<?xml version="1.0" encoding="UTF-8"?>
<robot generator="Robot 7.0 (Python 3.12.2 on linux)" generated="2024-03-25T10:14:58.138287" rpa="false" schemaversion="5">
<suite id="s1" name="Tests" source="/home/runner/work/DesafioQAItauRogerioJordao/DesafioQAItauRogerioJordao/RamdonUser/tests">
<suite id="s1-s1" name="Random-User-Test" source="/home/runner/work/DesafioQAItauRogerioJordao/DesafioQAItauRogerioJordao/RamdonUser/tests/random-user-test.robot">
<test id="s1-s1-t1" name="Conectar" line="13">
<kw name="Conectar API" owner="random-user-service">
<kw name="Create Session" owner="RequestsLibrary">
<msg time="2024-03-25T10:14:58.537458" level="INFO">Creating Session using : alias=consultarAPI, url=https://randomuser.me/, headers={},                     cookies={}, auth=None, timeout=None, proxies=None, verify=False,                     debug=0 </msg>
<arg>consultarAPI</arg>
<arg>${URL}</arg>
<doc>Create Session: create a HTTP session to a server</doc>
<status status="PASS" start="2024-03-25T10:14:58.537242" elapsed="0.000407"/>
</kw>
<status status="PASS" start="2024-03-25T10:14:58.536153" elapsed="0.001931"/>
</kw>
<status status="PASS" start="2024-03-25T10:14:58.535464" elapsed="0.002834"/>
</test>
<test id="s1-s1-t2" name="Validar retorno 200 e JSON Válido" line="16">
<kw name="Teste de Requisicao Basica" owner="random-user-service">
<kw name="GET On Session" owner="RequestsLibrary">
<msg time="2024-03-25T10:14:58.771546" level="INFO">GET Request : url=https://randomuser.me/api 
 path_url=/api 
 headers={'User-Agent': 'python-requests/2.31.0', 'Accept-Encoding': 'gzip, deflate', 'Accept': '*/*', 'Connection': 'keep-alive'} 
 body=None 
 </msg>
<msg time="2024-03-25T10:14:58.771714" level="INFO">GET Response : url=https://randomuser.me/api 
 status=200, reason=OK 
 headers={'Date': 'Mon, 25 Mar 2024 10:14:58 GMT', 'Content-Type': 'application/json; charset=utf-8', 'Transfer-Encoding': 'chunked', 'Connection': 'keep-alive', 'X-Powered-By': 'Express', 'Access-Control-Allow-Origin': '*', 'Cache-Control': 'no-cache', 'ETag': 'W/"492-YRYGyiIj4MCGhW2NwdtHVOrUqDA"', 'Vary': 'Accept-Encoding', 'Content-Encoding': 'gzip', 'CF-Cache-Status': 'DYNAMIC', 'Report-To': '{"endpoints":[{"url":"https:\\/\\/a.nel.cloudflare.com\\/report\\/v4?s=4APqMff5OeJI%2BNiV5jCfxTcGz5dtZjZAi68BcgWjW13R009e41jMHFrySaBmTYeIQ1edjrubjcek1v7EJ0NanCcNVbIKPZSeW0acW%2BuWcNyRzOk9N5BFJLhESIgeDGbE"}],"group":"cf-nel","max_age":604800}', 'NEL': '{"success_fraction":0,"report_to":"cf-nel","max_age":604800}', 'Server': 'cloudflare', 'CF-RAY': '869e23192fac5842-IAD', 'alt-svc': 'h3=":443"; ma=86400'} 
 body={"results":[{"gender":"male","name":{"title":"Mr","first":"Andrés","last":"Flores"},"location":{"street":{"number":4532,"name":"Calle de Segovia"},"city":"Pamplona","state":"Cataluña","country":"Spain","postcode":80483,"coordinates":{"latitude":"-35.5942","longitude":"-88.5895"},"timezone":{"offset":"+5:00","description":"Ekaterinburg, Islamabad, Karachi, Tashkent"}},"email":"andres.flores@example.com","login":{"uuid":"24b79a6c-98ff-40ed-be83-1d7772163484","username":"lazyduck179","password":"throat","salt":"KF77a32o","md5":"c0248f690db901c731dcd04a3cfeb95c","sha1":"b8627c19e074bd1e872a6b94c1bbe7496d994cce","sha256":"a09bb415c960dfc1affe4879244ef4f87cd39715004b329d1bc05a43fcfba82e"},"dob":{"date":"1991-12-01T16:42:35.250Z","age":32},"registered":{"date":"2011-12-28T08:07:51.783Z","age":12},"phone":"941-032-353","cell":"664-593-519","id":{"name":"DNI","value":"60381783-E"},"picture":{"large":"https://randomuser.me/api/portraits/men/47.jpg","medium":"https://randomuser.me/api/portraits/med/men/47.jpg","thumbnail":"https://randomuser.me/api/portraits/thumb/men/47.jpg"},"nat":"ES"}],"info":{"seed":"1ec61a990acbbaf4","results":1,"page":1,"version":"1.4"}} 
 </msg>
<msg time="2024-03-25T10:14:58.771844" level="INFO">/opt/hostedtoolcache/Python/3.12.2/x64/lib/python3.12/site-packages/urllib3/connectionpool.py:1103: InsecureRequestWarning: Unverified HTTPS request is being made to host 'randomuser.me'. Adding certificate verification is strongly advised. See: https://urllib3.readthedocs.io/en/latest/advanced-usage.html#tls-warnings
  warnings.warn(</msg>
<msg time="2024-03-25T10:14:58.772016" level="INFO">${response} = &lt;Response [200]&gt;</msg>
<var>${response}</var>
<arg>consultarAPI</arg>
<arg>/api</arg>
<doc>Sends a GET request on a previously created HTTP Session.</doc>
<status status="PASS" start="2024-03-25T10:14:58.540992" elapsed="0.231071"/>
</kw>
<kw name="Should Be Equal As Numbers" owner="BuiltIn">
<msg time="2024-03-25T10:14:58.773058" level="INFO">Argument types are:
&lt;class 'int'&gt;
&lt;class 'str'&gt;</msg>
<arg>${response.status_code}</arg>
<arg>200</arg>
<doc>Fails if objects are unequal after converting them to real numbers.</doc>
<status status="PASS" start="2024-03-25T10:14:58.772584" elapsed="0.000540"/>
</kw>
<kw name="Log" owner="BuiltIn">
<msg time="2024-03-25T10:14:58.773818" level="INFO">200</msg>
<arg>${response.status_code}</arg>
<doc>Logs the given message with the given level.</doc>
<status status="PASS" start="2024-03-25T10:14:58.773451" elapsed="0.000410"/>
</kw>
<kw name="Set Variable" owner="BuiltIn">
<msg time="2024-03-25T10:14:58.774709" level="INFO">${json_data} = {'results': [{'gender': 'male', 'name': {'title': 'Mr', 'first': 'Andrés', 'last': 'Flores'}, 'location': {'street': {'number': 4532, 'name': 'Calle de Segovia'}, 'city': 'Pamplona', 'state': 'Cataluñ...</msg>
<var>${json_data}</var>
<arg>${response.json()}</arg>
<doc>Returns the given values which can then be assigned to a variables.</doc>
<status status="PASS" start="2024-03-25T10:14:58.774244" elapsed="0.000494"/>
</kw>
<kw name="Dictionary Should Contain Key" owner="Collections">
<msg time="2024-03-25T10:14:58.775218" level="INFO">False</msg>
<arg>${json_data}</arg>
<arg>results</arg>
<doc>Fails if ``key`` is not found from ``dictionary``.</doc>
<status status="PASS" start="2024-03-25T10:14:58.775045" elapsed="0.000213"/>
</kw>
<status status="PASS" start="2024-03-25T10:14:58.540730" elapsed="0.234792"/>
</kw>
<doc>Testa se a API responde corretamente e retorna um objeto JSON válido.</doc>
<tag>testeRequisicaoBasica</tag>
<status status="PASS" start="2024-03-25T10:14:58.540194" elapsed="0.235523"/>
</test>
<test id="s1-s1-t3" name="Validar estrutura de resposta" line="22">
<kw name="Teste de Estrutura de Resposta" owner="random-user-service">
<kw name="GET On Session" owner="RequestsLibrary">
<msg time="2024-03-25T10:14:58.876662" level="INFO">GET Request : url=https://randomuser.me/api 
 path_url=/api 
 headers={'User-Agent': 'python-requests/2.31.0', 'Accept-Encoding': 'gzip, deflate', 'Accept': '*/*', 'Connection': 'keep-alive'} 
 body=None 
 </msg>
<msg time="2024-03-25T10:14:58.876777" level="INFO">GET Response : url=https://randomuser.me/api 
 status=200, reason=OK 
 headers={'Date': 'Mon, 25 Mar 2024 10:14:58 GMT', 'Content-Type': 'application/json; charset=utf-8', 'Transfer-Encoding': 'chunked', 'Connection': 'keep-alive', 'X-Powered-By': 'Express', 'Access-Control-Allow-Origin': '*', 'Cache-Control': 'no-cache', 'ETag': 'W/"49c-n+jwtrHpaXoeh63FAj8YDvmlDss"', 'Vary': 'Accept-Encoding', 'Content-Encoding': 'gzip', 'CF-Cache-Status': 'DYNAMIC', 'Report-To': '{"endpoints":[{"url":"https:\\/\\/a.nel.cloudflare.com\\/report\\/v4?s=lj2u3MQStN%2FO%2FsT1SGx10xUaOnJot0wAbGT%2F6gd2%2BfaqdqaQWY9Kj7nRuu%2BrerzmTYE3cLBrSu8QQ5uwLcxpCJc6ySg4kgkmyhg73vsftyiwjyOcpkukwhnGEn2g5x9L"}],"group":"cf-nel","max_age":604800}', 'NEL': '{"success_fraction":0,"report_to":"cf-nel","max_age":604800}', 'Server': 'cloudflare', 'CF-RAY': '869e23196fd05842-IAD', 'alt-svc': 'h3=":443"; ma=86400'} 
 body={"results":[{"gender":"male","name":{"title":"Mr","first":"Orlando","last":"Páez"},"location":{"street":{"number":8147,"name":"Andador Colima"},"city":"La Bufadora","state":"Yucatan","country":"Mexico","postcode":95195,"coordinates":{"latitude":"27.9226","longitude":"-142.2251"},"timezone":{"offset":"-6:00","description":"Central Time (US &amp; Canada), Mexico City"}},"email":"orlando.paez@example.com","login":{"uuid":"ca3d06ff-83dd-47cf-bdb9-2defd664d6f8","username":"sadmeercat227","password":"snowboard","salt":"FoZZDV87","md5":"b1730e10681f6e3832a2e5ab38effa80","sha1":"5927a8a0342bc496662731a17dd06860a68ea79b","sha256":"1c93cb7bea910dbe150500028fdc1e17c315ed45511c56f7c5f552cb77aa6540"},"dob":{"date":"1991-08-26T08:41:40.138Z","age":32},"registered":{"date":"2020-05-05T22:14:05.102Z","age":3},"phone":"(684) 428 3953","cell":"(688) 119 3297","id":{"name":"NSS","value":"82 73 96 7402 6"},"picture":{"large":"https://randomuser.me/api/portraits/men/97.jpg","medium":"https://randomuser.me/api/portraits/med/men/97.jpg","thumbnail":"https://randomuser.me/api/portraits/thumb/men/97.jpg"},"nat":"MX"}],"info":{"seed":"5de89daa85699c9f","results":1,"page":1,"version":"1.4"}} 
 </msg>
<msg time="2024-03-25T10:14:58.876928" level="INFO">/opt/hostedtoolcache/Python/3.12.2/x64/lib/python3.12/site-packages/urllib3/connectionpool.py:1103: InsecureRequestWarning: Unverified HTTPS request is being made to host 'randomuser.me'. Adding certificate verification is strongly advised. See: https://urllib3.readthedocs.io/en/latest/advanced-usage.html#tls-warnings
  warnings.warn(</msg>
<msg time="2024-03-25T10:14:58.877080" level="INFO">${response} = &lt;Response [200]&gt;</msg>
<var>${response}</var>
<arg>consultarAPI</arg>
<arg>/api</arg>
<doc>Sends a GET request on a previously created HTTP Session.</doc>
<status status="PASS" start="2024-03-25T10:14:58.778658" elapsed="0.098466"/>
</kw>
<kw name="Set Variable" owner="BuiltIn">
<msg time="2024-03-25T10:14:58.878210" level="INFO">${json_data} = {'results': [{'gender': 'male', 'name': {'title': 'Mr', 'first': 'Orlando', 'last': 'Páez'}, 'location': {'street': {'number': 8147, 'name': 'Andador Colima'}, 'city': 'La Bufadora', 'state': 'Yucatan...</msg>
<var>${json_data}</var>
<arg>${response.json()}</arg>
<doc>Returns the given values which can then be assigned to a variables.</doc>
<status status="PASS" start="2024-03-25T10:14:58.877633" elapsed="0.000607"/>
</kw>
<kw name="Log" owner="BuiltIn">
<msg time="2024-03-25T10:14:58.878725" level="INFO">{'results': [{'gender': 'male', 'name': {'title': 'Mr', 'first': 'Orlando', 'last': 'Páez'}, 'location': {'street': {'number': 8147, 'name': 'Andador Colima'}, 'city': 'La Bufadora', 'state': 'Yucatan', 'country': 'Mexico', 'postcode': 95195, 'coordinates': {'latitude': '27.9226', 'longitude': '-142.2251'}, 'timezone': {'offset': '-6:00', 'description': 'Central Time (US &amp; Canada), Mexico City'}}, 'email': 'orlando.paez@example.com', 'login': {'uuid': 'ca3d06ff-83dd-47cf-bdb9-2defd664d6f8', 'username': 'sadmeercat227', 'password': 'snowboard', 'salt': 'FoZZDV87', 'md5': 'b1730e10681f6e3832a2e5ab38effa80', 'sha1': '5927a8a0342bc496662731a17dd06860a68ea79b', 'sha256': '1c93cb7bea910dbe150500028fdc1e17c315ed45511c56f7c5f552cb77aa6540'}, 'dob': {'date': '1991-08-26T08:41:40.138Z', 'age': 32}, 'registered': {'date': '2020-05-05T22:14:05.102Z', 'age': 3}, 'phone': '(684) 428 3953', 'cell': '(688) 119 3297', 'id': {'name': 'NSS', 'value': '82 73 96 7402 6'}, 'picture': {'large': 'https://randomuser.me/api/portraits/men/97.jpg', 'medium': 'https://randomuser.me/api/portraits/med/men/97.jpg', 'thumbnail': 'https://randomuser.me/api/portraits/thumb/men/97.jpg'}, 'nat': 'MX'}], 'info': {'seed': '5de89daa85699c9f', 'results': 1, 'page': 1, 'version': '1.4'}}</msg>
<arg>${json_data}</arg>
<doc>Logs the given message with the given level.</doc>
<status status="PASS" start="2024-03-25T10:14:58.878557" elapsed="0.000219"/>
</kw>
<kw name="Dictionary Should Contain Key" owner="Collections">
<msg time="2024-03-25T10:14:58.879230" level="INFO">False</msg>
<arg>${json_data}</arg>
<arg>results</arg>
<doc>Fails if ``key`` is not found from ``dictionary``.</doc>
<status status="PASS" start="2024-03-25T10:14:58.879073" elapsed="0.000193"/>
</kw>
<kw name="Should Not Be Empty" owner="BuiltIn">
<msg time="2024-03-25T10:14:58.879693" level="INFO">Length is 2.</msg>
<arg>${json_data}</arg>
<doc>Verifies that the given item is not empty.</doc>
<status status="PASS" start="2024-03-25T10:14:58.879561" elapsed="0.000169"/>
</kw>
<kw name="Create List" owner="BuiltIn">
<msg time="2024-03-25T10:14:58.880171" level="INFO">${expected_keys} = ['gender', 'name', 'location', 'email', 'login']</msg>
<var>${expected_keys}</var>
<arg>gender</arg>
<arg>name</arg>
<arg>location</arg>
<arg>email</arg>
<arg>login</arg>
<doc>Returns a list containing given items.</doc>
<status status="PASS" start="2024-03-25T10:14:58.880022" elapsed="0.000173"/>
</kw>
<for flavor="IN">
<iter>
<kw name="Dictionary Should Contain Key" owner="Collections">
<msg time="2024-03-25T10:14:58.881183" level="INFO">False</msg>
<arg>${json_data['results'][0]}</arg>
<arg>${key}</arg>
<doc>Fails if ``key`` is not found from ``dictionary``.</doc>
<status status="PASS" start="2024-03-25T10:14:58.880787" elapsed="0.000435"/>
</kw>
<kw name="Log" owner="BuiltIn">
<msg time="2024-03-25T10:14:58.881930" level="INFO">{'gender': 'male', 'name': {'title': 'Mr', 'first': 'Orlando', 'last': 'Páez'}, 'location': {'street': {'number': 8147, 'name': 'Andador Colima'}, 'city': 'La Bufadora', 'state': 'Yucatan', 'country': 'Mexico', 'postcode': 95195, 'coordinates': {'latitude': '27.9226', 'longitude': '-142.2251'}, 'timezone': {'offset': '-6:00', 'description': 'Central Time (US &amp; Canada), Mexico City'}}, 'email': 'orlando.paez@example.com', 'login': {'uuid': 'ca3d06ff-83dd-47cf-bdb9-2defd664d6f8', 'username': 'sadmeercat227', 'password': 'snowboard', 'salt': 'FoZZDV87', 'md5': 'b1730e10681f6e3832a2e5ab38effa80', 'sha1': '5927a8a0342bc496662731a17dd06860a68ea79b', 'sha256': '1c93cb7bea910dbe150500028fdc1e17c315ed45511c56f7c5f552cb77aa6540'}, 'dob': {'date': '1991-08-26T08:41:40.138Z', 'age': 32}, 'registered': {'date': '2020-05-05T22:14:05.102Z', 'age': 3}, 'phone': '(684) 428 3953', 'cell': '(688) 119 3297', 'id': {'name': 'NSS', 'value': '82 73 96 7402 6'}, 'picture': {'large': 'https://randomuser.me/api/portraits/men/97.jpg', 'medium': 'https://randomuser.me/api/portraits/med/men/97.jpg', 'thumbnail': 'https://randomuser.me/api/portraits/thumb/men/97.jpg'}, 'nat': 'MX'}</msg>
<arg>${json_data['results'][0]}</arg>
<doc>Logs the given message with the given level.</doc>
<status status="PASS" start="2024-03-25T10:14:58.881534" elapsed="0.000456"/>
</kw>
<kw name="Log" owner="BuiltIn">
<msg time="2024-03-25T10:14:58.882437" level="INFO">gender</msg>
<arg>${key}</arg>
<doc>Logs the given message with the given level.</doc>
<status status="PASS" start="2024-03-25T10:14:58.882306" elapsed="0.000169"/>
</kw>
<var name="${key}">gender</var>
<status status="PASS" start="2024-03-25T10:14:58.880663" elapsed="0.002035"/>
</iter>
<iter>
<kw name="Dictionary Should Contain Key" owner="Collections">
<msg time="2024-03-25T10:14:58.883389" level="INFO">False</msg>
<arg>${json_data['results'][0]}</arg>
<arg>${key}</arg>
<doc>Fails if ``key`` is not found from ``dictionary``.</doc>
<status status="PASS" start="2024-03-25T10:14:58.883004" elapsed="0.000422"/>
</kw>
<kw name="Log" owner="BuiltIn">
<msg time="2024-03-25T10:14:58.884128" level="INFO">{'gender': 'male', 'name': {'title': 'Mr', 'first': 'Orlando', 'last': 'Páez'}, 'location': {'street': {'number': 8147, 'name': 'Andador Colima'}, 'city': 'La Bufadora', 'state': 'Yucatan', 'country': 'Mexico', 'postcode': 95195, 'coordinates': {'latitude': '27.9226', 'longitude': '-142.2251'}, 'timezone': {'offset': '-6:00', 'description': 'Central Time (US &amp; Canada), Mexico City'}}, 'email': 'orlando.paez@example.com', 'login': {'uuid': 'ca3d06ff-83dd-47cf-bdb9-2defd664d6f8', 'username': 'sadmeercat227', 'password': 'snowboard', 'salt': 'FoZZDV87', 'md5': 'b1730e10681f6e3832a2e5ab38effa80', 'sha1': '5927a8a0342bc496662731a17dd06860a68ea79b', 'sha256': '1c93cb7bea910dbe150500028fdc1e17c315ed45511c56f7c5f552cb77aa6540'}, 'dob': {'date': '1991-08-26T08:41:40.138Z', 'age': 32}, 'registered': {'date': '2020-05-05T22:14:05.102Z', 'age': 3}, 'phone': '(684) 428 3953', 'cell': '(688) 119 3297', 'id': {'name': 'NSS', 'value': '82 73 96 7402 6'}, 'picture': {'large': 'https://randomuser.me/api/portraits/men/97.jpg', 'medium': 'https://randomuser.me/api/portraits/med/men/97.jpg', 'thumbnail': 'https://randomuser.me/api/portraits/thumb/men/97.jpg'}, 'nat': 'MX'}</msg>
<arg>${json_data['results'][0]}</arg>
<doc>Logs the given message with the given level.</doc>
<status status="PASS" start="2024-03-25T10:14:58.883758" elapsed="0.000422"/>
</kw>
<kw name="Log" owner="BuiltIn">
<msg time="2024-03-25T10:14:58.884608" level="INFO">name</msg>
<arg>${key}</arg>
<doc>Logs the given message with the given level.</doc>
<status status="PASS" start="2024-03-25T10:14:58.884481" elapsed="0.000164"/>
</kw>
<var name="${key}">name</var>
<status status="PASS" start="2024-03-25T10:14:58.882888" elapsed="0.001974"/>
</iter>
<iter>
<kw name="Dictionary Should Contain Key" owner="Collections">
<msg time="2024-03-25T10:14:58.885530" level="INFO">False</msg>
<arg>${json_data['results'][0]}</arg>
<arg>${key}</arg>
<doc>Fails if ``key`` is not found from ``dictionary``.</doc>
<status status="PASS" start="2024-03-25T10:14:58.885154" elapsed="0.000413"/>
</kw>
<kw name="Log" owner="BuiltIn">
<msg time="2024-03-25T10:14:58.886257" level="INFO">{'gender': 'male', 'name': {'title': 'Mr', 'first': 'Orlando', 'last': 'Páez'}, 'location': {'street': {'number': 8147, 'name': 'Andador Colima'}, 'city': 'La Bufadora', 'state': 'Yucatan', 'country': 'Mexico', 'postcode': 95195, 'coordinates': {'latitude': '27.9226', 'longitude': '-142.2251'}, 'timezone': {'offset': '-6:00', 'description': 'Central Time (US &amp; Canada), Mexico City'}}, 'email': 'orlando.paez@example.com', 'login': {'uuid': 'ca3d06ff-83dd-47cf-bdb9-2defd664d6f8', 'username': 'sadmeercat227', 'password': 'snowboard', 'salt': 'FoZZDV87', 'md5': 'b1730e10681f6e3832a2e5ab38effa80', 'sha1': '5927a8a0342bc496662731a17dd06860a68ea79b', 'sha256': '1c93cb7bea910dbe150500028fdc1e17c315ed45511c56f7c5f552cb77aa6540'}, 'dob': {'date': '1991-08-26T08:41:40.138Z', 'age': 32}, 'registered': {'date': '2020-05-05T22:14:05.102Z', 'age': 3}, 'phone': '(684) 428 3953', 'cell': '(688) 119 3297', 'id': {'name': 'NSS', 'value': '82 73 96 7402 6'}, 'picture': {'large': 'https://randomuser.me/api/portraits/men/97.jpg', 'medium': 'https://randomuser.me/api/portraits/med/men/97.jpg', 'thumbnail': 'https://randomuser.me/api/portraits/thumb/men/97.jpg'}, 'nat': 'MX'}</msg>
<arg>${json_data['results'][0]}</arg>
<doc>Logs the given message with the given level.</doc>
<status status="PASS" start="2024-03-25T10:14:58.885869" elapsed="0.000444"/>
</kw>
<kw name="Log" owner="BuiltIn">
<msg time="2024-03-25T10:14:58.886740" level="INFO">location</msg>
<arg>${key}</arg>
<doc>Logs the given message with the given level.</doc>
<status status="PASS" start="2024-03-25T10:14:58.886613" elapsed="0.000165"/>
</kw>
<var name="${key}">location</var>
<status status="PASS" start="2024-03-25T10:14:58.885043" elapsed="0.001947"/>
</iter>
<iter>
<kw name="Dictionary Should Contain Key" owner="Collections">
<msg time="2024-03-25T10:14:58.887656" level="INFO">False</msg>
<arg>${json_data['results'][0]}</arg>
<arg>${key}</arg>
<doc>Fails if ``key`` is not found from ``dictionary``.</doc>
<status status="PASS" start="2024-03-25T10:14:58.887275" elapsed="0.000418"/>
</kw>
<kw name="Log" owner="BuiltIn">
<msg time="2024-03-25T10:14:58.888348" level="INFO">{'gender': 'male', 'name': {'title': 'Mr', 'first': 'Orlando', 'last': 'Páez'}, 'location': {'street': {'number': 8147, 'name': 'Andador Colima'}, 'city': 'La Bufadora', 'state': 'Yucatan', 'country': 'Mexico', 'postcode': 95195, 'coordinates': {'latitude': '27.9226', 'longitude': '-142.2251'}, 'timezone': {'offset': '-6:00', 'description': 'Central Time (US &amp; Canada), Mexico City'}}, 'email': 'orlando.paez@example.com', 'login': {'uuid': 'ca3d06ff-83dd-47cf-bdb9-2defd664d6f8', 'username': 'sadmeercat227', 'password': 'snowboard', 'salt': 'FoZZDV87', 'md5': 'b1730e10681f6e3832a2e5ab38effa80', 'sha1': '5927a8a0342bc496662731a17dd06860a68ea79b', 'sha256': '1c93cb7bea910dbe150500028fdc1e17c315ed45511c56f7c5f552cb77aa6540'}, 'dob': {'date': '1991-08-26T08:41:40.138Z', 'age': 32}, 'registered': {'date': '2020-05-05T22:14:05.102Z', 'age': 3}, 'phone': '(684) 428 3953', 'cell': '(688) 119 3297', 'id': {'name': 'NSS', 'value': '82 73 96 7402 6'}, 'picture': {'large': 'https://randomuser.me/api/portraits/men/97.jpg', 'medium': 'https://randomuser.me/api/portraits/med/men/97.jpg', 'thumbnail': 'https://randomuser.me/api/portraits/thumb/men/97.jpg'}, 'nat': 'MX'}</msg>
<arg>${json_data['results'][0]}</arg>
<doc>Logs the given message with the given level.</doc>
<status status="PASS" start="2024-03-25T10:14:58.887990" elapsed="0.000408"/>
</kw>
<kw name="Log" owner="BuiltIn">
<msg time="2024-03-25T10:14:58.888817" level="INFO">email</msg>
<arg>${key}</arg>
<doc>Logs the given message with the given level.</doc>
<status status="PASS" start="2024-03-25T10:14:58.888692" elapsed="0.000164"/>
</kw>
<var name="${key}">email</var>
<status status="PASS" start="2024-03-25T10:14:58.887163" elapsed="0.001909"/>
</iter>
<iter>
<kw name="Dictionary Should Contain Key" owner="Collections">
<msg time="2024-03-25T10:14:58.889751" level="INFO">False</msg>
<arg>${json_data['results'][0]}</arg>
<arg>${key}</arg>
<doc>Fails if ``key`` is not found from ``dictionary``.</doc>
<status status="PASS" start="2024-03-25T10:14:58.889357" elapsed="0.000432"/>
</kw>
<kw name="Log" owner="BuiltIn">
<msg time="2024-03-25T10:14:58.890465" level="INFO">{'gender': 'male', 'name': {'title': 'Mr', 'first': 'Orlando', 'last': 'Páez'}, 'location': {'street': {'number': 8147, 'name': 'Andador Colima'}, 'city': 'La Bufadora', 'state': 'Yucatan', 'country': 'Mexico', 'postcode': 95195, 'coordinates': {'latitude': '27.9226', 'longitude': '-142.2251'}, 'timezone': {'offset': '-6:00', 'description': 'Central Time (US &amp; Canada), Mexico City'}}, 'email': 'orlando.paez@example.com', 'login': {'uuid': 'ca3d06ff-83dd-47cf-bdb9-2defd664d6f8', 'username': 'sadmeercat227', 'password': 'snowboard', 'salt': 'FoZZDV87', 'md5': 'b1730e10681f6e3832a2e5ab38effa80', 'sha1': '5927a8a0342bc496662731a17dd06860a68ea79b', 'sha256': '1c93cb7bea910dbe150500028fdc1e17c315ed45511c56f7c5f552cb77aa6540'}, 'dob': {'date': '1991-08-26T08:41:40.138Z', 'age': 32}, 'registered': {'date': '2020-05-05T22:14:05.102Z', 'age': 3}, 'phone': '(684) 428 3953', 'cell': '(688) 119 3297', 'id': {'name': 'NSS', 'value': '82 73 96 7402 6'}, 'picture': {'large': 'https://randomuser.me/api/portraits/men/97.jpg', 'medium': 'https://randomuser.me/api/portraits/med/men/97.jpg', 'thumbnail': 'https://randomuser.me/api/portraits/thumb/men/97.jpg'}, 'nat': 'MX'}</msg>
<arg>${json_data['results'][0]}</arg>
<doc>Logs the given message with the given level.</doc>
<status status="PASS" start="2024-03-25T10:14:58.890110" elapsed="0.000405"/>
</kw>
<kw name="Log" owner="BuiltIn">
<msg time="2024-03-25T10:14:58.890939" level="INFO">login</msg>
<arg>${key}</arg>
<doc>Logs the given message with the given level.</doc>
<status status="PASS" start="2024-03-25T10:14:58.890809" elapsed="0.000274"/>
</kw>
<var name="${key}">login</var>
<status status="PASS" start="2024-03-25T10:14:58.889242" elapsed="0.002094"/>
</iter>
<var>${key}</var>
<value>@{expected_keys}</value>
<status status="PASS" start="2024-03-25T10:14:58.880470" elapsed="0.010995"/>
</for>
<kw name="Create List" owner="BuiltIn">
<msg time="2024-03-25T10:14:58.891797" level="INFO">${expected_keysTwo} = ['username', 'password']</msg>
<var>${expected_keysTwo}</var>
<arg>username</arg>
<arg>password</arg>
<doc>Returns a list containing given items.</doc>
<status status="PASS" start="2024-03-25T10:14:58.891659" elapsed="0.000161"/>
</kw>
<for flavor="IN">
<iter>
<kw name="Dictionary Should Contain Key" owner="Collections">
<msg time="2024-03-25T10:14:58.892717" level="INFO">False</msg>
<arg>${json_data['results'][0]['login']}</arg>
<arg>${keyTwo}</arg>
<doc>Fails if ``key`` is not found from ``dictionary``.</doc>
<status status="PASS" start="2024-03-25T10:14:58.892328" elapsed="0.000426"/>
</kw>
<kw name="Dictionary Should Contain Key" owner="Collections">
<msg time="2024-03-25T10:14:58.893433" level="INFO">False</msg>
<arg>${json_data['results'][0]['login']}</arg>
<arg>${keyTwo}</arg>
<doc>Fails if ``key`` is not found from ``dictionary``.</doc>
<status status="PASS" start="2024-03-25T10:14:58.893050" elapsed="0.000420"/>
</kw>
<kw name="Log" owner="BuiltIn">
<msg time="2024-03-25T10:14:58.893890" level="INFO">username</msg>
<arg>${keyTwo}</arg>
<doc>Logs the given message with the given level.</doc>
<status status="PASS" start="2024-03-25T10:14:58.893762" elapsed="0.000187"/>
</kw>
<var name="${keyTwo}">username</var>
<status status="PASS" start="2024-03-25T10:14:58.892215" elapsed="0.001953"/>
</iter>
<iter>
<kw name="Dictionary Should Contain Key" owner="Collections">
<msg time="2024-03-25T10:14:58.894825" level="INFO">False</msg>
<arg>${json_data['results'][0]['login']}</arg>
<arg>${keyTwo}</arg>
<doc>Fails if ``key`` is not found from ``dictionary``.</doc>
<status status="PASS" start="2024-03-25T10:14:58.894449" elapsed="0.000414"/>
</kw>
<kw name="Dictionary Should Contain Key" owner="Collections">
<msg time="2024-03-25T10:14:58.895533" level="INFO">False</msg>
<arg>${json_data['results'][0]['login']}</arg>
<arg>${keyTwo}</arg>
<doc>Fails if ``key`` is not found from ``dictionary``.</doc>
<status status="PASS" start="2024-03-25T10:14:58.895153" elapsed="0.000417"/>
</kw>
<kw name="Log" owner="BuiltIn">
<msg time="2024-03-25T10:14:58.895993" level="INFO">password</msg>
<arg>${keyTwo}</arg>
<doc>Logs the given message with the given level.</doc>
<status status="PASS" start="2024-03-25T10:14:58.895863" elapsed="0.000168"/>
</kw>
<var name="${keyTwo}">password</var>
<status status="PASS" start="2024-03-25T10:14:58.894339" elapsed="0.001917"/>
</iter>
<var>${keyTwo}</var>
<value>@{expected_keysTwo}</value>
<status status="PASS" start="2024-03-25T10:14:58.892063" elapsed="0.004315"/>
</for>
<status status="PASS" start="2024-03-25T10:14:58.778413" elapsed="0.118108"/>
</kw>
<doc>Testa a estrutura da resposta da API.</doc>
<tag>testeEstruturaResposta</tag>
<status status="PASS" start="2024-03-25T10:14:58.777586" elapsed="0.119098"/>
</test>
<test id="s1-s1-t4" name="Validar tipos de dados" line="28">
<kw name="Teste de Tipos de Dados" owner="random-user-service">
<kw name="GET On Session" owner="RequestsLibrary">
<msg time="2024-03-25T10:14:58.976393" level="INFO">GET Request : url=https://randomuser.me/api 
 path_url=/api 
 headers={'User-Agent': 'python-requests/2.31.0', 'Accept-Encoding': 'gzip, deflate', 'Accept': '*/*', 'Connection': 'keep-alive'} 
 body=None 
 </msg>
<msg time="2024-03-25T10:14:58.976509" level="INFO">GET Response : url=https://randomuser.me/api 
 status=200, reason=OK 
 headers={'Date': 'Mon, 25 Mar 2024 10:14:58 GMT', 'Content-Type': 'application/json; charset=utf-8', 'Transfer-Encoding': 'chunked', 'Connection': 'keep-alive', 'X-Powered-By': 'Express', 'Access-Control-Allow-Origin': '*', 'Cache-Control': 'no-cache', 'ETag': 'W/"491-xfoyIRJbLKUCGyFpfeRubUN2Ack"', 'Vary': 'Accept-Encoding', 'Content-Encoding': 'gzip', 'CF-Cache-Status': 'DYNAMIC', 'Report-To': '{"endpoints":[{"url":"https:\\/\\/a.nel.cloudflare.com\\/report\\/v4?s=DLerghBEyuEGI73RbalgesZsLJziFK%2Biss2%2FQiwBDmMm76FfOyLj2iWjlloNOmH2G%2BIGb%2F5INrjhQF9%2FyRGUBbsgnqeloffQBvnuzO934rwA63MI%2B7kDV9Yh%2F4HHsWQS"}],"group":"cf-nel","max_age":604800}', 'NEL': '{"success_fraction":0,"report_to":"cf-nel","max_age":604800}', 'Server': 'cloudflare', 'CF-RAY': '869e231a28475842-IAD', 'alt-svc': 'h3=":443"; ma=86400'} 
 body={"results":[{"gender":"male","name":{"title":"Mr","first":"پوریا","last":"حسینی"},"location":{"street":{"number":9818,"name":"میدان 7 تیر"},"city":"زاهدان","state":"خوزستان","country":"Iran","postcode":85593,"coordinates":{"latitude":"16.6696","longitude":"-29.9518"},"timezone":{"offset":"+1:00","description":"Brussels, Copenhagen, Madrid, Paris"}},"email":"pwry.hsyny@example.com","login":{"uuid":"f17fa75d-dbd4-4add-854a-e5f45ba107f6","username":"brownmouse895","password":"edgar","salt":"YRZrO12V","md5":"42ec28248dff5edbc057a5687cbf88ca","sha1":"ee354a117077b34beab845e2e3613a0489ea33dd","sha256":"56a5085e0a6f72c5cd596b3f5a3e888181732ac8840d8a7c63b76cd9070fe55f"},"dob":{"date":"1963-04-02T12:58:55.838Z","age":60},"registered":{"date":"2022-04-13T05:38:44.135Z","age":1},"phone":"037-61049367","cell":"0911-896-0149","id":{"name":"","value":null},"picture":{"large":"https://randomuser.me/api/portraits/men/28.jpg","medium":"https://randomuser.me/api/portraits/med/men/28.jpg","thumbnail":"https://randomuser.me/api/portraits/thumb/men/28.jpg"},"nat":"IR"}],"info":{"seed":"367086e11c286f73","results":1,"page":1,"version":"1.4"}} 
 </msg>
<msg time="2024-03-25T10:14:58.976600" level="INFO">/opt/hostedtoolcache/Python/3.12.2/x64/lib/python3.12/site-packages/urllib3/connectionpool.py:1103: InsecureRequestWarning: Unverified HTTPS request is being made to host 'randomuser.me'. Adding certificate verification is strongly advised. See: https://urllib3.readthedocs.io/en/latest/advanced-usage.html#tls-warnings
  warnings.warn(</msg>
<msg time="2024-03-25T10:14:58.976761" level="INFO">${response} = &lt;Response [200]&gt;</msg>
<var>${response}</var>
<arg>consultarAPI</arg>
<arg>/api</arg>
<doc>Sends a GET request on a previously created HTTP Session.</doc>
<status status="PASS" start="2024-03-25T10:14:58.899376" elapsed="0.077437"/>
</kw>
<kw name="Set Variable" owner="BuiltIn">
<msg time="2024-03-25T10:14:58.977895" level="INFO">${json_data} = {'results': [{'gender': 'male', 'name': {'title': 'Mr', 'first': 'پوریا', 'last': 'حسینی'}, 'location': {'street': {'number': 9818, 'name': 'میدان 7 تیر'}, 'city': 'زاهدان', 'state': 'خوزستان', 'count...</msg>
<var>${json_data}</var>
<arg>${response.json()}</arg>
<doc>Returns the given values which can then be assigned to a variables.</doc>
<status status="PASS" start="2024-03-25T10:14:58.977351" elapsed="0.000608"/>
</kw>
<kw name="Log" owner="BuiltIn">
<msg time="2024-03-25T10:14:58.978457" level="INFO">{'results': [{'gender': 'male', 'name': {'title': 'Mr', 'first': 'پوریا', 'last': 'حسینی'}, 'location': {'street': {'number': 9818, 'name': 'میدان 7 تیر'}, 'city': 'زاهدان', 'state': 'خوزستان', 'country': 'Iran', 'postcode': 85593, 'coordinates': {'latitude': '16.6696', 'longitude': '-29.9518'}, 'timezone': {'offset': '+1:00', 'description': 'Brussels, Copenhagen, Madrid, Paris'}}, 'email': 'pwry.hsyny@example.com', 'login': {'uuid': 'f17fa75d-dbd4-4add-854a-e5f45ba107f6', 'username': 'brownmouse895', 'password': 'edgar', 'salt': 'YRZrO12V', 'md5': '42ec28248dff5edbc057a5687cbf88ca', 'sha1': 'ee354a117077b34beab845e2e3613a0489ea33dd', 'sha256': '56a5085e0a6f72c5cd596b3f5a3e888181732ac8840d8a7c63b76cd9070fe55f'}, 'dob': {'date': '1963-04-02T12:58:55.838Z', 'age': 60}, 'registered': {'date': '2022-04-13T05:38:44.135Z', 'age': 1}, 'phone': '037-61049367', 'cell': '0911-896-0149', 'id': {'name': '', 'value': None}, 'picture': {'large': 'https://randomuser.me/api/portraits/men/28.jpg', 'medium': 'https://randomuser.me/api/portraits/med/men/28.jpg', 'thumbnail': 'https://randomuser.me/api/portraits/thumb/men/28.jpg'}, 'nat': 'IR'}], 'info': {'seed': '367086e11c286f73', 'results': 1, 'page': 1, 'version': '1.4'}}</msg>
<arg>${json_data}</arg>
<doc>Logs the given message with the given level.</doc>
<status status="PASS" start="2024-03-25T10:14:58.978290" elapsed="0.000257"/>
</kw>
<kw name="Should Be String" owner="String">
<arg>${json_data['results'][0]['gender']}</arg>
<doc>Fails if the given ``item`` is not a string.</doc>
<status status="PASS" start="2024-03-25T10:14:58.978859" elapsed="0.000379"/>
</kw>
<kw name="Should Match Regexp" owner="BuiltIn">
<arg>${json_data['results'][0]['email']}</arg>
<arg>^[a-zA-Z0-9._%+-]+@[a-zA-Z0-9.-]+\.[a-zA-Z]{2,}$</arg>
<doc>Fails if ``string`` does not match ``pattern`` as a regular expression.</doc>
<status status="PASS" start="2024-03-25T10:14:58.979440" elapsed="0.000527"/>
</kw>
<kw name="Should Match Regexp" owner="BuiltIn">
<arg>${json_data['results'][0]['dob']['date']}</arg>
<arg>\\d{4}-\\d{2}-\\d{2}T\\d{2}:\\d{2}:\\d{2}\\.\\d{3}Z</arg>
<doc>Fails if ``string`` does not match ``pattern`` as a regular expression.</doc>
<status status="PASS" start="2024-03-25T10:14:58.980170" elapsed="0.000500"/>
</kw>
<kw name="Should Match Regexp" owner="BuiltIn">
<arg>${json_data['results'][0]['registered']['date']}</arg>
<arg>\\d{4}-\\d{2}-\\d{2}T\\d{2}:\\d{2}:\\d{2}\\.\\d{3}Z</arg>
<doc>Fails if ``string`` does not match ``pattern`` as a regular expression.</doc>
<status status="PASS" start="2024-03-25T10:14:58.980875" elapsed="0.000371"/>
</kw>
<kw name="Should Match Regexp" owner="BuiltIn">
<arg>${json_data['results'][0]['picture']['large']}</arg>
<arg>^https?://.*\.(?:png|jpe?g|gif|bmp)$</arg>
<doc>Fails if ``string`` does not match ``pattern`` as a regular expression.</doc>
<status status="PASS" start="2024-03-25T10:14:58.981438" elapsed="0.000502"/>
</kw>
<kw name="Should Match Regexp" owner="BuiltIn">
<arg>${json_data['results'][0]['picture']['medium']}</arg>
<arg>^https?://.*\.(?:png|jpe?g|gif|bmp)$</arg>
<doc>Fails if ``string`` does not match ``pattern`` as a regular expression.</doc>
<status status="PASS" start="2024-03-25T10:14:58.982147" elapsed="0.000365"/>
</kw>
<kw name="Should Match Regexp" owner="BuiltIn">
<arg>${json_data['results'][0]['picture']['thumbnail']}</arg>
<arg>^https?://.*\.(?:png|jpe?g|gif|bmp)$</arg>
<doc>Fails if ``string`` does not match ``pattern`` as a regular expression.</doc>
<status status="PASS" start="2024-03-25T10:14:58.982700" elapsed="0.000362"/>
</kw>
<kw name="Log" owner="BuiltIn">
<msg time="2024-03-25T10:14:58.983568" level="INFO">{'large': 'https://randomuser.me/api/portraits/men/28.jpg', 'medium': 'https://randomuser.me/api/portraits/med/men/28.jpg', 'thumbnail': 'https://randomuser.me/api/portraits/thumb/men/28.jpg'}</msg>
<arg>${json_data['results'][0]['picture']}</arg>
<doc>Logs the given message with the given level.</doc>
<status status="PASS" start="2024-03-25T10:14:58.983243" elapsed="0.000371"/>
</kw>
<status status="PASS" start="2024-03-25T10:14:58.899139" elapsed="0.084765"/>
</kw>
<kw name="Teste de Tipos de Dados - Postcode" owner="random-user-service">
<kw name="GET On Session" owner="RequestsLibrary">
<msg time="2024-03-25T10:14:59.072713" level="INFO">GET Request : url=https://randomuser.me/api 
 path_url=/api 
 headers={'User-Agent': 'python-requests/2.31.0', 'Accept-Encoding': 'gzip, deflate', 'Accept': '*/*', 'Connection': 'keep-alive'} 
 body=None 
 </msg>
<msg time="2024-03-25T10:14:59.072856" level="INFO">GET Response : url=https://randomuser.me/api 
 status=200, reason=OK 
 headers={'Date': 'Mon, 25 Mar 2024 10:14:59 GMT', 'Content-Type': 'application/json; charset=utf-8', 'Transfer-Encoding': 'chunked', 'Connection': 'keep-alive', 'X-Powered-By': 'Express', 'Access-Control-Allow-Origin': '*', 'Cache-Control': 'no-cache', 'ETag': 'W/"48e-vbwKCDNsGbkHuu8zwSOmMjHnvU4"', 'Vary': 'Accept-Encoding', 'Content-Encoding': 'gzip', 'CF-Cache-Status': 'DYNAMIC', 'Report-To': '{"endpoints":[{"url":"https:\\/\\/a.nel.cloudflare.com\\/report\\/v4?s=vCd9ej04%2F5SM94%2BhV8po2zcTy0UBCFiEdQIcCsemKKFBWcRRa%2FUjQgRSqGV9ESuRWwI4Jp4tGbC2mEa6ehBD8EwjwEicUw5kI3Wy91gBE%2Ba2JLWYJc9dwrBKYubZNmkl"}],"group":"cf-nel","max_age":604800}', 'NEL': '{"success_fraction":0,"report_to":"cf-nel","max_age":604800}', 'Server': 'cloudflare', 'CF-RAY': '869e231aa8965842-IAD', 'alt-svc': 'h3=":443"; ma=86400'} 
 body={"results":[{"gender":"male","name":{"title":"Mr","first":"Jaxon","last":"Martin"},"location":{"street":{"number":6253,"name":"Nelson Street"},"city":"Lower Hutt","state":"Otago","country":"New Zealand","postcode":74286,"coordinates":{"latitude":"47.3770","longitude":"-144.4434"},"timezone":{"offset":"+5:00","description":"Ekaterinburg, Islamabad, Karachi, Tashkent"}},"email":"jaxon.martin@example.com","login":{"uuid":"88aa969b-71cc-4399-a47d-6ac3f246c139","username":"heavysnake456","password":"dolphin1","salt":"CfVXlLMO","md5":"bc0a2943096bfae1fcf5762fed8b29b3","sha1":"a79ab49152337029b32afba8d6617d499f3c62bb","sha256":"ada4d063754b51441e55bbc019e56727c4bef8e36249dd6d672fafda05145579"},"dob":{"date":"1980-05-30T02:17:27.615Z","age":43},"registered":{"date":"2018-03-19T23:11:33.521Z","age":6},"phone":"(912)-371-2643","cell":"(338)-656-1598","id":{"name":"","value":null},"picture":{"large":"https://randomuser.me/api/portraits/men/19.jpg","medium":"https://randomuser.me/api/portraits/med/men/19.jpg","thumbnail":"https://randomuser.me/api/portraits/thumb/men/19.jpg"},"nat":"NZ"}],"info":{"seed":"580241f23f363147","results":1,"page":1,"version":"1.4"}} 
 </msg>
<msg time="2024-03-25T10:14:59.072991" level="INFO">/opt/hostedtoolcache/Python/3.12.2/x64/lib/python3.12/site-packages/urllib3/connectionpool.py:1103: InsecureRequestWarning: Unverified HTTPS request is being made to host 'randomuser.me'. Adding certificate verification is strongly advised. See: https://urllib3.readthedocs.io/en/latest/advanced-usage.html#tls-warnings
  warnings.warn(</msg>
<msg time="2024-03-25T10:14:59.073173" level="INFO">${response} = &lt;Response [200]&gt;</msg>
<var>${response}</var>
<arg>consultarAPI</arg>
<arg>/api</arg>
<doc>Sends a GET request on a previously created HTTP Session.</doc>
<status status="PASS" start="2024-03-25T10:14:58.984765" elapsed="0.088455"/>
</kw>
<kw name="Set Variable" owner="BuiltIn">
<msg time="2024-03-25T10:14:59.074722" level="INFO">${json_data} = {'results': [{'gender': 'male', 'name': {'title': 'Mr', 'first': 'Jaxon', 'last': 'Martin'}, 'location': {'street': {'number': 6253, 'name': 'Nelson Street'}, 'city': 'Lower Hutt', 'state': 'Otago', '...</msg>
<var>${json_data}</var>
<arg>${response.json()}</arg>
<doc>Returns the given values which can then be assigned to a variables.</doc>
<status status="PASS" start="2024-03-25T10:14:59.073961" elapsed="0.000801"/>
</kw>
<kw name="Log" owner="BuiltIn">
<msg time="2024-03-25T10:14:59.075440" level="INFO">{'results': [{'gender': 'male', 'name': {'title': 'Mr', 'first': 'Jaxon', 'last': 'Martin'}, 'location': {'street': {'number': 6253, 'name': 'Nelson Street'}, 'city': 'Lower Hutt', 'state': 'Otago', 'country': 'New Zealand', 'postcode': 74286, 'coordinates': {'latitude': '47.3770', 'longitude': '-144.4434'}, 'timezone': {'offset': '+5:00', 'description': 'Ekaterinburg, Islamabad, Karachi, Tashkent'}}, 'email': 'jaxon.martin@example.com', 'login': {'uuid': '88aa969b-71cc-4399-a47d-6ac3f246c139', 'username': 'heavysnake456', 'password': 'dolphin1', 'salt': 'CfVXlLMO', 'md5': 'bc0a2943096bfae1fcf5762fed8b29b3', 'sha1': 'a79ab49152337029b32afba8d6617d499f3c62bb', 'sha256': 'ada4d063754b51441e55bbc019e56727c4bef8e36249dd6d672fafda05145579'}, 'dob': {'date': '1980-05-30T02:17:27.615Z', 'age': 43}, 'registered': {'date': '2018-03-19T23:11:33.521Z', 'age': 6}, 'phone': '(912)-371-2643', 'cell': '(338)-656-1598', 'id': {'name': '', 'value': None}, 'picture': {'large': 'https://randomuser.me/api/portraits/men/19.jpg', 'medium': 'https://randomuser.me/api/portraits/med/men/19.jpg', 'thumbnail': 'https://randomuser.me/api/portraits/thumb/men/19.jpg'}, 'nat': 'NZ'}], 'info': {'seed': '580241f23f363147', 'results': 1, 'page': 1, 'version': '1.4'}}</msg>
<arg>${json_data}</arg>
<doc>Logs the given message with the given level.</doc>
<status status="PASS" start="2024-03-25T10:14:59.075205" elapsed="0.000354"/>
</kw>
<kw name="Should Be Equal As Numbers" owner="BuiltIn">
<arg>${json_data['results'][0]['location']['postcode']}</arg>
<arg>${json_data['results'][0]['location']['postcode']}</arg>
<doc>Fails if objects are unequal after converting them to real numbers.</doc>
<status status="PASS" start="2024-03-25T10:14:59.075999" elapsed="0.000994"/>
</kw>
<kw name="Log" owner="BuiltIn">
<msg time="2024-03-25T10:14:59.077870" level="INFO">74286</msg>
<arg>${json_data['results'][0]['location']['postcode']}</arg>
<doc>Logs the given message with the given level.</doc>
<status status="PASS" start="2024-03-25T10:14:59.077297" elapsed="0.000667"/>
</kw>
<status status="PASS" start="2024-03-25T10:14:58.984239" elapsed="0.094115"/>
</kw>
<doc>Testa se os tipos de dados na resposta da API estão corretos.</doc>
<tag>testeTiposDados</tag>
<status status="PASS" start="2024-03-25T10:14:58.898562" elapsed="0.180094"/>
</test>
<test id="s1-s1-t5" name="Validar conteudo" line="35">
<kw name="Teste de Tipos de Conteudo" owner="random-user-service">
<kw name="GET On Session" owner="RequestsLibrary">
<msg time="2024-03-25T10:14:59.231203" level="INFO">GET Request : url=https://randomuser.me/api 
 path_url=/api 
 headers={'User-Agent': 'python-requests/2.31.0', 'Accept-Encoding': 'gzip, deflate', 'Accept': '*/*', 'Connection': 'keep-alive'} 
 body=None 
 </msg>
<msg time="2024-03-25T10:14:59.231316" level="INFO">GET Response : url=https://randomuser.me/api 
 status=200, reason=OK 
 headers={'Date': 'Mon, 25 Mar 2024 10:14:59 GMT', 'Content-Type': 'application/json; charset=utf-8', 'Transfer-Encoding': 'chunked', 'Connection': 'keep-alive', 'X-Powered-By': 'Express', 'Access-Control-Allow-Origin': '*', 'Cache-Control': 'no-cache', 'ETag': 'W/"4a3-Dy67VZgizEwCzwa8Tl6HAluDE7M"', 'Vary': 'Accept-Encoding', 'Content-Encoding': 'gzip', 'CF-Cache-Status': 'DYNAMIC', 'Report-To': '{"endpoints":[{"url":"https:\\/\\/a.nel.cloudflare.com\\/report\\/v4?s=II9QHqDgVljTSa1Ge7lTTKFyHJjCdDNGHQ4CI1QFg4P6VZSxtc%2BsLeXrTXHmUwQoKcvx56XeHVl%2BdegXbTmpJurqlxb%2F7K8oIsmVMZc%2B%2BXIEZuFzgAX1oM9ul1i5H9Rk"}],"group":"cf-nel","max_age":604800}', 'NEL': '{"success_fraction":0,"report_to":"cf-nel","max_age":604800}', 'Server': 'cloudflare', 'CF-RAY': '869e231b48ec5842-IAD', 'alt-svc': 'h3=":443"; ma=86400'} 
 body={"results":[{"gender":"male","name":{"title":"Monsieur","first":"James","last":"Gonzalez"},"location":{"street":{"number":4052,"name":"Avenue du Château"},"city":"Wil (Zh)","state":"Schwyz","country":"Switzerland","postcode":9130,"coordinates":{"latitude":"-56.7917","longitude":"-79.6048"},"timezone":{"offset":"+3:00","description":"Baghdad, Riyadh, Moscow, St. Petersburg"}},"email":"james.gonzalez@example.com","login":{"uuid":"76860faa-4378-4984-a3e2-759de5b8fcdd","username":"whitedog519","password":"cliff","salt":"slEFLGqj","md5":"db9c0507589061207d04648ec573c99d","sha1":"b8c01e85ad0ccba1cd71fe7b5108e621ae5e57b4","sha256":"bd5d709281a23c7421831e641509ec1b0bf62341382cc5927a48144f5e71d9ea"},"dob":{"date":"1965-09-30T21:03:23.477Z","age":58},"registered":{"date":"2013-08-12T03:34:19.233Z","age":10},"phone":"076 759 78 84","cell":"076 224 52 51","id":{"name":"AVS","value":"756.0203.5042.73"},"picture":{"large":"https://randomuser.me/api/portraits/men/86.jpg","medium":"https://randomuser.me/api/portraits/med/men/86.jpg","thumbnail":"https://randomuser.me/api/portraits/thumb/men/86.jpg"},"nat":"CH"}],"info":{"seed":"d0fdc3216e773760","results":1,"page":1,"version":"1.4"}} 
 </msg>
<msg time="2024-03-25T10:14:59.231396" level="INFO">/opt/hostedtoolcache/Python/3.12.2/x64/lib/python3.12/site-packages/urllib3/connectionpool.py:1103: InsecureRequestWarning: Unverified HTTPS request is being made to host 'randomuser.me'. Adding certificate verification is strongly advised. See: https://urllib3.readthedocs.io/en/latest/advanced-usage.html#tls-warnings
  warnings.warn(</msg>
<msg time="2024-03-25T10:14:59.231520" level="INFO">${response} = &lt;Response [200]&gt;</msg>
<var>${response}</var>
<arg>consultarAPI</arg>
<arg>/api</arg>
<doc>Sends a GET request on a previously created HTTP Session.</doc>
<status status="PASS" start="2024-03-25T10:14:59.082034" elapsed="0.149512"/>
</kw>
<kw name="Set Variable" owner="BuiltIn">
<msg time="2024-03-25T10:14:59.232652" level="INFO">${json_data} = {'results': [{'gender': 'male', 'name': {'title': 'Monsieur', 'first': 'James', 'last': 'Gonzalez'}, 'location': {'street': {'number': 4052, 'name': 'Avenue du Château'}, 'city': 'Wil (Zh)', 'state': ...</msg>
<var>${json_data}</var>
<arg>${response.json()}</arg>
<doc>Returns the given values which can then be assigned to a variables.</doc>
<status status="PASS" start="2024-03-25T10:14:59.232120" elapsed="0.000561"/>
</kw>
<kw name="Set Variable" owner="BuiltIn">
<msg time="2024-03-25T10:14:59.233374" level="INFO">${name_title} = Monsieur</msg>
<var>${name_title}</var>
<arg>${json_data["results"][0]["name"]["title"]}</arg>
<doc>Returns the given values which can then be assigned to a variables.</doc>
<status status="PASS" start="2024-03-25T10:14:59.232990" elapsed="0.000410"/>
</kw>
<kw name="Create List" owner="BuiltIn">
<msg time="2024-03-25T10:14:59.233850" level="INFO">${allowed_titles} = ['Mr', 'Ms', 'Miss', 'Mrs', 'Madame', 'Monsieur']</msg>
<var>${allowed_titles}</var>
<arg>Mr</arg>
<arg>Ms</arg>
<arg>Miss</arg>
<arg>Mrs</arg>
<arg>Madame</arg>
<arg>Monsieur</arg>
<doc>Returns a list containing given items.</doc>
<status status="PASS" start="2024-03-25T10:14:59.233701" elapsed="0.000173"/>
</kw>
<kw name="List Should Contain Value" owner="Collections">
<msg time="2024-03-25T10:14:59.234413" level="INFO">False</msg>
<arg>${allowed_titles}</arg>
<arg>${name_title}</arg>
<doc>Fails if the ``value`` is not found from ``list``.</doc>
<status status="PASS" start="2024-03-25T10:14:59.234235" elapsed="0.000215"/>
</kw>
<kw name="Set Variable" owner="BuiltIn">
<msg time="2024-03-25T10:14:59.235132" level="INFO">${name_country} = CH</msg>
<var>${name_country}</var>
<arg>${json_data["results"][0]["nat"]}</arg>
<doc>Returns the given values which can then be assigned to a variables.</doc>
<status status="PASS" start="2024-03-25T10:14:59.234738" elapsed="0.000419"/>
</kw>
<kw name="Create List" owner="BuiltIn">
<msg time="2024-03-25T10:14:59.236064" level="INFO">${list_country} = ['AD', 'AE', 'AF', 'AG', 'AI', 'AL', 'AM', 'AO', 'AQ', 'AR', 'AS', 'AT', 'AU', 'AW', 'AX', 'AZ', 'BA', 'BB', 'BD', 'BE', 'BF', 'BG', 'BH', 'BI', 'BJ', 'BL', 'BM', 'BN', 'BO', 'BQ', 'BR', 'BS', 'BT', '...</msg>
<var>${list_country}</var>
<arg>AD</arg>
<arg>AE</arg>
<arg>AF</arg>
<arg>AG</arg>
<arg>AI</arg>
<arg>AL</arg>
<arg>AM</arg>
<arg>AO</arg>
<arg>AQ</arg>
<arg>AR</arg>
<arg>AS</arg>
<arg>AT</arg>
<arg>AU</arg>
<arg>AW</arg>
<arg>AX</arg>
<arg>AZ</arg>
<arg>BA</arg>
<arg>BB</arg>
<arg>BD</arg>
<arg>BE</arg>
<arg>BF</arg>
<arg>BG</arg>
<arg>BH</arg>
<arg>BI</arg>
<arg>BJ</arg>
<arg>BL</arg>
<arg>BM</arg>
<arg>BN</arg>
<arg>BO</arg>
<arg>BQ</arg>
<arg>BR</arg>
<arg>BS</arg>
<arg>BT</arg>
<arg>BV</arg>
<arg>BW</arg>
<arg>BY</arg>
<arg>BZ</arg>
<arg>CA</arg>
<arg>CC</arg>
<arg>CD</arg>
<arg>CF</arg>
<arg>CG</arg>
<arg>CH</arg>
<arg>CI</arg>
<arg>CK</arg>
<arg>CL</arg>
<arg>CM</arg>
<arg>CN</arg>
<arg>CO</arg>
<arg>CR</arg>
<arg>CU</arg>
<arg>CV</arg>
<arg>CW</arg>
<arg>CX</arg>
<arg>CY</arg>
<arg>CZ</arg>
<arg>DE</arg>
<arg>DJ</arg>
<arg>DK</arg>
<arg>DM</arg>
<arg>DO</arg>
<arg>DZ</arg>
<arg>EC</arg>
<arg>EE</arg>
<arg>EG</arg>
<arg>EH</arg>
<arg>ER</arg>
<arg>ES</arg>
<arg>ET</arg>
<arg>FI</arg>
<arg>FJ</arg>
<arg>FK</arg>
<arg>FM</arg>
<arg>FO</arg>
<arg>FR</arg>
<arg>GA</arg>
<arg>GB</arg>
<arg>GD</arg>
<arg>GE</arg>
<arg>GF</arg>
<arg>GG</arg>
<arg>GH</arg>
<arg>GI</arg>
<arg>GL</arg>
<arg>GM</arg>
<arg>GN</arg>
<arg>GP</arg>
<arg>GQ</arg>
<arg>GR</arg>
<arg>GS</arg>
<arg>GT</arg>
<arg>GU</arg>
<arg>GW</arg>
<arg>GY</arg>
<arg>HK</arg>
<arg>HM</arg>
<arg>HN</arg>
<arg>HR</arg>
<arg>HT</arg>
<arg>HU</arg>
<arg>ID</arg>
<arg>IE</arg>
<arg>IL</arg>
<arg>IM</arg>
<arg>IN</arg>
<arg>IO</arg>
<arg>IQ</arg>
<arg>IR</arg>
<arg>IS</arg>
<arg>IT</arg>
<arg>JE</arg>
<arg>JM</arg>
<arg>JO</arg>
<arg>JP</arg>
<arg>KE</arg>
<arg>KG</arg>
<arg>KH</arg>
<arg>KI</arg>
<arg>KM</arg>
<arg>KN</arg>
<arg>KP</arg>
<arg>KR</arg>
<arg>KW</arg>
<arg>KY</arg>
<arg>KZ</arg>
<arg>LA</arg>
<arg>LB</arg>
<arg>LC</arg>
<arg>LI</arg>
<arg>LK</arg>
<arg>LR</arg>
<arg>LS</arg>
<arg>LT</arg>
<arg>LU</arg>
<arg>LV</arg>
<arg>LY</arg>
<arg>MA</arg>
<arg>MC</arg>
<arg>MD</arg>
<arg>ME</arg>
<arg>MF</arg>
<arg>MG</arg>
<arg>MH</arg>
<arg>MK</arg>
<arg>ML</arg>
<arg>MM</arg>
<arg>MN</arg>
<arg>MO</arg>
<arg>MP</arg>
<arg>MQ</arg>
<arg>MR</arg>
<arg>MS</arg>
<arg>MT</arg>
<arg>MU</arg>
<arg>MV</arg>
<arg>MW</arg>
<arg>MX</arg>
<arg>MY</arg>
<arg>MZ</arg>
<arg>NA</arg>
<arg>NC</arg>
<arg>NE</arg>
<arg>NF</arg>
<arg>NG</arg>
<arg>NI</arg>
<arg>NL</arg>
<arg>NO</arg>
<arg>NP</arg>
<arg>NR</arg>
<arg>NU</arg>
<arg>NZ</arg>
<arg>OM</arg>
<arg>PA</arg>
<arg>PE</arg>
<arg>PF</arg>
<arg>PG</arg>
<arg>PH</arg>
<arg>PK</arg>
<arg>PL</arg>
<arg>PM</arg>
<arg>PN</arg>
<arg>PR</arg>
<arg>PS</arg>
<arg>PT</arg>
<arg>PW</arg>
<arg>PY</arg>
<arg>QA</arg>
<arg>RE</arg>
<arg>RO</arg>
<arg>RS</arg>
<arg>RU</arg>
<arg>RW</arg>
<arg>SA</arg>
<arg>SB</arg>
<arg>SC</arg>
<arg>SD</arg>
<arg>SE</arg>
<arg>SG</arg>
<arg>SH</arg>
<arg>SI</arg>
<arg>SJ</arg>
<arg>SK</arg>
<arg>SL</arg>
<arg>SM</arg>
<arg>SN</arg>
<arg>SO</arg>
<arg>SR</arg>
<arg>SS</arg>
<arg>ST</arg>
<arg>SV</arg>
<arg>SX</arg>
<arg>SY</arg>
<arg>SZ</arg>
<arg>TC</arg>
<arg>TD</arg>
<arg>TF</arg>
<arg>TG</arg>
<arg>TH</arg>
<arg>TJ</arg>
<arg>TK</arg>
<arg>TL</arg>
<arg>TM</arg>
<arg>TN</arg>
<arg>TO</arg>
<arg>TR</arg>
<arg>TT</arg>
<arg>TV</arg>
<arg>TW</arg>
<arg>TZ</arg>
<arg>UA</arg>
<arg>UG</arg>
<arg>UM</arg>
<arg>US</arg>
<arg>UY</arg>
<arg>UZ</arg>
<arg>VA</arg>
<arg>VC</arg>
<arg>VE</arg>
<arg>VG</arg>
<arg>VI</arg>
<arg>VN</arg>
<arg>VU</arg>
<arg>WF</arg>
<arg>WS</arg>
<arg>XK</arg>
<arg>YE</arg>
<arg>YT</arg>
<arg>ZA</arg>
<arg>ZM</arg>
<arg>ZW</arg>
<doc>Returns a list containing given items.</doc>
<status status="PASS" start="2024-03-25T10:14:59.235463" elapsed="0.000627"/>
</kw>
<kw name="List Should Contain Value" owner="Collections">
<msg time="2024-03-25T10:14:59.237214" level="INFO">False</msg>
<arg>${list_country}</arg>
<arg>${name_country}</arg>
<doc>Fails if the ``value`` is not found from ``list``.</doc>
<status status="PASS" start="2024-03-25T10:14:59.237008" elapsed="0.000243"/>
</kw>
<kw name="Run Keyword If" owner="BuiltIn">
<kw name="Should Be True" owner="BuiltIn">
<arg>${True}</arg>
<doc>Fails if the given condition is not true.</doc>
<status status="PASS" start="2024-03-25T10:14:59.238349" elapsed="0.000146"/>
</kw>
<arg>${json_data["results"][0]["location"]["coordinates"]["latitude"]} &gt;= -90 and ${json_data["results"][0]["location"]["coordinates"]["latitude"]} &lt;= 90</arg>
<arg>Should Be True</arg>
<arg>${True}</arg>
<doc>Runs the given keyword with the given arguments, if ``condition`` is true.</doc>
<status status="PASS" start="2024-03-25T10:14:59.237564" elapsed="0.001061"/>
</kw>
<kw name="Run Keyword If" owner="BuiltIn">
<kw name="Should Be True" owner="BuiltIn">
<arg>${True}</arg>
<doc>Fails if the given condition is not true.</doc>
<status status="PASS" start="2024-03-25T10:14:59.239540" elapsed="0.000142"/>
</kw>
<arg>${json_data["results"][0]["location"]["coordinates"]["longitude"]} &gt;= -180 and ${json_data["results"][0]["location"]["coordinates"]["longitude"]} &lt;= 180</arg>
<arg>Should Be True</arg>
<arg>${True}</arg>
<doc>Runs the given keyword with the given arguments, if ``condition`` is true.</doc>
<status status="PASS" start="2024-03-25T10:14:59.238813" elapsed="0.000996"/>
</kw>
<status status="PASS" start="2024-03-25T10:14:59.081618" elapsed="0.158325"/>
</kw>
<doc>Testa o conteúdo específico dos campos retornados pela API.</doc>
<tag>testeConteudo</tag>
<status status="PASS" start="2024-03-25T10:14:59.080901" elapsed="0.159197"/>
</test>
<status status="PASS" start="2024-03-25T10:14:58.192605" elapsed="1.049433"/>
</suite>
<status status="PASS" start="2024-03-25T10:14:58.178432" elapsed="1.069038"/>
</suite>
<statistics>
<total>
<stat pass="5" fail="0" skip="0">All Tests</stat>
</total>
<tag>
<stat pass="1" fail="0" skip="0">testeConteudo</stat>
<stat pass="1" fail="0" skip="0">testeEstruturaResposta</stat>
<stat pass="1" fail="0" skip="0">testeRequisicaoBasica</stat>
<stat pass="1" fail="0" skip="0">testeTiposDados</stat>
</tag>
<suite>
<stat pass="5" fail="0" skip="0" id="s1" name="Tests">Tests</stat>
<stat pass="5" fail="0" skip="0" id="s1-s1" name="Random-User-Test">Tests.Random-User-Test</stat>
</suite>
</statistics>
<errors>
</errors>
</robot>
