<?xml version="1.0" encoding="UTF-8"?>
<robot generator="Robot 7.0.1 (Python 3.12.4 on linux)" generated="2024-07-05T07:14:01.562224" rpa="false" schemaversion="5">
<suite id="s1" name="Tests" source="/home/runner/work/ApiRandomUser/ApiRandomUser/RamdonUser/tests">
<suite id="s1-s1" name="Random-User-Test" source="/home/runner/work/ApiRandomUser/ApiRandomUser/RamdonUser/tests/random-user-test.robot">
<test id="s1-s1-t1" name="Conectar" line="13">
<kw name="Conectar API" owner="random-user-service">
<kw name="Create Session" owner="RequestsLibrary">
<msg time="2024-07-05T07:14:01.969603" level="INFO">Creating Session using : alias=consultarAPI, url=https://randomuser.me/, headers={},                     cookies={}, auth=None, timeout=None, proxies=None, verify=False,                     debug=0 </msg>
<arg>consultarAPI</arg>
<arg>${URL}</arg>
<doc>Create Session: create a HTTP session to a server</doc>
<status status="PASS" start="2024-07-05T07:14:01.969384" elapsed="0.000412"/>
</kw>
<status status="PASS" start="2024-07-05T07:14:01.968359" elapsed="0.001820"/>
</kw>
<status status="PASS" start="2024-07-05T07:14:01.967744" elapsed="0.002637"/>
</test>
<test id="s1-s1-t2" name="Validar retorno 200 e JSON Válido" line="16">
<kw name="Teste de Requisicao Basica" owner="random-user-service">
<kw name="GET On Session" owner="RequestsLibrary">
<msg time="2024-07-05T07:14:02.248451" level="INFO">GET Request : url=https://randomuser.me/api 
 path_url=/api 
 headers={'User-Agent': 'python-requests/2.32.3', 'Accept-Encoding': 'gzip, deflate', 'Accept': '*/*', 'Connection': 'keep-alive'} 
 body=None 
 </msg>
<msg time="2024-07-05T07:14:02.248619" level="INFO">GET Response : url=https://randomuser.me/api 
 status=200, reason=OK 
 headers={'Date': 'Fri, 05 Jul 2024 07:14:02 GMT', 'Content-Type': 'application/json; charset=utf-8', 'Transfer-Encoding': 'chunked', 'Connection': 'keep-alive', 'X-Powered-By': 'Express', 'Access-Control-Allow-Origin': '*', 'Cache-Control': 'no-cache', 'ETag': 'W/"4a0-Vexsxq6xIePdLTyNbEhrZl+bFQM"', 'Vary': 'Accept-Encoding', 'Content-Encoding': 'gzip', 'CF-Cache-Status': 'DYNAMIC', 'Report-To': '{"endpoints":[{"url":"https:\\/\\/a.nel.cloudflare.com\\/report\\/v4?s=G1wSCt9tHh0zPadT5HdI9Nf8A4gIs80rPLuLpqr%2FMMXQVym1z1%2BhhjqNWl3EQLb6oXtHKXheNLx9V0rZ6PGvHdeCkoSIiwvR3NzaROgfCp%2BUYDLph4gWEBvmtNtJY%2FlM"}],"group":"cf-nel","max_age":604800}', 'NEL': '{"success_fraction":0,"report_to":"cf-nel","max_age":604800}', 'Server': 'cloudflare', 'CF-RAY': '89e58e4b8e802c11-ORD', 'alt-svc': 'h3=":443"; ma=86400'} 
 body={"results":[{"gender":"male","name":{"title":"Mr","first":"Anatólio","last":"Viana"},"location":{"street":{"number":4245,"name":"Rua Belo Horizonte "},"city":"Praia Grande","state":"Tocantins","country":"Brazil","postcode":27718,"coordinates":{"latitude":"-76.7002","longitude":"-38.6767"},"timezone":{"offset":"-3:00","description":"Brazil, Buenos Aires, Georgetown"}},"email":"anatolio.viana@example.com","login":{"uuid":"1f562bf3-e052-44ce-a4c9-39d5d8f392f3","username":"smallmeercat319","password":"desiree","salt":"5awksV67","md5":"b1e55b6895b47b2ce8f399f730a9b0d8","sha1":"ee23313f278a390d54f632bbe4e9b243d69e0605","sha256":"501a0ddc02d827cd425c958fb0b9178bdb5ba1acbbbed4254fc1260b6a5edb49"},"dob":{"date":"1979-05-28T15:13:54.096Z","age":45},"registered":{"date":"2018-09-28T00:26:45.383Z","age":5},"phone":"(85) 9251-9186","cell":"(09) 3312-9658","id":{"name":"CPF","value":"995.557.219-04"},"picture":{"large":"https://randomuser.me/api/portraits/men/37.jpg","medium":"https://randomuser.me/api/portraits/med/men/37.jpg","thumbnail":"https://randomuser.me/api/portraits/thumb/men/37.jpg"},"nat":"BR"}],"info":{"seed":"dcd72425d32e07f9","results":1,"page":1,"version":"1.4"}} 
 </msg>
<msg time="2024-07-05T07:14:02.248710" level="INFO">/opt/hostedtoolcache/Python/3.12.4/x64/lib/python3.12/site-packages/urllib3/connectionpool.py:1099: InsecureRequestWarning: Unverified HTTPS request is being made to host 'randomuser.me'. Adding certificate verification is strongly advised. See: https://urllib3.readthedocs.io/en/latest/advanced-usage.html#tls-warnings
  warnings.warn(</msg>
<msg time="2024-07-05T07:14:02.248881" level="INFO">${response} = &lt;Response [200]&gt;</msg>
<var>${response}</var>
<arg>consultarAPI</arg>
<arg>/api</arg>
<doc>Sends a GET request on a previously created HTTP Session.</doc>
<status status="PASS" start="2024-07-05T07:14:01.973121" elapsed="0.275808"/>
</kw>
<kw name="Should Be Equal As Numbers" owner="BuiltIn">
<msg time="2024-07-05T07:14:02.250011" level="INFO">Argument types are:
&lt;class 'int'&gt;
&lt;class 'str'&gt;</msg>
<arg>${response.status_code}</arg>
<arg>200</arg>
<doc>Fails if objects are unequal after converting them to real numbers.</doc>
<status status="PASS" start="2024-07-05T07:14:02.249509" elapsed="0.000573"/>
</kw>
<kw name="Log" owner="BuiltIn">
<msg time="2024-07-05T07:14:02.250893" level="INFO">200</msg>
<arg>${response.status_code}</arg>
<doc>Logs the given message with the given level.</doc>
<status status="PASS" start="2024-07-05T07:14:02.250474" elapsed="0.000465"/>
</kw>
<kw name="Set Variable" owner="BuiltIn">
<msg time="2024-07-05T07:14:02.251889" level="INFO">${json_data} = {'results': [{'gender': 'male', 'name': {'title': 'Mr', 'first': 'Anatólio', 'last': 'Viana'}, 'location': {'street': {'number': 4245, 'name': 'Rua Belo Horizonte '}, 'city': 'Praia Grande', 'state': ...</msg>
<var>${json_data}</var>
<arg>${response.json()}</arg>
<doc>Returns the given values which can then be assigned to a variables.</doc>
<status status="PASS" start="2024-07-05T07:14:02.251338" elapsed="0.000581"/>
</kw>
<kw name="Dictionary Should Contain Key" owner="Collections">
<arg>${json_data}</arg>
<arg>results</arg>
<doc>Fails if ``key`` is not found from ``dictionary``.</doc>
<status status="PASS" start="2024-07-05T07:14:02.252272" elapsed="0.000184"/>
</kw>
<status status="PASS" start="2024-07-05T07:14:01.972835" elapsed="0.279780"/>
</kw>
<doc>Testa se a API responde corretamente e retorna um objeto JSON válido.</doc>
<tag>testeRequisicaoBasica</tag>
<status status="PASS" start="2024-07-05T07:14:01.972324" elapsed="0.280477"/>
</test>
<test id="s1-s1-t3" name="Validar estrutura de resposta" line="22">
<kw name="Teste de Estrutura de Resposta" owner="random-user-service">
<kw name="GET On Session" owner="RequestsLibrary">
<msg time="2024-07-05T07:14:02.327306" level="INFO">GET Request : url=https://randomuser.me/api 
 path_url=/api 
 headers={'User-Agent': 'python-requests/2.32.3', 'Accept-Encoding': 'gzip, deflate', 'Accept': '*/*', 'Connection': 'keep-alive'} 
 body=None 
 </msg>
<msg time="2024-07-05T07:14:02.327403" level="INFO">GET Response : url=https://randomuser.me/api 
 status=200, reason=OK 
 headers={'Date': 'Fri, 05 Jul 2024 07:14:02 GMT', 'Content-Type': 'application/json; charset=utf-8', 'Transfer-Encoding': 'chunked', 'Connection': 'keep-alive', 'X-Powered-By': 'Express', 'Access-Control-Allow-Origin': '*', 'Cache-Control': 'no-cache', 'ETag': 'W/"4a6-wT+EEVfnRq9YMQTNAuKjKF9QnpA"', 'Vary': 'Accept-Encoding', 'Content-Encoding': 'gzip', 'CF-Cache-Status': 'DYNAMIC', 'Report-To': '{"endpoints":[{"url":"https:\\/\\/a.nel.cloudflare.com\\/report\\/v4?s=7FWRk8a6TbpliPlsetxA%2B%2BqXX04CGl%2FGWyR1Q%2Bbx8VcOulLTpbvCKGVaKCcu2eAiPpFEC%2FSy1feJTT9pbUZpL1%2BjyDDJMjqcqxveb%2FGHJSGQSVPqsBALNbRTB2cDG8xJ"}],"group":"cf-nel","max_age":604800}', 'NEL': '{"success_fraction":0,"report_to":"cf-nel","max_age":604800}', 'Server': 'cloudflare', 'CF-RAY': '89e58e4c2ec52c11-ORD', 'alt-svc': 'h3=":443"; ma=86400'} 
 body={"results":[{"gender":"male","name":{"title":"Monsieur","first":"Maxime","last":"Dumas"},"location":{"street":{"number":654,"name":"Rue Louis-Blanqui"},"city":"Lohnstorf","state":"Neuchâtel","country":"Switzerland","postcode":4303,"coordinates":{"latitude":"-57.2440","longitude":"-128.7998"},"timezone":{"offset":"+11:00","description":"Magadan, Solomon Islands, New Caledonia"}},"email":"maxime.dumas@example.com","login":{"uuid":"a3f1e871-b098-4e71-b1c9-16ad504691bc","username":"smallmeercat177","password":"anna","salt":"RcLF3CeT","md5":"a3c404e8e02b77ddb65b6138cdc421d4","sha1":"1ee66f0e60e53e785a90633cbfa743bfd1eb2a6e","sha256":"317d788f836b6a0a549d427fbcc691e893afecc362f7b4d387902f71eb9cef7b"},"dob":{"date":"1967-06-14T04:15:24.002Z","age":57},"registered":{"date":"2015-09-13T07:29:05.580Z","age":8},"phone":"075 235 06 75","cell":"076 985 48 86","id":{"name":"AVS","value":"756.9524.6023.50"},"picture":{"large":"https://randomuser.me/api/portraits/men/82.jpg","medium":"https://randomuser.me/api/portraits/med/men/82.jpg","thumbnail":"https://randomuser.me/api/portraits/thumb/men/82.jpg"},"nat":"CH"}],"info":{"seed":"32cc726c7c1de0cb","results":1,"page":1,"version":"1.4"}} 
 </msg>
<msg time="2024-07-05T07:14:02.327541" level="INFO">/opt/hostedtoolcache/Python/3.12.4/x64/lib/python3.12/site-packages/urllib3/connectionpool.py:1099: InsecureRequestWarning: Unverified HTTPS request is being made to host 'randomuser.me'. Adding certificate verification is strongly advised. See: https://urllib3.readthedocs.io/en/latest/advanced-usage.html#tls-warnings
  warnings.warn(</msg>
<msg time="2024-07-05T07:14:02.327679" level="INFO">${response} = &lt;Response [200]&gt;</msg>
<var>${response}</var>
<arg>consultarAPI</arg>
<arg>/api</arg>
<doc>Sends a GET request on a previously created HTTP Session.</doc>
<status status="PASS" start="2024-07-05T07:14:02.255642" elapsed="0.072082"/>
</kw>
<kw name="Set Variable" owner="BuiltIn">
<msg time="2024-07-05T07:14:02.328725" level="INFO">${json_data} = {'results': [{'gender': 'male', 'name': {'title': 'Monsieur', 'first': 'Maxime', 'last': 'Dumas'}, 'location': {'street': {'number': 654, 'name': 'Rue Louis-Blanqui'}, 'city': 'Lohnstorf', 'state': 'N...</msg>
<var>${json_data}</var>
<arg>${response.json()}</arg>
<doc>Returns the given values which can then be assigned to a variables.</doc>
<status status="PASS" start="2024-07-05T07:14:02.328202" elapsed="0.000553"/>
</kw>
<kw name="Log" owner="BuiltIn">
<msg time="2024-07-05T07:14:02.329319" level="INFO">{'results': [{'gender': 'male', 'name': {'title': 'Monsieur', 'first': 'Maxime', 'last': 'Dumas'}, 'location': {'street': {'number': 654, 'name': 'Rue Louis-Blanqui'}, 'city': 'Lohnstorf', 'state': 'Neuchâtel', 'country': 'Switzerland', 'postcode': 4303, 'coordinates': {'latitude': '-57.2440', 'longitude': '-128.7998'}, 'timezone': {'offset': '+11:00', 'description': 'Magadan, Solomon Islands, New Caledonia'}}, 'email': 'maxime.dumas@example.com', 'login': {'uuid': 'a3f1e871-b098-4e71-b1c9-16ad504691bc', 'username': 'smallmeercat177', 'password': 'anna', 'salt': 'RcLF3CeT', 'md5': 'a3c404e8e02b77ddb65b6138cdc421d4', 'sha1': '1ee66f0e60e53e785a90633cbfa743bfd1eb2a6e', 'sha256': '317d788f836b6a0a549d427fbcc691e893afecc362f7b4d387902f71eb9cef7b'}, 'dob': {'date': '1967-06-14T04:15:24.002Z', 'age': 57}, 'registered': {'date': '2015-09-13T07:29:05.580Z', 'age': 8}, 'phone': '075 235 06 75', 'cell': '076 985 48 86', 'id': {'name': 'AVS', 'value': '756.9524.6023.50'}, 'picture': {'large': 'https://randomuser.me/api/portraits/men/82.jpg', 'medium': 'https://randomuser.me/api/portraits/med/men/82.jpg', 'thumbnail': 'https://randomuser.me/api/portraits/thumb/men/82.jpg'}, 'nat': 'CH'}], 'info': {'seed': '32cc726c7c1de0cb', 'results': 1, 'page': 1, 'version': '1.4'}}</msg>
<arg>${json_data}</arg>
<doc>Logs the given message with the given level.</doc>
<status status="PASS" start="2024-07-05T07:14:02.329120" elapsed="0.000256"/>
</kw>
<kw name="Dictionary Should Contain Key" owner="Collections">
<arg>${json_data}</arg>
<arg>results</arg>
<doc>Fails if ``key`` is not found from ``dictionary``.</doc>
<status status="PASS" start="2024-07-05T07:14:02.329712" elapsed="0.000189"/>
</kw>
<kw name="Should Not Be Empty" owner="BuiltIn">
<msg time="2024-07-05T07:14:02.330236" level="INFO">Length is 2.</msg>
<arg>${json_data}</arg>
<doc>Verifies that the given item is not empty.</doc>
<status status="PASS" start="2024-07-05T07:14:02.330103" elapsed="0.000171"/>
</kw>
<kw name="Create List" owner="BuiltIn">
<msg time="2024-07-05T07:14:02.330773" level="INFO">${expected_keys} = ['gender', 'name', 'location', 'email', 'login']</msg>
<var>${expected_keys}</var>
<arg>gender</arg>
<arg>name</arg>
<arg>location</arg>
<arg>email</arg>
<arg>login</arg>
<doc>Returns a list containing given items.</doc>
<status status="PASS" start="2024-07-05T07:14:02.330619" elapsed="0.000178"/>
</kw>
<for flavor="IN">
<iter>
<kw name="Dictionary Should Contain Key" owner="Collections">
<arg>${json_data['results'][0]}</arg>
<arg>${key}</arg>
<doc>Fails if ``key`` is not found from ``dictionary``.</doc>
<status status="PASS" start="2024-07-05T07:14:02.331610" elapsed="0.000416"/>
</kw>
<kw name="Log" owner="BuiltIn">
<msg time="2024-07-05T07:14:02.332585" level="INFO">{'gender': 'male', 'name': {'title': 'Monsieur', 'first': 'Maxime', 'last': 'Dumas'}, 'location': {'street': {'number': 654, 'name': 'Rue Louis-Blanqui'}, 'city': 'Lohnstorf', 'state': 'Neuchâtel', 'country': 'Switzerland', 'postcode': 4303, 'coordinates': {'latitude': '-57.2440', 'longitude': '-128.7998'}, 'timezone': {'offset': '+11:00', 'description': 'Magadan, Solomon Islands, New Caledonia'}}, 'email': 'maxime.dumas@example.com', 'login': {'uuid': 'a3f1e871-b098-4e71-b1c9-16ad504691bc', 'username': 'smallmeercat177', 'password': 'anna', 'salt': 'RcLF3CeT', 'md5': 'a3c404e8e02b77ddb65b6138cdc421d4', 'sha1': '1ee66f0e60e53e785a90633cbfa743bfd1eb2a6e', 'sha256': '317d788f836b6a0a549d427fbcc691e893afecc362f7b4d387902f71eb9cef7b'}, 'dob': {'date': '1967-06-14T04:15:24.002Z', 'age': 57}, 'registered': {'date': '2015-09-13T07:29:05.580Z', 'age': 8}, 'phone': '075 235 06 75', 'cell': '076 985 48 86', 'id': {'name': 'AVS', 'value': '756.9524.6023.50'}, 'picture': {'large': 'https://randomuser.me/api/portraits/men/82.jpg', 'medium': 'https://randomuser.me/api/portraits/med/men/82.jpg', 'thumbnail': 'https://randomuser.me/api/portraits/thumb/men/82.jpg'}, 'nat': 'CH'}</msg>
<arg>${json_data['results'][0]}</arg>
<doc>Logs the given message with the given level.</doc>
<status status="PASS" start="2024-07-05T07:14:02.332217" elapsed="0.000419"/>
</kw>
<kw name="Log" owner="BuiltIn">
<msg time="2024-07-05T07:14:02.333067" level="INFO">gender</msg>
<arg>${key}</arg>
<doc>Logs the given message with the given level.</doc>
<status status="PASS" start="2024-07-05T07:14:02.332938" elapsed="0.000166"/>
</kw>
<var name="${key}">gender</var>
<status status="PASS" start="2024-07-05T07:14:02.331479" elapsed="0.001842"/>
</iter>
<iter>
<kw name="Dictionary Should Contain Key" owner="Collections">
<arg>${json_data['results'][0]}</arg>
<arg>${key}</arg>
<doc>Fails if ``key`` is not found from ``dictionary``.</doc>
<status status="PASS" start="2024-07-05T07:14:02.333637" elapsed="0.000404"/>
</kw>
<kw name="Log" owner="BuiltIn">
<msg time="2024-07-05T07:14:02.334625" level="INFO">{'gender': 'male', 'name': {'title': 'Monsieur', 'first': 'Maxime', 'last': 'Dumas'}, 'location': {'street': {'number': 654, 'name': 'Rue Louis-Blanqui'}, 'city': 'Lohnstorf', 'state': 'Neuchâtel', 'country': 'Switzerland', 'postcode': 4303, 'coordinates': {'latitude': '-57.2440', 'longitude': '-128.7998'}, 'timezone': {'offset': '+11:00', 'description': 'Magadan, Solomon Islands, New Caledonia'}}, 'email': 'maxime.dumas@example.com', 'login': {'uuid': 'a3f1e871-b098-4e71-b1c9-16ad504691bc', 'username': 'smallmeercat177', 'password': 'anna', 'salt': 'RcLF3CeT', 'md5': 'a3c404e8e02b77ddb65b6138cdc421d4', 'sha1': '1ee66f0e60e53e785a90633cbfa743bfd1eb2a6e', 'sha256': '317d788f836b6a0a549d427fbcc691e893afecc362f7b4d387902f71eb9cef7b'}, 'dob': {'date': '1967-06-14T04:15:24.002Z', 'age': 57}, 'registered': {'date': '2015-09-13T07:29:05.580Z', 'age': 8}, 'phone': '075 235 06 75', 'cell': '076 985 48 86', 'id': {'name': 'AVS', 'value': '756.9524.6023.50'}, 'picture': {'large': 'https://randomuser.me/api/portraits/men/82.jpg', 'medium': 'https://randomuser.me/api/portraits/med/men/82.jpg', 'thumbnail': 'https://randomuser.me/api/portraits/thumb/men/82.jpg'}, 'nat': 'CH'}</msg>
<arg>${json_data['results'][0]}</arg>
<doc>Logs the given message with the given level.</doc>
<status status="PASS" start="2024-07-05T07:14:02.334261" elapsed="0.000413"/>
</kw>
<kw name="Log" owner="BuiltIn">
<msg time="2024-07-05T07:14:02.335119" level="INFO">name</msg>
<arg>${key}</arg>
<doc>Logs the given message with the given level.</doc>
<status status="PASS" start="2024-07-05T07:14:02.334970" elapsed="0.000186"/>
</kw>
<var name="${key}">name</var>
<status status="PASS" start="2024-07-05T07:14:02.333516" elapsed="0.001858"/>
</iter>
<iter>
<kw name="Dictionary Should Contain Key" owner="Collections">
<arg>${json_data['results'][0]}</arg>
<arg>${key}</arg>
<doc>Fails if ``key`` is not found from ``dictionary``.</doc>
<status status="PASS" start="2024-07-05T07:14:02.335710" elapsed="0.000387"/>
</kw>
<kw name="Log" owner="BuiltIn">
<msg time="2024-07-05T07:14:02.336632" level="INFO">{'gender': 'male', 'name': {'title': 'Monsieur', 'first': 'Maxime', 'last': 'Dumas'}, 'location': {'street': {'number': 654, 'name': 'Rue Louis-Blanqui'}, 'city': 'Lohnstorf', 'state': 'Neuchâtel', 'country': 'Switzerland', 'postcode': 4303, 'coordinates': {'latitude': '-57.2440', 'longitude': '-128.7998'}, 'timezone': {'offset': '+11:00', 'description': 'Magadan, Solomon Islands, New Caledonia'}}, 'email': 'maxime.dumas@example.com', 'login': {'uuid': 'a3f1e871-b098-4e71-b1c9-16ad504691bc', 'username': 'smallmeercat177', 'password': 'anna', 'salt': 'RcLF3CeT', 'md5': 'a3c404e8e02b77ddb65b6138cdc421d4', 'sha1': '1ee66f0e60e53e785a90633cbfa743bfd1eb2a6e', 'sha256': '317d788f836b6a0a549d427fbcc691e893afecc362f7b4d387902f71eb9cef7b'}, 'dob': {'date': '1967-06-14T04:15:24.002Z', 'age': 57}, 'registered': {'date': '2015-09-13T07:29:05.580Z', 'age': 8}, 'phone': '075 235 06 75', 'cell': '076 985 48 86', 'id': {'name': 'AVS', 'value': '756.9524.6023.50'}, 'picture': {'large': 'https://randomuser.me/api/portraits/men/82.jpg', 'medium': 'https://randomuser.me/api/portraits/med/men/82.jpg', 'thumbnail': 'https://randomuser.me/api/portraits/thumb/men/82.jpg'}, 'nat': 'CH'}</msg>
<arg>${json_data['results'][0]}</arg>
<doc>Logs the given message with the given level.</doc>
<status status="PASS" start="2024-07-05T07:14:02.336277" elapsed="0.000405"/>
</kw>
<kw name="Log" owner="BuiltIn">
<msg time="2024-07-05T07:14:02.337111" level="INFO">location</msg>
<arg>${key}</arg>
<doc>Logs the given message with the given level.</doc>
<status status="PASS" start="2024-07-05T07:14:02.336984" elapsed="0.000164"/>
</kw>
<var name="${key}">location</var>
<status status="PASS" start="2024-07-05T07:14:02.335598" elapsed="0.001763"/>
</iter>
<iter>
<kw name="Dictionary Should Contain Key" owner="Collections">
<arg>${json_data['results'][0]}</arg>
<arg>${key}</arg>
<doc>Fails if ``key`` is not found from ``dictionary``.</doc>
<status status="PASS" start="2024-07-05T07:14:02.337646" elapsed="0.000382"/>
</kw>
<kw name="Log" owner="BuiltIn">
<msg time="2024-07-05T07:14:02.338557" level="INFO">{'gender': 'male', 'name': {'title': 'Monsieur', 'first': 'Maxime', 'last': 'Dumas'}, 'location': {'street': {'number': 654, 'name': 'Rue Louis-Blanqui'}, 'city': 'Lohnstorf', 'state': 'Neuchâtel', 'country': 'Switzerland', 'postcode': 4303, 'coordinates': {'latitude': '-57.2440', 'longitude': '-128.7998'}, 'timezone': {'offset': '+11:00', 'description': 'Magadan, Solomon Islands, New Caledonia'}}, 'email': 'maxime.dumas@example.com', 'login': {'uuid': 'a3f1e871-b098-4e71-b1c9-16ad504691bc', 'username': 'smallmeercat177', 'password': 'anna', 'salt': 'RcLF3CeT', 'md5': 'a3c404e8e02b77ddb65b6138cdc421d4', 'sha1': '1ee66f0e60e53e785a90633cbfa743bfd1eb2a6e', 'sha256': '317d788f836b6a0a549d427fbcc691e893afecc362f7b4d387902f71eb9cef7b'}, 'dob': {'date': '1967-06-14T04:15:24.002Z', 'age': 57}, 'registered': {'date': '2015-09-13T07:29:05.580Z', 'age': 8}, 'phone': '075 235 06 75', 'cell': '076 985 48 86', 'id': {'name': 'AVS', 'value': '756.9524.6023.50'}, 'picture': {'large': 'https://randomuser.me/api/portraits/men/82.jpg', 'medium': 'https://randomuser.me/api/portraits/med/men/82.jpg', 'thumbnail': 'https://randomuser.me/api/portraits/thumb/men/82.jpg'}, 'nat': 'CH'}</msg>
<arg>${json_data['results'][0]}</arg>
<doc>Logs the given message with the given level.</doc>
<status status="PASS" start="2024-07-05T07:14:02.338209" elapsed="0.000397"/>
</kw>
<kw name="Log" owner="BuiltIn">
<msg time="2024-07-05T07:14:02.339051" level="INFO">email</msg>
<arg>${key}</arg>
<doc>Logs the given message with the given level.</doc>
<status status="PASS" start="2024-07-05T07:14:02.338906" elapsed="0.000205"/>
</kw>
<var name="${key}">email</var>
<status status="PASS" start="2024-07-05T07:14:02.337538" elapsed="0.001805"/>
</iter>
<iter>
<kw name="Dictionary Should Contain Key" owner="Collections">
<arg>${json_data['results'][0]}</arg>
<arg>${key}</arg>
<doc>Fails if ``key`` is not found from ``dictionary``.</doc>
<status status="PASS" start="2024-07-05T07:14:02.339626" elapsed="0.000386"/>
</kw>
<kw name="Log" owner="BuiltIn">
<msg time="2024-07-05T07:14:02.340551" level="INFO">{'gender': 'male', 'name': {'title': 'Monsieur', 'first': 'Maxime', 'last': 'Dumas'}, 'location': {'street': {'number': 654, 'name': 'Rue Louis-Blanqui'}, 'city': 'Lohnstorf', 'state': 'Neuchâtel', 'country': 'Switzerland', 'postcode': 4303, 'coordinates': {'latitude': '-57.2440', 'longitude': '-128.7998'}, 'timezone': {'offset': '+11:00', 'description': 'Magadan, Solomon Islands, New Caledonia'}}, 'email': 'maxime.dumas@example.com', 'login': {'uuid': 'a3f1e871-b098-4e71-b1c9-16ad504691bc', 'username': 'smallmeercat177', 'password': 'anna', 'salt': 'RcLF3CeT', 'md5': 'a3c404e8e02b77ddb65b6138cdc421d4', 'sha1': '1ee66f0e60e53e785a90633cbfa743bfd1eb2a6e', 'sha256': '317d788f836b6a0a549d427fbcc691e893afecc362f7b4d387902f71eb9cef7b'}, 'dob': {'date': '1967-06-14T04:15:24.002Z', 'age': 57}, 'registered': {'date': '2015-09-13T07:29:05.580Z', 'age': 8}, 'phone': '075 235 06 75', 'cell': '076 985 48 86', 'id': {'name': 'AVS', 'value': '756.9524.6023.50'}, 'picture': {'large': 'https://randomuser.me/api/portraits/men/82.jpg', 'medium': 'https://randomuser.me/api/portraits/med/men/82.jpg', 'thumbnail': 'https://randomuser.me/api/portraits/thumb/men/82.jpg'}, 'nat': 'CH'}</msg>
<arg>${json_data['results'][0]}</arg>
<doc>Logs the given message with the given level.</doc>
<status status="PASS" start="2024-07-05T07:14:02.340193" elapsed="0.000409"/>
</kw>
<kw name="Log" owner="BuiltIn">
<msg time="2024-07-05T07:14:02.341022" level="INFO">login</msg>
<arg>${key}</arg>
<doc>Logs the given message with the given level.</doc>
<status status="PASS" start="2024-07-05T07:14:02.340894" elapsed="0.000173"/>
</kw>
<var name="${key}">login</var>
<status status="PASS" start="2024-07-05T07:14:02.339518" elapsed="0.001774"/>
</iter>
<var>${key}</var>
<value>@{expected_keys}</value>
<status status="PASS" start="2024-07-05T07:14:02.331273" elapsed="0.010140"/>
</for>
<kw name="Create List" owner="BuiltIn">
<msg time="2024-07-05T07:14:02.341780" level="INFO">${expected_keysTwo} = ['username', 'password']</msg>
<var>${expected_keysTwo}</var>
<arg>username</arg>
<arg>password</arg>
<doc>Returns a list containing given items.</doc>
<status status="PASS" start="2024-07-05T07:14:02.341640" elapsed="0.000164"/>
</kw>
<for flavor="IN">
<iter>
<kw name="Dictionary Should Contain Key" owner="Collections">
<arg>${json_data['results'][0]['login']}</arg>
<arg>${keyTwo}</arg>
<doc>Fails if ``key`` is not found from ``dictionary``.</doc>
<status status="PASS" start="2024-07-05T07:14:02.342308" elapsed="0.000385"/>
</kw>
<kw name="Dictionary Should Contain Key" owner="Collections">
<arg>${json_data['results'][0]['login']}</arg>
<arg>${keyTwo}</arg>
<doc>Fails if ``key`` is not found from ``dictionary``.</doc>
<status status="PASS" start="2024-07-05T07:14:02.342870" elapsed="0.000395"/>
</kw>
<kw name="Log" owner="BuiltIn">
<msg time="2024-07-05T07:14:02.343572" level="INFO">username</msg>
<arg>${keyTwo}</arg>
<doc>Logs the given message with the given level.</doc>
<status status="PASS" start="2024-07-05T07:14:02.343448" elapsed="0.000163"/>
</kw>
<var name="${keyTwo}">username</var>
<status status="PASS" start="2024-07-05T07:14:02.342201" elapsed="0.001636"/>
</iter>
<iter>
<kw name="Dictionary Should Contain Key" owner="Collections">
<arg>${json_data['results'][0]['login']}</arg>
<arg>${keyTwo}</arg>
<doc>Fails if ``key`` is not found from ``dictionary``.</doc>
<status status="PASS" start="2024-07-05T07:14:02.344116" elapsed="0.000377"/>
</kw>
<kw name="Dictionary Should Contain Key" owner="Collections">
<arg>${json_data['results'][0]['login']}</arg>
<arg>${keyTwo}</arg>
<doc>Fails if ``key`` is not found from ``dictionary``.</doc>
<status status="PASS" start="2024-07-05T07:14:02.344672" elapsed="0.000362"/>
</kw>
<kw name="Log" owner="BuiltIn">
<msg time="2024-07-05T07:14:02.345326" level="INFO">password</msg>
<arg>${keyTwo}</arg>
<doc>Logs the given message with the given level.</doc>
<status status="PASS" start="2024-07-05T07:14:02.345208" elapsed="0.000160"/>
</kw>
<var name="${keyTwo}">password</var>
<status status="PASS" start="2024-07-05T07:14:02.344009" elapsed="0.001596"/>
</iter>
<var>${keyTwo}</var>
<value>@{expected_keysTwo}</value>
<status status="PASS" start="2024-07-05T07:14:02.342042" elapsed="0.003686"/>
</for>
<status status="PASS" start="2024-07-05T07:14:02.255383" elapsed="0.090490"/>
</kw>
<doc>Testa a estrutura da resposta da API.</doc>
<tag>testeEstruturaResposta</tag>
<status status="PASS" start="2024-07-05T07:14:02.254727" elapsed="0.091303"/>
</test>
<test id="s1-s1-t4" name="Validar tipos de dados" line="28">
<kw name="Teste de Tipos de Dados" owner="random-user-service">
<kw name="GET On Session" owner="RequestsLibrary">
<msg time="2024-07-05T07:14:02.424863" level="INFO">GET Request : url=https://randomuser.me/api 
 path_url=/api 
 headers={'User-Agent': 'python-requests/2.32.3', 'Accept-Encoding': 'gzip, deflate', 'Accept': '*/*', 'Connection': 'keep-alive'} 
 body=None 
 </msg>
<msg time="2024-07-05T07:14:02.424984" level="INFO">GET Response : url=https://randomuser.me/api 
 status=200, reason=OK 
 headers={'Date': 'Fri, 05 Jul 2024 07:14:02 GMT', 'Content-Type': 'application/json; charset=utf-8', 'Transfer-Encoding': 'chunked', 'Connection': 'keep-alive', 'X-Powered-By': 'Express', 'Access-Control-Allow-Origin': '*', 'Cache-Control': 'no-cache', 'ETag': 'W/"495-/THGdOF9dFsCKC8P2LuaAkVumqI"', 'Vary': 'Accept-Encoding', 'Content-Encoding': 'gzip', 'CF-Cache-Status': 'DYNAMIC', 'Report-To': '{"endpoints":[{"url":"https:\\/\\/a.nel.cloudflare.com\\/report\\/v4?s=1bD355X29W9qReiSMDieAeMQDdzXCYmWWLcmHUrsZbXjQVZcUeSFmSDO3WtvlxI5TzFRCcvTJ%2FOEYnFOrwFX59tu4eyvX4Buf78uvlm50cngkKBee3x7goAU0kE%2BSyhW"}],"group":"cf-nel","max_age":604800}', 'NEL': '{"success_fraction":0,"report_to":"cf-nel","max_age":604800}', 'Server': 'cloudflare', 'CF-RAY': '89e58e4cbeff2c11-ORD', 'alt-svc': 'h3=":443"; ma=86400'} 
 body={"results":[{"gender":"female","name":{"title":"Ms","first":"Nerea","last":"Castro"},"location":{"street":{"number":8230,"name":"Calle de Tetuán"},"city":"Torrevieja","state":"Islas Baleares","country":"Spain","postcode":43947,"coordinates":{"latitude":"-34.8220","longitude":"69.4357"},"timezone":{"offset":"+4:00","description":"Abu Dhabi, Muscat, Baku, Tbilisi"}},"email":"nerea.castro@example.com","login":{"uuid":"b2c9d9eb-6a51-42f8-b272-693d8ea6a767","username":"blackgorilla655","password":"james","salt":"Owgk7I9h","md5":"5f671da3c0e9feb99c47e46bc3c785d8","sha1":"8838bbd3da6dc3b320822d8782b8755b8c2c4fa6","sha256":"40a6d9ea045548e8b5a8467855ef6a2c6cddb1de2a59ae7d9a2132fe06740d60"},"dob":{"date":"1957-07-18T07:12:48.956Z","age":66},"registered":{"date":"2019-05-22T08:48:30.615Z","age":5},"phone":"996-464-346","cell":"681-781-054","id":{"name":"DNI","value":"81272933-M"},"picture":{"large":"https://randomuser.me/api/portraits/women/52.jpg","medium":"https://randomuser.me/api/portraits/med/women/52.jpg","thumbnail":"https://randomuser.me/api/portraits/thumb/women/52.jpg"},"nat":"ES"}],"info":{"seed":"ae0458f742ae8b0a","results":1,"page":1,"version":"1.4"}} 
 </msg>
<msg time="2024-07-05T07:14:02.425081" level="INFO">/opt/hostedtoolcache/Python/3.12.4/x64/lib/python3.12/site-packages/urllib3/connectionpool.py:1099: InsecureRequestWarning: Unverified HTTPS request is being made to host 'randomuser.me'. Adding certificate verification is strongly advised. See: https://urllib3.readthedocs.io/en/latest/advanced-usage.html#tls-warnings
  warnings.warn(</msg>
<msg time="2024-07-05T07:14:02.425254" level="INFO">${response} = &lt;Response [200]&gt;</msg>
<var>${response}</var>
<arg>consultarAPI</arg>
<arg>/api</arg>
<doc>Sends a GET request on a previously created HTTP Session.</doc>
<status status="PASS" start="2024-07-05T07:14:02.348710" elapsed="0.076608"/>
</kw>
<kw name="Set Variable" owner="BuiltIn">
<msg time="2024-07-05T07:14:02.426459" level="INFO">${json_data} = {'results': [{'gender': 'female', 'name': {'title': 'Ms', 'first': 'Nerea', 'last': 'Castro'}, 'location': {'street': {'number': 8230, 'name': 'Calle de Tetuán'}, 'city': 'Torrevieja', 'state': 'Islas...</msg>
<var>${json_data}</var>
<arg>${response.json()}</arg>
<doc>Returns the given values which can then be assigned to a variables.</doc>
<status status="PASS" start="2024-07-05T07:14:02.425883" elapsed="0.000607"/>
</kw>
<kw name="Log" owner="BuiltIn">
<msg time="2024-07-05T07:14:02.427095" level="INFO">{'results': [{'gender': 'female', 'name': {'title': 'Ms', 'first': 'Nerea', 'last': 'Castro'}, 'location': {'street': {'number': 8230, 'name': 'Calle de Tetuán'}, 'city': 'Torrevieja', 'state': 'Islas Baleares', 'country': 'Spain', 'postcode': 43947, 'coordinates': {'latitude': '-34.8220', 'longitude': '69.4357'}, 'timezone': {'offset': '+4:00', 'description': 'Abu Dhabi, Muscat, Baku, Tbilisi'}}, 'email': 'nerea.castro@example.com', 'login': {'uuid': 'b2c9d9eb-6a51-42f8-b272-693d8ea6a767', 'username': 'blackgorilla655', 'password': 'james', 'salt': 'Owgk7I9h', 'md5': '5f671da3c0e9feb99c47e46bc3c785d8', 'sha1': '8838bbd3da6dc3b320822d8782b8755b8c2c4fa6', 'sha256': '40a6d9ea045548e8b5a8467855ef6a2c6cddb1de2a59ae7d9a2132fe06740d60'}, 'dob': {'date': '1957-07-18T07:12:48.956Z', 'age': 66}, 'registered': {'date': '2019-05-22T08:48:30.615Z', 'age': 5}, 'phone': '996-464-346', 'cell': '681-781-054', 'id': {'name': 'DNI', 'value': '81272933-M'}, 'picture': {'large': 'https://randomuser.me/api/portraits/women/52.jpg', 'medium': 'https://randomuser.me/api/portraits/med/women/52.jpg', 'thumbnail': 'https://randomuser.me/api/portraits/thumb/women/52.jpg'}, 'nat': 'ES'}], 'info': {'seed': 'ae0458f742ae8b0a', 'results': 1, 'page': 1, 'version': '1.4'}}</msg>
<arg>${json_data}</arg>
<doc>Logs the given message with the given level.</doc>
<status status="PASS" start="2024-07-05T07:14:02.426884" elapsed="0.000269"/>
</kw>
<kw name="Should Be String" owner="String">
<arg>${json_data['results'][0]['gender']}</arg>
<doc>Fails if the given ``item`` is not a string.</doc>
<status status="PASS" start="2024-07-05T07:14:02.427475" elapsed="0.000404"/>
</kw>
<kw name="Should Match Regexp" owner="BuiltIn">
<arg>${json_data['results'][0]['email']}</arg>
<arg>^[a-zA-Z0-9._%+-]+@[a-zA-Z0-9.-]+\.[a-zA-Z]{2,}$</arg>
<doc>Fails if ``string`` does not match ``pattern`` as a regular expression.</doc>
<status status="PASS" start="2024-07-05T07:14:02.428117" elapsed="0.000567"/>
</kw>
<kw name="Should Match Regexp" owner="BuiltIn">
<arg>${json_data['results'][0]['dob']['date']}</arg>
<arg>\\d{4}-\\d{2}-\\d{2}T\\d{2}:\\d{2}:\\d{2}\\.\\d{3}Z</arg>
<doc>Fails if ``string`` does not match ``pattern`` as a regular expression.</doc>
<status status="PASS" start="2024-07-05T07:14:02.428890" elapsed="0.000514"/>
</kw>
<kw name="Should Match Regexp" owner="BuiltIn">
<arg>${json_data['results'][0]['registered']['date']}</arg>
<arg>\\d{4}-\\d{2}-\\d{2}T\\d{2}:\\d{2}:\\d{2}\\.\\d{3}Z</arg>
<doc>Fails if ``string`` does not match ``pattern`` as a regular expression.</doc>
<status status="PASS" start="2024-07-05T07:14:02.429603" elapsed="0.000371"/>
</kw>
<kw name="Should Match Regexp" owner="BuiltIn">
<arg>${json_data['results'][0]['picture']['large']}</arg>
<arg>^https?://.*\.(?:png|jpe?g|gif|bmp)$</arg>
<doc>Fails if ``string`` does not match ``pattern`` as a regular expression.</doc>
<status status="PASS" start="2024-07-05T07:14:02.430161" elapsed="0.000468"/>
</kw>
<kw name="Should Match Regexp" owner="BuiltIn">
<arg>${json_data['results'][0]['picture']['medium']}</arg>
<arg>^https?://.*\.(?:png|jpe?g|gif|bmp)$</arg>
<doc>Fails if ``string`` does not match ``pattern`` as a regular expression.</doc>
<status status="PASS" start="2024-07-05T07:14:02.430818" elapsed="0.000386"/>
</kw>
<kw name="Should Match Regexp" owner="BuiltIn">
<arg>${json_data['results'][0]['picture']['thumbnail']}</arg>
<arg>^https?://.*\.(?:png|jpe?g|gif|bmp)$</arg>
<doc>Fails if ``string`` does not match ``pattern`` as a regular expression.</doc>
<status status="PASS" start="2024-07-05T07:14:02.431387" elapsed="0.000352"/>
</kw>
<kw name="Log" owner="BuiltIn">
<msg time="2024-07-05T07:14:02.432255" level="INFO">{'large': 'https://randomuser.me/api/portraits/women/52.jpg', 'medium': 'https://randomuser.me/api/portraits/med/women/52.jpg', 'thumbnail': 'https://randomuser.me/api/portraits/thumb/women/52.jpg'}</msg>
<arg>${json_data['results'][0]['picture']}</arg>
<doc>Logs the given message with the given level.</doc>
<status status="PASS" start="2024-07-05T07:14:02.431923" elapsed="0.000374"/>
</kw>
<status status="PASS" start="2024-07-05T07:14:02.348474" elapsed="0.084096"/>
</kw>
<kw name="Teste de Tipos de Dados - Postcode" owner="random-user-service">
<kw name="GET On Session" owner="RequestsLibrary">
<msg time="2024-07-05T07:14:02.540484" level="INFO">GET Request : url=https://randomuser.me/api 
 path_url=/api 
 headers={'User-Agent': 'python-requests/2.32.3', 'Accept-Encoding': 'gzip, deflate', 'Accept': '*/*', 'Connection': 'keep-alive'} 
 body=None 
 </msg>
<msg time="2024-07-05T07:14:02.540589" level="INFO">GET Response : url=https://randomuser.me/api 
 status=200, reason=OK 
 headers={'Date': 'Fri, 05 Jul 2024 07:14:02 GMT', 'Content-Type': 'application/json; charset=utf-8', 'Transfer-Encoding': 'chunked', 'Connection': 'keep-alive', 'X-Powered-By': 'Express', 'Access-Control-Allow-Origin': '*', 'Cache-Control': 'no-cache', 'ETag': 'W/"489-jofMzEIpDm9XwOE6oUsllaKLj1w"', 'Vary': 'Accept-Encoding', 'Content-Encoding': 'gzip', 'CF-Cache-Status': 'DYNAMIC', 'Report-To': '{"endpoints":[{"url":"https:\\/\\/a.nel.cloudflare.com\\/report\\/v4?s=3KGjUWxHU%2FZ2bmf%2B1aRWZlD5MPq3eoFtULR96jfRirzZa9pBSjduR3GvRwR89%2F9%2BSOrvPROkQTdsmRLZ9ViJH%2BIOLDOjri5IGcYvTwHcCy2UbEFZKPXxWAGAi34rrYiv"}],"group":"cf-nel","max_age":604800}', 'NEL': '{"success_fraction":0,"report_to":"cf-nel","max_age":604800}', 'Server': 'cloudflare', 'CF-RAY': '89e58e4d3f572c11-ORD', 'alt-svc': 'h3=":443"; ma=86400'} 
 body={"results":[{"gender":"female","name":{"title":"Mrs","first":"Ülkü","last":"Ekici"},"location":{"street":{"number":9728,"name":"Kushimoto Sk"},"city":"Konya","state":"Kırşehir","country":"Turkey","postcode":39290,"coordinates":{"latitude":"67.6701","longitude":"142.7239"},"timezone":{"offset":"+3:00","description":"Baghdad, Riyadh, Moscow, St. Petersburg"}},"email":"ulku.ekici@example.com","login":{"uuid":"e578f387-5dfd-43b3-8bd3-6352e80c9b73","username":"bluekoala276","password":"sleepy","salt":"30ZlRpbS","md5":"bbbb41a51bb389778a0808851dcfbea9","sha1":"4df91bf7b76aeed6887e2b7f3cc142d2b60ac993","sha256":"a79744a1ac31e948b2485482668fc6e5df573ab7d0d1cb71219cbb60b05d3957"},"dob":{"date":"1964-12-30T16:17:18.476Z","age":59},"registered":{"date":"2005-12-18T17:38:00.456Z","age":18},"phone":"(507)-664-2646","cell":"(854)-413-5982","id":{"name":"","value":null},"picture":{"large":"https://randomuser.me/api/portraits/women/86.jpg","medium":"https://randomuser.me/api/portraits/med/women/86.jpg","thumbnail":"https://randomuser.me/api/portraits/thumb/women/86.jpg"},"nat":"TR"}],"info":{"seed":"6c801bfe32de57d4","results":1,"page":1,"version":"1.4"}} 
 </msg>
<msg time="2024-07-05T07:14:02.540667" level="INFO">/opt/hostedtoolcache/Python/3.12.4/x64/lib/python3.12/site-packages/urllib3/connectionpool.py:1099: InsecureRequestWarning: Unverified HTTPS request is being made to host 'randomuser.me'. Adding certificate verification is strongly advised. See: https://urllib3.readthedocs.io/en/latest/advanced-usage.html#tls-warnings
  warnings.warn(</msg>
<msg time="2024-07-05T07:14:02.540817" level="INFO">${response} = &lt;Response [200]&gt;</msg>
<var>${response}</var>
<arg>consultarAPI</arg>
<arg>/api</arg>
<doc>Sends a GET request on a previously created HTTP Session.</doc>
<status status="PASS" start="2024-07-05T07:14:02.433047" elapsed="0.107811"/>
</kw>
<kw name="Set Variable" owner="BuiltIn">
<msg time="2024-07-05T07:14:02.541941" level="INFO">${json_data} = {'results': [{'gender': 'female', 'name': {'title': 'Mrs', 'first': 'Ülkü', 'last': 'Ekici'}, 'location': {'street': {'number': 9728, 'name': 'Kushimoto Sk'}, 'city': 'Konya', 'state': 'Kırşehir', 'co...</msg>
<var>${json_data}</var>
<arg>${response.json()}</arg>
<doc>Returns the given values which can then be assigned to a variables.</doc>
<status status="PASS" start="2024-07-05T07:14:02.541408" elapsed="0.000564"/>
</kw>
<kw name="Log" owner="BuiltIn">
<msg time="2024-07-05T07:14:02.542446" level="INFO">{'results': [{'gender': 'female', 'name': {'title': 'Mrs', 'first': 'Ülkü', 'last': 'Ekici'}, 'location': {'street': {'number': 9728, 'name': 'Kushimoto Sk'}, 'city': 'Konya', 'state': 'Kırşehir', 'country': 'Turkey', 'postcode': 39290, 'coordinates': {'latitude': '67.6701', 'longitude': '142.7239'}, 'timezone': {'offset': '+3:00', 'description': 'Baghdad, Riyadh, Moscow, St. Petersburg'}}, 'email': 'ulku.ekici@example.com', 'login': {'uuid': 'e578f387-5dfd-43b3-8bd3-6352e80c9b73', 'username': 'bluekoala276', 'password': 'sleepy', 'salt': '30ZlRpbS', 'md5': 'bbbb41a51bb389778a0808851dcfbea9', 'sha1': '4df91bf7b76aeed6887e2b7f3cc142d2b60ac993', 'sha256': 'a79744a1ac31e948b2485482668fc6e5df573ab7d0d1cb71219cbb60b05d3957'}, 'dob': {'date': '1964-12-30T16:17:18.476Z', 'age': 59}, 'registered': {'date': '2005-12-18T17:38:00.456Z', 'age': 18}, 'phone': '(507)-664-2646', 'cell': '(854)-413-5982', 'id': {'name': '', 'value': None}, 'picture': {'large': 'https://randomuser.me/api/portraits/women/86.jpg', 'medium': 'https://randomuser.me/api/portraits/med/women/86.jpg', 'thumbnail': 'https://randomuser.me/api/portraits/thumb/women/86.jpg'}, 'nat': 'TR'}], 'info': {'seed': '6c801bfe32de57d4', 'results': 1, 'page': 1, 'version': '1.4'}}</msg>
<arg>${json_data}</arg>
<doc>Logs the given message with the given level.</doc>
<status status="PASS" start="2024-07-05T07:14:02.542282" elapsed="0.000214"/>
</kw>
<kw name="Should Be Equal As Numbers" owner="BuiltIn">
<arg>${json_data['results'][0]['location']['postcode']}</arg>
<arg>${json_data['results'][0]['location']['postcode']}</arg>
<doc>Fails if objects are unequal after converting them to real numbers.</doc>
<status status="PASS" start="2024-07-05T07:14:02.542791" elapsed="0.000669"/>
</kw>
<kw name="Log" owner="BuiltIn">
<msg time="2024-07-05T07:14:02.544032" level="INFO">39290</msg>
<arg>${json_data['results'][0]['location']['postcode']}</arg>
<doc>Logs the given message with the given level.</doc>
<status status="PASS" start="2024-07-05T07:14:02.543691" elapsed="0.000391"/>
</kw>
<status status="PASS" start="2024-07-05T07:14:02.432806" elapsed="0.111540"/>
</kw>
<doc>Testa se os tipos de dados na resposta da API estão corretos.</doc>
<tag>testeTiposDados</tag>
<status status="PASS" start="2024-07-05T07:14:02.347835" elapsed="0.196685"/>
</test>
<test id="s1-s1-t5" name="Validar conteudo" line="35">
<kw name="Teste de Tipos de Conteudo" owner="random-user-service">
<kw name="GET On Session" owner="RequestsLibrary">
<msg time="2024-07-05T07:14:02.625449" level="INFO">GET Request : url=https://randomuser.me/api 
 path_url=/api 
 headers={'User-Agent': 'python-requests/2.32.3', 'Accept-Encoding': 'gzip, deflate', 'Accept': '*/*', 'Connection': 'keep-alive'} 
 body=None 
 </msg>
<msg time="2024-07-05T07:14:02.625538" level="INFO">GET Response : url=https://randomuser.me/api 
 status=200, reason=OK 
 headers={'Date': 'Fri, 05 Jul 2024 07:14:02 GMT', 'Content-Type': 'application/json; charset=utf-8', 'Transfer-Encoding': 'chunked', 'Connection': 'keep-alive', 'X-Powered-By': 'Express', 'Access-Control-Allow-Origin': '*', 'Cache-Control': 'no-cache', 'ETag': 'W/"47f-4zZneeR1ymcaksSCiYZ+rxDnoQA"', 'Vary': 'Accept-Encoding', 'Content-Encoding': 'gzip', 'CF-Cache-Status': 'DYNAMIC', 'Report-To': '{"endpoints":[{"url":"https:\\/\\/a.nel.cloudflare.com\\/report\\/v4?s=OLX5ymtv0PIf8SnzvciuNuA9Oh4Ql02ZR5ZJmPO%2FBTLRB7%2BgsPSzVIO7T2%2F9IJpHJixs9jh6vBdz9DWMTWvrqLwdIL8p9c4JIbko9AJcusiXJwqXaLevcq2UktXGzX9t"}],"group":"cf-nel","max_age":604800}', 'NEL': '{"success_fraction":0,"report_to":"cf-nel","max_age":604800}', 'Server': 'cloudflare', 'CF-RAY': '89e58e4dffb92c11-ORD', 'alt-svc': 'h3=":443"; ma=86400'} 
 body={"results":[{"gender":"male","name":{"title":"Mr","first":"Enzo","last":"Rey"},"location":{"street":{"number":108,"name":"Rue Bossuet"},"city":"Mulhouse","state":"Savoie","country":"France","postcode":31342,"coordinates":{"latitude":"-20.6183","longitude":"-35.2549"},"timezone":{"offset":"+2:00","description":"Kaliningrad, South Africa"}},"email":"enzo.rey@example.com","login":{"uuid":"4d8068d3-0532-44ef-a249-5fc285aa067b","username":"goldenmeercat391","password":"brett","salt":"dtnir58l","md5":"ca83386ff6dc7780390449cf44d510f6","sha1":"44c901294faeb3f6c1da5ef481aabfe72044d3ff","sha256":"5b5073dba6950dedd3b8ed75a0519cb0200b0582aca794e75bb9bf4662cbedac"},"dob":{"date":"1999-10-07T22:09:22.835Z","age":24},"registered":{"date":"2017-08-25T13:29:50.096Z","age":6},"phone":"03-36-60-44-77","cell":"06-62-48-63-67","id":{"name":"INSEE","value":"1990952774960 20"},"picture":{"large":"https://randomuser.me/api/portraits/men/14.jpg","medium":"https://randomuser.me/api/portraits/med/men/14.jpg","thumbnail":"https://randomuser.me/api/portraits/thumb/men/14.jpg"},"nat":"FR"}],"info":{"seed":"ef39369534ae55d3","results":1,"page":1,"version":"1.4"}} 
 </msg>
<msg time="2024-07-05T07:14:02.625632" level="INFO">/opt/hostedtoolcache/Python/3.12.4/x64/lib/python3.12/site-packages/urllib3/connectionpool.py:1099: InsecureRequestWarning: Unverified HTTPS request is being made to host 'randomuser.me'. Adding certificate verification is strongly advised. See: https://urllib3.readthedocs.io/en/latest/advanced-usage.html#tls-warnings
  warnings.warn(</msg>
<msg time="2024-07-05T07:14:02.625775" level="INFO">${response} = &lt;Response [200]&gt;</msg>
<var>${response}</var>
<arg>consultarAPI</arg>
<arg>/api</arg>
<doc>Sends a GET request on a previously created HTTP Session.</doc>
<status status="PASS" start="2024-07-05T07:14:02.547305" elapsed="0.078517"/>
</kw>
<kw name="Set Variable" owner="BuiltIn">
<msg time="2024-07-05T07:14:02.626686" level="INFO">${json_data} = {'results': [{'gender': 'male', 'name': {'title': 'Mr', 'first': 'Enzo', 'last': 'Rey'}, 'location': {'street': {'number': 108, 'name': 'Rue Bossuet'}, 'city': 'Mulhouse', 'state': 'Savoie', 'country'...</msg>
<var>${json_data}</var>
<arg>${response.json()}</arg>
<doc>Returns the given values which can then be assigned to a variables.</doc>
<status status="PASS" start="2024-07-05T07:14:02.626222" elapsed="0.000492"/>
</kw>
<kw name="Set Variable" owner="BuiltIn">
<msg time="2024-07-05T07:14:02.627426" level="INFO">${name_title} = Mr</msg>
<var>${name_title}</var>
<arg>${json_data["results"][0]["name"]["title"]}</arg>
<doc>Returns the given values which can then be assigned to a variables.</doc>
<status status="PASS" start="2024-07-05T07:14:02.627043" elapsed="0.000409"/>
</kw>
<kw name="Create List" owner="BuiltIn">
<msg time="2024-07-05T07:14:02.627893" level="INFO">${allowed_titles} = ['Mr', 'Ms', 'Miss', 'Mrs', 'Madame', 'Monsieur']</msg>
<var>${allowed_titles}</var>
<arg>Mr</arg>
<arg>Ms</arg>
<arg>Miss</arg>
<arg>Mrs</arg>
<arg>Madame</arg>
<arg>Monsieur</arg>
<doc>Returns a list containing given items.</doc>
<status status="PASS" start="2024-07-05T07:14:02.627746" elapsed="0.000171"/>
</kw>
<kw name="List Should Contain Value" owner="Collections">
<arg>${allowed_titles}</arg>
<arg>${name_title}</arg>
<doc>Fails if the ``value`` is not found from ``list``.</doc>
<status status="PASS" start="2024-07-05T07:14:02.628212" elapsed="0.000176"/>
</kw>
<kw name="Set Variable" owner="BuiltIn">
<msg time="2024-07-05T07:14:02.628925" level="INFO">${name_country} = FR</msg>
<var>${name_country}</var>
<arg>${json_data["results"][0]["nat"]}</arg>
<doc>Returns the given values which can then be assigned to a variables.</doc>
<status status="PASS" start="2024-07-05T07:14:02.628565" elapsed="0.000385"/>
</kw>
<kw name="Create List" owner="BuiltIn">
<msg time="2024-07-05T07:14:02.629818" level="INFO">${list_country} = ['AD', 'AE', 'AF', 'AG', 'AI', 'AL', 'AM', 'AO', 'AQ', 'AR', 'AS', 'AT', 'AU', 'AW', 'AX', 'AZ', 'BA', 'BB', 'BD', 'BE', 'BF', 'BG', 'BH', 'BI', 'BJ', 'BL', 'BM', 'BN', 'BO', 'BQ', 'BR', 'BS', 'BT', '...</msg>
<var>${list_country}</var>
<arg>AD</arg>
<arg>AE</arg>
<arg>AF</arg>
<arg>AG</arg>
<arg>AI</arg>
<arg>AL</arg>
<arg>AM</arg>
<arg>AO</arg>
<arg>AQ</arg>
<arg>AR</arg>
<arg>AS</arg>
<arg>AT</arg>
<arg>AU</arg>
<arg>AW</arg>
<arg>AX</arg>
<arg>AZ</arg>
<arg>BA</arg>
<arg>BB</arg>
<arg>BD</arg>
<arg>BE</arg>
<arg>BF</arg>
<arg>BG</arg>
<arg>BH</arg>
<arg>BI</arg>
<arg>BJ</arg>
<arg>BL</arg>
<arg>BM</arg>
<arg>BN</arg>
<arg>BO</arg>
<arg>BQ</arg>
<arg>BR</arg>
<arg>BS</arg>
<arg>BT</arg>
<arg>BV</arg>
<arg>BW</arg>
<arg>BY</arg>
<arg>BZ</arg>
<arg>CA</arg>
<arg>CC</arg>
<arg>CD</arg>
<arg>CF</arg>
<arg>CG</arg>
<arg>CH</arg>
<arg>CI</arg>
<arg>CK</arg>
<arg>CL</arg>
<arg>CM</arg>
<arg>CN</arg>
<arg>CO</arg>
<arg>CR</arg>
<arg>CU</arg>
<arg>CV</arg>
<arg>CW</arg>
<arg>CX</arg>
<arg>CY</arg>
<arg>CZ</arg>
<arg>DE</arg>
<arg>DJ</arg>
<arg>DK</arg>
<arg>DM</arg>
<arg>DO</arg>
<arg>DZ</arg>
<arg>EC</arg>
<arg>EE</arg>
<arg>EG</arg>
<arg>EH</arg>
<arg>ER</arg>
<arg>ES</arg>
<arg>ET</arg>
<arg>FI</arg>
<arg>FJ</arg>
<arg>FK</arg>
<arg>FM</arg>
<arg>FO</arg>
<arg>FR</arg>
<arg>GA</arg>
<arg>GB</arg>
<arg>GD</arg>
<arg>GE</arg>
<arg>GF</arg>
<arg>GG</arg>
<arg>GH</arg>
<arg>GI</arg>
<arg>GL</arg>
<arg>GM</arg>
<arg>GN</arg>
<arg>GP</arg>
<arg>GQ</arg>
<arg>GR</arg>
<arg>GS</arg>
<arg>GT</arg>
<arg>GU</arg>
<arg>GW</arg>
<arg>GY</arg>
<arg>HK</arg>
<arg>HM</arg>
<arg>HN</arg>
<arg>HR</arg>
<arg>HT</arg>
<arg>HU</arg>
<arg>ID</arg>
<arg>IE</arg>
<arg>IL</arg>
<arg>IM</arg>
<arg>IN</arg>
<arg>IO</arg>
<arg>IQ</arg>
<arg>IR</arg>
<arg>IS</arg>
<arg>IT</arg>
<arg>JE</arg>
<arg>JM</arg>
<arg>JO</arg>
<arg>JP</arg>
<arg>KE</arg>
<arg>KG</arg>
<arg>KH</arg>
<arg>KI</arg>
<arg>KM</arg>
<arg>KN</arg>
<arg>KP</arg>
<arg>KR</arg>
<arg>KW</arg>
<arg>KY</arg>
<arg>KZ</arg>
<arg>LA</arg>
<arg>LB</arg>
<arg>LC</arg>
<arg>LI</arg>
<arg>LK</arg>
<arg>LR</arg>
<arg>LS</arg>
<arg>LT</arg>
<arg>LU</arg>
<arg>LV</arg>
<arg>LY</arg>
<arg>MA</arg>
<arg>MC</arg>
<arg>MD</arg>
<arg>ME</arg>
<arg>MF</arg>
<arg>MG</arg>
<arg>MH</arg>
<arg>MK</arg>
<arg>ML</arg>
<arg>MM</arg>
<arg>MN</arg>
<arg>MO</arg>
<arg>MP</arg>
<arg>MQ</arg>
<arg>MR</arg>
<arg>MS</arg>
<arg>MT</arg>
<arg>MU</arg>
<arg>MV</arg>
<arg>MW</arg>
<arg>MX</arg>
<arg>MY</arg>
<arg>MZ</arg>
<arg>NA</arg>
<arg>NC</arg>
<arg>NE</arg>
<arg>NF</arg>
<arg>NG</arg>
<arg>NI</arg>
<arg>NL</arg>
<arg>NO</arg>
<arg>NP</arg>
<arg>NR</arg>
<arg>NU</arg>
<arg>NZ</arg>
<arg>OM</arg>
<arg>PA</arg>
<arg>PE</arg>
<arg>PF</arg>
<arg>PG</arg>
<arg>PH</arg>
<arg>PK</arg>
<arg>PL</arg>
<arg>PM</arg>
<arg>PN</arg>
<arg>PR</arg>
<arg>PS</arg>
<arg>PT</arg>
<arg>PW</arg>
<arg>PY</arg>
<arg>QA</arg>
<arg>RE</arg>
<arg>RO</arg>
<arg>RS</arg>
<arg>RU</arg>
<arg>RW</arg>
<arg>SA</arg>
<arg>SB</arg>
<arg>SC</arg>
<arg>SD</arg>
<arg>SE</arg>
<arg>SG</arg>
<arg>SH</arg>
<arg>SI</arg>
<arg>SJ</arg>
<arg>SK</arg>
<arg>SL</arg>
<arg>SM</arg>
<arg>SN</arg>
<arg>SO</arg>
<arg>SR</arg>
<arg>SS</arg>
<arg>ST</arg>
<arg>SV</arg>
<arg>SX</arg>
<arg>SY</arg>
<arg>SZ</arg>
<arg>TC</arg>
<arg>TD</arg>
<arg>TF</arg>
<arg>TG</arg>
<arg>TH</arg>
<arg>TJ</arg>
<arg>TK</arg>
<arg>TL</arg>
<arg>TM</arg>
<arg>TN</arg>
<arg>TO</arg>
<arg>TR</arg>
<arg>TT</arg>
<arg>TV</arg>
<arg>TW</arg>
<arg>TZ</arg>
<arg>UA</arg>
<arg>UG</arg>
<arg>UM</arg>
<arg>US</arg>
<arg>UY</arg>
<arg>UZ</arg>
<arg>VA</arg>
<arg>VC</arg>
<arg>VE</arg>
<arg>VG</arg>
<arg>VI</arg>
<arg>VN</arg>
<arg>VU</arg>
<arg>WF</arg>
<arg>WS</arg>
<arg>XK</arg>
<arg>YE</arg>
<arg>YT</arg>
<arg>ZA</arg>
<arg>ZM</arg>
<arg>ZW</arg>
<doc>Returns a list containing given items.</doc>
<status status="PASS" start="2024-07-05T07:14:02.629234" elapsed="0.000608"/>
</kw>
<kw name="List Should Contain Value" owner="Collections">
<arg>${list_country}</arg>
<arg>${name_country}</arg>
<doc>Fails if the ``value`` is not found from ``list``.</doc>
<status status="PASS" start="2024-07-05T07:14:02.630627" elapsed="0.000199"/>
</kw>
<kw name="Run Keyword If" owner="BuiltIn">
<kw name="Should Be True" owner="BuiltIn">
<arg>${True}</arg>
<doc>Fails if the given condition is not true.</doc>
<status status="PASS" start="2024-07-05T07:14:02.631782" elapsed="0.000140"/>
</kw>
<arg>${json_data["results"][0]["location"]["coordinates"]["latitude"]} &gt;= -90 and ${json_data["results"][0]["location"]["coordinates"]["latitude"]} &lt;= 90</arg>
<arg>Should Be True</arg>
<arg>${True}</arg>
<doc>Runs the given keyword with the given arguments, if ``condition`` is true.</doc>
<status status="PASS" start="2024-07-05T07:14:02.631043" elapsed="0.001002"/>
</kw>
<kw name="Run Keyword If" owner="BuiltIn">
<kw name="Should Be True" owner="BuiltIn">
<arg>${True}</arg>
<doc>Fails if the given condition is not true.</doc>
<status status="PASS" start="2024-07-05T07:14:02.632898" elapsed="0.000136"/>
</kw>
<arg>${json_data["results"][0]["location"]["coordinates"]["longitude"]} &gt;= -180 and ${json_data["results"][0]["location"]["coordinates"]["longitude"]} &lt;= 180</arg>
<arg>Should Be True</arg>
<arg>${True}</arg>
<doc>Runs the given keyword with the given arguments, if ``condition`` is true.</doc>
<status status="PASS" start="2024-07-05T07:14:02.632222" elapsed="0.000932"/>
</kw>
<status status="PASS" start="2024-07-05T07:14:02.546875" elapsed="0.086407"/>
</kw>
<doc>Testa o conteúdo específico dos campos retornados pela API.</doc>
<tag>testeConteudo</tag>
<status status="PASS" start="2024-07-05T07:14:02.546304" elapsed="0.087124"/>
</test>
<status status="PASS" start="2024-07-05T07:14:01.624460" elapsed="1.010972"/>
</suite>
<status status="PASS" start="2024-07-05T07:14:01.609536" elapsed="1.031068"/>
</suite>
<statistics>
<total>
<stat pass="5" fail="0" skip="0">All Tests</stat>
</total>
<tag>
<stat pass="1" fail="0" skip="0">testeConteudo</stat>
<stat pass="1" fail="0" skip="0">testeEstruturaResposta</stat>
<stat pass="1" fail="0" skip="0">testeRequisicaoBasica</stat>
<stat pass="1" fail="0" skip="0">testeTiposDados</stat>
</tag>
<suite>
<stat pass="5" fail="0" skip="0" id="s1" name="Tests">Tests</stat>
<stat pass="5" fail="0" skip="0" id="s1-s1" name="Random-User-Test">Tests.Random-User-Test</stat>
</suite>
</statistics>
<errors>
</errors>
</robot>
