<?xml version="1.0" encoding="UTF-8"?>
<robot generator="Robot 7.0.1 (Python 3.12.4 on linux)" generated="2024-07-07T04:17:02.926434" rpa="false" schemaversion="5">
<suite id="s1" name="Tests" source="/home/runner/work/ApiRandomUser/ApiRandomUser/RamdonUser/tests">
<suite id="s1-s1" name="Random-User-Test" source="/home/runner/work/ApiRandomUser/ApiRandomUser/RamdonUser/tests/random-user-test.robot">
<test id="s1-s1-t1" name="Conectar" line="13">
<kw name="Conectar API" owner="random-user-service">
<kw name="Create Session" owner="RequestsLibrary">
<msg time="2024-07-07T04:17:03.325882" level="INFO">Creating Session using : alias=consultarAPI, url=https://randomuser.me/, headers={},                     cookies={}, auth=None, timeout=None, proxies=None, verify=False,                     debug=0 </msg>
<arg>consultarAPI</arg>
<arg>${URL}</arg>
<doc>Create Session: create a HTTP session to a server</doc>
<status status="PASS" start="2024-07-07T04:17:03.325635" elapsed="0.000448"/>
</kw>
<status status="PASS" start="2024-07-07T04:17:03.324655" elapsed="0.001800"/>
</kw>
<status status="PASS" start="2024-07-07T04:17:03.323971" elapsed="0.002674"/>
</test>
<test id="s1-s1-t2" name="Validar retorno 200 e JSON Válido" line="16">
<kw name="Teste de Requisicao Basica" owner="random-user-service">
<kw name="GET On Session" owner="RequestsLibrary">
<msg time="2024-07-07T04:17:03.380694" level="INFO">GET Request : url=https://randomuser.me/api 
 path_url=/api 
 headers={'User-Agent': 'python-requests/2.32.3', 'Accept-Encoding': 'gzip, deflate', 'Accept': '*/*', 'Connection': 'keep-alive'} 
 body=None 
 </msg>
<msg time="2024-07-07T04:17:03.380858" level="INFO">GET Response : url=https://randomuser.me/api 
 status=200, reason=OK 
 headers={'Date': 'Sun, 07 Jul 2024 04:17:03 GMT', 'Content-Type': 'application/json; charset=utf-8', 'Transfer-Encoding': 'chunked', 'Connection': 'keep-alive', 'X-Powered-By': 'Express', 'Access-Control-Allow-Origin': '*', 'Cache-Control': 'no-cache', 'ETag': 'W/"48b-kT29qow8ayPhvMvJYa6uO4DvCew"', 'Vary': 'Accept-Encoding', 'Content-Encoding': 'gzip', 'CF-Cache-Status': 'DYNAMIC', 'Report-To': '{"endpoints":[{"url":"https:\\/\\/a.nel.cloudflare.com\\/report\\/v4?s=773EQpa%2Bb53D%2F6ZCeYpPcESbYo8XIOZIeGTS8pcrMfIucZwLmGaFK2bbeTqYFCsel%2BeROd6GW2HGNfWfME41WnoQWbQWmS4POGvNQSbBLftGBb3pQhEwvPuHUuSmkZQr"}],"group":"cf-nel","max_age":604800}', 'NEL': '{"success_fraction":0,"report_to":"cf-nel","max_age":604800}', 'Server': 'cloudflare', 'CF-RAY': '89f505cbfa915af9-IAD', 'alt-svc': 'h3=":443"; ma=86400'} 
 body={"results":[{"gender":"female","name":{"title":"Ms","first":"Theresa","last":"Hayes"},"location":{"street":{"number":1166,"name":"Stevens Creek Blvd"},"city":"Hervey Bay","state":"Queensland","country":"Australia","postcode":2519,"coordinates":{"latitude":"-82.2503","longitude":"108.8334"},"timezone":{"offset":"-11:00","description":"Midway Island, Samoa"}},"email":"theresa.hayes@example.com","login":{"uuid":"e6b01c77-93fb-44cd-8083-137ca958f619","username":"brownbird283","password":"love","salt":"n8TqYZGa","md5":"d02e4e648d03b413ee513c4aa333a31b","sha1":"82c27f7a754802bccf053e488e78a572ed4f9205","sha256":"8695928abfcff6d08ac1824c1f26882443c1919ef4bb53097c3837c9ae5c30d8"},"dob":{"date":"1970-06-29T16:37:36.465Z","age":54},"registered":{"date":"2017-06-25T20:40:27.822Z","age":7},"phone":"05-3594-1555","cell":"0442-001-807","id":{"name":"TFN","value":"056517165"},"picture":{"large":"https://randomuser.me/api/portraits/women/60.jpg","medium":"https://randomuser.me/api/portraits/med/women/60.jpg","thumbnail":"https://randomuser.me/api/portraits/thumb/women/60.jpg"},"nat":"AU"}],"info":{"seed":"4cf2cc1403640ab2","results":1,"page":1,"version":"1.4"}} 
 </msg>
<msg time="2024-07-07T04:17:03.380956" level="INFO">/opt/hostedtoolcache/Python/3.12.4/x64/lib/python3.12/site-packages/urllib3/connectionpool.py:1099: InsecureRequestWarning: Unverified HTTPS request is being made to host 'randomuser.me'. Adding certificate verification is strongly advised. See: https://urllib3.readthedocs.io/en/latest/advanced-usage.html#tls-warnings
  warnings.warn(</msg>
<msg time="2024-07-07T04:17:03.381145" level="INFO">${response} = &lt;Response [200]&gt;</msg>
<var>${response}</var>
<arg>consultarAPI</arg>
<arg>/api</arg>
<doc>Sends a GET request on a previously created HTTP Session.</doc>
<status status="PASS" start="2024-07-07T04:17:03.329336" elapsed="0.051861"/>
</kw>
<kw name="Should Be Equal As Numbers" owner="BuiltIn">
<msg time="2024-07-07T04:17:03.382214" level="INFO">Argument types are:
&lt;class 'int'&gt;
&lt;class 'str'&gt;</msg>
<arg>${response.status_code}</arg>
<arg>200</arg>
<doc>Fails if objects are unequal after converting them to real numbers.</doc>
<status status="PASS" start="2024-07-07T04:17:03.381712" elapsed="0.000569"/>
</kw>
<kw name="Log" owner="BuiltIn">
<msg time="2024-07-07T04:17:03.382957" level="INFO">200</msg>
<arg>${response.status_code}</arg>
<doc>Logs the given message with the given level.</doc>
<status status="PASS" start="2024-07-07T04:17:03.382603" elapsed="0.000398"/>
</kw>
<kw name="Set Variable" owner="BuiltIn">
<msg time="2024-07-07T04:17:03.383743" level="INFO">${json_data} = {'results': [{'gender': 'female', 'name': {'title': 'Ms', 'first': 'Theresa', 'last': 'Hayes'}, 'location': {'street': {'number': 1166, 'name': 'Stevens Creek Blvd'}, 'city': 'Hervey Bay', 'state': 'Q...</msg>
<var>${json_data}</var>
<arg>${response.json()}</arg>
<doc>Returns the given values which can then be assigned to a variables.</doc>
<status status="PASS" start="2024-07-07T04:17:03.383304" elapsed="0.000470"/>
</kw>
<kw name="Dictionary Should Contain Key" owner="Collections">
<arg>${json_data}</arg>
<arg>results</arg>
<doc>Fails if ``key`` is not found from ``dictionary``.</doc>
<status status="PASS" start="2024-07-07T04:17:03.384071" elapsed="0.000165"/>
</kw>
<status status="PASS" start="2024-07-07T04:17:03.329089" elapsed="0.055307"/>
</kw>
<doc>Testa se a API responde corretamente e retorna um objeto JSON válido.</doc>
<tag>testeRequisicaoBasica</tag>
<status status="PASS" start="2024-07-07T04:17:03.328491" elapsed="0.056082"/>
</test>
<test id="s1-s1-t3" name="Validar estrutura de resposta" line="22">
<kw name="Teste de Estrutura de Resposta" owner="random-user-service">
<kw name="GET On Session" owner="RequestsLibrary">
<msg time="2024-07-07T04:17:03.482607" level="INFO">GET Request : url=https://randomuser.me/api 
 path_url=/api 
 headers={'User-Agent': 'python-requests/2.32.3', 'Accept-Encoding': 'gzip, deflate', 'Accept': '*/*', 'Connection': 'keep-alive'} 
 body=None 
 </msg>
<msg time="2024-07-07T04:17:03.482702" level="INFO">GET Response : url=https://randomuser.me/api 
 status=200, reason=OK 
 headers={'Date': 'Sun, 07 Jul 2024 04:17:03 GMT', 'Content-Type': 'application/json; charset=utf-8', 'Transfer-Encoding': 'chunked', 'Connection': 'keep-alive', 'X-Powered-By': 'Express', 'Access-Control-Allow-Origin': '*', 'Cache-Control': 'no-cache', 'ETag': 'W/"480-cMWd8IIeqp4SgXStZOKg5GSe1EE"', 'Vary': 'Accept-Encoding', 'Content-Encoding': 'gzip', 'CF-Cache-Status': 'DYNAMIC', 'Report-To': '{"endpoints":[{"url":"https:\\/\\/a.nel.cloudflare.com\\/report\\/v4?s=%2BgjGDgzwPp9aWez4EdXFiUqLsxvLEsfpirFwgLq2wYARLyJcqonzv3OXriC%2FCKSkAwrmquVdMB6bJowcEMhTd%2FFugkvCd6Xy18wKMYhgLbWNsmTos9A%2FRueqqvfCNRsr"}],"group":"cf-nel","max_age":604800}', 'NEL': '{"success_fraction":0,"report_to":"cf-nel","max_age":604800}', 'Server': 'cloudflare', 'CF-RAY': '89f505cc2ab85af9-IAD', 'alt-svc': 'h3=":443"; ma=86400'} 
 body={"results":[{"gender":"male","name":{"title":"Mr","first":"Lonnie","last":"Myers"},"location":{"street":{"number":9196,"name":"Ranchview Dr"},"city":"Rockhampton","state":"Queensland","country":"Australia","postcode":7524,"coordinates":{"latitude":"-86.0069","longitude":"-107.7257"},"timezone":{"offset":"+2:00","description":"Kaliningrad, South Africa"}},"email":"lonnie.myers@example.com","login":{"uuid":"aa8ebb67-5009-45be-a47d-182059791194","username":"heavysnake170","password":"dima","salt":"vcaKtS6O","md5":"c4bbc994eb345cddf2bed1ec4f68ce93","sha1":"add8461572bbce958a70b9649a343dda3184d8f9","sha256":"a257ee26b695e21ff07815d003ee6e9b00a03ecaff0b4c26876c8b0d26b3be25"},"dob":{"date":"1975-03-11T05:36:08.245Z","age":49},"registered":{"date":"2005-12-30T06:45:30.691Z","age":18},"phone":"03-5450-0523","cell":"0486-210-890","id":{"name":"TFN","value":"596222728"},"picture":{"large":"https://randomuser.me/api/portraits/men/0.jpg","medium":"https://randomuser.me/api/portraits/med/men/0.jpg","thumbnail":"https://randomuser.me/api/portraits/thumb/men/0.jpg"},"nat":"AU"}],"info":{"seed":"f0b4614dcf7bac9b","results":1,"page":1,"version":"1.4"}} 
 </msg>
<msg time="2024-07-07T04:17:03.482823" level="INFO">/opt/hostedtoolcache/Python/3.12.4/x64/lib/python3.12/site-packages/urllib3/connectionpool.py:1099: InsecureRequestWarning: Unverified HTTPS request is being made to host 'randomuser.me'. Adding certificate verification is strongly advised. See: https://urllib3.readthedocs.io/en/latest/advanced-usage.html#tls-warnings
  warnings.warn(</msg>
<msg time="2024-07-07T04:17:03.482941" level="INFO">${response} = &lt;Response [200]&gt;</msg>
<var>${response}</var>
<arg>consultarAPI</arg>
<arg>/api</arg>
<doc>Sends a GET request on a previously created HTTP Session.</doc>
<status status="PASS" start="2024-07-07T04:17:03.387584" elapsed="0.095399"/>
</kw>
<kw name="Set Variable" owner="BuiltIn">
<msg time="2024-07-07T04:17:03.483982" level="INFO">${json_data} = {'results': [{'gender': 'male', 'name': {'title': 'Mr', 'first': 'Lonnie', 'last': 'Myers'}, 'location': {'street': {'number': 9196, 'name': 'Ranchview Dr'}, 'city': 'Rockhampton', 'state': 'Queenslan...</msg>
<var>${json_data}</var>
<arg>${response.json()}</arg>
<doc>Returns the given values which can then be assigned to a variables.</doc>
<status status="PASS" start="2024-07-07T04:17:03.483471" elapsed="0.000540"/>
</kw>
<kw name="Log" owner="BuiltIn">
<msg time="2024-07-07T04:17:03.484497" level="INFO">{'results': [{'gender': 'male', 'name': {'title': 'Mr', 'first': 'Lonnie', 'last': 'Myers'}, 'location': {'street': {'number': 9196, 'name': 'Ranchview Dr'}, 'city': 'Rockhampton', 'state': 'Queensland', 'country': 'Australia', 'postcode': 7524, 'coordinates': {'latitude': '-86.0069', 'longitude': '-107.7257'}, 'timezone': {'offset': '+2:00', 'description': 'Kaliningrad, South Africa'}}, 'email': 'lonnie.myers@example.com', 'login': {'uuid': 'aa8ebb67-5009-45be-a47d-182059791194', 'username': 'heavysnake170', 'password': 'dima', 'salt': 'vcaKtS6O', 'md5': 'c4bbc994eb345cddf2bed1ec4f68ce93', 'sha1': 'add8461572bbce958a70b9649a343dda3184d8f9', 'sha256': 'a257ee26b695e21ff07815d003ee6e9b00a03ecaff0b4c26876c8b0d26b3be25'}, 'dob': {'date': '1975-03-11T05:36:08.245Z', 'age': 49}, 'registered': {'date': '2005-12-30T06:45:30.691Z', 'age': 18}, 'phone': '03-5450-0523', 'cell': '0486-210-890', 'id': {'name': 'TFN', 'value': '596222728'}, 'picture': {'large': 'https://randomuser.me/api/portraits/men/0.jpg', 'medium': 'https://randomuser.me/api/portraits/med/men/0.jpg', 'thumbnail': 'https://randomuser.me/api/portraits/thumb/men/0.jpg'}, 'nat': 'AU'}], 'info': {'seed': 'f0b4614dcf7bac9b', 'results': 1, 'page': 1, 'version': '1.4'}}</msg>
<arg>${json_data}</arg>
<doc>Logs the given message with the given level.</doc>
<status status="PASS" start="2024-07-07T04:17:03.484341" elapsed="0.000216"/>
</kw>
<kw name="Dictionary Should Contain Key" owner="Collections">
<arg>${json_data}</arg>
<arg>results</arg>
<doc>Fails if ``key`` is not found from ``dictionary``.</doc>
<status status="PASS" start="2024-07-07T04:17:03.484846" elapsed="0.000157"/>
</kw>
<kw name="Should Not Be Empty" owner="BuiltIn">
<msg time="2024-07-07T04:17:03.485321" level="INFO">Length is 2.</msg>
<arg>${json_data}</arg>
<doc>Verifies that the given item is not empty.</doc>
<status status="PASS" start="2024-07-07T04:17:03.485187" elapsed="0.000173"/>
</kw>
<kw name="Create List" owner="BuiltIn">
<msg time="2024-07-07T04:17:03.486001" level="INFO">${expected_keys} = ['gender', 'name', 'location', 'email', 'login']</msg>
<var>${expected_keys}</var>
<arg>gender</arg>
<arg>name</arg>
<arg>location</arg>
<arg>email</arg>
<arg>login</arg>
<doc>Returns a list containing given items.</doc>
<status status="PASS" start="2024-07-07T04:17:03.485654" elapsed="0.000374"/>
</kw>
<for flavor="IN">
<iter>
<kw name="Dictionary Should Contain Key" owner="Collections">
<arg>${json_data['results'][0]}</arg>
<arg>${key}</arg>
<doc>Fails if ``key`` is not found from ``dictionary``.</doc>
<status status="PASS" start="2024-07-07T04:17:03.486615" elapsed="0.000404"/>
</kw>
<kw name="Log" owner="BuiltIn">
<msg time="2024-07-07T04:17:03.487568" level="INFO">{'gender': 'male', 'name': {'title': 'Mr', 'first': 'Lonnie', 'last': 'Myers'}, 'location': {'street': {'number': 9196, 'name': 'Ranchview Dr'}, 'city': 'Rockhampton', 'state': 'Queensland', 'country': 'Australia', 'postcode': 7524, 'coordinates': {'latitude': '-86.0069', 'longitude': '-107.7257'}, 'timezone': {'offset': '+2:00', 'description': 'Kaliningrad, South Africa'}}, 'email': 'lonnie.myers@example.com', 'login': {'uuid': 'aa8ebb67-5009-45be-a47d-182059791194', 'username': 'heavysnake170', 'password': 'dima', 'salt': 'vcaKtS6O', 'md5': 'c4bbc994eb345cddf2bed1ec4f68ce93', 'sha1': 'add8461572bbce958a70b9649a343dda3184d8f9', 'sha256': 'a257ee26b695e21ff07815d003ee6e9b00a03ecaff0b4c26876c8b0d26b3be25'}, 'dob': {'date': '1975-03-11T05:36:08.245Z', 'age': 49}, 'registered': {'date': '2005-12-30T06:45:30.691Z', 'age': 18}, 'phone': '03-5450-0523', 'cell': '0486-210-890', 'id': {'name': 'TFN', 'value': '596222728'}, 'picture': {'large': 'https://randomuser.me/api/portraits/men/0.jpg', 'medium': 'https://randomuser.me/api/portraits/med/men/0.jpg', 'thumbnail': 'https://randomuser.me/api/portraits/thumb/men/0.jpg'}, 'nat': 'AU'}</msg>
<arg>${json_data['results'][0]}</arg>
<doc>Logs the given message with the given level.</doc>
<status status="PASS" start="2024-07-07T04:17:03.487206" elapsed="0.000410"/>
</kw>
<kw name="Log" owner="BuiltIn">
<msg time="2024-07-07T04:17:03.488041" level="INFO">gender</msg>
<arg>${key}</arg>
<doc>Logs the given message with the given level.</doc>
<status status="PASS" start="2024-07-07T04:17:03.487912" elapsed="0.000167"/>
</kw>
<var name="${key}">gender</var>
<status status="PASS" start="2024-07-07T04:17:03.486490" elapsed="0.001805"/>
</iter>
<iter>
<kw name="Dictionary Should Contain Key" owner="Collections">
<arg>${json_data['results'][0]}</arg>
<arg>${key}</arg>
<doc>Fails if ``key`` is not found from ``dictionary``.</doc>
<status status="PASS" start="2024-07-07T04:17:03.488597" elapsed="0.000391"/>
</kw>
<kw name="Log" owner="BuiltIn">
<msg time="2024-07-07T04:17:03.489521" level="INFO">{'gender': 'male', 'name': {'title': 'Mr', 'first': 'Lonnie', 'last': 'Myers'}, 'location': {'street': {'number': 9196, 'name': 'Ranchview Dr'}, 'city': 'Rockhampton', 'state': 'Queensland', 'country': 'Australia', 'postcode': 7524, 'coordinates': {'latitude': '-86.0069', 'longitude': '-107.7257'}, 'timezone': {'offset': '+2:00', 'description': 'Kaliningrad, South Africa'}}, 'email': 'lonnie.myers@example.com', 'login': {'uuid': 'aa8ebb67-5009-45be-a47d-182059791194', 'username': 'heavysnake170', 'password': 'dima', 'salt': 'vcaKtS6O', 'md5': 'c4bbc994eb345cddf2bed1ec4f68ce93', 'sha1': 'add8461572bbce958a70b9649a343dda3184d8f9', 'sha256': 'a257ee26b695e21ff07815d003ee6e9b00a03ecaff0b4c26876c8b0d26b3be25'}, 'dob': {'date': '1975-03-11T05:36:08.245Z', 'age': 49}, 'registered': {'date': '2005-12-30T06:45:30.691Z', 'age': 18}, 'phone': '03-5450-0523', 'cell': '0486-210-890', 'id': {'name': 'TFN', 'value': '596222728'}, 'picture': {'large': 'https://randomuser.me/api/portraits/men/0.jpg', 'medium': 'https://randomuser.me/api/portraits/med/men/0.jpg', 'thumbnail': 'https://randomuser.me/api/portraits/thumb/men/0.jpg'}, 'nat': 'AU'}</msg>
<arg>${json_data['results'][0]}</arg>
<doc>Logs the given message with the given level.</doc>
<status status="PASS" start="2024-07-07T04:17:03.489173" elapsed="0.000438"/>
</kw>
<kw name="Log" owner="BuiltIn">
<msg time="2024-07-07T04:17:03.490061" level="INFO">name</msg>
<arg>${key}</arg>
<doc>Logs the given message with the given level.</doc>
<status status="PASS" start="2024-07-07T04:17:03.489930" elapsed="0.000168"/>
</kw>
<var name="${key}">name</var>
<status status="PASS" start="2024-07-07T04:17:03.488479" elapsed="0.001839"/>
</iter>
<iter>
<kw name="Dictionary Should Contain Key" owner="Collections">
<arg>${json_data['results'][0]}</arg>
<arg>${key}</arg>
<doc>Fails if ``key`` is not found from ``dictionary``.</doc>
<status status="PASS" start="2024-07-07T04:17:03.490604" elapsed="0.000382"/>
</kw>
<kw name="Log" owner="BuiltIn">
<msg time="2024-07-07T04:17:03.491516" level="INFO">{'gender': 'male', 'name': {'title': 'Mr', 'first': 'Lonnie', 'last': 'Myers'}, 'location': {'street': {'number': 9196, 'name': 'Ranchview Dr'}, 'city': 'Rockhampton', 'state': 'Queensland', 'country': 'Australia', 'postcode': 7524, 'coordinates': {'latitude': '-86.0069', 'longitude': '-107.7257'}, 'timezone': {'offset': '+2:00', 'description': 'Kaliningrad, South Africa'}}, 'email': 'lonnie.myers@example.com', 'login': {'uuid': 'aa8ebb67-5009-45be-a47d-182059791194', 'username': 'heavysnake170', 'password': 'dima', 'salt': 'vcaKtS6O', 'md5': 'c4bbc994eb345cddf2bed1ec4f68ce93', 'sha1': 'add8461572bbce958a70b9649a343dda3184d8f9', 'sha256': 'a257ee26b695e21ff07815d003ee6e9b00a03ecaff0b4c26876c8b0d26b3be25'}, 'dob': {'date': '1975-03-11T05:36:08.245Z', 'age': 49}, 'registered': {'date': '2005-12-30T06:45:30.691Z', 'age': 18}, 'phone': '03-5450-0523', 'cell': '0486-210-890', 'id': {'name': 'TFN', 'value': '596222728'}, 'picture': {'large': 'https://randomuser.me/api/portraits/men/0.jpg', 'medium': 'https://randomuser.me/api/portraits/med/men/0.jpg', 'thumbnail': 'https://randomuser.me/api/portraits/thumb/men/0.jpg'}, 'nat': 'AU'}</msg>
<arg>${json_data['results'][0]}</arg>
<doc>Logs the given message with the given level.</doc>
<status status="PASS" start="2024-07-07T04:17:03.491169" elapsed="0.000404"/>
</kw>
<kw name="Log" owner="BuiltIn">
<msg time="2024-07-07T04:17:03.491998" level="INFO">location</msg>
<arg>${key}</arg>
<doc>Logs the given message with the given level.</doc>
<status status="PASS" start="2024-07-07T04:17:03.491870" elapsed="0.000165"/>
</kw>
<var name="${key}">location</var>
<status status="PASS" start="2024-07-07T04:17:03.490494" elapsed="0.001758"/>
</iter>
<iter>
<kw name="Dictionary Should Contain Key" owner="Collections">
<arg>${json_data['results'][0]}</arg>
<arg>${key}</arg>
<doc>Fails if ``key`` is not found from ``dictionary``.</doc>
<status status="PASS" start="2024-07-07T04:17:03.492528" elapsed="0.000385"/>
</kw>
<kw name="Log" owner="BuiltIn">
<msg time="2024-07-07T04:17:03.493438" level="INFO">{'gender': 'male', 'name': {'title': 'Mr', 'first': 'Lonnie', 'last': 'Myers'}, 'location': {'street': {'number': 9196, 'name': 'Ranchview Dr'}, 'city': 'Rockhampton', 'state': 'Queensland', 'country': 'Australia', 'postcode': 7524, 'coordinates': {'latitude': '-86.0069', 'longitude': '-107.7257'}, 'timezone': {'offset': '+2:00', 'description': 'Kaliningrad, South Africa'}}, 'email': 'lonnie.myers@example.com', 'login': {'uuid': 'aa8ebb67-5009-45be-a47d-182059791194', 'username': 'heavysnake170', 'password': 'dima', 'salt': 'vcaKtS6O', 'md5': 'c4bbc994eb345cddf2bed1ec4f68ce93', 'sha1': 'add8461572bbce958a70b9649a343dda3184d8f9', 'sha256': 'a257ee26b695e21ff07815d003ee6e9b00a03ecaff0b4c26876c8b0d26b3be25'}, 'dob': {'date': '1975-03-11T05:36:08.245Z', 'age': 49}, 'registered': {'date': '2005-12-30T06:45:30.691Z', 'age': 18}, 'phone': '03-5450-0523', 'cell': '0486-210-890', 'id': {'name': 'TFN', 'value': '596222728'}, 'picture': {'large': 'https://randomuser.me/api/portraits/men/0.jpg', 'medium': 'https://randomuser.me/api/portraits/med/men/0.jpg', 'thumbnail': 'https://randomuser.me/api/portraits/thumb/men/0.jpg'}, 'nat': 'AU'}</msg>
<arg>${json_data['results'][0]}</arg>
<doc>Logs the given message with the given level.</doc>
<status status="PASS" start="2024-07-07T04:17:03.493093" elapsed="0.000393"/>
</kw>
<kw name="Log" owner="BuiltIn">
<msg time="2024-07-07T04:17:03.493954" level="INFO">email</msg>
<arg>${key}</arg>
<doc>Logs the given message with the given level.</doc>
<status status="PASS" start="2024-07-07T04:17:03.493790" elapsed="0.000205"/>
</kw>
<var name="${key}">email</var>
<status status="PASS" start="2024-07-07T04:17:03.492421" elapsed="0.001795"/>
</iter>
<iter>
<kw name="Dictionary Should Contain Key" owner="Collections">
<arg>${json_data['results'][0]}</arg>
<arg>${key}</arg>
<doc>Fails if ``key`` is not found from ``dictionary``.</doc>
<status status="PASS" start="2024-07-07T04:17:03.494502" elapsed="0.000392"/>
</kw>
<kw name="Log" owner="BuiltIn">
<msg time="2024-07-07T04:17:03.495425" level="INFO">{'gender': 'male', 'name': {'title': 'Mr', 'first': 'Lonnie', 'last': 'Myers'}, 'location': {'street': {'number': 9196, 'name': 'Ranchview Dr'}, 'city': 'Rockhampton', 'state': 'Queensland', 'country': 'Australia', 'postcode': 7524, 'coordinates': {'latitude': '-86.0069', 'longitude': '-107.7257'}, 'timezone': {'offset': '+2:00', 'description': 'Kaliningrad, South Africa'}}, 'email': 'lonnie.myers@example.com', 'login': {'uuid': 'aa8ebb67-5009-45be-a47d-182059791194', 'username': 'heavysnake170', 'password': 'dima', 'salt': 'vcaKtS6O', 'md5': 'c4bbc994eb345cddf2bed1ec4f68ce93', 'sha1': 'add8461572bbce958a70b9649a343dda3184d8f9', 'sha256': 'a257ee26b695e21ff07815d003ee6e9b00a03ecaff0b4c26876c8b0d26b3be25'}, 'dob': {'date': '1975-03-11T05:36:08.245Z', 'age': 49}, 'registered': {'date': '2005-12-30T06:45:30.691Z', 'age': 18}, 'phone': '03-5450-0523', 'cell': '0486-210-890', 'id': {'name': 'TFN', 'value': '596222728'}, 'picture': {'large': 'https://randomuser.me/api/portraits/men/0.jpg', 'medium': 'https://randomuser.me/api/portraits/med/men/0.jpg', 'thumbnail': 'https://randomuser.me/api/portraits/thumb/men/0.jpg'}, 'nat': 'AU'}</msg>
<arg>${json_data['results'][0]}</arg>
<doc>Logs the given message with the given level.</doc>
<status status="PASS" start="2024-07-07T04:17:03.495075" elapsed="0.000398"/>
</kw>
<kw name="Log" owner="BuiltIn">
<msg time="2024-07-07T04:17:03.495888" level="INFO">login</msg>
<arg>${key}</arg>
<doc>Logs the given message with the given level.</doc>
<status status="PASS" start="2024-07-07T04:17:03.495762" elapsed="0.000164"/>
</kw>
<var name="${key}">login</var>
<status status="PASS" start="2024-07-07T04:17:03.494387" elapsed="0.001753"/>
</iter>
<var>${key}</var>
<value>@{expected_keys}</value>
<status status="PASS" start="2024-07-07T04:17:03.486299" elapsed="0.009960"/>
</for>
<kw name="Create List" owner="BuiltIn">
<msg time="2024-07-07T04:17:03.496607" level="INFO">${expected_keysTwo} = ['username', 'password']</msg>
<var>${expected_keysTwo}</var>
<arg>username</arg>
<arg>password</arg>
<doc>Returns a list containing given items.</doc>
<status status="PASS" start="2024-07-07T04:17:03.496448" elapsed="0.000184"/>
</kw>
<for flavor="IN">
<iter>
<kw name="Dictionary Should Contain Key" owner="Collections">
<arg>${json_data['results'][0]['login']}</arg>
<arg>${keyTwo}</arg>
<doc>Fails if ``key`` is not found from ``dictionary``.</doc>
<status status="PASS" start="2024-07-07T04:17:03.497161" elapsed="0.000381"/>
</kw>
<kw name="Dictionary Should Contain Key" owner="Collections">
<arg>${json_data['results'][0]['login']}</arg>
<arg>${keyTwo}</arg>
<doc>Fails if ``key`` is not found from ``dictionary``.</doc>
<status status="PASS" start="2024-07-07T04:17:03.497722" elapsed="0.000420"/>
</kw>
<kw name="Log" owner="BuiltIn">
<msg time="2024-07-07T04:17:03.498451" level="INFO">username</msg>
<arg>${keyTwo}</arg>
<doc>Logs the given message with the given level.</doc>
<status status="PASS" start="2024-07-07T04:17:03.498329" elapsed="0.000159"/>
</kw>
<var name="${keyTwo}">username</var>
<status status="PASS" start="2024-07-07T04:17:03.497052" elapsed="0.001657"/>
</iter>
<iter>
<kw name="Dictionary Should Contain Key" owner="Collections">
<arg>${json_data['results'][0]['login']}</arg>
<arg>${keyTwo}</arg>
<doc>Fails if ``key`` is not found from ``dictionary``.</doc>
<status status="PASS" start="2024-07-07T04:17:03.498988" elapsed="0.000382"/>
</kw>
<kw name="Dictionary Should Contain Key" owner="Collections">
<arg>${json_data['results'][0]['login']}</arg>
<arg>${keyTwo}</arg>
<doc>Fails if ``key`` is not found from ``dictionary``.</doc>
<status status="PASS" start="2024-07-07T04:17:03.499552" elapsed="0.000386"/>
</kw>
<kw name="Log" owner="BuiltIn">
<msg time="2024-07-07T04:17:03.500231" level="INFO">password</msg>
<arg>${keyTwo}</arg>
<doc>Logs the given message with the given level.</doc>
<status status="PASS" start="2024-07-07T04:17:03.500113" elapsed="0.000160"/>
</kw>
<var name="${keyTwo}">password</var>
<status status="PASS" start="2024-07-07T04:17:03.498882" elapsed="0.001706"/>
</iter>
<var>${keyTwo}</var>
<value>@{expected_keysTwo}</value>
<status status="PASS" start="2024-07-07T04:17:03.496897" elapsed="0.003812"/>
</for>
<status status="PASS" start="2024-07-07T04:17:03.387249" elapsed="0.113601"/>
</kw>
<doc>Testa a estrutura da resposta da API.</doc>
<tag>testeEstruturaResposta</tag>
<status status="PASS" start="2024-07-07T04:17:03.386469" elapsed="0.114534"/>
</test>
<test id="s1-s1-t4" name="Validar tipos de dados" line="28">
<kw name="Teste de Tipos de Dados" owner="random-user-service">
<kw name="GET On Session" owner="RequestsLibrary">
<msg time="2024-07-07T04:17:03.579656" level="INFO">GET Request : url=https://randomuser.me/api 
 path_url=/api 
 headers={'User-Agent': 'python-requests/2.32.3', 'Accept-Encoding': 'gzip, deflate', 'Accept': '*/*', 'Connection': 'keep-alive'} 
 body=None 
 </msg>
<msg time="2024-07-07T04:17:03.579748" level="INFO">GET Response : url=https://randomuser.me/api 
 status=200, reason=OK 
 headers={'Date': 'Sun, 07 Jul 2024 04:17:03 GMT', 'Content-Type': 'application/json; charset=utf-8', 'Transfer-Encoding': 'chunked', 'Connection': 'keep-alive', 'X-Powered-By': 'Express', 'Access-Control-Allow-Origin': '*', 'Cache-Control': 'no-cache', 'ETag': 'W/"493-eYXvHwSdzOgOVTrhVeelodjnEcI"', 'Vary': 'Accept-Encoding', 'Content-Encoding': 'gzip', 'CF-Cache-Status': 'DYNAMIC', 'Report-To': '{"endpoints":[{"url":"https:\\/\\/a.nel.cloudflare.com\\/report\\/v4?s=JNiVM0nskBNSBm9%2B5oM5OgYd5PAmhOD4Cm0lnncWAIxT1n7312WhsBj3pRkWl08jxzsuEwIK2q6YR%2BDLlwvf%2B3Ex2Z4zDbX5u4TjFCTadMruPNy23tRuEmJtdePKtUJR"}],"group":"cf-nel","max_age":604800}', 'NEL': '{"success_fraction":0,"report_to":"cf-nel","max_age":604800}', 'Server': 'cloudflare', 'CF-RAY': '89f505cceb375af9-IAD', 'alt-svc': 'h3=":443"; ma=86400'} 
 body={"results":[{"gender":"male","name":{"title":"Mr","first":"Lenni","last":"Pelto"},"location":{"street":{"number":2544,"name":"Bulevardi"},"city":"Vihti","state":"Kainuu","country":"Finland","postcode":97167,"coordinates":{"latitude":"-22.0153","longitude":"-81.0444"},"timezone":{"offset":"0:00","description":"Western Europe Time, London, Lisbon, Casablanca"}},"email":"lenni.pelto@example.com","login":{"uuid":"8a640f2f-dd72-453a-8a33-9fb1ff31f2b8","username":"brownelephant649","password":"option","salt":"23DlvoOa","md5":"f051b2c5a4d22211070659a77393bb36","sha1":"f262e6bd0c2a990fec2337f3b7deba25d8c7366b","sha256":"efb4e8b9af59a8e3616a7f7829209c2831bda07b71813fcd25164d24d2a896a2"},"dob":{"date":"2000-03-17T00:33:41.312Z","age":24},"registered":{"date":"2016-12-23T01:26:39.601Z","age":7},"phone":"09-921-917","cell":"045-890-83-17","id":{"name":"HETU","value":"NaNNA921undefined"},"picture":{"large":"https://randomuser.me/api/portraits/men/10.jpg","medium":"https://randomuser.me/api/portraits/med/men/10.jpg","thumbnail":"https://randomuser.me/api/portraits/thumb/men/10.jpg"},"nat":"FI"}],"info":{"seed":"8bd3ea5425728962","results":1,"page":1,"version":"1.4"}} 
 </msg>
<msg time="2024-07-07T04:17:03.579818" level="INFO">/opt/hostedtoolcache/Python/3.12.4/x64/lib/python3.12/site-packages/urllib3/connectionpool.py:1099: InsecureRequestWarning: Unverified HTTPS request is being made to host 'randomuser.me'. Adding certificate verification is strongly advised. See: https://urllib3.readthedocs.io/en/latest/advanced-usage.html#tls-warnings
  warnings.warn(</msg>
<msg time="2024-07-07T04:17:03.579933" level="INFO">${response} = &lt;Response [200]&gt;</msg>
<var>${response}</var>
<arg>consultarAPI</arg>
<arg>/api</arg>
<doc>Sends a GET request on a previously created HTTP Session.</doc>
<status status="PASS" start="2024-07-07T04:17:03.503469" elapsed="0.076526"/>
</kw>
<kw name="Set Variable" owner="BuiltIn">
<msg time="2024-07-07T04:17:03.581027" level="INFO">${json_data} = {'results': [{'gender': 'male', 'name': {'title': 'Mr', 'first': 'Lenni', 'last': 'Pelto'}, 'location': {'street': {'number': 2544, 'name': 'Bulevardi'}, 'city': 'Vihti', 'state': 'Kainuu', 'country':...</msg>
<var>${json_data}</var>
<arg>${response.json()}</arg>
<doc>Returns the given values which can then be assigned to a variables.</doc>
<status status="PASS" start="2024-07-07T04:17:03.580514" elapsed="0.000541"/>
</kw>
<kw name="Log" owner="BuiltIn">
<msg time="2024-07-07T04:17:03.581526" level="INFO">{'results': [{'gender': 'male', 'name': {'title': 'Mr', 'first': 'Lenni', 'last': 'Pelto'}, 'location': {'street': {'number': 2544, 'name': 'Bulevardi'}, 'city': 'Vihti', 'state': 'Kainuu', 'country': 'Finland', 'postcode': 97167, 'coordinates': {'latitude': '-22.0153', 'longitude': '-81.0444'}, 'timezone': {'offset': '0:00', 'description': 'Western Europe Time, London, Lisbon, Casablanca'}}, 'email': 'lenni.pelto@example.com', 'login': {'uuid': '8a640f2f-dd72-453a-8a33-9fb1ff31f2b8', 'username': 'brownelephant649', 'password': 'option', 'salt': '23DlvoOa', 'md5': 'f051b2c5a4d22211070659a77393bb36', 'sha1': 'f262e6bd0c2a990fec2337f3b7deba25d8c7366b', 'sha256': 'efb4e8b9af59a8e3616a7f7829209c2831bda07b71813fcd25164d24d2a896a2'}, 'dob': {'date': '2000-03-17T00:33:41.312Z', 'age': 24}, 'registered': {'date': '2016-12-23T01:26:39.601Z', 'age': 7}, 'phone': '09-921-917', 'cell': '045-890-83-17', 'id': {'name': 'HETU', 'value': 'NaNNA921undefined'}, 'picture': {'large': 'https://randomuser.me/api/portraits/men/10.jpg', 'medium': 'https://randomuser.me/api/portraits/med/men/10.jpg', 'thumbnail': 'https://randomuser.me/api/portraits/thumb/men/10.jpg'}, 'nat': 'FI'}], 'info': {'seed': '8bd3ea5425728962', 'results': 1, 'page': 1, 'version': '1.4'}}</msg>
<arg>${json_data}</arg>
<doc>Logs the given message with the given level.</doc>
<status status="PASS" start="2024-07-07T04:17:03.581368" elapsed="0.000207"/>
</kw>
<kw name="Should Be String" owner="String">
<arg>${json_data['results'][0]['gender']}</arg>
<doc>Fails if the given ``item`` is not a string.</doc>
<status status="PASS" start="2024-07-07T04:17:03.581900" elapsed="0.000369"/>
</kw>
<kw name="Should Match Regexp" owner="BuiltIn">
<arg>${json_data['results'][0]['email']}</arg>
<arg>^[a-zA-Z0-9._%+-]+@[a-zA-Z0-9.-]+\.[a-zA-Z]{2,}$</arg>
<doc>Fails if ``string`` does not match ``pattern`` as a regular expression.</doc>
<status status="PASS" start="2024-07-07T04:17:03.582459" elapsed="0.000516"/>
</kw>
<kw name="Should Match Regexp" owner="BuiltIn">
<arg>${json_data['results'][0]['dob']['date']}</arg>
<arg>\\d{4}-\\d{2}-\\d{2}T\\d{2}:\\d{2}:\\d{2}\\.\\d{3}Z</arg>
<doc>Fails if ``string`` does not match ``pattern`` as a regular expression.</doc>
<status status="PASS" start="2024-07-07T04:17:03.583206" elapsed="0.000491"/>
</kw>
<kw name="Should Match Regexp" owner="BuiltIn">
<arg>${json_data['results'][0]['registered']['date']}</arg>
<arg>\\d{4}-\\d{2}-\\d{2}T\\d{2}:\\d{2}:\\d{2}\\.\\d{3}Z</arg>
<doc>Fails if ``string`` does not match ``pattern`` as a regular expression.</doc>
<status status="PASS" start="2024-07-07T04:17:03.583888" elapsed="0.000365"/>
</kw>
<kw name="Should Match Regexp" owner="BuiltIn">
<arg>${json_data['results'][0]['picture']['large']}</arg>
<arg>^https?://.*\.(?:png|jpe?g|gif|bmp)$</arg>
<doc>Fails if ``string`` does not match ``pattern`` as a regular expression.</doc>
<status status="PASS" start="2024-07-07T04:17:03.584436" elapsed="0.000453"/>
</kw>
<kw name="Should Match Regexp" owner="BuiltIn">
<arg>${json_data['results'][0]['picture']['medium']}</arg>
<arg>^https?://.*\.(?:png|jpe?g|gif|bmp)$</arg>
<doc>Fails if ``string`` does not match ``pattern`` as a regular expression.</doc>
<status status="PASS" start="2024-07-07T04:17:03.585073" elapsed="0.000347"/>
</kw>
<kw name="Should Match Regexp" owner="BuiltIn">
<arg>${json_data['results'][0]['picture']['thumbnail']}</arg>
<arg>^https?://.*\.(?:png|jpe?g|gif|bmp)$</arg>
<doc>Fails if ``string`` does not match ``pattern`` as a regular expression.</doc>
<status status="PASS" start="2024-07-07T04:17:03.585603" elapsed="0.000372"/>
</kw>
<kw name="Log" owner="BuiltIn">
<msg time="2024-07-07T04:17:03.586491" level="INFO">{'large': 'https://randomuser.me/api/portraits/men/10.jpg', 'medium': 'https://randomuser.me/api/portraits/med/men/10.jpg', 'thumbnail': 'https://randomuser.me/api/portraits/thumb/men/10.jpg'}</msg>
<arg>${json_data['results'][0]['picture']}</arg>
<doc>Logs the given message with the given level.</doc>
<status status="PASS" start="2024-07-07T04:17:03.586162" elapsed="0.000371"/>
</kw>
<status status="PASS" start="2024-07-07T04:17:03.503246" elapsed="0.083543"/>
</kw>
<kw name="Teste de Tipos de Dados - Postcode" owner="random-user-service">
<kw name="GET On Session" owner="RequestsLibrary">
<msg time="2024-07-07T04:17:03.679257" level="INFO">GET Request : url=https://randomuser.me/api 
 path_url=/api 
 headers={'User-Agent': 'python-requests/2.32.3', 'Accept-Encoding': 'gzip, deflate', 'Accept': '*/*', 'Connection': 'keep-alive'} 
 body=None 
 </msg>
<msg time="2024-07-07T04:17:03.679356" level="INFO">GET Response : url=https://randomuser.me/api 
 status=200, reason=OK 
 headers={'Date': 'Sun, 07 Jul 2024 04:17:03 GMT', 'Content-Type': 'application/json; charset=utf-8', 'Transfer-Encoding': 'chunked', 'Connection': 'keep-alive', 'X-Powered-By': 'Express', 'Access-Control-Allow-Origin': '*', 'Cache-Control': 'no-cache', 'ETag': 'W/"497-Cebl+8ovRCqYQcCfr22a6bq+dMc"', 'Vary': 'Accept-Encoding', 'Content-Encoding': 'gzip', 'CF-Cache-Status': 'DYNAMIC', 'Report-To': '{"endpoints":[{"url":"https:\\/\\/a.nel.cloudflare.com\\/report\\/v4?s=Z9Z725qJYx8fMalS5wbcI3m2EDsy00JU7sTIB3rYu42KHoFmhcfS%2Fjh9FbnNdYuxD%2B0pnVRPlLY1Mbs2aeRTnZZVOJBQ%2BvwwP19PZ7WVL%2FILzjAg2A1XW1zRLF%2BcAYW0"}],"group":"cf-nel","max_age":604800}', 'NEL': '{"success_fraction":0,"report_to":"cf-nel","max_age":604800}', 'Server': 'cloudflare', 'CF-RAY': '89f505cd6b755af9-IAD', 'alt-svc': 'h3=":443"; ma=86400'} 
 body={"results":[{"gender":"female","name":{"title":"Miss","first":"Nina","last":"Williams"},"location":{"street":{"number":4282,"name":"Ronwood Avenue"},"city":"Napier","state":"West Coast","country":"New Zealand","postcode":69970,"coordinates":{"latitude":"51.5140","longitude":"48.5411"},"timezone":{"offset":"+8:00","description":"Beijing, Perth, Singapore, Hong Kong"}},"email":"nina.williams@example.com","login":{"uuid":"be4d6c7f-a686-4e1b-a412-15ab32ea325c","username":"blackbutterfly406","password":"abraham","salt":"zFz5fSAr","md5":"9bc0e9f844e9fda271176e5b4dd39527","sha1":"57359cf81cf97a35e889c7fb76d9ff91d23f9c93","sha256":"f9d79894f85121794fdf22dc7ecfd16aabecb461d7a035596e0fde0356d5788d"},"dob":{"date":"1981-08-01T05:33:45.603Z","age":42},"registered":{"date":"2016-03-04T08:00:01.089Z","age":8},"phone":"(186)-113-7640","cell":"(753)-403-7495","id":{"name":"","value":null},"picture":{"large":"https://randomuser.me/api/portraits/women/21.jpg","medium":"https://randomuser.me/api/portraits/med/women/21.jpg","thumbnail":"https://randomuser.me/api/portraits/thumb/women/21.jpg"},"nat":"NZ"}],"info":{"seed":"5ad8e78438564107","results":1,"page":1,"version":"1.4"}} 
 </msg>
<msg time="2024-07-07T04:17:03.679436" level="INFO">/opt/hostedtoolcache/Python/3.12.4/x64/lib/python3.12/site-packages/urllib3/connectionpool.py:1099: InsecureRequestWarning: Unverified HTTPS request is being made to host 'randomuser.me'. Adding certificate verification is strongly advised. See: https://urllib3.readthedocs.io/en/latest/advanced-usage.html#tls-warnings
  warnings.warn(</msg>
<msg time="2024-07-07T04:17:03.679572" level="INFO">${response} = &lt;Response [200]&gt;</msg>
<var>${response}</var>
<arg>consultarAPI</arg>
<arg>/api</arg>
<doc>Sends a GET request on a previously created HTTP Session.</doc>
<status status="PASS" start="2024-07-07T04:17:03.587254" elapsed="0.092368"/>
</kw>
<kw name="Set Variable" owner="BuiltIn">
<msg time="2024-07-07T04:17:03.680816" level="INFO">${json_data} = {'results': [{'gender': 'female', 'name': {'title': 'Miss', 'first': 'Nina', 'last': 'Williams'}, 'location': {'street': {'number': 4282, 'name': 'Ronwood Avenue'}, 'city': 'Napier', 'state': 'West Co...</msg>
<var>${json_data}</var>
<arg>${response.json()}</arg>
<doc>Returns the given values which can then be assigned to a variables.</doc>
<status status="PASS" start="2024-07-07T04:17:03.680233" elapsed="0.000612"/>
</kw>
<kw name="Log" owner="BuiltIn">
<msg time="2024-07-07T04:17:03.681313" level="INFO">{'results': [{'gender': 'female', 'name': {'title': 'Miss', 'first': 'Nina', 'last': 'Williams'}, 'location': {'street': {'number': 4282, 'name': 'Ronwood Avenue'}, 'city': 'Napier', 'state': 'West Coast', 'country': 'New Zealand', 'postcode': 69970, 'coordinates': {'latitude': '51.5140', 'longitude': '48.5411'}, 'timezone': {'offset': '+8:00', 'description': 'Beijing, Perth, Singapore, Hong Kong'}}, 'email': 'nina.williams@example.com', 'login': {'uuid': 'be4d6c7f-a686-4e1b-a412-15ab32ea325c', 'username': 'blackbutterfly406', 'password': 'abraham', 'salt': 'zFz5fSAr', 'md5': '9bc0e9f844e9fda271176e5b4dd39527', 'sha1': '57359cf81cf97a35e889c7fb76d9ff91d23f9c93', 'sha256': 'f9d79894f85121794fdf22dc7ecfd16aabecb461d7a035596e0fde0356d5788d'}, 'dob': {'date': '1981-08-01T05:33:45.603Z', 'age': 42}, 'registered': {'date': '2016-03-04T08:00:01.089Z', 'age': 8}, 'phone': '(186)-113-7640', 'cell': '(753)-403-7495', 'id': {'name': '', 'value': None}, 'picture': {'large': 'https://randomuser.me/api/portraits/women/21.jpg', 'medium': 'https://randomuser.me/api/portraits/med/women/21.jpg', 'thumbnail': 'https://randomuser.me/api/portraits/thumb/women/21.jpg'}, 'nat': 'NZ'}], 'info': {'seed': '5ad8e78438564107', 'results': 1, 'page': 1, 'version': '1.4'}}</msg>
<arg>${json_data}</arg>
<doc>Logs the given message with the given level.</doc>
<status status="PASS" start="2024-07-07T04:17:03.681154" elapsed="0.000207"/>
</kw>
<kw name="Should Be Equal As Numbers" owner="BuiltIn">
<arg>${json_data['results'][0]['location']['postcode']}</arg>
<arg>${json_data['results'][0]['location']['postcode']}</arg>
<doc>Fails if objects are unequal after converting them to real numbers.</doc>
<status status="PASS" start="2024-07-07T04:17:03.681650" elapsed="0.000680"/>
</kw>
<kw name="Log" owner="BuiltIn">
<msg time="2024-07-07T04:17:03.683028" level="INFO">69970</msg>
<arg>${json_data['results'][0]['location']['postcode']}</arg>
<doc>Logs the given message with the given level.</doc>
<status status="PASS" start="2024-07-07T04:17:03.682526" elapsed="0.000544"/>
</kw>
<status status="PASS" start="2024-07-07T04:17:03.587026" elapsed="0.096327"/>
</kw>
<doc>Testa se os tipos de dados na resposta da API estão corretos.</doc>
<tag>testeTiposDados</tag>
<status status="PASS" start="2024-07-07T04:17:03.502808" elapsed="0.180712"/>
</test>
<test id="s1-s1-t5" name="Validar conteudo" line="35">
<kw name="Teste de Tipos de Conteudo" owner="random-user-service">
<kw name="GET On Session" owner="RequestsLibrary">
<msg time="2024-07-07T04:17:03.781494" level="INFO">GET Request : url=https://randomuser.me/api 
 path_url=/api 
 headers={'User-Agent': 'python-requests/2.32.3', 'Accept-Encoding': 'gzip, deflate', 'Accept': '*/*', 'Connection': 'keep-alive'} 
 body=None 
 </msg>
<msg time="2024-07-07T04:17:03.781604" level="INFO">GET Response : url=https://randomuser.me/api 
 status=200, reason=OK 
 headers={'Date': 'Sun, 07 Jul 2024 04:17:03 GMT', 'Content-Type': 'application/json; charset=utf-8', 'Transfer-Encoding': 'chunked', 'Connection': 'keep-alive', 'X-Powered-By': 'Express', 'Access-Control-Allow-Origin': '*', 'Cache-Control': 'no-cache', 'ETag': 'W/"497-yzW7h7lhiDmjykl/d+DppvJGvBM"', 'Vary': 'Accept-Encoding', 'Content-Encoding': 'gzip', 'CF-Cache-Status': 'DYNAMIC', 'Report-To': '{"endpoints":[{"url":"https:\\/\\/a.nel.cloudflare.com\\/report\\/v4?s=tbGX7wGIhZlbcm1wmAu0xpzgPFQOhFNxuE7jifxbX9p4K1WCzkCNVRqmfQrsE0P2wb%2FJavECc%2Fb1Rde74Kc2ksLPhAdvoAJkXqnnyTRelCYlQLZdkmYXcDwrPvoVPwyf"}],"group":"cf-nel","max_age":604800}', 'NEL': '{"success_fraction":0,"report_to":"cf-nel","max_age":604800}', 'Server': 'cloudflare', 'CF-RAY': '89f505ce0bb95af9-IAD', 'alt-svc': 'h3=":443"; ma=86400'} 
 body={"results":[{"gender":"female","name":{"title":"Ms","first":"Lisa","last":"Fletcher"},"location":{"street":{"number":7102,"name":"Park Road"},"city":"Letterkenny","state":"South Dublin","country":"Ireland","postcode":37058,"coordinates":{"latitude":"-0.0144","longitude":"133.0063"},"timezone":{"offset":"+8:00","description":"Beijing, Perth, Singapore, Hong Kong"}},"email":"lisa.fletcher@example.com","login":{"uuid":"a4edba8d-4e18-4a9b-acb5-8c6c1d5bd5a7","username":"goldenleopard819","password":"prince","salt":"4dGOLSOV","md5":"ab159e79c0177a03c80fe4a01084a7f0","sha1":"cbca15e5731e6aec9cf0c9b48bf16cc0dfb4e7f7","sha256":"4a85d19961c0930ce616d9c89082a4520e35df5b807f39dacf29deb27ecb7907"},"dob":{"date":"1966-12-30T05:06:43.394Z","age":57},"registered":{"date":"2017-08-08T03:07:55.302Z","age":6},"phone":"061-368-3647","cell":"081-828-1093","id":{"name":"PPS","value":"5753931T"},"picture":{"large":"https://randomuser.me/api/portraits/women/10.jpg","medium":"https://randomuser.me/api/portraits/med/women/10.jpg","thumbnail":"https://randomuser.me/api/portraits/thumb/women/10.jpg"},"nat":"IE"}],"info":{"seed":"517b1e4115334f58","results":1,"page":1,"version":"1.4"}} 
 </msg>
<msg time="2024-07-07T04:17:03.781686" level="INFO">/opt/hostedtoolcache/Python/3.12.4/x64/lib/python3.12/site-packages/urllib3/connectionpool.py:1099: InsecureRequestWarning: Unverified HTTPS request is being made to host 'randomuser.me'. Adding certificate verification is strongly advised. See: https://urllib3.readthedocs.io/en/latest/advanced-usage.html#tls-warnings
  warnings.warn(</msg>
<msg time="2024-07-07T04:17:03.781826" level="INFO">${response} = &lt;Response [200]&gt;</msg>
<var>${response}</var>
<arg>consultarAPI</arg>
<arg>/api</arg>
<doc>Sends a GET request on a previously created HTTP Session.</doc>
<status status="PASS" start="2024-07-07T04:17:03.686119" elapsed="0.095781"/>
</kw>
<kw name="Set Variable" owner="BuiltIn">
<msg time="2024-07-07T04:17:03.783106" level="INFO">${json_data} = {'results': [{'gender': 'female', 'name': {'title': 'Ms', 'first': 'Lisa', 'last': 'Fletcher'}, 'location': {'street': {'number': 7102, 'name': 'Park Road'}, 'city': 'Letterkenny', 'state': 'South Dub...</msg>
<var>${json_data}</var>
<arg>${response.json()}</arg>
<doc>Returns the given values which can then be assigned to a variables.</doc>
<status status="PASS" start="2024-07-07T04:17:03.782539" elapsed="0.000596"/>
</kw>
<kw name="Set Variable" owner="BuiltIn">
<msg time="2024-07-07T04:17:03.783811" level="INFO">${name_title} = Ms</msg>
<var>${name_title}</var>
<arg>${json_data["results"][0]["name"]["title"]}</arg>
<doc>Returns the given values which can then be assigned to a variables.</doc>
<status status="PASS" start="2024-07-07T04:17:03.783437" elapsed="0.000399"/>
</kw>
<kw name="Create List" owner="BuiltIn">
<msg time="2024-07-07T04:17:03.784276" level="INFO">${allowed_titles} = ['Mr', 'Ms', 'Miss', 'Mrs', 'Madame', 'Monsieur']</msg>
<var>${allowed_titles}</var>
<arg>Mr</arg>
<arg>Ms</arg>
<arg>Miss</arg>
<arg>Mrs</arg>
<arg>Madame</arg>
<arg>Monsieur</arg>
<doc>Returns a list containing given items.</doc>
<status status="PASS" start="2024-07-07T04:17:03.784130" elapsed="0.000170"/>
</kw>
<kw name="List Should Contain Value" owner="Collections">
<arg>${allowed_titles}</arg>
<arg>${name_title}</arg>
<doc>Fails if the ``value`` is not found from ``list``.</doc>
<status status="PASS" start="2024-07-07T04:17:03.784591" elapsed="0.000178"/>
</kw>
<kw name="Set Variable" owner="BuiltIn">
<msg time="2024-07-07T04:17:03.785306" level="INFO">${name_country} = IE</msg>
<var>${name_country}</var>
<arg>${json_data["results"][0]["nat"]}</arg>
<doc>Returns the given values which can then be assigned to a variables.</doc>
<status status="PASS" start="2024-07-07T04:17:03.784945" elapsed="0.000386"/>
</kw>
<kw name="Create List" owner="BuiltIn">
<msg time="2024-07-07T04:17:03.786246" level="INFO">${list_country} = ['AD', 'AE', 'AF', 'AG', 'AI', 'AL', 'AM', 'AO', 'AQ', 'AR', 'AS', 'AT', 'AU', 'AW', 'AX', 'AZ', 'BA', 'BB', 'BD', 'BE', 'BF', 'BG', 'BH', 'BI', 'BJ', 'BL', 'BM', 'BN', 'BO', 'BQ', 'BR', 'BS', 'BT', '...</msg>
<var>${list_country}</var>
<arg>AD</arg>
<arg>AE</arg>
<arg>AF</arg>
<arg>AG</arg>
<arg>AI</arg>
<arg>AL</arg>
<arg>AM</arg>
<arg>AO</arg>
<arg>AQ</arg>
<arg>AR</arg>
<arg>AS</arg>
<arg>AT</arg>
<arg>AU</arg>
<arg>AW</arg>
<arg>AX</arg>
<arg>AZ</arg>
<arg>BA</arg>
<arg>BB</arg>
<arg>BD</arg>
<arg>BE</arg>
<arg>BF</arg>
<arg>BG</arg>
<arg>BH</arg>
<arg>BI</arg>
<arg>BJ</arg>
<arg>BL</arg>
<arg>BM</arg>
<arg>BN</arg>
<arg>BO</arg>
<arg>BQ</arg>
<arg>BR</arg>
<arg>BS</arg>
<arg>BT</arg>
<arg>BV</arg>
<arg>BW</arg>
<arg>BY</arg>
<arg>BZ</arg>
<arg>CA</arg>
<arg>CC</arg>
<arg>CD</arg>
<arg>CF</arg>
<arg>CG</arg>
<arg>CH</arg>
<arg>CI</arg>
<arg>CK</arg>
<arg>CL</arg>
<arg>CM</arg>
<arg>CN</arg>
<arg>CO</arg>
<arg>CR</arg>
<arg>CU</arg>
<arg>CV</arg>
<arg>CW</arg>
<arg>CX</arg>
<arg>CY</arg>
<arg>CZ</arg>
<arg>DE</arg>
<arg>DJ</arg>
<arg>DK</arg>
<arg>DM</arg>
<arg>DO</arg>
<arg>DZ</arg>
<arg>EC</arg>
<arg>EE</arg>
<arg>EG</arg>
<arg>EH</arg>
<arg>ER</arg>
<arg>ES</arg>
<arg>ET</arg>
<arg>FI</arg>
<arg>FJ</arg>
<arg>FK</arg>
<arg>FM</arg>
<arg>FO</arg>
<arg>FR</arg>
<arg>GA</arg>
<arg>GB</arg>
<arg>GD</arg>
<arg>GE</arg>
<arg>GF</arg>
<arg>GG</arg>
<arg>GH</arg>
<arg>GI</arg>
<arg>GL</arg>
<arg>GM</arg>
<arg>GN</arg>
<arg>GP</arg>
<arg>GQ</arg>
<arg>GR</arg>
<arg>GS</arg>
<arg>GT</arg>
<arg>GU</arg>
<arg>GW</arg>
<arg>GY</arg>
<arg>HK</arg>
<arg>HM</arg>
<arg>HN</arg>
<arg>HR</arg>
<arg>HT</arg>
<arg>HU</arg>
<arg>ID</arg>
<arg>IE</arg>
<arg>IL</arg>
<arg>IM</arg>
<arg>IN</arg>
<arg>IO</arg>
<arg>IQ</arg>
<arg>IR</arg>
<arg>IS</arg>
<arg>IT</arg>
<arg>JE</arg>
<arg>JM</arg>
<arg>JO</arg>
<arg>JP</arg>
<arg>KE</arg>
<arg>KG</arg>
<arg>KH</arg>
<arg>KI</arg>
<arg>KM</arg>
<arg>KN</arg>
<arg>KP</arg>
<arg>KR</arg>
<arg>KW</arg>
<arg>KY</arg>
<arg>KZ</arg>
<arg>LA</arg>
<arg>LB</arg>
<arg>LC</arg>
<arg>LI</arg>
<arg>LK</arg>
<arg>LR</arg>
<arg>LS</arg>
<arg>LT</arg>
<arg>LU</arg>
<arg>LV</arg>
<arg>LY</arg>
<arg>MA</arg>
<arg>MC</arg>
<arg>MD</arg>
<arg>ME</arg>
<arg>MF</arg>
<arg>MG</arg>
<arg>MH</arg>
<arg>MK</arg>
<arg>ML</arg>
<arg>MM</arg>
<arg>MN</arg>
<arg>MO</arg>
<arg>MP</arg>
<arg>MQ</arg>
<arg>MR</arg>
<arg>MS</arg>
<arg>MT</arg>
<arg>MU</arg>
<arg>MV</arg>
<arg>MW</arg>
<arg>MX</arg>
<arg>MY</arg>
<arg>MZ</arg>
<arg>NA</arg>
<arg>NC</arg>
<arg>NE</arg>
<arg>NF</arg>
<arg>NG</arg>
<arg>NI</arg>
<arg>NL</arg>
<arg>NO</arg>
<arg>NP</arg>
<arg>NR</arg>
<arg>NU</arg>
<arg>NZ</arg>
<arg>OM</arg>
<arg>PA</arg>
<arg>PE</arg>
<arg>PF</arg>
<arg>PG</arg>
<arg>PH</arg>
<arg>PK</arg>
<arg>PL</arg>
<arg>PM</arg>
<arg>PN</arg>
<arg>PR</arg>
<arg>PS</arg>
<arg>PT</arg>
<arg>PW</arg>
<arg>PY</arg>
<arg>QA</arg>
<arg>RE</arg>
<arg>RO</arg>
<arg>RS</arg>
<arg>RU</arg>
<arg>RW</arg>
<arg>SA</arg>
<arg>SB</arg>
<arg>SC</arg>
<arg>SD</arg>
<arg>SE</arg>
<arg>SG</arg>
<arg>SH</arg>
<arg>SI</arg>
<arg>SJ</arg>
<arg>SK</arg>
<arg>SL</arg>
<arg>SM</arg>
<arg>SN</arg>
<arg>SO</arg>
<arg>SR</arg>
<arg>SS</arg>
<arg>ST</arg>
<arg>SV</arg>
<arg>SX</arg>
<arg>SY</arg>
<arg>SZ</arg>
<arg>TC</arg>
<arg>TD</arg>
<arg>TF</arg>
<arg>TG</arg>
<arg>TH</arg>
<arg>TJ</arg>
<arg>TK</arg>
<arg>TL</arg>
<arg>TM</arg>
<arg>TN</arg>
<arg>TO</arg>
<arg>TR</arg>
<arg>TT</arg>
<arg>TV</arg>
<arg>TW</arg>
<arg>TZ</arg>
<arg>UA</arg>
<arg>UG</arg>
<arg>UM</arg>
<arg>US</arg>
<arg>UY</arg>
<arg>UZ</arg>
<arg>VA</arg>
<arg>VC</arg>
<arg>VE</arg>
<arg>VG</arg>
<arg>VI</arg>
<arg>VN</arg>
<arg>VU</arg>
<arg>WF</arg>
<arg>WS</arg>
<arg>XK</arg>
<arg>YE</arg>
<arg>YT</arg>
<arg>ZA</arg>
<arg>ZM</arg>
<arg>ZW</arg>
<doc>Returns a list containing given items.</doc>
<status status="PASS" start="2024-07-07T04:17:03.785621" elapsed="0.000651"/>
</kw>
<kw name="List Should Contain Value" owner="Collections">
<arg>${list_country}</arg>
<arg>${name_country}</arg>
<doc>Fails if the ``value`` is not found from ``list``.</doc>
<status status="PASS" start="2024-07-07T04:17:03.787068" elapsed="0.000214"/>
</kw>
<kw name="Run Keyword If" owner="BuiltIn">
<kw name="Should Be True" owner="BuiltIn">
<arg>${True}</arg>
<doc>Fails if the given condition is not true.</doc>
<status status="PASS" start="2024-07-07T04:17:03.788216" elapsed="0.000143"/>
</kw>
<arg>${json_data["results"][0]["location"]["coordinates"]["latitude"]} &gt;= -90 and ${json_data["results"][0]["location"]["coordinates"]["latitude"]} &lt;= 90</arg>
<arg>Should Be True</arg>
<arg>${True}</arg>
<doc>Runs the given keyword with the given arguments, if ``condition`` is true.</doc>
<status status="PASS" start="2024-07-07T04:17:03.787477" elapsed="0.001007"/>
</kw>
<kw name="Run Keyword If" owner="BuiltIn">
<kw name="Should Be True" owner="BuiltIn">
<arg>${True}</arg>
<doc>Fails if the given condition is not true.</doc>
<status status="PASS" start="2024-07-07T04:17:03.789346" elapsed="0.000238"/>
</kw>
<arg>${json_data["results"][0]["location"]["coordinates"]["longitude"]} &gt;= -180 and ${json_data["results"][0]["location"]["coordinates"]["longitude"]} &lt;= 180</arg>
<arg>Should Be True</arg>
<arg>${True}</arg>
<doc>Runs the given keyword with the given arguments, if ``condition`` is true.</doc>
<status status="PASS" start="2024-07-07T04:17:03.788663" elapsed="0.001047"/>
</kw>
<status status="PASS" start="2024-07-07T04:17:03.685893" elapsed="0.103978"/>
</kw>
<doc>Testa o conteúdo específico dos campos retornados pela API.</doc>
<tag>testeConteudo</tag>
<status status="PASS" start="2024-07-07T04:17:03.685311" elapsed="0.104734"/>
</test>
<status status="PASS" start="2024-07-07T04:17:02.987434" elapsed="0.804593"/>
</suite>
<status status="PASS" start="2024-07-07T04:17:02.972642" elapsed="0.824403"/>
</suite>
<statistics>
<total>
<stat pass="5" fail="0" skip="0">All Tests</stat>
</total>
<tag>
<stat pass="1" fail="0" skip="0">testeConteudo</stat>
<stat pass="1" fail="0" skip="0">testeEstruturaResposta</stat>
<stat pass="1" fail="0" skip="0">testeRequisicaoBasica</stat>
<stat pass="1" fail="0" skip="0">testeTiposDados</stat>
</tag>
<suite>
<stat pass="5" fail="0" skip="0" id="s1" name="Tests">Tests</stat>
<stat pass="5" fail="0" skip="0" id="s1-s1" name="Random-User-Test">Tests.Random-User-Test</stat>
</suite>
</statistics>
<errors>
</errors>
</robot>
