<?xml version="1.0" encoding="UTF-8"?>
<robot generator="Robot 7.0.1 (Python 3.12.4 on linux)" generated="2024-07-27T14:13:36.193508" rpa="false" schemaversion="5">
<suite id="s1" name="Tests" source="/home/runner/work/ApiRandomUser/ApiRandomUser/RamdonUser/tests">
<suite id="s1-s1" name="Random-User-Test" source="/home/runner/work/ApiRandomUser/ApiRandomUser/RamdonUser/tests/random-user-test.robot">
<test id="s1-s1-t1" name="Conectar" line="13">
<kw name="Conectar API" owner="random-user-service">
<kw name="Create Session" owner="RequestsLibrary">
<msg time="2024-07-27T14:13:36.587131" level="INFO">Creating Session using : alias=consultarAPI, url=https://randomuser.me/, headers={},                     cookies={}, auth=None, timeout=None, proxies=None, verify=False,                     debug=0 </msg>
<arg>consultarAPI</arg>
<arg>${URL}</arg>
<doc>Create Session: create a HTTP session to a server</doc>
<status status="PASS" start="2024-07-27T14:13:36.586937" elapsed="0.000370"/>
</kw>
<status status="PASS" start="2024-07-27T14:13:36.585919" elapsed="0.001742"/>
</kw>
<status status="PASS" start="2024-07-27T14:13:36.585301" elapsed="0.002556"/>
</test>
<test id="s1-s1-t2" name="Validar retorno 200 e JSON Válido" line="16">
<kw name="Teste de Requisicao Basica" owner="random-user-service">
<kw name="GET On Session" owner="RequestsLibrary">
<msg time="2024-07-27T14:13:36.769141" level="INFO">GET Request : url=https://randomuser.me/api 
 path_url=/api 
 headers={'User-Agent': 'python-requests/2.32.3', 'Accept-Encoding': 'gzip, deflate', 'Accept': '*/*', 'Connection': 'keep-alive'} 
 body=None 
 </msg>
<msg time="2024-07-27T14:13:36.769325" level="INFO">GET Response : url=https://randomuser.me/api 
 status=200, reason=OK 
 headers={'Date': 'Sat, 27 Jul 2024 14:13:36 GMT', 'Content-Type': 'application/json; charset=utf-8', 'Transfer-Encoding': 'chunked', 'Connection': 'keep-alive', 'X-Powered-By': 'Express', 'Access-Control-Allow-Origin': '*', 'Cache-Control': 'no-cache', 'ETag': 'W/"47e-PN1gI0oaMCkZDSM6ysHNx4lcbGg"', 'Vary': 'Accept-Encoding', 'Content-Encoding': 'gzip', 'CF-Cache-Status': 'DYNAMIC', 'Report-To': '{"endpoints":[{"url":"https:\\/\\/a.nel.cloudflare.com\\/report\\/v4?s=UXjZyrVKhnmRdZ32NVj9V0gFFP8WV5Z73blOR4V9sD%2BrgHc4Ux0TLwFlF74juSv0q9skD%2FZnp345PYc9VeYFI9hGohQiu7jAcDURtp%2FROBDzebCyff%2BANOOpJkuY2w4c"}],"group":"cf-nel","max_age":604800}', 'NEL': '{"success_fraction":0,"report_to":"cf-nel","max_age":604800}', 'Server': 'cloudflare', 'CF-RAY': '8a9d3b2899959c84-IAD', 'alt-svc': 'h3=":443"; ma=86400'} 
 body={"results":[{"gender":"male","name":{"title":"Mr","first":"عباس","last":"یاسمی"},"location":{"street":{"number":3171,"name":"دکتر مفتح"},"city":"خوی","state":"لرستان","country":"Iran","postcode":48602,"coordinates":{"latitude":"13.1609","longitude":"-9.2188"},"timezone":{"offset":"+4:00","description":"Abu Dhabi, Muscat, Baku, Tbilisi"}},"email":"aabs.ysmy@example.com","login":{"uuid":"9f954696-cc0f-443d-abef-1210924dcf84","username":"tinywolf194","password":"qwertyu","salt":"XWc7ro14","md5":"998c8d7781f0a75a84ac7814c950f8f8","sha1":"bf265d5ce903b5853092d3dc7b562a419fd8547d","sha256":"47c8959002fa3fd357f30f8bce61636bec586c9b9aae231559dbbfae8a737530"},"dob":{"date":"1953-10-27T15:48:44.205Z","age":70},"registered":{"date":"2004-03-08T01:27:08.451Z","age":20},"phone":"051-28895260","cell":"0962-536-2623","id":{"name":"","value":null},"picture":{"large":"https://randomuser.me/api/portraits/men/1.jpg","medium":"https://randomuser.me/api/portraits/med/men/1.jpg","thumbnail":"https://randomuser.me/api/portraits/thumb/men/1.jpg"},"nat":"IR"}],"info":{"seed":"bf1044e40bad56e8","results":1,"page":1,"version":"1.4"}} 
 </msg>
<msg time="2024-07-27T14:13:36.769410" level="INFO">/opt/hostedtoolcache/Python/3.12.4/x64/lib/python3.12/site-packages/urllib3/connectionpool.py:1099: InsecureRequestWarning: Unverified HTTPS request is being made to host 'randomuser.me'. Adding certificate verification is strongly advised. See: https://urllib3.readthedocs.io/en/latest/advanced-usage.html#tls-warnings
  warnings.warn(</msg>
<msg time="2024-07-27T14:13:36.769561" level="INFO">${response} = &lt;Response [200]&gt;</msg>
<var>${response}</var>
<arg>consultarAPI</arg>
<arg>/api</arg>
<doc>Sends a GET request on a previously created HTTP Session.</doc>
<status status="PASS" start="2024-07-27T14:13:36.590536" elapsed="0.179068"/>
</kw>
<kw name="Should Be Equal As Numbers" owner="BuiltIn">
<msg time="2024-07-27T14:13:36.770726" level="INFO">Argument types are:
&lt;class 'int'&gt;
&lt;class 'str'&gt;</msg>
<arg>${response.status_code}</arg>
<arg>200</arg>
<doc>Fails if objects are unequal after converting them to real numbers.</doc>
<status status="PASS" start="2024-07-27T14:13:36.770244" elapsed="0.000550"/>
</kw>
<kw name="Log" owner="BuiltIn">
<msg time="2024-07-27T14:13:36.771511" level="INFO">200</msg>
<arg>${response.status_code}</arg>
<doc>Logs the given message with the given level.</doc>
<status status="PASS" start="2024-07-27T14:13:36.771140" elapsed="0.000414"/>
</kw>
<kw name="Set Variable" owner="BuiltIn">
<msg time="2024-07-27T14:13:36.772319" level="INFO">${json_data} = {'results': [{'gender': 'male', 'name': {'title': 'Mr', 'first': 'عباس', 'last': 'یاسمی'}, 'location': {'street': {'number': 3171, 'name': 'دکتر مفتح'}, 'city': 'خوی', 'state': 'لرستان', 'country': 'I...</msg>
<var>${json_data}</var>
<arg>${response.json()}</arg>
<doc>Returns the given values which can then be assigned to a variables.</doc>
<status status="PASS" start="2024-07-27T14:13:36.771867" elapsed="0.000483"/>
</kw>
<kw name="Dictionary Should Contain Key" owner="Collections">
<arg>${json_data}</arg>
<arg>results</arg>
<doc>Fails if ``key`` is not found from ``dictionary``.</doc>
<status status="PASS" start="2024-07-27T14:13:36.772662" elapsed="0.000371"/>
</kw>
<status status="PASS" start="2024-07-27T14:13:36.590285" elapsed="0.182908"/>
</kw>
<doc>Testa se a API responde corretamente e retorna um objeto JSON válido.</doc>
<tag>testeRequisicaoBasica</tag>
<status status="PASS" start="2024-07-27T14:13:36.589768" elapsed="0.183605"/>
</test>
<test id="s1-s1-t3" name="Validar estrutura de resposta" line="22">
<kw name="Teste de Estrutura de Resposta" owner="random-user-service">
<kw name="GET On Session" owner="RequestsLibrary">
<msg time="2024-07-27T14:13:36.889644" level="INFO">GET Request : url=https://randomuser.me/api 
 path_url=/api 
 headers={'User-Agent': 'python-requests/2.32.3', 'Accept-Encoding': 'gzip, deflate', 'Accept': '*/*', 'Connection': 'keep-alive'} 
 body=None 
 </msg>
<msg time="2024-07-27T14:13:36.889713" level="INFO">GET Response : url=https://randomuser.me/api 
 status=200, reason=OK 
 headers={'Date': 'Sat, 27 Jul 2024 14:13:36 GMT', 'Content-Type': 'application/json; charset=utf-8', 'Transfer-Encoding': 'chunked', 'Connection': 'keep-alive', 'X-Powered-By': 'Express', 'Access-Control-Allow-Origin': '*', 'Cache-Control': 'no-cache', 'ETag': 'W/"48e-5D20R08Z2XgI82A74GDRRL8j53M"', 'Vary': 'Accept-Encoding', 'Content-Encoding': 'gzip', 'CF-Cache-Status': 'DYNAMIC', 'Report-To': '{"endpoints":[{"url":"https:\\/\\/a.nel.cloudflare.com\\/report\\/v4?s=ekWJF%2Buwor3ZNG1tRhMtLZx1sxXikpW8Yt0e2GK1elUGu2sy%2BuNz7oMiRGKRR%2FeZs7hz3mIkXgnOTS%2FZdsGwzHCAfhhd9muOdUqtm0iLUVJhn%2F7y%2F3ipigRPockl%2F2F7"}],"group":"cf-nel","max_age":604800}', 'NEL': '{"success_fraction":0,"report_to":"cf-nel","max_age":604800}', 'Server': 'cloudflare', 'CF-RAY': '8a9d3b28e9da9c84-IAD', 'alt-svc': 'h3=":443"; ma=86400'} 
 body={"results":[{"gender":"female","name":{"title":"Ms","first":"Lyudmila","last":"Zhiteckiy"},"location":{"street":{"number":1021,"name":"Pushkinska"},"city":"Shahtarsk","state":"Volinska","country":"Ukraine","postcode":57582,"coordinates":{"latitude":"74.1535","longitude":"23.8531"},"timezone":{"offset":"-7:00","description":"Mountain Time (US &amp; Canada)"}},"email":"lyudmila.zhiteckiy@example.com","login":{"uuid":"75e31cf1-83ce-4743-a999-b1074e536431","username":"organicpanda203","password":"mickey1","salt":"lU4Ern5K","md5":"23326fe1bbdea4ad1af21238d11b840d","sha1":"d5d1354ca6405afea31b788b8da367f5ef589974","sha256":"8789e695c6c86c35f9f104479b84ce10cfc900902a83262741f31a667c56c91b"},"dob":{"date":"1948-01-11T10:01:40.782Z","age":76},"registered":{"date":"2011-02-14T13:09:08.941Z","age":13},"phone":"(099) I24-3201","cell":"(096) B02-4335","id":{"name":"","value":null},"picture":{"large":"https://randomuser.me/api/portraits/women/25.jpg","medium":"https://randomuser.me/api/portraits/med/women/25.jpg","thumbnail":"https://randomuser.me/api/portraits/thumb/women/25.jpg"},"nat":"UA"}],"info":{"seed":"698f5156cf0b9f94","results":1,"page":1,"version":"1.4"}} 
 </msg>
<msg time="2024-07-27T14:13:36.889812" level="INFO">/opt/hostedtoolcache/Python/3.12.4/x64/lib/python3.12/site-packages/urllib3/connectionpool.py:1099: InsecureRequestWarning: Unverified HTTPS request is being made to host 'randomuser.me'. Adding certificate verification is strongly advised. See: https://urllib3.readthedocs.io/en/latest/advanced-usage.html#tls-warnings
  warnings.warn(</msg>
<msg time="2024-07-27T14:13:36.889906" level="INFO">${response} = &lt;Response [200]&gt;</msg>
<var>${response}</var>
<arg>consultarAPI</arg>
<arg>/api</arg>
<doc>Sends a GET request on a previously created HTTP Session.</doc>
<status status="PASS" start="2024-07-27T14:13:36.776083" elapsed="0.113858"/>
</kw>
<kw name="Set Variable" owner="BuiltIn">
<msg time="2024-07-27T14:13:36.890756" level="INFO">${json_data} = {'results': [{'gender': 'female', 'name': {'title': 'Ms', 'first': 'Lyudmila', 'last': 'Zhiteckiy'}, 'location': {'street': {'number': 1021, 'name': 'Pushkinska'}, 'city': 'Shahtarsk', 'state': 'Volin...</msg>
<var>${json_data}</var>
<arg>${response.json()}</arg>
<doc>Returns the given values which can then be assigned to a variables.</doc>
<status status="PASS" start="2024-07-27T14:13:36.890310" elapsed="0.000474"/>
</kw>
<kw name="Log" owner="BuiltIn">
<msg time="2024-07-27T14:13:36.891244" level="INFO">{'results': [{'gender': 'female', 'name': {'title': 'Ms', 'first': 'Lyudmila', 'last': 'Zhiteckiy'}, 'location': {'street': {'number': 1021, 'name': 'Pushkinska'}, 'city': 'Shahtarsk', 'state': 'Volinska', 'country': 'Ukraine', 'postcode': 57582, 'coordinates': {'latitude': '74.1535', 'longitude': '23.8531'}, 'timezone': {'offset': '-7:00', 'description': 'Mountain Time (US &amp; Canada)'}}, 'email': 'lyudmila.zhiteckiy@example.com', 'login': {'uuid': '75e31cf1-83ce-4743-a999-b1074e536431', 'username': 'organicpanda203', 'password': 'mickey1', 'salt': 'lU4Ern5K', 'md5': '23326fe1bbdea4ad1af21238d11b840d', 'sha1': 'd5d1354ca6405afea31b788b8da367f5ef589974', 'sha256': '8789e695c6c86c35f9f104479b84ce10cfc900902a83262741f31a667c56c91b'}, 'dob': {'date': '1948-01-11T10:01:40.782Z', 'age': 76}, 'registered': {'date': '2011-02-14T13:09:08.941Z', 'age': 13}, 'phone': '(099) I24-3201', 'cell': '(096) B02-4335', 'id': {'name': '', 'value': None}, 'picture': {'large': 'https://randomuser.me/api/portraits/women/25.jpg', 'medium': 'https://randomuser.me/api/portraits/med/women/25.jpg', 'thumbnail': 'https://randomuser.me/api/portraits/thumb/women/25.jpg'}, 'nat': 'UA'}], 'info': {'seed': '698f5156cf0b9f94', 'results': 1, 'page': 1, 'version': '1.4'}}</msg>
<arg>${json_data}</arg>
<doc>Logs the given message with the given level.</doc>
<status status="PASS" start="2024-07-27T14:13:36.891083" elapsed="0.000227"/>
</kw>
<kw name="Dictionary Should Contain Key" owner="Collections">
<arg>${json_data}</arg>
<arg>results</arg>
<doc>Fails if ``key`` is not found from ``dictionary``.</doc>
<status status="PASS" start="2024-07-27T14:13:36.891610" elapsed="0.000160"/>
</kw>
<kw name="Should Not Be Empty" owner="BuiltIn">
<msg time="2024-07-27T14:13:36.892073" level="INFO">Length is 2.</msg>
<arg>${json_data}</arg>
<doc>Verifies that the given item is not empty.</doc>
<status status="PASS" start="2024-07-27T14:13:36.891950" elapsed="0.000160"/>
</kw>
<kw name="Create List" owner="BuiltIn">
<msg time="2024-07-27T14:13:36.892542" level="INFO">${expected_keys} = ['gender', 'name', 'location', 'email', 'login']</msg>
<var>${expected_keys}</var>
<arg>gender</arg>
<arg>name</arg>
<arg>location</arg>
<arg>email</arg>
<arg>login</arg>
<doc>Returns a list containing given items.</doc>
<status status="PASS" start="2024-07-27T14:13:36.892389" elapsed="0.000177"/>
</kw>
<for flavor="IN">
<iter>
<kw name="Dictionary Should Contain Key" owner="Collections">
<arg>${json_data['results'][0]}</arg>
<arg>${key}</arg>
<doc>Fails if ``key`` is not found from ``dictionary``.</doc>
<status status="PASS" start="2024-07-27T14:13:36.893182" elapsed="0.000398"/>
</kw>
<kw name="Log" owner="BuiltIn">
<msg time="2024-07-27T14:13:36.894117" level="INFO">{'gender': 'female', 'name': {'title': 'Ms', 'first': 'Lyudmila', 'last': 'Zhiteckiy'}, 'location': {'street': {'number': 1021, 'name': 'Pushkinska'}, 'city': 'Shahtarsk', 'state': 'Volinska', 'country': 'Ukraine', 'postcode': 57582, 'coordinates': {'latitude': '74.1535', 'longitude': '23.8531'}, 'timezone': {'offset': '-7:00', 'description': 'Mountain Time (US &amp; Canada)'}}, 'email': 'lyudmila.zhiteckiy@example.com', 'login': {'uuid': '75e31cf1-83ce-4743-a999-b1074e536431', 'username': 'organicpanda203', 'password': 'mickey1', 'salt': 'lU4Ern5K', 'md5': '23326fe1bbdea4ad1af21238d11b840d', 'sha1': 'd5d1354ca6405afea31b788b8da367f5ef589974', 'sha256': '8789e695c6c86c35f9f104479b84ce10cfc900902a83262741f31a667c56c91b'}, 'dob': {'date': '1948-01-11T10:01:40.782Z', 'age': 76}, 'registered': {'date': '2011-02-14T13:09:08.941Z', 'age': 13}, 'phone': '(099) I24-3201', 'cell': '(096) B02-4335', 'id': {'name': '', 'value': None}, 'picture': {'large': 'https://randomuser.me/api/portraits/women/25.jpg', 'medium': 'https://randomuser.me/api/portraits/med/women/25.jpg', 'thumbnail': 'https://randomuser.me/api/portraits/thumb/women/25.jpg'}, 'nat': 'UA'}</msg>
<arg>${json_data['results'][0]}</arg>
<doc>Logs the given message with the given level.</doc>
<status status="PASS" start="2024-07-27T14:13:36.893760" elapsed="0.000407"/>
</kw>
<kw name="Log" owner="BuiltIn">
<msg time="2024-07-27T14:13:36.894591" level="INFO">gender</msg>
<arg>${key}</arg>
<doc>Logs the given message with the given level.</doc>
<status status="PASS" start="2024-07-27T14:13:36.894461" elapsed="0.000168"/>
</kw>
<var name="${key}">gender</var>
<status status="PASS" start="2024-07-27T14:13:36.893053" elapsed="0.001793"/>
</iter>
<iter>
<kw name="Dictionary Should Contain Key" owner="Collections">
<arg>${json_data['results'][0]}</arg>
<arg>${key}</arg>
<doc>Fails if ``key`` is not found from ``dictionary``.</doc>
<status status="PASS" start="2024-07-27T14:13:36.895144" elapsed="0.000443"/>
</kw>
<kw name="Log" owner="BuiltIn">
<msg time="2024-07-27T14:13:36.896136" level="INFO">{'gender': 'female', 'name': {'title': 'Ms', 'first': 'Lyudmila', 'last': 'Zhiteckiy'}, 'location': {'street': {'number': 1021, 'name': 'Pushkinska'}, 'city': 'Shahtarsk', 'state': 'Volinska', 'country': 'Ukraine', 'postcode': 57582, 'coordinates': {'latitude': '74.1535', 'longitude': '23.8531'}, 'timezone': {'offset': '-7:00', 'description': 'Mountain Time (US &amp; Canada)'}}, 'email': 'lyudmila.zhiteckiy@example.com', 'login': {'uuid': '75e31cf1-83ce-4743-a999-b1074e536431', 'username': 'organicpanda203', 'password': 'mickey1', 'salt': 'lU4Ern5K', 'md5': '23326fe1bbdea4ad1af21238d11b840d', 'sha1': 'd5d1354ca6405afea31b788b8da367f5ef589974', 'sha256': '8789e695c6c86c35f9f104479b84ce10cfc900902a83262741f31a667c56c91b'}, 'dob': {'date': '1948-01-11T10:01:40.782Z', 'age': 76}, 'registered': {'date': '2011-02-14T13:09:08.941Z', 'age': 13}, 'phone': '(099) I24-3201', 'cell': '(096) B02-4335', 'id': {'name': '', 'value': None}, 'picture': {'large': 'https://randomuser.me/api/portraits/women/25.jpg', 'medium': 'https://randomuser.me/api/portraits/med/women/25.jpg', 'thumbnail': 'https://randomuser.me/api/portraits/thumb/women/25.jpg'}, 'nat': 'UA'}</msg>
<arg>${json_data['results'][0]}</arg>
<doc>Logs the given message with the given level.</doc>
<status status="PASS" start="2024-07-27T14:13:36.895774" elapsed="0.000458"/>
</kw>
<kw name="Log" owner="BuiltIn">
<msg time="2024-07-27T14:13:36.896664" level="INFO">name</msg>
<arg>${key}</arg>
<doc>Logs the given message with the given level.</doc>
<status status="PASS" start="2024-07-27T14:13:36.896529" elapsed="0.000174"/>
</kw>
<var name="${key}">name</var>
<status status="PASS" start="2024-07-27T14:13:36.895034" elapsed="0.001913"/>
</iter>
<iter>
<kw name="Dictionary Should Contain Key" owner="Collections">
<arg>${json_data['results'][0]}</arg>
<arg>${key}</arg>
<doc>Fails if ``key`` is not found from ``dictionary``.</doc>
<status status="PASS" start="2024-07-27T14:13:36.897230" elapsed="0.000385"/>
</kw>
<kw name="Log" owner="BuiltIn">
<msg time="2024-07-27T14:13:36.898141" level="INFO">{'gender': 'female', 'name': {'title': 'Ms', 'first': 'Lyudmila', 'last': 'Zhiteckiy'}, 'location': {'street': {'number': 1021, 'name': 'Pushkinska'}, 'city': 'Shahtarsk', 'state': 'Volinska', 'country': 'Ukraine', 'postcode': 57582, 'coordinates': {'latitude': '74.1535', 'longitude': '23.8531'}, 'timezone': {'offset': '-7:00', 'description': 'Mountain Time (US &amp; Canada)'}}, 'email': 'lyudmila.zhiteckiy@example.com', 'login': {'uuid': '75e31cf1-83ce-4743-a999-b1074e536431', 'username': 'organicpanda203', 'password': 'mickey1', 'salt': 'lU4Ern5K', 'md5': '23326fe1bbdea4ad1af21238d11b840d', 'sha1': 'd5d1354ca6405afea31b788b8da367f5ef589974', 'sha256': '8789e695c6c86c35f9f104479b84ce10cfc900902a83262741f31a667c56c91b'}, 'dob': {'date': '1948-01-11T10:01:40.782Z', 'age': 76}, 'registered': {'date': '2011-02-14T13:09:08.941Z', 'age': 13}, 'phone': '(099) I24-3201', 'cell': '(096) B02-4335', 'id': {'name': '', 'value': None}, 'picture': {'large': 'https://randomuser.me/api/portraits/women/25.jpg', 'medium': 'https://randomuser.me/api/portraits/med/women/25.jpg', 'thumbnail': 'https://randomuser.me/api/portraits/thumb/women/25.jpg'}, 'nat': 'UA'}</msg>
<arg>${json_data['results'][0]}</arg>
<doc>Logs the given message with the given level.</doc>
<status status="PASS" start="2024-07-27T14:13:36.897798" elapsed="0.000393"/>
</kw>
<kw name="Log" owner="BuiltIn">
<msg time="2024-07-27T14:13:36.898622" level="INFO">location</msg>
<arg>${key}</arg>
<doc>Logs the given message with the given level.</doc>
<status status="PASS" start="2024-07-27T14:13:36.898493" elapsed="0.000167"/>
</kw>
<var name="${key}">location</var>
<status status="PASS" start="2024-07-27T14:13:36.897123" elapsed="0.001752"/>
</iter>
<iter>
<kw name="Dictionary Should Contain Key" owner="Collections">
<arg>${json_data['results'][0]}</arg>
<arg>${key}</arg>
<doc>Fails if ``key`` is not found from ``dictionary``.</doc>
<status status="PASS" start="2024-07-27T14:13:36.899149" elapsed="0.000376"/>
</kw>
<kw name="Log" owner="BuiltIn">
<msg time="2024-07-27T14:13:36.900168" level="INFO">{'gender': 'female', 'name': {'title': 'Ms', 'first': 'Lyudmila', 'last': 'Zhiteckiy'}, 'location': {'street': {'number': 1021, 'name': 'Pushkinska'}, 'city': 'Shahtarsk', 'state': 'Volinska', 'country': 'Ukraine', 'postcode': 57582, 'coordinates': {'latitude': '74.1535', 'longitude': '23.8531'}, 'timezone': {'offset': '-7:00', 'description': 'Mountain Time (US &amp; Canada)'}}, 'email': 'lyudmila.zhiteckiy@example.com', 'login': {'uuid': '75e31cf1-83ce-4743-a999-b1074e536431', 'username': 'organicpanda203', 'password': 'mickey1', 'salt': 'lU4Ern5K', 'md5': '23326fe1bbdea4ad1af21238d11b840d', 'sha1': 'd5d1354ca6405afea31b788b8da367f5ef589974', 'sha256': '8789e695c6c86c35f9f104479b84ce10cfc900902a83262741f31a667c56c91b'}, 'dob': {'date': '1948-01-11T10:01:40.782Z', 'age': 76}, 'registered': {'date': '2011-02-14T13:09:08.941Z', 'age': 13}, 'phone': '(099) I24-3201', 'cell': '(096) B02-4335', 'id': {'name': '', 'value': None}, 'picture': {'large': 'https://randomuser.me/api/portraits/women/25.jpg', 'medium': 'https://randomuser.me/api/portraits/med/women/25.jpg', 'thumbnail': 'https://randomuser.me/api/portraits/thumb/women/25.jpg'}, 'nat': 'UA'}</msg>
<arg>${json_data['results'][0]}</arg>
<doc>Logs the given message with the given level.</doc>
<status status="PASS" start="2024-07-27T14:13:36.899817" elapsed="0.000410"/>
</kw>
<kw name="Log" owner="BuiltIn">
<msg time="2024-07-27T14:13:36.900649" level="INFO">email</msg>
<arg>${key}</arg>
<doc>Logs the given message with the given level.</doc>
<status status="PASS" start="2024-07-27T14:13:36.900520" elapsed="0.000168"/>
</kw>
<var name="${key}">email</var>
<status status="PASS" start="2024-07-27T14:13:36.899042" elapsed="0.001892"/>
</iter>
<iter>
<kw name="Dictionary Should Contain Key" owner="Collections">
<arg>${json_data['results'][0]}</arg>
<arg>${key}</arg>
<doc>Fails if ``key`` is not found from ``dictionary``.</doc>
<status status="PASS" start="2024-07-27T14:13:36.901212" elapsed="0.000370"/>
</kw>
<kw name="Log" owner="BuiltIn">
<msg time="2024-07-27T14:13:36.902120" level="INFO">{'gender': 'female', 'name': {'title': 'Ms', 'first': 'Lyudmila', 'last': 'Zhiteckiy'}, 'location': {'street': {'number': 1021, 'name': 'Pushkinska'}, 'city': 'Shahtarsk', 'state': 'Volinska', 'country': 'Ukraine', 'postcode': 57582, 'coordinates': {'latitude': '74.1535', 'longitude': '23.8531'}, 'timezone': {'offset': '-7:00', 'description': 'Mountain Time (US &amp; Canada)'}}, 'email': 'lyudmila.zhiteckiy@example.com', 'login': {'uuid': '75e31cf1-83ce-4743-a999-b1074e536431', 'username': 'organicpanda203', 'password': 'mickey1', 'salt': 'lU4Ern5K', 'md5': '23326fe1bbdea4ad1af21238d11b840d', 'sha1': 'd5d1354ca6405afea31b788b8da367f5ef589974', 'sha256': '8789e695c6c86c35f9f104479b84ce10cfc900902a83262741f31a667c56c91b'}, 'dob': {'date': '1948-01-11T10:01:40.782Z', 'age': 76}, 'registered': {'date': '2011-02-14T13:09:08.941Z', 'age': 13}, 'phone': '(099) I24-3201', 'cell': '(096) B02-4335', 'id': {'name': '', 'value': None}, 'picture': {'large': 'https://randomuser.me/api/portraits/women/25.jpg', 'medium': 'https://randomuser.me/api/portraits/med/women/25.jpg', 'thumbnail': 'https://randomuser.me/api/portraits/thumb/women/25.jpg'}, 'nat': 'UA'}</msg>
<arg>${json_data['results'][0]}</arg>
<doc>Logs the given message with the given level.</doc>
<status status="PASS" start="2024-07-27T14:13:36.901770" elapsed="0.000400"/>
</kw>
<kw name="Log" owner="BuiltIn">
<msg time="2024-07-27T14:13:36.902587" level="INFO">login</msg>
<arg>${key}</arg>
<doc>Logs the given message with the given level.</doc>
<status status="PASS" start="2024-07-27T14:13:36.902461" elapsed="0.000164"/>
</kw>
<var name="${key}">login</var>
<status status="PASS" start="2024-07-27T14:13:36.901105" elapsed="0.001734"/>
</iter>
<var>${key}</var>
<value>@{expected_keys}</value>
<status status="PASS" start="2024-07-27T14:13:36.892850" elapsed="0.010107"/>
</for>
<kw name="Create List" owner="BuiltIn">
<msg time="2024-07-27T14:13:36.903271" level="INFO">${expected_keysTwo} = ['username', 'password']</msg>
<var>${expected_keysTwo}</var>
<arg>username</arg>
<arg>password</arg>
<doc>Returns a list containing given items.</doc>
<status status="PASS" start="2024-07-27T14:13:36.903140" elapsed="0.000181"/>
</kw>
<for flavor="IN">
<iter>
<kw name="Dictionary Should Contain Key" owner="Collections">
<arg>${json_data['results'][0]['login']}</arg>
<arg>${keyTwo}</arg>
<doc>Fails if ``key`` is not found from ``dictionary``.</doc>
<status status="PASS" start="2024-07-27T14:13:36.903819" elapsed="0.000380"/>
</kw>
<kw name="Dictionary Should Contain Key" owner="Collections">
<arg>${json_data['results'][0]['login']}</arg>
<arg>${keyTwo}</arg>
<doc>Fails if ``key`` is not found from ``dictionary``.</doc>
<status status="PASS" start="2024-07-27T14:13:36.904381" elapsed="0.000373"/>
</kw>
<kw name="Log" owner="BuiltIn">
<msg time="2024-07-27T14:13:36.905087" level="INFO">username</msg>
<arg>${keyTwo}</arg>
<doc>Logs the given message with the given level.</doc>
<status status="PASS" start="2024-07-27T14:13:36.904967" elapsed="0.000157"/>
</kw>
<var name="${keyTwo}">username</var>
<status status="PASS" start="2024-07-27T14:13:36.903714" elapsed="0.001628"/>
</iter>
<iter>
<kw name="Dictionary Should Contain Key" owner="Collections">
<arg>${json_data['results'][0]['login']}</arg>
<arg>${keyTwo}</arg>
<doc>Fails if ``key`` is not found from ``dictionary``.</doc>
<status status="PASS" start="2024-07-27T14:13:36.905629" elapsed="0.000383"/>
</kw>
<kw name="Dictionary Should Contain Key" owner="Collections">
<arg>${json_data['results'][0]['login']}</arg>
<arg>${keyTwo}</arg>
<doc>Fails if ``key`` is not found from ``dictionary``.</doc>
<status status="PASS" start="2024-07-27T14:13:36.906188" elapsed="0.000364"/>
</kw>
<kw name="Log" owner="BuiltIn">
<msg time="2024-07-27T14:13:36.906857" level="INFO">password</msg>
<arg>${keyTwo}</arg>
<doc>Logs the given message with the given level.</doc>
<status status="PASS" start="2024-07-27T14:13:36.906730" elapsed="0.000164"/>
</kw>
<var name="${keyTwo}">password</var>
<status status="PASS" start="2024-07-27T14:13:36.905514" elapsed="0.001597"/>
</iter>
<var>${keyTwo}</var>
<value>@{expected_keysTwo}</value>
<status status="PASS" start="2024-07-27T14:13:36.903560" elapsed="0.003671"/>
</for>
<status status="PASS" start="2024-07-27T14:13:36.775844" elapsed="0.131526"/>
</kw>
<doc>Testa a estrutura da resposta da API.</doc>
<tag>testeEstruturaResposta</tag>
<status status="PASS" start="2024-07-27T14:13:36.775243" elapsed="0.132279"/>
</test>
<test id="s1-s1-t4" name="Validar tipos de dados" line="28">
<kw name="Teste de Tipos de Dados" owner="random-user-service">
<kw name="GET On Session" owner="RequestsLibrary">
<msg time="2024-07-27T14:13:36.982117" level="INFO">GET Request : url=https://randomuser.me/api 
 path_url=/api 
 headers={'User-Agent': 'python-requests/2.32.3', 'Accept-Encoding': 'gzip, deflate', 'Accept': '*/*', 'Connection': 'keep-alive'} 
 body=None 
 </msg>
<msg time="2024-07-27T14:13:36.982199" level="INFO">GET Response : url=https://randomuser.me/api 
 status=200, reason=OK 
 headers={'Date': 'Sat, 27 Jul 2024 14:13:36 GMT', 'Content-Type': 'application/json; charset=utf-8', 'Transfer-Encoding': 'chunked', 'Connection': 'keep-alive', 'X-Powered-By': 'Express', 'Access-Control-Allow-Origin': '*', 'Cache-Control': 'no-cache', 'ETag': 'W/"478-+jAEn0Jj3EtEQYQYMcVyn1pWbZo"', 'Vary': 'Accept-Encoding', 'Content-Encoding': 'gzip', 'CF-Cache-Status': 'DYNAMIC', 'Report-To': '{"endpoints":[{"url":"https:\\/\\/a.nel.cloudflare.com\\/report\\/v4?s=Ga50SwQ5KJciqpsPZJJ1uCuK1coWSWEaexGM85P8K7%2BTtoN2kMwm%2FHEJMkJFqs%2F%2Fw971EBxEpq9Yi3TplYsBsASPgMYMPMcJ6joZgZmkcpIK82K%2BH9K1K77vUDrLoOMo"}],"group":"cf-nel","max_age":604800}', 'NEL': '{"success_fraction":0,"report_to":"cf-nel","max_age":604800}', 'Server': 'cloudflare', 'CF-RAY': '8a9d3b29ba839c84-IAD', 'alt-svc': 'h3=":443"; ma=86400'} 
 body={"results":[{"gender":"male","name":{"title":"Mr","first":"Sérgio","last":"Jesus"},"location":{"street":{"number":3798,"name":"Rua Dois"},"city":"Magé","state":"Piauí","country":"Brazil","postcode":31474,"coordinates":{"latitude":"-74.1280","longitude":"-100.2333"},"timezone":{"offset":"-11:00","description":"Midway Island, Samoa"}},"email":"sergio.jesus@example.com","login":{"uuid":"e80648a3-8fc6-4fc5-9821-813046c4181c","username":"blackbird573","password":"krypton","salt":"H0UA9VuM","md5":"ee80fd96adf2919837d30a86cb104c24","sha1":"ab625fb9cb89793fd3a30d8d731fecf50c761b5c","sha256":"362057d6a5f943f222d37ec74c5cbf63c8b7f2551f3bb1587cb3eb77f0650b59"},"dob":{"date":"1951-06-15T06:40:04.375Z","age":73},"registered":{"date":"2006-09-06T11:54:50.453Z","age":17},"phone":"(24) 7215-0791","cell":"(19) 7764-6307","id":{"name":"CPF","value":"095.123.869-29"},"picture":{"large":"https://randomuser.me/api/portraits/men/0.jpg","medium":"https://randomuser.me/api/portraits/med/men/0.jpg","thumbnail":"https://randomuser.me/api/portraits/thumb/men/0.jpg"},"nat":"BR"}],"info":{"seed":"b86be3fd8b21c39e","results":1,"page":1,"version":"1.4"}} 
 </msg>
<msg time="2024-07-27T14:13:36.982269" level="INFO">/opt/hostedtoolcache/Python/3.12.4/x64/lib/python3.12/site-packages/urllib3/connectionpool.py:1099: InsecureRequestWarning: Unverified HTTPS request is being made to host 'randomuser.me'. Adding certificate verification is strongly advised. See: https://urllib3.readthedocs.io/en/latest/advanced-usage.html#tls-warnings
  warnings.warn(</msg>
<msg time="2024-07-27T14:13:36.982373" level="INFO">${response} = &lt;Response [200]&gt;</msg>
<var>${response}</var>
<arg>consultarAPI</arg>
<arg>/api</arg>
<doc>Sends a GET request on a previously created HTTP Session.</doc>
<status status="PASS" start="2024-07-27T14:13:36.909936" elapsed="0.072477"/>
</kw>
<kw name="Set Variable" owner="BuiltIn">
<msg time="2024-07-27T14:13:36.983372" level="INFO">${json_data} = {'results': [{'gender': 'male', 'name': {'title': 'Mr', 'first': 'Sérgio', 'last': 'Jesus'}, 'location': {'street': {'number': 3798, 'name': 'Rua Dois'}, 'city': 'Magé', 'state': 'Piauí', 'country': '...</msg>
<var>${json_data}</var>
<arg>${response.json()}</arg>
<doc>Returns the given values which can then be assigned to a variables.</doc>
<status status="PASS" start="2024-07-27T14:13:36.982854" elapsed="0.000549"/>
</kw>
<kw name="Log" owner="BuiltIn">
<msg time="2024-07-27T14:13:36.983860" level="INFO">{'results': [{'gender': 'male', 'name': {'title': 'Mr', 'first': 'Sérgio', 'last': 'Jesus'}, 'location': {'street': {'number': 3798, 'name': 'Rua Dois'}, 'city': 'Magé', 'state': 'Piauí', 'country': 'Brazil', 'postcode': 31474, 'coordinates': {'latitude': '-74.1280', 'longitude': '-100.2333'}, 'timezone': {'offset': '-11:00', 'description': 'Midway Island, Samoa'}}, 'email': 'sergio.jesus@example.com', 'login': {'uuid': 'e80648a3-8fc6-4fc5-9821-813046c4181c', 'username': 'blackbird573', 'password': 'krypton', 'salt': 'H0UA9VuM', 'md5': 'ee80fd96adf2919837d30a86cb104c24', 'sha1': 'ab625fb9cb89793fd3a30d8d731fecf50c761b5c', 'sha256': '362057d6a5f943f222d37ec74c5cbf63c8b7f2551f3bb1587cb3eb77f0650b59'}, 'dob': {'date': '1951-06-15T06:40:04.375Z', 'age': 73}, 'registered': {'date': '2006-09-06T11:54:50.453Z', 'age': 17}, 'phone': '(24) 7215-0791', 'cell': '(19) 7764-6307', 'id': {'name': 'CPF', 'value': '095.123.869-29'}, 'picture': {'large': 'https://randomuser.me/api/portraits/men/0.jpg', 'medium': 'https://randomuser.me/api/portraits/med/men/0.jpg', 'thumbnail': 'https://randomuser.me/api/portraits/thumb/men/0.jpg'}, 'nat': 'BR'}], 'info': {'seed': 'b86be3fd8b21c39e', 'results': 1, 'page': 1, 'version': '1.4'}}</msg>
<arg>${json_data}</arg>
<doc>Logs the given message with the given level.</doc>
<status status="PASS" start="2024-07-27T14:13:36.983704" elapsed="0.000204"/>
</kw>
<kw name="Should Be String" owner="String">
<arg>${json_data['results'][0]['gender']}</arg>
<doc>Fails if the given ``item`` is not a string.</doc>
<status status="PASS" start="2024-07-27T14:13:36.984196" elapsed="0.000368"/>
</kw>
<kw name="Should Match Regexp" owner="BuiltIn">
<arg>${json_data['results'][0]['email']}</arg>
<arg>^[a-zA-Z0-9._%+-]+@[a-zA-Z0-9.-]+\.[a-zA-Z]{2,}$</arg>
<doc>Fails if ``string`` does not match ``pattern`` as a regular expression.</doc>
<status status="PASS" start="2024-07-27T14:13:36.984753" elapsed="0.000552"/>
</kw>
<kw name="Should Match Regexp" owner="BuiltIn">
<arg>${json_data['results'][0]['dob']['date']}</arg>
<arg>\\d{4}-\\d{2}-\\d{2}T\\d{2}:\\d{2}:\\d{2}\\.\\d{3}Z</arg>
<doc>Fails if ``string`` does not match ``pattern`` as a regular expression.</doc>
<status status="PASS" start="2024-07-27T14:13:36.985535" elapsed="0.000618"/>
</kw>
<kw name="Should Match Regexp" owner="BuiltIn">
<arg>${json_data['results'][0]['registered']['date']}</arg>
<arg>\\d{4}-\\d{2}-\\d{2}T\\d{2}:\\d{2}:\\d{2}\\.\\d{3}Z</arg>
<doc>Fails if ``string`` does not match ``pattern`` as a regular expression.</doc>
<status status="PASS" start="2024-07-27T14:13:36.986347" elapsed="0.000370"/>
</kw>
<kw name="Should Match Regexp" owner="BuiltIn">
<arg>${json_data['results'][0]['picture']['large']}</arg>
<arg>^https?://.*\.(?:png|jpe?g|gif|bmp)$</arg>
<doc>Fails if ``string`` does not match ``pattern`` as a regular expression.</doc>
<status status="PASS" start="2024-07-27T14:13:36.986907" elapsed="0.000458"/>
</kw>
<kw name="Should Match Regexp" owner="BuiltIn">
<arg>${json_data['results'][0]['picture']['medium']}</arg>
<arg>^https?://.*\.(?:png|jpe?g|gif|bmp)$</arg>
<doc>Fails if ``string`` does not match ``pattern`` as a regular expression.</doc>
<status status="PASS" start="2024-07-27T14:13:36.987549" elapsed="0.000352"/>
</kw>
<kw name="Should Match Regexp" owner="BuiltIn">
<arg>${json_data['results'][0]['picture']['thumbnail']}</arg>
<arg>^https?://.*\.(?:png|jpe?g|gif|bmp)$</arg>
<doc>Fails if ``string`` does not match ``pattern`` as a regular expression.</doc>
<status status="PASS" start="2024-07-27T14:13:36.988085" elapsed="0.000353"/>
</kw>
<kw name="Log" owner="BuiltIn">
<msg time="2024-07-27T14:13:36.988982" level="INFO">{'large': 'https://randomuser.me/api/portraits/men/0.jpg', 'medium': 'https://randomuser.me/api/portraits/med/men/0.jpg', 'thumbnail': 'https://randomuser.me/api/portraits/thumb/men/0.jpg'}</msg>
<arg>${json_data['results'][0]['picture']}</arg>
<doc>Logs the given message with the given level.</doc>
<status status="PASS" start="2024-07-27T14:13:36.988618" elapsed="0.000407"/>
</kw>
<status status="PASS" start="2024-07-27T14:13:36.909716" elapsed="0.079568"/>
</kw>
<kw name="Teste de Tipos de Dados - Postcode" owner="random-user-service">
<kw name="GET On Session" owner="RequestsLibrary">
<msg time="2024-07-27T14:13:37.081919" level="INFO">GET Request : url=https://randomuser.me/api 
 path_url=/api 
 headers={'User-Agent': 'python-requests/2.32.3', 'Accept-Encoding': 'gzip, deflate', 'Accept': '*/*', 'Connection': 'keep-alive'} 
 body=None 
 </msg>
<msg time="2024-07-27T14:13:37.082011" level="INFO">GET Response : url=https://randomuser.me/api 
 status=200, reason=OK 
 headers={'Date': 'Sat, 27 Jul 2024 14:13:37 GMT', 'Content-Type': 'application/json; charset=utf-8', 'Transfer-Encoding': 'chunked', 'Connection': 'keep-alive', 'X-Powered-By': 'Express', 'Access-Control-Allow-Origin': '*', 'Cache-Control': 'no-cache', 'ETag': 'W/"49a-wQE//K0F14A8+c9+Kgmi1p/tvBs"', 'Vary': 'Accept-Encoding', 'Content-Encoding': 'gzip', 'CF-Cache-Status': 'DYNAMIC', 'Report-To': '{"endpoints":[{"url":"https:\\/\\/a.nel.cloudflare.com\\/report\\/v4?s=GzLZDXGomLOXcXW1XKwSLeHbHkeCH2xIFQOPvOpLurPGp%2FGM5u68WUggSefnAUX%2BA7UBANdVoovI%2BQA2lCyHwuKxx7eDyW8zxlApNat0b9vZkohvcoVOMJ3emUABSA%2BC"}],"group":"cf-nel","max_age":604800}', 'NEL': '{"success_fraction":0,"report_to":"cf-nel","max_age":604800}', 'Server': 'cloudflare', 'CF-RAY': '8a9d3b2a3b279c84-IAD', 'alt-svc': 'h3=":443"; ma=86400'} 
 body={"results":[{"gender":"female","name":{"title":"Madame","first":"Fernanda","last":"Dubois"},"location":{"street":{"number":6610,"name":"Rue Chazière"},"city":"Hinterrhein","state":"Ticino","country":"Switzerland","postcode":4188,"coordinates":{"latitude":"-57.5864","longitude":"78.2779"},"timezone":{"offset":"+2:00","description":"Kaliningrad, South Africa"}},"email":"fernanda.dubois@example.com","login":{"uuid":"5398a76c-847e-4ebb-96d1-3679ac50ac00","username":"bigduck445","password":"smiley","salt":"rB55USLz","md5":"ac51a000a34791c94b256a68f8ba5ce3","sha1":"7cf84b1ec644d6d4e7737d24e3c232cc71cf0a2e","sha256":"bf0368c31580c632e81ccd15d0a26016d6abcacacf6fb22b6a9fb224fd4815a8"},"dob":{"date":"1970-07-04T11:14:16.684Z","age":54},"registered":{"date":"2013-11-25T17:55:28.581Z","age":10},"phone":"075 670 04 33","cell":"075 908 20 28","id":{"name":"AVS","value":"756.7521.4372.27"},"picture":{"large":"https://randomuser.me/api/portraits/women/64.jpg","medium":"https://randomuser.me/api/portraits/med/women/64.jpg","thumbnail":"https://randomuser.me/api/portraits/thumb/women/64.jpg"},"nat":"CH"}],"info":{"seed":"aaa67f708fbd6b6a","results":1,"page":1,"version":"1.4"}} 
 </msg>
<msg time="2024-07-27T14:13:37.082076" level="INFO">/opt/hostedtoolcache/Python/3.12.4/x64/lib/python3.12/site-packages/urllib3/connectionpool.py:1099: InsecureRequestWarning: Unverified HTTPS request is being made to host 'randomuser.me'. Adding certificate verification is strongly advised. See: https://urllib3.readthedocs.io/en/latest/advanced-usage.html#tls-warnings
  warnings.warn(</msg>
<msg time="2024-07-27T14:13:37.082184" level="INFO">${response} = &lt;Response [200]&gt;</msg>
<var>${response}</var>
<arg>consultarAPI</arg>
<arg>/api</arg>
<doc>Sends a GET request on a previously created HTTP Session.</doc>
<status status="PASS" start="2024-07-27T14:13:36.989728" elapsed="0.092494"/>
</kw>
<kw name="Set Variable" owner="BuiltIn">
<msg time="2024-07-27T14:13:37.083304" level="INFO">${json_data} = {'results': [{'gender': 'female', 'name': {'title': 'Madame', 'first': 'Fernanda', 'last': 'Dubois'}, 'location': {'street': {'number': 6610, 'name': 'Rue Chazière'}, 'city': 'Hinterrhein', 'state': '...</msg>
<var>${json_data}</var>
<arg>${response.json()}</arg>
<doc>Returns the given values which can then be assigned to a variables.</doc>
<status status="PASS" start="2024-07-27T14:13:37.082746" elapsed="0.000588"/>
</kw>
<kw name="Log" owner="BuiltIn">
<msg time="2024-07-27T14:13:37.083805" level="INFO">{'results': [{'gender': 'female', 'name': {'title': 'Madame', 'first': 'Fernanda', 'last': 'Dubois'}, 'location': {'street': {'number': 6610, 'name': 'Rue Chazière'}, 'city': 'Hinterrhein', 'state': 'Ticino', 'country': 'Switzerland', 'postcode': 4188, 'coordinates': {'latitude': '-57.5864', 'longitude': '78.2779'}, 'timezone': {'offset': '+2:00', 'description': 'Kaliningrad, South Africa'}}, 'email': 'fernanda.dubois@example.com', 'login': {'uuid': '5398a76c-847e-4ebb-96d1-3679ac50ac00', 'username': 'bigduck445', 'password': 'smiley', 'salt': 'rB55USLz', 'md5': 'ac51a000a34791c94b256a68f8ba5ce3', 'sha1': '7cf84b1ec644d6d4e7737d24e3c232cc71cf0a2e', 'sha256': 'bf0368c31580c632e81ccd15d0a26016d6abcacacf6fb22b6a9fb224fd4815a8'}, 'dob': {'date': '1970-07-04T11:14:16.684Z', 'age': 54}, 'registered': {'date': '2013-11-25T17:55:28.581Z', 'age': 10}, 'phone': '075 670 04 33', 'cell': '075 908 20 28', 'id': {'name': 'AVS', 'value': '756.7521.4372.27'}, 'picture': {'large': 'https://randomuser.me/api/portraits/women/64.jpg', 'medium': 'https://randomuser.me/api/portraits/med/women/64.jpg', 'thumbnail': 'https://randomuser.me/api/portraits/thumb/women/64.jpg'}, 'nat': 'CH'}], 'info': {'seed': 'aaa67f708fbd6b6a', 'results': 1, 'page': 1, 'version': '1.4'}}</msg>
<arg>${json_data}</arg>
<doc>Logs the given message with the given level.</doc>
<status status="PASS" start="2024-07-27T14:13:37.083645" elapsed="0.000210"/>
</kw>
<kw name="Should Be Equal As Numbers" owner="BuiltIn">
<arg>${json_data['results'][0]['location']['postcode']}</arg>
<arg>${json_data['results'][0]['location']['postcode']}</arg>
<doc>Fails if objects are unequal after converting them to real numbers.</doc>
<status status="PASS" start="2024-07-27T14:13:37.084150" elapsed="0.000667"/>
</kw>
<kw name="Log" owner="BuiltIn">
<msg time="2024-07-27T14:13:37.085356" level="INFO">4188</msg>
<arg>${json_data['results'][0]['location']['postcode']}</arg>
<doc>Logs the given message with the given level.</doc>
<status status="PASS" start="2024-07-27T14:13:37.085019" elapsed="0.000378"/>
</kw>
<status status="PASS" start="2024-07-27T14:13:36.989499" elapsed="0.096182"/>
</kw>
<doc>Testa se os tipos de dados na resposta da API estão corretos.</doc>
<tag>testeTiposDados</tag>
<status status="PASS" start="2024-07-27T14:13:36.909271" elapsed="0.176579"/>
</test>
<test id="s1-s1-t5" name="Validar conteudo" line="35">
<kw name="Teste de Tipos de Conteudo" owner="random-user-service">
<kw name="GET On Session" owner="RequestsLibrary">
<msg time="2024-07-27T14:13:37.220710" level="INFO">GET Request : url=https://randomuser.me/api 
 path_url=/api 
 headers={'User-Agent': 'python-requests/2.32.3', 'Accept-Encoding': 'gzip, deflate', 'Accept': '*/*', 'Connection': 'keep-alive'} 
 body=None 
 </msg>
<msg time="2024-07-27T14:13:37.220842" level="INFO">GET Response : url=https://randomuser.me/api 
 status=200, reason=OK 
 headers={'Date': 'Sat, 27 Jul 2024 14:13:37 GMT', 'Content-Type': 'application/json; charset=utf-8', 'Transfer-Encoding': 'chunked', 'Connection': 'keep-alive', 'X-Powered-By': 'Express', 'Access-Control-Allow-Origin': '*', 'Cache-Control': 'no-cache', 'ETag': 'W/"47d-fwIyaauTL53KVoPQXNibUZuwifM"', 'Vary': 'Accept-Encoding', 'Content-Encoding': 'gzip', 'CF-Cache-Status': 'DYNAMIC', 'Report-To': '{"endpoints":[{"url":"https:\\/\\/a.nel.cloudflare.com\\/report\\/v4?s=FE8k3na71JK0A%2FGOofUodvoztg58aLo8tpnqRvTmDgyW20CUoSlesDAd9VG%2BpM1jyuY6pAIJD2o0gb0%2FbqkcFoBoaEQN6xSC2%2FWiLUsOrVOHCzRYDYQkHR3U4eKhpJNW"}],"group":"cf-nel","max_age":604800}', 'NEL': '{"success_fraction":0,"report_to":"cf-nel","max_age":604800}', 'Server': 'cloudflare', 'CF-RAY': '8a9d3b2adbb09c84-IAD', 'alt-svc': 'h3=":443"; ma=86400'} 
 body={"results":[{"gender":"male","name":{"title":"Mr","first":"Avgustin","last":"Shuhevich"},"location":{"street":{"number":3512,"name":"Samoylovicha"},"city":"Nosivka","state":"Hmelnicka","country":"Ukraine","postcode":99192,"coordinates":{"latitude":"77.9196","longitude":"-96.7532"},"timezone":{"offset":"-12:00","description":"Eniwetok, Kwajalein"}},"email":"avgustin.shuhevich@example.com","login":{"uuid":"0f0539ef-e784-4794-92fe-cae4fd5e0221","username":"yellowtiger808","password":"brian","salt":"4CHqBLr1","md5":"a63b639375586ed7c28cbf44c905103c","sha1":"07fc7f619e69120e0b9ae69b0d7eb59cc5f59039","sha256":"5d3d16fd22c90401c514b3b3c5c3c64332439ef97624cacb1de8faaee303e76e"},"dob":{"date":"1981-08-16T13:18:18.814Z","age":42},"registered":{"date":"2020-07-18T21:50:39.871Z","age":4},"phone":"(099) W39-0110","cell":"(099) P58-2148","id":{"name":"","value":null},"picture":{"large":"https://randomuser.me/api/portraits/men/26.jpg","medium":"https://randomuser.me/api/portraits/med/men/26.jpg","thumbnail":"https://randomuser.me/api/portraits/thumb/men/26.jpg"},"nat":"UA"}],"info":{"seed":"32854805f01ff954","results":1,"page":1,"version":"1.4"}} 
 </msg>
<msg time="2024-07-27T14:13:37.220924" level="INFO">/opt/hostedtoolcache/Python/3.12.4/x64/lib/python3.12/site-packages/urllib3/connectionpool.py:1099: InsecureRequestWarning: Unverified HTTPS request is being made to host 'randomuser.me'. Adding certificate verification is strongly advised. See: https://urllib3.readthedocs.io/en/latest/advanced-usage.html#tls-warnings
  warnings.warn(</msg>
<msg time="2024-07-27T14:13:37.221076" level="INFO">${response} = &lt;Response [200]&gt;</msg>
<var>${response}</var>
<arg>consultarAPI</arg>
<arg>/api</arg>
<doc>Sends a GET request on a previously created HTTP Session.</doc>
<status status="PASS" start="2024-07-27T14:13:37.088336" elapsed="0.132797"/>
</kw>
<kw name="Set Variable" owner="BuiltIn">
<msg time="2024-07-27T14:13:37.222197" level="INFO">${json_data} = {'results': [{'gender': 'male', 'name': {'title': 'Mr', 'first': 'Avgustin', 'last': 'Shuhevich'}, 'location': {'street': {'number': 3512, 'name': 'Samoylovicha'}, 'city': 'Nosivka', 'state': 'Hmelnic...</msg>
<var>${json_data}</var>
<arg>${response.json()}</arg>
<doc>Returns the given values which can then be assigned to a variables.</doc>
<status status="PASS" start="2024-07-27T14:13:37.221650" elapsed="0.000576"/>
</kw>
<kw name="Set Variable" owner="BuiltIn">
<msg time="2024-07-27T14:13:37.222934" level="INFO">${name_title} = Mr</msg>
<var>${name_title}</var>
<arg>${json_data["results"][0]["name"]["title"]}</arg>
<doc>Returns the given values which can then be assigned to a variables.</doc>
<status status="PASS" start="2024-07-27T14:13:37.222547" elapsed="0.000413"/>
</kw>
<kw name="Create List" owner="BuiltIn">
<msg time="2024-07-27T14:13:37.223406" level="INFO">${allowed_titles} = ['Mr', 'Ms', 'Miss', 'Mrs', 'Madame', 'Monsieur']</msg>
<var>${allowed_titles}</var>
<arg>Mr</arg>
<arg>Ms</arg>
<arg>Miss</arg>
<arg>Mrs</arg>
<arg>Madame</arg>
<arg>Monsieur</arg>
<doc>Returns a list containing given items.</doc>
<status status="PASS" start="2024-07-27T14:13:37.223255" elapsed="0.000176"/>
</kw>
<kw name="List Should Contain Value" owner="Collections">
<arg>${allowed_titles}</arg>
<arg>${name_title}</arg>
<doc>Fails if the ``value`` is not found from ``list``.</doc>
<status status="PASS" start="2024-07-27T14:13:37.223729" elapsed="0.000182"/>
</kw>
<kw name="Set Variable" owner="BuiltIn">
<msg time="2024-07-27T14:13:37.224469" level="INFO">${name_country} = UA</msg>
<var>${name_country}</var>
<arg>${json_data["results"][0]["nat"]}</arg>
<doc>Returns the given values which can then be assigned to a variables.</doc>
<status status="PASS" start="2024-07-27T14:13:37.224091" elapsed="0.000403"/>
</kw>
<kw name="Create List" owner="BuiltIn">
<msg time="2024-07-27T14:13:37.225410" level="INFO">${list_country} = ['AD', 'AE', 'AF', 'AG', 'AI', 'AL', 'AM', 'AO', 'AQ', 'AR', 'AS', 'AT', 'AU', 'AW', 'AX', 'AZ', 'BA', 'BB', 'BD', 'BE', 'BF', 'BG', 'BH', 'BI', 'BJ', 'BL', 'BM', 'BN', 'BO', 'BQ', 'BR', 'BS', 'BT', '...</msg>
<var>${list_country}</var>
<arg>AD</arg>
<arg>AE</arg>
<arg>AF</arg>
<arg>AG</arg>
<arg>AI</arg>
<arg>AL</arg>
<arg>AM</arg>
<arg>AO</arg>
<arg>AQ</arg>
<arg>AR</arg>
<arg>AS</arg>
<arg>AT</arg>
<arg>AU</arg>
<arg>AW</arg>
<arg>AX</arg>
<arg>AZ</arg>
<arg>BA</arg>
<arg>BB</arg>
<arg>BD</arg>
<arg>BE</arg>
<arg>BF</arg>
<arg>BG</arg>
<arg>BH</arg>
<arg>BI</arg>
<arg>BJ</arg>
<arg>BL</arg>
<arg>BM</arg>
<arg>BN</arg>
<arg>BO</arg>
<arg>BQ</arg>
<arg>BR</arg>
<arg>BS</arg>
<arg>BT</arg>
<arg>BV</arg>
<arg>BW</arg>
<arg>BY</arg>
<arg>BZ</arg>
<arg>CA</arg>
<arg>CC</arg>
<arg>CD</arg>
<arg>CF</arg>
<arg>CG</arg>
<arg>CH</arg>
<arg>CI</arg>
<arg>CK</arg>
<arg>CL</arg>
<arg>CM</arg>
<arg>CN</arg>
<arg>CO</arg>
<arg>CR</arg>
<arg>CU</arg>
<arg>CV</arg>
<arg>CW</arg>
<arg>CX</arg>
<arg>CY</arg>
<arg>CZ</arg>
<arg>DE</arg>
<arg>DJ</arg>
<arg>DK</arg>
<arg>DM</arg>
<arg>DO</arg>
<arg>DZ</arg>
<arg>EC</arg>
<arg>EE</arg>
<arg>EG</arg>
<arg>EH</arg>
<arg>ER</arg>
<arg>ES</arg>
<arg>ET</arg>
<arg>FI</arg>
<arg>FJ</arg>
<arg>FK</arg>
<arg>FM</arg>
<arg>FO</arg>
<arg>FR</arg>
<arg>GA</arg>
<arg>GB</arg>
<arg>GD</arg>
<arg>GE</arg>
<arg>GF</arg>
<arg>GG</arg>
<arg>GH</arg>
<arg>GI</arg>
<arg>GL</arg>
<arg>GM</arg>
<arg>GN</arg>
<arg>GP</arg>
<arg>GQ</arg>
<arg>GR</arg>
<arg>GS</arg>
<arg>GT</arg>
<arg>GU</arg>
<arg>GW</arg>
<arg>GY</arg>
<arg>HK</arg>
<arg>HM</arg>
<arg>HN</arg>
<arg>HR</arg>
<arg>HT</arg>
<arg>HU</arg>
<arg>ID</arg>
<arg>IE</arg>
<arg>IL</arg>
<arg>IM</arg>
<arg>IN</arg>
<arg>IO</arg>
<arg>IQ</arg>
<arg>IR</arg>
<arg>IS</arg>
<arg>IT</arg>
<arg>JE</arg>
<arg>JM</arg>
<arg>JO</arg>
<arg>JP</arg>
<arg>KE</arg>
<arg>KG</arg>
<arg>KH</arg>
<arg>KI</arg>
<arg>KM</arg>
<arg>KN</arg>
<arg>KP</arg>
<arg>KR</arg>
<arg>KW</arg>
<arg>KY</arg>
<arg>KZ</arg>
<arg>LA</arg>
<arg>LB</arg>
<arg>LC</arg>
<arg>LI</arg>
<arg>LK</arg>
<arg>LR</arg>
<arg>LS</arg>
<arg>LT</arg>
<arg>LU</arg>
<arg>LV</arg>
<arg>LY</arg>
<arg>MA</arg>
<arg>MC</arg>
<arg>MD</arg>
<arg>ME</arg>
<arg>MF</arg>
<arg>MG</arg>
<arg>MH</arg>
<arg>MK</arg>
<arg>ML</arg>
<arg>MM</arg>
<arg>MN</arg>
<arg>MO</arg>
<arg>MP</arg>
<arg>MQ</arg>
<arg>MR</arg>
<arg>MS</arg>
<arg>MT</arg>
<arg>MU</arg>
<arg>MV</arg>
<arg>MW</arg>
<arg>MX</arg>
<arg>MY</arg>
<arg>MZ</arg>
<arg>NA</arg>
<arg>NC</arg>
<arg>NE</arg>
<arg>NF</arg>
<arg>NG</arg>
<arg>NI</arg>
<arg>NL</arg>
<arg>NO</arg>
<arg>NP</arg>
<arg>NR</arg>
<arg>NU</arg>
<arg>NZ</arg>
<arg>OM</arg>
<arg>PA</arg>
<arg>PE</arg>
<arg>PF</arg>
<arg>PG</arg>
<arg>PH</arg>
<arg>PK</arg>
<arg>PL</arg>
<arg>PM</arg>
<arg>PN</arg>
<arg>PR</arg>
<arg>PS</arg>
<arg>PT</arg>
<arg>PW</arg>
<arg>PY</arg>
<arg>QA</arg>
<arg>RE</arg>
<arg>RO</arg>
<arg>RS</arg>
<arg>RU</arg>
<arg>RW</arg>
<arg>SA</arg>
<arg>SB</arg>
<arg>SC</arg>
<arg>SD</arg>
<arg>SE</arg>
<arg>SG</arg>
<arg>SH</arg>
<arg>SI</arg>
<arg>SJ</arg>
<arg>SK</arg>
<arg>SL</arg>
<arg>SM</arg>
<arg>SN</arg>
<arg>SO</arg>
<arg>SR</arg>
<arg>SS</arg>
<arg>ST</arg>
<arg>SV</arg>
<arg>SX</arg>
<arg>SY</arg>
<arg>SZ</arg>
<arg>TC</arg>
<arg>TD</arg>
<arg>TF</arg>
<arg>TG</arg>
<arg>TH</arg>
<arg>TJ</arg>
<arg>TK</arg>
<arg>TL</arg>
<arg>TM</arg>
<arg>TN</arg>
<arg>TO</arg>
<arg>TR</arg>
<arg>TT</arg>
<arg>TV</arg>
<arg>TW</arg>
<arg>TZ</arg>
<arg>UA</arg>
<arg>UG</arg>
<arg>UM</arg>
<arg>US</arg>
<arg>UY</arg>
<arg>UZ</arg>
<arg>VA</arg>
<arg>VC</arg>
<arg>VE</arg>
<arg>VG</arg>
<arg>VI</arg>
<arg>VN</arg>
<arg>VU</arg>
<arg>WF</arg>
<arg>WS</arg>
<arg>XK</arg>
<arg>YE</arg>
<arg>YT</arg>
<arg>ZA</arg>
<arg>ZM</arg>
<arg>ZW</arg>
<doc>Returns a list containing given items.</doc>
<status status="PASS" start="2024-07-27T14:13:37.224809" elapsed="0.000627"/>
</kw>
<kw name="List Should Contain Value" owner="Collections">
<arg>${list_country}</arg>
<arg>${name_country}</arg>
<doc>Fails if the ``value`` is not found from ``list``.</doc>
<status status="PASS" start="2024-07-27T14:13:37.226396" elapsed="0.000212"/>
</kw>
<kw name="Run Keyword If" owner="BuiltIn">
<kw name="Should Be True" owner="BuiltIn">
<arg>${True}</arg>
<doc>Fails if the given condition is not true.</doc>
<status status="PASS" start="2024-07-27T14:13:37.227565" elapsed="0.000143"/>
</kw>
<arg>${json_data["results"][0]["location"]["coordinates"]["latitude"]} &gt;= -90 and ${json_data["results"][0]["location"]["coordinates"]["latitude"]} &lt;= 90</arg>
<arg>Should Be True</arg>
<arg>${True}</arg>
<doc>Runs the given keyword with the given arguments, if ``condition`` is true.</doc>
<status status="PASS" start="2024-07-27T14:13:37.226808" elapsed="0.001026"/>
</kw>
<kw name="Run Keyword If" owner="BuiltIn">
<kw name="Should Be True" owner="BuiltIn">
<arg>${True}</arg>
<doc>Fails if the given condition is not true.</doc>
<status status="PASS" start="2024-07-27T14:13:37.228712" elapsed="0.000160"/>
</kw>
<arg>${json_data["results"][0]["location"]["coordinates"]["longitude"]} &gt;= -180 and ${json_data["results"][0]["location"]["coordinates"]["longitude"]} &lt;= 180</arg>
<arg>Should Be True</arg>
<arg>${True}</arg>
<doc>Runs the given keyword with the given arguments, if ``condition`` is true.</doc>
<status status="PASS" start="2024-07-27T14:13:37.228015" elapsed="0.000983"/>
</kw>
<status status="PASS" start="2024-07-27T14:13:37.088112" elapsed="0.141021"/>
</kw>
<doc>Testa o conteúdo específico dos campos retornados pela API.</doc>
<tag>testeConteudo</tag>
<status status="PASS" start="2024-07-27T14:13:37.087597" elapsed="0.141684"/>
</test>
<status status="PASS" start="2024-07-27T14:13:36.252169" elapsed="0.979177"/>
</suite>
<status status="PASS" start="2024-07-27T14:13:36.237771" elapsed="0.998663"/>
</suite>
<statistics>
<total>
<stat pass="5" fail="0" skip="0">All Tests</stat>
</total>
<tag>
<stat pass="1" fail="0" skip="0">testeConteudo</stat>
<stat pass="1" fail="0" skip="0">testeEstruturaResposta</stat>
<stat pass="1" fail="0" skip="0">testeRequisicaoBasica</stat>
<stat pass="1" fail="0" skip="0">testeTiposDados</stat>
</tag>
<suite>
<stat pass="5" fail="0" skip="0" id="s1" name="Tests">Tests</stat>
<stat pass="5" fail="0" skip="0" id="s1-s1" name="Random-User-Test">Tests.Random-User-Test</stat>
</suite>
</statistics>
<errors>
</errors>
</robot>
