<?xml version="1.0" encoding="UTF-8"?>
<robot generator="Robot 7.0.1 (Python 3.12.4 on linux)" generated="2024-07-18T03:19:43.236077" rpa="false" schemaversion="5">
<suite id="s1" name="Tests" source="/home/runner/work/ApiRandomUser/ApiRandomUser/RamdonUser/tests">
<suite id="s1-s1" name="Random-User-Test" source="/home/runner/work/ApiRandomUser/ApiRandomUser/RamdonUser/tests/random-user-test.robot">
<test id="s1-s1-t1" name="Conectar" line="13">
<kw name="Conectar API" owner="random-user-service">
<kw name="Create Session" owner="RequestsLibrary">
<msg time="2024-07-18T03:19:43.628234" level="INFO">Creating Session using : alias=consultarAPI, url=https://randomuser.me/, headers={},                     cookies={}, auth=None, timeout=None, proxies=None, verify=False,                     debug=0 </msg>
<arg>consultarAPI</arg>
<arg>${URL}</arg>
<doc>Create Session: create a HTTP session to a server</doc>
<status status="PASS" start="2024-07-18T03:19:43.628032" elapsed="0.000392"/>
</kw>
<status status="PASS" start="2024-07-18T03:19:43.626943" elapsed="0.001843"/>
</kw>
<status status="PASS" start="2024-07-18T03:19:43.626326" elapsed="0.002649"/>
</test>
<test id="s1-s1-t2" name="Validar retorno 200 e JSON Válido" line="16">
<kw name="Teste de Requisicao Basica" owner="random-user-service">
<kw name="GET On Session" owner="RequestsLibrary">
<msg time="2024-07-18T03:19:43.824112" level="INFO">GET Request : url=https://randomuser.me/api 
 path_url=/api 
 headers={'User-Agent': 'python-requests/2.32.3', 'Accept-Encoding': 'gzip, deflate', 'Accept': '*/*', 'Connection': 'keep-alive'} 
 body=None 
 </msg>
<msg time="2024-07-18T03:19:43.824332" level="INFO">GET Response : url=https://randomuser.me/api 
 status=200, reason=OK 
 headers={'Date': 'Thu, 18 Jul 2024 03:19:43 GMT', 'Content-Type': 'application/json; charset=utf-8', 'Transfer-Encoding': 'chunked', 'Connection': 'keep-alive', 'X-Powered-By': 'Express', 'Access-Control-Allow-Origin': '*', 'Cache-Control': 'no-cache', 'ETag': 'W/"4bb-Mj7pX50kNX4ukTD5skW4pcul3nc"', 'Vary': 'Accept-Encoding', 'Content-Encoding': 'gzip', 'CF-Cache-Status': 'DYNAMIC', 'Report-To': '{"endpoints":[{"url":"https:\\/\\/a.nel.cloudflare.com\\/report\\/v4?s=1WhT9npF9ZMviC74rAMsDz1dqZNtqnys8jnScjxlhvXU7zDh4aA0KyazuRtQdDpCmgRNNyB1CvxHVK3tDv5rXdyIb1cukQsB06idSfvxzRihBmeJiY27OlR0JpJ5T4%2Bz"}],"group":"cf-nel","max_age":604800}', 'NEL': '{"success_fraction":0,"report_to":"cf-nel","max_age":604800}', 'Server': 'cloudflare', 'CF-RAY': '8a4f54f2994e3910-IAD', 'alt-svc': 'h3=":443"; ma=86400'} 
 body={"results":[{"gender":"female","name":{"title":"Ms","first":"Antonia","last":"Carvajal"},"location":{"street":{"number":4130,"name":"Periférico Nuevo León"},"city":"San Salvador Tzompantepec","state":"Ciudad de Mexico","country":"Mexico","postcode":75969,"coordinates":{"latitude":"29.5569","longitude":"94.3628"},"timezone":{"offset":"-8:00","description":"Pacific Time (US &amp; Canada)"}},"email":"antonia.carvajal@example.com","login":{"uuid":"12f26cc3-b4ab-4d94-9df2-b9a0bd65d80c","username":"bluepeacock652","password":"zander","salt":"tOS1Lqe2","md5":"2e54a415b9c40a4f063fa51cd3997759","sha1":"9447af0060699dd9030fc5c342580f2d2b304ea1","sha256":"6813a7e95131ca304624f3aaa4275babdca45f808a6216a1f02e9eda27deed36"},"dob":{"date":"1980-11-21T01:34:20.388Z","age":43},"registered":{"date":"2002-09-20T08:31:54.647Z","age":21},"phone":"(684) 385 0768","cell":"(607) 680 1005","id":{"name":"NSS","value":"05 34 25 6796 9"},"picture":{"large":"https://randomuser.me/api/portraits/women/71.jpg","medium":"https://randomuser.me/api/portraits/med/women/71.jpg","thumbnail":"https://randomuser.me/api/portraits/thumb/women/71.jpg"},"nat":"MX"}],"info":{"seed":"d5018d0611aec195","results":1,"page":1,"version":"1.4"}} 
 </msg>
<msg time="2024-07-18T03:19:43.824462" level="INFO">/opt/hostedtoolcache/Python/3.12.4/x64/lib/python3.12/site-packages/urllib3/connectionpool.py:1099: InsecureRequestWarning: Unverified HTTPS request is being made to host 'randomuser.me'. Adding certificate verification is strongly advised. See: https://urllib3.readthedocs.io/en/latest/advanced-usage.html#tls-warnings
  warnings.warn(</msg>
<msg time="2024-07-18T03:19:43.824646" level="INFO">${response} = &lt;Response [200]&gt;</msg>
<var>${response}</var>
<arg>consultarAPI</arg>
<arg>/api</arg>
<doc>Sends a GET request on a previously created HTTP Session.</doc>
<status status="PASS" start="2024-07-18T03:19:43.631646" elapsed="0.193044"/>
</kw>
<kw name="Should Be Equal As Numbers" owner="BuiltIn">
<msg time="2024-07-18T03:19:43.826118" level="INFO">Argument types are:
&lt;class 'int'&gt;
&lt;class 'str'&gt;</msg>
<arg>${response.status_code}</arg>
<arg>200</arg>
<doc>Fails if objects are unequal after converting them to real numbers.</doc>
<status status="PASS" start="2024-07-18T03:19:43.825430" elapsed="0.000792"/>
</kw>
<kw name="Log" owner="BuiltIn">
<msg time="2024-07-18T03:19:43.827322" level="INFO">200</msg>
<arg>${response.status_code}</arg>
<doc>Logs the given message with the given level.</doc>
<status status="PASS" start="2024-07-18T03:19:43.826729" elapsed="0.000664"/>
</kw>
<kw name="Set Variable" owner="BuiltIn">
<msg time="2024-07-18T03:19:43.828539" level="INFO">${json_data} = {'results': [{'gender': 'female', 'name': {'title': 'Ms', 'first': 'Antonia', 'last': 'Carvajal'}, 'location': {'street': {'number': 4130, 'name': 'Periférico Nuevo León'}, 'city': 'San Salvador Tzomp...</msg>
<var>${json_data}</var>
<arg>${response.json()}</arg>
<doc>Returns the given values which can then be assigned to a variables.</doc>
<status status="PASS" start="2024-07-18T03:19:43.827829" elapsed="0.000756"/>
</kw>
<kw name="Dictionary Should Contain Key" owner="Collections">
<arg>${json_data}</arg>
<arg>results</arg>
<doc>Fails if ``key`` is not found from ``dictionary``.</doc>
<status status="PASS" start="2024-07-18T03:19:43.829049" elapsed="0.000484"/>
</kw>
<status status="PASS" start="2024-07-18T03:19:43.631404" elapsed="0.198399"/>
</kw>
<doc>Testa se a API responde corretamente e retorna um objeto JSON válido.</doc>
<tag>testeRequisicaoBasica</tag>
<status status="PASS" start="2024-07-18T03:19:43.630837" elapsed="0.199273"/>
</test>
<test id="s1-s1-t3" name="Validar estrutura de resposta" line="22">
<kw name="Teste de Estrutura de Resposta" owner="random-user-service">
<kw name="GET On Session" owner="RequestsLibrary">
<msg time="2024-07-18T03:19:43.928630" level="INFO">GET Request : url=https://randomuser.me/api 
 path_url=/api 
 headers={'User-Agent': 'python-requests/2.32.3', 'Accept-Encoding': 'gzip, deflate', 'Accept': '*/*', 'Connection': 'keep-alive'} 
 body=None 
 </msg>
<msg time="2024-07-18T03:19:43.928728" level="INFO">GET Response : url=https://randomuser.me/api 
 status=200, reason=OK 
 headers={'Date': 'Thu, 18 Jul 2024 03:19:43 GMT', 'Content-Type': 'application/json; charset=utf-8', 'Transfer-Encoding': 'chunked', 'Connection': 'keep-alive', 'X-Powered-By': 'Express', 'Access-Control-Allow-Origin': '*', 'Cache-Control': 'no-cache', 'ETag': 'W/"478-mOPgwXqs1i0lpeGEnegfVNsqjPM"', 'Vary': 'Accept-Encoding', 'Content-Encoding': 'gzip', 'CF-Cache-Status': 'DYNAMIC', 'Report-To': '{"endpoints":[{"url":"https:\\/\\/a.nel.cloudflare.com\\/report\\/v4?s=XR3FRHtN4DTo8urgGYIl4CIeum0ocSBfURC6dKDoA%2B2rIwPBiae4gQ10KpqYGO7dG2ZS9HKcpmfgUugN4yW7BRkowqaNkXP35XlHWisbNdL3Qd4XvtOJCvTQx98JGOH7"}],"group":"cf-nel","max_age":604800}', 'NEL': '{"success_fraction":0,"report_to":"cf-nel","max_age":604800}', 'Server': 'cloudflare', 'CF-RAY': '8a4f54f2f9b73910-IAD', 'alt-svc': 'h3=":443"; ma=86400'} 
 body={"results":[{"gender":"male","name":{"title":"Mr","first":"Kuzey","last":"Akbulut"},"location":{"street":{"number":3787,"name":"Fatih Sultan Mehmet Cd"},"city":"Ordu","state":"Kütahya","country":"Turkey","postcode":28384,"coordinates":{"latitude":"64.8338","longitude":"-124.7793"},"timezone":{"offset":"+6:00","description":"Almaty, Dhaka, Colombo"}},"email":"kuzey.akbulut@example.com","login":{"uuid":"80c6ca83-65d9-47ce-ac2f-d5dfd1524098","username":"bluewolf882","password":"shane","salt":"xw2LCY6y","md5":"897787d22589ae611d0dab1fa08423f8","sha1":"7fb7aec3cf2da469e13ada01ef7ce5f32050cde8","sha256":"d263ab0bc4514be8fa8de13b8ed979334a7129a49cc9b9c44dd30fca9cb40cbf"},"dob":{"date":"1963-04-08T16:45:04.340Z","age":61},"registered":{"date":"2019-05-13T01:37:20.077Z","age":5},"phone":"(803)-120-6560","cell":"(184)-291-7294","id":{"name":"","value":null},"picture":{"large":"https://randomuser.me/api/portraits/men/99.jpg","medium":"https://randomuser.me/api/portraits/med/men/99.jpg","thumbnail":"https://randomuser.me/api/portraits/thumb/men/99.jpg"},"nat":"TR"}],"info":{"seed":"a030c9f671f429af","results":1,"page":1,"version":"1.4"}} 
 </msg>
<msg time="2024-07-18T03:19:43.928852" level="INFO">/opt/hostedtoolcache/Python/3.12.4/x64/lib/python3.12/site-packages/urllib3/connectionpool.py:1099: InsecureRequestWarning: Unverified HTTPS request is being made to host 'randomuser.me'. Adding certificate verification is strongly advised. See: https://urllib3.readthedocs.io/en/latest/advanced-usage.html#tls-warnings
  warnings.warn(</msg>
<msg time="2024-07-18T03:19:43.928977" level="INFO">${response} = &lt;Response [200]&gt;</msg>
<var>${response}</var>
<arg>consultarAPI</arg>
<arg>/api</arg>
<doc>Sends a GET request on a previously created HTTP Session.</doc>
<status status="PASS" start="2024-07-18T03:19:43.834567" elapsed="0.094451"/>
</kw>
<kw name="Set Variable" owner="BuiltIn">
<msg time="2024-07-18T03:19:43.930033" level="INFO">${json_data} = {'results': [{'gender': 'male', 'name': {'title': 'Mr', 'first': 'Kuzey', 'last': 'Akbulut'}, 'location': {'street': {'number': 3787, 'name': 'Fatih Sultan Mehmet Cd'}, 'city': 'Ordu', 'state': 'Kütah...</msg>
<var>${json_data}</var>
<arg>${response.json()}</arg>
<doc>Returns the given values which can then be assigned to a variables.</doc>
<status status="PASS" start="2024-07-18T03:19:43.929495" elapsed="0.000569"/>
</kw>
<kw name="Log" owner="BuiltIn">
<msg time="2024-07-18T03:19:43.930556" level="INFO">{'results': [{'gender': 'male', 'name': {'title': 'Mr', 'first': 'Kuzey', 'last': 'Akbulut'}, 'location': {'street': {'number': 3787, 'name': 'Fatih Sultan Mehmet Cd'}, 'city': 'Ordu', 'state': 'Kütahya', 'country': 'Turkey', 'postcode': 28384, 'coordinates': {'latitude': '64.8338', 'longitude': '-124.7793'}, 'timezone': {'offset': '+6:00', 'description': 'Almaty, Dhaka, Colombo'}}, 'email': 'kuzey.akbulut@example.com', 'login': {'uuid': '80c6ca83-65d9-47ce-ac2f-d5dfd1524098', 'username': 'bluewolf882', 'password': 'shane', 'salt': 'xw2LCY6y', 'md5': '897787d22589ae611d0dab1fa08423f8', 'sha1': '7fb7aec3cf2da469e13ada01ef7ce5f32050cde8', 'sha256': 'd263ab0bc4514be8fa8de13b8ed979334a7129a49cc9b9c44dd30fca9cb40cbf'}, 'dob': {'date': '1963-04-08T16:45:04.340Z', 'age': 61}, 'registered': {'date': '2019-05-13T01:37:20.077Z', 'age': 5}, 'phone': '(803)-120-6560', 'cell': '(184)-291-7294', 'id': {'name': '', 'value': None}, 'picture': {'large': 'https://randomuser.me/api/portraits/men/99.jpg', 'medium': 'https://randomuser.me/api/portraits/med/men/99.jpg', 'thumbnail': 'https://randomuser.me/api/portraits/thumb/men/99.jpg'}, 'nat': 'TR'}], 'info': {'seed': 'a030c9f671f429af', 'results': 1, 'page': 1, 'version': '1.4'}}</msg>
<arg>${json_data}</arg>
<doc>Logs the given message with the given level.</doc>
<status status="PASS" start="2024-07-18T03:19:43.930389" elapsed="0.000218"/>
</kw>
<kw name="Dictionary Should Contain Key" owner="Collections">
<arg>${json_data}</arg>
<arg>results</arg>
<doc>Fails if ``key`` is not found from ``dictionary``.</doc>
<status status="PASS" start="2024-07-18T03:19:43.930907" elapsed="0.000161"/>
</kw>
<kw name="Should Not Be Empty" owner="BuiltIn">
<msg time="2024-07-18T03:19:43.931385" level="INFO">Length is 2.</msg>
<arg>${json_data}</arg>
<doc>Verifies that the given item is not empty.</doc>
<status status="PASS" start="2024-07-18T03:19:43.931257" elapsed="0.000172"/>
</kw>
<kw name="Create List" owner="BuiltIn">
<msg time="2024-07-18T03:19:43.931907" level="INFO">${expected_keys} = ['gender', 'name', 'location', 'email', 'login']</msg>
<var>${expected_keys}</var>
<arg>gender</arg>
<arg>name</arg>
<arg>location</arg>
<arg>email</arg>
<arg>login</arg>
<doc>Returns a list containing given items.</doc>
<status status="PASS" start="2024-07-18T03:19:43.931726" elapsed="0.000210"/>
</kw>
<for flavor="IN">
<iter>
<kw name="Dictionary Should Contain Key" owner="Collections">
<arg>${json_data['results'][0]}</arg>
<arg>${key}</arg>
<doc>Fails if ``key`` is not found from ``dictionary``.</doc>
<status status="PASS" start="2024-07-18T03:19:43.932536" elapsed="0.000417"/>
</kw>
<kw name="Log" owner="BuiltIn">
<msg time="2024-07-18T03:19:43.933519" level="INFO">{'gender': 'male', 'name': {'title': 'Mr', 'first': 'Kuzey', 'last': 'Akbulut'}, 'location': {'street': {'number': 3787, 'name': 'Fatih Sultan Mehmet Cd'}, 'city': 'Ordu', 'state': 'Kütahya', 'country': 'Turkey', 'postcode': 28384, 'coordinates': {'latitude': '64.8338', 'longitude': '-124.7793'}, 'timezone': {'offset': '+6:00', 'description': 'Almaty, Dhaka, Colombo'}}, 'email': 'kuzey.akbulut@example.com', 'login': {'uuid': '80c6ca83-65d9-47ce-ac2f-d5dfd1524098', 'username': 'bluewolf882', 'password': 'shane', 'salt': 'xw2LCY6y', 'md5': '897787d22589ae611d0dab1fa08423f8', 'sha1': '7fb7aec3cf2da469e13ada01ef7ce5f32050cde8', 'sha256': 'd263ab0bc4514be8fa8de13b8ed979334a7129a49cc9b9c44dd30fca9cb40cbf'}, 'dob': {'date': '1963-04-08T16:45:04.340Z', 'age': 61}, 'registered': {'date': '2019-05-13T01:37:20.077Z', 'age': 5}, 'phone': '(803)-120-6560', 'cell': '(184)-291-7294', 'id': {'name': '', 'value': None}, 'picture': {'large': 'https://randomuser.me/api/portraits/men/99.jpg', 'medium': 'https://randomuser.me/api/portraits/med/men/99.jpg', 'thumbnail': 'https://randomuser.me/api/portraits/thumb/men/99.jpg'}, 'nat': 'TR'}</msg>
<arg>${json_data['results'][0]}</arg>
<doc>Logs the given message with the given level.</doc>
<status status="PASS" start="2024-07-18T03:19:43.933141" elapsed="0.000431"/>
</kw>
<kw name="Log" owner="BuiltIn">
<msg time="2024-07-18T03:19:43.934013" level="INFO">gender</msg>
<arg>${key}</arg>
<doc>Logs the given message with the given level.</doc>
<status status="PASS" start="2024-07-18T03:19:43.933882" elapsed="0.000170"/>
</kw>
<var name="${key}">gender</var>
<status status="PASS" start="2024-07-18T03:19:43.932409" elapsed="0.001861"/>
</iter>
<iter>
<kw name="Dictionary Should Contain Key" owner="Collections">
<arg>${json_data['results'][0]}</arg>
<arg>${key}</arg>
<doc>Fails if ``key`` is not found from ``dictionary``.</doc>
<status status="PASS" start="2024-07-18T03:19:43.934578" elapsed="0.000389"/>
</kw>
<kw name="Log" owner="BuiltIn">
<msg time="2024-07-18T03:19:43.935514" level="INFO">{'gender': 'male', 'name': {'title': 'Mr', 'first': 'Kuzey', 'last': 'Akbulut'}, 'location': {'street': {'number': 3787, 'name': 'Fatih Sultan Mehmet Cd'}, 'city': 'Ordu', 'state': 'Kütahya', 'country': 'Turkey', 'postcode': 28384, 'coordinates': {'latitude': '64.8338', 'longitude': '-124.7793'}, 'timezone': {'offset': '+6:00', 'description': 'Almaty, Dhaka, Colombo'}}, 'email': 'kuzey.akbulut@example.com', 'login': {'uuid': '80c6ca83-65d9-47ce-ac2f-d5dfd1524098', 'username': 'bluewolf882', 'password': 'shane', 'salt': 'xw2LCY6y', 'md5': '897787d22589ae611d0dab1fa08423f8', 'sha1': '7fb7aec3cf2da469e13ada01ef7ce5f32050cde8', 'sha256': 'd263ab0bc4514be8fa8de13b8ed979334a7129a49cc9b9c44dd30fca9cb40cbf'}, 'dob': {'date': '1963-04-08T16:45:04.340Z', 'age': 61}, 'registered': {'date': '2019-05-13T01:37:20.077Z', 'age': 5}, 'phone': '(803)-120-6560', 'cell': '(184)-291-7294', 'id': {'name': '', 'value': None}, 'picture': {'large': 'https://randomuser.me/api/portraits/men/99.jpg', 'medium': 'https://randomuser.me/api/portraits/med/men/99.jpg', 'thumbnail': 'https://randomuser.me/api/portraits/thumb/men/99.jpg'}, 'nat': 'TR'}</msg>
<arg>${json_data['results'][0]}</arg>
<doc>Logs the given message with the given level.</doc>
<status status="PASS" start="2024-07-18T03:19:43.935151" elapsed="0.000449"/>
</kw>
<kw name="Log" owner="BuiltIn">
<msg time="2024-07-18T03:19:43.936069" level="INFO">name</msg>
<arg>${key}</arg>
<doc>Logs the given message with the given level.</doc>
<status status="PASS" start="2024-07-18T03:19:43.935929" elapsed="0.000184"/>
</kw>
<var name="${key}">name</var>
<status status="PASS" start="2024-07-18T03:19:43.934459" elapsed="0.001876"/>
</iter>
<iter>
<kw name="Dictionary Should Contain Key" owner="Collections">
<arg>${json_data['results'][0]}</arg>
<arg>${key}</arg>
<doc>Fails if ``key`` is not found from ``dictionary``.</doc>
<status status="PASS" start="2024-07-18T03:19:43.936618" elapsed="0.000389"/>
</kw>
<kw name="Log" owner="BuiltIn">
<msg time="2024-07-18T03:19:43.937548" level="INFO">{'gender': 'male', 'name': {'title': 'Mr', 'first': 'Kuzey', 'last': 'Akbulut'}, 'location': {'street': {'number': 3787, 'name': 'Fatih Sultan Mehmet Cd'}, 'city': 'Ordu', 'state': 'Kütahya', 'country': 'Turkey', 'postcode': 28384, 'coordinates': {'latitude': '64.8338', 'longitude': '-124.7793'}, 'timezone': {'offset': '+6:00', 'description': 'Almaty, Dhaka, Colombo'}}, 'email': 'kuzey.akbulut@example.com', 'login': {'uuid': '80c6ca83-65d9-47ce-ac2f-d5dfd1524098', 'username': 'bluewolf882', 'password': 'shane', 'salt': 'xw2LCY6y', 'md5': '897787d22589ae611d0dab1fa08423f8', 'sha1': '7fb7aec3cf2da469e13ada01ef7ce5f32050cde8', 'sha256': 'd263ab0bc4514be8fa8de13b8ed979334a7129a49cc9b9c44dd30fca9cb40cbf'}, 'dob': {'date': '1963-04-08T16:45:04.340Z', 'age': 61}, 'registered': {'date': '2019-05-13T01:37:20.077Z', 'age': 5}, 'phone': '(803)-120-6560', 'cell': '(184)-291-7294', 'id': {'name': '', 'value': None}, 'picture': {'large': 'https://randomuser.me/api/portraits/men/99.jpg', 'medium': 'https://randomuser.me/api/portraits/med/men/99.jpg', 'thumbnail': 'https://randomuser.me/api/portraits/thumb/men/99.jpg'}, 'nat': 'TR'}</msg>
<arg>${json_data['results'][0]}</arg>
<doc>Logs the given message with the given level.</doc>
<status status="PASS" start="2024-07-18T03:19:43.937191" elapsed="0.000408"/>
</kw>
<kw name="Log" owner="BuiltIn">
<msg time="2024-07-18T03:19:43.938031" level="INFO">location</msg>
<arg>${key}</arg>
<doc>Logs the given message with the given level.</doc>
<status status="PASS" start="2024-07-18T03:19:43.937902" elapsed="0.000167"/>
</kw>
<var name="${key}">location</var>
<status status="PASS" start="2024-07-18T03:19:43.936511" elapsed="0.001773"/>
</iter>
<iter>
<kw name="Dictionary Should Contain Key" owner="Collections">
<arg>${json_data['results'][0]}</arg>
<arg>${key}</arg>
<doc>Fails if ``key`` is not found from ``dictionary``.</doc>
<status status="PASS" start="2024-07-18T03:19:43.938565" elapsed="0.000382"/>
</kw>
<kw name="Log" owner="BuiltIn">
<msg time="2024-07-18T03:19:43.939611" level="INFO">{'gender': 'male', 'name': {'title': 'Mr', 'first': 'Kuzey', 'last': 'Akbulut'}, 'location': {'street': {'number': 3787, 'name': 'Fatih Sultan Mehmet Cd'}, 'city': 'Ordu', 'state': 'Kütahya', 'country': 'Turkey', 'postcode': 28384, 'coordinates': {'latitude': '64.8338', 'longitude': '-124.7793'}, 'timezone': {'offset': '+6:00', 'description': 'Almaty, Dhaka, Colombo'}}, 'email': 'kuzey.akbulut@example.com', 'login': {'uuid': '80c6ca83-65d9-47ce-ac2f-d5dfd1524098', 'username': 'bluewolf882', 'password': 'shane', 'salt': 'xw2LCY6y', 'md5': '897787d22589ae611d0dab1fa08423f8', 'sha1': '7fb7aec3cf2da469e13ada01ef7ce5f32050cde8', 'sha256': 'd263ab0bc4514be8fa8de13b8ed979334a7129a49cc9b9c44dd30fca9cb40cbf'}, 'dob': {'date': '1963-04-08T16:45:04.340Z', 'age': 61}, 'registered': {'date': '2019-05-13T01:37:20.077Z', 'age': 5}, 'phone': '(803)-120-6560', 'cell': '(184)-291-7294', 'id': {'name': '', 'value': None}, 'picture': {'large': 'https://randomuser.me/api/portraits/men/99.jpg', 'medium': 'https://randomuser.me/api/portraits/med/men/99.jpg', 'thumbnail': 'https://randomuser.me/api/portraits/thumb/men/99.jpg'}, 'nat': 'TR'}</msg>
<arg>${json_data['results'][0]}</arg>
<doc>Logs the given message with the given level.</doc>
<status status="PASS" start="2024-07-18T03:19:43.939250" elapsed="0.000411"/>
</kw>
<kw name="Log" owner="BuiltIn">
<msg time="2024-07-18T03:19:43.940158" level="INFO">email</msg>
<arg>${key}</arg>
<doc>Logs the given message with the given level.</doc>
<status status="PASS" start="2024-07-18T03:19:43.940019" elapsed="0.000184"/>
</kw>
<var name="${key}">email</var>
<status status="PASS" start="2024-07-18T03:19:43.938456" elapsed="0.001968"/>
</iter>
<iter>
<kw name="Dictionary Should Contain Key" owner="Collections">
<arg>${json_data['results'][0]}</arg>
<arg>${key}</arg>
<doc>Fails if ``key`` is not found from ``dictionary``.</doc>
<status status="PASS" start="2024-07-18T03:19:43.940707" elapsed="0.000383"/>
</kw>
<kw name="Log" owner="BuiltIn">
<msg time="2024-07-18T03:19:43.941626" level="INFO">{'gender': 'male', 'name': {'title': 'Mr', 'first': 'Kuzey', 'last': 'Akbulut'}, 'location': {'street': {'number': 3787, 'name': 'Fatih Sultan Mehmet Cd'}, 'city': 'Ordu', 'state': 'Kütahya', 'country': 'Turkey', 'postcode': 28384, 'coordinates': {'latitude': '64.8338', 'longitude': '-124.7793'}, 'timezone': {'offset': '+6:00', 'description': 'Almaty, Dhaka, Colombo'}}, 'email': 'kuzey.akbulut@example.com', 'login': {'uuid': '80c6ca83-65d9-47ce-ac2f-d5dfd1524098', 'username': 'bluewolf882', 'password': 'shane', 'salt': 'xw2LCY6y', 'md5': '897787d22589ae611d0dab1fa08423f8', 'sha1': '7fb7aec3cf2da469e13ada01ef7ce5f32050cde8', 'sha256': 'd263ab0bc4514be8fa8de13b8ed979334a7129a49cc9b9c44dd30fca9cb40cbf'}, 'dob': {'date': '1963-04-08T16:45:04.340Z', 'age': 61}, 'registered': {'date': '2019-05-13T01:37:20.077Z', 'age': 5}, 'phone': '(803)-120-6560', 'cell': '(184)-291-7294', 'id': {'name': '', 'value': None}, 'picture': {'large': 'https://randomuser.me/api/portraits/men/99.jpg', 'medium': 'https://randomuser.me/api/portraits/med/men/99.jpg', 'thumbnail': 'https://randomuser.me/api/portraits/thumb/men/99.jpg'}, 'nat': 'TR'}</msg>
<arg>${json_data['results'][0]}</arg>
<doc>Logs the given message with the given level.</doc>
<status status="PASS" start="2024-07-18T03:19:43.941274" elapsed="0.000401"/>
</kw>
<kw name="Log" owner="BuiltIn">
<msg time="2024-07-18T03:19:43.942095" level="INFO">login</msg>
<arg>${key}</arg>
<doc>Logs the given message with the given level.</doc>
<status status="PASS" start="2024-07-18T03:19:43.941969" elapsed="0.000164"/>
</kw>
<var name="${key}">login</var>
<status status="PASS" start="2024-07-18T03:19:43.940598" elapsed="0.001751"/>
</iter>
<var>${key}</var>
<value>@{expected_keys}</value>
<status status="PASS" start="2024-07-18T03:19:43.932211" elapsed="0.010257"/>
</for>
<kw name="Create List" owner="BuiltIn">
<msg time="2024-07-18T03:19:43.942791" level="INFO">${expected_keysTwo} = ['username', 'password']</msg>
<var>${expected_keysTwo}</var>
<arg>username</arg>
<arg>password</arg>
<doc>Returns a list containing given items.</doc>
<status status="PASS" start="2024-07-18T03:19:43.942658" elapsed="0.000157"/>
</kw>
<for flavor="IN">
<iter>
<kw name="Dictionary Should Contain Key" owner="Collections">
<arg>${json_data['results'][0]['login']}</arg>
<arg>${keyTwo}</arg>
<doc>Fails if ``key`` is not found from ``dictionary``.</doc>
<status status="PASS" start="2024-07-18T03:19:43.943360" elapsed="0.000393"/>
</kw>
<kw name="Dictionary Should Contain Key" owner="Collections">
<arg>${json_data['results'][0]['login']}</arg>
<arg>${keyTwo}</arg>
<doc>Fails if ``key`` is not found from ``dictionary``.</doc>
<status status="PASS" start="2024-07-18T03:19:43.943969" elapsed="0.000390"/>
</kw>
<kw name="Log" owner="BuiltIn">
<msg time="2024-07-18T03:19:43.944660" level="INFO">username</msg>
<arg>${keyTwo}</arg>
<doc>Logs the given message with the given level.</doc>
<status status="PASS" start="2024-07-18T03:19:43.944538" elapsed="0.000160"/>
</kw>
<var name="${keyTwo}">username</var>
<status status="PASS" start="2024-07-18T03:19:43.943252" elapsed="0.001664"/>
</iter>
<iter>
<kw name="Dictionary Should Contain Key" owner="Collections">
<arg>${json_data['results'][0]['login']}</arg>
<arg>${keyTwo}</arg>
<doc>Fails if ``key`` is not found from ``dictionary``.</doc>
<status status="PASS" start="2024-07-18T03:19:43.945194" elapsed="0.000392"/>
</kw>
<kw name="Dictionary Should Contain Key" owner="Collections">
<arg>${json_data['results'][0]['login']}</arg>
<arg>${keyTwo}</arg>
<doc>Fails if ``key`` is not found from ``dictionary``.</doc>
<status status="PASS" start="2024-07-18T03:19:43.945766" elapsed="0.000365"/>
</kw>
<kw name="Log" owner="BuiltIn">
<msg time="2024-07-18T03:19:43.946426" level="INFO">password</msg>
<arg>${keyTwo}</arg>
<doc>Logs the given message with the given level.</doc>
<status status="PASS" start="2024-07-18T03:19:43.946307" elapsed="0.000156"/>
</kw>
<var name="${keyTwo}">password</var>
<status status="PASS" start="2024-07-18T03:19:43.945087" elapsed="0.001596"/>
</iter>
<var>${keyTwo}</var>
<value>@{expected_keysTwo}</value>
<status status="PASS" start="2024-07-18T03:19:43.943098" elapsed="0.003704"/>
</for>
<status status="PASS" start="2024-07-18T03:19:43.834195" elapsed="0.112747"/>
</kw>
<doc>Testa a estrutura da resposta da API.</doc>
<tag>testeEstruturaResposta</tag>
<status status="PASS" start="2024-07-18T03:19:43.833464" elapsed="0.113636"/>
</test>
<test id="s1-s1-t4" name="Validar tipos de dados" line="28">
<kw name="Teste de Tipos de Dados" owner="random-user-service">
<kw name="GET On Session" owner="RequestsLibrary">
<msg time="2024-07-18T03:19:44.007532" level="INFO">GET Request : url=https://randomuser.me/api 
 path_url=/api 
 headers={'User-Agent': 'python-requests/2.32.3', 'Accept-Encoding': 'gzip, deflate', 'Accept': '*/*', 'Connection': 'keep-alive'} 
 body=None 
 </msg>
<msg time="2024-07-18T03:19:44.007625" level="INFO">GET Response : url=https://randomuser.me/api 
 status=200, reason=OK 
 headers={'Date': 'Thu, 18 Jul 2024 03:19:44 GMT', 'Content-Type': 'application/json; charset=utf-8', 'Transfer-Encoding': 'chunked', 'Connection': 'keep-alive', 'X-Powered-By': 'Express', 'Access-Control-Allow-Origin': '*', 'Cache-Control': 'no-cache', 'ETag': 'W/"496-2QVZO1ia/3IGrWAEyc+8A2Lu+9s"', 'Vary': 'Accept-Encoding', 'Content-Encoding': 'gzip', 'CF-Cache-Status': 'DYNAMIC', 'Report-To': '{"endpoints":[{"url":"https:\\/\\/a.nel.cloudflare.com\\/report\\/v4?s=um1oOhSjjgqHWvw5tnh8wtGKh1CZ3775Vxva1I%2BgrrkclBYPIwlmE66r%2FMTpIYwVLvsF1p5JdVmz6o%2BsP5VEpwb9C4I5eKKXzjCpPzDGGZhXPHYJcvdXpAx0SIj5Xdw9"}],"group":"cf-nel","max_age":604800}', 'NEL': '{"success_fraction":0,"report_to":"cf-nel","max_age":604800}', 'Server': 'cloudflare', 'CF-RAY': '8a4f54f3ba7f3910-IAD', 'alt-svc': 'h3=":443"; ma=86400'} 
 body={"results":[{"gender":"female","name":{"title":"Miss","first":"Noémie","last":"Clark"},"location":{"street":{"number":973,"name":"Parliament St"},"city":"Aylmer","state":"Alberta","country":"Canada","postcode":"L7A 2V3","coordinates":{"latitude":"-64.3089","longitude":"18.9780"},"timezone":{"offset":"+9:00","description":"Tokyo, Seoul, Osaka, Sapporo, Yakutsk"}},"email":"noemie.clark@example.com","login":{"uuid":"d32d1b00-39ef-42f3-9cc9-beefc3667b9a","username":"organicpanda896","password":"satchmo","salt":"L47l9mwU","md5":"58e014bfe82a0865c5cedb078f049bdd","sha1":"68443c43869068ad6d854a0e364ebd2a53cc9faf","sha256":"da4f7c9d314131413ce05dbbb485b7ee8aedf4cd6a66381f2949ad23753caf75"},"dob":{"date":"1996-11-24T18:24:08.407Z","age":27},"registered":{"date":"2022-01-12T01:21:37.105Z","age":2},"phone":"F44 M76-6345","cell":"U23 T65-7204","id":{"name":"SIN","value":"695743773"},"picture":{"large":"https://randomuser.me/api/portraits/women/76.jpg","medium":"https://randomuser.me/api/portraits/med/women/76.jpg","thumbnail":"https://randomuser.me/api/portraits/thumb/women/76.jpg"},"nat":"CA"}],"info":{"seed":"b21ba82285b9e371","results":1,"page":1,"version":"1.4"}} 
 </msg>
<msg time="2024-07-18T03:19:44.007704" level="INFO">/opt/hostedtoolcache/Python/3.12.4/x64/lib/python3.12/site-packages/urllib3/connectionpool.py:1099: InsecureRequestWarning: Unverified HTTPS request is being made to host 'randomuser.me'. Adding certificate verification is strongly advised. See: https://urllib3.readthedocs.io/en/latest/advanced-usage.html#tls-warnings
  warnings.warn(</msg>
<msg time="2024-07-18T03:19:44.007802" level="INFO">${response} = &lt;Response [200]&gt;</msg>
<var>${response}</var>
<arg>consultarAPI</arg>
<arg>/api</arg>
<doc>Sends a GET request on a previously created HTTP Session.</doc>
<status status="PASS" start="2024-07-18T03:19:43.949587" elapsed="0.058251"/>
</kw>
<kw name="Set Variable" owner="BuiltIn">
<msg time="2024-07-18T03:19:44.008774" level="INFO">${json_data} = {'results': [{'gender': 'female', 'name': {'title': 'Miss', 'first': 'Noémie', 'last': 'Clark'}, 'location': {'street': {'number': 973, 'name': 'Parliament St'}, 'city': 'Aylmer', 'state': 'Alberta', ...</msg>
<var>${json_data}</var>
<arg>${response.json()}</arg>
<doc>Returns the given values which can then be assigned to a variables.</doc>
<status status="PASS" start="2024-07-18T03:19:44.008292" elapsed="0.000512"/>
</kw>
<kw name="Log" owner="BuiltIn">
<msg time="2024-07-18T03:19:44.009260" level="INFO">{'results': [{'gender': 'female', 'name': {'title': 'Miss', 'first': 'Noémie', 'last': 'Clark'}, 'location': {'street': {'number': 973, 'name': 'Parliament St'}, 'city': 'Aylmer', 'state': 'Alberta', 'country': 'Canada', 'postcode': 'L7A 2V3', 'coordinates': {'latitude': '-64.3089', 'longitude': '18.9780'}, 'timezone': {'offset': '+9:00', 'description': 'Tokyo, Seoul, Osaka, Sapporo, Yakutsk'}}, 'email': 'noemie.clark@example.com', 'login': {'uuid': 'd32d1b00-39ef-42f3-9cc9-beefc3667b9a', 'username': 'organicpanda896', 'password': 'satchmo', 'salt': 'L47l9mwU', 'md5': '58e014bfe82a0865c5cedb078f049bdd', 'sha1': '68443c43869068ad6d854a0e364ebd2a53cc9faf', 'sha256': 'da4f7c9d314131413ce05dbbb485b7ee8aedf4cd6a66381f2949ad23753caf75'}, 'dob': {'date': '1996-11-24T18:24:08.407Z', 'age': 27}, 'registered': {'date': '2022-01-12T01:21:37.105Z', 'age': 2}, 'phone': 'F44 M76-6345', 'cell': 'U23 T65-7204', 'id': {'name': 'SIN', 'value': '695743773'}, 'picture': {'large': 'https://randomuser.me/api/portraits/women/76.jpg', 'medium': 'https://randomuser.me/api/portraits/med/women/76.jpg', 'thumbnail': 'https://randomuser.me/api/portraits/thumb/women/76.jpg'}, 'nat': 'CA'}], 'info': {'seed': 'b21ba82285b9e371', 'results': 1, 'page': 1, 'version': '1.4'}}</msg>
<arg>${json_data}</arg>
<doc>Logs the given message with the given level.</doc>
<status status="PASS" start="2024-07-18T03:19:44.009106" elapsed="0.000204"/>
</kw>
<kw name="Should Be String" owner="String">
<arg>${json_data['results'][0]['gender']}</arg>
<doc>Fails if the given ``item`` is not a string.</doc>
<status status="PASS" start="2024-07-18T03:19:44.009608" elapsed="0.000361"/>
</kw>
<kw name="Should Match Regexp" owner="BuiltIn">
<arg>${json_data['results'][0]['email']}</arg>
<arg>^[a-zA-Z0-9._%+-]+@[a-zA-Z0-9.-]+\.[a-zA-Z]{2,}$</arg>
<doc>Fails if ``string`` does not match ``pattern`` as a regular expression.</doc>
<status status="PASS" start="2024-07-18T03:19:44.010154" elapsed="0.000517"/>
</kw>
<kw name="Should Match Regexp" owner="BuiltIn">
<arg>${json_data['results'][0]['dob']['date']}</arg>
<arg>\\d{4}-\\d{2}-\\d{2}T\\d{2}:\\d{2}:\\d{2}\\.\\d{3}Z</arg>
<doc>Fails if ``string`` does not match ``pattern`` as a regular expression.</doc>
<status status="PASS" start="2024-07-18T03:19:44.010904" elapsed="0.000627"/>
</kw>
<kw name="Should Match Regexp" owner="BuiltIn">
<arg>${json_data['results'][0]['registered']['date']}</arg>
<arg>\\d{4}-\\d{2}-\\d{2}T\\d{2}:\\d{2}:\\d{2}\\.\\d{3}Z</arg>
<doc>Fails if ``string`` does not match ``pattern`` as a regular expression.</doc>
<status status="PASS" start="2024-07-18T03:19:44.011723" elapsed="0.000431"/>
</kw>
<kw name="Should Match Regexp" owner="BuiltIn">
<arg>${json_data['results'][0]['picture']['large']}</arg>
<arg>^https?://.*\.(?:png|jpe?g|gif|bmp)$</arg>
<doc>Fails if ``string`` does not match ``pattern`` as a regular expression.</doc>
<status status="PASS" start="2024-07-18T03:19:44.012345" elapsed="0.000464"/>
</kw>
<kw name="Should Match Regexp" owner="BuiltIn">
<arg>${json_data['results'][0]['picture']['medium']}</arg>
<arg>^https?://.*\.(?:png|jpe?g|gif|bmp)$</arg>
<doc>Fails if ``string`` does not match ``pattern`` as a regular expression.</doc>
<status status="PASS" start="2024-07-18T03:19:44.012996" elapsed="0.000360"/>
</kw>
<kw name="Should Match Regexp" owner="BuiltIn">
<arg>${json_data['results'][0]['picture']['thumbnail']}</arg>
<arg>^https?://.*\.(?:png|jpe?g|gif|bmp)$</arg>
<doc>Fails if ``string`` does not match ``pattern`` as a regular expression.</doc>
<status status="PASS" start="2024-07-18T03:19:44.013542" elapsed="0.000352"/>
</kw>
<kw name="Log" owner="BuiltIn">
<msg time="2024-07-18T03:19:44.014399" level="INFO">{'large': 'https://randomuser.me/api/portraits/women/76.jpg', 'medium': 'https://randomuser.me/api/portraits/med/women/76.jpg', 'thumbnail': 'https://randomuser.me/api/portraits/thumb/women/76.jpg'}</msg>
<arg>${json_data['results'][0]['picture']}</arg>
<doc>Logs the given message with the given level.</doc>
<status status="PASS" start="2024-07-18T03:19:44.014074" elapsed="0.000368"/>
</kw>
<status status="PASS" start="2024-07-18T03:19:43.949359" elapsed="0.065338"/>
</kw>
<kw name="Teste de Tipos de Dados - Postcode" owner="random-user-service">
<kw name="GET On Session" owner="RequestsLibrary">
<msg time="2024-07-18T03:19:44.135056" level="INFO">GET Request : url=https://randomuser.me/api 
 path_url=/api 
 headers={'User-Agent': 'python-requests/2.32.3', 'Accept-Encoding': 'gzip, deflate', 'Accept': '*/*', 'Connection': 'keep-alive'} 
 body=None 
 </msg>
<msg time="2024-07-18T03:19:44.135126" level="INFO">GET Response : url=https://randomuser.me/api 
 status=200, reason=OK 
 headers={'Date': 'Thu, 18 Jul 2024 03:19:44 GMT', 'Content-Type': 'application/json; charset=utf-8', 'Transfer-Encoding': 'chunked', 'Connection': 'keep-alive', 'X-Powered-By': 'Express', 'Access-Control-Allow-Origin': '*', 'Cache-Control': 'no-cache', 'ETag': 'W/"477-NddWOgsM7l9NLM4qKuefWZf/Q3w"', 'Vary': 'Accept-Encoding', 'Content-Encoding': 'gzip', 'CF-Cache-Status': 'DYNAMIC', 'Report-To': '{"endpoints":[{"url":"https:\\/\\/a.nel.cloudflare.com\\/report\\/v4?s=%2B%2FpweVF4Q%2F9fV3kfp7k%2BgTwms9THkTPm1pZQ%2FB1g5nYYg96h6QXA%2BsRUw4j8NPWEZTG%2FrkraaUctBj1ASERiGOaGqW0B%2B0Whz3eTC4OFREZ3Sziryqmi1DfjWBMvLSaq"}],"group":"cf-nel","max_age":604800}', 'NEL': '{"success_fraction":0,"report_to":"cf-nel","max_age":604800}', 'Server': 'cloudflare', 'CF-RAY': '8a4f54f41af73910-IAD', 'alt-svc': 'h3=":443"; ma=86400'} 
 body={"results":[{"gender":"male","name":{"title":"Mr","first":"Elliott","last":"Dalby"},"location":{"street":{"number":1889,"name":"Skøyenkroken"},"city":"Bøverbru","state":"Oppland","country":"Norway","postcode":"2815","coordinates":{"latitude":"47.1089","longitude":"-52.3501"},"timezone":{"offset":"-8:00","description":"Pacific Time (US &amp; Canada)"}},"email":"elliott.dalby@example.com","login":{"uuid":"3223c185-c9b7-4547-829e-35304bf8cbf2","username":"organictiger321","password":"beau","salt":"WJRBurCa","md5":"e2c5ea3b3f0da873ad3cdc775c37c787","sha1":"13b3d5be59bf100ea2536a80c0b38f27d0943e6a","sha256":"c74aadd6b275c9682152c35b4d9b0281a6f8f9501d9145bce7295ecad340d014"},"dob":{"date":"1963-02-13T18:43:41.968Z","age":61},"registered":{"date":"2006-03-18T09:38:44.918Z","age":18},"phone":"36957791","cell":"42037931","id":{"name":"FN","value":"13026336354"},"picture":{"large":"https://randomuser.me/api/portraits/men/1.jpg","medium":"https://randomuser.me/api/portraits/med/men/1.jpg","thumbnail":"https://randomuser.me/api/portraits/thumb/men/1.jpg"},"nat":"NO"}],"info":{"seed":"c363258804353634","results":1,"page":1,"version":"1.4"}} 
 </msg>
<msg time="2024-07-18T03:19:44.135187" level="INFO">/opt/hostedtoolcache/Python/3.12.4/x64/lib/python3.12/site-packages/urllib3/connectionpool.py:1099: InsecureRequestWarning: Unverified HTTPS request is being made to host 'randomuser.me'. Adding certificate verification is strongly advised. See: https://urllib3.readthedocs.io/en/latest/advanced-usage.html#tls-warnings
  warnings.warn(</msg>
<msg time="2024-07-18T03:19:44.135277" level="INFO">${response} = &lt;Response [200]&gt;</msg>
<var>${response}</var>
<arg>consultarAPI</arg>
<arg>/api</arg>
<doc>Sends a GET request on a previously created HTTP Session.</doc>
<status status="PASS" start="2024-07-18T03:19:44.015136" elapsed="0.120173"/>
</kw>
<kw name="Set Variable" owner="BuiltIn">
<msg time="2024-07-18T03:19:44.136248" level="INFO">${json_data} = {'results': [{'gender': 'male', 'name': {'title': 'Mr', 'first': 'Elliott', 'last': 'Dalby'}, 'location': {'street': {'number': 1889, 'name': 'Skøyenkroken'}, 'city': 'Bøverbru', 'state': 'Oppland', '...</msg>
<var>${json_data}</var>
<arg>${response.json()}</arg>
<doc>Returns the given values which can then be assigned to a variables.</doc>
<status status="PASS" start="2024-07-18T03:19:44.135715" elapsed="0.000562"/>
</kw>
<kw name="Log" owner="BuiltIn">
<msg time="2024-07-18T03:19:44.136743" level="INFO">{'results': [{'gender': 'male', 'name': {'title': 'Mr', 'first': 'Elliott', 'last': 'Dalby'}, 'location': {'street': {'number': 1889, 'name': 'Skøyenkroken'}, 'city': 'Bøverbru', 'state': 'Oppland', 'country': 'Norway', 'postcode': '2815', 'coordinates': {'latitude': '47.1089', 'longitude': '-52.3501'}, 'timezone': {'offset': '-8:00', 'description': 'Pacific Time (US &amp; Canada)'}}, 'email': 'elliott.dalby@example.com', 'login': {'uuid': '3223c185-c9b7-4547-829e-35304bf8cbf2', 'username': 'organictiger321', 'password': 'beau', 'salt': 'WJRBurCa', 'md5': 'e2c5ea3b3f0da873ad3cdc775c37c787', 'sha1': '13b3d5be59bf100ea2536a80c0b38f27d0943e6a', 'sha256': 'c74aadd6b275c9682152c35b4d9b0281a6f8f9501d9145bce7295ecad340d014'}, 'dob': {'date': '1963-02-13T18:43:41.968Z', 'age': 61}, 'registered': {'date': '2006-03-18T09:38:44.918Z', 'age': 18}, 'phone': '36957791', 'cell': '42037931', 'id': {'name': 'FN', 'value': '13026336354'}, 'picture': {'large': 'https://randomuser.me/api/portraits/men/1.jpg', 'medium': 'https://randomuser.me/api/portraits/med/men/1.jpg', 'thumbnail': 'https://randomuser.me/api/portraits/thumb/men/1.jpg'}, 'nat': 'NO'}], 'info': {'seed': 'c363258804353634', 'results': 1, 'page': 1, 'version': '1.4'}}</msg>
<arg>${json_data}</arg>
<doc>Logs the given message with the given level.</doc>
<status status="PASS" start="2024-07-18T03:19:44.136587" elapsed="0.000205"/>
</kw>
<kw name="Should Be Equal As Numbers" owner="BuiltIn">
<arg>${json_data['results'][0]['location']['postcode']}</arg>
<arg>${json_data['results'][0]['location']['postcode']}</arg>
<doc>Fails if objects are unequal after converting them to real numbers.</doc>
<status status="PASS" start="2024-07-18T03:19:44.137084" elapsed="0.000620"/>
</kw>
<kw name="Log" owner="BuiltIn">
<msg time="2024-07-18T03:19:44.138220" level="INFO">2815</msg>
<arg>${json_data['results'][0]['location']['postcode']}</arg>
<doc>Logs the given message with the given level.</doc>
<status status="PASS" start="2024-07-18T03:19:44.137891" elapsed="0.000370"/>
</kw>
<status status="PASS" start="2024-07-18T03:19:44.014915" elapsed="0.123627"/>
</kw>
<doc>Testa se os tipos de dados na resposta da API estão corretos.</doc>
<tag>testeTiposDados</tag>
<status status="PASS" start="2024-07-18T03:19:43.948910" elapsed="0.189802"/>
</test>
<test id="s1-s1-t5" name="Validar conteudo" line="35">
<kw name="Teste de Tipos de Conteudo" owner="random-user-service">
<kw name="GET On Session" owner="RequestsLibrary">
<msg time="2024-07-18T03:19:44.229234" level="INFO">GET Request : url=https://randomuser.me/api 
 path_url=/api 
 headers={'User-Agent': 'python-requests/2.32.3', 'Accept-Encoding': 'gzip, deflate', 'Accept': '*/*', 'Connection': 'keep-alive'} 
 body=None 
 </msg>
<msg time="2024-07-18T03:19:44.229321" level="INFO">GET Response : url=https://randomuser.me/api 
 status=200, reason=OK 
 headers={'Date': 'Thu, 18 Jul 2024 03:19:44 GMT', 'Content-Type': 'application/json; charset=utf-8', 'Transfer-Encoding': 'chunked', 'Connection': 'keep-alive', 'X-Powered-By': 'Express', 'Access-Control-Allow-Origin': '*', 'Cache-Control': 'no-cache', 'ETag': 'W/"4b3-TObX4i69z931pIhVERjp0Dx2uNM"', 'Vary': 'Accept-Encoding', 'Content-Encoding': 'gzip', 'CF-Cache-Status': 'DYNAMIC', 'Report-To': '{"endpoints":[{"url":"https:\\/\\/a.nel.cloudflare.com\\/report\\/v4?s=BRMb9RtGgAF39bsVniqof3sx9oDfZIP7wTjF4N824f30WsO%2BIIdW%2BSCMyYGV%2FzuM%2BR2MVtpWrWzFjJ2s9U0LBkZxyvld726dIq61hRCSAtnfOR150nCvCC%2BPE4%2FKinET"}],"group":"cf-nel","max_age":604800}', 'NEL': '{"success_fraction":0,"report_to":"cf-nel","max_age":604800}', 'Server': 'cloudflare', 'CF-RAY': '8a4f54f4ebbe3910-IAD', 'alt-svc': 'h3=":443"; ma=86400'} 
 body={"results":[{"gender":"male","name":{"title":"Mr","first":"Daniel","last":"Díaz"},"location":{"street":{"number":7897,"name":"Circuito San Luis Potosí"},"city":"Paso del Macho","state":"Baja California Sur","country":"Mexico","postcode":95560,"coordinates":{"latitude":"27.9064","longitude":"-101.9623"},"timezone":{"offset":"+9:00","description":"Tokyo, Seoul, Osaka, Sapporo, Yakutsk"}},"email":"daniel.diaz@example.com","login":{"uuid":"34dc691f-3fd7-40e7-8c9a-d6681371a32a","username":"purpleostrich842","password":"rotten","salt":"m0ZDa5DF","md5":"d094ad50f3d418c5e8d2482db6e8c053","sha1":"ccc474cfa25ef5bbb8d4d97d844fc96de8c50fc4","sha256":"cf51f91b36dac84be37588d8cd6182e520ea72beb0a66d04d32db6a812bbc4de"},"dob":{"date":"1969-02-12T18:59:00.168Z","age":55},"registered":{"date":"2010-12-13T12:23:50.715Z","age":13},"phone":"(611) 406 2163","cell":"(641) 003 4385","id":{"name":"NSS","value":"92 51 78 6946 9"},"picture":{"large":"https://randomuser.me/api/portraits/men/52.jpg","medium":"https://randomuser.me/api/portraits/med/men/52.jpg","thumbnail":"https://randomuser.me/api/portraits/thumb/men/52.jpg"},"nat":"MX"}],"info":{"seed":"ceafc652062b688f","results":1,"page":1,"version":"1.4"}} 
 </msg>
<msg time="2024-07-18T03:19:44.229389" level="INFO">/opt/hostedtoolcache/Python/3.12.4/x64/lib/python3.12/site-packages/urllib3/connectionpool.py:1099: InsecureRequestWarning: Unverified HTTPS request is being made to host 'randomuser.me'. Adding certificate verification is strongly advised. See: https://urllib3.readthedocs.io/en/latest/advanced-usage.html#tls-warnings
  warnings.warn(</msg>
<msg time="2024-07-18T03:19:44.229501" level="INFO">${response} = &lt;Response [200]&gt;</msg>
<var>${response}</var>
<arg>consultarAPI</arg>
<arg>/api</arg>
<doc>Sends a GET request on a previously created HTTP Session.</doc>
<status status="PASS" start="2024-07-18T03:19:44.141181" elapsed="0.088360"/>
</kw>
<kw name="Set Variable" owner="BuiltIn">
<msg time="2024-07-18T03:19:44.230528" level="INFO">${json_data} = {'results': [{'gender': 'male', 'name': {'title': 'Mr', 'first': 'Daniel', 'last': 'Díaz'}, 'location': {'street': {'number': 7897, 'name': 'Circuito San Luis Potosí'}, 'city': 'Paso del Macho', 'stat...</msg>
<var>${json_data}</var>
<arg>${response.json()}</arg>
<doc>Returns the given values which can then be assigned to a variables.</doc>
<status status="PASS" start="2024-07-18T03:19:44.230024" elapsed="0.000533"/>
</kw>
<kw name="Set Variable" owner="BuiltIn">
<msg time="2024-07-18T03:19:44.231254" level="INFO">${name_title} = Mr</msg>
<var>${name_title}</var>
<arg>${json_data["results"][0]["name"]["title"]}</arg>
<doc>Returns the given values which can then be assigned to a variables.</doc>
<status status="PASS" start="2024-07-18T03:19:44.230865" elapsed="0.000415"/>
</kw>
<kw name="Create List" owner="BuiltIn">
<msg time="2024-07-18T03:19:44.231728" level="INFO">${allowed_titles} = ['Mr', 'Ms', 'Miss', 'Mrs', 'Madame', 'Monsieur']</msg>
<var>${allowed_titles}</var>
<arg>Mr</arg>
<arg>Ms</arg>
<arg>Miss</arg>
<arg>Mrs</arg>
<arg>Madame</arg>
<arg>Monsieur</arg>
<doc>Returns a list containing given items.</doc>
<status status="PASS" start="2024-07-18T03:19:44.231581" elapsed="0.000172"/>
</kw>
<kw name="List Should Contain Value" owner="Collections">
<arg>${allowed_titles}</arg>
<arg>${name_title}</arg>
<doc>Fails if the ``value`` is not found from ``list``.</doc>
<status status="PASS" start="2024-07-18T03:19:44.232088" elapsed="0.000178"/>
</kw>
<kw name="Set Variable" owner="BuiltIn">
<msg time="2024-07-18T03:19:44.232820" level="INFO">${name_country} = MX</msg>
<var>${name_country}</var>
<arg>${json_data["results"][0]["nat"]}</arg>
<doc>Returns the given values which can then be assigned to a variables.</doc>
<status status="PASS" start="2024-07-18T03:19:44.232445" elapsed="0.000400"/>
</kw>
<kw name="Create List" owner="BuiltIn">
<msg time="2024-07-18T03:19:44.233736" level="INFO">${list_country} = ['AD', 'AE', 'AF', 'AG', 'AI', 'AL', 'AM', 'AO', 'AQ', 'AR', 'AS', 'AT', 'AU', 'AW', 'AX', 'AZ', 'BA', 'BB', 'BD', 'BE', 'BF', 'BG', 'BH', 'BI', 'BJ', 'BL', 'BM', 'BN', 'BO', 'BQ', 'BR', 'BS', 'BT', '...</msg>
<var>${list_country}</var>
<arg>AD</arg>
<arg>AE</arg>
<arg>AF</arg>
<arg>AG</arg>
<arg>AI</arg>
<arg>AL</arg>
<arg>AM</arg>
<arg>AO</arg>
<arg>AQ</arg>
<arg>AR</arg>
<arg>AS</arg>
<arg>AT</arg>
<arg>AU</arg>
<arg>AW</arg>
<arg>AX</arg>
<arg>AZ</arg>
<arg>BA</arg>
<arg>BB</arg>
<arg>BD</arg>
<arg>BE</arg>
<arg>BF</arg>
<arg>BG</arg>
<arg>BH</arg>
<arg>BI</arg>
<arg>BJ</arg>
<arg>BL</arg>
<arg>BM</arg>
<arg>BN</arg>
<arg>BO</arg>
<arg>BQ</arg>
<arg>BR</arg>
<arg>BS</arg>
<arg>BT</arg>
<arg>BV</arg>
<arg>BW</arg>
<arg>BY</arg>
<arg>BZ</arg>
<arg>CA</arg>
<arg>CC</arg>
<arg>CD</arg>
<arg>CF</arg>
<arg>CG</arg>
<arg>CH</arg>
<arg>CI</arg>
<arg>CK</arg>
<arg>CL</arg>
<arg>CM</arg>
<arg>CN</arg>
<arg>CO</arg>
<arg>CR</arg>
<arg>CU</arg>
<arg>CV</arg>
<arg>CW</arg>
<arg>CX</arg>
<arg>CY</arg>
<arg>CZ</arg>
<arg>DE</arg>
<arg>DJ</arg>
<arg>DK</arg>
<arg>DM</arg>
<arg>DO</arg>
<arg>DZ</arg>
<arg>EC</arg>
<arg>EE</arg>
<arg>EG</arg>
<arg>EH</arg>
<arg>ER</arg>
<arg>ES</arg>
<arg>ET</arg>
<arg>FI</arg>
<arg>FJ</arg>
<arg>FK</arg>
<arg>FM</arg>
<arg>FO</arg>
<arg>FR</arg>
<arg>GA</arg>
<arg>GB</arg>
<arg>GD</arg>
<arg>GE</arg>
<arg>GF</arg>
<arg>GG</arg>
<arg>GH</arg>
<arg>GI</arg>
<arg>GL</arg>
<arg>GM</arg>
<arg>GN</arg>
<arg>GP</arg>
<arg>GQ</arg>
<arg>GR</arg>
<arg>GS</arg>
<arg>GT</arg>
<arg>GU</arg>
<arg>GW</arg>
<arg>GY</arg>
<arg>HK</arg>
<arg>HM</arg>
<arg>HN</arg>
<arg>HR</arg>
<arg>HT</arg>
<arg>HU</arg>
<arg>ID</arg>
<arg>IE</arg>
<arg>IL</arg>
<arg>IM</arg>
<arg>IN</arg>
<arg>IO</arg>
<arg>IQ</arg>
<arg>IR</arg>
<arg>IS</arg>
<arg>IT</arg>
<arg>JE</arg>
<arg>JM</arg>
<arg>JO</arg>
<arg>JP</arg>
<arg>KE</arg>
<arg>KG</arg>
<arg>KH</arg>
<arg>KI</arg>
<arg>KM</arg>
<arg>KN</arg>
<arg>KP</arg>
<arg>KR</arg>
<arg>KW</arg>
<arg>KY</arg>
<arg>KZ</arg>
<arg>LA</arg>
<arg>LB</arg>
<arg>LC</arg>
<arg>LI</arg>
<arg>LK</arg>
<arg>LR</arg>
<arg>LS</arg>
<arg>LT</arg>
<arg>LU</arg>
<arg>LV</arg>
<arg>LY</arg>
<arg>MA</arg>
<arg>MC</arg>
<arg>MD</arg>
<arg>ME</arg>
<arg>MF</arg>
<arg>MG</arg>
<arg>MH</arg>
<arg>MK</arg>
<arg>ML</arg>
<arg>MM</arg>
<arg>MN</arg>
<arg>MO</arg>
<arg>MP</arg>
<arg>MQ</arg>
<arg>MR</arg>
<arg>MS</arg>
<arg>MT</arg>
<arg>MU</arg>
<arg>MV</arg>
<arg>MW</arg>
<arg>MX</arg>
<arg>MY</arg>
<arg>MZ</arg>
<arg>NA</arg>
<arg>NC</arg>
<arg>NE</arg>
<arg>NF</arg>
<arg>NG</arg>
<arg>NI</arg>
<arg>NL</arg>
<arg>NO</arg>
<arg>NP</arg>
<arg>NR</arg>
<arg>NU</arg>
<arg>NZ</arg>
<arg>OM</arg>
<arg>PA</arg>
<arg>PE</arg>
<arg>PF</arg>
<arg>PG</arg>
<arg>PH</arg>
<arg>PK</arg>
<arg>PL</arg>
<arg>PM</arg>
<arg>PN</arg>
<arg>PR</arg>
<arg>PS</arg>
<arg>PT</arg>
<arg>PW</arg>
<arg>PY</arg>
<arg>QA</arg>
<arg>RE</arg>
<arg>RO</arg>
<arg>RS</arg>
<arg>RU</arg>
<arg>RW</arg>
<arg>SA</arg>
<arg>SB</arg>
<arg>SC</arg>
<arg>SD</arg>
<arg>SE</arg>
<arg>SG</arg>
<arg>SH</arg>
<arg>SI</arg>
<arg>SJ</arg>
<arg>SK</arg>
<arg>SL</arg>
<arg>SM</arg>
<arg>SN</arg>
<arg>SO</arg>
<arg>SR</arg>
<arg>SS</arg>
<arg>ST</arg>
<arg>SV</arg>
<arg>SX</arg>
<arg>SY</arg>
<arg>SZ</arg>
<arg>TC</arg>
<arg>TD</arg>
<arg>TF</arg>
<arg>TG</arg>
<arg>TH</arg>
<arg>TJ</arg>
<arg>TK</arg>
<arg>TL</arg>
<arg>TM</arg>
<arg>TN</arg>
<arg>TO</arg>
<arg>TR</arg>
<arg>TT</arg>
<arg>TV</arg>
<arg>TW</arg>
<arg>TZ</arg>
<arg>UA</arg>
<arg>UG</arg>
<arg>UM</arg>
<arg>US</arg>
<arg>UY</arg>
<arg>UZ</arg>
<arg>VA</arg>
<arg>VC</arg>
<arg>VE</arg>
<arg>VG</arg>
<arg>VI</arg>
<arg>VN</arg>
<arg>VU</arg>
<arg>WF</arg>
<arg>WS</arg>
<arg>XK</arg>
<arg>YE</arg>
<arg>YT</arg>
<arg>ZA</arg>
<arg>ZM</arg>
<arg>ZW</arg>
<doc>Returns a list containing given items.</doc>
<status status="PASS" start="2024-07-18T03:19:44.233141" elapsed="0.000621"/>
</kw>
<kw name="List Should Contain Value" owner="Collections">
<arg>${list_country}</arg>
<arg>${name_country}</arg>
<doc>Fails if the ``value`` is not found from ``list``.</doc>
<status status="PASS" start="2024-07-18T03:19:44.234728" elapsed="0.000212"/>
</kw>
<kw name="Run Keyword If" owner="BuiltIn">
<kw name="Should Be True" owner="BuiltIn">
<arg>${True}</arg>
<doc>Fails if the given condition is not true.</doc>
<status status="PASS" start="2024-07-18T03:19:44.235908" elapsed="0.000156"/>
</kw>
<arg>${json_data["results"][0]["location"]["coordinates"]["latitude"]} &gt;= -90 and ${json_data["results"][0]["location"]["coordinates"]["latitude"]} &lt;= 90</arg>
<arg>Should Be True</arg>
<arg>${True}</arg>
<doc>Runs the given keyword with the given arguments, if ``condition`` is true.</doc>
<status status="PASS" start="2024-07-18T03:19:44.235134" elapsed="0.001054"/>
</kw>
<kw name="Run Keyword If" owner="BuiltIn">
<kw name="Should Be True" owner="BuiltIn">
<arg>${True}</arg>
<doc>Fails if the given condition is not true.</doc>
<status status="PASS" start="2024-07-18T03:19:44.237063" elapsed="0.000136"/>
</kw>
<arg>${json_data["results"][0]["location"]["coordinates"]["longitude"]} &gt;= -180 and ${json_data["results"][0]["location"]["coordinates"]["longitude"]} &lt;= 180</arg>
<arg>Should Be True</arg>
<arg>${True}</arg>
<doc>Runs the given keyword with the given arguments, if ``condition`` is true.</doc>
<status status="PASS" start="2024-07-18T03:19:44.236367" elapsed="0.000954"/>
</kw>
<status status="PASS" start="2024-07-18T03:19:44.140960" elapsed="0.096491"/>
</kw>
<doc>Testa o conteúdo específico dos campos retornados pela API.</doc>
<tag>testeConteudo</tag>
<status status="PASS" start="2024-07-18T03:19:44.140511" elapsed="0.097092"/>
</test>
<status status="PASS" start="2024-07-18T03:19:43.297117" elapsed="0.942428"/>
</suite>
<status status="PASS" start="2024-07-18T03:19:43.281413" elapsed="0.963063"/>
</suite>
<statistics>
<total>
<stat pass="5" fail="0" skip="0">All Tests</stat>
</total>
<tag>
<stat pass="1" fail="0" skip="0">testeConteudo</stat>
<stat pass="1" fail="0" skip="0">testeEstruturaResposta</stat>
<stat pass="1" fail="0" skip="0">testeRequisicaoBasica</stat>
<stat pass="1" fail="0" skip="0">testeTiposDados</stat>
</tag>
<suite>
<stat pass="5" fail="0" skip="0" id="s1" name="Tests">Tests</stat>
<stat pass="5" fail="0" skip="0" id="s1-s1" name="Random-User-Test">Tests.Random-User-Test</stat>
</suite>
</statistics>
<errors>
</errors>
</robot>
