<?xml version="1.0" encoding="UTF-8"?>
<robot generator="Robot 7.0 (Python 3.12.3 on linux)" generated="2024-04-25T17:14:44.687046" rpa="false" schemaversion="5">
<suite id="s1" name="Tests" source="/home/runner/work/DesafioQAItauRogerioJordao/DesafioQAItauRogerioJordao/RamdonUser/tests">
<suite id="s1-s1" name="Random-User-Test" source="/home/runner/work/DesafioQAItauRogerioJordao/DesafioQAItauRogerioJordao/RamdonUser/tests/random-user-test.robot">
<test id="s1-s1-t1" name="Conectar" line="13">
<kw name="Conectar API" owner="random-user-service">
<kw name="Create Session" owner="RequestsLibrary">
<msg time="2024-04-25T17:14:45.039191" level="INFO">Creating Session using : alias=consultarAPI, url=https://randomuser.me/, headers={},                     cookies={}, auth=None, timeout=None, proxies=None, verify=False,                     debug=0 </msg>
<arg>consultarAPI</arg>
<arg>${URL}</arg>
<doc>Create Session: create a HTTP session to a server</doc>
<status status="PASS" start="2024-04-25T17:14:45.038994" elapsed="0.000369"/>
</kw>
<status status="PASS" start="2024-04-25T17:14:45.038032" elapsed="0.001676"/>
</kw>
<status status="PASS" start="2024-04-25T17:14:45.037477" elapsed="0.002424"/>
</test>
<test id="s1-s1-t2" name="Validar retorno 200 e JSON Válido" line="16">
<kw name="Teste de Requisicao Basica" owner="random-user-service">
<kw name="GET On Session" owner="RequestsLibrary">
<msg time="2024-04-25T17:14:45.143011" level="INFO">GET Request : url=https://randomuser.me/api 
 path_url=/api 
 headers={'User-Agent': 'python-requests/2.31.0', 'Accept-Encoding': 'gzip, deflate', 'Accept': '*/*', 'Connection': 'keep-alive'} 
 body=None 
 </msg>
<msg time="2024-04-25T17:14:45.143143" level="INFO">GET Response : url=https://randomuser.me/api 
 status=200, reason=OK 
 headers={'Date': 'Thu, 25 Apr 2024 17:14:45 GMT', 'Content-Type': 'application/json; charset=utf-8', 'Transfer-Encoding': 'chunked', 'Connection': 'keep-alive', 'X-Powered-By': 'Express', 'Access-Control-Allow-Origin': '*', 'Cache-Control': 'no-cache', 'ETag': 'W/"499-/uttR8+8S4KOXy/1V2x+JuOL57k"', 'Vary': 'Accept-Encoding', 'Content-Encoding': 'gzip', 'CF-Cache-Status': 'DYNAMIC', 'Report-To': '{"endpoints":[{"url":"https:\\/\\/a.nel.cloudflare.com\\/report\\/v4?s=WDhS%2FTZMN0Gz5Dwq93Hbd9MmAouz%2FUahvmcTJvpb416CoMfNjUSoAwbg%2B34DnMCvq0TGflQXk3Rw9kwGB7tgDILL6yDcUet%2FSKsPex53cxGnB2REookVPTUIBN6EMUwx"}],"group":"cf-nel","max_age":604800}', 'NEL': '{"success_fraction":0,"report_to":"cf-nel","max_age":604800}', 'Server': 'cloudflare', 'CF-RAY': '879ff89fcc86115f-ORD', 'alt-svc': 'h3=":443"; ma=86400'} 
 body={"results":[{"gender":"male","name":{"title":"Mr","first":"Fernando","last":"Blanco"},"location":{"street":{"number":8450,"name":"Avenida del Planetario"},"city":"San Sebastián de Los Reyes","state":"Ceuta","country":"Spain","postcode":90855,"coordinates":{"latitude":"-35.8100","longitude":"-17.1140"},"timezone":{"offset":"+7:00","description":"Bangkok, Hanoi, Jakarta"}},"email":"fernando.blanco@example.com","login":{"uuid":"50dd3c6e-3666-43e2-83a9-cdb5c0af4cb1","username":"redmeercat806","password":"chipper","salt":"oAzyl3iq","md5":"441ecaae80531f3498a2ddb0a46b226d","sha1":"81099beba4c2dac4233587eb1a5f91d554de1a7e","sha256":"8cf998d994ea549837ac602f469aee57d6faee0db6d75084b02fbd5b76be814b"},"dob":{"date":"1992-05-26T21:06:00.116Z","age":31},"registered":{"date":"2017-02-02T05:23:59.797Z","age":7},"phone":"970-693-770","cell":"672-657-209","id":{"name":"DNI","value":"36958399-W"},"picture":{"large":"https://randomuser.me/api/portraits/men/32.jpg","medium":"https://randomuser.me/api/portraits/med/men/32.jpg","thumbnail":"https://randomuser.me/api/portraits/thumb/men/32.jpg"},"nat":"ES"}],"info":{"seed":"5d5401f91c4f7418","results":1,"page":1,"version":"1.4"}} 
 </msg>
<msg time="2024-04-25T17:14:45.143223" level="INFO">/opt/hostedtoolcache/Python/3.12.3/x64/lib/python3.12/site-packages/urllib3/connectionpool.py:1103: InsecureRequestWarning: Unverified HTTPS request is being made to host 'randomuser.me'. Adding certificate verification is strongly advised. See: https://urllib3.readthedocs.io/en/latest/advanced-usage.html#tls-warnings
  warnings.warn(</msg>
<msg time="2024-04-25T17:14:45.143378" level="INFO">${response} = &lt;Response [200]&gt;</msg>
<var>${response}</var>
<arg>consultarAPI</arg>
<arg>/api</arg>
<doc>Sends a GET request on a previously created HTTP Session.</doc>
<status status="PASS" start="2024-04-25T17:14:45.042538" elapsed="0.100881"/>
</kw>
<kw name="Should Be Equal As Numbers" owner="BuiltIn">
<msg time="2024-04-25T17:14:45.144336" level="INFO">Argument types are:
&lt;class 'int'&gt;
&lt;class 'str'&gt;</msg>
<arg>${response.status_code}</arg>
<arg>200</arg>
<doc>Fails if objects are unequal after converting them to real numbers.</doc>
<status status="PASS" start="2024-04-25T17:14:45.143890" elapsed="0.000512"/>
</kw>
<kw name="Log" owner="BuiltIn">
<msg time="2024-04-25T17:14:45.145079" level="INFO">200</msg>
<arg>${response.status_code}</arg>
<doc>Logs the given message with the given level.</doc>
<status status="PASS" start="2024-04-25T17:14:45.144733" elapsed="0.000389"/>
</kw>
<kw name="Set Variable" owner="BuiltIn">
<msg time="2024-04-25T17:14:45.145895" level="INFO">${json_data} = {'results': [{'gender': 'male', 'name': {'title': 'Mr', 'first': 'Fernando', 'last': 'Blanco'}, 'location': {'street': {'number': 8450, 'name': 'Avenida del Planetario'}, 'city': 'San Sebastián de Los...</msg>
<var>${json_data}</var>
<arg>${response.json()}</arg>
<doc>Returns the given values which can then be assigned to a variables.</doc>
<status status="PASS" start="2024-04-25T17:14:45.145428" elapsed="0.000498"/>
</kw>
<kw name="Dictionary Should Contain Key" owner="Collections">
<msg time="2024-04-25T17:14:45.146401" level="INFO">False</msg>
<arg>${json_data}</arg>
<arg>results</arg>
<doc>Fails if ``key`` is not found from ``dictionary``.</doc>
<status status="PASS" start="2024-04-25T17:14:45.146232" elapsed="0.000208"/>
</kw>
<status status="PASS" start="2024-04-25T17:14:45.042295" elapsed="0.104462"/>
</kw>
<doc>Testa se a API responde corretamente e retorna um objeto JSON válido.</doc>
<tag>testeRequisicaoBasica</tag>
<status status="PASS" start="2024-04-25T17:14:45.041780" elapsed="0.105167"/>
</test>
<test id="s1-s1-t3" name="Validar estrutura de resposta" line="22">
<kw name="Teste de Estrutura de Resposta" owner="random-user-service">
<kw name="GET On Session" owner="RequestsLibrary">
<msg time="2024-04-25T17:14:45.251862" level="INFO">GET Request : url=https://randomuser.me/api 
 path_url=/api 
 headers={'User-Agent': 'python-requests/2.31.0', 'Accept-Encoding': 'gzip, deflate', 'Accept': '*/*', 'Connection': 'keep-alive'} 
 body=None 
 </msg>
<msg time="2024-04-25T17:14:45.251971" level="INFO">GET Response : url=https://randomuser.me/api 
 status=200, reason=OK 
 headers={'Date': 'Thu, 25 Apr 2024 17:14:45 GMT', 'Content-Type': 'application/json; charset=utf-8', 'Transfer-Encoding': 'chunked', 'Connection': 'keep-alive', 'X-Powered-By': 'Express', 'Access-Control-Allow-Origin': '*', 'Cache-Control': 'no-cache', 'ETag': 'W/"49c-n5YJZ+28rB/U9vavDfaCCyFn3IQ"', 'Vary': 'Accept-Encoding', 'Content-Encoding': 'gzip', 'CF-Cache-Status': 'DYNAMIC', 'Report-To': '{"endpoints":[{"url":"https:\\/\\/a.nel.cloudflare.com\\/report\\/v4?s=F6l34nP74IMtbvSqKzSpfl2v%2FvK1aVlGAbM2HcBA6U9qZ9H3o%2BvyovdCFbmdTfdVqi5170u1SCV9HXqvd%2FMGXOZxdX8a75PlNqKHqMAQtGArkCK0Jv4U6HyJuL2r5aw%2F"}],"group":"cf-nel","max_age":604800}', 'NEL': '{"success_fraction":0,"report_to":"cf-nel","max_age":604800}', 'Server': 'cloudflare', 'CF-RAY': '879ff8a03d4a115f-ORD', 'alt-svc': 'h3=":443"; ma=86400'} 
 body={"results":[{"gender":"male","name":{"title":"Monsieur","first":"Ueli","last":"Denis"},"location":{"street":{"number":5569,"name":"Rue de Gerland"},"city":"Obergoms","state":"Neuchâtel","country":"Switzerland","postcode":8953,"coordinates":{"latitude":"-55.7384","longitude":"-178.1222"},"timezone":{"offset":"-3:00","description":"Brazil, Buenos Aires, Georgetown"}},"email":"ueli.denis@example.com","login":{"uuid":"f3587a7d-0a18-46a8-b92a-bf53e025b4d8","username":"blackostrich729","password":"marijuan","salt":"dNgFxQF0","md5":"ff40eee547774892f9015b8fcc8d679a","sha1":"f59110641be26acb2bcf99fabb60ccc11baaefb6","sha256":"5f331ae65566d4d19705a5b533c57acfaca577e87e5177ab72a584331f98c86a"},"dob":{"date":"1999-02-22T07:22:56.286Z","age":25},"registered":{"date":"2008-10-04T12:39:16.032Z","age":15},"phone":"075 137 28 57","cell":"075 681 29 05","id":{"name":"AVS","value":"756.5792.0210.53"},"picture":{"large":"https://randomuser.me/api/portraits/men/21.jpg","medium":"https://randomuser.me/api/portraits/med/men/21.jpg","thumbnail":"https://randomuser.me/api/portraits/thumb/men/21.jpg"},"nat":"CH"}],"info":{"seed":"a7aa7421dcf3527a","results":1,"page":1,"version":"1.4"}} 
 </msg>
<msg time="2024-04-25T17:14:45.252114" level="INFO">/opt/hostedtoolcache/Python/3.12.3/x64/lib/python3.12/site-packages/urllib3/connectionpool.py:1103: InsecureRequestWarning: Unverified HTTPS request is being made to host 'randomuser.me'. Adding certificate verification is strongly advised. See: https://urllib3.readthedocs.io/en/latest/advanced-usage.html#tls-warnings
  warnings.warn(</msg>
<msg time="2024-04-25T17:14:45.252251" level="INFO">${response} = &lt;Response [200]&gt;</msg>
<var>${response}</var>
<arg>consultarAPI</arg>
<arg>/api</arg>
<doc>Sends a GET request on a previously created HTTP Session.</doc>
<status status="PASS" start="2024-04-25T17:14:45.149552" elapsed="0.102743"/>
</kw>
<kw name="Set Variable" owner="BuiltIn">
<msg time="2024-04-25T17:14:45.253333" level="INFO">${json_data} = {'results': [{'gender': 'male', 'name': {'title': 'Monsieur', 'first': 'Ueli', 'last': 'Denis'}, 'location': {'street': {'number': 5569, 'name': 'Rue de Gerland'}, 'city': 'Obergoms', 'state': 'Neuchâ...</msg>
<var>${json_data}</var>
<arg>${response.json()}</arg>
<doc>Returns the given values which can then be assigned to a variables.</doc>
<status status="PASS" start="2024-04-25T17:14:45.252820" elapsed="0.000542"/>
</kw>
<kw name="Log" owner="BuiltIn">
<msg time="2024-04-25T17:14:45.253852" level="INFO">{'results': [{'gender': 'male', 'name': {'title': 'Monsieur', 'first': 'Ueli', 'last': 'Denis'}, 'location': {'street': {'number': 5569, 'name': 'Rue de Gerland'}, 'city': 'Obergoms', 'state': 'Neuchâtel', 'country': 'Switzerland', 'postcode': 8953, 'coordinates': {'latitude': '-55.7384', 'longitude': '-178.1222'}, 'timezone': {'offset': '-3:00', 'description': 'Brazil, Buenos Aires, Georgetown'}}, 'email': 'ueli.denis@example.com', 'login': {'uuid': 'f3587a7d-0a18-46a8-b92a-bf53e025b4d8', 'username': 'blackostrich729', 'password': 'marijuan', 'salt': 'dNgFxQF0', 'md5': 'ff40eee547774892f9015b8fcc8d679a', 'sha1': 'f59110641be26acb2bcf99fabb60ccc11baaefb6', 'sha256': '5f331ae65566d4d19705a5b533c57acfaca577e87e5177ab72a584331f98c86a'}, 'dob': {'date': '1999-02-22T07:22:56.286Z', 'age': 25}, 'registered': {'date': '2008-10-04T12:39:16.032Z', 'age': 15}, 'phone': '075 137 28 57', 'cell': '075 681 29 05', 'id': {'name': 'AVS', 'value': '756.5792.0210.53'}, 'picture': {'large': 'https://randomuser.me/api/portraits/men/21.jpg', 'medium': 'https://randomuser.me/api/portraits/med/men/21.jpg', 'thumbnail': 'https://randomuser.me/api/portraits/thumb/men/21.jpg'}, 'nat': 'CH'}], 'info': {'seed': 'a7aa7421dcf3527a', 'results': 1, 'page': 1, 'version': '1.4'}}</msg>
<arg>${json_data}</arg>
<doc>Logs the given message with the given level.</doc>
<status status="PASS" start="2024-04-25T17:14:45.253689" elapsed="0.000214"/>
</kw>
<kw name="Dictionary Should Contain Key" owner="Collections">
<msg time="2024-04-25T17:14:45.254363" level="INFO">False</msg>
<arg>${json_data}</arg>
<arg>results</arg>
<doc>Fails if ``key`` is not found from ``dictionary``.</doc>
<status status="PASS" start="2024-04-25T17:14:45.254204" elapsed="0.000197"/>
</kw>
<kw name="Should Not Be Empty" owner="BuiltIn">
<msg time="2024-04-25T17:14:45.254892" level="INFO">Length is 2.</msg>
<arg>${json_data}</arg>
<doc>Verifies that the given item is not empty.</doc>
<status status="PASS" start="2024-04-25T17:14:45.254745" elapsed="0.000189"/>
</kw>
<kw name="Create List" owner="BuiltIn">
<msg time="2024-04-25T17:14:45.255543" level="INFO">${expected_keys} = ['gender', 'name', 'location', 'email', 'login']</msg>
<var>${expected_keys}</var>
<arg>gender</arg>
<arg>name</arg>
<arg>location</arg>
<arg>email</arg>
<arg>login</arg>
<doc>Returns a list containing given items.</doc>
<status status="PASS" start="2024-04-25T17:14:45.255238" elapsed="0.000330"/>
</kw>
<for flavor="IN">
<iter>
<kw name="Dictionary Should Contain Key" owner="Collections">
<msg time="2024-04-25T17:14:45.256572" level="INFO">False</msg>
<arg>${json_data['results'][0]}</arg>
<arg>${key}</arg>
<doc>Fails if ``key`` is not found from ``dictionary``.</doc>
<status status="PASS" start="2024-04-25T17:14:45.256163" elapsed="0.000448"/>
</kw>
<kw name="Log" owner="BuiltIn">
<msg time="2024-04-25T17:14:45.257282" level="INFO">{'gender': 'male', 'name': {'title': 'Monsieur', 'first': 'Ueli', 'last': 'Denis'}, 'location': {'street': {'number': 5569, 'name': 'Rue de Gerland'}, 'city': 'Obergoms', 'state': 'Neuchâtel', 'country': 'Switzerland', 'postcode': 8953, 'coordinates': {'latitude': '-55.7384', 'longitude': '-178.1222'}, 'timezone': {'offset': '-3:00', 'description': 'Brazil, Buenos Aires, Georgetown'}}, 'email': 'ueli.denis@example.com', 'login': {'uuid': 'f3587a7d-0a18-46a8-b92a-bf53e025b4d8', 'username': 'blackostrich729', 'password': 'marijuan', 'salt': 'dNgFxQF0', 'md5': 'ff40eee547774892f9015b8fcc8d679a', 'sha1': 'f59110641be26acb2bcf99fabb60ccc11baaefb6', 'sha256': '5f331ae65566d4d19705a5b533c57acfaca577e87e5177ab72a584331f98c86a'}, 'dob': {'date': '1999-02-22T07:22:56.286Z', 'age': 25}, 'registered': {'date': '2008-10-04T12:39:16.032Z', 'age': 15}, 'phone': '075 137 28 57', 'cell': '075 681 29 05', 'id': {'name': 'AVS', 'value': '756.5792.0210.53'}, 'picture': {'large': 'https://randomuser.me/api/portraits/men/21.jpg', 'medium': 'https://randomuser.me/api/portraits/med/men/21.jpg', 'thumbnail': 'https://randomuser.me/api/portraits/thumb/men/21.jpg'}, 'nat': 'CH'}</msg>
<arg>${json_data['results'][0]}</arg>
<doc>Logs the given message with the given level.</doc>
<status status="PASS" start="2024-04-25T17:14:45.256916" elapsed="0.000416"/>
</kw>
<kw name="Log" owner="BuiltIn">
<msg time="2024-04-25T17:14:45.257758" level="INFO">gender</msg>
<arg>${key}</arg>
<doc>Logs the given message with the given level.</doc>
<status status="PASS" start="2024-04-25T17:14:45.257629" elapsed="0.000168"/>
</kw>
<var name="${key}">gender</var>
<status status="PASS" start="2024-04-25T17:14:45.256035" elapsed="0.001976"/>
</iter>
<iter>
<kw name="Dictionary Should Contain Key" owner="Collections">
<msg time="2024-04-25T17:14:45.258731" level="INFO">False</msg>
<arg>${json_data['results'][0]}</arg>
<arg>${key}</arg>
<doc>Fails if ``key`` is not found from ``dictionary``.</doc>
<status status="PASS" start="2024-04-25T17:14:45.258315" elapsed="0.000456"/>
</kw>
<kw name="Log" owner="BuiltIn">
<msg time="2024-04-25T17:14:45.259484" level="INFO">{'gender': 'male', 'name': {'title': 'Monsieur', 'first': 'Ueli', 'last': 'Denis'}, 'location': {'street': {'number': 5569, 'name': 'Rue de Gerland'}, 'city': 'Obergoms', 'state': 'Neuchâtel', 'country': 'Switzerland', 'postcode': 8953, 'coordinates': {'latitude': '-55.7384', 'longitude': '-178.1222'}, 'timezone': {'offset': '-3:00', 'description': 'Brazil, Buenos Aires, Georgetown'}}, 'email': 'ueli.denis@example.com', 'login': {'uuid': 'f3587a7d-0a18-46a8-b92a-bf53e025b4d8', 'username': 'blackostrich729', 'password': 'marijuan', 'salt': 'dNgFxQF0', 'md5': 'ff40eee547774892f9015b8fcc8d679a', 'sha1': 'f59110641be26acb2bcf99fabb60ccc11baaefb6', 'sha256': '5f331ae65566d4d19705a5b533c57acfaca577e87e5177ab72a584331f98c86a'}, 'dob': {'date': '1999-02-22T07:22:56.286Z', 'age': 25}, 'registered': {'date': '2008-10-04T12:39:16.032Z', 'age': 15}, 'phone': '075 137 28 57', 'cell': '075 681 29 05', 'id': {'name': 'AVS', 'value': '756.5792.0210.53'}, 'picture': {'large': 'https://randomuser.me/api/portraits/men/21.jpg', 'medium': 'https://randomuser.me/api/portraits/med/men/21.jpg', 'thumbnail': 'https://randomuser.me/api/portraits/thumb/men/21.jpg'}, 'nat': 'CH'}</msg>
<arg>${json_data['results'][0]}</arg>
<doc>Logs the given message with the given level.</doc>
<status status="PASS" start="2024-04-25T17:14:45.259112" elapsed="0.000423"/>
</kw>
<kw name="Log" owner="BuiltIn">
<msg time="2024-04-25T17:14:45.259969" level="INFO">name</msg>
<arg>${key}</arg>
<doc>Logs the given message with the given level.</doc>
<status status="PASS" start="2024-04-25T17:14:45.259840" elapsed="0.000169"/>
</kw>
<var name="${key}">name</var>
<status status="PASS" start="2024-04-25T17:14:45.258200" elapsed="0.002023"/>
</iter>
<iter>
<kw name="Dictionary Should Contain Key" owner="Collections">
<msg time="2024-04-25T17:14:45.260905" level="INFO">False</msg>
<arg>${json_data['results'][0]}</arg>
<arg>${key}</arg>
<doc>Fails if ``key`` is not found from ``dictionary``.</doc>
<status status="PASS" start="2024-04-25T17:14:45.260515" elapsed="0.000428"/>
</kw>
<kw name="Log" owner="BuiltIn">
<msg time="2024-04-25T17:14:45.261609" level="INFO">{'gender': 'male', 'name': {'title': 'Monsieur', 'first': 'Ueli', 'last': 'Denis'}, 'location': {'street': {'number': 5569, 'name': 'Rue de Gerland'}, 'city': 'Obergoms', 'state': 'Neuchâtel', 'country': 'Switzerland', 'postcode': 8953, 'coordinates': {'latitude': '-55.7384', 'longitude': '-178.1222'}, 'timezone': {'offset': '-3:00', 'description': 'Brazil, Buenos Aires, Georgetown'}}, 'email': 'ueli.denis@example.com', 'login': {'uuid': 'f3587a7d-0a18-46a8-b92a-bf53e025b4d8', 'username': 'blackostrich729', 'password': 'marijuan', 'salt': 'dNgFxQF0', 'md5': 'ff40eee547774892f9015b8fcc8d679a', 'sha1': 'f59110641be26acb2bcf99fabb60ccc11baaefb6', 'sha256': '5f331ae65566d4d19705a5b533c57acfaca577e87e5177ab72a584331f98c86a'}, 'dob': {'date': '1999-02-22T07:22:56.286Z', 'age': 25}, 'registered': {'date': '2008-10-04T12:39:16.032Z', 'age': 15}, 'phone': '075 137 28 57', 'cell': '075 681 29 05', 'id': {'name': 'AVS', 'value': '756.5792.0210.53'}, 'picture': {'large': 'https://randomuser.me/api/portraits/men/21.jpg', 'medium': 'https://randomuser.me/api/portraits/med/men/21.jpg', 'thumbnail': 'https://randomuser.me/api/portraits/thumb/men/21.jpg'}, 'nat': 'CH'}</msg>
<arg>${json_data['results'][0]}</arg>
<doc>Logs the given message with the given level.</doc>
<status status="PASS" start="2024-04-25T17:14:45.261236" elapsed="0.000423"/>
</kw>
<kw name="Log" owner="BuiltIn">
<msg time="2024-04-25T17:14:45.262081" level="INFO">location</msg>
<arg>${key}</arg>
<doc>Logs the given message with the given level.</doc>
<status status="PASS" start="2024-04-25T17:14:45.261955" elapsed="0.000165"/>
</kw>
<var name="${key}">location</var>
<status status="PASS" start="2024-04-25T17:14:45.260404" elapsed="0.001934"/>
</iter>
<iter>
<kw name="Dictionary Should Contain Key" owner="Collections">
<msg time="2024-04-25T17:14:45.263061" level="INFO">False</msg>
<arg>${json_data['results'][0]}</arg>
<arg>${key}</arg>
<doc>Fails if ``key`` is not found from ``dictionary``.</doc>
<status status="PASS" start="2024-04-25T17:14:45.262624" elapsed="0.000476"/>
</kw>
<kw name="Log" owner="BuiltIn">
<msg time="2024-04-25T17:14:45.264086" level="INFO">{'gender': 'male', 'name': {'title': 'Monsieur', 'first': 'Ueli', 'last': 'Denis'}, 'location': {'street': {'number': 5569, 'name': 'Rue de Gerland'}, 'city': 'Obergoms', 'state': 'Neuchâtel', 'country': 'Switzerland', 'postcode': 8953, 'coordinates': {'latitude': '-55.7384', 'longitude': '-178.1222'}, 'timezone': {'offset': '-3:00', 'description': 'Brazil, Buenos Aires, Georgetown'}}, 'email': 'ueli.denis@example.com', 'login': {'uuid': 'f3587a7d-0a18-46a8-b92a-bf53e025b4d8', 'username': 'blackostrich729', 'password': 'marijuan', 'salt': 'dNgFxQF0', 'md5': 'ff40eee547774892f9015b8fcc8d679a', 'sha1': 'f59110641be26acb2bcf99fabb60ccc11baaefb6', 'sha256': '5f331ae65566d4d19705a5b533c57acfaca577e87e5177ab72a584331f98c86a'}, 'dob': {'date': '1999-02-22T07:22:56.286Z', 'age': 25}, 'registered': {'date': '2008-10-04T12:39:16.032Z', 'age': 15}, 'phone': '075 137 28 57', 'cell': '075 681 29 05', 'id': {'name': 'AVS', 'value': '756.5792.0210.53'}, 'picture': {'large': 'https://randomuser.me/api/portraits/men/21.jpg', 'medium': 'https://randomuser.me/api/portraits/med/men/21.jpg', 'thumbnail': 'https://randomuser.me/api/portraits/thumb/men/21.jpg'}, 'nat': 'CH'}</msg>
<arg>${json_data['results'][0]}</arg>
<doc>Logs the given message with the given level.</doc>
<status status="PASS" start="2024-04-25T17:14:45.263472" elapsed="0.000696"/>
</kw>
<kw name="Log" owner="BuiltIn">
<msg time="2024-04-25T17:14:45.264787" level="INFO">email</msg>
<arg>${key}</arg>
<doc>Logs the given message with the given level.</doc>
<status status="PASS" start="2024-04-25T17:14:45.264601" elapsed="0.000254"/>
</kw>
<var name="${key}">email</var>
<status status="PASS" start="2024-04-25T17:14:45.262515" elapsed="0.002676"/>
</iter>
<iter>
<kw name="Dictionary Should Contain Key" owner="Collections">
<msg time="2024-04-25T17:14:45.266325" level="INFO">False</msg>
<arg>${json_data['results'][0]}</arg>
<arg>${key}</arg>
<doc>Fails if ``key`` is not found from ``dictionary``.</doc>
<status status="PASS" start="2024-04-25T17:14:45.265676" elapsed="0.000713"/>
</kw>
<kw name="Log" owner="BuiltIn">
<msg time="2024-04-25T17:14:45.267288" level="INFO">{'gender': 'male', 'name': {'title': 'Monsieur', 'first': 'Ueli', 'last': 'Denis'}, 'location': {'street': {'number': 5569, 'name': 'Rue de Gerland'}, 'city': 'Obergoms', 'state': 'Neuchâtel', 'country': 'Switzerland', 'postcode': 8953, 'coordinates': {'latitude': '-55.7384', 'longitude': '-178.1222'}, 'timezone': {'offset': '-3:00', 'description': 'Brazil, Buenos Aires, Georgetown'}}, 'email': 'ueli.denis@example.com', 'login': {'uuid': 'f3587a7d-0a18-46a8-b92a-bf53e025b4d8', 'username': 'blackostrich729', 'password': 'marijuan', 'salt': 'dNgFxQF0', 'md5': 'ff40eee547774892f9015b8fcc8d679a', 'sha1': 'f59110641be26acb2bcf99fabb60ccc11baaefb6', 'sha256': '5f331ae65566d4d19705a5b533c57acfaca577e87e5177ab72a584331f98c86a'}, 'dob': {'date': '1999-02-22T07:22:56.286Z', 'age': 25}, 'registered': {'date': '2008-10-04T12:39:16.032Z', 'age': 15}, 'phone': '075 137 28 57', 'cell': '075 681 29 05', 'id': {'name': 'AVS', 'value': '756.5792.0210.53'}, 'picture': {'large': 'https://randomuser.me/api/portraits/men/21.jpg', 'medium': 'https://randomuser.me/api/portraits/med/men/21.jpg', 'thumbnail': 'https://randomuser.me/api/portraits/thumb/men/21.jpg'}, 'nat': 'CH'}</msg>
<arg>${json_data['results'][0]}</arg>
<doc>Logs the given message with the given level.</doc>
<status status="PASS" start="2024-04-25T17:14:45.266879" elapsed="0.000462"/>
</kw>
<kw name="Log" owner="BuiltIn">
<msg time="2024-04-25T17:14:45.267790" level="INFO">login</msg>
<arg>${key}</arg>
<doc>Logs the given message with the given level.</doc>
<status status="PASS" start="2024-04-25T17:14:45.267656" elapsed="0.000176"/>
</kw>
<var name="${key}">login</var>
<status status="PASS" start="2024-04-25T17:14:45.265492" elapsed="0.002586"/>
</iter>
<var>${key}</var>
<value>@{expected_keys}</value>
<status status="PASS" start="2024-04-25T17:14:45.255840" elapsed="0.012366"/>
</for>
<kw name="Create List" owner="BuiltIn">
<msg time="2024-04-25T17:14:45.268544" level="INFO">${expected_keysTwo} = ['username', 'password']</msg>
<var>${expected_keysTwo}</var>
<arg>username</arg>
<arg>password</arg>
<doc>Returns a list containing given items.</doc>
<status status="PASS" start="2024-04-25T17:14:45.268404" elapsed="0.000165"/>
</kw>
<for flavor="IN">
<iter>
<kw name="Dictionary Should Contain Key" owner="Collections">
<msg time="2024-04-25T17:14:45.269488" level="INFO">False</msg>
<arg>${json_data['results'][0]['login']}</arg>
<arg>${keyTwo}</arg>
<doc>Fails if ``key`` is not found from ``dictionary``.</doc>
<status status="PASS" start="2024-04-25T17:14:45.269078" elapsed="0.000448"/>
</kw>
<kw name="Dictionary Should Contain Key" owner="Collections">
<msg time="2024-04-25T17:14:45.270216" level="INFO">False</msg>
<arg>${json_data['results'][0]['login']}</arg>
<arg>${keyTwo}</arg>
<doc>Fails if ``key`` is not found from ``dictionary``.</doc>
<status status="PASS" start="2024-04-25T17:14:45.269826" elapsed="0.000428"/>
</kw>
<kw name="Log" owner="BuiltIn">
<msg time="2024-04-25T17:14:45.270713" level="INFO">username</msg>
<arg>${keyTwo}</arg>
<doc>Logs the given message with the given level.</doc>
<status status="PASS" start="2024-04-25T17:14:45.270547" elapsed="0.000222"/>
</kw>
<var name="${keyTwo}">username</var>
<status status="PASS" start="2024-04-25T17:14:45.268968" elapsed="0.002022"/>
</iter>
<iter>
<kw name="Dictionary Should Contain Key" owner="Collections">
<msg time="2024-04-25T17:14:45.271664" level="INFO">False</msg>
<arg>${json_data['results'][0]['login']}</arg>
<arg>${keyTwo}</arg>
<doc>Fails if ``key`` is not found from ``dictionary``.</doc>
<status status="PASS" start="2024-04-25T17:14:45.271274" elapsed="0.000442"/>
</kw>
<kw name="Dictionary Should Contain Key" owner="Collections">
<msg time="2024-04-25T17:14:45.272474" level="INFO">False</msg>
<arg>${json_data['results'][0]['login']}</arg>
<arg>${keyTwo}</arg>
<doc>Fails if ``key`` is not found from ``dictionary``.</doc>
<status status="PASS" start="2024-04-25T17:14:45.272013" elapsed="0.000500"/>
</kw>
<kw name="Log" owner="BuiltIn">
<msg time="2024-04-25T17:14:45.272945" level="INFO">password</msg>
<arg>${keyTwo}</arg>
<doc>Logs the given message with the given level.</doc>
<status status="PASS" start="2024-04-25T17:14:45.272817" elapsed="0.000166"/>
</kw>
<var name="${keyTwo}">password</var>
<status status="PASS" start="2024-04-25T17:14:45.271162" elapsed="0.002038"/>
</iter>
<var>${keyTwo}</var>
<value>@{expected_keysTwo}</value>
<status status="PASS" start="2024-04-25T17:14:45.268811" elapsed="0.004513"/>
</for>
<status status="PASS" start="2024-04-25T17:14:45.149312" elapsed="0.124154"/>
</kw>
<doc>Testa a estrutura da resposta da API.</doc>
<tag>testeEstruturaResposta</tag>
<status status="PASS" start="2024-04-25T17:14:45.148816" elapsed="0.124815"/>
</test>
<test id="s1-s1-t4" name="Validar tipos de dados" line="28">
<kw name="Teste de Tipos de Dados" owner="random-user-service">
<kw name="GET On Session" owner="RequestsLibrary">
<msg time="2024-04-25T17:14:45.328851" level="INFO">GET Request : url=https://randomuser.me/api 
 path_url=/api 
 headers={'User-Agent': 'python-requests/2.31.0', 'Accept-Encoding': 'gzip, deflate', 'Accept': '*/*', 'Connection': 'keep-alive'} 
 body=None 
 </msg>
<msg time="2024-04-25T17:14:45.328937" level="INFO">GET Response : url=https://randomuser.me/api 
 status=200, reason=OK 
 headers={'Date': 'Thu, 25 Apr 2024 17:14:45 GMT', 'Content-Type': 'application/json; charset=utf-8', 'Transfer-Encoding': 'chunked', 'Connection': 'keep-alive', 'X-Powered-By': 'Express', 'Access-Control-Allow-Origin': '*', 'Cache-Control': 'no-cache', 'ETag': 'W/"459-xOYF/ude2eIMIdDe98rMD4FfLcE"', 'Vary': 'Accept-Encoding', 'Content-Encoding': 'gzip', 'CF-Cache-Status': 'DYNAMIC', 'Report-To': '{"endpoints":[{"url":"https:\\/\\/a.nel.cloudflare.com\\/report\\/v4?s=6JdeFl2oTbKLwFepLTJen%2BO3TzOUyc7igvJL%2B6nzKS%2Fv2995VGM9NnoW0jRqrXGQ6qYFTOT%2FQkwtNoIGagIA5RWl9xI%2Fg62wt5tTrOK71JtgrGj%2BQJnf4cguxGh3vc6H"}],"group":"cf-nel","max_age":604800}', 'NEL': '{"success_fraction":0,"report_to":"cf-nel","max_age":604800}', 'Server': 'cloudflare', 'CF-RAY': '879ff8a0fe92115f-ORD', 'alt-svc': 'h3=":443"; ma=86400'} 
 body={"results":[{"gender":"male","name":{"title":"Mr","first":"Batur","last":"Avan"},"location":{"street":{"number":3947,"name":"Bağdat Cd"},"city":"Yalova","state":"Aydın","country":"Turkey","postcode":24998,"coordinates":{"latitude":"69.4019","longitude":"-133.5604"},"timezone":{"offset":"-9:00","description":"Alaska"}},"email":"batur.avan@example.com","login":{"uuid":"1226df12-4077-4b4a-813b-2289c185ae4b","username":"brownpanda267","password":"beach","salt":"saDCQqNp","md5":"c99fc000ddcdbcf4cf8d8c5188d03636","sha1":"257e9be1773b7905f948892e0cc28989b1524c5c","sha256":"ac5762cad3eb103add5764393666d5385fab22587ae44cb0a43538b6cc19cb7e"},"dob":{"date":"1953-11-14T12:04:33.799Z","age":70},"registered":{"date":"2012-06-29T16:46:20.859Z","age":11},"phone":"(705)-368-2661","cell":"(388)-071-3979","id":{"name":"","value":null},"picture":{"large":"https://randomuser.me/api/portraits/men/56.jpg","medium":"https://randomuser.me/api/portraits/med/men/56.jpg","thumbnail":"https://randomuser.me/api/portraits/thumb/men/56.jpg"},"nat":"TR"}],"info":{"seed":"e9a59b426048a9d3","results":1,"page":1,"version":"1.4"}} 
 </msg>
<msg time="2024-04-25T17:14:45.329021" level="INFO">/opt/hostedtoolcache/Python/3.12.3/x64/lib/python3.12/site-packages/urllib3/connectionpool.py:1103: InsecureRequestWarning: Unverified HTTPS request is being made to host 'randomuser.me'. Adding certificate verification is strongly advised. See: https://urllib3.readthedocs.io/en/latest/advanced-usage.html#tls-warnings
  warnings.warn(</msg>
<msg time="2024-04-25T17:14:45.329143" level="INFO">${response} = &lt;Response [200]&gt;</msg>
<var>${response}</var>
<arg>consultarAPI</arg>
<arg>/api</arg>
<doc>Sends a GET request on a previously created HTTP Session.</doc>
<status status="PASS" start="2024-04-25T17:14:45.276116" elapsed="0.053079"/>
</kw>
<kw name="Set Variable" owner="BuiltIn">
<msg time="2024-04-25T17:14:45.330039" level="INFO">${json_data} = {'results': [{'gender': 'male', 'name': {'title': 'Mr', 'first': 'Batur', 'last': 'Avan'}, 'location': {'street': {'number': 3947, 'name': 'Bağdat Cd'}, 'city': 'Yalova', 'state': 'Aydın', 'country': ...</msg>
<var>${json_data}</var>
<arg>${response.json()}</arg>
<doc>Returns the given values which can then be assigned to a variables.</doc>
<status status="PASS" start="2024-04-25T17:14:45.329577" elapsed="0.000493"/>
</kw>
<kw name="Log" owner="BuiltIn">
<msg time="2024-04-25T17:14:45.330538" level="INFO">{'results': [{'gender': 'male', 'name': {'title': 'Mr', 'first': 'Batur', 'last': 'Avan'}, 'location': {'street': {'number': 3947, 'name': 'Bağdat Cd'}, 'city': 'Yalova', 'state': 'Aydın', 'country': 'Turkey', 'postcode': 24998, 'coordinates': {'latitude': '69.4019', 'longitude': '-133.5604'}, 'timezone': {'offset': '-9:00', 'description': 'Alaska'}}, 'email': 'batur.avan@example.com', 'login': {'uuid': '1226df12-4077-4b4a-813b-2289c185ae4b', 'username': 'brownpanda267', 'password': 'beach', 'salt': 'saDCQqNp', 'md5': 'c99fc000ddcdbcf4cf8d8c5188d03636', 'sha1': '257e9be1773b7905f948892e0cc28989b1524c5c', 'sha256': 'ac5762cad3eb103add5764393666d5385fab22587ae44cb0a43538b6cc19cb7e'}, 'dob': {'date': '1953-11-14T12:04:33.799Z', 'age': 70}, 'registered': {'date': '2012-06-29T16:46:20.859Z', 'age': 11}, 'phone': '(705)-368-2661', 'cell': '(388)-071-3979', 'id': {'name': '', 'value': None}, 'picture': {'large': 'https://randomuser.me/api/portraits/men/56.jpg', 'medium': 'https://randomuser.me/api/portraits/med/men/56.jpg', 'thumbnail': 'https://randomuser.me/api/portraits/thumb/men/56.jpg'}, 'nat': 'TR'}], 'info': {'seed': 'e9a59b426048a9d3', 'results': 1, 'page': 1, 'version': '1.4'}}</msg>
<arg>${json_data}</arg>
<doc>Logs the given message with the given level.</doc>
<status status="PASS" start="2024-04-25T17:14:45.330379" elapsed="0.000241"/>
</kw>
<kw name="Should Be String" owner="String">
<arg>${json_data['results'][0]['gender']}</arg>
<doc>Fails if the given ``item`` is not a string.</doc>
<status status="PASS" start="2024-04-25T17:14:45.330964" elapsed="0.000362"/>
</kw>
<kw name="Should Match Regexp" owner="BuiltIn">
<arg>${json_data['results'][0]['email']}</arg>
<arg>^[a-zA-Z0-9._%+-]+@[a-zA-Z0-9.-]+\.[a-zA-Z]{2,}$</arg>
<doc>Fails if ``string`` does not match ``pattern`` as a regular expression.</doc>
<status status="PASS" start="2024-04-25T17:14:45.331521" elapsed="0.000526"/>
</kw>
<kw name="Should Match Regexp" owner="BuiltIn">
<arg>${json_data['results'][0]['dob']['date']}</arg>
<arg>\\d{4}-\\d{2}-\\d{2}T\\d{2}:\\d{2}:\\d{2}\\.\\d{3}Z</arg>
<doc>Fails if ``string`` does not match ``pattern`` as a regular expression.</doc>
<status status="PASS" start="2024-04-25T17:14:45.332242" elapsed="0.000492"/>
</kw>
<kw name="Should Match Regexp" owner="BuiltIn">
<arg>${json_data['results'][0]['registered']['date']}</arg>
<arg>\\d{4}-\\d{2}-\\d{2}T\\d{2}:\\d{2}:\\d{2}\\.\\d{3}Z</arg>
<doc>Fails if ``string`` does not match ``pattern`` as a regular expression.</doc>
<status status="PASS" start="2024-04-25T17:14:45.332927" elapsed="0.000367"/>
</kw>
<kw name="Should Match Regexp" owner="BuiltIn">
<arg>${json_data['results'][0]['picture']['large']}</arg>
<arg>^https?://.*\.(?:png|jpe?g|gif|bmp)$</arg>
<doc>Fails if ``string`` does not match ``pattern`` as a regular expression.</doc>
<status status="PASS" start="2024-04-25T17:14:45.333479" elapsed="0.000472"/>
</kw>
<kw name="Should Match Regexp" owner="BuiltIn">
<arg>${json_data['results'][0]['picture']['medium']}</arg>
<arg>^https?://.*\.(?:png|jpe?g|gif|bmp)$</arg>
<doc>Fails if ``string`` does not match ``pattern`` as a regular expression.</doc>
<status status="PASS" start="2024-04-25T17:14:45.334143" elapsed="0.000371"/>
</kw>
<kw name="Should Match Regexp" owner="BuiltIn">
<arg>${json_data['results'][0]['picture']['thumbnail']}</arg>
<arg>^https?://.*\.(?:png|jpe?g|gif|bmp)$</arg>
<doc>Fails if ``string`` does not match ``pattern`` as a regular expression.</doc>
<status status="PASS" start="2024-04-25T17:14:45.334735" elapsed="0.000376"/>
</kw>
<kw name="Log" owner="BuiltIn">
<msg time="2024-04-25T17:14:45.335624" level="INFO">{'large': 'https://randomuser.me/api/portraits/men/56.jpg', 'medium': 'https://randomuser.me/api/portraits/med/men/56.jpg', 'thumbnail': 'https://randomuser.me/api/portraits/thumb/men/56.jpg'}</msg>
<arg>${json_data['results'][0]['picture']}</arg>
<doc>Logs the given message with the given level.</doc>
<status status="PASS" start="2024-04-25T17:14:45.335297" elapsed="0.000370"/>
</kw>
<status status="PASS" start="2024-04-25T17:14:45.275887" elapsed="0.060053"/>
</kw>
<kw name="Teste de Tipos de Dados - Postcode" owner="random-user-service">
<kw name="GET On Session" owner="RequestsLibrary">
<msg time="2024-04-25T17:14:45.449791" level="INFO">GET Request : url=https://randomuser.me/api 
 path_url=/api 
 headers={'User-Agent': 'python-requests/2.31.0', 'Accept-Encoding': 'gzip, deflate', 'Accept': '*/*', 'Connection': 'keep-alive'} 
 body=None 
 </msg>
<msg time="2024-04-25T17:14:45.449874" level="INFO">GET Response : url=https://randomuser.me/api 
 status=200, reason=OK 
 headers={'Date': 'Thu, 25 Apr 2024 17:14:45 GMT', 'Content-Type': 'application/json; charset=utf-8', 'Transfer-Encoding': 'chunked', 'Connection': 'keep-alive', 'X-Powered-By': 'Express', 'Access-Control-Allow-Origin': '*', 'Cache-Control': 'no-cache', 'ETag': 'W/"490-CmLyxPmlGQIoit94KpjGZwWaHIs"', 'Vary': 'Accept-Encoding', 'Content-Encoding': 'gzip', 'CF-Cache-Status': 'DYNAMIC', 'Report-To': '{"endpoints":[{"url":"https:\\/\\/a.nel.cloudflare.com\\/report\\/v4?s=tL36y1bz9KMyzTR2TQX8CXbW1ZeyfMa0p06qvEQx9O40%2F3Nd3u8rdWgNtGz8zZMnprYvfUOOlpHnm%2FKyn6a6r68Evu43hwR29SDO8BG2Aun6CEQ4OjC%2BqKJi3xQH7mrH"}],"group":"cf-nel","max_age":604800}', 'NEL': '{"success_fraction":0,"report_to":"cf-nel","max_age":604800}', 'Server': 'cloudflare', 'CF-RAY': '879ff8a15f35115f-ORD', 'alt-svc': 'h3=":443"; ma=86400'} 
 body={"results":[{"gender":"female","name":{"title":"Madame","first":"Irena","last":"Vincent"},"location":{"street":{"number":269,"name":"Rue de L'Église"},"city":"Altbüron","state":"Graubünden","country":"Switzerland","postcode":6096,"coordinates":{"latitude":"-57.8675","longitude":"126.9577"},"timezone":{"offset":"-3:30","description":"Newfoundland"}},"email":"irena.vincent@example.com","login":{"uuid":"6f350905-9bf6-40cf-8ec1-4ecc499136f3","username":"bigfish902","password":"rrrrrrrr","salt":"R8ydY7I6","md5":"62189967842e8958346d2777b84a3f32","sha1":"9a4d655fcd6cdf5a2f374facdac2c219bea3a31a","sha256":"6da7e0acba7527b3cd1e5b21c4479e133087a9e568dd171e3c0edf1fefe23ad7"},"dob":{"date":"1988-11-14T09:38:52.405Z","age":35},"registered":{"date":"2017-10-26T20:44:13.428Z","age":6},"phone":"075 239 26 94","cell":"079 724 19 90","id":{"name":"AVS","value":"756.2607.9140.40"},"picture":{"large":"https://randomuser.me/api/portraits/women/29.jpg","medium":"https://randomuser.me/api/portraits/med/women/29.jpg","thumbnail":"https://randomuser.me/api/portraits/thumb/women/29.jpg"},"nat":"CH"}],"info":{"seed":"e7e020d2f01e9947","results":1,"page":1,"version":"1.4"}} 
 </msg>
<msg time="2024-04-25T17:14:45.449951" level="INFO">/opt/hostedtoolcache/Python/3.12.3/x64/lib/python3.12/site-packages/urllib3/connectionpool.py:1103: InsecureRequestWarning: Unverified HTTPS request is being made to host 'randomuser.me'. Adding certificate verification is strongly advised. See: https://urllib3.readthedocs.io/en/latest/advanced-usage.html#tls-warnings
  warnings.warn(</msg>
<msg time="2024-04-25T17:14:45.450061" level="INFO">${response} = &lt;Response [200]&gt;</msg>
<var>${response}</var>
<arg>consultarAPI</arg>
<arg>/api</arg>
<doc>Sends a GET request on a previously created HTTP Session.</doc>
<status status="PASS" start="2024-04-25T17:14:45.336455" elapsed="0.113645"/>
</kw>
<kw name="Set Variable" owner="BuiltIn">
<msg time="2024-04-25T17:14:45.451064" level="INFO">${json_data} = {'results': [{'gender': 'female', 'name': {'title': 'Madame', 'first': 'Irena', 'last': 'Vincent'}, 'location': {'street': {'number': 269, 'name': "Rue de L'Église"}, 'city': 'Altbüron', 'state': 'Gra...</msg>
<var>${json_data}</var>
<arg>${response.json()}</arg>
<doc>Returns the given values which can then be assigned to a variables.</doc>
<status status="PASS" start="2024-04-25T17:14:45.450565" elapsed="0.000528"/>
</kw>
<kw name="Log" owner="BuiltIn">
<msg time="2024-04-25T17:14:45.451560" level="INFO">{'results': [{'gender': 'female', 'name': {'title': 'Madame', 'first': 'Irena', 'last': 'Vincent'}, 'location': {'street': {'number': 269, 'name': "Rue de L'Église"}, 'city': 'Altbüron', 'state': 'Graubünden', 'country': 'Switzerland', 'postcode': 6096, 'coordinates': {'latitude': '-57.8675', 'longitude': '126.9577'}, 'timezone': {'offset': '-3:30', 'description': 'Newfoundland'}}, 'email': 'irena.vincent@example.com', 'login': {'uuid': '6f350905-9bf6-40cf-8ec1-4ecc499136f3', 'username': 'bigfish902', 'password': 'rrrrrrrr', 'salt': 'R8ydY7I6', 'md5': '62189967842e8958346d2777b84a3f32', 'sha1': '9a4d655fcd6cdf5a2f374facdac2c219bea3a31a', 'sha256': '6da7e0acba7527b3cd1e5b21c4479e133087a9e568dd171e3c0edf1fefe23ad7'}, 'dob': {'date': '1988-11-14T09:38:52.405Z', 'age': 35}, 'registered': {'date': '2017-10-26T20:44:13.428Z', 'age': 6}, 'phone': '075 239 26 94', 'cell': '079 724 19 90', 'id': {'name': 'AVS', 'value': '756.2607.9140.40'}, 'picture': {'large': 'https://randomuser.me/api/portraits/women/29.jpg', 'medium': 'https://randomuser.me/api/portraits/med/women/29.jpg', 'thumbnail': 'https://randomuser.me/api/portraits/thumb/women/29.jpg'}, 'nat': 'CH'}], 'info': {'seed': 'e7e020d2f01e9947', 'results': 1, 'page': 1, 'version': '1.4'}}</msg>
<arg>${json_data}</arg>
<doc>Logs the given message with the given level.</doc>
<status status="PASS" start="2024-04-25T17:14:45.451401" elapsed="0.000240"/>
</kw>
<kw name="Should Be Equal As Numbers" owner="BuiltIn">
<arg>${json_data['results'][0]['location']['postcode']}</arg>
<arg>${json_data['results'][0]['location']['postcode']}</arg>
<doc>Fails if objects are unequal after converting them to real numbers.</doc>
<status status="PASS" start="2024-04-25T17:14:45.451943" elapsed="0.000755"/>
</kw>
<kw name="Log" owner="BuiltIn">
<msg time="2024-04-25T17:14:45.453232" level="INFO">6096</msg>
<arg>${json_data['results'][0]['location']['postcode']}</arg>
<doc>Logs the given message with the given level.</doc>
<status status="PASS" start="2024-04-25T17:14:45.452893" elapsed="0.000380"/>
</kw>
<status status="PASS" start="2024-04-25T17:14:45.336163" elapsed="0.117358"/>
</kw>
<doc>Testa se os tipos de dados na resposta da API estão corretos.</doc>
<tag>testeTiposDados</tag>
<status status="PASS" start="2024-04-25T17:14:45.275436" elapsed="0.178245"/>
</test>
<test id="s1-s1-t5" name="Validar conteudo" line="35">
<kw name="Teste de Tipos de Conteudo" owner="random-user-service">
<kw name="GET On Session" owner="RequestsLibrary">
<msg time="2024-04-25T17:14:45.553221" level="INFO">GET Request : url=https://randomuser.me/api 
 path_url=/api 
 headers={'User-Agent': 'python-requests/2.31.0', 'Accept-Encoding': 'gzip, deflate', 'Accept': '*/*', 'Connection': 'keep-alive'} 
 body=None 
 </msg>
<msg time="2024-04-25T17:14:45.553331" level="INFO">GET Response : url=https://randomuser.me/api 
 status=200, reason=OK 
 headers={'Date': 'Thu, 25 Apr 2024 17:14:45 GMT', 'Content-Type': 'application/json; charset=utf-8', 'Transfer-Encoding': 'chunked', 'Connection': 'keep-alive', 'X-Powered-By': 'Express', 'Access-Control-Allow-Origin': '*', 'Cache-Control': 'no-cache', 'ETag': 'W/"4b6-fllsi46l3qdLRbcb3l08X+bbsio"', 'Vary': 'Accept-Encoding', 'Content-Encoding': 'gzip', 'CF-Cache-Status': 'DYNAMIC', 'Report-To': '{"endpoints":[{"url":"https:\\/\\/a.nel.cloudflare.com\\/report\\/v4?s=syBSA8oD94742QRrR%2FboNwwZ3epWHyUyZJv%2BXJDwZdZiUpMk3MLWG9fZSdffSZiWR8TpD97vQQJB7KVfZNzfEVA8G%2Fk%2FAcNXa2YORYyoKezG6odgDNxkr7PA%2BSKFBj1Q"}],"group":"cf-nel","max_age":604800}', 'NEL': '{"success_fraction":0,"report_to":"cf-nel","max_age":604800}', 'Server': 'cloudflare', 'CF-RAY': '879ff8a2187c115f-ORD', 'alt-svc': 'h3=":443"; ma=86400'} 
 body={"results":[{"gender":"female","name":{"title":"Madame","first":"Ljubica","last":"Rousseau"},"location":{"street":{"number":2041,"name":"Rue Louis-Garrand"},"city":"Birsfelden","state":"Uri","country":"Switzerland","postcode":1262,"coordinates":{"latitude":"-62.8370","longitude":"92.1673"},"timezone":{"offset":"0:00","description":"Western Europe Time, London, Lisbon, Casablanca"}},"email":"ljubica.rousseau@example.com","login":{"uuid":"9e973e1d-782d-429b-8159-f607ed0eda68","username":"organicwolf476","password":"england","salt":"Fk1kKSWg","md5":"33acb2b7054d772b50203ad6ab92428c","sha1":"bafb2114463480062646a7f8cb4254b999c69c77","sha256":"31564609810fd66469c2ecabd2d0e9b45eb808ba9647ec1a831906f35f7cd5fe"},"dob":{"date":"1946-10-29T22:17:04.022Z","age":77},"registered":{"date":"2011-10-29T10:34:05.329Z","age":12},"phone":"079 864 52 22","cell":"078 622 64 42","id":{"name":"AVS","value":"756.4350.4959.53"},"picture":{"large":"https://randomuser.me/api/portraits/women/88.jpg","medium":"https://randomuser.me/api/portraits/med/women/88.jpg","thumbnail":"https://randomuser.me/api/portraits/thumb/women/88.jpg"},"nat":"CH"}],"info":{"seed":"1c31b460cf43231b","results":1,"page":1,"version":"1.4"}} 
 </msg>
<msg time="2024-04-25T17:14:45.553417" level="INFO">/opt/hostedtoolcache/Python/3.12.3/x64/lib/python3.12/site-packages/urllib3/connectionpool.py:1103: InsecureRequestWarning: Unverified HTTPS request is being made to host 'randomuser.me'. Adding certificate verification is strongly advised. See: https://urllib3.readthedocs.io/en/latest/advanced-usage.html#tls-warnings
  warnings.warn(</msg>
<msg time="2024-04-25T17:14:45.553556" level="INFO">${response} = &lt;Response [200]&gt;</msg>
<var>${response}</var>
<arg>consultarAPI</arg>
<arg>/api</arg>
<doc>Sends a GET request on a previously created HTTP Session.</doc>
<status status="PASS" start="2024-04-25T17:14:45.456130" elapsed="0.097475"/>
</kw>
<kw name="Set Variable" owner="BuiltIn">
<msg time="2024-04-25T17:14:45.554630" level="INFO">${json_data} = {'results': [{'gender': 'female', 'name': {'title': 'Madame', 'first': 'Ljubica', 'last': 'Rousseau'}, 'location': {'street': {'number': 2041, 'name': 'Rue Louis-Garrand'}, 'city': 'Birsfelden', 'stat...</msg>
<var>${json_data}</var>
<arg>${response.json()}</arg>
<doc>Returns the given values which can then be assigned to a variables.</doc>
<status status="PASS" start="2024-04-25T17:14:45.554109" elapsed="0.000586"/>
</kw>
<kw name="Set Variable" owner="BuiltIn">
<msg time="2024-04-25T17:14:45.555458" level="INFO">${name_title} = Madame</msg>
<var>${name_title}</var>
<arg>${json_data["results"][0]["name"]["title"]}</arg>
<doc>Returns the given values which can then be assigned to a variables.</doc>
<status status="PASS" start="2024-04-25T17:14:45.555044" elapsed="0.000441"/>
</kw>
<kw name="Create List" owner="BuiltIn">
<msg time="2024-04-25T17:14:45.555954" level="INFO">${allowed_titles} = ['Mr', 'Ms', 'Miss', 'Mrs', 'Madame', 'Monsieur']</msg>
<var>${allowed_titles}</var>
<arg>Mr</arg>
<arg>Ms</arg>
<arg>Miss</arg>
<arg>Mrs</arg>
<arg>Madame</arg>
<arg>Monsieur</arg>
<doc>Returns a list containing given items.</doc>
<status status="PASS" start="2024-04-25T17:14:45.555799" elapsed="0.000180"/>
</kw>
<kw name="List Should Contain Value" owner="Collections">
<msg time="2024-04-25T17:14:45.556466" level="INFO">False</msg>
<arg>${allowed_titles}</arg>
<arg>${name_title}</arg>
<doc>Fails if the ``value`` is not found from ``list``.</doc>
<status status="PASS" start="2024-04-25T17:14:45.556287" elapsed="0.000217"/>
</kw>
<kw name="Set Variable" owner="BuiltIn">
<msg time="2024-04-25T17:14:45.557189" level="INFO">${name_country} = CH</msg>
<var>${name_country}</var>
<arg>${json_data["results"][0]["nat"]}</arg>
<doc>Returns the given values which can then be assigned to a variables.</doc>
<status status="PASS" start="2024-04-25T17:14:45.556799" elapsed="0.000415"/>
</kw>
<kw name="Create List" owner="BuiltIn">
<msg time="2024-04-25T17:14:45.558105" level="INFO">${list_country} = ['AD', 'AE', 'AF', 'AG', 'AI', 'AL', 'AM', 'AO', 'AQ', 'AR', 'AS', 'AT', 'AU', 'AW', 'AX', 'AZ', 'BA', 'BB', 'BD', 'BE', 'BF', 'BG', 'BH', 'BI', 'BJ', 'BL', 'BM', 'BN', 'BO', 'BQ', 'BR', 'BS', 'BT', '...</msg>
<var>${list_country}</var>
<arg>AD</arg>
<arg>AE</arg>
<arg>AF</arg>
<arg>AG</arg>
<arg>AI</arg>
<arg>AL</arg>
<arg>AM</arg>
<arg>AO</arg>
<arg>AQ</arg>
<arg>AR</arg>
<arg>AS</arg>
<arg>AT</arg>
<arg>AU</arg>
<arg>AW</arg>
<arg>AX</arg>
<arg>AZ</arg>
<arg>BA</arg>
<arg>BB</arg>
<arg>BD</arg>
<arg>BE</arg>
<arg>BF</arg>
<arg>BG</arg>
<arg>BH</arg>
<arg>BI</arg>
<arg>BJ</arg>
<arg>BL</arg>
<arg>BM</arg>
<arg>BN</arg>
<arg>BO</arg>
<arg>BQ</arg>
<arg>BR</arg>
<arg>BS</arg>
<arg>BT</arg>
<arg>BV</arg>
<arg>BW</arg>
<arg>BY</arg>
<arg>BZ</arg>
<arg>CA</arg>
<arg>CC</arg>
<arg>CD</arg>
<arg>CF</arg>
<arg>CG</arg>
<arg>CH</arg>
<arg>CI</arg>
<arg>CK</arg>
<arg>CL</arg>
<arg>CM</arg>
<arg>CN</arg>
<arg>CO</arg>
<arg>CR</arg>
<arg>CU</arg>
<arg>CV</arg>
<arg>CW</arg>
<arg>CX</arg>
<arg>CY</arg>
<arg>CZ</arg>
<arg>DE</arg>
<arg>DJ</arg>
<arg>DK</arg>
<arg>DM</arg>
<arg>DO</arg>
<arg>DZ</arg>
<arg>EC</arg>
<arg>EE</arg>
<arg>EG</arg>
<arg>EH</arg>
<arg>ER</arg>
<arg>ES</arg>
<arg>ET</arg>
<arg>FI</arg>
<arg>FJ</arg>
<arg>FK</arg>
<arg>FM</arg>
<arg>FO</arg>
<arg>FR</arg>
<arg>GA</arg>
<arg>GB</arg>
<arg>GD</arg>
<arg>GE</arg>
<arg>GF</arg>
<arg>GG</arg>
<arg>GH</arg>
<arg>GI</arg>
<arg>GL</arg>
<arg>GM</arg>
<arg>GN</arg>
<arg>GP</arg>
<arg>GQ</arg>
<arg>GR</arg>
<arg>GS</arg>
<arg>GT</arg>
<arg>GU</arg>
<arg>GW</arg>
<arg>GY</arg>
<arg>HK</arg>
<arg>HM</arg>
<arg>HN</arg>
<arg>HR</arg>
<arg>HT</arg>
<arg>HU</arg>
<arg>ID</arg>
<arg>IE</arg>
<arg>IL</arg>
<arg>IM</arg>
<arg>IN</arg>
<arg>IO</arg>
<arg>IQ</arg>
<arg>IR</arg>
<arg>IS</arg>
<arg>IT</arg>
<arg>JE</arg>
<arg>JM</arg>
<arg>JO</arg>
<arg>JP</arg>
<arg>KE</arg>
<arg>KG</arg>
<arg>KH</arg>
<arg>KI</arg>
<arg>KM</arg>
<arg>KN</arg>
<arg>KP</arg>
<arg>KR</arg>
<arg>KW</arg>
<arg>KY</arg>
<arg>KZ</arg>
<arg>LA</arg>
<arg>LB</arg>
<arg>LC</arg>
<arg>LI</arg>
<arg>LK</arg>
<arg>LR</arg>
<arg>LS</arg>
<arg>LT</arg>
<arg>LU</arg>
<arg>LV</arg>
<arg>LY</arg>
<arg>MA</arg>
<arg>MC</arg>
<arg>MD</arg>
<arg>ME</arg>
<arg>MF</arg>
<arg>MG</arg>
<arg>MH</arg>
<arg>MK</arg>
<arg>ML</arg>
<arg>MM</arg>
<arg>MN</arg>
<arg>MO</arg>
<arg>MP</arg>
<arg>MQ</arg>
<arg>MR</arg>
<arg>MS</arg>
<arg>MT</arg>
<arg>MU</arg>
<arg>MV</arg>
<arg>MW</arg>
<arg>MX</arg>
<arg>MY</arg>
<arg>MZ</arg>
<arg>NA</arg>
<arg>NC</arg>
<arg>NE</arg>
<arg>NF</arg>
<arg>NG</arg>
<arg>NI</arg>
<arg>NL</arg>
<arg>NO</arg>
<arg>NP</arg>
<arg>NR</arg>
<arg>NU</arg>
<arg>NZ</arg>
<arg>OM</arg>
<arg>PA</arg>
<arg>PE</arg>
<arg>PF</arg>
<arg>PG</arg>
<arg>PH</arg>
<arg>PK</arg>
<arg>PL</arg>
<arg>PM</arg>
<arg>PN</arg>
<arg>PR</arg>
<arg>PS</arg>
<arg>PT</arg>
<arg>PW</arg>
<arg>PY</arg>
<arg>QA</arg>
<arg>RE</arg>
<arg>RO</arg>
<arg>RS</arg>
<arg>RU</arg>
<arg>RW</arg>
<arg>SA</arg>
<arg>SB</arg>
<arg>SC</arg>
<arg>SD</arg>
<arg>SE</arg>
<arg>SG</arg>
<arg>SH</arg>
<arg>SI</arg>
<arg>SJ</arg>
<arg>SK</arg>
<arg>SL</arg>
<arg>SM</arg>
<arg>SN</arg>
<arg>SO</arg>
<arg>SR</arg>
<arg>SS</arg>
<arg>ST</arg>
<arg>SV</arg>
<arg>SX</arg>
<arg>SY</arg>
<arg>SZ</arg>
<arg>TC</arg>
<arg>TD</arg>
<arg>TF</arg>
<arg>TG</arg>
<arg>TH</arg>
<arg>TJ</arg>
<arg>TK</arg>
<arg>TL</arg>
<arg>TM</arg>
<arg>TN</arg>
<arg>TO</arg>
<arg>TR</arg>
<arg>TT</arg>
<arg>TV</arg>
<arg>TW</arg>
<arg>TZ</arg>
<arg>UA</arg>
<arg>UG</arg>
<arg>UM</arg>
<arg>US</arg>
<arg>UY</arg>
<arg>UZ</arg>
<arg>VA</arg>
<arg>VC</arg>
<arg>VE</arg>
<arg>VG</arg>
<arg>VI</arg>
<arg>VN</arg>
<arg>VU</arg>
<arg>WF</arg>
<arg>WS</arg>
<arg>XK</arg>
<arg>YE</arg>
<arg>YT</arg>
<arg>ZA</arg>
<arg>ZM</arg>
<arg>ZW</arg>
<doc>Returns a list containing given items.</doc>
<status status="PASS" start="2024-04-25T17:14:45.557522" elapsed="0.000609"/>
</kw>
<kw name="List Should Contain Value" owner="Collections">
<msg time="2024-04-25T17:14:45.559179" level="INFO">False</msg>
<arg>${list_country}</arg>
<arg>${name_country}</arg>
<doc>Fails if the ``value`` is not found from ``list``.</doc>
<status status="PASS" start="2024-04-25T17:14:45.558970" elapsed="0.000247"/>
</kw>
<kw name="Run Keyword If" owner="BuiltIn">
<kw name="Should Be True" owner="BuiltIn">
<arg>${True}</arg>
<doc>Fails if the given condition is not true.</doc>
<status status="PASS" start="2024-04-25T17:14:45.560315" elapsed="0.000147"/>
</kw>
<arg>${json_data["results"][0]["location"]["coordinates"]["latitude"]} &gt;= -90 and ${json_data["results"][0]["location"]["coordinates"]["latitude"]} &lt;= 90</arg>
<arg>Should Be True</arg>
<arg>${True}</arg>
<doc>Runs the given keyword with the given arguments, if ``condition`` is true.</doc>
<status status="PASS" start="2024-04-25T17:14:45.559538" elapsed="0.001053"/>
</kw>
<kw name="Run Keyword If" owner="BuiltIn">
<kw name="Should Be True" owner="BuiltIn">
<arg>${True}</arg>
<doc>Fails if the given condition is not true.</doc>
<status status="PASS" start="2024-04-25T17:14:45.561493" elapsed="0.000260"/>
</kw>
<arg>${json_data["results"][0]["location"]["coordinates"]["longitude"]} &gt;= -180 and ${json_data["results"][0]["location"]["coordinates"]["longitude"]} &lt;= 180</arg>
<arg>Should Be True</arg>
<arg>${True}</arg>
<doc>Runs the given keyword with the given arguments, if ``condition`` is true.</doc>
<status status="PASS" start="2024-04-25T17:14:45.560786" elapsed="0.001098"/>
</kw>
<status status="PASS" start="2024-04-25T17:14:45.455909" elapsed="0.106110"/>
</kw>
<doc>Testa o conteúdo específico dos campos retornados pela API.</doc>
<tag>testeConteudo</tag>
<status status="PASS" start="2024-04-25T17:14:45.455473" elapsed="0.106699"/>
</test>
<status status="PASS" start="2024-04-25T17:14:44.744569" elapsed="0.819634"/>
</suite>
<status status="PASS" start="2024-04-25T17:14:44.731094" elapsed="0.838260"/>
</suite>
<statistics>
<total>
<stat pass="5" fail="0" skip="0">All Tests</stat>
</total>
<tag>
<stat pass="1" fail="0" skip="0">testeConteudo</stat>
<stat pass="1" fail="0" skip="0">testeEstruturaResposta</stat>
<stat pass="1" fail="0" skip="0">testeRequisicaoBasica</stat>
<stat pass="1" fail="0" skip="0">testeTiposDados</stat>
</tag>
<suite>
<stat pass="5" fail="0" skip="0" id="s1" name="Tests">Tests</stat>
<stat pass="5" fail="0" skip="0" id="s1-s1" name="Random-User-Test">Tests.Random-User-Test</stat>
</suite>
</statistics>
<errors>
</errors>
</robot>
