<?xml version="1.0" encoding="UTF-8"?>
<robot generator="Robot 7.0 (Python 3.12.3 on linux)" generated="2024-06-09T02:33:47.544957" rpa="false" schemaversion="5">
<suite id="s1" name="Tests" source="/home/runner/work/ApiRandomUser/ApiRandomUser/RamdonUser/tests">
<suite id="s1-s1" name="Random-User-Test" source="/home/runner/work/ApiRandomUser/ApiRandomUser/RamdonUser/tests/random-user-test.robot">
<test id="s1-s1-t1" name="Conectar" line="13">
<kw name="Conectar API" owner="random-user-service">
<kw name="Create Session" owner="RequestsLibrary">
<msg time="2024-06-09T02:33:47.973553" level="INFO">Creating Session using : alias=consultarAPI, url=https://randomuser.me/, headers={},                     cookies={}, auth=None, timeout=None, proxies=None, verify=False,                     debug=0 </msg>
<arg>consultarAPI</arg>
<arg>${URL}</arg>
<doc>Create Session: create a HTTP session to a server</doc>
<status status="PASS" start="2024-06-09T02:33:47.973327" elapsed="0.000415"/>
</kw>
<status status="PASS" start="2024-06-09T02:33:47.972210" elapsed="0.001920"/>
</kw>
<status status="PASS" start="2024-06-09T02:33:47.971606" elapsed="0.002773"/>
</test>
<test id="s1-s1-t2" name="Validar retorno 200 e JSON Válido" line="16">
<kw name="Teste de Requisicao Basica" owner="random-user-service">
<kw name="GET On Session" owner="RequestsLibrary">
<msg time="2024-06-09T02:33:48.094235" level="INFO">GET Request : url=https://randomuser.me/api 
 path_url=/api 
 headers={'User-Agent': 'python-requests/2.32.3', 'Accept-Encoding': 'gzip, deflate', 'Accept': '*/*', 'Connection': 'keep-alive'} 
 body=None 
 </msg>
<msg time="2024-06-09T02:33:48.094399" level="INFO">GET Response : url=https://randomuser.me/api 
 status=200, reason=OK 
 headers={'Date': 'Sun, 09 Jun 2024 02:33:48 GMT', 'Content-Type': 'application/json; charset=utf-8', 'Transfer-Encoding': 'chunked', 'Connection': 'keep-alive', 'X-Powered-By': 'Express', 'Access-Control-Allow-Origin': '*', 'Cache-Control': 'no-cache', 'ETag': 'W/"48b-Ebqikdi5RopUZR0+GL8ClnxzSsc"', 'Vary': 'Accept-Encoding', 'Content-Encoding': 'gzip', 'CF-Cache-Status': 'DYNAMIC', 'Report-To': '{"endpoints":[{"url":"https:\\/\\/a.nel.cloudflare.com\\/report\\/v4?s=CdYkO0rkUZ61cQjpjhkPsyWbxt7nLFMOkac%2BaDK8d%2BCPG4RLa4qid3Dpxy3A19whoRFpRMGdJG3bO%2Btjpd1ZxUxEGqww9nlTP%2Fti6cfPTxkHPcQrqm21Np20xANZxshh"}],"group":"cf-nel","max_age":604800}', 'NEL': '{"success_fraction":0,"report_to":"cf-nel","max_age":604800}', 'Server': 'cloudflare', 'CF-RAY': '890db80b0cbf2393-SJC', 'alt-svc': 'h3=":443"; ma=86400'} 
 body={"results":[{"gender":"female","name":{"title":"Miss","first":"Julia","last":"Polon"},"location":{"street":{"number":8657,"name":"Verkatehtaankatu"},"city":"Korsholm","state":"Päijät-Häme","country":"Finland","postcode":81721,"coordinates":{"latitude":"-24.4372","longitude":"148.5891"},"timezone":{"offset":"-3:30","description":"Newfoundland"}},"email":"julia.polon@example.com","login":{"uuid":"6b25df59-c74e-471f-b7ec-84ad4098bf05","username":"smallleopard335","password":"truck","salt":"Dp6Dg0SD","md5":"c5b0c00df99bce613ca60aff759a18e0","sha1":"1aa679041893f0b452ac749d0b6d462f5b1efec1","sha256":"15582898140f9b68c2821ed9382b8551fe6b7af1a169c6ffaf5684820316abd3"},"dob":{"date":"1982-01-20T22:38:56.303Z","age":42},"registered":{"date":"2019-03-16T11:33:18.304Z","age":5},"phone":"02-657-903","cell":"042-452-98-48","id":{"name":"HETU","value":"NaNNA852undefined"},"picture":{"large":"https://randomuser.me/api/portraits/women/25.jpg","medium":"https://randomuser.me/api/portraits/med/women/25.jpg","thumbnail":"https://randomuser.me/api/portraits/thumb/women/25.jpg"},"nat":"FI"}],"info":{"seed":"e9f784d42624bc54","results":1,"page":1,"version":"1.4"}} 
 </msg>
<msg time="2024-06-09T02:33:48.094489" level="INFO">/opt/hostedtoolcache/Python/3.12.3/x64/lib/python3.12/site-packages/urllib3/connectionpool.py:1103: InsecureRequestWarning: Unverified HTTPS request is being made to host 'randomuser.me'. Adding certificate verification is strongly advised. See: https://urllib3.readthedocs.io/en/latest/advanced-usage.html#tls-warnings
  warnings.warn(</msg>
<msg time="2024-06-09T02:33:48.094632" level="INFO">${response} = &lt;Response [200]&gt;</msg>
<var>${response}</var>
<arg>consultarAPI</arg>
<arg>/api</arg>
<doc>Sends a GET request on a previously created HTTP Session.</doc>
<status status="PASS" start="2024-06-09T02:33:47.977068" elapsed="0.117598"/>
</kw>
<kw name="Should Be Equal As Numbers" owner="BuiltIn">
<msg time="2024-06-09T02:33:48.095741" level="INFO">Argument types are:
&lt;class 'int'&gt;
&lt;class 'str'&gt;</msg>
<arg>${response.status_code}</arg>
<arg>200</arg>
<doc>Fails if objects are unequal after converting them to real numbers.</doc>
<status status="PASS" start="2024-06-09T02:33:48.095250" elapsed="0.000564"/>
</kw>
<kw name="Log" owner="BuiltIn">
<msg time="2024-06-09T02:33:48.096627" level="INFO">200</msg>
<arg>${response.status_code}</arg>
<doc>Logs the given message with the given level.</doc>
<status status="PASS" start="2024-06-09T02:33:48.096241" elapsed="0.000437"/>
</kw>
<kw name="Set Variable" owner="BuiltIn">
<msg time="2024-06-09T02:33:48.097493" level="INFO">${json_data} = {'results': [{'gender': 'female', 'name': {'title': 'Miss', 'first': 'Julia', 'last': 'Polon'}, 'location': {'street': {'number': 8657, 'name': 'Verkatehtaankatu'}, 'city': 'Korsholm', 'state': 'Päijä...</msg>
<var>${json_data}</var>
<arg>${response.json()}</arg>
<doc>Returns the given values which can then be assigned to a variables.</doc>
<status status="PASS" start="2024-06-09T02:33:48.097021" elapsed="0.000502"/>
</kw>
<kw name="Dictionary Should Contain Key" owner="Collections">
<msg time="2024-06-09T02:33:48.098029" level="INFO">False</msg>
<arg>${json_data}</arg>
<arg>results</arg>
<doc>Fails if ``key`` is not found from ``dictionary``.</doc>
<status status="PASS" start="2024-06-09T02:33:48.097849" elapsed="0.000442"/>
</kw>
<status status="PASS" start="2024-06-09T02:33:47.976798" elapsed="0.121775"/>
</kw>
<doc>Testa se a API responde corretamente e retorna um objeto JSON válido.</doc>
<tag>testeRequisicaoBasica</tag>
<status status="PASS" start="2024-06-09T02:33:47.976299" elapsed="0.122464"/>
</test>
<test id="s1-s1-t3" name="Validar estrutura de resposta" line="22">
<kw name="Teste de Estrutura de Resposta" owner="random-user-service">
<kw name="GET On Session" owner="RequestsLibrary">
<msg time="2024-06-09T02:33:48.188982" level="INFO">GET Request : url=https://randomuser.me/api 
 path_url=/api 
 headers={'User-Agent': 'python-requests/2.32.3', 'Accept-Encoding': 'gzip, deflate', 'Accept': '*/*', 'Connection': 'keep-alive'} 
 body=None 
 </msg>
<msg time="2024-06-09T02:33:48.189084" level="INFO">GET Response : url=https://randomuser.me/api 
 status=200, reason=OK 
 headers={'Date': 'Sun, 09 Jun 2024 02:33:48 GMT', 'Content-Type': 'application/json; charset=utf-8', 'Transfer-Encoding': 'chunked', 'Connection': 'keep-alive', 'X-Powered-By': 'Express', 'Access-Control-Allow-Origin': '*', 'Cache-Control': 'no-cache', 'ETag': 'W/"473-BG0ALbuAMje4RfH/Uqxb6Bh4PE0"', 'Vary': 'Accept-Encoding', 'Content-Encoding': 'gzip', 'CF-Cache-Status': 'DYNAMIC', 'Report-To': '{"endpoints":[{"url":"https:\\/\\/a.nel.cloudflare.com\\/report\\/v4?s=nlnBZ2YpTXdZldkcxjoRMZvXa8%2BnuRi%2F4iCv39DtSmwMoUHarERMC%2BEpYLMEmgX%2FXqC3XBDsRk316VfAQn12Ds3OHxvbFgDWao69vsDV6bZ1L9Xp%2BjMKSLgNsgmx96gd"}],"group":"cf-nel","max_age":604800}', 'NEL': '{"success_fraction":0,"report_to":"cf-nel","max_age":604800}', 'Server': 'cloudflare', 'CF-RAY': '890db80bad242393-SJC', 'alt-svc': 'h3=":443"; ma=86400'} 
 body={"results":[{"gender":"male","name":{"title":"Mr","first":"Tvorilad","last":"Rudik"},"location":{"street":{"number":1067,"name":"2-y provulok Chehova"},"city":"Saki","state":"Odeska","country":"Ukraine","postcode":45650,"coordinates":{"latitude":"76.5047","longitude":"-169.9179"},"timezone":{"offset":"-3:30","description":"Newfoundland"}},"email":"tvorilad.rudik@example.com","login":{"uuid":"db51fc96-5280-4ca9-a3dd-77374a088a6d","username":"ticklishsnake502","password":"chico","salt":"tlGaXOKx","md5":"e12de9232cb0bac6288fdfc59c62749f","sha1":"c69e3b6227ee9c3f8c7dbe74ae6c56b2f792edfe","sha256":"dc43336aa4d96717331b7899e20fe3421bab6e0caf4f41518732748ff912f0c0"},"dob":{"date":"1970-02-11T13:24:27.332Z","age":54},"registered":{"date":"2006-12-29T10:41:19.004Z","age":17},"phone":"(068) Q05-5648","cell":"(098) C15-5269","id":{"name":"","value":null},"picture":{"large":"https://randomuser.me/api/portraits/men/44.jpg","medium":"https://randomuser.me/api/portraits/med/men/44.jpg","thumbnail":"https://randomuser.me/api/portraits/thumb/men/44.jpg"},"nat":"UA"}],"info":{"seed":"703b587872856697","results":1,"page":1,"version":"1.4"}} 
 </msg>
<msg time="2024-06-09T02:33:48.189218" level="INFO">/opt/hostedtoolcache/Python/3.12.3/x64/lib/python3.12/site-packages/urllib3/connectionpool.py:1103: InsecureRequestWarning: Unverified HTTPS request is being made to host 'randomuser.me'. Adding certificate verification is strongly advised. See: https://urllib3.readthedocs.io/en/latest/advanced-usage.html#tls-warnings
  warnings.warn(</msg>
<msg time="2024-06-09T02:33:48.189351" level="INFO">${response} = &lt;Response [200]&gt;</msg>
<var>${response}</var>
<arg>consultarAPI</arg>
<arg>/api</arg>
<doc>Sends a GET request on a previously created HTTP Session.</doc>
<status status="PASS" start="2024-06-09T02:33:48.101411" elapsed="0.087970"/>
</kw>
<kw name="Set Variable" owner="BuiltIn">
<msg time="2024-06-09T02:33:48.190568" level="INFO">${json_data} = {'results': [{'gender': 'male', 'name': {'title': 'Mr', 'first': 'Tvorilad', 'last': 'Rudik'}, 'location': {'street': {'number': 1067, 'name': '2-y provulok Chehova'}, 'city': 'Saki', 'state': 'Odeska...</msg>
<var>${json_data}</var>
<arg>${response.json()}</arg>
<doc>Returns the given values which can then be assigned to a variables.</doc>
<status status="PASS" start="2024-06-09T02:33:48.189977" elapsed="0.000623"/>
</kw>
<kw name="Log" owner="BuiltIn">
<msg time="2024-06-09T02:33:48.191153" level="INFO">{'results': [{'gender': 'male', 'name': {'title': 'Mr', 'first': 'Tvorilad', 'last': 'Rudik'}, 'location': {'street': {'number': 1067, 'name': '2-y provulok Chehova'}, 'city': 'Saki', 'state': 'Odeska', 'country': 'Ukraine', 'postcode': 45650, 'coordinates': {'latitude': '76.5047', 'longitude': '-169.9179'}, 'timezone': {'offset': '-3:30', 'description': 'Newfoundland'}}, 'email': 'tvorilad.rudik@example.com', 'login': {'uuid': 'db51fc96-5280-4ca9-a3dd-77374a088a6d', 'username': 'ticklishsnake502', 'password': 'chico', 'salt': 'tlGaXOKx', 'md5': 'e12de9232cb0bac6288fdfc59c62749f', 'sha1': 'c69e3b6227ee9c3f8c7dbe74ae6c56b2f792edfe', 'sha256': 'dc43336aa4d96717331b7899e20fe3421bab6e0caf4f41518732748ff912f0c0'}, 'dob': {'date': '1970-02-11T13:24:27.332Z', 'age': 54}, 'registered': {'date': '2006-12-29T10:41:19.004Z', 'age': 17}, 'phone': '(068) Q05-5648', 'cell': '(098) C15-5269', 'id': {'name': '', 'value': None}, 'picture': {'large': 'https://randomuser.me/api/portraits/men/44.jpg', 'medium': 'https://randomuser.me/api/portraits/med/men/44.jpg', 'thumbnail': 'https://randomuser.me/api/portraits/thumb/men/44.jpg'}, 'nat': 'UA'}], 'info': {'seed': '703b587872856697', 'results': 1, 'page': 1, 'version': '1.4'}}</msg>
<arg>${json_data}</arg>
<doc>Logs the given message with the given level.</doc>
<status status="PASS" start="2024-06-09T02:33:48.190977" elapsed="0.000227"/>
</kw>
<kw name="Dictionary Should Contain Key" owner="Collections">
<msg time="2024-06-09T02:33:48.191723" level="INFO">False</msg>
<arg>${json_data}</arg>
<arg>results</arg>
<doc>Fails if ``key`` is not found from ``dictionary``.</doc>
<status status="PASS" start="2024-06-09T02:33:48.191548" elapsed="0.000215"/>
</kw>
<kw name="Should Not Be Empty" owner="BuiltIn">
<msg time="2024-06-09T02:33:48.192223" level="INFO">Length is 2.</msg>
<arg>${json_data}</arg>
<doc>Verifies that the given item is not empty.</doc>
<status status="PASS" start="2024-06-09T02:33:48.192087" elapsed="0.000175"/>
</kw>
<kw name="Create List" owner="BuiltIn">
<msg time="2024-06-09T02:33:48.192719" level="INFO">${expected_keys} = ['gender', 'name', 'location', 'email', 'login']</msg>
<var>${expected_keys}</var>
<arg>gender</arg>
<arg>name</arg>
<arg>location</arg>
<arg>email</arg>
<arg>login</arg>
<doc>Returns a list containing given items.</doc>
<status status="PASS" start="2024-06-09T02:33:48.192568" elapsed="0.000175"/>
</kw>
<for flavor="IN">
<iter>
<kw name="Dictionary Should Contain Key" owner="Collections">
<msg time="2024-06-09T02:33:48.193788" level="INFO">False</msg>
<arg>${json_data['results'][0]}</arg>
<arg>${key}</arg>
<doc>Fails if ``key`` is not found from ``dictionary``.</doc>
<status status="PASS" start="2024-06-09T02:33:48.193350" elapsed="0.000482"/>
</kw>
<kw name="Log" owner="BuiltIn">
<msg time="2024-06-09T02:33:48.194541" level="INFO">{'gender': 'male', 'name': {'title': 'Mr', 'first': 'Tvorilad', 'last': 'Rudik'}, 'location': {'street': {'number': 1067, 'name': '2-y provulok Chehova'}, 'city': 'Saki', 'state': 'Odeska', 'country': 'Ukraine', 'postcode': 45650, 'coordinates': {'latitude': '76.5047', 'longitude': '-169.9179'}, 'timezone': {'offset': '-3:30', 'description': 'Newfoundland'}}, 'email': 'tvorilad.rudik@example.com', 'login': {'uuid': 'db51fc96-5280-4ca9-a3dd-77374a088a6d', 'username': 'ticklishsnake502', 'password': 'chico', 'salt': 'tlGaXOKx', 'md5': 'e12de9232cb0bac6288fdfc59c62749f', 'sha1': 'c69e3b6227ee9c3f8c7dbe74ae6c56b2f792edfe', 'sha256': 'dc43336aa4d96717331b7899e20fe3421bab6e0caf4f41518732748ff912f0c0'}, 'dob': {'date': '1970-02-11T13:24:27.332Z', 'age': 54}, 'registered': {'date': '2006-12-29T10:41:19.004Z', 'age': 17}, 'phone': '(068) Q05-5648', 'cell': '(098) C15-5269', 'id': {'name': '', 'value': None}, 'picture': {'large': 'https://randomuser.me/api/portraits/men/44.jpg', 'medium': 'https://randomuser.me/api/portraits/med/men/44.jpg', 'thumbnail': 'https://randomuser.me/api/portraits/thumb/men/44.jpg'}, 'nat': 'UA'}</msg>
<arg>${json_data['results'][0]}</arg>
<doc>Logs the given message with the given level.</doc>
<status status="PASS" start="2024-06-09T02:33:48.194139" elapsed="0.000452"/>
</kw>
<kw name="Log" owner="BuiltIn">
<msg time="2024-06-09T02:33:48.195025" level="INFO">gender</msg>
<arg>${key}</arg>
<doc>Logs the given message with the given level.</doc>
<status status="PASS" start="2024-06-09T02:33:48.194898" elapsed="0.000164"/>
</kw>
<var name="${key}">gender</var>
<status status="PASS" start="2024-06-09T02:33:48.193218" elapsed="0.002063"/>
</iter>
<iter>
<kw name="Dictionary Should Contain Key" owner="Collections">
<msg time="2024-06-09T02:33:48.195996" level="INFO">False</msg>
<arg>${json_data['results'][0]}</arg>
<arg>${key}</arg>
<doc>Fails if ``key`` is not found from ``dictionary``.</doc>
<status status="PASS" start="2024-06-09T02:33:48.195598" elapsed="0.000437"/>
</kw>
<kw name="Log" owner="BuiltIn">
<msg time="2024-06-09T02:33:48.196725" level="INFO">{'gender': 'male', 'name': {'title': 'Mr', 'first': 'Tvorilad', 'last': 'Rudik'}, 'location': {'street': {'number': 1067, 'name': '2-y provulok Chehova'}, 'city': 'Saki', 'state': 'Odeska', 'country': 'Ukraine', 'postcode': 45650, 'coordinates': {'latitude': '76.5047', 'longitude': '-169.9179'}, 'timezone': {'offset': '-3:30', 'description': 'Newfoundland'}}, 'email': 'tvorilad.rudik@example.com', 'login': {'uuid': 'db51fc96-5280-4ca9-a3dd-77374a088a6d', 'username': 'ticklishsnake502', 'password': 'chico', 'salt': 'tlGaXOKx', 'md5': 'e12de9232cb0bac6288fdfc59c62749f', 'sha1': 'c69e3b6227ee9c3f8c7dbe74ae6c56b2f792edfe', 'sha256': 'dc43336aa4d96717331b7899e20fe3421bab6e0caf4f41518732748ff912f0c0'}, 'dob': {'date': '1970-02-11T13:24:27.332Z', 'age': 54}, 'registered': {'date': '2006-12-29T10:41:19.004Z', 'age': 17}, 'phone': '(068) Q05-5648', 'cell': '(098) C15-5269', 'id': {'name': '', 'value': None}, 'picture': {'large': 'https://randomuser.me/api/portraits/men/44.jpg', 'medium': 'https://randomuser.me/api/portraits/med/men/44.jpg', 'thumbnail': 'https://randomuser.me/api/portraits/thumb/men/44.jpg'}, 'nat': 'UA'}</msg>
<arg>${json_data['results'][0]}</arg>
<doc>Logs the given message with the given level.</doc>
<status status="PASS" start="2024-06-09T02:33:48.196365" elapsed="0.000410"/>
</kw>
<kw name="Log" owner="BuiltIn">
<msg time="2024-06-09T02:33:48.197212" level="INFO">name</msg>
<arg>${key}</arg>
<doc>Logs the given message with the given level.</doc>
<status status="PASS" start="2024-06-09T02:33:48.197080" elapsed="0.000171"/>
</kw>
<var name="${key}">name</var>
<status status="PASS" start="2024-06-09T02:33:48.195478" elapsed="0.001994"/>
</iter>
<iter>
<kw name="Dictionary Should Contain Key" owner="Collections">
<msg time="2024-06-09T02:33:48.198145" level="INFO">False</msg>
<arg>${json_data['results'][0]}</arg>
<arg>${key}</arg>
<doc>Fails if ``key`` is not found from ``dictionary``.</doc>
<status status="PASS" start="2024-06-09T02:33:48.197769" elapsed="0.000441"/>
</kw>
<kw name="Log" owner="BuiltIn">
<msg time="2024-06-09T02:33:48.198897" level="INFO">{'gender': 'male', 'name': {'title': 'Mr', 'first': 'Tvorilad', 'last': 'Rudik'}, 'location': {'street': {'number': 1067, 'name': '2-y provulok Chehova'}, 'city': 'Saki', 'state': 'Odeska', 'country': 'Ukraine', 'postcode': 45650, 'coordinates': {'latitude': '76.5047', 'longitude': '-169.9179'}, 'timezone': {'offset': '-3:30', 'description': 'Newfoundland'}}, 'email': 'tvorilad.rudik@example.com', 'login': {'uuid': 'db51fc96-5280-4ca9-a3dd-77374a088a6d', 'username': 'ticklishsnake502', 'password': 'chico', 'salt': 'tlGaXOKx', 'md5': 'e12de9232cb0bac6288fdfc59c62749f', 'sha1': 'c69e3b6227ee9c3f8c7dbe74ae6c56b2f792edfe', 'sha256': 'dc43336aa4d96717331b7899e20fe3421bab6e0caf4f41518732748ff912f0c0'}, 'dob': {'date': '1970-02-11T13:24:27.332Z', 'age': 54}, 'registered': {'date': '2006-12-29T10:41:19.004Z', 'age': 17}, 'phone': '(068) Q05-5648', 'cell': '(098) C15-5269', 'id': {'name': '', 'value': None}, 'picture': {'large': 'https://randomuser.me/api/portraits/men/44.jpg', 'medium': 'https://randomuser.me/api/portraits/med/men/44.jpg', 'thumbnail': 'https://randomuser.me/api/portraits/thumb/men/44.jpg'}, 'nat': 'UA'}</msg>
<arg>${json_data['results'][0]}</arg>
<doc>Logs the given message with the given level.</doc>
<status status="PASS" start="2024-06-09T02:33:48.198529" elapsed="0.000417"/>
</kw>
<kw name="Log" owner="BuiltIn">
<msg time="2024-06-09T02:33:48.199376" level="INFO">location</msg>
<arg>${key}</arg>
<doc>Logs the given message with the given level.</doc>
<status status="PASS" start="2024-06-09T02:33:48.199244" elapsed="0.000170"/>
</kw>
<var name="${key}">location</var>
<status status="PASS" start="2024-06-09T02:33:48.197655" elapsed="0.001973"/>
</iter>
<iter>
<kw name="Dictionary Should Contain Key" owner="Collections">
<msg time="2024-06-09T02:33:48.200419" level="INFO">False</msg>
<arg>${json_data['results'][0]}</arg>
<arg>${key}</arg>
<doc>Fails if ``key`` is not found from ``dictionary``.</doc>
<status status="PASS" start="2024-06-09T02:33:48.199916" elapsed="0.000542"/>
</kw>
<kw name="Log" owner="BuiltIn">
<msg time="2024-06-09T02:33:48.201114" level="INFO">{'gender': 'male', 'name': {'title': 'Mr', 'first': 'Tvorilad', 'last': 'Rudik'}, 'location': {'street': {'number': 1067, 'name': '2-y provulok Chehova'}, 'city': 'Saki', 'state': 'Odeska', 'country': 'Ukraine', 'postcode': 45650, 'coordinates': {'latitude': '76.5047', 'longitude': '-169.9179'}, 'timezone': {'offset': '-3:30', 'description': 'Newfoundland'}}, 'email': 'tvorilad.rudik@example.com', 'login': {'uuid': 'db51fc96-5280-4ca9-a3dd-77374a088a6d', 'username': 'ticklishsnake502', 'password': 'chico', 'salt': 'tlGaXOKx', 'md5': 'e12de9232cb0bac6288fdfc59c62749f', 'sha1': 'c69e3b6227ee9c3f8c7dbe74ae6c56b2f792edfe', 'sha256': 'dc43336aa4d96717331b7899e20fe3421bab6e0caf4f41518732748ff912f0c0'}, 'dob': {'date': '1970-02-11T13:24:27.332Z', 'age': 54}, 'registered': {'date': '2006-12-29T10:41:19.004Z', 'age': 17}, 'phone': '(068) Q05-5648', 'cell': '(098) C15-5269', 'id': {'name': '', 'value': None}, 'picture': {'large': 'https://randomuser.me/api/portraits/men/44.jpg', 'medium': 'https://randomuser.me/api/portraits/med/men/44.jpg', 'thumbnail': 'https://randomuser.me/api/portraits/thumb/men/44.jpg'}, 'nat': 'UA'}</msg>
<arg>${json_data['results'][0]}</arg>
<doc>Logs the given message with the given level.</doc>
<status status="PASS" start="2024-06-09T02:33:48.200758" elapsed="0.000404"/>
</kw>
<kw name="Log" owner="BuiltIn">
<msg time="2024-06-09T02:33:48.201582" level="INFO">email</msg>
<arg>${key}</arg>
<doc>Logs the given message with the given level.</doc>
<status status="PASS" start="2024-06-09T02:33:48.201456" elapsed="0.000163"/>
</kw>
<var name="${key}">email</var>
<status status="PASS" start="2024-06-09T02:33:48.199803" elapsed="0.002034"/>
</iter>
<iter>
<kw name="Dictionary Should Contain Key" owner="Collections">
<msg time="2024-06-09T02:33:48.202534" level="INFO">False</msg>
<arg>${json_data['results'][0]}</arg>
<arg>${key}</arg>
<doc>Fails if ``key`` is not found from ``dictionary``.</doc>
<status status="PASS" start="2024-06-09T02:33:48.202125" elapsed="0.000447"/>
</kw>
<kw name="Log" owner="BuiltIn">
<msg time="2024-06-09T02:33:48.203225" level="INFO">{'gender': 'male', 'name': {'title': 'Mr', 'first': 'Tvorilad', 'last': 'Rudik'}, 'location': {'street': {'number': 1067, 'name': '2-y provulok Chehova'}, 'city': 'Saki', 'state': 'Odeska', 'country': 'Ukraine', 'postcode': 45650, 'coordinates': {'latitude': '76.5047', 'longitude': '-169.9179'}, 'timezone': {'offset': '-3:30', 'description': 'Newfoundland'}}, 'email': 'tvorilad.rudik@example.com', 'login': {'uuid': 'db51fc96-5280-4ca9-a3dd-77374a088a6d', 'username': 'ticklishsnake502', 'password': 'chico', 'salt': 'tlGaXOKx', 'md5': 'e12de9232cb0bac6288fdfc59c62749f', 'sha1': 'c69e3b6227ee9c3f8c7dbe74ae6c56b2f792edfe', 'sha256': 'dc43336aa4d96717331b7899e20fe3421bab6e0caf4f41518732748ff912f0c0'}, 'dob': {'date': '1970-02-11T13:24:27.332Z', 'age': 54}, 'registered': {'date': '2006-12-29T10:41:19.004Z', 'age': 17}, 'phone': '(068) Q05-5648', 'cell': '(098) C15-5269', 'id': {'name': '', 'value': None}, 'picture': {'large': 'https://randomuser.me/api/portraits/men/44.jpg', 'medium': 'https://randomuser.me/api/portraits/med/men/44.jpg', 'thumbnail': 'https://randomuser.me/api/portraits/thumb/men/44.jpg'}, 'nat': 'UA'}</msg>
<arg>${json_data['results'][0]}</arg>
<doc>Logs the given message with the given level.</doc>
<status status="PASS" start="2024-06-09T02:33:48.202872" elapsed="0.000401"/>
</kw>
<kw name="Log" owner="BuiltIn">
<msg time="2024-06-09T02:33:48.203693" level="INFO">login</msg>
<arg>${key}</arg>
<doc>Logs the given message with the given level.</doc>
<status status="PASS" start="2024-06-09T02:33:48.203565" elapsed="0.000167"/>
</kw>
<var name="${key}">login</var>
<status status="PASS" start="2024-06-09T02:33:48.202012" elapsed="0.001940"/>
</iter>
<var>${key}</var>
<value>@{expected_keys}</value>
<status status="PASS" start="2024-06-09T02:33:48.193019" elapsed="0.011054"/>
</for>
<kw name="Create List" owner="BuiltIn">
<msg time="2024-06-09T02:33:48.204453" level="INFO">${expected_keysTwo} = ['username', 'password']</msg>
<var>${expected_keysTwo}</var>
<arg>username</arg>
<arg>password</arg>
<doc>Returns a list containing given items.</doc>
<status status="PASS" start="2024-06-09T02:33:48.204312" elapsed="0.000166"/>
</kw>
<for flavor="IN">
<iter>
<kw name="Dictionary Should Contain Key" owner="Collections">
<msg time="2024-06-09T02:33:48.205377" level="INFO">False</msg>
<arg>${json_data['results'][0]['login']}</arg>
<arg>${keyTwo}</arg>
<doc>Fails if ``key`` is not found from ``dictionary``.</doc>
<status status="PASS" start="2024-06-09T02:33:48.204991" elapsed="0.000423"/>
</kw>
<kw name="Dictionary Should Contain Key" owner="Collections">
<msg time="2024-06-09T02:33:48.206091" level="INFO">False</msg>
<arg>${json_data['results'][0]['login']}</arg>
<arg>${keyTwo}</arg>
<doc>Fails if ``key`` is not found from ``dictionary``.</doc>
<status status="PASS" start="2024-06-09T02:33:48.205713" elapsed="0.000416"/>
</kw>
<kw name="Log" owner="BuiltIn">
<msg time="2024-06-09T02:33:48.206585" level="INFO">username</msg>
<arg>${keyTwo}</arg>
<doc>Logs the given message with the given level.</doc>
<status status="PASS" start="2024-06-09T02:33:48.206459" elapsed="0.000163"/>
</kw>
<var name="${keyTwo}">username</var>
<status status="PASS" start="2024-06-09T02:33:48.204880" elapsed="0.001957"/>
</iter>
<iter>
<kw name="Dictionary Should Contain Key" owner="Collections">
<msg time="2024-06-09T02:33:48.207494" level="INFO">False</msg>
<arg>${json_data['results'][0]['login']}</arg>
<arg>${keyTwo}</arg>
<doc>Fails if ``key`` is not found from ``dictionary``.</doc>
<status status="PASS" start="2024-06-09T02:33:48.207116" elapsed="0.000414"/>
</kw>
<kw name="Dictionary Should Contain Key" owner="Collections">
<msg time="2024-06-09T02:33:48.208193" level="INFO">False</msg>
<arg>${json_data['results'][0]['login']}</arg>
<arg>${keyTwo}</arg>
<doc>Fails if ``key`` is not found from ``dictionary``.</doc>
<status status="PASS" start="2024-06-09T02:33:48.207819" elapsed="0.000411"/>
</kw>
<kw name="Log" owner="BuiltIn">
<msg time="2024-06-09T02:33:48.208643" level="INFO">password</msg>
<arg>${keyTwo}</arg>
<doc>Logs the given message with the given level.</doc>
<status status="PASS" start="2024-06-09T02:33:48.208520" elapsed="0.000158"/>
</kw>
<var name="${keyTwo}">password</var>
<status status="PASS" start="2024-06-09T02:33:48.207007" elapsed="0.001886"/>
</iter>
<var>${keyTwo}</var>
<value>@{expected_keysTwo}</value>
<status status="PASS" start="2024-06-09T02:33:48.204721" elapsed="0.004300"/>
</for>
<status status="PASS" start="2024-06-09T02:33:48.101160" elapsed="0.108003"/>
</kw>
<doc>Testa a estrutura da resposta da API.</doc>
<tag>testeEstruturaResposta</tag>
<status status="PASS" start="2024-06-09T02:33:48.100615" elapsed="0.108713"/>
</test>
<test id="s1-s1-t4" name="Validar tipos de dados" line="28">
<kw name="Teste de Tipos de Dados" owner="random-user-service">
<kw name="GET On Session" owner="RequestsLibrary">
<msg time="2024-06-09T02:33:48.504958" level="INFO">GET Request : url=https://randomuser.me/api 
 path_url=/api 
 headers={'User-Agent': 'python-requests/2.32.3', 'Accept-Encoding': 'gzip, deflate', 'Accept': '*/*', 'Connection': 'keep-alive'} 
 body=None 
 </msg>
<msg time="2024-06-09T02:33:48.505067" level="INFO">GET Response : url=https://randomuser.me/api 
 status=200, reason=OK 
 headers={'Date': 'Sun, 09 Jun 2024 02:33:48 GMT', 'Content-Type': 'application/json; charset=utf-8', 'Transfer-Encoding': 'chunked', 'Connection': 'keep-alive', 'X-Powered-By': 'Express', 'Access-Control-Allow-Origin': '*', 'Cache-Control': 'no-cache', 'ETag': 'W/"481-2JyWzh6aXsNJJMoCtTdvLl0bfh8"', 'Vary': 'Accept-Encoding', 'Content-Encoding': 'gzip', 'CF-Cache-Status': 'DYNAMIC', 'Report-To': '{"endpoints":[{"url":"https:\\/\\/a.nel.cloudflare.com\\/report\\/v4?s=PEpkCjHsz6hTfV3ng8ccLuzCPxjJnFsjxOVkQxvV%2FoD0rGbUN8O6902d0Uw8ZTw1H2E5ILAA4B6P9%2FhH1eo5aShAiF3iO%2FUW85OBzf2%2BK6L0Vf0Ssl9ld2DKe4JY6b%2Bc"}],"group":"cf-nel","max_age":604800}', 'NEL': '{"success_fraction":0,"report_to":"cf-nel","max_age":604800}', 'Server': 'cloudflare', 'CF-RAY': '890db80c5d8c2393-SJC', 'alt-svc': 'h3=":443"; ma=86400'} 
 body={"results":[{"gender":"male","name":{"title":"Mr","first":"Ernesto","last":"Ramírez"},"location":{"street":{"number":5126,"name":"Avenida de Burgos"},"city":"Madrid","state":"Galicia","country":"Spain","postcode":49088,"coordinates":{"latitude":"-36.4809","longitude":"-34.7260"},"timezone":{"offset":"-11:00","description":"Midway Island, Samoa"}},"email":"ernesto.ramirez@example.com","login":{"uuid":"5b0818a6-5957-4b0f-b1c8-6ce81ff5dacf","username":"smallleopard455","password":"addict","salt":"vIxDTd0Q","md5":"ac870137fd4f4462e1b2a4276cc698c4","sha1":"e54aa336188841fae94f129d904788af8c951ba3","sha256":"d3d7c22642bacd9db0cb0f17afb8c9771fbf0c91f1de802909e6cba88f34f366"},"dob":{"date":"1989-03-02T10:19:16.273Z","age":35},"registered":{"date":"2020-02-18T07:52:35.201Z","age":4},"phone":"909-938-689","cell":"645-418-599","id":{"name":"DNI","value":"53276149-I"},"picture":{"large":"https://randomuser.me/api/portraits/men/50.jpg","medium":"https://randomuser.me/api/portraits/med/men/50.jpg","thumbnail":"https://randomuser.me/api/portraits/thumb/men/50.jpg"},"nat":"ES"}],"info":{"seed":"aa0a93486577f024","results":1,"page":1,"version":"1.4"}} 
 </msg>
<msg time="2024-06-09T02:33:48.505149" level="INFO">/opt/hostedtoolcache/Python/3.12.3/x64/lib/python3.12/site-packages/urllib3/connectionpool.py:1103: InsecureRequestWarning: Unverified HTTPS request is being made to host 'randomuser.me'. Adding certificate verification is strongly advised. See: https://urllib3.readthedocs.io/en/latest/advanced-usage.html#tls-warnings
  warnings.warn(</msg>
<msg time="2024-06-09T02:33:48.505282" level="INFO">${response} = &lt;Response [200]&gt;</msg>
<var>${response}</var>
<arg>consultarAPI</arg>
<arg>/api</arg>
<doc>Sends a GET request on a previously created HTTP Session.</doc>
<status status="PASS" start="2024-06-09T02:33:48.211944" elapsed="0.293371"/>
</kw>
<kw name="Set Variable" owner="BuiltIn">
<msg time="2024-06-09T02:33:48.506478" level="INFO">${json_data} = {'results': [{'gender': 'male', 'name': {'title': 'Mr', 'first': 'Ernesto', 'last': 'Ramírez'}, 'location': {'street': {'number': 5126, 'name': 'Avenida de Burgos'}, 'city': 'Madrid', 'state': 'Galici...</msg>
<var>${json_data}</var>
<arg>${response.json()}</arg>
<doc>Returns the given values which can then be assigned to a variables.</doc>
<status status="PASS" start="2024-06-09T02:33:48.505902" elapsed="0.000606"/>
</kw>
<kw name="Log" owner="BuiltIn">
<msg time="2024-06-09T02:33:48.506992" level="INFO">{'results': [{'gender': 'male', 'name': {'title': 'Mr', 'first': 'Ernesto', 'last': 'Ramírez'}, 'location': {'street': {'number': 5126, 'name': 'Avenida de Burgos'}, 'city': 'Madrid', 'state': 'Galicia', 'country': 'Spain', 'postcode': 49088, 'coordinates': {'latitude': '-36.4809', 'longitude': '-34.7260'}, 'timezone': {'offset': '-11:00', 'description': 'Midway Island, Samoa'}}, 'email': 'ernesto.ramirez@example.com', 'login': {'uuid': '5b0818a6-5957-4b0f-b1c8-6ce81ff5dacf', 'username': 'smallleopard455', 'password': 'addict', 'salt': 'vIxDTd0Q', 'md5': 'ac870137fd4f4462e1b2a4276cc698c4', 'sha1': 'e54aa336188841fae94f129d904788af8c951ba3', 'sha256': 'd3d7c22642bacd9db0cb0f17afb8c9771fbf0c91f1de802909e6cba88f34f366'}, 'dob': {'date': '1989-03-02T10:19:16.273Z', 'age': 35}, 'registered': {'date': '2020-02-18T07:52:35.201Z', 'age': 4}, 'phone': '909-938-689', 'cell': '645-418-599', 'id': {'name': 'DNI', 'value': '53276149-I'}, 'picture': {'large': 'https://randomuser.me/api/portraits/men/50.jpg', 'medium': 'https://randomuser.me/api/portraits/med/men/50.jpg', 'thumbnail': 'https://randomuser.me/api/portraits/thumb/men/50.jpg'}, 'nat': 'ES'}], 'info': {'seed': 'aa0a93486577f024', 'results': 1, 'page': 1, 'version': '1.4'}}</msg>
<arg>${json_data}</arg>
<doc>Logs the given message with the given level.</doc>
<status status="PASS" start="2024-06-09T02:33:48.506830" elapsed="0.000210"/>
</kw>
<kw name="Should Be String" owner="String">
<arg>${json_data['results'][0]['gender']}</arg>
<doc>Fails if the given ``item`` is not a string.</doc>
<status status="PASS" start="2024-06-09T02:33:48.507372" elapsed="0.000376"/>
</kw>
<kw name="Should Match Regexp" owner="BuiltIn">
<arg>${json_data['results'][0]['email']}</arg>
<arg>^[a-zA-Z0-9._%+-]+@[a-zA-Z0-9.-]+\.[a-zA-Z]{2,}$</arg>
<doc>Fails if ``string`` does not match ``pattern`` as a regular expression.</doc>
<status status="PASS" start="2024-06-09T02:33:48.507946" elapsed="0.000657"/>
</kw>
<kw name="Should Match Regexp" owner="BuiltIn">
<arg>${json_data['results'][0]['dob']['date']}</arg>
<arg>\\d{4}-\\d{2}-\\d{2}T\\d{2}:\\d{2}:\\d{2}\\.\\d{3}Z</arg>
<doc>Fails if ``string`` does not match ``pattern`` as a regular expression.</doc>
<status status="PASS" start="2024-06-09T02:33:48.508802" elapsed="0.000479"/>
</kw>
<kw name="Should Match Regexp" owner="BuiltIn">
<arg>${json_data['results'][0]['registered']['date']}</arg>
<arg>\\d{4}-\\d{2}-\\d{2}T\\d{2}:\\d{2}:\\d{2}\\.\\d{3}Z</arg>
<doc>Fails if ``string`` does not match ``pattern`` as a regular expression.</doc>
<status status="PASS" start="2024-06-09T02:33:48.509475" elapsed="0.000361"/>
</kw>
<kw name="Should Match Regexp" owner="BuiltIn">
<arg>${json_data['results'][0]['picture']['large']}</arg>
<arg>^https?://.*\.(?:png|jpe?g|gif|bmp)$</arg>
<doc>Fails if ``string`` does not match ``pattern`` as a regular expression.</doc>
<status status="PASS" start="2024-06-09T02:33:48.510022" elapsed="0.000487"/>
</kw>
<kw name="Should Match Regexp" owner="BuiltIn">
<arg>${json_data['results'][0]['picture']['medium']}</arg>
<arg>^https?://.*\.(?:png|jpe?g|gif|bmp)$</arg>
<doc>Fails if ``string`` does not match ``pattern`` as a regular expression.</doc>
<status status="PASS" start="2024-06-09T02:33:48.510701" elapsed="0.000349"/>
</kw>
<kw name="Should Match Regexp" owner="BuiltIn">
<arg>${json_data['results'][0]['picture']['thumbnail']}</arg>
<arg>^https?://.*\.(?:png|jpe?g|gif|bmp)$</arg>
<doc>Fails if ``string`` does not match ``pattern`` as a regular expression.</doc>
<status status="PASS" start="2024-06-09T02:33:48.511239" elapsed="0.000353"/>
</kw>
<kw name="Log" owner="BuiltIn">
<msg time="2024-06-09T02:33:48.512101" level="INFO">{'large': 'https://randomuser.me/api/portraits/men/50.jpg', 'medium': 'https://randomuser.me/api/portraits/med/men/50.jpg', 'thumbnail': 'https://randomuser.me/api/portraits/thumb/men/50.jpg'}</msg>
<arg>${json_data['results'][0]['picture']}</arg>
<doc>Logs the given message with the given level.</doc>
<status status="PASS" start="2024-06-09T02:33:48.511776" elapsed="0.000366"/>
</kw>
<status status="PASS" start="2024-06-09T02:33:48.211701" elapsed="0.300701"/>
</kw>
<kw name="Teste de Tipos de Dados - Postcode" owner="random-user-service">
<kw name="GET On Session" owner="RequestsLibrary">
<msg time="2024-06-09T02:33:48.599087" level="INFO">GET Request : url=https://randomuser.me/api 
 path_url=/api 
 headers={'User-Agent': 'python-requests/2.32.3', 'Accept-Encoding': 'gzip, deflate', 'Accept': '*/*', 'Connection': 'keep-alive'} 
 body=None 
 </msg>
<msg time="2024-06-09T02:33:48.599200" level="INFO">GET Response : url=https://randomuser.me/api 
 status=200, reason=OK 
 headers={'Date': 'Sun, 09 Jun 2024 02:33:48 GMT', 'Content-Type': 'application/json; charset=utf-8', 'Transfer-Encoding': 'chunked', 'Connection': 'keep-alive', 'X-Powered-By': 'Express', 'Access-Control-Allow-Origin': '*', 'Cache-Control': 'no-cache', 'ETag': 'W/"485-YBWV3EZLogeiZEquPjOsJ+5G+h4"', 'Vary': 'Accept-Encoding', 'Content-Encoding': 'gzip', 'CF-Cache-Status': 'DYNAMIC', 'Report-To': '{"endpoints":[{"url":"https:\\/\\/a.nel.cloudflare.com\\/report\\/v4?s=nq%2FlQsb3pwwOJIpQPA4QfVeTQHDJJ4quFA97Eqffe4aQdGMj8UED4JNvwca6fJexzjVZMp%2FQT3fSTJ6xGyNjsnkTxoHidY81PUGK4QqiHGeBdQgWZYLA890IX2DaAQaI"}],"group":"cf-nel","max_age":604800}', 'NEL': '{"success_fraction":0,"report_to":"cf-nel","max_age":604800}', 'Server': 'cloudflare', 'CF-RAY': '890db80e3eb02393-SJC', 'alt-svc': 'h3=":443"; ma=86400'} 
 body={"results":[{"gender":"male","name":{"title":"Mr","first":"Valentín","last":"Delgado"},"location":{"street":{"number":2602,"name":"Calle de Téllez"},"city":"Barcelona","state":"Galicia","country":"Spain","postcode":43161,"coordinates":{"latitude":"-35.4400","longitude":"-141.0069"},"timezone":{"offset":"-12:00","description":"Eniwetok, Kwajalein"}},"email":"valentin.delgado@example.com","login":{"uuid":"f304b1a5-ea1b-4d0a-a465-696f44773a6d","username":"happygoose447","password":"cyclops","salt":"5OfS1dN6","md5":"21f7f291794bbca6892e58dc19844878","sha1":"3db5adddadb5b6c69f048d5dedca7bfeaa68a8e0","sha256":"e5d711a63e4c13015d7dda7410e66f7f2f2b4323f495983dbbb8f1daea7ae76e"},"dob":{"date":"1978-01-16T12:43:32.124Z","age":46},"registered":{"date":"2010-03-07T00:30:10.936Z","age":14},"phone":"923-442-638","cell":"687-389-649","id":{"name":"DNI","value":"58093030-J"},"picture":{"large":"https://randomuser.me/api/portraits/men/98.jpg","medium":"https://randomuser.me/api/portraits/med/men/98.jpg","thumbnail":"https://randomuser.me/api/portraits/thumb/men/98.jpg"},"nat":"ES"}],"info":{"seed":"2505390a351a99ee","results":1,"page":1,"version":"1.4"}} 
 </msg>
<msg time="2024-06-09T02:33:48.599289" level="INFO">/opt/hostedtoolcache/Python/3.12.3/x64/lib/python3.12/site-packages/urllib3/connectionpool.py:1103: InsecureRequestWarning: Unverified HTTPS request is being made to host 'randomuser.me'. Adding certificate verification is strongly advised. See: https://urllib3.readthedocs.io/en/latest/advanced-usage.html#tls-warnings
  warnings.warn(</msg>
<msg time="2024-06-09T02:33:48.599423" level="INFO">${response} = &lt;Response [200]&gt;</msg>
<var>${response}</var>
<arg>consultarAPI</arg>
<arg>/api</arg>
<doc>Sends a GET request on a previously created HTTP Session.</doc>
<status status="PASS" start="2024-06-09T02:33:48.512857" elapsed="0.086603"/>
</kw>
<kw name="Set Variable" owner="BuiltIn">
<msg time="2024-06-09T02:33:48.600574" level="INFO">${json_data} = {'results': [{'gender': 'male', 'name': {'title': 'Mr', 'first': 'Valentín', 'last': 'Delgado'}, 'location': {'street': {'number': 2602, 'name': 'Calle de Téllez'}, 'city': 'Barcelona', 'state': 'Gali...</msg>
<var>${json_data}</var>
<arg>${response.json()}</arg>
<doc>Returns the given values which can then be assigned to a variables.</doc>
<status status="PASS" start="2024-06-09T02:33:48.600044" elapsed="0.000559"/>
</kw>
<kw name="Log" owner="BuiltIn">
<msg time="2024-06-09T02:33:48.601091" level="INFO">{'results': [{'gender': 'male', 'name': {'title': 'Mr', 'first': 'Valentín', 'last': 'Delgado'}, 'location': {'street': {'number': 2602, 'name': 'Calle de Téllez'}, 'city': 'Barcelona', 'state': 'Galicia', 'country': 'Spain', 'postcode': 43161, 'coordinates': {'latitude': '-35.4400', 'longitude': '-141.0069'}, 'timezone': {'offset': '-12:00', 'description': 'Eniwetok, Kwajalein'}}, 'email': 'valentin.delgado@example.com', 'login': {'uuid': 'f304b1a5-ea1b-4d0a-a465-696f44773a6d', 'username': 'happygoose447', 'password': 'cyclops', 'salt': '5OfS1dN6', 'md5': '21f7f291794bbca6892e58dc19844878', 'sha1': '3db5adddadb5b6c69f048d5dedca7bfeaa68a8e0', 'sha256': 'e5d711a63e4c13015d7dda7410e66f7f2f2b4323f495983dbbb8f1daea7ae76e'}, 'dob': {'date': '1978-01-16T12:43:32.124Z', 'age': 46}, 'registered': {'date': '2010-03-07T00:30:10.936Z', 'age': 14}, 'phone': '923-442-638', 'cell': '687-389-649', 'id': {'name': 'DNI', 'value': '58093030-J'}, 'picture': {'large': 'https://randomuser.me/api/portraits/men/98.jpg', 'medium': 'https://randomuser.me/api/portraits/med/men/98.jpg', 'thumbnail': 'https://randomuser.me/api/portraits/thumb/men/98.jpg'}, 'nat': 'ES'}], 'info': {'seed': '2505390a351a99ee', 'results': 1, 'page': 1, 'version': '1.4'}}</msg>
<arg>${json_data}</arg>
<doc>Logs the given message with the given level.</doc>
<status status="PASS" start="2024-06-09T02:33:48.600933" elapsed="0.000206"/>
</kw>
<kw name="Should Be Equal As Numbers" owner="BuiltIn">
<arg>${json_data['results'][0]['location']['postcode']}</arg>
<arg>${json_data['results'][0]['location']['postcode']}</arg>
<doc>Fails if objects are unequal after converting them to real numbers.</doc>
<status status="PASS" start="2024-06-09T02:33:48.601435" elapsed="0.000634"/>
</kw>
<kw name="Log" owner="BuiltIn">
<msg time="2024-06-09T02:33:48.602795" level="INFO">43161</msg>
<arg>${json_data['results'][0]['location']['postcode']}</arg>
<doc>Logs the given message with the given level.</doc>
<status status="PASS" start="2024-06-09T02:33:48.602380" elapsed="0.000469"/>
</kw>
<status status="PASS" start="2024-06-09T02:33:48.512630" elapsed="0.090532"/>
</kw>
<doc>Testa se os tipos de dados na resposta da API estão corretos.</doc>
<tag>testeTiposDados</tag>
<status status="PASS" start="2024-06-09T02:33:48.211161" elapsed="0.392210"/>
</test>
<test id="s1-s1-t5" name="Validar conteudo" line="35">
<kw name="Teste de Tipos de Conteudo" owner="random-user-service">
<kw name="GET On Session" owner="RequestsLibrary">
<msg time="2024-06-09T02:33:48.708485" level="INFO">GET Request : url=https://randomuser.me/api 
 path_url=/api 
 headers={'User-Agent': 'python-requests/2.32.3', 'Accept-Encoding': 'gzip, deflate', 'Accept': '*/*', 'Connection': 'keep-alive'} 
 body=None 
 </msg>
<msg time="2024-06-09T02:33:48.708594" level="INFO">GET Response : url=https://randomuser.me/api 
 status=200, reason=OK 
 headers={'Date': 'Sun, 09 Jun 2024 02:33:48 GMT', 'Content-Type': 'application/json; charset=utf-8', 'Transfer-Encoding': 'chunked', 'Connection': 'keep-alive', 'X-Powered-By': 'Express', 'Access-Control-Allow-Origin': '*', 'Cache-Control': 'no-cache', 'ETag': 'W/"47d-bB8h8kVu+ocFPfrwgBMhwEy6mVA"', 'Vary': 'Accept-Encoding', 'Content-Encoding': 'gzip', 'CF-Cache-Status': 'DYNAMIC', 'Report-To': '{"endpoints":[{"url":"https:\\/\\/a.nel.cloudflare.com\\/report\\/v4?s=t9ROohH0Ic8rhlEgoTseBQn8bEanFiBL1ilA8U%2BduEtmSST3bSjhp2QtE1QofPVPGVfKntYOapKLVmAmNNRHN0oeKBtV7H66ecEPROMAAQtytLwImZQoTZymGDUoGwu4"}],"group":"cf-nel","max_age":604800}', 'NEL': '{"success_fraction":0,"report_to":"cf-nel","max_age":604800}', 'Server': 'cloudflare', 'CF-RAY': '890db80ecf582393-SJC', 'alt-svc': 'h3=":443"; ma=86400'} 
 body={"results":[{"gender":"male","name":{"title":"Mr","first":"Esat","last":"Adan"},"location":{"street":{"number":5416,"name":"Doktorlar Cd"},"city":"Denizli","state":"Amasya","country":"Turkey","postcode":48626,"coordinates":{"latitude":"66.2816","longitude":"-172.7372"},"timezone":{"offset":"-5:00","description":"Eastern Time (US &amp; Canada), Bogota, Lima"}},"email":"esat.adan@example.com","login":{"uuid":"60482306-f4d8-4ccc-ba23-d97f6fc4d696","username":"blackduck843","password":"ninguna","salt":"9p1GVXV0","md5":"511e3cae28b70ffd435c8c5dc47b54aa","sha1":"a03261f46be73e85b560a166dd434611f7708b0a","sha256":"af16be1992ef67644e6d3bb61928ec5465ca59a77b22d25bff58cb1817bfa718"},"dob":{"date":"1977-02-10T17:37:15.045Z","age":47},"registered":{"date":"2011-04-18T12:31:05.934Z","age":13},"phone":"(497)-284-5435","cell":"(993)-189-4177","id":{"name":"","value":null},"picture":{"large":"https://randomuser.me/api/portraits/men/95.jpg","medium":"https://randomuser.me/api/portraits/med/men/95.jpg","thumbnail":"https://randomuser.me/api/portraits/thumb/men/95.jpg"},"nat":"TR"}],"info":{"seed":"b2143eacaa9c280f","results":1,"page":1,"version":"1.4"}} 
 </msg>
<msg time="2024-06-09T02:33:48.708678" level="INFO">/opt/hostedtoolcache/Python/3.12.3/x64/lib/python3.12/site-packages/urllib3/connectionpool.py:1103: InsecureRequestWarning: Unverified HTTPS request is being made to host 'randomuser.me'. Adding certificate verification is strongly advised. See: https://urllib3.readthedocs.io/en/latest/advanced-usage.html#tls-warnings
  warnings.warn(</msg>
<msg time="2024-06-09T02:33:48.708821" level="INFO">${response} = &lt;Response [200]&gt;</msg>
<var>${response}</var>
<arg>consultarAPI</arg>
<arg>/api</arg>
<doc>Sends a GET request on a previously created HTTP Session.</doc>
<status status="PASS" start="2024-06-09T02:33:48.606703" elapsed="0.102152"/>
</kw>
<kw name="Set Variable" owner="BuiltIn">
<msg time="2024-06-09T02:33:48.709959" level="INFO">${json_data} = {'results': [{'gender': 'male', 'name': {'title': 'Mr', 'first': 'Esat', 'last': 'Adan'}, 'location': {'street': {'number': 5416, 'name': 'Doktorlar Cd'}, 'city': 'Denizli', 'state': 'Amasya', 'countr...</msg>
<var>${json_data}</var>
<arg>${response.json()}</arg>
<doc>Returns the given values which can then be assigned to a variables.</doc>
<status status="PASS" start="2024-06-09T02:33:48.709429" elapsed="0.000559"/>
</kw>
<kw name="Set Variable" owner="BuiltIn">
<msg time="2024-06-09T02:33:48.710756" level="INFO">${name_title} = Mr</msg>
<var>${name_title}</var>
<arg>${json_data["results"][0]["name"]["title"]}</arg>
<doc>Returns the given values which can then be assigned to a variables.</doc>
<status status="PASS" start="2024-06-09T02:33:48.710368" elapsed="0.000414"/>
</kw>
<kw name="Create List" owner="BuiltIn">
<msg time="2024-06-09T02:33:48.711235" level="INFO">${allowed_titles} = ['Mr', 'Ms', 'Miss', 'Mrs', 'Madame', 'Monsieur']</msg>
<var>${allowed_titles}</var>
<arg>Mr</arg>
<arg>Ms</arg>
<arg>Miss</arg>
<arg>Mrs</arg>
<arg>Madame</arg>
<arg>Monsieur</arg>
<doc>Returns a list containing given items.</doc>
<status status="PASS" start="2024-06-09T02:33:48.711086" elapsed="0.000173"/>
</kw>
<kw name="List Should Contain Value" owner="Collections">
<msg time="2024-06-09T02:33:48.711740" level="INFO">False</msg>
<arg>${allowed_titles}</arg>
<arg>${name_title}</arg>
<doc>Fails if the ``value`` is not found from ``list``.</doc>
<status status="PASS" start="2024-06-09T02:33:48.711565" elapsed="0.000211"/>
</kw>
<kw name="Set Variable" owner="BuiltIn">
<msg time="2024-06-09T02:33:48.712665" level="INFO">${name_country} = TR</msg>
<var>${name_country}</var>
<arg>${json_data["results"][0]["nat"]}</arg>
<doc>Returns the given values which can then be assigned to a variables.</doc>
<status status="PASS" start="2024-06-09T02:33:48.712086" elapsed="0.000604"/>
</kw>
<kw name="Create List" owner="BuiltIn">
<msg time="2024-06-09T02:33:48.713606" level="INFO">${list_country} = ['AD', 'AE', 'AF', 'AG', 'AI', 'AL', 'AM', 'AO', 'AQ', 'AR', 'AS', 'AT', 'AU', 'AW', 'AX', 'AZ', 'BA', 'BB', 'BD', 'BE', 'BF', 'BG', 'BH', 'BI', 'BJ', 'BL', 'BM', 'BN', 'BO', 'BQ', 'BR', 'BS', 'BT', '...</msg>
<var>${list_country}</var>
<arg>AD</arg>
<arg>AE</arg>
<arg>AF</arg>
<arg>AG</arg>
<arg>AI</arg>
<arg>AL</arg>
<arg>AM</arg>
<arg>AO</arg>
<arg>AQ</arg>
<arg>AR</arg>
<arg>AS</arg>
<arg>AT</arg>
<arg>AU</arg>
<arg>AW</arg>
<arg>AX</arg>
<arg>AZ</arg>
<arg>BA</arg>
<arg>BB</arg>
<arg>BD</arg>
<arg>BE</arg>
<arg>BF</arg>
<arg>BG</arg>
<arg>BH</arg>
<arg>BI</arg>
<arg>BJ</arg>
<arg>BL</arg>
<arg>BM</arg>
<arg>BN</arg>
<arg>BO</arg>
<arg>BQ</arg>
<arg>BR</arg>
<arg>BS</arg>
<arg>BT</arg>
<arg>BV</arg>
<arg>BW</arg>
<arg>BY</arg>
<arg>BZ</arg>
<arg>CA</arg>
<arg>CC</arg>
<arg>CD</arg>
<arg>CF</arg>
<arg>CG</arg>
<arg>CH</arg>
<arg>CI</arg>
<arg>CK</arg>
<arg>CL</arg>
<arg>CM</arg>
<arg>CN</arg>
<arg>CO</arg>
<arg>CR</arg>
<arg>CU</arg>
<arg>CV</arg>
<arg>CW</arg>
<arg>CX</arg>
<arg>CY</arg>
<arg>CZ</arg>
<arg>DE</arg>
<arg>DJ</arg>
<arg>DK</arg>
<arg>DM</arg>
<arg>DO</arg>
<arg>DZ</arg>
<arg>EC</arg>
<arg>EE</arg>
<arg>EG</arg>
<arg>EH</arg>
<arg>ER</arg>
<arg>ES</arg>
<arg>ET</arg>
<arg>FI</arg>
<arg>FJ</arg>
<arg>FK</arg>
<arg>FM</arg>
<arg>FO</arg>
<arg>FR</arg>
<arg>GA</arg>
<arg>GB</arg>
<arg>GD</arg>
<arg>GE</arg>
<arg>GF</arg>
<arg>GG</arg>
<arg>GH</arg>
<arg>GI</arg>
<arg>GL</arg>
<arg>GM</arg>
<arg>GN</arg>
<arg>GP</arg>
<arg>GQ</arg>
<arg>GR</arg>
<arg>GS</arg>
<arg>GT</arg>
<arg>GU</arg>
<arg>GW</arg>
<arg>GY</arg>
<arg>HK</arg>
<arg>HM</arg>
<arg>HN</arg>
<arg>HR</arg>
<arg>HT</arg>
<arg>HU</arg>
<arg>ID</arg>
<arg>IE</arg>
<arg>IL</arg>
<arg>IM</arg>
<arg>IN</arg>
<arg>IO</arg>
<arg>IQ</arg>
<arg>IR</arg>
<arg>IS</arg>
<arg>IT</arg>
<arg>JE</arg>
<arg>JM</arg>
<arg>JO</arg>
<arg>JP</arg>
<arg>KE</arg>
<arg>KG</arg>
<arg>KH</arg>
<arg>KI</arg>
<arg>KM</arg>
<arg>KN</arg>
<arg>KP</arg>
<arg>KR</arg>
<arg>KW</arg>
<arg>KY</arg>
<arg>KZ</arg>
<arg>LA</arg>
<arg>LB</arg>
<arg>LC</arg>
<arg>LI</arg>
<arg>LK</arg>
<arg>LR</arg>
<arg>LS</arg>
<arg>LT</arg>
<arg>LU</arg>
<arg>LV</arg>
<arg>LY</arg>
<arg>MA</arg>
<arg>MC</arg>
<arg>MD</arg>
<arg>ME</arg>
<arg>MF</arg>
<arg>MG</arg>
<arg>MH</arg>
<arg>MK</arg>
<arg>ML</arg>
<arg>MM</arg>
<arg>MN</arg>
<arg>MO</arg>
<arg>MP</arg>
<arg>MQ</arg>
<arg>MR</arg>
<arg>MS</arg>
<arg>MT</arg>
<arg>MU</arg>
<arg>MV</arg>
<arg>MW</arg>
<arg>MX</arg>
<arg>MY</arg>
<arg>MZ</arg>
<arg>NA</arg>
<arg>NC</arg>
<arg>NE</arg>
<arg>NF</arg>
<arg>NG</arg>
<arg>NI</arg>
<arg>NL</arg>
<arg>NO</arg>
<arg>NP</arg>
<arg>NR</arg>
<arg>NU</arg>
<arg>NZ</arg>
<arg>OM</arg>
<arg>PA</arg>
<arg>PE</arg>
<arg>PF</arg>
<arg>PG</arg>
<arg>PH</arg>
<arg>PK</arg>
<arg>PL</arg>
<arg>PM</arg>
<arg>PN</arg>
<arg>PR</arg>
<arg>PS</arg>
<arg>PT</arg>
<arg>PW</arg>
<arg>PY</arg>
<arg>QA</arg>
<arg>RE</arg>
<arg>RO</arg>
<arg>RS</arg>
<arg>RU</arg>
<arg>RW</arg>
<arg>SA</arg>
<arg>SB</arg>
<arg>SC</arg>
<arg>SD</arg>
<arg>SE</arg>
<arg>SG</arg>
<arg>SH</arg>
<arg>SI</arg>
<arg>SJ</arg>
<arg>SK</arg>
<arg>SL</arg>
<arg>SM</arg>
<arg>SN</arg>
<arg>SO</arg>
<arg>SR</arg>
<arg>SS</arg>
<arg>ST</arg>
<arg>SV</arg>
<arg>SX</arg>
<arg>SY</arg>
<arg>SZ</arg>
<arg>TC</arg>
<arg>TD</arg>
<arg>TF</arg>
<arg>TG</arg>
<arg>TH</arg>
<arg>TJ</arg>
<arg>TK</arg>
<arg>TL</arg>
<arg>TM</arg>
<arg>TN</arg>
<arg>TO</arg>
<arg>TR</arg>
<arg>TT</arg>
<arg>TV</arg>
<arg>TW</arg>
<arg>TZ</arg>
<arg>UA</arg>
<arg>UG</arg>
<arg>UM</arg>
<arg>US</arg>
<arg>UY</arg>
<arg>UZ</arg>
<arg>VA</arg>
<arg>VC</arg>
<arg>VE</arg>
<arg>VG</arg>
<arg>VI</arg>
<arg>VN</arg>
<arg>VU</arg>
<arg>WF</arg>
<arg>WS</arg>
<arg>XK</arg>
<arg>YE</arg>
<arg>YT</arg>
<arg>ZA</arg>
<arg>ZM</arg>
<arg>ZW</arg>
<doc>Returns a list containing given items.</doc>
<status status="PASS" start="2024-06-09T02:33:48.713004" elapsed="0.000627"/>
</kw>
<kw name="List Should Contain Value" owner="Collections">
<msg time="2024-06-09T02:33:48.714644" level="INFO">False</msg>
<arg>${list_country}</arg>
<arg>${name_country}</arg>
<doc>Fails if the ``value`` is not found from ``list``.</doc>
<status status="PASS" start="2024-06-09T02:33:48.714438" elapsed="0.000241"/>
</kw>
<kw name="Run Keyword If" owner="BuiltIn">
<kw name="Should Be True" owner="BuiltIn">
<arg>${True}</arg>
<doc>Fails if the given condition is not true.</doc>
<status status="PASS" start="2024-06-09T02:33:48.715741" elapsed="0.000142"/>
</kw>
<arg>${json_data["results"][0]["location"]["coordinates"]["latitude"]} &gt;= -90 and ${json_data["results"][0]["location"]["coordinates"]["latitude"]} &lt;= 90</arg>
<arg>Should Be True</arg>
<arg>${True}</arg>
<doc>Runs the given keyword with the given arguments, if ``condition`` is true.</doc>
<status status="PASS" start="2024-06-09T02:33:48.714994" elapsed="0.001014"/>
</kw>
<kw name="Run Keyword If" owner="BuiltIn">
<kw name="Should Be True" owner="BuiltIn">
<arg>${True}</arg>
<doc>Fails if the given condition is not true.</doc>
<status status="PASS" start="2024-06-09T02:33:48.716873" elapsed="0.000135"/>
</kw>
<arg>${json_data["results"][0]["location"]["coordinates"]["longitude"]} &gt;= -180 and ${json_data["results"][0]["location"]["coordinates"]["longitude"]} &lt;= 180</arg>
<arg>Should Be True</arg>
<arg>${True}</arg>
<doc>Runs the given keyword with the given arguments, if ``condition`` is true.</doc>
<status status="PASS" start="2024-06-09T02:33:48.716192" elapsed="0.000938"/>
</kw>
<status status="PASS" start="2024-06-09T02:33:48.606329" elapsed="0.110933"/>
</kw>
<doc>Testa o conteúdo específico dos campos retornados pela API.</doc>
<tag>testeConteudo</tag>
<status status="PASS" start="2024-06-09T02:33:48.605588" elapsed="0.111824"/>
</test>
<status status="PASS" start="2024-06-09T02:33:47.606507" elapsed="1.112853"/>
</suite>
<status status="PASS" start="2024-06-09T02:33:47.591853" elapsed="1.132691"/>
</suite>
<statistics>
<total>
<stat pass="5" fail="0" skip="0">All Tests</stat>
</total>
<tag>
<stat pass="1" fail="0" skip="0">testeConteudo</stat>
<stat pass="1" fail="0" skip="0">testeEstruturaResposta</stat>
<stat pass="1" fail="0" skip="0">testeRequisicaoBasica</stat>
<stat pass="1" fail="0" skip="0">testeTiposDados</stat>
</tag>
<suite>
<stat pass="5" fail="0" skip="0" id="s1" name="Tests">Tests</stat>
<stat pass="5" fail="0" skip="0" id="s1-s1" name="Random-User-Test">Tests.Random-User-Test</stat>
</suite>
</statistics>
<errors>
</errors>
</robot>
