<?xml version="1.0" encoding="UTF-8"?>
<robot generator="Robot 7.0 (Python 3.12.3 on linux)" generated="2024-05-08T18:18:46.243795" rpa="false" schemaversion="5">
<suite id="s1" name="Tests" source="/home/runner/work/DesafioQAItauRogerioJordao/DesafioQAItauRogerioJordao/RamdonUser/tests">
<suite id="s1-s1" name="Random-User-Test" source="/home/runner/work/DesafioQAItauRogerioJordao/DesafioQAItauRogerioJordao/RamdonUser/tests/random-user-test.robot">
<test id="s1-s1-t1" name="Conectar" line="13">
<kw name="Conectar API" owner="random-user-service">
<kw name="Create Session" owner="RequestsLibrary">
<msg time="2024-05-08T18:18:46.608073" level="INFO">Creating Session using : alias=consultarAPI, url=https://randomuser.me/, headers={},                     cookies={}, auth=None, timeout=None, proxies=None, verify=False,                     debug=0 </msg>
<arg>consultarAPI</arg>
<arg>${URL}</arg>
<doc>Create Session: create a HTTP session to a server</doc>
<status status="PASS" start="2024-05-08T18:18:46.607884" elapsed="0.000351"/>
</kw>
<status status="PASS" start="2024-05-08T18:18:46.606957" elapsed="0.001604"/>
</kw>
<status status="PASS" start="2024-05-08T18:18:46.606452" elapsed="0.002296"/>
</test>
<test id="s1-s1-t2" name="Validar retorno 200 e JSON Válido" line="16">
<kw name="Teste de Requisicao Basica" owner="random-user-service">
<kw name="GET On Session" owner="RequestsLibrary">
<msg time="2024-05-08T18:18:46.809890" level="INFO">GET Request : url=https://randomuser.me/api 
 path_url=/api 
 headers={'User-Agent': 'python-requests/2.31.0', 'Accept-Encoding': 'gzip, deflate', 'Accept': '*/*', 'Connection': 'keep-alive'} 
 body=None 
 </msg>
<msg time="2024-05-08T18:18:46.809995" level="INFO">GET Response : url=https://randomuser.me/api 
 status=200, reason=OK 
 headers={'Date': 'Wed, 08 May 2024 18:18:46 GMT', 'Content-Type': 'application/json; charset=utf-8', 'Transfer-Encoding': 'chunked', 'Connection': 'keep-alive', 'X-Powered-By': 'Express', 'Access-Control-Allow-Origin': '*', 'Cache-Control': 'no-cache', 'ETag': 'W/"4b8-iR2tCV+2Sdy+k1Y/32iANDSBZek"', 'Vary': 'Accept-Encoding', 'Content-Encoding': 'gzip', 'CF-Cache-Status': 'DYNAMIC', 'Report-To': '{"endpoints":[{"url":"https:\\/\\/a.nel.cloudflare.com\\/report\\/v4?s=zDMtFRgbEf%2FGe%2FnP2nhZ6k502by4LP4zAIQb1IUI1oGna5t0N2GFc6yxXp3eOzElUJKab%2BSpdogS%2Bfi74Gdor1EHU%2FkRlGj81WKob3Nk4x13hmE%2F%2FauP8qT82ycUt%2Fqd"}],"group":"cf-nel","max_age":604800}', 'NEL': '{"success_fraction":0,"report_to":"cf-nel","max_age":604800}', 'Server': 'cloudflare', 'CF-RAY': '880b744a381e2431-IAD', 'alt-svc': 'h3=":443"; ma=86400'} 
 body={"results":[{"gender":"female","name":{"title":"Miss","first":"Sheila","last":"Montgomery"},"location":{"street":{"number":3810,"name":"Groveland Terrace"},"city":"Fountain Valley","state":"West Virginia","country":"United States","postcode":35067,"coordinates":{"latitude":"88.7857","longitude":"32.1051"},"timezone":{"offset":"+3:00","description":"Baghdad, Riyadh, Moscow, St. Petersburg"}},"email":"sheila.montgomery@example.com","login":{"uuid":"d908655f-4f9e-4cd3-9483-d2999e4f5c85","username":"blueswan262","password":"letter","salt":"8J3WYlJp","md5":"02d1be0dbc82292a83fa4a617a91359f","sha1":"06378e5808adea0b870f946cab373d0701af727a","sha256":"76d5e12878096b3370db7dd9edddbd6b483d557ac7382fa7fdee35533f4c62c7"},"dob":{"date":"1977-05-01T03:16:10.813Z","age":47},"registered":{"date":"2014-09-21T03:18:43.260Z","age":9},"phone":"(939) 475-3657","cell":"(571) 758-0948","id":{"name":"SSN","value":"065-86-3810"},"picture":{"large":"https://randomuser.me/api/portraits/women/58.jpg","medium":"https://randomuser.me/api/portraits/med/women/58.jpg","thumbnail":"https://randomuser.me/api/portraits/thumb/women/58.jpg"},"nat":"US"}],"info":{"seed":"ccb7158901789a35","results":1,"page":1,"version":"1.4"}} 
 </msg>
<msg time="2024-05-08T18:18:46.810062" level="INFO">/opt/hostedtoolcache/Python/3.12.3/x64/lib/python3.12/site-packages/urllib3/connectionpool.py:1103: InsecureRequestWarning: Unverified HTTPS request is being made to host 'randomuser.me'. Adding certificate verification is strongly advised. See: https://urllib3.readthedocs.io/en/latest/advanced-usage.html#tls-warnings
  warnings.warn(</msg>
<msg time="2024-05-08T18:18:46.810174" level="INFO">${response} = &lt;Response [200]&gt;</msg>
<var>${response}</var>
<arg>consultarAPI</arg>
<arg>/api</arg>
<doc>Sends a GET request on a previously created HTTP Session.</doc>
<status status="PASS" start="2024-05-08T18:18:46.611326" elapsed="0.198886"/>
</kw>
<kw name="Should Be Equal As Numbers" owner="BuiltIn">
<msg time="2024-05-08T18:18:46.811019" level="INFO">Argument types are:
&lt;class 'int'&gt;
&lt;class 'str'&gt;</msg>
<arg>${response.status_code}</arg>
<arg>200</arg>
<doc>Fails if objects are unequal after converting them to real numbers.</doc>
<status status="PASS" start="2024-05-08T18:18:46.810614" elapsed="0.000468"/>
</kw>
<kw name="Log" owner="BuiltIn">
<msg time="2024-05-08T18:18:46.811821" level="INFO">200</msg>
<arg>${response.status_code}</arg>
<doc>Logs the given message with the given level.</doc>
<status status="PASS" start="2024-05-08T18:18:46.811457" elapsed="0.000407"/>
</kw>
<kw name="Set Variable" owner="BuiltIn">
<msg time="2024-05-08T18:18:46.812609" level="INFO">${json_data} = {'results': [{'gender': 'female', 'name': {'title': 'Miss', 'first': 'Sheila', 'last': 'Montgomery'}, 'location': {'street': {'number': 3810, 'name': 'Groveland Terrace'}, 'city': 'Fountain Valley', '...</msg>
<var>${json_data}</var>
<arg>${response.json()}</arg>
<doc>Returns the given values which can then be assigned to a variables.</doc>
<status status="PASS" start="2024-05-08T18:18:46.812170" elapsed="0.000468"/>
</kw>
<kw name="Dictionary Should Contain Key" owner="Collections">
<msg time="2024-05-08T18:18:46.813100" level="INFO">False</msg>
<arg>${json_data}</arg>
<arg>results</arg>
<doc>Fails if ``key`` is not found from ``dictionary``.</doc>
<status status="PASS" start="2024-05-08T18:18:46.812938" elapsed="0.000201"/>
</kw>
<status status="PASS" start="2024-05-08T18:18:46.611087" elapsed="0.202302"/>
</kw>
<doc>Testa se a API responde corretamente e retorna um objeto JSON válido.</doc>
<tag>testeRequisicaoBasica</tag>
<status status="PASS" start="2024-05-08T18:18:46.610634" elapsed="0.202921"/>
</test>
<test id="s1-s1-t3" name="Validar estrutura de resposta" line="22">
<kw name="Teste de Estrutura de Resposta" owner="random-user-service">
<kw name="GET On Session" owner="RequestsLibrary">
<msg time="2024-05-08T18:18:46.902020" level="INFO">GET Request : url=https://randomuser.me/api 
 path_url=/api 
 headers={'User-Agent': 'python-requests/2.31.0', 'Accept-Encoding': 'gzip, deflate', 'Accept': '*/*', 'Connection': 'keep-alive'} 
 body=None 
 </msg>
<msg time="2024-05-08T18:18:46.902103" level="INFO">GET Response : url=https://randomuser.me/api 
 status=200, reason=OK 
 headers={'Date': 'Wed, 08 May 2024 18:18:46 GMT', 'Content-Type': 'application/json; charset=utf-8', 'Transfer-Encoding': 'chunked', 'Connection': 'keep-alive', 'X-Powered-By': 'Express', 'Access-Control-Allow-Origin': '*', 'Cache-Control': 'no-cache', 'ETag': 'W/"496-4dBxO4mARoTRE2YL/6Gtwuq+J4M"', 'Vary': 'Accept-Encoding', 'Content-Encoding': 'gzip', 'CF-Cache-Status': 'DYNAMIC', 'Report-To': '{"endpoints":[{"url":"https:\\/\\/a.nel.cloudflare.com\\/report\\/v4?s=7TIeHwf5vJcYoSdmedXL4%2F5IytvChyu8SKJqfbarK4ruP399BZcrzzUCr%2BBY8W3mi0rzPWwC7AtlGyP%2Bx3vf2%2F680B2tV7Xncu1poazkXNvUMnxMAC1pykMw9Fic5aID"}],"group":"cf-nel","max_age":604800}', 'NEL': '{"success_fraction":0,"report_to":"cf-nel","max_age":604800}', 'Server': 'cloudflare', 'CF-RAY': '880b744aa8962431-IAD', 'alt-svc': 'h3=":443"; ma=86400'} 
 body={"results":[{"gender":"female","name":{"title":"Ms","first":"Oya","last":"Yazıcı"},"location":{"street":{"number":4785,"name":"Şehitler Cd"},"city":"Kütahya","state":"Kahramanmaraş","country":"Turkey","postcode":43251,"coordinates":{"latitude":"69.5222","longitude":"21.5978"},"timezone":{"offset":"0:00","description":"Western Europe Time, London, Lisbon, Casablanca"}},"email":"oya.yazici@example.com","login":{"uuid":"cdd77589-5869-4216-8f86-81a221fa4075","username":"greenleopard163","password":"lord","salt":"HxMkgxX8","md5":"4f17287c431e850c0cc86f90a15d046e","sha1":"0038349f944c97051e1ca980c17a9239908d8e20","sha256":"d464f894a342befb5e9125ef6ef32aa684ac37a134f38c96c5df910c1d5ca35d"},"dob":{"date":"1980-03-09T16:34:27.223Z","age":44},"registered":{"date":"2005-12-12T15:25:51.305Z","age":18},"phone":"(096)-204-3615","cell":"(583)-165-0414","id":{"name":"","value":null},"picture":{"large":"https://randomuser.me/api/portraits/women/17.jpg","medium":"https://randomuser.me/api/portraits/med/women/17.jpg","thumbnail":"https://randomuser.me/api/portraits/thumb/women/17.jpg"},"nat":"TR"}],"info":{"seed":"11a43ba1e904eca5","results":1,"page":1,"version":"1.4"}} 
 </msg>
<msg time="2024-05-08T18:18:46.902210" level="INFO">/opt/hostedtoolcache/Python/3.12.3/x64/lib/python3.12/site-packages/urllib3/connectionpool.py:1103: InsecureRequestWarning: Unverified HTTPS request is being made to host 'randomuser.me'. Adding certificate verification is strongly advised. See: https://urllib3.readthedocs.io/en/latest/advanced-usage.html#tls-warnings
  warnings.warn(</msg>
<msg time="2024-05-08T18:18:46.902309" level="INFO">${response} = &lt;Response [200]&gt;</msg>
<var>${response}</var>
<arg>consultarAPI</arg>
<arg>/api</arg>
<doc>Sends a GET request on a previously created HTTP Session.</doc>
<status status="PASS" start="2024-05-08T18:18:46.816132" elapsed="0.086215"/>
</kw>
<kw name="Set Variable" owner="BuiltIn">
<msg time="2024-05-08T18:18:46.903192" level="INFO">${json_data} = {'results': [{'gender': 'female', 'name': {'title': 'Ms', 'first': 'Oya', 'last': 'Yazıcı'}, 'location': {'street': {'number': 4785, 'name': 'Şehitler Cd'}, 'city': 'Kütahya', 'state': 'Kahramanmaraş'...</msg>
<var>${json_data}</var>
<arg>${response.json()}</arg>
<doc>Returns the given values which can then be assigned to a variables.</doc>
<status status="PASS" start="2024-05-08T18:18:46.902719" elapsed="0.000504"/>
</kw>
<kw name="Log" owner="BuiltIn">
<msg time="2024-05-08T18:18:46.903739" level="INFO">{'results': [{'gender': 'female', 'name': {'title': 'Ms', 'first': 'Oya', 'last': 'Yazıcı'}, 'location': {'street': {'number': 4785, 'name': 'Şehitler Cd'}, 'city': 'Kütahya', 'state': 'Kahramanmaraş', 'country': 'Turkey', 'postcode': 43251, 'coordinates': {'latitude': '69.5222', 'longitude': '21.5978'}, 'timezone': {'offset': '0:00', 'description': 'Western Europe Time, London, Lisbon, Casablanca'}}, 'email': 'oya.yazici@example.com', 'login': {'uuid': 'cdd77589-5869-4216-8f86-81a221fa4075', 'username': 'greenleopard163', 'password': 'lord', 'salt': 'HxMkgxX8', 'md5': '4f17287c431e850c0cc86f90a15d046e', 'sha1': '0038349f944c97051e1ca980c17a9239908d8e20', 'sha256': 'd464f894a342befb5e9125ef6ef32aa684ac37a134f38c96c5df910c1d5ca35d'}, 'dob': {'date': '1980-03-09T16:34:27.223Z', 'age': 44}, 'registered': {'date': '2005-12-12T15:25:51.305Z', 'age': 18}, 'phone': '(096)-204-3615', 'cell': '(583)-165-0414', 'id': {'name': '', 'value': None}, 'picture': {'large': 'https://randomuser.me/api/portraits/women/17.jpg', 'medium': 'https://randomuser.me/api/portraits/med/women/17.jpg', 'thumbnail': 'https://randomuser.me/api/portraits/thumb/women/17.jpg'}, 'nat': 'TR'}], 'info': {'seed': '11a43ba1e904eca5', 'results': 1, 'page': 1, 'version': '1.4'}}</msg>
<arg>${json_data}</arg>
<doc>Logs the given message with the given level.</doc>
<status status="PASS" start="2024-05-08T18:18:46.903568" elapsed="0.000225"/>
</kw>
<kw name="Dictionary Should Contain Key" owner="Collections">
<msg time="2024-05-08T18:18:46.904253" level="INFO">False</msg>
<arg>${json_data}</arg>
<arg>results</arg>
<doc>Fails if ``key`` is not found from ``dictionary``.</doc>
<status status="PASS" start="2024-05-08T18:18:46.904099" elapsed="0.000193"/>
</kw>
<kw name="Should Not Be Empty" owner="BuiltIn">
<msg time="2024-05-08T18:18:46.904716" level="INFO">Length is 2.</msg>
<arg>${json_data}</arg>
<doc>Verifies that the given item is not empty.</doc>
<status status="PASS" start="2024-05-08T18:18:46.904586" elapsed="0.000168"/>
</kw>
<kw name="Create List" owner="BuiltIn">
<msg time="2024-05-08T18:18:46.905319" level="INFO">${expected_keys} = ['gender', 'name', 'location', 'email', 'login']</msg>
<var>${expected_keys}</var>
<arg>gender</arg>
<arg>name</arg>
<arg>location</arg>
<arg>email</arg>
<arg>login</arg>
<doc>Returns a list containing given items.</doc>
<status status="PASS" start="2024-05-08T18:18:46.905045" elapsed="0.000299"/>
</kw>
<for flavor="IN">
<iter>
<kw name="Dictionary Should Contain Key" owner="Collections">
<msg time="2024-05-08T18:18:46.906330" level="INFO">False</msg>
<arg>${json_data['results'][0]}</arg>
<arg>${key}</arg>
<doc>Fails if ``key`` is not found from ``dictionary``.</doc>
<status status="PASS" start="2024-05-08T18:18:46.905919" elapsed="0.000449"/>
</kw>
<kw name="Log" owner="BuiltIn">
<msg time="2024-05-08T18:18:46.907049" level="INFO">{'gender': 'female', 'name': {'title': 'Ms', 'first': 'Oya', 'last': 'Yazıcı'}, 'location': {'street': {'number': 4785, 'name': 'Şehitler Cd'}, 'city': 'Kütahya', 'state': 'Kahramanmaraş', 'country': 'Turkey', 'postcode': 43251, 'coordinates': {'latitude': '69.5222', 'longitude': '21.5978'}, 'timezone': {'offset': '0:00', 'description': 'Western Europe Time, London, Lisbon, Casablanca'}}, 'email': 'oya.yazici@example.com', 'login': {'uuid': 'cdd77589-5869-4216-8f86-81a221fa4075', 'username': 'greenleopard163', 'password': 'lord', 'salt': 'HxMkgxX8', 'md5': '4f17287c431e850c0cc86f90a15d046e', 'sha1': '0038349f944c97051e1ca980c17a9239908d8e20', 'sha256': 'd464f894a342befb5e9125ef6ef32aa684ac37a134f38c96c5df910c1d5ca35d'}, 'dob': {'date': '1980-03-09T16:34:27.223Z', 'age': 44}, 'registered': {'date': '2005-12-12T15:25:51.305Z', 'age': 18}, 'phone': '(096)-204-3615', 'cell': '(583)-165-0414', 'id': {'name': '', 'value': None}, 'picture': {'large': 'https://randomuser.me/api/portraits/women/17.jpg', 'medium': 'https://randomuser.me/api/portraits/med/women/17.jpg', 'thumbnail': 'https://randomuser.me/api/portraits/thumb/women/17.jpg'}, 'nat': 'TR'}</msg>
<arg>${json_data['results'][0]}</arg>
<doc>Logs the given message with the given level.</doc>
<status status="PASS" start="2024-05-08T18:18:46.906675" elapsed="0.000425"/>
</kw>
<kw name="Log" owner="BuiltIn">
<msg time="2024-05-08T18:18:46.907550" level="INFO">gender</msg>
<arg>${key}</arg>
<doc>Logs the given message with the given level.</doc>
<status status="PASS" start="2024-05-08T18:18:46.907418" elapsed="0.000171"/>
</kw>
<var name="${key}">gender</var>
<status status="PASS" start="2024-05-08T18:18:46.905793" elapsed="0.002015"/>
</iter>
<iter>
<kw name="Dictionary Should Contain Key" owner="Collections">
<msg time="2024-05-08T18:18:46.908509" level="INFO">False</msg>
<arg>${json_data['results'][0]}</arg>
<arg>${key}</arg>
<doc>Fails if ``key`` is not found from ``dictionary``.</doc>
<status status="PASS" start="2024-05-08T18:18:46.908111" elapsed="0.000435"/>
</kw>
<kw name="Log" owner="BuiltIn">
<msg time="2024-05-08T18:18:46.909235" level="INFO">{'gender': 'female', 'name': {'title': 'Ms', 'first': 'Oya', 'last': 'Yazıcı'}, 'location': {'street': {'number': 4785, 'name': 'Şehitler Cd'}, 'city': 'Kütahya', 'state': 'Kahramanmaraş', 'country': 'Turkey', 'postcode': 43251, 'coordinates': {'latitude': '69.5222', 'longitude': '21.5978'}, 'timezone': {'offset': '0:00', 'description': 'Western Europe Time, London, Lisbon, Casablanca'}}, 'email': 'oya.yazici@example.com', 'login': {'uuid': 'cdd77589-5869-4216-8f86-81a221fa4075', 'username': 'greenleopard163', 'password': 'lord', 'salt': 'HxMkgxX8', 'md5': '4f17287c431e850c0cc86f90a15d046e', 'sha1': '0038349f944c97051e1ca980c17a9239908d8e20', 'sha256': 'd464f894a342befb5e9125ef6ef32aa684ac37a134f38c96c5df910c1d5ca35d'}, 'dob': {'date': '1980-03-09T16:34:27.223Z', 'age': 44}, 'registered': {'date': '2005-12-12T15:25:51.305Z', 'age': 18}, 'phone': '(096)-204-3615', 'cell': '(583)-165-0414', 'id': {'name': '', 'value': None}, 'picture': {'large': 'https://randomuser.me/api/portraits/women/17.jpg', 'medium': 'https://randomuser.me/api/portraits/med/women/17.jpg', 'thumbnail': 'https://randomuser.me/api/portraits/thumb/women/17.jpg'}, 'nat': 'TR'}</msg>
<arg>${json_data['results'][0]}</arg>
<doc>Logs the given message with the given level.</doc>
<status status="PASS" start="2024-05-08T18:18:46.908870" elapsed="0.000417"/>
</kw>
<kw name="Log" owner="BuiltIn">
<msg time="2024-05-08T18:18:46.909713" level="INFO">name</msg>
<arg>${key}</arg>
<doc>Logs the given message with the given level.</doc>
<status status="PASS" start="2024-05-08T18:18:46.909587" elapsed="0.000163"/>
</kw>
<var name="${key}">name</var>
<status status="PASS" start="2024-05-08T18:18:46.907996" elapsed="0.001968"/>
</iter>
<iter>
<kw name="Dictionary Should Contain Key" owner="Collections">
<msg time="2024-05-08T18:18:46.910640" level="INFO">False</msg>
<arg>${json_data['results'][0]}</arg>
<arg>${key}</arg>
<doc>Fails if ``key`` is not found from ``dictionary``.</doc>
<status status="PASS" start="2024-05-08T18:18:46.910256" elapsed="0.000421"/>
</kw>
<kw name="Log" owner="BuiltIn">
<msg time="2024-05-08T18:18:46.911373" level="INFO">{'gender': 'female', 'name': {'title': 'Ms', 'first': 'Oya', 'last': 'Yazıcı'}, 'location': {'street': {'number': 4785, 'name': 'Şehitler Cd'}, 'city': 'Kütahya', 'state': 'Kahramanmaraş', 'country': 'Turkey', 'postcode': 43251, 'coordinates': {'latitude': '69.5222', 'longitude': '21.5978'}, 'timezone': {'offset': '0:00', 'description': 'Western Europe Time, London, Lisbon, Casablanca'}}, 'email': 'oya.yazici@example.com', 'login': {'uuid': 'cdd77589-5869-4216-8f86-81a221fa4075', 'username': 'greenleopard163', 'password': 'lord', 'salt': 'HxMkgxX8', 'md5': '4f17287c431e850c0cc86f90a15d046e', 'sha1': '0038349f944c97051e1ca980c17a9239908d8e20', 'sha256': 'd464f894a342befb5e9125ef6ef32aa684ac37a134f38c96c5df910c1d5ca35d'}, 'dob': {'date': '1980-03-09T16:34:27.223Z', 'age': 44}, 'registered': {'date': '2005-12-12T15:25:51.305Z', 'age': 18}, 'phone': '(096)-204-3615', 'cell': '(583)-165-0414', 'id': {'name': '', 'value': None}, 'picture': {'large': 'https://randomuser.me/api/portraits/women/17.jpg', 'medium': 'https://randomuser.me/api/portraits/med/women/17.jpg', 'thumbnail': 'https://randomuser.me/api/portraits/thumb/women/17.jpg'}, 'nat': 'TR'}</msg>
<arg>${json_data['results'][0]}</arg>
<doc>Logs the given message with the given level.</doc>
<status status="PASS" start="2024-05-08T18:18:46.910974" elapsed="0.000456"/>
</kw>
<kw name="Log" owner="BuiltIn">
<msg time="2024-05-08T18:18:46.911861" level="INFO">location</msg>
<arg>${key}</arg>
<doc>Logs the given message with the given level.</doc>
<status status="PASS" start="2024-05-08T18:18:46.911734" elapsed="0.000164"/>
</kw>
<var name="${key}">location</var>
<status status="PASS" start="2024-05-08T18:18:46.910143" elapsed="0.001969"/>
</iter>
<iter>
<kw name="Dictionary Should Contain Key" owner="Collections">
<msg time="2024-05-08T18:18:46.912784" level="INFO">False</msg>
<arg>${json_data['results'][0]}</arg>
<arg>${key}</arg>
<doc>Fails if ``key`` is not found from ``dictionary``.</doc>
<status status="PASS" start="2024-05-08T18:18:46.912395" elapsed="0.000426"/>
</kw>
<kw name="Log" owner="BuiltIn">
<msg time="2024-05-08T18:18:46.913489" level="INFO">{'gender': 'female', 'name': {'title': 'Ms', 'first': 'Oya', 'last': 'Yazıcı'}, 'location': {'street': {'number': 4785, 'name': 'Şehitler Cd'}, 'city': 'Kütahya', 'state': 'Kahramanmaraş', 'country': 'Turkey', 'postcode': 43251, 'coordinates': {'latitude': '69.5222', 'longitude': '21.5978'}, 'timezone': {'offset': '0:00', 'description': 'Western Europe Time, London, Lisbon, Casablanca'}}, 'email': 'oya.yazici@example.com', 'login': {'uuid': 'cdd77589-5869-4216-8f86-81a221fa4075', 'username': 'greenleopard163', 'password': 'lord', 'salt': 'HxMkgxX8', 'md5': '4f17287c431e850c0cc86f90a15d046e', 'sha1': '0038349f944c97051e1ca980c17a9239908d8e20', 'sha256': 'd464f894a342befb5e9125ef6ef32aa684ac37a134f38c96c5df910c1d5ca35d'}, 'dob': {'date': '1980-03-09T16:34:27.223Z', 'age': 44}, 'registered': {'date': '2005-12-12T15:25:51.305Z', 'age': 18}, 'phone': '(096)-204-3615', 'cell': '(583)-165-0414', 'id': {'name': '', 'value': None}, 'picture': {'large': 'https://randomuser.me/api/portraits/women/17.jpg', 'medium': 'https://randomuser.me/api/portraits/med/women/17.jpg', 'thumbnail': 'https://randomuser.me/api/portraits/thumb/women/17.jpg'}, 'nat': 'TR'}</msg>
<arg>${json_data['results'][0]}</arg>
<doc>Logs the given message with the given level.</doc>
<status status="PASS" start="2024-05-08T18:18:46.913120" elapsed="0.000421"/>
</kw>
<kw name="Log" owner="BuiltIn">
<msg time="2024-05-08T18:18:46.913963" level="INFO">email</msg>
<arg>${key}</arg>
<doc>Logs the given message with the given level.</doc>
<status status="PASS" start="2024-05-08T18:18:46.913837" elapsed="0.000163"/>
</kw>
<var name="${key}">email</var>
<status status="PASS" start="2024-05-08T18:18:46.912284" elapsed="0.001926"/>
</iter>
<iter>
<kw name="Dictionary Should Contain Key" owner="Collections">
<msg time="2024-05-08T18:18:46.914889" level="INFO">False</msg>
<arg>${json_data['results'][0]}</arg>
<arg>${key}</arg>
<doc>Fails if ``key`` is not found from ``dictionary``.</doc>
<status status="PASS" start="2024-05-08T18:18:46.914495" elapsed="0.000431"/>
</kw>
<kw name="Log" owner="BuiltIn">
<msg time="2024-05-08T18:18:46.915611" level="INFO">{'gender': 'female', 'name': {'title': 'Ms', 'first': 'Oya', 'last': 'Yazıcı'}, 'location': {'street': {'number': 4785, 'name': 'Şehitler Cd'}, 'city': 'Kütahya', 'state': 'Kahramanmaraş', 'country': 'Turkey', 'postcode': 43251, 'coordinates': {'latitude': '69.5222', 'longitude': '21.5978'}, 'timezone': {'offset': '0:00', 'description': 'Western Europe Time, London, Lisbon, Casablanca'}}, 'email': 'oya.yazici@example.com', 'login': {'uuid': 'cdd77589-5869-4216-8f86-81a221fa4075', 'username': 'greenleopard163', 'password': 'lord', 'salt': 'HxMkgxX8', 'md5': '4f17287c431e850c0cc86f90a15d046e', 'sha1': '0038349f944c97051e1ca980c17a9239908d8e20', 'sha256': 'd464f894a342befb5e9125ef6ef32aa684ac37a134f38c96c5df910c1d5ca35d'}, 'dob': {'date': '1980-03-09T16:34:27.223Z', 'age': 44}, 'registered': {'date': '2005-12-12T15:25:51.305Z', 'age': 18}, 'phone': '(096)-204-3615', 'cell': '(583)-165-0414', 'id': {'name': '', 'value': None}, 'picture': {'large': 'https://randomuser.me/api/portraits/women/17.jpg', 'medium': 'https://randomuser.me/api/portraits/med/women/17.jpg', 'thumbnail': 'https://randomuser.me/api/portraits/thumb/women/17.jpg'}, 'nat': 'TR'}</msg>
<arg>${json_data['results'][0]}</arg>
<doc>Logs the given message with the given level.</doc>
<status status="PASS" start="2024-05-08T18:18:46.915223" elapsed="0.000438"/>
</kw>
<kw name="Log" owner="BuiltIn">
<msg time="2024-05-08T18:18:46.916089" level="INFO">login</msg>
<arg>${key}</arg>
<doc>Logs the given message with the given level.</doc>
<status status="PASS" start="2024-05-08T18:18:46.915963" elapsed="0.000162"/>
</kw>
<var name="${key}">login</var>
<status status="PASS" start="2024-05-08T18:18:46.914384" elapsed="0.001978"/>
</iter>
<var>${key}</var>
<value>@{expected_keys}</value>
<status status="PASS" start="2024-05-08T18:18:46.905610" elapsed="0.010878"/>
</for>
<kw name="Create List" owner="BuiltIn">
<msg time="2024-05-08T18:18:46.916818" level="INFO">${expected_keysTwo} = ['username', 'password']</msg>
<var>${expected_keysTwo}</var>
<arg>username</arg>
<arg>password</arg>
<doc>Returns a list containing given items.</doc>
<status status="PASS" start="2024-05-08T18:18:46.916680" elapsed="0.000162"/>
</kw>
<for flavor="IN">
<iter>
<kw name="Dictionary Should Contain Key" owner="Collections">
<msg time="2024-05-08T18:18:46.917734" level="INFO">False</msg>
<arg>${json_data['results'][0]['login']}</arg>
<arg>${keyTwo}</arg>
<doc>Fails if ``key`` is not found from ``dictionary``.</doc>
<status status="PASS" start="2024-05-08T18:18:46.917342" elapsed="0.000429"/>
</kw>
<kw name="Dictionary Should Contain Key" owner="Collections">
<msg time="2024-05-08T18:18:46.918443" level="INFO">False</msg>
<arg>${json_data['results'][0]['login']}</arg>
<arg>${keyTwo}</arg>
<doc>Fails if ``key`` is not found from ``dictionary``.</doc>
<status status="PASS" start="2024-05-08T18:18:46.918063" elapsed="0.000417"/>
</kw>
<kw name="Log" owner="BuiltIn">
<msg time="2024-05-08T18:18:46.918892" level="INFO">username</msg>
<arg>${keyTwo}</arg>
<doc>Logs the given message with the given level.</doc>
<status status="PASS" start="2024-05-08T18:18:46.918769" elapsed="0.000167"/>
</kw>
<var name="${keyTwo}">username</var>
<status status="PASS" start="2024-05-08T18:18:46.917232" elapsed="0.001914"/>
</iter>
<iter>
<kw name="Dictionary Should Contain Key" owner="Collections">
<msg time="2024-05-08T18:18:46.919833" level="INFO">False</msg>
<arg>${json_data['results'][0]['login']}</arg>
<arg>${keyTwo}</arg>
<doc>Fails if ``key`` is not found from ``dictionary``.</doc>
<status status="PASS" start="2024-05-08T18:18:46.919448" elapsed="0.000422"/>
</kw>
<kw name="Dictionary Should Contain Key" owner="Collections">
<msg time="2024-05-08T18:18:46.920621" level="INFO">False</msg>
<arg>${json_data['results'][0]['login']}</arg>
<arg>${keyTwo}</arg>
<doc>Fails if ``key`` is not found from ``dictionary``.</doc>
<status status="PASS" start="2024-05-08T18:18:46.920157" elapsed="0.000503"/>
</kw>
<kw name="Log" owner="BuiltIn">
<msg time="2024-05-08T18:18:46.921080" level="INFO">password</msg>
<arg>${keyTwo}</arg>
<doc>Logs the given message with the given level.</doc>
<status status="PASS" start="2024-05-08T18:18:46.920953" elapsed="0.000164"/>
</kw>
<var name="${keyTwo}">password</var>
<status status="PASS" start="2024-05-08T18:18:46.919317" elapsed="0.002013"/>
</iter>
<var>${keyTwo}</var>
<value>@{expected_keysTwo}</value>
<status status="PASS" start="2024-05-08T18:18:46.917081" elapsed="0.004370"/>
</for>
<status status="PASS" start="2024-05-08T18:18:46.815900" elapsed="0.105689"/>
</kw>
<doc>Testa a estrutura da resposta da API.</doc>
<tag>testeEstruturaResposta</tag>
<status status="PASS" start="2024-05-08T18:18:46.815421" elapsed="0.106313"/>
</test>
<test id="s1-s1-t4" name="Validar tipos de dados" line="28">
<kw name="Teste de Tipos de Dados" owner="random-user-service">
<kw name="GET On Session" owner="RequestsLibrary">
<msg time="2024-05-08T18:18:47.003357" level="INFO">GET Request : url=https://randomuser.me/api 
 path_url=/api 
 headers={'User-Agent': 'python-requests/2.31.0', 'Accept-Encoding': 'gzip, deflate', 'Accept': '*/*', 'Connection': 'keep-alive'} 
 body=None 
 </msg>
<msg time="2024-05-08T18:18:47.003456" level="INFO">GET Response : url=https://randomuser.me/api 
 status=200, reason=OK 
 headers={'Date': 'Wed, 08 May 2024 18:18:47 GMT', 'Content-Type': 'application/json; charset=utf-8', 'Transfer-Encoding': 'chunked', 'Connection': 'keep-alive', 'X-Powered-By': 'Express', 'Access-Control-Allow-Origin': '*', 'Cache-Control': 'no-cache', 'ETag': 'W/"4b4-a50roQCWRM/i2aOfrPPcTH3oTd4"', 'Vary': 'Accept-Encoding', 'Content-Encoding': 'gzip', 'CF-Cache-Status': 'DYNAMIC', 'Report-To': '{"endpoints":[{"url":"https:\\/\\/a.nel.cloudflare.com\\/report\\/v4?s=4w1OaG1Ie05FvS25Hc0qEJZkYOGh3KYiHkIa5hC%2BVVzS0dvBDETEyhrH6R3OUL4gXCnS1ROVw3EBvJyf%2FmkVUaeGkLDGDHyMm67jfBjtiC91INlk%2FhIbyseojrKl8iWQ"}],"group":"cf-nel","max_age":604800}', 'NEL': '{"success_fraction":0,"report_to":"cf-nel","max_age":604800}', 'Server': 'cloudflare', 'CF-RAY': '880b744b49652431-IAD', 'alt-svc': 'h3=":443"; ma=86400'} 
 body={"results":[{"gender":"female","name":{"title":"Miss","first":"Emilia","last":"Rosado"},"location":{"street":{"number":6705,"name":"Diagonal Sur Barrientos"},"city":"Santiago Oxtotitlán","state":"Chihuahua","country":"Mexico","postcode":66635,"coordinates":{"latitude":"29.7048","longitude":"12.3402"},"timezone":{"offset":"+8:00","description":"Beijing, Perth, Singapore, Hong Kong"}},"email":"emilia.rosado@example.com","login":{"uuid":"5c0da9c2-a0f2-445d-b56a-a237d672e70a","username":"purplemouse237","password":"giant","salt":"b8jptZ0t","md5":"c7b3ad592bc8c963b55a3e05e869c332","sha1":"7569d3d0b2c003466aa9e26317e8b042525f531a","sha256":"ac46406dfd88c67f333fe00f46d0bc1e6cc1e014cbb42bb87fc4d19ba0368ac0"},"dob":{"date":"1957-11-07T13:40:28.071Z","age":66},"registered":{"date":"2011-09-15T05:37:02.331Z","age":12},"phone":"(644) 184 0616","cell":"(692) 456 7312","id":{"name":"NSS","value":"24 19 78 7591 3"},"picture":{"large":"https://randomuser.me/api/portraits/women/84.jpg","medium":"https://randomuser.me/api/portraits/med/women/84.jpg","thumbnail":"https://randomuser.me/api/portraits/thumb/women/84.jpg"},"nat":"MX"}],"info":{"seed":"95a932b5aa6b2ef9","results":1,"page":1,"version":"1.4"}} 
 </msg>
<msg time="2024-05-08T18:18:47.003548" level="INFO">/opt/hostedtoolcache/Python/3.12.3/x64/lib/python3.12/site-packages/urllib3/connectionpool.py:1103: InsecureRequestWarning: Unverified HTTPS request is being made to host 'randomuser.me'. Adding certificate verification is strongly advised. See: https://urllib3.readthedocs.io/en/latest/advanced-usage.html#tls-warnings
  warnings.warn(</msg>
<msg time="2024-05-08T18:18:47.003677" level="INFO">${response} = &lt;Response [200]&gt;</msg>
<var>${response}</var>
<arg>consultarAPI</arg>
<arg>/api</arg>
<doc>Sends a GET request on a previously created HTTP Session.</doc>
<status status="PASS" start="2024-05-08T18:18:46.924160" elapsed="0.079561"/>
</kw>
<kw name="Set Variable" owner="BuiltIn">
<msg time="2024-05-08T18:18:47.004960" level="INFO">${json_data} = {'results': [{'gender': 'female', 'name': {'title': 'Miss', 'first': 'Emilia', 'last': 'Rosado'}, 'location': {'street': {'number': 6705, 'name': 'Diagonal Sur Barrientos'}, 'city': 'Santiago Oxtotitl...</msg>
<var>${json_data}</var>
<arg>${response.json()}</arg>
<doc>Returns the given values which can then be assigned to a variables.</doc>
<status status="PASS" start="2024-05-08T18:18:47.004265" elapsed="0.000739"/>
</kw>
<kw name="Log" owner="BuiltIn">
<msg time="2024-05-08T18:18:47.005669" level="INFO">{'results': [{'gender': 'female', 'name': {'title': 'Miss', 'first': 'Emilia', 'last': 'Rosado'}, 'location': {'street': {'number': 6705, 'name': 'Diagonal Sur Barrientos'}, 'city': 'Santiago Oxtotitlán', 'state': 'Chihuahua', 'country': 'Mexico', 'postcode': 66635, 'coordinates': {'latitude': '29.7048', 'longitude': '12.3402'}, 'timezone': {'offset': '+8:00', 'description': 'Beijing, Perth, Singapore, Hong Kong'}}, 'email': 'emilia.rosado@example.com', 'login': {'uuid': '5c0da9c2-a0f2-445d-b56a-a237d672e70a', 'username': 'purplemouse237', 'password': 'giant', 'salt': 'b8jptZ0t', 'md5': 'c7b3ad592bc8c963b55a3e05e869c332', 'sha1': '7569d3d0b2c003466aa9e26317e8b042525f531a', 'sha256': 'ac46406dfd88c67f333fe00f46d0bc1e6cc1e014cbb42bb87fc4d19ba0368ac0'}, 'dob': {'date': '1957-11-07T13:40:28.071Z', 'age': 66}, 'registered': {'date': '2011-09-15T05:37:02.331Z', 'age': 12}, 'phone': '(644) 184 0616', 'cell': '(692) 456 7312', 'id': {'name': 'NSS', 'value': '24 19 78 7591 3'}, 'picture': {'large': 'https://randomuser.me/api/portraits/women/84.jpg', 'medium': 'https://randomuser.me/api/portraits/med/women/84.jpg', 'thumbnail': 'https://randomuser.me/api/portraits/thumb/women/84.jpg'}, 'nat': 'MX'}], 'info': {'seed': '95a932b5aa6b2ef9', 'results': 1, 'page': 1, 'version': '1.4'}}</msg>
<arg>${json_data}</arg>
<doc>Logs the given message with the given level.</doc>
<status status="PASS" start="2024-05-08T18:18:47.005439" elapsed="0.000373"/>
</kw>
<kw name="Should Be String" owner="String">
<arg>${json_data['results'][0]['gender']}</arg>
<doc>Fails if the given ``item`` is not a string.</doc>
<status status="PASS" start="2024-05-08T18:18:47.006310" elapsed="0.000602"/>
</kw>
<kw name="Should Match Regexp" owner="BuiltIn">
<arg>${json_data['results'][0]['email']}</arg>
<arg>^[a-zA-Z0-9._%+-]+@[a-zA-Z0-9.-]+\.[a-zA-Z]{2,}$</arg>
<doc>Fails if ``string`` does not match ``pattern`` as a regular expression.</doc>
<status status="PASS" start="2024-05-08T18:18:47.007214" elapsed="0.000854"/>
</kw>
<kw name="Should Match Regexp" owner="BuiltIn">
<arg>${json_data['results'][0]['dob']['date']}</arg>
<arg>\\d{4}-\\d{2}-\\d{2}T\\d{2}:\\d{2}:\\d{2}\\.\\d{3}Z</arg>
<doc>Fails if ``string`` does not match ``pattern`` as a regular expression.</doc>
<status status="PASS" start="2024-05-08T18:18:47.008414" elapsed="0.000765"/>
</kw>
<kw name="Should Match Regexp" owner="BuiltIn">
<arg>${json_data['results'][0]['registered']['date']}</arg>
<arg>\\d{4}-\\d{2}-\\d{2}T\\d{2}:\\d{2}:\\d{2}\\.\\d{3}Z</arg>
<doc>Fails if ``string`` does not match ``pattern`` as a regular expression.</doc>
<status status="PASS" start="2024-05-08T18:18:47.009477" elapsed="0.000640"/>
</kw>
<kw name="Should Match Regexp" owner="BuiltIn">
<arg>${json_data['results'][0]['picture']['large']}</arg>
<arg>^https?://.*\.(?:png|jpe?g|gif|bmp)$</arg>
<doc>Fails if ``string`` does not match ``pattern`` as a regular expression.</doc>
<status status="PASS" start="2024-05-08T18:18:47.010439" elapsed="0.000806"/>
</kw>
<kw name="Should Match Regexp" owner="BuiltIn">
<arg>${json_data['results'][0]['picture']['medium']}</arg>
<arg>^https?://.*\.(?:png|jpe?g|gif|bmp)$</arg>
<doc>Fails if ``string`` does not match ``pattern`` as a regular expression.</doc>
<status status="PASS" start="2024-05-08T18:18:47.011597" elapsed="0.000617"/>
</kw>
<kw name="Should Match Regexp" owner="BuiltIn">
<arg>${json_data['results'][0]['picture']['thumbnail']}</arg>
<arg>^https?://.*\.(?:png|jpe?g|gif|bmp)$</arg>
<doc>Fails if ``string`` does not match ``pattern`` as a regular expression.</doc>
<status status="PASS" start="2024-05-08T18:18:47.012521" elapsed="0.000616"/>
</kw>
<kw name="Log" owner="BuiltIn">
<msg time="2024-05-08T18:18:47.013729" level="INFO">{'large': 'https://randomuser.me/api/portraits/women/84.jpg', 'medium': 'https://randomuser.me/api/portraits/med/women/84.jpg', 'thumbnail': 'https://randomuser.me/api/portraits/thumb/women/84.jpg'}</msg>
<arg>${json_data['results'][0]['picture']}</arg>
<doc>Logs the given message with the given level.</doc>
<status status="PASS" start="2024-05-08T18:18:47.013378" elapsed="0.000394"/>
</kw>
<status status="PASS" start="2024-05-08T18:18:46.923942" elapsed="0.090094"/>
</kw>
<kw name="Teste de Tipos de Dados - Postcode" owner="random-user-service">
<kw name="GET On Session" owner="RequestsLibrary">
<msg time="2024-05-08T18:18:47.126538" level="INFO">GET Request : url=https://randomuser.me/api 
 path_url=/api 
 headers={'User-Agent': 'python-requests/2.31.0', 'Accept-Encoding': 'gzip, deflate', 'Accept': '*/*', 'Connection': 'keep-alive'} 
 body=None 
 </msg>
<msg time="2024-05-08T18:18:47.126612" level="INFO">GET Response : url=https://randomuser.me/api 
 status=200, reason=OK 
 headers={'Date': 'Wed, 08 May 2024 18:18:47 GMT', 'Content-Type': 'application/json; charset=utf-8', 'Transfer-Encoding': 'chunked', 'Connection': 'keep-alive', 'X-Powered-By': 'Express', 'Access-Control-Allow-Origin': '*', 'Cache-Control': 'no-cache', 'ETag': 'W/"4a5-aD6TCwDIVJktL6D5kljVxUt0IKY"', 'Vary': 'Accept-Encoding', 'Content-Encoding': 'gzip', 'CF-Cache-Status': 'DYNAMIC', 'Report-To': '{"endpoints":[{"url":"https:\\/\\/a.nel.cloudflare.com\\/report\\/v4?s=AZeAy0V6XroqS5A9%2Bh%2FpI0f7JI5zdPkQbpaUo%2BT9In%2B7W6Bx6haw%2Bv90tNoQT8U4plah1qPyIXr6VbyjOp5X7gSRNht6H9%2FNNbLMho78v8%2BFgGuv2UwDlbihmooix71B"}],"group":"cf-nel","max_age":604800}', 'NEL': '{"success_fraction":0,"report_to":"cf-nel","max_age":604800}', 'Server': 'cloudflare', 'CF-RAY': '880b744bda082431-IAD', 'alt-svc': 'h3=":443"; ma=86400'} 
 body={"results":[{"gender":"male","name":{"title":"Mr","first":"Célestin","last":"Sanchez"},"location":{"street":{"number":9178,"name":"Rue Duguesclin"},"city":"Clermont-Ferrand","state":"Sarthe","country":"France","postcode":90685,"coordinates":{"latitude":"-13.3379","longitude":"-144.5439"},"timezone":{"offset":"+1:00","description":"Brussels, Copenhagen, Madrid, Paris"}},"email":"celestin.sanchez@example.com","login":{"uuid":"2f7ed3de-aa6f-4d7f-bd9c-e351299c23df","username":"purplerabbit919","password":"spread","salt":"NQA72E7o","md5":"7efc781eb2a8b048a58bcfcc29f2eb47","sha1":"23a2fd68cde0af63877da3a6b957d6b844fca051","sha256":"ceae79a7128dbbe066f08a84c4002cd1687dbf6b796f51843485f92dd6d01339"},"dob":{"date":"1958-03-25T06:10:34.076Z","age":66},"registered":{"date":"2009-01-15T05:30:02.505Z","age":15},"phone":"01-65-71-28-97","cell":"06-41-55-10-77","id":{"name":"INSEE","value":"1580207418140 82"},"picture":{"large":"https://randomuser.me/api/portraits/men/7.jpg","medium":"https://randomuser.me/api/portraits/med/men/7.jpg","thumbnail":"https://randomuser.me/api/portraits/thumb/men/7.jpg"},"nat":"FR"}],"info":{"seed":"f03cdea9a756c015","results":1,"page":1,"version":"1.4"}} 
 </msg>
<msg time="2024-05-08T18:18:47.126672" level="INFO">/opt/hostedtoolcache/Python/3.12.3/x64/lib/python3.12/site-packages/urllib3/connectionpool.py:1103: InsecureRequestWarning: Unverified HTTPS request is being made to host 'randomuser.me'. Adding certificate verification is strongly advised. See: https://urllib3.readthedocs.io/en/latest/advanced-usage.html#tls-warnings
  warnings.warn(</msg>
<msg time="2024-05-08T18:18:47.126765" level="INFO">${response} = &lt;Response [200]&gt;</msg>
<var>${response}</var>
<arg>consultarAPI</arg>
<arg>/api</arg>
<doc>Sends a GET request on a previously created HTTP Session.</doc>
<status status="PASS" start="2024-05-08T18:18:47.014473" elapsed="0.112322"/>
</kw>
<kw name="Set Variable" owner="BuiltIn">
<msg time="2024-05-08T18:18:47.127952" level="INFO">${json_data} = {'results': [{'gender': 'male', 'name': {'title': 'Mr', 'first': 'Célestin', 'last': 'Sanchez'}, 'location': {'street': {'number': 9178, 'name': 'Rue Duguesclin'}, 'city': 'Clermont-Ferrand', 'state':...</msg>
<var>${json_data}</var>
<arg>${response.json()}</arg>
<doc>Returns the given values which can then be assigned to a variables.</doc>
<status status="PASS" start="2024-05-08T18:18:47.127222" elapsed="0.000773"/>
</kw>
<kw name="Log" owner="BuiltIn">
<msg time="2024-05-08T18:18:47.128670" level="INFO">{'results': [{'gender': 'male', 'name': {'title': 'Mr', 'first': 'Célestin', 'last': 'Sanchez'}, 'location': {'street': {'number': 9178, 'name': 'Rue Duguesclin'}, 'city': 'Clermont-Ferrand', 'state': 'Sarthe', 'country': 'France', 'postcode': 90685, 'coordinates': {'latitude': '-13.3379', 'longitude': '-144.5439'}, 'timezone': {'offset': '+1:00', 'description': 'Brussels, Copenhagen, Madrid, Paris'}}, 'email': 'celestin.sanchez@example.com', 'login': {'uuid': '2f7ed3de-aa6f-4d7f-bd9c-e351299c23df', 'username': 'purplerabbit919', 'password': 'spread', 'salt': 'NQA72E7o', 'md5': '7efc781eb2a8b048a58bcfcc29f2eb47', 'sha1': '23a2fd68cde0af63877da3a6b957d6b844fca051', 'sha256': 'ceae79a7128dbbe066f08a84c4002cd1687dbf6b796f51843485f92dd6d01339'}, 'dob': {'date': '1958-03-25T06:10:34.076Z', 'age': 66}, 'registered': {'date': '2009-01-15T05:30:02.505Z', 'age': 15}, 'phone': '01-65-71-28-97', 'cell': '06-41-55-10-77', 'id': {'name': 'INSEE', 'value': '1580207418140 82'}, 'picture': {'large': 'https://randomuser.me/api/portraits/men/7.jpg', 'medium': 'https://randomuser.me/api/portraits/med/men/7.jpg', 'thumbnail': 'https://randomuser.me/api/portraits/thumb/men/7.jpg'}, 'nat': 'FR'}], 'info': {'seed': 'f03cdea9a756c015', 'results': 1, 'page': 1, 'version': '1.4'}}</msg>
<arg>${json_data}</arg>
<doc>Logs the given message with the given level.</doc>
<status status="PASS" start="2024-05-08T18:18:47.128433" elapsed="0.000325"/>
</kw>
<kw name="Should Be Equal As Numbers" owner="BuiltIn">
<arg>${json_data['results'][0]['location']['postcode']}</arg>
<arg>${json_data['results'][0]['location']['postcode']}</arg>
<doc>Fails if objects are unequal after converting them to real numbers.</doc>
<status status="PASS" start="2024-05-08T18:18:47.129103" elapsed="0.000785"/>
</kw>
<kw name="Log" owner="BuiltIn">
<msg time="2024-05-08T18:18:47.130419" level="INFO">90685</msg>
<arg>${json_data['results'][0]['location']['postcode']}</arg>
<doc>Logs the given message with the given level.</doc>
<status status="PASS" start="2024-05-08T18:18:47.130082" elapsed="0.000377"/>
</kw>
<status status="PASS" start="2024-05-08T18:18:47.014252" elapsed="0.116455"/>
</kw>
<doc>Testa se os tipos de dados na resposta da API estão corretos.</doc>
<tag>testeTiposDados</tag>
<status status="PASS" start="2024-05-08T18:18:46.923521" elapsed="0.207349"/>
</test>
<test id="s1-s1-t5" name="Validar conteudo" line="35">
<kw name="Teste de Tipos de Conteudo" owner="random-user-service">
<kw name="GET On Session" owner="RequestsLibrary">
<msg time="2024-05-08T18:18:47.206354" level="INFO">GET Request : url=https://randomuser.me/api 
 path_url=/api 
 headers={'User-Agent': 'python-requests/2.31.0', 'Accept-Encoding': 'gzip, deflate', 'Accept': '*/*', 'Connection': 'keep-alive'} 
 body=None 
 </msg>
<msg time="2024-05-08T18:18:47.206434" level="INFO">GET Response : url=https://randomuser.me/api 
 status=200, reason=OK 
 headers={'Date': 'Wed, 08 May 2024 18:18:47 GMT', 'Content-Type': 'application/json; charset=utf-8', 'Transfer-Encoding': 'chunked', 'Connection': 'keep-alive', 'X-Powered-By': 'Express', 'Access-Control-Allow-Origin': '*', 'Cache-Control': 'no-cache', 'ETag': 'W/"49b-0aofE805SsoY3Lef/31B+NA8ZLc"', 'Vary': 'Accept-Encoding', 'Content-Encoding': 'gzip', 'CF-Cache-Status': 'DYNAMIC', 'Report-To': '{"endpoints":[{"url":"https:\\/\\/a.nel.cloudflare.com\\/report\\/v4?s=8W%2Fr6xu%2B5dot%2FlkYq9yvYwTcIAtPM%2Ft2cV%2BNmoeZAEe21ALM8sizKQhpTG1hHHBHNQS8Z3Z%2BoWO7dR0twq3sAwhVBMBcSU0pNX26rf%2BCvmkT8WZuAoGMSorCSqdLp2s1"}],"group":"cf-nel","max_age":604800}', 'NEL': '{"success_fraction":0,"report_to":"cf-nel","max_age":604800}', 'Server': 'cloudflare', 'CF-RAY': '880b744c9b0c2431-IAD', 'alt-svc': 'h3=":443"; ma=86400'} 
 body={"results":[{"gender":"female","name":{"title":"Mrs","first":"Mayte","last":"Villagómez"},"location":{"street":{"number":3623,"name":"Andador Norte Porras"},"city":"San Francisco Ocotlán","state":"Jalisco","country":"Mexico","postcode":94875,"coordinates":{"latitude":"29.0137","longitude":"70.1515"},"timezone":{"offset":"-10:00","description":"Hawaii"}},"email":"mayte.villagomez@example.com","login":{"uuid":"bf9151a7-ffb3-46c5-a013-64382e3a73c4","username":"browngoose351","password":"asterix","salt":"0UlzWwOa","md5":"d08d3b544c1324ea17e9570887e5cc14","sha1":"4517f184306a8983bedc4f86a876d917e38b1ba4","sha256":"ae4680e2f6f14b0f64863a1d2354b711460a6a96e60b1e886c33827cba39293e"},"dob":{"date":"1957-01-21T12:04:11.144Z","age":67},"registered":{"date":"2012-10-24T13:43:16.179Z","age":11},"phone":"(682) 642 7355","cell":"(665) 011 4674","id":{"name":"NSS","value":"59 35 16 0852 1"},"picture":{"large":"https://randomuser.me/api/portraits/women/16.jpg","medium":"https://randomuser.me/api/portraits/med/women/16.jpg","thumbnail":"https://randomuser.me/api/portraits/thumb/women/16.jpg"},"nat":"MX"}],"info":{"seed":"8624d8b269c100ed","results":1,"page":1,"version":"1.4"}} 
 </msg>
<msg time="2024-05-08T18:18:47.206497" level="INFO">/opt/hostedtoolcache/Python/3.12.3/x64/lib/python3.12/site-packages/urllib3/connectionpool.py:1103: InsecureRequestWarning: Unverified HTTPS request is being made to host 'randomuser.me'. Adding certificate verification is strongly advised. See: https://urllib3.readthedocs.io/en/latest/advanced-usage.html#tls-warnings
  warnings.warn(</msg>
<msg time="2024-05-08T18:18:47.206594" level="INFO">${response} = &lt;Response [200]&gt;</msg>
<var>${response}</var>
<arg>consultarAPI</arg>
<arg>/api</arg>
<doc>Sends a GET request on a previously created HTTP Session.</doc>
<status status="PASS" start="2024-05-08T18:18:47.133717" elapsed="0.072916"/>
</kw>
<kw name="Set Variable" owner="BuiltIn">
<msg time="2024-05-08T18:18:47.207577" level="INFO">${json_data} = {'results': [{'gender': 'female', 'name': {'title': 'Mrs', 'first': 'Mayte', 'last': 'Villagómez'}, 'location': {'street': {'number': 3623, 'name': 'Andador Norte Porras'}, 'city': 'San Francisco Ocot...</msg>
<var>${json_data}</var>
<arg>${response.json()}</arg>
<doc>Returns the given values which can then be assigned to a variables.</doc>
<status status="PASS" start="2024-05-08T18:18:47.207056" elapsed="0.000551"/>
</kw>
<kw name="Set Variable" owner="BuiltIn">
<msg time="2024-05-08T18:18:47.208329" level="INFO">${name_title} = Mrs</msg>
<var>${name_title}</var>
<arg>${json_data["results"][0]["name"]["title"]}</arg>
<doc>Returns the given values which can then be assigned to a variables.</doc>
<status status="PASS" start="2024-05-08T18:18:47.207931" elapsed="0.000423"/>
</kw>
<kw name="Create List" owner="BuiltIn">
<msg time="2024-05-08T18:18:47.208814" level="INFO">${allowed_titles} = ['Mr', 'Ms', 'Miss', 'Mrs', 'Madame', 'Monsieur']</msg>
<var>${allowed_titles}</var>
<arg>Mr</arg>
<arg>Ms</arg>
<arg>Miss</arg>
<arg>Mrs</arg>
<arg>Madame</arg>
<arg>Monsieur</arg>
<doc>Returns a list containing given items.</doc>
<status status="PASS" start="2024-05-08T18:18:47.208665" elapsed="0.000173"/>
</kw>
<kw name="List Should Contain Value" owner="Collections">
<msg time="2024-05-08T18:18:47.209319" level="INFO">False</msg>
<arg>${allowed_titles}</arg>
<arg>${name_title}</arg>
<doc>Fails if the ``value`` is not found from ``list``.</doc>
<status status="PASS" start="2024-05-08T18:18:47.209140" elapsed="0.000215"/>
</kw>
<kw name="Set Variable" owner="BuiltIn">
<msg time="2024-05-08T18:18:47.210056" level="INFO">${name_country} = MX</msg>
<var>${name_country}</var>
<arg>${json_data["results"][0]["nat"]}</arg>
<doc>Returns the given values which can then be assigned to a variables.</doc>
<status status="PASS" start="2024-05-08T18:18:47.209650" elapsed="0.000430"/>
</kw>
<kw name="Create List" owner="BuiltIn">
<msg time="2024-05-08T18:18:47.210968" level="INFO">${list_country} = ['AD', 'AE', 'AF', 'AG', 'AI', 'AL', 'AM', 'AO', 'AQ', 'AR', 'AS', 'AT', 'AU', 'AW', 'AX', 'AZ', 'BA', 'BB', 'BD', 'BE', 'BF', 'BG', 'BH', 'BI', 'BJ', 'BL', 'BM', 'BN', 'BO', 'BQ', 'BR', 'BS', 'BT', '...</msg>
<var>${list_country}</var>
<arg>AD</arg>
<arg>AE</arg>
<arg>AF</arg>
<arg>AG</arg>
<arg>AI</arg>
<arg>AL</arg>
<arg>AM</arg>
<arg>AO</arg>
<arg>AQ</arg>
<arg>AR</arg>
<arg>AS</arg>
<arg>AT</arg>
<arg>AU</arg>
<arg>AW</arg>
<arg>AX</arg>
<arg>AZ</arg>
<arg>BA</arg>
<arg>BB</arg>
<arg>BD</arg>
<arg>BE</arg>
<arg>BF</arg>
<arg>BG</arg>
<arg>BH</arg>
<arg>BI</arg>
<arg>BJ</arg>
<arg>BL</arg>
<arg>BM</arg>
<arg>BN</arg>
<arg>BO</arg>
<arg>BQ</arg>
<arg>BR</arg>
<arg>BS</arg>
<arg>BT</arg>
<arg>BV</arg>
<arg>BW</arg>
<arg>BY</arg>
<arg>BZ</arg>
<arg>CA</arg>
<arg>CC</arg>
<arg>CD</arg>
<arg>CF</arg>
<arg>CG</arg>
<arg>CH</arg>
<arg>CI</arg>
<arg>CK</arg>
<arg>CL</arg>
<arg>CM</arg>
<arg>CN</arg>
<arg>CO</arg>
<arg>CR</arg>
<arg>CU</arg>
<arg>CV</arg>
<arg>CW</arg>
<arg>CX</arg>
<arg>CY</arg>
<arg>CZ</arg>
<arg>DE</arg>
<arg>DJ</arg>
<arg>DK</arg>
<arg>DM</arg>
<arg>DO</arg>
<arg>DZ</arg>
<arg>EC</arg>
<arg>EE</arg>
<arg>EG</arg>
<arg>EH</arg>
<arg>ER</arg>
<arg>ES</arg>
<arg>ET</arg>
<arg>FI</arg>
<arg>FJ</arg>
<arg>FK</arg>
<arg>FM</arg>
<arg>FO</arg>
<arg>FR</arg>
<arg>GA</arg>
<arg>GB</arg>
<arg>GD</arg>
<arg>GE</arg>
<arg>GF</arg>
<arg>GG</arg>
<arg>GH</arg>
<arg>GI</arg>
<arg>GL</arg>
<arg>GM</arg>
<arg>GN</arg>
<arg>GP</arg>
<arg>GQ</arg>
<arg>GR</arg>
<arg>GS</arg>
<arg>GT</arg>
<arg>GU</arg>
<arg>GW</arg>
<arg>GY</arg>
<arg>HK</arg>
<arg>HM</arg>
<arg>HN</arg>
<arg>HR</arg>
<arg>HT</arg>
<arg>HU</arg>
<arg>ID</arg>
<arg>IE</arg>
<arg>IL</arg>
<arg>IM</arg>
<arg>IN</arg>
<arg>IO</arg>
<arg>IQ</arg>
<arg>IR</arg>
<arg>IS</arg>
<arg>IT</arg>
<arg>JE</arg>
<arg>JM</arg>
<arg>JO</arg>
<arg>JP</arg>
<arg>KE</arg>
<arg>KG</arg>
<arg>KH</arg>
<arg>KI</arg>
<arg>KM</arg>
<arg>KN</arg>
<arg>KP</arg>
<arg>KR</arg>
<arg>KW</arg>
<arg>KY</arg>
<arg>KZ</arg>
<arg>LA</arg>
<arg>LB</arg>
<arg>LC</arg>
<arg>LI</arg>
<arg>LK</arg>
<arg>LR</arg>
<arg>LS</arg>
<arg>LT</arg>
<arg>LU</arg>
<arg>LV</arg>
<arg>LY</arg>
<arg>MA</arg>
<arg>MC</arg>
<arg>MD</arg>
<arg>ME</arg>
<arg>MF</arg>
<arg>MG</arg>
<arg>MH</arg>
<arg>MK</arg>
<arg>ML</arg>
<arg>MM</arg>
<arg>MN</arg>
<arg>MO</arg>
<arg>MP</arg>
<arg>MQ</arg>
<arg>MR</arg>
<arg>MS</arg>
<arg>MT</arg>
<arg>MU</arg>
<arg>MV</arg>
<arg>MW</arg>
<arg>MX</arg>
<arg>MY</arg>
<arg>MZ</arg>
<arg>NA</arg>
<arg>NC</arg>
<arg>NE</arg>
<arg>NF</arg>
<arg>NG</arg>
<arg>NI</arg>
<arg>NL</arg>
<arg>NO</arg>
<arg>NP</arg>
<arg>NR</arg>
<arg>NU</arg>
<arg>NZ</arg>
<arg>OM</arg>
<arg>PA</arg>
<arg>PE</arg>
<arg>PF</arg>
<arg>PG</arg>
<arg>PH</arg>
<arg>PK</arg>
<arg>PL</arg>
<arg>PM</arg>
<arg>PN</arg>
<arg>PR</arg>
<arg>PS</arg>
<arg>PT</arg>
<arg>PW</arg>
<arg>PY</arg>
<arg>QA</arg>
<arg>RE</arg>
<arg>RO</arg>
<arg>RS</arg>
<arg>RU</arg>
<arg>RW</arg>
<arg>SA</arg>
<arg>SB</arg>
<arg>SC</arg>
<arg>SD</arg>
<arg>SE</arg>
<arg>SG</arg>
<arg>SH</arg>
<arg>SI</arg>
<arg>SJ</arg>
<arg>SK</arg>
<arg>SL</arg>
<arg>SM</arg>
<arg>SN</arg>
<arg>SO</arg>
<arg>SR</arg>
<arg>SS</arg>
<arg>ST</arg>
<arg>SV</arg>
<arg>SX</arg>
<arg>SY</arg>
<arg>SZ</arg>
<arg>TC</arg>
<arg>TD</arg>
<arg>TF</arg>
<arg>TG</arg>
<arg>TH</arg>
<arg>TJ</arg>
<arg>TK</arg>
<arg>TL</arg>
<arg>TM</arg>
<arg>TN</arg>
<arg>TO</arg>
<arg>TR</arg>
<arg>TT</arg>
<arg>TV</arg>
<arg>TW</arg>
<arg>TZ</arg>
<arg>UA</arg>
<arg>UG</arg>
<arg>UM</arg>
<arg>US</arg>
<arg>UY</arg>
<arg>UZ</arg>
<arg>VA</arg>
<arg>VC</arg>
<arg>VE</arg>
<arg>VG</arg>
<arg>VI</arg>
<arg>VN</arg>
<arg>VU</arg>
<arg>WF</arg>
<arg>WS</arg>
<arg>XK</arg>
<arg>YE</arg>
<arg>YT</arg>
<arg>ZA</arg>
<arg>ZM</arg>
<arg>ZW</arg>
<doc>Returns a list containing given items.</doc>
<status status="PASS" start="2024-05-08T18:18:47.210384" elapsed="0.000609"/>
</kw>
<kw name="List Should Contain Value" owner="Collections">
<msg time="2024-05-08T18:18:47.212013" level="INFO">False</msg>
<arg>${list_country}</arg>
<arg>${name_country}</arg>
<doc>Fails if the ``value`` is not found from ``list``.</doc>
<status status="PASS" start="2024-05-08T18:18:47.211810" elapsed="0.000238"/>
</kw>
<kw name="Run Keyword If" owner="BuiltIn">
<kw name="Should Be True" owner="BuiltIn">
<arg>${True}</arg>
<doc>Fails if the given condition is not true.</doc>
<status status="PASS" start="2024-05-08T18:18:47.213117" elapsed="0.000141"/>
</kw>
<arg>${json_data["results"][0]["location"]["coordinates"]["latitude"]} &gt;= -90 and ${json_data["results"][0]["location"]["coordinates"]["latitude"]} &lt;= 90</arg>
<arg>Should Be True</arg>
<arg>${True}</arg>
<doc>Runs the given keyword with the given arguments, if ``condition`` is true.</doc>
<status status="PASS" start="2024-05-08T18:18:47.212364" elapsed="0.001020"/>
</kw>
<kw name="Run Keyword If" owner="BuiltIn">
<kw name="Should Be True" owner="BuiltIn">
<arg>${True}</arg>
<doc>Fails if the given condition is not true.</doc>
<status status="PASS" start="2024-05-08T18:18:47.214264" elapsed="0.000250"/>
</kw>
<arg>${json_data["results"][0]["location"]["coordinates"]["longitude"]} &gt;= -180 and ${json_data["results"][0]["location"]["coordinates"]["longitude"]} &lt;= 180</arg>
<arg>Should Be True</arg>
<arg>${True}</arg>
<doc>Runs the given keyword with the given arguments, if ``condition`` is true.</doc>
<status status="PASS" start="2024-05-08T18:18:47.213568" elapsed="0.001072"/>
</kw>
<status status="PASS" start="2024-05-08T18:18:47.133401" elapsed="0.081369"/>
</kw>
<doc>Testa o conteúdo específico dos campos retornados pela API.</doc>
<tag>testeConteudo</tag>
<status status="PASS" start="2024-05-08T18:18:47.132757" elapsed="0.082162"/>
</test>
<status status="PASS" start="2024-05-08T18:18:46.300616" elapsed="0.916264"/>
</suite>
<status status="PASS" start="2024-05-08T18:18:46.287192" elapsed="0.934751"/>
</suite>
<statistics>
<total>
<stat pass="5" fail="0" skip="0">All Tests</stat>
</total>
<tag>
<stat pass="1" fail="0" skip="0">testeConteudo</stat>
<stat pass="1" fail="0" skip="0">testeEstruturaResposta</stat>
<stat pass="1" fail="0" skip="0">testeRequisicaoBasica</stat>
<stat pass="1" fail="0" skip="0">testeTiposDados</stat>
</tag>
<suite>
<stat pass="5" fail="0" skip="0" id="s1" name="Tests">Tests</stat>
<stat pass="5" fail="0" skip="0" id="s1-s1" name="Random-User-Test">Tests.Random-User-Test</stat>
</suite>
</statistics>
<errors>
</errors>
</robot>
