<?xml version="1.0" encoding="UTF-8"?>
<robot generator="Robot 7.0.1 (Python 3.12.4 on linux)" generated="2024-07-25T20:16:15.774359" rpa="false" schemaversion="5">
<suite id="s1" name="Tests" source="/home/runner/work/ApiRandomUser/ApiRandomUser/RamdonUser/tests">
<suite id="s1-s1" name="Random-User-Test" source="/home/runner/work/ApiRandomUser/ApiRandomUser/RamdonUser/tests/random-user-test.robot">
<test id="s1-s1-t1" name="Conectar" line="13">
<kw name="Conectar API" owner="random-user-service">
<kw name="Create Session" owner="RequestsLibrary">
<msg time="2024-07-25T20:16:16.185904" level="INFO">Creating Session using : alias=consultarAPI, url=https://randomuser.me/, headers={},                     cookies={}, auth=None, timeout=None, proxies=None, verify=False,                     debug=0 </msg>
<arg>consultarAPI</arg>
<arg>${URL}</arg>
<doc>Create Session: create a HTTP session to a server</doc>
<status status="PASS" start="2024-07-25T20:16:16.185700" elapsed="0.000384"/>
</kw>
<status status="PASS" start="2024-07-25T20:16:16.184601" elapsed="0.001901"/>
</kw>
<status status="PASS" start="2024-07-25T20:16:16.184013" elapsed="0.002691"/>
</test>
<test id="s1-s1-t2" name="Validar retorno 200 e JSON Válido" line="16">
<kw name="Teste de Requisicao Basica" owner="random-user-service">
<kw name="GET On Session" owner="RequestsLibrary">
<msg time="2024-07-25T20:16:16.479456" level="INFO">GET Request : url=https://randomuser.me/api 
 path_url=/api 
 headers={'User-Agent': 'python-requests/2.32.3', 'Accept-Encoding': 'gzip, deflate', 'Accept': '*/*', 'Connection': 'keep-alive'} 
 body=None 
 </msg>
<msg time="2024-07-25T20:16:16.479645" level="INFO">GET Response : url=https://randomuser.me/api 
 status=200, reason=OK 
 headers={'Date': 'Thu, 25 Jul 2024 20:16:16 GMT', 'Content-Type': 'application/json; charset=utf-8', 'Transfer-Encoding': 'chunked', 'Connection': 'keep-alive', 'X-Powered-By': 'Express', 'Access-Control-Allow-Origin': '*', 'Cache-Control': 'no-cache', 'ETag': 'W/"487-oUegOuUwZ+u48lQzjA7q31KHiyg"', 'Vary': 'Accept-Encoding', 'Content-Encoding': 'gzip', 'CF-Cache-Status': 'DYNAMIC', 'Report-To': '{"endpoints":[{"url":"https:\\/\\/a.nel.cloudflare.com\\/report\\/v4?s=a67IWc9NVQ7QRg0HxGOUQLG%2Fh2zbkHS5WNlnYE6zW8M%2BdOMZL1i0R43F2YZ%2Bb0Pbp25qM%2Fo5JAffI9ae02LXmK%2FRFw1RAZmW2B6fMWV7Cef%2Fg%2BFXpX8%2Bf4J5fsmvksrq"}],"group":"cf-nel","max_age":604800}', 'NEL': '{"success_fraction":0,"report_to":"cf-nel","max_age":604800}', 'Server': 'cloudflare', 'CF-RAY': '8a8ed3a64d8716a2-SJC', 'alt-svc': 'h3=":443"; ma=86400'} 
 body={"results":[{"gender":"male","name":{"title":"Mr","first":"Cristian","last":"Fuentes"},"location":{"street":{"number":8724,"name":"Avenida de Burgos"},"city":"Oviedo","state":"Canarias","country":"Spain","postcode":12186,"coordinates":{"latitude":"-32.4110","longitude":"-121.7774"},"timezone":{"offset":"-11:00","description":"Midway Island, Samoa"}},"email":"cristian.fuentes@example.com","login":{"uuid":"340d1a20-ec00-493f-a761-d6e9b9f54ca1","username":"happybutterfly860","password":"jubilee","salt":"6XcdLo9j","md5":"6e40d97890502f34524fd0f05380f69a","sha1":"89d3ad5a1555ac9b99af7cff5cceb1863c2b4c72","sha256":"6e31f1686a1d3d16c6e21ef6139955ee993c2aecbd0b2d83f790ceada89bcbcf"},"dob":{"date":"1966-08-06T09:04:24.762Z","age":57},"registered":{"date":"2019-12-02T10:32:44.123Z","age":4},"phone":"976-932-760","cell":"698-916-539","id":{"name":"DNI","value":"19828269-Q"},"picture":{"large":"https://randomuser.me/api/portraits/men/58.jpg","medium":"https://randomuser.me/api/portraits/med/men/58.jpg","thumbnail":"https://randomuser.me/api/portraits/thumb/men/58.jpg"},"nat":"ES"}],"info":{"seed":"702133a2c6ef7aaa","results":1,"page":1,"version":"1.4"}} 
 </msg>
<msg time="2024-07-25T20:16:16.479746" level="INFO">/opt/hostedtoolcache/Python/3.12.4/x64/lib/python3.12/site-packages/urllib3/connectionpool.py:1099: InsecureRequestWarning: Unverified HTTPS request is being made to host 'randomuser.me'. Adding certificate verification is strongly advised. See: https://urllib3.readthedocs.io/en/latest/advanced-usage.html#tls-warnings
  warnings.warn(</msg>
<msg time="2024-07-25T20:16:16.479914" level="INFO">${response} = &lt;Response [200]&gt;</msg>
<var>${response}</var>
<arg>consultarAPI</arg>
<arg>/api</arg>
<doc>Sends a GET request on a previously created HTTP Session.</doc>
<status status="PASS" start="2024-07-25T20:16:16.189374" elapsed="0.290593"/>
</kw>
<kw name="Should Be Equal As Numbers" owner="BuiltIn">
<msg time="2024-07-25T20:16:16.481039" level="INFO">Argument types are:
&lt;class 'int'&gt;
&lt;class 'str'&gt;</msg>
<arg>${response.status_code}</arg>
<arg>200</arg>
<doc>Fails if objects are unequal after converting them to real numbers.</doc>
<status status="PASS" start="2024-07-25T20:16:16.480540" elapsed="0.000569"/>
</kw>
<kw name="Log" owner="BuiltIn">
<msg time="2024-07-25T20:16:16.481852" level="INFO">200</msg>
<arg>${response.status_code}</arg>
<doc>Logs the given message with the given level.</doc>
<status status="PASS" start="2024-07-25T20:16:16.481469" elapsed="0.000429"/>
</kw>
<kw name="Set Variable" owner="BuiltIn">
<msg time="2024-07-25T20:16:16.482736" level="INFO">${json_data} = {'results': [{'gender': 'male', 'name': {'title': 'Mr', 'first': 'Cristian', 'last': 'Fuentes'}, 'location': {'street': {'number': 8724, 'name': 'Avenida de Burgos'}, 'city': 'Oviedo', 'state': 'Canar...</msg>
<var>${json_data}</var>
<arg>${response.json()}</arg>
<doc>Returns the given values which can then be assigned to a variables.</doc>
<status status="PASS" start="2024-07-25T20:16:16.482268" elapsed="0.000497"/>
</kw>
<kw name="Dictionary Should Contain Key" owner="Collections">
<arg>${json_data}</arg>
<arg>results</arg>
<doc>Fails if ``key`` is not found from ``dictionary``.</doc>
<status status="PASS" start="2024-07-25T20:16:16.483087" elapsed="0.000346"/>
</kw>
<status status="PASS" start="2024-07-25T20:16:16.189117" elapsed="0.294476"/>
</kw>
<doc>Testa se a API responde corretamente e retorna um objeto JSON válido.</doc>
<tag>testeRequisicaoBasica</tag>
<status status="PASS" start="2024-07-25T20:16:16.188637" elapsed="0.295139"/>
</test>
<test id="s1-s1-t3" name="Validar estrutura de resposta" line="22">
<kw name="Teste de Estrutura de Resposta" owner="random-user-service">
<kw name="GET On Session" owner="RequestsLibrary">
<msg time="2024-07-25T20:16:16.575720" level="INFO">GET Request : url=https://randomuser.me/api 
 path_url=/api 
 headers={'User-Agent': 'python-requests/2.32.3', 'Accept-Encoding': 'gzip, deflate', 'Accept': '*/*', 'Connection': 'keep-alive'} 
 body=None 
 </msg>
<msg time="2024-07-25T20:16:16.575821" level="INFO">GET Response : url=https://randomuser.me/api 
 status=200, reason=OK 
 headers={'Date': 'Thu, 25 Jul 2024 20:16:16 GMT', 'Content-Type': 'application/json; charset=utf-8', 'Transfer-Encoding': 'chunked', 'Connection': 'keep-alive', 'X-Powered-By': 'Express', 'Access-Control-Allow-Origin': '*', 'Cache-Control': 'no-cache', 'ETag': 'W/"485-rj8zfZ+Qqsb05peFHK7NMYlHhL8"', 'Vary': 'Accept-Encoding', 'Content-Encoding': 'gzip', 'CF-Cache-Status': 'DYNAMIC', 'Report-To': '{"endpoints":[{"url":"https:\\/\\/a.nel.cloudflare.com\\/report\\/v4?s=OU69Zr%2FrTlunEXWuwWpFuC97QLtgdP1RQ%2BpPeA0HGxYb8eiecZ1bPZufkk0WD5788D0s7OI%2BXGbv8Kx1RcUg7jNdO%2FkLOQahBeu8Ine3xzgjZvWx34v63h7VAIWLP98a"}],"group":"cf-nel","max_age":604800}', 'NEL': '{"success_fraction":0,"report_to":"cf-nel","max_age":604800}', 'Server': 'cloudflare', 'CF-RAY': '8a8ed3a71e2616a2-SJC', 'alt-svc': 'h3=":443"; ma=86400'} 
 body={"results":[{"gender":"male","name":{"title":"Mr","first":"Jonas","last":"Jørgensen"},"location":{"street":{"number":1694,"name":"Herredsvej"},"city":"V.Skerninge","state":"Danmark","country":"Denmark","postcode":26385,"coordinates":{"latitude":"-46.5795","longitude":"-26.7767"},"timezone":{"offset":"+4:00","description":"Abu Dhabi, Muscat, Baku, Tbilisi"}},"email":"jonas.jorgensen@example.com","login":{"uuid":"64924e02-b4d3-46d0-b1f5-834a1d8a7d3e","username":"whitefrog605","password":"bambam","salt":"TqZny1an","md5":"dac78de04e7e9814912e33d3071db0cc","sha1":"afaaa000fb743ff94e27e00e5edef9aed0ca95a6","sha256":"079d99f9925c0582f7310a447f263ce71d8cc9751b1b3f270f1294f1c7066178"},"dob":{"date":"1957-04-25T01:53:19.720Z","age":67},"registered":{"date":"2008-04-01T23:34:58.765Z","age":16},"phone":"08564828","cell":"00799052","id":{"name":"CPR","value":"240457-9825"},"picture":{"large":"https://randomuser.me/api/portraits/men/62.jpg","medium":"https://randomuser.me/api/portraits/med/men/62.jpg","thumbnail":"https://randomuser.me/api/portraits/thumb/men/62.jpg"},"nat":"DK"}],"info":{"seed":"0a7b2da44496e27d","results":1,"page":1,"version":"1.4"}} 
 </msg>
<msg time="2024-07-25T20:16:16.575961" level="INFO">/opt/hostedtoolcache/Python/3.12.4/x64/lib/python3.12/site-packages/urllib3/connectionpool.py:1099: InsecureRequestWarning: Unverified HTTPS request is being made to host 'randomuser.me'. Adding certificate verification is strongly advised. See: https://urllib3.readthedocs.io/en/latest/advanced-usage.html#tls-warnings
  warnings.warn(</msg>
<msg time="2024-07-25T20:16:16.576096" level="INFO">${response} = &lt;Response [200]&gt;</msg>
<var>${response}</var>
<arg>consultarAPI</arg>
<arg>/api</arg>
<doc>Sends a GET request on a previously created HTTP Session.</doc>
<status status="PASS" start="2024-07-25T20:16:16.486513" elapsed="0.089625"/>
</kw>
<kw name="Set Variable" owner="BuiltIn">
<msg time="2024-07-25T20:16:16.577209" level="INFO">${json_data} = {'results': [{'gender': 'male', 'name': {'title': 'Mr', 'first': 'Jonas', 'last': 'Jørgensen'}, 'location': {'street': {'number': 1694, 'name': 'Herredsvej'}, 'city': 'V.Skerninge', 'state': 'Danmark'...</msg>
<var>${json_data}</var>
<arg>${response.json()}</arg>
<doc>Returns the given values which can then be assigned to a variables.</doc>
<status status="PASS" start="2024-07-25T20:16:16.576661" elapsed="0.000577"/>
</kw>
<kw name="Log" owner="BuiltIn">
<msg time="2024-07-25T20:16:16.577761" level="INFO">{'results': [{'gender': 'male', 'name': {'title': 'Mr', 'first': 'Jonas', 'last': 'Jørgensen'}, 'location': {'street': {'number': 1694, 'name': 'Herredsvej'}, 'city': 'V.Skerninge', 'state': 'Danmark', 'country': 'Denmark', 'postcode': 26385, 'coordinates': {'latitude': '-46.5795', 'longitude': '-26.7767'}, 'timezone': {'offset': '+4:00', 'description': 'Abu Dhabi, Muscat, Baku, Tbilisi'}}, 'email': 'jonas.jorgensen@example.com', 'login': {'uuid': '64924e02-b4d3-46d0-b1f5-834a1d8a7d3e', 'username': 'whitefrog605', 'password': 'bambam', 'salt': 'TqZny1an', 'md5': 'dac78de04e7e9814912e33d3071db0cc', 'sha1': 'afaaa000fb743ff94e27e00e5edef9aed0ca95a6', 'sha256': '079d99f9925c0582f7310a447f263ce71d8cc9751b1b3f270f1294f1c7066178'}, 'dob': {'date': '1957-04-25T01:53:19.720Z', 'age': 67}, 'registered': {'date': '2008-04-01T23:34:58.765Z', 'age': 16}, 'phone': '08564828', 'cell': '00799052', 'id': {'name': 'CPR', 'value': '240457-9825'}, 'picture': {'large': 'https://randomuser.me/api/portraits/men/62.jpg', 'medium': 'https://randomuser.me/api/portraits/med/men/62.jpg', 'thumbnail': 'https://randomuser.me/api/portraits/thumb/men/62.jpg'}, 'nat': 'DK'}], 'info': {'seed': '0a7b2da44496e27d', 'results': 1, 'page': 1, 'version': '1.4'}}</msg>
<arg>${json_data}</arg>
<doc>Logs the given message with the given level.</doc>
<status status="PASS" start="2024-07-25T20:16:16.577583" elapsed="0.000231"/>
</kw>
<kw name="Dictionary Should Contain Key" owner="Collections">
<arg>${json_data}</arg>
<arg>results</arg>
<doc>Fails if ``key`` is not found from ``dictionary``.</doc>
<status status="PASS" start="2024-07-25T20:16:16.578122" elapsed="0.000209"/>
</kw>
<kw name="Should Not Be Empty" owner="BuiltIn">
<msg time="2024-07-25T20:16:16.578667" level="INFO">Length is 2.</msg>
<arg>${json_data}</arg>
<doc>Verifies that the given item is not empty.</doc>
<status status="PASS" start="2024-07-25T20:16:16.578531" elapsed="0.000177"/>
</kw>
<kw name="Create List" owner="BuiltIn">
<msg time="2024-07-25T20:16:16.579166" level="INFO">${expected_keys} = ['gender', 'name', 'location', 'email', 'login']</msg>
<var>${expected_keys}</var>
<arg>gender</arg>
<arg>name</arg>
<arg>location</arg>
<arg>email</arg>
<arg>login</arg>
<doc>Returns a list containing given items.</doc>
<status status="PASS" start="2024-07-25T20:16:16.579006" elapsed="0.000184"/>
</kw>
<for flavor="IN">
<iter>
<kw name="Dictionary Should Contain Key" owner="Collections">
<arg>${json_data['results'][0]}</arg>
<arg>${key}</arg>
<doc>Fails if ``key`` is not found from ``dictionary``.</doc>
<status status="PASS" start="2024-07-25T20:16:16.579799" elapsed="0.000445"/>
</kw>
<kw name="Log" owner="BuiltIn">
<msg time="2024-07-25T20:16:16.580810" level="INFO">{'gender': 'male', 'name': {'title': 'Mr', 'first': 'Jonas', 'last': 'Jørgensen'}, 'location': {'street': {'number': 1694, 'name': 'Herredsvej'}, 'city': 'V.Skerninge', 'state': 'Danmark', 'country': 'Denmark', 'postcode': 26385, 'coordinates': {'latitude': '-46.5795', 'longitude': '-26.7767'}, 'timezone': {'offset': '+4:00', 'description': 'Abu Dhabi, Muscat, Baku, Tbilisi'}}, 'email': 'jonas.jorgensen@example.com', 'login': {'uuid': '64924e02-b4d3-46d0-b1f5-834a1d8a7d3e', 'username': 'whitefrog605', 'password': 'bambam', 'salt': 'TqZny1an', 'md5': 'dac78de04e7e9814912e33d3071db0cc', 'sha1': 'afaaa000fb743ff94e27e00e5edef9aed0ca95a6', 'sha256': '079d99f9925c0582f7310a447f263ce71d8cc9751b1b3f270f1294f1c7066178'}, 'dob': {'date': '1957-04-25T01:53:19.720Z', 'age': 67}, 'registered': {'date': '2008-04-01T23:34:58.765Z', 'age': 16}, 'phone': '08564828', 'cell': '00799052', 'id': {'name': 'CPR', 'value': '240457-9825'}, 'picture': {'large': 'https://randomuser.me/api/portraits/men/62.jpg', 'medium': 'https://randomuser.me/api/portraits/med/men/62.jpg', 'thumbnail': 'https://randomuser.me/api/portraits/thumb/men/62.jpg'}, 'nat': 'DK'}</msg>
<arg>${json_data['results'][0]}</arg>
<doc>Logs the given message with the given level.</doc>
<status status="PASS" start="2024-07-25T20:16:16.580439" elapsed="0.000425"/>
</kw>
<kw name="Log" owner="BuiltIn">
<msg time="2024-07-25T20:16:16.581314" level="INFO">gender</msg>
<arg>${key}</arg>
<doc>Logs the given message with the given level.</doc>
<status status="PASS" start="2024-07-25T20:16:16.581179" elapsed="0.000177"/>
</kw>
<var name="${key}">gender</var>
<status status="PASS" start="2024-07-25T20:16:16.579664" elapsed="0.001914"/>
</iter>
<iter>
<kw name="Dictionary Should Contain Key" owner="Collections">
<arg>${json_data['results'][0]}</arg>
<arg>${key}</arg>
<doc>Fails if ``key`` is not found from ``dictionary``.</doc>
<status status="PASS" start="2024-07-25T20:16:16.581891" elapsed="0.000433"/>
</kw>
<kw name="Log" owner="BuiltIn">
<msg time="2024-07-25T20:16:16.582882" level="INFO">{'gender': 'male', 'name': {'title': 'Mr', 'first': 'Jonas', 'last': 'Jørgensen'}, 'location': {'street': {'number': 1694, 'name': 'Herredsvej'}, 'city': 'V.Skerninge', 'state': 'Danmark', 'country': 'Denmark', 'postcode': 26385, 'coordinates': {'latitude': '-46.5795', 'longitude': '-26.7767'}, 'timezone': {'offset': '+4:00', 'description': 'Abu Dhabi, Muscat, Baku, Tbilisi'}}, 'email': 'jonas.jorgensen@example.com', 'login': {'uuid': '64924e02-b4d3-46d0-b1f5-834a1d8a7d3e', 'username': 'whitefrog605', 'password': 'bambam', 'salt': 'TqZny1an', 'md5': 'dac78de04e7e9814912e33d3071db0cc', 'sha1': 'afaaa000fb743ff94e27e00e5edef9aed0ca95a6', 'sha256': '079d99f9925c0582f7310a447f263ce71d8cc9751b1b3f270f1294f1c7066178'}, 'dob': {'date': '1957-04-25T01:53:19.720Z', 'age': 67}, 'registered': {'date': '2008-04-01T23:34:58.765Z', 'age': 16}, 'phone': '08564828', 'cell': '00799052', 'id': {'name': 'CPR', 'value': '240457-9825'}, 'picture': {'large': 'https://randomuser.me/api/portraits/men/62.jpg', 'medium': 'https://randomuser.me/api/portraits/med/men/62.jpg', 'thumbnail': 'https://randomuser.me/api/portraits/thumb/men/62.jpg'}, 'nat': 'DK'}</msg>
<arg>${json_data['results'][0]}</arg>
<doc>Logs the given message with the given level.</doc>
<status status="PASS" start="2024-07-25T20:16:16.582513" elapsed="0.000452"/>
</kw>
<kw name="Log" owner="BuiltIn">
<msg time="2024-07-25T20:16:16.583398" level="INFO">name</msg>
<arg>${key}</arg>
<doc>Logs the given message with the given level.</doc>
<status status="PASS" start="2024-07-25T20:16:16.583267" elapsed="0.000170"/>
</kw>
<var name="${key}">name</var>
<status status="PASS" start="2024-07-25T20:16:16.581775" elapsed="0.001880"/>
</iter>
<iter>
<kw name="Dictionary Should Contain Key" owner="Collections">
<arg>${json_data['results'][0]}</arg>
<arg>${key}</arg>
<doc>Fails if ``key`` is not found from ``dictionary``.</doc>
<status status="PASS" start="2024-07-25T20:16:16.583951" elapsed="0.000387"/>
</kw>
<kw name="Log" owner="BuiltIn">
<msg time="2024-07-25T20:16:16.584902" level="INFO">{'gender': 'male', 'name': {'title': 'Mr', 'first': 'Jonas', 'last': 'Jørgensen'}, 'location': {'street': {'number': 1694, 'name': 'Herredsvej'}, 'city': 'V.Skerninge', 'state': 'Danmark', 'country': 'Denmark', 'postcode': 26385, 'coordinates': {'latitude': '-46.5795', 'longitude': '-26.7767'}, 'timezone': {'offset': '+4:00', 'description': 'Abu Dhabi, Muscat, Baku, Tbilisi'}}, 'email': 'jonas.jorgensen@example.com', 'login': {'uuid': '64924e02-b4d3-46d0-b1f5-834a1d8a7d3e', 'username': 'whitefrog605', 'password': 'bambam', 'salt': 'TqZny1an', 'md5': 'dac78de04e7e9814912e33d3071db0cc', 'sha1': 'afaaa000fb743ff94e27e00e5edef9aed0ca95a6', 'sha256': '079d99f9925c0582f7310a447f263ce71d8cc9751b1b3f270f1294f1c7066178'}, 'dob': {'date': '1957-04-25T01:53:19.720Z', 'age': 67}, 'registered': {'date': '2008-04-01T23:34:58.765Z', 'age': 16}, 'phone': '08564828', 'cell': '00799052', 'id': {'name': 'CPR', 'value': '240457-9825'}, 'picture': {'large': 'https://randomuser.me/api/portraits/men/62.jpg', 'medium': 'https://randomuser.me/api/portraits/med/men/62.jpg', 'thumbnail': 'https://randomuser.me/api/portraits/thumb/men/62.jpg'}, 'nat': 'DK'}</msg>
<arg>${json_data['results'][0]}</arg>
<doc>Logs the given message with the given level.</doc>
<status status="PASS" start="2024-07-25T20:16:16.584530" elapsed="0.000424"/>
</kw>
<kw name="Log" owner="BuiltIn">
<msg time="2024-07-25T20:16:16.585387" level="INFO">location</msg>
<arg>${key}</arg>
<doc>Logs the given message with the given level.</doc>
<status status="PASS" start="2024-07-25T20:16:16.585257" elapsed="0.000169"/>
</kw>
<var name="${key}">location</var>
<status status="PASS" start="2024-07-25T20:16:16.583839" elapsed="0.001811"/>
</iter>
<iter>
<kw name="Dictionary Should Contain Key" owner="Collections">
<arg>${json_data['results'][0]}</arg>
<arg>${key}</arg>
<doc>Fails if ``key`` is not found from ``dictionary``.</doc>
<status status="PASS" start="2024-07-25T20:16:16.585932" elapsed="0.000426"/>
</kw>
<kw name="Log" owner="BuiltIn">
<msg time="2024-07-25T20:16:16.587044" level="INFO">{'gender': 'male', 'name': {'title': 'Mr', 'first': 'Jonas', 'last': 'Jørgensen'}, 'location': {'street': {'number': 1694, 'name': 'Herredsvej'}, 'city': 'V.Skerninge', 'state': 'Danmark', 'country': 'Denmark', 'postcode': 26385, 'coordinates': {'latitude': '-46.5795', 'longitude': '-26.7767'}, 'timezone': {'offset': '+4:00', 'description': 'Abu Dhabi, Muscat, Baku, Tbilisi'}}, 'email': 'jonas.jorgensen@example.com', 'login': {'uuid': '64924e02-b4d3-46d0-b1f5-834a1d8a7d3e', 'username': 'whitefrog605', 'password': 'bambam', 'salt': 'TqZny1an', 'md5': 'dac78de04e7e9814912e33d3071db0cc', 'sha1': 'afaaa000fb743ff94e27e00e5edef9aed0ca95a6', 'sha256': '079d99f9925c0582f7310a447f263ce71d8cc9751b1b3f270f1294f1c7066178'}, 'dob': {'date': '1957-04-25T01:53:19.720Z', 'age': 67}, 'registered': {'date': '2008-04-01T23:34:58.765Z', 'age': 16}, 'phone': '08564828', 'cell': '00799052', 'id': {'name': 'CPR', 'value': '240457-9825'}, 'picture': {'large': 'https://randomuser.me/api/portraits/men/62.jpg', 'medium': 'https://randomuser.me/api/portraits/med/men/62.jpg', 'thumbnail': 'https://randomuser.me/api/portraits/thumb/men/62.jpg'}, 'nat': 'DK'}</msg>
<arg>${json_data['results'][0]}</arg>
<doc>Logs the given message with the given level.</doc>
<status status="PASS" start="2024-07-25T20:16:16.586677" elapsed="0.000418"/>
</kw>
<kw name="Log" owner="BuiltIn">
<msg time="2024-07-25T20:16:16.587533" level="INFO">email</msg>
<arg>${key}</arg>
<doc>Logs the given message with the given level.</doc>
<status status="PASS" start="2024-07-25T20:16:16.587400" elapsed="0.000174"/>
</kw>
<var name="${key}">email</var>
<status status="PASS" start="2024-07-25T20:16:16.585823" elapsed="0.001973"/>
</iter>
<iter>
<kw name="Dictionary Should Contain Key" owner="Collections">
<arg>${json_data['results'][0]}</arg>
<arg>${key}</arg>
<doc>Fails if ``key`` is not found from ``dictionary``.</doc>
<status status="PASS" start="2024-07-25T20:16:16.588087" elapsed="0.000395"/>
</kw>
<kw name="Log" owner="BuiltIn">
<msg time="2024-07-25T20:16:16.589029" level="INFO">{'gender': 'male', 'name': {'title': 'Mr', 'first': 'Jonas', 'last': 'Jørgensen'}, 'location': {'street': {'number': 1694, 'name': 'Herredsvej'}, 'city': 'V.Skerninge', 'state': 'Danmark', 'country': 'Denmark', 'postcode': 26385, 'coordinates': {'latitude': '-46.5795', 'longitude': '-26.7767'}, 'timezone': {'offset': '+4:00', 'description': 'Abu Dhabi, Muscat, Baku, Tbilisi'}}, 'email': 'jonas.jorgensen@example.com', 'login': {'uuid': '64924e02-b4d3-46d0-b1f5-834a1d8a7d3e', 'username': 'whitefrog605', 'password': 'bambam', 'salt': 'TqZny1an', 'md5': 'dac78de04e7e9814912e33d3071db0cc', 'sha1': 'afaaa000fb743ff94e27e00e5edef9aed0ca95a6', 'sha256': '079d99f9925c0582f7310a447f263ce71d8cc9751b1b3f270f1294f1c7066178'}, 'dob': {'date': '1957-04-25T01:53:19.720Z', 'age': 67}, 'registered': {'date': '2008-04-01T23:34:58.765Z', 'age': 16}, 'phone': '08564828', 'cell': '00799052', 'id': {'name': 'CPR', 'value': '240457-9825'}, 'picture': {'large': 'https://randomuser.me/api/portraits/men/62.jpg', 'medium': 'https://randomuser.me/api/portraits/med/men/62.jpg', 'thumbnail': 'https://randomuser.me/api/portraits/thumb/men/62.jpg'}, 'nat': 'DK'}</msg>
<arg>${json_data['results'][0]}</arg>
<doc>Logs the given message with the given level.</doc>
<status status="PASS" start="2024-07-25T20:16:16.588672" elapsed="0.000406"/>
</kw>
<kw name="Log" owner="BuiltIn">
<msg time="2024-07-25T20:16:16.589506" level="INFO">login</msg>
<arg>${key}</arg>
<doc>Logs the given message with the given level.</doc>
<status status="PASS" start="2024-07-25T20:16:16.589376" elapsed="0.000169"/>
</kw>
<var name="${key}">login</var>
<status status="PASS" start="2024-07-25T20:16:16.587975" elapsed="0.001791"/>
</iter>
<var>${key}</var>
<value>@{expected_keys}</value>
<status status="PASS" start="2024-07-25T20:16:16.579460" elapsed="0.010430"/>
</for>
<kw name="Create List" owner="BuiltIn">
<msg time="2024-07-25T20:16:16.590267" level="INFO">${expected_keysTwo} = ['username', 'password']</msg>
<var>${expected_keysTwo}</var>
<arg>username</arg>
<arg>password</arg>
<doc>Returns a list containing given items.</doc>
<status status="PASS" start="2024-07-25T20:16:16.590091" elapsed="0.000203"/>
</kw>
<for flavor="IN">
<iter>
<kw name="Dictionary Should Contain Key" owner="Collections">
<arg>${json_data['results'][0]['login']}</arg>
<arg>${keyTwo}</arg>
<doc>Fails if ``key`` is not found from ``dictionary``.</doc>
<status status="PASS" start="2024-07-25T20:16:16.590848" elapsed="0.000394"/>
</kw>
<kw name="Dictionary Should Contain Key" owner="Collections">
<arg>${json_data['results'][0]['login']}</arg>
<arg>${keyTwo}</arg>
<doc>Fails if ``key`` is not found from ``dictionary``.</doc>
<status status="PASS" start="2024-07-25T20:16:16.591428" elapsed="0.000379"/>
</kw>
<kw name="Log" owner="BuiltIn">
<msg time="2024-07-25T20:16:16.592110" level="INFO">username</msg>
<arg>${keyTwo}</arg>
<doc>Logs the given message with the given level.</doc>
<status status="PASS" start="2024-07-25T20:16:16.591988" elapsed="0.000161"/>
</kw>
<var name="${keyTwo}">username</var>
<status status="PASS" start="2024-07-25T20:16:16.590737" elapsed="0.001635"/>
</iter>
<iter>
<kw name="Dictionary Should Contain Key" owner="Collections">
<arg>${json_data['results'][0]['login']}</arg>
<arg>${keyTwo}</arg>
<doc>Fails if ``key`` is not found from ``dictionary``.</doc>
<status status="PASS" start="2024-07-25T20:16:16.592665" elapsed="0.000381"/>
</kw>
<kw name="Dictionary Should Contain Key" owner="Collections">
<arg>${json_data['results'][0]['login']}</arg>
<arg>${keyTwo}</arg>
<doc>Fails if ``key`` is not found from ``dictionary``.</doc>
<status status="PASS" start="2024-07-25T20:16:16.593226" elapsed="0.000377"/>
</kw>
<kw name="Log" owner="BuiltIn">
<msg time="2024-07-25T20:16:16.593915" level="INFO">password</msg>
<arg>${keyTwo}</arg>
<doc>Logs the given message with the given level.</doc>
<status status="PASS" start="2024-07-25T20:16:16.593790" elapsed="0.000164"/>
</kw>
<var name="${keyTwo}">password</var>
<status status="PASS" start="2024-07-25T20:16:16.592548" elapsed="0.001628"/>
</iter>
<var>${keyTwo}</var>
<value>@{expected_keysTwo}</value>
<status status="PASS" start="2024-07-25T20:16:16.590574" elapsed="0.003766"/>
</for>
<status status="PASS" start="2024-07-25T20:16:16.486245" elapsed="0.108246"/>
</kw>
<doc>Testa a estrutura da resposta da API.</doc>
<tag>testeEstruturaResposta</tag>
<status status="PASS" start="2024-07-25T20:16:16.485675" elapsed="0.108987"/>
</test>
<test id="s1-s1-t4" name="Validar tipos de dados" line="28">
<kw name="Teste de Tipos de Dados" owner="random-user-service">
<kw name="GET On Session" owner="RequestsLibrary">
<msg time="2024-07-25T20:16:16.706831" level="INFO">GET Request : url=https://randomuser.me/api 
 path_url=/api 
 headers={'User-Agent': 'python-requests/2.32.3', 'Accept-Encoding': 'gzip, deflate', 'Accept': '*/*', 'Connection': 'keep-alive'} 
 body=None 
 </msg>
<msg time="2024-07-25T20:16:16.706929" level="INFO">GET Response : url=https://randomuser.me/api 
 status=200, reason=OK 
 headers={'Date': 'Thu, 25 Jul 2024 20:16:16 GMT', 'Content-Type': 'application/json; charset=utf-8', 'Transfer-Encoding': 'chunked', 'Connection': 'keep-alive', 'X-Powered-By': 'Express', 'Access-Control-Allow-Origin': '*', 'Cache-Control': 'no-cache', 'ETag': 'W/"48f-j4nGv1UCjQYvYlksgIMQJF1Iw4E"', 'Vary': 'Accept-Encoding', 'Content-Encoding': 'gzip', 'CF-Cache-Status': 'DYNAMIC', 'Report-To': '{"endpoints":[{"url":"https:\\/\\/a.nel.cloudflare.com\\/report\\/v4?s=71pLZoM7hkigW%2FiLIxBpxjobrMjXruP%2FF14Kk5U%2BBWINcydP8wSbDNgdF%2Bl%2ByOqRo%2F3oCD0tODad9cw0b9NzAr2jaGgi3%2BJJyVDygppZYWqRUcPMF%2FEbD4kfNOvGdRoh"}],"group":"cf-nel","max_age":604800}', 'NEL': '{"success_fraction":0,"report_to":"cf-nel","max_age":604800}', 'Server': 'cloudflare', 'CF-RAY': '8a8ed3a7ce9d16a2-SJC', 'alt-svc': 'h3=":443"; ma=86400'} 
 body={"results":[{"gender":"male","name":{"title":"Mr","first":"Mylan","last":"Blanc"},"location":{"street":{"number":5898,"name":"Place de L'Abbé-Franz-Stock"},"city":"Boulogne-Billancourt","state":"Savoie","country":"France","postcode":80677,"coordinates":{"latitude":"-15.3639","longitude":"-94.5903"},"timezone":{"offset":"-9:00","description":"Alaska"}},"email":"mylan.blanc@example.com","login":{"uuid":"b11932dc-054f-41f8-8705-c4f1fb2cd943","username":"angrygoose787","password":"indiana","salt":"bvr8d8FU","md5":"adfd29ae224775303e37174bd5886728","sha1":"9b4e68597441c1b5387a4ee83490054e51794886","sha256":"b60e74c3ac4ff2b8b512820447e88d7827559fbc74a0dc5b177487b84a90dddf"},"dob":{"date":"1961-06-02T09:20:36.858Z","age":63},"registered":{"date":"2021-07-13T06:04:44.688Z","age":3},"phone":"05-61-78-52-22","cell":"06-89-03-43-92","id":{"name":"INSEE","value":"1610520787922 02"},"picture":{"large":"https://randomuser.me/api/portraits/men/10.jpg","medium":"https://randomuser.me/api/portraits/med/men/10.jpg","thumbnail":"https://randomuser.me/api/portraits/thumb/men/10.jpg"},"nat":"FR"}],"info":{"seed":"0413bca799c689d7","results":1,"page":1,"version":"1.4"}} 
 </msg>
<msg time="2024-07-25T20:16:16.707000" level="INFO">/opt/hostedtoolcache/Python/3.12.4/x64/lib/python3.12/site-packages/urllib3/connectionpool.py:1099: InsecureRequestWarning: Unverified HTTPS request is being made to host 'randomuser.me'. Adding certificate verification is strongly advised. See: https://urllib3.readthedocs.io/en/latest/advanced-usage.html#tls-warnings
  warnings.warn(</msg>
<msg time="2024-07-25T20:16:16.707117" level="INFO">${response} = &lt;Response [200]&gt;</msg>
<var>${response}</var>
<arg>consultarAPI</arg>
<arg>/api</arg>
<doc>Sends a GET request on a previously created HTTP Session.</doc>
<status status="PASS" start="2024-07-25T20:16:16.597198" elapsed="0.109966"/>
</kw>
<kw name="Set Variable" owner="BuiltIn">
<msg time="2024-07-25T20:16:16.708252" level="INFO">${json_data} = {'results': [{'gender': 'male', 'name': {'title': 'Mr', 'first': 'Mylan', 'last': 'Blanc'}, 'location': {'street': {'number': 5898, 'name': "Place de L'Abbé-Franz-Stock"}, 'city': 'Boulogne-Billancour...</msg>
<var>${json_data}</var>
<arg>${response.json()}</arg>
<doc>Returns the given values which can then be assigned to a variables.</doc>
<status status="PASS" start="2024-07-25T20:16:16.707695" elapsed="0.000586"/>
</kw>
<kw name="Log" owner="BuiltIn">
<msg time="2024-07-25T20:16:16.708806" level="INFO">{'results': [{'gender': 'male', 'name': {'title': 'Mr', 'first': 'Mylan', 'last': 'Blanc'}, 'location': {'street': {'number': 5898, 'name': "Place de L'Abbé-Franz-Stock"}, 'city': 'Boulogne-Billancourt', 'state': 'Savoie', 'country': 'France', 'postcode': 80677, 'coordinates': {'latitude': '-15.3639', 'longitude': '-94.5903'}, 'timezone': {'offset': '-9:00', 'description': 'Alaska'}}, 'email': 'mylan.blanc@example.com', 'login': {'uuid': 'b11932dc-054f-41f8-8705-c4f1fb2cd943', 'username': 'angrygoose787', 'password': 'indiana', 'salt': 'bvr8d8FU', 'md5': 'adfd29ae224775303e37174bd5886728', 'sha1': '9b4e68597441c1b5387a4ee83490054e51794886', 'sha256': 'b60e74c3ac4ff2b8b512820447e88d7827559fbc74a0dc5b177487b84a90dddf'}, 'dob': {'date': '1961-06-02T09:20:36.858Z', 'age': 63}, 'registered': {'date': '2021-07-13T06:04:44.688Z', 'age': 3}, 'phone': '05-61-78-52-22', 'cell': '06-89-03-43-92', 'id': {'name': 'INSEE', 'value': '1610520787922 02'}, 'picture': {'large': 'https://randomuser.me/api/portraits/men/10.jpg', 'medium': 'https://randomuser.me/api/portraits/med/men/10.jpg', 'thumbnail': 'https://randomuser.me/api/portraits/thumb/men/10.jpg'}, 'nat': 'FR'}], 'info': {'seed': '0413bca799c689d7', 'results': 1, 'page': 1, 'version': '1.4'}}</msg>
<arg>${json_data}</arg>
<doc>Logs the given message with the given level.</doc>
<status status="PASS" start="2024-07-25T20:16:16.708634" elapsed="0.000224"/>
</kw>
<kw name="Should Be String" owner="String">
<arg>${json_data['results'][0]['gender']}</arg>
<doc>Fails if the given ``item`` is not a string.</doc>
<status status="PASS" start="2024-07-25T20:16:16.709169" elapsed="0.000385"/>
</kw>
<kw name="Should Match Regexp" owner="BuiltIn">
<arg>${json_data['results'][0]['email']}</arg>
<arg>^[a-zA-Z0-9._%+-]+@[a-zA-Z0-9.-]+\.[a-zA-Z]{2,}$</arg>
<doc>Fails if ``string`` does not match ``pattern`` as a regular expression.</doc>
<status status="PASS" start="2024-07-25T20:16:16.709750" elapsed="0.000566"/>
</kw>
<kw name="Should Match Regexp" owner="BuiltIn">
<arg>${json_data['results'][0]['dob']['date']}</arg>
<arg>\\d{4}-\\d{2}-\\d{2}T\\d{2}:\\d{2}:\\d{2}\\.\\d{3}Z</arg>
<doc>Fails if ``string`` does not match ``pattern`` as a regular expression.</doc>
<status status="PASS" start="2024-07-25T20:16:16.710561" elapsed="0.000671"/>
</kw>
<kw name="Should Match Regexp" owner="BuiltIn">
<arg>${json_data['results'][0]['registered']['date']}</arg>
<arg>\\d{4}-\\d{2}-\\d{2}T\\d{2}:\\d{2}:\\d{2}\\.\\d{3}Z</arg>
<doc>Fails if ``string`` does not match ``pattern`` as a regular expression.</doc>
<status status="PASS" start="2024-07-25T20:16:16.711430" elapsed="0.000380"/>
</kw>
<kw name="Should Match Regexp" owner="BuiltIn">
<arg>${json_data['results'][0]['picture']['large']}</arg>
<arg>^https?://.*\.(?:png|jpe?g|gif|bmp)$</arg>
<doc>Fails if ``string`` does not match ``pattern`` as a regular expression.</doc>
<status status="PASS" start="2024-07-25T20:16:16.712000" elapsed="0.000469"/>
</kw>
<kw name="Should Match Regexp" owner="BuiltIn">
<arg>${json_data['results'][0]['picture']['medium']}</arg>
<arg>^https?://.*\.(?:png|jpe?g|gif|bmp)$</arg>
<doc>Fails if ``string`` does not match ``pattern`` as a regular expression.</doc>
<status status="PASS" start="2024-07-25T20:16:16.712658" elapsed="0.000357"/>
</kw>
<kw name="Should Match Regexp" owner="BuiltIn">
<arg>${json_data['results'][0]['picture']['thumbnail']}</arg>
<arg>^https?://.*\.(?:png|jpe?g|gif|bmp)$</arg>
<doc>Fails if ``string`` does not match ``pattern`` as a regular expression.</doc>
<status status="PASS" start="2024-07-25T20:16:16.713201" elapsed="0.000351"/>
</kw>
<kw name="Log" owner="BuiltIn">
<msg time="2024-07-25T20:16:16.714055" level="INFO">{'large': 'https://randomuser.me/api/portraits/men/10.jpg', 'medium': 'https://randomuser.me/api/portraits/med/men/10.jpg', 'thumbnail': 'https://randomuser.me/api/portraits/thumb/men/10.jpg'}</msg>
<arg>${json_data['results'][0]['picture']}</arg>
<doc>Logs the given message with the given level.</doc>
<status status="PASS" start="2024-07-25T20:16:16.713734" elapsed="0.000364"/>
</kw>
<status status="PASS" start="2024-07-25T20:16:16.596964" elapsed="0.117434"/>
</kw>
<kw name="Teste de Tipos de Dados - Postcode" owner="random-user-service">
<kw name="GET On Session" owner="RequestsLibrary">
<msg time="2024-07-25T20:16:16.824050" level="INFO">GET Request : url=https://randomuser.me/api 
 path_url=/api 
 headers={'User-Agent': 'python-requests/2.32.3', 'Accept-Encoding': 'gzip, deflate', 'Accept': '*/*', 'Connection': 'keep-alive'} 
 body=None 
 </msg>
<msg time="2024-07-25T20:16:16.824142" level="INFO">GET Response : url=https://randomuser.me/api 
 status=200, reason=OK 
 headers={'Date': 'Thu, 25 Jul 2024 20:16:16 GMT', 'Content-Type': 'application/json; charset=utf-8', 'Transfer-Encoding': 'chunked', 'Connection': 'keep-alive', 'X-Powered-By': 'Express', 'Access-Control-Allow-Origin': '*', 'Cache-Control': 'no-cache', 'ETag': 'W/"491-mes+3G05ENZlJAbyTOLBCB+xDKM"', 'Vary': 'Accept-Encoding', 'Content-Encoding': 'gzip', 'CF-Cache-Status': 'DYNAMIC', 'Report-To': '{"endpoints":[{"url":"https:\\/\\/a.nel.cloudflare.com\\/report\\/v4?s=4Mnx59FLvexEob71nGyfLf%2Fn9dDWSCu2HVnTlK9Uba6ZmROOjgWq9%2BLIhGXf4qhmAz1Lid6SfsgPJpj84xsGxRac5E0UHo92m5%2B6CpvpuNZzWh9swNTapzla84cg2%2BcU"}],"group":"cf-nel","max_age":604800}', 'NEL': '{"success_fraction":0,"report_to":"cf-nel","max_age":604800}', 'Server': 'cloudflare', 'CF-RAY': '8a8ed3a87f4716a2-SJC', 'alt-svc': 'h3=":443"; ma=86400'} 
 body={"results":[{"gender":"female","name":{"title":"Mrs","first":"Hilda","last":"Williamson"},"location":{"street":{"number":3834,"name":"Royal Ln"},"city":"Bundaberg","state":"Australian Capital Territory","country":"Australia","postcode":6763,"coordinates":{"latitude":"-87.2131","longitude":"106.9216"},"timezone":{"offset":"+5:45","description":"Kathmandu"}},"email":"hilda.williamson@example.com","login":{"uuid":"6f8b6b31-070a-4168-92f4-3d9b7ed040e9","username":"crazyelephant851","password":"zone","salt":"BdOhxHJj","md5":"944c1d6af9ebc21026729415670c6be3","sha1":"be78449df4697adc5d9339c89acafc708cc9f445","sha256":"3aa61f424826805fef711f33bb721a627690ff7b9babd200695f90fb32d317d1"},"dob":{"date":"1978-01-24T05:46:12.310Z","age":46},"registered":{"date":"2016-03-24T13:51:44.692Z","age":8},"phone":"09-8020-9608","cell":"0492-803-782","id":{"name":"TFN","value":"565877537"},"picture":{"large":"https://randomuser.me/api/portraits/women/47.jpg","medium":"https://randomuser.me/api/portraits/med/women/47.jpg","thumbnail":"https://randomuser.me/api/portraits/thumb/women/47.jpg"},"nat":"AU"}],"info":{"seed":"675e3700a230ce86","results":1,"page":1,"version":"1.4"}} 
 </msg>
<msg time="2024-07-25T20:16:16.824209" level="INFO">/opt/hostedtoolcache/Python/3.12.4/x64/lib/python3.12/site-packages/urllib3/connectionpool.py:1099: InsecureRequestWarning: Unverified HTTPS request is being made to host 'randomuser.me'. Adding certificate verification is strongly advised. See: https://urllib3.readthedocs.io/en/latest/advanced-usage.html#tls-warnings
  warnings.warn(</msg>
<msg time="2024-07-25T20:16:16.824332" level="INFO">${response} = &lt;Response [200]&gt;</msg>
<var>${response}</var>
<arg>consultarAPI</arg>
<arg>/api</arg>
<doc>Sends a GET request on a previously created HTTP Session.</doc>
<status status="PASS" start="2024-07-25T20:16:16.714877" elapsed="0.109492"/>
</kw>
<kw name="Set Variable" owner="BuiltIn">
<msg time="2024-07-25T20:16:16.825491" level="INFO">${json_data} = {'results': [{'gender': 'female', 'name': {'title': 'Mrs', 'first': 'Hilda', 'last': 'Williamson'}, 'location': {'street': {'number': 3834, 'name': 'Royal Ln'}, 'city': 'Bundaberg', 'state': 'Australi...</msg>
<var>${json_data}</var>
<arg>${response.json()}</arg>
<doc>Returns the given values which can then be assigned to a variables.</doc>
<status status="PASS" start="2024-07-25T20:16:16.824932" elapsed="0.000587"/>
</kw>
<kw name="Log" owner="BuiltIn">
<msg time="2024-07-25T20:16:16.825995" level="INFO">{'results': [{'gender': 'female', 'name': {'title': 'Mrs', 'first': 'Hilda', 'last': 'Williamson'}, 'location': {'street': {'number': 3834, 'name': 'Royal Ln'}, 'city': 'Bundaberg', 'state': 'Australian Capital Territory', 'country': 'Australia', 'postcode': 6763, 'coordinates': {'latitude': '-87.2131', 'longitude': '106.9216'}, 'timezone': {'offset': '+5:45', 'description': 'Kathmandu'}}, 'email': 'hilda.williamson@example.com', 'login': {'uuid': '6f8b6b31-070a-4168-92f4-3d9b7ed040e9', 'username': 'crazyelephant851', 'password': 'zone', 'salt': 'BdOhxHJj', 'md5': '944c1d6af9ebc21026729415670c6be3', 'sha1': 'be78449df4697adc5d9339c89acafc708cc9f445', 'sha256': '3aa61f424826805fef711f33bb721a627690ff7b9babd200695f90fb32d317d1'}, 'dob': {'date': '1978-01-24T05:46:12.310Z', 'age': 46}, 'registered': {'date': '2016-03-24T13:51:44.692Z', 'age': 8}, 'phone': '09-8020-9608', 'cell': '0492-803-782', 'id': {'name': 'TFN', 'value': '565877537'}, 'picture': {'large': 'https://randomuser.me/api/portraits/women/47.jpg', 'medium': 'https://randomuser.me/api/portraits/med/women/47.jpg', 'thumbnail': 'https://randomuser.me/api/portraits/thumb/women/47.jpg'}, 'nat': 'AU'}], 'info': {'seed': '675e3700a230ce86', 'results': 1, 'page': 1, 'version': '1.4'}}</msg>
<arg>${json_data}</arg>
<doc>Logs the given message with the given level.</doc>
<status status="PASS" start="2024-07-25T20:16:16.825836" elapsed="0.000207"/>
</kw>
<kw name="Should Be Equal As Numbers" owner="BuiltIn">
<arg>${json_data['results'][0]['location']['postcode']}</arg>
<arg>${json_data['results'][0]['location']['postcode']}</arg>
<doc>Fails if objects are unequal after converting them to real numbers.</doc>
<status status="PASS" start="2024-07-25T20:16:16.826385" elapsed="0.000640"/>
</kw>
<kw name="Log" owner="BuiltIn">
<msg time="2024-07-25T20:16:16.827600" level="INFO">6763</msg>
<arg>${json_data['results'][0]['location']['postcode']}</arg>
<doc>Logs the given message with the given level.</doc>
<status status="PASS" start="2024-07-25T20:16:16.827237" elapsed="0.000406"/>
</kw>
<status status="PASS" start="2024-07-25T20:16:16.714629" elapsed="0.113302"/>
</kw>
<doc>Testa se os tipos de dados na resposta da API estão corretos.</doc>
<tag>testeTiposDados</tag>
<status status="PASS" start="2024-07-25T20:16:16.596479" elapsed="0.231627"/>
</test>
<test id="s1-s1-t5" name="Validar conteudo" line="35">
<kw name="Teste de Tipos de Conteudo" owner="random-user-service">
<kw name="GET On Session" owner="RequestsLibrary">
<msg time="2024-07-25T20:16:16.926338" level="INFO">GET Request : url=https://randomuser.me/api 
 path_url=/api 
 headers={'User-Agent': 'python-requests/2.32.3', 'Accept-Encoding': 'gzip, deflate', 'Accept': '*/*', 'Connection': 'keep-alive'} 
 body=None 
 </msg>
<msg time="2024-07-25T20:16:16.926437" level="INFO">GET Response : url=https://randomuser.me/api 
 status=200, reason=OK 
 headers={'Date': 'Thu, 25 Jul 2024 20:16:16 GMT', 'Content-Type': 'application/json; charset=utf-8', 'Transfer-Encoding': 'chunked', 'Connection': 'keep-alive', 'X-Powered-By': 'Express', 'Access-Control-Allow-Origin': '*', 'Cache-Control': 'no-cache', 'ETag': 'W/"48d-Vu29Ea8hL4TnYhFYcP9W9revaSc"', 'Vary': 'Accept-Encoding', 'Content-Encoding': 'gzip', 'CF-Cache-Status': 'DYNAMIC', 'Report-To': '{"endpoints":[{"url":"https:\\/\\/a.nel.cloudflare.com\\/report\\/v4?s=iL%2FDkU3c%2FzxSr6%2FN4Tmt1zpcX3k5LD9fqdmuGSe9QX0P6EIbJjQ4H9CUJ5rEwujFfn6EiKvH9LoQc920eF9EORk0jnMIMU9M8Hm%2Fng6Aj%2BG6qHgc9qYLVzQ1GhfRmSxZ"}],"group":"cf-nel","max_age":604800}', 'NEL': '{"success_fraction":0,"report_to":"cf-nel","max_age":604800}', 'Server': 'cloudflare', 'CF-RAY': '8a8ed3a9381216a2-SJC', 'alt-svc': 'h3=":443"; ma=86400'} 
 body={"results":[{"gender":"male","name":{"title":"Mr","first":"Önal","last":"Menemencioğlu"},"location":{"street":{"number":1362,"name":"Filistin Cd"},"city":"Kastamonu","state":"Artvin","country":"Turkey","postcode":51935,"coordinates":{"latitude":"64.3503","longitude":"-72.7935"},"timezone":{"offset":"+10:00","description":"Eastern Australia, Guam, Vladivostok"}},"email":"onal.menemencioglu@example.com","login":{"uuid":"d9e29717-a50b-427d-a2e0-ae3d5a23fbbc","username":"tinybird689","password":"bunnies","salt":"OvcQhBZz","md5":"b2f8654ef2a5ad5ff3b6ee7bf46dccc1","sha1":"04260d87803a624b51aa095321f423004233fb46","sha256":"370f95940bb63eae0302ae498445a5d2335d3315810ba9b54c06ba3fb575e6fb"},"dob":{"date":"1995-03-18T18:58:35.025Z","age":29},"registered":{"date":"2006-10-17T00:39:09.379Z","age":17},"phone":"(361)-297-6744","cell":"(599)-724-0765","id":{"name":"","value":null},"picture":{"large":"https://randomuser.me/api/portraits/men/87.jpg","medium":"https://randomuser.me/api/portraits/med/men/87.jpg","thumbnail":"https://randomuser.me/api/portraits/thumb/men/87.jpg"},"nat":"TR"}],"info":{"seed":"d7591d38cb10d62f","results":1,"page":1,"version":"1.4"}} 
 </msg>
<msg time="2024-07-25T20:16:16.926510" level="INFO">/opt/hostedtoolcache/Python/3.12.4/x64/lib/python3.12/site-packages/urllib3/connectionpool.py:1099: InsecureRequestWarning: Unverified HTTPS request is being made to host 'randomuser.me'. Adding certificate verification is strongly advised. See: https://urllib3.readthedocs.io/en/latest/advanced-usage.html#tls-warnings
  warnings.warn(</msg>
<msg time="2024-07-25T20:16:16.926634" level="INFO">${response} = &lt;Response [200]&gt;</msg>
<var>${response}</var>
<arg>consultarAPI</arg>
<arg>/api</arg>
<doc>Sends a GET request on a previously created HTTP Session.</doc>
<status status="PASS" start="2024-07-25T20:16:16.831015" elapsed="0.095660"/>
</kw>
<kw name="Set Variable" owner="BuiltIn">
<msg time="2024-07-25T20:16:16.927867" level="INFO">${json_data} = {'results': [{'gender': 'male', 'name': {'title': 'Mr', 'first': 'Önal', 'last': 'Menemencioğlu'}, 'location': {'street': {'number': 1362, 'name': 'Filistin Cd'}, 'city': 'Kastamonu', 'state': 'Artvin...</msg>
<var>${json_data}</var>
<arg>${response.json()}</arg>
<doc>Returns the given values which can then be assigned to a variables.</doc>
<status status="PASS" start="2024-07-25T20:16:16.927295" elapsed="0.000605"/>
</kw>
<kw name="Set Variable" owner="BuiltIn">
<msg time="2024-07-25T20:16:16.928675" level="INFO">${name_title} = Mr</msg>
<var>${name_title}</var>
<arg>${json_data["results"][0]["name"]["title"]}</arg>
<doc>Returns the given values which can then be assigned to a variables.</doc>
<status status="PASS" start="2024-07-25T20:16:16.928259" elapsed="0.000443"/>
</kw>
<kw name="Create List" owner="BuiltIn">
<msg time="2024-07-25T20:16:16.929179" level="INFO">${allowed_titles} = ['Mr', 'Ms', 'Miss', 'Mrs', 'Madame', 'Monsieur']</msg>
<var>${allowed_titles}</var>
<arg>Mr</arg>
<arg>Ms</arg>
<arg>Miss</arg>
<arg>Mrs</arg>
<arg>Madame</arg>
<arg>Monsieur</arg>
<doc>Returns a list containing given items.</doc>
<status status="PASS" start="2024-07-25T20:16:16.929020" elapsed="0.000186"/>
</kw>
<kw name="List Should Contain Value" owner="Collections">
<arg>${allowed_titles}</arg>
<arg>${name_title}</arg>
<doc>Fails if the ``value`` is not found from ``list``.</doc>
<status status="PASS" start="2024-07-25T20:16:16.929518" elapsed="0.000190"/>
</kw>
<kw name="Set Variable" owner="BuiltIn">
<msg time="2024-07-25T20:16:16.930321" level="INFO">${name_country} = TR</msg>
<var>${name_country}</var>
<arg>${json_data["results"][0]["nat"]}</arg>
<doc>Returns the given values which can then be assigned to a variables.</doc>
<status status="PASS" start="2024-07-25T20:16:16.929895" elapsed="0.000453"/>
</kw>
<kw name="Create List" owner="BuiltIn">
<msg time="2024-07-25T20:16:16.931261" level="INFO">${list_country} = ['AD', 'AE', 'AF', 'AG', 'AI', 'AL', 'AM', 'AO', 'AQ', 'AR', 'AS', 'AT', 'AU', 'AW', 'AX', 'AZ', 'BA', 'BB', 'BD', 'BE', 'BF', 'BG', 'BH', 'BI', 'BJ', 'BL', 'BM', 'BN', 'BO', 'BQ', 'BR', 'BS', 'BT', '...</msg>
<var>${list_country}</var>
<arg>AD</arg>
<arg>AE</arg>
<arg>AF</arg>
<arg>AG</arg>
<arg>AI</arg>
<arg>AL</arg>
<arg>AM</arg>
<arg>AO</arg>
<arg>AQ</arg>
<arg>AR</arg>
<arg>AS</arg>
<arg>AT</arg>
<arg>AU</arg>
<arg>AW</arg>
<arg>AX</arg>
<arg>AZ</arg>
<arg>BA</arg>
<arg>BB</arg>
<arg>BD</arg>
<arg>BE</arg>
<arg>BF</arg>
<arg>BG</arg>
<arg>BH</arg>
<arg>BI</arg>
<arg>BJ</arg>
<arg>BL</arg>
<arg>BM</arg>
<arg>BN</arg>
<arg>BO</arg>
<arg>BQ</arg>
<arg>BR</arg>
<arg>BS</arg>
<arg>BT</arg>
<arg>BV</arg>
<arg>BW</arg>
<arg>BY</arg>
<arg>BZ</arg>
<arg>CA</arg>
<arg>CC</arg>
<arg>CD</arg>
<arg>CF</arg>
<arg>CG</arg>
<arg>CH</arg>
<arg>CI</arg>
<arg>CK</arg>
<arg>CL</arg>
<arg>CM</arg>
<arg>CN</arg>
<arg>CO</arg>
<arg>CR</arg>
<arg>CU</arg>
<arg>CV</arg>
<arg>CW</arg>
<arg>CX</arg>
<arg>CY</arg>
<arg>CZ</arg>
<arg>DE</arg>
<arg>DJ</arg>
<arg>DK</arg>
<arg>DM</arg>
<arg>DO</arg>
<arg>DZ</arg>
<arg>EC</arg>
<arg>EE</arg>
<arg>EG</arg>
<arg>EH</arg>
<arg>ER</arg>
<arg>ES</arg>
<arg>ET</arg>
<arg>FI</arg>
<arg>FJ</arg>
<arg>FK</arg>
<arg>FM</arg>
<arg>FO</arg>
<arg>FR</arg>
<arg>GA</arg>
<arg>GB</arg>
<arg>GD</arg>
<arg>GE</arg>
<arg>GF</arg>
<arg>GG</arg>
<arg>GH</arg>
<arg>GI</arg>
<arg>GL</arg>
<arg>GM</arg>
<arg>GN</arg>
<arg>GP</arg>
<arg>GQ</arg>
<arg>GR</arg>
<arg>GS</arg>
<arg>GT</arg>
<arg>GU</arg>
<arg>GW</arg>
<arg>GY</arg>
<arg>HK</arg>
<arg>HM</arg>
<arg>HN</arg>
<arg>HR</arg>
<arg>HT</arg>
<arg>HU</arg>
<arg>ID</arg>
<arg>IE</arg>
<arg>IL</arg>
<arg>IM</arg>
<arg>IN</arg>
<arg>IO</arg>
<arg>IQ</arg>
<arg>IR</arg>
<arg>IS</arg>
<arg>IT</arg>
<arg>JE</arg>
<arg>JM</arg>
<arg>JO</arg>
<arg>JP</arg>
<arg>KE</arg>
<arg>KG</arg>
<arg>KH</arg>
<arg>KI</arg>
<arg>KM</arg>
<arg>KN</arg>
<arg>KP</arg>
<arg>KR</arg>
<arg>KW</arg>
<arg>KY</arg>
<arg>KZ</arg>
<arg>LA</arg>
<arg>LB</arg>
<arg>LC</arg>
<arg>LI</arg>
<arg>LK</arg>
<arg>LR</arg>
<arg>LS</arg>
<arg>LT</arg>
<arg>LU</arg>
<arg>LV</arg>
<arg>LY</arg>
<arg>MA</arg>
<arg>MC</arg>
<arg>MD</arg>
<arg>ME</arg>
<arg>MF</arg>
<arg>MG</arg>
<arg>MH</arg>
<arg>MK</arg>
<arg>ML</arg>
<arg>MM</arg>
<arg>MN</arg>
<arg>MO</arg>
<arg>MP</arg>
<arg>MQ</arg>
<arg>MR</arg>
<arg>MS</arg>
<arg>MT</arg>
<arg>MU</arg>
<arg>MV</arg>
<arg>MW</arg>
<arg>MX</arg>
<arg>MY</arg>
<arg>MZ</arg>
<arg>NA</arg>
<arg>NC</arg>
<arg>NE</arg>
<arg>NF</arg>
<arg>NG</arg>
<arg>NI</arg>
<arg>NL</arg>
<arg>NO</arg>
<arg>NP</arg>
<arg>NR</arg>
<arg>NU</arg>
<arg>NZ</arg>
<arg>OM</arg>
<arg>PA</arg>
<arg>PE</arg>
<arg>PF</arg>
<arg>PG</arg>
<arg>PH</arg>
<arg>PK</arg>
<arg>PL</arg>
<arg>PM</arg>
<arg>PN</arg>
<arg>PR</arg>
<arg>PS</arg>
<arg>PT</arg>
<arg>PW</arg>
<arg>PY</arg>
<arg>QA</arg>
<arg>RE</arg>
<arg>RO</arg>
<arg>RS</arg>
<arg>RU</arg>
<arg>RW</arg>
<arg>SA</arg>
<arg>SB</arg>
<arg>SC</arg>
<arg>SD</arg>
<arg>SE</arg>
<arg>SG</arg>
<arg>SH</arg>
<arg>SI</arg>
<arg>SJ</arg>
<arg>SK</arg>
<arg>SL</arg>
<arg>SM</arg>
<arg>SN</arg>
<arg>SO</arg>
<arg>SR</arg>
<arg>SS</arg>
<arg>ST</arg>
<arg>SV</arg>
<arg>SX</arg>
<arg>SY</arg>
<arg>SZ</arg>
<arg>TC</arg>
<arg>TD</arg>
<arg>TF</arg>
<arg>TG</arg>
<arg>TH</arg>
<arg>TJ</arg>
<arg>TK</arg>
<arg>TL</arg>
<arg>TM</arg>
<arg>TN</arg>
<arg>TO</arg>
<arg>TR</arg>
<arg>TT</arg>
<arg>TV</arg>
<arg>TW</arg>
<arg>TZ</arg>
<arg>UA</arg>
<arg>UG</arg>
<arg>UM</arg>
<arg>US</arg>
<arg>UY</arg>
<arg>UZ</arg>
<arg>VA</arg>
<arg>VC</arg>
<arg>VE</arg>
<arg>VG</arg>
<arg>VI</arg>
<arg>VN</arg>
<arg>VU</arg>
<arg>WF</arg>
<arg>WS</arg>
<arg>XK</arg>
<arg>YE</arg>
<arg>YT</arg>
<arg>ZA</arg>
<arg>ZM</arg>
<arg>ZW</arg>
<doc>Returns a list containing given items.</doc>
<status status="PASS" start="2024-07-25T20:16:16.930654" elapsed="0.000633"/>
</kw>
<kw name="List Should Contain Value" owner="Collections">
<arg>${list_country}</arg>
<arg>${name_country}</arg>
<doc>Fails if the ``value`` is not found from ``list``.</doc>
<status status="PASS" start="2024-07-25T20:16:16.932294" elapsed="0.000218"/>
</kw>
<kw name="Run Keyword If" owner="BuiltIn">
<kw name="Should Be True" owner="BuiltIn">
<arg>${True}</arg>
<doc>Fails if the given condition is not true.</doc>
<status status="PASS" start="2024-07-25T20:16:16.933484" elapsed="0.000144"/>
</kw>
<arg>${json_data["results"][0]["location"]["coordinates"]["latitude"]} &gt;= -90 and ${json_data["results"][0]["location"]["coordinates"]["latitude"]} &lt;= 90</arg>
<arg>Should Be True</arg>
<arg>${True}</arg>
<doc>Runs the given keyword with the given arguments, if ``condition`` is true.</doc>
<status status="PASS" start="2024-07-25T20:16:16.932718" elapsed="0.001038"/>
</kw>
<kw name="Run Keyword If" owner="BuiltIn">
<kw name="Should Be True" owner="BuiltIn">
<arg>${True}</arg>
<doc>Fails if the given condition is not true.</doc>
<status status="PASS" start="2024-07-25T20:16:16.934692" elapsed="0.000142"/>
</kw>
<arg>${json_data["results"][0]["location"]["coordinates"]["longitude"]} &gt;= -180 and ${json_data["results"][0]["location"]["coordinates"]["longitude"]} &lt;= 180</arg>
<arg>Should Be True</arg>
<arg>${True}</arg>
<doc>Runs the given keyword with the given arguments, if ``condition`` is true.</doc>
<status status="PASS" start="2024-07-25T20:16:16.933941" elapsed="0.001020"/>
</kw>
<status status="PASS" start="2024-07-25T20:16:16.830635" elapsed="0.104459"/>
</kw>
<doc>Testa o conteúdo específico dos campos retornados pela API.</doc>
<tag>testeConteudo</tag>
<status status="PASS" start="2024-07-25T20:16:16.829896" elapsed="0.105352"/>
</test>
<status status="PASS" start="2024-07-25T20:16:15.833755" elapsed="1.103495"/>
</suite>
<status status="PASS" start="2024-07-25T20:16:15.818817" elapsed="1.123939"/>
</suite>
<statistics>
<total>
<stat pass="5" fail="0" skip="0">All Tests</stat>
</total>
<tag>
<stat pass="1" fail="0" skip="0">testeConteudo</stat>
<stat pass="1" fail="0" skip="0">testeEstruturaResposta</stat>
<stat pass="1" fail="0" skip="0">testeRequisicaoBasica</stat>
<stat pass="1" fail="0" skip="0">testeTiposDados</stat>
</tag>
<suite>
<stat pass="5" fail="0" skip="0" id="s1" name="Tests">Tests</stat>
<stat pass="5" fail="0" skip="0" id="s1-s1" name="Random-User-Test">Tests.Random-User-Test</stat>
</suite>
</statistics>
<errors>
</errors>
</robot>
