<?xml version="1.0" encoding="UTF-8"?>
<robot generator="Robot 7.0 (Python 3.12.2 on linux)" generated="2024-04-06T21:13:21.994059" rpa="false" schemaversion="5">
<suite id="s1" name="Tests" source="/home/runner/work/DesafioQAItauRogerioJordao/DesafioQAItauRogerioJordao/RamdonUser/tests">
<suite id="s1-s1" name="Random-User-Test" source="/home/runner/work/DesafioQAItauRogerioJordao/DesafioQAItauRogerioJordao/RamdonUser/tests/random-user-test.robot">
<test id="s1-s1-t1" name="Conectar" line="13">
<kw name="Conectar API" owner="random-user-service">
<kw name="Create Session" owner="RequestsLibrary">
<msg time="2024-04-06T21:13:22.388490" level="INFO">Creating Session using : alias=consultarAPI, url=https://randomuser.me/, headers={},                     cookies={}, auth=None, timeout=None, proxies=None, verify=False,                     debug=0 </msg>
<arg>consultarAPI</arg>
<arg>${URL}</arg>
<doc>Create Session: create a HTTP session to a server</doc>
<status status="PASS" start="2024-04-06T21:13:22.388287" elapsed="0.000377"/>
</kw>
<status status="PASS" start="2024-04-06T21:13:22.387237" elapsed="0.001785"/>
</kw>
<status status="PASS" start="2024-04-06T21:13:22.386699" elapsed="0.002523"/>
</test>
<test id="s1-s1-t2" name="Validar retorno 200 e JSON Válido" line="16">
<kw name="Teste de Requisicao Basica" owner="random-user-service">
<kw name="GET On Session" owner="RequestsLibrary">
<msg time="2024-04-06T21:13:22.573936" level="INFO">GET Request : url=https://randomuser.me/api 
 path_url=/api 
 headers={'User-Agent': 'python-requests/2.31.0', 'Accept-Encoding': 'gzip, deflate', 'Accept': '*/*', 'Connection': 'keep-alive'} 
 body=None 
 </msg>
<msg time="2024-04-06T21:13:22.574105" level="INFO">GET Response : url=https://randomuser.me/api 
 status=200, reason=OK 
 headers={'Date': 'Sat, 06 Apr 2024 21:13:22 GMT', 'Content-Type': 'application/json; charset=utf-8', 'Transfer-Encoding': 'chunked', 'Connection': 'keep-alive', 'X-Powered-By': 'Express', 'Access-Control-Allow-Origin': '*', 'Cache-Control': 'no-cache', 'ETag': 'W/"4a7-zJLosv5epLhakEAUtO318QeDnro"', 'Vary': 'Accept-Encoding', 'Content-Encoding': 'gzip', 'CF-Cache-Status': 'DYNAMIC', 'Report-To': '{"endpoints":[{"url":"https:\\/\\/a.nel.cloudflare.com\\/report\\/v4?s=ENcZeS%2BfLNpETvJTA0Lf9cAprm8H0G2z0Bj0ucPBzbDGYZY3t5W4oyYCQQRswwuNZ6mkT7UjCc7Q1RxQP6ucrc%2BHuNpmZDJ7Ebvz7lP8WLW8SfBgygPV42ZG%2F1PPkK6z"}],"group":"cf-nel","max_age":604800}', 'NEL': '{"success_fraction":0,"report_to":"cf-nel","max_age":604800}', 'Server': 'cloudflare', 'CF-RAY': '8704c80bd8bc1193-ORD', 'alt-svc': 'h3=":443"; ma=86400'} 
 body={"results":[{"gender":"female","name":{"title":"Miss","first":"Maelya","last":"Dupuis"},"location":{"street":{"number":3351,"name":"Rue du Dauphiné"},"city":"Montpellier","state":"Seine-et-Marne","country":"France","postcode":64934,"coordinates":{"latitude":"-15.2944","longitude":"149.9975"},"timezone":{"offset":"+4:00","description":"Abu Dhabi, Muscat, Baku, Tbilisi"}},"email":"maelya.dupuis@example.com","login":{"uuid":"a4395c8d-9047-4d29-bfba-833b48e16705","username":"redlion303","password":"pikachu","salt":"arB2lKQ0","md5":"9e6d0073777a2335c9a2272e4f562c50","sha1":"32b32267d21f5f377b26f17f88f68332a36e17ec","sha256":"c163a7d32bbbd62b30f5c33e98c9c031298cb84b5cdd0bd1d80197c2a68ea609"},"dob":{"date":"1958-10-06T21:27:27.763Z","age":65},"registered":{"date":"2016-12-26T00:10:56.420Z","age":7},"phone":"03-91-34-03-89","cell":"06-36-26-83-24","id":{"name":"INSEE","value":"2580963179442 68"},"picture":{"large":"https://randomuser.me/api/portraits/women/25.jpg","medium":"https://randomuser.me/api/portraits/med/women/25.jpg","thumbnail":"https://randomuser.me/api/portraits/thumb/women/25.jpg"},"nat":"FR"}],"info":{"seed":"b0b7b70fd1c536be","results":1,"page":1,"version":"1.4"}} 
 </msg>
<msg time="2024-04-06T21:13:22.574240" level="INFO">/opt/hostedtoolcache/Python/3.12.2/x64/lib/python3.12/site-packages/urllib3/connectionpool.py:1103: InsecureRequestWarning: Unverified HTTPS request is being made to host 'randomuser.me'. Adding certificate verification is strongly advised. See: https://urllib3.readthedocs.io/en/latest/advanced-usage.html#tls-warnings
  warnings.warn(</msg>
<msg time="2024-04-06T21:13:22.574411" level="INFO">${response} = &lt;Response [200]&gt;</msg>
<var>${response}</var>
<arg>consultarAPI</arg>
<arg>/api</arg>
<doc>Sends a GET request on a previously created HTTP Session.</doc>
<status status="PASS" start="2024-04-06T21:13:22.391762" elapsed="0.182694"/>
</kw>
<kw name="Should Be Equal As Numbers" owner="BuiltIn">
<msg time="2024-04-06T21:13:22.575468" level="INFO">Argument types are:
&lt;class 'int'&gt;
&lt;class 'str'&gt;</msg>
<arg>${response.status_code}</arg>
<arg>200</arg>
<doc>Fails if objects are unequal after converting them to real numbers.</doc>
<status status="PASS" start="2024-04-06T21:13:22.575005" elapsed="0.000533"/>
</kw>
<kw name="Log" owner="BuiltIn">
<msg time="2024-04-06T21:13:22.576250" level="INFO">200</msg>
<arg>${response.status_code}</arg>
<doc>Logs the given message with the given level.</doc>
<status status="PASS" start="2024-04-06T21:13:22.575898" elapsed="0.000395"/>
</kw>
<kw name="Set Variable" owner="BuiltIn">
<msg time="2024-04-06T21:13:22.577070" level="INFO">${json_data} = {'results': [{'gender': 'female', 'name': {'title': 'Miss', 'first': 'Maelya', 'last': 'Dupuis'}, 'location': {'street': {'number': 3351, 'name': 'Rue du Dauphiné'}, 'city': 'Montpellier', 'state': 'S...</msg>
<var>${json_data}</var>
<arg>${response.json()}</arg>
<doc>Returns the given values which can then be assigned to a variables.</doc>
<status status="PASS" start="2024-04-06T21:13:22.576626" elapsed="0.000473"/>
</kw>
<kw name="Dictionary Should Contain Key" owner="Collections">
<msg time="2024-04-06T21:13:22.577581" level="INFO">False</msg>
<arg>${json_data}</arg>
<arg>results</arg>
<doc>Fails if ``key`` is not found from ``dictionary``.</doc>
<status status="PASS" start="2024-04-06T21:13:22.577408" elapsed="0.000212"/>
</kw>
<status status="PASS" start="2024-04-06T21:13:22.391496" elapsed="0.186382"/>
</kw>
<doc>Testa se a API responde corretamente e retorna um objeto JSON válido.</doc>
<tag>testeRequisicaoBasica</tag>
<status status="PASS" start="2024-04-06T21:13:22.391033" elapsed="0.187034"/>
</test>
<test id="s1-s1-t3" name="Validar estrutura de resposta" line="22">
<kw name="Teste de Estrutura de Resposta" owner="random-user-service">
<kw name="GET On Session" owner="RequestsLibrary">
<msg time="2024-04-06T21:13:22.673740" level="INFO">GET Request : url=https://randomuser.me/api 
 path_url=/api 
 headers={'User-Agent': 'python-requests/2.31.0', 'Accept-Encoding': 'gzip, deflate', 'Accept': '*/*', 'Connection': 'keep-alive'} 
 body=None 
 </msg>
<msg time="2024-04-06T21:13:22.673831" level="INFO">GET Response : url=https://randomuser.me/api 
 status=200, reason=OK 
 headers={'Date': 'Sat, 06 Apr 2024 21:13:22 GMT', 'Content-Type': 'application/json; charset=utf-8', 'Transfer-Encoding': 'chunked', 'Connection': 'keep-alive', 'X-Powered-By': 'Express', 'Access-Control-Allow-Origin': '*', 'Cache-Control': 'no-cache', 'ETag': 'W/"499-GBXVSqZSLcLSvjc5KOdwWmBK5Sk"', 'Vary': 'Accept-Encoding', 'Content-Encoding': 'gzip', 'CF-Cache-Status': 'DYNAMIC', 'Report-To': '{"endpoints":[{"url":"https:\\/\\/a.nel.cloudflare.com\\/report\\/v4?s=mHaUJIaIIkRK5Y7b4zKaED8bOFjyDxbWp4JFSHS5nDemNcvfIvs1raGtzt4TC8kVqNEaX3c8%2FEo5igxY0PDv%2BYj6FgcvZdKueQ6wtpTHmXtIKVOdUt1xX7elJru%2F1EdY"}],"group":"cf-nel","max_age":604800}', 'NEL': '{"success_fraction":0,"report_to":"cf-nel","max_age":604800}', 'Server': 'cloudflare', 'CF-RAY': '8704c80c29231193-ORD', 'alt-svc': 'h3=":443"; ma=86400'} 
 body={"results":[{"gender":"male","name":{"title":"Mr","first":"Willy","last":"Kettner"},"location":{"street":{"number":9357,"name":"Fasanenweg"},"city":"Bad Ems","state":"Nordrhein-Westfalen","country":"Germany","postcode":95873,"coordinates":{"latitude":"-54.7600","longitude":"-127.2483"},"timezone":{"offset":"+5:30","description":"Bombay, Calcutta, Madras, New Delhi"}},"email":"willy.kettner@example.com","login":{"uuid":"f6be409f-c7fd-4b1c-8ac2-0ccdf0ab8100","username":"silvercat127","password":"mustang","salt":"XB93TgXV","md5":"c2dbf48b61a52c8838fab44dfbb7c5a4","sha1":"db72bb2831e17bb1a52722b06a1b4b97050edd16","sha256":"180bef46636a9b3963373f2df8ec734567c9c820b2302670219f6b66e2cf0073"},"dob":{"date":"1989-05-25T08:47:03.733Z","age":34},"registered":{"date":"2018-05-25T10:35:01.221Z","age":5},"phone":"0906-7500003","cell":"0179-9444150","id":{"name":"SVNR","value":"24 250589 K 216"},"picture":{"large":"https://randomuser.me/api/portraits/men/84.jpg","medium":"https://randomuser.me/api/portraits/med/men/84.jpg","thumbnail":"https://randomuser.me/api/portraits/thumb/men/84.jpg"},"nat":"DE"}],"info":{"seed":"8441f201d2484b01","results":1,"page":1,"version":"1.4"}} 
 </msg>
<msg time="2024-04-06T21:13:22.673963" level="INFO">/opt/hostedtoolcache/Python/3.12.2/x64/lib/python3.12/site-packages/urllib3/connectionpool.py:1103: InsecureRequestWarning: Unverified HTTPS request is being made to host 'randomuser.me'. Adding certificate verification is strongly advised. See: https://urllib3.readthedocs.io/en/latest/advanced-usage.html#tls-warnings
  warnings.warn(</msg>
<msg time="2024-04-06T21:13:22.674092" level="INFO">${response} = &lt;Response [200]&gt;</msg>
<var>${response}</var>
<arg>consultarAPI</arg>
<arg>/api</arg>
<doc>Sends a GET request on a previously created HTTP Session.</doc>
<status status="PASS" start="2024-04-06T21:13:22.581230" elapsed="0.092901"/>
</kw>
<kw name="Set Variable" owner="BuiltIn">
<msg time="2024-04-06T21:13:22.675250" level="INFO">${json_data} = {'results': [{'gender': 'male', 'name': {'title': 'Mr', 'first': 'Willy', 'last': 'Kettner'}, 'location': {'street': {'number': 9357, 'name': 'Fasanenweg'}, 'city': 'Bad Ems', 'state': 'Nordrhein-West...</msg>
<var>${json_data}</var>
<arg>${response.json()}</arg>
<doc>Returns the given values which can then be assigned to a variables.</doc>
<status status="PASS" start="2024-04-06T21:13:22.674687" elapsed="0.000591"/>
</kw>
<kw name="Log" owner="BuiltIn">
<msg time="2024-04-06T21:13:22.675789" level="INFO">{'results': [{'gender': 'male', 'name': {'title': 'Mr', 'first': 'Willy', 'last': 'Kettner'}, 'location': {'street': {'number': 9357, 'name': 'Fasanenweg'}, 'city': 'Bad Ems', 'state': 'Nordrhein-Westfalen', 'country': 'Germany', 'postcode': 95873, 'coordinates': {'latitude': '-54.7600', 'longitude': '-127.2483'}, 'timezone': {'offset': '+5:30', 'description': 'Bombay, Calcutta, Madras, New Delhi'}}, 'email': 'willy.kettner@example.com', 'login': {'uuid': 'f6be409f-c7fd-4b1c-8ac2-0ccdf0ab8100', 'username': 'silvercat127', 'password': 'mustang', 'salt': 'XB93TgXV', 'md5': 'c2dbf48b61a52c8838fab44dfbb7c5a4', 'sha1': 'db72bb2831e17bb1a52722b06a1b4b97050edd16', 'sha256': '180bef46636a9b3963373f2df8ec734567c9c820b2302670219f6b66e2cf0073'}, 'dob': {'date': '1989-05-25T08:47:03.733Z', 'age': 34}, 'registered': {'date': '2018-05-25T10:35:01.221Z', 'age': 5}, 'phone': '0906-7500003', 'cell': '0179-9444150', 'id': {'name': 'SVNR', 'value': '24 250589 K 216'}, 'picture': {'large': 'https://randomuser.me/api/portraits/men/84.jpg', 'medium': 'https://randomuser.me/api/portraits/med/men/84.jpg', 'thumbnail': 'https://randomuser.me/api/portraits/thumb/men/84.jpg'}, 'nat': 'DE'}], 'info': {'seed': '8441f201d2484b01', 'results': 1, 'page': 1, 'version': '1.4'}}</msg>
<arg>${json_data}</arg>
<doc>Logs the given message with the given level.</doc>
<status status="PASS" start="2024-04-06T21:13:22.675591" elapsed="0.000247"/>
</kw>
<kw name="Dictionary Should Contain Key" owner="Collections">
<msg time="2024-04-06T21:13:22.676295" level="INFO">False</msg>
<arg>${json_data}</arg>
<arg>results</arg>
<doc>Fails if ``key`` is not found from ``dictionary``.</doc>
<status status="PASS" start="2024-04-06T21:13:22.676136" elapsed="0.000197"/>
</kw>
<kw name="Should Not Be Empty" owner="BuiltIn">
<msg time="2024-04-06T21:13:22.676760" level="INFO">Length is 2.</msg>
<arg>${json_data}</arg>
<doc>Verifies that the given item is not empty.</doc>
<status status="PASS" start="2024-04-06T21:13:22.676627" elapsed="0.000171"/>
</kw>
<kw name="Create List" owner="BuiltIn">
<msg time="2024-04-06T21:13:22.677236" level="INFO">${expected_keys} = ['gender', 'name', 'location', 'email', 'login']</msg>
<var>${expected_keys}</var>
<arg>gender</arg>
<arg>name</arg>
<arg>location</arg>
<arg>email</arg>
<arg>login</arg>
<doc>Returns a list containing given items.</doc>
<status status="PASS" start="2024-04-06T21:13:22.677087" elapsed="0.000173"/>
</kw>
<for flavor="IN">
<iter>
<kw name="Dictionary Should Contain Key" owner="Collections">
<msg time="2024-04-06T21:13:22.678245" level="INFO">False</msg>
<arg>${json_data['results'][0]}</arg>
<arg>${key}</arg>
<doc>Fails if ``key`` is not found from ``dictionary``.</doc>
<status status="PASS" start="2024-04-06T21:13:22.677832" elapsed="0.000452"/>
</kw>
<kw name="Log" owner="BuiltIn">
<msg time="2024-04-06T21:13:22.678960" level="INFO">{'gender': 'male', 'name': {'title': 'Mr', 'first': 'Willy', 'last': 'Kettner'}, 'location': {'street': {'number': 9357, 'name': 'Fasanenweg'}, 'city': 'Bad Ems', 'state': 'Nordrhein-Westfalen', 'country': 'Germany', 'postcode': 95873, 'coordinates': {'latitude': '-54.7600', 'longitude': '-127.2483'}, 'timezone': {'offset': '+5:30', 'description': 'Bombay, Calcutta, Madras, New Delhi'}}, 'email': 'willy.kettner@example.com', 'login': {'uuid': 'f6be409f-c7fd-4b1c-8ac2-0ccdf0ab8100', 'username': 'silvercat127', 'password': 'mustang', 'salt': 'XB93TgXV', 'md5': 'c2dbf48b61a52c8838fab44dfbb7c5a4', 'sha1': 'db72bb2831e17bb1a52722b06a1b4b97050edd16', 'sha256': '180bef46636a9b3963373f2df8ec734567c9c820b2302670219f6b66e2cf0073'}, 'dob': {'date': '1989-05-25T08:47:03.733Z', 'age': 34}, 'registered': {'date': '2018-05-25T10:35:01.221Z', 'age': 5}, 'phone': '0906-7500003', 'cell': '0179-9444150', 'id': {'name': 'SVNR', 'value': '24 250589 K 216'}, 'picture': {'large': 'https://randomuser.me/api/portraits/men/84.jpg', 'medium': 'https://randomuser.me/api/portraits/med/men/84.jpg', 'thumbnail': 'https://randomuser.me/api/portraits/thumb/men/84.jpg'}, 'nat': 'DE'}</msg>
<arg>${json_data['results'][0]}</arg>
<doc>Logs the given message with the given level.</doc>
<status status="PASS" start="2024-04-06T21:13:22.678593" elapsed="0.000415"/>
</kw>
<kw name="Log" owner="BuiltIn">
<msg time="2024-04-06T21:13:22.679435" level="INFO">gender</msg>
<arg>${key}</arg>
<doc>Logs the given message with the given level.</doc>
<status status="PASS" start="2024-04-06T21:13:22.679305" elapsed="0.000167"/>
</kw>
<var name="${key}">gender</var>
<status status="PASS" start="2024-04-06T21:13:22.677708" elapsed="0.002012"/>
</iter>
<iter>
<kw name="Dictionary Should Contain Key" owner="Collections">
<msg time="2024-04-06T21:13:22.680409" level="INFO">False</msg>
<arg>${json_data['results'][0]}</arg>
<arg>${key}</arg>
<doc>Fails if ``key`` is not found from ``dictionary``.</doc>
<status status="PASS" start="2024-04-06T21:13:22.680027" elapsed="0.000420"/>
</kw>
<kw name="Log" owner="BuiltIn">
<msg time="2024-04-06T21:13:22.681134" level="INFO">{'gender': 'male', 'name': {'title': 'Mr', 'first': 'Willy', 'last': 'Kettner'}, 'location': {'street': {'number': 9357, 'name': 'Fasanenweg'}, 'city': 'Bad Ems', 'state': 'Nordrhein-Westfalen', 'country': 'Germany', 'postcode': 95873, 'coordinates': {'latitude': '-54.7600', 'longitude': '-127.2483'}, 'timezone': {'offset': '+5:30', 'description': 'Bombay, Calcutta, Madras, New Delhi'}}, 'email': 'willy.kettner@example.com', 'login': {'uuid': 'f6be409f-c7fd-4b1c-8ac2-0ccdf0ab8100', 'username': 'silvercat127', 'password': 'mustang', 'salt': 'XB93TgXV', 'md5': 'c2dbf48b61a52c8838fab44dfbb7c5a4', 'sha1': 'db72bb2831e17bb1a52722b06a1b4b97050edd16', 'sha256': '180bef46636a9b3963373f2df8ec734567c9c820b2302670219f6b66e2cf0073'}, 'dob': {'date': '1989-05-25T08:47:03.733Z', 'age': 34}, 'registered': {'date': '2018-05-25T10:35:01.221Z', 'age': 5}, 'phone': '0906-7500003', 'cell': '0179-9444150', 'id': {'name': 'SVNR', 'value': '24 250589 K 216'}, 'picture': {'large': 'https://randomuser.me/api/portraits/men/84.jpg', 'medium': 'https://randomuser.me/api/portraits/med/men/84.jpg', 'thumbnail': 'https://randomuser.me/api/portraits/thumb/men/84.jpg'}, 'nat': 'DE'}</msg>
<arg>${json_data['results'][0]}</arg>
<doc>Logs the given message with the given level.</doc>
<status status="PASS" start="2024-04-06T21:13:22.680777" elapsed="0.000403"/>
</kw>
<kw name="Log" owner="BuiltIn">
<msg time="2024-04-06T21:13:22.681611" level="INFO">name</msg>
<arg>${key}</arg>
<doc>Logs the given message with the given level.</doc>
<status status="PASS" start="2024-04-06T21:13:22.681481" elapsed="0.000167"/>
</kw>
<var name="${key}">name</var>
<status status="PASS" start="2024-04-06T21:13:22.679912" elapsed="0.001955"/>
</iter>
<iter>
<kw name="Dictionary Should Contain Key" owner="Collections">
<msg time="2024-04-06T21:13:22.682534" level="INFO">False</msg>
<arg>${json_data['results'][0]}</arg>
<arg>${key}</arg>
<doc>Fails if ``key`` is not found from ``dictionary``.</doc>
<status status="PASS" start="2024-04-06T21:13:22.682158" elapsed="0.000413"/>
</kw>
<kw name="Log" owner="BuiltIn">
<msg time="2024-04-06T21:13:22.683241" level="INFO">{'gender': 'male', 'name': {'title': 'Mr', 'first': 'Willy', 'last': 'Kettner'}, 'location': {'street': {'number': 9357, 'name': 'Fasanenweg'}, 'city': 'Bad Ems', 'state': 'Nordrhein-Westfalen', 'country': 'Germany', 'postcode': 95873, 'coordinates': {'latitude': '-54.7600', 'longitude': '-127.2483'}, 'timezone': {'offset': '+5:30', 'description': 'Bombay, Calcutta, Madras, New Delhi'}}, 'email': 'willy.kettner@example.com', 'login': {'uuid': 'f6be409f-c7fd-4b1c-8ac2-0ccdf0ab8100', 'username': 'silvercat127', 'password': 'mustang', 'salt': 'XB93TgXV', 'md5': 'c2dbf48b61a52c8838fab44dfbb7c5a4', 'sha1': 'db72bb2831e17bb1a52722b06a1b4b97050edd16', 'sha256': '180bef46636a9b3963373f2df8ec734567c9c820b2302670219f6b66e2cf0073'}, 'dob': {'date': '1989-05-25T08:47:03.733Z', 'age': 34}, 'registered': {'date': '2018-05-25T10:35:01.221Z', 'age': 5}, 'phone': '0906-7500003', 'cell': '0179-9444150', 'id': {'name': 'SVNR', 'value': '24 250589 K 216'}, 'picture': {'large': 'https://randomuser.me/api/portraits/men/84.jpg', 'medium': 'https://randomuser.me/api/portraits/med/men/84.jpg', 'thumbnail': 'https://randomuser.me/api/portraits/thumb/men/84.jpg'}, 'nat': 'DE'}</msg>
<arg>${json_data['results'][0]}</arg>
<doc>Logs the given message with the given level.</doc>
<status status="PASS" start="2024-04-06T21:13:22.682873" elapsed="0.000420"/>
</kw>
<kw name="Log" owner="BuiltIn">
<msg time="2024-04-06T21:13:22.683761" level="INFO">location</msg>
<arg>${key}</arg>
<doc>Logs the given message with the given level.</doc>
<status status="PASS" start="2024-04-06T21:13:22.683588" elapsed="0.000214"/>
</kw>
<var name="${key}">location</var>
<status status="PASS" start="2024-04-06T21:13:22.682045" elapsed="0.001981"/>
</iter>
<iter>
<kw name="Dictionary Should Contain Key" owner="Collections">
<msg time="2024-04-06T21:13:22.684691" level="INFO">False</msg>
<arg>${json_data['results'][0]}</arg>
<arg>${key}</arg>
<doc>Fails if ``key`` is not found from ``dictionary``.</doc>
<status status="PASS" start="2024-04-06T21:13:22.684311" elapsed="0.000417"/>
</kw>
<kw name="Log" owner="BuiltIn">
<msg time="2024-04-06T21:13:22.685375" level="INFO">{'gender': 'male', 'name': {'title': 'Mr', 'first': 'Willy', 'last': 'Kettner'}, 'location': {'street': {'number': 9357, 'name': 'Fasanenweg'}, 'city': 'Bad Ems', 'state': 'Nordrhein-Westfalen', 'country': 'Germany', 'postcode': 95873, 'coordinates': {'latitude': '-54.7600', 'longitude': '-127.2483'}, 'timezone': {'offset': '+5:30', 'description': 'Bombay, Calcutta, Madras, New Delhi'}}, 'email': 'willy.kettner@example.com', 'login': {'uuid': 'f6be409f-c7fd-4b1c-8ac2-0ccdf0ab8100', 'username': 'silvercat127', 'password': 'mustang', 'salt': 'XB93TgXV', 'md5': 'c2dbf48b61a52c8838fab44dfbb7c5a4', 'sha1': 'db72bb2831e17bb1a52722b06a1b4b97050edd16', 'sha256': '180bef46636a9b3963373f2df8ec734567c9c820b2302670219f6b66e2cf0073'}, 'dob': {'date': '1989-05-25T08:47:03.733Z', 'age': 34}, 'registered': {'date': '2018-05-25T10:35:01.221Z', 'age': 5}, 'phone': '0906-7500003', 'cell': '0179-9444150', 'id': {'name': 'SVNR', 'value': '24 250589 K 216'}, 'picture': {'large': 'https://randomuser.me/api/portraits/men/84.jpg', 'medium': 'https://randomuser.me/api/portraits/med/men/84.jpg', 'thumbnail': 'https://randomuser.me/api/portraits/thumb/men/84.jpg'}, 'nat': 'DE'}</msg>
<arg>${json_data['results'][0]}</arg>
<doc>Logs the given message with the given level.</doc>
<status status="PASS" start="2024-04-06T21:13:22.685025" elapsed="0.000397"/>
</kw>
<kw name="Log" owner="BuiltIn">
<msg time="2024-04-06T21:13:22.685840" level="INFO">email</msg>
<arg>${key}</arg>
<doc>Logs the given message with the given level.</doc>
<status status="PASS" start="2024-04-06T21:13:22.685712" elapsed="0.000165"/>
</kw>
<var name="${key}">email</var>
<status status="PASS" start="2024-04-06T21:13:22.684198" elapsed="0.001891"/>
</iter>
<iter>
<kw name="Dictionary Should Contain Key" owner="Collections">
<msg time="2024-04-06T21:13:22.686757" level="INFO">False</msg>
<arg>${json_data['results'][0]}</arg>
<arg>${key}</arg>
<doc>Fails if ``key`` is not found from ``dictionary``.</doc>
<status status="PASS" start="2024-04-06T21:13:22.686377" elapsed="0.000416"/>
</kw>
<kw name="Log" owner="BuiltIn">
<msg time="2024-04-06T21:13:22.687446" level="INFO">{'gender': 'male', 'name': {'title': 'Mr', 'first': 'Willy', 'last': 'Kettner'}, 'location': {'street': {'number': 9357, 'name': 'Fasanenweg'}, 'city': 'Bad Ems', 'state': 'Nordrhein-Westfalen', 'country': 'Germany', 'postcode': 95873, 'coordinates': {'latitude': '-54.7600', 'longitude': '-127.2483'}, 'timezone': {'offset': '+5:30', 'description': 'Bombay, Calcutta, Madras, New Delhi'}}, 'email': 'willy.kettner@example.com', 'login': {'uuid': 'f6be409f-c7fd-4b1c-8ac2-0ccdf0ab8100', 'username': 'silvercat127', 'password': 'mustang', 'salt': 'XB93TgXV', 'md5': 'c2dbf48b61a52c8838fab44dfbb7c5a4', 'sha1': 'db72bb2831e17bb1a52722b06a1b4b97050edd16', 'sha256': '180bef46636a9b3963373f2df8ec734567c9c820b2302670219f6b66e2cf0073'}, 'dob': {'date': '1989-05-25T08:47:03.733Z', 'age': 34}, 'registered': {'date': '2018-05-25T10:35:01.221Z', 'age': 5}, 'phone': '0906-7500003', 'cell': '0179-9444150', 'id': {'name': 'SVNR', 'value': '24 250589 K 216'}, 'picture': {'large': 'https://randomuser.me/api/portraits/men/84.jpg', 'medium': 'https://randomuser.me/api/portraits/med/men/84.jpg', 'thumbnail': 'https://randomuser.me/api/portraits/thumb/men/84.jpg'}, 'nat': 'DE'}</msg>
<arg>${json_data['results'][0]}</arg>
<doc>Logs the given message with the given level.</doc>
<status status="PASS" start="2024-04-06T21:13:22.687083" elapsed="0.000409"/>
</kw>
<kw name="Log" owner="BuiltIn">
<msg time="2024-04-06T21:13:22.687956" level="INFO">login</msg>
<arg>${key}</arg>
<doc>Logs the given message with the given level.</doc>
<status status="PASS" start="2024-04-06T21:13:22.687823" elapsed="0.000286"/>
</kw>
<var name="${key}">login</var>
<status status="PASS" start="2024-04-06T21:13:22.686260" elapsed="0.002105"/>
</iter>
<var>${key}</var>
<value>@{expected_keys}</value>
<status status="PASS" start="2024-04-06T21:13:22.677520" elapsed="0.010970"/>
</for>
<kw name="Create List" owner="BuiltIn">
<msg time="2024-04-06T21:13:22.688828" level="INFO">${expected_keysTwo} = ['username', 'password']</msg>
<var>${expected_keysTwo}</var>
<arg>username</arg>
<arg>password</arg>
<doc>Returns a list containing given items.</doc>
<status status="PASS" start="2024-04-06T21:13:22.688690" elapsed="0.000161"/>
</kw>
<for flavor="IN">
<iter>
<kw name="Dictionary Should Contain Key" owner="Collections">
<msg time="2024-04-06T21:13:22.689736" level="INFO">False</msg>
<arg>${json_data['results'][0]['login']}</arg>
<arg>${keyTwo}</arg>
<doc>Fails if ``key`` is not found from ``dictionary``.</doc>
<status status="PASS" start="2024-04-06T21:13:22.689358" elapsed="0.000415"/>
</kw>
<kw name="Dictionary Should Contain Key" owner="Collections">
<msg time="2024-04-06T21:13:22.690447" level="INFO">False</msg>
<arg>${json_data['results'][0]['login']}</arg>
<arg>${keyTwo}</arg>
<doc>Fails if ``key`` is not found from ``dictionary``.</doc>
<status status="PASS" start="2024-04-06T21:13:22.690069" elapsed="0.000415"/>
</kw>
<kw name="Log" owner="BuiltIn">
<msg time="2024-04-06T21:13:22.690903" level="INFO">username</msg>
<arg>${keyTwo}</arg>
<doc>Logs the given message with the given level.</doc>
<status status="PASS" start="2024-04-06T21:13:22.690776" elapsed="0.000164"/>
</kw>
<var name="${keyTwo}">username</var>
<status status="PASS" start="2024-04-06T21:13:22.689246" elapsed="0.001909"/>
</iter>
<iter>
<kw name="Dictionary Should Contain Key" owner="Collections">
<msg time="2024-04-06T21:13:22.691851" level="INFO">False</msg>
<arg>${json_data['results'][0]['login']}</arg>
<arg>${keyTwo}</arg>
<doc>Fails if ``key`` is not found from ``dictionary``.</doc>
<status status="PASS" start="2024-04-06T21:13:22.691436" elapsed="0.000453"/>
</kw>
<kw name="Dictionary Should Contain Key" owner="Collections">
<msg time="2024-04-06T21:13:22.692569" level="INFO">False</msg>
<arg>${json_data['results'][0]['login']}</arg>
<arg>${keyTwo}</arg>
<doc>Fails if ``key`` is not found from ``dictionary``.</doc>
<status status="PASS" start="2024-04-06T21:13:22.692187" elapsed="0.000418"/>
</kw>
<kw name="Log" owner="BuiltIn">
<msg time="2024-04-06T21:13:22.693032" level="INFO">password</msg>
<arg>${keyTwo}</arg>
<doc>Logs the given message with the given level.</doc>
<status status="PASS" start="2024-04-06T21:13:22.692897" elapsed="0.000172"/>
</kw>
<var name="${keyTwo}">password</var>
<status status="PASS" start="2024-04-06T21:13:22.691327" elapsed="0.001958"/>
</iter>
<var>${keyTwo}</var>
<value>@{expected_keysTwo}</value>
<status status="PASS" start="2024-04-06T21:13:22.689090" elapsed="0.004319"/>
</for>
<status status="PASS" start="2024-04-06T21:13:22.580891" elapsed="0.112660"/>
</kw>
<doc>Testa a estrutura da resposta da API.</doc>
<tag>testeEstruturaResposta</tag>
<status status="PASS" start="2024-04-06T21:13:22.579923" elapsed="0.113793"/>
</test>
<test id="s1-s1-t4" name="Validar tipos de dados" line="28">
<kw name="Teste de Tipos de Dados" owner="random-user-service">
<kw name="GET On Session" owner="RequestsLibrary">
<msg time="2024-04-06T21:13:22.775250" level="INFO">GET Request : url=https://randomuser.me/api 
 path_url=/api 
 headers={'User-Agent': 'python-requests/2.31.0', 'Accept-Encoding': 'gzip, deflate', 'Accept': '*/*', 'Connection': 'keep-alive'} 
 body=None 
 </msg>
<msg time="2024-04-06T21:13:22.775351" level="INFO">GET Response : url=https://randomuser.me/api 
 status=200, reason=OK 
 headers={'Date': 'Sat, 06 Apr 2024 21:13:22 GMT', 'Content-Type': 'application/json; charset=utf-8', 'Transfer-Encoding': 'chunked', 'Connection': 'keep-alive', 'X-Powered-By': 'Express', 'Access-Control-Allow-Origin': '*', 'Cache-Control': 'no-cache', 'ETag': 'W/"485-f1ZAh08d5CIKLiK8DP+oktidQh4"', 'Vary': 'Accept-Encoding', 'Content-Encoding': 'gzip', 'CF-Cache-Status': 'DYNAMIC', 'Report-To': '{"endpoints":[{"url":"https:\\/\\/a.nel.cloudflare.com\\/report\\/v4?s=XobGmxkM0T4Dw6oLrlCHGuvGQzeTAyxact1HVXt2OiWH%2FrIaVpnlwV41CH4Lcd4P7DyO9DSmxWJZUfeJqlY19NMZAEfUWFx6Zv2eW0TNU1Yy6%2BwVpXdAMw%2FNVoIBkt%2B1"}],"group":"cf-nel","max_age":604800}', 'NEL': '{"success_fraction":0,"report_to":"cf-nel","max_age":604800}', 'Server': 'cloudflare', 'CF-RAY': '8704c80cd9fc1193-ORD', 'alt-svc': 'h3=":443"; ma=86400'} 
 body={"results":[{"gender":"female","name":{"title":"Ms","first":"Anita","last":"Tveito"},"location":{"street":{"number":1915,"name":"Knut Alvssons vei"},"city":"Moelv","state":"Vest-Agder","country":"Norway","postcode":"0951","coordinates":{"latitude":"44.4149","longitude":"0.3814"},"timezone":{"offset":"-3:00","description":"Brazil, Buenos Aires, Georgetown"}},"email":"anita.tveito@example.com","login":{"uuid":"1ee5378e-8181-4ebf-9758-05d21dce28c8","username":"orangebird413","password":"erin","salt":"gHg5U7uC","md5":"6fc493893a813a55c27f3a4377203bcc","sha1":"1cbfd497e06f6dd4a45bf83c44f5b12a0fb5d9e2","sha256":"9a2c65fc28eb105d4f48cb3019c7a5d30651d6a3540b2ff80d277ec0dc1eebc1"},"dob":{"date":"1994-04-04T12:42:33.296Z","age":30},"registered":{"date":"2005-04-12T00:50:47.698Z","age":18},"phone":"77815850","cell":"99537300","id":{"name":"FN","value":"04049406652"},"picture":{"large":"https://randomuser.me/api/portraits/women/10.jpg","medium":"https://randomuser.me/api/portraits/med/women/10.jpg","thumbnail":"https://randomuser.me/api/portraits/thumb/women/10.jpg"},"nat":"NO"}],"info":{"seed":"1b89ff292afc524a","results":1,"page":1,"version":"1.4"}} 
 </msg>
<msg time="2024-04-06T21:13:22.775428" level="INFO">/opt/hostedtoolcache/Python/3.12.2/x64/lib/python3.12/site-packages/urllib3/connectionpool.py:1103: InsecureRequestWarning: Unverified HTTPS request is being made to host 'randomuser.me'. Adding certificate verification is strongly advised. See: https://urllib3.readthedocs.io/en/latest/advanced-usage.html#tls-warnings
  warnings.warn(</msg>
<msg time="2024-04-06T21:13:22.775550" level="INFO">${response} = &lt;Response [200]&gt;</msg>
<var>${response}</var>
<arg>consultarAPI</arg>
<arg>/api</arg>
<doc>Sends a GET request on a previously created HTTP Session.</doc>
<status status="PASS" start="2024-04-06T21:13:22.696182" elapsed="0.079413"/>
</kw>
<kw name="Set Variable" owner="BuiltIn">
<msg time="2024-04-06T21:13:22.776609" level="INFO">${json_data} = {'results': [{'gender': 'female', 'name': {'title': 'Ms', 'first': 'Anita', 'last': 'Tveito'}, 'location': {'street': {'number': 1915, 'name': 'Knut Alvssons vei'}, 'city': 'Moelv', 'state': 'Vest-Agd...</msg>
<var>${json_data}</var>
<arg>${response.json()}</arg>
<doc>Returns the given values which can then be assigned to a variables.</doc>
<status status="PASS" start="2024-04-06T21:13:22.776117" elapsed="0.000519"/>
</kw>
<kw name="Log" owner="BuiltIn">
<msg time="2024-04-06T21:13:22.777105" level="INFO">{'results': [{'gender': 'female', 'name': {'title': 'Ms', 'first': 'Anita', 'last': 'Tveito'}, 'location': {'street': {'number': 1915, 'name': 'Knut Alvssons vei'}, 'city': 'Moelv', 'state': 'Vest-Agder', 'country': 'Norway', 'postcode': '0951', 'coordinates': {'latitude': '44.4149', 'longitude': '0.3814'}, 'timezone': {'offset': '-3:00', 'description': 'Brazil, Buenos Aires, Georgetown'}}, 'email': 'anita.tveito@example.com', 'login': {'uuid': '1ee5378e-8181-4ebf-9758-05d21dce28c8', 'username': 'orangebird413', 'password': 'erin', 'salt': 'gHg5U7uC', 'md5': '6fc493893a813a55c27f3a4377203bcc', 'sha1': '1cbfd497e06f6dd4a45bf83c44f5b12a0fb5d9e2', 'sha256': '9a2c65fc28eb105d4f48cb3019c7a5d30651d6a3540b2ff80d277ec0dc1eebc1'}, 'dob': {'date': '1994-04-04T12:42:33.296Z', 'age': 30}, 'registered': {'date': '2005-04-12T00:50:47.698Z', 'age': 18}, 'phone': '77815850', 'cell': '99537300', 'id': {'name': 'FN', 'value': '04049406652'}, 'picture': {'large': 'https://randomuser.me/api/portraits/women/10.jpg', 'medium': 'https://randomuser.me/api/portraits/med/women/10.jpg', 'thumbnail': 'https://randomuser.me/api/portraits/thumb/women/10.jpg'}, 'nat': 'NO'}], 'info': {'seed': '1b89ff292afc524a', 'results': 1, 'page': 1, 'version': '1.4'}}</msg>
<arg>${json_data}</arg>
<doc>Logs the given message with the given level.</doc>
<status status="PASS" start="2024-04-06T21:13:22.776949" elapsed="0.000240"/>
</kw>
<kw name="Should Be String" owner="String">
<arg>${json_data['results'][0]['gender']}</arg>
<doc>Fails if the given ``item`` is not a string.</doc>
<status status="PASS" start="2024-04-06T21:13:22.777485" elapsed="0.000366"/>
</kw>
<kw name="Should Match Regexp" owner="BuiltIn">
<arg>${json_data['results'][0]['email']}</arg>
<arg>^[a-zA-Z0-9._%+-]+@[a-zA-Z0-9.-]+\.[a-zA-Z]{2,}$</arg>
<doc>Fails if ``string`` does not match ``pattern`` as a regular expression.</doc>
<status status="PASS" start="2024-04-06T21:13:22.778043" elapsed="0.000519"/>
</kw>
<kw name="Should Match Regexp" owner="BuiltIn">
<arg>${json_data['results'][0]['dob']['date']}</arg>
<arg>\\d{4}-\\d{2}-\\d{2}T\\d{2}:\\d{2}:\\d{2}\\.\\d{3}Z</arg>
<doc>Fails if ``string`` does not match ``pattern`` as a regular expression.</doc>
<status status="PASS" start="2024-04-06T21:13:22.778761" elapsed="0.000489"/>
</kw>
<kw name="Should Match Regexp" owner="BuiltIn">
<arg>${json_data['results'][0]['registered']['date']}</arg>
<arg>\\d{4}-\\d{2}-\\d{2}T\\d{2}:\\d{2}:\\d{2}\\.\\d{3}Z</arg>
<doc>Fails if ``string`` does not match ``pattern`` as a regular expression.</doc>
<status status="PASS" start="2024-04-06T21:13:22.779446" elapsed="0.000427"/>
</kw>
<kw name="Should Match Regexp" owner="BuiltIn">
<arg>${json_data['results'][0]['picture']['large']}</arg>
<arg>^https?://.*\.(?:png|jpe?g|gif|bmp)$</arg>
<doc>Fails if ``string`` does not match ``pattern`` as a regular expression.</doc>
<status status="PASS" start="2024-04-06T21:13:22.780065" elapsed="0.000461"/>
</kw>
<kw name="Should Match Regexp" owner="BuiltIn">
<arg>${json_data['results'][0]['picture']['medium']}</arg>
<arg>^https?://.*\.(?:png|jpe?g|gif|bmp)$</arg>
<doc>Fails if ``string`` does not match ``pattern`` as a regular expression.</doc>
<status status="PASS" start="2024-04-06T21:13:22.780725" elapsed="0.000362"/>
</kw>
<kw name="Should Match Regexp" owner="BuiltIn">
<arg>${json_data['results'][0]['picture']['thumbnail']}</arg>
<arg>^https?://.*\.(?:png|jpe?g|gif|bmp)$</arg>
<doc>Fails if ``string`` does not match ``pattern`` as a regular expression.</doc>
<status status="PASS" start="2024-04-06T21:13:22.781270" elapsed="0.000344"/>
</kw>
<kw name="Log" owner="BuiltIn">
<msg time="2024-04-06T21:13:22.782107" level="INFO">{'large': 'https://randomuser.me/api/portraits/women/10.jpg', 'medium': 'https://randomuser.me/api/portraits/med/women/10.jpg', 'thumbnail': 'https://randomuser.me/api/portraits/thumb/women/10.jpg'}</msg>
<arg>${json_data['results'][0]['picture']}</arg>
<doc>Logs the given message with the given level.</doc>
<status status="PASS" start="2024-04-06T21:13:22.781792" elapsed="0.000356"/>
</kw>
<status status="PASS" start="2024-04-06T21:13:22.695955" elapsed="0.086448"/>
</kw>
<kw name="Teste de Tipos de Dados - Postcode" owner="random-user-service">
<kw name="GET On Session" owner="RequestsLibrary">
<msg time="2024-04-06T21:13:22.882551" level="INFO">GET Request : url=https://randomuser.me/api 
 path_url=/api 
 headers={'User-Agent': 'python-requests/2.31.0', 'Accept-Encoding': 'gzip, deflate', 'Accept': '*/*', 'Connection': 'keep-alive'} 
 body=None 
 </msg>
<msg time="2024-04-06T21:13:22.882662" level="INFO">GET Response : url=https://randomuser.me/api 
 status=200, reason=OK 
 headers={'Date': 'Sat, 06 Apr 2024 21:13:22 GMT', 'Content-Type': 'application/json; charset=utf-8', 'Transfer-Encoding': 'chunked', 'Connection': 'keep-alive', 'X-Powered-By': 'Express', 'Access-Control-Allow-Origin': '*', 'Cache-Control': 'no-cache', 'ETag': 'W/"4a1-nfYWmjMS4fKugVXDr1Ap+wpGw9U"', 'Vary': 'Accept-Encoding', 'Content-Encoding': 'gzip', 'CF-Cache-Status': 'DYNAMIC', 'Report-To': '{"endpoints":[{"url":"https:\\/\\/a.nel.cloudflare.com\\/report\\/v4?s=%2B07P9Wmk2D91%2BS%2BlvYPMZg3fcht34Z5FSxAbKCpBinKUnHmM3fTAZSfNkzMWMyZhf1lSm8D2YxlTCFMwGqxKKIbV1mYGbN2uOa2o2QU%2BZSaaoTMZspWCFkINmWu6ApEe"}],"group":"cf-nel","max_age":604800}', 'NEL': '{"success_fraction":0,"report_to":"cf-nel","max_age":604800}', 'Server': 'cloudflare', 'CF-RAY': '8704c80d6ab41193-ORD', 'alt-svc': 'h3=":443"; ma=86400'} 
 body={"results":[{"gender":"female","name":{"title":"Ms","first":"Lucy","last":"Carter"},"location":{"street":{"number":9988,"name":"Fincher Rd"},"city":"Bridgeport","state":"Minnesota","country":"United States","postcode":77313,"coordinates":{"latitude":"88.3752","longitude":"114.4852"},"timezone":{"offset":"-5:00","description":"Eastern Time (US &amp; Canada), Bogota, Lima"}},"email":"lucy.carter@example.com","login":{"uuid":"92b3f417-b635-4c4f-92f7-be2529fe827c","username":"heavypeacock923","password":"zouzou","salt":"zowXp9Li","md5":"2807ecc8b0fdce1878c22b44b70bcbf4","sha1":"362fce07fcc6ed984a86778d881644fb90d609e0","sha256":"e58f0c02422aff2309710d8ae7b04ead5bd46d899a55e479a2c923ee1860588c"},"dob":{"date":"1953-02-20T05:25:32.885Z","age":71},"registered":{"date":"2008-11-16T12:55:47.667Z","age":15},"phone":"(699) 614-7272","cell":"(939) 668-9633","id":{"name":"SSN","value":"148-70-5156"},"picture":{"large":"https://randomuser.me/api/portraits/women/16.jpg","medium":"https://randomuser.me/api/portraits/med/women/16.jpg","thumbnail":"https://randomuser.me/api/portraits/thumb/women/16.jpg"},"nat":"US"}],"info":{"seed":"fa830f640a5a5530","results":1,"page":1,"version":"1.4"}} 
 </msg>
<msg time="2024-04-06T21:13:22.882764" level="INFO">/opt/hostedtoolcache/Python/3.12.2/x64/lib/python3.12/site-packages/urllib3/connectionpool.py:1103: InsecureRequestWarning: Unverified HTTPS request is being made to host 'randomuser.me'. Adding certificate verification is strongly advised. See: https://urllib3.readthedocs.io/en/latest/advanced-usage.html#tls-warnings
  warnings.warn(</msg>
<msg time="2024-04-06T21:13:22.882903" level="INFO">${response} = &lt;Response [200]&gt;</msg>
<var>${response}</var>
<arg>consultarAPI</arg>
<arg>/api</arg>
<doc>Sends a GET request on a previously created HTTP Session.</doc>
<status status="PASS" start="2024-04-06T21:13:22.783006" elapsed="0.099923"/>
</kw>
<kw name="Set Variable" owner="BuiltIn">
<msg time="2024-04-06T21:13:22.884048" level="INFO">${json_data} = {'results': [{'gender': 'female', 'name': {'title': 'Ms', 'first': 'Lucy', 'last': 'Carter'}, 'location': {'street': {'number': 9988, 'name': 'Fincher Rd'}, 'city': 'Bridgeport', 'state': 'Minnesota',...</msg>
<var>${json_data}</var>
<arg>${response.json()}</arg>
<doc>Returns the given values which can then be assigned to a variables.</doc>
<status status="PASS" start="2024-04-06T21:13:22.883482" elapsed="0.000593"/>
</kw>
<kw name="Log" owner="BuiltIn">
<msg time="2024-04-06T21:13:22.884545" level="INFO">{'results': [{'gender': 'female', 'name': {'title': 'Ms', 'first': 'Lucy', 'last': 'Carter'}, 'location': {'street': {'number': 9988, 'name': 'Fincher Rd'}, 'city': 'Bridgeport', 'state': 'Minnesota', 'country': 'United States', 'postcode': 77313, 'coordinates': {'latitude': '88.3752', 'longitude': '114.4852'}, 'timezone': {'offset': '-5:00', 'description': 'Eastern Time (US &amp; Canada), Bogota, Lima'}}, 'email': 'lucy.carter@example.com', 'login': {'uuid': '92b3f417-b635-4c4f-92f7-be2529fe827c', 'username': 'heavypeacock923', 'password': 'zouzou', 'salt': 'zowXp9Li', 'md5': '2807ecc8b0fdce1878c22b44b70bcbf4', 'sha1': '362fce07fcc6ed984a86778d881644fb90d609e0', 'sha256': 'e58f0c02422aff2309710d8ae7b04ead5bd46d899a55e479a2c923ee1860588c'}, 'dob': {'date': '1953-02-20T05:25:32.885Z', 'age': 71}, 'registered': {'date': '2008-11-16T12:55:47.667Z', 'age': 15}, 'phone': '(699) 614-7272', 'cell': '(939) 668-9633', 'id': {'name': 'SSN', 'value': '148-70-5156'}, 'picture': {'large': 'https://randomuser.me/api/portraits/women/16.jpg', 'medium': 'https://randomuser.me/api/portraits/med/women/16.jpg', 'thumbnail': 'https://randomuser.me/api/portraits/thumb/women/16.jpg'}, 'nat': 'US'}], 'info': {'seed': 'fa830f640a5a5530', 'results': 1, 'page': 1, 'version': '1.4'}}</msg>
<arg>${json_data}</arg>
<doc>Logs the given message with the given level.</doc>
<status status="PASS" start="2024-04-06T21:13:22.884387" elapsed="0.000239"/>
</kw>
<kw name="Should Be Equal As Numbers" owner="BuiltIn">
<arg>${json_data['results'][0]['location']['postcode']}</arg>
<arg>${json_data['results'][0]['location']['postcode']}</arg>
<doc>Fails if objects are unequal after converting them to real numbers.</doc>
<status status="PASS" start="2024-04-06T21:13:22.884928" elapsed="0.000632"/>
</kw>
<kw name="Log" owner="BuiltIn">
<msg time="2024-04-06T21:13:22.886082" level="INFO">77313</msg>
<arg>${json_data['results'][0]['location']['postcode']}</arg>
<doc>Logs the given message with the given level.</doc>
<status status="PASS" start="2024-04-06T21:13:22.885751" elapsed="0.000370"/>
</kw>
<status status="PASS" start="2024-04-06T21:13:22.782632" elapsed="0.103747"/>
</kw>
<doc>Testa se os tipos de dados na resposta da API estão corretos.</doc>
<tag>testeTiposDados</tag>
<status status="PASS" start="2024-04-06T21:13:22.695478" elapsed="0.191073"/>
</test>
<test id="s1-s1-t5" name="Validar conteudo" line="35">
<kw name="Teste de Tipos de Conteudo" owner="random-user-service">
<kw name="GET On Session" owner="RequestsLibrary">
<msg time="2024-04-06T21:13:22.975718" level="INFO">GET Request : url=https://randomuser.me/api 
 path_url=/api 
 headers={'User-Agent': 'python-requests/2.31.0', 'Accept-Encoding': 'gzip, deflate', 'Accept': '*/*', 'Connection': 'keep-alive'} 
 body=None 
 </msg>
<msg time="2024-04-06T21:13:22.975833" level="INFO">GET Response : url=https://randomuser.me/api 
 status=200, reason=OK 
 headers={'Date': 'Sat, 06 Apr 2024 21:13:22 GMT', 'Content-Type': 'application/json; charset=utf-8', 'Transfer-Encoding': 'chunked', 'Connection': 'keep-alive', 'X-Powered-By': 'Express', 'Access-Control-Allow-Origin': '*', 'Cache-Control': 'no-cache', 'ETag': 'W/"499-LU2Ww71zaEqGNGb4ZNuUndWGyjc"', 'Vary': 'Accept-Encoding', 'Content-Encoding': 'gzip', 'CF-Cache-Status': 'DYNAMIC', 'Report-To': '{"endpoints":[{"url":"https:\\/\\/a.nel.cloudflare.com\\/report\\/v4?s=rcHC5Yadbm%2B6clgaH%2FRvpDupo98r5lzEPicquQtYaIU%2BsYtC%2FZjTOq5LdkzNvCwqWG%2BH6V1y5XzKy1UxicRLHcnoDQN7MZqXqWwuMQV8kkSVHYhgrigctCOT5qgq14%2FH"}],"group":"cf-nel","max_age":604800}', 'NEL': '{"success_fraction":0,"report_to":"cf-nel","max_age":604800}', 'Server': 'cloudflare', 'CF-RAY': '8704c80e1bfa1193-ORD', 'alt-svc': 'h3=":443"; ma=86400'} 
 body={"results":[{"gender":"male","name":{"title":"Mr","first":"Léon","last":"Riviere"},"location":{"street":{"number":3452,"name":"Rue de L'Abbé-Migne"},"city":"Tours","state":"Oise","country":"France","postcode":13342,"coordinates":{"latitude":"-14.0073","longitude":"-162.9847"},"timezone":{"offset":"+8:00","description":"Beijing, Perth, Singapore, Hong Kong"}},"email":"leon.riviere@example.com","login":{"uuid":"9dd59eb0-0bcd-4adb-b536-dddda48bc295","username":"browngorilla853","password":"erotic","salt":"dSYYQ3UR","md5":"4596c00867f2ad79605ba303fc04eb24","sha1":"a96ac0f39439a0cd37e90dd2e55ac2a32de3ee86","sha256":"5b976a3eeb5cd2c183eeafbca7a811d922bb793a8938644e813db52b8c3931d4"},"dob":{"date":"1994-01-20T00:37:10.078Z","age":30},"registered":{"date":"2019-06-12T23:25:41.990Z","age":4},"phone":"04-25-77-16-36","cell":"06-83-95-82-60","id":{"name":"INSEE","value":"1940047531978 59"},"picture":{"large":"https://randomuser.me/api/portraits/men/82.jpg","medium":"https://randomuser.me/api/portraits/med/men/82.jpg","thumbnail":"https://randomuser.me/api/portraits/thumb/men/82.jpg"},"nat":"FR"}],"info":{"seed":"0aba056764c65916","results":1,"page":1,"version":"1.4"}} 
 </msg>
<msg time="2024-04-06T21:13:22.975918" level="INFO">/opt/hostedtoolcache/Python/3.12.2/x64/lib/python3.12/site-packages/urllib3/connectionpool.py:1103: InsecureRequestWarning: Unverified HTTPS request is being made to host 'randomuser.me'. Adding certificate verification is strongly advised. See: https://urllib3.readthedocs.io/en/latest/advanced-usage.html#tls-warnings
  warnings.warn(</msg>
<msg time="2024-04-06T21:13:22.976053" level="INFO">${response} = &lt;Response [200]&gt;</msg>
<var>${response}</var>
<arg>consultarAPI</arg>
<arg>/api</arg>
<doc>Sends a GET request on a previously created HTTP Session.</doc>
<status status="PASS" start="2024-04-06T21:13:22.889391" elapsed="0.086707"/>
</kw>
<kw name="Set Variable" owner="BuiltIn">
<msg time="2024-04-06T21:13:22.977156" level="INFO">${json_data} = {'results': [{'gender': 'male', 'name': {'title': 'Mr', 'first': 'Léon', 'last': 'Riviere'}, 'location': {'street': {'number': 3452, 'name': "Rue de L'Abbé-Migne"}, 'city': 'Tours', 'state': 'Oise', '...</msg>
<var>${json_data}</var>
<arg>${response.json()}</arg>
<doc>Returns the given values which can then be assigned to a variables.</doc>
<status status="PASS" start="2024-04-06T21:13:22.976633" elapsed="0.000551"/>
</kw>
<kw name="Set Variable" owner="BuiltIn">
<msg time="2024-04-06T21:13:22.977876" level="INFO">${name_title} = Mr</msg>
<var>${name_title}</var>
<arg>${json_data["results"][0]["name"]["title"]}</arg>
<doc>Returns the given values which can then be assigned to a variables.</doc>
<status status="PASS" start="2024-04-06T21:13:22.977489" elapsed="0.000412"/>
</kw>
<kw name="Create List" owner="BuiltIn">
<msg time="2024-04-06T21:13:22.978353" level="INFO">${allowed_titles} = ['Mr', 'Ms', 'Miss', 'Mrs', 'Madame', 'Monsieur']</msg>
<var>${allowed_titles}</var>
<arg>Mr</arg>
<arg>Ms</arg>
<arg>Miss</arg>
<arg>Mrs</arg>
<arg>Madame</arg>
<arg>Monsieur</arg>
<doc>Returns a list containing given items.</doc>
<status status="PASS" start="2024-04-06T21:13:22.978203" elapsed="0.000174"/>
</kw>
<kw name="List Should Contain Value" owner="Collections">
<msg time="2024-04-06T21:13:22.978847" level="INFO">False</msg>
<arg>${allowed_titles}</arg>
<arg>${name_title}</arg>
<doc>Fails if the ``value`` is not found from ``list``.</doc>
<status status="PASS" start="2024-04-06T21:13:22.978675" elapsed="0.000209"/>
</kw>
<kw name="Set Variable" owner="BuiltIn">
<msg time="2024-04-06T21:13:22.979546" level="INFO">${name_country} = FR</msg>
<var>${name_country}</var>
<arg>${json_data["results"][0]["nat"]}</arg>
<doc>Returns the given values which can then be assigned to a variables.</doc>
<status status="PASS" start="2024-04-06T21:13:22.979172" elapsed="0.000398"/>
</kw>
<kw name="Create List" owner="BuiltIn">
<msg time="2024-04-06T21:13:22.980534" level="INFO">${list_country} = ['AD', 'AE', 'AF', 'AG', 'AI', 'AL', 'AM', 'AO', 'AQ', 'AR', 'AS', 'AT', 'AU', 'AW', 'AX', 'AZ', 'BA', 'BB', 'BD', 'BE', 'BF', 'BG', 'BH', 'BI', 'BJ', 'BL', 'BM', 'BN', 'BO', 'BQ', 'BR', 'BS', 'BT', '...</msg>
<var>${list_country}</var>
<arg>AD</arg>
<arg>AE</arg>
<arg>AF</arg>
<arg>AG</arg>
<arg>AI</arg>
<arg>AL</arg>
<arg>AM</arg>
<arg>AO</arg>
<arg>AQ</arg>
<arg>AR</arg>
<arg>AS</arg>
<arg>AT</arg>
<arg>AU</arg>
<arg>AW</arg>
<arg>AX</arg>
<arg>AZ</arg>
<arg>BA</arg>
<arg>BB</arg>
<arg>BD</arg>
<arg>BE</arg>
<arg>BF</arg>
<arg>BG</arg>
<arg>BH</arg>
<arg>BI</arg>
<arg>BJ</arg>
<arg>BL</arg>
<arg>BM</arg>
<arg>BN</arg>
<arg>BO</arg>
<arg>BQ</arg>
<arg>BR</arg>
<arg>BS</arg>
<arg>BT</arg>
<arg>BV</arg>
<arg>BW</arg>
<arg>BY</arg>
<arg>BZ</arg>
<arg>CA</arg>
<arg>CC</arg>
<arg>CD</arg>
<arg>CF</arg>
<arg>CG</arg>
<arg>CH</arg>
<arg>CI</arg>
<arg>CK</arg>
<arg>CL</arg>
<arg>CM</arg>
<arg>CN</arg>
<arg>CO</arg>
<arg>CR</arg>
<arg>CU</arg>
<arg>CV</arg>
<arg>CW</arg>
<arg>CX</arg>
<arg>CY</arg>
<arg>CZ</arg>
<arg>DE</arg>
<arg>DJ</arg>
<arg>DK</arg>
<arg>DM</arg>
<arg>DO</arg>
<arg>DZ</arg>
<arg>EC</arg>
<arg>EE</arg>
<arg>EG</arg>
<arg>EH</arg>
<arg>ER</arg>
<arg>ES</arg>
<arg>ET</arg>
<arg>FI</arg>
<arg>FJ</arg>
<arg>FK</arg>
<arg>FM</arg>
<arg>FO</arg>
<arg>FR</arg>
<arg>GA</arg>
<arg>GB</arg>
<arg>GD</arg>
<arg>GE</arg>
<arg>GF</arg>
<arg>GG</arg>
<arg>GH</arg>
<arg>GI</arg>
<arg>GL</arg>
<arg>GM</arg>
<arg>GN</arg>
<arg>GP</arg>
<arg>GQ</arg>
<arg>GR</arg>
<arg>GS</arg>
<arg>GT</arg>
<arg>GU</arg>
<arg>GW</arg>
<arg>GY</arg>
<arg>HK</arg>
<arg>HM</arg>
<arg>HN</arg>
<arg>HR</arg>
<arg>HT</arg>
<arg>HU</arg>
<arg>ID</arg>
<arg>IE</arg>
<arg>IL</arg>
<arg>IM</arg>
<arg>IN</arg>
<arg>IO</arg>
<arg>IQ</arg>
<arg>IR</arg>
<arg>IS</arg>
<arg>IT</arg>
<arg>JE</arg>
<arg>JM</arg>
<arg>JO</arg>
<arg>JP</arg>
<arg>KE</arg>
<arg>KG</arg>
<arg>KH</arg>
<arg>KI</arg>
<arg>KM</arg>
<arg>KN</arg>
<arg>KP</arg>
<arg>KR</arg>
<arg>KW</arg>
<arg>KY</arg>
<arg>KZ</arg>
<arg>LA</arg>
<arg>LB</arg>
<arg>LC</arg>
<arg>LI</arg>
<arg>LK</arg>
<arg>LR</arg>
<arg>LS</arg>
<arg>LT</arg>
<arg>LU</arg>
<arg>LV</arg>
<arg>LY</arg>
<arg>MA</arg>
<arg>MC</arg>
<arg>MD</arg>
<arg>ME</arg>
<arg>MF</arg>
<arg>MG</arg>
<arg>MH</arg>
<arg>MK</arg>
<arg>ML</arg>
<arg>MM</arg>
<arg>MN</arg>
<arg>MO</arg>
<arg>MP</arg>
<arg>MQ</arg>
<arg>MR</arg>
<arg>MS</arg>
<arg>MT</arg>
<arg>MU</arg>
<arg>MV</arg>
<arg>MW</arg>
<arg>MX</arg>
<arg>MY</arg>
<arg>MZ</arg>
<arg>NA</arg>
<arg>NC</arg>
<arg>NE</arg>
<arg>NF</arg>
<arg>NG</arg>
<arg>NI</arg>
<arg>NL</arg>
<arg>NO</arg>
<arg>NP</arg>
<arg>NR</arg>
<arg>NU</arg>
<arg>NZ</arg>
<arg>OM</arg>
<arg>PA</arg>
<arg>PE</arg>
<arg>PF</arg>
<arg>PG</arg>
<arg>PH</arg>
<arg>PK</arg>
<arg>PL</arg>
<arg>PM</arg>
<arg>PN</arg>
<arg>PR</arg>
<arg>PS</arg>
<arg>PT</arg>
<arg>PW</arg>
<arg>PY</arg>
<arg>QA</arg>
<arg>RE</arg>
<arg>RO</arg>
<arg>RS</arg>
<arg>RU</arg>
<arg>RW</arg>
<arg>SA</arg>
<arg>SB</arg>
<arg>SC</arg>
<arg>SD</arg>
<arg>SE</arg>
<arg>SG</arg>
<arg>SH</arg>
<arg>SI</arg>
<arg>SJ</arg>
<arg>SK</arg>
<arg>SL</arg>
<arg>SM</arg>
<arg>SN</arg>
<arg>SO</arg>
<arg>SR</arg>
<arg>SS</arg>
<arg>ST</arg>
<arg>SV</arg>
<arg>SX</arg>
<arg>SY</arg>
<arg>SZ</arg>
<arg>TC</arg>
<arg>TD</arg>
<arg>TF</arg>
<arg>TG</arg>
<arg>TH</arg>
<arg>TJ</arg>
<arg>TK</arg>
<arg>TL</arg>
<arg>TM</arg>
<arg>TN</arg>
<arg>TO</arg>
<arg>TR</arg>
<arg>TT</arg>
<arg>TV</arg>
<arg>TW</arg>
<arg>TZ</arg>
<arg>UA</arg>
<arg>UG</arg>
<arg>UM</arg>
<arg>US</arg>
<arg>UY</arg>
<arg>UZ</arg>
<arg>VA</arg>
<arg>VC</arg>
<arg>VE</arg>
<arg>VG</arg>
<arg>VI</arg>
<arg>VN</arg>
<arg>VU</arg>
<arg>WF</arg>
<arg>WS</arg>
<arg>XK</arg>
<arg>YE</arg>
<arg>YT</arg>
<arg>ZA</arg>
<arg>ZM</arg>
<arg>ZW</arg>
<doc>Returns a list containing given items.</doc>
<status status="PASS" start="2024-04-06T21:13:22.979926" elapsed="0.000633"/>
</kw>
<kw name="List Should Contain Value" owner="Collections">
<msg time="2024-04-06T21:13:22.981686" level="INFO">False</msg>
<arg>${list_country}</arg>
<arg>${name_country}</arg>
<doc>Fails if the ``value`` is not found from ``list``.</doc>
<status status="PASS" start="2024-04-06T21:13:22.981477" elapsed="0.000247"/>
</kw>
<kw name="Run Keyword If" owner="BuiltIn">
<kw name="Should Be True" owner="BuiltIn">
<arg>${True}</arg>
<doc>Fails if the given condition is not true.</doc>
<status status="PASS" start="2024-04-06T21:13:22.982796" elapsed="0.000144"/>
</kw>
<arg>${json_data["results"][0]["location"]["coordinates"]["latitude"]} &gt;= -90 and ${json_data["results"][0]["location"]["coordinates"]["latitude"]} &lt;= 90</arg>
<arg>Should Be True</arg>
<arg>${True}</arg>
<doc>Runs the given keyword with the given arguments, if ``condition`` is true.</doc>
<status status="PASS" start="2024-04-06T21:13:22.982043" elapsed="0.001025"/>
</kw>
<kw name="Run Keyword If" owner="BuiltIn">
<kw name="Should Be True" owner="BuiltIn">
<arg>${True}</arg>
<doc>Fails if the given condition is not true.</doc>
<status status="PASS" start="2024-04-06T21:13:22.983991" elapsed="0.000148"/>
</kw>
<arg>${json_data["results"][0]["location"]["coordinates"]["longitude"]} &gt;= -180 and ${json_data["results"][0]["location"]["coordinates"]["longitude"]} &lt;= 180</arg>
<arg>Should Be True</arg>
<arg>${True}</arg>
<doc>Runs the given keyword with the given arguments, if ``condition`` is true.</doc>
<status status="PASS" start="2024-04-06T21:13:22.983253" elapsed="0.001011"/>
</kw>
<status status="PASS" start="2024-04-06T21:13:22.889012" elapsed="0.095382"/>
</kw>
<doc>Testa o conteúdo específico dos campos retornados pela API.</doc>
<tag>testeConteudo</tag>
<status status="PASS" start="2024-04-06T21:13:22.888330" elapsed="0.096220"/>
</test>
<status status="PASS" start="2024-04-06T21:13:22.061473" elapsed="0.925027"/>
</suite>
<status status="PASS" start="2024-04-06T21:13:22.036691" elapsed="0.955256"/>
</suite>
<statistics>
<total>
<stat pass="5" fail="0" skip="0">All Tests</stat>
</total>
<tag>
<stat pass="1" fail="0" skip="0">testeConteudo</stat>
<stat pass="1" fail="0" skip="0">testeEstruturaResposta</stat>
<stat pass="1" fail="0" skip="0">testeRequisicaoBasica</stat>
<stat pass="1" fail="0" skip="0">testeTiposDados</stat>
</tag>
<suite>
<stat pass="5" fail="0" skip="0" id="s1" name="Tests">Tests</stat>
<stat pass="5" fail="0" skip="0" id="s1-s1" name="Random-User-Test">Tests.Random-User-Test</stat>
</suite>
</statistics>
<errors>
</errors>
</robot>
