<?xml version="1.0" encoding="UTF-8"?>
<robot generator="Robot 7.0 (Python 3.12.3 on linux)" generated="2024-05-19T23:15:46.436112" rpa="false" schemaversion="5">
<suite id="s1" name="Tests" source="/home/runner/work/DesafioQAItauRogerioJordao/DesafioQAItauRogerioJordao/RamdonUser/tests">
<suite id="s1-s1" name="Random-User-Test" source="/home/runner/work/DesafioQAItauRogerioJordao/DesafioQAItauRogerioJordao/RamdonUser/tests/random-user-test.robot">
<test id="s1-s1-t1" name="Conectar" line="13">
<kw name="Conectar API" owner="random-user-service">
<kw name="Create Session" owner="RequestsLibrary">
<msg time="2024-05-19T23:15:46.817785" level="INFO">Creating Session using : alias=consultarAPI, url=https://randomuser.me/, headers={},                     cookies={}, auth=None, timeout=None, proxies=None, verify=False,                     debug=0 </msg>
<arg>consultarAPI</arg>
<arg>${URL}</arg>
<doc>Create Session: create a HTTP session to a server</doc>
<status status="PASS" start="2024-05-19T23:15:46.817575" elapsed="0.000390"/>
</kw>
<status status="PASS" start="2024-05-19T23:15:46.816581" elapsed="0.001759"/>
</kw>
<status status="PASS" start="2024-05-19T23:15:46.815970" elapsed="0.002580"/>
</test>
<test id="s1-s1-t2" name="Validar retorno 200 e JSON Válido" line="16">
<kw name="Teste de Requisicao Basica" owner="random-user-service">
<kw name="GET On Session" owner="RequestsLibrary">
<msg time="2024-05-19T23:15:46.884271" level="INFO">GET Request : url=https://randomuser.me/api 
 path_url=/api 
 headers={'User-Agent': 'python-requests/2.31.0', 'Accept-Encoding': 'gzip, deflate', 'Accept': '*/*', 'Connection': 'keep-alive'} 
 body=None 
 </msg>
<msg time="2024-05-19T23:15:46.884377" level="INFO">GET Response : url=https://randomuser.me/api 
 status=200, reason=OK 
 headers={'Date': 'Sun, 19 May 2024 23:15:46 GMT', 'Content-Type': 'application/json; charset=utf-8', 'Transfer-Encoding': 'chunked', 'Connection': 'keep-alive', 'X-Powered-By': 'Express', 'Access-Control-Allow-Origin': '*', 'Cache-Control': 'no-cache', 'ETag': 'W/"4aa-t8fxOwLsR4/Ni4zqx1dMNnj1YWI"', 'Vary': 'Accept-Encoding', 'Content-Encoding': 'gzip', 'CF-Cache-Status': 'DYNAMIC', 'Report-To': '{"endpoints":[{"url":"https:\\/\\/a.nel.cloudflare.com\\/report\\/v4?s=%2B30wWKNTkinPA29sSsBYpA9H3LR4k4Cw%2FsfXnXLL9e20pvvDb5pwVCE7sJr6foQUGRVYo4yDnNgB%2FV%2BKaSoIQpro8Vp6jEJkgowJZS2cVLC%2BUAKAvG1SgURtsLtr9o6U"}],"group":"cf-nel","max_age":604800}', 'NEL': '{"success_fraction":0,"report_to":"cf-nel","max_age":604800}', 'Server': 'cloudflare', 'CF-RAY': '8867ca79cc1b9c5e-IAD', 'alt-svc': 'h3=":443"; ma=86400'} 
 body={"results":[{"gender":"female","name":{"title":"Miss","first":"Raquel","last":"Zarate"},"location":{"street":{"number":6429,"name":"Prolongación Tlaxcala"},"city":"Hopelchen","state":"Quintana Roo","country":"Mexico","postcode":82516,"coordinates":{"latitude":"24.8699","longitude":"20.9211"},"timezone":{"offset":"+1:00","description":"Brussels, Copenhagen, Madrid, Paris"}},"email":"raquel.zarate@example.com","login":{"uuid":"df37ae5b-c316-4546-a6b4-fe727c371fa6","username":"brownzebra941","password":"prissy","salt":"lfyuszyA","md5":"f6b9ae310164dfb4a47a78ac1308a751","sha1":"8876817fc430ea116557833370214cc6e0f8d2d2","sha256":"4fac49fc4597fd93031797330e53b7d1fae794d86e4defad9140fe4cadcd5f43"},"dob":{"date":"1971-05-19T12:47:28.948Z","age":53},"registered":{"date":"2005-07-28T20:05:55.342Z","age":18},"phone":"(671) 409 6401","cell":"(644) 834 2417","id":{"name":"NSS","value":"69 43 25 6592 8"},"picture":{"large":"https://randomuser.me/api/portraits/women/47.jpg","medium":"https://randomuser.me/api/portraits/med/women/47.jpg","thumbnail":"https://randomuser.me/api/portraits/thumb/women/47.jpg"},"nat":"MX"}],"info":{"seed":"e669b43311bcd3cb","results":1,"page":1,"version":"1.4"}} 
 </msg>
<msg time="2024-05-19T23:15:46.884450" level="INFO">/opt/hostedtoolcache/Python/3.12.3/x64/lib/python3.12/site-packages/urllib3/connectionpool.py:1103: InsecureRequestWarning: Unverified HTTPS request is being made to host 'randomuser.me'. Adding certificate verification is strongly advised. See: https://urllib3.readthedocs.io/en/latest/advanced-usage.html#tls-warnings
  warnings.warn(</msg>
<msg time="2024-05-19T23:15:46.884566" level="INFO">${response} = &lt;Response [200]&gt;</msg>
<var>${response}</var>
<arg>consultarAPI</arg>
<arg>/api</arg>
<doc>Sends a GET request on a previously created HTTP Session.</doc>
<status status="PASS" start="2024-05-19T23:15:46.821393" elapsed="0.063217"/>
</kw>
<kw name="Should Be Equal As Numbers" owner="BuiltIn">
<msg time="2024-05-19T23:15:46.885617" level="INFO">Argument types are:
&lt;class 'int'&gt;
&lt;class 'str'&gt;</msg>
<arg>${response.status_code}</arg>
<arg>200</arg>
<doc>Fails if objects are unequal after converting them to real numbers.</doc>
<status status="PASS" start="2024-05-19T23:15:46.885123" elapsed="0.000560"/>
</kw>
<kw name="Log" owner="BuiltIn">
<msg time="2024-05-19T23:15:46.886394" level="INFO">200</msg>
<arg>${response.status_code}</arg>
<doc>Logs the given message with the given level.</doc>
<status status="PASS" start="2024-05-19T23:15:46.886033" elapsed="0.000404"/>
</kw>
<kw name="Set Variable" owner="BuiltIn">
<msg time="2024-05-19T23:15:46.887182" level="INFO">${json_data} = {'results': [{'gender': 'female', 'name': {'title': 'Miss', 'first': 'Raquel', 'last': 'Zarate'}, 'location': {'street': {'number': 6429, 'name': 'Prolongación Tlaxcala'}, 'city': 'Hopelchen', 'state'...</msg>
<var>${json_data}</var>
<arg>${response.json()}</arg>
<doc>Returns the given values which can then be assigned to a variables.</doc>
<status status="PASS" start="2024-05-19T23:15:46.886744" elapsed="0.000507"/>
</kw>
<kw name="Dictionary Should Contain Key" owner="Collections">
<msg time="2024-05-19T23:15:46.887759" level="INFO">False</msg>
<arg>${json_data}</arg>
<arg>results</arg>
<doc>Fails if ``key`` is not found from ``dictionary``.</doc>
<status status="PASS" start="2024-05-19T23:15:46.887589" elapsed="0.000211"/>
</kw>
<status status="PASS" start="2024-05-19T23:15:46.821133" elapsed="0.066921"/>
</kw>
<doc>Testa se a API responde corretamente e retorna um objeto JSON válido.</doc>
<tag>testeRequisicaoBasica</tag>
<status status="PASS" start="2024-05-19T23:15:46.820590" elapsed="0.067633"/>
</test>
<test id="s1-s1-t3" name="Validar estrutura de resposta" line="22">
<kw name="Teste de Estrutura de Resposta" owner="random-user-service">
<kw name="GET On Session" owner="RequestsLibrary">
<msg time="2024-05-19T23:15:46.976009" level="INFO">GET Request : url=https://randomuser.me/api 
 path_url=/api 
 headers={'User-Agent': 'python-requests/2.31.0', 'Accept-Encoding': 'gzip, deflate', 'Accept': '*/*', 'Connection': 'keep-alive'} 
 body=None 
 </msg>
<msg time="2024-05-19T23:15:46.976096" level="INFO">GET Response : url=https://randomuser.me/api 
 status=200, reason=OK 
 headers={'Date': 'Sun, 19 May 2024 23:15:46 GMT', 'Content-Type': 'application/json; charset=utf-8', 'Transfer-Encoding': 'chunked', 'Connection': 'keep-alive', 'X-Powered-By': 'Express', 'Access-Control-Allow-Origin': '*', 'Cache-Control': 'no-cache', 'ETag': 'W/"49f-z3wnhDwfLC3+PeEdi3EN4WqQS5I"', 'Vary': 'Accept-Encoding', 'Content-Encoding': 'gzip', 'CF-Cache-Status': 'DYNAMIC', 'Report-To': '{"endpoints":[{"url":"https:\\/\\/a.nel.cloudflare.com\\/report\\/v4?s=qa8Du6jeg6assRgRft%2BNiGkqZZ6gkbYroDmV3pWPt1QEQtz2%2FzareHer02Bt5PBEtTS56DfatrnEZDoPO17IAUicFoK8pbDkLmUyjexT1crUljr2lDYz3rys5Q0p5fKj"}],"group":"cf-nel","max_age":604800}', 'NEL': '{"success_fraction":0,"report_to":"cf-nel","max_age":604800}', 'Server': 'cloudflare', 'CF-RAY': '8867ca7a1c839c5e-IAD', 'alt-svc': 'h3=":443"; ma=86400'} 
 body={"results":[{"gender":"female","name":{"title":"Ms","first":"Veera","last":"Hanninen"},"location":{"street":{"number":9643,"name":"Visiokatu"},"city":"Sauvo","state":"Tavastia Proper","country":"Finland","postcode":45507,"coordinates":{"latitude":"-22.6156","longitude":"56.3113"},"timezone":{"offset":"+5:00","description":"Ekaterinburg, Islamabad, Karachi, Tashkent"}},"email":"veera.hanninen@example.com","login":{"uuid":"e1eaffcd-652d-4c39-b96b-18fc205de114","username":"sadbird590","password":"hidden","salt":"uj2XoMCJ","md5":"1b773943ec7cd412118de4345eca7250","sha1":"713d83a751cd63d065b7b1207dc23979336dae82","sha256":"3f38ffef556f2a72de480415512bbb19f37d63d8da8937eb11efa1e0885f4045"},"dob":{"date":"2000-09-15T16:40:11.525Z","age":23},"registered":{"date":"2017-11-16T06:47:51.458Z","age":6},"phone":"02-389-102","cell":"046-917-17-96","id":{"name":"HETU","value":"NaNNA136undefined"},"picture":{"large":"https://randomuser.me/api/portraits/women/17.jpg","medium":"https://randomuser.me/api/portraits/med/women/17.jpg","thumbnail":"https://randomuser.me/api/portraits/thumb/women/17.jpg"},"nat":"FI"}],"info":{"seed":"26d1205f071e4175","results":1,"page":1,"version":"1.4"}} 
 </msg>
<msg time="2024-05-19T23:15:46.976221" level="INFO">/opt/hostedtoolcache/Python/3.12.3/x64/lib/python3.12/site-packages/urllib3/connectionpool.py:1103: InsecureRequestWarning: Unverified HTTPS request is being made to host 'randomuser.me'. Adding certificate verification is strongly advised. See: https://urllib3.readthedocs.io/en/latest/advanced-usage.html#tls-warnings
  warnings.warn(</msg>
<msg time="2024-05-19T23:15:46.976351" level="INFO">${response} = &lt;Response [200]&gt;</msg>
<var>${response}</var>
<arg>consultarAPI</arg>
<arg>/api</arg>
<doc>Sends a GET request on a previously created HTTP Session.</doc>
<status status="PASS" start="2024-05-19T23:15:46.890964" elapsed="0.085445"/>
</kw>
<kw name="Set Variable" owner="BuiltIn">
<msg time="2024-05-19T23:15:46.977560" level="INFO">${json_data} = {'results': [{'gender': 'female', 'name': {'title': 'Ms', 'first': 'Veera', 'last': 'Hanninen'}, 'location': {'street': {'number': 9643, 'name': 'Visiokatu'}, 'city': 'Sauvo', 'state': 'Tavastia Prope...</msg>
<var>${json_data}</var>
<arg>${response.json()}</arg>
<doc>Returns the given values which can then be assigned to a variables.</doc>
<status status="PASS" start="2024-05-19T23:15:46.976968" elapsed="0.000621"/>
</kw>
<kw name="Log" owner="BuiltIn">
<msg time="2024-05-19T23:15:46.978056" level="INFO">{'results': [{'gender': 'female', 'name': {'title': 'Ms', 'first': 'Veera', 'last': 'Hanninen'}, 'location': {'street': {'number': 9643, 'name': 'Visiokatu'}, 'city': 'Sauvo', 'state': 'Tavastia Proper', 'country': 'Finland', 'postcode': 45507, 'coordinates': {'latitude': '-22.6156', 'longitude': '56.3113'}, 'timezone': {'offset': '+5:00', 'description': 'Ekaterinburg, Islamabad, Karachi, Tashkent'}}, 'email': 'veera.hanninen@example.com', 'login': {'uuid': 'e1eaffcd-652d-4c39-b96b-18fc205de114', 'username': 'sadbird590', 'password': 'hidden', 'salt': 'uj2XoMCJ', 'md5': '1b773943ec7cd412118de4345eca7250', 'sha1': '713d83a751cd63d065b7b1207dc23979336dae82', 'sha256': '3f38ffef556f2a72de480415512bbb19f37d63d8da8937eb11efa1e0885f4045'}, 'dob': {'date': '2000-09-15T16:40:11.525Z', 'age': 23}, 'registered': {'date': '2017-11-16T06:47:51.458Z', 'age': 6}, 'phone': '02-389-102', 'cell': '046-917-17-96', 'id': {'name': 'HETU', 'value': 'NaNNA136undefined'}, 'picture': {'large': 'https://randomuser.me/api/portraits/women/17.jpg', 'medium': 'https://randomuser.me/api/portraits/med/women/17.jpg', 'thumbnail': 'https://randomuser.me/api/portraits/thumb/women/17.jpg'}, 'nat': 'FI'}], 'info': {'seed': '26d1205f071e4175', 'results': 1, 'page': 1, 'version': '1.4'}}</msg>
<arg>${json_data}</arg>
<doc>Logs the given message with the given level.</doc>
<status status="PASS" start="2024-05-19T23:15:46.977901" elapsed="0.000203"/>
</kw>
<kw name="Dictionary Should Contain Key" owner="Collections">
<msg time="2024-05-19T23:15:46.978567" level="INFO">False</msg>
<arg>${json_data}</arg>
<arg>results</arg>
<doc>Fails if ``key`` is not found from ``dictionary``.</doc>
<status status="PASS" start="2024-05-19T23:15:46.978401" elapsed="0.000205"/>
</kw>
<kw name="Should Not Be Empty" owner="BuiltIn">
<msg time="2024-05-19T23:15:46.979036" level="INFO">Length is 2.</msg>
<arg>${json_data}</arg>
<doc>Verifies that the given item is not empty.</doc>
<status status="PASS" start="2024-05-19T23:15:46.978905" elapsed="0.000335"/>
</kw>
<kw name="Create List" owner="BuiltIn">
<msg time="2024-05-19T23:15:46.979720" level="INFO">${expected_keys} = ['gender', 'name', 'location', 'email', 'login']</msg>
<var>${expected_keys}</var>
<arg>gender</arg>
<arg>name</arg>
<arg>location</arg>
<arg>email</arg>
<arg>login</arg>
<doc>Returns a list containing given items.</doc>
<status status="PASS" start="2024-05-19T23:15:46.979561" elapsed="0.000185"/>
</kw>
<for flavor="IN">
<iter>
<kw name="Dictionary Should Contain Key" owner="Collections">
<msg time="2024-05-19T23:15:46.980728" level="INFO">False</msg>
<arg>${json_data['results'][0]}</arg>
<arg>${key}</arg>
<doc>Fails if ``key`` is not found from ``dictionary``.</doc>
<status status="PASS" start="2024-05-19T23:15:46.980325" elapsed="0.000442"/>
</kw>
<kw name="Log" owner="BuiltIn">
<msg time="2024-05-19T23:15:46.981444" level="INFO">{'gender': 'female', 'name': {'title': 'Ms', 'first': 'Veera', 'last': 'Hanninen'}, 'location': {'street': {'number': 9643, 'name': 'Visiokatu'}, 'city': 'Sauvo', 'state': 'Tavastia Proper', 'country': 'Finland', 'postcode': 45507, 'coordinates': {'latitude': '-22.6156', 'longitude': '56.3113'}, 'timezone': {'offset': '+5:00', 'description': 'Ekaterinburg, Islamabad, Karachi, Tashkent'}}, 'email': 'veera.hanninen@example.com', 'login': {'uuid': 'e1eaffcd-652d-4c39-b96b-18fc205de114', 'username': 'sadbird590', 'password': 'hidden', 'salt': 'uj2XoMCJ', 'md5': '1b773943ec7cd412118de4345eca7250', 'sha1': '713d83a751cd63d065b7b1207dc23979336dae82', 'sha256': '3f38ffef556f2a72de480415512bbb19f37d63d8da8937eb11efa1e0885f4045'}, 'dob': {'date': '2000-09-15T16:40:11.525Z', 'age': 23}, 'registered': {'date': '2017-11-16T06:47:51.458Z', 'age': 6}, 'phone': '02-389-102', 'cell': '046-917-17-96', 'id': {'name': 'HETU', 'value': 'NaNNA136undefined'}, 'picture': {'large': 'https://randomuser.me/api/portraits/women/17.jpg', 'medium': 'https://randomuser.me/api/portraits/med/women/17.jpg', 'thumbnail': 'https://randomuser.me/api/portraits/thumb/women/17.jpg'}, 'nat': 'FI'}</msg>
<arg>${json_data['results'][0]}</arg>
<doc>Logs the given message with the given level.</doc>
<status status="PASS" start="2024-05-19T23:15:46.981068" elapsed="0.000437"/>
</kw>
<kw name="Log" owner="BuiltIn">
<msg time="2024-05-19T23:15:46.981936" level="INFO">gender</msg>
<arg>${key}</arg>
<doc>Logs the given message with the given level.</doc>
<status status="PASS" start="2024-05-19T23:15:46.981808" elapsed="0.000166"/>
</kw>
<var name="${key}">gender</var>
<status status="PASS" start="2024-05-19T23:15:46.980200" elapsed="0.001990"/>
</iter>
<iter>
<kw name="Dictionary Should Contain Key" owner="Collections">
<msg time="2024-05-19T23:15:46.982878" level="INFO">False</msg>
<arg>${json_data['results'][0]}</arg>
<arg>${key}</arg>
<doc>Fails if ``key`` is not found from ``dictionary``.</doc>
<status status="PASS" start="2024-05-19T23:15:46.982497" elapsed="0.000418"/>
</kw>
<kw name="Log" owner="BuiltIn">
<msg time="2024-05-19T23:15:46.983621" level="INFO">{'gender': 'female', 'name': {'title': 'Ms', 'first': 'Veera', 'last': 'Hanninen'}, 'location': {'street': {'number': 9643, 'name': 'Visiokatu'}, 'city': 'Sauvo', 'state': 'Tavastia Proper', 'country': 'Finland', 'postcode': 45507, 'coordinates': {'latitude': '-22.6156', 'longitude': '56.3113'}, 'timezone': {'offset': '+5:00', 'description': 'Ekaterinburg, Islamabad, Karachi, Tashkent'}}, 'email': 'veera.hanninen@example.com', 'login': {'uuid': 'e1eaffcd-652d-4c39-b96b-18fc205de114', 'username': 'sadbird590', 'password': 'hidden', 'salt': 'uj2XoMCJ', 'md5': '1b773943ec7cd412118de4345eca7250', 'sha1': '713d83a751cd63d065b7b1207dc23979336dae82', 'sha256': '3f38ffef556f2a72de480415512bbb19f37d63d8da8937eb11efa1e0885f4045'}, 'dob': {'date': '2000-09-15T16:40:11.525Z', 'age': 23}, 'registered': {'date': '2017-11-16T06:47:51.458Z', 'age': 6}, 'phone': '02-389-102', 'cell': '046-917-17-96', 'id': {'name': 'HETU', 'value': 'NaNNA136undefined'}, 'picture': {'large': 'https://randomuser.me/api/portraits/women/17.jpg', 'medium': 'https://randomuser.me/api/portraits/med/women/17.jpg', 'thumbnail': 'https://randomuser.me/api/portraits/thumb/women/17.jpg'}, 'nat': 'FI'}</msg>
<arg>${json_data['results'][0]}</arg>
<doc>Logs the given message with the given level.</doc>
<status status="PASS" start="2024-05-19T23:15:46.983257" elapsed="0.000415"/>
</kw>
<kw name="Log" owner="BuiltIn">
<msg time="2024-05-19T23:15:46.984097" level="INFO">name</msg>
<arg>${key}</arg>
<doc>Logs the given message with the given level.</doc>
<status status="PASS" start="2024-05-19T23:15:46.983972" elapsed="0.000163"/>
</kw>
<var name="${key}">name</var>
<status status="PASS" start="2024-05-19T23:15:46.982381" elapsed="0.001970"/>
</iter>
<iter>
<kw name="Dictionary Should Contain Key" owner="Collections">
<msg time="2024-05-19T23:15:46.985031" level="INFO">False</msg>
<arg>${json_data['results'][0]}</arg>
<arg>${key}</arg>
<doc>Fails if ``key`` is not found from ``dictionary``.</doc>
<status status="PASS" start="2024-05-19T23:15:46.984646" elapsed="0.000423"/>
</kw>
<kw name="Log" owner="BuiltIn">
<msg time="2024-05-19T23:15:46.985728" level="INFO">{'gender': 'female', 'name': {'title': 'Ms', 'first': 'Veera', 'last': 'Hanninen'}, 'location': {'street': {'number': 9643, 'name': 'Visiokatu'}, 'city': 'Sauvo', 'state': 'Tavastia Proper', 'country': 'Finland', 'postcode': 45507, 'coordinates': {'latitude': '-22.6156', 'longitude': '56.3113'}, 'timezone': {'offset': '+5:00', 'description': 'Ekaterinburg, Islamabad, Karachi, Tashkent'}}, 'email': 'veera.hanninen@example.com', 'login': {'uuid': 'e1eaffcd-652d-4c39-b96b-18fc205de114', 'username': 'sadbird590', 'password': 'hidden', 'salt': 'uj2XoMCJ', 'md5': '1b773943ec7cd412118de4345eca7250', 'sha1': '713d83a751cd63d065b7b1207dc23979336dae82', 'sha256': '3f38ffef556f2a72de480415512bbb19f37d63d8da8937eb11efa1e0885f4045'}, 'dob': {'date': '2000-09-15T16:40:11.525Z', 'age': 23}, 'registered': {'date': '2017-11-16T06:47:51.458Z', 'age': 6}, 'phone': '02-389-102', 'cell': '046-917-17-96', 'id': {'name': 'HETU', 'value': 'NaNNA136undefined'}, 'picture': {'large': 'https://randomuser.me/api/portraits/women/17.jpg', 'medium': 'https://randomuser.me/api/portraits/med/women/17.jpg', 'thumbnail': 'https://randomuser.me/api/portraits/thumb/women/17.jpg'}, 'nat': 'FI'}</msg>
<arg>${json_data['results'][0]}</arg>
<doc>Logs the given message with the given level.</doc>
<status status="PASS" start="2024-05-19T23:15:46.985368" elapsed="0.000410"/>
</kw>
<kw name="Log" owner="BuiltIn">
<msg time="2024-05-19T23:15:46.986200" level="INFO">location</msg>
<arg>${key}</arg>
<doc>Logs the given message with the given level.</doc>
<status status="PASS" start="2024-05-19T23:15:46.986074" elapsed="0.000165"/>
</kw>
<var name="${key}">location</var>
<status status="PASS" start="2024-05-19T23:15:46.984534" elapsed="0.001922"/>
</iter>
<iter>
<kw name="Dictionary Should Contain Key" owner="Collections">
<msg time="2024-05-19T23:15:46.987124" level="INFO">False</msg>
<arg>${json_data['results'][0]}</arg>
<arg>${key}</arg>
<doc>Fails if ``key`` is not found from ``dictionary``.</doc>
<status status="PASS" start="2024-05-19T23:15:46.986743" elapsed="0.000418"/>
</kw>
<kw name="Log" owner="BuiltIn">
<msg time="2024-05-19T23:15:46.987858" level="INFO">{'gender': 'female', 'name': {'title': 'Ms', 'first': 'Veera', 'last': 'Hanninen'}, 'location': {'street': {'number': 9643, 'name': 'Visiokatu'}, 'city': 'Sauvo', 'state': 'Tavastia Proper', 'country': 'Finland', 'postcode': 45507, 'coordinates': {'latitude': '-22.6156', 'longitude': '56.3113'}, 'timezone': {'offset': '+5:00', 'description': 'Ekaterinburg, Islamabad, Karachi, Tashkent'}}, 'email': 'veera.hanninen@example.com', 'login': {'uuid': 'e1eaffcd-652d-4c39-b96b-18fc205de114', 'username': 'sadbird590', 'password': 'hidden', 'salt': 'uj2XoMCJ', 'md5': '1b773943ec7cd412118de4345eca7250', 'sha1': '713d83a751cd63d065b7b1207dc23979336dae82', 'sha256': '3f38ffef556f2a72de480415512bbb19f37d63d8da8937eb11efa1e0885f4045'}, 'dob': {'date': '2000-09-15T16:40:11.525Z', 'age': 23}, 'registered': {'date': '2017-11-16T06:47:51.458Z', 'age': 6}, 'phone': '02-389-102', 'cell': '046-917-17-96', 'id': {'name': 'HETU', 'value': 'NaNNA136undefined'}, 'picture': {'large': 'https://randomuser.me/api/portraits/women/17.jpg', 'medium': 'https://randomuser.me/api/portraits/med/women/17.jpg', 'thumbnail': 'https://randomuser.me/api/portraits/thumb/women/17.jpg'}, 'nat': 'FI'}</msg>
<arg>${json_data['results'][0]}</arg>
<doc>Logs the given message with the given level.</doc>
<status status="PASS" start="2024-05-19T23:15:46.987503" elapsed="0.000406"/>
</kw>
<kw name="Log" owner="BuiltIn">
<msg time="2024-05-19T23:15:46.988329" level="INFO">email</msg>
<arg>${key}</arg>
<doc>Logs the given message with the given level.</doc>
<status status="PASS" start="2024-05-19T23:15:46.988202" elapsed="0.000164"/>
</kw>
<var name="${key}">email</var>
<status status="PASS" start="2024-05-19T23:15:46.986632" elapsed="0.001947"/>
</iter>
<iter>
<kw name="Dictionary Should Contain Key" owner="Collections">
<msg time="2024-05-19T23:15:46.989247" level="INFO">False</msg>
<arg>${json_data['results'][0]}</arg>
<arg>${key}</arg>
<doc>Fails if ``key`` is not found from ``dictionary``.</doc>
<status status="PASS" start="2024-05-19T23:15:46.988863" elapsed="0.000421"/>
</kw>
<kw name="Log" owner="BuiltIn">
<msg time="2024-05-19T23:15:46.989940" level="INFO">{'gender': 'female', 'name': {'title': 'Ms', 'first': 'Veera', 'last': 'Hanninen'}, 'location': {'street': {'number': 9643, 'name': 'Visiokatu'}, 'city': 'Sauvo', 'state': 'Tavastia Proper', 'country': 'Finland', 'postcode': 45507, 'coordinates': {'latitude': '-22.6156', 'longitude': '56.3113'}, 'timezone': {'offset': '+5:00', 'description': 'Ekaterinburg, Islamabad, Karachi, Tashkent'}}, 'email': 'veera.hanninen@example.com', 'login': {'uuid': 'e1eaffcd-652d-4c39-b96b-18fc205de114', 'username': 'sadbird590', 'password': 'hidden', 'salt': 'uj2XoMCJ', 'md5': '1b773943ec7cd412118de4345eca7250', 'sha1': '713d83a751cd63d065b7b1207dc23979336dae82', 'sha256': '3f38ffef556f2a72de480415512bbb19f37d63d8da8937eb11efa1e0885f4045'}, 'dob': {'date': '2000-09-15T16:40:11.525Z', 'age': 23}, 'registered': {'date': '2017-11-16T06:47:51.458Z', 'age': 6}, 'phone': '02-389-102', 'cell': '046-917-17-96', 'id': {'name': 'HETU', 'value': 'NaNNA136undefined'}, 'picture': {'large': 'https://randomuser.me/api/portraits/women/17.jpg', 'medium': 'https://randomuser.me/api/portraits/med/women/17.jpg', 'thumbnail': 'https://randomuser.me/api/portraits/thumb/women/17.jpg'}, 'nat': 'FI'}</msg>
<arg>${json_data['results'][0]}</arg>
<doc>Logs the given message with the given level.</doc>
<status status="PASS" start="2024-05-19T23:15:46.989576" elapsed="0.000411"/>
</kw>
<kw name="Log" owner="BuiltIn">
<msg time="2024-05-19T23:15:46.990411" level="INFO">login</msg>
<arg>${key}</arg>
<doc>Logs the given message with the given level.</doc>
<status status="PASS" start="2024-05-19T23:15:46.990284" elapsed="0.000164"/>
</kw>
<var name="${key}">login</var>
<status status="PASS" start="2024-05-19T23:15:46.988753" elapsed="0.001939"/>
</iter>
<var>${key}</var>
<value>@{expected_keys}</value>
<status status="PASS" start="2024-05-19T23:15:46.980012" elapsed="0.010806"/>
</for>
<kw name="Create List" owner="BuiltIn">
<msg time="2024-05-19T23:15:46.991147" level="INFO">${expected_keysTwo} = ['username', 'password']</msg>
<var>${expected_keysTwo}</var>
<arg>username</arg>
<arg>password</arg>
<doc>Returns a list containing given items.</doc>
<status status="PASS" start="2024-05-19T23:15:46.991011" elapsed="0.000160"/>
</kw>
<for flavor="IN">
<iter>
<kw name="Dictionary Should Contain Key" owner="Collections">
<msg time="2024-05-19T23:15:46.992105" level="INFO">False</msg>
<arg>${json_data['results'][0]['login']}</arg>
<arg>${keyTwo}</arg>
<doc>Fails if ``key`` is not found from ``dictionary``.</doc>
<status status="PASS" start="2024-05-19T23:15:46.991718" elapsed="0.000443"/>
</kw>
<kw name="Dictionary Should Contain Key" owner="Collections">
<msg time="2024-05-19T23:15:46.992842" level="INFO">False</msg>
<arg>${json_data['results'][0]['login']}</arg>
<arg>${keyTwo}</arg>
<doc>Fails if ``key`` is not found from ``dictionary``.</doc>
<status status="PASS" start="2024-05-19T23:15:46.992466" elapsed="0.000412"/>
</kw>
<kw name="Log" owner="BuiltIn">
<msg time="2024-05-19T23:15:46.993292" level="INFO">username</msg>
<arg>${keyTwo}</arg>
<doc>Logs the given message with the given level.</doc>
<status status="PASS" start="2024-05-19T23:15:46.993169" elapsed="0.000165"/>
</kw>
<var name="${keyTwo}">username</var>
<status status="PASS" start="2024-05-19T23:15:46.991609" elapsed="0.001940"/>
</iter>
<iter>
<kw name="Dictionary Should Contain Key" owner="Collections">
<msg time="2024-05-19T23:15:46.994285" level="INFO">False</msg>
<arg>${json_data['results'][0]['login']}</arg>
<arg>${keyTwo}</arg>
<doc>Fails if ``key`` is not found from ``dictionary``.</doc>
<status status="PASS" start="2024-05-19T23:15:46.993825" elapsed="0.000500"/>
</kw>
<kw name="Dictionary Should Contain Key" owner="Collections">
<msg time="2024-05-19T23:15:46.995004" level="INFO">False</msg>
<arg>${json_data['results'][0]['login']}</arg>
<arg>${keyTwo}</arg>
<doc>Fails if ``key`` is not found from ``dictionary``.</doc>
<status status="PASS" start="2024-05-19T23:15:46.994626" elapsed="0.000414"/>
</kw>
<kw name="Log" owner="BuiltIn">
<msg time="2024-05-19T23:15:46.995501" level="INFO">password</msg>
<arg>${keyTwo}</arg>
<doc>Logs the given message with the given level.</doc>
<status status="PASS" start="2024-05-19T23:15:46.995370" elapsed="0.000168"/>
</kw>
<var name="${keyTwo}">password</var>
<status status="PASS" start="2024-05-19T23:15:46.993717" elapsed="0.002038"/>
</iter>
<var>${keyTwo}</var>
<value>@{expected_keysTwo}</value>
<status status="PASS" start="2024-05-19T23:15:46.991450" elapsed="0.004426"/>
</for>
<status status="PASS" start="2024-05-19T23:15:46.890618" elapsed="0.105397"/>
</kw>
<doc>Testa a estrutura da resposta da API.</doc>
<tag>testeEstruturaResposta</tag>
<status status="PASS" start="2024-05-19T23:15:46.890013" elapsed="0.106151"/>
</test>
<test id="s1-s1-t4" name="Validar tipos de dados" line="28">
<kw name="Teste de Tipos de Dados" owner="random-user-service">
<kw name="GET On Session" owner="RequestsLibrary">
<msg time="2024-05-19T23:15:47.096215" level="INFO">GET Request : url=https://randomuser.me/api 
 path_url=/api 
 headers={'User-Agent': 'python-requests/2.31.0', 'Accept-Encoding': 'gzip, deflate', 'Accept': '*/*', 'Connection': 'keep-alive'} 
 body=None 
 </msg>
<msg time="2024-05-19T23:15:47.096302" level="INFO">GET Response : url=https://randomuser.me/api 
 status=200, reason=OK 
 headers={'Date': 'Sun, 19 May 2024 23:15:47 GMT', 'Content-Type': 'application/json; charset=utf-8', 'Transfer-Encoding': 'chunked', 'Connection': 'keep-alive', 'X-Powered-By': 'Express', 'Access-Control-Allow-Origin': '*', 'Cache-Control': 'no-cache', 'ETag': 'W/"47a-PKaQcAibtFkr7sGNleUskADcvJM"', 'Vary': 'Accept-Encoding', 'Content-Encoding': 'gzip', 'CF-Cache-Status': 'DYNAMIC', 'Report-To': '{"endpoints":[{"url":"https:\\/\\/a.nel.cloudflare.com\\/report\\/v4?s=OPW3og0dFlU7oNyFJ7CZx2zXAr%2BWU16jymj8BSAR6JyQGAenyRKrJwded%2FNfphOWdmDd9tnhQ57E%2FRvIoeRKrhq1w1Dn3a4I%2Bb5wkWeZwJROnsAjsUjp7vQ%2FIuJdbjW9"}],"group":"cf-nel","max_age":604800}', 'NEL': '{"success_fraction":0,"report_to":"cf-nel","max_age":604800}', 'Server': 'cloudflare', 'CF-RAY': '8867ca7acd4d9c5e-IAD', 'alt-svc': 'h3=":443"; ma=86400'} 
 body={"results":[{"gender":"female","name":{"title":"Mrs","first":"Kaitlin","last":"Phillips"},"location":{"street":{"number":6519,"name":"Green Lane"},"city":"Loughrea","state":"Cork City","country":"Ireland","postcode":56579,"coordinates":{"latitude":"3.6182","longitude":"135.7009"},"timezone":{"offset":"+5:45","description":"Kathmandu"}},"email":"kaitlin.phillips@example.com","login":{"uuid":"8b7ca492-8ebd-40e8-a124-a3fb4b0162dd","username":"crazyostrich317","password":"bell","salt":"5S1d5H3f","md5":"2ac5e76b99f883b938bb193aff3d572e","sha1":"c5b298f989263beb3656ba76739980e5cffdb505","sha256":"38825780be13604e757b8232e2a251b946a6df7f98ba1e3936623f2eabcd2e87"},"dob":{"date":"1998-07-02T12:35:23.891Z","age":25},"registered":{"date":"2016-07-25T07:52:31.023Z","age":7},"phone":"051-014-1888","cell":"081-800-7321","id":{"name":"PPS","value":"5055293T"},"picture":{"large":"https://randomuser.me/api/portraits/women/27.jpg","medium":"https://randomuser.me/api/portraits/med/women/27.jpg","thumbnail":"https://randomuser.me/api/portraits/thumb/women/27.jpg"},"nat":"IE"}],"info":{"seed":"e51360578b6f0e40","results":1,"page":1,"version":"1.4"}} 
 </msg>
<msg time="2024-05-19T23:15:47.096359" level="INFO">/opt/hostedtoolcache/Python/3.12.3/x64/lib/python3.12/site-packages/urllib3/connectionpool.py:1103: InsecureRequestWarning: Unverified HTTPS request is being made to host 'randomuser.me'. Adding certificate verification is strongly advised. See: https://urllib3.readthedocs.io/en/latest/advanced-usage.html#tls-warnings
  warnings.warn(</msg>
<msg time="2024-05-19T23:15:47.096457" level="INFO">${response} = &lt;Response [200]&gt;</msg>
<var>${response}</var>
<arg>consultarAPI</arg>
<arg>/api</arg>
<doc>Sends a GET request on a previously created HTTP Session.</doc>
<status status="PASS" start="2024-05-19T23:15:46.998661" elapsed="0.097836"/>
</kw>
<kw name="Set Variable" owner="BuiltIn">
<msg time="2024-05-19T23:15:47.097576" level="INFO">${json_data} = {'results': [{'gender': 'female', 'name': {'title': 'Mrs', 'first': 'Kaitlin', 'last': 'Phillips'}, 'location': {'street': {'number': 6519, 'name': 'Green Lane'}, 'city': 'Loughrea', 'state': 'Cork Ci...</msg>
<var>${json_data}</var>
<arg>${response.json()}</arg>
<doc>Returns the given values which can then be assigned to a variables.</doc>
<status status="PASS" start="2024-05-19T23:15:47.097013" elapsed="0.000591"/>
</kw>
<kw name="Log" owner="BuiltIn">
<msg time="2024-05-19T23:15:47.098065" level="INFO">{'results': [{'gender': 'female', 'name': {'title': 'Mrs', 'first': 'Kaitlin', 'last': 'Phillips'}, 'location': {'street': {'number': 6519, 'name': 'Green Lane'}, 'city': 'Loughrea', 'state': 'Cork City', 'country': 'Ireland', 'postcode': 56579, 'coordinates': {'latitude': '3.6182', 'longitude': '135.7009'}, 'timezone': {'offset': '+5:45', 'description': 'Kathmandu'}}, 'email': 'kaitlin.phillips@example.com', 'login': {'uuid': '8b7ca492-8ebd-40e8-a124-a3fb4b0162dd', 'username': 'crazyostrich317', 'password': 'bell', 'salt': '5S1d5H3f', 'md5': '2ac5e76b99f883b938bb193aff3d572e', 'sha1': 'c5b298f989263beb3656ba76739980e5cffdb505', 'sha256': '38825780be13604e757b8232e2a251b946a6df7f98ba1e3936623f2eabcd2e87'}, 'dob': {'date': '1998-07-02T12:35:23.891Z', 'age': 25}, 'registered': {'date': '2016-07-25T07:52:31.023Z', 'age': 7}, 'phone': '051-014-1888', 'cell': '081-800-7321', 'id': {'name': 'PPS', 'value': '5055293T'}, 'picture': {'large': 'https://randomuser.me/api/portraits/women/27.jpg', 'medium': 'https://randomuser.me/api/portraits/med/women/27.jpg', 'thumbnail': 'https://randomuser.me/api/portraits/thumb/women/27.jpg'}, 'nat': 'IE'}], 'info': {'seed': 'e51360578b6f0e40', 'results': 1, 'page': 1, 'version': '1.4'}}</msg>
<arg>${json_data}</arg>
<doc>Logs the given message with the given level.</doc>
<status status="PASS" start="2024-05-19T23:15:47.097914" elapsed="0.000230"/>
</kw>
<kw name="Should Be String" owner="String">
<arg>${json_data['results'][0]['gender']}</arg>
<doc>Fails if the given ``item`` is not a string.</doc>
<status status="PASS" start="2024-05-19T23:15:47.098441" elapsed="0.000366"/>
</kw>
<kw name="Should Match Regexp" owner="BuiltIn">
<arg>${json_data['results'][0]['email']}</arg>
<arg>^[a-zA-Z0-9._%+-]+@[a-zA-Z0-9.-]+\.[a-zA-Z]{2,}$</arg>
<doc>Fails if ``string`` does not match ``pattern`` as a regular expression.</doc>
<status status="PASS" start="2024-05-19T23:15:47.099000" elapsed="0.000554"/>
</kw>
<kw name="Should Match Regexp" owner="BuiltIn">
<arg>${json_data['results'][0]['dob']['date']}</arg>
<arg>\\d{4}-\\d{2}-\\d{2}T\\d{2}:\\d{2}:\\d{2}\\.\\d{3}Z</arg>
<doc>Fails if ``string`` does not match ``pattern`` as a regular expression.</doc>
<status status="PASS" start="2024-05-19T23:15:47.099753" elapsed="0.000491"/>
</kw>
<kw name="Should Match Regexp" owner="BuiltIn">
<arg>${json_data['results'][0]['registered']['date']}</arg>
<arg>\\d{4}-\\d{2}-\\d{2}T\\d{2}:\\d{2}:\\d{2}\\.\\d{3}Z</arg>
<doc>Fails if ``string`` does not match ``pattern`` as a regular expression.</doc>
<status status="PASS" start="2024-05-19T23:15:47.100438" elapsed="0.000368"/>
</kw>
<kw name="Should Match Regexp" owner="BuiltIn">
<arg>${json_data['results'][0]['picture']['large']}</arg>
<arg>^https?://.*\.(?:png|jpe?g|gif|bmp)$</arg>
<doc>Fails if ``string`` does not match ``pattern`` as a regular expression.</doc>
<status status="PASS" start="2024-05-19T23:15:47.101004" elapsed="0.000455"/>
</kw>
<kw name="Should Match Regexp" owner="BuiltIn">
<arg>${json_data['results'][0]['picture']['medium']}</arg>
<arg>^https?://.*\.(?:png|jpe?g|gif|bmp)$</arg>
<doc>Fails if ``string`` does not match ``pattern`` as a regular expression.</doc>
<status status="PASS" start="2024-05-19T23:15:47.101646" elapsed="0.000353"/>
</kw>
<kw name="Should Match Regexp" owner="BuiltIn">
<arg>${json_data['results'][0]['picture']['thumbnail']}</arg>
<arg>^https?://.*\.(?:png|jpe?g|gif|bmp)$</arg>
<doc>Fails if ``string`` does not match ``pattern`` as a regular expression.</doc>
<status status="PASS" start="2024-05-19T23:15:47.102195" elapsed="0.000346"/>
</kw>
<kw name="Log" owner="BuiltIn">
<msg time="2024-05-19T23:15:47.103040" level="INFO">{'large': 'https://randomuser.me/api/portraits/women/27.jpg', 'medium': 'https://randomuser.me/api/portraits/med/women/27.jpg', 'thumbnail': 'https://randomuser.me/api/portraits/thumb/women/27.jpg'}</msg>
<arg>${json_data['results'][0]['picture']}</arg>
<doc>Logs the given message with the given level.</doc>
<status status="PASS" start="2024-05-19T23:15:47.102718" elapsed="0.000362"/>
</kw>
<status status="PASS" start="2024-05-19T23:15:46.998437" elapsed="0.104923"/>
</kw>
<kw name="Teste de Tipos de Dados - Postcode" owner="random-user-service">
<kw name="GET On Session" owner="RequestsLibrary">
<msg time="2024-05-19T23:15:47.177422" level="INFO">GET Request : url=https://randomuser.me/api 
 path_url=/api 
 headers={'User-Agent': 'python-requests/2.31.0', 'Accept-Encoding': 'gzip, deflate', 'Accept': '*/*', 'Connection': 'keep-alive'} 
 body=None 
 </msg>
<msg time="2024-05-19T23:15:47.177486" level="INFO">GET Response : url=https://randomuser.me/api 
 status=200, reason=OK 
 headers={'Date': 'Sun, 19 May 2024 23:15:47 GMT', 'Content-Type': 'application/json; charset=utf-8', 'Transfer-Encoding': 'chunked', 'Connection': 'keep-alive', 'X-Powered-By': 'Express', 'Access-Control-Allow-Origin': '*', 'Cache-Control': 'no-cache', 'ETag': 'W/"48a-gAGjC2lSd+5MXV5WI7LLLkZdsYw"', 'Vary': 'Accept-Encoding', 'Content-Encoding': 'gzip', 'CF-Cache-Status': 'DYNAMIC', 'Report-To': '{"endpoints":[{"url":"https:\\/\\/a.nel.cloudflare.com\\/report\\/v4?s=KupjU2PB0lv1eAbtaiH3E8uIbbzpHV8skZIDQ%2FEq3Nx5Yi%2FIfHcKpAbiyso3aicW1nQYaNTP2hL4%2BY9LEt07HwtBQWHt8XR5jqaCyuuC8hmkVpTQNQgn8ieDmRRNwGn%2F"}],"group":"cf-nel","max_age":604800}', 'NEL': '{"success_fraction":0,"report_to":"cf-nel","max_age":604800}', 'Server': 'cloudflare', 'CF-RAY': '8867ca7b6e079c5e-IAD', 'alt-svc': 'h3=":443"; ma=86400'} 
 body={"results":[{"gender":"male","name":{"title":"Mr","first":"Oğuzhan","last":"Sezek"},"location":{"street":{"number":5258,"name":"Atatürk Sk"},"city":"Van","state":"Kocaeli","country":"Turkey","postcode":11600,"coordinates":{"latitude":"65.4802","longitude":"-169.8334"},"timezone":{"offset":"0:00","description":"Western Europe Time, London, Lisbon, Casablanca"}},"email":"oguzhan.sezek@example.com","login":{"uuid":"cb780c80-b063-44d1-9268-d60b60a7af43","username":"greenleopard865","password":"bronco","salt":"TayotZhv","md5":"a2d259811e06f5f4dcef53fe3754ce88","sha1":"51bb6baf71e125c2c9e8699b00b543a937e146b7","sha256":"bd9fa57dcfad873d72b889451d760aee411158bc311b2ee88590370e34a745f5"},"dob":{"date":"1967-03-01T06:21:41.696Z","age":57},"registered":{"date":"2003-03-15T05:25:03.727Z","age":21},"phone":"(306)-469-2213","cell":"(740)-140-9652","id":{"name":"","value":null},"picture":{"large":"https://randomuser.me/api/portraits/men/70.jpg","medium":"https://randomuser.me/api/portraits/med/men/70.jpg","thumbnail":"https://randomuser.me/api/portraits/thumb/men/70.jpg"},"nat":"TR"}],"info":{"seed":"e446a45a56446e8f","results":1,"page":1,"version":"1.4"}} 
 </msg>
<msg time="2024-05-19T23:15:47.177547" level="INFO">/opt/hostedtoolcache/Python/3.12.3/x64/lib/python3.12/site-packages/urllib3/connectionpool.py:1103: InsecureRequestWarning: Unverified HTTPS request is being made to host 'randomuser.me'. Adding certificate verification is strongly advised. See: https://urllib3.readthedocs.io/en/latest/advanced-usage.html#tls-warnings
  warnings.warn(</msg>
<msg time="2024-05-19T23:15:47.177645" level="INFO">${response} = &lt;Response [200]&gt;</msg>
<var>${response}</var>
<arg>consultarAPI</arg>
<arg>/api</arg>
<doc>Sends a GET request on a previously created HTTP Session.</doc>
<status status="PASS" start="2024-05-19T23:15:47.103794" elapsed="0.073890"/>
</kw>
<kw name="Set Variable" owner="BuiltIn">
<msg time="2024-05-19T23:15:47.178789" level="INFO">${json_data} = {'results': [{'gender': 'male', 'name': {'title': 'Mr', 'first': 'Oğuzhan', 'last': 'Sezek'}, 'location': {'street': {'number': 5258, 'name': 'Atatürk Sk'}, 'city': 'Van', 'state': 'Kocaeli', 'country...</msg>
<var>${json_data}</var>
<arg>${response.json()}</arg>
<doc>Returns the given values which can then be assigned to a variables.</doc>
<status status="PASS" start="2024-05-19T23:15:47.178158" elapsed="0.000661"/>
</kw>
<kw name="Log" owner="BuiltIn">
<msg time="2024-05-19T23:15:47.179327" level="INFO">{'results': [{'gender': 'male', 'name': {'title': 'Mr', 'first': 'Oğuzhan', 'last': 'Sezek'}, 'location': {'street': {'number': 5258, 'name': 'Atatürk Sk'}, 'city': 'Van', 'state': 'Kocaeli', 'country': 'Turkey', 'postcode': 11600, 'coordinates': {'latitude': '65.4802', 'longitude': '-169.8334'}, 'timezone': {'offset': '0:00', 'description': 'Western Europe Time, London, Lisbon, Casablanca'}}, 'email': 'oguzhan.sezek@example.com', 'login': {'uuid': 'cb780c80-b063-44d1-9268-d60b60a7af43', 'username': 'greenleopard865', 'password': 'bronco', 'salt': 'TayotZhv', 'md5': 'a2d259811e06f5f4dcef53fe3754ce88', 'sha1': '51bb6baf71e125c2c9e8699b00b543a937e146b7', 'sha256': 'bd9fa57dcfad873d72b889451d760aee411158bc311b2ee88590370e34a745f5'}, 'dob': {'date': '1967-03-01T06:21:41.696Z', 'age': 57}, 'registered': {'date': '2003-03-15T05:25:03.727Z', 'age': 21}, 'phone': '(306)-469-2213', 'cell': '(740)-140-9652', 'id': {'name': '', 'value': None}, 'picture': {'large': 'https://randomuser.me/api/portraits/men/70.jpg', 'medium': 'https://randomuser.me/api/portraits/med/men/70.jpg', 'thumbnail': 'https://randomuser.me/api/portraits/thumb/men/70.jpg'}, 'nat': 'TR'}], 'info': {'seed': 'e446a45a56446e8f', 'results': 1, 'page': 1, 'version': '1.4'}}</msg>
<arg>${json_data}</arg>
<doc>Logs the given message with the given level.</doc>
<status status="PASS" start="2024-05-19T23:15:47.179135" elapsed="0.000274"/>
</kw>
<kw name="Should Be Equal As Numbers" owner="BuiltIn">
<arg>${json_data['results'][0]['location']['postcode']}</arg>
<arg>${json_data['results'][0]['location']['postcode']}</arg>
<doc>Fails if objects are unequal after converting them to real numbers.</doc>
<status status="PASS" start="2024-05-19T23:15:47.179885" elapsed="0.000623"/>
</kw>
<kw name="Log" owner="BuiltIn">
<msg time="2024-05-19T23:15:47.181030" level="INFO">11600</msg>
<arg>${json_data['results'][0]['location']['postcode']}</arg>
<doc>Logs the given message with the given level.</doc>
<status status="PASS" start="2024-05-19T23:15:47.180698" elapsed="0.000371"/>
</kw>
<status status="PASS" start="2024-05-19T23:15:47.103577" elapsed="0.077740"/>
</kw>
<doc>Testa se os tipos de dados na resposta da API estão corretos.</doc>
<tag>testeTiposDados</tag>
<status status="PASS" start="2024-05-19T23:15:46.997892" elapsed="0.183586"/>
</test>
<test id="s1-s1-t5" name="Validar conteudo" line="35">
<kw name="Teste de Tipos de Conteudo" owner="random-user-service">
<kw name="GET On Session" owner="RequestsLibrary">
<msg time="2024-05-19T23:15:47.279057" level="INFO">GET Request : url=https://randomuser.me/api 
 path_url=/api 
 headers={'User-Agent': 'python-requests/2.31.0', 'Accept-Encoding': 'gzip, deflate', 'Accept': '*/*', 'Connection': 'keep-alive'} 
 body=None 
 </msg>
<msg time="2024-05-19T23:15:47.279139" level="INFO">GET Response : url=https://randomuser.me/api 
 status=200, reason=OK 
 headers={'Date': 'Sun, 19 May 2024 23:15:47 GMT', 'Content-Type': 'application/json; charset=utf-8', 'Transfer-Encoding': 'chunked', 'Connection': 'keep-alive', 'X-Powered-By': 'Express', 'Access-Control-Allow-Origin': '*', 'Cache-Control': 'no-cache', 'ETag': 'W/"4af-I6gBT1Aegb4yC0Ymm074JIsGZUI"', 'Vary': 'Accept-Encoding', 'Content-Encoding': 'gzip', 'CF-Cache-Status': 'DYNAMIC', 'Report-To': '{"endpoints":[{"url":"https:\\/\\/a.nel.cloudflare.com\\/report\\/v4?s=A5ZUe9Jcx8ucBKc7oxX13zlWoGEzNH%2Fs6ctAO9H4rozdBYbYextnQD5xWu59cM82NdPERy0RegVxuytrzOI2VwUGk8CriIvrOamMzpsM19qeNw%2Bym%2Fc0M2wIPcjCaYiJ"}],"group":"cf-nel","max_age":604800}', 'NEL': '{"success_fraction":0,"report_to":"cf-nel","max_age":604800}', 'Server': 'cloudflare', 'CF-RAY': '8867ca7bee8a9c5e-IAD', 'alt-svc': 'h3=":443"; ma=86400'} 
 body={"results":[{"gender":"female","name":{"title":"Miss","first":"Delilah","last":"Widdershoven"},"location":{"street":{"number":5839,"name":"Gerechtshoeve"},"city":"Ballum","state":"Zuid-Holland","country":"Netherlands","postcode":"2882 XC","coordinates":{"latitude":"38.2233","longitude":"64.2092"},"timezone":{"offset":"+10:00","description":"Eastern Australia, Guam, Vladivostok"}},"email":"delilah.widdershoven@example.com","login":{"uuid":"3f2f991f-55fe-433a-8032-8b430c6c68c1","username":"blackleopard720","password":"chiquita","salt":"w93poOcd","md5":"d92a0326e949d7dc70fde15f1ea32656","sha1":"8a49e6846c1354616d213030981eff5745ee7dda","sha256":"85fbc940e662d190c2c5449add88748e1d74957cec0035dec622afb7f64deaee"},"dob":{"date":"1961-06-22T00:49:26.686Z","age":62},"registered":{"date":"2006-10-19T01:57:46.060Z","age":17},"phone":"(073) 7357199","cell":"(06) 29191708","id":{"name":"BSN","value":"96442649"},"picture":{"large":"https://randomuser.me/api/portraits/women/1.jpg","medium":"https://randomuser.me/api/portraits/med/women/1.jpg","thumbnail":"https://randomuser.me/api/portraits/thumb/women/1.jpg"},"nat":"NL"}],"info":{"seed":"22c12165ee1c6a96","results":1,"page":1,"version":"1.4"}} 
 </msg>
<msg time="2024-05-19T23:15:47.279246" level="INFO">/opt/hostedtoolcache/Python/3.12.3/x64/lib/python3.12/site-packages/urllib3/connectionpool.py:1103: InsecureRequestWarning: Unverified HTTPS request is being made to host 'randomuser.me'. Adding certificate verification is strongly advised. See: https://urllib3.readthedocs.io/en/latest/advanced-usage.html#tls-warnings
  warnings.warn(</msg>
<msg time="2024-05-19T23:15:47.279377" level="INFO">${response} = &lt;Response [200]&gt;</msg>
<var>${response}</var>
<arg>consultarAPI</arg>
<arg>/api</arg>
<doc>Sends a GET request on a previously created HTTP Session.</doc>
<status status="PASS" start="2024-05-19T23:15:47.183852" elapsed="0.095566"/>
</kw>
<kw name="Set Variable" owner="BuiltIn">
<msg time="2024-05-19T23:15:47.280458" level="INFO">${json_data} = {'results': [{'gender': 'female', 'name': {'title': 'Miss', 'first': 'Delilah', 'last': 'Widdershoven'}, 'location': {'street': {'number': 5839, 'name': 'Gerechtshoeve'}, 'city': 'Ballum', 'state': 'Z...</msg>
<var>${json_data}</var>
<arg>${response.json()}</arg>
<doc>Returns the given values which can then be assigned to a variables.</doc>
<status status="PASS" start="2024-05-19T23:15:47.279927" elapsed="0.000560"/>
</kw>
<kw name="Set Variable" owner="BuiltIn">
<msg time="2024-05-19T23:15:47.281177" level="INFO">${name_title} = Miss</msg>
<var>${name_title}</var>
<arg>${json_data["results"][0]["name"]["title"]}</arg>
<doc>Returns the given values which can then be assigned to a variables.</doc>
<status status="PASS" start="2024-05-19T23:15:47.280792" elapsed="0.000411"/>
</kw>
<kw name="Create List" owner="BuiltIn">
<msg time="2024-05-19T23:15:47.281656" level="INFO">${allowed_titles} = ['Mr', 'Ms', 'Miss', 'Mrs', 'Madame', 'Monsieur']</msg>
<var>${allowed_titles}</var>
<arg>Mr</arg>
<arg>Ms</arg>
<arg>Miss</arg>
<arg>Mrs</arg>
<arg>Madame</arg>
<arg>Monsieur</arg>
<doc>Returns a list containing given items.</doc>
<status status="PASS" start="2024-05-19T23:15:47.281508" elapsed="0.000172"/>
</kw>
<kw name="List Should Contain Value" owner="Collections">
<msg time="2024-05-19T23:15:47.282152" level="INFO">False</msg>
<arg>${allowed_titles}</arg>
<arg>${name_title}</arg>
<doc>Fails if the ``value`` is not found from ``list``.</doc>
<status status="PASS" start="2024-05-19T23:15:47.281978" elapsed="0.000210"/>
</kw>
<kw name="Set Variable" owner="BuiltIn">
<msg time="2024-05-19T23:15:47.282874" level="INFO">${name_country} = NL</msg>
<var>${name_country}</var>
<arg>${json_data["results"][0]["nat"]}</arg>
<doc>Returns the given values which can then be assigned to a variables.</doc>
<status status="PASS" start="2024-05-19T23:15:47.282485" elapsed="0.000414"/>
</kw>
<kw name="Create List" owner="BuiltIn">
<msg time="2024-05-19T23:15:47.283849" level="INFO">${list_country} = ['AD', 'AE', 'AF', 'AG', 'AI', 'AL', 'AM', 'AO', 'AQ', 'AR', 'AS', 'AT', 'AU', 'AW', 'AX', 'AZ', 'BA', 'BB', 'BD', 'BE', 'BF', 'BG', 'BH', 'BI', 'BJ', 'BL', 'BM', 'BN', 'BO', 'BQ', 'BR', 'BS', 'BT', '...</msg>
<var>${list_country}</var>
<arg>AD</arg>
<arg>AE</arg>
<arg>AF</arg>
<arg>AG</arg>
<arg>AI</arg>
<arg>AL</arg>
<arg>AM</arg>
<arg>AO</arg>
<arg>AQ</arg>
<arg>AR</arg>
<arg>AS</arg>
<arg>AT</arg>
<arg>AU</arg>
<arg>AW</arg>
<arg>AX</arg>
<arg>AZ</arg>
<arg>BA</arg>
<arg>BB</arg>
<arg>BD</arg>
<arg>BE</arg>
<arg>BF</arg>
<arg>BG</arg>
<arg>BH</arg>
<arg>BI</arg>
<arg>BJ</arg>
<arg>BL</arg>
<arg>BM</arg>
<arg>BN</arg>
<arg>BO</arg>
<arg>BQ</arg>
<arg>BR</arg>
<arg>BS</arg>
<arg>BT</arg>
<arg>BV</arg>
<arg>BW</arg>
<arg>BY</arg>
<arg>BZ</arg>
<arg>CA</arg>
<arg>CC</arg>
<arg>CD</arg>
<arg>CF</arg>
<arg>CG</arg>
<arg>CH</arg>
<arg>CI</arg>
<arg>CK</arg>
<arg>CL</arg>
<arg>CM</arg>
<arg>CN</arg>
<arg>CO</arg>
<arg>CR</arg>
<arg>CU</arg>
<arg>CV</arg>
<arg>CW</arg>
<arg>CX</arg>
<arg>CY</arg>
<arg>CZ</arg>
<arg>DE</arg>
<arg>DJ</arg>
<arg>DK</arg>
<arg>DM</arg>
<arg>DO</arg>
<arg>DZ</arg>
<arg>EC</arg>
<arg>EE</arg>
<arg>EG</arg>
<arg>EH</arg>
<arg>ER</arg>
<arg>ES</arg>
<arg>ET</arg>
<arg>FI</arg>
<arg>FJ</arg>
<arg>FK</arg>
<arg>FM</arg>
<arg>FO</arg>
<arg>FR</arg>
<arg>GA</arg>
<arg>GB</arg>
<arg>GD</arg>
<arg>GE</arg>
<arg>GF</arg>
<arg>GG</arg>
<arg>GH</arg>
<arg>GI</arg>
<arg>GL</arg>
<arg>GM</arg>
<arg>GN</arg>
<arg>GP</arg>
<arg>GQ</arg>
<arg>GR</arg>
<arg>GS</arg>
<arg>GT</arg>
<arg>GU</arg>
<arg>GW</arg>
<arg>GY</arg>
<arg>HK</arg>
<arg>HM</arg>
<arg>HN</arg>
<arg>HR</arg>
<arg>HT</arg>
<arg>HU</arg>
<arg>ID</arg>
<arg>IE</arg>
<arg>IL</arg>
<arg>IM</arg>
<arg>IN</arg>
<arg>IO</arg>
<arg>IQ</arg>
<arg>IR</arg>
<arg>IS</arg>
<arg>IT</arg>
<arg>JE</arg>
<arg>JM</arg>
<arg>JO</arg>
<arg>JP</arg>
<arg>KE</arg>
<arg>KG</arg>
<arg>KH</arg>
<arg>KI</arg>
<arg>KM</arg>
<arg>KN</arg>
<arg>KP</arg>
<arg>KR</arg>
<arg>KW</arg>
<arg>KY</arg>
<arg>KZ</arg>
<arg>LA</arg>
<arg>LB</arg>
<arg>LC</arg>
<arg>LI</arg>
<arg>LK</arg>
<arg>LR</arg>
<arg>LS</arg>
<arg>LT</arg>
<arg>LU</arg>
<arg>LV</arg>
<arg>LY</arg>
<arg>MA</arg>
<arg>MC</arg>
<arg>MD</arg>
<arg>ME</arg>
<arg>MF</arg>
<arg>MG</arg>
<arg>MH</arg>
<arg>MK</arg>
<arg>ML</arg>
<arg>MM</arg>
<arg>MN</arg>
<arg>MO</arg>
<arg>MP</arg>
<arg>MQ</arg>
<arg>MR</arg>
<arg>MS</arg>
<arg>MT</arg>
<arg>MU</arg>
<arg>MV</arg>
<arg>MW</arg>
<arg>MX</arg>
<arg>MY</arg>
<arg>MZ</arg>
<arg>NA</arg>
<arg>NC</arg>
<arg>NE</arg>
<arg>NF</arg>
<arg>NG</arg>
<arg>NI</arg>
<arg>NL</arg>
<arg>NO</arg>
<arg>NP</arg>
<arg>NR</arg>
<arg>NU</arg>
<arg>NZ</arg>
<arg>OM</arg>
<arg>PA</arg>
<arg>PE</arg>
<arg>PF</arg>
<arg>PG</arg>
<arg>PH</arg>
<arg>PK</arg>
<arg>PL</arg>
<arg>PM</arg>
<arg>PN</arg>
<arg>PR</arg>
<arg>PS</arg>
<arg>PT</arg>
<arg>PW</arg>
<arg>PY</arg>
<arg>QA</arg>
<arg>RE</arg>
<arg>RO</arg>
<arg>RS</arg>
<arg>RU</arg>
<arg>RW</arg>
<arg>SA</arg>
<arg>SB</arg>
<arg>SC</arg>
<arg>SD</arg>
<arg>SE</arg>
<arg>SG</arg>
<arg>SH</arg>
<arg>SI</arg>
<arg>SJ</arg>
<arg>SK</arg>
<arg>SL</arg>
<arg>SM</arg>
<arg>SN</arg>
<arg>SO</arg>
<arg>SR</arg>
<arg>SS</arg>
<arg>ST</arg>
<arg>SV</arg>
<arg>SX</arg>
<arg>SY</arg>
<arg>SZ</arg>
<arg>TC</arg>
<arg>TD</arg>
<arg>TF</arg>
<arg>TG</arg>
<arg>TH</arg>
<arg>TJ</arg>
<arg>TK</arg>
<arg>TL</arg>
<arg>TM</arg>
<arg>TN</arg>
<arg>TO</arg>
<arg>TR</arg>
<arg>TT</arg>
<arg>TV</arg>
<arg>TW</arg>
<arg>TZ</arg>
<arg>UA</arg>
<arg>UG</arg>
<arg>UM</arg>
<arg>US</arg>
<arg>UY</arg>
<arg>UZ</arg>
<arg>VA</arg>
<arg>VC</arg>
<arg>VE</arg>
<arg>VG</arg>
<arg>VI</arg>
<arg>VN</arg>
<arg>VU</arg>
<arg>WF</arg>
<arg>WS</arg>
<arg>XK</arg>
<arg>YE</arg>
<arg>YT</arg>
<arg>ZA</arg>
<arg>ZM</arg>
<arg>ZW</arg>
<doc>Returns a list containing given items.</doc>
<status status="PASS" start="2024-05-19T23:15:47.283231" elapsed="0.000643"/>
</kw>
<kw name="List Should Contain Value" owner="Collections">
<msg time="2024-05-19T23:15:47.284862" level="INFO">False</msg>
<arg>${list_country}</arg>
<arg>${name_country}</arg>
<doc>Fails if the ``value`` is not found from ``list``.</doc>
<status status="PASS" start="2024-05-19T23:15:47.284659" elapsed="0.000239"/>
</kw>
<kw name="Run Keyword If" owner="BuiltIn">
<kw name="Should Be True" owner="BuiltIn">
<arg>${True}</arg>
<doc>Fails if the given condition is not true.</doc>
<status status="PASS" start="2024-05-19T23:15:47.285957" elapsed="0.000241"/>
</kw>
<arg>${json_data["results"][0]["location"]["coordinates"]["latitude"]} &gt;= -90 and ${json_data["results"][0]["location"]["coordinates"]["latitude"]} &lt;= 90</arg>
<arg>Should Be True</arg>
<arg>${True}</arg>
<doc>Runs the given keyword with the given arguments, if ``condition`` is true.</doc>
<status status="PASS" start="2024-05-19T23:15:47.285211" elapsed="0.001119"/>
</kw>
<kw name="Run Keyword If" owner="BuiltIn">
<kw name="Should Be True" owner="BuiltIn">
<arg>${True}</arg>
<doc>Fails if the given condition is not true.</doc>
<status status="PASS" start="2024-05-19T23:15:47.287238" elapsed="0.000149"/>
</kw>
<arg>${json_data["results"][0]["location"]["coordinates"]["longitude"]} &gt;= -180 and ${json_data["results"][0]["location"]["coordinates"]["longitude"]} &lt;= 180</arg>
<arg>Should Be True</arg>
<arg>${True}</arg>
<doc>Runs the given keyword with the given arguments, if ``condition`` is true.</doc>
<status status="PASS" start="2024-05-19T23:15:47.286519" elapsed="0.000992"/>
</kw>
<status status="PASS" start="2024-05-19T23:15:47.183634" elapsed="0.104006"/>
</kw>
<doc>Testa o conteúdo específico dos campos retornados pela API.</doc>
<tag>testeConteudo</tag>
<status status="PASS" start="2024-05-19T23:15:47.183191" elapsed="0.104591"/>
</test>
<status status="PASS" start="2024-05-19T23:15:46.495555" elapsed="0.794096"/>
</suite>
<status status="PASS" start="2024-05-19T23:15:46.481104" elapsed="0.813697"/>
</suite>
<statistics>
<total>
<stat pass="5" fail="0" skip="0">All Tests</stat>
</total>
<tag>
<stat pass="1" fail="0" skip="0">testeConteudo</stat>
<stat pass="1" fail="0" skip="0">testeEstruturaResposta</stat>
<stat pass="1" fail="0" skip="0">testeRequisicaoBasica</stat>
<stat pass="1" fail="0" skip="0">testeTiposDados</stat>
</tag>
<suite>
<stat pass="5" fail="0" skip="0" id="s1" name="Tests">Tests</stat>
<stat pass="5" fail="0" skip="0" id="s1-s1" name="Random-User-Test">Tests.Random-User-Test</stat>
</suite>
</statistics>
<errors>
</errors>
</robot>
