<?xml version="1.0" encoding="UTF-8"?>
<robot generator="Robot 7.0.1 (Python 3.12.4 on linux)" generated="2024-07-28T03:16:55.867689" rpa="false" schemaversion="5">
<suite id="s1" name="Tests" source="/home/runner/work/ApiRandomUser/ApiRandomUser/RamdonUser/tests">
<suite id="s1-s1" name="Random-User-Test" source="/home/runner/work/ApiRandomUser/ApiRandomUser/RamdonUser/tests/random-user-test.robot">
<test id="s1-s1-t1" name="Conectar" line="13">
<kw name="Conectar API" owner="random-user-service">
<kw name="Create Session" owner="RequestsLibrary">
<msg time="2024-07-28T03:16:56.282842" level="INFO">Creating Session using : alias=consultarAPI, url=https://randomuser.me/, headers={},                     cookies={}, auth=None, timeout=None, proxies=None, verify=False,                     debug=0 </msg>
<arg>consultarAPI</arg>
<arg>${URL}</arg>
<doc>Create Session: create a HTTP session to a server</doc>
<status status="PASS" start="2024-07-28T03:16:56.282634" elapsed="0.000401"/>
</kw>
<status status="PASS" start="2024-07-28T03:16:56.281543" elapsed="0.001911"/>
</kw>
<status status="PASS" start="2024-07-28T03:16:56.280962" elapsed="0.002692"/>
</test>
<test id="s1-s1-t2" name="Validar retorno 200 e JSON Válido" line="16">
<kw name="Teste de Requisicao Basica" owner="random-user-service">
<kw name="GET On Session" owner="RequestsLibrary">
<msg time="2024-07-28T03:16:58.398944" level="INFO">GET Request : url=https://randomuser.me/api 
 path_url=/api 
 headers={'User-Agent': 'python-requests/2.32.3', 'Accept-Encoding': 'gzip, deflate', 'Accept': '*/*', 'Connection': 'keep-alive'} 
 body=None 
 </msg>
<msg time="2024-07-28T03:16:58.399114" level="INFO">GET Response : url=https://randomuser.me/api 
 status=200, reason=OK 
 headers={'Date': 'Sun, 28 Jul 2024 03:16:58 GMT', 'Content-Type': 'application/json; charset=utf-8', 'Transfer-Encoding': 'chunked', 'Connection': 'keep-alive', 'X-Powered-By': 'Express', 'Access-Control-Allow-Origin': '*', 'Cache-Control': 'no-cache', 'ETag': 'W/"480-f45vFOYeE2JTVv5WzlHlDHkfNTM"', 'Vary': 'Accept-Encoding', 'Content-Encoding': 'gzip', 'CF-Cache-Status': 'DYNAMIC', 'Report-To': '{"endpoints":[{"url":"https:\\/\\/a.nel.cloudflare.com\\/report\\/v4?s=HoV2k41Nu4XaehWxE9NcjltFIfdeW6sHjzNPpcOu%2BWpSFl9wOA0ZZFSb%2FEND1Y8yX6Topw95as6xcqj8P1%2B4ZgWZPB4JIbzAASsjovg%2FgwS5TxLZVBgxEKZ7SUQSiaT2"}],"group":"cf-nel","max_age":604800}', 'NEL': '{"success_fraction":0,"report_to":"cf-nel","max_age":604800}', 'Server': 'cloudflare', 'CF-RAY': '8aa1b69d0e4ec97c-IAD', 'alt-svc': 'h3=":443"; ma=86400'} 
 body={"results":[{"gender":"male","name":{"title":"Mr","first":"Joshua","last":"Svenning"},"location":{"street":{"number":8181,"name":"Johan Hirsch' vei"},"city":"Frekhaug","state":"Akershus","country":"Norway","postcode":"2335","coordinates":{"latitude":"42.4979","longitude":"-80.6446"},"timezone":{"offset":"-8:00","description":"Pacific Time (US &amp; Canada)"}},"email":"joshua.svenning@example.com","login":{"uuid":"7d2d6303-df1c-480e-9375-bafc9cda0be5","username":"heavyfrog724","password":"cherry","salt":"20hVIa5L","md5":"5a2010e0a98517cbe92556efed7e8e66","sha1":"5e3af0513d25b5cd04957dab9d6a20fcc263e6cb","sha256":"102ffaef1ee66aa3b59a549cfd8ead4c3148e5cedd0680704b577004c2f95076"},"dob":{"date":"1980-07-22T10:36:58.597Z","age":44},"registered":{"date":"2022-02-02T14:12:41.874Z","age":2},"phone":"67860793","cell":"92500048","id":{"name":"FN","value":"22078014303"},"picture":{"large":"https://randomuser.me/api/portraits/men/79.jpg","medium":"https://randomuser.me/api/portraits/med/men/79.jpg","thumbnail":"https://randomuser.me/api/portraits/thumb/men/79.jpg"},"nat":"NO"}],"info":{"seed":"7a64077365fe9364","results":1,"page":1,"version":"1.4"}} 
 </msg>
<msg time="2024-07-28T03:16:58.399205" level="INFO">/opt/hostedtoolcache/Python/3.12.4/x64/lib/python3.12/site-packages/urllib3/connectionpool.py:1099: InsecureRequestWarning: Unverified HTTPS request is being made to host 'randomuser.me'. Adding certificate verification is strongly advised. See: https://urllib3.readthedocs.io/en/latest/advanced-usage.html#tls-warnings
  warnings.warn(</msg>
<msg time="2024-07-28T03:16:58.399385" level="INFO">${response} = &lt;Response [200]&gt;</msg>
<var>${response}</var>
<arg>consultarAPI</arg>
<arg>/api</arg>
<doc>Sends a GET request on a previously created HTTP Session.</doc>
<status status="PASS" start="2024-07-28T03:16:56.286389" elapsed="2.113040"/>
</kw>
<kw name="Should Be Equal As Numbers" owner="BuiltIn">
<msg time="2024-07-28T03:16:58.400535" level="INFO">Argument types are:
&lt;class 'int'&gt;
&lt;class 'str'&gt;</msg>
<arg>${response.status_code}</arg>
<arg>200</arg>
<doc>Fails if objects are unequal after converting them to real numbers.</doc>
<status status="PASS" start="2024-07-28T03:16:58.400052" elapsed="0.000551"/>
</kw>
<kw name="Log" owner="BuiltIn">
<msg time="2024-07-28T03:16:58.401273" level="INFO">200</msg>
<arg>${response.status_code}</arg>
<doc>Logs the given message with the given level.</doc>
<status status="PASS" start="2024-07-28T03:16:58.400919" elapsed="0.000396"/>
</kw>
<kw name="Set Variable" owner="BuiltIn">
<msg time="2024-07-28T03:16:58.402051" level="INFO">${json_data} = {'results': [{'gender': 'male', 'name': {'title': 'Mr', 'first': 'Joshua', 'last': 'Svenning'}, 'location': {'street': {'number': 8181, 'name': "Johan Hirsch' vei"}, 'city': 'Frekhaug', 'state': 'Aker...</msg>
<var>${json_data}</var>
<arg>${response.json()}</arg>
<doc>Returns the given values which can then be assigned to a variables.</doc>
<status status="PASS" start="2024-07-28T03:16:58.401620" elapsed="0.000459"/>
</kw>
<kw name="Dictionary Should Contain Key" owner="Collections">
<arg>${json_data}</arg>
<arg>results</arg>
<doc>Fails if ``key`` is not found from ``dictionary``.</doc>
<status status="PASS" start="2024-07-28T03:16:58.402387" elapsed="0.000351"/>
</kw>
<status status="PASS" start="2024-07-28T03:16:56.286092" elapsed="2.116801"/>
</kw>
<doc>Testa se a API responde corretamente e retorna um objeto JSON válido.</doc>
<tag>testeRequisicaoBasica</tag>
<status status="PASS" start="2024-07-28T03:16:56.285532" elapsed="2.117539"/>
</test>
<test id="s1-s1-t3" name="Validar estrutura de resposta" line="22">
<kw name="Teste de Estrutura de Resposta" owner="random-user-service">
<kw name="GET On Session" owner="RequestsLibrary">
<msg time="2024-07-28T03:16:58.732977" level="INFO">GET Request : url=https://randomuser.me/api 
 path_url=/api 
 headers={'User-Agent': 'python-requests/2.32.3', 'Accept-Encoding': 'gzip, deflate', 'Accept': '*/*', 'Connection': 'keep-alive'} 
 body=None 
 </msg>
<msg time="2024-07-28T03:16:58.733097" level="INFO">GET Response : url=https://randomuser.me/api 
 status=200, reason=OK 
 headers={'Date': 'Sun, 28 Jul 2024 03:16:58 GMT', 'Content-Type': 'application/json; charset=utf-8', 'Transfer-Encoding': 'chunked', 'Connection': 'keep-alive', 'X-Powered-By': 'Express', 'Access-Control-Allow-Origin': '*', 'Cache-Control': 'no-cache', 'ETag': 'W/"491-q4gMWz3F3LtwRbeNcs7Mw7USg4s"', 'Vary': 'Accept-Encoding', 'Content-Encoding': 'gzip', 'CF-Cache-Status': 'DYNAMIC', 'Report-To': '{"endpoints":[{"url":"https:\\/\\/a.nel.cloudflare.com\\/report\\/v4?s=SnU%2Bj1ZZ6l88%2BEjBZBw6KZa3PVSk3ckQth5%2Bh%2FFzkESNFs8jm%2FKkKjNXqP90HteaHzDVFlOKXnVkbNMjoRWfxmdN6J2SvP2x5q8VuUD%2BnanuSomjYb4aruPa1feATT%2Fz"}],"group":"cf-nel","max_age":604800}', 'NEL': '{"success_fraction":0,"report_to":"cf-nel","max_age":604800}', 'Server': 'cloudflare', 'CF-RAY': '8aa1b6a909e1c97c-IAD', 'alt-svc': 'h3=":443"; ma=86400'} 
 body={"results":[{"gender":"male","name":{"title":"Mr","first":"Mason","last":"Clarke"},"location":{"street":{"number":789,"name":"Andersons Bay Road"},"city":"Timaru","state":"Otago","country":"New Zealand","postcode":62782,"coordinates":{"latitude":"54.7544","longitude":"-144.1396"},"timezone":{"offset":"-4:00","description":"Atlantic Time (Canada), Caracas, La Paz"}},"email":"mason.clarke@example.com","login":{"uuid":"b1410d99-5b61-444f-8d18-27bbe6f96a0a","username":"beautifulleopard263","password":"ssssssss","salt":"tRzgrr0p","md5":"f1c4b72d6fbae3dab5feedf3835b6507","sha1":"5a20b38874dc590a566ec45eee69b3914d550f22","sha256":"d8263323b77470ba303ed6cdeda9aa98523d99653835c85777780c745c154c79"},"dob":{"date":"1972-02-18T10:20:45.183Z","age":52},"registered":{"date":"2016-04-05T14:17:20.132Z","age":8},"phone":"(839)-546-0676","cell":"(508)-575-7850","id":{"name":"","value":null},"picture":{"large":"https://randomuser.me/api/portraits/men/69.jpg","medium":"https://randomuser.me/api/portraits/med/men/69.jpg","thumbnail":"https://randomuser.me/api/portraits/thumb/men/69.jpg"},"nat":"NZ"}],"info":{"seed":"80ceba0dd6c2f337","results":1,"page":1,"version":"1.4"}} 
 </msg>
<msg time="2024-07-28T03:16:58.733251" level="INFO">/opt/hostedtoolcache/Python/3.12.4/x64/lib/python3.12/site-packages/urllib3/connectionpool.py:1099: InsecureRequestWarning: Unverified HTTPS request is being made to host 'randomuser.me'. Adding certificate verification is strongly advised. See: https://urllib3.readthedocs.io/en/latest/advanced-usage.html#tls-warnings
  warnings.warn(</msg>
<msg time="2024-07-28T03:16:58.733383" level="INFO">${response} = &lt;Response [200]&gt;</msg>
<var>${response}</var>
<arg>consultarAPI</arg>
<arg>/api</arg>
<doc>Sends a GET request on a previously created HTTP Session.</doc>
<status status="PASS" start="2024-07-28T03:16:58.405691" elapsed="0.327734"/>
</kw>
<kw name="Set Variable" owner="BuiltIn">
<msg time="2024-07-28T03:16:58.734776" level="INFO">${json_data} = {'results': [{'gender': 'male', 'name': {'title': 'Mr', 'first': 'Mason', 'last': 'Clarke'}, 'location': {'street': {'number': 789, 'name': 'Andersons Bay Road'}, 'city': 'Timaru', 'state': 'Otago', '...</msg>
<var>${json_data}</var>
<arg>${response.json()}</arg>
<doc>Returns the given values which can then be assigned to a variables.</doc>
<status status="PASS" start="2024-07-28T03:16:58.734131" elapsed="0.000674"/>
</kw>
<kw name="Log" owner="BuiltIn">
<msg time="2024-07-28T03:16:58.735328" level="INFO">{'results': [{'gender': 'male', 'name': {'title': 'Mr', 'first': 'Mason', 'last': 'Clarke'}, 'location': {'street': {'number': 789, 'name': 'Andersons Bay Road'}, 'city': 'Timaru', 'state': 'Otago', 'country': 'New Zealand', 'postcode': 62782, 'coordinates': {'latitude': '54.7544', 'longitude': '-144.1396'}, 'timezone': {'offset': '-4:00', 'description': 'Atlantic Time (Canada), Caracas, La Paz'}}, 'email': 'mason.clarke@example.com', 'login': {'uuid': 'b1410d99-5b61-444f-8d18-27bbe6f96a0a', 'username': 'beautifulleopard263', 'password': 'ssssssss', 'salt': 'tRzgrr0p', 'md5': 'f1c4b72d6fbae3dab5feedf3835b6507', 'sha1': '5a20b38874dc590a566ec45eee69b3914d550f22', 'sha256': 'd8263323b77470ba303ed6cdeda9aa98523d99653835c85777780c745c154c79'}, 'dob': {'date': '1972-02-18T10:20:45.183Z', 'age': 52}, 'registered': {'date': '2016-04-05T14:17:20.132Z', 'age': 8}, 'phone': '(839)-546-0676', 'cell': '(508)-575-7850', 'id': {'name': '', 'value': None}, 'picture': {'large': 'https://randomuser.me/api/portraits/men/69.jpg', 'medium': 'https://randomuser.me/api/portraits/med/men/69.jpg', 'thumbnail': 'https://randomuser.me/api/portraits/thumb/men/69.jpg'}, 'nat': 'NZ'}], 'info': {'seed': '80ceba0dd6c2f337', 'results': 1, 'page': 1, 'version': '1.4'}}</msg>
<arg>${json_data}</arg>
<doc>Logs the given message with the given level.</doc>
<status status="PASS" start="2024-07-28T03:16:58.735114" elapsed="0.000275"/>
</kw>
<kw name="Dictionary Should Contain Key" owner="Collections">
<arg>${json_data}</arg>
<arg>results</arg>
<doc>Fails if ``key`` is not found from ``dictionary``.</doc>
<status status="PASS" start="2024-07-28T03:16:58.735689" elapsed="0.000165"/>
</kw>
<kw name="Should Not Be Empty" owner="BuiltIn">
<msg time="2024-07-28T03:16:58.736165" level="INFO">Length is 2.</msg>
<arg>${json_data}</arg>
<doc>Verifies that the given item is not empty.</doc>
<status status="PASS" start="2024-07-28T03:16:58.736036" elapsed="0.000167"/>
</kw>
<kw name="Create List" owner="BuiltIn">
<msg time="2024-07-28T03:16:58.736647" level="INFO">${expected_keys} = ['gender', 'name', 'location', 'email', 'login']</msg>
<var>${expected_keys}</var>
<arg>gender</arg>
<arg>name</arg>
<arg>location</arg>
<arg>email</arg>
<arg>login</arg>
<doc>Returns a list containing given items.</doc>
<status status="PASS" start="2024-07-28T03:16:58.736491" elapsed="0.000180"/>
</kw>
<for flavor="IN">
<iter>
<kw name="Dictionary Should Contain Key" owner="Collections">
<arg>${json_data['results'][0]}</arg>
<arg>${key}</arg>
<doc>Fails if ``key`` is not found from ``dictionary``.</doc>
<status status="PASS" start="2024-07-28T03:16:58.737285" elapsed="0.000399"/>
</kw>
<kw name="Log" owner="BuiltIn">
<msg time="2024-07-28T03:16:58.738222" level="INFO">{'gender': 'male', 'name': {'title': 'Mr', 'first': 'Mason', 'last': 'Clarke'}, 'location': {'street': {'number': 789, 'name': 'Andersons Bay Road'}, 'city': 'Timaru', 'state': 'Otago', 'country': 'New Zealand', 'postcode': 62782, 'coordinates': {'latitude': '54.7544', 'longitude': '-144.1396'}, 'timezone': {'offset': '-4:00', 'description': 'Atlantic Time (Canada), Caracas, La Paz'}}, 'email': 'mason.clarke@example.com', 'login': {'uuid': 'b1410d99-5b61-444f-8d18-27bbe6f96a0a', 'username': 'beautifulleopard263', 'password': 'ssssssss', 'salt': 'tRzgrr0p', 'md5': 'f1c4b72d6fbae3dab5feedf3835b6507', 'sha1': '5a20b38874dc590a566ec45eee69b3914d550f22', 'sha256': 'd8263323b77470ba303ed6cdeda9aa98523d99653835c85777780c745c154c79'}, 'dob': {'date': '1972-02-18T10:20:45.183Z', 'age': 52}, 'registered': {'date': '2016-04-05T14:17:20.132Z', 'age': 8}, 'phone': '(839)-546-0676', 'cell': '(508)-575-7850', 'id': {'name': '', 'value': None}, 'picture': {'large': 'https://randomuser.me/api/portraits/men/69.jpg', 'medium': 'https://randomuser.me/api/portraits/med/men/69.jpg', 'thumbnail': 'https://randomuser.me/api/portraits/thumb/men/69.jpg'}, 'nat': 'NZ'}</msg>
<arg>${json_data['results'][0]}</arg>
<doc>Logs the given message with the given level.</doc>
<status status="PASS" start="2024-07-28T03:16:58.737866" elapsed="0.000406"/>
</kw>
<kw name="Log" owner="BuiltIn">
<msg time="2024-07-28T03:16:58.738710" level="INFO">gender</msg>
<arg>${key}</arg>
<doc>Logs the given message with the given level.</doc>
<status status="PASS" start="2024-07-28T03:16:58.738581" elapsed="0.000167"/>
</kw>
<var name="${key}">gender</var>
<status status="PASS" start="2024-07-28T03:16:58.737156" elapsed="0.001809"/>
</iter>
<iter>
<kw name="Dictionary Should Contain Key" owner="Collections">
<arg>${json_data['results'][0]}</arg>
<arg>${key}</arg>
<doc>Fails if ``key`` is not found from ``dictionary``.</doc>
<status status="PASS" start="2024-07-28T03:16:58.739294" elapsed="0.000392"/>
</kw>
<kw name="Log" owner="BuiltIn">
<msg time="2024-07-28T03:16:58.740218" level="INFO">{'gender': 'male', 'name': {'title': 'Mr', 'first': 'Mason', 'last': 'Clarke'}, 'location': {'street': {'number': 789, 'name': 'Andersons Bay Road'}, 'city': 'Timaru', 'state': 'Otago', 'country': 'New Zealand', 'postcode': 62782, 'coordinates': {'latitude': '54.7544', 'longitude': '-144.1396'}, 'timezone': {'offset': '-4:00', 'description': 'Atlantic Time (Canada), Caracas, La Paz'}}, 'email': 'mason.clarke@example.com', 'login': {'uuid': 'b1410d99-5b61-444f-8d18-27bbe6f96a0a', 'username': 'beautifulleopard263', 'password': 'ssssssss', 'salt': 'tRzgrr0p', 'md5': 'f1c4b72d6fbae3dab5feedf3835b6507', 'sha1': '5a20b38874dc590a566ec45eee69b3914d550f22', 'sha256': 'd8263323b77470ba303ed6cdeda9aa98523d99653835c85777780c745c154c79'}, 'dob': {'date': '1972-02-18T10:20:45.183Z', 'age': 52}, 'registered': {'date': '2016-04-05T14:17:20.132Z', 'age': 8}, 'phone': '(839)-546-0676', 'cell': '(508)-575-7850', 'id': {'name': '', 'value': None}, 'picture': {'large': 'https://randomuser.me/api/portraits/men/69.jpg', 'medium': 'https://randomuser.me/api/portraits/med/men/69.jpg', 'thumbnail': 'https://randomuser.me/api/portraits/thumb/men/69.jpg'}, 'nat': 'NZ'}</msg>
<arg>${json_data['results'][0]}</arg>
<doc>Logs the given message with the given level.</doc>
<status status="PASS" start="2024-07-28T03:16:58.739868" elapsed="0.000431"/>
</kw>
<kw name="Log" owner="BuiltIn">
<msg time="2024-07-28T03:16:58.740719" level="INFO">name</msg>
<arg>${key}</arg>
<doc>Logs the given message with the given level.</doc>
<status status="PASS" start="2024-07-28T03:16:58.740592" elapsed="0.000164"/>
</kw>
<var name="${key}">name</var>
<status status="PASS" start="2024-07-28T03:16:58.739153" elapsed="0.001816"/>
</iter>
<iter>
<kw name="Dictionary Should Contain Key" owner="Collections">
<arg>${json_data['results'][0]}</arg>
<arg>${key}</arg>
<doc>Fails if ``key`` is not found from ``dictionary``.</doc>
<status status="PASS" start="2024-07-28T03:16:58.741253" elapsed="0.000383"/>
</kw>
<kw name="Log" owner="BuiltIn">
<msg time="2024-07-28T03:16:58.742165" level="INFO">{'gender': 'male', 'name': {'title': 'Mr', 'first': 'Mason', 'last': 'Clarke'}, 'location': {'street': {'number': 789, 'name': 'Andersons Bay Road'}, 'city': 'Timaru', 'state': 'Otago', 'country': 'New Zealand', 'postcode': 62782, 'coordinates': {'latitude': '54.7544', 'longitude': '-144.1396'}, 'timezone': {'offset': '-4:00', 'description': 'Atlantic Time (Canada), Caracas, La Paz'}}, 'email': 'mason.clarke@example.com', 'login': {'uuid': 'b1410d99-5b61-444f-8d18-27bbe6f96a0a', 'username': 'beautifulleopard263', 'password': 'ssssssss', 'salt': 'tRzgrr0p', 'md5': 'f1c4b72d6fbae3dab5feedf3835b6507', 'sha1': '5a20b38874dc590a566ec45eee69b3914d550f22', 'sha256': 'd8263323b77470ba303ed6cdeda9aa98523d99653835c85777780c745c154c79'}, 'dob': {'date': '1972-02-18T10:20:45.183Z', 'age': 52}, 'registered': {'date': '2016-04-05T14:17:20.132Z', 'age': 8}, 'phone': '(839)-546-0676', 'cell': '(508)-575-7850', 'id': {'name': '', 'value': None}, 'picture': {'large': 'https://randomuser.me/api/portraits/men/69.jpg', 'medium': 'https://randomuser.me/api/portraits/med/men/69.jpg', 'thumbnail': 'https://randomuser.me/api/portraits/thumb/men/69.jpg'}, 'nat': 'NZ'}</msg>
<arg>${json_data['results'][0]}</arg>
<doc>Logs the given message with the given level.</doc>
<status status="PASS" start="2024-07-28T03:16:58.741821" elapsed="0.000389"/>
</kw>
<kw name="Log" owner="BuiltIn">
<msg time="2024-07-28T03:16:58.742633" level="INFO">location</msg>
<arg>${key}</arg>
<doc>Logs the given message with the given level.</doc>
<status status="PASS" start="2024-07-28T03:16:58.742507" elapsed="0.000163"/>
</kw>
<var name="${key}">location</var>
<status status="PASS" start="2024-07-28T03:16:58.741145" elapsed="0.001737"/>
</iter>
<iter>
<kw name="Dictionary Should Contain Key" owner="Collections">
<arg>${json_data['results'][0]}</arg>
<arg>${key}</arg>
<doc>Fails if ``key`` is not found from ``dictionary``.</doc>
<status status="PASS" start="2024-07-28T03:16:58.743158" elapsed="0.000414"/>
</kw>
<kw name="Log" owner="BuiltIn">
<msg time="2024-07-28T03:16:58.744228" level="INFO">{'gender': 'male', 'name': {'title': 'Mr', 'first': 'Mason', 'last': 'Clarke'}, 'location': {'street': {'number': 789, 'name': 'Andersons Bay Road'}, 'city': 'Timaru', 'state': 'Otago', 'country': 'New Zealand', 'postcode': 62782, 'coordinates': {'latitude': '54.7544', 'longitude': '-144.1396'}, 'timezone': {'offset': '-4:00', 'description': 'Atlantic Time (Canada), Caracas, La Paz'}}, 'email': 'mason.clarke@example.com', 'login': {'uuid': 'b1410d99-5b61-444f-8d18-27bbe6f96a0a', 'username': 'beautifulleopard263', 'password': 'ssssssss', 'salt': 'tRzgrr0p', 'md5': 'f1c4b72d6fbae3dab5feedf3835b6507', 'sha1': '5a20b38874dc590a566ec45eee69b3914d550f22', 'sha256': 'd8263323b77470ba303ed6cdeda9aa98523d99653835c85777780c745c154c79'}, 'dob': {'date': '1972-02-18T10:20:45.183Z', 'age': 52}, 'registered': {'date': '2016-04-05T14:17:20.132Z', 'age': 8}, 'phone': '(839)-546-0676', 'cell': '(508)-575-7850', 'id': {'name': '', 'value': None}, 'picture': {'large': 'https://randomuser.me/api/portraits/men/69.jpg', 'medium': 'https://randomuser.me/api/portraits/med/men/69.jpg', 'thumbnail': 'https://randomuser.me/api/portraits/thumb/men/69.jpg'}, 'nat': 'NZ'}</msg>
<arg>${json_data['results'][0]}</arg>
<doc>Logs the given message with the given level.</doc>
<status status="PASS" start="2024-07-28T03:16:58.743879" elapsed="0.000396"/>
</kw>
<kw name="Log" owner="BuiltIn">
<msg time="2024-07-28T03:16:58.744694" level="INFO">email</msg>
<arg>${key}</arg>
<doc>Logs the given message with the given level.</doc>
<status status="PASS" start="2024-07-28T03:16:58.744566" elapsed="0.000166"/>
</kw>
<var name="${key}">email</var>
<status status="PASS" start="2024-07-28T03:16:58.743053" elapsed="0.001893"/>
</iter>
<iter>
<kw name="Dictionary Should Contain Key" owner="Collections">
<arg>${json_data['results'][0]}</arg>
<arg>${key}</arg>
<doc>Fails if ``key`` is not found from ``dictionary``.</doc>
<status status="PASS" start="2024-07-28T03:16:58.745225" elapsed="0.000372"/>
</kw>
<kw name="Log" owner="BuiltIn">
<msg time="2024-07-28T03:16:58.746126" level="INFO">{'gender': 'male', 'name': {'title': 'Mr', 'first': 'Mason', 'last': 'Clarke'}, 'location': {'street': {'number': 789, 'name': 'Andersons Bay Road'}, 'city': 'Timaru', 'state': 'Otago', 'country': 'New Zealand', 'postcode': 62782, 'coordinates': {'latitude': '54.7544', 'longitude': '-144.1396'}, 'timezone': {'offset': '-4:00', 'description': 'Atlantic Time (Canada), Caracas, La Paz'}}, 'email': 'mason.clarke@example.com', 'login': {'uuid': 'b1410d99-5b61-444f-8d18-27bbe6f96a0a', 'username': 'beautifulleopard263', 'password': 'ssssssss', 'salt': 'tRzgrr0p', 'md5': 'f1c4b72d6fbae3dab5feedf3835b6507', 'sha1': '5a20b38874dc590a566ec45eee69b3914d550f22', 'sha256': 'd8263323b77470ba303ed6cdeda9aa98523d99653835c85777780c745c154c79'}, 'dob': {'date': '1972-02-18T10:20:45.183Z', 'age': 52}, 'registered': {'date': '2016-04-05T14:17:20.132Z', 'age': 8}, 'phone': '(839)-546-0676', 'cell': '(508)-575-7850', 'id': {'name': '', 'value': None}, 'picture': {'large': 'https://randomuser.me/api/portraits/men/69.jpg', 'medium': 'https://randomuser.me/api/portraits/med/men/69.jpg', 'thumbnail': 'https://randomuser.me/api/portraits/thumb/men/69.jpg'}, 'nat': 'NZ'}</msg>
<arg>${json_data['results'][0]}</arg>
<doc>Logs the given message with the given level.</doc>
<status status="PASS" start="2024-07-28T03:16:58.745776" elapsed="0.000395"/>
</kw>
<kw name="Log" owner="BuiltIn">
<msg time="2024-07-28T03:16:58.746589" level="INFO">login</msg>
<arg>${key}</arg>
<doc>Logs the given message with the given level.</doc>
<status status="PASS" start="2024-07-28T03:16:58.746461" elapsed="0.000164"/>
</kw>
<var name="${key}">login</var>
<status status="PASS" start="2024-07-28T03:16:58.745118" elapsed="0.001722"/>
</iter>
<var>${key}</var>
<value>@{expected_keys}</value>
<status status="PASS" start="2024-07-28T03:16:58.736936" elapsed="0.010023"/>
</for>
<kw name="Create List" owner="BuiltIn">
<msg time="2024-07-28T03:16:58.747321" level="INFO">${expected_keysTwo} = ['username', 'password']</msg>
<var>${expected_keysTwo}</var>
<arg>username</arg>
<arg>password</arg>
<doc>Returns a list containing given items.</doc>
<status status="PASS" start="2024-07-28T03:16:58.747148" elapsed="0.000227"/>
</kw>
<for flavor="IN">
<iter>
<kw name="Dictionary Should Contain Key" owner="Collections">
<arg>${json_data['results'][0]['login']}</arg>
<arg>${keyTwo}</arg>
<doc>Fails if ``key`` is not found from ``dictionary``.</doc>
<status status="PASS" start="2024-07-28T03:16:58.747882" elapsed="0.000390"/>
</kw>
<kw name="Dictionary Should Contain Key" owner="Collections">
<arg>${json_data['results'][0]['login']}</arg>
<arg>${keyTwo}</arg>
<doc>Fails if ``key`` is not found from ``dictionary``.</doc>
<status status="PASS" start="2024-07-28T03:16:58.748459" elapsed="0.000396"/>
</kw>
<kw name="Log" owner="BuiltIn">
<msg time="2024-07-28T03:16:58.749154" level="INFO">username</msg>
<arg>${keyTwo}</arg>
<doc>Logs the given message with the given level.</doc>
<status status="PASS" start="2024-07-28T03:16:58.749034" elapsed="0.000158"/>
</kw>
<var name="${keyTwo}">username</var>
<status status="PASS" start="2024-07-28T03:16:58.747776" elapsed="0.001645"/>
</iter>
<iter>
<kw name="Dictionary Should Contain Key" owner="Collections">
<arg>${json_data['results'][0]['login']}</arg>
<arg>${keyTwo}</arg>
<doc>Fails if ``key`` is not found from ``dictionary``.</doc>
<status status="PASS" start="2024-07-28T03:16:58.749702" elapsed="0.000379"/>
</kw>
<kw name="Dictionary Should Contain Key" owner="Collections">
<arg>${json_data['results'][0]['login']}</arg>
<arg>${keyTwo}</arg>
<doc>Fails if ``key`` is not found from ``dictionary``.</doc>
<status status="PASS" start="2024-07-28T03:16:58.750284" elapsed="0.000368"/>
</kw>
<kw name="Log" owner="BuiltIn">
<msg time="2024-07-28T03:16:58.750952" level="INFO">password</msg>
<arg>${keyTwo}</arg>
<doc>Logs the given message with the given level.</doc>
<status status="PASS" start="2024-07-28T03:16:58.750828" elapsed="0.000162"/>
</kw>
<var name="${keyTwo}">password</var>
<status status="PASS" start="2024-07-28T03:16:58.749592" elapsed="0.001618"/>
</iter>
<var>${keyTwo}</var>
<value>@{expected_keysTwo}</value>
<status status="PASS" start="2024-07-28T03:16:58.747623" elapsed="0.003740"/>
</for>
<status status="PASS" start="2024-07-28T03:16:58.405458" elapsed="0.346053"/>
</kw>
<doc>Testa a estrutura da resposta da API.</doc>
<tag>testeEstruturaResposta</tag>
<status status="PASS" start="2024-07-28T03:16:58.404925" elapsed="0.346748"/>
</test>
<test id="s1-s1-t4" name="Validar tipos de dados" line="28">
<kw name="Teste de Tipos de Dados" owner="random-user-service">
<kw name="GET On Session" owner="RequestsLibrary">
<msg time="2024-07-28T03:16:59.028935" level="INFO">GET Request : url=https://randomuser.me/api 
 path_url=/api 
 headers={'User-Agent': 'python-requests/2.32.3', 'Accept-Encoding': 'gzip, deflate', 'Accept': '*/*', 'Connection': 'keep-alive'} 
 body=None 
 </msg>
<msg time="2024-07-28T03:16:59.029050" level="INFO">GET Response : url=https://randomuser.me/api 
 status=200, reason=OK 
 headers={'Date': 'Sun, 28 Jul 2024 03:16:59 GMT', 'Content-Type': 'application/json; charset=utf-8', 'Transfer-Encoding': 'chunked', 'Connection': 'keep-alive', 'X-Powered-By': 'Express', 'Access-Control-Allow-Origin': '*', 'Cache-Control': 'no-cache', 'ETag': 'W/"497-i9BERPFREsrAt1Kp+4tYodY09To"', 'Vary': 'Accept-Encoding', 'Content-Encoding': 'gzip', 'CF-Cache-Status': 'DYNAMIC', 'Report-To': '{"endpoints":[{"url":"https:\\/\\/a.nel.cloudflare.com\\/report\\/v4?s=ZVS3ilPhMo70vZ3%2FtVTbkV55O2AQDxwu8mx3sYnBlCF5JSPjlQ6CQ5HqSE2Rws2qdcNh350uwnxviCeCWuCkYXCtHLNrEVQqySDTc%2BVushxa8YfMaSU51ZYE0XPsniZY"}],"group":"cf-nel","max_age":604800}', 'NEL': '{"success_fraction":0,"report_to":"cf-nel","max_age":604800}', 'Server': 'cloudflare', 'CF-RAY': '8aa1b6ab3eabc97c-IAD', 'alt-svc': 'h3=":443"; ma=86400'} 
 body={"results":[{"gender":"female","name":{"title":"Mrs","first":"Danielle","last":"Taylor"},"location":{"street":{"number":6447,"name":"Tara Street"},"city":"Carlow","state":"Kerry","country":"Ireland","postcode":76942,"coordinates":{"latitude":"-1.8955","longitude":"37.4328"},"timezone":{"offset":"+3:00","description":"Baghdad, Riyadh, Moscow, St. Petersburg"}},"email":"danielle.taylor@example.com","login":{"uuid":"4e98ad26-b6c3-4dd8-b2d9-ac5823650f1a","username":"purpleostrich824","password":"survivor","salt":"zYm22GBj","md5":"5dbda5d7aa50346d08967f225e3b9155","sha1":"c8eeaebb4130ad9738210bf9d9a3de9a8a784d4f","sha256":"17372fbc24aac7e5f80e4921294b77ae5fb2b821fd4f15622a52abfc8b73b692"},"dob":{"date":"1962-12-14T20:29:33.698Z","age":61},"registered":{"date":"2013-06-15T02:10:35.163Z","age":11},"phone":"021-330-9064","cell":"081-309-5357","id":{"name":"PPS","value":"4485973T"},"picture":{"large":"https://randomuser.me/api/portraits/women/15.jpg","medium":"https://randomuser.me/api/portraits/med/women/15.jpg","thumbnail":"https://randomuser.me/api/portraits/thumb/women/15.jpg"},"nat":"IE"}],"info":{"seed":"6d854aec9da1f868","results":1,"page":1,"version":"1.4"}} 
 </msg>
<msg time="2024-07-28T03:16:59.029130" level="INFO">/opt/hostedtoolcache/Python/3.12.4/x64/lib/python3.12/site-packages/urllib3/connectionpool.py:1099: InsecureRequestWarning: Unverified HTTPS request is being made to host 'randomuser.me'. Adding certificate verification is strongly advised. See: https://urllib3.readthedocs.io/en/latest/advanced-usage.html#tls-warnings
  warnings.warn(</msg>
<msg time="2024-07-28T03:16:59.029266" level="INFO">${response} = &lt;Response [200]&gt;</msg>
<var>${response}</var>
<arg>consultarAPI</arg>
<arg>/api</arg>
<doc>Sends a GET request on a previously created HTTP Session.</doc>
<status status="PASS" start="2024-07-28T03:16:58.754279" elapsed="0.275030"/>
</kw>
<kw name="Set Variable" owner="BuiltIn">
<msg time="2024-07-28T03:16:59.030656" level="INFO">${json_data} = {'results': [{'gender': 'female', 'name': {'title': 'Mrs', 'first': 'Danielle', 'last': 'Taylor'}, 'location': {'street': {'number': 6447, 'name': 'Tara Street'}, 'city': 'Carlow', 'state': 'Kerry', '...</msg>
<var>${json_data}</var>
<arg>${response.json()}</arg>
<doc>Returns the given values which can then be assigned to a variables.</doc>
<status status="PASS" start="2024-07-28T03:16:59.030041" elapsed="0.000645"/>
</kw>
<kw name="Log" owner="BuiltIn">
<msg time="2024-07-28T03:16:59.031161" level="INFO">{'results': [{'gender': 'female', 'name': {'title': 'Mrs', 'first': 'Danielle', 'last': 'Taylor'}, 'location': {'street': {'number': 6447, 'name': 'Tara Street'}, 'city': 'Carlow', 'state': 'Kerry', 'country': 'Ireland', 'postcode': 76942, 'coordinates': {'latitude': '-1.8955', 'longitude': '37.4328'}, 'timezone': {'offset': '+3:00', 'description': 'Baghdad, Riyadh, Moscow, St. Petersburg'}}, 'email': 'danielle.taylor@example.com', 'login': {'uuid': '4e98ad26-b6c3-4dd8-b2d9-ac5823650f1a', 'username': 'purpleostrich824', 'password': 'survivor', 'salt': 'zYm22GBj', 'md5': '5dbda5d7aa50346d08967f225e3b9155', 'sha1': 'c8eeaebb4130ad9738210bf9d9a3de9a8a784d4f', 'sha256': '17372fbc24aac7e5f80e4921294b77ae5fb2b821fd4f15622a52abfc8b73b692'}, 'dob': {'date': '1962-12-14T20:29:33.698Z', 'age': 61}, 'registered': {'date': '2013-06-15T02:10:35.163Z', 'age': 11}, 'phone': '021-330-9064', 'cell': '081-309-5357', 'id': {'name': 'PPS', 'value': '4485973T'}, 'picture': {'large': 'https://randomuser.me/api/portraits/women/15.jpg', 'medium': 'https://randomuser.me/api/portraits/med/women/15.jpg', 'thumbnail': 'https://randomuser.me/api/portraits/thumb/women/15.jpg'}, 'nat': 'IE'}], 'info': {'seed': '6d854aec9da1f868', 'results': 1, 'page': 1, 'version': '1.4'}}</msg>
<arg>${json_data}</arg>
<doc>Logs the given message with the given level.</doc>
<status status="PASS" start="2024-07-28T03:16:59.031004" elapsed="0.000204"/>
</kw>
<kw name="Should Be String" owner="String">
<arg>${json_data['results'][0]['gender']}</arg>
<doc>Fails if the given ``item`` is not a string.</doc>
<status status="PASS" start="2024-07-28T03:16:59.031555" elapsed="0.000369"/>
</kw>
<kw name="Should Match Regexp" owner="BuiltIn">
<arg>${json_data['results'][0]['email']}</arg>
<arg>^[a-zA-Z0-9._%+-]+@[a-zA-Z0-9.-]+\.[a-zA-Z]{2,}$</arg>
<doc>Fails if ``string`` does not match ``pattern`` as a regular expression.</doc>
<status status="PASS" start="2024-07-28T03:16:59.032111" elapsed="0.000577"/>
</kw>
<kw name="Should Match Regexp" owner="BuiltIn">
<arg>${json_data['results'][0]['dob']['date']}</arg>
<arg>\\d{4}-\\d{2}-\\d{2}T\\d{2}:\\d{2}:\\d{2}\\.\\d{3}Z</arg>
<doc>Fails if ``string`` does not match ``pattern`` as a regular expression.</doc>
<status status="PASS" start="2024-07-28T03:16:59.032886" elapsed="0.000640"/>
</kw>
<kw name="Should Match Regexp" owner="BuiltIn">
<arg>${json_data['results'][0]['registered']['date']}</arg>
<arg>\\d{4}-\\d{2}-\\d{2}T\\d{2}:\\d{2}:\\d{2}\\.\\d{3}Z</arg>
<doc>Fails if ``string`` does not match ``pattern`` as a regular expression.</doc>
<status status="PASS" start="2024-07-28T03:16:59.033721" elapsed="0.000391"/>
</kw>
<kw name="Should Match Regexp" owner="BuiltIn">
<arg>${json_data['results'][0]['picture']['large']}</arg>
<arg>^https?://.*\.(?:png|jpe?g|gif|bmp)$</arg>
<doc>Fails if ``string`` does not match ``pattern`` as a regular expression.</doc>
<status status="PASS" start="2024-07-28T03:16:59.034299" elapsed="0.000458"/>
</kw>
<kw name="Should Match Regexp" owner="BuiltIn">
<arg>${json_data['results'][0]['picture']['medium']}</arg>
<arg>^https?://.*\.(?:png|jpe?g|gif|bmp)$</arg>
<doc>Fails if ``string`` does not match ``pattern`` as a regular expression.</doc>
<status status="PASS" start="2024-07-28T03:16:59.034943" elapsed="0.000373"/>
</kw>
<kw name="Should Match Regexp" owner="BuiltIn">
<arg>${json_data['results'][0]['picture']['thumbnail']}</arg>
<arg>^https?://.*\.(?:png|jpe?g|gif|bmp)$</arg>
<doc>Fails if ``string`` does not match ``pattern`` as a regular expression.</doc>
<status status="PASS" start="2024-07-28T03:16:59.035503" elapsed="0.000347"/>
</kw>
<kw name="Log" owner="BuiltIn">
<msg time="2024-07-28T03:16:59.036353" level="INFO">{'large': 'https://randomuser.me/api/portraits/women/15.jpg', 'medium': 'https://randomuser.me/api/portraits/med/women/15.jpg', 'thumbnail': 'https://randomuser.me/api/portraits/thumb/women/15.jpg'}</msg>
<arg>${json_data['results'][0]['picture']}</arg>
<doc>Logs the given message with the given level.</doc>
<status status="PASS" start="2024-07-28T03:16:59.036031" elapsed="0.000366"/>
</kw>
<status status="PASS" start="2024-07-28T03:16:58.754053" elapsed="0.282605"/>
</kw>
<kw name="Teste de Tipos de Dados - Postcode" owner="random-user-service">
<kw name="GET On Session" owner="RequestsLibrary">
<msg time="2024-07-28T03:16:59.161999" level="INFO">GET Request : url=https://randomuser.me/api 
 path_url=/api 
 headers={'User-Agent': 'python-requests/2.32.3', 'Accept-Encoding': 'gzip, deflate', 'Accept': '*/*', 'Connection': 'keep-alive'} 
 body=None 
 </msg>
<msg time="2024-07-28T03:16:59.162125" level="INFO">GET Response : url=https://randomuser.me/api 
 status=200, reason=OK 
 headers={'Date': 'Sun, 28 Jul 2024 03:16:59 GMT', 'Content-Type': 'application/json; charset=utf-8', 'Transfer-Encoding': 'chunked', 'Connection': 'keep-alive', 'X-Powered-By': 'Express', 'Access-Control-Allow-Origin': '*', 'Cache-Control': 'no-cache', 'ETag': 'W/"498-Kkqbbwyjn7P7HOtAcDGxK094Ad4"', 'Vary': 'Accept-Encoding', 'Content-Encoding': 'gzip', 'CF-Cache-Status': 'DYNAMIC', 'Report-To': '{"endpoints":[{"url":"https:\\/\\/a.nel.cloudflare.com\\/report\\/v4?s=EviV9nWuG3p1T4hILx%2BAtlZLCFLLlgcGImZV9jLOBm6YuST%2BggfLyihO6AaLKvHnvpRaBC4xzcH1KiGciVHrX54zrd99T0HO682GuSqtb42UFW5YXECBfDZ0EWd84Isk"}],"group":"cf-nel","max_age":604800}', 'NEL': '{"success_fraction":0,"report_to":"cf-nel","max_age":604800}', 'Server': 'cloudflare', 'CF-RAY': '8aa1b6acfafcc97c-IAD', 'alt-svc': 'h3=":443"; ma=86400'} 
 body={"results":[{"gender":"female","name":{"title":"Mrs","first":"Lison","last":"Aubert"},"location":{"street":{"number":4454,"name":"Avenue du Château"},"city":"Amiens","state":"Oise","country":"France","postcode":39321,"coordinates":{"latitude":"-14.3095","longitude":"135.0646"},"timezone":{"offset":"-7:00","description":"Mountain Time (US &amp; Canada)"}},"email":"lison.aubert@example.com","login":{"uuid":"9062710b-5688-40a5-a782-c3d3ca929423","username":"blackrabbit283","password":"kcj9wx5n","salt":"xIIdMvkB","md5":"3e823aec125cfcbe242f1ee4856b19c5","sha1":"dbd0be07a3ba890b73fed38b5f1e63f5fcbbbf91","sha256":"669dc38c4b5f8a2258b005579bd887742e42591edd93c5ad4d63c56c95c0b36d"},"dob":{"date":"1991-05-29T18:04:46.632Z","age":33},"registered":{"date":"2007-01-29T13:16:02.748Z","age":17},"phone":"04-61-52-12-74","cell":"06-37-67-61-05","id":{"name":"INSEE","value":"2910447017866 38"},"picture":{"large":"https://randomuser.me/api/portraits/women/73.jpg","medium":"https://randomuser.me/api/portraits/med/women/73.jpg","thumbnail":"https://randomuser.me/api/portraits/thumb/women/73.jpg"},"nat":"FR"}],"info":{"seed":"d9d78438903abdd2","results":1,"page":1,"version":"1.4"}} 
 </msg>
<msg time="2024-07-28T03:16:59.162211" level="INFO">/opt/hostedtoolcache/Python/3.12.4/x64/lib/python3.12/site-packages/urllib3/connectionpool.py:1099: InsecureRequestWarning: Unverified HTTPS request is being made to host 'randomuser.me'. Adding certificate verification is strongly advised. See: https://urllib3.readthedocs.io/en/latest/advanced-usage.html#tls-warnings
  warnings.warn(</msg>
<msg time="2024-07-28T03:16:59.162363" level="INFO">${response} = &lt;Response [200]&gt;</msg>
<var>${response}</var>
<arg>consultarAPI</arg>
<arg>/api</arg>
<doc>Sends a GET request on a previously created HTTP Session.</doc>
<status status="PASS" start="2024-07-28T03:16:59.037128" elapsed="0.125283"/>
</kw>
<kw name="Set Variable" owner="BuiltIn">
<msg time="2024-07-28T03:16:59.163741" level="INFO">${json_data} = {'results': [{'gender': 'female', 'name': {'title': 'Mrs', 'first': 'Lison', 'last': 'Aubert'}, 'location': {'street': {'number': 4454, 'name': 'Avenue du Château'}, 'city': 'Amiens', 'state': 'Oise',...</msg>
<var>${json_data}</var>
<arg>${response.json()}</arg>
<doc>Returns the given values which can then be assigned to a variables.</doc>
<status status="PASS" start="2024-07-28T03:16:59.163149" elapsed="0.000621"/>
</kw>
<kw name="Log" owner="BuiltIn">
<msg time="2024-07-28T03:16:59.164246" level="INFO">{'results': [{'gender': 'female', 'name': {'title': 'Mrs', 'first': 'Lison', 'last': 'Aubert'}, 'location': {'street': {'number': 4454, 'name': 'Avenue du Château'}, 'city': 'Amiens', 'state': 'Oise', 'country': 'France', 'postcode': 39321, 'coordinates': {'latitude': '-14.3095', 'longitude': '135.0646'}, 'timezone': {'offset': '-7:00', 'description': 'Mountain Time (US &amp; Canada)'}}, 'email': 'lison.aubert@example.com', 'login': {'uuid': '9062710b-5688-40a5-a782-c3d3ca929423', 'username': 'blackrabbit283', 'password': 'kcj9wx5n', 'salt': 'xIIdMvkB', 'md5': '3e823aec125cfcbe242f1ee4856b19c5', 'sha1': 'dbd0be07a3ba890b73fed38b5f1e63f5fcbbbf91', 'sha256': '669dc38c4b5f8a2258b005579bd887742e42591edd93c5ad4d63c56c95c0b36d'}, 'dob': {'date': '1991-05-29T18:04:46.632Z', 'age': 33}, 'registered': {'date': '2007-01-29T13:16:02.748Z', 'age': 17}, 'phone': '04-61-52-12-74', 'cell': '06-37-67-61-05', 'id': {'name': 'INSEE', 'value': '2910447017866 38'}, 'picture': {'large': 'https://randomuser.me/api/portraits/women/73.jpg', 'medium': 'https://randomuser.me/api/portraits/med/women/73.jpg', 'thumbnail': 'https://randomuser.me/api/portraits/thumb/women/73.jpg'}, 'nat': 'FR'}], 'info': {'seed': 'd9d78438903abdd2', 'results': 1, 'page': 1, 'version': '1.4'}}</msg>
<arg>${json_data}</arg>
<doc>Logs the given message with the given level.</doc>
<status status="PASS" start="2024-07-28T03:16:59.164084" elapsed="0.000211"/>
</kw>
<kw name="Should Be Equal As Numbers" owner="BuiltIn">
<arg>${json_data['results'][0]['location']['postcode']}</arg>
<arg>${json_data['results'][0]['location']['postcode']}</arg>
<doc>Fails if objects are unequal after converting them to real numbers.</doc>
<status status="PASS" start="2024-07-28T03:16:59.164596" elapsed="0.000620"/>
</kw>
<kw name="Log" owner="BuiltIn">
<msg time="2024-07-28T03:16:59.165739" level="INFO">39321</msg>
<arg>${json_data['results'][0]['location']['postcode']}</arg>
<doc>Logs the given message with the given level.</doc>
<status status="PASS" start="2024-07-28T03:16:59.165407" elapsed="0.000413"/>
</kw>
<status status="PASS" start="2024-07-28T03:16:59.036894" elapsed="0.129187"/>
</kw>
<doc>Testa se os tipos de dados na resposta da API estão corretos.</doc>
<tag>testeTiposDados</tag>
<status status="PASS" start="2024-07-28T03:16:58.753553" elapsed="0.412703"/>
</test>
<test id="s1-s1-t5" name="Validar conteudo" line="35">
<kw name="Teste de Tipos de Conteudo" owner="random-user-service">
<kw name="GET On Session" owner="RequestsLibrary">
<msg time="2024-07-28T03:16:59.200365" level="INFO">GET Request : url=https://randomuser.me/api 
 path_url=/api 
 headers={'User-Agent': 'python-requests/2.32.3', 'Accept-Encoding': 'gzip, deflate', 'Accept': '*/*', 'Connection': 'keep-alive'} 
 body=None 
 </msg>
<msg time="2024-07-28T03:16:59.200451" level="INFO">GET Response : url=https://randomuser.me/api 
 status=200, reason=OK 
 headers={'Date': 'Sun, 28 Jul 2024 03:16:59 GMT', 'Content-Type': 'application/json; charset=utf-8', 'Transfer-Encoding': 'chunked', 'Connection': 'keep-alive', 'X-Powered-By': 'Express', 'Access-Control-Allow-Origin': '*', 'Cache-Control': 'no-cache', 'ETag': 'W/"499-hPlZWtDk25tspAZnriHy2VW9juU"', 'Vary': 'Accept-Encoding', 'Content-Encoding': 'gzip', 'CF-Cache-Status': 'DYNAMIC', 'Report-To': '{"endpoints":[{"url":"https:\\/\\/a.nel.cloudflare.com\\/report\\/v4?s=AdVX43OWWMVSS0H3IiK%2FlewVzW%2FvqBHZT%2ByKitrq2d1AyNQc%2F5QqBZiF2hOWwCO%2BDpZwvUaa67NjglTK6UAFRRgbWhuNj%2FkNdQ%2FZt0sHOkybEstale52jR814e%2FOVd2A"}],"group":"cf-nel","max_age":604800}', 'NEL': '{"success_fraction":0,"report_to":"cf-nel","max_age":604800}', 'Server': 'cloudflare', 'CF-RAY': '8aa1b6addcd2c97c-IAD', 'alt-svc': 'h3=":443"; ma=86400'} 
 body={"results":[{"gender":"male","name":{"title":"Mr","first":"Vedant","last":"Dsouza"},"location":{"street":{"number":5244,"name":"Dadabhai Naoroji Rd"},"city":"Jehanabad","state":"Gujarat","country":"India","postcode":85087,"coordinates":{"latitude":"10.8581","longitude":"-126.9377"},"timezone":{"offset":"-6:00","description":"Central Time (US &amp; Canada), Mexico City"}},"email":"vedant.dsouza@example.com","login":{"uuid":"f438465d-e7c0-4b28-a61b-08f2e6b980d2","username":"beautifulpeacock130","password":"gopher","salt":"4EVbShHM","md5":"26bce1864a7c8836e7bd680004e12a3d","sha1":"0e896adeec16320620c1180a3d5fb0b92704793f","sha256":"d886ed673ff77325db6b4f79678056cae1f3d1b4af6f2851b7a843f05058bc6f"},"dob":{"date":"1975-02-08T11:54:40.090Z","age":49},"registered":{"date":"2022-03-06T21:05:57.856Z","age":2},"phone":"9476508139","cell":"9016741047","id":{"name":"UIDAI","value":"726815676282"},"picture":{"large":"https://randomuser.me/api/portraits/men/15.jpg","medium":"https://randomuser.me/api/portraits/med/men/15.jpg","thumbnail":"https://randomuser.me/api/portraits/thumb/men/15.jpg"},"nat":"IN"}],"info":{"seed":"6ca772acb373fcd1","results":1,"page":1,"version":"1.4"}} 
 </msg>
<msg time="2024-07-28T03:16:59.200534" level="INFO">/opt/hostedtoolcache/Python/3.12.4/x64/lib/python3.12/site-packages/urllib3/connectionpool.py:1099: InsecureRequestWarning: Unverified HTTPS request is being made to host 'randomuser.me'. Adding certificate verification is strongly advised. See: https://urllib3.readthedocs.io/en/latest/advanced-usage.html#tls-warnings
  warnings.warn(</msg>
<msg time="2024-07-28T03:16:59.200653" level="INFO">${response} = &lt;Response [200]&gt;</msg>
<var>${response}</var>
<arg>consultarAPI</arg>
<arg>/api</arg>
<doc>Sends a GET request on a previously created HTTP Session.</doc>
<status status="PASS" start="2024-07-28T03:16:59.168908" elapsed="0.031797"/>
</kw>
<kw name="Set Variable" owner="BuiltIn">
<msg time="2024-07-28T03:16:59.202103" level="INFO">${json_data} = {'results': [{'gender': 'male', 'name': {'title': 'Mr', 'first': 'Vedant', 'last': 'Dsouza'}, 'location': {'street': {'number': 5244, 'name': 'Dadabhai Naoroji Rd'}, 'city': 'Jehanabad', 'state': 'Guj...</msg>
<var>${json_data}</var>
<arg>${response.json()}</arg>
<doc>Returns the given values which can then be assigned to a variables.</doc>
<status status="PASS" start="2024-07-28T03:16:59.201350" elapsed="0.000783"/>
</kw>
<kw name="Set Variable" owner="BuiltIn">
<msg time="2024-07-28T03:16:59.202833" level="INFO">${name_title} = Mr</msg>
<var>${name_title}</var>
<arg>${json_data["results"][0]["name"]["title"]}</arg>
<doc>Returns the given values which can then be assigned to a variables.</doc>
<status status="PASS" start="2024-07-28T03:16:59.202441" elapsed="0.000418"/>
</kw>
<kw name="Create List" owner="BuiltIn">
<msg time="2024-07-28T03:16:59.203463" level="INFO">${allowed_titles} = ['Mr', 'Ms', 'Miss', 'Mrs', 'Madame', 'Monsieur']</msg>
<var>${allowed_titles}</var>
<arg>Mr</arg>
<arg>Ms</arg>
<arg>Miss</arg>
<arg>Mrs</arg>
<arg>Madame</arg>
<arg>Monsieur</arg>
<doc>Returns a list containing given items.</doc>
<status status="PASS" start="2024-07-28T03:16:59.203224" elapsed="0.000276"/>
</kw>
<kw name="List Should Contain Value" owner="Collections">
<arg>${allowed_titles}</arg>
<arg>${name_title}</arg>
<doc>Fails if the ``value`` is not found from ``list``.</doc>
<status status="PASS" start="2024-07-28T03:16:59.203947" elapsed="0.000290"/>
</kw>
<kw name="Set Variable" owner="BuiltIn">
<msg time="2024-07-28T03:16:59.205191" level="INFO">${name_country} = IN</msg>
<var>${name_country}</var>
<arg>${json_data["results"][0]["nat"]}</arg>
<doc>Returns the given values which can then be assigned to a variables.</doc>
<status status="PASS" start="2024-07-28T03:16:59.204553" elapsed="0.000678"/>
</kw>
<kw name="Create List" owner="BuiltIn">
<msg time="2024-07-28T03:16:59.206874" level="INFO">${list_country} = ['AD', 'AE', 'AF', 'AG', 'AI', 'AL', 'AM', 'AO', 'AQ', 'AR', 'AS', 'AT', 'AU', 'AW', 'AX', 'AZ', 'BA', 'BB', 'BD', 'BE', 'BF', 'BG', 'BH', 'BI', 'BJ', 'BL', 'BM', 'BN', 'BO', 'BQ', 'BR', 'BS', 'BT', '...</msg>
<var>${list_country}</var>
<arg>AD</arg>
<arg>AE</arg>
<arg>AF</arg>
<arg>AG</arg>
<arg>AI</arg>
<arg>AL</arg>
<arg>AM</arg>
<arg>AO</arg>
<arg>AQ</arg>
<arg>AR</arg>
<arg>AS</arg>
<arg>AT</arg>
<arg>AU</arg>
<arg>AW</arg>
<arg>AX</arg>
<arg>AZ</arg>
<arg>BA</arg>
<arg>BB</arg>
<arg>BD</arg>
<arg>BE</arg>
<arg>BF</arg>
<arg>BG</arg>
<arg>BH</arg>
<arg>BI</arg>
<arg>BJ</arg>
<arg>BL</arg>
<arg>BM</arg>
<arg>BN</arg>
<arg>BO</arg>
<arg>BQ</arg>
<arg>BR</arg>
<arg>BS</arg>
<arg>BT</arg>
<arg>BV</arg>
<arg>BW</arg>
<arg>BY</arg>
<arg>BZ</arg>
<arg>CA</arg>
<arg>CC</arg>
<arg>CD</arg>
<arg>CF</arg>
<arg>CG</arg>
<arg>CH</arg>
<arg>CI</arg>
<arg>CK</arg>
<arg>CL</arg>
<arg>CM</arg>
<arg>CN</arg>
<arg>CO</arg>
<arg>CR</arg>
<arg>CU</arg>
<arg>CV</arg>
<arg>CW</arg>
<arg>CX</arg>
<arg>CY</arg>
<arg>CZ</arg>
<arg>DE</arg>
<arg>DJ</arg>
<arg>DK</arg>
<arg>DM</arg>
<arg>DO</arg>
<arg>DZ</arg>
<arg>EC</arg>
<arg>EE</arg>
<arg>EG</arg>
<arg>EH</arg>
<arg>ER</arg>
<arg>ES</arg>
<arg>ET</arg>
<arg>FI</arg>
<arg>FJ</arg>
<arg>FK</arg>
<arg>FM</arg>
<arg>FO</arg>
<arg>FR</arg>
<arg>GA</arg>
<arg>GB</arg>
<arg>GD</arg>
<arg>GE</arg>
<arg>GF</arg>
<arg>GG</arg>
<arg>GH</arg>
<arg>GI</arg>
<arg>GL</arg>
<arg>GM</arg>
<arg>GN</arg>
<arg>GP</arg>
<arg>GQ</arg>
<arg>GR</arg>
<arg>GS</arg>
<arg>GT</arg>
<arg>GU</arg>
<arg>GW</arg>
<arg>GY</arg>
<arg>HK</arg>
<arg>HM</arg>
<arg>HN</arg>
<arg>HR</arg>
<arg>HT</arg>
<arg>HU</arg>
<arg>ID</arg>
<arg>IE</arg>
<arg>IL</arg>
<arg>IM</arg>
<arg>IN</arg>
<arg>IO</arg>
<arg>IQ</arg>
<arg>IR</arg>
<arg>IS</arg>
<arg>IT</arg>
<arg>JE</arg>
<arg>JM</arg>
<arg>JO</arg>
<arg>JP</arg>
<arg>KE</arg>
<arg>KG</arg>
<arg>KH</arg>
<arg>KI</arg>
<arg>KM</arg>
<arg>KN</arg>
<arg>KP</arg>
<arg>KR</arg>
<arg>KW</arg>
<arg>KY</arg>
<arg>KZ</arg>
<arg>LA</arg>
<arg>LB</arg>
<arg>LC</arg>
<arg>LI</arg>
<arg>LK</arg>
<arg>LR</arg>
<arg>LS</arg>
<arg>LT</arg>
<arg>LU</arg>
<arg>LV</arg>
<arg>LY</arg>
<arg>MA</arg>
<arg>MC</arg>
<arg>MD</arg>
<arg>ME</arg>
<arg>MF</arg>
<arg>MG</arg>
<arg>MH</arg>
<arg>MK</arg>
<arg>ML</arg>
<arg>MM</arg>
<arg>MN</arg>
<arg>MO</arg>
<arg>MP</arg>
<arg>MQ</arg>
<arg>MR</arg>
<arg>MS</arg>
<arg>MT</arg>
<arg>MU</arg>
<arg>MV</arg>
<arg>MW</arg>
<arg>MX</arg>
<arg>MY</arg>
<arg>MZ</arg>
<arg>NA</arg>
<arg>NC</arg>
<arg>NE</arg>
<arg>NF</arg>
<arg>NG</arg>
<arg>NI</arg>
<arg>NL</arg>
<arg>NO</arg>
<arg>NP</arg>
<arg>NR</arg>
<arg>NU</arg>
<arg>NZ</arg>
<arg>OM</arg>
<arg>PA</arg>
<arg>PE</arg>
<arg>PF</arg>
<arg>PG</arg>
<arg>PH</arg>
<arg>PK</arg>
<arg>PL</arg>
<arg>PM</arg>
<arg>PN</arg>
<arg>PR</arg>
<arg>PS</arg>
<arg>PT</arg>
<arg>PW</arg>
<arg>PY</arg>
<arg>QA</arg>
<arg>RE</arg>
<arg>RO</arg>
<arg>RS</arg>
<arg>RU</arg>
<arg>RW</arg>
<arg>SA</arg>
<arg>SB</arg>
<arg>SC</arg>
<arg>SD</arg>
<arg>SE</arg>
<arg>SG</arg>
<arg>SH</arg>
<arg>SI</arg>
<arg>SJ</arg>
<arg>SK</arg>
<arg>SL</arg>
<arg>SM</arg>
<arg>SN</arg>
<arg>SO</arg>
<arg>SR</arg>
<arg>SS</arg>
<arg>ST</arg>
<arg>SV</arg>
<arg>SX</arg>
<arg>SY</arg>
<arg>SZ</arg>
<arg>TC</arg>
<arg>TD</arg>
<arg>TF</arg>
<arg>TG</arg>
<arg>TH</arg>
<arg>TJ</arg>
<arg>TK</arg>
<arg>TL</arg>
<arg>TM</arg>
<arg>TN</arg>
<arg>TO</arg>
<arg>TR</arg>
<arg>TT</arg>
<arg>TV</arg>
<arg>TW</arg>
<arg>TZ</arg>
<arg>UA</arg>
<arg>UG</arg>
<arg>UM</arg>
<arg>US</arg>
<arg>UY</arg>
<arg>UZ</arg>
<arg>VA</arg>
<arg>VC</arg>
<arg>VE</arg>
<arg>VG</arg>
<arg>VI</arg>
<arg>VN</arg>
<arg>VU</arg>
<arg>WF</arg>
<arg>WS</arg>
<arg>XK</arg>
<arg>YE</arg>
<arg>YT</arg>
<arg>ZA</arg>
<arg>ZM</arg>
<arg>ZW</arg>
<doc>Returns a list containing given items.</doc>
<status status="PASS" start="2024-07-28T03:16:59.205677" elapsed="0.001243"/>
</kw>
<kw name="List Should Contain Value" owner="Collections">
<arg>${list_country}</arg>
<arg>${name_country}</arg>
<doc>Fails if the ``value`` is not found from ``list``.</doc>
<status status="PASS" start="2024-07-28T03:16:59.208631" elapsed="0.000357"/>
</kw>
<kw name="Run Keyword If" owner="BuiltIn">
<kw name="Should Be True" owner="BuiltIn">
<arg>${True}</arg>
<doc>Fails if the given condition is not true.</doc>
<status status="PASS" start="2024-07-28T03:16:59.210590" elapsed="0.000222"/>
</kw>
<arg>${json_data["results"][0]["location"]["coordinates"]["latitude"]} &gt;= -90 and ${json_data["results"][0]["location"]["coordinates"]["latitude"]} &lt;= 90</arg>
<arg>Should Be True</arg>
<arg>${True}</arg>
<doc>Runs the given keyword with the given arguments, if ``condition`` is true.</doc>
<status status="PASS" start="2024-07-28T03:16:59.209335" elapsed="0.001698"/>
</kw>
<kw name="Run Keyword If" owner="BuiltIn">
<kw name="Should Be True" owner="BuiltIn">
<arg>${True}</arg>
<doc>Fails if the given condition is not true.</doc>
<status status="PASS" start="2024-07-28T03:16:59.212696" elapsed="0.000230"/>
</kw>
<arg>${json_data["results"][0]["location"]["coordinates"]["longitude"]} &gt;= -180 and ${json_data["results"][0]["location"]["coordinates"]["longitude"]} &lt;= 180</arg>
<arg>Should Be True</arg>
<arg>${True}</arg>
<doc>Runs the given keyword with the given arguments, if ``condition`` is true.</doc>
<status status="PASS" start="2024-07-28T03:16:59.211405" elapsed="0.001745"/>
</kw>
<status status="PASS" start="2024-07-28T03:16:59.168679" elapsed="0.044715"/>
</kw>
<doc>Testa o conteúdo específico dos campos retornados pela API.</doc>
<tag>testeConteudo</tag>
<status status="PASS" start="2024-07-28T03:16:59.168090" elapsed="0.045582"/>
</test>
<status status="PASS" start="2024-07-28T03:16:55.937877" elapsed="3.279001"/>
</suite>
<status status="PASS" start="2024-07-28T03:16:55.923491" elapsed="3.302452"/>
</suite>
<statistics>
<total>
<stat pass="5" fail="0" skip="0">All Tests</stat>
</total>
<tag>
<stat pass="1" fail="0" skip="0">testeConteudo</stat>
<stat pass="1" fail="0" skip="0">testeEstruturaResposta</stat>
<stat pass="1" fail="0" skip="0">testeRequisicaoBasica</stat>
<stat pass="1" fail="0" skip="0">testeTiposDados</stat>
</tag>
<suite>
<stat pass="5" fail="0" skip="0" id="s1" name="Tests">Tests</stat>
<stat pass="5" fail="0" skip="0" id="s1-s1" name="Random-User-Test">Tests.Random-User-Test</stat>
</suite>
</statistics>
<errors>
</errors>
</robot>
