<?xml version="1.0" encoding="UTF-8"?>
<robot generator="Robot 7.0 (Python 3.12.3 on linux)" generated="2024-05-02T02:26:00.976849" rpa="false" schemaversion="5">
<suite id="s1" name="Tests" source="/home/runner/work/DesafioQAItauRogerioJordao/DesafioQAItauRogerioJordao/RamdonUser/tests">
<suite id="s1-s1" name="Random-User-Test" source="/home/runner/work/DesafioQAItauRogerioJordao/DesafioQAItauRogerioJordao/RamdonUser/tests/random-user-test.robot">
<test id="s1-s1-t1" name="Conectar" line="13">
<kw name="Conectar API" owner="random-user-service">
<kw name="Create Session" owner="RequestsLibrary">
<msg time="2024-05-02T02:26:01.361216" level="INFO">Creating Session using : alias=consultarAPI, url=https://randomuser.me/, headers={},                     cookies={}, auth=None, timeout=None, proxies=None, verify=False,                     debug=0 </msg>
<arg>consultarAPI</arg>
<arg>${URL}</arg>
<doc>Create Session: create a HTTP session to a server</doc>
<status status="PASS" start="2024-05-02T02:26:01.361000" elapsed="0.000419"/>
</kw>
<status status="PASS" start="2024-05-02T02:26:01.359927" elapsed="0.001876"/>
</kw>
<status status="PASS" start="2024-05-02T02:26:01.359276" elapsed="0.002725"/>
</test>
<test id="s1-s1-t2" name="Validar retorno 200 e JSON Válido" line="16">
<kw name="Teste de Requisicao Basica" owner="random-user-service">
<kw name="GET On Session" owner="RequestsLibrary">
<msg time="2024-05-02T02:26:01.448298" level="INFO">GET Request : url=https://randomuser.me/api 
 path_url=/api 
 headers={'User-Agent': 'python-requests/2.31.0', 'Accept-Encoding': 'gzip, deflate', 'Accept': '*/*', 'Connection': 'keep-alive'} 
 body=None 
 </msg>
<msg time="2024-05-02T02:26:01.448458" level="INFO">GET Response : url=https://randomuser.me/api 
 status=200, reason=OK 
 headers={'Date': 'Thu, 02 May 2024 02:26:01 GMT', 'Content-Type': 'application/json; charset=utf-8', 'Transfer-Encoding': 'chunked', 'Connection': 'keep-alive', 'X-Powered-By': 'Express', 'Access-Control-Allow-Origin': '*', 'Cache-Control': 'no-cache', 'ETag': 'W/"4b6-cB3UTgaVAfi8n1POR5PwHomGtGw"', 'Vary': 'Accept-Encoding', 'Content-Encoding': 'gzip', 'CF-Cache-Status': 'DYNAMIC', 'Report-To': '{"endpoints":[{"url":"https:\\/\\/a.nel.cloudflare.com\\/report\\/v4?s=UsF%2FaoEOJRKfKdgbHabtVZUQK8A9E1cwXpmF1S%2FLgGF11Nz2oCwimtEfOugar7ze2mdiUoVtCh0eZdAKjZXIu2emtDgNl5u2hmR7E2oCd0fiCWpJgt4XOeR9DxWbRrSh"}],"group":"cf-nel","max_age":604800}', 'NEL': '{"success_fraction":0,"report_to":"cf-nel","max_age":604800}', 'Server': 'cloudflare', 'CF-RAY': '87d49066cec63b02-IAD', 'alt-svc': 'h3=":443"; ma=86400'} 
 body={"results":[{"gender":"female","name":{"title":"Miss","first":"Elisa","last":"Domínguez"},"location":{"street":{"number":6115,"name":"Calle de Bravo Murillo"},"city":"Torrejón de Ardoz","state":"Andalucía","country":"Spain","postcode":30650,"coordinates":{"latitude":"-35.2080","longitude":"105.3461"},"timezone":{"offset":"+3:00","description":"Baghdad, Riyadh, Moscow, St. Petersburg"}},"email":"elisa.dominguez@example.com","login":{"uuid":"430897d0-36aa-4522-bd4f-1b12bcfaeb1b","username":"yellowbutterfly744","password":"dimples","salt":"zQNuji8Z","md5":"53bff473e894272bf05e1f58dfa9fad2","sha1":"052a7aecd2035be47cab1fc13694163a9518141e","sha256":"5dc64a820ca2ae5c69a336c16939f634d9e68efee62f00c830327140c708e2c1"},"dob":{"date":"1951-01-18T09:23:14.619Z","age":73},"registered":{"date":"2005-04-20T04:03:06.823Z","age":19},"phone":"989-687-070","cell":"629-226-879","id":{"name":"DNI","value":"92977579-P"},"picture":{"large":"https://randomuser.me/api/portraits/women/72.jpg","medium":"https://randomuser.me/api/portraits/med/women/72.jpg","thumbnail":"https://randomuser.me/api/portraits/thumb/women/72.jpg"},"nat":"ES"}],"info":{"seed":"4fe0f4638d8e8538","results":1,"page":1,"version":"1.4"}} 
 </msg>
<msg time="2024-05-02T02:26:01.448555" level="INFO">/opt/hostedtoolcache/Python/3.12.3/x64/lib/python3.12/site-packages/urllib3/connectionpool.py:1103: InsecureRequestWarning: Unverified HTTPS request is being made to host 'randomuser.me'. Adding certificate verification is strongly advised. See: https://urllib3.readthedocs.io/en/latest/advanced-usage.html#tls-warnings
  warnings.warn(</msg>
<msg time="2024-05-02T02:26:01.448717" level="INFO">${response} = &lt;Response [200]&gt;</msg>
<var>${response}</var>
<arg>consultarAPI</arg>
<arg>/api</arg>
<doc>Sends a GET request on a previously created HTTP Session.</doc>
<status status="PASS" start="2024-05-02T02:26:01.364777" elapsed="0.083984"/>
</kw>
<kw name="Should Be Equal As Numbers" owner="BuiltIn">
<msg time="2024-05-02T02:26:01.449970" level="INFO">Argument types are:
&lt;class 'int'&gt;
&lt;class 'str'&gt;</msg>
<arg>${response.status_code}</arg>
<arg>200</arg>
<doc>Fails if objects are unequal after converting them to real numbers.</doc>
<status status="PASS" start="2024-05-02T02:26:01.449460" elapsed="0.000580"/>
</kw>
<kw name="Log" owner="BuiltIn">
<msg time="2024-05-02T02:26:01.450765" level="INFO">200</msg>
<arg>${response.status_code}</arg>
<doc>Logs the given message with the given level.</doc>
<status status="PASS" start="2024-05-02T02:26:01.450395" elapsed="0.000413"/>
</kw>
<kw name="Set Variable" owner="BuiltIn">
<msg time="2024-05-02T02:26:01.451580" level="INFO">${json_data} = {'results': [{'gender': 'female', 'name': {'title': 'Miss', 'first': 'Elisa', 'last': 'Domínguez'}, 'location': {'street': {'number': 6115, 'name': 'Calle de Bravo Murillo'}, 'city': 'Torrejón de Ardo...</msg>
<var>${json_data}</var>
<arg>${response.json()}</arg>
<doc>Returns the given values which can then be assigned to a variables.</doc>
<status status="PASS" start="2024-05-02T02:26:01.451116" elapsed="0.000497"/>
</kw>
<kw name="Dictionary Should Contain Key" owner="Collections">
<msg time="2024-05-02T02:26:01.452138" level="INFO">False</msg>
<arg>${json_data}</arg>
<arg>results</arg>
<doc>Fails if ``key`` is not found from ``dictionary``.</doc>
<status status="PASS" start="2024-05-02T02:26:01.451926" elapsed="0.000254"/>
</kw>
<status status="PASS" start="2024-05-02T02:26:01.364522" elapsed="0.087919"/>
</kw>
<doc>Testa se a API responde corretamente e retorna um objeto JSON válido.</doc>
<tag>testeRequisicaoBasica</tag>
<status status="PASS" start="2024-05-02T02:26:01.363971" elapsed="0.088658"/>
</test>
<test id="s1-s1-t3" name="Validar estrutura de resposta" line="22">
<kw name="Teste de Estrutura de Resposta" owner="random-user-service">
<kw name="GET On Session" owner="RequestsLibrary">
<msg time="2024-05-02T02:26:01.548903" level="INFO">GET Request : url=https://randomuser.me/api 
 path_url=/api 
 headers={'User-Agent': 'python-requests/2.31.0', 'Accept-Encoding': 'gzip, deflate', 'Accept': '*/*', 'Connection': 'keep-alive'} 
 body=None 
 </msg>
<msg time="2024-05-02T02:26:01.549023" level="INFO">GET Response : url=https://randomuser.me/api 
 status=200, reason=OK 
 headers={'Date': 'Thu, 02 May 2024 02:26:01 GMT', 'Content-Type': 'application/json; charset=utf-8', 'Transfer-Encoding': 'chunked', 'Connection': 'keep-alive', 'X-Powered-By': 'Express', 'Access-Control-Allow-Origin': '*', 'Cache-Control': 'no-cache', 'ETag': 'W/"492-63MO2rPJo8wN/fniTOT6MhONZFU"', 'Vary': 'Accept-Encoding', 'Content-Encoding': 'gzip', 'CF-Cache-Status': 'DYNAMIC', 'Report-To': '{"endpoints":[{"url":"https:\\/\\/a.nel.cloudflare.com\\/report\\/v4?s=mFXqfNRZKGK7KOMwK%2FtXtwb1TFiQjK5pFwvyZt8DujmlA2p9K4A0gzjy05F47d3LdWDA0blbSksMlKYpoGICgKg06sO08X1oiLgGkfMQlcRIN2ZLJ1sRUJ3QmH3kJXNr"}],"group":"cf-nel","max_age":604800}', 'NEL': '{"success_fraction":0,"report_to":"cf-nel","max_age":604800}', 'Server': 'cloudflare', 'CF-RAY': '87d490671f043b02-IAD', 'alt-svc': 'h3=":443"; ma=86400'} 
 body={"results":[{"gender":"male","name":{"title":"Mr","first":"Eetu","last":"Jokela"},"location":{"street":{"number":2202,"name":"Mannerheimintie"},"city":"Suonenjoki","state":"South Karelia","country":"Finland","postcode":86175,"coordinates":{"latitude":"-27.4313","longitude":"-125.5373"},"timezone":{"offset":"+4:00","description":"Abu Dhabi, Muscat, Baku, Tbilisi"}},"email":"eetu.jokela@example.com","login":{"uuid":"33936dbd-0b70-4132-bd0e-44f14e04b91e","username":"angrywolf328","password":"softail","salt":"aREcgmkR","md5":"e7c08ebff9341532ebfd68152a5599ff","sha1":"fe533813c3cb1b30157fb8ecfa95f569f4749cd0","sha256":"2b5ee047d09ecbeab06057434953c0546a5c9b6c7a27c3acbbcdbad4a4cfda93"},"dob":{"date":"1960-08-14T22:35:15.418Z","age":63},"registered":{"date":"2021-04-13T11:45:03.650Z","age":3},"phone":"04-802-761","cell":"049-308-56-02","id":{"name":"HETU","value":"NaNNA017undefined"},"picture":{"large":"https://randomuser.me/api/portraits/men/8.jpg","medium":"https://randomuser.me/api/portraits/med/men/8.jpg","thumbnail":"https://randomuser.me/api/portraits/thumb/men/8.jpg"},"nat":"FI"}],"info":{"seed":"2b957c6758b54f52","results":1,"page":1,"version":"1.4"}} 
 </msg>
<msg time="2024-05-02T02:26:01.549160" level="INFO">/opt/hostedtoolcache/Python/3.12.3/x64/lib/python3.12/site-packages/urllib3/connectionpool.py:1103: InsecureRequestWarning: Unverified HTTPS request is being made to host 'randomuser.me'. Adding certificate verification is strongly advised. See: https://urllib3.readthedocs.io/en/latest/advanced-usage.html#tls-warnings
  warnings.warn(</msg>
<msg time="2024-05-02T02:26:01.549303" level="INFO">${response} = &lt;Response [200]&gt;</msg>
<var>${response}</var>
<arg>consultarAPI</arg>
<arg>/api</arg>
<doc>Sends a GET request on a previously created HTTP Session.</doc>
<status status="PASS" start="2024-05-02T02:26:01.455417" elapsed="0.093929"/>
</kw>
<kw name="Set Variable" owner="BuiltIn">
<msg time="2024-05-02T02:26:01.550655" level="INFO">${json_data} = {'results': [{'gender': 'male', 'name': {'title': 'Mr', 'first': 'Eetu', 'last': 'Jokela'}, 'location': {'street': {'number': 2202, 'name': 'Mannerheimintie'}, 'city': 'Suonenjoki', 'state': 'South Ka...</msg>
<var>${json_data}</var>
<arg>${response.json()}</arg>
<doc>Returns the given values which can then be assigned to a variables.</doc>
<status status="PASS" start="2024-05-02T02:26:01.550029" elapsed="0.000655"/>
</kw>
<kw name="Log" owner="BuiltIn">
<msg time="2024-05-02T02:26:01.551170" level="INFO">{'results': [{'gender': 'male', 'name': {'title': 'Mr', 'first': 'Eetu', 'last': 'Jokela'}, 'location': {'street': {'number': 2202, 'name': 'Mannerheimintie'}, 'city': 'Suonenjoki', 'state': 'South Karelia', 'country': 'Finland', 'postcode': 86175, 'coordinates': {'latitude': '-27.4313', 'longitude': '-125.5373'}, 'timezone': {'offset': '+4:00', 'description': 'Abu Dhabi, Muscat, Baku, Tbilisi'}}, 'email': 'eetu.jokela@example.com', 'login': {'uuid': '33936dbd-0b70-4132-bd0e-44f14e04b91e', 'username': 'angrywolf328', 'password': 'softail', 'salt': 'aREcgmkR', 'md5': 'e7c08ebff9341532ebfd68152a5599ff', 'sha1': 'fe533813c3cb1b30157fb8ecfa95f569f4749cd0', 'sha256': '2b5ee047d09ecbeab06057434953c0546a5c9b6c7a27c3acbbcdbad4a4cfda93'}, 'dob': {'date': '1960-08-14T22:35:15.418Z', 'age': 63}, 'registered': {'date': '2021-04-13T11:45:03.650Z', 'age': 3}, 'phone': '04-802-761', 'cell': '049-308-56-02', 'id': {'name': 'HETU', 'value': 'NaNNA017undefined'}, 'picture': {'large': 'https://randomuser.me/api/portraits/men/8.jpg', 'medium': 'https://randomuser.me/api/portraits/med/men/8.jpg', 'thumbnail': 'https://randomuser.me/api/portraits/thumb/men/8.jpg'}, 'nat': 'FI'}], 'info': {'seed': '2b957c6758b54f52', 'results': 1, 'page': 1, 'version': '1.4'}}</msg>
<arg>${json_data}</arg>
<doc>Logs the given message with the given level.</doc>
<status status="PASS" start="2024-05-02T02:26:01.551006" elapsed="0.000214"/>
</kw>
<kw name="Dictionary Should Contain Key" owner="Collections">
<msg time="2024-05-02T02:26:01.551680" level="INFO">False</msg>
<arg>${json_data}</arg>
<arg>results</arg>
<doc>Fails if ``key`` is not found from ``dictionary``.</doc>
<status status="PASS" start="2024-05-02T02:26:01.551515" elapsed="0.000205"/>
</kw>
<kw name="Should Not Be Empty" owner="BuiltIn">
<msg time="2024-05-02T02:26:01.552202" level="INFO">Length is 2.</msg>
<arg>${json_data}</arg>
<doc>Verifies that the given item is not empty.</doc>
<status status="PASS" start="2024-05-02T02:26:01.552064" elapsed="0.000351"/>
</kw>
<kw name="Create List" owner="BuiltIn">
<msg time="2024-05-02T02:26:01.552868" level="INFO">${expected_keys} = ['gender', 'name', 'location', 'email', 'login']</msg>
<var>${expected_keys}</var>
<arg>gender</arg>
<arg>name</arg>
<arg>location</arg>
<arg>email</arg>
<arg>login</arg>
<doc>Returns a list containing given items.</doc>
<status status="PASS" start="2024-05-02T02:26:01.552714" elapsed="0.000179"/>
</kw>
<for flavor="IN">
<iter>
<kw name="Dictionary Should Contain Key" owner="Collections">
<msg time="2024-05-02T02:26:01.553910" level="INFO">False</msg>
<arg>${json_data['results'][0]}</arg>
<arg>${key}</arg>
<doc>Fails if ``key`` is not found from ``dictionary``.</doc>
<status status="PASS" start="2024-05-02T02:26:01.553490" elapsed="0.000459"/>
</kw>
<kw name="Log" owner="BuiltIn">
<msg time="2024-05-02T02:26:01.554623" level="INFO">{'gender': 'male', 'name': {'title': 'Mr', 'first': 'Eetu', 'last': 'Jokela'}, 'location': {'street': {'number': 2202, 'name': 'Mannerheimintie'}, 'city': 'Suonenjoki', 'state': 'South Karelia', 'country': 'Finland', 'postcode': 86175, 'coordinates': {'latitude': '-27.4313', 'longitude': '-125.5373'}, 'timezone': {'offset': '+4:00', 'description': 'Abu Dhabi, Muscat, Baku, Tbilisi'}}, 'email': 'eetu.jokela@example.com', 'login': {'uuid': '33936dbd-0b70-4132-bd0e-44f14e04b91e', 'username': 'angrywolf328', 'password': 'softail', 'salt': 'aREcgmkR', 'md5': 'e7c08ebff9341532ebfd68152a5599ff', 'sha1': 'fe533813c3cb1b30157fb8ecfa95f569f4749cd0', 'sha256': '2b5ee047d09ecbeab06057434953c0546a5c9b6c7a27c3acbbcdbad4a4cfda93'}, 'dob': {'date': '1960-08-14T22:35:15.418Z', 'age': 63}, 'registered': {'date': '2021-04-13T11:45:03.650Z', 'age': 3}, 'phone': '04-802-761', 'cell': '049-308-56-02', 'id': {'name': 'HETU', 'value': 'NaNNA017undefined'}, 'picture': {'large': 'https://randomuser.me/api/portraits/men/8.jpg', 'medium': 'https://randomuser.me/api/portraits/med/men/8.jpg', 'thumbnail': 'https://randomuser.me/api/portraits/thumb/men/8.jpg'}, 'nat': 'FI'}</msg>
<arg>${json_data['results'][0]}</arg>
<doc>Logs the given message with the given level.</doc>
<status status="PASS" start="2024-05-02T02:26:01.554250" elapsed="0.000422"/>
</kw>
<kw name="Log" owner="BuiltIn">
<msg time="2024-05-02T02:26:01.555100" level="INFO">gender</msg>
<arg>${key}</arg>
<doc>Logs the given message with the given level.</doc>
<status status="PASS" start="2024-05-02T02:26:01.554973" elapsed="0.000164"/>
</kw>
<var name="${key}">gender</var>
<status status="PASS" start="2024-05-02T02:26:01.553354" elapsed="0.001995"/>
</iter>
<iter>
<kw name="Dictionary Should Contain Key" owner="Collections">
<msg time="2024-05-02T02:26:01.556063" level="INFO">False</msg>
<arg>${json_data['results'][0]}</arg>
<arg>${key}</arg>
<doc>Fails if ``key`` is not found from ``dictionary``.</doc>
<status status="PASS" start="2024-05-02T02:26:01.555654" elapsed="0.000448"/>
</kw>
<kw name="Log" owner="BuiltIn">
<msg time="2024-05-02T02:26:01.556790" level="INFO">{'gender': 'male', 'name': {'title': 'Mr', 'first': 'Eetu', 'last': 'Jokela'}, 'location': {'street': {'number': 2202, 'name': 'Mannerheimintie'}, 'city': 'Suonenjoki', 'state': 'South Karelia', 'country': 'Finland', 'postcode': 86175, 'coordinates': {'latitude': '-27.4313', 'longitude': '-125.5373'}, 'timezone': {'offset': '+4:00', 'description': 'Abu Dhabi, Muscat, Baku, Tbilisi'}}, 'email': 'eetu.jokela@example.com', 'login': {'uuid': '33936dbd-0b70-4132-bd0e-44f14e04b91e', 'username': 'angrywolf328', 'password': 'softail', 'salt': 'aREcgmkR', 'md5': 'e7c08ebff9341532ebfd68152a5599ff', 'sha1': 'fe533813c3cb1b30157fb8ecfa95f569f4749cd0', 'sha256': '2b5ee047d09ecbeab06057434953c0546a5c9b6c7a27c3acbbcdbad4a4cfda93'}, 'dob': {'date': '1960-08-14T22:35:15.418Z', 'age': 63}, 'registered': {'date': '2021-04-13T11:45:03.650Z', 'age': 3}, 'phone': '04-802-761', 'cell': '049-308-56-02', 'id': {'name': 'HETU', 'value': 'NaNNA017undefined'}, 'picture': {'large': 'https://randomuser.me/api/portraits/men/8.jpg', 'medium': 'https://randomuser.me/api/portraits/med/men/8.jpg', 'thumbnail': 'https://randomuser.me/api/portraits/thumb/men/8.jpg'}, 'nat': 'FI'}</msg>
<arg>${json_data['results'][0]}</arg>
<doc>Logs the given message with the given level.</doc>
<status status="PASS" start="2024-05-02T02:26:01.556430" elapsed="0.000408"/>
</kw>
<kw name="Log" owner="BuiltIn">
<msg time="2024-05-02T02:26:01.557256" level="INFO">name</msg>
<arg>${key}</arg>
<doc>Logs the given message with the given level.</doc>
<status status="PASS" start="2024-05-02T02:26:01.557131" elapsed="0.000163"/>
</kw>
<var name="${key}">name</var>
<status status="PASS" start="2024-05-02T02:26:01.555539" elapsed="0.001967"/>
</iter>
<iter>
<kw name="Dictionary Should Contain Key" owner="Collections">
<msg time="2024-05-02T02:26:01.558180" level="INFO">False</msg>
<arg>${json_data['results'][0]}</arg>
<arg>${key}</arg>
<doc>Fails if ``key`` is not found from ``dictionary``.</doc>
<status status="PASS" start="2024-05-02T02:26:01.557794" elapsed="0.000424"/>
</kw>
<kw name="Log" owner="BuiltIn">
<msg time="2024-05-02T02:26:01.558879" level="INFO">{'gender': 'male', 'name': {'title': 'Mr', 'first': 'Eetu', 'last': 'Jokela'}, 'location': {'street': {'number': 2202, 'name': 'Mannerheimintie'}, 'city': 'Suonenjoki', 'state': 'South Karelia', 'country': 'Finland', 'postcode': 86175, 'coordinates': {'latitude': '-27.4313', 'longitude': '-125.5373'}, 'timezone': {'offset': '+4:00', 'description': 'Abu Dhabi, Muscat, Baku, Tbilisi'}}, 'email': 'eetu.jokela@example.com', 'login': {'uuid': '33936dbd-0b70-4132-bd0e-44f14e04b91e', 'username': 'angrywolf328', 'password': 'softail', 'salt': 'aREcgmkR', 'md5': 'e7c08ebff9341532ebfd68152a5599ff', 'sha1': 'fe533813c3cb1b30157fb8ecfa95f569f4749cd0', 'sha256': '2b5ee047d09ecbeab06057434953c0546a5c9b6c7a27c3acbbcdbad4a4cfda93'}, 'dob': {'date': '1960-08-14T22:35:15.418Z', 'age': 63}, 'registered': {'date': '2021-04-13T11:45:03.650Z', 'age': 3}, 'phone': '04-802-761', 'cell': '049-308-56-02', 'id': {'name': 'HETU', 'value': 'NaNNA017undefined'}, 'picture': {'large': 'https://randomuser.me/api/portraits/men/8.jpg', 'medium': 'https://randomuser.me/api/portraits/med/men/8.jpg', 'thumbnail': 'https://randomuser.me/api/portraits/thumb/men/8.jpg'}, 'nat': 'FI'}</msg>
<arg>${json_data['results'][0]}</arg>
<doc>Logs the given message with the given level.</doc>
<status status="PASS" start="2024-05-02T02:26:01.558516" elapsed="0.000411"/>
</kw>
<kw name="Log" owner="BuiltIn">
<msg time="2024-05-02T02:26:01.559345" level="INFO">location</msg>
<arg>${key}</arg>
<doc>Logs the given message with the given level.</doc>
<status status="PASS" start="2024-05-02T02:26:01.559219" elapsed="0.000163"/>
</kw>
<var name="${key}">location</var>
<status status="PASS" start="2024-05-02T02:26:01.557684" elapsed="0.001912"/>
</iter>
<iter>
<kw name="Dictionary Should Contain Key" owner="Collections">
<msg time="2024-05-02T02:26:01.560313" level="INFO">False</msg>
<arg>${json_data['results'][0]}</arg>
<arg>${key}</arg>
<doc>Fails if ``key`` is not found from ``dictionary``.</doc>
<status status="PASS" start="2024-05-02T02:26:01.559881" elapsed="0.000471"/>
</kw>
<kw name="Log" owner="BuiltIn">
<msg time="2024-05-02T02:26:01.561023" level="INFO">{'gender': 'male', 'name': {'title': 'Mr', 'first': 'Eetu', 'last': 'Jokela'}, 'location': {'street': {'number': 2202, 'name': 'Mannerheimintie'}, 'city': 'Suonenjoki', 'state': 'South Karelia', 'country': 'Finland', 'postcode': 86175, 'coordinates': {'latitude': '-27.4313', 'longitude': '-125.5373'}, 'timezone': {'offset': '+4:00', 'description': 'Abu Dhabi, Muscat, Baku, Tbilisi'}}, 'email': 'eetu.jokela@example.com', 'login': {'uuid': '33936dbd-0b70-4132-bd0e-44f14e04b91e', 'username': 'angrywolf328', 'password': 'softail', 'salt': 'aREcgmkR', 'md5': 'e7c08ebff9341532ebfd68152a5599ff', 'sha1': 'fe533813c3cb1b30157fb8ecfa95f569f4749cd0', 'sha256': '2b5ee047d09ecbeab06057434953c0546a5c9b6c7a27c3acbbcdbad4a4cfda93'}, 'dob': {'date': '1960-08-14T22:35:15.418Z', 'age': 63}, 'registered': {'date': '2021-04-13T11:45:03.650Z', 'age': 3}, 'phone': '04-802-761', 'cell': '049-308-56-02', 'id': {'name': 'HETU', 'value': 'NaNNA017undefined'}, 'picture': {'large': 'https://randomuser.me/api/portraits/men/8.jpg', 'medium': 'https://randomuser.me/api/portraits/med/men/8.jpg', 'thumbnail': 'https://randomuser.me/api/portraits/thumb/men/8.jpg'}, 'nat': 'FI'}</msg>
<arg>${json_data['results'][0]}</arg>
<doc>Logs the given message with the given level.</doc>
<status status="PASS" start="2024-05-02T02:26:01.560653" elapsed="0.000418"/>
</kw>
<kw name="Log" owner="BuiltIn">
<msg time="2024-05-02T02:26:01.561489" level="INFO">email</msg>
<arg>${key}</arg>
<doc>Logs the given message with the given level.</doc>
<status status="PASS" start="2024-05-02T02:26:01.561363" elapsed="0.000165"/>
</kw>
<var name="${key}">email</var>
<status status="PASS" start="2024-05-02T02:26:01.559772" elapsed="0.001973"/>
</iter>
<iter>
<kw name="Dictionary Should Contain Key" owner="Collections">
<msg time="2024-05-02T02:26:01.562410" level="INFO">False</msg>
<arg>${json_data['results'][0]}</arg>
<arg>${key}</arg>
<doc>Fails if ``key`` is not found from ``dictionary``.</doc>
<status status="PASS" start="2024-05-02T02:26:01.562028" elapsed="0.000425"/>
</kw>
<kw name="Log" owner="BuiltIn">
<msg time="2024-05-02T02:26:01.563121" level="INFO">{'gender': 'male', 'name': {'title': 'Mr', 'first': 'Eetu', 'last': 'Jokela'}, 'location': {'street': {'number': 2202, 'name': 'Mannerheimintie'}, 'city': 'Suonenjoki', 'state': 'South Karelia', 'country': 'Finland', 'postcode': 86175, 'coordinates': {'latitude': '-27.4313', 'longitude': '-125.5373'}, 'timezone': {'offset': '+4:00', 'description': 'Abu Dhabi, Muscat, Baku, Tbilisi'}}, 'email': 'eetu.jokela@example.com', 'login': {'uuid': '33936dbd-0b70-4132-bd0e-44f14e04b91e', 'username': 'angrywolf328', 'password': 'softail', 'salt': 'aREcgmkR', 'md5': 'e7c08ebff9341532ebfd68152a5599ff', 'sha1': 'fe533813c3cb1b30157fb8ecfa95f569f4749cd0', 'sha256': '2b5ee047d09ecbeab06057434953c0546a5c9b6c7a27c3acbbcdbad4a4cfda93'}, 'dob': {'date': '1960-08-14T22:35:15.418Z', 'age': 63}, 'registered': {'date': '2021-04-13T11:45:03.650Z', 'age': 3}, 'phone': '04-802-761', 'cell': '049-308-56-02', 'id': {'name': 'HETU', 'value': 'NaNNA017undefined'}, 'picture': {'large': 'https://randomuser.me/api/portraits/men/8.jpg', 'medium': 'https://randomuser.me/api/portraits/med/men/8.jpg', 'thumbnail': 'https://randomuser.me/api/portraits/thumb/men/8.jpg'}, 'nat': 'FI'}</msg>
<arg>${json_data['results'][0]}</arg>
<doc>Logs the given message with the given level.</doc>
<status status="PASS" start="2024-05-02T02:26:01.562752" elapsed="0.000418"/>
</kw>
<kw name="Log" owner="BuiltIn">
<msg time="2024-05-02T02:26:01.563595" level="INFO">login</msg>
<arg>${key}</arg>
<doc>Logs the given message with the given level.</doc>
<status status="PASS" start="2024-05-02T02:26:01.563468" elapsed="0.000165"/>
</kw>
<var name="${key}">login</var>
<status status="PASS" start="2024-05-02T02:26:01.561917" elapsed="0.001962"/>
</iter>
<var>${key}</var>
<value>@{expected_keys}</value>
<status status="PASS" start="2024-05-02T02:26:01.553156" elapsed="0.010882"/>
</for>
<kw name="Create List" owner="BuiltIn">
<msg time="2024-05-02T02:26:01.564383" level="INFO">${expected_keysTwo} = ['username', 'password']</msg>
<var>${expected_keysTwo}</var>
<arg>username</arg>
<arg>password</arg>
<doc>Returns a list containing given items.</doc>
<status status="PASS" start="2024-05-02T02:26:01.564243" elapsed="0.000165"/>
</kw>
<for flavor="IN">
<iter>
<kw name="Dictionary Should Contain Key" owner="Collections">
<msg time="2024-05-02T02:26:01.565303" level="INFO">False</msg>
<arg>${json_data['results'][0]['login']}</arg>
<arg>${keyTwo}</arg>
<doc>Fails if ``key`` is not found from ``dictionary``.</doc>
<status status="PASS" start="2024-05-02T02:26:01.564913" elapsed="0.000428"/>
</kw>
<kw name="Dictionary Should Contain Key" owner="Collections">
<msg time="2024-05-02T02:26:01.566017" level="INFO">False</msg>
<arg>${json_data['results'][0]['login']}</arg>
<arg>${keyTwo}</arg>
<doc>Fails if ``key`` is not found from ``dictionary``.</doc>
<status status="PASS" start="2024-05-02T02:26:01.565637" elapsed="0.000417"/>
</kw>
<kw name="Log" owner="BuiltIn">
<msg time="2024-05-02T02:26:01.566470" level="INFO">username</msg>
<arg>${keyTwo}</arg>
<doc>Logs the given message with the given level.</doc>
<status status="PASS" start="2024-05-02T02:26:01.566344" elapsed="0.000168"/>
</kw>
<var name="${keyTwo}">username</var>
<status status="PASS" start="2024-05-02T02:26:01.564804" elapsed="0.001926"/>
</iter>
<iter>
<kw name="Dictionary Should Contain Key" owner="Collections">
<msg time="2024-05-02T02:26:01.567483" level="INFO">False</msg>
<arg>${json_data['results'][0]['login']}</arg>
<arg>${keyTwo}</arg>
<doc>Fails if ``key`` is not found from ``dictionary``.</doc>
<status status="PASS" start="2024-05-02T02:26:01.567014" elapsed="0.000511"/>
</kw>
<kw name="Dictionary Should Contain Key" owner="Collections">
<msg time="2024-05-02T02:26:01.568248" level="INFO">False</msg>
<arg>${json_data['results'][0]['login']}</arg>
<arg>${keyTwo}</arg>
<doc>Fails if ``key`` is not found from ``dictionary``.</doc>
<status status="PASS" start="2024-05-02T02:26:01.567824" elapsed="0.000461"/>
</kw>
<kw name="Log" owner="BuiltIn">
<msg time="2024-05-02T02:26:01.568715" level="INFO">password</msg>
<arg>${keyTwo}</arg>
<doc>Logs the given message with the given level.</doc>
<status status="PASS" start="2024-05-02T02:26:01.568584" elapsed="0.000169"/>
</kw>
<var name="${keyTwo}">password</var>
<status status="PASS" start="2024-05-02T02:26:01.566904" elapsed="0.002071"/>
</iter>
<var>${keyTwo}</var>
<value>@{expected_keysTwo}</value>
<status status="PASS" start="2024-05-02T02:26:01.564650" elapsed="0.004447"/>
</for>
<status status="PASS" start="2024-05-02T02:26:01.455172" elapsed="0.114069"/>
</kw>
<doc>Testa a estrutura da resposta da API.</doc>
<tag>testeEstruturaResposta</tag>
<status status="PASS" start="2024-05-02T02:26:01.454515" elapsed="0.114887"/>
</test>
<test id="s1-s1-t4" name="Validar tipos de dados" line="28">
<kw name="Teste de Tipos de Dados" owner="random-user-service">
<kw name="GET On Session" owner="RequestsLibrary">
<msg time="2024-05-02T02:26:01.647845" level="INFO">GET Request : url=https://randomuser.me/api 
 path_url=/api 
 headers={'User-Agent': 'python-requests/2.31.0', 'Accept-Encoding': 'gzip, deflate', 'Accept': '*/*', 'Connection': 'keep-alive'} 
 body=None 
 </msg>
<msg time="2024-05-02T02:26:01.647959" level="INFO">GET Response : url=https://randomuser.me/api 
 status=200, reason=OK 
 headers={'Date': 'Thu, 02 May 2024 02:26:01 GMT', 'Content-Type': 'application/json; charset=utf-8', 'Transfer-Encoding': 'chunked', 'Connection': 'keep-alive', 'X-Powered-By': 'Express', 'Access-Control-Allow-Origin': '*', 'Cache-Control': 'no-cache', 'ETag': 'W/"495-hgWDcySSYCsaIFjyFocrjEXCZo4"', 'Vary': 'Accept-Encoding', 'Content-Encoding': 'gzip', 'CF-Cache-Status': 'DYNAMIC', 'Report-To': '{"endpoints":[{"url":"https:\\/\\/a.nel.cloudflare.com\\/report\\/v4?s=LkjoPF4imQD6aihCVBChvrUT6Y0KUt58cinixy%2BC9EZE%2BhdTeieFx3U7h4zpHLIngBx9pnT%2BGW4apgqS1juFhrdN4gmXdUio5CIyq5qN1cbHTOnKg0ef8xAusxhqnNm8"}],"group":"cf-nel","max_age":604800}', 'NEL': '{"success_fraction":0,"report_to":"cf-nel","max_age":604800}', 'Server': 'cloudflare', 'CF-RAY': '87d49067dfc03b02-IAD', 'alt-svc': 'h3=":443"; ma=86400'} 
 body={"results":[{"gender":"male","name":{"title":"Mr","first":"Radko","last":"Gerasimenko"},"location":{"street":{"number":8506,"name":"Provulok Chapligina"},"city":"Piryatin","state":"Volinska","country":"Ukraine","postcode":40605,"coordinates":{"latitude":"74.7556","longitude":"-31.8004"},"timezone":{"offset":"+8:00","description":"Beijing, Perth, Singapore, Hong Kong"}},"email":"radko.gerasimenko@example.com","login":{"uuid":"b2ddfa15-fc8f-4291-91e1-23cdcfe5cb38","username":"tinybutterfly230","password":"aaaaa1","salt":"7XF8jLgK","md5":"11f4b10fb712f1901f72f28e35964915","sha1":"e7a5c565c1b85dc91b0e677dea45e08f99ce411a","sha256":"19b6fe983587a716360d074ee6379d907749d3589e49bac4a24d0e0ae810a370"},"dob":{"date":"1957-05-06T18:02:40.610Z","age":66},"registered":{"date":"2018-05-02T15:12:57.594Z","age":5},"phone":"(098) Z93-7715","cell":"(066) B78-1088","id":{"name":"","value":null},"picture":{"large":"https://randomuser.me/api/portraits/men/82.jpg","medium":"https://randomuser.me/api/portraits/med/men/82.jpg","thumbnail":"https://randomuser.me/api/portraits/thumb/men/82.jpg"},"nat":"UA"}],"info":{"seed":"d4119c33eefb15e0","results":1,"page":1,"version":"1.4"}} 
 </msg>
<msg time="2024-05-02T02:26:01.648079" level="INFO">/opt/hostedtoolcache/Python/3.12.3/x64/lib/python3.12/site-packages/urllib3/connectionpool.py:1103: InsecureRequestWarning: Unverified HTTPS request is being made to host 'randomuser.me'. Adding certificate verification is strongly advised. See: https://urllib3.readthedocs.io/en/latest/advanced-usage.html#tls-warnings
  warnings.warn(</msg>
<msg time="2024-05-02T02:26:01.648238" level="INFO">${response} = &lt;Response [200]&gt;</msg>
<var>${response}</var>
<arg>consultarAPI</arg>
<arg>/api</arg>
<doc>Sends a GET request on a previously created HTTP Session.</doc>
<status status="PASS" start="2024-05-02T02:26:01.572041" elapsed="0.076240"/>
</kw>
<kw name="Set Variable" owner="BuiltIn">
<msg time="2024-05-02T02:26:01.649491" level="INFO">${json_data} = {'results': [{'gender': 'male', 'name': {'title': 'Mr', 'first': 'Radko', 'last': 'Gerasimenko'}, 'location': {'street': {'number': 8506, 'name': 'Provulok Chapligina'}, 'city': 'Piryatin', 'state': '...</msg>
<var>${json_data}</var>
<arg>${response.json()}</arg>
<doc>Returns the given values which can then be assigned to a variables.</doc>
<status status="PASS" start="2024-05-02T02:26:01.648923" elapsed="0.000599"/>
</kw>
<kw name="Log" owner="BuiltIn">
<msg time="2024-05-02T02:26:01.650012" level="INFO">{'results': [{'gender': 'male', 'name': {'title': 'Mr', 'first': 'Radko', 'last': 'Gerasimenko'}, 'location': {'street': {'number': 8506, 'name': 'Provulok Chapligina'}, 'city': 'Piryatin', 'state': 'Volinska', 'country': 'Ukraine', 'postcode': 40605, 'coordinates': {'latitude': '74.7556', 'longitude': '-31.8004'}, 'timezone': {'offset': '+8:00', 'description': 'Beijing, Perth, Singapore, Hong Kong'}}, 'email': 'radko.gerasimenko@example.com', 'login': {'uuid': 'b2ddfa15-fc8f-4291-91e1-23cdcfe5cb38', 'username': 'tinybutterfly230', 'password': 'aaaaa1', 'salt': '7XF8jLgK', 'md5': '11f4b10fb712f1901f72f28e35964915', 'sha1': 'e7a5c565c1b85dc91b0e677dea45e08f99ce411a', 'sha256': '19b6fe983587a716360d074ee6379d907749d3589e49bac4a24d0e0ae810a370'}, 'dob': {'date': '1957-05-06T18:02:40.610Z', 'age': 66}, 'registered': {'date': '2018-05-02T15:12:57.594Z', 'age': 5}, 'phone': '(098) Z93-7715', 'cell': '(066) B78-1088', 'id': {'name': '', 'value': None}, 'picture': {'large': 'https://randomuser.me/api/portraits/men/82.jpg', 'medium': 'https://randomuser.me/api/portraits/med/men/82.jpg', 'thumbnail': 'https://randomuser.me/api/portraits/thumb/men/82.jpg'}, 'nat': 'UA'}], 'info': {'seed': 'd4119c33eefb15e0', 'results': 1, 'page': 1, 'version': '1.4'}}</msg>
<arg>${json_data}</arg>
<doc>Logs the given message with the given level.</doc>
<status status="PASS" start="2024-05-02T02:26:01.649836" elapsed="0.000262"/>
</kw>
<kw name="Should Be String" owner="String">
<arg>${json_data['results'][0]['gender']}</arg>
<doc>Fails if the given ``item`` is not a string.</doc>
<status status="PASS" start="2024-05-02T02:26:01.650422" elapsed="0.000386"/>
</kw>
<kw name="Should Match Regexp" owner="BuiltIn">
<arg>${json_data['results'][0]['email']}</arg>
<arg>^[a-zA-Z0-9._%+-]+@[a-zA-Z0-9.-]+\.[a-zA-Z]{2,}$</arg>
<doc>Fails if ``string`` does not match ``pattern`` as a regular expression.</doc>
<status status="PASS" start="2024-05-02T02:26:01.651005" elapsed="0.000523"/>
</kw>
<kw name="Should Match Regexp" owner="BuiltIn">
<arg>${json_data['results'][0]['dob']['date']}</arg>
<arg>\\d{4}-\\d{2}-\\d{2}T\\d{2}:\\d{2}:\\d{2}\\.\\d{3}Z</arg>
<doc>Fails if ``string`` does not match ``pattern`` as a regular expression.</doc>
<status status="PASS" start="2024-05-02T02:26:01.651724" elapsed="0.000548"/>
</kw>
<kw name="Should Match Regexp" owner="BuiltIn">
<arg>${json_data['results'][0]['registered']['date']}</arg>
<arg>\\d{4}-\\d{2}-\\d{2}T\\d{2}:\\d{2}:\\d{2}\\.\\d{3}Z</arg>
<doc>Fails if ``string`` does not match ``pattern`` as a regular expression.</doc>
<status status="PASS" start="2024-05-02T02:26:01.652471" elapsed="0.000374"/>
</kw>
<kw name="Should Match Regexp" owner="BuiltIn">
<arg>${json_data['results'][0]['picture']['large']}</arg>
<arg>^https?://.*\.(?:png|jpe?g|gif|bmp)$</arg>
<doc>Fails if ``string`` does not match ``pattern`` as a regular expression.</doc>
<status status="PASS" start="2024-05-02T02:26:01.653040" elapsed="0.000468"/>
</kw>
<kw name="Should Match Regexp" owner="BuiltIn">
<arg>${json_data['results'][0]['picture']['medium']}</arg>
<arg>^https?://.*\.(?:png|jpe?g|gif|bmp)$</arg>
<doc>Fails if ``string`` does not match ``pattern`` as a regular expression.</doc>
<status status="PASS" start="2024-05-02T02:26:01.653701" elapsed="0.000364"/>
</kw>
<kw name="Should Match Regexp" owner="BuiltIn">
<arg>${json_data['results'][0]['picture']['thumbnail']}</arg>
<arg>^https?://.*\.(?:png|jpe?g|gif|bmp)$</arg>
<doc>Fails if ``string`` does not match ``pattern`` as a regular expression.</doc>
<status status="PASS" start="2024-05-02T02:26:01.654258" elapsed="0.000353"/>
</kw>
<kw name="Log" owner="BuiltIn">
<msg time="2024-05-02T02:26:01.655121" level="INFO">{'large': 'https://randomuser.me/api/portraits/men/82.jpg', 'medium': 'https://randomuser.me/api/portraits/med/men/82.jpg', 'thumbnail': 'https://randomuser.me/api/portraits/thumb/men/82.jpg'}</msg>
<arg>${json_data['results'][0]['picture']}</arg>
<doc>Logs the given message with the given level.</doc>
<status status="PASS" start="2024-05-02T02:26:01.654795" elapsed="0.000368"/>
</kw>
<status status="PASS" start="2024-05-02T02:26:01.571767" elapsed="0.083655"/>
</kw>
<kw name="Teste de Tipos de Dados - Postcode" owner="random-user-service">
<kw name="GET On Session" owner="RequestsLibrary">
<msg time="2024-05-02T02:26:01.747794" level="INFO">GET Request : url=https://randomuser.me/api 
 path_url=/api 
 headers={'User-Agent': 'python-requests/2.31.0', 'Accept-Encoding': 'gzip, deflate', 'Accept': '*/*', 'Connection': 'keep-alive'} 
 body=None 
 </msg>
<msg time="2024-05-02T02:26:01.747869" level="INFO">GET Response : url=https://randomuser.me/api 
 status=200, reason=OK 
 headers={'Date': 'Thu, 02 May 2024 02:26:01 GMT', 'Content-Type': 'application/json; charset=utf-8', 'Transfer-Encoding': 'chunked', 'Connection': 'keep-alive', 'X-Powered-By': 'Express', 'Access-Control-Allow-Origin': '*', 'Cache-Control': 'no-cache', 'ETag': 'W/"465-IL5XWzTDAxYA8JAj1BBA+gTyWto"', 'Vary': 'Accept-Encoding', 'Content-Encoding': 'gzip', 'CF-Cache-Status': 'DYNAMIC', 'Report-To': '{"endpoints":[{"url":"https:\\/\\/a.nel.cloudflare.com\\/report\\/v4?s=0lWNdwJ%2BaDhlFjlRaTgxKV8%2B0pVXwgXaQMTnZIVuQeO8Dj2w8G3RGeL%2F0fzQGMDIN4UxAwXsbIJMfDQhqn7K1sYAkB5%2BGhFIDH43fiV4PnMCLhwHs3hdYjW6E0xlQCFi"}],"group":"cf-nel","max_age":604800}', 'NEL': '{"success_fraction":0,"report_to":"cf-nel","max_age":604800}', 'Server': 'cloudflare', 'CF-RAY': '87d4906868613b02-IAD', 'alt-svc': 'h3=":443"; ma=86400'} 
 body={"results":[{"gender":"male","name":{"title":"Mr","first":"Julio","last":"Davies"},"location":{"street":{"number":9695,"name":"The Drive"},"city":"Skerries","state":"Westmeath","country":"Ireland","postcode":56321,"coordinates":{"latitude":"-2.0701","longitude":"-126.2756"},"timezone":{"offset":"-9:00","description":"Alaska"}},"email":"julio.davies@example.com","login":{"uuid":"932fdde8-c991-4fb6-b1a2-e2e39fa66a64","username":"purplecat933","password":"andre","salt":"VKIe0Uyn","md5":"ef754a1cb3df5e7775a9897f5f4fbda6","sha1":"18f3eb3f57454fe02a714a8c412b1a3e05bac95e","sha256":"2f682670b6e64dff19a233539bd55d3f9d4fb2eaefcc2ac2376e0140f909d827"},"dob":{"date":"1952-07-25T20:03:47.182Z","age":71},"registered":{"date":"2021-02-12T02:15:29.956Z","age":3},"phone":"051-963-4643","cell":"081-622-7159","id":{"name":"PPS","value":"7676751T"},"picture":{"large":"https://randomuser.me/api/portraits/men/18.jpg","medium":"https://randomuser.me/api/portraits/med/men/18.jpg","thumbnail":"https://randomuser.me/api/portraits/thumb/men/18.jpg"},"nat":"IE"}],"info":{"seed":"1d37378584bfdadd","results":1,"page":1,"version":"1.4"}} 
 </msg>
<msg time="2024-05-02T02:26:01.747933" level="INFO">/opt/hostedtoolcache/Python/3.12.3/x64/lib/python3.12/site-packages/urllib3/connectionpool.py:1103: InsecureRequestWarning: Unverified HTTPS request is being made to host 'randomuser.me'. Adding certificate verification is strongly advised. See: https://urllib3.readthedocs.io/en/latest/advanced-usage.html#tls-warnings
  warnings.warn(</msg>
<msg time="2024-05-02T02:26:01.748073" level="INFO">${response} = &lt;Response [200]&gt;</msg>
<var>${response}</var>
<arg>consultarAPI</arg>
<arg>/api</arg>
<doc>Sends a GET request on a previously created HTTP Session.</doc>
<status status="PASS" start="2024-05-02T02:26:01.655901" elapsed="0.092215"/>
</kw>
<kw name="Set Variable" owner="BuiltIn">
<msg time="2024-05-02T02:26:01.749153" level="INFO">${json_data} = {'results': [{'gender': 'male', 'name': {'title': 'Mr', 'first': 'Julio', 'last': 'Davies'}, 'location': {'street': {'number': 9695, 'name': 'The Drive'}, 'city': 'Skerries', 'state': 'Westmeath', 'co...</msg>
<var>${json_data}</var>
<arg>${response.json()}</arg>
<doc>Returns the given values which can then be assigned to a variables.</doc>
<status status="PASS" start="2024-05-02T02:26:01.748626" elapsed="0.000556"/>
</kw>
<kw name="Log" owner="BuiltIn">
<msg time="2024-05-02T02:26:01.749651" level="INFO">{'results': [{'gender': 'male', 'name': {'title': 'Mr', 'first': 'Julio', 'last': 'Davies'}, 'location': {'street': {'number': 9695, 'name': 'The Drive'}, 'city': 'Skerries', 'state': 'Westmeath', 'country': 'Ireland', 'postcode': 56321, 'coordinates': {'latitude': '-2.0701', 'longitude': '-126.2756'}, 'timezone': {'offset': '-9:00', 'description': 'Alaska'}}, 'email': 'julio.davies@example.com', 'login': {'uuid': '932fdde8-c991-4fb6-b1a2-e2e39fa66a64', 'username': 'purplecat933', 'password': 'andre', 'salt': 'VKIe0Uyn', 'md5': 'ef754a1cb3df5e7775a9897f5f4fbda6', 'sha1': '18f3eb3f57454fe02a714a8c412b1a3e05bac95e', 'sha256': '2f682670b6e64dff19a233539bd55d3f9d4fb2eaefcc2ac2376e0140f909d827'}, 'dob': {'date': '1952-07-25T20:03:47.182Z', 'age': 71}, 'registered': {'date': '2021-02-12T02:15:29.956Z', 'age': 3}, 'phone': '051-963-4643', 'cell': '081-622-7159', 'id': {'name': 'PPS', 'value': '7676751T'}, 'picture': {'large': 'https://randomuser.me/api/portraits/men/18.jpg', 'medium': 'https://randomuser.me/api/portraits/med/men/18.jpg', 'thumbnail': 'https://randomuser.me/api/portraits/thumb/men/18.jpg'}, 'nat': 'IE'}], 'info': {'seed': '1d37378584bfdadd', 'results': 1, 'page': 1, 'version': '1.4'}}</msg>
<arg>${json_data}</arg>
<doc>Logs the given message with the given level.</doc>
<status status="PASS" start="2024-05-02T02:26:01.749495" elapsed="0.000235"/>
</kw>
<kw name="Should Be Equal As Numbers" owner="BuiltIn">
<arg>${json_data['results'][0]['location']['postcode']}</arg>
<arg>${json_data['results'][0]['location']['postcode']}</arg>
<doc>Fails if objects are unequal after converting them to real numbers.</doc>
<status status="PASS" start="2024-05-02T02:26:01.750189" elapsed="0.000629"/>
</kw>
<kw name="Log" owner="BuiltIn">
<msg time="2024-05-02T02:26:01.751370" level="INFO">56321</msg>
<arg>${json_data['results'][0]['location']['postcode']}</arg>
<doc>Logs the given message with the given level.</doc>
<status status="PASS" start="2024-05-02T02:26:01.751017" elapsed="0.000393"/>
</kw>
<status status="PASS" start="2024-05-02T02:26:01.655666" elapsed="0.095996"/>
</kw>
<doc>Testa se os tipos de dados na resposta da API estão corretos.</doc>
<tag>testeTiposDados</tag>
<status status="PASS" start="2024-05-02T02:26:01.571200" elapsed="0.180633"/>
</test>
<test id="s1-s1-t5" name="Validar conteudo" line="35">
<kw name="Teste de Tipos de Conteudo" owner="random-user-service">
<kw name="GET On Session" owner="RequestsLibrary">
<msg time="2024-05-02T02:26:01.852893" level="INFO">GET Request : url=https://randomuser.me/api 
 path_url=/api 
 headers={'User-Agent': 'python-requests/2.31.0', 'Accept-Encoding': 'gzip, deflate', 'Accept': '*/*', 'Connection': 'keep-alive'} 
 body=None 
 </msg>
<msg time="2024-05-02T02:26:01.852992" level="INFO">GET Response : url=https://randomuser.me/api 
 status=200, reason=OK 
 headers={'Date': 'Thu, 02 May 2024 02:26:01 GMT', 'Content-Type': 'application/json; charset=utf-8', 'Transfer-Encoding': 'chunked', 'Connection': 'keep-alive', 'X-Powered-By': 'Express', 'Access-Control-Allow-Origin': '*', 'Cache-Control': 'no-cache', 'ETag': 'W/"484-1mAUpVvjpLpy6nx0aM8x2I4hPi4"', 'Vary': 'Accept-Encoding', 'Content-Encoding': 'gzip', 'CF-Cache-Status': 'DYNAMIC', 'Report-To': '{"endpoints":[{"url":"https:\\/\\/a.nel.cloudflare.com\\/report\\/v4?s=EkyvRtpqSHNu%2BDSuo60xthOJt3rCWG6kSfJizaQPaRJGxBjGA5%2FAtavUjziIPlISV874DZMgEviuK7kKWCJfAq04xehguGsNi3qcaqcDOsnq1JRVe53eSYqJ1lHfRTg3"}],"group":"cf-nel","max_age":604800}', 'NEL': '{"success_fraction":0,"report_to":"cf-nel","max_age":604800}', 'Server': 'cloudflare', 'CF-RAY': '87d49068f8fe3b02-IAD', 'alt-svc': 'h3=":443"; ma=86400'} 
 body={"results":[{"gender":"female","name":{"title":"Ms","first":"Maja","last":"Spajić"},"location":{"street":{"number":6403,"name":"Dolačka"},"city":"Bački Petrovac","state":"Bor","country":"Serbia","postcode":82125,"coordinates":{"latitude":"62.4400","longitude":"58.0537"},"timezone":{"offset":"-8:00","description":"Pacific Time (US &amp; Canada)"}},"email":"maja.spajic@example.com","login":{"uuid":"7bc2a210-c1c2-4b58-b679-4ddc28f6c999","username":"organicelephant863","password":"jelly","salt":"hWiSwFQz","md5":"ee4f0cc78fb70488cd3d2ca6d94b96f2","sha1":"a09155546d6973a229898824acb7a26eac688eda","sha256":"152613eb7ea45a9a6777b3f33ece428f8795fd640dc0d711cb8889fa3cce42f4"},"dob":{"date":"1993-06-27T00:03:38.995Z","age":30},"registered":{"date":"2018-01-14T13:18:59.961Z","age":6},"phone":"029-4765-590","cell":"066-1519-267","id":{"name":"SID","value":"124054964"},"picture":{"large":"https://randomuser.me/api/portraits/women/15.jpg","medium":"https://randomuser.me/api/portraits/med/women/15.jpg","thumbnail":"https://randomuser.me/api/portraits/thumb/women/15.jpg"},"nat":"RS"}],"info":{"seed":"2ddbf63307a4ff6e","results":1,"page":1,"version":"1.4"}} 
 </msg>
<msg time="2024-05-02T02:26:01.853078" level="INFO">/opt/hostedtoolcache/Python/3.12.3/x64/lib/python3.12/site-packages/urllib3/connectionpool.py:1103: InsecureRequestWarning: Unverified HTTPS request is being made to host 'randomuser.me'. Adding certificate verification is strongly advised. See: https://urllib3.readthedocs.io/en/latest/advanced-usage.html#tls-warnings
  warnings.warn(</msg>
<msg time="2024-05-02T02:26:01.853225" level="INFO">${response} = &lt;Response [200]&gt;</msg>
<var>${response}</var>
<arg>consultarAPI</arg>
<arg>/api</arg>
<doc>Sends a GET request on a previously created HTTP Session.</doc>
<status status="PASS" start="2024-05-02T02:26:01.754427" elapsed="0.098854"/>
</kw>
<kw name="Set Variable" owner="BuiltIn">
<msg time="2024-05-02T02:26:01.854491" level="INFO">${json_data} = {'results': [{'gender': 'female', 'name': {'title': 'Ms', 'first': 'Maja', 'last': 'Spajić'}, 'location': {'street': {'number': 6403, 'name': 'Dolačka'}, 'city': 'Bački Petrovac', 'state': 'Bor', 'cou...</msg>
<var>${json_data}</var>
<arg>${response.json()}</arg>
<doc>Returns the given values which can then be assigned to a variables.</doc>
<status status="PASS" start="2024-05-02T02:26:01.853898" elapsed="0.000625"/>
</kw>
<kw name="Set Variable" owner="BuiltIn">
<msg time="2024-05-02T02:26:01.855215" level="INFO">${name_title} = Ms</msg>
<var>${name_title}</var>
<arg>${json_data["results"][0]["name"]["title"]}</arg>
<doc>Returns the given values which can then be assigned to a variables.</doc>
<status status="PASS" start="2024-05-02T02:26:01.854833" elapsed="0.000407"/>
</kw>
<kw name="Create List" owner="BuiltIn">
<msg time="2024-05-02T02:26:01.855686" level="INFO">${allowed_titles} = ['Mr', 'Ms', 'Miss', 'Mrs', 'Madame', 'Monsieur']</msg>
<var>${allowed_titles}</var>
<arg>Mr</arg>
<arg>Ms</arg>
<arg>Miss</arg>
<arg>Mrs</arg>
<arg>Madame</arg>
<arg>Monsieur</arg>
<doc>Returns a list containing given items.</doc>
<status status="PASS" start="2024-05-02T02:26:01.855539" elapsed="0.000170"/>
</kw>
<kw name="List Should Contain Value" owner="Collections">
<msg time="2024-05-02T02:26:01.856238" level="INFO">False</msg>
<arg>${allowed_titles}</arg>
<arg>${name_title}</arg>
<doc>Fails if the ``value`` is not found from ``list``.</doc>
<status status="PASS" start="2024-05-02T02:26:01.856057" elapsed="0.000218"/>
</kw>
<kw name="Set Variable" owner="BuiltIn">
<msg time="2024-05-02T02:26:01.856956" level="INFO">${name_country} = RS</msg>
<var>${name_country}</var>
<arg>${json_data["results"][0]["nat"]}</arg>
<doc>Returns the given values which can then be assigned to a variables.</doc>
<status status="PASS" start="2024-05-02T02:26:01.856572" elapsed="0.000410"/>
</kw>
<kw name="Create List" owner="BuiltIn">
<msg time="2024-05-02T02:26:01.857863" level="INFO">${list_country} = ['AD', 'AE', 'AF', 'AG', 'AI', 'AL', 'AM', 'AO', 'AQ', 'AR', 'AS', 'AT', 'AU', 'AW', 'AX', 'AZ', 'BA', 'BB', 'BD', 'BE', 'BF', 'BG', 'BH', 'BI', 'BJ', 'BL', 'BM', 'BN', 'BO', 'BQ', 'BR', 'BS', 'BT', '...</msg>
<var>${list_country}</var>
<arg>AD</arg>
<arg>AE</arg>
<arg>AF</arg>
<arg>AG</arg>
<arg>AI</arg>
<arg>AL</arg>
<arg>AM</arg>
<arg>AO</arg>
<arg>AQ</arg>
<arg>AR</arg>
<arg>AS</arg>
<arg>AT</arg>
<arg>AU</arg>
<arg>AW</arg>
<arg>AX</arg>
<arg>AZ</arg>
<arg>BA</arg>
<arg>BB</arg>
<arg>BD</arg>
<arg>BE</arg>
<arg>BF</arg>
<arg>BG</arg>
<arg>BH</arg>
<arg>BI</arg>
<arg>BJ</arg>
<arg>BL</arg>
<arg>BM</arg>
<arg>BN</arg>
<arg>BO</arg>
<arg>BQ</arg>
<arg>BR</arg>
<arg>BS</arg>
<arg>BT</arg>
<arg>BV</arg>
<arg>BW</arg>
<arg>BY</arg>
<arg>BZ</arg>
<arg>CA</arg>
<arg>CC</arg>
<arg>CD</arg>
<arg>CF</arg>
<arg>CG</arg>
<arg>CH</arg>
<arg>CI</arg>
<arg>CK</arg>
<arg>CL</arg>
<arg>CM</arg>
<arg>CN</arg>
<arg>CO</arg>
<arg>CR</arg>
<arg>CU</arg>
<arg>CV</arg>
<arg>CW</arg>
<arg>CX</arg>
<arg>CY</arg>
<arg>CZ</arg>
<arg>DE</arg>
<arg>DJ</arg>
<arg>DK</arg>
<arg>DM</arg>
<arg>DO</arg>
<arg>DZ</arg>
<arg>EC</arg>
<arg>EE</arg>
<arg>EG</arg>
<arg>EH</arg>
<arg>ER</arg>
<arg>ES</arg>
<arg>ET</arg>
<arg>FI</arg>
<arg>FJ</arg>
<arg>FK</arg>
<arg>FM</arg>
<arg>FO</arg>
<arg>FR</arg>
<arg>GA</arg>
<arg>GB</arg>
<arg>GD</arg>
<arg>GE</arg>
<arg>GF</arg>
<arg>GG</arg>
<arg>GH</arg>
<arg>GI</arg>
<arg>GL</arg>
<arg>GM</arg>
<arg>GN</arg>
<arg>GP</arg>
<arg>GQ</arg>
<arg>GR</arg>
<arg>GS</arg>
<arg>GT</arg>
<arg>GU</arg>
<arg>GW</arg>
<arg>GY</arg>
<arg>HK</arg>
<arg>HM</arg>
<arg>HN</arg>
<arg>HR</arg>
<arg>HT</arg>
<arg>HU</arg>
<arg>ID</arg>
<arg>IE</arg>
<arg>IL</arg>
<arg>IM</arg>
<arg>IN</arg>
<arg>IO</arg>
<arg>IQ</arg>
<arg>IR</arg>
<arg>IS</arg>
<arg>IT</arg>
<arg>JE</arg>
<arg>JM</arg>
<arg>JO</arg>
<arg>JP</arg>
<arg>KE</arg>
<arg>KG</arg>
<arg>KH</arg>
<arg>KI</arg>
<arg>KM</arg>
<arg>KN</arg>
<arg>KP</arg>
<arg>KR</arg>
<arg>KW</arg>
<arg>KY</arg>
<arg>KZ</arg>
<arg>LA</arg>
<arg>LB</arg>
<arg>LC</arg>
<arg>LI</arg>
<arg>LK</arg>
<arg>LR</arg>
<arg>LS</arg>
<arg>LT</arg>
<arg>LU</arg>
<arg>LV</arg>
<arg>LY</arg>
<arg>MA</arg>
<arg>MC</arg>
<arg>MD</arg>
<arg>ME</arg>
<arg>MF</arg>
<arg>MG</arg>
<arg>MH</arg>
<arg>MK</arg>
<arg>ML</arg>
<arg>MM</arg>
<arg>MN</arg>
<arg>MO</arg>
<arg>MP</arg>
<arg>MQ</arg>
<arg>MR</arg>
<arg>MS</arg>
<arg>MT</arg>
<arg>MU</arg>
<arg>MV</arg>
<arg>MW</arg>
<arg>MX</arg>
<arg>MY</arg>
<arg>MZ</arg>
<arg>NA</arg>
<arg>NC</arg>
<arg>NE</arg>
<arg>NF</arg>
<arg>NG</arg>
<arg>NI</arg>
<arg>NL</arg>
<arg>NO</arg>
<arg>NP</arg>
<arg>NR</arg>
<arg>NU</arg>
<arg>NZ</arg>
<arg>OM</arg>
<arg>PA</arg>
<arg>PE</arg>
<arg>PF</arg>
<arg>PG</arg>
<arg>PH</arg>
<arg>PK</arg>
<arg>PL</arg>
<arg>PM</arg>
<arg>PN</arg>
<arg>PR</arg>
<arg>PS</arg>
<arg>PT</arg>
<arg>PW</arg>
<arg>PY</arg>
<arg>QA</arg>
<arg>RE</arg>
<arg>RO</arg>
<arg>RS</arg>
<arg>RU</arg>
<arg>RW</arg>
<arg>SA</arg>
<arg>SB</arg>
<arg>SC</arg>
<arg>SD</arg>
<arg>SE</arg>
<arg>SG</arg>
<arg>SH</arg>
<arg>SI</arg>
<arg>SJ</arg>
<arg>SK</arg>
<arg>SL</arg>
<arg>SM</arg>
<arg>SN</arg>
<arg>SO</arg>
<arg>SR</arg>
<arg>SS</arg>
<arg>ST</arg>
<arg>SV</arg>
<arg>SX</arg>
<arg>SY</arg>
<arg>SZ</arg>
<arg>TC</arg>
<arg>TD</arg>
<arg>TF</arg>
<arg>TG</arg>
<arg>TH</arg>
<arg>TJ</arg>
<arg>TK</arg>
<arg>TL</arg>
<arg>TM</arg>
<arg>TN</arg>
<arg>TO</arg>
<arg>TR</arg>
<arg>TT</arg>
<arg>TV</arg>
<arg>TW</arg>
<arg>TZ</arg>
<arg>UA</arg>
<arg>UG</arg>
<arg>UM</arg>
<arg>US</arg>
<arg>UY</arg>
<arg>UZ</arg>
<arg>VA</arg>
<arg>VC</arg>
<arg>VE</arg>
<arg>VG</arg>
<arg>VI</arg>
<arg>VN</arg>
<arg>VU</arg>
<arg>WF</arg>
<arg>WS</arg>
<arg>XK</arg>
<arg>YE</arg>
<arg>YT</arg>
<arg>ZA</arg>
<arg>ZM</arg>
<arg>ZW</arg>
<doc>Returns a list containing given items.</doc>
<status status="PASS" start="2024-05-02T02:26:01.857282" elapsed="0.000608"/>
</kw>
<kw name="List Should Contain Value" owner="Collections">
<msg time="2024-05-02T02:26:01.858884" level="INFO">False</msg>
<arg>${list_country}</arg>
<arg>${name_country}</arg>
<doc>Fails if the ``value`` is not found from ``list``.</doc>
<status status="PASS" start="2024-05-02T02:26:01.858684" elapsed="0.000237"/>
</kw>
<kw name="Run Keyword If" owner="BuiltIn">
<kw name="Should Be True" owner="BuiltIn">
<arg>${True}</arg>
<doc>Fails if the given condition is not true.</doc>
<status status="PASS" start="2024-05-02T02:26:01.860022" elapsed="0.000255"/>
</kw>
<arg>${json_data["results"][0]["location"]["coordinates"]["latitude"]} &gt;= -90 and ${json_data["results"][0]["location"]["coordinates"]["latitude"]} &lt;= 90</arg>
<arg>Should Be True</arg>
<arg>${True}</arg>
<doc>Runs the given keyword with the given arguments, if ``condition`` is true.</doc>
<status status="PASS" start="2024-05-02T02:26:01.859233" elapsed="0.001176"/>
</kw>
<kw name="Run Keyword If" owner="BuiltIn">
<kw name="Should Be True" owner="BuiltIn">
<arg>${True}</arg>
<doc>Fails if the given condition is not true.</doc>
<status status="PASS" start="2024-05-02T02:26:01.861341" elapsed="0.000140"/>
</kw>
<arg>${json_data["results"][0]["location"]["coordinates"]["longitude"]} &gt;= -180 and ${json_data["results"][0]["location"]["coordinates"]["longitude"]} &lt;= 180</arg>
<arg>Should Be True</arg>
<arg>${True}</arg>
<doc>Runs the given keyword with the given arguments, if ``condition`` is true.</doc>
<status status="PASS" start="2024-05-02T02:26:01.860624" elapsed="0.000981"/>
</kw>
<status status="PASS" start="2024-05-02T02:26:01.754201" elapsed="0.107535"/>
</kw>
<doc>Testa o conteúdo específico dos campos retornados pela API.</doc>
<tag>testeConteudo</tag>
<status status="PASS" start="2024-05-02T02:26:01.753642" elapsed="0.108246"/>
</test>
<status status="PASS" start="2024-05-02T02:26:01.035893" elapsed="0.827992"/>
</suite>
<status status="PASS" start="2024-05-02T02:26:01.022194" elapsed="0.846900"/>
</suite>
<statistics>
<total>
<stat pass="5" fail="0" skip="0">All Tests</stat>
</total>
<tag>
<stat pass="1" fail="0" skip="0">testeConteudo</stat>
<stat pass="1" fail="0" skip="0">testeEstruturaResposta</stat>
<stat pass="1" fail="0" skip="0">testeRequisicaoBasica</stat>
<stat pass="1" fail="0" skip="0">testeTiposDados</stat>
</tag>
<suite>
<stat pass="5" fail="0" skip="0" id="s1" name="Tests">Tests</stat>
<stat pass="5" fail="0" skip="0" id="s1-s1" name="Random-User-Test">Tests.Random-User-Test</stat>
</suite>
</statistics>
<errors>
</errors>
</robot>
