<?xml version="1.0" encoding="UTF-8"?>
<robot generator="Robot 7.0 (Python 3.12.3 on linux)" generated="2024-06-05T23:15:43.486780" rpa="false" schemaversion="5">
<suite id="s1" name="Tests" source="/home/runner/work/ApiRandomUser/ApiRandomUser/RamdonUser/tests">
<suite id="s1-s1" name="Random-User-Test" source="/home/runner/work/ApiRandomUser/ApiRandomUser/RamdonUser/tests/random-user-test.robot">
<test id="s1-s1-t1" name="Conectar" line="13">
<kw name="Conectar API" owner="random-user-service">
<kw name="Create Session" owner="RequestsLibrary">
<msg time="2024-06-05T23:15:43.905112" level="INFO">Creating Session using : alias=consultarAPI, url=https://randomuser.me/, headers={},                     cookies={}, auth=None, timeout=None, proxies=None, verify=False,                     debug=0 </msg>
<arg>consultarAPI</arg>
<arg>${URL}</arg>
<doc>Create Session: create a HTTP session to a server</doc>
<status status="PASS" start="2024-06-05T23:15:43.904909" elapsed="0.000380"/>
</kw>
<status status="PASS" start="2024-06-05T23:15:43.903865" elapsed="0.001826"/>
</kw>
<status status="PASS" start="2024-06-05T23:15:43.903297" elapsed="0.002587"/>
</test>
<test id="s1-s1-t2" name="Validar retorno 200 e JSON Válido" line="16">
<kw name="Teste de Requisicao Basica" owner="random-user-service">
<kw name="GET On Session" owner="RequestsLibrary">
<msg time="2024-06-05T23:15:44.158898" level="INFO">GET Request : url=https://randomuser.me/api 
 path_url=/api 
 headers={'User-Agent': 'python-requests/2.32.3', 'Accept-Encoding': 'gzip, deflate', 'Accept': '*/*', 'Connection': 'keep-alive'} 
 body=None 
 </msg>
<msg time="2024-06-05T23:15:44.159042" level="INFO">GET Response : url=https://randomuser.me/api 
 status=200, reason=OK 
 headers={'Date': 'Wed, 05 Jun 2024 23:15:44 GMT', 'Content-Type': 'application/json; charset=utf-8', 'Transfer-Encoding': 'chunked', 'Connection': 'keep-alive', 'X-Powered-By': 'Express', 'Access-Control-Allow-Origin': '*', 'Cache-Control': 'no-cache', 'ETag': 'W/"48a-friy+781/aOx0+32AiTL+xgqLA8"', 'Vary': 'Accept-Encoding', 'Content-Encoding': 'gzip', 'CF-Cache-Status': 'DYNAMIC', 'Report-To': '{"endpoints":[{"url":"https:\\/\\/a.nel.cloudflare.com\\/report\\/v4?s=%2BTIOgDZ6HYeUfI4TR0uRoM%2B3QC8%2B8YYKd34W9zjv87duwwSM5fVsNqNIuffQncTKoGX%2FDayPiI34HLU9J8WieYEnkJo99c4i0iIrb2MsjlxgNOtW6Q4nQ7%2F1YTfVxDDQ"}],"group":"cf-nel","max_age":604800}', 'NEL': '{"success_fraction":0,"report_to":"cf-nel","max_age":604800}', 'Server': 'cloudflare', 'CF-RAY': '88f3ddc8cdc782e4-IAD', 'alt-svc': 'h3=":443"; ma=86400'} 
 body={"results":[{"gender":"male","name":{"title":"Mr","first":"Ben","last":"Watson"},"location":{"street":{"number":9561,"name":"Westmoreland Street"},"city":"Limerick","state":"Longford","country":"Ireland","postcode":75289,"coordinates":{"latitude":"1.7235","longitude":"-113.9196"},"timezone":{"offset":"+5:30","description":"Bombay, Calcutta, Madras, New Delhi"}},"email":"ben.watson@example.com","login":{"uuid":"1fbff88b-2d27-4e08-9c89-cabe4b248318","username":"orangemeercat816","password":"rusty","salt":"j3lB3bHJ","md5":"a1537b12f93dca1c9a41aad2f6f68c0e","sha1":"f3829c55844cdd5c0b7079077fffaa48da0f4c78","sha256":"f13f9ca24c26e589db8d9a5d6d0dd5014babf64b42d0ec594ff105a4f5ac7028"},"dob":{"date":"1982-04-13T06:48:19.348Z","age":42},"registered":{"date":"2017-03-06T16:19:23.795Z","age":7},"phone":"021-712-5205","cell":"081-206-7800","id":{"name":"PPS","value":"8138746T"},"picture":{"large":"https://randomuser.me/api/portraits/men/93.jpg","medium":"https://randomuser.me/api/portraits/med/men/93.jpg","thumbnail":"https://randomuser.me/api/portraits/thumb/men/93.jpg"},"nat":"IE"}],"info":{"seed":"1b16ae3121b21f22","results":1,"page":1,"version":"1.4"}} 
 </msg>
<msg time="2024-06-05T23:15:44.159116" level="INFO">/opt/hostedtoolcache/Python/3.12.3/x64/lib/python3.12/site-packages/urllib3/connectionpool.py:1103: InsecureRequestWarning: Unverified HTTPS request is being made to host 'randomuser.me'. Adding certificate verification is strongly advised. See: https://urllib3.readthedocs.io/en/latest/advanced-usage.html#tls-warnings
  warnings.warn(</msg>
<msg time="2024-06-05T23:15:44.159246" level="INFO">${response} = &lt;Response [200]&gt;</msg>
<var>${response}</var>
<arg>consultarAPI</arg>
<arg>/api</arg>
<doc>Sends a GET request on a previously created HTTP Session.</doc>
<status status="PASS" start="2024-06-05T23:15:43.908464" elapsed="0.250822"/>
</kw>
<kw name="Should Be Equal As Numbers" owner="BuiltIn">
<msg time="2024-06-05T23:15:44.160186" level="INFO">Argument types are:
&lt;class 'int'&gt;
&lt;class 'str'&gt;</msg>
<arg>${response.status_code}</arg>
<arg>200</arg>
<doc>Fails if objects are unequal after converting them to real numbers.</doc>
<status status="PASS" start="2024-06-05T23:15:44.159750" elapsed="0.000499"/>
</kw>
<kw name="Log" owner="BuiltIn">
<msg time="2024-06-05T23:15:44.160917" level="INFO">200</msg>
<arg>${response.status_code}</arg>
<doc>Logs the given message with the given level.</doc>
<status status="PASS" start="2024-06-05T23:15:44.160571" elapsed="0.000394"/>
</kw>
<kw name="Set Variable" owner="BuiltIn">
<msg time="2024-06-05T23:15:44.161720" level="INFO">${json_data} = {'results': [{'gender': 'male', 'name': {'title': 'Mr', 'first': 'Ben', 'last': 'Watson'}, 'location': {'street': {'number': 9561, 'name': 'Westmoreland Street'}, 'city': 'Limerick', 'state': 'Longfor...</msg>
<var>${json_data}</var>
<arg>${response.json()}</arg>
<doc>Returns the given values which can then be assigned to a variables.</doc>
<status status="PASS" start="2024-06-05T23:15:44.161269" elapsed="0.000478"/>
</kw>
<kw name="Dictionary Should Contain Key" owner="Collections">
<msg time="2024-06-05T23:15:44.162215" level="INFO">False</msg>
<arg>${json_data}</arg>
<arg>results</arg>
<doc>Fails if ``key`` is not found from ``dictionary``.</doc>
<status status="PASS" start="2024-06-05T23:15:44.162045" elapsed="0.000354"/>
</kw>
<status status="PASS" start="2024-06-05T23:15:43.908223" elapsed="0.254438"/>
</kw>
<doc>Testa se a API responde corretamente e retorna um objeto JSON válido.</doc>
<tag>testeRequisicaoBasica</tag>
<status status="PASS" start="2024-06-05T23:15:43.907763" elapsed="0.255074"/>
</test>
<test id="s1-s1-t3" name="Validar estrutura de resposta" line="22">
<kw name="Teste de Estrutura de Resposta" owner="random-user-service">
<kw name="GET On Session" owner="RequestsLibrary">
<msg time="2024-06-05T23:15:44.313465" level="INFO">GET Request : url=https://randomuser.me/api 
 path_url=/api 
 headers={'User-Agent': 'python-requests/2.32.3', 'Accept-Encoding': 'gzip, deflate', 'Accept': '*/*', 'Connection': 'keep-alive'} 
 body=None 
 </msg>
<msg time="2024-06-05T23:15:44.313563" level="INFO">GET Response : url=https://randomuser.me/api 
 status=200, reason=OK 
 headers={'Date': 'Wed, 05 Jun 2024 23:15:44 GMT', 'Content-Type': 'application/json; charset=utf-8', 'Transfer-Encoding': 'chunked', 'Connection': 'keep-alive', 'X-Powered-By': 'Express', 'Access-Control-Allow-Origin': '*', 'Cache-Control': 'no-cache', 'ETag': 'W/"4a3-jlCWzdZqkW2et5QD0mOEBQK/s4k"', 'Vary': 'Accept-Encoding', 'Content-Encoding': 'gzip', 'CF-Cache-Status': 'DYNAMIC', 'Report-To': '{"endpoints":[{"url":"https:\\/\\/a.nel.cloudflare.com\\/report\\/v4?s=Se8nA1vC06zlARIijfsyszKMwrv3%2FzWzsp03H1g3VD6LS7s44GMvslqpvmiWnSA8IcU4TIr5oQ9ZBRfHxJq4svMfyiN6iHw9EIfX7fWT6NVNbhJCU1f7hsJsnkpw4O90"}],"group":"cf-nel","max_age":604800}', 'NEL': '{"success_fraction":0,"report_to":"cf-nel","max_age":604800}', 'Server': 'cloudflare', 'CF-RAY': '88f3ddc90e0182e4-IAD', 'alt-svc': 'h3=":443"; ma=86400'} 
 body={"results":[{"gender":"female","name":{"title":"Miss","first":"Alani","last":"Silveira"},"location":{"street":{"number":1599,"name":"Rua Dezesseis de Maio"},"city":"Santa Maria","state":"Amazonas","country":"Brazil","postcode":43790,"coordinates":{"latitude":"-79.8706","longitude":"151.2318"},"timezone":{"offset":"-12:00","description":"Eniwetok, Kwajalein"}},"email":"alani.silveira@example.com","login":{"uuid":"0e1024c2-69a5-44b7-9b3d-104223b134a5","username":"ticklishbutterfly148","password":"cartman","salt":"MOvsUELT","md5":"ad06bad40c557547f6df557b2f26ec6f","sha1":"f9efabf4966c5fb4dced971c00bb930f0e151900","sha256":"e29eeb38d7b47cf4c4b4534b66a7448ac9b1ad69f166e710bc6aefa9ace391be"},"dob":{"date":"1958-12-02T11:52:45.435Z","age":65},"registered":{"date":"2005-12-18T20:02:40.682Z","age":18},"phone":"(27) 1136-3938","cell":"(64) 4608-2187","id":{"name":"CPF","value":"692.720.988-85"},"picture":{"large":"https://randomuser.me/api/portraits/women/17.jpg","medium":"https://randomuser.me/api/portraits/med/women/17.jpg","thumbnail":"https://randomuser.me/api/portraits/thumb/women/17.jpg"},"nat":"BR"}],"info":{"seed":"25af40f45e98b62d","results":1,"page":1,"version":"1.4"}} 
 </msg>
<msg time="2024-06-05T23:15:44.313695" level="INFO">/opt/hostedtoolcache/Python/3.12.3/x64/lib/python3.12/site-packages/urllib3/connectionpool.py:1103: InsecureRequestWarning: Unverified HTTPS request is being made to host 'randomuser.me'. Adding certificate verification is strongly advised. See: https://urllib3.readthedocs.io/en/latest/advanced-usage.html#tls-warnings
  warnings.warn(</msg>
<msg time="2024-06-05T23:15:44.313828" level="INFO">${response} = &lt;Response [200]&gt;</msg>
<var>${response}</var>
<arg>consultarAPI</arg>
<arg>/api</arg>
<doc>Sends a GET request on a previously created HTTP Session.</doc>
<status status="PASS" start="2024-06-05T23:15:44.165512" elapsed="0.148356"/>
</kw>
<kw name="Set Variable" owner="BuiltIn">
<msg time="2024-06-05T23:15:44.315012" level="INFO">${json_data} = {'results': [{'gender': 'female', 'name': {'title': 'Miss', 'first': 'Alani', 'last': 'Silveira'}, 'location': {'street': {'number': 1599, 'name': 'Rua Dezesseis de Maio'}, 'city': 'Santa Maria', 'sta...</msg>
<var>${json_data}</var>
<arg>${response.json()}</arg>
<doc>Returns the given values which can then be assigned to a variables.</doc>
<status status="PASS" start="2024-06-05T23:15:44.314444" elapsed="0.000596"/>
</kw>
<kw name="Log" owner="BuiltIn">
<msg time="2024-06-05T23:15:44.315517" level="INFO">{'results': [{'gender': 'female', 'name': {'title': 'Miss', 'first': 'Alani', 'last': 'Silveira'}, 'location': {'street': {'number': 1599, 'name': 'Rua Dezesseis de Maio'}, 'city': 'Santa Maria', 'state': 'Amazonas', 'country': 'Brazil', 'postcode': 43790, 'coordinates': {'latitude': '-79.8706', 'longitude': '151.2318'}, 'timezone': {'offset': '-12:00', 'description': 'Eniwetok, Kwajalein'}}, 'email': 'alani.silveira@example.com', 'login': {'uuid': '0e1024c2-69a5-44b7-9b3d-104223b134a5', 'username': 'ticklishbutterfly148', 'password': 'cartman', 'salt': 'MOvsUELT', 'md5': 'ad06bad40c557547f6df557b2f26ec6f', 'sha1': 'f9efabf4966c5fb4dced971c00bb930f0e151900', 'sha256': 'e29eeb38d7b47cf4c4b4534b66a7448ac9b1ad69f166e710bc6aefa9ace391be'}, 'dob': {'date': '1958-12-02T11:52:45.435Z', 'age': 65}, 'registered': {'date': '2005-12-18T20:02:40.682Z', 'age': 18}, 'phone': '(27) 1136-3938', 'cell': '(64) 4608-2187', 'id': {'name': 'CPF', 'value': '692.720.988-85'}, 'picture': {'large': 'https://randomuser.me/api/portraits/women/17.jpg', 'medium': 'https://randomuser.me/api/portraits/med/women/17.jpg', 'thumbnail': 'https://randomuser.me/api/portraits/thumb/women/17.jpg'}, 'nat': 'BR'}], 'info': {'seed': '25af40f45e98b62d', 'results': 1, 'page': 1, 'version': '1.4'}}</msg>
<arg>${json_data}</arg>
<doc>Logs the given message with the given level.</doc>
<status status="PASS" start="2024-06-05T23:15:44.315350" elapsed="0.000216"/>
</kw>
<kw name="Dictionary Should Contain Key" owner="Collections">
<msg time="2024-06-05T23:15:44.316012" level="INFO">False</msg>
<arg>${json_data}</arg>
<arg>results</arg>
<doc>Fails if ``key`` is not found from ``dictionary``.</doc>
<status status="PASS" start="2024-06-05T23:15:44.315858" elapsed="0.000191"/>
</kw>
<kw name="Should Not Be Empty" owner="BuiltIn">
<msg time="2024-06-05T23:15:44.316474" level="INFO">Length is 2.</msg>
<arg>${json_data}</arg>
<doc>Verifies that the given item is not empty.</doc>
<status status="PASS" start="2024-06-05T23:15:44.316338" elapsed="0.000174"/>
</kw>
<kw name="Create List" owner="BuiltIn">
<msg time="2024-06-05T23:15:44.316947" level="INFO">${expected_keys} = ['gender', 'name', 'location', 'email', 'login']</msg>
<var>${expected_keys}</var>
<arg>gender</arg>
<arg>name</arg>
<arg>location</arg>
<arg>email</arg>
<arg>login</arg>
<doc>Returns a list containing given items.</doc>
<status status="PASS" start="2024-06-05T23:15:44.316801" elapsed="0.000169"/>
</kw>
<for flavor="IN">
<iter>
<kw name="Dictionary Should Contain Key" owner="Collections">
<msg time="2024-06-05T23:15:44.318028" level="INFO">False</msg>
<arg>${json_data['results'][0]}</arg>
<arg>${key}</arg>
<doc>Fails if ``key`` is not found from ``dictionary``.</doc>
<status status="PASS" start="2024-06-05T23:15:44.317619" elapsed="0.000451"/>
</kw>
<kw name="Log" owner="BuiltIn">
<msg time="2024-06-05T23:15:44.318734" level="INFO">{'gender': 'female', 'name': {'title': 'Miss', 'first': 'Alani', 'last': 'Silveira'}, 'location': {'street': {'number': 1599, 'name': 'Rua Dezesseis de Maio'}, 'city': 'Santa Maria', 'state': 'Amazonas', 'country': 'Brazil', 'postcode': 43790, 'coordinates': {'latitude': '-79.8706', 'longitude': '151.2318'}, 'timezone': {'offset': '-12:00', 'description': 'Eniwetok, Kwajalein'}}, 'email': 'alani.silveira@example.com', 'login': {'uuid': '0e1024c2-69a5-44b7-9b3d-104223b134a5', 'username': 'ticklishbutterfly148', 'password': 'cartman', 'salt': 'MOvsUELT', 'md5': 'ad06bad40c557547f6df557b2f26ec6f', 'sha1': 'f9efabf4966c5fb4dced971c00bb930f0e151900', 'sha256': 'e29eeb38d7b47cf4c4b4534b66a7448ac9b1ad69f166e710bc6aefa9ace391be'}, 'dob': {'date': '1958-12-02T11:52:45.435Z', 'age': 65}, 'registered': {'date': '2005-12-18T20:02:40.682Z', 'age': 18}, 'phone': '(27) 1136-3938', 'cell': '(64) 4608-2187', 'id': {'name': 'CPF', 'value': '692.720.988-85'}, 'picture': {'large': 'https://randomuser.me/api/portraits/women/17.jpg', 'medium': 'https://randomuser.me/api/portraits/med/women/17.jpg', 'thumbnail': 'https://randomuser.me/api/portraits/thumb/women/17.jpg'}, 'nat': 'BR'}</msg>
<arg>${json_data['results'][0]}</arg>
<doc>Logs the given message with the given level.</doc>
<status status="PASS" start="2024-06-05T23:15:44.318369" elapsed="0.000414"/>
</kw>
<kw name="Log" owner="BuiltIn">
<msg time="2024-06-05T23:15:44.319210" level="INFO">gender</msg>
<arg>${key}</arg>
<doc>Logs the given message with the given level.</doc>
<status status="PASS" start="2024-06-05T23:15:44.319079" elapsed="0.000168"/>
</kw>
<var name="${key}">gender</var>
<status status="PASS" start="2024-06-05T23:15:44.317486" elapsed="0.001976"/>
</iter>
<iter>
<kw name="Dictionary Should Contain Key" owner="Collections">
<msg time="2024-06-05T23:15:44.320148" level="INFO">False</msg>
<arg>${json_data['results'][0]}</arg>
<arg>${key}</arg>
<doc>Fails if ``key`` is not found from ``dictionary``.</doc>
<status status="PASS" start="2024-06-05T23:15:44.319763" elapsed="0.000422"/>
</kw>
<kw name="Log" owner="BuiltIn">
<msg time="2024-06-05T23:15:44.320860" level="INFO">{'gender': 'female', 'name': {'title': 'Miss', 'first': 'Alani', 'last': 'Silveira'}, 'location': {'street': {'number': 1599, 'name': 'Rua Dezesseis de Maio'}, 'city': 'Santa Maria', 'state': 'Amazonas', 'country': 'Brazil', 'postcode': 43790, 'coordinates': {'latitude': '-79.8706', 'longitude': '151.2318'}, 'timezone': {'offset': '-12:00', 'description': 'Eniwetok, Kwajalein'}}, 'email': 'alani.silveira@example.com', 'login': {'uuid': '0e1024c2-69a5-44b7-9b3d-104223b134a5', 'username': 'ticklishbutterfly148', 'password': 'cartman', 'salt': 'MOvsUELT', 'md5': 'ad06bad40c557547f6df557b2f26ec6f', 'sha1': 'f9efabf4966c5fb4dced971c00bb930f0e151900', 'sha256': 'e29eeb38d7b47cf4c4b4534b66a7448ac9b1ad69f166e710bc6aefa9ace391be'}, 'dob': {'date': '1958-12-02T11:52:45.435Z', 'age': 65}, 'registered': {'date': '2005-12-18T20:02:40.682Z', 'age': 18}, 'phone': '(27) 1136-3938', 'cell': '(64) 4608-2187', 'id': {'name': 'CPF', 'value': '692.720.988-85'}, 'picture': {'large': 'https://randomuser.me/api/portraits/women/17.jpg', 'medium': 'https://randomuser.me/api/portraits/med/women/17.jpg', 'thumbnail': 'https://randomuser.me/api/portraits/thumb/women/17.jpg'}, 'nat': 'BR'}</msg>
<arg>${json_data['results'][0]}</arg>
<doc>Logs the given message with the given level.</doc>
<status status="PASS" start="2024-06-05T23:15:44.320505" elapsed="0.000404"/>
</kw>
<kw name="Log" owner="BuiltIn">
<msg time="2024-06-05T23:15:44.321326" level="INFO">name</msg>
<arg>${key}</arg>
<doc>Logs the given message with the given level.</doc>
<status status="PASS" start="2024-06-05T23:15:44.321200" elapsed="0.000184"/>
</kw>
<var name="${key}">name</var>
<status status="PASS" start="2024-06-05T23:15:44.319647" elapsed="0.001965"/>
</iter>
<iter>
<kw name="Dictionary Should Contain Key" owner="Collections">
<msg time="2024-06-05T23:15:44.322275" level="INFO">False</msg>
<arg>${json_data['results'][0]}</arg>
<arg>${key}</arg>
<doc>Fails if ``key`` is not found from ``dictionary``.</doc>
<status status="PASS" start="2024-06-05T23:15:44.321901" elapsed="0.000412"/>
</kw>
<kw name="Log" owner="BuiltIn">
<msg time="2024-06-05T23:15:44.322981" level="INFO">{'gender': 'female', 'name': {'title': 'Miss', 'first': 'Alani', 'last': 'Silveira'}, 'location': {'street': {'number': 1599, 'name': 'Rua Dezesseis de Maio'}, 'city': 'Santa Maria', 'state': 'Amazonas', 'country': 'Brazil', 'postcode': 43790, 'coordinates': {'latitude': '-79.8706', 'longitude': '151.2318'}, 'timezone': {'offset': '-12:00', 'description': 'Eniwetok, Kwajalein'}}, 'email': 'alani.silveira@example.com', 'login': {'uuid': '0e1024c2-69a5-44b7-9b3d-104223b134a5', 'username': 'ticklishbutterfly148', 'password': 'cartman', 'salt': 'MOvsUELT', 'md5': 'ad06bad40c557547f6df557b2f26ec6f', 'sha1': 'f9efabf4966c5fb4dced971c00bb930f0e151900', 'sha256': 'e29eeb38d7b47cf4c4b4534b66a7448ac9b1ad69f166e710bc6aefa9ace391be'}, 'dob': {'date': '1958-12-02T11:52:45.435Z', 'age': 65}, 'registered': {'date': '2005-12-18T20:02:40.682Z', 'age': 18}, 'phone': '(27) 1136-3938', 'cell': '(64) 4608-2187', 'id': {'name': 'CPF', 'value': '692.720.988-85'}, 'picture': {'large': 'https://randomuser.me/api/portraits/women/17.jpg', 'medium': 'https://randomuser.me/api/portraits/med/women/17.jpg', 'thumbnail': 'https://randomuser.me/api/portraits/thumb/women/17.jpg'}, 'nat': 'BR'}</msg>
<arg>${json_data['results'][0]}</arg>
<doc>Logs the given message with the given level.</doc>
<status status="PASS" start="2024-06-05T23:15:44.322614" elapsed="0.000416"/>
</kw>
<kw name="Log" owner="BuiltIn">
<msg time="2024-06-05T23:15:44.323453" level="INFO">location</msg>
<arg>${key}</arg>
<doc>Logs the given message with the given level.</doc>
<status status="PASS" start="2024-06-05T23:15:44.323326" elapsed="0.000165"/>
</kw>
<var name="${key}">location</var>
<status status="PASS" start="2024-06-05T23:15:44.321789" elapsed="0.001916"/>
</iter>
<iter>
<kw name="Dictionary Should Contain Key" owner="Collections">
<msg time="2024-06-05T23:15:44.324482" level="INFO">False</msg>
<arg>${json_data['results'][0]}</arg>
<arg>${key}</arg>
<doc>Fails if ``key`` is not found from ``dictionary``.</doc>
<status status="PASS" start="2024-06-05T23:15:44.323986" elapsed="0.000535"/>
</kw>
<kw name="Log" owner="BuiltIn">
<msg time="2024-06-05T23:15:44.325182" level="INFO">{'gender': 'female', 'name': {'title': 'Miss', 'first': 'Alani', 'last': 'Silveira'}, 'location': {'street': {'number': 1599, 'name': 'Rua Dezesseis de Maio'}, 'city': 'Santa Maria', 'state': 'Amazonas', 'country': 'Brazil', 'postcode': 43790, 'coordinates': {'latitude': '-79.8706', 'longitude': '151.2318'}, 'timezone': {'offset': '-12:00', 'description': 'Eniwetok, Kwajalein'}}, 'email': 'alani.silveira@example.com', 'login': {'uuid': '0e1024c2-69a5-44b7-9b3d-104223b134a5', 'username': 'ticklishbutterfly148', 'password': 'cartman', 'salt': 'MOvsUELT', 'md5': 'ad06bad40c557547f6df557b2f26ec6f', 'sha1': 'f9efabf4966c5fb4dced971c00bb930f0e151900', 'sha256': 'e29eeb38d7b47cf4c4b4534b66a7448ac9b1ad69f166e710bc6aefa9ace391be'}, 'dob': {'date': '1958-12-02T11:52:45.435Z', 'age': 65}, 'registered': {'date': '2005-12-18T20:02:40.682Z', 'age': 18}, 'phone': '(27) 1136-3938', 'cell': '(64) 4608-2187', 'id': {'name': 'CPF', 'value': '692.720.988-85'}, 'picture': {'large': 'https://randomuser.me/api/portraits/women/17.jpg', 'medium': 'https://randomuser.me/api/portraits/med/women/17.jpg', 'thumbnail': 'https://randomuser.me/api/portraits/thumb/women/17.jpg'}, 'nat': 'BR'}</msg>
<arg>${json_data['results'][0]}</arg>
<doc>Logs the given message with the given level.</doc>
<status status="PASS" start="2024-06-05T23:15:44.324823" elapsed="0.000406"/>
</kw>
<kw name="Log" owner="BuiltIn">
<msg time="2024-06-05T23:15:44.325674" level="INFO">email</msg>
<arg>${key}</arg>
<doc>Logs the given message with the given level.</doc>
<status status="PASS" start="2024-06-05T23:15:44.325545" elapsed="0.000168"/>
</kw>
<var name="${key}">email</var>
<status status="PASS" start="2024-06-05T23:15:44.323874" elapsed="0.002052"/>
</iter>
<iter>
<kw name="Dictionary Should Contain Key" owner="Collections">
<msg time="2024-06-05T23:15:44.326590" level="INFO">False</msg>
<arg>${json_data['results'][0]}</arg>
<arg>${key}</arg>
<doc>Fails if ``key`` is not found from ``dictionary``.</doc>
<status status="PASS" start="2024-06-05T23:15:44.326210" elapsed="0.000417"/>
</kw>
<kw name="Log" owner="BuiltIn">
<msg time="2024-06-05T23:15:44.327264" level="INFO">{'gender': 'female', 'name': {'title': 'Miss', 'first': 'Alani', 'last': 'Silveira'}, 'location': {'street': {'number': 1599, 'name': 'Rua Dezesseis de Maio'}, 'city': 'Santa Maria', 'state': 'Amazonas', 'country': 'Brazil', 'postcode': 43790, 'coordinates': {'latitude': '-79.8706', 'longitude': '151.2318'}, 'timezone': {'offset': '-12:00', 'description': 'Eniwetok, Kwajalein'}}, 'email': 'alani.silveira@example.com', 'login': {'uuid': '0e1024c2-69a5-44b7-9b3d-104223b134a5', 'username': 'ticklishbutterfly148', 'password': 'cartman', 'salt': 'MOvsUELT', 'md5': 'ad06bad40c557547f6df557b2f26ec6f', 'sha1': 'f9efabf4966c5fb4dced971c00bb930f0e151900', 'sha256': 'e29eeb38d7b47cf4c4b4534b66a7448ac9b1ad69f166e710bc6aefa9ace391be'}, 'dob': {'date': '1958-12-02T11:52:45.435Z', 'age': 65}, 'registered': {'date': '2005-12-18T20:02:40.682Z', 'age': 18}, 'phone': '(27) 1136-3938', 'cell': '(64) 4608-2187', 'id': {'name': 'CPF', 'value': '692.720.988-85'}, 'picture': {'large': 'https://randomuser.me/api/portraits/women/17.jpg', 'medium': 'https://randomuser.me/api/portraits/med/women/17.jpg', 'thumbnail': 'https://randomuser.me/api/portraits/thumb/women/17.jpg'}, 'nat': 'BR'}</msg>
<arg>${json_data['results'][0]}</arg>
<doc>Logs the given message with the given level.</doc>
<status status="PASS" start="2024-06-05T23:15:44.326914" elapsed="0.000406"/>
</kw>
<kw name="Log" owner="BuiltIn">
<msg time="2024-06-05T23:15:44.327735" level="INFO">login</msg>
<arg>${key}</arg>
<doc>Logs the given message with the given level.</doc>
<status status="PASS" start="2024-06-05T23:15:44.327611" elapsed="0.000190"/>
</kw>
<var name="${key}">login</var>
<status status="PASS" start="2024-06-05T23:15:44.326099" elapsed="0.001921"/>
</iter>
<var>${key}</var>
<value>@{expected_keys}</value>
<status status="PASS" start="2024-06-05T23:15:44.317235" elapsed="0.010904"/>
</for>
<kw name="Create List" owner="BuiltIn">
<msg time="2024-06-05T23:15:44.328468" level="INFO">${expected_keysTwo} = ['username', 'password']</msg>
<var>${expected_keysTwo}</var>
<arg>username</arg>
<arg>password</arg>
<doc>Returns a list containing given items.</doc>
<status status="PASS" start="2024-06-05T23:15:44.328330" elapsed="0.000162"/>
</kw>
<for flavor="IN">
<iter>
<kw name="Dictionary Should Contain Key" owner="Collections">
<msg time="2024-06-05T23:15:44.329403" level="INFO">False</msg>
<arg>${json_data['results'][0]['login']}</arg>
<arg>${keyTwo}</arg>
<doc>Fails if ``key`` is not found from ``dictionary``.</doc>
<status status="PASS" start="2024-06-05T23:15:44.328986" elapsed="0.000456"/>
</kw>
<kw name="Dictionary Should Contain Key" owner="Collections">
<msg time="2024-06-05T23:15:44.330114" level="INFO">False</msg>
<arg>${json_data['results'][0]['login']}</arg>
<arg>${keyTwo}</arg>
<doc>Fails if ``key`` is not found from ``dictionary``.</doc>
<status status="PASS" start="2024-06-05T23:15:44.329737" elapsed="0.000414"/>
</kw>
<kw name="Log" owner="BuiltIn">
<msg time="2024-06-05T23:15:44.330565" level="INFO">username</msg>
<arg>${keyTwo}</arg>
<doc>Logs the given message with the given level.</doc>
<status status="PASS" start="2024-06-05T23:15:44.330441" elapsed="0.000161"/>
</kw>
<var name="${keyTwo}">username</var>
<status status="PASS" start="2024-06-05T23:15:44.328877" elapsed="0.001936"/>
</iter>
<iter>
<kw name="Dictionary Should Contain Key" owner="Collections">
<msg time="2024-06-05T23:15:44.331469" level="INFO">False</msg>
<arg>${json_data['results'][0]['login']}</arg>
<arg>${keyTwo}</arg>
<doc>Fails if ``key`` is not found from ``dictionary``.</doc>
<status status="PASS" start="2024-06-05T23:15:44.331091" elapsed="0.000414"/>
</kw>
<kw name="Dictionary Should Contain Key" owner="Collections">
<msg time="2024-06-05T23:15:44.332170" level="INFO">False</msg>
<arg>${json_data['results'][0]['login']}</arg>
<arg>${keyTwo}</arg>
<doc>Fails if ``key`` is not found from ``dictionary``.</doc>
<status status="PASS" start="2024-06-05T23:15:44.331794" elapsed="0.000413"/>
</kw>
<kw name="Log" owner="BuiltIn">
<msg time="2024-06-05T23:15:44.332626" level="INFO">password</msg>
<arg>${keyTwo}</arg>
<doc>Logs the given message with the given level.</doc>
<status status="PASS" start="2024-06-05T23:15:44.332500" elapsed="0.000162"/>
</kw>
<var name="${keyTwo}">password</var>
<status status="PASS" start="2024-06-05T23:15:44.330982" elapsed="0.001895"/>
</iter>
<var>${keyTwo}</var>
<value>@{expected_keysTwo}</value>
<status status="PASS" start="2024-06-05T23:15:44.328727" elapsed="0.004266"/>
</for>
<status status="PASS" start="2024-06-05T23:15:44.165236" elapsed="0.167893"/>
</kw>
<doc>Testa a estrutura da resposta da API.</doc>
<tag>testeEstruturaResposta</tag>
<status status="PASS" start="2024-06-05T23:15:44.164645" elapsed="0.168640"/>
</test>
<test id="s1-s1-t4" name="Validar tipos de dados" line="28">
<kw name="Teste de Tipos de Dados" owner="random-user-service">
<kw name="GET On Session" owner="RequestsLibrary">
<msg time="2024-06-05T23:15:44.373085" level="INFO">GET Request : url=https://randomuser.me/api 
 path_url=/api 
 headers={'User-Agent': 'python-requests/2.32.3', 'Accept-Encoding': 'gzip, deflate', 'Accept': '*/*', 'Connection': 'keep-alive'} 
 body=None 
 </msg>
<msg time="2024-06-05T23:15:44.373162" level="INFO">GET Response : url=https://randomuser.me/api 
 status=200, reason=OK 
 headers={'Date': 'Wed, 05 Jun 2024 23:15:44 GMT', 'Content-Type': 'application/json; charset=utf-8', 'Transfer-Encoding': 'chunked', 'Connection': 'keep-alive', 'X-Powered-By': 'Express', 'Access-Control-Allow-Origin': '*', 'Cache-Control': 'no-cache', 'ETag': 'W/"47e-ZbOhnGXFMjR++5TIClgdHU0ha7Q"', 'Vary': 'Accept-Encoding', 'Content-Encoding': 'gzip', 'CF-Cache-Status': 'DYNAMIC', 'Report-To': '{"endpoints":[{"url":"https:\\/\\/a.nel.cloudflare.com\\/report\\/v4?s=eE2G5WJZPaa1AUvu%2BgrHtZkmX%2BSQ1MYSCuhcqrjfpUftQ2Aashf0bGrHPI4xokVkqtwMnZ4a5eUU3MkWn9R5LjxUnYmGk5bE%2FHRVuY7GFOq7f8P5DmZfOoe9OnUWtOD6"}],"group":"cf-nel","max_age":604800}', 'NEL': '{"success_fraction":0,"report_to":"cf-nel","max_age":604800}', 'Server': 'cloudflare', 'CF-RAY': '88f3ddca1f3882e4-IAD', 'alt-svc': 'h3=":443"; ma=86400'} 
 body={"results":[{"gender":"male","name":{"title":"Mr","first":"Lauri","last":"Linna"},"location":{"street":{"number":3386,"name":"Tehtaankatu"},"city":"Tuusula","state":"Central Ostrobothnia","country":"Finland","postcode":16526,"coordinates":{"latitude":"-27.2120","longitude":"-166.9486"},"timezone":{"offset":"-9:00","description":"Alaska"}},"email":"lauri.linna@example.com","login":{"uuid":"7815ee11-49f0-4ad8-943a-73546aceb82e","username":"blueostrich509","password":"donjuan","salt":"pM9bO2IJ","md5":"db4d695ffa2c726eac5d19f305114bd0","sha1":"69c30ee720f3bd3e3546bf47f91f188aeeda45ac","sha256":"d9edad75b3dc1cdc979934f2decb7331426ba9e23fe62f7960b1406b0da9799c"},"dob":{"date":"1955-08-24T18:42:26.583Z","age":68},"registered":{"date":"2009-06-02T11:52:40.877Z","age":15},"phone":"05-679-651","cell":"048-625-76-14","id":{"name":"HETU","value":"NaNNA475undefined"},"picture":{"large":"https://randomuser.me/api/portraits/men/27.jpg","medium":"https://randomuser.me/api/portraits/med/men/27.jpg","thumbnail":"https://randomuser.me/api/portraits/thumb/men/27.jpg"},"nat":"FI"}],"info":{"seed":"8f54448aeda27bc0","results":1,"page":1,"version":"1.4"}} 
 </msg>
<msg time="2024-06-05T23:15:44.373276" level="INFO">/opt/hostedtoolcache/Python/3.12.3/x64/lib/python3.12/site-packages/urllib3/connectionpool.py:1103: InsecureRequestWarning: Unverified HTTPS request is being made to host 'randomuser.me'. Adding certificate verification is strongly advised. See: https://urllib3.readthedocs.io/en/latest/advanced-usage.html#tls-warnings
  warnings.warn(</msg>
<msg time="2024-06-05T23:15:44.373406" level="INFO">${response} = &lt;Response [200]&gt;</msg>
<var>${response}</var>
<arg>consultarAPI</arg>
<arg>/api</arg>
<doc>Sends a GET request on a previously created HTTP Session.</doc>
<status status="PASS" start="2024-06-05T23:15:44.335859" elapsed="0.037590"/>
</kw>
<kw name="Set Variable" owner="BuiltIn">
<msg time="2024-06-05T23:15:44.374261" level="INFO">${json_data} = {'results': [{'gender': 'male', 'name': {'title': 'Mr', 'first': 'Lauri', 'last': 'Linna'}, 'location': {'street': {'number': 3386, 'name': 'Tehtaankatu'}, 'city': 'Tuusula', 'state': 'Central Ostrobo...</msg>
<var>${json_data}</var>
<arg>${response.json()}</arg>
<doc>Returns the given values which can then be assigned to a variables.</doc>
<status status="PASS" start="2024-06-05T23:15:44.373816" elapsed="0.000473"/>
</kw>
<kw name="Log" owner="BuiltIn">
<msg time="2024-06-05T23:15:44.374749" level="INFO">{'results': [{'gender': 'male', 'name': {'title': 'Mr', 'first': 'Lauri', 'last': 'Linna'}, 'location': {'street': {'number': 3386, 'name': 'Tehtaankatu'}, 'city': 'Tuusula', 'state': 'Central Ostrobothnia', 'country': 'Finland', 'postcode': 16526, 'coordinates': {'latitude': '-27.2120', 'longitude': '-166.9486'}, 'timezone': {'offset': '-9:00', 'description': 'Alaska'}}, 'email': 'lauri.linna@example.com', 'login': {'uuid': '7815ee11-49f0-4ad8-943a-73546aceb82e', 'username': 'blueostrich509', 'password': 'donjuan', 'salt': 'pM9bO2IJ', 'md5': 'db4d695ffa2c726eac5d19f305114bd0', 'sha1': '69c30ee720f3bd3e3546bf47f91f188aeeda45ac', 'sha256': 'd9edad75b3dc1cdc979934f2decb7331426ba9e23fe62f7960b1406b0da9799c'}, 'dob': {'date': '1955-08-24T18:42:26.583Z', 'age': 68}, 'registered': {'date': '2009-06-02T11:52:40.877Z', 'age': 15}, 'phone': '05-679-651', 'cell': '048-625-76-14', 'id': {'name': 'HETU', 'value': 'NaNNA475undefined'}, 'picture': {'large': 'https://randomuser.me/api/portraits/men/27.jpg', 'medium': 'https://randomuser.me/api/portraits/med/men/27.jpg', 'thumbnail': 'https://randomuser.me/api/portraits/thumb/men/27.jpg'}, 'nat': 'FI'}], 'info': {'seed': '8f54448aeda27bc0', 'results': 1, 'page': 1, 'version': '1.4'}}</msg>
<arg>${json_data}</arg>
<doc>Logs the given message with the given level.</doc>
<status status="PASS" start="2024-06-05T23:15:44.374596" elapsed="0.000233"/>
</kw>
<kw name="Should Be String" owner="String">
<arg>${json_data['results'][0]['gender']}</arg>
<doc>Fails if the given ``item`` is not a string.</doc>
<status status="PASS" start="2024-06-05T23:15:44.375128" elapsed="0.000360"/>
</kw>
<kw name="Should Match Regexp" owner="BuiltIn">
<arg>${json_data['results'][0]['email']}</arg>
<arg>^[a-zA-Z0-9._%+-]+@[a-zA-Z0-9.-]+\.[a-zA-Z]{2,}$</arg>
<doc>Fails if ``string`` does not match ``pattern`` as a regular expression.</doc>
<status status="PASS" start="2024-06-05T23:15:44.375679" elapsed="0.000627"/>
</kw>
<kw name="Should Match Regexp" owner="BuiltIn">
<arg>${json_data['results'][0]['dob']['date']}</arg>
<arg>\\d{4}-\\d{2}-\\d{2}T\\d{2}:\\d{2}:\\d{2}\\.\\d{3}Z</arg>
<doc>Fails if ``string`` does not match ``pattern`` as a regular expression.</doc>
<status status="PASS" start="2024-06-05T23:15:44.376506" elapsed="0.000481"/>
</kw>
<kw name="Should Match Regexp" owner="BuiltIn">
<arg>${json_data['results'][0]['registered']['date']}</arg>
<arg>\\d{4}-\\d{2}-\\d{2}T\\d{2}:\\d{2}:\\d{2}\\.\\d{3}Z</arg>
<doc>Fails if ``string`` does not match ``pattern`` as a regular expression.</doc>
<status status="PASS" start="2024-06-05T23:15:44.377182" elapsed="0.000399"/>
</kw>
<kw name="Should Match Regexp" owner="BuiltIn">
<arg>${json_data['results'][0]['picture']['large']}</arg>
<arg>^https?://.*\.(?:png|jpe?g|gif|bmp)$</arg>
<doc>Fails if ``string`` does not match ``pattern`` as a regular expression.</doc>
<status status="PASS" start="2024-06-05T23:15:44.377774" elapsed="0.000521"/>
</kw>
<kw name="Should Match Regexp" owner="BuiltIn">
<arg>${json_data['results'][0]['picture']['medium']}</arg>
<arg>^https?://.*\.(?:png|jpe?g|gif|bmp)$</arg>
<doc>Fails if ``string`` does not match ``pattern`` as a regular expression.</doc>
<status status="PASS" start="2024-06-05T23:15:44.378588" elapsed="0.000370"/>
</kw>
<kw name="Should Match Regexp" owner="BuiltIn">
<arg>${json_data['results'][0]['picture']['thumbnail']}</arg>
<arg>^https?://.*\.(?:png|jpe?g|gif|bmp)$</arg>
<doc>Fails if ``string`` does not match ``pattern`` as a regular expression.</doc>
<status status="PASS" start="2024-06-05T23:15:44.379157" elapsed="0.000352"/>
</kw>
<kw name="Log" owner="BuiltIn">
<msg time="2024-06-05T23:15:44.380014" level="INFO">{'large': 'https://randomuser.me/api/portraits/men/27.jpg', 'medium': 'https://randomuser.me/api/portraits/med/men/27.jpg', 'thumbnail': 'https://randomuser.me/api/portraits/thumb/men/27.jpg'}</msg>
<arg>${json_data['results'][0]['picture']}</arg>
<doc>Logs the given message with the given level.</doc>
<status status="PASS" start="2024-06-05T23:15:44.379692" elapsed="0.000364"/>
</kw>
<status status="PASS" start="2024-06-05T23:15:44.335625" elapsed="0.044684"/>
</kw>
<kw name="Teste de Tipos de Dados - Postcode" owner="random-user-service">
<kw name="GET On Session" owner="RequestsLibrary">
<msg time="2024-06-05T23:15:44.471382" level="INFO">GET Request : url=https://randomuser.me/api 
 path_url=/api 
 headers={'User-Agent': 'python-requests/2.32.3', 'Accept-Encoding': 'gzip, deflate', 'Accept': '*/*', 'Connection': 'keep-alive'} 
 body=None 
 </msg>
<msg time="2024-06-05T23:15:44.471456" level="INFO">GET Response : url=https://randomuser.me/api 
 status=200, reason=OK 
 headers={'Date': 'Wed, 05 Jun 2024 23:15:44 GMT', 'Content-Type': 'application/json; charset=utf-8', 'Transfer-Encoding': 'chunked', 'Connection': 'keep-alive', 'X-Powered-By': 'Express', 'Access-Control-Allow-Origin': '*', 'Cache-Control': 'no-cache', 'ETag': 'W/"497-XCoGxFhF62cy5dpr2V7kO1bMioQ"', 'Vary': 'Accept-Encoding', 'Content-Encoding': 'gzip', 'CF-Cache-Status': 'DYNAMIC', 'Report-To': '{"endpoints":[{"url":"https:\\/\\/a.nel.cloudflare.com\\/report\\/v4?s=104lp%2BbUqxKWzujDkSqRzkBVMXczl2nhvZyDZw7hJVZLoh6Dr2MIuKWTLAe8XWKB3hd0Ne6FfaUJrpPk4wrf9eMOWZCbMNeHkDq5Cv1liXMTHa7TyZ34vdkv3khsJv8T"}],"group":"cf-nel","max_age":604800}', 'NEL': '{"success_fraction":0,"report_to":"cf-nel","max_age":604800}', 'Server': 'cloudflare', 'CF-RAY': '88f3ddca6f8b82e4-IAD', 'alt-svc': 'h3=":443"; ma=86400'} 
 body={"results":[{"gender":"female","name":{"title":"Miss","first":"Alisa","last":"Wuollet"},"location":{"street":{"number":3094,"name":"Rautatienkatu"},"city":"Pello","state":"Kainuu","country":"Finland","postcode":32836,"coordinates":{"latitude":"-28.7607","longitude":"47.1819"},"timezone":{"offset":"+9:00","description":"Tokyo, Seoul, Osaka, Sapporo, Yakutsk"}},"email":"alisa.wuollet@example.com","login":{"uuid":"0f3e4a92-483e-4d47-82e2-ad446f11b8b9","username":"blackmouse872","password":"trey","salt":"Fm4ZrCFj","md5":"555fd272ca16cc72c5502a5c493100cb","sha1":"54a1d482381dc81665b7830cabcece2abd546c93","sha256":"8aa319a460ed3c28375d864d200a7ba21c8bdd12f7cf4e905249ab75b32aab2b"},"dob":{"date":"1961-06-04T21:12:39.578Z","age":63},"registered":{"date":"2008-03-01T08:32:01.482Z","age":16},"phone":"09-107-575","cell":"049-190-81-95","id":{"name":"HETU","value":"NaNNA056undefined"},"picture":{"large":"https://randomuser.me/api/portraits/women/37.jpg","medium":"https://randomuser.me/api/portraits/med/women/37.jpg","thumbnail":"https://randomuser.me/api/portraits/thumb/women/37.jpg"},"nat":"FI"}],"info":{"seed":"e3a5f46cb8e184d2","results":1,"page":1,"version":"1.4"}} 
 </msg>
<msg time="2024-06-05T23:15:44.471524" level="INFO">/opt/hostedtoolcache/Python/3.12.3/x64/lib/python3.12/site-packages/urllib3/connectionpool.py:1103: InsecureRequestWarning: Unverified HTTPS request is being made to host 'randomuser.me'. Adding certificate verification is strongly advised. See: https://urllib3.readthedocs.io/en/latest/advanced-usage.html#tls-warnings
  warnings.warn(</msg>
<msg time="2024-06-05T23:15:44.471618" level="INFO">${response} = &lt;Response [200]&gt;</msg>
<var>${response}</var>
<arg>consultarAPI</arg>
<arg>/api</arg>
<doc>Sends a GET request on a previously created HTTP Session.</doc>
<status status="PASS" start="2024-06-05T23:15:44.380737" elapsed="0.090907"/>
</kw>
<kw name="Set Variable" owner="BuiltIn">
<msg time="2024-06-05T23:15:44.472460" level="INFO">${json_data} = {'results': [{'gender': 'female', 'name': {'title': 'Miss', 'first': 'Alisa', 'last': 'Wuollet'}, 'location': {'street': {'number': 3094, 'name': 'Rautatienkatu'}, 'city': 'Pello', 'state': 'Kainuu', ...</msg>
<var>${json_data}</var>
<arg>${response.json()}</arg>
<doc>Returns the given values which can then be assigned to a variables.</doc>
<status status="PASS" start="2024-06-05T23:15:44.472020" elapsed="0.000469"/>
</kw>
<kw name="Log" owner="BuiltIn">
<msg time="2024-06-05T23:15:44.472940" level="INFO">{'results': [{'gender': 'female', 'name': {'title': 'Miss', 'first': 'Alisa', 'last': 'Wuollet'}, 'location': {'street': {'number': 3094, 'name': 'Rautatienkatu'}, 'city': 'Pello', 'state': 'Kainuu', 'country': 'Finland', 'postcode': 32836, 'coordinates': {'latitude': '-28.7607', 'longitude': '47.1819'}, 'timezone': {'offset': '+9:00', 'description': 'Tokyo, Seoul, Osaka, Sapporo, Yakutsk'}}, 'email': 'alisa.wuollet@example.com', 'login': {'uuid': '0f3e4a92-483e-4d47-82e2-ad446f11b8b9', 'username': 'blackmouse872', 'password': 'trey', 'salt': 'Fm4ZrCFj', 'md5': '555fd272ca16cc72c5502a5c493100cb', 'sha1': '54a1d482381dc81665b7830cabcece2abd546c93', 'sha256': '8aa319a460ed3c28375d864d200a7ba21c8bdd12f7cf4e905249ab75b32aab2b'}, 'dob': {'date': '1961-06-04T21:12:39.578Z', 'age': 63}, 'registered': {'date': '2008-03-01T08:32:01.482Z', 'age': 16}, 'phone': '09-107-575', 'cell': '049-190-81-95', 'id': {'name': 'HETU', 'value': 'NaNNA056undefined'}, 'picture': {'large': 'https://randomuser.me/api/portraits/women/37.jpg', 'medium': 'https://randomuser.me/api/portraits/med/women/37.jpg', 'thumbnail': 'https://randomuser.me/api/portraits/thumb/women/37.jpg'}, 'nat': 'FI'}], 'info': {'seed': 'e3a5f46cb8e184d2', 'results': 1, 'page': 1, 'version': '1.4'}}</msg>
<arg>${json_data}</arg>
<doc>Logs the given message with the given level.</doc>
<status status="PASS" start="2024-06-05T23:15:44.472791" elapsed="0.000227"/>
</kw>
<kw name="Should Be Equal As Numbers" owner="BuiltIn">
<arg>${json_data['results'][0]['location']['postcode']}</arg>
<arg>${json_data['results'][0]['location']['postcode']}</arg>
<doc>Fails if objects are unequal after converting them to real numbers.</doc>
<status status="PASS" start="2024-06-05T23:15:44.473315" elapsed="0.000647"/>
</kw>
<kw name="Log" owner="BuiltIn">
<msg time="2024-06-05T23:15:44.474495" level="INFO">32836</msg>
<arg>${json_data['results'][0]['location']['postcode']}</arg>
<doc>Logs the given message with the given level.</doc>
<status status="PASS" start="2024-06-05T23:15:44.474160" elapsed="0.000376"/>
</kw>
<status status="PASS" start="2024-06-05T23:15:44.380520" elapsed="0.094263"/>
</kw>
<doc>Testa se os tipos de dados na resposta da API estão corretos.</doc>
<tag>testeTiposDados</tag>
<status status="PASS" start="2024-06-05T23:15:44.335073" elapsed="0.139870"/>
</test>
<test id="s1-s1-t5" name="Validar conteudo" line="35">
<kw name="Teste de Tipos de Conteudo" owner="random-user-service">
<kw name="GET On Session" owner="RequestsLibrary">
<msg time="2024-06-05T23:15:44.583403" level="INFO">GET Request : url=https://randomuser.me/api 
 path_url=/api 
 headers={'User-Agent': 'python-requests/2.32.3', 'Accept-Encoding': 'gzip, deflate', 'Accept': '*/*', 'Connection': 'keep-alive'} 
 body=None 
 </msg>
<msg time="2024-06-05T23:15:44.583482" level="INFO">GET Response : url=https://randomuser.me/api 
 status=200, reason=OK 
 headers={'Date': 'Wed, 05 Jun 2024 23:15:44 GMT', 'Content-Type': 'application/json; charset=utf-8', 'Transfer-Encoding': 'chunked', 'Connection': 'keep-alive', 'X-Powered-By': 'Express', 'Access-Control-Allow-Origin': '*', 'Cache-Control': 'no-cache', 'ETag': 'W/"494-GbOdVpJeJgDCzV5cdrU3uRakbzs"', 'Vary': 'Accept-Encoding', 'Content-Encoding': 'gzip', 'CF-Cache-Status': 'DYNAMIC', 'Report-To': '{"endpoints":[{"url":"https:\\/\\/a.nel.cloudflare.com\\/report\\/v4?s=1E91EAGAwKabfe5qrUVIgyumRd4JKpUJ0F1idhcZ%2BC1yhOkzDFGZ%2F11aL%2BOh0lqq%2BHRNztj07PDRD8t1cgT%2FJCJXrla2uGGixjbHR2xb5BrFlhggORKXfsh8mKCyXE0T"}],"group":"cf-nel","max_age":604800}', 'NEL': '{"success_fraction":0,"report_to":"cf-nel","max_age":604800}', 'Server': 'cloudflare', 'CF-RAY': '88f3ddcaf83f82e4-IAD', 'alt-svc': 'h3=":443"; ma=86400'} 
 body={"results":[{"gender":"male","name":{"title":"Mr","first":"Fernando","last":"Vicente"},"location":{"street":{"number":4704,"name":"Calle de Ferraz"},"city":"La Coruña","state":"Andalucía","country":"Spain","postcode":96784,"coordinates":{"latitude":"-37.0421","longitude":"-114.3452"},"timezone":{"offset":"+9:00","description":"Tokyo, Seoul, Osaka, Sapporo, Yakutsk"}},"email":"fernando.vicente@example.com","login":{"uuid":"5fe7760f-ed34-4a2a-af56-85fbe75b2fb6","username":"greenkoala580","password":"zoom","salt":"53nrPiPz","md5":"c9e0cb1feeb7e2c7242e361e686f760e","sha1":"0bfa13d0ad48ddc0ec5e41db453144d68cc400b6","sha256":"1719e213ebba74fe3e904676ad029bd1ba5da67d0578fcf8ba9c27648210f608"},"dob":{"date":"1965-10-06T16:45:19.015Z","age":58},"registered":{"date":"2021-11-05T18:40:23.881Z","age":2},"phone":"984-371-973","cell":"648-196-970","id":{"name":"DNI","value":"17041362-A"},"picture":{"large":"https://randomuser.me/api/portraits/men/72.jpg","medium":"https://randomuser.me/api/portraits/med/men/72.jpg","thumbnail":"https://randomuser.me/api/portraits/thumb/men/72.jpg"},"nat":"ES"}],"info":{"seed":"370b0c0e7d2bf09e","results":1,"page":1,"version":"1.4"}} 
 </msg>
<msg time="2024-06-05T23:15:44.583551" level="INFO">/opt/hostedtoolcache/Python/3.12.3/x64/lib/python3.12/site-packages/urllib3/connectionpool.py:1103: InsecureRequestWarning: Unverified HTTPS request is being made to host 'randomuser.me'. Adding certificate verification is strongly advised. See: https://urllib3.readthedocs.io/en/latest/advanced-usage.html#tls-warnings
  warnings.warn(</msg>
<msg time="2024-06-05T23:15:44.583662" level="INFO">${response} = &lt;Response [200]&gt;</msg>
<var>${response}</var>
<arg>consultarAPI</arg>
<arg>/api</arg>
<doc>Sends a GET request on a previously created HTTP Session.</doc>
<status status="PASS" start="2024-06-05T23:15:44.477454" elapsed="0.106260"/>
</kw>
<kw name="Set Variable" owner="BuiltIn">
<msg time="2024-06-05T23:15:44.584768" level="INFO">${json_data} = {'results': [{'gender': 'male', 'name': {'title': 'Mr', 'first': 'Fernando', 'last': 'Vicente'}, 'location': {'street': {'number': 4704, 'name': 'Calle de Ferraz'}, 'city': 'La Coruña', 'state': 'Anda...</msg>
<var>${json_data}</var>
<arg>${response.json()}</arg>
<doc>Returns the given values which can then be assigned to a variables.</doc>
<status status="PASS" start="2024-06-05T23:15:44.584207" elapsed="0.000590"/>
</kw>
<kw name="Set Variable" owner="BuiltIn">
<msg time="2024-06-05T23:15:44.585519" level="INFO">${name_title} = Mr</msg>
<var>${name_title}</var>
<arg>${json_data["results"][0]["name"]["title"]}</arg>
<doc>Returns the given values which can then be assigned to a variables.</doc>
<status status="PASS" start="2024-06-05T23:15:44.585100" elapsed="0.000445"/>
</kw>
<kw name="Create List" owner="BuiltIn">
<msg time="2024-06-05T23:15:44.585992" level="INFO">${allowed_titles} = ['Mr', 'Ms', 'Miss', 'Mrs', 'Madame', 'Monsieur']</msg>
<var>${allowed_titles}</var>
<arg>Mr</arg>
<arg>Ms</arg>
<arg>Miss</arg>
<arg>Mrs</arg>
<arg>Madame</arg>
<arg>Monsieur</arg>
<doc>Returns a list containing given items.</doc>
<status status="PASS" start="2024-06-05T23:15:44.585845" elapsed="0.000171"/>
</kw>
<kw name="List Should Contain Value" owner="Collections">
<msg time="2024-06-05T23:15:44.586491" level="INFO">False</msg>
<arg>${allowed_titles}</arg>
<arg>${name_title}</arg>
<doc>Fails if the ``value`` is not found from ``list``.</doc>
<status status="PASS" start="2024-06-05T23:15:44.586314" elapsed="0.000213"/>
</kw>
<kw name="Set Variable" owner="BuiltIn">
<msg time="2024-06-05T23:15:44.587322" level="INFO">${name_country} = ES</msg>
<var>${name_country}</var>
<arg>${json_data["results"][0]["nat"]}</arg>
<doc>Returns the given values which can then be assigned to a variables.</doc>
<status status="PASS" start="2024-06-05T23:15:44.586817" elapsed="0.000530"/>
</kw>
<kw name="Create List" owner="BuiltIn">
<msg time="2024-06-05T23:15:44.588262" level="INFO">${list_country} = ['AD', 'AE', 'AF', 'AG', 'AI', 'AL', 'AM', 'AO', 'AQ', 'AR', 'AS', 'AT', 'AU', 'AW', 'AX', 'AZ', 'BA', 'BB', 'BD', 'BE', 'BF', 'BG', 'BH', 'BI', 'BJ', 'BL', 'BM', 'BN', 'BO', 'BQ', 'BR', 'BS', 'BT', '...</msg>
<var>${list_country}</var>
<arg>AD</arg>
<arg>AE</arg>
<arg>AF</arg>
<arg>AG</arg>
<arg>AI</arg>
<arg>AL</arg>
<arg>AM</arg>
<arg>AO</arg>
<arg>AQ</arg>
<arg>AR</arg>
<arg>AS</arg>
<arg>AT</arg>
<arg>AU</arg>
<arg>AW</arg>
<arg>AX</arg>
<arg>AZ</arg>
<arg>BA</arg>
<arg>BB</arg>
<arg>BD</arg>
<arg>BE</arg>
<arg>BF</arg>
<arg>BG</arg>
<arg>BH</arg>
<arg>BI</arg>
<arg>BJ</arg>
<arg>BL</arg>
<arg>BM</arg>
<arg>BN</arg>
<arg>BO</arg>
<arg>BQ</arg>
<arg>BR</arg>
<arg>BS</arg>
<arg>BT</arg>
<arg>BV</arg>
<arg>BW</arg>
<arg>BY</arg>
<arg>BZ</arg>
<arg>CA</arg>
<arg>CC</arg>
<arg>CD</arg>
<arg>CF</arg>
<arg>CG</arg>
<arg>CH</arg>
<arg>CI</arg>
<arg>CK</arg>
<arg>CL</arg>
<arg>CM</arg>
<arg>CN</arg>
<arg>CO</arg>
<arg>CR</arg>
<arg>CU</arg>
<arg>CV</arg>
<arg>CW</arg>
<arg>CX</arg>
<arg>CY</arg>
<arg>CZ</arg>
<arg>DE</arg>
<arg>DJ</arg>
<arg>DK</arg>
<arg>DM</arg>
<arg>DO</arg>
<arg>DZ</arg>
<arg>EC</arg>
<arg>EE</arg>
<arg>EG</arg>
<arg>EH</arg>
<arg>ER</arg>
<arg>ES</arg>
<arg>ET</arg>
<arg>FI</arg>
<arg>FJ</arg>
<arg>FK</arg>
<arg>FM</arg>
<arg>FO</arg>
<arg>FR</arg>
<arg>GA</arg>
<arg>GB</arg>
<arg>GD</arg>
<arg>GE</arg>
<arg>GF</arg>
<arg>GG</arg>
<arg>GH</arg>
<arg>GI</arg>
<arg>GL</arg>
<arg>GM</arg>
<arg>GN</arg>
<arg>GP</arg>
<arg>GQ</arg>
<arg>GR</arg>
<arg>GS</arg>
<arg>GT</arg>
<arg>GU</arg>
<arg>GW</arg>
<arg>GY</arg>
<arg>HK</arg>
<arg>HM</arg>
<arg>HN</arg>
<arg>HR</arg>
<arg>HT</arg>
<arg>HU</arg>
<arg>ID</arg>
<arg>IE</arg>
<arg>IL</arg>
<arg>IM</arg>
<arg>IN</arg>
<arg>IO</arg>
<arg>IQ</arg>
<arg>IR</arg>
<arg>IS</arg>
<arg>IT</arg>
<arg>JE</arg>
<arg>JM</arg>
<arg>JO</arg>
<arg>JP</arg>
<arg>KE</arg>
<arg>KG</arg>
<arg>KH</arg>
<arg>KI</arg>
<arg>KM</arg>
<arg>KN</arg>
<arg>KP</arg>
<arg>KR</arg>
<arg>KW</arg>
<arg>KY</arg>
<arg>KZ</arg>
<arg>LA</arg>
<arg>LB</arg>
<arg>LC</arg>
<arg>LI</arg>
<arg>LK</arg>
<arg>LR</arg>
<arg>LS</arg>
<arg>LT</arg>
<arg>LU</arg>
<arg>LV</arg>
<arg>LY</arg>
<arg>MA</arg>
<arg>MC</arg>
<arg>MD</arg>
<arg>ME</arg>
<arg>MF</arg>
<arg>MG</arg>
<arg>MH</arg>
<arg>MK</arg>
<arg>ML</arg>
<arg>MM</arg>
<arg>MN</arg>
<arg>MO</arg>
<arg>MP</arg>
<arg>MQ</arg>
<arg>MR</arg>
<arg>MS</arg>
<arg>MT</arg>
<arg>MU</arg>
<arg>MV</arg>
<arg>MW</arg>
<arg>MX</arg>
<arg>MY</arg>
<arg>MZ</arg>
<arg>NA</arg>
<arg>NC</arg>
<arg>NE</arg>
<arg>NF</arg>
<arg>NG</arg>
<arg>NI</arg>
<arg>NL</arg>
<arg>NO</arg>
<arg>NP</arg>
<arg>NR</arg>
<arg>NU</arg>
<arg>NZ</arg>
<arg>OM</arg>
<arg>PA</arg>
<arg>PE</arg>
<arg>PF</arg>
<arg>PG</arg>
<arg>PH</arg>
<arg>PK</arg>
<arg>PL</arg>
<arg>PM</arg>
<arg>PN</arg>
<arg>PR</arg>
<arg>PS</arg>
<arg>PT</arg>
<arg>PW</arg>
<arg>PY</arg>
<arg>QA</arg>
<arg>RE</arg>
<arg>RO</arg>
<arg>RS</arg>
<arg>RU</arg>
<arg>RW</arg>
<arg>SA</arg>
<arg>SB</arg>
<arg>SC</arg>
<arg>SD</arg>
<arg>SE</arg>
<arg>SG</arg>
<arg>SH</arg>
<arg>SI</arg>
<arg>SJ</arg>
<arg>SK</arg>
<arg>SL</arg>
<arg>SM</arg>
<arg>SN</arg>
<arg>SO</arg>
<arg>SR</arg>
<arg>SS</arg>
<arg>ST</arg>
<arg>SV</arg>
<arg>SX</arg>
<arg>SY</arg>
<arg>SZ</arg>
<arg>TC</arg>
<arg>TD</arg>
<arg>TF</arg>
<arg>TG</arg>
<arg>TH</arg>
<arg>TJ</arg>
<arg>TK</arg>
<arg>TL</arg>
<arg>TM</arg>
<arg>TN</arg>
<arg>TO</arg>
<arg>TR</arg>
<arg>TT</arg>
<arg>TV</arg>
<arg>TW</arg>
<arg>TZ</arg>
<arg>UA</arg>
<arg>UG</arg>
<arg>UM</arg>
<arg>US</arg>
<arg>UY</arg>
<arg>UZ</arg>
<arg>VA</arg>
<arg>VC</arg>
<arg>VE</arg>
<arg>VG</arg>
<arg>VI</arg>
<arg>VN</arg>
<arg>VU</arg>
<arg>WF</arg>
<arg>WS</arg>
<arg>XK</arg>
<arg>YE</arg>
<arg>YT</arg>
<arg>ZA</arg>
<arg>ZM</arg>
<arg>ZW</arg>
<doc>Returns a list containing given items.</doc>
<status status="PASS" start="2024-06-05T23:15:44.587663" elapsed="0.000624"/>
</kw>
<kw name="List Should Contain Value" owner="Collections">
<msg time="2024-06-05T23:15:44.589260" level="INFO">False</msg>
<arg>${list_country}</arg>
<arg>${name_country}</arg>
<doc>Fails if the ``value`` is not found from ``list``.</doc>
<status status="PASS" start="2024-06-05T23:15:44.589063" elapsed="0.000232"/>
</kw>
<kw name="Run Keyword If" owner="BuiltIn">
<kw name="Should Be True" owner="BuiltIn">
<arg>${True}</arg>
<doc>Fails if the given condition is not true.</doc>
<status status="PASS" start="2024-06-05T23:15:44.590381" elapsed="0.000160"/>
</kw>
<arg>${json_data["results"][0]["location"]["coordinates"]["latitude"]} &gt;= -90 and ${json_data["results"][0]["location"]["coordinates"]["latitude"]} &lt;= 90</arg>
<arg>Should Be True</arg>
<arg>${True}</arg>
<doc>Runs the given keyword with the given arguments, if ``condition`` is true.</doc>
<status status="PASS" start="2024-06-05T23:15:44.589639" elapsed="0.001029"/>
</kw>
<kw name="Run Keyword If" owner="BuiltIn">
<kw name="Should Be True" owner="BuiltIn">
<arg>${True}</arg>
<doc>Fails if the given condition is not true.</doc>
<status status="PASS" start="2024-06-05T23:15:44.591551" elapsed="0.000135"/>
</kw>
<arg>${json_data["results"][0]["location"]["coordinates"]["longitude"]} &gt;= -180 and ${json_data["results"][0]["location"]["coordinates"]["longitude"]} &lt;= 180</arg>
<arg>Should Be True</arg>
<arg>${True}</arg>
<doc>Runs the given keyword with the given arguments, if ``condition`` is true.</doc>
<status status="PASS" start="2024-06-05T23:15:44.590859" elapsed="0.000949"/>
</kw>
<status status="PASS" start="2024-06-05T23:15:44.477196" elapsed="0.114738"/>
</kw>
<doc>Testa o conteúdo específico dos campos retornados pela API.</doc>
<tag>testeConteudo</tag>
<status status="PASS" start="2024-06-05T23:15:44.476676" elapsed="0.115400"/>
</test>
<status status="PASS" start="2024-06-05T23:15:43.544102" elapsed="1.049937"/>
</suite>
<status status="PASS" start="2024-06-05T23:15:43.530797" elapsed="1.068400"/>
</suite>
<statistics>
<total>
<stat pass="5" fail="0" skip="0">All Tests</stat>
</total>
<tag>
<stat pass="1" fail="0" skip="0">testeConteudo</stat>
<stat pass="1" fail="0" skip="0">testeEstruturaResposta</stat>
<stat pass="1" fail="0" skip="0">testeRequisicaoBasica</stat>
<stat pass="1" fail="0" skip="0">testeTiposDados</stat>
</tag>
<suite>
<stat pass="5" fail="0" skip="0" id="s1" name="Tests">Tests</stat>
<stat pass="5" fail="0" skip="0" id="s1-s1" name="Random-User-Test">Tests.Random-User-Test</stat>
</suite>
</statistics>
<errors>
</errors>
</robot>
