<?xml version="1.0" encoding="UTF-8"?>
<robot generator="Robot 7.0 (Python 3.12.3 on linux)" generated="2024-06-01T02:33:10.313748" rpa="false" schemaversion="5">
<suite id="s1" name="Tests" source="/home/runner/work/ApiRandomUser/ApiRandomUser/RamdonUser/tests">
<suite id="s1-s1" name="Random-User-Test" source="/home/runner/work/ApiRandomUser/ApiRandomUser/RamdonUser/tests/random-user-test.robot">
<test id="s1-s1-t1" name="Conectar" line="13">
<kw name="Conectar API" owner="random-user-service">
<kw name="Create Session" owner="RequestsLibrary">
<msg time="2024-06-01T02:33:10.718568" level="INFO">Creating Session using : alias=consultarAPI, url=https://randomuser.me/, headers={},                     cookies={}, auth=None, timeout=None, proxies=None, verify=False,                     debug=0 </msg>
<arg>consultarAPI</arg>
<arg>${URL}</arg>
<doc>Create Session: create a HTTP session to a server</doc>
<status status="PASS" start="2024-06-01T02:33:10.718362" elapsed="0.000389"/>
</kw>
<status status="PASS" start="2024-06-01T02:33:10.717309" elapsed="0.001797"/>
</kw>
<status status="PASS" start="2024-06-01T02:33:10.716698" elapsed="0.002601"/>
</test>
<test id="s1-s1-t2" name="Validar retorno 200 e JSON Válido" line="16">
<kw name="Teste de Requisicao Basica" owner="random-user-service">
<kw name="GET On Session" owner="RequestsLibrary">
<msg time="2024-06-01T02:33:10.979117" level="INFO">GET Request : url=https://randomuser.me/api 
 path_url=/api 
 headers={'User-Agent': 'python-requests/2.32.3', 'Accept-Encoding': 'gzip, deflate', 'Accept': '*/*', 'Connection': 'keep-alive'} 
 body=None 
 </msg>
<msg time="2024-06-01T02:33:10.979330" level="INFO">GET Response : url=https://randomuser.me/api 
 status=200, reason=OK 
 headers={'Date': 'Sat, 01 Jun 2024 02:33:10 GMT', 'Content-Type': 'application/json; charset=utf-8', 'Transfer-Encoding': 'chunked', 'Connection': 'keep-alive', 'X-Powered-By': 'Express', 'Access-Control-Allow-Origin': '*', 'Cache-Control': 'no-cache', 'ETag': 'W/"497-Qc5GZp4R/8Zl58LeO5imxDeWF7k"', 'Vary': 'Accept-Encoding', 'Content-Encoding': 'gzip', 'CF-Cache-Status': 'DYNAMIC', 'Report-To': '{"endpoints":[{"url":"https:\\/\\/a.nel.cloudflare.com\\/report\\/v4?s=vJWqUP7ggDdlrcSy8co7JSqg06sOe%2FfK8N8L2wQkQg%2FRB468P5FLf7%2Bs%2BvkJGhvAds1eOv8QCBQ3r7sHPpsiU%2BasZD6oC9CrlH46LINDLdx9PAUrIjneNAG74WsF9HPg"}],"group":"cf-nel","max_age":604800}', 'NEL': '{"success_fraction":0,"report_to":"cf-nel","max_age":604800}', 'Server': 'cloudflare', 'CF-RAY': '88cbcc231e8c9822-SJC', 'alt-svc': 'h3=":443"; ma=86400'} 
 body={"results":[{"gender":"male","name":{"title":"Mr","first":"Lester","last":"Lawrence"},"location":{"street":{"number":8857,"name":"E Sandy Lake Rd"},"city":"Columbia","state":"Tennessee","country":"United States","postcode":31521,"coordinates":{"latitude":"83.9719","longitude":"-74.1446"},"timezone":{"offset":"+5:30","description":"Bombay, Calcutta, Madras, New Delhi"}},"email":"lester.lawrence@example.com","login":{"uuid":"98be33d3-f57c-4f4a-ab77-2410387011c5","username":"lazykoala267","password":"qiao","salt":"0tCX7qO6","md5":"8ca5e0e22ee94cb94f604d9a036907e5","sha1":"700d3506559f3646d87820927169f7e91dbf76cf","sha256":"87ccf4c0bcc9d81523e1a281b7350a77d6d2107b8700f12a4e2ac718754dd7de"},"dob":{"date":"1959-04-05T03:47:58.752Z","age":65},"registered":{"date":"2004-02-16T17:59:31.037Z","age":20},"phone":"(354) 201-7361","cell":"(536) 462-7437","id":{"name":"SSN","value":"580-78-1139"},"picture":{"large":"https://randomuser.me/api/portraits/men/2.jpg","medium":"https://randomuser.me/api/portraits/med/men/2.jpg","thumbnail":"https://randomuser.me/api/portraits/thumb/men/2.jpg"},"nat":"US"}],"info":{"seed":"5d2471a12c766995","results":1,"page":1,"version":"1.4"}} 
 </msg>
<msg time="2024-06-01T02:33:10.979419" level="INFO">/opt/hostedtoolcache/Python/3.12.3/x64/lib/python3.12/site-packages/urllib3/connectionpool.py:1103: InsecureRequestWarning: Unverified HTTPS request is being made to host 'randomuser.me'. Adding certificate verification is strongly advised. See: https://urllib3.readthedocs.io/en/latest/advanced-usage.html#tls-warnings
  warnings.warn(</msg>
<msg time="2024-06-01T02:33:10.979610" level="INFO">${response} = &lt;Response [200]&gt;</msg>
<var>${response}</var>
<arg>consultarAPI</arg>
<arg>/api</arg>
<doc>Sends a GET request on a previously created HTTP Session.</doc>
<status status="PASS" start="2024-06-01T02:33:10.721997" elapsed="0.257659"/>
</kw>
<kw name="Should Be Equal As Numbers" owner="BuiltIn">
<msg time="2024-06-01T02:33:10.980785" level="INFO">Argument types are:
&lt;class 'int'&gt;
&lt;class 'str'&gt;</msg>
<arg>${response.status_code}</arg>
<arg>200</arg>
<doc>Fails if objects are unequal after converting them to real numbers.</doc>
<status status="PASS" start="2024-06-01T02:33:10.980280" elapsed="0.000574"/>
</kw>
<kw name="Log" owner="BuiltIn">
<msg time="2024-06-01T02:33:10.981677" level="INFO">200</msg>
<arg>${response.status_code}</arg>
<doc>Logs the given message with the given level.</doc>
<status status="PASS" start="2024-06-01T02:33:10.981270" elapsed="0.000460"/>
</kw>
<kw name="Set Variable" owner="BuiltIn">
<msg time="2024-06-01T02:33:10.982563" level="INFO">${json_data} = {'results': [{'gender': 'male', 'name': {'title': 'Mr', 'first': 'Lester', 'last': 'Lawrence'}, 'location': {'street': {'number': 8857, 'name': 'E Sandy Lake Rd'}, 'city': 'Columbia', 'state': 'Tennes...</msg>
<var>${json_data}</var>
<arg>${response.json()}</arg>
<doc>Returns the given values which can then be assigned to a variables.</doc>
<status status="PASS" start="2024-06-01T02:33:10.982079" elapsed="0.000541"/>
</kw>
<kw name="Dictionary Should Contain Key" owner="Collections">
<msg time="2024-06-01T02:33:10.983188" level="INFO">False</msg>
<arg>${json_data}</arg>
<arg>results</arg>
<doc>Fails if ``key`` is not found from ``dictionary``.</doc>
<status status="PASS" start="2024-06-01T02:33:10.982980" elapsed="0.000453"/>
</kw>
<status status="PASS" start="2024-06-01T02:33:10.721752" elapsed="0.261995"/>
</kw>
<doc>Testa se a API responde corretamente e retorna um objeto JSON válido.</doc>
<tag>testeRequisicaoBasica</tag>
<status status="PASS" start="2024-06-01T02:33:10.721166" elapsed="0.262780"/>
</test>
<test id="s1-s1-t3" name="Validar estrutura de resposta" line="22">
<kw name="Teste de Estrutura de Resposta" owner="random-user-service">
<kw name="GET On Session" owner="RequestsLibrary">
<msg time="2024-06-01T02:33:11.078507" level="INFO">GET Request : url=https://randomuser.me/api 
 path_url=/api 
 headers={'User-Agent': 'python-requests/2.32.3', 'Accept-Encoding': 'gzip, deflate', 'Accept': '*/*', 'Connection': 'keep-alive'} 
 body=None 
 </msg>
<msg time="2024-06-01T02:33:11.078575" level="INFO">GET Response : url=https://randomuser.me/api 
 status=200, reason=OK 
 headers={'Date': 'Sat, 01 Jun 2024 02:33:11 GMT', 'Content-Type': 'application/json; charset=utf-8', 'Transfer-Encoding': 'chunked', 'Connection': 'keep-alive', 'X-Powered-By': 'Express', 'Access-Control-Allow-Origin': '*', 'Cache-Control': 'no-cache', 'ETag': 'W/"496-Qv61n86hVkghJjuWxyvFlEVRdQc"', 'Vary': 'Accept-Encoding', 'Content-Encoding': 'gzip', 'CF-Cache-Status': 'DYNAMIC', 'Report-To': '{"endpoints":[{"url":"https:\\/\\/a.nel.cloudflare.com\\/report\\/v4?s=x98qaJxA1yWTWrwQ3nktfOmmdDoanYAfTE1mkiKr6RTMoJPM86HRXLi8g4sgJLQe%2F8czq8PP%2FPrVZnMKGZgMeJe%2BBcMDEnjyMWdhnFIANMzqrh%2BvVInz4IAZQyGdIZPc"}],"group":"cf-nel","max_age":604800}', 'NEL': '{"success_fraction":0,"report_to":"cf-nel","max_age":604800}', 'Server': 'cloudflare', 'CF-RAY': '88cbcc23becd9822-SJC', 'alt-svc': 'h3=":443"; ma=86400'} 
 body={"results":[{"gender":"male","name":{"title":"Mr","first":"Mitchell","last":"Harvey"},"location":{"street":{"number":4243,"name":"Stanley Road"},"city":"Stevenage","state":"Mid Glamorgan","country":"United Kingdom","postcode":"G5 4SX","coordinates":{"latitude":"-4.5046","longitude":"-151.4884"},"timezone":{"offset":"+6:00","description":"Almaty, Dhaka, Colombo"}},"email":"mitchell.harvey@example.com","login":{"uuid":"b6c6cca1-dec6-4d8b-87c0-234626d0c1ac","username":"silverbird261","password":"hollie","salt":"Z5Xy2HRc","md5":"d0d8c6a200685cd237b25d0f08aeb7fa","sha1":"6ce80c887592366c6bb49cd67218c45413acf7f7","sha256":"3529d8dd0828b8b0dbc31aad7649f3f1324ada92667af3e4c1ce61e33d5606dd"},"dob":{"date":"1958-03-16T18:20:59.066Z","age":66},"registered":{"date":"2007-07-12T04:07:45.896Z","age":16},"phone":"016973 09983","cell":"07545 058582","id":{"name":"NINO","value":"KZ 57 42 53 P"},"picture":{"large":"https://randomuser.me/api/portraits/men/39.jpg","medium":"https://randomuser.me/api/portraits/med/men/39.jpg","thumbnail":"https://randomuser.me/api/portraits/thumb/men/39.jpg"},"nat":"GB"}],"info":{"seed":"50ccac8ac82e0492","results":1,"page":1,"version":"1.4"}} 
 </msg>
<msg time="2024-06-01T02:33:11.078673" level="INFO">/opt/hostedtoolcache/Python/3.12.3/x64/lib/python3.12/site-packages/urllib3/connectionpool.py:1103: InsecureRequestWarning: Unverified HTTPS request is being made to host 'randomuser.me'. Adding certificate verification is strongly advised. See: https://urllib3.readthedocs.io/en/latest/advanced-usage.html#tls-warnings
  warnings.warn(</msg>
<msg time="2024-06-01T02:33:11.078788" level="INFO">${response} = &lt;Response [200]&gt;</msg>
<var>${response}</var>
<arg>consultarAPI</arg>
<arg>/api</arg>
<doc>Sends a GET request on a previously created HTTP Session.</doc>
<status status="PASS" start="2024-06-01T02:33:10.987114" elapsed="0.091713"/>
</kw>
<kw name="Set Variable" owner="BuiltIn">
<msg time="2024-06-01T02:33:11.079651" level="INFO">${json_data} = {'results': [{'gender': 'male', 'name': {'title': 'Mr', 'first': 'Mitchell', 'last': 'Harvey'}, 'location': {'street': {'number': 4243, 'name': 'Stanley Road'}, 'city': 'Stevenage', 'state': 'Mid Glam...</msg>
<var>${json_data}</var>
<arg>${response.json()}</arg>
<doc>Returns the given values which can then be assigned to a variables.</doc>
<status status="PASS" start="2024-06-01T02:33:11.079199" elapsed="0.000481"/>
</kw>
<kw name="Log" owner="BuiltIn">
<msg time="2024-06-01T02:33:11.080143" level="INFO">{'results': [{'gender': 'male', 'name': {'title': 'Mr', 'first': 'Mitchell', 'last': 'Harvey'}, 'location': {'street': {'number': 4243, 'name': 'Stanley Road'}, 'city': 'Stevenage', 'state': 'Mid Glamorgan', 'country': 'United Kingdom', 'postcode': 'G5 4SX', 'coordinates': {'latitude': '-4.5046', 'longitude': '-151.4884'}, 'timezone': {'offset': '+6:00', 'description': 'Almaty, Dhaka, Colombo'}}, 'email': 'mitchell.harvey@example.com', 'login': {'uuid': 'b6c6cca1-dec6-4d8b-87c0-234626d0c1ac', 'username': 'silverbird261', 'password': 'hollie', 'salt': 'Z5Xy2HRc', 'md5': 'd0d8c6a200685cd237b25d0f08aeb7fa', 'sha1': '6ce80c887592366c6bb49cd67218c45413acf7f7', 'sha256': '3529d8dd0828b8b0dbc31aad7649f3f1324ada92667af3e4c1ce61e33d5606dd'}, 'dob': {'date': '1958-03-16T18:20:59.066Z', 'age': 66}, 'registered': {'date': '2007-07-12T04:07:45.896Z', 'age': 16}, 'phone': '016973 09983', 'cell': '07545 058582', 'id': {'name': 'NINO', 'value': 'KZ 57 42 53 P'}, 'picture': {'large': 'https://randomuser.me/api/portraits/men/39.jpg', 'medium': 'https://randomuser.me/api/portraits/med/men/39.jpg', 'thumbnail': 'https://randomuser.me/api/portraits/thumb/men/39.jpg'}, 'nat': 'GB'}], 'info': {'seed': '50ccac8ac82e0492', 'results': 1, 'page': 1, 'version': '1.4'}}</msg>
<arg>${json_data}</arg>
<doc>Logs the given message with the given level.</doc>
<status status="PASS" start="2024-06-01T02:33:11.079988" elapsed="0.000202"/>
</kw>
<kw name="Dictionary Should Contain Key" owner="Collections">
<msg time="2024-06-01T02:33:11.080634" level="INFO">False</msg>
<arg>${json_data}</arg>
<arg>results</arg>
<doc>Fails if ``key`` is not found from ``dictionary``.</doc>
<status status="PASS" start="2024-06-01T02:33:11.080480" elapsed="0.000192"/>
</kw>
<kw name="Should Not Be Empty" owner="BuiltIn">
<msg time="2024-06-01T02:33:11.081104" level="INFO">Length is 2.</msg>
<arg>${json_data}</arg>
<doc>Verifies that the given item is not empty.</doc>
<status status="PASS" start="2024-06-01T02:33:11.080967" elapsed="0.000176"/>
</kw>
<kw name="Create List" owner="BuiltIn">
<msg time="2024-06-01T02:33:11.081578" level="INFO">${expected_keys} = ['gender', 'name', 'location', 'email', 'login']</msg>
<var>${expected_keys}</var>
<arg>gender</arg>
<arg>name</arg>
<arg>location</arg>
<arg>email</arg>
<arg>login</arg>
<doc>Returns a list containing given items.</doc>
<status status="PASS" start="2024-06-01T02:33:11.081434" elapsed="0.000196"/>
</kw>
<for flavor="IN">
<iter>
<kw name="Dictionary Should Contain Key" owner="Collections">
<msg time="2024-06-01T02:33:11.082602" level="INFO">False</msg>
<arg>${json_data['results'][0]}</arg>
<arg>${key}</arg>
<doc>Fails if ``key`` is not found from ``dictionary``.</doc>
<status status="PASS" start="2024-06-01T02:33:11.082202" elapsed="0.000444"/>
</kw>
<kw name="Log" owner="BuiltIn">
<msg time="2024-06-01T02:33:11.083303" level="INFO">{'gender': 'male', 'name': {'title': 'Mr', 'first': 'Mitchell', 'last': 'Harvey'}, 'location': {'street': {'number': 4243, 'name': 'Stanley Road'}, 'city': 'Stevenage', 'state': 'Mid Glamorgan', 'country': 'United Kingdom', 'postcode': 'G5 4SX', 'coordinates': {'latitude': '-4.5046', 'longitude': '-151.4884'}, 'timezone': {'offset': '+6:00', 'description': 'Almaty, Dhaka, Colombo'}}, 'email': 'mitchell.harvey@example.com', 'login': {'uuid': 'b6c6cca1-dec6-4d8b-87c0-234626d0c1ac', 'username': 'silverbird261', 'password': 'hollie', 'salt': 'Z5Xy2HRc', 'md5': 'd0d8c6a200685cd237b25d0f08aeb7fa', 'sha1': '6ce80c887592366c6bb49cd67218c45413acf7f7', 'sha256': '3529d8dd0828b8b0dbc31aad7649f3f1324ada92667af3e4c1ce61e33d5606dd'}, 'dob': {'date': '1958-03-16T18:20:59.066Z', 'age': 66}, 'registered': {'date': '2007-07-12T04:07:45.896Z', 'age': 16}, 'phone': '016973 09983', 'cell': '07545 058582', 'id': {'name': 'NINO', 'value': 'KZ 57 42 53 P'}, 'picture': {'large': 'https://randomuser.me/api/portraits/men/39.jpg', 'medium': 'https://randomuser.me/api/portraits/med/men/39.jpg', 'thumbnail': 'https://randomuser.me/api/portraits/thumb/men/39.jpg'}, 'nat': 'GB'}</msg>
<arg>${json_data['results'][0]}</arg>
<doc>Logs the given message with the given level.</doc>
<status status="PASS" start="2024-06-01T02:33:11.082945" elapsed="0.000408"/>
</kw>
<kw name="Log" owner="BuiltIn">
<msg time="2024-06-01T02:33:11.083792" level="INFO">gender</msg>
<arg>${key}</arg>
<doc>Logs the given message with the given level.</doc>
<status status="PASS" start="2024-06-01T02:33:11.083662" elapsed="0.000168"/>
</kw>
<var name="${key}">gender</var>
<status status="PASS" start="2024-06-01T02:33:11.082077" elapsed="0.001968"/>
</iter>
<iter>
<kw name="Dictionary Should Contain Key" owner="Collections">
<msg time="2024-06-01T02:33:11.084728" level="INFO">False</msg>
<arg>${json_data['results'][0]}</arg>
<arg>${key}</arg>
<doc>Fails if ``key`` is not found from ``dictionary``.</doc>
<status status="PASS" start="2024-06-01T02:33:11.084343" elapsed="0.000423"/>
</kw>
<kw name="Log" owner="BuiltIn">
<msg time="2024-06-01T02:33:11.085443" level="INFO">{'gender': 'male', 'name': {'title': 'Mr', 'first': 'Mitchell', 'last': 'Harvey'}, 'location': {'street': {'number': 4243, 'name': 'Stanley Road'}, 'city': 'Stevenage', 'state': 'Mid Glamorgan', 'country': 'United Kingdom', 'postcode': 'G5 4SX', 'coordinates': {'latitude': '-4.5046', 'longitude': '-151.4884'}, 'timezone': {'offset': '+6:00', 'description': 'Almaty, Dhaka, Colombo'}}, 'email': 'mitchell.harvey@example.com', 'login': {'uuid': 'b6c6cca1-dec6-4d8b-87c0-234626d0c1ac', 'username': 'silverbird261', 'password': 'hollie', 'salt': 'Z5Xy2HRc', 'md5': 'd0d8c6a200685cd237b25d0f08aeb7fa', 'sha1': '6ce80c887592366c6bb49cd67218c45413acf7f7', 'sha256': '3529d8dd0828b8b0dbc31aad7649f3f1324ada92667af3e4c1ce61e33d5606dd'}, 'dob': {'date': '1958-03-16T18:20:59.066Z', 'age': 66}, 'registered': {'date': '2007-07-12T04:07:45.896Z', 'age': 16}, 'phone': '016973 09983', 'cell': '07545 058582', 'id': {'name': 'NINO', 'value': 'KZ 57 42 53 P'}, 'picture': {'large': 'https://randomuser.me/api/portraits/men/39.jpg', 'medium': 'https://randomuser.me/api/portraits/med/men/39.jpg', 'thumbnail': 'https://randomuser.me/api/portraits/thumb/men/39.jpg'}, 'nat': 'GB'}</msg>
<arg>${json_data['results'][0]}</arg>
<doc>Logs the given message with the given level.</doc>
<status status="PASS" start="2024-06-01T02:33:11.085085" elapsed="0.000406"/>
</kw>
<kw name="Log" owner="BuiltIn">
<msg time="2024-06-01T02:33:11.085939" level="INFO">name</msg>
<arg>${key}</arg>
<doc>Logs the given message with the given level.</doc>
<status status="PASS" start="2024-06-01T02:33:11.085811" elapsed="0.000166"/>
</kw>
<var name="${key}">name</var>
<status status="PASS" start="2024-06-01T02:33:11.084230" elapsed="0.001969"/>
</iter>
<iter>
<kw name="Dictionary Should Contain Key" owner="Collections">
<msg time="2024-06-01T02:33:11.086869" level="INFO">False</msg>
<arg>${json_data['results'][0]}</arg>
<arg>${key}</arg>
<doc>Fails if ``key`` is not found from ``dictionary``.</doc>
<status status="PASS" start="2024-06-01T02:33:11.086491" elapsed="0.000417"/>
</kw>
<kw name="Log" owner="BuiltIn">
<msg time="2024-06-01T02:33:11.087579" level="INFO">{'gender': 'male', 'name': {'title': 'Mr', 'first': 'Mitchell', 'last': 'Harvey'}, 'location': {'street': {'number': 4243, 'name': 'Stanley Road'}, 'city': 'Stevenage', 'state': 'Mid Glamorgan', 'country': 'United Kingdom', 'postcode': 'G5 4SX', 'coordinates': {'latitude': '-4.5046', 'longitude': '-151.4884'}, 'timezone': {'offset': '+6:00', 'description': 'Almaty, Dhaka, Colombo'}}, 'email': 'mitchell.harvey@example.com', 'login': {'uuid': 'b6c6cca1-dec6-4d8b-87c0-234626d0c1ac', 'username': 'silverbird261', 'password': 'hollie', 'salt': 'Z5Xy2HRc', 'md5': 'd0d8c6a200685cd237b25d0f08aeb7fa', 'sha1': '6ce80c887592366c6bb49cd67218c45413acf7f7', 'sha256': '3529d8dd0828b8b0dbc31aad7649f3f1324ada92667af3e4c1ce61e33d5606dd'}, 'dob': {'date': '1958-03-16T18:20:59.066Z', 'age': 66}, 'registered': {'date': '2007-07-12T04:07:45.896Z', 'age': 16}, 'phone': '016973 09983', 'cell': '07545 058582', 'id': {'name': 'NINO', 'value': 'KZ 57 42 53 P'}, 'picture': {'large': 'https://randomuser.me/api/portraits/men/39.jpg', 'medium': 'https://randomuser.me/api/portraits/med/men/39.jpg', 'thumbnail': 'https://randomuser.me/api/portraits/thumb/men/39.jpg'}, 'nat': 'GB'}</msg>
<arg>${json_data['results'][0]}</arg>
<doc>Logs the given message with the given level.</doc>
<status status="PASS" start="2024-06-01T02:33:11.087217" elapsed="0.000410"/>
</kw>
<kw name="Log" owner="BuiltIn">
<msg time="2024-06-01T02:33:11.088050" level="INFO">location</msg>
<arg>${key}</arg>
<doc>Logs the given message with the given level.</doc>
<status status="PASS" start="2024-06-01T02:33:11.087923" elapsed="0.000165"/>
</kw>
<var name="${key}">location</var>
<status status="PASS" start="2024-06-01T02:33:11.086378" elapsed="0.001929"/>
</iter>
<iter>
<kw name="Dictionary Should Contain Key" owner="Collections">
<msg time="2024-06-01T02:33:11.089069" level="INFO">False</msg>
<arg>${json_data['results'][0]}</arg>
<arg>${key}</arg>
<doc>Fails if ``key`` is not found from ``dictionary``.</doc>
<status status="PASS" start="2024-06-01T02:33:11.088590" elapsed="0.000518"/>
</kw>
<kw name="Log" owner="BuiltIn">
<msg time="2024-06-01T02:33:11.089785" level="INFO">{'gender': 'male', 'name': {'title': 'Mr', 'first': 'Mitchell', 'last': 'Harvey'}, 'location': {'street': {'number': 4243, 'name': 'Stanley Road'}, 'city': 'Stevenage', 'state': 'Mid Glamorgan', 'country': 'United Kingdom', 'postcode': 'G5 4SX', 'coordinates': {'latitude': '-4.5046', 'longitude': '-151.4884'}, 'timezone': {'offset': '+6:00', 'description': 'Almaty, Dhaka, Colombo'}}, 'email': 'mitchell.harvey@example.com', 'login': {'uuid': 'b6c6cca1-dec6-4d8b-87c0-234626d0c1ac', 'username': 'silverbird261', 'password': 'hollie', 'salt': 'Z5Xy2HRc', 'md5': 'd0d8c6a200685cd237b25d0f08aeb7fa', 'sha1': '6ce80c887592366c6bb49cd67218c45413acf7f7', 'sha256': '3529d8dd0828b8b0dbc31aad7649f3f1324ada92667af3e4c1ce61e33d5606dd'}, 'dob': {'date': '1958-03-16T18:20:59.066Z', 'age': 66}, 'registered': {'date': '2007-07-12T04:07:45.896Z', 'age': 16}, 'phone': '016973 09983', 'cell': '07545 058582', 'id': {'name': 'NINO', 'value': 'KZ 57 42 53 P'}, 'picture': {'large': 'https://randomuser.me/api/portraits/men/39.jpg', 'medium': 'https://randomuser.me/api/portraits/med/men/39.jpg', 'thumbnail': 'https://randomuser.me/api/portraits/thumb/men/39.jpg'}, 'nat': 'GB'}</msg>
<arg>${json_data['results'][0]}</arg>
<doc>Logs the given message with the given level.</doc>
<status status="PASS" start="2024-06-01T02:33:11.089406" elapsed="0.000430"/>
</kw>
<kw name="Log" owner="BuiltIn">
<msg time="2024-06-01T02:33:11.090258" level="INFO">email</msg>
<arg>${key}</arg>
<doc>Logs the given message with the given level.</doc>
<status status="PASS" start="2024-06-01T02:33:11.090131" elapsed="0.000164"/>
</kw>
<var name="${key}">email</var>
<status status="PASS" start="2024-06-01T02:33:11.088479" elapsed="0.002036"/>
</iter>
<iter>
<kw name="Dictionary Should Contain Key" owner="Collections">
<msg time="2024-06-01T02:33:11.091184" level="INFO">False</msg>
<arg>${json_data['results'][0]}</arg>
<arg>${key}</arg>
<doc>Fails if ``key`` is not found from ``dictionary``.</doc>
<status status="PASS" start="2024-06-01T02:33:11.090803" elapsed="0.000417"/>
</kw>
<kw name="Log" owner="BuiltIn">
<msg time="2024-06-01T02:33:11.091866" level="INFO">{'gender': 'male', 'name': {'title': 'Mr', 'first': 'Mitchell', 'last': 'Harvey'}, 'location': {'street': {'number': 4243, 'name': 'Stanley Road'}, 'city': 'Stevenage', 'state': 'Mid Glamorgan', 'country': 'United Kingdom', 'postcode': 'G5 4SX', 'coordinates': {'latitude': '-4.5046', 'longitude': '-151.4884'}, 'timezone': {'offset': '+6:00', 'description': 'Almaty, Dhaka, Colombo'}}, 'email': 'mitchell.harvey@example.com', 'login': {'uuid': 'b6c6cca1-dec6-4d8b-87c0-234626d0c1ac', 'username': 'silverbird261', 'password': 'hollie', 'salt': 'Z5Xy2HRc', 'md5': 'd0d8c6a200685cd237b25d0f08aeb7fa', 'sha1': '6ce80c887592366c6bb49cd67218c45413acf7f7', 'sha256': '3529d8dd0828b8b0dbc31aad7649f3f1324ada92667af3e4c1ce61e33d5606dd'}, 'dob': {'date': '1958-03-16T18:20:59.066Z', 'age': 66}, 'registered': {'date': '2007-07-12T04:07:45.896Z', 'age': 16}, 'phone': '016973 09983', 'cell': '07545 058582', 'id': {'name': 'NINO', 'value': 'KZ 57 42 53 P'}, 'picture': {'large': 'https://randomuser.me/api/portraits/men/39.jpg', 'medium': 'https://randomuser.me/api/portraits/med/men/39.jpg', 'thumbnail': 'https://randomuser.me/api/portraits/thumb/men/39.jpg'}, 'nat': 'GB'}</msg>
<arg>${json_data['results'][0]}</arg>
<doc>Logs the given message with the given level.</doc>
<status status="PASS" start="2024-06-01T02:33:11.091514" elapsed="0.000400"/>
</kw>
<kw name="Log" owner="BuiltIn">
<msg time="2024-06-01T02:33:11.092329" level="INFO">login</msg>
<arg>${key}</arg>
<doc>Logs the given message with the given level.</doc>
<status status="PASS" start="2024-06-01T02:33:11.092202" elapsed="0.000165"/>
</kw>
<var name="${key}">login</var>
<status status="PASS" start="2024-06-01T02:33:11.090691" elapsed="0.001917"/>
</iter>
<var>${key}</var>
<value>@{expected_keys}</value>
<status status="PASS" start="2024-06-01T02:33:11.081894" elapsed="0.010840"/>
</for>
<kw name="Create List" owner="BuiltIn">
<msg time="2024-06-01T02:33:11.093065" level="INFO">${expected_keysTwo} = ['username', 'password']</msg>
<var>${expected_keysTwo}</var>
<arg>username</arg>
<arg>password</arg>
<doc>Returns a list containing given items.</doc>
<status status="PASS" start="2024-06-01T02:33:11.092929" elapsed="0.000159"/>
</kw>
<for flavor="IN">
<iter>
<kw name="Dictionary Should Contain Key" owner="Collections">
<msg time="2024-06-01T02:33:11.094001" level="INFO">False</msg>
<arg>${json_data['results'][0]['login']}</arg>
<arg>${keyTwo}</arg>
<doc>Fails if ``key`` is not found from ``dictionary``.</doc>
<status status="PASS" start="2024-06-01T02:33:11.093587" elapsed="0.000452"/>
</kw>
<kw name="Dictionary Should Contain Key" owner="Collections">
<msg time="2024-06-01T02:33:11.094715" level="INFO">False</msg>
<arg>${json_data['results'][0]['login']}</arg>
<arg>${keyTwo}</arg>
<doc>Fails if ``key`` is not found from ``dictionary``.</doc>
<status status="PASS" start="2024-06-01T02:33:11.094337" elapsed="0.000416"/>
</kw>
<kw name="Log" owner="BuiltIn">
<msg time="2024-06-01T02:33:11.095172" level="INFO">username</msg>
<arg>${keyTwo}</arg>
<doc>Logs the given message with the given level.</doc>
<status status="PASS" start="2024-06-01T02:33:11.095046" elapsed="0.000164"/>
</kw>
<var name="${keyTwo}">username</var>
<status status="PASS" start="2024-06-01T02:33:11.093476" elapsed="0.001949"/>
</iter>
<iter>
<kw name="Dictionary Should Contain Key" owner="Collections">
<msg time="2024-06-01T02:33:11.096089" level="INFO">False</msg>
<arg>${json_data['results'][0]['login']}</arg>
<arg>${keyTwo}</arg>
<doc>Fails if ``key`` is not found from ``dictionary``.</doc>
<status status="PASS" start="2024-06-01T02:33:11.095708" elapsed="0.000419"/>
</kw>
<kw name="Dictionary Should Contain Key" owner="Collections">
<msg time="2024-06-01T02:33:11.096798" level="INFO">False</msg>
<arg>${json_data['results'][0]['login']}</arg>
<arg>${keyTwo}</arg>
<doc>Fails if ``key`` is not found from ``dictionary``.</doc>
<status status="PASS" start="2024-06-01T02:33:11.096417" elapsed="0.000419"/>
</kw>
<kw name="Log" owner="BuiltIn">
<msg time="2024-06-01T02:33:11.097254" level="INFO">password</msg>
<arg>${keyTwo}</arg>
<doc>Logs the given message with the given level.</doc>
<status status="PASS" start="2024-06-01T02:33:11.097128" elapsed="0.000164"/>
</kw>
<var name="${keyTwo}">password</var>
<status status="PASS" start="2024-06-01T02:33:11.095598" elapsed="0.001907"/>
</iter>
<var>${keyTwo}</var>
<value>@{expected_keysTwo}</value>
<status status="PASS" start="2024-06-01T02:33:11.093322" elapsed="0.004326"/>
</for>
<status status="PASS" start="2024-06-01T02:33:10.986795" elapsed="0.110995"/>
</kw>
<doc>Testa a estrutura da resposta da API.</doc>
<tag>testeEstruturaResposta</tag>
<status status="PASS" start="2024-06-01T02:33:10.986188" elapsed="0.111750"/>
</test>
<test id="s1-s1-t4" name="Validar tipos de dados" line="28">
<kw name="Teste de Tipos de Dados" owner="random-user-service">
<kw name="GET On Session" owner="RequestsLibrary">
<msg time="2024-06-01T02:33:11.184242" level="INFO">GET Request : url=https://randomuser.me/api 
 path_url=/api 
 headers={'User-Agent': 'python-requests/2.32.3', 'Accept-Encoding': 'gzip, deflate', 'Accept': '*/*', 'Connection': 'keep-alive'} 
 body=None 
 </msg>
<msg time="2024-06-01T02:33:11.184332" level="INFO">GET Response : url=https://randomuser.me/api 
 status=200, reason=OK 
 headers={'Date': 'Sat, 01 Jun 2024 02:33:11 GMT', 'Content-Type': 'application/json; charset=utf-8', 'Transfer-Encoding': 'chunked', 'Connection': 'keep-alive', 'X-Powered-By': 'Express', 'Access-Control-Allow-Origin': '*', 'Cache-Control': 'no-cache', 'ETag': 'W/"490-kMwGSPHlhcu91aJkK8RnzeAQJRg"', 'Vary': 'Accept-Encoding', 'Content-Encoding': 'gzip', 'CF-Cache-Status': 'DYNAMIC', 'Report-To': '{"endpoints":[{"url":"https:\\/\\/a.nel.cloudflare.com\\/report\\/v4?s=WY5EMFwt3p77W739aSCavhfox%2FA%2BwZ3g6pk%2BIpBW2QNduQ58zFZdV9Q6CJFdUR02AmPaXe6Ut%2BOrTMQZaeWI%2FQ6gnVznpKnoMGk23XnkpitW4A89YvGKBpV6mUU1Buvv"}],"group":"cf-nel","max_age":604800}', 'NEL': '{"success_fraction":0,"report_to":"cf-nel","max_age":604800}', 'Server': 'cloudflare', 'CF-RAY': '88cbcc246f249822-SJC', 'alt-svc': 'h3=":443"; ma=86400'} 
 body={"results":[{"gender":"female","name":{"title":"Miss","first":"Evie","last":"Jones"},"location":{"street":{"number":3931,"name":"Hilton Highway"},"city":"Timaru","state":"Auckland","country":"New Zealand","postcode":53026,"coordinates":{"latitude":"49.8471","longitude":"60.9857"},"timezone":{"offset":"-4:00","description":"Atlantic Time (Canada), Caracas, La Paz"}},"email":"evie.jones@example.com","login":{"uuid":"452466c0-724b-4cdc-aa6d-fb26b0003b8d","username":"tinyzebra724","password":"gladiator","salt":"isRX1WyQ","md5":"acd795d59c56f10e8aa737297bd9cfd1","sha1":"5f60f266a1dd58ae1cff80a1f2d3b1c09c9ac7b9","sha256":"0a00b1f423c02479dea22607feb479aaf315e5378bd93cf8a38dbfc7a62adad6"},"dob":{"date":"1953-02-02T13:27:13.891Z","age":71},"registered":{"date":"2010-07-24T22:57:47.871Z","age":13},"phone":"(000)-275-8067","cell":"(379)-154-8383","id":{"name":"","value":null},"picture":{"large":"https://randomuser.me/api/portraits/women/67.jpg","medium":"https://randomuser.me/api/portraits/med/women/67.jpg","thumbnail":"https://randomuser.me/api/portraits/thumb/women/67.jpg"},"nat":"NZ"}],"info":{"seed":"bb04fe4ea5236d30","results":1,"page":1,"version":"1.4"}} 
 </msg>
<msg time="2024-06-01T02:33:11.184408" level="INFO">/opt/hostedtoolcache/Python/3.12.3/x64/lib/python3.12/site-packages/urllib3/connectionpool.py:1103: InsecureRequestWarning: Unverified HTTPS request is being made to host 'randomuser.me'. Adding certificate verification is strongly advised. See: https://urllib3.readthedocs.io/en/latest/advanced-usage.html#tls-warnings
  warnings.warn(</msg>
<msg time="2024-06-01T02:33:11.184551" level="INFO">${response} = &lt;Response [200]&gt;</msg>
<var>${response}</var>
<arg>consultarAPI</arg>
<arg>/api</arg>
<doc>Sends a GET request on a previously created HTTP Session.</doc>
<status status="PASS" start="2024-06-01T02:33:11.100421" elapsed="0.084180"/>
</kw>
<kw name="Set Variable" owner="BuiltIn">
<msg time="2024-06-01T02:33:11.185553" level="INFO">${json_data} = {'results': [{'gender': 'female', 'name': {'title': 'Miss', 'first': 'Evie', 'last': 'Jones'}, 'location': {'street': {'number': 3931, 'name': 'Hilton Highway'}, 'city': 'Timaru', 'state': 'Auckland',...</msg>
<var>${json_data}</var>
<arg>${response.json()}</arg>
<doc>Returns the given values which can then be assigned to a variables.</doc>
<status status="PASS" start="2024-06-01T02:33:11.185058" elapsed="0.000524"/>
</kw>
<kw name="Log" owner="BuiltIn">
<msg time="2024-06-01T02:33:11.186081" level="INFO">{'results': [{'gender': 'female', 'name': {'title': 'Miss', 'first': 'Evie', 'last': 'Jones'}, 'location': {'street': {'number': 3931, 'name': 'Hilton Highway'}, 'city': 'Timaru', 'state': 'Auckland', 'country': 'New Zealand', 'postcode': 53026, 'coordinates': {'latitude': '49.8471', 'longitude': '60.9857'}, 'timezone': {'offset': '-4:00', 'description': 'Atlantic Time (Canada), Caracas, La Paz'}}, 'email': 'evie.jones@example.com', 'login': {'uuid': '452466c0-724b-4cdc-aa6d-fb26b0003b8d', 'username': 'tinyzebra724', 'password': 'gladiator', 'salt': 'isRX1WyQ', 'md5': 'acd795d59c56f10e8aa737297bd9cfd1', 'sha1': '5f60f266a1dd58ae1cff80a1f2d3b1c09c9ac7b9', 'sha256': '0a00b1f423c02479dea22607feb479aaf315e5378bd93cf8a38dbfc7a62adad6'}, 'dob': {'date': '1953-02-02T13:27:13.891Z', 'age': 71}, 'registered': {'date': '2010-07-24T22:57:47.871Z', 'age': 13}, 'phone': '(000)-275-8067', 'cell': '(379)-154-8383', 'id': {'name': '', 'value': None}, 'picture': {'large': 'https://randomuser.me/api/portraits/women/67.jpg', 'medium': 'https://randomuser.me/api/portraits/med/women/67.jpg', 'thumbnail': 'https://randomuser.me/api/portraits/thumb/women/67.jpg'}, 'nat': 'NZ'}], 'info': {'seed': 'bb04fe4ea5236d30', 'results': 1, 'page': 1, 'version': '1.4'}}</msg>
<arg>${json_data}</arg>
<doc>Logs the given message with the given level.</doc>
<status status="PASS" start="2024-06-01T02:33:11.185926" elapsed="0.000238"/>
</kw>
<kw name="Should Be String" owner="String">
<arg>${json_data['results'][0]['gender']}</arg>
<doc>Fails if the given ``item`` is not a string.</doc>
<status status="PASS" start="2024-06-01T02:33:11.186461" elapsed="0.000364"/>
</kw>
<kw name="Should Match Regexp" owner="BuiltIn">
<arg>${json_data['results'][0]['email']}</arg>
<arg>^[a-zA-Z0-9._%+-]+@[a-zA-Z0-9.-]+\.[a-zA-Z]{2,}$</arg>
<doc>Fails if ``string`` does not match ``pattern`` as a regular expression.</doc>
<status status="PASS" start="2024-06-01T02:33:11.187064" elapsed="0.000759"/>
</kw>
<kw name="Should Match Regexp" owner="BuiltIn">
<arg>${json_data['results'][0]['dob']['date']}</arg>
<arg>\\d{4}-\\d{2}-\\d{2}T\\d{2}:\\d{2}:\\d{2}\\.\\d{3}Z</arg>
<doc>Fails if ``string`` does not match ``pattern`` as a regular expression.</doc>
<status status="PASS" start="2024-06-01T02:33:11.188026" elapsed="0.000490"/>
</kw>
<kw name="Should Match Regexp" owner="BuiltIn">
<arg>${json_data['results'][0]['registered']['date']}</arg>
<arg>\\d{4}-\\d{2}-\\d{2}T\\d{2}:\\d{2}:\\d{2}\\.\\d{3}Z</arg>
<doc>Fails if ``string`` does not match ``pattern`` as a regular expression.</doc>
<status status="PASS" start="2024-06-01T02:33:11.188710" elapsed="0.000364"/>
</kw>
<kw name="Should Match Regexp" owner="BuiltIn">
<arg>${json_data['results'][0]['picture']['large']}</arg>
<arg>^https?://.*\.(?:png|jpe?g|gif|bmp)$</arg>
<doc>Fails if ``string`` does not match ``pattern`` as a regular expression.</doc>
<status status="PASS" start="2024-06-01T02:33:11.189260" elapsed="0.000482"/>
</kw>
<kw name="Should Match Regexp" owner="BuiltIn">
<arg>${json_data['results'][0]['picture']['medium']}</arg>
<arg>^https?://.*\.(?:png|jpe?g|gif|bmp)$</arg>
<doc>Fails if ``string`` does not match ``pattern`` as a regular expression.</doc>
<status status="PASS" start="2024-06-01T02:33:11.189935" elapsed="0.000353"/>
</kw>
<kw name="Should Match Regexp" owner="BuiltIn">
<arg>${json_data['results'][0]['picture']['thumbnail']}</arg>
<arg>^https?://.*\.(?:png|jpe?g|gif|bmp)$</arg>
<doc>Fails if ``string`` does not match ``pattern`` as a regular expression.</doc>
<status status="PASS" start="2024-06-01T02:33:11.190477" elapsed="0.000347"/>
</kw>
<kw name="Log" owner="BuiltIn">
<msg time="2024-06-01T02:33:11.191334" level="INFO">{'large': 'https://randomuser.me/api/portraits/women/67.jpg', 'medium': 'https://randomuser.me/api/portraits/med/women/67.jpg', 'thumbnail': 'https://randomuser.me/api/portraits/thumb/women/67.jpg'}</msg>
<arg>${json_data['results'][0]['picture']}</arg>
<doc>Logs the given message with the given level.</doc>
<status status="PASS" start="2024-06-01T02:33:11.191005" elapsed="0.000370"/>
</kw>
<status status="PASS" start="2024-06-01T02:33:11.100188" elapsed="0.091442"/>
</kw>
<kw name="Teste de Tipos de Dados - Postcode" owner="random-user-service">
<kw name="GET On Session" owner="RequestsLibrary">
<msg time="2024-06-01T02:33:11.289025" level="INFO">GET Request : url=https://randomuser.me/api 
 path_url=/api 
 headers={'User-Agent': 'python-requests/2.32.3', 'Accept-Encoding': 'gzip, deflate', 'Accept': '*/*', 'Connection': 'keep-alive'} 
 body=None 
 </msg>
<msg time="2024-06-01T02:33:11.289106" level="INFO">GET Response : url=https://randomuser.me/api 
 status=200, reason=OK 
 headers={'Date': 'Sat, 01 Jun 2024 02:33:11 GMT', 'Content-Type': 'application/json; charset=utf-8', 'Transfer-Encoding': 'chunked', 'Connection': 'keep-alive', 'X-Powered-By': 'Express', 'Access-Control-Allow-Origin': '*', 'Cache-Control': 'no-cache', 'ETag': 'W/"498-muVgXUaLHKTOnz8TZgjv5uV8gUY"', 'Vary': 'Accept-Encoding', 'Content-Encoding': 'gzip', 'CF-Cache-Status': 'DYNAMIC', 'Report-To': '{"endpoints":[{"url":"https:\\/\\/a.nel.cloudflare.com\\/report\\/v4?s=fRv3xNm%2B8ppvSALazlnnRQHOzU0pkVWi%2Bh7SohuuExZO2DKjBfCj2lqELTsaCbxP7%2BbLekuXr0%2BL8ElTZ2bTpsLvtEJ6iDGJ3hfw0YMlHmkQRIs6dhU52e5aNoRD%2Fb0Z"}],"group":"cf-nel","max_age":604800}', 'NEL': '{"success_fraction":0,"report_to":"cf-nel","max_age":604800}', 'Server': 'cloudflare', 'CF-RAY': '88cbcc24ff729822-SJC', 'alt-svc': 'h3=":443"; ma=86400'} 
 body={"results":[{"gender":"female","name":{"title":"Miss","first":"Lilly","last":"Renaud"},"location":{"street":{"number":7504,"name":"Rue Jean-Baldassini"},"city":"Tours","state":"Gard","country":"France","postcode":98417,"coordinates":{"latitude":"-19.2335","longitude":"106.9336"},"timezone":{"offset":"+2:00","description":"Kaliningrad, South Africa"}},"email":"lilly.renaud@example.com","login":{"uuid":"8d18cef5-f3c5-48d5-bb6f-45b12a65db82","username":"yellowelephant413","password":"grande","salt":"mWuH2uUQ","md5":"3c6fa7b31785d96c6fdaf8f9c382d4f6","sha1":"438ed46a7a590e40d4390daeb899aa3991a9958a","sha256":"ff78a02e1d1763c942e1919b4caaa95b81435d3e3b07760931ca615ceb0690b0"},"dob":{"date":"1984-02-17T04:29:31.327Z","age":40},"registered":{"date":"2003-06-26T08:15:48.279Z","age":20},"phone":"04-43-87-51-42","cell":"06-91-25-16-40","id":{"name":"INSEE","value":"2840170581539 94"},"picture":{"large":"https://randomuser.me/api/portraits/women/13.jpg","medium":"https://randomuser.me/api/portraits/med/women/13.jpg","thumbnail":"https://randomuser.me/api/portraits/thumb/women/13.jpg"},"nat":"FR"}],"info":{"seed":"d49b1fbf9bc10414","results":1,"page":1,"version":"1.4"}} 
 </msg>
<msg time="2024-06-01T02:33:11.289171" level="INFO">/opt/hostedtoolcache/Python/3.12.3/x64/lib/python3.12/site-packages/urllib3/connectionpool.py:1103: InsecureRequestWarning: Unverified HTTPS request is being made to host 'randomuser.me'. Adding certificate verification is strongly advised. See: https://urllib3.readthedocs.io/en/latest/advanced-usage.html#tls-warnings
  warnings.warn(</msg>
<msg time="2024-06-01T02:33:11.289301" level="INFO">${response} = &lt;Response [200]&gt;</msg>
<var>${response}</var>
<arg>consultarAPI</arg>
<arg>/api</arg>
<doc>Sends a GET request on a previously created HTTP Session.</doc>
<status status="PASS" start="2024-06-01T02:33:11.192078" elapsed="0.097262"/>
</kw>
<kw name="Set Variable" owner="BuiltIn">
<msg time="2024-06-01T02:33:11.290296" level="INFO">${json_data} = {'results': [{'gender': 'female', 'name': {'title': 'Miss', 'first': 'Lilly', 'last': 'Renaud'}, 'location': {'street': {'number': 7504, 'name': 'Rue Jean-Baldassini'}, 'city': 'Tours', 'state': 'Gard...</msg>
<var>${json_data}</var>
<arg>${response.json()}</arg>
<doc>Returns the given values which can then be assigned to a variables.</doc>
<status status="PASS" start="2024-06-01T02:33:11.289816" elapsed="0.000509"/>
</kw>
<kw name="Log" owner="BuiltIn">
<msg time="2024-06-01T02:33:11.290790" level="INFO">{'results': [{'gender': 'female', 'name': {'title': 'Miss', 'first': 'Lilly', 'last': 'Renaud'}, 'location': {'street': {'number': 7504, 'name': 'Rue Jean-Baldassini'}, 'city': 'Tours', 'state': 'Gard', 'country': 'France', 'postcode': 98417, 'coordinates': {'latitude': '-19.2335', 'longitude': '106.9336'}, 'timezone': {'offset': '+2:00', 'description': 'Kaliningrad, South Africa'}}, 'email': 'lilly.renaud@example.com', 'login': {'uuid': '8d18cef5-f3c5-48d5-bb6f-45b12a65db82', 'username': 'yellowelephant413', 'password': 'grande', 'salt': 'mWuH2uUQ', 'md5': '3c6fa7b31785d96c6fdaf8f9c382d4f6', 'sha1': '438ed46a7a590e40d4390daeb899aa3991a9958a', 'sha256': 'ff78a02e1d1763c942e1919b4caaa95b81435d3e3b07760931ca615ceb0690b0'}, 'dob': {'date': '1984-02-17T04:29:31.327Z', 'age': 40}, 'registered': {'date': '2003-06-26T08:15:48.279Z', 'age': 20}, 'phone': '04-43-87-51-42', 'cell': '06-91-25-16-40', 'id': {'name': 'INSEE', 'value': '2840170581539 94'}, 'picture': {'large': 'https://randomuser.me/api/portraits/women/13.jpg', 'medium': 'https://randomuser.me/api/portraits/med/women/13.jpg', 'thumbnail': 'https://randomuser.me/api/portraits/thumb/women/13.jpg'}, 'nat': 'FR'}], 'info': {'seed': 'd49b1fbf9bc10414', 'results': 1, 'page': 1, 'version': '1.4'}}</msg>
<arg>${json_data}</arg>
<doc>Logs the given message with the given level.</doc>
<status status="PASS" start="2024-06-01T02:33:11.290635" elapsed="0.000236"/>
</kw>
<kw name="Should Be Equal As Numbers" owner="BuiltIn">
<arg>${json_data['results'][0]['location']['postcode']}</arg>
<arg>${json_data['results'][0]['location']['postcode']}</arg>
<doc>Fails if objects are unequal after converting them to real numbers.</doc>
<status status="PASS" start="2024-06-01T02:33:11.291173" elapsed="0.000622"/>
</kw>
<kw name="Log" owner="BuiltIn">
<msg time="2024-06-01T02:33:11.292318" level="INFO">98417</msg>
<arg>${json_data['results'][0]['location']['postcode']}</arg>
<doc>Logs the given message with the given level.</doc>
<status status="PASS" start="2024-06-01T02:33:11.291985" elapsed="0.000373"/>
</kw>
<status status="PASS" start="2024-06-01T02:33:11.191851" elapsed="0.100765"/>
</kw>
<doc>Testa se os tipos de dados na resposta da API estão corretos.</doc>
<tag>testeTiposDados</tag>
<status status="PASS" start="2024-06-01T02:33:11.099659" elapsed="0.193126"/>
</test>
<test id="s1-s1-t5" name="Validar conteudo" line="35">
<kw name="Teste de Tipos de Conteudo" owner="random-user-service">
<kw name="GET On Session" owner="RequestsLibrary">
<msg time="2024-06-01T02:33:11.390132" level="INFO">GET Request : url=https://randomuser.me/api 
 path_url=/api 
 headers={'User-Agent': 'python-requests/2.32.3', 'Accept-Encoding': 'gzip, deflate', 'Accept': '*/*', 'Connection': 'keep-alive'} 
 body=None 
 </msg>
<msg time="2024-06-01T02:33:11.390206" level="INFO">GET Response : url=https://randomuser.me/api 
 status=200, reason=OK 
 headers={'Date': 'Sat, 01 Jun 2024 02:33:11 GMT', 'Content-Type': 'application/json; charset=utf-8', 'Transfer-Encoding': 'chunked', 'Connection': 'keep-alive', 'X-Powered-By': 'Express', 'Access-Control-Allow-Origin': '*', 'Cache-Control': 'no-cache', 'ETag': 'W/"479-KHI/E9r4kRq/qZbtm8Asciojjko"', 'Vary': 'Accept-Encoding', 'Content-Encoding': 'gzip', 'CF-Cache-Status': 'DYNAMIC', 'Report-To': '{"endpoints":[{"url":"https:\\/\\/a.nel.cloudflare.com\\/report\\/v4?s=keIZX7W%2FnjxVoouFDyxVNImh5MNwnSypilAdyCJveLCegv8KurqA99c5NclOYSMw%2FpZrWTz%2Fbn3AwSgqiO6xdEUTsZwAER0ka2%2FD%2F0ZhdMWZpJdO1%2FBhiu2%2BSK9P3%2F6H"}],"group":"cf-nel","max_age":604800}', 'NEL': '{"success_fraction":0,"report_to":"cf-nel","max_age":604800}', 'Server': 'cloudflare', 'CF-RAY': '88cbcc259fd69822-SJC', 'alt-svc': 'h3=":443"; ma=86400'} 
 body={"results":[{"gender":"female","name":{"title":"Mrs","first":"Emma","last":"Claire"},"location":{"street":{"number":3696,"name":"Main St"},"city":"Wellington","state":"Ontario","country":"Canada","postcode":"B3C 5Y8","coordinates":{"latitude":"-66.5926","longitude":"49.9666"},"timezone":{"offset":"+9:30","description":"Adelaide, Darwin"}},"email":"emma.claire@example.com","login":{"uuid":"63ae59fa-316e-45cb-a9de-d527c49fa812","username":"whiteswan430","password":"spike1","salt":"fA5tVQkM","md5":"b17225b999ece6c364bf9e522f85b094","sha1":"1e5fdc3487df47fe9075dd80113d4320c9344b56","sha256":"1fa921122e0d96a7d14fa5cfc3e9039129f4660010d7f03c721d82e2745fee94"},"dob":{"date":"1952-11-29T13:18:23.453Z","age":71},"registered":{"date":"2011-10-31T12:13:23.609Z","age":12},"phone":"G59 Q50-1125","cell":"W28 C38-7174","id":{"name":"SIN","value":"392403101"},"picture":{"large":"https://randomuser.me/api/portraits/women/74.jpg","medium":"https://randomuser.me/api/portraits/med/women/74.jpg","thumbnail":"https://randomuser.me/api/portraits/thumb/women/74.jpg"},"nat":"CA"}],"info":{"seed":"3525eb6f9f72de38","results":1,"page":1,"version":"1.4"}} 
 </msg>
<msg time="2024-06-01T02:33:11.390269" level="INFO">/opt/hostedtoolcache/Python/3.12.3/x64/lib/python3.12/site-packages/urllib3/connectionpool.py:1103: InsecureRequestWarning: Unverified HTTPS request is being made to host 'randomuser.me'. Adding certificate verification is strongly advised. See: https://urllib3.readthedocs.io/en/latest/advanced-usage.html#tls-warnings
  warnings.warn(</msg>
<msg time="2024-06-01T02:33:11.390390" level="INFO">${response} = &lt;Response [200]&gt;</msg>
<var>${response}</var>
<arg>consultarAPI</arg>
<arg>/api</arg>
<doc>Sends a GET request on a previously created HTTP Session.</doc>
<status status="PASS" start="2024-06-01T02:33:11.295360" elapsed="0.095072"/>
</kw>
<kw name="Set Variable" owner="BuiltIn">
<msg time="2024-06-01T02:33:11.391318" level="INFO">${json_data} = {'results': [{'gender': 'female', 'name': {'title': 'Mrs', 'first': 'Emma', 'last': 'Claire'}, 'location': {'street': {'number': 3696, 'name': 'Main St'}, 'city': 'Wellington', 'state': 'Ontario', 'co...</msg>
<var>${json_data}</var>
<arg>${response.json()}</arg>
<doc>Returns the given values which can then be assigned to a variables.</doc>
<status status="PASS" start="2024-06-01T02:33:11.390857" elapsed="0.000491"/>
</kw>
<kw name="Set Variable" owner="BuiltIn">
<msg time="2024-06-01T02:33:11.392029" level="INFO">${name_title} = Mrs</msg>
<var>${name_title}</var>
<arg>${json_data["results"][0]["name"]["title"]}</arg>
<doc>Returns the given values which can then be assigned to a variables.</doc>
<status status="PASS" start="2024-06-01T02:33:11.391650" elapsed="0.000404"/>
</kw>
<kw name="Create List" owner="BuiltIn">
<msg time="2024-06-01T02:33:11.392504" level="INFO">${allowed_titles} = ['Mr', 'Ms', 'Miss', 'Mrs', 'Madame', 'Monsieur']</msg>
<var>${allowed_titles}</var>
<arg>Mr</arg>
<arg>Ms</arg>
<arg>Miss</arg>
<arg>Mrs</arg>
<arg>Madame</arg>
<arg>Monsieur</arg>
<doc>Returns a list containing given items.</doc>
<status status="PASS" start="2024-06-01T02:33:11.392355" elapsed="0.000173"/>
</kw>
<kw name="List Should Contain Value" owner="Collections">
<msg time="2024-06-01T02:33:11.393002" level="INFO">False</msg>
<arg>${allowed_titles}</arg>
<arg>${name_title}</arg>
<doc>Fails if the ``value`` is not found from ``list``.</doc>
<status status="PASS" start="2024-06-01T02:33:11.392827" elapsed="0.000211"/>
</kw>
<kw name="Set Variable" owner="BuiltIn">
<msg time="2024-06-01T02:33:11.393906" level="INFO">${name_country} = CA</msg>
<var>${name_country}</var>
<arg>${json_data["results"][0]["nat"]}</arg>
<doc>Returns the given values which can then be assigned to a variables.</doc>
<status status="PASS" start="2024-06-01T02:33:11.393331" elapsed="0.000601"/>
</kw>
<kw name="Create List" owner="BuiltIn">
<msg time="2024-06-01T02:33:11.394834" level="INFO">${list_country} = ['AD', 'AE', 'AF', 'AG', 'AI', 'AL', 'AM', 'AO', 'AQ', 'AR', 'AS', 'AT', 'AU', 'AW', 'AX', 'AZ', 'BA', 'BB', 'BD', 'BE', 'BF', 'BG', 'BH', 'BI', 'BJ', 'BL', 'BM', 'BN', 'BO', 'BQ', 'BR', 'BS', 'BT', '...</msg>
<var>${list_country}</var>
<arg>AD</arg>
<arg>AE</arg>
<arg>AF</arg>
<arg>AG</arg>
<arg>AI</arg>
<arg>AL</arg>
<arg>AM</arg>
<arg>AO</arg>
<arg>AQ</arg>
<arg>AR</arg>
<arg>AS</arg>
<arg>AT</arg>
<arg>AU</arg>
<arg>AW</arg>
<arg>AX</arg>
<arg>AZ</arg>
<arg>BA</arg>
<arg>BB</arg>
<arg>BD</arg>
<arg>BE</arg>
<arg>BF</arg>
<arg>BG</arg>
<arg>BH</arg>
<arg>BI</arg>
<arg>BJ</arg>
<arg>BL</arg>
<arg>BM</arg>
<arg>BN</arg>
<arg>BO</arg>
<arg>BQ</arg>
<arg>BR</arg>
<arg>BS</arg>
<arg>BT</arg>
<arg>BV</arg>
<arg>BW</arg>
<arg>BY</arg>
<arg>BZ</arg>
<arg>CA</arg>
<arg>CC</arg>
<arg>CD</arg>
<arg>CF</arg>
<arg>CG</arg>
<arg>CH</arg>
<arg>CI</arg>
<arg>CK</arg>
<arg>CL</arg>
<arg>CM</arg>
<arg>CN</arg>
<arg>CO</arg>
<arg>CR</arg>
<arg>CU</arg>
<arg>CV</arg>
<arg>CW</arg>
<arg>CX</arg>
<arg>CY</arg>
<arg>CZ</arg>
<arg>DE</arg>
<arg>DJ</arg>
<arg>DK</arg>
<arg>DM</arg>
<arg>DO</arg>
<arg>DZ</arg>
<arg>EC</arg>
<arg>EE</arg>
<arg>EG</arg>
<arg>EH</arg>
<arg>ER</arg>
<arg>ES</arg>
<arg>ET</arg>
<arg>FI</arg>
<arg>FJ</arg>
<arg>FK</arg>
<arg>FM</arg>
<arg>FO</arg>
<arg>FR</arg>
<arg>GA</arg>
<arg>GB</arg>
<arg>GD</arg>
<arg>GE</arg>
<arg>GF</arg>
<arg>GG</arg>
<arg>GH</arg>
<arg>GI</arg>
<arg>GL</arg>
<arg>GM</arg>
<arg>GN</arg>
<arg>GP</arg>
<arg>GQ</arg>
<arg>GR</arg>
<arg>GS</arg>
<arg>GT</arg>
<arg>GU</arg>
<arg>GW</arg>
<arg>GY</arg>
<arg>HK</arg>
<arg>HM</arg>
<arg>HN</arg>
<arg>HR</arg>
<arg>HT</arg>
<arg>HU</arg>
<arg>ID</arg>
<arg>IE</arg>
<arg>IL</arg>
<arg>IM</arg>
<arg>IN</arg>
<arg>IO</arg>
<arg>IQ</arg>
<arg>IR</arg>
<arg>IS</arg>
<arg>IT</arg>
<arg>JE</arg>
<arg>JM</arg>
<arg>JO</arg>
<arg>JP</arg>
<arg>KE</arg>
<arg>KG</arg>
<arg>KH</arg>
<arg>KI</arg>
<arg>KM</arg>
<arg>KN</arg>
<arg>KP</arg>
<arg>KR</arg>
<arg>KW</arg>
<arg>KY</arg>
<arg>KZ</arg>
<arg>LA</arg>
<arg>LB</arg>
<arg>LC</arg>
<arg>LI</arg>
<arg>LK</arg>
<arg>LR</arg>
<arg>LS</arg>
<arg>LT</arg>
<arg>LU</arg>
<arg>LV</arg>
<arg>LY</arg>
<arg>MA</arg>
<arg>MC</arg>
<arg>MD</arg>
<arg>ME</arg>
<arg>MF</arg>
<arg>MG</arg>
<arg>MH</arg>
<arg>MK</arg>
<arg>ML</arg>
<arg>MM</arg>
<arg>MN</arg>
<arg>MO</arg>
<arg>MP</arg>
<arg>MQ</arg>
<arg>MR</arg>
<arg>MS</arg>
<arg>MT</arg>
<arg>MU</arg>
<arg>MV</arg>
<arg>MW</arg>
<arg>MX</arg>
<arg>MY</arg>
<arg>MZ</arg>
<arg>NA</arg>
<arg>NC</arg>
<arg>NE</arg>
<arg>NF</arg>
<arg>NG</arg>
<arg>NI</arg>
<arg>NL</arg>
<arg>NO</arg>
<arg>NP</arg>
<arg>NR</arg>
<arg>NU</arg>
<arg>NZ</arg>
<arg>OM</arg>
<arg>PA</arg>
<arg>PE</arg>
<arg>PF</arg>
<arg>PG</arg>
<arg>PH</arg>
<arg>PK</arg>
<arg>PL</arg>
<arg>PM</arg>
<arg>PN</arg>
<arg>PR</arg>
<arg>PS</arg>
<arg>PT</arg>
<arg>PW</arg>
<arg>PY</arg>
<arg>QA</arg>
<arg>RE</arg>
<arg>RO</arg>
<arg>RS</arg>
<arg>RU</arg>
<arg>RW</arg>
<arg>SA</arg>
<arg>SB</arg>
<arg>SC</arg>
<arg>SD</arg>
<arg>SE</arg>
<arg>SG</arg>
<arg>SH</arg>
<arg>SI</arg>
<arg>SJ</arg>
<arg>SK</arg>
<arg>SL</arg>
<arg>SM</arg>
<arg>SN</arg>
<arg>SO</arg>
<arg>SR</arg>
<arg>SS</arg>
<arg>ST</arg>
<arg>SV</arg>
<arg>SX</arg>
<arg>SY</arg>
<arg>SZ</arg>
<arg>TC</arg>
<arg>TD</arg>
<arg>TF</arg>
<arg>TG</arg>
<arg>TH</arg>
<arg>TJ</arg>
<arg>TK</arg>
<arg>TL</arg>
<arg>TM</arg>
<arg>TN</arg>
<arg>TO</arg>
<arg>TR</arg>
<arg>TT</arg>
<arg>TV</arg>
<arg>TW</arg>
<arg>TZ</arg>
<arg>UA</arg>
<arg>UG</arg>
<arg>UM</arg>
<arg>US</arg>
<arg>UY</arg>
<arg>UZ</arg>
<arg>VA</arg>
<arg>VC</arg>
<arg>VE</arg>
<arg>VG</arg>
<arg>VI</arg>
<arg>VN</arg>
<arg>VU</arg>
<arg>WF</arg>
<arg>WS</arg>
<arg>XK</arg>
<arg>YE</arg>
<arg>YT</arg>
<arg>ZA</arg>
<arg>ZM</arg>
<arg>ZW</arg>
<doc>Returns a list containing given items.</doc>
<status status="PASS" start="2024-06-01T02:33:11.394239" elapsed="0.000621"/>
</kw>
<kw name="List Should Contain Value" owner="Collections">
<msg time="2024-06-01T02:33:11.395841" level="INFO">False</msg>
<arg>${list_country}</arg>
<arg>${name_country}</arg>
<doc>Fails if the ``value`` is not found from ``list``.</doc>
<status status="PASS" start="2024-06-01T02:33:11.395640" elapsed="0.000237"/>
</kw>
<kw name="Run Keyword If" owner="BuiltIn">
<kw name="Should Be True" owner="BuiltIn">
<arg>${True}</arg>
<doc>Fails if the given condition is not true.</doc>
<status status="PASS" start="2024-06-01T02:33:11.396942" elapsed="0.000143"/>
</kw>
<arg>${json_data["results"][0]["location"]["coordinates"]["latitude"]} &gt;= -90 and ${json_data["results"][0]["location"]["coordinates"]["latitude"]} &lt;= 90</arg>
<arg>Should Be True</arg>
<arg>${True}</arg>
<doc>Runs the given keyword with the given arguments, if ``condition`` is true.</doc>
<status status="PASS" start="2024-06-01T02:33:11.396191" elapsed="0.001019"/>
</kw>
<kw name="Run Keyword If" owner="BuiltIn">
<kw name="Should Be True" owner="BuiltIn">
<arg>${True}</arg>
<doc>Fails if the given condition is not true.</doc>
<status status="PASS" start="2024-06-01T02:33:11.398106" elapsed="0.000137"/>
</kw>
<arg>${json_data["results"][0]["location"]["coordinates"]["longitude"]} &gt;= -180 and ${json_data["results"][0]["location"]["coordinates"]["longitude"]} &lt;= 180</arg>
<arg>Should Be True</arg>
<arg>${True}</arg>
<doc>Runs the given keyword with the given arguments, if ``condition`` is true.</doc>
<status status="PASS" start="2024-06-01T02:33:11.397396" elapsed="0.000968"/>
</kw>
<status status="PASS" start="2024-06-01T02:33:11.295127" elapsed="0.103365"/>
</kw>
<doc>Testa o conteúdo específico dos campos retornados pela API.</doc>
<tag>testeConteudo</tag>
<status status="PASS" start="2024-06-01T02:33:11.294588" elapsed="0.104051"/>
</test>
<status status="PASS" start="2024-06-01T02:33:10.371459" elapsed="1.029054"/>
</suite>
<status status="PASS" start="2024-06-01T02:33:10.357793" elapsed="1.047892"/>
</suite>
<statistics>
<total>
<stat pass="5" fail="0" skip="0">All Tests</stat>
</total>
<tag>
<stat pass="1" fail="0" skip="0">testeConteudo</stat>
<stat pass="1" fail="0" skip="0">testeEstruturaResposta</stat>
<stat pass="1" fail="0" skip="0">testeRequisicaoBasica</stat>
<stat pass="1" fail="0" skip="0">testeTiposDados</stat>
</tag>
<suite>
<stat pass="5" fail="0" skip="0" id="s1" name="Tests">Tests</stat>
<stat pass="5" fail="0" skip="0" id="s1-s1" name="Random-User-Test">Tests.Random-User-Test</stat>
</suite>
</statistics>
<errors>
</errors>
</robot>
