<?xml version="1.0" encoding="UTF-8"?>
<robot generator="Robot 7.0.1 (Python 3.12.4 on linux)" generated="2024-08-07T20:16:38.620954" rpa="false" schemaversion="5">
<suite id="s1" name="Tests" source="/home/runner/work/ApiRandomUser/ApiRandomUser/RamdonUser/tests">
<suite id="s1-s1" name="Random-User-Test" source="/home/runner/work/ApiRandomUser/ApiRandomUser/RamdonUser/tests/random-user-test.robot">
<test id="s1-s1-t1" name="Conectar" line="13">
<kw name="Conectar API" owner="random-user-service">
<kw name="Create Session" owner="RequestsLibrary">
<msg time="2024-08-07T20:16:39.081997" level="INFO">Creating Session using : alias=consultarAPI, url=https://randomuser.me/, headers={},                     cookies={}, auth=None, timeout=None, proxies=None, verify=False,                     debug=0 </msg>
<arg>consultarAPI</arg>
<arg>${URL}</arg>
<doc>Create Session: create a HTTP session to a server</doc>
<status status="PASS" start="2024-08-07T20:16:39.081804" elapsed="0.000359"/>
</kw>
<status status="PASS" start="2024-08-07T20:16:39.080804" elapsed="0.001704"/>
</kw>
<status status="PASS" start="2024-08-07T20:16:39.080275" elapsed="0.002426"/>
</test>
<test id="s1-s1-t2" name="Validar retorno 200 e JSON Válido" line="16">
<kw name="Teste de Requisicao Basica" owner="random-user-service">
<kw name="GET On Session" owner="RequestsLibrary">
<msg time="2024-08-07T20:16:39.172862" level="INFO">GET Request : url=https://randomuser.me/api 
 path_url=/api 
 headers={'User-Agent': 'python-requests/2.32.3', 'Accept-Encoding': 'gzip, deflate', 'Accept': '*/*', 'Connection': 'keep-alive'} 
 body=None 
 </msg>
<msg time="2024-08-07T20:16:39.172966" level="INFO">GET Response : url=https://randomuser.me/api 
 status=200, reason=OK 
 headers={'Date': 'Wed, 07 Aug 2024 20:16:39 GMT', 'Content-Type': 'application/json; charset=utf-8', 'Transfer-Encoding': 'chunked', 'Connection': 'keep-alive', 'X-Powered-By': 'Express', 'Access-Control-Allow-Origin': '*', 'Cache-Control': 'no-cache', 'ETag': 'W/"47a-0ZbGJvgkcwkOLX7BLmiBJ9WIHN8"', 'Vary': 'Accept-Encoding', 'Content-Encoding': 'gzip', 'CF-Cache-Status': 'DYNAMIC', 'Report-To': '{"endpoints":[{"url":"https:\\/\\/a.nel.cloudflare.com\\/report\\/v4?s=8GTBZwq5iE%2B3mGQMD%2FH2RAHY1xX%2Ba3J0KAyzG21%2F9esuHWZiNKidYO6Grbl1TTaAOLcCUHiBM1ypZIhW4Nm3Gcofd9IN2u6wt%2F8%2BH30LQ%2BSkaBp0Pl8DOHM4AF%2FV8nYm"}],"group":"cf-nel","max_age":604800}', 'NEL': '{"success_fraction":0,"report_to":"cf-nel","max_age":604800}', 'Server': 'cloudflare', 'CF-RAY': '8af9f21489083812-IAD', 'alt-svc': 'h3=":443"; ma=86400'} 
 body={"results":[{"gender":"male","name":{"title":"Mr","first":"Gökhan","last":"Borgman"},"location":{"street":{"number":6654,"name":"Klappenberg"},"city":"De Kiel","state":"Flevoland","country":"Netherlands","postcode":"2439 CU","coordinates":{"latitude":"31.8077","longitude":"-98.1090"},"timezone":{"offset":"-9:00","description":"Alaska"}},"email":"gokhan.borgman@example.com","login":{"uuid":"511ae216-e8f3-4719-8fff-20239309b634","username":"yellowzebra224","password":"windows1","salt":"5I7oDgKU","md5":"70a15d41f6c85a2f83badc3957e240e8","sha1":"78ff55129674fd1dd5373a66b37aed54738543f7","sha256":"3cde9e01e8b73c01d3ce27ec80d27364ce9b8e31be274363563852a6c5ed0ed1"},"dob":{"date":"1947-08-17T01:18:38.954Z","age":76},"registered":{"date":"2004-12-16T06:10:01.646Z","age":19},"phone":"(061) 0574222","cell":"(06) 72618881","id":{"name":"BSN","value":"75592356"},"picture":{"large":"https://randomuser.me/api/portraits/men/22.jpg","medium":"https://randomuser.me/api/portraits/med/men/22.jpg","thumbnail":"https://randomuser.me/api/portraits/thumb/men/22.jpg"},"nat":"NL"}],"info":{"seed":"8a1c44dde90ebab0","results":1,"page":1,"version":"1.4"}} 
 </msg>
<msg time="2024-08-07T20:16:39.173034" level="INFO">/opt/hostedtoolcache/Python/3.12.4/x64/lib/python3.12/site-packages/urllib3/connectionpool.py:1099: InsecureRequestWarning: Unverified HTTPS request is being made to host 'randomuser.me'. Adding certificate verification is strongly advised. See: https://urllib3.readthedocs.io/en/latest/advanced-usage.html#tls-warnings
  warnings.warn(</msg>
<msg time="2024-08-07T20:16:39.173142" level="INFO">${response} = &lt;Response [200]&gt;</msg>
<var>${response}</var>
<arg>consultarAPI</arg>
<arg>/api</arg>
<doc>Sends a GET request on a previously created HTTP Session.</doc>
<status status="PASS" start="2024-08-07T20:16:39.085256" elapsed="0.087929"/>
</kw>
<kw name="Should Be Equal As Numbers" owner="BuiltIn">
<msg time="2024-08-07T20:16:39.173987" level="INFO">Argument types are:
&lt;class 'int'&gt;
&lt;class 'str'&gt;</msg>
<arg>${response.status_code}</arg>
<arg>200</arg>
<doc>Fails if objects are unequal after converting them to real numbers.</doc>
<status status="PASS" start="2024-08-07T20:16:39.173588" elapsed="0.000462"/>
</kw>
<kw name="Log" owner="BuiltIn">
<msg time="2024-08-07T20:16:39.174716" level="INFO">200</msg>
<arg>${response.status_code}</arg>
<doc>Logs the given message with the given level.</doc>
<status status="PASS" start="2024-08-07T20:16:39.174363" elapsed="0.000395"/>
</kw>
<kw name="Set Variable" owner="BuiltIn">
<msg time="2024-08-07T20:16:39.175557" level="INFO">${json_data} = {'results': [{'gender': 'male', 'name': {'title': 'Mr', 'first': 'Gökhan', 'last': 'Borgman'}, 'location': {'street': {'number': 6654, 'name': 'Klappenberg'}, 'city': 'De Kiel', 'state': 'Flevoland', ...</msg>
<var>${json_data}</var>
<arg>${response.json()}</arg>
<doc>Returns the given values which can then be assigned to a variables.</doc>
<status status="PASS" start="2024-08-07T20:16:39.175059" elapsed="0.000529"/>
</kw>
<kw name="Dictionary Should Contain Key" owner="Collections">
<arg>${json_data}</arg>
<arg>results</arg>
<doc>Fails if ``key`` is not found from ``dictionary``.</doc>
<status status="PASS" start="2024-08-07T20:16:39.175896" elapsed="0.000290"/>
</kw>
<status status="PASS" start="2024-08-07T20:16:39.085014" elapsed="0.091323"/>
</kw>
<doc>Testa se a API responde corretamente e retorna um objeto JSON válido.</doc>
<tag>testeRequisicaoBasica</tag>
<status status="PASS" start="2024-08-07T20:16:39.084575" elapsed="0.091923"/>
</test>
<test id="s1-s1-t3" name="Validar estrutura de resposta" line="22">
<kw name="Teste de Estrutura de Resposta" owner="random-user-service">
<kw name="GET On Session" owner="RequestsLibrary">
<msg time="2024-08-07T20:16:39.275337" level="INFO">GET Request : url=https://randomuser.me/api 
 path_url=/api 
 headers={'User-Agent': 'python-requests/2.32.3', 'Accept-Encoding': 'gzip, deflate', 'Accept': '*/*', 'Connection': 'keep-alive'} 
 body=None 
 </msg>
<msg time="2024-08-07T20:16:39.275445" level="INFO">GET Response : url=https://randomuser.me/api 
 status=200, reason=OK 
 headers={'Date': 'Wed, 07 Aug 2024 20:16:39 GMT', 'Content-Type': 'application/json; charset=utf-8', 'Transfer-Encoding': 'chunked', 'Connection': 'keep-alive', 'X-Powered-By': 'Express', 'Access-Control-Allow-Origin': '*', 'Cache-Control': 'no-cache', 'ETag': 'W/"488-eUi2tDugklQu/BNBX9TTM+THASY"', 'Vary': 'Accept-Encoding', 'Content-Encoding': 'gzip', 'CF-Cache-Status': 'DYNAMIC', 'Report-To': '{"endpoints":[{"url":"https:\\/\\/a.nel.cloudflare.com\\/report\\/v4?s=RRuPVe1IRxiEbenB7sWpIgFkh%2Fmt8FDdIZ3%2FUuxiZYTqyycw62g1QduOsylHzQxCYyZnLV%2BaENijNAvw3RT8KynbIttN9MbjLxElqK3vhBpnsP2OLWtlL0%2F%2ByWssHbF8"}],"group":"cf-nel","max_age":604800}', 'NEL': '{"success_fraction":0,"report_to":"cf-nel","max_age":604800}', 'Server': 'cloudflare', 'CF-RAY': '8af9f214e9403812-IAD', 'alt-svc': 'h3=":443"; ma=86400'} 
 body={"results":[{"gender":"female","name":{"title":"Miss","first":"Marina","last":"Tošić"},"location":{"street":{"number":3032,"name":"Porodice Pantelić"},"city":"Prijepolje","state":"Raška","country":"Serbia","postcode":83855,"coordinates":{"latitude":"59.8309","longitude":"96.0015"},"timezone":{"offset":"+6:00","description":"Almaty, Dhaka, Colombo"}},"email":"marina.tosic@example.com","login":{"uuid":"7d1c4aab-d5d8-411e-b9de-3e87c6c2f8b8","username":"tinyduck906","password":"stimpy","salt":"v2Ihd5mJ","md5":"3810ee6961291d196ed27bc21381964f","sha1":"7795f7f0fbe47dcdf9ffce603a2e56c994ea4b00","sha256":"4964c17add3b9cc8b04017c905c05d000631929788f1277ae6ea2b36779d2d83"},"dob":{"date":"1973-02-07T22:21:58.053Z","age":51},"registered":{"date":"2011-12-13T23:55:30.633Z","age":12},"phone":"028-1956-521","cell":"067-2420-390","id":{"name":"SID","value":"318640892"},"picture":{"large":"https://randomuser.me/api/portraits/women/78.jpg","medium":"https://randomuser.me/api/portraits/med/women/78.jpg","thumbnail":"https://randomuser.me/api/portraits/thumb/women/78.jpg"},"nat":"RS"}],"info":{"seed":"bc1e0ec0d096d999","results":1,"page":1,"version":"1.4"}} 
 </msg>
<msg time="2024-08-07T20:16:39.275607" level="INFO">/opt/hostedtoolcache/Python/3.12.4/x64/lib/python3.12/site-packages/urllib3/connectionpool.py:1099: InsecureRequestWarning: Unverified HTTPS request is being made to host 'randomuser.me'. Adding certificate verification is strongly advised. See: https://urllib3.readthedocs.io/en/latest/advanced-usage.html#tls-warnings
  warnings.warn(</msg>
<msg time="2024-08-07T20:16:39.275754" level="INFO">${response} = &lt;Response [200]&gt;</msg>
<var>${response}</var>
<arg>consultarAPI</arg>
<arg>/api</arg>
<doc>Sends a GET request on a previously created HTTP Session.</doc>
<status status="PASS" start="2024-08-07T20:16:39.179041" elapsed="0.096757"/>
</kw>
<kw name="Set Variable" owner="BuiltIn">
<msg time="2024-08-07T20:16:39.276970" level="INFO">${json_data} = {'results': [{'gender': 'female', 'name': {'title': 'Miss', 'first': 'Marina', 'last': 'Tošić'}, 'location': {'street': {'number': 3032, 'name': 'Porodice Pantelić'}, 'city': 'Prijepolje', 'state': 'R...</msg>
<var>${json_data}</var>
<arg>${response.json()}</arg>
<doc>Returns the given values which can then be assigned to a variables.</doc>
<status status="PASS" start="2024-08-07T20:16:39.276282" elapsed="0.000735"/>
</kw>
<kw name="Log" owner="BuiltIn">
<msg time="2024-08-07T20:16:39.277727" level="INFO">{'results': [{'gender': 'female', 'name': {'title': 'Miss', 'first': 'Marina', 'last': 'Tošić'}, 'location': {'street': {'number': 3032, 'name': 'Porodice Pantelić'}, 'city': 'Prijepolje', 'state': 'Raška', 'country': 'Serbia', 'postcode': 83855, 'coordinates': {'latitude': '59.8309', 'longitude': '96.0015'}, 'timezone': {'offset': '+6:00', 'description': 'Almaty, Dhaka, Colombo'}}, 'email': 'marina.tosic@example.com', 'login': {'uuid': '7d1c4aab-d5d8-411e-b9de-3e87c6c2f8b8', 'username': 'tinyduck906', 'password': 'stimpy', 'salt': 'v2Ihd5mJ', 'md5': '3810ee6961291d196ed27bc21381964f', 'sha1': '7795f7f0fbe47dcdf9ffce603a2e56c994ea4b00', 'sha256': '4964c17add3b9cc8b04017c905c05d000631929788f1277ae6ea2b36779d2d83'}, 'dob': {'date': '1973-02-07T22:21:58.053Z', 'age': 51}, 'registered': {'date': '2011-12-13T23:55:30.633Z', 'age': 12}, 'phone': '028-1956-521', 'cell': '067-2420-390', 'id': {'name': 'SID', 'value': '318640892'}, 'picture': {'large': 'https://randomuser.me/api/portraits/women/78.jpg', 'medium': 'https://randomuser.me/api/portraits/med/women/78.jpg', 'thumbnail': 'https://randomuser.me/api/portraits/thumb/women/78.jpg'}, 'nat': 'RS'}], 'info': {'seed': 'bc1e0ec0d096d999', 'results': 1, 'page': 1, 'version': '1.4'}}</msg>
<arg>${json_data}</arg>
<doc>Logs the given message with the given level.</doc>
<status status="PASS" start="2024-08-07T20:16:39.277471" elapsed="0.000348"/>
</kw>
<kw name="Dictionary Should Contain Key" owner="Collections">
<arg>${json_data}</arg>
<arg>results</arg>
<doc>Fails if ``key`` is not found from ``dictionary``.</doc>
<status status="PASS" start="2024-08-07T20:16:39.278304" elapsed="0.000250"/>
</kw>
<kw name="Should Not Be Empty" owner="BuiltIn">
<msg time="2024-08-07T20:16:39.279011" level="INFO">Length is 2.</msg>
<arg>${json_data}</arg>
<doc>Verifies that the given item is not empty.</doc>
<status status="PASS" start="2024-08-07T20:16:39.278828" elapsed="0.000242"/>
</kw>
<kw name="Create List" owner="BuiltIn">
<msg time="2024-08-07T20:16:39.279737" level="INFO">${expected_keys} = ['gender', 'name', 'location', 'email', 'login']</msg>
<var>${expected_keys}</var>
<arg>gender</arg>
<arg>name</arg>
<arg>location</arg>
<arg>email</arg>
<arg>login</arg>
<doc>Returns a list containing given items.</doc>
<status status="PASS" start="2024-08-07T20:16:39.279511" elapsed="0.000267"/>
</kw>
<for flavor="IN">
<iter>
<kw name="Dictionary Should Contain Key" owner="Collections">
<arg>${json_data['results'][0]}</arg>
<arg>${key}</arg>
<doc>Fails if ``key`` is not found from ``dictionary``.</doc>
<status status="PASS" start="2024-08-07T20:16:39.280652" elapsed="0.000716"/>
</kw>
<kw name="Log" owner="BuiltIn">
<msg time="2024-08-07T20:16:39.282346" level="INFO">{'gender': 'female', 'name': {'title': 'Miss', 'first': 'Marina', 'last': 'Tošić'}, 'location': {'street': {'number': 3032, 'name': 'Porodice Pantelić'}, 'city': 'Prijepolje', 'state': 'Raška', 'country': 'Serbia', 'postcode': 83855, 'coordinates': {'latitude': '59.8309', 'longitude': '96.0015'}, 'timezone': {'offset': '+6:00', 'description': 'Almaty, Dhaka, Colombo'}}, 'email': 'marina.tosic@example.com', 'login': {'uuid': '7d1c4aab-d5d8-411e-b9de-3e87c6c2f8b8', 'username': 'tinyduck906', 'password': 'stimpy', 'salt': 'v2Ihd5mJ', 'md5': '3810ee6961291d196ed27bc21381964f', 'sha1': '7795f7f0fbe47dcdf9ffce603a2e56c994ea4b00', 'sha256': '4964c17add3b9cc8b04017c905c05d000631929788f1277ae6ea2b36779d2d83'}, 'dob': {'date': '1973-02-07T22:21:58.053Z', 'age': 51}, 'registered': {'date': '2011-12-13T23:55:30.633Z', 'age': 12}, 'phone': '028-1956-521', 'cell': '067-2420-390', 'id': {'name': 'SID', 'value': '318640892'}, 'picture': {'large': 'https://randomuser.me/api/portraits/women/78.jpg', 'medium': 'https://randomuser.me/api/portraits/med/women/78.jpg', 'thumbnail': 'https://randomuser.me/api/portraits/thumb/women/78.jpg'}, 'nat': 'RS'}</msg>
<arg>${json_data['results'][0]}</arg>
<doc>Logs the given message with the given level.</doc>
<status status="PASS" start="2024-08-07T20:16:39.281704" elapsed="0.000736"/>
</kw>
<kw name="Log" owner="BuiltIn">
<msg time="2024-08-07T20:16:39.283111" level="INFO">gender</msg>
<arg>${key}</arg>
<doc>Logs the given message with the given level.</doc>
<status status="PASS" start="2024-08-07T20:16:39.282919" elapsed="0.000255"/>
</kw>
<var name="${key}">gender</var>
<status status="PASS" start="2024-08-07T20:16:39.280456" elapsed="0.003061"/>
</iter>
<iter>
<kw name="Dictionary Should Contain Key" owner="Collections">
<arg>${json_data['results'][0]}</arg>
<arg>${key}</arg>
<doc>Fails if ``key`` is not found from ``dictionary``.</doc>
<status status="PASS" start="2024-08-07T20:16:39.283960" elapsed="0.000588"/>
</kw>
<kw name="Log" owner="BuiltIn">
<msg time="2024-08-07T20:16:39.285372" level="INFO">{'gender': 'female', 'name': {'title': 'Miss', 'first': 'Marina', 'last': 'Tošić'}, 'location': {'street': {'number': 3032, 'name': 'Porodice Pantelić'}, 'city': 'Prijepolje', 'state': 'Raška', 'country': 'Serbia', 'postcode': 83855, 'coordinates': {'latitude': '59.8309', 'longitude': '96.0015'}, 'timezone': {'offset': '+6:00', 'description': 'Almaty, Dhaka, Colombo'}}, 'email': 'marina.tosic@example.com', 'login': {'uuid': '7d1c4aab-d5d8-411e-b9de-3e87c6c2f8b8', 'username': 'tinyduck906', 'password': 'stimpy', 'salt': 'v2Ihd5mJ', 'md5': '3810ee6961291d196ed27bc21381964f', 'sha1': '7795f7f0fbe47dcdf9ffce603a2e56c994ea4b00', 'sha256': '4964c17add3b9cc8b04017c905c05d000631929788f1277ae6ea2b36779d2d83'}, 'dob': {'date': '1973-02-07T22:21:58.053Z', 'age': 51}, 'registered': {'date': '2011-12-13T23:55:30.633Z', 'age': 12}, 'phone': '028-1956-521', 'cell': '067-2420-390', 'id': {'name': 'SID', 'value': '318640892'}, 'picture': {'large': 'https://randomuser.me/api/portraits/women/78.jpg', 'medium': 'https://randomuser.me/api/portraits/med/women/78.jpg', 'thumbnail': 'https://randomuser.me/api/portraits/thumb/women/78.jpg'}, 'nat': 'RS'}</msg>
<arg>${json_data['results'][0]}</arg>
<doc>Logs the given message with the given level.</doc>
<status status="PASS" start="2024-08-07T20:16:39.284826" elapsed="0.000634"/>
</kw>
<kw name="Log" owner="BuiltIn">
<msg time="2024-08-07T20:16:39.285910" level="INFO">name</msg>
<arg>${key}</arg>
<doc>Logs the given message with the given level.</doc>
<status status="PASS" start="2024-08-07T20:16:39.285774" elapsed="0.000176"/>
</kw>
<var name="${key}">name</var>
<status status="PASS" start="2024-08-07T20:16:39.283785" elapsed="0.002388"/>
</iter>
<iter>
<kw name="Dictionary Should Contain Key" owner="Collections">
<arg>${json_data['results'][0]}</arg>
<arg>${key}</arg>
<doc>Fails if ``key`` is not found from ``dictionary``.</doc>
<status status="PASS" start="2024-08-07T20:16:39.286469" elapsed="0.000396"/>
</kw>
<kw name="Log" owner="BuiltIn">
<msg time="2024-08-07T20:16:39.287437" level="INFO">{'gender': 'female', 'name': {'title': 'Miss', 'first': 'Marina', 'last': 'Tošić'}, 'location': {'street': {'number': 3032, 'name': 'Porodice Pantelić'}, 'city': 'Prijepolje', 'state': 'Raška', 'country': 'Serbia', 'postcode': 83855, 'coordinates': {'latitude': '59.8309', 'longitude': '96.0015'}, 'timezone': {'offset': '+6:00', 'description': 'Almaty, Dhaka, Colombo'}}, 'email': 'marina.tosic@example.com', 'login': {'uuid': '7d1c4aab-d5d8-411e-b9de-3e87c6c2f8b8', 'username': 'tinyduck906', 'password': 'stimpy', 'salt': 'v2Ihd5mJ', 'md5': '3810ee6961291d196ed27bc21381964f', 'sha1': '7795f7f0fbe47dcdf9ffce603a2e56c994ea4b00', 'sha256': '4964c17add3b9cc8b04017c905c05d000631929788f1277ae6ea2b36779d2d83'}, 'dob': {'date': '1973-02-07T22:21:58.053Z', 'age': 51}, 'registered': {'date': '2011-12-13T23:55:30.633Z', 'age': 12}, 'phone': '028-1956-521', 'cell': '067-2420-390', 'id': {'name': 'SID', 'value': '318640892'}, 'picture': {'large': 'https://randomuser.me/api/portraits/women/78.jpg', 'medium': 'https://randomuser.me/api/portraits/med/women/78.jpg', 'thumbnail': 'https://randomuser.me/api/portraits/thumb/women/78.jpg'}, 'nat': 'RS'}</msg>
<arg>${json_data['results'][0]}</arg>
<doc>Logs the given message with the given level.</doc>
<status status="PASS" start="2024-08-07T20:16:39.287049" elapsed="0.000440"/>
</kw>
<kw name="Log" owner="BuiltIn">
<msg time="2024-08-07T20:16:39.287933" level="INFO">location</msg>
<arg>${key}</arg>
<doc>Logs the given message with the given level.</doc>
<status status="PASS" start="2024-08-07T20:16:39.287802" elapsed="0.000170"/>
</kw>
<var name="${key}">location</var>
<status status="PASS" start="2024-08-07T20:16:39.286358" elapsed="0.001833"/>
</iter>
<iter>
<kw name="Dictionary Should Contain Key" owner="Collections">
<arg>${json_data['results'][0]}</arg>
<arg>${key}</arg>
<doc>Fails if ``key`` is not found from ``dictionary``.</doc>
<status status="PASS" start="2024-08-07T20:16:39.288471" elapsed="0.000394"/>
</kw>
<kw name="Log" owner="BuiltIn">
<msg time="2024-08-07T20:16:39.289518" level="INFO">{'gender': 'female', 'name': {'title': 'Miss', 'first': 'Marina', 'last': 'Tošić'}, 'location': {'street': {'number': 3032, 'name': 'Porodice Pantelić'}, 'city': 'Prijepolje', 'state': 'Raška', 'country': 'Serbia', 'postcode': 83855, 'coordinates': {'latitude': '59.8309', 'longitude': '96.0015'}, 'timezone': {'offset': '+6:00', 'description': 'Almaty, Dhaka, Colombo'}}, 'email': 'marina.tosic@example.com', 'login': {'uuid': '7d1c4aab-d5d8-411e-b9de-3e87c6c2f8b8', 'username': 'tinyduck906', 'password': 'stimpy', 'salt': 'v2Ihd5mJ', 'md5': '3810ee6961291d196ed27bc21381964f', 'sha1': '7795f7f0fbe47dcdf9ffce603a2e56c994ea4b00', 'sha256': '4964c17add3b9cc8b04017c905c05d000631929788f1277ae6ea2b36779d2d83'}, 'dob': {'date': '1973-02-07T22:21:58.053Z', 'age': 51}, 'registered': {'date': '2011-12-13T23:55:30.633Z', 'age': 12}, 'phone': '028-1956-521', 'cell': '067-2420-390', 'id': {'name': 'SID', 'value': '318640892'}, 'picture': {'large': 'https://randomuser.me/api/portraits/women/78.jpg', 'medium': 'https://randomuser.me/api/portraits/med/women/78.jpg', 'thumbnail': 'https://randomuser.me/api/portraits/thumb/women/78.jpg'}, 'nat': 'RS'}</msg>
<arg>${json_data['results'][0]}</arg>
<doc>Logs the given message with the given level.</doc>
<status status="PASS" start="2024-08-07T20:16:39.289156" elapsed="0.000412"/>
</kw>
<kw name="Log" owner="BuiltIn">
<msg time="2024-08-07T20:16:39.289998" level="INFO">email</msg>
<arg>${key}</arg>
<doc>Logs the given message with the given level.</doc>
<status status="PASS" start="2024-08-07T20:16:39.289868" elapsed="0.000168"/>
</kw>
<var name="${key}">email</var>
<status status="PASS" start="2024-08-07T20:16:39.288364" elapsed="0.001890"/>
</iter>
<iter>
<kw name="Dictionary Should Contain Key" owner="Collections">
<arg>${json_data['results'][0]}</arg>
<arg>${key}</arg>
<doc>Fails if ``key`` is not found from ``dictionary``.</doc>
<status status="PASS" start="2024-08-07T20:16:39.290533" elapsed="0.000391"/>
</kw>
<kw name="Log" owner="BuiltIn">
<msg time="2024-08-07T20:16:39.291497" level="INFO">{'gender': 'female', 'name': {'title': 'Miss', 'first': 'Marina', 'last': 'Tošić'}, 'location': {'street': {'number': 3032, 'name': 'Porodice Pantelić'}, 'city': 'Prijepolje', 'state': 'Raška', 'country': 'Serbia', 'postcode': 83855, 'coordinates': {'latitude': '59.8309', 'longitude': '96.0015'}, 'timezone': {'offset': '+6:00', 'description': 'Almaty, Dhaka, Colombo'}}, 'email': 'marina.tosic@example.com', 'login': {'uuid': '7d1c4aab-d5d8-411e-b9de-3e87c6c2f8b8', 'username': 'tinyduck906', 'password': 'stimpy', 'salt': 'v2Ihd5mJ', 'md5': '3810ee6961291d196ed27bc21381964f', 'sha1': '7795f7f0fbe47dcdf9ffce603a2e56c994ea4b00', 'sha256': '4964c17add3b9cc8b04017c905c05d000631929788f1277ae6ea2b36779d2d83'}, 'dob': {'date': '1973-02-07T22:21:58.053Z', 'age': 51}, 'registered': {'date': '2011-12-13T23:55:30.633Z', 'age': 12}, 'phone': '028-1956-521', 'cell': '067-2420-390', 'id': {'name': 'SID', 'value': '318640892'}, 'picture': {'large': 'https://randomuser.me/api/portraits/women/78.jpg', 'medium': 'https://randomuser.me/api/portraits/med/women/78.jpg', 'thumbnail': 'https://randomuser.me/api/portraits/thumb/women/78.jpg'}, 'nat': 'RS'}</msg>
<arg>${json_data['results'][0]}</arg>
<doc>Logs the given message with the given level.</doc>
<status status="PASS" start="2024-08-07T20:16:39.291106" elapsed="0.000443"/>
</kw>
<kw name="Log" owner="BuiltIn">
<msg time="2024-08-07T20:16:39.291979" level="INFO">login</msg>
<arg>${key}</arg>
<doc>Logs the given message with the given level.</doc>
<status status="PASS" start="2024-08-07T20:16:39.291850" elapsed="0.000166"/>
</kw>
<var name="${key}">login</var>
<status status="PASS" start="2024-08-07T20:16:39.290427" elapsed="0.001804"/>
</iter>
<var>${key}</var>
<value>@{expected_keys}</value>
<status status="PASS" start="2024-08-07T20:16:39.280171" elapsed="0.012179"/>
</for>
<kw name="Create List" owner="BuiltIn">
<msg time="2024-08-07T20:16:39.292688" level="INFO">${expected_keysTwo} = ['username', 'password']</msg>
<var>${expected_keysTwo}</var>
<arg>username</arg>
<arg>password</arg>
<doc>Returns a list containing given items.</doc>
<status status="PASS" start="2024-08-07T20:16:39.292540" elapsed="0.000187"/>
</kw>
<for flavor="IN">
<iter>
<kw name="Dictionary Should Contain Key" owner="Collections">
<arg>${json_data['results'][0]['login']}</arg>
<arg>${keyTwo}</arg>
<doc>Fails if ``key`` is not found from ``dictionary``.</doc>
<status status="PASS" start="2024-08-07T20:16:39.293375" elapsed="0.000392"/>
</kw>
<kw name="Dictionary Should Contain Key" owner="Collections">
<arg>${json_data['results'][0]['login']}</arg>
<arg>${keyTwo}</arg>
<doc>Fails if ``key`` is not found from ``dictionary``.</doc>
<status status="PASS" start="2024-08-07T20:16:39.293950" elapsed="0.000372"/>
</kw>
<kw name="Log" owner="BuiltIn">
<msg time="2024-08-07T20:16:39.294619" level="INFO">username</msg>
<arg>${keyTwo}</arg>
<doc>Logs the given message with the given level.</doc>
<status status="PASS" start="2024-08-07T20:16:39.294499" elapsed="0.000158"/>
</kw>
<var name="${keyTwo}">username</var>
<status status="PASS" start="2024-08-07T20:16:39.293267" elapsed="0.001610"/>
</iter>
<iter>
<kw name="Dictionary Should Contain Key" owner="Collections">
<arg>${json_data['results'][0]['login']}</arg>
<arg>${keyTwo}</arg>
<doc>Fails if ``key`` is not found from ``dictionary``.</doc>
<status status="PASS" start="2024-08-07T20:16:39.295154" elapsed="0.000427"/>
</kw>
<kw name="Dictionary Should Contain Key" owner="Collections">
<arg>${json_data['results'][0]['login']}</arg>
<arg>${keyTwo}</arg>
<doc>Fails if ``key`` is not found from ``dictionary``.</doc>
<status status="PASS" start="2024-08-07T20:16:39.295763" elapsed="0.000373"/>
</kw>
<kw name="Log" owner="BuiltIn">
<msg time="2024-08-07T20:16:39.296436" level="INFO">password</msg>
<arg>${keyTwo}</arg>
<doc>Logs the given message with the given level.</doc>
<status status="PASS" start="2024-08-07T20:16:39.296317" elapsed="0.000157"/>
</kw>
<var name="${keyTwo}">password</var>
<status status="PASS" start="2024-08-07T20:16:39.295049" elapsed="0.001645"/>
</iter>
<var>${keyTwo}</var>
<value>@{expected_keysTwo}</value>
<status status="PASS" start="2024-08-07T20:16:39.293108" elapsed="0.003707"/>
</for>
<status status="PASS" start="2024-08-07T20:16:39.178817" elapsed="0.118136"/>
</kw>
<doc>Testa a estrutura da resposta da API.</doc>
<tag>testeEstruturaResposta</tag>
<status status="PASS" start="2024-08-07T20:16:39.178279" elapsed="0.118819"/>
</test>
<test id="s1-s1-t4" name="Validar tipos de dados" line="28">
<kw name="Teste de Tipos de Dados" owner="random-user-service">
<kw name="GET On Session" owner="RequestsLibrary">
<msg time="2024-08-07T20:16:39.361676" level="INFO">GET Request : url=https://randomuser.me/api 
 path_url=/api 
 headers={'User-Agent': 'python-requests/2.32.3', 'Accept-Encoding': 'gzip, deflate', 'Accept': '*/*', 'Connection': 'keep-alive'} 
 body=None 
 </msg>
<msg time="2024-08-07T20:16:39.361757" level="INFO">GET Response : url=https://randomuser.me/api 
 status=200, reason=OK 
 headers={'Date': 'Wed, 07 Aug 2024 20:16:39 GMT', 'Content-Type': 'application/json; charset=utf-8', 'Transfer-Encoding': 'chunked', 'Connection': 'keep-alive', 'X-Powered-By': 'Express', 'Access-Control-Allow-Origin': '*', 'Cache-Control': 'no-cache', 'ETag': 'W/"482-X40+KiJIv3xp+L2Qb+M8UipQQcw"', 'Vary': 'Accept-Encoding', 'Content-Encoding': 'gzip', 'CF-Cache-Status': 'DYNAMIC', 'Report-To': '{"endpoints":[{"url":"https:\\/\\/a.nel.cloudflare.com\\/report\\/v4?s=T%2FTsjdSDqeMpjVtXLpM0vILRFeVKBWRjES4qNhViICpD6MM%2BCziBPJTbGF3J%2FHV0peqYEHUy3g4gdiPXCXOXx2fDIU55z1tbb9If9LFfmczkebnfxN%2BQaU2y63%2BWhN53"}],"group":"cf-nel","max_age":604800}', 'NEL': '{"success_fraction":0,"report_to":"cf-nel","max_age":604800}', 'Server': 'cloudflare', 'CF-RAY': '8af9f215a9c23812-IAD', 'alt-svc': 'h3=":443"; ma=86400'} 
 body={"results":[{"gender":"female","name":{"title":"Mrs","first":"Claudia","last":"Payne"},"location":{"street":{"number":8929,"name":"Plum St"},"city":"Darwin","state":"Queensland","country":"Australia","postcode":3698,"coordinates":{"latitude":"-86.5850","longitude":"125.6018"},"timezone":{"offset":"+2:00","description":"Kaliningrad, South Africa"}},"email":"claudia.payne@example.com","login":{"uuid":"3aa8ea56-8b2b-4f23-b761-0b6e247f9134","username":"bigbird763","password":"grandpa","salt":"UkR7klDC","md5":"f4012b1f5506c55f083e9eeac5aa5f53","sha1":"7992ebd194fcc6c431cac69da1c081b16449936c","sha256":"8fe8bf8bacfa66c64d22fa9b6427309de20b01c53e426c4bf8f4ce393e777c3e"},"dob":{"date":"1968-01-02T03:42:20.449Z","age":56},"registered":{"date":"2020-05-09T15:07:02.851Z","age":4},"phone":"02-4961-1388","cell":"0436-877-966","id":{"name":"TFN","value":"852219882"},"picture":{"large":"https://randomuser.me/api/portraits/women/15.jpg","medium":"https://randomuser.me/api/portraits/med/women/15.jpg","thumbnail":"https://randomuser.me/api/portraits/thumb/women/15.jpg"},"nat":"AU"}],"info":{"seed":"5373ffe635a2845c","results":1,"page":1,"version":"1.4"}} 
 </msg>
<msg time="2024-08-07T20:16:39.361828" level="INFO">/opt/hostedtoolcache/Python/3.12.4/x64/lib/python3.12/site-packages/urllib3/connectionpool.py:1099: InsecureRequestWarning: Unverified HTTPS request is being made to host 'randomuser.me'. Adding certificate verification is strongly advised. See: https://urllib3.readthedocs.io/en/latest/advanced-usage.html#tls-warnings
  warnings.warn(</msg>
<msg time="2024-08-07T20:16:39.361931" level="INFO">${response} = &lt;Response [200]&gt;</msg>
<var>${response}</var>
<arg>consultarAPI</arg>
<arg>/api</arg>
<doc>Sends a GET request on a previously created HTTP Session.</doc>
<status status="PASS" start="2024-08-07T20:16:39.299626" elapsed="0.062345"/>
</kw>
<kw name="Set Variable" owner="BuiltIn">
<msg time="2024-08-07T20:16:39.362973" level="INFO">${json_data} = {'results': [{'gender': 'female', 'name': {'title': 'Mrs', 'first': 'Claudia', 'last': 'Payne'}, 'location': {'street': {'number': 8929, 'name': 'Plum St'}, 'city': 'Darwin', 'state': 'Queensland', 'c...</msg>
<var>${json_data}</var>
<arg>${response.json()}</arg>
<doc>Returns the given values which can then be assigned to a variables.</doc>
<status status="PASS" start="2024-08-07T20:16:39.362411" elapsed="0.000591"/>
</kw>
<kw name="Log" owner="BuiltIn">
<msg time="2024-08-07T20:16:39.363510" level="INFO">{'results': [{'gender': 'female', 'name': {'title': 'Mrs', 'first': 'Claudia', 'last': 'Payne'}, 'location': {'street': {'number': 8929, 'name': 'Plum St'}, 'city': 'Darwin', 'state': 'Queensland', 'country': 'Australia', 'postcode': 3698, 'coordinates': {'latitude': '-86.5850', 'longitude': '125.6018'}, 'timezone': {'offset': '+2:00', 'description': 'Kaliningrad, South Africa'}}, 'email': 'claudia.payne@example.com', 'login': {'uuid': '3aa8ea56-8b2b-4f23-b761-0b6e247f9134', 'username': 'bigbird763', 'password': 'grandpa', 'salt': 'UkR7klDC', 'md5': 'f4012b1f5506c55f083e9eeac5aa5f53', 'sha1': '7992ebd194fcc6c431cac69da1c081b16449936c', 'sha256': '8fe8bf8bacfa66c64d22fa9b6427309de20b01c53e426c4bf8f4ce393e777c3e'}, 'dob': {'date': '1968-01-02T03:42:20.449Z', 'age': 56}, 'registered': {'date': '2020-05-09T15:07:02.851Z', 'age': 4}, 'phone': '02-4961-1388', 'cell': '0436-877-966', 'id': {'name': 'TFN', 'value': '852219882'}, 'picture': {'large': 'https://randomuser.me/api/portraits/women/15.jpg', 'medium': 'https://randomuser.me/api/portraits/med/women/15.jpg', 'thumbnail': 'https://randomuser.me/api/portraits/thumb/women/15.jpg'}, 'nat': 'AU'}], 'info': {'seed': '5373ffe635a2845c', 'results': 1, 'page': 1, 'version': '1.4'}}</msg>
<arg>${json_data}</arg>
<doc>Logs the given message with the given level.</doc>
<status status="PASS" start="2024-08-07T20:16:39.363346" elapsed="0.000211"/>
</kw>
<kw name="Should Be String" owner="String">
<arg>${json_data['results'][0]['gender']}</arg>
<doc>Fails if the given ``item`` is not a string.</doc>
<status status="PASS" start="2024-08-07T20:16:39.363850" elapsed="0.000355"/>
</kw>
<kw name="Should Match Regexp" owner="BuiltIn">
<arg>${json_data['results'][0]['email']}</arg>
<arg>^[a-zA-Z0-9._%+-]+@[a-zA-Z0-9.-]+\.[a-zA-Z]{2,}$</arg>
<doc>Fails if ``string`` does not match ``pattern`` as a regular expression.</doc>
<status status="PASS" start="2024-08-07T20:16:39.364396" elapsed="0.000496"/>
</kw>
<kw name="Should Match Regexp" owner="BuiltIn">
<arg>${json_data['results'][0]['dob']['date']}</arg>
<arg>\\d{4}-\\d{2}-\\d{2}T\\d{2}:\\d{2}:\\d{2}\\.\\d{3}Z</arg>
<doc>Fails if ``string`` does not match ``pattern`` as a regular expression.</doc>
<status status="PASS" start="2024-08-07T20:16:39.365116" elapsed="0.000599"/>
</kw>
<kw name="Should Match Regexp" owner="BuiltIn">
<arg>${json_data['results'][0]['registered']['date']}</arg>
<arg>\\d{4}-\\d{2}-\\d{2}T\\d{2}:\\d{2}:\\d{2}\\.\\d{3}Z</arg>
<doc>Fails if ``string`` does not match ``pattern`` as a regular expression.</doc>
<status status="PASS" start="2024-08-07T20:16:39.365914" elapsed="0.000387"/>
</kw>
<kw name="Should Match Regexp" owner="BuiltIn">
<arg>${json_data['results'][0]['picture']['large']}</arg>
<arg>^https?://.*\.(?:png|jpe?g|gif|bmp)$</arg>
<doc>Fails if ``string`` does not match ``pattern`` as a regular expression.</doc>
<status status="PASS" start="2024-08-07T20:16:39.366486" elapsed="0.000467"/>
</kw>
<kw name="Should Match Regexp" owner="BuiltIn">
<arg>${json_data['results'][0]['picture']['medium']}</arg>
<arg>^https?://.*\.(?:png|jpe?g|gif|bmp)$</arg>
<doc>Fails if ``string`` does not match ``pattern`` as a regular expression.</doc>
<status status="PASS" start="2024-08-07T20:16:39.367141" elapsed="0.000388"/>
</kw>
<kw name="Should Match Regexp" owner="BuiltIn">
<arg>${json_data['results'][0]['picture']['thumbnail']}</arg>
<arg>^https?://.*\.(?:png|jpe?g|gif|bmp)$</arg>
<doc>Fails if ``string`` does not match ``pattern`` as a regular expression.</doc>
<status status="PASS" start="2024-08-07T20:16:39.367714" elapsed="0.000349"/>
</kw>
<kw name="Log" owner="BuiltIn">
<msg time="2024-08-07T20:16:39.368562" level="INFO">{'large': 'https://randomuser.me/api/portraits/women/15.jpg', 'medium': 'https://randomuser.me/api/portraits/med/women/15.jpg', 'thumbnail': 'https://randomuser.me/api/portraits/thumb/women/15.jpg'}</msg>
<arg>${json_data['results'][0]['picture']}</arg>
<doc>Logs the given message with the given level.</doc>
<status status="PASS" start="2024-08-07T20:16:39.368242" elapsed="0.000362"/>
</kw>
<status status="PASS" start="2024-08-07T20:16:39.299402" elapsed="0.069459"/>
</kw>
<kw name="Teste de Tipos de Dados - Postcode" owner="random-user-service">
<kw name="GET On Session" owner="RequestsLibrary">
<msg time="2024-08-07T20:16:39.463869" level="INFO">GET Request : url=https://randomuser.me/api 
 path_url=/api 
 headers={'User-Agent': 'python-requests/2.32.3', 'Accept-Encoding': 'gzip, deflate', 'Accept': '*/*', 'Connection': 'keep-alive'} 
 body=None 
 </msg>
<msg time="2024-08-07T20:16:39.463954" level="INFO">GET Response : url=https://randomuser.me/api 
 status=200, reason=OK 
 headers={'Date': 'Wed, 07 Aug 2024 20:16:39 GMT', 'Content-Type': 'application/json; charset=utf-8', 'Transfer-Encoding': 'chunked', 'Connection': 'keep-alive', 'X-Powered-By': 'Express', 'Access-Control-Allow-Origin': '*', 'Cache-Control': 'no-cache', 'ETag': 'W/"4a7-WSd9Nvf5EJ0pvd2iU1CeSASC7GA"', 'Vary': 'Accept-Encoding', 'Content-Encoding': 'gzip', 'CF-Cache-Status': 'DYNAMIC', 'Report-To': '{"endpoints":[{"url":"https:\\/\\/a.nel.cloudflare.com\\/report\\/v4?s=W8i6QefyDwsaERSsgOj89c7sFDBCAVr9SwI11RK1mfJEMgUfZmn%2BI9w63eCsO3Cea3G0K7NUFb6EQgcWC3zuZqARJnseEObuR9ORYTOViPpT%2BqElg547mdFaq1Wymyxp"}],"group":"cf-nel","max_age":604800}', 'NEL': '{"success_fraction":0,"report_to":"cf-nel","max_age":604800}', 'Server': 'cloudflare', 'CF-RAY': '8af9f2161a213812-IAD', 'alt-svc': 'h3=":443"; ma=86400'} 
 body={"results":[{"gender":"male","name":{"title":"Mr","first":"Ademir","last":"Pires"},"location":{"street":{"number":7795,"name":"Rua Duque de Caxias "},"city":"Nilópolis","state":"Rio Grande do Sul","country":"Brazil","postcode":23978,"coordinates":{"latitude":"-76.1421","longitude":"-13.0012"},"timezone":{"offset":"-6:00","description":"Central Time (US &amp; Canada), Mexico City"}},"email":"ademir.pires@example.com","login":{"uuid":"0c3c59c2-c896-4f67-ab9a-6cf706ec600a","username":"organicmouse489","password":"playa","salt":"VFMy8AD5","md5":"b179b6985ad1dabc5b5f8c4313a268c1","sha1":"5901432f62f612a5650af5f4ccf44c34aaef6cbf","sha256":"26719ba610191754e34d058a7cb44c50d6093de5da223ece73948bdf2737bb10"},"dob":{"date":"1987-09-11T14:09:23.747Z","age":36},"registered":{"date":"2022-04-29T18:04:45.310Z","age":2},"phone":"(04) 9730-0657","cell":"(05) 5912-0382","id":{"name":"CPF","value":"864.184.108-67"},"picture":{"large":"https://randomuser.me/api/portraits/men/49.jpg","medium":"https://randomuser.me/api/portraits/med/men/49.jpg","thumbnail":"https://randomuser.me/api/portraits/thumb/men/49.jpg"},"nat":"BR"}],"info":{"seed":"dad0e9cdfdb34938","results":1,"page":1,"version":"1.4"}} 
 </msg>
<msg time="2024-08-07T20:16:39.464032" level="INFO">/opt/hostedtoolcache/Python/3.12.4/x64/lib/python3.12/site-packages/urllib3/connectionpool.py:1099: InsecureRequestWarning: Unverified HTTPS request is being made to host 'randomuser.me'. Adding certificate verification is strongly advised. See: https://urllib3.readthedocs.io/en/latest/advanced-usage.html#tls-warnings
  warnings.warn(</msg>
<msg time="2024-08-07T20:16:39.464134" level="INFO">${response} = &lt;Response [200]&gt;</msg>
<var>${response}</var>
<arg>consultarAPI</arg>
<arg>/api</arg>
<doc>Sends a GET request on a previously created HTTP Session.</doc>
<status status="PASS" start="2024-08-07T20:16:39.369281" elapsed="0.094894"/>
</kw>
<kw name="Set Variable" owner="BuiltIn">
<msg time="2024-08-07T20:16:39.465189" level="INFO">${json_data} = {'results': [{'gender': 'male', 'name': {'title': 'Mr', 'first': 'Ademir', 'last': 'Pires'}, 'location': {'street': {'number': 7795, 'name': 'Rua Duque de Caxias '}, 'city': 'Nilópolis', 'state': 'Rio...</msg>
<var>${json_data}</var>
<arg>${response.json()}</arg>
<doc>Returns the given values which can then be assigned to a variables.</doc>
<status status="PASS" start="2024-08-07T20:16:39.464623" elapsed="0.000596"/>
</kw>
<kw name="Log" owner="BuiltIn">
<msg time="2024-08-07T20:16:39.465680" level="INFO">{'results': [{'gender': 'male', 'name': {'title': 'Mr', 'first': 'Ademir', 'last': 'Pires'}, 'location': {'street': {'number': 7795, 'name': 'Rua Duque de Caxias '}, 'city': 'Nilópolis', 'state': 'Rio Grande do Sul', 'country': 'Brazil', 'postcode': 23978, 'coordinates': {'latitude': '-76.1421', 'longitude': '-13.0012'}, 'timezone': {'offset': '-6:00', 'description': 'Central Time (US &amp; Canada), Mexico City'}}, 'email': 'ademir.pires@example.com', 'login': {'uuid': '0c3c59c2-c896-4f67-ab9a-6cf706ec600a', 'username': 'organicmouse489', 'password': 'playa', 'salt': 'VFMy8AD5', 'md5': 'b179b6985ad1dabc5b5f8c4313a268c1', 'sha1': '5901432f62f612a5650af5f4ccf44c34aaef6cbf', 'sha256': '26719ba610191754e34d058a7cb44c50d6093de5da223ece73948bdf2737bb10'}, 'dob': {'date': '1987-09-11T14:09:23.747Z', 'age': 36}, 'registered': {'date': '2022-04-29T18:04:45.310Z', 'age': 2}, 'phone': '(04) 9730-0657', 'cell': '(05) 5912-0382', 'id': {'name': 'CPF', 'value': '864.184.108-67'}, 'picture': {'large': 'https://randomuser.me/api/portraits/men/49.jpg', 'medium': 'https://randomuser.me/api/portraits/med/men/49.jpg', 'thumbnail': 'https://randomuser.me/api/portraits/thumb/men/49.jpg'}, 'nat': 'BR'}], 'info': {'seed': 'dad0e9cdfdb34938', 'results': 1, 'page': 1, 'version': '1.4'}}</msg>
<arg>${json_data}</arg>
<doc>Logs the given message with the given level.</doc>
<status status="PASS" start="2024-08-07T20:16:39.465524" elapsed="0.000206"/>
</kw>
<kw name="Should Be Equal As Numbers" owner="BuiltIn">
<arg>${json_data['results'][0]['location']['postcode']}</arg>
<arg>${json_data['results'][0]['location']['postcode']}</arg>
<doc>Fails if objects are unequal after converting them to real numbers.</doc>
<status status="PASS" start="2024-08-07T20:16:39.466022" elapsed="0.000625"/>
</kw>
<kw name="Log" owner="BuiltIn">
<msg time="2024-08-07T20:16:39.467175" level="INFO">23978</msg>
<arg>${json_data['results'][0]['location']['postcode']}</arg>
<doc>Logs the given message with the given level.</doc>
<status status="PASS" start="2024-08-07T20:16:39.466836" elapsed="0.000380"/>
</kw>
<status status="PASS" start="2024-08-07T20:16:39.369070" elapsed="0.098467"/>
</kw>
<doc>Testa se os tipos de dados na resposta da API estão corretos.</doc>
<tag>testeTiposDados</tag>
<status status="PASS" start="2024-08-07T20:16:39.298882" elapsed="0.168823"/>
</test>
<test id="s1-s1-t5" name="Validar conteudo" line="35">
<kw name="Teste de Tipos de Conteudo" owner="random-user-service">
<kw name="GET On Session" owner="RequestsLibrary">
<msg time="2024-08-07T20:16:39.567578" level="INFO">GET Request : url=https://randomuser.me/api 
 path_url=/api 
 headers={'User-Agent': 'python-requests/2.32.3', 'Accept-Encoding': 'gzip, deflate', 'Accept': '*/*', 'Connection': 'keep-alive'} 
 body=None 
 </msg>
<msg time="2024-08-07T20:16:39.567660" level="INFO">GET Response : url=https://randomuser.me/api 
 status=200, reason=OK 
 headers={'Date': 'Wed, 07 Aug 2024 20:16:39 GMT', 'Content-Type': 'application/json; charset=utf-8', 'Transfer-Encoding': 'chunked', 'Connection': 'keep-alive', 'X-Powered-By': 'Express', 'Access-Control-Allow-Origin': '*', 'Cache-Control': 'no-cache', 'ETag': 'W/"49e-u9zHA7usvWniBNDzoATY6trnVMs"', 'Vary': 'Accept-Encoding', 'Content-Encoding': 'gzip', 'CF-Cache-Status': 'DYNAMIC', 'Report-To': '{"endpoints":[{"url":"https:\\/\\/a.nel.cloudflare.com\\/report\\/v4?s=%2FIi%2BFwv7x2VOcbkC0dkDeD1cNW4Wtq3g1gMwUio9a%2Feelg9nA3pgM2fftPxlEvfeIu9qAW4eRFW%2FCgCbfVmk2pWPM3IW5SZeviK7ToXeaF8rvYj5V1CQ%2B8CDefnk5Jmy"}],"group":"cf-nel","max_age":604800}', 'NEL': '{"success_fraction":0,"report_to":"cf-nel","max_age":604800}', 'Server': 'cloudflare', 'CF-RAY': '8af9f216ba933812-IAD', 'alt-svc': 'h3=":443"; ma=86400'} 
 body={"results":[{"gender":"female","name":{"title":"Miss","first":"Brittany","last":"Perez"},"location":{"street":{"number":4491,"name":"Wheeler Ridge Dr"},"city":"Atlanta","state":"Tennessee","country":"United States","postcode":41346,"coordinates":{"latitude":"88.7020","longitude":"119.7137"},"timezone":{"offset":"+1:00","description":"Brussels, Copenhagen, Madrid, Paris"}},"email":"brittany.perez@example.com","login":{"uuid":"2b377f0d-58f9-4945-94e4-3b26102ce1d3","username":"crazydog746","password":"tool","salt":"H9MLqwgs","md5":"e0ee582e91b758315c394dc3d67965a1","sha1":"81b43c57df7b299498670d0ef575bdbafc3d3c2d","sha256":"39f752e65ef63c6c39662c7becc49ecb63f9304db269dac14e2626883fbad1d5"},"dob":{"date":"1952-12-23T20:13:15.886Z","age":71},"registered":{"date":"2010-01-27T06:41:33.027Z","age":14},"phone":"(217) 908-2818","cell":"(270) 388-5318","id":{"name":"SSN","value":"033-32-7133"},"picture":{"large":"https://randomuser.me/api/portraits/women/9.jpg","medium":"https://randomuser.me/api/portraits/med/women/9.jpg","thumbnail":"https://randomuser.me/api/portraits/thumb/women/9.jpg"},"nat":"US"}],"info":{"seed":"44518de9fcdf5b56","results":1,"page":1,"version":"1.4"}} 
 </msg>
<msg time="2024-08-07T20:16:39.567732" level="INFO">/opt/hostedtoolcache/Python/3.12.4/x64/lib/python3.12/site-packages/urllib3/connectionpool.py:1099: InsecureRequestWarning: Unverified HTTPS request is being made to host 'randomuser.me'. Adding certificate verification is strongly advised. See: https://urllib3.readthedocs.io/en/latest/advanced-usage.html#tls-warnings
  warnings.warn(</msg>
<msg time="2024-08-07T20:16:39.567858" level="INFO">${response} = &lt;Response [200]&gt;</msg>
<var>${response}</var>
<arg>consultarAPI</arg>
<arg>/api</arg>
<doc>Sends a GET request on a previously created HTTP Session.</doc>
<status status="PASS" start="2024-08-07T20:16:39.470157" elapsed="0.097755"/>
</kw>
<kw name="Set Variable" owner="BuiltIn">
<msg time="2024-08-07T20:16:39.568984" level="INFO">${json_data} = {'results': [{'gender': 'female', 'name': {'title': 'Miss', 'first': 'Brittany', 'last': 'Perez'}, 'location': {'street': {'number': 4491, 'name': 'Wheeler Ridge Dr'}, 'city': 'Atlanta', 'state': 'Ten...</msg>
<var>${json_data}</var>
<arg>${response.json()}</arg>
<doc>Returns the given values which can then be assigned to a variables.</doc>
<status status="PASS" start="2024-08-07T20:16:39.568441" elapsed="0.000571"/>
</kw>
<kw name="Set Variable" owner="BuiltIn">
<msg time="2024-08-07T20:16:39.569694" level="INFO">${name_title} = Miss</msg>
<var>${name_title}</var>
<arg>${json_data["results"][0]["name"]["title"]}</arg>
<doc>Returns the given values which can then be assigned to a variables.</doc>
<status status="PASS" start="2024-08-07T20:16:39.569313" elapsed="0.000407"/>
</kw>
<kw name="Create List" owner="BuiltIn">
<msg time="2024-08-07T20:16:39.570159" level="INFO">${allowed_titles} = ['Mr', 'Ms', 'Miss', 'Mrs', 'Madame', 'Monsieur']</msg>
<var>${allowed_titles}</var>
<arg>Mr</arg>
<arg>Ms</arg>
<arg>Miss</arg>
<arg>Mrs</arg>
<arg>Madame</arg>
<arg>Monsieur</arg>
<doc>Returns a list containing given items.</doc>
<status status="PASS" start="2024-08-07T20:16:39.570011" elapsed="0.000172"/>
</kw>
<kw name="List Should Contain Value" owner="Collections">
<arg>${allowed_titles}</arg>
<arg>${name_title}</arg>
<doc>Fails if the ``value`` is not found from ``list``.</doc>
<status status="PASS" start="2024-08-07T20:16:39.570477" elapsed="0.000172"/>
</kw>
<kw name="Set Variable" owner="BuiltIn">
<msg time="2024-08-07T20:16:39.571210" level="INFO">${name_country} = US</msg>
<var>${name_country}</var>
<arg>${json_data["results"][0]["nat"]}</arg>
<doc>Returns the given values which can then be assigned to a variables.</doc>
<status status="PASS" start="2024-08-07T20:16:39.570830" elapsed="0.000405"/>
</kw>
<kw name="Create List" owner="BuiltIn">
<msg time="2024-08-07T20:16:39.572156" level="INFO">${list_country} = ['AD', 'AE', 'AF', 'AG', 'AI', 'AL', 'AM', 'AO', 'AQ', 'AR', 'AS', 'AT', 'AU', 'AW', 'AX', 'AZ', 'BA', 'BB', 'BD', 'BE', 'BF', 'BG', 'BH', 'BI', 'BJ', 'BL', 'BM', 'BN', 'BO', 'BQ', 'BR', 'BS', 'BT', '...</msg>
<var>${list_country}</var>
<arg>AD</arg>
<arg>AE</arg>
<arg>AF</arg>
<arg>AG</arg>
<arg>AI</arg>
<arg>AL</arg>
<arg>AM</arg>
<arg>AO</arg>
<arg>AQ</arg>
<arg>AR</arg>
<arg>AS</arg>
<arg>AT</arg>
<arg>AU</arg>
<arg>AW</arg>
<arg>AX</arg>
<arg>AZ</arg>
<arg>BA</arg>
<arg>BB</arg>
<arg>BD</arg>
<arg>BE</arg>
<arg>BF</arg>
<arg>BG</arg>
<arg>BH</arg>
<arg>BI</arg>
<arg>BJ</arg>
<arg>BL</arg>
<arg>BM</arg>
<arg>BN</arg>
<arg>BO</arg>
<arg>BQ</arg>
<arg>BR</arg>
<arg>BS</arg>
<arg>BT</arg>
<arg>BV</arg>
<arg>BW</arg>
<arg>BY</arg>
<arg>BZ</arg>
<arg>CA</arg>
<arg>CC</arg>
<arg>CD</arg>
<arg>CF</arg>
<arg>CG</arg>
<arg>CH</arg>
<arg>CI</arg>
<arg>CK</arg>
<arg>CL</arg>
<arg>CM</arg>
<arg>CN</arg>
<arg>CO</arg>
<arg>CR</arg>
<arg>CU</arg>
<arg>CV</arg>
<arg>CW</arg>
<arg>CX</arg>
<arg>CY</arg>
<arg>CZ</arg>
<arg>DE</arg>
<arg>DJ</arg>
<arg>DK</arg>
<arg>DM</arg>
<arg>DO</arg>
<arg>DZ</arg>
<arg>EC</arg>
<arg>EE</arg>
<arg>EG</arg>
<arg>EH</arg>
<arg>ER</arg>
<arg>ES</arg>
<arg>ET</arg>
<arg>FI</arg>
<arg>FJ</arg>
<arg>FK</arg>
<arg>FM</arg>
<arg>FO</arg>
<arg>FR</arg>
<arg>GA</arg>
<arg>GB</arg>
<arg>GD</arg>
<arg>GE</arg>
<arg>GF</arg>
<arg>GG</arg>
<arg>GH</arg>
<arg>GI</arg>
<arg>GL</arg>
<arg>GM</arg>
<arg>GN</arg>
<arg>GP</arg>
<arg>GQ</arg>
<arg>GR</arg>
<arg>GS</arg>
<arg>GT</arg>
<arg>GU</arg>
<arg>GW</arg>
<arg>GY</arg>
<arg>HK</arg>
<arg>HM</arg>
<arg>HN</arg>
<arg>HR</arg>
<arg>HT</arg>
<arg>HU</arg>
<arg>ID</arg>
<arg>IE</arg>
<arg>IL</arg>
<arg>IM</arg>
<arg>IN</arg>
<arg>IO</arg>
<arg>IQ</arg>
<arg>IR</arg>
<arg>IS</arg>
<arg>IT</arg>
<arg>JE</arg>
<arg>JM</arg>
<arg>JO</arg>
<arg>JP</arg>
<arg>KE</arg>
<arg>KG</arg>
<arg>KH</arg>
<arg>KI</arg>
<arg>KM</arg>
<arg>KN</arg>
<arg>KP</arg>
<arg>KR</arg>
<arg>KW</arg>
<arg>KY</arg>
<arg>KZ</arg>
<arg>LA</arg>
<arg>LB</arg>
<arg>LC</arg>
<arg>LI</arg>
<arg>LK</arg>
<arg>LR</arg>
<arg>LS</arg>
<arg>LT</arg>
<arg>LU</arg>
<arg>LV</arg>
<arg>LY</arg>
<arg>MA</arg>
<arg>MC</arg>
<arg>MD</arg>
<arg>ME</arg>
<arg>MF</arg>
<arg>MG</arg>
<arg>MH</arg>
<arg>MK</arg>
<arg>ML</arg>
<arg>MM</arg>
<arg>MN</arg>
<arg>MO</arg>
<arg>MP</arg>
<arg>MQ</arg>
<arg>MR</arg>
<arg>MS</arg>
<arg>MT</arg>
<arg>MU</arg>
<arg>MV</arg>
<arg>MW</arg>
<arg>MX</arg>
<arg>MY</arg>
<arg>MZ</arg>
<arg>NA</arg>
<arg>NC</arg>
<arg>NE</arg>
<arg>NF</arg>
<arg>NG</arg>
<arg>NI</arg>
<arg>NL</arg>
<arg>NO</arg>
<arg>NP</arg>
<arg>NR</arg>
<arg>NU</arg>
<arg>NZ</arg>
<arg>OM</arg>
<arg>PA</arg>
<arg>PE</arg>
<arg>PF</arg>
<arg>PG</arg>
<arg>PH</arg>
<arg>PK</arg>
<arg>PL</arg>
<arg>PM</arg>
<arg>PN</arg>
<arg>PR</arg>
<arg>PS</arg>
<arg>PT</arg>
<arg>PW</arg>
<arg>PY</arg>
<arg>QA</arg>
<arg>RE</arg>
<arg>RO</arg>
<arg>RS</arg>
<arg>RU</arg>
<arg>RW</arg>
<arg>SA</arg>
<arg>SB</arg>
<arg>SC</arg>
<arg>SD</arg>
<arg>SE</arg>
<arg>SG</arg>
<arg>SH</arg>
<arg>SI</arg>
<arg>SJ</arg>
<arg>SK</arg>
<arg>SL</arg>
<arg>SM</arg>
<arg>SN</arg>
<arg>SO</arg>
<arg>SR</arg>
<arg>SS</arg>
<arg>ST</arg>
<arg>SV</arg>
<arg>SX</arg>
<arg>SY</arg>
<arg>SZ</arg>
<arg>TC</arg>
<arg>TD</arg>
<arg>TF</arg>
<arg>TG</arg>
<arg>TH</arg>
<arg>TJ</arg>
<arg>TK</arg>
<arg>TL</arg>
<arg>TM</arg>
<arg>TN</arg>
<arg>TO</arg>
<arg>TR</arg>
<arg>TT</arg>
<arg>TV</arg>
<arg>TW</arg>
<arg>TZ</arg>
<arg>UA</arg>
<arg>UG</arg>
<arg>UM</arg>
<arg>US</arg>
<arg>UY</arg>
<arg>UZ</arg>
<arg>VA</arg>
<arg>VC</arg>
<arg>VE</arg>
<arg>VG</arg>
<arg>VI</arg>
<arg>VN</arg>
<arg>VU</arg>
<arg>WF</arg>
<arg>WS</arg>
<arg>XK</arg>
<arg>YE</arg>
<arg>YT</arg>
<arg>ZA</arg>
<arg>ZM</arg>
<arg>ZW</arg>
<doc>Returns a list containing given items.</doc>
<status status="PASS" start="2024-08-07T20:16:39.571563" elapsed="0.000620"/>
</kw>
<kw name="List Should Contain Value" owner="Collections">
<arg>${list_country}</arg>
<arg>${name_country}</arg>
<doc>Fails if the ``value`` is not found from ``list``.</doc>
<status status="PASS" start="2024-08-07T20:16:39.573100" elapsed="0.000215"/>
</kw>
<kw name="Run Keyword If" owner="BuiltIn">
<kw name="Should Be True" owner="BuiltIn">
<arg>${True}</arg>
<doc>Fails if the given condition is not true.</doc>
<status status="PASS" start="2024-08-07T20:16:39.574240" elapsed="0.000141"/>
</kw>
<arg>${json_data["results"][0]["location"]["coordinates"]["latitude"]} &gt;= -90 and ${json_data["results"][0]["location"]["coordinates"]["latitude"]} &lt;= 90</arg>
<arg>Should Be True</arg>
<arg>${True}</arg>
<doc>Runs the given keyword with the given arguments, if ``condition`` is true.</doc>
<status status="PASS" start="2024-08-07T20:16:39.573511" elapsed="0.000994"/>
</kw>
<kw name="Run Keyword If" owner="BuiltIn">
<kw name="Should Be True" owner="BuiltIn">
<arg>${True}</arg>
<doc>Fails if the given condition is not true.</doc>
<status status="PASS" start="2024-08-07T20:16:39.575377" elapsed="0.000138"/>
</kw>
<arg>${json_data["results"][0]["location"]["coordinates"]["longitude"]} &gt;= -180 and ${json_data["results"][0]["location"]["coordinates"]["longitude"]} &lt;= 180</arg>
<arg>Should Be True</arg>
<arg>${True}</arg>
<doc>Runs the given keyword with the given arguments, if ``condition`` is true.</doc>
<status status="PASS" start="2024-08-07T20:16:39.574679" elapsed="0.000958"/>
</kw>
<status status="PASS" start="2024-08-07T20:16:39.469939" elapsed="0.105824"/>
</kw>
<doc>Testa o conteúdo específico dos campos retornados pela API.</doc>
<tag>testeConteudo</tag>
<status status="PASS" start="2024-08-07T20:16:39.469428" elapsed="0.106475"/>
</test>
<status status="PASS" start="2024-08-07T20:16:38.680923" elapsed="0.896877"/>
</suite>
<status status="PASS" start="2024-08-07T20:16:38.666314" elapsed="0.916541"/>
</suite>
<statistics>
<total>
<stat pass="5" fail="0" skip="0">All Tests</stat>
</total>
<tag>
<stat pass="1" fail="0" skip="0">testeConteudo</stat>
<stat pass="1" fail="0" skip="0">testeEstruturaResposta</stat>
<stat pass="1" fail="0" skip="0">testeRequisicaoBasica</stat>
<stat pass="1" fail="0" skip="0">testeTiposDados</stat>
</tag>
<suite>
<stat pass="5" fail="0" skip="0" id="s1" name="Tests">Tests</stat>
<stat pass="5" fail="0" skip="0" id="s1-s1" name="Random-User-Test">Tests.Random-User-Test</stat>
</suite>
</statistics>
<errors>
</errors>
</robot>
