<?xml version="1.0" encoding="UTF-8"?>
<robot generator="Robot 7.0 (Python 3.12.3 on linux)" generated="2024-05-02T09:14:49.254362" rpa="false" schemaversion="5">
<suite id="s1" name="Tests" source="/home/runner/work/DesafioQAItauRogerioJordao/DesafioQAItauRogerioJordao/RamdonUser/tests">
<suite id="s1-s1" name="Random-User-Test" source="/home/runner/work/DesafioQAItauRogerioJordao/DesafioQAItauRogerioJordao/RamdonUser/tests/random-user-test.robot">
<test id="s1-s1-t1" name="Conectar" line="13">
<kw name="Conectar API" owner="random-user-service">
<kw name="Create Session" owner="RequestsLibrary">
<msg time="2024-05-02T09:14:49.672354" level="INFO">Creating Session using : alias=consultarAPI, url=https://randomuser.me/, headers={},                     cookies={}, auth=None, timeout=None, proxies=None, verify=False,                     debug=0 </msg>
<arg>consultarAPI</arg>
<arg>${URL}</arg>
<doc>Create Session: create a HTTP session to a server</doc>
<status status="PASS" start="2024-05-02T09:14:49.672130" elapsed="0.000428"/>
</kw>
<status status="PASS" start="2024-05-02T09:14:49.671081" elapsed="0.001912"/>
</kw>
<status status="PASS" start="2024-05-02T09:14:49.670479" elapsed="0.002715"/>
</test>
<test id="s1-s1-t2" name="Validar retorno 200 e JSON Válido" line="16">
<kw name="Teste de Requisicao Basica" owner="random-user-service">
<kw name="GET On Session" owner="RequestsLibrary">
<msg time="2024-05-02T09:14:49.745412" level="INFO">GET Request : url=https://randomuser.me/api 
 path_url=/api 
 headers={'User-Agent': 'python-requests/2.31.0', 'Accept-Encoding': 'gzip, deflate', 'Accept': '*/*', 'Connection': 'keep-alive'} 
 body=None 
 </msg>
<msg time="2024-05-02T09:14:49.745597" level="INFO">GET Response : url=https://randomuser.me/api 
 status=200, reason=OK 
 headers={'Date': 'Thu, 02 May 2024 09:14:49 GMT', 'Content-Type': 'application/json; charset=utf-8', 'Transfer-Encoding': 'chunked', 'Connection': 'keep-alive', 'X-Powered-By': 'Express', 'Access-Control-Allow-Origin': '*', 'Cache-Control': 'no-cache', 'ETag': 'W/"47a-A5WzTiZLZ9O7BhlTO+FD4oUGlvg"', 'Vary': 'Accept-Encoding', 'Content-Encoding': 'gzip', 'CF-Cache-Status': 'DYNAMIC', 'Report-To': '{"endpoints":[{"url":"https:\\/\\/a.nel.cloudflare.com\\/report\\/v4?s=xSEACAwMWcu3jck7%2BOP%2BmH7y9NnwJF%2Fs7BChzbsdfkRTIT169SqvKR1CwT734m6cjaovYBLgTKrNVF%2BMoz1neDOGmJjqDgHso4m%2BLnRMs%2Fg7zk7xpoq%2BYNO441e56g6H"}],"group":"cf-nel","max_age":604800}', 'NEL': '{"success_fraction":0,"report_to":"cf-nel","max_age":604800}', 'Server': 'cloudflare', 'CF-RAY': '87d6e73cbb2f07c5-IAD', 'alt-svc': 'h3=":443"; ma=86400'} 
 body={"results":[{"gender":"female","name":{"title":"Ms","first":"Caitlin","last":"Beck"},"location":{"street":{"number":1509,"name":"Park Avenue"},"city":"Dundalk","state":"Kerry","country":"Ireland","postcode":49518,"coordinates":{"latitude":"-2.7881","longitude":"71.8436"},"timezone":{"offset":"-12:00","description":"Eniwetok, Kwajalein"}},"email":"caitlin.beck@example.com","login":{"uuid":"20d02956-790e-43ac-84f1-40b64fe46415","username":"bigelephant137","password":"yyyyyy","salt":"Kc5mOUqs","md5":"76f1fd48b8c397e2a01fc3f8ac63f596","sha1":"75bf958a6d42fb5494b6091aaee89dfa302cf273","sha256":"52f82cdc8f2c1e17bcfca658293b5521e553d8c949882acf4f3939373fe76623"},"dob":{"date":"1983-10-16T23:33:36.965Z","age":40},"registered":{"date":"2010-01-08T15:50:56.017Z","age":14},"phone":"071-824-2130","cell":"081-137-7908","id":{"name":"PPS","value":"9868703T"},"picture":{"large":"https://randomuser.me/api/portraits/women/27.jpg","medium":"https://randomuser.me/api/portraits/med/women/27.jpg","thumbnail":"https://randomuser.me/api/portraits/thumb/women/27.jpg"},"nat":"IE"}],"info":{"seed":"7654c85823379584","results":1,"page":1,"version":"1.4"}} 
 </msg>
<msg time="2024-05-02T09:14:49.745700" level="INFO">/opt/hostedtoolcache/Python/3.12.3/x64/lib/python3.12/site-packages/urllib3/connectionpool.py:1103: InsecureRequestWarning: Unverified HTTPS request is being made to host 'randomuser.me'. Adding certificate verification is strongly advised. See: https://urllib3.readthedocs.io/en/latest/advanced-usage.html#tls-warnings
  warnings.warn(</msg>
<msg time="2024-05-02T09:14:49.745877" level="INFO">${response} = &lt;Response [200]&gt;</msg>
<var>${response}</var>
<arg>consultarAPI</arg>
<arg>/api</arg>
<doc>Sends a GET request on a previously created HTTP Session.</doc>
<status status="PASS" start="2024-05-02T09:14:49.675932" elapsed="0.069991"/>
</kw>
<kw name="Should Be Equal As Numbers" owner="BuiltIn">
<msg time="2024-05-02T09:14:49.747015" level="INFO">Argument types are:
&lt;class 'int'&gt;
&lt;class 'str'&gt;</msg>
<arg>${response.status_code}</arg>
<arg>200</arg>
<doc>Fails if objects are unequal after converting them to real numbers.</doc>
<status status="PASS" start="2024-05-02T09:14:49.746516" elapsed="0.000570"/>
</kw>
<kw name="Log" owner="BuiltIn">
<msg time="2024-05-02T09:14:49.747869" level="INFO">200</msg>
<arg>${response.status_code}</arg>
<doc>Logs the given message with the given level.</doc>
<status status="PASS" start="2024-05-02T09:14:49.747479" elapsed="0.000434"/>
</kw>
<kw name="Set Variable" owner="BuiltIn">
<msg time="2024-05-02T09:14:49.748755" level="INFO">${json_data} = {'results': [{'gender': 'female', 'name': {'title': 'Ms', 'first': 'Caitlin', 'last': 'Beck'}, 'location': {'street': {'number': 1509, 'name': 'Park Avenue'}, 'city': 'Dundalk', 'state': 'Kerry', 'cou...</msg>
<var>${json_data}</var>
<arg>${response.json()}</arg>
<doc>Returns the given values which can then be assigned to a variables.</doc>
<status status="PASS" start="2024-05-02T09:14:49.748240" elapsed="0.000545"/>
</kw>
<kw name="Dictionary Should Contain Key" owner="Collections">
<msg time="2024-05-02T09:14:49.749281" level="INFO">False</msg>
<arg>${json_data}</arg>
<arg>results</arg>
<doc>Fails if ``key`` is not found from ``dictionary``.</doc>
<status status="PASS" start="2024-05-02T09:14:49.749103" elapsed="0.000219"/>
</kw>
<status status="PASS" start="2024-05-02T09:14:49.675672" elapsed="0.073917"/>
</kw>
<doc>Testa se a API responde corretamente e retorna um objeto JSON válido.</doc>
<tag>testeRequisicaoBasica</tag>
<status status="PASS" start="2024-05-02T09:14:49.675108" elapsed="0.074672"/>
</test>
<test id="s1-s1-t3" name="Validar estrutura de resposta" line="22">
<kw name="Teste de Estrutura de Resposta" owner="random-user-service">
<kw name="GET On Session" owner="RequestsLibrary">
<msg time="2024-05-02T09:14:49.846734" level="INFO">GET Request : url=https://randomuser.me/api 
 path_url=/api 
 headers={'User-Agent': 'python-requests/2.31.0', 'Accept-Encoding': 'gzip, deflate', 'Accept': '*/*', 'Connection': 'keep-alive'} 
 body=None 
 </msg>
<msg time="2024-05-02T09:14:49.846851" level="INFO">GET Response : url=https://randomuser.me/api 
 status=200, reason=OK 
 headers={'Date': 'Thu, 02 May 2024 09:14:49 GMT', 'Content-Type': 'application/json; charset=utf-8', 'Transfer-Encoding': 'chunked', 'Connection': 'keep-alive', 'X-Powered-By': 'Express', 'Access-Control-Allow-Origin': '*', 'Cache-Control': 'no-cache', 'ETag': 'W/"48b-6EpNehCW571K3a75bAje+0Hjk7o"', 'Vary': 'Accept-Encoding', 'Content-Encoding': 'gzip', 'CF-Cache-Status': 'DYNAMIC', 'Report-To': '{"endpoints":[{"url":"https:\\/\\/a.nel.cloudflare.com\\/report\\/v4?s=Mk6PqgVvyC3vMO%2FPegs5GhB%2FnoD18AojeiMduY4AocMRWbLmOD2UUlJJNfQg9yCYc8jwvsoQIhqRJH6mOuTb4ZB3cahc0VP%2FeUbNrBx5Cm94G0YU7%2BCE2Mjv0qbwUFcs"}],"group":"cf-nel","max_age":604800}', 'NEL': '{"success_fraction":0,"report_to":"cf-nel","max_age":604800}', 'Server': 'cloudflare', 'CF-RAY': '87d6e73cfb6507c5-IAD', 'alt-svc': 'h3=":443"; ma=86400'} 
 body={"results":[{"gender":"female","name":{"title":"Miss","first":"Birgit","last":"Kleinschmidt"},"location":{"street":{"number":6677,"name":"Am Bahnhof"},"city":"Obernkirchen","state":"Hessen","country":"Germany","postcode":74016,"coordinates":{"latitude":"-48.1175","longitude":"46.7074"},"timezone":{"offset":"-9:00","description":"Alaska"}},"email":"birgit.kleinschmidt@example.com","login":{"uuid":"2741a0a6-b67e-48d9-9c5f-442e338f9e99","username":"yellowelephant340","password":"elite","salt":"zC5F2M2U","md5":"343f8867839c286a795894100fdb662b","sha1":"a60ba9d167cdd9851d1cf6d08ac6a1662bf4fee0","sha256":"41affcbdbbdb48933c010a66d1bf4784dd33a54dbb3e916575f5039070833385"},"dob":{"date":"1952-02-16T13:03:25.412Z","age":72},"registered":{"date":"2020-11-18T21:14:59.532Z","age":3},"phone":"0259-5966151","cell":"0177-5889138","id":{"name":"SVNR","value":"26 160252 K 602"},"picture":{"large":"https://randomuser.me/api/portraits/women/21.jpg","medium":"https://randomuser.me/api/portraits/med/women/21.jpg","thumbnail":"https://randomuser.me/api/portraits/thumb/women/21.jpg"},"nat":"DE"}],"info":{"seed":"666f1a93a982558e","results":1,"page":1,"version":"1.4"}} 
 </msg>
<msg time="2024-05-02T09:14:49.846999" level="INFO">/opt/hostedtoolcache/Python/3.12.3/x64/lib/python3.12/site-packages/urllib3/connectionpool.py:1103: InsecureRequestWarning: Unverified HTTPS request is being made to host 'randomuser.me'. Adding certificate verification is strongly advised. See: https://urllib3.readthedocs.io/en/latest/advanced-usage.html#tls-warnings
  warnings.warn(</msg>
<msg time="2024-05-02T09:14:49.847159" level="INFO">${response} = &lt;Response [200]&gt;</msg>
<var>${response}</var>
<arg>consultarAPI</arg>
<arg>/api</arg>
<doc>Sends a GET request on a previously created HTTP Session.</doc>
<status status="PASS" start="2024-05-02T09:14:49.752662" elapsed="0.094543"/>
</kw>
<kw name="Set Variable" owner="BuiltIn">
<msg time="2024-05-02T09:14:49.848324" level="INFO">${json_data} = {'results': [{'gender': 'female', 'name': {'title': 'Miss', 'first': 'Birgit', 'last': 'Kleinschmidt'}, 'location': {'street': {'number': 6677, 'name': 'Am Bahnhof'}, 'city': 'Obernkirchen', 'state': ...</msg>
<var>${json_data}</var>
<arg>${response.json()}</arg>
<doc>Returns the given values which can then be assigned to a variables.</doc>
<status status="PASS" start="2024-05-02T09:14:49.847768" elapsed="0.000587"/>
</kw>
<kw name="Log" owner="BuiltIn">
<msg time="2024-05-02T09:14:49.848946" level="INFO">{'results': [{'gender': 'female', 'name': {'title': 'Miss', 'first': 'Birgit', 'last': 'Kleinschmidt'}, 'location': {'street': {'number': 6677, 'name': 'Am Bahnhof'}, 'city': 'Obernkirchen', 'state': 'Hessen', 'country': 'Germany', 'postcode': 74016, 'coordinates': {'latitude': '-48.1175', 'longitude': '46.7074'}, 'timezone': {'offset': '-9:00', 'description': 'Alaska'}}, 'email': 'birgit.kleinschmidt@example.com', 'login': {'uuid': '2741a0a6-b67e-48d9-9c5f-442e338f9e99', 'username': 'yellowelephant340', 'password': 'elite', 'salt': 'zC5F2M2U', 'md5': '343f8867839c286a795894100fdb662b', 'sha1': 'a60ba9d167cdd9851d1cf6d08ac6a1662bf4fee0', 'sha256': '41affcbdbbdb48933c010a66d1bf4784dd33a54dbb3e916575f5039070833385'}, 'dob': {'date': '1952-02-16T13:03:25.412Z', 'age': 72}, 'registered': {'date': '2020-11-18T21:14:59.532Z', 'age': 3}, 'phone': '0259-5966151', 'cell': '0177-5889138', 'id': {'name': 'SVNR', 'value': '26 160252 K 602'}, 'picture': {'large': 'https://randomuser.me/api/portraits/women/21.jpg', 'medium': 'https://randomuser.me/api/portraits/med/women/21.jpg', 'thumbnail': 'https://randomuser.me/api/portraits/thumb/women/21.jpg'}, 'nat': 'DE'}], 'info': {'seed': '666f1a93a982558e', 'results': 1, 'page': 1, 'version': '1.4'}}</msg>
<arg>${json_data}</arg>
<doc>Logs the given message with the given level.</doc>
<status status="PASS" start="2024-05-02T09:14:49.848757" elapsed="0.000242"/>
</kw>
<kw name="Dictionary Should Contain Key" owner="Collections">
<msg time="2024-05-02T09:14:49.849505" level="INFO">False</msg>
<arg>${json_data}</arg>
<arg>results</arg>
<doc>Fails if ``key`` is not found from ``dictionary``.</doc>
<status status="PASS" start="2024-05-02T09:14:49.849333" elapsed="0.000212"/>
</kw>
<kw name="Should Not Be Empty" owner="BuiltIn">
<msg time="2024-05-02T09:14:49.849992" level="INFO">Length is 2.</msg>
<arg>${json_data}</arg>
<doc>Verifies that the given item is not empty.</doc>
<status status="PASS" start="2024-05-02T09:14:49.849852" elapsed="0.000180"/>
</kw>
<kw name="Create List" owner="BuiltIn">
<msg time="2024-05-02T09:14:49.850675" level="INFO">${expected_keys} = ['gender', 'name', 'location', 'email', 'login']</msg>
<var>${expected_keys}</var>
<arg>gender</arg>
<arg>name</arg>
<arg>location</arg>
<arg>email</arg>
<arg>login</arg>
<doc>Returns a list containing given items.</doc>
<status status="PASS" start="2024-05-02T09:14:49.850330" elapsed="0.000372"/>
</kw>
<for flavor="IN">
<iter>
<kw name="Dictionary Should Contain Key" owner="Collections">
<msg time="2024-05-02T09:14:49.851761" level="INFO">False</msg>
<arg>${json_data['results'][0]}</arg>
<arg>${key}</arg>
<doc>Fails if ``key`` is not found from ``dictionary``.</doc>
<status status="PASS" start="2024-05-02T09:14:49.851335" elapsed="0.000465"/>
</kw>
<kw name="Log" owner="BuiltIn">
<msg time="2024-05-02T09:14:49.852490" level="INFO">{'gender': 'female', 'name': {'title': 'Miss', 'first': 'Birgit', 'last': 'Kleinschmidt'}, 'location': {'street': {'number': 6677, 'name': 'Am Bahnhof'}, 'city': 'Obernkirchen', 'state': 'Hessen', 'country': 'Germany', 'postcode': 74016, 'coordinates': {'latitude': '-48.1175', 'longitude': '46.7074'}, 'timezone': {'offset': '-9:00', 'description': 'Alaska'}}, 'email': 'birgit.kleinschmidt@example.com', 'login': {'uuid': '2741a0a6-b67e-48d9-9c5f-442e338f9e99', 'username': 'yellowelephant340', 'password': 'elite', 'salt': 'zC5F2M2U', 'md5': '343f8867839c286a795894100fdb662b', 'sha1': 'a60ba9d167cdd9851d1cf6d08ac6a1662bf4fee0', 'sha256': '41affcbdbbdb48933c010a66d1bf4784dd33a54dbb3e916575f5039070833385'}, 'dob': {'date': '1952-02-16T13:03:25.412Z', 'age': 72}, 'registered': {'date': '2020-11-18T21:14:59.532Z', 'age': 3}, 'phone': '0259-5966151', 'cell': '0177-5889138', 'id': {'name': 'SVNR', 'value': '26 160252 K 602'}, 'picture': {'large': 'https://randomuser.me/api/portraits/women/21.jpg', 'medium': 'https://randomuser.me/api/portraits/med/women/21.jpg', 'thumbnail': 'https://randomuser.me/api/portraits/thumb/women/21.jpg'}, 'nat': 'DE'}</msg>
<arg>${json_data['results'][0]}</arg>
<doc>Logs the given message with the given level.</doc>
<status status="PASS" start="2024-05-02T09:14:49.852111" elapsed="0.000427"/>
</kw>
<kw name="Log" owner="BuiltIn">
<msg time="2024-05-02T09:14:49.853007" level="INFO">gender</msg>
<arg>${key}</arg>
<doc>Logs the given message with the given level.</doc>
<status status="PASS" start="2024-05-02T09:14:49.852877" elapsed="0.000167"/>
</kw>
<var name="${key}">gender</var>
<status status="PASS" start="2024-05-02T09:14:49.851205" elapsed="0.002055"/>
</iter>
<iter>
<kw name="Dictionary Should Contain Key" owner="Collections">
<msg time="2024-05-02T09:14:49.853982" level="INFO">False</msg>
<arg>${json_data['results'][0]}</arg>
<arg>${key}</arg>
<doc>Fails if ``key`` is not found from ``dictionary``.</doc>
<status status="PASS" start="2024-05-02T09:14:49.853580" elapsed="0.000441"/>
</kw>
<kw name="Log" owner="BuiltIn">
<msg time="2024-05-02T09:14:49.854737" level="INFO">{'gender': 'female', 'name': {'title': 'Miss', 'first': 'Birgit', 'last': 'Kleinschmidt'}, 'location': {'street': {'number': 6677, 'name': 'Am Bahnhof'}, 'city': 'Obernkirchen', 'state': 'Hessen', 'country': 'Germany', 'postcode': 74016, 'coordinates': {'latitude': '-48.1175', 'longitude': '46.7074'}, 'timezone': {'offset': '-9:00', 'description': 'Alaska'}}, 'email': 'birgit.kleinschmidt@example.com', 'login': {'uuid': '2741a0a6-b67e-48d9-9c5f-442e338f9e99', 'username': 'yellowelephant340', 'password': 'elite', 'salt': 'zC5F2M2U', 'md5': '343f8867839c286a795894100fdb662b', 'sha1': 'a60ba9d167cdd9851d1cf6d08ac6a1662bf4fee0', 'sha256': '41affcbdbbdb48933c010a66d1bf4784dd33a54dbb3e916575f5039070833385'}, 'dob': {'date': '1952-02-16T13:03:25.412Z', 'age': 72}, 'registered': {'date': '2020-11-18T21:14:59.532Z', 'age': 3}, 'phone': '0259-5966151', 'cell': '0177-5889138', 'id': {'name': 'SVNR', 'value': '26 160252 K 602'}, 'picture': {'large': 'https://randomuser.me/api/portraits/women/21.jpg', 'medium': 'https://randomuser.me/api/portraits/med/women/21.jpg', 'thumbnail': 'https://randomuser.me/api/portraits/thumb/women/21.jpg'}, 'nat': 'DE'}</msg>
<arg>${json_data['results'][0]}</arg>
<doc>Logs the given message with the given level.</doc>
<status status="PASS" start="2024-05-02T09:14:49.854360" elapsed="0.000426"/>
</kw>
<kw name="Log" owner="BuiltIn">
<msg time="2024-05-02T09:14:49.855228" level="INFO">name</msg>
<arg>${key}</arg>
<doc>Logs the given message with the given level.</doc>
<status status="PASS" start="2024-05-02T09:14:49.855097" elapsed="0.000171"/>
</kw>
<var name="${key}">name</var>
<status status="PASS" start="2024-05-02T09:14:49.853455" elapsed="0.002036"/>
</iter>
<iter>
<kw name="Dictionary Should Contain Key" owner="Collections">
<msg time="2024-05-02T09:14:49.856190" level="INFO">False</msg>
<arg>${json_data['results'][0]}</arg>
<arg>${key}</arg>
<doc>Fails if ``key`` is not found from ``dictionary``.</doc>
<status status="PASS" start="2024-05-02T09:14:49.855796" elapsed="0.000432"/>
</kw>
<kw name="Log" owner="BuiltIn">
<msg time="2024-05-02T09:14:49.856942" level="INFO">{'gender': 'female', 'name': {'title': 'Miss', 'first': 'Birgit', 'last': 'Kleinschmidt'}, 'location': {'street': {'number': 6677, 'name': 'Am Bahnhof'}, 'city': 'Obernkirchen', 'state': 'Hessen', 'country': 'Germany', 'postcode': 74016, 'coordinates': {'latitude': '-48.1175', 'longitude': '46.7074'}, 'timezone': {'offset': '-9:00', 'description': 'Alaska'}}, 'email': 'birgit.kleinschmidt@example.com', 'login': {'uuid': '2741a0a6-b67e-48d9-9c5f-442e338f9e99', 'username': 'yellowelephant340', 'password': 'elite', 'salt': 'zC5F2M2U', 'md5': '343f8867839c286a795894100fdb662b', 'sha1': 'a60ba9d167cdd9851d1cf6d08ac6a1662bf4fee0', 'sha256': '41affcbdbbdb48933c010a66d1bf4784dd33a54dbb3e916575f5039070833385'}, 'dob': {'date': '1952-02-16T13:03:25.412Z', 'age': 72}, 'registered': {'date': '2020-11-18T21:14:59.532Z', 'age': 3}, 'phone': '0259-5966151', 'cell': '0177-5889138', 'id': {'name': 'SVNR', 'value': '26 160252 K 602'}, 'picture': {'large': 'https://randomuser.me/api/portraits/women/21.jpg', 'medium': 'https://randomuser.me/api/portraits/med/women/21.jpg', 'thumbnail': 'https://randomuser.me/api/portraits/thumb/women/21.jpg'}, 'nat': 'DE'}</msg>
<arg>${json_data['results'][0]}</arg>
<doc>Logs the given message with the given level.</doc>
<status status="PASS" start="2024-05-02T09:14:49.856531" elapsed="0.000462"/>
</kw>
<kw name="Log" owner="BuiltIn">
<msg time="2024-05-02T09:14:49.857427" level="INFO">location</msg>
<arg>${key}</arg>
<doc>Logs the given message with the given level.</doc>
<status status="PASS" start="2024-05-02T09:14:49.857298" elapsed="0.000169"/>
</kw>
<var name="${key}">location</var>
<status status="PASS" start="2024-05-02T09:14:49.855679" elapsed="0.002009"/>
</iter>
<iter>
<kw name="Dictionary Should Contain Key" owner="Collections">
<msg time="2024-05-02T09:14:49.858370" level="INFO">False</msg>
<arg>${json_data['results'][0]}</arg>
<arg>${key}</arg>
<doc>Fails if ``key`` is not found from ``dictionary``.</doc>
<status status="PASS" start="2024-05-02T09:14:49.857979" elapsed="0.000430"/>
</kw>
<kw name="Log" owner="BuiltIn">
<msg time="2024-05-02T09:14:49.859075" level="INFO">{'gender': 'female', 'name': {'title': 'Miss', 'first': 'Birgit', 'last': 'Kleinschmidt'}, 'location': {'street': {'number': 6677, 'name': 'Am Bahnhof'}, 'city': 'Obernkirchen', 'state': 'Hessen', 'country': 'Germany', 'postcode': 74016, 'coordinates': {'latitude': '-48.1175', 'longitude': '46.7074'}, 'timezone': {'offset': '-9:00', 'description': 'Alaska'}}, 'email': 'birgit.kleinschmidt@example.com', 'login': {'uuid': '2741a0a6-b67e-48d9-9c5f-442e338f9e99', 'username': 'yellowelephant340', 'password': 'elite', 'salt': 'zC5F2M2U', 'md5': '343f8867839c286a795894100fdb662b', 'sha1': 'a60ba9d167cdd9851d1cf6d08ac6a1662bf4fee0', 'sha256': '41affcbdbbdb48933c010a66d1bf4784dd33a54dbb3e916575f5039070833385'}, 'dob': {'date': '1952-02-16T13:03:25.412Z', 'age': 72}, 'registered': {'date': '2020-11-18T21:14:59.532Z', 'age': 3}, 'phone': '0259-5966151', 'cell': '0177-5889138', 'id': {'name': 'SVNR', 'value': '26 160252 K 602'}, 'picture': {'large': 'https://randomuser.me/api/portraits/women/21.jpg', 'medium': 'https://randomuser.me/api/portraits/med/women/21.jpg', 'thumbnail': 'https://randomuser.me/api/portraits/thumb/women/21.jpg'}, 'nat': 'DE'}</msg>
<arg>${json_data['results'][0]}</arg>
<doc>Logs the given message with the given level.</doc>
<status status="PASS" start="2024-05-02T09:14:49.858712" elapsed="0.000412"/>
</kw>
<kw name="Log" owner="BuiltIn">
<msg time="2024-05-02T09:14:49.859553" level="INFO">email</msg>
<arg>${key}</arg>
<doc>Logs the given message with the given level.</doc>
<status status="PASS" start="2024-05-02T09:14:49.859424" elapsed="0.000168"/>
</kw>
<var name="${key}">email</var>
<status status="PASS" start="2024-05-02T09:14:49.857864" elapsed="0.001950"/>
</iter>
<iter>
<kw name="Dictionary Should Contain Key" owner="Collections">
<msg time="2024-05-02T09:14:49.860501" level="INFO">False</msg>
<arg>${json_data['results'][0]}</arg>
<arg>${key}</arg>
<doc>Fails if ``key`` is not found from ``dictionary``.</doc>
<status status="PASS" start="2024-05-02T09:14:49.860105" elapsed="0.000435"/>
</kw>
<kw name="Log" owner="BuiltIn">
<msg time="2024-05-02T09:14:49.861236" level="INFO">{'gender': 'female', 'name': {'title': 'Miss', 'first': 'Birgit', 'last': 'Kleinschmidt'}, 'location': {'street': {'number': 6677, 'name': 'Am Bahnhof'}, 'city': 'Obernkirchen', 'state': 'Hessen', 'country': 'Germany', 'postcode': 74016, 'coordinates': {'latitude': '-48.1175', 'longitude': '46.7074'}, 'timezone': {'offset': '-9:00', 'description': 'Alaska'}}, 'email': 'birgit.kleinschmidt@example.com', 'login': {'uuid': '2741a0a6-b67e-48d9-9c5f-442e338f9e99', 'username': 'yellowelephant340', 'password': 'elite', 'salt': 'zC5F2M2U', 'md5': '343f8867839c286a795894100fdb662b', 'sha1': 'a60ba9d167cdd9851d1cf6d08ac6a1662bf4fee0', 'sha256': '41affcbdbbdb48933c010a66d1bf4784dd33a54dbb3e916575f5039070833385'}, 'dob': {'date': '1952-02-16T13:03:25.412Z', 'age': 72}, 'registered': {'date': '2020-11-18T21:14:59.532Z', 'age': 3}, 'phone': '0259-5966151', 'cell': '0177-5889138', 'id': {'name': 'SVNR', 'value': '26 160252 K 602'}, 'picture': {'large': 'https://randomuser.me/api/portraits/women/21.jpg', 'medium': 'https://randomuser.me/api/portraits/med/women/21.jpg', 'thumbnail': 'https://randomuser.me/api/portraits/thumb/women/21.jpg'}, 'nat': 'DE'}</msg>
<arg>${json_data['results'][0]}</arg>
<doc>Logs the given message with the given level.</doc>
<status status="PASS" start="2024-05-02T09:14:49.860862" elapsed="0.000423"/>
</kw>
<kw name="Log" owner="BuiltIn">
<msg time="2024-05-02T09:14:49.861717" level="INFO">login</msg>
<arg>${key}</arg>
<doc>Logs the given message with the given level.</doc>
<status status="PASS" start="2024-05-02T09:14:49.861588" elapsed="0.000168"/>
</kw>
<var name="${key}">login</var>
<status status="PASS" start="2024-05-02T09:14:49.859992" elapsed="0.002016"/>
</iter>
<var>${key}</var>
<value>@{expected_keys}</value>
<status status="PASS" start="2024-05-02T09:14:49.850997" elapsed="0.011139"/>
</for>
<kw name="Create List" owner="BuiltIn">
<msg time="2024-05-02T09:14:49.862484" level="INFO">${expected_keysTwo} = ['username', 'password']</msg>
<var>${expected_keysTwo}</var>
<arg>username</arg>
<arg>password</arg>
<doc>Returns a list containing given items.</doc>
<status status="PASS" start="2024-05-02T09:14:49.862340" elapsed="0.000168"/>
</kw>
<for flavor="IN">
<iter>
<kw name="Dictionary Should Contain Key" owner="Collections">
<msg time="2024-05-02T09:14:49.863448" level="INFO">False</msg>
<arg>${json_data['results'][0]['login']}</arg>
<arg>${keyTwo}</arg>
<doc>Fails if ``key`` is not found from ``dictionary``.</doc>
<status status="PASS" start="2024-05-02T09:14:49.863037" elapsed="0.000449"/>
</kw>
<kw name="Dictionary Should Contain Key" owner="Collections">
<msg time="2024-05-02T09:14:49.864176" level="INFO">False</msg>
<arg>${json_data['results'][0]['login']}</arg>
<arg>${keyTwo}</arg>
<doc>Fails if ``key`` is not found from ``dictionary``.</doc>
<status status="PASS" start="2024-05-02T09:14:49.863792" elapsed="0.000422"/>
</kw>
<kw name="Log" owner="BuiltIn">
<msg time="2024-05-02T09:14:49.864681" level="INFO">username</msg>
<arg>${keyTwo}</arg>
<doc>Logs the given message with the given level.</doc>
<status status="PASS" start="2024-05-02T09:14:49.864518" elapsed="0.000214"/>
</kw>
<var name="${keyTwo}">username</var>
<status status="PASS" start="2024-05-02T09:14:49.862922" elapsed="0.002036"/>
</iter>
<iter>
<kw name="Dictionary Should Contain Key" owner="Collections">
<msg time="2024-05-02T09:14:49.865637" level="INFO">False</msg>
<arg>${json_data['results'][0]['login']}</arg>
<arg>${keyTwo}</arg>
<doc>Fails if ``key`` is not found from ``dictionary``.</doc>
<status status="PASS" start="2024-05-02T09:14:49.865243" elapsed="0.000433"/>
</kw>
<kw name="Dictionary Should Contain Key" owner="Collections">
<msg time="2024-05-02T09:14:49.866442" level="INFO">False</msg>
<arg>${json_data['results'][0]['login']}</arg>
<arg>${keyTwo}</arg>
<doc>Fails if ``key`` is not found from ``dictionary``.</doc>
<status status="PASS" start="2024-05-02T09:14:49.865968" elapsed="0.000512"/>
</kw>
<kw name="Log" owner="BuiltIn">
<msg time="2024-05-02T09:14:49.866905" level="INFO">password</msg>
<arg>${keyTwo}</arg>
<doc>Logs the given message with the given level.</doc>
<status status="PASS" start="2024-05-02T09:14:49.866776" elapsed="0.000167"/>
</kw>
<var name="${keyTwo}">password</var>
<status status="PASS" start="2024-05-02T09:14:49.865132" elapsed="0.002027"/>
</iter>
<var>${keyTwo}</var>
<value>@{expected_keysTwo}</value>
<status status="PASS" start="2024-05-02T09:14:49.862758" elapsed="0.004524"/>
</for>
<status status="PASS" start="2024-05-02T09:14:49.752358" elapsed="0.115073"/>
</kw>
<doc>Testa a estrutura da resposta da API.</doc>
<tag>testeEstruturaResposta</tag>
<status status="PASS" start="2024-05-02T09:14:49.751710" elapsed="0.115882"/>
</test>
<test id="s1-s1-t4" name="Validar tipos de dados" line="28">
<kw name="Teste de Tipos de Dados" owner="random-user-service">
<kw name="GET On Session" owner="RequestsLibrary">
<msg time="2024-05-02T09:14:49.959234" level="INFO">GET Request : url=https://randomuser.me/api 
 path_url=/api 
 headers={'User-Agent': 'python-requests/2.31.0', 'Accept-Encoding': 'gzip, deflate', 'Accept': '*/*', 'Connection': 'keep-alive'} 
 body=None 
 </msg>
<msg time="2024-05-02T09:14:49.959338" level="INFO">GET Response : url=https://randomuser.me/api 
 status=200, reason=OK 
 headers={'Date': 'Thu, 02 May 2024 09:14:49 GMT', 'Content-Type': 'application/json; charset=utf-8', 'Transfer-Encoding': 'chunked', 'Connection': 'keep-alive', 'X-Powered-By': 'Express', 'Access-Control-Allow-Origin': '*', 'Cache-Control': 'no-cache', 'ETag': 'W/"4ad-fH351W7G+1dj5tYlsaEm1kpNxaM"', 'Vary': 'Accept-Encoding', 'Content-Encoding': 'gzip', 'CF-Cache-Status': 'DYNAMIC', 'Report-To': '{"endpoints":[{"url":"https:\\/\\/a.nel.cloudflare.com\\/report\\/v4?s=%2Bk4KZlucHwn7z0VB3zUfihpgH%2F%2ByYsL8ONlswpe0kQeek7TtTKgv3a%2FfahXE%2Ff5Z2mzSX0d7W8TABC7wkdS0L99jO5GSKok5Kl4hDV3PJs2MJYGHeoQGLSXTRnKOD64q"}],"group":"cf-nel","max_age":604800}', 'NEL': '{"success_fraction":0,"report_to":"cf-nel","max_age":604800}', 'Server': 'cloudflare', 'CF-RAY': '87d6e73dac0c07c5-IAD', 'alt-svc': 'h3=":443"; ma=86400'} 
 body={"results":[{"gender":"male","name":{"title":"Monsieur","first":"Selim","last":"Brun"},"location":{"street":{"number":6871,"name":"Montée du Chemin-Neuf"},"city":"Känerkinden","state":"Basel-Landschaft","country":"Switzerland","postcode":3334,"coordinates":{"latitude":"-59.6506","longitude":"-27.0576"},"timezone":{"offset":"+5:30","description":"Bombay, Calcutta, Madras, New Delhi"}},"email":"selim.brun@example.com","login":{"uuid":"e1ba2620-a640-41cd-a2b9-e31546a0a1a8","username":"sadmeercat904","password":"bigones","salt":"OyqbeX1Q","md5":"bae6542c166f66fd82ec46941ecf96b2","sha1":"583380cb24ab54bf3715b135496dff082298d7ae","sha256":"4b7d8c02586c242179c536f0e40c68da3db917de9561dca88286e6ce20fcc106"},"dob":{"date":"1958-08-26T17:47:29.999Z","age":65},"registered":{"date":"2003-07-24T09:15:04.883Z","age":20},"phone":"077 606 16 50","cell":"077 281 64 40","id":{"name":"AVS","value":"756.6471.4932.21"},"picture":{"large":"https://randomuser.me/api/portraits/men/35.jpg","medium":"https://randomuser.me/api/portraits/med/men/35.jpg","thumbnail":"https://randomuser.me/api/portraits/thumb/men/35.jpg"},"nat":"CH"}],"info":{"seed":"15d68f7a59bde57c","results":1,"page":1,"version":"1.4"}} 
 </msg>
<msg time="2024-05-02T09:14:49.959417" level="INFO">/opt/hostedtoolcache/Python/3.12.3/x64/lib/python3.12/site-packages/urllib3/connectionpool.py:1103: InsecureRequestWarning: Unverified HTTPS request is being made to host 'randomuser.me'. Adding certificate verification is strongly advised. See: https://urllib3.readthedocs.io/en/latest/advanced-usage.html#tls-warnings
  warnings.warn(</msg>
<msg time="2024-05-02T09:14:49.959563" level="INFO">${response} = &lt;Response [200]&gt;</msg>
<var>${response}</var>
<arg>consultarAPI</arg>
<arg>/api</arg>
<doc>Sends a GET request on a previously created HTTP Session.</doc>
<status status="PASS" start="2024-05-02T09:14:49.870288" elapsed="0.089317"/>
</kw>
<kw name="Set Variable" owner="BuiltIn">
<msg time="2024-05-02T09:14:49.960733" level="INFO">${json_data} = {'results': [{'gender': 'male', 'name': {'title': 'Monsieur', 'first': 'Selim', 'last': 'Brun'}, 'location': {'street': {'number': 6871, 'name': 'Montée du Chemin-Neuf'}, 'city': 'Känerkinden', 'state...</msg>
<var>${json_data}</var>
<arg>${response.json()}</arg>
<doc>Returns the given values which can then be assigned to a variables.</doc>
<status status="PASS" start="2024-05-02T09:14:49.960145" elapsed="0.000621"/>
</kw>
<kw name="Log" owner="BuiltIn">
<msg time="2024-05-02T09:14:49.961316" level="INFO">{'results': [{'gender': 'male', 'name': {'title': 'Monsieur', 'first': 'Selim', 'last': 'Brun'}, 'location': {'street': {'number': 6871, 'name': 'Montée du Chemin-Neuf'}, 'city': 'Känerkinden', 'state': 'Basel-Landschaft', 'country': 'Switzerland', 'postcode': 3334, 'coordinates': {'latitude': '-59.6506', 'longitude': '-27.0576'}, 'timezone': {'offset': '+5:30', 'description': 'Bombay, Calcutta, Madras, New Delhi'}}, 'email': 'selim.brun@example.com', 'login': {'uuid': 'e1ba2620-a640-41cd-a2b9-e31546a0a1a8', 'username': 'sadmeercat904', 'password': 'bigones', 'salt': 'OyqbeX1Q', 'md5': 'bae6542c166f66fd82ec46941ecf96b2', 'sha1': '583380cb24ab54bf3715b135496dff082298d7ae', 'sha256': '4b7d8c02586c242179c536f0e40c68da3db917de9561dca88286e6ce20fcc106'}, 'dob': {'date': '1958-08-26T17:47:29.999Z', 'age': 65}, 'registered': {'date': '2003-07-24T09:15:04.883Z', 'age': 20}, 'phone': '077 606 16 50', 'cell': '077 281 64 40', 'id': {'name': 'AVS', 'value': '756.6471.4932.21'}, 'picture': {'large': 'https://randomuser.me/api/portraits/men/35.jpg', 'medium': 'https://randomuser.me/api/portraits/med/men/35.jpg', 'thumbnail': 'https://randomuser.me/api/portraits/thumb/men/35.jpg'}, 'nat': 'CH'}], 'info': {'seed': '15d68f7a59bde57c', 'results': 1, 'page': 1, 'version': '1.4'}}</msg>
<arg>${json_data}</arg>
<doc>Logs the given message with the given level.</doc>
<status status="PASS" start="2024-05-02T09:14:49.961132" elapsed="0.000277"/>
</kw>
<kw name="Should Be String" owner="String">
<arg>${json_data['results'][0]['gender']}</arg>
<doc>Fails if the given ``item`` is not a string.</doc>
<status status="PASS" start="2024-05-02T09:14:49.961751" elapsed="0.000398"/>
</kw>
<kw name="Should Match Regexp" owner="BuiltIn">
<arg>${json_data['results'][0]['email']}</arg>
<arg>^[a-zA-Z0-9._%+-]+@[a-zA-Z0-9.-]+\.[a-zA-Z]{2,}$</arg>
<doc>Fails if ``string`` does not match ``pattern`` as a regular expression.</doc>
<status status="PASS" start="2024-05-02T09:14:49.962355" elapsed="0.000534"/>
</kw>
<kw name="Should Match Regexp" owner="BuiltIn">
<arg>${json_data['results'][0]['dob']['date']}</arg>
<arg>\\d{4}-\\d{2}-\\d{2}T\\d{2}:\\d{2}:\\d{2}\\.\\d{3}Z</arg>
<doc>Fails if ``string`` does not match ``pattern`` as a regular expression.</doc>
<status status="PASS" start="2024-05-02T09:14:49.963094" elapsed="0.000508"/>
</kw>
<kw name="Should Match Regexp" owner="BuiltIn">
<arg>${json_data['results'][0]['registered']['date']}</arg>
<arg>\\d{4}-\\d{2}-\\d{2}T\\d{2}:\\d{2}:\\d{2}\\.\\d{3}Z</arg>
<doc>Fails if ``string`` does not match ``pattern`` as a regular expression.</doc>
<status status="PASS" start="2024-05-02T09:14:49.963800" elapsed="0.000381"/>
</kw>
<kw name="Should Match Regexp" owner="BuiltIn">
<arg>${json_data['results'][0]['picture']['large']}</arg>
<arg>^https?://.*\.(?:png|jpe?g|gif|bmp)$</arg>
<doc>Fails if ``string`` does not match ``pattern`` as a regular expression.</doc>
<status status="PASS" start="2024-05-02T09:14:49.964374" elapsed="0.000517"/>
</kw>
<kw name="Should Match Regexp" owner="BuiltIn">
<arg>${json_data['results'][0]['picture']['medium']}</arg>
<arg>^https?://.*\.(?:png|jpe?g|gif|bmp)$</arg>
<doc>Fails if ``string`` does not match ``pattern`` as a regular expression.</doc>
<status status="PASS" start="2024-05-02T09:14:49.965092" elapsed="0.000381"/>
</kw>
<kw name="Should Match Regexp" owner="BuiltIn">
<arg>${json_data['results'][0]['picture']['thumbnail']}</arg>
<arg>^https?://.*\.(?:png|jpe?g|gif|bmp)$</arg>
<doc>Fails if ``string`` does not match ``pattern`` as a regular expression.</doc>
<status status="PASS" start="2024-05-02T09:14:49.965674" elapsed="0.000360"/>
</kw>
<kw name="Log" owner="BuiltIn">
<msg time="2024-05-02T09:14:49.966554" level="INFO">{'large': 'https://randomuser.me/api/portraits/men/35.jpg', 'medium': 'https://randomuser.me/api/portraits/med/men/35.jpg', 'thumbnail': 'https://randomuser.me/api/portraits/thumb/men/35.jpg'}</msg>
<arg>${json_data['results'][0]['picture']}</arg>
<doc>Logs the given message with the given level.</doc>
<status status="PASS" start="2024-05-02T09:14:49.966218" elapsed="0.000378"/>
</kw>
<status status="PASS" start="2024-05-02T09:14:49.870045" elapsed="0.096824"/>
</kw>
<kw name="Teste de Tipos de Dados - Postcode" owner="random-user-service">
<kw name="GET On Session" owner="RequestsLibrary">
<msg time="2024-05-02T09:14:50.048355" level="INFO">GET Request : url=https://randomuser.me/api 
 path_url=/api 
 headers={'User-Agent': 'python-requests/2.31.0', 'Accept-Encoding': 'gzip, deflate', 'Accept': '*/*', 'Connection': 'keep-alive'} 
 body=None 
 </msg>
<msg time="2024-05-02T09:14:50.048458" level="INFO">GET Response : url=https://randomuser.me/api 
 status=200, reason=OK 
 headers={'Date': 'Thu, 02 May 2024 09:14:50 GMT', 'Content-Type': 'application/json; charset=utf-8', 'Transfer-Encoding': 'chunked', 'Connection': 'keep-alive', 'X-Powered-By': 'Express', 'Access-Control-Allow-Origin': '*', 'Cache-Control': 'no-cache', 'ETag': 'W/"4aa-J3yepx00viNYkKTGZ7x8/Ch3mRE"', 'Vary': 'Accept-Encoding', 'Content-Encoding': 'gzip', 'CF-Cache-Status': 'DYNAMIC', 'Report-To': '{"endpoints":[{"url":"https:\\/\\/a.nel.cloudflare.com\\/report\\/v4?s=sUb6oDc9qcTUDFQNxNxQPT1UL6%2BkGWbBI4FRnAG3XFm0jOVyhm96Ybtxkj6RggIZ7ZBzTU6Cl%2BMiFYQcjiqVVRGW9njhvhkT%2FfTL8HooswNhRzKfj6VKoPZFhsPl7t74"}],"group":"cf-nel","max_age":604800}', 'NEL': '{"success_fraction":0,"report_to":"cf-nel","max_age":604800}', 'Server': 'cloudflare', 'CF-RAY': '87d6e73e4c9607c5-IAD', 'alt-svc': 'h3=":443"; ma=86400'} 
 body={"results":[{"gender":"female","name":{"title":"Miss","first":"Estéfani","last":"da Cruz"},"location":{"street":{"number":1861,"name":"Rua Vinte E Dois "},"city":"Campo Grande","state":"Amazonas","country":"Brazil","postcode":44546,"coordinates":{"latitude":"-77.7552","longitude":"137.0297"},"timezone":{"offset":"+5:30","description":"Bombay, Calcutta, Madras, New Delhi"}},"email":"estefani.dacruz@example.com","login":{"uuid":"432b2e32-62e1-4e0d-b2af-23422078ca7b","username":"yellowdog324","password":"peanut","salt":"l3f5d1Cj","md5":"3034dd284bdf0f866d7b36f1484e67fe","sha1":"5ff88997aaa1e5300e0a57e92b4a1680f6a974ff","sha256":"21c98c6ab096ae647998297f56ec860701e9a6e2e4fccad561ab8498c2f83bfd"},"dob":{"date":"1962-02-27T21:41:52.013Z","age":62},"registered":{"date":"2005-03-08T10:37:44.562Z","age":19},"phone":"(04) 5864-7437","cell":"(96) 9093-2390","id":{"name":"CPF","value":"847.449.659-60"},"picture":{"large":"https://randomuser.me/api/portraits/women/16.jpg","medium":"https://randomuser.me/api/portraits/med/women/16.jpg","thumbnail":"https://randomuser.me/api/portraits/thumb/women/16.jpg"},"nat":"BR"}],"info":{"seed":"a20b0787995cf6fd","results":1,"page":1,"version":"1.4"}} 
 </msg>
<msg time="2024-05-02T09:14:50.048534" level="INFO">/opt/hostedtoolcache/Python/3.12.3/x64/lib/python3.12/site-packages/urllib3/connectionpool.py:1103: InsecureRequestWarning: Unverified HTTPS request is being made to host 'randomuser.me'. Adding certificate verification is strongly advised. See: https://urllib3.readthedocs.io/en/latest/advanced-usage.html#tls-warnings
  warnings.warn(</msg>
<msg time="2024-05-02T09:14:50.048711" level="INFO">${response} = &lt;Response [200]&gt;</msg>
<var>${response}</var>
<arg>consultarAPI</arg>
<arg>/api</arg>
<doc>Sends a GET request on a previously created HTTP Session.</doc>
<status status="PASS" start="2024-05-02T09:14:49.967350" elapsed="0.081405"/>
</kw>
<kw name="Set Variable" owner="BuiltIn">
<msg time="2024-05-02T09:14:50.049848" level="INFO">${json_data} = {'results': [{'gender': 'female', 'name': {'title': 'Miss', 'first': 'Estéfani', 'last': 'da Cruz'}, 'location': {'street': {'number': 1861, 'name': 'Rua Vinte E Dois '}, 'city': 'Campo Grande', 'stat...</msg>
<var>${json_data}</var>
<arg>${response.json()}</arg>
<doc>Returns the given values which can then be assigned to a variables.</doc>
<status status="PASS" start="2024-05-02T09:14:50.049281" elapsed="0.000597"/>
</kw>
<kw name="Log" owner="BuiltIn">
<msg time="2024-05-02T09:14:50.050420" level="INFO">{'results': [{'gender': 'female', 'name': {'title': 'Miss', 'first': 'Estéfani', 'last': 'da Cruz'}, 'location': {'street': {'number': 1861, 'name': 'Rua Vinte E Dois '}, 'city': 'Campo Grande', 'state': 'Amazonas', 'country': 'Brazil', 'postcode': 44546, 'coordinates': {'latitude': '-77.7552', 'longitude': '137.0297'}, 'timezone': {'offset': '+5:30', 'description': 'Bombay, Calcutta, Madras, New Delhi'}}, 'email': 'estefani.dacruz@example.com', 'login': {'uuid': '432b2e32-62e1-4e0d-b2af-23422078ca7b', 'username': 'yellowdog324', 'password': 'peanut', 'salt': 'l3f5d1Cj', 'md5': '3034dd284bdf0f866d7b36f1484e67fe', 'sha1': '5ff88997aaa1e5300e0a57e92b4a1680f6a974ff', 'sha256': '21c98c6ab096ae647998297f56ec860701e9a6e2e4fccad561ab8498c2f83bfd'}, 'dob': {'date': '1962-02-27T21:41:52.013Z', 'age': 62}, 'registered': {'date': '2005-03-08T10:37:44.562Z', 'age': 19}, 'phone': '(04) 5864-7437', 'cell': '(96) 9093-2390', 'id': {'name': 'CPF', 'value': '847.449.659-60'}, 'picture': {'large': 'https://randomuser.me/api/portraits/women/16.jpg', 'medium': 'https://randomuser.me/api/portraits/med/women/16.jpg', 'thumbnail': 'https://randomuser.me/api/portraits/thumb/women/16.jpg'}, 'nat': 'BR'}], 'info': {'seed': 'a20b0787995cf6fd', 'results': 1, 'page': 1, 'version': '1.4'}}</msg>
<arg>${json_data}</arg>
<doc>Logs the given message with the given level.</doc>
<status status="PASS" start="2024-05-02T09:14:50.050242" elapsed="0.000271"/>
</kw>
<kw name="Should Be Equal As Numbers" owner="BuiltIn">
<arg>${json_data['results'][0]['location']['postcode']}</arg>
<arg>${json_data['results'][0]['location']['postcode']}</arg>
<doc>Fails if objects are unequal after converting them to real numbers.</doc>
<status status="PASS" start="2024-05-02T09:14:50.050864" elapsed="0.000899"/>
</kw>
<kw name="Log" owner="BuiltIn">
<msg time="2024-05-02T09:14:50.052331" level="INFO">44546</msg>
<arg>${json_data['results'][0]['location']['postcode']}</arg>
<doc>Logs the given message with the given level.</doc>
<status status="PASS" start="2024-05-02T09:14:50.051975" elapsed="0.000398"/>
</kw>
<status status="PASS" start="2024-05-02T09:14:49.967108" elapsed="0.085581"/>
</kw>
<doc>Testa se os tipos de dados na resposta da API estão corretos.</doc>
<tag>testeTiposDados</tag>
<status status="PASS" start="2024-05-02T09:14:49.869466" elapsed="0.183415"/>
</test>
<test id="s1-s1-t5" name="Validar conteudo" line="35">
<kw name="Teste de Tipos de Conteudo" owner="random-user-service">
<kw name="GET On Session" owner="RequestsLibrary">
<msg time="2024-05-02T09:14:50.144194" level="INFO">GET Request : url=https://randomuser.me/api 
 path_url=/api 
 headers={'User-Agent': 'python-requests/2.31.0', 'Accept-Encoding': 'gzip, deflate', 'Accept': '*/*', 'Connection': 'keep-alive'} 
 body=None 
 </msg>
<msg time="2024-05-02T09:14:50.144317" level="INFO">GET Response : url=https://randomuser.me/api 
 status=200, reason=OK 
 headers={'Date': 'Thu, 02 May 2024 09:14:50 GMT', 'Content-Type': 'application/json; charset=utf-8', 'Transfer-Encoding': 'chunked', 'Connection': 'keep-alive', 'X-Powered-By': 'Express', 'Access-Control-Allow-Origin': '*', 'Cache-Control': 'no-cache', 'ETag': 'W/"49c-4nmwXobNfHw6WbreD5jIbUS06pI"', 'Vary': 'Accept-Encoding', 'Content-Encoding': 'gzip', 'CF-Cache-Status': 'DYNAMIC', 'Report-To': '{"endpoints":[{"url":"https:\\/\\/a.nel.cloudflare.com\\/report\\/v4?s=JeGpruXOV2RleMb8KbVSNb04cllhE9ivH4gZnpHGwQILnf6pZO2i9RZEyWIzKJLpQGmpEezzUkoZg0ExaDDaO1XNm8Uuo1exRlw1jdfaKMBCHlz3VnNlUP3iSqebiz4z"}],"group":"cf-nel","max_age":604800}', 'NEL': '{"success_fraction":0,"report_to":"cf-nel","max_age":604800}', 'Server': 'cloudflare', 'CF-RAY': '87d6e73edd0207c5-IAD', 'alt-svc': 'h3=":443"; ma=86400'} 
 body={"results":[{"gender":"female","name":{"title":"Mrs","first":"Dora","last":"Paunović"},"location":{"street":{"number":4722,"name":"Nikole Petrovića"},"city":"Svrljig","state":"Pomoravlje","country":"Serbia","postcode":61428,"coordinates":{"latitude":"61.0758","longitude":"179.3674"},"timezone":{"offset":"+3:00","description":"Baghdad, Riyadh, Moscow, St. Petersburg"}},"email":"dora.paunovic@example.com","login":{"uuid":"389979d9-90c4-49d7-92e0-f4622bdfcffd","username":"angryzebra357","password":"target","salt":"aWrL3Bhh","md5":"26e430b90bed595590b4c85e23e4eaeb","sha1":"5b6fed5e2ea8185218b55cea484eec34cc59df05","sha256":"1c1db4b6d43909439b88df939b757e6fe6fdd610addca8fe81370a19f108d934"},"dob":{"date":"1966-12-30T20:54:25.352Z","age":57},"registered":{"date":"2005-11-27T22:14:11.195Z","age":18},"phone":"038-9799-840","cell":"066-1678-824","id":{"name":"SID","value":"994880026"},"picture":{"large":"https://randomuser.me/api/portraits/women/15.jpg","medium":"https://randomuser.me/api/portraits/med/women/15.jpg","thumbnail":"https://randomuser.me/api/portraits/thumb/women/15.jpg"},"nat":"RS"}],"info":{"seed":"b40ce464d78f0e0b","results":1,"page":1,"version":"1.4"}} 
 </msg>
<msg time="2024-05-02T09:14:50.144400" level="INFO">/opt/hostedtoolcache/Python/3.12.3/x64/lib/python3.12/site-packages/urllib3/connectionpool.py:1103: InsecureRequestWarning: Unverified HTTPS request is being made to host 'randomuser.me'. Adding certificate verification is strongly advised. See: https://urllib3.readthedocs.io/en/latest/advanced-usage.html#tls-warnings
  warnings.warn(</msg>
<msg time="2024-05-02T09:14:50.144547" level="INFO">${response} = &lt;Response [200]&gt;</msg>
<var>${response}</var>
<arg>consultarAPI</arg>
<arg>/api</arg>
<doc>Sends a GET request on a previously created HTTP Session.</doc>
<status status="PASS" start="2024-05-02T09:14:50.055508" elapsed="0.089081"/>
</kw>
<kw name="Set Variable" owner="BuiltIn">
<msg time="2024-05-02T09:14:50.145697" level="INFO">${json_data} = {'results': [{'gender': 'female', 'name': {'title': 'Mrs', 'first': 'Dora', 'last': 'Paunović'}, 'location': {'street': {'number': 4722, 'name': 'Nikole Petrovića'}, 'city': 'Svrljig', 'state': 'Pomor...</msg>
<var>${json_data}</var>
<arg>${response.json()}</arg>
<doc>Returns the given values which can then be assigned to a variables.</doc>
<status status="PASS" start="2024-05-02T09:14:50.145157" elapsed="0.000570"/>
</kw>
<kw name="Set Variable" owner="BuiltIn">
<msg time="2024-05-02T09:14:50.146429" level="INFO">${name_title} = Mrs</msg>
<var>${name_title}</var>
<arg>${json_data["results"][0]["name"]["title"]}</arg>
<doc>Returns the given values which can then be assigned to a variables.</doc>
<status status="PASS" start="2024-05-02T09:14:50.146043" elapsed="0.000412"/>
</kw>
<kw name="Create List" owner="BuiltIn">
<msg time="2024-05-02T09:14:50.146901" level="INFO">${allowed_titles} = ['Mr', 'Ms', 'Miss', 'Mrs', 'Madame', 'Monsieur']</msg>
<var>${allowed_titles}</var>
<arg>Mr</arg>
<arg>Ms</arg>
<arg>Miss</arg>
<arg>Mrs</arg>
<arg>Madame</arg>
<arg>Monsieur</arg>
<doc>Returns a list containing given items.</doc>
<status status="PASS" start="2024-05-02T09:14:50.146753" elapsed="0.000172"/>
</kw>
<kw name="List Should Contain Value" owner="Collections">
<msg time="2024-05-02T09:14:50.147402" level="INFO">False</msg>
<arg>${allowed_titles}</arg>
<arg>${name_title}</arg>
<doc>Fails if the ``value`` is not found from ``list``.</doc>
<status status="PASS" start="2024-05-02T09:14:50.147228" elapsed="0.000209"/>
</kw>
<kw name="Set Variable" owner="BuiltIn">
<msg time="2024-05-02T09:14:50.148108" level="INFO">${name_country} = RS</msg>
<var>${name_country}</var>
<arg>${json_data["results"][0]["nat"]}</arg>
<doc>Returns the given values which can then be assigned to a variables.</doc>
<status status="PASS" start="2024-05-02T09:14:50.147728" elapsed="0.000405"/>
</kw>
<kw name="Create List" owner="BuiltIn">
<msg time="2024-05-02T09:14:50.149076" level="INFO">${list_country} = ['AD', 'AE', 'AF', 'AG', 'AI', 'AL', 'AM', 'AO', 'AQ', 'AR', 'AS', 'AT', 'AU', 'AW', 'AX', 'AZ', 'BA', 'BB', 'BD', 'BE', 'BF', 'BG', 'BH', 'BI', 'BJ', 'BL', 'BM', 'BN', 'BO', 'BQ', 'BR', 'BS', 'BT', '...</msg>
<var>${list_country}</var>
<arg>AD</arg>
<arg>AE</arg>
<arg>AF</arg>
<arg>AG</arg>
<arg>AI</arg>
<arg>AL</arg>
<arg>AM</arg>
<arg>AO</arg>
<arg>AQ</arg>
<arg>AR</arg>
<arg>AS</arg>
<arg>AT</arg>
<arg>AU</arg>
<arg>AW</arg>
<arg>AX</arg>
<arg>AZ</arg>
<arg>BA</arg>
<arg>BB</arg>
<arg>BD</arg>
<arg>BE</arg>
<arg>BF</arg>
<arg>BG</arg>
<arg>BH</arg>
<arg>BI</arg>
<arg>BJ</arg>
<arg>BL</arg>
<arg>BM</arg>
<arg>BN</arg>
<arg>BO</arg>
<arg>BQ</arg>
<arg>BR</arg>
<arg>BS</arg>
<arg>BT</arg>
<arg>BV</arg>
<arg>BW</arg>
<arg>BY</arg>
<arg>BZ</arg>
<arg>CA</arg>
<arg>CC</arg>
<arg>CD</arg>
<arg>CF</arg>
<arg>CG</arg>
<arg>CH</arg>
<arg>CI</arg>
<arg>CK</arg>
<arg>CL</arg>
<arg>CM</arg>
<arg>CN</arg>
<arg>CO</arg>
<arg>CR</arg>
<arg>CU</arg>
<arg>CV</arg>
<arg>CW</arg>
<arg>CX</arg>
<arg>CY</arg>
<arg>CZ</arg>
<arg>DE</arg>
<arg>DJ</arg>
<arg>DK</arg>
<arg>DM</arg>
<arg>DO</arg>
<arg>DZ</arg>
<arg>EC</arg>
<arg>EE</arg>
<arg>EG</arg>
<arg>EH</arg>
<arg>ER</arg>
<arg>ES</arg>
<arg>ET</arg>
<arg>FI</arg>
<arg>FJ</arg>
<arg>FK</arg>
<arg>FM</arg>
<arg>FO</arg>
<arg>FR</arg>
<arg>GA</arg>
<arg>GB</arg>
<arg>GD</arg>
<arg>GE</arg>
<arg>GF</arg>
<arg>GG</arg>
<arg>GH</arg>
<arg>GI</arg>
<arg>GL</arg>
<arg>GM</arg>
<arg>GN</arg>
<arg>GP</arg>
<arg>GQ</arg>
<arg>GR</arg>
<arg>GS</arg>
<arg>GT</arg>
<arg>GU</arg>
<arg>GW</arg>
<arg>GY</arg>
<arg>HK</arg>
<arg>HM</arg>
<arg>HN</arg>
<arg>HR</arg>
<arg>HT</arg>
<arg>HU</arg>
<arg>ID</arg>
<arg>IE</arg>
<arg>IL</arg>
<arg>IM</arg>
<arg>IN</arg>
<arg>IO</arg>
<arg>IQ</arg>
<arg>IR</arg>
<arg>IS</arg>
<arg>IT</arg>
<arg>JE</arg>
<arg>JM</arg>
<arg>JO</arg>
<arg>JP</arg>
<arg>KE</arg>
<arg>KG</arg>
<arg>KH</arg>
<arg>KI</arg>
<arg>KM</arg>
<arg>KN</arg>
<arg>KP</arg>
<arg>KR</arg>
<arg>KW</arg>
<arg>KY</arg>
<arg>KZ</arg>
<arg>LA</arg>
<arg>LB</arg>
<arg>LC</arg>
<arg>LI</arg>
<arg>LK</arg>
<arg>LR</arg>
<arg>LS</arg>
<arg>LT</arg>
<arg>LU</arg>
<arg>LV</arg>
<arg>LY</arg>
<arg>MA</arg>
<arg>MC</arg>
<arg>MD</arg>
<arg>ME</arg>
<arg>MF</arg>
<arg>MG</arg>
<arg>MH</arg>
<arg>MK</arg>
<arg>ML</arg>
<arg>MM</arg>
<arg>MN</arg>
<arg>MO</arg>
<arg>MP</arg>
<arg>MQ</arg>
<arg>MR</arg>
<arg>MS</arg>
<arg>MT</arg>
<arg>MU</arg>
<arg>MV</arg>
<arg>MW</arg>
<arg>MX</arg>
<arg>MY</arg>
<arg>MZ</arg>
<arg>NA</arg>
<arg>NC</arg>
<arg>NE</arg>
<arg>NF</arg>
<arg>NG</arg>
<arg>NI</arg>
<arg>NL</arg>
<arg>NO</arg>
<arg>NP</arg>
<arg>NR</arg>
<arg>NU</arg>
<arg>NZ</arg>
<arg>OM</arg>
<arg>PA</arg>
<arg>PE</arg>
<arg>PF</arg>
<arg>PG</arg>
<arg>PH</arg>
<arg>PK</arg>
<arg>PL</arg>
<arg>PM</arg>
<arg>PN</arg>
<arg>PR</arg>
<arg>PS</arg>
<arg>PT</arg>
<arg>PW</arg>
<arg>PY</arg>
<arg>QA</arg>
<arg>RE</arg>
<arg>RO</arg>
<arg>RS</arg>
<arg>RU</arg>
<arg>RW</arg>
<arg>SA</arg>
<arg>SB</arg>
<arg>SC</arg>
<arg>SD</arg>
<arg>SE</arg>
<arg>SG</arg>
<arg>SH</arg>
<arg>SI</arg>
<arg>SJ</arg>
<arg>SK</arg>
<arg>SL</arg>
<arg>SM</arg>
<arg>SN</arg>
<arg>SO</arg>
<arg>SR</arg>
<arg>SS</arg>
<arg>ST</arg>
<arg>SV</arg>
<arg>SX</arg>
<arg>SY</arg>
<arg>SZ</arg>
<arg>TC</arg>
<arg>TD</arg>
<arg>TF</arg>
<arg>TG</arg>
<arg>TH</arg>
<arg>TJ</arg>
<arg>TK</arg>
<arg>TL</arg>
<arg>TM</arg>
<arg>TN</arg>
<arg>TO</arg>
<arg>TR</arg>
<arg>TT</arg>
<arg>TV</arg>
<arg>TW</arg>
<arg>TZ</arg>
<arg>UA</arg>
<arg>UG</arg>
<arg>UM</arg>
<arg>US</arg>
<arg>UY</arg>
<arg>UZ</arg>
<arg>VA</arg>
<arg>VC</arg>
<arg>VE</arg>
<arg>VG</arg>
<arg>VI</arg>
<arg>VN</arg>
<arg>VU</arg>
<arg>WF</arg>
<arg>WS</arg>
<arg>XK</arg>
<arg>YE</arg>
<arg>YT</arg>
<arg>ZA</arg>
<arg>ZM</arg>
<arg>ZW</arg>
<doc>Returns a list containing given items.</doc>
<status status="PASS" start="2024-05-02T09:14:50.148437" elapsed="0.000665"/>
</kw>
<kw name="List Should Contain Value" owner="Collections">
<msg time="2024-05-02T09:14:50.150119" level="INFO">False</msg>
<arg>${list_country}</arg>
<arg>${name_country}</arg>
<doc>Fails if the ``value`` is not found from ``list``.</doc>
<status status="PASS" start="2024-05-02T09:14:50.149918" elapsed="0.000238"/>
</kw>
<kw name="Run Keyword If" owner="BuiltIn">
<kw name="Should Be True" owner="BuiltIn">
<arg>${True}</arg>
<doc>Fails if the given condition is not true.</doc>
<status status="PASS" start="2024-05-02T09:14:50.151231" elapsed="0.000142"/>
</kw>
<arg>${json_data["results"][0]["location"]["coordinates"]["latitude"]} &gt;= -90 and ${json_data["results"][0]["location"]["coordinates"]["latitude"]} &lt;= 90</arg>
<arg>Should Be True</arg>
<arg>${True}</arg>
<doc>Runs the given keyword with the given arguments, if ``condition`` is true.</doc>
<status status="PASS" start="2024-05-02T09:14:50.150469" elapsed="0.001029"/>
</kw>
<kw name="Run Keyword If" owner="BuiltIn">
<kw name="Should Be True" owner="BuiltIn">
<arg>${True}</arg>
<doc>Fails if the given condition is not true.</doc>
<status status="PASS" start="2024-05-02T09:14:50.152370" elapsed="0.000294"/>
</kw>
<arg>${json_data["results"][0]["location"]["coordinates"]["longitude"]} &gt;= -180 and ${json_data["results"][0]["location"]["coordinates"]["longitude"]} &lt;= 180</arg>
<arg>Should Be True</arg>
<arg>${True}</arg>
<doc>Runs the given keyword with the given arguments, if ``condition`` is true.</doc>
<status status="PASS" start="2024-05-02T09:14:50.151678" elapsed="0.001133"/>
</kw>
<status status="PASS" start="2024-05-02T09:14:50.055260" elapsed="0.097687"/>
</kw>
<doc>Testa o conteúdo específico dos campos retornados pela API.</doc>
<tag>testeConteudo</tag>
<status status="PASS" start="2024-05-02T09:14:50.054691" elapsed="0.098406"/>
</test>
<status status="PASS" start="2024-05-02T09:14:49.314214" elapsed="0.840909"/>
</suite>
<status status="PASS" start="2024-05-02T09:14:49.300150" elapsed="0.860293"/>
</suite>
<statistics>
<total>
<stat pass="5" fail="0" skip="0">All Tests</stat>
</total>
<tag>
<stat pass="1" fail="0" skip="0">testeConteudo</stat>
<stat pass="1" fail="0" skip="0">testeEstruturaResposta</stat>
<stat pass="1" fail="0" skip="0">testeRequisicaoBasica</stat>
<stat pass="1" fail="0" skip="0">testeTiposDados</stat>
</tag>
<suite>
<stat pass="5" fail="0" skip="0" id="s1" name="Tests">Tests</stat>
<stat pass="5" fail="0" skip="0" id="s1-s1" name="Random-User-Test">Tests.Random-User-Test</stat>
</suite>
</statistics>
<errors>
</errors>
</robot>
