<?xml version="1.0" encoding="UTF-8"?>
<robot generator="Robot 7.0 (Python 3.12.2 on linux)" generated="2024-03-23T02:18:59.283379" rpa="false" schemaversion="5">
<suite id="s1" name="Tests" source="/home/runner/work/DesafioQAItauRogerioJordao/DesafioQAItauRogerioJordao/RamdonUser/tests">
<suite id="s1-s1" name="Random-User-Test" source="/home/runner/work/DesafioQAItauRogerioJordao/DesafioQAItauRogerioJordao/RamdonUser/tests/random-user-test.robot">
<test id="s1-s1-t1" name="Conectar" line="13">
<kw name="Conectar API" owner="random-user-service">
<kw name="Create Session" owner="RequestsLibrary">
<msg time="2024-03-23T02:18:59.665018" level="INFO">Creating Session using : alias=consultarAPI, url=https://randomuser.me/, headers={},                     cookies={}, auth=None, timeout=None, proxies=None, verify=False,                     debug=0 </msg>
<arg>consultarAPI</arg>
<arg>${URL}</arg>
<doc>Create Session: create a HTTP session to a server</doc>
<status status="PASS" start="2024-03-23T02:18:59.664827" elapsed="0.000352"/>
</kw>
<status status="PASS" start="2024-03-23T02:18:59.663837" elapsed="0.001693"/>
</kw>
<status status="PASS" start="2024-03-23T02:18:59.663334" elapsed="0.002440"/>
</test>
<test id="s1-s1-t2" name="Validar retorno 200 e JSON Válido" line="16">
<kw name="Teste de Requisicao Basica" owner="random-user-service">
<kw name="GET On Session" owner="RequestsLibrary">
<msg time="2024-03-23T02:19:00.069868" level="INFO">GET Request : url=https://randomuser.me/api 
 path_url=/api 
 headers={'User-Agent': 'python-requests/2.31.0', 'Accept-Encoding': 'gzip, deflate', 'Accept': '*/*', 'Connection': 'keep-alive'} 
 body=None 
 </msg>
<msg time="2024-03-23T02:19:00.070024" level="INFO">GET Response : url=https://randomuser.me/api 
 status=200, reason=OK 
 headers={'Date': 'Sat, 23 Mar 2024 02:19:00 GMT', 'Content-Type': 'application/json; charset=utf-8', 'Transfer-Encoding': 'chunked', 'Connection': 'keep-alive', 'X-Powered-By': 'Express', 'Access-Control-Allow-Origin': '*', 'Cache-Control': 'no-cache', 'ETag': 'W/"487-6UePKifDo8hW/nMzPHdXA5Iwk0s"', 'Vary': 'Accept-Encoding', 'Content-Encoding': 'gzip', 'CF-Cache-Status': 'DYNAMIC', 'Report-To': '{"endpoints":[{"url":"https:\\/\\/a.nel.cloudflare.com\\/report\\/v4?s=uT%2BvBPBXjrnp7ueDOq%2FX2bClYUMNWoHjmPjBv6CZrF6jXS0RH4jx5jJpM4R5KpHCL1HHobmjKficOLtXIWGVhBo2cHqzyiTRnNi5y9Uvt91mLaVw%2BdkHvdNW0BTM7JKc"}],"group":"cf-nel","max_age":604800}', 'NEL': '{"success_fraction":0,"report_to":"cf-nel","max_age":604800}', 'Server': 'cloudflare', 'CF-RAY': '868aef1b2e412d15-IAD', 'alt-svc': 'h3=":443"; ma=86400'} 
 body={"results":[{"gender":"male","name":{"title":"Mr","first":"Hélvio","last":"Lima"},"location":{"street":{"number":4509,"name":"Rua José Bonifácio "},"city":"Americana","state":"Santa Catarina","country":"Brazil","postcode":78412,"coordinates":{"latitude":"-79.7480","longitude":"-71.8982"},"timezone":{"offset":"+3:30","description":"Tehran"}},"email":"helvio.lima@example.com","login":{"uuid":"789750dc-faca-430d-8958-fe15a547a2b0","username":"goldenleopard981","password":"morrison","salt":"8PXNmcZX","md5":"9edbc83832d6c354ca2758bb442d573c","sha1":"8022282d99b7975580c59fa99121b8351ba8de8d","sha256":"8897454ccade13da717ba2d2cc8c7f14190dc1e937a2005ba52c5bc01edffcee"},"dob":{"date":"1996-10-22T18:04:58.105Z","age":27},"registered":{"date":"2003-09-03T13:36:57.625Z","age":20},"phone":"(63) 2461-7003","cell":"(66) 7797-4614","id":{"name":"CPF","value":"950.493.704-10"},"picture":{"large":"https://randomuser.me/api/portraits/men/35.jpg","medium":"https://randomuser.me/api/portraits/med/men/35.jpg","thumbnail":"https://randomuser.me/api/portraits/thumb/men/35.jpg"},"nat":"BR"}],"info":{"seed":"b0877b418c65ed6e","results":1,"page":1,"version":"1.4"}} 
 </msg>
<msg time="2024-03-23T02:19:00.070131" level="INFO">/opt/hostedtoolcache/Python/3.12.2/x64/lib/python3.12/site-packages/urllib3/connectionpool.py:1103: InsecureRequestWarning: Unverified HTTPS request is being made to host 'randomuser.me'. Adding certificate verification is strongly advised. See: https://urllib3.readthedocs.io/en/latest/advanced-usage.html#tls-warnings
  warnings.warn(</msg>
<msg time="2024-03-23T02:19:00.070286" level="INFO">${response} = &lt;Response [200]&gt;</msg>
<var>${response}</var>
<arg>consultarAPI</arg>
<arg>/api</arg>
<doc>Sends a GET request on a previously created HTTP Session.</doc>
<status status="PASS" start="2024-03-23T02:18:59.668321" elapsed="0.402004"/>
</kw>
<kw name="Should Be Equal As Numbers" owner="BuiltIn">
<msg time="2024-03-23T02:19:00.071275" level="INFO">Argument types are:
&lt;class 'int'&gt;
&lt;class 'str'&gt;</msg>
<arg>${response.status_code}</arg>
<arg>200</arg>
<doc>Fails if objects are unequal after converting them to real numbers.</doc>
<status status="PASS" start="2024-03-23T02:19:00.070817" elapsed="0.000523"/>
</kw>
<kw name="Log" owner="BuiltIn">
<msg time="2024-03-23T02:19:00.072031" level="INFO">200</msg>
<arg>${response.status_code}</arg>
<doc>Logs the given message with the given level.</doc>
<status status="PASS" start="2024-03-23T02:19:00.071662" elapsed="0.000422"/>
</kw>
<kw name="Set Variable" owner="BuiltIn">
<msg time="2024-03-23T02:19:00.072840" level="INFO">${json_data} = {'results': [{'gender': 'male', 'name': {'title': 'Mr', 'first': 'Hélvio', 'last': 'Lima'}, 'location': {'street': {'number': 4509, 'name': 'Rua José Bonifácio '}, 'city': 'Americana', 'state': 'Santa...</msg>
<var>${json_data}</var>
<arg>${response.json()}</arg>
<doc>Returns the given values which can then be assigned to a variables.</doc>
<status status="PASS" start="2024-03-23T02:19:00.072400" elapsed="0.000469"/>
</kw>
<kw name="Dictionary Should Contain Key" owner="Collections">
<msg time="2024-03-23T02:19:00.073338" level="INFO">False</msg>
<arg>${json_data}</arg>
<arg>results</arg>
<doc>Fails if ``key`` is not found from ``dictionary``.</doc>
<status status="PASS" start="2024-03-23T02:19:00.073170" elapsed="0.000206"/>
</kw>
<status status="PASS" start="2024-03-23T02:18:59.668063" elapsed="0.405569"/>
</kw>
<doc>Testa se a API responde corretamente e retorna um objeto JSON válido.</doc>
<tag>testeRequisicaoBasica</tag>
<status status="PASS" start="2024-03-23T02:18:59.667584" elapsed="0.406271"/>
</test>
<test id="s1-s1-t3" name="Validar estrutura de resposta" line="22">
<kw name="Teste de Estrutura de Resposta" owner="random-user-service">
<kw name="GET On Session" owner="RequestsLibrary">
<msg time="2024-03-23T02:19:00.127820" level="INFO">GET Request : url=https://randomuser.me/api 
 path_url=/api 
 headers={'User-Agent': 'python-requests/2.31.0', 'Accept-Encoding': 'gzip, deflate', 'Accept': '*/*', 'Connection': 'keep-alive'} 
 body=None 
 </msg>
<msg time="2024-03-23T02:19:00.127889" level="INFO">GET Response : url=https://randomuser.me/api 
 status=200, reason=OK 
 headers={'Date': 'Sat, 23 Mar 2024 02:19:00 GMT', 'Content-Type': 'application/json; charset=utf-8', 'Transfer-Encoding': 'chunked', 'Connection': 'keep-alive', 'X-Powered-By': 'Express', 'Access-Control-Allow-Origin': '*', 'Cache-Control': 'no-cache', 'ETag': 'W/"47b-v43aOlZjb80k3tTjoqRZ/iupDfM"', 'Vary': 'Accept-Encoding', 'Content-Encoding': 'gzip', 'CF-Cache-Status': 'DYNAMIC', 'Report-To': '{"endpoints":[{"url":"https:\\/\\/a.nel.cloudflare.com\\/report\\/v4?s=KpqmCnXgvy4z1JxN8Ffjat8x0ot%2BpJNx7VbTK0m74sAnB%2FwC1z3w0q6pQTZ21F2YRjZFhOmTMbfuasDwpokTkHoNjZENjIPI0K62TywkEYdn5bMtlVAK9jqtnGP1SC8O"}],"group":"cf-nel","max_age":604800}', 'NEL': '{"success_fraction":0,"report_to":"cf-nel","max_age":604800}', 'Server': 'cloudflare', 'CF-RAY': '868aef1d88bb2d15-IAD', 'alt-svc': 'h3=":443"; ma=86400'} 
 body={"results":[{"gender":"female","name":{"title":"Miss","first":"سارینا","last":"صدر"},"location":{"street":{"number":5770,"name":"میدان سلماس"},"city":"ساوه","state":"فارس","country":"Iran","postcode":27112,"coordinates":{"latitude":"13.8687","longitude":"152.3893"},"timezone":{"offset":"-2:00","description":"Mid-Atlantic"}},"email":"sryn.sdr@example.com","login":{"uuid":"76469b87-3e5b-47eb-ae45-89d95b07f34e","username":"goldenleopard635","password":"dirk","salt":"6tTD4QO6","md5":"6e1f8f49667f199d082a9df2dfbe68db","sha1":"726401f504ed4c3983d6b233e350503e151085a0","sha256":"29e36bbb454437435eafb452d3ea1dad1e155c1405fb72a4be2f7124150eaae6"},"dob":{"date":"1991-08-22T19:22:44.332Z","age":32},"registered":{"date":"2014-01-20T22:36:39.373Z","age":10},"phone":"070-49229592","cell":"0926-283-8165","id":{"name":"","value":null},"picture":{"large":"https://randomuser.me/api/portraits/women/30.jpg","medium":"https://randomuser.me/api/portraits/med/women/30.jpg","thumbnail":"https://randomuser.me/api/portraits/thumb/women/30.jpg"},"nat":"IR"}],"info":{"seed":"329bbcf249c26771","results":1,"page":1,"version":"1.4"}} 
 </msg>
<msg time="2024-03-23T02:19:00.128002" level="INFO">/opt/hostedtoolcache/Python/3.12.2/x64/lib/python3.12/site-packages/urllib3/connectionpool.py:1103: InsecureRequestWarning: Unverified HTTPS request is being made to host 'randomuser.me'. Adding certificate verification is strongly advised. See: https://urllib3.readthedocs.io/en/latest/advanced-usage.html#tls-warnings
  warnings.warn(</msg>
<msg time="2024-03-23T02:19:00.128121" level="INFO">${response} = &lt;Response [200]&gt;</msg>
<var>${response}</var>
<arg>consultarAPI</arg>
<arg>/api</arg>
<doc>Sends a GET request on a previously created HTTP Session.</doc>
<status status="PASS" start="2024-03-23T02:19:00.076652" elapsed="0.051512"/>
</kw>
<kw name="Set Variable" owner="BuiltIn">
<msg time="2024-03-23T02:19:00.129013" level="INFO">${json_data} = {'results': [{'gender': 'female', 'name': {'title': 'Miss', 'first': 'سارینا', 'last': 'صدر'}, 'location': {'street': {'number': 5770, 'name': 'میدان سلماس'}, 'city': 'ساوه', 'state': 'فارس', 'country...</msg>
<var>${json_data}</var>
<arg>${response.json()}</arg>
<doc>Returns the given values which can then be assigned to a variables.</doc>
<status status="PASS" start="2024-03-23T02:19:00.128542" elapsed="0.000502"/>
</kw>
<kw name="Log" owner="BuiltIn">
<msg time="2024-03-23T02:19:00.129530" level="INFO">{'results': [{'gender': 'female', 'name': {'title': 'Miss', 'first': 'سارینا', 'last': 'صدر'}, 'location': {'street': {'number': 5770, 'name': 'میدان سلماس'}, 'city': 'ساوه', 'state': 'فارس', 'country': 'Iran', 'postcode': 27112, 'coordinates': {'latitude': '13.8687', 'longitude': '152.3893'}, 'timezone': {'offset': '-2:00', 'description': 'Mid-Atlantic'}}, 'email': 'sryn.sdr@example.com', 'login': {'uuid': '76469b87-3e5b-47eb-ae45-89d95b07f34e', 'username': 'goldenleopard635', 'password': 'dirk', 'salt': '6tTD4QO6', 'md5': '6e1f8f49667f199d082a9df2dfbe68db', 'sha1': '726401f504ed4c3983d6b233e350503e151085a0', 'sha256': '29e36bbb454437435eafb452d3ea1dad1e155c1405fb72a4be2f7124150eaae6'}, 'dob': {'date': '1991-08-22T19:22:44.332Z', 'age': 32}, 'registered': {'date': '2014-01-20T22:36:39.373Z', 'age': 10}, 'phone': '070-49229592', 'cell': '0926-283-8165', 'id': {'name': '', 'value': None}, 'picture': {'large': 'https://randomuser.me/api/portraits/women/30.jpg', 'medium': 'https://randomuser.me/api/portraits/med/women/30.jpg', 'thumbnail': 'https://randomuser.me/api/portraits/thumb/women/30.jpg'}, 'nat': 'IR'}], 'info': {'seed': '329bbcf249c26771', 'results': 1, 'page': 1, 'version': '1.4'}}</msg>
<arg>${json_data}</arg>
<doc>Logs the given message with the given level.</doc>
<status status="PASS" start="2024-03-23T02:19:00.129363" elapsed="0.000219"/>
</kw>
<kw name="Dictionary Should Contain Key" owner="Collections">
<msg time="2024-03-23T02:19:00.130100" level="INFO">False</msg>
<arg>${json_data}</arg>
<arg>results</arg>
<doc>Fails if ``key`` is not found from ``dictionary``.</doc>
<status status="PASS" start="2024-03-23T02:19:00.129945" elapsed="0.000194"/>
</kw>
<kw name="Should Not Be Empty" owner="BuiltIn">
<msg time="2024-03-23T02:19:00.130572" level="INFO">Length is 2.</msg>
<arg>${json_data}</arg>
<doc>Verifies that the given item is not empty.</doc>
<status status="PASS" start="2024-03-23T02:19:00.130437" elapsed="0.000175"/>
</kw>
<kw name="Create List" owner="BuiltIn">
<msg time="2024-03-23T02:19:00.131060" level="INFO">${expected_keys} = ['gender', 'name', 'location', 'email', 'login']</msg>
<var>${expected_keys}</var>
<arg>gender</arg>
<arg>name</arg>
<arg>location</arg>
<arg>email</arg>
<arg>login</arg>
<doc>Returns a list containing given items.</doc>
<status status="PASS" start="2024-03-23T02:19:00.130909" elapsed="0.000176"/>
</kw>
<for flavor="IN">
<iter>
<kw name="Dictionary Should Contain Key" owner="Collections">
<msg time="2024-03-23T02:19:00.132085" level="INFO">False</msg>
<arg>${json_data['results'][0]}</arg>
<arg>${key}</arg>
<doc>Fails if ``key`` is not found from ``dictionary``.</doc>
<status status="PASS" start="2024-03-23T02:19:00.131661" elapsed="0.000464"/>
</kw>
<kw name="Log" owner="BuiltIn">
<msg time="2024-03-23T02:19:00.132814" level="INFO">{'gender': 'female', 'name': {'title': 'Miss', 'first': 'سارینا', 'last': 'صدر'}, 'location': {'street': {'number': 5770, 'name': 'میدان سلماس'}, 'city': 'ساوه', 'state': 'فارس', 'country': 'Iran', 'postcode': 27112, 'coordinates': {'latitude': '13.8687', 'longitude': '152.3893'}, 'timezone': {'offset': '-2:00', 'description': 'Mid-Atlantic'}}, 'email': 'sryn.sdr@example.com', 'login': {'uuid': '76469b87-3e5b-47eb-ae45-89d95b07f34e', 'username': 'goldenleopard635', 'password': 'dirk', 'salt': '6tTD4QO6', 'md5': '6e1f8f49667f199d082a9df2dfbe68db', 'sha1': '726401f504ed4c3983d6b233e350503e151085a0', 'sha256': '29e36bbb454437435eafb452d3ea1dad1e155c1405fb72a4be2f7124150eaae6'}, 'dob': {'date': '1991-08-22T19:22:44.332Z', 'age': 32}, 'registered': {'date': '2014-01-20T22:36:39.373Z', 'age': 10}, 'phone': '070-49229592', 'cell': '0926-283-8165', 'id': {'name': '', 'value': None}, 'picture': {'large': 'https://randomuser.me/api/portraits/women/30.jpg', 'medium': 'https://randomuser.me/api/portraits/med/women/30.jpg', 'thumbnail': 'https://randomuser.me/api/portraits/thumb/women/30.jpg'}, 'nat': 'IR'}</msg>
<arg>${json_data['results'][0]}</arg>
<doc>Logs the given message with the given level.</doc>
<status status="PASS" start="2024-03-23T02:19:00.132440" elapsed="0.000431"/>
</kw>
<kw name="Log" owner="BuiltIn">
<msg time="2024-03-23T02:19:00.133312" level="INFO">gender</msg>
<arg>${key}</arg>
<doc>Logs the given message with the given level.</doc>
<status status="PASS" start="2024-03-23T02:19:00.133180" elapsed="0.000172"/>
</kw>
<var name="${key}">gender</var>
<status status="PASS" start="2024-03-23T02:19:00.131529" elapsed="0.002056"/>
</iter>
<iter>
<kw name="Dictionary Should Contain Key" owner="Collections">
<msg time="2024-03-23T02:19:00.134324" level="INFO">False</msg>
<arg>${json_data['results'][0]}</arg>
<arg>${key}</arg>
<doc>Fails if ``key`` is not found from ``dictionary``.</doc>
<status status="PASS" start="2024-03-23T02:19:00.133935" elapsed="0.000427"/>
</kw>
<kw name="Log" owner="BuiltIn">
<msg time="2024-03-23T02:19:00.135080" level="INFO">{'gender': 'female', 'name': {'title': 'Miss', 'first': 'سارینا', 'last': 'صدر'}, 'location': {'street': {'number': 5770, 'name': 'میدان سلماس'}, 'city': 'ساوه', 'state': 'فارس', 'country': 'Iran', 'postcode': 27112, 'coordinates': {'latitude': '13.8687', 'longitude': '152.3893'}, 'timezone': {'offset': '-2:00', 'description': 'Mid-Atlantic'}}, 'email': 'sryn.sdr@example.com', 'login': {'uuid': '76469b87-3e5b-47eb-ae45-89d95b07f34e', 'username': 'goldenleopard635', 'password': 'dirk', 'salt': '6tTD4QO6', 'md5': '6e1f8f49667f199d082a9df2dfbe68db', 'sha1': '726401f504ed4c3983d6b233e350503e151085a0', 'sha256': '29e36bbb454437435eafb452d3ea1dad1e155c1405fb72a4be2f7124150eaae6'}, 'dob': {'date': '1991-08-22T19:22:44.332Z', 'age': 32}, 'registered': {'date': '2014-01-20T22:36:39.373Z', 'age': 10}, 'phone': '070-49229592', 'cell': '0926-283-8165', 'id': {'name': '', 'value': None}, 'picture': {'large': 'https://randomuser.me/api/portraits/women/30.jpg', 'medium': 'https://randomuser.me/api/portraits/med/women/30.jpg', 'thumbnail': 'https://randomuser.me/api/portraits/thumb/women/30.jpg'}, 'nat': 'IR'}</msg>
<arg>${json_data['results'][0]}</arg>
<doc>Logs the given message with the given level.</doc>
<status status="PASS" start="2024-03-23T02:19:00.134711" elapsed="0.000420"/>
</kw>
<kw name="Log" owner="BuiltIn">
<msg time="2024-03-23T02:19:00.135571" level="INFO">name</msg>
<arg>${key}</arg>
<doc>Logs the given message with the given level.</doc>
<status status="PASS" start="2024-03-23T02:19:00.135435" elapsed="0.000173"/>
</kw>
<var name="${key}">name</var>
<status status="PASS" start="2024-03-23T02:19:00.133818" elapsed="0.002009"/>
</iter>
<iter>
<kw name="Dictionary Should Contain Key" owner="Collections">
<msg time="2024-03-23T02:19:00.136499" level="INFO">False</msg>
<arg>${json_data['results'][0]}</arg>
<arg>${key}</arg>
<doc>Fails if ``key`` is not found from ``dictionary``.</doc>
<status status="PASS" start="2024-03-23T02:19:00.136122" elapsed="0.000416"/>
</kw>
<kw name="Log" owner="BuiltIn">
<msg time="2024-03-23T02:19:00.137213" level="INFO">{'gender': 'female', 'name': {'title': 'Miss', 'first': 'سارینا', 'last': 'صدر'}, 'location': {'street': {'number': 5770, 'name': 'میدان سلماس'}, 'city': 'ساوه', 'state': 'فارس', 'country': 'Iran', 'postcode': 27112, 'coordinates': {'latitude': '13.8687', 'longitude': '152.3893'}, 'timezone': {'offset': '-2:00', 'description': 'Mid-Atlantic'}}, 'email': 'sryn.sdr@example.com', 'login': {'uuid': '76469b87-3e5b-47eb-ae45-89d95b07f34e', 'username': 'goldenleopard635', 'password': 'dirk', 'salt': '6tTD4QO6', 'md5': '6e1f8f49667f199d082a9df2dfbe68db', 'sha1': '726401f504ed4c3983d6b233e350503e151085a0', 'sha256': '29e36bbb454437435eafb452d3ea1dad1e155c1405fb72a4be2f7124150eaae6'}, 'dob': {'date': '1991-08-22T19:22:44.332Z', 'age': 32}, 'registered': {'date': '2014-01-20T22:36:39.373Z', 'age': 10}, 'phone': '070-49229592', 'cell': '0926-283-8165', 'id': {'name': '', 'value': None}, 'picture': {'large': 'https://randomuser.me/api/portraits/women/30.jpg', 'medium': 'https://randomuser.me/api/portraits/med/women/30.jpg', 'thumbnail': 'https://randomuser.me/api/portraits/thumb/women/30.jpg'}, 'nat': 'IR'}</msg>
<arg>${json_data['results'][0]}</arg>
<doc>Logs the given message with the given level.</doc>
<status status="PASS" start="2024-03-23T02:19:00.136846" elapsed="0.000422"/>
</kw>
<kw name="Log" owner="BuiltIn">
<msg time="2024-03-23T02:19:00.137717" level="INFO">location</msg>
<arg>${key}</arg>
<doc>Logs the given message with the given level.</doc>
<status status="PASS" start="2024-03-23T02:19:00.137568" elapsed="0.000189"/>
</kw>
<var name="${key}">location</var>
<status status="PASS" start="2024-03-23T02:19:00.136009" elapsed="0.001978"/>
</iter>
<iter>
<kw name="Dictionary Should Contain Key" owner="Collections">
<msg time="2024-03-23T02:19:00.138655" level="INFO">False</msg>
<arg>${json_data['results'][0]}</arg>
<arg>${key}</arg>
<doc>Fails if ``key`` is not found from ``dictionary``.</doc>
<status status="PASS" start="2024-03-23T02:19:00.138274" elapsed="0.000419"/>
</kw>
<kw name="Log" owner="BuiltIn">
<msg time="2024-03-23T02:19:00.139362" level="INFO">{'gender': 'female', 'name': {'title': 'Miss', 'first': 'سارینا', 'last': 'صدر'}, 'location': {'street': {'number': 5770, 'name': 'میدان سلماس'}, 'city': 'ساوه', 'state': 'فارس', 'country': 'Iran', 'postcode': 27112, 'coordinates': {'latitude': '13.8687', 'longitude': '152.3893'}, 'timezone': {'offset': '-2:00', 'description': 'Mid-Atlantic'}}, 'email': 'sryn.sdr@example.com', 'login': {'uuid': '76469b87-3e5b-47eb-ae45-89d95b07f34e', 'username': 'goldenleopard635', 'password': 'dirk', 'salt': '6tTD4QO6', 'md5': '6e1f8f49667f199d082a9df2dfbe68db', 'sha1': '726401f504ed4c3983d6b233e350503e151085a0', 'sha256': '29e36bbb454437435eafb452d3ea1dad1e155c1405fb72a4be2f7124150eaae6'}, 'dob': {'date': '1991-08-22T19:22:44.332Z', 'age': 32}, 'registered': {'date': '2014-01-20T22:36:39.373Z', 'age': 10}, 'phone': '070-49229592', 'cell': '0926-283-8165', 'id': {'name': '', 'value': None}, 'picture': {'large': 'https://randomuser.me/api/portraits/women/30.jpg', 'medium': 'https://randomuser.me/api/portraits/med/women/30.jpg', 'thumbnail': 'https://randomuser.me/api/portraits/thumb/women/30.jpg'}, 'nat': 'IR'}</msg>
<arg>${json_data['results'][0]}</arg>
<doc>Logs the given message with the given level.</doc>
<status status="PASS" start="2024-03-23T02:19:00.138994" elapsed="0.000419"/>
</kw>
<kw name="Log" owner="BuiltIn">
<msg time="2024-03-23T02:19:00.139834" level="INFO">email</msg>
<arg>${key}</arg>
<doc>Logs the given message with the given level.</doc>
<status status="PASS" start="2024-03-23T02:19:00.139708" elapsed="0.000164"/>
</kw>
<var name="${key}">email</var>
<status status="PASS" start="2024-03-23T02:19:00.138163" elapsed="0.001925"/>
</iter>
<iter>
<kw name="Dictionary Should Contain Key" owner="Collections">
<msg time="2024-03-23T02:19:00.140760" level="INFO">False</msg>
<arg>${json_data['results'][0]}</arg>
<arg>${key}</arg>
<doc>Fails if ``key`` is not found from ``dictionary``.</doc>
<status status="PASS" start="2024-03-23T02:19:00.140376" elapsed="0.000421"/>
</kw>
<kw name="Log" owner="BuiltIn">
<msg time="2024-03-23T02:19:00.141459" level="INFO">{'gender': 'female', 'name': {'title': 'Miss', 'first': 'سارینا', 'last': 'صدر'}, 'location': {'street': {'number': 5770, 'name': 'میدان سلماس'}, 'city': 'ساوه', 'state': 'فارس', 'country': 'Iran', 'postcode': 27112, 'coordinates': {'latitude': '13.8687', 'longitude': '152.3893'}, 'timezone': {'offset': '-2:00', 'description': 'Mid-Atlantic'}}, 'email': 'sryn.sdr@example.com', 'login': {'uuid': '76469b87-3e5b-47eb-ae45-89d95b07f34e', 'username': 'goldenleopard635', 'password': 'dirk', 'salt': '6tTD4QO6', 'md5': '6e1f8f49667f199d082a9df2dfbe68db', 'sha1': '726401f504ed4c3983d6b233e350503e151085a0', 'sha256': '29e36bbb454437435eafb452d3ea1dad1e155c1405fb72a4be2f7124150eaae6'}, 'dob': {'date': '1991-08-22T19:22:44.332Z', 'age': 32}, 'registered': {'date': '2014-01-20T22:36:39.373Z', 'age': 10}, 'phone': '070-49229592', 'cell': '0926-283-8165', 'id': {'name': '', 'value': None}, 'picture': {'large': 'https://randomuser.me/api/portraits/women/30.jpg', 'medium': 'https://randomuser.me/api/portraits/med/women/30.jpg', 'thumbnail': 'https://randomuser.me/api/portraits/thumb/women/30.jpg'}, 'nat': 'IR'}</msg>
<arg>${json_data['results'][0]}</arg>
<doc>Logs the given message with the given level.</doc>
<status status="PASS" start="2024-03-23T02:19:00.141091" elapsed="0.000417"/>
</kw>
<kw name="Log" owner="BuiltIn">
<msg time="2024-03-23T02:19:00.141967" level="INFO">login</msg>
<arg>${key}</arg>
<doc>Logs the given message with the given level.</doc>
<status status="PASS" start="2024-03-23T02:19:00.141837" elapsed="0.000276"/>
</kw>
<var name="${key}">login</var>
<status status="PASS" start="2024-03-23T02:19:00.140260" elapsed="0.002085"/>
</iter>
<var>${key}</var>
<value>@{expected_keys}</value>
<status status="PASS" start="2024-03-23T02:19:00.131343" elapsed="0.011150"/>
</for>
<kw name="Create List" owner="BuiltIn">
<msg time="2024-03-23T02:19:00.142844" level="INFO">${expected_keysTwo} = ['username', 'password']</msg>
<var>${expected_keysTwo}</var>
<arg>username</arg>
<arg>password</arg>
<doc>Returns a list containing given items.</doc>
<status status="PASS" start="2024-03-23T02:19:00.142704" elapsed="0.000164"/>
</kw>
<for flavor="IN">
<iter>
<kw name="Dictionary Should Contain Key" owner="Collections">
<msg time="2024-03-23T02:19:00.143763" level="INFO">False</msg>
<arg>${json_data['results'][0]['login']}</arg>
<arg>${keyTwo}</arg>
<doc>Fails if ``key`` is not found from ``dictionary``.</doc>
<status status="PASS" start="2024-03-23T02:19:00.143371" elapsed="0.000431"/>
</kw>
<kw name="Dictionary Should Contain Key" owner="Collections">
<msg time="2024-03-23T02:19:00.144482" level="INFO">False</msg>
<arg>${json_data['results'][0]['login']}</arg>
<arg>${keyTwo}</arg>
<doc>Fails if ``key`` is not found from ``dictionary``.</doc>
<status status="PASS" start="2024-03-23T02:19:00.144103" elapsed="0.000416"/>
</kw>
<kw name="Log" owner="BuiltIn">
<msg time="2024-03-23T02:19:00.144940" level="INFO">username</msg>
<arg>${keyTwo}</arg>
<doc>Logs the given message with the given level.</doc>
<status status="PASS" start="2024-03-23T02:19:00.144814" elapsed="0.000164"/>
</kw>
<var name="${keyTwo}">username</var>
<status status="PASS" start="2024-03-23T02:19:00.143260" elapsed="0.001935"/>
</iter>
<iter>
<kw name="Dictionary Should Contain Key" owner="Collections">
<msg time="2024-03-23T02:19:00.145882" level="INFO">False</msg>
<arg>${json_data['results'][0]['login']}</arg>
<arg>${keyTwo}</arg>
<doc>Fails if ``key`` is not found from ``dictionary``.</doc>
<status status="PASS" start="2024-03-23T02:19:00.145478" elapsed="0.000442"/>
</kw>
<kw name="Dictionary Should Contain Key" owner="Collections">
<msg time="2024-03-23T02:19:00.146592" level="INFO">False</msg>
<arg>${json_data['results'][0]['login']}</arg>
<arg>${keyTwo}</arg>
<doc>Fails if ``key`` is not found from ``dictionary``.</doc>
<status status="PASS" start="2024-03-23T02:19:00.146217" elapsed="0.000412"/>
</kw>
<kw name="Log" owner="BuiltIn">
<msg time="2024-03-23T02:19:00.147050" level="INFO">password</msg>
<arg>${keyTwo}</arg>
<doc>Logs the given message with the given level.</doc>
<status status="PASS" start="2024-03-23T02:19:00.146921" elapsed="0.000167"/>
</kw>
<var name="${keyTwo}">password</var>
<status status="PASS" start="2024-03-23T02:19:00.145368" elapsed="0.001938"/>
</iter>
<var>${keyTwo}</var>
<value>@{expected_keysTwo}</value>
<status status="PASS" start="2024-03-23T02:19:00.143108" elapsed="0.004320"/>
</for>
<status status="PASS" start="2024-03-23T02:19:00.076418" elapsed="0.071150"/>
</kw>
<doc>Testa a estrutura da resposta da API.</doc>
<tag>testeEstruturaResposta</tag>
<status status="PASS" start="2024-03-23T02:19:00.075656" elapsed="0.072067"/>
</test>
<test id="s1-s1-t4" name="Validar tipos de dados" line="28">
<kw name="Teste de Tipos de Dados" owner="random-user-service">
<kw name="GET On Session" owner="RequestsLibrary">
<msg time="2024-03-23T02:19:00.229040" level="INFO">GET Request : url=https://randomuser.me/api 
 path_url=/api 
 headers={'User-Agent': 'python-requests/2.31.0', 'Accept-Encoding': 'gzip, deflate', 'Accept': '*/*', 'Connection': 'keep-alive'} 
 body=None 
 </msg>
<msg time="2024-03-23T02:19:00.229131" level="INFO">GET Response : url=https://randomuser.me/api 
 status=200, reason=OK 
 headers={'Date': 'Sat, 23 Mar 2024 02:19:00 GMT', 'Content-Type': 'application/json; charset=utf-8', 'Transfer-Encoding': 'chunked', 'Connection': 'keep-alive', 'X-Powered-By': 'Express', 'Access-Control-Allow-Origin': '*', 'Cache-Control': 'no-cache', 'ETag': 'W/"497-9ven92kwlMAWSj1mkvK8T/i+pFc"', 'Vary': 'Accept-Encoding', 'Content-Encoding': 'gzip', 'CF-Cache-Status': 'DYNAMIC', 'Report-To': '{"endpoints":[{"url":"https:\\/\\/a.nel.cloudflare.com\\/report\\/v4?s=JDGOT1l5Wo8XzHF9JoBdlKYn37LYry2%2BRayP8IBHp5j9HeSdgzLyR7fNVCr6v9oPTx3zYmnxItazZu%2BtAr4MDZXMiMQMhnLB0yGc0CzgbCgyhOULsiP%2FNfnI8VClh8FC"}],"group":"cf-nel","max_age":604800}', 'NEL': '{"success_fraction":0,"report_to":"cf-nel","max_age":604800}', 'Server': 'cloudflare', 'CF-RAY': '868aef1df96e2d15-IAD', 'alt-svc': 'h3=":443"; ma=86400'} 
 body={"results":[{"gender":"female","name":{"title":"Madame","first":"Tamara","last":"Meunier"},"location":{"street":{"number":549,"name":"Rue du Bon-Pasteur"},"city":"Ponthaux","state":"Appenzell Innerrhoden","country":"Switzerland","postcode":5812,"coordinates":{"latitude":"-60.9993","longitude":"124.2493"},"timezone":{"offset":"+3:30","description":"Tehran"}},"email":"tamara.meunier@example.com","login":{"uuid":"ead90ca1-51f3-484c-b843-01b93e83d09d","username":"bluebear173","password":"donna1","salt":"g0nFtVRG","md5":"c5ea2f979fbb1ebaa263c9b8af4ab4b8","sha1":"5b1d20572e59e4d4f0dfc4fea3c435b829e564f7","sha256":"a955f4de91e14c9bc5edf3cec5ccffd7dead6067429693853451381956b78154"},"dob":{"date":"1984-12-20T13:32:09.956Z","age":39},"registered":{"date":"2014-03-09T02:20:51.139Z","age":10},"phone":"075 806 89 54","cell":"075 725 47 09","id":{"name":"AVS","value":"756.7042.7859.63"},"picture":{"large":"https://randomuser.me/api/portraits/women/22.jpg","medium":"https://randomuser.me/api/portraits/med/women/22.jpg","thumbnail":"https://randomuser.me/api/portraits/thumb/women/22.jpg"},"nat":"CH"}],"info":{"seed":"c2db02f15eefd1f7","results":1,"page":1,"version":"1.4"}} 
 </msg>
<msg time="2024-03-23T02:19:00.229202" level="INFO">/opt/hostedtoolcache/Python/3.12.2/x64/lib/python3.12/site-packages/urllib3/connectionpool.py:1103: InsecureRequestWarning: Unverified HTTPS request is being made to host 'randomuser.me'. Adding certificate verification is strongly advised. See: https://urllib3.readthedocs.io/en/latest/advanced-usage.html#tls-warnings
  warnings.warn(</msg>
<msg time="2024-03-23T02:19:00.229316" level="INFO">${response} = &lt;Response [200]&gt;</msg>
<var>${response}</var>
<arg>consultarAPI</arg>
<arg>/api</arg>
<doc>Sends a GET request on a previously created HTTP Session.</doc>
<status status="PASS" start="2024-03-23T02:19:00.150290" elapsed="0.079068"/>
</kw>
<kw name="Set Variable" owner="BuiltIn">
<msg time="2024-03-23T02:19:00.230184" level="INFO">${json_data} = {'results': [{'gender': 'female', 'name': {'title': 'Madame', 'first': 'Tamara', 'last': 'Meunier'}, 'location': {'street': {'number': 549, 'name': 'Rue du Bon-Pasteur'}, 'city': 'Ponthaux', 'state': ...</msg>
<var>${json_data}</var>
<arg>${response.json()}</arg>
<doc>Returns the given values which can then be assigned to a variables.</doc>
<status status="PASS" start="2024-03-23T02:19:00.229743" elapsed="0.000469"/>
</kw>
<kw name="Log" owner="BuiltIn">
<msg time="2024-03-23T02:19:00.230676" level="INFO">{'results': [{'gender': 'female', 'name': {'title': 'Madame', 'first': 'Tamara', 'last': 'Meunier'}, 'location': {'street': {'number': 549, 'name': 'Rue du Bon-Pasteur'}, 'city': 'Ponthaux', 'state': 'Appenzell Innerrhoden', 'country': 'Switzerland', 'postcode': 5812, 'coordinates': {'latitude': '-60.9993', 'longitude': '124.2493'}, 'timezone': {'offset': '+3:30', 'description': 'Tehran'}}, 'email': 'tamara.meunier@example.com', 'login': {'uuid': 'ead90ca1-51f3-484c-b843-01b93e83d09d', 'username': 'bluebear173', 'password': 'donna1', 'salt': 'g0nFtVRG', 'md5': 'c5ea2f979fbb1ebaa263c9b8af4ab4b8', 'sha1': '5b1d20572e59e4d4f0dfc4fea3c435b829e564f7', 'sha256': 'a955f4de91e14c9bc5edf3cec5ccffd7dead6067429693853451381956b78154'}, 'dob': {'date': '1984-12-20T13:32:09.956Z', 'age': 39}, 'registered': {'date': '2014-03-09T02:20:51.139Z', 'age': 10}, 'phone': '075 806 89 54', 'cell': '075 725 47 09', 'id': {'name': 'AVS', 'value': '756.7042.7859.63'}, 'picture': {'large': 'https://randomuser.me/api/portraits/women/22.jpg', 'medium': 'https://randomuser.me/api/portraits/med/women/22.jpg', 'thumbnail': 'https://randomuser.me/api/portraits/thumb/women/22.jpg'}, 'nat': 'CH'}], 'info': {'seed': 'c2db02f15eefd1f7', 'results': 1, 'page': 1, 'version': '1.4'}}</msg>
<arg>${json_data}</arg>
<doc>Logs the given message with the given level.</doc>
<status status="PASS" start="2024-03-23T02:19:00.230519" elapsed="0.000235"/>
</kw>
<kw name="Should Be String" owner="String">
<arg>${json_data['results'][0]['gender']}</arg>
<doc>Fails if the given ``item`` is not a string.</doc>
<status status="PASS" start="2024-03-23T02:19:00.231057" elapsed="0.000363"/>
</kw>
<kw name="Should Match Regexp" owner="BuiltIn">
<arg>${json_data['results'][0]['email']}</arg>
<arg>^[a-zA-Z0-9._%+-]+@[a-zA-Z0-9.-]+\.[a-zA-Z]{2,}$</arg>
<doc>Fails if ``string`` does not match ``pattern`` as a regular expression.</doc>
<status status="PASS" start="2024-03-23T02:19:00.231615" elapsed="0.000515"/>
</kw>
<kw name="Should Match Regexp" owner="BuiltIn">
<arg>${json_data['results'][0]['dob']['date']}</arg>
<arg>\\d{4}-\\d{2}-\\d{2}T\\d{2}:\\d{2}:\\d{2}\\.\\d{3}Z</arg>
<doc>Fails if ``string`` does not match ``pattern`` as a regular expression.</doc>
<status status="PASS" start="2024-03-23T02:19:00.232330" elapsed="0.000489"/>
</kw>
<kw name="Should Match Regexp" owner="BuiltIn">
<arg>${json_data['results'][0]['registered']['date']}</arg>
<arg>\\d{4}-\\d{2}-\\d{2}T\\d{2}:\\d{2}:\\d{2}\\.\\d{3}Z</arg>
<doc>Fails if ``string`` does not match ``pattern`` as a regular expression.</doc>
<status status="PASS" start="2024-03-23T02:19:00.233014" elapsed="0.000368"/>
</kw>
<kw name="Should Match Regexp" owner="BuiltIn">
<arg>${json_data['results'][0]['picture']['large']}</arg>
<arg>^https?://.*\.(?:png|jpe?g|gif|bmp)$</arg>
<doc>Fails if ``string`` does not match ``pattern`` as a regular expression.</doc>
<status status="PASS" start="2024-03-23T02:19:00.233571" elapsed="0.000498"/>
</kw>
<kw name="Should Match Regexp" owner="BuiltIn">
<arg>${json_data['results'][0]['picture']['medium']}</arg>
<arg>^https?://.*\.(?:png|jpe?g|gif|bmp)$</arg>
<doc>Fails if ``string`` does not match ``pattern`` as a regular expression.</doc>
<status status="PASS" start="2024-03-23T02:19:00.234263" elapsed="0.000374"/>
</kw>
<kw name="Should Match Regexp" owner="BuiltIn">
<arg>${json_data['results'][0]['picture']['thumbnail']}</arg>
<arg>^https?://.*\.(?:png|jpe?g|gif|bmp)$</arg>
<doc>Fails if ``string`` does not match ``pattern`` as a regular expression.</doc>
<status status="PASS" start="2024-03-23T02:19:00.234825" elapsed="0.000355"/>
</kw>
<kw name="Log" owner="BuiltIn">
<msg time="2024-03-23T02:19:00.235693" level="INFO">{'large': 'https://randomuser.me/api/portraits/women/22.jpg', 'medium': 'https://randomuser.me/api/portraits/med/women/22.jpg', 'thumbnail': 'https://randomuser.me/api/portraits/thumb/women/22.jpg'}</msg>
<arg>${json_data['results'][0]['picture']}</arg>
<doc>Logs the given message with the given level.</doc>
<status status="PASS" start="2024-03-23T02:19:00.235364" elapsed="0.000376"/>
</kw>
<status status="PASS" start="2024-03-23T02:19:00.150042" elapsed="0.085953"/>
</kw>
<kw name="Teste de Tipos de Dados - Postcode" owner="random-user-service">
<kw name="GET On Session" owner="RequestsLibrary">
<msg time="2024-03-23T02:19:00.331388" level="INFO">GET Request : url=https://randomuser.me/api 
 path_url=/api 
 headers={'User-Agent': 'python-requests/2.31.0', 'Accept-Encoding': 'gzip, deflate', 'Accept': '*/*', 'Connection': 'keep-alive'} 
 body=None 
 </msg>
<msg time="2024-03-23T02:19:00.331498" level="INFO">GET Response : url=https://randomuser.me/api 
 status=200, reason=OK 
 headers={'Date': 'Sat, 23 Mar 2024 02:19:00 GMT', 'Content-Type': 'application/json; charset=utf-8', 'Transfer-Encoding': 'chunked', 'Connection': 'keep-alive', 'X-Powered-By': 'Express', 'Access-Control-Allow-Origin': '*', 'Cache-Control': 'no-cache', 'ETag': 'W/"49e-ZD0PW+sDRGRNn0H3yr5e/UwoL44"', 'Vary': 'Accept-Encoding', 'Content-Encoding': 'gzip', 'CF-Cache-Status': 'DYNAMIC', 'Report-To': '{"endpoints":[{"url":"https:\\/\\/a.nel.cloudflare.com\\/report\\/v4?s=YSHoHFq1SREDseJ3OgkK0VBy5oPPMaLYoVY%2BRZkHmF6y8t8vmNqaYDMJGLecje9N%2BT%2BMkH4Zfjpgw03iq81z43GcKwOUeJ%2FmZ4ws193h%2Bjt7qPr0Ey1iaYpeTTAN%2FzDf"}],"group":"cf-nel","max_age":604800}', 'NEL': '{"success_fraction":0,"report_to":"cf-nel","max_age":604800}', 'Server': 'cloudflare', 'CF-RAY': '868aef1e8a1a2d15-IAD', 'alt-svc': 'h3=":443"; ma=86400'} 
 body={"results":[{"gender":"female","name":{"title":"Miss","first":"Carla","last":"Santana"},"location":{"street":{"number":6175,"name":"Calle de Arturo Soria"},"city":"Zaragoza","state":"Canarias","country":"Spain","postcode":39654,"coordinates":{"latitude":"-33.6731","longitude":"170.5657"},"timezone":{"offset":"+9:00","description":"Tokyo, Seoul, Osaka, Sapporo, Yakutsk"}},"email":"carla.santana@example.com","login":{"uuid":"2d1e95f2-58de-42a3-9e61-39b92c918a1d","username":"beautifulduck625","password":"harris","salt":"IZ6kQmM7","md5":"a97e0d662d36777baa9a0d9d071a91c3","sha1":"8df2102af076bd5dfdcdcacefef640085bc526a8","sha256":"7c91f094c9aed6802944aa7d50b639fbbb8a5f3cbc19746e028bd0e98b006a81"},"dob":{"date":"1984-10-31T06:12:33.020Z","age":39},"registered":{"date":"2014-10-02T21:17:47.357Z","age":9},"phone":"976-056-084","cell":"624-333-758","id":{"name":"DNI","value":"39484160-F"},"picture":{"large":"https://randomuser.me/api/portraits/women/17.jpg","medium":"https://randomuser.me/api/portraits/med/women/17.jpg","thumbnail":"https://randomuser.me/api/portraits/thumb/women/17.jpg"},"nat":"ES"}],"info":{"seed":"a739514af72ed41c","results":1,"page":1,"version":"1.4"}} 
 </msg>
<msg time="2024-03-23T02:19:00.331596" level="INFO">/opt/hostedtoolcache/Python/3.12.2/x64/lib/python3.12/site-packages/urllib3/connectionpool.py:1103: InsecureRequestWarning: Unverified HTTPS request is being made to host 'randomuser.me'. Adding certificate verification is strongly advised. See: https://urllib3.readthedocs.io/en/latest/advanced-usage.html#tls-warnings
  warnings.warn(</msg>
<msg time="2024-03-23T02:19:00.331761" level="INFO">${response} = &lt;Response [200]&gt;</msg>
<var>${response}</var>
<arg>consultarAPI</arg>
<arg>/api</arg>
<doc>Sends a GET request on a previously created HTTP Session.</doc>
<status status="PASS" start="2024-03-23T02:19:00.236547" elapsed="0.095266"/>
</kw>
<kw name="Set Variable" owner="BuiltIn">
<msg time="2024-03-23T02:19:00.332856" level="INFO">${json_data} = {'results': [{'gender': 'female', 'name': {'title': 'Miss', 'first': 'Carla', 'last': 'Santana'}, 'location': {'street': {'number': 6175, 'name': 'Calle de Arturo Soria'}, 'city': 'Zaragoza', 'state':...</msg>
<var>${json_data}</var>
<arg>${response.json()}</arg>
<doc>Returns the given values which can then be assigned to a variables.</doc>
<status status="PASS" start="2024-03-23T02:19:00.332351" elapsed="0.000532"/>
</kw>
<kw name="Log" owner="BuiltIn">
<msg time="2024-03-23T02:19:00.333348" level="INFO">{'results': [{'gender': 'female', 'name': {'title': 'Miss', 'first': 'Carla', 'last': 'Santana'}, 'location': {'street': {'number': 6175, 'name': 'Calle de Arturo Soria'}, 'city': 'Zaragoza', 'state': 'Canarias', 'country': 'Spain', 'postcode': 39654, 'coordinates': {'latitude': '-33.6731', 'longitude': '170.5657'}, 'timezone': {'offset': '+9:00', 'description': 'Tokyo, Seoul, Osaka, Sapporo, Yakutsk'}}, 'email': 'carla.santana@example.com', 'login': {'uuid': '2d1e95f2-58de-42a3-9e61-39b92c918a1d', 'username': 'beautifulduck625', 'password': 'harris', 'salt': 'IZ6kQmM7', 'md5': 'a97e0d662d36777baa9a0d9d071a91c3', 'sha1': '8df2102af076bd5dfdcdcacefef640085bc526a8', 'sha256': '7c91f094c9aed6802944aa7d50b639fbbb8a5f3cbc19746e028bd0e98b006a81'}, 'dob': {'date': '1984-10-31T06:12:33.020Z', 'age': 39}, 'registered': {'date': '2014-10-02T21:17:47.357Z', 'age': 9}, 'phone': '976-056-084', 'cell': '624-333-758', 'id': {'name': 'DNI', 'value': '39484160-F'}, 'picture': {'large': 'https://randomuser.me/api/portraits/women/17.jpg', 'medium': 'https://randomuser.me/api/portraits/med/women/17.jpg', 'thumbnail': 'https://randomuser.me/api/portraits/thumb/women/17.jpg'}, 'nat': 'ES'}], 'info': {'seed': 'a739514af72ed41c', 'results': 1, 'page': 1, 'version': '1.4'}}</msg>
<arg>${json_data}</arg>
<doc>Logs the given message with the given level.</doc>
<status status="PASS" start="2024-03-23T02:19:00.333193" elapsed="0.000238"/>
</kw>
<kw name="Should Be Equal As Numbers" owner="BuiltIn">
<arg>${json_data['results'][0]['location']['postcode']}</arg>
<arg>${json_data['results'][0]['location']['postcode']}</arg>
<doc>Fails if objects are unequal after converting them to real numbers.</doc>
<status status="PASS" start="2024-03-23T02:19:00.333784" elapsed="0.000645"/>
</kw>
<kw name="Log" owner="BuiltIn">
<msg time="2024-03-23T02:19:00.334992" level="INFO">39654</msg>
<arg>${json_data['results'][0]['location']['postcode']}</arg>
<doc>Logs the given message with the given level.</doc>
<status status="PASS" start="2024-03-23T02:19:00.334644" elapsed="0.000389"/>
</kw>
<status status="PASS" start="2024-03-23T02:19:00.236209" elapsed="0.099086"/>
</kw>
<doc>Testa se os tipos de dados na resposta da API estão corretos.</doc>
<tag>testeTiposDados</tag>
<status status="PASS" start="2024-03-23T02:19:00.149459" elapsed="0.186018"/>
</test>
<test id="s1-s1-t5" name="Validar conteudo" line="35">
<kw name="Teste de Tipos de Conteudo" owner="random-user-service">
<kw name="GET On Session" owner="RequestsLibrary">
<msg time="2024-03-23T02:19:00.425880" level="INFO">GET Request : url=https://randomuser.me/api 
 path_url=/api 
 headers={'User-Agent': 'python-requests/2.31.0', 'Accept-Encoding': 'gzip, deflate', 'Accept': '*/*', 'Connection': 'keep-alive'} 
 body=None 
 </msg>
<msg time="2024-03-23T02:19:00.425977" level="INFO">GET Response : url=https://randomuser.me/api 
 status=200, reason=OK 
 headers={'Date': 'Sat, 23 Mar 2024 02:19:00 GMT', 'Content-Type': 'application/json; charset=utf-8', 'Transfer-Encoding': 'chunked', 'Connection': 'keep-alive', 'X-Powered-By': 'Express', 'Access-Control-Allow-Origin': '*', 'Cache-Control': 'no-cache', 'ETag': 'W/"475-GEzlmT5+xNaoB4kGc7vD+BAEFsw"', 'Vary': 'Accept-Encoding', 'Content-Encoding': 'gzip', 'CF-Cache-Status': 'DYNAMIC', 'Report-To': '{"endpoints":[{"url":"https:\\/\\/a.nel.cloudflare.com\\/report\\/v4?s=IvwF07a87nHiVFLS0TG9ITOyN%2BvrJDxbOMBTabFGRIDSh%2FoiJE5KuAFeuUI60rsV3pIA59TPvLodcB697gzxst%2FK%2BwrnoUoWGRG34U6eWI2eyviaJqUtGTDgDNCbrdKG"}],"group":"cf-nel","max_age":604800}', 'NEL': '{"success_fraction":0,"report_to":"cf-nel","max_age":604800}', 'Server': 'cloudflare', 'CF-RAY': '868aef1f2b072d15-IAD', 'alt-svc': 'h3=":443"; ma=86400'} 
 body={"results":[{"gender":"male","name":{"title":"Mr","first":"Nicklas","last":"Poulsen"},"location":{"street":{"number":2869,"name":"Havbakken"},"city":"Ansager","state":"Syddanmark","country":"Denmark","postcode":11975,"coordinates":{"latitude":"-46.1759","longitude":"-8.7328"},"timezone":{"offset":"+7:00","description":"Bangkok, Hanoi, Jakarta"}},"email":"nicklas.poulsen@example.com","login":{"uuid":"add441d0-6d57-49b6-b3b5-11e229ad0640","username":"sadfrog173","password":"catman","salt":"yZuDMQzD","md5":"612653d63f8f35382c26f8ccfbc002f7","sha1":"faff678ee6eb67f157ee2e39b2cc7efb9d5821f2","sha256":"1492689594adaeee159c7836dee795182746462bfd8ce6943c096db8238e7b9e"},"dob":{"date":"1948-03-31T13:21:12.166Z","age":75},"registered":{"date":"2020-03-26T08:49:48.359Z","age":3},"phone":"15680420","cell":"41678980","id":{"name":"CPR","value":"310348-2361"},"picture":{"large":"https://randomuser.me/api/portraits/men/14.jpg","medium":"https://randomuser.me/api/portraits/med/men/14.jpg","thumbnail":"https://randomuser.me/api/portraits/thumb/men/14.jpg"},"nat":"DK"}],"info":{"seed":"e4309b83f8202f91","results":1,"page":1,"version":"1.4"}} 
 </msg>
<msg time="2024-03-23T02:19:00.426041" level="INFO">/opt/hostedtoolcache/Python/3.12.2/x64/lib/python3.12/site-packages/urllib3/connectionpool.py:1103: InsecureRequestWarning: Unverified HTTPS request is being made to host 'randomuser.me'. Adding certificate verification is strongly advised. See: https://urllib3.readthedocs.io/en/latest/advanced-usage.html#tls-warnings
  warnings.warn(</msg>
<msg time="2024-03-23T02:19:00.426157" level="INFO">${response} = &lt;Response [200]&gt;</msg>
<var>${response}</var>
<arg>consultarAPI</arg>
<arg>/api</arg>
<doc>Sends a GET request on a previously created HTTP Session.</doc>
<status status="PASS" start="2024-03-23T02:19:00.338792" elapsed="0.087396"/>
</kw>
<kw name="Set Variable" owner="BuiltIn">
<msg time="2024-03-23T02:19:00.427251" level="INFO">${json_data} = {'results': [{'gender': 'male', 'name': {'title': 'Mr', 'first': 'Nicklas', 'last': 'Poulsen'}, 'location': {'street': {'number': 2869, 'name': 'Havbakken'}, 'city': 'Ansager', 'state': 'Syddanmark', ...</msg>
<var>${json_data}</var>
<arg>${response.json()}</arg>
<doc>Returns the given values which can then be assigned to a variables.</doc>
<status status="PASS" start="2024-03-23T02:19:00.426731" elapsed="0.000548"/>
</kw>
<kw name="Set Variable" owner="BuiltIn">
<msg time="2024-03-23T02:19:00.427959" level="INFO">${name_title} = Mr</msg>
<var>${name_title}</var>
<arg>${json_data["results"][0]["name"]["title"]}</arg>
<doc>Returns the given values which can then be assigned to a variables.</doc>
<status status="PASS" start="2024-03-23T02:19:00.427582" elapsed="0.000403"/>
</kw>
<kw name="Create List" owner="BuiltIn">
<msg time="2024-03-23T02:19:00.428434" level="INFO">${allowed_titles} = ['Mr', 'Ms', 'Miss', 'Mrs', 'Madame', 'Monsieur']</msg>
<var>${allowed_titles}</var>
<arg>Mr</arg>
<arg>Ms</arg>
<arg>Miss</arg>
<arg>Mrs</arg>
<arg>Madame</arg>
<arg>Monsieur</arg>
<doc>Returns a list containing given items.</doc>
<status status="PASS" start="2024-03-23T02:19:00.428285" elapsed="0.000173"/>
</kw>
<kw name="List Should Contain Value" owner="Collections">
<msg time="2024-03-23T02:19:00.428940" level="INFO">False</msg>
<arg>${allowed_titles}</arg>
<arg>${name_title}</arg>
<doc>Fails if the ``value`` is not found from ``list``.</doc>
<status status="PASS" start="2024-03-23T02:19:00.428766" elapsed="0.000211"/>
</kw>
<kw name="Set Variable" owner="BuiltIn">
<msg time="2024-03-23T02:19:00.429640" level="INFO">${name_country} = DK</msg>
<var>${name_country}</var>
<arg>${json_data["results"][0]["nat"]}</arg>
<doc>Returns the given values which can then be assigned to a variables.</doc>
<status status="PASS" start="2024-03-23T02:19:00.429264" elapsed="0.000428"/>
</kw>
<kw name="Create List" owner="BuiltIn">
<msg time="2024-03-23T02:19:00.430610" level="INFO">${list_country} = ['AD', 'AE', 'AF', 'AG', 'AI', 'AL', 'AM', 'AO', 'AQ', 'AR', 'AS', 'AT', 'AU', 'AW', 'AX', 'AZ', 'BA', 'BB', 'BD', 'BE', 'BF', 'BG', 'BH', 'BI', 'BJ', 'BL', 'BM', 'BN', 'BO', 'BQ', 'BR', 'BS', 'BT', '...</msg>
<var>${list_country}</var>
<arg>AD</arg>
<arg>AE</arg>
<arg>AF</arg>
<arg>AG</arg>
<arg>AI</arg>
<arg>AL</arg>
<arg>AM</arg>
<arg>AO</arg>
<arg>AQ</arg>
<arg>AR</arg>
<arg>AS</arg>
<arg>AT</arg>
<arg>AU</arg>
<arg>AW</arg>
<arg>AX</arg>
<arg>AZ</arg>
<arg>BA</arg>
<arg>BB</arg>
<arg>BD</arg>
<arg>BE</arg>
<arg>BF</arg>
<arg>BG</arg>
<arg>BH</arg>
<arg>BI</arg>
<arg>BJ</arg>
<arg>BL</arg>
<arg>BM</arg>
<arg>BN</arg>
<arg>BO</arg>
<arg>BQ</arg>
<arg>BR</arg>
<arg>BS</arg>
<arg>BT</arg>
<arg>BV</arg>
<arg>BW</arg>
<arg>BY</arg>
<arg>BZ</arg>
<arg>CA</arg>
<arg>CC</arg>
<arg>CD</arg>
<arg>CF</arg>
<arg>CG</arg>
<arg>CH</arg>
<arg>CI</arg>
<arg>CK</arg>
<arg>CL</arg>
<arg>CM</arg>
<arg>CN</arg>
<arg>CO</arg>
<arg>CR</arg>
<arg>CU</arg>
<arg>CV</arg>
<arg>CW</arg>
<arg>CX</arg>
<arg>CY</arg>
<arg>CZ</arg>
<arg>DE</arg>
<arg>DJ</arg>
<arg>DK</arg>
<arg>DM</arg>
<arg>DO</arg>
<arg>DZ</arg>
<arg>EC</arg>
<arg>EE</arg>
<arg>EG</arg>
<arg>EH</arg>
<arg>ER</arg>
<arg>ES</arg>
<arg>ET</arg>
<arg>FI</arg>
<arg>FJ</arg>
<arg>FK</arg>
<arg>FM</arg>
<arg>FO</arg>
<arg>FR</arg>
<arg>GA</arg>
<arg>GB</arg>
<arg>GD</arg>
<arg>GE</arg>
<arg>GF</arg>
<arg>GG</arg>
<arg>GH</arg>
<arg>GI</arg>
<arg>GL</arg>
<arg>GM</arg>
<arg>GN</arg>
<arg>GP</arg>
<arg>GQ</arg>
<arg>GR</arg>
<arg>GS</arg>
<arg>GT</arg>
<arg>GU</arg>
<arg>GW</arg>
<arg>GY</arg>
<arg>HK</arg>
<arg>HM</arg>
<arg>HN</arg>
<arg>HR</arg>
<arg>HT</arg>
<arg>HU</arg>
<arg>ID</arg>
<arg>IE</arg>
<arg>IL</arg>
<arg>IM</arg>
<arg>IN</arg>
<arg>IO</arg>
<arg>IQ</arg>
<arg>IR</arg>
<arg>IS</arg>
<arg>IT</arg>
<arg>JE</arg>
<arg>JM</arg>
<arg>JO</arg>
<arg>JP</arg>
<arg>KE</arg>
<arg>KG</arg>
<arg>KH</arg>
<arg>KI</arg>
<arg>KM</arg>
<arg>KN</arg>
<arg>KP</arg>
<arg>KR</arg>
<arg>KW</arg>
<arg>KY</arg>
<arg>KZ</arg>
<arg>LA</arg>
<arg>LB</arg>
<arg>LC</arg>
<arg>LI</arg>
<arg>LK</arg>
<arg>LR</arg>
<arg>LS</arg>
<arg>LT</arg>
<arg>LU</arg>
<arg>LV</arg>
<arg>LY</arg>
<arg>MA</arg>
<arg>MC</arg>
<arg>MD</arg>
<arg>ME</arg>
<arg>MF</arg>
<arg>MG</arg>
<arg>MH</arg>
<arg>MK</arg>
<arg>ML</arg>
<arg>MM</arg>
<arg>MN</arg>
<arg>MO</arg>
<arg>MP</arg>
<arg>MQ</arg>
<arg>MR</arg>
<arg>MS</arg>
<arg>MT</arg>
<arg>MU</arg>
<arg>MV</arg>
<arg>MW</arg>
<arg>MX</arg>
<arg>MY</arg>
<arg>MZ</arg>
<arg>NA</arg>
<arg>NC</arg>
<arg>NE</arg>
<arg>NF</arg>
<arg>NG</arg>
<arg>NI</arg>
<arg>NL</arg>
<arg>NO</arg>
<arg>NP</arg>
<arg>NR</arg>
<arg>NU</arg>
<arg>NZ</arg>
<arg>OM</arg>
<arg>PA</arg>
<arg>PE</arg>
<arg>PF</arg>
<arg>PG</arg>
<arg>PH</arg>
<arg>PK</arg>
<arg>PL</arg>
<arg>PM</arg>
<arg>PN</arg>
<arg>PR</arg>
<arg>PS</arg>
<arg>PT</arg>
<arg>PW</arg>
<arg>PY</arg>
<arg>QA</arg>
<arg>RE</arg>
<arg>RO</arg>
<arg>RS</arg>
<arg>RU</arg>
<arg>RW</arg>
<arg>SA</arg>
<arg>SB</arg>
<arg>SC</arg>
<arg>SD</arg>
<arg>SE</arg>
<arg>SG</arg>
<arg>SH</arg>
<arg>SI</arg>
<arg>SJ</arg>
<arg>SK</arg>
<arg>SL</arg>
<arg>SM</arg>
<arg>SN</arg>
<arg>SO</arg>
<arg>SR</arg>
<arg>SS</arg>
<arg>ST</arg>
<arg>SV</arg>
<arg>SX</arg>
<arg>SY</arg>
<arg>SZ</arg>
<arg>TC</arg>
<arg>TD</arg>
<arg>TF</arg>
<arg>TG</arg>
<arg>TH</arg>
<arg>TJ</arg>
<arg>TK</arg>
<arg>TL</arg>
<arg>TM</arg>
<arg>TN</arg>
<arg>TO</arg>
<arg>TR</arg>
<arg>TT</arg>
<arg>TV</arg>
<arg>TW</arg>
<arg>TZ</arg>
<arg>UA</arg>
<arg>UG</arg>
<arg>UM</arg>
<arg>US</arg>
<arg>UY</arg>
<arg>UZ</arg>
<arg>VA</arg>
<arg>VC</arg>
<arg>VE</arg>
<arg>VG</arg>
<arg>VI</arg>
<arg>VN</arg>
<arg>VU</arg>
<arg>WF</arg>
<arg>WS</arg>
<arg>XK</arg>
<arg>YE</arg>
<arg>YT</arg>
<arg>ZA</arg>
<arg>ZM</arg>
<arg>ZW</arg>
<doc>Returns a list containing given items.</doc>
<status status="PASS" start="2024-03-23T02:19:00.430008" elapsed="0.000627"/>
</kw>
<kw name="List Should Contain Value" owner="Collections">
<msg time="2024-03-23T02:19:00.431763" level="INFO">False</msg>
<arg>${list_country}</arg>
<arg>${name_country}</arg>
<doc>Fails if the ``value`` is not found from ``list``.</doc>
<status status="PASS" start="2024-03-23T02:19:00.431560" elapsed="0.000241"/>
</kw>
<kw name="Run Keyword If" owner="BuiltIn">
<kw name="Should Be True" owner="BuiltIn">
<arg>${True}</arg>
<doc>Fails if the given condition is not true.</doc>
<status status="PASS" start="2024-03-23T02:19:00.432876" elapsed="0.000144"/>
</kw>
<arg>${json_data["results"][0]["location"]["coordinates"]["latitude"]} &gt;= -90 and ${json_data["results"][0]["location"]["coordinates"]["latitude"]} &lt;= 90</arg>
<arg>Should Be True</arg>
<arg>${True}</arg>
<doc>Runs the given keyword with the given arguments, if ``condition`` is true.</doc>
<status status="PASS" start="2024-03-23T02:19:00.432116" elapsed="0.001031"/>
</kw>
<kw name="Run Keyword If" owner="BuiltIn">
<kw name="Should Be True" owner="BuiltIn">
<arg>${True}</arg>
<doc>Fails if the given condition is not true.</doc>
<status status="PASS" start="2024-03-23T02:19:00.434060" elapsed="0.000139"/>
</kw>
<arg>${json_data["results"][0]["location"]["coordinates"]["longitude"]} &gt;= -180 and ${json_data["results"][0]["location"]["coordinates"]["longitude"]} &lt;= 180</arg>
<arg>Should Be True</arg>
<arg>${True}</arg>
<doc>Runs the given keyword with the given arguments, if ``condition`` is true.</doc>
<status status="PASS" start="2024-03-23T02:19:00.433331" elapsed="0.000993"/>
</kw>
<status status="PASS" start="2024-03-23T02:19:00.338412" elapsed="0.096044"/>
</kw>
<doc>Testa o conteúdo específico dos campos retornados pela API.</doc>
<tag>testeConteudo</tag>
<status status="PASS" start="2024-03-23T02:19:00.337648" elapsed="0.096963"/>
</test>
<status status="PASS" start="2024-03-23T02:18:59.335445" elapsed="1.101142"/>
</suite>
<status status="PASS" start="2024-03-23T02:18:59.321694" elapsed="1.120318"/>
</suite>
<statistics>
<total>
<stat pass="5" fail="0" skip="0">All Tests</stat>
</total>
<tag>
<stat pass="1" fail="0" skip="0">testeConteudo</stat>
<stat pass="1" fail="0" skip="0">testeEstruturaResposta</stat>
<stat pass="1" fail="0" skip="0">testeRequisicaoBasica</stat>
<stat pass="1" fail="0" skip="0">testeTiposDados</stat>
</tag>
<suite>
<stat pass="5" fail="0" skip="0" id="s1" name="Tests">Tests</stat>
<stat pass="5" fail="0" skip="0" id="s1-s1" name="Random-User-Test">Tests.Random-User-Test</stat>
</suite>
</statistics>
<errors>
</errors>
</robot>
