<?xml version="1.0" encoding="UTF-8"?>
<robot generator="Robot 7.0 (Python 3.12.3 on linux)" generated="2024-05-31T12:27:37.967357" rpa="false" schemaversion="5">
<suite id="s1" name="Tests" source="/home/runner/work/ApiRandomUser/ApiRandomUser/RamdonUser/tests">
<suite id="s1-s1" name="Random-User-Test" source="/home/runner/work/ApiRandomUser/ApiRandomUser/RamdonUser/tests/random-user-test.robot">
<test id="s1-s1-t1" name="Conectar" line="13">
<kw name="Conectar API" owner="random-user-service">
<kw name="Create Session" owner="RequestsLibrary">
<msg time="2024-05-31T12:27:38.380870" level="INFO">Creating Session using : alias=consultarAPI, url=https://randomuser.me/, headers={},                     cookies={}, auth=None, timeout=None, proxies=None, verify=False,                     debug=0 </msg>
<arg>consultarAPI</arg>
<arg>${URL}</arg>
<doc>Create Session: create a HTTP session to a server</doc>
<status status="PASS" start="2024-05-31T12:27:38.380669" elapsed="0.000374"/>
</kw>
<status status="PASS" start="2024-05-31T12:27:38.379603" elapsed="0.001791"/>
</kw>
<status status="PASS" start="2024-05-31T12:27:38.379003" elapsed="0.002586"/>
</test>
<test id="s1-s1-t2" name="Validar retorno 200 e JSON Válido" line="16">
<kw name="Teste de Requisicao Basica" owner="random-user-service">
<kw name="GET On Session" owner="RequestsLibrary">
<msg time="2024-05-31T12:27:38.555098" level="INFO">GET Request : url=https://randomuser.me/api 
 path_url=/api 
 headers={'User-Agent': 'python-requests/2.32.3', 'Accept-Encoding': 'gzip, deflate', 'Accept': '*/*', 'Connection': 'keep-alive'} 
 body=None 
 </msg>
<msg time="2024-05-31T12:27:38.555243" level="INFO">GET Response : url=https://randomuser.me/api 
 status=200, reason=OK 
 headers={'Date': 'Fri, 31 May 2024 12:27:38 GMT', 'Content-Type': 'application/json; charset=utf-8', 'Transfer-Encoding': 'chunked', 'Connection': 'keep-alive', 'X-Powered-By': 'Express', 'Access-Control-Allow-Origin': '*', 'Cache-Control': 'no-cache', 'ETag': 'W/"481-ZOvzjmMn+vSq+DkmnJ30D8lnLHU"', 'Vary': 'Accept-Encoding', 'Content-Encoding': 'gzip', 'CF-Cache-Status': 'DYNAMIC', 'Report-To': '{"endpoints":[{"url":"https:\\/\\/a.nel.cloudflare.com\\/report\\/v4?s=g7oqEPhVh%2BOze4CPu1ab1kkichgAlbDC%2FZQeZSgEbCNN2EZKmnGcUyhXqcsQmJzK3ArkwmwkKyhXJXdaNwshmy031Jmo9iGzOVt1ylN%2B%2Fn7V3OrF5%2B%2Flg%2FPem2z6iIPb"}],"group":"cf-nel","max_age":604800}', 'NEL': '{"success_fraction":0,"report_to":"cf-nel","max_age":604800}', 'Server': 'cloudflare', 'CF-RAY': '88c6f58dc8336fa1-IAD', 'alt-svc': 'h3=":443"; ma=86400'} 
 body={"results":[{"gender":"male","name":{"title":"Mr","first":"Fernando","last":"Howard"},"location":{"street":{"number":2171,"name":"Park Road"},"city":"Carrickmacross","state":"Waterford","country":"Ireland","postcode":13076,"coordinates":{"latitude":"0.5422","longitude":"-105.1500"},"timezone":{"offset":"+7:00","description":"Bangkok, Hanoi, Jakarta"}},"email":"fernando.howard@example.com","login":{"uuid":"56c393e0-604c-4eb4-b0c6-fdd174d94e23","username":"silverkoala959","password":"070462","salt":"zasX4SpE","md5":"ffe0e0d6cc3d55350cde1b258ddbfa61","sha1":"5fde2771301372bfac53321d76bca9c150a2b0ed","sha256":"5bf7b4d43e0e78f0341c269b17c31a710c44d995afa9ee8cf725818150fff4b8"},"dob":{"date":"1991-06-10T06:40:07.470Z","age":32},"registered":{"date":"2018-10-05T02:08:56.571Z","age":5},"phone":"041-285-2912","cell":"081-907-7108","id":{"name":"PPS","value":"2120150T"},"picture":{"large":"https://randomuser.me/api/portraits/men/6.jpg","medium":"https://randomuser.me/api/portraits/med/men/6.jpg","thumbnail":"https://randomuser.me/api/portraits/thumb/men/6.jpg"},"nat":"IE"}],"info":{"seed":"6a433e3654e569ee","results":1,"page":1,"version":"1.4"}} 
 </msg>
<msg time="2024-05-31T12:27:38.555324" level="INFO">/opt/hostedtoolcache/Python/3.12.3/x64/lib/python3.12/site-packages/urllib3/connectionpool.py:1103: InsecureRequestWarning: Unverified HTTPS request is being made to host 'randomuser.me'. Adding certificate verification is strongly advised. See: https://urllib3.readthedocs.io/en/latest/advanced-usage.html#tls-warnings
  warnings.warn(</msg>
<msg time="2024-05-31T12:27:38.555478" level="INFO">${response} = &lt;Response [200]&gt;</msg>
<var>${response}</var>
<arg>consultarAPI</arg>
<arg>/api</arg>
<doc>Sends a GET request on a previously created HTTP Session.</doc>
<status status="PASS" start="2024-05-31T12:27:38.384229" elapsed="0.171294"/>
</kw>
<kw name="Should Be Equal As Numbers" owner="BuiltIn">
<msg time="2024-05-31T12:27:38.556521" level="INFO">Argument types are:
&lt;class 'int'&gt;
&lt;class 'str'&gt;</msg>
<arg>${response.status_code}</arg>
<arg>200</arg>
<doc>Fails if objects are unequal after converting them to real numbers.</doc>
<status status="PASS" start="2024-05-31T12:27:38.556030" elapsed="0.000557"/>
</kw>
<kw name="Log" owner="BuiltIn">
<msg time="2024-05-31T12:27:38.557288" level="INFO">200</msg>
<arg>${response.status_code}</arg>
<doc>Logs the given message with the given level.</doc>
<status status="PASS" start="2024-05-31T12:27:38.556945" elapsed="0.000391"/>
</kw>
<kw name="Set Variable" owner="BuiltIn">
<msg time="2024-05-31T12:27:38.558079" level="INFO">${json_data} = {'results': [{'gender': 'male', 'name': {'title': 'Mr', 'first': 'Fernando', 'last': 'Howard'}, 'location': {'street': {'number': 2171, 'name': 'Park Road'}, 'city': 'Carrickmacross', 'state': 'Waterf...</msg>
<var>${json_data}</var>
<arg>${response.json()}</arg>
<doc>Returns the given values which can then be assigned to a variables.</doc>
<status status="PASS" start="2024-05-31T12:27:38.557643" elapsed="0.000465"/>
</kw>
<kw name="Dictionary Should Contain Key" owner="Collections">
<msg time="2024-05-31T12:27:38.558574" level="INFO">False</msg>
<arg>${json_data}</arg>
<arg>results</arg>
<doc>Fails if ``key`` is not found from ``dictionary``.</doc>
<status status="PASS" start="2024-05-31T12:27:38.558408" elapsed="0.000360"/>
</kw>
<status status="PASS" start="2024-05-31T12:27:38.383984" elapsed="0.175049"/>
</kw>
<doc>Testa se a API responde corretamente e retorna um objeto JSON válido.</doc>
<tag>testeRequisicaoBasica</tag>
<status status="PASS" start="2024-05-31T12:27:38.383429" elapsed="0.175790"/>
</test>
<test id="s1-s1-t3" name="Validar estrutura de resposta" line="22">
<kw name="Teste de Estrutura de Resposta" owner="random-user-service">
<kw name="GET On Session" owner="RequestsLibrary">
<msg time="2024-05-31T12:27:38.652061" level="INFO">GET Request : url=https://randomuser.me/api 
 path_url=/api 
 headers={'User-Agent': 'python-requests/2.32.3', 'Accept-Encoding': 'gzip, deflate', 'Accept': '*/*', 'Connection': 'keep-alive'} 
 body=None 
 </msg>
<msg time="2024-05-31T12:27:38.652163" level="INFO">GET Response : url=https://randomuser.me/api 
 status=200, reason=OK 
 headers={'Date': 'Fri, 31 May 2024 12:27:38 GMT', 'Content-Type': 'application/json; charset=utf-8', 'Transfer-Encoding': 'chunked', 'Connection': 'keep-alive', 'X-Powered-By': 'Express', 'Access-Control-Allow-Origin': '*', 'Cache-Control': 'no-cache', 'ETag': 'W/"48d-IAB35sFVkkJL0h2bCEwznXzPW6M"', 'Vary': 'Accept-Encoding', 'Content-Encoding': 'gzip', 'CF-Cache-Status': 'DYNAMIC', 'Report-To': '{"endpoints":[{"url":"https:\\/\\/a.nel.cloudflare.com\\/report\\/v4?s=mQyPviCTwDCcmRY%2FoyO7A1PNjV9S%2BW1m14uX8r5kul1ta0kRhpcXBklMvyk6poiQ4v5ioNFDq80KIl19uldn%2FHahtgJN3gCIqy0Q7nxDzfZaVR7AFVJbVgZuCeA9Axc%2B"}],"group":"cf-nel","max_age":604800}', 'NEL': '{"success_fraction":0,"report_to":"cf-nel","max_age":604800}', 'Server': 'cloudflare', 'CF-RAY': '88c6f58e08786fa1-IAD', 'alt-svc': 'h3=":443"; ma=86400'} 
 body={"results":[{"gender":"male","name":{"title":"Mr","first":"Velimir","last":"Đokanović"},"location":{"street":{"number":1394,"name":"Protopopa Marka"},"city":"Doljevac","state":"Moravica","country":"Serbia","postcode":21444,"coordinates":{"latitude":"58.8159","longitude":"-103.0771"},"timezone":{"offset":"+7:00","description":"Bangkok, Hanoi, Jakarta"}},"email":"velimir.dokanovic@example.com","login":{"uuid":"d2d2b352-c0bc-4640-8dab-f12313a057a3","username":"purplepanda944","password":"stonecol","salt":"XdSWyrcr","md5":"d958e04fc26368a171f2236ccc47fc97","sha1":"053d8a96daf727acb8f25bb48ef0d6471960026e","sha256":"09d3107d6d0cb800e11ccd73f2bcb2268fcd6de5e13412ca4447ef6e3f1e29a6"},"dob":{"date":"1951-05-04T06:37:51.520Z","age":73},"registered":{"date":"2005-08-29T10:47:02.839Z","age":18},"phone":"011-6034-620","cell":"069-4187-223","id":{"name":"SID","value":"546345825"},"picture":{"large":"https://randomuser.me/api/portraits/men/22.jpg","medium":"https://randomuser.me/api/portraits/med/men/22.jpg","thumbnail":"https://randomuser.me/api/portraits/thumb/men/22.jpg"},"nat":"RS"}],"info":{"seed":"9fe1c88775c1a640","results":1,"page":1,"version":"1.4"}} 
 </msg>
<msg time="2024-05-31T12:27:38.652327" level="INFO">/opt/hostedtoolcache/Python/3.12.3/x64/lib/python3.12/site-packages/urllib3/connectionpool.py:1103: InsecureRequestWarning: Unverified HTTPS request is being made to host 'randomuser.me'. Adding certificate verification is strongly advised. See: https://urllib3.readthedocs.io/en/latest/advanced-usage.html#tls-warnings
  warnings.warn(</msg>
<msg time="2024-05-31T12:27:38.652473" level="INFO">${response} = &lt;Response [200]&gt;</msg>
<var>${response}</var>
<arg>consultarAPI</arg>
<arg>/api</arg>
<doc>Sends a GET request on a previously created HTTP Session.</doc>
<status status="PASS" start="2024-05-31T12:27:38.561917" elapsed="0.090604"/>
</kw>
<kw name="Set Variable" owner="BuiltIn">
<msg time="2024-05-31T12:27:38.653555" level="INFO">${json_data} = {'results': [{'gender': 'male', 'name': {'title': 'Mr', 'first': 'Velimir', 'last': 'Đokanović'}, 'location': {'street': {'number': 1394, 'name': 'Protopopa Marka'}, 'city': 'Doljevac', 'state': 'Mora...</msg>
<var>${json_data}</var>
<arg>${response.json()}</arg>
<doc>Returns the given values which can then be assigned to a variables.</doc>
<status status="PASS" start="2024-05-31T12:27:38.653022" elapsed="0.000564"/>
</kw>
<kw name="Log" owner="BuiltIn">
<msg time="2024-05-31T12:27:38.654058" level="INFO">{'results': [{'gender': 'male', 'name': {'title': 'Mr', 'first': 'Velimir', 'last': 'Đokanović'}, 'location': {'street': {'number': 1394, 'name': 'Protopopa Marka'}, 'city': 'Doljevac', 'state': 'Moravica', 'country': 'Serbia', 'postcode': 21444, 'coordinates': {'latitude': '58.8159', 'longitude': '-103.0771'}, 'timezone': {'offset': '+7:00', 'description': 'Bangkok, Hanoi, Jakarta'}}, 'email': 'velimir.dokanovic@example.com', 'login': {'uuid': 'd2d2b352-c0bc-4640-8dab-f12313a057a3', 'username': 'purplepanda944', 'password': 'stonecol', 'salt': 'XdSWyrcr', 'md5': 'd958e04fc26368a171f2236ccc47fc97', 'sha1': '053d8a96daf727acb8f25bb48ef0d6471960026e', 'sha256': '09d3107d6d0cb800e11ccd73f2bcb2268fcd6de5e13412ca4447ef6e3f1e29a6'}, 'dob': {'date': '1951-05-04T06:37:51.520Z', 'age': 73}, 'registered': {'date': '2005-08-29T10:47:02.839Z', 'age': 18}, 'phone': '011-6034-620', 'cell': '069-4187-223', 'id': {'name': 'SID', 'value': '546345825'}, 'picture': {'large': 'https://randomuser.me/api/portraits/men/22.jpg', 'medium': 'https://randomuser.me/api/portraits/med/men/22.jpg', 'thumbnail': 'https://randomuser.me/api/portraits/thumb/men/22.jpg'}, 'nat': 'RS'}], 'info': {'seed': '9fe1c88775c1a640', 'results': 1, 'page': 1, 'version': '1.4'}}</msg>
<arg>${json_data}</arg>
<doc>Logs the given message with the given level.</doc>
<status status="PASS" start="2024-05-31T12:27:38.653897" elapsed="0.000212"/>
</kw>
<kw name="Dictionary Should Contain Key" owner="Collections">
<msg time="2024-05-31T12:27:38.654569" level="INFO">False</msg>
<arg>${json_data}</arg>
<arg>results</arg>
<doc>Fails if ``key`` is not found from ``dictionary``.</doc>
<status status="PASS" start="2024-05-31T12:27:38.654407" elapsed="0.000200"/>
</kw>
<kw name="Should Not Be Empty" owner="BuiltIn">
<msg time="2024-05-31T12:27:38.655033" level="INFO">Length is 2.</msg>
<arg>${json_data}</arg>
<doc>Verifies that the given item is not empty.</doc>
<status status="PASS" start="2024-05-31T12:27:38.654901" elapsed="0.000171"/>
</kw>
<kw name="Create List" owner="BuiltIn">
<msg time="2024-05-31T12:27:38.655507" level="INFO">${expected_keys} = ['gender', 'name', 'location', 'email', 'login']</msg>
<var>${expected_keys}</var>
<arg>gender</arg>
<arg>name</arg>
<arg>location</arg>
<arg>email</arg>
<arg>login</arg>
<doc>Returns a list containing given items.</doc>
<status status="PASS" start="2024-05-31T12:27:38.655362" elapsed="0.000169"/>
</kw>
<for flavor="IN">
<iter>
<kw name="Dictionary Should Contain Key" owner="Collections">
<msg time="2024-05-31T12:27:38.656581" level="INFO">False</msg>
<arg>${json_data['results'][0]}</arg>
<arg>${key}</arg>
<doc>Fails if ``key`` is not found from ``dictionary``.</doc>
<status status="PASS" start="2024-05-31T12:27:38.656127" elapsed="0.000498"/>
</kw>
<kw name="Log" owner="BuiltIn">
<msg time="2024-05-31T12:27:38.657294" level="INFO">{'gender': 'male', 'name': {'title': 'Mr', 'first': 'Velimir', 'last': 'Đokanović'}, 'location': {'street': {'number': 1394, 'name': 'Protopopa Marka'}, 'city': 'Doljevac', 'state': 'Moravica', 'country': 'Serbia', 'postcode': 21444, 'coordinates': {'latitude': '58.8159', 'longitude': '-103.0771'}, 'timezone': {'offset': '+7:00', 'description': 'Bangkok, Hanoi, Jakarta'}}, 'email': 'velimir.dokanovic@example.com', 'login': {'uuid': 'd2d2b352-c0bc-4640-8dab-f12313a057a3', 'username': 'purplepanda944', 'password': 'stonecol', 'salt': 'XdSWyrcr', 'md5': 'd958e04fc26368a171f2236ccc47fc97', 'sha1': '053d8a96daf727acb8f25bb48ef0d6471960026e', 'sha256': '09d3107d6d0cb800e11ccd73f2bcb2268fcd6de5e13412ca4447ef6e3f1e29a6'}, 'dob': {'date': '1951-05-04T06:37:51.520Z', 'age': 73}, 'registered': {'date': '2005-08-29T10:47:02.839Z', 'age': 18}, 'phone': '011-6034-620', 'cell': '069-4187-223', 'id': {'name': 'SID', 'value': '546345825'}, 'picture': {'large': 'https://randomuser.me/api/portraits/men/22.jpg', 'medium': 'https://randomuser.me/api/portraits/med/men/22.jpg', 'thumbnail': 'https://randomuser.me/api/portraits/thumb/men/22.jpg'}, 'nat': 'RS'}</msg>
<arg>${json_data['results'][0]}</arg>
<doc>Logs the given message with the given level.</doc>
<status status="PASS" start="2024-05-31T12:27:38.656931" elapsed="0.000415"/>
</kw>
<kw name="Log" owner="BuiltIn">
<msg time="2024-05-31T12:27:38.657778" level="INFO">gender</msg>
<arg>${key}</arg>
<doc>Logs the given message with the given level.</doc>
<status status="PASS" start="2024-05-31T12:27:38.657649" elapsed="0.000167"/>
</kw>
<var name="${key}">gender</var>
<status status="PASS" start="2024-05-31T12:27:38.655993" elapsed="0.002039"/>
</iter>
<iter>
<kw name="Dictionary Should Contain Key" owner="Collections">
<msg time="2024-05-31T12:27:38.658717" level="INFO">False</msg>
<arg>${json_data['results'][0]}</arg>
<arg>${key}</arg>
<doc>Fails if ``key`` is not found from ``dictionary``.</doc>
<status status="PASS" start="2024-05-31T12:27:38.658333" elapsed="0.000422"/>
</kw>
<kw name="Log" owner="BuiltIn">
<msg time="2024-05-31T12:27:38.659444" level="INFO">{'gender': 'male', 'name': {'title': 'Mr', 'first': 'Velimir', 'last': 'Đokanović'}, 'location': {'street': {'number': 1394, 'name': 'Protopopa Marka'}, 'city': 'Doljevac', 'state': 'Moravica', 'country': 'Serbia', 'postcode': 21444, 'coordinates': {'latitude': '58.8159', 'longitude': '-103.0771'}, 'timezone': {'offset': '+7:00', 'description': 'Bangkok, Hanoi, Jakarta'}}, 'email': 'velimir.dokanovic@example.com', 'login': {'uuid': 'd2d2b352-c0bc-4640-8dab-f12313a057a3', 'username': 'purplepanda944', 'password': 'stonecol', 'salt': 'XdSWyrcr', 'md5': 'd958e04fc26368a171f2236ccc47fc97', 'sha1': '053d8a96daf727acb8f25bb48ef0d6471960026e', 'sha256': '09d3107d6d0cb800e11ccd73f2bcb2268fcd6de5e13412ca4447ef6e3f1e29a6'}, 'dob': {'date': '1951-05-04T06:37:51.520Z', 'age': 73}, 'registered': {'date': '2005-08-29T10:47:02.839Z', 'age': 18}, 'phone': '011-6034-620', 'cell': '069-4187-223', 'id': {'name': 'SID', 'value': '546345825'}, 'picture': {'large': 'https://randomuser.me/api/portraits/men/22.jpg', 'medium': 'https://randomuser.me/api/portraits/med/men/22.jpg', 'thumbnail': 'https://randomuser.me/api/portraits/thumb/men/22.jpg'}, 'nat': 'RS'}</msg>
<arg>${json_data['results'][0]}</arg>
<doc>Logs the given message with the given level.</doc>
<status status="PASS" start="2024-05-31T12:27:38.659081" elapsed="0.000416"/>
</kw>
<kw name="Log" owner="BuiltIn">
<msg time="2024-05-31T12:27:38.659929" level="INFO">name</msg>
<arg>${key}</arg>
<doc>Logs the given message with the given level.</doc>
<status status="PASS" start="2024-05-31T12:27:38.659800" elapsed="0.000168"/>
</kw>
<var name="${key}">name</var>
<status status="PASS" start="2024-05-31T12:27:38.658217" elapsed="0.001971"/>
</iter>
<iter>
<kw name="Dictionary Should Contain Key" owner="Collections">
<msg time="2024-05-31T12:27:38.660921" level="INFO">False</msg>
<arg>${json_data['results'][0]}</arg>
<arg>${key}</arg>
<doc>Fails if ``key`` is not found from ``dictionary``.</doc>
<status status="PASS" start="2024-05-31T12:27:38.660536" elapsed="0.000424"/>
</kw>
<kw name="Log" owner="BuiltIn">
<msg time="2024-05-31T12:27:38.661637" level="INFO">{'gender': 'male', 'name': {'title': 'Mr', 'first': 'Velimir', 'last': 'Đokanović'}, 'location': {'street': {'number': 1394, 'name': 'Protopopa Marka'}, 'city': 'Doljevac', 'state': 'Moravica', 'country': 'Serbia', 'postcode': 21444, 'coordinates': {'latitude': '58.8159', 'longitude': '-103.0771'}, 'timezone': {'offset': '+7:00', 'description': 'Bangkok, Hanoi, Jakarta'}}, 'email': 'velimir.dokanovic@example.com', 'login': {'uuid': 'd2d2b352-c0bc-4640-8dab-f12313a057a3', 'username': 'purplepanda944', 'password': 'stonecol', 'salt': 'XdSWyrcr', 'md5': 'd958e04fc26368a171f2236ccc47fc97', 'sha1': '053d8a96daf727acb8f25bb48ef0d6471960026e', 'sha256': '09d3107d6d0cb800e11ccd73f2bcb2268fcd6de5e13412ca4447ef6e3f1e29a6'}, 'dob': {'date': '1951-05-04T06:37:51.520Z', 'age': 73}, 'registered': {'date': '2005-08-29T10:47:02.839Z', 'age': 18}, 'phone': '011-6034-620', 'cell': '069-4187-223', 'id': {'name': 'SID', 'value': '546345825'}, 'picture': {'large': 'https://randomuser.me/api/portraits/men/22.jpg', 'medium': 'https://randomuser.me/api/portraits/med/men/22.jpg', 'thumbnail': 'https://randomuser.me/api/portraits/thumb/men/22.jpg'}, 'nat': 'RS'}</msg>
<arg>${json_data['results'][0]}</arg>
<doc>Logs the given message with the given level.</doc>
<status status="PASS" start="2024-05-31T12:27:38.661265" elapsed="0.000426"/>
</kw>
<kw name="Log" owner="BuiltIn">
<msg time="2024-05-31T12:27:38.662124" level="INFO">location</msg>
<arg>${key}</arg>
<doc>Logs the given message with the given level.</doc>
<status status="PASS" start="2024-05-31T12:27:38.661997" elapsed="0.000166"/>
</kw>
<var name="${key}">location</var>
<status status="PASS" start="2024-05-31T12:27:38.660418" elapsed="0.001960"/>
</iter>
<iter>
<kw name="Dictionary Should Contain Key" owner="Collections">
<msg time="2024-05-31T12:27:38.663156" level="INFO">False</msg>
<arg>${json_data['results'][0]}</arg>
<arg>${key}</arg>
<doc>Fails if ``key`` is not found from ``dictionary``.</doc>
<status status="PASS" start="2024-05-31T12:27:38.662663" elapsed="0.000531"/>
</kw>
<kw name="Log" owner="BuiltIn">
<msg time="2024-05-31T12:27:38.663860" level="INFO">{'gender': 'male', 'name': {'title': 'Mr', 'first': 'Velimir', 'last': 'Đokanović'}, 'location': {'street': {'number': 1394, 'name': 'Protopopa Marka'}, 'city': 'Doljevac', 'state': 'Moravica', 'country': 'Serbia', 'postcode': 21444, 'coordinates': {'latitude': '58.8159', 'longitude': '-103.0771'}, 'timezone': {'offset': '+7:00', 'description': 'Bangkok, Hanoi, Jakarta'}}, 'email': 'velimir.dokanovic@example.com', 'login': {'uuid': 'd2d2b352-c0bc-4640-8dab-f12313a057a3', 'username': 'purplepanda944', 'password': 'stonecol', 'salt': 'XdSWyrcr', 'md5': 'd958e04fc26368a171f2236ccc47fc97', 'sha1': '053d8a96daf727acb8f25bb48ef0d6471960026e', 'sha256': '09d3107d6d0cb800e11ccd73f2bcb2268fcd6de5e13412ca4447ef6e3f1e29a6'}, 'dob': {'date': '1951-05-04T06:37:51.520Z', 'age': 73}, 'registered': {'date': '2005-08-29T10:47:02.839Z', 'age': 18}, 'phone': '011-6034-620', 'cell': '069-4187-223', 'id': {'name': 'SID', 'value': '546345825'}, 'picture': {'large': 'https://randomuser.me/api/portraits/men/22.jpg', 'medium': 'https://randomuser.me/api/portraits/med/men/22.jpg', 'thumbnail': 'https://randomuser.me/api/portraits/thumb/men/22.jpg'}, 'nat': 'RS'}</msg>
<arg>${json_data['results'][0]}</arg>
<doc>Logs the given message with the given level.</doc>
<status status="PASS" start="2024-05-31T12:27:38.663499" elapsed="0.000413"/>
</kw>
<kw name="Log" owner="BuiltIn">
<msg time="2024-05-31T12:27:38.664387" level="INFO">email</msg>
<arg>${key}</arg>
<doc>Logs the given message with the given level.</doc>
<status status="PASS" start="2024-05-31T12:27:38.664213" elapsed="0.000213"/>
</kw>
<var name="${key}">email</var>
<status status="PASS" start="2024-05-31T12:27:38.662552" elapsed="0.002094"/>
</iter>
<iter>
<kw name="Dictionary Should Contain Key" owner="Collections">
<msg time="2024-05-31T12:27:38.665311" level="INFO">False</msg>
<arg>${json_data['results'][0]}</arg>
<arg>${key}</arg>
<doc>Fails if ``key`` is not found from ``dictionary``.</doc>
<status status="PASS" start="2024-05-31T12:27:38.664931" elapsed="0.000418"/>
</kw>
<kw name="Log" owner="BuiltIn">
<msg time="2024-05-31T12:27:38.666013" level="INFO">{'gender': 'male', 'name': {'title': 'Mr', 'first': 'Velimir', 'last': 'Đokanović'}, 'location': {'street': {'number': 1394, 'name': 'Protopopa Marka'}, 'city': 'Doljevac', 'state': 'Moravica', 'country': 'Serbia', 'postcode': 21444, 'coordinates': {'latitude': '58.8159', 'longitude': '-103.0771'}, 'timezone': {'offset': '+7:00', 'description': 'Bangkok, Hanoi, Jakarta'}}, 'email': 'velimir.dokanovic@example.com', 'login': {'uuid': 'd2d2b352-c0bc-4640-8dab-f12313a057a3', 'username': 'purplepanda944', 'password': 'stonecol', 'salt': 'XdSWyrcr', 'md5': 'd958e04fc26368a171f2236ccc47fc97', 'sha1': '053d8a96daf727acb8f25bb48ef0d6471960026e', 'sha256': '09d3107d6d0cb800e11ccd73f2bcb2268fcd6de5e13412ca4447ef6e3f1e29a6'}, 'dob': {'date': '1951-05-04T06:37:51.520Z', 'age': 73}, 'registered': {'date': '2005-08-29T10:47:02.839Z', 'age': 18}, 'phone': '011-6034-620', 'cell': '069-4187-223', 'id': {'name': 'SID', 'value': '546345825'}, 'picture': {'large': 'https://randomuser.me/api/portraits/men/22.jpg', 'medium': 'https://randomuser.me/api/portraits/med/men/22.jpg', 'thumbnail': 'https://randomuser.me/api/portraits/thumb/men/22.jpg'}, 'nat': 'RS'}</msg>
<arg>${json_data['results'][0]}</arg>
<doc>Logs the given message with the given level.</doc>
<status status="PASS" start="2024-05-31T12:27:38.665650" elapsed="0.000415"/>
</kw>
<kw name="Log" owner="BuiltIn">
<msg time="2024-05-31T12:27:38.666487" level="INFO">login</msg>
<arg>${key}</arg>
<doc>Logs the given message with the given level.</doc>
<status status="PASS" start="2024-05-31T12:27:38.666361" elapsed="0.000165"/>
</kw>
<var name="${key}">login</var>
<status status="PASS" start="2024-05-31T12:27:38.664819" elapsed="0.001945"/>
</iter>
<var>${key}</var>
<value>@{expected_keys}</value>
<status status="PASS" start="2024-05-31T12:27:38.655798" elapsed="0.011091"/>
</for>
<kw name="Create List" owner="BuiltIn">
<msg time="2024-05-31T12:27:38.667217" level="INFO">${expected_keysTwo} = ['username', 'password']</msg>
<var>${expected_keysTwo}</var>
<arg>username</arg>
<arg>password</arg>
<doc>Returns a list containing given items.</doc>
<status status="PASS" start="2024-05-31T12:27:38.667081" elapsed="0.000159"/>
</kw>
<for flavor="IN">
<iter>
<kw name="Dictionary Should Contain Key" owner="Collections">
<msg time="2024-05-31T12:27:38.668111" level="INFO">False</msg>
<arg>${json_data['results'][0]['login']}</arg>
<arg>${keyTwo}</arg>
<doc>Fails if ``key`` is not found from ``dictionary``.</doc>
<status status="PASS" start="2024-05-31T12:27:38.667730" elapsed="0.000418"/>
</kw>
<kw name="Dictionary Should Contain Key" owner="Collections">
<msg time="2024-05-31T12:27:38.668862" level="INFO">False</msg>
<arg>${json_data['results'][0]['login']}</arg>
<arg>${keyTwo}</arg>
<doc>Fails if ``key`` is not found from ``dictionary``.</doc>
<status status="PASS" start="2024-05-31T12:27:38.668487" elapsed="0.000413"/>
</kw>
<kw name="Log" owner="BuiltIn">
<msg time="2024-05-31T12:27:38.669318" level="INFO">username</msg>
<arg>${keyTwo}</arg>
<doc>Logs the given message with the given level.</doc>
<status status="PASS" start="2024-05-31T12:27:38.669193" elapsed="0.000163"/>
</kw>
<var name="${keyTwo}">username</var>
<status status="PASS" start="2024-05-31T12:27:38.667621" elapsed="0.001947"/>
</iter>
<iter>
<kw name="Dictionary Should Contain Key" owner="Collections">
<msg time="2024-05-31T12:27:38.670221" level="INFO">False</msg>
<arg>${json_data['results'][0]['login']}</arg>
<arg>${keyTwo}</arg>
<doc>Fails if ``key`` is not found from ``dictionary``.</doc>
<status status="PASS" start="2024-05-31T12:27:38.669850" elapsed="0.000410"/>
</kw>
<kw name="Dictionary Should Contain Key" owner="Collections">
<msg time="2024-05-31T12:27:38.670931" level="INFO">False</msg>
<arg>${json_data['results'][0]['login']}</arg>
<arg>${keyTwo}</arg>
<doc>Fails if ``key`` is not found from ``dictionary``.</doc>
<status status="PASS" start="2024-05-31T12:27:38.670553" elapsed="0.000415"/>
</kw>
<kw name="Log" owner="BuiltIn">
<msg time="2024-05-31T12:27:38.671385" level="INFO">password</msg>
<arg>${keyTwo}</arg>
<doc>Logs the given message with the given level.</doc>
<status status="PASS" start="2024-05-31T12:27:38.671259" elapsed="0.000165"/>
</kw>
<var name="${keyTwo}">password</var>
<status status="PASS" start="2024-05-31T12:27:38.669736" elapsed="0.001901"/>
</iter>
<var>${keyTwo}</var>
<value>@{expected_keysTwo}</value>
<status status="PASS" start="2024-05-31T12:27:38.667473" elapsed="0.004285"/>
</for>
<status status="PASS" start="2024-05-31T12:27:38.561676" elapsed="0.110225"/>
</kw>
<doc>Testa a estrutura da resposta da API.</doc>
<tag>testeEstruturaResposta</tag>
<status status="PASS" start="2024-05-31T12:27:38.561062" elapsed="0.110997"/>
</test>
<test id="s1-s1-t4" name="Validar tipos de dados" line="28">
<kw name="Teste de Tipos de Dados" owner="random-user-service">
<kw name="GET On Session" owner="RequestsLibrary">
<msg time="2024-05-31T12:27:38.804106" level="INFO">GET Request : url=https://randomuser.me/api 
 path_url=/api 
 headers={'User-Agent': 'python-requests/2.32.3', 'Accept-Encoding': 'gzip, deflate', 'Accept': '*/*', 'Connection': 'keep-alive'} 
 body=None 
 </msg>
<msg time="2024-05-31T12:27:38.804189" level="INFO">GET Response : url=https://randomuser.me/api 
 status=200, reason=OK 
 headers={'Date': 'Fri, 31 May 2024 12:27:38 GMT', 'Content-Type': 'application/json; charset=utf-8', 'Transfer-Encoding': 'chunked', 'Connection': 'keep-alive', 'X-Powered-By': 'Express', 'Access-Control-Allow-Origin': '*', 'Cache-Control': 'no-cache', 'ETag': 'W/"49d-3mKQMeqh9SSqa9WIWsRmewxtwjs"', 'Vary': 'Accept-Encoding', 'Content-Encoding': 'gzip', 'CF-Cache-Status': 'DYNAMIC', 'Report-To': '{"endpoints":[{"url":"https:\\/\\/a.nel.cloudflare.com\\/report\\/v4?s=xl3HnHQYXwy%2FbruHAGxJanCiHab3Hwa2OI4cbrbZ%2FwQ4sX6U2DlGcvJ2SdhxMZZcu%2F0Ts%2FQ%2BoeQwPVfQRkTDXaAVJSadUoiWevOJyT%2BNQAinna0dBK6Uot6fXWA0cfEU"}],"group":"cf-nel","max_age":604800}', 'NEL': '{"success_fraction":0,"report_to":"cf-nel","max_age":604800}', 'Server': 'cloudflare', 'CF-RAY': '88c6f58ec9066fa1-IAD', 'alt-svc': 'h3=":443"; ma=86400'} 
 body={"results":[{"gender":"female","name":{"title":"Mademoiselle","first":"Natalie","last":"Lambert"},"location":{"street":{"number":2433,"name":"Place de L'Abbé-Franz-Stock"},"city":"Roche (Vd)","state":"Aargau","country":"Switzerland","postcode":2209,"coordinates":{"latitude":"-58.4627","longitude":"4.9409"},"timezone":{"offset":"+4:30","description":"Kabul"}},"email":"natalie.lambert@example.com","login":{"uuid":"c76a33b0-30b7-48db-a945-7536e22c690d","username":"goldenladybug403","password":"dirt","salt":"bREG1R6J","md5":"6de53fd24fde4c6f7d730512b3df62cc","sha1":"94e356f3589ffda3c1d50bd3749daf5cf4282cbe","sha256":"6606b400d137b1974e25ce7af36a20a089c66ee356a912d1050395e98b76ddf8"},"dob":{"date":"1955-05-21T21:09:30.332Z","age":69},"registered":{"date":"2009-12-06T04:36:16.293Z","age":14},"phone":"079 450 86 55","cell":"077 453 00 99","id":{"name":"AVS","value":"756.1029.0951.48"},"picture":{"large":"https://randomuser.me/api/portraits/women/88.jpg","medium":"https://randomuser.me/api/portraits/med/women/88.jpg","thumbnail":"https://randomuser.me/api/portraits/thumb/women/88.jpg"},"nat":"CH"}],"info":{"seed":"262d61195d6cb580","results":1,"page":1,"version":"1.4"}} 
 </msg>
<msg time="2024-05-31T12:27:38.804293" level="INFO">/opt/hostedtoolcache/Python/3.12.3/x64/lib/python3.12/site-packages/urllib3/connectionpool.py:1103: InsecureRequestWarning: Unverified HTTPS request is being made to host 'randomuser.me'. Adding certificate verification is strongly advised. See: https://urllib3.readthedocs.io/en/latest/advanced-usage.html#tls-warnings
  warnings.warn(</msg>
<msg time="2024-05-31T12:27:38.804413" level="INFO">${response} = &lt;Response [200]&gt;</msg>
<var>${response}</var>
<arg>consultarAPI</arg>
<arg>/api</arg>
<doc>Sends a GET request on a previously created HTTP Session.</doc>
<status status="PASS" start="2024-05-31T12:27:38.674583" elapsed="0.129869"/>
</kw>
<kw name="Set Variable" owner="BuiltIn">
<msg time="2024-05-31T12:27:38.805282" level="INFO">${json_data} = {'results': [{'gender': 'female', 'name': {'title': 'Mademoiselle', 'first': 'Natalie', 'last': 'Lambert'}, 'location': {'street': {'number': 2433, 'name': "Place de L'Abbé-Franz-Stock"}, 'city': 'Roc...</msg>
<var>${json_data}</var>
<arg>${response.json()}</arg>
<doc>Returns the given values which can then be assigned to a variables.</doc>
<status status="PASS" start="2024-05-31T12:27:38.804815" elapsed="0.000499"/>
</kw>
<kw name="Log" owner="BuiltIn">
<msg time="2024-05-31T12:27:38.805793" level="INFO">{'results': [{'gender': 'female', 'name': {'title': 'Mademoiselle', 'first': 'Natalie', 'last': 'Lambert'}, 'location': {'street': {'number': 2433, 'name': "Place de L'Abbé-Franz-Stock"}, 'city': 'Roche (Vd)', 'state': 'Aargau', 'country': 'Switzerland', 'postcode': 2209, 'coordinates': {'latitude': '-58.4627', 'longitude': '4.9409'}, 'timezone': {'offset': '+4:30', 'description': 'Kabul'}}, 'email': 'natalie.lambert@example.com', 'login': {'uuid': 'c76a33b0-30b7-48db-a945-7536e22c690d', 'username': 'goldenladybug403', 'password': 'dirt', 'salt': 'bREG1R6J', 'md5': '6de53fd24fde4c6f7d730512b3df62cc', 'sha1': '94e356f3589ffda3c1d50bd3749daf5cf4282cbe', 'sha256': '6606b400d137b1974e25ce7af36a20a089c66ee356a912d1050395e98b76ddf8'}, 'dob': {'date': '1955-05-21T21:09:30.332Z', 'age': 69}, 'registered': {'date': '2009-12-06T04:36:16.293Z', 'age': 14}, 'phone': '079 450 86 55', 'cell': '077 453 00 99', 'id': {'name': 'AVS', 'value': '756.1029.0951.48'}, 'picture': {'large': 'https://randomuser.me/api/portraits/women/88.jpg', 'medium': 'https://randomuser.me/api/portraits/med/women/88.jpg', 'thumbnail': 'https://randomuser.me/api/portraits/thumb/women/88.jpg'}, 'nat': 'CH'}], 'info': {'seed': '262d61195d6cb580', 'results': 1, 'page': 1, 'version': '1.4'}}</msg>
<arg>${json_data}</arg>
<doc>Logs the given message with the given level.</doc>
<status status="PASS" start="2024-05-31T12:27:38.805634" elapsed="0.000241"/>
</kw>
<kw name="Should Be String" owner="String">
<arg>${json_data['results'][0]['gender']}</arg>
<doc>Fails if the given ``item`` is not a string.</doc>
<status status="PASS" start="2024-05-31T12:27:38.806183" elapsed="0.000367"/>
</kw>
<kw name="Should Match Regexp" owner="BuiltIn">
<arg>${json_data['results'][0]['email']}</arg>
<arg>^[a-zA-Z0-9._%+-]+@[a-zA-Z0-9.-]+\.[a-zA-Z]{2,}$</arg>
<doc>Fails if ``string`` does not match ``pattern`` as a regular expression.</doc>
<status status="PASS" start="2024-05-31T12:27:38.806746" elapsed="0.000640"/>
</kw>
<kw name="Should Match Regexp" owner="BuiltIn">
<arg>${json_data['results'][0]['dob']['date']}</arg>
<arg>\\d{4}-\\d{2}-\\d{2}T\\d{2}:\\d{2}:\\d{2}\\.\\d{3}Z</arg>
<doc>Fails if ``string`` does not match ``pattern`` as a regular expression.</doc>
<status status="PASS" start="2024-05-31T12:27:38.807586" elapsed="0.000484"/>
</kw>
<kw name="Should Match Regexp" owner="BuiltIn">
<arg>${json_data['results'][0]['registered']['date']}</arg>
<arg>\\d{4}-\\d{2}-\\d{2}T\\d{2}:\\d{2}:\\d{2}\\.\\d{3}Z</arg>
<doc>Fails if ``string`` does not match ``pattern`` as a regular expression.</doc>
<status status="PASS" start="2024-05-31T12:27:38.808289" elapsed="0.000414"/>
</kw>
<kw name="Should Match Regexp" owner="BuiltIn">
<arg>${json_data['results'][0]['picture']['large']}</arg>
<arg>^https?://.*\.(?:png|jpe?g|gif|bmp)$</arg>
<doc>Fails if ``string`` does not match ``pattern`` as a regular expression.</doc>
<status status="PASS" start="2024-05-31T12:27:38.808894" elapsed="0.000457"/>
</kw>
<kw name="Should Match Regexp" owner="BuiltIn">
<arg>${json_data['results'][0]['picture']['medium']}</arg>
<arg>^https?://.*\.(?:png|jpe?g|gif|bmp)$</arg>
<doc>Fails if ``string`` does not match ``pattern`` as a regular expression.</doc>
<status status="PASS" start="2024-05-31T12:27:38.809541" elapsed="0.000352"/>
</kw>
<kw name="Should Match Regexp" owner="BuiltIn">
<arg>${json_data['results'][0]['picture']['thumbnail']}</arg>
<arg>^https?://.*\.(?:png|jpe?g|gif|bmp)$</arg>
<doc>Fails if ``string`` does not match ``pattern`` as a regular expression.</doc>
<status status="PASS" start="2024-05-31T12:27:38.810083" elapsed="0.000362"/>
</kw>
<kw name="Log" owner="BuiltIn">
<msg time="2024-05-31T12:27:38.810959" level="INFO">{'large': 'https://randomuser.me/api/portraits/women/88.jpg', 'medium': 'https://randomuser.me/api/portraits/med/women/88.jpg', 'thumbnail': 'https://randomuser.me/api/portraits/thumb/women/88.jpg'}</msg>
<arg>${json_data['results'][0]['picture']}</arg>
<doc>Logs the given message with the given level.</doc>
<status status="PASS" start="2024-05-31T12:27:38.810629" elapsed="0.000373"/>
</kw>
<status status="PASS" start="2024-05-31T12:27:38.674346" elapsed="0.136910"/>
</kw>
<kw name="Teste de Tipos de Dados - Postcode" owner="random-user-service">
<kw name="GET On Session" owner="RequestsLibrary">
<msg time="2024-05-31T12:27:38.883254" level="INFO">GET Request : url=https://randomuser.me/api 
 path_url=/api 
 headers={'User-Agent': 'python-requests/2.32.3', 'Accept-Encoding': 'gzip, deflate', 'Accept': '*/*', 'Connection': 'keep-alive'} 
 body=None 
 </msg>
<msg time="2024-05-31T12:27:38.883335" level="INFO">GET Response : url=https://randomuser.me/api 
 status=200, reason=OK 
 headers={'Date': 'Fri, 31 May 2024 12:27:38 GMT', 'Content-Type': 'application/json; charset=utf-8', 'Transfer-Encoding': 'chunked', 'Connection': 'keep-alive', 'X-Powered-By': 'Express', 'Access-Control-Allow-Origin': '*', 'Cache-Control': 'no-cache', 'ETag': 'W/"494-oWWWgLr01QGvTMmGjHddjFxKIHs"', 'Vary': 'Accept-Encoding', 'Content-Encoding': 'gzip', 'CF-Cache-Status': 'DYNAMIC', 'Report-To': '{"endpoints":[{"url":"https:\\/\\/a.nel.cloudflare.com\\/report\\/v4?s=qZNEKccMM2BTbZd4FXANR26mQgtzvIBrDboNpPMVB%2BpVkZWBSvz6xxXmjAeB%2FrT8NtvvJjDcmP1SZugt%2BpnYO6h8tfsm%2F6BOwM9V68LUJOfOH8k8OP%2FXr0fv4ZXxL2Xx"}],"group":"cf-nel","max_age":604800}', 'NEL': '{"success_fraction":0,"report_to":"cf-nel","max_age":604800}', 'Server': 'cloudflare', 'CF-RAY': '88c6f58f99ce6fa1-IAD', 'alt-svc': 'h3=":443"; ma=86400'} 
 body={"results":[{"gender":"female","name":{"title":"Mrs","first":"Marina","last":"Popović"},"location":{"street":{"number":4274,"name":"Ivana Jagodića"},"city":"Kučevo","state":"South Bačka","country":"Serbia","postcode":54544,"coordinates":{"latitude":"59.1240","longitude":"149.0937"},"timezone":{"offset":"-1:00","description":"Azores, Cape Verde Islands"}},"email":"marina.popovic@example.com","login":{"uuid":"8876646c-7ba5-442f-83c7-8ebc368abfb6","username":"heavyleopard916","password":"sheepdog","salt":"UNtri8Hp","md5":"495df7f5b98962b8f62c06ac4514b30f","sha1":"1e51a76b626ba1f8e64267deda438d4a92522a54","sha256":"51af18410d685f02eb8a9130eb911382da2f1efbd5419cfdb344bd870a97a816"},"dob":{"date":"1986-04-02T08:27:04.099Z","age":38},"registered":{"date":"2017-11-10T17:09:48.936Z","age":6},"phone":"025-6797-413","cell":"060-3217-143","id":{"name":"SID","value":"060438444"},"picture":{"large":"https://randomuser.me/api/portraits/women/18.jpg","medium":"https://randomuser.me/api/portraits/med/women/18.jpg","thumbnail":"https://randomuser.me/api/portraits/thumb/women/18.jpg"},"nat":"RS"}],"info":{"seed":"8fcc9fa892560aa8","results":1,"page":1,"version":"1.4"}} 
 </msg>
<msg time="2024-05-31T12:27:38.883406" level="INFO">/opt/hostedtoolcache/Python/3.12.3/x64/lib/python3.12/site-packages/urllib3/connectionpool.py:1103: InsecureRequestWarning: Unverified HTTPS request is being made to host 'randomuser.me'. Adding certificate verification is strongly advised. See: https://urllib3.readthedocs.io/en/latest/advanced-usage.html#tls-warnings
  warnings.warn(</msg>
<msg time="2024-05-31T12:27:38.883512" level="INFO">${response} = &lt;Response [200]&gt;</msg>
<var>${response}</var>
<arg>consultarAPI</arg>
<arg>/api</arg>
<doc>Sends a GET request on a previously created HTTP Session.</doc>
<status status="PASS" start="2024-05-31T12:27:38.811695" elapsed="0.071857"/>
</kw>
<kw name="Set Variable" owner="BuiltIn">
<msg time="2024-05-31T12:27:38.884424" level="INFO">${json_data} = {'results': [{'gender': 'female', 'name': {'title': 'Mrs', 'first': 'Marina', 'last': 'Popović'}, 'location': {'street': {'number': 4274, 'name': 'Ivana Jagodića'}, 'city': 'Kučevo', 'state': 'South B...</msg>
<var>${json_data}</var>
<arg>${response.json()}</arg>
<doc>Returns the given values which can then be assigned to a variables.</doc>
<status status="PASS" start="2024-05-31T12:27:38.883931" elapsed="0.000524"/>
</kw>
<kw name="Log" owner="BuiltIn">
<msg time="2024-05-31T12:27:38.884932" level="INFO">{'results': [{'gender': 'female', 'name': {'title': 'Mrs', 'first': 'Marina', 'last': 'Popović'}, 'location': {'street': {'number': 4274, 'name': 'Ivana Jagodića'}, 'city': 'Kučevo', 'state': 'South Bačka', 'country': 'Serbia', 'postcode': 54544, 'coordinates': {'latitude': '59.1240', 'longitude': '149.0937'}, 'timezone': {'offset': '-1:00', 'description': 'Azores, Cape Verde Islands'}}, 'email': 'marina.popovic@example.com', 'login': {'uuid': '8876646c-7ba5-442f-83c7-8ebc368abfb6', 'username': 'heavyleopard916', 'password': 'sheepdog', 'salt': 'UNtri8Hp', 'md5': '495df7f5b98962b8f62c06ac4514b30f', 'sha1': '1e51a76b626ba1f8e64267deda438d4a92522a54', 'sha256': '51af18410d685f02eb8a9130eb911382da2f1efbd5419cfdb344bd870a97a816'}, 'dob': {'date': '1986-04-02T08:27:04.099Z', 'age': 38}, 'registered': {'date': '2017-11-10T17:09:48.936Z', 'age': 6}, 'phone': '025-6797-413', 'cell': '060-3217-143', 'id': {'name': 'SID', 'value': '060438444'}, 'picture': {'large': 'https://randomuser.me/api/portraits/women/18.jpg', 'medium': 'https://randomuser.me/api/portraits/med/women/18.jpg', 'thumbnail': 'https://randomuser.me/api/portraits/thumb/women/18.jpg'}, 'nat': 'RS'}], 'info': {'seed': '8fcc9fa892560aa8', 'results': 1, 'page': 1, 'version': '1.4'}}</msg>
<arg>${json_data}</arg>
<doc>Logs the given message with the given level.</doc>
<status status="PASS" start="2024-05-31T12:27:38.884772" elapsed="0.000242"/>
</kw>
<kw name="Should Be Equal As Numbers" owner="BuiltIn">
<arg>${json_data['results'][0]['location']['postcode']}</arg>
<arg>${json_data['results'][0]['location']['postcode']}</arg>
<doc>Fails if objects are unequal after converting them to real numbers.</doc>
<status status="PASS" start="2024-05-31T12:27:38.885319" elapsed="0.000631"/>
</kw>
<kw name="Log" owner="BuiltIn">
<msg time="2024-05-31T12:27:38.886479" level="INFO">54544</msg>
<arg>${json_data['results'][0]['location']['postcode']}</arg>
<doc>Logs the given message with the given level.</doc>
<status status="PASS" start="2024-05-31T12:27:38.886142" elapsed="0.000379"/>
</kw>
<status status="PASS" start="2024-05-31T12:27:38.811472" elapsed="0.075304"/>
</kw>
<doc>Testa se os tipos de dados na resposta da API estão corretos.</doc>
<tag>testeTiposDados</tag>
<status status="PASS" start="2024-05-31T12:27:38.673861" elapsed="0.213077"/>
</test>
<test id="s1-s1-t5" name="Validar conteudo" line="35">
<kw name="Teste de Tipos de Conteudo" owner="random-user-service">
<kw name="GET On Session" owner="RequestsLibrary">
<msg time="2024-05-31T12:27:38.950789" level="INFO">GET Request : url=https://randomuser.me/api 
 path_url=/api 
 headers={'User-Agent': 'python-requests/2.32.3', 'Accept-Encoding': 'gzip, deflate', 'Accept': '*/*', 'Connection': 'keep-alive'} 
 body=None 
 </msg>
<msg time="2024-05-31T12:27:38.950863" level="INFO">GET Response : url=https://randomuser.me/api 
 status=200, reason=OK 
 headers={'Date': 'Fri, 31 May 2024 12:27:38 GMT', 'Content-Type': 'application/json; charset=utf-8', 'Transfer-Encoding': 'chunked', 'Connection': 'keep-alive', 'X-Powered-By': 'Express', 'Access-Control-Allow-Origin': '*', 'Cache-Control': 'no-cache', 'ETag': 'W/"4a8-tUE+Odre5W2Kk2xNkosMaLPWDLY"', 'Vary': 'Accept-Encoding', 'Content-Encoding': 'gzip', 'CF-Cache-Status': 'DYNAMIC', 'Report-To': '{"endpoints":[{"url":"https:\\/\\/a.nel.cloudflare.com\\/report\\/v4?s=AHwX55WpUl%2BxJ0BmL%2BwVgIMlmtOzy4S8kVagmagOqk%2Fwu6X93UVmwYmDtQYdFh3U%2BkYGxqC9crmRqLYG%2FEVMQnKlYqk2CV0PcCBxp5agQy5FFDFecahQkaQcZksSxoBV"}],"group":"cf-nel","max_age":604800}', 'NEL': '{"success_fraction":0,"report_to":"cf-nel","max_age":604800}', 'Server': 'cloudflare', 'CF-RAY': '88c6f5901a2c6fa1-IAD', 'alt-svc': 'h3=":443"; ma=86400'} 
 body={"results":[{"gender":"female","name":{"title":"Mrs","first":"Misty","last":"Nelson"},"location":{"street":{"number":6964,"name":"Avondale Ave"},"city":"Winston–Salem","state":"Arkansas","country":"United States","postcode":61543,"coordinates":{"latitude":"87.1356","longitude":"95.3193"},"timezone":{"offset":"+11:00","description":"Magadan, Solomon Islands, New Caledonia"}},"email":"misty.nelson@example.com","login":{"uuid":"ba9fb0f1-9cc7-4e8f-9c90-71de9d9b6efb","username":"angryladybug183","password":"mememe","salt":"VVB4H8gY","md5":"9fec5ef56d535bde1f9cc4de07500bab","sha1":"c14b5bd04d28af4dc5f15534d201b9f25ea67745","sha256":"adb247663c597d72b9bf59102afc69a12ef871ba33e949067dcbffd68db369dd"},"dob":{"date":"1994-01-02T07:42:56.156Z","age":30},"registered":{"date":"2020-05-29T12:11:11.157Z","age":4},"phone":"(857) 589-6669","cell":"(267) 201-1294","id":{"name":"SSN","value":"632-83-4624"},"picture":{"large":"https://randomuser.me/api/portraits/women/55.jpg","medium":"https://randomuser.me/api/portraits/med/women/55.jpg","thumbnail":"https://randomuser.me/api/portraits/thumb/women/55.jpg"},"nat":"US"}],"info":{"seed":"91b6db6dd6b718af","results":1,"page":1,"version":"1.4"}} 
 </msg>
<msg time="2024-05-31T12:27:38.950926" level="INFO">/opt/hostedtoolcache/Python/3.12.3/x64/lib/python3.12/site-packages/urllib3/connectionpool.py:1103: InsecureRequestWarning: Unverified HTTPS request is being made to host 'randomuser.me'. Adding certificate verification is strongly advised. See: https://urllib3.readthedocs.io/en/latest/advanced-usage.html#tls-warnings
  warnings.warn(</msg>
<msg time="2024-05-31T12:27:38.951036" level="INFO">${response} = &lt;Response [200]&gt;</msg>
<var>${response}</var>
<arg>consultarAPI</arg>
<arg>/api</arg>
<doc>Sends a GET request on a previously created HTTP Session.</doc>
<status status="PASS" start="2024-05-31T12:27:38.889395" elapsed="0.061681"/>
</kw>
<kw name="Set Variable" owner="BuiltIn">
<msg time="2024-05-31T12:27:38.951886" level="INFO">${json_data} = {'results': [{'gender': 'female', 'name': {'title': 'Mrs', 'first': 'Misty', 'last': 'Nelson'}, 'location': {'street': {'number': 6964, 'name': 'Avondale Ave'}, 'city': 'Winston–Salem', 'state': 'Arka...</msg>
<var>${json_data}</var>
<arg>${response.json()}</arg>
<doc>Returns the given values which can then be assigned to a variables.</doc>
<status status="PASS" start="2024-05-31T12:27:38.951445" elapsed="0.000472"/>
</kw>
<kw name="Set Variable" owner="BuiltIn">
<msg time="2024-05-31T12:27:38.952654" level="INFO">${name_title} = Mrs</msg>
<var>${name_title}</var>
<arg>${json_data["results"][0]["name"]["title"]}</arg>
<doc>Returns the given values which can then be assigned to a variables.</doc>
<status status="PASS" start="2024-05-31T12:27:38.952233" elapsed="0.000447"/>
</kw>
<kw name="Create List" owner="BuiltIn">
<msg time="2024-05-31T12:27:38.953126" level="INFO">${allowed_titles} = ['Mr', 'Ms', 'Miss', 'Mrs', 'Madame', 'Monsieur']</msg>
<var>${allowed_titles}</var>
<arg>Mr</arg>
<arg>Ms</arg>
<arg>Miss</arg>
<arg>Mrs</arg>
<arg>Madame</arg>
<arg>Monsieur</arg>
<doc>Returns a list containing given items.</doc>
<status status="PASS" start="2024-05-31T12:27:38.952977" elapsed="0.000173"/>
</kw>
<kw name="List Should Contain Value" owner="Collections">
<msg time="2024-05-31T12:27:38.953638" level="INFO">False</msg>
<arg>${allowed_titles}</arg>
<arg>${name_title}</arg>
<doc>Fails if the ``value`` is not found from ``list``.</doc>
<status status="PASS" start="2024-05-31T12:27:38.953469" elapsed="0.000206"/>
</kw>
<kw name="Set Variable" owner="BuiltIn">
<msg time="2024-05-31T12:27:38.954494" level="INFO">${name_country} = US</msg>
<var>${name_country}</var>
<arg>${json_data["results"][0]["nat"]}</arg>
<doc>Returns the given values which can then be assigned to a variables.</doc>
<status status="PASS" start="2024-05-31T12:27:38.953980" elapsed="0.000540"/>
</kw>
<kw name="Create List" owner="BuiltIn">
<msg time="2024-05-31T12:27:38.955439" level="INFO">${list_country} = ['AD', 'AE', 'AF', 'AG', 'AI', 'AL', 'AM', 'AO', 'AQ', 'AR', 'AS', 'AT', 'AU', 'AW', 'AX', 'AZ', 'BA', 'BB', 'BD', 'BE', 'BF', 'BG', 'BH', 'BI', 'BJ', 'BL', 'BM', 'BN', 'BO', 'BQ', 'BR', 'BS', 'BT', '...</msg>
<var>${list_country}</var>
<arg>AD</arg>
<arg>AE</arg>
<arg>AF</arg>
<arg>AG</arg>
<arg>AI</arg>
<arg>AL</arg>
<arg>AM</arg>
<arg>AO</arg>
<arg>AQ</arg>
<arg>AR</arg>
<arg>AS</arg>
<arg>AT</arg>
<arg>AU</arg>
<arg>AW</arg>
<arg>AX</arg>
<arg>AZ</arg>
<arg>BA</arg>
<arg>BB</arg>
<arg>BD</arg>
<arg>BE</arg>
<arg>BF</arg>
<arg>BG</arg>
<arg>BH</arg>
<arg>BI</arg>
<arg>BJ</arg>
<arg>BL</arg>
<arg>BM</arg>
<arg>BN</arg>
<arg>BO</arg>
<arg>BQ</arg>
<arg>BR</arg>
<arg>BS</arg>
<arg>BT</arg>
<arg>BV</arg>
<arg>BW</arg>
<arg>BY</arg>
<arg>BZ</arg>
<arg>CA</arg>
<arg>CC</arg>
<arg>CD</arg>
<arg>CF</arg>
<arg>CG</arg>
<arg>CH</arg>
<arg>CI</arg>
<arg>CK</arg>
<arg>CL</arg>
<arg>CM</arg>
<arg>CN</arg>
<arg>CO</arg>
<arg>CR</arg>
<arg>CU</arg>
<arg>CV</arg>
<arg>CW</arg>
<arg>CX</arg>
<arg>CY</arg>
<arg>CZ</arg>
<arg>DE</arg>
<arg>DJ</arg>
<arg>DK</arg>
<arg>DM</arg>
<arg>DO</arg>
<arg>DZ</arg>
<arg>EC</arg>
<arg>EE</arg>
<arg>EG</arg>
<arg>EH</arg>
<arg>ER</arg>
<arg>ES</arg>
<arg>ET</arg>
<arg>FI</arg>
<arg>FJ</arg>
<arg>FK</arg>
<arg>FM</arg>
<arg>FO</arg>
<arg>FR</arg>
<arg>GA</arg>
<arg>GB</arg>
<arg>GD</arg>
<arg>GE</arg>
<arg>GF</arg>
<arg>GG</arg>
<arg>GH</arg>
<arg>GI</arg>
<arg>GL</arg>
<arg>GM</arg>
<arg>GN</arg>
<arg>GP</arg>
<arg>GQ</arg>
<arg>GR</arg>
<arg>GS</arg>
<arg>GT</arg>
<arg>GU</arg>
<arg>GW</arg>
<arg>GY</arg>
<arg>HK</arg>
<arg>HM</arg>
<arg>HN</arg>
<arg>HR</arg>
<arg>HT</arg>
<arg>HU</arg>
<arg>ID</arg>
<arg>IE</arg>
<arg>IL</arg>
<arg>IM</arg>
<arg>IN</arg>
<arg>IO</arg>
<arg>IQ</arg>
<arg>IR</arg>
<arg>IS</arg>
<arg>IT</arg>
<arg>JE</arg>
<arg>JM</arg>
<arg>JO</arg>
<arg>JP</arg>
<arg>KE</arg>
<arg>KG</arg>
<arg>KH</arg>
<arg>KI</arg>
<arg>KM</arg>
<arg>KN</arg>
<arg>KP</arg>
<arg>KR</arg>
<arg>KW</arg>
<arg>KY</arg>
<arg>KZ</arg>
<arg>LA</arg>
<arg>LB</arg>
<arg>LC</arg>
<arg>LI</arg>
<arg>LK</arg>
<arg>LR</arg>
<arg>LS</arg>
<arg>LT</arg>
<arg>LU</arg>
<arg>LV</arg>
<arg>LY</arg>
<arg>MA</arg>
<arg>MC</arg>
<arg>MD</arg>
<arg>ME</arg>
<arg>MF</arg>
<arg>MG</arg>
<arg>MH</arg>
<arg>MK</arg>
<arg>ML</arg>
<arg>MM</arg>
<arg>MN</arg>
<arg>MO</arg>
<arg>MP</arg>
<arg>MQ</arg>
<arg>MR</arg>
<arg>MS</arg>
<arg>MT</arg>
<arg>MU</arg>
<arg>MV</arg>
<arg>MW</arg>
<arg>MX</arg>
<arg>MY</arg>
<arg>MZ</arg>
<arg>NA</arg>
<arg>NC</arg>
<arg>NE</arg>
<arg>NF</arg>
<arg>NG</arg>
<arg>NI</arg>
<arg>NL</arg>
<arg>NO</arg>
<arg>NP</arg>
<arg>NR</arg>
<arg>NU</arg>
<arg>NZ</arg>
<arg>OM</arg>
<arg>PA</arg>
<arg>PE</arg>
<arg>PF</arg>
<arg>PG</arg>
<arg>PH</arg>
<arg>PK</arg>
<arg>PL</arg>
<arg>PM</arg>
<arg>PN</arg>
<arg>PR</arg>
<arg>PS</arg>
<arg>PT</arg>
<arg>PW</arg>
<arg>PY</arg>
<arg>QA</arg>
<arg>RE</arg>
<arg>RO</arg>
<arg>RS</arg>
<arg>RU</arg>
<arg>RW</arg>
<arg>SA</arg>
<arg>SB</arg>
<arg>SC</arg>
<arg>SD</arg>
<arg>SE</arg>
<arg>SG</arg>
<arg>SH</arg>
<arg>SI</arg>
<arg>SJ</arg>
<arg>SK</arg>
<arg>SL</arg>
<arg>SM</arg>
<arg>SN</arg>
<arg>SO</arg>
<arg>SR</arg>
<arg>SS</arg>
<arg>ST</arg>
<arg>SV</arg>
<arg>SX</arg>
<arg>SY</arg>
<arg>SZ</arg>
<arg>TC</arg>
<arg>TD</arg>
<arg>TF</arg>
<arg>TG</arg>
<arg>TH</arg>
<arg>TJ</arg>
<arg>TK</arg>
<arg>TL</arg>
<arg>TM</arg>
<arg>TN</arg>
<arg>TO</arg>
<arg>TR</arg>
<arg>TT</arg>
<arg>TV</arg>
<arg>TW</arg>
<arg>TZ</arg>
<arg>UA</arg>
<arg>UG</arg>
<arg>UM</arg>
<arg>US</arg>
<arg>UY</arg>
<arg>UZ</arg>
<arg>VA</arg>
<arg>VC</arg>
<arg>VE</arg>
<arg>VG</arg>
<arg>VI</arg>
<arg>VN</arg>
<arg>VU</arg>
<arg>WF</arg>
<arg>WS</arg>
<arg>XK</arg>
<arg>YE</arg>
<arg>YT</arg>
<arg>ZA</arg>
<arg>ZM</arg>
<arg>ZW</arg>
<doc>Returns a list containing given items.</doc>
<status status="PASS" start="2024-05-31T12:27:38.954827" elapsed="0.000639"/>
</kw>
<kw name="List Should Contain Value" owner="Collections">
<msg time="2024-05-31T12:27:38.956474" level="INFO">False</msg>
<arg>${list_country}</arg>
<arg>${name_country}</arg>
<doc>Fails if the ``value`` is not found from ``list``.</doc>
<status status="PASS" start="2024-05-31T12:27:38.956248" elapsed="0.000263"/>
</kw>
<kw name="Run Keyword If" owner="BuiltIn">
<kw name="Should Be True" owner="BuiltIn">
<arg>${True}</arg>
<doc>Fails if the given condition is not true.</doc>
<status status="PASS" start="2024-05-31T12:27:38.957571" elapsed="0.000145"/>
</kw>
<arg>${json_data["results"][0]["location"]["coordinates"]["latitude"]} &gt;= -90 and ${json_data["results"][0]["location"]["coordinates"]["latitude"]} &lt;= 90</arg>
<arg>Should Be True</arg>
<arg>${True}</arg>
<doc>Runs the given keyword with the given arguments, if ``condition`` is true.</doc>
<status status="PASS" start="2024-05-31T12:27:38.956826" elapsed="0.001015"/>
</kw>
<kw name="Run Keyword If" owner="BuiltIn">
<kw name="Should Be True" owner="BuiltIn">
<arg>${True}</arg>
<doc>Fails if the given condition is not true.</doc>
<status status="PASS" start="2024-05-31T12:27:38.958742" elapsed="0.000142"/>
</kw>
<arg>${json_data["results"][0]["location"]["coordinates"]["longitude"]} &gt;= -180 and ${json_data["results"][0]["location"]["coordinates"]["longitude"]} &lt;= 180</arg>
<arg>Should Be True</arg>
<arg>${True}</arg>
<doc>Runs the given keyword with the given arguments, if ``condition`` is true.</doc>
<status status="PASS" start="2024-05-31T12:27:38.958036" elapsed="0.000974"/>
</kw>
<status status="PASS" start="2024-05-31T12:27:38.889161" elapsed="0.069979"/>
</kw>
<doc>Testa o conteúdo específico dos campos retornados pela API.</doc>
<tag>testeConteudo</tag>
<status status="PASS" start="2024-05-31T12:27:38.888710" elapsed="0.070575"/>
</test>
<status status="PASS" start="2024-05-31T12:27:38.040562" elapsed="0.920648"/>
</suite>
<status status="PASS" start="2024-05-31T12:27:38.026725" elapsed="0.939628"/>
</suite>
<statistics>
<total>
<stat pass="5" fail="0" skip="0">All Tests</stat>
</total>
<tag>
<stat pass="1" fail="0" skip="0">testeConteudo</stat>
<stat pass="1" fail="0" skip="0">testeEstruturaResposta</stat>
<stat pass="1" fail="0" skip="0">testeRequisicaoBasica</stat>
<stat pass="1" fail="0" skip="0">testeTiposDados</stat>
</tag>
<suite>
<stat pass="5" fail="0" skip="0" id="s1" name="Tests">Tests</stat>
<stat pass="5" fail="0" skip="0" id="s1-s1" name="Random-User-Test">Tests.Random-User-Test</stat>
</suite>
</statistics>
<errors>
</errors>
</robot>
