<?xml version="1.0" encoding="UTF-8"?>
<robot generator="Robot 7.0 (Python 3.12.3 on linux)" generated="2024-05-12T21:13:28.356644" rpa="false" schemaversion="5">
<suite id="s1" name="Tests" source="/home/runner/work/DesafioQAItauRogerioJordao/DesafioQAItauRogerioJordao/RamdonUser/tests">
<suite id="s1-s1" name="Random-User-Test" source="/home/runner/work/DesafioQAItauRogerioJordao/DesafioQAItauRogerioJordao/RamdonUser/tests/random-user-test.robot">
<test id="s1-s1-t1" name="Conectar" line="13">
<kw name="Conectar API" owner="random-user-service">
<kw name="Create Session" owner="RequestsLibrary">
<msg time="2024-05-12T21:13:28.713209" level="INFO">Creating Session using : alias=consultarAPI, url=https://randomuser.me/, headers={},                     cookies={}, auth=None, timeout=None, proxies=None, verify=False,                     debug=0 </msg>
<arg>consultarAPI</arg>
<arg>${URL}</arg>
<doc>Create Session: create a HTTP session to a server</doc>
<status status="PASS" start="2024-05-12T21:13:28.713012" elapsed="0.000368"/>
</kw>
<status status="PASS" start="2024-05-12T21:13:28.712061" elapsed="0.001670"/>
</kw>
<status status="PASS" start="2024-05-12T21:13:28.711516" elapsed="0.002407"/>
</test>
<test id="s1-s1-t2" name="Validar retorno 200 e JSON Válido" line="16">
<kw name="Teste de Requisicao Basica" owner="random-user-service">
<kw name="GET On Session" owner="RequestsLibrary">
<msg time="2024-05-12T21:13:28.801602" level="INFO">GET Request : url=https://randomuser.me/api 
 path_url=/api 
 headers={'User-Agent': 'python-requests/2.31.0', 'Accept-Encoding': 'gzip, deflate', 'Accept': '*/*', 'Connection': 'keep-alive'} 
 body=None 
 </msg>
<msg time="2024-05-12T21:13:28.801735" level="INFO">GET Response : url=https://randomuser.me/api 
 status=200, reason=OK 
 headers={'Date': 'Sun, 12 May 2024 21:13:28 GMT', 'Content-Type': 'application/json; charset=utf-8', 'Transfer-Encoding': 'chunked', 'Connection': 'keep-alive', 'X-Powered-By': 'Express', 'Access-Control-Allow-Origin': '*', 'Cache-Control': 'no-cache', 'ETag': 'W/"48d-WG7ud47lw/FjAmk1+OEVOiVKAN8"', 'Vary': 'Accept-Encoding', 'Content-Encoding': 'gzip', 'CF-Cache-Status': 'DYNAMIC', 'Report-To': '{"endpoints":[{"url":"https:\\/\\/a.nel.cloudflare.com\\/report\\/v4?s=aBjvMpiFA61zOIEAnYd2mNhrnqDBEHgj70w%2BjXQy5vruyUHYQRsjWtcmroEk86YWSojzyOey3v3w6sWzwV97J1kLRZR4eI7o2mMMLMCO39br4gCzlSpIRwZ71Ut2uUVF"}],"group":"cf-nel","max_age":604800}', 'NEL': '{"success_fraction":0,"report_to":"cf-nel","max_age":604800}', 'Server': 'cloudflare', 'CF-RAY': '882d69b2b97613d1-ORD', 'alt-svc': 'h3=":443"; ma=86400'} 
 body={"results":[{"gender":"male","name":{"title":"Mr","first":"Asher","last":"Singh"},"location":{"street":{"number":6336,"name":"Queen Elizabeth Ii Drive"},"city":"Hastings","state":"Gisborne","country":"New Zealand","postcode":15818,"coordinates":{"latitude":"49.0968","longitude":"-26.1225"},"timezone":{"offset":"+1:00","description":"Brussels, Copenhagen, Madrid, Paris"}},"email":"asher.singh@example.com","login":{"uuid":"1a7ab531-61c6-483d-bf70-ac3bd9ff6526","username":"lazybear670","password":"willy1","salt":"zeWAImZE","md5":"0a0414cbdc9f986eed13a45ba0b0cccd","sha1":"f69b1f9a72237d6f9e305812ffd63b52d10ec16a","sha256":"b52245158c0ba304d5f7733814ef95d955cca28b202547da647cd979c026b347"},"dob":{"date":"1990-03-06T13:47:33.132Z","age":34},"registered":{"date":"2006-11-18T14:45:28.079Z","age":17},"phone":"(869)-933-1387","cell":"(260)-416-8229","id":{"name":"","value":null},"picture":{"large":"https://randomuser.me/api/portraits/men/73.jpg","medium":"https://randomuser.me/api/portraits/med/men/73.jpg","thumbnail":"https://randomuser.me/api/portraits/thumb/men/73.jpg"},"nat":"NZ"}],"info":{"seed":"d4bc40b24a5aa3f0","results":1,"page":1,"version":"1.4"}} 
 </msg>
<msg time="2024-05-12T21:13:28.801818" level="INFO">/opt/hostedtoolcache/Python/3.12.3/x64/lib/python3.12/site-packages/urllib3/connectionpool.py:1103: InsecureRequestWarning: Unverified HTTPS request is being made to host 'randomuser.me'. Adding certificate verification is strongly advised. See: https://urllib3.readthedocs.io/en/latest/advanced-usage.html#tls-warnings
  warnings.warn(</msg>
<msg time="2024-05-12T21:13:28.801963" level="INFO">${response} = &lt;Response [200]&gt;</msg>
<var>${response}</var>
<arg>consultarAPI</arg>
<arg>/api</arg>
<doc>Sends a GET request on a previously created HTTP Session.</doc>
<status status="PASS" start="2024-05-12T21:13:28.716573" elapsed="0.085429"/>
</kw>
<kw name="Should Be Equal As Numbers" owner="BuiltIn">
<msg time="2024-05-12T21:13:28.803158" level="INFO">Argument types are:
&lt;class 'int'&gt;
&lt;class 'str'&gt;</msg>
<arg>${response.status_code}</arg>
<arg>200</arg>
<doc>Fails if objects are unequal after converting them to real numbers.</doc>
<status status="PASS" start="2024-05-12T21:13:28.802551" elapsed="0.000672"/>
</kw>
<kw name="Log" owner="BuiltIn">
<msg time="2024-05-12T21:13:28.803928" level="INFO">200</msg>
<arg>${response.status_code}</arg>
<doc>Logs the given message with the given level.</doc>
<status status="PASS" start="2024-05-12T21:13:28.803570" elapsed="0.000401"/>
</kw>
<kw name="Set Variable" owner="BuiltIn">
<msg time="2024-05-12T21:13:28.804714" level="INFO">${json_data} = {'results': [{'gender': 'male', 'name': {'title': 'Mr', 'first': 'Asher', 'last': 'Singh'}, 'location': {'street': {'number': 6336, 'name': 'Queen Elizabeth Ii Drive'}, 'city': 'Hastings', 'state': 'G...</msg>
<var>${json_data}</var>
<arg>${response.json()}</arg>
<doc>Returns the given values which can then be assigned to a variables.</doc>
<status status="PASS" start="2024-05-12T21:13:28.804276" elapsed="0.000467"/>
</kw>
<kw name="Dictionary Should Contain Key" owner="Collections">
<msg time="2024-05-12T21:13:28.805224" level="INFO">False</msg>
<arg>${json_data}</arg>
<arg>results</arg>
<doc>Fails if ``key`` is not found from ``dictionary``.</doc>
<status status="PASS" start="2024-05-12T21:13:28.805052" elapsed="0.000212"/>
</kw>
<status status="PASS" start="2024-05-12T21:13:28.716330" elapsed="0.089185"/>
</kw>
<doc>Testa se a API responde corretamente e retorna um objeto JSON válido.</doc>
<tag>testeRequisicaoBasica</tag>
<status status="PASS" start="2024-05-12T21:13:28.715867" elapsed="0.089822"/>
</test>
<test id="s1-s1-t3" name="Validar estrutura de resposta" line="22">
<kw name="Teste de Estrutura de Resposta" owner="random-user-service">
<kw name="GET On Session" owner="RequestsLibrary">
<msg time="2024-05-12T21:13:28.909293" level="INFO">GET Request : url=https://randomuser.me/api 
 path_url=/api 
 headers={'User-Agent': 'python-requests/2.31.0', 'Accept-Encoding': 'gzip, deflate', 'Accept': '*/*', 'Connection': 'keep-alive'} 
 body=None 
 </msg>
<msg time="2024-05-12T21:13:28.909367" level="INFO">GET Response : url=https://randomuser.me/api 
 status=200, reason=OK 
 headers={'Date': 'Sun, 12 May 2024 21:13:28 GMT', 'Content-Type': 'application/json; charset=utf-8', 'Transfer-Encoding': 'chunked', 'Connection': 'keep-alive', 'X-Powered-By': 'Express', 'Access-Control-Allow-Origin': '*', 'Cache-Control': 'no-cache', 'ETag': 'W/"4aa-YRdgzCKmudKa6Nec7WlWSFTbyzQ"', 'Vary': 'Accept-Encoding', 'Content-Encoding': 'gzip', 'CF-Cache-Status': 'DYNAMIC', 'Report-To': '{"endpoints":[{"url":"https:\\/\\/a.nel.cloudflare.com\\/report\\/v4?s=4mdqqxaa3wKNwT9nYDly%2BeKCFuKGbkFT0Z%2BFTfPyuPcr0eSjE443uo7m4%2BLsjDOItZha4wiUnD%2FdZ6svt442O8FtHb%2Fr2s5hinjUlxdHE13yL1RxpZyjfqqlp3dch5z%2B"}],"group":"cf-nel","max_age":604800}', 'NEL': '{"success_fraction":0,"report_to":"cf-nel","max_age":604800}', 'Server': 'cloudflare', 'CF-RAY': '882d69b319f213d1-ORD', 'alt-svc': 'h3=":443"; ma=86400'} 
 body={"results":[{"gender":"male","name":{"title":"Mr","first":"Alex","last":"Marchand"},"location":{"street":{"number":1583,"name":"Rue des Écoles"},"city":"Vitry-sur-Seine","state":"Seine-et-Marne","country":"France","postcode":31935,"coordinates":{"latitude":"-20.2782","longitude":"-165.8413"},"timezone":{"offset":"+5:00","description":"Ekaterinburg, Islamabad, Karachi, Tashkent"}},"email":"alex.marchand@example.com","login":{"uuid":"09b2bfd3-78dc-4844-a311-cd00c589241e","username":"bigbird802","password":"cerberus","salt":"DG2UGqs3","md5":"4a0d711fdb04fb1537670f32bfb04150","sha1":"1b9c1adfc9e872a477e80f58bd11e43736eb66fd","sha256":"8bff74eae6e9f58655da052dba3852068a6c0cdffc4d8090e3dbd2974c7851c0"},"dob":{"date":"1994-01-02T14:08:54.122Z","age":30},"registered":{"date":"2003-02-16T14:14:13.797Z","age":21},"phone":"04-35-61-21-96","cell":"06-11-68-71-56","id":{"name":"INSEE","value":"1940046219980 35"},"picture":{"large":"https://randomuser.me/api/portraits/men/4.jpg","medium":"https://randomuser.me/api/portraits/med/men/4.jpg","thumbnail":"https://randomuser.me/api/portraits/thumb/men/4.jpg"},"nat":"FR"}],"info":{"seed":"625742217a9d6c22","results":1,"page":1,"version":"1.4"}} 
 </msg>
<msg time="2024-05-12T21:13:28.909470" level="INFO">/opt/hostedtoolcache/Python/3.12.3/x64/lib/python3.12/site-packages/urllib3/connectionpool.py:1103: InsecureRequestWarning: Unverified HTTPS request is being made to host 'randomuser.me'. Adding certificate verification is strongly advised. See: https://urllib3.readthedocs.io/en/latest/advanced-usage.html#tls-warnings
  warnings.warn(</msg>
<msg time="2024-05-12T21:13:28.909568" level="INFO">${response} = &lt;Response [200]&gt;</msg>
<var>${response}</var>
<arg>consultarAPI</arg>
<arg>/api</arg>
<doc>Sends a GET request on a previously created HTTP Session.</doc>
<status status="PASS" start="2024-05-12T21:13:28.808704" elapsed="0.100894"/>
</kw>
<kw name="Set Variable" owner="BuiltIn">
<msg time="2024-05-12T21:13:28.910523" level="INFO">${json_data} = {'results': [{'gender': 'male', 'name': {'title': 'Mr', 'first': 'Alex', 'last': 'Marchand'}, 'location': {'street': {'number': 1583, 'name': 'Rue des Écoles'}, 'city': 'Vitry-sur-Seine', 'state': 'Se...</msg>
<var>${json_data}</var>
<arg>${response.json()}</arg>
<doc>Returns the given values which can then be assigned to a variables.</doc>
<status status="PASS" start="2024-05-12T21:13:28.910006" elapsed="0.000547"/>
</kw>
<kw name="Log" owner="BuiltIn">
<msg time="2024-05-12T21:13:28.911034" level="INFO">{'results': [{'gender': 'male', 'name': {'title': 'Mr', 'first': 'Alex', 'last': 'Marchand'}, 'location': {'street': {'number': 1583, 'name': 'Rue des Écoles'}, 'city': 'Vitry-sur-Seine', 'state': 'Seine-et-Marne', 'country': 'France', 'postcode': 31935, 'coordinates': {'latitude': '-20.2782', 'longitude': '-165.8413'}, 'timezone': {'offset': '+5:00', 'description': 'Ekaterinburg, Islamabad, Karachi, Tashkent'}}, 'email': 'alex.marchand@example.com', 'login': {'uuid': '09b2bfd3-78dc-4844-a311-cd00c589241e', 'username': 'bigbird802', 'password': 'cerberus', 'salt': 'DG2UGqs3', 'md5': '4a0d711fdb04fb1537670f32bfb04150', 'sha1': '1b9c1adfc9e872a477e80f58bd11e43736eb66fd', 'sha256': '8bff74eae6e9f58655da052dba3852068a6c0cdffc4d8090e3dbd2974c7851c0'}, 'dob': {'date': '1994-01-02T14:08:54.122Z', 'age': 30}, 'registered': {'date': '2003-02-16T14:14:13.797Z', 'age': 21}, 'phone': '04-35-61-21-96', 'cell': '06-11-68-71-56', 'id': {'name': 'INSEE', 'value': '1940046219980 35'}, 'picture': {'large': 'https://randomuser.me/api/portraits/men/4.jpg', 'medium': 'https://randomuser.me/api/portraits/med/men/4.jpg', 'thumbnail': 'https://randomuser.me/api/portraits/thumb/men/4.jpg'}, 'nat': 'FR'}], 'info': {'seed': '625742217a9d6c22', 'results': 1, 'page': 1, 'version': '1.4'}}</msg>
<arg>${json_data}</arg>
<doc>Logs the given message with the given level.</doc>
<status status="PASS" start="2024-05-12T21:13:28.910871" elapsed="0.000212"/>
</kw>
<kw name="Dictionary Should Contain Key" owner="Collections">
<msg time="2024-05-12T21:13:28.911549" level="INFO">False</msg>
<arg>${json_data}</arg>
<arg>results</arg>
<doc>Fails if ``key`` is not found from ``dictionary``.</doc>
<status status="PASS" start="2024-05-12T21:13:28.911387" elapsed="0.000200"/>
</kw>
<kw name="Should Not Be Empty" owner="BuiltIn">
<msg time="2024-05-12T21:13:28.912017" level="INFO">Length is 2.</msg>
<arg>${json_data}</arg>
<doc>Verifies that the given item is not empty.</doc>
<status status="PASS" start="2024-05-12T21:13:28.911884" elapsed="0.000309"/>
</kw>
<kw name="Create List" owner="BuiltIn">
<msg time="2024-05-12T21:13:28.912644" level="INFO">${expected_keys} = ['gender', 'name', 'location', 'email', 'login']</msg>
<var>${expected_keys}</var>
<arg>gender</arg>
<arg>name</arg>
<arg>location</arg>
<arg>email</arg>
<arg>login</arg>
<doc>Returns a list containing given items.</doc>
<status status="PASS" start="2024-05-12T21:13:28.912489" elapsed="0.000180"/>
</kw>
<for flavor="IN">
<iter>
<kw name="Dictionary Should Contain Key" owner="Collections">
<msg time="2024-05-12T21:13:28.913657" level="INFO">False</msg>
<arg>${json_data['results'][0]}</arg>
<arg>${key}</arg>
<doc>Fails if ``key`` is not found from ``dictionary``.</doc>
<status status="PASS" start="2024-05-12T21:13:28.913242" elapsed="0.000453"/>
</kw>
<kw name="Log" owner="BuiltIn">
<msg time="2024-05-12T21:13:28.914391" level="INFO">{'gender': 'male', 'name': {'title': 'Mr', 'first': 'Alex', 'last': 'Marchand'}, 'location': {'street': {'number': 1583, 'name': 'Rue des Écoles'}, 'city': 'Vitry-sur-Seine', 'state': 'Seine-et-Marne', 'country': 'France', 'postcode': 31935, 'coordinates': {'latitude': '-20.2782', 'longitude': '-165.8413'}, 'timezone': {'offset': '+5:00', 'description': 'Ekaterinburg, Islamabad, Karachi, Tashkent'}}, 'email': 'alex.marchand@example.com', 'login': {'uuid': '09b2bfd3-78dc-4844-a311-cd00c589241e', 'username': 'bigbird802', 'password': 'cerberus', 'salt': 'DG2UGqs3', 'md5': '4a0d711fdb04fb1537670f32bfb04150', 'sha1': '1b9c1adfc9e872a477e80f58bd11e43736eb66fd', 'sha256': '8bff74eae6e9f58655da052dba3852068a6c0cdffc4d8090e3dbd2974c7851c0'}, 'dob': {'date': '1994-01-02T14:08:54.122Z', 'age': 30}, 'registered': {'date': '2003-02-16T14:14:13.797Z', 'age': 21}, 'phone': '04-35-61-21-96', 'cell': '06-11-68-71-56', 'id': {'name': 'INSEE', 'value': '1940046219980 35'}, 'picture': {'large': 'https://randomuser.me/api/portraits/men/4.jpg', 'medium': 'https://randomuser.me/api/portraits/med/men/4.jpg', 'thumbnail': 'https://randomuser.me/api/portraits/thumb/men/4.jpg'}, 'nat': 'FR'}</msg>
<arg>${json_data['results'][0]}</arg>
<doc>Logs the given message with the given level.</doc>
<status status="PASS" start="2024-05-12T21:13:28.914002" elapsed="0.000440"/>
</kw>
<kw name="Log" owner="BuiltIn">
<msg time="2024-05-12T21:13:28.914868" level="INFO">gender</msg>
<arg>${key}</arg>
<doc>Logs the given message with the given level.</doc>
<status status="PASS" start="2024-05-12T21:13:28.914741" elapsed="0.000173"/>
</kw>
<var name="${key}">gender</var>
<status status="PASS" start="2024-05-12T21:13:28.913116" elapsed="0.002012"/>
</iter>
<iter>
<kw name="Dictionary Should Contain Key" owner="Collections">
<msg time="2024-05-12T21:13:28.915821" level="INFO">False</msg>
<arg>${json_data['results'][0]}</arg>
<arg>${key}</arg>
<doc>Fails if ``key`` is not found from ``dictionary``.</doc>
<status status="PASS" start="2024-05-12T21:13:28.915429" elapsed="0.000461"/>
</kw>
<kw name="Log" owner="BuiltIn">
<msg time="2024-05-12T21:13:28.916553" level="INFO">{'gender': 'male', 'name': {'title': 'Mr', 'first': 'Alex', 'last': 'Marchand'}, 'location': {'street': {'number': 1583, 'name': 'Rue des Écoles'}, 'city': 'Vitry-sur-Seine', 'state': 'Seine-et-Marne', 'country': 'France', 'postcode': 31935, 'coordinates': {'latitude': '-20.2782', 'longitude': '-165.8413'}, 'timezone': {'offset': '+5:00', 'description': 'Ekaterinburg, Islamabad, Karachi, Tashkent'}}, 'email': 'alex.marchand@example.com', 'login': {'uuid': '09b2bfd3-78dc-4844-a311-cd00c589241e', 'username': 'bigbird802', 'password': 'cerberus', 'salt': 'DG2UGqs3', 'md5': '4a0d711fdb04fb1537670f32bfb04150', 'sha1': '1b9c1adfc9e872a477e80f58bd11e43736eb66fd', 'sha256': '8bff74eae6e9f58655da052dba3852068a6c0cdffc4d8090e3dbd2974c7851c0'}, 'dob': {'date': '1994-01-02T14:08:54.122Z', 'age': 30}, 'registered': {'date': '2003-02-16T14:14:13.797Z', 'age': 21}, 'phone': '04-35-61-21-96', 'cell': '06-11-68-71-56', 'id': {'name': 'INSEE', 'value': '1940046219980 35'}, 'picture': {'large': 'https://randomuser.me/api/portraits/men/4.jpg', 'medium': 'https://randomuser.me/api/portraits/med/men/4.jpg', 'thumbnail': 'https://randomuser.me/api/portraits/thumb/men/4.jpg'}, 'nat': 'FR'}</msg>
<arg>${json_data['results'][0]}</arg>
<doc>Logs the given message with the given level.</doc>
<status status="PASS" start="2024-05-12T21:13:28.916191" elapsed="0.000411"/>
</kw>
<kw name="Log" owner="BuiltIn">
<msg time="2024-05-12T21:13:28.917024" level="INFO">name</msg>
<arg>${key}</arg>
<doc>Logs the given message with the given level.</doc>
<status status="PASS" start="2024-05-12T21:13:28.916898" elapsed="0.000163"/>
</kw>
<var name="${key}">name</var>
<status status="PASS" start="2024-05-12T21:13:28.915315" elapsed="0.001960"/>
</iter>
<iter>
<kw name="Dictionary Should Contain Key" owner="Collections">
<msg time="2024-05-12T21:13:28.917952" level="INFO">False</msg>
<arg>${json_data['results'][0]}</arg>
<arg>${key}</arg>
<doc>Fails if ``key`` is not found from ``dictionary``.</doc>
<status status="PASS" start="2024-05-12T21:13:28.917565" elapsed="0.000424"/>
</kw>
<kw name="Log" owner="BuiltIn">
<msg time="2024-05-12T21:13:28.918716" level="INFO">{'gender': 'male', 'name': {'title': 'Mr', 'first': 'Alex', 'last': 'Marchand'}, 'location': {'street': {'number': 1583, 'name': 'Rue des Écoles'}, 'city': 'Vitry-sur-Seine', 'state': 'Seine-et-Marne', 'country': 'France', 'postcode': 31935, 'coordinates': {'latitude': '-20.2782', 'longitude': '-165.8413'}, 'timezone': {'offset': '+5:00', 'description': 'Ekaterinburg, Islamabad, Karachi, Tashkent'}}, 'email': 'alex.marchand@example.com', 'login': {'uuid': '09b2bfd3-78dc-4844-a311-cd00c589241e', 'username': 'bigbird802', 'password': 'cerberus', 'salt': 'DG2UGqs3', 'md5': '4a0d711fdb04fb1537670f32bfb04150', 'sha1': '1b9c1adfc9e872a477e80f58bd11e43736eb66fd', 'sha256': '8bff74eae6e9f58655da052dba3852068a6c0cdffc4d8090e3dbd2974c7851c0'}, 'dob': {'date': '1994-01-02T14:08:54.122Z', 'age': 30}, 'registered': {'date': '2003-02-16T14:14:13.797Z', 'age': 21}, 'phone': '04-35-61-21-96', 'cell': '06-11-68-71-56', 'id': {'name': 'INSEE', 'value': '1940046219980 35'}, 'picture': {'large': 'https://randomuser.me/api/portraits/men/4.jpg', 'medium': 'https://randomuser.me/api/portraits/med/men/4.jpg', 'thumbnail': 'https://randomuser.me/api/portraits/thumb/men/4.jpg'}, 'nat': 'FR'}</msg>
<arg>${json_data['results'][0]}</arg>
<doc>Logs the given message with the given level.</doc>
<status status="PASS" start="2024-05-12T21:13:28.918344" elapsed="0.000422"/>
</kw>
<kw name="Log" owner="BuiltIn">
<msg time="2024-05-12T21:13:28.919187" level="INFO">location</msg>
<arg>${key}</arg>
<doc>Logs the given message with the given level.</doc>
<status status="PASS" start="2024-05-12T21:13:28.919062" elapsed="0.000163"/>
</kw>
<var name="${key}">location</var>
<status status="PASS" start="2024-05-12T21:13:28.917454" elapsed="0.001984"/>
</iter>
<iter>
<kw name="Dictionary Should Contain Key" owner="Collections">
<msg time="2024-05-12T21:13:28.920109" level="INFO">False</msg>
<arg>${json_data['results'][0]}</arg>
<arg>${key}</arg>
<doc>Fails if ``key`` is not found from ``dictionary``.</doc>
<status status="PASS" start="2024-05-12T21:13:28.919722" elapsed="0.000424"/>
</kw>
<kw name="Log" owner="BuiltIn">
<msg time="2024-05-12T21:13:28.920811" level="INFO">{'gender': 'male', 'name': {'title': 'Mr', 'first': 'Alex', 'last': 'Marchand'}, 'location': {'street': {'number': 1583, 'name': 'Rue des Écoles'}, 'city': 'Vitry-sur-Seine', 'state': 'Seine-et-Marne', 'country': 'France', 'postcode': 31935, 'coordinates': {'latitude': '-20.2782', 'longitude': '-165.8413'}, 'timezone': {'offset': '+5:00', 'description': 'Ekaterinburg, Islamabad, Karachi, Tashkent'}}, 'email': 'alex.marchand@example.com', 'login': {'uuid': '09b2bfd3-78dc-4844-a311-cd00c589241e', 'username': 'bigbird802', 'password': 'cerberus', 'salt': 'DG2UGqs3', 'md5': '4a0d711fdb04fb1537670f32bfb04150', 'sha1': '1b9c1adfc9e872a477e80f58bd11e43736eb66fd', 'sha256': '8bff74eae6e9f58655da052dba3852068a6c0cdffc4d8090e3dbd2974c7851c0'}, 'dob': {'date': '1994-01-02T14:08:54.122Z', 'age': 30}, 'registered': {'date': '2003-02-16T14:14:13.797Z', 'age': 21}, 'phone': '04-35-61-21-96', 'cell': '06-11-68-71-56', 'id': {'name': 'INSEE', 'value': '1940046219980 35'}, 'picture': {'large': 'https://randomuser.me/api/portraits/men/4.jpg', 'medium': 'https://randomuser.me/api/portraits/med/men/4.jpg', 'thumbnail': 'https://randomuser.me/api/portraits/thumb/men/4.jpg'}, 'nat': 'FR'}</msg>
<arg>${json_data['results'][0]}</arg>
<doc>Logs the given message with the given level.</doc>
<status status="PASS" start="2024-05-12T21:13:28.920444" elapsed="0.000416"/>
</kw>
<kw name="Log" owner="BuiltIn">
<msg time="2024-05-12T21:13:28.921283" level="INFO">email</msg>
<arg>${key}</arg>
<doc>Logs the given message with the given level.</doc>
<status status="PASS" start="2024-05-12T21:13:28.921156" elapsed="0.000164"/>
</kw>
<var name="${key}">email</var>
<status status="PASS" start="2024-05-12T21:13:28.919612" elapsed="0.001922"/>
</iter>
<iter>
<kw name="Dictionary Should Contain Key" owner="Collections">
<msg time="2024-05-12T21:13:28.922230" level="INFO">False</msg>
<arg>${json_data['results'][0]}</arg>
<arg>${key}</arg>
<doc>Fails if ``key`` is not found from ``dictionary``.</doc>
<status status="PASS" start="2024-05-12T21:13:28.921815" elapsed="0.000453"/>
</kw>
<kw name="Log" owner="BuiltIn">
<msg time="2024-05-12T21:13:28.922958" level="INFO">{'gender': 'male', 'name': {'title': 'Mr', 'first': 'Alex', 'last': 'Marchand'}, 'location': {'street': {'number': 1583, 'name': 'Rue des Écoles'}, 'city': 'Vitry-sur-Seine', 'state': 'Seine-et-Marne', 'country': 'France', 'postcode': 31935, 'coordinates': {'latitude': '-20.2782', 'longitude': '-165.8413'}, 'timezone': {'offset': '+5:00', 'description': 'Ekaterinburg, Islamabad, Karachi, Tashkent'}}, 'email': 'alex.marchand@example.com', 'login': {'uuid': '09b2bfd3-78dc-4844-a311-cd00c589241e', 'username': 'bigbird802', 'password': 'cerberus', 'salt': 'DG2UGqs3', 'md5': '4a0d711fdb04fb1537670f32bfb04150', 'sha1': '1b9c1adfc9e872a477e80f58bd11e43736eb66fd', 'sha256': '8bff74eae6e9f58655da052dba3852068a6c0cdffc4d8090e3dbd2974c7851c0'}, 'dob': {'date': '1994-01-02T14:08:54.122Z', 'age': 30}, 'registered': {'date': '2003-02-16T14:14:13.797Z', 'age': 21}, 'phone': '04-35-61-21-96', 'cell': '06-11-68-71-56', 'id': {'name': 'INSEE', 'value': '1940046219980 35'}, 'picture': {'large': 'https://randomuser.me/api/portraits/men/4.jpg', 'medium': 'https://randomuser.me/api/portraits/med/men/4.jpg', 'thumbnail': 'https://randomuser.me/api/portraits/thumb/men/4.jpg'}, 'nat': 'FR'}</msg>
<arg>${json_data['results'][0]}</arg>
<doc>Logs the given message with the given level.</doc>
<status status="PASS" start="2024-05-12T21:13:28.922562" elapsed="0.000445"/>
</kw>
<kw name="Log" owner="BuiltIn">
<msg time="2024-05-12T21:13:28.923465" level="INFO">login</msg>
<arg>${key}</arg>
<doc>Logs the given message with the given level.</doc>
<status status="PASS" start="2024-05-12T21:13:28.923318" elapsed="0.000218"/>
</kw>
<var name="${key}">login</var>
<status status="PASS" start="2024-05-12T21:13:28.921705" elapsed="0.002054"/>
</iter>
<var>${key}</var>
<value>@{expected_keys}</value>
<status status="PASS" start="2024-05-12T21:13:28.912928" elapsed="0.010960"/>
</for>
<kw name="Create List" owner="BuiltIn">
<msg time="2024-05-12T21:13:28.924225" level="INFO">${expected_keysTwo} = ['username', 'password']</msg>
<var>${expected_keysTwo}</var>
<arg>username</arg>
<arg>password</arg>
<doc>Returns a list containing given items.</doc>
<status status="PASS" start="2024-05-12T21:13:28.924088" elapsed="0.000161"/>
</kw>
<for flavor="IN">
<iter>
<kw name="Dictionary Should Contain Key" owner="Collections">
<msg time="2024-05-12T21:13:28.925139" level="INFO">False</msg>
<arg>${json_data['results'][0]['login']}</arg>
<arg>${keyTwo}</arg>
<doc>Fails if ``key`` is not found from ``dictionary``.</doc>
<status status="PASS" start="2024-05-12T21:13:28.924751" elapsed="0.000425"/>
</kw>
<kw name="Dictionary Should Contain Key" owner="Collections">
<msg time="2024-05-12T21:13:28.925848" level="INFO">False</msg>
<arg>${json_data['results'][0]['login']}</arg>
<arg>${keyTwo}</arg>
<doc>Fails if ``key`` is not found from ``dictionary``.</doc>
<status status="PASS" start="2024-05-12T21:13:28.925468" elapsed="0.000417"/>
</kw>
<kw name="Log" owner="BuiltIn">
<msg time="2024-05-12T21:13:28.926350" level="INFO">username</msg>
<arg>${keyTwo}</arg>
<doc>Logs the given message with the given level.</doc>
<status status="PASS" start="2024-05-12T21:13:28.926220" elapsed="0.000172"/>
</kw>
<var name="${keyTwo}">username</var>
<status status="PASS" start="2024-05-12T21:13:28.924642" elapsed="0.001963"/>
</iter>
<iter>
<kw name="Dictionary Should Contain Key" owner="Collections">
<msg time="2024-05-12T21:13:28.927352" level="INFO">False</msg>
<arg>${json_data['results'][0]['login']}</arg>
<arg>${keyTwo}</arg>
<doc>Fails if ``key`` is not found from ``dictionary``.</doc>
<status status="PASS" start="2024-05-12T21:13:28.926886" elapsed="0.000505"/>
</kw>
<kw name="Dictionary Should Contain Key" owner="Collections">
<msg time="2024-05-12T21:13:28.928184" level="INFO">False</msg>
<arg>${json_data['results'][0]['login']}</arg>
<arg>${keyTwo}</arg>
<doc>Fails if ``key`` is not found from ``dictionary``.</doc>
<status status="PASS" start="2024-05-12T21:13:28.927690" elapsed="0.000564"/>
</kw>
<kw name="Log" owner="BuiltIn">
<msg time="2024-05-12T21:13:28.928926" level="INFO">password</msg>
<arg>${keyTwo}</arg>
<doc>Logs the given message with the given level.</doc>
<status status="PASS" start="2024-05-12T21:13:28.928719" elapsed="0.000274"/>
</kw>
<var name="${keyTwo}">password</var>
<status status="PASS" start="2024-05-12T21:13:28.926775" elapsed="0.002543"/>
</iter>
<var>${keyTwo}</var>
<value>@{expected_keysTwo}</value>
<status status="PASS" start="2024-05-12T21:13:28.924491" elapsed="0.005011"/>
</for>
<status status="PASS" start="2024-05-12T21:13:28.808362" elapsed="0.121362"/>
</kw>
<doc>Testa a estrutura da resposta da API.</doc>
<tag>testeEstruturaResposta</tag>
<status status="PASS" start="2024-05-12T21:13:28.807601" elapsed="0.122389"/>
</test>
<test id="s1-s1-t4" name="Validar tipos de dados" line="28">
<kw name="Teste de Tipos de Dados" owner="random-user-service">
<kw name="GET On Session" owner="RequestsLibrary">
<msg time="2024-05-12T21:13:29.008343" level="INFO">GET Request : url=https://randomuser.me/api 
 path_url=/api 
 headers={'User-Agent': 'python-requests/2.31.0', 'Accept-Encoding': 'gzip, deflate', 'Accept': '*/*', 'Connection': 'keep-alive'} 
 body=None 
 </msg>
<msg time="2024-05-12T21:13:29.008418" level="INFO">GET Response : url=https://randomuser.me/api 
 status=200, reason=OK 
 headers={'Date': 'Sun, 12 May 2024 21:13:29 GMT', 'Content-Type': 'application/json; charset=utf-8', 'Transfer-Encoding': 'chunked', 'Connection': 'keep-alive', 'X-Powered-By': 'Express', 'Access-Control-Allow-Origin': '*', 'Cache-Control': 'no-cache', 'ETag': 'W/"4a3-Ck/3DyV6dMNyA5/QieqIsZHOUxg"', 'Vary': 'Accept-Encoding', 'Content-Encoding': 'gzip', 'CF-Cache-Status': 'DYNAMIC', 'Report-To': '{"endpoints":[{"url":"https:\\/\\/a.nel.cloudflare.com\\/report\\/v4?s=q7Vfe4sWyfgP2IacQluL4iGImWChdempzlQoihHonepEDEIKqFfXfknlllpCM1WTVM4kMFv%2Fb5phbJPSZfV7sfeztZ2atW%2FY2TZXReNiO39dMDpPRQrKJ9JvVl%2BH%2FCdq"}],"group":"cf-nel","max_age":604800}', 'NEL': '{"success_fraction":0,"report_to":"cf-nel","max_age":604800}', 'Server': 'cloudflare', 'CF-RAY': '882d69b3dacc13d1-ORD', 'alt-svc': 'h3=":443"; ma=86400'} 
 body={"results":[{"gender":"female","name":{"title":"Ms","first":"Gloria","last":"Alcaraz"},"location":{"street":{"number":9472,"name":"Viaducto Chiapas"},"city":"Chocamán","state":"Queretaro","country":"Mexico","postcode":52482,"coordinates":{"latitude":"29.4791","longitude":"117.6521"},"timezone":{"offset":"+4:00","description":"Abu Dhabi, Muscat, Baku, Tbilisi"}},"email":"gloria.alcaraz@example.com","login":{"uuid":"60a9ff2a-766c-417b-9960-0e21f9a633d1","username":"beautifulbear898","password":"goddess","salt":"zzVfDUZI","md5":"a99cfe597cc42d3a8e327dc18a9a682d","sha1":"aaafb655264ae7c0f00d93dc086700bf78815461","sha256":"c4eacfa48bbbdd5f7c96797e67c99bdde0ef5c0b2e899bda10d35f9a29508c67"},"dob":{"date":"1952-08-30T13:50:10.170Z","age":71},"registered":{"date":"2004-04-21T11:15:18.924Z","age":20},"phone":"(666) 322 8089","cell":"(677) 523 5108","id":{"name":"NSS","value":"00 09 42 4195 7"},"picture":{"large":"https://randomuser.me/api/portraits/women/91.jpg","medium":"https://randomuser.me/api/portraits/med/women/91.jpg","thumbnail":"https://randomuser.me/api/portraits/thumb/women/91.jpg"},"nat":"MX"}],"info":{"seed":"1196ff0b06b52987","results":1,"page":1,"version":"1.4"}} 
 </msg>
<msg time="2024-05-12T21:13:29.008481" level="INFO">/opt/hostedtoolcache/Python/3.12.3/x64/lib/python3.12/site-packages/urllib3/connectionpool.py:1103: InsecureRequestWarning: Unverified HTTPS request is being made to host 'randomuser.me'. Adding certificate verification is strongly advised. See: https://urllib3.readthedocs.io/en/latest/advanced-usage.html#tls-warnings
  warnings.warn(</msg>
<msg time="2024-05-12T21:13:29.008572" level="INFO">${response} = &lt;Response [200]&gt;</msg>
<var>${response}</var>
<arg>consultarAPI</arg>
<arg>/api</arg>
<doc>Sends a GET request on a previously created HTTP Session.</doc>
<status status="PASS" start="2024-05-12T21:13:28.934317" elapsed="0.074280"/>
</kw>
<kw name="Set Variable" owner="BuiltIn">
<msg time="2024-05-12T21:13:29.009501" level="INFO">${json_data} = {'results': [{'gender': 'female', 'name': {'title': 'Ms', 'first': 'Gloria', 'last': 'Alcaraz'}, 'location': {'street': {'number': 9472, 'name': 'Viaducto Chiapas'}, 'city': 'Chocamán', 'state': 'Quer...</msg>
<var>${json_data}</var>
<arg>${response.json()}</arg>
<doc>Returns the given values which can then be assigned to a variables.</doc>
<status status="PASS" start="2024-05-12T21:13:29.009020" elapsed="0.000512"/>
</kw>
<kw name="Log" owner="BuiltIn">
<msg time="2024-05-12T21:13:29.010001" level="INFO">{'results': [{'gender': 'female', 'name': {'title': 'Ms', 'first': 'Gloria', 'last': 'Alcaraz'}, 'location': {'street': {'number': 9472, 'name': 'Viaducto Chiapas'}, 'city': 'Chocamán', 'state': 'Queretaro', 'country': 'Mexico', 'postcode': 52482, 'coordinates': {'latitude': '29.4791', 'longitude': '117.6521'}, 'timezone': {'offset': '+4:00', 'description': 'Abu Dhabi, Muscat, Baku, Tbilisi'}}, 'email': 'gloria.alcaraz@example.com', 'login': {'uuid': '60a9ff2a-766c-417b-9960-0e21f9a633d1', 'username': 'beautifulbear898', 'password': 'goddess', 'salt': 'zzVfDUZI', 'md5': 'a99cfe597cc42d3a8e327dc18a9a682d', 'sha1': 'aaafb655264ae7c0f00d93dc086700bf78815461', 'sha256': 'c4eacfa48bbbdd5f7c96797e67c99bdde0ef5c0b2e899bda10d35f9a29508c67'}, 'dob': {'date': '1952-08-30T13:50:10.170Z', 'age': 71}, 'registered': {'date': '2004-04-21T11:15:18.924Z', 'age': 20}, 'phone': '(666) 322 8089', 'cell': '(677) 523 5108', 'id': {'name': 'NSS', 'value': '00 09 42 4195 7'}, 'picture': {'large': 'https://randomuser.me/api/portraits/women/91.jpg', 'medium': 'https://randomuser.me/api/portraits/med/women/91.jpg', 'thumbnail': 'https://randomuser.me/api/portraits/thumb/women/91.jpg'}, 'nat': 'MX'}], 'info': {'seed': '1196ff0b06b52987', 'results': 1, 'page': 1, 'version': '1.4'}}</msg>
<arg>${json_data}</arg>
<doc>Logs the given message with the given level.</doc>
<status status="PASS" start="2024-05-12T21:13:29.009845" elapsed="0.000280"/>
</kw>
<kw name="Should Be String" owner="String">
<arg>${json_data['results'][0]['gender']}</arg>
<doc>Fails if the given ``item`` is not a string.</doc>
<status status="PASS" start="2024-05-12T21:13:29.010458" elapsed="0.000382"/>
</kw>
<kw name="Should Match Regexp" owner="BuiltIn">
<arg>${json_data['results'][0]['email']}</arg>
<arg>^[a-zA-Z0-9._%+-]+@[a-zA-Z0-9.-]+\.[a-zA-Z]{2,}$</arg>
<doc>Fails if ``string`` does not match ``pattern`` as a regular expression.</doc>
<status status="PASS" start="2024-05-12T21:13:29.011038" elapsed="0.000522"/>
</kw>
<kw name="Should Match Regexp" owner="BuiltIn">
<arg>${json_data['results'][0]['dob']['date']}</arg>
<arg>\\d{4}-\\d{2}-\\d{2}T\\d{2}:\\d{2}:\\d{2}\\.\\d{3}Z</arg>
<doc>Fails if ``string`` does not match ``pattern`` as a regular expression.</doc>
<status status="PASS" start="2024-05-12T21:13:29.011758" elapsed="0.000497"/>
</kw>
<kw name="Should Match Regexp" owner="BuiltIn">
<arg>${json_data['results'][0]['registered']['date']}</arg>
<arg>\\d{4}-\\d{2}-\\d{2}T\\d{2}:\\d{2}:\\d{2}\\.\\d{3}Z</arg>
<doc>Fails if ``string`` does not match ``pattern`` as a regular expression.</doc>
<status status="PASS" start="2024-05-12T21:13:29.012448" elapsed="0.000373"/>
</kw>
<kw name="Should Match Regexp" owner="BuiltIn">
<arg>${json_data['results'][0]['picture']['large']}</arg>
<arg>^https?://.*\.(?:png|jpe?g|gif|bmp)$</arg>
<doc>Fails if ``string`` does not match ``pattern`` as a regular expression.</doc>
<status status="PASS" start="2024-05-12T21:13:29.013011" elapsed="0.000459"/>
</kw>
<kw name="Should Match Regexp" owner="BuiltIn">
<arg>${json_data['results'][0]['picture']['medium']}</arg>
<arg>^https?://.*\.(?:png|jpe?g|gif|bmp)$</arg>
<doc>Fails if ``string`` does not match ``pattern`` as a regular expression.</doc>
<status status="PASS" start="2024-05-12T21:13:29.013658" elapsed="0.000366"/>
</kw>
<kw name="Should Match Regexp" owner="BuiltIn">
<arg>${json_data['results'][0]['picture']['thumbnail']}</arg>
<arg>^https?://.*\.(?:png|jpe?g|gif|bmp)$</arg>
<doc>Fails if ``string`` does not match ``pattern`` as a regular expression.</doc>
<status status="PASS" start="2024-05-12T21:13:29.014287" elapsed="0.000365"/>
</kw>
<kw name="Log" owner="BuiltIn">
<msg time="2024-05-12T21:13:29.015159" level="INFO">{'large': 'https://randomuser.me/api/portraits/women/91.jpg', 'medium': 'https://randomuser.me/api/portraits/med/women/91.jpg', 'thumbnail': 'https://randomuser.me/api/portraits/thumb/women/91.jpg'}</msg>
<arg>${json_data['results'][0]['picture']}</arg>
<doc>Logs the given message with the given level.</doc>
<status status="PASS" start="2024-05-12T21:13:29.014833" elapsed="0.000367"/>
</kw>
<status status="PASS" start="2024-05-12T21:13:28.933929" elapsed="0.081523"/>
</kw>
<kw name="Teste de Tipos de Dados - Postcode" owner="random-user-service">
<kw name="GET On Session" owner="RequestsLibrary">
<msg time="2024-05-12T21:13:29.111716" level="INFO">GET Request : url=https://randomuser.me/api 
 path_url=/api 
 headers={'User-Agent': 'python-requests/2.31.0', 'Accept-Encoding': 'gzip, deflate', 'Accept': '*/*', 'Connection': 'keep-alive'} 
 body=None 
 </msg>
<msg time="2024-05-12T21:13:29.111792" level="INFO">GET Response : url=https://randomuser.me/api 
 status=200, reason=OK 
 headers={'Date': 'Sun, 12 May 2024 21:13:29 GMT', 'Content-Type': 'application/json; charset=utf-8', 'Transfer-Encoding': 'chunked', 'Connection': 'keep-alive', 'X-Powered-By': 'Express', 'Access-Control-Allow-Origin': '*', 'Cache-Control': 'no-cache', 'ETag': 'W/"48e-MHf9LN8jGpv/bWzCdUh9GmxgMgA"', 'Vary': 'Accept-Encoding', 'Content-Encoding': 'gzip', 'CF-Cache-Status': 'DYNAMIC', 'Report-To': '{"endpoints":[{"url":"https:\\/\\/a.nel.cloudflare.com\\/report\\/v4?s=KOwFCqG8%2FhDVvVTrTCY5xME6wESqM42EN7JqF8KVmzRA1yzQUntoQ5wwAl9qiT%2BPrlZFlrsaasMY48zfWAue5LyULf98%2FteU40Ie1QxPn%2B%2FXOKyGakORm7CvBZEbDUWf"}],"group":"cf-nel","max_age":604800}', 'NEL': '{"success_fraction":0,"report_to":"cf-nel","max_age":604800}', 'Server': 'cloudflare', 'CF-RAY': '882d69b45b5313d1-ORD', 'alt-svc': 'h3=":443"; ma=86400'} 
 body={"results":[{"gender":"female","name":{"title":"Miss","first":"Lidija","last":"Mandić"},"location":{"street":{"number":7985,"name":"Drenoglavska"},"city":"Bogatić","state":"Kosovo","country":"Serbia","postcode":99311,"coordinates":{"latitude":"59.1040","longitude":"82.0736"},"timezone":{"offset":"-4:00","description":"Atlantic Time (Canada), Caracas, La Paz"}},"email":"lidija.mandic@example.com","login":{"uuid":"6624c323-f17c-41f3-9dbb-5a8d2fbfdbb9","username":"sadfrog715","password":"phil","salt":"gBXf7lKY","md5":"a4100fa0cf49fa9177766d0e0c087cbb","sha1":"fa9f48cf0c58de7de8151901d7ec890c4daff07f","sha256":"c7a837ad55571588ae827fca5e951f7746f8c80b4ef3d400e4274a16e51d4b0e"},"dob":{"date":"1973-07-31T04:28:00.140Z","age":50},"registered":{"date":"2019-02-17T11:24:11.524Z","age":5},"phone":"037-9877-557","cell":"062-8074-076","id":{"name":"SID","value":"386738462"},"picture":{"large":"https://randomuser.me/api/portraits/women/15.jpg","medium":"https://randomuser.me/api/portraits/med/women/15.jpg","thumbnail":"https://randomuser.me/api/portraits/thumb/women/15.jpg"},"nat":"RS"}],"info":{"seed":"9f6a7646628f1983","results":1,"page":1,"version":"1.4"}} 
 </msg>
<msg time="2024-05-12T21:13:29.111855" level="INFO">/opt/hostedtoolcache/Python/3.12.3/x64/lib/python3.12/site-packages/urllib3/connectionpool.py:1103: InsecureRequestWarning: Unverified HTTPS request is being made to host 'randomuser.me'. Adding certificate verification is strongly advised. See: https://urllib3.readthedocs.io/en/latest/advanced-usage.html#tls-warnings
  warnings.warn(</msg>
<msg time="2024-05-12T21:13:29.111951" level="INFO">${response} = &lt;Response [200]&gt;</msg>
<var>${response}</var>
<arg>consultarAPI</arg>
<arg>/api</arg>
<doc>Sends a GET request on a previously created HTTP Session.</doc>
<status status="PASS" start="2024-05-12T21:13:29.015889" elapsed="0.096093"/>
</kw>
<kw name="Set Variable" owner="BuiltIn">
<msg time="2024-05-12T21:13:29.112914" level="INFO">${json_data} = {'results': [{'gender': 'female', 'name': {'title': 'Miss', 'first': 'Lidija', 'last': 'Mandić'}, 'location': {'street': {'number': 7985, 'name': 'Drenoglavska'}, 'city': 'Bogatić', 'state': 'Kosovo',...</msg>
<var>${json_data}</var>
<arg>${response.json()}</arg>
<doc>Returns the given values which can then be assigned to a variables.</doc>
<status status="PASS" start="2024-05-12T21:13:29.112413" elapsed="0.000539"/>
</kw>
<kw name="Log" owner="BuiltIn">
<msg time="2024-05-12T21:13:29.113420" level="INFO">{'results': [{'gender': 'female', 'name': {'title': 'Miss', 'first': 'Lidija', 'last': 'Mandić'}, 'location': {'street': {'number': 7985, 'name': 'Drenoglavska'}, 'city': 'Bogatić', 'state': 'Kosovo', 'country': 'Serbia', 'postcode': 99311, 'coordinates': {'latitude': '59.1040', 'longitude': '82.0736'}, 'timezone': {'offset': '-4:00', 'description': 'Atlantic Time (Canada), Caracas, La Paz'}}, 'email': 'lidija.mandic@example.com', 'login': {'uuid': '6624c323-f17c-41f3-9dbb-5a8d2fbfdbb9', 'username': 'sadfrog715', 'password': 'phil', 'salt': 'gBXf7lKY', 'md5': 'a4100fa0cf49fa9177766d0e0c087cbb', 'sha1': 'fa9f48cf0c58de7de8151901d7ec890c4daff07f', 'sha256': 'c7a837ad55571588ae827fca5e951f7746f8c80b4ef3d400e4274a16e51d4b0e'}, 'dob': {'date': '1973-07-31T04:28:00.140Z', 'age': 50}, 'registered': {'date': '2019-02-17T11:24:11.524Z', 'age': 5}, 'phone': '037-9877-557', 'cell': '062-8074-076', 'id': {'name': 'SID', 'value': '386738462'}, 'picture': {'large': 'https://randomuser.me/api/portraits/women/15.jpg', 'medium': 'https://randomuser.me/api/portraits/med/women/15.jpg', 'thumbnail': 'https://randomuser.me/api/portraits/thumb/women/15.jpg'}, 'nat': 'RS'}], 'info': {'seed': '9f6a7646628f1983', 'results': 1, 'page': 1, 'version': '1.4'}}</msg>
<arg>${json_data}</arg>
<doc>Logs the given message with the given level.</doc>
<status status="PASS" start="2024-05-12T21:13:29.113263" elapsed="0.000240"/>
</kw>
<kw name="Should Be Equal As Numbers" owner="BuiltIn">
<arg>${json_data['results'][0]['location']['postcode']}</arg>
<arg>${json_data['results'][0]['location']['postcode']}</arg>
<doc>Fails if objects are unequal after converting them to real numbers.</doc>
<status status="PASS" start="2024-05-12T21:13:29.113969" elapsed="0.000677"/>
</kw>
<kw name="Log" owner="BuiltIn">
<msg time="2024-05-12T21:13:29.115178" level="INFO">99311</msg>
<arg>${json_data['results'][0]['location']['postcode']}</arg>
<doc>Logs the given message with the given level.</doc>
<status status="PASS" start="2024-05-12T21:13:29.114840" elapsed="0.000379"/>
</kw>
<status status="PASS" start="2024-05-12T21:13:29.015668" elapsed="0.099845"/>
</kw>
<doc>Testa se os tipos de dados na resposta da API estão corretos.</doc>
<tag>testeTiposDados</tag>
<status status="PASS" start="2024-05-12T21:13:28.933248" elapsed="0.182555"/>
</test>
<test id="s1-s1-t5" name="Validar conteudo" line="35">
<kw name="Teste de Tipos de Conteudo" owner="random-user-service">
<kw name="GET On Session" owner="RequestsLibrary">
<msg time="2024-05-12T21:13:29.220585" level="INFO">GET Request : url=https://randomuser.me/api 
 path_url=/api 
 headers={'User-Agent': 'python-requests/2.31.0', 'Accept-Encoding': 'gzip, deflate', 'Accept': '*/*', 'Connection': 'keep-alive'} 
 body=None 
 </msg>
<msg time="2024-05-12T21:13:29.220670" level="INFO">GET Response : url=https://randomuser.me/api 
 status=200, reason=OK 
 headers={'Date': 'Sun, 12 May 2024 21:13:29 GMT', 'Content-Type': 'application/json; charset=utf-8', 'Transfer-Encoding': 'chunked', 'Connection': 'keep-alive', 'X-Powered-By': 'Express', 'Access-Control-Allow-Origin': '*', 'Cache-Control': 'no-cache', 'ETag': 'W/"489-irY/tWu8/su9OBqXDqyWTPzPwTk"', 'Vary': 'Accept-Encoding', 'Content-Encoding': 'gzip', 'CF-Cache-Status': 'DYNAMIC', 'Report-To': '{"endpoints":[{"url":"https:\\/\\/a.nel.cloudflare.com\\/report\\/v4?s=SERao%2BZeT3qO5WCQYqDAw0BDjFau6QSm5q%2F9f5B%2B4YA5tVczvQhusZip77tBSPqG7cf3Z2blypDZhz8vtXSS%2BpjN74UXF77JMwKEWT55yuZevX%2B2jv0%2Bew0YtWYU6ons"}],"group":"cf-nel","max_age":604800}', 'NEL': '{"success_fraction":0,"report_to":"cf-nel","max_age":604800}', 'Server': 'cloudflare', 'CF-RAY': '882d69b50c5013d1-ORD', 'alt-svc': 'h3=":443"; ma=86400'} 
 body={"results":[{"gender":"female","name":{"title":"Ms","first":"Eileen","last":"Long"},"location":{"street":{"number":8909,"name":"Lovers Ln"},"city":"Busselton","state":"Australian Capital Territory","country":"Australia","postcode":3412,"coordinates":{"latitude":"-84.8299","longitude":"147.6395"},"timezone":{"offset":"+5:45","description":"Kathmandu"}},"email":"eileen.long@example.com","login":{"uuid":"48cbe741-99cc-4221-849d-620f9c2b89c3","username":"ticklishgoose244","password":"mother","salt":"LVYljhcr","md5":"8ba1a627da4dcf5f9076b88120e1a0cb","sha1":"654bc06427d550ce6fd16a54e786dac3fc200a9d","sha256":"477160fda629011857f68f20c89c8ae7b65a0052e025b16fde61955733b27ebb"},"dob":{"date":"1944-10-31T00:44:04.053Z","age":79},"registered":{"date":"2022-03-10T19:42:40.294Z","age":2},"phone":"07-1756-8253","cell":"0426-516-705","id":{"name":"TFN","value":"821117104"},"picture":{"large":"https://randomuser.me/api/portraits/women/60.jpg","medium":"https://randomuser.me/api/portraits/med/women/60.jpg","thumbnail":"https://randomuser.me/api/portraits/thumb/women/60.jpg"},"nat":"AU"}],"info":{"seed":"08f9dfda59044b60","results":1,"page":1,"version":"1.4"}} 
 </msg>
<msg time="2024-05-12T21:13:29.220744" level="INFO">/opt/hostedtoolcache/Python/3.12.3/x64/lib/python3.12/site-packages/urllib3/connectionpool.py:1103: InsecureRequestWarning: Unverified HTTPS request is being made to host 'randomuser.me'. Adding certificate verification is strongly advised. See: https://urllib3.readthedocs.io/en/latest/advanced-usage.html#tls-warnings
  warnings.warn(</msg>
<msg time="2024-05-12T21:13:29.220839" level="INFO">${response} = &lt;Response [200]&gt;</msg>
<var>${response}</var>
<arg>consultarAPI</arg>
<arg>/api</arg>
<doc>Sends a GET request on a previously created HTTP Session.</doc>
<status status="PASS" start="2024-05-12T21:13:29.118437" elapsed="0.102432"/>
</kw>
<kw name="Set Variable" owner="BuiltIn">
<msg time="2024-05-12T21:13:29.221689" level="INFO">${json_data} = {'results': [{'gender': 'female', 'name': {'title': 'Ms', 'first': 'Eileen', 'last': 'Long'}, 'location': {'street': {'number': 8909, 'name': 'Lovers Ln'}, 'city': 'Busselton', 'state': 'Australian Ca...</msg>
<var>${json_data}</var>
<arg>${response.json()}</arg>
<doc>Returns the given values which can then be assigned to a variables.</doc>
<status status="PASS" start="2024-05-12T21:13:29.221246" elapsed="0.000470"/>
</kw>
<kw name="Set Variable" owner="BuiltIn">
<msg time="2024-05-12T21:13:29.222451" level="INFO">${name_title} = Ms</msg>
<var>${name_title}</var>
<arg>${json_data["results"][0]["name"]["title"]}</arg>
<doc>Returns the given values which can then be assigned to a variables.</doc>
<status status="PASS" start="2024-05-12T21:13:29.222015" elapsed="0.000461"/>
</kw>
<kw name="Create List" owner="BuiltIn">
<msg time="2024-05-12T21:13:29.222922" level="INFO">${allowed_titles} = ['Mr', 'Ms', 'Miss', 'Mrs', 'Madame', 'Monsieur']</msg>
<var>${allowed_titles}</var>
<arg>Mr</arg>
<arg>Ms</arg>
<arg>Miss</arg>
<arg>Mrs</arg>
<arg>Madame</arg>
<arg>Monsieur</arg>
<doc>Returns a list containing given items.</doc>
<status status="PASS" start="2024-05-12T21:13:29.222774" elapsed="0.000172"/>
</kw>
<kw name="List Should Contain Value" owner="Collections">
<msg time="2024-05-12T21:13:29.223439" level="INFO">False</msg>
<arg>${allowed_titles}</arg>
<arg>${name_title}</arg>
<doc>Fails if the ``value`` is not found from ``list``.</doc>
<status status="PASS" start="2024-05-12T21:13:29.223265" elapsed="0.000210"/>
</kw>
<kw name="Set Variable" owner="BuiltIn">
<msg time="2024-05-12T21:13:29.224144" level="INFO">${name_country} = AU</msg>
<var>${name_country}</var>
<arg>${json_data["results"][0]["nat"]}</arg>
<doc>Returns the given values which can then be assigned to a variables.</doc>
<status status="PASS" start="2024-05-12T21:13:29.223767" elapsed="0.000402"/>
</kw>
<kw name="Create List" owner="BuiltIn">
<msg time="2024-05-12T21:13:29.225057" level="INFO">${list_country} = ['AD', 'AE', 'AF', 'AG', 'AI', 'AL', 'AM', 'AO', 'AQ', 'AR', 'AS', 'AT', 'AU', 'AW', 'AX', 'AZ', 'BA', 'BB', 'BD', 'BE', 'BF', 'BG', 'BH', 'BI', 'BJ', 'BL', 'BM', 'BN', 'BO', 'BQ', 'BR', 'BS', 'BT', '...</msg>
<var>${list_country}</var>
<arg>AD</arg>
<arg>AE</arg>
<arg>AF</arg>
<arg>AG</arg>
<arg>AI</arg>
<arg>AL</arg>
<arg>AM</arg>
<arg>AO</arg>
<arg>AQ</arg>
<arg>AR</arg>
<arg>AS</arg>
<arg>AT</arg>
<arg>AU</arg>
<arg>AW</arg>
<arg>AX</arg>
<arg>AZ</arg>
<arg>BA</arg>
<arg>BB</arg>
<arg>BD</arg>
<arg>BE</arg>
<arg>BF</arg>
<arg>BG</arg>
<arg>BH</arg>
<arg>BI</arg>
<arg>BJ</arg>
<arg>BL</arg>
<arg>BM</arg>
<arg>BN</arg>
<arg>BO</arg>
<arg>BQ</arg>
<arg>BR</arg>
<arg>BS</arg>
<arg>BT</arg>
<arg>BV</arg>
<arg>BW</arg>
<arg>BY</arg>
<arg>BZ</arg>
<arg>CA</arg>
<arg>CC</arg>
<arg>CD</arg>
<arg>CF</arg>
<arg>CG</arg>
<arg>CH</arg>
<arg>CI</arg>
<arg>CK</arg>
<arg>CL</arg>
<arg>CM</arg>
<arg>CN</arg>
<arg>CO</arg>
<arg>CR</arg>
<arg>CU</arg>
<arg>CV</arg>
<arg>CW</arg>
<arg>CX</arg>
<arg>CY</arg>
<arg>CZ</arg>
<arg>DE</arg>
<arg>DJ</arg>
<arg>DK</arg>
<arg>DM</arg>
<arg>DO</arg>
<arg>DZ</arg>
<arg>EC</arg>
<arg>EE</arg>
<arg>EG</arg>
<arg>EH</arg>
<arg>ER</arg>
<arg>ES</arg>
<arg>ET</arg>
<arg>FI</arg>
<arg>FJ</arg>
<arg>FK</arg>
<arg>FM</arg>
<arg>FO</arg>
<arg>FR</arg>
<arg>GA</arg>
<arg>GB</arg>
<arg>GD</arg>
<arg>GE</arg>
<arg>GF</arg>
<arg>GG</arg>
<arg>GH</arg>
<arg>GI</arg>
<arg>GL</arg>
<arg>GM</arg>
<arg>GN</arg>
<arg>GP</arg>
<arg>GQ</arg>
<arg>GR</arg>
<arg>GS</arg>
<arg>GT</arg>
<arg>GU</arg>
<arg>GW</arg>
<arg>GY</arg>
<arg>HK</arg>
<arg>HM</arg>
<arg>HN</arg>
<arg>HR</arg>
<arg>HT</arg>
<arg>HU</arg>
<arg>ID</arg>
<arg>IE</arg>
<arg>IL</arg>
<arg>IM</arg>
<arg>IN</arg>
<arg>IO</arg>
<arg>IQ</arg>
<arg>IR</arg>
<arg>IS</arg>
<arg>IT</arg>
<arg>JE</arg>
<arg>JM</arg>
<arg>JO</arg>
<arg>JP</arg>
<arg>KE</arg>
<arg>KG</arg>
<arg>KH</arg>
<arg>KI</arg>
<arg>KM</arg>
<arg>KN</arg>
<arg>KP</arg>
<arg>KR</arg>
<arg>KW</arg>
<arg>KY</arg>
<arg>KZ</arg>
<arg>LA</arg>
<arg>LB</arg>
<arg>LC</arg>
<arg>LI</arg>
<arg>LK</arg>
<arg>LR</arg>
<arg>LS</arg>
<arg>LT</arg>
<arg>LU</arg>
<arg>LV</arg>
<arg>LY</arg>
<arg>MA</arg>
<arg>MC</arg>
<arg>MD</arg>
<arg>ME</arg>
<arg>MF</arg>
<arg>MG</arg>
<arg>MH</arg>
<arg>MK</arg>
<arg>ML</arg>
<arg>MM</arg>
<arg>MN</arg>
<arg>MO</arg>
<arg>MP</arg>
<arg>MQ</arg>
<arg>MR</arg>
<arg>MS</arg>
<arg>MT</arg>
<arg>MU</arg>
<arg>MV</arg>
<arg>MW</arg>
<arg>MX</arg>
<arg>MY</arg>
<arg>MZ</arg>
<arg>NA</arg>
<arg>NC</arg>
<arg>NE</arg>
<arg>NF</arg>
<arg>NG</arg>
<arg>NI</arg>
<arg>NL</arg>
<arg>NO</arg>
<arg>NP</arg>
<arg>NR</arg>
<arg>NU</arg>
<arg>NZ</arg>
<arg>OM</arg>
<arg>PA</arg>
<arg>PE</arg>
<arg>PF</arg>
<arg>PG</arg>
<arg>PH</arg>
<arg>PK</arg>
<arg>PL</arg>
<arg>PM</arg>
<arg>PN</arg>
<arg>PR</arg>
<arg>PS</arg>
<arg>PT</arg>
<arg>PW</arg>
<arg>PY</arg>
<arg>QA</arg>
<arg>RE</arg>
<arg>RO</arg>
<arg>RS</arg>
<arg>RU</arg>
<arg>RW</arg>
<arg>SA</arg>
<arg>SB</arg>
<arg>SC</arg>
<arg>SD</arg>
<arg>SE</arg>
<arg>SG</arg>
<arg>SH</arg>
<arg>SI</arg>
<arg>SJ</arg>
<arg>SK</arg>
<arg>SL</arg>
<arg>SM</arg>
<arg>SN</arg>
<arg>SO</arg>
<arg>SR</arg>
<arg>SS</arg>
<arg>ST</arg>
<arg>SV</arg>
<arg>SX</arg>
<arg>SY</arg>
<arg>SZ</arg>
<arg>TC</arg>
<arg>TD</arg>
<arg>TF</arg>
<arg>TG</arg>
<arg>TH</arg>
<arg>TJ</arg>
<arg>TK</arg>
<arg>TL</arg>
<arg>TM</arg>
<arg>TN</arg>
<arg>TO</arg>
<arg>TR</arg>
<arg>TT</arg>
<arg>TV</arg>
<arg>TW</arg>
<arg>TZ</arg>
<arg>UA</arg>
<arg>UG</arg>
<arg>UM</arg>
<arg>US</arg>
<arg>UY</arg>
<arg>UZ</arg>
<arg>VA</arg>
<arg>VC</arg>
<arg>VE</arg>
<arg>VG</arg>
<arg>VI</arg>
<arg>VN</arg>
<arg>VU</arg>
<arg>WF</arg>
<arg>WS</arg>
<arg>XK</arg>
<arg>YE</arg>
<arg>YT</arg>
<arg>ZA</arg>
<arg>ZM</arg>
<arg>ZW</arg>
<doc>Returns a list containing given items.</doc>
<status status="PASS" start="2024-05-12T21:13:29.224472" elapsed="0.000611"/>
</kw>
<kw name="List Should Contain Value" owner="Collections">
<msg time="2024-05-12T21:13:29.226079" level="INFO">False</msg>
<arg>${list_country}</arg>
<arg>${name_country}</arg>
<doc>Fails if the ``value`` is not found from ``list``.</doc>
<status status="PASS" start="2024-05-12T21:13:29.225863" elapsed="0.000254"/>
</kw>
<kw name="Run Keyword If" owner="BuiltIn">
<kw name="Should Be True" owner="BuiltIn">
<arg>${True}</arg>
<doc>Fails if the given condition is not true.</doc>
<status status="PASS" start="2024-05-12T21:13:29.227181" elapsed="0.000243"/>
</kw>
<arg>${json_data["results"][0]["location"]["coordinates"]["latitude"]} &gt;= -90 and ${json_data["results"][0]["location"]["coordinates"]["latitude"]} &lt;= 90</arg>
<arg>Should Be True</arg>
<arg>${True}</arg>
<doc>Runs the given keyword with the given arguments, if ``condition`` is true.</doc>
<status status="PASS" start="2024-05-12T21:13:29.226436" elapsed="0.001119"/>
</kw>
<kw name="Run Keyword If" owner="BuiltIn">
<kw name="Should Be True" owner="BuiltIn">
<arg>${True}</arg>
<doc>Fails if the given condition is not true.</doc>
<status status="PASS" start="2024-05-12T21:13:29.228447" elapsed="0.000138"/>
</kw>
<arg>${json_data["results"][0]["location"]["coordinates"]["longitude"]} &gt;= -180 and ${json_data["results"][0]["location"]["coordinates"]["longitude"]} &lt;= 180</arg>
<arg>Should Be True</arg>
<arg>${True}</arg>
<doc>Runs the given keyword with the given arguments, if ``condition`` is true.</doc>
<status status="PASS" start="2024-05-12T21:13:29.227740" elapsed="0.000967"/>
</kw>
<status status="PASS" start="2024-05-12T21:13:29.118207" elapsed="0.110627"/>
</kw>
<doc>Testa o conteúdo específico dos campos retornados pela API.</doc>
<tag>testeConteudo</tag>
<status status="PASS" start="2024-05-12T21:13:29.117663" elapsed="0.111320"/>
</test>
<status status="PASS" start="2024-05-12T21:13:28.414354" elapsed="0.816645"/>
</suite>
<status status="PASS" start="2024-05-12T21:13:28.400685" elapsed="0.835649"/>
</suite>
<statistics>
<total>
<stat pass="5" fail="0" skip="0">All Tests</stat>
</total>
<tag>
<stat pass="1" fail="0" skip="0">testeConteudo</stat>
<stat pass="1" fail="0" skip="0">testeEstruturaResposta</stat>
<stat pass="1" fail="0" skip="0">testeRequisicaoBasica</stat>
<stat pass="1" fail="0" skip="0">testeTiposDados</stat>
</tag>
<suite>
<stat pass="5" fail="0" skip="0" id="s1" name="Tests">Tests</stat>
<stat pass="5" fail="0" skip="0" id="s1-s1" name="Random-User-Test">Tests.Random-User-Test</stat>
</suite>
</statistics>
<errors>
</errors>
</robot>
