<?xml version="1.0" encoding="UTF-8"?>
<robot generator="Robot 7.0 (Python 3.12.3 on linux)" generated="2024-06-04T04:17:28.826578" rpa="false" schemaversion="5">
<suite id="s1" name="Tests" source="/home/runner/work/ApiRandomUser/ApiRandomUser/RamdonUser/tests">
<suite id="s1-s1" name="Random-User-Test" source="/home/runner/work/ApiRandomUser/ApiRandomUser/RamdonUser/tests/random-user-test.robot">
<test id="s1-s1-t1" name="Conectar" line="13">
<kw name="Conectar API" owner="random-user-service">
<kw name="Create Session" owner="RequestsLibrary">
<msg time="2024-06-04T04:17:29.231115" level="INFO">Creating Session using : alias=consultarAPI, url=https://randomuser.me/, headers={},                     cookies={}, auth=None, timeout=None, proxies=None, verify=False,                     debug=0 </msg>
<arg>consultarAPI</arg>
<arg>${URL}</arg>
<doc>Create Session: create a HTTP session to a server</doc>
<status status="PASS" start="2024-06-04T04:17:29.230902" elapsed="0.000410"/>
</kw>
<status status="PASS" start="2024-06-04T04:17:29.229819" elapsed="0.001860"/>
</kw>
<status status="PASS" start="2024-06-04T04:17:29.229200" elapsed="0.002723"/>
</test>
<test id="s1-s1-t2" name="Validar retorno 200 e JSON Válido" line="16">
<kw name="Teste de Requisicao Basica" owner="random-user-service">
<kw name="GET On Session" owner="RequestsLibrary">
<msg time="2024-06-04T04:17:29.393197" level="INFO">GET Request : url=https://randomuser.me/api 
 path_url=/api 
 headers={'User-Agent': 'python-requests/2.32.3', 'Accept-Encoding': 'gzip, deflate', 'Accept': '*/*', 'Connection': 'keep-alive'} 
 body=None 
 </msg>
<msg time="2024-06-04T04:17:29.393413" level="INFO">GET Response : url=https://randomuser.me/api 
 status=200, reason=OK 
 headers={'Date': 'Tue, 04 Jun 2024 04:17:29 GMT', 'Content-Type': 'application/json; charset=utf-8', 'Transfer-Encoding': 'chunked', 'Connection': 'keep-alive', 'X-Powered-By': 'Express', 'Access-Control-Allow-Origin': '*', 'Cache-Control': 'no-cache', 'ETag': 'W/"49b-iooVxoFniTEfPdTXGgiRwZl/OlE"', 'Vary': 'Accept-Encoding', 'Content-Encoding': 'gzip', 'CF-Cache-Status': 'DYNAMIC', 'Report-To': '{"endpoints":[{"url":"https:\\/\\/a.nel.cloudflare.com\\/report\\/v4?s=3dm%2FfKiLNrwza%2BvA2Vl%2F5Z8mVCxLjWmJpODPZHJl13ClDpTjduzeWdBdGQl0hEDNH%2BSGr6xqmx7swB2SVl08ZUn%2BYMl7sihpM%2BvU1cII%2BFfCLso9nsjBWxvQpVrOVDtU"}],"group":"cf-nel","max_age":604800}', 'NEL': '{"success_fraction":0,"report_to":"cf-nel","max_age":604800}', 'Server': 'cloudflare', 'CF-RAY': '88e51d0e1b507eae-LAX', 'alt-svc': 'h3=":443"; ma=86400'} 
 body={"results":[{"gender":"female","name":{"title":"Ms","first":"Verena","last":"Nagler"},"location":{"street":{"number":6225,"name":"Poststraße"},"city":"Rodgau","state":"Rheinland-Pfalz","country":"Germany","postcode":80952,"coordinates":{"latitude":"-53.4145","longitude":"64.6523"},"timezone":{"offset":"+8:00","description":"Beijing, Perth, Singapore, Hong Kong"}},"email":"verena.nagler@example.com","login":{"uuid":"f9fd9cba-ce01-48f9-b47b-c775b342cf6c","username":"sadrabbit545","password":"jared","salt":"5aeG9Jmr","md5":"bb437824e0302922171ee2007f1d8b53","sha1":"536b6aa04e694f183132af00af11477622d5e423","sha256":"7432ac7c69784d029372326d7f0cb61974f64b2f20eb8a2a6674636a65db61c7"},"dob":{"date":"1969-11-02T17:48:32.952Z","age":54},"registered":{"date":"2009-01-12T06:51:22.768Z","age":15},"phone":"0231-7947696","cell":"0179-0447635","id":{"name":"SVNR","value":"14 021169 N 541"},"picture":{"large":"https://randomuser.me/api/portraits/women/72.jpg","medium":"https://randomuser.me/api/portraits/med/women/72.jpg","thumbnail":"https://randomuser.me/api/portraits/thumb/women/72.jpg"},"nat":"DE"}],"info":{"seed":"dd8fa51f2e9770b9","results":1,"page":1,"version":"1.4"}} 
 </msg>
<msg time="2024-06-04T04:17:29.393538" level="INFO">/opt/hostedtoolcache/Python/3.12.3/x64/lib/python3.12/site-packages/urllib3/connectionpool.py:1103: InsecureRequestWarning: Unverified HTTPS request is being made to host 'randomuser.me'. Adding certificate verification is strongly advised. See: https://urllib3.readthedocs.io/en/latest/advanced-usage.html#tls-warnings
  warnings.warn(</msg>
<msg time="2024-06-04T04:17:29.393714" level="INFO">${response} = &lt;Response [200]&gt;</msg>
<var>${response}</var>
<arg>consultarAPI</arg>
<arg>/api</arg>
<doc>Sends a GET request on a previously created HTTP Session.</doc>
<status status="PASS" start="2024-06-04T04:17:29.234610" elapsed="0.159145"/>
</kw>
<kw name="Should Be Equal As Numbers" owner="BuiltIn">
<msg time="2024-06-04T04:17:29.394889" level="INFO">Argument types are:
&lt;class 'int'&gt;
&lt;class 'str'&gt;</msg>
<arg>${response.status_code}</arg>
<arg>200</arg>
<doc>Fails if objects are unequal after converting them to real numbers.</doc>
<status status="PASS" start="2024-06-04T04:17:29.394405" elapsed="0.000552"/>
</kw>
<kw name="Log" owner="BuiltIn">
<msg time="2024-06-04T04:17:29.395662" level="INFO">200</msg>
<arg>${response.status_code}</arg>
<doc>Logs the given message with the given level.</doc>
<status status="PASS" start="2024-06-04T04:17:29.395308" elapsed="0.000403"/>
</kw>
<kw name="Set Variable" owner="BuiltIn">
<msg time="2024-06-04T04:17:29.396551" level="INFO">${json_data} = {'results': [{'gender': 'female', 'name': {'title': 'Ms', 'first': 'Verena', 'last': 'Nagler'}, 'location': {'street': {'number': 6225, 'name': 'Poststraße'}, 'city': 'Rodgau', 'state': 'Rheinland-Pfa...</msg>
<var>${json_data}</var>
<arg>${response.json()}</arg>
<doc>Returns the given values which can then be assigned to a variables.</doc>
<status status="PASS" start="2024-06-04T04:17:29.396078" elapsed="0.000505"/>
</kw>
<kw name="Dictionary Should Contain Key" owner="Collections">
<msg time="2024-06-04T04:17:29.397079" level="INFO">False</msg>
<arg>${json_data}</arg>
<arg>results</arg>
<doc>Fails if ``key`` is not found from ``dictionary``.</doc>
<status status="PASS" start="2024-06-04T04:17:29.396903" elapsed="0.000384"/>
</kw>
<status status="PASS" start="2024-06-04T04:17:29.234362" elapsed="0.163192"/>
</kw>
<doc>Testa se a API responde corretamente e retorna um objeto JSON válido.</doc>
<tag>testeRequisicaoBasica</tag>
<status status="PASS" start="2024-06-04T04:17:29.233832" elapsed="0.163908"/>
</test>
<test id="s1-s1-t3" name="Validar estrutura de resposta" line="22">
<kw name="Teste de Estrutura de Resposta" owner="random-user-service">
<kw name="GET On Session" owner="RequestsLibrary">
<msg time="2024-06-04T04:17:29.497598" level="INFO">GET Request : url=https://randomuser.me/api 
 path_url=/api 
 headers={'User-Agent': 'python-requests/2.32.3', 'Accept-Encoding': 'gzip, deflate', 'Accept': '*/*', 'Connection': 'keep-alive'} 
 body=None 
 </msg>
<msg time="2024-06-04T04:17:29.497720" level="INFO">GET Response : url=https://randomuser.me/api 
 status=200, reason=OK 
 headers={'Date': 'Tue, 04 Jun 2024 04:17:29 GMT', 'Content-Type': 'application/json; charset=utf-8', 'Transfer-Encoding': 'chunked', 'Connection': 'keep-alive', 'X-Powered-By': 'Express', 'Access-Control-Allow-Origin': '*', 'Cache-Control': 'no-cache', 'ETag': 'W/"496-0dQS3MYWcgsYxHEO/TRVQUkE6Rs"', 'Vary': 'Accept-Encoding', 'Content-Encoding': 'gzip', 'CF-Cache-Status': 'DYNAMIC', 'Report-To': '{"endpoints":[{"url":"https:\\/\\/a.nel.cloudflare.com\\/report\\/v4?s=sAwUJtxat8r%2Fnu3CwsPG6X%2BP5E%2FlZSVgPVtHR5losA%2FOridG5oCKO9507PGIa5p8JYr30DZRExGyS9648PK9NqakShSBQHWmBsf6XO9m3g9FoIcc4Hya09SADlkuJVke"}],"group":"cf-nel","max_age":604800}', 'NEL': '{"success_fraction":0,"report_to":"cf-nel","max_age":604800}', 'Server': 'cloudflare', 'CF-RAY': '88e51d0ecbd57eae-LAX', 'alt-svc': 'h3=":443"; ma=86400'} 
 body={"results":[{"gender":"male","name":{"title":"Mr","first":"Nathaniel","last":"Banks"},"location":{"street":{"number":5928,"name":"Church Road"},"city":"Armagh","state":"Oxfordshire","country":"United Kingdom","postcode":"ZH1 2AW","coordinates":{"latitude":"-4.8749","longitude":"-95.3411"},"timezone":{"offset":"-3:00","description":"Brazil, Buenos Aires, Georgetown"}},"email":"nathaniel.banks@example.com","login":{"uuid":"b05920bf-f239-4aab-b212-7bb89d91f92e","username":"bigcat535","password":"bernard","salt":"9kmKNNQ7","md5":"751a910e0616e3c3bda22e9c1b43b4d9","sha1":"4d34ee1813304944f8506d147212079e2e78fb2d","sha256":"2f90c68577395779de2ab264368bcd21d70a8bf6fe661d019b550842cf64c17a"},"dob":{"date":"1984-01-16T14:45:17.406Z","age":40},"registered":{"date":"2016-02-06T15:19:39.937Z","age":8},"phone":"016977 35829","cell":"07968 571738","id":{"name":"NINO","value":"LY 88 29 46 T"},"picture":{"large":"https://randomuser.me/api/portraits/men/51.jpg","medium":"https://randomuser.me/api/portraits/med/men/51.jpg","thumbnail":"https://randomuser.me/api/portraits/thumb/men/51.jpg"},"nat":"GB"}],"info":{"seed":"fbf4c6bafe402923","results":1,"page":1,"version":"1.4"}} 
 </msg>
<msg time="2024-06-04T04:17:29.497877" level="INFO">/opt/hostedtoolcache/Python/3.12.3/x64/lib/python3.12/site-packages/urllib3/connectionpool.py:1103: InsecureRequestWarning: Unverified HTTPS request is being made to host 'randomuser.me'. Adding certificate verification is strongly advised. See: https://urllib3.readthedocs.io/en/latest/advanced-usage.html#tls-warnings
  warnings.warn(</msg>
<msg time="2024-06-04T04:17:29.498050" level="INFO">${response} = &lt;Response [200]&gt;</msg>
<var>${response}</var>
<arg>consultarAPI</arg>
<arg>/api</arg>
<doc>Sends a GET request on a previously created HTTP Session.</doc>
<status status="PASS" start="2024-06-04T04:17:29.400513" elapsed="0.097586"/>
</kw>
<kw name="Set Variable" owner="BuiltIn">
<msg time="2024-06-04T04:17:29.499321" level="INFO">${json_data} = {'results': [{'gender': 'male', 'name': {'title': 'Mr', 'first': 'Nathaniel', 'last': 'Banks'}, 'location': {'street': {'number': 5928, 'name': 'Church Road'}, 'city': 'Armagh', 'state': 'Oxfordshire'...</msg>
<var>${json_data}</var>
<arg>${response.json()}</arg>
<doc>Returns the given values which can then be assigned to a variables.</doc>
<status status="PASS" start="2024-06-04T04:17:29.498726" elapsed="0.000624"/>
</kw>
<kw name="Log" owner="BuiltIn">
<msg time="2024-06-04T04:17:29.499872" level="INFO">{'results': [{'gender': 'male', 'name': {'title': 'Mr', 'first': 'Nathaniel', 'last': 'Banks'}, 'location': {'street': {'number': 5928, 'name': 'Church Road'}, 'city': 'Armagh', 'state': 'Oxfordshire', 'country': 'United Kingdom', 'postcode': 'ZH1 2AW', 'coordinates': {'latitude': '-4.8749', 'longitude': '-95.3411'}, 'timezone': {'offset': '-3:00', 'description': 'Brazil, Buenos Aires, Georgetown'}}, 'email': 'nathaniel.banks@example.com', 'login': {'uuid': 'b05920bf-f239-4aab-b212-7bb89d91f92e', 'username': 'bigcat535', 'password': 'bernard', 'salt': '9kmKNNQ7', 'md5': '751a910e0616e3c3bda22e9c1b43b4d9', 'sha1': '4d34ee1813304944f8506d147212079e2e78fb2d', 'sha256': '2f90c68577395779de2ab264368bcd21d70a8bf6fe661d019b550842cf64c17a'}, 'dob': {'date': '1984-01-16T14:45:17.406Z', 'age': 40}, 'registered': {'date': '2016-02-06T15:19:39.937Z', 'age': 8}, 'phone': '016977 35829', 'cell': '07968 571738', 'id': {'name': 'NINO', 'value': 'LY 88 29 46 T'}, 'picture': {'large': 'https://randomuser.me/api/portraits/men/51.jpg', 'medium': 'https://randomuser.me/api/portraits/med/men/51.jpg', 'thumbnail': 'https://randomuser.me/api/portraits/thumb/men/51.jpg'}, 'nat': 'GB'}], 'info': {'seed': 'fbf4c6bafe402923', 'results': 1, 'page': 1, 'version': '1.4'}}</msg>
<arg>${json_data}</arg>
<doc>Logs the given message with the given level.</doc>
<status status="PASS" start="2024-06-04T04:17:29.499663" elapsed="0.000264"/>
</kw>
<kw name="Dictionary Should Contain Key" owner="Collections">
<msg time="2024-06-04T04:17:29.500406" level="INFO">False</msg>
<arg>${json_data}</arg>
<arg>results</arg>
<doc>Fails if ``key`` is not found from ``dictionary``.</doc>
<status status="PASS" start="2024-06-04T04:17:29.500237" elapsed="0.000209"/>
</kw>
<kw name="Should Not Be Empty" owner="BuiltIn">
<msg time="2024-06-04T04:17:29.500880" level="INFO">Length is 2.</msg>
<arg>${json_data}</arg>
<doc>Verifies that the given item is not empty.</doc>
<status status="PASS" start="2024-06-04T04:17:29.500746" elapsed="0.000174"/>
</kw>
<kw name="Create List" owner="BuiltIn">
<msg time="2024-06-04T04:17:29.501373" level="INFO">${expected_keys} = ['gender', 'name', 'location', 'email', 'login']</msg>
<var>${expected_keys}</var>
<arg>gender</arg>
<arg>name</arg>
<arg>location</arg>
<arg>email</arg>
<arg>login</arg>
<doc>Returns a list containing given items.</doc>
<status status="PASS" start="2024-06-04T04:17:29.501214" elapsed="0.000185"/>
</kw>
<for flavor="IN">
<iter>
<kw name="Dictionary Should Contain Key" owner="Collections">
<msg time="2024-06-04T04:17:29.502396" level="INFO">False</msg>
<arg>${json_data['results'][0]}</arg>
<arg>${key}</arg>
<doc>Fails if ``key`` is not found from ``dictionary``.</doc>
<status status="PASS" start="2024-06-04T04:17:29.501989" elapsed="0.000454"/>
</kw>
<kw name="Log" owner="BuiltIn">
<msg time="2024-06-04T04:17:29.503149" level="INFO">{'gender': 'male', 'name': {'title': 'Mr', 'first': 'Nathaniel', 'last': 'Banks'}, 'location': {'street': {'number': 5928, 'name': 'Church Road'}, 'city': 'Armagh', 'state': 'Oxfordshire', 'country': 'United Kingdom', 'postcode': 'ZH1 2AW', 'coordinates': {'latitude': '-4.8749', 'longitude': '-95.3411'}, 'timezone': {'offset': '-3:00', 'description': 'Brazil, Buenos Aires, Georgetown'}}, 'email': 'nathaniel.banks@example.com', 'login': {'uuid': 'b05920bf-f239-4aab-b212-7bb89d91f92e', 'username': 'bigcat535', 'password': 'bernard', 'salt': '9kmKNNQ7', 'md5': '751a910e0616e3c3bda22e9c1b43b4d9', 'sha1': '4d34ee1813304944f8506d147212079e2e78fb2d', 'sha256': '2f90c68577395779de2ab264368bcd21d70a8bf6fe661d019b550842cf64c17a'}, 'dob': {'date': '1984-01-16T14:45:17.406Z', 'age': 40}, 'registered': {'date': '2016-02-06T15:19:39.937Z', 'age': 8}, 'phone': '016977 35829', 'cell': '07968 571738', 'id': {'name': 'NINO', 'value': 'LY 88 29 46 T'}, 'picture': {'large': 'https://randomuser.me/api/portraits/men/51.jpg', 'medium': 'https://randomuser.me/api/portraits/med/men/51.jpg', 'thumbnail': 'https://randomuser.me/api/portraits/thumb/men/51.jpg'}, 'nat': 'GB'}</msg>
<arg>${json_data['results'][0]}</arg>
<doc>Logs the given message with the given level.</doc>
<status status="PASS" start="2024-06-04T04:17:29.502774" elapsed="0.000425"/>
</kw>
<kw name="Log" owner="BuiltIn">
<msg time="2024-06-04T04:17:29.503631" level="INFO">gender</msg>
<arg>${key}</arg>
<doc>Logs the given message with the given level.</doc>
<status status="PASS" start="2024-06-04T04:17:29.503501" elapsed="0.000168"/>
</kw>
<var name="${key}">gender</var>
<status status="PASS" start="2024-06-04T04:17:29.501862" elapsed="0.002047"/>
</iter>
<iter>
<kw name="Dictionary Should Contain Key" owner="Collections">
<msg time="2024-06-04T04:17:29.504615" level="INFO">False</msg>
<arg>${json_data['results'][0]}</arg>
<arg>${key}</arg>
<doc>Fails if ``key`` is not found from ``dictionary``.</doc>
<status status="PASS" start="2024-06-04T04:17:29.504222" elapsed="0.000430"/>
</kw>
<kw name="Log" owner="BuiltIn">
<msg time="2024-06-04T04:17:29.505346" level="INFO">{'gender': 'male', 'name': {'title': 'Mr', 'first': 'Nathaniel', 'last': 'Banks'}, 'location': {'street': {'number': 5928, 'name': 'Church Road'}, 'city': 'Armagh', 'state': 'Oxfordshire', 'country': 'United Kingdom', 'postcode': 'ZH1 2AW', 'coordinates': {'latitude': '-4.8749', 'longitude': '-95.3411'}, 'timezone': {'offset': '-3:00', 'description': 'Brazil, Buenos Aires, Georgetown'}}, 'email': 'nathaniel.banks@example.com', 'login': {'uuid': 'b05920bf-f239-4aab-b212-7bb89d91f92e', 'username': 'bigcat535', 'password': 'bernard', 'salt': '9kmKNNQ7', 'md5': '751a910e0616e3c3bda22e9c1b43b4d9', 'sha1': '4d34ee1813304944f8506d147212079e2e78fb2d', 'sha256': '2f90c68577395779de2ab264368bcd21d70a8bf6fe661d019b550842cf64c17a'}, 'dob': {'date': '1984-01-16T14:45:17.406Z', 'age': 40}, 'registered': {'date': '2016-02-06T15:19:39.937Z', 'age': 8}, 'phone': '016977 35829', 'cell': '07968 571738', 'id': {'name': 'NINO', 'value': 'LY 88 29 46 T'}, 'picture': {'large': 'https://randomuser.me/api/portraits/men/51.jpg', 'medium': 'https://randomuser.me/api/portraits/med/men/51.jpg', 'thumbnail': 'https://randomuser.me/api/portraits/thumb/men/51.jpg'}, 'nat': 'GB'}</msg>
<arg>${json_data['results'][0]}</arg>
<doc>Logs the given message with the given level.</doc>
<status status="PASS" start="2024-06-04T04:17:29.504984" elapsed="0.000411"/>
</kw>
<kw name="Log" owner="BuiltIn">
<msg time="2024-06-04T04:17:29.505832" level="INFO">name</msg>
<arg>${key}</arg>
<doc>Logs the given message with the given level.</doc>
<status status="PASS" start="2024-06-04T04:17:29.505699" elapsed="0.000173"/>
</kw>
<var name="${key}">name</var>
<status status="PASS" start="2024-06-04T04:17:29.504105" elapsed="0.001987"/>
</iter>
<iter>
<kw name="Dictionary Should Contain Key" owner="Collections">
<msg time="2024-06-04T04:17:29.506774" level="INFO">False</msg>
<arg>${json_data['results'][0]}</arg>
<arg>${key}</arg>
<doc>Fails if ``key`` is not found from ``dictionary``.</doc>
<status status="PASS" start="2024-06-04T04:17:29.506394" elapsed="0.000418"/>
</kw>
<kw name="Log" owner="BuiltIn">
<msg time="2024-06-04T04:17:29.507492" level="INFO">{'gender': 'male', 'name': {'title': 'Mr', 'first': 'Nathaniel', 'last': 'Banks'}, 'location': {'street': {'number': 5928, 'name': 'Church Road'}, 'city': 'Armagh', 'state': 'Oxfordshire', 'country': 'United Kingdom', 'postcode': 'ZH1 2AW', 'coordinates': {'latitude': '-4.8749', 'longitude': '-95.3411'}, 'timezone': {'offset': '-3:00', 'description': 'Brazil, Buenos Aires, Georgetown'}}, 'email': 'nathaniel.banks@example.com', 'login': {'uuid': 'b05920bf-f239-4aab-b212-7bb89d91f92e', 'username': 'bigcat535', 'password': 'bernard', 'salt': '9kmKNNQ7', 'md5': '751a910e0616e3c3bda22e9c1b43b4d9', 'sha1': '4d34ee1813304944f8506d147212079e2e78fb2d', 'sha256': '2f90c68577395779de2ab264368bcd21d70a8bf6fe661d019b550842cf64c17a'}, 'dob': {'date': '1984-01-16T14:45:17.406Z', 'age': 40}, 'registered': {'date': '2016-02-06T15:19:39.937Z', 'age': 8}, 'phone': '016977 35829', 'cell': '07968 571738', 'id': {'name': 'NINO', 'value': 'LY 88 29 46 T'}, 'picture': {'large': 'https://randomuser.me/api/portraits/men/51.jpg', 'medium': 'https://randomuser.me/api/portraits/med/men/51.jpg', 'thumbnail': 'https://randomuser.me/api/portraits/thumb/men/51.jpg'}, 'nat': 'GB'}</msg>
<arg>${json_data['results'][0]}</arg>
<doc>Logs the given message with the given level.</doc>
<status status="PASS" start="2024-06-04T04:17:29.507116" elapsed="0.000426"/>
</kw>
<kw name="Log" owner="BuiltIn">
<msg time="2024-06-04T04:17:29.508016" level="INFO">location</msg>
<arg>${key}</arg>
<doc>Logs the given message with the given level.</doc>
<status status="PASS" start="2024-06-04T04:17:29.507880" elapsed="0.000174"/>
</kw>
<var name="${key}">location</var>
<status status="PASS" start="2024-06-04T04:17:29.506271" elapsed="0.002002"/>
</iter>
<iter>
<kw name="Dictionary Should Contain Key" owner="Collections">
<msg time="2024-06-04T04:17:29.509067" level="INFO">False</msg>
<arg>${json_data['results'][0]}</arg>
<arg>${key}</arg>
<doc>Fails if ``key`` is not found from ``dictionary``.</doc>
<status status="PASS" start="2024-06-04T04:17:29.508563" elapsed="0.000543"/>
</kw>
<kw name="Log" owner="BuiltIn">
<msg time="2024-06-04T04:17:29.509767" level="INFO">{'gender': 'male', 'name': {'title': 'Mr', 'first': 'Nathaniel', 'last': 'Banks'}, 'location': {'street': {'number': 5928, 'name': 'Church Road'}, 'city': 'Armagh', 'state': 'Oxfordshire', 'country': 'United Kingdom', 'postcode': 'ZH1 2AW', 'coordinates': {'latitude': '-4.8749', 'longitude': '-95.3411'}, 'timezone': {'offset': '-3:00', 'description': 'Brazil, Buenos Aires, Georgetown'}}, 'email': 'nathaniel.banks@example.com', 'login': {'uuid': 'b05920bf-f239-4aab-b212-7bb89d91f92e', 'username': 'bigcat535', 'password': 'bernard', 'salt': '9kmKNNQ7', 'md5': '751a910e0616e3c3bda22e9c1b43b4d9', 'sha1': '4d34ee1813304944f8506d147212079e2e78fb2d', 'sha256': '2f90c68577395779de2ab264368bcd21d70a8bf6fe661d019b550842cf64c17a'}, 'dob': {'date': '1984-01-16T14:45:17.406Z', 'age': 40}, 'registered': {'date': '2016-02-06T15:19:39.937Z', 'age': 8}, 'phone': '016977 35829', 'cell': '07968 571738', 'id': {'name': 'NINO', 'value': 'LY 88 29 46 T'}, 'picture': {'large': 'https://randomuser.me/api/portraits/men/51.jpg', 'medium': 'https://randomuser.me/api/portraits/med/men/51.jpg', 'thumbnail': 'https://randomuser.me/api/portraits/thumb/men/51.jpg'}, 'nat': 'GB'}</msg>
<arg>${json_data['results'][0]}</arg>
<doc>Logs the given message with the given level.</doc>
<status status="PASS" start="2024-06-04T04:17:29.509408" elapsed="0.000408"/>
</kw>
<kw name="Log" owner="BuiltIn">
<msg time="2024-06-04T04:17:29.510239" level="INFO">email</msg>
<arg>${key}</arg>
<doc>Logs the given message with the given level.</doc>
<status status="PASS" start="2024-06-04T04:17:29.510110" elapsed="0.000166"/>
</kw>
<var name="${key}">email</var>
<status status="PASS" start="2024-06-04T04:17:29.508451" elapsed="0.002039"/>
</iter>
<iter>
<kw name="Dictionary Should Contain Key" owner="Collections">
<msg time="2024-06-04T04:17:29.511158" level="INFO">False</msg>
<arg>${json_data['results'][0]}</arg>
<arg>${key}</arg>
<doc>Fails if ``key`` is not found from ``dictionary``.</doc>
<status status="PASS" start="2024-06-04T04:17:29.510776" elapsed="0.000419"/>
</kw>
<kw name="Log" owner="BuiltIn">
<msg time="2024-06-04T04:17:29.511871" level="INFO">{'gender': 'male', 'name': {'title': 'Mr', 'first': 'Nathaniel', 'last': 'Banks'}, 'location': {'street': {'number': 5928, 'name': 'Church Road'}, 'city': 'Armagh', 'state': 'Oxfordshire', 'country': 'United Kingdom', 'postcode': 'ZH1 2AW', 'coordinates': {'latitude': '-4.8749', 'longitude': '-95.3411'}, 'timezone': {'offset': '-3:00', 'description': 'Brazil, Buenos Aires, Georgetown'}}, 'email': 'nathaniel.banks@example.com', 'login': {'uuid': 'b05920bf-f239-4aab-b212-7bb89d91f92e', 'username': 'bigcat535', 'password': 'bernard', 'salt': '9kmKNNQ7', 'md5': '751a910e0616e3c3bda22e9c1b43b4d9', 'sha1': '4d34ee1813304944f8506d147212079e2e78fb2d', 'sha256': '2f90c68577395779de2ab264368bcd21d70a8bf6fe661d019b550842cf64c17a'}, 'dob': {'date': '1984-01-16T14:45:17.406Z', 'age': 40}, 'registered': {'date': '2016-02-06T15:19:39.937Z', 'age': 8}, 'phone': '016977 35829', 'cell': '07968 571738', 'id': {'name': 'NINO', 'value': 'LY 88 29 46 T'}, 'picture': {'large': 'https://randomuser.me/api/portraits/men/51.jpg', 'medium': 'https://randomuser.me/api/portraits/med/men/51.jpg', 'thumbnail': 'https://randomuser.me/api/portraits/thumb/men/51.jpg'}, 'nat': 'GB'}</msg>
<arg>${json_data['results'][0]}</arg>
<doc>Logs the given message with the given level.</doc>
<status status="PASS" start="2024-06-04T04:17:29.511491" elapsed="0.000430"/>
</kw>
<kw name="Log" owner="BuiltIn">
<msg time="2024-06-04T04:17:29.512343" level="INFO">login</msg>
<arg>${key}</arg>
<doc>Logs the given message with the given level.</doc>
<status status="PASS" start="2024-06-04T04:17:29.512214" elapsed="0.000167"/>
</kw>
<var name="${key}">login</var>
<status status="PASS" start="2024-06-04T04:17:29.510664" elapsed="0.001954"/>
</iter>
<var>${key}</var>
<value>@{expected_keys}</value>
<status status="PASS" start="2024-06-04T04:17:29.501665" elapsed="0.011078"/>
</for>
<kw name="Create List" owner="BuiltIn">
<msg time="2024-06-04T04:17:29.513077" level="INFO">${expected_keysTwo} = ['username', 'password']</msg>
<var>${expected_keysTwo}</var>
<arg>username</arg>
<arg>password</arg>
<doc>Returns a list containing given items.</doc>
<status status="PASS" start="2024-06-04T04:17:29.512938" elapsed="0.000163"/>
</kw>
<for flavor="IN">
<iter>
<kw name="Dictionary Should Contain Key" owner="Collections">
<msg time="2024-06-04T04:17:29.513988" level="INFO">False</msg>
<arg>${json_data['results'][0]['login']}</arg>
<arg>${keyTwo}</arg>
<doc>Fails if ``key`` is not found from ``dictionary``.</doc>
<status status="PASS" start="2024-06-04T04:17:29.513603" elapsed="0.000424"/>
</kw>
<kw name="Dictionary Should Contain Key" owner="Collections">
<msg time="2024-06-04T04:17:29.514711" level="INFO">False</msg>
<arg>${json_data['results'][0]['login']}</arg>
<arg>${keyTwo}</arg>
<doc>Fails if ``key`` is not found from ``dictionary``.</doc>
<status status="PASS" start="2024-06-04T04:17:29.514333" elapsed="0.000416"/>
</kw>
<kw name="Log" owner="BuiltIn">
<msg time="2024-06-04T04:17:29.515175" level="INFO">username</msg>
<arg>${keyTwo}</arg>
<doc>Logs the given message with the given level.</doc>
<status status="PASS" start="2024-06-04T04:17:29.515047" elapsed="0.000166"/>
</kw>
<var name="${keyTwo}">username</var>
<status status="PASS" start="2024-06-04T04:17:29.513494" elapsed="0.001935"/>
</iter>
<iter>
<kw name="Dictionary Should Contain Key" owner="Collections">
<msg time="2024-06-04T04:17:29.516171" level="INFO">False</msg>
<arg>${json_data['results'][0]['login']}</arg>
<arg>${keyTwo}</arg>
<doc>Fails if ``key`` is not found from ``dictionary``.</doc>
<status status="PASS" start="2024-06-04T04:17:29.515725" elapsed="0.000484"/>
</kw>
<kw name="Dictionary Should Contain Key" owner="Collections">
<msg time="2024-06-04T04:17:29.516890" level="INFO">False</msg>
<arg>${json_data['results'][0]['login']}</arg>
<arg>${keyTwo}</arg>
<doc>Fails if ``key`` is not found from ``dictionary``.</doc>
<status status="PASS" start="2024-06-04T04:17:29.516505" elapsed="0.000423"/>
</kw>
<kw name="Log" owner="BuiltIn">
<msg time="2024-06-04T04:17:29.517348" level="INFO">password</msg>
<arg>${keyTwo}</arg>
<doc>Logs the given message with the given level.</doc>
<status status="PASS" start="2024-06-04T04:17:29.517219" elapsed="0.000166"/>
</kw>
<var name="${keyTwo}">password</var>
<status status="PASS" start="2024-06-04T04:17:29.515607" elapsed="0.001992"/>
</iter>
<var>${keyTwo}</var>
<value>@{expected_keysTwo}</value>
<status status="PASS" start="2024-06-04T04:17:29.513340" elapsed="0.004377"/>
</for>
<status status="PASS" start="2024-06-04T04:17:29.400260" elapsed="0.117598"/>
</kw>
<doc>Testa a estrutura da resposta da API.</doc>
<tag>testeEstruturaResposta</tag>
<status status="PASS" start="2024-06-04T04:17:29.399595" elapsed="0.118421"/>
</test>
<test id="s1-s1-t4" name="Validar tipos de dados" line="28">
<kw name="Teste de Tipos de Dados" owner="random-user-service">
<kw name="GET On Session" owner="RequestsLibrary">
<msg time="2024-06-04T04:17:29.625848" level="INFO">GET Request : url=https://randomuser.me/api 
 path_url=/api 
 headers={'User-Agent': 'python-requests/2.32.3', 'Accept-Encoding': 'gzip, deflate', 'Accept': '*/*', 'Connection': 'keep-alive'} 
 body=None 
 </msg>
<msg time="2024-06-04T04:17:29.625969" level="INFO">GET Response : url=https://randomuser.me/api 
 status=200, reason=OK 
 headers={'Date': 'Tue, 04 Jun 2024 04:17:29 GMT', 'Content-Type': 'application/json; charset=utf-8', 'Transfer-Encoding': 'chunked', 'Connection': 'keep-alive', 'X-Powered-By': 'Express', 'Access-Control-Allow-Origin': '*', 'Cache-Control': 'no-cache', 'ETag': 'W/"496-wXHiTOyN7Vw15aQhluZ4jUdoBEo"', 'Vary': 'Accept-Encoding', 'Content-Encoding': 'gzip', 'CF-Cache-Status': 'DYNAMIC', 'Report-To': '{"endpoints":[{"url":"https:\\/\\/a.nel.cloudflare.com\\/report\\/v4?s=y0GAAR4XlpDKv5Bo1k0DzojGqYR5wsxLwlBiZ4apNVUFS3aNiX2RwKmViMbco7va8eVLHWcHYp8ZoFaU%2FglOeqUgVhOgpzhYo8ArRPLK59mxeIgpDq7lzW6uSBpzrclc"}],"group":"cf-nel","max_age":604800}', 'NEL': '{"success_fraction":0,"report_to":"cf-nel","max_age":604800}', 'Server': 'cloudflare', 'CF-RAY': '88e51d0f8c477eae-LAX', 'alt-svc': 'h3=":443"; ma=86400'} 
 body={"results":[{"gender":"male","name":{"title":"Mr","first":"Noah","last":"Stevens"},"location":{"street":{"number":5083,"name":"Valwood Pkwy"},"city":"Mildura","state":"South Australia","country":"Australia","postcode":9409,"coordinates":{"latitude":"-84.4535","longitude":"-140.3435"},"timezone":{"offset":"+5:00","description":"Ekaterinburg, Islamabad, Karachi, Tashkent"}},"email":"noah.stevens@example.com","login":{"uuid":"bda8d998-d1a3-49cf-a264-95d6b6aae045","username":"happyfish609","password":"bradley","salt":"YhNpMX0x","md5":"dddcb07a400841f6d673bf7c86849a7b","sha1":"d1797dbb01d0badf85c028d88bb20798674ee9bb","sha256":"c1c63d59f57b0305e06405fc750da7020562dbea5cb561fc74594751e1cb2d90"},"dob":{"date":"1964-02-13T08:16:39.169Z","age":60},"registered":{"date":"2019-07-14T00:46:01.550Z","age":4},"phone":"07-3668-0233","cell":"0403-836-486","id":{"name":"TFN","value":"013353477"},"picture":{"large":"https://randomuser.me/api/portraits/men/41.jpg","medium":"https://randomuser.me/api/portraits/med/men/41.jpg","thumbnail":"https://randomuser.me/api/portraits/thumb/men/41.jpg"},"nat":"AU"}],"info":{"seed":"048a9eb10e78f68f","results":1,"page":1,"version":"1.4"}} 
 </msg>
<msg time="2024-06-04T04:17:29.626050" level="INFO">/opt/hostedtoolcache/Python/3.12.3/x64/lib/python3.12/site-packages/urllib3/connectionpool.py:1103: InsecureRequestWarning: Unverified HTTPS request is being made to host 'randomuser.me'. Adding certificate verification is strongly advised. See: https://urllib3.readthedocs.io/en/latest/advanced-usage.html#tls-warnings
  warnings.warn(</msg>
<msg time="2024-06-04T04:17:29.626195" level="INFO">${response} = &lt;Response [200]&gt;</msg>
<var>${response}</var>
<arg>consultarAPI</arg>
<arg>/api</arg>
<doc>Sends a GET request on a previously created HTTP Session.</doc>
<status status="PASS" start="2024-06-04T04:17:29.520694" elapsed="0.105556"/>
</kw>
<kw name="Set Variable" owner="BuiltIn">
<msg time="2024-06-04T04:17:29.627322" level="INFO">${json_data} = {'results': [{'gender': 'male', 'name': {'title': 'Mr', 'first': 'Noah', 'last': 'Stevens'}, 'location': {'street': {'number': 5083, 'name': 'Valwood Pkwy'}, 'city': 'Mildura', 'state': 'South Austral...</msg>
<var>${json_data}</var>
<arg>${response.json()}</arg>
<doc>Returns the given values which can then be assigned to a variables.</doc>
<status status="PASS" start="2024-06-04T04:17:29.626786" elapsed="0.000564"/>
</kw>
<kw name="Log" owner="BuiltIn">
<msg time="2024-06-04T04:17:29.627866" level="INFO">{'results': [{'gender': 'male', 'name': {'title': 'Mr', 'first': 'Noah', 'last': 'Stevens'}, 'location': {'street': {'number': 5083, 'name': 'Valwood Pkwy'}, 'city': 'Mildura', 'state': 'South Australia', 'country': 'Australia', 'postcode': 9409, 'coordinates': {'latitude': '-84.4535', 'longitude': '-140.3435'}, 'timezone': {'offset': '+5:00', 'description': 'Ekaterinburg, Islamabad, Karachi, Tashkent'}}, 'email': 'noah.stevens@example.com', 'login': {'uuid': 'bda8d998-d1a3-49cf-a264-95d6b6aae045', 'username': 'happyfish609', 'password': 'bradley', 'salt': 'YhNpMX0x', 'md5': 'dddcb07a400841f6d673bf7c86849a7b', 'sha1': 'd1797dbb01d0badf85c028d88bb20798674ee9bb', 'sha256': 'c1c63d59f57b0305e06405fc750da7020562dbea5cb561fc74594751e1cb2d90'}, 'dob': {'date': '1964-02-13T08:16:39.169Z', 'age': 60}, 'registered': {'date': '2019-07-14T00:46:01.550Z', 'age': 4}, 'phone': '07-3668-0233', 'cell': '0403-836-486', 'id': {'name': 'TFN', 'value': '013353477'}, 'picture': {'large': 'https://randomuser.me/api/portraits/men/41.jpg', 'medium': 'https://randomuser.me/api/portraits/med/men/41.jpg', 'thumbnail': 'https://randomuser.me/api/portraits/thumb/men/41.jpg'}, 'nat': 'AU'}], 'info': {'seed': '048a9eb10e78f68f', 'results': 1, 'page': 1, 'version': '1.4'}}</msg>
<arg>${json_data}</arg>
<doc>Logs the given message with the given level.</doc>
<status status="PASS" start="2024-06-04T04:17:29.627667" elapsed="0.000288"/>
</kw>
<kw name="Should Be String" owner="String">
<arg>${json_data['results'][0]['gender']}</arg>
<doc>Fails if the given ``item`` is not a string.</doc>
<status status="PASS" start="2024-06-04T04:17:29.628266" elapsed="0.000370"/>
</kw>
<kw name="Should Match Regexp" owner="BuiltIn">
<arg>${json_data['results'][0]['email']}</arg>
<arg>^[a-zA-Z0-9._%+-]+@[a-zA-Z0-9.-]+\.[a-zA-Z]{2,}$</arg>
<doc>Fails if ``string`` does not match ``pattern`` as a regular expression.</doc>
<status status="PASS" start="2024-06-04T04:17:29.628836" elapsed="0.000683"/>
</kw>
<kw name="Should Match Regexp" owner="BuiltIn">
<arg>${json_data['results'][0]['dob']['date']}</arg>
<arg>\\d{4}-\\d{2}-\\d{2}T\\d{2}:\\d{2}:\\d{2}\\.\\d{3}Z</arg>
<doc>Fails if ``string`` does not match ``pattern`` as a regular expression.</doc>
<status status="PASS" start="2024-06-04T04:17:29.629721" elapsed="0.000490"/>
</kw>
<kw name="Should Match Regexp" owner="BuiltIn">
<arg>${json_data['results'][0]['registered']['date']}</arg>
<arg>\\d{4}-\\d{2}-\\d{2}T\\d{2}:\\d{2}:\\d{2}\\.\\d{3}Z</arg>
<doc>Fails if ``string`` does not match ``pattern`` as a regular expression.</doc>
<status status="PASS" start="2024-06-04T04:17:29.630406" elapsed="0.000369"/>
</kw>
<kw name="Should Match Regexp" owner="BuiltIn">
<arg>${json_data['results'][0]['picture']['large']}</arg>
<arg>^https?://.*\.(?:png|jpe?g|gif|bmp)$</arg>
<doc>Fails if ``string`` does not match ``pattern`` as a regular expression.</doc>
<status status="PASS" start="2024-06-04T04:17:29.630963" elapsed="0.000462"/>
</kw>
<kw name="Should Match Regexp" owner="BuiltIn">
<arg>${json_data['results'][0]['picture']['medium']}</arg>
<arg>^https?://.*\.(?:png|jpe?g|gif|bmp)$</arg>
<doc>Fails if ``string`` does not match ``pattern`` as a regular expression.</doc>
<status status="PASS" start="2024-06-04T04:17:29.631612" elapsed="0.000401"/>
</kw>
<kw name="Should Match Regexp" owner="BuiltIn">
<arg>${json_data['results'][0]['picture']['thumbnail']}</arg>
<arg>^https?://.*\.(?:png|jpe?g|gif|bmp)$</arg>
<doc>Fails if ``string`` does not match ``pattern`` as a regular expression.</doc>
<status status="PASS" start="2024-06-04T04:17:29.632204" elapsed="0.000352"/>
</kw>
<kw name="Log" owner="BuiltIn">
<msg time="2024-06-04T04:17:29.633064" level="INFO">{'large': 'https://randomuser.me/api/portraits/men/41.jpg', 'medium': 'https://randomuser.me/api/portraits/med/men/41.jpg', 'thumbnail': 'https://randomuser.me/api/portraits/thumb/men/41.jpg'}</msg>
<arg>${json_data['results'][0]['picture']}</arg>
<doc>Logs the given message with the given level.</doc>
<status status="PASS" start="2024-06-04T04:17:29.632739" elapsed="0.000369"/>
</kw>
<status status="PASS" start="2024-06-04T04:17:29.520446" elapsed="0.112926"/>
</kw>
<kw name="Teste de Tipos de Dados - Postcode" owner="random-user-service">
<kw name="GET On Session" owner="RequestsLibrary">
<msg time="2024-06-04T04:17:29.733402" level="INFO">GET Request : url=https://randomuser.me/api 
 path_url=/api 
 headers={'User-Agent': 'python-requests/2.32.3', 'Accept-Encoding': 'gzip, deflate', 'Accept': '*/*', 'Connection': 'keep-alive'} 
 body=None 
 </msg>
<msg time="2024-06-04T04:17:29.733515" level="INFO">GET Response : url=https://randomuser.me/api 
 status=200, reason=OK 
 headers={'Date': 'Tue, 04 Jun 2024 04:17:29 GMT', 'Content-Type': 'application/json; charset=utf-8', 'Transfer-Encoding': 'chunked', 'Connection': 'keep-alive', 'X-Powered-By': 'Express', 'Access-Control-Allow-Origin': '*', 'Cache-Control': 'no-cache', 'ETag': 'W/"470-5a+QrkKZpqFVYGtHIIrQt4bjRws"', 'Vary': 'Accept-Encoding', 'Content-Encoding': 'gzip', 'CF-Cache-Status': 'DYNAMIC', 'Report-To': '{"endpoints":[{"url":"https:\\/\\/a.nel.cloudflare.com\\/report\\/v4?s=46Avk9n4XMLbvq0P0lonsjGHesic%2BgS8bo4oI4ZJG9LhqXQBwZtZ2GK2cay5um0%2FgjUnfPGEO7%2B6aexDv6h6aV%2F1XAG9sDXxwuySs578N%2FUQpY2bcH%2FOKDjg4f8lTYGc"}],"group":"cf-nel","max_age":604800}', 'NEL': '{"success_fraction":0,"report_to":"cf-nel","max_age":604800}', 'Server': 'cloudflare', 'CF-RAY': '88e51d103cb17eae-LAX', 'alt-svc': 'h3=":443"; ma=86400'} 
 body={"results":[{"gender":"female","name":{"title":"Mrs","first":"Biljana","last":"Orlić"},"location":{"street":{"number":1030,"name":"Vragovačka"},"city":"Aleksinac","state":"Kosovo","country":"Serbia","postcode":42658,"coordinates":{"latitude":"60.3445","longitude":"44.7472"},"timezone":{"offset":"-9:00","description":"Alaska"}},"email":"biljana.orlic@example.com","login":{"uuid":"17911f03-53a5-4533-b794-917cd716b809","username":"crazylion189","password":"maxmax","salt":"mOvvmp8E","md5":"d82df5322f0ae7e582d3990a5b17b260","sha1":"a95500cfa3d505ef91e1fee9e7eaabe95ed83bdb","sha256":"baa418900877bf68a0c253955aaf9b988132897bc3dc899738c4ee3517d9a3c2"},"dob":{"date":"1972-05-03T16:19:40.927Z","age":52},"registered":{"date":"2018-05-20T07:20:28.104Z","age":6},"phone":"021-3750-529","cell":"067-1207-208","id":{"name":"SID","value":"150103093"},"picture":{"large":"https://randomuser.me/api/portraits/women/82.jpg","medium":"https://randomuser.me/api/portraits/med/women/82.jpg","thumbnail":"https://randomuser.me/api/portraits/thumb/women/82.jpg"},"nat":"RS"}],"info":{"seed":"e781819d5e927224","results":1,"page":1,"version":"1.4"}} 
 </msg>
<msg time="2024-06-04T04:17:29.733589" level="INFO">/opt/hostedtoolcache/Python/3.12.3/x64/lib/python3.12/site-packages/urllib3/connectionpool.py:1103: InsecureRequestWarning: Unverified HTTPS request is being made to host 'randomuser.me'. Adding certificate verification is strongly advised. See: https://urllib3.readthedocs.io/en/latest/advanced-usage.html#tls-warnings
  warnings.warn(</msg>
<msg time="2024-06-04T04:17:29.733716" level="INFO">${response} = &lt;Response [200]&gt;</msg>
<var>${response}</var>
<arg>consultarAPI</arg>
<arg>/api</arg>
<doc>Sends a GET request on a previously created HTTP Session.</doc>
<status status="PASS" start="2024-06-04T04:17:29.633833" elapsed="0.099927"/>
</kw>
<kw name="Set Variable" owner="BuiltIn">
<msg time="2024-06-04T04:17:29.734819" level="INFO">${json_data} = {'results': [{'gender': 'female', 'name': {'title': 'Mrs', 'first': 'Biljana', 'last': 'Orlić'}, 'location': {'street': {'number': 1030, 'name': 'Vragovačka'}, 'city': 'Aleksinac', 'state': 'Kosovo', ...</msg>
<var>${json_data}</var>
<arg>${response.json()}</arg>
<doc>Returns the given values which can then be assigned to a variables.</doc>
<status status="PASS" start="2024-06-04T04:17:29.734296" elapsed="0.000554"/>
</kw>
<kw name="Log" owner="BuiltIn">
<msg time="2024-06-04T04:17:29.735327" level="INFO">{'results': [{'gender': 'female', 'name': {'title': 'Mrs', 'first': 'Biljana', 'last': 'Orlić'}, 'location': {'street': {'number': 1030, 'name': 'Vragovačka'}, 'city': 'Aleksinac', 'state': 'Kosovo', 'country': 'Serbia', 'postcode': 42658, 'coordinates': {'latitude': '60.3445', 'longitude': '44.7472'}, 'timezone': {'offset': '-9:00', 'description': 'Alaska'}}, 'email': 'biljana.orlic@example.com', 'login': {'uuid': '17911f03-53a5-4533-b794-917cd716b809', 'username': 'crazylion189', 'password': 'maxmax', 'salt': 'mOvvmp8E', 'md5': 'd82df5322f0ae7e582d3990a5b17b260', 'sha1': 'a95500cfa3d505ef91e1fee9e7eaabe95ed83bdb', 'sha256': 'baa418900877bf68a0c253955aaf9b988132897bc3dc899738c4ee3517d9a3c2'}, 'dob': {'date': '1972-05-03T16:19:40.927Z', 'age': 52}, 'registered': {'date': '2018-05-20T07:20:28.104Z', 'age': 6}, 'phone': '021-3750-529', 'cell': '067-1207-208', 'id': {'name': 'SID', 'value': '150103093'}, 'picture': {'large': 'https://randomuser.me/api/portraits/women/82.jpg', 'medium': 'https://randomuser.me/api/portraits/med/women/82.jpg', 'thumbnail': 'https://randomuser.me/api/portraits/thumb/women/82.jpg'}, 'nat': 'RS'}], 'info': {'seed': 'e781819d5e927224', 'results': 1, 'page': 1, 'version': '1.4'}}</msg>
<arg>${json_data}</arg>
<doc>Logs the given message with the given level.</doc>
<status status="PASS" start="2024-06-04T04:17:29.735164" elapsed="0.000250"/>
</kw>
<kw name="Should Be Equal As Numbers" owner="BuiltIn">
<arg>${json_data['results'][0]['location']['postcode']}</arg>
<arg>${json_data['results'][0]['location']['postcode']}</arg>
<doc>Fails if objects are unequal after converting them to real numbers.</doc>
<status status="PASS" start="2024-06-04T04:17:29.735728" elapsed="0.000692"/>
</kw>
<kw name="Log" owner="BuiltIn">
<msg time="2024-06-04T04:17:29.736964" level="INFO">42658</msg>
<arg>${json_data['results'][0]['location']['postcode']}</arg>
<doc>Logs the given message with the given level.</doc>
<status status="PASS" start="2024-06-04T04:17:29.736616" elapsed="0.000389"/>
</kw>
<status status="PASS" start="2024-06-04T04:17:29.633602" elapsed="0.103663"/>
</kw>
<doc>Testa se os tipos de dados na resposta da API estão corretos.</doc>
<tag>testeTiposDados</tag>
<status status="PASS" start="2024-06-04T04:17:29.519837" elapsed="0.217601"/>
</test>
<test id="s1-s1-t5" name="Validar conteudo" line="35">
<kw name="Teste de Tipos de Conteudo" owner="random-user-service">
<kw name="GET On Session" owner="RequestsLibrary">
<msg time="2024-06-04T04:17:29.833694" level="INFO">GET Request : url=https://randomuser.me/api 
 path_url=/api 
 headers={'User-Agent': 'python-requests/2.32.3', 'Accept-Encoding': 'gzip, deflate', 'Accept': '*/*', 'Connection': 'keep-alive'} 
 body=None 
 </msg>
<msg time="2024-06-04T04:17:29.833796" level="INFO">GET Response : url=https://randomuser.me/api 
 status=200, reason=OK 
 headers={'Date': 'Tue, 04 Jun 2024 04:17:29 GMT', 'Content-Type': 'application/json; charset=utf-8', 'Transfer-Encoding': 'chunked', 'Connection': 'keep-alive', 'X-Powered-By': 'Express', 'Access-Control-Allow-Origin': '*', 'Cache-Control': 'no-cache', 'ETag': 'W/"487-rWCY9AtxJin4VxXgAgrdMPG10rw"', 'Vary': 'Accept-Encoding', 'Content-Encoding': 'gzip', 'CF-Cache-Status': 'DYNAMIC', 'Report-To': '{"endpoints":[{"url":"https:\\/\\/a.nel.cloudflare.com\\/report\\/v4?s=fsS0yQJpRLpcQevuJFfPAYe03XksKFs5tfC4iBobqpQ13aufZ%2BARocPK6Fyd12Dv6iC8aKiIFiB0XebnbKir%2Bq0QvWCEu53McC%2Fcr5rvBgTahcAytYqRxEQd2YEPs50M"}],"group":"cf-nel","max_age":604800}', 'NEL': '{"success_fraction":0,"report_to":"cf-nel","max_age":604800}', 'Server': 'cloudflare', 'CF-RAY': '88e51d10ed237eae-LAX', 'alt-svc': 'h3=":443"; ma=86400'} 
 body={"results":[{"gender":"female","name":{"title":"Ms","first":"Rosa","last":"Thomsen"},"location":{"street":{"number":6947,"name":"Herningvej"},"city":"Samsø","state":"Danmark","country":"Denmark","postcode":72896,"coordinates":{"latitude":"-42.3308","longitude":"169.3261"},"timezone":{"offset":"-5:00","description":"Eastern Time (US &amp; Canada), Bogota, Lima"}},"email":"rosa.thomsen@example.com","login":{"uuid":"cfd3b4b2-b4f5-4400-b8af-b4e914cd0f04","username":"yellowpanda330","password":"pantie","salt":"t8vqabRH","md5":"8253be85e8c00438b5bbc14e7c8645ed","sha1":"905d3a9bf785d03f8bc36aa87556e476cdcf8dbf","sha256":"1d90949bd45dd91a8fabc5381114e43cfbd0c9bf8c167607697e6e8b915ff481"},"dob":{"date":"1997-05-11T15:43:57.478Z","age":27},"registered":{"date":"2014-10-15T16:27:00.186Z","age":9},"phone":"37809026","cell":"70899949","id":{"name":"CPR","value":"110597-3267"},"picture":{"large":"https://randomuser.me/api/portraits/women/6.jpg","medium":"https://randomuser.me/api/portraits/med/women/6.jpg","thumbnail":"https://randomuser.me/api/portraits/thumb/women/6.jpg"},"nat":"DK"}],"info":{"seed":"73cd77afb6bd63e9","results":1,"page":1,"version":"1.4"}} 
 </msg>
<msg time="2024-06-04T04:17:29.833870" level="INFO">/opt/hostedtoolcache/Python/3.12.3/x64/lib/python3.12/site-packages/urllib3/connectionpool.py:1103: InsecureRequestWarning: Unverified HTTPS request is being made to host 'randomuser.me'. Adding certificate verification is strongly advised. See: https://urllib3.readthedocs.io/en/latest/advanced-usage.html#tls-warnings
  warnings.warn(</msg>
<msg time="2024-06-04T04:17:29.834001" level="INFO">${response} = &lt;Response [200]&gt;</msg>
<var>${response}</var>
<arg>consultarAPI</arg>
<arg>/api</arg>
<doc>Sends a GET request on a previously created HTTP Session.</doc>
<status status="PASS" start="2024-06-04T04:17:29.739975" elapsed="0.094067"/>
</kw>
<kw name="Set Variable" owner="BuiltIn">
<msg time="2024-06-04T04:17:29.835282" level="INFO">${json_data} = {'results': [{'gender': 'female', 'name': {'title': 'Ms', 'first': 'Rosa', 'last': 'Thomsen'}, 'location': {'street': {'number': 6947, 'name': 'Herningvej'}, 'city': 'Samsø', 'state': 'Danmark', 'coun...</msg>
<var>${json_data}</var>
<arg>${response.json()}</arg>
<doc>Returns the given values which can then be assigned to a variables.</doc>
<status status="PASS" start="2024-06-04T04:17:29.834677" elapsed="0.000636"/>
</kw>
<kw name="Set Variable" owner="BuiltIn">
<msg time="2024-06-04T04:17:29.836060" level="INFO">${name_title} = Ms</msg>
<var>${name_title}</var>
<arg>${json_data["results"][0]["name"]["title"]}</arg>
<doc>Returns the given values which can then be assigned to a variables.</doc>
<status status="PASS" start="2024-06-04T04:17:29.835625" elapsed="0.000461"/>
</kw>
<kw name="Create List" owner="BuiltIn">
<msg time="2024-06-04T04:17:29.836541" level="INFO">${allowed_titles} = ['Mr', 'Ms', 'Miss', 'Mrs', 'Madame', 'Monsieur']</msg>
<var>${allowed_titles}</var>
<arg>Mr</arg>
<arg>Ms</arg>
<arg>Miss</arg>
<arg>Mrs</arg>
<arg>Madame</arg>
<arg>Monsieur</arg>
<doc>Returns a list containing given items.</doc>
<status status="PASS" start="2024-06-04T04:17:29.836389" elapsed="0.000176"/>
</kw>
<kw name="List Should Contain Value" owner="Collections">
<msg time="2024-06-04T04:17:29.837048" level="INFO">False</msg>
<arg>${allowed_titles}</arg>
<arg>${name_title}</arg>
<doc>Fails if the ``value`` is not found from ``list``.</doc>
<status status="PASS" start="2024-06-04T04:17:29.836871" elapsed="0.000219"/>
</kw>
<kw name="Set Variable" owner="BuiltIn">
<msg time="2024-06-04T04:17:29.837951" level="INFO">${name_country} = DK</msg>
<var>${name_country}</var>
<arg>${json_data["results"][0]["nat"]}</arg>
<doc>Returns the given values which can then be assigned to a variables.</doc>
<status status="PASS" start="2024-06-04T04:17:29.837384" elapsed="0.000591"/>
</kw>
<kw name="Create List" owner="BuiltIn">
<msg time="2024-06-04T04:17:29.838885" level="INFO">${list_country} = ['AD', 'AE', 'AF', 'AG', 'AI', 'AL', 'AM', 'AO', 'AQ', 'AR', 'AS', 'AT', 'AU', 'AW', 'AX', 'AZ', 'BA', 'BB', 'BD', 'BE', 'BF', 'BG', 'BH', 'BI', 'BJ', 'BL', 'BM', 'BN', 'BO', 'BQ', 'BR', 'BS', 'BT', '...</msg>
<var>${list_country}</var>
<arg>AD</arg>
<arg>AE</arg>
<arg>AF</arg>
<arg>AG</arg>
<arg>AI</arg>
<arg>AL</arg>
<arg>AM</arg>
<arg>AO</arg>
<arg>AQ</arg>
<arg>AR</arg>
<arg>AS</arg>
<arg>AT</arg>
<arg>AU</arg>
<arg>AW</arg>
<arg>AX</arg>
<arg>AZ</arg>
<arg>BA</arg>
<arg>BB</arg>
<arg>BD</arg>
<arg>BE</arg>
<arg>BF</arg>
<arg>BG</arg>
<arg>BH</arg>
<arg>BI</arg>
<arg>BJ</arg>
<arg>BL</arg>
<arg>BM</arg>
<arg>BN</arg>
<arg>BO</arg>
<arg>BQ</arg>
<arg>BR</arg>
<arg>BS</arg>
<arg>BT</arg>
<arg>BV</arg>
<arg>BW</arg>
<arg>BY</arg>
<arg>BZ</arg>
<arg>CA</arg>
<arg>CC</arg>
<arg>CD</arg>
<arg>CF</arg>
<arg>CG</arg>
<arg>CH</arg>
<arg>CI</arg>
<arg>CK</arg>
<arg>CL</arg>
<arg>CM</arg>
<arg>CN</arg>
<arg>CO</arg>
<arg>CR</arg>
<arg>CU</arg>
<arg>CV</arg>
<arg>CW</arg>
<arg>CX</arg>
<arg>CY</arg>
<arg>CZ</arg>
<arg>DE</arg>
<arg>DJ</arg>
<arg>DK</arg>
<arg>DM</arg>
<arg>DO</arg>
<arg>DZ</arg>
<arg>EC</arg>
<arg>EE</arg>
<arg>EG</arg>
<arg>EH</arg>
<arg>ER</arg>
<arg>ES</arg>
<arg>ET</arg>
<arg>FI</arg>
<arg>FJ</arg>
<arg>FK</arg>
<arg>FM</arg>
<arg>FO</arg>
<arg>FR</arg>
<arg>GA</arg>
<arg>GB</arg>
<arg>GD</arg>
<arg>GE</arg>
<arg>GF</arg>
<arg>GG</arg>
<arg>GH</arg>
<arg>GI</arg>
<arg>GL</arg>
<arg>GM</arg>
<arg>GN</arg>
<arg>GP</arg>
<arg>GQ</arg>
<arg>GR</arg>
<arg>GS</arg>
<arg>GT</arg>
<arg>GU</arg>
<arg>GW</arg>
<arg>GY</arg>
<arg>HK</arg>
<arg>HM</arg>
<arg>HN</arg>
<arg>HR</arg>
<arg>HT</arg>
<arg>HU</arg>
<arg>ID</arg>
<arg>IE</arg>
<arg>IL</arg>
<arg>IM</arg>
<arg>IN</arg>
<arg>IO</arg>
<arg>IQ</arg>
<arg>IR</arg>
<arg>IS</arg>
<arg>IT</arg>
<arg>JE</arg>
<arg>JM</arg>
<arg>JO</arg>
<arg>JP</arg>
<arg>KE</arg>
<arg>KG</arg>
<arg>KH</arg>
<arg>KI</arg>
<arg>KM</arg>
<arg>KN</arg>
<arg>KP</arg>
<arg>KR</arg>
<arg>KW</arg>
<arg>KY</arg>
<arg>KZ</arg>
<arg>LA</arg>
<arg>LB</arg>
<arg>LC</arg>
<arg>LI</arg>
<arg>LK</arg>
<arg>LR</arg>
<arg>LS</arg>
<arg>LT</arg>
<arg>LU</arg>
<arg>LV</arg>
<arg>LY</arg>
<arg>MA</arg>
<arg>MC</arg>
<arg>MD</arg>
<arg>ME</arg>
<arg>MF</arg>
<arg>MG</arg>
<arg>MH</arg>
<arg>MK</arg>
<arg>ML</arg>
<arg>MM</arg>
<arg>MN</arg>
<arg>MO</arg>
<arg>MP</arg>
<arg>MQ</arg>
<arg>MR</arg>
<arg>MS</arg>
<arg>MT</arg>
<arg>MU</arg>
<arg>MV</arg>
<arg>MW</arg>
<arg>MX</arg>
<arg>MY</arg>
<arg>MZ</arg>
<arg>NA</arg>
<arg>NC</arg>
<arg>NE</arg>
<arg>NF</arg>
<arg>NG</arg>
<arg>NI</arg>
<arg>NL</arg>
<arg>NO</arg>
<arg>NP</arg>
<arg>NR</arg>
<arg>NU</arg>
<arg>NZ</arg>
<arg>OM</arg>
<arg>PA</arg>
<arg>PE</arg>
<arg>PF</arg>
<arg>PG</arg>
<arg>PH</arg>
<arg>PK</arg>
<arg>PL</arg>
<arg>PM</arg>
<arg>PN</arg>
<arg>PR</arg>
<arg>PS</arg>
<arg>PT</arg>
<arg>PW</arg>
<arg>PY</arg>
<arg>QA</arg>
<arg>RE</arg>
<arg>RO</arg>
<arg>RS</arg>
<arg>RU</arg>
<arg>RW</arg>
<arg>SA</arg>
<arg>SB</arg>
<arg>SC</arg>
<arg>SD</arg>
<arg>SE</arg>
<arg>SG</arg>
<arg>SH</arg>
<arg>SI</arg>
<arg>SJ</arg>
<arg>SK</arg>
<arg>SL</arg>
<arg>SM</arg>
<arg>SN</arg>
<arg>SO</arg>
<arg>SR</arg>
<arg>SS</arg>
<arg>ST</arg>
<arg>SV</arg>
<arg>SX</arg>
<arg>SY</arg>
<arg>SZ</arg>
<arg>TC</arg>
<arg>TD</arg>
<arg>TF</arg>
<arg>TG</arg>
<arg>TH</arg>
<arg>TJ</arg>
<arg>TK</arg>
<arg>TL</arg>
<arg>TM</arg>
<arg>TN</arg>
<arg>TO</arg>
<arg>TR</arg>
<arg>TT</arg>
<arg>TV</arg>
<arg>TW</arg>
<arg>TZ</arg>
<arg>UA</arg>
<arg>UG</arg>
<arg>UM</arg>
<arg>US</arg>
<arg>UY</arg>
<arg>UZ</arg>
<arg>VA</arg>
<arg>VC</arg>
<arg>VE</arg>
<arg>VG</arg>
<arg>VI</arg>
<arg>VN</arg>
<arg>VU</arg>
<arg>WF</arg>
<arg>WS</arg>
<arg>XK</arg>
<arg>YE</arg>
<arg>YT</arg>
<arg>ZA</arg>
<arg>ZM</arg>
<arg>ZW</arg>
<doc>Returns a list containing given items.</doc>
<status status="PASS" start="2024-06-04T04:17:29.838285" elapsed="0.000627"/>
</kw>
<kw name="List Should Contain Value" owner="Collections">
<msg time="2024-06-04T04:17:29.839951" level="INFO">False</msg>
<arg>${list_country}</arg>
<arg>${name_country}</arg>
<doc>Fails if the ``value`` is not found from ``list``.</doc>
<status status="PASS" start="2024-06-04T04:17:29.839713" elapsed="0.000277"/>
</kw>
<kw name="Run Keyword If" owner="BuiltIn">
<kw name="Should Be True" owner="BuiltIn">
<arg>${True}</arg>
<doc>Fails if the given condition is not true.</doc>
<status status="PASS" start="2024-06-04T04:17:29.841075" elapsed="0.000148"/>
</kw>
<arg>${json_data["results"][0]["location"]["coordinates"]["latitude"]} &gt;= -90 and ${json_data["results"][0]["location"]["coordinates"]["latitude"]} &lt;= 90</arg>
<arg>Should Be True</arg>
<arg>${True}</arg>
<doc>Runs the given keyword with the given arguments, if ``condition`` is true.</doc>
<status status="PASS" start="2024-06-04T04:17:29.840315" elapsed="0.001037"/>
</kw>
<kw name="Run Keyword If" owner="BuiltIn">
<kw name="Should Be True" owner="BuiltIn">
<arg>${True}</arg>
<doc>Fails if the given condition is not true.</doc>
<status status="PASS" start="2024-06-04T04:17:29.842231" elapsed="0.000139"/>
</kw>
<arg>${json_data["results"][0]["location"]["coordinates"]["longitude"]} &gt;= -180 and ${json_data["results"][0]["location"]["coordinates"]["longitude"]} &lt;= 180</arg>
<arg>Should Be True</arg>
<arg>${True}</arg>
<doc>Runs the given keyword with the given arguments, if ``condition`` is true.</doc>
<status status="PASS" start="2024-06-04T04:17:29.841543" elapsed="0.000951"/>
</kw>
<status status="PASS" start="2024-06-04T04:17:29.739690" elapsed="0.102936"/>
</kw>
<doc>Testa o conteúdo específico dos campos retornados pela API.</doc>
<tag>testeConteudo</tag>
<status status="PASS" start="2024-06-04T04:17:29.739206" elapsed="0.103571"/>
</test>
<status status="PASS" start="2024-06-04T04:17:28.885496" elapsed="0.959323"/>
</suite>
<status status="PASS" start="2024-06-04T04:17:28.871454" elapsed="0.978550"/>
</suite>
<statistics>
<total>
<stat pass="5" fail="0" skip="0">All Tests</stat>
</total>
<tag>
<stat pass="1" fail="0" skip="0">testeConteudo</stat>
<stat pass="1" fail="0" skip="0">testeEstruturaResposta</stat>
<stat pass="1" fail="0" skip="0">testeRequisicaoBasica</stat>
<stat pass="1" fail="0" skip="0">testeTiposDados</stat>
</tag>
<suite>
<stat pass="5" fail="0" skip="0" id="s1" name="Tests">Tests</stat>
<stat pass="5" fail="0" skip="0" id="s1-s1" name="Random-User-Test">Tests.Random-User-Test</stat>
</suite>
</statistics>
<errors>
</errors>
</robot>
