<?xml version="1.0" encoding="UTF-8"?>
<robot generator="Robot 7.0 (Python 3.12.2 on linux)" generated="2024-04-06T03:14:47.936259" rpa="false" schemaversion="5">
<suite id="s1" name="Tests" source="/home/runner/work/DesafioQAItauRogerioJordao/DesafioQAItauRogerioJordao/RamdonUser/tests">
<suite id="s1-s1" name="Random-User-Test" source="/home/runner/work/DesafioQAItauRogerioJordao/DesafioQAItauRogerioJordao/RamdonUser/tests/random-user-test.robot">
<test id="s1-s1-t1" name="Conectar" line="13">
<kw name="Conectar API" owner="random-user-service">
<kw name="Create Session" owner="RequestsLibrary">
<msg time="2024-04-06T03:14:48.280409" level="INFO">Creating Session using : alias=consultarAPI, url=https://randomuser.me/, headers={},                     cookies={}, auth=None, timeout=None, proxies=None, verify=False,                     debug=0 </msg>
<arg>consultarAPI</arg>
<arg>${URL}</arg>
<doc>Create Session: create a HTTP session to a server</doc>
<status status="PASS" start="2024-04-06T03:14:48.280227" elapsed="0.000335"/>
</kw>
<status status="PASS" start="2024-04-06T03:14:48.279328" elapsed="0.001559"/>
</kw>
<status status="PASS" start="2024-04-06T03:14:48.278808" elapsed="0.002298"/>
</test>
<test id="s1-s1-t2" name="Validar retorno 200 e JSON Válido" line="16">
<kw name="Teste de Requisicao Basica" owner="random-user-service">
<kw name="GET On Session" owner="RequestsLibrary">
<msg time="2024-04-06T03:14:48.537911" level="INFO">GET Request : url=https://randomuser.me/api 
 path_url=/api 
 headers={'User-Agent': 'python-requests/2.31.0', 'Accept-Encoding': 'gzip, deflate', 'Accept': '*/*', 'Connection': 'keep-alive'} 
 body=None 
 </msg>
<msg time="2024-04-06T03:14:48.538025" level="INFO">GET Response : url=https://randomuser.me/api 
 status=200, reason=OK 
 headers={'Date': 'Sat, 06 Apr 2024 03:14:48 GMT', 'Content-Type': 'application/json; charset=utf-8', 'Transfer-Encoding': 'chunked', 'Connection': 'keep-alive', 'X-Powered-By': 'Express', 'Access-Control-Allow-Origin': '*', 'Cache-Control': 'no-cache', 'ETag': 'W/"482-HYnaLpilHHEV3SUMspkRF6cuAo0"', 'Vary': 'Accept-Encoding', 'Content-Encoding': 'gzip', 'CF-Cache-Status': 'DYNAMIC', 'Report-To': '{"endpoints":[{"url":"https:\\/\\/a.nel.cloudflare.com\\/report\\/v4?s=JKfVu0ZF83xiam9N%2FozW6jDx2ihURx3%2BPcRK1tDivXdLGhzZiLSfHMseJy3E7POYE1C0Pw2R2cRXoSV4UA2l3gJVziH28XGrKEs%2BD3A6Co8bLqh27MSZJ8Ap%2BX3oRkZK"}],"group":"cf-nel","max_age":604800}', 'NEL': '{"success_fraction":0,"report_to":"cf-nel","max_age":604800}', 'Server': 'cloudflare', 'CF-RAY': '86fe9c1cc9a82aaa-LAX', 'alt-svc': 'h3=":443"; ma=86400'} 
 body={"results":[{"gender":"female","name":{"title":"Mrs","first":"Daisy","last":"Powell"},"location":{"street":{"number":2148,"name":"Saddle Dr"},"city":"Cairns","state":"Queensland","country":"Australia","postcode":1530,"coordinates":{"latitude":"-84.5978","longitude":"49.2323"},"timezone":{"offset":"+7:00","description":"Bangkok, Hanoi, Jakarta"}},"email":"daisy.powell@example.com","login":{"uuid":"3b6c3b47-2deb-4caa-b275-0028e0a2273f","username":"greenbear113","password":"homerun","salt":"Y4RXNPEi","md5":"792b8c61414dbfdc62662c712bf7b091","sha1":"e18f246e31835b463b75f7a551038a4b71b0d754","sha256":"6ad8adadcb699067c8090af0c6bade6c19f52159768b9dd3da8f9565989843a6"},"dob":{"date":"1951-10-24T18:07:03.379Z","age":72},"registered":{"date":"2013-04-28T04:11:44.929Z","age":10},"phone":"00-6114-2917","cell":"0470-664-695","id":{"name":"TFN","value":"218379993"},"picture":{"large":"https://randomuser.me/api/portraits/women/86.jpg","medium":"https://randomuser.me/api/portraits/med/women/86.jpg","thumbnail":"https://randomuser.me/api/portraits/thumb/women/86.jpg"},"nat":"AU"}],"info":{"seed":"ab7130a14f09c9b6","results":1,"page":1,"version":"1.4"}} 
 </msg>
<msg time="2024-04-06T03:14:48.538110" level="INFO">/opt/hostedtoolcache/Python/3.12.2/x64/lib/python3.12/site-packages/urllib3/connectionpool.py:1103: InsecureRequestWarning: Unverified HTTPS request is being made to host 'randomuser.me'. Adding certificate verification is strongly advised. See: https://urllib3.readthedocs.io/en/latest/advanced-usage.html#tls-warnings
  warnings.warn(</msg>
<msg time="2024-04-06T03:14:48.538222" level="INFO">${response} = &lt;Response [200]&gt;</msg>
<var>${response}</var>
<arg>consultarAPI</arg>
<arg>/api</arg>
<doc>Sends a GET request on a previously created HTTP Session.</doc>
<status status="PASS" start="2024-04-06T03:14:48.283535" elapsed="0.254725"/>
</kw>
<kw name="Should Be Equal As Numbers" owner="BuiltIn">
<msg time="2024-04-06T03:14:48.539240" level="INFO">Argument types are:
&lt;class 'int'&gt;
&lt;class 'str'&gt;</msg>
<arg>${response.status_code}</arg>
<arg>200</arg>
<doc>Fails if objects are unequal after converting them to real numbers.</doc>
<status status="PASS" start="2024-04-06T03:14:48.538730" elapsed="0.000575"/>
</kw>
<kw name="Log" owner="BuiltIn">
<msg time="2024-04-06T03:14:48.539938" level="INFO">200</msg>
<arg>${response.status_code}</arg>
<doc>Logs the given message with the given level.</doc>
<status status="PASS" start="2024-04-06T03:14:48.539607" elapsed="0.000374"/>
</kw>
<kw name="Set Variable" owner="BuiltIn">
<msg time="2024-04-06T03:14:48.540743" level="INFO">${json_data} = {'results': [{'gender': 'female', 'name': {'title': 'Mrs', 'first': 'Daisy', 'last': 'Powell'}, 'location': {'street': {'number': 2148, 'name': 'Saddle Dr'}, 'city': 'Cairns', 'state': 'Queensland', '...</msg>
<var>${json_data}</var>
<arg>${response.json()}</arg>
<doc>Returns the given values which can then be assigned to a variables.</doc>
<status status="PASS" start="2024-04-06T03:14:48.540309" elapsed="0.000462"/>
</kw>
<kw name="Dictionary Should Contain Key" owner="Collections">
<msg time="2024-04-06T03:14:48.541279" level="INFO">False</msg>
<arg>${json_data}</arg>
<arg>results</arg>
<doc>Fails if ``key`` is not found from ``dictionary``.</doc>
<status status="PASS" start="2024-04-06T03:14:48.541107" elapsed="0.000212"/>
</kw>
<status status="PASS" start="2024-04-06T03:14:48.283282" elapsed="0.258299"/>
</kw>
<doc>Testa se a API responde corretamente e retorna um objeto JSON válido.</doc>
<tag>testeRequisicaoBasica</tag>
<status status="PASS" start="2024-04-06T03:14:48.282782" elapsed="0.258975"/>
</test>
<test id="s1-s1-t3" name="Validar estrutura de resposta" line="22">
<kw name="Teste de Estrutura de Resposta" owner="random-user-service">
<kw name="GET On Session" owner="RequestsLibrary">
<msg time="2024-04-06T03:14:48.641563" level="INFO">GET Request : url=https://randomuser.me/api 
 path_url=/api 
 headers={'User-Agent': 'python-requests/2.31.0', 'Accept-Encoding': 'gzip, deflate', 'Accept': '*/*', 'Connection': 'keep-alive'} 
 body=None 
 </msg>
<msg time="2024-04-06T03:14:48.641651" level="INFO">GET Response : url=https://randomuser.me/api 
 status=200, reason=OK 
 headers={'Date': 'Sat, 06 Apr 2024 03:14:48 GMT', 'Content-Type': 'application/json; charset=utf-8', 'Transfer-Encoding': 'chunked', 'Connection': 'keep-alive', 'X-Powered-By': 'Express', 'Access-Control-Allow-Origin': '*', 'Cache-Control': 'no-cache', 'ETag': 'W/"489-DmPwIpN1/qX0GjSkq+d8SVpHGGc"', 'Vary': 'Accept-Encoding', 'Content-Encoding': 'gzip', 'CF-Cache-Status': 'DYNAMIC', 'Report-To': '{"endpoints":[{"url":"https:\\/\\/a.nel.cloudflare.com\\/report\\/v4?s=ZhlpYtiNlUiq32fsAtinvaCfaxOT8sa0lwdV4H9HgapFWDzNTJpT%2B6znTktFmX2CCdcabcZPOG%2Fc7EyKs%2FI417hi1kTSlLOVzNil5UZlGCdUdJczjQs2fQnpglk39Glg"}],"group":"cf-nel","max_age":604800}', 'NEL': '{"success_fraction":0,"report_to":"cf-nel","max_age":604800}', 'Server': 'cloudflare', 'CF-RAY': '86fe9c1d6a902aaa-LAX', 'alt-svc': 'h3=":443"; ma=86400'} 
 body={"results":[{"gender":"male","name":{"title":"Mr","first":"علیرضا","last":"نكو نظر"},"location":{"street":{"number":9841,"name":"خاوران"},"city":"سیرجان","state":"لرستان","country":"Iran","postcode":38642,"coordinates":{"latitude":"16.3107","longitude":"-23.5324"},"timezone":{"offset":"-7:00","description":"Mountain Time (US &amp; Canada)"}},"email":"aalyrd.nkwnzr@example.com","login":{"uuid":"ac2f3995-33a1-4f5c-8d2a-63eb8b73bb55","username":"bigostrich485","password":"squall","salt":"mmNd8vXs","md5":"f3b642b07e5940acc8e35a3e7a84617f","sha1":"85379a3d7892de1efe79ec53ce6e186b3e60ea11","sha256":"7be201b54c452915756fbcf8eae240ab68afd7ef7778ecf0384fd2c46b5f1200"},"dob":{"date":"1956-08-29T00:17:49.407Z","age":67},"registered":{"date":"2020-08-03T15:33:58.651Z","age":3},"phone":"057-42773333","cell":"0928-288-1624","id":{"name":"","value":null},"picture":{"large":"https://randomuser.me/api/portraits/men/72.jpg","medium":"https://randomuser.me/api/portraits/med/men/72.jpg","thumbnail":"https://randomuser.me/api/portraits/thumb/men/72.jpg"},"nat":"IR"}],"info":{"seed":"e9706bfbfda8ad90","results":1,"page":1,"version":"1.4"}} 
 </msg>
<msg time="2024-04-06T03:14:48.641789" level="INFO">/opt/hostedtoolcache/Python/3.12.2/x64/lib/python3.12/site-packages/urllib3/connectionpool.py:1103: InsecureRequestWarning: Unverified HTTPS request is being made to host 'randomuser.me'. Adding certificate verification is strongly advised. See: https://urllib3.readthedocs.io/en/latest/advanced-usage.html#tls-warnings
  warnings.warn(</msg>
<msg time="2024-04-06T03:14:48.641932" level="INFO">${response} = &lt;Response [200]&gt;</msg>
<var>${response}</var>
<arg>consultarAPI</arg>
<arg>/api</arg>
<doc>Sends a GET request on a previously created HTTP Session.</doc>
<status status="PASS" start="2024-04-06T03:14:48.544351" elapsed="0.097633"/>
</kw>
<kw name="Set Variable" owner="BuiltIn">
<msg time="2024-04-06T03:14:48.642970" level="INFO">${json_data} = {'results': [{'gender': 'male', 'name': {'title': 'Mr', 'first': 'علیرضا', 'last': 'نكو نظر'}, 'location': {'street': {'number': 9841, 'name': 'خاوران'}, 'city': 'سیرجان', 'state': 'لرستان', 'country'...</msg>
<var>${json_data}</var>
<arg>${response.json()}</arg>
<doc>Returns the given values which can then be assigned to a variables.</doc>
<status status="PASS" start="2024-04-06T03:14:48.642466" elapsed="0.000532"/>
</kw>
<kw name="Log" owner="BuiltIn">
<msg time="2024-04-06T03:14:48.643434" level="INFO">{'results': [{'gender': 'male', 'name': {'title': 'Mr', 'first': 'علیرضا', 'last': 'نكو نظر'}, 'location': {'street': {'number': 9841, 'name': 'خاوران'}, 'city': 'سیرجان', 'state': 'لرستان', 'country': 'Iran', 'postcode': 38642, 'coordinates': {'latitude': '16.3107', 'longitude': '-23.5324'}, 'timezone': {'offset': '-7:00', 'description': 'Mountain Time (US &amp; Canada)'}}, 'email': 'aalyrd.nkwnzr@example.com', 'login': {'uuid': 'ac2f3995-33a1-4f5c-8d2a-63eb8b73bb55', 'username': 'bigostrich485', 'password': 'squall', 'salt': 'mmNd8vXs', 'md5': 'f3b642b07e5940acc8e35a3e7a84617f', 'sha1': '85379a3d7892de1efe79ec53ce6e186b3e60ea11', 'sha256': '7be201b54c452915756fbcf8eae240ab68afd7ef7778ecf0384fd2c46b5f1200'}, 'dob': {'date': '1956-08-29T00:17:49.407Z', 'age': 67}, 'registered': {'date': '2020-08-03T15:33:58.651Z', 'age': 3}, 'phone': '057-42773333', 'cell': '0928-288-1624', 'id': {'name': '', 'value': None}, 'picture': {'large': 'https://randomuser.me/api/portraits/men/72.jpg', 'medium': 'https://randomuser.me/api/portraits/med/men/72.jpg', 'thumbnail': 'https://randomuser.me/api/portraits/thumb/men/72.jpg'}, 'nat': 'IR'}], 'info': {'seed': 'e9706bfbfda8ad90', 'results': 1, 'page': 1, 'version': '1.4'}}</msg>
<arg>${json_data}</arg>
<doc>Logs the given message with the given level.</doc>
<status status="PASS" start="2024-04-06T03:14:48.643284" elapsed="0.000196"/>
</kw>
<kw name="Dictionary Should Contain Key" owner="Collections">
<msg time="2024-04-06T03:14:48.643892" level="INFO">False</msg>
<arg>${json_data}</arg>
<arg>results</arg>
<doc>Fails if ``key`` is not found from ``dictionary``.</doc>
<status status="PASS" start="2024-04-06T03:14:48.643753" elapsed="0.000171"/>
</kw>
<kw name="Should Not Be Empty" owner="BuiltIn">
<msg time="2024-04-06T03:14:48.644312" level="INFO">Length is 2.</msg>
<arg>${json_data}</arg>
<doc>Verifies that the given item is not empty.</doc>
<status status="PASS" start="2024-04-06T03:14:48.644191" elapsed="0.000156"/>
</kw>
<kw name="Create List" owner="BuiltIn">
<msg time="2024-04-06T03:14:48.644745" level="INFO">${expected_keys} = ['gender', 'name', 'location', 'email', 'login']</msg>
<var>${expected_keys}</var>
<arg>gender</arg>
<arg>name</arg>
<arg>location</arg>
<arg>email</arg>
<arg>login</arg>
<doc>Returns a list containing given items.</doc>
<status status="PASS" start="2024-04-06T03:14:48.644611" elapsed="0.000156"/>
</kw>
<for flavor="IN">
<iter>
<kw name="Dictionary Should Contain Key" owner="Collections">
<msg time="2024-04-06T03:14:48.645761" level="INFO">False</msg>
<arg>${json_data['results'][0]}</arg>
<arg>${key}</arg>
<doc>Fails if ``key`` is not found from ``dictionary``.</doc>
<status status="PASS" start="2024-04-06T03:14:48.645361" elapsed="0.000438"/>
</kw>
<kw name="Log" owner="BuiltIn">
<msg time="2024-04-06T03:14:48.646477" level="INFO">{'gender': 'male', 'name': {'title': 'Mr', 'first': 'علیرضا', 'last': 'نكو نظر'}, 'location': {'street': {'number': 9841, 'name': 'خاوران'}, 'city': 'سیرجان', 'state': 'لرستان', 'country': 'Iran', 'postcode': 38642, 'coordinates': {'latitude': '16.3107', 'longitude': '-23.5324'}, 'timezone': {'offset': '-7:00', 'description': 'Mountain Time (US &amp; Canada)'}}, 'email': 'aalyrd.nkwnzr@example.com', 'login': {'uuid': 'ac2f3995-33a1-4f5c-8d2a-63eb8b73bb55', 'username': 'bigostrich485', 'password': 'squall', 'salt': 'mmNd8vXs', 'md5': 'f3b642b07e5940acc8e35a3e7a84617f', 'sha1': '85379a3d7892de1efe79ec53ce6e186b3e60ea11', 'sha256': '7be201b54c452915756fbcf8eae240ab68afd7ef7778ecf0384fd2c46b5f1200'}, 'dob': {'date': '1956-08-29T00:17:49.407Z', 'age': 67}, 'registered': {'date': '2020-08-03T15:33:58.651Z', 'age': 3}, 'phone': '057-42773333', 'cell': '0928-288-1624', 'id': {'name': '', 'value': None}, 'picture': {'large': 'https://randomuser.me/api/portraits/men/72.jpg', 'medium': 'https://randomuser.me/api/portraits/med/men/72.jpg', 'thumbnail': 'https://randomuser.me/api/portraits/thumb/men/72.jpg'}, 'nat': 'IR'}</msg>
<arg>${json_data['results'][0]}</arg>
<doc>Logs the given message with the given level.</doc>
<status status="PASS" start="2024-04-06T03:14:48.646104" elapsed="0.000426"/>
</kw>
<kw name="Log" owner="BuiltIn">
<msg time="2024-04-06T03:14:48.646966" level="INFO">gender</msg>
<arg>${key}</arg>
<doc>Logs the given message with the given level.</doc>
<status status="PASS" start="2024-04-06T03:14:48.646830" elapsed="0.000173"/>
</kw>
<var name="${key}">gender</var>
<status status="PASS" start="2024-04-06T03:14:48.645226" elapsed="0.001999"/>
</iter>
<iter>
<kw name="Dictionary Should Contain Key" owner="Collections">
<msg time="2024-04-06T03:14:48.647900" level="INFO">False</msg>
<arg>${json_data['results'][0]}</arg>
<arg>${key}</arg>
<doc>Fails if ``key`` is not found from ``dictionary``.</doc>
<status status="PASS" start="2024-04-06T03:14:48.647544" elapsed="0.000390"/>
</kw>
<kw name="Log" owner="BuiltIn">
<msg time="2024-04-06T03:14:48.648575" level="INFO">{'gender': 'male', 'name': {'title': 'Mr', 'first': 'علیرضا', 'last': 'نكو نظر'}, 'location': {'street': {'number': 9841, 'name': 'خاوران'}, 'city': 'سیرجان', 'state': 'لرستان', 'country': 'Iran', 'postcode': 38642, 'coordinates': {'latitude': '16.3107', 'longitude': '-23.5324'}, 'timezone': {'offset': '-7:00', 'description': 'Mountain Time (US &amp; Canada)'}}, 'email': 'aalyrd.nkwnzr@example.com', 'login': {'uuid': 'ac2f3995-33a1-4f5c-8d2a-63eb8b73bb55', 'username': 'bigostrich485', 'password': 'squall', 'salt': 'mmNd8vXs', 'md5': 'f3b642b07e5940acc8e35a3e7a84617f', 'sha1': '85379a3d7892de1efe79ec53ce6e186b3e60ea11', 'sha256': '7be201b54c452915756fbcf8eae240ab68afd7ef7778ecf0384fd2c46b5f1200'}, 'dob': {'date': '1956-08-29T00:17:49.407Z', 'age': 67}, 'registered': {'date': '2020-08-03T15:33:58.651Z', 'age': 3}, 'phone': '057-42773333', 'cell': '0928-288-1624', 'id': {'name': '', 'value': None}, 'picture': {'large': 'https://randomuser.me/api/portraits/men/72.jpg', 'medium': 'https://randomuser.me/api/portraits/med/men/72.jpg', 'thumbnail': 'https://randomuser.me/api/portraits/thumb/men/72.jpg'}, 'nat': 'IR'}</msg>
<arg>${json_data['results'][0]}</arg>
<doc>Logs the given message with the given level.</doc>
<status status="PASS" start="2024-04-06T03:14:48.648235" elapsed="0.000388"/>
</kw>
<kw name="Log" owner="BuiltIn">
<msg time="2024-04-06T03:14:48.649047" level="INFO">name</msg>
<arg>${key}</arg>
<doc>Logs the given message with the given level.</doc>
<status status="PASS" start="2024-04-06T03:14:48.648898" elapsed="0.000192"/>
</kw>
<var name="${key}">name</var>
<status status="PASS" start="2024-04-06T03:14:48.647427" elapsed="0.001869"/>
</iter>
<iter>
<kw name="Dictionary Should Contain Key" owner="Collections">
<msg time="2024-04-06T03:14:48.649904" level="INFO">False</msg>
<arg>${json_data['results'][0]}</arg>
<arg>${key}</arg>
<doc>Fails if ``key`` is not found from ``dictionary``.</doc>
<status status="PASS" start="2024-04-06T03:14:48.649561" elapsed="0.000377"/>
</kw>
<kw name="Log" owner="BuiltIn">
<msg time="2024-04-06T03:14:48.650544" level="INFO">{'gender': 'male', 'name': {'title': 'Mr', 'first': 'علیرضا', 'last': 'نكو نظر'}, 'location': {'street': {'number': 9841, 'name': 'خاوران'}, 'city': 'سیرجان', 'state': 'لرستان', 'country': 'Iran', 'postcode': 38642, 'coordinates': {'latitude': '16.3107', 'longitude': '-23.5324'}, 'timezone': {'offset': '-7:00', 'description': 'Mountain Time (US &amp; Canada)'}}, 'email': 'aalyrd.nkwnzr@example.com', 'login': {'uuid': 'ac2f3995-33a1-4f5c-8d2a-63eb8b73bb55', 'username': 'bigostrich485', 'password': 'squall', 'salt': 'mmNd8vXs', 'md5': 'f3b642b07e5940acc8e35a3e7a84617f', 'sha1': '85379a3d7892de1efe79ec53ce6e186b3e60ea11', 'sha256': '7be201b54c452915756fbcf8eae240ab68afd7ef7778ecf0384fd2c46b5f1200'}, 'dob': {'date': '1956-08-29T00:17:49.407Z', 'age': 67}, 'registered': {'date': '2020-08-03T15:33:58.651Z', 'age': 3}, 'phone': '057-42773333', 'cell': '0928-288-1624', 'id': {'name': '', 'value': None}, 'picture': {'large': 'https://randomuser.me/api/portraits/men/72.jpg', 'medium': 'https://randomuser.me/api/portraits/med/men/72.jpg', 'thumbnail': 'https://randomuser.me/api/portraits/thumb/men/72.jpg'}, 'nat': 'IR'}</msg>
<arg>${json_data['results'][0]}</arg>
<doc>Logs the given message with the given level.</doc>
<status status="PASS" start="2024-04-06T03:14:48.650211" elapsed="0.000383"/>
</kw>
<kw name="Log" owner="BuiltIn">
<msg time="2024-04-06T03:14:48.650981" level="INFO">location</msg>
<arg>${key}</arg>
<doc>Logs the given message with the given level.</doc>
<status status="PASS" start="2024-04-06T03:14:48.650865" elapsed="0.000151"/>
</kw>
<var name="${key}">location</var>
<status status="PASS" start="2024-04-06T03:14:48.649460" elapsed="0.001757"/>
</iter>
<iter>
<kw name="Dictionary Should Contain Key" owner="Collections">
<msg time="2024-04-06T03:14:48.651831" level="INFO">False</msg>
<arg>${json_data['results'][0]}</arg>
<arg>${key}</arg>
<doc>Fails if ``key`` is not found from ``dictionary``.</doc>
<status status="PASS" start="2024-04-06T03:14:48.651475" elapsed="0.000391"/>
</kw>
<kw name="Log" owner="BuiltIn">
<msg time="2024-04-06T03:14:48.652528" level="INFO">{'gender': 'male', 'name': {'title': 'Mr', 'first': 'علیرضا', 'last': 'نكو نظر'}, 'location': {'street': {'number': 9841, 'name': 'خاوران'}, 'city': 'سیرجان', 'state': 'لرستان', 'country': 'Iran', 'postcode': 38642, 'coordinates': {'latitude': '16.3107', 'longitude': '-23.5324'}, 'timezone': {'offset': '-7:00', 'description': 'Mountain Time (US &amp; Canada)'}}, 'email': 'aalyrd.nkwnzr@example.com', 'login': {'uuid': 'ac2f3995-33a1-4f5c-8d2a-63eb8b73bb55', 'username': 'bigostrich485', 'password': 'squall', 'salt': 'mmNd8vXs', 'md5': 'f3b642b07e5940acc8e35a3e7a84617f', 'sha1': '85379a3d7892de1efe79ec53ce6e186b3e60ea11', 'sha256': '7be201b54c452915756fbcf8eae240ab68afd7ef7778ecf0384fd2c46b5f1200'}, 'dob': {'date': '1956-08-29T00:17:49.407Z', 'age': 67}, 'registered': {'date': '2020-08-03T15:33:58.651Z', 'age': 3}, 'phone': '057-42773333', 'cell': '0928-288-1624', 'id': {'name': '', 'value': None}, 'picture': {'large': 'https://randomuser.me/api/portraits/men/72.jpg', 'medium': 'https://randomuser.me/api/portraits/med/men/72.jpg', 'thumbnail': 'https://randomuser.me/api/portraits/thumb/men/72.jpg'}, 'nat': 'IR'}</msg>
<arg>${json_data['results'][0]}</arg>
<doc>Logs the given message with the given level.</doc>
<status status="PASS" start="2024-04-06T03:14:48.652146" elapsed="0.000433"/>
</kw>
<kw name="Log" owner="BuiltIn">
<msg time="2024-04-06T03:14:48.652997" level="INFO">email</msg>
<arg>${key}</arg>
<doc>Logs the given message with the given level.</doc>
<status status="PASS" start="2024-04-06T03:14:48.652871" elapsed="0.000195"/>
</kw>
<var name="${key}">email</var>
<status status="PASS" start="2024-04-06T03:14:48.651375" elapsed="0.001915"/>
</iter>
<iter>
<kw name="Dictionary Should Contain Key" owner="Collections">
<msg time="2024-04-06T03:14:48.653955" level="INFO">False</msg>
<arg>${json_data['results'][0]}</arg>
<arg>${key}</arg>
<doc>Fails if ``key`` is not found from ``dictionary``.</doc>
<status status="PASS" start="2024-04-06T03:14:48.653577" elapsed="0.000415"/>
</kw>
<kw name="Log" owner="BuiltIn">
<msg time="2024-04-06T03:14:48.654611" level="INFO">{'gender': 'male', 'name': {'title': 'Mr', 'first': 'علیرضا', 'last': 'نكو نظر'}, 'location': {'street': {'number': 9841, 'name': 'خاوران'}, 'city': 'سیرجان', 'state': 'لرستان', 'country': 'Iran', 'postcode': 38642, 'coordinates': {'latitude': '16.3107', 'longitude': '-23.5324'}, 'timezone': {'offset': '-7:00', 'description': 'Mountain Time (US &amp; Canada)'}}, 'email': 'aalyrd.nkwnzr@example.com', 'login': {'uuid': 'ac2f3995-33a1-4f5c-8d2a-63eb8b73bb55', 'username': 'bigostrich485', 'password': 'squall', 'salt': 'mmNd8vXs', 'md5': 'f3b642b07e5940acc8e35a3e7a84617f', 'sha1': '85379a3d7892de1efe79ec53ce6e186b3e60ea11', 'sha256': '7be201b54c452915756fbcf8eae240ab68afd7ef7778ecf0384fd2c46b5f1200'}, 'dob': {'date': '1956-08-29T00:17:49.407Z', 'age': 67}, 'registered': {'date': '2020-08-03T15:33:58.651Z', 'age': 3}, 'phone': '057-42773333', 'cell': '0928-288-1624', 'id': {'name': '', 'value': None}, 'picture': {'large': 'https://randomuser.me/api/portraits/men/72.jpg', 'medium': 'https://randomuser.me/api/portraits/med/men/72.jpg', 'thumbnail': 'https://randomuser.me/api/portraits/thumb/men/72.jpg'}, 'nat': 'IR'}</msg>
<arg>${json_data['results'][0]}</arg>
<doc>Logs the given message with the given level.</doc>
<status status="PASS" start="2024-04-06T03:14:48.654277" elapsed="0.000380"/>
</kw>
<kw name="Log" owner="BuiltIn">
<msg time="2024-04-06T03:14:48.655046" level="INFO">login</msg>
<arg>${key}</arg>
<doc>Logs the given message with the given level.</doc>
<status status="PASS" start="2024-04-06T03:14:48.654929" elapsed="0.000248"/>
</kw>
<var name="${key}">login</var>
<status status="PASS" start="2024-04-06T03:14:48.653463" elapsed="0.001962"/>
</iter>
<var>${key}</var>
<value>@{expected_keys}</value>
<status status="PASS" start="2024-04-06T03:14:48.644998" elapsed="0.010555"/>
</for>
<kw name="Create List" owner="BuiltIn">
<msg time="2024-04-06T03:14:48.655882" level="INFO">${expected_keysTwo} = ['username', 'password']</msg>
<var>${expected_keysTwo}</var>
<arg>username</arg>
<arg>password</arg>
<doc>Returns a list containing given items.</doc>
<status status="PASS" start="2024-04-06T03:14:48.655744" elapsed="0.000162"/>
</kw>
<for flavor="IN">
<iter>
<kw name="Dictionary Should Contain Key" owner="Collections">
<msg time="2024-04-06T03:14:48.656780" level="INFO">False</msg>
<arg>${json_data['results'][0]['login']}</arg>
<arg>${keyTwo}</arg>
<doc>Fails if ``key`` is not found from ``dictionary``.</doc>
<status status="PASS" start="2024-04-06T03:14:48.656400" elapsed="0.000417"/>
</kw>
<kw name="Dictionary Should Contain Key" owner="Collections">
<msg time="2024-04-06T03:14:48.657504" level="INFO">False</msg>
<arg>${json_data['results'][0]['login']}</arg>
<arg>${keyTwo}</arg>
<doc>Fails if ``key`` is not found from ``dictionary``.</doc>
<status status="PASS" start="2024-04-06T03:14:48.657143" elapsed="0.000395"/>
</kw>
<kw name="Log" owner="BuiltIn">
<msg time="2024-04-06T03:14:48.657924" level="INFO">username</msg>
<arg>${keyTwo}</arg>
<doc>Logs the given message with the given level.</doc>
<status status="PASS" start="2024-04-06T03:14:48.657807" elapsed="0.000151"/>
</kw>
<var name="${keyTwo}">username</var>
<status status="PASS" start="2024-04-06T03:14:48.656291" elapsed="0.001863"/>
</iter>
<iter>
<kw name="Dictionary Should Contain Key" owner="Collections">
<msg time="2024-04-06T03:14:48.658751" level="INFO">False</msg>
<arg>${json_data['results'][0]['login']}</arg>
<arg>${keyTwo}</arg>
<doc>Fails if ``key`` is not found from ``dictionary``.</doc>
<status status="PASS" start="2024-04-06T03:14:48.658410" elapsed="0.000375"/>
</kw>
<kw name="Dictionary Should Contain Key" owner="Collections">
<msg time="2024-04-06T03:14:48.659398" level="INFO">False</msg>
<arg>${json_data['results'][0]['login']}</arg>
<arg>${keyTwo}</arg>
<doc>Fails if ``key`` is not found from ``dictionary``.</doc>
<status status="PASS" start="2024-04-06T03:14:48.659052" elapsed="0.000379"/>
</kw>
<kw name="Log" owner="BuiltIn">
<msg time="2024-04-06T03:14:48.659815" level="INFO">password</msg>
<arg>${keyTwo}</arg>
<doc>Logs the given message with the given level.</doc>
<status status="PASS" start="2024-04-06T03:14:48.659698" elapsed="0.000153"/>
</kw>
<var name="${keyTwo}">password</var>
<status status="PASS" start="2024-04-06T03:14:48.658312" elapsed="0.001738"/>
</iter>
<var>${keyTwo}</var>
<value>@{expected_keysTwo}</value>
<status status="PASS" start="2024-04-06T03:14:48.656141" elapsed="0.004020"/>
</for>
<status status="PASS" start="2024-04-06T03:14:48.544130" elapsed="0.116155"/>
</kw>
<doc>Testa a estrutura da resposta da API.</doc>
<tag>testeEstruturaResposta</tag>
<status status="PASS" start="2024-04-06T03:14:48.543474" elapsed="0.116950"/>
</test>
<test id="s1-s1-t4" name="Validar tipos de dados" line="28">
<kw name="Teste de Tipos de Dados" owner="random-user-service">
<kw name="GET On Session" owner="RequestsLibrary">
<msg time="2024-04-06T03:14:48.766470" level="INFO">GET Request : url=https://randomuser.me/api 
 path_url=/api 
 headers={'User-Agent': 'python-requests/2.31.0', 'Accept-Encoding': 'gzip, deflate', 'Accept': '*/*', 'Connection': 'keep-alive'} 
 body=None 
 </msg>
<msg time="2024-04-06T03:14:48.766528" level="INFO">GET Response : url=https://randomuser.me/api 
 status=200, reason=OK 
 headers={'Date': 'Sat, 06 Apr 2024 03:14:48 GMT', 'Content-Type': 'application/json; charset=utf-8', 'Transfer-Encoding': 'chunked', 'Connection': 'keep-alive', 'X-Powered-By': 'Express', 'Access-Control-Allow-Origin': '*', 'Cache-Control': 'no-cache', 'ETag': 'W/"4a5-CJBbyB9r7Fi5Vb3MU/ytLEYU+t8"', 'Vary': 'Accept-Encoding', 'Content-Encoding': 'gzip', 'CF-Cache-Status': 'DYNAMIC', 'Report-To': '{"endpoints":[{"url":"https:\\/\\/a.nel.cloudflare.com\\/report\\/v4?s=YpfSQ4W3WEBxXVNkikV6FWU%2FAxh5H77y1X1mNPgfU1U1ADcbhLC2MGU%2B2KH%2B1eAwD%2BHc9dmB%2B8RMR4jng%2Bzpa1pC%2FfO1Xl1Ph5l8HBb69kinrlvZDqgrYJLI2XiQOHBy"}],"group":"cf-nel","max_age":604800}', 'NEL': '{"success_fraction":0,"report_to":"cf-nel","max_age":604800}', 'Server': 'cloudflare', 'CF-RAY': '86fe9c1e2b6b2aaa-LAX', 'alt-svc': 'h3=":443"; ma=86400'} 
 body={"results":[{"gender":"female","name":{"title":"Ms","first":"Holdina","last":"Pires"},"location":{"street":{"number":3444,"name":"Rua Santa Catarina "},"city":"Cariacica","state":"Espírito Santo","country":"Brazil","postcode":33069,"coordinates":{"latitude":"-73.0759","longitude":"58.0945"},"timezone":{"offset":"+4:00","description":"Abu Dhabi, Muscat, Baku, Tbilisi"}},"email":"holdina.pires@example.com","login":{"uuid":"6cf95934-4ea3-4cbd-b148-b027d3f16bc6","username":"lazypanda133","password":"cowboy1","salt":"6PpYT2ng","md5":"a1833c1022063676d185e2a8e3267b11","sha1":"ed9946980faa2b323a821acb6ea844b3964dd8b3","sha256":"18341470e91b8bea11ca632961a64559d59482bcfa97b8ed529f019d5b255530"},"dob":{"date":"1954-10-27T15:52:25.574Z","age":69},"registered":{"date":"2011-07-04T05:37:31.469Z","age":12},"phone":"(29) 0377-3259","cell":"(80) 0856-9688","id":{"name":"CPF","value":"199.013.317-83"},"picture":{"large":"https://randomuser.me/api/portraits/women/83.jpg","medium":"https://randomuser.me/api/portraits/med/women/83.jpg","thumbnail":"https://randomuser.me/api/portraits/thumb/women/83.jpg"},"nat":"BR"}],"info":{"seed":"34d11c5912253e51","results":1,"page":1,"version":"1.4"}} 
 </msg>
<msg time="2024-04-06T03:14:48.766577" level="INFO">/opt/hostedtoolcache/Python/3.12.2/x64/lib/python3.12/site-packages/urllib3/connectionpool.py:1103: InsecureRequestWarning: Unverified HTTPS request is being made to host 'randomuser.me'. Adding certificate verification is strongly advised. See: https://urllib3.readthedocs.io/en/latest/advanced-usage.html#tls-warnings
  warnings.warn(</msg>
<msg time="2024-04-06T03:14:48.766654" level="INFO">${response} = &lt;Response [200]&gt;</msg>
<var>${response}</var>
<arg>consultarAPI</arg>
<arg>/api</arg>
<doc>Sends a GET request on a previously created HTTP Session.</doc>
<status status="PASS" start="2024-04-06T03:14:48.662732" elapsed="0.103958"/>
</kw>
<kw name="Set Variable" owner="BuiltIn">
<msg time="2024-04-06T03:14:48.767596" level="INFO">${json_data} = {'results': [{'gender': 'female', 'name': {'title': 'Ms', 'first': 'Holdina', 'last': 'Pires'}, 'location': {'street': {'number': 3444, 'name': 'Rua Santa Catarina '}, 'city': 'Cariacica', 'state': 'E...</msg>
<var>${json_data}</var>
<arg>${response.json()}</arg>
<doc>Returns the given values which can then be assigned to a variables.</doc>
<status status="PASS" start="2024-04-06T03:14:48.767102" elapsed="0.000520"/>
</kw>
<kw name="Log" owner="BuiltIn">
<msg time="2024-04-06T03:14:48.768050" level="INFO">{'results': [{'gender': 'female', 'name': {'title': 'Ms', 'first': 'Holdina', 'last': 'Pires'}, 'location': {'street': {'number': 3444, 'name': 'Rua Santa Catarina '}, 'city': 'Cariacica', 'state': 'Espírito Santo', 'country': 'Brazil', 'postcode': 33069, 'coordinates': {'latitude': '-73.0759', 'longitude': '58.0945'}, 'timezone': {'offset': '+4:00', 'description': 'Abu Dhabi, Muscat, Baku, Tbilisi'}}, 'email': 'holdina.pires@example.com', 'login': {'uuid': '6cf95934-4ea3-4cbd-b148-b027d3f16bc6', 'username': 'lazypanda133', 'password': 'cowboy1', 'salt': '6PpYT2ng', 'md5': 'a1833c1022063676d185e2a8e3267b11', 'sha1': 'ed9946980faa2b323a821acb6ea844b3964dd8b3', 'sha256': '18341470e91b8bea11ca632961a64559d59482bcfa97b8ed529f019d5b255530'}, 'dob': {'date': '1954-10-27T15:52:25.574Z', 'age': 69}, 'registered': {'date': '2011-07-04T05:37:31.469Z', 'age': 12}, 'phone': '(29) 0377-3259', 'cell': '(80) 0856-9688', 'id': {'name': 'CPF', 'value': '199.013.317-83'}, 'picture': {'large': 'https://randomuser.me/api/portraits/women/83.jpg', 'medium': 'https://randomuser.me/api/portraits/med/women/83.jpg', 'thumbnail': 'https://randomuser.me/api/portraits/thumb/women/83.jpg'}, 'nat': 'BR'}], 'info': {'seed': '34d11c5912253e51', 'results': 1, 'page': 1, 'version': '1.4'}}</msg>
<arg>${json_data}</arg>
<doc>Logs the given message with the given level.</doc>
<status status="PASS" start="2024-04-06T03:14:48.767906" elapsed="0.000219"/>
</kw>
<kw name="Should Be String" owner="String">
<arg>${json_data['results'][0]['gender']}</arg>
<doc>Fails if the given ``item`` is not a string.</doc>
<status status="PASS" start="2024-04-06T03:14:48.768419" elapsed="0.000343"/>
</kw>
<kw name="Should Match Regexp" owner="BuiltIn">
<arg>${json_data['results'][0]['email']}</arg>
<arg>^[a-zA-Z0-9._%+-]+@[a-zA-Z0-9.-]+\.[a-zA-Z]{2,}$</arg>
<doc>Fails if ``string`` does not match ``pattern`` as a regular expression.</doc>
<status status="PASS" start="2024-04-06T03:14:48.768939" elapsed="0.000558"/>
</kw>
<kw name="Should Match Regexp" owner="BuiltIn">
<arg>${json_data['results'][0]['dob']['date']}</arg>
<arg>\\d{4}-\\d{2}-\\d{2}T\\d{2}:\\d{2}:\\d{2}\\.\\d{3}Z</arg>
<doc>Fails if ``string`` does not match ``pattern`` as a regular expression.</doc>
<status status="PASS" start="2024-04-06T03:14:48.769683" elapsed="0.000440"/>
</kw>
<kw name="Should Match Regexp" owner="BuiltIn">
<arg>${json_data['results'][0]['registered']['date']}</arg>
<arg>\\d{4}-\\d{2}-\\d{2}T\\d{2}:\\d{2}:\\d{2}\\.\\d{3}Z</arg>
<doc>Fails if ``string`` does not match ``pattern`` as a regular expression.</doc>
<status status="PASS" start="2024-04-06T03:14:48.770300" elapsed="0.000343"/>
</kw>
<kw name="Should Match Regexp" owner="BuiltIn">
<arg>${json_data['results'][0]['picture']['large']}</arg>
<arg>^https?://.*\.(?:png|jpe?g|gif|bmp)$</arg>
<doc>Fails if ``string`` does not match ``pattern`` as a regular expression.</doc>
<status status="PASS" start="2024-04-06T03:14:48.770815" elapsed="0.000414"/>
</kw>
<kw name="Should Match Regexp" owner="BuiltIn">
<arg>${json_data['results'][0]['picture']['medium']}</arg>
<arg>^https?://.*\.(?:png|jpe?g|gif|bmp)$</arg>
<doc>Fails if ``string`` does not match ``pattern`` as a regular expression.</doc>
<status status="PASS" start="2024-04-06T03:14:48.771410" elapsed="0.000322"/>
</kw>
<kw name="Should Match Regexp" owner="BuiltIn">
<arg>${json_data['results'][0]['picture']['thumbnail']}</arg>
<arg>^https?://.*\.(?:png|jpe?g|gif|bmp)$</arg>
<doc>Fails if ``string`` does not match ``pattern`` as a regular expression.</doc>
<status status="PASS" start="2024-04-06T03:14:48.771901" elapsed="0.000316"/>
</kw>
<kw name="Log" owner="BuiltIn">
<msg time="2024-04-06T03:14:48.772686" level="INFO">{'large': 'https://randomuser.me/api/portraits/women/83.jpg', 'medium': 'https://randomuser.me/api/portraits/med/women/83.jpg', 'thumbnail': 'https://randomuser.me/api/portraits/thumb/women/83.jpg'}</msg>
<arg>${json_data['results'][0]['picture']}</arg>
<doc>Logs the given message with the given level.</doc>
<status status="PASS" start="2024-04-06T03:14:48.772383" elapsed="0.000342"/>
</kw>
<status status="PASS" start="2024-04-06T03:14:48.662528" elapsed="0.110429"/>
</kw>
<kw name="Teste de Tipos de Dados - Postcode" owner="random-user-service">
<kw name="GET On Session" owner="RequestsLibrary">
<msg time="2024-04-06T03:14:48.879283" level="INFO">GET Request : url=https://randomuser.me/api 
 path_url=/api 
 headers={'User-Agent': 'python-requests/2.31.0', 'Accept-Encoding': 'gzip, deflate', 'Accept': '*/*', 'Connection': 'keep-alive'} 
 body=None 
 </msg>
<msg time="2024-04-06T03:14:48.879371" level="INFO">GET Response : url=https://randomuser.me/api 
 status=200, reason=OK 
 headers={'Date': 'Sat, 06 Apr 2024 03:14:48 GMT', 'Content-Type': 'application/json; charset=utf-8', 'Transfer-Encoding': 'chunked', 'Connection': 'keep-alive', 'X-Powered-By': 'Express', 'Access-Control-Allow-Origin': '*', 'Cache-Control': 'no-cache', 'ETag': 'W/"4b3-yE5RfuYuoeEbNPSvz8DGektko2M"', 'Vary': 'Accept-Encoding', 'Content-Encoding': 'gzip', 'CF-Cache-Status': 'DYNAMIC', 'Report-To': '{"endpoints":[{"url":"https:\\/\\/a.nel.cloudflare.com\\/report\\/v4?s=HYrZ5gxoDTbbb3onGo%2B2MV%2BNzeCq0a5h67xP231ODB7o8vJodjAYOw7%2BRjqmxpE4z%2BPn7MGx8Zng3vJIGYa3C8Gc%2FGeAXAvQE83kgCxR40T7RYiRMLd0Xgtb2UAX2Jzt"}],"group":"cf-nel","max_age":604800}', 'NEL': '{"success_fraction":0,"report_to":"cf-nel","max_age":604800}', 'Server': 'cloudflare', 'CF-RAY': '86fe9c1edc452aaa-LAX', 'alt-svc': 'h3=":443"; ma=86400'} 
 body={"results":[{"gender":"female","name":{"title":"Mrs","first":"Inés","last":"Valladares"},"location":{"street":{"number":2052,"name":"Peatonal Casanova"},"city":"Escárcega","state":"Baja California","country":"Mexico","postcode":57449,"coordinates":{"latitude":"27.2566","longitude":"44.2069"},"timezone":{"offset":"+3:00","description":"Baghdad, Riyadh, Moscow, St. Petersburg"}},"email":"ines.valladares@example.com","login":{"uuid":"7e983b40-89d9-4be5-b7ef-1bf6fa1d6245","username":"yellowbird735","password":"swimming","salt":"K1LS6tTE","md5":"521bc099b4d5d7c5087a987cbd7ae453","sha1":"21d8405a8d21a30989ded742d719063190289b40","sha256":"3352c098fed210cba98598598b37b3293998d45d54b3f1d9cd6c3359c323cfd4"},"dob":{"date":"1998-07-19T12:05:15.521Z","age":25},"registered":{"date":"2009-10-26T12:19:52.012Z","age":14},"phone":"(661) 841 2321","cell":"(693) 601 8513","id":{"name":"NSS","value":"75 11 46 1297 1"},"picture":{"large":"https://randomuser.me/api/portraits/women/96.jpg","medium":"https://randomuser.me/api/portraits/med/women/96.jpg","thumbnail":"https://randomuser.me/api/portraits/thumb/women/96.jpg"},"nat":"MX"}],"info":{"seed":"56762fd63fcd2f16","results":1,"page":1,"version":"1.4"}} 
 </msg>
<msg time="2024-04-06T03:14:48.879458" level="INFO">/opt/hostedtoolcache/Python/3.12.2/x64/lib/python3.12/site-packages/urllib3/connectionpool.py:1103: InsecureRequestWarning: Unverified HTTPS request is being made to host 'randomuser.me'. Adding certificate verification is strongly advised. See: https://urllib3.readthedocs.io/en/latest/advanced-usage.html#tls-warnings
  warnings.warn(</msg>
<msg time="2024-04-06T03:14:48.879584" level="INFO">${response} = &lt;Response [200]&gt;</msg>
<var>${response}</var>
<arg>consultarAPI</arg>
<arg>/api</arg>
<doc>Sends a GET request on a previously created HTTP Session.</doc>
<status status="PASS" start="2024-04-06T03:14:48.773473" elapsed="0.106165"/>
</kw>
<kw name="Set Variable" owner="BuiltIn">
<msg time="2024-04-06T03:14:48.880611" level="INFO">${json_data} = {'results': [{'gender': 'female', 'name': {'title': 'Mrs', 'first': 'Inés', 'last': 'Valladares'}, 'location': {'street': {'number': 2052, 'name': 'Peatonal Casanova'}, 'city': 'Escárcega', 'state': '...</msg>
<var>${json_data}</var>
<arg>${response.json()}</arg>
<doc>Returns the given values which can then be assigned to a variables.</doc>
<status status="PASS" start="2024-04-06T03:14:48.880078" elapsed="0.000562"/>
</kw>
<kw name="Log" owner="BuiltIn">
<msg time="2024-04-06T03:14:48.881142" level="INFO">{'results': [{'gender': 'female', 'name': {'title': 'Mrs', 'first': 'Inés', 'last': 'Valladares'}, 'location': {'street': {'number': 2052, 'name': 'Peatonal Casanova'}, 'city': 'Escárcega', 'state': 'Baja California', 'country': 'Mexico', 'postcode': 57449, 'coordinates': {'latitude': '27.2566', 'longitude': '44.2069'}, 'timezone': {'offset': '+3:00', 'description': 'Baghdad, Riyadh, Moscow, St. Petersburg'}}, 'email': 'ines.valladares@example.com', 'login': {'uuid': '7e983b40-89d9-4be5-b7ef-1bf6fa1d6245', 'username': 'yellowbird735', 'password': 'swimming', 'salt': 'K1LS6tTE', 'md5': '521bc099b4d5d7c5087a987cbd7ae453', 'sha1': '21d8405a8d21a30989ded742d719063190289b40', 'sha256': '3352c098fed210cba98598598b37b3293998d45d54b3f1d9cd6c3359c323cfd4'}, 'dob': {'date': '1998-07-19T12:05:15.521Z', 'age': 25}, 'registered': {'date': '2009-10-26T12:19:52.012Z', 'age': 14}, 'phone': '(661) 841 2321', 'cell': '(693) 601 8513', 'id': {'name': 'NSS', 'value': '75 11 46 1297 1'}, 'picture': {'large': 'https://randomuser.me/api/portraits/women/96.jpg', 'medium': 'https://randomuser.me/api/portraits/med/women/96.jpg', 'thumbnail': 'https://randomuser.me/api/portraits/thumb/women/96.jpg'}, 'nat': 'MX'}], 'info': {'seed': '56762fd63fcd2f16', 'results': 1, 'page': 1, 'version': '1.4'}}</msg>
<arg>${json_data}</arg>
<doc>Logs the given message with the given level.</doc>
<status status="PASS" start="2024-04-06T03:14:48.880944" elapsed="0.000278"/>
</kw>
<kw name="Should Be Equal As Numbers" owner="BuiltIn">
<arg>${json_data['results'][0]['location']['postcode']}</arg>
<arg>${json_data['results'][0]['location']['postcode']}</arg>
<doc>Fails if objects are unequal after converting them to real numbers.</doc>
<status status="PASS" start="2024-04-06T03:14:48.881525" elapsed="0.000578"/>
</kw>
<kw name="Log" owner="BuiltIn">
<msg time="2024-04-06T03:14:48.882584" level="INFO">57449</msg>
<arg>${json_data['results'][0]['location']['postcode']}</arg>
<doc>Logs the given message with the given level.</doc>
<status status="PASS" start="2024-04-06T03:14:48.882281" elapsed="0.000340"/>
</kw>
<status status="PASS" start="2024-04-06T03:14:48.773169" elapsed="0.109683"/>
</kw>
<doc>Testa se os tipos de dados na resposta da API estão corretos.</doc>
<tag>testeTiposDados</tag>
<status status="PASS" start="2024-04-06T03:14:48.662058" elapsed="0.220936"/>
</test>
<test id="s1-s1-t5" name="Validar conteudo" line="35">
<kw name="Teste de Tipos de Conteudo" owner="random-user-service">
<kw name="GET On Session" owner="RequestsLibrary">
<msg time="2024-04-06T03:14:48.982385" level="INFO">GET Request : url=https://randomuser.me/api 
 path_url=/api 
 headers={'User-Agent': 'python-requests/2.31.0', 'Accept-Encoding': 'gzip, deflate', 'Accept': '*/*', 'Connection': 'keep-alive'} 
 body=None 
 </msg>
<msg time="2024-04-06T03:14:48.982448" level="INFO">GET Response : url=https://randomuser.me/api 
 status=200, reason=OK 
 headers={'Date': 'Sat, 06 Apr 2024 03:14:48 GMT', 'Content-Type': 'application/json; charset=utf-8', 'Transfer-Encoding': 'chunked', 'Connection': 'keep-alive', 'X-Powered-By': 'Express', 'Access-Control-Allow-Origin': '*', 'Cache-Control': 'no-cache', 'ETag': 'W/"49d-i0GjMu+Qdr5FRZQhq7VdMNocla4"', 'Vary': 'Accept-Encoding', 'Content-Encoding': 'gzip', 'CF-Cache-Status': 'DYNAMIC', 'Report-To': '{"endpoints":[{"url":"https:\\/\\/a.nel.cloudflare.com\\/report\\/v4?s=fRYI9spP89CJqcyjZ4Bj1KZnba00x%2BqIcDW4EPXiBp6lZ1DsFZINbSLBDB%2BcUGRLq74CQct8pRf9LBelorpGQcCL%2FybzZbfU2uKBw65BjjNw4HhAT5t98BMcQsEXrJ3d"}],"group":"cf-nel","max_age":604800}', 'NEL': '{"success_fraction":0,"report_to":"cf-nel","max_age":604800}', 'Server': 'cloudflare', 'CF-RAY': '86fe9c1f8d112aaa-LAX', 'alt-svc': 'h3=":443"; ma=86400'} 
 body={"results":[{"gender":"male","name":{"title":"Mr","first":"Nicholas","last":"Allen"},"location":{"street":{"number":4663,"name":"New Road"},"city":"Nottingham","state":"Dorset","country":"United Kingdom","postcode":"Y5K 3ET","coordinates":{"latitude":"-11.7378","longitude":"-78.1135"},"timezone":{"offset":"-6:00","description":"Central Time (US &amp; Canada), Mexico City"}},"email":"nicholas.allen@example.com","login":{"uuid":"b0377946-958e-4305-ba18-1747ddf72131","username":"bigleopard179","password":"netscape","salt":"LvF7nbu9","md5":"4356c06bb092d48d508e4b918c1b51b3","sha1":"bf5bdfd2a87dece33a9aad8ec5e86d74ea9fbc46","sha256":"de36788e6344dfef39ad789b2355fe388649098bb580dabfac51bfc4fc0f3895"},"dob":{"date":"1971-06-12T17:03:59.992Z","age":52},"registered":{"date":"2007-05-01T18:05:47.741Z","age":16},"phone":"01889 41120","cell":"07622 272065","id":{"name":"NINO","value":"CN 41 05 25 O"},"picture":{"large":"https://randomuser.me/api/portraits/men/45.jpg","medium":"https://randomuser.me/api/portraits/med/men/45.jpg","thumbnail":"https://randomuser.me/api/portraits/thumb/men/45.jpg"},"nat":"GB"}],"info":{"seed":"df161df2cac05e5d","results":1,"page":1,"version":"1.4"}} 
 </msg>
<msg time="2024-04-06T03:14:48.982501" level="INFO">/opt/hostedtoolcache/Python/3.12.2/x64/lib/python3.12/site-packages/urllib3/connectionpool.py:1103: InsecureRequestWarning: Unverified HTTPS request is being made to host 'randomuser.me'. Adding certificate verification is strongly advised. See: https://urllib3.readthedocs.io/en/latest/advanced-usage.html#tls-warnings
  warnings.warn(</msg>
<msg time="2024-04-06T03:14:48.982588" level="INFO">${response} = &lt;Response [200]&gt;</msg>
<var>${response}</var>
<arg>consultarAPI</arg>
<arg>/api</arg>
<doc>Sends a GET request on a previously created HTTP Session.</doc>
<status status="PASS" start="2024-04-06T03:14:48.885261" elapsed="0.097367"/>
</kw>
<kw name="Set Variable" owner="BuiltIn">
<msg time="2024-04-06T03:14:48.983550" level="INFO">${json_data} = {'results': [{'gender': 'male', 'name': {'title': 'Mr', 'first': 'Nicholas', 'last': 'Allen'}, 'location': {'street': {'number': 4663, 'name': 'New Road'}, 'city': 'Nottingham', 'state': 'Dorset', 'co...</msg>
<var>${json_data}</var>
<arg>${response.json()}</arg>
<doc>Returns the given values which can then be assigned to a variables.</doc>
<status status="PASS" start="2024-04-06T03:14:48.983066" elapsed="0.000510"/>
</kw>
<kw name="Set Variable" owner="BuiltIn">
<msg time="2024-04-06T03:14:48.984237" level="INFO">${name_title} = Mr</msg>
<var>${name_title}</var>
<arg>${json_data["results"][0]["name"]["title"]}</arg>
<doc>Returns the given values which can then be assigned to a variables.</doc>
<status status="PASS" start="2024-04-06T03:14:48.983875" elapsed="0.000385"/>
</kw>
<kw name="Create List" owner="BuiltIn">
<msg time="2024-04-06T03:14:48.984670" level="INFO">${allowed_titles} = ['Mr', 'Ms', 'Miss', 'Mrs', 'Madame', 'Monsieur']</msg>
<var>${allowed_titles}</var>
<arg>Mr</arg>
<arg>Ms</arg>
<arg>Miss</arg>
<arg>Mrs</arg>
<arg>Madame</arg>
<arg>Monsieur</arg>
<doc>Returns a list containing given items.</doc>
<status status="PASS" start="2024-04-06T03:14:48.984535" elapsed="0.000158"/>
</kw>
<kw name="List Should Contain Value" owner="Collections">
<msg time="2024-04-06T03:14:48.985162" level="INFO">False</msg>
<arg>${allowed_titles}</arg>
<arg>${name_title}</arg>
<doc>Fails if the ``value`` is not found from ``list``.</doc>
<status status="PASS" start="2024-04-06T03:14:48.984968" elapsed="0.000231"/>
</kw>
<kw name="Set Variable" owner="BuiltIn">
<msg time="2024-04-06T03:14:48.985817" level="INFO">${name_country} = GB</msg>
<var>${name_country}</var>
<arg>${json_data["results"][0]["nat"]}</arg>
<doc>Returns the given values which can then be assigned to a variables.</doc>
<status status="PASS" start="2024-04-06T03:14:48.985468" elapsed="0.000372"/>
</kw>
<kw name="Create List" owner="BuiltIn">
<msg time="2024-04-06T03:14:48.986678" level="INFO">${list_country} = ['AD', 'AE', 'AF', 'AG', 'AI', 'AL', 'AM', 'AO', 'AQ', 'AR', 'AS', 'AT', 'AU', 'AW', 'AX', 'AZ', 'BA', 'BB', 'BD', 'BE', 'BF', 'BG', 'BH', 'BI', 'BJ', 'BL', 'BM', 'BN', 'BO', 'BQ', 'BR', 'BS', 'BT', '...</msg>
<var>${list_country}</var>
<arg>AD</arg>
<arg>AE</arg>
<arg>AF</arg>
<arg>AG</arg>
<arg>AI</arg>
<arg>AL</arg>
<arg>AM</arg>
<arg>AO</arg>
<arg>AQ</arg>
<arg>AR</arg>
<arg>AS</arg>
<arg>AT</arg>
<arg>AU</arg>
<arg>AW</arg>
<arg>AX</arg>
<arg>AZ</arg>
<arg>BA</arg>
<arg>BB</arg>
<arg>BD</arg>
<arg>BE</arg>
<arg>BF</arg>
<arg>BG</arg>
<arg>BH</arg>
<arg>BI</arg>
<arg>BJ</arg>
<arg>BL</arg>
<arg>BM</arg>
<arg>BN</arg>
<arg>BO</arg>
<arg>BQ</arg>
<arg>BR</arg>
<arg>BS</arg>
<arg>BT</arg>
<arg>BV</arg>
<arg>BW</arg>
<arg>BY</arg>
<arg>BZ</arg>
<arg>CA</arg>
<arg>CC</arg>
<arg>CD</arg>
<arg>CF</arg>
<arg>CG</arg>
<arg>CH</arg>
<arg>CI</arg>
<arg>CK</arg>
<arg>CL</arg>
<arg>CM</arg>
<arg>CN</arg>
<arg>CO</arg>
<arg>CR</arg>
<arg>CU</arg>
<arg>CV</arg>
<arg>CW</arg>
<arg>CX</arg>
<arg>CY</arg>
<arg>CZ</arg>
<arg>DE</arg>
<arg>DJ</arg>
<arg>DK</arg>
<arg>DM</arg>
<arg>DO</arg>
<arg>DZ</arg>
<arg>EC</arg>
<arg>EE</arg>
<arg>EG</arg>
<arg>EH</arg>
<arg>ER</arg>
<arg>ES</arg>
<arg>ET</arg>
<arg>FI</arg>
<arg>FJ</arg>
<arg>FK</arg>
<arg>FM</arg>
<arg>FO</arg>
<arg>FR</arg>
<arg>GA</arg>
<arg>GB</arg>
<arg>GD</arg>
<arg>GE</arg>
<arg>GF</arg>
<arg>GG</arg>
<arg>GH</arg>
<arg>GI</arg>
<arg>GL</arg>
<arg>GM</arg>
<arg>GN</arg>
<arg>GP</arg>
<arg>GQ</arg>
<arg>GR</arg>
<arg>GS</arg>
<arg>GT</arg>
<arg>GU</arg>
<arg>GW</arg>
<arg>GY</arg>
<arg>HK</arg>
<arg>HM</arg>
<arg>HN</arg>
<arg>HR</arg>
<arg>HT</arg>
<arg>HU</arg>
<arg>ID</arg>
<arg>IE</arg>
<arg>IL</arg>
<arg>IM</arg>
<arg>IN</arg>
<arg>IO</arg>
<arg>IQ</arg>
<arg>IR</arg>
<arg>IS</arg>
<arg>IT</arg>
<arg>JE</arg>
<arg>JM</arg>
<arg>JO</arg>
<arg>JP</arg>
<arg>KE</arg>
<arg>KG</arg>
<arg>KH</arg>
<arg>KI</arg>
<arg>KM</arg>
<arg>KN</arg>
<arg>KP</arg>
<arg>KR</arg>
<arg>KW</arg>
<arg>KY</arg>
<arg>KZ</arg>
<arg>LA</arg>
<arg>LB</arg>
<arg>LC</arg>
<arg>LI</arg>
<arg>LK</arg>
<arg>LR</arg>
<arg>LS</arg>
<arg>LT</arg>
<arg>LU</arg>
<arg>LV</arg>
<arg>LY</arg>
<arg>MA</arg>
<arg>MC</arg>
<arg>MD</arg>
<arg>ME</arg>
<arg>MF</arg>
<arg>MG</arg>
<arg>MH</arg>
<arg>MK</arg>
<arg>ML</arg>
<arg>MM</arg>
<arg>MN</arg>
<arg>MO</arg>
<arg>MP</arg>
<arg>MQ</arg>
<arg>MR</arg>
<arg>MS</arg>
<arg>MT</arg>
<arg>MU</arg>
<arg>MV</arg>
<arg>MW</arg>
<arg>MX</arg>
<arg>MY</arg>
<arg>MZ</arg>
<arg>NA</arg>
<arg>NC</arg>
<arg>NE</arg>
<arg>NF</arg>
<arg>NG</arg>
<arg>NI</arg>
<arg>NL</arg>
<arg>NO</arg>
<arg>NP</arg>
<arg>NR</arg>
<arg>NU</arg>
<arg>NZ</arg>
<arg>OM</arg>
<arg>PA</arg>
<arg>PE</arg>
<arg>PF</arg>
<arg>PG</arg>
<arg>PH</arg>
<arg>PK</arg>
<arg>PL</arg>
<arg>PM</arg>
<arg>PN</arg>
<arg>PR</arg>
<arg>PS</arg>
<arg>PT</arg>
<arg>PW</arg>
<arg>PY</arg>
<arg>QA</arg>
<arg>RE</arg>
<arg>RO</arg>
<arg>RS</arg>
<arg>RU</arg>
<arg>RW</arg>
<arg>SA</arg>
<arg>SB</arg>
<arg>SC</arg>
<arg>SD</arg>
<arg>SE</arg>
<arg>SG</arg>
<arg>SH</arg>
<arg>SI</arg>
<arg>SJ</arg>
<arg>SK</arg>
<arg>SL</arg>
<arg>SM</arg>
<arg>SN</arg>
<arg>SO</arg>
<arg>SR</arg>
<arg>SS</arg>
<arg>ST</arg>
<arg>SV</arg>
<arg>SX</arg>
<arg>SY</arg>
<arg>SZ</arg>
<arg>TC</arg>
<arg>TD</arg>
<arg>TF</arg>
<arg>TG</arg>
<arg>TH</arg>
<arg>TJ</arg>
<arg>TK</arg>
<arg>TL</arg>
<arg>TM</arg>
<arg>TN</arg>
<arg>TO</arg>
<arg>TR</arg>
<arg>TT</arg>
<arg>TV</arg>
<arg>TW</arg>
<arg>TZ</arg>
<arg>UA</arg>
<arg>UG</arg>
<arg>UM</arg>
<arg>US</arg>
<arg>UY</arg>
<arg>UZ</arg>
<arg>VA</arg>
<arg>VC</arg>
<arg>VE</arg>
<arg>VG</arg>
<arg>VI</arg>
<arg>VN</arg>
<arg>VU</arg>
<arg>WF</arg>
<arg>WS</arg>
<arg>XK</arg>
<arg>YE</arg>
<arg>YT</arg>
<arg>ZA</arg>
<arg>ZM</arg>
<arg>ZW</arg>
<doc>Returns a list containing given items.</doc>
<status status="PASS" start="2024-04-06T03:14:48.986126" elapsed="0.000575"/>
</kw>
<kw name="List Should Contain Value" owner="Collections">
<msg time="2024-04-06T03:14:48.987703" level="INFO">False</msg>
<arg>${list_country}</arg>
<arg>${name_country}</arg>
<doc>Fails if the ``value`` is not found from ``list``.</doc>
<status status="PASS" start="2024-04-06T03:14:48.987516" elapsed="0.000221"/>
</kw>
<kw name="Run Keyword If" owner="BuiltIn">
<kw name="Should Be True" owner="BuiltIn">
<arg>${True}</arg>
<doc>Fails if the given condition is not true.</doc>
<status status="PASS" start="2024-04-06T03:14:48.988719" elapsed="0.000136"/>
</kw>
<arg>${json_data["results"][0]["location"]["coordinates"]["latitude"]} &gt;= -90 and ${json_data["results"][0]["location"]["coordinates"]["latitude"]} &lt;= 90</arg>
<arg>Should Be True</arg>
<arg>${True}</arg>
<doc>Runs the given keyword with the given arguments, if ``condition`` is true.</doc>
<status status="PASS" start="2024-04-06T03:14:48.988024" elapsed="0.000950"/>
</kw>
<kw name="Run Keyword If" owner="BuiltIn">
<kw name="Should Be True" owner="BuiltIn">
<arg>${True}</arg>
<doc>Fails if the given condition is not true.</doc>
<status status="PASS" start="2024-04-06T03:14:48.989885" elapsed="0.000139"/>
</kw>
<arg>${json_data["results"][0]["location"]["coordinates"]["longitude"]} &gt;= -180 and ${json_data["results"][0]["location"]["coordinates"]["longitude"]} &lt;= 180</arg>
<arg>Should Be True</arg>
<arg>${True}</arg>
<doc>Runs the given keyword with the given arguments, if ``condition`` is true.</doc>
<status status="PASS" start="2024-04-06T03:14:48.989190" elapsed="0.000958"/>
</kw>
<status status="PASS" start="2024-04-06T03:14:48.885047" elapsed="0.105228"/>
</kw>
<doc>Testa o conteúdo específico dos campos retornados pela API.</doc>
<tag>testeConteudo</tag>
<status status="PASS" start="2024-04-06T03:14:48.884547" elapsed="0.105871"/>
</test>
<status status="PASS" start="2024-04-06T03:14:47.985806" elapsed="1.006455"/>
</suite>
<status status="PASS" start="2024-04-06T03:14:47.972806" elapsed="1.024869"/>
</suite>
<statistics>
<total>
<stat pass="5" fail="0" skip="0">All Tests</stat>
</total>
<tag>
<stat pass="1" fail="0" skip="0">testeConteudo</stat>
<stat pass="1" fail="0" skip="0">testeEstruturaResposta</stat>
<stat pass="1" fail="0" skip="0">testeRequisicaoBasica</stat>
<stat pass="1" fail="0" skip="0">testeTiposDados</stat>
</tag>
<suite>
<stat pass="5" fail="0" skip="0" id="s1" name="Tests">Tests</stat>
<stat pass="5" fail="0" skip="0" id="s1-s1" name="Random-User-Test">Tests.Random-User-Test</stat>
</suite>
</statistics>
<errors>
</errors>
</robot>
