<?xml version="1.0" encoding="UTF-8"?>
<robot generator="Robot 7.0 (Python 3.12.2 on linux)" generated="2024-03-20T20:14:39.703629" rpa="false" schemaversion="5">
<suite id="s1" name="Tests" source="/home/runner/work/DesafioQA---Itau---Rogerio-Jordao/DesafioQA---Itau---Rogerio-Jordao/DesafioQA - Itau - Rogerio Jordao/tests">
<suite id="s1-s1" name="Random-User-Test" source="/home/runner/work/DesafioQA---Itau---Rogerio-Jordao/DesafioQA---Itau---Rogerio-Jordao/DesafioQA - Itau - Rogerio Jordao/tests/random-user-test.robot">
<test id="s1-s1-t1" name="Conectar" line="24">
<kw name="Conectar API">
<kw name="Create Session" owner="RequestsLibrary">
<msg time="2024-03-20T20:14:40.074292" level="INFO">Creating Session using : alias=consultarAPI, url=https://randomuser.me/, headers={},                     cookies={}, auth=None, timeout=None, proxies=None, verify=False,                     debug=0 </msg>
<arg>consultarAPI</arg>
<arg>${URL}</arg>
<doc>Create Session: create a HTTP session to a server</doc>
<status status="PASS" start="2024-03-20T20:14:40.074086" elapsed="0.000399"/>
</kw>
<status status="PASS" start="2024-03-20T20:14:40.073159" elapsed="0.001712"/>
</kw>
<status status="PASS" start="2024-03-20T20:14:40.072613" elapsed="0.002456"/>
</test>
<test id="s1-s1-t2" name="Validar retorno 200 e JSON Válido" line="27">
<kw name="Teste de Requisicao Basica">
<kw name="GET On Session" owner="RequestsLibrary">
<msg time="2024-03-20T20:14:40.300480" level="INFO">GET Request : url=https://randomuser.me/api 
 path_url=/api 
 headers={'User-Agent': 'python-requests/2.31.0', 'Accept-Encoding': 'gzip, deflate', 'Accept': '*/*', 'Connection': 'keep-alive'} 
 body=None 
 </msg>
<msg time="2024-03-20T20:14:40.300632" level="INFO">GET Response : url=https://randomuser.me/api 
 status=200, reason=OK 
 headers={'Date': 'Wed, 20 Mar 2024 20:14:40 GMT', 'Content-Type': 'application/json; charset=utf-8', 'Transfer-Encoding': 'chunked', 'Connection': 'keep-alive', 'X-Powered-By': 'Express', 'Access-Control-Allow-Origin': '*', 'Cache-Control': 'no-cache', 'ETag': 'W/"497-7E964dekrCOmWg1qbqRJ3pOn08E"', 'Vary': 'Accept-Encoding', 'Content-Encoding': 'gzip', 'CF-Cache-Status': 'DYNAMIC', 'Report-To': '{"endpoints":[{"url":"https:\\/\\/a.nel.cloudflare.com\\/report\\/v4?s=wxSgjVmnOTIPcOEESpwKeFpJB7uITZgZ1ITcoNzH%2BZJreIrBUyhAbHZIm%2BIjBn7IS0r0%2FHRrN%2BwD2fikBAVMo7RNVCYnNBL%2FLqO3x%2BcdvxJ6qL5e%2FqVjLlHr7YDGIBjV"}],"group":"cf-nel","max_age":604800}', 'NEL': '{"success_fraction":0,"report_to":"cf-nel","max_age":604800}', 'Server': 'cloudflare', 'CF-RAY': '86785eacacd22000-IAD', 'alt-svc': 'h3=":443"; ma=86400'} 
 body={"results":[{"gender":"male","name":{"title":"Mr","first":"Hans-Dietrich","last":"Swoboda"},"location":{"street":{"number":7761,"name":"Eichenweg"},"city":"Winnenden","state":"Hamburg","country":"Germany","postcode":97379,"coordinates":{"latitude":"-52.4503","longitude":"-137.2395"},"timezone":{"offset":"-8:00","description":"Pacific Time (US &amp; Canada)"}},"email":"hans-dietrich.swoboda@example.com","login":{"uuid":"5e2c4f5f-3539-4fd4-85a9-9a54367dc9a0","username":"redmeercat615","password":"frances","salt":"mxnK7ZqI","md5":"1cec6ec2f42cf2030401a5d5f5f3f43f","sha1":"0da84cee1b2743a131fcbbd229cc2d61622d888e","sha256":"43bc648e797c7466117af1397e995e6f90f3ba4ee933dcdcee6d6c91e60e43c0"},"dob":{"date":"1980-04-14T04:09:45.919Z","age":43},"registered":{"date":"2009-09-18T11:57:51.071Z","age":14},"phone":"0134-8866098","cell":"0174-3226824","id":{"name":"SVNR","value":"65 130480 S 210"},"picture":{"large":"https://randomuser.me/api/portraits/men/30.jpg","medium":"https://randomuser.me/api/portraits/med/men/30.jpg","thumbnail":"https://randomuser.me/api/portraits/thumb/men/30.jpg"},"nat":"DE"}],"info":{"seed":"8954af888b73785d","results":1,"page":1,"version":"1.4"}} 
 </msg>
<msg time="2024-03-20T20:14:40.300960" level="INFO">/opt/hostedtoolcache/Python/3.12.2/x64/lib/python3.12/site-packages/urllib3/connectionpool.py:1103: InsecureRequestWarning: Unverified HTTPS request is being made to host 'randomuser.me'. Adding certificate verification is strongly advised. See: https://urllib3.readthedocs.io/en/latest/advanced-usage.html#tls-warnings
  warnings.warn(</msg>
<msg time="2024-03-20T20:14:40.301113" level="INFO">${response} = &lt;Response [200]&gt;</msg>
<var>${response}</var>
<arg>consultarAPI</arg>
<arg>/api</arg>
<doc>Sends a GET request on a previously created HTTP Session.</doc>
<status status="PASS" start="2024-03-20T20:14:40.077630" elapsed="0.223526"/>
</kw>
<kw name="Should Be Equal As Numbers" owner="BuiltIn">
<msg time="2024-03-20T20:14:40.302330" level="INFO">Argument types are:
&lt;class 'int'&gt;
&lt;class 'str'&gt;</msg>
<arg>${response.status_code}</arg>
<arg>200</arg>
<doc>Fails if objects are unequal after converting them to real numbers.</doc>
<status status="PASS" start="2024-03-20T20:14:40.301840" elapsed="0.000564"/>
</kw>
<kw name="Log" owner="BuiltIn">
<msg time="2024-03-20T20:14:40.303076" level="INFO">200</msg>
<arg>${response.status_code}</arg>
<doc>Logs the given message with the given level.</doc>
<status status="PASS" start="2024-03-20T20:14:40.302720" elapsed="0.000400"/>
</kw>
<kw name="Set Variable" owner="BuiltIn">
<msg time="2024-03-20T20:14:40.303866" level="INFO">${json_data} = {'results': [{'gender': 'male', 'name': {'title': 'Mr', 'first': 'Hans-Dietrich', 'last': 'Swoboda'}, 'location': {'street': {'number': 7761, 'name': 'Eichenweg'}, 'city': 'Winnenden', 'state': 'Hambu...</msg>
<var>${json_data}</var>
<arg>${response.json()}</arg>
<doc>Returns the given values which can then be assigned to a variables.</doc>
<status status="PASS" start="2024-03-20T20:14:40.303424" elapsed="0.000471"/>
</kw>
<kw name="Dictionary Should Contain Key" owner="Collections">
<msg time="2024-03-20T20:14:40.304383" level="INFO">False</msg>
<arg>${json_data}</arg>
<arg>results</arg>
<doc>Fails if ``key`` is not found from ``dictionary``.</doc>
<status status="PASS" start="2024-03-20T20:14:40.304214" elapsed="0.000207"/>
</kw>
<status status="PASS" start="2024-03-20T20:14:40.077367" elapsed="0.227316"/>
</kw>
<doc>Testa se a API responde corretamente e retorna um objeto JSON válido.</doc>
<tag>testeRequisicaoBasica</tag>
<status status="PASS" start="2024-03-20T20:14:40.076915" elapsed="0.227953"/>
</test>
<test id="s1-s1-t3" name="Validar estrutura de resposta" line="33">
<kw name="Teste de Estrutura de Resposta">
<kw name="GET On Session" owner="RequestsLibrary">
<msg time="2024-03-20T20:14:40.358621" level="INFO">GET Request : url=https://randomuser.me/api 
 path_url=/api 
 headers={'User-Agent': 'python-requests/2.31.0', 'Accept-Encoding': 'gzip, deflate', 'Accept': '*/*', 'Connection': 'keep-alive'} 
 body=None 
 </msg>
<msg time="2024-03-20T20:14:40.358687" level="INFO">GET Response : url=https://randomuser.me/api 
 status=200, reason=OK 
 headers={'Date': 'Wed, 20 Mar 2024 20:14:40 GMT', 'Content-Type': 'application/json; charset=utf-8', 'Transfer-Encoding': 'chunked', 'Connection': 'keep-alive', 'X-Powered-By': 'Express', 'Access-Control-Allow-Origin': '*', 'Cache-Control': 'no-cache', 'ETag': 'W/"480-71MuJSbXhZZX937/k2AaGyzC2nE"', 'Vary': 'Accept-Encoding', 'Content-Encoding': 'gzip', 'CF-Cache-Status': 'DYNAMIC', 'Report-To': '{"endpoints":[{"url":"https:\\/\\/a.nel.cloudflare.com\\/report\\/v4?s=ZAAnB%2FLmVkM3miOHFYQS58OHruK9jJfZhQmHD%2BK%2FMljWwNUVWwEUQ1RqbZgUWJOBgLdKdSZDfeM%2BQ1Jr7u4gYwvWtvucj3J%2BcqqkwiUcTkfPFlizp6zH5fShpd7QKT1j"}],"group":"cf-nel","max_age":604800}', 'NEL': '{"success_fraction":0,"report_to":"cf-nel","max_age":604800}', 'Server': 'cloudflare', 'CF-RAY': '86785eadfe1f2000-IAD', 'alt-svc': 'h3=":443"; ma=86400'} 
 body={"results":[{"gender":"male","name":{"title":"Mr","first":"Arjun","last":"Bhoja"},"location":{"street":{"number":21,"name":"Mall Rd"},"city":"Shimoga","state":"Lakshadweep","country":"India","postcode":97905,"coordinates":{"latitude":"12.3822","longitude":"-119.1817"},"timezone":{"offset":"+11:00","description":"Magadan, Solomon Islands, New Caledonia"}},"email":"arjun.bhoja@example.com","login":{"uuid":"22f07d8f-0c78-4bf5-af85-fcf0df546ed7","username":"orangefrog955","password":"xyzzy","salt":"dXCHR9xN","md5":"35add9a1dd23c4fbf09e39d884177515","sha1":"b8b65418c80ad08a4507ea7b35220618aa77162e","sha256":"a9413aa1703d15ff74693914722b7b98dec75b0d593af20d688763aa14ad26b9"},"dob":{"date":"1987-12-18T00:34:01.168Z","age":36},"registered":{"date":"2021-07-10T22:09:05.191Z","age":2},"phone":"9933398442","cell":"9528555232","id":{"name":"UIDAI","value":"948204397839"},"picture":{"large":"https://randomuser.me/api/portraits/men/1.jpg","medium":"https://randomuser.me/api/portraits/med/men/1.jpg","thumbnail":"https://randomuser.me/api/portraits/thumb/men/1.jpg"},"nat":"IN"}],"info":{"seed":"930ee3f2e2d3c287","results":1,"page":1,"version":"1.4"}} 
 </msg>
<msg time="2024-03-20T20:14:40.358779" level="INFO">/opt/hostedtoolcache/Python/3.12.2/x64/lib/python3.12/site-packages/urllib3/connectionpool.py:1103: InsecureRequestWarning: Unverified HTTPS request is being made to host 'randomuser.me'. Adding certificate verification is strongly advised. See: https://urllib3.readthedocs.io/en/latest/advanced-usage.html#tls-warnings
  warnings.warn(</msg>
<msg time="2024-03-20T20:14:40.358871" level="INFO">${response} = &lt;Response [200]&gt;</msg>
<var>${response}</var>
<arg>consultarAPI</arg>
<arg>/api</arg>
<doc>Sends a GET request on a previously created HTTP Session.</doc>
<status status="PASS" start="2024-03-20T20:14:40.307473" elapsed="0.051440"/>
</kw>
<kw name="Set Variable" owner="BuiltIn">
<msg time="2024-03-20T20:14:40.359999" level="INFO">${json_data} = {'results': [{'gender': 'male', 'name': {'title': 'Mr', 'first': 'Arjun', 'last': 'Bhoja'}, 'location': {'street': {'number': 21, 'name': 'Mall Rd'}, 'city': 'Shimoga', 'state': 'Lakshadweep', 'countr...</msg>
<var>${json_data}</var>
<arg>${response.json()}</arg>
<doc>Returns the given values which can then be assigned to a variables.</doc>
<status status="PASS" start="2024-03-20T20:14:40.359385" elapsed="0.000643"/>
</kw>
<kw name="Log" owner="BuiltIn">
<msg time="2024-03-20T20:14:40.360487" level="INFO">{'results': [{'gender': 'male', 'name': {'title': 'Mr', 'first': 'Arjun', 'last': 'Bhoja'}, 'location': {'street': {'number': 21, 'name': 'Mall Rd'}, 'city': 'Shimoga', 'state': 'Lakshadweep', 'country': 'India', 'postcode': 97905, 'coordinates': {'latitude': '12.3822', 'longitude': '-119.1817'}, 'timezone': {'offset': '+11:00', 'description': 'Magadan, Solomon Islands, New Caledonia'}}, 'email': 'arjun.bhoja@example.com', 'login': {'uuid': '22f07d8f-0c78-4bf5-af85-fcf0df546ed7', 'username': 'orangefrog955', 'password': 'xyzzy', 'salt': 'dXCHR9xN', 'md5': '35add9a1dd23c4fbf09e39d884177515', 'sha1': 'b8b65418c80ad08a4507ea7b35220618aa77162e', 'sha256': 'a9413aa1703d15ff74693914722b7b98dec75b0d593af20d688763aa14ad26b9'}, 'dob': {'date': '1987-12-18T00:34:01.168Z', 'age': 36}, 'registered': {'date': '2021-07-10T22:09:05.191Z', 'age': 2}, 'phone': '9933398442', 'cell': '9528555232', 'id': {'name': 'UIDAI', 'value': '948204397839'}, 'picture': {'large': 'https://randomuser.me/api/portraits/men/1.jpg', 'medium': 'https://randomuser.me/api/portraits/med/men/1.jpg', 'thumbnail': 'https://randomuser.me/api/portraits/thumb/men/1.jpg'}, 'nat': 'IN'}], 'info': {'seed': '930ee3f2e2d3c287', 'results': 1, 'page': 1, 'version': '1.4'}}</msg>
<arg>${json_data}</arg>
<doc>Logs the given message with the given level.</doc>
<status status="PASS" start="2024-03-20T20:14:40.360332" elapsed="0.000203"/>
</kw>
<kw name="Dictionary Should Contain Key" owner="Collections">
<msg time="2024-03-20T20:14:40.360982" level="INFO">False</msg>
<arg>${json_data}</arg>
<arg>results</arg>
<doc>Fails if ``key`` is not found from ``dictionary``.</doc>
<status status="PASS" start="2024-03-20T20:14:40.360830" elapsed="0.000189"/>
</kw>
<kw name="Should Not Be Empty" owner="BuiltIn">
<msg time="2024-03-20T20:14:40.361478" level="INFO">Length is 2.</msg>
<arg>${json_data}</arg>
<doc>Verifies that the given item is not empty.</doc>
<status status="PASS" start="2024-03-20T20:14:40.361304" elapsed="0.000225"/>
</kw>
<kw name="Create List" owner="BuiltIn">
<msg time="2024-03-20T20:14:40.361970" level="INFO">${expected_keys} = ['gender', 'name', 'location', 'email', 'login']</msg>
<var>${expected_keys}</var>
<arg>gender</arg>
<arg>name</arg>
<arg>location</arg>
<arg>email</arg>
<arg>login</arg>
<doc>Returns a list containing given items.</doc>
<status status="PASS" start="2024-03-20T20:14:40.361820" elapsed="0.000175"/>
</kw>
<for flavor="IN">
<iter>
<kw name="Dictionary Should Contain Key" owner="Collections">
<msg time="2024-03-20T20:14:40.362964" level="INFO">False</msg>
<arg>${json_data['results'][0]}</arg>
<arg>${key}</arg>
<doc>Fails if ``key`` is not found from ``dictionary``.</doc>
<status status="PASS" start="2024-03-20T20:14:40.362561" elapsed="0.000443"/>
</kw>
<kw name="Log" owner="BuiltIn">
<msg time="2024-03-20T20:14:40.363685" level="INFO">{'gender': 'male', 'name': {'title': 'Mr', 'first': 'Arjun', 'last': 'Bhoja'}, 'location': {'street': {'number': 21, 'name': 'Mall Rd'}, 'city': 'Shimoga', 'state': 'Lakshadweep', 'country': 'India', 'postcode': 97905, 'coordinates': {'latitude': '12.3822', 'longitude': '-119.1817'}, 'timezone': {'offset': '+11:00', 'description': 'Magadan, Solomon Islands, New Caledonia'}}, 'email': 'arjun.bhoja@example.com', 'login': {'uuid': '22f07d8f-0c78-4bf5-af85-fcf0df546ed7', 'username': 'orangefrog955', 'password': 'xyzzy', 'salt': 'dXCHR9xN', 'md5': '35add9a1dd23c4fbf09e39d884177515', 'sha1': 'b8b65418c80ad08a4507ea7b35220618aa77162e', 'sha256': 'a9413aa1703d15ff74693914722b7b98dec75b0d593af20d688763aa14ad26b9'}, 'dob': {'date': '1987-12-18T00:34:01.168Z', 'age': 36}, 'registered': {'date': '2021-07-10T22:09:05.191Z', 'age': 2}, 'phone': '9933398442', 'cell': '9528555232', 'id': {'name': 'UIDAI', 'value': '948204397839'}, 'picture': {'large': 'https://randomuser.me/api/portraits/men/1.jpg', 'medium': 'https://randomuser.me/api/portraits/med/men/1.jpg', 'thumbnail': 'https://randomuser.me/api/portraits/thumb/men/1.jpg'}, 'nat': 'IN'}</msg>
<arg>${json_data['results'][0]}</arg>
<doc>Logs the given message with the given level.</doc>
<status status="PASS" start="2024-03-20T20:14:40.363309" elapsed="0.000424"/>
</kw>
<kw name="Log" owner="BuiltIn">
<msg time="2024-03-20T20:14:40.364163" level="INFO">gender</msg>
<arg>${key}</arg>
<doc>Logs the given message with the given level.</doc>
<status status="PASS" start="2024-03-20T20:14:40.364034" elapsed="0.000168"/>
</kw>
<var name="${key}">gender</var>
<status status="PASS" start="2024-03-20T20:14:40.362443" elapsed="0.001976"/>
</iter>
<iter>
<kw name="Dictionary Should Contain Key" owner="Collections">
<msg time="2024-03-20T20:14:40.365103" level="INFO">False</msg>
<arg>${json_data['results'][0]}</arg>
<arg>${key}</arg>
<doc>Fails if ``key`` is not found from ``dictionary``.</doc>
<status status="PASS" start="2024-03-20T20:14:40.364714" elapsed="0.000427"/>
</kw>
<kw name="Log" owner="BuiltIn">
<msg time="2024-03-20T20:14:40.365852" level="INFO">{'gender': 'male', 'name': {'title': 'Mr', 'first': 'Arjun', 'last': 'Bhoja'}, 'location': {'street': {'number': 21, 'name': 'Mall Rd'}, 'city': 'Shimoga', 'state': 'Lakshadweep', 'country': 'India', 'postcode': 97905, 'coordinates': {'latitude': '12.3822', 'longitude': '-119.1817'}, 'timezone': {'offset': '+11:00', 'description': 'Magadan, Solomon Islands, New Caledonia'}}, 'email': 'arjun.bhoja@example.com', 'login': {'uuid': '22f07d8f-0c78-4bf5-af85-fcf0df546ed7', 'username': 'orangefrog955', 'password': 'xyzzy', 'salt': 'dXCHR9xN', 'md5': '35add9a1dd23c4fbf09e39d884177515', 'sha1': 'b8b65418c80ad08a4507ea7b35220618aa77162e', 'sha256': 'a9413aa1703d15ff74693914722b7b98dec75b0d593af20d688763aa14ad26b9'}, 'dob': {'date': '1987-12-18T00:34:01.168Z', 'age': 36}, 'registered': {'date': '2021-07-10T22:09:05.191Z', 'age': 2}, 'phone': '9933398442', 'cell': '9528555232', 'id': {'name': 'UIDAI', 'value': '948204397839'}, 'picture': {'large': 'https://randomuser.me/api/portraits/men/1.jpg', 'medium': 'https://randomuser.me/api/portraits/med/men/1.jpg', 'thumbnail': 'https://randomuser.me/api/portraits/thumb/men/1.jpg'}, 'nat': 'IN'}</msg>
<arg>${json_data['results'][0]}</arg>
<doc>Logs the given message with the given level.</doc>
<status status="PASS" start="2024-03-20T20:14:40.365484" elapsed="0.000416"/>
</kw>
<kw name="Log" owner="BuiltIn">
<msg time="2024-03-20T20:14:40.366321" level="INFO">name</msg>
<arg>${key}</arg>
<doc>Logs the given message with the given level.</doc>
<status status="PASS" start="2024-03-20T20:14:40.366194" elapsed="0.000165"/>
</kw>
<var name="${key}">name</var>
<status status="PASS" start="2024-03-20T20:14:40.364607" elapsed="0.001968"/>
</iter>
<iter>
<kw name="Dictionary Should Contain Key" owner="Collections">
<msg time="2024-03-20T20:14:40.367245" level="INFO">False</msg>
<arg>${json_data['results'][0]}</arg>
<arg>${key}</arg>
<doc>Fails if ``key`` is not found from ``dictionary``.</doc>
<status status="PASS" start="2024-03-20T20:14:40.366867" elapsed="0.000528"/>
</kw>
<kw name="Log" owner="BuiltIn">
<msg time="2024-03-20T20:14:40.368055" level="INFO">{'gender': 'male', 'name': {'title': 'Mr', 'first': 'Arjun', 'last': 'Bhoja'}, 'location': {'street': {'number': 21, 'name': 'Mall Rd'}, 'city': 'Shimoga', 'state': 'Lakshadweep', 'country': 'India', 'postcode': 97905, 'coordinates': {'latitude': '12.3822', 'longitude': '-119.1817'}, 'timezone': {'offset': '+11:00', 'description': 'Magadan, Solomon Islands, New Caledonia'}}, 'email': 'arjun.bhoja@example.com', 'login': {'uuid': '22f07d8f-0c78-4bf5-af85-fcf0df546ed7', 'username': 'orangefrog955', 'password': 'xyzzy', 'salt': 'dXCHR9xN', 'md5': '35add9a1dd23c4fbf09e39d884177515', 'sha1': 'b8b65418c80ad08a4507ea7b35220618aa77162e', 'sha256': 'a9413aa1703d15ff74693914722b7b98dec75b0d593af20d688763aa14ad26b9'}, 'dob': {'date': '1987-12-18T00:34:01.168Z', 'age': 36}, 'registered': {'date': '2021-07-10T22:09:05.191Z', 'age': 2}, 'phone': '9933398442', 'cell': '9528555232', 'id': {'name': 'UIDAI', 'value': '948204397839'}, 'picture': {'large': 'https://randomuser.me/api/portraits/men/1.jpg', 'medium': 'https://randomuser.me/api/portraits/med/men/1.jpg', 'thumbnail': 'https://randomuser.me/api/portraits/thumb/men/1.jpg'}, 'nat': 'IN'}</msg>
<arg>${json_data['results'][0]}</arg>
<doc>Logs the given message with the given level.</doc>
<status status="PASS" start="2024-03-20T20:14:40.367693" elapsed="0.000410"/>
</kw>
<kw name="Log" owner="BuiltIn">
<msg time="2024-03-20T20:14:40.368523" level="INFO">location</msg>
<arg>${key}</arg>
<doc>Logs the given message with the given level.</doc>
<status status="PASS" start="2024-03-20T20:14:40.368396" elapsed="0.000165"/>
</kw>
<var name="${key}">location</var>
<status status="PASS" start="2024-03-20T20:14:40.366755" elapsed="0.002030"/>
</iter>
<iter>
<kw name="Dictionary Should Contain Key" owner="Collections">
<msg time="2024-03-20T20:14:40.369442" level="INFO">False</msg>
<arg>${json_data['results'][0]}</arg>
<arg>${key}</arg>
<doc>Fails if ``key`` is not found from ``dictionary``.</doc>
<status status="PASS" start="2024-03-20T20:14:40.369065" elapsed="0.000442"/>
</kw>
<kw name="Log" owner="BuiltIn">
<msg time="2024-03-20T20:14:40.370161" level="INFO">{'gender': 'male', 'name': {'title': 'Mr', 'first': 'Arjun', 'last': 'Bhoja'}, 'location': {'street': {'number': 21, 'name': 'Mall Rd'}, 'city': 'Shimoga', 'state': 'Lakshadweep', 'country': 'India', 'postcode': 97905, 'coordinates': {'latitude': '12.3822', 'longitude': '-119.1817'}, 'timezone': {'offset': '+11:00', 'description': 'Magadan, Solomon Islands, New Caledonia'}}, 'email': 'arjun.bhoja@example.com', 'login': {'uuid': '22f07d8f-0c78-4bf5-af85-fcf0df546ed7', 'username': 'orangefrog955', 'password': 'xyzzy', 'salt': 'dXCHR9xN', 'md5': '35add9a1dd23c4fbf09e39d884177515', 'sha1': 'b8b65418c80ad08a4507ea7b35220618aa77162e', 'sha256': 'a9413aa1703d15ff74693914722b7b98dec75b0d593af20d688763aa14ad26b9'}, 'dob': {'date': '1987-12-18T00:34:01.168Z', 'age': 36}, 'registered': {'date': '2021-07-10T22:09:05.191Z', 'age': 2}, 'phone': '9933398442', 'cell': '9528555232', 'id': {'name': 'UIDAI', 'value': '948204397839'}, 'picture': {'large': 'https://randomuser.me/api/portraits/men/1.jpg', 'medium': 'https://randomuser.me/api/portraits/med/men/1.jpg', 'thumbnail': 'https://randomuser.me/api/portraits/thumb/men/1.jpg'}, 'nat': 'IN'}</msg>
<arg>${json_data['results'][0]}</arg>
<doc>Logs the given message with the given level.</doc>
<status status="PASS" start="2024-03-20T20:14:40.369806" elapsed="0.000402"/>
</kw>
<kw name="Log" owner="BuiltIn">
<msg time="2024-03-20T20:14:40.370615" level="INFO">email</msg>
<arg>${key}</arg>
<doc>Logs the given message with the given level.</doc>
<status status="PASS" start="2024-03-20T20:14:40.370492" elapsed="0.000160"/>
</kw>
<var name="${key}">email</var>
<status status="PASS" start="2024-03-20T20:14:40.368962" elapsed="0.001899"/>
</iter>
<iter>
<kw name="Dictionary Should Contain Key" owner="Collections">
<msg time="2024-03-20T20:14:40.371515" level="INFO">False</msg>
<arg>${json_data['results'][0]}</arg>
<arg>${key}</arg>
<doc>Fails if ``key`` is not found from ``dictionary``.</doc>
<status status="PASS" start="2024-03-20T20:14:40.371136" elapsed="0.000416"/>
</kw>
<kw name="Log" owner="BuiltIn">
<msg time="2024-03-20T20:14:40.372210" level="INFO">{'gender': 'male', 'name': {'title': 'Mr', 'first': 'Arjun', 'last': 'Bhoja'}, 'location': {'street': {'number': 21, 'name': 'Mall Rd'}, 'city': 'Shimoga', 'state': 'Lakshadweep', 'country': 'India', 'postcode': 97905, 'coordinates': {'latitude': '12.3822', 'longitude': '-119.1817'}, 'timezone': {'offset': '+11:00', 'description': 'Magadan, Solomon Islands, New Caledonia'}}, 'email': 'arjun.bhoja@example.com', 'login': {'uuid': '22f07d8f-0c78-4bf5-af85-fcf0df546ed7', 'username': 'orangefrog955', 'password': 'xyzzy', 'salt': 'dXCHR9xN', 'md5': '35add9a1dd23c4fbf09e39d884177515', 'sha1': 'b8b65418c80ad08a4507ea7b35220618aa77162e', 'sha256': 'a9413aa1703d15ff74693914722b7b98dec75b0d593af20d688763aa14ad26b9'}, 'dob': {'date': '1987-12-18T00:34:01.168Z', 'age': 36}, 'registered': {'date': '2021-07-10T22:09:05.191Z', 'age': 2}, 'phone': '9933398442', 'cell': '9528555232', 'id': {'name': 'UIDAI', 'value': '948204397839'}, 'picture': {'large': 'https://randomuser.me/api/portraits/men/1.jpg', 'medium': 'https://randomuser.me/api/portraits/med/men/1.jpg', 'thumbnail': 'https://randomuser.me/api/portraits/thumb/men/1.jpg'}, 'nat': 'IN'}</msg>
<arg>${json_data['results'][0]}</arg>
<doc>Logs the given message with the given level.</doc>
<status status="PASS" start="2024-03-20T20:14:40.371845" elapsed="0.000412"/>
</kw>
<kw name="Log" owner="BuiltIn">
<msg time="2024-03-20T20:14:40.372676" level="INFO">login</msg>
<arg>${key}</arg>
<doc>Logs the given message with the given level.</doc>
<status status="PASS" start="2024-03-20T20:14:40.372549" elapsed="0.000165"/>
</kw>
<var name="${key}">login</var>
<status status="PASS" start="2024-03-20T20:14:40.371034" elapsed="0.001899"/>
</iter>
<var>${key}</var>
<value>@{expected_keys}</value>
<status status="PASS" start="2024-03-20T20:14:40.362251" elapsed="0.010833"/>
</for>
<kw name="Create List" owner="BuiltIn">
<msg time="2024-03-20T20:14:40.373414" level="INFO">${expected_keysTwo} = ['username', 'password']</msg>
<var>${expected_keysTwo}</var>
<arg>username</arg>
<arg>password</arg>
<doc>Returns a list containing given items.</doc>
<status status="PASS" start="2024-03-20T20:14:40.373277" elapsed="0.000161"/>
</kw>
<for flavor="IN">
<iter>
<kw name="Dictionary Should Contain Key" owner="Collections">
<msg time="2024-03-20T20:14:40.374348" level="INFO">False</msg>
<arg>${json_data['results'][0]['login']}</arg>
<arg>${keyTwo}</arg>
<doc>Fails if ``key`` is not found from ``dictionary``.</doc>
<status status="PASS" start="2024-03-20T20:14:40.373966" elapsed="0.000420"/>
</kw>
<kw name="Dictionary Should Contain Key" owner="Collections">
<msg time="2024-03-20T20:14:40.375052" level="INFO">False</msg>
<arg>${json_data['results'][0]['login']}</arg>
<arg>${keyTwo}</arg>
<doc>Fails if ``key`` is not found from ``dictionary``.</doc>
<status status="PASS" start="2024-03-20T20:14:40.374675" elapsed="0.000422"/>
</kw>
<kw name="Log" owner="BuiltIn">
<msg time="2024-03-20T20:14:40.375508" level="INFO">username</msg>
<arg>${keyTwo}</arg>
<doc>Logs the given message with the given level.</doc>
<status status="PASS" start="2024-03-20T20:14:40.375382" elapsed="0.000163"/>
</kw>
<var name="${keyTwo}">username</var>
<status status="PASS" start="2024-03-20T20:14:40.373864" elapsed="0.001910"/>
</iter>
<iter>
<kw name="Dictionary Should Contain Key" owner="Collections">
<msg time="2024-03-20T20:14:40.376432" level="INFO">False</msg>
<arg>${json_data['results'][0]['login']}</arg>
<arg>${keyTwo}</arg>
<doc>Fails if ``key`` is not found from ``dictionary``.</doc>
<status status="PASS" start="2024-03-20T20:14:40.376049" elapsed="0.000420"/>
</kw>
<kw name="Dictionary Should Contain Key" owner="Collections">
<msg time="2024-03-20T20:14:40.377127" level="INFO">False</msg>
<arg>${json_data['results'][0]['login']}</arg>
<arg>${keyTwo}</arg>
<doc>Fails if ``key`` is not found from ``dictionary``.</doc>
<status status="PASS" start="2024-03-20T20:14:40.376753" elapsed="0.000410"/>
</kw>
<kw name="Log" owner="BuiltIn">
<msg time="2024-03-20T20:14:40.377602" level="INFO">password</msg>
<arg>${keyTwo}</arg>
<doc>Logs the given message with the given level.</doc>
<status status="PASS" start="2024-03-20T20:14:40.377445" elapsed="0.000194"/>
</kw>
<var name="${keyTwo}">password</var>
<status status="PASS" start="2024-03-20T20:14:40.375946" elapsed="0.001908"/>
</iter>
<var>${keyTwo}</var>
<value>@{expected_keysTwo}</value>
<status status="PASS" start="2024-03-20T20:14:40.373712" elapsed="0.004263"/>
</for>
<status status="PASS" start="2024-03-20T20:14:40.307251" elapsed="0.070861"/>
</kw>
<doc>Testa a estrutura da resposta da API.</doc>
<tag>testeEstruturaResposta</tag>
<status status="PASS" start="2024-03-20T20:14:40.306743" elapsed="0.071522"/>
</test>
<test id="s1-s1-t4" name="Validar tipos de dados" line="39">
<kw name="Teste de Tipos de Dados">
<kw name="GET On Session" owner="RequestsLibrary">
<msg time="2024-03-20T20:14:40.458849" level="INFO">GET Request : url=https://randomuser.me/api 
 path_url=/api 
 headers={'User-Agent': 'python-requests/2.31.0', 'Accept-Encoding': 'gzip, deflate', 'Accept': '*/*', 'Connection': 'keep-alive'} 
 body=None 
 </msg>
<msg time="2024-03-20T20:14:40.458954" level="INFO">GET Response : url=https://randomuser.me/api 
 status=200, reason=OK 
 headers={'Date': 'Wed, 20 Mar 2024 20:14:40 GMT', 'Content-Type': 'application/json; charset=utf-8', 'Transfer-Encoding': 'chunked', 'Connection': 'keep-alive', 'X-Powered-By': 'Express', 'Access-Control-Allow-Origin': '*', 'Cache-Control': 'no-cache', 'ETag': 'W/"48c-KQC0gKTkz9ph3v8aMLbMYdvTdaY"', 'Vary': 'Accept-Encoding', 'Content-Encoding': 'gzip', 'CF-Cache-Status': 'DYNAMIC', 'Report-To': '{"endpoints":[{"url":"https:\\/\\/a.nel.cloudflare.com\\/report\\/v4?s=d1fkCP2bPlPGXikJOzom2jQL2%2FteP9vGQjcNG%2F52BurACo%2BLHDW%2BwVhtAcKyaCUa2LKkW%2FXMKp%2F6rgKHO7P9a%2BF5DN5Fv8wwdD9Cc5jAtoTNPVyMqzTwNUwGnr800XDA"}],"group":"cf-nel","max_age":604800}', 'NEL': '{"success_fraction":0,"report_to":"cf-nel","max_age":604800}', 'Server': 'cloudflare', 'CF-RAY': '86785eae6ec92000-IAD', 'alt-svc': 'h3=":443"; ma=86400'} 
 body={"results":[{"gender":"male","name":{"title":"Mr","first":"Arthur","last":"Roberts"},"location":{"street":{"number":2854,"name":"Opawa Road"},"city":"Hamilton","state":"Southland","country":"New Zealand","postcode":54469,"coordinates":{"latitude":"47.4630","longitude":"-2.1212"},"timezone":{"offset":"+11:00","description":"Magadan, Solomon Islands, New Caledonia"}},"email":"arthur.roberts@example.com","login":{"uuid":"19f494a7-4bdc-420a-8b94-94d86db7b9cb","username":"organicfish638","password":"please","salt":"sR2VkbOd","md5":"d9287f014cd1e7e34c56fd39a0b31a2a","sha1":"fd9410017cf728e9a0aba685a7d3071c46b0e728","sha256":"0dda6104a7009868ce94ffc7c62b7280f43c1e093598cc7a641cf10ed099645d"},"dob":{"date":"1961-11-01T15:38:24.631Z","age":62},"registered":{"date":"2018-12-28T06:34:26.727Z","age":5},"phone":"(487)-475-8791","cell":"(089)-459-7081","id":{"name":"","value":null},"picture":{"large":"https://randomuser.me/api/portraits/men/53.jpg","medium":"https://randomuser.me/api/portraits/med/men/53.jpg","thumbnail":"https://randomuser.me/api/portraits/thumb/men/53.jpg"},"nat":"NZ"}],"info":{"seed":"6955f0820aa26765","results":1,"page":1,"version":"1.4"}} 
 </msg>
<msg time="2024-03-20T20:14:40.459034" level="INFO">/opt/hostedtoolcache/Python/3.12.2/x64/lib/python3.12/site-packages/urllib3/connectionpool.py:1103: InsecureRequestWarning: Unverified HTTPS request is being made to host 'randomuser.me'. Adding certificate verification is strongly advised. See: https://urllib3.readthedocs.io/en/latest/advanced-usage.html#tls-warnings
  warnings.warn(</msg>
<msg time="2024-03-20T20:14:40.459169" level="INFO">${response} = &lt;Response [200]&gt;</msg>
<var>${response}</var>
<arg>consultarAPI</arg>
<arg>/api</arg>
<doc>Sends a GET request on a previously created HTTP Session.</doc>
<status status="PASS" start="2024-03-20T20:14:40.380666" elapsed="0.078577"/>
</kw>
<kw name="Set Variable" owner="BuiltIn">
<msg time="2024-03-20T20:14:40.460275" level="INFO">${json_data} = {'results': [{'gender': 'male', 'name': {'title': 'Mr', 'first': 'Arthur', 'last': 'Roberts'}, 'location': {'street': {'number': 2854, 'name': 'Opawa Road'}, 'city': 'Hamilton', 'state': 'Southland', ...</msg>
<var>${json_data}</var>
<arg>${response.json()}</arg>
<doc>Returns the given values which can then be assigned to a variables.</doc>
<status status="PASS" start="2024-03-20T20:14:40.459761" elapsed="0.000543"/>
</kw>
<kw name="Log" owner="BuiltIn">
<msg time="2024-03-20T20:14:40.460771" level="INFO">{'results': [{'gender': 'male', 'name': {'title': 'Mr', 'first': 'Arthur', 'last': 'Roberts'}, 'location': {'street': {'number': 2854, 'name': 'Opawa Road'}, 'city': 'Hamilton', 'state': 'Southland', 'country': 'New Zealand', 'postcode': 54469, 'coordinates': {'latitude': '47.4630', 'longitude': '-2.1212'}, 'timezone': {'offset': '+11:00', 'description': 'Magadan, Solomon Islands, New Caledonia'}}, 'email': 'arthur.roberts@example.com', 'login': {'uuid': '19f494a7-4bdc-420a-8b94-94d86db7b9cb', 'username': 'organicfish638', 'password': 'please', 'salt': 'sR2VkbOd', 'md5': 'd9287f014cd1e7e34c56fd39a0b31a2a', 'sha1': 'fd9410017cf728e9a0aba685a7d3071c46b0e728', 'sha256': '0dda6104a7009868ce94ffc7c62b7280f43c1e093598cc7a641cf10ed099645d'}, 'dob': {'date': '1961-11-01T15:38:24.631Z', 'age': 62}, 'registered': {'date': '2018-12-28T06:34:26.727Z', 'age': 5}, 'phone': '(487)-475-8791', 'cell': '(089)-459-7081', 'id': {'name': '', 'value': None}, 'picture': {'large': 'https://randomuser.me/api/portraits/men/53.jpg', 'medium': 'https://randomuser.me/api/portraits/med/men/53.jpg', 'thumbnail': 'https://randomuser.me/api/portraits/thumb/men/53.jpg'}, 'nat': 'NZ'}], 'info': {'seed': '6955f0820aa26765', 'results': 1, 'page': 1, 'version': '1.4'}}</msg>
<arg>${json_data}</arg>
<doc>Logs the given message with the given level.</doc>
<status status="PASS" start="2024-03-20T20:14:40.460609" elapsed="0.000247"/>
</kw>
<kw name="Should Be String" owner="String">
<arg>${json_data['results'][0]['gender']}</arg>
<doc>Fails if the given ``item`` is not a string.</doc>
<status status="PASS" start="2024-03-20T20:14:40.461145" elapsed="0.000399"/>
</kw>
<kw name="Should Match Regexp" owner="BuiltIn">
<arg>${json_data['results'][0]['email']}</arg>
<arg>^[a-zA-Z0-9._%+-]+@[a-zA-Z0-9.-]+\.[a-zA-Z]{2,}$</arg>
<doc>Fails if ``string`` does not match ``pattern`` as a regular expression.</doc>
<status status="PASS" start="2024-03-20T20:14:40.461736" elapsed="0.000685"/>
</kw>
<kw name="Should Match Regexp" owner="BuiltIn">
<arg>${json_data['results'][0]['dob']['date']}</arg>
<arg>\\d{4}-\\d{2}-\\d{2}T\\d{2}:\\d{2}:\\d{2}\\.\\d{3}Z</arg>
<doc>Fails if ``string`` does not match ``pattern`` as a regular expression.</doc>
<status status="PASS" start="2024-03-20T20:14:40.462625" elapsed="0.000484"/>
</kw>
<kw name="Should Match Regexp" owner="BuiltIn">
<arg>${json_data['results'][0]['registered']['date']}</arg>
<arg>\\d{4}-\\d{2}-\\d{2}T\\d{2}:\\d{2}:\\d{2}\\.\\d{3}Z</arg>
<doc>Fails if ``string`` does not match ``pattern`` as a regular expression.</doc>
<status status="PASS" start="2024-03-20T20:14:40.463297" elapsed="0.000382"/>
</kw>
<kw name="Should Match Regexp" owner="BuiltIn">
<arg>${json_data['results'][0]['picture']['large']}</arg>
<arg>^https?://.*\.(?:png|jpe?g|gif|bmp)$</arg>
<doc>Fails if ``string`` does not match ``pattern`` as a regular expression.</doc>
<status status="PASS" start="2024-03-20T20:14:40.463861" elapsed="0.000457"/>
</kw>
<kw name="Should Match Regexp" owner="BuiltIn">
<arg>${json_data['results'][0]['picture']['medium']}</arg>
<arg>^https?://.*\.(?:png|jpe?g|gif|bmp)$</arg>
<doc>Fails if ``string`` does not match ``pattern`` as a regular expression.</doc>
<status status="PASS" start="2024-03-20T20:14:40.464501" elapsed="0.000351"/>
</kw>
<kw name="Should Match Regexp" owner="BuiltIn">
<arg>${json_data['results'][0]['picture']['thumbnail']}</arg>
<arg>^https?://.*\.(?:png|jpe?g|gif|bmp)$</arg>
<doc>Fails if ``string`` does not match ``pattern`` as a regular expression.</doc>
<status status="PASS" start="2024-03-20T20:14:40.465032" elapsed="0.000365"/>
</kw>
<kw name="Log" owner="BuiltIn">
<msg time="2024-03-20T20:14:40.465978" level="INFO">{'large': 'https://randomuser.me/api/portraits/men/53.jpg', 'medium': 'https://randomuser.me/api/portraits/med/men/53.jpg', 'thumbnail': 'https://randomuser.me/api/portraits/thumb/men/53.jpg'}</msg>
<arg>${json_data['results'][0]['picture']}</arg>
<doc>Logs the given message with the given level.</doc>
<status status="PASS" start="2024-03-20T20:14:40.465635" elapsed="0.000385"/>
</kw>
<status status="PASS" start="2024-03-20T20:14:40.380448" elapsed="0.085835"/>
</kw>
<kw name="Teste de Tipos de Dados - Postcode">
<kw name="GET On Session" owner="RequestsLibrary">
<msg time="2024-03-20T20:14:40.551313" level="INFO">GET Request : url=https://randomuser.me/api 
 path_url=/api 
 headers={'User-Agent': 'python-requests/2.31.0', 'Accept-Encoding': 'gzip, deflate', 'Accept': '*/*', 'Connection': 'keep-alive'} 
 body=None 
 </msg>
<msg time="2024-03-20T20:14:40.551402" level="INFO">GET Response : url=https://randomuser.me/api 
 status=200, reason=OK 
 headers={'Date': 'Wed, 20 Mar 2024 20:14:40 GMT', 'Content-Type': 'application/json; charset=utf-8', 'Transfer-Encoding': 'chunked', 'Connection': 'keep-alive', 'X-Powered-By': 'Express', 'Access-Control-Allow-Origin': '*', 'Cache-Control': 'no-cache', 'ETag': 'W/"488-DqlKvnqXi/gUdIotqw8Lacdscg4"', 'Vary': 'Accept-Encoding', 'Content-Encoding': 'gzip', 'CF-Cache-Status': 'DYNAMIC', 'Report-To': '{"endpoints":[{"url":"https:\\/\\/a.nel.cloudflare.com\\/report\\/v4?s=bhTqM51VMOv30NutUaqohIZOyR4U6ZHNi5utKa0lPznaqNRj%2FsfO35m0ddeB4Nvp8hfVGMPOqODt008K%2BbS%2BD8UW3xJziHDzPUUBo%2FXW5dSU4oi%2F5llzKqvCcyRLx7i0"}],"group":"cf-nel","max_age":604800}', 'NEL': '{"success_fraction":0,"report_to":"cf-nel","max_age":604800}', 'Server': 'cloudflare', 'CF-RAY': '86785eaeef4e2000-IAD', 'alt-svc': 'h3=":443"; ma=86400'} 
 body={"results":[{"gender":"female","name":{"title":"Miss","first":"Mónica","last":"Benítez"},"location":{"street":{"number":4842,"name":"Paseo de Extremadura"},"city":"Orihuela","state":"Melilla","country":"Spain","postcode":32672,"coordinates":{"latitude":"-37.0594","longitude":"52.5247"},"timezone":{"offset":"+9:30","description":"Adelaide, Darwin"}},"email":"monica.benitez@example.com","login":{"uuid":"b03e7e9d-48b5-47d1-9e6f-4bb6fc114bef","username":"yellowfish721","password":"gideon","salt":"HRuC2dL5","md5":"2c3b4d60a33047d7691ba97e6dda9bb0","sha1":"07ed59c5798fbc6cd6cd0fedd0eb3e4a486e859d","sha256":"687538db8a6c71b897169eb31d39c594163779ed0e892992a7ac4d19a4c7b2af"},"dob":{"date":"1984-08-10T00:19:49.009Z","age":39},"registered":{"date":"2010-11-17T17:03:10.236Z","age":13},"phone":"970-027-999","cell":"603-716-806","id":{"name":"DNI","value":"48951369-C"},"picture":{"large":"https://randomuser.me/api/portraits/women/91.jpg","medium":"https://randomuser.me/api/portraits/med/women/91.jpg","thumbnail":"https://randomuser.me/api/portraits/thumb/women/91.jpg"},"nat":"ES"}],"info":{"seed":"99751805d640cc73","results":1,"page":1,"version":"1.4"}} 
 </msg>
<msg time="2024-03-20T20:14:40.551479" level="INFO">/opt/hostedtoolcache/Python/3.12.2/x64/lib/python3.12/site-packages/urllib3/connectionpool.py:1103: InsecureRequestWarning: Unverified HTTPS request is being made to host 'randomuser.me'. Adding certificate verification is strongly advised. See: https://urllib3.readthedocs.io/en/latest/advanced-usage.html#tls-warnings
  warnings.warn(</msg>
<msg time="2024-03-20T20:14:40.551592" level="INFO">${response} = &lt;Response [200]&gt;</msg>
<var>${response}</var>
<arg>consultarAPI</arg>
<arg>/api</arg>
<doc>Sends a GET request on a previously created HTTP Session.</doc>
<status status="PASS" start="2024-03-20T20:14:40.466729" elapsed="0.084898"/>
</kw>
<kw name="Set Variable" owner="BuiltIn">
<msg time="2024-03-20T20:14:40.552542" level="INFO">${json_data} = {'results': [{'gender': 'female', 'name': {'title': 'Miss', 'first': 'Mónica', 'last': 'Benítez'}, 'location': {'street': {'number': 4842, 'name': 'Paseo de Extremadura'}, 'city': 'Orihuela', 'state':...</msg>
<var>${json_data}</var>
<arg>${response.json()}</arg>
<doc>Returns the given values which can then be assigned to a variables.</doc>
<status status="PASS" start="2024-03-20T20:14:40.552065" elapsed="0.000505"/>
</kw>
<kw name="Log" owner="BuiltIn">
<msg time="2024-03-20T20:14:40.553028" level="INFO">{'results': [{'gender': 'female', 'name': {'title': 'Miss', 'first': 'Mónica', 'last': 'Benítez'}, 'location': {'street': {'number': 4842, 'name': 'Paseo de Extremadura'}, 'city': 'Orihuela', 'state': 'Melilla', 'country': 'Spain', 'postcode': 32672, 'coordinates': {'latitude': '-37.0594', 'longitude': '52.5247'}, 'timezone': {'offset': '+9:30', 'description': 'Adelaide, Darwin'}}, 'email': 'monica.benitez@example.com', 'login': {'uuid': 'b03e7e9d-48b5-47d1-9e6f-4bb6fc114bef', 'username': 'yellowfish721', 'password': 'gideon', 'salt': 'HRuC2dL5', 'md5': '2c3b4d60a33047d7691ba97e6dda9bb0', 'sha1': '07ed59c5798fbc6cd6cd0fedd0eb3e4a486e859d', 'sha256': '687538db8a6c71b897169eb31d39c594163779ed0e892992a7ac4d19a4c7b2af'}, 'dob': {'date': '1984-08-10T00:19:49.009Z', 'age': 39}, 'registered': {'date': '2010-11-17T17:03:10.236Z', 'age': 13}, 'phone': '970-027-999', 'cell': '603-716-806', 'id': {'name': 'DNI', 'value': '48951369-C'}, 'picture': {'large': 'https://randomuser.me/api/portraits/women/91.jpg', 'medium': 'https://randomuser.me/api/portraits/med/women/91.jpg', 'thumbnail': 'https://randomuser.me/api/portraits/thumb/women/91.jpg'}, 'nat': 'ES'}], 'info': {'seed': '99751805d640cc73', 'results': 1, 'page': 1, 'version': '1.4'}}</msg>
<arg>${json_data}</arg>
<doc>Logs the given message with the given level.</doc>
<status status="PASS" start="2024-03-20T20:14:40.552870" elapsed="0.000242"/>
</kw>
<kw name="Should Be Equal As Numbers" owner="BuiltIn">
<arg>${json_data['results'][0]['location']['postcode']}</arg>
<arg>${json_data['results'][0]['location']['postcode']}</arg>
<doc>Fails if objects are unequal after converting them to real numbers.</doc>
<status status="PASS" start="2024-03-20T20:14:40.553411" elapsed="0.000669"/>
</kw>
<kw name="Log" owner="BuiltIn">
<msg time="2024-03-20T20:14:40.554607" level="INFO">32672</msg>
<arg>${json_data['results'][0]['location']['postcode']}</arg>
<doc>Logs the given message with the given level.</doc>
<status status="PASS" start="2024-03-20T20:14:40.554273" elapsed="0.000375"/>
</kw>
<status status="PASS" start="2024-03-20T20:14:40.466505" elapsed="0.088403"/>
</kw>
<doc>Testa se os tipos de dados na resposta da API estão corretos.</doc>
<tag>testeTiposDados</tag>
<status status="PASS" start="2024-03-20T20:14:40.380014" elapsed="0.175064"/>
</test>
<test id="s1-s1-t5" name="Validar conteudo" line="46">
<kw name="Teste de Tipos de Conteudo">
<kw name="GET On Session" owner="RequestsLibrary">
<msg time="2024-03-20T20:14:40.649783" level="INFO">GET Request : url=https://randomuser.me/api 
 path_url=/api 
 headers={'User-Agent': 'python-requests/2.31.0', 'Accept-Encoding': 'gzip, deflate', 'Accept': '*/*', 'Connection': 'keep-alive'} 
 body=None 
 </msg>
<msg time="2024-03-20T20:14:40.649875" level="INFO">GET Response : url=https://randomuser.me/api 
 status=200, reason=OK 
 headers={'Date': 'Wed, 20 Mar 2024 20:14:40 GMT', 'Content-Type': 'application/json; charset=utf-8', 'Transfer-Encoding': 'chunked', 'Connection': 'keep-alive', 'X-Powered-By': 'Express', 'Access-Control-Allow-Origin': '*', 'Cache-Control': 'no-cache', 'ETag': 'W/"491-BTlmPF61JH+nDO9NtrsOExWLiX0"', 'Vary': 'Accept-Encoding', 'Content-Encoding': 'gzip', 'CF-Cache-Status': 'DYNAMIC', 'Report-To': '{"endpoints":[{"url":"https:\\/\\/a.nel.cloudflare.com\\/report\\/v4?s=ddZcj9uZZMDGeOh7F2EIwLTPDMdj%2BahfSj7FuvxQ5O766EttfJktCZhZC75AknXSAZz4omECn%2FSfYDXfjep3cGThTEV0AQtBo9e3%2FCABHUejNArTgtLoaMIMtJya8562"}],"group":"cf-nel","max_age":604800}', 'NEL': '{"success_fraction":0,"report_to":"cf-nel","max_age":604800}', 'Server': 'cloudflare', 'CF-RAY': '86785eaf8fd62000-IAD', 'alt-svc': 'h3=":443"; ma=86400'} 
 body={"results":[{"gender":"female","name":{"title":"Ms","first":"Nadir","last":"Pereira"},"location":{"street":{"number":7065,"name":"Rua Dom Pedro Ii "},"city":"Jandira","state":"Rio Grande do Norte","country":"Brazil","postcode":22985,"coordinates":{"latitude":"-80.5950","longitude":"54.9373"},"timezone":{"offset":"+9:30","description":"Adelaide, Darwin"}},"email":"nadir.pereira@example.com","login":{"uuid":"bcdeb47b-202b-40d3-b72a-9c4dd4e791f1","username":"redmouse826","password":"billy","salt":"biSaYm7C","md5":"7f026621b3487d9361212101c42ec329","sha1":"5cf2211871d7fc2299050ee79cb9d6079cf17d8b","sha256":"37102afbd2ac77f984682bbb9b85a3921c3bb61b3f265a1e5ec162b7953fcc8c"},"dob":{"date":"1961-12-05T05:55:42.984Z","age":62},"registered":{"date":"2018-09-30T19:18:04.723Z","age":5},"phone":"(38) 4509-0152","cell":"(74) 0545-8986","id":{"name":"CPF","value":"633.455.403-33"},"picture":{"large":"https://randomuser.me/api/portraits/women/79.jpg","medium":"https://randomuser.me/api/portraits/med/women/79.jpg","thumbnail":"https://randomuser.me/api/portraits/thumb/women/79.jpg"},"nat":"BR"}],"info":{"seed":"f255036feac9711c","results":1,"page":1,"version":"1.4"}} 
 </msg>
<msg time="2024-03-20T20:14:40.649942" level="INFO">/opt/hostedtoolcache/Python/3.12.2/x64/lib/python3.12/site-packages/urllib3/connectionpool.py:1103: InsecureRequestWarning: Unverified HTTPS request is being made to host 'randomuser.me'. Adding certificate verification is strongly advised. See: https://urllib3.readthedocs.io/en/latest/advanced-usage.html#tls-warnings
  warnings.warn(</msg>
<msg time="2024-03-20T20:14:40.650045" level="INFO">${response} = &lt;Response [200]&gt;</msg>
<var>${response}</var>
<arg>consultarAPI</arg>
<arg>/api</arg>
<doc>Sends a GET request on a previously created HTTP Session.</doc>
<status status="PASS" start="2024-03-20T20:14:40.557613" elapsed="0.092472"/>
</kw>
<kw name="Set Variable" owner="BuiltIn">
<msg time="2024-03-20T20:14:40.651056" level="INFO">${json_data} = {'results': [{'gender': 'female', 'name': {'title': 'Ms', 'first': 'Nadir', 'last': 'Pereira'}, 'location': {'street': {'number': 7065, 'name': 'Rua Dom Pedro Ii '}, 'city': 'Jandira', 'state': 'Rio G...</msg>
<var>${json_data}</var>
<arg>${response.json()}</arg>
<doc>Returns the given values which can then be assigned to a variables.</doc>
<status status="PASS" start="2024-03-20T20:14:40.650559" elapsed="0.000524"/>
</kw>
<kw name="Set Variable" owner="BuiltIn">
<msg time="2024-03-20T20:14:40.651758" level="INFO">${name_title} = Ms</msg>
<var>${name_title}</var>
<arg>${json_data["results"][0]["name"]["title"]}</arg>
<doc>Returns the given values which can then be assigned to a variables.</doc>
<status status="PASS" start="2024-03-20T20:14:40.651380" elapsed="0.000402"/>
</kw>
<kw name="Create List" owner="BuiltIn">
<msg time="2024-03-20T20:14:40.652216" level="INFO">${allowed_titles} = ['Mr', 'Ms', 'Miss', 'Mrs', 'Madame', 'Monsieur']</msg>
<var>${allowed_titles}</var>
<arg>Mr</arg>
<arg>Ms</arg>
<arg>Miss</arg>
<arg>Mrs</arg>
<arg>Madame</arg>
<arg>Monsieur</arg>
<doc>Returns a list containing given items.</doc>
<status status="PASS" start="2024-03-20T20:14:40.652069" elapsed="0.000171"/>
</kw>
<kw name="List Should Contain Value" owner="Collections">
<msg time="2024-03-20T20:14:40.652701" level="INFO">False</msg>
<arg>${allowed_titles}</arg>
<arg>${name_title}</arg>
<doc>Fails if the ``value`` is not found from ``list``.</doc>
<status status="PASS" start="2024-03-20T20:14:40.652532" elapsed="0.000206"/>
</kw>
<kw name="Set Variable" owner="BuiltIn">
<msg time="2024-03-20T20:14:40.653401" level="INFO">${name_country} = BR</msg>
<var>${name_country}</var>
<arg>${json_data["results"][0]["nat"]}</arg>
<doc>Returns the given values which can then be assigned to a variables.</doc>
<status status="PASS" start="2024-03-20T20:14:40.653026" elapsed="0.000400"/>
</kw>
<kw name="Create List" owner="BuiltIn">
<msg time="2024-03-20T20:14:40.654361" level="INFO">${list_country} = ['AD', 'AE', 'AF', 'AG', 'AI', 'AL', 'AM', 'AO', 'AQ', 'AR', 'AS', 'AT', 'AU', 'AW', 'AX', 'AZ', 'BA', 'BB', 'BD', 'BE', 'BF', 'BG', 'BH', 'BI', 'BJ', 'BL', 'BM', 'BN', 'BO', 'BQ', 'BR', 'BS', 'BT', '...</msg>
<var>${list_country}</var>
<arg>AD</arg>
<arg>AE</arg>
<arg>AF</arg>
<arg>AG</arg>
<arg>AI</arg>
<arg>AL</arg>
<arg>AM</arg>
<arg>AO</arg>
<arg>AQ</arg>
<arg>AR</arg>
<arg>AS</arg>
<arg>AT</arg>
<arg>AU</arg>
<arg>AW</arg>
<arg>AX</arg>
<arg>AZ</arg>
<arg>BA</arg>
<arg>BB</arg>
<arg>BD</arg>
<arg>BE</arg>
<arg>BF</arg>
<arg>BG</arg>
<arg>BH</arg>
<arg>BI</arg>
<arg>BJ</arg>
<arg>BL</arg>
<arg>BM</arg>
<arg>BN</arg>
<arg>BO</arg>
<arg>BQ</arg>
<arg>BR</arg>
<arg>BS</arg>
<arg>BT</arg>
<arg>BV</arg>
<arg>BW</arg>
<arg>BY</arg>
<arg>BZ</arg>
<arg>CA</arg>
<arg>CC</arg>
<arg>CD</arg>
<arg>CF</arg>
<arg>CG</arg>
<arg>CH</arg>
<arg>CI</arg>
<arg>CK</arg>
<arg>CL</arg>
<arg>CM</arg>
<arg>CN</arg>
<arg>CO</arg>
<arg>CR</arg>
<arg>CU</arg>
<arg>CV</arg>
<arg>CW</arg>
<arg>CX</arg>
<arg>CY</arg>
<arg>CZ</arg>
<arg>DE</arg>
<arg>DJ</arg>
<arg>DK</arg>
<arg>DM</arg>
<arg>DO</arg>
<arg>DZ</arg>
<arg>EC</arg>
<arg>EE</arg>
<arg>EG</arg>
<arg>EH</arg>
<arg>ER</arg>
<arg>ES</arg>
<arg>ET</arg>
<arg>FI</arg>
<arg>FJ</arg>
<arg>FK</arg>
<arg>FM</arg>
<arg>FO</arg>
<arg>FR</arg>
<arg>GA</arg>
<arg>GB</arg>
<arg>GD</arg>
<arg>GE</arg>
<arg>GF</arg>
<arg>GG</arg>
<arg>GH</arg>
<arg>GI</arg>
<arg>GL</arg>
<arg>GM</arg>
<arg>GN</arg>
<arg>GP</arg>
<arg>GQ</arg>
<arg>GR</arg>
<arg>GS</arg>
<arg>GT</arg>
<arg>GU</arg>
<arg>GW</arg>
<arg>GY</arg>
<arg>HK</arg>
<arg>HM</arg>
<arg>HN</arg>
<arg>HR</arg>
<arg>HT</arg>
<arg>HU</arg>
<arg>ID</arg>
<arg>IE</arg>
<arg>IL</arg>
<arg>IM</arg>
<arg>IN</arg>
<arg>IO</arg>
<arg>IQ</arg>
<arg>IR</arg>
<arg>IS</arg>
<arg>IT</arg>
<arg>JE</arg>
<arg>JM</arg>
<arg>JO</arg>
<arg>JP</arg>
<arg>KE</arg>
<arg>KG</arg>
<arg>KH</arg>
<arg>KI</arg>
<arg>KM</arg>
<arg>KN</arg>
<arg>KP</arg>
<arg>KR</arg>
<arg>KW</arg>
<arg>KY</arg>
<arg>KZ</arg>
<arg>LA</arg>
<arg>LB</arg>
<arg>LC</arg>
<arg>LI</arg>
<arg>LK</arg>
<arg>LR</arg>
<arg>LS</arg>
<arg>LT</arg>
<arg>LU</arg>
<arg>LV</arg>
<arg>LY</arg>
<arg>MA</arg>
<arg>MC</arg>
<arg>MD</arg>
<arg>ME</arg>
<arg>MF</arg>
<arg>MG</arg>
<arg>MH</arg>
<arg>MK</arg>
<arg>ML</arg>
<arg>MM</arg>
<arg>MN</arg>
<arg>MO</arg>
<arg>MP</arg>
<arg>MQ</arg>
<arg>MR</arg>
<arg>MS</arg>
<arg>MT</arg>
<arg>MU</arg>
<arg>MV</arg>
<arg>MW</arg>
<arg>MX</arg>
<arg>MY</arg>
<arg>MZ</arg>
<arg>NA</arg>
<arg>NC</arg>
<arg>NE</arg>
<arg>NF</arg>
<arg>NG</arg>
<arg>NI</arg>
<arg>NL</arg>
<arg>NO</arg>
<arg>NP</arg>
<arg>NR</arg>
<arg>NU</arg>
<arg>NZ</arg>
<arg>OM</arg>
<arg>PA</arg>
<arg>PE</arg>
<arg>PF</arg>
<arg>PG</arg>
<arg>PH</arg>
<arg>PK</arg>
<arg>PL</arg>
<arg>PM</arg>
<arg>PN</arg>
<arg>PR</arg>
<arg>PS</arg>
<arg>PT</arg>
<arg>PW</arg>
<arg>PY</arg>
<arg>QA</arg>
<arg>RE</arg>
<arg>RO</arg>
<arg>RS</arg>
<arg>RU</arg>
<arg>RW</arg>
<arg>SA</arg>
<arg>SB</arg>
<arg>SC</arg>
<arg>SD</arg>
<arg>SE</arg>
<arg>SG</arg>
<arg>SH</arg>
<arg>SI</arg>
<arg>SJ</arg>
<arg>SK</arg>
<arg>SL</arg>
<arg>SM</arg>
<arg>SN</arg>
<arg>SO</arg>
<arg>SR</arg>
<arg>SS</arg>
<arg>ST</arg>
<arg>SV</arg>
<arg>SX</arg>
<arg>SY</arg>
<arg>SZ</arg>
<arg>TC</arg>
<arg>TD</arg>
<arg>TF</arg>
<arg>TG</arg>
<arg>TH</arg>
<arg>TJ</arg>
<arg>TK</arg>
<arg>TL</arg>
<arg>TM</arg>
<arg>TN</arg>
<arg>TO</arg>
<arg>TR</arg>
<arg>TT</arg>
<arg>TV</arg>
<arg>TW</arg>
<arg>TZ</arg>
<arg>UA</arg>
<arg>UG</arg>
<arg>UM</arg>
<arg>US</arg>
<arg>UY</arg>
<arg>UZ</arg>
<arg>VA</arg>
<arg>VC</arg>
<arg>VE</arg>
<arg>VG</arg>
<arg>VI</arg>
<arg>VN</arg>
<arg>VU</arg>
<arg>WF</arg>
<arg>WS</arg>
<arg>XK</arg>
<arg>YE</arg>
<arg>YT</arg>
<arg>ZA</arg>
<arg>ZM</arg>
<arg>ZW</arg>
<doc>Returns a list containing given items.</doc>
<status status="PASS" start="2024-03-20T20:14:40.653762" elapsed="0.000624"/>
</kw>
<kw name="List Should Contain Value" owner="Collections">
<msg time="2024-03-20T20:14:40.655546" level="INFO">False</msg>
<arg>${list_country}</arg>
<arg>${name_country}</arg>
<doc>Fails if the ``value`` is not found from ``list``.</doc>
<status status="PASS" start="2024-03-20T20:14:40.655344" elapsed="0.000244"/>
</kw>
<kw name="Run Keyword If" owner="BuiltIn">
<kw name="Should Be True" owner="BuiltIn">
<arg>${True}</arg>
<doc>Fails if the given condition is not true.</doc>
<status status="PASS" start="2024-03-20T20:14:40.656618" elapsed="0.000145"/>
</kw>
<arg>${json_data["results"][0]["location"]["coordinates"]["latitude"]} &gt;= -90 and ${json_data["results"][0]["location"]["coordinates"]["latitude"]} &lt;= 90</arg>
<arg>Should Be True</arg>
<arg>${True}</arg>
<doc>Runs the given keyword with the given arguments, if ``condition`` is true.</doc>
<status status="PASS" start="2024-03-20T20:14:40.655890" elapsed="0.001003"/>
</kw>
<kw name="Run Keyword If" owner="BuiltIn">
<kw name="Should Be True" owner="BuiltIn">
<arg>${True}</arg>
<doc>Fails if the given condition is not true.</doc>
<status status="PASS" start="2024-03-20T20:14:40.657778" elapsed="0.000138"/>
</kw>
<arg>${json_data["results"][0]["location"]["coordinates"]["longitude"]} &gt;= -180 and ${json_data["results"][0]["location"]["coordinates"]["longitude"]} &lt;= 180</arg>
<arg>Should Be True</arg>
<arg>${True}</arg>
<doc>Runs the given keyword with the given arguments, if ``condition`` is true.</doc>
<status status="PASS" start="2024-03-20T20:14:40.657071" elapsed="0.000969"/>
</kw>
<status status="PASS" start="2024-03-20T20:14:40.557364" elapsed="0.100807"/>
</kw>
<doc>Testa o conteúdo específico dos campos retornados pela API.</doc>
<tag>testeConteudo</tag>
<status status="PASS" start="2024-03-20T20:14:40.556820" elapsed="0.101503"/>
</test>
<status status="PASS" start="2024-03-20T20:14:39.759416" elapsed="0.900788"/>
</suite>
<status status="PASS" start="2024-03-20T20:14:39.742285" elapsed="0.923187"/>
</suite>
<statistics>
<total>
<stat pass="5" fail="0" skip="0">All Tests</stat>
</total>
<tag>
<stat pass="1" fail="0" skip="0">testeConteudo</stat>
<stat pass="1" fail="0" skip="0">testeEstruturaResposta</stat>
<stat pass="1" fail="0" skip="0">testeRequisicaoBasica</stat>
<stat pass="1" fail="0" skip="0">testeTiposDados</stat>
</tag>
<suite>
<stat pass="5" fail="0" skip="0" id="s1" name="Tests">Tests</stat>
<stat pass="5" fail="0" skip="0" id="s1-s1" name="Random-User-Test">Tests.Random-User-Test</stat>
</suite>
</statistics>
<errors>
</errors>
</robot>
