<?xml version="1.0" encoding="UTF-8"?>
<robot generator="Robot 7.0 (Python 3.12.2 on linux)" generated="2024-04-05T13:15:32.386430" rpa="false" schemaversion="5">
<suite id="s1" name="Tests" source="/home/runner/work/DesafioQAItauRogerioJordao/DesafioQAItauRogerioJordao/RamdonUser/tests">
<suite id="s1-s1" name="Random-User-Test" source="/home/runner/work/DesafioQAItauRogerioJordao/DesafioQAItauRogerioJordao/RamdonUser/tests/random-user-test.robot">
<test id="s1-s1-t1" name="Conectar" line="13">
<kw name="Conectar API" owner="random-user-service">
<kw name="Create Session" owner="RequestsLibrary">
<msg time="2024-04-05T13:15:32.758680" level="INFO">Creating Session using : alias=consultarAPI, url=https://randomuser.me/, headers={},                     cookies={}, auth=None, timeout=None, proxies=None, verify=False,                     debug=0 </msg>
<arg>consultarAPI</arg>
<arg>${URL}</arg>
<doc>Create Session: create a HTTP session to a server</doc>
<status status="PASS" start="2024-04-05T13:15:32.758466" elapsed="0.000407"/>
</kw>
<status status="PASS" start="2024-04-05T13:15:32.757385" elapsed="0.001870"/>
</kw>
<status status="PASS" start="2024-04-05T13:15:32.756801" elapsed="0.002668"/>
</test>
<test id="s1-s1-t2" name="Validar retorno 200 e JSON Válido" line="16">
<kw name="Teste de Requisicao Basica" owner="random-user-service">
<kw name="GET On Session" owner="RequestsLibrary">
<msg time="2024-04-05T13:15:33.000909" level="INFO">GET Request : url=https://randomuser.me/api 
 path_url=/api 
 headers={'User-Agent': 'python-requests/2.31.0', 'Accept-Encoding': 'gzip, deflate', 'Accept': '*/*', 'Connection': 'keep-alive'} 
 body=None 
 </msg>
<msg time="2024-04-05T13:15:33.001058" level="INFO">GET Response : url=https://randomuser.me/api 
 status=200, reason=OK 
 headers={'Date': 'Fri, 05 Apr 2024 13:15:32 GMT', 'Content-Type': 'application/json; charset=utf-8', 'Transfer-Encoding': 'chunked', 'Connection': 'keep-alive', 'X-Powered-By': 'Express', 'Access-Control-Allow-Origin': '*', 'Cache-Control': 'no-cache', 'ETag': 'W/"491-wtZl1v3U4fSQGwarTjma+mka1r0"', 'Vary': 'Accept-Encoding', 'Content-Encoding': 'gzip', 'CF-Cache-Status': 'DYNAMIC', 'Report-To': '{"endpoints":[{"url":"https:\\/\\/a.nel.cloudflare.com\\/report\\/v4?s=JSi2i%2BbBdTSnMxvO2M0GScTxzWThYkuBJA0MQJNkiW7sgKjgbqJpD5Tmw3Trmi98UMg%2BnZxWo%2F%2Ff5trbFcnTkhNJ262GXMqEOk0ntm%2B8ZBUZ4R6yFbJK5241CpOKTSUH"}],"group":"cf-nel","max_age":604800}', 'NEL': '{"success_fraction":0,"report_to":"cf-nel","max_age":604800}', 'Server': 'cloudflare', 'CF-RAY': '86f9cebae8f289e7-ORD', 'alt-svc': 'h3=":443"; ma=86400'} 
 body={"results":[{"gender":"female","name":{"title":"Mrs","first":"Keerthi","last":"Ramesh"},"location":{"street":{"number":3968,"name":"Racecource Rd"},"city":"Jammu","state":"Meghalaya","country":"India","postcode":78088,"coordinates":{"latitude":"7.8279","longitude":"98.1396"},"timezone":{"offset":"+9:00","description":"Tokyo, Seoul, Osaka, Sapporo, Yakutsk"}},"email":"keerthi.ramesh@example.com","login":{"uuid":"4b6d6a6a-c1d5-4325-8151-904cb0cf2f86","username":"bigmeercat120","password":"finish","salt":"e2wmlwUg","md5":"8a1c0fc6e4e6fcb738733c890dfa61c6","sha1":"39bba1b8f7bd0287bf0155a853ed5347c37f20ad","sha256":"9344550eabd8913e782422a0a6f1de806562afa8c97afae1fdc7cf99ec14a81b"},"dob":{"date":"1961-10-01T10:57:29.180Z","age":62},"registered":{"date":"2018-03-07T02:21:17.667Z","age":6},"phone":"7891954371","cell":"9084722558","id":{"name":"UIDAI","value":"444533875908"},"picture":{"large":"https://randomuser.me/api/portraits/women/68.jpg","medium":"https://randomuser.me/api/portraits/med/women/68.jpg","thumbnail":"https://randomuser.me/api/portraits/thumb/women/68.jpg"},"nat":"IN"}],"info":{"seed":"e792aa08c8b53f8a","results":1,"page":1,"version":"1.4"}} 
 </msg>
<msg time="2024-04-05T13:15:33.001163" level="INFO">/opt/hostedtoolcache/Python/3.12.2/x64/lib/python3.12/site-packages/urllib3/connectionpool.py:1103: InsecureRequestWarning: Unverified HTTPS request is being made to host 'randomuser.me'. Adding certificate verification is strongly advised. See: https://urllib3.readthedocs.io/en/latest/advanced-usage.html#tls-warnings
  warnings.warn(</msg>
<msg time="2024-04-05T13:15:33.001319" level="INFO">${response} = &lt;Response [200]&gt;</msg>
<var>${response}</var>
<arg>consultarAPI</arg>
<arg>/api</arg>
<doc>Sends a GET request on a previously created HTTP Session.</doc>
<status status="PASS" start="2024-04-05T13:15:32.762103" elapsed="0.239259"/>
</kw>
<kw name="Should Be Equal As Numbers" owner="BuiltIn">
<msg time="2024-04-05T13:15:33.002536" level="INFO">Argument types are:
&lt;class 'int'&gt;
&lt;class 'str'&gt;</msg>
<arg>${response.status_code}</arg>
<arg>200</arg>
<doc>Fails if objects are unequal after converting them to real numbers.</doc>
<status status="PASS" start="2024-04-05T13:15:33.002026" elapsed="0.000578"/>
</kw>
<kw name="Log" owner="BuiltIn">
<msg time="2024-04-05T13:15:33.003300" level="INFO">200</msg>
<arg>${response.status_code}</arg>
<doc>Logs the given message with the given level.</doc>
<status status="PASS" start="2024-04-05T13:15:33.002931" elapsed="0.000412"/>
</kw>
<kw name="Set Variable" owner="BuiltIn">
<msg time="2024-04-05T13:15:33.004137" level="INFO">${json_data} = {'results': [{'gender': 'female', 'name': {'title': 'Mrs', 'first': 'Keerthi', 'last': 'Ramesh'}, 'location': {'street': {'number': 3968, 'name': 'Racecource Rd'}, 'city': 'Jammu', 'state': 'Meghalaya...</msg>
<var>${json_data}</var>
<arg>${response.json()}</arg>
<doc>Returns the given values which can then be assigned to a variables.</doc>
<status status="PASS" start="2024-04-05T13:15:33.003656" elapsed="0.000510"/>
</kw>
<kw name="Dictionary Should Contain Key" owner="Collections">
<msg time="2024-04-05T13:15:33.004647" level="INFO">False</msg>
<arg>${json_data}</arg>
<arg>results</arg>
<doc>Fails if ``key`` is not found from ``dictionary``.</doc>
<status status="PASS" start="2024-04-05T13:15:33.004474" elapsed="0.000214"/>
</kw>
<status status="PASS" start="2024-04-05T13:15:32.761846" elapsed="0.243106"/>
</kw>
<doc>Testa se a API responde corretamente e retorna um objeto JSON válido.</doc>
<tag>testeRequisicaoBasica</tag>
<status status="PASS" start="2024-04-05T13:15:32.761331" elapsed="0.243814"/>
</test>
<test id="s1-s1-t3" name="Validar estrutura de resposta" line="22">
<kw name="Teste de Estrutura de Resposta" owner="random-user-service">
<kw name="GET On Session" owner="RequestsLibrary">
<msg time="2024-04-05T13:15:33.090954" level="INFO">GET Request : url=https://randomuser.me/api 
 path_url=/api 
 headers={'User-Agent': 'python-requests/2.31.0', 'Accept-Encoding': 'gzip, deflate', 'Accept': '*/*', 'Connection': 'keep-alive'} 
 body=None 
 </msg>
<msg time="2024-04-05T13:15:33.091043" level="INFO">GET Response : url=https://randomuser.me/api 
 status=200, reason=OK 
 headers={'Date': 'Fri, 05 Apr 2024 13:15:33 GMT', 'Content-Type': 'application/json; charset=utf-8', 'Transfer-Encoding': 'chunked', 'Connection': 'keep-alive', 'X-Powered-By': 'Express', 'Access-Control-Allow-Origin': '*', 'Cache-Control': 'no-cache', 'ETag': 'W/"4aa-kd3kT9pWOPRlHxXyfWF4IzWGV60"', 'Vary': 'Accept-Encoding', 'Content-Encoding': 'gzip', 'CF-Cache-Status': 'DYNAMIC', 'Report-To': '{"endpoints":[{"url":"https:\\/\\/a.nel.cloudflare.com\\/report\\/v4?s=1O6T7fQKiQnLzL990mJVhRfffD1QWDFjg6AFDPBhiDtPzpOZm0W0305d6vLk9HKYiy0rN4NqXj5yEJiUFShwNqnXz2oqHvlM4d20eNjT6E7By7sCXdZSfWD4DGwyFBPf"}],"group":"cf-nel","max_age":604800}', 'NEL': '{"success_fraction":0,"report_to":"cf-nel","max_age":604800}', 'Server': 'cloudflare', 'CF-RAY': '86f9cebb495689e7-ORD', 'alt-svc': 'h3=":443"; ma=86400'} 
 body={"results":[{"gender":"male","name":{"title":"Mr","first":"Erik","last":"Freeman"},"location":{"street":{"number":9158,"name":"Pockrus Page Rd"},"city":"Mackay","state":"Australian Capital Territory","country":"Australia","postcode":5970,"coordinates":{"latitude":"-87.4082","longitude":"-154.3924"},"timezone":{"offset":"+3:00","description":"Baghdad, Riyadh, Moscow, St. Petersburg"}},"email":"erik.freeman@example.com","login":{"uuid":"549ea814-ea02-433c-9294-3e7f677963c3","username":"organicelephant284","password":"brittney","salt":"5OajnoWe","md5":"646fe0f67d034e6200e6b444f31e81f2","sha1":"308096d5f978891c2ed79f023d302c547910caf2","sha256":"8af37421e979271e27eee879fdeaee26541d8e180920ec8b65b7e6d4596dc874"},"dob":{"date":"1996-06-27T12:17:24.781Z","age":27},"registered":{"date":"2012-03-04T00:46:15.480Z","age":12},"phone":"04-4463-2727","cell":"0423-077-020","id":{"name":"TFN","value":"493802499"},"picture":{"large":"https://randomuser.me/api/portraits/men/99.jpg","medium":"https://randomuser.me/api/portraits/med/men/99.jpg","thumbnail":"https://randomuser.me/api/portraits/thumb/men/99.jpg"},"nat":"AU"}],"info":{"seed":"2089bb385f14d9f4","results":1,"page":1,"version":"1.4"}} 
 </msg>
<msg time="2024-04-05T13:15:33.091183" level="INFO">/opt/hostedtoolcache/Python/3.12.2/x64/lib/python3.12/site-packages/urllib3/connectionpool.py:1103: InsecureRequestWarning: Unverified HTTPS request is being made to host 'randomuser.me'. Adding certificate verification is strongly advised. See: https://urllib3.readthedocs.io/en/latest/advanced-usage.html#tls-warnings
  warnings.warn(</msg>
<msg time="2024-04-05T13:15:33.091306" level="INFO">${response} = &lt;Response [200]&gt;</msg>
<var>${response}</var>
<arg>consultarAPI</arg>
<arg>/api</arg>
<doc>Sends a GET request on a previously created HTTP Session.</doc>
<status status="PASS" start="2024-04-05T13:15:33.008045" elapsed="0.083303"/>
</kw>
<kw name="Set Variable" owner="BuiltIn">
<msg time="2024-04-05T13:15:33.092560" level="INFO">${json_data} = {'results': [{'gender': 'male', 'name': {'title': 'Mr', 'first': 'Erik', 'last': 'Freeman'}, 'location': {'street': {'number': 9158, 'name': 'Pockrus Page Rd'}, 'city': 'Mackay', 'state': 'Australian ...</msg>
<var>${json_data}</var>
<arg>${response.json()}</arg>
<doc>Returns the given values which can then be assigned to a variables.</doc>
<status status="PASS" start="2024-04-05T13:15:33.091982" elapsed="0.000607"/>
</kw>
<kw name="Log" owner="BuiltIn">
<msg time="2024-04-05T13:15:33.093068" level="INFO">{'results': [{'gender': 'male', 'name': {'title': 'Mr', 'first': 'Erik', 'last': 'Freeman'}, 'location': {'street': {'number': 9158, 'name': 'Pockrus Page Rd'}, 'city': 'Mackay', 'state': 'Australian Capital Territory', 'country': 'Australia', 'postcode': 5970, 'coordinates': {'latitude': '-87.4082', 'longitude': '-154.3924'}, 'timezone': {'offset': '+3:00', 'description': 'Baghdad, Riyadh, Moscow, St. Petersburg'}}, 'email': 'erik.freeman@example.com', 'login': {'uuid': '549ea814-ea02-433c-9294-3e7f677963c3', 'username': 'organicelephant284', 'password': 'brittney', 'salt': '5OajnoWe', 'md5': '646fe0f67d034e6200e6b444f31e81f2', 'sha1': '308096d5f978891c2ed79f023d302c547910caf2', 'sha256': '8af37421e979271e27eee879fdeaee26541d8e180920ec8b65b7e6d4596dc874'}, 'dob': {'date': '1996-06-27T12:17:24.781Z', 'age': 27}, 'registered': {'date': '2012-03-04T00:46:15.480Z', 'age': 12}, 'phone': '04-4463-2727', 'cell': '0423-077-020', 'id': {'name': 'TFN', 'value': '493802499'}, 'picture': {'large': 'https://randomuser.me/api/portraits/men/99.jpg', 'medium': 'https://randomuser.me/api/portraits/med/men/99.jpg', 'thumbnail': 'https://randomuser.me/api/portraits/thumb/men/99.jpg'}, 'nat': 'AU'}], 'info': {'seed': '2089bb385f14d9f4', 'results': 1, 'page': 1, 'version': '1.4'}}</msg>
<arg>${json_data}</arg>
<doc>Logs the given message with the given level.</doc>
<status status="PASS" start="2024-04-05T13:15:33.092905" elapsed="0.000211"/>
</kw>
<kw name="Dictionary Should Contain Key" owner="Collections">
<msg time="2024-04-05T13:15:33.093586" level="INFO">False</msg>
<arg>${json_data}</arg>
<arg>results</arg>
<doc>Fails if ``key`` is not found from ``dictionary``.</doc>
<status status="PASS" start="2024-04-05T13:15:33.093426" elapsed="0.000197"/>
</kw>
<kw name="Should Not Be Empty" owner="BuiltIn">
<msg time="2024-04-05T13:15:33.094050" level="INFO">Length is 2.</msg>
<arg>${json_data}</arg>
<doc>Verifies that the given item is not empty.</doc>
<status status="PASS" start="2024-04-05T13:15:33.093917" elapsed="0.000172"/>
</kw>
<kw name="Create List" owner="BuiltIn">
<msg time="2024-04-05T13:15:33.094533" level="INFO">${expected_keys} = ['gender', 'name', 'location', 'email', 'login']</msg>
<var>${expected_keys}</var>
<arg>gender</arg>
<arg>name</arg>
<arg>location</arg>
<arg>email</arg>
<arg>login</arg>
<doc>Returns a list containing given items.</doc>
<status status="PASS" start="2024-04-05T13:15:33.094382" elapsed="0.000175"/>
</kw>
<for flavor="IN">
<iter>
<kw name="Dictionary Should Contain Key" owner="Collections">
<msg time="2024-04-05T13:15:33.095576" level="INFO">False</msg>
<arg>${json_data['results'][0]}</arg>
<arg>${key}</arg>
<doc>Fails if ``key`` is not found from ``dictionary``.</doc>
<status status="PASS" start="2024-04-05T13:15:33.095164" elapsed="0.000451"/>
</kw>
<kw name="Log" owner="BuiltIn">
<msg time="2024-04-05T13:15:33.096321" level="INFO">{'gender': 'male', 'name': {'title': 'Mr', 'first': 'Erik', 'last': 'Freeman'}, 'location': {'street': {'number': 9158, 'name': 'Pockrus Page Rd'}, 'city': 'Mackay', 'state': 'Australian Capital Territory', 'country': 'Australia', 'postcode': 5970, 'coordinates': {'latitude': '-87.4082', 'longitude': '-154.3924'}, 'timezone': {'offset': '+3:00', 'description': 'Baghdad, Riyadh, Moscow, St. Petersburg'}}, 'email': 'erik.freeman@example.com', 'login': {'uuid': '549ea814-ea02-433c-9294-3e7f677963c3', 'username': 'organicelephant284', 'password': 'brittney', 'salt': '5OajnoWe', 'md5': '646fe0f67d034e6200e6b444f31e81f2', 'sha1': '308096d5f978891c2ed79f023d302c547910caf2', 'sha256': '8af37421e979271e27eee879fdeaee26541d8e180920ec8b65b7e6d4596dc874'}, 'dob': {'date': '1996-06-27T12:17:24.781Z', 'age': 27}, 'registered': {'date': '2012-03-04T00:46:15.480Z', 'age': 12}, 'phone': '04-4463-2727', 'cell': '0423-077-020', 'id': {'name': 'TFN', 'value': '493802499'}, 'picture': {'large': 'https://randomuser.me/api/portraits/men/99.jpg', 'medium': 'https://randomuser.me/api/portraits/med/men/99.jpg', 'thumbnail': 'https://randomuser.me/api/portraits/thumb/men/99.jpg'}, 'nat': 'AU'}</msg>
<arg>${json_data['results'][0]}</arg>
<doc>Logs the given message with the given level.</doc>
<status status="PASS" start="2024-04-05T13:15:33.095948" elapsed="0.000428"/>
</kw>
<kw name="Log" owner="BuiltIn">
<msg time="2024-04-05T13:15:33.096813" level="INFO">gender</msg>
<arg>${key}</arg>
<doc>Logs the given message with the given level.</doc>
<status status="PASS" start="2024-04-05T13:15:33.096681" elapsed="0.000171"/>
</kw>
<var name="${key}">gender</var>
<status status="PASS" start="2024-04-05T13:15:33.095019" elapsed="0.002057"/>
</iter>
<iter>
<kw name="Dictionary Should Contain Key" owner="Collections">
<msg time="2024-04-05T13:15:33.097770" level="INFO">False</msg>
<arg>${json_data['results'][0]}</arg>
<arg>${key}</arg>
<doc>Fails if ``key`` is not found from ``dictionary``.</doc>
<status status="PASS" start="2024-04-05T13:15:33.097380" elapsed="0.000427"/>
</kw>
<kw name="Log" owner="BuiltIn">
<msg time="2024-04-05T13:15:33.098497" level="INFO">{'gender': 'male', 'name': {'title': 'Mr', 'first': 'Erik', 'last': 'Freeman'}, 'location': {'street': {'number': 9158, 'name': 'Pockrus Page Rd'}, 'city': 'Mackay', 'state': 'Australian Capital Territory', 'country': 'Australia', 'postcode': 5970, 'coordinates': {'latitude': '-87.4082', 'longitude': '-154.3924'}, 'timezone': {'offset': '+3:00', 'description': 'Baghdad, Riyadh, Moscow, St. Petersburg'}}, 'email': 'erik.freeman@example.com', 'login': {'uuid': '549ea814-ea02-433c-9294-3e7f677963c3', 'username': 'organicelephant284', 'password': 'brittney', 'salt': '5OajnoWe', 'md5': '646fe0f67d034e6200e6b444f31e81f2', 'sha1': '308096d5f978891c2ed79f023d302c547910caf2', 'sha256': '8af37421e979271e27eee879fdeaee26541d8e180920ec8b65b7e6d4596dc874'}, 'dob': {'date': '1996-06-27T12:17:24.781Z', 'age': 27}, 'registered': {'date': '2012-03-04T00:46:15.480Z', 'age': 12}, 'phone': '04-4463-2727', 'cell': '0423-077-020', 'id': {'name': 'TFN', 'value': '493802499'}, 'picture': {'large': 'https://randomuser.me/api/portraits/men/99.jpg', 'medium': 'https://randomuser.me/api/portraits/med/men/99.jpg', 'thumbnail': 'https://randomuser.me/api/portraits/thumb/men/99.jpg'}, 'nat': 'AU'}</msg>
<arg>${json_data['results'][0]}</arg>
<doc>Logs the given message with the given level.</doc>
<status status="PASS" start="2024-04-05T13:15:33.098137" elapsed="0.000408"/>
</kw>
<kw name="Log" owner="BuiltIn">
<msg time="2024-04-05T13:15:33.098968" level="INFO">name</msg>
<arg>${key}</arg>
<doc>Logs the given message with the given level.</doc>
<status status="PASS" start="2024-04-05T13:15:33.098841" elapsed="0.000165"/>
</kw>
<var name="${key}">name</var>
<status status="PASS" start="2024-04-05T13:15:33.097263" elapsed="0.001958"/>
</iter>
<iter>
<kw name="Dictionary Should Contain Key" owner="Collections">
<msg time="2024-04-05T13:15:33.099912" level="INFO">False</msg>
<arg>${json_data['results'][0]}</arg>
<arg>${key}</arg>
<doc>Fails if ``key`` is not found from ``dictionary``.</doc>
<status status="PASS" start="2024-04-05T13:15:33.099511" elapsed="0.000439"/>
</kw>
<kw name="Log" owner="BuiltIn">
<msg time="2024-04-05T13:15:33.100684" level="INFO">{'gender': 'male', 'name': {'title': 'Mr', 'first': 'Erik', 'last': 'Freeman'}, 'location': {'street': {'number': 9158, 'name': 'Pockrus Page Rd'}, 'city': 'Mackay', 'state': 'Australian Capital Territory', 'country': 'Australia', 'postcode': 5970, 'coordinates': {'latitude': '-87.4082', 'longitude': '-154.3924'}, 'timezone': {'offset': '+3:00', 'description': 'Baghdad, Riyadh, Moscow, St. Petersburg'}}, 'email': 'erik.freeman@example.com', 'login': {'uuid': '549ea814-ea02-433c-9294-3e7f677963c3', 'username': 'organicelephant284', 'password': 'brittney', 'salt': '5OajnoWe', 'md5': '646fe0f67d034e6200e6b444f31e81f2', 'sha1': '308096d5f978891c2ed79f023d302c547910caf2', 'sha256': '8af37421e979271e27eee879fdeaee26541d8e180920ec8b65b7e6d4596dc874'}, 'dob': {'date': '1996-06-27T12:17:24.781Z', 'age': 27}, 'registered': {'date': '2012-03-04T00:46:15.480Z', 'age': 12}, 'phone': '04-4463-2727', 'cell': '0423-077-020', 'id': {'name': 'TFN', 'value': '493802499'}, 'picture': {'large': 'https://randomuser.me/api/portraits/men/99.jpg', 'medium': 'https://randomuser.me/api/portraits/med/men/99.jpg', 'thumbnail': 'https://randomuser.me/api/portraits/thumb/men/99.jpg'}, 'nat': 'AU'}</msg>
<arg>${json_data['results'][0]}</arg>
<doc>Logs the given message with the given level.</doc>
<status status="PASS" start="2024-04-05T13:15:33.100297" elapsed="0.000441"/>
</kw>
<kw name="Log" owner="BuiltIn">
<msg time="2024-04-05T13:15:33.101163" level="INFO">location</msg>
<arg>${key}</arg>
<doc>Logs the given message with the given level.</doc>
<status status="PASS" start="2024-04-05T13:15:33.101036" elapsed="0.000166"/>
</kw>
<var name="${key}">location</var>
<status status="PASS" start="2024-04-05T13:15:33.099399" elapsed="0.002019"/>
</iter>
<iter>
<kw name="Dictionary Should Contain Key" owner="Collections">
<msg time="2024-04-05T13:15:33.102085" level="INFO">False</msg>
<arg>${json_data['results'][0]}</arg>
<arg>${key}</arg>
<doc>Fails if ``key`` is not found from ``dictionary``.</doc>
<status status="PASS" start="2024-04-05T13:15:33.101706" elapsed="0.000416"/>
</kw>
<kw name="Log" owner="BuiltIn">
<msg time="2024-04-05T13:15:33.102787" level="INFO">{'gender': 'male', 'name': {'title': 'Mr', 'first': 'Erik', 'last': 'Freeman'}, 'location': {'street': {'number': 9158, 'name': 'Pockrus Page Rd'}, 'city': 'Mackay', 'state': 'Australian Capital Territory', 'country': 'Australia', 'postcode': 5970, 'coordinates': {'latitude': '-87.4082', 'longitude': '-154.3924'}, 'timezone': {'offset': '+3:00', 'description': 'Baghdad, Riyadh, Moscow, St. Petersburg'}}, 'email': 'erik.freeman@example.com', 'login': {'uuid': '549ea814-ea02-433c-9294-3e7f677963c3', 'username': 'organicelephant284', 'password': 'brittney', 'salt': '5OajnoWe', 'md5': '646fe0f67d034e6200e6b444f31e81f2', 'sha1': '308096d5f978891c2ed79f023d302c547910caf2', 'sha256': '8af37421e979271e27eee879fdeaee26541d8e180920ec8b65b7e6d4596dc874'}, 'dob': {'date': '1996-06-27T12:17:24.781Z', 'age': 27}, 'registered': {'date': '2012-03-04T00:46:15.480Z', 'age': 12}, 'phone': '04-4463-2727', 'cell': '0423-077-020', 'id': {'name': 'TFN', 'value': '493802499'}, 'picture': {'large': 'https://randomuser.me/api/portraits/men/99.jpg', 'medium': 'https://randomuser.me/api/portraits/med/men/99.jpg', 'thumbnail': 'https://randomuser.me/api/portraits/thumb/men/99.jpg'}, 'nat': 'AU'}</msg>
<arg>${json_data['results'][0]}</arg>
<doc>Logs the given message with the given level.</doc>
<status status="PASS" start="2024-04-05T13:15:33.102421" elapsed="0.000415"/>
</kw>
<kw name="Log" owner="BuiltIn">
<msg time="2024-04-05T13:15:33.103268" level="INFO">email</msg>
<arg>${key}</arg>
<doc>Logs the given message with the given level.</doc>
<status status="PASS" start="2024-04-05T13:15:33.103130" elapsed="0.000177"/>
</kw>
<var name="${key}">email</var>
<status status="PASS" start="2024-04-05T13:15:33.101593" elapsed="0.001930"/>
</iter>
<iter>
<kw name="Dictionary Should Contain Key" owner="Collections">
<msg time="2024-04-05T13:15:33.104231" level="INFO">False</msg>
<arg>${json_data['results'][0]}</arg>
<arg>${key}</arg>
<doc>Fails if ``key`` is not found from ``dictionary``.</doc>
<status status="PASS" start="2024-04-05T13:15:33.103841" elapsed="0.000429"/>
</kw>
<kw name="Log" owner="BuiltIn">
<msg time="2024-04-05T13:15:33.104929" level="INFO">{'gender': 'male', 'name': {'title': 'Mr', 'first': 'Erik', 'last': 'Freeman'}, 'location': {'street': {'number': 9158, 'name': 'Pockrus Page Rd'}, 'city': 'Mackay', 'state': 'Australian Capital Territory', 'country': 'Australia', 'postcode': 5970, 'coordinates': {'latitude': '-87.4082', 'longitude': '-154.3924'}, 'timezone': {'offset': '+3:00', 'description': 'Baghdad, Riyadh, Moscow, St. Petersburg'}}, 'email': 'erik.freeman@example.com', 'login': {'uuid': '549ea814-ea02-433c-9294-3e7f677963c3', 'username': 'organicelephant284', 'password': 'brittney', 'salt': '5OajnoWe', 'md5': '646fe0f67d034e6200e6b444f31e81f2', 'sha1': '308096d5f978891c2ed79f023d302c547910caf2', 'sha256': '8af37421e979271e27eee879fdeaee26541d8e180920ec8b65b7e6d4596dc874'}, 'dob': {'date': '1996-06-27T12:17:24.781Z', 'age': 27}, 'registered': {'date': '2012-03-04T00:46:15.480Z', 'age': 12}, 'phone': '04-4463-2727', 'cell': '0423-077-020', 'id': {'name': 'TFN', 'value': '493802499'}, 'picture': {'large': 'https://randomuser.me/api/portraits/men/99.jpg', 'medium': 'https://randomuser.me/api/portraits/med/men/99.jpg', 'thumbnail': 'https://randomuser.me/api/portraits/thumb/men/99.jpg'}, 'nat': 'AU'}</msg>
<arg>${json_data['results'][0]}</arg>
<doc>Logs the given message with the given level.</doc>
<status status="PASS" start="2024-04-05T13:15:33.104565" elapsed="0.000412"/>
</kw>
<kw name="Log" owner="BuiltIn">
<msg time="2024-04-05T13:15:33.105400" level="INFO">login</msg>
<arg>${key}</arg>
<doc>Logs the given message with the given level.</doc>
<status status="PASS" start="2024-04-05T13:15:33.105271" elapsed="0.000311"/>
</kw>
<var name="${key}">login</var>
<status status="PASS" start="2024-04-05T13:15:33.103699" elapsed="0.002116"/>
</iter>
<var>${key}</var>
<value>@{expected_keys}</value>
<status status="PASS" start="2024-04-05T13:15:33.094821" elapsed="0.011118"/>
</for>
<kw name="Create List" owner="BuiltIn">
<msg time="2024-04-05T13:15:33.106275" level="INFO">${expected_keysTwo} = ['username', 'password']</msg>
<var>${expected_keysTwo}</var>
<arg>username</arg>
<arg>password</arg>
<doc>Returns a list containing given items.</doc>
<status status="PASS" start="2024-04-05T13:15:33.106135" elapsed="0.000164"/>
</kw>
<for flavor="IN">
<iter>
<kw name="Dictionary Should Contain Key" owner="Collections">
<msg time="2024-04-05T13:15:33.107240" level="INFO">False</msg>
<arg>${json_data['results'][0]['login']}</arg>
<arg>${keyTwo}</arg>
<doc>Fails if ``key`` is not found from ``dictionary``.</doc>
<status status="PASS" start="2024-04-05T13:15:33.106810" elapsed="0.000469"/>
</kw>
<kw name="Dictionary Should Contain Key" owner="Collections">
<msg time="2024-04-05T13:15:33.108015" level="INFO">False</msg>
<arg>${json_data['results'][0]['login']}</arg>
<arg>${keyTwo}</arg>
<doc>Fails if ``key`` is not found from ``dictionary``.</doc>
<status status="PASS" start="2024-04-05T13:15:33.107606" elapsed="0.000448"/>
</kw>
<kw name="Log" owner="BuiltIn">
<msg time="2024-04-05T13:15:33.108485" level="INFO">username</msg>
<arg>${keyTwo}</arg>
<doc>Logs the given message with the given level.</doc>
<status status="PASS" start="2024-04-05T13:15:33.108354" elapsed="0.000170"/>
</kw>
<var name="${keyTwo}">username</var>
<status status="PASS" start="2024-04-05T13:15:33.106696" elapsed="0.002045"/>
</iter>
<iter>
<kw name="Dictionary Should Contain Key" owner="Collections">
<msg time="2024-04-05T13:15:33.109471" level="INFO">False</msg>
<arg>${json_data['results'][0]['login']}</arg>
<arg>${keyTwo}</arg>
<doc>Fails if ``key`` is not found from ``dictionary``.</doc>
<status status="PASS" start="2024-04-05T13:15:33.109036" elapsed="0.000476"/>
</kw>
<kw name="Dictionary Should Contain Key" owner="Collections">
<msg time="2024-04-05T13:15:33.110190" level="INFO">False</msg>
<arg>${json_data['results'][0]['login']}</arg>
<arg>${keyTwo}</arg>
<doc>Fails if ``key`` is not found from ``dictionary``.</doc>
<status status="PASS" start="2024-04-05T13:15:33.109809" elapsed="0.000419"/>
</kw>
<kw name="Log" owner="BuiltIn">
<msg time="2024-04-05T13:15:33.110649" level="INFO">password</msg>
<arg>${keyTwo}</arg>
<doc>Logs the given message with the given level.</doc>
<status status="PASS" start="2024-04-05T13:15:33.110521" elapsed="0.000167"/>
</kw>
<var name="${keyTwo}">password</var>
<status status="PASS" start="2024-04-05T13:15:33.108914" elapsed="0.002010"/>
</iter>
<var>${keyTwo}</var>
<value>@{expected_keysTwo}</value>
<status status="PASS" start="2024-04-05T13:15:33.106541" elapsed="0.004508"/>
</for>
<status status="PASS" start="2024-04-05T13:15:33.007802" elapsed="0.103393"/>
</kw>
<doc>Testa a estrutura da resposta da API.</doc>
<tag>testeEstruturaResposta</tag>
<status status="PASS" start="2024-04-05T13:15:33.006986" elapsed="0.104376"/>
</test>
<test id="s1-s1-t4" name="Validar tipos de dados" line="28">
<kw name="Teste de Tipos de Dados" owner="random-user-service">
<kw name="GET On Session" owner="RequestsLibrary">
<msg time="2024-04-05T13:15:33.196357" level="INFO">GET Request : url=https://randomuser.me/api 
 path_url=/api 
 headers={'User-Agent': 'python-requests/2.31.0', 'Accept-Encoding': 'gzip, deflate', 'Accept': '*/*', 'Connection': 'keep-alive'} 
 body=None 
 </msg>
<msg time="2024-04-05T13:15:33.196435" level="INFO">GET Response : url=https://randomuser.me/api 
 status=200, reason=OK 
 headers={'Date': 'Fri, 05 Apr 2024 13:15:33 GMT', 'Content-Type': 'application/json; charset=utf-8', 'Transfer-Encoding': 'chunked', 'Connection': 'keep-alive', 'X-Powered-By': 'Express', 'Access-Control-Allow-Origin': '*', 'Cache-Control': 'no-cache', 'ETag': 'W/"48a-x2ricxvJMPFcvpW4PGmuRXM+lRw"', 'Vary': 'Accept-Encoding', 'Content-Encoding': 'gzip', 'CF-Cache-Status': 'DYNAMIC', 'Report-To': '{"endpoints":[{"url":"https:\\/\\/a.nel.cloudflare.com\\/report\\/v4?s=eQNSnPfp9CATbnsNUSPwQirTyRztuVHp6HxZPwCXkwYHMEFBtnxMIvYMH%2Fz6Hc0xuSSwdC%2Bo6u%2BRZRIQG7zE7u0oUNEvgKPYYlnwAQaAL3y1taCrB9u8XLlWdyf1hmkI"}],"group":"cf-nel","max_age":604800}', 'NEL': '{"success_fraction":0,"report_to":"cf-nel","max_age":604800}', 'Server': 'cloudflare', 'CF-RAY': '86f9cebbf9ff89e7-ORD', 'alt-svc': 'h3=":443"; ma=86400'} 
 body={"results":[{"gender":"male","name":{"title":"Mr","first":"José Luis","last":"Centeno"},"location":{"street":{"number":2636,"name":"Boulevard Lesotho"},"city":"Rumorosa","state":"San Luis Potosí","country":"Mexico","postcode":89158,"coordinates":{"latitude":"24.7600","longitude":"-77.5162"},"timezone":{"offset":"-10:00","description":"Hawaii"}},"email":"joseluis.centeno@example.com","login":{"uuid":"83142abe-64fd-4531-a040-31350b828bbb","username":"crazybear304","password":"789789","salt":"ys7ZwleP","md5":"0685a4f681ea50e4db719090a8679463","sha1":"e76728bcc59b27e1210624bc3239f4f401ae828d","sha256":"5fe6fe1e98d29c5ed0be7111a6c0e8923039869cf83cf814b722d7bbecf938c6"},"dob":{"date":"1951-06-22T15:42:49.315Z","age":72},"registered":{"date":"2006-02-04T20:06:31.504Z","age":18},"phone":"(607) 515 7771","cell":"(636) 518 4659","id":{"name":"NSS","value":"78 10 58 5464 4"},"picture":{"large":"https://randomuser.me/api/portraits/men/37.jpg","medium":"https://randomuser.me/api/portraits/med/men/37.jpg","thumbnail":"https://randomuser.me/api/portraits/thumb/men/37.jpg"},"nat":"MX"}],"info":{"seed":"952a6a1443aaf87f","results":1,"page":1,"version":"1.4"}} 
 </msg>
<msg time="2024-04-05T13:15:33.196504" level="INFO">/opt/hostedtoolcache/Python/3.12.2/x64/lib/python3.12/site-packages/urllib3/connectionpool.py:1103: InsecureRequestWarning: Unverified HTTPS request is being made to host 'randomuser.me'. Adding certificate verification is strongly advised. See: https://urllib3.readthedocs.io/en/latest/advanced-usage.html#tls-warnings
  warnings.warn(</msg>
<msg time="2024-04-05T13:15:33.196610" level="INFO">${response} = &lt;Response [200]&gt;</msg>
<var>${response}</var>
<arg>consultarAPI</arg>
<arg>/api</arg>
<doc>Sends a GET request on a previously created HTTP Session.</doc>
<status status="PASS" start="2024-04-05T13:15:33.113979" elapsed="0.082680"/>
</kw>
<kw name="Set Variable" owner="BuiltIn">
<msg time="2024-04-05T13:15:33.197769" level="INFO">${json_data} = {'results': [{'gender': 'male', 'name': {'title': 'Mr', 'first': 'José Luis', 'last': 'Centeno'}, 'location': {'street': {'number': 2636, 'name': 'Boulevard Lesotho'}, 'city': 'Rumorosa', 'state': 'Sa...</msg>
<var>${json_data}</var>
<arg>${response.json()}</arg>
<doc>Returns the given values which can then be assigned to a variables.</doc>
<status status="PASS" start="2024-04-05T13:15:33.197179" elapsed="0.000620"/>
</kw>
<kw name="Log" owner="BuiltIn">
<msg time="2024-04-05T13:15:33.198279" level="INFO">{'results': [{'gender': 'male', 'name': {'title': 'Mr', 'first': 'José Luis', 'last': 'Centeno'}, 'location': {'street': {'number': 2636, 'name': 'Boulevard Lesotho'}, 'city': 'Rumorosa', 'state': 'San Luis Potosí', 'country': 'Mexico', 'postcode': 89158, 'coordinates': {'latitude': '24.7600', 'longitude': '-77.5162'}, 'timezone': {'offset': '-10:00', 'description': 'Hawaii'}}, 'email': 'joseluis.centeno@example.com', 'login': {'uuid': '83142abe-64fd-4531-a040-31350b828bbb', 'username': 'crazybear304', 'password': '789789', 'salt': 'ys7ZwleP', 'md5': '0685a4f681ea50e4db719090a8679463', 'sha1': 'e76728bcc59b27e1210624bc3239f4f401ae828d', 'sha256': '5fe6fe1e98d29c5ed0be7111a6c0e8923039869cf83cf814b722d7bbecf938c6'}, 'dob': {'date': '1951-06-22T15:42:49.315Z', 'age': 72}, 'registered': {'date': '2006-02-04T20:06:31.504Z', 'age': 18}, 'phone': '(607) 515 7771', 'cell': '(636) 518 4659', 'id': {'name': 'NSS', 'value': '78 10 58 5464 4'}, 'picture': {'large': 'https://randomuser.me/api/portraits/men/37.jpg', 'medium': 'https://randomuser.me/api/portraits/med/men/37.jpg', 'thumbnail': 'https://randomuser.me/api/portraits/thumb/men/37.jpg'}, 'nat': 'MX'}], 'info': {'seed': '952a6a1443aaf87f', 'results': 1, 'page': 1, 'version': '1.4'}}</msg>
<arg>${json_data}</arg>
<doc>Logs the given message with the given level.</doc>
<status status="PASS" start="2024-04-05T13:15:33.198113" elapsed="0.000249"/>
</kw>
<kw name="Should Be String" owner="String">
<arg>${json_data['results'][0]['gender']}</arg>
<doc>Fails if the given ``item`` is not a string.</doc>
<status status="PASS" start="2024-04-05T13:15:33.198669" elapsed="0.000369"/>
</kw>
<kw name="Should Match Regexp" owner="BuiltIn">
<arg>${json_data['results'][0]['email']}</arg>
<arg>^[a-zA-Z0-9._%+-]+@[a-zA-Z0-9.-]+\.[a-zA-Z]{2,}$</arg>
<doc>Fails if ``string`` does not match ``pattern`` as a regular expression.</doc>
<status status="PASS" start="2024-04-05T13:15:33.199233" elapsed="0.000566"/>
</kw>
<kw name="Should Match Regexp" owner="BuiltIn">
<arg>${json_data['results'][0]['dob']['date']}</arg>
<arg>\\d{4}-\\d{2}-\\d{2}T\\d{2}:\\d{2}:\\d{2}\\.\\d{3}Z</arg>
<doc>Fails if ``string`` does not match ``pattern`` as a regular expression.</doc>
<status status="PASS" start="2024-04-05T13:15:33.200010" elapsed="0.000517"/>
</kw>
<kw name="Should Match Regexp" owner="BuiltIn">
<arg>${json_data['results'][0]['registered']['date']}</arg>
<arg>\\d{4}-\\d{2}-\\d{2}T\\d{2}:\\d{2}:\\d{2}\\.\\d{3}Z</arg>
<doc>Fails if ``string`` does not match ``pattern`` as a regular expression.</doc>
<status status="PASS" start="2024-04-05T13:15:33.200723" elapsed="0.000376"/>
</kw>
<kw name="Should Match Regexp" owner="BuiltIn">
<arg>${json_data['results'][0]['picture']['large']}</arg>
<arg>^https?://.*\.(?:png|jpe?g|gif|bmp)$</arg>
<doc>Fails if ``string`` does not match ``pattern`` as a regular expression.</doc>
<status status="PASS" start="2024-04-05T13:15:33.201288" elapsed="0.000471"/>
</kw>
<kw name="Should Match Regexp" owner="BuiltIn">
<arg>${json_data['results'][0]['picture']['medium']}</arg>
<arg>^https?://.*\.(?:png|jpe?g|gif|bmp)$</arg>
<doc>Fails if ``string`` does not match ``pattern`` as a regular expression.</doc>
<status status="PASS" start="2024-04-05T13:15:33.201950" elapsed="0.000366"/>
</kw>
<kw name="Should Match Regexp" owner="BuiltIn">
<arg>${json_data['results'][0]['picture']['thumbnail']}</arg>
<arg>^https?://.*\.(?:png|jpe?g|gif|bmp)$</arg>
<doc>Fails if ``string`` does not match ``pattern`` as a regular expression.</doc>
<status status="PASS" start="2024-04-05T13:15:33.202501" elapsed="0.000358"/>
</kw>
<kw name="Log" owner="BuiltIn">
<msg time="2024-04-05T13:15:33.203371" level="INFO">{'large': 'https://randomuser.me/api/portraits/men/37.jpg', 'medium': 'https://randomuser.me/api/portraits/med/men/37.jpg', 'thumbnail': 'https://randomuser.me/api/portraits/thumb/men/37.jpg'}</msg>
<arg>${json_data['results'][0]['picture']}</arg>
<doc>Logs the given message with the given level.</doc>
<status status="PASS" start="2024-04-05T13:15:33.203038" elapsed="0.000380"/>
</kw>
<status status="PASS" start="2024-04-05T13:15:33.113739" elapsed="0.089935"/>
</kw>
<kw name="Teste de Tipos de Dados - Postcode" owner="random-user-service">
<kw name="GET On Session" owner="RequestsLibrary">
<msg time="2024-04-05T13:15:33.298026" level="INFO">GET Request : url=https://randomuser.me/api 
 path_url=/api 
 headers={'User-Agent': 'python-requests/2.31.0', 'Accept-Encoding': 'gzip, deflate', 'Accept': '*/*', 'Connection': 'keep-alive'} 
 body=None 
 </msg>
<msg time="2024-04-05T13:15:33.298120" level="INFO">GET Response : url=https://randomuser.me/api 
 status=200, reason=OK 
 headers={'Date': 'Fri, 05 Apr 2024 13:15:33 GMT', 'Content-Type': 'application/json; charset=utf-8', 'Transfer-Encoding': 'chunked', 'Connection': 'keep-alive', 'X-Powered-By': 'Express', 'Access-Control-Allow-Origin': '*', 'Cache-Control': 'no-cache', 'ETag': 'W/"487-mbuGD/OvmxZAX5O0YhC0JCyPSIA"', 'Vary': 'Accept-Encoding', 'Content-Encoding': 'gzip', 'CF-Cache-Status': 'DYNAMIC', 'Report-To': '{"endpoints":[{"url":"https:\\/\\/a.nel.cloudflare.com\\/report\\/v4?s=z9gXXcchuwHKcFaksCorT2IOAzlqgiD%2FW6kNvYyXDusXO3RZ3TTkO73bGOUyBkFdbIsvUxVSnurhQkrLqBsIhXiKCojiLaR6soKqYYc82%2F3cPEA41AkgNN6FRi35S%2BCv"}],"group":"cf-nel","max_age":604800}', 'NEL': '{"success_fraction":0,"report_to":"cf-nel","max_age":604800}', 'Server': 'cloudflare', 'CF-RAY': '86f9cebc8a8e89e7-ORD', 'alt-svc': 'h3=":443"; ma=86400'} 
 body={"results":[{"gender":"male","name":{"title":"Mr","first":"Oscar","last":"Christiansen"},"location":{"street":{"number":5016,"name":"Parallelvej"},"city":"Pandrup","state":"Syddanmark","country":"Denmark","postcode":52355,"coordinates":{"latitude":"-39.8647","longitude":"-83.6639"},"timezone":{"offset":"-8:00","description":"Pacific Time (US &amp; Canada)"}},"email":"oscar.christiansen@example.com","login":{"uuid":"b12899f7-4d17-4baf-af21-fea9ea4aad49","username":"blackbutterfly998","password":"xiang","salt":"qYhCSN8z","md5":"190502a07789be0eb5488d9c1d88a5e1","sha1":"1d2c036ad1a43f019bd1d8a679240ad0adebb2ab","sha256":"44ed567f42d043a01597b9767cb145d1e5d07ce969766a291be61277bb5584b5"},"dob":{"date":"1997-02-12T08:00:21.662Z","age":27},"registered":{"date":"2015-04-25T04:23:37.522Z","age":8},"phone":"86366826","cell":"49969992","id":{"name":"CPR","value":"120297-1848"},"picture":{"large":"https://randomuser.me/api/portraits/men/58.jpg","medium":"https://randomuser.me/api/portraits/med/men/58.jpg","thumbnail":"https://randomuser.me/api/portraits/thumb/men/58.jpg"},"nat":"DK"}],"info":{"seed":"7e3637cfdd0daaf9","results":1,"page":1,"version":"1.4"}} 
 </msg>
<msg time="2024-04-05T13:15:33.298214" level="INFO">/opt/hostedtoolcache/Python/3.12.2/x64/lib/python3.12/site-packages/urllib3/connectionpool.py:1103: InsecureRequestWarning: Unverified HTTPS request is being made to host 'randomuser.me'. Adding certificate verification is strongly advised. See: https://urllib3.readthedocs.io/en/latest/advanced-usage.html#tls-warnings
  warnings.warn(</msg>
<msg time="2024-04-05T13:15:33.298329" level="INFO">${response} = &lt;Response [200]&gt;</msg>
<var>${response}</var>
<arg>consultarAPI</arg>
<arg>/api</arg>
<doc>Sends a GET request on a previously created HTTP Session.</doc>
<status status="PASS" start="2024-04-05T13:15:33.204300" elapsed="0.094070"/>
</kw>
<kw name="Set Variable" owner="BuiltIn">
<msg time="2024-04-05T13:15:33.299482" level="INFO">${json_data} = {'results': [{'gender': 'male', 'name': {'title': 'Mr', 'first': 'Oscar', 'last': 'Christiansen'}, 'location': {'street': {'number': 5016, 'name': 'Parallelvej'}, 'city': 'Pandrup', 'state': 'Syddanma...</msg>
<var>${json_data}</var>
<arg>${response.json()}</arg>
<doc>Returns the given values which can then be assigned to a variables.</doc>
<status status="PASS" start="2024-04-05T13:15:33.298915" elapsed="0.000595"/>
</kw>
<kw name="Log" owner="BuiltIn">
<msg time="2024-04-05T13:15:33.300017" level="INFO">{'results': [{'gender': 'male', 'name': {'title': 'Mr', 'first': 'Oscar', 'last': 'Christiansen'}, 'location': {'street': {'number': 5016, 'name': 'Parallelvej'}, 'city': 'Pandrup', 'state': 'Syddanmark', 'country': 'Denmark', 'postcode': 52355, 'coordinates': {'latitude': '-39.8647', 'longitude': '-83.6639'}, 'timezone': {'offset': '-8:00', 'description': 'Pacific Time (US &amp; Canada)'}}, 'email': 'oscar.christiansen@example.com', 'login': {'uuid': 'b12899f7-4d17-4baf-af21-fea9ea4aad49', 'username': 'blackbutterfly998', 'password': 'xiang', 'salt': 'qYhCSN8z', 'md5': '190502a07789be0eb5488d9c1d88a5e1', 'sha1': '1d2c036ad1a43f019bd1d8a679240ad0adebb2ab', 'sha256': '44ed567f42d043a01597b9767cb145d1e5d07ce969766a291be61277bb5584b5'}, 'dob': {'date': '1997-02-12T08:00:21.662Z', 'age': 27}, 'registered': {'date': '2015-04-25T04:23:37.522Z', 'age': 8}, 'phone': '86366826', 'cell': '49969992', 'id': {'name': 'CPR', 'value': '120297-1848'}, 'picture': {'large': 'https://randomuser.me/api/portraits/men/58.jpg', 'medium': 'https://randomuser.me/api/portraits/med/men/58.jpg', 'thumbnail': 'https://randomuser.me/api/portraits/thumb/men/58.jpg'}, 'nat': 'DK'}], 'info': {'seed': '7e3637cfdd0daaf9', 'results': 1, 'page': 1, 'version': '1.4'}}</msg>
<arg>${json_data}</arg>
<doc>Logs the given message with the given level.</doc>
<status status="PASS" start="2024-04-05T13:15:33.299852" elapsed="0.000249"/>
</kw>
<kw name="Should Be Equal As Numbers" owner="BuiltIn">
<arg>${json_data['results'][0]['location']['postcode']}</arg>
<arg>${json_data['results'][0]['location']['postcode']}</arg>
<doc>Fails if objects are unequal after converting them to real numbers.</doc>
<status status="PASS" start="2024-04-05T13:15:33.300407" elapsed="0.000635"/>
</kw>
<kw name="Log" owner="BuiltIn">
<msg time="2024-04-05T13:15:33.301572" level="INFO">52355</msg>
<arg>${json_data['results'][0]['location']['postcode']}</arg>
<doc>Logs the given message with the given level.</doc>
<status status="PASS" start="2024-04-05T13:15:33.301233" elapsed="0.000382"/>
</kw>
<status status="PASS" start="2024-04-05T13:15:33.203940" elapsed="0.097930"/>
</kw>
<doc>Testa se os tipos de dados na resposta da API estão corretos.</doc>
<tag>testeTiposDados</tag>
<status status="PASS" start="2024-04-05T13:15:33.113164" elapsed="0.188871"/>
</test>
<test id="s1-s1-t5" name="Validar conteudo" line="35">
<kw name="Teste de Tipos de Conteudo" owner="random-user-service">
<kw name="GET On Session" owner="RequestsLibrary">
<msg time="2024-04-05T13:15:33.391285" level="INFO">GET Request : url=https://randomuser.me/api 
 path_url=/api 
 headers={'User-Agent': 'python-requests/2.31.0', 'Accept-Encoding': 'gzip, deflate', 'Accept': '*/*', 'Connection': 'keep-alive'} 
 body=None 
 </msg>
<msg time="2024-04-05T13:15:33.391369" level="INFO">GET Response : url=https://randomuser.me/api 
 status=200, reason=OK 
 headers={'Date': 'Fri, 05 Apr 2024 13:15:33 GMT', 'Content-Type': 'application/json; charset=utf-8', 'Transfer-Encoding': 'chunked', 'Connection': 'keep-alive', 'X-Powered-By': 'Express', 'Access-Control-Allow-Origin': '*', 'Cache-Control': 'no-cache', 'ETag': 'W/"493-e0ZB649dtB8ujxFzLz/xW5MsP1Q"', 'Vary': 'Accept-Encoding', 'Content-Encoding': 'gzip', 'CF-Cache-Status': 'DYNAMIC', 'Report-To': '{"endpoints":[{"url":"https:\\/\\/a.nel.cloudflare.com\\/report\\/v4?s=%2BT5vqe%2FCiWcpUCvq%2FyadpS6PlQvlZWKCtFfIsUZjDlBDMuA8e88NT3y8EdCgrnZFr4gkl5KBExakNMb7fKMhzwNR3TAWSHGgcZH8LxC7udCzC0F1Yx%2BOL3eGiKFhPcSu"}],"group":"cf-nel","max_age":604800}', 'NEL': '{"success_fraction":0,"report_to":"cf-nel","max_age":604800}', 'Server': 'cloudflare', 'CF-RAY': '86f9cebd2b1e89e7-ORD', 'alt-svc': 'h3=":443"; ma=86400'} 
 body={"results":[{"gender":"female","name":{"title":"Miss","first":"Emma","last":"Rasmussen"},"location":{"street":{"number":2916,"name":"Jasminvej"},"city":"Juelsminde","state":"Nordjylland","country":"Denmark","postcode":79050,"coordinates":{"latitude":"-44.8206","longitude":"59.6325"},"timezone":{"offset":"-5:00","description":"Eastern Time (US &amp; Canada), Bogota, Lima"}},"email":"emma.rasmussen@example.com","login":{"uuid":"4e534659-c447-45c1-aeb0-0b7a4d236014","username":"angrybear723","password":"qwert","salt":"qsEuUek4","md5":"924c564dafb3172e3f60ab9ff0c5c4cd","sha1":"639ce8e79da1388e431485cbd99d9b2e75ad7de4","sha256":"b24e70e9322a2dd0f525f89251cdc57768ae95d305c9524c5c04021b83bb1d06"},"dob":{"date":"1969-12-20T03:53:00.190Z","age":54},"registered":{"date":"2015-09-28T06:46:09.789Z","age":8},"phone":"81240125","cell":"92136889","id":{"name":"CPR","value":"191269-0485"},"picture":{"large":"https://randomuser.me/api/portraits/women/24.jpg","medium":"https://randomuser.me/api/portraits/med/women/24.jpg","thumbnail":"https://randomuser.me/api/portraits/thumb/women/24.jpg"},"nat":"DK"}],"info":{"seed":"b45699fe493eff8b","results":1,"page":1,"version":"1.4"}} 
 </msg>
<msg time="2024-04-05T13:15:33.391433" level="INFO">/opt/hostedtoolcache/Python/3.12.2/x64/lib/python3.12/site-packages/urllib3/connectionpool.py:1103: InsecureRequestWarning: Unverified HTTPS request is being made to host 'randomuser.me'. Adding certificate verification is strongly advised. See: https://urllib3.readthedocs.io/en/latest/advanced-usage.html#tls-warnings
  warnings.warn(</msg>
<msg time="2024-04-05T13:15:33.391525" level="INFO">${response} = &lt;Response [200]&gt;</msg>
<var>${response}</var>
<arg>consultarAPI</arg>
<arg>/api</arg>
<doc>Sends a GET request on a previously created HTTP Session.</doc>
<status status="PASS" start="2024-04-05T13:15:33.304553" elapsed="0.087010"/>
</kw>
<kw name="Set Variable" owner="BuiltIn">
<msg time="2024-04-05T13:15:33.392650" level="INFO">${json_data} = {'results': [{'gender': 'female', 'name': {'title': 'Miss', 'first': 'Emma', 'last': 'Rasmussen'}, 'location': {'street': {'number': 2916, 'name': 'Jasminvej'}, 'city': 'Juelsminde', 'state': 'Nordjyl...</msg>
<var>${json_data}</var>
<arg>${response.json()}</arg>
<doc>Returns the given values which can then be assigned to a variables.</doc>
<status status="PASS" start="2024-04-05T13:15:33.392055" elapsed="0.000623"/>
</kw>
<kw name="Set Variable" owner="BuiltIn">
<msg time="2024-04-05T13:15:33.393365" level="INFO">${name_title} = Miss</msg>
<var>${name_title}</var>
<arg>${json_data["results"][0]["name"]["title"]}</arg>
<doc>Returns the given values which can then be assigned to a variables.</doc>
<status status="PASS" start="2024-04-05T13:15:33.392985" elapsed="0.000406"/>
</kw>
<kw name="Create List" owner="BuiltIn">
<msg time="2024-04-05T13:15:33.393843" level="INFO">${allowed_titles} = ['Mr', 'Ms', 'Miss', 'Mrs', 'Madame', 'Monsieur']</msg>
<var>${allowed_titles}</var>
<arg>Mr</arg>
<arg>Ms</arg>
<arg>Miss</arg>
<arg>Mrs</arg>
<arg>Madame</arg>
<arg>Monsieur</arg>
<doc>Returns a list containing given items.</doc>
<status status="PASS" start="2024-04-05T13:15:33.393692" elapsed="0.000176"/>
</kw>
<kw name="List Should Contain Value" owner="Collections">
<msg time="2024-04-05T13:15:33.394351" level="INFO">False</msg>
<arg>${allowed_titles}</arg>
<arg>${name_title}</arg>
<doc>Fails if the ``value`` is not found from ``list``.</doc>
<status status="PASS" start="2024-04-05T13:15:33.394177" elapsed="0.000210"/>
</kw>
<kw name="Set Variable" owner="BuiltIn">
<msg time="2024-04-05T13:15:33.395056" level="INFO">${name_country} = DK</msg>
<var>${name_country}</var>
<arg>${json_data["results"][0]["nat"]}</arg>
<doc>Returns the given values which can then be assigned to a variables.</doc>
<status status="PASS" start="2024-04-05T13:15:33.394675" elapsed="0.000406"/>
</kw>
<kw name="Create List" owner="BuiltIn">
<msg time="2024-04-05T13:15:33.396039" level="INFO">${list_country} = ['AD', 'AE', 'AF', 'AG', 'AI', 'AL', 'AM', 'AO', 'AQ', 'AR', 'AS', 'AT', 'AU', 'AW', 'AX', 'AZ', 'BA', 'BB', 'BD', 'BE', 'BF', 'BG', 'BH', 'BI', 'BJ', 'BL', 'BM', 'BN', 'BO', 'BQ', 'BR', 'BS', 'BT', '...</msg>
<var>${list_country}</var>
<arg>AD</arg>
<arg>AE</arg>
<arg>AF</arg>
<arg>AG</arg>
<arg>AI</arg>
<arg>AL</arg>
<arg>AM</arg>
<arg>AO</arg>
<arg>AQ</arg>
<arg>AR</arg>
<arg>AS</arg>
<arg>AT</arg>
<arg>AU</arg>
<arg>AW</arg>
<arg>AX</arg>
<arg>AZ</arg>
<arg>BA</arg>
<arg>BB</arg>
<arg>BD</arg>
<arg>BE</arg>
<arg>BF</arg>
<arg>BG</arg>
<arg>BH</arg>
<arg>BI</arg>
<arg>BJ</arg>
<arg>BL</arg>
<arg>BM</arg>
<arg>BN</arg>
<arg>BO</arg>
<arg>BQ</arg>
<arg>BR</arg>
<arg>BS</arg>
<arg>BT</arg>
<arg>BV</arg>
<arg>BW</arg>
<arg>BY</arg>
<arg>BZ</arg>
<arg>CA</arg>
<arg>CC</arg>
<arg>CD</arg>
<arg>CF</arg>
<arg>CG</arg>
<arg>CH</arg>
<arg>CI</arg>
<arg>CK</arg>
<arg>CL</arg>
<arg>CM</arg>
<arg>CN</arg>
<arg>CO</arg>
<arg>CR</arg>
<arg>CU</arg>
<arg>CV</arg>
<arg>CW</arg>
<arg>CX</arg>
<arg>CY</arg>
<arg>CZ</arg>
<arg>DE</arg>
<arg>DJ</arg>
<arg>DK</arg>
<arg>DM</arg>
<arg>DO</arg>
<arg>DZ</arg>
<arg>EC</arg>
<arg>EE</arg>
<arg>EG</arg>
<arg>EH</arg>
<arg>ER</arg>
<arg>ES</arg>
<arg>ET</arg>
<arg>FI</arg>
<arg>FJ</arg>
<arg>FK</arg>
<arg>FM</arg>
<arg>FO</arg>
<arg>FR</arg>
<arg>GA</arg>
<arg>GB</arg>
<arg>GD</arg>
<arg>GE</arg>
<arg>GF</arg>
<arg>GG</arg>
<arg>GH</arg>
<arg>GI</arg>
<arg>GL</arg>
<arg>GM</arg>
<arg>GN</arg>
<arg>GP</arg>
<arg>GQ</arg>
<arg>GR</arg>
<arg>GS</arg>
<arg>GT</arg>
<arg>GU</arg>
<arg>GW</arg>
<arg>GY</arg>
<arg>HK</arg>
<arg>HM</arg>
<arg>HN</arg>
<arg>HR</arg>
<arg>HT</arg>
<arg>HU</arg>
<arg>ID</arg>
<arg>IE</arg>
<arg>IL</arg>
<arg>IM</arg>
<arg>IN</arg>
<arg>IO</arg>
<arg>IQ</arg>
<arg>IR</arg>
<arg>IS</arg>
<arg>IT</arg>
<arg>JE</arg>
<arg>JM</arg>
<arg>JO</arg>
<arg>JP</arg>
<arg>KE</arg>
<arg>KG</arg>
<arg>KH</arg>
<arg>KI</arg>
<arg>KM</arg>
<arg>KN</arg>
<arg>KP</arg>
<arg>KR</arg>
<arg>KW</arg>
<arg>KY</arg>
<arg>KZ</arg>
<arg>LA</arg>
<arg>LB</arg>
<arg>LC</arg>
<arg>LI</arg>
<arg>LK</arg>
<arg>LR</arg>
<arg>LS</arg>
<arg>LT</arg>
<arg>LU</arg>
<arg>LV</arg>
<arg>LY</arg>
<arg>MA</arg>
<arg>MC</arg>
<arg>MD</arg>
<arg>ME</arg>
<arg>MF</arg>
<arg>MG</arg>
<arg>MH</arg>
<arg>MK</arg>
<arg>ML</arg>
<arg>MM</arg>
<arg>MN</arg>
<arg>MO</arg>
<arg>MP</arg>
<arg>MQ</arg>
<arg>MR</arg>
<arg>MS</arg>
<arg>MT</arg>
<arg>MU</arg>
<arg>MV</arg>
<arg>MW</arg>
<arg>MX</arg>
<arg>MY</arg>
<arg>MZ</arg>
<arg>NA</arg>
<arg>NC</arg>
<arg>NE</arg>
<arg>NF</arg>
<arg>NG</arg>
<arg>NI</arg>
<arg>NL</arg>
<arg>NO</arg>
<arg>NP</arg>
<arg>NR</arg>
<arg>NU</arg>
<arg>NZ</arg>
<arg>OM</arg>
<arg>PA</arg>
<arg>PE</arg>
<arg>PF</arg>
<arg>PG</arg>
<arg>PH</arg>
<arg>PK</arg>
<arg>PL</arg>
<arg>PM</arg>
<arg>PN</arg>
<arg>PR</arg>
<arg>PS</arg>
<arg>PT</arg>
<arg>PW</arg>
<arg>PY</arg>
<arg>QA</arg>
<arg>RE</arg>
<arg>RO</arg>
<arg>RS</arg>
<arg>RU</arg>
<arg>RW</arg>
<arg>SA</arg>
<arg>SB</arg>
<arg>SC</arg>
<arg>SD</arg>
<arg>SE</arg>
<arg>SG</arg>
<arg>SH</arg>
<arg>SI</arg>
<arg>SJ</arg>
<arg>SK</arg>
<arg>SL</arg>
<arg>SM</arg>
<arg>SN</arg>
<arg>SO</arg>
<arg>SR</arg>
<arg>SS</arg>
<arg>ST</arg>
<arg>SV</arg>
<arg>SX</arg>
<arg>SY</arg>
<arg>SZ</arg>
<arg>TC</arg>
<arg>TD</arg>
<arg>TF</arg>
<arg>TG</arg>
<arg>TH</arg>
<arg>TJ</arg>
<arg>TK</arg>
<arg>TL</arg>
<arg>TM</arg>
<arg>TN</arg>
<arg>TO</arg>
<arg>TR</arg>
<arg>TT</arg>
<arg>TV</arg>
<arg>TW</arg>
<arg>TZ</arg>
<arg>UA</arg>
<arg>UG</arg>
<arg>UM</arg>
<arg>US</arg>
<arg>UY</arg>
<arg>UZ</arg>
<arg>VA</arg>
<arg>VC</arg>
<arg>VE</arg>
<arg>VG</arg>
<arg>VI</arg>
<arg>VN</arg>
<arg>VU</arg>
<arg>WF</arg>
<arg>WS</arg>
<arg>XK</arg>
<arg>YE</arg>
<arg>YT</arg>
<arg>ZA</arg>
<arg>ZM</arg>
<arg>ZW</arg>
<doc>Returns a list containing given items.</doc>
<status status="PASS" start="2024-04-05T13:15:33.395388" elapsed="0.000678"/>
</kw>
<kw name="List Should Contain Value" owner="Collections">
<msg time="2024-04-05T13:15:33.397176" level="INFO">False</msg>
<arg>${list_country}</arg>
<arg>${name_country}</arg>
<doc>Fails if the ``value`` is not found from ``list``.</doc>
<status status="PASS" start="2024-04-05T13:15:33.396969" elapsed="0.000244"/>
</kw>
<kw name="Run Keyword If" owner="BuiltIn">
<kw name="Should Be True" owner="BuiltIn">
<arg>${True}</arg>
<doc>Fails if the given condition is not true.</doc>
<status status="PASS" start="2024-04-05T13:15:33.398289" elapsed="0.000145"/>
</kw>
<arg>${json_data["results"][0]["location"]["coordinates"]["latitude"]} &gt;= -90 and ${json_data["results"][0]["location"]["coordinates"]["latitude"]} &lt;= 90</arg>
<arg>Should Be True</arg>
<arg>${True}</arg>
<doc>Runs the given keyword with the given arguments, if ``condition`` is true.</doc>
<status status="PASS" start="2024-04-05T13:15:33.397528" elapsed="0.001034"/>
</kw>
<kw name="Run Keyword If" owner="BuiltIn">
<kw name="Should Be True" owner="BuiltIn">
<arg>${True}</arg>
<doc>Fails if the given condition is not true.</doc>
<status status="PASS" start="2024-04-05T13:15:33.399453" elapsed="0.000140"/>
</kw>
<arg>${json_data["results"][0]["location"]["coordinates"]["longitude"]} &gt;= -180 and ${json_data["results"][0]["location"]["coordinates"]["longitude"]} &lt;= 180</arg>
<arg>Should Be True</arg>
<arg>${True}</arg>
<doc>Runs the given keyword with the given arguments, if ``condition`` is true.</doc>
<status status="PASS" start="2024-04-05T13:15:33.398749" elapsed="0.000969"/>
</kw>
<status status="PASS" start="2024-04-05T13:15:33.304325" elapsed="0.095562"/>
</kw>
<doc>Testa o conteúdo específico dos campos retornados pela API.</doc>
<tag>testeConteudo</tag>
<status status="PASS" start="2024-04-05T13:15:33.303774" elapsed="0.096265"/>
</test>
<status status="PASS" start="2024-04-05T13:15:32.439315" elapsed="0.962657"/>
</suite>
<status status="PASS" start="2024-04-05T13:15:32.425119" elapsed="0.982265"/>
</suite>
<statistics>
<total>
<stat pass="5" fail="0" skip="0">All Tests</stat>
</total>
<tag>
<stat pass="1" fail="0" skip="0">testeConteudo</stat>
<stat pass="1" fail="0" skip="0">testeEstruturaResposta</stat>
<stat pass="1" fail="0" skip="0">testeRequisicaoBasica</stat>
<stat pass="1" fail="0" skip="0">testeTiposDados</stat>
</tag>
<suite>
<stat pass="5" fail="0" skip="0" id="s1" name="Tests">Tests</stat>
<stat pass="5" fail="0" skip="0" id="s1-s1" name="Random-User-Test">Tests.Random-User-Test</stat>
</suite>
</statistics>
<errors>
</errors>
</robot>
