<?xml version="1.0" encoding="UTF-8"?>
<robot generator="Robot 7.0.1 (Python 3.12.4 on linux)" generated="2024-07-05T06:21:48.071648" rpa="false" schemaversion="5">
<suite id="s1" name="Tests" source="/home/runner/work/ApiRandomUser/ApiRandomUser/RamdonUser/tests">
<suite id="s1-s1" name="Random-User-Test" source="/home/runner/work/ApiRandomUser/ApiRandomUser/RamdonUser/tests/random-user-test.robot">
<test id="s1-s1-t1" name="Conectar" line="13">
<kw name="Conectar API" owner="random-user-service">
<kw name="Create Session" owner="RequestsLibrary">
<msg time="2024-07-05T06:21:48.488269" level="INFO">Creating Session using : alias=consultarAPI, url=https://randomuser.me/, headers={},                     cookies={}, auth=None, timeout=None, proxies=None, verify=False,                     debug=0 </msg>
<arg>consultarAPI</arg>
<arg>${URL}</arg>
<doc>Create Session: create a HTTP session to a server</doc>
<status status="PASS" start="2024-07-05T06:21:48.488071" elapsed="0.000361"/>
</kw>
<status status="PASS" start="2024-07-05T06:21:48.487109" elapsed="0.001686"/>
</kw>
<status status="PASS" start="2024-07-05T06:21:48.486566" elapsed="0.002419"/>
</test>
<test id="s1-s1-t2" name="Validar retorno 200 e JSON Válido" line="16">
<kw name="Teste de Requisicao Basica" owner="random-user-service">
<kw name="GET On Session" owner="RequestsLibrary">
<msg time="2024-07-05T06:21:48.672164" level="INFO">GET Request : url=https://randomuser.me/api 
 path_url=/api 
 headers={'User-Agent': 'python-requests/2.32.3', 'Accept-Encoding': 'gzip, deflate', 'Accept': '*/*', 'Connection': 'keep-alive'} 
 body=None 
 </msg>
<msg time="2024-07-05T06:21:48.672296" level="INFO">GET Response : url=https://randomuser.me/api 
 status=200, reason=OK 
 headers={'Date': 'Fri, 05 Jul 2024 06:21:48 GMT', 'Content-Type': 'application/json; charset=utf-8', 'Transfer-Encoding': 'chunked', 'Connection': 'keep-alive', 'X-Powered-By': 'Express', 'Access-Control-Allow-Origin': '*', 'Cache-Control': 'no-cache', 'ETag': 'W/"489-jrCfTpLTEfQI5LLWNaElOgboOKQ"', 'Vary': 'Accept-Encoding', 'Content-Encoding': 'gzip', 'CF-Cache-Status': 'DYNAMIC', 'Report-To': '{"endpoints":[{"url":"https:\\/\\/a.nel.cloudflare.com\\/report\\/v4?s=8u%2FVoDget3OQ%2FkTz4ffhWMeMTuzQ8HDAYLRqocv51ia1BP8V8dnKNyMrkcNgbbxus74HeQLdqiTGnqWjtSl2fvYpOtZbZPPP8neps7TuFH0UnFITxKA6HkgR%2F8zlPBSU"}],"group":"cf-nel","max_age":604800}', 'NEL': '{"success_fraction":0,"report_to":"cf-nel","max_age":604800}', 'Server': 'cloudflare', 'CF-RAY': '89e541cafa36241d-IAD', 'alt-svc': 'h3=":443"; ma=86400'} 
 body={"results":[{"gender":"female","name":{"title":"Mrs","first":"Rolinde","last":"Batelaan"},"location":{"street":{"number":7263,"name":"Haam"},"city":"Wouw","state":"Overijssel","country":"Netherlands","postcode":"0612 PJ","coordinates":{"latitude":"30.5123","longitude":"94.6558"},"timezone":{"offset":"-12:00","description":"Eniwetok, Kwajalein"}},"email":"rolinde.batelaan@example.com","login":{"uuid":"c050bafa-dfa3-4beb-9ffe-39f0f7d43e3e","username":"tinyelephant613","password":"velvet","salt":"0MoT4Rx9","md5":"8b2b0ccc20742fdcd380ce495ff6d199","sha1":"6692e28fe81a263aeee073c4a3fc07c5d6d90e0b","sha256":"98b37e83b1a93d71b9f2fd893dadb84961553449acab1ffe7dc117a66902dcbd"},"dob":{"date":"1998-12-18T07:02:25.755Z","age":25},"registered":{"date":"2002-08-03T04:07:21.689Z","age":21},"phone":"(048) 3291829","cell":"(06) 89893698","id":{"name":"BSN","value":"28296321"},"picture":{"large":"https://randomuser.me/api/portraits/women/94.jpg","medium":"https://randomuser.me/api/portraits/med/women/94.jpg","thumbnail":"https://randomuser.me/api/portraits/thumb/women/94.jpg"},"nat":"NL"}],"info":{"seed":"c48dd8997e5a46dd","results":1,"page":1,"version":"1.4"}} 
 </msg>
<msg time="2024-07-05T06:21:48.672391" level="INFO">/opt/hostedtoolcache/Python/3.12.4/x64/lib/python3.12/site-packages/urllib3/connectionpool.py:1099: InsecureRequestWarning: Unverified HTTPS request is being made to host 'randomuser.me'. Adding certificate verification is strongly advised. See: https://urllib3.readthedocs.io/en/latest/advanced-usage.html#tls-warnings
  warnings.warn(</msg>
<msg time="2024-07-05T06:21:48.672505" level="INFO">${response} = &lt;Response [200]&gt;</msg>
<var>${response}</var>
<arg>consultarAPI</arg>
<arg>/api</arg>
<doc>Sends a GET request on a previously created HTTP Session.</doc>
<status status="PASS" start="2024-07-05T06:21:48.491584" elapsed="0.180964"/>
</kw>
<kw name="Should Be Equal As Numbers" owner="BuiltIn">
<msg time="2024-07-05T06:21:48.673580" level="INFO">Argument types are:
&lt;class 'int'&gt;
&lt;class 'str'&gt;</msg>
<arg>${response.status_code}</arg>
<arg>200</arg>
<doc>Fails if objects are unequal after converting them to real numbers.</doc>
<status status="PASS" start="2024-07-05T06:21:48.673040" elapsed="0.000614"/>
</kw>
<kw name="Log" owner="BuiltIn">
<msg time="2024-07-05T06:21:48.674329" level="INFO">200</msg>
<arg>${response.status_code}</arg>
<doc>Logs the given message with the given level.</doc>
<status status="PASS" start="2024-07-05T06:21:48.673972" elapsed="0.000401"/>
</kw>
<kw name="Set Variable" owner="BuiltIn">
<msg time="2024-07-05T06:21:48.675134" level="INFO">${json_data} = {'results': [{'gender': 'female', 'name': {'title': 'Mrs', 'first': 'Rolinde', 'last': 'Batelaan'}, 'location': {'street': {'number': 7263, 'name': 'Haam'}, 'city': 'Wouw', 'state': 'Overijssel', 'cou...</msg>
<var>${json_data}</var>
<arg>${response.json()}</arg>
<doc>Returns the given values which can then be assigned to a variables.</doc>
<status status="PASS" start="2024-07-05T06:21:48.674675" elapsed="0.000489"/>
</kw>
<kw name="Dictionary Should Contain Key" owner="Collections">
<arg>${json_data}</arg>
<arg>results</arg>
<doc>Fails if ``key`` is not found from ``dictionary``.</doc>
<status status="PASS" start="2024-07-05T06:21:48.675474" elapsed="0.000163"/>
</kw>
<status status="PASS" start="2024-07-05T06:21:48.491341" elapsed="0.184445"/>
</kw>
<doc>Testa se a API responde corretamente e retorna um objeto JSON válido.</doc>
<tag>testeRequisicaoBasica</tag>
<status status="PASS" start="2024-07-05T06:21:48.490870" elapsed="0.185085"/>
</test>
<test id="s1-s1-t3" name="Validar estrutura de resposta" line="22">
<kw name="Teste de Estrutura de Resposta" owner="random-user-service">
<kw name="GET On Session" owner="RequestsLibrary">
<msg time="2024-07-05T06:21:48.779387" level="INFO">GET Request : url=https://randomuser.me/api 
 path_url=/api 
 headers={'User-Agent': 'python-requests/2.32.3', 'Accept-Encoding': 'gzip, deflate', 'Accept': '*/*', 'Connection': 'keep-alive'} 
 body=None 
 </msg>
<msg time="2024-07-05T06:21:48.779476" level="INFO">GET Response : url=https://randomuser.me/api 
 status=200, reason=OK 
 headers={'Date': 'Fri, 05 Jul 2024 06:21:48 GMT', 'Content-Type': 'application/json; charset=utf-8', 'Transfer-Encoding': 'chunked', 'Connection': 'keep-alive', 'X-Powered-By': 'Express', 'Access-Control-Allow-Origin': '*', 'Cache-Control': 'no-cache', 'ETag': 'W/"482-tUdMGtWxWY/uWmUxkgToKAVX4to"', 'Vary': 'Accept-Encoding', 'Content-Encoding': 'gzip', 'CF-Cache-Status': 'DYNAMIC', 'Report-To': '{"endpoints":[{"url":"https:\\/\\/a.nel.cloudflare.com\\/report\\/v4?s=YBiEeScxKW1rTfn2KnSUNBTcMBCH48YpXwQJXpPCuB6a5VKOUT6B%2FUbgss3i1CmwtLY53h48gm4kTmfbAs%2FFy%2FxIsaVghygc5mnVwQqyJTiouzbS1suMGPWJ2z5NqY16"}],"group":"cf-nel","max_age":604800}', 'NEL': '{"success_fraction":0,"report_to":"cf-nel","max_age":604800}', 'Server': 'cloudflare', 'CF-RAY': '89e541cb4a70241d-IAD', 'alt-svc': 'h3=":443"; ma=86400'} 
 body={"results":[{"gender":"female","name":{"title":"Ms","first":"Aaradhya","last":"Suvarna"},"location":{"street":{"number":3878,"name":"Tripolia Bazar"},"city":"Sonipat","state":"Tripura","country":"India","postcode":79863,"coordinates":{"latitude":"12.1241","longitude":"125.0732"},"timezone":{"offset":"-3:30","description":"Newfoundland"}},"email":"aaradhya.suvarna@example.com","login":{"uuid":"0eb56fee-c9eb-4a6c-9395-cc632a718f47","username":"goldenrabbit817","password":"mike123","salt":"L6SOxVup","md5":"bb372c52d9b421a5d1f5cf709651d632","sha1":"90d5bef2abbfc4fc024191924f340da59fbfd729","sha256":"676bc814d320137b064c52f4b33f331c832d39c22920fc513fab86cd90a5afff"},"dob":{"date":"1966-11-20T08:09:27.697Z","age":57},"registered":{"date":"2007-01-20T18:36:56.103Z","age":17},"phone":"8405924422","cell":"7669969657","id":{"name":"UIDAI","value":"773068394051"},"picture":{"large":"https://randomuser.me/api/portraits/women/17.jpg","medium":"https://randomuser.me/api/portraits/med/women/17.jpg","thumbnail":"https://randomuser.me/api/portraits/thumb/women/17.jpg"},"nat":"IN"}],"info":{"seed":"6c0dab0ea30875f3","results":1,"page":1,"version":"1.4"}} 
 </msg>
<msg time="2024-07-05T06:21:48.779601" level="INFO">/opt/hostedtoolcache/Python/3.12.4/x64/lib/python3.12/site-packages/urllib3/connectionpool.py:1099: InsecureRequestWarning: Unverified HTTPS request is being made to host 'randomuser.me'. Adding certificate verification is strongly advised. See: https://urllib3.readthedocs.io/en/latest/advanced-usage.html#tls-warnings
  warnings.warn(</msg>
<msg time="2024-07-05T06:21:48.779693" level="INFO">${response} = &lt;Response [200]&gt;</msg>
<var>${response}</var>
<arg>consultarAPI</arg>
<arg>/api</arg>
<doc>Sends a GET request on a previously created HTTP Session.</doc>
<status status="PASS" start="2024-07-05T06:21:48.678488" elapsed="0.101238"/>
</kw>
<kw name="Set Variable" owner="BuiltIn">
<msg time="2024-07-05T06:21:48.780538" level="INFO">${json_data} = {'results': [{'gender': 'female', 'name': {'title': 'Ms', 'first': 'Aaradhya', 'last': 'Suvarna'}, 'location': {'street': {'number': 3878, 'name': 'Tripolia Bazar'}, 'city': 'Sonipat', 'state': 'Tripu...</msg>
<var>${json_data}</var>
<arg>${response.json()}</arg>
<doc>Returns the given values which can then be assigned to a variables.</doc>
<status status="PASS" start="2024-07-05T06:21:48.780103" elapsed="0.000464"/>
</kw>
<kw name="Log" owner="BuiltIn">
<msg time="2024-07-05T06:21:48.781031" level="INFO">{'results': [{'gender': 'female', 'name': {'title': 'Ms', 'first': 'Aaradhya', 'last': 'Suvarna'}, 'location': {'street': {'number': 3878, 'name': 'Tripolia Bazar'}, 'city': 'Sonipat', 'state': 'Tripura', 'country': 'India', 'postcode': 79863, 'coordinates': {'latitude': '12.1241', 'longitude': '125.0732'}, 'timezone': {'offset': '-3:30', 'description': 'Newfoundland'}}, 'email': 'aaradhya.suvarna@example.com', 'login': {'uuid': '0eb56fee-c9eb-4a6c-9395-cc632a718f47', 'username': 'goldenrabbit817', 'password': 'mike123', 'salt': 'L6SOxVup', 'md5': 'bb372c52d9b421a5d1f5cf709651d632', 'sha1': '90d5bef2abbfc4fc024191924f340da59fbfd729', 'sha256': '676bc814d320137b064c52f4b33f331c832d39c22920fc513fab86cd90a5afff'}, 'dob': {'date': '1966-11-20T08:09:27.697Z', 'age': 57}, 'registered': {'date': '2007-01-20T18:36:56.103Z', 'age': 17}, 'phone': '8405924422', 'cell': '7669969657', 'id': {'name': 'UIDAI', 'value': '773068394051'}, 'picture': {'large': 'https://randomuser.me/api/portraits/women/17.jpg', 'medium': 'https://randomuser.me/api/portraits/med/women/17.jpg', 'thumbnail': 'https://randomuser.me/api/portraits/thumb/women/17.jpg'}, 'nat': 'IN'}], 'info': {'seed': '6c0dab0ea30875f3', 'results': 1, 'page': 1, 'version': '1.4'}}</msg>
<arg>${json_data}</arg>
<doc>Logs the given message with the given level.</doc>
<status status="PASS" start="2024-07-05T06:21:48.780878" elapsed="0.000202"/>
</kw>
<kw name="Dictionary Should Contain Key" owner="Collections">
<arg>${json_data}</arg>
<arg>results</arg>
<doc>Fails if ``key`` is not found from ``dictionary``.</doc>
<status status="PASS" start="2024-07-05T06:21:48.781367" elapsed="0.000151"/>
</kw>
<kw name="Should Not Be Empty" owner="BuiltIn">
<msg time="2024-07-05T06:21:48.781836" level="INFO">Length is 2.</msg>
<arg>${json_data}</arg>
<doc>Verifies that the given item is not empty.</doc>
<status status="PASS" start="2024-07-05T06:21:48.781706" elapsed="0.000172"/>
</kw>
<kw name="Create List" owner="BuiltIn">
<msg time="2024-07-05T06:21:48.782446" level="INFO">${expected_keys} = ['gender', 'name', 'location', 'email', 'login']</msg>
<var>${expected_keys}</var>
<arg>gender</arg>
<arg>name</arg>
<arg>location</arg>
<arg>email</arg>
<arg>login</arg>
<doc>Returns a list containing given items.</doc>
<status status="PASS" start="2024-07-05T06:21:48.782173" elapsed="0.000299"/>
</kw>
<for flavor="IN">
<iter>
<kw name="Dictionary Should Contain Key" owner="Collections">
<arg>${json_data['results'][0]}</arg>
<arg>${key}</arg>
<doc>Fails if ``key`` is not found from ``dictionary``.</doc>
<status status="PASS" start="2024-07-05T06:21:48.783054" elapsed="0.000428"/>
</kw>
<kw name="Log" owner="BuiltIn">
<msg time="2024-07-05T06:21:48.784031" level="INFO">{'gender': 'female', 'name': {'title': 'Ms', 'first': 'Aaradhya', 'last': 'Suvarna'}, 'location': {'street': {'number': 3878, 'name': 'Tripolia Bazar'}, 'city': 'Sonipat', 'state': 'Tripura', 'country': 'India', 'postcode': 79863, 'coordinates': {'latitude': '12.1241', 'longitude': '125.0732'}, 'timezone': {'offset': '-3:30', 'description': 'Newfoundland'}}, 'email': 'aaradhya.suvarna@example.com', 'login': {'uuid': '0eb56fee-c9eb-4a6c-9395-cc632a718f47', 'username': 'goldenrabbit817', 'password': 'mike123', 'salt': 'L6SOxVup', 'md5': 'bb372c52d9b421a5d1f5cf709651d632', 'sha1': '90d5bef2abbfc4fc024191924f340da59fbfd729', 'sha256': '676bc814d320137b064c52f4b33f331c832d39c22920fc513fab86cd90a5afff'}, 'dob': {'date': '1966-11-20T08:09:27.697Z', 'age': 57}, 'registered': {'date': '2007-01-20T18:36:56.103Z', 'age': 17}, 'phone': '8405924422', 'cell': '7669969657', 'id': {'name': 'UIDAI', 'value': '773068394051'}, 'picture': {'large': 'https://randomuser.me/api/portraits/women/17.jpg', 'medium': 'https://randomuser.me/api/portraits/med/women/17.jpg', 'thumbnail': 'https://randomuser.me/api/portraits/thumb/women/17.jpg'}, 'nat': 'IN'}</msg>
<arg>${json_data['results'][0]}</arg>
<doc>Logs the given message with the given level.</doc>
<status status="PASS" start="2024-07-05T06:21:48.783667" elapsed="0.000414"/>
</kw>
<kw name="Log" owner="BuiltIn">
<msg time="2024-07-05T06:21:48.784504" level="INFO">gender</msg>
<arg>${key}</arg>
<doc>Logs the given message with the given level.</doc>
<status status="PASS" start="2024-07-05T06:21:48.784376" elapsed="0.000166"/>
</kw>
<var name="${key}">gender</var>
<status status="PASS" start="2024-07-05T06:21:48.782920" elapsed="0.001838"/>
</iter>
<iter>
<kw name="Dictionary Should Contain Key" owner="Collections">
<arg>${json_data['results'][0]}</arg>
<arg>${key}</arg>
<doc>Fails if ``key`` is not found from ``dictionary``.</doc>
<status status="PASS" start="2024-07-05T06:21:48.785058" elapsed="0.000388"/>
</kw>
<kw name="Log" owner="BuiltIn">
<msg time="2024-07-05T06:21:48.785980" level="INFO">{'gender': 'female', 'name': {'title': 'Ms', 'first': 'Aaradhya', 'last': 'Suvarna'}, 'location': {'street': {'number': 3878, 'name': 'Tripolia Bazar'}, 'city': 'Sonipat', 'state': 'Tripura', 'country': 'India', 'postcode': 79863, 'coordinates': {'latitude': '12.1241', 'longitude': '125.0732'}, 'timezone': {'offset': '-3:30', 'description': 'Newfoundland'}}, 'email': 'aaradhya.suvarna@example.com', 'login': {'uuid': '0eb56fee-c9eb-4a6c-9395-cc632a718f47', 'username': 'goldenrabbit817', 'password': 'mike123', 'salt': 'L6SOxVup', 'md5': 'bb372c52d9b421a5d1f5cf709651d632', 'sha1': '90d5bef2abbfc4fc024191924f340da59fbfd729', 'sha256': '676bc814d320137b064c52f4b33f331c832d39c22920fc513fab86cd90a5afff'}, 'dob': {'date': '1966-11-20T08:09:27.697Z', 'age': 57}, 'registered': {'date': '2007-01-20T18:36:56.103Z', 'age': 17}, 'phone': '8405924422', 'cell': '7669969657', 'id': {'name': 'UIDAI', 'value': '773068394051'}, 'picture': {'large': 'https://randomuser.me/api/portraits/women/17.jpg', 'medium': 'https://randomuser.me/api/portraits/med/women/17.jpg', 'thumbnail': 'https://randomuser.me/api/portraits/thumb/women/17.jpg'}, 'nat': 'IN'}</msg>
<arg>${json_data['results'][0]}</arg>
<doc>Logs the given message with the given level.</doc>
<status status="PASS" start="2024-07-05T06:21:48.785630" elapsed="0.000431"/>
</kw>
<kw name="Log" owner="BuiltIn">
<msg time="2024-07-05T06:21:48.786486" level="INFO">name</msg>
<arg>${key}</arg>
<doc>Logs the given message with the given level.</doc>
<status status="PASS" start="2024-07-05T06:21:48.786359" elapsed="0.000166"/>
</kw>
<var name="${key}">name</var>
<status status="PASS" start="2024-07-05T06:21:48.784941" elapsed="0.001816"/>
</iter>
<iter>
<kw name="Dictionary Should Contain Key" owner="Collections">
<arg>${json_data['results'][0]}</arg>
<arg>${key}</arg>
<doc>Fails if ``key`` is not found from ``dictionary``.</doc>
<status status="PASS" start="2024-07-05T06:21:48.787042" elapsed="0.000407"/>
</kw>
<kw name="Log" owner="BuiltIn">
<msg time="2024-07-05T06:21:48.787989" level="INFO">{'gender': 'female', 'name': {'title': 'Ms', 'first': 'Aaradhya', 'last': 'Suvarna'}, 'location': {'street': {'number': 3878, 'name': 'Tripolia Bazar'}, 'city': 'Sonipat', 'state': 'Tripura', 'country': 'India', 'postcode': 79863, 'coordinates': {'latitude': '12.1241', 'longitude': '125.0732'}, 'timezone': {'offset': '-3:30', 'description': 'Newfoundland'}}, 'email': 'aaradhya.suvarna@example.com', 'login': {'uuid': '0eb56fee-c9eb-4a6c-9395-cc632a718f47', 'username': 'goldenrabbit817', 'password': 'mike123', 'salt': 'L6SOxVup', 'md5': 'bb372c52d9b421a5d1f5cf709651d632', 'sha1': '90d5bef2abbfc4fc024191924f340da59fbfd729', 'sha256': '676bc814d320137b064c52f4b33f331c832d39c22920fc513fab86cd90a5afff'}, 'dob': {'date': '1966-11-20T08:09:27.697Z', 'age': 57}, 'registered': {'date': '2007-01-20T18:36:56.103Z', 'age': 17}, 'phone': '8405924422', 'cell': '7669969657', 'id': {'name': 'UIDAI', 'value': '773068394051'}, 'picture': {'large': 'https://randomuser.me/api/portraits/women/17.jpg', 'medium': 'https://randomuser.me/api/portraits/med/women/17.jpg', 'thumbnail': 'https://randomuser.me/api/portraits/thumb/women/17.jpg'}, 'nat': 'IN'}</msg>
<arg>${json_data['results'][0]}</arg>
<doc>Logs the given message with the given level.</doc>
<status status="PASS" start="2024-07-05T06:21:48.787638" elapsed="0.000399"/>
</kw>
<kw name="Log" owner="BuiltIn">
<msg time="2024-07-05T06:21:48.788461" level="INFO">location</msg>
<arg>${key}</arg>
<doc>Logs the given message with the given level.</doc>
<status status="PASS" start="2024-07-05T06:21:48.788333" elapsed="0.000166"/>
</kw>
<var name="${key}">location</var>
<status status="PASS" start="2024-07-05T06:21:48.786934" elapsed="0.001779"/>
</iter>
<iter>
<kw name="Dictionary Should Contain Key" owner="Collections">
<arg>${json_data['results'][0]}</arg>
<arg>${key}</arg>
<doc>Fails if ``key`` is not found from ``dictionary``.</doc>
<status status="PASS" start="2024-07-05T06:21:48.788990" elapsed="0.000390"/>
</kw>
<kw name="Log" owner="BuiltIn">
<msg time="2024-07-05T06:21:48.789913" level="INFO">{'gender': 'female', 'name': {'title': 'Ms', 'first': 'Aaradhya', 'last': 'Suvarna'}, 'location': {'street': {'number': 3878, 'name': 'Tripolia Bazar'}, 'city': 'Sonipat', 'state': 'Tripura', 'country': 'India', 'postcode': 79863, 'coordinates': {'latitude': '12.1241', 'longitude': '125.0732'}, 'timezone': {'offset': '-3:30', 'description': 'Newfoundland'}}, 'email': 'aaradhya.suvarna@example.com', 'login': {'uuid': '0eb56fee-c9eb-4a6c-9395-cc632a718f47', 'username': 'goldenrabbit817', 'password': 'mike123', 'salt': 'L6SOxVup', 'md5': 'bb372c52d9b421a5d1f5cf709651d632', 'sha1': '90d5bef2abbfc4fc024191924f340da59fbfd729', 'sha256': '676bc814d320137b064c52f4b33f331c832d39c22920fc513fab86cd90a5afff'}, 'dob': {'date': '1966-11-20T08:09:27.697Z', 'age': 57}, 'registered': {'date': '2007-01-20T18:36:56.103Z', 'age': 17}, 'phone': '8405924422', 'cell': '7669969657', 'id': {'name': 'UIDAI', 'value': '773068394051'}, 'picture': {'large': 'https://randomuser.me/api/portraits/women/17.jpg', 'medium': 'https://randomuser.me/api/portraits/med/women/17.jpg', 'thumbnail': 'https://randomuser.me/api/portraits/thumb/women/17.jpg'}, 'nat': 'IN'}</msg>
<arg>${json_data['results'][0]}</arg>
<doc>Logs the given message with the given level.</doc>
<status status="PASS" start="2024-07-05T06:21:48.789566" elapsed="0.000396"/>
</kw>
<kw name="Log" owner="BuiltIn">
<msg time="2024-07-05T06:21:48.790379" level="INFO">email</msg>
<arg>${key}</arg>
<doc>Logs the given message with the given level.</doc>
<status status="PASS" start="2024-07-05T06:21:48.790252" elapsed="0.000166"/>
</kw>
<var name="${key}">email</var>
<status status="PASS" start="2024-07-05T06:21:48.788883" elapsed="0.001749"/>
</iter>
<iter>
<kw name="Dictionary Should Contain Key" owner="Collections">
<arg>${json_data['results'][0]}</arg>
<arg>${key}</arg>
<doc>Fails if ``key`` is not found from ``dictionary``.</doc>
<status status="PASS" start="2024-07-05T06:21:48.790918" elapsed="0.000422"/>
</kw>
<kw name="Log" owner="BuiltIn">
<msg time="2024-07-05T06:21:48.791875" level="INFO">{'gender': 'female', 'name': {'title': 'Ms', 'first': 'Aaradhya', 'last': 'Suvarna'}, 'location': {'street': {'number': 3878, 'name': 'Tripolia Bazar'}, 'city': 'Sonipat', 'state': 'Tripura', 'country': 'India', 'postcode': 79863, 'coordinates': {'latitude': '12.1241', 'longitude': '125.0732'}, 'timezone': {'offset': '-3:30', 'description': 'Newfoundland'}}, 'email': 'aaradhya.suvarna@example.com', 'login': {'uuid': '0eb56fee-c9eb-4a6c-9395-cc632a718f47', 'username': 'goldenrabbit817', 'password': 'mike123', 'salt': 'L6SOxVup', 'md5': 'bb372c52d9b421a5d1f5cf709651d632', 'sha1': '90d5bef2abbfc4fc024191924f340da59fbfd729', 'sha256': '676bc814d320137b064c52f4b33f331c832d39c22920fc513fab86cd90a5afff'}, 'dob': {'date': '1966-11-20T08:09:27.697Z', 'age': 57}, 'registered': {'date': '2007-01-20T18:36:56.103Z', 'age': 17}, 'phone': '8405924422', 'cell': '7669969657', 'id': {'name': 'UIDAI', 'value': '773068394051'}, 'picture': {'large': 'https://randomuser.me/api/portraits/women/17.jpg', 'medium': 'https://randomuser.me/api/portraits/med/women/17.jpg', 'thumbnail': 'https://randomuser.me/api/portraits/thumb/women/17.jpg'}, 'nat': 'IN'}</msg>
<arg>${json_data['results'][0]}</arg>
<doc>Logs the given message with the given level.</doc>
<status status="PASS" start="2024-07-05T06:21:48.791525" elapsed="0.000398"/>
</kw>
<kw name="Log" owner="BuiltIn">
<msg time="2024-07-05T06:21:48.792344" level="INFO">login</msg>
<arg>${key}</arg>
<doc>Logs the given message with the given level.</doc>
<status status="PASS" start="2024-07-05T06:21:48.792217" elapsed="0.000166"/>
</kw>
<var name="${key}">login</var>
<status status="PASS" start="2024-07-05T06:21:48.790805" elapsed="0.001790"/>
</iter>
<var>${key}</var>
<value>@{expected_keys}</value>
<status status="PASS" start="2024-07-05T06:21:48.782730" elapsed="0.009986"/>
</for>
<kw name="Create List" owner="BuiltIn">
<msg time="2024-07-05T06:21:48.793045" level="INFO">${expected_keysTwo} = ['username', 'password']</msg>
<var>${expected_keysTwo}</var>
<arg>username</arg>
<arg>password</arg>
<doc>Returns a list containing given items.</doc>
<status status="PASS" start="2024-07-05T06:21:48.792904" elapsed="0.000165"/>
</kw>
<for flavor="IN">
<iter>
<kw name="Dictionary Should Contain Key" owner="Collections">
<arg>${json_data['results'][0]['login']}</arg>
<arg>${keyTwo}</arg>
<doc>Fails if ``key`` is not found from ``dictionary``.</doc>
<status status="PASS" start="2024-07-05T06:21:48.793589" elapsed="0.000390"/>
</kw>
<kw name="Dictionary Should Contain Key" owner="Collections">
<arg>${json_data['results'][0]['login']}</arg>
<arg>${keyTwo}</arg>
<doc>Fails if ``key`` is not found from ``dictionary``.</doc>
<status status="PASS" start="2024-07-05T06:21:48.794160" elapsed="0.000374"/>
</kw>
<kw name="Log" owner="BuiltIn">
<msg time="2024-07-05T06:21:48.794839" level="INFO">username</msg>
<arg>${keyTwo}</arg>
<doc>Logs the given message with the given level.</doc>
<status status="PASS" start="2024-07-05T06:21:48.794717" elapsed="0.000160"/>
</kw>
<var name="${keyTwo}">username</var>
<status status="PASS" start="2024-07-05T06:21:48.793481" elapsed="0.001640"/>
</iter>
<iter>
<kw name="Dictionary Should Contain Key" owner="Collections">
<arg>${json_data['results'][0]['login']}</arg>
<arg>${keyTwo}</arg>
<doc>Fails if ``key`` is not found from ``dictionary``.</doc>
<status status="PASS" start="2024-07-05T06:21:48.795402" elapsed="0.000381"/>
</kw>
<kw name="Dictionary Should Contain Key" owner="Collections">
<arg>${json_data['results'][0]['login']}</arg>
<arg>${keyTwo}</arg>
<doc>Fails if ``key`` is not found from ``dictionary``.</doc>
<status status="PASS" start="2024-07-05T06:21:48.795961" elapsed="0.000374"/>
</kw>
<kw name="Log" owner="BuiltIn">
<msg time="2024-07-05T06:21:48.796629" level="INFO">password</msg>
<arg>${keyTwo}</arg>
<doc>Logs the given message with the given level.</doc>
<status status="PASS" start="2024-07-05T06:21:48.796511" elapsed="0.000159"/>
</kw>
<var name="${keyTwo}">password</var>
<status status="PASS" start="2024-07-05T06:21:48.795295" elapsed="0.001685"/>
</iter>
<var>${keyTwo}</var>
<value>@{expected_keysTwo}</value>
<status status="PASS" start="2024-07-05T06:21:48.793328" elapsed="0.003774"/>
</for>
<status status="PASS" start="2024-07-05T06:21:48.678261" elapsed="0.118976"/>
</kw>
<doc>Testa a estrutura da resposta da API.</doc>
<tag>testeEstruturaResposta</tag>
<status status="PASS" start="2024-07-05T06:21:48.677787" elapsed="0.119592"/>
</test>
<test id="s1-s1-t4" name="Validar tipos de dados" line="28">
<kw name="Teste de Tipos de Dados" owner="random-user-service">
<kw name="GET On Session" owner="RequestsLibrary">
<msg time="2024-07-05T06:21:48.877458" level="INFO">GET Request : url=https://randomuser.me/api 
 path_url=/api 
 headers={'User-Agent': 'python-requests/2.32.3', 'Accept-Encoding': 'gzip, deflate', 'Accept': '*/*', 'Connection': 'keep-alive'} 
 body=None 
 </msg>
<msg time="2024-07-05T06:21:48.877544" level="INFO">GET Response : url=https://randomuser.me/api 
 status=200, reason=OK 
 headers={'Date': 'Fri, 05 Jul 2024 06:21:48 GMT', 'Content-Type': 'application/json; charset=utf-8', 'Transfer-Encoding': 'chunked', 'Connection': 'keep-alive', 'X-Powered-By': 'Express', 'Access-Control-Allow-Origin': '*', 'Cache-Control': 'no-cache', 'ETag': 'W/"4aa-Vr6E6B4GHASSNHQVEhWNOwPPntw"', 'Vary': 'Accept-Encoding', 'Content-Encoding': 'gzip', 'CF-Cache-Status': 'DYNAMIC', 'Report-To': '{"endpoints":[{"url":"https:\\/\\/a.nel.cloudflare.com\\/report\\/v4?s=8q0L%2FKpEn7vtF1NwEyQT4adZy%2BE%2Bs0ALqZ72H7qcKpjuqzrWQ5EGI1pqox1WWt8AJNKqveR7GXpgJjE%2BAkC%2FAuWHVl4pujQpuTS%2B7%2B2GVOPbLs73TbbSxzE%2Bkb0ydAzW"}],"group":"cf-nel","max_age":604800}', 'NEL': '{"success_fraction":0,"report_to":"cf-nel","max_age":604800}', 'Server': 'cloudflare', 'CF-RAY': '89e541cc0b0f241d-IAD', 'alt-svc': 'h3=":443"; ma=86400'} 
 body={"results":[{"gender":"male","name":{"title":"Mr","first":"احسان","last":"زارعی"},"location":{"street":{"number":569,"name":"امیرکبیر"},"city":"کرمانشاه","state":"کهگیلویه و بویراحمد","country":"Iran","postcode":66281,"coordinates":{"latitude":"15.9202","longitude":"-126.2682"},"timezone":{"offset":"-4:00","description":"Atlantic Time (Canada), Caracas, La Paz"}},"email":"hsn.zraay@example.com","login":{"uuid":"24402eea-956a-4a2c-9840-78fe82f80f57","username":"crazybird530","password":"lopez","salt":"LtxQNkUu","md5":"87a2773d0915f1c74c92b0f8f9efb0c8","sha1":"edf4794c5abc96b7396c7b873cd76f340397272c","sha256":"5415a3d6d488faddbe8411db535de0599ab91f250a054402ae90b75dd74dc99b"},"dob":{"date":"1976-06-10T04:54:15.029Z","age":48},"registered":{"date":"2022-04-12T21:55:44.537Z","age":2},"phone":"051-95093457","cell":"0998-996-5484","id":{"name":"","value":null},"picture":{"large":"https://randomuser.me/api/portraits/men/93.jpg","medium":"https://randomuser.me/api/portraits/med/men/93.jpg","thumbnail":"https://randomuser.me/api/portraits/thumb/men/93.jpg"},"nat":"IR"}],"info":{"seed":"b2f010e2ef910fe9","results":1,"page":1,"version":"1.4"}} 
 </msg>
<msg time="2024-07-05T06:21:48.877622" level="INFO">/opt/hostedtoolcache/Python/3.12.4/x64/lib/python3.12/site-packages/urllib3/connectionpool.py:1099: InsecureRequestWarning: Unverified HTTPS request is being made to host 'randomuser.me'. Adding certificate verification is strongly advised. See: https://urllib3.readthedocs.io/en/latest/advanced-usage.html#tls-warnings
  warnings.warn(</msg>
<msg time="2024-07-05T06:21:48.877733" level="INFO">${response} = &lt;Response [200]&gt;</msg>
<var>${response}</var>
<arg>consultarAPI</arg>
<arg>/api</arg>
<doc>Sends a GET request on a previously created HTTP Session.</doc>
<status status="PASS" start="2024-07-05T06:21:48.799809" elapsed="0.077965"/>
</kw>
<kw name="Set Variable" owner="BuiltIn">
<msg time="2024-07-05T06:21:48.878613" level="INFO">${json_data} = {'results': [{'gender': 'male', 'name': {'title': 'Mr', 'first': 'احسان', 'last': 'زارعی'}, 'location': {'street': {'number': 569, 'name': 'امیرکبیر'}, 'city': 'کرمانشاه', 'state': 'کهگیلویه و بویراحم...</msg>
<var>${json_data}</var>
<arg>${response.json()}</arg>
<doc>Returns the given values which can then be assigned to a variables.</doc>
<status status="PASS" start="2024-07-05T06:21:48.878156" elapsed="0.000487"/>
</kw>
<kw name="Log" owner="BuiltIn">
<msg time="2024-07-05T06:21:48.879159" level="INFO">{'results': [{'gender': 'male', 'name': {'title': 'Mr', 'first': 'احسان', 'last': 'زارعی'}, 'location': {'street': {'number': 569, 'name': 'امیرکبیر'}, 'city': 'کرمانشاه', 'state': 'کهگیلویه و بویراحمد', 'country': 'Iran', 'postcode': 66281, 'coordinates': {'latitude': '15.9202', 'longitude': '-126.2682'}, 'timezone': {'offset': '-4:00', 'description': 'Atlantic Time (Canada), Caracas, La Paz'}}, 'email': 'hsn.zraay@example.com', 'login': {'uuid': '24402eea-956a-4a2c-9840-78fe82f80f57', 'username': 'crazybird530', 'password': 'lopez', 'salt': 'LtxQNkUu', 'md5': '87a2773d0915f1c74c92b0f8f9efb0c8', 'sha1': 'edf4794c5abc96b7396c7b873cd76f340397272c', 'sha256': '5415a3d6d488faddbe8411db535de0599ab91f250a054402ae90b75dd74dc99b'}, 'dob': {'date': '1976-06-10T04:54:15.029Z', 'age': 48}, 'registered': {'date': '2022-04-12T21:55:44.537Z', 'age': 2}, 'phone': '051-95093457', 'cell': '0998-996-5484', 'id': {'name': '', 'value': None}, 'picture': {'large': 'https://randomuser.me/api/portraits/men/93.jpg', 'medium': 'https://randomuser.me/api/portraits/med/men/93.jpg', 'thumbnail': 'https://randomuser.me/api/portraits/thumb/men/93.jpg'}, 'nat': 'IR'}], 'info': {'seed': 'b2f010e2ef910fe9', 'results': 1, 'page': 1, 'version': '1.4'}}</msg>
<arg>${json_data}</arg>
<doc>Logs the given message with the given level.</doc>
<status status="PASS" start="2024-07-05T06:21:48.878954" elapsed="0.000263"/>
</kw>
<kw name="Should Be String" owner="String">
<arg>${json_data['results'][0]['gender']}</arg>
<doc>Fails if the given ``item`` is not a string.</doc>
<status status="PASS" start="2024-07-05T06:21:48.879519" elapsed="0.000354"/>
</kw>
<kw name="Should Match Regexp" owner="BuiltIn">
<arg>${json_data['results'][0]['email']}</arg>
<arg>^[a-zA-Z0-9._%+-]+@[a-zA-Z0-9.-]+\.[a-zA-Z]{2,}$</arg>
<doc>Fails if ``string`` does not match ``pattern`` as a regular expression.</doc>
<status status="PASS" start="2024-07-05T06:21:48.880059" elapsed="0.000516"/>
</kw>
<kw name="Should Match Regexp" owner="BuiltIn">
<arg>${json_data['results'][0]['dob']['date']}</arg>
<arg>\\d{4}-\\d{2}-\\d{2}T\\d{2}:\\d{2}:\\d{2}\\.\\d{3}Z</arg>
<doc>Fails if ``string`` does not match ``pattern`` as a regular expression.</doc>
<status status="PASS" start="2024-07-05T06:21:48.880802" elapsed="0.000490"/>
</kw>
<kw name="Should Match Regexp" owner="BuiltIn">
<arg>${json_data['results'][0]['registered']['date']}</arg>
<arg>\\d{4}-\\d{2}-\\d{2}T\\d{2}:\\d{2}:\\d{2}\\.\\d{3}Z</arg>
<doc>Fails if ``string`` does not match ``pattern`` as a regular expression.</doc>
<status status="PASS" start="2024-07-05T06:21:48.881482" elapsed="0.000374"/>
</kw>
<kw name="Should Match Regexp" owner="BuiltIn">
<arg>${json_data['results'][0]['picture']['large']}</arg>
<arg>^https?://.*\.(?:png|jpe?g|gif|bmp)$</arg>
<doc>Fails if ``string`` does not match ``pattern`` as a regular expression.</doc>
<status status="PASS" start="2024-07-05T06:21:48.882041" elapsed="0.000455"/>
</kw>
<kw name="Should Match Regexp" owner="BuiltIn">
<arg>${json_data['results'][0]['picture']['medium']}</arg>
<arg>^https?://.*\.(?:png|jpe?g|gif|bmp)$</arg>
<doc>Fails if ``string`` does not match ``pattern`` as a regular expression.</doc>
<status status="PASS" start="2024-07-05T06:21:48.882680" elapsed="0.000349"/>
</kw>
<kw name="Should Match Regexp" owner="BuiltIn">
<arg>${json_data['results'][0]['picture']['thumbnail']}</arg>
<arg>^https?://.*\.(?:png|jpe?g|gif|bmp)$</arg>
<doc>Fails if ``string`` does not match ``pattern`` as a regular expression.</doc>
<status status="PASS" start="2024-07-05T06:21:48.883242" elapsed="0.000358"/>
</kw>
<kw name="Log" owner="BuiltIn">
<msg time="2024-07-05T06:21:48.884109" level="INFO">{'large': 'https://randomuser.me/api/portraits/men/93.jpg', 'medium': 'https://randomuser.me/api/portraits/med/men/93.jpg', 'thumbnail': 'https://randomuser.me/api/portraits/thumb/men/93.jpg'}</msg>
<arg>${json_data['results'][0]['picture']}</arg>
<doc>Logs the given message with the given level.</doc>
<status status="PASS" start="2024-07-05T06:21:48.883777" elapsed="0.000374"/>
</kw>
<status status="PASS" start="2024-07-05T06:21:48.799594" elapsed="0.084810"/>
</kw>
<kw name="Teste de Tipos de Dados - Postcode" owner="random-user-service">
<kw name="GET On Session" owner="RequestsLibrary">
<msg time="2024-07-05T06:21:48.986121" level="INFO">GET Request : url=https://randomuser.me/api 
 path_url=/api 
 headers={'User-Agent': 'python-requests/2.32.3', 'Accept-Encoding': 'gzip, deflate', 'Accept': '*/*', 'Connection': 'keep-alive'} 
 body=None 
 </msg>
<msg time="2024-07-05T06:21:48.986183" level="INFO">GET Response : url=https://randomuser.me/api 
 status=200, reason=OK 
 headers={'Date': 'Fri, 05 Jul 2024 06:21:48 GMT', 'Content-Type': 'application/json; charset=utf-8', 'Transfer-Encoding': 'chunked', 'Connection': 'keep-alive', 'X-Powered-By': 'Express', 'Access-Control-Allow-Origin': '*', 'Cache-Control': 'no-cache', 'ETag': 'W/"48b-Rm11mSRcNBJPAeIqboehzf9poUo"', 'Vary': 'Accept-Encoding', 'Content-Encoding': 'gzip', 'CF-Cache-Status': 'DYNAMIC', 'Report-To': '{"endpoints":[{"url":"https:\\/\\/a.nel.cloudflare.com\\/report\\/v4?s=pe8q0kpOavHUaRhuJRzQ4ngnMxdTkpu%2BTbmU2%2FM7tEWoQAVSRxMyivlBoN3ptNX5%2FbhW%2FBJojRt3qZAsG1tX%2Fsh5W5xRwegBStSC082CT7Ad%2BfPrXZXrRuka3ToqmPSF"}],"group":"cf-nel","max_age":604800}', 'NEL': '{"success_fraction":0,"report_to":"cf-nel","max_age":604800}', 'Server': 'cloudflare', 'CF-RAY': '89e541cc8b6b241d-IAD', 'alt-svc': 'h3=":443"; ma=86400'} 
 body={"results":[{"gender":"female","name":{"title":"Mrs","first":"Melissa","last":"Matthews"},"location":{"street":{"number":4907,"name":"York Road"},"city":"Kilcoole","state":"Meath","country":"Ireland","postcode":54676,"coordinates":{"latitude":"-4.2827","longitude":"66.7803"},"timezone":{"offset":"+1:00","description":"Brussels, Copenhagen, Madrid, Paris"}},"email":"melissa.matthews@example.com","login":{"uuid":"b9977f7a-7934-4b52-9ed7-d4a41032fb2c","username":"heavyswan362","password":"stock","salt":"MpqRule3","md5":"edb683616b053f487f124dbf1ca99429","sha1":"c790267cee86cc9aed11ae977740be6b1fc3f24c","sha256":"9056163ed02bd6c89c4fb060795b2a2a06cce0e3a7aef17744e54389e0098e18"},"dob":{"date":"1981-06-23T21:17:04.345Z","age":43},"registered":{"date":"2008-01-25T00:26:53.439Z","age":16},"phone":"011-219-7179","cell":"081-063-6325","id":{"name":"PPS","value":"8450347T"},"picture":{"large":"https://randomuser.me/api/portraits/women/7.jpg","medium":"https://randomuser.me/api/portraits/med/women/7.jpg","thumbnail":"https://randomuser.me/api/portraits/thumb/women/7.jpg"},"nat":"IE"}],"info":{"seed":"b19cbb89aeaf2d78","results":1,"page":1,"version":"1.4"}} 
 </msg>
<msg time="2024-07-05T06:21:48.986238" level="INFO">/opt/hostedtoolcache/Python/3.12.4/x64/lib/python3.12/site-packages/urllib3/connectionpool.py:1099: InsecureRequestWarning: Unverified HTTPS request is being made to host 'randomuser.me'. Adding certificate verification is strongly advised. See: https://urllib3.readthedocs.io/en/latest/advanced-usage.html#tls-warnings
  warnings.warn(</msg>
<msg time="2024-07-05T06:21:48.986320" level="INFO">${response} = &lt;Response [200]&gt;</msg>
<var>${response}</var>
<arg>consultarAPI</arg>
<arg>/api</arg>
<doc>Sends a GET request on a previously created HTTP Session.</doc>
<status status="PASS" start="2024-07-05T06:21:48.884827" elapsed="0.101517"/>
</kw>
<kw name="Set Variable" owner="BuiltIn">
<msg time="2024-07-05T06:21:48.987221" level="INFO">${json_data} = {'results': [{'gender': 'female', 'name': {'title': 'Mrs', 'first': 'Melissa', 'last': 'Matthews'}, 'location': {'street': {'number': 4907, 'name': 'York Road'}, 'city': 'Kilcoole', 'state': 'Meath', ...</msg>
<var>${json_data}</var>
<arg>${response.json()}</arg>
<doc>Returns the given values which can then be assigned to a variables.</doc>
<status status="PASS" start="2024-07-05T06:21:48.986718" elapsed="0.000532"/>
</kw>
<kw name="Log" owner="BuiltIn">
<msg time="2024-07-05T06:21:48.987711" level="INFO">{'results': [{'gender': 'female', 'name': {'title': 'Mrs', 'first': 'Melissa', 'last': 'Matthews'}, 'location': {'street': {'number': 4907, 'name': 'York Road'}, 'city': 'Kilcoole', 'state': 'Meath', 'country': 'Ireland', 'postcode': 54676, 'coordinates': {'latitude': '-4.2827', 'longitude': '66.7803'}, 'timezone': {'offset': '+1:00', 'description': 'Brussels, Copenhagen, Madrid, Paris'}}, 'email': 'melissa.matthews@example.com', 'login': {'uuid': 'b9977f7a-7934-4b52-9ed7-d4a41032fb2c', 'username': 'heavyswan362', 'password': 'stock', 'salt': 'MpqRule3', 'md5': 'edb683616b053f487f124dbf1ca99429', 'sha1': 'c790267cee86cc9aed11ae977740be6b1fc3f24c', 'sha256': '9056163ed02bd6c89c4fb060795b2a2a06cce0e3a7aef17744e54389e0098e18'}, 'dob': {'date': '1981-06-23T21:17:04.345Z', 'age': 43}, 'registered': {'date': '2008-01-25T00:26:53.439Z', 'age': 16}, 'phone': '011-219-7179', 'cell': '081-063-6325', 'id': {'name': 'PPS', 'value': '8450347T'}, 'picture': {'large': 'https://randomuser.me/api/portraits/women/7.jpg', 'medium': 'https://randomuser.me/api/portraits/med/women/7.jpg', 'thumbnail': 'https://randomuser.me/api/portraits/thumb/women/7.jpg'}, 'nat': 'IE'}], 'info': {'seed': 'b19cbb89aeaf2d78', 'results': 1, 'page': 1, 'version': '1.4'}}</msg>
<arg>${json_data}</arg>
<doc>Logs the given message with the given level.</doc>
<status status="PASS" start="2024-07-05T06:21:48.987557" elapsed="0.000201"/>
</kw>
<kw name="Should Be Equal As Numbers" owner="BuiltIn">
<arg>${json_data['results'][0]['location']['postcode']}</arg>
<arg>${json_data['results'][0]['location']['postcode']}</arg>
<doc>Fails if objects are unequal after converting them to real numbers.</doc>
<status status="PASS" start="2024-07-05T06:21:48.988054" elapsed="0.000621"/>
</kw>
<kw name="Log" owner="BuiltIn">
<msg time="2024-07-05T06:21:48.989324" level="INFO">54676</msg>
<arg>${json_data['results'][0]['location']['postcode']}</arg>
<doc>Logs the given message with the given level.</doc>
<status status="PASS" start="2024-07-05T06:21:48.988867" elapsed="0.000499"/>
</kw>
<status status="PASS" start="2024-07-05T06:21:48.884614" elapsed="0.105029"/>
</kw>
<doc>Testa se os tipos de dados na resposta da API estão corretos.</doc>
<tag>testeTiposDados</tag>
<status status="PASS" start="2024-07-05T06:21:48.799160" elapsed="0.190658"/>
</test>
<test id="s1-s1-t5" name="Validar conteudo" line="35">
<kw name="Teste de Tipos de Conteudo" owner="random-user-service">
<kw name="GET On Session" owner="RequestsLibrary">
<msg time="2024-07-05T06:21:49.073463" level="INFO">GET Request : url=https://randomuser.me/api 
 path_url=/api 
 headers={'User-Agent': 'python-requests/2.32.3', 'Accept-Encoding': 'gzip, deflate', 'Accept': '*/*', 'Connection': 'keep-alive'} 
 body=None 
 </msg>
<msg time="2024-07-05T06:21:49.073553" level="INFO">GET Response : url=https://randomuser.me/api 
 status=200, reason=OK 
 headers={'Date': 'Fri, 05 Jul 2024 06:21:49 GMT', 'Content-Type': 'application/json; charset=utf-8', 'Transfer-Encoding': 'chunked', 'Connection': 'keep-alive', 'X-Powered-By': 'Express', 'Access-Control-Allow-Origin': '*', 'Cache-Control': 'no-cache', 'ETag': 'W/"499-Xr/0OxNnAiQeCDZu6Gs+xhPDw7M"', 'Vary': 'Accept-Encoding', 'Content-Encoding': 'gzip', 'CF-Cache-Status': 'DYNAMIC', 'Report-To': '{"endpoints":[{"url":"https:\\/\\/a.nel.cloudflare.com\\/report\\/v4?s=OM6FURB45O8pNcBGY86VUdaHj9uwa3zQnXHOKF7de1nZ%2FzF80NFjHLtEA2HY98ofdqTca72%2BN8cuYtEDWx5PGzYbeaUtOVQZUmL10y%2Fc1TKzCJWlQiGQPqjkrK2D9hVd"}],"group":"cf-nel","max_age":604800}', 'NEL': '{"success_fraction":0,"report_to":"cf-nel","max_age":604800}', 'Server': 'cloudflare', 'CF-RAY': '89e541cd3c04241d-IAD', 'alt-svc': 'h3=":443"; ma=86400'} 
 body={"results":[{"gender":"male","name":{"title":"Mr","first":"Didaco","last":"Lopes"},"location":{"street":{"number":1420,"name":"Avenida da Legalidade"},"city":"Itaboraí","state":"Distrito Federal","country":"Brazil","postcode":85801,"coordinates":{"latitude":"-74.9178","longitude":"-95.0989"},"timezone":{"offset":"-8:00","description":"Pacific Time (US &amp; Canada)"}},"email":"didaco.lopes@example.com","login":{"uuid":"4822063d-5401-4b3f-83ca-36ecc8e236a4","username":"silvermouse279","password":"clarke","salt":"upaeQo9d","md5":"dbcf3b7ef731e4f40b0af962d590f68a","sha1":"d4f2b16187c672a55900dad593ef3827229144b8","sha256":"08670d2b2f7a184af08338c2e2c7d02ddb2ca1b65c013c0abdec431275344393"},"dob":{"date":"1966-06-14T03:53:32.959Z","age":58},"registered":{"date":"2020-12-09T16:58:13.311Z","age":3},"phone":"(75) 9113-6244","cell":"(73) 9283-3496","id":{"name":"CPF","value":"719.093.416-33"},"picture":{"large":"https://randomuser.me/api/portraits/men/76.jpg","medium":"https://randomuser.me/api/portraits/med/men/76.jpg","thumbnail":"https://randomuser.me/api/portraits/thumb/men/76.jpg"},"nat":"BR"}],"info":{"seed":"cbf3e00182d8a2d9","results":1,"page":1,"version":"1.4"}} 
 </msg>
<msg time="2024-07-05T06:21:49.073632" level="INFO">/opt/hostedtoolcache/Python/3.12.4/x64/lib/python3.12/site-packages/urllib3/connectionpool.py:1099: InsecureRequestWarning: Unverified HTTPS request is being made to host 'randomuser.me'. Adding certificate verification is strongly advised. See: https://urllib3.readthedocs.io/en/latest/advanced-usage.html#tls-warnings
  warnings.warn(</msg>
<msg time="2024-07-05T06:21:49.073748" level="INFO">${response} = &lt;Response [200]&gt;</msg>
<var>${response}</var>
<arg>consultarAPI</arg>
<arg>/api</arg>
<doc>Sends a GET request on a previously created HTTP Session.</doc>
<status status="PASS" start="2024-07-05T06:21:48.992576" elapsed="0.081217"/>
</kw>
<kw name="Set Variable" owner="BuiltIn">
<msg time="2024-07-05T06:21:49.074713" level="INFO">${json_data} = {'results': [{'gender': 'male', 'name': {'title': 'Mr', 'first': 'Didaco', 'last': 'Lopes'}, 'location': {'street': {'number': 1420, 'name': 'Avenida da Legalidade'}, 'city': 'Itaboraí', 'state': 'Dis...</msg>
<var>${json_data}</var>
<arg>${response.json()}</arg>
<doc>Returns the given values which can then be assigned to a variables.</doc>
<status status="PASS" start="2024-07-05T06:21:49.074265" elapsed="0.000478"/>
</kw>
<kw name="Set Variable" owner="BuiltIn">
<msg time="2024-07-05T06:21:49.075479" level="INFO">${name_title} = Mr</msg>
<var>${name_title}</var>
<arg>${json_data["results"][0]["name"]["title"]}</arg>
<doc>Returns the given values which can then be assigned to a variables.</doc>
<status status="PASS" start="2024-07-05T06:21:49.075044" elapsed="0.000461"/>
</kw>
<kw name="Create List" owner="BuiltIn">
<msg time="2024-07-05T06:21:49.075950" level="INFO">${allowed_titles} = ['Mr', 'Ms', 'Miss', 'Mrs', 'Madame', 'Monsieur']</msg>
<var>${allowed_titles}</var>
<arg>Mr</arg>
<arg>Ms</arg>
<arg>Miss</arg>
<arg>Mrs</arg>
<arg>Madame</arg>
<arg>Monsieur</arg>
<doc>Returns a list containing given items.</doc>
<status status="PASS" start="2024-07-05T06:21:49.075801" elapsed="0.000174"/>
</kw>
<kw name="List Should Contain Value" owner="Collections">
<arg>${allowed_titles}</arg>
<arg>${name_title}</arg>
<doc>Fails if the ``value`` is not found from ``list``.</doc>
<status status="PASS" start="2024-07-05T06:21:49.076275" elapsed="0.000173"/>
</kw>
<kw name="Set Variable" owner="BuiltIn">
<msg time="2024-07-05T06:21:49.076997" level="INFO">${name_country} = BR</msg>
<var>${name_country}</var>
<arg>${json_data["results"][0]["nat"]}</arg>
<doc>Returns the given values which can then be assigned to a variables.</doc>
<status status="PASS" start="2024-07-05T06:21:49.076628" elapsed="0.000394"/>
</kw>
<kw name="Create List" owner="BuiltIn">
<msg time="2024-07-05T06:21:49.077911" level="INFO">${list_country} = ['AD', 'AE', 'AF', 'AG', 'AI', 'AL', 'AM', 'AO', 'AQ', 'AR', 'AS', 'AT', 'AU', 'AW', 'AX', 'AZ', 'BA', 'BB', 'BD', 'BE', 'BF', 'BG', 'BH', 'BI', 'BJ', 'BL', 'BM', 'BN', 'BO', 'BQ', 'BR', 'BS', 'BT', '...</msg>
<var>${list_country}</var>
<arg>AD</arg>
<arg>AE</arg>
<arg>AF</arg>
<arg>AG</arg>
<arg>AI</arg>
<arg>AL</arg>
<arg>AM</arg>
<arg>AO</arg>
<arg>AQ</arg>
<arg>AR</arg>
<arg>AS</arg>
<arg>AT</arg>
<arg>AU</arg>
<arg>AW</arg>
<arg>AX</arg>
<arg>AZ</arg>
<arg>BA</arg>
<arg>BB</arg>
<arg>BD</arg>
<arg>BE</arg>
<arg>BF</arg>
<arg>BG</arg>
<arg>BH</arg>
<arg>BI</arg>
<arg>BJ</arg>
<arg>BL</arg>
<arg>BM</arg>
<arg>BN</arg>
<arg>BO</arg>
<arg>BQ</arg>
<arg>BR</arg>
<arg>BS</arg>
<arg>BT</arg>
<arg>BV</arg>
<arg>BW</arg>
<arg>BY</arg>
<arg>BZ</arg>
<arg>CA</arg>
<arg>CC</arg>
<arg>CD</arg>
<arg>CF</arg>
<arg>CG</arg>
<arg>CH</arg>
<arg>CI</arg>
<arg>CK</arg>
<arg>CL</arg>
<arg>CM</arg>
<arg>CN</arg>
<arg>CO</arg>
<arg>CR</arg>
<arg>CU</arg>
<arg>CV</arg>
<arg>CW</arg>
<arg>CX</arg>
<arg>CY</arg>
<arg>CZ</arg>
<arg>DE</arg>
<arg>DJ</arg>
<arg>DK</arg>
<arg>DM</arg>
<arg>DO</arg>
<arg>DZ</arg>
<arg>EC</arg>
<arg>EE</arg>
<arg>EG</arg>
<arg>EH</arg>
<arg>ER</arg>
<arg>ES</arg>
<arg>ET</arg>
<arg>FI</arg>
<arg>FJ</arg>
<arg>FK</arg>
<arg>FM</arg>
<arg>FO</arg>
<arg>FR</arg>
<arg>GA</arg>
<arg>GB</arg>
<arg>GD</arg>
<arg>GE</arg>
<arg>GF</arg>
<arg>GG</arg>
<arg>GH</arg>
<arg>GI</arg>
<arg>GL</arg>
<arg>GM</arg>
<arg>GN</arg>
<arg>GP</arg>
<arg>GQ</arg>
<arg>GR</arg>
<arg>GS</arg>
<arg>GT</arg>
<arg>GU</arg>
<arg>GW</arg>
<arg>GY</arg>
<arg>HK</arg>
<arg>HM</arg>
<arg>HN</arg>
<arg>HR</arg>
<arg>HT</arg>
<arg>HU</arg>
<arg>ID</arg>
<arg>IE</arg>
<arg>IL</arg>
<arg>IM</arg>
<arg>IN</arg>
<arg>IO</arg>
<arg>IQ</arg>
<arg>IR</arg>
<arg>IS</arg>
<arg>IT</arg>
<arg>JE</arg>
<arg>JM</arg>
<arg>JO</arg>
<arg>JP</arg>
<arg>KE</arg>
<arg>KG</arg>
<arg>KH</arg>
<arg>KI</arg>
<arg>KM</arg>
<arg>KN</arg>
<arg>KP</arg>
<arg>KR</arg>
<arg>KW</arg>
<arg>KY</arg>
<arg>KZ</arg>
<arg>LA</arg>
<arg>LB</arg>
<arg>LC</arg>
<arg>LI</arg>
<arg>LK</arg>
<arg>LR</arg>
<arg>LS</arg>
<arg>LT</arg>
<arg>LU</arg>
<arg>LV</arg>
<arg>LY</arg>
<arg>MA</arg>
<arg>MC</arg>
<arg>MD</arg>
<arg>ME</arg>
<arg>MF</arg>
<arg>MG</arg>
<arg>MH</arg>
<arg>MK</arg>
<arg>ML</arg>
<arg>MM</arg>
<arg>MN</arg>
<arg>MO</arg>
<arg>MP</arg>
<arg>MQ</arg>
<arg>MR</arg>
<arg>MS</arg>
<arg>MT</arg>
<arg>MU</arg>
<arg>MV</arg>
<arg>MW</arg>
<arg>MX</arg>
<arg>MY</arg>
<arg>MZ</arg>
<arg>NA</arg>
<arg>NC</arg>
<arg>NE</arg>
<arg>NF</arg>
<arg>NG</arg>
<arg>NI</arg>
<arg>NL</arg>
<arg>NO</arg>
<arg>NP</arg>
<arg>NR</arg>
<arg>NU</arg>
<arg>NZ</arg>
<arg>OM</arg>
<arg>PA</arg>
<arg>PE</arg>
<arg>PF</arg>
<arg>PG</arg>
<arg>PH</arg>
<arg>PK</arg>
<arg>PL</arg>
<arg>PM</arg>
<arg>PN</arg>
<arg>PR</arg>
<arg>PS</arg>
<arg>PT</arg>
<arg>PW</arg>
<arg>PY</arg>
<arg>QA</arg>
<arg>RE</arg>
<arg>RO</arg>
<arg>RS</arg>
<arg>RU</arg>
<arg>RW</arg>
<arg>SA</arg>
<arg>SB</arg>
<arg>SC</arg>
<arg>SD</arg>
<arg>SE</arg>
<arg>SG</arg>
<arg>SH</arg>
<arg>SI</arg>
<arg>SJ</arg>
<arg>SK</arg>
<arg>SL</arg>
<arg>SM</arg>
<arg>SN</arg>
<arg>SO</arg>
<arg>SR</arg>
<arg>SS</arg>
<arg>ST</arg>
<arg>SV</arg>
<arg>SX</arg>
<arg>SY</arg>
<arg>SZ</arg>
<arg>TC</arg>
<arg>TD</arg>
<arg>TF</arg>
<arg>TG</arg>
<arg>TH</arg>
<arg>TJ</arg>
<arg>TK</arg>
<arg>TL</arg>
<arg>TM</arg>
<arg>TN</arg>
<arg>TO</arg>
<arg>TR</arg>
<arg>TT</arg>
<arg>TV</arg>
<arg>TW</arg>
<arg>TZ</arg>
<arg>UA</arg>
<arg>UG</arg>
<arg>UM</arg>
<arg>US</arg>
<arg>UY</arg>
<arg>UZ</arg>
<arg>VA</arg>
<arg>VC</arg>
<arg>VE</arg>
<arg>VG</arg>
<arg>VI</arg>
<arg>VN</arg>
<arg>VU</arg>
<arg>WF</arg>
<arg>WS</arg>
<arg>XK</arg>
<arg>YE</arg>
<arg>YT</arg>
<arg>ZA</arg>
<arg>ZM</arg>
<arg>ZW</arg>
<doc>Returns a list containing given items.</doc>
<status status="PASS" start="2024-07-05T06:21:49.077315" elapsed="0.000622"/>
</kw>
<kw name="List Should Contain Value" owner="Collections">
<arg>${list_country}</arg>
<arg>${name_country}</arg>
<doc>Fails if the ``value`` is not found from ``list``.</doc>
<status status="PASS" start="2024-07-05T06:21:49.078727" elapsed="0.000200"/>
</kw>
<kw name="Run Keyword If" owner="BuiltIn">
<kw name="Should Be True" owner="BuiltIn">
<arg>${True}</arg>
<doc>Fails if the given condition is not true.</doc>
<status status="PASS" start="2024-07-05T06:21:49.079913" elapsed="0.000142"/>
</kw>
<arg>${json_data["results"][0]["location"]["coordinates"]["latitude"]} &gt;= -90 and ${json_data["results"][0]["location"]["coordinates"]["latitude"]} &lt;= 90</arg>
<arg>Should Be True</arg>
<arg>${True}</arg>
<doc>Runs the given keyword with the given arguments, if ``condition`` is true.</doc>
<status status="PASS" start="2024-07-05T06:21:49.079140" elapsed="0.001042"/>
</kw>
<kw name="Run Keyword If" owner="BuiltIn">
<kw name="Should Be True" owner="BuiltIn">
<arg>${True}</arg>
<doc>Fails if the given condition is not true.</doc>
<status status="PASS" start="2024-07-05T06:21:49.081058" elapsed="0.000233"/>
</kw>
<arg>${json_data["results"][0]["location"]["coordinates"]["longitude"]} &gt;= -180 and ${json_data["results"][0]["location"]["coordinates"]["longitude"]} &lt;= 180</arg>
<arg>Should Be True</arg>
<arg>${True}</arg>
<doc>Runs the given keyword with the given arguments, if ``condition`` is true.</doc>
<status status="PASS" start="2024-07-05T06:21:49.080362" elapsed="0.001057"/>
</kw>
<status status="PASS" start="2024-07-05T06:21:48.992217" elapsed="0.089331"/>
</kw>
<doc>Testa o conteúdo específico dos campos retornados pela API.</doc>
<tag>testeConteudo</tag>
<status status="PASS" start="2024-07-05T06:21:48.991591" elapsed="0.090099"/>
</test>
<status status="PASS" start="2024-07-05T06:21:48.133417" elapsed="0.950217"/>
</suite>
<status status="PASS" start="2024-07-05T06:21:48.119013" elapsed="0.969722"/>
</suite>
<statistics>
<total>
<stat pass="5" fail="0" skip="0">All Tests</stat>
</total>
<tag>
<stat pass="1" fail="0" skip="0">testeConteudo</stat>
<stat pass="1" fail="0" skip="0">testeEstruturaResposta</stat>
<stat pass="1" fail="0" skip="0">testeRequisicaoBasica</stat>
<stat pass="1" fail="0" skip="0">testeTiposDados</stat>
</tag>
<suite>
<stat pass="5" fail="0" skip="0" id="s1" name="Tests">Tests</stat>
<stat pass="5" fail="0" skip="0" id="s1-s1" name="Random-User-Test">Tests.Random-User-Test</stat>
</suite>
</statistics>
<errors>
</errors>
</robot>
