<?xml version="1.0" encoding="UTF-8"?>
<robot generator="Robot 7.0.1 (Python 3.12.4 on linux)" generated="2024-07-20T13:15:37.981201" rpa="false" schemaversion="5">
<suite id="s1" name="Tests" source="/home/runner/work/ApiRandomUser/ApiRandomUser/RamdonUser/tests">
<suite id="s1-s1" name="Random-User-Test" source="/home/runner/work/ApiRandomUser/ApiRandomUser/RamdonUser/tests/random-user-test.robot">
<test id="s1-s1-t1" name="Conectar" line="13">
<kw name="Conectar API" owner="random-user-service">
<kw name="Create Session" owner="RequestsLibrary">
<msg time="2024-07-20T13:15:38.385276" level="INFO">Creating Session using : alias=consultarAPI, url=https://randomuser.me/, headers={},                     cookies={}, auth=None, timeout=None, proxies=None, verify=False,                     debug=0 </msg>
<arg>consultarAPI</arg>
<arg>${URL}</arg>
<doc>Create Session: create a HTTP session to a server</doc>
<status status="PASS" start="2024-07-20T13:15:38.384994" elapsed="0.000553"/>
</kw>
<status status="PASS" start="2024-07-20T13:15:38.383148" elapsed="0.002893"/>
</kw>
<status status="PASS" start="2024-07-20T13:15:38.382414" elapsed="0.003913"/>
</test>
<test id="s1-s1-t2" name="Validar retorno 200 e JSON Válido" line="16">
<kw name="Teste de Requisicao Basica" owner="random-user-service">
<kw name="GET On Session" owner="RequestsLibrary">
<msg time="2024-07-20T13:15:38.667772" level="INFO">GET Request : url=https://randomuser.me/api 
 path_url=/api 
 headers={'User-Agent': 'python-requests/2.32.3', 'Accept-Encoding': 'gzip, deflate', 'Accept': '*/*', 'Connection': 'keep-alive'} 
 body=None 
 </msg>
<msg time="2024-07-20T13:15:38.667934" level="INFO">GET Response : url=https://randomuser.me/api 
 status=200, reason=OK 
 headers={'Date': 'Sat, 20 Jul 2024 13:15:38 GMT', 'Content-Type': 'application/json; charset=utf-8', 'Transfer-Encoding': 'chunked', 'Connection': 'keep-alive', 'X-Powered-By': 'Express', 'Access-Control-Allow-Origin': '*', 'Cache-Control': 'no-cache', 'ETag': 'W/"4a3-+P+H3ziLVRdTumqe0+osMXZskNI"', 'Vary': 'Accept-Encoding', 'Content-Encoding': 'gzip', 'CF-Cache-Status': 'DYNAMIC', 'Report-To': '{"endpoints":[{"url":"https:\\/\\/a.nel.cloudflare.com\\/report\\/v4?s=3jjdnjC4vcwKhgaBAa9aIm5xVJeA4eJeyau00QhQkw55dTERTtnS%2FoFv0t7ohMrEq0MDU2Dg9EZVddamC778NA7NII%2BpYgWSeqdCG%2FYQkCqiK9d0TeIRT7%2B7eF6doZem"}],"group":"cf-nel","max_age":604800}', 'NEL': '{"success_fraction":0,"report_to":"cf-nel","max_age":604800}', 'Server': 'cloudflare', 'CF-RAY': '8a63389e2a9781b7-IAD', 'alt-svc': 'h3=":443"; ma=86400'} 
 body={"results":[{"gender":"female","name":{"title":"Mrs","first":"Sibille","last":"Danner"},"location":{"street":{"number":9219,"name":"Schützenstraße"},"city":"Bischofswerda","state":"Thüringen","country":"Germany","postcode":74647,"coordinates":{"latitude":"-50.6374","longitude":"77.3249"},"timezone":{"offset":"+1:00","description":"Brussels, Copenhagen, Madrid, Paris"}},"email":"sibille.danner@example.com","login":{"uuid":"d187ee1f-b878-4b6a-bbf1-a64001bae06b","username":"bigostrich471","password":"yahoo1","salt":"IBIQyPET","md5":"c37ba0571a2e8b7c825d12ec82c79233","sha1":"ee81bb46877e70cc920b26a12e1840e82839efe5","sha256":"6bcd6e097fe03b133db48389a108733a04e25434691523cdb58cdd546804d20a"},"dob":{"date":"1962-04-17T19:52:27.772Z","age":62},"registered":{"date":"2002-06-13T17:33:06.204Z","age":22},"phone":"0066-8036201","cell":"0175-1390896","id":{"name":"SVNR","value":"25 170462 D 907"},"picture":{"large":"https://randomuser.me/api/portraits/women/3.jpg","medium":"https://randomuser.me/api/portraits/med/women/3.jpg","thumbnail":"https://randomuser.me/api/portraits/thumb/women/3.jpg"},"nat":"DE"}],"info":{"seed":"9b3a15c64a3ee826","results":1,"page":1,"version":"1.4"}} 
 </msg>
<msg time="2024-07-20T13:15:38.668058" level="INFO">/opt/hostedtoolcache/Python/3.12.4/x64/lib/python3.12/site-packages/urllib3/connectionpool.py:1099: InsecureRequestWarning: Unverified HTTPS request is being made to host 'randomuser.me'. Adding certificate verification is strongly advised. See: https://urllib3.readthedocs.io/en/latest/advanced-usage.html#tls-warnings
  warnings.warn(</msg>
<msg time="2024-07-20T13:15:38.668204" level="INFO">${response} = &lt;Response [200]&gt;</msg>
<var>${response}</var>
<arg>consultarAPI</arg>
<arg>/api</arg>
<doc>Sends a GET request on a previously created HTTP Session.</doc>
<status status="PASS" start="2024-07-20T13:15:38.389804" elapsed="0.278440"/>
</kw>
<kw name="Should Be Equal As Numbers" owner="BuiltIn">
<msg time="2024-07-20T13:15:38.669341" level="INFO">Argument types are:
&lt;class 'int'&gt;
&lt;class 'str'&gt;</msg>
<arg>${response.status_code}</arg>
<arg>200</arg>
<doc>Fails if objects are unequal after converting them to real numbers.</doc>
<status status="PASS" start="2024-07-20T13:15:38.668850" elapsed="0.000553"/>
</kw>
<kw name="Log" owner="BuiltIn">
<msg time="2024-07-20T13:15:38.670066" level="INFO">200</msg>
<arg>${response.status_code}</arg>
<doc>Logs the given message with the given level.</doc>
<status status="PASS" start="2024-07-20T13:15:38.669717" elapsed="0.000391"/>
</kw>
<kw name="Set Variable" owner="BuiltIn">
<msg time="2024-07-20T13:15:38.670836" level="INFO">${json_data} = {'results': [{'gender': 'female', 'name': {'title': 'Mrs', 'first': 'Sibille', 'last': 'Danner'}, 'location': {'street': {'number': 9219, 'name': 'Schützenstraße'}, 'city': 'Bischofswerda', 'state': '...</msg>
<var>${json_data}</var>
<arg>${response.json()}</arg>
<doc>Returns the given values which can then be assigned to a variables.</doc>
<status status="PASS" start="2024-07-20T13:15:38.670405" elapsed="0.000459"/>
</kw>
<kw name="Dictionary Should Contain Key" owner="Collections">
<arg>${json_data}</arg>
<arg>results</arg>
<doc>Fails if ``key`` is not found from ``dictionary``.</doc>
<status status="PASS" start="2024-07-20T13:15:38.671170" elapsed="0.000311"/>
</kw>
<status status="PASS" start="2024-07-20T13:15:38.389559" elapsed="0.282075"/>
</kw>
<doc>Testa se a API responde corretamente e retorna um objeto JSON válido.</doc>
<tag>testeRequisicaoBasica</tag>
<status status="PASS" start="2024-07-20T13:15:38.389019" elapsed="0.282787"/>
</test>
<test id="s1-s1-t3" name="Validar estrutura de resposta" line="22">
<kw name="Teste de Estrutura de Resposta" owner="random-user-service">
<kw name="GET On Session" owner="RequestsLibrary">
<msg time="2024-07-20T13:15:38.749103" level="INFO">GET Request : url=https://randomuser.me/api 
 path_url=/api 
 headers={'User-Agent': 'python-requests/2.32.3', 'Accept-Encoding': 'gzip, deflate', 'Accept': '*/*', 'Connection': 'keep-alive'} 
 body=None 
 </msg>
<msg time="2024-07-20T13:15:38.749186" level="INFO">GET Response : url=https://randomuser.me/api 
 status=200, reason=OK 
 headers={'Date': 'Sat, 20 Jul 2024 13:15:38 GMT', 'Content-Type': 'application/json; charset=utf-8', 'Transfer-Encoding': 'chunked', 'Connection': 'keep-alive', 'X-Powered-By': 'Express', 'Access-Control-Allow-Origin': '*', 'Cache-Control': 'no-cache', 'ETag': 'W/"4a8-BbAG4jJKaUe5sYG7kXZmcrNgsgI"', 'Vary': 'Accept-Encoding', 'Content-Encoding': 'gzip', 'CF-Cache-Status': 'DYNAMIC', 'Report-To': '{"endpoints":[{"url":"https:\\/\\/a.nel.cloudflare.com\\/report\\/v4?s=60rWL2UX4P0lSgPn6HOU6%2Fum4SbXs6BgcOJuPOQMoePIWZgUw4O5Udw1Meo1gPqioQy8oCGFaGxJg8urO1F7vchB8xxC9EctlCffvjJG8Z3x0lIy1tIG4yWaDzbTWfeq"}],"group":"cf-nel","max_age":604800}', 'NEL': '{"success_fraction":0,"report_to":"cf-nel","max_age":604800}', 'Server': 'cloudflare', 'CF-RAY': '8a63389ebb5981b7-IAD', 'alt-svc': 'h3=":443"; ma=86400'} 
 body={"results":[{"gender":"female","name":{"title":"Madame","first":"Anne-Marie","last":"Dupuis"},"location":{"street":{"number":4045,"name":"Rue Louis-Blanqui"},"city":"Bottens","state":"Basel-Stadt","country":"Switzerland","postcode":1072,"coordinates":{"latitude":"-64.1751","longitude":"114.8777"},"timezone":{"offset":"-1:00","description":"Azores, Cape Verde Islands"}},"email":"anne-marie.dupuis@example.com","login":{"uuid":"14566e13-5f01-4e91-90be-8ead1d0c6563","username":"whiteleopard903","password":"phialpha","salt":"0bd4Legc","md5":"1d52fce1f9bee722aae2b7d7819ee873","sha1":"46a796b9afcacf2ff44ab9c26338dc7a0735534e","sha256":"e73c5a1480047bc251b1d3c4ed2ef723905cc991eaa23c53c1f4314467f0f4a7"},"dob":{"date":"1981-12-27T16:14:46.682Z","age":42},"registered":{"date":"2018-10-13T01:46:32.028Z","age":5},"phone":"078 334 24 60","cell":"076 514 62 22","id":{"name":"AVS","value":"756.8935.2696.25"},"picture":{"large":"https://randomuser.me/api/portraits/women/9.jpg","medium":"https://randomuser.me/api/portraits/med/women/9.jpg","thumbnail":"https://randomuser.me/api/portraits/thumb/women/9.jpg"},"nat":"CH"}],"info":{"seed":"6bc23de930d1e7df","results":1,"page":1,"version":"1.4"}} 
 </msg>
<msg time="2024-07-20T13:15:38.749283" level="INFO">/opt/hostedtoolcache/Python/3.12.4/x64/lib/python3.12/site-packages/urllib3/connectionpool.py:1099: InsecureRequestWarning: Unverified HTTPS request is being made to host 'randomuser.me'. Adding certificate verification is strongly advised. See: https://urllib3.readthedocs.io/en/latest/advanced-usage.html#tls-warnings
  warnings.warn(</msg>
<msg time="2024-07-20T13:15:38.749379" level="INFO">${response} = &lt;Response [200]&gt;</msg>
<var>${response}</var>
<arg>consultarAPI</arg>
<arg>/api</arg>
<doc>Sends a GET request on a previously created HTTP Session.</doc>
<status status="PASS" start="2024-07-20T13:15:38.674475" elapsed="0.074945"/>
</kw>
<kw name="Set Variable" owner="BuiltIn">
<msg time="2024-07-20T13:15:38.750420" level="INFO">${json_data} = {'results': [{'gender': 'female', 'name': {'title': 'Madame', 'first': 'Anne-Marie', 'last': 'Dupuis'}, 'location': {'street': {'number': 4045, 'name': 'Rue Louis-Blanqui'}, 'city': 'Bottens', 'state'...</msg>
<var>${json_data}</var>
<arg>${response.json()}</arg>
<doc>Returns the given values which can then be assigned to a variables.</doc>
<status status="PASS" start="2024-07-20T13:15:38.749864" elapsed="0.000585"/>
</kw>
<kw name="Log" owner="BuiltIn">
<msg time="2024-07-20T13:15:38.750908" level="INFO">{'results': [{'gender': 'female', 'name': {'title': 'Madame', 'first': 'Anne-Marie', 'last': 'Dupuis'}, 'location': {'street': {'number': 4045, 'name': 'Rue Louis-Blanqui'}, 'city': 'Bottens', 'state': 'Basel-Stadt', 'country': 'Switzerland', 'postcode': 1072, 'coordinates': {'latitude': '-64.1751', 'longitude': '114.8777'}, 'timezone': {'offset': '-1:00', 'description': 'Azores, Cape Verde Islands'}}, 'email': 'anne-marie.dupuis@example.com', 'login': {'uuid': '14566e13-5f01-4e91-90be-8ead1d0c6563', 'username': 'whiteleopard903', 'password': 'phialpha', 'salt': '0bd4Legc', 'md5': '1d52fce1f9bee722aae2b7d7819ee873', 'sha1': '46a796b9afcacf2ff44ab9c26338dc7a0735534e', 'sha256': 'e73c5a1480047bc251b1d3c4ed2ef723905cc991eaa23c53c1f4314467f0f4a7'}, 'dob': {'date': '1981-12-27T16:14:46.682Z', 'age': 42}, 'registered': {'date': '2018-10-13T01:46:32.028Z', 'age': 5}, 'phone': '078 334 24 60', 'cell': '076 514 62 22', 'id': {'name': 'AVS', 'value': '756.8935.2696.25'}, 'picture': {'large': 'https://randomuser.me/api/portraits/women/9.jpg', 'medium': 'https://randomuser.me/api/portraits/med/women/9.jpg', 'thumbnail': 'https://randomuser.me/api/portraits/thumb/women/9.jpg'}, 'nat': 'CH'}], 'info': {'seed': '6bc23de930d1e7df', 'results': 1, 'page': 1, 'version': '1.4'}}</msg>
<arg>${json_data}</arg>
<doc>Logs the given message with the given level.</doc>
<status status="PASS" start="2024-07-20T13:15:38.750751" elapsed="0.000205"/>
</kw>
<kw name="Dictionary Should Contain Key" owner="Collections">
<arg>${json_data}</arg>
<arg>results</arg>
<doc>Fails if ``key`` is not found from ``dictionary``.</doc>
<status status="PASS" start="2024-07-20T13:15:38.751240" elapsed="0.000157"/>
</kw>
<kw name="Should Not Be Empty" owner="BuiltIn">
<msg time="2024-07-20T13:15:38.751703" level="INFO">Length is 2.</msg>
<arg>${json_data}</arg>
<doc>Verifies that the given item is not empty.</doc>
<status status="PASS" start="2024-07-20T13:15:38.751577" elapsed="0.000164"/>
</kw>
<kw name="Create List" owner="BuiltIn">
<msg time="2024-07-20T13:15:38.752231" level="INFO">${expected_keys} = ['gender', 'name', 'location', 'email', 'login']</msg>
<var>${expected_keys}</var>
<arg>gender</arg>
<arg>name</arg>
<arg>location</arg>
<arg>email</arg>
<arg>login</arg>
<doc>Returns a list containing given items.</doc>
<status status="PASS" start="2024-07-20T13:15:38.752057" elapsed="0.000198"/>
</kw>
<for flavor="IN">
<iter>
<kw name="Dictionary Should Contain Key" owner="Collections">
<arg>${json_data['results'][0]}</arg>
<arg>${key}</arg>
<doc>Fails if ``key`` is not found from ``dictionary``.</doc>
<status status="PASS" start="2024-07-20T13:15:38.752826" elapsed="0.000406"/>
</kw>
<kw name="Log" owner="BuiltIn">
<msg time="2024-07-20T13:15:38.753773" level="INFO">{'gender': 'female', 'name': {'title': 'Madame', 'first': 'Anne-Marie', 'last': 'Dupuis'}, 'location': {'street': {'number': 4045, 'name': 'Rue Louis-Blanqui'}, 'city': 'Bottens', 'state': 'Basel-Stadt', 'country': 'Switzerland', 'postcode': 1072, 'coordinates': {'latitude': '-64.1751', 'longitude': '114.8777'}, 'timezone': {'offset': '-1:00', 'description': 'Azores, Cape Verde Islands'}}, 'email': 'anne-marie.dupuis@example.com', 'login': {'uuid': '14566e13-5f01-4e91-90be-8ead1d0c6563', 'username': 'whiteleopard903', 'password': 'phialpha', 'salt': '0bd4Legc', 'md5': '1d52fce1f9bee722aae2b7d7819ee873', 'sha1': '46a796b9afcacf2ff44ab9c26338dc7a0735534e', 'sha256': 'e73c5a1480047bc251b1d3c4ed2ef723905cc991eaa23c53c1f4314467f0f4a7'}, 'dob': {'date': '1981-12-27T16:14:46.682Z', 'age': 42}, 'registered': {'date': '2018-10-13T01:46:32.028Z', 'age': 5}, 'phone': '078 334 24 60', 'cell': '076 514 62 22', 'id': {'name': 'AVS', 'value': '756.8935.2696.25'}, 'picture': {'large': 'https://randomuser.me/api/portraits/women/9.jpg', 'medium': 'https://randomuser.me/api/portraits/med/women/9.jpg', 'thumbnail': 'https://randomuser.me/api/portraits/thumb/women/9.jpg'}, 'nat': 'CH'}</msg>
<arg>${json_data['results'][0]}</arg>
<doc>Logs the given message with the given level.</doc>
<status status="PASS" start="2024-07-20T13:15:38.753417" elapsed="0.000406"/>
</kw>
<kw name="Log" owner="BuiltIn">
<msg time="2024-07-20T13:15:38.754258" level="INFO">gender</msg>
<arg>${key}</arg>
<doc>Logs the given message with the given level.</doc>
<status status="PASS" start="2024-07-20T13:15:38.754131" elapsed="0.000165"/>
</kw>
<var name="${key}">gender</var>
<status status="PASS" start="2024-07-20T13:15:38.752699" elapsed="0.001810"/>
</iter>
<iter>
<kw name="Dictionary Should Contain Key" owner="Collections">
<arg>${json_data['results'][0]}</arg>
<arg>${key}</arg>
<doc>Fails if ``key`` is not found from ``dictionary``.</doc>
<status status="PASS" start="2024-07-20T13:15:38.754798" elapsed="0.000383"/>
</kw>
<kw name="Log" owner="BuiltIn">
<msg time="2024-07-20T13:15:38.755752" level="INFO">{'gender': 'female', 'name': {'title': 'Madame', 'first': 'Anne-Marie', 'last': 'Dupuis'}, 'location': {'street': {'number': 4045, 'name': 'Rue Louis-Blanqui'}, 'city': 'Bottens', 'state': 'Basel-Stadt', 'country': 'Switzerland', 'postcode': 1072, 'coordinates': {'latitude': '-64.1751', 'longitude': '114.8777'}, 'timezone': {'offset': '-1:00', 'description': 'Azores, Cape Verde Islands'}}, 'email': 'anne-marie.dupuis@example.com', 'login': {'uuid': '14566e13-5f01-4e91-90be-8ead1d0c6563', 'username': 'whiteleopard903', 'password': 'phialpha', 'salt': '0bd4Legc', 'md5': '1d52fce1f9bee722aae2b7d7819ee873', 'sha1': '46a796b9afcacf2ff44ab9c26338dc7a0735534e', 'sha256': 'e73c5a1480047bc251b1d3c4ed2ef723905cc991eaa23c53c1f4314467f0f4a7'}, 'dob': {'date': '1981-12-27T16:14:46.682Z', 'age': 42}, 'registered': {'date': '2018-10-13T01:46:32.028Z', 'age': 5}, 'phone': '078 334 24 60', 'cell': '076 514 62 22', 'id': {'name': 'AVS', 'value': '756.8935.2696.25'}, 'picture': {'large': 'https://randomuser.me/api/portraits/women/9.jpg', 'medium': 'https://randomuser.me/api/portraits/med/women/9.jpg', 'thumbnail': 'https://randomuser.me/api/portraits/thumb/women/9.jpg'}, 'nat': 'CH'}</msg>
<arg>${json_data['results'][0]}</arg>
<doc>Logs the given message with the given level.</doc>
<status status="PASS" start="2024-07-20T13:15:38.755395" elapsed="0.000406"/>
</kw>
<kw name="Log" owner="BuiltIn">
<msg time="2024-07-20T13:15:38.756246" level="INFO">name</msg>
<arg>${key}</arg>
<doc>Logs the given message with the given level.</doc>
<status status="PASS" start="2024-07-20T13:15:38.756118" elapsed="0.000166"/>
</kw>
<var name="${key}">name</var>
<status status="PASS" start="2024-07-20T13:15:38.754689" elapsed="0.001809"/>
</iter>
<iter>
<kw name="Dictionary Should Contain Key" owner="Collections">
<arg>${json_data['results'][0]}</arg>
<arg>${key}</arg>
<doc>Fails if ``key`` is not found from ``dictionary``.</doc>
<status status="PASS" start="2024-07-20T13:15:38.756776" elapsed="0.000376"/>
</kw>
<kw name="Log" owner="BuiltIn">
<msg time="2024-07-20T13:15:38.757716" level="INFO">{'gender': 'female', 'name': {'title': 'Madame', 'first': 'Anne-Marie', 'last': 'Dupuis'}, 'location': {'street': {'number': 4045, 'name': 'Rue Louis-Blanqui'}, 'city': 'Bottens', 'state': 'Basel-Stadt', 'country': 'Switzerland', 'postcode': 1072, 'coordinates': {'latitude': '-64.1751', 'longitude': '114.8777'}, 'timezone': {'offset': '-1:00', 'description': 'Azores, Cape Verde Islands'}}, 'email': 'anne-marie.dupuis@example.com', 'login': {'uuid': '14566e13-5f01-4e91-90be-8ead1d0c6563', 'username': 'whiteleopard903', 'password': 'phialpha', 'salt': '0bd4Legc', 'md5': '1d52fce1f9bee722aae2b7d7819ee873', 'sha1': '46a796b9afcacf2ff44ab9c26338dc7a0735534e', 'sha256': 'e73c5a1480047bc251b1d3c4ed2ef723905cc991eaa23c53c1f4314467f0f4a7'}, 'dob': {'date': '1981-12-27T16:14:46.682Z', 'age': 42}, 'registered': {'date': '2018-10-13T01:46:32.028Z', 'age': 5}, 'phone': '078 334 24 60', 'cell': '076 514 62 22', 'id': {'name': 'AVS', 'value': '756.8935.2696.25'}, 'picture': {'large': 'https://randomuser.me/api/portraits/women/9.jpg', 'medium': 'https://randomuser.me/api/portraits/med/women/9.jpg', 'thumbnail': 'https://randomuser.me/api/portraits/thumb/women/9.jpg'}, 'nat': 'CH'}</msg>
<arg>${json_data['results'][0]}</arg>
<doc>Logs the given message with the given level.</doc>
<status status="PASS" start="2024-07-20T13:15:38.757358" elapsed="0.000406"/>
</kw>
<kw name="Log" owner="BuiltIn">
<msg time="2024-07-20T13:15:38.758174" level="INFO">location</msg>
<arg>${key}</arg>
<doc>Logs the given message with the given level.</doc>
<status status="PASS" start="2024-07-20T13:15:38.758051" elapsed="0.000160"/>
</kw>
<var name="${key}">location</var>
<status status="PASS" start="2024-07-20T13:15:38.756670" elapsed="0.001750"/>
</iter>
<iter>
<kw name="Dictionary Should Contain Key" owner="Collections">
<arg>${json_data['results'][0]}</arg>
<arg>${key}</arg>
<doc>Fails if ``key`` is not found from ``dictionary``.</doc>
<status status="PASS" start="2024-07-20T13:15:38.758693" elapsed="0.000371"/>
</kw>
<kw name="Log" owner="BuiltIn">
<msg time="2024-07-20T13:15:38.759715" level="INFO">{'gender': 'female', 'name': {'title': 'Madame', 'first': 'Anne-Marie', 'last': 'Dupuis'}, 'location': {'street': {'number': 4045, 'name': 'Rue Louis-Blanqui'}, 'city': 'Bottens', 'state': 'Basel-Stadt', 'country': 'Switzerland', 'postcode': 1072, 'coordinates': {'latitude': '-64.1751', 'longitude': '114.8777'}, 'timezone': {'offset': '-1:00', 'description': 'Azores, Cape Verde Islands'}}, 'email': 'anne-marie.dupuis@example.com', 'login': {'uuid': '14566e13-5f01-4e91-90be-8ead1d0c6563', 'username': 'whiteleopard903', 'password': 'phialpha', 'salt': '0bd4Legc', 'md5': '1d52fce1f9bee722aae2b7d7819ee873', 'sha1': '46a796b9afcacf2ff44ab9c26338dc7a0735534e', 'sha256': 'e73c5a1480047bc251b1d3c4ed2ef723905cc991eaa23c53c1f4314467f0f4a7'}, 'dob': {'date': '1981-12-27T16:14:46.682Z', 'age': 42}, 'registered': {'date': '2018-10-13T01:46:32.028Z', 'age': 5}, 'phone': '078 334 24 60', 'cell': '076 514 62 22', 'id': {'name': 'AVS', 'value': '756.8935.2696.25'}, 'picture': {'large': 'https://randomuser.me/api/portraits/women/9.jpg', 'medium': 'https://randomuser.me/api/portraits/med/women/9.jpg', 'thumbnail': 'https://randomuser.me/api/portraits/thumb/women/9.jpg'}, 'nat': 'CH'}</msg>
<arg>${json_data['results'][0]}</arg>
<doc>Logs the given message with the given level.</doc>
<status status="PASS" start="2024-07-20T13:15:38.759360" elapsed="0.000404"/>
</kw>
<kw name="Log" owner="BuiltIn">
<msg time="2024-07-20T13:15:38.760230" level="INFO">email</msg>
<arg>${key}</arg>
<doc>Logs the given message with the given level.</doc>
<status status="PASS" start="2024-07-20T13:15:38.760092" elapsed="0.000176"/>
</kw>
<var name="${key}">email</var>
<status status="PASS" start="2024-07-20T13:15:38.758587" elapsed="0.001895"/>
</iter>
<iter>
<kw name="Dictionary Should Contain Key" owner="Collections">
<arg>${json_data['results'][0]}</arg>
<arg>${key}</arg>
<doc>Fails if ``key`` is not found from ``dictionary``.</doc>
<status status="PASS" start="2024-07-20T13:15:38.760759" elapsed="0.000371"/>
</kw>
<kw name="Log" owner="BuiltIn">
<msg time="2024-07-20T13:15:38.761650" level="INFO">{'gender': 'female', 'name': {'title': 'Madame', 'first': 'Anne-Marie', 'last': 'Dupuis'}, 'location': {'street': {'number': 4045, 'name': 'Rue Louis-Blanqui'}, 'city': 'Bottens', 'state': 'Basel-Stadt', 'country': 'Switzerland', 'postcode': 1072, 'coordinates': {'latitude': '-64.1751', 'longitude': '114.8777'}, 'timezone': {'offset': '-1:00', 'description': 'Azores, Cape Verde Islands'}}, 'email': 'anne-marie.dupuis@example.com', 'login': {'uuid': '14566e13-5f01-4e91-90be-8ead1d0c6563', 'username': 'whiteleopard903', 'password': 'phialpha', 'salt': '0bd4Legc', 'md5': '1d52fce1f9bee722aae2b7d7819ee873', 'sha1': '46a796b9afcacf2ff44ab9c26338dc7a0735534e', 'sha256': 'e73c5a1480047bc251b1d3c4ed2ef723905cc991eaa23c53c1f4314467f0f4a7'}, 'dob': {'date': '1981-12-27T16:14:46.682Z', 'age': 42}, 'registered': {'date': '2018-10-13T01:46:32.028Z', 'age': 5}, 'phone': '078 334 24 60', 'cell': '076 514 62 22', 'id': {'name': 'AVS', 'value': '756.8935.2696.25'}, 'picture': {'large': 'https://randomuser.me/api/portraits/women/9.jpg', 'medium': 'https://randomuser.me/api/portraits/med/women/9.jpg', 'thumbnail': 'https://randomuser.me/api/portraits/thumb/women/9.jpg'}, 'nat': 'CH'}</msg>
<arg>${json_data['results'][0]}</arg>
<doc>Logs the given message with the given level.</doc>
<status status="PASS" start="2024-07-20T13:15:38.761309" elapsed="0.000386"/>
</kw>
<kw name="Log" owner="BuiltIn">
<msg time="2024-07-20T13:15:38.762103" level="INFO">login</msg>
<arg>${key}</arg>
<doc>Logs the given message with the given level.</doc>
<status status="PASS" start="2024-07-20T13:15:38.761980" elapsed="0.000159"/>
</kw>
<var name="${key}">login</var>
<status status="PASS" start="2024-07-20T13:15:38.760652" elapsed="0.001697"/>
</iter>
<var>${key}</var>
<value>@{expected_keys}</value>
<status status="PASS" start="2024-07-20T13:15:38.752515" elapsed="0.009951"/>
</for>
<kw name="Create List" owner="BuiltIn">
<msg time="2024-07-20T13:15:38.762816" level="INFO">${expected_keysTwo} = ['username', 'password']</msg>
<var>${expected_keysTwo}</var>
<arg>username</arg>
<arg>password</arg>
<doc>Returns a list containing given items.</doc>
<status status="PASS" start="2024-07-20T13:15:38.762682" elapsed="0.000158"/>
</kw>
<for flavor="IN">
<iter>
<kw name="Dictionary Should Contain Key" owner="Collections">
<arg>${json_data['results'][0]['login']}</arg>
<arg>${keyTwo}</arg>
<doc>Fails if ``key`` is not found from ``dictionary``.</doc>
<status status="PASS" start="2024-07-20T13:15:38.763324" elapsed="0.000392"/>
</kw>
<kw name="Dictionary Should Contain Key" owner="Collections">
<arg>${json_data['results'][0]['login']}</arg>
<arg>${keyTwo}</arg>
<doc>Fails if ``key`` is not found from ``dictionary``.</doc>
<status status="PASS" start="2024-07-20T13:15:38.763895" elapsed="0.000408"/>
</kw>
<kw name="Log" owner="BuiltIn">
<msg time="2024-07-20T13:15:38.764598" level="INFO">username</msg>
<arg>${keyTwo}</arg>
<doc>Logs the given message with the given level.</doc>
<status status="PASS" start="2024-07-20T13:15:38.764479" elapsed="0.000156"/>
</kw>
<var name="${keyTwo}">username</var>
<status status="PASS" start="2024-07-20T13:15:38.763219" elapsed="0.001631"/>
</iter>
<iter>
<kw name="Dictionary Should Contain Key" owner="Collections">
<arg>${json_data['results'][0]['login']}</arg>
<arg>${keyTwo}</arg>
<doc>Fails if ``key`` is not found from ``dictionary``.</doc>
<status status="PASS" start="2024-07-20T13:15:38.765127" elapsed="0.000367"/>
</kw>
<kw name="Dictionary Should Contain Key" owner="Collections">
<arg>${json_data['results'][0]['login']}</arg>
<arg>${keyTwo}</arg>
<doc>Fails if ``key`` is not found from ``dictionary``.</doc>
<status status="PASS" start="2024-07-20T13:15:38.765668" elapsed="0.000364"/>
</kw>
<kw name="Log" owner="BuiltIn">
<msg time="2024-07-20T13:15:38.766324" level="INFO">password</msg>
<arg>${keyTwo}</arg>
<doc>Logs the given message with the given level.</doc>
<status status="PASS" start="2024-07-20T13:15:38.766203" elapsed="0.000157"/>
</kw>
<var name="${keyTwo}">password</var>
<status status="PASS" start="2024-07-20T13:15:38.765017" elapsed="0.001560"/>
</iter>
<var>${keyTwo}</var>
<value>@{expected_keysTwo}</value>
<status status="PASS" start="2024-07-20T13:15:38.763070" elapsed="0.003625"/>
</for>
<status status="PASS" start="2024-07-20T13:15:38.674246" elapsed="0.092583"/>
</kw>
<doc>Testa a estrutura da resposta da API.</doc>
<tag>testeEstruturaResposta</tag>
<status status="PASS" start="2024-07-20T13:15:38.673672" elapsed="0.093304"/>
</test>
<test id="s1-s1-t4" name="Validar tipos de dados" line="28">
<kw name="Teste de Tipos de Dados" owner="random-user-service">
<kw name="GET On Session" owner="RequestsLibrary">
<msg time="2024-07-20T13:15:38.850100" level="INFO">GET Request : url=https://randomuser.me/api 
 path_url=/api 
 headers={'User-Agent': 'python-requests/2.32.3', 'Accept-Encoding': 'gzip, deflate', 'Accept': '*/*', 'Connection': 'keep-alive'} 
 body=None 
 </msg>
<msg time="2024-07-20T13:15:38.850187" level="INFO">GET Response : url=https://randomuser.me/api 
 status=200, reason=OK 
 headers={'Date': 'Sat, 20 Jul 2024 13:15:38 GMT', 'Content-Type': 'application/json; charset=utf-8', 'Transfer-Encoding': 'chunked', 'Connection': 'keep-alive', 'X-Powered-By': 'Express', 'Access-Control-Allow-Origin': '*', 'Cache-Control': 'no-cache', 'ETag': 'W/"47c-xqszNs/0iRWnr751etlzvTMhzvk"', 'Vary': 'Accept-Encoding', 'Content-Encoding': 'gzip', 'CF-Cache-Status': 'DYNAMIC', 'Report-To': '{"endpoints":[{"url":"https:\\/\\/a.nel.cloudflare.com\\/report\\/v4?s=EN6OuHyNN28KIi5jSXHLSOJn862Jl6IJMHat7OQbDu%2BcTzzmxyGFdU7GP%2B0or3E9p%2BJ7dKdH2PgNn1iOtn2aKIO4deQes2XS1FClcXxloA3wl1gLVBGc2vYglwWQNMVh"}],"group":"cf-nel","max_age":604800}', 'NEL': '{"success_fraction":0,"report_to":"cf-nel","max_age":604800}', 'Server': 'cloudflare', 'CF-RAY': '8a63389f5c2681b7-IAD', 'alt-svc': 'h3=":443"; ma=86400'} 
 body={"results":[{"gender":"male","name":{"title":"Mr","first":"Rodrigo","last":"Moreno"},"location":{"street":{"number":3330,"name":"Calle Mota"},"city":"Burgos","state":"Cantabria","country":"Spain","postcode":77127,"coordinates":{"latitude":"-32.6527","longitude":"-140.9540"},"timezone":{"offset":"+6:00","description":"Almaty, Dhaka, Colombo"}},"email":"rodrigo.moreno@example.com","login":{"uuid":"e9c5d23b-44ae-4793-8145-0e4d4d2c8040","username":"crazygoose134","password":"augustus","salt":"ssP6BJlH","md5":"d9a4b7ac5aab0f0e006252c663057dd7","sha1":"b7a05977484b6bf0d35b1d6bf0c8dadcb7022a5a","sha256":"a0dc3c7e3593271fef6f23285684eec7e7bfabc728195432110158f980f66457"},"dob":{"date":"1994-08-01T22:35:57.709Z","age":29},"registered":{"date":"2007-06-12T06:54:47.078Z","age":17},"phone":"928-175-030","cell":"617-143-807","id":{"name":"DNI","value":"04311585-G"},"picture":{"large":"https://randomuser.me/api/portraits/men/82.jpg","medium":"https://randomuser.me/api/portraits/med/men/82.jpg","thumbnail":"https://randomuser.me/api/portraits/thumb/men/82.jpg"},"nat":"ES"}],"info":{"seed":"aa1226c0b59db89e","results":1,"page":1,"version":"1.4"}} 
 </msg>
<msg time="2024-07-20T13:15:38.850264" level="INFO">/opt/hostedtoolcache/Python/3.12.4/x64/lib/python3.12/site-packages/urllib3/connectionpool.py:1099: InsecureRequestWarning: Unverified HTTPS request is being made to host 'randomuser.me'. Adding certificate verification is strongly advised. See: https://urllib3.readthedocs.io/en/latest/advanced-usage.html#tls-warnings
  warnings.warn(</msg>
<msg time="2024-07-20T13:15:38.850380" level="INFO">${response} = &lt;Response [200]&gt;</msg>
<var>${response}</var>
<arg>consultarAPI</arg>
<arg>/api</arg>
<doc>Sends a GET request on a previously created HTTP Session.</doc>
<status status="PASS" start="2024-07-20T13:15:38.769504" elapsed="0.080916"/>
</kw>
<kw name="Set Variable" owner="BuiltIn">
<msg time="2024-07-20T13:15:38.851434" level="INFO">${json_data} = {'results': [{'gender': 'male', 'name': {'title': 'Mr', 'first': 'Rodrigo', 'last': 'Moreno'}, 'location': {'street': {'number': 3330, 'name': 'Calle Mota'}, 'city': 'Burgos', 'state': 'Cantabria', 'c...</msg>
<var>${json_data}</var>
<arg>${response.json()}</arg>
<doc>Returns the given values which can then be assigned to a variables.</doc>
<status status="PASS" start="2024-07-20T13:15:38.850889" elapsed="0.000574"/>
</kw>
<kw name="Log" owner="BuiltIn">
<msg time="2024-07-20T13:15:38.851914" level="INFO">{'results': [{'gender': 'male', 'name': {'title': 'Mr', 'first': 'Rodrigo', 'last': 'Moreno'}, 'location': {'street': {'number': 3330, 'name': 'Calle Mota'}, 'city': 'Burgos', 'state': 'Cantabria', 'country': 'Spain', 'postcode': 77127, 'coordinates': {'latitude': '-32.6527', 'longitude': '-140.9540'}, 'timezone': {'offset': '+6:00', 'description': 'Almaty, Dhaka, Colombo'}}, 'email': 'rodrigo.moreno@example.com', 'login': {'uuid': 'e9c5d23b-44ae-4793-8145-0e4d4d2c8040', 'username': 'crazygoose134', 'password': 'augustus', 'salt': 'ssP6BJlH', 'md5': 'd9a4b7ac5aab0f0e006252c663057dd7', 'sha1': 'b7a05977484b6bf0d35b1d6bf0c8dadcb7022a5a', 'sha256': 'a0dc3c7e3593271fef6f23285684eec7e7bfabc728195432110158f980f66457'}, 'dob': {'date': '1994-08-01T22:35:57.709Z', 'age': 29}, 'registered': {'date': '2007-06-12T06:54:47.078Z', 'age': 17}, 'phone': '928-175-030', 'cell': '617-143-807', 'id': {'name': 'DNI', 'value': '04311585-G'}, 'picture': {'large': 'https://randomuser.me/api/portraits/men/82.jpg', 'medium': 'https://randomuser.me/api/portraits/med/men/82.jpg', 'thumbnail': 'https://randomuser.me/api/portraits/thumb/men/82.jpg'}, 'nat': 'ES'}], 'info': {'seed': 'aa1226c0b59db89e', 'results': 1, 'page': 1, 'version': '1.4'}}</msg>
<arg>${json_data}</arg>
<doc>Logs the given message with the given level.</doc>
<status status="PASS" start="2024-07-20T13:15:38.851765" elapsed="0.000196"/>
</kw>
<kw name="Should Be String" owner="String">
<arg>${json_data['results'][0]['gender']}</arg>
<doc>Fails if the given ``item`` is not a string.</doc>
<status status="PASS" start="2024-07-20T13:15:38.852301" elapsed="0.000363"/>
</kw>
<kw name="Should Match Regexp" owner="BuiltIn">
<arg>${json_data['results'][0]['email']}</arg>
<arg>^[a-zA-Z0-9._%+-]+@[a-zA-Z0-9.-]+\.[a-zA-Z]{2,}$</arg>
<doc>Fails if ``string`` does not match ``pattern`` as a regular expression.</doc>
<status status="PASS" start="2024-07-20T13:15:38.852885" elapsed="0.000519"/>
</kw>
<kw name="Should Match Regexp" owner="BuiltIn">
<arg>${json_data['results'][0]['dob']['date']}</arg>
<arg>\\d{4}-\\d{2}-\\d{2}T\\d{2}:\\d{2}:\\d{2}\\.\\d{3}Z</arg>
<doc>Fails if ``string`` does not match ``pattern`` as a regular expression.</doc>
<status status="PASS" start="2024-07-20T13:15:38.853597" elapsed="0.000603"/>
</kw>
<kw name="Should Match Regexp" owner="BuiltIn">
<arg>${json_data['results'][0]['registered']['date']}</arg>
<arg>\\d{4}-\\d{2}-\\d{2}T\\d{2}:\\d{2}:\\d{2}\\.\\d{3}Z</arg>
<doc>Fails if ``string`` does not match ``pattern`` as a regular expression.</doc>
<status status="PASS" start="2024-07-20T13:15:38.854392" elapsed="0.000366"/>
</kw>
<kw name="Should Match Regexp" owner="BuiltIn">
<arg>${json_data['results'][0]['picture']['large']}</arg>
<arg>^https?://.*\.(?:png|jpe?g|gif|bmp)$</arg>
<doc>Fails if ``string`` does not match ``pattern`` as a regular expression.</doc>
<status status="PASS" start="2024-07-20T13:15:38.854938" elapsed="0.000454"/>
</kw>
<kw name="Should Match Regexp" owner="BuiltIn">
<arg>${json_data['results'][0]['picture']['medium']}</arg>
<arg>^https?://.*\.(?:png|jpe?g|gif|bmp)$</arg>
<doc>Fails if ``string`` does not match ``pattern`` as a regular expression.</doc>
<status status="PASS" start="2024-07-20T13:15:38.855577" elapsed="0.000350"/>
</kw>
<kw name="Should Match Regexp" owner="BuiltIn">
<arg>${json_data['results'][0]['picture']['thumbnail']}</arg>
<arg>^https?://.*\.(?:png|jpe?g|gif|bmp)$</arg>
<doc>Fails if ``string`` does not match ``pattern`` as a regular expression.</doc>
<status status="PASS" start="2024-07-20T13:15:38.856143" elapsed="0.000357"/>
</kw>
<kw name="Log" owner="BuiltIn">
<msg time="2024-07-20T13:15:38.857004" level="INFO">{'large': 'https://randomuser.me/api/portraits/men/82.jpg', 'medium': 'https://randomuser.me/api/portraits/med/men/82.jpg', 'thumbnail': 'https://randomuser.me/api/portraits/thumb/men/82.jpg'}</msg>
<arg>${json_data['results'][0]['picture']}</arg>
<doc>Logs the given message with the given level.</doc>
<status status="PASS" start="2024-07-20T13:15:38.856682" elapsed="0.000364"/>
</kw>
<status status="PASS" start="2024-07-20T13:15:38.769288" elapsed="0.088010"/>
</kw>
<kw name="Teste de Tipos de Dados - Postcode" owner="random-user-service">
<kw name="GET On Session" owner="RequestsLibrary">
<msg time="2024-07-20T13:15:38.950872" level="INFO">GET Request : url=https://randomuser.me/api 
 path_url=/api 
 headers={'User-Agent': 'python-requests/2.32.3', 'Accept-Encoding': 'gzip, deflate', 'Accept': '*/*', 'Connection': 'keep-alive'} 
 body=None 
 </msg>
<msg time="2024-07-20T13:15:38.950973" level="INFO">GET Response : url=https://randomuser.me/api 
 status=200, reason=OK 
 headers={'Date': 'Sat, 20 Jul 2024 13:15:38 GMT', 'Content-Type': 'application/json; charset=utf-8', 'Transfer-Encoding': 'chunked', 'Connection': 'keep-alive', 'X-Powered-By': 'Express', 'Access-Control-Allow-Origin': '*', 'Cache-Control': 'no-cache', 'ETag': 'W/"486-H9HYau8xcYcODy4KMA/msL/fWzI"', 'Vary': 'Accept-Encoding', 'Content-Encoding': 'gzip', 'CF-Cache-Status': 'DYNAMIC', 'Report-To': '{"endpoints":[{"url":"https:\\/\\/a.nel.cloudflare.com\\/report\\/v4?s=V0jpfUD8SnmBevmZ3zk5eKoWgtZiGzfMB5lC9Q7qMoQjVYGDXJjAHpSi2qxM1YNpZbTKCqXtugDZFj5wAs737MZ5Wc1UnDzRpL9WsOOecCeKwR7sRRqHkPbUhLwy8Zm1"}],"group":"cf-nel","max_age":604800}', 'NEL': '{"success_fraction":0,"report_to":"cf-nel","max_age":604800}', 'Server': 'cloudflare', 'CF-RAY': '8a63389fece681b7-IAD', 'alt-svc': 'h3=":443"; ma=86400'} 
 body={"results":[{"gender":"male","name":{"title":"Mr","first":"Abhinav","last":"Shenoy"},"location":{"street":{"number":7724,"name":"China Bazaar Rd"},"city":"Nadiad","state":"Haryana","country":"India","postcode":42342,"coordinates":{"latitude":"11.0381","longitude":"-158.2628"},"timezone":{"offset":"+4:00","description":"Abu Dhabi, Muscat, Baku, Tbilisi"}},"email":"abhinav.shenoy@example.com","login":{"uuid":"0d9c2a55-5b88-40ac-b7ee-d71af2099fc1","username":"whitetiger874","password":"jake","salt":"vRGIaNVE","md5":"342f7cb3a57ef00a9057ab99aab67d6e","sha1":"b4b98fedcb2672e9b977bc7331311d4b3caa60d3","sha256":"34f4dc29ffaa311e70e5b4c6b524fde17239f241470398fc21ffdb76dc5e1d24"},"dob":{"date":"1972-03-12T18:02:45.513Z","age":52},"registered":{"date":"2004-03-23T10:58:53.021Z","age":20},"phone":"9106597115","cell":"8877330479","id":{"name":"UIDAI","value":"498743827726"},"picture":{"large":"https://randomuser.me/api/portraits/men/66.jpg","medium":"https://randomuser.me/api/portraits/med/men/66.jpg","thumbnail":"https://randomuser.me/api/portraits/thumb/men/66.jpg"},"nat":"IN"}],"info":{"seed":"af51b55ef3eed9c2","results":1,"page":1,"version":"1.4"}} 
 </msg>
<msg time="2024-07-20T13:15:38.951051" level="INFO">/opt/hostedtoolcache/Python/3.12.4/x64/lib/python3.12/site-packages/urllib3/connectionpool.py:1099: InsecureRequestWarning: Unverified HTTPS request is being made to host 'randomuser.me'. Adding certificate verification is strongly advised. See: https://urllib3.readthedocs.io/en/latest/advanced-usage.html#tls-warnings
  warnings.warn(</msg>
<msg time="2024-07-20T13:15:38.951186" level="INFO">${response} = &lt;Response [200]&gt;</msg>
<var>${response}</var>
<arg>consultarAPI</arg>
<arg>/api</arg>
<doc>Sends a GET request on a previously created HTTP Session.</doc>
<status status="PASS" start="2024-07-20T13:15:38.857737" elapsed="0.093503"/>
</kw>
<kw name="Set Variable" owner="BuiltIn">
<msg time="2024-07-20T13:15:38.952442" level="INFO">${json_data} = {'results': [{'gender': 'male', 'name': {'title': 'Mr', 'first': 'Abhinav', 'last': 'Shenoy'}, 'location': {'street': {'number': 7724, 'name': 'China Bazaar Rd'}, 'city': 'Nadiad', 'state': 'Haryana',...</msg>
<var>${json_data}</var>
<arg>${response.json()}</arg>
<doc>Returns the given values which can then be assigned to a variables.</doc>
<status status="PASS" start="2024-07-20T13:15:38.951847" elapsed="0.000623"/>
</kw>
<kw name="Log" owner="BuiltIn">
<msg time="2024-07-20T13:15:38.952929" level="INFO">{'results': [{'gender': 'male', 'name': {'title': 'Mr', 'first': 'Abhinav', 'last': 'Shenoy'}, 'location': {'street': {'number': 7724, 'name': 'China Bazaar Rd'}, 'city': 'Nadiad', 'state': 'Haryana', 'country': 'India', 'postcode': 42342, 'coordinates': {'latitude': '11.0381', 'longitude': '-158.2628'}, 'timezone': {'offset': '+4:00', 'description': 'Abu Dhabi, Muscat, Baku, Tbilisi'}}, 'email': 'abhinav.shenoy@example.com', 'login': {'uuid': '0d9c2a55-5b88-40ac-b7ee-d71af2099fc1', 'username': 'whitetiger874', 'password': 'jake', 'salt': 'vRGIaNVE', 'md5': '342f7cb3a57ef00a9057ab99aab67d6e', 'sha1': 'b4b98fedcb2672e9b977bc7331311d4b3caa60d3', 'sha256': '34f4dc29ffaa311e70e5b4c6b524fde17239f241470398fc21ffdb76dc5e1d24'}, 'dob': {'date': '1972-03-12T18:02:45.513Z', 'age': 52}, 'registered': {'date': '2004-03-23T10:58:53.021Z', 'age': 20}, 'phone': '9106597115', 'cell': '8877330479', 'id': {'name': 'UIDAI', 'value': '498743827726'}, 'picture': {'large': 'https://randomuser.me/api/portraits/men/66.jpg', 'medium': 'https://randomuser.me/api/portraits/med/men/66.jpg', 'thumbnail': 'https://randomuser.me/api/portraits/thumb/men/66.jpg'}, 'nat': 'IN'}], 'info': {'seed': 'af51b55ef3eed9c2', 'results': 1, 'page': 1, 'version': '1.4'}}</msg>
<arg>${json_data}</arg>
<doc>Logs the given message with the given level.</doc>
<status status="PASS" start="2024-07-20T13:15:38.952775" elapsed="0.000201"/>
</kw>
<kw name="Should Be Equal As Numbers" owner="BuiltIn">
<arg>${json_data['results'][0]['location']['postcode']}</arg>
<arg>${json_data['results'][0]['location']['postcode']}</arg>
<doc>Fails if objects are unequal after converting them to real numbers.</doc>
<status status="PASS" start="2024-07-20T13:15:38.953271" elapsed="0.000610"/>
</kw>
<kw name="Log" owner="BuiltIn">
<msg time="2024-07-20T13:15:38.954449" level="INFO">42342</msg>
<arg>${json_data['results'][0]['location']['postcode']}</arg>
<doc>Logs the given message with the given level.</doc>
<status status="PASS" start="2024-07-20T13:15:38.954079" elapsed="0.000410"/>
</kw>
<status status="PASS" start="2024-07-20T13:15:38.857509" elapsed="0.097237"/>
</kw>
<doc>Testa se os tipos de dados na resposta da API estão corretos.</doc>
<tag>testeTiposDados</tag>
<status status="PASS" start="2024-07-20T13:15:38.768744" elapsed="0.186170"/>
</test>
<test id="s1-s1-t5" name="Validar conteudo" line="35">
<kw name="Teste de Tipos de Conteudo" owner="random-user-service">
<kw name="GET On Session" owner="RequestsLibrary">
<msg time="2024-07-20T13:15:39.049872" level="INFO">GET Request : url=https://randomuser.me/api 
 path_url=/api 
 headers={'User-Agent': 'python-requests/2.32.3', 'Accept-Encoding': 'gzip, deflate', 'Accept': '*/*', 'Connection': 'keep-alive'} 
 body=None 
 </msg>
<msg time="2024-07-20T13:15:39.049951" level="INFO">GET Response : url=https://randomuser.me/api 
 status=200, reason=OK 
 headers={'Date': 'Sat, 20 Jul 2024 13:15:39 GMT', 'Content-Type': 'application/json; charset=utf-8', 'Transfer-Encoding': 'chunked', 'Connection': 'keep-alive', 'X-Powered-By': 'Express', 'Access-Control-Allow-Origin': '*', 'Cache-Control': 'no-cache', 'ETag': 'W/"481-nx1pWEoPHc/YsMMRbBH3K8zSX6c"', 'Vary': 'Accept-Encoding', 'Content-Encoding': 'gzip', 'CF-Cache-Status': 'DYNAMIC', 'Report-To': '{"endpoints":[{"url":"https:\\/\\/a.nel.cloudflare.com\\/report\\/v4?s=ATV26CAaR5AK1BGASP%2F0So3z8Q%2FCArfHI%2FU5h6z5aBOSUwbC%2FYJQFtkasgg4B%2FKZPIYWIHsHqUKa9ioJm%2FEELYB9SuyBJCDySCJjIVC76S5vsqfmjAh7zCt2MWfcmtnc"}],"group":"cf-nel","max_age":604800}', 'NEL': '{"success_fraction":0,"report_to":"cf-nel","max_age":604800}', 'Server': 'cloudflare', 'CF-RAY': '8a6338a08dff81b7-IAD', 'alt-svc': 'h3=":443"; ma=86400'} 
 body={"results":[{"gender":"female","name":{"title":"Miss","first":"Afşar","last":"Özkara"},"location":{"street":{"number":1827,"name":"Necatibey Cd"},"city":"Ağrı","state":"Diyarbakır","country":"Turkey","postcode":68821,"coordinates":{"latitude":"64.8371","longitude":"170.1348"},"timezone":{"offset":"+6:00","description":"Almaty, Dhaka, Colombo"}},"email":"afsar.ozkara@example.com","login":{"uuid":"1f5c2804-a9b5-41d3-b4b7-40a311f7ed88","username":"heavyfish135","password":"qwerqwer","salt":"MTwg2m9s","md5":"5e1636940e3a77f903c7bb35dc3aa6f2","sha1":"d286b22d59eb71eedfe5d94448a036ec81ba0359","sha256":"bbfec7f2f909d351c4774d97063ef11fd31374910b02d3fe4ceecb216cc0c9dd"},"dob":{"date":"1980-02-28T16:11:04.369Z","age":44},"registered":{"date":"2006-04-13T20:04:44.477Z","age":18},"phone":"(094)-985-5259","cell":"(340)-085-6340","id":{"name":"","value":null},"picture":{"large":"https://randomuser.me/api/portraits/women/11.jpg","medium":"https://randomuser.me/api/portraits/med/women/11.jpg","thumbnail":"https://randomuser.me/api/portraits/thumb/women/11.jpg"},"nat":"TR"}],"info":{"seed":"cca7284b13bc32b9","results":1,"page":1,"version":"1.4"}} 
 </msg>
<msg time="2024-07-20T13:15:39.050016" level="INFO">/opt/hostedtoolcache/Python/3.12.4/x64/lib/python3.12/site-packages/urllib3/connectionpool.py:1099: InsecureRequestWarning: Unverified HTTPS request is being made to host 'randomuser.me'. Adding certificate verification is strongly advised. See: https://urllib3.readthedocs.io/en/latest/advanced-usage.html#tls-warnings
  warnings.warn(</msg>
<msg time="2024-07-20T13:15:39.050122" level="INFO">${response} = &lt;Response [200]&gt;</msg>
<var>${response}</var>
<arg>consultarAPI</arg>
<arg>/api</arg>
<doc>Sends a GET request on a previously created HTTP Session.</doc>
<status status="PASS" start="2024-07-20T13:15:38.957489" elapsed="0.092673"/>
</kw>
<kw name="Set Variable" owner="BuiltIn">
<msg time="2024-07-20T13:15:39.051265" level="INFO">${json_data} = {'results': [{'gender': 'female', 'name': {'title': 'Miss', 'first': 'Afşar', 'last': 'Özkara'}, 'location': {'street': {'number': 1827, 'name': 'Necatibey Cd'}, 'city': 'Ağrı', 'state': 'Diyarbakır',...</msg>
<var>${json_data}</var>
<arg>${response.json()}</arg>
<doc>Returns the given values which can then be assigned to a variables.</doc>
<status status="PASS" start="2024-07-20T13:15:39.050696" elapsed="0.000600"/>
</kw>
<kw name="Set Variable" owner="BuiltIn">
<msg time="2024-07-20T13:15:39.051988" level="INFO">${name_title} = Miss</msg>
<var>${name_title}</var>
<arg>${json_data["results"][0]["name"]["title"]}</arg>
<doc>Returns the given values which can then be assigned to a variables.</doc>
<status status="PASS" start="2024-07-20T13:15:39.051606" elapsed="0.000468"/>
</kw>
<kw name="Create List" owner="BuiltIn">
<msg time="2024-07-20T13:15:39.052545" level="INFO">${allowed_titles} = ['Mr', 'Ms', 'Miss', 'Mrs', 'Madame', 'Monsieur']</msg>
<var>${allowed_titles}</var>
<arg>Mr</arg>
<arg>Ms</arg>
<arg>Miss</arg>
<arg>Mrs</arg>
<arg>Madame</arg>
<arg>Monsieur</arg>
<doc>Returns a list containing given items.</doc>
<status status="PASS" start="2024-07-20T13:15:39.052396" elapsed="0.000174"/>
</kw>
<kw name="List Should Contain Value" owner="Collections">
<arg>${allowed_titles}</arg>
<arg>${name_title}</arg>
<doc>Fails if the ``value`` is not found from ``list``.</doc>
<status status="PASS" start="2024-07-20T13:15:39.052862" elapsed="0.000185"/>
</kw>
<kw name="Set Variable" owner="BuiltIn">
<msg time="2024-07-20T13:15:39.053603" level="INFO">${name_country} = TR</msg>
<var>${name_country}</var>
<arg>${json_data["results"][0]["nat"]}</arg>
<doc>Returns the given values which can then be assigned to a variables.</doc>
<status status="PASS" start="2024-07-20T13:15:39.053233" elapsed="0.000396"/>
</kw>
<kw name="Create List" owner="BuiltIn">
<msg time="2024-07-20T13:15:39.054506" level="INFO">${list_country} = ['AD', 'AE', 'AF', 'AG', 'AI', 'AL', 'AM', 'AO', 'AQ', 'AR', 'AS', 'AT', 'AU', 'AW', 'AX', 'AZ', 'BA', 'BB', 'BD', 'BE', 'BF', 'BG', 'BH', 'BI', 'BJ', 'BL', 'BM', 'BN', 'BO', 'BQ', 'BR', 'BS', 'BT', '...</msg>
<var>${list_country}</var>
<arg>AD</arg>
<arg>AE</arg>
<arg>AF</arg>
<arg>AG</arg>
<arg>AI</arg>
<arg>AL</arg>
<arg>AM</arg>
<arg>AO</arg>
<arg>AQ</arg>
<arg>AR</arg>
<arg>AS</arg>
<arg>AT</arg>
<arg>AU</arg>
<arg>AW</arg>
<arg>AX</arg>
<arg>AZ</arg>
<arg>BA</arg>
<arg>BB</arg>
<arg>BD</arg>
<arg>BE</arg>
<arg>BF</arg>
<arg>BG</arg>
<arg>BH</arg>
<arg>BI</arg>
<arg>BJ</arg>
<arg>BL</arg>
<arg>BM</arg>
<arg>BN</arg>
<arg>BO</arg>
<arg>BQ</arg>
<arg>BR</arg>
<arg>BS</arg>
<arg>BT</arg>
<arg>BV</arg>
<arg>BW</arg>
<arg>BY</arg>
<arg>BZ</arg>
<arg>CA</arg>
<arg>CC</arg>
<arg>CD</arg>
<arg>CF</arg>
<arg>CG</arg>
<arg>CH</arg>
<arg>CI</arg>
<arg>CK</arg>
<arg>CL</arg>
<arg>CM</arg>
<arg>CN</arg>
<arg>CO</arg>
<arg>CR</arg>
<arg>CU</arg>
<arg>CV</arg>
<arg>CW</arg>
<arg>CX</arg>
<arg>CY</arg>
<arg>CZ</arg>
<arg>DE</arg>
<arg>DJ</arg>
<arg>DK</arg>
<arg>DM</arg>
<arg>DO</arg>
<arg>DZ</arg>
<arg>EC</arg>
<arg>EE</arg>
<arg>EG</arg>
<arg>EH</arg>
<arg>ER</arg>
<arg>ES</arg>
<arg>ET</arg>
<arg>FI</arg>
<arg>FJ</arg>
<arg>FK</arg>
<arg>FM</arg>
<arg>FO</arg>
<arg>FR</arg>
<arg>GA</arg>
<arg>GB</arg>
<arg>GD</arg>
<arg>GE</arg>
<arg>GF</arg>
<arg>GG</arg>
<arg>GH</arg>
<arg>GI</arg>
<arg>GL</arg>
<arg>GM</arg>
<arg>GN</arg>
<arg>GP</arg>
<arg>GQ</arg>
<arg>GR</arg>
<arg>GS</arg>
<arg>GT</arg>
<arg>GU</arg>
<arg>GW</arg>
<arg>GY</arg>
<arg>HK</arg>
<arg>HM</arg>
<arg>HN</arg>
<arg>HR</arg>
<arg>HT</arg>
<arg>HU</arg>
<arg>ID</arg>
<arg>IE</arg>
<arg>IL</arg>
<arg>IM</arg>
<arg>IN</arg>
<arg>IO</arg>
<arg>IQ</arg>
<arg>IR</arg>
<arg>IS</arg>
<arg>IT</arg>
<arg>JE</arg>
<arg>JM</arg>
<arg>JO</arg>
<arg>JP</arg>
<arg>KE</arg>
<arg>KG</arg>
<arg>KH</arg>
<arg>KI</arg>
<arg>KM</arg>
<arg>KN</arg>
<arg>KP</arg>
<arg>KR</arg>
<arg>KW</arg>
<arg>KY</arg>
<arg>KZ</arg>
<arg>LA</arg>
<arg>LB</arg>
<arg>LC</arg>
<arg>LI</arg>
<arg>LK</arg>
<arg>LR</arg>
<arg>LS</arg>
<arg>LT</arg>
<arg>LU</arg>
<arg>LV</arg>
<arg>LY</arg>
<arg>MA</arg>
<arg>MC</arg>
<arg>MD</arg>
<arg>ME</arg>
<arg>MF</arg>
<arg>MG</arg>
<arg>MH</arg>
<arg>MK</arg>
<arg>ML</arg>
<arg>MM</arg>
<arg>MN</arg>
<arg>MO</arg>
<arg>MP</arg>
<arg>MQ</arg>
<arg>MR</arg>
<arg>MS</arg>
<arg>MT</arg>
<arg>MU</arg>
<arg>MV</arg>
<arg>MW</arg>
<arg>MX</arg>
<arg>MY</arg>
<arg>MZ</arg>
<arg>NA</arg>
<arg>NC</arg>
<arg>NE</arg>
<arg>NF</arg>
<arg>NG</arg>
<arg>NI</arg>
<arg>NL</arg>
<arg>NO</arg>
<arg>NP</arg>
<arg>NR</arg>
<arg>NU</arg>
<arg>NZ</arg>
<arg>OM</arg>
<arg>PA</arg>
<arg>PE</arg>
<arg>PF</arg>
<arg>PG</arg>
<arg>PH</arg>
<arg>PK</arg>
<arg>PL</arg>
<arg>PM</arg>
<arg>PN</arg>
<arg>PR</arg>
<arg>PS</arg>
<arg>PT</arg>
<arg>PW</arg>
<arg>PY</arg>
<arg>QA</arg>
<arg>RE</arg>
<arg>RO</arg>
<arg>RS</arg>
<arg>RU</arg>
<arg>RW</arg>
<arg>SA</arg>
<arg>SB</arg>
<arg>SC</arg>
<arg>SD</arg>
<arg>SE</arg>
<arg>SG</arg>
<arg>SH</arg>
<arg>SI</arg>
<arg>SJ</arg>
<arg>SK</arg>
<arg>SL</arg>
<arg>SM</arg>
<arg>SN</arg>
<arg>SO</arg>
<arg>SR</arg>
<arg>SS</arg>
<arg>ST</arg>
<arg>SV</arg>
<arg>SX</arg>
<arg>SY</arg>
<arg>SZ</arg>
<arg>TC</arg>
<arg>TD</arg>
<arg>TF</arg>
<arg>TG</arg>
<arg>TH</arg>
<arg>TJ</arg>
<arg>TK</arg>
<arg>TL</arg>
<arg>TM</arg>
<arg>TN</arg>
<arg>TO</arg>
<arg>TR</arg>
<arg>TT</arg>
<arg>TV</arg>
<arg>TW</arg>
<arg>TZ</arg>
<arg>UA</arg>
<arg>UG</arg>
<arg>UM</arg>
<arg>US</arg>
<arg>UY</arg>
<arg>UZ</arg>
<arg>VA</arg>
<arg>VC</arg>
<arg>VE</arg>
<arg>VG</arg>
<arg>VI</arg>
<arg>VN</arg>
<arg>VU</arg>
<arg>WF</arg>
<arg>WS</arg>
<arg>XK</arg>
<arg>YE</arg>
<arg>YT</arg>
<arg>ZA</arg>
<arg>ZM</arg>
<arg>ZW</arg>
<doc>Returns a list containing given items.</doc>
<status status="PASS" start="2024-07-20T13:15:39.053917" elapsed="0.000614"/>
</kw>
<kw name="List Should Contain Value" owner="Collections">
<arg>${list_country}</arg>
<arg>${name_country}</arg>
<doc>Fails if the ``value`` is not found from ``list``.</doc>
<status status="PASS" start="2024-07-20T13:15:39.055613" elapsed="0.000309"/>
</kw>
<kw name="Run Keyword If" owner="BuiltIn">
<kw name="Should Be True" owner="BuiltIn">
<arg>${True}</arg>
<doc>Fails if the given condition is not true.</doc>
<status status="PASS" start="2024-07-20T13:15:39.057574" elapsed="0.000209"/>
</kw>
<arg>${json_data["results"][0]["location"]["coordinates"]["latitude"]} &gt;= -90 and ${json_data["results"][0]["location"]["coordinates"]["latitude"]} &lt;= 90</arg>
<arg>Should Be True</arg>
<arg>${True}</arg>
<doc>Runs the given keyword with the given arguments, if ``condition`` is true.</doc>
<status status="PASS" start="2024-07-20T13:15:39.056274" elapsed="0.001706"/>
</kw>
<kw name="Run Keyword If" owner="BuiltIn">
<kw name="Should Be True" owner="BuiltIn">
<arg>${True}</arg>
<doc>Fails if the given condition is not true.</doc>
<status status="PASS" start="2024-07-20T13:15:39.059534" elapsed="0.000232"/>
</kw>
<arg>${json_data["results"][0]["location"]["coordinates"]["longitude"]} &gt;= -180 and ${json_data["results"][0]["location"]["coordinates"]["longitude"]} &lt;= 180</arg>
<arg>Should Be True</arg>
<arg>${True}</arg>
<doc>Runs the given keyword with the given arguments, if ``condition`` is true.</doc>
<status status="PASS" start="2024-07-20T13:15:39.058296" elapsed="0.001676"/>
</kw>
<status status="PASS" start="2024-07-20T13:15:38.957266" elapsed="0.102960"/>
</kw>
<doc>Testa o conteúdo específico dos campos retornados pela API.</doc>
<tag>testeConteudo</tag>
<status status="PASS" start="2024-07-20T13:15:38.956741" elapsed="0.103753"/>
</test>
<status status="PASS" start="2024-07-20T13:15:38.039741" elapsed="1.024065"/>
</suite>
<status status="PASS" start="2024-07-20T13:15:38.025488" elapsed="1.043344"/>
</suite>
<statistics>
<total>
<stat pass="5" fail="0" skip="0">All Tests</stat>
</total>
<tag>
<stat pass="1" fail="0" skip="0">testeConteudo</stat>
<stat pass="1" fail="0" skip="0">testeEstruturaResposta</stat>
<stat pass="1" fail="0" skip="0">testeRequisicaoBasica</stat>
<stat pass="1" fail="0" skip="0">testeTiposDados</stat>
</tag>
<suite>
<stat pass="5" fail="0" skip="0" id="s1" name="Tests">Tests</stat>
<stat pass="5" fail="0" skip="0" id="s1-s1" name="Random-User-Test">Tests.Random-User-Test</stat>
</suite>
</statistics>
<errors>
</errors>
</robot>
