<?xml version="1.0" encoding="UTF-8"?>
<robot generator="Robot 7.0.1 (Python 3.12.4 on linux)" generated="2024-06-27T02:31:12.662377" rpa="false" schemaversion="5">
<suite id="s1" name="Tests" source="/home/runner/work/ApiRandomUser/ApiRandomUser/RamdonUser/tests">
<suite id="s1-s1" name="Random-User-Test" source="/home/runner/work/ApiRandomUser/ApiRandomUser/RamdonUser/tests/random-user-test.robot">
<test id="s1-s1-t1" name="Conectar" line="13">
<kw name="Conectar API" owner="random-user-service">
<kw name="Create Session" owner="RequestsLibrary">
<msg time="2024-06-27T02:31:13.091369" level="INFO">Creating Session using : alias=consultarAPI, url=https://randomuser.me/, headers={},                     cookies={}, auth=None, timeout=None, proxies=None, verify=False,                     debug=0 </msg>
<arg>consultarAPI</arg>
<arg>${URL}</arg>
<doc>Create Session: create a HTTP session to a server</doc>
<status status="PASS" start="2024-06-27T02:31:13.091165" elapsed="0.000381"/>
</kw>
<status status="PASS" start="2024-06-27T02:31:13.090162" elapsed="0.001741"/>
</kw>
<status status="PASS" start="2024-06-27T02:31:13.089620" elapsed="0.002472"/>
</test>
<test id="s1-s1-t2" name="Validar retorno 200 e JSON Válido" line="16">
<kw name="Teste de Requisicao Basica" owner="random-user-service">
<kw name="GET On Session" owner="RequestsLibrary">
<msg time="2024-06-27T02:31:13.208243" level="INFO">GET Request : url=https://randomuser.me/api 
 path_url=/api 
 headers={'User-Agent': 'python-requests/2.32.3', 'Accept-Encoding': 'gzip, deflate', 'Accept': '*/*', 'Connection': 'keep-alive'} 
 body=None 
 </msg>
<msg time="2024-06-27T02:31:13.208391" level="INFO">GET Response : url=https://randomuser.me/api 
 status=200, reason=OK 
 headers={'Date': 'Thu, 27 Jun 2024 02:31:13 GMT', 'Content-Type': 'application/json; charset=utf-8', 'Transfer-Encoding': 'chunked', 'Connection': 'keep-alive', 'X-Powered-By': 'Express', 'Access-Control-Allow-Origin': '*', 'Cache-Control': 'no-cache', 'ETag': 'W/"4a0-BZAFoDWzmbm8dHkDrrxKfiLBo48"', 'Vary': 'Accept-Encoding', 'Content-Encoding': 'gzip', 'CF-Cache-Status': 'DYNAMIC', 'Report-To': '{"endpoints":[{"url":"https:\\/\\/a.nel.cloudflare.com\\/report\\/v4?s=AjeKNOVOZY4ha7nXllyMiPM1OwvOsz1I0utvwWgqbOjQoZHjJFKlt%2FqZaY0HEUVC4WOdIUSGT8qS61%2F5KXSFBdqmD2UH7O95M9lLAFLUPaVLEbPlktlIhY%2FIXujEQW11"}],"group":"cf-nel","max_age":604800}', 'NEL': '{"success_fraction":0,"report_to":"cf-nel","max_age":604800}', 'Server': 'cloudflare', 'CF-RAY': '89a205030abc235c-SJC', 'alt-svc': 'h3=":443"; ma=86400'} 
 body={"results":[{"gender":"male","name":{"title":"Monsieur","first":"Andy","last":"Rey"},"location":{"street":{"number":5456,"name":"Avenue de L'Abbé-Roussel"},"city":"Crésuz","state":"Glarus","country":"Switzerland","postcode":4371,"coordinates":{"latitude":"-59.9732","longitude":"-133.8244"},"timezone":{"offset":"+5:00","description":"Ekaterinburg, Islamabad, Karachi, Tashkent"}},"email":"andy.rey@example.com","login":{"uuid":"1da80353-06cf-4c13-8b40-73ef59a89168","username":"crazybear515","password":"popo","salt":"azV8YgoH","md5":"2a2d90549c84e3adfcbe42e975e6ebb2","sha1":"006f7a978fa515ebde97625aae0fec4b1e359545","sha256":"30ba083c60f9622d3a69bcad4bc2e26df1a714a22115277d472ba98651e34419"},"dob":{"date":"1957-01-11T01:46:13.462Z","age":67},"registered":{"date":"2020-11-06T18:42:46.708Z","age":3},"phone":"077 655 04 54","cell":"079 002 94 19","id":{"name":"AVS","value":"756.3898.8030.20"},"picture":{"large":"https://randomuser.me/api/portraits/men/98.jpg","medium":"https://randomuser.me/api/portraits/med/men/98.jpg","thumbnail":"https://randomuser.me/api/portraits/thumb/men/98.jpg"},"nat":"CH"}],"info":{"seed":"62a9a6d3256cbcbe","results":1,"page":1,"version":"1.4"}} 
 </msg>
<msg time="2024-06-27T02:31:13.208481" level="INFO">/opt/hostedtoolcache/Python/3.12.4/x64/lib/python3.12/site-packages/urllib3/connectionpool.py:1099: InsecureRequestWarning: Unverified HTTPS request is being made to host 'randomuser.me'. Adding certificate verification is strongly advised. See: https://urllib3.readthedocs.io/en/latest/advanced-usage.html#tls-warnings
  warnings.warn(</msg>
<msg time="2024-06-27T02:31:13.208642" level="INFO">${response} = &lt;Response [200]&gt;</msg>
<var>${response}</var>
<arg>consultarAPI</arg>
<arg>/api</arg>
<doc>Sends a GET request on a previously created HTTP Session.</doc>
<status status="PASS" start="2024-06-27T02:31:13.094987" elapsed="0.113704"/>
</kw>
<kw name="Should Be Equal As Numbers" owner="BuiltIn">
<msg time="2024-06-27T02:31:13.209761" level="INFO">Argument types are:
&lt;class 'int'&gt;
&lt;class 'str'&gt;</msg>
<arg>${response.status_code}</arg>
<arg>200</arg>
<doc>Fails if objects are unequal after converting them to real numbers.</doc>
<status status="PASS" start="2024-06-27T02:31:13.209274" elapsed="0.000554"/>
</kw>
<kw name="Log" owner="BuiltIn">
<msg time="2024-06-27T02:31:13.210496" level="INFO">200</msg>
<arg>${response.status_code}</arg>
<doc>Logs the given message with the given level.</doc>
<status status="PASS" start="2024-06-27T02:31:13.210143" elapsed="0.000405"/>
</kw>
<kw name="Set Variable" owner="BuiltIn">
<msg time="2024-06-27T02:31:13.211335" level="INFO">${json_data} = {'results': [{'gender': 'male', 'name': {'title': 'Monsieur', 'first': 'Andy', 'last': 'Rey'}, 'location': {'street': {'number': 5456, 'name': "Avenue de L'Abbé-Roussel"}, 'city': 'Crésuz', 'state': '...</msg>
<var>${json_data}</var>
<arg>${response.json()}</arg>
<doc>Returns the given values which can then be assigned to a variables.</doc>
<status status="PASS" start="2024-06-27T02:31:13.210892" elapsed="0.000473"/>
</kw>
<kw name="Dictionary Should Contain Key" owner="Collections">
<arg>${json_data}</arg>
<arg>results</arg>
<doc>Fails if ``key`` is not found from ``dictionary``.</doc>
<status status="PASS" start="2024-06-27T02:31:13.211663" elapsed="0.000167"/>
</kw>
<status status="PASS" start="2024-06-27T02:31:13.094662" elapsed="0.117322"/>
</kw>
<doc>Testa se a API responde corretamente e retorna um objeto JSON válido.</doc>
<tag>testeRequisicaoBasica</tag>
<status status="PASS" start="2024-06-27T02:31:13.093978" elapsed="0.118176"/>
</test>
<test id="s1-s1-t3" name="Validar estrutura de resposta" line="22">
<kw name="Teste de Estrutura de Resposta" owner="random-user-service">
<kw name="GET On Session" owner="RequestsLibrary">
<msg time="2024-06-27T02:31:13.311850" level="INFO">GET Request : url=https://randomuser.me/api 
 path_url=/api 
 headers={'User-Agent': 'python-requests/2.32.3', 'Accept-Encoding': 'gzip, deflate', 'Accept': '*/*', 'Connection': 'keep-alive'} 
 body=None 
 </msg>
<msg time="2024-06-27T02:31:13.311940" level="INFO">GET Response : url=https://randomuser.me/api 
 status=200, reason=OK 
 headers={'Date': 'Thu, 27 Jun 2024 02:31:13 GMT', 'Content-Type': 'application/json; charset=utf-8', 'Transfer-Encoding': 'chunked', 'Connection': 'keep-alive', 'X-Powered-By': 'Express', 'Access-Control-Allow-Origin': '*', 'Cache-Control': 'no-cache', 'ETag': 'W/"4a1-LiUrRTysJV6V0CvyLVsK4jkjkFw"', 'Vary': 'Accept-Encoding', 'Content-Encoding': 'gzip', 'CF-Cache-Status': 'DYNAMIC', 'Report-To': '{"endpoints":[{"url":"https:\\/\\/a.nel.cloudflare.com\\/report\\/v4?s=JzBOql1EMLRNKC3Q1%2F0s0Y%2BckBWSEBXq%2BLam4mhUaKTkFlolJ3TsgVTa7L4wX0l4qY0hb%2BR1gyIfof5FYYF2VvbuBdNgzE1kSJV1vxd9%2F5W289JRYDPU3c0U%2BWn2p2aW"}],"group":"cf-nel","max_age":604800}', 'NEL': '{"success_fraction":0,"report_to":"cf-nel","max_age":604800}', 'Server': 'cloudflare', 'CF-RAY': '89a205039b31235c-SJC', 'alt-svc': 'h3=":443"; ma=86400'} 
 body={"results":[{"gender":"female","name":{"title":"Miss","first":"Zilena","last":"Caldeira"},"location":{"street":{"number":6938,"name":"Rua Alagoas "},"city":"Eunápolis","state":"Bahia","country":"Brazil","postcode":94731,"coordinates":{"latitude":"-81.3620","longitude":"73.6259"},"timezone":{"offset":"-6:00","description":"Central Time (US &amp; Canada), Mexico City"}},"email":"zilena.caldeira@example.com","login":{"uuid":"f113b142-f0fe-4b0d-9e34-0220a8bf1430","username":"crazybear247","password":"chanel","salt":"b06Sa3Y4","md5":"a6484297e3afe9ebc6dbbc2815cb442e","sha1":"2b98817c7d2e8358c688c6dd243e54ccbb5515f5","sha256":"604696ff846b8c6a3a40f43ebf1cc53f65266b1c2feed365645e56d649779af4"},"dob":{"date":"1953-01-04T22:41:24.086Z","age":71},"registered":{"date":"2002-10-18T09:02:57.245Z","age":21},"phone":"(57) 9032-0606","cell":"(35) 0231-2662","id":{"name":"CPF","value":"562.586.509-16"},"picture":{"large":"https://randomuser.me/api/portraits/women/62.jpg","medium":"https://randomuser.me/api/portraits/med/women/62.jpg","thumbnail":"https://randomuser.me/api/portraits/thumb/women/62.jpg"},"nat":"BR"}],"info":{"seed":"e13ee859e8819b2a","results":1,"page":1,"version":"1.4"}} 
 </msg>
<msg time="2024-06-27T02:31:13.312064" level="INFO">/opt/hostedtoolcache/Python/3.12.4/x64/lib/python3.12/site-packages/urllib3/connectionpool.py:1099: InsecureRequestWarning: Unverified HTTPS request is being made to host 'randomuser.me'. Adding certificate verification is strongly advised. See: https://urllib3.readthedocs.io/en/latest/advanced-usage.html#tls-warnings
  warnings.warn(</msg>
<msg time="2024-06-27T02:31:13.312198" level="INFO">${response} = &lt;Response [200]&gt;</msg>
<var>${response}</var>
<arg>consultarAPI</arg>
<arg>/api</arg>
<doc>Sends a GET request on a previously created HTTP Session.</doc>
<status status="PASS" start="2024-06-27T02:31:13.214830" elapsed="0.097409"/>
</kw>
<kw name="Set Variable" owner="BuiltIn">
<msg time="2024-06-27T02:31:13.313356" level="INFO">${json_data} = {'results': [{'gender': 'female', 'name': {'title': 'Miss', 'first': 'Zilena', 'last': 'Caldeira'}, 'location': {'street': {'number': 6938, 'name': 'Rua Alagoas '}, 'city': 'Eunápolis', 'state': 'Bahi...</msg>
<var>${json_data}</var>
<arg>${response.json()}</arg>
<doc>Returns the given values which can then be assigned to a variables.</doc>
<status status="PASS" start="2024-06-27T02:31:13.312789" elapsed="0.000597"/>
</kw>
<kw name="Log" owner="BuiltIn">
<msg time="2024-06-27T02:31:13.313853" level="INFO">{'results': [{'gender': 'female', 'name': {'title': 'Miss', 'first': 'Zilena', 'last': 'Caldeira'}, 'location': {'street': {'number': 6938, 'name': 'Rua Alagoas '}, 'city': 'Eunápolis', 'state': 'Bahia', 'country': 'Brazil', 'postcode': 94731, 'coordinates': {'latitude': '-81.3620', 'longitude': '73.6259'}, 'timezone': {'offset': '-6:00', 'description': 'Central Time (US &amp; Canada), Mexico City'}}, 'email': 'zilena.caldeira@example.com', 'login': {'uuid': 'f113b142-f0fe-4b0d-9e34-0220a8bf1430', 'username': 'crazybear247', 'password': 'chanel', 'salt': 'b06Sa3Y4', 'md5': 'a6484297e3afe9ebc6dbbc2815cb442e', 'sha1': '2b98817c7d2e8358c688c6dd243e54ccbb5515f5', 'sha256': '604696ff846b8c6a3a40f43ebf1cc53f65266b1c2feed365645e56d649779af4'}, 'dob': {'date': '1953-01-04T22:41:24.086Z', 'age': 71}, 'registered': {'date': '2002-10-18T09:02:57.245Z', 'age': 21}, 'phone': '(57) 9032-0606', 'cell': '(35) 0231-2662', 'id': {'name': 'CPF', 'value': '562.586.509-16'}, 'picture': {'large': 'https://randomuser.me/api/portraits/women/62.jpg', 'medium': 'https://randomuser.me/api/portraits/med/women/62.jpg', 'thumbnail': 'https://randomuser.me/api/portraits/thumb/women/62.jpg'}, 'nat': 'BR'}], 'info': {'seed': 'e13ee859e8819b2a', 'results': 1, 'page': 1, 'version': '1.4'}}</msg>
<arg>${json_data}</arg>
<doc>Logs the given message with the given level.</doc>
<status status="PASS" start="2024-06-27T02:31:13.313692" elapsed="0.000213"/>
</kw>
<kw name="Dictionary Should Contain Key" owner="Collections">
<arg>${json_data}</arg>
<arg>results</arg>
<doc>Fails if ``key`` is not found from ``dictionary``.</doc>
<status status="PASS" start="2024-06-27T02:31:13.314196" elapsed="0.000163"/>
</kw>
<kw name="Should Not Be Empty" owner="BuiltIn">
<msg time="2024-06-27T02:31:13.314718" level="INFO">Length is 2.</msg>
<arg>${json_data}</arg>
<doc>Verifies that the given item is not empty.</doc>
<status status="PASS" start="2024-06-27T02:31:13.314547" elapsed="0.000212"/>
</kw>
<kw name="Create List" owner="BuiltIn">
<msg time="2024-06-27T02:31:13.315203" level="INFO">${expected_keys} = ['gender', 'name', 'location', 'email', 'login']</msg>
<var>${expected_keys}</var>
<arg>gender</arg>
<arg>name</arg>
<arg>location</arg>
<arg>email</arg>
<arg>login</arg>
<doc>Returns a list containing given items.</doc>
<status status="PASS" start="2024-06-27T02:31:13.315053" elapsed="0.000173"/>
</kw>
<for flavor="IN">
<iter>
<kw name="Dictionary Should Contain Key" owner="Collections">
<arg>${json_data['results'][0]}</arg>
<arg>${key}</arg>
<doc>Fails if ``key`` is not found from ``dictionary``.</doc>
<status status="PASS" start="2024-06-27T02:31:13.315951" elapsed="0.000389"/>
</kw>
<kw name="Log" owner="BuiltIn">
<msg time="2024-06-27T02:31:13.316921" level="INFO">{'gender': 'female', 'name': {'title': 'Miss', 'first': 'Zilena', 'last': 'Caldeira'}, 'location': {'street': {'number': 6938, 'name': 'Rua Alagoas '}, 'city': 'Eunápolis', 'state': 'Bahia', 'country': 'Brazil', 'postcode': 94731, 'coordinates': {'latitude': '-81.3620', 'longitude': '73.6259'}, 'timezone': {'offset': '-6:00', 'description': 'Central Time (US &amp; Canada), Mexico City'}}, 'email': 'zilena.caldeira@example.com', 'login': {'uuid': 'f113b142-f0fe-4b0d-9e34-0220a8bf1430', 'username': 'crazybear247', 'password': 'chanel', 'salt': 'b06Sa3Y4', 'md5': 'a6484297e3afe9ebc6dbbc2815cb442e', 'sha1': '2b98817c7d2e8358c688c6dd243e54ccbb5515f5', 'sha256': '604696ff846b8c6a3a40f43ebf1cc53f65266b1c2feed365645e56d649779af4'}, 'dob': {'date': '1953-01-04T22:41:24.086Z', 'age': 71}, 'registered': {'date': '2002-10-18T09:02:57.245Z', 'age': 21}, 'phone': '(57) 9032-0606', 'cell': '(35) 0231-2662', 'id': {'name': 'CPF', 'value': '562.586.509-16'}, 'picture': {'large': 'https://randomuser.me/api/portraits/women/62.jpg', 'medium': 'https://randomuser.me/api/portraits/med/women/62.jpg', 'thumbnail': 'https://randomuser.me/api/portraits/thumb/women/62.jpg'}, 'nat': 'BR'}</msg>
<arg>${json_data['results'][0]}</arg>
<doc>Logs the given message with the given level.</doc>
<status status="PASS" start="2024-06-27T02:31:13.316548" elapsed="0.000426"/>
</kw>
<kw name="Log" owner="BuiltIn">
<msg time="2024-06-27T02:31:13.317406" level="INFO">gender</msg>
<arg>${key}</arg>
<doc>Logs the given message with the given level.</doc>
<status status="PASS" start="2024-06-27T02:31:13.317277" elapsed="0.000166"/>
</kw>
<var name="${key}">gender</var>
<status status="PASS" start="2024-06-27T02:31:13.315829" elapsed="0.001830"/>
</iter>
<iter>
<kw name="Dictionary Should Contain Key" owner="Collections">
<arg>${json_data['results'][0]}</arg>
<arg>${key}</arg>
<doc>Fails if ``key`` is not found from ``dictionary``.</doc>
<status status="PASS" start="2024-06-27T02:31:13.317953" elapsed="0.000387"/>
</kw>
<kw name="Log" owner="BuiltIn">
<msg time="2024-06-27T02:31:13.318939" level="INFO">{'gender': 'female', 'name': {'title': 'Miss', 'first': 'Zilena', 'last': 'Caldeira'}, 'location': {'street': {'number': 6938, 'name': 'Rua Alagoas '}, 'city': 'Eunápolis', 'state': 'Bahia', 'country': 'Brazil', 'postcode': 94731, 'coordinates': {'latitude': '-81.3620', 'longitude': '73.6259'}, 'timezone': {'offset': '-6:00', 'description': 'Central Time (US &amp; Canada), Mexico City'}}, 'email': 'zilena.caldeira@example.com', 'login': {'uuid': 'f113b142-f0fe-4b0d-9e34-0220a8bf1430', 'username': 'crazybear247', 'password': 'chanel', 'salt': 'b06Sa3Y4', 'md5': 'a6484297e3afe9ebc6dbbc2815cb442e', 'sha1': '2b98817c7d2e8358c688c6dd243e54ccbb5515f5', 'sha256': '604696ff846b8c6a3a40f43ebf1cc53f65266b1c2feed365645e56d649779af4'}, 'dob': {'date': '1953-01-04T22:41:24.086Z', 'age': 71}, 'registered': {'date': '2002-10-18T09:02:57.245Z', 'age': 21}, 'phone': '(57) 9032-0606', 'cell': '(35) 0231-2662', 'id': {'name': 'CPF', 'value': '562.586.509-16'}, 'picture': {'large': 'https://randomuser.me/api/portraits/women/62.jpg', 'medium': 'https://randomuser.me/api/portraits/med/women/62.jpg', 'thumbnail': 'https://randomuser.me/api/portraits/thumb/women/62.jpg'}, 'nat': 'BR'}</msg>
<arg>${json_data['results'][0]}</arg>
<doc>Logs the given message with the given level.</doc>
<status status="PASS" start="2024-06-27T02:31:13.318552" elapsed="0.000437"/>
</kw>
<kw name="Log" owner="BuiltIn">
<msg time="2024-06-27T02:31:13.319412" level="INFO">name</msg>
<arg>${key}</arg>
<doc>Logs the given message with the given level.</doc>
<status status="PASS" start="2024-06-27T02:31:13.319285" elapsed="0.000163"/>
</kw>
<var name="${key}">name</var>
<status status="PASS" start="2024-06-27T02:31:13.317843" elapsed="0.001820"/>
</iter>
<iter>
<kw name="Dictionary Should Contain Key" owner="Collections">
<arg>${json_data['results'][0]}</arg>
<arg>${key}</arg>
<doc>Fails if ``key`` is not found from ``dictionary``.</doc>
<status status="PASS" start="2024-06-27T02:31:13.319945" elapsed="0.000377"/>
</kw>
<kw name="Log" owner="BuiltIn">
<msg time="2024-06-27T02:31:13.320851" level="INFO">{'gender': 'female', 'name': {'title': 'Miss', 'first': 'Zilena', 'last': 'Caldeira'}, 'location': {'street': {'number': 6938, 'name': 'Rua Alagoas '}, 'city': 'Eunápolis', 'state': 'Bahia', 'country': 'Brazil', 'postcode': 94731, 'coordinates': {'latitude': '-81.3620', 'longitude': '73.6259'}, 'timezone': {'offset': '-6:00', 'description': 'Central Time (US &amp; Canada), Mexico City'}}, 'email': 'zilena.caldeira@example.com', 'login': {'uuid': 'f113b142-f0fe-4b0d-9e34-0220a8bf1430', 'username': 'crazybear247', 'password': 'chanel', 'salt': 'b06Sa3Y4', 'md5': 'a6484297e3afe9ebc6dbbc2815cb442e', 'sha1': '2b98817c7d2e8358c688c6dd243e54ccbb5515f5', 'sha256': '604696ff846b8c6a3a40f43ebf1cc53f65266b1c2feed365645e56d649779af4'}, 'dob': {'date': '1953-01-04T22:41:24.086Z', 'age': 71}, 'registered': {'date': '2002-10-18T09:02:57.245Z', 'age': 21}, 'phone': '(57) 9032-0606', 'cell': '(35) 0231-2662', 'id': {'name': 'CPF', 'value': '562.586.509-16'}, 'picture': {'large': 'https://randomuser.me/api/portraits/women/62.jpg', 'medium': 'https://randomuser.me/api/portraits/med/women/62.jpg', 'thumbnail': 'https://randomuser.me/api/portraits/thumb/women/62.jpg'}, 'nat': 'BR'}</msg>
<arg>${json_data['results'][0]}</arg>
<doc>Logs the given message with the given level.</doc>
<status status="PASS" start="2024-06-27T02:31:13.320503" elapsed="0.000398"/>
</kw>
<kw name="Log" owner="BuiltIn">
<msg time="2024-06-27T02:31:13.321327" level="INFO">location</msg>
<arg>${key}</arg>
<doc>Logs the given message with the given level.</doc>
<status status="PASS" start="2024-06-27T02:31:13.321201" elapsed="0.000163"/>
</kw>
<var name="${key}">location</var>
<status status="PASS" start="2024-06-27T02:31:13.319840" elapsed="0.001737"/>
</iter>
<iter>
<kw name="Dictionary Should Contain Key" owner="Collections">
<arg>${json_data['results'][0]}</arg>
<arg>${key}</arg>
<doc>Fails if ``key`` is not found from ``dictionary``.</doc>
<status status="PASS" start="2024-06-27T02:31:13.321849" elapsed="0.000387"/>
</kw>
<kw name="Log" owner="BuiltIn">
<msg time="2024-06-27T02:31:13.322802" level="INFO">{'gender': 'female', 'name': {'title': 'Miss', 'first': 'Zilena', 'last': 'Caldeira'}, 'location': {'street': {'number': 6938, 'name': 'Rua Alagoas '}, 'city': 'Eunápolis', 'state': 'Bahia', 'country': 'Brazil', 'postcode': 94731, 'coordinates': {'latitude': '-81.3620', 'longitude': '73.6259'}, 'timezone': {'offset': '-6:00', 'description': 'Central Time (US &amp; Canada), Mexico City'}}, 'email': 'zilena.caldeira@example.com', 'login': {'uuid': 'f113b142-f0fe-4b0d-9e34-0220a8bf1430', 'username': 'crazybear247', 'password': 'chanel', 'salt': 'b06Sa3Y4', 'md5': 'a6484297e3afe9ebc6dbbc2815cb442e', 'sha1': '2b98817c7d2e8358c688c6dd243e54ccbb5515f5', 'sha256': '604696ff846b8c6a3a40f43ebf1cc53f65266b1c2feed365645e56d649779af4'}, 'dob': {'date': '1953-01-04T22:41:24.086Z', 'age': 71}, 'registered': {'date': '2002-10-18T09:02:57.245Z', 'age': 21}, 'phone': '(57) 9032-0606', 'cell': '(35) 0231-2662', 'id': {'name': 'CPF', 'value': '562.586.509-16'}, 'picture': {'large': 'https://randomuser.me/api/portraits/women/62.jpg', 'medium': 'https://randomuser.me/api/portraits/med/women/62.jpg', 'thumbnail': 'https://randomuser.me/api/portraits/thumb/women/62.jpg'}, 'nat': 'BR'}</msg>
<arg>${json_data['results'][0]}</arg>
<doc>Logs the given message with the given level.</doc>
<status status="PASS" start="2024-06-27T02:31:13.322421" elapsed="0.000432"/>
</kw>
<kw name="Log" owner="BuiltIn">
<msg time="2024-06-27T02:31:13.323283" level="INFO">email</msg>
<arg>${key}</arg>
<doc>Logs the given message with the given level.</doc>
<status status="PASS" start="2024-06-27T02:31:13.323155" elapsed="0.000165"/>
</kw>
<var name="${key}">email</var>
<status status="PASS" start="2024-06-27T02:31:13.321744" elapsed="0.001791"/>
</iter>
<iter>
<kw name="Dictionary Should Contain Key" owner="Collections">
<arg>${json_data['results'][0]}</arg>
<arg>${key}</arg>
<doc>Fails if ``key`` is not found from ``dictionary``.</doc>
<status status="PASS" start="2024-06-27T02:31:13.323813" elapsed="0.000383"/>
</kw>
<kw name="Log" owner="BuiltIn">
<msg time="2024-06-27T02:31:13.324729" level="INFO">{'gender': 'female', 'name': {'title': 'Miss', 'first': 'Zilena', 'last': 'Caldeira'}, 'location': {'street': {'number': 6938, 'name': 'Rua Alagoas '}, 'city': 'Eunápolis', 'state': 'Bahia', 'country': 'Brazil', 'postcode': 94731, 'coordinates': {'latitude': '-81.3620', 'longitude': '73.6259'}, 'timezone': {'offset': '-6:00', 'description': 'Central Time (US &amp; Canada), Mexico City'}}, 'email': 'zilena.caldeira@example.com', 'login': {'uuid': 'f113b142-f0fe-4b0d-9e34-0220a8bf1430', 'username': 'crazybear247', 'password': 'chanel', 'salt': 'b06Sa3Y4', 'md5': 'a6484297e3afe9ebc6dbbc2815cb442e', 'sha1': '2b98817c7d2e8358c688c6dd243e54ccbb5515f5', 'sha256': '604696ff846b8c6a3a40f43ebf1cc53f65266b1c2feed365645e56d649779af4'}, 'dob': {'date': '1953-01-04T22:41:24.086Z', 'age': 71}, 'registered': {'date': '2002-10-18T09:02:57.245Z', 'age': 21}, 'phone': '(57) 9032-0606', 'cell': '(35) 0231-2662', 'id': {'name': 'CPF', 'value': '562.586.509-16'}, 'picture': {'large': 'https://randomuser.me/api/portraits/women/62.jpg', 'medium': 'https://randomuser.me/api/portraits/med/women/62.jpg', 'thumbnail': 'https://randomuser.me/api/portraits/thumb/women/62.jpg'}, 'nat': 'BR'}</msg>
<arg>${json_data['results'][0]}</arg>
<doc>Logs the given message with the given level.</doc>
<status status="PASS" start="2024-06-27T02:31:13.324375" elapsed="0.000404"/>
</kw>
<kw name="Log" owner="BuiltIn">
<msg time="2024-06-27T02:31:13.325207" level="INFO">login</msg>
<arg>${key}</arg>
<doc>Logs the given message with the given level.</doc>
<status status="PASS" start="2024-06-27T02:31:13.325071" elapsed="0.000173"/>
</kw>
<var name="${key}">login</var>
<status status="PASS" start="2024-06-27T02:31:13.323704" elapsed="0.001758"/>
</iter>
<var>${key}</var>
<value>@{expected_keys}</value>
<status status="PASS" start="2024-06-27T02:31:13.315638" elapsed="0.009942"/>
</for>
<kw name="Create List" owner="BuiltIn">
<msg time="2024-06-27T02:31:13.325926" level="INFO">${expected_keysTwo} = ['username', 'password']</msg>
<var>${expected_keysTwo}</var>
<arg>username</arg>
<arg>password</arg>
<doc>Returns a list containing given items.</doc>
<status status="PASS" start="2024-06-27T02:31:13.325790" elapsed="0.000160"/>
</kw>
<for flavor="IN">
<iter>
<kw name="Dictionary Should Contain Key" owner="Collections">
<arg>${json_data['results'][0]['login']}</arg>
<arg>${keyTwo}</arg>
<doc>Fails if ``key`` is not found from ``dictionary``.</doc>
<status status="PASS" start="2024-06-27T02:31:13.326444" elapsed="0.000423"/>
</kw>
<kw name="Dictionary Should Contain Key" owner="Collections">
<arg>${json_data['results'][0]['login']}</arg>
<arg>${keyTwo}</arg>
<doc>Fails if ``key`` is not found from ``dictionary``.</doc>
<status status="PASS" start="2024-06-27T02:31:13.327048" elapsed="0.000369"/>
</kw>
<kw name="Log" owner="BuiltIn">
<msg time="2024-06-27T02:31:13.327723" level="INFO">username</msg>
<arg>${keyTwo}</arg>
<doc>Logs the given message with the given level.</doc>
<status status="PASS" start="2024-06-27T02:31:13.327596" elapsed="0.000165"/>
</kw>
<var name="${keyTwo}">username</var>
<status status="PASS" start="2024-06-27T02:31:13.326337" elapsed="0.001643"/>
</iter>
<iter>
<kw name="Dictionary Should Contain Key" owner="Collections">
<arg>${json_data['results'][0]['login']}</arg>
<arg>${keyTwo}</arg>
<doc>Fails if ``key`` is not found from ``dictionary``.</doc>
<status status="PASS" start="2024-06-27T02:31:13.328255" elapsed="0.000378"/>
</kw>
<kw name="Dictionary Should Contain Key" owner="Collections">
<arg>${json_data['results'][0]['login']}</arg>
<arg>${keyTwo}</arg>
<doc>Fails if ``key`` is not found from ``dictionary``.</doc>
<status status="PASS" start="2024-06-27T02:31:13.328808" elapsed="0.000368"/>
</kw>
<kw name="Log" owner="BuiltIn">
<msg time="2024-06-27T02:31:13.329466" level="INFO">password</msg>
<arg>${keyTwo}</arg>
<doc>Logs the given message with the given level.</doc>
<status status="PASS" start="2024-06-27T02:31:13.329350" elapsed="0.000158"/>
</kw>
<var name="${keyTwo}">password</var>
<status status="PASS" start="2024-06-27T02:31:13.328150" elapsed="0.001578"/>
</iter>
<var>${keyTwo}</var>
<value>@{expected_keysTwo}</value>
<status status="PASS" start="2024-06-27T02:31:13.326185" elapsed="0.003661"/>
</for>
<status status="PASS" start="2024-06-27T02:31:13.214564" elapsed="0.115419"/>
</kw>
<doc>Testa a estrutura da resposta da API.</doc>
<tag>testeEstruturaResposta</tag>
<status status="PASS" start="2024-06-27T02:31:13.213985" elapsed="0.116151"/>
</test>
<test id="s1-s1-t4" name="Validar tipos de dados" line="28">
<kw name="Teste de Tipos de Dados" owner="random-user-service">
<kw name="GET On Session" owner="RequestsLibrary">
<msg time="2024-06-27T02:31:13.424244" level="INFO">GET Request : url=https://randomuser.me/api 
 path_url=/api 
 headers={'User-Agent': 'python-requests/2.32.3', 'Accept-Encoding': 'gzip, deflate', 'Accept': '*/*', 'Connection': 'keep-alive'} 
 body=None 
 </msg>
<msg time="2024-06-27T02:31:13.424315" level="INFO">GET Response : url=https://randomuser.me/api 
 status=200, reason=OK 
 headers={'Date': 'Thu, 27 Jun 2024 02:31:13 GMT', 'Content-Type': 'application/json; charset=utf-8', 'Transfer-Encoding': 'chunked', 'Connection': 'keep-alive', 'X-Powered-By': 'Express', 'Access-Control-Allow-Origin': '*', 'Cache-Control': 'no-cache', 'ETag': 'W/"47f-3fr1XEpmSP8HuVb/saCWKeSK/Tg"', 'Vary': 'Accept-Encoding', 'Content-Encoding': 'gzip', 'CF-Cache-Status': 'DYNAMIC', 'Report-To': '{"endpoints":[{"url":"https:\\/\\/a.nel.cloudflare.com\\/report\\/v4?s=4ycBKmtwmY%2FE8BMJY75MHGu0CJtDuFAy3Uvlgdrj%2FjHcpJ80efPippH7y3696JpK2pxe%2Fmq7Fkz2UljwtZr3MhQbl0gDiGNAQZEiJsDoOu4kg99FZO4h7MBWIOxW66%2B6"}],"group":"cf-nel","max_age":604800}', 'NEL': '{"success_fraction":0,"report_to":"cf-nel","max_age":604800}', 'Server': 'cloudflare', 'CF-RAY': '89a205045bff235c-SJC', 'alt-svc': 'h3=":443"; ma=86400'} 
 body={"results":[{"gender":"female","name":{"title":"Miss","first":"Yuhimiya","last":"Pidvisockiy"},"location":{"street":{"number":6967,"name":"Ugorska"},"city":"Soledar","state":"Zhitomirska","country":"Ukraine","postcode":15254,"coordinates":{"latitude":"77.4889","longitude":"53.5340"},"timezone":{"offset":"-3:30","description":"Newfoundland"}},"email":"yuhimiya.pidvisockiy@example.com","login":{"uuid":"fa04bed3-07c5-4511-8407-ed995934aa18","username":"heavywolf853","password":"635241","salt":"CXuveecr","md5":"d19b2c0d142ab34284b5581a5de784aa","sha1":"9c7077a6d45e86e1fcd3874e56a8c27ffff010e8","sha256":"24cba3a995a0e6ca9891c458a277c915993913a2f5b266c838e79c2153a287f6"},"dob":{"date":"1978-04-06T21:47:19.771Z","age":46},"registered":{"date":"2014-03-12T22:46:39.455Z","age":10},"phone":"(097) F26-6053","cell":"(068) E84-4178","id":{"name":"","value":null},"picture":{"large":"https://randomuser.me/api/portraits/women/32.jpg","medium":"https://randomuser.me/api/portraits/med/women/32.jpg","thumbnail":"https://randomuser.me/api/portraits/thumb/women/32.jpg"},"nat":"UA"}],"info":{"seed":"b453ce57a2d8c6e8","results":1,"page":1,"version":"1.4"}} 
 </msg>
<msg time="2024-06-27T02:31:13.424374" level="INFO">/opt/hostedtoolcache/Python/3.12.4/x64/lib/python3.12/site-packages/urllib3/connectionpool.py:1099: InsecureRequestWarning: Unverified HTTPS request is being made to host 'randomuser.me'. Adding certificate verification is strongly advised. See: https://urllib3.readthedocs.io/en/latest/advanced-usage.html#tls-warnings
  warnings.warn(</msg>
<msg time="2024-06-27T02:31:13.424467" level="INFO">${response} = &lt;Response [200]&gt;</msg>
<var>${response}</var>
<arg>consultarAPI</arg>
<arg>/api</arg>
<doc>Sends a GET request on a previously created HTTP Session.</doc>
<status status="PASS" start="2024-06-27T02:31:13.332781" elapsed="0.091728"/>
</kw>
<kw name="Set Variable" owner="BuiltIn">
<msg time="2024-06-27T02:31:13.425523" level="INFO">${json_data} = {'results': [{'gender': 'female', 'name': {'title': 'Miss', 'first': 'Yuhimiya', 'last': 'Pidvisockiy'}, 'location': {'street': {'number': 6967, 'name': 'Ugorska'}, 'city': 'Soledar', 'state': 'Zhitom...</msg>
<var>${json_data}</var>
<arg>${response.json()}</arg>
<doc>Returns the given values which can then be assigned to a variables.</doc>
<status status="PASS" start="2024-06-27T02:31:13.424966" elapsed="0.000586"/>
</kw>
<kw name="Log" owner="BuiltIn">
<msg time="2024-06-27T02:31:13.426057" level="INFO">{'results': [{'gender': 'female', 'name': {'title': 'Miss', 'first': 'Yuhimiya', 'last': 'Pidvisockiy'}, 'location': {'street': {'number': 6967, 'name': 'Ugorska'}, 'city': 'Soledar', 'state': 'Zhitomirska', 'country': 'Ukraine', 'postcode': 15254, 'coordinates': {'latitude': '77.4889', 'longitude': '53.5340'}, 'timezone': {'offset': '-3:30', 'description': 'Newfoundland'}}, 'email': 'yuhimiya.pidvisockiy@example.com', 'login': {'uuid': 'fa04bed3-07c5-4511-8407-ed995934aa18', 'username': 'heavywolf853', 'password': '635241', 'salt': 'CXuveecr', 'md5': 'd19b2c0d142ab34284b5581a5de784aa', 'sha1': '9c7077a6d45e86e1fcd3874e56a8c27ffff010e8', 'sha256': '24cba3a995a0e6ca9891c458a277c915993913a2f5b266c838e79c2153a287f6'}, 'dob': {'date': '1978-04-06T21:47:19.771Z', 'age': 46}, 'registered': {'date': '2014-03-12T22:46:39.455Z', 'age': 10}, 'phone': '(097) F26-6053', 'cell': '(068) E84-4178', 'id': {'name': '', 'value': None}, 'picture': {'large': 'https://randomuser.me/api/portraits/women/32.jpg', 'medium': 'https://randomuser.me/api/portraits/med/women/32.jpg', 'thumbnail': 'https://randomuser.me/api/portraits/thumb/women/32.jpg'}, 'nat': 'UA'}], 'info': {'seed': 'b453ce57a2d8c6e8', 'results': 1, 'page': 1, 'version': '1.4'}}</msg>
<arg>${json_data}</arg>
<doc>Logs the given message with the given level.</doc>
<status status="PASS" start="2024-06-27T02:31:13.425901" elapsed="0.000202"/>
</kw>
<kw name="Should Be String" owner="String">
<arg>${json_data['results'][0]['gender']}</arg>
<doc>Fails if the given ``item`` is not a string.</doc>
<status status="PASS" start="2024-06-27T02:31:13.426398" elapsed="0.000406"/>
</kw>
<kw name="Should Match Regexp" owner="BuiltIn">
<arg>${json_data['results'][0]['email']}</arg>
<arg>^[a-zA-Z0-9._%+-]+@[a-zA-Z0-9.-]+\.[a-zA-Z]{2,}$</arg>
<doc>Fails if ``string`` does not match ``pattern`` as a regular expression.</doc>
<status status="PASS" start="2024-06-27T02:31:13.427025" elapsed="0.000523"/>
</kw>
<kw name="Should Match Regexp" owner="BuiltIn">
<arg>${json_data['results'][0]['dob']['date']}</arg>
<arg>\\d{4}-\\d{2}-\\d{2}T\\d{2}:\\d{2}:\\d{2}\\.\\d{3}Z</arg>
<doc>Fails if ``string`` does not match ``pattern`` as a regular expression.</doc>
<status status="PASS" start="2024-06-27T02:31:13.427743" elapsed="0.000478"/>
</kw>
<kw name="Should Match Regexp" owner="BuiltIn">
<arg>${json_data['results'][0]['registered']['date']}</arg>
<arg>\\d{4}-\\d{2}-\\d{2}T\\d{2}:\\d{2}:\\d{2}\\.\\d{3}Z</arg>
<doc>Fails if ``string`` does not match ``pattern`` as a regular expression.</doc>
<status status="PASS" start="2024-06-27T02:31:13.428416" elapsed="0.000372"/>
</kw>
<kw name="Should Match Regexp" owner="BuiltIn">
<arg>${json_data['results'][0]['picture']['large']}</arg>
<arg>^https?://.*\.(?:png|jpe?g|gif|bmp)$</arg>
<doc>Fails if ``string`` does not match ``pattern`` as a regular expression.</doc>
<status status="PASS" start="2024-06-27T02:31:13.428971" elapsed="0.000450"/>
</kw>
<kw name="Should Match Regexp" owner="BuiltIn">
<arg>${json_data['results'][0]['picture']['medium']}</arg>
<arg>^https?://.*\.(?:png|jpe?g|gif|bmp)$</arg>
<doc>Fails if ``string`` does not match ``pattern`` as a regular expression.</doc>
<status status="PASS" start="2024-06-27T02:31:13.429605" elapsed="0.000348"/>
</kw>
<kw name="Should Match Regexp" owner="BuiltIn">
<arg>${json_data['results'][0]['picture']['thumbnail']}</arg>
<arg>^https?://.*\.(?:png|jpe?g|gif|bmp)$</arg>
<doc>Fails if ``string`` does not match ``pattern`` as a regular expression.</doc>
<status status="PASS" start="2024-06-27T02:31:13.430133" elapsed="0.000344"/>
</kw>
<kw name="Log" owner="BuiltIn">
<msg time="2024-06-27T02:31:13.431025" level="INFO">{'large': 'https://randomuser.me/api/portraits/women/32.jpg', 'medium': 'https://randomuser.me/api/portraits/med/women/32.jpg', 'thumbnail': 'https://randomuser.me/api/portraits/thumb/women/32.jpg'}</msg>
<arg>${json_data['results'][0]['picture']}</arg>
<doc>Logs the given message with the given level.</doc>
<status status="PASS" start="2024-06-27T02:31:13.430694" elapsed="0.000373"/>
</kw>
<status status="PASS" start="2024-06-27T02:31:13.332556" elapsed="0.098764"/>
</kw>
<kw name="Teste de Tipos de Dados - Postcode" owner="random-user-service">
<kw name="GET On Session" owner="RequestsLibrary">
<msg time="2024-06-27T02:31:13.521606" level="INFO">GET Request : url=https://randomuser.me/api 
 path_url=/api 
 headers={'User-Agent': 'python-requests/2.32.3', 'Accept-Encoding': 'gzip, deflate', 'Accept': '*/*', 'Connection': 'keep-alive'} 
 body=None 
 </msg>
<msg time="2024-06-27T02:31:13.521684" level="INFO">GET Response : url=https://randomuser.me/api 
 status=200, reason=OK 
 headers={'Date': 'Thu, 27 Jun 2024 02:31:13 GMT', 'Content-Type': 'application/json; charset=utf-8', 'Transfer-Encoding': 'chunked', 'Connection': 'keep-alive', 'X-Powered-By': 'Express', 'Access-Control-Allow-Origin': '*', 'Cache-Control': 'no-cache', 'ETag': 'W/"48c-L6DKkjuwTdUDVjlNLeIcFa/ScgE"', 'Vary': 'Accept-Encoding', 'Content-Encoding': 'gzip', 'CF-Cache-Status': 'DYNAMIC', 'Report-To': '{"endpoints":[{"url":"https:\\/\\/a.nel.cloudflare.com\\/report\\/v4?s=6hRFKuE1IrSv0oAhyXpjaFKi3fc18eKuTQ83Hwb%2FYExTQZn00kqQkESYJO72diumGCd5sCY6N769m3ZBVmieuIJpQ%2FuM%2BkBSNzHQ340D%2F5HKCPIrAWCnIYETJ1P7Scfk"}],"group":"cf-nel","max_age":604800}', 'NEL': '{"success_fraction":0,"report_to":"cf-nel","max_age":604800}', 'Server': 'cloudflare', 'CF-RAY': '89a20504fc83235c-SJC', 'alt-svc': 'h3=":443"; ma=86400'} 
 body={"results":[{"gender":"female","name":{"title":"Miss","first":"Zara","last":"Johnson"},"location":{"street":{"number":7323,"name":"Tay Street"},"city":"Whangarei","state":"Waikato","country":"New Zealand","postcode":64771,"coordinates":{"latitude":"47.5659","longitude":"21.9040"},"timezone":{"offset":"+9:00","description":"Tokyo, Seoul, Osaka, Sapporo, Yakutsk"}},"email":"zara.johnson@example.com","login":{"uuid":"f52ebdfd-923a-4b74-97da-b49879a53f77","username":"redpanda337","password":"skolko","salt":"joQSEq1C","md5":"c0e379f5cb72474a8c19b2099dc045d9","sha1":"8475d13be9afb74e83bbaa09eba3ac80d663d45b","sha256":"258d5e8a25519c39a39a544f3c1f22069da50b121b8d1d09e335986d732129c8"},"dob":{"date":"1979-06-22T23:07:34.019Z","age":45},"registered":{"date":"2012-05-28T17:01:44.038Z","age":12},"phone":"(563)-294-4243","cell":"(263)-961-7534","id":{"name":"","value":null},"picture":{"large":"https://randomuser.me/api/portraits/women/43.jpg","medium":"https://randomuser.me/api/portraits/med/women/43.jpg","thumbnail":"https://randomuser.me/api/portraits/thumb/women/43.jpg"},"nat":"NZ"}],"info":{"seed":"3144fe001df4d76a","results":1,"page":1,"version":"1.4"}} 
 </msg>
<msg time="2024-06-27T02:31:13.521750" level="INFO">/opt/hostedtoolcache/Python/3.12.4/x64/lib/python3.12/site-packages/urllib3/connectionpool.py:1099: InsecureRequestWarning: Unverified HTTPS request is being made to host 'randomuser.me'. Adding certificate verification is strongly advised. See: https://urllib3.readthedocs.io/en/latest/advanced-usage.html#tls-warnings
  warnings.warn(</msg>
<msg time="2024-06-27T02:31:13.521850" level="INFO">${response} = &lt;Response [200]&gt;</msg>
<var>${response}</var>
<arg>consultarAPI</arg>
<arg>/api</arg>
<doc>Sends a GET request on a previously created HTTP Session.</doc>
<status status="PASS" start="2024-06-27T02:31:13.431802" elapsed="0.090083"/>
</kw>
<kw name="Set Variable" owner="BuiltIn">
<msg time="2024-06-27T02:31:13.522821" level="INFO">${json_data} = {'results': [{'gender': 'female', 'name': {'title': 'Miss', 'first': 'Zara', 'last': 'Johnson'}, 'location': {'street': {'number': 7323, 'name': 'Tay Street'}, 'city': 'Whangarei', 'state': 'Waikato',...</msg>
<var>${json_data}</var>
<arg>${response.json()}</arg>
<doc>Returns the given values which can then be assigned to a variables.</doc>
<status status="PASS" start="2024-06-27T02:31:13.522329" elapsed="0.000520"/>
</kw>
<kw name="Log" owner="BuiltIn">
<msg time="2024-06-27T02:31:13.523304" level="INFO">{'results': [{'gender': 'female', 'name': {'title': 'Miss', 'first': 'Zara', 'last': 'Johnson'}, 'location': {'street': {'number': 7323, 'name': 'Tay Street'}, 'city': 'Whangarei', 'state': 'Waikato', 'country': 'New Zealand', 'postcode': 64771, 'coordinates': {'latitude': '47.5659', 'longitude': '21.9040'}, 'timezone': {'offset': '+9:00', 'description': 'Tokyo, Seoul, Osaka, Sapporo, Yakutsk'}}, 'email': 'zara.johnson@example.com', 'login': {'uuid': 'f52ebdfd-923a-4b74-97da-b49879a53f77', 'username': 'redpanda337', 'password': 'skolko', 'salt': 'joQSEq1C', 'md5': 'c0e379f5cb72474a8c19b2099dc045d9', 'sha1': '8475d13be9afb74e83bbaa09eba3ac80d663d45b', 'sha256': '258d5e8a25519c39a39a544f3c1f22069da50b121b8d1d09e335986d732129c8'}, 'dob': {'date': '1979-06-22T23:07:34.019Z', 'age': 45}, 'registered': {'date': '2012-05-28T17:01:44.038Z', 'age': 12}, 'phone': '(563)-294-4243', 'cell': '(263)-961-7534', 'id': {'name': '', 'value': None}, 'picture': {'large': 'https://randomuser.me/api/portraits/women/43.jpg', 'medium': 'https://randomuser.me/api/portraits/med/women/43.jpg', 'thumbnail': 'https://randomuser.me/api/portraits/thumb/women/43.jpg'}, 'nat': 'NZ'}], 'info': {'seed': '3144fe001df4d76a', 'results': 1, 'page': 1, 'version': '1.4'}}</msg>
<arg>${json_data}</arg>
<doc>Logs the given message with the given level.</doc>
<status status="PASS" start="2024-06-27T02:31:13.523151" elapsed="0.000201"/>
</kw>
<kw name="Should Be Equal As Numbers" owner="BuiltIn">
<arg>${json_data['results'][0]['location']['postcode']}</arg>
<arg>${json_data['results'][0]['location']['postcode']}</arg>
<doc>Fails if objects are unequal after converting them to real numbers.</doc>
<status status="PASS" start="2024-06-27T02:31:13.523644" elapsed="0.000612"/>
</kw>
<kw name="Log" owner="BuiltIn">
<msg time="2024-06-27T02:31:13.524809" level="INFO">64771</msg>
<arg>${json_data['results'][0]['location']['postcode']}</arg>
<doc>Logs the given message with the given level.</doc>
<status status="PASS" start="2024-06-27T02:31:13.524472" elapsed="0.000377"/>
</kw>
<status status="PASS" start="2024-06-27T02:31:13.431529" elapsed="0.093570"/>
</kw>
<doc>Testa se os tipos de dados na resposta da API estão corretos.</doc>
<tag>testeTiposDados</tag>
<status status="PASS" start="2024-06-27T02:31:13.331911" elapsed="0.193346"/>
</test>
<test id="s1-s1-t5" name="Validar conteudo" line="35">
<kw name="Teste de Tipos de Conteudo" owner="random-user-service">
<kw name="GET On Session" owner="RequestsLibrary">
<msg time="2024-06-27T02:31:13.619612" level="INFO">GET Request : url=https://randomuser.me/api 
 path_url=/api 
 headers={'User-Agent': 'python-requests/2.32.3', 'Accept-Encoding': 'gzip, deflate', 'Accept': '*/*', 'Connection': 'keep-alive'} 
 body=None 
 </msg>
<msg time="2024-06-27T02:31:13.619684" level="INFO">GET Response : url=https://randomuser.me/api 
 status=200, reason=OK 
 headers={'Date': 'Thu, 27 Jun 2024 02:31:13 GMT', 'Content-Type': 'application/json; charset=utf-8', 'Transfer-Encoding': 'chunked', 'Connection': 'keep-alive', 'X-Powered-By': 'Express', 'Access-Control-Allow-Origin': '*', 'Cache-Control': 'no-cache', 'ETag': 'W/"494-WpWmJVToHJbl0yC6y0P9e1sXBVQ"', 'Vary': 'Accept-Encoding', 'Content-Encoding': 'gzip', 'CF-Cache-Status': 'DYNAMIC', 'Report-To': '{"endpoints":[{"url":"https:\\/\\/a.nel.cloudflare.com\\/report\\/v4?s=ARqQgZeG7rzLrvlCeXBMKsggvABrzsHQGJ%2B7e0jo4gEFv6XgJvQdr%2Fi6H0Qpn03YKG%2BhUHOB9rZuP2JIXlpBaXEZXSUudPEMNYsfxBjBARQLKK5%2BfrED8TEUq49My8by"}],"group":"cf-nel","max_age":604800}', 'NEL': '{"success_fraction":0,"report_to":"cf-nel","max_age":604800}', 'Server': 'cloudflare', 'CF-RAY': '89a205059d0f235c-SJC', 'alt-svc': 'h3=":443"; ma=86400'} 
 body={"results":[{"gender":"female","name":{"title":"Mrs","first":"Åsne","last":"Knotten"},"location":{"street":{"number":1744,"name":"Grenseveien"},"city":"Sistranda","state":"Finnmark - Finnmárku","country":"Norway","postcode":"6481","coordinates":{"latitude":"42.0351","longitude":"164.6874"},"timezone":{"offset":"+5:30","description":"Bombay, Calcutta, Madras, New Delhi"}},"email":"asne.knotten@example.com","login":{"uuid":"f69b24b4-0842-4d8a-8b7e-9ecf76767d05","username":"tinylion915","password":"jackie","salt":"Fsi2GPHR","md5":"b1e9a3f9a869520d85a43342f8164fcd","sha1":"0a0bdec73bd192649c97b3f0e70760fd786b11f5","sha256":"bfa14cd21a7b2040a2888d8ef37d9b63948ab1ab3025a523ebd371c119aa0350"},"dob":{"date":"1987-09-03T09:57:17.841Z","age":36},"registered":{"date":"2021-09-24T05:49:51.797Z","age":2},"phone":"54448033","cell":"45068188","id":{"name":"FN","value":"03098726895"},"picture":{"large":"https://randomuser.me/api/portraits/women/46.jpg","medium":"https://randomuser.me/api/portraits/med/women/46.jpg","thumbnail":"https://randomuser.me/api/portraits/thumb/women/46.jpg"},"nat":"NO"}],"info":{"seed":"062015e5d2e4c7aa","results":1,"page":1,"version":"1.4"}} 
 </msg>
<msg time="2024-06-27T02:31:13.619752" level="INFO">/opt/hostedtoolcache/Python/3.12.4/x64/lib/python3.12/site-packages/urllib3/connectionpool.py:1099: InsecureRequestWarning: Unverified HTTPS request is being made to host 'randomuser.me'. Adding certificate verification is strongly advised. See: https://urllib3.readthedocs.io/en/latest/advanced-usage.html#tls-warnings
  warnings.warn(</msg>
<msg time="2024-06-27T02:31:13.619837" level="INFO">${response} = &lt;Response [200]&gt;</msg>
<var>${response}</var>
<arg>consultarAPI</arg>
<arg>/api</arg>
<doc>Sends a GET request on a previously created HTTP Session.</doc>
<status status="PASS" start="2024-06-27T02:31:13.527901" elapsed="0.091970"/>
</kw>
<kw name="Set Variable" owner="BuiltIn">
<msg time="2024-06-27T02:31:13.620662" level="INFO">${json_data} = {'results': [{'gender': 'female', 'name': {'title': 'Mrs', 'first': 'Åsne', 'last': 'Knotten'}, 'location': {'street': {'number': 1744, 'name': 'Grenseveien'}, 'city': 'Sistranda', 'state': 'Finnmark ...</msg>
<var>${json_data}</var>
<arg>${response.json()}</arg>
<doc>Returns the given values which can then be assigned to a variables.</doc>
<status status="PASS" start="2024-06-27T02:31:13.620232" elapsed="0.000458"/>
</kw>
<kw name="Set Variable" owner="BuiltIn">
<msg time="2024-06-27T02:31:13.621352" level="INFO">${name_title} = Mrs</msg>
<var>${name_title}</var>
<arg>${json_data["results"][0]["name"]["title"]}</arg>
<doc>Returns the given values which can then be assigned to a variables.</doc>
<status status="PASS" start="2024-06-27T02:31:13.620985" elapsed="0.000392"/>
</kw>
<kw name="Create List" owner="BuiltIn">
<msg time="2024-06-27T02:31:13.621812" level="INFO">${allowed_titles} = ['Mr', 'Ms', 'Miss', 'Mrs', 'Madame', 'Monsieur']</msg>
<var>${allowed_titles}</var>
<arg>Mr</arg>
<arg>Ms</arg>
<arg>Miss</arg>
<arg>Mrs</arg>
<arg>Madame</arg>
<arg>Monsieur</arg>
<doc>Returns a list containing given items.</doc>
<status status="PASS" start="2024-06-27T02:31:13.621667" elapsed="0.000169"/>
</kw>
<kw name="List Should Contain Value" owner="Collections">
<arg>${allowed_titles}</arg>
<arg>${name_title}</arg>
<doc>Fails if the ``value`` is not found from ``list``.</doc>
<status status="PASS" start="2024-06-27T02:31:13.622125" elapsed="0.000169"/>
</kw>
<kw name="Set Variable" owner="BuiltIn">
<msg time="2024-06-27T02:31:13.622863" level="INFO">${name_country} = NO</msg>
<var>${name_country}</var>
<arg>${json_data["results"][0]["nat"]}</arg>
<doc>Returns the given values which can then be assigned to a variables.</doc>
<status status="PASS" start="2024-06-27T02:31:13.622466" elapsed="0.000421"/>
</kw>
<kw name="Create List" owner="BuiltIn">
<msg time="2024-06-27T02:31:13.623767" level="INFO">${list_country} = ['AD', 'AE', 'AF', 'AG', 'AI', 'AL', 'AM', 'AO', 'AQ', 'AR', 'AS', 'AT', 'AU', 'AW', 'AX', 'AZ', 'BA', 'BB', 'BD', 'BE', 'BF', 'BG', 'BH', 'BI', 'BJ', 'BL', 'BM', 'BN', 'BO', 'BQ', 'BR', 'BS', 'BT', '...</msg>
<var>${list_country}</var>
<arg>AD</arg>
<arg>AE</arg>
<arg>AF</arg>
<arg>AG</arg>
<arg>AI</arg>
<arg>AL</arg>
<arg>AM</arg>
<arg>AO</arg>
<arg>AQ</arg>
<arg>AR</arg>
<arg>AS</arg>
<arg>AT</arg>
<arg>AU</arg>
<arg>AW</arg>
<arg>AX</arg>
<arg>AZ</arg>
<arg>BA</arg>
<arg>BB</arg>
<arg>BD</arg>
<arg>BE</arg>
<arg>BF</arg>
<arg>BG</arg>
<arg>BH</arg>
<arg>BI</arg>
<arg>BJ</arg>
<arg>BL</arg>
<arg>BM</arg>
<arg>BN</arg>
<arg>BO</arg>
<arg>BQ</arg>
<arg>BR</arg>
<arg>BS</arg>
<arg>BT</arg>
<arg>BV</arg>
<arg>BW</arg>
<arg>BY</arg>
<arg>BZ</arg>
<arg>CA</arg>
<arg>CC</arg>
<arg>CD</arg>
<arg>CF</arg>
<arg>CG</arg>
<arg>CH</arg>
<arg>CI</arg>
<arg>CK</arg>
<arg>CL</arg>
<arg>CM</arg>
<arg>CN</arg>
<arg>CO</arg>
<arg>CR</arg>
<arg>CU</arg>
<arg>CV</arg>
<arg>CW</arg>
<arg>CX</arg>
<arg>CY</arg>
<arg>CZ</arg>
<arg>DE</arg>
<arg>DJ</arg>
<arg>DK</arg>
<arg>DM</arg>
<arg>DO</arg>
<arg>DZ</arg>
<arg>EC</arg>
<arg>EE</arg>
<arg>EG</arg>
<arg>EH</arg>
<arg>ER</arg>
<arg>ES</arg>
<arg>ET</arg>
<arg>FI</arg>
<arg>FJ</arg>
<arg>FK</arg>
<arg>FM</arg>
<arg>FO</arg>
<arg>FR</arg>
<arg>GA</arg>
<arg>GB</arg>
<arg>GD</arg>
<arg>GE</arg>
<arg>GF</arg>
<arg>GG</arg>
<arg>GH</arg>
<arg>GI</arg>
<arg>GL</arg>
<arg>GM</arg>
<arg>GN</arg>
<arg>GP</arg>
<arg>GQ</arg>
<arg>GR</arg>
<arg>GS</arg>
<arg>GT</arg>
<arg>GU</arg>
<arg>GW</arg>
<arg>GY</arg>
<arg>HK</arg>
<arg>HM</arg>
<arg>HN</arg>
<arg>HR</arg>
<arg>HT</arg>
<arg>HU</arg>
<arg>ID</arg>
<arg>IE</arg>
<arg>IL</arg>
<arg>IM</arg>
<arg>IN</arg>
<arg>IO</arg>
<arg>IQ</arg>
<arg>IR</arg>
<arg>IS</arg>
<arg>IT</arg>
<arg>JE</arg>
<arg>JM</arg>
<arg>JO</arg>
<arg>JP</arg>
<arg>KE</arg>
<arg>KG</arg>
<arg>KH</arg>
<arg>KI</arg>
<arg>KM</arg>
<arg>KN</arg>
<arg>KP</arg>
<arg>KR</arg>
<arg>KW</arg>
<arg>KY</arg>
<arg>KZ</arg>
<arg>LA</arg>
<arg>LB</arg>
<arg>LC</arg>
<arg>LI</arg>
<arg>LK</arg>
<arg>LR</arg>
<arg>LS</arg>
<arg>LT</arg>
<arg>LU</arg>
<arg>LV</arg>
<arg>LY</arg>
<arg>MA</arg>
<arg>MC</arg>
<arg>MD</arg>
<arg>ME</arg>
<arg>MF</arg>
<arg>MG</arg>
<arg>MH</arg>
<arg>MK</arg>
<arg>ML</arg>
<arg>MM</arg>
<arg>MN</arg>
<arg>MO</arg>
<arg>MP</arg>
<arg>MQ</arg>
<arg>MR</arg>
<arg>MS</arg>
<arg>MT</arg>
<arg>MU</arg>
<arg>MV</arg>
<arg>MW</arg>
<arg>MX</arg>
<arg>MY</arg>
<arg>MZ</arg>
<arg>NA</arg>
<arg>NC</arg>
<arg>NE</arg>
<arg>NF</arg>
<arg>NG</arg>
<arg>NI</arg>
<arg>NL</arg>
<arg>NO</arg>
<arg>NP</arg>
<arg>NR</arg>
<arg>NU</arg>
<arg>NZ</arg>
<arg>OM</arg>
<arg>PA</arg>
<arg>PE</arg>
<arg>PF</arg>
<arg>PG</arg>
<arg>PH</arg>
<arg>PK</arg>
<arg>PL</arg>
<arg>PM</arg>
<arg>PN</arg>
<arg>PR</arg>
<arg>PS</arg>
<arg>PT</arg>
<arg>PW</arg>
<arg>PY</arg>
<arg>QA</arg>
<arg>RE</arg>
<arg>RO</arg>
<arg>RS</arg>
<arg>RU</arg>
<arg>RW</arg>
<arg>SA</arg>
<arg>SB</arg>
<arg>SC</arg>
<arg>SD</arg>
<arg>SE</arg>
<arg>SG</arg>
<arg>SH</arg>
<arg>SI</arg>
<arg>SJ</arg>
<arg>SK</arg>
<arg>SL</arg>
<arg>SM</arg>
<arg>SN</arg>
<arg>SO</arg>
<arg>SR</arg>
<arg>SS</arg>
<arg>ST</arg>
<arg>SV</arg>
<arg>SX</arg>
<arg>SY</arg>
<arg>SZ</arg>
<arg>TC</arg>
<arg>TD</arg>
<arg>TF</arg>
<arg>TG</arg>
<arg>TH</arg>
<arg>TJ</arg>
<arg>TK</arg>
<arg>TL</arg>
<arg>TM</arg>
<arg>TN</arg>
<arg>TO</arg>
<arg>TR</arg>
<arg>TT</arg>
<arg>TV</arg>
<arg>TW</arg>
<arg>TZ</arg>
<arg>UA</arg>
<arg>UG</arg>
<arg>UM</arg>
<arg>US</arg>
<arg>UY</arg>
<arg>UZ</arg>
<arg>VA</arg>
<arg>VC</arg>
<arg>VE</arg>
<arg>VG</arg>
<arg>VI</arg>
<arg>VN</arg>
<arg>VU</arg>
<arg>WF</arg>
<arg>WS</arg>
<arg>XK</arg>
<arg>YE</arg>
<arg>YT</arg>
<arg>ZA</arg>
<arg>ZM</arg>
<arg>ZW</arg>
<doc>Returns a list containing given items.</doc>
<status status="PASS" start="2024-06-27T02:31:13.623176" elapsed="0.000616"/>
</kw>
<kw name="List Should Contain Value" owner="Collections">
<arg>${list_country}</arg>
<arg>${name_country}</arg>
<doc>Fails if the ``value`` is not found from ``list``.</doc>
<status status="PASS" start="2024-06-27T02:31:13.624586" elapsed="0.000202"/>
</kw>
<kw name="Run Keyword If" owner="BuiltIn">
<kw name="Should Be True" owner="BuiltIn">
<arg>${True}</arg>
<doc>Fails if the given condition is not true.</doc>
<status status="PASS" start="2024-06-27T02:31:13.625708" elapsed="0.000139"/>
</kw>
<arg>${json_data["results"][0]["location"]["coordinates"]["latitude"]} &gt;= -90 and ${json_data["results"][0]["location"]["coordinates"]["latitude"]} &lt;= 90</arg>
<arg>Should Be True</arg>
<arg>${True}</arg>
<doc>Runs the given keyword with the given arguments, if ``condition`` is true.</doc>
<status status="PASS" start="2024-06-27T02:31:13.624980" elapsed="0.000991"/>
</kw>
<kw name="Run Keyword If" owner="BuiltIn">
<kw name="Should Be True" owner="BuiltIn">
<arg>${True}</arg>
<doc>Fails if the given condition is not true.</doc>
<status status="PASS" start="2024-06-27T02:31:13.626901" elapsed="0.000137"/>
</kw>
<arg>${json_data["results"][0]["location"]["coordinates"]["longitude"]} &gt;= -180 and ${json_data["results"][0]["location"]["coordinates"]["longitude"]} &lt;= 180</arg>
<arg>Should Be True</arg>
<arg>${True}</arg>
<doc>Runs the given keyword with the given arguments, if ``condition`` is true.</doc>
<status status="PASS" start="2024-06-27T02:31:13.626148" elapsed="0.001013"/>
</kw>
<status status="PASS" start="2024-06-27T02:31:13.527553" elapsed="0.099733"/>
</kw>
<doc>Testa o conteúdo específico dos campos retornados pela API.</doc>
<tag>testeConteudo</tag>
<status status="PASS" start="2024-06-27T02:31:13.527055" elapsed="0.100371"/>
</test>
<status status="PASS" start="2024-06-27T02:31:12.721860" elapsed="0.907432"/>
</suite>
<status status="PASS" start="2024-06-27T02:31:12.707494" elapsed="0.926813"/>
</suite>
<statistics>
<total>
<stat pass="5" fail="0" skip="0">All Tests</stat>
</total>
<tag>
<stat pass="1" fail="0" skip="0">testeConteudo</stat>
<stat pass="1" fail="0" skip="0">testeEstruturaResposta</stat>
<stat pass="1" fail="0" skip="0">testeRequisicaoBasica</stat>
<stat pass="1" fail="0" skip="0">testeTiposDados</stat>
</tag>
<suite>
<stat pass="5" fail="0" skip="0" id="s1" name="Tests">Tests</stat>
<stat pass="5" fail="0" skip="0" id="s1-s1" name="Random-User-Test">Tests.Random-User-Test</stat>
</suite>
</statistics>
<errors>
</errors>
</robot>
