<?xml version="1.0" encoding="UTF-8"?>
<robot generator="Robot 7.0 (Python 3.12.3 on linux)" generated="2024-04-27T00:59:58.006053" rpa="false" schemaversion="5">
<suite id="s1" name="Tests" source="/home/runner/work/DesafioQAItauRogerioJordao/DesafioQAItauRogerioJordao/RamdonUser/tests">
<suite id="s1-s1" name="Random-User-Test" source="/home/runner/work/DesafioQAItauRogerioJordao/DesafioQAItauRogerioJordao/RamdonUser/tests/random-user-test.robot">
<test id="s1-s1-t1" name="Conectar" line="13">
<kw name="Conectar API" owner="random-user-service">
<kw name="Create Session" owner="RequestsLibrary">
<msg time="2024-04-27T00:59:58.371568" level="INFO">Creating Session using : alias=consultarAPI, url=https://randomuser.me/, headers={},                     cookies={}, auth=None, timeout=None, proxies=None, verify=False,                     debug=0 </msg>
<arg>consultarAPI</arg>
<arg>${URL}</arg>
<doc>Create Session: create a HTTP session to a server</doc>
<status status="PASS" start="2024-04-27T00:59:58.371353" elapsed="0.000409"/>
</kw>
<status status="PASS" start="2024-04-27T00:59:58.370345" elapsed="0.001802"/>
</kw>
<status status="PASS" start="2024-04-27T00:59:58.369672" elapsed="0.002681"/>
</test>
<test id="s1-s1-t2" name="Validar retorno 200 e JSON Válido" line="16">
<kw name="Teste de Requisicao Basica" owner="random-user-service">
<kw name="GET On Session" owner="RequestsLibrary">
<msg time="2024-04-27T00:59:58.470107" level="INFO">GET Request : url=https://randomuser.me/api 
 path_url=/api 
 headers={'User-Agent': 'python-requests/2.31.0', 'Accept-Encoding': 'gzip, deflate', 'Accept': '*/*', 'Connection': 'keep-alive'} 
 body=None 
 </msg>
<msg time="2024-04-27T00:59:58.470258" level="INFO">GET Response : url=https://randomuser.me/api 
 status=200, reason=OK 
 headers={'Date': 'Sat, 27 Apr 2024 00:59:58 GMT', 'Content-Type': 'application/json; charset=utf-8', 'Transfer-Encoding': 'chunked', 'Connection': 'keep-alive', 'X-Powered-By': 'Express', 'Access-Control-Allow-Origin': '*', 'Cache-Control': 'no-cache', 'ETag': 'W/"477-DLrDry5xmzUXSbSzec4FcxjRxv8"', 'Vary': 'Accept-Encoding', 'Content-Encoding': 'gzip', 'CF-Cache-Status': 'DYNAMIC', 'Report-To': '{"endpoints":[{"url":"https:\\/\\/a.nel.cloudflare.com\\/report\\/v4?s=UFITfVHGjOWW%2Bsk9%2FjxHond7kvk67ETgHnyoIYA8vFD9lKOziRuklR%2BmAlUYXtnps3grESi%2Bhel%2BAvgsh4weENXk6s2eOvR0RqTEC6oRjYQ%2B2vHFKfSyNB1U61ocYCjZ"}],"group":"cf-nel","max_age":604800}', 'NEL': '{"success_fraction":0,"report_to":"cf-nel","max_age":604800}', 'Server': 'cloudflare', 'CF-RAY': '87aadf7a1f0de124-ORD', 'alt-svc': 'h3=":443"; ma=86400'} 
 body={"results":[{"gender":"male","name":{"title":"Mr","first":"Oliver","last":"Bakić"},"location":{"street":{"number":631,"name":"Drage Jonaš"},"city":"Paraćin","state":"Nišava","country":"Serbia","postcode":42093,"coordinates":{"latitude":"58.5090","longitude":"-64.2174"},"timezone":{"offset":"+6:00","description":"Almaty, Dhaka, Colombo"}},"email":"oliver.bakic@example.com","login":{"uuid":"90c12965-3e18-421f-ac6a-3fd8e223889e","username":"happymouse318","password":"script","salt":"n4eFjg9k","md5":"d3214c5b9134f7cf4cfb4b2cc6f66f16","sha1":"ba1401122f60ee24f19f23f8dabc54903fd3dcf7","sha256":"a65ca4de4001ce1beec87db9b0ec6231245ffc07670f09503dd8a903f96d6df9"},"dob":{"date":"2000-06-29T13:01:24.828Z","age":23},"registered":{"date":"2018-11-15T15:32:55.627Z","age":5},"phone":"031-1255-691","cell":"061-9911-859","id":{"name":"SID","value":"783879111"},"picture":{"large":"https://randomuser.me/api/portraits/men/52.jpg","medium":"https://randomuser.me/api/portraits/med/men/52.jpg","thumbnail":"https://randomuser.me/api/portraits/thumb/men/52.jpg"},"nat":"RS"}],"info":{"seed":"e30a1ecb012bcecd","results":1,"page":1,"version":"1.4"}} 
 </msg>
<msg time="2024-04-27T00:59:58.470344" level="INFO">/opt/hostedtoolcache/Python/3.12.3/x64/lib/python3.12/site-packages/urllib3/connectionpool.py:1103: InsecureRequestWarning: Unverified HTTPS request is being made to host 'randomuser.me'. Adding certificate verification is strongly advised. See: https://urllib3.readthedocs.io/en/latest/advanced-usage.html#tls-warnings
  warnings.warn(</msg>
<msg time="2024-04-27T00:59:58.470518" level="INFO">${response} = &lt;Response [200]&gt;</msg>
<var>${response}</var>
<arg>consultarAPI</arg>
<arg>/api</arg>
<doc>Sends a GET request on a previously created HTTP Session.</doc>
<status status="PASS" start="2024-04-27T00:59:58.375169" elapsed="0.095396"/>
</kw>
<kw name="Should Be Equal As Numbers" owner="BuiltIn">
<msg time="2024-04-27T00:59:58.471694" level="INFO">Argument types are:
&lt;class 'int'&gt;
&lt;class 'str'&gt;</msg>
<arg>${response.status_code}</arg>
<arg>200</arg>
<doc>Fails if objects are unequal after converting them to real numbers.</doc>
<status status="PASS" start="2024-04-27T00:59:58.471205" elapsed="0.000558"/>
</kw>
<kw name="Log" owner="BuiltIn">
<msg time="2024-04-27T00:59:58.472545" level="INFO">200</msg>
<arg>${response.status_code}</arg>
<doc>Logs the given message with the given level.</doc>
<status status="PASS" start="2024-04-27T00:59:58.472169" elapsed="0.000419"/>
</kw>
<kw name="Set Variable" owner="BuiltIn">
<msg time="2024-04-27T00:59:58.473450" level="INFO">${json_data} = {'results': [{'gender': 'male', 'name': {'title': 'Mr', 'first': 'Oliver', 'last': 'Bakić'}, 'location': {'street': {'number': 631, 'name': 'Drage Jonaš'}, 'city': 'Paraćin', 'state': 'Nišava', 'count...</msg>
<var>${json_data}</var>
<arg>${response.json()}</arg>
<doc>Returns the given values which can then be assigned to a variables.</doc>
<status status="PASS" start="2024-04-27T00:59:58.472919" elapsed="0.000565"/>
</kw>
<kw name="Dictionary Should Contain Key" owner="Collections">
<msg time="2024-04-27T00:59:58.473988" level="INFO">False</msg>
<arg>${json_data}</arg>
<arg>results</arg>
<doc>Fails if ``key`` is not found from ``dictionary``.</doc>
<status status="PASS" start="2024-04-27T00:59:58.473807" elapsed="0.000222"/>
</kw>
<status status="PASS" start="2024-04-27T00:59:58.374906" elapsed="0.099389"/>
</kw>
<doc>Testa se a API responde corretamente e retorna um objeto JSON válido.</doc>
<tag>testeRequisicaoBasica</tag>
<status status="PASS" start="2024-04-27T00:59:58.374307" elapsed="0.100209"/>
</test>
<test id="s1-s1-t3" name="Validar estrutura de resposta" line="22">
<kw name="Teste de Estrutura de Resposta" owner="random-user-service">
<kw name="GET On Session" owner="RequestsLibrary">
<msg time="2024-04-27T00:59:58.570692" level="INFO">GET Request : url=https://randomuser.me/api 
 path_url=/api 
 headers={'User-Agent': 'python-requests/2.31.0', 'Accept-Encoding': 'gzip, deflate', 'Accept': '*/*', 'Connection': 'keep-alive'} 
 body=None 
 </msg>
<msg time="2024-04-27T00:59:58.570808" level="INFO">GET Response : url=https://randomuser.me/api 
 status=200, reason=OK 
 headers={'Date': 'Sat, 27 Apr 2024 00:59:58 GMT', 'Content-Type': 'application/json; charset=utf-8', 'Transfer-Encoding': 'chunked', 'Connection': 'keep-alive', 'X-Powered-By': 'Express', 'Access-Control-Allow-Origin': '*', 'Cache-Control': 'no-cache', 'ETag': 'W/"47b-gCpp4JyxhsV+oSVfI3Q044msacA"', 'Vary': 'Accept-Encoding', 'Content-Encoding': 'gzip', 'CF-Cache-Status': 'DYNAMIC', 'Report-To': '{"endpoints":[{"url":"https:\\/\\/a.nel.cloudflare.com\\/report\\/v4?s=795QXr2ZHxZOprkojwzcYWdjzaGOpNcPFuAL%2BGoeXJFklH78am1BacX4QtBIJ6OwFjNbo61jeZ9mnOWEih9MceSBiyWMMcw7JXhDij5NkbkAMRNfKTNW0P%2BICf44%2BS06"}],"group":"cf-nel","max_age":604800}', 'NEL': '{"success_fraction":0,"report_to":"cf-nel","max_age":604800}', 'Server': 'cloudflare', 'CF-RAY': '87aadf7a7f9ae124-ORD', 'alt-svc': 'h3=":443"; ma=86400'} 
 body={"results":[{"gender":"male","name":{"title":"Mr","first":"نيما","last":"مرادی"},"location":{"street":{"number":8296,"name":"میدان قیام"},"city":"اهواز","state":"کرمانشاه","country":"Iran","postcode":57900,"coordinates":{"latitude":"13.3791","longitude":"-109.8735"},"timezone":{"offset":"-2:00","description":"Mid-Atlantic"}},"email":"nym.mrdy@example.com","login":{"uuid":"e95dc2d8-5c69-467e-a649-d1fbf5158ac5","username":"goldenmeercat872","password":"gidget","salt":"uXAKxB63","md5":"5284dce70ea61bff3fe8e309db766209","sha1":"84463f330b855668441189a6ab99b19131955c9a","sha256":"11c1278204a3cca5463ed6012cb9df3b8d09ffc4dedfc3a9e8725ff8b5652d12"},"dob":{"date":"1951-06-05T21:24:05.178Z","age":72},"registered":{"date":"2022-03-06T17:25:07.904Z","age":2},"phone":"093-03568380","cell":"0988-133-8972","id":{"name":"","value":null},"picture":{"large":"https://randomuser.me/api/portraits/men/70.jpg","medium":"https://randomuser.me/api/portraits/med/men/70.jpg","thumbnail":"https://randomuser.me/api/portraits/thumb/men/70.jpg"},"nat":"IR"}],"info":{"seed":"794a561abbca5279","results":1,"page":1,"version":"1.4"}} 
 </msg>
<msg time="2024-04-27T00:59:58.570962" level="INFO">/opt/hostedtoolcache/Python/3.12.3/x64/lib/python3.12/site-packages/urllib3/connectionpool.py:1103: InsecureRequestWarning: Unverified HTTPS request is being made to host 'randomuser.me'. Adding certificate verification is strongly advised. See: https://urllib3.readthedocs.io/en/latest/advanced-usage.html#tls-warnings
  warnings.warn(</msg>
<msg time="2024-04-27T00:59:58.571108" level="INFO">${response} = &lt;Response [200]&gt;</msg>
<var>${response}</var>
<arg>consultarAPI</arg>
<arg>/api</arg>
<doc>Sends a GET request on a previously created HTTP Session.</doc>
<status status="PASS" start="2024-04-27T00:59:58.477330" elapsed="0.093812"/>
</kw>
<kw name="Set Variable" owner="BuiltIn">
<msg time="2024-04-27T00:59:58.572245" level="INFO">${json_data} = {'results': [{'gender': 'male', 'name': {'title': 'Mr', 'first': 'نيما', 'last': 'مرادی'}, 'location': {'street': {'number': 8296, 'name': 'میدان قیام'}, 'city': 'اهواز', 'state': 'کرمانشاه', 'country...</msg>
<var>${json_data}</var>
<arg>${response.json()}</arg>
<doc>Returns the given values which can then be assigned to a variables.</doc>
<status status="PASS" start="2024-04-27T00:59:58.571687" elapsed="0.000589"/>
</kw>
<kw name="Log" owner="BuiltIn">
<msg time="2024-04-27T00:59:58.572793" level="INFO">{'results': [{'gender': 'male', 'name': {'title': 'Mr', 'first': 'نيما', 'last': 'مرادی'}, 'location': {'street': {'number': 8296, 'name': 'میدان قیام'}, 'city': 'اهواز', 'state': 'کرمانشاه', 'country': 'Iran', 'postcode': 57900, 'coordinates': {'latitude': '13.3791', 'longitude': '-109.8735'}, 'timezone': {'offset': '-2:00', 'description': 'Mid-Atlantic'}}, 'email': 'nym.mrdy@example.com', 'login': {'uuid': 'e95dc2d8-5c69-467e-a649-d1fbf5158ac5', 'username': 'goldenmeercat872', 'password': 'gidget', 'salt': 'uXAKxB63', 'md5': '5284dce70ea61bff3fe8e309db766209', 'sha1': '84463f330b855668441189a6ab99b19131955c9a', 'sha256': '11c1278204a3cca5463ed6012cb9df3b8d09ffc4dedfc3a9e8725ff8b5652d12'}, 'dob': {'date': '1951-06-05T21:24:05.178Z', 'age': 72}, 'registered': {'date': '2022-03-06T17:25:07.904Z', 'age': 2}, 'phone': '093-03568380', 'cell': '0988-133-8972', 'id': {'name': '', 'value': None}, 'picture': {'large': 'https://randomuser.me/api/portraits/men/70.jpg', 'medium': 'https://randomuser.me/api/portraits/med/men/70.jpg', 'thumbnail': 'https://randomuser.me/api/portraits/thumb/men/70.jpg'}, 'nat': 'IR'}], 'info': {'seed': '794a561abbca5279', 'results': 1, 'page': 1, 'version': '1.4'}}</msg>
<arg>${json_data}</arg>
<doc>Logs the given message with the given level.</doc>
<status status="PASS" start="2024-04-27T00:59:58.572621" elapsed="0.000223"/>
</kw>
<kw name="Dictionary Should Contain Key" owner="Collections">
<msg time="2024-04-27T00:59:58.573356" level="INFO">False</msg>
<arg>${json_data}</arg>
<arg>results</arg>
<doc>Fails if ``key`` is not found from ``dictionary``.</doc>
<status status="PASS" start="2024-04-27T00:59:58.573179" elapsed="0.000215"/>
</kw>
<kw name="Should Not Be Empty" owner="BuiltIn">
<msg time="2024-04-27T00:59:58.573829" level="INFO">Length is 2.</msg>
<arg>${json_data}</arg>
<doc>Verifies that the given item is not empty.</doc>
<status status="PASS" start="2024-04-27T00:59:58.573697" elapsed="0.000340"/>
</kw>
<kw name="Create List" owner="BuiltIn">
<msg time="2024-04-27T00:59:58.574494" level="INFO">${expected_keys} = ['gender', 'name', 'location', 'email', 'login']</msg>
<var>${expected_keys}</var>
<arg>gender</arg>
<arg>name</arg>
<arg>location</arg>
<arg>email</arg>
<arg>login</arg>
<doc>Returns a list containing given items.</doc>
<status status="PASS" start="2024-04-27T00:59:58.574338" elapsed="0.000181"/>
</kw>
<for flavor="IN">
<iter>
<kw name="Dictionary Should Contain Key" owner="Collections">
<msg time="2024-04-27T00:59:58.575524" level="INFO">False</msg>
<arg>${json_data['results'][0]}</arg>
<arg>${key}</arg>
<doc>Fails if ``key`` is not found from ``dictionary``.</doc>
<status status="PASS" start="2024-04-27T00:59:58.575103" elapsed="0.000460"/>
</kw>
<kw name="Log" owner="BuiltIn">
<msg time="2024-04-27T00:59:58.576238" level="INFO">{'gender': 'male', 'name': {'title': 'Mr', 'first': 'نيما', 'last': 'مرادی'}, 'location': {'street': {'number': 8296, 'name': 'میدان قیام'}, 'city': 'اهواز', 'state': 'کرمانشاه', 'country': 'Iran', 'postcode': 57900, 'coordinates': {'latitude': '13.3791', 'longitude': '-109.8735'}, 'timezone': {'offset': '-2:00', 'description': 'Mid-Atlantic'}}, 'email': 'nym.mrdy@example.com', 'login': {'uuid': 'e95dc2d8-5c69-467e-a649-d1fbf5158ac5', 'username': 'goldenmeercat872', 'password': 'gidget', 'salt': 'uXAKxB63', 'md5': '5284dce70ea61bff3fe8e309db766209', 'sha1': '84463f330b855668441189a6ab99b19131955c9a', 'sha256': '11c1278204a3cca5463ed6012cb9df3b8d09ffc4dedfc3a9e8725ff8b5652d12'}, 'dob': {'date': '1951-06-05T21:24:05.178Z', 'age': 72}, 'registered': {'date': '2022-03-06T17:25:07.904Z', 'age': 2}, 'phone': '093-03568380', 'cell': '0988-133-8972', 'id': {'name': '', 'value': None}, 'picture': {'large': 'https://randomuser.me/api/portraits/men/70.jpg', 'medium': 'https://randomuser.me/api/portraits/med/men/70.jpg', 'thumbnail': 'https://randomuser.me/api/portraits/thumb/men/70.jpg'}, 'nat': 'IR'}</msg>
<arg>${json_data['results'][0]}</arg>
<doc>Logs the given message with the given level.</doc>
<status status="PASS" start="2024-04-27T00:59:58.575866" elapsed="0.000424"/>
</kw>
<kw name="Log" owner="BuiltIn">
<msg time="2024-04-27T00:59:58.576720" level="INFO">gender</msg>
<arg>${key}</arg>
<doc>Logs the given message with the given level.</doc>
<status status="PASS" start="2024-04-27T00:59:58.576594" elapsed="0.000162"/>
</kw>
<var name="${key}">gender</var>
<status status="PASS" start="2024-04-27T00:59:58.574976" elapsed="0.001993"/>
</iter>
<iter>
<kw name="Dictionary Should Contain Key" owner="Collections">
<msg time="2024-04-27T00:59:58.577706" level="INFO">False</msg>
<arg>${json_data['results'][0]}</arg>
<arg>${key}</arg>
<doc>Fails if ``key`` is not found from ``dictionary``.</doc>
<status status="PASS" start="2024-04-27T00:59:58.577313" elapsed="0.000430"/>
</kw>
<kw name="Log" owner="BuiltIn">
<msg time="2024-04-27T00:59:58.578441" level="INFO">{'gender': 'male', 'name': {'title': 'Mr', 'first': 'نيما', 'last': 'مرادی'}, 'location': {'street': {'number': 8296, 'name': 'میدان قیام'}, 'city': 'اهواز', 'state': 'کرمانشاه', 'country': 'Iran', 'postcode': 57900, 'coordinates': {'latitude': '13.3791', 'longitude': '-109.8735'}, 'timezone': {'offset': '-2:00', 'description': 'Mid-Atlantic'}}, 'email': 'nym.mrdy@example.com', 'login': {'uuid': 'e95dc2d8-5c69-467e-a649-d1fbf5158ac5', 'username': 'goldenmeercat872', 'password': 'gidget', 'salt': 'uXAKxB63', 'md5': '5284dce70ea61bff3fe8e309db766209', 'sha1': '84463f330b855668441189a6ab99b19131955c9a', 'sha256': '11c1278204a3cca5463ed6012cb9df3b8d09ffc4dedfc3a9e8725ff8b5652d12'}, 'dob': {'date': '1951-06-05T21:24:05.178Z', 'age': 72}, 'registered': {'date': '2022-03-06T17:25:07.904Z', 'age': 2}, 'phone': '093-03568380', 'cell': '0988-133-8972', 'id': {'name': '', 'value': None}, 'picture': {'large': 'https://randomuser.me/api/portraits/men/70.jpg', 'medium': 'https://randomuser.me/api/portraits/med/men/70.jpg', 'thumbnail': 'https://randomuser.me/api/portraits/thumb/men/70.jpg'}, 'nat': 'IR'}</msg>
<arg>${json_data['results'][0]}</arg>
<doc>Logs the given message with the given level.</doc>
<status status="PASS" start="2024-04-27T00:59:58.578069" elapsed="0.000423"/>
</kw>
<kw name="Log" owner="BuiltIn">
<msg time="2024-04-27T00:59:58.578912" level="INFO">name</msg>
<arg>${key}</arg>
<doc>Logs the given message with the given level.</doc>
<status status="PASS" start="2024-04-27T00:59:58.578787" elapsed="0.000161"/>
</kw>
<var name="${key}">name</var>
<status status="PASS" start="2024-04-27T00:59:58.577196" elapsed="0.001963"/>
</iter>
<iter>
<kw name="Dictionary Should Contain Key" owner="Collections">
<msg time="2024-04-27T00:59:58.579835" level="INFO">False</msg>
<arg>${json_data['results'][0]}</arg>
<arg>${key}</arg>
<doc>Fails if ``key`` is not found from ``dictionary``.</doc>
<status status="PASS" start="2024-04-27T00:59:58.579451" elapsed="0.000421"/>
</kw>
<kw name="Log" owner="BuiltIn">
<msg time="2024-04-27T00:59:58.580535" level="INFO">{'gender': 'male', 'name': {'title': 'Mr', 'first': 'نيما', 'last': 'مرادی'}, 'location': {'street': {'number': 8296, 'name': 'میدان قیام'}, 'city': 'اهواز', 'state': 'کرمانشاه', 'country': 'Iran', 'postcode': 57900, 'coordinates': {'latitude': '13.3791', 'longitude': '-109.8735'}, 'timezone': {'offset': '-2:00', 'description': 'Mid-Atlantic'}}, 'email': 'nym.mrdy@example.com', 'login': {'uuid': 'e95dc2d8-5c69-467e-a649-d1fbf5158ac5', 'username': 'goldenmeercat872', 'password': 'gidget', 'salt': 'uXAKxB63', 'md5': '5284dce70ea61bff3fe8e309db766209', 'sha1': '84463f330b855668441189a6ab99b19131955c9a', 'sha256': '11c1278204a3cca5463ed6012cb9df3b8d09ffc4dedfc3a9e8725ff8b5652d12'}, 'dob': {'date': '1951-06-05T21:24:05.178Z', 'age': 72}, 'registered': {'date': '2022-03-06T17:25:07.904Z', 'age': 2}, 'phone': '093-03568380', 'cell': '0988-133-8972', 'id': {'name': '', 'value': None}, 'picture': {'large': 'https://randomuser.me/api/portraits/men/70.jpg', 'medium': 'https://randomuser.me/api/portraits/med/men/70.jpg', 'thumbnail': 'https://randomuser.me/api/portraits/thumb/men/70.jpg'}, 'nat': 'IR'}</msg>
<arg>${json_data['results'][0]}</arg>
<doc>Logs the given message with the given level.</doc>
<status status="PASS" start="2024-04-27T00:59:58.580171" elapsed="0.000413"/>
</kw>
<kw name="Log" owner="BuiltIn">
<msg time="2024-04-27T00:59:58.581002" level="INFO">location</msg>
<arg>${key}</arg>
<doc>Logs the given message with the given level.</doc>
<status status="PASS" start="2024-04-27T00:59:58.580877" elapsed="0.000183"/>
</kw>
<var name="${key}">location</var>
<status status="PASS" start="2024-04-27T00:59:58.579339" elapsed="0.001949"/>
</iter>
<iter>
<kw name="Dictionary Should Contain Key" owner="Collections">
<msg time="2024-04-27T00:59:58.581952" level="INFO">False</msg>
<arg>${json_data['results'][0]}</arg>
<arg>${key}</arg>
<doc>Fails if ``key`` is not found from ``dictionary``.</doc>
<status status="PASS" start="2024-04-27T00:59:58.581570" elapsed="0.000418"/>
</kw>
<kw name="Log" owner="BuiltIn">
<msg time="2024-04-27T00:59:58.582641" level="INFO">{'gender': 'male', 'name': {'title': 'Mr', 'first': 'نيما', 'last': 'مرادی'}, 'location': {'street': {'number': 8296, 'name': 'میدان قیام'}, 'city': 'اهواز', 'state': 'کرمانشاه', 'country': 'Iran', 'postcode': 57900, 'coordinates': {'latitude': '13.3791', 'longitude': '-109.8735'}, 'timezone': {'offset': '-2:00', 'description': 'Mid-Atlantic'}}, 'email': 'nym.mrdy@example.com', 'login': {'uuid': 'e95dc2d8-5c69-467e-a649-d1fbf5158ac5', 'username': 'goldenmeercat872', 'password': 'gidget', 'salt': 'uXAKxB63', 'md5': '5284dce70ea61bff3fe8e309db766209', 'sha1': '84463f330b855668441189a6ab99b19131955c9a', 'sha256': '11c1278204a3cca5463ed6012cb9df3b8d09ffc4dedfc3a9e8725ff8b5652d12'}, 'dob': {'date': '1951-06-05T21:24:05.178Z', 'age': 72}, 'registered': {'date': '2022-03-06T17:25:07.904Z', 'age': 2}, 'phone': '093-03568380', 'cell': '0988-133-8972', 'id': {'name': '', 'value': None}, 'picture': {'large': 'https://randomuser.me/api/portraits/men/70.jpg', 'medium': 'https://randomuser.me/api/portraits/med/men/70.jpg', 'thumbnail': 'https://randomuser.me/api/portraits/thumb/men/70.jpg'}, 'nat': 'IR'}</msg>
<arg>${json_data['results'][0]}</arg>
<doc>Logs the given message with the given level.</doc>
<status status="PASS" start="2024-04-27T00:59:58.582284" elapsed="0.000407"/>
</kw>
<kw name="Log" owner="BuiltIn">
<msg time="2024-04-27T00:59:58.583109" level="INFO">email</msg>
<arg>${key}</arg>
<doc>Logs the given message with the given level.</doc>
<status status="PASS" start="2024-04-27T00:59:58.582986" elapsed="0.000159"/>
</kw>
<var name="${key}">email</var>
<status status="PASS" start="2024-04-27T00:59:58.581461" elapsed="0.001893"/>
</iter>
<iter>
<kw name="Dictionary Should Contain Key" owner="Collections">
<msg time="2024-04-27T00:59:58.584001" level="INFO">False</msg>
<arg>${json_data['results'][0]}</arg>
<arg>${key}</arg>
<doc>Fails if ``key`` is not found from ``dictionary``.</doc>
<status status="PASS" start="2024-04-27T00:59:58.583631" elapsed="0.000407"/>
</kw>
<kw name="Log" owner="BuiltIn">
<msg time="2024-04-27T00:59:58.584697" level="INFO">{'gender': 'male', 'name': {'title': 'Mr', 'first': 'نيما', 'last': 'مرادی'}, 'location': {'street': {'number': 8296, 'name': 'میدان قیام'}, 'city': 'اهواز', 'state': 'کرمانشاه', 'country': 'Iran', 'postcode': 57900, 'coordinates': {'latitude': '13.3791', 'longitude': '-109.8735'}, 'timezone': {'offset': '-2:00', 'description': 'Mid-Atlantic'}}, 'email': 'nym.mrdy@example.com', 'login': {'uuid': 'e95dc2d8-5c69-467e-a649-d1fbf5158ac5', 'username': 'goldenmeercat872', 'password': 'gidget', 'salt': 'uXAKxB63', 'md5': '5284dce70ea61bff3fe8e309db766209', 'sha1': '84463f330b855668441189a6ab99b19131955c9a', 'sha256': '11c1278204a3cca5463ed6012cb9df3b8d09ffc4dedfc3a9e8725ff8b5652d12'}, 'dob': {'date': '1951-06-05T21:24:05.178Z', 'age': 72}, 'registered': {'date': '2022-03-06T17:25:07.904Z', 'age': 2}, 'phone': '093-03568380', 'cell': '0988-133-8972', 'id': {'name': '', 'value': None}, 'picture': {'large': 'https://randomuser.me/api/portraits/men/70.jpg', 'medium': 'https://randomuser.me/api/portraits/med/men/70.jpg', 'thumbnail': 'https://randomuser.me/api/portraits/thumb/men/70.jpg'}, 'nat': 'IR'}</msg>
<arg>${json_data['results'][0]}</arg>
<doc>Logs the given message with the given level.</doc>
<status status="PASS" start="2024-04-27T00:59:58.584330" elapsed="0.000416"/>
</kw>
<kw name="Log" owner="BuiltIn">
<msg time="2024-04-27T00:59:58.585187" level="INFO">login</msg>
<arg>${key}</arg>
<doc>Logs the given message with the given level.</doc>
<status status="PASS" start="2024-04-27T00:59:58.585059" elapsed="0.000173"/>
</kw>
<var name="${key}">login</var>
<status status="PASS" start="2024-04-27T00:59:58.583523" elapsed="0.001930"/>
</iter>
<var>${key}</var>
<value>@{expected_keys}</value>
<status status="PASS" start="2024-04-27T00:59:58.574776" elapsed="0.010823"/>
</for>
<kw name="Create List" owner="BuiltIn">
<msg time="2024-04-27T00:59:58.585936" level="INFO">${expected_keysTwo} = ['username', 'password']</msg>
<var>${expected_keysTwo}</var>
<arg>username</arg>
<arg>password</arg>
<doc>Returns a list containing given items.</doc>
<status status="PASS" start="2024-04-27T00:59:58.585801" elapsed="0.000159"/>
</kw>
<for flavor="IN">
<iter>
<kw name="Dictionary Should Contain Key" owner="Collections">
<msg time="2024-04-27T00:59:58.586844" level="INFO">False</msg>
<arg>${json_data['results'][0]['login']}</arg>
<arg>${keyTwo}</arg>
<doc>Fails if ``key`` is not found from ``dictionary``.</doc>
<status status="PASS" start="2024-04-27T00:59:58.586454" elapsed="0.000427"/>
</kw>
<kw name="Dictionary Should Contain Key" owner="Collections">
<msg time="2024-04-27T00:59:58.587565" level="INFO">False</msg>
<arg>${json_data['results'][0]['login']}</arg>
<arg>${keyTwo}</arg>
<doc>Fails if ``key`` is not found from ``dictionary``.</doc>
<status status="PASS" start="2024-04-27T00:59:58.587177" elapsed="0.000424"/>
</kw>
<kw name="Log" owner="BuiltIn">
<msg time="2024-04-27T00:59:58.588013" level="INFO">username</msg>
<arg>${keyTwo}</arg>
<doc>Logs the given message with the given level.</doc>
<status status="PASS" start="2024-04-27T00:59:58.587889" elapsed="0.000165"/>
</kw>
<var name="${keyTwo}">username</var>
<status status="PASS" start="2024-04-27T00:59:58.586346" elapsed="0.001920"/>
</iter>
<iter>
<kw name="Dictionary Should Contain Key" owner="Collections">
<msg time="2024-04-27T00:59:58.589007" level="INFO">False</msg>
<arg>${json_data['results'][0]['login']}</arg>
<arg>${keyTwo}</arg>
<doc>Fails if ``key`` is not found from ``dictionary``.</doc>
<status status="PASS" start="2024-04-27T00:59:58.588543" elapsed="0.000531"/>
</kw>
<kw name="Dictionary Should Contain Key" owner="Collections">
<msg time="2024-04-27T00:59:58.589754" level="INFO">False</msg>
<arg>${json_data['results'][0]['login']}</arg>
<arg>${keyTwo}</arg>
<doc>Fails if ``key`` is not found from ``dictionary``.</doc>
<status status="PASS" start="2024-04-27T00:59:58.589378" elapsed="0.000411"/>
</kw>
<kw name="Log" owner="BuiltIn">
<msg time="2024-04-27T00:59:58.590202" level="INFO">password</msg>
<arg>${keyTwo}</arg>
<doc>Logs the given message with the given level.</doc>
<status status="PASS" start="2024-04-27T00:59:58.590079" elapsed="0.000160"/>
</kw>
<var name="${keyTwo}">password</var>
<status status="PASS" start="2024-04-27T00:59:58.588434" elapsed="0.002018"/>
</iter>
<var>${keyTwo}</var>
<value>@{expected_keysTwo}</value>
<status status="PASS" start="2024-04-27T00:59:58.586192" elapsed="0.004378"/>
</for>
<status status="PASS" start="2024-04-27T00:59:58.477079" elapsed="0.113632"/>
</kw>
<doc>Testa a estrutura da resposta da API.</doc>
<tag>testeEstruturaResposta</tag>
<status status="PASS" start="2024-04-27T00:59:58.476435" elapsed="0.114437"/>
</test>
<test id="s1-s1-t4" name="Validar tipos de dados" line="28">
<kw name="Teste de Tipos de Dados" owner="random-user-service">
<kw name="GET On Session" owner="RequestsLibrary">
<msg time="2024-04-27T00:59:58.681074" level="INFO">GET Request : url=https://randomuser.me/api 
 path_url=/api 
 headers={'User-Agent': 'python-requests/2.31.0', 'Accept-Encoding': 'gzip, deflate', 'Accept': '*/*', 'Connection': 'keep-alive'} 
 body=None 
 </msg>
<msg time="2024-04-27T00:59:58.681185" level="INFO">GET Response : url=https://randomuser.me/api 
 status=200, reason=OK 
 headers={'Date': 'Sat, 27 Apr 2024 00:59:58 GMT', 'Content-Type': 'application/json; charset=utf-8', 'Transfer-Encoding': 'chunked', 'Connection': 'keep-alive', 'X-Powered-By': 'Express', 'Access-Control-Allow-Origin': '*', 'Cache-Control': 'no-cache', 'ETag': 'W/"48e-+N5BA497COnNuX2prgnwzQgHBpU"', 'Vary': 'Accept-Encoding', 'Content-Encoding': 'gzip', 'CF-Cache-Status': 'DYNAMIC', 'Report-To': '{"endpoints":[{"url":"https:\\/\\/a.nel.cloudflare.com\\/report\\/v4?s=dQ%2Fhdc6WNSSBSbB6tjZjIs8NxgRpNOcxgB1nY1RbPyK2D%2Bm7L7qiWQvRJS3M48IOdsQEtFOsQ6cUcIlotrvP4dmpyRlpqvYQOa3ronpwc1eAcUF951drYrm5C%2B6RFVKc"}],"group":"cf-nel","max_age":604800}', 'NEL': '{"success_fraction":0,"report_to":"cf-nel","max_age":604800}', 'Server': 'cloudflare', 'CF-RAY': '87aadf7b388be124-ORD', 'alt-svc': 'h3=":443"; ma=86400'} 
 body={"results":[{"gender":"male","name":{"title":"Mr","first":"David","last":"Serrano"},"location":{"street":{"number":3706,"name":"Calle del Arenal"},"city":"Cartagena","state":"Islas Baleares","country":"Spain","postcode":71147,"coordinates":{"latitude":"-31.6287","longitude":"-80.7770"},"timezone":{"offset":"-3:00","description":"Brazil, Buenos Aires, Georgetown"}},"email":"david.serrano@example.com","login":{"uuid":"4e55c2ba-0389-41e1-8942-449da3af37db","username":"crazydog353","password":"monkey1","salt":"dmIKe5fq","md5":"b355d21d78697d3c6c8ac8b0334df3ac","sha1":"63db1b05b88c08064f452b71b17f61a62ddf25c6","sha256":"49af4b656b606fd3bf8c44d043da53de9373b33bcc9d729254b394f9b2a9a803"},"dob":{"date":"1962-01-29T07:32:59.588Z","age":62},"registered":{"date":"2014-03-05T02:15:52.485Z","age":10},"phone":"961-692-486","cell":"640-680-683","id":{"name":"DNI","value":"47131706-A"},"picture":{"large":"https://randomuser.me/api/portraits/men/84.jpg","medium":"https://randomuser.me/api/portraits/med/men/84.jpg","thumbnail":"https://randomuser.me/api/portraits/thumb/men/84.jpg"},"nat":"ES"}],"info":{"seed":"97fdad10af514b42","results":1,"page":1,"version":"1.4"}} 
 </msg>
<msg time="2024-04-27T00:59:58.681267" level="INFO">/opt/hostedtoolcache/Python/3.12.3/x64/lib/python3.12/site-packages/urllib3/connectionpool.py:1103: InsecureRequestWarning: Unverified HTTPS request is being made to host 'randomuser.me'. Adding certificate verification is strongly advised. See: https://urllib3.readthedocs.io/en/latest/advanced-usage.html#tls-warnings
  warnings.warn(</msg>
<msg time="2024-04-27T00:59:58.681406" level="INFO">${response} = &lt;Response [200]&gt;</msg>
<var>${response}</var>
<arg>consultarAPI</arg>
<arg>/api</arg>
<doc>Sends a GET request on a previously created HTTP Session.</doc>
<status status="PASS" start="2024-04-27T00:59:58.593436" elapsed="0.088011"/>
</kw>
<kw name="Set Variable" owner="BuiltIn">
<msg time="2024-04-27T00:59:58.682568" level="INFO">${json_data} = {'results': [{'gender': 'male', 'name': {'title': 'Mr', 'first': 'David', 'last': 'Serrano'}, 'location': {'street': {'number': 3706, 'name': 'Calle del Arenal'}, 'city': 'Cartagena', 'state': 'Islas ...</msg>
<var>${json_data}</var>
<arg>${response.json()}</arg>
<doc>Returns the given values which can then be assigned to a variables.</doc>
<status status="PASS" start="2024-04-27T00:59:58.682027" elapsed="0.000570"/>
</kw>
<kw name="Log" owner="BuiltIn">
<msg time="2024-04-27T00:59:58.683141" level="INFO">{'results': [{'gender': 'male', 'name': {'title': 'Mr', 'first': 'David', 'last': 'Serrano'}, 'location': {'street': {'number': 3706, 'name': 'Calle del Arenal'}, 'city': 'Cartagena', 'state': 'Islas Baleares', 'country': 'Spain', 'postcode': 71147, 'coordinates': {'latitude': '-31.6287', 'longitude': '-80.7770'}, 'timezone': {'offset': '-3:00', 'description': 'Brazil, Buenos Aires, Georgetown'}}, 'email': 'david.serrano@example.com', 'login': {'uuid': '4e55c2ba-0389-41e1-8942-449da3af37db', 'username': 'crazydog353', 'password': 'monkey1', 'salt': 'dmIKe5fq', 'md5': 'b355d21d78697d3c6c8ac8b0334df3ac', 'sha1': '63db1b05b88c08064f452b71b17f61a62ddf25c6', 'sha256': '49af4b656b606fd3bf8c44d043da53de9373b33bcc9d729254b394f9b2a9a803'}, 'dob': {'date': '1962-01-29T07:32:59.588Z', 'age': 62}, 'registered': {'date': '2014-03-05T02:15:52.485Z', 'age': 10}, 'phone': '961-692-486', 'cell': '640-680-683', 'id': {'name': 'DNI', 'value': '47131706-A'}, 'picture': {'large': 'https://randomuser.me/api/portraits/men/84.jpg', 'medium': 'https://randomuser.me/api/portraits/med/men/84.jpg', 'thumbnail': 'https://randomuser.me/api/portraits/thumb/men/84.jpg'}, 'nat': 'ES'}], 'info': {'seed': '97fdad10af514b42', 'results': 1, 'page': 1, 'version': '1.4'}}</msg>
<arg>${json_data}</arg>
<doc>Logs the given message with the given level.</doc>
<status status="PASS" start="2024-04-27T00:59:58.682969" elapsed="0.000261"/>
</kw>
<kw name="Should Be String" owner="String">
<arg>${json_data['results'][0]['gender']}</arg>
<doc>Fails if the given ``item`` is not a string.</doc>
<status status="PASS" start="2024-04-27T00:59:58.683558" elapsed="0.000404"/>
</kw>
<kw name="Should Match Regexp" owner="BuiltIn">
<arg>${json_data['results'][0]['email']}</arg>
<arg>^[a-zA-Z0-9._%+-]+@[a-zA-Z0-9.-]+\.[a-zA-Z]{2,}$</arg>
<doc>Fails if ``string`` does not match ``pattern`` as a regular expression.</doc>
<status status="PASS" start="2024-04-27T00:59:58.684167" elapsed="0.000532"/>
</kw>
<kw name="Should Match Regexp" owner="BuiltIn">
<arg>${json_data['results'][0]['dob']['date']}</arg>
<arg>\\d{4}-\\d{2}-\\d{2}T\\d{2}:\\d{2}:\\d{2}\\.\\d{3}Z</arg>
<doc>Fails if ``string`` does not match ``pattern`` as a regular expression.</doc>
<status status="PASS" start="2024-04-27T00:59:58.684903" elapsed="0.000536"/>
</kw>
<kw name="Should Match Regexp" owner="BuiltIn">
<arg>${json_data['results'][0]['registered']['date']}</arg>
<arg>\\d{4}-\\d{2}-\\d{2}T\\d{2}:\\d{2}:\\d{2}\\.\\d{3}Z</arg>
<doc>Fails if ``string`` does not match ``pattern`` as a regular expression.</doc>
<status status="PASS" start="2024-04-27T00:59:58.685634" elapsed="0.000375"/>
</kw>
<kw name="Should Match Regexp" owner="BuiltIn">
<arg>${json_data['results'][0]['picture']['large']}</arg>
<arg>^https?://.*\.(?:png|jpe?g|gif|bmp)$</arg>
<doc>Fails if ``string`` does not match ``pattern`` as a regular expression.</doc>
<status status="PASS" start="2024-04-27T00:59:58.686197" elapsed="0.000471"/>
</kw>
<kw name="Should Match Regexp" owner="BuiltIn">
<arg>${json_data['results'][0]['picture']['medium']}</arg>
<arg>^https?://.*\.(?:png|jpe?g|gif|bmp)$</arg>
<doc>Fails if ``string`` does not match ``pattern`` as a regular expression.</doc>
<status status="PASS" start="2024-04-27T00:59:58.686855" elapsed="0.000358"/>
</kw>
<kw name="Should Match Regexp" owner="BuiltIn">
<arg>${json_data['results'][0]['picture']['thumbnail']}</arg>
<arg>^https?://.*\.(?:png|jpe?g|gif|bmp)$</arg>
<doc>Fails if ``string`` does not match ``pattern`` as a regular expression.</doc>
<status status="PASS" start="2024-04-27T00:59:58.687402" elapsed="0.000350"/>
</kw>
<kw name="Log" owner="BuiltIn">
<msg time="2024-04-27T00:59:58.688251" level="INFO">{'large': 'https://randomuser.me/api/portraits/men/84.jpg', 'medium': 'https://randomuser.me/api/portraits/med/men/84.jpg', 'thumbnail': 'https://randomuser.me/api/portraits/thumb/men/84.jpg'}</msg>
<arg>${json_data['results'][0]['picture']}</arg>
<doc>Logs the given message with the given level.</doc>
<status status="PASS" start="2024-04-27T00:59:58.687931" elapsed="0.000362"/>
</kw>
<status status="PASS" start="2024-04-27T00:59:58.593207" elapsed="0.095360"/>
</kw>
<kw name="Teste de Tipos de Dados - Postcode" owner="random-user-service">
<kw name="GET On Session" owner="RequestsLibrary">
<msg time="2024-04-27T00:59:58.764862" level="INFO">GET Request : url=https://randomuser.me/api 
 path_url=/api 
 headers={'User-Agent': 'python-requests/2.31.0', 'Accept-Encoding': 'gzip, deflate', 'Accept': '*/*', 'Connection': 'keep-alive'} 
 body=None 
 </msg>
<msg time="2024-04-27T00:59:58.764975" level="INFO">GET Response : url=https://randomuser.me/api 
 status=200, reason=OK 
 headers={'Date': 'Sat, 27 Apr 2024 00:59:58 GMT', 'Content-Type': 'application/json; charset=utf-8', 'Transfer-Encoding': 'chunked', 'Connection': 'keep-alive', 'X-Powered-By': 'Express', 'Access-Control-Allow-Origin': '*', 'Cache-Control': 'no-cache', 'ETag': 'W/"49d-gXWhj3F8PcG/1yerDvr3x/7Sobk"', 'Vary': 'Accept-Encoding', 'Content-Encoding': 'gzip', 'CF-Cache-Status': 'DYNAMIC', 'Report-To': '{"endpoints":[{"url":"https:\\/\\/a.nel.cloudflare.com\\/report\\/v4?s=t7AlJuYsCqBCr8vOxxlilra%2F6Q6d65TRducfAFOr8ghw1rxcZrjL5xeW0Q8NieGU9DyOidPmcx%2B5Kc8wxLx9eKYMrLUJB7h48EGBnxc1HU74xFH9EPpeytSriaADuCk0"}],"group":"cf-nel","max_age":604800}', 'NEL': '{"success_fraction":0,"report_to":"cf-nel","max_age":604800}', 'Server': 'cloudflare', 'CF-RAY': '87aadf7bd95be124-ORD', 'alt-svc': 'h3=":443"; ma=86400'} 
 body={"results":[{"gender":"female","name":{"title":"Miss","first":"Thea","last":"Pedersen"},"location":{"street":{"number":3810,"name":"Haveforeningen Kildegården"},"city":"Brondby","state":"Hovedstaden","country":"Denmark","postcode":22187,"coordinates":{"latitude":"-46.4566","longitude":"113.7819"},"timezone":{"offset":"-1:00","description":"Azores, Cape Verde Islands"}},"email":"thea.pedersen@example.com","login":{"uuid":"fb266423-2178-40ad-b0fd-60f5194f4328","username":"ticklishgorilla127","password":"waterboy","salt":"gDFaP2Ec","md5":"56b49c6cc7bbf95aa53253fda6c6ec5d","sha1":"69fb814b287983960181a94d43d5245d51bfb644","sha256":"e934f98d113d2a4b3fb4b4d495e81cd2ee7a103e338c47eeb8b91c44acac11f6"},"dob":{"date":"1999-11-17T05:20:31.008Z","age":24},"registered":{"date":"2009-07-11T11:57:59.273Z","age":14},"phone":"62932152","cell":"65866881","id":{"name":"CPR","value":"161199-6848"},"picture":{"large":"https://randomuser.me/api/portraits/women/11.jpg","medium":"https://randomuser.me/api/portraits/med/women/11.jpg","thumbnail":"https://randomuser.me/api/portraits/thumb/women/11.jpg"},"nat":"DK"}],"info":{"seed":"45ab446e437788a5","results":1,"page":1,"version":"1.4"}} 
 </msg>
<msg time="2024-04-27T00:59:58.765087" level="INFO">/opt/hostedtoolcache/Python/3.12.3/x64/lib/python3.12/site-packages/urllib3/connectionpool.py:1103: InsecureRequestWarning: Unverified HTTPS request is being made to host 'randomuser.me'. Adding certificate verification is strongly advised. See: https://urllib3.readthedocs.io/en/latest/advanced-usage.html#tls-warnings
  warnings.warn(</msg>
<msg time="2024-04-27T00:59:58.765230" level="INFO">${response} = &lt;Response [200]&gt;</msg>
<var>${response}</var>
<arg>consultarAPI</arg>
<arg>/api</arg>
<doc>Sends a GET request on a previously created HTTP Session.</doc>
<status status="PASS" start="2024-04-27T00:59:58.689067" elapsed="0.076214"/>
</kw>
<kw name="Set Variable" owner="BuiltIn">
<msg time="2024-04-27T00:59:58.766419" level="INFO">${json_data} = {'results': [{'gender': 'female', 'name': {'title': 'Miss', 'first': 'Thea', 'last': 'Pedersen'}, 'location': {'street': {'number': 3810, 'name': 'Haveforeningen Kildegården'}, 'city': 'Brondby', 'sta...</msg>
<var>${json_data}</var>
<arg>${response.json()}</arg>
<doc>Returns the given values which can then be assigned to a variables.</doc>
<status status="PASS" start="2024-04-27T00:59:58.765862" elapsed="0.000587"/>
</kw>
<kw name="Log" owner="BuiltIn">
<msg time="2024-04-27T00:59:58.766974" level="INFO">{'results': [{'gender': 'female', 'name': {'title': 'Miss', 'first': 'Thea', 'last': 'Pedersen'}, 'location': {'street': {'number': 3810, 'name': 'Haveforeningen Kildegården'}, 'city': 'Brondby', 'state': 'Hovedstaden', 'country': 'Denmark', 'postcode': 22187, 'coordinates': {'latitude': '-46.4566', 'longitude': '113.7819'}, 'timezone': {'offset': '-1:00', 'description': 'Azores, Cape Verde Islands'}}, 'email': 'thea.pedersen@example.com', 'login': {'uuid': 'fb266423-2178-40ad-b0fd-60f5194f4328', 'username': 'ticklishgorilla127', 'password': 'waterboy', 'salt': 'gDFaP2Ec', 'md5': '56b49c6cc7bbf95aa53253fda6c6ec5d', 'sha1': '69fb814b287983960181a94d43d5245d51bfb644', 'sha256': 'e934f98d113d2a4b3fb4b4d495e81cd2ee7a103e338c47eeb8b91c44acac11f6'}, 'dob': {'date': '1999-11-17T05:20:31.008Z', 'age': 24}, 'registered': {'date': '2009-07-11T11:57:59.273Z', 'age': 14}, 'phone': '62932152', 'cell': '65866881', 'id': {'name': 'CPR', 'value': '161199-6848'}, 'picture': {'large': 'https://randomuser.me/api/portraits/women/11.jpg', 'medium': 'https://randomuser.me/api/portraits/med/women/11.jpg', 'thumbnail': 'https://randomuser.me/api/portraits/thumb/women/11.jpg'}, 'nat': 'DK'}], 'info': {'seed': '45ab446e437788a5', 'results': 1, 'page': 1, 'version': '1.4'}}</msg>
<arg>${json_data}</arg>
<doc>Logs the given message with the given level.</doc>
<status status="PASS" start="2024-04-27T00:59:58.766802" elapsed="0.000260"/>
</kw>
<kw name="Should Be Equal As Numbers" owner="BuiltIn">
<arg>${json_data['results'][0]['location']['postcode']}</arg>
<arg>${json_data['results'][0]['location']['postcode']}</arg>
<doc>Fails if objects are unequal after converting them to real numbers.</doc>
<status status="PASS" start="2024-04-27T00:59:58.767571" elapsed="0.000647"/>
</kw>
<kw name="Log" owner="BuiltIn">
<msg time="2024-04-27T00:59:58.768755" level="INFO">22187</msg>
<arg>${json_data['results'][0]['location']['postcode']}</arg>
<doc>Logs the given message with the given level.</doc>
<status status="PASS" start="2024-04-27T00:59:58.768417" elapsed="0.000378"/>
</kw>
<status status="PASS" start="2024-04-27T00:59:58.688800" elapsed="0.080281"/>
</kw>
<doc>Testa se os tipos de dados na resposta da API estão corretos.</doc>
<tag>testeTiposDados</tag>
<status status="PASS" start="2024-04-27T00:59:58.592691" elapsed="0.176568"/>
</test>
<test id="s1-s1-t5" name="Validar conteudo" line="35">
<kw name="Teste de Tipos de Conteudo" owner="random-user-service">
<kw name="GET On Session" owner="RequestsLibrary">
<msg time="2024-04-27T00:59:58.869187" level="INFO">GET Request : url=https://randomuser.me/api 
 path_url=/api 
 headers={'User-Agent': 'python-requests/2.31.0', 'Accept-Encoding': 'gzip, deflate', 'Accept': '*/*', 'Connection': 'keep-alive'} 
 body=None 
 </msg>
<msg time="2024-04-27T00:59:58.869305" level="INFO">GET Response : url=https://randomuser.me/api 
 status=200, reason=OK 
 headers={'Date': 'Sat, 27 Apr 2024 00:59:58 GMT', 'Content-Type': 'application/json; charset=utf-8', 'Transfer-Encoding': 'chunked', 'Connection': 'keep-alive', 'X-Powered-By': 'Express', 'Access-Control-Allow-Origin': '*', 'Cache-Control': 'no-cache', 'ETag': 'W/"4ae-gWqNdZWohJt/lk7St7qmQa7sXVk"', 'Vary': 'Accept-Encoding', 'Content-Encoding': 'gzip', 'CF-Cache-Status': 'DYNAMIC', 'Report-To': '{"endpoints":[{"url":"https:\\/\\/a.nel.cloudflare.com\\/report\\/v4?s=MZ0I3m7gtdhTDe8vgt%2FkscDsROPbumTeWdj7QNINUUBs4coZGW67KtvIhO%2FMTnqNLFEomjXzdd%2B3BS%2F6d5uJDD%2B8ONM3YlI3lFcxrpSBj7DG8TIcFgMVTizgMa3MCqMy"}],"group":"cf-nel","max_age":604800}', 'NEL': '{"success_fraction":0,"report_to":"cf-nel","max_age":604800}', 'Server': 'cloudflare', 'CF-RAY': '87aadf7c5a19e124-ORD', 'alt-svc': 'h3=":443"; ma=86400'} 
 body={"results":[{"gender":"female","name":{"title":"Madame","first":"Josephine","last":"Jean"},"location":{"street":{"number":2535,"name":"Rue Bony"},"city":"Walzenhausen","state":"Bern","country":"Switzerland","postcode":5146,"coordinates":{"latitude":"-61.4311","longitude":"55.3852"},"timezone":{"offset":"0:00","description":"Western Europe Time, London, Lisbon, Casablanca"}},"email":"josephine.jean@example.com","login":{"uuid":"77e746f3-45b7-40f6-b039-8c5b7c7c2cd6","username":"organicleopard781","password":"carlton","salt":"tQDc8Amc","md5":"7a249091ba97eb921f8d5b1dd4daa16f","sha1":"9ea76ca8e30e385645241ee00d95be80f46fffde","sha256":"72f4598261e8f82157101f6f786c23be911fb478da67d27682a950c94855b765"},"dob":{"date":"1962-12-30T19:59:10.399Z","age":61},"registered":{"date":"2016-04-30T01:32:54.522Z","age":7},"phone":"078 188 45 72","cell":"079 605 18 52","id":{"name":"AVS","value":"756.0586.5130.32"},"picture":{"large":"https://randomuser.me/api/portraits/women/43.jpg","medium":"https://randomuser.me/api/portraits/med/women/43.jpg","thumbnail":"https://randomuser.me/api/portraits/thumb/women/43.jpg"},"nat":"CH"}],"info":{"seed":"ea57ca200350eef7","results":1,"page":1,"version":"1.4"}} 
 </msg>
<msg time="2024-04-27T00:59:58.869390" level="INFO">/opt/hostedtoolcache/Python/3.12.3/x64/lib/python3.12/site-packages/urllib3/connectionpool.py:1103: InsecureRequestWarning: Unverified HTTPS request is being made to host 'randomuser.me'. Adding certificate verification is strongly advised. See: https://urllib3.readthedocs.io/en/latest/advanced-usage.html#tls-warnings
  warnings.warn(</msg>
<msg time="2024-04-27T00:59:58.869527" level="INFO">${response} = &lt;Response [200]&gt;</msg>
<var>${response}</var>
<arg>consultarAPI</arg>
<arg>/api</arg>
<doc>Sends a GET request on a previously created HTTP Session.</doc>
<status status="PASS" start="2024-04-27T00:59:58.771755" elapsed="0.097818"/>
</kw>
<kw name="Set Variable" owner="BuiltIn">
<msg time="2024-04-27T00:59:58.870659" level="INFO">${json_data} = {'results': [{'gender': 'female', 'name': {'title': 'Madame', 'first': 'Josephine', 'last': 'Jean'}, 'location': {'street': {'number': 2535, 'name': 'Rue Bony'}, 'city': 'Walzenhausen', 'state': 'Bern...</msg>
<var>${json_data}</var>
<arg>${response.json()}</arg>
<doc>Returns the given values which can then be assigned to a variables.</doc>
<status status="PASS" start="2024-04-27T00:59:58.870137" elapsed="0.000553"/>
</kw>
<kw name="Set Variable" owner="BuiltIn">
<msg time="2024-04-27T00:59:58.871399" level="INFO">${name_title} = Madame</msg>
<var>${name_title}</var>
<arg>${json_data["results"][0]["name"]["title"]}</arg>
<doc>Returns the given values which can then be assigned to a variables.</doc>
<status status="PASS" start="2024-04-27T00:59:58.871008" elapsed="0.000416"/>
</kw>
<kw name="Create List" owner="BuiltIn">
<msg time="2024-04-27T00:59:58.871874" level="INFO">${allowed_titles} = ['Mr', 'Ms', 'Miss', 'Mrs', 'Madame', 'Monsieur']</msg>
<var>${allowed_titles}</var>
<arg>Mr</arg>
<arg>Ms</arg>
<arg>Miss</arg>
<arg>Mrs</arg>
<arg>Madame</arg>
<arg>Monsieur</arg>
<doc>Returns a list containing given items.</doc>
<status status="PASS" start="2024-04-27T00:59:58.871725" elapsed="0.000174"/>
</kw>
<kw name="List Should Contain Value" owner="Collections">
<msg time="2024-04-27T00:59:58.872392" level="INFO">False</msg>
<arg>${allowed_titles}</arg>
<arg>${name_title}</arg>
<doc>Fails if the ``value`` is not found from ``list``.</doc>
<status status="PASS" start="2024-04-27T00:59:58.872207" elapsed="0.000223"/>
</kw>
<kw name="Set Variable" owner="BuiltIn">
<msg time="2024-04-27T00:59:58.873130" level="INFO">${name_country} = CH</msg>
<var>${name_country}</var>
<arg>${json_data["results"][0]["nat"]}</arg>
<doc>Returns the given values which can then be assigned to a variables.</doc>
<status status="PASS" start="2024-04-27T00:59:58.872720" elapsed="0.000444"/>
</kw>
<kw name="Create List" owner="BuiltIn">
<msg time="2024-04-27T00:59:58.874052" level="INFO">${list_country} = ['AD', 'AE', 'AF', 'AG', 'AI', 'AL', 'AM', 'AO', 'AQ', 'AR', 'AS', 'AT', 'AU', 'AW', 'AX', 'AZ', 'BA', 'BB', 'BD', 'BE', 'BF', 'BG', 'BH', 'BI', 'BJ', 'BL', 'BM', 'BN', 'BO', 'BQ', 'BR', 'BS', 'BT', '...</msg>
<var>${list_country}</var>
<arg>AD</arg>
<arg>AE</arg>
<arg>AF</arg>
<arg>AG</arg>
<arg>AI</arg>
<arg>AL</arg>
<arg>AM</arg>
<arg>AO</arg>
<arg>AQ</arg>
<arg>AR</arg>
<arg>AS</arg>
<arg>AT</arg>
<arg>AU</arg>
<arg>AW</arg>
<arg>AX</arg>
<arg>AZ</arg>
<arg>BA</arg>
<arg>BB</arg>
<arg>BD</arg>
<arg>BE</arg>
<arg>BF</arg>
<arg>BG</arg>
<arg>BH</arg>
<arg>BI</arg>
<arg>BJ</arg>
<arg>BL</arg>
<arg>BM</arg>
<arg>BN</arg>
<arg>BO</arg>
<arg>BQ</arg>
<arg>BR</arg>
<arg>BS</arg>
<arg>BT</arg>
<arg>BV</arg>
<arg>BW</arg>
<arg>BY</arg>
<arg>BZ</arg>
<arg>CA</arg>
<arg>CC</arg>
<arg>CD</arg>
<arg>CF</arg>
<arg>CG</arg>
<arg>CH</arg>
<arg>CI</arg>
<arg>CK</arg>
<arg>CL</arg>
<arg>CM</arg>
<arg>CN</arg>
<arg>CO</arg>
<arg>CR</arg>
<arg>CU</arg>
<arg>CV</arg>
<arg>CW</arg>
<arg>CX</arg>
<arg>CY</arg>
<arg>CZ</arg>
<arg>DE</arg>
<arg>DJ</arg>
<arg>DK</arg>
<arg>DM</arg>
<arg>DO</arg>
<arg>DZ</arg>
<arg>EC</arg>
<arg>EE</arg>
<arg>EG</arg>
<arg>EH</arg>
<arg>ER</arg>
<arg>ES</arg>
<arg>ET</arg>
<arg>FI</arg>
<arg>FJ</arg>
<arg>FK</arg>
<arg>FM</arg>
<arg>FO</arg>
<arg>FR</arg>
<arg>GA</arg>
<arg>GB</arg>
<arg>GD</arg>
<arg>GE</arg>
<arg>GF</arg>
<arg>GG</arg>
<arg>GH</arg>
<arg>GI</arg>
<arg>GL</arg>
<arg>GM</arg>
<arg>GN</arg>
<arg>GP</arg>
<arg>GQ</arg>
<arg>GR</arg>
<arg>GS</arg>
<arg>GT</arg>
<arg>GU</arg>
<arg>GW</arg>
<arg>GY</arg>
<arg>HK</arg>
<arg>HM</arg>
<arg>HN</arg>
<arg>HR</arg>
<arg>HT</arg>
<arg>HU</arg>
<arg>ID</arg>
<arg>IE</arg>
<arg>IL</arg>
<arg>IM</arg>
<arg>IN</arg>
<arg>IO</arg>
<arg>IQ</arg>
<arg>IR</arg>
<arg>IS</arg>
<arg>IT</arg>
<arg>JE</arg>
<arg>JM</arg>
<arg>JO</arg>
<arg>JP</arg>
<arg>KE</arg>
<arg>KG</arg>
<arg>KH</arg>
<arg>KI</arg>
<arg>KM</arg>
<arg>KN</arg>
<arg>KP</arg>
<arg>KR</arg>
<arg>KW</arg>
<arg>KY</arg>
<arg>KZ</arg>
<arg>LA</arg>
<arg>LB</arg>
<arg>LC</arg>
<arg>LI</arg>
<arg>LK</arg>
<arg>LR</arg>
<arg>LS</arg>
<arg>LT</arg>
<arg>LU</arg>
<arg>LV</arg>
<arg>LY</arg>
<arg>MA</arg>
<arg>MC</arg>
<arg>MD</arg>
<arg>ME</arg>
<arg>MF</arg>
<arg>MG</arg>
<arg>MH</arg>
<arg>MK</arg>
<arg>ML</arg>
<arg>MM</arg>
<arg>MN</arg>
<arg>MO</arg>
<arg>MP</arg>
<arg>MQ</arg>
<arg>MR</arg>
<arg>MS</arg>
<arg>MT</arg>
<arg>MU</arg>
<arg>MV</arg>
<arg>MW</arg>
<arg>MX</arg>
<arg>MY</arg>
<arg>MZ</arg>
<arg>NA</arg>
<arg>NC</arg>
<arg>NE</arg>
<arg>NF</arg>
<arg>NG</arg>
<arg>NI</arg>
<arg>NL</arg>
<arg>NO</arg>
<arg>NP</arg>
<arg>NR</arg>
<arg>NU</arg>
<arg>NZ</arg>
<arg>OM</arg>
<arg>PA</arg>
<arg>PE</arg>
<arg>PF</arg>
<arg>PG</arg>
<arg>PH</arg>
<arg>PK</arg>
<arg>PL</arg>
<arg>PM</arg>
<arg>PN</arg>
<arg>PR</arg>
<arg>PS</arg>
<arg>PT</arg>
<arg>PW</arg>
<arg>PY</arg>
<arg>QA</arg>
<arg>RE</arg>
<arg>RO</arg>
<arg>RS</arg>
<arg>RU</arg>
<arg>RW</arg>
<arg>SA</arg>
<arg>SB</arg>
<arg>SC</arg>
<arg>SD</arg>
<arg>SE</arg>
<arg>SG</arg>
<arg>SH</arg>
<arg>SI</arg>
<arg>SJ</arg>
<arg>SK</arg>
<arg>SL</arg>
<arg>SM</arg>
<arg>SN</arg>
<arg>SO</arg>
<arg>SR</arg>
<arg>SS</arg>
<arg>ST</arg>
<arg>SV</arg>
<arg>SX</arg>
<arg>SY</arg>
<arg>SZ</arg>
<arg>TC</arg>
<arg>TD</arg>
<arg>TF</arg>
<arg>TG</arg>
<arg>TH</arg>
<arg>TJ</arg>
<arg>TK</arg>
<arg>TL</arg>
<arg>TM</arg>
<arg>TN</arg>
<arg>TO</arg>
<arg>TR</arg>
<arg>TT</arg>
<arg>TV</arg>
<arg>TW</arg>
<arg>TZ</arg>
<arg>UA</arg>
<arg>UG</arg>
<arg>UM</arg>
<arg>US</arg>
<arg>UY</arg>
<arg>UZ</arg>
<arg>VA</arg>
<arg>VC</arg>
<arg>VE</arg>
<arg>VG</arg>
<arg>VI</arg>
<arg>VN</arg>
<arg>VU</arg>
<arg>WF</arg>
<arg>WS</arg>
<arg>XK</arg>
<arg>YE</arg>
<arg>YT</arg>
<arg>ZA</arg>
<arg>ZM</arg>
<arg>ZW</arg>
<doc>Returns a list containing given items.</doc>
<status status="PASS" start="2024-04-27T00:59:58.873470" elapsed="0.000609"/>
</kw>
<kw name="List Should Contain Value" owner="Collections">
<msg time="2024-04-27T00:59:58.875100" level="INFO">False</msg>
<arg>${list_country}</arg>
<arg>${name_country}</arg>
<doc>Fails if the ``value`` is not found from ``list``.</doc>
<status status="PASS" start="2024-04-27T00:59:58.874899" elapsed="0.000238"/>
</kw>
<kw name="Run Keyword If" owner="BuiltIn">
<kw name="Should Be True" owner="BuiltIn">
<arg>${True}</arg>
<doc>Fails if the given condition is not true.</doc>
<status status="PASS" start="2024-04-27T00:59:58.876283" elapsed="0.000261"/>
</kw>
<arg>${json_data["results"][0]["location"]["coordinates"]["latitude"]} &gt;= -90 and ${json_data["results"][0]["location"]["coordinates"]["latitude"]} &lt;= 90</arg>
<arg>Should Be True</arg>
<arg>${True}</arg>
<doc>Runs the given keyword with the given arguments, if ``condition`` is true.</doc>
<status status="PASS" start="2024-04-27T00:59:58.875480" elapsed="0.001198"/>
</kw>
<kw name="Run Keyword If" owner="BuiltIn">
<kw name="Should Be True" owner="BuiltIn">
<arg>${True}</arg>
<doc>Fails if the given condition is not true.</doc>
<status status="PASS" start="2024-04-27T00:59:58.877643" elapsed="0.000141"/>
</kw>
<arg>${json_data["results"][0]["location"]["coordinates"]["longitude"]} &gt;= -180 and ${json_data["results"][0]["location"]["coordinates"]["longitude"]} &lt;= 180</arg>
<arg>Should Be True</arg>
<arg>${True}</arg>
<doc>Runs the given keyword with the given arguments, if ``condition`` is true.</doc>
<status status="PASS" start="2024-04-27T00:59:58.876876" elapsed="0.001035"/>
</kw>
<status status="PASS" start="2024-04-27T00:59:58.771523" elapsed="0.106527"/>
</kw>
<doc>Testa o conteúdo específico dos campos retornados pela API.</doc>
<tag>testeConteudo</tag>
<status status="PASS" start="2024-04-27T00:59:58.771053" elapsed="0.107152"/>
</test>
<status status="PASS" start="2024-04-27T00:59:58.065549" elapsed="0.814674"/>
</suite>
<status status="PASS" start="2024-04-27T00:59:58.051482" elapsed="0.833908"/>
</suite>
<statistics>
<total>
<stat pass="5" fail="0" skip="0">All Tests</stat>
</total>
<tag>
<stat pass="1" fail="0" skip="0">testeConteudo</stat>
<stat pass="1" fail="0" skip="0">testeEstruturaResposta</stat>
<stat pass="1" fail="0" skip="0">testeRequisicaoBasica</stat>
<stat pass="1" fail="0" skip="0">testeTiposDados</stat>
</tag>
<suite>
<stat pass="5" fail="0" skip="0" id="s1" name="Tests">Tests</stat>
<stat pass="5" fail="0" skip="0" id="s1-s1" name="Random-User-Test">Tests.Random-User-Test</stat>
</suite>
</statistics>
<errors>
</errors>
</robot>
