<?xml version="1.0" encoding="UTF-8"?>
<robot generator="Robot 7.0 (Python 3.12.3 on linux)" generated="2024-05-05T04:17:50.184527" rpa="false" schemaversion="5">
<suite id="s1" name="Tests" source="/home/runner/work/DesafioQAItauRogerioJordao/DesafioQAItauRogerioJordao/RamdonUser/tests">
<suite id="s1-s1" name="Random-User-Test" source="/home/runner/work/DesafioQAItauRogerioJordao/DesafioQAItauRogerioJordao/RamdonUser/tests/random-user-test.robot">
<test id="s1-s1-t1" name="Conectar" line="13">
<kw name="Conectar API" owner="random-user-service">
<kw name="Create Session" owner="RequestsLibrary">
<msg time="2024-05-05T04:17:50.546111" level="INFO">Creating Session using : alias=consultarAPI, url=https://randomuser.me/, headers={},                     cookies={}, auth=None, timeout=None, proxies=None, verify=False,                     debug=0 </msg>
<arg>consultarAPI</arg>
<arg>${URL}</arg>
<doc>Create Session: create a HTTP session to a server</doc>
<status status="PASS" start="2024-05-05T04:17:50.545919" elapsed="0.000362"/>
</kw>
<status status="PASS" start="2024-05-05T04:17:50.545002" elapsed="0.001624"/>
</kw>
<status status="PASS" start="2024-05-05T04:17:50.544376" elapsed="0.002444"/>
</test>
<test id="s1-s1-t2" name="Validar retorno 200 e JSON Válido" line="16">
<kw name="Teste de Requisicao Basica" owner="random-user-service">
<kw name="GET On Session" owner="RequestsLibrary">
<msg time="2024-05-05T04:17:50.627359" level="INFO">GET Request : url=https://randomuser.me/api 
 path_url=/api 
 headers={'User-Agent': 'python-requests/2.31.0', 'Accept-Encoding': 'gzip, deflate', 'Accept': '*/*', 'Connection': 'keep-alive'} 
 body=None 
 </msg>
<msg time="2024-05-05T04:17:50.627484" level="INFO">GET Response : url=https://randomuser.me/api 
 status=200, reason=OK 
 headers={'Date': 'Sun, 05 May 2024 04:17:50 GMT', 'Content-Type': 'application/json; charset=utf-8', 'Transfer-Encoding': 'chunked', 'Connection': 'keep-alive', 'X-Powered-By': 'Express', 'Access-Control-Allow-Origin': '*', 'Cache-Control': 'no-cache', 'ETag': 'W/"4af-Jjm8/Y3QaBAWlplaBz5/HXXi+Gs"', 'Vary': 'Accept-Encoding', 'Content-Encoding': 'gzip', 'CF-Cache-Status': 'DYNAMIC', 'Report-To': '{"endpoints":[{"url":"https:\\/\\/a.nel.cloudflare.com\\/report\\/v4?s=l4K4Q0f1G8WaTORn%2ByaxRDSSRngMo6qU4zLaH3KVNPqL6fhOktzJ7gi3Rg6SMJgrmaoc9FTv4ADlUob55FF1yeFi6KyotyTbmD9FCwkYh%2BqxXrB20v8M%2B4DGlpewMcMD"}],"group":"cf-nel","max_age":604800}', 'NEL': '{"success_fraction":0,"report_to":"cf-nel","max_age":604800}', 'Server': 'cloudflare', 'CF-RAY': '87edec534b772034-IAD', 'alt-svc': 'h3=":443"; ma=86400'} 
 body={"results":[{"gender":"male","name":{"title":"Mr","first":"سهیل","last":"سلطانی نژاد"},"location":{"street":{"number":8594,"name":"میدان امام خمینی"},"city":"کاشان","state":"آذربایجان غربی","country":"Iran","postcode":74749,"coordinates":{"latitude":"14.5712","longitude":"-84.2730"},"timezone":{"offset":"-3:00","description":"Brazil, Buenos Aires, Georgetown"}},"email":"shyl.sltnynjd@example.com","login":{"uuid":"755dad0b-a729-4758-90c9-e1597ac01063","username":"smalllion912","password":"1216","salt":"PBlJCvGg","md5":"3e762ef9d2b7edfde9f89e24c8d16d81","sha1":"10be5175afc196f101a27e10c330dc3feaee20ce","sha256":"e6fccb90817d1fc71f2cf65bcc36a374002c4edbe7e828f256b14160a38b9a97"},"dob":{"date":"1948-08-13T05:40:14.526Z","age":75},"registered":{"date":"2008-12-20T18:33:33.854Z","age":15},"phone":"046-70104261","cell":"0995-533-3818","id":{"name":"","value":null},"picture":{"large":"https://randomuser.me/api/portraits/men/56.jpg","medium":"https://randomuser.me/api/portraits/med/men/56.jpg","thumbnail":"https://randomuser.me/api/portraits/thumb/men/56.jpg"},"nat":"IR"}],"info":{"seed":"8799624cba639f4f","results":1,"page":1,"version":"1.4"}} 
 </msg>
<msg time="2024-05-05T04:17:50.627573" level="INFO">/opt/hostedtoolcache/Python/3.12.3/x64/lib/python3.12/site-packages/urllib3/connectionpool.py:1103: InsecureRequestWarning: Unverified HTTPS request is being made to host 'randomuser.me'. Adding certificate verification is strongly advised. See: https://urllib3.readthedocs.io/en/latest/advanced-usage.html#tls-warnings
  warnings.warn(</msg>
<msg time="2024-05-05T04:17:50.627710" level="INFO">${response} = &lt;Response [200]&gt;</msg>
<var>${response}</var>
<arg>consultarAPI</arg>
<arg>/api</arg>
<doc>Sends a GET request on a previously created HTTP Session.</doc>
<status status="PASS" start="2024-05-05T04:17:50.549535" elapsed="0.078228"/>
</kw>
<kw name="Should Be Equal As Numbers" owner="BuiltIn">
<msg time="2024-05-05T04:17:50.628854" level="INFO">Argument types are:
&lt;class 'int'&gt;
&lt;class 'str'&gt;</msg>
<arg>${response.status_code}</arg>
<arg>200</arg>
<doc>Fails if objects are unequal after converting them to real numbers.</doc>
<status status="PASS" start="2024-05-05T04:17:50.628297" elapsed="0.000657"/>
</kw>
<kw name="Log" owner="BuiltIn">
<msg time="2024-05-05T04:17:50.629649" level="INFO">200</msg>
<arg>${response.status_code}</arg>
<doc>Logs the given message with the given level.</doc>
<status status="PASS" start="2024-05-05T04:17:50.629297" elapsed="0.000395"/>
</kw>
<kw name="Set Variable" owner="BuiltIn">
<msg time="2024-05-05T04:17:50.630436" level="INFO">${json_data} = {'results': [{'gender': 'male', 'name': {'title': 'Mr', 'first': 'سهیل', 'last': 'سلطانی نژاد'}, 'location': {'street': {'number': 8594, 'name': 'میدان امام خمینی'}, 'city': 'کاشان', 'state': 'آذربایج...</msg>
<var>${json_data}</var>
<arg>${response.json()}</arg>
<doc>Returns the given values which can then be assigned to a variables.</doc>
<status status="PASS" start="2024-05-05T04:17:50.629992" elapsed="0.000473"/>
</kw>
<kw name="Dictionary Should Contain Key" owner="Collections">
<msg time="2024-05-05T04:17:50.630927" level="INFO">False</msg>
<arg>${json_data}</arg>
<arg>results</arg>
<doc>Fails if ``key`` is not found from ``dictionary``.</doc>
<status status="PASS" start="2024-05-05T04:17:50.630765" elapsed="0.000200"/>
</kw>
<status status="PASS" start="2024-05-05T04:17:50.549287" elapsed="0.081924"/>
</kw>
<doc>Testa se a API responde corretamente e retorna um objeto JSON válido.</doc>
<tag>testeRequisicaoBasica</tag>
<status status="PASS" start="2024-05-05T04:17:50.548710" elapsed="0.082667"/>
</test>
<test id="s1-s1-t3" name="Validar estrutura de resposta" line="22">
<kw name="Teste de Estrutura de Resposta" owner="random-user-service">
<kw name="GET On Session" owner="RequestsLibrary">
<msg time="2024-05-05T04:17:50.742949" level="INFO">GET Request : url=https://randomuser.me/api 
 path_url=/api 
 headers={'User-Agent': 'python-requests/2.31.0', 'Accept-Encoding': 'gzip, deflate', 'Accept': '*/*', 'Connection': 'keep-alive'} 
 body=None 
 </msg>
<msg time="2024-05-05T04:17:50.743013" level="INFO">GET Response : url=https://randomuser.me/api 
 status=200, reason=OK 
 headers={'Date': 'Sun, 05 May 2024 04:17:50 GMT', 'Content-Type': 'application/json; charset=utf-8', 'Transfer-Encoding': 'chunked', 'Connection': 'keep-alive', 'X-Powered-By': 'Express', 'Access-Control-Allow-Origin': '*', 'Cache-Control': 'no-cache', 'ETag': 'W/"496-kbL7rgauuFpbr4ct/dBl+yYhDoM"', 'Vary': 'Accept-Encoding', 'Content-Encoding': 'gzip', 'CF-Cache-Status': 'DYNAMIC', 'Report-To': '{"endpoints":[{"url":"https:\\/\\/a.nel.cloudflare.com\\/report\\/v4?s=LZIDjibET6llQQyVPyID5Fp3zkjBd%2Fgwl%2BoRQZb5wfLm%2FjJ%2BOAFHsSgs6agEohI2tBb%2ByuWgjY%2Bzw1ZAIm5flSs0yJBC5p%2F0Rdhb%2FyQJf9iMWC8R8qC3e73qlWhLp%2FiM"}],"group":"cf-nel","max_age":604800}', 'NEL': '{"success_fraction":0,"report_to":"cf-nel","max_age":604800}', 'Server': 'cloudflare', 'CF-RAY': '87edec537ba12034-IAD', 'alt-svc': 'h3=":443"; ma=86400'} 
 body={"results":[{"gender":"female","name":{"title":"Miss","first":"Riekje","last":"Krikken"},"location":{"street":{"number":3908,"name":"Bonifatiuslaan"},"city":"Lathum","state":"Gelderland","country":"Netherlands","postcode":"6647 VY","coordinates":{"latitude":"33.5365","longitude":"25.3074"},"timezone":{"offset":"-1:00","description":"Azores, Cape Verde Islands"}},"email":"riekje.krikken@example.com","login":{"uuid":"c6066274-3928-48bf-b032-2eb976445a14","username":"blackdog922","password":"butthole","salt":"JkGFR8Da","md5":"af735aac2f3880f333ed1f68e00730fb","sha1":"a5083a8466a48fc7d7c0f575e67c35eb9f7cf17f","sha256":"7a3bb2684208c314ca8c8306a7a334cce4ced2d9431d81a160b66953c750d814"},"dob":{"date":"1984-01-18T16:04:18.759Z","age":40},"registered":{"date":"2014-05-02T16:00:17.242Z","age":10},"phone":"(042) 3360272","cell":"(06) 20808550","id":{"name":"BSN","value":"59106229"},"picture":{"large":"https://randomuser.me/api/portraits/women/45.jpg","medium":"https://randomuser.me/api/portraits/med/women/45.jpg","thumbnail":"https://randomuser.me/api/portraits/thumb/women/45.jpg"},"nat":"NL"}],"info":{"seed":"a1db4b81aeb33007","results":1,"page":1,"version":"1.4"}} 
 </msg>
<msg time="2024-05-05T04:17:50.743106" level="INFO">/opt/hostedtoolcache/Python/3.12.3/x64/lib/python3.12/site-packages/urllib3/connectionpool.py:1103: InsecureRequestWarning: Unverified HTTPS request is being made to host 'randomuser.me'. Adding certificate verification is strongly advised. See: https://urllib3.readthedocs.io/en/latest/advanced-usage.html#tls-warnings
  warnings.warn(</msg>
<msg time="2024-05-05T04:17:50.743202" level="INFO">${response} = &lt;Response [200]&gt;</msg>
<var>${response}</var>
<arg>consultarAPI</arg>
<arg>/api</arg>
<doc>Sends a GET request on a previously created HTTP Session.</doc>
<status status="PASS" start="2024-05-05T04:17:50.633937" elapsed="0.109306"/>
</kw>
<kw name="Set Variable" owner="BuiltIn">
<msg time="2024-05-05T04:17:50.744313" level="INFO">${json_data} = {'results': [{'gender': 'female', 'name': {'title': 'Miss', 'first': 'Riekje', 'last': 'Krikken'}, 'location': {'street': {'number': 3908, 'name': 'Bonifatiuslaan'}, 'city': 'Lathum', 'state': 'Gelder...</msg>
<var>${json_data}</var>
<arg>${response.json()}</arg>
<doc>Returns the given values which can then be assigned to a variables.</doc>
<status status="PASS" start="2024-05-05T04:17:50.743713" elapsed="0.000628"/>
</kw>
<kw name="Log" owner="BuiltIn">
<msg time="2024-05-05T04:17:50.744809" level="INFO">{'results': [{'gender': 'female', 'name': {'title': 'Miss', 'first': 'Riekje', 'last': 'Krikken'}, 'location': {'street': {'number': 3908, 'name': 'Bonifatiuslaan'}, 'city': 'Lathum', 'state': 'Gelderland', 'country': 'Netherlands', 'postcode': '6647 VY', 'coordinates': {'latitude': '33.5365', 'longitude': '25.3074'}, 'timezone': {'offset': '-1:00', 'description': 'Azores, Cape Verde Islands'}}, 'email': 'riekje.krikken@example.com', 'login': {'uuid': 'c6066274-3928-48bf-b032-2eb976445a14', 'username': 'blackdog922', 'password': 'butthole', 'salt': 'JkGFR8Da', 'md5': 'af735aac2f3880f333ed1f68e00730fb', 'sha1': 'a5083a8466a48fc7d7c0f575e67c35eb9f7cf17f', 'sha256': '7a3bb2684208c314ca8c8306a7a334cce4ced2d9431d81a160b66953c750d814'}, 'dob': {'date': '1984-01-18T16:04:18.759Z', 'age': 40}, 'registered': {'date': '2014-05-02T16:00:17.242Z', 'age': 10}, 'phone': '(042) 3360272', 'cell': '(06) 20808550', 'id': {'name': 'BSN', 'value': '59106229'}, 'picture': {'large': 'https://randomuser.me/api/portraits/women/45.jpg', 'medium': 'https://randomuser.me/api/portraits/med/women/45.jpg', 'thumbnail': 'https://randomuser.me/api/portraits/thumb/women/45.jpg'}, 'nat': 'NL'}], 'info': {'seed': 'a1db4b81aeb33007', 'results': 1, 'page': 1, 'version': '1.4'}}</msg>
<arg>${json_data}</arg>
<doc>Logs the given message with the given level.</doc>
<status status="PASS" start="2024-05-05T04:17:50.744649" elapsed="0.000210"/>
</kw>
<kw name="Dictionary Should Contain Key" owner="Collections">
<msg time="2024-05-05T04:17:50.745375" level="INFO">False</msg>
<arg>${json_data}</arg>
<arg>results</arg>
<doc>Fails if ``key`` is not found from ``dictionary``.</doc>
<status status="PASS" start="2024-05-05T04:17:50.745220" elapsed="0.000193"/>
</kw>
<kw name="Should Not Be Empty" owner="BuiltIn">
<msg time="2024-05-05T04:17:50.745840" level="INFO">Length is 2.</msg>
<arg>${json_data}</arg>
<doc>Verifies that the given item is not empty.</doc>
<status status="PASS" start="2024-05-05T04:17:50.745708" elapsed="0.000171"/>
</kw>
<kw name="Create List" owner="BuiltIn">
<msg time="2024-05-05T04:17:50.746438" level="INFO">${expected_keys} = ['gender', 'name', 'location', 'email', 'login']</msg>
<var>${expected_keys}</var>
<arg>gender</arg>
<arg>name</arg>
<arg>location</arg>
<arg>email</arg>
<arg>login</arg>
<doc>Returns a list containing given items.</doc>
<status status="PASS" start="2024-05-05T04:17:50.746167" elapsed="0.000297"/>
</kw>
<for flavor="IN">
<iter>
<kw name="Dictionary Should Contain Key" owner="Collections">
<msg time="2024-05-05T04:17:50.747429" level="INFO">False</msg>
<arg>${json_data['results'][0]}</arg>
<arg>${key}</arg>
<doc>Fails if ``key`` is not found from ``dictionary``.</doc>
<status status="PASS" start="2024-05-05T04:17:50.747025" elapsed="0.000442"/>
</kw>
<kw name="Log" owner="BuiltIn">
<msg time="2024-05-05T04:17:50.748136" level="INFO">{'gender': 'female', 'name': {'title': 'Miss', 'first': 'Riekje', 'last': 'Krikken'}, 'location': {'street': {'number': 3908, 'name': 'Bonifatiuslaan'}, 'city': 'Lathum', 'state': 'Gelderland', 'country': 'Netherlands', 'postcode': '6647 VY', 'coordinates': {'latitude': '33.5365', 'longitude': '25.3074'}, 'timezone': {'offset': '-1:00', 'description': 'Azores, Cape Verde Islands'}}, 'email': 'riekje.krikken@example.com', 'login': {'uuid': 'c6066274-3928-48bf-b032-2eb976445a14', 'username': 'blackdog922', 'password': 'butthole', 'salt': 'JkGFR8Da', 'md5': 'af735aac2f3880f333ed1f68e00730fb', 'sha1': 'a5083a8466a48fc7d7c0f575e67c35eb9f7cf17f', 'sha256': '7a3bb2684208c314ca8c8306a7a334cce4ced2d9431d81a160b66953c750d814'}, 'dob': {'date': '1984-01-18T16:04:18.759Z', 'age': 40}, 'registered': {'date': '2014-05-02T16:00:17.242Z', 'age': 10}, 'phone': '(042) 3360272', 'cell': '(06) 20808550', 'id': {'name': 'BSN', 'value': '59106229'}, 'picture': {'large': 'https://randomuser.me/api/portraits/women/45.jpg', 'medium': 'https://randomuser.me/api/portraits/med/women/45.jpg', 'thumbnail': 'https://randomuser.me/api/portraits/thumb/women/45.jpg'}, 'nat': 'NL'}</msg>
<arg>${json_data['results'][0]}</arg>
<doc>Logs the given message with the given level.</doc>
<status status="PASS" start="2024-05-05T04:17:50.747772" elapsed="0.000413"/>
</kw>
<kw name="Log" owner="BuiltIn">
<msg time="2024-05-05T04:17:50.748608" level="INFO">gender</msg>
<arg>${key}</arg>
<doc>Logs the given message with the given level.</doc>
<status status="PASS" start="2024-05-05T04:17:50.748479" elapsed="0.000166"/>
</kw>
<var name="${key}">gender</var>
<status status="PASS" start="2024-05-05T04:17:50.746902" elapsed="0.001956"/>
</iter>
<iter>
<kw name="Dictionary Should Contain Key" owner="Collections">
<msg time="2024-05-05T04:17:50.749584" level="INFO">False</msg>
<arg>${json_data['results'][0]}</arg>
<arg>${key}</arg>
<doc>Fails if ``key`` is not found from ``dictionary``.</doc>
<status status="PASS" start="2024-05-05T04:17:50.749191" elapsed="0.000430"/>
</kw>
<kw name="Log" owner="BuiltIn">
<msg time="2024-05-05T04:17:50.750316" level="INFO">{'gender': 'female', 'name': {'title': 'Miss', 'first': 'Riekje', 'last': 'Krikken'}, 'location': {'street': {'number': 3908, 'name': 'Bonifatiuslaan'}, 'city': 'Lathum', 'state': 'Gelderland', 'country': 'Netherlands', 'postcode': '6647 VY', 'coordinates': {'latitude': '33.5365', 'longitude': '25.3074'}, 'timezone': {'offset': '-1:00', 'description': 'Azores, Cape Verde Islands'}}, 'email': 'riekje.krikken@example.com', 'login': {'uuid': 'c6066274-3928-48bf-b032-2eb976445a14', 'username': 'blackdog922', 'password': 'butthole', 'salt': 'JkGFR8Da', 'md5': 'af735aac2f3880f333ed1f68e00730fb', 'sha1': 'a5083a8466a48fc7d7c0f575e67c35eb9f7cf17f', 'sha256': '7a3bb2684208c314ca8c8306a7a334cce4ced2d9431d81a160b66953c750d814'}, 'dob': {'date': '1984-01-18T16:04:18.759Z', 'age': 40}, 'registered': {'date': '2014-05-02T16:00:17.242Z', 'age': 10}, 'phone': '(042) 3360272', 'cell': '(06) 20808550', 'id': {'name': 'BSN', 'value': '59106229'}, 'picture': {'large': 'https://randomuser.me/api/portraits/women/45.jpg', 'medium': 'https://randomuser.me/api/portraits/med/women/45.jpg', 'thumbnail': 'https://randomuser.me/api/portraits/thumb/women/45.jpg'}, 'nat': 'NL'}</msg>
<arg>${json_data['results'][0]}</arg>
<doc>Logs the given message with the given level.</doc>
<status status="PASS" start="2024-05-05T04:17:50.749951" elapsed="0.000413"/>
</kw>
<kw name="Log" owner="BuiltIn">
<msg time="2024-05-05T04:17:50.750784" level="INFO">name</msg>
<arg>${key}</arg>
<doc>Logs the given message with the given level.</doc>
<status status="PASS" start="2024-05-05T04:17:50.750658" elapsed="0.000164"/>
</kw>
<var name="${key}">name</var>
<status status="PASS" start="2024-05-05T04:17:50.749075" elapsed="0.001959"/>
</iter>
<iter>
<kw name="Dictionary Should Contain Key" owner="Collections">
<msg time="2024-05-05T04:17:50.751708" level="INFO">False</msg>
<arg>${json_data['results'][0]}</arg>
<arg>${key}</arg>
<doc>Fails if ``key`` is not found from ``dictionary``.</doc>
<status status="PASS" start="2024-05-05T04:17:50.751325" elapsed="0.000420"/>
</kw>
<kw name="Log" owner="BuiltIn">
<msg time="2024-05-05T04:17:50.752400" level="INFO">{'gender': 'female', 'name': {'title': 'Miss', 'first': 'Riekje', 'last': 'Krikken'}, 'location': {'street': {'number': 3908, 'name': 'Bonifatiuslaan'}, 'city': 'Lathum', 'state': 'Gelderland', 'country': 'Netherlands', 'postcode': '6647 VY', 'coordinates': {'latitude': '33.5365', 'longitude': '25.3074'}, 'timezone': {'offset': '-1:00', 'description': 'Azores, Cape Verde Islands'}}, 'email': 'riekje.krikken@example.com', 'login': {'uuid': 'c6066274-3928-48bf-b032-2eb976445a14', 'username': 'blackdog922', 'password': 'butthole', 'salt': 'JkGFR8Da', 'md5': 'af735aac2f3880f333ed1f68e00730fb', 'sha1': 'a5083a8466a48fc7d7c0f575e67c35eb9f7cf17f', 'sha256': '7a3bb2684208c314ca8c8306a7a334cce4ced2d9431d81a160b66953c750d814'}, 'dob': {'date': '1984-01-18T16:04:18.759Z', 'age': 40}, 'registered': {'date': '2014-05-02T16:00:17.242Z', 'age': 10}, 'phone': '(042) 3360272', 'cell': '(06) 20808550', 'id': {'name': 'BSN', 'value': '59106229'}, 'picture': {'large': 'https://randomuser.me/api/portraits/women/45.jpg', 'medium': 'https://randomuser.me/api/portraits/med/women/45.jpg', 'thumbnail': 'https://randomuser.me/api/portraits/thumb/women/45.jpg'}, 'nat': 'NL'}</msg>
<arg>${json_data['results'][0]}</arg>
<doc>Logs the given message with the given level.</doc>
<status status="PASS" start="2024-05-05T04:17:50.752039" elapsed="0.000407"/>
</kw>
<kw name="Log" owner="BuiltIn">
<msg time="2024-05-05T04:17:50.752865" level="INFO">location</msg>
<arg>${key}</arg>
<doc>Logs the given message with the given level.</doc>
<status status="PASS" start="2024-05-05T04:17:50.752740" elapsed="0.000193"/>
</kw>
<var name="${key}">location</var>
<status status="PASS" start="2024-05-05T04:17:50.751214" elapsed="0.001945"/>
</iter>
<iter>
<kw name="Dictionary Should Contain Key" owner="Collections">
<msg time="2024-05-05T04:17:50.753830" level="INFO">False</msg>
<arg>${json_data['results'][0]}</arg>
<arg>${key}</arg>
<doc>Fails if ``key`` is not found from ``dictionary``.</doc>
<status status="PASS" start="2024-05-05T04:17:50.753446" elapsed="0.000421"/>
</kw>
<kw name="Log" owner="BuiltIn">
<msg time="2024-05-05T04:17:50.754517" level="INFO">{'gender': 'female', 'name': {'title': 'Miss', 'first': 'Riekje', 'last': 'Krikken'}, 'location': {'street': {'number': 3908, 'name': 'Bonifatiuslaan'}, 'city': 'Lathum', 'state': 'Gelderland', 'country': 'Netherlands', 'postcode': '6647 VY', 'coordinates': {'latitude': '33.5365', 'longitude': '25.3074'}, 'timezone': {'offset': '-1:00', 'description': 'Azores, Cape Verde Islands'}}, 'email': 'riekje.krikken@example.com', 'login': {'uuid': 'c6066274-3928-48bf-b032-2eb976445a14', 'username': 'blackdog922', 'password': 'butthole', 'salt': 'JkGFR8Da', 'md5': 'af735aac2f3880f333ed1f68e00730fb', 'sha1': 'a5083a8466a48fc7d7c0f575e67c35eb9f7cf17f', 'sha256': '7a3bb2684208c314ca8c8306a7a334cce4ced2d9431d81a160b66953c750d814'}, 'dob': {'date': '1984-01-18T16:04:18.759Z', 'age': 40}, 'registered': {'date': '2014-05-02T16:00:17.242Z', 'age': 10}, 'phone': '(042) 3360272', 'cell': '(06) 20808550', 'id': {'name': 'BSN', 'value': '59106229'}, 'picture': {'large': 'https://randomuser.me/api/portraits/women/45.jpg', 'medium': 'https://randomuser.me/api/portraits/med/women/45.jpg', 'thumbnail': 'https://randomuser.me/api/portraits/thumb/women/45.jpg'}, 'nat': 'NL'}</msg>
<arg>${json_data['results'][0]}</arg>
<doc>Logs the given message with the given level.</doc>
<status status="PASS" start="2024-05-05T04:17:50.754162" elapsed="0.000402"/>
</kw>
<kw name="Log" owner="BuiltIn">
<msg time="2024-05-05T04:17:50.754977" level="INFO">email</msg>
<arg>${key}</arg>
<doc>Logs the given message with the given level.</doc>
<status status="PASS" start="2024-05-05T04:17:50.754852" elapsed="0.000161"/>
</kw>
<var name="${key}">email</var>
<status status="PASS" start="2024-05-05T04:17:50.753334" elapsed="0.001893"/>
</iter>
<iter>
<kw name="Dictionary Should Contain Key" owner="Collections">
<msg time="2024-05-05T04:17:50.755901" level="INFO">False</msg>
<arg>${json_data['results'][0]}</arg>
<arg>${key}</arg>
<doc>Fails if ``key`` is not found from ``dictionary``.</doc>
<status status="PASS" start="2024-05-05T04:17:50.755513" elapsed="0.000425"/>
</kw>
<kw name="Log" owner="BuiltIn">
<msg time="2024-05-05T04:17:50.756589" level="INFO">{'gender': 'female', 'name': {'title': 'Miss', 'first': 'Riekje', 'last': 'Krikken'}, 'location': {'street': {'number': 3908, 'name': 'Bonifatiuslaan'}, 'city': 'Lathum', 'state': 'Gelderland', 'country': 'Netherlands', 'postcode': '6647 VY', 'coordinates': {'latitude': '33.5365', 'longitude': '25.3074'}, 'timezone': {'offset': '-1:00', 'description': 'Azores, Cape Verde Islands'}}, 'email': 'riekje.krikken@example.com', 'login': {'uuid': 'c6066274-3928-48bf-b032-2eb976445a14', 'username': 'blackdog922', 'password': 'butthole', 'salt': 'JkGFR8Da', 'md5': 'af735aac2f3880f333ed1f68e00730fb', 'sha1': 'a5083a8466a48fc7d7c0f575e67c35eb9f7cf17f', 'sha256': '7a3bb2684208c314ca8c8306a7a334cce4ced2d9431d81a160b66953c750d814'}, 'dob': {'date': '1984-01-18T16:04:18.759Z', 'age': 40}, 'registered': {'date': '2014-05-02T16:00:17.242Z', 'age': 10}, 'phone': '(042) 3360272', 'cell': '(06) 20808550', 'id': {'name': 'BSN', 'value': '59106229'}, 'picture': {'large': 'https://randomuser.me/api/portraits/women/45.jpg', 'medium': 'https://randomuser.me/api/portraits/med/women/45.jpg', 'thumbnail': 'https://randomuser.me/api/portraits/thumb/women/45.jpg'}, 'nat': 'NL'}</msg>
<arg>${json_data['results'][0]}</arg>
<doc>Logs the given message with the given level.</doc>
<status status="PASS" start="2024-05-05T04:17:50.756234" elapsed="0.000402"/>
</kw>
<kw name="Log" owner="BuiltIn">
<msg time="2024-05-05T04:17:50.757089" level="INFO">login</msg>
<arg>${key}</arg>
<doc>Logs the given message with the given level.</doc>
<status status="PASS" start="2024-05-05T04:17:50.756958" elapsed="0.000169"/>
</kw>
<var name="${key}">login</var>
<status status="PASS" start="2024-05-05T04:17:50.755401" elapsed="0.001964"/>
</iter>
<var>${key}</var>
<value>@{expected_keys}</value>
<status status="PASS" start="2024-05-05T04:17:50.746723" elapsed="0.010768"/>
</for>
<kw name="Create List" owner="BuiltIn">
<msg time="2024-05-05T04:17:50.757819" level="INFO">${expected_keysTwo} = ['username', 'password']</msg>
<var>${expected_keysTwo}</var>
<arg>username</arg>
<arg>password</arg>
<doc>Returns a list containing given items.</doc>
<status status="PASS" start="2024-05-05T04:17:50.757684" elapsed="0.000159"/>
</kw>
<for flavor="IN">
<iter>
<kw name="Dictionary Should Contain Key" owner="Collections">
<msg time="2024-05-05T04:17:50.758732" level="INFO">False</msg>
<arg>${json_data['results'][0]['login']}</arg>
<arg>${keyTwo}</arg>
<doc>Fails if ``key`` is not found from ``dictionary``.</doc>
<status status="PASS" start="2024-05-05T04:17:50.758337" elapsed="0.000432"/>
</kw>
<kw name="Dictionary Should Contain Key" owner="Collections">
<msg time="2024-05-05T04:17:50.759451" level="INFO">False</msg>
<arg>${json_data['results'][0]['login']}</arg>
<arg>${keyTwo}</arg>
<doc>Fails if ``key`` is not found from ``dictionary``.</doc>
<status status="PASS" start="2024-05-05T04:17:50.759064" elapsed="0.000430"/>
</kw>
<kw name="Log" owner="BuiltIn">
<msg time="2024-05-05T04:17:50.759911" level="INFO">username</msg>
<arg>${keyTwo}</arg>
<doc>Logs the given message with the given level.</doc>
<status status="PASS" start="2024-05-05T04:17:50.759785" elapsed="0.000168"/>
</kw>
<var name="${keyTwo}">username</var>
<status status="PASS" start="2024-05-05T04:17:50.758228" elapsed="0.001941"/>
</iter>
<iter>
<kw name="Dictionary Should Contain Key" owner="Collections">
<msg time="2024-05-05T04:17:50.760835" level="INFO">False</msg>
<arg>${json_data['results'][0]['login']}</arg>
<arg>${keyTwo}</arg>
<doc>Fails if ``key`` is not found from ``dictionary``.</doc>
<status status="PASS" start="2024-05-05T04:17:50.760451" elapsed="0.000421"/>
</kw>
<kw name="Dictionary Should Contain Key" owner="Collections">
<msg time="2024-05-05T04:17:50.761671" level="INFO">False</msg>
<arg>${json_data['results'][0]['login']}</arg>
<arg>${keyTwo}</arg>
<doc>Fails if ``key`` is not found from ``dictionary``.</doc>
<status status="PASS" start="2024-05-05T04:17:50.761202" elapsed="0.000508"/>
</kw>
<kw name="Log" owner="BuiltIn">
<msg time="2024-05-05T04:17:50.762136" level="INFO">password</msg>
<arg>${keyTwo}</arg>
<doc>Logs the given message with the given level.</doc>
<status status="PASS" start="2024-05-05T04:17:50.762007" elapsed="0.000167"/>
</kw>
<var name="${keyTwo}">password</var>
<status status="PASS" start="2024-05-05T04:17:50.760340" elapsed="0.002052"/>
</iter>
<var>${keyTwo}</var>
<value>@{expected_keysTwo}</value>
<status status="PASS" start="2024-05-05T04:17:50.758079" elapsed="0.004435"/>
</for>
<status status="PASS" start="2024-05-05T04:17:50.633703" elapsed="0.128949"/>
</kw>
<doc>Testa a estrutura da resposta da API.</doc>
<tag>testeEstruturaResposta</tag>
<status status="PASS" start="2024-05-05T04:17:50.633234" elapsed="0.129564"/>
</test>
<test id="s1-s1-t4" name="Validar tipos de dados" line="28">
<kw name="Teste de Tipos de Dados" owner="random-user-service">
<kw name="GET On Session" owner="RequestsLibrary">
<msg time="2024-05-05T04:17:50.831198" level="INFO">GET Request : url=https://randomuser.me/api 
 path_url=/api 
 headers={'User-Agent': 'python-requests/2.31.0', 'Accept-Encoding': 'gzip, deflate', 'Accept': '*/*', 'Connection': 'keep-alive'} 
 body=None 
 </msg>
<msg time="2024-05-05T04:17:50.831272" level="INFO">GET Response : url=https://randomuser.me/api 
 status=200, reason=OK 
 headers={'Date': 'Sun, 05 May 2024 04:17:50 GMT', 'Content-Type': 'application/json; charset=utf-8', 'Transfer-Encoding': 'chunked', 'Connection': 'keep-alive', 'X-Powered-By': 'Express', 'Access-Control-Allow-Origin': '*', 'Cache-Control': 'no-cache', 'ETag': 'W/"47a-2FDorxnaDnBFtQHyG1U42A4rPnE"', 'Vary': 'Accept-Encoding', 'Content-Encoding': 'gzip', 'CF-Cache-Status': 'DYNAMIC', 'Report-To': '{"endpoints":[{"url":"https:\\/\\/a.nel.cloudflare.com\\/report\\/v4?s=jTRZcfTkTs3%2F0JWMtLQ3nxaZ8drVLdnisZEUghsDvOb0KxbZclTDBxwdQuQFcEensz%2FzmymorcmCSn10rtwTjTkn7lcZc7zyK9b3CR3ZJuzPirQxd4h2ykzxT8TpVD5Z"}],"group":"cf-nel","max_age":604800}', 'NEL': '{"success_fraction":0,"report_to":"cf-nel","max_age":604800}', 'Server': 'cloudflare', 'CF-RAY': '87edec544c592034-IAD', 'alt-svc': 'h3=":443"; ma=86400'} 
 body={"results":[{"gender":"male","name":{"title":"Mr","first":"Siard","last":"Samson"},"location":{"street":{"number":7314,"name":"Delfstoffenweg"},"city":"Eemster","state":"Zeeland","country":"Netherlands","postcode":"8057 GT","coordinates":{"latitude":"37.7919","longitude":"-43.2068"},"timezone":{"offset":"-3:30","description":"Newfoundland"}},"email":"siard.samson@example.com","login":{"uuid":"d95b63ee-349a-4767-b4e3-4e13d8d69463","username":"whiteduck348","password":"darkange","salt":"oqLOEAE9","md5":"06ac123b8317b6664bff6517ca3cdd59","sha1":"c17830f4b1b1da16cb1e0065d7de16bd573742c3","sha256":"b89014848f9849fad8c98bdbf70a94122e7a0ab0e3e4ec9bf9571c996249e320"},"dob":{"date":"1996-06-23T15:24:07.529Z","age":27},"registered":{"date":"2004-08-29T04:53:20.598Z","age":19},"phone":"(085) 8362424","cell":"(06) 41747722","id":{"name":"BSN","value":"21590950"},"picture":{"large":"https://randomuser.me/api/portraits/men/23.jpg","medium":"https://randomuser.me/api/portraits/med/men/23.jpg","thumbnail":"https://randomuser.me/api/portraits/thumb/men/23.jpg"},"nat":"NL"}],"info":{"seed":"c5c19bf1808917c0","results":1,"page":1,"version":"1.4"}} 
 </msg>
<msg time="2024-05-05T04:17:50.831330" level="INFO">/opt/hostedtoolcache/Python/3.12.3/x64/lib/python3.12/site-packages/urllib3/connectionpool.py:1103: InsecureRequestWarning: Unverified HTTPS request is being made to host 'randomuser.me'. Adding certificate verification is strongly advised. See: https://urllib3.readthedocs.io/en/latest/advanced-usage.html#tls-warnings
  warnings.warn(</msg>
<msg time="2024-05-05T04:17:50.831418" level="INFO">${response} = &lt;Response [200]&gt;</msg>
<var>${response}</var>
<arg>consultarAPI</arg>
<arg>/api</arg>
<doc>Sends a GET request on a previously created HTTP Session.</doc>
<status status="PASS" start="2024-05-05T04:17:50.765221" elapsed="0.066238"/>
</kw>
<kw name="Set Variable" owner="BuiltIn">
<msg time="2024-05-05T04:17:50.832625" level="INFO">${json_data} = {'results': [{'gender': 'male', 'name': {'title': 'Mr', 'first': 'Siard', 'last': 'Samson'}, 'location': {'street': {'number': 7314, 'name': 'Delfstoffenweg'}, 'city': 'Eemster', 'state': 'Zeeland', '...</msg>
<var>${json_data}</var>
<arg>${response.json()}</arg>
<doc>Returns the given values which can then be assigned to a variables.</doc>
<status status="PASS" start="2024-05-05T04:17:50.831973" elapsed="0.000681"/>
</kw>
<kw name="Log" owner="BuiltIn">
<msg time="2024-05-05T04:17:50.833154" level="INFO">{'results': [{'gender': 'male', 'name': {'title': 'Mr', 'first': 'Siard', 'last': 'Samson'}, 'location': {'street': {'number': 7314, 'name': 'Delfstoffenweg'}, 'city': 'Eemster', 'state': 'Zeeland', 'country': 'Netherlands', 'postcode': '8057 GT', 'coordinates': {'latitude': '37.7919', 'longitude': '-43.2068'}, 'timezone': {'offset': '-3:30', 'description': 'Newfoundland'}}, 'email': 'siard.samson@example.com', 'login': {'uuid': 'd95b63ee-349a-4767-b4e3-4e13d8d69463', 'username': 'whiteduck348', 'password': 'darkange', 'salt': 'oqLOEAE9', 'md5': '06ac123b8317b6664bff6517ca3cdd59', 'sha1': 'c17830f4b1b1da16cb1e0065d7de16bd573742c3', 'sha256': 'b89014848f9849fad8c98bdbf70a94122e7a0ab0e3e4ec9bf9571c996249e320'}, 'dob': {'date': '1996-06-23T15:24:07.529Z', 'age': 27}, 'registered': {'date': '2004-08-29T04:53:20.598Z', 'age': 19}, 'phone': '(085) 8362424', 'cell': '(06) 41747722', 'id': {'name': 'BSN', 'value': '21590950'}, 'picture': {'large': 'https://randomuser.me/api/portraits/men/23.jpg', 'medium': 'https://randomuser.me/api/portraits/med/men/23.jpg', 'thumbnail': 'https://randomuser.me/api/portraits/thumb/men/23.jpg'}, 'nat': 'NL'}], 'info': {'seed': 'c5c19bf1808917c0', 'results': 1, 'page': 1, 'version': '1.4'}}</msg>
<arg>${json_data}</arg>
<doc>Logs the given message with the given level.</doc>
<status status="PASS" start="2024-05-05T04:17:50.832997" elapsed="0.000240"/>
</kw>
<kw name="Should Be String" owner="String">
<arg>${json_data['results'][0]['gender']}</arg>
<doc>Fails if the given ``item`` is not a string.</doc>
<status status="PASS" start="2024-05-05T04:17:50.833538" elapsed="0.000367"/>
</kw>
<kw name="Should Match Regexp" owner="BuiltIn">
<arg>${json_data['results'][0]['email']}</arg>
<arg>^[a-zA-Z0-9._%+-]+@[a-zA-Z0-9.-]+\.[a-zA-Z]{2,}$</arg>
<doc>Fails if ``string`` does not match ``pattern`` as a regular expression.</doc>
<status status="PASS" start="2024-05-05T04:17:50.834104" elapsed="0.000484"/>
</kw>
<kw name="Should Match Regexp" owner="BuiltIn">
<arg>${json_data['results'][0]['dob']['date']}</arg>
<arg>\\d{4}-\\d{2}-\\d{2}T\\d{2}:\\d{2}:\\d{2}\\.\\d{3}Z</arg>
<doc>Fails if ``string`` does not match ``pattern`` as a regular expression.</doc>
<status status="PASS" start="2024-05-05T04:17:50.834780" elapsed="0.000482"/>
</kw>
<kw name="Should Match Regexp" owner="BuiltIn">
<arg>${json_data['results'][0]['registered']['date']}</arg>
<arg>\\d{4}-\\d{2}-\\d{2}T\\d{2}:\\d{2}:\\d{2}\\.\\d{3}Z</arg>
<doc>Fails if ``string`` does not match ``pattern`` as a regular expression.</doc>
<status status="PASS" start="2024-05-05T04:17:50.835452" elapsed="0.000362"/>
</kw>
<kw name="Should Match Regexp" owner="BuiltIn">
<arg>${json_data['results'][0]['picture']['large']}</arg>
<arg>^https?://.*\.(?:png|jpe?g|gif|bmp)$</arg>
<doc>Fails if ``string`` does not match ``pattern`` as a regular expression.</doc>
<status status="PASS" start="2024-05-05T04:17:50.835999" elapsed="0.000449"/>
</kw>
<kw name="Should Match Regexp" owner="BuiltIn">
<arg>${json_data['results'][0]['picture']['medium']}</arg>
<arg>^https?://.*\.(?:png|jpe?g|gif|bmp)$</arg>
<doc>Fails if ``string`` does not match ``pattern`` as a regular expression.</doc>
<status status="PASS" start="2024-05-05T04:17:50.836658" elapsed="0.000387"/>
</kw>
<kw name="Should Match Regexp" owner="BuiltIn">
<arg>${json_data['results'][0]['picture']['thumbnail']}</arg>
<arg>^https?://.*\.(?:png|jpe?g|gif|bmp)$</arg>
<doc>Fails if ``string`` does not match ``pattern`` as a regular expression.</doc>
<status status="PASS" start="2024-05-05T04:17:50.837236" elapsed="0.000357"/>
</kw>
<kw name="Log" owner="BuiltIn">
<msg time="2024-05-05T04:17:50.838135" level="INFO">{'large': 'https://randomuser.me/api/portraits/men/23.jpg', 'medium': 'https://randomuser.me/api/portraits/med/men/23.jpg', 'thumbnail': 'https://randomuser.me/api/portraits/thumb/men/23.jpg'}</msg>
<arg>${json_data['results'][0]['picture']}</arg>
<doc>Logs the given message with the given level.</doc>
<status status="PASS" start="2024-05-05T04:17:50.837809" elapsed="0.000368"/>
</kw>
<status status="PASS" start="2024-05-05T04:17:50.764989" elapsed="0.073440"/>
</kw>
<kw name="Teste de Tipos de Dados - Postcode" owner="random-user-service">
<kw name="GET On Session" owner="RequestsLibrary">
<msg time="2024-05-05T04:17:50.932696" level="INFO">GET Request : url=https://randomuser.me/api 
 path_url=/api 
 headers={'User-Agent': 'python-requests/2.31.0', 'Accept-Encoding': 'gzip, deflate', 'Accept': '*/*', 'Connection': 'keep-alive'} 
 body=None 
 </msg>
<msg time="2024-05-05T04:17:50.932778" level="INFO">GET Response : url=https://randomuser.me/api 
 status=200, reason=OK 
 headers={'Date': 'Sun, 05 May 2024 04:17:50 GMT', 'Content-Type': 'application/json; charset=utf-8', 'Transfer-Encoding': 'chunked', 'Connection': 'keep-alive', 'X-Powered-By': 'Express', 'Access-Control-Allow-Origin': '*', 'Cache-Control': 'no-cache', 'ETag': 'W/"46b-Unegk+utWO5FZGR9hBsu9EqQimk"', 'Vary': 'Accept-Encoding', 'Content-Encoding': 'gzip', 'CF-Cache-Status': 'DYNAMIC', 'Report-To': '{"endpoints":[{"url":"https:\\/\\/a.nel.cloudflare.com\\/report\\/v4?s=OYwKiQ4kryuRH%2FXC5NypaxtwyzQsiWa%2B%2Fp0U1kGxBhnhU%2BSWWCgFPtqPG1B5S9oqRazXl%2FsEs8Nks9Rmv9gfzSOrfHsSOBAbwBllOu%2FtLXg%2BIVN0WGwXGxHeLFZ%2BYpnc"}],"group":"cf-nel","max_age":604800}', 'NEL': '{"success_fraction":0,"report_to":"cf-nel","max_age":604800}', 'Server': 'cloudflare', 'CF-RAY': '87edec54ccc72034-IAD', 'alt-svc': 'h3=":443"; ma=86400'} 
 body={"results":[{"gender":"female","name":{"title":"Mrs","first":"Gül","last":"Orbay"},"location":{"street":{"number":9744,"name":"Doktorlar Cd"},"city":"Bingöl","state":"Ankara","country":"Turkey","postcode":99713,"coordinates":{"latitude":"66.0503","longitude":"99.5792"},"timezone":{"offset":"-2:00","description":"Mid-Atlantic"}},"email":"gul.orbay@example.com","login":{"uuid":"7a66f221-f91e-4273-b0e2-18e33d731993","username":"blackbutterfly568","password":"tuna","salt":"Kg6iDpob","md5":"b8c865364d9ac5830347bbadd5b0df84","sha1":"3606da2d190adb9e4d91805a0c9a294397efeae9","sha256":"62cb1b56e8572fda5a393df02b6cdc72ba4b013d1d3f60be2cb22938ab517337"},"dob":{"date":"1997-03-29T20:09:23.321Z","age":27},"registered":{"date":"2007-04-04T03:33:12.652Z","age":17},"phone":"(842)-156-2403","cell":"(452)-544-3514","id":{"name":"","value":null},"picture":{"large":"https://randomuser.me/api/portraits/women/22.jpg","medium":"https://randomuser.me/api/portraits/med/women/22.jpg","thumbnail":"https://randomuser.me/api/portraits/thumb/women/22.jpg"},"nat":"TR"}],"info":{"seed":"eff8ba3200832ef5","results":1,"page":1,"version":"1.4"}} 
 </msg>
<msg time="2024-05-05T04:17:50.932851" level="INFO">/opt/hostedtoolcache/Python/3.12.3/x64/lib/python3.12/site-packages/urllib3/connectionpool.py:1103: InsecureRequestWarning: Unverified HTTPS request is being made to host 'randomuser.me'. Adding certificate verification is strongly advised. See: https://urllib3.readthedocs.io/en/latest/advanced-usage.html#tls-warnings
  warnings.warn(</msg>
<msg time="2024-05-05T04:17:50.933017" level="INFO">${response} = &lt;Response [200]&gt;</msg>
<var>${response}</var>
<arg>consultarAPI</arg>
<arg>/api</arg>
<doc>Sends a GET request on a previously created HTTP Session.</doc>
<status status="PASS" start="2024-05-05T04:17:50.838852" elapsed="0.094219"/>
</kw>
<kw name="Set Variable" owner="BuiltIn">
<msg time="2024-05-05T04:17:50.934286" level="INFO">${json_data} = {'results': [{'gender': 'female', 'name': {'title': 'Mrs', 'first': 'Gül', 'last': 'Orbay'}, 'location': {'street': {'number': 9744, 'name': 'Doktorlar Cd'}, 'city': 'Bingöl', 'state': 'Ankara', 'coun...</msg>
<var>${json_data}</var>
<arg>${response.json()}</arg>
<doc>Returns the given values which can then be assigned to a variables.</doc>
<status status="PASS" start="2024-05-05T04:17:50.933634" elapsed="0.000688"/>
</kw>
<kw name="Log" owner="BuiltIn">
<msg time="2024-05-05T04:17:50.934787" level="INFO">{'results': [{'gender': 'female', 'name': {'title': 'Mrs', 'first': 'Gül', 'last': 'Orbay'}, 'location': {'street': {'number': 9744, 'name': 'Doktorlar Cd'}, 'city': 'Bingöl', 'state': 'Ankara', 'country': 'Turkey', 'postcode': 99713, 'coordinates': {'latitude': '66.0503', 'longitude': '99.5792'}, 'timezone': {'offset': '-2:00', 'description': 'Mid-Atlantic'}}, 'email': 'gul.orbay@example.com', 'login': {'uuid': '7a66f221-f91e-4273-b0e2-18e33d731993', 'username': 'blackbutterfly568', 'password': 'tuna', 'salt': 'Kg6iDpob', 'md5': 'b8c865364d9ac5830347bbadd5b0df84', 'sha1': '3606da2d190adb9e4d91805a0c9a294397efeae9', 'sha256': '62cb1b56e8572fda5a393df02b6cdc72ba4b013d1d3f60be2cb22938ab517337'}, 'dob': {'date': '1997-03-29T20:09:23.321Z', 'age': 27}, 'registered': {'date': '2007-04-04T03:33:12.652Z', 'age': 17}, 'phone': '(842)-156-2403', 'cell': '(452)-544-3514', 'id': {'name': '', 'value': None}, 'picture': {'large': 'https://randomuser.me/api/portraits/women/22.jpg', 'medium': 'https://randomuser.me/api/portraits/med/women/22.jpg', 'thumbnail': 'https://randomuser.me/api/portraits/thumb/women/22.jpg'}, 'nat': 'TR'}], 'info': {'seed': 'eff8ba3200832ef5', 'results': 1, 'page': 1, 'version': '1.4'}}</msg>
<arg>${json_data}</arg>
<doc>Logs the given message with the given level.</doc>
<status status="PASS" start="2024-05-05T04:17:50.934631" elapsed="0.000235"/>
</kw>
<kw name="Should Be Equal As Numbers" owner="BuiltIn">
<arg>${json_data['results'][0]['location']['postcode']}</arg>
<arg>${json_data['results'][0]['location']['postcode']}</arg>
<doc>Fails if objects are unequal after converting them to real numbers.</doc>
<status status="PASS" start="2024-05-05T04:17:50.935166" elapsed="0.000746"/>
</kw>
<kw name="Log" owner="BuiltIn">
<msg time="2024-05-05T04:17:50.936442" level="INFO">99713</msg>
<arg>${json_data['results'][0]['location']['postcode']}</arg>
<doc>Logs the given message with the given level.</doc>
<status status="PASS" start="2024-05-05T04:17:50.936106" elapsed="0.000377"/>
</kw>
<status status="PASS" start="2024-05-05T04:17:50.838637" elapsed="0.098094"/>
</kw>
<doc>Testa se os tipos de dados na resposta da API estão corretos.</doc>
<tag>testeTiposDados</tag>
<status status="PASS" start="2024-05-05T04:17:50.764543" elapsed="0.172343"/>
</test>
<test id="s1-s1-t5" name="Validar conteudo" line="35">
<kw name="Teste de Tipos de Conteudo" owner="random-user-service">
<kw name="GET On Session" owner="RequestsLibrary">
<msg time="2024-05-05T04:17:51.039054" level="INFO">GET Request : url=https://randomuser.me/api 
 path_url=/api 
 headers={'User-Agent': 'python-requests/2.31.0', 'Accept-Encoding': 'gzip, deflate', 'Accept': '*/*', 'Connection': 'keep-alive'} 
 body=None 
 </msg>
<msg time="2024-05-05T04:17:51.039116" level="INFO">GET Response : url=https://randomuser.me/api 
 status=200, reason=OK 
 headers={'Date': 'Sun, 05 May 2024 04:17:51 GMT', 'Content-Type': 'application/json; charset=utf-8', 'Transfer-Encoding': 'chunked', 'Connection': 'keep-alive', 'X-Powered-By': 'Express', 'Access-Control-Allow-Origin': '*', 'Cache-Control': 'no-cache', 'ETag': 'W/"474-jAdWXzWb9AVxR4Tj8fxtF13CYdE"', 'Vary': 'Accept-Encoding', 'Content-Encoding': 'gzip', 'CF-Cache-Status': 'DYNAMIC', 'Report-To': '{"endpoints":[{"url":"https:\\/\\/a.nel.cloudflare.com\\/report\\/v4?s=goW1jez8s26SRaCs8P99z3irF6lUkc%2Bz5%2FT7aV%2F6oyZuUmv77fjEf%2F%2FRFjkj7w6fQROZZiQ82rJHSWyE8CT9GL2bBvstVIXQbttSc4rMCgfo8v%2Bk9BkUWeKcXi7oOkWi"}],"group":"cf-nel","max_age":604800}', 'NEL': '{"success_fraction":0,"report_to":"cf-nel","max_age":604800}', 'Server': 'cloudflare', 'CF-RAY': '87edec556d492034-IAD', 'alt-svc': 'h3=":443"; ma=86400'} 
 body={"results":[{"gender":"male","name":{"title":"Mr","first":"Samuel","last":"Sagmo"},"location":{"street":{"number":750,"name":"Hareveien"},"city":"Korgen","state":"Telemark","country":"Norway","postcode":"1683","coordinates":{"latitude":"40.3550","longitude":"-170.7798"},"timezone":{"offset":"-8:00","description":"Pacific Time (US &amp; Canada)"}},"email":"samuel.sagmo@example.com","login":{"uuid":"cb2156c7-5eee-44af-9439-dbf32ed232b1","username":"bluemeercat866","password":"dontknow","salt":"t653sN8w","md5":"36f851b4d6a2f0b0fc2ba960dd654114","sha1":"2e5baf8777a4719031969fdfbb44848634ec1ec2","sha256":"7a4ffcb45a543947bd2ecc471b22fe06bc35588dbde98b50f781532438015f53"},"dob":{"date":"1986-05-09T03:41:48.581Z","age":37},"registered":{"date":"2022-05-10T10:15:38.182Z","age":1},"phone":"29811170","cell":"94502903","id":{"name":"FN","value":"09058645394"},"picture":{"large":"https://randomuser.me/api/portraits/men/21.jpg","medium":"https://randomuser.me/api/portraits/med/men/21.jpg","thumbnail":"https://randomuser.me/api/portraits/thumb/men/21.jpg"},"nat":"NO"}],"info":{"seed":"9f6c94805f841800","results":1,"page":1,"version":"1.4"}} 
 </msg>
<msg time="2024-05-05T04:17:51.039173" level="INFO">/opt/hostedtoolcache/Python/3.12.3/x64/lib/python3.12/site-packages/urllib3/connectionpool.py:1103: InsecureRequestWarning: Unverified HTTPS request is being made to host 'randomuser.me'. Adding certificate verification is strongly advised. See: https://urllib3.readthedocs.io/en/latest/advanced-usage.html#tls-warnings
  warnings.warn(</msg>
<msg time="2024-05-05T04:17:51.039256" level="INFO">${response} = &lt;Response [200]&gt;</msg>
<var>${response}</var>
<arg>consultarAPI</arg>
<arg>/api</arg>
<doc>Sends a GET request on a previously created HTTP Session.</doc>
<status status="PASS" start="2024-05-05T04:17:50.939322" elapsed="0.099966"/>
</kw>
<kw name="Set Variable" owner="BuiltIn">
<msg time="2024-05-05T04:17:51.040075" level="INFO">${json_data} = {'results': [{'gender': 'male', 'name': {'title': 'Mr', 'first': 'Samuel', 'last': 'Sagmo'}, 'location': {'street': {'number': 750, 'name': 'Hareveien'}, 'city': 'Korgen', 'state': 'Telemark', 'countr...</msg>
<var>${json_data}</var>
<arg>${response.json()}</arg>
<doc>Returns the given values which can then be assigned to a variables.</doc>
<status status="PASS" start="2024-05-05T04:17:51.039654" elapsed="0.000448"/>
</kw>
<kw name="Set Variable" owner="BuiltIn">
<msg time="2024-05-05T04:17:51.040772" level="INFO">${name_title} = Mr</msg>
<var>${name_title}</var>
<arg>${json_data["results"][0]["name"]["title"]}</arg>
<doc>Returns the given values which can then be assigned to a variables.</doc>
<status status="PASS" start="2024-05-05T04:17:51.040397" elapsed="0.000399"/>
</kw>
<kw name="Create List" owner="BuiltIn">
<msg time="2024-05-05T04:17:51.041294" level="INFO">${allowed_titles} = ['Mr', 'Ms', 'Miss', 'Mrs', 'Madame', 'Monsieur']</msg>
<var>${allowed_titles}</var>
<arg>Mr</arg>
<arg>Ms</arg>
<arg>Miss</arg>
<arg>Mrs</arg>
<arg>Madame</arg>
<arg>Monsieur</arg>
<doc>Returns a list containing given items.</doc>
<status status="PASS" start="2024-05-05T04:17:51.041146" elapsed="0.000172"/>
</kw>
<kw name="List Should Contain Value" owner="Collections">
<msg time="2024-05-05T04:17:51.041777" level="INFO">False</msg>
<arg>${allowed_titles}</arg>
<arg>${name_title}</arg>
<doc>Fails if the ``value`` is not found from ``list``.</doc>
<status status="PASS" start="2024-05-05T04:17:51.041612" elapsed="0.000200"/>
</kw>
<kw name="Set Variable" owner="BuiltIn">
<msg time="2024-05-05T04:17:51.042482" level="INFO">${name_country} = NO</msg>
<var>${name_country}</var>
<arg>${json_data["results"][0]["nat"]}</arg>
<doc>Returns the given values which can then be assigned to a variables.</doc>
<status status="PASS" start="2024-05-05T04:17:51.042101" elapsed="0.000406"/>
</kw>
<kw name="Create List" owner="BuiltIn">
<msg time="2024-05-05T04:17:51.043394" level="INFO">${list_country} = ['AD', 'AE', 'AF', 'AG', 'AI', 'AL', 'AM', 'AO', 'AQ', 'AR', 'AS', 'AT', 'AU', 'AW', 'AX', 'AZ', 'BA', 'BB', 'BD', 'BE', 'BF', 'BG', 'BH', 'BI', 'BJ', 'BL', 'BM', 'BN', 'BO', 'BQ', 'BR', 'BS', 'BT', '...</msg>
<var>${list_country}</var>
<arg>AD</arg>
<arg>AE</arg>
<arg>AF</arg>
<arg>AG</arg>
<arg>AI</arg>
<arg>AL</arg>
<arg>AM</arg>
<arg>AO</arg>
<arg>AQ</arg>
<arg>AR</arg>
<arg>AS</arg>
<arg>AT</arg>
<arg>AU</arg>
<arg>AW</arg>
<arg>AX</arg>
<arg>AZ</arg>
<arg>BA</arg>
<arg>BB</arg>
<arg>BD</arg>
<arg>BE</arg>
<arg>BF</arg>
<arg>BG</arg>
<arg>BH</arg>
<arg>BI</arg>
<arg>BJ</arg>
<arg>BL</arg>
<arg>BM</arg>
<arg>BN</arg>
<arg>BO</arg>
<arg>BQ</arg>
<arg>BR</arg>
<arg>BS</arg>
<arg>BT</arg>
<arg>BV</arg>
<arg>BW</arg>
<arg>BY</arg>
<arg>BZ</arg>
<arg>CA</arg>
<arg>CC</arg>
<arg>CD</arg>
<arg>CF</arg>
<arg>CG</arg>
<arg>CH</arg>
<arg>CI</arg>
<arg>CK</arg>
<arg>CL</arg>
<arg>CM</arg>
<arg>CN</arg>
<arg>CO</arg>
<arg>CR</arg>
<arg>CU</arg>
<arg>CV</arg>
<arg>CW</arg>
<arg>CX</arg>
<arg>CY</arg>
<arg>CZ</arg>
<arg>DE</arg>
<arg>DJ</arg>
<arg>DK</arg>
<arg>DM</arg>
<arg>DO</arg>
<arg>DZ</arg>
<arg>EC</arg>
<arg>EE</arg>
<arg>EG</arg>
<arg>EH</arg>
<arg>ER</arg>
<arg>ES</arg>
<arg>ET</arg>
<arg>FI</arg>
<arg>FJ</arg>
<arg>FK</arg>
<arg>FM</arg>
<arg>FO</arg>
<arg>FR</arg>
<arg>GA</arg>
<arg>GB</arg>
<arg>GD</arg>
<arg>GE</arg>
<arg>GF</arg>
<arg>GG</arg>
<arg>GH</arg>
<arg>GI</arg>
<arg>GL</arg>
<arg>GM</arg>
<arg>GN</arg>
<arg>GP</arg>
<arg>GQ</arg>
<arg>GR</arg>
<arg>GS</arg>
<arg>GT</arg>
<arg>GU</arg>
<arg>GW</arg>
<arg>GY</arg>
<arg>HK</arg>
<arg>HM</arg>
<arg>HN</arg>
<arg>HR</arg>
<arg>HT</arg>
<arg>HU</arg>
<arg>ID</arg>
<arg>IE</arg>
<arg>IL</arg>
<arg>IM</arg>
<arg>IN</arg>
<arg>IO</arg>
<arg>IQ</arg>
<arg>IR</arg>
<arg>IS</arg>
<arg>IT</arg>
<arg>JE</arg>
<arg>JM</arg>
<arg>JO</arg>
<arg>JP</arg>
<arg>KE</arg>
<arg>KG</arg>
<arg>KH</arg>
<arg>KI</arg>
<arg>KM</arg>
<arg>KN</arg>
<arg>KP</arg>
<arg>KR</arg>
<arg>KW</arg>
<arg>KY</arg>
<arg>KZ</arg>
<arg>LA</arg>
<arg>LB</arg>
<arg>LC</arg>
<arg>LI</arg>
<arg>LK</arg>
<arg>LR</arg>
<arg>LS</arg>
<arg>LT</arg>
<arg>LU</arg>
<arg>LV</arg>
<arg>LY</arg>
<arg>MA</arg>
<arg>MC</arg>
<arg>MD</arg>
<arg>ME</arg>
<arg>MF</arg>
<arg>MG</arg>
<arg>MH</arg>
<arg>MK</arg>
<arg>ML</arg>
<arg>MM</arg>
<arg>MN</arg>
<arg>MO</arg>
<arg>MP</arg>
<arg>MQ</arg>
<arg>MR</arg>
<arg>MS</arg>
<arg>MT</arg>
<arg>MU</arg>
<arg>MV</arg>
<arg>MW</arg>
<arg>MX</arg>
<arg>MY</arg>
<arg>MZ</arg>
<arg>NA</arg>
<arg>NC</arg>
<arg>NE</arg>
<arg>NF</arg>
<arg>NG</arg>
<arg>NI</arg>
<arg>NL</arg>
<arg>NO</arg>
<arg>NP</arg>
<arg>NR</arg>
<arg>NU</arg>
<arg>NZ</arg>
<arg>OM</arg>
<arg>PA</arg>
<arg>PE</arg>
<arg>PF</arg>
<arg>PG</arg>
<arg>PH</arg>
<arg>PK</arg>
<arg>PL</arg>
<arg>PM</arg>
<arg>PN</arg>
<arg>PR</arg>
<arg>PS</arg>
<arg>PT</arg>
<arg>PW</arg>
<arg>PY</arg>
<arg>QA</arg>
<arg>RE</arg>
<arg>RO</arg>
<arg>RS</arg>
<arg>RU</arg>
<arg>RW</arg>
<arg>SA</arg>
<arg>SB</arg>
<arg>SC</arg>
<arg>SD</arg>
<arg>SE</arg>
<arg>SG</arg>
<arg>SH</arg>
<arg>SI</arg>
<arg>SJ</arg>
<arg>SK</arg>
<arg>SL</arg>
<arg>SM</arg>
<arg>SN</arg>
<arg>SO</arg>
<arg>SR</arg>
<arg>SS</arg>
<arg>ST</arg>
<arg>SV</arg>
<arg>SX</arg>
<arg>SY</arg>
<arg>SZ</arg>
<arg>TC</arg>
<arg>TD</arg>
<arg>TF</arg>
<arg>TG</arg>
<arg>TH</arg>
<arg>TJ</arg>
<arg>TK</arg>
<arg>TL</arg>
<arg>TM</arg>
<arg>TN</arg>
<arg>TO</arg>
<arg>TR</arg>
<arg>TT</arg>
<arg>TV</arg>
<arg>TW</arg>
<arg>TZ</arg>
<arg>UA</arg>
<arg>UG</arg>
<arg>UM</arg>
<arg>US</arg>
<arg>UY</arg>
<arg>UZ</arg>
<arg>VA</arg>
<arg>VC</arg>
<arg>VE</arg>
<arg>VG</arg>
<arg>VI</arg>
<arg>VN</arg>
<arg>VU</arg>
<arg>WF</arg>
<arg>WS</arg>
<arg>XK</arg>
<arg>YE</arg>
<arg>YT</arg>
<arg>ZA</arg>
<arg>ZM</arg>
<arg>ZW</arg>
<doc>Returns a list containing given items.</doc>
<status status="PASS" start="2024-05-05T04:17:51.042811" elapsed="0.000608"/>
</kw>
<kw name="List Should Contain Value" owner="Collections">
<msg time="2024-05-05T04:17:51.044405" level="INFO">False</msg>
<arg>${list_country}</arg>
<arg>${name_country}</arg>
<doc>Fails if the ``value`` is not found from ``list``.</doc>
<status status="PASS" start="2024-05-05T04:17:51.044205" elapsed="0.000236"/>
</kw>
<kw name="Run Keyword If" owner="BuiltIn">
<kw name="Should Be True" owner="BuiltIn">
<arg>${True}</arg>
<doc>Fails if the given condition is not true.</doc>
<status status="PASS" start="2024-05-05T04:17:51.045514" elapsed="0.000146"/>
</kw>
<arg>${json_data["results"][0]["location"]["coordinates"]["latitude"]} &gt;= -90 and ${json_data["results"][0]["location"]["coordinates"]["latitude"]} &lt;= 90</arg>
<arg>Should Be True</arg>
<arg>${True}</arg>
<doc>Runs the given keyword with the given arguments, if ``condition`` is true.</doc>
<status status="PASS" start="2024-05-05T04:17:51.044745" elapsed="0.001039"/>
</kw>
<kw name="Run Keyword If" owner="BuiltIn">
<kw name="Should Be True" owner="BuiltIn">
<arg>${True}</arg>
<doc>Fails if the given condition is not true.</doc>
<status status="PASS" start="2024-05-05T04:17:51.046665" elapsed="0.000252"/>
</kw>
<arg>${json_data["results"][0]["location"]["coordinates"]["longitude"]} &gt;= -180 and ${json_data["results"][0]["location"]["coordinates"]["longitude"]} &lt;= 180</arg>
<arg>Should Be True</arg>
<arg>${True}</arg>
<doc>Runs the given keyword with the given arguments, if ``condition`` is true.</doc>
<status status="PASS" start="2024-05-05T04:17:51.045970" elapsed="0.001073"/>
</kw>
<status status="PASS" start="2024-05-05T04:17:50.939104" elapsed="0.108063"/>
</kw>
<doc>Testa o conteúdo específico dos campos retornados pela API.</doc>
<tag>testeConteudo</tag>
<status status="PASS" start="2024-05-05T04:17:50.938676" elapsed="0.108630"/>
</test>
<status status="PASS" start="2024-05-05T04:17:50.242295" elapsed="0.806869"/>
</suite>
<status status="PASS" start="2024-05-05T04:17:50.228494" elapsed="0.825648"/>
</suite>
<statistics>
<total>
<stat pass="5" fail="0" skip="0">All Tests</stat>
</total>
<tag>
<stat pass="1" fail="0" skip="0">testeConteudo</stat>
<stat pass="1" fail="0" skip="0">testeEstruturaResposta</stat>
<stat pass="1" fail="0" skip="0">testeRequisicaoBasica</stat>
<stat pass="1" fail="0" skip="0">testeTiposDados</stat>
</tag>
<suite>
<stat pass="5" fail="0" skip="0" id="s1" name="Tests">Tests</stat>
<stat pass="5" fail="0" skip="0" id="s1-s1" name="Random-User-Test">Tests.Random-User-Test</stat>
</suite>
</statistics>
<errors>
</errors>
</robot>
