<?xml version="1.0" encoding="UTF-8"?>
<robot generator="Robot 7.0 (Python 3.12.3 on linux)" generated="2024-04-28T23:13:12.239568" rpa="false" schemaversion="5">
<suite id="s1" name="Tests" source="/home/runner/work/DesafioQAItauRogerioJordao/DesafioQAItauRogerioJordao/RamdonUser/tests">
<suite id="s1-s1" name="Random-User-Test" source="/home/runner/work/DesafioQAItauRogerioJordao/DesafioQAItauRogerioJordao/RamdonUser/tests/random-user-test.robot">
<test id="s1-s1-t1" name="Conectar" line="13">
<kw name="Conectar API" owner="random-user-service">
<kw name="Create Session" owner="RequestsLibrary">
<msg time="2024-04-28T23:13:12.613356" level="INFO">Creating Session using : alias=consultarAPI, url=https://randomuser.me/, headers={},                     cookies={}, auth=None, timeout=None, proxies=None, verify=False,                     debug=0 </msg>
<arg>consultarAPI</arg>
<arg>${URL}</arg>
<doc>Create Session: create a HTTP session to a server</doc>
<status status="PASS" start="2024-04-28T23:13:12.613150" elapsed="0.000393"/>
</kw>
<status status="PASS" start="2024-04-28T23:13:12.612123" elapsed="0.001787"/>
</kw>
<status status="PASS" start="2024-04-28T23:13:12.611483" elapsed="0.002625"/>
</test>
<test id="s1-s1-t2" name="Validar retorno 200 e JSON Válido" line="16">
<kw name="Teste de Requisicao Basica" owner="random-user-service">
<kw name="GET On Session" owner="RequestsLibrary">
<msg time="2024-04-28T23:13:12.695336" level="INFO">GET Request : url=https://randomuser.me/api 
 path_url=/api 
 headers={'User-Agent': 'python-requests/2.31.0', 'Accept-Encoding': 'gzip, deflate', 'Accept': '*/*', 'Connection': 'keep-alive'} 
 body=None 
 </msg>
<msg time="2024-04-28T23:13:12.695494" level="INFO">GET Response : url=https://randomuser.me/api 
 status=200, reason=OK 
 headers={'Date': 'Sun, 28 Apr 2024 23:13:12 GMT', 'Content-Type': 'application/json; charset=utf-8', 'Transfer-Encoding': 'chunked', 'Connection': 'keep-alive', 'X-Powered-By': 'Express', 'Access-Control-Allow-Origin': '*', 'Cache-Control': 'no-cache', 'ETag': 'W/"4b0-8CABj+Lq/9H0v4Bz+wTOlr6w4UQ"', 'Vary': 'Accept-Encoding', 'Content-Encoding': 'gzip', 'CF-Cache-Status': 'DYNAMIC', 'Report-To': '{"endpoints":[{"url":"https:\\/\\/a.nel.cloudflare.com\\/report\\/v4?s=c7muaZNFiLigs0OSvQ%2FSPKu9VwNbwjkaH4gTSetlY3HQQRKiKwo44DCEZHKK0p7NSLGd%2BblIcSLyy%2FulWS3FbmQ2YYdgF48riWhvRMvFUD%2BaKD2kEFA4q%2Bkq8VYqwj2X"}],"group":"cf-nel","max_age":604800}', 'NEL': '{"success_fraction":0,"report_to":"cf-nel","max_age":604800}', 'Server': 'cloudflare', 'CF-RAY': '87babdd61f4807fe-IAD', 'alt-svc': 'h3=":443"; ma=86400'} 
 body={"results":[{"gender":"female","name":{"title":"Ms","first":"Fena","last":"de Souza"},"location":{"street":{"number":2441,"name":"Avenida Vinícius de Morais"},"city":"Americana","state":"Mato Grosso","country":"Brazil","postcode":58502,"coordinates":{"latitude":"-77.1664","longitude":"89.7204"},"timezone":{"offset":"+10:00","description":"Eastern Australia, Guam, Vladivostok"}},"email":"fena.desouza@example.com","login":{"uuid":"55ff3106-8706-48f7-8b8e-885d634bc1db","username":"tinyleopard564","password":"liverpool","salt":"EdzG7EdR","md5":"db7446c1ddf37fe140cf972365759152","sha1":"7486a7df3714c31f312f6c71c7fee9f7e052ed53","sha256":"ac4bd35a50c834b065d3b508230634dc0eacfd7f56760877cb2aa0b3fb19e2b4"},"dob":{"date":"1965-01-27T05:21:08.593Z","age":59},"registered":{"date":"2019-10-19T13:06:28.157Z","age":4},"phone":"(22) 7708-7365","cell":"(56) 8903-1514","id":{"name":"CPF","value":"563.953.177-96"},"picture":{"large":"https://randomuser.me/api/portraits/women/37.jpg","medium":"https://randomuser.me/api/portraits/med/women/37.jpg","thumbnail":"https://randomuser.me/api/portraits/thumb/women/37.jpg"},"nat":"BR"}],"info":{"seed":"399ee0ad52a7dd9e","results":1,"page":1,"version":"1.4"}} 
 </msg>
<msg time="2024-04-28T23:13:12.695586" level="INFO">/opt/hostedtoolcache/Python/3.12.3/x64/lib/python3.12/site-packages/urllib3/connectionpool.py:1103: InsecureRequestWarning: Unverified HTTPS request is being made to host 'randomuser.me'. Adding certificate verification is strongly advised. See: https://urllib3.readthedocs.io/en/latest/advanced-usage.html#tls-warnings
  warnings.warn(</msg>
<msg time="2024-04-28T23:13:12.695751" level="INFO">${response} = &lt;Response [200]&gt;</msg>
<var>${response}</var>
<arg>consultarAPI</arg>
<arg>/api</arg>
<doc>Sends a GET request on a previously created HTTP Session.</doc>
<status status="PASS" start="2024-04-28T23:13:12.616838" elapsed="0.078959"/>
</kw>
<kw name="Should Be Equal As Numbers" owner="BuiltIn">
<msg time="2024-04-28T23:13:12.696845" level="INFO">Argument types are:
&lt;class 'int'&gt;
&lt;class 'str'&gt;</msg>
<arg>${response.status_code}</arg>
<arg>200</arg>
<doc>Fails if objects are unequal after converting them to real numbers.</doc>
<status status="PASS" start="2024-04-28T23:13:12.696337" elapsed="0.000575"/>
</kw>
<kw name="Log" owner="BuiltIn">
<msg time="2024-04-28T23:13:12.697611" level="INFO">200</msg>
<arg>${response.status_code}</arg>
<doc>Logs the given message with the given level.</doc>
<status status="PASS" start="2024-04-28T23:13:12.697261" elapsed="0.000394"/>
</kw>
<kw name="Set Variable" owner="BuiltIn">
<msg time="2024-04-28T23:13:12.698417" level="INFO">${json_data} = {'results': [{'gender': 'female', 'name': {'title': 'Ms', 'first': 'Fena', 'last': 'de Souza'}, 'location': {'street': {'number': 2441, 'name': 'Avenida Vinícius de Morais'}, 'city': 'Americana', 'sta...</msg>
<var>${json_data}</var>
<arg>${response.json()}</arg>
<doc>Returns the given values which can then be assigned to a variables.</doc>
<status status="PASS" start="2024-04-28T23:13:12.697961" elapsed="0.000487"/>
</kw>
<kw name="Dictionary Should Contain Key" owner="Collections">
<msg time="2024-04-28T23:13:12.698923" level="INFO">False</msg>
<arg>${json_data}</arg>
<arg>results</arg>
<doc>Fails if ``key`` is not found from ``dictionary``.</doc>
<status status="PASS" start="2024-04-28T23:13:12.698750" elapsed="0.000219"/>
</kw>
<status status="PASS" start="2024-04-28T23:13:12.616561" elapsed="0.082676"/>
</kw>
<doc>Testa se a API responde corretamente e retorna um objeto JSON válido.</doc>
<tag>testeRequisicaoBasica</tag>
<status status="PASS" start="2024-04-28T23:13:12.616014" elapsed="0.083413"/>
</test>
<test id="s1-s1-t3" name="Validar estrutura de resposta" line="22">
<kw name="Teste de Estrutura de Resposta" owner="random-user-service">
<kw name="GET On Session" owner="RequestsLibrary">
<msg time="2024-04-28T23:13:12.795425" level="INFO">GET Request : url=https://randomuser.me/api 
 path_url=/api 
 headers={'User-Agent': 'python-requests/2.31.0', 'Accept-Encoding': 'gzip, deflate', 'Accept': '*/*', 'Connection': 'keep-alive'} 
 body=None 
 </msg>
<msg time="2024-04-28T23:13:12.795523" level="INFO">GET Response : url=https://randomuser.me/api 
 status=200, reason=OK 
 headers={'Date': 'Sun, 28 Apr 2024 23:13:12 GMT', 'Content-Type': 'application/json; charset=utf-8', 'Transfer-Encoding': 'chunked', 'Connection': 'keep-alive', 'X-Powered-By': 'Express', 'Access-Control-Allow-Origin': '*', 'Cache-Control': 'no-cache', 'ETag': 'W/"4c7-omaT84DsSAvmt69gJLp1V6rKgh0"', 'Vary': 'Accept-Encoding', 'Content-Encoding': 'gzip', 'CF-Cache-Status': 'DYNAMIC', 'Report-To': '{"endpoints":[{"url":"https:\\/\\/a.nel.cloudflare.com\\/report\\/v4?s=cXBHC8aqklkhy%2BnQvTkcFbzMUMX%2BDZsBIF%2FOVdJvx8Jgz4f1JenOsUgksg%2BfgMkz1Q1oiTtvmCWGEk%2FPvjI5uYBW0Dabxcw1%2BjEMRwfXUGDbEwRKxxg%2Frjd7D8iWWbMF"}],"group":"cf-nel","max_age":604800}', 'NEL': '{"success_fraction":0,"report_to":"cf-nel","max_age":604800}', 'Server': 'cloudflare', 'CF-RAY': '87babdd66fb507fe-IAD', 'alt-svc': 'h3=":443"; ma=86400'} 
 body={"results":[{"gender":"female","name":{"title":"Miss","first":"Silmara","last":"Carvalho"},"location":{"street":{"number":6070,"name":"Rua Santa Maria "},"city":"São José de Ribamar","state":"Espírito Santo","country":"Brazil","postcode":56007,"coordinates":{"latitude":"-75.6660","longitude":"101.9942"},"timezone":{"offset":"0:00","description":"Western Europe Time, London, Lisbon, Casablanca"}},"email":"silmara.carvalho@example.com","login":{"uuid":"d2079ad4-83fc-421b-ab95-5895e949c5c0","username":"goldenfrog604","password":"monkeybo","salt":"m8UkgSiR","md5":"bf3045b0c8ec0419a46a4c4658dab8de","sha1":"894a96a75249764702409c442a352c7fd6b3693a","sha256":"ae62f796ff16ddd878a38616e9d1d53dd07740547e5218be3bdea0bf9856cfba"},"dob":{"date":"1979-01-31T02:33:36.027Z","age":45},"registered":{"date":"2009-10-01T01:17:46.724Z","age":14},"phone":"(62) 5737-0187","cell":"(31) 5145-3638","id":{"name":"CPF","value":"675.979.250-84"},"picture":{"large":"https://randomuser.me/api/portraits/women/86.jpg","medium":"https://randomuser.me/api/portraits/med/women/86.jpg","thumbnail":"https://randomuser.me/api/portraits/thumb/women/86.jpg"},"nat":"BR"}],"info":{"seed":"83a155ee59401fde","results":1,"page":1,"version":"1.4"}} 
 </msg>
<msg time="2024-04-28T23:13:12.795657" level="INFO">/opt/hostedtoolcache/Python/3.12.3/x64/lib/python3.12/site-packages/urllib3/connectionpool.py:1103: InsecureRequestWarning: Unverified HTTPS request is being made to host 'randomuser.me'. Adding certificate verification is strongly advised. See: https://urllib3.readthedocs.io/en/latest/advanced-usage.html#tls-warnings
  warnings.warn(</msg>
<msg time="2024-04-28T23:13:12.795803" level="INFO">${response} = &lt;Response [200]&gt;</msg>
<var>${response}</var>
<arg>consultarAPI</arg>
<arg>/api</arg>
<doc>Sends a GET request on a previously created HTTP Session.</doc>
<status status="PASS" start="2024-04-28T23:13:12.702184" elapsed="0.093666"/>
</kw>
<kw name="Set Variable" owner="BuiltIn">
<msg time="2024-04-28T23:13:12.796960" level="INFO">${json_data} = {'results': [{'gender': 'female', 'name': {'title': 'Miss', 'first': 'Silmara', 'last': 'Carvalho'}, 'location': {'street': {'number': 6070, 'name': 'Rua Santa Maria '}, 'city': 'São José de Ribamar',...</msg>
<var>${json_data}</var>
<arg>${response.json()}</arg>
<doc>Returns the given values which can then be assigned to a variables.</doc>
<status status="PASS" start="2024-04-28T23:13:12.796381" elapsed="0.000609"/>
</kw>
<kw name="Log" owner="BuiltIn">
<msg time="2024-04-28T23:13:12.797463" level="INFO">{'results': [{'gender': 'female', 'name': {'title': 'Miss', 'first': 'Silmara', 'last': 'Carvalho'}, 'location': {'street': {'number': 6070, 'name': 'Rua Santa Maria '}, 'city': 'São José de Ribamar', 'state': 'Espírito Santo', 'country': 'Brazil', 'postcode': 56007, 'coordinates': {'latitude': '-75.6660', 'longitude': '101.9942'}, 'timezone': {'offset': '0:00', 'description': 'Western Europe Time, London, Lisbon, Casablanca'}}, 'email': 'silmara.carvalho@example.com', 'login': {'uuid': 'd2079ad4-83fc-421b-ab95-5895e949c5c0', 'username': 'goldenfrog604', 'password': 'monkeybo', 'salt': 'm8UkgSiR', 'md5': 'bf3045b0c8ec0419a46a4c4658dab8de', 'sha1': '894a96a75249764702409c442a352c7fd6b3693a', 'sha256': 'ae62f796ff16ddd878a38616e9d1d53dd07740547e5218be3bdea0bf9856cfba'}, 'dob': {'date': '1979-01-31T02:33:36.027Z', 'age': 45}, 'registered': {'date': '2009-10-01T01:17:46.724Z', 'age': 14}, 'phone': '(62) 5737-0187', 'cell': '(31) 5145-3638', 'id': {'name': 'CPF', 'value': '675.979.250-84'}, 'picture': {'large': 'https://randomuser.me/api/portraits/women/86.jpg', 'medium': 'https://randomuser.me/api/portraits/med/women/86.jpg', 'thumbnail': 'https://randomuser.me/api/portraits/thumb/women/86.jpg'}, 'nat': 'BR'}], 'info': {'seed': '83a155ee59401fde', 'results': 1, 'page': 1, 'version': '1.4'}}</msg>
<arg>${json_data}</arg>
<doc>Logs the given message with the given level.</doc>
<status status="PASS" start="2024-04-28T23:13:12.797301" elapsed="0.000212"/>
</kw>
<kw name="Dictionary Should Contain Key" owner="Collections">
<msg time="2024-04-28T23:13:12.797961" level="INFO">False</msg>
<arg>${json_data}</arg>
<arg>results</arg>
<doc>Fails if ``key`` is not found from ``dictionary``.</doc>
<status status="PASS" start="2024-04-28T23:13:12.797803" elapsed="0.000195"/>
</kw>
<kw name="Should Not Be Empty" owner="BuiltIn">
<msg time="2024-04-28T23:13:12.798416" level="INFO">Length is 2.</msg>
<arg>${json_data}</arg>
<doc>Verifies that the given item is not empty.</doc>
<status status="PASS" start="2024-04-28T23:13:12.798287" elapsed="0.000166"/>
</kw>
<kw name="Create List" owner="BuiltIn">
<msg time="2024-04-28T23:13:12.799057" level="INFO">${expected_keys} = ['gender', 'name', 'location', 'email', 'login']</msg>
<var>${expected_keys}</var>
<arg>gender</arg>
<arg>name</arg>
<arg>location</arg>
<arg>email</arg>
<arg>login</arg>
<doc>Returns a list containing given items.</doc>
<status status="PASS" start="2024-04-28T23:13:12.798741" elapsed="0.000340"/>
</kw>
<for flavor="IN">
<iter>
<kw name="Dictionary Should Contain Key" owner="Collections">
<msg time="2024-04-28T23:13:12.800073" level="INFO">False</msg>
<arg>${json_data['results'][0]}</arg>
<arg>${key}</arg>
<doc>Fails if ``key`` is not found from ``dictionary``.</doc>
<status status="PASS" start="2024-04-28T23:13:12.799674" elapsed="0.000437"/>
</kw>
<kw name="Log" owner="BuiltIn">
<msg time="2024-04-28T23:13:12.800808" level="INFO">{'gender': 'female', 'name': {'title': 'Miss', 'first': 'Silmara', 'last': 'Carvalho'}, 'location': {'street': {'number': 6070, 'name': 'Rua Santa Maria '}, 'city': 'São José de Ribamar', 'state': 'Espírito Santo', 'country': 'Brazil', 'postcode': 56007, 'coordinates': {'latitude': '-75.6660', 'longitude': '101.9942'}, 'timezone': {'offset': '0:00', 'description': 'Western Europe Time, London, Lisbon, Casablanca'}}, 'email': 'silmara.carvalho@example.com', 'login': {'uuid': 'd2079ad4-83fc-421b-ab95-5895e949c5c0', 'username': 'goldenfrog604', 'password': 'monkeybo', 'salt': 'm8UkgSiR', 'md5': 'bf3045b0c8ec0419a46a4c4658dab8de', 'sha1': '894a96a75249764702409c442a352c7fd6b3693a', 'sha256': 'ae62f796ff16ddd878a38616e9d1d53dd07740547e5218be3bdea0bf9856cfba'}, 'dob': {'date': '1979-01-31T02:33:36.027Z', 'age': 45}, 'registered': {'date': '2009-10-01T01:17:46.724Z', 'age': 14}, 'phone': '(62) 5737-0187', 'cell': '(31) 5145-3638', 'id': {'name': 'CPF', 'value': '675.979.250-84'}, 'picture': {'large': 'https://randomuser.me/api/portraits/women/86.jpg', 'medium': 'https://randomuser.me/api/portraits/med/women/86.jpg', 'thumbnail': 'https://randomuser.me/api/portraits/thumb/women/86.jpg'}, 'nat': 'BR'}</msg>
<arg>${json_data['results'][0]}</arg>
<doc>Logs the given message with the given level.</doc>
<status status="PASS" start="2024-04-28T23:13:12.800414" elapsed="0.000444"/>
</kw>
<kw name="Log" owner="BuiltIn">
<msg time="2024-04-28T23:13:12.801281" level="INFO">gender</msg>
<arg>${key}</arg>
<doc>Logs the given message with the given level.</doc>
<status status="PASS" start="2024-04-28T23:13:12.801156" elapsed="0.000162"/>
</kw>
<var name="${key}">gender</var>
<status status="PASS" start="2024-04-28T23:13:12.799549" elapsed="0.001981"/>
</iter>
<iter>
<kw name="Dictionary Should Contain Key" owner="Collections">
<msg time="2024-04-28T23:13:12.802255" level="INFO">False</msg>
<arg>${json_data['results'][0]}</arg>
<arg>${key}</arg>
<doc>Fails if ``key`` is not found from ``dictionary``.</doc>
<status status="PASS" start="2024-04-28T23:13:12.801828" elapsed="0.000465"/>
</kw>
<kw name="Log" owner="BuiltIn">
<msg time="2024-04-28T23:13:12.802948" level="INFO">{'gender': 'female', 'name': {'title': 'Miss', 'first': 'Silmara', 'last': 'Carvalho'}, 'location': {'street': {'number': 6070, 'name': 'Rua Santa Maria '}, 'city': 'São José de Ribamar', 'state': 'Espírito Santo', 'country': 'Brazil', 'postcode': 56007, 'coordinates': {'latitude': '-75.6660', 'longitude': '101.9942'}, 'timezone': {'offset': '0:00', 'description': 'Western Europe Time, London, Lisbon, Casablanca'}}, 'email': 'silmara.carvalho@example.com', 'login': {'uuid': 'd2079ad4-83fc-421b-ab95-5895e949c5c0', 'username': 'goldenfrog604', 'password': 'monkeybo', 'salt': 'm8UkgSiR', 'md5': 'bf3045b0c8ec0419a46a4c4658dab8de', 'sha1': '894a96a75249764702409c442a352c7fd6b3693a', 'sha256': 'ae62f796ff16ddd878a38616e9d1d53dd07740547e5218be3bdea0bf9856cfba'}, 'dob': {'date': '1979-01-31T02:33:36.027Z', 'age': 45}, 'registered': {'date': '2009-10-01T01:17:46.724Z', 'age': 14}, 'phone': '(62) 5737-0187', 'cell': '(31) 5145-3638', 'id': {'name': 'CPF', 'value': '675.979.250-84'}, 'picture': {'large': 'https://randomuser.me/api/portraits/women/86.jpg', 'medium': 'https://randomuser.me/api/portraits/med/women/86.jpg', 'thumbnail': 'https://randomuser.me/api/portraits/thumb/women/86.jpg'}, 'nat': 'BR'}</msg>
<arg>${json_data['results'][0]}</arg>
<doc>Logs the given message with the given level.</doc>
<status status="PASS" start="2024-04-28T23:13:12.802587" elapsed="0.000410"/>
</kw>
<kw name="Log" owner="BuiltIn">
<msg time="2024-04-28T23:13:12.803414" level="INFO">name</msg>
<arg>${key}</arg>
<doc>Logs the given message with the given level.</doc>
<status status="PASS" start="2024-04-28T23:13:12.803290" elapsed="0.000161"/>
</kw>
<var name="${key}">name</var>
<status status="PASS" start="2024-04-28T23:13:12.801715" elapsed="0.001956"/>
</iter>
<iter>
<kw name="Dictionary Should Contain Key" owner="Collections">
<msg time="2024-04-28T23:13:12.804332" level="INFO">False</msg>
<arg>${json_data['results'][0]}</arg>
<arg>${key}</arg>
<doc>Fails if ``key`` is not found from ``dictionary``.</doc>
<status status="PASS" start="2024-04-28T23:13:12.803958" elapsed="0.000410"/>
</kw>
<kw name="Log" owner="BuiltIn">
<msg time="2024-04-28T23:13:12.805078" level="INFO">{'gender': 'female', 'name': {'title': 'Miss', 'first': 'Silmara', 'last': 'Carvalho'}, 'location': {'street': {'number': 6070, 'name': 'Rua Santa Maria '}, 'city': 'São José de Ribamar', 'state': 'Espírito Santo', 'country': 'Brazil', 'postcode': 56007, 'coordinates': {'latitude': '-75.6660', 'longitude': '101.9942'}, 'timezone': {'offset': '0:00', 'description': 'Western Europe Time, London, Lisbon, Casablanca'}}, 'email': 'silmara.carvalho@example.com', 'login': {'uuid': 'd2079ad4-83fc-421b-ab95-5895e949c5c0', 'username': 'goldenfrog604', 'password': 'monkeybo', 'salt': 'm8UkgSiR', 'md5': 'bf3045b0c8ec0419a46a4c4658dab8de', 'sha1': '894a96a75249764702409c442a352c7fd6b3693a', 'sha256': 'ae62f796ff16ddd878a38616e9d1d53dd07740547e5218be3bdea0bf9856cfba'}, 'dob': {'date': '1979-01-31T02:33:36.027Z', 'age': 45}, 'registered': {'date': '2009-10-01T01:17:46.724Z', 'age': 14}, 'phone': '(62) 5737-0187', 'cell': '(31) 5145-3638', 'id': {'name': 'CPF', 'value': '675.979.250-84'}, 'picture': {'large': 'https://randomuser.me/api/portraits/women/86.jpg', 'medium': 'https://randomuser.me/api/portraits/med/women/86.jpg', 'thumbnail': 'https://randomuser.me/api/portraits/thumb/women/86.jpg'}, 'nat': 'BR'}</msg>
<arg>${json_data['results'][0]}</arg>
<doc>Logs the given message with the given level.</doc>
<status status="PASS" start="2024-04-28T23:13:12.804703" elapsed="0.000424"/>
</kw>
<kw name="Log" owner="BuiltIn">
<msg time="2024-04-28T23:13:12.805545" level="INFO">location</msg>
<arg>${key}</arg>
<doc>Logs the given message with the given level.</doc>
<status status="PASS" start="2024-04-28T23:13:12.805420" elapsed="0.000162"/>
</kw>
<var name="${key}">location</var>
<status status="PASS" start="2024-04-28T23:13:12.803848" elapsed="0.001946"/>
</iter>
<iter>
<kw name="Dictionary Should Contain Key" owner="Collections">
<msg time="2024-04-28T23:13:12.806458" level="INFO">False</msg>
<arg>${json_data['results'][0]}</arg>
<arg>${key}</arg>
<doc>Fails if ``key`` is not found from ``dictionary``.</doc>
<status status="PASS" start="2024-04-28T23:13:12.806073" elapsed="0.000422"/>
</kw>
<kw name="Log" owner="BuiltIn">
<msg time="2024-04-28T23:13:12.807145" level="INFO">{'gender': 'female', 'name': {'title': 'Miss', 'first': 'Silmara', 'last': 'Carvalho'}, 'location': {'street': {'number': 6070, 'name': 'Rua Santa Maria '}, 'city': 'São José de Ribamar', 'state': 'Espírito Santo', 'country': 'Brazil', 'postcode': 56007, 'coordinates': {'latitude': '-75.6660', 'longitude': '101.9942'}, 'timezone': {'offset': '0:00', 'description': 'Western Europe Time, London, Lisbon, Casablanca'}}, 'email': 'silmara.carvalho@example.com', 'login': {'uuid': 'd2079ad4-83fc-421b-ab95-5895e949c5c0', 'username': 'goldenfrog604', 'password': 'monkeybo', 'salt': 'm8UkgSiR', 'md5': 'bf3045b0c8ec0419a46a4c4658dab8de', 'sha1': '894a96a75249764702409c442a352c7fd6b3693a', 'sha256': 'ae62f796ff16ddd878a38616e9d1d53dd07740547e5218be3bdea0bf9856cfba'}, 'dob': {'date': '1979-01-31T02:33:36.027Z', 'age': 45}, 'registered': {'date': '2009-10-01T01:17:46.724Z', 'age': 14}, 'phone': '(62) 5737-0187', 'cell': '(31) 5145-3638', 'id': {'name': 'CPF', 'value': '675.979.250-84'}, 'picture': {'large': 'https://randomuser.me/api/portraits/women/86.jpg', 'medium': 'https://randomuser.me/api/portraits/med/women/86.jpg', 'thumbnail': 'https://randomuser.me/api/portraits/thumb/women/86.jpg'}, 'nat': 'BR'}</msg>
<arg>${json_data['results'][0]}</arg>
<doc>Logs the given message with the given level.</doc>
<status status="PASS" start="2024-04-28T23:13:12.806785" elapsed="0.000410"/>
</kw>
<kw name="Log" owner="BuiltIn">
<msg time="2024-04-28T23:13:12.807614" level="INFO">email</msg>
<arg>${key}</arg>
<doc>Logs the given message with the given level.</doc>
<status status="PASS" start="2024-04-28T23:13:12.807487" elapsed="0.000164"/>
</kw>
<var name="${key}">email</var>
<status status="PASS" start="2024-04-28T23:13:12.805964" elapsed="0.001898"/>
</iter>
<iter>
<kw name="Dictionary Should Contain Key" owner="Collections">
<msg time="2024-04-28T23:13:12.808523" level="INFO">False</msg>
<arg>${json_data['results'][0]}</arg>
<arg>${key}</arg>
<doc>Fails if ``key`` is not found from ``dictionary``.</doc>
<status status="PASS" start="2024-04-28T23:13:12.808141" elapsed="0.000419"/>
</kw>
<kw name="Log" owner="BuiltIn">
<msg time="2024-04-28T23:13:12.809244" level="INFO">{'gender': 'female', 'name': {'title': 'Miss', 'first': 'Silmara', 'last': 'Carvalho'}, 'location': {'street': {'number': 6070, 'name': 'Rua Santa Maria '}, 'city': 'São José de Ribamar', 'state': 'Espírito Santo', 'country': 'Brazil', 'postcode': 56007, 'coordinates': {'latitude': '-75.6660', 'longitude': '101.9942'}, 'timezone': {'offset': '0:00', 'description': 'Western Europe Time, London, Lisbon, Casablanca'}}, 'email': 'silmara.carvalho@example.com', 'login': {'uuid': 'd2079ad4-83fc-421b-ab95-5895e949c5c0', 'username': 'goldenfrog604', 'password': 'monkeybo', 'salt': 'm8UkgSiR', 'md5': 'bf3045b0c8ec0419a46a4c4658dab8de', 'sha1': '894a96a75249764702409c442a352c7fd6b3693a', 'sha256': 'ae62f796ff16ddd878a38616e9d1d53dd07740547e5218be3bdea0bf9856cfba'}, 'dob': {'date': '1979-01-31T02:33:36.027Z', 'age': 45}, 'registered': {'date': '2009-10-01T01:17:46.724Z', 'age': 14}, 'phone': '(62) 5737-0187', 'cell': '(31) 5145-3638', 'id': {'name': 'CPF', 'value': '675.979.250-84'}, 'picture': {'large': 'https://randomuser.me/api/portraits/women/86.jpg', 'medium': 'https://randomuser.me/api/portraits/med/women/86.jpg', 'thumbnail': 'https://randomuser.me/api/portraits/thumb/women/86.jpg'}, 'nat': 'BR'}</msg>
<arg>${json_data['results'][0]}</arg>
<doc>Logs the given message with the given level.</doc>
<status status="PASS" start="2024-04-28T23:13:12.808880" elapsed="0.000446"/>
</kw>
<kw name="Log" owner="BuiltIn">
<msg time="2024-04-28T23:13:12.809754" level="INFO">login</msg>
<arg>${key}</arg>
<doc>Logs the given message with the given level.</doc>
<status status="PASS" start="2024-04-28T23:13:12.809629" elapsed="0.000163"/>
</kw>
<var name="${key}">login</var>
<status status="PASS" start="2024-04-28T23:13:12.808032" elapsed="0.001977"/>
</iter>
<var>${key}</var>
<value>@{expected_keys}</value>
<status status="PASS" start="2024-04-28T23:13:12.799348" elapsed="0.010783"/>
</for>
<kw name="Create List" owner="BuiltIn">
<msg time="2024-04-28T23:13:12.810455" level="INFO">${expected_keysTwo} = ['username', 'password']</msg>
<var>${expected_keysTwo}</var>
<arg>username</arg>
<arg>password</arg>
<doc>Returns a list containing given items.</doc>
<status status="PASS" start="2024-04-28T23:13:12.810321" elapsed="0.000157"/>
</kw>
<for flavor="IN">
<iter>
<kw name="Dictionary Should Contain Key" owner="Collections">
<msg time="2024-04-28T23:13:12.811356" level="INFO">False</msg>
<arg>${json_data['results'][0]['login']}</arg>
<arg>${keyTwo}</arg>
<doc>Fails if ``key`` is not found from ``dictionary``.</doc>
<status status="PASS" start="2024-04-28T23:13:12.810972" elapsed="0.000421"/>
</kw>
<kw name="Dictionary Should Contain Key" owner="Collections">
<msg time="2024-04-28T23:13:12.812072" level="INFO">False</msg>
<arg>${json_data['results'][0]['login']}</arg>
<arg>${keyTwo}</arg>
<doc>Fails if ``key`` is not found from ``dictionary``.</doc>
<status status="PASS" start="2024-04-28T23:13:12.811685" elapsed="0.000425"/>
</kw>
<kw name="Log" owner="BuiltIn">
<msg time="2024-04-28T23:13:12.812524" level="INFO">username</msg>
<arg>${keyTwo}</arg>
<doc>Logs the given message with the given level.</doc>
<status status="PASS" start="2024-04-28T23:13:12.812399" elapsed="0.000162"/>
</kw>
<var name="${keyTwo}">username</var>
<status status="PASS" start="2024-04-28T23:13:12.810866" elapsed="0.001963"/>
</iter>
<iter>
<kw name="Dictionary Should Contain Key" owner="Collections">
<msg time="2024-04-28T23:13:12.813515" level="INFO">False</msg>
<arg>${json_data['results'][0]['login']}</arg>
<arg>${keyTwo}</arg>
<doc>Fails if ``key`` is not found from ``dictionary``.</doc>
<status status="PASS" start="2024-04-28T23:13:12.813116" elapsed="0.000436"/>
</kw>
<kw name="Dictionary Should Contain Key" owner="Collections">
<msg time="2024-04-28T23:13:12.814297" level="INFO">False</msg>
<arg>${json_data['results'][0]['login']}</arg>
<arg>${keyTwo}</arg>
<doc>Fails if ``key`` is not found from ``dictionary``.</doc>
<status status="PASS" start="2024-04-28T23:13:12.813843" elapsed="0.000493"/>
</kw>
<kw name="Log" owner="BuiltIn">
<msg time="2024-04-28T23:13:12.814759" level="INFO">password</msg>
<arg>${keyTwo}</arg>
<doc>Logs the given message with the given level.</doc>
<status status="PASS" start="2024-04-28T23:13:12.814630" elapsed="0.000166"/>
</kw>
<var name="${keyTwo}">password</var>
<status status="PASS" start="2024-04-28T23:13:12.813005" elapsed="0.002006"/>
</iter>
<var>${keyTwo}</var>
<value>@{expected_keysTwo}</value>
<status status="PASS" start="2024-04-28T23:13:12.810714" elapsed="0.004416"/>
</for>
<status status="PASS" start="2024-04-28T23:13:12.701948" elapsed="0.113323"/>
</kw>
<doc>Testa a estrutura da resposta da API.</doc>
<tag>testeEstruturaResposta</tag>
<status status="PASS" start="2024-04-28T23:13:12.701327" elapsed="0.114103"/>
</test>
<test id="s1-s1-t4" name="Validar tipos de dados" line="28">
<kw name="Teste de Tipos de Dados" owner="random-user-service">
<kw name="GET On Session" owner="RequestsLibrary">
<msg time="2024-04-28T23:13:12.900986" level="INFO">GET Request : url=https://randomuser.me/api 
 path_url=/api 
 headers={'User-Agent': 'python-requests/2.31.0', 'Accept-Encoding': 'gzip, deflate', 'Accept': '*/*', 'Connection': 'keep-alive'} 
 body=None 
 </msg>
<msg time="2024-04-28T23:13:12.901095" level="INFO">GET Response : url=https://randomuser.me/api 
 status=200, reason=OK 
 headers={'Date': 'Sun, 28 Apr 2024 23:13:12 GMT', 'Content-Type': 'application/json; charset=utf-8', 'Transfer-Encoding': 'chunked', 'Connection': 'keep-alive', 'X-Powered-By': 'Express', 'Access-Control-Allow-Origin': '*', 'Cache-Control': 'no-cache', 'ETag': 'W/"49e-Np2qv12UA/kdiW7uX6chcwjGF+g"', 'Vary': 'Accept-Encoding', 'Content-Encoding': 'gzip', 'CF-Cache-Status': 'DYNAMIC', 'Report-To': '{"endpoints":[{"url":"https:\\/\\/a.nel.cloudflare.com\\/report\\/v4?s=Jv7tN%2B0L0Yui2gvpBmZYZSBONcTg4zXLvLiGQDFBVYzdghEzvvkeuNdgW8Bw%2FtM26toMOg7XDgIDcXTNC276E0GnzkgSAGIbHTwDwaRIBHt%2BnCYZuu7Jrt4c07bjIs1x"}],"group":"cf-nel","max_age":604800}', 'NEL': '{"success_fraction":0,"report_to":"cf-nel","max_age":604800}', 'Server': 'cloudflare', 'CF-RAY': '87babdd7287e07fe-IAD', 'alt-svc': 'h3=":443"; ma=86400'} 
 body={"results":[{"gender":"male","name":{"title":"Mr","first":"Djoko","last":"Šerbedžija"},"location":{"street":{"number":1872,"name":"DragolЈuba Jeličića "},"city":"Čoka","state":"Kosovo","country":"Serbia","postcode":79588,"coordinates":{"latitude":"63.7133","longitude":"-48.7357"},"timezone":{"offset":"-6:00","description":"Central Time (US &amp; Canada), Mexico City"}},"email":"djoko.serbedzija@example.com","login":{"uuid":"3a32333c-3213-4bd4-838c-2257955ba5a4","username":"orangerabbit268","password":"chrysler","salt":"oienTZtt","md5":"7249535332e60cfde8338a06fb66abc1","sha1":"c3b368152d88c76e73813e3027474b9954520e9f","sha256":"6c80bb964b4e16555140ee3c8e7385e09e904c11106944522fa08fae7b3b034c"},"dob":{"date":"1952-10-16T06:17:32.387Z","age":71},"registered":{"date":"2009-05-09T04:13:14.944Z","age":14},"phone":"023-3763-632","cell":"062-5404-830","id":{"name":"SID","value":"026232473"},"picture":{"large":"https://randomuser.me/api/portraits/men/47.jpg","medium":"https://randomuser.me/api/portraits/med/men/47.jpg","thumbnail":"https://randomuser.me/api/portraits/thumb/men/47.jpg"},"nat":"RS"}],"info":{"seed":"6e4e6f4adea3796b","results":1,"page":1,"version":"1.4"}} 
 </msg>
<msg time="2024-04-28T23:13:12.901188" level="INFO">/opt/hostedtoolcache/Python/3.12.3/x64/lib/python3.12/site-packages/urllib3/connectionpool.py:1103: InsecureRequestWarning: Unverified HTTPS request is being made to host 'randomuser.me'. Adding certificate verification is strongly advised. See: https://urllib3.readthedocs.io/en/latest/advanced-usage.html#tls-warnings
  warnings.warn(</msg>
<msg time="2024-04-28T23:13:12.901348" level="INFO">${response} = &lt;Response [200]&gt;</msg>
<var>${response}</var>
<arg>consultarAPI</arg>
<arg>/api</arg>
<doc>Sends a GET request on a previously created HTTP Session.</doc>
<status status="PASS" start="2024-04-28T23:13:12.818061" elapsed="0.083325"/>
</kw>
<kw name="Set Variable" owner="BuiltIn">
<msg time="2024-04-28T23:13:12.902422" level="INFO">${json_data} = {'results': [{'gender': 'male', 'name': {'title': 'Mr', 'first': 'Djoko', 'last': 'Šerbedžija'}, 'location': {'street': {'number': 1872, 'name': 'DragolЈuba Jeličića '}, 'city': 'Čoka', 'state': 'Koso...</msg>
<var>${json_data}</var>
<arg>${response.json()}</arg>
<doc>Returns the given values which can then be assigned to a variables.</doc>
<status status="PASS" start="2024-04-28T23:13:12.901904" elapsed="0.000586"/>
</kw>
<kw name="Log" owner="BuiltIn">
<msg time="2024-04-28T23:13:12.902977" level="INFO">{'results': [{'gender': 'male', 'name': {'title': 'Mr', 'first': 'Djoko', 'last': 'Šerbedžija'}, 'location': {'street': {'number': 1872, 'name': 'DragolЈuba Jeličića '}, 'city': 'Čoka', 'state': 'Kosovo', 'country': 'Serbia', 'postcode': 79588, 'coordinates': {'latitude': '63.7133', 'longitude': '-48.7357'}, 'timezone': {'offset': '-6:00', 'description': 'Central Time (US &amp; Canada), Mexico City'}}, 'email': 'djoko.serbedzija@example.com', 'login': {'uuid': '3a32333c-3213-4bd4-838c-2257955ba5a4', 'username': 'orangerabbit268', 'password': 'chrysler', 'salt': 'oienTZtt', 'md5': '7249535332e60cfde8338a06fb66abc1', 'sha1': 'c3b368152d88c76e73813e3027474b9954520e9f', 'sha256': '6c80bb964b4e16555140ee3c8e7385e09e904c11106944522fa08fae7b3b034c'}, 'dob': {'date': '1952-10-16T06:17:32.387Z', 'age': 71}, 'registered': {'date': '2009-05-09T04:13:14.944Z', 'age': 14}, 'phone': '023-3763-632', 'cell': '062-5404-830', 'id': {'name': 'SID', 'value': '026232473'}, 'picture': {'large': 'https://randomuser.me/api/portraits/men/47.jpg', 'medium': 'https://randomuser.me/api/portraits/med/men/47.jpg', 'thumbnail': 'https://randomuser.me/api/portraits/thumb/men/47.jpg'}, 'nat': 'RS'}], 'info': {'seed': '6e4e6f4adea3796b', 'results': 1, 'page': 1, 'version': '1.4'}}</msg>
<arg>${json_data}</arg>
<doc>Logs the given message with the given level.</doc>
<status status="PASS" start="2024-04-28T23:13:12.902814" elapsed="0.000215"/>
</kw>
<kw name="Should Be String" owner="String">
<arg>${json_data['results'][0]['gender']}</arg>
<doc>Fails if the given ``item`` is not a string.</doc>
<status status="PASS" start="2024-04-28T23:13:12.903324" elapsed="0.000361"/>
</kw>
<kw name="Should Match Regexp" owner="BuiltIn">
<arg>${json_data['results'][0]['email']}</arg>
<arg>^[a-zA-Z0-9._%+-]+@[a-zA-Z0-9.-]+\.[a-zA-Z]{2,}$</arg>
<doc>Fails if ``string`` does not match ``pattern`` as a regular expression.</doc>
<status status="PASS" start="2024-04-28T23:13:12.903874" elapsed="0.000525"/>
</kw>
<kw name="Should Match Regexp" owner="BuiltIn">
<arg>${json_data['results'][0]['dob']['date']}</arg>
<arg>\\d{4}-\\d{2}-\\d{2}T\\d{2}:\\d{2}:\\d{2}\\.\\d{3}Z</arg>
<doc>Fails if ``string`` does not match ``pattern`` as a regular expression.</doc>
<status status="PASS" start="2024-04-28T23:13:12.904592" elapsed="0.000531"/>
</kw>
<kw name="Should Match Regexp" owner="BuiltIn">
<arg>${json_data['results'][0]['registered']['date']}</arg>
<arg>\\d{4}-\\d{2}-\\d{2}T\\d{2}:\\d{2}:\\d{2}\\.\\d{3}Z</arg>
<doc>Fails if ``string`` does not match ``pattern`` as a regular expression.</doc>
<status status="PASS" start="2024-04-28T23:13:12.905314" elapsed="0.000362"/>
</kw>
<kw name="Should Match Regexp" owner="BuiltIn">
<arg>${json_data['results'][0]['picture']['large']}</arg>
<arg>^https?://.*\.(?:png|jpe?g|gif|bmp)$</arg>
<doc>Fails if ``string`` does not match ``pattern`` as a regular expression.</doc>
<status status="PASS" start="2024-04-28T23:13:12.905856" elapsed="0.000459"/>
</kw>
<kw name="Should Match Regexp" owner="BuiltIn">
<arg>${json_data['results'][0]['picture']['medium']}</arg>
<arg>^https?://.*\.(?:png|jpe?g|gif|bmp)$</arg>
<doc>Fails if ``string`` does not match ``pattern`` as a regular expression.</doc>
<status status="PASS" start="2024-04-28T23:13:12.906505" elapsed="0.000359"/>
</kw>
<kw name="Should Match Regexp" owner="BuiltIn">
<arg>${json_data['results'][0]['picture']['thumbnail']}</arg>
<arg>^https?://.*\.(?:png|jpe?g|gif|bmp)$</arg>
<doc>Fails if ``string`` does not match ``pattern`` as a regular expression.</doc>
<status status="PASS" start="2024-04-28T23:13:12.907046" elapsed="0.000353"/>
</kw>
<kw name="Log" owner="BuiltIn">
<msg time="2024-04-28T23:13:12.907895" level="INFO">{'large': 'https://randomuser.me/api/portraits/men/47.jpg', 'medium': 'https://randomuser.me/api/portraits/med/men/47.jpg', 'thumbnail': 'https://randomuser.me/api/portraits/thumb/men/47.jpg'}</msg>
<arg>${json_data['results'][0]['picture']}</arg>
<doc>Logs the given message with the given level.</doc>
<status status="PASS" start="2024-04-28T23:13:12.907578" elapsed="0.000358"/>
</kw>
<status status="PASS" start="2024-04-28T23:13:12.817832" elapsed="0.090362"/>
</kw>
<kw name="Teste de Tipos de Dados - Postcode" owner="random-user-service">
<kw name="GET On Session" owner="RequestsLibrary">
<msg time="2024-04-28T23:13:12.998829" level="INFO">GET Request : url=https://randomuser.me/api 
 path_url=/api 
 headers={'User-Agent': 'python-requests/2.31.0', 'Accept-Encoding': 'gzip, deflate', 'Accept': '*/*', 'Connection': 'keep-alive'} 
 body=None 
 </msg>
<msg time="2024-04-28T23:13:12.998933" level="INFO">GET Response : url=https://randomuser.me/api 
 status=200, reason=OK 
 headers={'Date': 'Sun, 28 Apr 2024 23:13:12 GMT', 'Content-Type': 'application/json; charset=utf-8', 'Transfer-Encoding': 'chunked', 'Connection': 'keep-alive', 'X-Powered-By': 'Express', 'Access-Control-Allow-Origin': '*', 'Cache-Control': 'no-cache', 'ETag': 'W/"491-4yBwWjm3jVO42jFhHksSHAsi4is"', 'Vary': 'Accept-Encoding', 'Content-Encoding': 'gzip', 'CF-Cache-Status': 'DYNAMIC', 'Report-To': '{"endpoints":[{"url":"https:\\/\\/a.nel.cloudflare.com\\/report\\/v4?s=RFpsL7AewoHi5o%2FIZb2Ai05yS4zwohDGWo%2FjVCLvRRACSoXugeFNoJlL5HTad06Rod%2Bgn4HGAcrK2BLc%2FqBHUtzGxJjAaM23qgZ%2BfKxfvpeL1N%2B0HC7u%2FpSIQK%2BWnUyY"}],"group":"cf-nel","max_age":604800}', 'NEL': '{"success_fraction":0,"report_to":"cf-nel","max_age":604800}', 'Server': 'cloudflare', 'CF-RAY': '87babdd7b93907fe-IAD', 'alt-svc': 'h3=":443"; ma=86400'} 
 body={"results":[{"gender":"female","name":{"title":"Miss","first":"آوا","last":"نجاتی"},"location":{"street":{"number":7594,"name":"اجاره دار"},"city":"سبزوار","state":"اردبیل","country":"Iran","postcode":26415,"coordinates":{"latitude":"13.8455","longitude":"172.0196"},"timezone":{"offset":"+4:00","description":"Abu Dhabi, Muscat, Baku, Tbilisi"}},"email":"aw.njty@example.com","login":{"uuid":"1b39c181-2eb1-466d-b348-81353181b880","username":"orangeleopard195","password":"crave","salt":"4Sgxz1nm","md5":"b22163164da6ed1407e6f3bd35f1a011","sha1":"9569a72cfbc177444a262a9bd235c044d8ae9a3a","sha256":"2a29aec081fe3925fa052254334b4c8238c68c347b8b31c12ed086e1a58b1df4"},"dob":{"date":"1956-02-27T15:08:21.324Z","age":68},"registered":{"date":"2009-08-16T15:07:37.764Z","age":14},"phone":"005-16550146","cell":"0943-938-5598","id":{"name":"","value":null},"picture":{"large":"https://randomuser.me/api/portraits/women/20.jpg","medium":"https://randomuser.me/api/portraits/med/women/20.jpg","thumbnail":"https://randomuser.me/api/portraits/thumb/women/20.jpg"},"nat":"IR"}],"info":{"seed":"5e969a945a12ae32","results":1,"page":1,"version":"1.4"}} 
 </msg>
<msg time="2024-04-28T23:13:12.999006" level="INFO">/opt/hostedtoolcache/Python/3.12.3/x64/lib/python3.12/site-packages/urllib3/connectionpool.py:1103: InsecureRequestWarning: Unverified HTTPS request is being made to host 'randomuser.me'. Adding certificate verification is strongly advised. See: https://urllib3.readthedocs.io/en/latest/advanced-usage.html#tls-warnings
  warnings.warn(</msg>
<msg time="2024-04-28T23:13:12.999153" level="INFO">${response} = &lt;Response [200]&gt;</msg>
<var>${response}</var>
<arg>consultarAPI</arg>
<arg>/api</arg>
<doc>Sends a GET request on a previously created HTTP Session.</doc>
<status status="PASS" start="2024-04-28T23:13:12.908683" elapsed="0.090515"/>
</kw>
<kw name="Set Variable" owner="BuiltIn">
<msg time="2024-04-28T23:13:13.000254" level="INFO">${json_data} = {'results': [{'gender': 'female', 'name': {'title': 'Miss', 'first': 'آوا', 'last': 'نجاتی'}, 'location': {'street': {'number': 7594, 'name': 'اجاره دار'}, 'city': 'سبزوار', 'state': 'اردبیل', 'countr...</msg>
<var>${json_data}</var>
<arg>${response.json()}</arg>
<doc>Returns the given values which can then be assigned to a variables.</doc>
<status status="PASS" start="2024-04-28T23:13:12.999726" elapsed="0.000593"/>
</kw>
<kw name="Log" owner="BuiltIn">
<msg time="2024-04-28T23:13:13.000854" level="INFO">{'results': [{'gender': 'female', 'name': {'title': 'Miss', 'first': 'آوا', 'last': 'نجاتی'}, 'location': {'street': {'number': 7594, 'name': 'اجاره دار'}, 'city': 'سبزوار', 'state': 'اردبیل', 'country': 'Iran', 'postcode': 26415, 'coordinates': {'latitude': '13.8455', 'longitude': '172.0196'}, 'timezone': {'offset': '+4:00', 'description': 'Abu Dhabi, Muscat, Baku, Tbilisi'}}, 'email': 'aw.njty@example.com', 'login': {'uuid': '1b39c181-2eb1-466d-b348-81353181b880', 'username': 'orangeleopard195', 'password': 'crave', 'salt': '4Sgxz1nm', 'md5': 'b22163164da6ed1407e6f3bd35f1a011', 'sha1': '9569a72cfbc177444a262a9bd235c044d8ae9a3a', 'sha256': '2a29aec081fe3925fa052254334b4c8238c68c347b8b31c12ed086e1a58b1df4'}, 'dob': {'date': '1956-02-27T15:08:21.324Z', 'age': 68}, 'registered': {'date': '2009-08-16T15:07:37.764Z', 'age': 14}, 'phone': '005-16550146', 'cell': '0943-938-5598', 'id': {'name': '', 'value': None}, 'picture': {'large': 'https://randomuser.me/api/portraits/women/20.jpg', 'medium': 'https://randomuser.me/api/portraits/med/women/20.jpg', 'thumbnail': 'https://randomuser.me/api/portraits/thumb/women/20.jpg'}, 'nat': 'IR'}], 'info': {'seed': '5e969a945a12ae32', 'results': 1, 'page': 1, 'version': '1.4'}}</msg>
<arg>${json_data}</arg>
<doc>Logs the given message with the given level.</doc>
<status status="PASS" start="2024-04-28T23:13:13.000679" elapsed="0.000228"/>
</kw>
<kw name="Should Be Equal As Numbers" owner="BuiltIn">
<arg>${json_data['results'][0]['location']['postcode']}</arg>
<arg>${json_data['results'][0]['location']['postcode']}</arg>
<doc>Fails if objects are unequal after converting them to real numbers.</doc>
<status status="PASS" start="2024-04-28T23:13:13.001209" elapsed="0.000799"/>
</kw>
<kw name="Log" owner="BuiltIn">
<msg time="2024-04-28T23:13:13.002536" level="INFO">26415</msg>
<arg>${json_data['results'][0]['location']['postcode']}</arg>
<doc>Logs the given message with the given level.</doc>
<status status="PASS" start="2024-04-28T23:13:13.002202" elapsed="0.000374"/>
</kw>
<status status="PASS" start="2024-04-28T23:13:12.908425" elapsed="0.094406"/>
</kw>
<doc>Testa se os tipos de dados na resposta da API estão corretos.</doc>
<tag>testeTiposDados</tag>
<status status="PASS" start="2024-04-28T23:13:12.817264" elapsed="0.185736"/>
</test>
<test id="s1-s1-t5" name="Validar conteudo" line="35">
<kw name="Teste de Tipos de Conteudo" owner="random-user-service">
<kw name="GET On Session" owner="RequestsLibrary">
<msg time="2024-04-28T23:13:13.096118" level="INFO">GET Request : url=https://randomuser.me/api 
 path_url=/api 
 headers={'User-Agent': 'python-requests/2.31.0', 'Accept-Encoding': 'gzip, deflate', 'Accept': '*/*', 'Connection': 'keep-alive'} 
 body=None 
 </msg>
<msg time="2024-04-28T23:13:13.096214" level="INFO">GET Response : url=https://randomuser.me/api 
 status=200, reason=OK 
 headers={'Date': 'Sun, 28 Apr 2024 23:13:13 GMT', 'Content-Type': 'application/json; charset=utf-8', 'Transfer-Encoding': 'chunked', 'Connection': 'keep-alive', 'X-Powered-By': 'Express', 'Access-Control-Allow-Origin': '*', 'Cache-Control': 'no-cache', 'ETag': 'W/"484-hzpVgoG0Hlv0TrNyf6kSHbRCjnM"', 'Vary': 'Accept-Encoding', 'Content-Encoding': 'gzip', 'CF-Cache-Status': 'DYNAMIC', 'Report-To': '{"endpoints":[{"url":"https:\\/\\/a.nel.cloudflare.com\\/report\\/v4?s=zcSr%2FXbaxaF6AkB012OHQfGXrnu3x6yhQS6pOlz9Gs4nzAkPTYGkRHRUVu7RGhH6oigTDDYMyLRrmx%2FNnAV7WC1ImUSyfforwu6oBKt%2FUXzd4SEqkoWC5lKCGNekbKoj"}],"group":"cf-nel","max_age":604800}', 'NEL': '{"success_fraction":0,"report_to":"cf-nel","max_age":604800}', 'Server': 'cloudflare', 'CF-RAY': '87babdd849ea07fe-IAD', 'alt-svc': 'h3=":443"; ma=86400'} 
 body={"results":[{"gender":"male","name":{"title":"Mr","first":"Divyesh","last":"Nand"},"location":{"street":{"number":6650,"name":"Pali Hill"},"city":"Haridwar","state":"Gujarat","country":"India","postcode":54976,"coordinates":{"latitude":"11.9427","longitude":"-10.6964"},"timezone":{"offset":"+5:00","description":"Ekaterinburg, Islamabad, Karachi, Tashkent"}},"email":"divyesh.nand@example.com","login":{"uuid":"59aaa557-0cb3-4791-b05b-027143408a44","username":"greenpanda112","password":"1948","salt":"aVRoEJhC","md5":"2109072839c33e2161ac4681e5a039ba","sha1":"95e692b91c4f003030d9096224ba9492072824e7","sha256":"d6dd73a77873261d59ebce9aa09e20e07d21cbc765583fa6fe504e6afa9b564a"},"dob":{"date":"1953-06-11T06:06:37.787Z","age":70},"registered":{"date":"2011-04-23T14:10:56.096Z","age":13},"phone":"7220562277","cell":"9420120048","id":{"name":"UIDAI","value":"382044434224"},"picture":{"large":"https://randomuser.me/api/portraits/men/8.jpg","medium":"https://randomuser.me/api/portraits/med/men/8.jpg","thumbnail":"https://randomuser.me/api/portraits/thumb/men/8.jpg"},"nat":"IN"}],"info":{"seed":"d16e3ffcdd105139","results":1,"page":1,"version":"1.4"}} 
 </msg>
<msg time="2024-04-28T23:13:13.096282" level="INFO">/opt/hostedtoolcache/Python/3.12.3/x64/lib/python3.12/site-packages/urllib3/connectionpool.py:1103: InsecureRequestWarning: Unverified HTTPS request is being made to host 'randomuser.me'. Adding certificate verification is strongly advised. See: https://urllib3.readthedocs.io/en/latest/advanced-usage.html#tls-warnings
  warnings.warn(</msg>
<msg time="2024-04-28T23:13:13.096422" level="INFO">${response} = &lt;Response [200]&gt;</msg>
<var>${response}</var>
<arg>consultarAPI</arg>
<arg>/api</arg>
<doc>Sends a GET request on a previously created HTTP Session.</doc>
<status status="PASS" start="2024-04-28T23:13:13.005597" elapsed="0.090869"/>
</kw>
<kw name="Set Variable" owner="BuiltIn">
<msg time="2024-04-28T23:13:13.097541" level="INFO">${json_data} = {'results': [{'gender': 'male', 'name': {'title': 'Mr', 'first': 'Divyesh', 'last': 'Nand'}, 'location': {'street': {'number': 6650, 'name': 'Pali Hill'}, 'city': 'Haridwar', 'state': 'Gujarat', 'coun...</msg>
<var>${json_data}</var>
<arg>${response.json()}</arg>
<doc>Returns the given values which can then be assigned to a variables.</doc>
<status status="PASS" start="2024-04-28T23:13:13.097032" elapsed="0.000537"/>
</kw>
<kw name="Set Variable" owner="BuiltIn">
<msg time="2024-04-28T23:13:13.098250" level="INFO">${name_title} = Mr</msg>
<var>${name_title}</var>
<arg>${json_data["results"][0]["name"]["title"]}</arg>
<doc>Returns the given values which can then be assigned to a variables.</doc>
<status status="PASS" start="2024-04-28T23:13:13.097870" elapsed="0.000405"/>
</kw>
<kw name="Create List" owner="BuiltIn">
<msg time="2024-04-28T23:13:13.098715" level="INFO">${allowed_titles} = ['Mr', 'Ms', 'Miss', 'Mrs', 'Madame', 'Monsieur']</msg>
<var>${allowed_titles}</var>
<arg>Mr</arg>
<arg>Ms</arg>
<arg>Miss</arg>
<arg>Mrs</arg>
<arg>Madame</arg>
<arg>Monsieur</arg>
<doc>Returns a list containing given items.</doc>
<status status="PASS" start="2024-04-28T23:13:13.098569" elapsed="0.000171"/>
</kw>
<kw name="List Should Contain Value" owner="Collections">
<msg time="2024-04-28T23:13:13.099209" level="INFO">False</msg>
<arg>${allowed_titles}</arg>
<arg>${name_title}</arg>
<doc>Fails if the ``value`` is not found from ``list``.</doc>
<status status="PASS" start="2024-04-28T23:13:13.099037" elapsed="0.000207"/>
</kw>
<kw name="Set Variable" owner="BuiltIn">
<msg time="2024-04-28T23:13:13.099914" level="INFO">${name_country} = IN</msg>
<var>${name_country}</var>
<arg>${json_data["results"][0]["nat"]}</arg>
<doc>Returns the given values which can then be assigned to a variables.</doc>
<status status="PASS" start="2024-04-28T23:13:13.099532" elapsed="0.000407"/>
</kw>
<kw name="Create List" owner="BuiltIn">
<msg time="2024-04-28T23:13:13.100869" level="INFO">${list_country} = ['AD', 'AE', 'AF', 'AG', 'AI', 'AL', 'AM', 'AO', 'AQ', 'AR', 'AS', 'AT', 'AU', 'AW', 'AX', 'AZ', 'BA', 'BB', 'BD', 'BE', 'BF', 'BG', 'BH', 'BI', 'BJ', 'BL', 'BM', 'BN', 'BO', 'BQ', 'BR', 'BS', 'BT', '...</msg>
<var>${list_country}</var>
<arg>AD</arg>
<arg>AE</arg>
<arg>AF</arg>
<arg>AG</arg>
<arg>AI</arg>
<arg>AL</arg>
<arg>AM</arg>
<arg>AO</arg>
<arg>AQ</arg>
<arg>AR</arg>
<arg>AS</arg>
<arg>AT</arg>
<arg>AU</arg>
<arg>AW</arg>
<arg>AX</arg>
<arg>AZ</arg>
<arg>BA</arg>
<arg>BB</arg>
<arg>BD</arg>
<arg>BE</arg>
<arg>BF</arg>
<arg>BG</arg>
<arg>BH</arg>
<arg>BI</arg>
<arg>BJ</arg>
<arg>BL</arg>
<arg>BM</arg>
<arg>BN</arg>
<arg>BO</arg>
<arg>BQ</arg>
<arg>BR</arg>
<arg>BS</arg>
<arg>BT</arg>
<arg>BV</arg>
<arg>BW</arg>
<arg>BY</arg>
<arg>BZ</arg>
<arg>CA</arg>
<arg>CC</arg>
<arg>CD</arg>
<arg>CF</arg>
<arg>CG</arg>
<arg>CH</arg>
<arg>CI</arg>
<arg>CK</arg>
<arg>CL</arg>
<arg>CM</arg>
<arg>CN</arg>
<arg>CO</arg>
<arg>CR</arg>
<arg>CU</arg>
<arg>CV</arg>
<arg>CW</arg>
<arg>CX</arg>
<arg>CY</arg>
<arg>CZ</arg>
<arg>DE</arg>
<arg>DJ</arg>
<arg>DK</arg>
<arg>DM</arg>
<arg>DO</arg>
<arg>DZ</arg>
<arg>EC</arg>
<arg>EE</arg>
<arg>EG</arg>
<arg>EH</arg>
<arg>ER</arg>
<arg>ES</arg>
<arg>ET</arg>
<arg>FI</arg>
<arg>FJ</arg>
<arg>FK</arg>
<arg>FM</arg>
<arg>FO</arg>
<arg>FR</arg>
<arg>GA</arg>
<arg>GB</arg>
<arg>GD</arg>
<arg>GE</arg>
<arg>GF</arg>
<arg>GG</arg>
<arg>GH</arg>
<arg>GI</arg>
<arg>GL</arg>
<arg>GM</arg>
<arg>GN</arg>
<arg>GP</arg>
<arg>GQ</arg>
<arg>GR</arg>
<arg>GS</arg>
<arg>GT</arg>
<arg>GU</arg>
<arg>GW</arg>
<arg>GY</arg>
<arg>HK</arg>
<arg>HM</arg>
<arg>HN</arg>
<arg>HR</arg>
<arg>HT</arg>
<arg>HU</arg>
<arg>ID</arg>
<arg>IE</arg>
<arg>IL</arg>
<arg>IM</arg>
<arg>IN</arg>
<arg>IO</arg>
<arg>IQ</arg>
<arg>IR</arg>
<arg>IS</arg>
<arg>IT</arg>
<arg>JE</arg>
<arg>JM</arg>
<arg>JO</arg>
<arg>JP</arg>
<arg>KE</arg>
<arg>KG</arg>
<arg>KH</arg>
<arg>KI</arg>
<arg>KM</arg>
<arg>KN</arg>
<arg>KP</arg>
<arg>KR</arg>
<arg>KW</arg>
<arg>KY</arg>
<arg>KZ</arg>
<arg>LA</arg>
<arg>LB</arg>
<arg>LC</arg>
<arg>LI</arg>
<arg>LK</arg>
<arg>LR</arg>
<arg>LS</arg>
<arg>LT</arg>
<arg>LU</arg>
<arg>LV</arg>
<arg>LY</arg>
<arg>MA</arg>
<arg>MC</arg>
<arg>MD</arg>
<arg>ME</arg>
<arg>MF</arg>
<arg>MG</arg>
<arg>MH</arg>
<arg>MK</arg>
<arg>ML</arg>
<arg>MM</arg>
<arg>MN</arg>
<arg>MO</arg>
<arg>MP</arg>
<arg>MQ</arg>
<arg>MR</arg>
<arg>MS</arg>
<arg>MT</arg>
<arg>MU</arg>
<arg>MV</arg>
<arg>MW</arg>
<arg>MX</arg>
<arg>MY</arg>
<arg>MZ</arg>
<arg>NA</arg>
<arg>NC</arg>
<arg>NE</arg>
<arg>NF</arg>
<arg>NG</arg>
<arg>NI</arg>
<arg>NL</arg>
<arg>NO</arg>
<arg>NP</arg>
<arg>NR</arg>
<arg>NU</arg>
<arg>NZ</arg>
<arg>OM</arg>
<arg>PA</arg>
<arg>PE</arg>
<arg>PF</arg>
<arg>PG</arg>
<arg>PH</arg>
<arg>PK</arg>
<arg>PL</arg>
<arg>PM</arg>
<arg>PN</arg>
<arg>PR</arg>
<arg>PS</arg>
<arg>PT</arg>
<arg>PW</arg>
<arg>PY</arg>
<arg>QA</arg>
<arg>RE</arg>
<arg>RO</arg>
<arg>RS</arg>
<arg>RU</arg>
<arg>RW</arg>
<arg>SA</arg>
<arg>SB</arg>
<arg>SC</arg>
<arg>SD</arg>
<arg>SE</arg>
<arg>SG</arg>
<arg>SH</arg>
<arg>SI</arg>
<arg>SJ</arg>
<arg>SK</arg>
<arg>SL</arg>
<arg>SM</arg>
<arg>SN</arg>
<arg>SO</arg>
<arg>SR</arg>
<arg>SS</arg>
<arg>ST</arg>
<arg>SV</arg>
<arg>SX</arg>
<arg>SY</arg>
<arg>SZ</arg>
<arg>TC</arg>
<arg>TD</arg>
<arg>TF</arg>
<arg>TG</arg>
<arg>TH</arg>
<arg>TJ</arg>
<arg>TK</arg>
<arg>TL</arg>
<arg>TM</arg>
<arg>TN</arg>
<arg>TO</arg>
<arg>TR</arg>
<arg>TT</arg>
<arg>TV</arg>
<arg>TW</arg>
<arg>TZ</arg>
<arg>UA</arg>
<arg>UG</arg>
<arg>UM</arg>
<arg>US</arg>
<arg>UY</arg>
<arg>UZ</arg>
<arg>VA</arg>
<arg>VC</arg>
<arg>VE</arg>
<arg>VG</arg>
<arg>VI</arg>
<arg>VN</arg>
<arg>VU</arg>
<arg>WF</arg>
<arg>WS</arg>
<arg>XK</arg>
<arg>YE</arg>
<arg>YT</arg>
<arg>ZA</arg>
<arg>ZM</arg>
<arg>ZW</arg>
<doc>Returns a list containing given items.</doc>
<status status="PASS" start="2024-04-28T23:13:13.100240" elapsed="0.000688"/>
</kw>
<kw name="List Should Contain Value" owner="Collections">
<msg time="2024-04-28T23:13:13.101906" level="INFO">False</msg>
<arg>${list_country}</arg>
<arg>${name_country}</arg>
<doc>Fails if the ``value`` is not found from ``list``.</doc>
<status status="PASS" start="2024-04-28T23:13:13.101700" elapsed="0.000245"/>
</kw>
<kw name="Run Keyword If" owner="BuiltIn">
<kw name="Should Be True" owner="BuiltIn">
<arg>${True}</arg>
<doc>Fails if the given condition is not true.</doc>
<status status="PASS" start="2024-04-28T23:13:13.102995" elapsed="0.000142"/>
</kw>
<arg>${json_data["results"][0]["location"]["coordinates"]["latitude"]} &gt;= -90 and ${json_data["results"][0]["location"]["coordinates"]["latitude"]} &lt;= 90</arg>
<arg>Should Be True</arg>
<arg>${True}</arg>
<doc>Runs the given keyword with the given arguments, if ``condition`` is true.</doc>
<status status="PASS" start="2024-04-28T23:13:13.102254" elapsed="0.001005"/>
</kw>
<kw name="Run Keyword If" owner="BuiltIn">
<kw name="Should Be True" owner="BuiltIn">
<arg>${True}</arg>
<doc>Fails if the given condition is not true.</doc>
<status status="PASS" start="2024-04-28T23:13:13.104129" elapsed="0.000253"/>
</kw>
<arg>${json_data["results"][0]["location"]["coordinates"]["longitude"]} &gt;= -180 and ${json_data["results"][0]["location"]["coordinates"]["longitude"]} &lt;= 180</arg>
<arg>Should Be True</arg>
<arg>${True}</arg>
<doc>Runs the given keyword with the given arguments, if ``condition`` is true.</doc>
<status status="PASS" start="2024-04-28T23:13:13.103442" elapsed="0.001065"/>
</kw>
<status status="PASS" start="2024-04-28T23:13:13.005365" elapsed="0.099304"/>
</kw>
<doc>Testa o conteúdo específico dos campos retornados pela API.</doc>
<tag>testeConteudo</tag>
<status status="PASS" start="2024-04-28T23:13:13.004795" elapsed="0.100037"/>
</test>
<status status="PASS" start="2024-04-28T23:13:12.304769" elapsed="0.802063"/>
</suite>
<status status="PASS" start="2024-04-28T23:13:12.291271" elapsed="0.820727"/>
</suite>
<statistics>
<total>
<stat pass="5" fail="0" skip="0">All Tests</stat>
</total>
<tag>
<stat pass="1" fail="0" skip="0">testeConteudo</stat>
<stat pass="1" fail="0" skip="0">testeEstruturaResposta</stat>
<stat pass="1" fail="0" skip="0">testeRequisicaoBasica</stat>
<stat pass="1" fail="0" skip="0">testeTiposDados</stat>
</tag>
<suite>
<stat pass="5" fail="0" skip="0" id="s1" name="Tests">Tests</stat>
<stat pass="5" fail="0" skip="0" id="s1-s1" name="Random-User-Test">Tests.Random-User-Test</stat>
</suite>
</statistics>
<errors>
</errors>
</robot>
