<?xml version="1.0" encoding="UTF-8"?>
<robot generator="Robot 7.0 (Python 3.12.3 on linux)" generated="2024-05-21T02:27:38.408496" rpa="false" schemaversion="5">
<suite id="s1" name="Tests" source="/home/runner/work/DesafioQAItauRogerioJordao/DesafioQAItauRogerioJordao/RamdonUser/tests">
<suite id="s1-s1" name="Random-User-Test" source="/home/runner/work/DesafioQAItauRogerioJordao/DesafioQAItauRogerioJordao/RamdonUser/tests/random-user-test.robot">
<test id="s1-s1-t1" name="Conectar" line="13">
<kw name="Conectar API" owner="random-user-service">
<kw name="Create Session" owner="RequestsLibrary">
<msg time="2024-05-21T02:27:38.784106" level="INFO">Creating Session using : alias=consultarAPI, url=https://randomuser.me/, headers={},                     cookies={}, auth=None, timeout=None, proxies=None, verify=False,                     debug=0 </msg>
<arg>consultarAPI</arg>
<arg>${URL}</arg>
<doc>Create Session: create a HTTP session to a server</doc>
<status status="PASS" start="2024-05-21T02:27:38.783920" elapsed="0.000351"/>
</kw>
<status status="PASS" start="2024-05-21T02:27:38.783009" elapsed="0.001600"/>
</kw>
<status status="PASS" start="2024-05-21T02:27:38.782512" elapsed="0.002285"/>
</test>
<test id="s1-s1-t2" name="Validar retorno 200 e JSON Válido" line="16">
<kw name="Teste de Requisicao Basica" owner="random-user-service">
<kw name="GET On Session" owner="RequestsLibrary">
<msg time="2024-05-21T02:27:38.863840" level="INFO">GET Request : url=https://randomuser.me/api 
 path_url=/api 
 headers={'User-Agent': 'python-requests/2.32.1', 'Accept-Encoding': 'gzip, deflate', 'Accept': '*/*', 'Connection': 'keep-alive'} 
 body=None 
 </msg>
<msg time="2024-05-21T02:27:38.863936" level="INFO">GET Response : url=https://randomuser.me/api 
 status=200, reason=OK 
 headers={'Date': 'Tue, 21 May 2024 02:27:38 GMT', 'Content-Type': 'application/json; charset=utf-8', 'Transfer-Encoding': 'chunked', 'Connection': 'keep-alive', 'X-Powered-By': 'Express', 'Access-Control-Allow-Origin': '*', 'Cache-Control': 'no-cache', 'ETag': 'W/"47e-+TKSP5iacgfL0sM5qSxcjU/1diY"', 'Vary': 'Accept-Encoding', 'Content-Encoding': 'gzip', 'CF-Cache-Status': 'DYNAMIC', 'Report-To': '{"endpoints":[{"url":"https:\\/\\/a.nel.cloudflare.com\\/report\\/v4?s=7tST7cPGHhw%2BhS%2Bv%2BotmhvhLTJNVuS3TWjxrERlpciiCdrRypifkO1gzbyfT0k0wUjFwkyk%2BNxvH2UgMR1wh2E0z4zzkHzwq1Hp8QdjoytDP9V2WD8Eg63l2lE84%2FGlV"}],"group":"cf-nel","max_age":604800}', 'NEL': '{"success_fraction":0,"report_to":"cf-nel","max_age":604800}', 'Server': 'cloudflare', 'CF-RAY': '887120e7aaca6399-ORD', 'alt-svc': 'h3=":443"; ma=86400'} 
 body={"results":[{"gender":"male","name":{"title":"Mr","first":"Roberto","last":"Aguilar"},"location":{"street":{"number":2149,"name":"Avenida de Castilla"},"city":"Mérida","state":"Galicia","country":"Spain","postcode":21638,"coordinates":{"latitude":"-38.2072","longitude":"-178.5146"},"timezone":{"offset":"+9:30","description":"Adelaide, Darwin"}},"email":"roberto.aguilar@example.com","login":{"uuid":"d0e319a2-523e-43a5-ab67-2f459b077473","username":"happyladybug243","password":"reds","salt":"xjn4mNw3","md5":"98563b9addf5c22573dcd3bd5bd04aa8","sha1":"65f34212842f2a5c5a5dbc8c5373601e6cbd5b67","sha256":"ea58f54b3c84ff7af4a0f30d9d401ee689fb39be85a157c824e08a577ca412ef"},"dob":{"date":"1999-09-08T08:02:16.333Z","age":24},"registered":{"date":"2007-12-30T21:15:41.205Z","age":16},"phone":"966-044-242","cell":"644-158-214","id":{"name":"DNI","value":"28868221-R"},"picture":{"large":"https://randomuser.me/api/portraits/men/37.jpg","medium":"https://randomuser.me/api/portraits/med/men/37.jpg","thumbnail":"https://randomuser.me/api/portraits/thumb/men/37.jpg"},"nat":"ES"}],"info":{"seed":"fdd54ffdf88489bf","results":1,"page":1,"version":"1.4"}} 
 </msg>
<msg time="2024-05-21T02:27:38.864029" level="INFO">/opt/hostedtoolcache/Python/3.12.3/x64/lib/python3.12/site-packages/urllib3/connectionpool.py:1103: InsecureRequestWarning: Unverified HTTPS request is being made to host 'randomuser.me'. Adding certificate verification is strongly advised. See: https://urllib3.readthedocs.io/en/latest/advanced-usage.html#tls-warnings
  warnings.warn(</msg>
<msg time="2024-05-21T02:27:38.864161" level="INFO">${response} = &lt;Response [200]&gt;</msg>
<var>${response}</var>
<arg>consultarAPI</arg>
<arg>/api</arg>
<doc>Sends a GET request on a previously created HTTP Session.</doc>
<status status="PASS" start="2024-05-21T02:27:38.787363" elapsed="0.076839"/>
</kw>
<kw name="Should Be Equal As Numbers" owner="BuiltIn">
<msg time="2024-05-21T02:27:38.865068" level="INFO">Argument types are:
&lt;class 'int'&gt;
&lt;class 'str'&gt;</msg>
<arg>${response.status_code}</arg>
<arg>200</arg>
<doc>Fails if objects are unequal after converting them to real numbers.</doc>
<status status="PASS" start="2024-05-21T02:27:38.864665" elapsed="0.000466"/>
</kw>
<kw name="Log" owner="BuiltIn">
<msg time="2024-05-21T02:27:38.865800" level="INFO">200</msg>
<arg>${response.status_code}</arg>
<doc>Logs the given message with the given level.</doc>
<status status="PASS" start="2024-05-21T02:27:38.865452" elapsed="0.000396"/>
</kw>
<kw name="Set Variable" owner="BuiltIn">
<msg time="2024-05-21T02:27:38.866648" level="INFO">${json_data} = {'results': [{'gender': 'male', 'name': {'title': 'Mr', 'first': 'Roberto', 'last': 'Aguilar'}, 'location': {'street': {'number': 2149, 'name': 'Avenida de Castilla'}, 'city': 'Mérida', 'state': 'Gali...</msg>
<var>${json_data}</var>
<arg>${response.json()}</arg>
<doc>Returns the given values which can then be assigned to a variables.</doc>
<status status="PASS" start="2024-05-21T02:27:38.866153" elapsed="0.000527"/>
</kw>
<kw name="Dictionary Should Contain Key" owner="Collections">
<msg time="2024-05-21T02:27:38.867158" level="INFO">False</msg>
<arg>${json_data}</arg>
<arg>results</arg>
<doc>Fails if ``key`` is not found from ``dictionary``.</doc>
<status status="PASS" start="2024-05-21T02:27:38.866989" elapsed="0.000210"/>
</kw>
<status status="PASS" start="2024-05-21T02:27:38.787126" elapsed="0.080329"/>
</kw>
<doc>Testa se a API responde corretamente e retorna um objeto JSON válido.</doc>
<tag>testeRequisicaoBasica</tag>
<status status="PASS" start="2024-05-21T02:27:38.786676" elapsed="0.080948"/>
</test>
<test id="s1-s1-t3" name="Validar estrutura de resposta" line="22">
<kw name="Teste de Estrutura de Resposta" owner="random-user-service">
<kw name="GET On Session" owner="RequestsLibrary">
<msg time="2024-05-21T02:27:38.967560" level="INFO">GET Request : url=https://randomuser.me/api 
 path_url=/api 
 headers={'User-Agent': 'python-requests/2.32.1', 'Accept-Encoding': 'gzip, deflate', 'Accept': '*/*', 'Connection': 'keep-alive'} 
 body=None 
 </msg>
<msg time="2024-05-21T02:27:38.967639" level="INFO">GET Response : url=https://randomuser.me/api 
 status=200, reason=OK 
 headers={'Date': 'Tue, 21 May 2024 02:27:38 GMT', 'Content-Type': 'application/json; charset=utf-8', 'Transfer-Encoding': 'chunked', 'Connection': 'keep-alive', 'X-Powered-By': 'Express', 'Access-Control-Allow-Origin': '*', 'Cache-Control': 'no-cache', 'ETag': 'W/"486-feFiUPXk5mQeFA0JNV+azt0YRPc"', 'Vary': 'Accept-Encoding', 'Content-Encoding': 'gzip', 'CF-Cache-Status': 'DYNAMIC', 'Report-To': '{"endpoints":[{"url":"https:\\/\\/a.nel.cloudflare.com\\/report\\/v4?s=GpjIjw%2BEF7%2FJRNaLO5rK0DxrtQvlJw01IFwn0MUMg%2Bu9udMIid5xVcB36favkEjp2EsjDaVV9IJ8BWA%2F0DMZOOMFwfE%2FmWIpNURC3Bkx5gjNdHwdrSuhmwNfvrnpembo"}],"group":"cf-nel","max_age":604800}', 'NEL': '{"success_fraction":0,"report_to":"cf-nel","max_age":604800}', 'Server': 'cloudflare', 'CF-RAY': '887120e7fb1c6399-ORD', 'alt-svc': 'h3=":443"; ma=86400'} 
 body={"results":[{"gender":"male","name":{"title":"Mr","first":"Noah","last":"Alexander"},"location":{"street":{"number":8553,"name":"Victoria Street"},"city":"Derby","state":"Northumberland","country":"United Kingdom","postcode":"PA70 0SP","coordinates":{"latitude":"-7.9906","longitude":"-57.2861"},"timezone":{"offset":"-10:00","description":"Hawaii"}},"email":"noah.alexander@example.com","login":{"uuid":"b01de4b7-1c4d-4cdf-81ff-c01f7647ad60","username":"yellowzebra824","password":"adult","salt":"fVp3W29t","md5":"39687325e522465be22190de636d9fda","sha1":"1c1baecf2cfd6aeec46c6c94a80cc1a316d197cf","sha256":"e7ec5f92d2830bd22ba384362a74b5f8c389424d4586f5956c28d5fa86b5f473"},"dob":{"date":"1946-07-10T02:53:44.116Z","age":77},"registered":{"date":"2004-02-22T02:48:46.755Z","age":20},"phone":"01121 517262","cell":"07676 781506","id":{"name":"NINO","value":"NR 71 45 60 Z"},"picture":{"large":"https://randomuser.me/api/portraits/men/99.jpg","medium":"https://randomuser.me/api/portraits/med/men/99.jpg","thumbnail":"https://randomuser.me/api/portraits/thumb/men/99.jpg"},"nat":"GB"}],"info":{"seed":"c8537bef456aa74e","results":1,"page":1,"version":"1.4"}} 
 </msg>
<msg time="2024-05-21T02:27:38.967748" level="INFO">/opt/hostedtoolcache/Python/3.12.3/x64/lib/python3.12/site-packages/urllib3/connectionpool.py:1103: InsecureRequestWarning: Unverified HTTPS request is being made to host 'randomuser.me'. Adding certificate verification is strongly advised. See: https://urllib3.readthedocs.io/en/latest/advanced-usage.html#tls-warnings
  warnings.warn(</msg>
<msg time="2024-05-21T02:27:38.967884" level="INFO">${response} = &lt;Response [200]&gt;</msg>
<var>${response}</var>
<arg>consultarAPI</arg>
<arg>/api</arg>
<doc>Sends a GET request on a previously created HTTP Session.</doc>
<status status="PASS" start="2024-05-21T02:27:38.870258" elapsed="0.097671"/>
</kw>
<kw name="Set Variable" owner="BuiltIn">
<msg time="2024-05-21T02:27:38.968752" level="INFO">${json_data} = {'results': [{'gender': 'male', 'name': {'title': 'Mr', 'first': 'Noah', 'last': 'Alexander'}, 'location': {'street': {'number': 8553, 'name': 'Victoria Street'}, 'city': 'Derby', 'state': 'Northumber...</msg>
<var>${json_data}</var>
<arg>${response.json()}</arg>
<doc>Returns the given values which can then be assigned to a variables.</doc>
<status status="PASS" start="2024-05-21T02:27:38.968304" elapsed="0.000476"/>
</kw>
<kw name="Log" owner="BuiltIn">
<msg time="2024-05-21T02:27:38.969244" level="INFO">{'results': [{'gender': 'male', 'name': {'title': 'Mr', 'first': 'Noah', 'last': 'Alexander'}, 'location': {'street': {'number': 8553, 'name': 'Victoria Street'}, 'city': 'Derby', 'state': 'Northumberland', 'country': 'United Kingdom', 'postcode': 'PA70 0SP', 'coordinates': {'latitude': '-7.9906', 'longitude': '-57.2861'}, 'timezone': {'offset': '-10:00', 'description': 'Hawaii'}}, 'email': 'noah.alexander@example.com', 'login': {'uuid': 'b01de4b7-1c4d-4cdf-81ff-c01f7647ad60', 'username': 'yellowzebra824', 'password': 'adult', 'salt': 'fVp3W29t', 'md5': '39687325e522465be22190de636d9fda', 'sha1': '1c1baecf2cfd6aeec46c6c94a80cc1a316d197cf', 'sha256': 'e7ec5f92d2830bd22ba384362a74b5f8c389424d4586f5956c28d5fa86b5f473'}, 'dob': {'date': '1946-07-10T02:53:44.116Z', 'age': 77}, 'registered': {'date': '2004-02-22T02:48:46.755Z', 'age': 20}, 'phone': '01121 517262', 'cell': '07676 781506', 'id': {'name': 'NINO', 'value': 'NR 71 45 60 Z'}, 'picture': {'large': 'https://randomuser.me/api/portraits/men/99.jpg', 'medium': 'https://randomuser.me/api/portraits/med/men/99.jpg', 'thumbnail': 'https://randomuser.me/api/portraits/thumb/men/99.jpg'}, 'nat': 'GB'}], 'info': {'seed': 'c8537bef456aa74e', 'results': 1, 'page': 1, 'version': '1.4'}}</msg>
<arg>${json_data}</arg>
<doc>Logs the given message with the given level.</doc>
<status status="PASS" start="2024-05-21T02:27:38.969087" elapsed="0.000212"/>
</kw>
<kw name="Dictionary Should Contain Key" owner="Collections">
<msg time="2024-05-21T02:27:38.969746" level="INFO">False</msg>
<arg>${json_data}</arg>
<arg>results</arg>
<doc>Fails if ``key`` is not found from ``dictionary``.</doc>
<status status="PASS" start="2024-05-21T02:27:38.969593" elapsed="0.000190"/>
</kw>
<kw name="Should Not Be Empty" owner="BuiltIn">
<msg time="2024-05-21T02:27:38.970252" level="INFO">Length is 2.</msg>
<arg>${json_data}</arg>
<doc>Verifies that the given item is not empty.</doc>
<status status="PASS" start="2024-05-21T02:27:38.970078" elapsed="0.000216"/>
</kw>
<kw name="Create List" owner="BuiltIn">
<msg time="2024-05-21T02:27:38.970878" level="INFO">${expected_keys} = ['gender', 'name', 'location', 'email', 'login']</msg>
<var>${expected_keys}</var>
<arg>gender</arg>
<arg>name</arg>
<arg>location</arg>
<arg>email</arg>
<arg>login</arg>
<doc>Returns a list containing given items.</doc>
<status status="PASS" start="2024-05-21T02:27:38.970598" elapsed="0.000304"/>
</kw>
<for flavor="IN">
<iter>
<kw name="Dictionary Should Contain Key" owner="Collections">
<msg time="2024-05-21T02:27:38.971874" level="INFO">False</msg>
<arg>${json_data['results'][0]}</arg>
<arg>${key}</arg>
<doc>Fails if ``key`` is not found from ``dictionary``.</doc>
<status status="PASS" start="2024-05-21T02:27:38.971472" elapsed="0.000440"/>
</kw>
<kw name="Log" owner="BuiltIn">
<msg time="2024-05-21T02:27:38.972572" level="INFO">{'gender': 'male', 'name': {'title': 'Mr', 'first': 'Noah', 'last': 'Alexander'}, 'location': {'street': {'number': 8553, 'name': 'Victoria Street'}, 'city': 'Derby', 'state': 'Northumberland', 'country': 'United Kingdom', 'postcode': 'PA70 0SP', 'coordinates': {'latitude': '-7.9906', 'longitude': '-57.2861'}, 'timezone': {'offset': '-10:00', 'description': 'Hawaii'}}, 'email': 'noah.alexander@example.com', 'login': {'uuid': 'b01de4b7-1c4d-4cdf-81ff-c01f7647ad60', 'username': 'yellowzebra824', 'password': 'adult', 'salt': 'fVp3W29t', 'md5': '39687325e522465be22190de636d9fda', 'sha1': '1c1baecf2cfd6aeec46c6c94a80cc1a316d197cf', 'sha256': 'e7ec5f92d2830bd22ba384362a74b5f8c389424d4586f5956c28d5fa86b5f473'}, 'dob': {'date': '1946-07-10T02:53:44.116Z', 'age': 77}, 'registered': {'date': '2004-02-22T02:48:46.755Z', 'age': 20}, 'phone': '01121 517262', 'cell': '07676 781506', 'id': {'name': 'NINO', 'value': 'NR 71 45 60 Z'}, 'picture': {'large': 'https://randomuser.me/api/portraits/men/99.jpg', 'medium': 'https://randomuser.me/api/portraits/med/men/99.jpg', 'thumbnail': 'https://randomuser.me/api/portraits/thumb/men/99.jpg'}, 'nat': 'GB'}</msg>
<arg>${json_data['results'][0]}</arg>
<doc>Logs the given message with the given level.</doc>
<status status="PASS" start="2024-05-21T02:27:38.972211" elapsed="0.000419"/>
</kw>
<kw name="Log" owner="BuiltIn">
<msg time="2024-05-21T02:27:38.973061" level="INFO">gender</msg>
<arg>${key}</arg>
<doc>Logs the given message with the given level.</doc>
<status status="PASS" start="2024-05-21T02:27:38.972931" elapsed="0.000168"/>
</kw>
<var name="${key}">gender</var>
<status status="PASS" start="2024-05-21T02:27:38.971339" elapsed="0.001975"/>
</iter>
<iter>
<kw name="Dictionary Should Contain Key" owner="Collections">
<msg time="2024-05-21T02:27:38.973998" level="INFO">False</msg>
<arg>${json_data['results'][0]}</arg>
<arg>${key}</arg>
<doc>Fails if ``key`` is not found from ``dictionary``.</doc>
<status status="PASS" start="2024-05-21T02:27:38.973612" elapsed="0.000423"/>
</kw>
<kw name="Log" owner="BuiltIn">
<msg time="2024-05-21T02:27:38.974749" level="INFO">{'gender': 'male', 'name': {'title': 'Mr', 'first': 'Noah', 'last': 'Alexander'}, 'location': {'street': {'number': 8553, 'name': 'Victoria Street'}, 'city': 'Derby', 'state': 'Northumberland', 'country': 'United Kingdom', 'postcode': 'PA70 0SP', 'coordinates': {'latitude': '-7.9906', 'longitude': '-57.2861'}, 'timezone': {'offset': '-10:00', 'description': 'Hawaii'}}, 'email': 'noah.alexander@example.com', 'login': {'uuid': 'b01de4b7-1c4d-4cdf-81ff-c01f7647ad60', 'username': 'yellowzebra824', 'password': 'adult', 'salt': 'fVp3W29t', 'md5': '39687325e522465be22190de636d9fda', 'sha1': '1c1baecf2cfd6aeec46c6c94a80cc1a316d197cf', 'sha256': 'e7ec5f92d2830bd22ba384362a74b5f8c389424d4586f5956c28d5fa86b5f473'}, 'dob': {'date': '1946-07-10T02:53:44.116Z', 'age': 77}, 'registered': {'date': '2004-02-22T02:48:46.755Z', 'age': 20}, 'phone': '01121 517262', 'cell': '07676 781506', 'id': {'name': 'NINO', 'value': 'NR 71 45 60 Z'}, 'picture': {'large': 'https://randomuser.me/api/portraits/men/99.jpg', 'medium': 'https://randomuser.me/api/portraits/med/men/99.jpg', 'thumbnail': 'https://randomuser.me/api/portraits/thumb/men/99.jpg'}, 'nat': 'GB'}</msg>
<arg>${json_data['results'][0]}</arg>
<doc>Logs the given message with the given level.</doc>
<status status="PASS" start="2024-05-21T02:27:38.974385" elapsed="0.000413"/>
</kw>
<kw name="Log" owner="BuiltIn">
<msg time="2024-05-21T02:27:38.975230" level="INFO">name</msg>
<arg>${key}</arg>
<doc>Logs the given message with the given level.</doc>
<status status="PASS" start="2024-05-21T02:27:38.975100" elapsed="0.000166"/>
</kw>
<var name="${key}">name</var>
<status status="PASS" start="2024-05-21T02:27:38.973498" elapsed="0.001985"/>
</iter>
<iter>
<kw name="Dictionary Should Contain Key" owner="Collections">
<msg time="2024-05-21T02:27:38.976170" level="INFO">False</msg>
<arg>${json_data['results'][0]}</arg>
<arg>${key}</arg>
<doc>Fails if ``key`` is not found from ``dictionary``.</doc>
<status status="PASS" start="2024-05-21T02:27:38.975775" elapsed="0.000432"/>
</kw>
<kw name="Log" owner="BuiltIn">
<msg time="2024-05-21T02:27:38.976862" level="INFO">{'gender': 'male', 'name': {'title': 'Mr', 'first': 'Noah', 'last': 'Alexander'}, 'location': {'street': {'number': 8553, 'name': 'Victoria Street'}, 'city': 'Derby', 'state': 'Northumberland', 'country': 'United Kingdom', 'postcode': 'PA70 0SP', 'coordinates': {'latitude': '-7.9906', 'longitude': '-57.2861'}, 'timezone': {'offset': '-10:00', 'description': 'Hawaii'}}, 'email': 'noah.alexander@example.com', 'login': {'uuid': 'b01de4b7-1c4d-4cdf-81ff-c01f7647ad60', 'username': 'yellowzebra824', 'password': 'adult', 'salt': 'fVp3W29t', 'md5': '39687325e522465be22190de636d9fda', 'sha1': '1c1baecf2cfd6aeec46c6c94a80cc1a316d197cf', 'sha256': 'e7ec5f92d2830bd22ba384362a74b5f8c389424d4586f5956c28d5fa86b5f473'}, 'dob': {'date': '1946-07-10T02:53:44.116Z', 'age': 77}, 'registered': {'date': '2004-02-22T02:48:46.755Z', 'age': 20}, 'phone': '01121 517262', 'cell': '07676 781506', 'id': {'name': 'NINO', 'value': 'NR 71 45 60 Z'}, 'picture': {'large': 'https://randomuser.me/api/portraits/men/99.jpg', 'medium': 'https://randomuser.me/api/portraits/med/men/99.jpg', 'thumbnail': 'https://randomuser.me/api/portraits/thumb/men/99.jpg'}, 'nat': 'GB'}</msg>
<arg>${json_data['results'][0]}</arg>
<doc>Logs the given message with the given level.</doc>
<status status="PASS" start="2024-05-21T02:27:38.976503" elapsed="0.000407"/>
</kw>
<kw name="Log" owner="BuiltIn">
<msg time="2024-05-21T02:27:38.977357" level="INFO">location</msg>
<arg>${key}</arg>
<doc>Logs the given message with the given level.</doc>
<status status="PASS" start="2024-05-21T02:27:38.977210" elapsed="0.000189"/>
</kw>
<var name="${key}">location</var>
<status status="PASS" start="2024-05-21T02:27:38.975661" elapsed="0.001959"/>
</iter>
<iter>
<kw name="Dictionary Should Contain Key" owner="Collections">
<msg time="2024-05-21T02:27:38.978319" level="INFO">False</msg>
<arg>${json_data['results'][0]}</arg>
<arg>${key}</arg>
<doc>Fails if ``key`` is not found from ``dictionary``.</doc>
<status status="PASS" start="2024-05-21T02:27:38.977906" elapsed="0.000452"/>
</kw>
<kw name="Log" owner="BuiltIn">
<msg time="2024-05-21T02:27:38.979025" level="INFO">{'gender': 'male', 'name': {'title': 'Mr', 'first': 'Noah', 'last': 'Alexander'}, 'location': {'street': {'number': 8553, 'name': 'Victoria Street'}, 'city': 'Derby', 'state': 'Northumberland', 'country': 'United Kingdom', 'postcode': 'PA70 0SP', 'coordinates': {'latitude': '-7.9906', 'longitude': '-57.2861'}, 'timezone': {'offset': '-10:00', 'description': 'Hawaii'}}, 'email': 'noah.alexander@example.com', 'login': {'uuid': 'b01de4b7-1c4d-4cdf-81ff-c01f7647ad60', 'username': 'yellowzebra824', 'password': 'adult', 'salt': 'fVp3W29t', 'md5': '39687325e522465be22190de636d9fda', 'sha1': '1c1baecf2cfd6aeec46c6c94a80cc1a316d197cf', 'sha256': 'e7ec5f92d2830bd22ba384362a74b5f8c389424d4586f5956c28d5fa86b5f473'}, 'dob': {'date': '1946-07-10T02:53:44.116Z', 'age': 77}, 'registered': {'date': '2004-02-22T02:48:46.755Z', 'age': 20}, 'phone': '01121 517262', 'cell': '07676 781506', 'id': {'name': 'NINO', 'value': 'NR 71 45 60 Z'}, 'picture': {'large': 'https://randomuser.me/api/portraits/men/99.jpg', 'medium': 'https://randomuser.me/api/portraits/med/men/99.jpg', 'thumbnail': 'https://randomuser.me/api/portraits/thumb/men/99.jpg'}, 'nat': 'GB'}</msg>
<arg>${json_data['results'][0]}</arg>
<doc>Logs the given message with the given level.</doc>
<status status="PASS" start="2024-05-21T02:27:38.978663" elapsed="0.000411"/>
</kw>
<kw name="Log" owner="BuiltIn">
<msg time="2024-05-21T02:27:38.979505" level="INFO">email</msg>
<arg>${key}</arg>
<doc>Logs the given message with the given level.</doc>
<status status="PASS" start="2024-05-21T02:27:38.979378" elapsed="0.000165"/>
</kw>
<var name="${key}">email</var>
<status status="PASS" start="2024-05-21T02:27:38.977794" elapsed="0.001969"/>
</iter>
<iter>
<kw name="Dictionary Should Contain Key" owner="Collections">
<msg time="2024-05-21T02:27:38.980435" level="INFO">False</msg>
<arg>${json_data['results'][0]}</arg>
<arg>${key}</arg>
<doc>Fails if ``key`` is not found from ``dictionary``.</doc>
<status status="PASS" start="2024-05-21T02:27:38.980050" elapsed="0.000423"/>
</kw>
<kw name="Log" owner="BuiltIn">
<msg time="2024-05-21T02:27:38.981133" level="INFO">{'gender': 'male', 'name': {'title': 'Mr', 'first': 'Noah', 'last': 'Alexander'}, 'location': {'street': {'number': 8553, 'name': 'Victoria Street'}, 'city': 'Derby', 'state': 'Northumberland', 'country': 'United Kingdom', 'postcode': 'PA70 0SP', 'coordinates': {'latitude': '-7.9906', 'longitude': '-57.2861'}, 'timezone': {'offset': '-10:00', 'description': 'Hawaii'}}, 'email': 'noah.alexander@example.com', 'login': {'uuid': 'b01de4b7-1c4d-4cdf-81ff-c01f7647ad60', 'username': 'yellowzebra824', 'password': 'adult', 'salt': 'fVp3W29t', 'md5': '39687325e522465be22190de636d9fda', 'sha1': '1c1baecf2cfd6aeec46c6c94a80cc1a316d197cf', 'sha256': 'e7ec5f92d2830bd22ba384362a74b5f8c389424d4586f5956c28d5fa86b5f473'}, 'dob': {'date': '1946-07-10T02:53:44.116Z', 'age': 77}, 'registered': {'date': '2004-02-22T02:48:46.755Z', 'age': 20}, 'phone': '01121 517262', 'cell': '07676 781506', 'id': {'name': 'NINO', 'value': 'NR 71 45 60 Z'}, 'picture': {'large': 'https://randomuser.me/api/portraits/men/99.jpg', 'medium': 'https://randomuser.me/api/portraits/med/men/99.jpg', 'thumbnail': 'https://randomuser.me/api/portraits/thumb/men/99.jpg'}, 'nat': 'GB'}</msg>
<arg>${json_data['results'][0]}</arg>
<doc>Logs the given message with the given level.</doc>
<status status="PASS" start="2024-05-21T02:27:38.980770" elapsed="0.000411"/>
</kw>
<kw name="Log" owner="BuiltIn">
<msg time="2024-05-21T02:27:38.981602" level="INFO">login</msg>
<arg>${key}</arg>
<doc>Logs the given message with the given level.</doc>
<status status="PASS" start="2024-05-21T02:27:38.981475" elapsed="0.000165"/>
</kw>
<var name="${key}">login</var>
<status status="PASS" start="2024-05-21T02:27:38.979937" elapsed="0.001921"/>
</iter>
<var>${key}</var>
<value>@{expected_keys}</value>
<status status="PASS" start="2024-05-21T02:27:38.971161" elapsed="0.010849"/>
</for>
<kw name="Create List" owner="BuiltIn">
<msg time="2024-05-21T02:27:38.982372" level="INFO">${expected_keysTwo} = ['username', 'password']</msg>
<var>${expected_keysTwo}</var>
<arg>username</arg>
<arg>password</arg>
<doc>Returns a list containing given items.</doc>
<status status="PASS" start="2024-05-21T02:27:38.982231" elapsed="0.000164"/>
</kw>
<for flavor="IN">
<iter>
<kw name="Dictionary Should Contain Key" owner="Collections">
<msg time="2024-05-21T02:27:38.983357" level="INFO">False</msg>
<arg>${json_data['results'][0]['login']}</arg>
<arg>${keyTwo}</arg>
<doc>Fails if ``key`` is not found from ``dictionary``.</doc>
<status status="PASS" start="2024-05-21T02:27:38.982894" elapsed="0.000504"/>
</kw>
<kw name="Dictionary Should Contain Key" owner="Collections">
<msg time="2024-05-21T02:27:38.984097" level="INFO">False</msg>
<arg>${json_data['results'][0]['login']}</arg>
<arg>${keyTwo}</arg>
<doc>Fails if ``key`` is not found from ``dictionary``.</doc>
<status status="PASS" start="2024-05-21T02:27:38.983701" elapsed="0.000447"/>
</kw>
<kw name="Log" owner="BuiltIn">
<msg time="2024-05-21T02:27:38.984654" level="INFO">username</msg>
<arg>${keyTwo}</arg>
<doc>Logs the given message with the given level.</doc>
<status status="PASS" start="2024-05-21T02:27:38.984522" elapsed="0.000169"/>
</kw>
<var name="${keyTwo}">username</var>
<status status="PASS" start="2024-05-21T02:27:38.982784" elapsed="0.002125"/>
</iter>
<iter>
<kw name="Dictionary Should Contain Key" owner="Collections">
<msg time="2024-05-21T02:27:38.985574" level="INFO">False</msg>
<arg>${json_data['results'][0]['login']}</arg>
<arg>${keyTwo}</arg>
<doc>Fails if ``key`` is not found from ``dictionary``.</doc>
<status status="PASS" start="2024-05-21T02:27:38.985192" elapsed="0.000420"/>
</kw>
<kw name="Dictionary Should Contain Key" owner="Collections">
<msg time="2024-05-21T02:27:38.986403" level="INFO">False</msg>
<arg>${json_data['results'][0]['login']}</arg>
<arg>${keyTwo}</arg>
<doc>Fails if ``key`` is not found from ``dictionary``.</doc>
<status status="PASS" start="2024-05-21T02:27:38.985910" elapsed="0.000532"/>
</kw>
<kw name="Log" owner="BuiltIn">
<msg time="2024-05-21T02:27:38.986871" level="INFO">password</msg>
<arg>${keyTwo}</arg>
<doc>Logs the given message with the given level.</doc>
<status status="PASS" start="2024-05-21T02:27:38.986741" elapsed="0.000168"/>
</kw>
<var name="${keyTwo}">password</var>
<status status="PASS" start="2024-05-21T02:27:38.985081" elapsed="0.002046"/>
</iter>
<var>${keyTwo}</var>
<value>@{expected_keysTwo}</value>
<status status="PASS" start="2024-05-21T02:27:38.982633" elapsed="0.004615"/>
</for>
<status status="PASS" start="2024-05-21T02:27:38.869997" elapsed="0.117387"/>
</kw>
<doc>Testa a estrutura da resposta da API.</doc>
<tag>testeEstruturaResposta</tag>
<status status="PASS" start="2024-05-21T02:27:38.869418" elapsed="0.118112"/>
</test>
<test id="s1-s1-t4" name="Validar tipos de dados" line="28">
<kw name="Teste de Tipos de Dados" owner="random-user-service">
<kw name="GET On Session" owner="RequestsLibrary">
<msg time="2024-05-21T02:27:39.068159" level="INFO">GET Request : url=https://randomuser.me/api 
 path_url=/api 
 headers={'User-Agent': 'python-requests/2.32.1', 'Accept-Encoding': 'gzip, deflate', 'Accept': '*/*', 'Connection': 'keep-alive'} 
 body=None 
 </msg>
<msg time="2024-05-21T02:27:39.068222" level="INFO">GET Response : url=https://randomuser.me/api 
 status=200, reason=OK 
 headers={'Date': 'Tue, 21 May 2024 02:27:39 GMT', 'Content-Type': 'application/json; charset=utf-8', 'Transfer-Encoding': 'chunked', 'Connection': 'keep-alive', 'X-Powered-By': 'Express', 'Access-Control-Allow-Origin': '*', 'Cache-Control': 'no-cache', 'ETag': 'W/"48f-7Vs9NyxHOLv39T5bY/YFuEuBXjk"', 'Vary': 'Accept-Encoding', 'Content-Encoding': 'gzip', 'CF-Cache-Status': 'DYNAMIC', 'Report-To': '{"endpoints":[{"url":"https:\\/\\/a.nel.cloudflare.com\\/report\\/v4?s=R8%2FBMObBjTm82hXm%2F8CZx8%2B275dbFGtAEKCv9MM47nIsI0RiwZkanXJ2OaOdT0k23RvmNDz8ejKLUKWGEXBnvfScHhpAQkryzaAj7WcnkGbmBVvyirpNs8MJb9DLS8zj"}],"group":"cf-nel","max_age":604800}', 'NEL': '{"success_fraction":0,"report_to":"cf-nel","max_age":604800}', 'Server': 'cloudflare', 'CF-RAY': '887120e8bc0e6399-ORD', 'alt-svc': 'h3=":443"; ma=86400'} 
 body={"results":[{"gender":"male","name":{"title":"Mr","first":"Jagat","last":"Bharanya"},"location":{"street":{"number":2487,"name":"Bhavani Peth"},"city":"Pudukkottai","state":"Telangana","country":"India","postcode":51400,"coordinates":{"latitude":"6.2088","longitude":"-33.6839"},"timezone":{"offset":"+5:30","description":"Bombay, Calcutta, Madras, New Delhi"}},"email":"jagat.bharanya@example.com","login":{"uuid":"72b31be7-f743-47a6-a86f-d5413b21fd52","username":"greenzebra856","password":"longhorn","salt":"0EsnEPx4","md5":"53fdec1af8b01fee770d099744d33b65","sha1":"d95ec1d029e933aa804021eb22b9394cd8ffe0cc","sha256":"c774a81bc636b8f1461e141275d4a86e4fd31fc238699f1705945c17081c6d51"},"dob":{"date":"1963-08-07T02:40:16.678Z","age":60},"registered":{"date":"2008-01-18T16:38:51.721Z","age":16},"phone":"7711983141","cell":"8997427853","id":{"name":"UIDAI","value":"400666201513"},"picture":{"large":"https://randomuser.me/api/portraits/men/10.jpg","medium":"https://randomuser.me/api/portraits/med/men/10.jpg","thumbnail":"https://randomuser.me/api/portraits/thumb/men/10.jpg"},"nat":"IN"}],"info":{"seed":"3598c140a0b20e55","results":1,"page":1,"version":"1.4"}} 
 </msg>
<msg time="2024-05-21T02:27:39.068277" level="INFO">/opt/hostedtoolcache/Python/3.12.3/x64/lib/python3.12/site-packages/urllib3/connectionpool.py:1103: InsecureRequestWarning: Unverified HTTPS request is being made to host 'randomuser.me'. Adding certificate verification is strongly advised. See: https://urllib3.readthedocs.io/en/latest/advanced-usage.html#tls-warnings
  warnings.warn(</msg>
<msg time="2024-05-21T02:27:39.068381" level="INFO">${response} = &lt;Response [200]&gt;</msg>
<var>${response}</var>
<arg>consultarAPI</arg>
<arg>/api</arg>
<doc>Sends a GET request on a previously created HTTP Session.</doc>
<status status="PASS" start="2024-05-21T02:27:38.989993" elapsed="0.078436"/>
</kw>
<kw name="Set Variable" owner="BuiltIn">
<msg time="2024-05-21T02:27:39.069230" level="INFO">${json_data} = {'results': [{'gender': 'male', 'name': {'title': 'Mr', 'first': 'Jagat', 'last': 'Bharanya'}, 'location': {'street': {'number': 2487, 'name': 'Bhavani Peth'}, 'city': 'Pudukkottai', 'state': 'Telanga...</msg>
<var>${json_data}</var>
<arg>${response.json()}</arg>
<doc>Returns the given values which can then be assigned to a variables.</doc>
<status status="PASS" start="2024-05-21T02:27:39.068795" elapsed="0.000465"/>
</kw>
<kw name="Log" owner="BuiltIn">
<msg time="2024-05-21T02:27:39.069723" level="INFO">{'results': [{'gender': 'male', 'name': {'title': 'Mr', 'first': 'Jagat', 'last': 'Bharanya'}, 'location': {'street': {'number': 2487, 'name': 'Bhavani Peth'}, 'city': 'Pudukkottai', 'state': 'Telangana', 'country': 'India', 'postcode': 51400, 'coordinates': {'latitude': '6.2088', 'longitude': '-33.6839'}, 'timezone': {'offset': '+5:30', 'description': 'Bombay, Calcutta, Madras, New Delhi'}}, 'email': 'jagat.bharanya@example.com', 'login': {'uuid': '72b31be7-f743-47a6-a86f-d5413b21fd52', 'username': 'greenzebra856', 'password': 'longhorn', 'salt': '0EsnEPx4', 'md5': '53fdec1af8b01fee770d099744d33b65', 'sha1': 'd95ec1d029e933aa804021eb22b9394cd8ffe0cc', 'sha256': 'c774a81bc636b8f1461e141275d4a86e4fd31fc238699f1705945c17081c6d51'}, 'dob': {'date': '1963-08-07T02:40:16.678Z', 'age': 60}, 'registered': {'date': '2008-01-18T16:38:51.721Z', 'age': 16}, 'phone': '7711983141', 'cell': '8997427853', 'id': {'name': 'UIDAI', 'value': '400666201513'}, 'picture': {'large': 'https://randomuser.me/api/portraits/men/10.jpg', 'medium': 'https://randomuser.me/api/portraits/med/men/10.jpg', 'thumbnail': 'https://randomuser.me/api/portraits/thumb/men/10.jpg'}, 'nat': 'IN'}], 'info': {'seed': '3598c140a0b20e55', 'results': 1, 'page': 1, 'version': '1.4'}}</msg>
<arg>${json_data}</arg>
<doc>Logs the given message with the given level.</doc>
<status status="PASS" start="2024-05-21T02:27:39.069572" elapsed="0.000240"/>
</kw>
<kw name="Should Be String" owner="String">
<arg>${json_data['results'][0]['gender']}</arg>
<doc>Fails if the given ``item`` is not a string.</doc>
<status status="PASS" start="2024-05-21T02:27:39.070119" elapsed="0.000399"/>
</kw>
<kw name="Should Match Regexp" owner="BuiltIn">
<arg>${json_data['results'][0]['email']}</arg>
<arg>^[a-zA-Z0-9._%+-]+@[a-zA-Z0-9.-]+\.[a-zA-Z]{2,}$</arg>
<doc>Fails if ``string`` does not match ``pattern`` as a regular expression.</doc>
<status status="PASS" start="2024-05-21T02:27:39.070719" elapsed="0.000508"/>
</kw>
<kw name="Should Match Regexp" owner="BuiltIn">
<arg>${json_data['results'][0]['dob']['date']}</arg>
<arg>\\d{4}-\\d{2}-\\d{2}T\\d{2}:\\d{2}:\\d{2}\\.\\d{3}Z</arg>
<doc>Fails if ``string`` does not match ``pattern`` as a regular expression.</doc>
<status status="PASS" start="2024-05-21T02:27:39.071428" elapsed="0.000498"/>
</kw>
<kw name="Should Match Regexp" owner="BuiltIn">
<arg>${json_data['results'][0]['registered']['date']}</arg>
<arg>\\d{4}-\\d{2}-\\d{2}T\\d{2}:\\d{2}:\\d{2}\\.\\d{3}Z</arg>
<doc>Fails if ``string`` does not match ``pattern`` as a regular expression.</doc>
<status status="PASS" start="2024-05-21T02:27:39.072120" elapsed="0.000364"/>
</kw>
<kw name="Should Match Regexp" owner="BuiltIn">
<arg>${json_data['results'][0]['picture']['large']}</arg>
<arg>^https?://.*\.(?:png|jpe?g|gif|bmp)$</arg>
<doc>Fails if ``string`` does not match ``pattern`` as a regular expression.</doc>
<status status="PASS" start="2024-05-21T02:27:39.072674" elapsed="0.000467"/>
</kw>
<kw name="Should Match Regexp" owner="BuiltIn">
<arg>${json_data['results'][0]['picture']['medium']}</arg>
<arg>^https?://.*\.(?:png|jpe?g|gif|bmp)$</arg>
<doc>Fails if ``string`` does not match ``pattern`` as a regular expression.</doc>
<status status="PASS" start="2024-05-21T02:27:39.073335" elapsed="0.000353"/>
</kw>
<kw name="Should Match Regexp" owner="BuiltIn">
<arg>${json_data['results'][0]['picture']['thumbnail']}</arg>
<arg>^https?://.*\.(?:png|jpe?g|gif|bmp)$</arg>
<doc>Fails if ``string`` does not match ``pattern`` as a regular expression.</doc>
<status status="PASS" start="2024-05-21T02:27:39.073877" elapsed="0.000385"/>
</kw>
<kw name="Log" owner="BuiltIn">
<msg time="2024-05-21T02:27:39.074795" level="INFO">{'large': 'https://randomuser.me/api/portraits/men/10.jpg', 'medium': 'https://randomuser.me/api/portraits/med/men/10.jpg', 'thumbnail': 'https://randomuser.me/api/portraits/thumb/men/10.jpg'}</msg>
<arg>${json_data['results'][0]['picture']}</arg>
<doc>Logs the given message with the given level.</doc>
<status status="PASS" start="2024-05-21T02:27:39.074455" elapsed="0.000384"/>
</kw>
<status status="PASS" start="2024-05-21T02:27:38.989767" elapsed="0.085330"/>
</kw>
<kw name="Teste de Tipos de Dados - Postcode" owner="random-user-service">
<kw name="GET On Session" owner="RequestsLibrary">
<msg time="2024-05-21T02:27:39.170687" level="INFO">GET Request : url=https://randomuser.me/api 
 path_url=/api 
 headers={'User-Agent': 'python-requests/2.32.1', 'Accept-Encoding': 'gzip, deflate', 'Accept': '*/*', 'Connection': 'keep-alive'} 
 body=None 
 </msg>
<msg time="2024-05-21T02:27:39.170770" level="INFO">GET Response : url=https://randomuser.me/api 
 status=200, reason=OK 
 headers={'Date': 'Tue, 21 May 2024 02:27:39 GMT', 'Content-Type': 'application/json; charset=utf-8', 'Transfer-Encoding': 'chunked', 'Connection': 'keep-alive', 'X-Powered-By': 'Express', 'Access-Control-Allow-Origin': '*', 'Cache-Control': 'no-cache', 'ETag': 'W/"493-I1cLMyJO0zfKp9hFNCgQoQWeA2s"', 'Vary': 'Accept-Encoding', 'Content-Encoding': 'gzip', 'CF-Cache-Status': 'DYNAMIC', 'Report-To': '{"endpoints":[{"url":"https:\\/\\/a.nel.cloudflare.com\\/report\\/v4?s=SRi7bO8BXqw5H0pxtFBP3WFlhQtwebBsIFujw9HjgdWKXiutXy6b9WqoLq2Y%2FTNyQrQXm9aJcJdu02OK%2B%2B27MshBHdStY8LHK20AKAIIkdcCnz90oZYbv2soYJDXmQMq"}],"group":"cf-nel","max_age":604800}', 'NEL': '{"success_fraction":0,"report_to":"cf-nel","max_age":604800}', 'Server': 'cloudflare', 'CF-RAY': '887120e93caa6399-ORD', 'alt-svc': 'h3=":443"; ma=86400'} 
 body={"results":[{"gender":"female","name":{"title":"Miss","first":"Linda","last":"Henry"},"location":{"street":{"number":535,"name":"Park Avenue"},"city":"Clonakilty","state":"Galway City","country":"Ireland","postcode":50259,"coordinates":{"latitude":"2.7107","longitude":"35.2087"},"timezone":{"offset":"+11:00","description":"Magadan, Solomon Islands, New Caledonia"}},"email":"linda.henry@example.com","login":{"uuid":"a64f0945-767e-4bf8-9e8b-a4626cbf81c4","username":"silvermouse327","password":"lips","salt":"yD4S0HM6","md5":"0944962a7c791e8f5b5bf7c5e0e0aaa4","sha1":"0a3c2bbaa3ab55f10cfffd1daf44c2d596ca91d3","sha256":"10f5bfad7742116429e9cf13a82912888383c51aa842841468c7e7d8e6c65829"},"dob":{"date":"1968-01-27T07:45:32.399Z","age":56},"registered":{"date":"2004-11-11T09:55:42.848Z","age":19},"phone":"061-695-1828","cell":"081-693-1829","id":{"name":"PPS","value":"2961491T"},"picture":{"large":"https://randomuser.me/api/portraits/women/38.jpg","medium":"https://randomuser.me/api/portraits/med/women/38.jpg","thumbnail":"https://randomuser.me/api/portraits/thumb/women/38.jpg"},"nat":"IE"}],"info":{"seed":"3bb53f8b43d15e7f","results":1,"page":1,"version":"1.4"}} 
 </msg>
<msg time="2024-05-21T02:27:39.170841" level="INFO">/opt/hostedtoolcache/Python/3.12.3/x64/lib/python3.12/site-packages/urllib3/connectionpool.py:1103: InsecureRequestWarning: Unverified HTTPS request is being made to host 'randomuser.me'. Adding certificate verification is strongly advised. See: https://urllib3.readthedocs.io/en/latest/advanced-usage.html#tls-warnings
  warnings.warn(</msg>
<msg time="2024-05-21T02:27:39.170951" level="INFO">${response} = &lt;Response [200]&gt;</msg>
<var>${response}</var>
<arg>consultarAPI</arg>
<arg>/api</arg>
<doc>Sends a GET request on a previously created HTTP Session.</doc>
<status status="PASS" start="2024-05-21T02:27:39.075526" elapsed="0.095466"/>
</kw>
<kw name="Set Variable" owner="BuiltIn">
<msg time="2024-05-21T02:27:39.171987" level="INFO">${json_data} = {'results': [{'gender': 'female', 'name': {'title': 'Miss', 'first': 'Linda', 'last': 'Henry'}, 'location': {'street': {'number': 535, 'name': 'Park Avenue'}, 'city': 'Clonakilty', 'state': 'Galway Ci...</msg>
<var>${json_data}</var>
<arg>${response.json()}</arg>
<doc>Returns the given values which can then be assigned to a variables.</doc>
<status status="PASS" start="2024-05-21T02:27:39.171540" elapsed="0.000477"/>
</kw>
<kw name="Log" owner="BuiltIn">
<msg time="2024-05-21T02:27:39.172481" level="INFO">{'results': [{'gender': 'female', 'name': {'title': 'Miss', 'first': 'Linda', 'last': 'Henry'}, 'location': {'street': {'number': 535, 'name': 'Park Avenue'}, 'city': 'Clonakilty', 'state': 'Galway City', 'country': 'Ireland', 'postcode': 50259, 'coordinates': {'latitude': '2.7107', 'longitude': '35.2087'}, 'timezone': {'offset': '+11:00', 'description': 'Magadan, Solomon Islands, New Caledonia'}}, 'email': 'linda.henry@example.com', 'login': {'uuid': 'a64f0945-767e-4bf8-9e8b-a4626cbf81c4', 'username': 'silvermouse327', 'password': 'lips', 'salt': 'yD4S0HM6', 'md5': '0944962a7c791e8f5b5bf7c5e0e0aaa4', 'sha1': '0a3c2bbaa3ab55f10cfffd1daf44c2d596ca91d3', 'sha256': '10f5bfad7742116429e9cf13a82912888383c51aa842841468c7e7d8e6c65829'}, 'dob': {'date': '1968-01-27T07:45:32.399Z', 'age': 56}, 'registered': {'date': '2004-11-11T09:55:42.848Z', 'age': 19}, 'phone': '061-695-1828', 'cell': '081-693-1829', 'id': {'name': 'PPS', 'value': '2961491T'}, 'picture': {'large': 'https://randomuser.me/api/portraits/women/38.jpg', 'medium': 'https://randomuser.me/api/portraits/med/women/38.jpg', 'thumbnail': 'https://randomuser.me/api/portraits/thumb/women/38.jpg'}, 'nat': 'IE'}], 'info': {'seed': '3bb53f8b43d15e7f', 'results': 1, 'page': 1, 'version': '1.4'}}</msg>
<arg>${json_data}</arg>
<doc>Logs the given message with the given level.</doc>
<status status="PASS" start="2024-05-21T02:27:39.172331" elapsed="0.000230"/>
</kw>
<kw name="Should Be Equal As Numbers" owner="BuiltIn">
<arg>${json_data['results'][0]['location']['postcode']}</arg>
<arg>${json_data['results'][0]['location']['postcode']}</arg>
<doc>Fails if objects are unequal after converting them to real numbers.</doc>
<status status="PASS" start="2024-05-21T02:27:39.172865" elapsed="0.000750"/>
</kw>
<kw name="Log" owner="BuiltIn">
<msg time="2024-05-21T02:27:39.174145" level="INFO">50259</msg>
<arg>${json_data['results'][0]['location']['postcode']}</arg>
<doc>Logs the given message with the given level.</doc>
<status status="PASS" start="2024-05-21T02:27:39.173809" elapsed="0.000403"/>
</kw>
<status status="PASS" start="2024-05-21T02:27:39.075309" elapsed="0.099165"/>
</kw>
<doc>Testa se os tipos de dados na resposta da API estão corretos.</doc>
<tag>testeTiposDados</tag>
<status status="PASS" start="2024-05-21T02:27:38.989266" elapsed="0.185364"/>
</test>
<test id="s1-s1-t5" name="Validar conteudo" line="35">
<kw name="Teste de Tipos de Conteudo" owner="random-user-service">
<kw name="GET On Session" owner="RequestsLibrary">
<msg time="2024-05-21T02:27:39.267468" level="INFO">GET Request : url=https://randomuser.me/api 
 path_url=/api 
 headers={'User-Agent': 'python-requests/2.32.1', 'Accept-Encoding': 'gzip, deflate', 'Accept': '*/*', 'Connection': 'keep-alive'} 
 body=None 
 </msg>
<msg time="2024-05-21T02:27:39.267550" level="INFO">GET Response : url=https://randomuser.me/api 
 status=200, reason=OK 
 headers={'Date': 'Tue, 21 May 2024 02:27:39 GMT', 'Content-Type': 'application/json; charset=utf-8', 'Transfer-Encoding': 'chunked', 'Connection': 'keep-alive', 'X-Powered-By': 'Express', 'Access-Control-Allow-Origin': '*', 'Cache-Control': 'no-cache', 'ETag': 'W/"491-A5jVjL+68TusrNQUR0qLFhiIFeg"', 'Vary': 'Accept-Encoding', 'Content-Encoding': 'gzip', 'CF-Cache-Status': 'DYNAMIC', 'Report-To': '{"endpoints":[{"url":"https:\\/\\/a.nel.cloudflare.com\\/report\\/v4?s=91H5%2FESKVvo%2F%2FEizEmgap6N%2Fuyp505091BEl84Er0Ag2GeKH5Ms354rX5M9Thx6HlT19mzeOtfOAxHZI%2FSK%2BSbZq3mJGclynvU7acu9cDrdp%2BvsVHIBu00hjrZXVRN8r"}],"group":"cf-nel","max_age":604800}', 'NEL': '{"success_fraction":0,"report_to":"cf-nel","max_age":604800}', 'Server': 'cloudflare', 'CF-RAY': '887120e9dd836399-ORD', 'alt-svc': 'h3=":443"; ma=86400'} 
 body={"results":[{"gender":"female","name":{"title":"Mrs","first":"Jucemira","last":"Pires"},"location":{"street":{"number":3521,"name":"Rua Dezessete "},"city":"Caruaru","state":"Rio de Janeiro","country":"Brazil","postcode":70635,"coordinates":{"latitude":"-75.6798","longitude":"59.8952"},"timezone":{"offset":"-3:30","description":"Newfoundland"}},"email":"jucemira.pires@example.com","login":{"uuid":"7c55543a-a56c-40ac-bde0-75748ca7497f","username":"beautifulladybug388","password":"these","salt":"uxVbOWUZ","md5":"52e2049ca04251f5362fcd916e5ecaf2","sha1":"cb90e2544b146aaabcd19fe82a2d26ff887d0046","sha256":"f5cba8f6de2150259a2da7fb0010946a79190e58f951b94c8ff204b097bcc31a"},"dob":{"date":"1970-02-25T12:58:53.613Z","age":54},"registered":{"date":"2008-02-21T02:38:42.358Z","age":16},"phone":"(76) 4254-9019","cell":"(97) 0288-4350","id":{"name":"CPF","value":"513.160.076-51"},"picture":{"large":"https://randomuser.me/api/portraits/women/51.jpg","medium":"https://randomuser.me/api/portraits/med/women/51.jpg","thumbnail":"https://randomuser.me/api/portraits/thumb/women/51.jpg"},"nat":"BR"}],"info":{"seed":"d7847a74b67ea864","results":1,"page":1,"version":"1.4"}} 
 </msg>
<msg time="2024-05-21T02:27:39.267619" level="INFO">/opt/hostedtoolcache/Python/3.12.3/x64/lib/python3.12/site-packages/urllib3/connectionpool.py:1103: InsecureRequestWarning: Unverified HTTPS request is being made to host 'randomuser.me'. Adding certificate verification is strongly advised. See: https://urllib3.readthedocs.io/en/latest/advanced-usage.html#tls-warnings
  warnings.warn(</msg>
<msg time="2024-05-21T02:27:39.267701" level="INFO">${response} = &lt;Response [200]&gt;</msg>
<var>${response}</var>
<arg>consultarAPI</arg>
<arg>/api</arg>
<doc>Sends a GET request on a previously created HTTP Session.</doc>
<status status="PASS" start="2024-05-21T02:27:39.177009" elapsed="0.090725"/>
</kw>
<kw name="Set Variable" owner="BuiltIn">
<msg time="2024-05-21T02:27:39.268529" level="INFO">${json_data} = {'results': [{'gender': 'female', 'name': {'title': 'Mrs', 'first': 'Jucemira', 'last': 'Pires'}, 'location': {'street': {'number': 3521, 'name': 'Rua Dezessete '}, 'city': 'Caruaru', 'state': 'Rio de...</msg>
<var>${json_data}</var>
<arg>${response.json()}</arg>
<doc>Returns the given values which can then be assigned to a variables.</doc>
<status status="PASS" start="2024-05-21T02:27:39.268100" elapsed="0.000457"/>
</kw>
<kw name="Set Variable" owner="BuiltIn">
<msg time="2024-05-21T02:27:39.269250" level="INFO">${name_title} = Mrs</msg>
<var>${name_title}</var>
<arg>${json_data["results"][0]["name"]["title"]}</arg>
<doc>Returns the given values which can then be assigned to a variables.</doc>
<status status="PASS" start="2024-05-21T02:27:39.268860" elapsed="0.000415"/>
</kw>
<kw name="Create List" owner="BuiltIn">
<msg time="2024-05-21T02:27:39.269714" level="INFO">${allowed_titles} = ['Mr', 'Ms', 'Miss', 'Mrs', 'Madame', 'Monsieur']</msg>
<var>${allowed_titles}</var>
<arg>Mr</arg>
<arg>Ms</arg>
<arg>Miss</arg>
<arg>Mrs</arg>
<arg>Madame</arg>
<arg>Monsieur</arg>
<doc>Returns a list containing given items.</doc>
<status status="PASS" start="2024-05-21T02:27:39.269569" elapsed="0.000168"/>
</kw>
<kw name="List Should Contain Value" owner="Collections">
<msg time="2024-05-21T02:27:39.270224" level="INFO">False</msg>
<arg>${allowed_titles}</arg>
<arg>${name_title}</arg>
<doc>Fails if the ``value`` is not found from ``list``.</doc>
<status status="PASS" start="2024-05-21T02:27:39.270030" elapsed="0.000239"/>
</kw>
<kw name="Set Variable" owner="BuiltIn">
<msg time="2024-05-21T02:27:39.270932" level="INFO">${name_country} = BR</msg>
<var>${name_country}</var>
<arg>${json_data["results"][0]["nat"]}</arg>
<doc>Returns the given values which can then be assigned to a variables.</doc>
<status status="PASS" start="2024-05-21T02:27:39.270561" elapsed="0.000396"/>
</kw>
<kw name="Create List" owner="BuiltIn">
<msg time="2024-05-21T02:27:39.271847" level="INFO">${list_country} = ['AD', 'AE', 'AF', 'AG', 'AI', 'AL', 'AM', 'AO', 'AQ', 'AR', 'AS', 'AT', 'AU', 'AW', 'AX', 'AZ', 'BA', 'BB', 'BD', 'BE', 'BF', 'BG', 'BH', 'BI', 'BJ', 'BL', 'BM', 'BN', 'BO', 'BQ', 'BR', 'BS', 'BT', '...</msg>
<var>${list_country}</var>
<arg>AD</arg>
<arg>AE</arg>
<arg>AF</arg>
<arg>AG</arg>
<arg>AI</arg>
<arg>AL</arg>
<arg>AM</arg>
<arg>AO</arg>
<arg>AQ</arg>
<arg>AR</arg>
<arg>AS</arg>
<arg>AT</arg>
<arg>AU</arg>
<arg>AW</arg>
<arg>AX</arg>
<arg>AZ</arg>
<arg>BA</arg>
<arg>BB</arg>
<arg>BD</arg>
<arg>BE</arg>
<arg>BF</arg>
<arg>BG</arg>
<arg>BH</arg>
<arg>BI</arg>
<arg>BJ</arg>
<arg>BL</arg>
<arg>BM</arg>
<arg>BN</arg>
<arg>BO</arg>
<arg>BQ</arg>
<arg>BR</arg>
<arg>BS</arg>
<arg>BT</arg>
<arg>BV</arg>
<arg>BW</arg>
<arg>BY</arg>
<arg>BZ</arg>
<arg>CA</arg>
<arg>CC</arg>
<arg>CD</arg>
<arg>CF</arg>
<arg>CG</arg>
<arg>CH</arg>
<arg>CI</arg>
<arg>CK</arg>
<arg>CL</arg>
<arg>CM</arg>
<arg>CN</arg>
<arg>CO</arg>
<arg>CR</arg>
<arg>CU</arg>
<arg>CV</arg>
<arg>CW</arg>
<arg>CX</arg>
<arg>CY</arg>
<arg>CZ</arg>
<arg>DE</arg>
<arg>DJ</arg>
<arg>DK</arg>
<arg>DM</arg>
<arg>DO</arg>
<arg>DZ</arg>
<arg>EC</arg>
<arg>EE</arg>
<arg>EG</arg>
<arg>EH</arg>
<arg>ER</arg>
<arg>ES</arg>
<arg>ET</arg>
<arg>FI</arg>
<arg>FJ</arg>
<arg>FK</arg>
<arg>FM</arg>
<arg>FO</arg>
<arg>FR</arg>
<arg>GA</arg>
<arg>GB</arg>
<arg>GD</arg>
<arg>GE</arg>
<arg>GF</arg>
<arg>GG</arg>
<arg>GH</arg>
<arg>GI</arg>
<arg>GL</arg>
<arg>GM</arg>
<arg>GN</arg>
<arg>GP</arg>
<arg>GQ</arg>
<arg>GR</arg>
<arg>GS</arg>
<arg>GT</arg>
<arg>GU</arg>
<arg>GW</arg>
<arg>GY</arg>
<arg>HK</arg>
<arg>HM</arg>
<arg>HN</arg>
<arg>HR</arg>
<arg>HT</arg>
<arg>HU</arg>
<arg>ID</arg>
<arg>IE</arg>
<arg>IL</arg>
<arg>IM</arg>
<arg>IN</arg>
<arg>IO</arg>
<arg>IQ</arg>
<arg>IR</arg>
<arg>IS</arg>
<arg>IT</arg>
<arg>JE</arg>
<arg>JM</arg>
<arg>JO</arg>
<arg>JP</arg>
<arg>KE</arg>
<arg>KG</arg>
<arg>KH</arg>
<arg>KI</arg>
<arg>KM</arg>
<arg>KN</arg>
<arg>KP</arg>
<arg>KR</arg>
<arg>KW</arg>
<arg>KY</arg>
<arg>KZ</arg>
<arg>LA</arg>
<arg>LB</arg>
<arg>LC</arg>
<arg>LI</arg>
<arg>LK</arg>
<arg>LR</arg>
<arg>LS</arg>
<arg>LT</arg>
<arg>LU</arg>
<arg>LV</arg>
<arg>LY</arg>
<arg>MA</arg>
<arg>MC</arg>
<arg>MD</arg>
<arg>ME</arg>
<arg>MF</arg>
<arg>MG</arg>
<arg>MH</arg>
<arg>MK</arg>
<arg>ML</arg>
<arg>MM</arg>
<arg>MN</arg>
<arg>MO</arg>
<arg>MP</arg>
<arg>MQ</arg>
<arg>MR</arg>
<arg>MS</arg>
<arg>MT</arg>
<arg>MU</arg>
<arg>MV</arg>
<arg>MW</arg>
<arg>MX</arg>
<arg>MY</arg>
<arg>MZ</arg>
<arg>NA</arg>
<arg>NC</arg>
<arg>NE</arg>
<arg>NF</arg>
<arg>NG</arg>
<arg>NI</arg>
<arg>NL</arg>
<arg>NO</arg>
<arg>NP</arg>
<arg>NR</arg>
<arg>NU</arg>
<arg>NZ</arg>
<arg>OM</arg>
<arg>PA</arg>
<arg>PE</arg>
<arg>PF</arg>
<arg>PG</arg>
<arg>PH</arg>
<arg>PK</arg>
<arg>PL</arg>
<arg>PM</arg>
<arg>PN</arg>
<arg>PR</arg>
<arg>PS</arg>
<arg>PT</arg>
<arg>PW</arg>
<arg>PY</arg>
<arg>QA</arg>
<arg>RE</arg>
<arg>RO</arg>
<arg>RS</arg>
<arg>RU</arg>
<arg>RW</arg>
<arg>SA</arg>
<arg>SB</arg>
<arg>SC</arg>
<arg>SD</arg>
<arg>SE</arg>
<arg>SG</arg>
<arg>SH</arg>
<arg>SI</arg>
<arg>SJ</arg>
<arg>SK</arg>
<arg>SL</arg>
<arg>SM</arg>
<arg>SN</arg>
<arg>SO</arg>
<arg>SR</arg>
<arg>SS</arg>
<arg>ST</arg>
<arg>SV</arg>
<arg>SX</arg>
<arg>SY</arg>
<arg>SZ</arg>
<arg>TC</arg>
<arg>TD</arg>
<arg>TF</arg>
<arg>TG</arg>
<arg>TH</arg>
<arg>TJ</arg>
<arg>TK</arg>
<arg>TL</arg>
<arg>TM</arg>
<arg>TN</arg>
<arg>TO</arg>
<arg>TR</arg>
<arg>TT</arg>
<arg>TV</arg>
<arg>TW</arg>
<arg>TZ</arg>
<arg>UA</arg>
<arg>UG</arg>
<arg>UM</arg>
<arg>US</arg>
<arg>UY</arg>
<arg>UZ</arg>
<arg>VA</arg>
<arg>VC</arg>
<arg>VE</arg>
<arg>VG</arg>
<arg>VI</arg>
<arg>VN</arg>
<arg>VU</arg>
<arg>WF</arg>
<arg>WS</arg>
<arg>XK</arg>
<arg>YE</arg>
<arg>YT</arg>
<arg>ZA</arg>
<arg>ZM</arg>
<arg>ZW</arg>
<doc>Returns a list containing given items.</doc>
<status status="PASS" start="2024-05-21T02:27:39.271253" elapsed="0.000618"/>
</kw>
<kw name="List Should Contain Value" owner="Collections">
<msg time="2024-05-21T02:27:39.272849" level="INFO">False</msg>
<arg>${list_country}</arg>
<arg>${name_country}</arg>
<doc>Fails if the ``value`` is not found from ``list``.</doc>
<status status="PASS" start="2024-05-21T02:27:39.272653" elapsed="0.000231"/>
</kw>
<kw name="Run Keyword If" owner="BuiltIn">
<kw name="Should Be True" owner="BuiltIn">
<arg>${True}</arg>
<doc>Fails if the given condition is not true.</doc>
<status status="PASS" start="2024-05-21T02:27:39.273935" elapsed="0.000143"/>
</kw>
<arg>${json_data["results"][0]["location"]["coordinates"]["latitude"]} &gt;= -90 and ${json_data["results"][0]["location"]["coordinates"]["latitude"]} &lt;= 90</arg>
<arg>Should Be True</arg>
<arg>${True}</arg>
<doc>Runs the given keyword with the given arguments, if ``condition`` is true.</doc>
<status status="PASS" start="2024-05-21T02:27:39.273194" elapsed="0.001032"/>
</kw>
<kw name="Run Keyword If" owner="BuiltIn">
<kw name="Should Be True" owner="BuiltIn">
<arg>${True}</arg>
<doc>Fails if the given condition is not true.</doc>
<status status="PASS" start="2024-05-21T02:27:39.275112" elapsed="0.000243"/>
</kw>
<arg>${json_data["results"][0]["location"]["coordinates"]["longitude"]} &gt;= -180 and ${json_data["results"][0]["location"]["coordinates"]["longitude"]} &lt;= 180</arg>
<arg>Should Be True</arg>
<arg>${True}</arg>
<doc>Runs the given keyword with the given arguments, if ``condition`` is true.</doc>
<status status="PASS" start="2024-05-21T02:27:39.274426" elapsed="0.001055"/>
</kw>
<status status="PASS" start="2024-05-21T02:27:39.176791" elapsed="0.098820"/>
</kw>
<doc>Testa o conteúdo específico dos campos retornados pela API.</doc>
<tag>testeConteudo</tag>
<status status="PASS" start="2024-05-21T02:27:39.176384" elapsed="0.099370"/>
</test>
<status status="PASS" start="2024-05-21T02:27:38.465213" elapsed="0.812385"/>
</suite>
<status status="PASS" start="2024-05-21T02:27:38.451844" elapsed="0.830816"/>
</suite>
<statistics>
<total>
<stat pass="5" fail="0" skip="0">All Tests</stat>
</total>
<tag>
<stat pass="1" fail="0" skip="0">testeConteudo</stat>
<stat pass="1" fail="0" skip="0">testeEstruturaResposta</stat>
<stat pass="1" fail="0" skip="0">testeRequisicaoBasica</stat>
<stat pass="1" fail="0" skip="0">testeTiposDados</stat>
</tag>
<suite>
<stat pass="5" fail="0" skip="0" id="s1" name="Tests">Tests</stat>
<stat pass="5" fail="0" skip="0" id="s1-s1" name="Random-User-Test">Tests.Random-User-Test</stat>
</suite>
</statistics>
<errors>
</errors>
</robot>
