<?xml version="1.0" encoding="UTF-8"?>
<robot generator="Robot 7.0 (Python 3.12.3 on linux)" generated="2024-05-21T14:13:16.118949" rpa="false" schemaversion="5">
<suite id="s1" name="Tests" source="/home/runner/work/DesafioQAItauRogerioJordao/DesafioQAItauRogerioJordao/RamdonUser/tests">
<suite id="s1-s1" name="Random-User-Test" source="/home/runner/work/DesafioQAItauRogerioJordao/DesafioQAItauRogerioJordao/RamdonUser/tests/random-user-test.robot">
<test id="s1-s1-t1" name="Conectar" line="13">
<kw name="Conectar API" owner="random-user-service">
<kw name="Create Session" owner="RequestsLibrary">
<msg time="2024-05-21T14:13:16.514097" level="INFO">Creating Session using : alias=consultarAPI, url=https://randomuser.me/, headers={},                     cookies={}, auth=None, timeout=None, proxies=None, verify=False,                     debug=0 </msg>
<arg>consultarAPI</arg>
<arg>${URL}</arg>
<doc>Create Session: create a HTTP session to a server</doc>
<status status="PASS" start="2024-05-21T14:13:16.513877" elapsed="0.000414"/>
</kw>
<status status="PASS" start="2024-05-21T14:13:16.512794" elapsed="0.001882"/>
</kw>
<status status="PASS" start="2024-05-21T14:13:16.512195" elapsed="0.002687"/>
</test>
<test id="s1-s1-t2" name="Validar retorno 200 e JSON Válido" line="16">
<kw name="Teste de Requisicao Basica" owner="random-user-service">
<kw name="GET On Session" owner="RequestsLibrary">
<msg time="2024-05-21T14:13:16.601452" level="INFO">GET Request : url=https://randomuser.me/api 
 path_url=/api 
 headers={'User-Agent': 'python-requests/2.32.1', 'Accept-Encoding': 'gzip, deflate', 'Accept': '*/*', 'Connection': 'keep-alive'} 
 body=None 
 </msg>
<msg time="2024-05-21T14:13:16.601611" level="INFO">GET Response : url=https://randomuser.me/api 
 status=200, reason=OK 
 headers={'Date': 'Tue, 21 May 2024 14:13:16 GMT', 'Content-Type': 'application/json; charset=utf-8', 'Transfer-Encoding': 'chunked', 'Connection': 'keep-alive', 'X-Powered-By': 'Express', 'Access-Control-Allow-Origin': '*', 'Cache-Control': 'no-cache', 'ETag': 'W/"48d-lCLewaCi7IHmArTHD9TmUo1VX+A"', 'Vary': 'Accept-Encoding', 'Content-Encoding': 'gzip', 'CF-Cache-Status': 'DYNAMIC', 'Report-To': '{"endpoints":[{"url":"https:\\/\\/a.nel.cloudflare.com\\/report\\/v4?s=mhnq7icyy2L0j6OdPXTrs0d56WJ5mcFDuiU3TEcnuC3tbwnF3tr75Mp18yCerOe3nh9hxHi1AbRShJigsnSvBZOAtBjRami%2BVNCl9SXqbictou3NY7xu9Q4ZWTkAKZOk"}],"group":"cf-nel","max_age":604800}', 'NEL': '{"success_fraction":0,"report_to":"cf-nel","max_age":604800}', 'Server': 'cloudflare', 'CF-RAY': '88752a8a8d50594f-IAD', 'alt-svc': 'h3=":443"; ma=86400'} 
 body={"results":[{"gender":"male","name":{"title":"Mr","first":"Jayden","last":"Fields"},"location":{"street":{"number":5082,"name":"Dame Street"},"city":"Carrigaline","state":"Kilkenny","country":"Ireland","postcode":58707,"coordinates":{"latitude":"1.9088","longitude":"-156.5735"},"timezone":{"offset":"-6:00","description":"Central Time (US &amp; Canada), Mexico City"}},"email":"jayden.fields@example.com","login":{"uuid":"73382378-ea91-402e-89f3-a55f100d2add","username":"yellowduck664","password":"mike1","salt":"5QMgbl4q","md5":"a9609aeb82de5c9ab9f7acc9170f87cd","sha1":"8378edef58805778a8730a378a7283e2301b0448","sha256":"4e24da0d2dd35d8e2909d42effe981fa91dea040d2865dcad5958338f324a5e1"},"dob":{"date":"1965-03-10T23:00:37.312Z","age":59},"registered":{"date":"2009-09-08T03:11:34.943Z","age":14},"phone":"011-008-1688","cell":"081-878-4235","id":{"name":"PPS","value":"3863963T"},"picture":{"large":"https://randomuser.me/api/portraits/men/94.jpg","medium":"https://randomuser.me/api/portraits/med/men/94.jpg","thumbnail":"https://randomuser.me/api/portraits/thumb/men/94.jpg"},"nat":"IE"}],"info":{"seed":"0d00299decb63392","results":1,"page":1,"version":"1.4"}} 
 </msg>
<msg time="2024-05-21T14:13:16.601700" level="INFO">/opt/hostedtoolcache/Python/3.12.3/x64/lib/python3.12/site-packages/urllib3/connectionpool.py:1103: InsecureRequestWarning: Unverified HTTPS request is being made to host 'randomuser.me'. Adding certificate verification is strongly advised. See: https://urllib3.readthedocs.io/en/latest/advanced-usage.html#tls-warnings
  warnings.warn(</msg>
<msg time="2024-05-21T14:13:16.601862" level="INFO">${response} = &lt;Response [200]&gt;</msg>
<var>${response}</var>
<arg>consultarAPI</arg>
<arg>/api</arg>
<doc>Sends a GET request on a previously created HTTP Session.</doc>
<status status="PASS" start="2024-05-21T14:13:16.517555" elapsed="0.084340"/>
</kw>
<kw name="Should Be Equal As Numbers" owner="BuiltIn">
<msg time="2024-05-21T14:13:16.602898" level="INFO">Argument types are:
&lt;class 'int'&gt;
&lt;class 'str'&gt;</msg>
<arg>${response.status_code}</arg>
<arg>200</arg>
<doc>Fails if objects are unequal after converting them to real numbers.</doc>
<status status="PASS" start="2024-05-21T14:13:16.602424" elapsed="0.000546"/>
</kw>
<kw name="Log" owner="BuiltIn">
<msg time="2024-05-21T14:13:16.603779" level="INFO">200</msg>
<arg>${response.status_code}</arg>
<doc>Logs the given message with the given level.</doc>
<status status="PASS" start="2024-05-21T14:13:16.603388" elapsed="0.000442"/>
</kw>
<kw name="Set Variable" owner="BuiltIn">
<msg time="2024-05-21T14:13:16.604670" level="INFO">${json_data} = {'results': [{'gender': 'male', 'name': {'title': 'Mr', 'first': 'Jayden', 'last': 'Fields'}, 'location': {'street': {'number': 5082, 'name': 'Dame Street'}, 'city': 'Carrigaline', 'state': 'Kilkenny'...</msg>
<var>${json_data}</var>
<arg>${response.json()}</arg>
<doc>Returns the given values which can then be assigned to a variables.</doc>
<status status="PASS" start="2024-05-21T14:13:16.604176" elapsed="0.000523"/>
</kw>
<kw name="Dictionary Should Contain Key" owner="Collections">
<msg time="2024-05-21T14:13:16.605206" level="INFO">False</msg>
<arg>${json_data}</arg>
<arg>results</arg>
<doc>Fails if ``key`` is not found from ``dictionary``.</doc>
<status status="PASS" start="2024-05-21T14:13:16.605028" elapsed="0.000393"/>
</kw>
<status status="PASS" start="2024-05-21T14:13:16.517291" elapsed="0.088406"/>
</kw>
<doc>Testa se a API responde corretamente e retorna um objeto JSON válido.</doc>
<tag>testeRequisicaoBasica</tag>
<status status="PASS" start="2024-05-21T14:13:16.516808" elapsed="0.089078"/>
</test>
<test id="s1-s1-t3" name="Validar estrutura de resposta" line="22">
<kw name="Teste de Estrutura de Resposta" owner="random-user-service">
<kw name="GET On Session" owner="RequestsLibrary">
<msg time="2024-05-21T14:13:16.696024" level="INFO">GET Request : url=https://randomuser.me/api 
 path_url=/api 
 headers={'User-Agent': 'python-requests/2.32.1', 'Accept-Encoding': 'gzip, deflate', 'Accept': '*/*', 'Connection': 'keep-alive'} 
 body=None 
 </msg>
<msg time="2024-05-21T14:13:16.696142" level="INFO">GET Response : url=https://randomuser.me/api 
 status=200, reason=OK 
 headers={'Date': 'Tue, 21 May 2024 14:13:16 GMT', 'Content-Type': 'application/json; charset=utf-8', 'Transfer-Encoding': 'chunked', 'Connection': 'keep-alive', 'X-Powered-By': 'Express', 'Access-Control-Allow-Origin': '*', 'Cache-Control': 'no-cache', 'ETag': 'W/"4a4-IOU6nx1KmG9pY/+W/x8uojV14Rg"', 'Vary': 'Accept-Encoding', 'Content-Encoding': 'gzip', 'CF-Cache-Status': 'DYNAMIC', 'Report-To': '{"endpoints":[{"url":"https:\\/\\/a.nel.cloudflare.com\\/report\\/v4?s=m6DCfnCn%2FXXLE9EOZ9wyJyGMFhTYZTzU46WF%2F7qHpuXOL4ifln3Nhi9uy0nhQbxr9jB5FmrH2G4L%2F2LKJPHetr1z0IoVxyaghJxEN0T9I5h5gOTjKIqN01ArV6P2Nrps"}],"group":"cf-nel","max_age":604800}', 'NEL': '{"success_fraction":0,"report_to":"cf-nel","max_age":604800}', 'Server': 'cloudflare', 'CF-RAY': '88752a8adda3594f-IAD', 'alt-svc': 'h3=":443"; ma=86400'} 
 body={"results":[{"gender":"male","name":{"title":"Monsieur","first":"Mathias","last":"Bonnet"},"location":{"street":{"number":7521,"name":"Place Paul-Duquaire"},"city":"Menziken","state":"Genève","country":"Switzerland","postcode":2866,"coordinates":{"latitude":"-58.3448","longitude":"-103.2628"},"timezone":{"offset":"-3:00","description":"Brazil, Buenos Aires, Georgetown"}},"email":"mathias.bonnet@example.com","login":{"uuid":"a15c484e-9f49-4f54-9fd6-d1c833a8eb53","username":"ticklishgorilla851","password":"weed","salt":"K9qK7uqe","md5":"0dbc755fb88a458c3ce733d59342cc7c","sha1":"14b10e7d919a60eacfa51a26138a21c467ca0036","sha256":"a07d0113920ce33d9e86faba5b643c2bd32772784430bd499057fe35263c4568"},"dob":{"date":"1951-06-07T01:46:11.344Z","age":72},"registered":{"date":"2018-02-11T21:46:49.891Z","age":6},"phone":"076 659 73 20","cell":"076 950 96 44","id":{"name":"AVS","value":"756.6388.2917.41"},"picture":{"large":"https://randomuser.me/api/portraits/men/50.jpg","medium":"https://randomuser.me/api/portraits/med/men/50.jpg","thumbnail":"https://randomuser.me/api/portraits/thumb/men/50.jpg"},"nat":"CH"}],"info":{"seed":"601716c22ec1ef9d","results":1,"page":1,"version":"1.4"}} 
 </msg>
<msg time="2024-05-21T14:13:16.696328" level="INFO">/opt/hostedtoolcache/Python/3.12.3/x64/lib/python3.12/site-packages/urllib3/connectionpool.py:1103: InsecureRequestWarning: Unverified HTTPS request is being made to host 'randomuser.me'. Adding certificate verification is strongly advised. See: https://urllib3.readthedocs.io/en/latest/advanced-usage.html#tls-warnings
  warnings.warn(</msg>
<msg time="2024-05-21T14:13:16.696503" level="INFO">${response} = &lt;Response [200]&gt;</msg>
<var>${response}</var>
<arg>consultarAPI</arg>
<arg>/api</arg>
<doc>Sends a GET request on a previously created HTTP Session.</doc>
<status status="PASS" start="2024-05-21T14:13:16.608554" elapsed="0.088004"/>
</kw>
<kw name="Set Variable" owner="BuiltIn">
<msg time="2024-05-21T14:13:16.697683" level="INFO">${json_data} = {'results': [{'gender': 'male', 'name': {'title': 'Monsieur', 'first': 'Mathias', 'last': 'Bonnet'}, 'location': {'street': {'number': 7521, 'name': 'Place Paul-Duquaire'}, 'city': 'Menziken', 'state'...</msg>
<var>${json_data}</var>
<arg>${response.json()}</arg>
<doc>Returns the given values which can then be assigned to a variables.</doc>
<status status="PASS" start="2024-05-21T14:13:16.697121" elapsed="0.000593"/>
</kw>
<kw name="Log" owner="BuiltIn">
<msg time="2024-05-21T14:13:16.698239" level="INFO">{'results': [{'gender': 'male', 'name': {'title': 'Monsieur', 'first': 'Mathias', 'last': 'Bonnet'}, 'location': {'street': {'number': 7521, 'name': 'Place Paul-Duquaire'}, 'city': 'Menziken', 'state': 'Genève', 'country': 'Switzerland', 'postcode': 2866, 'coordinates': {'latitude': '-58.3448', 'longitude': '-103.2628'}, 'timezone': {'offset': '-3:00', 'description': 'Brazil, Buenos Aires, Georgetown'}}, 'email': 'mathias.bonnet@example.com', 'login': {'uuid': 'a15c484e-9f49-4f54-9fd6-d1c833a8eb53', 'username': 'ticklishgorilla851', 'password': 'weed', 'salt': 'K9qK7uqe', 'md5': '0dbc755fb88a458c3ce733d59342cc7c', 'sha1': '14b10e7d919a60eacfa51a26138a21c467ca0036', 'sha256': 'a07d0113920ce33d9e86faba5b643c2bd32772784430bd499057fe35263c4568'}, 'dob': {'date': '1951-06-07T01:46:11.344Z', 'age': 72}, 'registered': {'date': '2018-02-11T21:46:49.891Z', 'age': 6}, 'phone': '076 659 73 20', 'cell': '076 950 96 44', 'id': {'name': 'AVS', 'value': '756.6388.2917.41'}, 'picture': {'large': 'https://randomuser.me/api/portraits/men/50.jpg', 'medium': 'https://randomuser.me/api/portraits/med/men/50.jpg', 'thumbnail': 'https://randomuser.me/api/portraits/thumb/men/50.jpg'}, 'nat': 'CH'}], 'info': {'seed': '601716c22ec1ef9d', 'results': 1, 'page': 1, 'version': '1.4'}}</msg>
<arg>${json_data}</arg>
<doc>Logs the given message with the given level.</doc>
<status status="PASS" start="2024-05-21T14:13:16.698066" elapsed="0.000225"/>
</kw>
<kw name="Dictionary Should Contain Key" owner="Collections">
<msg time="2024-05-21T14:13:16.698780" level="INFO">False</msg>
<arg>${json_data}</arg>
<arg>results</arg>
<doc>Fails if ``key`` is not found from ``dictionary``.</doc>
<status status="PASS" start="2024-05-21T14:13:16.698609" elapsed="0.000209"/>
</kw>
<kw name="Should Not Be Empty" owner="BuiltIn">
<msg time="2024-05-21T14:13:16.699263" level="INFO">Length is 2.</msg>
<arg>${json_data}</arg>
<doc>Verifies that the given item is not empty.</doc>
<status status="PASS" start="2024-05-21T14:13:16.699129" elapsed="0.000175"/>
</kw>
<kw name="Create List" owner="BuiltIn">
<msg time="2024-05-21T14:13:16.699765" level="INFO">${expected_keys} = ['gender', 'name', 'location', 'email', 'login']</msg>
<var>${expected_keys}</var>
<arg>gender</arg>
<arg>name</arg>
<arg>location</arg>
<arg>email</arg>
<arg>login</arg>
<doc>Returns a list containing given items.</doc>
<status status="PASS" start="2024-05-21T14:13:16.699604" elapsed="0.000186"/>
</kw>
<for flavor="IN">
<iter>
<kw name="Dictionary Should Contain Key" owner="Collections">
<msg time="2024-05-21T14:13:16.700861" level="INFO">False</msg>
<arg>${json_data['results'][0]}</arg>
<arg>${key}</arg>
<doc>Fails if ``key`` is not found from ``dictionary``.</doc>
<status status="PASS" start="2024-05-21T14:13:16.700437" elapsed="0.000468"/>
</kw>
<kw name="Log" owner="BuiltIn">
<msg time="2024-05-21T14:13:16.701607" level="INFO">{'gender': 'male', 'name': {'title': 'Monsieur', 'first': 'Mathias', 'last': 'Bonnet'}, 'location': {'street': {'number': 7521, 'name': 'Place Paul-Duquaire'}, 'city': 'Menziken', 'state': 'Genève', 'country': 'Switzerland', 'postcode': 2866, 'coordinates': {'latitude': '-58.3448', 'longitude': '-103.2628'}, 'timezone': {'offset': '-3:00', 'description': 'Brazil, Buenos Aires, Georgetown'}}, 'email': 'mathias.bonnet@example.com', 'login': {'uuid': 'a15c484e-9f49-4f54-9fd6-d1c833a8eb53', 'username': 'ticklishgorilla851', 'password': 'weed', 'salt': 'K9qK7uqe', 'md5': '0dbc755fb88a458c3ce733d59342cc7c', 'sha1': '14b10e7d919a60eacfa51a26138a21c467ca0036', 'sha256': 'a07d0113920ce33d9e86faba5b643c2bd32772784430bd499057fe35263c4568'}, 'dob': {'date': '1951-06-07T01:46:11.344Z', 'age': 72}, 'registered': {'date': '2018-02-11T21:46:49.891Z', 'age': 6}, 'phone': '076 659 73 20', 'cell': '076 950 96 44', 'id': {'name': 'AVS', 'value': '756.6388.2917.41'}, 'picture': {'large': 'https://randomuser.me/api/portraits/men/50.jpg', 'medium': 'https://randomuser.me/api/portraits/med/men/50.jpg', 'thumbnail': 'https://randomuser.me/api/portraits/thumb/men/50.jpg'}, 'nat': 'CH'}</msg>
<arg>${json_data['results'][0]}</arg>
<doc>Logs the given message with the given level.</doc>
<status status="PASS" start="2024-05-21T14:13:16.701226" elapsed="0.000442"/>
</kw>
<kw name="Log" owner="BuiltIn">
<msg time="2024-05-21T14:13:16.702098" level="INFO">gender</msg>
<arg>${key}</arg>
<doc>Logs the given message with the given level.</doc>
<status status="PASS" start="2024-05-21T14:13:16.701970" elapsed="0.000166"/>
</kw>
<var name="${key}">gender</var>
<status status="PASS" start="2024-05-21T14:13:16.700296" elapsed="0.002059"/>
</iter>
<iter>
<kw name="Dictionary Should Contain Key" owner="Collections">
<msg time="2024-05-21T14:13:16.703070" level="INFO">False</msg>
<arg>${json_data['results'][0]}</arg>
<arg>${key}</arg>
<doc>Fails if ``key`` is not found from ``dictionary``.</doc>
<status status="PASS" start="2024-05-21T14:13:16.702670" elapsed="0.000438"/>
</kw>
<kw name="Log" owner="BuiltIn">
<msg time="2024-05-21T14:13:16.703819" level="INFO">{'gender': 'male', 'name': {'title': 'Monsieur', 'first': 'Mathias', 'last': 'Bonnet'}, 'location': {'street': {'number': 7521, 'name': 'Place Paul-Duquaire'}, 'city': 'Menziken', 'state': 'Genève', 'country': 'Switzerland', 'postcode': 2866, 'coordinates': {'latitude': '-58.3448', 'longitude': '-103.2628'}, 'timezone': {'offset': '-3:00', 'description': 'Brazil, Buenos Aires, Georgetown'}}, 'email': 'mathias.bonnet@example.com', 'login': {'uuid': 'a15c484e-9f49-4f54-9fd6-d1c833a8eb53', 'username': 'ticklishgorilla851', 'password': 'weed', 'salt': 'K9qK7uqe', 'md5': '0dbc755fb88a458c3ce733d59342cc7c', 'sha1': '14b10e7d919a60eacfa51a26138a21c467ca0036', 'sha256': 'a07d0113920ce33d9e86faba5b643c2bd32772784430bd499057fe35263c4568'}, 'dob': {'date': '1951-06-07T01:46:11.344Z', 'age': 72}, 'registered': {'date': '2018-02-11T21:46:49.891Z', 'age': 6}, 'phone': '076 659 73 20', 'cell': '076 950 96 44', 'id': {'name': 'AVS', 'value': '756.6388.2917.41'}, 'picture': {'large': 'https://randomuser.me/api/portraits/men/50.jpg', 'medium': 'https://randomuser.me/api/portraits/med/men/50.jpg', 'thumbnail': 'https://randomuser.me/api/portraits/thumb/men/50.jpg'}, 'nat': 'CH'}</msg>
<arg>${json_data['results'][0]}</arg>
<doc>Logs the given message with the given level.</doc>
<status status="PASS" start="2024-05-21T14:13:16.703439" elapsed="0.000432"/>
</kw>
<kw name="Log" owner="BuiltIn">
<msg time="2024-05-21T14:13:16.704330" level="INFO">name</msg>
<arg>${key}</arg>
<doc>Logs the given message with the given level.</doc>
<status status="PASS" start="2024-05-21T14:13:16.704180" elapsed="0.000190"/>
</kw>
<var name="${key}">name</var>
<status status="PASS" start="2024-05-21T14:13:16.702553" elapsed="0.002046"/>
</iter>
<iter>
<kw name="Dictionary Should Contain Key" owner="Collections">
<msg time="2024-05-21T14:13:16.705287" level="INFO">False</msg>
<arg>${json_data['results'][0]}</arg>
<arg>${key}</arg>
<doc>Fails if ``key`` is not found from ``dictionary``.</doc>
<status status="PASS" start="2024-05-21T14:13:16.704903" elapsed="0.000423"/>
</kw>
<kw name="Log" owner="BuiltIn">
<msg time="2024-05-21T14:13:16.706002" level="INFO">{'gender': 'male', 'name': {'title': 'Monsieur', 'first': 'Mathias', 'last': 'Bonnet'}, 'location': {'street': {'number': 7521, 'name': 'Place Paul-Duquaire'}, 'city': 'Menziken', 'state': 'Genève', 'country': 'Switzerland', 'postcode': 2866, 'coordinates': {'latitude': '-58.3448', 'longitude': '-103.2628'}, 'timezone': {'offset': '-3:00', 'description': 'Brazil, Buenos Aires, Georgetown'}}, 'email': 'mathias.bonnet@example.com', 'login': {'uuid': 'a15c484e-9f49-4f54-9fd6-d1c833a8eb53', 'username': 'ticklishgorilla851', 'password': 'weed', 'salt': 'K9qK7uqe', 'md5': '0dbc755fb88a458c3ce733d59342cc7c', 'sha1': '14b10e7d919a60eacfa51a26138a21c467ca0036', 'sha256': 'a07d0113920ce33d9e86faba5b643c2bd32772784430bd499057fe35263c4568'}, 'dob': {'date': '1951-06-07T01:46:11.344Z', 'age': 72}, 'registered': {'date': '2018-02-11T21:46:49.891Z', 'age': 6}, 'phone': '076 659 73 20', 'cell': '076 950 96 44', 'id': {'name': 'AVS', 'value': '756.6388.2917.41'}, 'picture': {'large': 'https://randomuser.me/api/portraits/men/50.jpg', 'medium': 'https://randomuser.me/api/portraits/med/men/50.jpg', 'thumbnail': 'https://randomuser.me/api/portraits/thumb/men/50.jpg'}, 'nat': 'CH'}</msg>
<arg>${json_data['results'][0]}</arg>
<doc>Logs the given message with the given level.</doc>
<status status="PASS" start="2024-05-21T14:13:16.705625" elapsed="0.000438"/>
</kw>
<kw name="Log" owner="BuiltIn">
<msg time="2024-05-21T14:13:16.706502" level="INFO">location</msg>
<arg>${key}</arg>
<doc>Logs the given message with the given level.</doc>
<status status="PASS" start="2024-05-21T14:13:16.706374" elapsed="0.000167"/>
</kw>
<var name="${key}">location</var>
<status status="PASS" start="2024-05-21T14:13:16.704787" elapsed="0.001975"/>
</iter>
<iter>
<kw name="Dictionary Should Contain Key" owner="Collections">
<msg time="2024-05-21T14:13:16.707610" level="INFO">False</msg>
<arg>${json_data['results'][0]}</arg>
<arg>${key}</arg>
<doc>Fails if ``key`` is not found from ``dictionary``.</doc>
<status status="PASS" start="2024-05-21T14:13:16.707060" elapsed="0.000594"/>
</kw>
<kw name="Log" owner="BuiltIn">
<msg time="2024-05-21T14:13:16.708349" level="INFO">{'gender': 'male', 'name': {'title': 'Monsieur', 'first': 'Mathias', 'last': 'Bonnet'}, 'location': {'street': {'number': 7521, 'name': 'Place Paul-Duquaire'}, 'city': 'Menziken', 'state': 'Genève', 'country': 'Switzerland', 'postcode': 2866, 'coordinates': {'latitude': '-58.3448', 'longitude': '-103.2628'}, 'timezone': {'offset': '-3:00', 'description': 'Brazil, Buenos Aires, Georgetown'}}, 'email': 'mathias.bonnet@example.com', 'login': {'uuid': 'a15c484e-9f49-4f54-9fd6-d1c833a8eb53', 'username': 'ticklishgorilla851', 'password': 'weed', 'salt': 'K9qK7uqe', 'md5': '0dbc755fb88a458c3ce733d59342cc7c', 'sha1': '14b10e7d919a60eacfa51a26138a21c467ca0036', 'sha256': 'a07d0113920ce33d9e86faba5b643c2bd32772784430bd499057fe35263c4568'}, 'dob': {'date': '1951-06-07T01:46:11.344Z', 'age': 72}, 'registered': {'date': '2018-02-11T21:46:49.891Z', 'age': 6}, 'phone': '076 659 73 20', 'cell': '076 950 96 44', 'id': {'name': 'AVS', 'value': '756.6388.2917.41'}, 'picture': {'large': 'https://randomuser.me/api/portraits/men/50.jpg', 'medium': 'https://randomuser.me/api/portraits/med/men/50.jpg', 'thumbnail': 'https://randomuser.me/api/portraits/thumb/men/50.jpg'}, 'nat': 'CH'}</msg>
<arg>${json_data['results'][0]}</arg>
<doc>Logs the given message with the given level.</doc>
<status status="PASS" start="2024-05-21T14:13:16.707962" elapsed="0.000445"/>
</kw>
<kw name="Log" owner="BuiltIn">
<msg time="2024-05-21T14:13:16.708842" level="INFO">email</msg>
<arg>${key}</arg>
<doc>Logs the given message with the given level.</doc>
<status status="PASS" start="2024-05-21T14:13:16.708713" elapsed="0.000167"/>
</kw>
<var name="${key}">email</var>
<status status="PASS" start="2024-05-21T14:13:16.706942" elapsed="0.002157"/>
</iter>
<iter>
<kw name="Dictionary Should Contain Key" owner="Collections">
<msg time="2024-05-21T14:13:16.709896" level="INFO">False</msg>
<arg>${json_data['results'][0]}</arg>
<arg>${key}</arg>
<doc>Fails if ``key`` is not found from ``dictionary``.</doc>
<status status="PASS" start="2024-05-21T14:13:16.709391" elapsed="0.000544"/>
</kw>
<kw name="Log" owner="BuiltIn">
<msg time="2024-05-21T14:13:16.710608" level="INFO">{'gender': 'male', 'name': {'title': 'Monsieur', 'first': 'Mathias', 'last': 'Bonnet'}, 'location': {'street': {'number': 7521, 'name': 'Place Paul-Duquaire'}, 'city': 'Menziken', 'state': 'Genève', 'country': 'Switzerland', 'postcode': 2866, 'coordinates': {'latitude': '-58.3448', 'longitude': '-103.2628'}, 'timezone': {'offset': '-3:00', 'description': 'Brazil, Buenos Aires, Georgetown'}}, 'email': 'mathias.bonnet@example.com', 'login': {'uuid': 'a15c484e-9f49-4f54-9fd6-d1c833a8eb53', 'username': 'ticklishgorilla851', 'password': 'weed', 'salt': 'K9qK7uqe', 'md5': '0dbc755fb88a458c3ce733d59342cc7c', 'sha1': '14b10e7d919a60eacfa51a26138a21c467ca0036', 'sha256': 'a07d0113920ce33d9e86faba5b643c2bd32772784430bd499057fe35263c4568'}, 'dob': {'date': '1951-06-07T01:46:11.344Z', 'age': 72}, 'registered': {'date': '2018-02-11T21:46:49.891Z', 'age': 6}, 'phone': '076 659 73 20', 'cell': '076 950 96 44', 'id': {'name': 'AVS', 'value': '756.6388.2917.41'}, 'picture': {'large': 'https://randomuser.me/api/portraits/men/50.jpg', 'medium': 'https://randomuser.me/api/portraits/med/men/50.jpg', 'thumbnail': 'https://randomuser.me/api/portraits/thumb/men/50.jpg'}, 'nat': 'CH'}</msg>
<arg>${json_data['results'][0]}</arg>
<doc>Logs the given message with the given level.</doc>
<status status="PASS" start="2024-05-21T14:13:16.710235" elapsed="0.000423"/>
</kw>
<kw name="Log" owner="BuiltIn">
<msg time="2024-05-21T14:13:16.711097" level="INFO">login</msg>
<arg>${key}</arg>
<doc>Logs the given message with the given level.</doc>
<status status="PASS" start="2024-05-21T14:13:16.710959" elapsed="0.000209"/>
</kw>
<var name="${key}">login</var>
<status status="PASS" start="2024-05-21T14:13:16.709278" elapsed="0.002116"/>
</iter>
<var>${key}</var>
<value>@{expected_keys}</value>
<status status="PASS" start="2024-05-21T14:13:16.700063" elapsed="0.011454"/>
</for>
<kw name="Create List" owner="BuiltIn">
<msg time="2024-05-21T14:13:16.711856" level="INFO">${expected_keysTwo} = ['username', 'password']</msg>
<var>${expected_keysTwo}</var>
<arg>username</arg>
<arg>password</arg>
<doc>Returns a list containing given items.</doc>
<status status="PASS" start="2024-05-21T14:13:16.711716" elapsed="0.000165"/>
</kw>
<for flavor="IN">
<iter>
<kw name="Dictionary Should Contain Key" owner="Collections">
<msg time="2024-05-21T14:13:16.712822" level="INFO">False</msg>
<arg>${json_data['results'][0]['login']}</arg>
<arg>${keyTwo}</arg>
<doc>Fails if ``key`` is not found from ``dictionary``.</doc>
<status status="PASS" start="2024-05-21T14:13:16.712438" elapsed="0.000421"/>
</kw>
<kw name="Dictionary Should Contain Key" owner="Collections">
<msg time="2024-05-21T14:13:16.713617" level="INFO">False</msg>
<arg>${json_data['results'][0]['login']}</arg>
<arg>${keyTwo}</arg>
<doc>Fails if ``key`` is not found from ``dictionary``.</doc>
<status status="PASS" start="2024-05-21T14:13:16.713157" elapsed="0.000499"/>
</kw>
<kw name="Log" owner="BuiltIn">
<msg time="2024-05-21T14:13:16.714082" level="INFO">username</msg>
<arg>${keyTwo}</arg>
<doc>Logs the given message with the given level.</doc>
<status status="PASS" start="2024-05-21T14:13:16.713953" elapsed="0.000166"/>
</kw>
<var name="${keyTwo}">username</var>
<status status="PASS" start="2024-05-21T14:13:16.712316" elapsed="0.002027"/>
</iter>
<iter>
<kw name="Dictionary Should Contain Key" owner="Collections">
<msg time="2024-05-21T14:13:16.715003" level="INFO">False</msg>
<arg>${json_data['results'][0]['login']}</arg>
<arg>${keyTwo}</arg>
<doc>Fails if ``key`` is not found from ``dictionary``.</doc>
<status status="PASS" start="2024-05-21T14:13:16.714624" elapsed="0.000415"/>
</kw>
<kw name="Dictionary Should Contain Key" owner="Collections">
<msg time="2024-05-21T14:13:16.715713" level="INFO">False</msg>
<arg>${json_data['results'][0]['login']}</arg>
<arg>${keyTwo}</arg>
<doc>Fails if ``key`` is not found from ``dictionary``.</doc>
<status status="PASS" start="2024-05-21T14:13:16.715333" elapsed="0.000417"/>
</kw>
<kw name="Log" owner="BuiltIn">
<msg time="2024-05-21T14:13:16.716165" level="INFO">password</msg>
<arg>${keyTwo}</arg>
<doc>Logs the given message with the given level.</doc>
<status status="PASS" start="2024-05-21T14:13:16.716040" elapsed="0.000162"/>
</kw>
<var name="${keyTwo}">password</var>
<status status="PASS" start="2024-05-21T14:13:16.714516" elapsed="0.001933"/>
</iter>
<var>${keyTwo}</var>
<value>@{expected_keysTwo}</value>
<status status="PASS" start="2024-05-21T14:13:16.712130" elapsed="0.004442"/>
</for>
<status status="PASS" start="2024-05-21T14:13:16.608298" elapsed="0.108417"/>
</kw>
<doc>Testa a estrutura da resposta da API.</doc>
<tag>testeEstruturaResposta</tag>
<status status="PASS" start="2024-05-21T14:13:16.607757" elapsed="0.109120"/>
</test>
<test id="s1-s1-t4" name="Validar tipos de dados" line="28">
<kw name="Teste de Tipos de Dados" owner="random-user-service">
<kw name="GET On Session" owner="RequestsLibrary">
<msg time="2024-05-21T14:13:16.800523" level="INFO">GET Request : url=https://randomuser.me/api 
 path_url=/api 
 headers={'User-Agent': 'python-requests/2.32.1', 'Accept-Encoding': 'gzip, deflate', 'Accept': '*/*', 'Connection': 'keep-alive'} 
 body=None 
 </msg>
<msg time="2024-05-21T14:13:16.800628" level="INFO">GET Response : url=https://randomuser.me/api 
 status=200, reason=OK 
 headers={'Date': 'Tue, 21 May 2024 14:13:16 GMT', 'Content-Type': 'application/json; charset=utf-8', 'Transfer-Encoding': 'chunked', 'Connection': 'keep-alive', 'X-Powered-By': 'Express', 'Access-Control-Allow-Origin': '*', 'Cache-Control': 'no-cache', 'ETag': 'W/"46f-oXJQQs79x4up4f4aQ+I+PHKHIL0"', 'Vary': 'Accept-Encoding', 'Content-Encoding': 'gzip', 'CF-Cache-Status': 'DYNAMIC', 'Report-To': '{"endpoints":[{"url":"https:\\/\\/a.nel.cloudflare.com\\/report\\/v4?s=5Fa3EkIq0WJADbvL42wAzuabzAqmO%2FjUtADi4dGp8AD3IJk%2BzTb0Ih7YwtYXBbSYtYJNNHAD782OBCU0exFtF8NLRxFrJSisrDPqG5OTWcSOWrp13IjRqt%2BWWNrZ%2Fs4R"}],"group":"cf-nel","max_age":604800}', 'NEL': '{"success_fraction":0,"report_to":"cf-nel","max_age":604800}', 'Server': 'cloudflare', 'CF-RAY': '88752a8b8e5e594f-IAD', 'alt-svc': 'h3=":443"; ma=86400'} 
 body={"results":[{"gender":"male","name":{"title":"Mr","first":"Emile","last":"Addy"},"location":{"street":{"number":7522,"name":"Dieppe Ave"},"city":"Westport","state":"Ontario","country":"Canada","postcode":"T0H 7I7","coordinates":{"latitude":"-64.7031","longitude":"-156.0278"},"timezone":{"offset":"-3:30","description":"Newfoundland"}},"email":"emile.addy@example.com","login":{"uuid":"404c5fa6-7055-4d72-bd04-387d985b657f","username":"angryfish306","password":"spaceman","salt":"EduuZEho","md5":"fc71793f57f47fe0e1fd88cdc39078f3","sha1":"a04192bea7208bd6fd7681446dd3e5d51e7acdd3","sha256":"b4acadf0129a6796151699ac12339213a8847ee0795ae573026f64d6d2d7a17e"},"dob":{"date":"1973-10-04T10:39:53.628Z","age":50},"registered":{"date":"2011-10-12T02:13:26.698Z","age":12},"phone":"P53 S43-4931","cell":"B97 J59-5564","id":{"name":"SIN","value":"559116629"},"picture":{"large":"https://randomuser.me/api/portraits/men/81.jpg","medium":"https://randomuser.me/api/portraits/med/men/81.jpg","thumbnail":"https://randomuser.me/api/portraits/thumb/men/81.jpg"},"nat":"CA"}],"info":{"seed":"4f3e4b61b360ddc9","results":1,"page":1,"version":"1.4"}} 
 </msg>
<msg time="2024-05-21T14:13:16.800696" level="INFO">/opt/hostedtoolcache/Python/3.12.3/x64/lib/python3.12/site-packages/urllib3/connectionpool.py:1103: InsecureRequestWarning: Unverified HTTPS request is being made to host 'randomuser.me'. Adding certificate verification is strongly advised. See: https://urllib3.readthedocs.io/en/latest/advanced-usage.html#tls-warnings
  warnings.warn(</msg>
<msg time="2024-05-21T14:13:16.800828" level="INFO">${response} = &lt;Response [200]&gt;</msg>
<var>${response}</var>
<arg>consultarAPI</arg>
<arg>/api</arg>
<doc>Sends a GET request on a previously created HTTP Session.</doc>
<status status="PASS" start="2024-05-21T14:13:16.719384" elapsed="0.081487"/>
</kw>
<kw name="Set Variable" owner="BuiltIn">
<msg time="2024-05-21T14:13:16.801972" level="INFO">${json_data} = {'results': [{'gender': 'male', 'name': {'title': 'Mr', 'first': 'Emile', 'last': 'Addy'}, 'location': {'street': {'number': 7522, 'name': 'Dieppe Ave'}, 'city': 'Westport', 'state': 'Ontario', 'count...</msg>
<var>${json_data}</var>
<arg>${response.json()}</arg>
<doc>Returns the given values which can then be assigned to a variables.</doc>
<status status="PASS" start="2024-05-21T14:13:16.801450" elapsed="0.000551"/>
</kw>
<kw name="Log" owner="BuiltIn">
<msg time="2024-05-21T14:13:16.802530" level="INFO">{'results': [{'gender': 'male', 'name': {'title': 'Mr', 'first': 'Emile', 'last': 'Addy'}, 'location': {'street': {'number': 7522, 'name': 'Dieppe Ave'}, 'city': 'Westport', 'state': 'Ontario', 'country': 'Canada', 'postcode': 'T0H 7I7', 'coordinates': {'latitude': '-64.7031', 'longitude': '-156.0278'}, 'timezone': {'offset': '-3:30', 'description': 'Newfoundland'}}, 'email': 'emile.addy@example.com', 'login': {'uuid': '404c5fa6-7055-4d72-bd04-387d985b657f', 'username': 'angryfish306', 'password': 'spaceman', 'salt': 'EduuZEho', 'md5': 'fc71793f57f47fe0e1fd88cdc39078f3', 'sha1': 'a04192bea7208bd6fd7681446dd3e5d51e7acdd3', 'sha256': 'b4acadf0129a6796151699ac12339213a8847ee0795ae573026f64d6d2d7a17e'}, 'dob': {'date': '1973-10-04T10:39:53.628Z', 'age': 50}, 'registered': {'date': '2011-10-12T02:13:26.698Z', 'age': 12}, 'phone': 'P53 S43-4931', 'cell': 'B97 J59-5564', 'id': {'name': 'SIN', 'value': '559116629'}, 'picture': {'large': 'https://randomuser.me/api/portraits/men/81.jpg', 'medium': 'https://randomuser.me/api/portraits/med/men/81.jpg', 'thumbnail': 'https://randomuser.me/api/portraits/thumb/men/81.jpg'}, 'nat': 'CA'}], 'info': {'seed': '4f3e4b61b360ddc9', 'results': 1, 'page': 1, 'version': '1.4'}}</msg>
<arg>${json_data}</arg>
<doc>Logs the given message with the given level.</doc>
<status status="PASS" start="2024-05-21T14:13:16.802354" elapsed="0.000266"/>
</kw>
<kw name="Should Be String" owner="String">
<arg>${json_data['results'][0]['gender']}</arg>
<doc>Fails if the given ``item`` is not a string.</doc>
<status status="PASS" start="2024-05-21T14:13:16.802948" elapsed="0.000377"/>
</kw>
<kw name="Should Match Regexp" owner="BuiltIn">
<arg>${json_data['results'][0]['email']}</arg>
<arg>^[a-zA-Z0-9._%+-]+@[a-zA-Z0-9.-]+\.[a-zA-Z]{2,}$</arg>
<doc>Fails if ``string`` does not match ``pattern`` as a regular expression.</doc>
<status status="PASS" start="2024-05-21T14:13:16.803524" elapsed="0.000681"/>
</kw>
<kw name="Should Match Regexp" owner="BuiltIn">
<arg>${json_data['results'][0]['dob']['date']}</arg>
<arg>\\d{4}-\\d{2}-\\d{2}T\\d{2}:\\d{2}:\\d{2}\\.\\d{3}Z</arg>
<doc>Fails if ``string`` does not match ``pattern`` as a regular expression.</doc>
<status status="PASS" start="2024-05-21T14:13:16.804451" elapsed="0.000498"/>
</kw>
<kw name="Should Match Regexp" owner="BuiltIn">
<arg>${json_data['results'][0]['registered']['date']}</arg>
<arg>\\d{4}-\\d{2}-\\d{2}T\\d{2}:\\d{2}:\\d{2}\\.\\d{3}Z</arg>
<doc>Fails if ``string`` does not match ``pattern`` as a regular expression.</doc>
<status status="PASS" start="2024-05-21T14:13:16.805146" elapsed="0.000367"/>
</kw>
<kw name="Should Match Regexp" owner="BuiltIn">
<arg>${json_data['results'][0]['picture']['large']}</arg>
<arg>^https?://.*\.(?:png|jpe?g|gif|bmp)$</arg>
<doc>Fails if ``string`` does not match ``pattern`` as a regular expression.</doc>
<status status="PASS" start="2024-05-21T14:13:16.805713" elapsed="0.000472"/>
</kw>
<kw name="Should Match Regexp" owner="BuiltIn">
<arg>${json_data['results'][0]['picture']['medium']}</arg>
<arg>^https?://.*\.(?:png|jpe?g|gif|bmp)$</arg>
<doc>Fails if ``string`` does not match ``pattern`` as a regular expression.</doc>
<status status="PASS" start="2024-05-21T14:13:16.806377" elapsed="0.000360"/>
</kw>
<kw name="Should Match Regexp" owner="BuiltIn">
<arg>${json_data['results'][0]['picture']['thumbnail']}</arg>
<arg>^https?://.*\.(?:png|jpe?g|gif|bmp)$</arg>
<doc>Fails if ``string`` does not match ``pattern`` as a regular expression.</doc>
<status status="PASS" start="2024-05-21T14:13:16.806927" elapsed="0.000346"/>
</kw>
<kw name="Log" owner="BuiltIn">
<msg time="2024-05-21T14:13:16.807782" level="INFO">{'large': 'https://randomuser.me/api/portraits/men/81.jpg', 'medium': 'https://randomuser.me/api/portraits/med/men/81.jpg', 'thumbnail': 'https://randomuser.me/api/portraits/thumb/men/81.jpg'}</msg>
<arg>${json_data['results'][0]['picture']}</arg>
<doc>Logs the given message with the given level.</doc>
<status status="PASS" start="2024-05-21T14:13:16.807459" elapsed="0.000366"/>
</kw>
<status status="PASS" start="2024-05-21T14:13:16.719145" elapsed="0.088951"/>
</kw>
<kw name="Teste de Tipos de Dados - Postcode" owner="random-user-service">
<kw name="GET On Session" owner="RequestsLibrary">
<msg time="2024-05-21T14:13:16.923906" level="INFO">GET Request : url=https://randomuser.me/api 
 path_url=/api 
 headers={'User-Agent': 'python-requests/2.32.1', 'Accept-Encoding': 'gzip, deflate', 'Accept': '*/*', 'Connection': 'keep-alive'} 
 body=None 
 </msg>
<msg time="2024-05-21T14:13:16.924005" level="INFO">GET Response : url=https://randomuser.me/api 
 status=200, reason=OK 
 headers={'Date': 'Tue, 21 May 2024 14:13:16 GMT', 'Content-Type': 'application/json; charset=utf-8', 'Transfer-Encoding': 'chunked', 'Connection': 'keep-alive', 'X-Powered-By': 'Express', 'Access-Control-Allow-Origin': '*', 'Cache-Control': 'no-cache', 'ETag': 'W/"48a-b/DIzYmnVmiHONGX5XEEYt2UQIk"', 'Vary': 'Accept-Encoding', 'Content-Encoding': 'gzip', 'CF-Cache-Status': 'DYNAMIC', 'Report-To': '{"endpoints":[{"url":"https:\\/\\/a.nel.cloudflare.com\\/report\\/v4?s=U85XjkEMhwwYrADRFH%2FhzaOHbZXh1zMv9nP9GPmzRmay7LE0WYYqS96i3%2BxrbFux9LCARTvcEb1wZlbeTqh2hdC9vxGZ6CBaAxQvel0AQL0DDyJlu7ilIZc6s1aGYfrr"}],"group":"cf-nel","max_age":604800}', 'NEL': '{"success_fraction":0,"report_to":"cf-nel","max_age":604800}', 'Server': 'cloudflare', 'CF-RAY': '88752a8c1ef9594f-IAD', 'alt-svc': 'h3=":443"; ma=86400'} 
 body={"results":[{"gender":"female","name":{"title":"Miss","first":"Klara","last":"Piskun"},"location":{"street":{"number":2347,"name":"Verbova"},"city":"Hust","state":"Lvivska","country":"Ukraine","postcode":36261,"coordinates":{"latitude":"75.0589","longitude":"85.0696"},"timezone":{"offset":"+5:00","description":"Ekaterinburg, Islamabad, Karachi, Tashkent"}},"email":"klara.piskun@example.com","login":{"uuid":"6a1b32e8-4504-49b0-9fa3-94d445c2165b","username":"brownmeercat372","password":"options","salt":"ubrJUaL0","md5":"66871807379be336e98bfe4e4e87832a","sha1":"b31db2547198ba45b394aeeef074f2f34e10917f","sha256":"c71f7e7cd664eaa8825953d19a51226778434f391b028a76b2990ee1786ff870"},"dob":{"date":"1991-05-22T07:59:24.339Z","age":32},"registered":{"date":"2008-05-28T21:54:22.627Z","age":15},"phone":"(068) U10-3376","cell":"(096) Z24-8435","id":{"name":"","value":null},"picture":{"large":"https://randomuser.me/api/portraits/women/27.jpg","medium":"https://randomuser.me/api/portraits/med/women/27.jpg","thumbnail":"https://randomuser.me/api/portraits/thumb/women/27.jpg"},"nat":"UA"}],"info":{"seed":"c30d855853e7cd17","results":1,"page":1,"version":"1.4"}} 
 </msg>
<msg time="2024-05-21T14:13:16.924076" level="INFO">/opt/hostedtoolcache/Python/3.12.3/x64/lib/python3.12/site-packages/urllib3/connectionpool.py:1103: InsecureRequestWarning: Unverified HTTPS request is being made to host 'randomuser.me'. Adding certificate verification is strongly advised. See: https://urllib3.readthedocs.io/en/latest/advanced-usage.html#tls-warnings
  warnings.warn(</msg>
<msg time="2024-05-21T14:13:16.924222" level="INFO">${response} = &lt;Response [200]&gt;</msg>
<var>${response}</var>
<arg>consultarAPI</arg>
<arg>/api</arg>
<doc>Sends a GET request on a previously created HTTP Session.</doc>
<status status="PASS" start="2024-05-21T14:13:16.808600" elapsed="0.115691"/>
</kw>
<kw name="Set Variable" owner="BuiltIn">
<msg time="2024-05-21T14:13:16.925388" level="INFO">${json_data} = {'results': [{'gender': 'female', 'name': {'title': 'Miss', 'first': 'Klara', 'last': 'Piskun'}, 'location': {'street': {'number': 2347, 'name': 'Verbova'}, 'city': 'Hust', 'state': 'Lvivska', 'countr...</msg>
<var>${json_data}</var>
<arg>${response.json()}</arg>
<doc>Returns the given values which can then be assigned to a variables.</doc>
<status status="PASS" start="2024-05-21T14:13:16.924862" elapsed="0.000557"/>
</kw>
<kw name="Log" owner="BuiltIn">
<msg time="2024-05-21T14:13:16.925953" level="INFO">{'results': [{'gender': 'female', 'name': {'title': 'Miss', 'first': 'Klara', 'last': 'Piskun'}, 'location': {'street': {'number': 2347, 'name': 'Verbova'}, 'city': 'Hust', 'state': 'Lvivska', 'country': 'Ukraine', 'postcode': 36261, 'coordinates': {'latitude': '75.0589', 'longitude': '85.0696'}, 'timezone': {'offset': '+5:00', 'description': 'Ekaterinburg, Islamabad, Karachi, Tashkent'}}, 'email': 'klara.piskun@example.com', 'login': {'uuid': '6a1b32e8-4504-49b0-9fa3-94d445c2165b', 'username': 'brownmeercat372', 'password': 'options', 'salt': 'ubrJUaL0', 'md5': '66871807379be336e98bfe4e4e87832a', 'sha1': 'b31db2547198ba45b394aeeef074f2f34e10917f', 'sha256': 'c71f7e7cd664eaa8825953d19a51226778434f391b028a76b2990ee1786ff870'}, 'dob': {'date': '1991-05-22T07:59:24.339Z', 'age': 32}, 'registered': {'date': '2008-05-28T21:54:22.627Z', 'age': 15}, 'phone': '(068) U10-3376', 'cell': '(096) Z24-8435', 'id': {'name': '', 'value': None}, 'picture': {'large': 'https://randomuser.me/api/portraits/women/27.jpg', 'medium': 'https://randomuser.me/api/portraits/med/women/27.jpg', 'thumbnail': 'https://randomuser.me/api/portraits/thumb/women/27.jpg'}, 'nat': 'UA'}], 'info': {'seed': 'c30d855853e7cd17', 'results': 1, 'page': 1, 'version': '1.4'}}</msg>
<arg>${json_data}</arg>
<doc>Logs the given message with the given level.</doc>
<status status="PASS" start="2024-05-21T14:13:16.925778" elapsed="0.000262"/>
</kw>
<kw name="Should Be Equal As Numbers" owner="BuiltIn">
<arg>${json_data['results'][0]['location']['postcode']}</arg>
<arg>${json_data['results'][0]['location']['postcode']}</arg>
<doc>Fails if objects are unequal after converting them to real numbers.</doc>
<status status="PASS" start="2024-05-21T14:13:16.926363" elapsed="0.000649"/>
</kw>
<kw name="Log" owner="BuiltIn">
<msg time="2024-05-21T14:13:16.927557" level="INFO">36261</msg>
<arg>${json_data['results'][0]['location']['postcode']}</arg>
<doc>Logs the given message with the given level.</doc>
<status status="PASS" start="2024-05-21T14:13:16.927213" elapsed="0.000386"/>
</kw>
<status status="PASS" start="2024-05-21T14:13:16.808358" elapsed="0.119510"/>
</kw>
<doc>Testa se os tipos de dados na resposta da API estão corretos.</doc>
<tag>testeTiposDados</tag>
<status status="PASS" start="2024-05-21T14:13:16.718663" elapsed="0.209383"/>
</test>
<test id="s1-s1-t5" name="Validar conteudo" line="35">
<kw name="Teste de Tipos de Conteudo" owner="random-user-service">
<kw name="GET On Session" owner="RequestsLibrary">
<msg time="2024-05-21T14:13:16.997069" level="INFO">GET Request : url=https://randomuser.me/api 
 path_url=/api 
 headers={'User-Agent': 'python-requests/2.32.1', 'Accept-Encoding': 'gzip, deflate', 'Accept': '*/*', 'Connection': 'keep-alive'} 
 body=None 
 </msg>
<msg time="2024-05-21T14:13:16.997154" level="INFO">GET Response : url=https://randomuser.me/api 
 status=200, reason=OK 
 headers={'Date': 'Tue, 21 May 2024 14:13:16 GMT', 'Content-Type': 'application/json; charset=utf-8', 'Transfer-Encoding': 'chunked', 'Connection': 'keep-alive', 'X-Powered-By': 'Express', 'Access-Control-Allow-Origin': '*', 'Cache-Control': 'no-cache', 'ETag': 'W/"4a7-wmlkorAO7HnjG4sRv6Ut+KR/Zs4"', 'Vary': 'Accept-Encoding', 'Content-Encoding': 'gzip', 'CF-Cache-Status': 'DYNAMIC', 'Report-To': '{"endpoints":[{"url":"https:\\/\\/a.nel.cloudflare.com\\/report\\/v4?s=z9SNI9BeqLbwO7FnNJlv7UNUmPsG0OSFTyVXry6OOXPeBnF1muSRTC5UeAYYKciaVxKAPLpl2mL8B0f3jgqCIGg1JrE%2B%2Flgz0Pn3m7mtpsuBFzu%2BrcIBhRmCvr7mMKYS"}],"group":"cf-nel","max_age":604800}', 'NEL': '{"success_fraction":0,"report_to":"cf-nel","max_age":604800}', 'Server': 'cloudflare', 'CF-RAY': '88752a8cdfbc594f-IAD', 'alt-svc': 'h3=":443"; ma=86400'} 
 body={"results":[{"gender":"female","name":{"title":"Ms","first":"Gilda","last":"Almeida"},"location":{"street":{"number":4404,"name":"Rua Espirito Santo "},"city":"Colatina","state":"Pernambuco","country":"Brazil","postcode":61304,"coordinates":{"latitude":"-74.2646","longitude":"163.6203"},"timezone":{"offset":"-5:00","description":"Eastern Time (US &amp; Canada), Bogota, Lima"}},"email":"gilda.almeida@example.com","login":{"uuid":"50f37539-916a-472e-b0b6-04d9c2ad6a47","username":"happybird347","password":"promise","salt":"gzNBl5Ea","md5":"88b027faf551015f19b6d878ddfda9a2","sha1":"c7395110ebcafc8c6b315851ca70ecb4fc2b6f59","sha256":"95ffe942533aaf5fea1422476d65123328ef2ceb5d41178fedce60e92f778e05"},"dob":{"date":"1991-02-27T04:54:15.270Z","age":33},"registered":{"date":"2014-06-23T09:07:15.051Z","age":9},"phone":"(16) 8462-4783","cell":"(61) 4800-2435","id":{"name":"CPF","value":"563.920.026-06"},"picture":{"large":"https://randomuser.me/api/portraits/women/74.jpg","medium":"https://randomuser.me/api/portraits/med/women/74.jpg","thumbnail":"https://randomuser.me/api/portraits/thumb/women/74.jpg"},"nat":"BR"}],"info":{"seed":"6e402b07ce3f5cd4","results":1,"page":1,"version":"1.4"}} 
 </msg>
<msg time="2024-05-21T14:13:16.997224" level="INFO">/opt/hostedtoolcache/Python/3.12.3/x64/lib/python3.12/site-packages/urllib3/connectionpool.py:1103: InsecureRequestWarning: Unverified HTTPS request is being made to host 'randomuser.me'. Adding certificate verification is strongly advised. See: https://urllib3.readthedocs.io/en/latest/advanced-usage.html#tls-warnings
  warnings.warn(</msg>
<msg time="2024-05-21T14:13:16.997355" level="INFO">${response} = &lt;Response [200]&gt;</msg>
<var>${response}</var>
<arg>consultarAPI</arg>
<arg>/api</arg>
<doc>Sends a GET request on a previously created HTTP Session.</doc>
<status status="PASS" start="2024-05-21T14:13:16.930596" elapsed="0.066789"/>
</kw>
<kw name="Set Variable" owner="BuiltIn">
<msg time="2024-05-21T14:13:16.998324" level="INFO">${json_data} = {'results': [{'gender': 'female', 'name': {'title': 'Ms', 'first': 'Gilda', 'last': 'Almeida'}, 'location': {'street': {'number': 4404, 'name': 'Rua Espirito Santo '}, 'city': 'Colatina', 'state': 'Pe...</msg>
<var>${json_data}</var>
<arg>${response.json()}</arg>
<doc>Returns the given values which can then be assigned to a variables.</doc>
<status status="PASS" start="2024-05-21T14:13:16.997825" elapsed="0.000529"/>
</kw>
<kw name="Set Variable" owner="BuiltIn">
<msg time="2024-05-21T14:13:16.999092" level="INFO">${name_title} = Ms</msg>
<var>${name_title}</var>
<arg>${json_data["results"][0]["name"]["title"]}</arg>
<doc>Returns the given values which can then be assigned to a variables.</doc>
<status status="PASS" start="2024-05-21T14:13:16.998690" elapsed="0.000428"/>
</kw>
<kw name="Create List" owner="BuiltIn">
<msg time="2024-05-21T14:13:16.999587" level="INFO">${allowed_titles} = ['Mr', 'Ms', 'Miss', 'Mrs', 'Madame', 'Monsieur']</msg>
<var>${allowed_titles}</var>
<arg>Mr</arg>
<arg>Ms</arg>
<arg>Miss</arg>
<arg>Mrs</arg>
<arg>Madame</arg>
<arg>Monsieur</arg>
<doc>Returns a list containing given items.</doc>
<status status="PASS" start="2024-05-21T14:13:16.999434" elapsed="0.000178"/>
</kw>
<kw name="List Should Contain Value" owner="Collections">
<msg time="2024-05-21T14:13:17.000100" level="INFO">False</msg>
<arg>${allowed_titles}</arg>
<arg>${name_title}</arg>
<doc>Fails if the ``value`` is not found from ``list``.</doc>
<status status="PASS" start="2024-05-21T14:13:16.999919" elapsed="0.000219"/>
</kw>
<kw name="Set Variable" owner="BuiltIn">
<msg time="2024-05-21T14:13:17.001068" level="INFO">${name_country} = BR</msg>
<var>${name_country}</var>
<arg>${json_data["results"][0]["nat"]}</arg>
<doc>Returns the given values which can then be assigned to a variables.</doc>
<status status="PASS" start="2024-05-21T14:13:17.000472" elapsed="0.000622"/>
</kw>
<kw name="Create List" owner="BuiltIn">
<msg time="2024-05-21T14:13:17.002012" level="INFO">${list_country} = ['AD', 'AE', 'AF', 'AG', 'AI', 'AL', 'AM', 'AO', 'AQ', 'AR', 'AS', 'AT', 'AU', 'AW', 'AX', 'AZ', 'BA', 'BB', 'BD', 'BE', 'BF', 'BG', 'BH', 'BI', 'BJ', 'BL', 'BM', 'BN', 'BO', 'BQ', 'BR', 'BS', 'BT', '...</msg>
<var>${list_country}</var>
<arg>AD</arg>
<arg>AE</arg>
<arg>AF</arg>
<arg>AG</arg>
<arg>AI</arg>
<arg>AL</arg>
<arg>AM</arg>
<arg>AO</arg>
<arg>AQ</arg>
<arg>AR</arg>
<arg>AS</arg>
<arg>AT</arg>
<arg>AU</arg>
<arg>AW</arg>
<arg>AX</arg>
<arg>AZ</arg>
<arg>BA</arg>
<arg>BB</arg>
<arg>BD</arg>
<arg>BE</arg>
<arg>BF</arg>
<arg>BG</arg>
<arg>BH</arg>
<arg>BI</arg>
<arg>BJ</arg>
<arg>BL</arg>
<arg>BM</arg>
<arg>BN</arg>
<arg>BO</arg>
<arg>BQ</arg>
<arg>BR</arg>
<arg>BS</arg>
<arg>BT</arg>
<arg>BV</arg>
<arg>BW</arg>
<arg>BY</arg>
<arg>BZ</arg>
<arg>CA</arg>
<arg>CC</arg>
<arg>CD</arg>
<arg>CF</arg>
<arg>CG</arg>
<arg>CH</arg>
<arg>CI</arg>
<arg>CK</arg>
<arg>CL</arg>
<arg>CM</arg>
<arg>CN</arg>
<arg>CO</arg>
<arg>CR</arg>
<arg>CU</arg>
<arg>CV</arg>
<arg>CW</arg>
<arg>CX</arg>
<arg>CY</arg>
<arg>CZ</arg>
<arg>DE</arg>
<arg>DJ</arg>
<arg>DK</arg>
<arg>DM</arg>
<arg>DO</arg>
<arg>DZ</arg>
<arg>EC</arg>
<arg>EE</arg>
<arg>EG</arg>
<arg>EH</arg>
<arg>ER</arg>
<arg>ES</arg>
<arg>ET</arg>
<arg>FI</arg>
<arg>FJ</arg>
<arg>FK</arg>
<arg>FM</arg>
<arg>FO</arg>
<arg>FR</arg>
<arg>GA</arg>
<arg>GB</arg>
<arg>GD</arg>
<arg>GE</arg>
<arg>GF</arg>
<arg>GG</arg>
<arg>GH</arg>
<arg>GI</arg>
<arg>GL</arg>
<arg>GM</arg>
<arg>GN</arg>
<arg>GP</arg>
<arg>GQ</arg>
<arg>GR</arg>
<arg>GS</arg>
<arg>GT</arg>
<arg>GU</arg>
<arg>GW</arg>
<arg>GY</arg>
<arg>HK</arg>
<arg>HM</arg>
<arg>HN</arg>
<arg>HR</arg>
<arg>HT</arg>
<arg>HU</arg>
<arg>ID</arg>
<arg>IE</arg>
<arg>IL</arg>
<arg>IM</arg>
<arg>IN</arg>
<arg>IO</arg>
<arg>IQ</arg>
<arg>IR</arg>
<arg>IS</arg>
<arg>IT</arg>
<arg>JE</arg>
<arg>JM</arg>
<arg>JO</arg>
<arg>JP</arg>
<arg>KE</arg>
<arg>KG</arg>
<arg>KH</arg>
<arg>KI</arg>
<arg>KM</arg>
<arg>KN</arg>
<arg>KP</arg>
<arg>KR</arg>
<arg>KW</arg>
<arg>KY</arg>
<arg>KZ</arg>
<arg>LA</arg>
<arg>LB</arg>
<arg>LC</arg>
<arg>LI</arg>
<arg>LK</arg>
<arg>LR</arg>
<arg>LS</arg>
<arg>LT</arg>
<arg>LU</arg>
<arg>LV</arg>
<arg>LY</arg>
<arg>MA</arg>
<arg>MC</arg>
<arg>MD</arg>
<arg>ME</arg>
<arg>MF</arg>
<arg>MG</arg>
<arg>MH</arg>
<arg>MK</arg>
<arg>ML</arg>
<arg>MM</arg>
<arg>MN</arg>
<arg>MO</arg>
<arg>MP</arg>
<arg>MQ</arg>
<arg>MR</arg>
<arg>MS</arg>
<arg>MT</arg>
<arg>MU</arg>
<arg>MV</arg>
<arg>MW</arg>
<arg>MX</arg>
<arg>MY</arg>
<arg>MZ</arg>
<arg>NA</arg>
<arg>NC</arg>
<arg>NE</arg>
<arg>NF</arg>
<arg>NG</arg>
<arg>NI</arg>
<arg>NL</arg>
<arg>NO</arg>
<arg>NP</arg>
<arg>NR</arg>
<arg>NU</arg>
<arg>NZ</arg>
<arg>OM</arg>
<arg>PA</arg>
<arg>PE</arg>
<arg>PF</arg>
<arg>PG</arg>
<arg>PH</arg>
<arg>PK</arg>
<arg>PL</arg>
<arg>PM</arg>
<arg>PN</arg>
<arg>PR</arg>
<arg>PS</arg>
<arg>PT</arg>
<arg>PW</arg>
<arg>PY</arg>
<arg>QA</arg>
<arg>RE</arg>
<arg>RO</arg>
<arg>RS</arg>
<arg>RU</arg>
<arg>RW</arg>
<arg>SA</arg>
<arg>SB</arg>
<arg>SC</arg>
<arg>SD</arg>
<arg>SE</arg>
<arg>SG</arg>
<arg>SH</arg>
<arg>SI</arg>
<arg>SJ</arg>
<arg>SK</arg>
<arg>SL</arg>
<arg>SM</arg>
<arg>SN</arg>
<arg>SO</arg>
<arg>SR</arg>
<arg>SS</arg>
<arg>ST</arg>
<arg>SV</arg>
<arg>SX</arg>
<arg>SY</arg>
<arg>SZ</arg>
<arg>TC</arg>
<arg>TD</arg>
<arg>TF</arg>
<arg>TG</arg>
<arg>TH</arg>
<arg>TJ</arg>
<arg>TK</arg>
<arg>TL</arg>
<arg>TM</arg>
<arg>TN</arg>
<arg>TO</arg>
<arg>TR</arg>
<arg>TT</arg>
<arg>TV</arg>
<arg>TW</arg>
<arg>TZ</arg>
<arg>UA</arg>
<arg>UG</arg>
<arg>UM</arg>
<arg>US</arg>
<arg>UY</arg>
<arg>UZ</arg>
<arg>VA</arg>
<arg>VC</arg>
<arg>VE</arg>
<arg>VG</arg>
<arg>VI</arg>
<arg>VN</arg>
<arg>VU</arg>
<arg>WF</arg>
<arg>WS</arg>
<arg>XK</arg>
<arg>YE</arg>
<arg>YT</arg>
<arg>ZA</arg>
<arg>ZM</arg>
<arg>ZW</arg>
<doc>Returns a list containing given items.</doc>
<status status="PASS" start="2024-05-21T14:13:17.001414" elapsed="0.000624"/>
</kw>
<kw name="List Should Contain Value" owner="Collections">
<msg time="2024-05-21T14:13:17.003048" level="INFO">False</msg>
<arg>${list_country}</arg>
<arg>${name_country}</arg>
<doc>Fails if the ``value`` is not found from ``list``.</doc>
<status status="PASS" start="2024-05-21T14:13:17.002833" elapsed="0.000252"/>
</kw>
<kw name="Run Keyword If" owner="BuiltIn">
<kw name="Should Be True" owner="BuiltIn">
<arg>${True}</arg>
<doc>Fails if the given condition is not true.</doc>
<status status="PASS" start="2024-05-21T14:13:17.004158" elapsed="0.000166"/>
</kw>
<arg>${json_data["results"][0]["location"]["coordinates"]["latitude"]} &gt;= -90 and ${json_data["results"][0]["location"]["coordinates"]["latitude"]} &lt;= 90</arg>
<arg>Should Be True</arg>
<arg>${True}</arg>
<doc>Runs the given keyword with the given arguments, if ``condition`` is true.</doc>
<status status="PASS" start="2024-05-21T14:13:17.003397" elapsed="0.001055"/>
</kw>
<kw name="Run Keyword If" owner="BuiltIn">
<kw name="Should Be True" owner="BuiltIn">
<arg>${True}</arg>
<doc>Fails if the given condition is not true.</doc>
<status status="PASS" start="2024-05-21T14:13:17.005330" elapsed="0.000137"/>
</kw>
<arg>${json_data["results"][0]["location"]["coordinates"]["longitude"]} &gt;= -180 and ${json_data["results"][0]["location"]["coordinates"]["longitude"]} &lt;= 180</arg>
<arg>Should Be True</arg>
<arg>${True}</arg>
<doc>Runs the given keyword with the given arguments, if ``condition`` is true.</doc>
<status status="PASS" start="2024-05-21T14:13:17.004640" elapsed="0.000951"/>
</kw>
<status status="PASS" start="2024-05-21T14:13:16.930359" elapsed="0.075361"/>
</kw>
<doc>Testa o conteúdo específico dos campos retornados pela API.</doc>
<tag>testeConteudo</tag>
<status status="PASS" start="2024-05-21T14:13:16.929866" elapsed="0.076003"/>
</test>
<status status="PASS" start="2024-05-21T14:13:16.177711" elapsed="0.830047"/>
</suite>
<status status="PASS" start="2024-05-21T14:13:16.163943" elapsed="0.848962"/>
</suite>
<statistics>
<total>
<stat pass="5" fail="0" skip="0">All Tests</stat>
</total>
<tag>
<stat pass="1" fail="0" skip="0">testeConteudo</stat>
<stat pass="1" fail="0" skip="0">testeEstruturaResposta</stat>
<stat pass="1" fail="0" skip="0">testeRequisicaoBasica</stat>
<stat pass="1" fail="0" skip="0">testeTiposDados</stat>
</tag>
<suite>
<stat pass="5" fail="0" skip="0" id="s1" name="Tests">Tests</stat>
<stat pass="5" fail="0" skip="0" id="s1-s1" name="Random-User-Test">Tests.Random-User-Test</stat>
</suite>
</statistics>
<errors>
</errors>
</robot>
