<?xml version="1.0" encoding="UTF-8"?>
<robot generator="Robot 7.0 (Python 3.12.3 on linux)" generated="2024-04-29T15:15:27.747903" rpa="false" schemaversion="5">
<suite id="s1" name="Tests" source="/home/runner/work/DesafioQAItauRogerioJordao/DesafioQAItauRogerioJordao/RamdonUser/tests">
<suite id="s1-s1" name="Random-User-Test" source="/home/runner/work/DesafioQAItauRogerioJordao/DesafioQAItauRogerioJordao/RamdonUser/tests/random-user-test.robot">
<test id="s1-s1-t1" name="Conectar" line="13">
<kw name="Conectar API" owner="random-user-service">
<kw name="Create Session" owner="RequestsLibrary">
<msg time="2024-04-29T15:15:28.116076" level="INFO">Creating Session using : alias=consultarAPI, url=https://randomuser.me/, headers={},                     cookies={}, auth=None, timeout=None, proxies=None, verify=False,                     debug=0 </msg>
<arg>consultarAPI</arg>
<arg>${URL}</arg>
<doc>Create Session: create a HTTP session to a server</doc>
<status status="PASS" start="2024-04-29T15:15:28.115871" elapsed="0.000398"/>
</kw>
<status status="PASS" start="2024-04-29T15:15:28.114883" elapsed="0.001760"/>
</kw>
<status status="PASS" start="2024-04-29T15:15:28.114325" elapsed="0.002546"/>
</test>
<test id="s1-s1-t2" name="Validar retorno 200 e JSON Válido" line="16">
<kw name="Teste de Requisicao Basica" owner="random-user-service">
<kw name="GET On Session" owner="RequestsLibrary">
<msg time="2024-04-29T15:15:28.489224" level="INFO">GET Request : url=https://randomuser.me/api 
 path_url=/api 
 headers={'User-Agent': 'python-requests/2.31.0', 'Accept-Encoding': 'gzip, deflate', 'Accept': '*/*', 'Connection': 'keep-alive'} 
 body=None 
 </msg>
<msg time="2024-04-29T15:15:28.489402" level="INFO">GET Response : url=https://randomuser.me/api 
 status=200, reason=OK 
 headers={'Date': 'Mon, 29 Apr 2024 15:15:28 GMT', 'Content-Type': 'application/json; charset=utf-8', 'Transfer-Encoding': 'chunked', 'Connection': 'keep-alive', 'X-Powered-By': 'Express', 'Access-Control-Allow-Origin': '*', 'Cache-Control': 'no-cache', 'ETag': 'W/"48e-MtyaPkkoW3TgozNIaz0utk3Xaz0"', 'Vary': 'Accept-Encoding', 'Content-Encoding': 'gzip', 'CF-Cache-Status': 'DYNAMIC', 'Report-To': '{"endpoints":[{"url":"https:\\/\\/a.nel.cloudflare.com\\/report\\/v4?s=nndv03MD39squaskLVwQOEboGyEXzTN48HH5w27o6hgBS2kgUIhnkZmxixiU%2FXwTW%2Fus%2BtKMZs%2F0di%2BMX%2FsMFok690iRc51%2Fdi7wxF0zwQGe3fUly4M4N8qADEWRJ12N"}],"group":"cf-nel","max_age":604800}', 'NEL': '{"success_fraction":0,"report_to":"cf-nel","max_age":604800}', 'Server': 'cloudflare', 'CF-RAY': '87c03f6598fd0822-IAD', 'alt-svc': 'h3=":443"; ma=86400'} 
 body={"results":[{"gender":"male","name":{"title":"Mr","first":"Ievgen","last":"Ostap'yuk"},"location":{"street":{"number":2986,"name":"Sireckiy proyizd"},"city":"Pidgorodne","state":"Lvivska","country":"Ukraine","postcode":56100,"coordinates":{"latitude":"74.9012","longitude":"-87.5920"},"timezone":{"offset":"+1:00","description":"Brussels, Copenhagen, Madrid, Paris"}},"email":"ievgen.ostap'yuk@example.com","login":{"uuid":"5a74da88-18ba-4934-844e-4f6d3e408ff0","username":"crazytiger332","password":"dieter","salt":"gHSNMoqI","md5":"1fe9a4d82aa4db4e743664d3b5289219","sha1":"e0703d7829c74f3a3c0492e0319d037653e1a871","sha256":"0dbf5fad56789654e65b3f4bf0641c7878b25d449e7cab3bb2bc7697f2721e30"},"dob":{"date":"2000-06-22T04:09:07.086Z","age":23},"registered":{"date":"2011-01-13T02:16:25.628Z","age":13},"phone":"(067) W20-5990","cell":"(067) K37-4409","id":{"name":"","value":null},"picture":{"large":"https://randomuser.me/api/portraits/men/82.jpg","medium":"https://randomuser.me/api/portraits/med/men/82.jpg","thumbnail":"https://randomuser.me/api/portraits/thumb/men/82.jpg"},"nat":"UA"}],"info":{"seed":"9a56bf8a930d998f","results":1,"page":1,"version":"1.4"}} 
 </msg>
<msg time="2024-04-29T15:15:28.489494" level="INFO">/opt/hostedtoolcache/Python/3.12.3/x64/lib/python3.12/site-packages/urllib3/connectionpool.py:1103: InsecureRequestWarning: Unverified HTTPS request is being made to host 'randomuser.me'. Adding certificate verification is strongly advised. See: https://urllib3.readthedocs.io/en/latest/advanced-usage.html#tls-warnings
  warnings.warn(</msg>
<msg time="2024-04-29T15:15:28.489633" level="INFO">${response} = &lt;Response [200]&gt;</msg>
<var>${response}</var>
<arg>consultarAPI</arg>
<arg>/api</arg>
<doc>Sends a GET request on a previously created HTTP Session.</doc>
<status status="PASS" start="2024-04-29T15:15:28.119552" elapsed="0.370123"/>
</kw>
<kw name="Should Be Equal As Numbers" owner="BuiltIn">
<msg time="2024-04-29T15:15:28.490738" level="INFO">Argument types are:
&lt;class 'int'&gt;
&lt;class 'str'&gt;</msg>
<arg>${response.status_code}</arg>
<arg>200</arg>
<doc>Fails if objects are unequal after converting them to real numbers.</doc>
<status status="PASS" start="2024-04-29T15:15:28.490259" elapsed="0.000545"/>
</kw>
<kw name="Log" owner="BuiltIn">
<msg time="2024-04-29T15:15:28.491522" level="INFO">200</msg>
<arg>${response.status_code}</arg>
<doc>Logs the given message with the given level.</doc>
<status status="PASS" start="2024-04-29T15:15:28.491159" elapsed="0.000407"/>
</kw>
<kw name="Set Variable" owner="BuiltIn">
<msg time="2024-04-29T15:15:28.492341" level="INFO">${json_data} = {'results': [{'gender': 'male', 'name': {'title': 'Mr', 'first': 'Ievgen', 'last': "Ostap'yuk"}, 'location': {'street': {'number': 2986, 'name': 'Sireckiy proyizd'}, 'city': 'Pidgorodne', 'state': 'Lv...</msg>
<var>${json_data}</var>
<arg>${response.json()}</arg>
<doc>Returns the given values which can then be assigned to a variables.</doc>
<status status="PASS" start="2024-04-29T15:15:28.491896" elapsed="0.000474"/>
</kw>
<kw name="Dictionary Should Contain Key" owner="Collections">
<msg time="2024-04-29T15:15:28.492891" level="INFO">False</msg>
<arg>${json_data}</arg>
<arg>results</arg>
<doc>Fails if ``key`` is not found from ``dictionary``.</doc>
<status status="PASS" start="2024-04-29T15:15:28.492676" elapsed="0.000255"/>
</kw>
<status status="PASS" start="2024-04-29T15:15:28.119303" elapsed="0.373895"/>
</kw>
<doc>Testa se a API responde corretamente e retorna um objeto JSON válido.</doc>
<tag>testeRequisicaoBasica</tag>
<status status="PASS" start="2024-04-29T15:15:28.118820" elapsed="0.374570"/>
</test>
<test id="s1-s1-t3" name="Validar estrutura de resposta" line="22">
<kw name="Teste de Estrutura de Resposta" owner="random-user-service">
<kw name="GET On Session" owner="RequestsLibrary">
<msg time="2024-04-29T15:15:28.525244" level="INFO">GET Request : url=https://randomuser.me/api 
 path_url=/api 
 headers={'User-Agent': 'python-requests/2.31.0', 'Accept-Encoding': 'gzip, deflate', 'Accept': '*/*', 'Connection': 'keep-alive'} 
 body=None 
 </msg>
<msg time="2024-04-29T15:15:28.525324" level="INFO">GET Response : url=https://randomuser.me/api 
 status=200, reason=OK 
 headers={'Date': 'Mon, 29 Apr 2024 15:15:28 GMT', 'Content-Type': 'application/json; charset=utf-8', 'Transfer-Encoding': 'chunked', 'Connection': 'keep-alive', 'X-Powered-By': 'Express', 'Access-Control-Allow-Origin': '*', 'Cache-Control': 'no-cache', 'ETag': 'W/"48b-RLmI4WAWogx0UyRjJV3/lg29+BM"', 'Vary': 'Accept-Encoding', 'Content-Encoding': 'gzip', 'CF-Cache-Status': 'DYNAMIC', 'Report-To': '{"endpoints":[{"url":"https:\\/\\/a.nel.cloudflare.com\\/report\\/v4?s=sTt9N6kA6w410lWHMdrV0V5%2FNSnJ%2BOLUEwS5gmV5pSbdzQpdjxK7B0ofie832BSxnEnRJ%2FAEddQp%2BTX7PzajEjyxR370cOrc0SEkt%2Bs1s1ny%2F7UydeXBTUF7GGJhaiOv"}],"group":"cf-nel","max_age":604800}', 'NEL': '{"success_fraction":0,"report_to":"cf-nel","max_age":604800}', 'Server': 'cloudflare', 'CF-RAY': '87c03f671ad50822-IAD', 'alt-svc': 'h3=":443"; ma=86400'} 
 body={"results":[{"gender":"female","name":{"title":"Miss","first":"Bessie","last":"Robinson"},"location":{"street":{"number":9607,"name":"Wheeler Ridge Dr"},"city":"Devonport","state":"Northern Territory","country":"Australia","postcode":5834,"coordinates":{"latitude":"-83.9053","longitude":"21.3958"},"timezone":{"offset":"-3:30","description":"Newfoundland"}},"email":"bessie.robinson@example.com","login":{"uuid":"1c34ff54-e74e-45cc-9306-11f7175566e9","username":"happycat179","password":"404040","salt":"Dq5uWWfm","md5":"af14523c981f2bc61ac39c7b209b8952","sha1":"3ef6a0a2c7c42e4aefe1ab9aae94cabc3b16655b","sha256":"b9bf8e1f40f7bc00b574298a700d75821becf72d0315224bb1ecbfb7f8726f89"},"dob":{"date":"2000-02-02T15:33:59.534Z","age":24},"registered":{"date":"2011-08-13T01:05:03.987Z","age":12},"phone":"04-3344-9628","cell":"0436-561-310","id":{"name":"TFN","value":"782792995"},"picture":{"large":"https://randomuser.me/api/portraits/women/6.jpg","medium":"https://randomuser.me/api/portraits/med/women/6.jpg","thumbnail":"https://randomuser.me/api/portraits/thumb/women/6.jpg"},"nat":"AU"}],"info":{"seed":"c92f54cd75b1d03a","results":1,"page":1,"version":"1.4"}} 
 </msg>
<msg time="2024-04-29T15:15:28.525439" level="INFO">/opt/hostedtoolcache/Python/3.12.3/x64/lib/python3.12/site-packages/urllib3/connectionpool.py:1103: InsecureRequestWarning: Unverified HTTPS request is being made to host 'randomuser.me'. Adding certificate verification is strongly advised. See: https://urllib3.readthedocs.io/en/latest/advanced-usage.html#tls-warnings
  warnings.warn(</msg>
<msg time="2024-04-29T15:15:28.525550" level="INFO">${response} = &lt;Response [200]&gt;</msg>
<var>${response}</var>
<arg>consultarAPI</arg>
<arg>/api</arg>
<doc>Sends a GET request on a previously created HTTP Session.</doc>
<status status="PASS" start="2024-04-29T15:15:28.496453" elapsed="0.029134"/>
</kw>
<kw name="Set Variable" owner="BuiltIn">
<msg time="2024-04-29T15:15:28.526430" level="INFO">${json_data} = {'results': [{'gender': 'female', 'name': {'title': 'Miss', 'first': 'Bessie', 'last': 'Robinson'}, 'location': {'street': {'number': 9607, 'name': 'Wheeler Ridge Dr'}, 'city': 'Devonport', 'state': '...</msg>
<var>${json_data}</var>
<arg>${response.json()}</arg>
<doc>Returns the given values which can then be assigned to a variables.</doc>
<status status="PASS" start="2024-04-29T15:15:28.525961" elapsed="0.000498"/>
</kw>
<kw name="Log" owner="BuiltIn">
<msg time="2024-04-29T15:15:28.526926" level="INFO">{'results': [{'gender': 'female', 'name': {'title': 'Miss', 'first': 'Bessie', 'last': 'Robinson'}, 'location': {'street': {'number': 9607, 'name': 'Wheeler Ridge Dr'}, 'city': 'Devonport', 'state': 'Northern Territory', 'country': 'Australia', 'postcode': 5834, 'coordinates': {'latitude': '-83.9053', 'longitude': '21.3958'}, 'timezone': {'offset': '-3:30', 'description': 'Newfoundland'}}, 'email': 'bessie.robinson@example.com', 'login': {'uuid': '1c34ff54-e74e-45cc-9306-11f7175566e9', 'username': 'happycat179', 'password': '404040', 'salt': 'Dq5uWWfm', 'md5': 'af14523c981f2bc61ac39c7b209b8952', 'sha1': '3ef6a0a2c7c42e4aefe1ab9aae94cabc3b16655b', 'sha256': 'b9bf8e1f40f7bc00b574298a700d75821becf72d0315224bb1ecbfb7f8726f89'}, 'dob': {'date': '2000-02-02T15:33:59.534Z', 'age': 24}, 'registered': {'date': '2011-08-13T01:05:03.987Z', 'age': 12}, 'phone': '04-3344-9628', 'cell': '0436-561-310', 'id': {'name': 'TFN', 'value': '782792995'}, 'picture': {'large': 'https://randomuser.me/api/portraits/women/6.jpg', 'medium': 'https://randomuser.me/api/portraits/med/women/6.jpg', 'thumbnail': 'https://randomuser.me/api/portraits/thumb/women/6.jpg'}, 'nat': 'AU'}], 'info': {'seed': 'c92f54cd75b1d03a', 'results': 1, 'page': 1, 'version': '1.4'}}</msg>
<arg>${json_data}</arg>
<doc>Logs the given message with the given level.</doc>
<status status="PASS" start="2024-04-29T15:15:28.526769" elapsed="0.000207"/>
</kw>
<kw name="Dictionary Should Contain Key" owner="Collections">
<msg time="2024-04-29T15:15:28.527442" level="INFO">False</msg>
<arg>${json_data}</arg>
<arg>results</arg>
<doc>Fails if ``key`` is not found from ``dictionary``.</doc>
<status status="PASS" start="2024-04-29T15:15:28.527283" elapsed="0.000198"/>
</kw>
<kw name="Should Not Be Empty" owner="BuiltIn">
<msg time="2024-04-29T15:15:28.527915" level="INFO">Length is 2.</msg>
<arg>${json_data}</arg>
<doc>Verifies that the given item is not empty.</doc>
<status status="PASS" start="2024-04-29T15:15:28.527783" elapsed="0.000310"/>
</kw>
<kw name="Create List" owner="BuiltIn">
<msg time="2024-04-29T15:15:28.528560" level="INFO">${expected_keys} = ['gender', 'name', 'location', 'email', 'login']</msg>
<var>${expected_keys}</var>
<arg>gender</arg>
<arg>name</arg>
<arg>location</arg>
<arg>email</arg>
<arg>login</arg>
<doc>Returns a list containing given items.</doc>
<status status="PASS" start="2024-04-29T15:15:28.528393" elapsed="0.000193"/>
</kw>
<for flavor="IN">
<iter>
<kw name="Dictionary Should Contain Key" owner="Collections">
<msg time="2024-04-29T15:15:28.529626" level="INFO">False</msg>
<arg>${json_data['results'][0]}</arg>
<arg>${key}</arg>
<doc>Fails if ``key`` is not found from ``dictionary``.</doc>
<status status="PASS" start="2024-04-29T15:15:28.529215" elapsed="0.000451"/>
</kw>
<kw name="Log" owner="BuiltIn">
<msg time="2024-04-29T15:15:28.530348" level="INFO">{'gender': 'female', 'name': {'title': 'Miss', 'first': 'Bessie', 'last': 'Robinson'}, 'location': {'street': {'number': 9607, 'name': 'Wheeler Ridge Dr'}, 'city': 'Devonport', 'state': 'Northern Territory', 'country': 'Australia', 'postcode': 5834, 'coordinates': {'latitude': '-83.9053', 'longitude': '21.3958'}, 'timezone': {'offset': '-3:30', 'description': 'Newfoundland'}}, 'email': 'bessie.robinson@example.com', 'login': {'uuid': '1c34ff54-e74e-45cc-9306-11f7175566e9', 'username': 'happycat179', 'password': '404040', 'salt': 'Dq5uWWfm', 'md5': 'af14523c981f2bc61ac39c7b209b8952', 'sha1': '3ef6a0a2c7c42e4aefe1ab9aae94cabc3b16655b', 'sha256': 'b9bf8e1f40f7bc00b574298a700d75821becf72d0315224bb1ecbfb7f8726f89'}, 'dob': {'date': '2000-02-02T15:33:59.534Z', 'age': 24}, 'registered': {'date': '2011-08-13T01:05:03.987Z', 'age': 12}, 'phone': '04-3344-9628', 'cell': '0436-561-310', 'id': {'name': 'TFN', 'value': '782792995'}, 'picture': {'large': 'https://randomuser.me/api/portraits/women/6.jpg', 'medium': 'https://randomuser.me/api/portraits/med/women/6.jpg', 'thumbnail': 'https://randomuser.me/api/portraits/thumb/women/6.jpg'}, 'nat': 'AU'}</msg>
<arg>${json_data['results'][0]}</arg>
<doc>Logs the given message with the given level.</doc>
<status status="PASS" start="2024-04-29T15:15:28.529976" elapsed="0.000421"/>
</kw>
<kw name="Log" owner="BuiltIn">
<msg time="2024-04-29T15:15:28.530825" level="INFO">gender</msg>
<arg>${key}</arg>
<doc>Logs the given message with the given level.</doc>
<status status="PASS" start="2024-04-29T15:15:28.530695" elapsed="0.000169"/>
</kw>
<var name="${key}">gender</var>
<status status="PASS" start="2024-04-29T15:15:28.529086" elapsed="0.001994"/>
</iter>
<iter>
<kw name="Dictionary Should Contain Key" owner="Collections">
<msg time="2024-04-29T15:15:28.531786" level="INFO">False</msg>
<arg>${json_data['results'][0]}</arg>
<arg>${key}</arg>
<doc>Fails if ``key`` is not found from ``dictionary``.</doc>
<status status="PASS" start="2024-04-29T15:15:28.531387" elapsed="0.000437"/>
</kw>
<kw name="Log" owner="BuiltIn">
<msg time="2024-04-29T15:15:28.532513" level="INFO">{'gender': 'female', 'name': {'title': 'Miss', 'first': 'Bessie', 'last': 'Robinson'}, 'location': {'street': {'number': 9607, 'name': 'Wheeler Ridge Dr'}, 'city': 'Devonport', 'state': 'Northern Territory', 'country': 'Australia', 'postcode': 5834, 'coordinates': {'latitude': '-83.9053', 'longitude': '21.3958'}, 'timezone': {'offset': '-3:30', 'description': 'Newfoundland'}}, 'email': 'bessie.robinson@example.com', 'login': {'uuid': '1c34ff54-e74e-45cc-9306-11f7175566e9', 'username': 'happycat179', 'password': '404040', 'salt': 'Dq5uWWfm', 'md5': 'af14523c981f2bc61ac39c7b209b8952', 'sha1': '3ef6a0a2c7c42e4aefe1ab9aae94cabc3b16655b', 'sha256': 'b9bf8e1f40f7bc00b574298a700d75821becf72d0315224bb1ecbfb7f8726f89'}, 'dob': {'date': '2000-02-02T15:33:59.534Z', 'age': 24}, 'registered': {'date': '2011-08-13T01:05:03.987Z', 'age': 12}, 'phone': '04-3344-9628', 'cell': '0436-561-310', 'id': {'name': 'TFN', 'value': '782792995'}, 'picture': {'large': 'https://randomuser.me/api/portraits/women/6.jpg', 'medium': 'https://randomuser.me/api/portraits/med/women/6.jpg', 'thumbnail': 'https://randomuser.me/api/portraits/thumb/women/6.jpg'}, 'nat': 'AU'}</msg>
<arg>${json_data['results'][0]}</arg>
<doc>Logs the given message with the given level.</doc>
<status status="PASS" start="2024-04-29T15:15:28.532150" elapsed="0.000413"/>
</kw>
<kw name="Log" owner="BuiltIn">
<msg time="2024-04-29T15:15:28.533026" level="INFO">name</msg>
<arg>${key}</arg>
<doc>Logs the given message with the given level.</doc>
<status status="PASS" start="2024-04-29T15:15:28.532895" elapsed="0.000169"/>
</kw>
<var name="${key}">name</var>
<status status="PASS" start="2024-04-29T15:15:28.531270" elapsed="0.002015"/>
</iter>
<iter>
<kw name="Dictionary Should Contain Key" owner="Collections">
<msg time="2024-04-29T15:15:28.533970" level="INFO">False</msg>
<arg>${json_data['results'][0]}</arg>
<arg>${key}</arg>
<doc>Fails if ``key`` is not found from ``dictionary``.</doc>
<status status="PASS" start="2024-04-29T15:15:28.533579" elapsed="0.000430"/>
</kw>
<kw name="Log" owner="BuiltIn">
<msg time="2024-04-29T15:15:28.534687" level="INFO">{'gender': 'female', 'name': {'title': 'Miss', 'first': 'Bessie', 'last': 'Robinson'}, 'location': {'street': {'number': 9607, 'name': 'Wheeler Ridge Dr'}, 'city': 'Devonport', 'state': 'Northern Territory', 'country': 'Australia', 'postcode': 5834, 'coordinates': {'latitude': '-83.9053', 'longitude': '21.3958'}, 'timezone': {'offset': '-3:30', 'description': 'Newfoundland'}}, 'email': 'bessie.robinson@example.com', 'login': {'uuid': '1c34ff54-e74e-45cc-9306-11f7175566e9', 'username': 'happycat179', 'password': '404040', 'salt': 'Dq5uWWfm', 'md5': 'af14523c981f2bc61ac39c7b209b8952', 'sha1': '3ef6a0a2c7c42e4aefe1ab9aae94cabc3b16655b', 'sha256': 'b9bf8e1f40f7bc00b574298a700d75821becf72d0315224bb1ecbfb7f8726f89'}, 'dob': {'date': '2000-02-02T15:33:59.534Z', 'age': 24}, 'registered': {'date': '2011-08-13T01:05:03.987Z', 'age': 12}, 'phone': '04-3344-9628', 'cell': '0436-561-310', 'id': {'name': 'TFN', 'value': '782792995'}, 'picture': {'large': 'https://randomuser.me/api/portraits/women/6.jpg', 'medium': 'https://randomuser.me/api/portraits/med/women/6.jpg', 'thumbnail': 'https://randomuser.me/api/portraits/thumb/women/6.jpg'}, 'nat': 'AU'}</msg>
<arg>${json_data['results'][0]}</arg>
<doc>Logs the given message with the given level.</doc>
<status status="PASS" start="2024-04-29T15:15:28.534320" elapsed="0.000416"/>
</kw>
<kw name="Log" owner="BuiltIn">
<msg time="2024-04-29T15:15:28.535167" level="INFO">location</msg>
<arg>${key}</arg>
<doc>Logs the given message with the given level.</doc>
<status status="PASS" start="2024-04-29T15:15:28.535033" elapsed="0.000174"/>
</kw>
<var name="${key}">location</var>
<status status="PASS" start="2024-04-29T15:15:28.533466" elapsed="0.001956"/>
</iter>
<iter>
<kw name="Dictionary Should Contain Key" owner="Collections">
<msg time="2024-04-29T15:15:28.536101" level="INFO">False</msg>
<arg>${json_data['results'][0]}</arg>
<arg>${key}</arg>
<doc>Fails if ``key`` is not found from ``dictionary``.</doc>
<status status="PASS" start="2024-04-29T15:15:28.535713" elapsed="0.000427"/>
</kw>
<kw name="Log" owner="BuiltIn">
<msg time="2024-04-29T15:15:28.536854" level="INFO">{'gender': 'female', 'name': {'title': 'Miss', 'first': 'Bessie', 'last': 'Robinson'}, 'location': {'street': {'number': 9607, 'name': 'Wheeler Ridge Dr'}, 'city': 'Devonport', 'state': 'Northern Territory', 'country': 'Australia', 'postcode': 5834, 'coordinates': {'latitude': '-83.9053', 'longitude': '21.3958'}, 'timezone': {'offset': '-3:30', 'description': 'Newfoundland'}}, 'email': 'bessie.robinson@example.com', 'login': {'uuid': '1c34ff54-e74e-45cc-9306-11f7175566e9', 'username': 'happycat179', 'password': '404040', 'salt': 'Dq5uWWfm', 'md5': 'af14523c981f2bc61ac39c7b209b8952', 'sha1': '3ef6a0a2c7c42e4aefe1ab9aae94cabc3b16655b', 'sha256': 'b9bf8e1f40f7bc00b574298a700d75821becf72d0315224bb1ecbfb7f8726f89'}, 'dob': {'date': '2000-02-02T15:33:59.534Z', 'age': 24}, 'registered': {'date': '2011-08-13T01:05:03.987Z', 'age': 12}, 'phone': '04-3344-9628', 'cell': '0436-561-310', 'id': {'name': 'TFN', 'value': '782792995'}, 'picture': {'large': 'https://randomuser.me/api/portraits/women/6.jpg', 'medium': 'https://randomuser.me/api/portraits/med/women/6.jpg', 'thumbnail': 'https://randomuser.me/api/portraits/thumb/women/6.jpg'}, 'nat': 'AU'}</msg>
<arg>${json_data['results'][0]}</arg>
<doc>Logs the given message with the given level.</doc>
<status status="PASS" start="2024-04-29T15:15:28.536446" elapsed="0.000460"/>
</kw>
<kw name="Log" owner="BuiltIn">
<msg time="2024-04-29T15:15:28.537374" level="INFO">email</msg>
<arg>${key}</arg>
<doc>Logs the given message with the given level.</doc>
<status status="PASS" start="2024-04-29T15:15:28.537232" elapsed="0.000185"/>
</kw>
<var name="${key}">email</var>
<status status="PASS" start="2024-04-29T15:15:28.535599" elapsed="0.002053"/>
</iter>
<iter>
<kw name="Dictionary Should Contain Key" owner="Collections">
<msg time="2024-04-29T15:15:28.538337" level="INFO">False</msg>
<arg>${json_data['results'][0]}</arg>
<arg>${key}</arg>
<doc>Fails if ``key`` is not found from ``dictionary``.</doc>
<status status="PASS" start="2024-04-29T15:15:28.537938" elapsed="0.000437"/>
</kw>
<kw name="Log" owner="BuiltIn">
<msg time="2024-04-29T15:15:28.539045" level="INFO">{'gender': 'female', 'name': {'title': 'Miss', 'first': 'Bessie', 'last': 'Robinson'}, 'location': {'street': {'number': 9607, 'name': 'Wheeler Ridge Dr'}, 'city': 'Devonport', 'state': 'Northern Territory', 'country': 'Australia', 'postcode': 5834, 'coordinates': {'latitude': '-83.9053', 'longitude': '21.3958'}, 'timezone': {'offset': '-3:30', 'description': 'Newfoundland'}}, 'email': 'bessie.robinson@example.com', 'login': {'uuid': '1c34ff54-e74e-45cc-9306-11f7175566e9', 'username': 'happycat179', 'password': '404040', 'salt': 'Dq5uWWfm', 'md5': 'af14523c981f2bc61ac39c7b209b8952', 'sha1': '3ef6a0a2c7c42e4aefe1ab9aae94cabc3b16655b', 'sha256': 'b9bf8e1f40f7bc00b574298a700d75821becf72d0315224bb1ecbfb7f8726f89'}, 'dob': {'date': '2000-02-02T15:33:59.534Z', 'age': 24}, 'registered': {'date': '2011-08-13T01:05:03.987Z', 'age': 12}, 'phone': '04-3344-9628', 'cell': '0436-561-310', 'id': {'name': 'TFN', 'value': '782792995'}, 'picture': {'large': 'https://randomuser.me/api/portraits/women/6.jpg', 'medium': 'https://randomuser.me/api/portraits/med/women/6.jpg', 'thumbnail': 'https://randomuser.me/api/portraits/thumb/women/6.jpg'}, 'nat': 'AU'}</msg>
<arg>${json_data['results'][0]}</arg>
<doc>Logs the given message with the given level.</doc>
<status status="PASS" start="2024-04-29T15:15:28.538675" elapsed="0.000418"/>
</kw>
<kw name="Log" owner="BuiltIn">
<msg time="2024-04-29T15:15:28.539526" level="INFO">login</msg>
<arg>${key}</arg>
<doc>Logs the given message with the given level.</doc>
<status status="PASS" start="2024-04-29T15:15:28.539398" elapsed="0.000176"/>
</kw>
<var name="${key}">login</var>
<status status="PASS" start="2024-04-29T15:15:28.537825" elapsed="0.001998"/>
</iter>
<var>${key}</var>
<value>@{expected_keys}</value>
<status status="PASS" start="2024-04-29T15:15:28.528892" elapsed="0.011058"/>
</for>
<kw name="Create List" owner="BuiltIn">
<msg time="2024-04-29T15:15:28.540286" level="INFO">${expected_keysTwo} = ['username', 'password']</msg>
<var>${expected_keysTwo}</var>
<arg>username</arg>
<arg>password</arg>
<doc>Returns a list containing given items.</doc>
<status status="PASS" start="2024-04-29T15:15:28.540148" elapsed="0.000162"/>
</kw>
<for flavor="IN">
<iter>
<kw name="Dictionary Should Contain Key" owner="Collections">
<msg time="2024-04-29T15:15:28.541251" level="INFO">False</msg>
<arg>${json_data['results'][0]['login']}</arg>
<arg>${keyTwo}</arg>
<doc>Fails if ``key`` is not found from ``dictionary``.</doc>
<status status="PASS" start="2024-04-29T15:15:28.540853" elapsed="0.000437"/>
</kw>
<kw name="Dictionary Should Contain Key" owner="Collections">
<msg time="2024-04-29T15:15:28.541972" level="INFO">False</msg>
<arg>${json_data['results'][0]['login']}</arg>
<arg>${keyTwo}</arg>
<doc>Fails if ``key`` is not found from ``dictionary``.</doc>
<status status="PASS" start="2024-04-29T15:15:28.541588" elapsed="0.000423"/>
</kw>
<kw name="Log" owner="BuiltIn">
<msg time="2024-04-29T15:15:28.542436" level="INFO">username</msg>
<arg>${keyTwo}</arg>
<doc>Logs the given message with the given level.</doc>
<status status="PASS" start="2024-04-29T15:15:28.542307" elapsed="0.000173"/>
</kw>
<var name="${keyTwo}">username</var>
<status status="PASS" start="2024-04-29T15:15:28.540731" elapsed="0.001968"/>
</iter>
<iter>
<kw name="Dictionary Should Contain Key" owner="Collections">
<msg time="2024-04-29T15:15:28.543448" level="INFO">False</msg>
<arg>${json_data['results'][0]['login']}</arg>
<arg>${keyTwo}</arg>
<doc>Fails if ``key`` is not found from ``dictionary``.</doc>
<status status="PASS" start="2024-04-29T15:15:28.542982" elapsed="0.000511"/>
</kw>
<kw name="Dictionary Should Contain Key" owner="Collections">
<msg time="2024-04-29T15:15:28.544177" level="INFO">False</msg>
<arg>${json_data['results'][0]['login']}</arg>
<arg>${keyTwo}</arg>
<doc>Fails if ``key`` is not found from ``dictionary``.</doc>
<status status="PASS" start="2024-04-29T15:15:28.543794" elapsed="0.000420"/>
</kw>
<kw name="Log" owner="BuiltIn">
<msg time="2024-04-29T15:15:28.544636" level="INFO">password</msg>
<arg>${keyTwo}</arg>
<doc>Logs the given message with the given level.</doc>
<status status="PASS" start="2024-04-29T15:15:28.544508" elapsed="0.000165"/>
</kw>
<var name="${keyTwo}">password</var>
<status status="PASS" start="2024-04-29T15:15:28.542872" elapsed="0.002060"/>
</iter>
<var>${keyTwo}</var>
<value>@{expected_keysTwo}</value>
<status status="PASS" start="2024-04-29T15:15:28.540548" elapsed="0.004509"/>
</for>
<status status="PASS" start="2024-04-29T15:15:28.496110" elapsed="0.049091"/>
</kw>
<doc>Testa a estrutura da resposta da API.</doc>
<tag>testeEstruturaResposta</tag>
<status status="PASS" start="2024-04-29T15:15:28.495301" elapsed="0.050053"/>
</test>
<test id="s1-s1-t4" name="Validar tipos de dados" line="28">
<kw name="Teste de Tipos de Dados" owner="random-user-service">
<kw name="GET On Session" owner="RequestsLibrary">
<msg time="2024-04-29T15:15:28.631007" level="INFO">GET Request : url=https://randomuser.me/api 
 path_url=/api 
 headers={'User-Agent': 'python-requests/2.31.0', 'Accept-Encoding': 'gzip, deflate', 'Accept': '*/*', 'Connection': 'keep-alive'} 
 body=None 
 </msg>
<msg time="2024-04-29T15:15:28.631091" level="INFO">GET Response : url=https://randomuser.me/api 
 status=200, reason=OK 
 headers={'Date': 'Mon, 29 Apr 2024 15:15:28 GMT', 'Content-Type': 'application/json; charset=utf-8', 'Transfer-Encoding': 'chunked', 'Connection': 'keep-alive', 'X-Powered-By': 'Express', 'Access-Control-Allow-Origin': '*', 'Cache-Control': 'no-cache', 'ETag': 'W/"4a3-7TiF+mMcUbaaN5XD5OA2GomSOBY"', 'Vary': 'Accept-Encoding', 'Content-Encoding': 'gzip', 'CF-Cache-Status': 'DYNAMIC', 'Report-To': '{"endpoints":[{"url":"https:\\/\\/a.nel.cloudflare.com\\/report\\/v4?s=O3fvwnPTqqgC740sUsiTUy6VoKgPKHnTsJy4saOnyGpbL0AbwF%2BapfFSKGiJBM25lxxQ1hAgCfcf6OUcvOfzP34jh384xwewmLwuC19vLRA4qeOg38X0oS%2B3u%2BW2tuaX"}],"group":"cf-nel","max_age":604800}', 'NEL': '{"success_fraction":0,"report_to":"cf-nel","max_age":604800}', 'Server': 'cloudflare', 'CF-RAY': '87c03f676b4a0822-IAD', 'alt-svc': 'h3=":443"; ma=86400'} 
 body={"results":[{"gender":"male","name":{"title":"Mr","first":"René","last":"Fuentes"},"location":{"street":{"number":3149,"name":"Prolongación Ríos"},"city":"San Martín de las Flores","state":"Queretaro","country":"Mexico","postcode":74249,"coordinates":{"latitude":"23.8665","longitude":"-137.2513"},"timezone":{"offset":"-1:00","description":"Azores, Cape Verde Islands"}},"email":"rene.fuentes@example.com","login":{"uuid":"d565ebab-026d-4de9-862f-1f32c2256144","username":"blackzebra202","password":"gretzky","salt":"djAZ16Mr","md5":"f7d12c1d749a1c702043785c361cf21c","sha1":"a282a3ca28c0f20f3a7ce04de2c1e74f91f32da1","sha256":"7824525ca48a0423d5f001051057b008ee27ff20c11dff1351a68a69ac6f6ade"},"dob":{"date":"1998-10-18T04:01:51.665Z","age":25},"registered":{"date":"2007-03-24T14:09:29.962Z","age":17},"phone":"(681) 133 1221","cell":"(613) 317 9126","id":{"name":"NSS","value":"08 25 86 9953 2"},"picture":{"large":"https://randomuser.me/api/portraits/men/16.jpg","medium":"https://randomuser.me/api/portraits/med/men/16.jpg","thumbnail":"https://randomuser.me/api/portraits/thumb/men/16.jpg"},"nat":"MX"}],"info":{"seed":"54bbeb87e4c3e85d","results":1,"page":1,"version":"1.4"}} 
 </msg>
<msg time="2024-04-29T15:15:28.631159" level="INFO">/opt/hostedtoolcache/Python/3.12.3/x64/lib/python3.12/site-packages/urllib3/connectionpool.py:1103: InsecureRequestWarning: Unverified HTTPS request is being made to host 'randomuser.me'. Adding certificate verification is strongly advised. See: https://urllib3.readthedocs.io/en/latest/advanced-usage.html#tls-warnings
  warnings.warn(</msg>
<msg time="2024-04-29T15:15:28.631263" level="INFO">${response} = &lt;Response [200]&gt;</msg>
<var>${response}</var>
<arg>consultarAPI</arg>
<arg>/api</arg>
<doc>Sends a GET request on a previously created HTTP Session.</doc>
<status status="PASS" start="2024-04-29T15:15:28.547799" elapsed="0.083499"/>
</kw>
<kw name="Set Variable" owner="BuiltIn">
<msg time="2024-04-29T15:15:28.632289" level="INFO">${json_data} = {'results': [{'gender': 'male', 'name': {'title': 'Mr', 'first': 'René', 'last': 'Fuentes'}, 'location': {'street': {'number': 3149, 'name': 'Prolongación Ríos'}, 'city': 'San Martín de las Flores', '...</msg>
<var>${json_data}</var>
<arg>${response.json()}</arg>
<doc>Returns the given values which can then be assigned to a variables.</doc>
<status status="PASS" start="2024-04-29T15:15:28.631771" elapsed="0.000550"/>
</kw>
<kw name="Log" owner="BuiltIn">
<msg time="2024-04-29T15:15:28.632833" level="INFO">{'results': [{'gender': 'male', 'name': {'title': 'Mr', 'first': 'René', 'last': 'Fuentes'}, 'location': {'street': {'number': 3149, 'name': 'Prolongación Ríos'}, 'city': 'San Martín de las Flores', 'state': 'Queretaro', 'country': 'Mexico', 'postcode': 74249, 'coordinates': {'latitude': '23.8665', 'longitude': '-137.2513'}, 'timezone': {'offset': '-1:00', 'description': 'Azores, Cape Verde Islands'}}, 'email': 'rene.fuentes@example.com', 'login': {'uuid': 'd565ebab-026d-4de9-862f-1f32c2256144', 'username': 'blackzebra202', 'password': 'gretzky', 'salt': 'djAZ16Mr', 'md5': 'f7d12c1d749a1c702043785c361cf21c', 'sha1': 'a282a3ca28c0f20f3a7ce04de2c1e74f91f32da1', 'sha256': '7824525ca48a0423d5f001051057b008ee27ff20c11dff1351a68a69ac6f6ade'}, 'dob': {'date': '1998-10-18T04:01:51.665Z', 'age': 25}, 'registered': {'date': '2007-03-24T14:09:29.962Z', 'age': 17}, 'phone': '(681) 133 1221', 'cell': '(613) 317 9126', 'id': {'name': 'NSS', 'value': '08 25 86 9953 2'}, 'picture': {'large': 'https://randomuser.me/api/portraits/men/16.jpg', 'medium': 'https://randomuser.me/api/portraits/med/men/16.jpg', 'thumbnail': 'https://randomuser.me/api/portraits/thumb/men/16.jpg'}, 'nat': 'MX'}], 'info': {'seed': '54bbeb87e4c3e85d', 'results': 1, 'page': 1, 'version': '1.4'}}</msg>
<arg>${json_data}</arg>
<doc>Logs the given message with the given level.</doc>
<status status="PASS" start="2024-04-29T15:15:28.632634" elapsed="0.000289"/>
</kw>
<kw name="Should Be String" owner="String">
<arg>${json_data['results'][0]['gender']}</arg>
<doc>Fails if the given ``item`` is not a string.</doc>
<status status="PASS" start="2024-04-29T15:15:28.633229" elapsed="0.000363"/>
</kw>
<kw name="Should Match Regexp" owner="BuiltIn">
<arg>${json_data['results'][0]['email']}</arg>
<arg>^[a-zA-Z0-9._%+-]+@[a-zA-Z0-9.-]+\.[a-zA-Z]{2,}$</arg>
<doc>Fails if ``string`` does not match ``pattern`` as a regular expression.</doc>
<status status="PASS" start="2024-04-29T15:15:28.633789" elapsed="0.000547"/>
</kw>
<kw name="Should Match Regexp" owner="BuiltIn">
<arg>${json_data['results'][0]['dob']['date']}</arg>
<arg>\\d{4}-\\d{2}-\\d{2}T\\d{2}:\\d{2}:\\d{2}\\.\\d{3}Z</arg>
<doc>Fails if ``string`` does not match ``pattern`` as a regular expression.</doc>
<status status="PASS" start="2024-04-29T15:15:28.634537" elapsed="0.000500"/>
</kw>
<kw name="Should Match Regexp" owner="BuiltIn">
<arg>${json_data['results'][0]['registered']['date']}</arg>
<arg>\\d{4}-\\d{2}-\\d{2}T\\d{2}:\\d{2}:\\d{2}\\.\\d{3}Z</arg>
<doc>Fails if ``string`` does not match ``pattern`` as a regular expression.</doc>
<status status="PASS" start="2024-04-29T15:15:28.635238" elapsed="0.000380"/>
</kw>
<kw name="Should Match Regexp" owner="BuiltIn">
<arg>${json_data['results'][0]['picture']['large']}</arg>
<arg>^https?://.*\.(?:png|jpe?g|gif|bmp)$</arg>
<doc>Fails if ``string`` does not match ``pattern`` as a regular expression.</doc>
<status status="PASS" start="2024-04-29T15:15:28.635807" elapsed="0.000473"/>
</kw>
<kw name="Should Match Regexp" owner="BuiltIn">
<arg>${json_data['results'][0]['picture']['medium']}</arg>
<arg>^https?://.*\.(?:png|jpe?g|gif|bmp)$</arg>
<doc>Fails if ``string`` does not match ``pattern`` as a regular expression.</doc>
<status status="PASS" start="2024-04-29T15:15:28.636471" elapsed="0.000405"/>
</kw>
<kw name="Should Match Regexp" owner="BuiltIn">
<arg>${json_data['results'][0]['picture']['thumbnail']}</arg>
<arg>^https?://.*\.(?:png|jpe?g|gif|bmp)$</arg>
<doc>Fails if ``string`` does not match ``pattern`` as a regular expression.</doc>
<status status="PASS" start="2024-04-29T15:15:28.637069" elapsed="0.000354"/>
</kw>
<kw name="Log" owner="BuiltIn">
<msg time="2024-04-29T15:15:28.637929" level="INFO">{'large': 'https://randomuser.me/api/portraits/men/16.jpg', 'medium': 'https://randomuser.me/api/portraits/med/men/16.jpg', 'thumbnail': 'https://randomuser.me/api/portraits/thumb/men/16.jpg'}</msg>
<arg>${json_data['results'][0]['picture']}</arg>
<doc>Logs the given message with the given level.</doc>
<status status="PASS" start="2024-04-29T15:15:28.637605" elapsed="0.000366"/>
</kw>
<status status="PASS" start="2024-04-29T15:15:28.547573" elapsed="0.090654"/>
</kw>
<kw name="Teste de Tipos de Dados - Postcode" owner="random-user-service">
<kw name="GET On Session" owner="RequestsLibrary">
<msg time="2024-04-29T15:15:28.724622" level="INFO">GET Request : url=https://randomuser.me/api 
 path_url=/api 
 headers={'User-Agent': 'python-requests/2.31.0', 'Accept-Encoding': 'gzip, deflate', 'Accept': '*/*', 'Connection': 'keep-alive'} 
 body=None 
 </msg>
<msg time="2024-04-29T15:15:28.724751" level="INFO">GET Response : url=https://randomuser.me/api 
 status=200, reason=OK 
 headers={'Date': 'Mon, 29 Apr 2024 15:15:28 GMT', 'Content-Type': 'application/json; charset=utf-8', 'Transfer-Encoding': 'chunked', 'Connection': 'keep-alive', 'X-Powered-By': 'Express', 'Access-Control-Allow-Origin': '*', 'Cache-Control': 'no-cache', 'ETag': 'W/"485-ceSHy0Qj7lCbJ/pyl8W2vXCB06E"', 'Vary': 'Accept-Encoding', 'Content-Encoding': 'gzip', 'CF-Cache-Status': 'DYNAMIC', 'Report-To': '{"endpoints":[{"url":"https:\\/\\/a.nel.cloudflare.com\\/report\\/v4?s=1aBNdok4IhvFvwFGQ8m%2BggQa2nKg037tCUJ%2FXu966alphU6rCIaJnACNDOrf%2FDs7LZsXe1WS%2FCp2w6eX3g0pTTfFqzuUow9qEvXCcsIWwmwngQVAIeAPF1Dt92xmbjrb"}],"group":"cf-nel","max_age":604800}', 'NEL': '{"success_fraction":0,"report_to":"cf-nel","max_age":604800}', 'Server': 'cloudflare', 'CF-RAY': '87c03f680c0a0822-IAD', 'alt-svc': 'h3=":443"; ma=86400'} 
 body={"results":[{"gender":"female","name":{"title":"Mrs","first":"Lísia","last":"de Souza"},"location":{"street":{"number":8033,"name":"Rua Santos Dumont "},"city":"Itaguaí","state":"Amapá","country":"Brazil","postcode":25074,"coordinates":{"latitude":"-74.9009","longitude":"112.9495"},"timezone":{"offset":"-10:00","description":"Hawaii"}},"email":"lisia.desouza@example.com","login":{"uuid":"9561cb61-29ac-4d09-b874-9f8fd001fc3b","username":"goldenmeercat992","password":"jean","salt":"JNWYaM0F","md5":"5d0357919e6d2fc24b8b70983e1dd426","sha1":"a1f557ca1aa411f6631bf700c12cbf967fc8bfc9","sha256":"4dd1b1f7daffbdf690bd0111d86f4ca4958f4dcf8e0b84b8028a77f13b53abc8"},"dob":{"date":"1974-09-19T05:07:34.575Z","age":49},"registered":{"date":"2021-04-20T05:14:20.138Z","age":3},"phone":"(00) 0972-6782","cell":"(54) 9454-3388","id":{"name":"CPF","value":"744.663.887-21"},"picture":{"large":"https://randomuser.me/api/portraits/women/83.jpg","medium":"https://randomuser.me/api/portraits/med/women/83.jpg","thumbnail":"https://randomuser.me/api/portraits/thumb/women/83.jpg"},"nat":"BR"}],"info":{"seed":"e17a9a89f4073d13","results":1,"page":1,"version":"1.4"}} 
 </msg>
<msg time="2024-04-29T15:15:28.724840" level="INFO">/opt/hostedtoolcache/Python/3.12.3/x64/lib/python3.12/site-packages/urllib3/connectionpool.py:1103: InsecureRequestWarning: Unverified HTTPS request is being made to host 'randomuser.me'. Adding certificate verification is strongly advised. See: https://urllib3.readthedocs.io/en/latest/advanced-usage.html#tls-warnings
  warnings.warn(</msg>
<msg time="2024-04-29T15:15:28.724953" level="INFO">${response} = &lt;Response [200]&gt;</msg>
<var>${response}</var>
<arg>consultarAPI</arg>
<arg>/api</arg>
<doc>Sends a GET request on a previously created HTTP Session.</doc>
<status status="PASS" start="2024-04-29T15:15:28.638697" elapsed="0.086287"/>
</kw>
<kw name="Set Variable" owner="BuiltIn">
<msg time="2024-04-29T15:15:28.725993" level="INFO">${json_data} = {'results': [{'gender': 'female', 'name': {'title': 'Mrs', 'first': 'Lísia', 'last': 'de Souza'}, 'location': {'street': {'number': 8033, 'name': 'Rua Santos Dumont '}, 'city': 'Itaguaí', 'state': 'Am...</msg>
<var>${json_data}</var>
<arg>${response.json()}</arg>
<doc>Returns the given values which can then be assigned to a variables.</doc>
<status status="PASS" start="2024-04-29T15:15:28.725481" elapsed="0.000542"/>
</kw>
<kw name="Log" owner="BuiltIn">
<msg time="2024-04-29T15:15:28.726497" level="INFO">{'results': [{'gender': 'female', 'name': {'title': 'Mrs', 'first': 'Lísia', 'last': 'de Souza'}, 'location': {'street': {'number': 8033, 'name': 'Rua Santos Dumont '}, 'city': 'Itaguaí', 'state': 'Amapá', 'country': 'Brazil', 'postcode': 25074, 'coordinates': {'latitude': '-74.9009', 'longitude': '112.9495'}, 'timezone': {'offset': '-10:00', 'description': 'Hawaii'}}, 'email': 'lisia.desouza@example.com', 'login': {'uuid': '9561cb61-29ac-4d09-b874-9f8fd001fc3b', 'username': 'goldenmeercat992', 'password': 'jean', 'salt': 'JNWYaM0F', 'md5': '5d0357919e6d2fc24b8b70983e1dd426', 'sha1': 'a1f557ca1aa411f6631bf700c12cbf967fc8bfc9', 'sha256': '4dd1b1f7daffbdf690bd0111d86f4ca4958f4dcf8e0b84b8028a77f13b53abc8'}, 'dob': {'date': '1974-09-19T05:07:34.575Z', 'age': 49}, 'registered': {'date': '2021-04-20T05:14:20.138Z', 'age': 3}, 'phone': '(00) 0972-6782', 'cell': '(54) 9454-3388', 'id': {'name': 'CPF', 'value': '744.663.887-21'}, 'picture': {'large': 'https://randomuser.me/api/portraits/women/83.jpg', 'medium': 'https://randomuser.me/api/portraits/med/women/83.jpg', 'thumbnail': 'https://randomuser.me/api/portraits/thumb/women/83.jpg'}, 'nat': 'BR'}], 'info': {'seed': 'e17a9a89f4073d13', 'results': 1, 'page': 1, 'version': '1.4'}}</msg>
<arg>${json_data}</arg>
<doc>Logs the given message with the given level.</doc>
<status status="PASS" start="2024-04-29T15:15:28.726336" elapsed="0.000244"/>
</kw>
<kw name="Should Be Equal As Numbers" owner="BuiltIn">
<arg>${json_data['results'][0]['location']['postcode']}</arg>
<arg>${json_data['results'][0]['location']['postcode']}</arg>
<doc>Fails if objects are unequal after converting them to real numbers.</doc>
<status status="PASS" start="2024-04-29T15:15:28.727060" elapsed="0.000624"/>
</kw>
<kw name="Log" owner="BuiltIn">
<msg time="2024-04-29T15:15:28.728221" level="INFO">25074</msg>
<arg>${json_data['results'][0]['location']['postcode']}</arg>
<doc>Logs the given message with the given level.</doc>
<status status="PASS" start="2024-04-29T15:15:28.727879" elapsed="0.000383"/>
</kw>
<status status="PASS" start="2024-04-29T15:15:28.638457" elapsed="0.090068"/>
</kw>
<doc>Testa se os tipos de dados na resposta da API estão corretos.</doc>
<tag>testeTiposDados</tag>
<status status="PASS" start="2024-04-29T15:15:28.547115" elapsed="0.181622"/>
</test>
<test id="s1-s1-t5" name="Validar conteudo" line="35">
<kw name="Teste de Tipos de Conteudo" owner="random-user-service">
<kw name="GET On Session" owner="RequestsLibrary">
<msg time="2024-04-29T15:15:28.826779" level="INFO">GET Request : url=https://randomuser.me/api 
 path_url=/api 
 headers={'User-Agent': 'python-requests/2.31.0', 'Accept-Encoding': 'gzip, deflate', 'Accept': '*/*', 'Connection': 'keep-alive'} 
 body=None 
 </msg>
<msg time="2024-04-29T15:15:28.826875" level="INFO">GET Response : url=https://randomuser.me/api 
 status=200, reason=OK 
 headers={'Date': 'Mon, 29 Apr 2024 15:15:28 GMT', 'Content-Type': 'application/json; charset=utf-8', 'Transfer-Encoding': 'chunked', 'Connection': 'keep-alive', 'X-Powered-By': 'Express', 'Access-Control-Allow-Origin': '*', 'Cache-Control': 'no-cache', 'ETag': 'W/"46d-k1DbFsfmXnJjMwxsu4ZbVvWv/3U"', 'Vary': 'Accept-Encoding', 'Content-Encoding': 'gzip', 'CF-Cache-Status': 'DYNAMIC', 'Report-To': '{"endpoints":[{"url":"https:\\/\\/a.nel.cloudflare.com\\/report\\/v4?s=ONUAMU7Nk35Lx9EsINYUN56uHgtJHlud%2B0euqdaa3iReyA4pNqqEnHs0hKz6QrFd9DFL5%2FcTKiNiiKHMyaVHZbo3VBqejv8ayef4pnn2AfY0ebLfFAIYmeb1J0rvWaYk"}],"group":"cf-nel","max_age":604800}', 'NEL': '{"success_fraction":0,"report_to":"cf-nel","max_age":604800}', 'Server': 'cloudflare', 'CF-RAY': '87c03f689cbd0822-IAD', 'alt-svc': 'h3=":443"; ma=86400'} 
 body={"results":[{"gender":"male","name":{"title":"Mr","first":"Reyansh","last":"Kumar"},"location":{"street":{"number":8446,"name":"College St"},"city":"Ajmer","state":"Meghalaya","country":"India","postcode":53886,"coordinates":{"latitude":"12.1313","longitude":"-155.5720"},"timezone":{"offset":"-3:30","description":"Newfoundland"}},"email":"reyansh.kumar@example.com","login":{"uuid":"c75d30a7-295a-4bb4-bfe5-d06bc46923da","username":"whitefrog846","password":"walton","salt":"kMtPSRsB","md5":"6dbb8ffb1e3843082bacc84392a1d718","sha1":"f490417efb06d851a9ed38c2b11327065e54e945","sha256":"0ff24ef4acdd3cffc6d769cbe0f2802c65e983394d085f95b584f97c097d6aeb"},"dob":{"date":"1947-02-10T04:15:35.740Z","age":77},"registered":{"date":"2009-11-26T00:50:26.035Z","age":14},"phone":"9246128677","cell":"8033002414","id":{"name":"UIDAI","value":"028781784745"},"picture":{"large":"https://randomuser.me/api/portraits/men/72.jpg","medium":"https://randomuser.me/api/portraits/med/men/72.jpg","thumbnail":"https://randomuser.me/api/portraits/thumb/men/72.jpg"},"nat":"IN"}],"info":{"seed":"330307ddb0ab8c79","results":1,"page":1,"version":"1.4"}} 
 </msg>
<msg time="2024-04-29T15:15:28.826956" level="INFO">/opt/hostedtoolcache/Python/3.12.3/x64/lib/python3.12/site-packages/urllib3/connectionpool.py:1103: InsecureRequestWarning: Unverified HTTPS request is being made to host 'randomuser.me'. Adding certificate verification is strongly advised. See: https://urllib3.readthedocs.io/en/latest/advanced-usage.html#tls-warnings
  warnings.warn(</msg>
<msg time="2024-04-29T15:15:28.827077" level="INFO">${response} = &lt;Response [200]&gt;</msg>
<var>${response}</var>
<arg>consultarAPI</arg>
<arg>/api</arg>
<doc>Sends a GET request on a previously created HTTP Session.</doc>
<status status="PASS" start="2024-04-29T15:15:28.731631" elapsed="0.095490"/>
</kw>
<kw name="Set Variable" owner="BuiltIn">
<msg time="2024-04-29T15:15:28.828060" level="INFO">${json_data} = {'results': [{'gender': 'male', 'name': {'title': 'Mr', 'first': 'Reyansh', 'last': 'Kumar'}, 'location': {'street': {'number': 8446, 'name': 'College St'}, 'city': 'Ajmer', 'state': 'Meghalaya', 'cou...</msg>
<var>${json_data}</var>
<arg>${response.json()}</arg>
<doc>Returns the given values which can then be assigned to a variables.</doc>
<status status="PASS" start="2024-04-29T15:15:28.827578" elapsed="0.000510"/>
</kw>
<kw name="Set Variable" owner="BuiltIn">
<msg time="2024-04-29T15:15:28.828818" level="INFO">${name_title} = Mr</msg>
<var>${name_title}</var>
<arg>${json_data["results"][0]["name"]["title"]}</arg>
<doc>Returns the given values which can then be assigned to a variables.</doc>
<status status="PASS" start="2024-04-29T15:15:28.828396" elapsed="0.000448"/>
</kw>
<kw name="Create List" owner="BuiltIn">
<msg time="2024-04-29T15:15:28.829293" level="INFO">${allowed_titles} = ['Mr', 'Ms', 'Miss', 'Mrs', 'Madame', 'Monsieur']</msg>
<var>${allowed_titles}</var>
<arg>Mr</arg>
<arg>Ms</arg>
<arg>Miss</arg>
<arg>Mrs</arg>
<arg>Madame</arg>
<arg>Monsieur</arg>
<doc>Returns a list containing given items.</doc>
<status status="PASS" start="2024-04-29T15:15:28.829145" elapsed="0.000173"/>
</kw>
<kw name="List Should Contain Value" owner="Collections">
<msg time="2024-04-29T15:15:28.829787" level="INFO">False</msg>
<arg>${allowed_titles}</arg>
<arg>${name_title}</arg>
<doc>Fails if the ``value`` is not found from ``list``.</doc>
<status status="PASS" start="2024-04-29T15:15:28.829615" elapsed="0.000208"/>
</kw>
<kw name="Set Variable" owner="BuiltIn">
<msg time="2024-04-29T15:15:28.830492" level="INFO">${name_country} = IN</msg>
<var>${name_country}</var>
<arg>${json_data["results"][0]["nat"]}</arg>
<doc>Returns the given values which can then be assigned to a variables.</doc>
<status status="PASS" start="2024-04-29T15:15:28.830107" elapsed="0.000410"/>
</kw>
<kw name="Create List" owner="BuiltIn">
<msg time="2024-04-29T15:15:28.831409" level="INFO">${list_country} = ['AD', 'AE', 'AF', 'AG', 'AI', 'AL', 'AM', 'AO', 'AQ', 'AR', 'AS', 'AT', 'AU', 'AW', 'AX', 'AZ', 'BA', 'BB', 'BD', 'BE', 'BF', 'BG', 'BH', 'BI', 'BJ', 'BL', 'BM', 'BN', 'BO', 'BQ', 'BR', 'BS', 'BT', '...</msg>
<var>${list_country}</var>
<arg>AD</arg>
<arg>AE</arg>
<arg>AF</arg>
<arg>AG</arg>
<arg>AI</arg>
<arg>AL</arg>
<arg>AM</arg>
<arg>AO</arg>
<arg>AQ</arg>
<arg>AR</arg>
<arg>AS</arg>
<arg>AT</arg>
<arg>AU</arg>
<arg>AW</arg>
<arg>AX</arg>
<arg>AZ</arg>
<arg>BA</arg>
<arg>BB</arg>
<arg>BD</arg>
<arg>BE</arg>
<arg>BF</arg>
<arg>BG</arg>
<arg>BH</arg>
<arg>BI</arg>
<arg>BJ</arg>
<arg>BL</arg>
<arg>BM</arg>
<arg>BN</arg>
<arg>BO</arg>
<arg>BQ</arg>
<arg>BR</arg>
<arg>BS</arg>
<arg>BT</arg>
<arg>BV</arg>
<arg>BW</arg>
<arg>BY</arg>
<arg>BZ</arg>
<arg>CA</arg>
<arg>CC</arg>
<arg>CD</arg>
<arg>CF</arg>
<arg>CG</arg>
<arg>CH</arg>
<arg>CI</arg>
<arg>CK</arg>
<arg>CL</arg>
<arg>CM</arg>
<arg>CN</arg>
<arg>CO</arg>
<arg>CR</arg>
<arg>CU</arg>
<arg>CV</arg>
<arg>CW</arg>
<arg>CX</arg>
<arg>CY</arg>
<arg>CZ</arg>
<arg>DE</arg>
<arg>DJ</arg>
<arg>DK</arg>
<arg>DM</arg>
<arg>DO</arg>
<arg>DZ</arg>
<arg>EC</arg>
<arg>EE</arg>
<arg>EG</arg>
<arg>EH</arg>
<arg>ER</arg>
<arg>ES</arg>
<arg>ET</arg>
<arg>FI</arg>
<arg>FJ</arg>
<arg>FK</arg>
<arg>FM</arg>
<arg>FO</arg>
<arg>FR</arg>
<arg>GA</arg>
<arg>GB</arg>
<arg>GD</arg>
<arg>GE</arg>
<arg>GF</arg>
<arg>GG</arg>
<arg>GH</arg>
<arg>GI</arg>
<arg>GL</arg>
<arg>GM</arg>
<arg>GN</arg>
<arg>GP</arg>
<arg>GQ</arg>
<arg>GR</arg>
<arg>GS</arg>
<arg>GT</arg>
<arg>GU</arg>
<arg>GW</arg>
<arg>GY</arg>
<arg>HK</arg>
<arg>HM</arg>
<arg>HN</arg>
<arg>HR</arg>
<arg>HT</arg>
<arg>HU</arg>
<arg>ID</arg>
<arg>IE</arg>
<arg>IL</arg>
<arg>IM</arg>
<arg>IN</arg>
<arg>IO</arg>
<arg>IQ</arg>
<arg>IR</arg>
<arg>IS</arg>
<arg>IT</arg>
<arg>JE</arg>
<arg>JM</arg>
<arg>JO</arg>
<arg>JP</arg>
<arg>KE</arg>
<arg>KG</arg>
<arg>KH</arg>
<arg>KI</arg>
<arg>KM</arg>
<arg>KN</arg>
<arg>KP</arg>
<arg>KR</arg>
<arg>KW</arg>
<arg>KY</arg>
<arg>KZ</arg>
<arg>LA</arg>
<arg>LB</arg>
<arg>LC</arg>
<arg>LI</arg>
<arg>LK</arg>
<arg>LR</arg>
<arg>LS</arg>
<arg>LT</arg>
<arg>LU</arg>
<arg>LV</arg>
<arg>LY</arg>
<arg>MA</arg>
<arg>MC</arg>
<arg>MD</arg>
<arg>ME</arg>
<arg>MF</arg>
<arg>MG</arg>
<arg>MH</arg>
<arg>MK</arg>
<arg>ML</arg>
<arg>MM</arg>
<arg>MN</arg>
<arg>MO</arg>
<arg>MP</arg>
<arg>MQ</arg>
<arg>MR</arg>
<arg>MS</arg>
<arg>MT</arg>
<arg>MU</arg>
<arg>MV</arg>
<arg>MW</arg>
<arg>MX</arg>
<arg>MY</arg>
<arg>MZ</arg>
<arg>NA</arg>
<arg>NC</arg>
<arg>NE</arg>
<arg>NF</arg>
<arg>NG</arg>
<arg>NI</arg>
<arg>NL</arg>
<arg>NO</arg>
<arg>NP</arg>
<arg>NR</arg>
<arg>NU</arg>
<arg>NZ</arg>
<arg>OM</arg>
<arg>PA</arg>
<arg>PE</arg>
<arg>PF</arg>
<arg>PG</arg>
<arg>PH</arg>
<arg>PK</arg>
<arg>PL</arg>
<arg>PM</arg>
<arg>PN</arg>
<arg>PR</arg>
<arg>PS</arg>
<arg>PT</arg>
<arg>PW</arg>
<arg>PY</arg>
<arg>QA</arg>
<arg>RE</arg>
<arg>RO</arg>
<arg>RS</arg>
<arg>RU</arg>
<arg>RW</arg>
<arg>SA</arg>
<arg>SB</arg>
<arg>SC</arg>
<arg>SD</arg>
<arg>SE</arg>
<arg>SG</arg>
<arg>SH</arg>
<arg>SI</arg>
<arg>SJ</arg>
<arg>SK</arg>
<arg>SL</arg>
<arg>SM</arg>
<arg>SN</arg>
<arg>SO</arg>
<arg>SR</arg>
<arg>SS</arg>
<arg>ST</arg>
<arg>SV</arg>
<arg>SX</arg>
<arg>SY</arg>
<arg>SZ</arg>
<arg>TC</arg>
<arg>TD</arg>
<arg>TF</arg>
<arg>TG</arg>
<arg>TH</arg>
<arg>TJ</arg>
<arg>TK</arg>
<arg>TL</arg>
<arg>TM</arg>
<arg>TN</arg>
<arg>TO</arg>
<arg>TR</arg>
<arg>TT</arg>
<arg>TV</arg>
<arg>TW</arg>
<arg>TZ</arg>
<arg>UA</arg>
<arg>UG</arg>
<arg>UM</arg>
<arg>US</arg>
<arg>UY</arg>
<arg>UZ</arg>
<arg>VA</arg>
<arg>VC</arg>
<arg>VE</arg>
<arg>VG</arg>
<arg>VI</arg>
<arg>VN</arg>
<arg>VU</arg>
<arg>WF</arg>
<arg>WS</arg>
<arg>XK</arg>
<arg>YE</arg>
<arg>YT</arg>
<arg>ZA</arg>
<arg>ZM</arg>
<arg>ZW</arg>
<doc>Returns a list containing given items.</doc>
<status status="PASS" start="2024-04-29T15:15:28.830821" elapsed="0.000613"/>
</kw>
<kw name="List Should Contain Value" owner="Collections">
<msg time="2024-04-29T15:15:28.832430" level="INFO">False</msg>
<arg>${list_country}</arg>
<arg>${name_country}</arg>
<doc>Fails if the ``value`` is not found from ``list``.</doc>
<status status="PASS" start="2024-04-29T15:15:28.832225" elapsed="0.000242"/>
</kw>
<kw name="Run Keyword If" owner="BuiltIn">
<kw name="Should Be True" owner="BuiltIn">
<arg>${True}</arg>
<doc>Fails if the given condition is not true.</doc>
<status status="PASS" start="2024-04-29T15:15:28.833563" elapsed="0.000254"/>
</kw>
<arg>${json_data["results"][0]["location"]["coordinates"]["latitude"]} &gt;= -90 and ${json_data["results"][0]["location"]["coordinates"]["latitude"]} &lt;= 90</arg>
<arg>Should Be True</arg>
<arg>${True}</arg>
<doc>Runs the given keyword with the given arguments, if ``condition`` is true.</doc>
<status status="PASS" start="2024-04-29T15:15:28.832807" elapsed="0.001142"/>
</kw>
<kw name="Run Keyword If" owner="BuiltIn">
<kw name="Should Be True" owner="BuiltIn">
<arg>${True}</arg>
<doc>Fails if the given condition is not true.</doc>
<status status="PASS" start="2024-04-29T15:15:28.834856" elapsed="0.000137"/>
</kw>
<arg>${json_data["results"][0]["location"]["coordinates"]["longitude"]} &gt;= -180 and ${json_data["results"][0]["location"]["coordinates"]["longitude"]} &lt;= 180</arg>
<arg>Should Be True</arg>
<arg>${True}</arg>
<doc>Runs the given keyword with the given arguments, if ``condition`` is true.</doc>
<status status="PASS" start="2024-04-29T15:15:28.834141" elapsed="0.000977"/>
</kw>
<status status="PASS" start="2024-04-29T15:15:28.731236" elapsed="0.104015"/>
</kw>
<doc>Testa o conteúdo específico dos campos retornados pela API.</doc>
<tag>testeConteudo</tag>
<status status="PASS" start="2024-04-29T15:15:28.730541" elapsed="0.104862"/>
</test>
<status status="PASS" start="2024-04-29T15:15:27.807377" elapsed="1.029969"/>
</suite>
<status status="PASS" start="2024-04-29T15:15:27.793661" elapsed="1.048787"/>
</suite>
<statistics>
<total>
<stat pass="5" fail="0" skip="0">All Tests</stat>
</total>
<tag>
<stat pass="1" fail="0" skip="0">testeConteudo</stat>
<stat pass="1" fail="0" skip="0">testeEstruturaResposta</stat>
<stat pass="1" fail="0" skip="0">testeRequisicaoBasica</stat>
<stat pass="1" fail="0" skip="0">testeTiposDados</stat>
</tag>
<suite>
<stat pass="5" fail="0" skip="0" id="s1" name="Tests">Tests</stat>
<stat pass="5" fail="0" skip="0" id="s1-s1" name="Random-User-Test">Tests.Random-User-Test</stat>
</suite>
</statistics>
<errors>
</errors>
</robot>
