<?xml version="1.0" encoding="UTF-8"?>
<robot generator="Robot 7.0 (Python 3.12.3 on linux)" generated="2024-05-05T22:14:20.453433" rpa="false" schemaversion="5">
<suite id="s1" name="Tests" source="/home/runner/work/DesafioQAItauRogerioJordao/DesafioQAItauRogerioJordao/RamdonUser/tests">
<suite id="s1-s1" name="Random-User-Test" source="/home/runner/work/DesafioQAItauRogerioJordao/DesafioQAItauRogerioJordao/RamdonUser/tests/random-user-test.robot">
<test id="s1-s1-t1" name="Conectar" line="13">
<kw name="Conectar API" owner="random-user-service">
<kw name="Create Session" owner="RequestsLibrary">
<msg time="2024-05-05T22:14:20.820589" level="INFO">Creating Session using : alias=consultarAPI, url=https://randomuser.me/, headers={},                     cookies={}, auth=None, timeout=None, proxies=None, verify=False,                     debug=0 </msg>
<arg>consultarAPI</arg>
<arg>${URL}</arg>
<doc>Create Session: create a HTTP session to a server</doc>
<status status="PASS" start="2024-05-05T22:14:20.820394" elapsed="0.000360"/>
</kw>
<status status="PASS" start="2024-05-05T22:14:20.819446" elapsed="0.001650"/>
</kw>
<status status="PASS" start="2024-05-05T22:14:20.818796" elapsed="0.002489"/>
</test>
<test id="s1-s1-t2" name="Validar retorno 200 e JSON Válido" line="16">
<kw name="Teste de Requisicao Basica" owner="random-user-service">
<kw name="GET On Session" owner="RequestsLibrary">
<msg time="2024-05-05T22:14:20.901997" level="INFO">GET Request : url=https://randomuser.me/api 
 path_url=/api 
 headers={'User-Agent': 'python-requests/2.31.0', 'Accept-Encoding': 'gzip, deflate', 'Accept': '*/*', 'Connection': 'keep-alive'} 
 body=None 
 </msg>
<msg time="2024-05-05T22:14:20.902094" level="INFO">GET Response : url=https://randomuser.me/api 
 status=200, reason=OK 
 headers={'Date': 'Sun, 05 May 2024 22:14:20 GMT', 'Content-Type': 'application/json; charset=utf-8', 'Transfer-Encoding': 'chunked', 'Connection': 'keep-alive', 'X-Powered-By': 'Express', 'Access-Control-Allow-Origin': '*', 'Cache-Control': 'no-cache', 'ETag': 'W/"4a9-ZojpngwtrTjskKWjcl4uXkDLCEY"', 'Vary': 'Accept-Encoding', 'Content-Encoding': 'gzip', 'CF-Cache-Status': 'DYNAMIC', 'Report-To': '{"endpoints":[{"url":"https:\\/\\/a.nel.cloudflare.com\\/report\\/v4?s=zt2R8Ax%2BI2D3aFtrJHyJFtNMyVdRUTSCwj7WK8Syjq1ZjWpD6niKUQftarEBga%2FrEeSkaokJtleM8BeT2Uc1fI6B5pdtOzQDPbNjtBk%2FhC77qIiVN1vT5L40N1kftAHW"}],"group":"cf-nel","max_age":604800}', 'NEL': '{"success_fraction":0,"report_to":"cf-nel","max_age":604800}', 'Server': 'cloudflare', 'CF-RAY': '87f4153c58cb2d2a-ORD', 'alt-svc': 'h3=":443"; ma=86400'} 
 body={"results":[{"gender":"female","name":{"title":"Ms","first":"Megan","last":"White"},"location":{"street":{"number":2203,"name":"New Street"},"city":"Inverness","state":"Staffordshire","country":"United Kingdom","postcode":"F21 4HB","coordinates":{"latitude":"-10.6631","longitude":"161.2045"},"timezone":{"offset":"-6:00","description":"Central Time (US &amp; Canada), Mexico City"}},"email":"megan.white@example.com","login":{"uuid":"bfa3386d-c147-4a69-bf82-c2b7d967c152","username":"blackpeacock237","password":"liberty","salt":"esENzJT9","md5":"5fb812268fa68d8496610100f2c4f818","sha1":"192d0671a5fdd120018f29fc6677142fd553a164","sha256":"637f18fed7bf473a9a5ba91e532b4916633eecacb8211e6dab8a4344be98f180"},"dob":{"date":"1986-08-22T07:30:04.756Z","age":37},"registered":{"date":"2011-05-17T03:19:19.441Z","age":12},"phone":"016973 63600","cell":"07263 791255","id":{"name":"NINO","value":"OC 57 89 07 Y"},"picture":{"large":"https://randomuser.me/api/portraits/women/82.jpg","medium":"https://randomuser.me/api/portraits/med/women/82.jpg","thumbnail":"https://randomuser.me/api/portraits/thumb/women/82.jpg"},"nat":"GB"}],"info":{"seed":"4ba6d1ea9ccecff8","results":1,"page":1,"version":"1.4"}} 
 </msg>
<msg time="2024-05-05T22:14:20.902163" level="INFO">/opt/hostedtoolcache/Python/3.12.3/x64/lib/python3.12/site-packages/urllib3/connectionpool.py:1103: InsecureRequestWarning: Unverified HTTPS request is being made to host 'randomuser.me'. Adding certificate verification is strongly advised. See: https://urllib3.readthedocs.io/en/latest/advanced-usage.html#tls-warnings
  warnings.warn(</msg>
<msg time="2024-05-05T22:14:20.902265" level="INFO">${response} = &lt;Response [200]&gt;</msg>
<var>${response}</var>
<arg>consultarAPI</arg>
<arg>/api</arg>
<doc>Sends a GET request on a previously created HTTP Session.</doc>
<status status="PASS" start="2024-05-05T22:14:20.823919" elapsed="0.078387"/>
</kw>
<kw name="Should Be Equal As Numbers" owner="BuiltIn">
<msg time="2024-05-05T22:14:20.903103" level="INFO">Argument types are:
&lt;class 'int'&gt;
&lt;class 'str'&gt;</msg>
<arg>${response.status_code}</arg>
<arg>200</arg>
<doc>Fails if objects are unequal after converting them to real numbers.</doc>
<status status="PASS" start="2024-05-05T22:14:20.902698" elapsed="0.000468"/>
</kw>
<kw name="Log" owner="BuiltIn">
<msg time="2024-05-05T22:14:20.903869" level="INFO">200</msg>
<arg>${response.status_code}</arg>
<doc>Logs the given message with the given level.</doc>
<status status="PASS" start="2024-05-05T22:14:20.903510" elapsed="0.000403"/>
</kw>
<kw name="Set Variable" owner="BuiltIn">
<msg time="2024-05-05T22:14:20.904699" level="INFO">${json_data} = {'results': [{'gender': 'female', 'name': {'title': 'Ms', 'first': 'Megan', 'last': 'White'}, 'location': {'street': {'number': 2203, 'name': 'New Street'}, 'city': 'Inverness', 'state': 'Staffordshir...</msg>
<var>${json_data}</var>
<arg>${response.json()}</arg>
<doc>Returns the given values which can then be assigned to a variables.</doc>
<status status="PASS" start="2024-05-05T22:14:20.904220" elapsed="0.000508"/>
</kw>
<kw name="Dictionary Should Contain Key" owner="Collections">
<msg time="2024-05-05T22:14:20.905202" level="INFO">False</msg>
<arg>${json_data}</arg>
<arg>results</arg>
<doc>Fails if ``key`` is not found from ``dictionary``.</doc>
<status status="PASS" start="2024-05-05T22:14:20.905034" elapsed="0.000209"/>
</kw>
<status status="PASS" start="2024-05-05T22:14:20.823671" elapsed="0.081822"/>
</kw>
<doc>Testa se a API responde corretamente e retorna um objeto JSON válido.</doc>
<tag>testeRequisicaoBasica</tag>
<status status="PASS" start="2024-05-05T22:14:20.823199" elapsed="0.082462"/>
</test>
<test id="s1-s1-t3" name="Validar estrutura de resposta" line="22">
<kw name="Teste de Estrutura de Resposta" owner="random-user-service">
<kw name="GET On Session" owner="RequestsLibrary">
<msg time="2024-05-05T22:14:21.011165" level="INFO">GET Request : url=https://randomuser.me/api 
 path_url=/api 
 headers={'User-Agent': 'python-requests/2.31.0', 'Accept-Encoding': 'gzip, deflate', 'Accept': '*/*', 'Connection': 'keep-alive'} 
 body=None 
 </msg>
<msg time="2024-05-05T22:14:21.011250" level="INFO">GET Response : url=https://randomuser.me/api 
 status=200, reason=OK 
 headers={'Date': 'Sun, 05 May 2024 22:14:21 GMT', 'Content-Type': 'application/json; charset=utf-8', 'Transfer-Encoding': 'chunked', 'Connection': 'keep-alive', 'X-Powered-By': 'Express', 'Access-Control-Allow-Origin': '*', 'Cache-Control': 'no-cache', 'ETag': 'W/"47a-WJD9imwepQeGBu6wJzQQTvk6Imw"', 'Vary': 'Accept-Encoding', 'Content-Encoding': 'gzip', 'CF-Cache-Status': 'DYNAMIC', 'Report-To': '{"endpoints":[{"url":"https:\\/\\/a.nel.cloudflare.com\\/report\\/v4?s=PnU7vcEOGcGBhUVIm7GDVwCRVV38y0G44Q2gc7ox22Alqov73KHeJhhFnedE1ffXkv5lb%2F8zCw5Nzrfujf5GZQjOH3HnSTflBflNOEf6uOmyHcHxOZcy%2FxtuzN%2BzxsLH"}],"group":"cf-nel","max_age":604800}', 'NEL': '{"success_fraction":0,"report_to":"cf-nel","max_age":604800}', 'Server': 'cloudflare', 'CF-RAY': '87f4153cb9602d2a-ORD', 'alt-svc': 'h3=":443"; ma=86400'} 
 body={"results":[{"gender":"male","name":{"title":"Mr","first":"Ajith","last":"Pai"},"location":{"street":{"number":7392,"name":"Bhavani Peth"},"city":"Bhilai","state":"Bihar","country":"India","postcode":46954,"coordinates":{"latitude":"10.7530","longitude":"-1.1782"},"timezone":{"offset":"+5:30","description":"Bombay, Calcutta, Madras, New Delhi"}},"email":"ajith.pai@example.com","login":{"uuid":"1abb1216-dd61-4c63-aac3-ea09a16124d2","username":"smallduck913","password":"phantom","salt":"11AfYyoi","md5":"ebbbc638e21f0c0f063ab6600bca43df","sha1":"04e8b9300f9d88c24c434fb5127944133b7614d0","sha256":"4760920660a6aa4cbee58fd3d36f47494c41e402cf18e6bbfc3164033b8e1683"},"dob":{"date":"1981-11-24T01:17:19.203Z","age":42},"registered":{"date":"2002-04-01T02:15:51.836Z","age":22},"phone":"8140128101","cell":"8635956439","id":{"name":"UIDAI","value":"665333640929"},"picture":{"large":"https://randomuser.me/api/portraits/men/57.jpg","medium":"https://randomuser.me/api/portraits/med/men/57.jpg","thumbnail":"https://randomuser.me/api/portraits/thumb/men/57.jpg"},"nat":"IN"}],"info":{"seed":"55c88ade33dd0a60","results":1,"page":1,"version":"1.4"}} 
 </msg>
<msg time="2024-05-05T22:14:21.011372" level="INFO">/opt/hostedtoolcache/Python/3.12.3/x64/lib/python3.12/site-packages/urllib3/connectionpool.py:1103: InsecureRequestWarning: Unverified HTTPS request is being made to host 'randomuser.me'. Adding certificate verification is strongly advised. See: https://urllib3.readthedocs.io/en/latest/advanced-usage.html#tls-warnings
  warnings.warn(</msg>
<msg time="2024-05-05T22:14:21.011467" level="INFO">${response} = &lt;Response [200]&gt;</msg>
<var>${response}</var>
<arg>consultarAPI</arg>
<arg>/api</arg>
<doc>Sends a GET request on a previously created HTTP Session.</doc>
<status status="PASS" start="2024-05-05T22:14:20.908177" elapsed="0.103316"/>
</kw>
<kw name="Set Variable" owner="BuiltIn">
<msg time="2024-05-05T22:14:21.012362" level="INFO">${json_data} = {'results': [{'gender': 'male', 'name': {'title': 'Mr', 'first': 'Ajith', 'last': 'Pai'}, 'location': {'street': {'number': 7392, 'name': 'Bhavani Peth'}, 'city': 'Bhilai', 'state': 'Bihar', 'country'...</msg>
<var>${json_data}</var>
<arg>${response.json()}</arg>
<doc>Returns the given values which can then be assigned to a variables.</doc>
<status status="PASS" start="2024-05-05T22:14:21.011875" elapsed="0.000516"/>
</kw>
<kw name="Log" owner="BuiltIn">
<msg time="2024-05-05T22:14:21.012854" level="INFO">{'results': [{'gender': 'male', 'name': {'title': 'Mr', 'first': 'Ajith', 'last': 'Pai'}, 'location': {'street': {'number': 7392, 'name': 'Bhavani Peth'}, 'city': 'Bhilai', 'state': 'Bihar', 'country': 'India', 'postcode': 46954, 'coordinates': {'latitude': '10.7530', 'longitude': '-1.1782'}, 'timezone': {'offset': '+5:30', 'description': 'Bombay, Calcutta, Madras, New Delhi'}}, 'email': 'ajith.pai@example.com', 'login': {'uuid': '1abb1216-dd61-4c63-aac3-ea09a16124d2', 'username': 'smallduck913', 'password': 'phantom', 'salt': '11AfYyoi', 'md5': 'ebbbc638e21f0c0f063ab6600bca43df', 'sha1': '04e8b9300f9d88c24c434fb5127944133b7614d0', 'sha256': '4760920660a6aa4cbee58fd3d36f47494c41e402cf18e6bbfc3164033b8e1683'}, 'dob': {'date': '1981-11-24T01:17:19.203Z', 'age': 42}, 'registered': {'date': '2002-04-01T02:15:51.836Z', 'age': 22}, 'phone': '8140128101', 'cell': '8635956439', 'id': {'name': 'UIDAI', 'value': '665333640929'}, 'picture': {'large': 'https://randomuser.me/api/portraits/men/57.jpg', 'medium': 'https://randomuser.me/api/portraits/med/men/57.jpg', 'thumbnail': 'https://randomuser.me/api/portraits/thumb/men/57.jpg'}, 'nat': 'IN'}], 'info': {'seed': '55c88ade33dd0a60', 'results': 1, 'page': 1, 'version': '1.4'}}</msg>
<arg>${json_data}</arg>
<doc>Logs the given message with the given level.</doc>
<status status="PASS" start="2024-05-05T22:14:21.012699" elapsed="0.000203"/>
</kw>
<kw name="Dictionary Should Contain Key" owner="Collections">
<msg time="2024-05-05T22:14:21.013349" level="INFO">False</msg>
<arg>${json_data}</arg>
<arg>results</arg>
<doc>Fails if ``key`` is not found from ``dictionary``.</doc>
<status status="PASS" start="2024-05-05T22:14:21.013194" elapsed="0.000194"/>
</kw>
<kw name="Should Not Be Empty" owner="BuiltIn">
<msg time="2024-05-05T22:14:21.013816" level="INFO">Length is 2.</msg>
<arg>${json_data}</arg>
<doc>Verifies that the given item is not empty.</doc>
<status status="PASS" start="2024-05-05T22:14:21.013678" elapsed="0.000296"/>
</kw>
<kw name="Create List" owner="BuiltIn">
<msg time="2024-05-05T22:14:21.014427" level="INFO">${expected_keys} = ['gender', 'name', 'location', 'email', 'login']</msg>
<var>${expected_keys}</var>
<arg>gender</arg>
<arg>name</arg>
<arg>location</arg>
<arg>email</arg>
<arg>login</arg>
<doc>Returns a list containing given items.</doc>
<status status="PASS" start="2024-05-05T22:14:21.014274" elapsed="0.000177"/>
</kw>
<for flavor="IN">
<iter>
<kw name="Dictionary Should Contain Key" owner="Collections">
<msg time="2024-05-05T22:14:21.015410" level="INFO">False</msg>
<arg>${json_data['results'][0]}</arg>
<arg>${key}</arg>
<doc>Fails if ``key`` is not found from ``dictionary``.</doc>
<status status="PASS" start="2024-05-05T22:14:21.015003" elapsed="0.000446"/>
</kw>
<kw name="Log" owner="BuiltIn">
<msg time="2024-05-05T22:14:21.016113" level="INFO">{'gender': 'male', 'name': {'title': 'Mr', 'first': 'Ajith', 'last': 'Pai'}, 'location': {'street': {'number': 7392, 'name': 'Bhavani Peth'}, 'city': 'Bhilai', 'state': 'Bihar', 'country': 'India', 'postcode': 46954, 'coordinates': {'latitude': '10.7530', 'longitude': '-1.1782'}, 'timezone': {'offset': '+5:30', 'description': 'Bombay, Calcutta, Madras, New Delhi'}}, 'email': 'ajith.pai@example.com', 'login': {'uuid': '1abb1216-dd61-4c63-aac3-ea09a16124d2', 'username': 'smallduck913', 'password': 'phantom', 'salt': '11AfYyoi', 'md5': 'ebbbc638e21f0c0f063ab6600bca43df', 'sha1': '04e8b9300f9d88c24c434fb5127944133b7614d0', 'sha256': '4760920660a6aa4cbee58fd3d36f47494c41e402cf18e6bbfc3164033b8e1683'}, 'dob': {'date': '1981-11-24T01:17:19.203Z', 'age': 42}, 'registered': {'date': '2002-04-01T02:15:51.836Z', 'age': 22}, 'phone': '8140128101', 'cell': '8635956439', 'id': {'name': 'UIDAI', 'value': '665333640929'}, 'picture': {'large': 'https://randomuser.me/api/portraits/men/57.jpg', 'medium': 'https://randomuser.me/api/portraits/med/men/57.jpg', 'thumbnail': 'https://randomuser.me/api/portraits/thumb/men/57.jpg'}, 'nat': 'IN'}</msg>
<arg>${json_data['results'][0]}</arg>
<doc>Logs the given message with the given level.</doc>
<status status="PASS" start="2024-05-05T22:14:21.015746" elapsed="0.000415"/>
</kw>
<kw name="Log" owner="BuiltIn">
<msg time="2024-05-05T22:14:21.016619" level="INFO">gender</msg>
<arg>${key}</arg>
<doc>Logs the given message with the given level.</doc>
<status status="PASS" start="2024-05-05T22:14:21.016491" elapsed="0.000166"/>
</kw>
<var name="${key}">gender</var>
<status status="PASS" start="2024-05-05T22:14:21.014879" elapsed="0.001993"/>
</iter>
<iter>
<kw name="Dictionary Should Contain Key" owner="Collections">
<msg time="2024-05-05T22:14:21.017572" level="INFO">False</msg>
<arg>${json_data['results'][0]}</arg>
<arg>${key}</arg>
<doc>Fails if ``key`` is not found from ``dictionary``.</doc>
<status status="PASS" start="2024-05-05T22:14:21.017177" elapsed="0.000433"/>
</kw>
<kw name="Log" owner="BuiltIn">
<msg time="2024-05-05T22:14:21.018299" level="INFO">{'gender': 'male', 'name': {'title': 'Mr', 'first': 'Ajith', 'last': 'Pai'}, 'location': {'street': {'number': 7392, 'name': 'Bhavani Peth'}, 'city': 'Bhilai', 'state': 'Bihar', 'country': 'India', 'postcode': 46954, 'coordinates': {'latitude': '10.7530', 'longitude': '-1.1782'}, 'timezone': {'offset': '+5:30', 'description': 'Bombay, Calcutta, Madras, New Delhi'}}, 'email': 'ajith.pai@example.com', 'login': {'uuid': '1abb1216-dd61-4c63-aac3-ea09a16124d2', 'username': 'smallduck913', 'password': 'phantom', 'salt': '11AfYyoi', 'md5': 'ebbbc638e21f0c0f063ab6600bca43df', 'sha1': '04e8b9300f9d88c24c434fb5127944133b7614d0', 'sha256': '4760920660a6aa4cbee58fd3d36f47494c41e402cf18e6bbfc3164033b8e1683'}, 'dob': {'date': '1981-11-24T01:17:19.203Z', 'age': 42}, 'registered': {'date': '2002-04-01T02:15:51.836Z', 'age': 22}, 'phone': '8140128101', 'cell': '8635956439', 'id': {'name': 'UIDAI', 'value': '665333640929'}, 'picture': {'large': 'https://randomuser.me/api/portraits/men/57.jpg', 'medium': 'https://randomuser.me/api/portraits/med/men/57.jpg', 'thumbnail': 'https://randomuser.me/api/portraits/thumb/men/57.jpg'}, 'nat': 'IN'}</msg>
<arg>${json_data['results'][0]}</arg>
<doc>Logs the given message with the given level.</doc>
<status status="PASS" start="2024-05-05T22:14:21.017933" elapsed="0.000413"/>
</kw>
<kw name="Log" owner="BuiltIn">
<msg time="2024-05-05T22:14:21.018774" level="INFO">name</msg>
<arg>${key}</arg>
<doc>Logs the given message with the given level.</doc>
<status status="PASS" start="2024-05-05T22:14:21.018647" elapsed="0.000165"/>
</kw>
<var name="${key}">name</var>
<status status="PASS" start="2024-05-05T22:14:21.017059" elapsed="0.001966"/>
</iter>
<iter>
<kw name="Dictionary Should Contain Key" owner="Collections">
<msg time="2024-05-05T22:14:21.019708" level="INFO">False</msg>
<arg>${json_data['results'][0]}</arg>
<arg>${key}</arg>
<doc>Fails if ``key`` is not found from ``dictionary``.</doc>
<status status="PASS" start="2024-05-05T22:14:21.019320" elapsed="0.000427"/>
</kw>
<kw name="Log" owner="BuiltIn">
<msg time="2024-05-05T22:14:21.020444" level="INFO">{'gender': 'male', 'name': {'title': 'Mr', 'first': 'Ajith', 'last': 'Pai'}, 'location': {'street': {'number': 7392, 'name': 'Bhavani Peth'}, 'city': 'Bhilai', 'state': 'Bihar', 'country': 'India', 'postcode': 46954, 'coordinates': {'latitude': '10.7530', 'longitude': '-1.1782'}, 'timezone': {'offset': '+5:30', 'description': 'Bombay, Calcutta, Madras, New Delhi'}}, 'email': 'ajith.pai@example.com', 'login': {'uuid': '1abb1216-dd61-4c63-aac3-ea09a16124d2', 'username': 'smallduck913', 'password': 'phantom', 'salt': '11AfYyoi', 'md5': 'ebbbc638e21f0c0f063ab6600bca43df', 'sha1': '04e8b9300f9d88c24c434fb5127944133b7614d0', 'sha256': '4760920660a6aa4cbee58fd3d36f47494c41e402cf18e6bbfc3164033b8e1683'}, 'dob': {'date': '1981-11-24T01:17:19.203Z', 'age': 42}, 'registered': {'date': '2002-04-01T02:15:51.836Z', 'age': 22}, 'phone': '8140128101', 'cell': '8635956439', 'id': {'name': 'UIDAI', 'value': '665333640929'}, 'picture': {'large': 'https://randomuser.me/api/portraits/men/57.jpg', 'medium': 'https://randomuser.me/api/portraits/med/men/57.jpg', 'thumbnail': 'https://randomuser.me/api/portraits/thumb/men/57.jpg'}, 'nat': 'IN'}</msg>
<arg>${json_data['results'][0]}</arg>
<doc>Logs the given message with the given level.</doc>
<status status="PASS" start="2024-05-05T22:14:21.020046" elapsed="0.000447"/>
</kw>
<kw name="Log" owner="BuiltIn">
<msg time="2024-05-05T22:14:21.020926" level="INFO">location</msg>
<arg>${key}</arg>
<doc>Logs the given message with the given level.</doc>
<status status="PASS" start="2024-05-05T22:14:21.020797" elapsed="0.000167"/>
</kw>
<var name="${key}">location</var>
<status status="PASS" start="2024-05-05T22:14:21.019207" elapsed="0.001971"/>
</iter>
<iter>
<kw name="Dictionary Should Contain Key" owner="Collections">
<msg time="2024-05-05T22:14:21.021852" level="INFO">False</msg>
<arg>${json_data['results'][0]}</arg>
<arg>${key}</arg>
<doc>Fails if ``key`` is not found from ``dictionary``.</doc>
<status status="PASS" start="2024-05-05T22:14:21.021466" elapsed="0.000423"/>
</kw>
<kw name="Log" owner="BuiltIn">
<msg time="2024-05-05T22:14:21.022553" level="INFO">{'gender': 'male', 'name': {'title': 'Mr', 'first': 'Ajith', 'last': 'Pai'}, 'location': {'street': {'number': 7392, 'name': 'Bhavani Peth'}, 'city': 'Bhilai', 'state': 'Bihar', 'country': 'India', 'postcode': 46954, 'coordinates': {'latitude': '10.7530', 'longitude': '-1.1782'}, 'timezone': {'offset': '+5:30', 'description': 'Bombay, Calcutta, Madras, New Delhi'}}, 'email': 'ajith.pai@example.com', 'login': {'uuid': '1abb1216-dd61-4c63-aac3-ea09a16124d2', 'username': 'smallduck913', 'password': 'phantom', 'salt': '11AfYyoi', 'md5': 'ebbbc638e21f0c0f063ab6600bca43df', 'sha1': '04e8b9300f9d88c24c434fb5127944133b7614d0', 'sha256': '4760920660a6aa4cbee58fd3d36f47494c41e402cf18e6bbfc3164033b8e1683'}, 'dob': {'date': '1981-11-24T01:17:19.203Z', 'age': 42}, 'registered': {'date': '2002-04-01T02:15:51.836Z', 'age': 22}, 'phone': '8140128101', 'cell': '8635956439', 'id': {'name': 'UIDAI', 'value': '665333640929'}, 'picture': {'large': 'https://randomuser.me/api/portraits/men/57.jpg', 'medium': 'https://randomuser.me/api/portraits/med/men/57.jpg', 'thumbnail': 'https://randomuser.me/api/portraits/thumb/men/57.jpg'}, 'nat': 'IN'}</msg>
<arg>${json_data['results'][0]}</arg>
<doc>Logs the given message with the given level.</doc>
<status status="PASS" start="2024-05-05T22:14:21.022188" elapsed="0.000412"/>
</kw>
<kw name="Log" owner="BuiltIn">
<msg time="2024-05-05T22:14:21.023017" level="INFO">email</msg>
<arg>${key}</arg>
<doc>Logs the given message with the given level.</doc>
<status status="PASS" start="2024-05-05T22:14:21.022891" elapsed="0.000164"/>
</kw>
<var name="${key}">email</var>
<status status="PASS" start="2024-05-05T22:14:21.021355" elapsed="0.001910"/>
</iter>
<iter>
<kw name="Dictionary Should Contain Key" owner="Collections">
<msg time="2024-05-05T22:14:21.023942" level="INFO">False</msg>
<arg>${json_data['results'][0]}</arg>
<arg>${key}</arg>
<doc>Fails if ``key`` is not found from ``dictionary``.</doc>
<status status="PASS" start="2024-05-05T22:14:21.023549" elapsed="0.000431"/>
</kw>
<kw name="Log" owner="BuiltIn">
<msg time="2024-05-05T22:14:21.024678" level="INFO">{'gender': 'male', 'name': {'title': 'Mr', 'first': 'Ajith', 'last': 'Pai'}, 'location': {'street': {'number': 7392, 'name': 'Bhavani Peth'}, 'city': 'Bhilai', 'state': 'Bihar', 'country': 'India', 'postcode': 46954, 'coordinates': {'latitude': '10.7530', 'longitude': '-1.1782'}, 'timezone': {'offset': '+5:30', 'description': 'Bombay, Calcutta, Madras, New Delhi'}}, 'email': 'ajith.pai@example.com', 'login': {'uuid': '1abb1216-dd61-4c63-aac3-ea09a16124d2', 'username': 'smallduck913', 'password': 'phantom', 'salt': '11AfYyoi', 'md5': 'ebbbc638e21f0c0f063ab6600bca43df', 'sha1': '04e8b9300f9d88c24c434fb5127944133b7614d0', 'sha256': '4760920660a6aa4cbee58fd3d36f47494c41e402cf18e6bbfc3164033b8e1683'}, 'dob': {'date': '1981-11-24T01:17:19.203Z', 'age': 42}, 'registered': {'date': '2002-04-01T02:15:51.836Z', 'age': 22}, 'phone': '8140128101', 'cell': '8635956439', 'id': {'name': 'UIDAI', 'value': '665333640929'}, 'picture': {'large': 'https://randomuser.me/api/portraits/men/57.jpg', 'medium': 'https://randomuser.me/api/portraits/med/men/57.jpg', 'thumbnail': 'https://randomuser.me/api/portraits/thumb/men/57.jpg'}, 'nat': 'IN'}</msg>
<arg>${json_data['results'][0]}</arg>
<doc>Logs the given message with the given level.</doc>
<status status="PASS" start="2024-05-05T22:14:21.024299" elapsed="0.000427"/>
</kw>
<kw name="Log" owner="BuiltIn">
<msg time="2024-05-05T22:14:21.025149" level="INFO">login</msg>
<arg>${key}</arg>
<doc>Logs the given message with the given level.</doc>
<status status="PASS" start="2024-05-05T22:14:21.025022" elapsed="0.000164"/>
</kw>
<var name="${key}">login</var>
<status status="PASS" start="2024-05-05T22:14:21.023439" elapsed="0.001963"/>
</iter>
<var>${key}</var>
<value>@{expected_keys}</value>
<status status="PASS" start="2024-05-05T22:14:21.014703" elapsed="0.010844"/>
</for>
<kw name="Create List" owner="BuiltIn">
<msg time="2024-05-05T22:14:21.025882" level="INFO">${expected_keysTwo} = ['username', 'password']</msg>
<var>${expected_keysTwo}</var>
<arg>username</arg>
<arg>password</arg>
<doc>Returns a list containing given items.</doc>
<status status="PASS" start="2024-05-05T22:14:21.025745" elapsed="0.000161"/>
</kw>
<for flavor="IN">
<iter>
<kw name="Dictionary Should Contain Key" owner="Collections">
<msg time="2024-05-05T22:14:21.026797" level="INFO">False</msg>
<arg>${json_data['results'][0]['login']}</arg>
<arg>${keyTwo}</arg>
<doc>Fails if ``key`` is not found from ``dictionary``.</doc>
<status status="PASS" start="2024-05-05T22:14:21.026405" elapsed="0.000429"/>
</kw>
<kw name="Dictionary Should Contain Key" owner="Collections">
<msg time="2024-05-05T22:14:21.027510" level="INFO">False</msg>
<arg>${json_data['results'][0]['login']}</arg>
<arg>${keyTwo}</arg>
<doc>Fails if ``key`` is not found from ``dictionary``.</doc>
<status status="PASS" start="2024-05-05T22:14:21.027129" elapsed="0.000420"/>
</kw>
<kw name="Log" owner="BuiltIn">
<msg time="2024-05-05T22:14:21.027967" level="INFO">username</msg>
<arg>${keyTwo}</arg>
<doc>Logs the given message with the given level.</doc>
<status status="PASS" start="2024-05-05T22:14:21.027840" elapsed="0.000172"/>
</kw>
<var name="${keyTwo}">username</var>
<status status="PASS" start="2024-05-05T22:14:21.026296" elapsed="0.001932"/>
</iter>
<iter>
<kw name="Dictionary Should Contain Key" owner="Collections">
<msg time="2024-05-05T22:14:21.029013" level="INFO">False</msg>
<arg>${json_data['results'][0]['login']}</arg>
<arg>${keyTwo}</arg>
<doc>Fails if ``key`` is not found from ``dictionary``.</doc>
<status status="PASS" start="2024-05-05T22:14:21.028543" elapsed="0.000510"/>
</kw>
<kw name="Dictionary Should Contain Key" owner="Collections">
<msg time="2024-05-05T22:14:21.029734" level="INFO">False</msg>
<arg>${json_data['results'][0]['login']}</arg>
<arg>${keyTwo}</arg>
<doc>Fails if ``key`` is not found from ``dictionary``.</doc>
<status status="PASS" start="2024-05-05T22:14:21.029352" elapsed="0.000419"/>
</kw>
<kw name="Log" owner="BuiltIn">
<msg time="2024-05-05T22:14:21.030193" level="INFO">password</msg>
<arg>${keyTwo}</arg>
<doc>Logs the given message with the given level.</doc>
<status status="PASS" start="2024-05-05T22:14:21.030066" elapsed="0.000164"/>
</kw>
<var name="${keyTwo}">password</var>
<status status="PASS" start="2024-05-05T22:14:21.028431" elapsed="0.002012"/>
</iter>
<var>${keyTwo}</var>
<value>@{expected_keysTwo}</value>
<status status="PASS" start="2024-05-05T22:14:21.026142" elapsed="0.004422"/>
</for>
<status status="PASS" start="2024-05-05T22:14:20.907948" elapsed="0.122761"/>
</kw>
<doc>Testa a estrutura da resposta da API.</doc>
<tag>testeEstruturaResposta</tag>
<status status="PASS" start="2024-05-05T22:14:20.907479" elapsed="0.123378"/>
</test>
<test id="s1-s1-t4" name="Validar tipos de dados" line="28">
<kw name="Teste de Tipos de Dados" owner="random-user-service">
<kw name="GET On Session" owner="RequestsLibrary">
<msg time="2024-05-05T22:14:21.101839" level="INFO">GET Request : url=https://randomuser.me/api 
 path_url=/api 
 headers={'User-Agent': 'python-requests/2.31.0', 'Accept-Encoding': 'gzip, deflate', 'Accept': '*/*', 'Connection': 'keep-alive'} 
 body=None 
 </msg>
<msg time="2024-05-05T22:14:21.101926" level="INFO">GET Response : url=https://randomuser.me/api 
 status=200, reason=OK 
 headers={'Date': 'Sun, 05 May 2024 22:14:21 GMT', 'Content-Type': 'application/json; charset=utf-8', 'Transfer-Encoding': 'chunked', 'Connection': 'keep-alive', 'X-Powered-By': 'Express', 'Access-Control-Allow-Origin': '*', 'Cache-Control': 'no-cache', 'ETag': 'W/"486-JEEDZ7NIFPavMmDm6zAwcbg+1HU"', 'Vary': 'Accept-Encoding', 'Content-Encoding': 'gzip', 'CF-Cache-Status': 'DYNAMIC', 'Report-To': '{"endpoints":[{"url":"https:\\/\\/a.nel.cloudflare.com\\/report\\/v4?s=x8kzWzaWZnqAn%2BsfT%2BilxmL1cwwDvKeM1K%2B0KN6PbxO2ICRxSx0lcN6zV2ZzXILXLXlLbKruYxi%2FIqOFhTdyIRkJ40VweKScIHfXe%2B5%2FuATtTofmQmGYgSrfr1bhCtFt"}],"group":"cf-nel","max_age":604800}', 'NEL': '{"success_fraction":0,"report_to":"cf-nel","max_age":604800}', 'Server': 'cloudflare', 'CF-RAY': '87f4153d7a562d2a-ORD', 'alt-svc': 'h3=":443"; ma=86400'} 
 body={"results":[{"gender":"male","name":{"title":"Mr","first":"Åsmund","last":"Sætren"},"location":{"street":{"number":8122,"name":"Torstølveien"},"city":"Veggli","state":"Trøndelag","country":"Norway","postcode":"5568","coordinates":{"latitude":"44.5010","longitude":"-25.0267"},"timezone":{"offset":"+9:00","description":"Tokyo, Seoul, Osaka, Sapporo, Yakutsk"}},"email":"asmund.saetren@example.com","login":{"uuid":"fddceed7-39b9-44a8-b0cd-d2284584887d","username":"silverswan847","password":"1026","salt":"nKRJqPID","md5":"39d7b51fbd6a987e6c076e850bf9bb59","sha1":"fbcffb80e0a64af8769bf0b8fc292088711929e3","sha256":"18f8948a19581c4dd8b8b4dd1f06f783658fcd85961c0b285dd62c64b1581670"},"dob":{"date":"1953-07-16T13:33:57.202Z","age":70},"registered":{"date":"2004-12-01T15:02:14.974Z","age":19},"phone":"33525548","cell":"95138914","id":{"name":"FN","value":"16075301328"},"picture":{"large":"https://randomuser.me/api/portraits/men/55.jpg","medium":"https://randomuser.me/api/portraits/med/men/55.jpg","thumbnail":"https://randomuser.me/api/portraits/thumb/men/55.jpg"},"nat":"NO"}],"info":{"seed":"867d9d31e24931ad","results":1,"page":1,"version":"1.4"}} 
 </msg>
<msg time="2024-05-05T22:14:21.102007" level="INFO">/opt/hostedtoolcache/Python/3.12.3/x64/lib/python3.12/site-packages/urllib3/connectionpool.py:1103: InsecureRequestWarning: Unverified HTTPS request is being made to host 'randomuser.me'. Adding certificate verification is strongly advised. See: https://urllib3.readthedocs.io/en/latest/advanced-usage.html#tls-warnings
  warnings.warn(</msg>
<msg time="2024-05-05T22:14:21.102130" level="INFO">${response} = &lt;Response [200]&gt;</msg>
<var>${response}</var>
<arg>consultarAPI</arg>
<arg>/api</arg>
<doc>Sends a GET request on a previously created HTTP Session.</doc>
<status status="PASS" start="2024-05-05T22:14:21.033298" elapsed="0.068881"/>
</kw>
<kw name="Set Variable" owner="BuiltIn">
<msg time="2024-05-05T22:14:21.103124" level="INFO">${json_data} = {'results': [{'gender': 'male', 'name': {'title': 'Mr', 'first': 'Åsmund', 'last': 'Sætren'}, 'location': {'street': {'number': 8122, 'name': 'Torstølveien'}, 'city': 'Veggli', 'state': 'Trøndelag', '...</msg>
<var>${json_data}</var>
<arg>${response.json()}</arg>
<doc>Returns the given values which can then be assigned to a variables.</doc>
<status status="PASS" start="2024-05-05T22:14:21.102662" elapsed="0.000492"/>
</kw>
<kw name="Log" owner="BuiltIn">
<msg time="2024-05-05T22:14:21.103621" level="INFO">{'results': [{'gender': 'male', 'name': {'title': 'Mr', 'first': 'Åsmund', 'last': 'Sætren'}, 'location': {'street': {'number': 8122, 'name': 'Torstølveien'}, 'city': 'Veggli', 'state': 'Trøndelag', 'country': 'Norway', 'postcode': '5568', 'coordinates': {'latitude': '44.5010', 'longitude': '-25.0267'}, 'timezone': {'offset': '+9:00', 'description': 'Tokyo, Seoul, Osaka, Sapporo, Yakutsk'}}, 'email': 'asmund.saetren@example.com', 'login': {'uuid': 'fddceed7-39b9-44a8-b0cd-d2284584887d', 'username': 'silverswan847', 'password': '1026', 'salt': 'nKRJqPID', 'md5': '39d7b51fbd6a987e6c076e850bf9bb59', 'sha1': 'fbcffb80e0a64af8769bf0b8fc292088711929e3', 'sha256': '18f8948a19581c4dd8b8b4dd1f06f783658fcd85961c0b285dd62c64b1581670'}, 'dob': {'date': '1953-07-16T13:33:57.202Z', 'age': 70}, 'registered': {'date': '2004-12-01T15:02:14.974Z', 'age': 19}, 'phone': '33525548', 'cell': '95138914', 'id': {'name': 'FN', 'value': '16075301328'}, 'picture': {'large': 'https://randomuser.me/api/portraits/men/55.jpg', 'medium': 'https://randomuser.me/api/portraits/med/men/55.jpg', 'thumbnail': 'https://randomuser.me/api/portraits/thumb/men/55.jpg'}, 'nat': 'NO'}], 'info': {'seed': '867d9d31e24931ad', 'results': 1, 'page': 1, 'version': '1.4'}}</msg>
<arg>${json_data}</arg>
<doc>Logs the given message with the given level.</doc>
<status status="PASS" start="2024-05-05T22:14:21.103463" elapsed="0.000207"/>
</kw>
<kw name="Should Be String" owner="String">
<arg>${json_data['results'][0]['gender']}</arg>
<doc>Fails if the given ``item`` is not a string.</doc>
<status status="PASS" start="2024-05-05T22:14:21.103996" elapsed="0.000409"/>
</kw>
<kw name="Should Match Regexp" owner="BuiltIn">
<arg>${json_data['results'][0]['email']}</arg>
<arg>^[a-zA-Z0-9._%+-]+@[a-zA-Z0-9.-]+\.[a-zA-Z]{2,}$</arg>
<doc>Fails if ``string`` does not match ``pattern`` as a regular expression.</doc>
<status status="PASS" start="2024-05-05T22:14:21.104600" elapsed="0.000509"/>
</kw>
<kw name="Should Match Regexp" owner="BuiltIn">
<arg>${json_data['results'][0]['dob']['date']}</arg>
<arg>\\d{4}-\\d{2}-\\d{2}T\\d{2}:\\d{2}:\\d{2}\\.\\d{3}Z</arg>
<doc>Fails if ``string`` does not match ``pattern`` as a regular expression.</doc>
<status status="PASS" start="2024-05-05T22:14:21.105304" elapsed="0.000493"/>
</kw>
<kw name="Should Match Regexp" owner="BuiltIn">
<arg>${json_data['results'][0]['registered']['date']}</arg>
<arg>\\d{4}-\\d{2}-\\d{2}T\\d{2}:\\d{2}:\\d{2}\\.\\d{3}Z</arg>
<doc>Fails if ``string`` does not match ``pattern`` as a regular expression.</doc>
<status status="PASS" start="2024-05-05T22:14:21.105988" elapsed="0.000367"/>
</kw>
<kw name="Should Match Regexp" owner="BuiltIn">
<arg>${json_data['results'][0]['picture']['large']}</arg>
<arg>^https?://.*\.(?:png|jpe?g|gif|bmp)$</arg>
<doc>Fails if ``string`` does not match ``pattern`` as a regular expression.</doc>
<status status="PASS" start="2024-05-05T22:14:21.106545" elapsed="0.000463"/>
</kw>
<kw name="Should Match Regexp" owner="BuiltIn">
<arg>${json_data['results'][0]['picture']['medium']}</arg>
<arg>^https?://.*\.(?:png|jpe?g|gif|bmp)$</arg>
<doc>Fails if ``string`` does not match ``pattern`` as a regular expression.</doc>
<status status="PASS" start="2024-05-05T22:14:21.107194" elapsed="0.000352"/>
</kw>
<kw name="Should Match Regexp" owner="BuiltIn">
<arg>${json_data['results'][0]['picture']['thumbnail']}</arg>
<arg>^https?://.*\.(?:png|jpe?g|gif|bmp)$</arg>
<doc>Fails if ``string`` does not match ``pattern`` as a regular expression.</doc>
<status status="PASS" start="2024-05-05T22:14:21.107733" elapsed="0.000350"/>
</kw>
<kw name="Log" owner="BuiltIn">
<msg time="2024-05-05T22:14:21.108631" level="INFO">{'large': 'https://randomuser.me/api/portraits/men/55.jpg', 'medium': 'https://randomuser.me/api/portraits/med/men/55.jpg', 'thumbnail': 'https://randomuser.me/api/portraits/thumb/men/55.jpg'}</msg>
<arg>${json_data['results'][0]['picture']}</arg>
<doc>Logs the given message with the given level.</doc>
<status status="PASS" start="2024-05-05T22:14:21.108295" elapsed="0.000378"/>
</kw>
<status status="PASS" start="2024-05-05T22:14:21.033077" elapsed="0.075847"/>
</kw>
<kw name="Teste de Tipos de Dados - Postcode" owner="random-user-service">
<kw name="GET On Session" owner="RequestsLibrary">
<msg time="2024-05-05T22:14:21.205660" level="INFO">GET Request : url=https://randomuser.me/api 
 path_url=/api 
 headers={'User-Agent': 'python-requests/2.31.0', 'Accept-Encoding': 'gzip, deflate', 'Accept': '*/*', 'Connection': 'keep-alive'} 
 body=None 
 </msg>
<msg time="2024-05-05T22:14:21.205748" level="INFO">GET Response : url=https://randomuser.me/api 
 status=200, reason=OK 
 headers={'Date': 'Sun, 05 May 2024 22:14:21 GMT', 'Content-Type': 'application/json; charset=utf-8', 'Transfer-Encoding': 'chunked', 'Connection': 'keep-alive', 'X-Powered-By': 'Express', 'Access-Control-Allow-Origin': '*', 'Cache-Control': 'no-cache', 'ETag': 'W/"474-cL0G/OQUioI0Es5c28uaMjLB0ww"', 'Vary': 'Accept-Encoding', 'Content-Encoding': 'gzip', 'CF-Cache-Status': 'DYNAMIC', 'Report-To': '{"endpoints":[{"url":"https:\\/\\/a.nel.cloudflare.com\\/report\\/v4?s=ChhTDZyvHQPc3eyGiCEGY4Rd9O%2B18rRdNbBxRKdkjQsD%2BTMWoTipHcEUJqd8PQ3vxfYOhJckj%2B6rd3VAcchcchqzmafXCTg986AUFPYDBW%2BJd0SQm0tz%2FuDYacIXvhnd"}],"group":"cf-nel","max_age":604800}', 'NEL': '{"success_fraction":0,"report_to":"cf-nel","max_age":604800}', 'Server': 'cloudflare', 'CF-RAY': '87f4153dfaf32d2a-ORD', 'alt-svc': 'h3=":443"; ma=86400'} 
 body={"results":[{"gender":"male","name":{"title":"Mr","first":"بردیا","last":"گلشن"},"location":{"street":{"number":7105,"name":"جمهوری اسلامی"},"city":"کرج","state":"تهران","country":"Iran","postcode":49822,"coordinates":{"latitude":"20.5830","longitude":"-130.8757"},"timezone":{"offset":"-2:00","description":"Mid-Atlantic"}},"email":"brdy.glshn@example.com","login":{"uuid":"4e6b3e47-c14e-41a8-bf8f-fdf71c53b1df","username":"orangewolf957","password":"wild","salt":"Weq6gNGT","md5":"815efdbfb91c0917b8d884d4f914d14e","sha1":"3847dbcea4f8ff26eea017641d07bf25bd72a5cc","sha256":"85823ecf9a7f23cba34d79d5c45d596a997a8ab4fa545ba36cb56274451cdfb2"},"dob":{"date":"1991-08-03T08:51:03.370Z","age":32},"registered":{"date":"2021-12-22T03:33:46.160Z","age":2},"phone":"017-32708915","cell":"0980-068-8352","id":{"name":"","value":null},"picture":{"large":"https://randomuser.me/api/portraits/men/48.jpg","medium":"https://randomuser.me/api/portraits/med/men/48.jpg","thumbnail":"https://randomuser.me/api/portraits/thumb/men/48.jpg"},"nat":"IR"}],"info":{"seed":"772bb162cf19a083","results":1,"page":1,"version":"1.4"}} 
 </msg>
<msg time="2024-05-05T22:14:21.205810" level="INFO">/opt/hostedtoolcache/Python/3.12.3/x64/lib/python3.12/site-packages/urllib3/connectionpool.py:1103: InsecureRequestWarning: Unverified HTTPS request is being made to host 'randomuser.me'. Adding certificate verification is strongly advised. See: https://urllib3.readthedocs.io/en/latest/advanced-usage.html#tls-warnings
  warnings.warn(</msg>
<msg time="2024-05-05T22:14:21.205894" level="INFO">${response} = &lt;Response [200]&gt;</msg>
<var>${response}</var>
<arg>consultarAPI</arg>
<arg>/api</arg>
<doc>Sends a GET request on a previously created HTTP Session.</doc>
<status status="PASS" start="2024-05-05T22:14:21.109356" elapsed="0.096563"/>
</kw>
<kw name="Set Variable" owner="BuiltIn">
<msg time="2024-05-05T22:14:21.206776" level="INFO">${json_data} = {'results': [{'gender': 'male', 'name': {'title': 'Mr', 'first': 'بردیا', 'last': 'گلشن'}, 'location': {'street': {'number': 7105, 'name': 'جمهوری اسلامی'}, 'city': 'کرج', 'state': 'تهران', 'country':...</msg>
<var>${json_data}</var>
<arg>${response.json()}</arg>
<doc>Returns the given values which can then be assigned to a variables.</doc>
<status status="PASS" start="2024-05-05T22:14:21.206303" elapsed="0.000513"/>
</kw>
<kw name="Log" owner="BuiltIn">
<msg time="2024-05-05T22:14:21.207279" level="INFO">{'results': [{'gender': 'male', 'name': {'title': 'Mr', 'first': 'بردیا', 'last': 'گلشن'}, 'location': {'street': {'number': 7105, 'name': 'جمهوری اسلامی'}, 'city': 'کرج', 'state': 'تهران', 'country': 'Iran', 'postcode': 49822, 'coordinates': {'latitude': '20.5830', 'longitude': '-130.8757'}, 'timezone': {'offset': '-2:00', 'description': 'Mid-Atlantic'}}, 'email': 'brdy.glshn@example.com', 'login': {'uuid': '4e6b3e47-c14e-41a8-bf8f-fdf71c53b1df', 'username': 'orangewolf957', 'password': 'wild', 'salt': 'Weq6gNGT', 'md5': '815efdbfb91c0917b8d884d4f914d14e', 'sha1': '3847dbcea4f8ff26eea017641d07bf25bd72a5cc', 'sha256': '85823ecf9a7f23cba34d79d5c45d596a997a8ab4fa545ba36cb56274451cdfb2'}, 'dob': {'date': '1991-08-03T08:51:03.370Z', 'age': 32}, 'registered': {'date': '2021-12-22T03:33:46.160Z', 'age': 2}, 'phone': '017-32708915', 'cell': '0980-068-8352', 'id': {'name': '', 'value': None}, 'picture': {'large': 'https://randomuser.me/api/portraits/men/48.jpg', 'medium': 'https://randomuser.me/api/portraits/med/men/48.jpg', 'thumbnail': 'https://randomuser.me/api/portraits/thumb/men/48.jpg'}, 'nat': 'IR'}], 'info': {'seed': '772bb162cf19a083', 'results': 1, 'page': 1, 'version': '1.4'}}</msg>
<arg>${json_data}</arg>
<doc>Logs the given message with the given level.</doc>
<status status="PASS" start="2024-05-05T22:14:21.207124" elapsed="0.000205"/>
</kw>
<kw name="Should Be Equal As Numbers" owner="BuiltIn">
<arg>${json_data['results'][0]['location']['postcode']}</arg>
<arg>${json_data['results'][0]['location']['postcode']}</arg>
<doc>Fails if objects are unequal after converting them to real numbers.</doc>
<status status="PASS" start="2024-05-05T22:14:21.207754" elapsed="0.000776"/>
</kw>
<kw name="Log" owner="BuiltIn">
<msg time="2024-05-05T22:14:21.209066" level="INFO">49822</msg>
<arg>${json_data['results'][0]['location']['postcode']}</arg>
<doc>Logs the given message with the given level.</doc>
<status status="PASS" start="2024-05-05T22:14:21.208728" elapsed="0.000379"/>
</kw>
<status status="PASS" start="2024-05-05T22:14:21.109136" elapsed="0.100223"/>
</kw>
<doc>Testa se os tipos de dados na resposta da API estão corretos.</doc>
<tag>testeTiposDados</tag>
<status status="PASS" start="2024-05-05T22:14:21.032644" elapsed="0.176871"/>
</test>
<test id="s1-s1-t5" name="Validar conteudo" line="35">
<kw name="Teste de Tipos de Conteudo" owner="random-user-service">
<kw name="GET On Session" owner="RequestsLibrary">
<msg time="2024-05-05T22:14:21.302933" level="INFO">GET Request : url=https://randomuser.me/api 
 path_url=/api 
 headers={'User-Agent': 'python-requests/2.31.0', 'Accept-Encoding': 'gzip, deflate', 'Accept': '*/*', 'Connection': 'keep-alive'} 
 body=None 
 </msg>
<msg time="2024-05-05T22:14:21.303011" level="INFO">GET Response : url=https://randomuser.me/api 
 status=200, reason=OK 
 headers={'Date': 'Sun, 05 May 2024 22:14:21 GMT', 'Content-Type': 'application/json; charset=utf-8', 'Transfer-Encoding': 'chunked', 'Connection': 'keep-alive', 'X-Powered-By': 'Express', 'Access-Control-Allow-Origin': '*', 'Cache-Control': 'no-cache', 'ETag': 'W/"47c-0cp7P3PNQzHJZd3j7bKJtJ7a598"', 'Vary': 'Accept-Encoding', 'Content-Encoding': 'gzip', 'CF-Cache-Status': 'DYNAMIC', 'Report-To': '{"endpoints":[{"url":"https:\\/\\/a.nel.cloudflare.com\\/report\\/v4?s=KJN%2FDMdjSxuHb8Ny3%2BS%2FDnRt0Zp3tuOw4UqHtd8pEY9dAR2PeEiLUWGiKOcEzCkvOG7aSqg8P7VUr%2B1pBV5FpNjuz8n01XA89az2j0Zc4SoQiuezkpcf50%2B37wiBuPKy"}],"group":"cf-nel","max_age":604800}', 'NEL': '{"success_fraction":0,"report_to":"cf-nel","max_age":604800}', 'Server': 'cloudflare', 'CF-RAY': '87f4153e9bc92d2a-ORD', 'alt-svc': 'h3=":443"; ma=86400'} 
 body={"results":[{"gender":"female","name":{"title":"Mrs","first":"Silvia","last":"Pascual"},"location":{"street":{"number":8055,"name":"Calle de Arganzuela"},"city":"La Palma","state":"Navarra","country":"Spain","postcode":65928,"coordinates":{"latitude":"-30.1575","longitude":"51.2310"},"timezone":{"offset":"-10:00","description":"Hawaii"}},"email":"silvia.pascual@example.com","login":{"uuid":"eb71c46d-9c1a-45b2-b6c5-91554e60b35e","username":"greenmeercat205","password":"roman","salt":"WhQtTimy","md5":"95655bfe15c107a4af89d724e45af64f","sha1":"75f6a940926da61ce17a370c0efbb492f5918227","sha256":"2bbb861d01e7b5437cd919dfe7234985adee86c03da6365f55ee8468fb14e48a"},"dob":{"date":"1963-12-07T09:29:23.966Z","age":60},"registered":{"date":"2008-08-21T14:19:39.716Z","age":15},"phone":"984-072-395","cell":"632-662-892","id":{"name":"DNI","value":"55913857-Q"},"picture":{"large":"https://randomuser.me/api/portraits/women/25.jpg","medium":"https://randomuser.me/api/portraits/med/women/25.jpg","thumbnail":"https://randomuser.me/api/portraits/thumb/women/25.jpg"},"nat":"ES"}],"info":{"seed":"e2de37de020088f4","results":1,"page":1,"version":"1.4"}} 
 </msg>
<msg time="2024-05-05T22:14:21.303071" level="INFO">/opt/hostedtoolcache/Python/3.12.3/x64/lib/python3.12/site-packages/urllib3/connectionpool.py:1103: InsecureRequestWarning: Unverified HTTPS request is being made to host 'randomuser.me'. Adding certificate verification is strongly advised. See: https://urllib3.readthedocs.io/en/latest/advanced-usage.html#tls-warnings
  warnings.warn(</msg>
<msg time="2024-05-05T22:14:21.303169" level="INFO">${response} = &lt;Response [200]&gt;</msg>
<var>${response}</var>
<arg>consultarAPI</arg>
<arg>/api</arg>
<doc>Sends a GET request on a previously created HTTP Session.</doc>
<status status="PASS" start="2024-05-05T22:14:21.212295" elapsed="0.090916"/>
</kw>
<kw name="Set Variable" owner="BuiltIn">
<msg time="2024-05-05T22:14:21.304347" level="INFO">${json_data} = {'results': [{'gender': 'female', 'name': {'title': 'Mrs', 'first': 'Silvia', 'last': 'Pascual'}, 'location': {'street': {'number': 8055, 'name': 'Calle de Arganzuela'}, 'city': 'La Palma', 'state': '...</msg>
<var>${json_data}</var>
<arg>${response.json()}</arg>
<doc>Returns the given values which can then be assigned to a variables.</doc>
<status status="PASS" start="2024-05-05T22:14:21.303687" elapsed="0.000691"/>
</kw>
<kw name="Set Variable" owner="BuiltIn">
<msg time="2024-05-05T22:14:21.305124" level="INFO">${name_title} = Mrs</msg>
<var>${name_title}</var>
<arg>${json_data["results"][0]["name"]["title"]}</arg>
<doc>Returns the given values which can then be assigned to a variables.</doc>
<status status="PASS" start="2024-05-05T22:14:21.304703" elapsed="0.000447"/>
</kw>
<kw name="Create List" owner="BuiltIn">
<msg time="2024-05-05T22:14:21.305618" level="INFO">${allowed_titles} = ['Mr', 'Ms', 'Miss', 'Mrs', 'Madame', 'Monsieur']</msg>
<var>${allowed_titles}</var>
<arg>Mr</arg>
<arg>Ms</arg>
<arg>Miss</arg>
<arg>Mrs</arg>
<arg>Madame</arg>
<arg>Monsieur</arg>
<doc>Returns a list containing given items.</doc>
<status status="PASS" start="2024-05-05T22:14:21.305466" elapsed="0.000177"/>
</kw>
<kw name="List Should Contain Value" owner="Collections">
<msg time="2024-05-05T22:14:21.306157" level="INFO">False</msg>
<arg>${allowed_titles}</arg>
<arg>${name_title}</arg>
<doc>Fails if the ``value`` is not found from ``list``.</doc>
<status status="PASS" start="2024-05-05T22:14:21.305967" elapsed="0.000229"/>
</kw>
<kw name="Set Variable" owner="BuiltIn">
<msg time="2024-05-05T22:14:21.306898" level="INFO">${name_country} = ES</msg>
<var>${name_country}</var>
<arg>${json_data["results"][0]["nat"]}</arg>
<doc>Returns the given values which can then be assigned to a variables.</doc>
<status status="PASS" start="2024-05-05T22:14:21.306508" elapsed="0.000427"/>
</kw>
<kw name="Create List" owner="BuiltIn">
<msg time="2024-05-05T22:14:21.307864" level="INFO">${list_country} = ['AD', 'AE', 'AF', 'AG', 'AI', 'AL', 'AM', 'AO', 'AQ', 'AR', 'AS', 'AT', 'AU', 'AW', 'AX', 'AZ', 'BA', 'BB', 'BD', 'BE', 'BF', 'BG', 'BH', 'BI', 'BJ', 'BL', 'BM', 'BN', 'BO', 'BQ', 'BR', 'BS', 'BT', '...</msg>
<var>${list_country}</var>
<arg>AD</arg>
<arg>AE</arg>
<arg>AF</arg>
<arg>AG</arg>
<arg>AI</arg>
<arg>AL</arg>
<arg>AM</arg>
<arg>AO</arg>
<arg>AQ</arg>
<arg>AR</arg>
<arg>AS</arg>
<arg>AT</arg>
<arg>AU</arg>
<arg>AW</arg>
<arg>AX</arg>
<arg>AZ</arg>
<arg>BA</arg>
<arg>BB</arg>
<arg>BD</arg>
<arg>BE</arg>
<arg>BF</arg>
<arg>BG</arg>
<arg>BH</arg>
<arg>BI</arg>
<arg>BJ</arg>
<arg>BL</arg>
<arg>BM</arg>
<arg>BN</arg>
<arg>BO</arg>
<arg>BQ</arg>
<arg>BR</arg>
<arg>BS</arg>
<arg>BT</arg>
<arg>BV</arg>
<arg>BW</arg>
<arg>BY</arg>
<arg>BZ</arg>
<arg>CA</arg>
<arg>CC</arg>
<arg>CD</arg>
<arg>CF</arg>
<arg>CG</arg>
<arg>CH</arg>
<arg>CI</arg>
<arg>CK</arg>
<arg>CL</arg>
<arg>CM</arg>
<arg>CN</arg>
<arg>CO</arg>
<arg>CR</arg>
<arg>CU</arg>
<arg>CV</arg>
<arg>CW</arg>
<arg>CX</arg>
<arg>CY</arg>
<arg>CZ</arg>
<arg>DE</arg>
<arg>DJ</arg>
<arg>DK</arg>
<arg>DM</arg>
<arg>DO</arg>
<arg>DZ</arg>
<arg>EC</arg>
<arg>EE</arg>
<arg>EG</arg>
<arg>EH</arg>
<arg>ER</arg>
<arg>ES</arg>
<arg>ET</arg>
<arg>FI</arg>
<arg>FJ</arg>
<arg>FK</arg>
<arg>FM</arg>
<arg>FO</arg>
<arg>FR</arg>
<arg>GA</arg>
<arg>GB</arg>
<arg>GD</arg>
<arg>GE</arg>
<arg>GF</arg>
<arg>GG</arg>
<arg>GH</arg>
<arg>GI</arg>
<arg>GL</arg>
<arg>GM</arg>
<arg>GN</arg>
<arg>GP</arg>
<arg>GQ</arg>
<arg>GR</arg>
<arg>GS</arg>
<arg>GT</arg>
<arg>GU</arg>
<arg>GW</arg>
<arg>GY</arg>
<arg>HK</arg>
<arg>HM</arg>
<arg>HN</arg>
<arg>HR</arg>
<arg>HT</arg>
<arg>HU</arg>
<arg>ID</arg>
<arg>IE</arg>
<arg>IL</arg>
<arg>IM</arg>
<arg>IN</arg>
<arg>IO</arg>
<arg>IQ</arg>
<arg>IR</arg>
<arg>IS</arg>
<arg>IT</arg>
<arg>JE</arg>
<arg>JM</arg>
<arg>JO</arg>
<arg>JP</arg>
<arg>KE</arg>
<arg>KG</arg>
<arg>KH</arg>
<arg>KI</arg>
<arg>KM</arg>
<arg>KN</arg>
<arg>KP</arg>
<arg>KR</arg>
<arg>KW</arg>
<arg>KY</arg>
<arg>KZ</arg>
<arg>LA</arg>
<arg>LB</arg>
<arg>LC</arg>
<arg>LI</arg>
<arg>LK</arg>
<arg>LR</arg>
<arg>LS</arg>
<arg>LT</arg>
<arg>LU</arg>
<arg>LV</arg>
<arg>LY</arg>
<arg>MA</arg>
<arg>MC</arg>
<arg>MD</arg>
<arg>ME</arg>
<arg>MF</arg>
<arg>MG</arg>
<arg>MH</arg>
<arg>MK</arg>
<arg>ML</arg>
<arg>MM</arg>
<arg>MN</arg>
<arg>MO</arg>
<arg>MP</arg>
<arg>MQ</arg>
<arg>MR</arg>
<arg>MS</arg>
<arg>MT</arg>
<arg>MU</arg>
<arg>MV</arg>
<arg>MW</arg>
<arg>MX</arg>
<arg>MY</arg>
<arg>MZ</arg>
<arg>NA</arg>
<arg>NC</arg>
<arg>NE</arg>
<arg>NF</arg>
<arg>NG</arg>
<arg>NI</arg>
<arg>NL</arg>
<arg>NO</arg>
<arg>NP</arg>
<arg>NR</arg>
<arg>NU</arg>
<arg>NZ</arg>
<arg>OM</arg>
<arg>PA</arg>
<arg>PE</arg>
<arg>PF</arg>
<arg>PG</arg>
<arg>PH</arg>
<arg>PK</arg>
<arg>PL</arg>
<arg>PM</arg>
<arg>PN</arg>
<arg>PR</arg>
<arg>PS</arg>
<arg>PT</arg>
<arg>PW</arg>
<arg>PY</arg>
<arg>QA</arg>
<arg>RE</arg>
<arg>RO</arg>
<arg>RS</arg>
<arg>RU</arg>
<arg>RW</arg>
<arg>SA</arg>
<arg>SB</arg>
<arg>SC</arg>
<arg>SD</arg>
<arg>SE</arg>
<arg>SG</arg>
<arg>SH</arg>
<arg>SI</arg>
<arg>SJ</arg>
<arg>SK</arg>
<arg>SL</arg>
<arg>SM</arg>
<arg>SN</arg>
<arg>SO</arg>
<arg>SR</arg>
<arg>SS</arg>
<arg>ST</arg>
<arg>SV</arg>
<arg>SX</arg>
<arg>SY</arg>
<arg>SZ</arg>
<arg>TC</arg>
<arg>TD</arg>
<arg>TF</arg>
<arg>TG</arg>
<arg>TH</arg>
<arg>TJ</arg>
<arg>TK</arg>
<arg>TL</arg>
<arg>TM</arg>
<arg>TN</arg>
<arg>TO</arg>
<arg>TR</arg>
<arg>TT</arg>
<arg>TV</arg>
<arg>TW</arg>
<arg>TZ</arg>
<arg>UA</arg>
<arg>UG</arg>
<arg>UM</arg>
<arg>US</arg>
<arg>UY</arg>
<arg>UZ</arg>
<arg>VA</arg>
<arg>VC</arg>
<arg>VE</arg>
<arg>VG</arg>
<arg>VI</arg>
<arg>VN</arg>
<arg>VU</arg>
<arg>WF</arg>
<arg>WS</arg>
<arg>XK</arg>
<arg>YE</arg>
<arg>YT</arg>
<arg>ZA</arg>
<arg>ZM</arg>
<arg>ZW</arg>
<doc>Returns a list containing given items.</doc>
<status status="PASS" start="2024-05-05T22:14:21.307247" elapsed="0.000644"/>
</kw>
<kw name="List Should Contain Value" owner="Collections">
<msg time="2024-05-05T22:14:21.308984" level="INFO">False</msg>
<arg>${list_country}</arg>
<arg>${name_country}</arg>
<doc>Fails if the ``value`` is not found from ``list``.</doc>
<status status="PASS" start="2024-05-05T22:14:21.308758" elapsed="0.000264"/>
</kw>
<kw name="Run Keyword If" owner="BuiltIn">
<kw name="Should Be True" owner="BuiltIn">
<arg>${True}</arg>
<doc>Fails if the given condition is not true.</doc>
<status status="PASS" start="2024-05-05T22:14:21.310140" elapsed="0.000246"/>
</kw>
<arg>${json_data["results"][0]["location"]["coordinates"]["latitude"]} &gt;= -90 and ${json_data["results"][0]["location"]["coordinates"]["latitude"]} &lt;= 90</arg>
<arg>Should Be True</arg>
<arg>${True}</arg>
<doc>Runs the given keyword with the given arguments, if ``condition`` is true.</doc>
<status status="PASS" start="2024-05-05T22:14:21.309355" elapsed="0.001180"/>
</kw>
<kw name="Run Keyword If" owner="BuiltIn">
<kw name="Should Be True" owner="BuiltIn">
<arg>${True}</arg>
<doc>Fails if the given condition is not true.</doc>
<status status="PASS" start="2024-05-05T22:14:21.311477" elapsed="0.000156"/>
</kw>
<arg>${json_data["results"][0]["location"]["coordinates"]["longitude"]} &gt;= -180 and ${json_data["results"][0]["location"]["coordinates"]["longitude"]} &lt;= 180</arg>
<arg>Should Be True</arg>
<arg>${True}</arg>
<doc>Runs the given keyword with the given arguments, if ``condition`` is true.</doc>
<status status="PASS" start="2024-05-05T22:14:21.310728" elapsed="0.001034"/>
</kw>
<status status="PASS" start="2024-05-05T22:14:21.211902" elapsed="0.099989"/>
</kw>
<doc>Testa o conteúdo específico dos campos retornados pela API.</doc>
<tag>testeConteudo</tag>
<status status="PASS" start="2024-05-05T22:14:21.211266" elapsed="0.100783"/>
</test>
<status status="PASS" start="2024-05-05T22:14:20.513005" elapsed="0.801138"/>
</suite>
<status status="PASS" start="2024-05-05T22:14:20.499591" elapsed="0.819900"/>
</suite>
<statistics>
<total>
<stat pass="5" fail="0" skip="0">All Tests</stat>
</total>
<tag>
<stat pass="1" fail="0" skip="0">testeConteudo</stat>
<stat pass="1" fail="0" skip="0">testeEstruturaResposta</stat>
<stat pass="1" fail="0" skip="0">testeRequisicaoBasica</stat>
<stat pass="1" fail="0" skip="0">testeTiposDados</stat>
</tag>
<suite>
<stat pass="5" fail="0" skip="0" id="s1" name="Tests">Tests</stat>
<stat pass="5" fail="0" skip="0" id="s1-s1" name="Random-User-Test">Tests.Random-User-Test</stat>
</suite>
</statistics>
<errors>
</errors>
</robot>
