<?xml version="1.0" encoding="UTF-8"?>
<robot generator="Robot 7.0 (Python 3.12.2 on linux)" generated="2024-04-11T03:14:31.587110" rpa="false" schemaversion="5">
<suite id="s1" name="Tests" source="/home/runner/work/DesafioQAItauRogerioJordao/DesafioQAItauRogerioJordao/RamdonUser/tests">
<suite id="s1-s1" name="Random-User-Test" source="/home/runner/work/DesafioQAItauRogerioJordao/DesafioQAItauRogerioJordao/RamdonUser/tests/random-user-test.robot">
<test id="s1-s1-t1" name="Conectar" line="13">
<kw name="Conectar API" owner="random-user-service">
<kw name="Create Session" owner="RequestsLibrary">
<msg time="2024-04-11T03:14:31.950122" level="INFO">Creating Session using : alias=consultarAPI, url=https://randomuser.me/, headers={},                     cookies={}, auth=None, timeout=None, proxies=None, verify=False,                     debug=0 </msg>
<arg>consultarAPI</arg>
<arg>${URL}</arg>
<doc>Create Session: create a HTTP session to a server</doc>
<status status="PASS" start="2024-04-11T03:14:31.949913" elapsed="0.000387"/>
</kw>
<status status="PASS" start="2024-04-11T03:14:31.948875" elapsed="0.001792"/>
</kw>
<status status="PASS" start="2024-04-11T03:14:31.948264" elapsed="0.002611"/>
</test>
<test id="s1-s1-t2" name="Validar retorno 200 e JSON Válido" line="16">
<kw name="Teste de Requisicao Basica" owner="random-user-service">
<kw name="GET On Session" owner="RequestsLibrary">
<msg time="2024-04-11T03:14:32.088142" level="INFO">GET Request : url=https://randomuser.me/api 
 path_url=/api 
 headers={'User-Agent': 'python-requests/2.31.0', 'Accept-Encoding': 'gzip, deflate', 'Accept': '*/*', 'Connection': 'keep-alive'} 
 body=None 
 </msg>
<msg time="2024-04-11T03:14:32.088258" level="INFO">GET Response : url=https://randomuser.me/api 
 status=200, reason=OK 
 headers={'Date': 'Thu, 11 Apr 2024 03:14:32 GMT', 'Content-Type': 'application/json; charset=utf-8', 'Transfer-Encoding': 'chunked', 'Connection': 'keep-alive', 'X-Powered-By': 'Express', 'Access-Control-Allow-Origin': '*', 'Cache-Control': 'no-cache', 'ETag': 'W/"480-xeros+T8mqgbl+3B//OaOx4rUjc"', 'Vary': 'Accept-Encoding', 'Content-Encoding': 'gzip', 'CF-Cache-Status': 'DYNAMIC', 'Report-To': '{"endpoints":[{"url":"https:\\/\\/a.nel.cloudflare.com\\/report\\/v4?s=tvfKB8OHDff78%2FBj1tvEdQ5oGoddCAzH81M77hsgDJa9wm%2B7t6FLZNoS5lJsRFC6swbVKO6vqIYhUlx6pieGBuR3vJ8QGultVN1kxCQE2YKY4w42klxaNM%2B0Wp38EHnt"}],"group":"cf-nel","max_age":604800}', 'NEL': '{"success_fraction":0,"report_to":"cf-nel","max_age":604800}', 'Server': 'cloudflare', 'CF-RAY': '8727ce95e9369435-SJC', 'alt-svc': 'h3=":443"; ma=86400'} 
 body={"results":[{"gender":"male","name":{"title":"Mr","first":"Kenneth","last":"Gundersen"},"location":{"street":{"number":3991,"name":"Krebs' gate"},"city":"Ålesund","state":"Trøndelag","country":"Norway","postcode":"2584","coordinates":{"latitude":"41.5346","longitude":"-175.4780"},"timezone":{"offset":"+2:00","description":"Kaliningrad, South Africa"}},"email":"kenneth.gundersen@example.com","login":{"uuid":"74867fd8-57cc-4e32-9627-b43169a412c2","username":"bluekoala750","password":"hahahaha","salt":"uCXX3niL","md5":"54a2a93505207ddc08ae054c52db27dc","sha1":"b7d134437397d5c0760d8fe7a7e9571e314e44fe","sha256":"5556b47d0e175151c2dcbe45fff922e6689876108658dee230f50906172229e2"},"dob":{"date":"1961-09-09T23:06:56.456Z","age":62},"registered":{"date":"2006-04-02T15:15:02.146Z","age":18},"phone":"55620181","cell":"96877260","id":{"name":"FN","value":"09096141553"},"picture":{"large":"https://randomuser.me/api/portraits/men/8.jpg","medium":"https://randomuser.me/api/portraits/med/men/8.jpg","thumbnail":"https://randomuser.me/api/portraits/thumb/men/8.jpg"},"nat":"NO"}],"info":{"seed":"e16faf64a15dfed5","results":1,"page":1,"version":"1.4"}} 
 </msg>
<msg time="2024-04-11T03:14:32.088334" level="INFO">/opt/hostedtoolcache/Python/3.12.2/x64/lib/python3.12/site-packages/urllib3/connectionpool.py:1103: InsecureRequestWarning: Unverified HTTPS request is being made to host 'randomuser.me'. Adding certificate verification is strongly advised. See: https://urllib3.readthedocs.io/en/latest/advanced-usage.html#tls-warnings
  warnings.warn(</msg>
<msg time="2024-04-11T03:14:32.088449" level="INFO">${response} = &lt;Response [200]&gt;</msg>
<var>${response}</var>
<arg>consultarAPI</arg>
<arg>/api</arg>
<doc>Sends a GET request on a previously created HTTP Session.</doc>
<status status="PASS" start="2024-04-11T03:14:31.953524" elapsed="0.134967"/>
</kw>
<kw name="Should Be Equal As Numbers" owner="BuiltIn">
<msg time="2024-04-11T03:14:32.089377" level="INFO">Argument types are:
&lt;class 'int'&gt;
&lt;class 'str'&gt;</msg>
<arg>${response.status_code}</arg>
<arg>200</arg>
<doc>Fails if objects are unequal after converting them to real numbers.</doc>
<status status="PASS" start="2024-04-11T03:14:32.088946" elapsed="0.000496"/>
</kw>
<kw name="Log" owner="BuiltIn">
<msg time="2024-04-11T03:14:32.090143" level="INFO">200</msg>
<arg>${response.status_code}</arg>
<doc>Logs the given message with the given level.</doc>
<status status="PASS" start="2024-04-11T03:14:32.089777" elapsed="0.000410"/>
</kw>
<kw name="Set Variable" owner="BuiltIn">
<msg time="2024-04-11T03:14:32.090971" level="INFO">${json_data} = {'results': [{'gender': 'male', 'name': {'title': 'Mr', 'first': 'Kenneth', 'last': 'Gundersen'}, 'location': {'street': {'number': 3991, 'name': "Krebs' gate"}, 'city': 'Ålesund', 'state': 'Trøndelag...</msg>
<var>${json_data}</var>
<arg>${response.json()}</arg>
<doc>Returns the given values which can then be assigned to a variables.</doc>
<status status="PASS" start="2024-04-11T03:14:32.090525" elapsed="0.000475"/>
</kw>
<kw name="Dictionary Should Contain Key" owner="Collections">
<msg time="2024-04-11T03:14:32.091478" level="INFO">False</msg>
<arg>${json_data}</arg>
<arg>results</arg>
<doc>Fails if ``key`` is not found from ``dictionary``.</doc>
<status status="PASS" start="2024-04-11T03:14:32.091306" elapsed="0.000212"/>
</kw>
<status status="PASS" start="2024-04-11T03:14:31.953270" elapsed="0.138544"/>
</kw>
<doc>Testa se a API responde corretamente e retorna um objeto JSON válido.</doc>
<tag>testeRequisicaoBasica</tag>
<status status="PASS" start="2024-04-11T03:14:31.952759" elapsed="0.139232"/>
</test>
<test id="s1-s1-t3" name="Validar estrutura de resposta" line="22">
<kw name="Teste de Estrutura de Resposta" owner="random-user-service">
<kw name="GET On Session" owner="RequestsLibrary">
<msg time="2024-04-11T03:14:32.186289" level="INFO">GET Request : url=https://randomuser.me/api 
 path_url=/api 
 headers={'User-Agent': 'python-requests/2.31.0', 'Accept-Encoding': 'gzip, deflate', 'Accept': '*/*', 'Connection': 'keep-alive'} 
 body=None 
 </msg>
<msg time="2024-04-11T03:14:32.186358" level="INFO">GET Response : url=https://randomuser.me/api 
 status=200, reason=OK 
 headers={'Date': 'Thu, 11 Apr 2024 03:14:32 GMT', 'Content-Type': 'application/json; charset=utf-8', 'Transfer-Encoding': 'chunked', 'Connection': 'keep-alive', 'X-Powered-By': 'Express', 'Access-Control-Allow-Origin': '*', 'Cache-Control': 'no-cache', 'ETag': 'W/"49a-xMLdoSHC14uM0d2cLbUIn7pK46c"', 'Vary': 'Accept-Encoding', 'Content-Encoding': 'gzip', 'CF-Cache-Status': 'DYNAMIC', 'Report-To': '{"endpoints":[{"url":"https:\\/\\/a.nel.cloudflare.com\\/report\\/v4?s=ixD1hnqphprXG2F4fUg2pLA0heAwm%2B%2BCk9s8lVsAjT2T7Ow23N%2FoGzoumUp68V8ZmDV6REYtMr%2BX0Qw9JTmdaHF4oPeVSCYxCZLaTsH75j2kWtmxSOujJ68sXBkxo%2F5L"}],"group":"cf-nel","max_age":604800}', 'NEL': '{"success_fraction":0,"report_to":"cf-nel","max_age":604800}', 'Server': 'cloudflare', 'CF-RAY': '8727ce9699f69435-SJC', 'alt-svc': 'h3=":443"; ma=86400'} 
 body={"results":[{"gender":"male","name":{"title":"Mr","first":"Romek","last":"Vrolijk"},"location":{"street":{"number":2261,"name":"Aise Bruggenswei"},"city":"Venhorst","state":"Drenthe","country":"Netherlands","postcode":"4183 BX","coordinates":{"latitude":"31.0345","longitude":"-4.6654"},"timezone":{"offset":"-4:00","description":"Atlantic Time (Canada), Caracas, La Paz"}},"email":"romek.vrolijk@example.com","login":{"uuid":"cf430d0a-46bd-4edf-bd74-62e511ae7abf","username":"heavyelephant448","password":"stone1","salt":"sAT2310R","md5":"ca7ac49944581986acccad3649a3df3f","sha1":"77e53f5b396fb609b216415a63e480d3c0f86860","sha256":"72d8b0e0bb08f9636a0e2eff802fc9bf1ac84407e2a623f929d7f4bd947fc9e2"},"dob":{"date":"1953-03-01T07:36:44.640Z","age":71},"registered":{"date":"2019-12-10T23:58:44.316Z","age":4},"phone":"(0852) 315158","cell":"(06) 65896250","id":{"name":"BSN","value":"76195128"},"picture":{"large":"https://randomuser.me/api/portraits/men/35.jpg","medium":"https://randomuser.me/api/portraits/med/men/35.jpg","thumbnail":"https://randomuser.me/api/portraits/thumb/men/35.jpg"},"nat":"NL"}],"info":{"seed":"b83a2c7b94e462e8","results":1,"page":1,"version":"1.4"}} 
 </msg>
<msg time="2024-04-11T03:14:32.186474" level="INFO">/opt/hostedtoolcache/Python/3.12.2/x64/lib/python3.12/site-packages/urllib3/connectionpool.py:1103: InsecureRequestWarning: Unverified HTTPS request is being made to host 'randomuser.me'. Adding certificate verification is strongly advised. See: https://urllib3.readthedocs.io/en/latest/advanced-usage.html#tls-warnings
  warnings.warn(</msg>
<msg time="2024-04-11T03:14:32.186591" level="INFO">${response} = &lt;Response [200]&gt;</msg>
<var>${response}</var>
<arg>consultarAPI</arg>
<arg>/api</arg>
<doc>Sends a GET request on a previously created HTTP Session.</doc>
<status status="PASS" start="2024-04-11T03:14:32.094693" elapsed="0.091941"/>
</kw>
<kw name="Set Variable" owner="BuiltIn">
<msg time="2024-04-11T03:14:32.187444" level="INFO">${json_data} = {'results': [{'gender': 'male', 'name': {'title': 'Mr', 'first': 'Romek', 'last': 'Vrolijk'}, 'location': {'street': {'number': 2261, 'name': 'Aise Bruggenswei'}, 'city': 'Venhorst', 'state': 'Drenthe...</msg>
<var>${json_data}</var>
<arg>${response.json()}</arg>
<doc>Returns the given values which can then be assigned to a variables.</doc>
<status status="PASS" start="2024-04-11T03:14:32.186999" elapsed="0.000474"/>
</kw>
<kw name="Log" owner="BuiltIn">
<msg time="2024-04-11T03:14:32.187969" level="INFO">{'results': [{'gender': 'male', 'name': {'title': 'Mr', 'first': 'Romek', 'last': 'Vrolijk'}, 'location': {'street': {'number': 2261, 'name': 'Aise Bruggenswei'}, 'city': 'Venhorst', 'state': 'Drenthe', 'country': 'Netherlands', 'postcode': '4183 BX', 'coordinates': {'latitude': '31.0345', 'longitude': '-4.6654'}, 'timezone': {'offset': '-4:00', 'description': 'Atlantic Time (Canada), Caracas, La Paz'}}, 'email': 'romek.vrolijk@example.com', 'login': {'uuid': 'cf430d0a-46bd-4edf-bd74-62e511ae7abf', 'username': 'heavyelephant448', 'password': 'stone1', 'salt': 'sAT2310R', 'md5': 'ca7ac49944581986acccad3649a3df3f', 'sha1': '77e53f5b396fb609b216415a63e480d3c0f86860', 'sha256': '72d8b0e0bb08f9636a0e2eff802fc9bf1ac84407e2a623f929d7f4bd947fc9e2'}, 'dob': {'date': '1953-03-01T07:36:44.640Z', 'age': 71}, 'registered': {'date': '2019-12-10T23:58:44.316Z', 'age': 4}, 'phone': '(0852) 315158', 'cell': '(06) 65896250', 'id': {'name': 'BSN', 'value': '76195128'}, 'picture': {'large': 'https://randomuser.me/api/portraits/men/35.jpg', 'medium': 'https://randomuser.me/api/portraits/med/men/35.jpg', 'thumbnail': 'https://randomuser.me/api/portraits/thumb/men/35.jpg'}, 'nat': 'NL'}], 'info': {'seed': 'b83a2c7b94e462e8', 'results': 1, 'page': 1, 'version': '1.4'}}</msg>
<arg>${json_data}</arg>
<doc>Logs the given message with the given level.</doc>
<status status="PASS" start="2024-04-11T03:14:32.187810" elapsed="0.000206"/>
</kw>
<kw name="Dictionary Should Contain Key" owner="Collections">
<msg time="2024-04-11T03:14:32.188464" level="INFO">False</msg>
<arg>${json_data}</arg>
<arg>results</arg>
<doc>Fails if ``key`` is not found from ``dictionary``.</doc>
<status status="PASS" start="2024-04-11T03:14:32.188308" elapsed="0.000192"/>
</kw>
<kw name="Should Not Be Empty" owner="BuiltIn">
<msg time="2024-04-11T03:14:32.188919" level="INFO">Length is 2.</msg>
<arg>${json_data}</arg>
<doc>Verifies that the given item is not empty.</doc>
<status status="PASS" start="2024-04-11T03:14:32.188788" elapsed="0.000169"/>
</kw>
<kw name="Create List" owner="BuiltIn">
<msg time="2024-04-11T03:14:32.189388" level="INFO">${expected_keys} = ['gender', 'name', 'location', 'email', 'login']</msg>
<var>${expected_keys}</var>
<arg>gender</arg>
<arg>name</arg>
<arg>location</arg>
<arg>email</arg>
<arg>login</arg>
<doc>Returns a list containing given items.</doc>
<status status="PASS" start="2024-04-11T03:14:32.189242" elapsed="0.000169"/>
</kw>
<for flavor="IN">
<iter>
<kw name="Dictionary Should Contain Key" owner="Collections">
<msg time="2024-04-11T03:14:32.190367" level="INFO">False</msg>
<arg>${json_data['results'][0]}</arg>
<arg>${key}</arg>
<doc>Fails if ``key`` is not found from ``dictionary``.</doc>
<status status="PASS" start="2024-04-11T03:14:32.189972" elapsed="0.000434"/>
</kw>
<kw name="Log" owner="BuiltIn">
<msg time="2024-04-11T03:14:32.191078" level="INFO">{'gender': 'male', 'name': {'title': 'Mr', 'first': 'Romek', 'last': 'Vrolijk'}, 'location': {'street': {'number': 2261, 'name': 'Aise Bruggenswei'}, 'city': 'Venhorst', 'state': 'Drenthe', 'country': 'Netherlands', 'postcode': '4183 BX', 'coordinates': {'latitude': '31.0345', 'longitude': '-4.6654'}, 'timezone': {'offset': '-4:00', 'description': 'Atlantic Time (Canada), Caracas, La Paz'}}, 'email': 'romek.vrolijk@example.com', 'login': {'uuid': 'cf430d0a-46bd-4edf-bd74-62e511ae7abf', 'username': 'heavyelephant448', 'password': 'stone1', 'salt': 'sAT2310R', 'md5': 'ca7ac49944581986acccad3649a3df3f', 'sha1': '77e53f5b396fb609b216415a63e480d3c0f86860', 'sha256': '72d8b0e0bb08f9636a0e2eff802fc9bf1ac84407e2a623f929d7f4bd947fc9e2'}, 'dob': {'date': '1953-03-01T07:36:44.640Z', 'age': 71}, 'registered': {'date': '2019-12-10T23:58:44.316Z', 'age': 4}, 'phone': '(0852) 315158', 'cell': '(06) 65896250', 'id': {'name': 'BSN', 'value': '76195128'}, 'picture': {'large': 'https://randomuser.me/api/portraits/men/35.jpg', 'medium': 'https://randomuser.me/api/portraits/med/men/35.jpg', 'thumbnail': 'https://randomuser.me/api/portraits/thumb/men/35.jpg'}, 'nat': 'NL'}</msg>
<arg>${json_data['results'][0]}</arg>
<doc>Logs the given message with the given level.</doc>
<status status="PASS" start="2024-04-11T03:14:32.190716" elapsed="0.000415"/>
</kw>
<kw name="Log" owner="BuiltIn">
<msg time="2024-04-11T03:14:32.191563" level="INFO">gender</msg>
<arg>${key}</arg>
<doc>Logs the given message with the given level.</doc>
<status status="PASS" start="2024-04-11T03:14:32.191432" elapsed="0.000199"/>
</kw>
<var name="${key}">gender</var>
<status status="PASS" start="2024-04-11T03:14:32.189849" elapsed="0.002027"/>
</iter>
<iter>
<kw name="Dictionary Should Contain Key" owner="Collections">
<msg time="2024-04-11T03:14:32.192561" level="INFO">False</msg>
<arg>${json_data['results'][0]}</arg>
<arg>${key}</arg>
<doc>Fails if ``key`` is not found from ``dictionary``.</doc>
<status status="PASS" start="2024-04-11T03:14:32.192177" elapsed="0.000420"/>
</kw>
<kw name="Log" owner="BuiltIn">
<msg time="2024-04-11T03:14:32.193272" level="INFO">{'gender': 'male', 'name': {'title': 'Mr', 'first': 'Romek', 'last': 'Vrolijk'}, 'location': {'street': {'number': 2261, 'name': 'Aise Bruggenswei'}, 'city': 'Venhorst', 'state': 'Drenthe', 'country': 'Netherlands', 'postcode': '4183 BX', 'coordinates': {'latitude': '31.0345', 'longitude': '-4.6654'}, 'timezone': {'offset': '-4:00', 'description': 'Atlantic Time (Canada), Caracas, La Paz'}}, 'email': 'romek.vrolijk@example.com', 'login': {'uuid': 'cf430d0a-46bd-4edf-bd74-62e511ae7abf', 'username': 'heavyelephant448', 'password': 'stone1', 'salt': 'sAT2310R', 'md5': 'ca7ac49944581986acccad3649a3df3f', 'sha1': '77e53f5b396fb609b216415a63e480d3c0f86860', 'sha256': '72d8b0e0bb08f9636a0e2eff802fc9bf1ac84407e2a623f929d7f4bd947fc9e2'}, 'dob': {'date': '1953-03-01T07:36:44.640Z', 'age': 71}, 'registered': {'date': '2019-12-10T23:58:44.316Z', 'age': 4}, 'phone': '(0852) 315158', 'cell': '(06) 65896250', 'id': {'name': 'BSN', 'value': '76195128'}, 'picture': {'large': 'https://randomuser.me/api/portraits/men/35.jpg', 'medium': 'https://randomuser.me/api/portraits/med/men/35.jpg', 'thumbnail': 'https://randomuser.me/api/portraits/thumb/men/35.jpg'}, 'nat': 'NL'}</msg>
<arg>${json_data['results'][0]}</arg>
<doc>Logs the given message with the given level.</doc>
<status status="PASS" start="2024-04-11T03:14:32.192918" elapsed="0.000401"/>
</kw>
<kw name="Log" owner="BuiltIn">
<msg time="2024-04-11T03:14:32.193744" level="INFO">name</msg>
<arg>${key}</arg>
<doc>Logs the given message with the given level.</doc>
<status status="PASS" start="2024-04-11T03:14:32.193616" elapsed="0.000164"/>
</kw>
<var name="${key}">name</var>
<status status="PASS" start="2024-04-11T03:14:32.192063" elapsed="0.001932"/>
</iter>
<iter>
<kw name="Dictionary Should Contain Key" owner="Collections">
<msg time="2024-04-11T03:14:32.194650" level="INFO">False</msg>
<arg>${json_data['results'][0]}</arg>
<arg>${key}</arg>
<doc>Fails if ``key`` is not found from ``dictionary``.</doc>
<status status="PASS" start="2024-04-11T03:14:32.194282" elapsed="0.000405"/>
</kw>
<kw name="Log" owner="BuiltIn">
<msg time="2024-04-11T03:14:32.195342" level="INFO">{'gender': 'male', 'name': {'title': 'Mr', 'first': 'Romek', 'last': 'Vrolijk'}, 'location': {'street': {'number': 2261, 'name': 'Aise Bruggenswei'}, 'city': 'Venhorst', 'state': 'Drenthe', 'country': 'Netherlands', 'postcode': '4183 BX', 'coordinates': {'latitude': '31.0345', 'longitude': '-4.6654'}, 'timezone': {'offset': '-4:00', 'description': 'Atlantic Time (Canada), Caracas, La Paz'}}, 'email': 'romek.vrolijk@example.com', 'login': {'uuid': 'cf430d0a-46bd-4edf-bd74-62e511ae7abf', 'username': 'heavyelephant448', 'password': 'stone1', 'salt': 'sAT2310R', 'md5': 'ca7ac49944581986acccad3649a3df3f', 'sha1': '77e53f5b396fb609b216415a63e480d3c0f86860', 'sha256': '72d8b0e0bb08f9636a0e2eff802fc9bf1ac84407e2a623f929d7f4bd947fc9e2'}, 'dob': {'date': '1953-03-01T07:36:44.640Z', 'age': 71}, 'registered': {'date': '2019-12-10T23:58:44.316Z', 'age': 4}, 'phone': '(0852) 315158', 'cell': '(06) 65896250', 'id': {'name': 'BSN', 'value': '76195128'}, 'picture': {'large': 'https://randomuser.me/api/portraits/men/35.jpg', 'medium': 'https://randomuser.me/api/portraits/med/men/35.jpg', 'thumbnail': 'https://randomuser.me/api/portraits/thumb/men/35.jpg'}, 'nat': 'NL'}</msg>
<arg>${json_data['results'][0]}</arg>
<doc>Logs the given message with the given level.</doc>
<status status="PASS" start="2024-04-11T03:14:32.194983" elapsed="0.000409"/>
</kw>
<kw name="Log" owner="BuiltIn">
<msg time="2024-04-11T03:14:32.195840" level="INFO">location</msg>
<arg>${key}</arg>
<doc>Logs the given message with the given level.</doc>
<status status="PASS" start="2024-04-11T03:14:32.195712" elapsed="0.000166"/>
</kw>
<var name="${key}">location</var>
<status status="PASS" start="2024-04-11T03:14:32.194171" elapsed="0.001922"/>
</iter>
<iter>
<kw name="Dictionary Should Contain Key" owner="Collections">
<msg time="2024-04-11T03:14:32.196748" level="INFO">False</msg>
<arg>${json_data['results'][0]}</arg>
<arg>${key}</arg>
<doc>Fails if ``key`` is not found from ``dictionary``.</doc>
<status status="PASS" start="2024-04-11T03:14:32.196373" elapsed="0.000412"/>
</kw>
<kw name="Log" owner="BuiltIn">
<msg time="2024-04-11T03:14:32.197434" level="INFO">{'gender': 'male', 'name': {'title': 'Mr', 'first': 'Romek', 'last': 'Vrolijk'}, 'location': {'street': {'number': 2261, 'name': 'Aise Bruggenswei'}, 'city': 'Venhorst', 'state': 'Drenthe', 'country': 'Netherlands', 'postcode': '4183 BX', 'coordinates': {'latitude': '31.0345', 'longitude': '-4.6654'}, 'timezone': {'offset': '-4:00', 'description': 'Atlantic Time (Canada), Caracas, La Paz'}}, 'email': 'romek.vrolijk@example.com', 'login': {'uuid': 'cf430d0a-46bd-4edf-bd74-62e511ae7abf', 'username': 'heavyelephant448', 'password': 'stone1', 'salt': 'sAT2310R', 'md5': 'ca7ac49944581986acccad3649a3df3f', 'sha1': '77e53f5b396fb609b216415a63e480d3c0f86860', 'sha256': '72d8b0e0bb08f9636a0e2eff802fc9bf1ac84407e2a623f929d7f4bd947fc9e2'}, 'dob': {'date': '1953-03-01T07:36:44.640Z', 'age': 71}, 'registered': {'date': '2019-12-10T23:58:44.316Z', 'age': 4}, 'phone': '(0852) 315158', 'cell': '(06) 65896250', 'id': {'name': 'BSN', 'value': '76195128'}, 'picture': {'large': 'https://randomuser.me/api/portraits/men/35.jpg', 'medium': 'https://randomuser.me/api/portraits/med/men/35.jpg', 'thumbnail': 'https://randomuser.me/api/portraits/thumb/men/35.jpg'}, 'nat': 'NL'}</msg>
<arg>${json_data['results'][0]}</arg>
<doc>Logs the given message with the given level.</doc>
<status status="PASS" start="2024-04-11T03:14:32.197078" elapsed="0.000401"/>
</kw>
<kw name="Log" owner="BuiltIn">
<msg time="2024-04-11T03:14:32.197898" level="INFO">email</msg>
<arg>${key}</arg>
<doc>Logs the given message with the given level.</doc>
<status status="PASS" start="2024-04-11T03:14:32.197771" elapsed="0.000163"/>
</kw>
<var name="${key}">email</var>
<status status="PASS" start="2024-04-11T03:14:32.196265" elapsed="0.001878"/>
</iter>
<iter>
<kw name="Dictionary Should Contain Key" owner="Collections">
<msg time="2024-04-11T03:14:32.198798" level="INFO">False</msg>
<arg>${json_data['results'][0]}</arg>
<arg>${key}</arg>
<doc>Fails if ``key`` is not found from ``dictionary``.</doc>
<status status="PASS" start="2024-04-11T03:14:32.198424" elapsed="0.000410"/>
</kw>
<kw name="Log" owner="BuiltIn">
<msg time="2024-04-11T03:14:32.199491" level="INFO">{'gender': 'male', 'name': {'title': 'Mr', 'first': 'Romek', 'last': 'Vrolijk'}, 'location': {'street': {'number': 2261, 'name': 'Aise Bruggenswei'}, 'city': 'Venhorst', 'state': 'Drenthe', 'country': 'Netherlands', 'postcode': '4183 BX', 'coordinates': {'latitude': '31.0345', 'longitude': '-4.6654'}, 'timezone': {'offset': '-4:00', 'description': 'Atlantic Time (Canada), Caracas, La Paz'}}, 'email': 'romek.vrolijk@example.com', 'login': {'uuid': 'cf430d0a-46bd-4edf-bd74-62e511ae7abf', 'username': 'heavyelephant448', 'password': 'stone1', 'salt': 'sAT2310R', 'md5': 'ca7ac49944581986acccad3649a3df3f', 'sha1': '77e53f5b396fb609b216415a63e480d3c0f86860', 'sha256': '72d8b0e0bb08f9636a0e2eff802fc9bf1ac84407e2a623f929d7f4bd947fc9e2'}, 'dob': {'date': '1953-03-01T07:36:44.640Z', 'age': 71}, 'registered': {'date': '2019-12-10T23:58:44.316Z', 'age': 4}, 'phone': '(0852) 315158', 'cell': '(06) 65896250', 'id': {'name': 'BSN', 'value': '76195128'}, 'picture': {'large': 'https://randomuser.me/api/portraits/men/35.jpg', 'medium': 'https://randomuser.me/api/portraits/med/men/35.jpg', 'thumbnail': 'https://randomuser.me/api/portraits/thumb/men/35.jpg'}, 'nat': 'NL'}</msg>
<arg>${json_data['results'][0]}</arg>
<doc>Logs the given message with the given level.</doc>
<status status="PASS" start="2024-04-11T03:14:32.199126" elapsed="0.000411"/>
</kw>
<kw name="Log" owner="BuiltIn">
<msg time="2024-04-11T03:14:32.199994" level="INFO">login</msg>
<arg>${key}</arg>
<doc>Logs the given message with the given level.</doc>
<status status="PASS" start="2024-04-11T03:14:32.199867" elapsed="0.000169"/>
</kw>
<var name="${key}">login</var>
<status status="PASS" start="2024-04-11T03:14:32.198315" elapsed="0.001964"/>
</iter>
<var>${key}</var>
<value>@{expected_keys}</value>
<status status="PASS" start="2024-04-11T03:14:32.189666" elapsed="0.010735"/>
</for>
<kw name="Create List" owner="BuiltIn">
<msg time="2024-04-11T03:14:32.200727" level="INFO">${expected_keysTwo} = ['username', 'password']</msg>
<var>${expected_keysTwo}</var>
<arg>username</arg>
<arg>password</arg>
<doc>Returns a list containing given items.</doc>
<status status="PASS" start="2024-04-11T03:14:32.200591" elapsed="0.000160"/>
</kw>
<for flavor="IN">
<iter>
<kw name="Dictionary Should Contain Key" owner="Collections">
<msg time="2024-04-11T03:14:32.201733" level="INFO">False</msg>
<arg>${json_data['results'][0]['login']}</arg>
<arg>${keyTwo}</arg>
<doc>Fails if ``key`` is not found from ``dictionary``.</doc>
<status status="PASS" start="2024-04-11T03:14:32.201349" elapsed="0.000420"/>
</kw>
<kw name="Dictionary Should Contain Key" owner="Collections">
<msg time="2024-04-11T03:14:32.202444" level="INFO">False</msg>
<arg>${json_data['results'][0]['login']}</arg>
<arg>${keyTwo}</arg>
<doc>Fails if ``key`` is not found from ``dictionary``.</doc>
<status status="PASS" start="2024-04-11T03:14:32.202065" elapsed="0.000415"/>
</kw>
<kw name="Log" owner="BuiltIn">
<msg time="2024-04-11T03:14:32.202895" level="INFO">username</msg>
<arg>${keyTwo}</arg>
<doc>Logs the given message with the given level.</doc>
<status status="PASS" start="2024-04-11T03:14:32.202770" elapsed="0.000161"/>
</kw>
<var name="${keyTwo}">username</var>
<status status="PASS" start="2024-04-11T03:14:32.201236" elapsed="0.001910"/>
</iter>
<iter>
<kw name="Dictionary Should Contain Key" owner="Collections">
<msg time="2024-04-11T03:14:32.203835" level="INFO">False</msg>
<arg>${json_data['results'][0]['login']}</arg>
<arg>${keyTwo}</arg>
<doc>Fails if ``key`` is not found from ``dictionary``.</doc>
<status status="PASS" start="2024-04-11T03:14:32.203427" elapsed="0.000446"/>
</kw>
<kw name="Dictionary Should Contain Key" owner="Collections">
<msg time="2024-04-11T03:14:32.204538" level="INFO">False</msg>
<arg>${json_data['results'][0]['login']}</arg>
<arg>${keyTwo}</arg>
<doc>Fails if ``key`` is not found from ``dictionary``.</doc>
<status status="PASS" start="2024-04-11T03:14:32.204164" elapsed="0.000410"/>
</kw>
<kw name="Log" owner="BuiltIn">
<msg time="2024-04-11T03:14:32.204986" level="INFO">password</msg>
<arg>${keyTwo}</arg>
<doc>Logs the given message with the given level.</doc>
<status status="PASS" start="2024-04-11T03:14:32.204862" elapsed="0.000161"/>
</kw>
<var name="${keyTwo}">password</var>
<status status="PASS" start="2024-04-11T03:14:32.203319" elapsed="0.001918"/>
</iter>
<var>${keyTwo}</var>
<value>@{expected_keysTwo}</value>
<status status="PASS" start="2024-04-11T03:14:32.200986" elapsed="0.004370"/>
</for>
<status status="PASS" start="2024-04-11T03:14:32.094455" elapsed="0.111039"/>
</kw>
<doc>Testa a estrutura da resposta da API.</doc>
<tag>testeEstruturaResposta</tag>
<status status="PASS" start="2024-04-11T03:14:32.093815" elapsed="0.111830"/>
</test>
<test id="s1-s1-t4" name="Validar tipos de dados" line="28">
<kw name="Teste de Tipos de Dados" owner="random-user-service">
<kw name="GET On Session" owner="RequestsLibrary">
<msg time="2024-04-11T03:14:32.316368" level="INFO">GET Request : url=https://randomuser.me/api 
 path_url=/api 
 headers={'User-Agent': 'python-requests/2.31.0', 'Accept-Encoding': 'gzip, deflate', 'Accept': '*/*', 'Connection': 'keep-alive'} 
 body=None 
 </msg>
<msg time="2024-04-11T03:14:32.316446" level="INFO">GET Response : url=https://randomuser.me/api 
 status=200, reason=OK 
 headers={'Date': 'Thu, 11 Apr 2024 03:14:32 GMT', 'Content-Type': 'application/json; charset=utf-8', 'Transfer-Encoding': 'chunked', 'Connection': 'keep-alive', 'X-Powered-By': 'Express', 'Access-Control-Allow-Origin': '*', 'Cache-Control': 'no-cache', 'ETag': 'W/"463-w8iliB+gBWx7IQN3fR51nFe9tks"', 'Vary': 'Accept-Encoding', 'Content-Encoding': 'gzip', 'CF-Cache-Status': 'DYNAMIC', 'Report-To': '{"endpoints":[{"url":"https:\\/\\/a.nel.cloudflare.com\\/report\\/v4?s=krCEMsqQJMn1L6YuVHns2ghcRWpv2bWoy%2FuGdIJX1P8jenX%2FSn3Ijefa3KvyxV2DN%2BUdxdrFn9Z6lmY2V9xYcNBxXxvAcKv%2BMpc7Kw%2Bc%2BYHz26vnMrEPggBZf38J6sec"}],"group":"cf-nel","max_age":604800}', 'NEL': '{"success_fraction":0,"report_to":"cf-nel","max_age":604800}', 'Server': 'cloudflare', 'CF-RAY': '8727ce975a7c9435-SJC', 'alt-svc': 'h3=":443"; ma=86400'} 
 body={"results":[{"gender":"male","name":{"title":"Mr","first":"Mark","last":"Levang"},"location":{"street":{"number":1779,"name":"Gamle Bygdevei"},"city":"Orkanger","state":"Bergen","country":"Norway","postcode":"4522","coordinates":{"latitude":"40.7759","longitude":"-19.2035"},"timezone":{"offset":"+3:30","description":"Tehran"}},"email":"mark.levang@example.com","login":{"uuid":"97923910-eb8e-4a74-93db-6a4c02bca0f7","username":"smallpeacock468","password":"cohiba","salt":"4TH4NBsf","md5":"85b7aa57641fd68c3d0df739e5ed45b4","sha1":"1ec0ca2e3975e843e58aec7d4edba61da8e2ee44","sha256":"8c74cccdcf72d3b572a943b49b9e673e0b95394c67c78297fef168f942ccaabd"},"dob":{"date":"1981-06-30T07:23:29.691Z","age":42},"registered":{"date":"2007-06-21T04:14:58.809Z","age":16},"phone":"21776094","cell":"42837547","id":{"name":"FN","value":"30068122127"},"picture":{"large":"https://randomuser.me/api/portraits/men/80.jpg","medium":"https://randomuser.me/api/portraits/med/men/80.jpg","thumbnail":"https://randomuser.me/api/portraits/thumb/men/80.jpg"},"nat":"NO"}],"info":{"seed":"dae323b6de04630e","results":1,"page":1,"version":"1.4"}} 
 </msg>
<msg time="2024-04-11T03:14:32.316505" level="INFO">/opt/hostedtoolcache/Python/3.12.2/x64/lib/python3.12/site-packages/urllib3/connectionpool.py:1103: InsecureRequestWarning: Unverified HTTPS request is being made to host 'randomuser.me'. Adding certificate verification is strongly advised. See: https://urllib3.readthedocs.io/en/latest/advanced-usage.html#tls-warnings
  warnings.warn(</msg>
<msg time="2024-04-11T03:14:32.316619" level="INFO">${response} = &lt;Response [200]&gt;</msg>
<var>${response}</var>
<arg>consultarAPI</arg>
<arg>/api</arg>
<doc>Sends a GET request on a previously created HTTP Session.</doc>
<status status="PASS" start="2024-04-11T03:14:32.208054" elapsed="0.108613"/>
</kw>
<kw name="Set Variable" owner="BuiltIn">
<msg time="2024-04-11T03:14:32.317459" level="INFO">${json_data} = {'results': [{'gender': 'male', 'name': {'title': 'Mr', 'first': 'Mark', 'last': 'Levang'}, 'location': {'street': {'number': 1779, 'name': 'Gamle Bygdevei'}, 'city': 'Orkanger', 'state': 'Bergen', 'c...</msg>
<var>${json_data}</var>
<arg>${response.json()}</arg>
<doc>Returns the given values which can then be assigned to a variables.</doc>
<status status="PASS" start="2024-04-11T03:14:32.317016" elapsed="0.000470"/>
</kw>
<kw name="Log" owner="BuiltIn">
<msg time="2024-04-11T03:14:32.317943" level="INFO">{'results': [{'gender': 'male', 'name': {'title': 'Mr', 'first': 'Mark', 'last': 'Levang'}, 'location': {'street': {'number': 1779, 'name': 'Gamle Bygdevei'}, 'city': 'Orkanger', 'state': 'Bergen', 'country': 'Norway', 'postcode': '4522', 'coordinates': {'latitude': '40.7759', 'longitude': '-19.2035'}, 'timezone': {'offset': '+3:30', 'description': 'Tehran'}}, 'email': 'mark.levang@example.com', 'login': {'uuid': '97923910-eb8e-4a74-93db-6a4c02bca0f7', 'username': 'smallpeacock468', 'password': 'cohiba', 'salt': '4TH4NBsf', 'md5': '85b7aa57641fd68c3d0df739e5ed45b4', 'sha1': '1ec0ca2e3975e843e58aec7d4edba61da8e2ee44', 'sha256': '8c74cccdcf72d3b572a943b49b9e673e0b95394c67c78297fef168f942ccaabd'}, 'dob': {'date': '1981-06-30T07:23:29.691Z', 'age': 42}, 'registered': {'date': '2007-06-21T04:14:58.809Z', 'age': 16}, 'phone': '21776094', 'cell': '42837547', 'id': {'name': 'FN', 'value': '30068122127'}, 'picture': {'large': 'https://randomuser.me/api/portraits/men/80.jpg', 'medium': 'https://randomuser.me/api/portraits/med/men/80.jpg', 'thumbnail': 'https://randomuser.me/api/portraits/thumb/men/80.jpg'}, 'nat': 'NO'}], 'info': {'seed': 'dae323b6de04630e', 'results': 1, 'page': 1, 'version': '1.4'}}</msg>
<arg>${json_data}</arg>
<doc>Logs the given message with the given level.</doc>
<status status="PASS" start="2024-04-11T03:14:32.317790" elapsed="0.000234"/>
</kw>
<kw name="Should Be String" owner="String">
<arg>${json_data['results'][0]['gender']}</arg>
<doc>Fails if the given ``item`` is not a string.</doc>
<status status="PASS" start="2024-04-11T03:14:32.318325" elapsed="0.000360"/>
</kw>
<kw name="Should Match Regexp" owner="BuiltIn">
<arg>${json_data['results'][0]['email']}</arg>
<arg>^[a-zA-Z0-9._%+-]+@[a-zA-Z0-9.-]+\.[a-zA-Z]{2,}$</arg>
<doc>Fails if ``string`` does not match ``pattern`` as a regular expression.</doc>
<status status="PASS" start="2024-04-11T03:14:32.318877" elapsed="0.000503"/>
</kw>
<kw name="Should Match Regexp" owner="BuiltIn">
<arg>${json_data['results'][0]['dob']['date']}</arg>
<arg>\\d{4}-\\d{2}-\\d{2}T\\d{2}:\\d{2}:\\d{2}\\.\\d{3}Z</arg>
<doc>Fails if ``string`` does not match ``pattern`` as a regular expression.</doc>
<status status="PASS" start="2024-04-11T03:14:32.319572" elapsed="0.000537"/>
</kw>
<kw name="Should Match Regexp" owner="BuiltIn">
<arg>${json_data['results'][0]['registered']['date']}</arg>
<arg>\\d{4}-\\d{2}-\\d{2}T\\d{2}:\\d{2}:\\d{2}\\.\\d{3}Z</arg>
<doc>Fails if ``string`` does not match ``pattern`` as a regular expression.</doc>
<status status="PASS" start="2024-04-11T03:14:32.320309" elapsed="0.000367"/>
</kw>
<kw name="Should Match Regexp" owner="BuiltIn">
<arg>${json_data['results'][0]['picture']['large']}</arg>
<arg>^https?://.*\.(?:png|jpe?g|gif|bmp)$</arg>
<doc>Fails if ``string`` does not match ``pattern`` as a regular expression.</doc>
<status status="PASS" start="2024-04-11T03:14:32.320861" elapsed="0.000452"/>
</kw>
<kw name="Should Match Regexp" owner="BuiltIn">
<arg>${json_data['results'][0]['picture']['medium']}</arg>
<arg>^https?://.*\.(?:png|jpe?g|gif|bmp)$</arg>
<doc>Fails if ``string`` does not match ``pattern`` as a regular expression.</doc>
<status status="PASS" start="2024-04-11T03:14:32.321500" elapsed="0.000356"/>
</kw>
<kw name="Should Match Regexp" owner="BuiltIn">
<arg>${json_data['results'][0]['picture']['thumbnail']}</arg>
<arg>^https?://.*\.(?:png|jpe?g|gif|bmp)$</arg>
<doc>Fails if ``string`` does not match ``pattern`` as a regular expression.</doc>
<status status="PASS" start="2024-04-11T03:14:32.322040" elapsed="0.000351"/>
</kw>
<kw name="Log" owner="BuiltIn">
<msg time="2024-04-11T03:14:32.322894" level="INFO">{'large': 'https://randomuser.me/api/portraits/men/80.jpg', 'medium': 'https://randomuser.me/api/portraits/med/men/80.jpg', 'thumbnail': 'https://randomuser.me/api/portraits/thumb/men/80.jpg'}</msg>
<arg>${json_data['results'][0]['picture']}</arg>
<doc>Logs the given message with the given level.</doc>
<status status="PASS" start="2024-04-11T03:14:32.322570" elapsed="0.000365"/>
</kw>
<status status="PASS" start="2024-04-11T03:14:32.207822" elapsed="0.115364"/>
</kw>
<kw name="Teste de Tipos de Dados - Postcode" owner="random-user-service">
<kw name="GET On Session" owner="RequestsLibrary">
<msg time="2024-04-11T03:14:32.415105" level="INFO">GET Request : url=https://randomuser.me/api 
 path_url=/api 
 headers={'User-Agent': 'python-requests/2.31.0', 'Accept-Encoding': 'gzip, deflate', 'Accept': '*/*', 'Connection': 'keep-alive'} 
 body=None 
 </msg>
<msg time="2024-04-11T03:14:32.415181" level="INFO">GET Response : url=https://randomuser.me/api 
 status=200, reason=OK 
 headers={'Date': 'Thu, 11 Apr 2024 03:14:32 GMT', 'Content-Type': 'application/json; charset=utf-8', 'Transfer-Encoding': 'chunked', 'Connection': 'keep-alive', 'X-Powered-By': 'Express', 'Access-Control-Allow-Origin': '*', 'Cache-Control': 'no-cache', 'ETag': 'W/"496-XV4+Z53GAO+JamMuj1tiFZjLOjs"', 'Vary': 'Accept-Encoding', 'Content-Encoding': 'gzip', 'CF-Cache-Status': 'DYNAMIC', 'Report-To': '{"endpoints":[{"url":"https:\\/\\/a.nel.cloudflare.com\\/report\\/v4?s=tPW6xuk4L5F5IFQHebxuA5%2Bow8O94imknQB6zjOewPkF0tNEtol%2FFZjCCIeD7Icoar3I8YdtqVM3C2Vz3nc3tlURKpL1iNHPJz652eX%2FbNUlu1I3UscJmSr1yuvnZaHL"}],"group":"cf-nel","max_age":604800}', 'NEL': '{"success_fraction":0,"report_to":"cf-nel","max_age":604800}', 'Server': 'cloudflare', 'CF-RAY': '8727ce980af49435-SJC', 'alt-svc': 'h3=":443"; ma=86400'} 
 body={"results":[{"gender":"male","name":{"title":"Monsieur","first":"Timo","last":"Pierre"},"location":{"street":{"number":7616,"name":"Rue de la Fontaine"},"city":"La Chaux-du-Milieu","state":"Ticino","country":"Switzerland","postcode":7384,"coordinates":{"latitude":"-61.8306","longitude":"-137.8375"},"timezone":{"offset":"-11:00","description":"Midway Island, Samoa"}},"email":"timo.pierre@example.com","login":{"uuid":"ed1ca7c6-3cdd-4600-97af-d16dbcc95475","username":"redwolf842","password":"impact","salt":"mW22xbdh","md5":"652ac5e3a323c76de97906508a048dc7","sha1":"c62c2630f0953578a3547b103d71b20f157cd413","sha256":"605e7915fe3bf9d5969274f55012b8cf19000cd856fe013ee4aeb4f02dc9dc41"},"dob":{"date":"1950-07-14T02:46:58.914Z","age":73},"registered":{"date":"2010-04-14T04:54:47.169Z","age":13},"phone":"078 763 24 30","cell":"075 509 60 30","id":{"name":"AVS","value":"756.7201.0040.14"},"picture":{"large":"https://randomuser.me/api/portraits/men/85.jpg","medium":"https://randomuser.me/api/portraits/med/men/85.jpg","thumbnail":"https://randomuser.me/api/portraits/thumb/men/85.jpg"},"nat":"CH"}],"info":{"seed":"42116196cfcbcbfe","results":1,"page":1,"version":"1.4"}} 
 </msg>
<msg time="2024-04-11T03:14:32.415260" level="INFO">/opt/hostedtoolcache/Python/3.12.2/x64/lib/python3.12/site-packages/urllib3/connectionpool.py:1103: InsecureRequestWarning: Unverified HTTPS request is being made to host 'randomuser.me'. Adding certificate verification is strongly advised. See: https://urllib3.readthedocs.io/en/latest/advanced-usage.html#tls-warnings
  warnings.warn(</msg>
<msg time="2024-04-11T03:14:32.415390" level="INFO">${response} = &lt;Response [200]&gt;</msg>
<var>${response}</var>
<arg>consultarAPI</arg>
<arg>/api</arg>
<doc>Sends a GET request on a previously created HTTP Session.</doc>
<status status="PASS" start="2024-04-11T03:14:32.323648" elapsed="0.091792"/>
</kw>
<kw name="Set Variable" owner="BuiltIn">
<msg time="2024-04-11T03:14:32.416291" level="INFO">${json_data} = {'results': [{'gender': 'male', 'name': {'title': 'Monsieur', 'first': 'Timo', 'last': 'Pierre'}, 'location': {'street': {'number': 7616, 'name': 'Rue de la Fontaine'}, 'city': 'La Chaux-du-Milieu', '...</msg>
<var>${json_data}</var>
<arg>${response.json()}</arg>
<doc>Returns the given values which can then be assigned to a variables.</doc>
<status status="PASS" start="2024-04-11T03:14:32.415847" elapsed="0.000471"/>
</kw>
<kw name="Log" owner="BuiltIn">
<msg time="2024-04-11T03:14:32.416772" level="INFO">{'results': [{'gender': 'male', 'name': {'title': 'Monsieur', 'first': 'Timo', 'last': 'Pierre'}, 'location': {'street': {'number': 7616, 'name': 'Rue de la Fontaine'}, 'city': 'La Chaux-du-Milieu', 'state': 'Ticino', 'country': 'Switzerland', 'postcode': 7384, 'coordinates': {'latitude': '-61.8306', 'longitude': '-137.8375'}, 'timezone': {'offset': '-11:00', 'description': 'Midway Island, Samoa'}}, 'email': 'timo.pierre@example.com', 'login': {'uuid': 'ed1ca7c6-3cdd-4600-97af-d16dbcc95475', 'username': 'redwolf842', 'password': 'impact', 'salt': 'mW22xbdh', 'md5': '652ac5e3a323c76de97906508a048dc7', 'sha1': 'c62c2630f0953578a3547b103d71b20f157cd413', 'sha256': '605e7915fe3bf9d5969274f55012b8cf19000cd856fe013ee4aeb4f02dc9dc41'}, 'dob': {'date': '1950-07-14T02:46:58.914Z', 'age': 73}, 'registered': {'date': '2010-04-14T04:54:47.169Z', 'age': 13}, 'phone': '078 763 24 30', 'cell': '075 509 60 30', 'id': {'name': 'AVS', 'value': '756.7201.0040.14'}, 'picture': {'large': 'https://randomuser.me/api/portraits/men/85.jpg', 'medium': 'https://randomuser.me/api/portraits/med/men/85.jpg', 'thumbnail': 'https://randomuser.me/api/portraits/thumb/men/85.jpg'}, 'nat': 'CH'}], 'info': {'seed': '42116196cfcbcbfe', 'results': 1, 'page': 1, 'version': '1.4'}}</msg>
<arg>${json_data}</arg>
<doc>Logs the given message with the given level.</doc>
<status status="PASS" start="2024-04-11T03:14:32.416620" elapsed="0.000230"/>
</kw>
<kw name="Should Be Equal As Numbers" owner="BuiltIn">
<arg>${json_data['results'][0]['location']['postcode']}</arg>
<arg>${json_data['results'][0]['location']['postcode']}</arg>
<doc>Fails if objects are unequal after converting them to real numbers.</doc>
<status status="PASS" start="2024-04-11T03:14:32.417148" elapsed="0.000611"/>
</kw>
<kw name="Log" owner="BuiltIn">
<msg time="2024-04-11T03:14:32.418278" level="INFO">7384</msg>
<arg>${json_data['results'][0]['location']['postcode']}</arg>
<doc>Logs the given message with the given level.</doc>
<status status="PASS" start="2024-04-11T03:14:32.417949" elapsed="0.000368"/>
</kw>
<status status="PASS" start="2024-04-11T03:14:32.323399" elapsed="0.095169"/>
</kw>
<doc>Testa se os tipos de dados na resposta da API estão corretos.</doc>
<tag>testeTiposDados</tag>
<status status="PASS" start="2024-04-11T03:14:32.207346" elapsed="0.211384"/>
</test>
<test id="s1-s1-t5" name="Validar conteudo" line="35">
<kw name="Teste de Tipos de Conteudo" owner="random-user-service">
<kw name="GET On Session" owner="RequestsLibrary">
<msg time="2024-04-11T03:14:32.515463" level="INFO">GET Request : url=https://randomuser.me/api 
 path_url=/api 
 headers={'User-Agent': 'python-requests/2.31.0', 'Accept-Encoding': 'gzip, deflate', 'Accept': '*/*', 'Connection': 'keep-alive'} 
 body=None 
 </msg>
<msg time="2024-04-11T03:14:32.515543" level="INFO">GET Response : url=https://randomuser.me/api 
 status=200, reason=OK 
 headers={'Date': 'Thu, 11 Apr 2024 03:14:32 GMT', 'Content-Type': 'application/json; charset=utf-8', 'Transfer-Encoding': 'chunked', 'Connection': 'keep-alive', 'X-Powered-By': 'Express', 'Access-Control-Allow-Origin': '*', 'Cache-Control': 'no-cache', 'ETag': 'W/"468-bpPR93gKqjKHpxS6KvGPWSqkHlw"', 'Vary': 'Accept-Encoding', 'Content-Encoding': 'gzip', 'CF-Cache-Status': 'DYNAMIC', 'Report-To': '{"endpoints":[{"url":"https:\\/\\/a.nel.cloudflare.com\\/report\\/v4?s=eyx3Jqt%2B0GSxASY%2FJddXzjP9nrVCsVM7xX9YBn2pWzgCRd7wA9zhInhheYgm95Qz6yDoLCeVOWZa3fU4hiyT3Bk9dFibDY886YZpY%2FE0BJldqN2ujoRdmNaVO8z1yVOF"}],"group":"cf-nel","max_age":604800}', 'NEL': '{"success_fraction":0,"report_to":"cf-nel","max_age":604800}', 'Server': 'cloudflare', 'CF-RAY': '8727ce98ab429435-SJC', 'alt-svc': 'h3=":443"; ma=86400'} 
 body={"results":[{"gender":"male","name":{"title":"Mr","first":"Nicolas","last":"Chu"},"location":{"street":{"number":4396,"name":"Elgin St"},"city":"Windsor","state":"Yukon","country":"Canada","postcode":"O6B 6Z2","coordinates":{"latitude":"-66.6286","longitude":"-27.1754"},"timezone":{"offset":"-3:30","description":"Newfoundland"}},"email":"nicolas.chu@example.com","login":{"uuid":"b3477ff0-065b-4f7c-ba25-26a1f542cf7a","username":"blackfrog222","password":"ou8123","salt":"dAwR0CWT","md5":"77cb8d097c161965117fb969ea546438","sha1":"f38cdf232026ae9554bbc68bf513a7e11339b273","sha256":"2bf0c2e0aa67a1f9067e5935aacaf6251bf18610e9ef82bd8f2409ae7a4de68f"},"dob":{"date":"1969-06-09T03:38:20.231Z","age":54},"registered":{"date":"2015-02-02T17:43:57.939Z","age":9},"phone":"Z32 E89-4667","cell":"N41 F68-7340","id":{"name":"SIN","value":"312955669"},"picture":{"large":"https://randomuser.me/api/portraits/men/10.jpg","medium":"https://randomuser.me/api/portraits/med/men/10.jpg","thumbnail":"https://randomuser.me/api/portraits/thumb/men/10.jpg"},"nat":"CA"}],"info":{"seed":"93dc459526889f47","results":1,"page":1,"version":"1.4"}} 
 </msg>
<msg time="2024-04-11T03:14:32.515649" level="INFO">/opt/hostedtoolcache/Python/3.12.2/x64/lib/python3.12/site-packages/urllib3/connectionpool.py:1103: InsecureRequestWarning: Unverified HTTPS request is being made to host 'randomuser.me'. Adding certificate verification is strongly advised. See: https://urllib3.readthedocs.io/en/latest/advanced-usage.html#tls-warnings
  warnings.warn(</msg>
<msg time="2024-04-11T03:14:32.515785" level="INFO">${response} = &lt;Response [200]&gt;</msg>
<var>${response}</var>
<arg>consultarAPI</arg>
<arg>/api</arg>
<doc>Sends a GET request on a previously created HTTP Session.</doc>
<status status="PASS" start="2024-04-11T03:14:32.421167" elapsed="0.094670"/>
</kw>
<kw name="Set Variable" owner="BuiltIn">
<msg time="2024-04-11T03:14:32.516663" level="INFO">${json_data} = {'results': [{'gender': 'male', 'name': {'title': 'Mr', 'first': 'Nicolas', 'last': 'Chu'}, 'location': {'street': {'number': 4396, 'name': 'Elgin St'}, 'city': 'Windsor', 'state': 'Yukon', 'country':...</msg>
<var>${json_data}</var>
<arg>${response.json()}</arg>
<doc>Returns the given values which can then be assigned to a variables.</doc>
<status status="PASS" start="2024-04-11T03:14:32.516196" elapsed="0.000495"/>
</kw>
<kw name="Set Variable" owner="BuiltIn">
<msg time="2024-04-11T03:14:32.517372" level="INFO">${name_title} = Mr</msg>
<var>${name_title}</var>
<arg>${json_data["results"][0]["name"]["title"]}</arg>
<doc>Returns the given values which can then be assigned to a variables.</doc>
<status status="PASS" start="2024-04-11T03:14:32.516994" elapsed="0.000403"/>
</kw>
<kw name="Create List" owner="BuiltIn">
<msg time="2024-04-11T03:14:32.517845" level="INFO">${allowed_titles} = ['Mr', 'Ms', 'Miss', 'Mrs', 'Madame', 'Monsieur']</msg>
<var>${allowed_titles}</var>
<arg>Mr</arg>
<arg>Ms</arg>
<arg>Miss</arg>
<arg>Mrs</arg>
<arg>Madame</arg>
<arg>Monsieur</arg>
<doc>Returns a list containing given items.</doc>
<status status="PASS" start="2024-04-11T03:14:32.517695" elapsed="0.000173"/>
</kw>
<kw name="List Should Contain Value" owner="Collections">
<msg time="2024-04-11T03:14:32.518341" level="INFO">False</msg>
<arg>${allowed_titles}</arg>
<arg>${name_title}</arg>
<doc>Fails if the ``value`` is not found from ``list``.</doc>
<status status="PASS" start="2024-04-11T03:14:32.518170" elapsed="0.000207"/>
</kw>
<kw name="Set Variable" owner="BuiltIn">
<msg time="2024-04-11T03:14:32.519036" level="INFO">${name_country} = CA</msg>
<var>${name_country}</var>
<arg>${json_data["results"][0]["nat"]}</arg>
<doc>Returns the given values which can then be assigned to a variables.</doc>
<status status="PASS" start="2024-04-11T03:14:32.518662" elapsed="0.000399"/>
</kw>
<kw name="Create List" owner="BuiltIn">
<msg time="2024-04-11T03:14:32.520014" level="INFO">${list_country} = ['AD', 'AE', 'AF', 'AG', 'AI', 'AL', 'AM', 'AO', 'AQ', 'AR', 'AS', 'AT', 'AU', 'AW', 'AX', 'AZ', 'BA', 'BB', 'BD', 'BE', 'BF', 'BG', 'BH', 'BI', 'BJ', 'BL', 'BM', 'BN', 'BO', 'BQ', 'BR', 'BS', 'BT', '...</msg>
<var>${list_country}</var>
<arg>AD</arg>
<arg>AE</arg>
<arg>AF</arg>
<arg>AG</arg>
<arg>AI</arg>
<arg>AL</arg>
<arg>AM</arg>
<arg>AO</arg>
<arg>AQ</arg>
<arg>AR</arg>
<arg>AS</arg>
<arg>AT</arg>
<arg>AU</arg>
<arg>AW</arg>
<arg>AX</arg>
<arg>AZ</arg>
<arg>BA</arg>
<arg>BB</arg>
<arg>BD</arg>
<arg>BE</arg>
<arg>BF</arg>
<arg>BG</arg>
<arg>BH</arg>
<arg>BI</arg>
<arg>BJ</arg>
<arg>BL</arg>
<arg>BM</arg>
<arg>BN</arg>
<arg>BO</arg>
<arg>BQ</arg>
<arg>BR</arg>
<arg>BS</arg>
<arg>BT</arg>
<arg>BV</arg>
<arg>BW</arg>
<arg>BY</arg>
<arg>BZ</arg>
<arg>CA</arg>
<arg>CC</arg>
<arg>CD</arg>
<arg>CF</arg>
<arg>CG</arg>
<arg>CH</arg>
<arg>CI</arg>
<arg>CK</arg>
<arg>CL</arg>
<arg>CM</arg>
<arg>CN</arg>
<arg>CO</arg>
<arg>CR</arg>
<arg>CU</arg>
<arg>CV</arg>
<arg>CW</arg>
<arg>CX</arg>
<arg>CY</arg>
<arg>CZ</arg>
<arg>DE</arg>
<arg>DJ</arg>
<arg>DK</arg>
<arg>DM</arg>
<arg>DO</arg>
<arg>DZ</arg>
<arg>EC</arg>
<arg>EE</arg>
<arg>EG</arg>
<arg>EH</arg>
<arg>ER</arg>
<arg>ES</arg>
<arg>ET</arg>
<arg>FI</arg>
<arg>FJ</arg>
<arg>FK</arg>
<arg>FM</arg>
<arg>FO</arg>
<arg>FR</arg>
<arg>GA</arg>
<arg>GB</arg>
<arg>GD</arg>
<arg>GE</arg>
<arg>GF</arg>
<arg>GG</arg>
<arg>GH</arg>
<arg>GI</arg>
<arg>GL</arg>
<arg>GM</arg>
<arg>GN</arg>
<arg>GP</arg>
<arg>GQ</arg>
<arg>GR</arg>
<arg>GS</arg>
<arg>GT</arg>
<arg>GU</arg>
<arg>GW</arg>
<arg>GY</arg>
<arg>HK</arg>
<arg>HM</arg>
<arg>HN</arg>
<arg>HR</arg>
<arg>HT</arg>
<arg>HU</arg>
<arg>ID</arg>
<arg>IE</arg>
<arg>IL</arg>
<arg>IM</arg>
<arg>IN</arg>
<arg>IO</arg>
<arg>IQ</arg>
<arg>IR</arg>
<arg>IS</arg>
<arg>IT</arg>
<arg>JE</arg>
<arg>JM</arg>
<arg>JO</arg>
<arg>JP</arg>
<arg>KE</arg>
<arg>KG</arg>
<arg>KH</arg>
<arg>KI</arg>
<arg>KM</arg>
<arg>KN</arg>
<arg>KP</arg>
<arg>KR</arg>
<arg>KW</arg>
<arg>KY</arg>
<arg>KZ</arg>
<arg>LA</arg>
<arg>LB</arg>
<arg>LC</arg>
<arg>LI</arg>
<arg>LK</arg>
<arg>LR</arg>
<arg>LS</arg>
<arg>LT</arg>
<arg>LU</arg>
<arg>LV</arg>
<arg>LY</arg>
<arg>MA</arg>
<arg>MC</arg>
<arg>MD</arg>
<arg>ME</arg>
<arg>MF</arg>
<arg>MG</arg>
<arg>MH</arg>
<arg>MK</arg>
<arg>ML</arg>
<arg>MM</arg>
<arg>MN</arg>
<arg>MO</arg>
<arg>MP</arg>
<arg>MQ</arg>
<arg>MR</arg>
<arg>MS</arg>
<arg>MT</arg>
<arg>MU</arg>
<arg>MV</arg>
<arg>MW</arg>
<arg>MX</arg>
<arg>MY</arg>
<arg>MZ</arg>
<arg>NA</arg>
<arg>NC</arg>
<arg>NE</arg>
<arg>NF</arg>
<arg>NG</arg>
<arg>NI</arg>
<arg>NL</arg>
<arg>NO</arg>
<arg>NP</arg>
<arg>NR</arg>
<arg>NU</arg>
<arg>NZ</arg>
<arg>OM</arg>
<arg>PA</arg>
<arg>PE</arg>
<arg>PF</arg>
<arg>PG</arg>
<arg>PH</arg>
<arg>PK</arg>
<arg>PL</arg>
<arg>PM</arg>
<arg>PN</arg>
<arg>PR</arg>
<arg>PS</arg>
<arg>PT</arg>
<arg>PW</arg>
<arg>PY</arg>
<arg>QA</arg>
<arg>RE</arg>
<arg>RO</arg>
<arg>RS</arg>
<arg>RU</arg>
<arg>RW</arg>
<arg>SA</arg>
<arg>SB</arg>
<arg>SC</arg>
<arg>SD</arg>
<arg>SE</arg>
<arg>SG</arg>
<arg>SH</arg>
<arg>SI</arg>
<arg>SJ</arg>
<arg>SK</arg>
<arg>SL</arg>
<arg>SM</arg>
<arg>SN</arg>
<arg>SO</arg>
<arg>SR</arg>
<arg>SS</arg>
<arg>ST</arg>
<arg>SV</arg>
<arg>SX</arg>
<arg>SY</arg>
<arg>SZ</arg>
<arg>TC</arg>
<arg>TD</arg>
<arg>TF</arg>
<arg>TG</arg>
<arg>TH</arg>
<arg>TJ</arg>
<arg>TK</arg>
<arg>TL</arg>
<arg>TM</arg>
<arg>TN</arg>
<arg>TO</arg>
<arg>TR</arg>
<arg>TT</arg>
<arg>TV</arg>
<arg>TW</arg>
<arg>TZ</arg>
<arg>UA</arg>
<arg>UG</arg>
<arg>UM</arg>
<arg>US</arg>
<arg>UY</arg>
<arg>UZ</arg>
<arg>VA</arg>
<arg>VC</arg>
<arg>VE</arg>
<arg>VG</arg>
<arg>VI</arg>
<arg>VN</arg>
<arg>VU</arg>
<arg>WF</arg>
<arg>WS</arg>
<arg>XK</arg>
<arg>YE</arg>
<arg>YT</arg>
<arg>ZA</arg>
<arg>ZM</arg>
<arg>ZW</arg>
<doc>Returns a list containing given items.</doc>
<status status="PASS" start="2024-04-11T03:14:32.519361" elapsed="0.000680"/>
</kw>
<kw name="List Should Contain Value" owner="Collections">
<msg time="2024-04-11T03:14:32.521039" level="INFO">False</msg>
<arg>${list_country}</arg>
<arg>${name_country}</arg>
<doc>Fails if the ``value`` is not found from ``list``.</doc>
<status status="PASS" start="2024-04-11T03:14:32.520838" elapsed="0.000237"/>
</kw>
<kw name="Run Keyword If" owner="BuiltIn">
<kw name="Should Be True" owner="BuiltIn">
<arg>${True}</arg>
<doc>Fails if the given condition is not true.</doc>
<status status="PASS" start="2024-04-11T03:14:32.522232" elapsed="0.000145"/>
</kw>
<arg>${json_data["results"][0]["location"]["coordinates"]["latitude"]} &gt;= -90 and ${json_data["results"][0]["location"]["coordinates"]["latitude"]} &lt;= 90</arg>
<arg>Should Be True</arg>
<arg>${True}</arg>
<doc>Runs the given keyword with the given arguments, if ``condition`` is true.</doc>
<status status="PASS" start="2024-04-11T03:14:32.521382" elapsed="0.001125"/>
</kw>
<kw name="Run Keyword If" owner="BuiltIn">
<kw name="Should Be True" owner="BuiltIn">
<arg>${True}</arg>
<doc>Fails if the given condition is not true.</doc>
<status status="PASS" start="2024-04-11T03:14:32.523385" elapsed="0.000137"/>
</kw>
<arg>${json_data["results"][0]["location"]["coordinates"]["longitude"]} &gt;= -180 and ${json_data["results"][0]["location"]["coordinates"]["longitude"]} &lt;= 180</arg>
<arg>Should Be True</arg>
<arg>${True}</arg>
<doc>Runs the given keyword with the given arguments, if ``condition`` is true.</doc>
<status status="PASS" start="2024-04-11T03:14:32.522693" elapsed="0.000993"/>
</kw>
<status status="PASS" start="2024-04-11T03:14:32.420948" elapsed="0.102882"/>
</kw>
<doc>Testa o conteúdo específico dos campos retornados pela API.</doc>
<tag>testeConteudo</tag>
<status status="PASS" start="2024-04-11T03:14:32.420508" elapsed="0.103468"/>
</test>
<status status="PASS" start="2024-04-11T03:14:31.640113" elapsed="0.885728"/>
</suite>
<status status="PASS" start="2024-04-11T03:14:31.626414" elapsed="0.904742"/>
</suite>
<statistics>
<total>
<stat pass="5" fail="0" skip="0">All Tests</stat>
</total>
<tag>
<stat pass="1" fail="0" skip="0">testeConteudo</stat>
<stat pass="1" fail="0" skip="0">testeEstruturaResposta</stat>
<stat pass="1" fail="0" skip="0">testeRequisicaoBasica</stat>
<stat pass="1" fail="0" skip="0">testeTiposDados</stat>
</tag>
<suite>
<stat pass="5" fail="0" skip="0" id="s1" name="Tests">Tests</stat>
<stat pass="5" fail="0" skip="0" id="s1-s1" name="Random-User-Test">Tests.Random-User-Test</stat>
</suite>
</statistics>
<errors>
</errors>
</robot>
