<?xml version="1.0" encoding="UTF-8"?>
<robot generator="Robot 7.0 (Python 3.12.3 on linux)" generated="2024-05-03T10:15:08.275062" rpa="false" schemaversion="5">
<suite id="s1" name="Tests" source="/home/runner/work/DesafioQAItauRogerioJordao/DesafioQAItauRogerioJordao/RamdonUser/tests">
<suite id="s1-s1" name="Random-User-Test" source="/home/runner/work/DesafioQAItauRogerioJordao/DesafioQAItauRogerioJordao/RamdonUser/tests/random-user-test.robot">
<test id="s1-s1-t1" name="Conectar" line="13">
<kw name="Conectar API" owner="random-user-service">
<kw name="Create Session" owner="RequestsLibrary">
<msg time="2024-05-03T10:15:08.644628" level="INFO">Creating Session using : alias=consultarAPI, url=https://randomuser.me/, headers={},                     cookies={}, auth=None, timeout=None, proxies=None, verify=False,                     debug=0 </msg>
<arg>consultarAPI</arg>
<arg>${URL}</arg>
<doc>Create Session: create a HTTP session to a server</doc>
<status status="PASS" start="2024-05-03T10:15:08.644429" elapsed="0.000369"/>
</kw>
<status status="PASS" start="2024-05-03T10:15:08.643485" elapsed="0.001666"/>
</kw>
<status status="PASS" start="2024-05-03T10:15:08.642942" elapsed="0.002403"/>
</test>
<test id="s1-s1-t2" name="Validar retorno 200 e JSON Válido" line="16">
<kw name="Teste de Requisicao Basica" owner="random-user-service">
<kw name="GET On Session" owner="RequestsLibrary">
<msg time="2024-05-03T10:15:08.853301" level="INFO">GET Request : url=https://randomuser.me/api 
 path_url=/api 
 headers={'User-Agent': 'python-requests/2.31.0', 'Accept-Encoding': 'gzip, deflate', 'Accept': '*/*', 'Connection': 'keep-alive'} 
 body=None 
 </msg>
<msg time="2024-05-03T10:15:08.853459" level="INFO">GET Response : url=https://randomuser.me/api 
 status=200, reason=OK 
 headers={'Date': 'Fri, 03 May 2024 10:15:08 GMT', 'Content-Type': 'application/json; charset=utf-8', 'Transfer-Encoding': 'chunked', 'Connection': 'keep-alive', 'X-Powered-By': 'Express', 'Access-Control-Allow-Origin': '*', 'Cache-Control': 'no-cache', 'ETag': 'W/"491-sVWdyWbEpghX2VemLGAOfjewkmU"', 'Vary': 'Accept-Encoding', 'Content-Encoding': 'gzip', 'CF-Cache-Status': 'DYNAMIC', 'Report-To': '{"endpoints":[{"url":"https:\\/\\/a.nel.cloudflare.com\\/report\\/v4?s=wl4PyTOOslvNhqvJ933cnTT6JfUxGUrwOzFo%2FJ6EFvN4eAIZ7FuUXhwsA8LkOYU41j4ipdtFMR0wGJNCF%2BxBhz0nKCloCa1cl6B6zpwAtvyL%2F977qOmEmXAErrm5kna7"}],"group":"cf-nel","max_age":604800}', 'NEL': '{"success_fraction":0,"report_to":"cf-nel","max_age":604800}', 'Server': 'cloudflare', 'CF-RAY': '87df7cf7eb5f20b1-IAD', 'alt-svc': 'h3=":443"; ma=86400'} 
 body={"results":[{"gender":"female","name":{"title":"Madame","first":"Gertrude","last":"Picard"},"location":{"street":{"number":2590,"name":"Rue Denfert-Rochereau"},"city":"Zeneggen","state":"Solothurn","country":"Switzerland","postcode":9059,"coordinates":{"latitude":"-60.2276","longitude":"92.1122"},"timezone":{"offset":"+4:30","description":"Kabul"}},"email":"gertrude.picard@example.com","login":{"uuid":"5d4a4afa-c8d3-4467-9df6-d35689e78136","username":"happyswan298","password":"venture","salt":"F2lqyEJY","md5":"c68220f5408525bbb56f5e31d85e7c7d","sha1":"033f8c1f0e8c767a6c09195d4bb9044b52e0f128","sha256":"7f8cfe38c428556dcad2c8e91be30edd1bb8f74a8dfc2dddf25f56edb6b76b3c"},"dob":{"date":"1963-07-10T15:54:54.437Z","age":60},"registered":{"date":"2010-04-10T10:45:11.233Z","age":14},"phone":"077 502 42 28","cell":"078 243 36 62","id":{"name":"AVS","value":"756.3838.6328.51"},"picture":{"large":"https://randomuser.me/api/portraits/women/54.jpg","medium":"https://randomuser.me/api/portraits/med/women/54.jpg","thumbnail":"https://randomuser.me/api/portraits/thumb/women/54.jpg"},"nat":"CH"}],"info":{"seed":"e8b28f1a166d55a6","results":1,"page":1,"version":"1.4"}} 
 </msg>
<msg time="2024-05-03T10:15:08.853552" level="INFO">/opt/hostedtoolcache/Python/3.12.3/x64/lib/python3.12/site-packages/urllib3/connectionpool.py:1103: InsecureRequestWarning: Unverified HTTPS request is being made to host 'randomuser.me'. Adding certificate verification is strongly advised. See: https://urllib3.readthedocs.io/en/latest/advanced-usage.html#tls-warnings
  warnings.warn(</msg>
<msg time="2024-05-03T10:15:08.853711" level="INFO">${response} = &lt;Response [200]&gt;</msg>
<var>${response}</var>
<arg>consultarAPI</arg>
<arg>/api</arg>
<doc>Sends a GET request on a previously created HTTP Session.</doc>
<status status="PASS" start="2024-05-03T10:15:08.647961" elapsed="0.205794"/>
</kw>
<kw name="Should Be Equal As Numbers" owner="BuiltIn">
<msg time="2024-05-03T10:15:08.855013" level="INFO">Argument types are:
&lt;class 'int'&gt;
&lt;class 'str'&gt;</msg>
<arg>${response.status_code}</arg>
<arg>200</arg>
<doc>Fails if objects are unequal after converting them to real numbers.</doc>
<status status="PASS" start="2024-05-03T10:15:08.854494" elapsed="0.000591"/>
</kw>
<kw name="Log" owner="BuiltIn">
<msg time="2024-05-03T10:15:08.855938" level="INFO">200</msg>
<arg>${response.status_code}</arg>
<doc>Logs the given message with the given level.</doc>
<status status="PASS" start="2024-05-03T10:15:08.855476" elapsed="0.000507"/>
</kw>
<kw name="Set Variable" owner="BuiltIn">
<msg time="2024-05-03T10:15:08.856780" level="INFO">${json_data} = {'results': [{'gender': 'female', 'name': {'title': 'Madame', 'first': 'Gertrude', 'last': 'Picard'}, 'location': {'street': {'number': 2590, 'name': 'Rue Denfert-Rochereau'}, 'city': 'Zeneggen', 'sta...</msg>
<var>${json_data}</var>
<arg>${response.json()}</arg>
<doc>Returns the given values which can then be assigned to a variables.</doc>
<status status="PASS" start="2024-05-03T10:15:08.856312" elapsed="0.000496"/>
</kw>
<kw name="Dictionary Should Contain Key" owner="Collections">
<msg time="2024-05-03T10:15:08.857291" level="INFO">False</msg>
<arg>${json_data}</arg>
<arg>results</arg>
<doc>Fails if ``key`` is not found from ``dictionary``.</doc>
<status status="PASS" start="2024-05-03T10:15:08.857118" elapsed="0.000213"/>
</kw>
<status status="PASS" start="2024-05-03T10:15:08.647715" elapsed="0.209877"/>
</kw>
<doc>Testa se a API responde corretamente e retorna um objeto JSON válido.</doc>
<tag>testeRequisicaoBasica</tag>
<status status="PASS" start="2024-05-03T10:15:08.647249" elapsed="0.210554"/>
</test>
<test id="s1-s1-t3" name="Validar estrutura de resposta" line="22">
<kw name="Teste de Estrutura de Resposta" owner="random-user-service">
<kw name="GET On Session" owner="RequestsLibrary">
<msg time="2024-05-03T10:15:08.927900" level="INFO">GET Request : url=https://randomuser.me/api 
 path_url=/api 
 headers={'User-Agent': 'python-requests/2.31.0', 'Accept-Encoding': 'gzip, deflate', 'Accept': '*/*', 'Connection': 'keep-alive'} 
 body=None 
 </msg>
<msg time="2024-05-03T10:15:08.927970" level="INFO">GET Response : url=https://randomuser.me/api 
 status=200, reason=OK 
 headers={'Date': 'Fri, 03 May 2024 10:15:08 GMT', 'Content-Type': 'application/json; charset=utf-8', 'Transfer-Encoding': 'chunked', 'Connection': 'keep-alive', 'X-Powered-By': 'Express', 'Access-Control-Allow-Origin': '*', 'Cache-Control': 'no-cache', 'ETag': 'W/"4a1-zOAv3+B9YVh4wNSj3bJ8iNRUDTc"', 'Vary': 'Accept-Encoding', 'Content-Encoding': 'gzip', 'CF-Cache-Status': 'DYNAMIC', 'Report-To': '{"endpoints":[{"url":"https:\\/\\/a.nel.cloudflare.com\\/report\\/v4?s=Zy7mpyCMjEX0ubHKBBij%2BkxNSmSkaQ2RRGiSqvVlJOBlROey3wo6dbxvUnS105Keh9L2KhztbLB38TtZgvOYdigX%2BOnEFLQq9m%2BEICjlBqqDFmnsrtlqXOfa9%2Bk9gBt0"}],"group":"cf-nel","max_age":604800}', 'NEL': '{"success_fraction":0,"report_to":"cf-nel","max_age":604800}', 'Server': 'cloudflare', 'CF-RAY': '87df7cf86bc620b1-IAD', 'alt-svc': 'h3=":443"; ma=86400'} 
 body={"results":[{"gender":"female","name":{"title":"Miss","first":"Vanessa","last":"Williamson"},"location":{"street":{"number":1584,"name":"Church Street"},"city":"Ardee","state":"Mayo","country":"Ireland","postcode":54176,"coordinates":{"latitude":"4.1683","longitude":"174.0280"},"timezone":{"offset":"0:00","description":"Western Europe Time, London, Lisbon, Casablanca"}},"email":"vanessa.williamson@example.com","login":{"uuid":"ff27210a-7862-4496-a3d8-fb987afadf74","username":"orangewolf757","password":"striker","salt":"HzjqKyzm","md5":"35f9c03957078b853fffafa942b30a4b","sha1":"122de6920f054aa8435427f17308c01421950654","sha256":"26f8c84ca7e8ad556b4454032af4dbd13740343569f66b64ae15ea3eee39fb89"},"dob":{"date":"1977-03-02T05:17:56.601Z","age":47},"registered":{"date":"2013-01-27T16:01:43.396Z","age":11},"phone":"051-968-9426","cell":"081-338-6048","id":{"name":"PPS","value":"7213843T"},"picture":{"large":"https://randomuser.me/api/portraits/women/47.jpg","medium":"https://randomuser.me/api/portraits/med/women/47.jpg","thumbnail":"https://randomuser.me/api/portraits/thumb/women/47.jpg"},"nat":"IE"}],"info":{"seed":"05c3c54dd7abe33f","results":1,"page":1,"version":"1.4"}} 
 </msg>
<msg time="2024-05-03T10:15:08.928073" level="INFO">/opt/hostedtoolcache/Python/3.12.3/x64/lib/python3.12/site-packages/urllib3/connectionpool.py:1103: InsecureRequestWarning: Unverified HTTPS request is being made to host 'randomuser.me'. Adding certificate verification is strongly advised. See: https://urllib3.readthedocs.io/en/latest/advanced-usage.html#tls-warnings
  warnings.warn(</msg>
<msg time="2024-05-03T10:15:08.928172" level="INFO">${response} = &lt;Response [200]&gt;</msg>
<var>${response}</var>
<arg>consultarAPI</arg>
<arg>/api</arg>
<doc>Sends a GET request on a previously created HTTP Session.</doc>
<status status="PASS" start="2024-05-03T10:15:08.860540" elapsed="0.067674"/>
</kw>
<kw name="Set Variable" owner="BuiltIn">
<msg time="2024-05-03T10:15:08.929346" level="INFO">${json_data} = {'results': [{'gender': 'female', 'name': {'title': 'Miss', 'first': 'Vanessa', 'last': 'Williamson'}, 'location': {'street': {'number': 1584, 'name': 'Church Street'}, 'city': 'Ardee', 'state': 'Mayo...</msg>
<var>${json_data}</var>
<arg>${response.json()}</arg>
<doc>Returns the given values which can then be assigned to a variables.</doc>
<status status="PASS" start="2024-05-03T10:15:08.928713" elapsed="0.000662"/>
</kw>
<kw name="Log" owner="BuiltIn">
<msg time="2024-05-03T10:15:08.929882" level="INFO">{'results': [{'gender': 'female', 'name': {'title': 'Miss', 'first': 'Vanessa', 'last': 'Williamson'}, 'location': {'street': {'number': 1584, 'name': 'Church Street'}, 'city': 'Ardee', 'state': 'Mayo', 'country': 'Ireland', 'postcode': 54176, 'coordinates': {'latitude': '4.1683', 'longitude': '174.0280'}, 'timezone': {'offset': '0:00', 'description': 'Western Europe Time, London, Lisbon, Casablanca'}}, 'email': 'vanessa.williamson@example.com', 'login': {'uuid': 'ff27210a-7862-4496-a3d8-fb987afadf74', 'username': 'orangewolf757', 'password': 'striker', 'salt': 'HzjqKyzm', 'md5': '35f9c03957078b853fffafa942b30a4b', 'sha1': '122de6920f054aa8435427f17308c01421950654', 'sha256': '26f8c84ca7e8ad556b4454032af4dbd13740343569f66b64ae15ea3eee39fb89'}, 'dob': {'date': '1977-03-02T05:17:56.601Z', 'age': 47}, 'registered': {'date': '2013-01-27T16:01:43.396Z', 'age': 11}, 'phone': '051-968-9426', 'cell': '081-338-6048', 'id': {'name': 'PPS', 'value': '7213843T'}, 'picture': {'large': 'https://randomuser.me/api/portraits/women/47.jpg', 'medium': 'https://randomuser.me/api/portraits/med/women/47.jpg', 'thumbnail': 'https://randomuser.me/api/portraits/thumb/women/47.jpg'}, 'nat': 'IE'}], 'info': {'seed': '05c3c54dd7abe33f', 'results': 1, 'page': 1, 'version': '1.4'}}</msg>
<arg>${json_data}</arg>
<doc>Logs the given message with the given level.</doc>
<status status="PASS" start="2024-05-03T10:15:08.929684" elapsed="0.000251"/>
</kw>
<kw name="Dictionary Should Contain Key" owner="Collections">
<msg time="2024-05-03T10:15:08.930399" level="INFO">False</msg>
<arg>${json_data}</arg>
<arg>results</arg>
<doc>Fails if ``key`` is not found from ``dictionary``.</doc>
<status status="PASS" start="2024-05-03T10:15:08.930242" elapsed="0.000195"/>
</kw>
<kw name="Should Not Be Empty" owner="BuiltIn">
<msg time="2024-05-03T10:15:08.930857" level="INFO">Length is 2.</msg>
<arg>${json_data}</arg>
<doc>Verifies that the given item is not empty.</doc>
<status status="PASS" start="2024-05-03T10:15:08.930728" elapsed="0.000168"/>
</kw>
<kw name="Create List" owner="BuiltIn">
<msg time="2024-05-03T10:15:08.931488" level="INFO">${expected_keys} = ['gender', 'name', 'location', 'email', 'login']</msg>
<var>${expected_keys}</var>
<arg>gender</arg>
<arg>name</arg>
<arg>location</arg>
<arg>email</arg>
<arg>login</arg>
<doc>Returns a list containing given items.</doc>
<status status="PASS" start="2024-05-03T10:15:08.931193" elapsed="0.000321"/>
</kw>
<for flavor="IN">
<iter>
<kw name="Dictionary Should Contain Key" owner="Collections">
<msg time="2024-05-03T10:15:08.932511" level="INFO">False</msg>
<arg>${json_data['results'][0]}</arg>
<arg>${key}</arg>
<doc>Fails if ``key`` is not found from ``dictionary``.</doc>
<status status="PASS" start="2024-05-03T10:15:08.932104" elapsed="0.000446"/>
</kw>
<kw name="Log" owner="BuiltIn">
<msg time="2024-05-03T10:15:08.933212" level="INFO">{'gender': 'female', 'name': {'title': 'Miss', 'first': 'Vanessa', 'last': 'Williamson'}, 'location': {'street': {'number': 1584, 'name': 'Church Street'}, 'city': 'Ardee', 'state': 'Mayo', 'country': 'Ireland', 'postcode': 54176, 'coordinates': {'latitude': '4.1683', 'longitude': '174.0280'}, 'timezone': {'offset': '0:00', 'description': 'Western Europe Time, London, Lisbon, Casablanca'}}, 'email': 'vanessa.williamson@example.com', 'login': {'uuid': 'ff27210a-7862-4496-a3d8-fb987afadf74', 'username': 'orangewolf757', 'password': 'striker', 'salt': 'HzjqKyzm', 'md5': '35f9c03957078b853fffafa942b30a4b', 'sha1': '122de6920f054aa8435427f17308c01421950654', 'sha256': '26f8c84ca7e8ad556b4454032af4dbd13740343569f66b64ae15ea3eee39fb89'}, 'dob': {'date': '1977-03-02T05:17:56.601Z', 'age': 47}, 'registered': {'date': '2013-01-27T16:01:43.396Z', 'age': 11}, 'phone': '051-968-9426', 'cell': '081-338-6048', 'id': {'name': 'PPS', 'value': '7213843T'}, 'picture': {'large': 'https://randomuser.me/api/portraits/women/47.jpg', 'medium': 'https://randomuser.me/api/portraits/med/women/47.jpg', 'thumbnail': 'https://randomuser.me/api/portraits/thumb/women/47.jpg'}, 'nat': 'IE'}</msg>
<arg>${json_data['results'][0]}</arg>
<doc>Logs the given message with the given level.</doc>
<status status="PASS" start="2024-05-03T10:15:08.932848" elapsed="0.000413"/>
</kw>
<kw name="Log" owner="BuiltIn">
<msg time="2024-05-03T10:15:08.933697" level="INFO">gender</msg>
<arg>${key}</arg>
<doc>Logs the given message with the given level.</doc>
<status status="PASS" start="2024-05-03T10:15:08.933560" elapsed="0.000173"/>
</kw>
<var name="${key}">gender</var>
<status status="PASS" start="2024-05-03T10:15:08.931976" elapsed="0.002007"/>
</iter>
<iter>
<kw name="Dictionary Should Contain Key" owner="Collections">
<msg time="2024-05-03T10:15:08.934684" level="INFO">False</msg>
<arg>${json_data['results'][0]}</arg>
<arg>${key}</arg>
<doc>Fails if ``key`` is not found from ``dictionary``.</doc>
<status status="PASS" start="2024-05-03T10:15:08.934288" elapsed="0.000436"/>
</kw>
<kw name="Log" owner="BuiltIn">
<msg time="2024-05-03T10:15:08.935401" level="INFO">{'gender': 'female', 'name': {'title': 'Miss', 'first': 'Vanessa', 'last': 'Williamson'}, 'location': {'street': {'number': 1584, 'name': 'Church Street'}, 'city': 'Ardee', 'state': 'Mayo', 'country': 'Ireland', 'postcode': 54176, 'coordinates': {'latitude': '4.1683', 'longitude': '174.0280'}, 'timezone': {'offset': '0:00', 'description': 'Western Europe Time, London, Lisbon, Casablanca'}}, 'email': 'vanessa.williamson@example.com', 'login': {'uuid': 'ff27210a-7862-4496-a3d8-fb987afadf74', 'username': 'orangewolf757', 'password': 'striker', 'salt': 'HzjqKyzm', 'md5': '35f9c03957078b853fffafa942b30a4b', 'sha1': '122de6920f054aa8435427f17308c01421950654', 'sha256': '26f8c84ca7e8ad556b4454032af4dbd13740343569f66b64ae15ea3eee39fb89'}, 'dob': {'date': '1977-03-02T05:17:56.601Z', 'age': 47}, 'registered': {'date': '2013-01-27T16:01:43.396Z', 'age': 11}, 'phone': '051-968-9426', 'cell': '081-338-6048', 'id': {'name': 'PPS', 'value': '7213843T'}, 'picture': {'large': 'https://randomuser.me/api/portraits/women/47.jpg', 'medium': 'https://randomuser.me/api/portraits/med/women/47.jpg', 'thumbnail': 'https://randomuser.me/api/portraits/thumb/women/47.jpg'}, 'nat': 'IE'}</msg>
<arg>${json_data['results'][0]}</arg>
<doc>Logs the given message with the given level.</doc>
<status status="PASS" start="2024-05-03T10:15:08.935042" elapsed="0.000418"/>
</kw>
<kw name="Log" owner="BuiltIn">
<msg time="2024-05-03T10:15:08.935879" level="INFO">name</msg>
<arg>${key}</arg>
<doc>Logs the given message with the given level.</doc>
<status status="PASS" start="2024-05-03T10:15:08.935754" elapsed="0.000162"/>
</kw>
<var name="${key}">name</var>
<status status="PASS" start="2024-05-03T10:15:08.934172" elapsed="0.001955"/>
</iter>
<iter>
<kw name="Dictionary Should Contain Key" owner="Collections">
<msg time="2024-05-03T10:15:08.936803" level="INFO">False</msg>
<arg>${json_data['results'][0]}</arg>
<arg>${key}</arg>
<doc>Fails if ``key`` is not found from ``dictionary``.</doc>
<status status="PASS" start="2024-05-03T10:15:08.936421" elapsed="0.000419"/>
</kw>
<kw name="Log" owner="BuiltIn">
<msg time="2024-05-03T10:15:08.937513" level="INFO">{'gender': 'female', 'name': {'title': 'Miss', 'first': 'Vanessa', 'last': 'Williamson'}, 'location': {'street': {'number': 1584, 'name': 'Church Street'}, 'city': 'Ardee', 'state': 'Mayo', 'country': 'Ireland', 'postcode': 54176, 'coordinates': {'latitude': '4.1683', 'longitude': '174.0280'}, 'timezone': {'offset': '0:00', 'description': 'Western Europe Time, London, Lisbon, Casablanca'}}, 'email': 'vanessa.williamson@example.com', 'login': {'uuid': 'ff27210a-7862-4496-a3d8-fb987afadf74', 'username': 'orangewolf757', 'password': 'striker', 'salt': 'HzjqKyzm', 'md5': '35f9c03957078b853fffafa942b30a4b', 'sha1': '122de6920f054aa8435427f17308c01421950654', 'sha256': '26f8c84ca7e8ad556b4454032af4dbd13740343569f66b64ae15ea3eee39fb89'}, 'dob': {'date': '1977-03-02T05:17:56.601Z', 'age': 47}, 'registered': {'date': '2013-01-27T16:01:43.396Z', 'age': 11}, 'phone': '051-968-9426', 'cell': '081-338-6048', 'id': {'name': 'PPS', 'value': '7213843T'}, 'picture': {'large': 'https://randomuser.me/api/portraits/women/47.jpg', 'medium': 'https://randomuser.me/api/portraits/med/women/47.jpg', 'thumbnail': 'https://randomuser.me/api/portraits/thumb/women/47.jpg'}, 'nat': 'IE'}</msg>
<arg>${json_data['results'][0]}</arg>
<doc>Logs the given message with the given level.</doc>
<status status="PASS" start="2024-05-03T10:15:08.937147" elapsed="0.000415"/>
</kw>
<kw name="Log" owner="BuiltIn">
<msg time="2024-05-03T10:15:08.938022" level="INFO">location</msg>
<arg>${key}</arg>
<doc>Logs the given message with the given level.</doc>
<status status="PASS" start="2024-05-03T10:15:08.937894" elapsed="0.000165"/>
</kw>
<var name="${key}">location</var>
<status status="PASS" start="2024-05-03T10:15:08.936308" elapsed="0.001966"/>
</iter>
<iter>
<kw name="Dictionary Should Contain Key" owner="Collections">
<msg time="2024-05-03T10:15:08.938943" level="INFO">False</msg>
<arg>${json_data['results'][0]}</arg>
<arg>${key}</arg>
<doc>Fails if ``key`` is not found from ``dictionary``.</doc>
<status status="PASS" start="2024-05-03T10:15:08.938557" elapsed="0.000424"/>
</kw>
<kw name="Log" owner="BuiltIn">
<msg time="2024-05-03T10:15:08.939635" level="INFO">{'gender': 'female', 'name': {'title': 'Miss', 'first': 'Vanessa', 'last': 'Williamson'}, 'location': {'street': {'number': 1584, 'name': 'Church Street'}, 'city': 'Ardee', 'state': 'Mayo', 'country': 'Ireland', 'postcode': 54176, 'coordinates': {'latitude': '4.1683', 'longitude': '174.0280'}, 'timezone': {'offset': '0:00', 'description': 'Western Europe Time, London, Lisbon, Casablanca'}}, 'email': 'vanessa.williamson@example.com', 'login': {'uuid': 'ff27210a-7862-4496-a3d8-fb987afadf74', 'username': 'orangewolf757', 'password': 'striker', 'salt': 'HzjqKyzm', 'md5': '35f9c03957078b853fffafa942b30a4b', 'sha1': '122de6920f054aa8435427f17308c01421950654', 'sha256': '26f8c84ca7e8ad556b4454032af4dbd13740343569f66b64ae15ea3eee39fb89'}, 'dob': {'date': '1977-03-02T05:17:56.601Z', 'age': 47}, 'registered': {'date': '2013-01-27T16:01:43.396Z', 'age': 11}, 'phone': '051-968-9426', 'cell': '081-338-6048', 'id': {'name': 'PPS', 'value': '7213843T'}, 'picture': {'large': 'https://randomuser.me/api/portraits/women/47.jpg', 'medium': 'https://randomuser.me/api/portraits/med/women/47.jpg', 'thumbnail': 'https://randomuser.me/api/portraits/thumb/women/47.jpg'}, 'nat': 'IE'}</msg>
<arg>${json_data['results'][0]}</arg>
<doc>Logs the given message with the given level.</doc>
<status status="PASS" start="2024-05-03T10:15:08.939280" elapsed="0.000404"/>
</kw>
<kw name="Log" owner="BuiltIn">
<msg time="2024-05-03T10:15:08.940101" level="INFO">email</msg>
<arg>${key}</arg>
<doc>Logs the given message with the given level.</doc>
<status status="PASS" start="2024-05-03T10:15:08.939975" elapsed="0.000163"/>
</kw>
<var name="${key}">email</var>
<status status="PASS" start="2024-05-03T10:15:08.938447" elapsed="0.001907"/>
</iter>
<iter>
<kw name="Dictionary Should Contain Key" owner="Collections">
<msg time="2024-05-03T10:15:08.941032" level="INFO">False</msg>
<arg>${json_data['results'][0]}</arg>
<arg>${key}</arg>
<doc>Fails if ``key`` is not found from ``dictionary``.</doc>
<status status="PASS" start="2024-05-03T10:15:08.940644" elapsed="0.000427"/>
</kw>
<kw name="Log" owner="BuiltIn">
<msg time="2024-05-03T10:15:08.941739" level="INFO">{'gender': 'female', 'name': {'title': 'Miss', 'first': 'Vanessa', 'last': 'Williamson'}, 'location': {'street': {'number': 1584, 'name': 'Church Street'}, 'city': 'Ardee', 'state': 'Mayo', 'country': 'Ireland', 'postcode': 54176, 'coordinates': {'latitude': '4.1683', 'longitude': '174.0280'}, 'timezone': {'offset': '0:00', 'description': 'Western Europe Time, London, Lisbon, Casablanca'}}, 'email': 'vanessa.williamson@example.com', 'login': {'uuid': 'ff27210a-7862-4496-a3d8-fb987afadf74', 'username': 'orangewolf757', 'password': 'striker', 'salt': 'HzjqKyzm', 'md5': '35f9c03957078b853fffafa942b30a4b', 'sha1': '122de6920f054aa8435427f17308c01421950654', 'sha256': '26f8c84ca7e8ad556b4454032af4dbd13740343569f66b64ae15ea3eee39fb89'}, 'dob': {'date': '1977-03-02T05:17:56.601Z', 'age': 47}, 'registered': {'date': '2013-01-27T16:01:43.396Z', 'age': 11}, 'phone': '051-968-9426', 'cell': '081-338-6048', 'id': {'name': 'PPS', 'value': '7213843T'}, 'picture': {'large': 'https://randomuser.me/api/portraits/women/47.jpg', 'medium': 'https://randomuser.me/api/portraits/med/women/47.jpg', 'thumbnail': 'https://randomuser.me/api/portraits/thumb/women/47.jpg'}, 'nat': 'IE'}</msg>
<arg>${json_data['results'][0]}</arg>
<doc>Logs the given message with the given level.</doc>
<status status="PASS" start="2024-05-03T10:15:08.941365" elapsed="0.000447"/>
</kw>
<kw name="Log" owner="BuiltIn">
<msg time="2024-05-03T10:15:08.942248" level="INFO">login</msg>
<arg>${key}</arg>
<doc>Logs the given message with the given level.</doc>
<status status="PASS" start="2024-05-03T10:15:08.942119" elapsed="0.000196"/>
</kw>
<var name="${key}">login</var>
<status status="PASS" start="2024-05-03T10:15:08.940524" elapsed="0.002023"/>
</iter>
<var>${key}</var>
<value>@{expected_keys}</value>
<status status="PASS" start="2024-05-03T10:15:08.931783" elapsed="0.010884"/>
</for>
<kw name="Create List" owner="BuiltIn">
<msg time="2024-05-03T10:15:08.942996" level="INFO">${expected_keysTwo} = ['username', 'password']</msg>
<var>${expected_keysTwo}</var>
<arg>username</arg>
<arg>password</arg>
<doc>Returns a list containing given items.</doc>
<status status="PASS" start="2024-05-03T10:15:08.942858" elapsed="0.000162"/>
</kw>
<for flavor="IN">
<iter>
<kw name="Dictionary Should Contain Key" owner="Collections">
<msg time="2024-05-03T10:15:08.943908" level="INFO">False</msg>
<arg>${json_data['results'][0]['login']}</arg>
<arg>${keyTwo}</arg>
<doc>Fails if ``key`` is not found from ``dictionary``.</doc>
<status status="PASS" start="2024-05-03T10:15:08.943518" elapsed="0.000427"/>
</kw>
<kw name="Dictionary Should Contain Key" owner="Collections">
<msg time="2024-05-03T10:15:08.944626" level="INFO">False</msg>
<arg>${json_data['results'][0]['login']}</arg>
<arg>${keyTwo}</arg>
<doc>Fails if ``key`` is not found from ``dictionary``.</doc>
<status status="PASS" start="2024-05-03T10:15:08.944239" elapsed="0.000424"/>
</kw>
<kw name="Log" owner="BuiltIn">
<msg time="2024-05-03T10:15:08.945079" level="INFO">username</msg>
<arg>${keyTwo}</arg>
<doc>Logs the given message with the given level.</doc>
<status status="PASS" start="2024-05-03T10:15:08.944953" elapsed="0.000169"/>
</kw>
<var name="${keyTwo}">username</var>
<status status="PASS" start="2024-05-03T10:15:08.943409" elapsed="0.001924"/>
</iter>
<iter>
<kw name="Dictionary Should Contain Key" owner="Collections">
<msg time="2024-05-03T10:15:08.946039" level="INFO">False</msg>
<arg>${json_data['results'][0]['login']}</arg>
<arg>${keyTwo}</arg>
<doc>Fails if ``key`` is not found from ``dictionary``.</doc>
<status status="PASS" start="2024-05-03T10:15:08.945614" elapsed="0.000464"/>
</kw>
<kw name="Dictionary Should Contain Key" owner="Collections">
<msg time="2024-05-03T10:15:08.946846" level="INFO">False</msg>
<arg>${json_data['results'][0]['login']}</arg>
<arg>${keyTwo}</arg>
<doc>Fails if ``key`` is not found from ``dictionary``.</doc>
<status status="PASS" start="2024-05-03T10:15:08.946373" elapsed="0.000542"/>
</kw>
<kw name="Log" owner="BuiltIn">
<msg time="2024-05-03T10:15:08.947356" level="INFO">password</msg>
<arg>${keyTwo}</arg>
<doc>Logs the given message with the given level.</doc>
<status status="PASS" start="2024-05-03T10:15:08.947228" elapsed="0.000166"/>
</kw>
<var name="${keyTwo}">password</var>
<status status="PASS" start="2024-05-03T10:15:08.945504" elapsed="0.002104"/>
</iter>
<var>${keyTwo}</var>
<value>@{expected_keysTwo}</value>
<status status="PASS" start="2024-05-03T10:15:08.943256" elapsed="0.004474"/>
</for>
<status status="PASS" start="2024-05-03T10:15:08.860291" elapsed="0.087585"/>
</kw>
<doc>Testa a estrutura da resposta da API.</doc>
<tag>testeEstruturaResposta</tag>
<status status="PASS" start="2024-05-03T10:15:08.859684" elapsed="0.088370"/>
</test>
<test id="s1-s1-t4" name="Validar tipos de dados" line="28">
<kw name="Teste de Tipos de Dados" owner="random-user-service">
<kw name="GET On Session" owner="RequestsLibrary">
<msg time="2024-05-03T10:15:09.050035" level="INFO">GET Request : url=https://randomuser.me/api 
 path_url=/api 
 headers={'User-Agent': 'python-requests/2.31.0', 'Accept-Encoding': 'gzip, deflate', 'Accept': '*/*', 'Connection': 'keep-alive'} 
 body=None 
 </msg>
<msg time="2024-05-03T10:15:09.050143" level="INFO">GET Response : url=https://randomuser.me/api 
 status=200, reason=OK 
 headers={'Date': 'Fri, 03 May 2024 10:15:09 GMT', 'Content-Type': 'application/json; charset=utf-8', 'Transfer-Encoding': 'chunked', 'Connection': 'keep-alive', 'X-Powered-By': 'Express', 'Access-Control-Allow-Origin': '*', 'Cache-Control': 'no-cache', 'ETag': 'W/"48d-7q+sGmytKoe8XiqIVkJvW403zhM"', 'Vary': 'Accept-Encoding', 'Content-Encoding': 'gzip', 'CF-Cache-Status': 'DYNAMIC', 'Report-To': '{"endpoints":[{"url":"https:\\/\\/a.nel.cloudflare.com\\/report\\/v4?s=c8wPnDyw1HLuNVqfyrZie9PKRsUDkq1DktEnh8Hn%2BNhZnJog2M1r%2FDuLeCrcJP5ApMj8gAbtGElQPh5mWPHF%2BKTzIjKhNg56eAEexvZ5ZQhw7WhCfxPcGtz%2FvKGC9b7I"}],"group":"cf-nel","max_age":604800}', 'NEL': '{"success_fraction":0,"report_to":"cf-nel","max_age":604800}', 'Server': 'cloudflare', 'CF-RAY': '87df7cf8fc3920b1-IAD', 'alt-svc': 'h3=":443"; ma=86400'} 
 body={"results":[{"gender":"male","name":{"title":"Mr","first":"Nathan","last":"Lane"},"location":{"street":{"number":8800,"name":"W Sherman Dr"},"city":"Busselton","state":"Queensland","country":"Australia","postcode":7990,"coordinates":{"latitude":"-83.9297","longitude":"-150.2814"},"timezone":{"offset":"-6:00","description":"Central Time (US &amp; Canada), Mexico City"}},"email":"nathan.lane@example.com","login":{"uuid":"b83ee473-f50a-4c49-986b-8bbb5cf2c35a","username":"greenpanda589","password":"lions","salt":"8uaOWrKg","md5":"e2e5e333f29265cacdbbf27c7ea69630","sha1":"6ede26d085e945b1d0019fc034afe8366040a4f5","sha256":"fd0697bc4b10fca57990f13950b9a058d43b8cfa4fd6c4e28ce3d8df6d731deb"},"dob":{"date":"1984-11-03T22:09:51.049Z","age":39},"registered":{"date":"2016-06-08T21:58:26.809Z","age":7},"phone":"03-8917-2368","cell":"0413-585-909","id":{"name":"TFN","value":"255281839"},"picture":{"large":"https://randomuser.me/api/portraits/men/69.jpg","medium":"https://randomuser.me/api/portraits/med/men/69.jpg","thumbnail":"https://randomuser.me/api/portraits/thumb/men/69.jpg"},"nat":"AU"}],"info":{"seed":"45d77962a94d1ff0","results":1,"page":1,"version":"1.4"}} 
 </msg>
<msg time="2024-05-03T10:15:09.050228" level="INFO">/opt/hostedtoolcache/Python/3.12.3/x64/lib/python3.12/site-packages/urllib3/connectionpool.py:1103: InsecureRequestWarning: Unverified HTTPS request is being made to host 'randomuser.me'. Adding certificate verification is strongly advised. See: https://urllib3.readthedocs.io/en/latest/advanced-usage.html#tls-warnings
  warnings.warn(</msg>
<msg time="2024-05-03T10:15:09.050352" level="INFO">${response} = &lt;Response [200]&gt;</msg>
<var>${response}</var>
<arg>consultarAPI</arg>
<arg>/api</arg>
<doc>Sends a GET request on a previously created HTTP Session.</doc>
<status status="PASS" start="2024-05-03T10:15:08.950531" elapsed="0.099882"/>
</kw>
<kw name="Set Variable" owner="BuiltIn">
<msg time="2024-05-03T10:15:09.051467" level="INFO">${json_data} = {'results': [{'gender': 'male', 'name': {'title': 'Mr', 'first': 'Nathan', 'last': 'Lane'}, 'location': {'street': {'number': 8800, 'name': 'W Sherman Dr'}, 'city': 'Busselton', 'state': 'Queensland',...</msg>
<var>${json_data}</var>
<arg>${response.json()}</arg>
<doc>Returns the given values which can then be assigned to a variables.</doc>
<status status="PASS" start="2024-05-03T10:15:09.050931" elapsed="0.000565"/>
</kw>
<kw name="Log" owner="BuiltIn">
<msg time="2024-05-03T10:15:09.051997" level="INFO">{'results': [{'gender': 'male', 'name': {'title': 'Mr', 'first': 'Nathan', 'last': 'Lane'}, 'location': {'street': {'number': 8800, 'name': 'W Sherman Dr'}, 'city': 'Busselton', 'state': 'Queensland', 'country': 'Australia', 'postcode': 7990, 'coordinates': {'latitude': '-83.9297', 'longitude': '-150.2814'}, 'timezone': {'offset': '-6:00', 'description': 'Central Time (US &amp; Canada), Mexico City'}}, 'email': 'nathan.lane@example.com', 'login': {'uuid': 'b83ee473-f50a-4c49-986b-8bbb5cf2c35a', 'username': 'greenpanda589', 'password': 'lions', 'salt': '8uaOWrKg', 'md5': 'e2e5e333f29265cacdbbf27c7ea69630', 'sha1': '6ede26d085e945b1d0019fc034afe8366040a4f5', 'sha256': 'fd0697bc4b10fca57990f13950b9a058d43b8cfa4fd6c4e28ce3d8df6d731deb'}, 'dob': {'date': '1984-11-03T22:09:51.049Z', 'age': 39}, 'registered': {'date': '2016-06-08T21:58:26.809Z', 'age': 7}, 'phone': '03-8917-2368', 'cell': '0413-585-909', 'id': {'name': 'TFN', 'value': '255281839'}, 'picture': {'large': 'https://randomuser.me/api/portraits/men/69.jpg', 'medium': 'https://randomuser.me/api/portraits/med/men/69.jpg', 'thumbnail': 'https://randomuser.me/api/portraits/thumb/men/69.jpg'}, 'nat': 'AU'}], 'info': {'seed': '45d77962a94d1ff0', 'results': 1, 'page': 1, 'version': '1.4'}}</msg>
<arg>${json_data}</arg>
<doc>Logs the given message with the given level.</doc>
<status status="PASS" start="2024-05-03T10:15:09.051835" elapsed="0.000249"/>
</kw>
<kw name="Should Be String" owner="String">
<arg>${json_data['results'][0]['gender']}</arg>
<doc>Fails if the given ``item`` is not a string.</doc>
<status status="PASS" start="2024-05-03T10:15:09.052395" elapsed="0.000379"/>
</kw>
<kw name="Should Match Regexp" owner="BuiltIn">
<arg>${json_data['results'][0]['email']}</arg>
<arg>^[a-zA-Z0-9._%+-]+@[a-zA-Z0-9.-]+\.[a-zA-Z]{2,}$</arg>
<doc>Fails if ``string`` does not match ``pattern`` as a regular expression.</doc>
<status status="PASS" start="2024-05-03T10:15:09.052971" elapsed="0.000523"/>
</kw>
<kw name="Should Match Regexp" owner="BuiltIn">
<arg>${json_data['results'][0]['dob']['date']}</arg>
<arg>\\d{4}-\\d{2}-\\d{2}T\\d{2}:\\d{2}:\\d{2}\\.\\d{3}Z</arg>
<doc>Fails if ``string`` does not match ``pattern`` as a regular expression.</doc>
<status status="PASS" start="2024-05-03T10:15:09.053689" elapsed="0.000545"/>
</kw>
<kw name="Should Match Regexp" owner="BuiltIn">
<arg>${json_data['results'][0]['registered']['date']}</arg>
<arg>\\d{4}-\\d{2}-\\d{2}T\\d{2}:\\d{2}:\\d{2}\\.\\d{3}Z</arg>
<doc>Fails if ``string`` does not match ``pattern`` as a regular expression.</doc>
<status status="PASS" start="2024-05-03T10:15:09.054427" elapsed="0.000366"/>
</kw>
<kw name="Should Match Regexp" owner="BuiltIn">
<arg>${json_data['results'][0]['picture']['large']}</arg>
<arg>^https?://.*\.(?:png|jpe?g|gif|bmp)$</arg>
<doc>Fails if ``string`` does not match ``pattern`` as a regular expression.</doc>
<status status="PASS" start="2024-05-03T10:15:09.054979" elapsed="0.000463"/>
</kw>
<kw name="Should Match Regexp" owner="BuiltIn">
<arg>${json_data['results'][0]['picture']['medium']}</arg>
<arg>^https?://.*\.(?:png|jpe?g|gif|bmp)$</arg>
<doc>Fails if ``string`` does not match ``pattern`` as a regular expression.</doc>
<status status="PASS" start="2024-05-03T10:15:09.055640" elapsed="0.000356"/>
</kw>
<kw name="Should Match Regexp" owner="BuiltIn">
<arg>${json_data['results'][0]['picture']['thumbnail']}</arg>
<arg>^https?://.*\.(?:png|jpe?g|gif|bmp)$</arg>
<doc>Fails if ``string`` does not match ``pattern`` as a regular expression.</doc>
<status status="PASS" start="2024-05-03T10:15:09.056187" elapsed="0.000357"/>
</kw>
<kw name="Log" owner="BuiltIn">
<msg time="2024-05-03T10:15:09.057047" level="INFO">{'large': 'https://randomuser.me/api/portraits/men/69.jpg', 'medium': 'https://randomuser.me/api/portraits/med/men/69.jpg', 'thumbnail': 'https://randomuser.me/api/portraits/thumb/men/69.jpg'}</msg>
<arg>${json_data['results'][0]['picture']}</arg>
<doc>Logs the given message with the given level.</doc>
<status status="PASS" start="2024-05-03T10:15:09.056724" elapsed="0.000365"/>
</kw>
<status status="PASS" start="2024-05-03T10:15:08.950304" elapsed="0.107047"/>
</kw>
<kw name="Teste de Tipos de Dados - Postcode" owner="random-user-service">
<kw name="GET On Session" owner="RequestsLibrary">
<msg time="2024-05-03T10:15:09.120479" level="INFO">GET Request : url=https://randomuser.me/api 
 path_url=/api 
 headers={'User-Agent': 'python-requests/2.31.0', 'Accept-Encoding': 'gzip, deflate', 'Accept': '*/*', 'Connection': 'keep-alive'} 
 body=None 
 </msg>
<msg time="2024-05-03T10:15:09.120574" level="INFO">GET Response : url=https://randomuser.me/api 
 status=200, reason=OK 
 headers={'Date': 'Fri, 03 May 2024 10:15:09 GMT', 'Content-Type': 'application/json; charset=utf-8', 'Transfer-Encoding': 'chunked', 'Connection': 'keep-alive', 'X-Powered-By': 'Express', 'Access-Control-Allow-Origin': '*', 'Cache-Control': 'no-cache', 'ETag': 'W/"48f-Ky2Nuu6BUxYDGiHkf69iSm40ozs"', 'Vary': 'Accept-Encoding', 'Content-Encoding': 'gzip', 'CF-Cache-Status': 'DYNAMIC', 'Report-To': '{"endpoints":[{"url":"https:\\/\\/a.nel.cloudflare.com\\/report\\/v4?s=XA65nkxXx6xCRnYgqzNexoqCqwD7kYBspEu0mMLziJHvygRjgLWYZ7QpLkrFfEAtwFMLO%2FK6FGFqJQjPPGN0u0PyE9kIcHsZuHEtGPejuhQcykLtJCd1sYqsT00q38sA"}],"group":"cf-nel","max_age":604800}', 'NEL': '{"success_fraction":0,"report_to":"cf-nel","max_age":604800}', 'Server': 'cloudflare', 'CF-RAY': '87df7cf99cd120b1-IAD', 'alt-svc': 'h3=":443"; ma=86400'} 
 body={"results":[{"gender":"male","name":{"title":"Mr","first":"August","last":"Kristensen"},"location":{"street":{"number":4994,"name":"Jupitervej"},"city":"Argerskov","state":"Nordjylland","country":"Denmark","postcode":37005,"coordinates":{"latitude":"-43.9258","longitude":"-96.9011"},"timezone":{"offset":"+9:00","description":"Tokyo, Seoul, Osaka, Sapporo, Yakutsk"}},"email":"august.kristensen@example.com","login":{"uuid":"15e761a4-9b7d-4484-a919-882dc583b350","username":"biglion564","password":"maxwell1","salt":"KTE1tFpO","md5":"7767ac5985e7aa8fb6de612f3fcade6c","sha1":"5b8454b034417b56c0d5eb56227ac1b4222debba","sha256":"d08fb6dc66681c0759322a8d712588ad6be85099328c047e6da57f70e3f3cc1b"},"dob":{"date":"1974-04-20T00:33:23.740Z","age":50},"registered":{"date":"2005-11-23T22:46:16.925Z","age":18},"phone":"73517230","cell":"88790368","id":{"name":"CPR","value":"190474-9790"},"picture":{"large":"https://randomuser.me/api/portraits/men/86.jpg","medium":"https://randomuser.me/api/portraits/med/men/86.jpg","thumbnail":"https://randomuser.me/api/portraits/thumb/men/86.jpg"},"nat":"DK"}],"info":{"seed":"82baf64762397f22","results":1,"page":1,"version":"1.4"}} 
 </msg>
<msg time="2024-05-03T10:15:09.120648" level="INFO">/opt/hostedtoolcache/Python/3.12.3/x64/lib/python3.12/site-packages/urllib3/connectionpool.py:1103: InsecureRequestWarning: Unverified HTTPS request is being made to host 'randomuser.me'. Adding certificate verification is strongly advised. See: https://urllib3.readthedocs.io/en/latest/advanced-usage.html#tls-warnings
  warnings.warn(</msg>
<msg time="2024-05-03T10:15:09.120775" level="INFO">${response} = &lt;Response [200]&gt;</msg>
<var>${response}</var>
<arg>consultarAPI</arg>
<arg>/api</arg>
<doc>Sends a GET request on a previously created HTTP Session.</doc>
<status status="PASS" start="2024-05-03T10:15:09.057836" elapsed="0.062978"/>
</kw>
<kw name="Set Variable" owner="BuiltIn">
<msg time="2024-05-03T10:15:09.122079" level="INFO">${json_data} = {'results': [{'gender': 'male', 'name': {'title': 'Mr', 'first': 'August', 'last': 'Kristensen'}, 'location': {'street': {'number': 4994, 'name': 'Jupitervej'}, 'city': 'Argerskov', 'state': 'Nordjyll...</msg>
<var>${json_data}</var>
<arg>${response.json()}</arg>
<doc>Returns the given values which can then be assigned to a variables.</doc>
<status status="PASS" start="2024-05-03T10:15:09.121440" elapsed="0.000668"/>
</kw>
<kw name="Log" owner="BuiltIn">
<msg time="2024-05-03T10:15:09.122626" level="INFO">{'results': [{'gender': 'male', 'name': {'title': 'Mr', 'first': 'August', 'last': 'Kristensen'}, 'location': {'street': {'number': 4994, 'name': 'Jupitervej'}, 'city': 'Argerskov', 'state': 'Nordjylland', 'country': 'Denmark', 'postcode': 37005, 'coordinates': {'latitude': '-43.9258', 'longitude': '-96.9011'}, 'timezone': {'offset': '+9:00', 'description': 'Tokyo, Seoul, Osaka, Sapporo, Yakutsk'}}, 'email': 'august.kristensen@example.com', 'login': {'uuid': '15e761a4-9b7d-4484-a919-882dc583b350', 'username': 'biglion564', 'password': 'maxwell1', 'salt': 'KTE1tFpO', 'md5': '7767ac5985e7aa8fb6de612f3fcade6c', 'sha1': '5b8454b034417b56c0d5eb56227ac1b4222debba', 'sha256': 'd08fb6dc66681c0759322a8d712588ad6be85099328c047e6da57f70e3f3cc1b'}, 'dob': {'date': '1974-04-20T00:33:23.740Z', 'age': 50}, 'registered': {'date': '2005-11-23T22:46:16.925Z', 'age': 18}, 'phone': '73517230', 'cell': '88790368', 'id': {'name': 'CPR', 'value': '190474-9790'}, 'picture': {'large': 'https://randomuser.me/api/portraits/men/86.jpg', 'medium': 'https://randomuser.me/api/portraits/med/men/86.jpg', 'thumbnail': 'https://randomuser.me/api/portraits/thumb/men/86.jpg'}, 'nat': 'DK'}], 'info': {'seed': '82baf64762397f22', 'results': 1, 'page': 1, 'version': '1.4'}}</msg>
<arg>${json_data}</arg>
<doc>Logs the given message with the given level.</doc>
<status status="PASS" start="2024-05-03T10:15:09.122460" elapsed="0.000254"/>
</kw>
<kw name="Should Be Equal As Numbers" owner="BuiltIn">
<arg>${json_data['results'][0]['location']['postcode']}</arg>
<arg>${json_data['results'][0]['location']['postcode']}</arg>
<doc>Fails if objects are unequal after converting them to real numbers.</doc>
<status status="PASS" start="2024-05-03T10:15:09.123028" elapsed="0.000833"/>
</kw>
<kw name="Log" owner="BuiltIn">
<msg time="2024-05-03T10:15:09.124396" level="INFO">37005</msg>
<arg>${json_data['results'][0]['location']['postcode']}</arg>
<doc>Logs the given message with the given level.</doc>
<status status="PASS" start="2024-05-03T10:15:09.124059" elapsed="0.000379"/>
</kw>
<status status="PASS" start="2024-05-03T10:15:09.057581" elapsed="0.067114"/>
</kw>
<doc>Testa se os tipos de dados na resposta da API estão corretos.</doc>
<tag>testeTiposDados</tag>
<status status="PASS" start="2024-05-03T10:15:08.949856" elapsed="0.175013"/>
</test>
<test id="s1-s1-t5" name="Validar conteudo" line="35">
<kw name="Teste de Tipos de Conteudo" owner="random-user-service">
<kw name="GET On Session" owner="RequestsLibrary">
<msg time="2024-05-03T10:15:09.252998" level="INFO">GET Request : url=https://randomuser.me/api 
 path_url=/api 
 headers={'User-Agent': 'python-requests/2.31.0', 'Accept-Encoding': 'gzip, deflate', 'Accept': '*/*', 'Connection': 'keep-alive'} 
 body=None 
 </msg>
<msg time="2024-05-03T10:15:09.253083" level="INFO">GET Response : url=https://randomuser.me/api 
 status=200, reason=OK 
 headers={'Date': 'Fri, 03 May 2024 10:15:09 GMT', 'Content-Type': 'application/json; charset=utf-8', 'Transfer-Encoding': 'chunked', 'Connection': 'keep-alive', 'X-Powered-By': 'Express', 'Access-Control-Allow-Origin': '*', 'Cache-Control': 'no-cache', 'ETag': 'W/"483-Vm3GWU2HA5aqMnr0zSZQwXKV134"', 'Vary': 'Accept-Encoding', 'Content-Encoding': 'gzip', 'CF-Cache-Status': 'DYNAMIC', 'Report-To': '{"endpoints":[{"url":"https:\\/\\/a.nel.cloudflare.com\\/report\\/v4?s=3Mx9O7XgT6xdaRVDaH0NzoUs8pU%2Fl8gt1Z%2FiabOBotAafpvkZj%2BYLnqPCrF0ocXEaBAlyUN9vKaXcHsAQaERsLiyZG%2FXi3UzubZYSNrm9noOFC1RJqFFCh59Wgb74lKw"}],"group":"cf-nel","max_age":604800}', 'NEL': '{"success_fraction":0,"report_to":"cf-nel","max_age":604800}', 'Server': 'cloudflare', 'CF-RAY': '87df7cfa0d3120b1-IAD', 'alt-svc': 'h3=":443"; ma=86400'} 
 body={"results":[{"gender":"female","name":{"title":"Miss","first":"Keya","last":"Uchil"},"location":{"street":{"number":7099,"name":"Car St"},"city":"Bhiwandi","state":"Sikkim","country":"India","postcode":95543,"coordinates":{"latitude":"10.0634","longitude":"54.6985"},"timezone":{"offset":"+1:00","description":"Brussels, Copenhagen, Madrid, Paris"}},"email":"keya.uchil@example.com","login":{"uuid":"5f17b12d-f756-4a8b-ab2d-5d4aa136d2ee","username":"ticklishfrog879","password":"brent","salt":"EwxMHUNR","md5":"752d77f7de058103d1b63d6dd365994c","sha1":"58fb8e8b410e665920de836b5007a5886ca0c1f0","sha256":"215918f479e2bfc18565300a3cf1623e09aec2f941eb4d0c1742212017616e52"},"dob":{"date":"1961-09-23T20:37:54.790Z","age":62},"registered":{"date":"2014-10-30T17:20:33.486Z","age":9},"phone":"7138188481","cell":"8759972398","id":{"name":"UIDAI","value":"473758810496"},"picture":{"large":"https://randomuser.me/api/portraits/women/65.jpg","medium":"https://randomuser.me/api/portraits/med/women/65.jpg","thumbnail":"https://randomuser.me/api/portraits/thumb/women/65.jpg"},"nat":"IN"}],"info":{"seed":"b1bd6dafe5654f80","results":1,"page":1,"version":"1.4"}} 
 </msg>
<msg time="2024-05-03T10:15:09.253149" level="INFO">/opt/hostedtoolcache/Python/3.12.3/x64/lib/python3.12/site-packages/urllib3/connectionpool.py:1103: InsecureRequestWarning: Unverified HTTPS request is being made to host 'randomuser.me'. Adding certificate verification is strongly advised. See: https://urllib3.readthedocs.io/en/latest/advanced-usage.html#tls-warnings
  warnings.warn(</msg>
<msg time="2024-05-03T10:15:09.253259" level="INFO">${response} = &lt;Response [200]&gt;</msg>
<var>${response}</var>
<arg>consultarAPI</arg>
<arg>/api</arg>
<doc>Sends a GET request on a previously created HTTP Session.</doc>
<status status="PASS" start="2024-05-03T10:15:09.127497" elapsed="0.125803"/>
</kw>
<kw name="Set Variable" owner="BuiltIn">
<msg time="2024-05-03T10:15:09.254463" level="INFO">${json_data} = {'results': [{'gender': 'female', 'name': {'title': 'Miss', 'first': 'Keya', 'last': 'Uchil'}, 'location': {'street': {'number': 7099, 'name': 'Car St'}, 'city': 'Bhiwandi', 'state': 'Sikkim', 'countr...</msg>
<var>${json_data}</var>
<arg>${response.json()}</arg>
<doc>Returns the given values which can then be assigned to a variables.</doc>
<status status="PASS" start="2024-05-03T10:15:09.253905" elapsed="0.000587"/>
</kw>
<kw name="Set Variable" owner="BuiltIn">
<msg time="2024-05-03T10:15:09.255185" level="INFO">${name_title} = Miss</msg>
<var>${name_title}</var>
<arg>${json_data["results"][0]["name"]["title"]}</arg>
<doc>Returns the given values which can then be assigned to a variables.</doc>
<status status="PASS" start="2024-05-03T10:15:09.254797" elapsed="0.000414"/>
</kw>
<kw name="Create List" owner="BuiltIn">
<msg time="2024-05-03T10:15:09.255659" level="INFO">${allowed_titles} = ['Mr', 'Ms', 'Miss', 'Mrs', 'Madame', 'Monsieur']</msg>
<var>${allowed_titles}</var>
<arg>Mr</arg>
<arg>Ms</arg>
<arg>Miss</arg>
<arg>Mrs</arg>
<arg>Madame</arg>
<arg>Monsieur</arg>
<doc>Returns a list containing given items.</doc>
<status status="PASS" start="2024-05-03T10:15:09.255510" elapsed="0.000172"/>
</kw>
<kw name="List Should Contain Value" owner="Collections">
<msg time="2024-05-03T10:15:09.256149" level="INFO">False</msg>
<arg>${allowed_titles}</arg>
<arg>${name_title}</arg>
<doc>Fails if the ``value`` is not found from ``list``.</doc>
<status status="PASS" start="2024-05-03T10:15:09.255977" elapsed="0.000208"/>
</kw>
<kw name="Set Variable" owner="BuiltIn">
<msg time="2024-05-03T10:15:09.256856" level="INFO">${name_country} = IN</msg>
<var>${name_country}</var>
<arg>${json_data["results"][0]["nat"]}</arg>
<doc>Returns the given values which can then be assigned to a variables.</doc>
<status status="PASS" start="2024-05-03T10:15:09.256474" elapsed="0.000407"/>
</kw>
<kw name="Create List" owner="BuiltIn">
<msg time="2024-05-03T10:15:09.257762" level="INFO">${list_country} = ['AD', 'AE', 'AF', 'AG', 'AI', 'AL', 'AM', 'AO', 'AQ', 'AR', 'AS', 'AT', 'AU', 'AW', 'AX', 'AZ', 'BA', 'BB', 'BD', 'BE', 'BF', 'BG', 'BH', 'BI', 'BJ', 'BL', 'BM', 'BN', 'BO', 'BQ', 'BR', 'BS', 'BT', '...</msg>
<var>${list_country}</var>
<arg>AD</arg>
<arg>AE</arg>
<arg>AF</arg>
<arg>AG</arg>
<arg>AI</arg>
<arg>AL</arg>
<arg>AM</arg>
<arg>AO</arg>
<arg>AQ</arg>
<arg>AR</arg>
<arg>AS</arg>
<arg>AT</arg>
<arg>AU</arg>
<arg>AW</arg>
<arg>AX</arg>
<arg>AZ</arg>
<arg>BA</arg>
<arg>BB</arg>
<arg>BD</arg>
<arg>BE</arg>
<arg>BF</arg>
<arg>BG</arg>
<arg>BH</arg>
<arg>BI</arg>
<arg>BJ</arg>
<arg>BL</arg>
<arg>BM</arg>
<arg>BN</arg>
<arg>BO</arg>
<arg>BQ</arg>
<arg>BR</arg>
<arg>BS</arg>
<arg>BT</arg>
<arg>BV</arg>
<arg>BW</arg>
<arg>BY</arg>
<arg>BZ</arg>
<arg>CA</arg>
<arg>CC</arg>
<arg>CD</arg>
<arg>CF</arg>
<arg>CG</arg>
<arg>CH</arg>
<arg>CI</arg>
<arg>CK</arg>
<arg>CL</arg>
<arg>CM</arg>
<arg>CN</arg>
<arg>CO</arg>
<arg>CR</arg>
<arg>CU</arg>
<arg>CV</arg>
<arg>CW</arg>
<arg>CX</arg>
<arg>CY</arg>
<arg>CZ</arg>
<arg>DE</arg>
<arg>DJ</arg>
<arg>DK</arg>
<arg>DM</arg>
<arg>DO</arg>
<arg>DZ</arg>
<arg>EC</arg>
<arg>EE</arg>
<arg>EG</arg>
<arg>EH</arg>
<arg>ER</arg>
<arg>ES</arg>
<arg>ET</arg>
<arg>FI</arg>
<arg>FJ</arg>
<arg>FK</arg>
<arg>FM</arg>
<arg>FO</arg>
<arg>FR</arg>
<arg>GA</arg>
<arg>GB</arg>
<arg>GD</arg>
<arg>GE</arg>
<arg>GF</arg>
<arg>GG</arg>
<arg>GH</arg>
<arg>GI</arg>
<arg>GL</arg>
<arg>GM</arg>
<arg>GN</arg>
<arg>GP</arg>
<arg>GQ</arg>
<arg>GR</arg>
<arg>GS</arg>
<arg>GT</arg>
<arg>GU</arg>
<arg>GW</arg>
<arg>GY</arg>
<arg>HK</arg>
<arg>HM</arg>
<arg>HN</arg>
<arg>HR</arg>
<arg>HT</arg>
<arg>HU</arg>
<arg>ID</arg>
<arg>IE</arg>
<arg>IL</arg>
<arg>IM</arg>
<arg>IN</arg>
<arg>IO</arg>
<arg>IQ</arg>
<arg>IR</arg>
<arg>IS</arg>
<arg>IT</arg>
<arg>JE</arg>
<arg>JM</arg>
<arg>JO</arg>
<arg>JP</arg>
<arg>KE</arg>
<arg>KG</arg>
<arg>KH</arg>
<arg>KI</arg>
<arg>KM</arg>
<arg>KN</arg>
<arg>KP</arg>
<arg>KR</arg>
<arg>KW</arg>
<arg>KY</arg>
<arg>KZ</arg>
<arg>LA</arg>
<arg>LB</arg>
<arg>LC</arg>
<arg>LI</arg>
<arg>LK</arg>
<arg>LR</arg>
<arg>LS</arg>
<arg>LT</arg>
<arg>LU</arg>
<arg>LV</arg>
<arg>LY</arg>
<arg>MA</arg>
<arg>MC</arg>
<arg>MD</arg>
<arg>ME</arg>
<arg>MF</arg>
<arg>MG</arg>
<arg>MH</arg>
<arg>MK</arg>
<arg>ML</arg>
<arg>MM</arg>
<arg>MN</arg>
<arg>MO</arg>
<arg>MP</arg>
<arg>MQ</arg>
<arg>MR</arg>
<arg>MS</arg>
<arg>MT</arg>
<arg>MU</arg>
<arg>MV</arg>
<arg>MW</arg>
<arg>MX</arg>
<arg>MY</arg>
<arg>MZ</arg>
<arg>NA</arg>
<arg>NC</arg>
<arg>NE</arg>
<arg>NF</arg>
<arg>NG</arg>
<arg>NI</arg>
<arg>NL</arg>
<arg>NO</arg>
<arg>NP</arg>
<arg>NR</arg>
<arg>NU</arg>
<arg>NZ</arg>
<arg>OM</arg>
<arg>PA</arg>
<arg>PE</arg>
<arg>PF</arg>
<arg>PG</arg>
<arg>PH</arg>
<arg>PK</arg>
<arg>PL</arg>
<arg>PM</arg>
<arg>PN</arg>
<arg>PR</arg>
<arg>PS</arg>
<arg>PT</arg>
<arg>PW</arg>
<arg>PY</arg>
<arg>QA</arg>
<arg>RE</arg>
<arg>RO</arg>
<arg>RS</arg>
<arg>RU</arg>
<arg>RW</arg>
<arg>SA</arg>
<arg>SB</arg>
<arg>SC</arg>
<arg>SD</arg>
<arg>SE</arg>
<arg>SG</arg>
<arg>SH</arg>
<arg>SI</arg>
<arg>SJ</arg>
<arg>SK</arg>
<arg>SL</arg>
<arg>SM</arg>
<arg>SN</arg>
<arg>SO</arg>
<arg>SR</arg>
<arg>SS</arg>
<arg>ST</arg>
<arg>SV</arg>
<arg>SX</arg>
<arg>SY</arg>
<arg>SZ</arg>
<arg>TC</arg>
<arg>TD</arg>
<arg>TF</arg>
<arg>TG</arg>
<arg>TH</arg>
<arg>TJ</arg>
<arg>TK</arg>
<arg>TL</arg>
<arg>TM</arg>
<arg>TN</arg>
<arg>TO</arg>
<arg>TR</arg>
<arg>TT</arg>
<arg>TV</arg>
<arg>TW</arg>
<arg>TZ</arg>
<arg>UA</arg>
<arg>UG</arg>
<arg>UM</arg>
<arg>US</arg>
<arg>UY</arg>
<arg>UZ</arg>
<arg>VA</arg>
<arg>VC</arg>
<arg>VE</arg>
<arg>VG</arg>
<arg>VI</arg>
<arg>VN</arg>
<arg>VU</arg>
<arg>WF</arg>
<arg>WS</arg>
<arg>XK</arg>
<arg>YE</arg>
<arg>YT</arg>
<arg>ZA</arg>
<arg>ZM</arg>
<arg>ZW</arg>
<doc>Returns a list containing given items.</doc>
<status status="PASS" start="2024-05-03T10:15:09.257175" elapsed="0.000642"/>
</kw>
<kw name="List Should Contain Value" owner="Collections">
<msg time="2024-05-03T10:15:09.258817" level="INFO">False</msg>
<arg>${list_country}</arg>
<arg>${name_country}</arg>
<doc>Fails if the ``value`` is not found from ``list``.</doc>
<status status="PASS" start="2024-05-03T10:15:09.258618" elapsed="0.000235"/>
</kw>
<kw name="Run Keyword If" owner="BuiltIn">
<kw name="Should Be True" owner="BuiltIn">
<arg>${True}</arg>
<doc>Fails if the given condition is not true.</doc>
<status status="PASS" start="2024-05-03T10:15:09.259914" elapsed="0.000143"/>
</kw>
<arg>${json_data["results"][0]["location"]["coordinates"]["latitude"]} &gt;= -90 and ${json_data["results"][0]["location"]["coordinates"]["latitude"]} &lt;= 90</arg>
<arg>Should Be True</arg>
<arg>${True}</arg>
<doc>Runs the given keyword with the given arguments, if ``condition`` is true.</doc>
<status status="PASS" start="2024-05-03T10:15:09.259161" elapsed="0.001021"/>
</kw>
<kw name="Run Keyword If" owner="BuiltIn">
<kw name="Should Be True" owner="BuiltIn">
<arg>${True}</arg>
<doc>Fails if the given condition is not true.</doc>
<status status="PASS" start="2024-05-03T10:15:09.261111" elapsed="0.000250"/>
</kw>
<arg>${json_data["results"][0]["location"]["coordinates"]["longitude"]} &gt;= -180 and ${json_data["results"][0]["location"]["coordinates"]["longitude"]} &lt;= 180</arg>
<arg>Should Be True</arg>
<arg>${True}</arg>
<doc>Runs the given keyword with the given arguments, if ``condition`` is true.</doc>
<status status="PASS" start="2024-05-03T10:15:09.260398" elapsed="0.001090"/>
</kw>
<status status="PASS" start="2024-05-03T10:15:09.127258" elapsed="0.134361"/>
</kw>
<doc>Testa o conteúdo específico dos campos retornados pela API.</doc>
<tag>testeConteudo</tag>
<status status="PASS" start="2024-05-03T10:15:09.126702" elapsed="0.135067"/>
</test>
<status status="PASS" start="2024-05-03T10:15:08.332904" elapsed="0.930873"/>
</suite>
<status status="PASS" start="2024-05-03T10:15:08.319481" elapsed="0.949433"/>
</suite>
<statistics>
<total>
<stat pass="5" fail="0" skip="0">All Tests</stat>
</total>
<tag>
<stat pass="1" fail="0" skip="0">testeConteudo</stat>
<stat pass="1" fail="0" skip="0">testeEstruturaResposta</stat>
<stat pass="1" fail="0" skip="0">testeRequisicaoBasica</stat>
<stat pass="1" fail="0" skip="0">testeTiposDados</stat>
</tag>
<suite>
<stat pass="5" fail="0" skip="0" id="s1" name="Tests">Tests</stat>
<stat pass="5" fail="0" skip="0" id="s1-s1" name="Random-User-Test">Tests.Random-User-Test</stat>
</suite>
</statistics>
<errors>
</errors>
</robot>
