<?xml version="1.0" encoding="UTF-8"?>
<robot generator="Robot 7.0.1 (Python 3.12.3 on linux)" generated="2024-06-12T01:06:00.465658" rpa="false" schemaversion="5">
<suite id="s1" name="Tests" source="/home/runner/work/ApiRandomUser/ApiRandomUser/RamdonUser/tests">
<suite id="s1-s1" name="Random-User-Test" source="/home/runner/work/ApiRandomUser/ApiRandomUser/RamdonUser/tests/random-user-test.robot">
<test id="s1-s1-t1" name="Conectar" line="13">
<kw name="Conectar API" owner="random-user-service">
<kw name="Create Session" owner="RequestsLibrary">
<msg time="2024-06-12T01:06:00.870952" level="INFO">Creating Session using : alias=consultarAPI, url=https://randomuser.me/, headers={},                     cookies={}, auth=None, timeout=None, proxies=None, verify=False,                     debug=0 </msg>
<arg>consultarAPI</arg>
<arg>${URL}</arg>
<doc>Create Session: create a HTTP session to a server</doc>
<status status="PASS" start="2024-06-12T01:06:00.870745" elapsed="0.000408"/>
</kw>
<status status="PASS" start="2024-06-12T01:06:00.869678" elapsed="0.001891"/>
</kw>
<status status="PASS" start="2024-06-12T01:06:00.869127" elapsed="0.002643"/>
</test>
<test id="s1-s1-t2" name="Validar retorno 200 e JSON Válido" line="16">
<kw name="Teste de Requisicao Basica" owner="random-user-service">
<kw name="GET On Session" owner="RequestsLibrary">
<msg time="2024-06-12T01:06:00.968616" level="INFO">GET Request : url=https://randomuser.me/api 
 path_url=/api 
 headers={'User-Agent': 'python-requests/2.32.3', 'Accept-Encoding': 'gzip, deflate', 'Accept': '*/*', 'Connection': 'keep-alive'} 
 body=None 
 </msg>
<msg time="2024-06-12T01:06:00.968776" level="INFO">GET Response : url=https://randomuser.me/api 
 status=200, reason=OK 
 headers={'Date': 'Wed, 12 Jun 2024 01:06:00 GMT', 'Content-Type': 'application/json; charset=utf-8', 'Transfer-Encoding': 'chunked', 'Connection': 'keep-alive', 'X-Powered-By': 'Express', 'Access-Control-Allow-Origin': '*', 'Cache-Control': 'no-cache', 'ETag': 'W/"49e-RbkRzuq4ig1gTR0HosiVbY35b70"', 'Vary': 'Accept-Encoding', 'Content-Encoding': 'gzip', 'CF-Cache-Status': 'DYNAMIC', 'Report-To': '{"endpoints":[{"url":"https:\\/\\/a.nel.cloudflare.com\\/report\\/v4?s=Yr%2Btp34yEw467pJBrT70skPRdH4MqWqURXLbAExng7WZ%2FN4vrSBpMe0EWjguwjLHdwtrBjMDDwqZXNuqyUFfNVYYCj%2Bl0iMpc3QCHCWl61vyFu4VsMbg6XJ6XIEAynKB"}],"group":"cf-nel","max_age":604800}', 'NEL': '{"success_fraction":0,"report_to":"cf-nel","max_age":604800}', 'Server': 'cloudflare', 'CF-RAY': '8925ef93cdaf8f2c-IAD', 'alt-svc': 'h3=":443"; ma=86400'} 
 body={"results":[{"gender":"male","name":{"title":"Mr","first":"Sereno","last":"Cardoso"},"location":{"street":{"number":2847,"name":"Rua João Xxiii"},"city":"Chapecó","state":"Santa Catarina","country":"Brazil","postcode":69145,"coordinates":{"latitude":"-78.3436","longitude":"-66.2681"},"timezone":{"offset":"+1:00","description":"Brussels, Copenhagen, Madrid, Paris"}},"email":"sereno.cardoso@example.com","login":{"uuid":"d17463da-0009-4779-b5e4-bbc17b53bade","username":"tinyelephant736","password":"eskimo","salt":"cabMBCJC","md5":"6949868140406569110ae3cd88ba8ed7","sha1":"566430710d312538f94948ff75655d91f58591e9","sha256":"f6e966fa8fca2362dc59e02b8c057e0ddd0ea78db925079bac2f3a3055de337c"},"dob":{"date":"1984-12-02T20:02:23.393Z","age":39},"registered":{"date":"2017-10-06T14:56:55.014Z","age":6},"phone":"(47) 3276-8835","cell":"(13) 7549-3466","id":{"name":"CPF","value":"198.005.901-89"},"picture":{"large":"https://randomuser.me/api/portraits/men/10.jpg","medium":"https://randomuser.me/api/portraits/med/men/10.jpg","thumbnail":"https://randomuser.me/api/portraits/thumb/men/10.jpg"},"nat":"BR"}],"info":{"seed":"ff73c616b1cfe3b2","results":1,"page":1,"version":"1.4"}} 
 </msg>
<msg time="2024-06-12T01:06:00.968860" level="INFO">/opt/hostedtoolcache/Python/3.12.3/x64/lib/python3.12/site-packages/urllib3/connectionpool.py:1103: InsecureRequestWarning: Unverified HTTPS request is being made to host 'randomuser.me'. Adding certificate verification is strongly advised. See: https://urllib3.readthedocs.io/en/latest/advanced-usage.html#tls-warnings
  warnings.warn(</msg>
<msg time="2024-06-12T01:06:00.969017" level="INFO">${response} = &lt;Response [200]&gt;</msg>
<var>${response}</var>
<arg>consultarAPI</arg>
<arg>/api</arg>
<doc>Sends a GET request on a previously created HTTP Session.</doc>
<status status="PASS" start="2024-06-12T01:06:00.874322" elapsed="0.094738"/>
</kw>
<kw name="Should Be Equal As Numbers" owner="BuiltIn">
<msg time="2024-06-12T01:06:00.970126" level="INFO">Argument types are:
&lt;class 'int'&gt;
&lt;class 'str'&gt;</msg>
<arg>${response.status_code}</arg>
<arg>200</arg>
<doc>Fails if objects are unequal after converting them to real numbers.</doc>
<status status="PASS" start="2024-06-12T01:06:00.969664" elapsed="0.000530"/>
</kw>
<kw name="Log" owner="BuiltIn">
<msg time="2024-06-12T01:06:00.970910" level="INFO">200</msg>
<arg>${response.status_code}</arg>
<doc>Logs the given message with the given level.</doc>
<status status="PASS" start="2024-06-12T01:06:00.970548" elapsed="0.000411"/>
</kw>
<kw name="Set Variable" owner="BuiltIn">
<msg time="2024-06-12T01:06:00.971780" level="INFO">${json_data} = {'results': [{'gender': 'male', 'name': {'title': 'Mr', 'first': 'Sereno', 'last': 'Cardoso'}, 'location': {'street': {'number': 2847, 'name': 'Rua João Xxiii'}, 'city': 'Chapecó', 'state': 'Santa Cat...</msg>
<var>${json_data}</var>
<arg>${response.json()}</arg>
<doc>Returns the given values which can then be assigned to a variables.</doc>
<status status="PASS" start="2024-06-12T01:06:00.971281" elapsed="0.000530"/>
</kw>
<kw name="Dictionary Should Contain Key" owner="Collections">
<arg>${json_data}</arg>
<arg>results</arg>
<doc>Fails if ``key`` is not found from ``dictionary``.</doc>
<status status="PASS" start="2024-06-12T01:06:00.972127" elapsed="0.000165"/>
</kw>
<status status="PASS" start="2024-06-12T01:06:00.874073" elapsed="0.098378"/>
</kw>
<doc>Testa se a API responde corretamente e retorna um objeto JSON válido.</doc>
<tag>testeRequisicaoBasica</tag>
<status status="PASS" start="2024-06-12T01:06:00.873624" elapsed="0.099010"/>
</test>
<test id="s1-s1-t3" name="Validar estrutura de resposta" line="22">
<kw name="Teste de Estrutura de Resposta" owner="random-user-service">
<kw name="GET On Session" owner="RequestsLibrary">
<msg time="2024-06-12T01:06:01.080888" level="INFO">GET Request : url=https://randomuser.me/api 
 path_url=/api 
 headers={'User-Agent': 'python-requests/2.32.3', 'Accept-Encoding': 'gzip, deflate', 'Accept': '*/*', 'Connection': 'keep-alive'} 
 body=None 
 </msg>
<msg time="2024-06-12T01:06:01.080996" level="INFO">GET Response : url=https://randomuser.me/api 
 status=200, reason=OK 
 headers={'Date': 'Wed, 12 Jun 2024 01:06:01 GMT', 'Content-Type': 'application/json; charset=utf-8', 'Transfer-Encoding': 'chunked', 'Connection': 'keep-alive', 'X-Powered-By': 'Express', 'Access-Control-Allow-Origin': '*', 'Cache-Control': 'no-cache', 'ETag': 'W/"484-c8BSThLWegiY7L6/QNVp+YSmz3w"', 'Vary': 'Accept-Encoding', 'Content-Encoding': 'gzip', 'CF-Cache-Status': 'DYNAMIC', 'Report-To': '{"endpoints":[{"url":"https:\\/\\/a.nel.cloudflare.com\\/report\\/v4?s=A3NAMMDPY%2FBMWND6e1fDI4BgDr8BwVKGXo%2BUMe7novsMytH2pPRcrpvaoEfBYPHQig0IrnpR3dg0ulKNwyJcUKeb%2BeO%2BSAl6u9Ju6N%2B81sgC1uRRzuU0euaM%2FvwGU%2BSo"}],"group":"cf-nel","max_age":604800}', 'NEL': '{"success_fraction":0,"report_to":"cf-nel","max_age":604800}', 'Server': 'cloudflare', 'CF-RAY': '8925ef941dfa8f2c-IAD', 'alt-svc': 'h3=":443"; ma=86400'} 
 body={"results":[{"gender":"male","name":{"title":"Mr","first":"Ramiro","last":"Guzmán"},"location":{"street":{"number":2302,"name":"Circuito Mercado"},"city":"Uruetaro","state":"Colima","country":"Mexico","postcode":88445,"coordinates":{"latitude":"27.6261","longitude":"-30.6715"},"timezone":{"offset":"+7:00","description":"Bangkok, Hanoi, Jakarta"}},"email":"ramiro.guzman@example.com","login":{"uuid":"c6d35e4d-4fe2-4eb7-9082-12292f735762","username":"lazycat209","password":"1016","salt":"r75j6SEg","md5":"638505ecbfd5e675f711bfafa3cc2df9","sha1":"3dcbbc7a119f943e844653c96e6cdf6b402d0daa","sha256":"74f104f4d8ba71c826b2d08879759d2f99100d4bdffb1059d03c6bca8afeadc9"},"dob":{"date":"1952-12-24T14:07:03.841Z","age":71},"registered":{"date":"2005-10-20T13:52:55.431Z","age":18},"phone":"(619) 423 4419","cell":"(673) 032 1977","id":{"name":"NSS","value":"93 87 94 8070 2"},"picture":{"large":"https://randomuser.me/api/portraits/men/56.jpg","medium":"https://randomuser.me/api/portraits/med/men/56.jpg","thumbnail":"https://randomuser.me/api/portraits/thumb/men/56.jpg"},"nat":"MX"}],"info":{"seed":"4fce2d91a97dc93e","results":1,"page":1,"version":"1.4"}} 
 </msg>
<msg time="2024-06-12T01:06:01.081155" level="INFO">/opt/hostedtoolcache/Python/3.12.3/x64/lib/python3.12/site-packages/urllib3/connectionpool.py:1103: InsecureRequestWarning: Unverified HTTPS request is being made to host 'randomuser.me'. Adding certificate verification is strongly advised. See: https://urllib3.readthedocs.io/en/latest/advanced-usage.html#tls-warnings
  warnings.warn(</msg>
<msg time="2024-06-12T01:06:01.081282" level="INFO">${response} = &lt;Response [200]&gt;</msg>
<var>${response}</var>
<arg>consultarAPI</arg>
<arg>/api</arg>
<doc>Sends a GET request on a previously created HTTP Session.</doc>
<status status="PASS" start="2024-06-12T01:06:00.975485" elapsed="0.105826"/>
</kw>
<kw name="Set Variable" owner="BuiltIn">
<msg time="2024-06-12T01:06:01.082438" level="INFO">${json_data} = {'results': [{'gender': 'male', 'name': {'title': 'Mr', 'first': 'Ramiro', 'last': 'Guzmán'}, 'location': {'street': {'number': 2302, 'name': 'Circuito Mercado'}, 'city': 'Uruetaro', 'state': 'Colima'...</msg>
<var>${json_data}</var>
<arg>${response.json()}</arg>
<doc>Returns the given values which can then be assigned to a variables.</doc>
<status status="PASS" start="2024-06-12T01:06:01.081903" elapsed="0.000566"/>
</kw>
<kw name="Log" owner="BuiltIn">
<msg time="2024-06-12T01:06:01.082954" level="INFO">{'results': [{'gender': 'male', 'name': {'title': 'Mr', 'first': 'Ramiro', 'last': 'Guzmán'}, 'location': {'street': {'number': 2302, 'name': 'Circuito Mercado'}, 'city': 'Uruetaro', 'state': 'Colima', 'country': 'Mexico', 'postcode': 88445, 'coordinates': {'latitude': '27.6261', 'longitude': '-30.6715'}, 'timezone': {'offset': '+7:00', 'description': 'Bangkok, Hanoi, Jakarta'}}, 'email': 'ramiro.guzman@example.com', 'login': {'uuid': 'c6d35e4d-4fe2-4eb7-9082-12292f735762', 'username': 'lazycat209', 'password': '1016', 'salt': 'r75j6SEg', 'md5': '638505ecbfd5e675f711bfafa3cc2df9', 'sha1': '3dcbbc7a119f943e844653c96e6cdf6b402d0daa', 'sha256': '74f104f4d8ba71c826b2d08879759d2f99100d4bdffb1059d03c6bca8afeadc9'}, 'dob': {'date': '1952-12-24T14:07:03.841Z', 'age': 71}, 'registered': {'date': '2005-10-20T13:52:55.431Z', 'age': 18}, 'phone': '(619) 423 4419', 'cell': '(673) 032 1977', 'id': {'name': 'NSS', 'value': '93 87 94 8070 2'}, 'picture': {'large': 'https://randomuser.me/api/portraits/men/56.jpg', 'medium': 'https://randomuser.me/api/portraits/med/men/56.jpg', 'thumbnail': 'https://randomuser.me/api/portraits/thumb/men/56.jpg'}, 'nat': 'MX'}], 'info': {'seed': '4fce2d91a97dc93e', 'results': 1, 'page': 1, 'version': '1.4'}}</msg>
<arg>${json_data}</arg>
<doc>Logs the given message with the given level.</doc>
<status status="PASS" start="2024-06-12T01:06:01.082792" elapsed="0.000212"/>
</kw>
<kw name="Dictionary Should Contain Key" owner="Collections">
<arg>${json_data}</arg>
<arg>results</arg>
<doc>Fails if ``key`` is not found from ``dictionary``.</doc>
<status status="PASS" start="2024-06-12T01:06:01.083307" elapsed="0.000201"/>
</kw>
<kw name="Should Not Be Empty" owner="BuiltIn">
<msg time="2024-06-12T01:06:01.083842" level="INFO">Length is 2.</msg>
<arg>${json_data}</arg>
<doc>Verifies that the given item is not empty.</doc>
<status status="PASS" start="2024-06-12T01:06:01.083715" elapsed="0.000166"/>
</kw>
<kw name="Create List" owner="BuiltIn">
<msg time="2024-06-12T01:06:01.084322" level="INFO">${expected_keys} = ['gender', 'name', 'location', 'email', 'login']</msg>
<var>${expected_keys}</var>
<arg>gender</arg>
<arg>name</arg>
<arg>location</arg>
<arg>email</arg>
<arg>login</arg>
<doc>Returns a list containing given items.</doc>
<status status="PASS" start="2024-06-12T01:06:01.084175" elapsed="0.000172"/>
</kw>
<for flavor="IN">
<iter>
<kw name="Dictionary Should Contain Key" owner="Collections">
<arg>${json_data['results'][0]}</arg>
<arg>${key}</arg>
<doc>Fails if ``key`` is not found from ``dictionary``.</doc>
<status status="PASS" start="2024-06-12T01:06:01.084940" elapsed="0.000417"/>
</kw>
<kw name="Log" owner="BuiltIn">
<msg time="2024-06-12T01:06:01.085911" level="INFO">{'gender': 'male', 'name': {'title': 'Mr', 'first': 'Ramiro', 'last': 'Guzmán'}, 'location': {'street': {'number': 2302, 'name': 'Circuito Mercado'}, 'city': 'Uruetaro', 'state': 'Colima', 'country': 'Mexico', 'postcode': 88445, 'coordinates': {'latitude': '27.6261', 'longitude': '-30.6715'}, 'timezone': {'offset': '+7:00', 'description': 'Bangkok, Hanoi, Jakarta'}}, 'email': 'ramiro.guzman@example.com', 'login': {'uuid': 'c6d35e4d-4fe2-4eb7-9082-12292f735762', 'username': 'lazycat209', 'password': '1016', 'salt': 'r75j6SEg', 'md5': '638505ecbfd5e675f711bfafa3cc2df9', 'sha1': '3dcbbc7a119f943e844653c96e6cdf6b402d0daa', 'sha256': '74f104f4d8ba71c826b2d08879759d2f99100d4bdffb1059d03c6bca8afeadc9'}, 'dob': {'date': '1952-12-24T14:07:03.841Z', 'age': 71}, 'registered': {'date': '2005-10-20T13:52:55.431Z', 'age': 18}, 'phone': '(619) 423 4419', 'cell': '(673) 032 1977', 'id': {'name': 'NSS', 'value': '93 87 94 8070 2'}, 'picture': {'large': 'https://randomuser.me/api/portraits/men/56.jpg', 'medium': 'https://randomuser.me/api/portraits/med/men/56.jpg', 'thumbnail': 'https://randomuser.me/api/portraits/thumb/men/56.jpg'}, 'nat': 'MX'}</msg>
<arg>${json_data['results'][0]}</arg>
<doc>Logs the given message with the given level.</doc>
<status status="PASS" start="2024-06-12T01:06:01.085551" elapsed="0.000412"/>
</kw>
<kw name="Log" owner="BuiltIn">
<msg time="2024-06-12T01:06:01.086404" level="INFO">gender</msg>
<arg>${key}</arg>
<doc>Logs the given message with the given level.</doc>
<status status="PASS" start="2024-06-12T01:06:01.086275" elapsed="0.000168"/>
</kw>
<var name="${key}">gender</var>
<status status="PASS" start="2024-06-12T01:06:01.084815" elapsed="0.001850"/>
</iter>
<iter>
<kw name="Dictionary Should Contain Key" owner="Collections">
<arg>${json_data['results'][0]}</arg>
<arg>${key}</arg>
<doc>Fails if ``key`` is not found from ``dictionary``.</doc>
<status status="PASS" start="2024-06-12T01:06:01.086967" elapsed="0.000394"/>
</kw>
<kw name="Log" owner="BuiltIn">
<msg time="2024-06-12T01:06:01.087929" level="INFO">{'gender': 'male', 'name': {'title': 'Mr', 'first': 'Ramiro', 'last': 'Guzmán'}, 'location': {'street': {'number': 2302, 'name': 'Circuito Mercado'}, 'city': 'Uruetaro', 'state': 'Colima', 'country': 'Mexico', 'postcode': 88445, 'coordinates': {'latitude': '27.6261', 'longitude': '-30.6715'}, 'timezone': {'offset': '+7:00', 'description': 'Bangkok, Hanoi, Jakarta'}}, 'email': 'ramiro.guzman@example.com', 'login': {'uuid': 'c6d35e4d-4fe2-4eb7-9082-12292f735762', 'username': 'lazycat209', 'password': '1016', 'salt': 'r75j6SEg', 'md5': '638505ecbfd5e675f711bfafa3cc2df9', 'sha1': '3dcbbc7a119f943e844653c96e6cdf6b402d0daa', 'sha256': '74f104f4d8ba71c826b2d08879759d2f99100d4bdffb1059d03c6bca8afeadc9'}, 'dob': {'date': '1952-12-24T14:07:03.841Z', 'age': 71}, 'registered': {'date': '2005-10-20T13:52:55.431Z', 'age': 18}, 'phone': '(619) 423 4419', 'cell': '(673) 032 1977', 'id': {'name': 'NSS', 'value': '93 87 94 8070 2'}, 'picture': {'large': 'https://randomuser.me/api/portraits/men/56.jpg', 'medium': 'https://randomuser.me/api/portraits/med/men/56.jpg', 'thumbnail': 'https://randomuser.me/api/portraits/thumb/men/56.jpg'}, 'nat': 'MX'}</msg>
<arg>${json_data['results'][0]}</arg>
<doc>Logs the given message with the given level.</doc>
<status status="PASS" start="2024-06-12T01:06:01.087576" elapsed="0.000439"/>
</kw>
<kw name="Log" owner="BuiltIn">
<msg time="2024-06-12T01:06:01.088449" level="INFO">name</msg>
<arg>${key}</arg>
<doc>Logs the given message with the given level.</doc>
<status status="PASS" start="2024-06-12T01:06:01.088315" elapsed="0.000173"/>
</kw>
<var name="${key}">name</var>
<status status="PASS" start="2024-06-12T01:06:01.086854" elapsed="0.001853"/>
</iter>
<iter>
<kw name="Dictionary Should Contain Key" owner="Collections">
<arg>${json_data['results'][0]}</arg>
<arg>${key}</arg>
<doc>Fails if ``key`` is not found from ``dictionary``.</doc>
<status status="PASS" start="2024-06-12T01:06:01.088998" elapsed="0.000378"/>
</kw>
<kw name="Log" owner="BuiltIn">
<msg time="2024-06-12T01:06:01.089918" level="INFO">{'gender': 'male', 'name': {'title': 'Mr', 'first': 'Ramiro', 'last': 'Guzmán'}, 'location': {'street': {'number': 2302, 'name': 'Circuito Mercado'}, 'city': 'Uruetaro', 'state': 'Colima', 'country': 'Mexico', 'postcode': 88445, 'coordinates': {'latitude': '27.6261', 'longitude': '-30.6715'}, 'timezone': {'offset': '+7:00', 'description': 'Bangkok, Hanoi, Jakarta'}}, 'email': 'ramiro.guzman@example.com', 'login': {'uuid': 'c6d35e4d-4fe2-4eb7-9082-12292f735762', 'username': 'lazycat209', 'password': '1016', 'salt': 'r75j6SEg', 'md5': '638505ecbfd5e675f711bfafa3cc2df9', 'sha1': '3dcbbc7a119f943e844653c96e6cdf6b402d0daa', 'sha256': '74f104f4d8ba71c826b2d08879759d2f99100d4bdffb1059d03c6bca8afeadc9'}, 'dob': {'date': '1952-12-24T14:07:03.841Z', 'age': 71}, 'registered': {'date': '2005-10-20T13:52:55.431Z', 'age': 18}, 'phone': '(619) 423 4419', 'cell': '(673) 032 1977', 'id': {'name': 'NSS', 'value': '93 87 94 8070 2'}, 'picture': {'large': 'https://randomuser.me/api/portraits/men/56.jpg', 'medium': 'https://randomuser.me/api/portraits/med/men/56.jpg', 'thumbnail': 'https://randomuser.me/api/portraits/thumb/men/56.jpg'}, 'nat': 'MX'}</msg>
<arg>${json_data['results'][0]}</arg>
<doc>Logs the given message with the given level.</doc>
<status status="PASS" start="2024-06-12T01:06:01.089565" elapsed="0.000405"/>
</kw>
<kw name="Log" owner="BuiltIn">
<msg time="2024-06-12T01:06:01.090392" level="INFO">location</msg>
<arg>${key}</arg>
<doc>Logs the given message with the given level.</doc>
<status status="PASS" start="2024-06-12T01:06:01.090266" elapsed="0.000163"/>
</kw>
<var name="${key}">location</var>
<status status="PASS" start="2024-06-12T01:06:01.088889" elapsed="0.001762"/>
</iter>
<iter>
<kw name="Dictionary Should Contain Key" owner="Collections">
<arg>${json_data['results'][0]}</arg>
<arg>${key}</arg>
<doc>Fails if ``key`` is not found from ``dictionary``.</doc>
<status status="PASS" start="2024-06-12T01:06:01.090935" elapsed="0.000376"/>
</kw>
<kw name="Log" owner="BuiltIn">
<msg time="2024-06-12T01:06:01.091873" level="INFO">{'gender': 'male', 'name': {'title': 'Mr', 'first': 'Ramiro', 'last': 'Guzmán'}, 'location': {'street': {'number': 2302, 'name': 'Circuito Mercado'}, 'city': 'Uruetaro', 'state': 'Colima', 'country': 'Mexico', 'postcode': 88445, 'coordinates': {'latitude': '27.6261', 'longitude': '-30.6715'}, 'timezone': {'offset': '+7:00', 'description': 'Bangkok, Hanoi, Jakarta'}}, 'email': 'ramiro.guzman@example.com', 'login': {'uuid': 'c6d35e4d-4fe2-4eb7-9082-12292f735762', 'username': 'lazycat209', 'password': '1016', 'salt': 'r75j6SEg', 'md5': '638505ecbfd5e675f711bfafa3cc2df9', 'sha1': '3dcbbc7a119f943e844653c96e6cdf6b402d0daa', 'sha256': '74f104f4d8ba71c826b2d08879759d2f99100d4bdffb1059d03c6bca8afeadc9'}, 'dob': {'date': '1952-12-24T14:07:03.841Z', 'age': 71}, 'registered': {'date': '2005-10-20T13:52:55.431Z', 'age': 18}, 'phone': '(619) 423 4419', 'cell': '(673) 032 1977', 'id': {'name': 'NSS', 'value': '93 87 94 8070 2'}, 'picture': {'large': 'https://randomuser.me/api/portraits/men/56.jpg', 'medium': 'https://randomuser.me/api/portraits/med/men/56.jpg', 'thumbnail': 'https://randomuser.me/api/portraits/thumb/men/56.jpg'}, 'nat': 'MX'}</msg>
<arg>${json_data['results'][0]}</arg>
<doc>Logs the given message with the given level.</doc>
<status status="PASS" start="2024-06-12T01:06:01.091513" elapsed="0.000411"/>
</kw>
<kw name="Log" owner="BuiltIn">
<msg time="2024-06-12T01:06:01.092350" level="INFO">email</msg>
<arg>${key}</arg>
<doc>Logs the given message with the given level.</doc>
<status status="PASS" start="2024-06-12T01:06:01.092223" elapsed="0.000165"/>
</kw>
<var name="${key}">email</var>
<status status="PASS" start="2024-06-12T01:06:01.090828" elapsed="0.001773"/>
</iter>
<iter>
<kw name="Dictionary Should Contain Key" owner="Collections">
<arg>${json_data['results'][0]}</arg>
<arg>${key}</arg>
<doc>Fails if ``key`` is not found from ``dictionary``.</doc>
<status status="PASS" start="2024-06-12T01:06:01.092880" elapsed="0.000387"/>
</kw>
<kw name="Log" owner="BuiltIn">
<msg time="2024-06-12T01:06:01.093796" level="INFO">{'gender': 'male', 'name': {'title': 'Mr', 'first': 'Ramiro', 'last': 'Guzmán'}, 'location': {'street': {'number': 2302, 'name': 'Circuito Mercado'}, 'city': 'Uruetaro', 'state': 'Colima', 'country': 'Mexico', 'postcode': 88445, 'coordinates': {'latitude': '27.6261', 'longitude': '-30.6715'}, 'timezone': {'offset': '+7:00', 'description': 'Bangkok, Hanoi, Jakarta'}}, 'email': 'ramiro.guzman@example.com', 'login': {'uuid': 'c6d35e4d-4fe2-4eb7-9082-12292f735762', 'username': 'lazycat209', 'password': '1016', 'salt': 'r75j6SEg', 'md5': '638505ecbfd5e675f711bfafa3cc2df9', 'sha1': '3dcbbc7a119f943e844653c96e6cdf6b402d0daa', 'sha256': '74f104f4d8ba71c826b2d08879759d2f99100d4bdffb1059d03c6bca8afeadc9'}, 'dob': {'date': '1952-12-24T14:07:03.841Z', 'age': 71}, 'registered': {'date': '2005-10-20T13:52:55.431Z', 'age': 18}, 'phone': '(619) 423 4419', 'cell': '(673) 032 1977', 'id': {'name': 'NSS', 'value': '93 87 94 8070 2'}, 'picture': {'large': 'https://randomuser.me/api/portraits/men/56.jpg', 'medium': 'https://randomuser.me/api/portraits/med/men/56.jpg', 'thumbnail': 'https://randomuser.me/api/portraits/thumb/men/56.jpg'}, 'nat': 'MX'}</msg>
<arg>${json_data['results'][0]}</arg>
<doc>Logs the given message with the given level.</doc>
<status status="PASS" start="2024-06-12T01:06:01.093453" elapsed="0.000394"/>
</kw>
<kw name="Log" owner="BuiltIn">
<msg time="2024-06-12T01:06:01.094388" level="INFO">login</msg>
<arg>${key}</arg>
<doc>Logs the given message with the given level.</doc>
<status status="PASS" start="2024-06-12T01:06:01.094140" elapsed="0.000286"/>
</kw>
<var name="${key}">login</var>
<status status="PASS" start="2024-06-12T01:06:01.092773" elapsed="0.001875"/>
</iter>
<var>${key}</var>
<value>@{expected_keys}</value>
<status status="PASS" start="2024-06-12T01:06:01.084615" elapsed="0.010160"/>
</for>
<kw name="Create List" owner="BuiltIn">
<msg time="2024-06-12T01:06:01.095103" level="INFO">${expected_keysTwo} = ['username', 'password']</msg>
<var>${expected_keysTwo}</var>
<arg>username</arg>
<arg>password</arg>
<doc>Returns a list containing given items.</doc>
<status status="PASS" start="2024-06-12T01:06:01.094965" elapsed="0.000162"/>
</kw>
<for flavor="IN">
<iter>
<kw name="Dictionary Should Contain Key" owner="Collections">
<arg>${json_data['results'][0]['login']}</arg>
<arg>${keyTwo}</arg>
<doc>Fails if ``key`` is not found from ``dictionary``.</doc>
<status status="PASS" start="2024-06-12T01:06:01.095696" elapsed="0.000377"/>
</kw>
<kw name="Dictionary Should Contain Key" owner="Collections">
<arg>${json_data['results'][0]['login']}</arg>
<arg>${keyTwo}</arg>
<doc>Fails if ``key`` is not found from ``dictionary``.</doc>
<status status="PASS" start="2024-06-12T01:06:01.096256" elapsed="0.000379"/>
</kw>
<kw name="Log" owner="BuiltIn">
<msg time="2024-06-12T01:06:01.096934" level="INFO">username</msg>
<arg>${keyTwo}</arg>
<doc>Logs the given message with the given level.</doc>
<status status="PASS" start="2024-06-12T01:06:01.096815" elapsed="0.000156"/>
</kw>
<var name="${keyTwo}">username</var>
<status status="PASS" start="2024-06-12T01:06:01.095587" elapsed="0.001605"/>
</iter>
<iter>
<kw name="Dictionary Should Contain Key" owner="Collections">
<arg>${json_data['results'][0]['login']}</arg>
<arg>${keyTwo}</arg>
<doc>Fails if ``key`` is not found from ``dictionary``.</doc>
<status status="PASS" start="2024-06-12T01:06:01.097504" elapsed="0.000456"/>
</kw>
<kw name="Dictionary Should Contain Key" owner="Collections">
<arg>${json_data['results'][0]['login']}</arg>
<arg>${keyTwo}</arg>
<doc>Fails if ``key`` is not found from ``dictionary``.</doc>
<status status="PASS" start="2024-06-12T01:06:01.098161" elapsed="0.000375"/>
</kw>
<kw name="Log" owner="BuiltIn">
<msg time="2024-06-12T01:06:01.098834" level="INFO">password</msg>
<arg>${keyTwo}</arg>
<doc>Logs the given message with the given level.</doc>
<status status="PASS" start="2024-06-12T01:06:01.098714" elapsed="0.000157"/>
</kw>
<var name="${keyTwo}">password</var>
<status status="PASS" start="2024-06-12T01:06:01.097374" elapsed="0.001722"/>
</iter>
<var>${keyTwo}</var>
<value>@{expected_keysTwo}</value>
<status status="PASS" start="2024-06-12T01:06:01.095396" elapsed="0.003823"/>
</for>
<status status="PASS" start="2024-06-12T01:06:00.975231" elapsed="0.124134"/>
</kw>
<doc>Testa a estrutura da resposta da API.</doc>
<tag>testeEstruturaResposta</tag>
<status status="PASS" start="2024-06-12T01:06:00.974474" elapsed="0.125079"/>
</test>
<test id="s1-s1-t4" name="Validar tipos de dados" line="28">
<kw name="Teste de Tipos de Dados" owner="random-user-service">
<kw name="GET On Session" owner="RequestsLibrary">
<msg time="2024-06-12T01:06:01.167452" level="INFO">GET Request : url=https://randomuser.me/api 
 path_url=/api 
 headers={'User-Agent': 'python-requests/2.32.3', 'Accept-Encoding': 'gzip, deflate', 'Accept': '*/*', 'Connection': 'keep-alive'} 
 body=None 
 </msg>
<msg time="2024-06-12T01:06:01.167602" level="INFO">GET Response : url=https://randomuser.me/api 
 status=200, reason=OK 
 headers={'Date': 'Wed, 12 Jun 2024 01:06:01 GMT', 'Content-Type': 'application/json; charset=utf-8', 'Transfer-Encoding': 'chunked', 'Connection': 'keep-alive', 'X-Powered-By': 'Express', 'Access-Control-Allow-Origin': '*', 'Cache-Control': 'no-cache', 'ETag': 'W/"484-xwX+gJf6kruMd4KsaesYLJhOj2s"', 'Vary': 'Accept-Encoding', 'Content-Encoding': 'gzip', 'CF-Cache-Status': 'DYNAMIC', 'Report-To': '{"endpoints":[{"url":"https:\\/\\/a.nel.cloudflare.com\\/report\\/v4?s=n8joHTD5cFCXeWvz4I9gB0eMBSqgUqT6BFfxgNaccgCCCtNH8Cu%2FeYjoiw%2F9hUXnIjPAGVJOlpl3JdZwb8EyI7eJNxKHz0XZJy6qQvDVcssDsfFNL0WHtA%2Bc%2F7af%2F7Uk"}],"group":"cf-nel","max_age":604800}', 'NEL': '{"success_fraction":0,"report_to":"cf-nel","max_age":604800}', 'Server': 'cloudflare', 'CF-RAY': '8925ef94eed28f2c-IAD', 'alt-svc': 'h3=":443"; ma=86400'} 
 body={"results":[{"gender":"female","name":{"title":"Ms","first":"Stina","last":"Kaasa"},"location":{"street":{"number":1608,"name":"Krokusveien"},"city":"Alternes","state":"Oslo","country":"Norway","postcode":"9388","coordinates":{"latitude":"46.6955","longitude":"104.6524"},"timezone":{"offset":"-6:00","description":"Central Time (US &amp; Canada), Mexico City"}},"email":"stina.kaasa@example.com","login":{"uuid":"e7c32709-8964-48f0-a792-967c75cdb618","username":"blackmeercat474","password":"monk","salt":"LysH7dNE","md5":"fe63d431f6580cd481743c008c5402f8","sha1":"1eafaf5fe184f77cd714668e8fde4dbb7c6985bf","sha256":"77b13e7fe87beae4263efc8b2c365c3aab2f375e2bce2731c3bc42e903ce0736"},"dob":{"date":"1969-10-21T00:55:47.020Z","age":54},"registered":{"date":"2018-03-25T17:11:35.703Z","age":6},"phone":"57874159","cell":"99092898","id":{"name":"FN","value":"21106939044"},"picture":{"large":"https://randomuser.me/api/portraits/women/47.jpg","medium":"https://randomuser.me/api/portraits/med/women/47.jpg","thumbnail":"https://randomuser.me/api/portraits/thumb/women/47.jpg"},"nat":"NO"}],"info":{"seed":"0cd7eb20d2d9cf52","results":1,"page":1,"version":"1.4"}} 
 </msg>
<msg time="2024-06-12T01:06:01.167686" level="INFO">/opt/hostedtoolcache/Python/3.12.3/x64/lib/python3.12/site-packages/urllib3/connectionpool.py:1103: InsecureRequestWarning: Unverified HTTPS request is being made to host 'randomuser.me'. Adding certificate verification is strongly advised. See: https://urllib3.readthedocs.io/en/latest/advanced-usage.html#tls-warnings
  warnings.warn(</msg>
<msg time="2024-06-12T01:06:01.167831" level="INFO">${response} = &lt;Response [200]&gt;</msg>
<var>${response}</var>
<arg>consultarAPI</arg>
<arg>/api</arg>
<doc>Sends a GET request on a previously created HTTP Session.</doc>
<status status="PASS" start="2024-06-12T01:06:01.102044" elapsed="0.065828"/>
</kw>
<kw name="Set Variable" owner="BuiltIn">
<msg time="2024-06-12T01:06:01.168908" level="INFO">${json_data} = {'results': [{'gender': 'female', 'name': {'title': 'Ms', 'first': 'Stina', 'last': 'Kaasa'}, 'location': {'street': {'number': 1608, 'name': 'Krokusveien'}, 'city': 'Alternes', 'state': 'Oslo', 'coun...</msg>
<var>${json_data}</var>
<arg>${response.json()}</arg>
<doc>Returns the given values which can then be assigned to a variables.</doc>
<status status="PASS" start="2024-06-12T01:06:01.168400" elapsed="0.000537"/>
</kw>
<kw name="Log" owner="BuiltIn">
<msg time="2024-06-12T01:06:01.169400" level="INFO">{'results': [{'gender': 'female', 'name': {'title': 'Ms', 'first': 'Stina', 'last': 'Kaasa'}, 'location': {'street': {'number': 1608, 'name': 'Krokusveien'}, 'city': 'Alternes', 'state': 'Oslo', 'country': 'Norway', 'postcode': '9388', 'coordinates': {'latitude': '46.6955', 'longitude': '104.6524'}, 'timezone': {'offset': '-6:00', 'description': 'Central Time (US &amp; Canada), Mexico City'}}, 'email': 'stina.kaasa@example.com', 'login': {'uuid': 'e7c32709-8964-48f0-a792-967c75cdb618', 'username': 'blackmeercat474', 'password': 'monk', 'salt': 'LysH7dNE', 'md5': 'fe63d431f6580cd481743c008c5402f8', 'sha1': '1eafaf5fe184f77cd714668e8fde4dbb7c6985bf', 'sha256': '77b13e7fe87beae4263efc8b2c365c3aab2f375e2bce2731c3bc42e903ce0736'}, 'dob': {'date': '1969-10-21T00:55:47.020Z', 'age': 54}, 'registered': {'date': '2018-03-25T17:11:35.703Z', 'age': 6}, 'phone': '57874159', 'cell': '99092898', 'id': {'name': 'FN', 'value': '21106939044'}, 'picture': {'large': 'https://randomuser.me/api/portraits/women/47.jpg', 'medium': 'https://randomuser.me/api/portraits/med/women/47.jpg', 'thumbnail': 'https://randomuser.me/api/portraits/thumb/women/47.jpg'}, 'nat': 'NO'}], 'info': {'seed': '0cd7eb20d2d9cf52', 'results': 1, 'page': 1, 'version': '1.4'}}</msg>
<arg>${json_data}</arg>
<doc>Logs the given message with the given level.</doc>
<status status="PASS" start="2024-06-12T01:06:01.169247" elapsed="0.000203"/>
</kw>
<kw name="Should Be String" owner="String">
<arg>${json_data['results'][0]['gender']}</arg>
<doc>Fails if the given ``item`` is not a string.</doc>
<status status="PASS" start="2024-06-12T01:06:01.169743" elapsed="0.000361"/>
</kw>
<kw name="Should Match Regexp" owner="BuiltIn">
<arg>${json_data['results'][0]['email']}</arg>
<arg>^[a-zA-Z0-9._%+-]+@[a-zA-Z0-9.-]+\.[a-zA-Z]{2,}$</arg>
<doc>Fails if ``string`` does not match ``pattern`` as a regular expression.</doc>
<status status="PASS" start="2024-06-12T01:06:01.170293" elapsed="0.000510"/>
</kw>
<kw name="Should Match Regexp" owner="BuiltIn">
<arg>${json_data['results'][0]['dob']['date']}</arg>
<arg>\\d{4}-\\d{2}-\\d{2}T\\d{2}:\\d{2}:\\d{2}\\.\\d{3}Z</arg>
<doc>Fails if ``string`` does not match ``pattern`` as a regular expression.</doc>
<status status="PASS" start="2024-06-12T01:06:01.171040" elapsed="0.000537"/>
</kw>
<kw name="Should Match Regexp" owner="BuiltIn">
<arg>${json_data['results'][0]['registered']['date']}</arg>
<arg>\\d{4}-\\d{2}-\\d{2}T\\d{2}:\\d{2}:\\d{2}\\.\\d{3}Z</arg>
<doc>Fails if ``string`` does not match ``pattern`` as a regular expression.</doc>
<status status="PASS" start="2024-06-12T01:06:01.171775" elapsed="0.000369"/>
</kw>
<kw name="Should Match Regexp" owner="BuiltIn">
<arg>${json_data['results'][0]['picture']['large']}</arg>
<arg>^https?://.*\.(?:png|jpe?g|gif|bmp)$</arg>
<doc>Fails if ``string`` does not match ``pattern`` as a regular expression.</doc>
<status status="PASS" start="2024-06-12T01:06:01.172333" elapsed="0.000452"/>
</kw>
<kw name="Should Match Regexp" owner="BuiltIn">
<arg>${json_data['results'][0]['picture']['medium']}</arg>
<arg>^https?://.*\.(?:png|jpe?g|gif|bmp)$</arg>
<doc>Fails if ``string`` does not match ``pattern`` as a regular expression.</doc>
<status status="PASS" start="2024-06-12T01:06:01.172978" elapsed="0.000349"/>
</kw>
<kw name="Should Match Regexp" owner="BuiltIn">
<arg>${json_data['results'][0]['picture']['thumbnail']}</arg>
<arg>^https?://.*\.(?:png|jpe?g|gif|bmp)$</arg>
<doc>Fails if ``string`` does not match ``pattern`` as a regular expression.</doc>
<status status="PASS" start="2024-06-12T01:06:01.173519" elapsed="0.000342"/>
</kw>
<kw name="Log" owner="BuiltIn">
<msg time="2024-06-12T01:06:01.174369" level="INFO">{'large': 'https://randomuser.me/api/portraits/women/47.jpg', 'medium': 'https://randomuser.me/api/portraits/med/women/47.jpg', 'thumbnail': 'https://randomuser.me/api/portraits/thumb/women/47.jpg'}</msg>
<arg>${json_data['results'][0]['picture']}</arg>
<doc>Logs the given message with the given level.</doc>
<status status="PASS" start="2024-06-12T01:06:01.174041" elapsed="0.000372"/>
</kw>
<status status="PASS" start="2024-06-12T01:06:01.101813" elapsed="0.072863"/>
</kw>
<kw name="Teste de Tipos de Dados - Postcode" owner="random-user-service">
<kw name="GET On Session" owner="RequestsLibrary">
<msg time="2024-06-12T01:06:01.266641" level="INFO">GET Request : url=https://randomuser.me/api 
 path_url=/api 
 headers={'User-Agent': 'python-requests/2.32.3', 'Accept-Encoding': 'gzip, deflate', 'Accept': '*/*', 'Connection': 'keep-alive'} 
 body=None 
 </msg>
<msg time="2024-06-12T01:06:01.266761" level="INFO">GET Response : url=https://randomuser.me/api 
 status=200, reason=OK 
 headers={'Date': 'Wed, 12 Jun 2024 01:06:01 GMT', 'Content-Type': 'application/json; charset=utf-8', 'Transfer-Encoding': 'chunked', 'Connection': 'keep-alive', 'X-Powered-By': 'Express', 'Access-Control-Allow-Origin': '*', 'Cache-Control': 'no-cache', 'ETag': 'W/"48f-GWfO6jCMNsl/2gC7jB6ULG9TAJs"', 'Vary': 'Accept-Encoding', 'Content-Encoding': 'gzip', 'CF-Cache-Status': 'DYNAMIC', 'Report-To': '{"endpoints":[{"url":"https:\\/\\/a.nel.cloudflare.com\\/report\\/v4?s=Q3nA7IK6ikWM0RNaK57JJtyMmJfYw4AtJN2cWFG5Ge%2BQzc3k%2Bxegema9BDwgUGtFDol3PsRWH3wvxpl9937Z4lbQqZx5IT4RACV6eGibgTERf90w%2FYm1coQEPioL%2F3Fs"}],"group":"cf-nel","max_age":604800}', 'NEL': '{"success_fraction":0,"report_to":"cf-nel","max_age":604800}', 'Server': 'cloudflare', 'CF-RAY': '8925ef955f428f2c-IAD', 'alt-svc': 'h3=":443"; ma=86400'} 
 body={"results":[{"gender":"male","name":{"title":"Mr","first":"Otto","last":"Maki"},"location":{"street":{"number":8813,"name":"Hämeentie"},"city":"Vieremä","state":"Northern Savonia","country":"Finland","postcode":64888,"coordinates":{"latitude":"-23.8538","longitude":"-151.6176"},"timezone":{"offset":"+1:00","description":"Brussels, Copenhagen, Madrid, Paris"}},"email":"otto.maki@example.com","login":{"uuid":"b87e4f79-49ff-46d9-8019-310c9ca37743","username":"bigmouse295","password":"373737","salt":"tM07yZJb","md5":"7b97ac98dbf65547de83f0db16637b5c","sha1":"de9d14408c5f2c9ff5ed35bcbd746aaf0b0299c1","sha256":"8e73b7283e1a56f739f7b1baaf436e43f4808dcfba79cc287ce525198b2946f5"},"dob":{"date":"1949-10-10T10:00:19.093Z","age":74},"registered":{"date":"2002-10-09T20:28:03.399Z","age":21},"phone":"06-762-442","cell":"042-180-57-64","id":{"name":"HETU","value":"NaNNA039undefined"},"picture":{"large":"https://randomuser.me/api/portraits/men/77.jpg","medium":"https://randomuser.me/api/portraits/med/men/77.jpg","thumbnail":"https://randomuser.me/api/portraits/thumb/men/77.jpg"},"nat":"FI"}],"info":{"seed":"53a9b62dca7a01e4","results":1,"page":1,"version":"1.4"}} 
 </msg>
<msg time="2024-06-12T01:06:01.266871" level="INFO">/opt/hostedtoolcache/Python/3.12.3/x64/lib/python3.12/site-packages/urllib3/connectionpool.py:1103: InsecureRequestWarning: Unverified HTTPS request is being made to host 'randomuser.me'. Adding certificate verification is strongly advised. See: https://urllib3.readthedocs.io/en/latest/advanced-usage.html#tls-warnings
  warnings.warn(</msg>
<msg time="2024-06-12T01:06:01.267017" level="INFO">${response} = &lt;Response [200]&gt;</msg>
<var>${response}</var>
<arg>consultarAPI</arg>
<arg>/api</arg>
<doc>Sends a GET request on a previously created HTTP Session.</doc>
<status status="PASS" start="2024-06-12T01:06:01.175154" elapsed="0.091910"/>
</kw>
<kw name="Set Variable" owner="BuiltIn">
<msg time="2024-06-12T01:06:01.268179" level="INFO">${json_data} = {'results': [{'gender': 'male', 'name': {'title': 'Mr', 'first': 'Otto', 'last': 'Maki'}, 'location': {'street': {'number': 8813, 'name': 'Hämeentie'}, 'city': 'Vieremä', 'state': 'Northern Savonia', ...</msg>
<var>${json_data}</var>
<arg>${response.json()}</arg>
<doc>Returns the given values which can then be assigned to a variables.</doc>
<status status="PASS" start="2024-06-12T01:06:01.267644" elapsed="0.000568"/>
</kw>
<kw name="Log" owner="BuiltIn">
<msg time="2024-06-12T01:06:01.268709" level="INFO">{'results': [{'gender': 'male', 'name': {'title': 'Mr', 'first': 'Otto', 'last': 'Maki'}, 'location': {'street': {'number': 8813, 'name': 'Hämeentie'}, 'city': 'Vieremä', 'state': 'Northern Savonia', 'country': 'Finland', 'postcode': 64888, 'coordinates': {'latitude': '-23.8538', 'longitude': '-151.6176'}, 'timezone': {'offset': '+1:00', 'description': 'Brussels, Copenhagen, Madrid, Paris'}}, 'email': 'otto.maki@example.com', 'login': {'uuid': 'b87e4f79-49ff-46d9-8019-310c9ca37743', 'username': 'bigmouse295', 'password': '373737', 'salt': 'tM07yZJb', 'md5': '7b97ac98dbf65547de83f0db16637b5c', 'sha1': 'de9d14408c5f2c9ff5ed35bcbd746aaf0b0299c1', 'sha256': '8e73b7283e1a56f739f7b1baaf436e43f4808dcfba79cc287ce525198b2946f5'}, 'dob': {'date': '1949-10-10T10:00:19.093Z', 'age': 74}, 'registered': {'date': '2002-10-09T20:28:03.399Z', 'age': 21}, 'phone': '06-762-442', 'cell': '042-180-57-64', 'id': {'name': 'HETU', 'value': 'NaNNA039undefined'}, 'picture': {'large': 'https://randomuser.me/api/portraits/men/77.jpg', 'medium': 'https://randomuser.me/api/portraits/med/men/77.jpg', 'thumbnail': 'https://randomuser.me/api/portraits/thumb/men/77.jpg'}, 'nat': 'FI'}], 'info': {'seed': '53a9b62dca7a01e4', 'results': 1, 'page': 1, 'version': '1.4'}}</msg>
<arg>${json_data}</arg>
<doc>Logs the given message with the given level.</doc>
<status status="PASS" start="2024-06-12T01:06:01.268542" elapsed="0.000216"/>
</kw>
<kw name="Should Be Equal As Numbers" owner="BuiltIn">
<arg>${json_data['results'][0]['location']['postcode']}</arg>
<arg>${json_data['results'][0]['location']['postcode']}</arg>
<doc>Fails if objects are unequal after converting them to real numbers.</doc>
<status status="PASS" start="2024-06-12T01:06:01.269064" elapsed="0.000640"/>
</kw>
<kw name="Log" owner="BuiltIn">
<msg time="2024-06-12T01:06:01.270248" level="INFO">64888</msg>
<arg>${json_data['results'][0]['location']['postcode']}</arg>
<doc>Logs the given message with the given level.</doc>
<status status="PASS" start="2024-06-12T01:06:01.269910" elapsed="0.000378"/>
</kw>
<status status="PASS" start="2024-06-12T01:06:01.174910" elapsed="0.095671"/>
</kw>
<doc>Testa se os tipos de dados na resposta da API estão corretos.</doc>
<tag>testeTiposDados</tag>
<status status="PASS" start="2024-06-12T01:06:01.101340" elapsed="0.169423"/>
</test>
<test id="s1-s1-t5" name="Validar conteudo" line="35">
<kw name="Teste de Tipos de Conteudo" owner="random-user-service">
<kw name="GET On Session" owner="RequestsLibrary">
<msg time="2024-06-12T01:06:01.378766" level="INFO">GET Request : url=https://randomuser.me/api 
 path_url=/api 
 headers={'User-Agent': 'python-requests/2.32.3', 'Accept-Encoding': 'gzip, deflate', 'Accept': '*/*', 'Connection': 'keep-alive'} 
 body=None 
 </msg>
<msg time="2024-06-12T01:06:01.378878" level="INFO">GET Response : url=https://randomuser.me/api 
 status=200, reason=OK 
 headers={'Date': 'Wed, 12 Jun 2024 01:06:01 GMT', 'Content-Type': 'application/json; charset=utf-8', 'Transfer-Encoding': 'chunked', 'Connection': 'keep-alive', 'X-Powered-By': 'Express', 'Access-Control-Allow-Origin': '*', 'Cache-Control': 'no-cache', 'ETag': 'W/"47c-2IzSv45GigYmyrUwvu2i0gMHhLE"', 'Vary': 'Accept-Encoding', 'Content-Encoding': 'gzip', 'CF-Cache-Status': 'DYNAMIC', 'Report-To': '{"endpoints":[{"url":"https:\\/\\/a.nel.cloudflare.com\\/report\\/v4?s=JzBrz7TClqrzPaCTZ%2FfhqjY2fin5lokBUZCKTXt1adQF%2BB%2FAveaCHRWU6A4AsuLjLIQOwoSGpvivjjqhyWYPNeG3y30Clvxb9PnRbxQucSi47UTUL%2FpRXG573dY6Myx%2B"}],"group":"cf-nel","max_age":604800}', 'NEL': '{"success_fraction":0,"report_to":"cf-nel","max_age":604800}', 'Server': 'cloudflare', 'CF-RAY': '8925ef95ffcf8f2c-IAD', 'alt-svc': 'h3=":443"; ma=86400'} 
 body={"results":[{"gender":"male","name":{"title":"Mr","first":"Joe","last":"Omahony"},"location":{"street":{"number":334,"name":"Church Road"},"city":"Ratoath","state":"Kerry","country":"Ireland","postcode":64284,"coordinates":{"latitude":"1.9592","longitude":"-118.4539"},"timezone":{"offset":"+4:00","description":"Abu Dhabi, Muscat, Baku, Tbilisi"}},"email":"joe.omahony@example.com","login":{"uuid":"8a901c59-24b5-469e-b1e8-c2adc223f084","username":"tinylion806","password":"absolutely","salt":"itTuyM6S","md5":"c9234a38ab17ab09cca38d64cbd97aa2","sha1":"d48bbdf97e1e66e731cdb4d956c4dca2c1cd279b","sha256":"58199db5e19bccf6fbee7cf14d88614b0b12f5713341b08128209be5ab18655c"},"dob":{"date":"1952-11-25T21:52:47.871Z","age":71},"registered":{"date":"2014-12-13T11:59:46.088Z","age":9},"phone":"061-112-9052","cell":"081-403-2278","id":{"name":"PPS","value":"4037079T"},"picture":{"large":"https://randomuser.me/api/portraits/men/86.jpg","medium":"https://randomuser.me/api/portraits/med/men/86.jpg","thumbnail":"https://randomuser.me/api/portraits/thumb/men/86.jpg"},"nat":"IE"}],"info":{"seed":"b0b2d7412f11c392","results":1,"page":1,"version":"1.4"}} 
 </msg>
<msg time="2024-06-12T01:06:01.378961" level="INFO">/opt/hostedtoolcache/Python/3.12.3/x64/lib/python3.12/site-packages/urllib3/connectionpool.py:1103: InsecureRequestWarning: Unverified HTTPS request is being made to host 'randomuser.me'. Adding certificate verification is strongly advised. See: https://urllib3.readthedocs.io/en/latest/advanced-usage.html#tls-warnings
  warnings.warn(</msg>
<msg time="2024-06-12T01:06:01.379099" level="INFO">${response} = &lt;Response [200]&gt;</msg>
<var>${response}</var>
<arg>consultarAPI</arg>
<arg>/api</arg>
<doc>Sends a GET request on a previously created HTTP Session.</doc>
<status status="PASS" start="2024-06-12T01:06:01.273876" elapsed="0.105261"/>
</kw>
<kw name="Set Variable" owner="BuiltIn">
<msg time="2024-06-12T01:06:01.380240" level="INFO">${json_data} = {'results': [{'gender': 'male', 'name': {'title': 'Mr', 'first': 'Joe', 'last': 'Omahony'}, 'location': {'street': {'number': 334, 'name': 'Church Road'}, 'city': 'Ratoath', 'state': 'Kerry', 'country...</msg>
<var>${json_data}</var>
<arg>${response.json()}</arg>
<doc>Returns the given values which can then be assigned to a variables.</doc>
<status status="PASS" start="2024-06-12T01:06:01.379727" elapsed="0.000544"/>
</kw>
<kw name="Set Variable" owner="BuiltIn">
<msg time="2024-06-12T01:06:01.380958" level="INFO">${name_title} = Mr</msg>
<var>${name_title}</var>
<arg>${json_data["results"][0]["name"]["title"]}</arg>
<doc>Returns the given values which can then be assigned to a variables.</doc>
<status status="PASS" start="2024-06-12T01:06:01.380578" elapsed="0.000407"/>
</kw>
<kw name="Create List" owner="BuiltIn">
<msg time="2024-06-12T01:06:01.381445" level="INFO">${allowed_titles} = ['Mr', 'Ms', 'Miss', 'Mrs', 'Madame', 'Monsieur']</msg>
<var>${allowed_titles}</var>
<arg>Mr</arg>
<arg>Ms</arg>
<arg>Miss</arg>
<arg>Mrs</arg>
<arg>Madame</arg>
<arg>Monsieur</arg>
<doc>Returns a list containing given items.</doc>
<status status="PASS" start="2024-06-12T01:06:01.381297" elapsed="0.000172"/>
</kw>
<kw name="List Should Contain Value" owner="Collections">
<arg>${allowed_titles}</arg>
<arg>${name_title}</arg>
<doc>Fails if the ``value`` is not found from ``list``.</doc>
<status status="PASS" start="2024-06-12T01:06:01.381767" elapsed="0.000174"/>
</kw>
<kw name="Set Variable" owner="BuiltIn">
<msg time="2024-06-12T01:06:01.382486" level="INFO">${name_country} = IE</msg>
<var>${name_country}</var>
<arg>${json_data["results"][0]["nat"]}</arg>
<doc>Returns the given values which can then be assigned to a variables.</doc>
<status status="PASS" start="2024-06-12T01:06:01.382117" elapsed="0.000393"/>
</kw>
<kw name="Create List" owner="BuiltIn">
<msg time="2024-06-12T01:06:01.383402" level="INFO">${list_country} = ['AD', 'AE', 'AF', 'AG', 'AI', 'AL', 'AM', 'AO', 'AQ', 'AR', 'AS', 'AT', 'AU', 'AW', 'AX', 'AZ', 'BA', 'BB', 'BD', 'BE', 'BF', 'BG', 'BH', 'BI', 'BJ', 'BL', 'BM', 'BN', 'BO', 'BQ', 'BR', 'BS', 'BT', '...</msg>
<var>${list_country}</var>
<arg>AD</arg>
<arg>AE</arg>
<arg>AF</arg>
<arg>AG</arg>
<arg>AI</arg>
<arg>AL</arg>
<arg>AM</arg>
<arg>AO</arg>
<arg>AQ</arg>
<arg>AR</arg>
<arg>AS</arg>
<arg>AT</arg>
<arg>AU</arg>
<arg>AW</arg>
<arg>AX</arg>
<arg>AZ</arg>
<arg>BA</arg>
<arg>BB</arg>
<arg>BD</arg>
<arg>BE</arg>
<arg>BF</arg>
<arg>BG</arg>
<arg>BH</arg>
<arg>BI</arg>
<arg>BJ</arg>
<arg>BL</arg>
<arg>BM</arg>
<arg>BN</arg>
<arg>BO</arg>
<arg>BQ</arg>
<arg>BR</arg>
<arg>BS</arg>
<arg>BT</arg>
<arg>BV</arg>
<arg>BW</arg>
<arg>BY</arg>
<arg>BZ</arg>
<arg>CA</arg>
<arg>CC</arg>
<arg>CD</arg>
<arg>CF</arg>
<arg>CG</arg>
<arg>CH</arg>
<arg>CI</arg>
<arg>CK</arg>
<arg>CL</arg>
<arg>CM</arg>
<arg>CN</arg>
<arg>CO</arg>
<arg>CR</arg>
<arg>CU</arg>
<arg>CV</arg>
<arg>CW</arg>
<arg>CX</arg>
<arg>CY</arg>
<arg>CZ</arg>
<arg>DE</arg>
<arg>DJ</arg>
<arg>DK</arg>
<arg>DM</arg>
<arg>DO</arg>
<arg>DZ</arg>
<arg>EC</arg>
<arg>EE</arg>
<arg>EG</arg>
<arg>EH</arg>
<arg>ER</arg>
<arg>ES</arg>
<arg>ET</arg>
<arg>FI</arg>
<arg>FJ</arg>
<arg>FK</arg>
<arg>FM</arg>
<arg>FO</arg>
<arg>FR</arg>
<arg>GA</arg>
<arg>GB</arg>
<arg>GD</arg>
<arg>GE</arg>
<arg>GF</arg>
<arg>GG</arg>
<arg>GH</arg>
<arg>GI</arg>
<arg>GL</arg>
<arg>GM</arg>
<arg>GN</arg>
<arg>GP</arg>
<arg>GQ</arg>
<arg>GR</arg>
<arg>GS</arg>
<arg>GT</arg>
<arg>GU</arg>
<arg>GW</arg>
<arg>GY</arg>
<arg>HK</arg>
<arg>HM</arg>
<arg>HN</arg>
<arg>HR</arg>
<arg>HT</arg>
<arg>HU</arg>
<arg>ID</arg>
<arg>IE</arg>
<arg>IL</arg>
<arg>IM</arg>
<arg>IN</arg>
<arg>IO</arg>
<arg>IQ</arg>
<arg>IR</arg>
<arg>IS</arg>
<arg>IT</arg>
<arg>JE</arg>
<arg>JM</arg>
<arg>JO</arg>
<arg>JP</arg>
<arg>KE</arg>
<arg>KG</arg>
<arg>KH</arg>
<arg>KI</arg>
<arg>KM</arg>
<arg>KN</arg>
<arg>KP</arg>
<arg>KR</arg>
<arg>KW</arg>
<arg>KY</arg>
<arg>KZ</arg>
<arg>LA</arg>
<arg>LB</arg>
<arg>LC</arg>
<arg>LI</arg>
<arg>LK</arg>
<arg>LR</arg>
<arg>LS</arg>
<arg>LT</arg>
<arg>LU</arg>
<arg>LV</arg>
<arg>LY</arg>
<arg>MA</arg>
<arg>MC</arg>
<arg>MD</arg>
<arg>ME</arg>
<arg>MF</arg>
<arg>MG</arg>
<arg>MH</arg>
<arg>MK</arg>
<arg>ML</arg>
<arg>MM</arg>
<arg>MN</arg>
<arg>MO</arg>
<arg>MP</arg>
<arg>MQ</arg>
<arg>MR</arg>
<arg>MS</arg>
<arg>MT</arg>
<arg>MU</arg>
<arg>MV</arg>
<arg>MW</arg>
<arg>MX</arg>
<arg>MY</arg>
<arg>MZ</arg>
<arg>NA</arg>
<arg>NC</arg>
<arg>NE</arg>
<arg>NF</arg>
<arg>NG</arg>
<arg>NI</arg>
<arg>NL</arg>
<arg>NO</arg>
<arg>NP</arg>
<arg>NR</arg>
<arg>NU</arg>
<arg>NZ</arg>
<arg>OM</arg>
<arg>PA</arg>
<arg>PE</arg>
<arg>PF</arg>
<arg>PG</arg>
<arg>PH</arg>
<arg>PK</arg>
<arg>PL</arg>
<arg>PM</arg>
<arg>PN</arg>
<arg>PR</arg>
<arg>PS</arg>
<arg>PT</arg>
<arg>PW</arg>
<arg>PY</arg>
<arg>QA</arg>
<arg>RE</arg>
<arg>RO</arg>
<arg>RS</arg>
<arg>RU</arg>
<arg>RW</arg>
<arg>SA</arg>
<arg>SB</arg>
<arg>SC</arg>
<arg>SD</arg>
<arg>SE</arg>
<arg>SG</arg>
<arg>SH</arg>
<arg>SI</arg>
<arg>SJ</arg>
<arg>SK</arg>
<arg>SL</arg>
<arg>SM</arg>
<arg>SN</arg>
<arg>SO</arg>
<arg>SR</arg>
<arg>SS</arg>
<arg>ST</arg>
<arg>SV</arg>
<arg>SX</arg>
<arg>SY</arg>
<arg>SZ</arg>
<arg>TC</arg>
<arg>TD</arg>
<arg>TF</arg>
<arg>TG</arg>
<arg>TH</arg>
<arg>TJ</arg>
<arg>TK</arg>
<arg>TL</arg>
<arg>TM</arg>
<arg>TN</arg>
<arg>TO</arg>
<arg>TR</arg>
<arg>TT</arg>
<arg>TV</arg>
<arg>TW</arg>
<arg>TZ</arg>
<arg>UA</arg>
<arg>UG</arg>
<arg>UM</arg>
<arg>US</arg>
<arg>UY</arg>
<arg>UZ</arg>
<arg>VA</arg>
<arg>VC</arg>
<arg>VE</arg>
<arg>VG</arg>
<arg>VI</arg>
<arg>VN</arg>
<arg>VU</arg>
<arg>WF</arg>
<arg>WS</arg>
<arg>XK</arg>
<arg>YE</arg>
<arg>YT</arg>
<arg>ZA</arg>
<arg>ZM</arg>
<arg>ZW</arg>
<doc>Returns a list containing given items.</doc>
<status status="PASS" start="2024-06-12T01:06:01.382804" elapsed="0.000623"/>
</kw>
<kw name="List Should Contain Value" owner="Collections">
<arg>${list_country}</arg>
<arg>${name_country}</arg>
<doc>Fails if the ``value`` is not found from ``list``.</doc>
<status status="PASS" start="2024-06-12T01:06:01.384277" elapsed="0.000204"/>
</kw>
<kw name="Run Keyword If" owner="BuiltIn">
<kw name="Should Be True" owner="BuiltIn">
<arg>${True}</arg>
<doc>Fails if the given condition is not true.</doc>
<status status="PASS" start="2024-06-12T01:06:01.385555" elapsed="0.000141"/>
</kw>
<arg>${json_data["results"][0]["location"]["coordinates"]["latitude"]} &gt;= -90 and ${json_data["results"][0]["location"]["coordinates"]["latitude"]} &lt;= 90</arg>
<arg>Should Be True</arg>
<arg>${True}</arg>
<doc>Runs the given keyword with the given arguments, if ``condition`` is true.</doc>
<status status="PASS" start="2024-06-12T01:06:01.384674" elapsed="0.001147"/>
</kw>
<kw name="Run Keyword If" owner="BuiltIn">
<kw name="Should Be True" owner="BuiltIn">
<arg>${True}</arg>
<doc>Fails if the given condition is not true.</doc>
<status status="PASS" start="2024-06-12T01:06:01.386675" elapsed="0.000133"/>
</kw>
<arg>${json_data["results"][0]["location"]["coordinates"]["longitude"]} &gt;= -180 and ${json_data["results"][0]["location"]["coordinates"]["longitude"]} &lt;= 180</arg>
<arg>Should Be True</arg>
<arg>${True}</arg>
<doc>Runs the given keyword with the given arguments, if ``condition`` is true.</doc>
<status status="PASS" start="2024-06-12T01:06:01.386000" elapsed="0.000929"/>
</kw>
<status status="PASS" start="2024-06-12T01:06:01.273483" elapsed="0.113578"/>
</kw>
<doc>Testa o conteúdo específico dos campos retornados pela API.</doc>
<tag>testeConteudo</tag>
<status status="PASS" start="2024-06-12T01:06:01.272768" elapsed="0.114448"/>
</test>
<status status="PASS" start="2024-06-12T01:06:00.526898" elapsed="0.862254"/>
</suite>
<status status="PASS" start="2024-06-12T01:06:00.512984" elapsed="0.881163"/>
</suite>
<statistics>
<total>
<stat pass="5" fail="0" skip="0">All Tests</stat>
</total>
<tag>
<stat pass="1" fail="0" skip="0">testeConteudo</stat>
<stat pass="1" fail="0" skip="0">testeEstruturaResposta</stat>
<stat pass="1" fail="0" skip="0">testeRequisicaoBasica</stat>
<stat pass="1" fail="0" skip="0">testeTiposDados</stat>
</tag>
<suite>
<stat pass="5" fail="0" skip="0" id="s1" name="Tests">Tests</stat>
<stat pass="5" fail="0" skip="0" id="s1-s1" name="Random-User-Test">Tests.Random-User-Test</stat>
</suite>
</statistics>
<errors>
</errors>
</robot>
