<?xml version="1.0" encoding="UTF-8"?>
<robot generator="Robot 7.0 (Python 3.12.3 on linux)" generated="2024-05-26T07:13:48.999690" rpa="false" schemaversion="5">
<suite id="s1" name="Tests" source="/home/runner/work/ApiRandomUser/ApiRandomUser/RamdonUser/tests">
<suite id="s1-s1" name="Random-User-Test" source="/home/runner/work/ApiRandomUser/ApiRandomUser/RamdonUser/tests/random-user-test.robot">
<test id="s1-s1-t1" name="Conectar" line="13">
<kw name="Conectar API" owner="random-user-service">
<kw name="Create Session" owner="RequestsLibrary">
<msg time="2024-05-26T07:13:49.441780" level="INFO">Creating Session using : alias=consultarAPI, url=https://randomuser.me/, headers={},                     cookies={}, auth=None, timeout=None, proxies=None, verify=False,                     debug=0 </msg>
<arg>consultarAPI</arg>
<arg>${URL}</arg>
<doc>Create Session: create a HTTP session to a server</doc>
<status status="PASS" start="2024-05-26T07:13:49.441578" elapsed="0.000373"/>
</kw>
<status status="PASS" start="2024-05-26T07:13:49.440514" elapsed="0.001787"/>
</kw>
<status status="PASS" start="2024-05-26T07:13:49.439932" elapsed="0.002563"/>
</test>
<test id="s1-s1-t2" name="Validar retorno 200 e JSON Válido" line="16">
<kw name="Teste de Requisicao Basica" owner="random-user-service">
<kw name="GET On Session" owner="RequestsLibrary">
<msg time="2024-05-26T07:13:49.552180" level="INFO">GET Request : url=https://randomuser.me/api 
 path_url=/api 
 headers={'User-Agent': 'python-requests/2.32.2', 'Accept-Encoding': 'gzip, deflate', 'Accept': '*/*', 'Connection': 'keep-alive'} 
 body=None 
 </msg>
<msg time="2024-05-26T07:13:49.552319" level="INFO">GET Response : url=https://randomuser.me/api 
 status=200, reason=OK 
 headers={'Date': 'Sun, 26 May 2024 07:13:49 GMT', 'Content-Type': 'application/json; charset=utf-8', 'Transfer-Encoding': 'chunked', 'Connection': 'keep-alive', 'X-Powered-By': 'Express', 'Access-Control-Allow-Origin': '*', 'Cache-Control': 'no-cache', 'ETag': 'W/"475-nybYHcRt+hMxwrPbZ+0zoqHIT6Q"', 'Vary': 'Accept-Encoding', 'Content-Encoding': 'gzip', 'CF-Cache-Status': 'DYNAMIC', 'Report-To': '{"endpoints":[{"url":"https:\\/\\/a.nel.cloudflare.com\\/report\\/v4?s=10mqA7ohxzP97kODSc3P1N5FQpFbpj%2F3uSQwTw5OYLk%2Bl8irtCs%2FoXEWHD7E2YMQ0QblAmwjjbd2I0niNQbdSDA9p4TnWqi%2B2OQ6TFkTmJ%2BjPTmqUSF6Sw513un37rX5"}],"group":"cf-nel","max_age":604800}', 'NEL': '{"success_fraction":0,"report_to":"cf-nel","max_age":604800}', 'Server': 'cloudflare', 'CF-RAY': '889bf6fc2a3e159e-SJC', 'alt-svc': 'h3=":443"; ma=86400'} 
 body={"results":[{"gender":"female","name":{"title":"Mrs","first":"Lilja","last":"Annala"},"location":{"street":{"number":4570,"name":"Rautatienkatu"},"city":"Laukaa","state":"Uusimaa","country":"Finland","postcode":45854,"coordinates":{"latitude":"-24.8897","longitude":"83.0749"},"timezone":{"offset":"+4:30","description":"Kabul"}},"email":"lilja.annala@example.com","login":{"uuid":"70aa7a6e-6f71-4470-91b7-4a39cef0a242","username":"lazyfish700","password":"rebel","salt":"9CeqBdee","md5":"8e31ded9580780fc094318bee152643f","sha1":"1a41dd1316ab5885b2e9c11a7bf8ca744147d0e7","sha256":"5effc65b28df3364b819a580f6be404b4c2b48c2d5ef0aa4fe46ca3a89605ae3"},"dob":{"date":"1956-11-19T14:23:05.138Z","age":67},"registered":{"date":"2013-08-22T03:07:44.530Z","age":10},"phone":"09-906-131","cell":"040-241-92-84","id":{"name":"HETU","value":"NaNNA118undefined"},"picture":{"large":"https://randomuser.me/api/portraits/women/73.jpg","medium":"https://randomuser.me/api/portraits/med/women/73.jpg","thumbnail":"https://randomuser.me/api/portraits/thumb/women/73.jpg"},"nat":"FI"}],"info":{"seed":"576d11747ea41848","results":1,"page":1,"version":"1.4"}} 
 </msg>
<msg time="2024-05-26T07:13:49.552404" level="INFO">/opt/hostedtoolcache/Python/3.12.3/x64/lib/python3.12/site-packages/urllib3/connectionpool.py:1103: InsecureRequestWarning: Unverified HTTPS request is being made to host 'randomuser.me'. Adding certificate verification is strongly advised. See: https://urllib3.readthedocs.io/en/latest/advanced-usage.html#tls-warnings
  warnings.warn(</msg>
<msg time="2024-05-26T07:13:49.552540" level="INFO">${response} = &lt;Response [200]&gt;</msg>
<var>${response}</var>
<arg>consultarAPI</arg>
<arg>/api</arg>
<doc>Sends a GET request on a previously created HTTP Session.</doc>
<status status="PASS" start="2024-05-26T07:13:49.445193" elapsed="0.107390"/>
</kw>
<kw name="Should Be Equal As Numbers" owner="BuiltIn">
<msg time="2024-05-26T07:13:49.553615" level="INFO">Argument types are:
&lt;class 'int'&gt;
&lt;class 'str'&gt;</msg>
<arg>${response.status_code}</arg>
<arg>200</arg>
<doc>Fails if objects are unequal after converting them to real numbers.</doc>
<status status="PASS" start="2024-05-26T07:13:49.553127" elapsed="0.000551"/>
</kw>
<kw name="Log" owner="BuiltIn">
<msg time="2024-05-26T07:13:49.554375" level="INFO">200</msg>
<arg>${response.status_code}</arg>
<doc>Logs the given message with the given level.</doc>
<status status="PASS" start="2024-05-26T07:13:49.554015" elapsed="0.000409"/>
</kw>
<kw name="Set Variable" owner="BuiltIn">
<msg time="2024-05-26T07:13:49.555164" level="INFO">${json_data} = {'results': [{'gender': 'female', 'name': {'title': 'Mrs', 'first': 'Lilja', 'last': 'Annala'}, 'location': {'street': {'number': 4570, 'name': 'Rautatienkatu'}, 'city': 'Laukaa', 'state': 'Uusimaa', ...</msg>
<var>${json_data}</var>
<arg>${response.json()}</arg>
<doc>Returns the given values which can then be assigned to a variables.</doc>
<status status="PASS" start="2024-05-26T07:13:49.554733" elapsed="0.000459"/>
</kw>
<kw name="Dictionary Should Contain Key" owner="Collections">
<msg time="2024-05-26T07:13:49.555661" level="INFO">False</msg>
<arg>${json_data}</arg>
<arg>results</arg>
<doc>Fails if ``key`` is not found from ``dictionary``.</doc>
<status status="PASS" start="2024-05-26T07:13:49.555491" elapsed="0.000340"/>
</kw>
<status status="PASS" start="2024-05-26T07:13:49.444947" elapsed="0.111149"/>
</kw>
<doc>Testa se a API responde corretamente e retorna um objeto JSON válido.</doc>
<tag>testeRequisicaoBasica</tag>
<status status="PASS" start="2024-05-26T07:13:49.444404" elapsed="0.111865"/>
</test>
<test id="s1-s1-t3" name="Validar estrutura de resposta" line="22">
<kw name="Teste de Estrutura de Resposta" owner="random-user-service">
<kw name="GET On Session" owner="RequestsLibrary">
<msg time="2024-05-26T07:13:49.657165" level="INFO">GET Request : url=https://randomuser.me/api 
 path_url=/api 
 headers={'User-Agent': 'python-requests/2.32.2', 'Accept-Encoding': 'gzip, deflate', 'Accept': '*/*', 'Connection': 'keep-alive'} 
 body=None 
 </msg>
<msg time="2024-05-26T07:13:49.657246" level="INFO">GET Response : url=https://randomuser.me/api 
 status=200, reason=OK 
 headers={'Date': 'Sun, 26 May 2024 07:13:49 GMT', 'Content-Type': 'application/json; charset=utf-8', 'Transfer-Encoding': 'chunked', 'Connection': 'keep-alive', 'X-Powered-By': 'Express', 'Access-Control-Allow-Origin': '*', 'Cache-Control': 'no-cache', 'ETag': 'W/"47f-e6bdMeS3TSDyu88c0aeMpV29W7c"', 'Vary': 'Accept-Encoding', 'Content-Encoding': 'gzip', 'CF-Cache-Status': 'DYNAMIC', 'Report-To': '{"endpoints":[{"url":"https:\\/\\/a.nel.cloudflare.com\\/report\\/v4?s=26CIP9qrcS061FRHZjR6SGs%2FvAzYDQ3zWKgOUH%2F4sfB%2BhwYuJgbQokTZ%2FkGeFIOMBPubTyOx0jybbOf7KtL2AXTN6YEf9ULK99WzRDjnrIfAQeSv2yJBpskMDDH4k9ND"}],"group":"cf-nel","max_age":604800}', 'NEL': '{"success_fraction":0,"report_to":"cf-nel","max_age":604800}', 'Server': 'cloudflare', 'CF-RAY': '889bf6fcca9e159e-SJC', 'alt-svc': 'h3=":443"; ma=86400'} 
 body={"results":[{"gender":"female","name":{"title":"Ms","first":"Elle","last":"Børsheim"},"location":{"street":{"number":2374,"name":"Galgeberg"},"city":"Aukra","state":"Trøndelag","country":"Norway","postcode":"4046","coordinates":{"latitude":"42.6988","longitude":"147.6685"},"timezone":{"offset":"+6:00","description":"Almaty, Dhaka, Colombo"}},"email":"elle.borsheim@example.com","login":{"uuid":"41dc330d-9f78-4c64-bd30-dd845a96340a","username":"beautifulsnake867","password":"carroll","salt":"9BIXysE1","md5":"456522f5ed4f20669411d54d46c1b3ee","sha1":"3f4125374e2adfacb97b934ba5987d82c12798b2","sha256":"ffd112ace0080cfd837a5d6ca5938966ade2c20fe786f3c4c885c03a1924e0fc"},"dob":{"date":"1976-06-09T06:31:51.744Z","age":47},"registered":{"date":"2008-06-28T00:24:10.099Z","age":15},"phone":"66422068","cell":"49789175","id":{"name":"FN","value":"09067624456"},"picture":{"large":"https://randomuser.me/api/portraits/women/35.jpg","medium":"https://randomuser.me/api/portraits/med/women/35.jpg","thumbnail":"https://randomuser.me/api/portraits/thumb/women/35.jpg"},"nat":"NO"}],"info":{"seed":"28d32b49b2b980e4","results":1,"page":1,"version":"1.4"}} 
 </msg>
<msg time="2024-05-26T07:13:49.657363" level="INFO">/opt/hostedtoolcache/Python/3.12.3/x64/lib/python3.12/site-packages/urllib3/connectionpool.py:1103: InsecureRequestWarning: Unverified HTTPS request is being made to host 'randomuser.me'. Adding certificate verification is strongly advised. See: https://urllib3.readthedocs.io/en/latest/advanced-usage.html#tls-warnings
  warnings.warn(</msg>
<msg time="2024-05-26T07:13:49.657476" level="INFO">${response} = &lt;Response [200]&gt;</msg>
<var>${response}</var>
<arg>consultarAPI</arg>
<arg>/api</arg>
<doc>Sends a GET request on a previously created HTTP Session.</doc>
<status status="PASS" start="2024-05-26T07:13:49.558925" elapsed="0.098601"/>
</kw>
<kw name="Set Variable" owner="BuiltIn">
<msg time="2024-05-26T07:13:49.658696" level="INFO">${json_data} = {'results': [{'gender': 'female', 'name': {'title': 'Ms', 'first': 'Elle', 'last': 'Børsheim'}, 'location': {'street': {'number': 2374, 'name': 'Galgeberg'}, 'city': 'Aukra', 'state': 'Trøndelag', 'co...</msg>
<var>${json_data}</var>
<arg>${response.json()}</arg>
<doc>Returns the given values which can then be assigned to a variables.</doc>
<status status="PASS" start="2024-05-26T07:13:49.658080" elapsed="0.000646"/>
</kw>
<kw name="Log" owner="BuiltIn">
<msg time="2024-05-26T07:13:49.659192" level="INFO">{'results': [{'gender': 'female', 'name': {'title': 'Ms', 'first': 'Elle', 'last': 'Børsheim'}, 'location': {'street': {'number': 2374, 'name': 'Galgeberg'}, 'city': 'Aukra', 'state': 'Trøndelag', 'country': 'Norway', 'postcode': '4046', 'coordinates': {'latitude': '42.6988', 'longitude': '147.6685'}, 'timezone': {'offset': '+6:00', 'description': 'Almaty, Dhaka, Colombo'}}, 'email': 'elle.borsheim@example.com', 'login': {'uuid': '41dc330d-9f78-4c64-bd30-dd845a96340a', 'username': 'beautifulsnake867', 'password': 'carroll', 'salt': '9BIXysE1', 'md5': '456522f5ed4f20669411d54d46c1b3ee', 'sha1': '3f4125374e2adfacb97b934ba5987d82c12798b2', 'sha256': 'ffd112ace0080cfd837a5d6ca5938966ade2c20fe786f3c4c885c03a1924e0fc'}, 'dob': {'date': '1976-06-09T06:31:51.744Z', 'age': 47}, 'registered': {'date': '2008-06-28T00:24:10.099Z', 'age': 15}, 'phone': '66422068', 'cell': '49789175', 'id': {'name': 'FN', 'value': '09067624456'}, 'picture': {'large': 'https://randomuser.me/api/portraits/women/35.jpg', 'medium': 'https://randomuser.me/api/portraits/med/women/35.jpg', 'thumbnail': 'https://randomuser.me/api/portraits/thumb/women/35.jpg'}, 'nat': 'NO'}], 'info': {'seed': '28d32b49b2b980e4', 'results': 1, 'page': 1, 'version': '1.4'}}</msg>
<arg>${json_data}</arg>
<doc>Logs the given message with the given level.</doc>
<status status="PASS" start="2024-05-26T07:13:49.659034" elapsed="0.000206"/>
</kw>
<kw name="Dictionary Should Contain Key" owner="Collections">
<msg time="2024-05-26T07:13:49.659682" level="INFO">False</msg>
<arg>${json_data}</arg>
<arg>results</arg>
<doc>Fails if ``key`` is not found from ``dictionary``.</doc>
<status status="PASS" start="2024-05-26T07:13:49.659532" elapsed="0.000187"/>
</kw>
<kw name="Should Not Be Empty" owner="BuiltIn">
<msg time="2024-05-26T07:13:49.660152" level="INFO">Length is 2.</msg>
<arg>${json_data}</arg>
<doc>Verifies that the given item is not empty.</doc>
<status status="PASS" start="2024-05-26T07:13:49.660014" elapsed="0.000176"/>
</kw>
<kw name="Create List" owner="BuiltIn">
<msg time="2024-05-26T07:13:49.660637" level="INFO">${expected_keys} = ['gender', 'name', 'location', 'email', 'login']</msg>
<var>${expected_keys}</var>
<arg>gender</arg>
<arg>name</arg>
<arg>location</arg>
<arg>email</arg>
<arg>login</arg>
<doc>Returns a list containing given items.</doc>
<status status="PASS" start="2024-05-26T07:13:49.660483" elapsed="0.000178"/>
</kw>
<for flavor="IN">
<iter>
<kw name="Dictionary Should Contain Key" owner="Collections">
<msg time="2024-05-26T07:13:49.661681" level="INFO">False</msg>
<arg>${json_data['results'][0]}</arg>
<arg>${key}</arg>
<doc>Fails if ``key`` is not found from ``dictionary``.</doc>
<status status="PASS" start="2024-05-26T07:13:49.661276" elapsed="0.000443"/>
</kw>
<kw name="Log" owner="BuiltIn">
<msg time="2024-05-26T07:13:49.662394" level="INFO">{'gender': 'female', 'name': {'title': 'Ms', 'first': 'Elle', 'last': 'Børsheim'}, 'location': {'street': {'number': 2374, 'name': 'Galgeberg'}, 'city': 'Aukra', 'state': 'Trøndelag', 'country': 'Norway', 'postcode': '4046', 'coordinates': {'latitude': '42.6988', 'longitude': '147.6685'}, 'timezone': {'offset': '+6:00', 'description': 'Almaty, Dhaka, Colombo'}}, 'email': 'elle.borsheim@example.com', 'login': {'uuid': '41dc330d-9f78-4c64-bd30-dd845a96340a', 'username': 'beautifulsnake867', 'password': 'carroll', 'salt': '9BIXysE1', 'md5': '456522f5ed4f20669411d54d46c1b3ee', 'sha1': '3f4125374e2adfacb97b934ba5987d82c12798b2', 'sha256': 'ffd112ace0080cfd837a5d6ca5938966ade2c20fe786f3c4c885c03a1924e0fc'}, 'dob': {'date': '1976-06-09T06:31:51.744Z', 'age': 47}, 'registered': {'date': '2008-06-28T00:24:10.099Z', 'age': 15}, 'phone': '66422068', 'cell': '49789175', 'id': {'name': 'FN', 'value': '09067624456'}, 'picture': {'large': 'https://randomuser.me/api/portraits/women/35.jpg', 'medium': 'https://randomuser.me/api/portraits/med/women/35.jpg', 'thumbnail': 'https://randomuser.me/api/portraits/thumb/women/35.jpg'}, 'nat': 'NO'}</msg>
<arg>${json_data['results'][0]}</arg>
<doc>Logs the given message with the given level.</doc>
<status status="PASS" start="2024-05-26T07:13:49.662023" elapsed="0.000422"/>
</kw>
<kw name="Log" owner="BuiltIn">
<msg time="2024-05-26T07:13:49.662937" level="INFO">gender</msg>
<arg>${key}</arg>
<doc>Logs the given message with the given level.</doc>
<status status="PASS" start="2024-05-26T07:13:49.662760" elapsed="0.000242"/>
</kw>
<var name="${key}">gender</var>
<status status="PASS" start="2024-05-26T07:13:49.661145" elapsed="0.002212"/>
</iter>
<iter>
<kw name="Dictionary Should Contain Key" owner="Collections">
<msg time="2024-05-26T07:13:49.664428" level="INFO">False</msg>
<arg>${json_data['results'][0]}</arg>
<arg>${key}</arg>
<doc>Fails if ``key`` is not found from ``dictionary``.</doc>
<status status="PASS" start="2024-05-26T07:13:49.663839" elapsed="0.000646"/>
</kw>
<kw name="Log" owner="BuiltIn">
<msg time="2024-05-26T07:13:49.665610" level="INFO">{'gender': 'female', 'name': {'title': 'Ms', 'first': 'Elle', 'last': 'Børsheim'}, 'location': {'street': {'number': 2374, 'name': 'Galgeberg'}, 'city': 'Aukra', 'state': 'Trøndelag', 'country': 'Norway', 'postcode': '4046', 'coordinates': {'latitude': '42.6988', 'longitude': '147.6685'}, 'timezone': {'offset': '+6:00', 'description': 'Almaty, Dhaka, Colombo'}}, 'email': 'elle.borsheim@example.com', 'login': {'uuid': '41dc330d-9f78-4c64-bd30-dd845a96340a', 'username': 'beautifulsnake867', 'password': 'carroll', 'salt': '9BIXysE1', 'md5': '456522f5ed4f20669411d54d46c1b3ee', 'sha1': '3f4125374e2adfacb97b934ba5987d82c12798b2', 'sha256': 'ffd112ace0080cfd837a5d6ca5938966ade2c20fe786f3c4c885c03a1924e0fc'}, 'dob': {'date': '1976-06-09T06:31:51.744Z', 'age': 47}, 'registered': {'date': '2008-06-28T00:24:10.099Z', 'age': 15}, 'phone': '66422068', 'cell': '49789175', 'id': {'name': 'FN', 'value': '09067624456'}, 'picture': {'large': 'https://randomuser.me/api/portraits/women/35.jpg', 'medium': 'https://randomuser.me/api/portraits/med/women/35.jpg', 'thumbnail': 'https://randomuser.me/api/portraits/thumb/women/35.jpg'}, 'nat': 'NO'}</msg>
<arg>${json_data['results'][0]}</arg>
<doc>Logs the given message with the given level.</doc>
<status status="PASS" start="2024-05-26T07:13:49.665028" elapsed="0.000660"/>
</kw>
<kw name="Log" owner="BuiltIn">
<msg time="2024-05-26T07:13:49.666364" level="INFO">name</msg>
<arg>${key}</arg>
<doc>Logs the given message with the given level.</doc>
<status status="PASS" start="2024-05-26T07:13:49.666164" elapsed="0.000261"/>
</kw>
<var name="${key}">name</var>
<status status="PASS" start="2024-05-26T07:13:49.663670" elapsed="0.003101"/>
</iter>
<iter>
<kw name="Dictionary Should Contain Key" owner="Collections">
<msg time="2024-05-26T07:13:49.667915" level="INFO">False</msg>
<arg>${json_data['results'][0]}</arg>
<arg>${key}</arg>
<doc>Fails if ``key`` is not found from ``dictionary``.</doc>
<status status="PASS" start="2024-05-26T07:13:49.667266" elapsed="0.000705"/>
</kw>
<kw name="Log" owner="BuiltIn">
<msg time="2024-05-26T07:13:49.668985" level="INFO">{'gender': 'female', 'name': {'title': 'Ms', 'first': 'Elle', 'last': 'Børsheim'}, 'location': {'street': {'number': 2374, 'name': 'Galgeberg'}, 'city': 'Aukra', 'state': 'Trøndelag', 'country': 'Norway', 'postcode': '4046', 'coordinates': {'latitude': '42.6988', 'longitude': '147.6685'}, 'timezone': {'offset': '+6:00', 'description': 'Almaty, Dhaka, Colombo'}}, 'email': 'elle.borsheim@example.com', 'login': {'uuid': '41dc330d-9f78-4c64-bd30-dd845a96340a', 'username': 'beautifulsnake867', 'password': 'carroll', 'salt': '9BIXysE1', 'md5': '456522f5ed4f20669411d54d46c1b3ee', 'sha1': '3f4125374e2adfacb97b934ba5987d82c12798b2', 'sha256': 'ffd112ace0080cfd837a5d6ca5938966ade2c20fe786f3c4c885c03a1924e0fc'}, 'dob': {'date': '1976-06-09T06:31:51.744Z', 'age': 47}, 'registered': {'date': '2008-06-28T00:24:10.099Z', 'age': 15}, 'phone': '66422068', 'cell': '49789175', 'id': {'name': 'FN', 'value': '09067624456'}, 'picture': {'large': 'https://randomuser.me/api/portraits/women/35.jpg', 'medium': 'https://randomuser.me/api/portraits/med/women/35.jpg', 'thumbnail': 'https://randomuser.me/api/portraits/thumb/women/35.jpg'}, 'nat': 'NO'}</msg>
<arg>${json_data['results'][0]}</arg>
<doc>Logs the given message with the given level.</doc>
<status status="PASS" start="2024-05-26T07:13:49.668396" elapsed="0.000667"/>
</kw>
<kw name="Log" owner="BuiltIn">
<msg time="2024-05-26T07:13:49.669658" level="INFO">location</msg>
<arg>${key}</arg>
<doc>Logs the given message with the given level.</doc>
<status status="PASS" start="2024-05-26T07:13:49.669507" elapsed="0.000192"/>
</kw>
<var name="${key}">location</var>
<status status="PASS" start="2024-05-26T07:13:49.667071" elapsed="0.002858"/>
</iter>
<iter>
<kw name="Dictionary Should Contain Key" owner="Collections">
<msg time="2024-05-26T07:13:49.670724" level="INFO">False</msg>
<arg>${json_data['results'][0]}</arg>
<arg>${key}</arg>
<doc>Fails if ``key`` is not found from ``dictionary``.</doc>
<status status="PASS" start="2024-05-26T07:13:49.670224" elapsed="0.000539"/>
</kw>
<kw name="Log" owner="BuiltIn">
<msg time="2024-05-26T07:13:49.671442" level="INFO">{'gender': 'female', 'name': {'title': 'Ms', 'first': 'Elle', 'last': 'Børsheim'}, 'location': {'street': {'number': 2374, 'name': 'Galgeberg'}, 'city': 'Aukra', 'state': 'Trøndelag', 'country': 'Norway', 'postcode': '4046', 'coordinates': {'latitude': '42.6988', 'longitude': '147.6685'}, 'timezone': {'offset': '+6:00', 'description': 'Almaty, Dhaka, Colombo'}}, 'email': 'elle.borsheim@example.com', 'login': {'uuid': '41dc330d-9f78-4c64-bd30-dd845a96340a', 'username': 'beautifulsnake867', 'password': 'carroll', 'salt': '9BIXysE1', 'md5': '456522f5ed4f20669411d54d46c1b3ee', 'sha1': '3f4125374e2adfacb97b934ba5987d82c12798b2', 'sha256': 'ffd112ace0080cfd837a5d6ca5938966ade2c20fe786f3c4c885c03a1924e0fc'}, 'dob': {'date': '1976-06-09T06:31:51.744Z', 'age': 47}, 'registered': {'date': '2008-06-28T00:24:10.099Z', 'age': 15}, 'phone': '66422068', 'cell': '49789175', 'id': {'name': 'FN', 'value': '09067624456'}, 'picture': {'large': 'https://randomuser.me/api/portraits/women/35.jpg', 'medium': 'https://randomuser.me/api/portraits/med/women/35.jpg', 'thumbnail': 'https://randomuser.me/api/portraits/thumb/women/35.jpg'}, 'nat': 'NO'}</msg>
<arg>${json_data['results'][0]}</arg>
<doc>Logs the given message with the given level.</doc>
<status status="PASS" start="2024-05-26T07:13:49.671068" elapsed="0.000433"/>
</kw>
<kw name="Log" owner="BuiltIn">
<msg time="2024-05-26T07:13:49.671933" level="INFO">email</msg>
<arg>${key}</arg>
<doc>Logs the given message with the given level.</doc>
<status status="PASS" start="2024-05-26T07:13:49.671804" elapsed="0.000166"/>
</kw>
<var name="${key}">email</var>
<status status="PASS" start="2024-05-26T07:13:49.670109" elapsed="0.002077"/>
</iter>
<iter>
<kw name="Dictionary Should Contain Key" owner="Collections">
<msg time="2024-05-26T07:13:49.672851" level="INFO">False</msg>
<arg>${json_data['results'][0]}</arg>
<arg>${key}</arg>
<doc>Fails if ``key`` is not found from ``dictionary``.</doc>
<status status="PASS" start="2024-05-26T07:13:49.672472" elapsed="0.000416"/>
</kw>
<kw name="Log" owner="BuiltIn">
<msg time="2024-05-26T07:13:49.673601" level="INFO">{'gender': 'female', 'name': {'title': 'Ms', 'first': 'Elle', 'last': 'Børsheim'}, 'location': {'street': {'number': 2374, 'name': 'Galgeberg'}, 'city': 'Aukra', 'state': 'Trøndelag', 'country': 'Norway', 'postcode': '4046', 'coordinates': {'latitude': '42.6988', 'longitude': '147.6685'}, 'timezone': {'offset': '+6:00', 'description': 'Almaty, Dhaka, Colombo'}}, 'email': 'elle.borsheim@example.com', 'login': {'uuid': '41dc330d-9f78-4c64-bd30-dd845a96340a', 'username': 'beautifulsnake867', 'password': 'carroll', 'salt': '9BIXysE1', 'md5': '456522f5ed4f20669411d54d46c1b3ee', 'sha1': '3f4125374e2adfacb97b934ba5987d82c12798b2', 'sha256': 'ffd112ace0080cfd837a5d6ca5938966ade2c20fe786f3c4c885c03a1924e0fc'}, 'dob': {'date': '1976-06-09T06:31:51.744Z', 'age': 47}, 'registered': {'date': '2008-06-28T00:24:10.099Z', 'age': 15}, 'phone': '66422068', 'cell': '49789175', 'id': {'name': 'FN', 'value': '09067624456'}, 'picture': {'large': 'https://randomuser.me/api/portraits/women/35.jpg', 'medium': 'https://randomuser.me/api/portraits/med/women/35.jpg', 'thumbnail': 'https://randomuser.me/api/portraits/thumb/women/35.jpg'}, 'nat': 'NO'}</msg>
<arg>${json_data['results'][0]}</arg>
<doc>Logs the given message with the given level.</doc>
<status status="PASS" start="2024-05-26T07:13:49.673229" elapsed="0.000430"/>
</kw>
<kw name="Log" owner="BuiltIn">
<msg time="2024-05-26T07:13:49.674083" level="INFO">login</msg>
<arg>${key}</arg>
<doc>Logs the given message with the given level.</doc>
<status status="PASS" start="2024-05-26T07:13:49.673956" elapsed="0.000164"/>
</kw>
<var name="${key}">login</var>
<status status="PASS" start="2024-05-26T07:13:49.672360" elapsed="0.001976"/>
</iter>
<var>${key}</var>
<value>@{expected_keys}</value>
<status status="PASS" start="2024-05-26T07:13:49.660943" elapsed="0.013541"/>
</for>
<kw name="Create List" owner="BuiltIn">
<msg time="2024-05-26T07:13:49.674822" level="INFO">${expected_keysTwo} = ['username', 'password']</msg>
<var>${expected_keysTwo}</var>
<arg>username</arg>
<arg>password</arg>
<doc>Returns a list containing given items.</doc>
<status status="PASS" start="2024-05-26T07:13:49.674684" elapsed="0.000161"/>
</kw>
<for flavor="IN">
<iter>
<kw name="Dictionary Should Contain Key" owner="Collections">
<msg time="2024-05-26T07:13:49.675717" level="INFO">False</msg>
<arg>${json_data['results'][0]['login']}</arg>
<arg>${keyTwo}</arg>
<doc>Fails if ``key`` is not found from ``dictionary``.</doc>
<status status="PASS" start="2024-05-26T07:13:49.675340" elapsed="0.000413"/>
</kw>
<kw name="Dictionary Should Contain Key" owner="Collections">
<msg time="2024-05-26T07:13:49.676426" level="INFO">False</msg>
<arg>${json_data['results'][0]['login']}</arg>
<arg>${keyTwo}</arg>
<doc>Fails if ``key`` is not found from ``dictionary``.</doc>
<status status="PASS" start="2024-05-26T07:13:49.676049" elapsed="0.000414"/>
</kw>
<kw name="Log" owner="BuiltIn">
<msg time="2024-05-26T07:13:49.676881" level="INFO">username</msg>
<arg>${keyTwo}</arg>
<doc>Logs the given message with the given level.</doc>
<status status="PASS" start="2024-05-26T07:13:49.676755" elapsed="0.000192"/>
</kw>
<var name="${keyTwo}">username</var>
<status status="PASS" start="2024-05-26T07:13:49.675231" elapsed="0.001944"/>
</iter>
<iter>
<kw name="Dictionary Should Contain Key" owner="Collections">
<msg time="2024-05-26T07:13:49.677837" level="INFO">False</msg>
<arg>${json_data['results'][0]['login']}</arg>
<arg>${keyTwo}</arg>
<doc>Fails if ``key`` is not found from ``dictionary``.</doc>
<status status="PASS" start="2024-05-26T07:13:49.677457" elapsed="0.000416"/>
</kw>
<kw name="Dictionary Should Contain Key" owner="Collections">
<msg time="2024-05-26T07:13:49.678548" level="INFO">False</msg>
<arg>${json_data['results'][0]['login']}</arg>
<arg>${keyTwo}</arg>
<doc>Fails if ``key`` is not found from ``dictionary``.</doc>
<status status="PASS" start="2024-05-26T07:13:49.678165" elapsed="0.000419"/>
</kw>
<kw name="Log" owner="BuiltIn">
<msg time="2024-05-26T07:13:49.679001" level="INFO">password</msg>
<arg>${keyTwo}</arg>
<doc>Logs the given message with the given level.</doc>
<status status="PASS" start="2024-05-26T07:13:49.678875" elapsed="0.000163"/>
</kw>
<var name="${keyTwo}">password</var>
<status status="PASS" start="2024-05-26T07:13:49.677347" elapsed="0.001904"/>
</iter>
<var>${keyTwo}</var>
<value>@{expected_keysTwo}</value>
<status status="PASS" start="2024-05-26T07:13:49.675079" elapsed="0.004291"/>
</for>
<status status="PASS" start="2024-05-26T07:13:49.558688" elapsed="0.120817"/>
</kw>
<doc>Testa a estrutura da resposta da API.</doc>
<tag>testeEstruturaResposta</tag>
<status status="PASS" start="2024-05-26T07:13:49.558106" elapsed="0.121544"/>
</test>
<test id="s1-s1-t4" name="Validar tipos de dados" line="28">
<kw name="Teste de Tipos de Dados" owner="random-user-service">
<kw name="GET On Session" owner="RequestsLibrary">
<msg time="2024-05-26T07:13:49.763996" level="INFO">GET Request : url=https://randomuser.me/api 
 path_url=/api 
 headers={'User-Agent': 'python-requests/2.32.2', 'Accept-Encoding': 'gzip, deflate', 'Accept': '*/*', 'Connection': 'keep-alive'} 
 body=None 
 </msg>
<msg time="2024-05-26T07:13:49.764076" level="INFO">GET Response : url=https://randomuser.me/api 
 status=200, reason=OK 
 headers={'Date': 'Sun, 26 May 2024 07:13:49 GMT', 'Content-Type': 'application/json; charset=utf-8', 'Transfer-Encoding': 'chunked', 'Connection': 'keep-alive', 'X-Powered-By': 'Express', 'Access-Control-Allow-Origin': '*', 'Cache-Control': 'no-cache', 'ETag': 'W/"49f-FKvrBQ9Xf3jxPTz1gBfeIrfFQfI"', 'Vary': 'Accept-Encoding', 'Content-Encoding': 'gzip', 'CF-Cache-Status': 'DYNAMIC', 'Report-To': '{"endpoints":[{"url":"https:\\/\\/a.nel.cloudflare.com\\/report\\/v4?s=dpJqQvc5ZdQGwHFHkEpYrChcdxKxe%2B1ODh6%2BV8ow7BRV%2Bitw%2FIhWezCHD32ZSJxnanHsPrZpTBaQiTy8JES8Th6My53lds%2Bjj%2F5GvoaKLJWJ5zp6aWbNXevdtRBwLmKK"}],"group":"cf-nel","max_age":604800}', 'NEL': '{"success_fraction":0,"report_to":"cf-nel","max_age":604800}', 'Server': 'cloudflare', 'CF-RAY': '889bf6fd8b18159e-SJC', 'alt-svc': 'h3=":443"; ma=86400'} 
 body={"results":[{"gender":"female","name":{"title":"Miss","first":"Svyatogora","last":"Titenko"},"location":{"street":{"number":9852,"name":"Mikoli Krasnova"},"city":"Shcholkine","state":"Volinska","country":"Ukraine","postcode":63723,"coordinates":{"latitude":"79.0652","longitude":"101.5494"},"timezone":{"offset":"-5:00","description":"Eastern Time (US &amp; Canada), Bogota, Lima"}},"email":"svyatogora.titenko@example.com","login":{"uuid":"cd43f7f1-9efc-41c6-8515-0e4e79b78d8e","username":"greenbird901","password":"angel1","salt":"58XhWzqu","md5":"3648660bc8a8861728e9f2860bcf192c","sha1":"5a5b4692ad89e291a271a78aa16fba31ab9415b6","sha256":"a2ee721224131bdc87988b6847a86160fc9f747f93237ff6c3be29887627b8d1"},"dob":{"date":"1961-07-25T21:55:59.606Z","age":62},"registered":{"date":"2020-12-27T22:44:20.517Z","age":3},"phone":"(097) S45-8585","cell":"(068) Q34-8492","id":{"name":"","value":null},"picture":{"large":"https://randomuser.me/api/portraits/women/42.jpg","medium":"https://randomuser.me/api/portraits/med/women/42.jpg","thumbnail":"https://randomuser.me/api/portraits/thumb/women/42.jpg"},"nat":"UA"}],"info":{"seed":"9f6b6e4fdadf91ba","results":1,"page":1,"version":"1.4"}} 
 </msg>
<msg time="2024-05-26T07:13:49.764147" level="INFO">/opt/hostedtoolcache/Python/3.12.3/x64/lib/python3.12/site-packages/urllib3/connectionpool.py:1103: InsecureRequestWarning: Unverified HTTPS request is being made to host 'randomuser.me'. Adding certificate verification is strongly advised. See: https://urllib3.readthedocs.io/en/latest/advanced-usage.html#tls-warnings
  warnings.warn(</msg>
<msg time="2024-05-26T07:13:49.764257" level="INFO">${response} = &lt;Response [200]&gt;</msg>
<var>${response}</var>
<arg>consultarAPI</arg>
<arg>/api</arg>
<doc>Sends a GET request on a previously created HTTP Session.</doc>
<status status="PASS" start="2024-05-26T07:13:49.682102" elapsed="0.082207"/>
</kw>
<kw name="Set Variable" owner="BuiltIn">
<msg time="2024-05-26T07:13:49.765489" level="INFO">${json_data} = {'results': [{'gender': 'female', 'name': {'title': 'Miss', 'first': 'Svyatogora', 'last': 'Titenko'}, 'location': {'street': {'number': 9852, 'name': 'Mikoli Krasnova'}, 'city': 'Shcholkine', 'state'...</msg>
<var>${json_data}</var>
<arg>${response.json()}</arg>
<doc>Returns the given values which can then be assigned to a variables.</doc>
<status status="PASS" start="2024-05-26T07:13:49.764888" elapsed="0.000629"/>
</kw>
<kw name="Log" owner="BuiltIn">
<msg time="2024-05-26T07:13:49.765982" level="INFO">{'results': [{'gender': 'female', 'name': {'title': 'Miss', 'first': 'Svyatogora', 'last': 'Titenko'}, 'location': {'street': {'number': 9852, 'name': 'Mikoli Krasnova'}, 'city': 'Shcholkine', 'state': 'Volinska', 'country': 'Ukraine', 'postcode': 63723, 'coordinates': {'latitude': '79.0652', 'longitude': '101.5494'}, 'timezone': {'offset': '-5:00', 'description': 'Eastern Time (US &amp; Canada), Bogota, Lima'}}, 'email': 'svyatogora.titenko@example.com', 'login': {'uuid': 'cd43f7f1-9efc-41c6-8515-0e4e79b78d8e', 'username': 'greenbird901', 'password': 'angel1', 'salt': '58XhWzqu', 'md5': '3648660bc8a8861728e9f2860bcf192c', 'sha1': '5a5b4692ad89e291a271a78aa16fba31ab9415b6', 'sha256': 'a2ee721224131bdc87988b6847a86160fc9f747f93237ff6c3be29887627b8d1'}, 'dob': {'date': '1961-07-25T21:55:59.606Z', 'age': 62}, 'registered': {'date': '2020-12-27T22:44:20.517Z', 'age': 3}, 'phone': '(097) S45-8585', 'cell': '(068) Q34-8492', 'id': {'name': '', 'value': None}, 'picture': {'large': 'https://randomuser.me/api/portraits/women/42.jpg', 'medium': 'https://randomuser.me/api/portraits/med/women/42.jpg', 'thumbnail': 'https://randomuser.me/api/portraits/thumb/women/42.jpg'}, 'nat': 'UA'}], 'info': {'seed': '9f6b6e4fdadf91ba', 'results': 1, 'page': 1, 'version': '1.4'}}</msg>
<arg>${json_data}</arg>
<doc>Logs the given message with the given level.</doc>
<status status="PASS" start="2024-05-26T07:13:49.765829" elapsed="0.000230"/>
</kw>
<kw name="Should Be String" owner="String">
<arg>${json_data['results'][0]['gender']}</arg>
<doc>Fails if the given ``item`` is not a string.</doc>
<status status="PASS" start="2024-05-26T07:13:49.766355" elapsed="0.000361"/>
</kw>
<kw name="Should Match Regexp" owner="BuiltIn">
<arg>${json_data['results'][0]['email']}</arg>
<arg>^[a-zA-Z0-9._%+-]+@[a-zA-Z0-9.-]+\.[a-zA-Z]{2,}$</arg>
<doc>Fails if ``string`` does not match ``pattern`` as a regular expression.</doc>
<status status="PASS" start="2024-05-26T07:13:49.766904" elapsed="0.000612"/>
</kw>
<kw name="Should Match Regexp" owner="BuiltIn">
<arg>${json_data['results'][0]['dob']['date']}</arg>
<arg>\\d{4}-\\d{2}-\\d{2}T\\d{2}:\\d{2}:\\d{2}\\.\\d{3}Z</arg>
<doc>Fails if ``string`` does not match ``pattern`` as a regular expression.</doc>
<status status="PASS" start="2024-05-26T07:13:49.767716" elapsed="0.000481"/>
</kw>
<kw name="Should Match Regexp" owner="BuiltIn">
<arg>${json_data['results'][0]['registered']['date']}</arg>
<arg>\\d{4}-\\d{2}-\\d{2}T\\d{2}:\\d{2}:\\d{2}\\.\\d{3}Z</arg>
<doc>Fails if ``string`` does not match ``pattern`` as a regular expression.</doc>
<status status="PASS" start="2024-05-26T07:13:49.768389" elapsed="0.000362"/>
</kw>
<kw name="Should Match Regexp" owner="BuiltIn">
<arg>${json_data['results'][0]['picture']['large']}</arg>
<arg>^https?://.*\.(?:png|jpe?g|gif|bmp)$</arg>
<doc>Fails if ``string`` does not match ``pattern`` as a regular expression.</doc>
<status status="PASS" start="2024-05-26T07:13:49.768969" elapsed="0.000484"/>
</kw>
<kw name="Should Match Regexp" owner="BuiltIn">
<arg>${json_data['results'][0]['picture']['medium']}</arg>
<arg>^https?://.*\.(?:png|jpe?g|gif|bmp)$</arg>
<doc>Fails if ``string`` does not match ``pattern`` as a regular expression.</doc>
<status status="PASS" start="2024-05-26T07:13:49.769643" elapsed="0.000350"/>
</kw>
<kw name="Should Match Regexp" owner="BuiltIn">
<arg>${json_data['results'][0]['picture']['thumbnail']}</arg>
<arg>^https?://.*\.(?:png|jpe?g|gif|bmp)$</arg>
<doc>Fails if ``string`` does not match ``pattern`` as a regular expression.</doc>
<status status="PASS" start="2024-05-26T07:13:49.770182" elapsed="0.000346"/>
</kw>
<kw name="Log" owner="BuiltIn">
<msg time="2024-05-26T07:13:49.771031" level="INFO">{'large': 'https://randomuser.me/api/portraits/women/42.jpg', 'medium': 'https://randomuser.me/api/portraits/med/women/42.jpg', 'thumbnail': 'https://randomuser.me/api/portraits/thumb/women/42.jpg'}</msg>
<arg>${json_data['results'][0]['picture']}</arg>
<doc>Logs the given message with the given level.</doc>
<status status="PASS" start="2024-05-26T07:13:49.770707" elapsed="0.000365"/>
</kw>
<status status="PASS" start="2024-05-26T07:13:49.681877" elapsed="0.089470"/>
</kw>
<kw name="Teste de Tipos de Dados - Postcode" owner="random-user-service">
<kw name="GET On Session" owner="RequestsLibrary">
<msg time="2024-05-26T07:13:49.870531" level="INFO">GET Request : url=https://randomuser.me/api 
 path_url=/api 
 headers={'User-Agent': 'python-requests/2.32.2', 'Accept-Encoding': 'gzip, deflate', 'Accept': '*/*', 'Connection': 'keep-alive'} 
 body=None 
 </msg>
<msg time="2024-05-26T07:13:49.870613" level="INFO">GET Response : url=https://randomuser.me/api 
 status=200, reason=OK 
 headers={'Date': 'Sun, 26 May 2024 07:13:49 GMT', 'Content-Type': 'application/json; charset=utf-8', 'Transfer-Encoding': 'chunked', 'Connection': 'keep-alive', 'X-Powered-By': 'Express', 'Access-Control-Allow-Origin': '*', 'Cache-Control': 'no-cache', 'ETag': 'W/"495-I1+i+3diybQFQ+R/znK8H+Z++Bc"', 'Vary': 'Accept-Encoding', 'Content-Encoding': 'gzip', 'CF-Cache-Status': 'DYNAMIC', 'Report-To': '{"endpoints":[{"url":"https:\\/\\/a.nel.cloudflare.com\\/report\\/v4?s=DT%2FeisiWHvElWUduJm7ne2G5vH3nZwRvsghjyXEkzilhcAQ0%2F4IfoPjmW3MmUeeMZX2dL2RZAi2fM1m1FPOlhFgsff8mG5K8FoWJh1JS5iwmyPktzLqh2o9ItXrXPWsD"}],"group":"cf-nel","max_age":604800}', 'NEL': '{"success_fraction":0,"report_to":"cf-nel","max_age":604800}', 'Server': 'cloudflare', 'CF-RAY': '889bf6fe1b82159e-SJC', 'alt-svc': 'h3=":443"; ma=86400'} 
 body={"results":[{"gender":"female","name":{"title":"Miss","first":"Rodoslava","last":"Moskalec"},"location":{"street":{"number":2896,"name":"Radishcheva"},"city":"Borshchiv","state":"Odeska","country":"Ukraine","postcode":60670,"coordinates":{"latitude":"80.0865","longitude":"133.3723"},"timezone":{"offset":"+5:30","description":"Bombay, Calcutta, Madras, New Delhi"}},"email":"rodoslava.moskalec@example.com","login":{"uuid":"b93b4c19-9a6a-4efb-bb1f-992e0197ec27","username":"whitemeercat618","password":"amsterda","salt":"NxN59TTR","md5":"7b955c597d35f2b8ae9f4a20187568d3","sha1":"1006ca50f8ba61a67dd9b0c434f3e6bc678dfd87","sha256":"aeabffb674d368c4776a5816bc07f5a42a6783f1af1aa832af444df797eabff5"},"dob":{"date":"1954-09-29T19:35:32.596Z","age":69},"registered":{"date":"2020-02-08T08:33:28.915Z","age":4},"phone":"(066) P48-7142","cell":"(068) L06-0194","id":{"name":"","value":null},"picture":{"large":"https://randomuser.me/api/portraits/women/3.jpg","medium":"https://randomuser.me/api/portraits/med/women/3.jpg","thumbnail":"https://randomuser.me/api/portraits/thumb/women/3.jpg"},"nat":"UA"}],"info":{"seed":"809f877ebb1bdc28","results":1,"page":1,"version":"1.4"}} 
 </msg>
<msg time="2024-05-26T07:13:49.870683" level="INFO">/opt/hostedtoolcache/Python/3.12.3/x64/lib/python3.12/site-packages/urllib3/connectionpool.py:1103: InsecureRequestWarning: Unverified HTTPS request is being made to host 'randomuser.me'. Adding certificate verification is strongly advised. See: https://urllib3.readthedocs.io/en/latest/advanced-usage.html#tls-warnings
  warnings.warn(</msg>
<msg time="2024-05-26T07:13:49.870797" level="INFO">${response} = &lt;Response [200]&gt;</msg>
<var>${response}</var>
<arg>consultarAPI</arg>
<arg>/api</arg>
<doc>Sends a GET request on a previously created HTTP Session.</doc>
<status status="PASS" start="2024-05-26T07:13:49.771780" elapsed="0.099070"/>
</kw>
<kw name="Set Variable" owner="BuiltIn">
<msg time="2024-05-26T07:13:49.871926" level="INFO">${json_data} = {'results': [{'gender': 'female', 'name': {'title': 'Miss', 'first': 'Rodoslava', 'last': 'Moskalec'}, 'location': {'street': {'number': 2896, 'name': 'Radishcheva'}, 'city': 'Borshchiv', 'state': 'Od...</msg>
<var>${json_data}</var>
<arg>${response.json()}</arg>
<doc>Returns the given values which can then be assigned to a variables.</doc>
<status status="PASS" start="2024-05-26T07:13:49.871382" elapsed="0.000571"/>
</kw>
<kw name="Log" owner="BuiltIn">
<msg time="2024-05-26T07:13:49.872409" level="INFO">{'results': [{'gender': 'female', 'name': {'title': 'Miss', 'first': 'Rodoslava', 'last': 'Moskalec'}, 'location': {'street': {'number': 2896, 'name': 'Radishcheva'}, 'city': 'Borshchiv', 'state': 'Odeska', 'country': 'Ukraine', 'postcode': 60670, 'coordinates': {'latitude': '80.0865', 'longitude': '133.3723'}, 'timezone': {'offset': '+5:30', 'description': 'Bombay, Calcutta, Madras, New Delhi'}}, 'email': 'rodoslava.moskalec@example.com', 'login': {'uuid': 'b93b4c19-9a6a-4efb-bb1f-992e0197ec27', 'username': 'whitemeercat618', 'password': 'amsterda', 'salt': 'NxN59TTR', 'md5': '7b955c597d35f2b8ae9f4a20187568d3', 'sha1': '1006ca50f8ba61a67dd9b0c434f3e6bc678dfd87', 'sha256': 'aeabffb674d368c4776a5816bc07f5a42a6783f1af1aa832af444df797eabff5'}, 'dob': {'date': '1954-09-29T19:35:32.596Z', 'age': 69}, 'registered': {'date': '2020-02-08T08:33:28.915Z', 'age': 4}, 'phone': '(066) P48-7142', 'cell': '(068) L06-0194', 'id': {'name': '', 'value': None}, 'picture': {'large': 'https://randomuser.me/api/portraits/women/3.jpg', 'medium': 'https://randomuser.me/api/portraits/med/women/3.jpg', 'thumbnail': 'https://randomuser.me/api/portraits/thumb/women/3.jpg'}, 'nat': 'UA'}], 'info': {'seed': '809f877ebb1bdc28', 'results': 1, 'page': 1, 'version': '1.4'}}</msg>
<arg>${json_data}</arg>
<doc>Logs the given message with the given level.</doc>
<status status="PASS" start="2024-05-26T07:13:49.872261" elapsed="0.000223"/>
</kw>
<kw name="Should Be Equal As Numbers" owner="BuiltIn">
<arg>${json_data['results'][0]['location']['postcode']}</arg>
<arg>${json_data['results'][0]['location']['postcode']}</arg>
<doc>Fails if objects are unequal after converting them to real numbers.</doc>
<status status="PASS" start="2024-05-26T07:13:49.872778" elapsed="0.000654"/>
</kw>
<kw name="Log" owner="BuiltIn">
<msg time="2024-05-26T07:13:49.873958" level="INFO">60670</msg>
<arg>${json_data['results'][0]['location']['postcode']}</arg>
<doc>Logs the given message with the given level.</doc>
<status status="PASS" start="2024-05-26T07:13:49.873625" elapsed="0.000373"/>
</kw>
<status status="PASS" start="2024-05-26T07:13:49.771557" elapsed="0.102691"/>
</kw>
<doc>Testa se os tipos de dados na resposta da API estão corretos.</doc>
<tag>testeTiposDados</tag>
<status status="PASS" start="2024-05-26T07:13:49.681422" elapsed="0.192982"/>
</test>
<test id="s1-s1-t5" name="Validar conteudo" line="35">
<kw name="Teste de Tipos de Conteudo" owner="random-user-service">
<kw name="GET On Session" owner="RequestsLibrary">
<msg time="2024-05-26T07:13:49.965785" level="INFO">GET Request : url=https://randomuser.me/api 
 path_url=/api 
 headers={'User-Agent': 'python-requests/2.32.2', 'Accept-Encoding': 'gzip, deflate', 'Accept': '*/*', 'Connection': 'keep-alive'} 
 body=None 
 </msg>
<msg time="2024-05-26T07:13:49.965869" level="INFO">GET Response : url=https://randomuser.me/api 
 status=200, reason=OK 
 headers={'Date': 'Sun, 26 May 2024 07:13:49 GMT', 'Content-Type': 'application/json; charset=utf-8', 'Transfer-Encoding': 'chunked', 'Connection': 'keep-alive', 'X-Powered-By': 'Express', 'Access-Control-Allow-Origin': '*', 'Cache-Control': 'no-cache', 'ETag': 'W/"49c-KrVcXFS2BxEcKtNesQ7FvfERuQM"', 'Vary': 'Accept-Encoding', 'Content-Encoding': 'gzip', 'CF-Cache-Status': 'DYNAMIC', 'Report-To': '{"endpoints":[{"url":"https:\\/\\/a.nel.cloudflare.com\\/report\\/v4?s=yREiZKctyFQDZi2EtmjDN4vkIUGuWLC1kM6O8lBNFZ8QsDXMIKci0wQ0czlzuFfdX4iVuluw7b9mUZLlCwziRB9Vvsg3wl1%2Fa6lF8cnR2PXox42bjeUHOgFScuqXP1Pq"}],"group":"cf-nel","max_age":604800}', 'NEL': '{"success_fraction":0,"report_to":"cf-nel","max_age":604800}', 'Server': 'cloudflare', 'CF-RAY': '889bf6febbea159e-SJC', 'alt-svc': 'h3=":443"; ma=86400'} 
 body={"results":[{"gender":"female","name":{"title":"Mrs","first":"Carla","last":"Andrews"},"location":{"street":{"number":627,"name":"Camden Ave"},"city":"Centennial","state":"Alabama","country":"United States","postcode":28741,"coordinates":{"latitude":"82.5261","longitude":"132.9104"},"timezone":{"offset":"-3:00","description":"Brazil, Buenos Aires, Georgetown"}},"email":"carla.andrews@example.com","login":{"uuid":"20751120-3c42-42d5-86d8-5b22fd13118f","username":"orangegoose742","password":"supersta","salt":"VqlkYwIz","md5":"1cb5e438143d75ad55b45696d5d9c63b","sha1":"2ed86178934f41e42247eddd4482ef12a9e8d0c5","sha256":"9ec86386dde860a7d92917587e4aeb1305d9a57f55c3862cf1c406ef82df59a3"},"dob":{"date":"1954-08-11T04:24:53.282Z","age":69},"registered":{"date":"2005-03-17T09:10:05.141Z","age":19},"phone":"(802) 205-9763","cell":"(268) 311-0184","id":{"name":"SSN","value":"240-60-0928"},"picture":{"large":"https://randomuser.me/api/portraits/women/91.jpg","medium":"https://randomuser.me/api/portraits/med/women/91.jpg","thumbnail":"https://randomuser.me/api/portraits/thumb/women/91.jpg"},"nat":"US"}],"info":{"seed":"0dba9a3a9a9e208e","results":1,"page":1,"version":"1.4"}} 
 </msg>
<msg time="2024-05-26T07:13:49.965940" level="INFO">/opt/hostedtoolcache/Python/3.12.3/x64/lib/python3.12/site-packages/urllib3/connectionpool.py:1103: InsecureRequestWarning: Unverified HTTPS request is being made to host 'randomuser.me'. Adding certificate verification is strongly advised. See: https://urllib3.readthedocs.io/en/latest/advanced-usage.html#tls-warnings
  warnings.warn(</msg>
<msg time="2024-05-26T07:13:49.966055" level="INFO">${response} = &lt;Response [200]&gt;</msg>
<var>${response}</var>
<arg>consultarAPI</arg>
<arg>/api</arg>
<doc>Sends a GET request on a previously created HTTP Session.</doc>
<status status="PASS" start="2024-05-26T07:13:49.876833" elapsed="0.089277"/>
</kw>
<kw name="Set Variable" owner="BuiltIn">
<msg time="2024-05-26T07:13:49.967164" level="INFO">${json_data} = {'results': [{'gender': 'female', 'name': {'title': 'Mrs', 'first': 'Carla', 'last': 'Andrews'}, 'location': {'street': {'number': 627, 'name': 'Camden Ave'}, 'city': 'Centennial', 'state': 'Alabama',...</msg>
<var>${json_data}</var>
<arg>${response.json()}</arg>
<doc>Returns the given values which can then be assigned to a variables.</doc>
<status status="PASS" start="2024-05-26T07:13:49.966618" elapsed="0.000574"/>
</kw>
<kw name="Set Variable" owner="BuiltIn">
<msg time="2024-05-26T07:13:49.967879" level="INFO">${name_title} = Mrs</msg>
<var>${name_title}</var>
<arg>${json_data["results"][0]["name"]["title"]}</arg>
<doc>Returns the given values which can then be assigned to a variables.</doc>
<status status="PASS" start="2024-05-26T07:13:49.967495" elapsed="0.000409"/>
</kw>
<kw name="Create List" owner="BuiltIn">
<msg time="2024-05-26T07:13:49.968351" level="INFO">${allowed_titles} = ['Mr', 'Ms', 'Miss', 'Mrs', 'Madame', 'Monsieur']</msg>
<var>${allowed_titles}</var>
<arg>Mr</arg>
<arg>Ms</arg>
<arg>Miss</arg>
<arg>Mrs</arg>
<arg>Madame</arg>
<arg>Monsieur</arg>
<doc>Returns a list containing given items.</doc>
<status status="PASS" start="2024-05-26T07:13:49.968203" elapsed="0.000172"/>
</kw>
<kw name="List Should Contain Value" owner="Collections">
<msg time="2024-05-26T07:13:49.968844" level="INFO">False</msg>
<arg>${allowed_titles}</arg>
<arg>${name_title}</arg>
<doc>Fails if the ``value`` is not found from ``list``.</doc>
<status status="PASS" start="2024-05-26T07:13:49.968672" elapsed="0.000208"/>
</kw>
<kw name="Set Variable" owner="BuiltIn">
<msg time="2024-05-26T07:13:49.969739" level="INFO">${name_country} = US</msg>
<var>${name_country}</var>
<arg>${json_data["results"][0]["nat"]}</arg>
<doc>Returns the given values which can then be assigned to a variables.</doc>
<status status="PASS" start="2024-05-26T07:13:49.969220" elapsed="0.000544"/>
</kw>
<kw name="Create List" owner="BuiltIn">
<msg time="2024-05-26T07:13:49.970675" level="INFO">${list_country} = ['AD', 'AE', 'AF', 'AG', 'AI', 'AL', 'AM', 'AO', 'AQ', 'AR', 'AS', 'AT', 'AU', 'AW', 'AX', 'AZ', 'BA', 'BB', 'BD', 'BE', 'BF', 'BG', 'BH', 'BI', 'BJ', 'BL', 'BM', 'BN', 'BO', 'BQ', 'BR', 'BS', 'BT', '...</msg>
<var>${list_country}</var>
<arg>AD</arg>
<arg>AE</arg>
<arg>AF</arg>
<arg>AG</arg>
<arg>AI</arg>
<arg>AL</arg>
<arg>AM</arg>
<arg>AO</arg>
<arg>AQ</arg>
<arg>AR</arg>
<arg>AS</arg>
<arg>AT</arg>
<arg>AU</arg>
<arg>AW</arg>
<arg>AX</arg>
<arg>AZ</arg>
<arg>BA</arg>
<arg>BB</arg>
<arg>BD</arg>
<arg>BE</arg>
<arg>BF</arg>
<arg>BG</arg>
<arg>BH</arg>
<arg>BI</arg>
<arg>BJ</arg>
<arg>BL</arg>
<arg>BM</arg>
<arg>BN</arg>
<arg>BO</arg>
<arg>BQ</arg>
<arg>BR</arg>
<arg>BS</arg>
<arg>BT</arg>
<arg>BV</arg>
<arg>BW</arg>
<arg>BY</arg>
<arg>BZ</arg>
<arg>CA</arg>
<arg>CC</arg>
<arg>CD</arg>
<arg>CF</arg>
<arg>CG</arg>
<arg>CH</arg>
<arg>CI</arg>
<arg>CK</arg>
<arg>CL</arg>
<arg>CM</arg>
<arg>CN</arg>
<arg>CO</arg>
<arg>CR</arg>
<arg>CU</arg>
<arg>CV</arg>
<arg>CW</arg>
<arg>CX</arg>
<arg>CY</arg>
<arg>CZ</arg>
<arg>DE</arg>
<arg>DJ</arg>
<arg>DK</arg>
<arg>DM</arg>
<arg>DO</arg>
<arg>DZ</arg>
<arg>EC</arg>
<arg>EE</arg>
<arg>EG</arg>
<arg>EH</arg>
<arg>ER</arg>
<arg>ES</arg>
<arg>ET</arg>
<arg>FI</arg>
<arg>FJ</arg>
<arg>FK</arg>
<arg>FM</arg>
<arg>FO</arg>
<arg>FR</arg>
<arg>GA</arg>
<arg>GB</arg>
<arg>GD</arg>
<arg>GE</arg>
<arg>GF</arg>
<arg>GG</arg>
<arg>GH</arg>
<arg>GI</arg>
<arg>GL</arg>
<arg>GM</arg>
<arg>GN</arg>
<arg>GP</arg>
<arg>GQ</arg>
<arg>GR</arg>
<arg>GS</arg>
<arg>GT</arg>
<arg>GU</arg>
<arg>GW</arg>
<arg>GY</arg>
<arg>HK</arg>
<arg>HM</arg>
<arg>HN</arg>
<arg>HR</arg>
<arg>HT</arg>
<arg>HU</arg>
<arg>ID</arg>
<arg>IE</arg>
<arg>IL</arg>
<arg>IM</arg>
<arg>IN</arg>
<arg>IO</arg>
<arg>IQ</arg>
<arg>IR</arg>
<arg>IS</arg>
<arg>IT</arg>
<arg>JE</arg>
<arg>JM</arg>
<arg>JO</arg>
<arg>JP</arg>
<arg>KE</arg>
<arg>KG</arg>
<arg>KH</arg>
<arg>KI</arg>
<arg>KM</arg>
<arg>KN</arg>
<arg>KP</arg>
<arg>KR</arg>
<arg>KW</arg>
<arg>KY</arg>
<arg>KZ</arg>
<arg>LA</arg>
<arg>LB</arg>
<arg>LC</arg>
<arg>LI</arg>
<arg>LK</arg>
<arg>LR</arg>
<arg>LS</arg>
<arg>LT</arg>
<arg>LU</arg>
<arg>LV</arg>
<arg>LY</arg>
<arg>MA</arg>
<arg>MC</arg>
<arg>MD</arg>
<arg>ME</arg>
<arg>MF</arg>
<arg>MG</arg>
<arg>MH</arg>
<arg>MK</arg>
<arg>ML</arg>
<arg>MM</arg>
<arg>MN</arg>
<arg>MO</arg>
<arg>MP</arg>
<arg>MQ</arg>
<arg>MR</arg>
<arg>MS</arg>
<arg>MT</arg>
<arg>MU</arg>
<arg>MV</arg>
<arg>MW</arg>
<arg>MX</arg>
<arg>MY</arg>
<arg>MZ</arg>
<arg>NA</arg>
<arg>NC</arg>
<arg>NE</arg>
<arg>NF</arg>
<arg>NG</arg>
<arg>NI</arg>
<arg>NL</arg>
<arg>NO</arg>
<arg>NP</arg>
<arg>NR</arg>
<arg>NU</arg>
<arg>NZ</arg>
<arg>OM</arg>
<arg>PA</arg>
<arg>PE</arg>
<arg>PF</arg>
<arg>PG</arg>
<arg>PH</arg>
<arg>PK</arg>
<arg>PL</arg>
<arg>PM</arg>
<arg>PN</arg>
<arg>PR</arg>
<arg>PS</arg>
<arg>PT</arg>
<arg>PW</arg>
<arg>PY</arg>
<arg>QA</arg>
<arg>RE</arg>
<arg>RO</arg>
<arg>RS</arg>
<arg>RU</arg>
<arg>RW</arg>
<arg>SA</arg>
<arg>SB</arg>
<arg>SC</arg>
<arg>SD</arg>
<arg>SE</arg>
<arg>SG</arg>
<arg>SH</arg>
<arg>SI</arg>
<arg>SJ</arg>
<arg>SK</arg>
<arg>SL</arg>
<arg>SM</arg>
<arg>SN</arg>
<arg>SO</arg>
<arg>SR</arg>
<arg>SS</arg>
<arg>ST</arg>
<arg>SV</arg>
<arg>SX</arg>
<arg>SY</arg>
<arg>SZ</arg>
<arg>TC</arg>
<arg>TD</arg>
<arg>TF</arg>
<arg>TG</arg>
<arg>TH</arg>
<arg>TJ</arg>
<arg>TK</arg>
<arg>TL</arg>
<arg>TM</arg>
<arg>TN</arg>
<arg>TO</arg>
<arg>TR</arg>
<arg>TT</arg>
<arg>TV</arg>
<arg>TW</arg>
<arg>TZ</arg>
<arg>UA</arg>
<arg>UG</arg>
<arg>UM</arg>
<arg>US</arg>
<arg>UY</arg>
<arg>UZ</arg>
<arg>VA</arg>
<arg>VC</arg>
<arg>VE</arg>
<arg>VG</arg>
<arg>VI</arg>
<arg>VN</arg>
<arg>VU</arg>
<arg>WF</arg>
<arg>WS</arg>
<arg>XK</arg>
<arg>YE</arg>
<arg>YT</arg>
<arg>ZA</arg>
<arg>ZM</arg>
<arg>ZW</arg>
<doc>Returns a list containing given items.</doc>
<status status="PASS" start="2024-05-26T07:13:49.970071" elapsed="0.000630"/>
</kw>
<kw name="List Should Contain Value" owner="Collections">
<msg time="2024-05-26T07:13:49.971709" level="INFO">False</msg>
<arg>${list_country}</arg>
<arg>${name_country}</arg>
<doc>Fails if the ``value`` is not found from ``list``.</doc>
<status status="PASS" start="2024-05-26T07:13:49.971507" elapsed="0.000238"/>
</kw>
<kw name="Run Keyword If" owner="BuiltIn">
<kw name="Should Be True" owner="BuiltIn">
<arg>${True}</arg>
<doc>Fails if the given condition is not true.</doc>
<status status="PASS" start="2024-05-26T07:13:49.972794" elapsed="0.000174"/>
</kw>
<arg>${json_data["results"][0]["location"]["coordinates"]["latitude"]} &gt;= -90 and ${json_data["results"][0]["location"]["coordinates"]["latitude"]} &lt;= 90</arg>
<arg>Should Be True</arg>
<arg>${True}</arg>
<doc>Runs the given keyword with the given arguments, if ``condition`` is true.</doc>
<status status="PASS" start="2024-05-26T07:13:49.972057" elapsed="0.001042"/>
</kw>
<kw name="Run Keyword If" owner="BuiltIn">
<kw name="Should Be True" owner="BuiltIn">
<arg>${True}</arg>
<doc>Fails if the given condition is not true.</doc>
<status status="PASS" start="2024-05-26T07:13:49.973974" elapsed="0.000140"/>
</kw>
<arg>${json_data["results"][0]["location"]["coordinates"]["longitude"]} &gt;= -180 and ${json_data["results"][0]["location"]["coordinates"]["longitude"]} &lt;= 180</arg>
<arg>Should Be True</arg>
<arg>${True}</arg>
<doc>Runs the given keyword with the given arguments, if ``condition`` is true.</doc>
<status status="PASS" start="2024-05-26T07:13:49.973286" elapsed="0.000950"/>
</kw>
<status status="PASS" start="2024-05-26T07:13:49.876612" elapsed="0.097751"/>
</kw>
<doc>Testa o conteúdo específico dos campos retornados pela API.</doc>
<tag>testeConteudo</tag>
<status status="PASS" start="2024-05-26T07:13:49.876112" elapsed="0.098392"/>
</test>
<status status="PASS" start="2024-05-26T07:13:49.056285" elapsed="0.920133"/>
</suite>
<status status="PASS" start="2024-05-26T07:13:49.042884" elapsed="0.938807"/>
</suite>
<statistics>
<total>
<stat pass="5" fail="0" skip="0">All Tests</stat>
</total>
<tag>
<stat pass="1" fail="0" skip="0">testeConteudo</stat>
<stat pass="1" fail="0" skip="0">testeEstruturaResposta</stat>
<stat pass="1" fail="0" skip="0">testeRequisicaoBasica</stat>
<stat pass="1" fail="0" skip="0">testeTiposDados</stat>
</tag>
<suite>
<stat pass="5" fail="0" skip="0" id="s1" name="Tests">Tests</stat>
<stat pass="5" fail="0" skip="0" id="s1-s1" name="Random-User-Test">Tests.Random-User-Test</stat>
</suite>
</statistics>
<errors>
</errors>
</robot>
