<?xml version="1.0" encoding="UTF-8"?>
<robot generator="Robot 7.0 (Python 3.12.3 on linux)" generated="2024-04-29T07:13:45.999909" rpa="false" schemaversion="5">
<suite id="s1" name="Tests" source="/home/runner/work/DesafioQAItauRogerioJordao/DesafioQAItauRogerioJordao/RamdonUser/tests">
<suite id="s1-s1" name="Random-User-Test" source="/home/runner/work/DesafioQAItauRogerioJordao/DesafioQAItauRogerioJordao/RamdonUser/tests/random-user-test.robot">
<test id="s1-s1-t1" name="Conectar" line="13">
<kw name="Conectar API" owner="random-user-service">
<kw name="Create Session" owner="RequestsLibrary">
<msg time="2024-04-29T07:13:46.360075" level="INFO">Creating Session using : alias=consultarAPI, url=https://randomuser.me/, headers={},                     cookies={}, auth=None, timeout=None, proxies=None, verify=False,                     debug=0 </msg>
<arg>consultarAPI</arg>
<arg>${URL}</arg>
<doc>Create Session: create a HTTP session to a server</doc>
<status status="PASS" start="2024-04-29T07:13:46.359869" elapsed="0.000431"/>
</kw>
<status status="PASS" start="2024-04-29T07:13:46.358891" elapsed="0.001780"/>
</kw>
<status status="PASS" start="2024-04-29T07:13:46.358255" elapsed="0.002609"/>
</test>
<test id="s1-s1-t2" name="Validar retorno 200 e JSON Válido" line="16">
<kw name="Teste de Requisicao Basica" owner="random-user-service">
<kw name="GET On Session" owner="RequestsLibrary">
<msg time="2024-04-29T07:13:46.433448" level="INFO">GET Request : url=https://randomuser.me/api 
 path_url=/api 
 headers={'User-Agent': 'python-requests/2.31.0', 'Accept-Encoding': 'gzip, deflate', 'Accept': '*/*', 'Connection': 'keep-alive'} 
 body=None 
 </msg>
<msg time="2024-04-29T07:13:46.433608" level="INFO">GET Response : url=https://randomuser.me/api 
 status=200, reason=OK 
 headers={'Date': 'Mon, 29 Apr 2024 07:13:46 GMT', 'Content-Type': 'application/json; charset=utf-8', 'Transfer-Encoding': 'chunked', 'Connection': 'keep-alive', 'X-Powered-By': 'Express', 'Access-Control-Allow-Origin': '*', 'Cache-Control': 'no-cache', 'ETag': 'W/"499-8If8xsS/dJviiNy5DvF+lE92bXU"', 'Vary': 'Accept-Encoding', 'Content-Encoding': 'gzip', 'CF-Cache-Status': 'DYNAMIC', 'Report-To': '{"endpoints":[{"url":"https:\\/\\/a.nel.cloudflare.com\\/report\\/v4?s=IiDMfCep8UozyrLA5Zz5O74vMovXIqSrXJXbKmwfBNmhm24PMA6aDUjQ9vxRO%2FG5xSiuuPAEkjOXYZmRQY7Zb%2BU5F9euE4g2yCyRp52nDHJFbgeNt7SpHH5rKgCKaMJi"}],"group":"cf-nel","max_age":604800}', 'NEL': '{"success_fraction":0,"report_to":"cf-nel","max_age":604800}', 'Server': 'cloudflare', 'CF-RAY': '87bd7dc90a3c8000-IAD', 'alt-svc': 'h3=":443"; ma=86400'} 
 body={"results":[{"gender":"female","name":{"title":"Miss","first":"Arundhati","last":"Kulkarni"},"location":{"street":{"number":9724,"name":"Kazimar St"},"city":"Katihar","state":"Meghalaya","country":"India","postcode":99633,"coordinates":{"latitude":"12.2010","longitude":"36.9551"},"timezone":{"offset":"+4:00","description":"Abu Dhabi, Muscat, Baku, Tbilisi"}},"email":"arundhati.kulkarni@example.com","login":{"uuid":"270af67a-fb37-42bd-a256-8afcf487a285","username":"greenleopard684","password":"eastwood","salt":"TmDkTY4h","md5":"393e2226f9a335be870ac771af60c3b9","sha1":"750c050f89623b98af0030307782676acf760bd3","sha256":"95f4a1354d7479e74d1e4585f00e39c6f63d89eea7d63d236a4deb64462a606a"},"dob":{"date":"2000-06-04T10:05:36.723Z","age":23},"registered":{"date":"2018-03-28T07:25:27.888Z","age":6},"phone":"7546153476","cell":"8657082406","id":{"name":"UIDAI","value":"891394609656"},"picture":{"large":"https://randomuser.me/api/portraits/women/91.jpg","medium":"https://randomuser.me/api/portraits/med/women/91.jpg","thumbnail":"https://randomuser.me/api/portraits/thumb/women/91.jpg"},"nat":"IN"}],"info":{"seed":"8bf7155b98c1bb1a","results":1,"page":1,"version":"1.4"}} 
 </msg>
<msg time="2024-04-29T07:13:46.433694" level="INFO">/opt/hostedtoolcache/Python/3.12.3/x64/lib/python3.12/site-packages/urllib3/connectionpool.py:1103: InsecureRequestWarning: Unverified HTTPS request is being made to host 'randomuser.me'. Adding certificate verification is strongly advised. See: https://urllib3.readthedocs.io/en/latest/advanced-usage.html#tls-warnings
  warnings.warn(</msg>
<msg time="2024-04-29T07:13:46.433852" level="INFO">${response} = &lt;Response [200]&gt;</msg>
<var>${response}</var>
<arg>consultarAPI</arg>
<arg>/api</arg>
<doc>Sends a GET request on a previously created HTTP Session.</doc>
<status status="PASS" start="2024-04-29T07:13:46.363540" elapsed="0.070357"/>
</kw>
<kw name="Should Be Equal As Numbers" owner="BuiltIn">
<msg time="2024-04-29T07:13:46.435160" level="INFO">Argument types are:
&lt;class 'int'&gt;
&lt;class 'str'&gt;</msg>
<arg>${response.status_code}</arg>
<arg>200</arg>
<doc>Fails if objects are unequal after converting them to real numbers.</doc>
<status status="PASS" start="2024-04-29T07:13:46.434638" elapsed="0.000589"/>
</kw>
<kw name="Log" owner="BuiltIn">
<msg time="2024-04-29T07:13:46.435929" level="INFO">200</msg>
<arg>${response.status_code}</arg>
<doc>Logs the given message with the given level.</doc>
<status status="PASS" start="2024-04-29T07:13:46.435574" elapsed="0.000398"/>
</kw>
<kw name="Set Variable" owner="BuiltIn">
<msg time="2024-04-29T07:13:46.436755" level="INFO">${json_data} = {'results': [{'gender': 'female', 'name': {'title': 'Miss', 'first': 'Arundhati', 'last': 'Kulkarni'}, 'location': {'street': {'number': 9724, 'name': 'Kazimar St'}, 'city': 'Katihar', 'state': 'Megha...</msg>
<var>${json_data}</var>
<arg>${response.json()}</arg>
<doc>Returns the given values which can then be assigned to a variables.</doc>
<status status="PASS" start="2024-04-29T07:13:46.436314" elapsed="0.000470"/>
</kw>
<kw name="Dictionary Should Contain Key" owner="Collections">
<msg time="2024-04-29T07:13:46.437255" level="INFO">False</msg>
<arg>${json_data}</arg>
<arg>results</arg>
<doc>Fails if ``key`` is not found from ``dictionary``.</doc>
<status status="PASS" start="2024-04-29T07:13:46.437090" elapsed="0.000204"/>
</kw>
<status status="PASS" start="2024-04-29T07:13:46.363295" elapsed="0.074262"/>
</kw>
<doc>Testa se a API responde corretamente e retorna um objeto JSON válido.</doc>
<tag>testeRequisicaoBasica</tag>
<status status="PASS" start="2024-04-29T07:13:46.362759" elapsed="0.074984"/>
</test>
<test id="s1-s1-t3" name="Validar estrutura de resposta" line="22">
<kw name="Teste de Estrutura de Resposta" owner="random-user-service">
<kw name="GET On Session" owner="RequestsLibrary">
<msg time="2024-04-29T07:13:46.531839" level="INFO">GET Request : url=https://randomuser.me/api 
 path_url=/api 
 headers={'User-Agent': 'python-requests/2.31.0', 'Accept-Encoding': 'gzip, deflate', 'Accept': '*/*', 'Connection': 'keep-alive'} 
 body=None 
 </msg>
<msg time="2024-04-29T07:13:46.531913" level="INFO">GET Response : url=https://randomuser.me/api 
 status=200, reason=OK 
 headers={'Date': 'Mon, 29 Apr 2024 07:13:46 GMT', 'Content-Type': 'application/json; charset=utf-8', 'Transfer-Encoding': 'chunked', 'Connection': 'keep-alive', 'X-Powered-By': 'Express', 'Access-Control-Allow-Origin': '*', 'Cache-Control': 'no-cache', 'ETag': 'W/"497-ckDa6nhxHZw/FO7I7A3ZFj/N38k"', 'Vary': 'Accept-Encoding', 'Content-Encoding': 'gzip', 'CF-Cache-Status': 'DYNAMIC', 'Report-To': '{"endpoints":[{"url":"https:\\/\\/a.nel.cloudflare.com\\/report\\/v4?s=IpSam8ZdHguDZwdXlk%2FD3xADNw846RwEF6XVp6kGG3LGRJ0KaAyzY0ECozLvdixS7TO1fL9faM2JCYakauHSz3UDMj5ZYFAgJ0xdqUMES1rAjcFmyRP1Q2RuFZFjrPn5"}],"group":"cf-nel","max_age":604800}', 'NEL': '{"success_fraction":0,"report_to":"cf-nel","max_age":604800}', 'Server': 'cloudflare', 'CF-RAY': '87bd7dc94a6b8000-IAD', 'alt-svc': 'h3=":443"; ma=86400'} 
 body={"results":[{"gender":"female","name":{"title":"Mrs","first":"Linnea","last":"Puro"},"location":{"street":{"number":2132,"name":"Mannerheimintie"},"city":"Tervola","state":"Southern Ostrobothnia","country":"Finland","postcode":97368,"coordinates":{"latitude":"-25.7630","longitude":"171.7565"},"timezone":{"offset":"+6:00","description":"Almaty, Dhaka, Colombo"}},"email":"linnea.puro@example.com","login":{"uuid":"7b8c35db-f339-43ce-b176-338941a325ee","username":"greenduck321","password":"jones","salt":"mlMoV48g","md5":"0be356f9b39d2291c6cce253f1ebb0dc","sha1":"b88a8226a680e8b855b36d067e08b5ccef0a9319","sha256":"37e472b49ac6848b4952d5f11eb8e5a23a0c8534ade2cf7a66e49f8dbcf9900e"},"dob":{"date":"1974-08-17T00:12:46.085Z","age":49},"registered":{"date":"2013-10-24T16:52:03.425Z","age":10},"phone":"02-621-389","cell":"044-979-23-89","id":{"name":"HETU","value":"NaNNA828undefined"},"picture":{"large":"https://randomuser.me/api/portraits/women/25.jpg","medium":"https://randomuser.me/api/portraits/med/women/25.jpg","thumbnail":"https://randomuser.me/api/portraits/thumb/women/25.jpg"},"nat":"FI"}],"info":{"seed":"6cb6c2d9ba2145d0","results":1,"page":1,"version":"1.4"}} 
 </msg>
<msg time="2024-04-29T07:13:46.532025" level="INFO">/opt/hostedtoolcache/Python/3.12.3/x64/lib/python3.12/site-packages/urllib3/connectionpool.py:1103: InsecureRequestWarning: Unverified HTTPS request is being made to host 'randomuser.me'. Adding certificate verification is strongly advised. See: https://urllib3.readthedocs.io/en/latest/advanced-usage.html#tls-warnings
  warnings.warn(</msg>
<msg time="2024-04-29T07:13:46.532134" level="INFO">${response} = &lt;Response [200]&gt;</msg>
<var>${response}</var>
<arg>consultarAPI</arg>
<arg>/api</arg>
<doc>Sends a GET request on a previously created HTTP Session.</doc>
<status status="PASS" start="2024-04-29T07:13:46.440512" elapsed="0.091683"/>
</kw>
<kw name="Set Variable" owner="BuiltIn">
<msg time="2024-04-29T07:13:46.533340" level="INFO">${json_data} = {'results': [{'gender': 'female', 'name': {'title': 'Mrs', 'first': 'Linnea', 'last': 'Puro'}, 'location': {'street': {'number': 2132, 'name': 'Mannerheimintie'}, 'city': 'Tervola', 'state': 'Southern...</msg>
<var>${json_data}</var>
<arg>${response.json()}</arg>
<doc>Returns the given values which can then be assigned to a variables.</doc>
<status status="PASS" start="2024-04-29T07:13:46.532727" elapsed="0.000642"/>
</kw>
<kw name="Log" owner="BuiltIn">
<msg time="2024-04-29T07:13:46.533839" level="INFO">{'results': [{'gender': 'female', 'name': {'title': 'Mrs', 'first': 'Linnea', 'last': 'Puro'}, 'location': {'street': {'number': 2132, 'name': 'Mannerheimintie'}, 'city': 'Tervola', 'state': 'Southern Ostrobothnia', 'country': 'Finland', 'postcode': 97368, 'coordinates': {'latitude': '-25.7630', 'longitude': '171.7565'}, 'timezone': {'offset': '+6:00', 'description': 'Almaty, Dhaka, Colombo'}}, 'email': 'linnea.puro@example.com', 'login': {'uuid': '7b8c35db-f339-43ce-b176-338941a325ee', 'username': 'greenduck321', 'password': 'jones', 'salt': 'mlMoV48g', 'md5': '0be356f9b39d2291c6cce253f1ebb0dc', 'sha1': 'b88a8226a680e8b855b36d067e08b5ccef0a9319', 'sha256': '37e472b49ac6848b4952d5f11eb8e5a23a0c8534ade2cf7a66e49f8dbcf9900e'}, 'dob': {'date': '1974-08-17T00:12:46.085Z', 'age': 49}, 'registered': {'date': '2013-10-24T16:52:03.425Z', 'age': 10}, 'phone': '02-621-389', 'cell': '044-979-23-89', 'id': {'name': 'HETU', 'value': 'NaNNA828undefined'}, 'picture': {'large': 'https://randomuser.me/api/portraits/women/25.jpg', 'medium': 'https://randomuser.me/api/portraits/med/women/25.jpg', 'thumbnail': 'https://randomuser.me/api/portraits/thumb/women/25.jpg'}, 'nat': 'FI'}], 'info': {'seed': '6cb6c2d9ba2145d0', 'results': 1, 'page': 1, 'version': '1.4'}}</msg>
<arg>${json_data}</arg>
<doc>Logs the given message with the given level.</doc>
<status status="PASS" start="2024-04-29T07:13:46.533683" elapsed="0.000204"/>
</kw>
<kw name="Dictionary Should Contain Key" owner="Collections">
<msg time="2024-04-29T07:13:46.534335" level="INFO">False</msg>
<arg>${json_data}</arg>
<arg>results</arg>
<doc>Fails if ``key`` is not found from ``dictionary``.</doc>
<status status="PASS" start="2024-04-29T07:13:46.534183" elapsed="0.000189"/>
</kw>
<kw name="Should Not Be Empty" owner="BuiltIn">
<msg time="2024-04-29T07:13:46.534801" level="INFO">Length is 2.</msg>
<arg>${json_data}</arg>
<doc>Verifies that the given item is not empty.</doc>
<status status="PASS" start="2024-04-29T07:13:46.534665" elapsed="0.000174"/>
</kw>
<kw name="Create List" owner="BuiltIn">
<msg time="2024-04-29T07:13:46.535417" level="INFO">${expected_keys} = ['gender', 'name', 'location', 'email', 'login']</msg>
<var>${expected_keys}</var>
<arg>gender</arg>
<arg>name</arg>
<arg>location</arg>
<arg>email</arg>
<arg>login</arg>
<doc>Returns a list containing given items.</doc>
<status status="PASS" start="2024-04-29T07:13:46.535125" elapsed="0.000318"/>
</kw>
<for flavor="IN">
<iter>
<kw name="Dictionary Should Contain Key" owner="Collections">
<msg time="2024-04-29T07:13:46.536470" level="INFO">False</msg>
<arg>${json_data['results'][0]}</arg>
<arg>${key}</arg>
<doc>Fails if ``key`` is not found from ``dictionary``.</doc>
<status status="PASS" start="2024-04-29T07:13:46.536030" elapsed="0.000479"/>
</kw>
<kw name="Log" owner="BuiltIn">
<msg time="2024-04-29T07:13:46.537188" level="INFO">{'gender': 'female', 'name': {'title': 'Mrs', 'first': 'Linnea', 'last': 'Puro'}, 'location': {'street': {'number': 2132, 'name': 'Mannerheimintie'}, 'city': 'Tervola', 'state': 'Southern Ostrobothnia', 'country': 'Finland', 'postcode': 97368, 'coordinates': {'latitude': '-25.7630', 'longitude': '171.7565'}, 'timezone': {'offset': '+6:00', 'description': 'Almaty, Dhaka, Colombo'}}, 'email': 'linnea.puro@example.com', 'login': {'uuid': '7b8c35db-f339-43ce-b176-338941a325ee', 'username': 'greenduck321', 'password': 'jones', 'salt': 'mlMoV48g', 'md5': '0be356f9b39d2291c6cce253f1ebb0dc', 'sha1': 'b88a8226a680e8b855b36d067e08b5ccef0a9319', 'sha256': '37e472b49ac6848b4952d5f11eb8e5a23a0c8534ade2cf7a66e49f8dbcf9900e'}, 'dob': {'date': '1974-08-17T00:12:46.085Z', 'age': 49}, 'registered': {'date': '2013-10-24T16:52:03.425Z', 'age': 10}, 'phone': '02-621-389', 'cell': '044-979-23-89', 'id': {'name': 'HETU', 'value': 'NaNNA828undefined'}, 'picture': {'large': 'https://randomuser.me/api/portraits/women/25.jpg', 'medium': 'https://randomuser.me/api/portraits/med/women/25.jpg', 'thumbnail': 'https://randomuser.me/api/portraits/thumb/women/25.jpg'}, 'nat': 'FI'}</msg>
<arg>${json_data['results'][0]}</arg>
<doc>Logs the given message with the given level.</doc>
<status status="PASS" start="2024-04-29T07:13:46.536817" elapsed="0.000419"/>
</kw>
<kw name="Log" owner="BuiltIn">
<msg time="2024-04-29T07:13:46.537659" level="INFO">gender</msg>
<arg>${key}</arg>
<doc>Logs the given message with the given level.</doc>
<status status="PASS" start="2024-04-29T07:13:46.537533" elapsed="0.000164"/>
</kw>
<var name="${key}">gender</var>
<status status="PASS" start="2024-04-29T07:13:46.535904" elapsed="0.002008"/>
</iter>
<iter>
<kw name="Dictionary Should Contain Key" owner="Collections">
<msg time="2024-04-29T07:13:46.538604" level="INFO">False</msg>
<arg>${json_data['results'][0]}</arg>
<arg>${key}</arg>
<doc>Fails if ``key`` is not found from ``dictionary``.</doc>
<status status="PASS" start="2024-04-29T07:13:46.538214" elapsed="0.000429"/>
</kw>
<kw name="Log" owner="BuiltIn">
<msg time="2024-04-29T07:13:46.539323" level="INFO">{'gender': 'female', 'name': {'title': 'Mrs', 'first': 'Linnea', 'last': 'Puro'}, 'location': {'street': {'number': 2132, 'name': 'Mannerheimintie'}, 'city': 'Tervola', 'state': 'Southern Ostrobothnia', 'country': 'Finland', 'postcode': 97368, 'coordinates': {'latitude': '-25.7630', 'longitude': '171.7565'}, 'timezone': {'offset': '+6:00', 'description': 'Almaty, Dhaka, Colombo'}}, 'email': 'linnea.puro@example.com', 'login': {'uuid': '7b8c35db-f339-43ce-b176-338941a325ee', 'username': 'greenduck321', 'password': 'jones', 'salt': 'mlMoV48g', 'md5': '0be356f9b39d2291c6cce253f1ebb0dc', 'sha1': 'b88a8226a680e8b855b36d067e08b5ccef0a9319', 'sha256': '37e472b49ac6848b4952d5f11eb8e5a23a0c8534ade2cf7a66e49f8dbcf9900e'}, 'dob': {'date': '1974-08-17T00:12:46.085Z', 'age': 49}, 'registered': {'date': '2013-10-24T16:52:03.425Z', 'age': 10}, 'phone': '02-621-389', 'cell': '044-979-23-89', 'id': {'name': 'HETU', 'value': 'NaNNA828undefined'}, 'picture': {'large': 'https://randomuser.me/api/portraits/women/25.jpg', 'medium': 'https://randomuser.me/api/portraits/med/women/25.jpg', 'thumbnail': 'https://randomuser.me/api/portraits/thumb/women/25.jpg'}, 'nat': 'FI'}</msg>
<arg>${json_data['results'][0]}</arg>
<doc>Logs the given message with the given level.</doc>
<status status="PASS" start="2024-04-29T07:13:46.538965" elapsed="0.000406"/>
</kw>
<kw name="Log" owner="BuiltIn">
<msg time="2024-04-29T07:13:46.539786" level="INFO">name</msg>
<arg>${key}</arg>
<doc>Logs the given message with the given level.</doc>
<status status="PASS" start="2024-04-29T07:13:46.539662" elapsed="0.000161"/>
</kw>
<var name="${key}">name</var>
<status status="PASS" start="2024-04-29T07:13:46.538099" elapsed="0.001937"/>
</iter>
<iter>
<kw name="Dictionary Should Contain Key" owner="Collections">
<msg time="2024-04-29T07:13:46.540757" level="INFO">False</msg>
<arg>${json_data['results'][0]}</arg>
<arg>${key}</arg>
<doc>Fails if ``key`` is not found from ``dictionary``.</doc>
<status status="PASS" start="2024-04-29T07:13:46.540363" elapsed="0.000432"/>
</kw>
<kw name="Log" owner="BuiltIn">
<msg time="2024-04-29T07:13:46.541453" level="INFO">{'gender': 'female', 'name': {'title': 'Mrs', 'first': 'Linnea', 'last': 'Puro'}, 'location': {'street': {'number': 2132, 'name': 'Mannerheimintie'}, 'city': 'Tervola', 'state': 'Southern Ostrobothnia', 'country': 'Finland', 'postcode': 97368, 'coordinates': {'latitude': '-25.7630', 'longitude': '171.7565'}, 'timezone': {'offset': '+6:00', 'description': 'Almaty, Dhaka, Colombo'}}, 'email': 'linnea.puro@example.com', 'login': {'uuid': '7b8c35db-f339-43ce-b176-338941a325ee', 'username': 'greenduck321', 'password': 'jones', 'salt': 'mlMoV48g', 'md5': '0be356f9b39d2291c6cce253f1ebb0dc', 'sha1': 'b88a8226a680e8b855b36d067e08b5ccef0a9319', 'sha256': '37e472b49ac6848b4952d5f11eb8e5a23a0c8534ade2cf7a66e49f8dbcf9900e'}, 'dob': {'date': '1974-08-17T00:12:46.085Z', 'age': 49}, 'registered': {'date': '2013-10-24T16:52:03.425Z', 'age': 10}, 'phone': '02-621-389', 'cell': '044-979-23-89', 'id': {'name': 'HETU', 'value': 'NaNNA828undefined'}, 'picture': {'large': 'https://randomuser.me/api/portraits/women/25.jpg', 'medium': 'https://randomuser.me/api/portraits/med/women/25.jpg', 'thumbnail': 'https://randomuser.me/api/portraits/thumb/women/25.jpg'}, 'nat': 'FI'}</msg>
<arg>${json_data['results'][0]}</arg>
<doc>Logs the given message with the given level.</doc>
<status status="PASS" start="2024-04-29T07:13:46.541095" elapsed="0.000405"/>
</kw>
<kw name="Log" owner="BuiltIn">
<msg time="2024-04-29T07:13:46.541919" level="INFO">location</msg>
<arg>${key}</arg>
<doc>Logs the given message with the given level.</doc>
<status status="PASS" start="2024-04-29T07:13:46.541795" elapsed="0.000162"/>
</kw>
<var name="${key}">location</var>
<status status="PASS" start="2024-04-29T07:13:46.540247" elapsed="0.001924"/>
</iter>
<iter>
<kw name="Dictionary Should Contain Key" owner="Collections">
<msg time="2024-04-29T07:13:46.542833" level="INFO">False</msg>
<arg>${json_data['results'][0]}</arg>
<arg>${key}</arg>
<doc>Fails if ``key`` is not found from ``dictionary``.</doc>
<status status="PASS" start="2024-04-29T07:13:46.542449" elapsed="0.000421"/>
</kw>
<kw name="Log" owner="BuiltIn">
<msg time="2024-04-29T07:13:46.543520" level="INFO">{'gender': 'female', 'name': {'title': 'Mrs', 'first': 'Linnea', 'last': 'Puro'}, 'location': {'street': {'number': 2132, 'name': 'Mannerheimintie'}, 'city': 'Tervola', 'state': 'Southern Ostrobothnia', 'country': 'Finland', 'postcode': 97368, 'coordinates': {'latitude': '-25.7630', 'longitude': '171.7565'}, 'timezone': {'offset': '+6:00', 'description': 'Almaty, Dhaka, Colombo'}}, 'email': 'linnea.puro@example.com', 'login': {'uuid': '7b8c35db-f339-43ce-b176-338941a325ee', 'username': 'greenduck321', 'password': 'jones', 'salt': 'mlMoV48g', 'md5': '0be356f9b39d2291c6cce253f1ebb0dc', 'sha1': 'b88a8226a680e8b855b36d067e08b5ccef0a9319', 'sha256': '37e472b49ac6848b4952d5f11eb8e5a23a0c8534ade2cf7a66e49f8dbcf9900e'}, 'dob': {'date': '1974-08-17T00:12:46.085Z', 'age': 49}, 'registered': {'date': '2013-10-24T16:52:03.425Z', 'age': 10}, 'phone': '02-621-389', 'cell': '044-979-23-89', 'id': {'name': 'HETU', 'value': 'NaNNA828undefined'}, 'picture': {'large': 'https://randomuser.me/api/portraits/women/25.jpg', 'medium': 'https://randomuser.me/api/portraits/med/women/25.jpg', 'thumbnail': 'https://randomuser.me/api/portraits/thumb/women/25.jpg'}, 'nat': 'FI'}</msg>
<arg>${json_data['results'][0]}</arg>
<doc>Logs the given message with the given level.</doc>
<status status="PASS" start="2024-04-29T07:13:46.543166" elapsed="0.000401"/>
</kw>
<kw name="Log" owner="BuiltIn">
<msg time="2024-04-29T07:13:46.543990" level="INFO">email</msg>
<arg>${key}</arg>
<doc>Logs the given message with the given level.</doc>
<status status="PASS" start="2024-04-29T07:13:46.543865" elapsed="0.000163"/>
</kw>
<var name="${key}">email</var>
<status status="PASS" start="2024-04-29T07:13:46.542340" elapsed="0.001939"/>
</iter>
<iter>
<kw name="Dictionary Should Contain Key" owner="Collections">
<msg time="2024-04-29T07:13:46.544964" level="INFO">False</msg>
<arg>${json_data['results'][0]}</arg>
<arg>${key}</arg>
<doc>Fails if ``key`` is not found from ``dictionary``.</doc>
<status status="PASS" start="2024-04-29T07:13:46.544567" elapsed="0.000434"/>
</kw>
<kw name="Log" owner="BuiltIn">
<msg time="2024-04-29T07:13:46.545658" level="INFO">{'gender': 'female', 'name': {'title': 'Mrs', 'first': 'Linnea', 'last': 'Puro'}, 'location': {'street': {'number': 2132, 'name': 'Mannerheimintie'}, 'city': 'Tervola', 'state': 'Southern Ostrobothnia', 'country': 'Finland', 'postcode': 97368, 'coordinates': {'latitude': '-25.7630', 'longitude': '171.7565'}, 'timezone': {'offset': '+6:00', 'description': 'Almaty, Dhaka, Colombo'}}, 'email': 'linnea.puro@example.com', 'login': {'uuid': '7b8c35db-f339-43ce-b176-338941a325ee', 'username': 'greenduck321', 'password': 'jones', 'salt': 'mlMoV48g', 'md5': '0be356f9b39d2291c6cce253f1ebb0dc', 'sha1': 'b88a8226a680e8b855b36d067e08b5ccef0a9319', 'sha256': '37e472b49ac6848b4952d5f11eb8e5a23a0c8534ade2cf7a66e49f8dbcf9900e'}, 'dob': {'date': '1974-08-17T00:12:46.085Z', 'age': 49}, 'registered': {'date': '2013-10-24T16:52:03.425Z', 'age': 10}, 'phone': '02-621-389', 'cell': '044-979-23-89', 'id': {'name': 'HETU', 'value': 'NaNNA828undefined'}, 'picture': {'large': 'https://randomuser.me/api/portraits/women/25.jpg', 'medium': 'https://randomuser.me/api/portraits/med/women/25.jpg', 'thumbnail': 'https://randomuser.me/api/portraits/thumb/women/25.jpg'}, 'nat': 'FI'}</msg>
<arg>${json_data['results'][0]}</arg>
<doc>Logs the given message with the given level.</doc>
<status status="PASS" start="2024-04-29T07:13:46.545294" elapsed="0.000412"/>
</kw>
<kw name="Log" owner="BuiltIn">
<msg time="2024-04-29T07:13:46.546126" level="INFO">login</msg>
<arg>${key}</arg>
<doc>Logs the given message with the given level.</doc>
<status status="PASS" start="2024-04-29T07:13:46.546001" elapsed="0.000163"/>
</kw>
<var name="${key}">login</var>
<status status="PASS" start="2024-04-29T07:13:46.544455" elapsed="0.001956"/>
</iter>
<var>${key}</var>
<value>@{expected_keys}</value>
<status status="PASS" start="2024-04-29T07:13:46.535712" elapsed="0.010825"/>
</for>
<kw name="Create List" owner="BuiltIn">
<msg time="2024-04-29T07:13:46.546866" level="INFO">${expected_keysTwo} = ['username', 'password']</msg>
<var>${expected_keysTwo}</var>
<arg>username</arg>
<arg>password</arg>
<doc>Returns a list containing given items.</doc>
<status status="PASS" start="2024-04-29T07:13:46.546731" elapsed="0.000159"/>
</kw>
<for flavor="IN">
<iter>
<kw name="Dictionary Should Contain Key" owner="Collections">
<msg time="2024-04-29T07:13:46.547777" level="INFO">False</msg>
<arg>${json_data['results'][0]['login']}</arg>
<arg>${keyTwo}</arg>
<doc>Fails if ``key`` is not found from ``dictionary``.</doc>
<status status="PASS" start="2024-04-29T07:13:46.547387" elapsed="0.000428"/>
</kw>
<kw name="Dictionary Should Contain Key" owner="Collections">
<msg time="2024-04-29T07:13:46.548530" level="INFO">False</msg>
<arg>${json_data['results'][0]['login']}</arg>
<arg>${keyTwo}</arg>
<doc>Fails if ``key`` is not found from ``dictionary``.</doc>
<status status="PASS" start="2024-04-29T07:13:46.548109" elapsed="0.000459"/>
</kw>
<kw name="Log" owner="BuiltIn">
<msg time="2024-04-29T07:13:46.549008" level="INFO">username</msg>
<arg>${keyTwo}</arg>
<doc>Logs the given message with the given level.</doc>
<status status="PASS" start="2024-04-29T07:13:46.548881" elapsed="0.000170"/>
</kw>
<var name="${keyTwo}">username</var>
<status status="PASS" start="2024-04-29T07:13:46.547279" elapsed="0.001989"/>
</iter>
<iter>
<kw name="Dictionary Should Contain Key" owner="Collections">
<msg time="2024-04-29T07:13:46.549933" level="INFO">False</msg>
<arg>${json_data['results'][0]['login']}</arg>
<arg>${keyTwo}</arg>
<doc>Fails if ``key`` is not found from ``dictionary``.</doc>
<status status="PASS" start="2024-04-29T07:13:46.549556" elapsed="0.000421"/>
</kw>
<kw name="Dictionary Should Contain Key" owner="Collections">
<msg time="2024-04-29T07:13:46.550727" level="INFO">False</msg>
<arg>${json_data['results'][0]['login']}</arg>
<arg>${keyTwo}</arg>
<doc>Fails if ``key`` is not found from ``dictionary``.</doc>
<status status="PASS" start="2024-04-29T07:13:46.550270" elapsed="0.000495"/>
</kw>
<kw name="Log" owner="BuiltIn">
<msg time="2024-04-29T07:13:46.551188" level="INFO">password</msg>
<arg>${keyTwo}</arg>
<doc>Logs the given message with the given level.</doc>
<status status="PASS" start="2024-04-29T07:13:46.551061" elapsed="0.000165"/>
</kw>
<var name="${keyTwo}">password</var>
<status status="PASS" start="2024-04-29T07:13:46.549441" elapsed="0.002001"/>
</iter>
<var>${keyTwo}</var>
<value>@{expected_keysTwo}</value>
<status status="PASS" start="2024-04-29T07:13:46.547127" elapsed="0.004436"/>
</for>
<status status="PASS" start="2024-04-29T07:13:46.440269" elapsed="0.111433"/>
</kw>
<doc>Testa a estrutura da resposta da API.</doc>
<tag>testeEstruturaResposta</tag>
<status status="PASS" start="2024-04-29T07:13:46.439608" elapsed="0.112250"/>
</test>
<test id="s1-s1-t4" name="Validar tipos de dados" line="28">
<kw name="Teste de Tipos de Dados" owner="random-user-service">
<kw name="GET On Session" owner="RequestsLibrary">
<msg time="2024-04-29T07:13:46.630951" level="INFO">GET Request : url=https://randomuser.me/api 
 path_url=/api 
 headers={'User-Agent': 'python-requests/2.31.0', 'Accept-Encoding': 'gzip, deflate', 'Accept': '*/*', 'Connection': 'keep-alive'} 
 body=None 
 </msg>
<msg time="2024-04-29T07:13:46.631031" level="INFO">GET Response : url=https://randomuser.me/api 
 status=200, reason=OK 
 headers={'Date': 'Mon, 29 Apr 2024 07:13:46 GMT', 'Content-Type': 'application/json; charset=utf-8', 'Transfer-Encoding': 'chunked', 'Connection': 'keep-alive', 'X-Powered-By': 'Express', 'Access-Control-Allow-Origin': '*', 'Cache-Control': 'no-cache', 'ETag': 'W/"496-CIuYbuCPEmmedcPsOHXlkNZ8gf0"', 'Vary': 'Accept-Encoding', 'Content-Encoding': 'gzip', 'CF-Cache-Status': 'DYNAMIC', 'Report-To': '{"endpoints":[{"url":"https:\\/\\/a.nel.cloudflare.com\\/report\\/v4?s=oUIor0vvjpup5mZrhXhht5btbxAk1vUE8MTNlKG%2Bjqnr9kHNJO9gYi4jeVm1vg00UtkUKNuc8aCNzM%2BzFn2QE%2FbjKszHYVLeCCmyQP5hGt7y0T9MWB0HHGnD4mE2Aak5"}],"group":"cf-nel","max_age":604800}', 'NEL': '{"success_fraction":0,"report_to":"cf-nel","max_age":604800}', 'Server': 'cloudflare', 'CF-RAY': '87bd7dc9faea8000-IAD', 'alt-svc': 'h3=":443"; ma=86400'} 
 body={"results":[{"gender":"female","name":{"title":"Miss","first":"Lola","last":"Arnaud"},"location":{"street":{"number":6289,"name":"Rue de L'Abbé-Groult"},"city":"Poitiers","state":"Finistère","country":"France","postcode":29569,"coordinates":{"latitude":"-15.7785","longitude":"81.8991"},"timezone":{"offset":"+2:00","description":"Kaliningrad, South Africa"}},"email":"lola.arnaud@example.com","login":{"uuid":"9038a8b4-3364-4450-910c-bbfc01e05795","username":"smallpanda755","password":"2004","salt":"pArqudKg","md5":"5183899f08d5b6338fb8c12812b94037","sha1":"a7a8413876a7317d0041a75f120375b613549f1f","sha256":"7aa9250c49fb76cead0291d2807a3886ce07027d57ccb6488d5c319982c2db3b"},"dob":{"date":"1999-07-10T04:07:38.576Z","age":24},"registered":{"date":"2018-03-08T21:55:36.899Z","age":6},"phone":"01-90-34-53-65","cell":"06-83-44-82-77","id":{"name":"INSEE","value":"2990696009157 80"},"picture":{"large":"https://randomuser.me/api/portraits/women/2.jpg","medium":"https://randomuser.me/api/portraits/med/women/2.jpg","thumbnail":"https://randomuser.me/api/portraits/thumb/women/2.jpg"},"nat":"FR"}],"info":{"seed":"75626e02a0e1296a","results":1,"page":1,"version":"1.4"}} 
 </msg>
<msg time="2024-04-29T07:13:46.631096" level="INFO">/opt/hostedtoolcache/Python/3.12.3/x64/lib/python3.12/site-packages/urllib3/connectionpool.py:1103: InsecureRequestWarning: Unverified HTTPS request is being made to host 'randomuser.me'. Adding certificate verification is strongly advised. See: https://urllib3.readthedocs.io/en/latest/advanced-usage.html#tls-warnings
  warnings.warn(</msg>
<msg time="2024-04-29T07:13:46.631188" level="INFO">${response} = &lt;Response [200]&gt;</msg>
<var>${response}</var>
<arg>consultarAPI</arg>
<arg>/api</arg>
<doc>Sends a GET request on a previously created HTTP Session.</doc>
<status status="PASS" start="2024-04-29T07:13:46.554477" elapsed="0.076750"/>
</kw>
<kw name="Set Variable" owner="BuiltIn">
<msg time="2024-04-29T07:13:46.632086" level="INFO">${json_data} = {'results': [{'gender': 'female', 'name': {'title': 'Miss', 'first': 'Lola', 'last': 'Arnaud'}, 'location': {'street': {'number': 6289, 'name': "Rue de L'Abbé-Groult"}, 'city': 'Poitiers', 'state': 'F...</msg>
<var>${json_data}</var>
<arg>${response.json()}</arg>
<doc>Returns the given values which can then be assigned to a variables.</doc>
<status status="PASS" start="2024-04-29T07:13:46.631619" elapsed="0.000497"/>
</kw>
<kw name="Log" owner="BuiltIn">
<msg time="2024-04-29T07:13:46.632616" level="INFO">{'results': [{'gender': 'female', 'name': {'title': 'Miss', 'first': 'Lola', 'last': 'Arnaud'}, 'location': {'street': {'number': 6289, 'name': "Rue de L'Abbé-Groult"}, 'city': 'Poitiers', 'state': 'Finistère', 'country': 'France', 'postcode': 29569, 'coordinates': {'latitude': '-15.7785', 'longitude': '81.8991'}, 'timezone': {'offset': '+2:00', 'description': 'Kaliningrad, South Africa'}}, 'email': 'lola.arnaud@example.com', 'login': {'uuid': '9038a8b4-3364-4450-910c-bbfc01e05795', 'username': 'smallpanda755', 'password': '2004', 'salt': 'pArqudKg', 'md5': '5183899f08d5b6338fb8c12812b94037', 'sha1': 'a7a8413876a7317d0041a75f120375b613549f1f', 'sha256': '7aa9250c49fb76cead0291d2807a3886ce07027d57ccb6488d5c319982c2db3b'}, 'dob': {'date': '1999-07-10T04:07:38.576Z', 'age': 24}, 'registered': {'date': '2018-03-08T21:55:36.899Z', 'age': 6}, 'phone': '01-90-34-53-65', 'cell': '06-83-44-82-77', 'id': {'name': 'INSEE', 'value': '2990696009157 80'}, 'picture': {'large': 'https://randomuser.me/api/portraits/women/2.jpg', 'medium': 'https://randomuser.me/api/portraits/med/women/2.jpg', 'thumbnail': 'https://randomuser.me/api/portraits/thumb/women/2.jpg'}, 'nat': 'FR'}], 'info': {'seed': '75626e02a0e1296a', 'results': 1, 'page': 1, 'version': '1.4'}}</msg>
<arg>${json_data}</arg>
<doc>Logs the given message with the given level.</doc>
<status status="PASS" start="2024-04-29T07:13:46.632459" elapsed="0.000239"/>
</kw>
<kw name="Should Be String" owner="String">
<arg>${json_data['results'][0]['gender']}</arg>
<doc>Fails if the given ``item`` is not a string.</doc>
<status status="PASS" start="2024-04-29T07:13:46.633004" elapsed="0.000356"/>
</kw>
<kw name="Should Match Regexp" owner="BuiltIn">
<arg>${json_data['results'][0]['email']}</arg>
<arg>^[a-zA-Z0-9._%+-]+@[a-zA-Z0-9.-]+\.[a-zA-Z]{2,}$</arg>
<doc>Fails if ``string`` does not match ``pattern`` as a regular expression.</doc>
<status status="PASS" start="2024-04-29T07:13:46.633551" elapsed="0.000515"/>
</kw>
<kw name="Should Match Regexp" owner="BuiltIn">
<arg>${json_data['results'][0]['dob']['date']}</arg>
<arg>\\d{4}-\\d{2}-\\d{2}T\\d{2}:\\d{2}:\\d{2}\\.\\d{3}Z</arg>
<doc>Fails if ``string`` does not match ``pattern`` as a regular expression.</doc>
<status status="PASS" start="2024-04-29T07:13:46.634263" elapsed="0.000477"/>
</kw>
<kw name="Should Match Regexp" owner="BuiltIn">
<arg>${json_data['results'][0]['registered']['date']}</arg>
<arg>\\d{4}-\\d{2}-\\d{2}T\\d{2}:\\d{2}:\\d{2}\\.\\d{3}Z</arg>
<doc>Fails if ``string`` does not match ``pattern`` as a regular expression.</doc>
<status status="PASS" start="2024-04-29T07:13:46.634929" elapsed="0.000361"/>
</kw>
<kw name="Should Match Regexp" owner="BuiltIn">
<arg>${json_data['results'][0]['picture']['large']}</arg>
<arg>^https?://.*\.(?:png|jpe?g|gif|bmp)$</arg>
<doc>Fails if ``string`` does not match ``pattern`` as a regular expression.</doc>
<status status="PASS" start="2024-04-29T07:13:46.635478" elapsed="0.000461"/>
</kw>
<kw name="Should Match Regexp" owner="BuiltIn">
<arg>${json_data['results'][0]['picture']['medium']}</arg>
<arg>^https?://.*\.(?:png|jpe?g|gif|bmp)$</arg>
<doc>Fails if ``string`` does not match ``pattern`` as a regular expression.</doc>
<status status="PASS" start="2024-04-29T07:13:46.636131" elapsed="0.000388"/>
</kw>
<kw name="Should Match Regexp" owner="BuiltIn">
<arg>${json_data['results'][0]['picture']['thumbnail']}</arg>
<arg>^https?://.*\.(?:png|jpe?g|gif|bmp)$</arg>
<doc>Fails if ``string`` does not match ``pattern`` as a regular expression.</doc>
<status status="PASS" start="2024-04-29T07:13:46.636708" elapsed="0.000345"/>
</kw>
<kw name="Log" owner="BuiltIn">
<msg time="2024-04-29T07:13:46.637547" level="INFO">{'large': 'https://randomuser.me/api/portraits/women/2.jpg', 'medium': 'https://randomuser.me/api/portraits/med/women/2.jpg', 'thumbnail': 'https://randomuser.me/api/portraits/thumb/women/2.jpg'}</msg>
<arg>${json_data['results'][0]['picture']}</arg>
<doc>Logs the given message with the given level.</doc>
<status status="PASS" start="2024-04-29T07:13:46.637232" elapsed="0.000356"/>
</kw>
<status status="PASS" start="2024-04-29T07:13:46.554248" elapsed="0.083590"/>
</kw>
<kw name="Teste de Tipos de Dados - Postcode" owner="random-user-service">
<kw name="GET On Session" owner="RequestsLibrary">
<msg time="2024-04-29T07:13:46.732000" level="INFO">GET Request : url=https://randomuser.me/api 
 path_url=/api 
 headers={'User-Agent': 'python-requests/2.31.0', 'Accept-Encoding': 'gzip, deflate', 'Accept': '*/*', 'Connection': 'keep-alive'} 
 body=None 
 </msg>
<msg time="2024-04-29T07:13:46.732082" level="INFO">GET Response : url=https://randomuser.me/api 
 status=200, reason=OK 
 headers={'Date': 'Mon, 29 Apr 2024 07:13:46 GMT', 'Content-Type': 'application/json; charset=utf-8', 'Transfer-Encoding': 'chunked', 'Connection': 'keep-alive', 'X-Powered-By': 'Express', 'Access-Control-Allow-Origin': '*', 'Cache-Control': 'no-cache', 'ETag': 'W/"47f-f0yA0u/iTvvRmDLBnNt/YiIcaHQ"', 'Vary': 'Accept-Encoding', 'Content-Encoding': 'gzip', 'CF-Cache-Status': 'DYNAMIC', 'Report-To': '{"endpoints":[{"url":"https:\\/\\/a.nel.cloudflare.com\\/report\\/v4?s=cYkINVA2FteqsH8ItC0v5qjlDn37nPxsPOIe%2FUtk96YKaNz3n2Gv3EYSUrL43rdMple4EIQffAnyu%2FdThnKMCyGXxBPPPhRz%2BZzUK5sfMJOAejoVZkC%2FKKBtl5O3N346"}],"group":"cf-nel","max_age":604800}', 'NEL': '{"success_fraction":0,"report_to":"cf-nel","max_age":604800}', 'Server': 'cloudflare', 'CF-RAY': '87bd7dca8b598000-IAD', 'alt-svc': 'h3=":443"; ma=86400'} 
 body={"results":[{"gender":"female","name":{"title":"Ms","first":"Pallavi","last":"Kumar"},"location":{"street":{"number":460,"name":"Bandstand Promenade"},"city":"Alappuzha","state":"Uttarakhand","country":"India","postcode":34948,"coordinates":{"latitude":"11.0899","longitude":"58.2588"},"timezone":{"offset":"-2:00","description":"Mid-Atlantic"}},"email":"pallavi.kumar@example.com","login":{"uuid":"87b6000f-4247-410b-a314-033ed095d4ce","username":"goldenbird289","password":"bank","salt":"lrEfaS6m","md5":"a46e6afd44230e899eca659484d654a2","sha1":"a96bbf8c60f783ddd1fa8adec21c7d98ba7d36ad","sha256":"cb2dd53a135f059a8f3454b605a40f713a893f34cd1bada967bc47ef3dff4a29"},"dob":{"date":"1958-04-08T09:18:10.367Z","age":66},"registered":{"date":"2021-01-28T13:01:16.664Z","age":3},"phone":"7638279637","cell":"9404892353","id":{"name":"UIDAI","value":"067072073724"},"picture":{"large":"https://randomuser.me/api/portraits/women/82.jpg","medium":"https://randomuser.me/api/portraits/med/women/82.jpg","thumbnail":"https://randomuser.me/api/portraits/thumb/women/82.jpg"},"nat":"IN"}],"info":{"seed":"68640cd5dc814f0f","results":1,"page":1,"version":"1.4"}} 
 </msg>
<msg time="2024-04-29T07:13:46.732159" level="INFO">/opt/hostedtoolcache/Python/3.12.3/x64/lib/python3.12/site-packages/urllib3/connectionpool.py:1103: InsecureRequestWarning: Unverified HTTPS request is being made to host 'randomuser.me'. Adding certificate verification is strongly advised. See: https://urllib3.readthedocs.io/en/latest/advanced-usage.html#tls-warnings
  warnings.warn(</msg>
<msg time="2024-04-29T07:13:46.732289" level="INFO">${response} = &lt;Response [200]&gt;</msg>
<var>${response}</var>
<arg>consultarAPI</arg>
<arg>/api</arg>
<doc>Sends a GET request on a previously created HTTP Session.</doc>
<status status="PASS" start="2024-04-29T07:13:46.638329" elapsed="0.094000"/>
</kw>
<kw name="Set Variable" owner="BuiltIn">
<msg time="2024-04-29T07:13:46.733194" level="INFO">${json_data} = {'results': [{'gender': 'female', 'name': {'title': 'Ms', 'first': 'Pallavi', 'last': 'Kumar'}, 'location': {'street': {'number': 460, 'name': 'Bandstand Promenade'}, 'city': 'Alappuzha', 'state': 'Ut...</msg>
<var>${json_data}</var>
<arg>${response.json()}</arg>
<doc>Returns the given values which can then be assigned to a variables.</doc>
<status status="PASS" start="2024-04-29T07:13:46.732707" elapsed="0.000515"/>
</kw>
<kw name="Log" owner="BuiltIn">
<msg time="2024-04-29T07:13:46.733675" level="INFO">{'results': [{'gender': 'female', 'name': {'title': 'Ms', 'first': 'Pallavi', 'last': 'Kumar'}, 'location': {'street': {'number': 460, 'name': 'Bandstand Promenade'}, 'city': 'Alappuzha', 'state': 'Uttarakhand', 'country': 'India', 'postcode': 34948, 'coordinates': {'latitude': '11.0899', 'longitude': '58.2588'}, 'timezone': {'offset': '-2:00', 'description': 'Mid-Atlantic'}}, 'email': 'pallavi.kumar@example.com', 'login': {'uuid': '87b6000f-4247-410b-a314-033ed095d4ce', 'username': 'goldenbird289', 'password': 'bank', 'salt': 'lrEfaS6m', 'md5': 'a46e6afd44230e899eca659484d654a2', 'sha1': 'a96bbf8c60f783ddd1fa8adec21c7d98ba7d36ad', 'sha256': 'cb2dd53a135f059a8f3454b605a40f713a893f34cd1bada967bc47ef3dff4a29'}, 'dob': {'date': '1958-04-08T09:18:10.367Z', 'age': 66}, 'registered': {'date': '2021-01-28T13:01:16.664Z', 'age': 3}, 'phone': '7638279637', 'cell': '9404892353', 'id': {'name': 'UIDAI', 'value': '067072073724'}, 'picture': {'large': 'https://randomuser.me/api/portraits/women/82.jpg', 'medium': 'https://randomuser.me/api/portraits/med/women/82.jpg', 'thumbnail': 'https://randomuser.me/api/portraits/thumb/women/82.jpg'}, 'nat': 'IN'}], 'info': {'seed': '68640cd5dc814f0f', 'results': 1, 'page': 1, 'version': '1.4'}}</msg>
<arg>${json_data}</arg>
<doc>Logs the given message with the given level.</doc>
<status status="PASS" start="2024-04-29T07:13:46.733526" elapsed="0.000228"/>
</kw>
<kw name="Should Be Equal As Numbers" owner="BuiltIn">
<arg>${json_data['results'][0]['location']['postcode']}</arg>
<arg>${json_data['results'][0]['location']['postcode']}</arg>
<doc>Fails if objects are unequal after converting them to real numbers.</doc>
<status status="PASS" start="2024-04-29T07:13:46.734058" elapsed="0.000744"/>
</kw>
<kw name="Log" owner="BuiltIn">
<msg time="2024-04-29T07:13:46.735326" level="INFO">34948</msg>
<arg>${json_data['results'][0]['location']['postcode']}</arg>
<doc>Logs the given message with the given level.</doc>
<status status="PASS" start="2024-04-29T07:13:46.734994" elapsed="0.000372"/>
</kw>
<status status="PASS" start="2024-04-29T07:13:46.638058" elapsed="0.097555"/>
</kw>
<doc>Testa se os tipos de dados na resposta da API estão corretos.</doc>
<tag>testeTiposDados</tag>
<status status="PASS" start="2024-04-29T07:13:46.553686" elapsed="0.182088"/>
</test>
<test id="s1-s1-t5" name="Validar conteudo" line="35">
<kw name="Teste de Tipos de Conteudo" owner="random-user-service">
<kw name="GET On Session" owner="RequestsLibrary">
<msg time="2024-04-29T07:13:46.841338" level="INFO">GET Request : url=https://randomuser.me/api 
 path_url=/api 
 headers={'User-Agent': 'python-requests/2.31.0', 'Accept-Encoding': 'gzip, deflate', 'Accept': '*/*', 'Connection': 'keep-alive'} 
 body=None 
 </msg>
<msg time="2024-04-29T07:13:46.841421" level="INFO">GET Response : url=https://randomuser.me/api 
 status=200, reason=OK 
 headers={'Date': 'Mon, 29 Apr 2024 07:13:46 GMT', 'Content-Type': 'application/json; charset=utf-8', 'Transfer-Encoding': 'chunked', 'Connection': 'keep-alive', 'X-Powered-By': 'Express', 'Access-Control-Allow-Origin': '*', 'Cache-Control': 'no-cache', 'ETag': 'W/"49e-YifVmo7WRAQgbWaPvbPNakDDjKY"', 'Vary': 'Accept-Encoding', 'Content-Encoding': 'gzip', 'CF-Cache-Status': 'DYNAMIC', 'Report-To': '{"endpoints":[{"url":"https:\\/\\/a.nel.cloudflare.com\\/report\\/v4?s=1qy0j7G%2FGl5xFck0bxJksQbJxdzv%2FPBfn%2FarvwALpSd1sIIvFIMYtqKSsLAHyBB8y6MQwHzTEABJKM7wQTAiNbItPq%2BBatYG81FzxhqnuC4QSlDv%2BhArawjOcfEkmF9X"}],"group":"cf-nel","max_age":604800}', 'NEL': '{"success_fraction":0,"report_to":"cf-nel","max_age":604800}', 'Server': 'cloudflare', 'CF-RAY': '87bd7dcb2bbc8000-IAD', 'alt-svc': 'h3=":443"; ma=86400'} 
 body={"results":[{"gender":"female","name":{"title":"Mrs","first":"Myrtle","last":"George"},"location":{"street":{"number":7420,"name":"Valley View Ln"},"city":"Warragul","state":"Australian Capital Territory","country":"Australia","postcode":2730,"coordinates":{"latitude":"-83.6438","longitude":"98.5934"},"timezone":{"offset":"-1:00","description":"Azores, Cape Verde Islands"}},"email":"myrtle.george@example.com","login":{"uuid":"b486bde1-0515-40b2-b2b0-3f0a2127683c","username":"angryduck987","password":"pickle","salt":"xetbTlUl","md5":"f5537b415c33e019f3f33d89fc13577f","sha1":"84b262ef5a0641ef7503d9e0b18cc88aca31df81","sha256":"2f799c3cd2fe3a4bb8d7d5418c41947ef5d93f769d6517b2e26f276f7dc70f79"},"dob":{"date":"1945-07-02T10:17:18.667Z","age":78},"registered":{"date":"2015-10-21T16:50:32.892Z","age":8},"phone":"01-1445-2715","cell":"0489-590-247","id":{"name":"TFN","value":"141344638"},"picture":{"large":"https://randomuser.me/api/portraits/women/13.jpg","medium":"https://randomuser.me/api/portraits/med/women/13.jpg","thumbnail":"https://randomuser.me/api/portraits/thumb/women/13.jpg"},"nat":"AU"}],"info":{"seed":"fd1bdf0bcde69ef4","results":1,"page":1,"version":"1.4"}} 
 </msg>
<msg time="2024-04-29T07:13:46.841496" level="INFO">/opt/hostedtoolcache/Python/3.12.3/x64/lib/python3.12/site-packages/urllib3/connectionpool.py:1103: InsecureRequestWarning: Unverified HTTPS request is being made to host 'randomuser.me'. Adding certificate verification is strongly advised. See: https://urllib3.readthedocs.io/en/latest/advanced-usage.html#tls-warnings
  warnings.warn(</msg>
<msg time="2024-04-29T07:13:46.841600" level="INFO">${response} = &lt;Response [200]&gt;</msg>
<var>${response}</var>
<arg>consultarAPI</arg>
<arg>/api</arg>
<doc>Sends a GET request on a previously created HTTP Session.</doc>
<status status="PASS" start="2024-04-29T07:13:46.738277" elapsed="0.103362"/>
</kw>
<kw name="Set Variable" owner="BuiltIn">
<msg time="2024-04-29T07:13:46.842636" level="INFO">${json_data} = {'results': [{'gender': 'female', 'name': {'title': 'Mrs', 'first': 'Myrtle', 'last': 'George'}, 'location': {'street': {'number': 7420, 'name': 'Valley View Ln'}, 'city': 'Warragul', 'state': 'Austra...</msg>
<var>${json_data}</var>
<arg>${response.json()}</arg>
<doc>Returns the given values which can then be assigned to a variables.</doc>
<status status="PASS" start="2024-04-29T07:13:46.842121" elapsed="0.000543"/>
</kw>
<kw name="Set Variable" owner="BuiltIn">
<msg time="2024-04-29T07:13:46.843348" level="INFO">${name_title} = Mrs</msg>
<var>${name_title}</var>
<arg>${json_data["results"][0]["name"]["title"]}</arg>
<doc>Returns the given values which can then be assigned to a variables.</doc>
<status status="PASS" start="2024-04-29T07:13:46.842966" elapsed="0.000407"/>
</kw>
<kw name="Create List" owner="BuiltIn">
<msg time="2024-04-29T07:13:46.843825" level="INFO">${allowed_titles} = ['Mr', 'Ms', 'Miss', 'Mrs', 'Madame', 'Monsieur']</msg>
<var>${allowed_titles}</var>
<arg>Mr</arg>
<arg>Ms</arg>
<arg>Miss</arg>
<arg>Mrs</arg>
<arg>Madame</arg>
<arg>Monsieur</arg>
<doc>Returns a list containing given items.</doc>
<status status="PASS" start="2024-04-29T07:13:46.843670" elapsed="0.000179"/>
</kw>
<kw name="List Should Contain Value" owner="Collections">
<msg time="2024-04-29T07:13:46.844359" level="INFO">False</msg>
<arg>${allowed_titles}</arg>
<arg>${name_title}</arg>
<doc>Fails if the ``value`` is not found from ``list``.</doc>
<status status="PASS" start="2024-04-29T07:13:46.844149" elapsed="0.000246"/>
</kw>
<kw name="Set Variable" owner="BuiltIn">
<msg time="2024-04-29T07:13:46.845067" level="INFO">${name_country} = AU</msg>
<var>${name_country}</var>
<arg>${json_data["results"][0]["nat"]}</arg>
<doc>Returns the given values which can then be assigned to a variables.</doc>
<status status="PASS" start="2024-04-29T07:13:46.844690" elapsed="0.000403"/>
</kw>
<kw name="Create List" owner="BuiltIn">
<msg time="2024-04-29T07:13:46.845985" level="INFO">${list_country} = ['AD', 'AE', 'AF', 'AG', 'AI', 'AL', 'AM', 'AO', 'AQ', 'AR', 'AS', 'AT', 'AU', 'AW', 'AX', 'AZ', 'BA', 'BB', 'BD', 'BE', 'BF', 'BG', 'BH', 'BI', 'BJ', 'BL', 'BM', 'BN', 'BO', 'BQ', 'BR', 'BS', 'BT', '...</msg>
<var>${list_country}</var>
<arg>AD</arg>
<arg>AE</arg>
<arg>AF</arg>
<arg>AG</arg>
<arg>AI</arg>
<arg>AL</arg>
<arg>AM</arg>
<arg>AO</arg>
<arg>AQ</arg>
<arg>AR</arg>
<arg>AS</arg>
<arg>AT</arg>
<arg>AU</arg>
<arg>AW</arg>
<arg>AX</arg>
<arg>AZ</arg>
<arg>BA</arg>
<arg>BB</arg>
<arg>BD</arg>
<arg>BE</arg>
<arg>BF</arg>
<arg>BG</arg>
<arg>BH</arg>
<arg>BI</arg>
<arg>BJ</arg>
<arg>BL</arg>
<arg>BM</arg>
<arg>BN</arg>
<arg>BO</arg>
<arg>BQ</arg>
<arg>BR</arg>
<arg>BS</arg>
<arg>BT</arg>
<arg>BV</arg>
<arg>BW</arg>
<arg>BY</arg>
<arg>BZ</arg>
<arg>CA</arg>
<arg>CC</arg>
<arg>CD</arg>
<arg>CF</arg>
<arg>CG</arg>
<arg>CH</arg>
<arg>CI</arg>
<arg>CK</arg>
<arg>CL</arg>
<arg>CM</arg>
<arg>CN</arg>
<arg>CO</arg>
<arg>CR</arg>
<arg>CU</arg>
<arg>CV</arg>
<arg>CW</arg>
<arg>CX</arg>
<arg>CY</arg>
<arg>CZ</arg>
<arg>DE</arg>
<arg>DJ</arg>
<arg>DK</arg>
<arg>DM</arg>
<arg>DO</arg>
<arg>DZ</arg>
<arg>EC</arg>
<arg>EE</arg>
<arg>EG</arg>
<arg>EH</arg>
<arg>ER</arg>
<arg>ES</arg>
<arg>ET</arg>
<arg>FI</arg>
<arg>FJ</arg>
<arg>FK</arg>
<arg>FM</arg>
<arg>FO</arg>
<arg>FR</arg>
<arg>GA</arg>
<arg>GB</arg>
<arg>GD</arg>
<arg>GE</arg>
<arg>GF</arg>
<arg>GG</arg>
<arg>GH</arg>
<arg>GI</arg>
<arg>GL</arg>
<arg>GM</arg>
<arg>GN</arg>
<arg>GP</arg>
<arg>GQ</arg>
<arg>GR</arg>
<arg>GS</arg>
<arg>GT</arg>
<arg>GU</arg>
<arg>GW</arg>
<arg>GY</arg>
<arg>HK</arg>
<arg>HM</arg>
<arg>HN</arg>
<arg>HR</arg>
<arg>HT</arg>
<arg>HU</arg>
<arg>ID</arg>
<arg>IE</arg>
<arg>IL</arg>
<arg>IM</arg>
<arg>IN</arg>
<arg>IO</arg>
<arg>IQ</arg>
<arg>IR</arg>
<arg>IS</arg>
<arg>IT</arg>
<arg>JE</arg>
<arg>JM</arg>
<arg>JO</arg>
<arg>JP</arg>
<arg>KE</arg>
<arg>KG</arg>
<arg>KH</arg>
<arg>KI</arg>
<arg>KM</arg>
<arg>KN</arg>
<arg>KP</arg>
<arg>KR</arg>
<arg>KW</arg>
<arg>KY</arg>
<arg>KZ</arg>
<arg>LA</arg>
<arg>LB</arg>
<arg>LC</arg>
<arg>LI</arg>
<arg>LK</arg>
<arg>LR</arg>
<arg>LS</arg>
<arg>LT</arg>
<arg>LU</arg>
<arg>LV</arg>
<arg>LY</arg>
<arg>MA</arg>
<arg>MC</arg>
<arg>MD</arg>
<arg>ME</arg>
<arg>MF</arg>
<arg>MG</arg>
<arg>MH</arg>
<arg>MK</arg>
<arg>ML</arg>
<arg>MM</arg>
<arg>MN</arg>
<arg>MO</arg>
<arg>MP</arg>
<arg>MQ</arg>
<arg>MR</arg>
<arg>MS</arg>
<arg>MT</arg>
<arg>MU</arg>
<arg>MV</arg>
<arg>MW</arg>
<arg>MX</arg>
<arg>MY</arg>
<arg>MZ</arg>
<arg>NA</arg>
<arg>NC</arg>
<arg>NE</arg>
<arg>NF</arg>
<arg>NG</arg>
<arg>NI</arg>
<arg>NL</arg>
<arg>NO</arg>
<arg>NP</arg>
<arg>NR</arg>
<arg>NU</arg>
<arg>NZ</arg>
<arg>OM</arg>
<arg>PA</arg>
<arg>PE</arg>
<arg>PF</arg>
<arg>PG</arg>
<arg>PH</arg>
<arg>PK</arg>
<arg>PL</arg>
<arg>PM</arg>
<arg>PN</arg>
<arg>PR</arg>
<arg>PS</arg>
<arg>PT</arg>
<arg>PW</arg>
<arg>PY</arg>
<arg>QA</arg>
<arg>RE</arg>
<arg>RO</arg>
<arg>RS</arg>
<arg>RU</arg>
<arg>RW</arg>
<arg>SA</arg>
<arg>SB</arg>
<arg>SC</arg>
<arg>SD</arg>
<arg>SE</arg>
<arg>SG</arg>
<arg>SH</arg>
<arg>SI</arg>
<arg>SJ</arg>
<arg>SK</arg>
<arg>SL</arg>
<arg>SM</arg>
<arg>SN</arg>
<arg>SO</arg>
<arg>SR</arg>
<arg>SS</arg>
<arg>ST</arg>
<arg>SV</arg>
<arg>SX</arg>
<arg>SY</arg>
<arg>SZ</arg>
<arg>TC</arg>
<arg>TD</arg>
<arg>TF</arg>
<arg>TG</arg>
<arg>TH</arg>
<arg>TJ</arg>
<arg>TK</arg>
<arg>TL</arg>
<arg>TM</arg>
<arg>TN</arg>
<arg>TO</arg>
<arg>TR</arg>
<arg>TT</arg>
<arg>TV</arg>
<arg>TW</arg>
<arg>TZ</arg>
<arg>UA</arg>
<arg>UG</arg>
<arg>UM</arg>
<arg>US</arg>
<arg>UY</arg>
<arg>UZ</arg>
<arg>VA</arg>
<arg>VC</arg>
<arg>VE</arg>
<arg>VG</arg>
<arg>VI</arg>
<arg>VN</arg>
<arg>VU</arg>
<arg>WF</arg>
<arg>WS</arg>
<arg>XK</arg>
<arg>YE</arg>
<arg>YT</arg>
<arg>ZA</arg>
<arg>ZM</arg>
<arg>ZW</arg>
<doc>Returns a list containing given items.</doc>
<status status="PASS" start="2024-04-29T07:13:46.845398" elapsed="0.000612"/>
</kw>
<kw name="List Should Contain Value" owner="Collections">
<msg time="2024-04-29T07:13:46.846993" level="INFO">False</msg>
<arg>${list_country}</arg>
<arg>${name_country}</arg>
<doc>Fails if the ``value`` is not found from ``list``.</doc>
<status status="PASS" start="2024-04-29T07:13:46.846795" elapsed="0.000233"/>
</kw>
<kw name="Run Keyword If" owner="BuiltIn">
<kw name="Should Be True" owner="BuiltIn">
<arg>${True}</arg>
<doc>Fails if the given condition is not true.</doc>
<status status="PASS" start="2024-04-29T07:13:46.848081" elapsed="0.000174"/>
</kw>
<arg>${json_data["results"][0]["location"]["coordinates"]["latitude"]} &gt;= -90 and ${json_data["results"][0]["location"]["coordinates"]["latitude"]} &lt;= 90</arg>
<arg>Should Be True</arg>
<arg>${True}</arg>
<doc>Runs the given keyword with the given arguments, if ``condition`` is true.</doc>
<status status="PASS" start="2024-04-29T07:13:46.847341" elapsed="0.001043"/>
</kw>
<kw name="Run Keyword If" owner="BuiltIn">
<kw name="Should Be True" owner="BuiltIn">
<arg>${True}</arg>
<doc>Fails if the given condition is not true.</doc>
<status status="PASS" start="2024-04-29T07:13:46.849263" elapsed="0.000252"/>
</kw>
<arg>${json_data["results"][0]["location"]["coordinates"]["longitude"]} &gt;= -180 and ${json_data["results"][0]["location"]["coordinates"]["longitude"]} &lt;= 180</arg>
<arg>Should Be True</arg>
<arg>${True}</arg>
<doc>Runs the given keyword with the given arguments, if ``condition`` is true.</doc>
<status status="PASS" start="2024-04-29T07:13:46.848568" elapsed="0.001072"/>
</kw>
<status status="PASS" start="2024-04-29T07:13:46.738055" elapsed="0.111714"/>
</kw>
<doc>Testa o conteúdo específico dos campos retornados pela API.</doc>
<tag>testeConteudo</tag>
<status status="PASS" start="2024-04-29T07:13:46.737607" elapsed="0.112310"/>
</test>
<status status="PASS" start="2024-04-29T07:13:46.057784" elapsed="0.794056"/>
</suite>
<status status="PASS" start="2024-04-29T07:13:46.044301" elapsed="0.812699"/>
</suite>
<statistics>
<total>
<stat pass="5" fail="0" skip="0">All Tests</stat>
</total>
<tag>
<stat pass="1" fail="0" skip="0">testeConteudo</stat>
<stat pass="1" fail="0" skip="0">testeEstruturaResposta</stat>
<stat pass="1" fail="0" skip="0">testeRequisicaoBasica</stat>
<stat pass="1" fail="0" skip="0">testeTiposDados</stat>
</tag>
<suite>
<stat pass="5" fail="0" skip="0" id="s1" name="Tests">Tests</stat>
<stat pass="5" fail="0" skip="0" id="s1-s1" name="Random-User-Test">Tests.Random-User-Test</stat>
</suite>
</statistics>
<errors>
</errors>
</robot>
