<?xml version="1.0" encoding="UTF-8"?>
<robot generator="Robot 7.0 (Python 3.12.2 on linux)" generated="2024-04-08T14:13:58.935904" rpa="false" schemaversion="5">
<suite id="s1" name="Tests" source="/home/runner/work/DesafioQAItauRogerioJordao/DesafioQAItauRogerioJordao/RamdonUser/tests">
<suite id="s1-s1" name="Random-User-Test" source="/home/runner/work/DesafioQAItauRogerioJordao/DesafioQAItauRogerioJordao/RamdonUser/tests/random-user-test.robot">
<test id="s1-s1-t1" name="Conectar" line="13">
<kw name="Conectar API" owner="random-user-service">
<kw name="Create Session" owner="RequestsLibrary">
<msg time="2024-04-08T14:13:59.300039" level="INFO">Creating Session using : alias=consultarAPI, url=https://randomuser.me/, headers={},                     cookies={}, auth=None, timeout=None, proxies=None, verify=False,                     debug=0 </msg>
<arg>consultarAPI</arg>
<arg>${URL}</arg>
<doc>Create Session: create a HTTP session to a server</doc>
<status status="PASS" start="2024-04-08T14:13:59.299822" elapsed="0.000396"/>
</kw>
<status status="PASS" start="2024-04-08T14:13:59.298770" elapsed="0.001814"/>
</kw>
<status status="PASS" start="2024-04-08T14:13:59.298220" elapsed="0.002574"/>
</test>
<test id="s1-s1-t2" name="Validar retorno 200 e JSON Válido" line="16">
<kw name="Teste de Requisicao Basica" owner="random-user-service">
<kw name="GET On Session" owner="RequestsLibrary">
<msg time="2024-04-08T14:13:59.389292" level="INFO">GET Request : url=https://randomuser.me/api 
 path_url=/api 
 headers={'User-Agent': 'python-requests/2.31.0', 'Accept-Encoding': 'gzip, deflate', 'Accept': '*/*', 'Connection': 'keep-alive'} 
 body=None 
 </msg>
<msg time="2024-04-08T14:13:59.389429" level="INFO">GET Response : url=https://randomuser.me/api 
 status=200, reason=OK 
 headers={'Date': 'Mon, 08 Apr 2024 14:13:59 GMT', 'Content-Type': 'application/json; charset=utf-8', 'Transfer-Encoding': 'chunked', 'Connection': 'keep-alive', 'X-Powered-By': 'Express', 'Access-Control-Allow-Origin': '*', 'Cache-Control': 'no-cache', 'ETag': 'W/"488-zYWKj2UjdB+HK56pGqT3sLSz8Fk"', 'Vary': 'Accept-Encoding', 'Content-Encoding': 'gzip', 'CF-Cache-Status': 'DYNAMIC', 'Report-To': '{"endpoints":[{"url":"https:\\/\\/a.nel.cloudflare.com\\/report\\/v4?s=LuPx5zTecoY358XC6YoREr8GFOKPgacOZ2JnTkthkjMMP2ux7oWf8d0q%2F%2BRz9fRXNBqlTWCMI4QLidpcfYkKl8q6QFCN%2F2muslWD%2B8i67BddaKxBqcomRdvZh7JlfbRY"}],"group":"cf-nel","max_age":604800}', 'NEL': '{"success_fraction":0,"report_to":"cf-nel","max_age":604800}', 'Server': 'cloudflare', 'CF-RAY': '8712dc75fa3687a3-IAD', 'alt-svc': 'h3=":443"; ma=86400'} 
 body={"results":[{"gender":"male","name":{"title":"Mr","first":"Kaïs","last":"Robin"},"location":{"street":{"number":209,"name":"Rue de la Charité"},"city":"Marseille","state":"Corse-du-Sud","country":"France","postcode":86661,"coordinates":{"latitude":"-17.0984","longitude":"-100.2866"},"timezone":{"offset":"-12:00","description":"Eniwetok, Kwajalein"}},"email":"kais.robin@example.com","login":{"uuid":"6e00a73d-1de9-4e38-a712-8f002585c8f7","username":"bigdog558","password":"hotshot","salt":"f24K5nGi","md5":"338cf521d96b8f77d93863f764842aca","sha1":"19f92e6e4a346a0165189e1f23bad764dc0b372f","sha256":"d65979c53b31c8c95f8b173ad2769b333ffd3e9acbaa35f7676f9c4e0459872c"},"dob":{"date":"2000-04-03T19:51:20.029Z","age":24},"registered":{"date":"2002-06-05T20:02:17.915Z","age":21},"phone":"01-35-37-59-46","cell":"06-62-02-30-16","id":{"name":"INSEE","value":"11000377740872 52"},"picture":{"large":"https://randomuser.me/api/portraits/men/2.jpg","medium":"https://randomuser.me/api/portraits/med/men/2.jpg","thumbnail":"https://randomuser.me/api/portraits/thumb/men/2.jpg"},"nat":"FR"}],"info":{"seed":"c92413abeb1c7bd0","results":1,"page":1,"version":"1.4"}} 
 </msg>
<msg time="2024-04-08T14:13:59.389506" level="INFO">/opt/hostedtoolcache/Python/3.12.2/x64/lib/python3.12/site-packages/urllib3/connectionpool.py:1103: InsecureRequestWarning: Unverified HTTPS request is being made to host 'randomuser.me'. Adding certificate verification is strongly advised. See: https://urllib3.readthedocs.io/en/latest/advanced-usage.html#tls-warnings
  warnings.warn(</msg>
<msg time="2024-04-08T14:13:59.389647" level="INFO">${response} = &lt;Response [200]&gt;</msg>
<var>${response}</var>
<arg>consultarAPI</arg>
<arg>/api</arg>
<doc>Sends a GET request on a previously created HTTP Session.</doc>
<status status="PASS" start="2024-04-08T14:13:59.303398" elapsed="0.086289"/>
</kw>
<kw name="Should Be Equal As Numbers" owner="BuiltIn">
<msg time="2024-04-08T14:13:59.390563" level="INFO">Argument types are:
&lt;class 'int'&gt;
&lt;class 'str'&gt;</msg>
<arg>${response.status_code}</arg>
<arg>200</arg>
<doc>Fails if objects are unequal after converting them to real numbers.</doc>
<status status="PASS" start="2024-04-08T14:13:59.390134" elapsed="0.000494"/>
</kw>
<kw name="Log" owner="BuiltIn">
<msg time="2024-04-08T14:13:59.391312" level="INFO">200</msg>
<arg>${response.status_code}</arg>
<doc>Logs the given message with the given level.</doc>
<status status="PASS" start="2024-04-08T14:13:59.390958" elapsed="0.000397"/>
</kw>
<kw name="Set Variable" owner="BuiltIn">
<msg time="2024-04-08T14:13:59.392109" level="INFO">${json_data} = {'results': [{'gender': 'male', 'name': {'title': 'Mr', 'first': 'Kaïs', 'last': 'Robin'}, 'location': {'street': {'number': 209, 'name': 'Rue de la Charité'}, 'city': 'Marseille', 'state': 'Corse-du-...</msg>
<var>${json_data}</var>
<arg>${response.json()}</arg>
<doc>Returns the given values which can then be assigned to a variables.</doc>
<status status="PASS" start="2024-04-08T14:13:59.391667" elapsed="0.000471"/>
</kw>
<kw name="Dictionary Should Contain Key" owner="Collections">
<msg time="2024-04-08T14:13:59.392628" level="INFO">False</msg>
<arg>${json_data}</arg>
<arg>results</arg>
<doc>Fails if ``key`` is not found from ``dictionary``.</doc>
<status status="PASS" start="2024-04-08T14:13:59.392444" elapsed="0.000223"/>
</kw>
<status status="PASS" start="2024-04-08T14:13:59.303142" elapsed="0.089782"/>
</kw>
<doc>Testa se a API responde corretamente e retorna um objeto JSON válido.</doc>
<tag>testeRequisicaoBasica</tag>
<status status="PASS" start="2024-04-08T14:13:59.302673" elapsed="0.090478"/>
</test>
<test id="s1-s1-t3" name="Validar estrutura de resposta" line="22">
<kw name="Teste de Estrutura de Resposta" owner="random-user-service">
<kw name="GET On Session" owner="RequestsLibrary">
<msg time="2024-04-08T14:13:59.485405" level="INFO">GET Request : url=https://randomuser.me/api 
 path_url=/api 
 headers={'User-Agent': 'python-requests/2.31.0', 'Accept-Encoding': 'gzip, deflate', 'Accept': '*/*', 'Connection': 'keep-alive'} 
 body=None 
 </msg>
<msg time="2024-04-08T14:13:59.485475" level="INFO">GET Response : url=https://randomuser.me/api 
 status=200, reason=OK 
 headers={'Date': 'Mon, 08 Apr 2024 14:13:59 GMT', 'Content-Type': 'application/json; charset=utf-8', 'Transfer-Encoding': 'chunked', 'Connection': 'keep-alive', 'X-Powered-By': 'Express', 'Access-Control-Allow-Origin': '*', 'Cache-Control': 'no-cache', 'ETag': 'W/"48b-ahG3Ko6JyCJ6oLdu1JBPnq2HEbA"', 'Vary': 'Accept-Encoding', 'Content-Encoding': 'gzip', 'CF-Cache-Status': 'DYNAMIC', 'Report-To': '{"endpoints":[{"url":"https:\\/\\/a.nel.cloudflare.com\\/report\\/v4?s=JQb%2B1lKSYniPag2uIu7CrMwjXaKWUYrBY%2BAQkveHe8xhaDUVqmfF8MCmhGvwWO5YLDZxXFnzoRIAoCaKk%2FuMBMIMHMic0PpoBEFP0%2BJfPw8cG0ohkaKLnLO03pE7q0Fm"}],"group":"cf-nel","max_age":604800}', 'NEL': '{"success_fraction":0,"report_to":"cf-nel","max_age":604800}', 'Server': 'cloudflare', 'CF-RAY': '8712dc763aac87a3-IAD', 'alt-svc': 'h3=":443"; ma=86400'} 
 body={"results":[{"gender":"female","name":{"title":"Mrs","first":"Candice","last":"Hart"},"location":{"street":{"number":8677,"name":"Fairview St"},"city":"Ontario","state":"Oregon","country":"United States","postcode":13928,"coordinates":{"latitude":"83.2018","longitude":"167.5888"},"timezone":{"offset":"-11:00","description":"Midway Island, Samoa"}},"email":"candice.hart@example.com","login":{"uuid":"2560d4ab-0441-41b0-b947-9856697f6bd5","username":"lazymeercat600","password":"conrad","salt":"qsffRamJ","md5":"e943f5b471497ff458426e6674bd0b17","sha1":"2d245fb78db3c7caf3572df5cfa991e4fc586aba","sha256":"3826351f0d5e6be1c07e79714a8d019bec7efc7f625ee2ff00a8fdcf81bb15c7"},"dob":{"date":"1962-06-24T13:06:14.346Z","age":61},"registered":{"date":"2010-08-04T12:58:24.568Z","age":13},"phone":"(649) 568-3129","cell":"(704) 393-3299","id":{"name":"SSN","value":"036-50-4836"},"picture":{"large":"https://randomuser.me/api/portraits/women/37.jpg","medium":"https://randomuser.me/api/portraits/med/women/37.jpg","thumbnail":"https://randomuser.me/api/portraits/thumb/women/37.jpg"},"nat":"US"}],"info":{"seed":"38eed59ef59e286a","results":1,"page":1,"version":"1.4"}} 
 </msg>
<msg time="2024-04-08T14:13:59.485587" level="INFO">/opt/hostedtoolcache/Python/3.12.2/x64/lib/python3.12/site-packages/urllib3/connectionpool.py:1103: InsecureRequestWarning: Unverified HTTPS request is being made to host 'randomuser.me'. Adding certificate verification is strongly advised. See: https://urllib3.readthedocs.io/en/latest/advanced-usage.html#tls-warnings
  warnings.warn(</msg>
<msg time="2024-04-08T14:13:59.485704" level="INFO">${response} = &lt;Response [200]&gt;</msg>
<var>${response}</var>
<arg>consultarAPI</arg>
<arg>/api</arg>
<doc>Sends a GET request on a previously created HTTP Session.</doc>
<status status="PASS" start="2024-04-08T14:13:59.395887" elapsed="0.089860"/>
</kw>
<kw name="Set Variable" owner="BuiltIn">
<msg time="2024-04-08T14:13:59.486576" level="INFO">${json_data} = {'results': [{'gender': 'female', 'name': {'title': 'Mrs', 'first': 'Candice', 'last': 'Hart'}, 'location': {'street': {'number': 8677, 'name': 'Fairview St'}, 'city': 'Ontario', 'state': 'Oregon', 'c...</msg>
<var>${json_data}</var>
<arg>${response.json()}</arg>
<doc>Returns the given values which can then be assigned to a variables.</doc>
<status status="PASS" start="2024-04-08T14:13:59.486122" elapsed="0.000482"/>
</kw>
<kw name="Log" owner="BuiltIn">
<msg time="2024-04-08T14:13:59.487075" level="INFO">{'results': [{'gender': 'female', 'name': {'title': 'Mrs', 'first': 'Candice', 'last': 'Hart'}, 'location': {'street': {'number': 8677, 'name': 'Fairview St'}, 'city': 'Ontario', 'state': 'Oregon', 'country': 'United States', 'postcode': 13928, 'coordinates': {'latitude': '83.2018', 'longitude': '167.5888'}, 'timezone': {'offset': '-11:00', 'description': 'Midway Island, Samoa'}}, 'email': 'candice.hart@example.com', 'login': {'uuid': '2560d4ab-0441-41b0-b947-9856697f6bd5', 'username': 'lazymeercat600', 'password': 'conrad', 'salt': 'qsffRamJ', 'md5': 'e943f5b471497ff458426e6674bd0b17', 'sha1': '2d245fb78db3c7caf3572df5cfa991e4fc586aba', 'sha256': '3826351f0d5e6be1c07e79714a8d019bec7efc7f625ee2ff00a8fdcf81bb15c7'}, 'dob': {'date': '1962-06-24T13:06:14.346Z', 'age': 61}, 'registered': {'date': '2010-08-04T12:58:24.568Z', 'age': 13}, 'phone': '(649) 568-3129', 'cell': '(704) 393-3299', 'id': {'name': 'SSN', 'value': '036-50-4836'}, 'picture': {'large': 'https://randomuser.me/api/portraits/women/37.jpg', 'medium': 'https://randomuser.me/api/portraits/med/women/37.jpg', 'thumbnail': 'https://randomuser.me/api/portraits/thumb/women/37.jpg'}, 'nat': 'US'}], 'info': {'seed': '38eed59ef59e286a', 'results': 1, 'page': 1, 'version': '1.4'}}</msg>
<arg>${json_data}</arg>
<doc>Logs the given message with the given level.</doc>
<status status="PASS" start="2024-04-08T14:13:59.486919" elapsed="0.000203"/>
</kw>
<kw name="Dictionary Should Contain Key" owner="Collections">
<msg time="2024-04-08T14:13:59.487586" level="INFO">False</msg>
<arg>${json_data}</arg>
<arg>results</arg>
<doc>Fails if ``key`` is not found from ``dictionary``.</doc>
<status status="PASS" start="2024-04-08T14:13:59.487429" elapsed="0.000193"/>
</kw>
<kw name="Should Not Be Empty" owner="BuiltIn">
<msg time="2024-04-08T14:13:59.488047" level="INFO">Length is 2.</msg>
<arg>${json_data}</arg>
<doc>Verifies that the given item is not empty.</doc>
<status status="PASS" start="2024-04-08T14:13:59.487917" elapsed="0.000168"/>
</kw>
<kw name="Create List" owner="BuiltIn">
<msg time="2024-04-08T14:13:59.488533" level="INFO">${expected_keys} = ['gender', 'name', 'location', 'email', 'login']</msg>
<var>${expected_keys}</var>
<arg>gender</arg>
<arg>name</arg>
<arg>location</arg>
<arg>email</arg>
<arg>login</arg>
<doc>Returns a list containing given items.</doc>
<status status="PASS" start="2024-04-08T14:13:59.488377" elapsed="0.000180"/>
</kw>
<for flavor="IN">
<iter>
<kw name="Dictionary Should Contain Key" owner="Collections">
<msg time="2024-04-08T14:13:59.489585" level="INFO">False</msg>
<arg>${json_data['results'][0]}</arg>
<arg>${key}</arg>
<doc>Fails if ``key`` is not found from ``dictionary``.</doc>
<status status="PASS" start="2024-04-08T14:13:59.489185" elapsed="0.000440"/>
</kw>
<kw name="Log" owner="BuiltIn">
<msg time="2024-04-08T14:13:59.490304" level="INFO">{'gender': 'female', 'name': {'title': 'Mrs', 'first': 'Candice', 'last': 'Hart'}, 'location': {'street': {'number': 8677, 'name': 'Fairview St'}, 'city': 'Ontario', 'state': 'Oregon', 'country': 'United States', 'postcode': 13928, 'coordinates': {'latitude': '83.2018', 'longitude': '167.5888'}, 'timezone': {'offset': '-11:00', 'description': 'Midway Island, Samoa'}}, 'email': 'candice.hart@example.com', 'login': {'uuid': '2560d4ab-0441-41b0-b947-9856697f6bd5', 'username': 'lazymeercat600', 'password': 'conrad', 'salt': 'qsffRamJ', 'md5': 'e943f5b471497ff458426e6674bd0b17', 'sha1': '2d245fb78db3c7caf3572df5cfa991e4fc586aba', 'sha256': '3826351f0d5e6be1c07e79714a8d019bec7efc7f625ee2ff00a8fdcf81bb15c7'}, 'dob': {'date': '1962-06-24T13:06:14.346Z', 'age': 61}, 'registered': {'date': '2010-08-04T12:58:24.568Z', 'age': 13}, 'phone': '(649) 568-3129', 'cell': '(704) 393-3299', 'id': {'name': 'SSN', 'value': '036-50-4836'}, 'picture': {'large': 'https://randomuser.me/api/portraits/women/37.jpg', 'medium': 'https://randomuser.me/api/portraits/med/women/37.jpg', 'thumbnail': 'https://randomuser.me/api/portraits/thumb/women/37.jpg'}, 'nat': 'US'}</msg>
<arg>${json_data['results'][0]}</arg>
<doc>Logs the given message with the given level.</doc>
<status status="PASS" start="2024-04-08T14:13:59.489940" elapsed="0.000417"/>
</kw>
<kw name="Log" owner="BuiltIn">
<msg time="2024-04-08T14:13:59.490792" level="INFO">gender</msg>
<arg>${key}</arg>
<doc>Logs the given message with the given level.</doc>
<status status="PASS" start="2024-04-08T14:13:59.490662" elapsed="0.000168"/>
</kw>
<var name="${key}">gender</var>
<status status="PASS" start="2024-04-08T14:13:59.489004" elapsed="0.002047"/>
</iter>
<iter>
<kw name="Dictionary Should Contain Key" owner="Collections">
<msg time="2024-04-08T14:13:59.491738" level="INFO">False</msg>
<arg>${json_data['results'][0]}</arg>
<arg>${key}</arg>
<doc>Fails if ``key`` is not found from ``dictionary``.</doc>
<status status="PASS" start="2024-04-08T14:13:59.491353" elapsed="0.000422"/>
</kw>
<kw name="Log" owner="BuiltIn">
<msg time="2024-04-08T14:13:59.492459" level="INFO">{'gender': 'female', 'name': {'title': 'Mrs', 'first': 'Candice', 'last': 'Hart'}, 'location': {'street': {'number': 8677, 'name': 'Fairview St'}, 'city': 'Ontario', 'state': 'Oregon', 'country': 'United States', 'postcode': 13928, 'coordinates': {'latitude': '83.2018', 'longitude': '167.5888'}, 'timezone': {'offset': '-11:00', 'description': 'Midway Island, Samoa'}}, 'email': 'candice.hart@example.com', 'login': {'uuid': '2560d4ab-0441-41b0-b947-9856697f6bd5', 'username': 'lazymeercat600', 'password': 'conrad', 'salt': 'qsffRamJ', 'md5': 'e943f5b471497ff458426e6674bd0b17', 'sha1': '2d245fb78db3c7caf3572df5cfa991e4fc586aba', 'sha256': '3826351f0d5e6be1c07e79714a8d019bec7efc7f625ee2ff00a8fdcf81bb15c7'}, 'dob': {'date': '1962-06-24T13:06:14.346Z', 'age': 61}, 'registered': {'date': '2010-08-04T12:58:24.568Z', 'age': 13}, 'phone': '(649) 568-3129', 'cell': '(704) 393-3299', 'id': {'name': 'SSN', 'value': '036-50-4836'}, 'picture': {'large': 'https://randomuser.me/api/portraits/women/37.jpg', 'medium': 'https://randomuser.me/api/portraits/med/women/37.jpg', 'thumbnail': 'https://randomuser.me/api/portraits/thumb/women/37.jpg'}, 'nat': 'US'}</msg>
<arg>${json_data['results'][0]}</arg>
<doc>Logs the given message with the given level.</doc>
<status status="PASS" start="2024-04-08T14:13:59.492102" elapsed="0.000404"/>
</kw>
<kw name="Log" owner="BuiltIn">
<msg time="2024-04-08T14:13:59.492936" level="INFO">name</msg>
<arg>${key}</arg>
<doc>Logs the given message with the given level.</doc>
<status status="PASS" start="2024-04-08T14:13:59.492807" elapsed="0.000165"/>
</kw>
<var name="${key}">name</var>
<status status="PASS" start="2024-04-08T14:13:59.491239" elapsed="0.002036"/>
</iter>
<iter>
<kw name="Dictionary Should Contain Key" owner="Collections">
<msg time="2024-04-08T14:13:59.493954" level="INFO">False</msg>
<arg>${json_data['results'][0]}</arg>
<arg>${key}</arg>
<doc>Fails if ``key`` is not found from ``dictionary``.</doc>
<status status="PASS" start="2024-04-08T14:13:59.493572" elapsed="0.000420"/>
</kw>
<kw name="Log" owner="BuiltIn">
<msg time="2024-04-08T14:13:59.494650" level="INFO">{'gender': 'female', 'name': {'title': 'Mrs', 'first': 'Candice', 'last': 'Hart'}, 'location': {'street': {'number': 8677, 'name': 'Fairview St'}, 'city': 'Ontario', 'state': 'Oregon', 'country': 'United States', 'postcode': 13928, 'coordinates': {'latitude': '83.2018', 'longitude': '167.5888'}, 'timezone': {'offset': '-11:00', 'description': 'Midway Island, Samoa'}}, 'email': 'candice.hart@example.com', 'login': {'uuid': '2560d4ab-0441-41b0-b947-9856697f6bd5', 'username': 'lazymeercat600', 'password': 'conrad', 'salt': 'qsffRamJ', 'md5': 'e943f5b471497ff458426e6674bd0b17', 'sha1': '2d245fb78db3c7caf3572df5cfa991e4fc586aba', 'sha256': '3826351f0d5e6be1c07e79714a8d019bec7efc7f625ee2ff00a8fdcf81bb15c7'}, 'dob': {'date': '1962-06-24T13:06:14.346Z', 'age': 61}, 'registered': {'date': '2010-08-04T12:58:24.568Z', 'age': 13}, 'phone': '(649) 568-3129', 'cell': '(704) 393-3299', 'id': {'name': 'SSN', 'value': '036-50-4836'}, 'picture': {'large': 'https://randomuser.me/api/portraits/women/37.jpg', 'medium': 'https://randomuser.me/api/portraits/med/women/37.jpg', 'thumbnail': 'https://randomuser.me/api/portraits/thumb/women/37.jpg'}, 'nat': 'US'}</msg>
<arg>${json_data['results'][0]}</arg>
<doc>Logs the given message with the given level.</doc>
<status status="PASS" start="2024-04-08T14:13:59.494293" elapsed="0.000410"/>
</kw>
<kw name="Log" owner="BuiltIn">
<msg time="2024-04-08T14:13:59.495124" level="INFO">location</msg>
<arg>${key}</arg>
<doc>Logs the given message with the given level.</doc>
<status status="PASS" start="2024-04-08T14:13:59.494997" elapsed="0.000165"/>
</kw>
<var name="${key}">location</var>
<status status="PASS" start="2024-04-08T14:13:59.493459" elapsed="0.001920"/>
</iter>
<iter>
<kw name="Dictionary Should Contain Key" owner="Collections">
<msg time="2024-04-08T14:13:59.496043" level="INFO">False</msg>
<arg>${json_data['results'][0]}</arg>
<arg>${key}</arg>
<doc>Fails if ``key`` is not found from ``dictionary``.</doc>
<status status="PASS" start="2024-04-08T14:13:59.495671" elapsed="0.000409"/>
</kw>
<kw name="Log" owner="BuiltIn">
<msg time="2024-04-08T14:13:59.496734" level="INFO">{'gender': 'female', 'name': {'title': 'Mrs', 'first': 'Candice', 'last': 'Hart'}, 'location': {'street': {'number': 8677, 'name': 'Fairview St'}, 'city': 'Ontario', 'state': 'Oregon', 'country': 'United States', 'postcode': 13928, 'coordinates': {'latitude': '83.2018', 'longitude': '167.5888'}, 'timezone': {'offset': '-11:00', 'description': 'Midway Island, Samoa'}}, 'email': 'candice.hart@example.com', 'login': {'uuid': '2560d4ab-0441-41b0-b947-9856697f6bd5', 'username': 'lazymeercat600', 'password': 'conrad', 'salt': 'qsffRamJ', 'md5': 'e943f5b471497ff458426e6674bd0b17', 'sha1': '2d245fb78db3c7caf3572df5cfa991e4fc586aba', 'sha256': '3826351f0d5e6be1c07e79714a8d019bec7efc7f625ee2ff00a8fdcf81bb15c7'}, 'dob': {'date': '1962-06-24T13:06:14.346Z', 'age': 61}, 'registered': {'date': '2010-08-04T12:58:24.568Z', 'age': 13}, 'phone': '(649) 568-3129', 'cell': '(704) 393-3299', 'id': {'name': 'SSN', 'value': '036-50-4836'}, 'picture': {'large': 'https://randomuser.me/api/portraits/women/37.jpg', 'medium': 'https://randomuser.me/api/portraits/med/women/37.jpg', 'thumbnail': 'https://randomuser.me/api/portraits/thumb/women/37.jpg'}, 'nat': 'US'}</msg>
<arg>${json_data['results'][0]}</arg>
<doc>Logs the given message with the given level.</doc>
<status status="PASS" start="2024-04-08T14:13:59.496378" elapsed="0.000403"/>
</kw>
<kw name="Log" owner="BuiltIn">
<msg time="2024-04-08T14:13:59.497254" level="INFO">email</msg>
<arg>${key}</arg>
<doc>Logs the given message with the given level.</doc>
<status status="PASS" start="2024-04-08T14:13:59.497113" elapsed="0.000179"/>
</kw>
<var name="${key}">email</var>
<status status="PASS" start="2024-04-08T14:13:59.495560" elapsed="0.001954"/>
</iter>
<iter>
<kw name="Dictionary Should Contain Key" owner="Collections">
<msg time="2024-04-08T14:13:59.498195" level="INFO">False</msg>
<arg>${json_data['results'][0]}</arg>
<arg>${key}</arg>
<doc>Fails if ``key`` is not found from ``dictionary``.</doc>
<status status="PASS" start="2024-04-08T14:13:59.497802" elapsed="0.000430"/>
</kw>
<kw name="Log" owner="BuiltIn">
<msg time="2024-04-08T14:13:59.498888" level="INFO">{'gender': 'female', 'name': {'title': 'Mrs', 'first': 'Candice', 'last': 'Hart'}, 'location': {'street': {'number': 8677, 'name': 'Fairview St'}, 'city': 'Ontario', 'state': 'Oregon', 'country': 'United States', 'postcode': 13928, 'coordinates': {'latitude': '83.2018', 'longitude': '167.5888'}, 'timezone': {'offset': '-11:00', 'description': 'Midway Island, Samoa'}}, 'email': 'candice.hart@example.com', 'login': {'uuid': '2560d4ab-0441-41b0-b947-9856697f6bd5', 'username': 'lazymeercat600', 'password': 'conrad', 'salt': 'qsffRamJ', 'md5': 'e943f5b471497ff458426e6674bd0b17', 'sha1': '2d245fb78db3c7caf3572df5cfa991e4fc586aba', 'sha256': '3826351f0d5e6be1c07e79714a8d019bec7efc7f625ee2ff00a8fdcf81bb15c7'}, 'dob': {'date': '1962-06-24T13:06:14.346Z', 'age': 61}, 'registered': {'date': '2010-08-04T12:58:24.568Z', 'age': 13}, 'phone': '(649) 568-3129', 'cell': '(704) 393-3299', 'id': {'name': 'SSN', 'value': '036-50-4836'}, 'picture': {'large': 'https://randomuser.me/api/portraits/women/37.jpg', 'medium': 'https://randomuser.me/api/portraits/med/women/37.jpg', 'thumbnail': 'https://randomuser.me/api/portraits/thumb/women/37.jpg'}, 'nat': 'US'}</msg>
<arg>${json_data['results'][0]}</arg>
<doc>Logs the given message with the given level.</doc>
<status status="PASS" start="2024-04-08T14:13:59.498525" elapsed="0.000410"/>
</kw>
<kw name="Log" owner="BuiltIn">
<msg time="2024-04-08T14:13:59.499356" level="INFO">login</msg>
<arg>${key}</arg>
<doc>Logs the given message with the given level.</doc>
<status status="PASS" start="2024-04-08T14:13:59.499229" elapsed="0.000174"/>
</kw>
<var name="${key}">login</var>
<status status="PASS" start="2024-04-08T14:13:59.497691" elapsed="0.001961"/>
</iter>
<var>${key}</var>
<value>@{expected_keys}</value>
<status status="PASS" start="2024-04-08T14:13:59.488820" elapsed="0.010960"/>
</for>
<kw name="Create List" owner="BuiltIn">
<msg time="2024-04-08T14:13:59.500110" level="INFO">${expected_keysTwo} = ['username', 'password']</msg>
<var>${expected_keysTwo}</var>
<arg>username</arg>
<arg>password</arg>
<doc>Returns a list containing given items.</doc>
<status status="PASS" start="2024-04-08T14:13:59.499972" elapsed="0.000162"/>
</kw>
<for flavor="IN">
<iter>
<kw name="Dictionary Should Contain Key" owner="Collections">
<msg time="2024-04-08T14:13:59.501161" level="INFO">False</msg>
<arg>${json_data['results'][0]['login']}</arg>
<arg>${keyTwo}</arg>
<doc>Fails if ``key`` is not found from ``dictionary``.</doc>
<status status="PASS" start="2024-04-08T14:13:59.500753" elapsed="0.000445"/>
</kw>
<kw name="Dictionary Should Contain Key" owner="Collections">
<msg time="2024-04-08T14:13:59.501874" level="INFO">False</msg>
<arg>${json_data['results'][0]['login']}</arg>
<arg>${keyTwo}</arg>
<doc>Fails if ``key`` is not found from ``dictionary``.</doc>
<status status="PASS" start="2024-04-08T14:13:59.501498" elapsed="0.000414"/>
</kw>
<kw name="Log" owner="BuiltIn">
<msg time="2024-04-08T14:13:59.502346" level="INFO">username</msg>
<arg>${keyTwo}</arg>
<doc>Logs the given message with the given level.</doc>
<status status="PASS" start="2024-04-08T14:13:59.502220" elapsed="0.000163"/>
</kw>
<var name="${keyTwo}">username</var>
<status status="PASS" start="2024-04-08T14:13:59.500640" elapsed="0.001958"/>
</iter>
<iter>
<kw name="Dictionary Should Contain Key" owner="Collections">
<msg time="2024-04-08T14:13:59.503253" level="INFO">False</msg>
<arg>${json_data['results'][0]['login']}</arg>
<arg>${keyTwo}</arg>
<doc>Fails if ``key`` is not found from ``dictionary``.</doc>
<status status="PASS" start="2024-04-08T14:13:59.502881" elapsed="0.000410"/>
</kw>
<kw name="Dictionary Should Contain Key" owner="Collections">
<msg time="2024-04-08T14:13:59.503958" level="INFO">False</msg>
<arg>${json_data['results'][0]['login']}</arg>
<arg>${keyTwo}</arg>
<doc>Fails if ``key`` is not found from ``dictionary``.</doc>
<status status="PASS" start="2024-04-08T14:13:59.503585" elapsed="0.000411"/>
</kw>
<kw name="Log" owner="BuiltIn">
<msg time="2024-04-08T14:13:59.504417" level="INFO">password</msg>
<arg>${keyTwo}</arg>
<doc>Logs the given message with the given level.</doc>
<status status="PASS" start="2024-04-08T14:13:59.504292" elapsed="0.000162"/>
</kw>
<var name="${keyTwo}">password</var>
<status status="PASS" start="2024-04-08T14:13:59.502772" elapsed="0.001898"/>
</iter>
<var>${keyTwo}</var>
<value>@{expected_keysTwo}</value>
<status status="PASS" start="2024-04-08T14:13:59.500383" elapsed="0.004408"/>
</for>
<status status="PASS" start="2024-04-08T14:13:59.395645" elapsed="0.109287"/>
</kw>
<doc>Testa a estrutura da resposta da API.</doc>
<tag>testeEstruturaResposta</tag>
<status status="PASS" start="2024-04-08T14:13:59.394992" elapsed="0.110133"/>
</test>
<test id="s1-s1-t4" name="Validar tipos de dados" line="28">
<kw name="Teste de Tipos de Dados" owner="random-user-service">
<kw name="GET On Session" owner="RequestsLibrary">
<msg time="2024-04-08T14:13:59.591661" level="INFO">GET Request : url=https://randomuser.me/api 
 path_url=/api 
 headers={'User-Agent': 'python-requests/2.31.0', 'Accept-Encoding': 'gzip, deflate', 'Accept': '*/*', 'Connection': 'keep-alive'} 
 body=None 
 </msg>
<msg time="2024-04-08T14:13:59.591736" level="INFO">GET Response : url=https://randomuser.me/api 
 status=200, reason=OK 
 headers={'Date': 'Mon, 08 Apr 2024 14:13:59 GMT', 'Content-Type': 'application/json; charset=utf-8', 'Transfer-Encoding': 'chunked', 'Connection': 'keep-alive', 'X-Powered-By': 'Express', 'Access-Control-Allow-Origin': '*', 'Cache-Control': 'no-cache', 'ETag': 'W/"491-hqMPXL+rMqwwU6rDBkdqIekdkt0"', 'Vary': 'Accept-Encoding', 'Content-Encoding': 'gzip', 'CF-Cache-Status': 'DYNAMIC', 'Report-To': '{"endpoints":[{"url":"https:\\/\\/a.nel.cloudflare.com\\/report\\/v4?s=lw78AA5OWOS%2BCzWuPGzMAOTtODDrCcogRkfRZ3zEJmVGVcclu2L3fMwp3wmAyJsBWaPAlR77k4LTbqG4ZB7RftWVsvjy0r2bOIDRht8KwDI%2FMBiamWmlj8cgMxBR0ANY"}],"group":"cf-nel","max_age":604800}', 'NEL': '{"success_fraction":0,"report_to":"cf-nel","max_age":604800}', 'Server': 'cloudflare', 'CF-RAY': '8712dc76fc2987a3-IAD', 'alt-svc': 'h3=":443"; ma=86400'} 
 body={"results":[{"gender":"female","name":{"title":"Ms","first":"Maddison","last":"Sutton"},"location":{"street":{"number":9039,"name":"North Street"},"city":"Athlone","state":"Mayo","country":"Ireland","postcode":18754,"coordinates":{"latitude":"0.3536","longitude":"97.4028"},"timezone":{"offset":"+11:00","description":"Magadan, Solomon Islands, New Caledonia"}},"email":"maddison.sutton@example.com","login":{"uuid":"aebfe80a-1173-4c00-b974-10d02b77daf8","username":"goldenbird128","password":"hover","salt":"eDpYda8J","md5":"0f1667bba4bd100c24f30680fc291fec","sha1":"16b50f8bf2629f385e5ee7b0d983a3695db11374","sha256":"4bdf9d9567ca1aab069900b9c060d1a2fd334827a2a52c0279577f7b80c441f3"},"dob":{"date":"1992-02-15T06:22:09.008Z","age":32},"registered":{"date":"2002-05-17T19:35:18.748Z","age":21},"phone":"061-448-6954","cell":"081-977-8523","id":{"name":"PPS","value":"2899722T"},"picture":{"large":"https://randomuser.me/api/portraits/women/14.jpg","medium":"https://randomuser.me/api/portraits/med/women/14.jpg","thumbnail":"https://randomuser.me/api/portraits/thumb/women/14.jpg"},"nat":"IE"}],"info":{"seed":"3c8264a4f0c57a36","results":1,"page":1,"version":"1.4"}} 
 </msg>
<msg time="2024-04-08T14:13:59.591791" level="INFO">/opt/hostedtoolcache/Python/3.12.2/x64/lib/python3.12/site-packages/urllib3/connectionpool.py:1103: InsecureRequestWarning: Unverified HTTPS request is being made to host 'randomuser.me'. Adding certificate verification is strongly advised. See: https://urllib3.readthedocs.io/en/latest/advanced-usage.html#tls-warnings
  warnings.warn(</msg>
<msg time="2024-04-08T14:13:59.591898" level="INFO">${response} = &lt;Response [200]&gt;</msg>
<var>${response}</var>
<arg>consultarAPI</arg>
<arg>/api</arg>
<doc>Sends a GET request on a previously created HTTP Session.</doc>
<status status="PASS" start="2024-04-08T14:13:59.507664" elapsed="0.084277"/>
</kw>
<kw name="Set Variable" owner="BuiltIn">
<msg time="2024-04-08T14:13:59.592725" level="INFO">${json_data} = {'results': [{'gender': 'female', 'name': {'title': 'Ms', 'first': 'Maddison', 'last': 'Sutton'}, 'location': {'street': {'number': 9039, 'name': 'North Street'}, 'city': 'Athlone', 'state': 'Mayo', '...</msg>
<var>${json_data}</var>
<arg>${response.json()}</arg>
<doc>Returns the given values which can then be assigned to a variables.</doc>
<status status="PASS" start="2024-04-08T14:13:59.592292" elapsed="0.000461"/>
</kw>
<kw name="Log" owner="BuiltIn">
<msg time="2024-04-08T14:13:59.593256" level="INFO">{'results': [{'gender': 'female', 'name': {'title': 'Ms', 'first': 'Maddison', 'last': 'Sutton'}, 'location': {'street': {'number': 9039, 'name': 'North Street'}, 'city': 'Athlone', 'state': 'Mayo', 'country': 'Ireland', 'postcode': 18754, 'coordinates': {'latitude': '0.3536', 'longitude': '97.4028'}, 'timezone': {'offset': '+11:00', 'description': 'Magadan, Solomon Islands, New Caledonia'}}, 'email': 'maddison.sutton@example.com', 'login': {'uuid': 'aebfe80a-1173-4c00-b974-10d02b77daf8', 'username': 'goldenbird128', 'password': 'hover', 'salt': 'eDpYda8J', 'md5': '0f1667bba4bd100c24f30680fc291fec', 'sha1': '16b50f8bf2629f385e5ee7b0d983a3695db11374', 'sha256': '4bdf9d9567ca1aab069900b9c060d1a2fd334827a2a52c0279577f7b80c441f3'}, 'dob': {'date': '1992-02-15T06:22:09.008Z', 'age': 32}, 'registered': {'date': '2002-05-17T19:35:18.748Z', 'age': 21}, 'phone': '061-448-6954', 'cell': '081-977-8523', 'id': {'name': 'PPS', 'value': '2899722T'}, 'picture': {'large': 'https://randomuser.me/api/portraits/women/14.jpg', 'medium': 'https://randomuser.me/api/portraits/med/women/14.jpg', 'thumbnail': 'https://randomuser.me/api/portraits/thumb/women/14.jpg'}, 'nat': 'IE'}], 'info': {'seed': '3c8264a4f0c57a36', 'results': 1, 'page': 1, 'version': '1.4'}}</msg>
<arg>${json_data}</arg>
<doc>Logs the given message with the given level.</doc>
<status status="PASS" start="2024-04-08T14:13:59.593096" elapsed="0.000240"/>
</kw>
<kw name="Should Be String" owner="String">
<arg>${json_data['results'][0]['gender']}</arg>
<doc>Fails if the given ``item`` is not a string.</doc>
<status status="PASS" start="2024-04-08T14:13:59.593639" elapsed="0.000364"/>
</kw>
<kw name="Should Match Regexp" owner="BuiltIn">
<arg>${json_data['results'][0]['email']}</arg>
<arg>^[a-zA-Z0-9._%+-]+@[a-zA-Z0-9.-]+\.[a-zA-Z]{2,}$</arg>
<doc>Fails if ``string`` does not match ``pattern`` as a regular expression.</doc>
<status status="PASS" start="2024-04-08T14:13:59.594197" elapsed="0.000504"/>
</kw>
<kw name="Should Match Regexp" owner="BuiltIn">
<arg>${json_data['results'][0]['dob']['date']}</arg>
<arg>\\d{4}-\\d{2}-\\d{2}T\\d{2}:\\d{2}:\\d{2}\\.\\d{3}Z</arg>
<doc>Fails if ``string`` does not match ``pattern`` as a regular expression.</doc>
<status status="PASS" start="2024-04-08T14:13:59.594897" elapsed="0.000492"/>
</kw>
<kw name="Should Match Regexp" owner="BuiltIn">
<arg>${json_data['results'][0]['registered']['date']}</arg>
<arg>\\d{4}-\\d{2}-\\d{2}T\\d{2}:\\d{2}:\\d{2}\\.\\d{3}Z</arg>
<doc>Fails if ``string`` does not match ``pattern`` as a regular expression.</doc>
<status status="PASS" start="2024-04-08T14:13:59.595589" elapsed="0.000373"/>
</kw>
<kw name="Should Match Regexp" owner="BuiltIn">
<arg>${json_data['results'][0]['picture']['large']}</arg>
<arg>^https?://.*\.(?:png|jpe?g|gif|bmp)$</arg>
<doc>Fails if ``string`` does not match ``pattern`` as a regular expression.</doc>
<status status="PASS" start="2024-04-08T14:13:59.596150" elapsed="0.000458"/>
</kw>
<kw name="Should Match Regexp" owner="BuiltIn">
<arg>${json_data['results'][0]['picture']['medium']}</arg>
<arg>^https?://.*\.(?:png|jpe?g|gif|bmp)$</arg>
<doc>Fails if ``string`` does not match ``pattern`` as a regular expression.</doc>
<status status="PASS" start="2024-04-08T14:13:59.596797" elapsed="0.000380"/>
</kw>
<kw name="Should Match Regexp" owner="BuiltIn">
<arg>${json_data['results'][0]['picture']['thumbnail']}</arg>
<arg>^https?://.*\.(?:png|jpe?g|gif|bmp)$</arg>
<doc>Fails if ``string`` does not match ``pattern`` as a regular expression.</doc>
<status status="PASS" start="2024-04-08T14:13:59.597363" elapsed="0.000361"/>
</kw>
<kw name="Log" owner="BuiltIn">
<msg time="2024-04-08T14:13:59.598231" level="INFO">{'large': 'https://randomuser.me/api/portraits/women/14.jpg', 'medium': 'https://randomuser.me/api/portraits/med/women/14.jpg', 'thumbnail': 'https://randomuser.me/api/portraits/thumb/women/14.jpg'}</msg>
<arg>${json_data['results'][0]['picture']}</arg>
<doc>Logs the given message with the given level.</doc>
<status status="PASS" start="2024-04-08T14:13:59.597907" elapsed="0.000365"/>
</kw>
<status status="PASS" start="2024-04-08T14:13:59.507431" elapsed="0.091095"/>
</kw>
<kw name="Teste de Tipos de Dados - Postcode" owner="random-user-service">
<kw name="GET On Session" owner="RequestsLibrary">
<msg time="2024-04-08T14:13:59.691581" level="INFO">GET Request : url=https://randomuser.me/api 
 path_url=/api 
 headers={'User-Agent': 'python-requests/2.31.0', 'Accept-Encoding': 'gzip, deflate', 'Accept': '*/*', 'Connection': 'keep-alive'} 
 body=None 
 </msg>
<msg time="2024-04-08T14:13:59.691666" level="INFO">GET Response : url=https://randomuser.me/api 
 status=200, reason=OK 
 headers={'Date': 'Mon, 08 Apr 2024 14:13:59 GMT', 'Content-Type': 'application/json; charset=utf-8', 'Transfer-Encoding': 'chunked', 'Connection': 'keep-alive', 'X-Powered-By': 'Express', 'Access-Control-Allow-Origin': '*', 'Cache-Control': 'no-cache', 'ETag': 'W/"48d-MbtjoWOLkTa28bCgNaQk7oNdjYI"', 'Vary': 'Accept-Encoding', 'Content-Encoding': 'gzip', 'CF-Cache-Status': 'DYNAMIC', 'Report-To': '{"endpoints":[{"url":"https:\\/\\/a.nel.cloudflare.com\\/report\\/v4?s=QYycaS%2B13XdAUE8xnlsDVZ4AlGz6ilshPPWRxur%2Fn2YVVOGb%2FiRNIfsM8lZNhEvL1v4foIJGCMO%2Bl7L33LXi4O42kX2Kp0KZ%2FFy3Mi16rAD9QA6OIRO8xBfr0AOlO308"}],"group":"cf-nel","max_age":604800}', 'NEL': '{"success_fraction":0,"report_to":"cf-nel","max_age":604800}', 'Server': 'cloudflare', 'CF-RAY': '8712dc778d9487a3-IAD', 'alt-svc': 'h3=":443"; ma=86400'} 
 body={"results":[{"gender":"male","name":{"title":"Mr","first":"Arian","last":"Bergquist"},"location":{"street":{"number":7926,"name":"Furumoen"},"city":"Hamnås","state":"Nord-Trøndelag","country":"Norway","postcode":"2007","coordinates":{"latitude":"41.0589","longitude":"-68.6284"},"timezone":{"offset":"+3:00","description":"Baghdad, Riyadh, Moscow, St. Petersburg"}},"email":"arian.bergquist@example.com","login":{"uuid":"108c3379-561d-443d-8b39-13e383299414","username":"brownmeercat188","password":"report","salt":"txf3qn2V","md5":"d5b18eb772f98edf6ddb99b149129d66","sha1":"8dabcc1bd93d33398565fca987bf5ed0074b1fb2","sha256":"d5d9790b0794c343456f03b954f69bde8baa9b75c60c892ced6abd5e6df5235e"},"dob":{"date":"1957-10-09T02:38:49.336Z","age":66},"registered":{"date":"2020-03-31T04:26:52.734Z","age":4},"phone":"62156202","cell":"96147685","id":{"name":"FN","value":"09105729143"},"picture":{"large":"https://randomuser.me/api/portraits/men/22.jpg","medium":"https://randomuser.me/api/portraits/med/men/22.jpg","thumbnail":"https://randomuser.me/api/portraits/thumb/men/22.jpg"},"nat":"NO"}],"info":{"seed":"4755574621e6b9a3","results":1,"page":1,"version":"1.4"}} 
 </msg>
<msg time="2024-04-08T14:13:59.691755" level="INFO">/opt/hostedtoolcache/Python/3.12.2/x64/lib/python3.12/site-packages/urllib3/connectionpool.py:1103: InsecureRequestWarning: Unverified HTTPS request is being made to host 'randomuser.me'. Adding certificate verification is strongly advised. See: https://urllib3.readthedocs.io/en/latest/advanced-usage.html#tls-warnings
  warnings.warn(</msg>
<msg time="2024-04-08T14:13:59.691898" level="INFO">${response} = &lt;Response [200]&gt;</msg>
<var>${response}</var>
<arg>consultarAPI</arg>
<arg>/api</arg>
<doc>Sends a GET request on a previously created HTTP Session.</doc>
<status status="PASS" start="2024-04-08T14:13:59.598973" elapsed="0.092983"/>
</kw>
<kw name="Set Variable" owner="BuiltIn">
<msg time="2024-04-08T14:13:59.692804" level="INFO">${json_data} = {'results': [{'gender': 'male', 'name': {'title': 'Mr', 'first': 'Arian', 'last': 'Bergquist'}, 'location': {'street': {'number': 7926, 'name': 'Furumoen'}, 'city': 'Hamnås', 'state': 'Nord-Trøndelag'...</msg>
<var>${json_data}</var>
<arg>${response.json()}</arg>
<doc>Returns the given values which can then be assigned to a variables.</doc>
<status status="PASS" start="2024-04-08T14:13:59.692352" elapsed="0.000480"/>
</kw>
<kw name="Log" owner="BuiltIn">
<msg time="2024-04-08T14:13:59.693338" level="INFO">{'results': [{'gender': 'male', 'name': {'title': 'Mr', 'first': 'Arian', 'last': 'Bergquist'}, 'location': {'street': {'number': 7926, 'name': 'Furumoen'}, 'city': 'Hamnås', 'state': 'Nord-Trøndelag', 'country': 'Norway', 'postcode': '2007', 'coordinates': {'latitude': '41.0589', 'longitude': '-68.6284'}, 'timezone': {'offset': '+3:00', 'description': 'Baghdad, Riyadh, Moscow, St. Petersburg'}}, 'email': 'arian.bergquist@example.com', 'login': {'uuid': '108c3379-561d-443d-8b39-13e383299414', 'username': 'brownmeercat188', 'password': 'report', 'salt': 'txf3qn2V', 'md5': 'd5b18eb772f98edf6ddb99b149129d66', 'sha1': '8dabcc1bd93d33398565fca987bf5ed0074b1fb2', 'sha256': 'd5d9790b0794c343456f03b954f69bde8baa9b75c60c892ced6abd5e6df5235e'}, 'dob': {'date': '1957-10-09T02:38:49.336Z', 'age': 66}, 'registered': {'date': '2020-03-31T04:26:52.734Z', 'age': 4}, 'phone': '62156202', 'cell': '96147685', 'id': {'name': 'FN', 'value': '09105729143'}, 'picture': {'large': 'https://randomuser.me/api/portraits/men/22.jpg', 'medium': 'https://randomuser.me/api/portraits/med/men/22.jpg', 'thumbnail': 'https://randomuser.me/api/portraits/thumb/men/22.jpg'}, 'nat': 'NO'}], 'info': {'seed': '4755574621e6b9a3', 'results': 1, 'page': 1, 'version': '1.4'}}</msg>
<arg>${json_data}</arg>
<doc>Logs the given message with the given level.</doc>
<status status="PASS" start="2024-04-08T14:13:59.693181" elapsed="0.000241"/>
</kw>
<kw name="Should Be Equal As Numbers" owner="BuiltIn">
<arg>${json_data['results'][0]['location']['postcode']}</arg>
<arg>${json_data['results'][0]['location']['postcode']}</arg>
<doc>Fails if objects are unequal after converting them to real numbers.</doc>
<status status="PASS" start="2024-04-08T14:13:59.693731" elapsed="0.000619"/>
</kw>
<kw name="Log" owner="BuiltIn">
<msg time="2024-04-08T14:13:59.694876" level="INFO">2007</msg>
<arg>${json_data['results'][0]['location']['postcode']}</arg>
<doc>Logs the given message with the given level.</doc>
<status status="PASS" start="2024-04-08T14:13:59.694544" elapsed="0.000373"/>
</kw>
<status status="PASS" start="2024-04-08T14:13:59.598743" elapsed="0.096431"/>
</kw>
<doc>Testa se os tipos de dados na resposta da API estão corretos.</doc>
<tag>testeTiposDados</tag>
<status status="PASS" start="2024-04-08T14:13:59.506896" elapsed="0.188442"/>
</test>
<test id="s1-s1-t5" name="Validar conteudo" line="35">
<kw name="Teste de Tipos de Conteudo" owner="random-user-service">
<kw name="GET On Session" owner="RequestsLibrary">
<msg time="2024-04-08T14:13:59.798698" level="INFO">GET Request : url=https://randomuser.me/api 
 path_url=/api 
 headers={'User-Agent': 'python-requests/2.31.0', 'Accept-Encoding': 'gzip, deflate', 'Accept': '*/*', 'Connection': 'keep-alive'} 
 body=None 
 </msg>
<msg time="2024-04-08T14:13:59.798776" level="INFO">GET Response : url=https://randomuser.me/api 
 status=200, reason=OK 
 headers={'Date': 'Mon, 08 Apr 2024 14:13:59 GMT', 'Content-Type': 'application/json; charset=utf-8', 'Transfer-Encoding': 'chunked', 'Connection': 'keep-alive', 'X-Powered-By': 'Express', 'Access-Control-Allow-Origin': '*', 'Cache-Control': 'no-cache', 'ETag': 'W/"49f-t4dVs7JWgZgTfrD8rqZ+vxExHCI"', 'Vary': 'Accept-Encoding', 'Content-Encoding': 'gzip', 'CF-Cache-Status': 'DYNAMIC', 'Report-To': '{"endpoints":[{"url":"https:\\/\\/a.nel.cloudflare.com\\/report\\/v4?s=SHtkV%2Fa7yZbZjDOLDOjhqfOTDZi37HjT4YLv5gwuBGY9t2L%2FYCCYZnzY2bmUVAk3kfCN8SHAyYTuwM7N9c9Gb2kHi97yMZu7wNkMVNfx%2F02gNCQxXsMzbbGlXeKgJU2M"}],"group":"cf-nel","max_age":604800}', 'NEL': '{"success_fraction":0,"report_to":"cf-nel","max_age":604800}', 'Server': 'cloudflare', 'CF-RAY': '8712dc782ef687a3-IAD', 'alt-svc': 'h3=":443"; ma=86400'} 
 body={"results":[{"gender":"male","name":{"title":"Monsieur","first":"Carlos","last":"Marchand"},"location":{"street":{"number":5750,"name":"Rue de L'Abbé-Grégoire"},"city":"Däniken","state":"Thurgau","country":"Switzerland","postcode":8941,"coordinates":{"latitude":"-56.1235","longitude":"-43.0598"},"timezone":{"offset":"+7:00","description":"Bangkok, Hanoi, Jakarta"}},"email":"carlos.marchand@example.com","login":{"uuid":"29d983b6-e22c-470d-acec-c1eaeedc9c6d","username":"tinypeacock787","password":"sandro","salt":"6liXEd1Q","md5":"aacc0f1ed82985212293394f5f8a53e3","sha1":"2978f89c7f4c9e8cc24107e1ea8583566ca7f04c","sha256":"7d1c3d95504520a53d362fccacd52d19a0bcfcc6375be493a4ef7f339f887691"},"dob":{"date":"1951-06-07T09:55:19.976Z","age":72},"registered":{"date":"2020-12-29T20:14:29.948Z","age":3},"phone":"079 876 83 84","cell":"076 302 17 96","id":{"name":"AVS","value":"756.6099.7106.23"},"picture":{"large":"https://randomuser.me/api/portraits/men/68.jpg","medium":"https://randomuser.me/api/portraits/med/men/68.jpg","thumbnail":"https://randomuser.me/api/portraits/thumb/men/68.jpg"},"nat":"CH"}],"info":{"seed":"4abd5e1bcf172585","results":1,"page":1,"version":"1.4"}} 
 </msg>
<msg time="2024-04-08T14:13:59.798846" level="INFO">/opt/hostedtoolcache/Python/3.12.2/x64/lib/python3.12/site-packages/urllib3/connectionpool.py:1103: InsecureRequestWarning: Unverified HTTPS request is being made to host 'randomuser.me'. Adding certificate verification is strongly advised. See: https://urllib3.readthedocs.io/en/latest/advanced-usage.html#tls-warnings
  warnings.warn(</msg>
<msg time="2024-04-08T14:13:59.798977" level="INFO">${response} = &lt;Response [200]&gt;</msg>
<var>${response}</var>
<arg>consultarAPI</arg>
<arg>/api</arg>
<doc>Sends a GET request on a previously created HTTP Session.</doc>
<status status="PASS" start="2024-04-08T14:13:59.697827" elapsed="0.101202"/>
</kw>
<kw name="Set Variable" owner="BuiltIn">
<msg time="2024-04-08T14:13:59.799875" level="INFO">${json_data} = {'results': [{'gender': 'male', 'name': {'title': 'Monsieur', 'first': 'Carlos', 'last': 'Marchand'}, 'location': {'street': {'number': 5750, 'name': "Rue de L'Abbé-Grégoire"}, 'city': 'Däniken', 'sta...</msg>
<var>${json_data}</var>
<arg>${response.json()}</arg>
<doc>Returns the given values which can then be assigned to a variables.</doc>
<status status="PASS" start="2024-04-08T14:13:59.799428" elapsed="0.000476"/>
</kw>
<kw name="Set Variable" owner="BuiltIn">
<msg time="2024-04-08T14:13:59.800597" level="INFO">${name_title} = Monsieur</msg>
<var>${name_title}</var>
<arg>${json_data["results"][0]["name"]["title"]}</arg>
<doc>Returns the given values which can then be assigned to a variables.</doc>
<status status="PASS" start="2024-04-08T14:13:59.800215" elapsed="0.000407"/>
</kw>
<kw name="Create List" owner="BuiltIn">
<msg time="2024-04-08T14:13:59.801115" level="INFO">${allowed_titles} = ['Mr', 'Ms', 'Miss', 'Mrs', 'Madame', 'Monsieur']</msg>
<var>${allowed_titles}</var>
<arg>Mr</arg>
<arg>Ms</arg>
<arg>Miss</arg>
<arg>Mrs</arg>
<arg>Madame</arg>
<arg>Monsieur</arg>
<doc>Returns a list containing given items.</doc>
<status status="PASS" start="2024-04-08T14:13:59.800921" elapsed="0.000226"/>
</kw>
<kw name="List Should Contain Value" owner="Collections">
<msg time="2024-04-08T14:13:59.801632" level="INFO">False</msg>
<arg>${allowed_titles}</arg>
<arg>${name_title}</arg>
<doc>Fails if the ``value`` is not found from ``list``.</doc>
<status status="PASS" start="2024-04-08T14:13:59.801463" elapsed="0.000206"/>
</kw>
<kw name="Set Variable" owner="BuiltIn">
<msg time="2024-04-08T14:13:59.802332" level="INFO">${name_country} = CH</msg>
<var>${name_country}</var>
<arg>${json_data["results"][0]["nat"]}</arg>
<doc>Returns the given values which can then be assigned to a variables.</doc>
<status status="PASS" start="2024-04-08T14:13:59.801962" elapsed="0.000395"/>
</kw>
<kw name="Create List" owner="BuiltIn">
<msg time="2024-04-08T14:13:59.803258" level="INFO">${list_country} = ['AD', 'AE', 'AF', 'AG', 'AI', 'AL', 'AM', 'AO', 'AQ', 'AR', 'AS', 'AT', 'AU', 'AW', 'AX', 'AZ', 'BA', 'BB', 'BD', 'BE', 'BF', 'BG', 'BH', 'BI', 'BJ', 'BL', 'BM', 'BN', 'BO', 'BQ', 'BR', 'BS', 'BT', '...</msg>
<var>${list_country}</var>
<arg>AD</arg>
<arg>AE</arg>
<arg>AF</arg>
<arg>AG</arg>
<arg>AI</arg>
<arg>AL</arg>
<arg>AM</arg>
<arg>AO</arg>
<arg>AQ</arg>
<arg>AR</arg>
<arg>AS</arg>
<arg>AT</arg>
<arg>AU</arg>
<arg>AW</arg>
<arg>AX</arg>
<arg>AZ</arg>
<arg>BA</arg>
<arg>BB</arg>
<arg>BD</arg>
<arg>BE</arg>
<arg>BF</arg>
<arg>BG</arg>
<arg>BH</arg>
<arg>BI</arg>
<arg>BJ</arg>
<arg>BL</arg>
<arg>BM</arg>
<arg>BN</arg>
<arg>BO</arg>
<arg>BQ</arg>
<arg>BR</arg>
<arg>BS</arg>
<arg>BT</arg>
<arg>BV</arg>
<arg>BW</arg>
<arg>BY</arg>
<arg>BZ</arg>
<arg>CA</arg>
<arg>CC</arg>
<arg>CD</arg>
<arg>CF</arg>
<arg>CG</arg>
<arg>CH</arg>
<arg>CI</arg>
<arg>CK</arg>
<arg>CL</arg>
<arg>CM</arg>
<arg>CN</arg>
<arg>CO</arg>
<arg>CR</arg>
<arg>CU</arg>
<arg>CV</arg>
<arg>CW</arg>
<arg>CX</arg>
<arg>CY</arg>
<arg>CZ</arg>
<arg>DE</arg>
<arg>DJ</arg>
<arg>DK</arg>
<arg>DM</arg>
<arg>DO</arg>
<arg>DZ</arg>
<arg>EC</arg>
<arg>EE</arg>
<arg>EG</arg>
<arg>EH</arg>
<arg>ER</arg>
<arg>ES</arg>
<arg>ET</arg>
<arg>FI</arg>
<arg>FJ</arg>
<arg>FK</arg>
<arg>FM</arg>
<arg>FO</arg>
<arg>FR</arg>
<arg>GA</arg>
<arg>GB</arg>
<arg>GD</arg>
<arg>GE</arg>
<arg>GF</arg>
<arg>GG</arg>
<arg>GH</arg>
<arg>GI</arg>
<arg>GL</arg>
<arg>GM</arg>
<arg>GN</arg>
<arg>GP</arg>
<arg>GQ</arg>
<arg>GR</arg>
<arg>GS</arg>
<arg>GT</arg>
<arg>GU</arg>
<arg>GW</arg>
<arg>GY</arg>
<arg>HK</arg>
<arg>HM</arg>
<arg>HN</arg>
<arg>HR</arg>
<arg>HT</arg>
<arg>HU</arg>
<arg>ID</arg>
<arg>IE</arg>
<arg>IL</arg>
<arg>IM</arg>
<arg>IN</arg>
<arg>IO</arg>
<arg>IQ</arg>
<arg>IR</arg>
<arg>IS</arg>
<arg>IT</arg>
<arg>JE</arg>
<arg>JM</arg>
<arg>JO</arg>
<arg>JP</arg>
<arg>KE</arg>
<arg>KG</arg>
<arg>KH</arg>
<arg>KI</arg>
<arg>KM</arg>
<arg>KN</arg>
<arg>KP</arg>
<arg>KR</arg>
<arg>KW</arg>
<arg>KY</arg>
<arg>KZ</arg>
<arg>LA</arg>
<arg>LB</arg>
<arg>LC</arg>
<arg>LI</arg>
<arg>LK</arg>
<arg>LR</arg>
<arg>LS</arg>
<arg>LT</arg>
<arg>LU</arg>
<arg>LV</arg>
<arg>LY</arg>
<arg>MA</arg>
<arg>MC</arg>
<arg>MD</arg>
<arg>ME</arg>
<arg>MF</arg>
<arg>MG</arg>
<arg>MH</arg>
<arg>MK</arg>
<arg>ML</arg>
<arg>MM</arg>
<arg>MN</arg>
<arg>MO</arg>
<arg>MP</arg>
<arg>MQ</arg>
<arg>MR</arg>
<arg>MS</arg>
<arg>MT</arg>
<arg>MU</arg>
<arg>MV</arg>
<arg>MW</arg>
<arg>MX</arg>
<arg>MY</arg>
<arg>MZ</arg>
<arg>NA</arg>
<arg>NC</arg>
<arg>NE</arg>
<arg>NF</arg>
<arg>NG</arg>
<arg>NI</arg>
<arg>NL</arg>
<arg>NO</arg>
<arg>NP</arg>
<arg>NR</arg>
<arg>NU</arg>
<arg>NZ</arg>
<arg>OM</arg>
<arg>PA</arg>
<arg>PE</arg>
<arg>PF</arg>
<arg>PG</arg>
<arg>PH</arg>
<arg>PK</arg>
<arg>PL</arg>
<arg>PM</arg>
<arg>PN</arg>
<arg>PR</arg>
<arg>PS</arg>
<arg>PT</arg>
<arg>PW</arg>
<arg>PY</arg>
<arg>QA</arg>
<arg>RE</arg>
<arg>RO</arg>
<arg>RS</arg>
<arg>RU</arg>
<arg>RW</arg>
<arg>SA</arg>
<arg>SB</arg>
<arg>SC</arg>
<arg>SD</arg>
<arg>SE</arg>
<arg>SG</arg>
<arg>SH</arg>
<arg>SI</arg>
<arg>SJ</arg>
<arg>SK</arg>
<arg>SL</arg>
<arg>SM</arg>
<arg>SN</arg>
<arg>SO</arg>
<arg>SR</arg>
<arg>SS</arg>
<arg>ST</arg>
<arg>SV</arg>
<arg>SX</arg>
<arg>SY</arg>
<arg>SZ</arg>
<arg>TC</arg>
<arg>TD</arg>
<arg>TF</arg>
<arg>TG</arg>
<arg>TH</arg>
<arg>TJ</arg>
<arg>TK</arg>
<arg>TL</arg>
<arg>TM</arg>
<arg>TN</arg>
<arg>TO</arg>
<arg>TR</arg>
<arg>TT</arg>
<arg>TV</arg>
<arg>TW</arg>
<arg>TZ</arg>
<arg>UA</arg>
<arg>UG</arg>
<arg>UM</arg>
<arg>US</arg>
<arg>UY</arg>
<arg>UZ</arg>
<arg>VA</arg>
<arg>VC</arg>
<arg>VE</arg>
<arg>VG</arg>
<arg>VI</arg>
<arg>VN</arg>
<arg>VU</arg>
<arg>WF</arg>
<arg>WS</arg>
<arg>XK</arg>
<arg>YE</arg>
<arg>YT</arg>
<arg>ZA</arg>
<arg>ZM</arg>
<arg>ZW</arg>
<doc>Returns a list containing given items.</doc>
<status status="PASS" start="2024-04-08T14:13:59.802665" elapsed="0.000619"/>
</kw>
<kw name="List Should Contain Value" owner="Collections">
<msg time="2024-04-08T14:13:59.804265" level="INFO">False</msg>
<arg>${list_country}</arg>
<arg>${name_country}</arg>
<doc>Fails if the ``value`` is not found from ``list``.</doc>
<status status="PASS" start="2024-04-08T14:13:59.804066" elapsed="0.000236"/>
</kw>
<kw name="Run Keyword If" owner="BuiltIn">
<kw name="Should Be True" owner="BuiltIn">
<arg>${True}</arg>
<doc>Fails if the given condition is not true.</doc>
<status status="PASS" start="2024-04-08T14:13:59.805513" elapsed="0.000146"/>
</kw>
<arg>${json_data["results"][0]["location"]["coordinates"]["latitude"]} &gt;= -90 and ${json_data["results"][0]["location"]["coordinates"]["latitude"]} &lt;= 90</arg>
<arg>Should Be True</arg>
<arg>${True}</arg>
<doc>Runs the given keyword with the given arguments, if ``condition`` is true.</doc>
<status status="PASS" start="2024-04-08T14:13:59.804611" elapsed="0.001180"/>
</kw>
<kw name="Run Keyword If" owner="BuiltIn">
<kw name="Should Be True" owner="BuiltIn">
<arg>${True}</arg>
<doc>Fails if the given condition is not true.</doc>
<status status="PASS" start="2024-04-08T14:13:59.806689" elapsed="0.000138"/>
</kw>
<arg>${json_data["results"][0]["location"]["coordinates"]["longitude"]} &gt;= -180 and ${json_data["results"][0]["location"]["coordinates"]["longitude"]} &lt;= 180</arg>
<arg>Should Be True</arg>
<arg>${True}</arg>
<doc>Runs the given keyword with the given arguments, if ``condition`` is true.</doc>
<status status="PASS" start="2024-04-08T14:13:59.805977" elapsed="0.000978"/>
</kw>
<status status="PASS" start="2024-04-08T14:13:59.697578" elapsed="0.109507"/>
</kw>
<doc>Testa o conteúdo específico dos campos retornados pela API.</doc>
<tag>testeConteudo</tag>
<status status="PASS" start="2024-04-08T14:13:59.697077" elapsed="0.110154"/>
</test>
<status status="PASS" start="2024-04-08T14:13:58.988014" elapsed="0.821120"/>
</suite>
<status status="PASS" start="2024-04-08T14:13:58.974450" elapsed="0.839923"/>
</suite>
<statistics>
<total>
<stat pass="5" fail="0" skip="0">All Tests</stat>
</total>
<tag>
<stat pass="1" fail="0" skip="0">testeConteudo</stat>
<stat pass="1" fail="0" skip="0">testeEstruturaResposta</stat>
<stat pass="1" fail="0" skip="0">testeRequisicaoBasica</stat>
<stat pass="1" fail="0" skip="0">testeTiposDados</stat>
</tag>
<suite>
<stat pass="5" fail="0" skip="0" id="s1" name="Tests">Tests</stat>
<stat pass="5" fail="0" skip="0" id="s1-s1" name="Random-User-Test">Tests.Random-User-Test</stat>
</suite>
</statistics>
<errors>
</errors>
</robot>
