<?xml version="1.0" encoding="UTF-8"?>
<robot generator="Robot 7.0 (Python 3.12.3 on linux)" generated="2024-04-18T11:11:33.877083" rpa="false" schemaversion="5">
<suite id="s1" name="Tests" source="/home/runner/work/DesafioQAItauRogerioJordao/DesafioQAItauRogerioJordao/RamdonUser/tests">
<suite id="s1-s1" name="Random-User-Test" source="/home/runner/work/DesafioQAItauRogerioJordao/DesafioQAItauRogerioJordao/RamdonUser/tests/random-user-test.robot">
<test id="s1-s1-t1" name="Conectar" line="13">
<kw name="Conectar API" owner="random-user-service">
<kw name="Create Session" owner="RequestsLibrary">
<msg time="2024-04-18T11:11:34.306981" level="INFO">Creating Session using : alias=consultarAPI, url=https://randomuser.me/, headers={},                     cookies={}, auth=None, timeout=None, proxies=None, verify=False,                     debug=0 </msg>
<arg>consultarAPI</arg>
<arg>${URL}</arg>
<doc>Create Session: create a HTTP session to a server</doc>
<status status="PASS" start="2024-04-18T11:11:34.306778" elapsed="0.000407"/>
</kw>
<status status="PASS" start="2024-04-18T11:11:34.305782" elapsed="0.001769"/>
</kw>
<status status="PASS" start="2024-04-18T11:11:34.305205" elapsed="0.002543"/>
</test>
<test id="s1-s1-t2" name="Validar retorno 200 e JSON Válido" line="16">
<kw name="Teste de Requisicao Basica" owner="random-user-service">
<kw name="GET On Session" owner="RequestsLibrary">
<msg time="2024-04-18T11:11:34.498701" level="INFO">GET Request : url=https://randomuser.me/api 
 path_url=/api 
 headers={'User-Agent': 'python-requests/2.31.0', 'Accept-Encoding': 'gzip, deflate', 'Accept': '*/*', 'Connection': 'keep-alive'} 
 body=None 
 </msg>
<msg time="2024-04-18T11:11:34.498878" level="INFO">GET Response : url=https://randomuser.me/api 
 status=200, reason=OK 
 headers={'Date': 'Thu, 18 Apr 2024 11:11:34 GMT', 'Content-Type': 'application/json; charset=utf-8', 'Transfer-Encoding': 'chunked', 'Connection': 'keep-alive', 'X-Powered-By': 'Express', 'Access-Control-Allow-Origin': '*', 'Cache-Control': 'no-cache', 'ETag': 'W/"482-e4ZNvjUY9TmdBOUmk6FMk0Wa+2Q"', 'Vary': 'Accept-Encoding', 'Content-Encoding': 'gzip', 'CF-Cache-Status': 'DYNAMIC', 'Report-To': '{"endpoints":[{"url":"https:\\/\\/a.nel.cloudflare.com\\/report\\/v4?s=ZGqhOFoB5h%2Bj4uuuH1IpIDzMRKfH%2BBLjU6a4F5l%2FKZR%2FdS7ne2i7jrXgG8slvL4GHOc9LmTyuxNxb5ezujQdxqo5yamSlNtjgczCQKesKIVrUp3qRzWh%2BDG%2FFb6pRtzC"}],"group":"cf-nel","max_age":604800}', 'NEL': '{"success_fraction":0,"report_to":"cf-nel","max_age":604800}', 'Server': 'cloudflare', 'CF-RAY': '876437005d3d3908-IAD', 'alt-svc': 'h3=":443"; ma=86400'} 
 body={"results":[{"gender":"male","name":{"title":"Mr","first":"Liam","last":"Clarke"},"location":{"street":{"number":8180,"name":"Grove Road"},"city":"Hamilton","state":"Gisborne","country":"New Zealand","postcode":68970,"coordinates":{"latitude":"52.3663","longitude":"-162.0068"},"timezone":{"offset":"+4:00","description":"Abu Dhabi, Muscat, Baku, Tbilisi"}},"email":"liam.clarke@example.com","login":{"uuid":"a1ad543a-4680-4faa-9698-b2caab997a28","username":"organicleopard736","password":"garcia","salt":"rAId8MOw","md5":"636c9946465862102c2899b1490eb063","sha1":"2401541d1308751443049baef40433c6c3f964ea","sha256":"31018c84a3efff33ed0b2cca551162d19b281514c1466725652d6bf11f2e4504"},"dob":{"date":"1952-08-23T22:54:25.940Z","age":71},"registered":{"date":"2018-05-02T23:09:29.064Z","age":5},"phone":"(676)-546-1538","cell":"(595)-706-6391","id":{"name":"","value":null},"picture":{"large":"https://randomuser.me/api/portraits/men/66.jpg","medium":"https://randomuser.me/api/portraits/med/men/66.jpg","thumbnail":"https://randomuser.me/api/portraits/thumb/men/66.jpg"},"nat":"NZ"}],"info":{"seed":"8786a0ff6451ae99","results":1,"page":1,"version":"1.4"}} 
 </msg>
<msg time="2024-04-18T11:11:34.498973" level="INFO">/opt/hostedtoolcache/Python/3.12.3/x64/lib/python3.12/site-packages/urllib3/connectionpool.py:1103: InsecureRequestWarning: Unverified HTTPS request is being made to host 'randomuser.me'. Adding certificate verification is strongly advised. See: https://urllib3.readthedocs.io/en/latest/advanced-usage.html#tls-warnings
  warnings.warn(</msg>
<msg time="2024-04-18T11:11:34.499120" level="INFO">${response} = &lt;Response [200]&gt;</msg>
<var>${response}</var>
<arg>consultarAPI</arg>
<arg>/api</arg>
<doc>Sends a GET request on a previously created HTTP Session.</doc>
<status status="PASS" start="2024-04-18T11:11:34.310441" elapsed="0.188707"/>
</kw>
<kw name="Should Be Equal As Numbers" owner="BuiltIn">
<msg time="2024-04-18T11:11:34.500201" level="INFO">Argument types are:
&lt;class 'int'&gt;
&lt;class 'str'&gt;</msg>
<arg>${response.status_code}</arg>
<arg>200</arg>
<doc>Fails if objects are unequal after converting them to real numbers.</doc>
<status status="PASS" start="2024-04-18T11:11:34.499728" elapsed="0.000544"/>
</kw>
<kw name="Log" owner="BuiltIn">
<msg time="2024-04-18T11:11:34.501045" level="INFO">200</msg>
<arg>${response.status_code}</arg>
<doc>Logs the given message with the given level.</doc>
<status status="PASS" start="2024-04-18T11:11:34.500662" elapsed="0.000426"/>
</kw>
<kw name="Set Variable" owner="BuiltIn">
<msg time="2024-04-18T11:11:34.501861" level="INFO">${json_data} = {'results': [{'gender': 'male', 'name': {'title': 'Mr', 'first': 'Liam', 'last': 'Clarke'}, 'location': {'street': {'number': 8180, 'name': 'Grove Road'}, 'city': 'Hamilton', 'state': 'Gisborne', 'cou...</msg>
<var>${json_data}</var>
<arg>${response.json()}</arg>
<doc>Returns the given values which can then be assigned to a variables.</doc>
<status status="PASS" start="2024-04-18T11:11:34.501397" elapsed="0.000494"/>
</kw>
<kw name="Dictionary Should Contain Key" owner="Collections">
<msg time="2024-04-18T11:11:34.502365" level="INFO">False</msg>
<arg>${json_data}</arg>
<arg>results</arg>
<doc>Fails if ``key`` is not found from ``dictionary``.</doc>
<status status="PASS" start="2024-04-18T11:11:34.502200" elapsed="0.000203"/>
</kw>
<status status="PASS" start="2024-04-18T11:11:34.310188" elapsed="0.192479"/>
</kw>
<doc>Testa se a API responde corretamente e retorna um objeto JSON válido.</doc>
<tag>testeRequisicaoBasica</tag>
<status status="PASS" start="2024-04-18T11:11:34.309713" elapsed="0.193141"/>
</test>
<test id="s1-s1-t3" name="Validar estrutura de resposta" line="22">
<kw name="Teste de Estrutura de Resposta" owner="random-user-service">
<kw name="GET On Session" owner="RequestsLibrary">
<msg time="2024-04-18T11:11:34.614452" level="INFO">GET Request : url=https://randomuser.me/api 
 path_url=/api 
 headers={'User-Agent': 'python-requests/2.31.0', 'Accept-Encoding': 'gzip, deflate', 'Accept': '*/*', 'Connection': 'keep-alive'} 
 body=None 
 </msg>
<msg time="2024-04-18T11:11:34.614550" level="INFO">GET Response : url=https://randomuser.me/api 
 status=200, reason=OK 
 headers={'Date': 'Thu, 18 Apr 2024 11:11:34 GMT', 'Content-Type': 'application/json; charset=utf-8', 'Transfer-Encoding': 'chunked', 'Connection': 'keep-alive', 'X-Powered-By': 'Express', 'Access-Control-Allow-Origin': '*', 'Cache-Control': 'no-cache', 'ETag': 'W/"4ab-8m1GqMMtBQOIuZ+EjEz7SaoIK/g"', 'Vary': 'Accept-Encoding', 'Content-Encoding': 'gzip', 'CF-Cache-Status': 'DYNAMIC', 'Report-To': '{"endpoints":[{"url":"https:\\/\\/a.nel.cloudflare.com\\/report\\/v4?s=QCr6XIpxheGUmZgBfT7ujgWVklMRnlGbtp64KYFt9GhZ64Row1cG%2FLzume4VCLLAnK3pnVy8JYw1hElQke3nvB4W4BUdjoXzXepi182870PKcwwJSuGIsmeNJYbVCS1p"}],"group":"cf-nel","max_age":604800}', 'NEL': '{"success_fraction":0,"report_to":"cf-nel","max_age":604800}', 'Server': 'cloudflare', 'CF-RAY': '87643700add33908-IAD', 'alt-svc': 'h3=":443"; ma=86400'} 
 body={"results":[{"gender":"male","name":{"title":"Mr","first":"Jan-Paul","last":"Vlemmings"},"location":{"street":{"number":3840,"name":"De Trub"},"city":"Geldrop-Mierlo","state":"Gelderland","country":"Netherlands","postcode":"2130 EC","coordinates":{"latitude":"38.1344","longitude":"-131.3522"},"timezone":{"offset":"0:00","description":"Western Europe Time, London, Lisbon, Casablanca"}},"email":"jan-paul.vlemmings@example.com","login":{"uuid":"6e76644d-4ff2-458e-8be3-6b26d9eab482","username":"tinyduck482","password":"qwerty12","salt":"p88ivI6s","md5":"c32101b83a4bffade91e80b4f7691c52","sha1":"60b1f667448ae82e0a6bd29bfeccf4d4f688eec2","sha256":"8e0c279ab5acc83eeae2eb103c9c39b16ffbde32958b04990a58d0e8a8fd9e29"},"dob":{"date":"1986-05-09T23:28:01.839Z","age":37},"registered":{"date":"2005-01-11T00:17:42.730Z","age":19},"phone":"(085) 9672511","cell":"(06) 61986357","id":{"name":"BSN","value":"83599820"},"picture":{"large":"https://randomuser.me/api/portraits/men/37.jpg","medium":"https://randomuser.me/api/portraits/med/men/37.jpg","thumbnail":"https://randomuser.me/api/portraits/thumb/men/37.jpg"},"nat":"NL"}],"info":{"seed":"26ec73f2361b7178","results":1,"page":1,"version":"1.4"}} 
 </msg>
<msg time="2024-04-18T11:11:34.614671" level="INFO">/opt/hostedtoolcache/Python/3.12.3/x64/lib/python3.12/site-packages/urllib3/connectionpool.py:1103: InsecureRequestWarning: Unverified HTTPS request is being made to host 'randomuser.me'. Adding certificate verification is strongly advised. See: https://urllib3.readthedocs.io/en/latest/advanced-usage.html#tls-warnings
  warnings.warn(</msg>
<msg time="2024-04-18T11:11:34.614795" level="INFO">${response} = &lt;Response [200]&gt;</msg>
<var>${response}</var>
<arg>consultarAPI</arg>
<arg>/api</arg>
<doc>Sends a GET request on a previously created HTTP Session.</doc>
<status status="PASS" start="2024-04-18T11:11:34.505945" elapsed="0.108888"/>
</kw>
<kw name="Set Variable" owner="BuiltIn">
<msg time="2024-04-18T11:11:34.615865" level="INFO">${json_data} = {'results': [{'gender': 'male', 'name': {'title': 'Mr', 'first': 'Jan-Paul', 'last': 'Vlemmings'}, 'location': {'street': {'number': 3840, 'name': 'De Trub'}, 'city': 'Geldrop-Mierlo', 'state': 'Gelde...</msg>
<var>${json_data}</var>
<arg>${response.json()}</arg>
<doc>Returns the given values which can then be assigned to a variables.</doc>
<status status="PASS" start="2024-04-18T11:11:34.615342" elapsed="0.000551"/>
</kw>
<kw name="Log" owner="BuiltIn">
<msg time="2024-04-18T11:11:34.616355" level="INFO">{'results': [{'gender': 'male', 'name': {'title': 'Mr', 'first': 'Jan-Paul', 'last': 'Vlemmings'}, 'location': {'street': {'number': 3840, 'name': 'De Trub'}, 'city': 'Geldrop-Mierlo', 'state': 'Gelderland', 'country': 'Netherlands', 'postcode': '2130 EC', 'coordinates': {'latitude': '38.1344', 'longitude': '-131.3522'}, 'timezone': {'offset': '0:00', 'description': 'Western Europe Time, London, Lisbon, Casablanca'}}, 'email': 'jan-paul.vlemmings@example.com', 'login': {'uuid': '6e76644d-4ff2-458e-8be3-6b26d9eab482', 'username': 'tinyduck482', 'password': 'qwerty12', 'salt': 'p88ivI6s', 'md5': 'c32101b83a4bffade91e80b4f7691c52', 'sha1': '60b1f667448ae82e0a6bd29bfeccf4d4f688eec2', 'sha256': '8e0c279ab5acc83eeae2eb103c9c39b16ffbde32958b04990a58d0e8a8fd9e29'}, 'dob': {'date': '1986-05-09T23:28:01.839Z', 'age': 37}, 'registered': {'date': '2005-01-11T00:17:42.730Z', 'age': 19}, 'phone': '(085) 9672511', 'cell': '(06) 61986357', 'id': {'name': 'BSN', 'value': '83599820'}, 'picture': {'large': 'https://randomuser.me/api/portraits/men/37.jpg', 'medium': 'https://randomuser.me/api/portraits/med/men/37.jpg', 'thumbnail': 'https://randomuser.me/api/portraits/thumb/men/37.jpg'}, 'nat': 'NL'}], 'info': {'seed': '26ec73f2361b7178', 'results': 1, 'page': 1, 'version': '1.4'}}</msg>
<arg>${json_data}</arg>
<doc>Logs the given message with the given level.</doc>
<status status="PASS" start="2024-04-18T11:11:34.616199" elapsed="0.000203"/>
</kw>
<kw name="Dictionary Should Contain Key" owner="Collections">
<msg time="2024-04-18T11:11:34.616888" level="INFO">False</msg>
<arg>${json_data}</arg>
<arg>results</arg>
<doc>Fails if ``key`` is not found from ``dictionary``.</doc>
<status status="PASS" start="2024-04-18T11:11:34.616734" elapsed="0.000190"/>
</kw>
<kw name="Should Not Be Empty" owner="BuiltIn">
<msg time="2024-04-18T11:11:34.617340" level="INFO">Length is 2.</msg>
<arg>${json_data}</arg>
<doc>Verifies that the given item is not empty.</doc>
<status status="PASS" start="2024-04-18T11:11:34.617211" elapsed="0.000165"/>
</kw>
<kw name="Create List" owner="BuiltIn">
<msg time="2024-04-18T11:11:34.617962" level="INFO">${expected_keys} = ['gender', 'name', 'location', 'email', 'login']</msg>
<var>${expected_keys}</var>
<arg>gender</arg>
<arg>name</arg>
<arg>location</arg>
<arg>email</arg>
<arg>login</arg>
<doc>Returns a list containing given items.</doc>
<status status="PASS" start="2024-04-18T11:11:34.617657" elapsed="0.000329"/>
</kw>
<for flavor="IN">
<iter>
<kw name="Dictionary Should Contain Key" owner="Collections">
<msg time="2024-04-18T11:11:34.618964" level="INFO">False</msg>
<arg>${json_data['results'][0]}</arg>
<arg>${key}</arg>
<doc>Fails if ``key`` is not found from ``dictionary``.</doc>
<status status="PASS" start="2024-04-18T11:11:34.618568" elapsed="0.000434"/>
</kw>
<kw name="Log" owner="BuiltIn">
<msg time="2024-04-18T11:11:34.619655" level="INFO">{'gender': 'male', 'name': {'title': 'Mr', 'first': 'Jan-Paul', 'last': 'Vlemmings'}, 'location': {'street': {'number': 3840, 'name': 'De Trub'}, 'city': 'Geldrop-Mierlo', 'state': 'Gelderland', 'country': 'Netherlands', 'postcode': '2130 EC', 'coordinates': {'latitude': '38.1344', 'longitude': '-131.3522'}, 'timezone': {'offset': '0:00', 'description': 'Western Europe Time, London, Lisbon, Casablanca'}}, 'email': 'jan-paul.vlemmings@example.com', 'login': {'uuid': '6e76644d-4ff2-458e-8be3-6b26d9eab482', 'username': 'tinyduck482', 'password': 'qwerty12', 'salt': 'p88ivI6s', 'md5': 'c32101b83a4bffade91e80b4f7691c52', 'sha1': '60b1f667448ae82e0a6bd29bfeccf4d4f688eec2', 'sha256': '8e0c279ab5acc83eeae2eb103c9c39b16ffbde32958b04990a58d0e8a8fd9e29'}, 'dob': {'date': '1986-05-09T23:28:01.839Z', 'age': 37}, 'registered': {'date': '2005-01-11T00:17:42.730Z', 'age': 19}, 'phone': '(085) 9672511', 'cell': '(06) 61986357', 'id': {'name': 'BSN', 'value': '83599820'}, 'picture': {'large': 'https://randomuser.me/api/portraits/men/37.jpg', 'medium': 'https://randomuser.me/api/portraits/med/men/37.jpg', 'thumbnail': 'https://randomuser.me/api/portraits/thumb/men/37.jpg'}, 'nat': 'NL'}</msg>
<arg>${json_data['results'][0]}</arg>
<doc>Logs the given message with the given level.</doc>
<status status="PASS" start="2024-04-18T11:11:34.619298" elapsed="0.000404"/>
</kw>
<kw name="Log" owner="BuiltIn">
<msg time="2024-04-18T11:11:34.620117" level="INFO">gender</msg>
<arg>${key}</arg>
<doc>Logs the given message with the given level.</doc>
<status status="PASS" start="2024-04-18T11:11:34.619992" elapsed="0.000161"/>
</kw>
<var name="${key}">gender</var>
<status status="PASS" start="2024-04-18T11:11:34.618445" elapsed="0.001918"/>
</iter>
<iter>
<kw name="Dictionary Should Contain Key" owner="Collections">
<msg time="2024-04-18T11:11:34.621080" level="INFO">False</msg>
<arg>${json_data['results'][0]}</arg>
<arg>${key}</arg>
<doc>Fails if ``key`` is not found from ``dictionary``.</doc>
<status status="PASS" start="2024-04-18T11:11:34.620688" elapsed="0.000429"/>
</kw>
<kw name="Log" owner="BuiltIn">
<msg time="2024-04-18T11:11:34.621790" level="INFO">{'gender': 'male', 'name': {'title': 'Mr', 'first': 'Jan-Paul', 'last': 'Vlemmings'}, 'location': {'street': {'number': 3840, 'name': 'De Trub'}, 'city': 'Geldrop-Mierlo', 'state': 'Gelderland', 'country': 'Netherlands', 'postcode': '2130 EC', 'coordinates': {'latitude': '38.1344', 'longitude': '-131.3522'}, 'timezone': {'offset': '0:00', 'description': 'Western Europe Time, London, Lisbon, Casablanca'}}, 'email': 'jan-paul.vlemmings@example.com', 'login': {'uuid': '6e76644d-4ff2-458e-8be3-6b26d9eab482', 'username': 'tinyduck482', 'password': 'qwerty12', 'salt': 'p88ivI6s', 'md5': 'c32101b83a4bffade91e80b4f7691c52', 'sha1': '60b1f667448ae82e0a6bd29bfeccf4d4f688eec2', 'sha256': '8e0c279ab5acc83eeae2eb103c9c39b16ffbde32958b04990a58d0e8a8fd9e29'}, 'dob': {'date': '1986-05-09T23:28:01.839Z', 'age': 37}, 'registered': {'date': '2005-01-11T00:17:42.730Z', 'age': 19}, 'phone': '(085) 9672511', 'cell': '(06) 61986357', 'id': {'name': 'BSN', 'value': '83599820'}, 'picture': {'large': 'https://randomuser.me/api/portraits/men/37.jpg', 'medium': 'https://randomuser.me/api/portraits/med/men/37.jpg', 'thumbnail': 'https://randomuser.me/api/portraits/thumb/men/37.jpg'}, 'nat': 'NL'}</msg>
<arg>${json_data['results'][0]}</arg>
<doc>Logs the given message with the given level.</doc>
<status status="PASS" start="2024-04-18T11:11:34.621437" elapsed="0.000400"/>
</kw>
<kw name="Log" owner="BuiltIn">
<msg time="2024-04-18T11:11:34.622255" level="INFO">name</msg>
<arg>${key}</arg>
<doc>Logs the given message with the given level.</doc>
<status status="PASS" start="2024-04-18T11:11:34.622130" elapsed="0.000162"/>
</kw>
<var name="${key}">name</var>
<status status="PASS" start="2024-04-18T11:11:34.620548" elapsed="0.001956"/>
</iter>
<iter>
<kw name="Dictionary Should Contain Key" owner="Collections">
<msg time="2024-04-18T11:11:34.623177" level="INFO">False</msg>
<arg>${json_data['results'][0]}</arg>
<arg>${key}</arg>
<doc>Fails if ``key`` is not found from ``dictionary``.</doc>
<status status="PASS" start="2024-04-18T11:11:34.622792" elapsed="0.000422"/>
</kw>
<kw name="Log" owner="BuiltIn">
<msg time="2024-04-18T11:11:34.623863" level="INFO">{'gender': 'male', 'name': {'title': 'Mr', 'first': 'Jan-Paul', 'last': 'Vlemmings'}, 'location': {'street': {'number': 3840, 'name': 'De Trub'}, 'city': 'Geldrop-Mierlo', 'state': 'Gelderland', 'country': 'Netherlands', 'postcode': '2130 EC', 'coordinates': {'latitude': '38.1344', 'longitude': '-131.3522'}, 'timezone': {'offset': '0:00', 'description': 'Western Europe Time, London, Lisbon, Casablanca'}}, 'email': 'jan-paul.vlemmings@example.com', 'login': {'uuid': '6e76644d-4ff2-458e-8be3-6b26d9eab482', 'username': 'tinyduck482', 'password': 'qwerty12', 'salt': 'p88ivI6s', 'md5': 'c32101b83a4bffade91e80b4f7691c52', 'sha1': '60b1f667448ae82e0a6bd29bfeccf4d4f688eec2', 'sha256': '8e0c279ab5acc83eeae2eb103c9c39b16ffbde32958b04990a58d0e8a8fd9e29'}, 'dob': {'date': '1986-05-09T23:28:01.839Z', 'age': 37}, 'registered': {'date': '2005-01-11T00:17:42.730Z', 'age': 19}, 'phone': '(085) 9672511', 'cell': '(06) 61986357', 'id': {'name': 'BSN', 'value': '83599820'}, 'picture': {'large': 'https://randomuser.me/api/portraits/men/37.jpg', 'medium': 'https://randomuser.me/api/portraits/med/men/37.jpg', 'thumbnail': 'https://randomuser.me/api/portraits/thumb/men/37.jpg'}, 'nat': 'NL'}</msg>
<arg>${json_data['results'][0]}</arg>
<doc>Logs the given message with the given level.</doc>
<status status="PASS" start="2024-04-18T11:11:34.623508" elapsed="0.000401"/>
</kw>
<kw name="Log" owner="BuiltIn">
<msg time="2024-04-18T11:11:34.624322" level="INFO">location</msg>
<arg>${key}</arg>
<doc>Logs the given message with the given level.</doc>
<status status="PASS" start="2024-04-18T11:11:34.624198" elapsed="0.000161"/>
</kw>
<var name="${key}">location</var>
<status status="PASS" start="2024-04-18T11:11:34.622680" elapsed="0.001914"/>
</iter>
<iter>
<kw name="Dictionary Should Contain Key" owner="Collections">
<msg time="2024-04-18T11:11:34.625273" level="INFO">False</msg>
<arg>${json_data['results'][0]}</arg>
<arg>${key}</arg>
<doc>Fails if ``key`` is not found from ``dictionary``.</doc>
<status status="PASS" start="2024-04-18T11:11:34.624890" elapsed="0.000420"/>
</kw>
<kw name="Log" owner="BuiltIn">
<msg time="2024-04-18T11:11:34.625971" level="INFO">{'gender': 'male', 'name': {'title': 'Mr', 'first': 'Jan-Paul', 'last': 'Vlemmings'}, 'location': {'street': {'number': 3840, 'name': 'De Trub'}, 'city': 'Geldrop-Mierlo', 'state': 'Gelderland', 'country': 'Netherlands', 'postcode': '2130 EC', 'coordinates': {'latitude': '38.1344', 'longitude': '-131.3522'}, 'timezone': {'offset': '0:00', 'description': 'Western Europe Time, London, Lisbon, Casablanca'}}, 'email': 'jan-paul.vlemmings@example.com', 'login': {'uuid': '6e76644d-4ff2-458e-8be3-6b26d9eab482', 'username': 'tinyduck482', 'password': 'qwerty12', 'salt': 'p88ivI6s', 'md5': 'c32101b83a4bffade91e80b4f7691c52', 'sha1': '60b1f667448ae82e0a6bd29bfeccf4d4f688eec2', 'sha256': '8e0c279ab5acc83eeae2eb103c9c39b16ffbde32958b04990a58d0e8a8fd9e29'}, 'dob': {'date': '1986-05-09T23:28:01.839Z', 'age': 37}, 'registered': {'date': '2005-01-11T00:17:42.730Z', 'age': 19}, 'phone': '(085) 9672511', 'cell': '(06) 61986357', 'id': {'name': 'BSN', 'value': '83599820'}, 'picture': {'large': 'https://randomuser.me/api/portraits/men/37.jpg', 'medium': 'https://randomuser.me/api/portraits/med/men/37.jpg', 'thumbnail': 'https://randomuser.me/api/portraits/thumb/men/37.jpg'}, 'nat': 'NL'}</msg>
<arg>${json_data['results'][0]}</arg>
<doc>Logs the given message with the given level.</doc>
<status status="PASS" start="2024-04-18T11:11:34.625608" elapsed="0.000411"/>
</kw>
<kw name="Log" owner="BuiltIn">
<msg time="2024-04-18T11:11:34.626436" level="INFO">email</msg>
<arg>${key}</arg>
<doc>Logs the given message with the given level.</doc>
<status status="PASS" start="2024-04-18T11:11:34.626311" elapsed="0.000163"/>
</kw>
<var name="${key}">email</var>
<status status="PASS" start="2024-04-18T11:11:34.624776" elapsed="0.001909"/>
</iter>
<iter>
<kw name="Dictionary Should Contain Key" owner="Collections">
<msg time="2024-04-18T11:11:34.627350" level="INFO">False</msg>
<arg>${json_data['results'][0]}</arg>
<arg>${key}</arg>
<doc>Fails if ``key`` is not found from ``dictionary``.</doc>
<status status="PASS" start="2024-04-18T11:11:34.626967" elapsed="0.000420"/>
</kw>
<kw name="Log" owner="BuiltIn">
<msg time="2024-04-18T11:11:34.628052" level="INFO">{'gender': 'male', 'name': {'title': 'Mr', 'first': 'Jan-Paul', 'last': 'Vlemmings'}, 'location': {'street': {'number': 3840, 'name': 'De Trub'}, 'city': 'Geldrop-Mierlo', 'state': 'Gelderland', 'country': 'Netherlands', 'postcode': '2130 EC', 'coordinates': {'latitude': '38.1344', 'longitude': '-131.3522'}, 'timezone': {'offset': '0:00', 'description': 'Western Europe Time, London, Lisbon, Casablanca'}}, 'email': 'jan-paul.vlemmings@example.com', 'login': {'uuid': '6e76644d-4ff2-458e-8be3-6b26d9eab482', 'username': 'tinyduck482', 'password': 'qwerty12', 'salt': 'p88ivI6s', 'md5': 'c32101b83a4bffade91e80b4f7691c52', 'sha1': '60b1f667448ae82e0a6bd29bfeccf4d4f688eec2', 'sha256': '8e0c279ab5acc83eeae2eb103c9c39b16ffbde32958b04990a58d0e8a8fd9e29'}, 'dob': {'date': '1986-05-09T23:28:01.839Z', 'age': 37}, 'registered': {'date': '2005-01-11T00:17:42.730Z', 'age': 19}, 'phone': '(085) 9672511', 'cell': '(06) 61986357', 'id': {'name': 'BSN', 'value': '83599820'}, 'picture': {'large': 'https://randomuser.me/api/portraits/men/37.jpg', 'medium': 'https://randomuser.me/api/portraits/med/men/37.jpg', 'thumbnail': 'https://randomuser.me/api/portraits/thumb/men/37.jpg'}, 'nat': 'NL'}</msg>
<arg>${json_data['results'][0]}</arg>
<doc>Logs the given message with the given level.</doc>
<status status="PASS" start="2024-04-18T11:11:34.627679" elapsed="0.000421"/>
</kw>
<kw name="Log" owner="BuiltIn">
<msg time="2024-04-18T11:11:34.628514" level="INFO">login</msg>
<arg>${key}</arg>
<doc>Logs the given message with the given level.</doc>
<status status="PASS" start="2024-04-18T11:11:34.628391" elapsed="0.000210"/>
</kw>
<var name="${key}">login</var>
<status status="PASS" start="2024-04-18T11:11:34.626857" elapsed="0.001976"/>
</iter>
<var>${key}</var>
<value>@{expected_keys}</value>
<status status="PASS" start="2024-04-18T11:11:34.618253" elapsed="0.010701"/>
</for>
<kw name="Create List" owner="BuiltIn">
<msg time="2024-04-18T11:11:34.629276" level="INFO">${expected_keysTwo} = ['username', 'password']</msg>
<var>${expected_keysTwo}</var>
<arg>username</arg>
<arg>password</arg>
<doc>Returns a list containing given items.</doc>
<status status="PASS" start="2024-04-18T11:11:34.629141" elapsed="0.000160"/>
</kw>
<for flavor="IN">
<iter>
<kw name="Dictionary Should Contain Key" owner="Collections">
<msg time="2024-04-18T11:11:34.630179" level="INFO">False</msg>
<arg>${json_data['results'][0]['login']}</arg>
<arg>${keyTwo}</arg>
<doc>Fails if ``key`` is not found from ``dictionary``.</doc>
<status status="PASS" start="2024-04-18T11:11:34.629795" elapsed="0.000422"/>
</kw>
<kw name="Dictionary Should Contain Key" owner="Collections">
<msg time="2024-04-18T11:11:34.630890" level="INFO">False</msg>
<arg>${json_data['results'][0]['login']}</arg>
<arg>${keyTwo}</arg>
<doc>Fails if ``key`` is not found from ``dictionary``.</doc>
<status status="PASS" start="2024-04-18T11:11:34.630509" elapsed="0.000419"/>
</kw>
<kw name="Log" owner="BuiltIn">
<msg time="2024-04-18T11:11:34.631340" level="INFO">username</msg>
<arg>${keyTwo}</arg>
<doc>Logs the given message with the given level.</doc>
<status status="PASS" start="2024-04-18T11:11:34.631217" elapsed="0.000164"/>
</kw>
<var name="${keyTwo}">username</var>
<status status="PASS" start="2024-04-18T11:11:34.629688" elapsed="0.001907"/>
</iter>
<iter>
<kw name="Dictionary Should Contain Key" owner="Collections">
<msg time="2024-04-18T11:11:34.632245" level="INFO">False</msg>
<arg>${json_data['results'][0]['login']}</arg>
<arg>${keyTwo}</arg>
<doc>Fails if ``key`` is not found from ``dictionary``.</doc>
<status status="PASS" start="2024-04-18T11:11:34.631871" elapsed="0.000410"/>
</kw>
<kw name="Dictionary Should Contain Key" owner="Collections">
<msg time="2024-04-18T11:11:34.633070" level="INFO">False</msg>
<arg>${json_data['results'][0]['login']}</arg>
<arg>${keyTwo}</arg>
<doc>Fails if ``key`` is not found from ``dictionary``.</doc>
<status status="PASS" start="2024-04-18T11:11:34.632569" elapsed="0.000539"/>
</kw>
<kw name="Log" owner="BuiltIn">
<msg time="2024-04-18T11:11:34.633526" level="INFO">password</msg>
<arg>${keyTwo}</arg>
<doc>Logs the given message with the given level.</doc>
<status status="PASS" start="2024-04-18T11:11:34.633402" elapsed="0.000161"/>
</kw>
<var name="${keyTwo}">password</var>
<status status="PASS" start="2024-04-18T11:11:34.631763" elapsed="0.002022"/>
</iter>
<var>${keyTwo}</var>
<value>@{expected_keysTwo}</value>
<status status="PASS" start="2024-04-18T11:11:34.629535" elapsed="0.004369"/>
</for>
<status status="PASS" start="2024-04-18T11:11:34.505587" elapsed="0.128455"/>
</kw>
<doc>Testa a estrutura da resposta da API.</doc>
<tag>testeEstruturaResposta</tag>
<status status="PASS" start="2024-04-18T11:11:34.504769" elapsed="0.129430"/>
</test>
<test id="s1-s1-t4" name="Validar tipos de dados" line="28">
<kw name="Teste de Tipos de Dados" owner="random-user-service">
<kw name="GET On Session" owner="RequestsLibrary">
<msg time="2024-04-18T11:11:34.714522" level="INFO">GET Request : url=https://randomuser.me/api 
 path_url=/api 
 headers={'User-Agent': 'python-requests/2.31.0', 'Accept-Encoding': 'gzip, deflate', 'Accept': '*/*', 'Connection': 'keep-alive'} 
 body=None 
 </msg>
<msg time="2024-04-18T11:11:34.714615" level="INFO">GET Response : url=https://randomuser.me/api 
 status=200, reason=OK 
 headers={'Date': 'Thu, 18 Apr 2024 11:11:34 GMT', 'Content-Type': 'application/json; charset=utf-8', 'Transfer-Encoding': 'chunked', 'Connection': 'keep-alive', 'X-Powered-By': 'Express', 'Access-Control-Allow-Origin': '*', 'Cache-Control': 'no-cache', 'ETag': 'W/"49b-ueypcaL2cBR4zdA8fZjCBglw7Zs"', 'Vary': 'Accept-Encoding', 'Content-Encoding': 'gzip', 'CF-Cache-Status': 'DYNAMIC', 'Report-To': '{"endpoints":[{"url":"https:\\/\\/a.nel.cloudflare.com\\/report\\/v4?s=V3CC9YLSkx%2FrOhtH%2FNsXKZpxJcLqaMDNpFiHd1LqW1o7f2ZGNqt28SYkaJ90N1wgURN35OHZJKARlUysx7Tf%2BHasmZEb%2BSWmQ10HjxR7VQE6ZY5NzDv9%2FqR0n9rMyKN6"}],"group":"cf-nel","max_age":604800}', 'NEL': '{"success_fraction":0,"report_to":"cf-nel","max_age":604800}', 'Server': 'cloudflare', 'CF-RAY': '876437018f173908-IAD', 'alt-svc': 'h3=":443"; ma=86400'} 
 body={"results":[{"gender":"female","name":{"title":"Ms","first":"Emma","last":"Kotila"},"location":{"street":{"number":977,"name":"Itsenäisyydenkatu"},"city":"Sodankylä","state":"Northern Savonia","country":"Finland","postcode":74289,"coordinates":{"latitude":"-27.4171","longitude":"20.7883"},"timezone":{"offset":"-3:00","description":"Brazil, Buenos Aires, Georgetown"}},"email":"emma.kotila@example.com","login":{"uuid":"36e514c7-b388-441b-b49b-f90b0c79aff5","username":"sadzebra641","password":"megan1","salt":"nIGqhSpt","md5":"13f6209b9e1c495427554e255a425a2a","sha1":"40b81fde5e926a3e0d20c3c5e8ee78fd00303ff9","sha256":"21d3191eeb8b788faf1057f6ed55c64021a684111d20be734ce762a5bc4ce115"},"dob":{"date":"1945-04-10T22:52:18.170Z","age":79},"registered":{"date":"2016-02-27T03:58:20.177Z","age":8},"phone":"08-456-993","cell":"040-095-45-70","id":{"name":"HETU","value":"NaNNA278undefined"},"picture":{"large":"https://randomuser.me/api/portraits/women/1.jpg","medium":"https://randomuser.me/api/portraits/med/women/1.jpg","thumbnail":"https://randomuser.me/api/portraits/thumb/women/1.jpg"},"nat":"FI"}],"info":{"seed":"9b2c9dbbfa0a63e6","results":1,"page":1,"version":"1.4"}} 
 </msg>
<msg time="2024-04-18T11:11:34.714684" level="INFO">/opt/hostedtoolcache/Python/3.12.3/x64/lib/python3.12/site-packages/urllib3/connectionpool.py:1103: InsecureRequestWarning: Unverified HTTPS request is being made to host 'randomuser.me'. Adding certificate verification is strongly advised. See: https://urllib3.readthedocs.io/en/latest/advanced-usage.html#tls-warnings
  warnings.warn(</msg>
<msg time="2024-04-18T11:11:34.714799" level="INFO">${response} = &lt;Response [200]&gt;</msg>
<var>${response}</var>
<arg>consultarAPI</arg>
<arg>/api</arg>
<doc>Sends a GET request on a previously created HTTP Session.</doc>
<status status="PASS" start="2024-04-18T11:11:34.636659" elapsed="0.078180"/>
</kw>
<kw name="Set Variable" owner="BuiltIn">
<msg time="2024-04-18T11:11:34.716013" level="INFO">${json_data} = {'results': [{'gender': 'female', 'name': {'title': 'Ms', 'first': 'Emma', 'last': 'Kotila'}, 'location': {'street': {'number': 977, 'name': 'Itsenäisyydenkatu'}, 'city': 'Sodankylä', 'state': 'Northe...</msg>
<var>${json_data}</var>
<arg>${response.json()}</arg>
<doc>Returns the given values which can then be assigned to a variables.</doc>
<status status="PASS" start="2024-04-18T11:11:34.715449" elapsed="0.000593"/>
</kw>
<kw name="Log" owner="BuiltIn">
<msg time="2024-04-18T11:11:34.716512" level="INFO">{'results': [{'gender': 'female', 'name': {'title': 'Ms', 'first': 'Emma', 'last': 'Kotila'}, 'location': {'street': {'number': 977, 'name': 'Itsenäisyydenkatu'}, 'city': 'Sodankylä', 'state': 'Northern Savonia', 'country': 'Finland', 'postcode': 74289, 'coordinates': {'latitude': '-27.4171', 'longitude': '20.7883'}, 'timezone': {'offset': '-3:00', 'description': 'Brazil, Buenos Aires, Georgetown'}}, 'email': 'emma.kotila@example.com', 'login': {'uuid': '36e514c7-b388-441b-b49b-f90b0c79aff5', 'username': 'sadzebra641', 'password': 'megan1', 'salt': 'nIGqhSpt', 'md5': '13f6209b9e1c495427554e255a425a2a', 'sha1': '40b81fde5e926a3e0d20c3c5e8ee78fd00303ff9', 'sha256': '21d3191eeb8b788faf1057f6ed55c64021a684111d20be734ce762a5bc4ce115'}, 'dob': {'date': '1945-04-10T22:52:18.170Z', 'age': 79}, 'registered': {'date': '2016-02-27T03:58:20.177Z', 'age': 8}, 'phone': '08-456-993', 'cell': '040-095-45-70', 'id': {'name': 'HETU', 'value': 'NaNNA278undefined'}, 'picture': {'large': 'https://randomuser.me/api/portraits/women/1.jpg', 'medium': 'https://randomuser.me/api/portraits/med/women/1.jpg', 'thumbnail': 'https://randomuser.me/api/portraits/thumb/women/1.jpg'}, 'nat': 'FI'}], 'info': {'seed': '9b2c9dbbfa0a63e6', 'results': 1, 'page': 1, 'version': '1.4'}}</msg>
<arg>${json_data}</arg>
<doc>Logs the given message with the given level.</doc>
<status status="PASS" start="2024-04-18T11:11:34.716346" elapsed="0.000288"/>
</kw>
<kw name="Should Be String" owner="String">
<arg>${json_data['results'][0]['gender']}</arg>
<doc>Fails if the given ``item`` is not a string.</doc>
<status status="PASS" start="2024-04-18T11:11:34.716946" elapsed="0.000355"/>
</kw>
<kw name="Should Match Regexp" owner="BuiltIn">
<arg>${json_data['results'][0]['email']}</arg>
<arg>^[a-zA-Z0-9._%+-]+@[a-zA-Z0-9.-]+\.[a-zA-Z]{2,}$</arg>
<doc>Fails if ``string`` does not match ``pattern`` as a regular expression.</doc>
<status status="PASS" start="2024-04-18T11:11:34.717490" elapsed="0.000513"/>
</kw>
<kw name="Should Match Regexp" owner="BuiltIn">
<arg>${json_data['results'][0]['dob']['date']}</arg>
<arg>\\d{4}-\\d{2}-\\d{2}T\\d{2}:\\d{2}:\\d{2}\\.\\d{3}Z</arg>
<doc>Fails if ``string`` does not match ``pattern`` as a regular expression.</doc>
<status status="PASS" start="2024-04-18T11:11:34.718195" elapsed="0.000477"/>
</kw>
<kw name="Should Match Regexp" owner="BuiltIn">
<arg>${json_data['results'][0]['registered']['date']}</arg>
<arg>\\d{4}-\\d{2}-\\d{2}T\\d{2}:\\d{2}:\\d{2}\\.\\d{3}Z</arg>
<doc>Fails if ``string`` does not match ``pattern`` as a regular expression.</doc>
<status status="PASS" start="2024-04-18T11:11:34.718859" elapsed="0.000367"/>
</kw>
<kw name="Should Match Regexp" owner="BuiltIn">
<arg>${json_data['results'][0]['picture']['large']}</arg>
<arg>^https?://.*\.(?:png|jpe?g|gif|bmp)$</arg>
<doc>Fails if ``string`` does not match ``pattern`` as a regular expression.</doc>
<status status="PASS" start="2024-04-18T11:11:34.719408" elapsed="0.000458"/>
</kw>
<kw name="Should Match Regexp" owner="BuiltIn">
<arg>${json_data['results'][0]['picture']['medium']}</arg>
<arg>^https?://.*\.(?:png|jpe?g|gif|bmp)$</arg>
<doc>Fails if ``string`` does not match ``pattern`` as a regular expression.</doc>
<status status="PASS" start="2024-04-18T11:11:34.720049" elapsed="0.000355"/>
</kw>
<kw name="Should Match Regexp" owner="BuiltIn">
<arg>${json_data['results'][0]['picture']['thumbnail']}</arg>
<arg>^https?://.*\.(?:png|jpe?g|gif|bmp)$</arg>
<doc>Fails if ``string`` does not match ``pattern`` as a regular expression.</doc>
<status status="PASS" start="2024-04-18T11:11:34.720620" elapsed="0.000368"/>
</kw>
<kw name="Log" owner="BuiltIn">
<msg time="2024-04-18T11:11:34.721489" level="INFO">{'large': 'https://randomuser.me/api/portraits/women/1.jpg', 'medium': 'https://randomuser.me/api/portraits/med/women/1.jpg', 'thumbnail': 'https://randomuser.me/api/portraits/thumb/women/1.jpg'}</msg>
<arg>${json_data['results'][0]['picture']}</arg>
<doc>Logs the given message with the given level.</doc>
<status status="PASS" start="2024-04-18T11:11:34.721168" elapsed="0.000363"/>
</kw>
<status status="PASS" start="2024-04-18T11:11:34.636410" elapsed="0.085374"/>
</kw>
<kw name="Teste de Tipos de Dados - Postcode" owner="random-user-service">
<kw name="GET On Session" owner="RequestsLibrary">
<msg time="2024-04-18T11:11:34.799258" level="INFO">GET Request : url=https://randomuser.me/api 
 path_url=/api 
 headers={'User-Agent': 'python-requests/2.31.0', 'Accept-Encoding': 'gzip, deflate', 'Accept': '*/*', 'Connection': 'keep-alive'} 
 body=None 
 </msg>
<msg time="2024-04-18T11:11:34.799364" level="INFO">GET Response : url=https://randomuser.me/api 
 status=200, reason=OK 
 headers={'Date': 'Thu, 18 Apr 2024 11:11:34 GMT', 'Content-Type': 'application/json; charset=utf-8', 'Transfer-Encoding': 'chunked', 'Connection': 'keep-alive', 'X-Powered-By': 'Express', 'Access-Control-Allow-Origin': '*', 'Cache-Control': 'no-cache', 'ETag': 'W/"492-/PFrPv650IW7tf2esVlXNiwfrXk"', 'Vary': 'Accept-Encoding', 'Content-Encoding': 'gzip', 'CF-Cache-Status': 'DYNAMIC', 'Report-To': '{"endpoints":[{"url":"https:\\/\\/a.nel.cloudflare.com\\/report\\/v4?s=P8USUB0HeVMfOkXJ%2Fca9aD4kK2s8cvmC1iqHhY54dnVP9PpB6%2Fkit2fyv1qx6VJIfJIbKgq%2BnXg%2BitVBWewWzh68zCdtkKjidUnDYvalmHxaDWw%2BJl9FmfNZHiJvA7t4"}],"group":"cf-nel","max_age":604800}', 'NEL': '{"success_fraction":0,"report_to":"cf-nel","max_age":604800}', 'Server': 'cloudflare', 'CF-RAY': '876437020ffa3908-IAD', 'alt-svc': 'h3=":443"; ma=86400'} 
 body={"results":[{"gender":"male","name":{"title":"Mr","first":"Otto","last":"Ketola"},"location":{"street":{"number":5421,"name":"Satakennankatu"},"city":"Kangasala","state":"South Karelia","country":"Finland","postcode":91578,"coordinates":{"latitude":"-25.0606","longitude":"-137.9901"},"timezone":{"offset":"+5:30","description":"Bombay, Calcutta, Madras, New Delhi"}},"email":"otto.ketola@example.com","login":{"uuid":"c4b8c3be-07e9-4895-9a42-f8d41faf2fe1","username":"crazydog972","password":"nnnn","salt":"aB3KHLwt","md5":"3401cdc9f0a49266aec4cf50773515a2","sha1":"d8cb4f5c681474fcbdf3f251e6552d28ebb2baa0","sha256":"b064af01d3c57b1070ba43b15b5ad7727029a127cbd75221b4df547f326f091f"},"dob":{"date":"1974-11-25T14:51:55.787Z","age":49},"registered":{"date":"2018-11-23T03:56:34.318Z","age":5},"phone":"02-969-199","cell":"041-193-05-91","id":{"name":"HETU","value":"NaNNA745undefined"},"picture":{"large":"https://randomuser.me/api/portraits/men/30.jpg","medium":"https://randomuser.me/api/portraits/med/men/30.jpg","thumbnail":"https://randomuser.me/api/portraits/thumb/men/30.jpg"},"nat":"FI"}],"info":{"seed":"2f3657194076102f","results":1,"page":1,"version":"1.4"}} 
 </msg>
<msg time="2024-04-18T11:11:34.799442" level="INFO">/opt/hostedtoolcache/Python/3.12.3/x64/lib/python3.12/site-packages/urllib3/connectionpool.py:1103: InsecureRequestWarning: Unverified HTTPS request is being made to host 'randomuser.me'. Adding certificate verification is strongly advised. See: https://urllib3.readthedocs.io/en/latest/advanced-usage.html#tls-warnings
  warnings.warn(</msg>
<msg time="2024-04-18T11:11:34.799577" level="INFO">${response} = &lt;Response [200]&gt;</msg>
<var>${response}</var>
<arg>consultarAPI</arg>
<arg>/api</arg>
<doc>Sends a GET request on a previously created HTTP Session.</doc>
<status status="PASS" start="2024-04-18T11:11:34.722260" elapsed="0.077358"/>
</kw>
<kw name="Set Variable" owner="BuiltIn">
<msg time="2024-04-18T11:11:34.800782" level="INFO">${json_data} = {'results': [{'gender': 'male', 'name': {'title': 'Mr', 'first': 'Otto', 'last': 'Ketola'}, 'location': {'street': {'number': 5421, 'name': 'Satakennankatu'}, 'city': 'Kangasala', 'state': 'South Kare...</msg>
<var>${json_data}</var>
<arg>${response.json()}</arg>
<doc>Returns the given values which can then be assigned to a variables.</doc>
<status status="PASS" start="2024-04-18T11:11:34.800203" elapsed="0.000607"/>
</kw>
<kw name="Log" owner="BuiltIn">
<msg time="2024-04-18T11:11:34.801271" level="INFO">{'results': [{'gender': 'male', 'name': {'title': 'Mr', 'first': 'Otto', 'last': 'Ketola'}, 'location': {'street': {'number': 5421, 'name': 'Satakennankatu'}, 'city': 'Kangasala', 'state': 'South Karelia', 'country': 'Finland', 'postcode': 91578, 'coordinates': {'latitude': '-25.0606', 'longitude': '-137.9901'}, 'timezone': {'offset': '+5:30', 'description': 'Bombay, Calcutta, Madras, New Delhi'}}, 'email': 'otto.ketola@example.com', 'login': {'uuid': 'c4b8c3be-07e9-4895-9a42-f8d41faf2fe1', 'username': 'crazydog972', 'password': 'nnnn', 'salt': 'aB3KHLwt', 'md5': '3401cdc9f0a49266aec4cf50773515a2', 'sha1': 'd8cb4f5c681474fcbdf3f251e6552d28ebb2baa0', 'sha256': 'b064af01d3c57b1070ba43b15b5ad7727029a127cbd75221b4df547f326f091f'}, 'dob': {'date': '1974-11-25T14:51:55.787Z', 'age': 49}, 'registered': {'date': '2018-11-23T03:56:34.318Z', 'age': 5}, 'phone': '02-969-199', 'cell': '041-193-05-91', 'id': {'name': 'HETU', 'value': 'NaNNA745undefined'}, 'picture': {'large': 'https://randomuser.me/api/portraits/men/30.jpg', 'medium': 'https://randomuser.me/api/portraits/med/men/30.jpg', 'thumbnail': 'https://randomuser.me/api/portraits/thumb/men/30.jpg'}, 'nat': 'FI'}], 'info': {'seed': '2f3657194076102f', 'results': 1, 'page': 1, 'version': '1.4'}}</msg>
<arg>${json_data}</arg>
<doc>Logs the given message with the given level.</doc>
<status status="PASS" start="2024-04-18T11:11:34.801117" elapsed="0.000238"/>
</kw>
<kw name="Should Be Equal As Numbers" owner="BuiltIn">
<arg>${json_data['results'][0]['location']['postcode']}</arg>
<arg>${json_data['results'][0]['location']['postcode']}</arg>
<doc>Fails if objects are unequal after converting them to real numbers.</doc>
<status status="PASS" start="2024-04-18T11:11:34.801654" elapsed="0.000776"/>
</kw>
<kw name="Log" owner="BuiltIn">
<msg time="2024-04-18T11:11:34.802954" level="INFO">91578</msg>
<arg>${json_data['results'][0]['location']['postcode']}</arg>
<doc>Logs the given message with the given level.</doc>
<status status="PASS" start="2024-04-18T11:11:34.802621" elapsed="0.000372"/>
</kw>
<status status="PASS" start="2024-04-18T11:11:34.722018" elapsed="0.081229"/>
</kw>
<doc>Testa se os tipos de dados na resposta da API estão corretos.</doc>
<tag>testeTiposDados</tag>
<status status="PASS" start="2024-04-18T11:11:34.635956" elapsed="0.167460"/>
</test>
<test id="s1-s1-t5" name="Validar conteudo" line="35">
<kw name="Teste de Tipos de Conteudo" owner="random-user-service">
<kw name="GET On Session" owner="RequestsLibrary">
<msg time="2024-04-18T11:11:34.897784" level="INFO">GET Request : url=https://randomuser.me/api 
 path_url=/api 
 headers={'User-Agent': 'python-requests/2.31.0', 'Accept-Encoding': 'gzip, deflate', 'Accept': '*/*', 'Connection': 'keep-alive'} 
 body=None 
 </msg>
<msg time="2024-04-18T11:11:34.897879" level="INFO">GET Response : url=https://randomuser.me/api 
 status=200, reason=OK 
 headers={'Date': 'Thu, 18 Apr 2024 11:11:34 GMT', 'Content-Type': 'application/json; charset=utf-8', 'Transfer-Encoding': 'chunked', 'Connection': 'keep-alive', 'X-Powered-By': 'Express', 'Access-Control-Allow-Origin': '*', 'Cache-Control': 'no-cache', 'ETag': 'W/"4a0-M+3bo3h1KzcebsyraAHRZbjBm5E"', 'Vary': 'Accept-Encoding', 'Content-Encoding': 'gzip', 'CF-Cache-Status': 'DYNAMIC', 'Report-To': '{"endpoints":[{"url":"https:\\/\\/a.nel.cloudflare.com\\/report\\/v4?s=4NNybb8beOfoYoeNGGFMXJ399sw48owuWZH2JwOX7T85nJT89cpbjgWdCS3KH3N3F3nisI2yQbJVIF3wGxUSddsbJyqnf13UZU5FCLs4lLn3eAeNY%2BJZuxYOS2rYiiZB"}],"group":"cf-nel","max_age":604800}', 'NEL': '{"success_fraction":0,"report_to":"cf-nel","max_age":604800}', 'Server': 'cloudflare', 'CF-RAY': '87643702888e3908-IAD', 'alt-svc': 'h3=":443"; ma=86400'} 
 body={"results":[{"gender":"male","name":{"title":"Mr","first":"Rodolfo","last":"Escalante"},"location":{"street":{"number":1534,"name":"Viaducto Cuba"},"city":"La Caja","state":"San Luis Potosí","country":"Mexico","postcode":86312,"coordinates":{"latitude":"26.6142","longitude":"-100.3928"},"timezone":{"offset":"-3:00","description":"Brazil, Buenos Aires, Georgetown"}},"email":"rodolfo.escalante@example.com","login":{"uuid":"d452f6bd-2384-4b5f-8201-55011293f9bf","username":"angrybird430","password":"bethany","salt":"joIrRx8s","md5":"61517ff5e01efb9731d1147adba066ca","sha1":"c9ae38f45288323b5a782e3d264fc283346a870b","sha256":"e19da236533a82218429e418ef3adae429f9d1b2aded82e376e53688b8e66f07"},"dob":{"date":"1965-09-04T21:09:34.713Z","age":58},"registered":{"date":"2002-06-18T17:52:42.204Z","age":21},"phone":"(601) 529 6798","cell":"(683) 646 4534","id":{"name":"NSS","value":"08 38 99 5497 0"},"picture":{"large":"https://randomuser.me/api/portraits/men/11.jpg","medium":"https://randomuser.me/api/portraits/med/men/11.jpg","thumbnail":"https://randomuser.me/api/portraits/thumb/men/11.jpg"},"nat":"MX"}],"info":{"seed":"5df88564d2db41af","results":1,"page":1,"version":"1.4"}} 
 </msg>
<msg time="2024-04-18T11:11:34.897950" level="INFO">/opt/hostedtoolcache/Python/3.12.3/x64/lib/python3.12/site-packages/urllib3/connectionpool.py:1103: InsecureRequestWarning: Unverified HTTPS request is being made to host 'randomuser.me'. Adding certificate verification is strongly advised. See: https://urllib3.readthedocs.io/en/latest/advanced-usage.html#tls-warnings
  warnings.warn(</msg>
<msg time="2024-04-18T11:11:34.898065" level="INFO">${response} = &lt;Response [200]&gt;</msg>
<var>${response}</var>
<arg>consultarAPI</arg>
<arg>/api</arg>
<doc>Sends a GET request on a previously created HTTP Session.</doc>
<status status="PASS" start="2024-04-18T11:11:34.806008" elapsed="0.092083"/>
</kw>
<kw name="Set Variable" owner="BuiltIn">
<msg time="2024-04-18T11:11:34.899316" level="INFO">${json_data} = {'results': [{'gender': 'male', 'name': {'title': 'Mr', 'first': 'Rodolfo', 'last': 'Escalante'}, 'location': {'street': {'number': 1534, 'name': 'Viaducto Cuba'}, 'city': 'La Caja', 'state': 'San Lui...</msg>
<var>${json_data}</var>
<arg>${response.json()}</arg>
<doc>Returns the given values which can then be assigned to a variables.</doc>
<status status="PASS" start="2024-04-18T11:11:34.898741" elapsed="0.000603"/>
</kw>
<kw name="Set Variable" owner="BuiltIn">
<msg time="2024-04-18T11:11:34.900034" level="INFO">${name_title} = Mr</msg>
<var>${name_title}</var>
<arg>${json_data["results"][0]["name"]["title"]}</arg>
<doc>Returns the given values which can then be assigned to a variables.</doc>
<status status="PASS" start="2024-04-18T11:11:34.899649" elapsed="0.000410"/>
</kw>
<kw name="Create List" owner="BuiltIn">
<msg time="2024-04-18T11:11:34.900503" level="INFO">${allowed_titles} = ['Mr', 'Ms', 'Miss', 'Mrs', 'Madame', 'Monsieur']</msg>
<var>${allowed_titles}</var>
<arg>Mr</arg>
<arg>Ms</arg>
<arg>Miss</arg>
<arg>Mrs</arg>
<arg>Madame</arg>
<arg>Monsieur</arg>
<doc>Returns a list containing given items.</doc>
<status status="PASS" start="2024-04-18T11:11:34.900356" elapsed="0.000170"/>
</kw>
<kw name="List Should Contain Value" owner="Collections">
<msg time="2024-04-18T11:11:34.901050" level="INFO">False</msg>
<arg>${allowed_titles}</arg>
<arg>${name_title}</arg>
<doc>Fails if the ``value`` is not found from ``list``.</doc>
<status status="PASS" start="2024-04-18T11:11:34.900877" elapsed="0.000209"/>
</kw>
<kw name="Set Variable" owner="BuiltIn">
<msg time="2024-04-18T11:11:34.901750" level="INFO">${name_country} = MX</msg>
<var>${name_country}</var>
<arg>${json_data["results"][0]["nat"]}</arg>
<doc>Returns the given values which can then be assigned to a variables.</doc>
<status status="PASS" start="2024-04-18T11:11:34.901370" elapsed="0.000405"/>
</kw>
<kw name="Create List" owner="BuiltIn">
<msg time="2024-04-18T11:11:34.902770" level="INFO">${list_country} = ['AD', 'AE', 'AF', 'AG', 'AI', 'AL', 'AM', 'AO', 'AQ', 'AR', 'AS', 'AT', 'AU', 'AW', 'AX', 'AZ', 'BA', 'BB', 'BD', 'BE', 'BF', 'BG', 'BH', 'BI', 'BJ', 'BL', 'BM', 'BN', 'BO', 'BQ', 'BR', 'BS', 'BT', '...</msg>
<var>${list_country}</var>
<arg>AD</arg>
<arg>AE</arg>
<arg>AF</arg>
<arg>AG</arg>
<arg>AI</arg>
<arg>AL</arg>
<arg>AM</arg>
<arg>AO</arg>
<arg>AQ</arg>
<arg>AR</arg>
<arg>AS</arg>
<arg>AT</arg>
<arg>AU</arg>
<arg>AW</arg>
<arg>AX</arg>
<arg>AZ</arg>
<arg>BA</arg>
<arg>BB</arg>
<arg>BD</arg>
<arg>BE</arg>
<arg>BF</arg>
<arg>BG</arg>
<arg>BH</arg>
<arg>BI</arg>
<arg>BJ</arg>
<arg>BL</arg>
<arg>BM</arg>
<arg>BN</arg>
<arg>BO</arg>
<arg>BQ</arg>
<arg>BR</arg>
<arg>BS</arg>
<arg>BT</arg>
<arg>BV</arg>
<arg>BW</arg>
<arg>BY</arg>
<arg>BZ</arg>
<arg>CA</arg>
<arg>CC</arg>
<arg>CD</arg>
<arg>CF</arg>
<arg>CG</arg>
<arg>CH</arg>
<arg>CI</arg>
<arg>CK</arg>
<arg>CL</arg>
<arg>CM</arg>
<arg>CN</arg>
<arg>CO</arg>
<arg>CR</arg>
<arg>CU</arg>
<arg>CV</arg>
<arg>CW</arg>
<arg>CX</arg>
<arg>CY</arg>
<arg>CZ</arg>
<arg>DE</arg>
<arg>DJ</arg>
<arg>DK</arg>
<arg>DM</arg>
<arg>DO</arg>
<arg>DZ</arg>
<arg>EC</arg>
<arg>EE</arg>
<arg>EG</arg>
<arg>EH</arg>
<arg>ER</arg>
<arg>ES</arg>
<arg>ET</arg>
<arg>FI</arg>
<arg>FJ</arg>
<arg>FK</arg>
<arg>FM</arg>
<arg>FO</arg>
<arg>FR</arg>
<arg>GA</arg>
<arg>GB</arg>
<arg>GD</arg>
<arg>GE</arg>
<arg>GF</arg>
<arg>GG</arg>
<arg>GH</arg>
<arg>GI</arg>
<arg>GL</arg>
<arg>GM</arg>
<arg>GN</arg>
<arg>GP</arg>
<arg>GQ</arg>
<arg>GR</arg>
<arg>GS</arg>
<arg>GT</arg>
<arg>GU</arg>
<arg>GW</arg>
<arg>GY</arg>
<arg>HK</arg>
<arg>HM</arg>
<arg>HN</arg>
<arg>HR</arg>
<arg>HT</arg>
<arg>HU</arg>
<arg>ID</arg>
<arg>IE</arg>
<arg>IL</arg>
<arg>IM</arg>
<arg>IN</arg>
<arg>IO</arg>
<arg>IQ</arg>
<arg>IR</arg>
<arg>IS</arg>
<arg>IT</arg>
<arg>JE</arg>
<arg>JM</arg>
<arg>JO</arg>
<arg>JP</arg>
<arg>KE</arg>
<arg>KG</arg>
<arg>KH</arg>
<arg>KI</arg>
<arg>KM</arg>
<arg>KN</arg>
<arg>KP</arg>
<arg>KR</arg>
<arg>KW</arg>
<arg>KY</arg>
<arg>KZ</arg>
<arg>LA</arg>
<arg>LB</arg>
<arg>LC</arg>
<arg>LI</arg>
<arg>LK</arg>
<arg>LR</arg>
<arg>LS</arg>
<arg>LT</arg>
<arg>LU</arg>
<arg>LV</arg>
<arg>LY</arg>
<arg>MA</arg>
<arg>MC</arg>
<arg>MD</arg>
<arg>ME</arg>
<arg>MF</arg>
<arg>MG</arg>
<arg>MH</arg>
<arg>MK</arg>
<arg>ML</arg>
<arg>MM</arg>
<arg>MN</arg>
<arg>MO</arg>
<arg>MP</arg>
<arg>MQ</arg>
<arg>MR</arg>
<arg>MS</arg>
<arg>MT</arg>
<arg>MU</arg>
<arg>MV</arg>
<arg>MW</arg>
<arg>MX</arg>
<arg>MY</arg>
<arg>MZ</arg>
<arg>NA</arg>
<arg>NC</arg>
<arg>NE</arg>
<arg>NF</arg>
<arg>NG</arg>
<arg>NI</arg>
<arg>NL</arg>
<arg>NO</arg>
<arg>NP</arg>
<arg>NR</arg>
<arg>NU</arg>
<arg>NZ</arg>
<arg>OM</arg>
<arg>PA</arg>
<arg>PE</arg>
<arg>PF</arg>
<arg>PG</arg>
<arg>PH</arg>
<arg>PK</arg>
<arg>PL</arg>
<arg>PM</arg>
<arg>PN</arg>
<arg>PR</arg>
<arg>PS</arg>
<arg>PT</arg>
<arg>PW</arg>
<arg>PY</arg>
<arg>QA</arg>
<arg>RE</arg>
<arg>RO</arg>
<arg>RS</arg>
<arg>RU</arg>
<arg>RW</arg>
<arg>SA</arg>
<arg>SB</arg>
<arg>SC</arg>
<arg>SD</arg>
<arg>SE</arg>
<arg>SG</arg>
<arg>SH</arg>
<arg>SI</arg>
<arg>SJ</arg>
<arg>SK</arg>
<arg>SL</arg>
<arg>SM</arg>
<arg>SN</arg>
<arg>SO</arg>
<arg>SR</arg>
<arg>SS</arg>
<arg>ST</arg>
<arg>SV</arg>
<arg>SX</arg>
<arg>SY</arg>
<arg>SZ</arg>
<arg>TC</arg>
<arg>TD</arg>
<arg>TF</arg>
<arg>TG</arg>
<arg>TH</arg>
<arg>TJ</arg>
<arg>TK</arg>
<arg>TL</arg>
<arg>TM</arg>
<arg>TN</arg>
<arg>TO</arg>
<arg>TR</arg>
<arg>TT</arg>
<arg>TV</arg>
<arg>TW</arg>
<arg>TZ</arg>
<arg>UA</arg>
<arg>UG</arg>
<arg>UM</arg>
<arg>US</arg>
<arg>UY</arg>
<arg>UZ</arg>
<arg>VA</arg>
<arg>VC</arg>
<arg>VE</arg>
<arg>VG</arg>
<arg>VI</arg>
<arg>VN</arg>
<arg>VU</arg>
<arg>WF</arg>
<arg>WS</arg>
<arg>XK</arg>
<arg>YE</arg>
<arg>YT</arg>
<arg>ZA</arg>
<arg>ZM</arg>
<arg>ZW</arg>
<doc>Returns a list containing given items.</doc>
<status status="PASS" start="2024-04-18T11:11:34.902077" elapsed="0.000719"/>
</kw>
<kw name="List Should Contain Value" owner="Collections">
<msg time="2024-04-18T11:11:34.903784" level="INFO">False</msg>
<arg>${list_country}</arg>
<arg>${name_country}</arg>
<doc>Fails if the ``value`` is not found from ``list``.</doc>
<status status="PASS" start="2024-04-18T11:11:34.903585" elapsed="0.000234"/>
</kw>
<kw name="Run Keyword If" owner="BuiltIn">
<kw name="Should Be True" owner="BuiltIn">
<arg>${True}</arg>
<doc>Fails if the given condition is not true.</doc>
<status status="PASS" start="2024-04-18T11:11:34.904912" elapsed="0.000142"/>
</kw>
<arg>${json_data["results"][0]["location"]["coordinates"]["latitude"]} &gt;= -90 and ${json_data["results"][0]["location"]["coordinates"]["latitude"]} &lt;= 90</arg>
<arg>Should Be True</arg>
<arg>${True}</arg>
<doc>Runs the given keyword with the given arguments, if ``condition`` is true.</doc>
<status status="PASS" start="2024-04-18T11:11:34.904123" elapsed="0.001056"/>
</kw>
<kw name="Run Keyword If" owner="BuiltIn">
<kw name="Should Be True" owner="BuiltIn">
<arg>${True}</arg>
<doc>Fails if the given condition is not true.</doc>
<status status="PASS" start="2024-04-18T11:11:34.906054" elapsed="0.000260"/>
</kw>
<arg>${json_data["results"][0]["location"]["coordinates"]["longitude"]} &gt;= -180 and ${json_data["results"][0]["location"]["coordinates"]["longitude"]} &lt;= 180</arg>
<arg>Should Be True</arg>
<arg>${True}</arg>
<doc>Runs the given keyword with the given arguments, if ``condition`` is true.</doc>
<status status="PASS" start="2024-04-18T11:11:34.905361" elapsed="0.001077"/>
</kw>
<status status="PASS" start="2024-04-18T11:11:34.805779" elapsed="0.100788"/>
</kw>
<doc>Testa o conteúdo específico dos campos retornados pela API.</doc>
<tag>testeConteudo</tag>
<status status="PASS" start="2024-04-18T11:11:34.805242" elapsed="0.101477"/>
</test>
<status status="PASS" start="2024-04-18T11:11:33.936117" elapsed="0.972612"/>
</suite>
<status status="PASS" start="2024-04-18T11:11:33.922369" elapsed="0.991610"/>
</suite>
<statistics>
<total>
<stat pass="5" fail="0" skip="0">All Tests</stat>
</total>
<tag>
<stat pass="1" fail="0" skip="0">testeConteudo</stat>
<stat pass="1" fail="0" skip="0">testeEstruturaResposta</stat>
<stat pass="1" fail="0" skip="0">testeRequisicaoBasica</stat>
<stat pass="1" fail="0" skip="0">testeTiposDados</stat>
</tag>
<suite>
<stat pass="5" fail="0" skip="0" id="s1" name="Tests">Tests</stat>
<stat pass="5" fail="0" skip="0" id="s1-s1" name="Random-User-Test">Tests.Random-User-Test</stat>
</suite>
</statistics>
<errors>
</errors>
</robot>
