<?xml version="1.0" encoding="UTF-8"?>
<robot generator="Robot 7.0 (Python 3.12.3 on linux)" generated="2024-06-04T08:18:43.341334" rpa="false" schemaversion="5">
<suite id="s1" name="Tests" source="/home/runner/work/ApiRandomUser/ApiRandomUser/RamdonUser/tests">
<suite id="s1-s1" name="Random-User-Test" source="/home/runner/work/ApiRandomUser/ApiRandomUser/RamdonUser/tests/random-user-test.robot">
<test id="s1-s1-t1" name="Conectar" line="13">
<kw name="Conectar API" owner="random-user-service">
<kw name="Create Session" owner="RequestsLibrary">
<msg time="2024-06-04T08:18:43.747321" level="INFO">Creating Session using : alias=consultarAPI, url=https://randomuser.me/, headers={},                     cookies={}, auth=None, timeout=None, proxies=None, verify=False,                     debug=0 </msg>
<arg>consultarAPI</arg>
<arg>${URL}</arg>
<doc>Create Session: create a HTTP session to a server</doc>
<status status="PASS" start="2024-06-04T08:18:43.747113" elapsed="0.000383"/>
</kw>
<status status="PASS" start="2024-06-04T08:18:43.746040" elapsed="0.001831"/>
</kw>
<status status="PASS" start="2024-06-04T08:18:43.745514" elapsed="0.002562"/>
</test>
<test id="s1-s1-t2" name="Validar retorno 200 e JSON Válido" line="16">
<kw name="Teste de Requisicao Basica" owner="random-user-service">
<kw name="GET On Session" owner="RequestsLibrary">
<msg time="2024-06-04T08:18:43.981944" level="INFO">GET Request : url=https://randomuser.me/api 
 path_url=/api 
 headers={'User-Agent': 'python-requests/2.32.3', 'Accept-Encoding': 'gzip, deflate', 'Accept': '*/*', 'Connection': 'keep-alive'} 
 body=None 
 </msg>
<msg time="2024-06-04T08:18:43.982091" level="INFO">GET Response : url=https://randomuser.me/api 
 status=200, reason=OK 
 headers={'Date': 'Tue, 04 Jun 2024 08:18:43 GMT', 'Content-Type': 'application/json; charset=utf-8', 'Transfer-Encoding': 'chunked', 'Connection': 'keep-alive', 'X-Powered-By': 'Express', 'Access-Control-Allow-Origin': '*', 'Cache-Control': 'no-cache', 'ETag': 'W/"49e-/qZ700I2JaMAdeyIbUj6XgzsxxA"', 'Vary': 'Accept-Encoding', 'Content-Encoding': 'gzip', 'CF-Cache-Status': 'DYNAMIC', 'Report-To': '{"endpoints":[{"url":"https:\\/\\/a.nel.cloudflare.com\\/report\\/v4?s=U2krR72JbLwDigj9EtF1x1v1%2BmNeoqR5PVDNYmyidtO61Td9l4yH7gqBi1YvQaqopxlF3%2FifAk8kvRBkw9EweKRbmqo%2FqQia%2BrzcGh36nW8qqHUTCI9Jv%2Fr48a7ATKq2"}],"group":"cf-nel","max_age":604800}', 'NEL': '{"success_fraction":0,"report_to":"cf-nel","max_age":604800}', 'Server': 'cloudflare', 'CF-RAY': '88e67e709b1a093d-IAD', 'alt-svc': 'h3=":443"; ma=86400'} 
 body={"results":[{"gender":"male","name":{"title":"Mr","first":"Canto","last":"Peixoto"},"location":{"street":{"number":5673,"name":"Rua Vinte de Setembro"},"city":"João Pessoa","state":"Rio Grande do Sul","country":"Brazil","postcode":29645,"coordinates":{"latitude":"-75.9860","longitude":"-166.8547"},"timezone":{"offset":"-7:00","description":"Mountain Time (US &amp; Canada)"}},"email":"canto.peixoto@example.com","login":{"uuid":"3b29e7c3-ee74-4bfb-9928-13f4c02db85d","username":"biglion185","password":"mildred","salt":"53BpS9TK","md5":"727b1b497fe12e864e2d6a5ffc3ce544","sha1":"f74009293cc7f2d2d3c24b61387a3123ad4330ba","sha256":"6bff57865626654200dbdbbf4060496a5c468977f7ef75472496255480e0665f"},"dob":{"date":"1955-08-31T15:20:48.658Z","age":68},"registered":{"date":"2021-06-16T09:06:14.822Z","age":2},"phone":"(70) 1865-3884","cell":"(71) 1989-2896","id":{"name":"CPF","value":"185.504.003-70"},"picture":{"large":"https://randomuser.me/api/portraits/men/25.jpg","medium":"https://randomuser.me/api/portraits/med/men/25.jpg","thumbnail":"https://randomuser.me/api/portraits/thumb/men/25.jpg"},"nat":"BR"}],"info":{"seed":"9228a05870601f12","results":1,"page":1,"version":"1.4"}} 
 </msg>
<msg time="2024-06-04T08:18:43.982174" level="INFO">/opt/hostedtoolcache/Python/3.12.3/x64/lib/python3.12/site-packages/urllib3/connectionpool.py:1103: InsecureRequestWarning: Unverified HTTPS request is being made to host 'randomuser.me'. Adding certificate verification is strongly advised. See: https://urllib3.readthedocs.io/en/latest/advanced-usage.html#tls-warnings
  warnings.warn(</msg>
<msg time="2024-06-04T08:18:43.982323" level="INFO">${response} = &lt;Response [200]&gt;</msg>
<var>${response}</var>
<arg>consultarAPI</arg>
<arg>/api</arg>
<doc>Sends a GET request on a previously created HTTP Session.</doc>
<status status="PASS" start="2024-06-04T08:18:43.750652" elapsed="0.231712"/>
</kw>
<kw name="Should Be Equal As Numbers" owner="BuiltIn">
<msg time="2024-06-04T08:18:43.983509" level="INFO">Argument types are:
&lt;class 'int'&gt;
&lt;class 'str'&gt;</msg>
<arg>${response.status_code}</arg>
<arg>200</arg>
<doc>Fails if objects are unequal after converting them to real numbers.</doc>
<status status="PASS" start="2024-06-04T08:18:43.982973" elapsed="0.000602"/>
</kw>
<kw name="Log" owner="BuiltIn">
<msg time="2024-06-04T08:18:43.984262" level="INFO">200</msg>
<arg>${response.status_code}</arg>
<doc>Logs the given message with the given level.</doc>
<status status="PASS" start="2024-06-04T08:18:43.983917" elapsed="0.000391"/>
</kw>
<kw name="Set Variable" owner="BuiltIn">
<msg time="2024-06-04T08:18:43.985043" level="INFO">${json_data} = {'results': [{'gender': 'male', 'name': {'title': 'Mr', 'first': 'Canto', 'last': 'Peixoto'}, 'location': {'street': {'number': 5673, 'name': 'Rua Vinte de Setembro'}, 'city': 'João Pessoa', 'state': ...</msg>
<var>${json_data}</var>
<arg>${response.json()}</arg>
<doc>Returns the given values which can then be assigned to a variables.</doc>
<status status="PASS" start="2024-06-04T08:18:43.984611" elapsed="0.000461"/>
</kw>
<kw name="Dictionary Should Contain Key" owner="Collections">
<msg time="2024-06-04T08:18:43.985538" level="INFO">False</msg>
<arg>${json_data}</arg>
<arg>results</arg>
<doc>Fails if ``key`` is not found from ``dictionary``.</doc>
<status status="PASS" start="2024-06-04T08:18:43.985376" elapsed="0.000363"/>
</kw>
<status status="PASS" start="2024-06-04T08:18:43.750397" elapsed="0.235603"/>
</kw>
<doc>Testa se a API responde corretamente e retorna um objeto JSON válido.</doc>
<tag>testeRequisicaoBasica</tag>
<status status="PASS" start="2024-06-04T08:18:43.749946" elapsed="0.236232"/>
</test>
<test id="s1-s1-t3" name="Validar estrutura de resposta" line="22">
<kw name="Teste de Estrutura de Resposta" owner="random-user-service">
<kw name="GET On Session" owner="RequestsLibrary">
<msg time="2024-06-04T08:18:44.083198" level="INFO">GET Request : url=https://randomuser.me/api 
 path_url=/api 
 headers={'User-Agent': 'python-requests/2.32.3', 'Accept-Encoding': 'gzip, deflate', 'Accept': '*/*', 'Connection': 'keep-alive'} 
 body=None 
 </msg>
<msg time="2024-06-04T08:18:44.083284" level="INFO">GET Response : url=https://randomuser.me/api 
 status=200, reason=OK 
 headers={'Date': 'Tue, 04 Jun 2024 08:18:44 GMT', 'Content-Type': 'application/json; charset=utf-8', 'Transfer-Encoding': 'chunked', 'Connection': 'keep-alive', 'X-Powered-By': 'Express', 'Access-Control-Allow-Origin': '*', 'Cache-Control': 'no-cache', 'ETag': 'W/"48b-Hi/hXosYMA6Cq0icNQT5LFsfMco"', 'Vary': 'Accept-Encoding', 'Content-Encoding': 'gzip', 'CF-Cache-Status': 'DYNAMIC', 'Report-To': '{"endpoints":[{"url":"https:\\/\\/a.nel.cloudflare.com\\/report\\/v4?s=GcMeGXsT1%2F0WbwL3i3Li7y7PVa7opPBLf1AFsPE%2Bz5AXElQr4yxCau6vl52UrPTlhPV%2FdEEjY6lUGpVdbBC7e2BojM7pPD7SuFiYL7fl05k%2B3jJYWmKmaAhw4jPDrH6e"}],"group":"cf-nel","max_age":604800}', 'NEL': '{"success_fraction":0,"report_to":"cf-nel","max_age":604800}', 'Server': 'cloudflare', 'CF-RAY': '88e67e70fb39093d-IAD', 'alt-svc': 'h3=":443"; ma=86400'} 
 body={"results":[{"gender":"male","name":{"title":"Mr","first":"Kaya","last":"Gümüşpala"},"location":{"street":{"number":4897,"name":"Şehitler Cd"},"city":"Çanakkale","state":"Aydın","country":"Turkey","postcode":51944,"coordinates":{"latitude":"69.0171","longitude":"-134.0609"},"timezone":{"offset":"+5:00","description":"Ekaterinburg, Islamabad, Karachi, Tashkent"}},"email":"kaya.gumuspala@example.com","login":{"uuid":"96a75317-a3b9-4852-87b3-9c96868fb565","username":"sadduck622","password":"hockey","salt":"QpTLGwhG","md5":"3d209668b52a49f76daa1d6b874d7309","sha1":"7ebcee7528683c7de9451079326ab45b53cc948f","sha256":"b9031d0b18e44a2dc6331b5ab9d2e17362e29159d4ea97c9d191fd69ba7d18c6"},"dob":{"date":"1990-06-06T16:16:32.193Z","age":33},"registered":{"date":"2014-06-14T14:10:42.326Z","age":9},"phone":"(545)-973-4348","cell":"(795)-908-9678","id":{"name":"","value":null},"picture":{"large":"https://randomuser.me/api/portraits/men/39.jpg","medium":"https://randomuser.me/api/portraits/med/men/39.jpg","thumbnail":"https://randomuser.me/api/portraits/thumb/men/39.jpg"},"nat":"TR"}],"info":{"seed":"3b8fcd75ba471936","results":1,"page":1,"version":"1.4"}} 
 </msg>
<msg time="2024-06-04T08:18:44.083401" level="INFO">/opt/hostedtoolcache/Python/3.12.3/x64/lib/python3.12/site-packages/urllib3/connectionpool.py:1103: InsecureRequestWarning: Unverified HTTPS request is being made to host 'randomuser.me'. Adding certificate verification is strongly advised. See: https://urllib3.readthedocs.io/en/latest/advanced-usage.html#tls-warnings
  warnings.warn(</msg>
<msg time="2024-06-04T08:18:44.083535" level="INFO">${response} = &lt;Response [200]&gt;</msg>
<var>${response}</var>
<arg>consultarAPI</arg>
<arg>/api</arg>
<doc>Sends a GET request on a previously created HTTP Session.</doc>
<status status="PASS" start="2024-06-04T08:18:43.989165" elapsed="0.094416"/>
</kw>
<kw name="Set Variable" owner="BuiltIn">
<msg time="2024-06-04T08:18:44.084663" level="INFO">${json_data} = {'results': [{'gender': 'male', 'name': {'title': 'Mr', 'first': 'Kaya', 'last': 'Gümüşpala'}, 'location': {'street': {'number': 4897, 'name': 'Şehitler Cd'}, 'city': 'Çanakkale', 'state': 'Aydın', 'c...</msg>
<var>${json_data}</var>
<arg>${response.json()}</arg>
<doc>Returns the given values which can then be assigned to a variables.</doc>
<status status="PASS" start="2024-06-04T08:18:44.084094" elapsed="0.000600"/>
</kw>
<kw name="Log" owner="BuiltIn">
<msg time="2024-06-04T08:18:44.085169" level="INFO">{'results': [{'gender': 'male', 'name': {'title': 'Mr', 'first': 'Kaya', 'last': 'Gümüşpala'}, 'location': {'street': {'number': 4897, 'name': 'Şehitler Cd'}, 'city': 'Çanakkale', 'state': 'Aydın', 'country': 'Turkey', 'postcode': 51944, 'coordinates': {'latitude': '69.0171', 'longitude': '-134.0609'}, 'timezone': {'offset': '+5:00', 'description': 'Ekaterinburg, Islamabad, Karachi, Tashkent'}}, 'email': 'kaya.gumuspala@example.com', 'login': {'uuid': '96a75317-a3b9-4852-87b3-9c96868fb565', 'username': 'sadduck622', 'password': 'hockey', 'salt': 'QpTLGwhG', 'md5': '3d209668b52a49f76daa1d6b874d7309', 'sha1': '7ebcee7528683c7de9451079326ab45b53cc948f', 'sha256': 'b9031d0b18e44a2dc6331b5ab9d2e17362e29159d4ea97c9d191fd69ba7d18c6'}, 'dob': {'date': '1990-06-06T16:16:32.193Z', 'age': 33}, 'registered': {'date': '2014-06-14T14:10:42.326Z', 'age': 9}, 'phone': '(545)-973-4348', 'cell': '(795)-908-9678', 'id': {'name': '', 'value': None}, 'picture': {'large': 'https://randomuser.me/api/portraits/men/39.jpg', 'medium': 'https://randomuser.me/api/portraits/med/men/39.jpg', 'thumbnail': 'https://randomuser.me/api/portraits/thumb/men/39.jpg'}, 'nat': 'TR'}], 'info': {'seed': '3b8fcd75ba471936', 'results': 1, 'page': 1, 'version': '1.4'}}</msg>
<arg>${json_data}</arg>
<doc>Logs the given message with the given level.</doc>
<status status="PASS" start="2024-06-04T08:18:44.085005" elapsed="0.000213"/>
</kw>
<kw name="Dictionary Should Contain Key" owner="Collections">
<msg time="2024-06-04T08:18:44.085666" level="INFO">False</msg>
<arg>${json_data}</arg>
<arg>results</arg>
<doc>Fails if ``key`` is not found from ``dictionary``.</doc>
<status status="PASS" start="2024-06-04T08:18:44.085513" elapsed="0.000198"/>
</kw>
<kw name="Should Not Be Empty" owner="BuiltIn">
<msg time="2024-06-04T08:18:44.086137" level="INFO">Length is 2.</msg>
<arg>${json_data}</arg>
<doc>Verifies that the given item is not empty.</doc>
<status status="PASS" start="2024-06-04T08:18:44.086006" elapsed="0.000169"/>
</kw>
<kw name="Create List" owner="BuiltIn">
<msg time="2024-06-04T08:18:44.086608" level="INFO">${expected_keys} = ['gender', 'name', 'location', 'email', 'login']</msg>
<var>${expected_keys}</var>
<arg>gender</arg>
<arg>name</arg>
<arg>location</arg>
<arg>email</arg>
<arg>login</arg>
<doc>Returns a list containing given items.</doc>
<status status="PASS" start="2024-06-04T08:18:44.086462" elapsed="0.000169"/>
</kw>
<for flavor="IN">
<iter>
<kw name="Dictionary Should Contain Key" owner="Collections">
<msg time="2024-06-04T08:18:44.087661" level="INFO">False</msg>
<arg>${json_data['results'][0]}</arg>
<arg>${key}</arg>
<doc>Fails if ``key`` is not found from ``dictionary``.</doc>
<status status="PASS" start="2024-06-04T08:18:44.087254" elapsed="0.000450"/>
</kw>
<kw name="Log" owner="BuiltIn">
<msg time="2024-06-04T08:18:44.088385" level="INFO">{'gender': 'male', 'name': {'title': 'Mr', 'first': 'Kaya', 'last': 'Gümüşpala'}, 'location': {'street': {'number': 4897, 'name': 'Şehitler Cd'}, 'city': 'Çanakkale', 'state': 'Aydın', 'country': 'Turkey', 'postcode': 51944, 'coordinates': {'latitude': '69.0171', 'longitude': '-134.0609'}, 'timezone': {'offset': '+5:00', 'description': 'Ekaterinburg, Islamabad, Karachi, Tashkent'}}, 'email': 'kaya.gumuspala@example.com', 'login': {'uuid': '96a75317-a3b9-4852-87b3-9c96868fb565', 'username': 'sadduck622', 'password': 'hockey', 'salt': 'QpTLGwhG', 'md5': '3d209668b52a49f76daa1d6b874d7309', 'sha1': '7ebcee7528683c7de9451079326ab45b53cc948f', 'sha256': 'b9031d0b18e44a2dc6331b5ab9d2e17362e29159d4ea97c9d191fd69ba7d18c6'}, 'dob': {'date': '1990-06-06T16:16:32.193Z', 'age': 33}, 'registered': {'date': '2014-06-14T14:10:42.326Z', 'age': 9}, 'phone': '(545)-973-4348', 'cell': '(795)-908-9678', 'id': {'name': '', 'value': None}, 'picture': {'large': 'https://randomuser.me/api/portraits/men/39.jpg', 'medium': 'https://randomuser.me/api/portraits/med/men/39.jpg', 'thumbnail': 'https://randomuser.me/api/portraits/thumb/men/39.jpg'}, 'nat': 'TR'}</msg>
<arg>${json_data['results'][0]}</arg>
<doc>Logs the given message with the given level.</doc>
<status status="PASS" start="2024-06-04T08:18:44.088009" elapsed="0.000430"/>
</kw>
<kw name="Log" owner="BuiltIn">
<msg time="2024-06-04T08:18:44.088868" level="INFO">gender</msg>
<arg>${key}</arg>
<doc>Logs the given message with the given level.</doc>
<status status="PASS" start="2024-06-04T08:18:44.088739" elapsed="0.000166"/>
</kw>
<var name="${key}">gender</var>
<status status="PASS" start="2024-06-04T08:18:44.087124" elapsed="0.001995"/>
</iter>
<iter>
<kw name="Dictionary Should Contain Key" owner="Collections">
<msg time="2024-06-04T08:18:44.089804" level="INFO">False</msg>
<arg>${json_data['results'][0]}</arg>
<arg>${key}</arg>
<doc>Fails if ``key`` is not found from ``dictionary``.</doc>
<status status="PASS" start="2024-06-04T08:18:44.089420" elapsed="0.000421"/>
</kw>
<kw name="Log" owner="BuiltIn">
<msg time="2024-06-04T08:18:44.090537" level="INFO">{'gender': 'male', 'name': {'title': 'Mr', 'first': 'Kaya', 'last': 'Gümüşpala'}, 'location': {'street': {'number': 4897, 'name': 'Şehitler Cd'}, 'city': 'Çanakkale', 'state': 'Aydın', 'country': 'Turkey', 'postcode': 51944, 'coordinates': {'latitude': '69.0171', 'longitude': '-134.0609'}, 'timezone': {'offset': '+5:00', 'description': 'Ekaterinburg, Islamabad, Karachi, Tashkent'}}, 'email': 'kaya.gumuspala@example.com', 'login': {'uuid': '96a75317-a3b9-4852-87b3-9c96868fb565', 'username': 'sadduck622', 'password': 'hockey', 'salt': 'QpTLGwhG', 'md5': '3d209668b52a49f76daa1d6b874d7309', 'sha1': '7ebcee7528683c7de9451079326ab45b53cc948f', 'sha256': 'b9031d0b18e44a2dc6331b5ab9d2e17362e29159d4ea97c9d191fd69ba7d18c6'}, 'dob': {'date': '1990-06-06T16:16:32.193Z', 'age': 33}, 'registered': {'date': '2014-06-14T14:10:42.326Z', 'age': 9}, 'phone': '(545)-973-4348', 'cell': '(795)-908-9678', 'id': {'name': '', 'value': None}, 'picture': {'large': 'https://randomuser.me/api/portraits/men/39.jpg', 'medium': 'https://randomuser.me/api/portraits/med/men/39.jpg', 'thumbnail': 'https://randomuser.me/api/portraits/thumb/men/39.jpg'}, 'nat': 'TR'}</msg>
<arg>${json_data['results'][0]}</arg>
<doc>Logs the given message with the given level.</doc>
<status status="PASS" start="2024-06-04T08:18:44.090167" elapsed="0.000422"/>
</kw>
<kw name="Log" owner="BuiltIn">
<msg time="2024-06-04T08:18:44.091046" level="INFO">name</msg>
<arg>${key}</arg>
<doc>Logs the given message with the given level.</doc>
<status status="PASS" start="2024-06-04T08:18:44.090883" elapsed="0.000201"/>
</kw>
<var name="${key}">name</var>
<status status="PASS" start="2024-06-04T08:18:44.089305" elapsed="0.002003"/>
</iter>
<iter>
<kw name="Dictionary Should Contain Key" owner="Collections">
<msg time="2024-06-04T08:18:44.091979" level="INFO">False</msg>
<arg>${json_data['results'][0]}</arg>
<arg>${key}</arg>
<doc>Fails if ``key`` is not found from ``dictionary``.</doc>
<status status="PASS" start="2024-06-04T08:18:44.091600" elapsed="0.000417"/>
</kw>
<kw name="Log" owner="BuiltIn">
<msg time="2024-06-04T08:18:44.092694" level="INFO">{'gender': 'male', 'name': {'title': 'Mr', 'first': 'Kaya', 'last': 'Gümüşpala'}, 'location': {'street': {'number': 4897, 'name': 'Şehitler Cd'}, 'city': 'Çanakkale', 'state': 'Aydın', 'country': 'Turkey', 'postcode': 51944, 'coordinates': {'latitude': '69.0171', 'longitude': '-134.0609'}, 'timezone': {'offset': '+5:00', 'description': 'Ekaterinburg, Islamabad, Karachi, Tashkent'}}, 'email': 'kaya.gumuspala@example.com', 'login': {'uuid': '96a75317-a3b9-4852-87b3-9c96868fb565', 'username': 'sadduck622', 'password': 'hockey', 'salt': 'QpTLGwhG', 'md5': '3d209668b52a49f76daa1d6b874d7309', 'sha1': '7ebcee7528683c7de9451079326ab45b53cc948f', 'sha256': 'b9031d0b18e44a2dc6331b5ab9d2e17362e29159d4ea97c9d191fd69ba7d18c6'}, 'dob': {'date': '1990-06-06T16:16:32.193Z', 'age': 33}, 'registered': {'date': '2014-06-14T14:10:42.326Z', 'age': 9}, 'phone': '(545)-973-4348', 'cell': '(795)-908-9678', 'id': {'name': '', 'value': None}, 'picture': {'large': 'https://randomuser.me/api/portraits/men/39.jpg', 'medium': 'https://randomuser.me/api/portraits/med/men/39.jpg', 'thumbnail': 'https://randomuser.me/api/portraits/thumb/men/39.jpg'}, 'nat': 'TR'}</msg>
<arg>${json_data['results'][0]}</arg>
<doc>Logs the given message with the given level.</doc>
<status status="PASS" start="2024-06-04T08:18:44.092319" elapsed="0.000428"/>
</kw>
<kw name="Log" owner="BuiltIn">
<msg time="2024-06-04T08:18:44.093173" level="INFO">location</msg>
<arg>${key}</arg>
<doc>Logs the given message with the given level.</doc>
<status status="PASS" start="2024-06-04T08:18:44.093047" elapsed="0.000164"/>
</kw>
<var name="${key}">location</var>
<status status="PASS" start="2024-06-04T08:18:44.091487" elapsed="0.001937"/>
</iter>
<iter>
<kw name="Dictionary Should Contain Key" owner="Collections">
<msg time="2024-06-04T08:18:44.094196" level="INFO">False</msg>
<arg>${json_data['results'][0]}</arg>
<arg>${key}</arg>
<doc>Fails if ``key`` is not found from ``dictionary``.</doc>
<status status="PASS" start="2024-06-04T08:18:44.093713" elapsed="0.000521"/>
</kw>
<kw name="Log" owner="BuiltIn">
<msg time="2024-06-04T08:18:44.094893" level="INFO">{'gender': 'male', 'name': {'title': 'Mr', 'first': 'Kaya', 'last': 'Gümüşpala'}, 'location': {'street': {'number': 4897, 'name': 'Şehitler Cd'}, 'city': 'Çanakkale', 'state': 'Aydın', 'country': 'Turkey', 'postcode': 51944, 'coordinates': {'latitude': '69.0171', 'longitude': '-134.0609'}, 'timezone': {'offset': '+5:00', 'description': 'Ekaterinburg, Islamabad, Karachi, Tashkent'}}, 'email': 'kaya.gumuspala@example.com', 'login': {'uuid': '96a75317-a3b9-4852-87b3-9c96868fb565', 'username': 'sadduck622', 'password': 'hockey', 'salt': 'QpTLGwhG', 'md5': '3d209668b52a49f76daa1d6b874d7309', 'sha1': '7ebcee7528683c7de9451079326ab45b53cc948f', 'sha256': 'b9031d0b18e44a2dc6331b5ab9d2e17362e29159d4ea97c9d191fd69ba7d18c6'}, 'dob': {'date': '1990-06-06T16:16:32.193Z', 'age': 33}, 'registered': {'date': '2014-06-14T14:10:42.326Z', 'age': 9}, 'phone': '(545)-973-4348', 'cell': '(795)-908-9678', 'id': {'name': '', 'value': None}, 'picture': {'large': 'https://randomuser.me/api/portraits/men/39.jpg', 'medium': 'https://randomuser.me/api/portraits/med/men/39.jpg', 'thumbnail': 'https://randomuser.me/api/portraits/thumb/men/39.jpg'}, 'nat': 'TR'}</msg>
<arg>${json_data['results'][0]}</arg>
<doc>Logs the given message with the given level.</doc>
<status status="PASS" start="2024-06-04T08:18:44.094532" elapsed="0.000413"/>
</kw>
<kw name="Log" owner="BuiltIn">
<msg time="2024-06-04T08:18:44.095408" level="INFO">email</msg>
<arg>${key}</arg>
<doc>Logs the given message with the given level.</doc>
<status status="PASS" start="2024-06-04T08:18:44.095276" elapsed="0.000169"/>
</kw>
<var name="${key}">email</var>
<status status="PASS" start="2024-06-04T08:18:44.093601" elapsed="0.002062"/>
</iter>
<iter>
<kw name="Dictionary Should Contain Key" owner="Collections">
<msg time="2024-06-04T08:18:44.096335" level="INFO">False</msg>
<arg>${json_data['results'][0]}</arg>
<arg>${key}</arg>
<doc>Fails if ``key`` is not found from ``dictionary``.</doc>
<status status="PASS" start="2024-06-04T08:18:44.095954" elapsed="0.000419"/>
</kw>
<kw name="Log" owner="BuiltIn">
<msg time="2024-06-04T08:18:44.097022" level="INFO">{'gender': 'male', 'name': {'title': 'Mr', 'first': 'Kaya', 'last': 'Gümüşpala'}, 'location': {'street': {'number': 4897, 'name': 'Şehitler Cd'}, 'city': 'Çanakkale', 'state': 'Aydın', 'country': 'Turkey', 'postcode': 51944, 'coordinates': {'latitude': '69.0171', 'longitude': '-134.0609'}, 'timezone': {'offset': '+5:00', 'description': 'Ekaterinburg, Islamabad, Karachi, Tashkent'}}, 'email': 'kaya.gumuspala@example.com', 'login': {'uuid': '96a75317-a3b9-4852-87b3-9c96868fb565', 'username': 'sadduck622', 'password': 'hockey', 'salt': 'QpTLGwhG', 'md5': '3d209668b52a49f76daa1d6b874d7309', 'sha1': '7ebcee7528683c7de9451079326ab45b53cc948f', 'sha256': 'b9031d0b18e44a2dc6331b5ab9d2e17362e29159d4ea97c9d191fd69ba7d18c6'}, 'dob': {'date': '1990-06-06T16:16:32.193Z', 'age': 33}, 'registered': {'date': '2014-06-14T14:10:42.326Z', 'age': 9}, 'phone': '(545)-973-4348', 'cell': '(795)-908-9678', 'id': {'name': '', 'value': None}, 'picture': {'large': 'https://randomuser.me/api/portraits/men/39.jpg', 'medium': 'https://randomuser.me/api/portraits/med/men/39.jpg', 'thumbnail': 'https://randomuser.me/api/portraits/thumb/men/39.jpg'}, 'nat': 'TR'}</msg>
<arg>${json_data['results'][0]}</arg>
<doc>Logs the given message with the given level.</doc>
<status status="PASS" start="2024-06-04T08:18:44.096666" elapsed="0.000417"/>
</kw>
<kw name="Log" owner="BuiltIn">
<msg time="2024-06-04T08:18:44.097503" level="INFO">login</msg>
<arg>${key}</arg>
<doc>Logs the given message with the given level.</doc>
<status status="PASS" start="2024-06-04T08:18:44.097376" elapsed="0.000165"/>
</kw>
<var name="${key}">login</var>
<status status="PASS" start="2024-06-04T08:18:44.095841" elapsed="0.001938"/>
</iter>
<var>${key}</var>
<value>@{expected_keys}</value>
<status status="PASS" start="2024-06-04T08:18:44.086886" elapsed="0.011021"/>
</for>
<kw name="Create List" owner="BuiltIn">
<msg time="2024-06-04T08:18:44.098241" level="INFO">${expected_keysTwo} = ['username', 'password']</msg>
<var>${expected_keysTwo}</var>
<arg>username</arg>
<arg>password</arg>
<doc>Returns a list containing given items.</doc>
<status status="PASS" start="2024-06-04T08:18:44.098104" elapsed="0.000161"/>
</kw>
<for flavor="IN">
<iter>
<kw name="Dictionary Should Contain Key" owner="Collections">
<msg time="2024-06-04T08:18:44.099187" level="INFO">False</msg>
<arg>${json_data['results'][0]['login']}</arg>
<arg>${keyTwo}</arg>
<doc>Fails if ``key`` is not found from ``dictionary``.</doc>
<status status="PASS" start="2024-06-04T08:18:44.098766" elapsed="0.000459"/>
</kw>
<kw name="Dictionary Should Contain Key" owner="Collections">
<msg time="2024-06-04T08:18:44.099896" level="INFO">False</msg>
<arg>${json_data['results'][0]['login']}</arg>
<arg>${keyTwo}</arg>
<doc>Fails if ``key`` is not found from ``dictionary``.</doc>
<status status="PASS" start="2024-06-04T08:18:44.099520" elapsed="0.000414"/>
</kw>
<kw name="Log" owner="BuiltIn">
<msg time="2024-06-04T08:18:44.100357" level="INFO">username</msg>
<arg>${keyTwo}</arg>
<doc>Logs the given message with the given level.</doc>
<status status="PASS" start="2024-06-04T08:18:44.100226" elapsed="0.000169"/>
</kw>
<var name="${keyTwo}">username</var>
<status status="PASS" start="2024-06-04T08:18:44.098656" elapsed="0.001956"/>
</iter>
<iter>
<kw name="Dictionary Should Contain Key" owner="Collections">
<msg time="2024-06-04T08:18:44.101273" level="INFO">False</msg>
<arg>${json_data['results'][0]['login']}</arg>
<arg>${keyTwo}</arg>
<doc>Fails if ``key`` is not found from ``dictionary``.</doc>
<status status="PASS" start="2024-06-04T08:18:44.100894" elapsed="0.000417"/>
</kw>
<kw name="Dictionary Should Contain Key" owner="Collections">
<msg time="2024-06-04T08:18:44.101984" level="INFO">False</msg>
<arg>${json_data['results'][0]['login']}</arg>
<arg>${keyTwo}</arg>
<doc>Fails if ``key`` is not found from ``dictionary``.</doc>
<status status="PASS" start="2024-06-04T08:18:44.101604" elapsed="0.000418"/>
</kw>
<kw name="Log" owner="BuiltIn">
<msg time="2024-06-04T08:18:44.102439" level="INFO">password</msg>
<arg>${keyTwo}</arg>
<doc>Logs the given message with the given level.</doc>
<status status="PASS" start="2024-06-04T08:18:44.102312" elapsed="0.000164"/>
</kw>
<var name="${keyTwo}">password</var>
<status status="PASS" start="2024-06-04T08:18:44.100785" elapsed="0.001904"/>
</iter>
<var>${keyTwo}</var>
<value>@{expected_keysTwo}</value>
<status status="PASS" start="2024-06-04T08:18:44.098504" elapsed="0.004303"/>
</for>
<status status="PASS" start="2024-06-04T08:18:43.988816" elapsed="0.114126"/>
</kw>
<doc>Testa a estrutura da resposta da API.</doc>
<tag>testeEstruturaResposta</tag>
<status status="PASS" start="2024-06-04T08:18:43.988045" elapsed="0.115065"/>
</test>
<test id="s1-s1-t4" name="Validar tipos de dados" line="28">
<kw name="Teste de Tipos de Dados" owner="random-user-service">
<kw name="GET On Session" owner="RequestsLibrary">
<msg time="2024-06-04T08:18:44.180533" level="INFO">GET Request : url=https://randomuser.me/api 
 path_url=/api 
 headers={'User-Agent': 'python-requests/2.32.3', 'Accept-Encoding': 'gzip, deflate', 'Accept': '*/*', 'Connection': 'keep-alive'} 
 body=None 
 </msg>
<msg time="2024-06-04T08:18:44.180608" level="INFO">GET Response : url=https://randomuser.me/api 
 status=200, reason=OK 
 headers={'Date': 'Tue, 04 Jun 2024 08:18:44 GMT', 'Content-Type': 'application/json; charset=utf-8', 'Transfer-Encoding': 'chunked', 'Connection': 'keep-alive', 'X-Powered-By': 'Express', 'Access-Control-Allow-Origin': '*', 'Cache-Control': 'no-cache', 'ETag': 'W/"494-Ts9VLZGgGcyp9qiKP3J2SJjNrl0"', 'Vary': 'Accept-Encoding', 'Content-Encoding': 'gzip', 'CF-Cache-Status': 'DYNAMIC', 'Report-To': '{"endpoints":[{"url":"https:\\/\\/a.nel.cloudflare.com\\/report\\/v4?s=3Ec%2B2YnZ6IrMYIdOaNyTX2%2FgpvcH7WOq%2FQIM2Jg%2BjSTmAje%2F2vNkc5plPgE%2Bt2D3ihQo9KIXCclGFLxN5a6Cdv19IuD%2FJzJ0I2YNSxrZDshKr%2FKvkiIvBl3XixxtbMu2"}],"group":"cf-nel","max_age":604800}', 'NEL': '{"success_fraction":0,"report_to":"cf-nel","max_age":604800}', 'Server': 'cloudflare', 'CF-RAY': '88e67e71abc9093d-IAD', 'alt-svc': 'h3=":443"; ma=86400'} 
 body={"results":[{"gender":"male","name":{"title":"Mr","first":"Ekapad","last":"Nagane"},"location":{"street":{"number":2557,"name":"Sitabuldi Main Rd"},"city":"Dhanbad","state":"Andhra Pradesh","country":"India","postcode":21354,"coordinates":{"latitude":"9.8329","longitude":"-66.0013"},"timezone":{"offset":"+3:00","description":"Baghdad, Riyadh, Moscow, St. Petersburg"}},"email":"ekapad.nagane@example.com","login":{"uuid":"5884e402-5272-4658-ad2f-21d15d543dde","username":"bluewolf233","password":"soccer10","salt":"whChzuIy","md5":"a42ab930521a3f740eb82da9330981cd","sha1":"510f95394c1d52f7b7a4287e01d2cf3b0736019a","sha256":"b2cfa96d6cfffe0f7433d3f703dbe01ea1ed2c0741027b044f48582a0e93e74e"},"dob":{"date":"1950-02-06T20:54:06.577Z","age":74},"registered":{"date":"2019-02-12T10:32:58.884Z","age":5},"phone":"8832188997","cell":"9656268301","id":{"name":"UIDAI","value":"938461958735"},"picture":{"large":"https://randomuser.me/api/portraits/men/12.jpg","medium":"https://randomuser.me/api/portraits/med/men/12.jpg","thumbnail":"https://randomuser.me/api/portraits/thumb/men/12.jpg"},"nat":"IN"}],"info":{"seed":"43b4c4ee7d1beb53","results":1,"page":1,"version":"1.4"}} 
 </msg>
<msg time="2024-06-04T08:18:44.180672" level="INFO">/opt/hostedtoolcache/Python/3.12.3/x64/lib/python3.12/site-packages/urllib3/connectionpool.py:1103: InsecureRequestWarning: Unverified HTTPS request is being made to host 'randomuser.me'. Adding certificate verification is strongly advised. See: https://urllib3.readthedocs.io/en/latest/advanced-usage.html#tls-warnings
  warnings.warn(</msg>
<msg time="2024-06-04T08:18:44.180774" level="INFO">${response} = &lt;Response [200]&gt;</msg>
<var>${response}</var>
<arg>consultarAPI</arg>
<arg>/api</arg>
<doc>Sends a GET request on a previously created HTTP Session.</doc>
<status status="PASS" start="2024-06-04T08:18:44.105606" elapsed="0.075218"/>
</kw>
<kw name="Set Variable" owner="BuiltIn">
<msg time="2024-06-04T08:18:44.181858" level="INFO">${json_data} = {'results': [{'gender': 'male', 'name': {'title': 'Mr', 'first': 'Ekapad', 'last': 'Nagane'}, 'location': {'street': {'number': 2557, 'name': 'Sitabuldi Main Rd'}, 'city': 'Dhanbad', 'state': 'Andhra ...</msg>
<var>${json_data}</var>
<arg>${response.json()}</arg>
<doc>Returns the given values which can then be assigned to a variables.</doc>
<status status="PASS" start="2024-06-04T08:18:44.181319" elapsed="0.000579"/>
</kw>
<kw name="Log" owner="BuiltIn">
<msg time="2024-06-04T08:18:44.182369" level="INFO">{'results': [{'gender': 'male', 'name': {'title': 'Mr', 'first': 'Ekapad', 'last': 'Nagane'}, 'location': {'street': {'number': 2557, 'name': 'Sitabuldi Main Rd'}, 'city': 'Dhanbad', 'state': 'Andhra Pradesh', 'country': 'India', 'postcode': 21354, 'coordinates': {'latitude': '9.8329', 'longitude': '-66.0013'}, 'timezone': {'offset': '+3:00', 'description': 'Baghdad, Riyadh, Moscow, St. Petersburg'}}, 'email': 'ekapad.nagane@example.com', 'login': {'uuid': '5884e402-5272-4658-ad2f-21d15d543dde', 'username': 'bluewolf233', 'password': 'soccer10', 'salt': 'whChzuIy', 'md5': 'a42ab930521a3f740eb82da9330981cd', 'sha1': '510f95394c1d52f7b7a4287e01d2cf3b0736019a', 'sha256': 'b2cfa96d6cfffe0f7433d3f703dbe01ea1ed2c0741027b044f48582a0e93e74e'}, 'dob': {'date': '1950-02-06T20:54:06.577Z', 'age': 74}, 'registered': {'date': '2019-02-12T10:32:58.884Z', 'age': 5}, 'phone': '8832188997', 'cell': '9656268301', 'id': {'name': 'UIDAI', 'value': '938461958735'}, 'picture': {'large': 'https://randomuser.me/api/portraits/men/12.jpg', 'medium': 'https://randomuser.me/api/portraits/med/men/12.jpg', 'thumbnail': 'https://randomuser.me/api/portraits/thumb/men/12.jpg'}, 'nat': 'IN'}], 'info': {'seed': '43b4c4ee7d1beb53', 'results': 1, 'page': 1, 'version': '1.4'}}</msg>
<arg>${json_data}</arg>
<doc>Logs the given message with the given level.</doc>
<status status="PASS" start="2024-06-04T08:18:44.182217" elapsed="0.000242"/>
</kw>
<kw name="Should Be String" owner="String">
<arg>${json_data['results'][0]['gender']}</arg>
<doc>Fails if the given ``item`` is not a string.</doc>
<status status="PASS" start="2024-06-04T08:18:44.182758" elapsed="0.000404"/>
</kw>
<kw name="Should Match Regexp" owner="BuiltIn">
<arg>${json_data['results'][0]['email']}</arg>
<arg>^[a-zA-Z0-9._%+-]+@[a-zA-Z0-9.-]+\.[a-zA-Z]{2,}$</arg>
<doc>Fails if ``string`` does not match ``pattern`` as a regular expression.</doc>
<status status="PASS" start="2024-06-04T08:18:44.183365" elapsed="0.000645"/>
</kw>
<kw name="Should Match Regexp" owner="BuiltIn">
<arg>${json_data['results'][0]['dob']['date']}</arg>
<arg>\\d{4}-\\d{2}-\\d{2}T\\d{2}:\\d{2}:\\d{2}\\.\\d{3}Z</arg>
<doc>Fails if ``string`` does not match ``pattern`` as a regular expression.</doc>
<status status="PASS" start="2024-06-04T08:18:44.184215" elapsed="0.000482"/>
</kw>
<kw name="Should Match Regexp" owner="BuiltIn">
<arg>${json_data['results'][0]['registered']['date']}</arg>
<arg>\\d{4}-\\d{2}-\\d{2}T\\d{2}:\\d{2}:\\d{2}\\.\\d{3}Z</arg>
<doc>Fails if ``string`` does not match ``pattern`` as a regular expression.</doc>
<status status="PASS" start="2024-06-04T08:18:44.184892" elapsed="0.000361"/>
</kw>
<kw name="Should Match Regexp" owner="BuiltIn">
<arg>${json_data['results'][0]['picture']['large']}</arg>
<arg>^https?://.*\.(?:png|jpe?g|gif|bmp)$</arg>
<doc>Fails if ``string`` does not match ``pattern`` as a regular expression.</doc>
<status status="PASS" start="2024-06-04T08:18:44.185442" elapsed="0.000453"/>
</kw>
<kw name="Should Match Regexp" owner="BuiltIn">
<arg>${json_data['results'][0]['picture']['medium']}</arg>
<arg>^https?://.*\.(?:png|jpe?g|gif|bmp)$</arg>
<doc>Fails if ``string`` does not match ``pattern`` as a regular expression.</doc>
<status status="PASS" start="2024-06-04T08:18:44.186086" elapsed="0.000348"/>
</kw>
<kw name="Should Match Regexp" owner="BuiltIn">
<arg>${json_data['results'][0]['picture']['thumbnail']}</arg>
<arg>^https?://.*\.(?:png|jpe?g|gif|bmp)$</arg>
<doc>Fails if ``string`` does not match ``pattern`` as a regular expression.</doc>
<status status="PASS" start="2024-06-04T08:18:44.186624" elapsed="0.000348"/>
</kw>
<kw name="Log" owner="BuiltIn">
<msg time="2024-06-04T08:18:44.187503" level="INFO">{'large': 'https://randomuser.me/api/portraits/men/12.jpg', 'medium': 'https://randomuser.me/api/portraits/med/men/12.jpg', 'thumbnail': 'https://randomuser.me/api/portraits/thumb/men/12.jpg'}</msg>
<arg>${json_data['results'][0]['picture']}</arg>
<doc>Logs the given message with the given level.</doc>
<status status="PASS" start="2024-06-04T08:18:44.187181" elapsed="0.000364"/>
</kw>
<status status="PASS" start="2024-06-04T08:18:44.105375" elapsed="0.082422"/>
</kw>
<kw name="Teste de Tipos de Dados - Postcode" owner="random-user-service">
<kw name="GET On Session" owner="RequestsLibrary">
<msg time="2024-06-04T08:18:44.279759" level="INFO">GET Request : url=https://randomuser.me/api 
 path_url=/api 
 headers={'User-Agent': 'python-requests/2.32.3', 'Accept-Encoding': 'gzip, deflate', 'Accept': '*/*', 'Connection': 'keep-alive'} 
 body=None 
 </msg>
<msg time="2024-06-04T08:18:44.279838" level="INFO">GET Response : url=https://randomuser.me/api 
 status=200, reason=OK 
 headers={'Date': 'Tue, 04 Jun 2024 08:18:44 GMT', 'Content-Type': 'application/json; charset=utf-8', 'Transfer-Encoding': 'chunked', 'Connection': 'keep-alive', 'X-Powered-By': 'Express', 'Access-Control-Allow-Origin': '*', 'Cache-Control': 'no-cache', 'ETag': 'W/"475-IOzJ3Kp1hoQk3R10uWPFA5qaIcw"', 'Vary': 'Accept-Encoding', 'Content-Encoding': 'gzip', 'CF-Cache-Status': 'DYNAMIC', 'Report-To': '{"endpoints":[{"url":"https:\\/\\/a.nel.cloudflare.com\\/report\\/v4?s=ttG%2BLpa4L9rRBgMXjCJ0Naow7jga76RAE0HLnFXQKLOAxGb8LKEJnTmR%2BZclPE6KaL2LtwJdNqBUMMG7ip4lUDuxy5aan6AtBr7Mihlu%2BGPgdFM8dXCqw53Vv8XH9yvJ"}],"group":"cf-nel","max_age":604800}', 'NEL': '{"success_fraction":0,"report_to":"cf-nel","max_age":604800}', 'Server': 'cloudflare', 'CF-RAY': '88e67e723c14093d-IAD', 'alt-svc': 'h3=":443"; ma=86400'} 
 body={"results":[{"gender":"male","name":{"title":"Mr","first":"Elijah","last":"Hayes"},"location":{"street":{"number":8455,"name":"Edwards Rd"},"city":"Cape Fear","state":"Michigan","country":"United States","postcode":77892,"coordinates":{"latitude":"89.5399","longitude":"-62.4821"},"timezone":{"offset":"+4:30","description":"Kabul"}},"email":"elijah.hayes@example.com","login":{"uuid":"46ad326c-27e9-4229-bd5e-e0822263b55b","username":"goldenwolf931","password":"spankme","salt":"lB7LkjLD","md5":"3c5c01c8b3c154c905eb15c673ff0a2d","sha1":"b1048f22c9075807057f3a5cdbd614c654c84860","sha256":"c6afc5d2b71774fe40be8992f4f3380f5bc690bbb9109e027ffb550ed292cda9"},"dob":{"date":"1947-01-12T22:34:24.473Z","age":77},"registered":{"date":"2013-04-29T07:54:30.901Z","age":11},"phone":"(313) 373-3756","cell":"(600) 792-6060","id":{"name":"SSN","value":"275-35-6463"},"picture":{"large":"https://randomuser.me/api/portraits/men/16.jpg","medium":"https://randomuser.me/api/portraits/med/men/16.jpg","thumbnail":"https://randomuser.me/api/portraits/thumb/men/16.jpg"},"nat":"US"}],"info":{"seed":"cff3c0688b5f7023","results":1,"page":1,"version":"1.4"}} 
 </msg>
<msg time="2024-06-04T08:18:44.279903" level="INFO">/opt/hostedtoolcache/Python/3.12.3/x64/lib/python3.12/site-packages/urllib3/connectionpool.py:1103: InsecureRequestWarning: Unverified HTTPS request is being made to host 'randomuser.me'. Adding certificate verification is strongly advised. See: https://urllib3.readthedocs.io/en/latest/advanced-usage.html#tls-warnings
  warnings.warn(</msg>
<msg time="2024-06-04T08:18:44.280015" level="INFO">${response} = &lt;Response [200]&gt;</msg>
<var>${response}</var>
<arg>consultarAPI</arg>
<arg>/api</arg>
<doc>Sends a GET request on a previously created HTTP Session.</doc>
<status status="PASS" start="2024-06-04T08:18:44.188218" elapsed="0.091849"/>
</kw>
<kw name="Set Variable" owner="BuiltIn">
<msg time="2024-06-04T08:18:44.281108" level="INFO">${json_data} = {'results': [{'gender': 'male', 'name': {'title': 'Mr', 'first': 'Elijah', 'last': 'Hayes'}, 'location': {'street': {'number': 8455, 'name': 'Edwards Rd'}, 'city': 'Cape Fear', 'state': 'Michigan', 'c...</msg>
<var>${json_data}</var>
<arg>${response.json()}</arg>
<doc>Returns the given values which can then be assigned to a variables.</doc>
<status status="PASS" start="2024-06-04T08:18:44.280566" elapsed="0.000570"/>
</kw>
<kw name="Log" owner="BuiltIn">
<msg time="2024-06-04T08:18:44.281592" level="INFO">{'results': [{'gender': 'male', 'name': {'title': 'Mr', 'first': 'Elijah', 'last': 'Hayes'}, 'location': {'street': {'number': 8455, 'name': 'Edwards Rd'}, 'city': 'Cape Fear', 'state': 'Michigan', 'country': 'United States', 'postcode': 77892, 'coordinates': {'latitude': '89.5399', 'longitude': '-62.4821'}, 'timezone': {'offset': '+4:30', 'description': 'Kabul'}}, 'email': 'elijah.hayes@example.com', 'login': {'uuid': '46ad326c-27e9-4229-bd5e-e0822263b55b', 'username': 'goldenwolf931', 'password': 'spankme', 'salt': 'lB7LkjLD', 'md5': '3c5c01c8b3c154c905eb15c673ff0a2d', 'sha1': 'b1048f22c9075807057f3a5cdbd614c654c84860', 'sha256': 'c6afc5d2b71774fe40be8992f4f3380f5bc690bbb9109e027ffb550ed292cda9'}, 'dob': {'date': '1947-01-12T22:34:24.473Z', 'age': 77}, 'registered': {'date': '2013-04-29T07:54:30.901Z', 'age': 11}, 'phone': '(313) 373-3756', 'cell': '(600) 792-6060', 'id': {'name': 'SSN', 'value': '275-35-6463'}, 'picture': {'large': 'https://randomuser.me/api/portraits/men/16.jpg', 'medium': 'https://randomuser.me/api/portraits/med/men/16.jpg', 'thumbnail': 'https://randomuser.me/api/portraits/thumb/men/16.jpg'}, 'nat': 'US'}], 'info': {'seed': 'cff3c0688b5f7023', 'results': 1, 'page': 1, 'version': '1.4'}}</msg>
<arg>${json_data}</arg>
<doc>Logs the given message with the given level.</doc>
<status status="PASS" start="2024-06-04T08:18:44.281441" elapsed="0.000229"/>
</kw>
<kw name="Should Be Equal As Numbers" owner="BuiltIn">
<arg>${json_data['results'][0]['location']['postcode']}</arg>
<arg>${json_data['results'][0]['location']['postcode']}</arg>
<doc>Fails if objects are unequal after converting them to real numbers.</doc>
<status status="PASS" start="2024-06-04T08:18:44.281967" elapsed="0.000615"/>
</kw>
<kw name="Log" owner="BuiltIn">
<msg time="2024-06-04T08:18:44.283171" level="INFO">77892</msg>
<arg>${json_data['results'][0]['location']['postcode']}</arg>
<doc>Logs the given message with the given level.</doc>
<status status="PASS" start="2024-06-04T08:18:44.282785" elapsed="0.000427"/>
</kw>
<status status="PASS" start="2024-06-04T08:18:44.188005" elapsed="0.095459"/>
</kw>
<doc>Testa se os tipos de dados na resposta da API estão corretos.</doc>
<tag>testeTiposDados</tag>
<status status="PASS" start="2024-06-04T08:18:44.104840" elapsed="0.178781"/>
</test>
<test id="s1-s1-t5" name="Validar conteudo" line="35">
<kw name="Teste de Tipos de Conteudo" owner="random-user-service">
<kw name="GET On Session" owner="RequestsLibrary">
<msg time="2024-06-04T08:18:44.380638" level="INFO">GET Request : url=https://randomuser.me/api 
 path_url=/api 
 headers={'User-Agent': 'python-requests/2.32.3', 'Accept-Encoding': 'gzip, deflate', 'Accept': '*/*', 'Connection': 'keep-alive'} 
 body=None 
 </msg>
<msg time="2024-06-04T08:18:44.380717" level="INFO">GET Response : url=https://randomuser.me/api 
 status=200, reason=OK 
 headers={'Date': 'Tue, 04 Jun 2024 08:18:44 GMT', 'Content-Type': 'application/json; charset=utf-8', 'Transfer-Encoding': 'chunked', 'Connection': 'keep-alive', 'X-Powered-By': 'Express', 'Access-Control-Allow-Origin': '*', 'Cache-Control': 'no-cache', 'ETag': 'W/"479-OPCef2otIZGTbrwpx7CDyULoqZo"', 'Vary': 'Accept-Encoding', 'Content-Encoding': 'gzip', 'CF-Cache-Status': 'DYNAMIC', 'Report-To': '{"endpoints":[{"url":"https:\\/\\/a.nel.cloudflare.com\\/report\\/v4?s=HcJJ%2F%2BWjHzEU1OYzuMzcXJ14JapWS5fFyKrDBr0zkQ7g27mjV4enAw6w2PR6GBwPx7sZSNT88YtFkHcVKU76vm8L4THfo%2BdKBKr%2FhNjdeivkpcjQML5R%2B%2FPmZOA%2FEg1o"}],"group":"cf-nel","max_age":604800}', 'NEL': '{"success_fraction":0,"report_to":"cf-nel","max_age":604800}', 'Server': 'cloudflare', 'CF-RAY': '88e67e72cc5e093d-IAD', 'alt-svc': 'h3=":443"; ma=86400'} 
 body={"results":[{"gender":"female","name":{"title":"Miss","first":"Caroline","last":"Nielsen"},"location":{"street":{"number":4009,"name":"Kirsebærhaven"},"city":"Askeby","state":"Midtjylland","country":"Denmark","postcode":95516,"coordinates":{"latitude":"-43.0151","longitude":"146.6108"},"timezone":{"offset":"+3:30","description":"Tehran"}},"email":"caroline.nielsen@example.com","login":{"uuid":"2a096617-f803-49fb-8611-7eeed0ace27c","username":"bigladybug895","password":"answer","salt":"FcmK7Tpy","md5":"d91a2da005a676529b78fd32059f6ebd","sha1":"3e39ead10928a1a1694def7c495851edb0c81d10","sha256":"65bd8aa82238d1d1bdf8977d99a20ef0811ad9b6fdb6ac2a0af7657b35a995cb"},"dob":{"date":"1995-02-21T03:32:01.648Z","age":29},"registered":{"date":"2020-04-20T12:52:35.105Z","age":4},"phone":"06891475","cell":"28671899","id":{"name":"CPR","value":"200295-6927"},"picture":{"large":"https://randomuser.me/api/portraits/women/84.jpg","medium":"https://randomuser.me/api/portraits/med/women/84.jpg","thumbnail":"https://randomuser.me/api/portraits/thumb/women/84.jpg"},"nat":"DK"}],"info":{"seed":"31046aa8746e5e8f","results":1,"page":1,"version":"1.4"}} 
 </msg>
<msg time="2024-06-04T08:18:44.380787" level="INFO">/opt/hostedtoolcache/Python/3.12.3/x64/lib/python3.12/site-packages/urllib3/connectionpool.py:1103: InsecureRequestWarning: Unverified HTTPS request is being made to host 'randomuser.me'. Adding certificate verification is strongly advised. See: https://urllib3.readthedocs.io/en/latest/advanced-usage.html#tls-warnings
  warnings.warn(</msg>
<msg time="2024-06-04T08:18:44.380904" level="INFO">${response} = &lt;Response [200]&gt;</msg>
<var>${response}</var>
<arg>consultarAPI</arg>
<arg>/api</arg>
<doc>Sends a GET request on a previously created HTTP Session.</doc>
<status status="PASS" start="2024-06-04T08:18:44.286071" elapsed="0.094883"/>
</kw>
<kw name="Set Variable" owner="BuiltIn">
<msg time="2024-06-04T08:18:44.382056" level="INFO">${json_data} = {'results': [{'gender': 'female', 'name': {'title': 'Miss', 'first': 'Caroline', 'last': 'Nielsen'}, 'location': {'street': {'number': 4009, 'name': 'Kirsebærhaven'}, 'city': 'Askeby', 'state': 'Midtj...</msg>
<var>${json_data}</var>
<arg>${response.json()}</arg>
<doc>Returns the given values which can then be assigned to a variables.</doc>
<status status="PASS" start="2024-06-04T08:18:44.381502" elapsed="0.000584"/>
</kw>
<kw name="Set Variable" owner="BuiltIn">
<msg time="2024-06-04T08:18:44.382773" level="INFO">${name_title} = Miss</msg>
<var>${name_title}</var>
<arg>${json_data["results"][0]["name"]["title"]}</arg>
<doc>Returns the given values which can then be assigned to a variables.</doc>
<status status="PASS" start="2024-06-04T08:18:44.382391" elapsed="0.000408"/>
</kw>
<kw name="Create List" owner="BuiltIn">
<msg time="2024-06-04T08:18:44.383290" level="INFO">${allowed_titles} = ['Mr', 'Ms', 'Miss', 'Mrs', 'Madame', 'Monsieur']</msg>
<var>${allowed_titles}</var>
<arg>Mr</arg>
<arg>Ms</arg>
<arg>Miss</arg>
<arg>Mrs</arg>
<arg>Madame</arg>
<arg>Monsieur</arg>
<doc>Returns a list containing given items.</doc>
<status status="PASS" start="2024-06-04T08:18:44.383139" elapsed="0.000176"/>
</kw>
<kw name="List Should Contain Value" owner="Collections">
<msg time="2024-06-04T08:18:44.383799" level="INFO">False</msg>
<arg>${allowed_titles}</arg>
<arg>${name_title}</arg>
<doc>Fails if the ``value`` is not found from ``list``.</doc>
<status status="PASS" start="2024-06-04T08:18:44.383617" elapsed="0.000217"/>
</kw>
<kw name="Set Variable" owner="BuiltIn">
<msg time="2024-06-04T08:18:44.384638" level="INFO">${name_country} = DK</msg>
<var>${name_country}</var>
<arg>${json_data["results"][0]["nat"]}</arg>
<doc>Returns the given values which can then be assigned to a variables.</doc>
<status status="PASS" start="2024-06-04T08:18:44.384125" elapsed="0.000538"/>
</kw>
<kw name="Create List" owner="BuiltIn">
<msg time="2024-06-04T08:18:44.385563" level="INFO">${list_country} = ['AD', 'AE', 'AF', 'AG', 'AI', 'AL', 'AM', 'AO', 'AQ', 'AR', 'AS', 'AT', 'AU', 'AW', 'AX', 'AZ', 'BA', 'BB', 'BD', 'BE', 'BF', 'BG', 'BH', 'BI', 'BJ', 'BL', 'BM', 'BN', 'BO', 'BQ', 'BR', 'BS', 'BT', '...</msg>
<var>${list_country}</var>
<arg>AD</arg>
<arg>AE</arg>
<arg>AF</arg>
<arg>AG</arg>
<arg>AI</arg>
<arg>AL</arg>
<arg>AM</arg>
<arg>AO</arg>
<arg>AQ</arg>
<arg>AR</arg>
<arg>AS</arg>
<arg>AT</arg>
<arg>AU</arg>
<arg>AW</arg>
<arg>AX</arg>
<arg>AZ</arg>
<arg>BA</arg>
<arg>BB</arg>
<arg>BD</arg>
<arg>BE</arg>
<arg>BF</arg>
<arg>BG</arg>
<arg>BH</arg>
<arg>BI</arg>
<arg>BJ</arg>
<arg>BL</arg>
<arg>BM</arg>
<arg>BN</arg>
<arg>BO</arg>
<arg>BQ</arg>
<arg>BR</arg>
<arg>BS</arg>
<arg>BT</arg>
<arg>BV</arg>
<arg>BW</arg>
<arg>BY</arg>
<arg>BZ</arg>
<arg>CA</arg>
<arg>CC</arg>
<arg>CD</arg>
<arg>CF</arg>
<arg>CG</arg>
<arg>CH</arg>
<arg>CI</arg>
<arg>CK</arg>
<arg>CL</arg>
<arg>CM</arg>
<arg>CN</arg>
<arg>CO</arg>
<arg>CR</arg>
<arg>CU</arg>
<arg>CV</arg>
<arg>CW</arg>
<arg>CX</arg>
<arg>CY</arg>
<arg>CZ</arg>
<arg>DE</arg>
<arg>DJ</arg>
<arg>DK</arg>
<arg>DM</arg>
<arg>DO</arg>
<arg>DZ</arg>
<arg>EC</arg>
<arg>EE</arg>
<arg>EG</arg>
<arg>EH</arg>
<arg>ER</arg>
<arg>ES</arg>
<arg>ET</arg>
<arg>FI</arg>
<arg>FJ</arg>
<arg>FK</arg>
<arg>FM</arg>
<arg>FO</arg>
<arg>FR</arg>
<arg>GA</arg>
<arg>GB</arg>
<arg>GD</arg>
<arg>GE</arg>
<arg>GF</arg>
<arg>GG</arg>
<arg>GH</arg>
<arg>GI</arg>
<arg>GL</arg>
<arg>GM</arg>
<arg>GN</arg>
<arg>GP</arg>
<arg>GQ</arg>
<arg>GR</arg>
<arg>GS</arg>
<arg>GT</arg>
<arg>GU</arg>
<arg>GW</arg>
<arg>GY</arg>
<arg>HK</arg>
<arg>HM</arg>
<arg>HN</arg>
<arg>HR</arg>
<arg>HT</arg>
<arg>HU</arg>
<arg>ID</arg>
<arg>IE</arg>
<arg>IL</arg>
<arg>IM</arg>
<arg>IN</arg>
<arg>IO</arg>
<arg>IQ</arg>
<arg>IR</arg>
<arg>IS</arg>
<arg>IT</arg>
<arg>JE</arg>
<arg>JM</arg>
<arg>JO</arg>
<arg>JP</arg>
<arg>KE</arg>
<arg>KG</arg>
<arg>KH</arg>
<arg>KI</arg>
<arg>KM</arg>
<arg>KN</arg>
<arg>KP</arg>
<arg>KR</arg>
<arg>KW</arg>
<arg>KY</arg>
<arg>KZ</arg>
<arg>LA</arg>
<arg>LB</arg>
<arg>LC</arg>
<arg>LI</arg>
<arg>LK</arg>
<arg>LR</arg>
<arg>LS</arg>
<arg>LT</arg>
<arg>LU</arg>
<arg>LV</arg>
<arg>LY</arg>
<arg>MA</arg>
<arg>MC</arg>
<arg>MD</arg>
<arg>ME</arg>
<arg>MF</arg>
<arg>MG</arg>
<arg>MH</arg>
<arg>MK</arg>
<arg>ML</arg>
<arg>MM</arg>
<arg>MN</arg>
<arg>MO</arg>
<arg>MP</arg>
<arg>MQ</arg>
<arg>MR</arg>
<arg>MS</arg>
<arg>MT</arg>
<arg>MU</arg>
<arg>MV</arg>
<arg>MW</arg>
<arg>MX</arg>
<arg>MY</arg>
<arg>MZ</arg>
<arg>NA</arg>
<arg>NC</arg>
<arg>NE</arg>
<arg>NF</arg>
<arg>NG</arg>
<arg>NI</arg>
<arg>NL</arg>
<arg>NO</arg>
<arg>NP</arg>
<arg>NR</arg>
<arg>NU</arg>
<arg>NZ</arg>
<arg>OM</arg>
<arg>PA</arg>
<arg>PE</arg>
<arg>PF</arg>
<arg>PG</arg>
<arg>PH</arg>
<arg>PK</arg>
<arg>PL</arg>
<arg>PM</arg>
<arg>PN</arg>
<arg>PR</arg>
<arg>PS</arg>
<arg>PT</arg>
<arg>PW</arg>
<arg>PY</arg>
<arg>QA</arg>
<arg>RE</arg>
<arg>RO</arg>
<arg>RS</arg>
<arg>RU</arg>
<arg>RW</arg>
<arg>SA</arg>
<arg>SB</arg>
<arg>SC</arg>
<arg>SD</arg>
<arg>SE</arg>
<arg>SG</arg>
<arg>SH</arg>
<arg>SI</arg>
<arg>SJ</arg>
<arg>SK</arg>
<arg>SL</arg>
<arg>SM</arg>
<arg>SN</arg>
<arg>SO</arg>
<arg>SR</arg>
<arg>SS</arg>
<arg>ST</arg>
<arg>SV</arg>
<arg>SX</arg>
<arg>SY</arg>
<arg>SZ</arg>
<arg>TC</arg>
<arg>TD</arg>
<arg>TF</arg>
<arg>TG</arg>
<arg>TH</arg>
<arg>TJ</arg>
<arg>TK</arg>
<arg>TL</arg>
<arg>TM</arg>
<arg>TN</arg>
<arg>TO</arg>
<arg>TR</arg>
<arg>TT</arg>
<arg>TV</arg>
<arg>TW</arg>
<arg>TZ</arg>
<arg>UA</arg>
<arg>UG</arg>
<arg>UM</arg>
<arg>US</arg>
<arg>UY</arg>
<arg>UZ</arg>
<arg>VA</arg>
<arg>VC</arg>
<arg>VE</arg>
<arg>VG</arg>
<arg>VI</arg>
<arg>VN</arg>
<arg>VU</arg>
<arg>WF</arg>
<arg>WS</arg>
<arg>XK</arg>
<arg>YE</arg>
<arg>YT</arg>
<arg>ZA</arg>
<arg>ZM</arg>
<arg>ZW</arg>
<doc>Returns a list containing given items.</doc>
<status status="PASS" start="2024-06-04T08:18:44.384967" elapsed="0.000621"/>
</kw>
<kw name="List Should Contain Value" owner="Collections">
<msg time="2024-06-04T08:18:44.386566" level="INFO">False</msg>
<arg>${list_country}</arg>
<arg>${name_country}</arg>
<doc>Fails if the ``value`` is not found from ``list``.</doc>
<status status="PASS" start="2024-06-04T08:18:44.386366" elapsed="0.000235"/>
</kw>
<kw name="Run Keyword If" owner="BuiltIn">
<kw name="Should Be True" owner="BuiltIn">
<arg>${True}</arg>
<doc>Fails if the given condition is not true.</doc>
<status status="PASS" start="2024-06-04T08:18:44.387698" elapsed="0.000146"/>
</kw>
<arg>${json_data["results"][0]["location"]["coordinates"]["latitude"]} &gt;= -90 and ${json_data["results"][0]["location"]["coordinates"]["latitude"]} &lt;= 90</arg>
<arg>Should Be True</arg>
<arg>${True}</arg>
<doc>Runs the given keyword with the given arguments, if ``condition`` is true.</doc>
<status status="PASS" start="2024-06-04T08:18:44.386920" elapsed="0.001050"/>
</kw>
<kw name="Run Keyword If" owner="BuiltIn">
<kw name="Should Be True" owner="BuiltIn">
<arg>${True}</arg>
<doc>Fails if the given condition is not true.</doc>
<status status="PASS" start="2024-06-04T08:18:44.388844" elapsed="0.000136"/>
</kw>
<arg>${json_data["results"][0]["location"]["coordinates"]["longitude"]} &gt;= -180 and ${json_data["results"][0]["location"]["coordinates"]["longitude"]} &lt;= 180</arg>
<arg>Should Be True</arg>
<arg>${True}</arg>
<doc>Runs the given keyword with the given arguments, if ``condition`` is true.</doc>
<status status="PASS" start="2024-06-04T08:18:44.388157" elapsed="0.000945"/>
</kw>
<status status="PASS" start="2024-06-04T08:18:44.285846" elapsed="0.103382"/>
</kw>
<doc>Testa o conteúdo específico dos campos retornados pela API.</doc>
<tag>testeConteudo</tag>
<status status="PASS" start="2024-06-04T08:18:44.285335" elapsed="0.104034"/>
</test>
<status status="PASS" start="2024-06-04T08:18:43.399504" elapsed="0.991813"/>
</suite>
<status status="PASS" start="2024-06-04T08:18:43.385289" elapsed="1.011217"/>
</suite>
<statistics>
<total>
<stat pass="5" fail="0" skip="0">All Tests</stat>
</total>
<tag>
<stat pass="1" fail="0" skip="0">testeConteudo</stat>
<stat pass="1" fail="0" skip="0">testeEstruturaResposta</stat>
<stat pass="1" fail="0" skip="0">testeRequisicaoBasica</stat>
<stat pass="1" fail="0" skip="0">testeTiposDados</stat>
</tag>
<suite>
<stat pass="5" fail="0" skip="0" id="s1" name="Tests">Tests</stat>
<stat pass="5" fail="0" skip="0" id="s1-s1" name="Random-User-Test">Tests.Random-User-Test</stat>
</suite>
</statistics>
<errors>
</errors>
</robot>
