<?xml version="1.0" encoding="UTF-8"?>
<robot generator="Robot 7.0 (Python 3.12.3 on linux)" generated="2024-05-06T05:15:30.163324" rpa="false" schemaversion="5">
<suite id="s1" name="Tests" source="/home/runner/work/DesafioQAItauRogerioJordao/DesafioQAItauRogerioJordao/RamdonUser/tests">
<suite id="s1-s1" name="Random-User-Test" source="/home/runner/work/DesafioQAItauRogerioJordao/DesafioQAItauRogerioJordao/RamdonUser/tests/random-user-test.robot">
<test id="s1-s1-t1" name="Conectar" line="13">
<kw name="Conectar API" owner="random-user-service">
<kw name="Create Session" owner="RequestsLibrary">
<msg time="2024-05-06T05:15:30.539940" level="INFO">Creating Session using : alias=consultarAPI, url=https://randomuser.me/, headers={},                     cookies={}, auth=None, timeout=None, proxies=None, verify=False,                     debug=0 </msg>
<arg>consultarAPI</arg>
<arg>${URL}</arg>
<doc>Create Session: create a HTTP session to a server</doc>
<status status="PASS" start="2024-05-06T05:15:30.539736" elapsed="0.000390"/>
</kw>
<status status="PASS" start="2024-05-06T05:15:30.538727" elapsed="0.001762"/>
</kw>
<status status="PASS" start="2024-05-06T05:15:30.538150" elapsed="0.002532"/>
</test>
<test id="s1-s1-t2" name="Validar retorno 200 e JSON Válido" line="16">
<kw name="Teste de Requisicao Basica" owner="random-user-service">
<kw name="GET On Session" owner="RequestsLibrary">
<msg time="2024-05-06T05:15:30.842983" level="INFO">GET Request : url=https://randomuser.me/api 
 path_url=/api 
 headers={'User-Agent': 'python-requests/2.31.0', 'Accept-Encoding': 'gzip, deflate', 'Accept': '*/*', 'Connection': 'keep-alive'} 
 body=None 
 </msg>
<msg time="2024-05-06T05:15:30.843141" level="INFO">GET Response : url=https://randomuser.me/api 
 status=200, reason=OK 
 headers={'Date': 'Mon, 06 May 2024 05:15:30 GMT', 'Content-Type': 'application/json; charset=utf-8', 'Transfer-Encoding': 'chunked', 'Connection': 'keep-alive', 'X-Powered-By': 'Express', 'Access-Control-Allow-Origin': '*', 'Cache-Control': 'no-cache', 'ETag': 'W/"471-cfI0t6Md4r5jQ0u7g4z8YSpHQ9M"', 'Vary': 'Accept-Encoding', 'Content-Encoding': 'gzip', 'CF-Cache-Status': 'DYNAMIC', 'Report-To': '{"endpoints":[{"url":"https:\\/\\/a.nel.cloudflare.com\\/report\\/v4?s=WksSZ25u45Z%2B8IUr%2FU9LArVH7AP0rM%2FS1UPFhefBHWFxL7M7lMRolNp301HArs8jc7SFPC36ymE3QVB%2FozzzW0GcHioETYoj5QAzykOqyaPO7OL2gp1dP006HOPfvCDK"}],"group":"cf-nel","max_age":604800}', 'NEL': '{"success_fraction":0,"report_to":"cf-nel","max_age":604800}', 'Server': 'cloudflare', 'CF-RAY': '87f67e2d99b23976-IAD', 'alt-svc': 'h3=":443"; ma=86400'} 
 body={"results":[{"gender":"male","name":{"title":"Mr","first":"Stepan","last":"Zelinska"},"location":{"street":{"number":4046,"name":"Prospekt Tekstilnikiv"},"city":"Zbarazh","state":"Rivnenska","country":"Ukraine","postcode":37426,"coordinates":{"latitude":"76.3494","longitude":"-161.8147"},"timezone":{"offset":"-10:00","description":"Hawaii"}},"email":"stepan.zelinska@example.com","login":{"uuid":"d516e5b4-5090-4123-81bf-909c7271171c","username":"sadwolf620","password":"banana","salt":"vaJdhloY","md5":"bfb2de404c86c666b94c1496055e73df","sha1":"d01666983f3de221238da85951b65efb0a91ce2a","sha256":"26291b9881a21f39460df00b8ab81fad864c7fa3d775df0e588072c4b439c7e3"},"dob":{"date":"1946-03-11T10:46:49.537Z","age":78},"registered":{"date":"2014-08-10T01:26:09.320Z","age":9},"phone":"(096) D40-0417","cell":"(066) I92-3132","id":{"name":"","value":null},"picture":{"large":"https://randomuser.me/api/portraits/men/80.jpg","medium":"https://randomuser.me/api/portraits/med/men/80.jpg","thumbnail":"https://randomuser.me/api/portraits/thumb/men/80.jpg"},"nat":"UA"}],"info":{"seed":"ea4ab1b44eecb613","results":1,"page":1,"version":"1.4"}} 
 </msg>
<msg time="2024-05-06T05:15:30.843225" level="INFO">/opt/hostedtoolcache/Python/3.12.3/x64/lib/python3.12/site-packages/urllib3/connectionpool.py:1103: InsecureRequestWarning: Unverified HTTPS request is being made to host 'randomuser.me'. Adding certificate verification is strongly advised. See: https://urllib3.readthedocs.io/en/latest/advanced-usage.html#tls-warnings
  warnings.warn(</msg>
<msg time="2024-05-06T05:15:30.843375" level="INFO">${response} = &lt;Response [200]&gt;</msg>
<var>${response}</var>
<arg>consultarAPI</arg>
<arg>/api</arg>
<doc>Sends a GET request on a previously created HTTP Session.</doc>
<status status="PASS" start="2024-05-06T05:15:30.543396" elapsed="0.300022"/>
</kw>
<kw name="Should Be Equal As Numbers" owner="BuiltIn">
<msg time="2024-05-06T05:15:30.844620" level="INFO">Argument types are:
&lt;class 'int'&gt;
&lt;class 'str'&gt;</msg>
<arg>${response.status_code}</arg>
<arg>200</arg>
<doc>Fails if objects are unequal after converting them to real numbers.</doc>
<status status="PASS" start="2024-05-06T05:15:30.844096" elapsed="0.000592"/>
</kw>
<kw name="Log" owner="BuiltIn">
<msg time="2024-05-06T05:15:30.845435" level="INFO">200</msg>
<arg>${response.status_code}</arg>
<doc>Logs the given message with the given level.</doc>
<status status="PASS" start="2024-05-06T05:15:30.845076" elapsed="0.000401"/>
</kw>
<kw name="Set Variable" owner="BuiltIn">
<msg time="2024-05-06T05:15:30.846227" level="INFO">${json_data} = {'results': [{'gender': 'male', 'name': {'title': 'Mr', 'first': 'Stepan', 'last': 'Zelinska'}, 'location': {'street': {'number': 4046, 'name': 'Prospekt Tekstilnikiv'}, 'city': 'Zbarazh', 'state': 'R...</msg>
<var>${json_data}</var>
<arg>${response.json()}</arg>
<doc>Returns the given values which can then be assigned to a variables.</doc>
<status status="PASS" start="2024-05-06T05:15:30.845791" elapsed="0.000464"/>
</kw>
<kw name="Dictionary Should Contain Key" owner="Collections">
<msg time="2024-05-06T05:15:30.846730" level="INFO">False</msg>
<arg>${json_data}</arg>
<arg>results</arg>
<doc>Fails if ``key`` is not found from ``dictionary``.</doc>
<status status="PASS" start="2024-05-06T05:15:30.846556" elapsed="0.000215"/>
</kw>
<status status="PASS" start="2024-05-06T05:15:30.543149" elapsed="0.303880"/>
</kw>
<doc>Testa se a API responde corretamente e retorna um objeto JSON válido.</doc>
<tag>testeRequisicaoBasica</tag>
<status status="PASS" start="2024-05-06T05:15:30.542691" elapsed="0.304528"/>
</test>
<test id="s1-s1-t3" name="Validar estrutura de resposta" line="22">
<kw name="Teste de Estrutura de Resposta" owner="random-user-service">
<kw name="GET On Session" owner="RequestsLibrary">
<msg time="2024-05-06T05:15:30.943653" level="INFO">GET Request : url=https://randomuser.me/api 
 path_url=/api 
 headers={'User-Agent': 'python-requests/2.31.0', 'Accept-Encoding': 'gzip, deflate', 'Accept': '*/*', 'Connection': 'keep-alive'} 
 body=None 
 </msg>
<msg time="2024-05-06T05:15:30.943768" level="INFO">GET Response : url=https://randomuser.me/api 
 status=200, reason=OK 
 headers={'Date': 'Mon, 06 May 2024 05:15:30 GMT', 'Content-Type': 'application/json; charset=utf-8', 'Transfer-Encoding': 'chunked', 'Connection': 'keep-alive', 'X-Powered-By': 'Express', 'Access-Control-Allow-Origin': '*', 'Cache-Control': 'no-cache', 'ETag': 'W/"471-iN2pe/zhyhs5O1EXzrq+d/E91wc"', 'Vary': 'Accept-Encoding', 'Content-Encoding': 'gzip', 'CF-Cache-Status': 'DYNAMIC', 'Report-To': '{"endpoints":[{"url":"https:\\/\\/a.nel.cloudflare.com\\/report\\/v4?s=7Zp1hM6pjwJDxYYN94hnmHcQdq%2FBRzeMqT6M1pNEdWG9Pfgpy0WUNXxZTQqn7aWmF4zhALf4Fl%2BIlUiE%2B6%2FMEr%2FjE6pzsSM3gHbDKwZ%2FygPenlUaKXnueylYHs3UQbyd"}],"group":"cf-nel","max_age":604800}', 'NEL': '{"success_fraction":0,"report_to":"cf-nel","max_age":604800}', 'Server': 'cloudflare', 'CF-RAY': '87f67e2dd9ef3976-IAD', 'alt-svc': 'h3=":443"; ma=86400'} 
 body={"results":[{"gender":"male","name":{"title":"Mr","first":"Kairav","last":"Kaur"},"location":{"street":{"number":602,"name":"Camac St"},"city":"Bihar Sharif","state":"Uttarakhand","country":"India","postcode":76207,"coordinates":{"latitude":"4.5134","longitude":"-101.2035"},"timezone":{"offset":"-2:00","description":"Mid-Atlantic"}},"email":"kairav.kaur@example.com","login":{"uuid":"866012fb-0875-45cf-aeab-dbe6c2bd2930","username":"purplepanda848","password":"test1234","salt":"dFCuwW9l","md5":"94168ecb127664c3a3e0b1a0c1e8fe24","sha1":"f89409f87a5c73d1ee02a2b376dc638256957607","sha256":"fa82d626dc624e7e1d2df218f1f1ce3e288f22bd3cf7cd494ff56a8b3f52fa82"},"dob":{"date":"1985-11-17T20:20:55.937Z","age":38},"registered":{"date":"2021-01-18T10:31:16.121Z","age":3},"phone":"9178161055","cell":"8370850176","id":{"name":"UIDAI","value":"515589964796"},"picture":{"large":"https://randomuser.me/api/portraits/men/43.jpg","medium":"https://randomuser.me/api/portraits/med/men/43.jpg","thumbnail":"https://randomuser.me/api/portraits/thumb/men/43.jpg"},"nat":"IN"}],"info":{"seed":"a8ef49b96c28e695","results":1,"page":1,"version":"1.4"}} 
 </msg>
<msg time="2024-05-06T05:15:30.943903" level="INFO">/opt/hostedtoolcache/Python/3.12.3/x64/lib/python3.12/site-packages/urllib3/connectionpool.py:1103: InsecureRequestWarning: Unverified HTTPS request is being made to host 'randomuser.me'. Adding certificate verification is strongly advised. See: https://urllib3.readthedocs.io/en/latest/advanced-usage.html#tls-warnings
  warnings.warn(</msg>
<msg time="2024-05-06T05:15:30.944038" level="INFO">${response} = &lt;Response [200]&gt;</msg>
<var>${response}</var>
<arg>consultarAPI</arg>
<arg>/api</arg>
<doc>Sends a GET request on a previously created HTTP Session.</doc>
<status status="PASS" start="2024-05-06T05:15:30.850054" elapsed="0.094023"/>
</kw>
<kw name="Set Variable" owner="BuiltIn">
<msg time="2024-05-06T05:15:30.945318" level="INFO">${json_data} = {'results': [{'gender': 'male', 'name': {'title': 'Mr', 'first': 'Kairav', 'last': 'Kaur'}, 'location': {'street': {'number': 602, 'name': 'Camac St'}, 'city': 'Bihar Sharif', 'state': 'Uttarakhand', ...</msg>
<var>${json_data}</var>
<arg>${response.json()}</arg>
<doc>Returns the given values which can then be assigned to a variables.</doc>
<status status="PASS" start="2024-05-06T05:15:30.944703" elapsed="0.000644"/>
</kw>
<kw name="Log" owner="BuiltIn">
<msg time="2024-05-06T05:15:30.945827" level="INFO">{'results': [{'gender': 'male', 'name': {'title': 'Mr', 'first': 'Kairav', 'last': 'Kaur'}, 'location': {'street': {'number': 602, 'name': 'Camac St'}, 'city': 'Bihar Sharif', 'state': 'Uttarakhand', 'country': 'India', 'postcode': 76207, 'coordinates': {'latitude': '4.5134', 'longitude': '-101.2035'}, 'timezone': {'offset': '-2:00', 'description': 'Mid-Atlantic'}}, 'email': 'kairav.kaur@example.com', 'login': {'uuid': '866012fb-0875-45cf-aeab-dbe6c2bd2930', 'username': 'purplepanda848', 'password': 'test1234', 'salt': 'dFCuwW9l', 'md5': '94168ecb127664c3a3e0b1a0c1e8fe24', 'sha1': 'f89409f87a5c73d1ee02a2b376dc638256957607', 'sha256': 'fa82d626dc624e7e1d2df218f1f1ce3e288f22bd3cf7cd494ff56a8b3f52fa82'}, 'dob': {'date': '1985-11-17T20:20:55.937Z', 'age': 38}, 'registered': {'date': '2021-01-18T10:31:16.121Z', 'age': 3}, 'phone': '9178161055', 'cell': '8370850176', 'id': {'name': 'UIDAI', 'value': '515589964796'}, 'picture': {'large': 'https://randomuser.me/api/portraits/men/43.jpg', 'medium': 'https://randomuser.me/api/portraits/med/men/43.jpg', 'thumbnail': 'https://randomuser.me/api/portraits/thumb/men/43.jpg'}, 'nat': 'IN'}], 'info': {'seed': 'a8ef49b96c28e695', 'results': 1, 'page': 1, 'version': '1.4'}}</msg>
<arg>${json_data}</arg>
<doc>Logs the given message with the given level.</doc>
<status status="PASS" start="2024-05-06T05:15:30.945665" elapsed="0.000211"/>
</kw>
<kw name="Dictionary Should Contain Key" owner="Collections">
<msg time="2024-05-06T05:15:30.946332" level="INFO">False</msg>
<arg>${json_data}</arg>
<arg>results</arg>
<doc>Fails if ``key`` is not found from ``dictionary``.</doc>
<status status="PASS" start="2024-05-06T05:15:30.946169" elapsed="0.000201"/>
</kw>
<kw name="Should Not Be Empty" owner="BuiltIn">
<msg time="2024-05-06T05:15:30.946800" level="INFO">Length is 2.</msg>
<arg>${json_data}</arg>
<doc>Verifies that the given item is not empty.</doc>
<status status="PASS" start="2024-05-06T05:15:30.946661" elapsed="0.000354"/>
</kw>
<kw name="Create List" owner="BuiltIn">
<msg time="2024-05-06T05:15:30.947462" level="INFO">${expected_keys} = ['gender', 'name', 'location', 'email', 'login']</msg>
<var>${expected_keys}</var>
<arg>gender</arg>
<arg>name</arg>
<arg>location</arg>
<arg>email</arg>
<arg>login</arg>
<doc>Returns a list containing given items.</doc>
<status status="PASS" start="2024-05-06T05:15:30.947308" elapsed="0.000179"/>
</kw>
<for flavor="IN">
<iter>
<kw name="Dictionary Should Contain Key" owner="Collections">
<msg time="2024-05-06T05:15:30.948490" level="INFO">False</msg>
<arg>${json_data['results'][0]}</arg>
<arg>${key}</arg>
<doc>Fails if ``key`` is not found from ``dictionary``.</doc>
<status status="PASS" start="2024-05-06T05:15:30.948080" elapsed="0.000449"/>
</kw>
<kw name="Log" owner="BuiltIn">
<msg time="2024-05-06T05:15:30.949243" level="INFO">{'gender': 'male', 'name': {'title': 'Mr', 'first': 'Kairav', 'last': 'Kaur'}, 'location': {'street': {'number': 602, 'name': 'Camac St'}, 'city': 'Bihar Sharif', 'state': 'Uttarakhand', 'country': 'India', 'postcode': 76207, 'coordinates': {'latitude': '4.5134', 'longitude': '-101.2035'}, 'timezone': {'offset': '-2:00', 'description': 'Mid-Atlantic'}}, 'email': 'kairav.kaur@example.com', 'login': {'uuid': '866012fb-0875-45cf-aeab-dbe6c2bd2930', 'username': 'purplepanda848', 'password': 'test1234', 'salt': 'dFCuwW9l', 'md5': '94168ecb127664c3a3e0b1a0c1e8fe24', 'sha1': 'f89409f87a5c73d1ee02a2b376dc638256957607', 'sha256': 'fa82d626dc624e7e1d2df218f1f1ce3e288f22bd3cf7cd494ff56a8b3f52fa82'}, 'dob': {'date': '1985-11-17T20:20:55.937Z', 'age': 38}, 'registered': {'date': '2021-01-18T10:31:16.121Z', 'age': 3}, 'phone': '9178161055', 'cell': '8370850176', 'id': {'name': 'UIDAI', 'value': '515589964796'}, 'picture': {'large': 'https://randomuser.me/api/portraits/men/43.jpg', 'medium': 'https://randomuser.me/api/portraits/med/men/43.jpg', 'thumbnail': 'https://randomuser.me/api/portraits/thumb/men/43.jpg'}, 'nat': 'IN'}</msg>
<arg>${json_data['results'][0]}</arg>
<doc>Logs the given message with the given level.</doc>
<status status="PASS" start="2024-05-06T05:15:30.948829" elapsed="0.000463"/>
</kw>
<kw name="Log" owner="BuiltIn">
<msg time="2024-05-06T05:15:30.949724" level="INFO">gender</msg>
<arg>${key}</arg>
<doc>Logs the given message with the given level.</doc>
<status status="PASS" start="2024-05-06T05:15:30.949594" elapsed="0.000170"/>
</kw>
<var name="${key}">gender</var>
<status status="PASS" start="2024-05-06T05:15:30.947949" elapsed="0.002029"/>
</iter>
<iter>
<kw name="Dictionary Should Contain Key" owner="Collections">
<msg time="2024-05-06T05:15:30.950659" level="INFO">False</msg>
<arg>${json_data['results'][0]}</arg>
<arg>${key}</arg>
<doc>Fails if ``key`` is not found from ``dictionary``.</doc>
<status status="PASS" start="2024-05-06T05:15:30.950279" elapsed="0.000417"/>
</kw>
<kw name="Log" owner="BuiltIn">
<msg time="2024-05-06T05:15:30.951386" level="INFO">{'gender': 'male', 'name': {'title': 'Mr', 'first': 'Kairav', 'last': 'Kaur'}, 'location': {'street': {'number': 602, 'name': 'Camac St'}, 'city': 'Bihar Sharif', 'state': 'Uttarakhand', 'country': 'India', 'postcode': 76207, 'coordinates': {'latitude': '4.5134', 'longitude': '-101.2035'}, 'timezone': {'offset': '-2:00', 'description': 'Mid-Atlantic'}}, 'email': 'kairav.kaur@example.com', 'login': {'uuid': '866012fb-0875-45cf-aeab-dbe6c2bd2930', 'username': 'purplepanda848', 'password': 'test1234', 'salt': 'dFCuwW9l', 'md5': '94168ecb127664c3a3e0b1a0c1e8fe24', 'sha1': 'f89409f87a5c73d1ee02a2b376dc638256957607', 'sha256': 'fa82d626dc624e7e1d2df218f1f1ce3e288f22bd3cf7cd494ff56a8b3f52fa82'}, 'dob': {'date': '1985-11-17T20:20:55.937Z', 'age': 38}, 'registered': {'date': '2021-01-18T10:31:16.121Z', 'age': 3}, 'phone': '9178161055', 'cell': '8370850176', 'id': {'name': 'UIDAI', 'value': '515589964796'}, 'picture': {'large': 'https://randomuser.me/api/portraits/men/43.jpg', 'medium': 'https://randomuser.me/api/portraits/med/men/43.jpg', 'thumbnail': 'https://randomuser.me/api/portraits/thumb/men/43.jpg'}, 'nat': 'IN'}</msg>
<arg>${json_data['results'][0]}</arg>
<doc>Logs the given message with the given level.</doc>
<status status="PASS" start="2024-05-06T05:15:30.951025" elapsed="0.000408"/>
</kw>
<kw name="Log" owner="BuiltIn">
<msg time="2024-05-06T05:15:30.951859" level="INFO">name</msg>
<arg>${key}</arg>
<doc>Logs the given message with the given level.</doc>
<status status="PASS" start="2024-05-06T05:15:30.951732" elapsed="0.000165"/>
</kw>
<var name="${key}">name</var>
<status status="PASS" start="2024-05-06T05:15:30.950165" elapsed="0.001946"/>
</iter>
<iter>
<kw name="Dictionary Should Contain Key" owner="Collections">
<msg time="2024-05-06T05:15:30.952798" level="INFO">False</msg>
<arg>${json_data['results'][0]}</arg>
<arg>${key}</arg>
<doc>Fails if ``key`` is not found from ``dictionary``.</doc>
<status status="PASS" start="2024-05-06T05:15:30.952410" elapsed="0.000425"/>
</kw>
<kw name="Log" owner="BuiltIn">
<msg time="2024-05-06T05:15:30.953520" level="INFO">{'gender': 'male', 'name': {'title': 'Mr', 'first': 'Kairav', 'last': 'Kaur'}, 'location': {'street': {'number': 602, 'name': 'Camac St'}, 'city': 'Bihar Sharif', 'state': 'Uttarakhand', 'country': 'India', 'postcode': 76207, 'coordinates': {'latitude': '4.5134', 'longitude': '-101.2035'}, 'timezone': {'offset': '-2:00', 'description': 'Mid-Atlantic'}}, 'email': 'kairav.kaur@example.com', 'login': {'uuid': '866012fb-0875-45cf-aeab-dbe6c2bd2930', 'username': 'purplepanda848', 'password': 'test1234', 'salt': 'dFCuwW9l', 'md5': '94168ecb127664c3a3e0b1a0c1e8fe24', 'sha1': 'f89409f87a5c73d1ee02a2b376dc638256957607', 'sha256': 'fa82d626dc624e7e1d2df218f1f1ce3e288f22bd3cf7cd494ff56a8b3f52fa82'}, 'dob': {'date': '1985-11-17T20:20:55.937Z', 'age': 38}, 'registered': {'date': '2021-01-18T10:31:16.121Z', 'age': 3}, 'phone': '9178161055', 'cell': '8370850176', 'id': {'name': 'UIDAI', 'value': '515589964796'}, 'picture': {'large': 'https://randomuser.me/api/portraits/men/43.jpg', 'medium': 'https://randomuser.me/api/portraits/med/men/43.jpg', 'thumbnail': 'https://randomuser.me/api/portraits/thumb/men/43.jpg'}, 'nat': 'IN'}</msg>
<arg>${json_data['results'][0]}</arg>
<doc>Logs the given message with the given level.</doc>
<status status="PASS" start="2024-05-06T05:15:30.953160" elapsed="0.000407"/>
</kw>
<kw name="Log" owner="BuiltIn">
<msg time="2024-05-06T05:15:30.953987" level="INFO">location</msg>
<arg>${key}</arg>
<doc>Logs the given message with the given level.</doc>
<status status="PASS" start="2024-05-06T05:15:30.953863" elapsed="0.000163"/>
</kw>
<var name="${key}">location</var>
<status status="PASS" start="2024-05-06T05:15:30.952299" elapsed="0.001935"/>
</iter>
<iter>
<kw name="Dictionary Should Contain Key" owner="Collections">
<msg time="2024-05-06T05:15:30.954903" level="INFO">False</msg>
<arg>${json_data['results'][0]}</arg>
<arg>${key}</arg>
<doc>Fails if ``key`` is not found from ``dictionary``.</doc>
<status status="PASS" start="2024-05-06T05:15:30.954519" elapsed="0.000422"/>
</kw>
<kw name="Log" owner="BuiltIn">
<msg time="2024-05-06T05:15:30.955596" level="INFO">{'gender': 'male', 'name': {'title': 'Mr', 'first': 'Kairav', 'last': 'Kaur'}, 'location': {'street': {'number': 602, 'name': 'Camac St'}, 'city': 'Bihar Sharif', 'state': 'Uttarakhand', 'country': 'India', 'postcode': 76207, 'coordinates': {'latitude': '4.5134', 'longitude': '-101.2035'}, 'timezone': {'offset': '-2:00', 'description': 'Mid-Atlantic'}}, 'email': 'kairav.kaur@example.com', 'login': {'uuid': '866012fb-0875-45cf-aeab-dbe6c2bd2930', 'username': 'purplepanda848', 'password': 'test1234', 'salt': 'dFCuwW9l', 'md5': '94168ecb127664c3a3e0b1a0c1e8fe24', 'sha1': 'f89409f87a5c73d1ee02a2b376dc638256957607', 'sha256': 'fa82d626dc624e7e1d2df218f1f1ce3e288f22bd3cf7cd494ff56a8b3f52fa82'}, 'dob': {'date': '1985-11-17T20:20:55.937Z', 'age': 38}, 'registered': {'date': '2021-01-18T10:31:16.121Z', 'age': 3}, 'phone': '9178161055', 'cell': '8370850176', 'id': {'name': 'UIDAI', 'value': '515589964796'}, 'picture': {'large': 'https://randomuser.me/api/portraits/men/43.jpg', 'medium': 'https://randomuser.me/api/portraits/med/men/43.jpg', 'thumbnail': 'https://randomuser.me/api/portraits/thumb/men/43.jpg'}, 'nat': 'IN'}</msg>
<arg>${json_data['results'][0]}</arg>
<doc>Logs the given message with the given level.</doc>
<status status="PASS" start="2024-05-06T05:15:30.955236" elapsed="0.000407"/>
</kw>
<kw name="Log" owner="BuiltIn">
<msg time="2024-05-06T05:15:30.956059" level="INFO">email</msg>
<arg>${key}</arg>
<doc>Logs the given message with the given level.</doc>
<status status="PASS" start="2024-05-06T05:15:30.955935" elapsed="0.000161"/>
</kw>
<var name="${key}">email</var>
<status status="PASS" start="2024-05-06T05:15:30.954408" elapsed="0.001897"/>
</iter>
<iter>
<kw name="Dictionary Should Contain Key" owner="Collections">
<msg time="2024-05-06T05:15:30.956999" level="INFO">False</msg>
<arg>${json_data['results'][0]}</arg>
<arg>${key}</arg>
<doc>Fails if ``key`` is not found from ``dictionary``.</doc>
<status status="PASS" start="2024-05-06T05:15:30.956588" elapsed="0.000458"/>
</kw>
<kw name="Log" owner="BuiltIn">
<msg time="2024-05-06T05:15:30.957718" level="INFO">{'gender': 'male', 'name': {'title': 'Mr', 'first': 'Kairav', 'last': 'Kaur'}, 'location': {'street': {'number': 602, 'name': 'Camac St'}, 'city': 'Bihar Sharif', 'state': 'Uttarakhand', 'country': 'India', 'postcode': 76207, 'coordinates': {'latitude': '4.5134', 'longitude': '-101.2035'}, 'timezone': {'offset': '-2:00', 'description': 'Mid-Atlantic'}}, 'email': 'kairav.kaur@example.com', 'login': {'uuid': '866012fb-0875-45cf-aeab-dbe6c2bd2930', 'username': 'purplepanda848', 'password': 'test1234', 'salt': 'dFCuwW9l', 'md5': '94168ecb127664c3a3e0b1a0c1e8fe24', 'sha1': 'f89409f87a5c73d1ee02a2b376dc638256957607', 'sha256': 'fa82d626dc624e7e1d2df218f1f1ce3e288f22bd3cf7cd494ff56a8b3f52fa82'}, 'dob': {'date': '1985-11-17T20:20:55.937Z', 'age': 38}, 'registered': {'date': '2021-01-18T10:31:16.121Z', 'age': 3}, 'phone': '9178161055', 'cell': '8370850176', 'id': {'name': 'UIDAI', 'value': '515589964796'}, 'picture': {'large': 'https://randomuser.me/api/portraits/men/43.jpg', 'medium': 'https://randomuser.me/api/portraits/med/men/43.jpg', 'thumbnail': 'https://randomuser.me/api/portraits/thumb/men/43.jpg'}, 'nat': 'IN'}</msg>
<arg>${json_data['results'][0]}</arg>
<doc>Logs the given message with the given level.</doc>
<status status="PASS" start="2024-05-06T05:15:30.957350" elapsed="0.000415"/>
</kw>
<kw name="Log" owner="BuiltIn">
<msg time="2024-05-06T05:15:30.958184" level="INFO">login</msg>
<arg>${key}</arg>
<doc>Logs the given message with the given level.</doc>
<status status="PASS" start="2024-05-06T05:15:30.958058" elapsed="0.000164"/>
</kw>
<var name="${key}">login</var>
<status status="PASS" start="2024-05-06T05:15:30.956478" elapsed="0.001962"/>
</iter>
<var>${key}</var>
<value>@{expected_keys}</value>
<status status="PASS" start="2024-05-06T05:15:30.947751" elapsed="0.010811"/>
</for>
<kw name="Create List" owner="BuiltIn">
<msg time="2024-05-06T05:15:30.958936" level="INFO">${expected_keysTwo} = ['username', 'password']</msg>
<var>${expected_keysTwo}</var>
<arg>username</arg>
<arg>password</arg>
<doc>Returns a list containing given items.</doc>
<status status="PASS" start="2024-05-06T05:15:30.958787" elapsed="0.000174"/>
</kw>
<for flavor="IN">
<iter>
<kw name="Dictionary Should Contain Key" owner="Collections">
<msg time="2024-05-06T05:15:30.959871" level="INFO">False</msg>
<arg>${json_data['results'][0]['login']}</arg>
<arg>${keyTwo}</arg>
<doc>Fails if ``key`` is not found from ``dictionary``.</doc>
<status status="PASS" start="2024-05-06T05:15:30.959481" elapsed="0.000427"/>
</kw>
<kw name="Dictionary Should Contain Key" owner="Collections">
<msg time="2024-05-06T05:15:30.960579" level="INFO">False</msg>
<arg>${json_data['results'][0]['login']}</arg>
<arg>${keyTwo}</arg>
<doc>Fails if ``key`` is not found from ``dictionary``.</doc>
<status status="PASS" start="2024-05-06T05:15:30.960202" elapsed="0.000414"/>
</kw>
<kw name="Log" owner="BuiltIn">
<msg time="2024-05-06T05:15:30.961059" level="INFO">username</msg>
<arg>${keyTwo}</arg>
<doc>Logs the given message with the given level.</doc>
<status status="PASS" start="2024-05-06T05:15:30.960910" elapsed="0.000192"/>
</kw>
<var name="${keyTwo}">username</var>
<status status="PASS" start="2024-05-06T05:15:30.959371" elapsed="0.001945"/>
</iter>
<iter>
<kw name="Dictionary Should Contain Key" owner="Collections">
<msg time="2024-05-06T05:15:30.962069" level="INFO">False</msg>
<arg>${json_data['results'][0]['login']}</arg>
<arg>${keyTwo}</arg>
<doc>Fails if ``key`` is not found from ``dictionary``.</doc>
<status status="PASS" start="2024-05-06T05:15:30.961599" elapsed="0.000510"/>
</kw>
<kw name="Dictionary Should Contain Key" owner="Collections">
<msg time="2024-05-06T05:15:30.962790" level="INFO">False</msg>
<arg>${json_data['results'][0]['login']}</arg>
<arg>${keyTwo}</arg>
<doc>Fails if ``key`` is not found from ``dictionary``.</doc>
<status status="PASS" start="2024-05-06T05:15:30.962413" elapsed="0.000414"/>
</kw>
<kw name="Log" owner="BuiltIn">
<msg time="2024-05-06T05:15:30.963250" level="INFO">password</msg>
<arg>${keyTwo}</arg>
<doc>Logs the given message with the given level.</doc>
<status status="PASS" start="2024-05-06T05:15:30.963124" elapsed="0.000163"/>
</kw>
<var name="${keyTwo}">password</var>
<status status="PASS" start="2024-05-06T05:15:30.961489" elapsed="0.002009"/>
</iter>
<var>${keyTwo}</var>
<value>@{expected_keysTwo}</value>
<status status="PASS" start="2024-05-06T05:15:30.959213" elapsed="0.004406"/>
</for>
<status status="PASS" start="2024-05-06T05:15:30.849814" elapsed="0.113949"/>
</kw>
<doc>Testa a estrutura da resposta da API.</doc>
<tag>testeEstruturaResposta</tag>
<status status="PASS" start="2024-05-06T05:15:30.849178" elapsed="0.114745"/>
</test>
<test id="s1-s1-t4" name="Validar tipos de dados" line="28">
<kw name="Teste de Tipos de Dados" owner="random-user-service">
<kw name="GET On Session" owner="RequestsLibrary">
<msg time="2024-05-06T05:15:31.046049" level="INFO">GET Request : url=https://randomuser.me/api 
 path_url=/api 
 headers={'User-Agent': 'python-requests/2.31.0', 'Accept-Encoding': 'gzip, deflate', 'Accept': '*/*', 'Connection': 'keep-alive'} 
 body=None 
 </msg>
<msg time="2024-05-06T05:15:31.046153" level="INFO">GET Response : url=https://randomuser.me/api 
 status=200, reason=OK 
 headers={'Date': 'Mon, 06 May 2024 05:15:31 GMT', 'Content-Type': 'application/json; charset=utf-8', 'Transfer-Encoding': 'chunked', 'Connection': 'keep-alive', 'X-Powered-By': 'Express', 'Access-Control-Allow-Origin': '*', 'Cache-Control': 'no-cache', 'ETag': 'W/"470-tHuAj30ZhT10CDYMMrFWPIq3o/w"', 'Vary': 'Accept-Encoding', 'Content-Encoding': 'gzip', 'CF-Cache-Status': 'DYNAMIC', 'Report-To': '{"endpoints":[{"url":"https:\\/\\/a.nel.cloudflare.com\\/report\\/v4?s=qDbH38rR3pOoNDjk02jOwBmsdQF0n0%2FnqLWNDTTzp7Yxma7ksGqN32iDlcV2MHn83MEPd2wcGRdCC9mF3QMrExu7TkezNtAMhRDOhhKSTiI3WR5r2slomtt962w4R8hX"}],"group":"cf-nel","max_age":604800}', 'NEL': '{"success_fraction":0,"report_to":"cf-nel","max_age":604800}', 'Server': 'cloudflare', 'CF-RAY': '87f67e2e9a983976-IAD', 'alt-svc': 'h3=":443"; ma=86400'} 
 body={"results":[{"gender":"female","name":{"title":"Miss","first":"Sowmya","last":"Bansal"},"location":{"street":{"number":7872,"name":"Ranganathan St"},"city":"Chennai","state":"Kerala","country":"India","postcode":61433,"coordinates":{"latitude":"4.7777","longitude":"179.7859"},"timezone":{"offset":"+3:30","description":"Tehran"}},"email":"sowmya.bansal@example.com","login":{"uuid":"d139cb37-9819-4e6a-836d-d41f71d40e90","username":"tinysnake349","password":"helen","salt":"HhM4AOHn","md5":"6e81e1441ce21a6ef394c7396669bcab","sha1":"8e21725ae02a0507c085437ed3b1c3fea56fe552","sha256":"b793acb08870f934ab3e61f08553b0728b05e5a46d052391afa7c1f0dc1f9ac0"},"dob":{"date":"1950-07-04T19:04:39.899Z","age":73},"registered":{"date":"2021-06-13T16:46:52.403Z","age":2},"phone":"7820860786","cell":"7688608285","id":{"name":"UIDAI","value":"419913073546"},"picture":{"large":"https://randomuser.me/api/portraits/women/45.jpg","medium":"https://randomuser.me/api/portraits/med/women/45.jpg","thumbnail":"https://randomuser.me/api/portraits/thumb/women/45.jpg"},"nat":"IN"}],"info":{"seed":"da4c1a47c4c73a62","results":1,"page":1,"version":"1.4"}} 
 </msg>
<msg time="2024-05-06T05:15:31.046227" level="INFO">/opt/hostedtoolcache/Python/3.12.3/x64/lib/python3.12/site-packages/urllib3/connectionpool.py:1103: InsecureRequestWarning: Unverified HTTPS request is being made to host 'randomuser.me'. Adding certificate verification is strongly advised. See: https://urllib3.readthedocs.io/en/latest/advanced-usage.html#tls-warnings
  warnings.warn(</msg>
<msg time="2024-05-06T05:15:31.046354" level="INFO">${response} = &lt;Response [200]&gt;</msg>
<var>${response}</var>
<arg>consultarAPI</arg>
<arg>/api</arg>
<doc>Sends a GET request on a previously created HTTP Session.</doc>
<status status="PASS" start="2024-05-06T05:15:30.966678" elapsed="0.079716"/>
</kw>
<kw name="Set Variable" owner="BuiltIn">
<msg time="2024-05-06T05:15:31.047662" level="INFO">${json_data} = {'results': [{'gender': 'female', 'name': {'title': 'Miss', 'first': 'Sowmya', 'last': 'Bansal'}, 'location': {'street': {'number': 7872, 'name': 'Ranganathan St'}, 'city': 'Chennai', 'state': 'Kerala...</msg>
<var>${json_data}</var>
<arg>${response.json()}</arg>
<doc>Returns the given values which can then be assigned to a variables.</doc>
<status status="PASS" start="2024-05-06T05:15:31.047057" elapsed="0.000634"/>
</kw>
<kw name="Log" owner="BuiltIn">
<msg time="2024-05-06T05:15:31.048239" level="INFO">{'results': [{'gender': 'female', 'name': {'title': 'Miss', 'first': 'Sowmya', 'last': 'Bansal'}, 'location': {'street': {'number': 7872, 'name': 'Ranganathan St'}, 'city': 'Chennai', 'state': 'Kerala', 'country': 'India', 'postcode': 61433, 'coordinates': {'latitude': '4.7777', 'longitude': '179.7859'}, 'timezone': {'offset': '+3:30', 'description': 'Tehran'}}, 'email': 'sowmya.bansal@example.com', 'login': {'uuid': 'd139cb37-9819-4e6a-836d-d41f71d40e90', 'username': 'tinysnake349', 'password': 'helen', 'salt': 'HhM4AOHn', 'md5': '6e81e1441ce21a6ef394c7396669bcab', 'sha1': '8e21725ae02a0507c085437ed3b1c3fea56fe552', 'sha256': 'b793acb08870f934ab3e61f08553b0728b05e5a46d052391afa7c1f0dc1f9ac0'}, 'dob': {'date': '1950-07-04T19:04:39.899Z', 'age': 73}, 'registered': {'date': '2021-06-13T16:46:52.403Z', 'age': 2}, 'phone': '7820860786', 'cell': '7688608285', 'id': {'name': 'UIDAI', 'value': '419913073546'}, 'picture': {'large': 'https://randomuser.me/api/portraits/women/45.jpg', 'medium': 'https://randomuser.me/api/portraits/med/women/45.jpg', 'thumbnail': 'https://randomuser.me/api/portraits/thumb/women/45.jpg'}, 'nat': 'IN'}], 'info': {'seed': 'da4c1a47c4c73a62', 'results': 1, 'page': 1, 'version': '1.4'}}</msg>
<arg>${json_data}</arg>
<doc>Logs the given message with the given level.</doc>
<status status="PASS" start="2024-05-06T05:15:31.048064" elapsed="0.000228"/>
</kw>
<kw name="Should Be String" owner="String">
<arg>${json_data['results'][0]['gender']}</arg>
<doc>Fails if the given ``item`` is not a string.</doc>
<status status="PASS" start="2024-05-06T05:15:31.048643" elapsed="0.000456"/>
</kw>
<kw name="Should Match Regexp" owner="BuiltIn">
<arg>${json_data['results'][0]['email']}</arg>
<arg>^[a-zA-Z0-9._%+-]+@[a-zA-Z0-9.-]+\.[a-zA-Z]{2,}$</arg>
<doc>Fails if ``string`` does not match ``pattern`` as a regular expression.</doc>
<status status="PASS" start="2024-05-06T05:15:31.049310" elapsed="0.000542"/>
</kw>
<kw name="Should Match Regexp" owner="BuiltIn">
<arg>${json_data['results'][0]['dob']['date']}</arg>
<arg>\\d{4}-\\d{2}-\\d{2}T\\d{2}:\\d{2}:\\d{2}\\.\\d{3}Z</arg>
<doc>Fails if ``string`` does not match ``pattern`` as a regular expression.</doc>
<status status="PASS" start="2024-05-06T05:15:31.050057" elapsed="0.000509"/>
</kw>
<kw name="Should Match Regexp" owner="BuiltIn">
<arg>${json_data['results'][0]['registered']['date']}</arg>
<arg>\\d{4}-\\d{2}-\\d{2}T\\d{2}:\\d{2}:\\d{2}\\.\\d{3}Z</arg>
<doc>Fails if ``string`` does not match ``pattern`` as a regular expression.</doc>
<status status="PASS" start="2024-05-06T05:15:31.050764" elapsed="0.000373"/>
</kw>
<kw name="Should Match Regexp" owner="BuiltIn">
<arg>${json_data['results'][0]['picture']['large']}</arg>
<arg>^https?://.*\.(?:png|jpe?g|gif|bmp)$</arg>
<doc>Fails if ``string`` does not match ``pattern`` as a regular expression.</doc>
<status status="PASS" start="2024-05-06T05:15:31.051335" elapsed="0.000466"/>
</kw>
<kw name="Should Match Regexp" owner="BuiltIn">
<arg>${json_data['results'][0]['picture']['medium']}</arg>
<arg>^https?://.*\.(?:png|jpe?g|gif|bmp)$</arg>
<doc>Fails if ``string`` does not match ``pattern`` as a regular expression.</doc>
<status status="PASS" start="2024-05-06T05:15:31.051991" elapsed="0.000358"/>
</kw>
<kw name="Should Match Regexp" owner="BuiltIn">
<arg>${json_data['results'][0]['picture']['thumbnail']}</arg>
<arg>^https?://.*\.(?:png|jpe?g|gif|bmp)$</arg>
<doc>Fails if ``string`` does not match ``pattern`` as a regular expression.</doc>
<status status="PASS" start="2024-05-06T05:15:31.052539" elapsed="0.000347"/>
</kw>
<kw name="Log" owner="BuiltIn">
<msg time="2024-05-06T05:15:31.053437" level="INFO">{'large': 'https://randomuser.me/api/portraits/women/45.jpg', 'medium': 'https://randomuser.me/api/portraits/med/women/45.jpg', 'thumbnail': 'https://randomuser.me/api/portraits/thumb/women/45.jpg'}</msg>
<arg>${json_data['results'][0]['picture']}</arg>
<doc>Logs the given message with the given level.</doc>
<status status="PASS" start="2024-05-06T05:15:31.053106" elapsed="0.000373"/>
</kw>
<status status="PASS" start="2024-05-06T05:15:30.966435" elapsed="0.087309"/>
</kw>
<kw name="Teste de Tipos de Dados - Postcode" owner="random-user-service">
<kw name="GET On Session" owner="RequestsLibrary">
<msg time="2024-05-06T05:15:31.143460" level="INFO">GET Request : url=https://randomuser.me/api 
 path_url=/api 
 headers={'User-Agent': 'python-requests/2.31.0', 'Accept-Encoding': 'gzip, deflate', 'Accept': '*/*', 'Connection': 'keep-alive'} 
 body=None 
 </msg>
<msg time="2024-05-06T05:15:31.143565" level="INFO">GET Response : url=https://randomuser.me/api 
 status=200, reason=OK 
 headers={'Date': 'Mon, 06 May 2024 05:15:31 GMT', 'Content-Type': 'application/json; charset=utf-8', 'Transfer-Encoding': 'chunked', 'Connection': 'keep-alive', 'X-Powered-By': 'Express', 'Access-Control-Allow-Origin': '*', 'Cache-Control': 'no-cache', 'ETag': 'W/"49f-SLMV0EKZrsOPhxF3c01XDPLQgwY"', 'Vary': 'Accept-Encoding', 'Content-Encoding': 'gzip', 'CF-Cache-Status': 'DYNAMIC', 'Report-To': '{"endpoints":[{"url":"https:\\/\\/a.nel.cloudflare.com\\/report\\/v4?s=YB%2FALRyM4Ehb6zHi91kjHVbMLJ3wxrJ3rJP8nNBw8mz30TEU3Z1BEVlXBKsYt8XmOo%2FUqpvt9ul9IM%2BDs%2FgbHHrZhDW4JE4R%2Fays5T91ibK6w9GWZQADJ5STAnA9HWbb"}],"group":"cf-nel","max_age":604800}', 'NEL': '{"success_fraction":0,"report_to":"cf-nel","max_age":604800}', 'Server': 'cloudflare', 'CF-RAY': '87f67e2f1b063976-IAD', 'alt-svc': 'h3=":443"; ma=86400'} 
 body={"results":[{"gender":"female","name":{"title":"Mrs","first":"Ella","last":"Leinonen"},"location":{"street":{"number":5856,"name":"Hämeentie"},"city":"Luhanka","state":"Satakunta","country":"Finland","postcode":14406,"coordinates":{"latitude":"-29.0672","longitude":"78.4858"},"timezone":{"offset":"+10:00","description":"Eastern Australia, Guam, Vladivostok"}},"email":"ella.leinonen@example.com","login":{"uuid":"287f947a-00b6-425a-9a30-852701a5b1fc","username":"beautifulleopard434","password":"chevrole","salt":"aQykuOfO","md5":"7ba489996d1ed641be360a52877e261d","sha1":"1c1d6bc184322e7f3d08b852d22bac3eeec90257","sha256":"e40c065a146c7e7c5bfd6afa82979e187225c31eff47cb8602a27e3821d6eb31"},"dob":{"date":"1951-10-08T11:53:41.139Z","age":72},"registered":{"date":"2012-04-05T11:10:42.860Z","age":12},"phone":"02-637-197","cell":"042-675-48-37","id":{"name":"HETU","value":"NaNNA300undefined"},"picture":{"large":"https://randomuser.me/api/portraits/women/0.jpg","medium":"https://randomuser.me/api/portraits/med/women/0.jpg","thumbnail":"https://randomuser.me/api/portraits/thumb/women/0.jpg"},"nat":"FI"}],"info":{"seed":"34f5ce91db57acfc","results":1,"page":1,"version":"1.4"}} 
 </msg>
<msg time="2024-05-06T05:15:31.143644" level="INFO">/opt/hostedtoolcache/Python/3.12.3/x64/lib/python3.12/site-packages/urllib3/connectionpool.py:1103: InsecureRequestWarning: Unverified HTTPS request is being made to host 'randomuser.me'. Adding certificate verification is strongly advised. See: https://urllib3.readthedocs.io/en/latest/advanced-usage.html#tls-warnings
  warnings.warn(</msg>
<msg time="2024-05-06T05:15:31.143775" level="INFO">${response} = &lt;Response [200]&gt;</msg>
<var>${response}</var>
<arg>consultarAPI</arg>
<arg>/api</arg>
<doc>Sends a GET request on a previously created HTTP Session.</doc>
<status status="PASS" start="2024-05-06T05:15:31.054218" elapsed="0.089598"/>
</kw>
<kw name="Set Variable" owner="BuiltIn">
<msg time="2024-05-06T05:15:31.145146" level="INFO">${json_data} = {'results': [{'gender': 'female', 'name': {'title': 'Mrs', 'first': 'Ella', 'last': 'Leinonen'}, 'location': {'street': {'number': 5856, 'name': 'Hämeentie'}, 'city': 'Luhanka', 'state': 'Satakunta', ...</msg>
<var>${json_data}</var>
<arg>${response.json()}</arg>
<doc>Returns the given values which can then be assigned to a variables.</doc>
<status status="PASS" start="2024-05-06T05:15:31.144495" elapsed="0.000682"/>
</kw>
<kw name="Log" owner="BuiltIn">
<msg time="2024-05-06T05:15:31.145733" level="INFO">{'results': [{'gender': 'female', 'name': {'title': 'Mrs', 'first': 'Ella', 'last': 'Leinonen'}, 'location': {'street': {'number': 5856, 'name': 'Hämeentie'}, 'city': 'Luhanka', 'state': 'Satakunta', 'country': 'Finland', 'postcode': 14406, 'coordinates': {'latitude': '-29.0672', 'longitude': '78.4858'}, 'timezone': {'offset': '+10:00', 'description': 'Eastern Australia, Guam, Vladivostok'}}, 'email': 'ella.leinonen@example.com', 'login': {'uuid': '287f947a-00b6-425a-9a30-852701a5b1fc', 'username': 'beautifulleopard434', 'password': 'chevrole', 'salt': 'aQykuOfO', 'md5': '7ba489996d1ed641be360a52877e261d', 'sha1': '1c1d6bc184322e7f3d08b852d22bac3eeec90257', 'sha256': 'e40c065a146c7e7c5bfd6afa82979e187225c31eff47cb8602a27e3821d6eb31'}, 'dob': {'date': '1951-10-08T11:53:41.139Z', 'age': 72}, 'registered': {'date': '2012-04-05T11:10:42.860Z', 'age': 12}, 'phone': '02-637-197', 'cell': '042-675-48-37', 'id': {'name': 'HETU', 'value': 'NaNNA300undefined'}, 'picture': {'large': 'https://randomuser.me/api/portraits/women/0.jpg', 'medium': 'https://randomuser.me/api/portraits/med/women/0.jpg', 'thumbnail': 'https://randomuser.me/api/portraits/thumb/women/0.jpg'}, 'nat': 'FI'}], 'info': {'seed': '34f5ce91db57acfc', 'results': 1, 'page': 1, 'version': '1.4'}}</msg>
<arg>${json_data}</arg>
<doc>Logs the given message with the given level.</doc>
<status status="PASS" start="2024-05-06T05:15:31.145554" elapsed="0.000232"/>
</kw>
<kw name="Should Be Equal As Numbers" owner="BuiltIn">
<arg>${json_data['results'][0]['location']['postcode']}</arg>
<arg>${json_data['results'][0]['location']['postcode']}</arg>
<doc>Fails if objects are unequal after converting them to real numbers.</doc>
<status status="PASS" start="2024-05-06T05:15:31.146311" elapsed="0.000660"/>
</kw>
<kw name="Log" owner="BuiltIn">
<msg time="2024-05-06T05:15:31.147554" level="INFO">14406</msg>
<arg>${json_data['results'][0]['location']['postcode']}</arg>
<doc>Logs the given message with the given level.</doc>
<status status="PASS" start="2024-05-06T05:15:31.147209" elapsed="0.000388"/>
</kw>
<status status="PASS" start="2024-05-06T05:15:31.053979" elapsed="0.093883"/>
</kw>
<doc>Testa se os tipos de dados na resposta da API estão corretos.</doc>
<tag>testeTiposDados</tag>
<status status="PASS" start="2024-05-06T05:15:30.965835" elapsed="0.182196"/>
</test>
<test id="s1-s1-t5" name="Validar conteudo" line="35">
<kw name="Teste de Tipos de Conteudo" owner="random-user-service">
<kw name="GET On Session" owner="RequestsLibrary">
<msg time="2024-05-06T05:15:31.242628" level="INFO">GET Request : url=https://randomuser.me/api 
 path_url=/api 
 headers={'User-Agent': 'python-requests/2.31.0', 'Accept-Encoding': 'gzip, deflate', 'Accept': '*/*', 'Connection': 'keep-alive'} 
 body=None 
 </msg>
<msg time="2024-05-06T05:15:31.242729" level="INFO">GET Response : url=https://randomuser.me/api 
 status=200, reason=OK 
 headers={'Date': 'Mon, 06 May 2024 05:15:31 GMT', 'Content-Type': 'application/json; charset=utf-8', 'Transfer-Encoding': 'chunked', 'Connection': 'keep-alive', 'X-Powered-By': 'Express', 'Access-Control-Allow-Origin': '*', 'Cache-Control': 'no-cache', 'ETag': 'W/"482-kFd7nlnDHu3MQgsEM5I/K1BdBKE"', 'Vary': 'Accept-Encoding', 'Content-Encoding': 'gzip', 'CF-Cache-Status': 'DYNAMIC', 'Report-To': '{"endpoints":[{"url":"https:\\/\\/a.nel.cloudflare.com\\/report\\/v4?s=0KX9GehdPkraMcmnBgQxjmT5I6oyeIMbY%2Fx2UArtyLOSzbcpD%2BoJqAyPJ56QPAsR9UAMQ4uG4KNHpMw3vGXU09P7zT%2Btu7VHMMCEfRlOCsNIWtstWGQ43nGBvny9G59T"}],"group":"cf-nel","max_age":604800}', 'NEL': '{"success_fraction":0,"report_to":"cf-nel","max_age":604800}', 'Server': 'cloudflare', 'CF-RAY': '87f67e2fbb9f3976-IAD', 'alt-svc': 'h3=":443"; ma=86400'} 
 body={"results":[{"gender":"female","name":{"title":"Mrs","first":"Sofia","last":"Hansen"},"location":{"street":{"number":6315,"name":"Hjortevænget"},"city":"Hornbæk","state":"Syddanmark","country":"Denmark","postcode":59644,"coordinates":{"latitude":"-42.2114","longitude":"146.3016"},"timezone":{"offset":"-11:00","description":"Midway Island, Samoa"}},"email":"sofia.hansen@example.com","login":{"uuid":"e380a54f-8215-415d-9c8f-fb78f2ac22ef","username":"yellowzebra763","password":"kittens","salt":"jfvft2ZX","md5":"3676a86ac20ba647824e788a9473041f","sha1":"75e2988d2b0dd8a8735c0e6796de97d83536e285","sha256":"63b73d4dd12b8451517b99e589be86730e4d42f22f0807176d814e54c1fc868f"},"dob":{"date":"1970-09-17T08:28:21.563Z","age":53},"registered":{"date":"2012-11-04T01:44:01.205Z","age":11},"phone":"16811998","cell":"92810513","id":{"name":"CPR","value":"170970-5421"},"picture":{"large":"https://randomuser.me/api/portraits/women/93.jpg","medium":"https://randomuser.me/api/portraits/med/women/93.jpg","thumbnail":"https://randomuser.me/api/portraits/thumb/women/93.jpg"},"nat":"DK"}],"info":{"seed":"59e6f953b61a8008","results":1,"page":1,"version":"1.4"}} 
 </msg>
<msg time="2024-05-06T05:15:31.242805" level="INFO">/opt/hostedtoolcache/Python/3.12.3/x64/lib/python3.12/site-packages/urllib3/connectionpool.py:1103: InsecureRequestWarning: Unverified HTTPS request is being made to host 'randomuser.me'. Adding certificate verification is strongly advised. See: https://urllib3.readthedocs.io/en/latest/advanced-usage.html#tls-warnings
  warnings.warn(</msg>
<msg time="2024-05-06T05:15:31.242931" level="INFO">${response} = &lt;Response [200]&gt;</msg>
<var>${response}</var>
<arg>consultarAPI</arg>
<arg>/api</arg>
<doc>Sends a GET request on a previously created HTTP Session.</doc>
<status status="PASS" start="2024-05-06T05:15:31.150721" elapsed="0.092249"/>
</kw>
<kw name="Set Variable" owner="BuiltIn">
<msg time="2024-05-06T05:15:31.244182" level="INFO">${json_data} = {'results': [{'gender': 'female', 'name': {'title': 'Mrs', 'first': 'Sofia', 'last': 'Hansen'}, 'location': {'street': {'number': 6315, 'name': 'Hjortevænget'}, 'city': 'Hornbæk', 'state': 'Syddanmark...</msg>
<var>${json_data}</var>
<arg>${response.json()}</arg>
<doc>Returns the given values which can then be assigned to a variables.</doc>
<status status="PASS" start="2024-05-06T05:15:31.243609" elapsed="0.000602"/>
</kw>
<kw name="Set Variable" owner="BuiltIn">
<msg time="2024-05-06T05:15:31.244912" level="INFO">${name_title} = Mrs</msg>
<var>${name_title}</var>
<arg>${json_data["results"][0]["name"]["title"]}</arg>
<doc>Returns the given values which can then be assigned to a variables.</doc>
<status status="PASS" start="2024-05-06T05:15:31.244524" elapsed="0.000413"/>
</kw>
<kw name="Create List" owner="BuiltIn">
<msg time="2024-05-06T05:15:31.245439" level="INFO">${allowed_titles} = ['Mr', 'Ms', 'Miss', 'Mrs', 'Madame', 'Monsieur']</msg>
<var>${allowed_titles}</var>
<arg>Mr</arg>
<arg>Ms</arg>
<arg>Miss</arg>
<arg>Mrs</arg>
<arg>Madame</arg>
<arg>Monsieur</arg>
<doc>Returns a list containing given items.</doc>
<status status="PASS" start="2024-05-06T05:15:31.245289" elapsed="0.000174"/>
</kw>
<kw name="List Should Contain Value" owner="Collections">
<msg time="2024-05-06T05:15:31.245937" level="INFO">False</msg>
<arg>${allowed_titles}</arg>
<arg>${name_title}</arg>
<doc>Fails if the ``value`` is not found from ``list``.</doc>
<status status="PASS" start="2024-05-06T05:15:31.245760" elapsed="0.000213"/>
</kw>
<kw name="Set Variable" owner="BuiltIn">
<msg time="2024-05-06T05:15:31.246643" level="INFO">${name_country} = DK</msg>
<var>${name_country}</var>
<arg>${json_data["results"][0]["nat"]}</arg>
<doc>Returns the given values which can then be assigned to a variables.</doc>
<status status="PASS" start="2024-05-06T05:15:31.246260" elapsed="0.000408"/>
</kw>
<kw name="Create List" owner="BuiltIn">
<msg time="2024-05-06T05:15:31.247545" level="INFO">${list_country} = ['AD', 'AE', 'AF', 'AG', 'AI', 'AL', 'AM', 'AO', 'AQ', 'AR', 'AS', 'AT', 'AU', 'AW', 'AX', 'AZ', 'BA', 'BB', 'BD', 'BE', 'BF', 'BG', 'BH', 'BI', 'BJ', 'BL', 'BM', 'BN', 'BO', 'BQ', 'BR', 'BS', 'BT', '...</msg>
<var>${list_country}</var>
<arg>AD</arg>
<arg>AE</arg>
<arg>AF</arg>
<arg>AG</arg>
<arg>AI</arg>
<arg>AL</arg>
<arg>AM</arg>
<arg>AO</arg>
<arg>AQ</arg>
<arg>AR</arg>
<arg>AS</arg>
<arg>AT</arg>
<arg>AU</arg>
<arg>AW</arg>
<arg>AX</arg>
<arg>AZ</arg>
<arg>BA</arg>
<arg>BB</arg>
<arg>BD</arg>
<arg>BE</arg>
<arg>BF</arg>
<arg>BG</arg>
<arg>BH</arg>
<arg>BI</arg>
<arg>BJ</arg>
<arg>BL</arg>
<arg>BM</arg>
<arg>BN</arg>
<arg>BO</arg>
<arg>BQ</arg>
<arg>BR</arg>
<arg>BS</arg>
<arg>BT</arg>
<arg>BV</arg>
<arg>BW</arg>
<arg>BY</arg>
<arg>BZ</arg>
<arg>CA</arg>
<arg>CC</arg>
<arg>CD</arg>
<arg>CF</arg>
<arg>CG</arg>
<arg>CH</arg>
<arg>CI</arg>
<arg>CK</arg>
<arg>CL</arg>
<arg>CM</arg>
<arg>CN</arg>
<arg>CO</arg>
<arg>CR</arg>
<arg>CU</arg>
<arg>CV</arg>
<arg>CW</arg>
<arg>CX</arg>
<arg>CY</arg>
<arg>CZ</arg>
<arg>DE</arg>
<arg>DJ</arg>
<arg>DK</arg>
<arg>DM</arg>
<arg>DO</arg>
<arg>DZ</arg>
<arg>EC</arg>
<arg>EE</arg>
<arg>EG</arg>
<arg>EH</arg>
<arg>ER</arg>
<arg>ES</arg>
<arg>ET</arg>
<arg>FI</arg>
<arg>FJ</arg>
<arg>FK</arg>
<arg>FM</arg>
<arg>FO</arg>
<arg>FR</arg>
<arg>GA</arg>
<arg>GB</arg>
<arg>GD</arg>
<arg>GE</arg>
<arg>GF</arg>
<arg>GG</arg>
<arg>GH</arg>
<arg>GI</arg>
<arg>GL</arg>
<arg>GM</arg>
<arg>GN</arg>
<arg>GP</arg>
<arg>GQ</arg>
<arg>GR</arg>
<arg>GS</arg>
<arg>GT</arg>
<arg>GU</arg>
<arg>GW</arg>
<arg>GY</arg>
<arg>HK</arg>
<arg>HM</arg>
<arg>HN</arg>
<arg>HR</arg>
<arg>HT</arg>
<arg>HU</arg>
<arg>ID</arg>
<arg>IE</arg>
<arg>IL</arg>
<arg>IM</arg>
<arg>IN</arg>
<arg>IO</arg>
<arg>IQ</arg>
<arg>IR</arg>
<arg>IS</arg>
<arg>IT</arg>
<arg>JE</arg>
<arg>JM</arg>
<arg>JO</arg>
<arg>JP</arg>
<arg>KE</arg>
<arg>KG</arg>
<arg>KH</arg>
<arg>KI</arg>
<arg>KM</arg>
<arg>KN</arg>
<arg>KP</arg>
<arg>KR</arg>
<arg>KW</arg>
<arg>KY</arg>
<arg>KZ</arg>
<arg>LA</arg>
<arg>LB</arg>
<arg>LC</arg>
<arg>LI</arg>
<arg>LK</arg>
<arg>LR</arg>
<arg>LS</arg>
<arg>LT</arg>
<arg>LU</arg>
<arg>LV</arg>
<arg>LY</arg>
<arg>MA</arg>
<arg>MC</arg>
<arg>MD</arg>
<arg>ME</arg>
<arg>MF</arg>
<arg>MG</arg>
<arg>MH</arg>
<arg>MK</arg>
<arg>ML</arg>
<arg>MM</arg>
<arg>MN</arg>
<arg>MO</arg>
<arg>MP</arg>
<arg>MQ</arg>
<arg>MR</arg>
<arg>MS</arg>
<arg>MT</arg>
<arg>MU</arg>
<arg>MV</arg>
<arg>MW</arg>
<arg>MX</arg>
<arg>MY</arg>
<arg>MZ</arg>
<arg>NA</arg>
<arg>NC</arg>
<arg>NE</arg>
<arg>NF</arg>
<arg>NG</arg>
<arg>NI</arg>
<arg>NL</arg>
<arg>NO</arg>
<arg>NP</arg>
<arg>NR</arg>
<arg>NU</arg>
<arg>NZ</arg>
<arg>OM</arg>
<arg>PA</arg>
<arg>PE</arg>
<arg>PF</arg>
<arg>PG</arg>
<arg>PH</arg>
<arg>PK</arg>
<arg>PL</arg>
<arg>PM</arg>
<arg>PN</arg>
<arg>PR</arg>
<arg>PS</arg>
<arg>PT</arg>
<arg>PW</arg>
<arg>PY</arg>
<arg>QA</arg>
<arg>RE</arg>
<arg>RO</arg>
<arg>RS</arg>
<arg>RU</arg>
<arg>RW</arg>
<arg>SA</arg>
<arg>SB</arg>
<arg>SC</arg>
<arg>SD</arg>
<arg>SE</arg>
<arg>SG</arg>
<arg>SH</arg>
<arg>SI</arg>
<arg>SJ</arg>
<arg>SK</arg>
<arg>SL</arg>
<arg>SM</arg>
<arg>SN</arg>
<arg>SO</arg>
<arg>SR</arg>
<arg>SS</arg>
<arg>ST</arg>
<arg>SV</arg>
<arg>SX</arg>
<arg>SY</arg>
<arg>SZ</arg>
<arg>TC</arg>
<arg>TD</arg>
<arg>TF</arg>
<arg>TG</arg>
<arg>TH</arg>
<arg>TJ</arg>
<arg>TK</arg>
<arg>TL</arg>
<arg>TM</arg>
<arg>TN</arg>
<arg>TO</arg>
<arg>TR</arg>
<arg>TT</arg>
<arg>TV</arg>
<arg>TW</arg>
<arg>TZ</arg>
<arg>UA</arg>
<arg>UG</arg>
<arg>UM</arg>
<arg>US</arg>
<arg>UY</arg>
<arg>UZ</arg>
<arg>VA</arg>
<arg>VC</arg>
<arg>VE</arg>
<arg>VG</arg>
<arg>VI</arg>
<arg>VN</arg>
<arg>VU</arg>
<arg>WF</arg>
<arg>WS</arg>
<arg>XK</arg>
<arg>YE</arg>
<arg>YT</arg>
<arg>ZA</arg>
<arg>ZM</arg>
<arg>ZW</arg>
<doc>Returns a list containing given items.</doc>
<status status="PASS" start="2024-05-06T05:15:31.246969" elapsed="0.000601"/>
</kw>
<kw name="List Should Contain Value" owner="Collections">
<msg time="2024-05-06T05:15:31.248579" level="INFO">False</msg>
<arg>${list_country}</arg>
<arg>${name_country}</arg>
<doc>Fails if the ``value`` is not found from ``list``.</doc>
<status status="PASS" start="2024-05-06T05:15:31.248384" elapsed="0.000231"/>
</kw>
<kw name="Run Keyword If" owner="BuiltIn">
<kw name="Should Be True" owner="BuiltIn">
<arg>${True}</arg>
<doc>Fails if the given condition is not true.</doc>
<status status="PASS" start="2024-05-06T05:15:31.249709" elapsed="0.000266"/>
</kw>
<arg>${json_data["results"][0]["location"]["coordinates"]["latitude"]} &gt;= -90 and ${json_data["results"][0]["location"]["coordinates"]["latitude"]} &lt;= 90</arg>
<arg>Should Be True</arg>
<arg>${True}</arg>
<doc>Runs the given keyword with the given arguments, if ``condition`` is true.</doc>
<status status="PASS" start="2024-05-06T05:15:31.248922" elapsed="0.001185"/>
</kw>
<kw name="Run Keyword If" owner="BuiltIn">
<kw name="Should Be True" owner="BuiltIn">
<arg>${True}</arg>
<doc>Fails if the given condition is not true.</doc>
<status status="PASS" start="2024-05-06T05:15:31.250996" elapsed="0.000138"/>
</kw>
<arg>${json_data["results"][0]["location"]["coordinates"]["longitude"]} &gt;= -180 and ${json_data["results"][0]["location"]["coordinates"]["longitude"]} &lt;= 180</arg>
<arg>Should Be True</arg>
<arg>${True}</arg>
<doc>Runs the given keyword with the given arguments, if ``condition`` is true.</doc>
<status status="PASS" start="2024-05-06T05:15:31.250295" elapsed="0.000959"/>
</kw>
<status status="PASS" start="2024-05-06T05:15:31.150479" elapsed="0.100906"/>
</kw>
<doc>Testa o conteúdo específico dos campos retornados pela API.</doc>
<tag>testeConteudo</tag>
<status status="PASS" start="2024-05-06T05:15:31.149913" elapsed="0.101624"/>
</test>
<status status="PASS" start="2024-05-06T05:15:30.223667" elapsed="1.029959"/>
</suite>
<status status="PASS" start="2024-05-06T05:15:30.209817" elapsed="1.049050"/>
</suite>
<statistics>
<total>
<stat pass="5" fail="0" skip="0">All Tests</stat>
</total>
<tag>
<stat pass="1" fail="0" skip="0">testeConteudo</stat>
<stat pass="1" fail="0" skip="0">testeEstruturaResposta</stat>
<stat pass="1" fail="0" skip="0">testeRequisicaoBasica</stat>
<stat pass="1" fail="0" skip="0">testeTiposDados</stat>
</tag>
<suite>
<stat pass="5" fail="0" skip="0" id="s1" name="Tests">Tests</stat>
<stat pass="5" fail="0" skip="0" id="s1-s1" name="Random-User-Test">Tests.Random-User-Test</stat>
</suite>
</statistics>
<errors>
</errors>
</robot>
