<?xml version="1.0" encoding="UTF-8"?>
<robot generator="Robot 7.0 (Python 3.12.2 on linux)" generated="2024-04-01T22:13:41.921721" rpa="false" schemaversion="5">
<suite id="s1" name="Tests" source="/home/runner/work/DesafioQAItauRogerioJordao/DesafioQAItauRogerioJordao/RamdonUser/tests">
<suite id="s1-s1" name="Random-User-Test" source="/home/runner/work/DesafioQAItauRogerioJordao/DesafioQAItauRogerioJordao/RamdonUser/tests/random-user-test.robot">
<test id="s1-s1-t1" name="Conectar" line="13">
<kw name="Conectar API" owner="random-user-service">
<kw name="Create Session" owner="RequestsLibrary">
<msg time="2024-04-01T22:13:42.282595" level="INFO">Creating Session using : alias=consultarAPI, url=https://randomuser.me/, headers={},                     cookies={}, auth=None, timeout=None, proxies=None, verify=False,                     debug=0 </msg>
<arg>consultarAPI</arg>
<arg>${URL}</arg>
<doc>Create Session: create a HTTP session to a server</doc>
<status status="PASS" start="2024-04-01T22:13:42.282397" elapsed="0.000367"/>
</kw>
<status status="PASS" start="2024-04-01T22:13:42.281422" elapsed="0.001693"/>
</kw>
<status status="PASS" start="2024-04-01T22:13:42.280857" elapsed="0.002459"/>
</test>
<test id="s1-s1-t2" name="Validar retorno 200 e JSON Válido" line="16">
<kw name="Teste de Requisicao Basica" owner="random-user-service">
<kw name="GET On Session" owner="RequestsLibrary">
<msg time="2024-04-01T22:13:42.837804" level="INFO">GET Request : url=https://randomuser.me/api 
 path_url=/api 
 headers={'User-Agent': 'python-requests/2.31.0', 'Accept-Encoding': 'gzip, deflate', 'Accept': '*/*', 'Connection': 'keep-alive'} 
 body=None 
 </msg>
<msg time="2024-04-01T22:13:42.837940" level="INFO">GET Response : url=https://randomuser.me/api 
 status=200, reason=OK 
 headers={'Date': 'Mon, 01 Apr 2024 22:13:42 GMT', 'Content-Type': 'application/json; charset=utf-8', 'Transfer-Encoding': 'chunked', 'Connection': 'keep-alive', 'X-Powered-By': 'Express', 'Access-Control-Allow-Origin': '*', 'Cache-Control': 'no-cache', 'ETag': 'W/"470-jA8HMc1HaNM9ooBstfZAyySTVGs"', 'Vary': 'Accept-Encoding', 'Content-Encoding': 'gzip', 'CF-Cache-Status': 'DYNAMIC', 'Report-To': '{"endpoints":[{"url":"https:\\/\\/a.nel.cloudflare.com\\/report\\/v4?s=2c3jmfaPYFMxhuLmSQGU3JiER8g%2BBbqcitglC8ItYfpIuUNCcCcyV2RaYx%2F4VcaLNSgjDUY7Sfv%2FqZjhYfCbM9A0ibaFEfvVrtuZnj783rK4Qqf1Cz9nejMnWaWzGPZx"}],"group":"cf-nel","max_age":604800}', 'NEL': '{"success_fraction":0,"report_to":"cf-nel","max_age":604800}', 'Server': 'cloudflare', 'CF-RAY': '86dbed8e09041504-LAX', 'alt-svc': 'h3=":443"; ma=86400'} 
 body={"results":[{"gender":"female","name":{"title":"Ms","first":"Judith","last":"Shaw"},"location":{"street":{"number":3328,"name":"New Road"},"city":"Dunboyne","state":"Louth","country":"Ireland","postcode":78073,"coordinates":{"latitude":"2.2433","longitude":"21.9317"},"timezone":{"offset":"-12:00","description":"Eniwetok, Kwajalein"}},"email":"judith.shaw@example.com","login":{"uuid":"7df05759-c99b-4f10-a541-3b8497da60ba","username":"bigdog745","password":"cosmic","salt":"LMU0ecxu","md5":"63a4623ab6b47ee0e51f5e35fac12352","sha1":"63599ae9ccbd0b094a951939203e83efecf17f5a","sha256":"74b13d6abea9e8e261230dae8ef89cc3829671249a3df7c447630416d1cc49f8"},"dob":{"date":"1973-10-30T05:09:37.156Z","age":50},"registered":{"date":"2007-04-07T02:20:52.253Z","age":16},"phone":"041-864-0666","cell":"081-661-1163","id":{"name":"PPS","value":"4857192T"},"picture":{"large":"https://randomuser.me/api/portraits/women/56.jpg","medium":"https://randomuser.me/api/portraits/med/women/56.jpg","thumbnail":"https://randomuser.me/api/portraits/thumb/women/56.jpg"},"nat":"IE"}],"info":{"seed":"863aa20269611ae6","results":1,"page":1,"version":"1.4"}} 
 </msg>
<msg time="2024-04-01T22:13:42.838058" level="INFO">/opt/hostedtoolcache/Python/3.12.2/x64/lib/python3.12/site-packages/urllib3/connectionpool.py:1103: InsecureRequestWarning: Unverified HTTPS request is being made to host 'randomuser.me'. Adding certificate verification is strongly advised. See: https://urllib3.readthedocs.io/en/latest/advanced-usage.html#tls-warnings
  warnings.warn(</msg>
<msg time="2024-04-01T22:13:42.838196" level="INFO">${response} = &lt;Response [200]&gt;</msg>
<var>${response}</var>
<arg>consultarAPI</arg>
<arg>/api</arg>
<doc>Sends a GET request on a previously created HTTP Session.</doc>
<status status="PASS" start="2024-04-01T22:13:42.285988" elapsed="0.552245"/>
</kw>
<kw name="Should Be Equal As Numbers" owner="BuiltIn">
<msg time="2024-04-01T22:13:42.839094" level="INFO">Argument types are:
&lt;class 'int'&gt;
&lt;class 'str'&gt;</msg>
<arg>${response.status_code}</arg>
<arg>200</arg>
<doc>Fails if objects are unequal after converting them to real numbers.</doc>
<status status="PASS" start="2024-04-01T22:13:42.838689" elapsed="0.000467"/>
</kw>
<kw name="Log" owner="BuiltIn">
<msg time="2024-04-01T22:13:42.839818" level="INFO">200</msg>
<arg>${response.status_code}</arg>
<doc>Logs the given message with the given level.</doc>
<status status="PASS" start="2024-04-01T22:13:42.839469" elapsed="0.000391"/>
</kw>
<kw name="Set Variable" owner="BuiltIn">
<msg time="2024-04-01T22:13:42.840640" level="INFO">${json_data} = {'results': [{'gender': 'female', 'name': {'title': 'Ms', 'first': 'Judith', 'last': 'Shaw'}, 'location': {'street': {'number': 3328, 'name': 'New Road'}, 'city': 'Dunboyne', 'state': 'Louth', 'countr...</msg>
<var>${json_data}</var>
<arg>${response.json()}</arg>
<doc>Returns the given values which can then be assigned to a variables.</doc>
<status status="PASS" start="2024-04-01T22:13:42.840214" elapsed="0.000454"/>
</kw>
<kw name="Dictionary Should Contain Key" owner="Collections">
<msg time="2024-04-01T22:13:42.841127" level="INFO">False</msg>
<arg>${json_data}</arg>
<arg>results</arg>
<doc>Fails if ``key`` is not found from ``dictionary``.</doc>
<status status="PASS" start="2024-04-01T22:13:42.840966" elapsed="0.000199"/>
</kw>
<status status="PASS" start="2024-04-01T22:13:42.285734" elapsed="0.555680"/>
</kw>
<doc>Testa se a API responde corretamente e retorna um objeto JSON válido.</doc>
<tag>testeRequisicaoBasica</tag>
<status status="PASS" start="2024-04-01T22:13:42.285162" elapsed="0.556426"/>
</test>
<test id="s1-s1-t3" name="Validar estrutura de resposta" line="22">
<kw name="Teste de Estrutura de Resposta" owner="random-user-service">
<kw name="GET On Session" owner="RequestsLibrary">
<msg time="2024-04-01T22:13:42.951979" level="INFO">GET Request : url=https://randomuser.me/api 
 path_url=/api 
 headers={'User-Agent': 'python-requests/2.31.0', 'Accept-Encoding': 'gzip, deflate', 'Accept': '*/*', 'Connection': 'keep-alive'} 
 body=None 
 </msg>
<msg time="2024-04-01T22:13:42.952074" level="INFO">GET Response : url=https://randomuser.me/api 
 status=200, reason=OK 
 headers={'Date': 'Mon, 01 Apr 2024 22:13:42 GMT', 'Content-Type': 'application/json; charset=utf-8', 'Transfer-Encoding': 'chunked', 'Connection': 'keep-alive', 'X-Powered-By': 'Express', 'Access-Control-Allow-Origin': '*', 'Cache-Control': 'no-cache', 'ETag': 'W/"496-EfuF0fCbV2PkKafPHm5fGLBhuUs"', 'Vary': 'Accept-Encoding', 'Content-Encoding': 'gzip', 'CF-Cache-Status': 'DYNAMIC', 'Report-To': '{"endpoints":[{"url":"https:\\/\\/a.nel.cloudflare.com\\/report\\/v4?s=oKH3Dwg5WdqReNH3LcwO4pAiM6WDFIy6mmL1frO2qA4vbQFm68AdW7ryDOTOqq2LZNBZR1Sdd%2FFk3%2FRXEU3vCqADNy4P%2FHgPv7bqlCsIyLMcbpsfB%2FTaDRsifbDRjF%2Be"}],"group":"cf-nel","max_age":604800}', 'NEL': '{"success_fraction":0,"report_to":"cf-nel","max_age":604800}', 'Server': 'cloudflare', 'CF-RAY': '86dbed8ec9fa1504-LAX', 'alt-svc': 'h3=":443"; ma=86400'} 
 body={"results":[{"gender":"female","name":{"title":"Mrs","first":"Maddison","last":"Singh"},"location":{"street":{"number":2850,"name":"Moray Place"},"city":"Auckland","state":"Northland","country":"New Zealand","postcode":81523,"coordinates":{"latitude":"49.2208","longitude":"158.2979"},"timezone":{"offset":"+11:00","description":"Magadan, Solomon Islands, New Caledonia"}},"email":"maddison.singh@example.com","login":{"uuid":"9a6f4808-c532-492e-8cd7-dde0e30c3b7b","username":"heavyswan876","password":"simona","salt":"wniKj4UV","md5":"a58df59371fc3cbce6e95a966d66192c","sha1":"2a8e3ecb8e35d734c57e42f3b8235c031587ec31","sha256":"2bd859090a2eeceb6372a02df718c0098d5345210bfc801f5f1a2870846084f1"},"dob":{"date":"1995-10-25T03:51:12.911Z","age":28},"registered":{"date":"2002-07-26T04:22:32.799Z","age":21},"phone":"(207)-274-7158","cell":"(894)-504-3627","id":{"name":"","value":null},"picture":{"large":"https://randomuser.me/api/portraits/women/86.jpg","medium":"https://randomuser.me/api/portraits/med/women/86.jpg","thumbnail":"https://randomuser.me/api/portraits/thumb/women/86.jpg"},"nat":"NZ"}],"info":{"seed":"c75d531793a56946","results":1,"page":1,"version":"1.4"}} 
 </msg>
<msg time="2024-04-01T22:13:42.952209" level="INFO">/opt/hostedtoolcache/Python/3.12.2/x64/lib/python3.12/site-packages/urllib3/connectionpool.py:1103: InsecureRequestWarning: Unverified HTTPS request is being made to host 'randomuser.me'. Adding certificate verification is strongly advised. See: https://urllib3.readthedocs.io/en/latest/advanced-usage.html#tls-warnings
  warnings.warn(</msg>
<msg time="2024-04-01T22:13:42.952333" level="INFO">${response} = &lt;Response [200]&gt;</msg>
<var>${response}</var>
<arg>consultarAPI</arg>
<arg>/api</arg>
<doc>Sends a GET request on a previously created HTTP Session.</doc>
<status status="PASS" start="2024-04-01T22:13:42.844195" elapsed="0.108186"/>
</kw>
<kw name="Set Variable" owner="BuiltIn">
<msg time="2024-04-01T22:13:42.953183" level="INFO">${json_data} = {'results': [{'gender': 'female', 'name': {'title': 'Mrs', 'first': 'Maddison', 'last': 'Singh'}, 'location': {'street': {'number': 2850, 'name': 'Moray Place'}, 'city': 'Auckland', 'state': 'Northlan...</msg>
<var>${json_data}</var>
<arg>${response.json()}</arg>
<doc>Returns the given values which can then be assigned to a variables.</doc>
<status status="PASS" start="2024-04-01T22:13:42.952747" elapsed="0.000463"/>
</kw>
<kw name="Log" owner="BuiltIn">
<msg time="2024-04-01T22:13:42.953674" level="INFO">{'results': [{'gender': 'female', 'name': {'title': 'Mrs', 'first': 'Maddison', 'last': 'Singh'}, 'location': {'street': {'number': 2850, 'name': 'Moray Place'}, 'city': 'Auckland', 'state': 'Northland', 'country': 'New Zealand', 'postcode': 81523, 'coordinates': {'latitude': '49.2208', 'longitude': '158.2979'}, 'timezone': {'offset': '+11:00', 'description': 'Magadan, Solomon Islands, New Caledonia'}}, 'email': 'maddison.singh@example.com', 'login': {'uuid': '9a6f4808-c532-492e-8cd7-dde0e30c3b7b', 'username': 'heavyswan876', 'password': 'simona', 'salt': 'wniKj4UV', 'md5': 'a58df59371fc3cbce6e95a966d66192c', 'sha1': '2a8e3ecb8e35d734c57e42f3b8235c031587ec31', 'sha256': '2bd859090a2eeceb6372a02df718c0098d5345210bfc801f5f1a2870846084f1'}, 'dob': {'date': '1995-10-25T03:51:12.911Z', 'age': 28}, 'registered': {'date': '2002-07-26T04:22:32.799Z', 'age': 21}, 'phone': '(207)-274-7158', 'cell': '(894)-504-3627', 'id': {'name': '', 'value': None}, 'picture': {'large': 'https://randomuser.me/api/portraits/women/86.jpg', 'medium': 'https://randomuser.me/api/portraits/med/women/86.jpg', 'thumbnail': 'https://randomuser.me/api/portraits/thumb/women/86.jpg'}, 'nat': 'NZ'}], 'info': {'seed': 'c75d531793a56946', 'results': 1, 'page': 1, 'version': '1.4'}}</msg>
<arg>${json_data}</arg>
<doc>Logs the given message with the given level.</doc>
<status status="PASS" start="2024-04-01T22:13:42.953520" elapsed="0.000201"/>
</kw>
<kw name="Dictionary Should Contain Key" owner="Collections">
<msg time="2024-04-01T22:13:42.954161" level="INFO">False</msg>
<arg>${json_data}</arg>
<arg>results</arg>
<doc>Fails if ``key`` is not found from ``dictionary``.</doc>
<status status="PASS" start="2024-04-01T22:13:42.954013" elapsed="0.000184"/>
</kw>
<kw name="Should Not Be Empty" owner="BuiltIn">
<msg time="2024-04-01T22:13:42.954611" level="INFO">Length is 2.</msg>
<arg>${json_data}</arg>
<doc>Verifies that the given item is not empty.</doc>
<status status="PASS" start="2024-04-01T22:13:42.954482" elapsed="0.000166"/>
</kw>
<kw name="Create List" owner="BuiltIn">
<msg time="2024-04-01T22:13:42.955081" level="INFO">${expected_keys} = ['gender', 'name', 'location', 'email', 'login']</msg>
<var>${expected_keys}</var>
<arg>gender</arg>
<arg>name</arg>
<arg>location</arg>
<arg>email</arg>
<arg>login</arg>
<doc>Returns a list containing given items.</doc>
<status status="PASS" start="2024-04-01T22:13:42.954931" elapsed="0.000173"/>
</kw>
<for flavor="IN">
<iter>
<kw name="Dictionary Should Contain Key" owner="Collections">
<msg time="2024-04-01T22:13:42.956102" level="INFO">False</msg>
<arg>${json_data['results'][0]}</arg>
<arg>${key}</arg>
<doc>Fails if ``key`` is not found from ``dictionary``.</doc>
<status status="PASS" start="2024-04-01T22:13:42.955663" elapsed="0.000477"/>
</kw>
<kw name="Log" owner="BuiltIn">
<msg time="2024-04-01T22:13:42.956803" level="INFO">{'gender': 'female', 'name': {'title': 'Mrs', 'first': 'Maddison', 'last': 'Singh'}, 'location': {'street': {'number': 2850, 'name': 'Moray Place'}, 'city': 'Auckland', 'state': 'Northland', 'country': 'New Zealand', 'postcode': 81523, 'coordinates': {'latitude': '49.2208', 'longitude': '158.2979'}, 'timezone': {'offset': '+11:00', 'description': 'Magadan, Solomon Islands, New Caledonia'}}, 'email': 'maddison.singh@example.com', 'login': {'uuid': '9a6f4808-c532-492e-8cd7-dde0e30c3b7b', 'username': 'heavyswan876', 'password': 'simona', 'salt': 'wniKj4UV', 'md5': 'a58df59371fc3cbce6e95a966d66192c', 'sha1': '2a8e3ecb8e35d734c57e42f3b8235c031587ec31', 'sha256': '2bd859090a2eeceb6372a02df718c0098d5345210bfc801f5f1a2870846084f1'}, 'dob': {'date': '1995-10-25T03:51:12.911Z', 'age': 28}, 'registered': {'date': '2002-07-26T04:22:32.799Z', 'age': 21}, 'phone': '(207)-274-7158', 'cell': '(894)-504-3627', 'id': {'name': '', 'value': None}, 'picture': {'large': 'https://randomuser.me/api/portraits/women/86.jpg', 'medium': 'https://randomuser.me/api/portraits/med/women/86.jpg', 'thumbnail': 'https://randomuser.me/api/portraits/thumb/women/86.jpg'}, 'nat': 'NZ'}</msg>
<arg>${json_data['results'][0]}</arg>
<doc>Logs the given message with the given level.</doc>
<status status="PASS" start="2024-04-01T22:13:42.956442" elapsed="0.000416"/>
</kw>
<kw name="Log" owner="BuiltIn">
<msg time="2024-04-01T22:13:42.957289" level="INFO">gender</msg>
<arg>${key}</arg>
<doc>Logs the given message with the given level.</doc>
<status status="PASS" start="2024-04-01T22:13:42.957160" elapsed="0.000167"/>
</kw>
<var name="${key}">gender</var>
<status status="PASS" start="2024-04-01T22:13:42.955531" elapsed="0.002018"/>
</iter>
<iter>
<kw name="Dictionary Should Contain Key" owner="Collections">
<msg time="2024-04-01T22:13:42.958276" level="INFO">False</msg>
<arg>${json_data['results'][0]}</arg>
<arg>${key}</arg>
<doc>Fails if ``key`` is not found from ``dictionary``.</doc>
<status status="PASS" start="2024-04-01T22:13:42.957871" elapsed="0.000443"/>
</kw>
<kw name="Log" owner="BuiltIn">
<msg time="2024-04-01T22:13:42.959012" level="INFO">{'gender': 'female', 'name': {'title': 'Mrs', 'first': 'Maddison', 'last': 'Singh'}, 'location': {'street': {'number': 2850, 'name': 'Moray Place'}, 'city': 'Auckland', 'state': 'Northland', 'country': 'New Zealand', 'postcode': 81523, 'coordinates': {'latitude': '49.2208', 'longitude': '158.2979'}, 'timezone': {'offset': '+11:00', 'description': 'Magadan, Solomon Islands, New Caledonia'}}, 'email': 'maddison.singh@example.com', 'login': {'uuid': '9a6f4808-c532-492e-8cd7-dde0e30c3b7b', 'username': 'heavyswan876', 'password': 'simona', 'salt': 'wniKj4UV', 'md5': 'a58df59371fc3cbce6e95a966d66192c', 'sha1': '2a8e3ecb8e35d734c57e42f3b8235c031587ec31', 'sha256': '2bd859090a2eeceb6372a02df718c0098d5345210bfc801f5f1a2870846084f1'}, 'dob': {'date': '1995-10-25T03:51:12.911Z', 'age': 28}, 'registered': {'date': '2002-07-26T04:22:32.799Z', 'age': 21}, 'phone': '(207)-274-7158', 'cell': '(894)-504-3627', 'id': {'name': '', 'value': None}, 'picture': {'large': 'https://randomuser.me/api/portraits/women/86.jpg', 'medium': 'https://randomuser.me/api/portraits/med/women/86.jpg', 'thumbnail': 'https://randomuser.me/api/portraits/thumb/women/86.jpg'}, 'nat': 'NZ'}</msg>
<arg>${json_data['results'][0]}</arg>
<doc>Logs the given message with the given level.</doc>
<status status="PASS" start="2024-04-01T22:13:42.958655" elapsed="0.000403"/>
</kw>
<kw name="Log" owner="BuiltIn">
<msg time="2024-04-01T22:13:42.959631" level="INFO">name</msg>
<arg>${key}</arg>
<doc>Logs the given message with the given level.</doc>
<status status="PASS" start="2024-04-01T22:13:42.959442" elapsed="0.000237"/>
</kw>
<var name="${key}">name</var>
<status status="PASS" start="2024-04-01T22:13:42.957748" elapsed="0.002228"/>
</iter>
<iter>
<kw name="Dictionary Should Contain Key" owner="Collections">
<msg time="2024-04-01T22:13:42.960849" level="INFO">False</msg>
<arg>${json_data['results'][0]}</arg>
<arg>${key}</arg>
<doc>Fails if ``key`` is not found from ``dictionary``.</doc>
<status status="PASS" start="2024-04-01T22:13:42.960337" elapsed="0.000560"/>
</kw>
<kw name="Log" owner="BuiltIn">
<msg time="2024-04-01T22:13:42.961772" level="INFO">{'gender': 'female', 'name': {'title': 'Mrs', 'first': 'Maddison', 'last': 'Singh'}, 'location': {'street': {'number': 2850, 'name': 'Moray Place'}, 'city': 'Auckland', 'state': 'Northland', 'country': 'New Zealand', 'postcode': 81523, 'coordinates': {'latitude': '49.2208', 'longitude': '158.2979'}, 'timezone': {'offset': '+11:00', 'description': 'Magadan, Solomon Islands, New Caledonia'}}, 'email': 'maddison.singh@example.com', 'login': {'uuid': '9a6f4808-c532-492e-8cd7-dde0e30c3b7b', 'username': 'heavyswan876', 'password': 'simona', 'salt': 'wniKj4UV', 'md5': 'a58df59371fc3cbce6e95a966d66192c', 'sha1': '2a8e3ecb8e35d734c57e42f3b8235c031587ec31', 'sha256': '2bd859090a2eeceb6372a02df718c0098d5345210bfc801f5f1a2870846084f1'}, 'dob': {'date': '1995-10-25T03:51:12.911Z', 'age': 28}, 'registered': {'date': '2002-07-26T04:22:32.799Z', 'age': 21}, 'phone': '(207)-274-7158', 'cell': '(894)-504-3627', 'id': {'name': '', 'value': None}, 'picture': {'large': 'https://randomuser.me/api/portraits/women/86.jpg', 'medium': 'https://randomuser.me/api/portraits/med/women/86.jpg', 'thumbnail': 'https://randomuser.me/api/portraits/thumb/women/86.jpg'}, 'nat': 'NZ'}</msg>
<arg>${json_data['results'][0]}</arg>
<doc>Logs the given message with the given level.</doc>
<status status="PASS" start="2024-04-01T22:13:42.961275" elapsed="0.000566"/>
</kw>
<kw name="Log" owner="BuiltIn">
<msg time="2024-04-01T22:13:42.962366" level="INFO">location</msg>
<arg>${key}</arg>
<doc>Logs the given message with the given level.</doc>
<status status="PASS" start="2024-04-01T22:13:42.962215" elapsed="0.000191"/>
</kw>
<var name="${key}">location</var>
<status status="PASS" start="2024-04-01T22:13:42.960196" elapsed="0.002432"/>
</iter>
<iter>
<kw name="Dictionary Should Contain Key" owner="Collections">
<msg time="2024-04-01T22:13:42.963290" level="INFO">False</msg>
<arg>${json_data['results'][0]}</arg>
<arg>${key}</arg>
<doc>Fails if ``key`` is not found from ``dictionary``.</doc>
<status status="PASS" start="2024-04-01T22:13:42.962916" elapsed="0.000412"/>
</kw>
<kw name="Log" owner="BuiltIn">
<msg time="2024-04-01T22:13:42.964011" level="INFO">{'gender': 'female', 'name': {'title': 'Mrs', 'first': 'Maddison', 'last': 'Singh'}, 'location': {'street': {'number': 2850, 'name': 'Moray Place'}, 'city': 'Auckland', 'state': 'Northland', 'country': 'New Zealand', 'postcode': 81523, 'coordinates': {'latitude': '49.2208', 'longitude': '158.2979'}, 'timezone': {'offset': '+11:00', 'description': 'Magadan, Solomon Islands, New Caledonia'}}, 'email': 'maddison.singh@example.com', 'login': {'uuid': '9a6f4808-c532-492e-8cd7-dde0e30c3b7b', 'username': 'heavyswan876', 'password': 'simona', 'salt': 'wniKj4UV', 'md5': 'a58df59371fc3cbce6e95a966d66192c', 'sha1': '2a8e3ecb8e35d734c57e42f3b8235c031587ec31', 'sha256': '2bd859090a2eeceb6372a02df718c0098d5345210bfc801f5f1a2870846084f1'}, 'dob': {'date': '1995-10-25T03:51:12.911Z', 'age': 28}, 'registered': {'date': '2002-07-26T04:22:32.799Z', 'age': 21}, 'phone': '(207)-274-7158', 'cell': '(894)-504-3627', 'id': {'name': '', 'value': None}, 'picture': {'large': 'https://randomuser.me/api/portraits/women/86.jpg', 'medium': 'https://randomuser.me/api/portraits/med/women/86.jpg', 'thumbnail': 'https://randomuser.me/api/portraits/thumb/women/86.jpg'}, 'nat': 'NZ'}</msg>
<arg>${json_data['results'][0]}</arg>
<doc>Logs the given message with the given level.</doc>
<status status="PASS" start="2024-04-01T22:13:42.963626" elapsed="0.000434"/>
</kw>
<kw name="Log" owner="BuiltIn">
<msg time="2024-04-01T22:13:42.964484" level="INFO">email</msg>
<arg>${key}</arg>
<doc>Logs the given message with the given level.</doc>
<status status="PASS" start="2024-04-01T22:13:42.964357" elapsed="0.000165"/>
</kw>
<var name="${key}">email</var>
<status status="PASS" start="2024-04-01T22:13:42.962801" elapsed="0.001932"/>
</iter>
<iter>
<kw name="Dictionary Should Contain Key" owner="Collections">
<msg time="2024-04-01T22:13:42.965404" level="INFO">False</msg>
<arg>${json_data['results'][0]}</arg>
<arg>${key}</arg>
<doc>Fails if ``key`` is not found from ``dictionary``.</doc>
<status status="PASS" start="2024-04-01T22:13:42.965021" elapsed="0.000420"/>
</kw>
<kw name="Log" owner="BuiltIn">
<msg time="2024-04-01T22:13:42.966091" level="INFO">{'gender': 'female', 'name': {'title': 'Mrs', 'first': 'Maddison', 'last': 'Singh'}, 'location': {'street': {'number': 2850, 'name': 'Moray Place'}, 'city': 'Auckland', 'state': 'Northland', 'country': 'New Zealand', 'postcode': 81523, 'coordinates': {'latitude': '49.2208', 'longitude': '158.2979'}, 'timezone': {'offset': '+11:00', 'description': 'Magadan, Solomon Islands, New Caledonia'}}, 'email': 'maddison.singh@example.com', 'login': {'uuid': '9a6f4808-c532-492e-8cd7-dde0e30c3b7b', 'username': 'heavyswan876', 'password': 'simona', 'salt': 'wniKj4UV', 'md5': 'a58df59371fc3cbce6e95a966d66192c', 'sha1': '2a8e3ecb8e35d734c57e42f3b8235c031587ec31', 'sha256': '2bd859090a2eeceb6372a02df718c0098d5345210bfc801f5f1a2870846084f1'}, 'dob': {'date': '1995-10-25T03:51:12.911Z', 'age': 28}, 'registered': {'date': '2002-07-26T04:22:32.799Z', 'age': 21}, 'phone': '(207)-274-7158', 'cell': '(894)-504-3627', 'id': {'name': '', 'value': None}, 'picture': {'large': 'https://randomuser.me/api/portraits/women/86.jpg', 'medium': 'https://randomuser.me/api/portraits/med/women/86.jpg', 'thumbnail': 'https://randomuser.me/api/portraits/thumb/women/86.jpg'}, 'nat': 'NZ'}</msg>
<arg>${json_data['results'][0]}</arg>
<doc>Logs the given message with the given level.</doc>
<status status="PASS" start="2024-04-01T22:13:42.965734" elapsed="0.000403"/>
</kw>
<kw name="Log" owner="BuiltIn">
<msg time="2024-04-01T22:13:42.966553" level="INFO">login</msg>
<arg>${key}</arg>
<doc>Logs the given message with the given level.</doc>
<status status="PASS" start="2024-04-01T22:13:42.966427" elapsed="0.000266"/>
</kw>
<var name="${key}">login</var>
<status status="PASS" start="2024-04-01T22:13:42.964903" elapsed="0.002040"/>
</iter>
<var>${key}</var>
<value>@{expected_keys}</value>
<status status="PASS" start="2024-04-01T22:13:42.955356" elapsed="0.011714"/>
</for>
<kw name="Create List" owner="BuiltIn">
<msg time="2024-04-01T22:13:42.967401" level="INFO">${expected_keysTwo} = ['username', 'password']</msg>
<var>${expected_keysTwo}</var>
<arg>username</arg>
<arg>password</arg>
<doc>Returns a list containing given items.</doc>
<status status="PASS" start="2024-04-01T22:13:42.967263" elapsed="0.000162"/>
</kw>
<for flavor="IN">
<iter>
<kw name="Dictionary Should Contain Key" owner="Collections">
<msg time="2024-04-01T22:13:42.968331" level="INFO">False</msg>
<arg>${json_data['results'][0]['login']}</arg>
<arg>${keyTwo}</arg>
<doc>Fails if ``key`` is not found from ``dictionary``.</doc>
<status status="PASS" start="2024-04-01T22:13:42.967946" elapsed="0.000423"/>
</kw>
<kw name="Dictionary Should Contain Key" owner="Collections">
<msg time="2024-04-01T22:13:42.969043" level="INFO">False</msg>
<arg>${json_data['results'][0]['login']}</arg>
<arg>${keyTwo}</arg>
<doc>Fails if ``key`` is not found from ``dictionary``.</doc>
<status status="PASS" start="2024-04-01T22:13:42.968667" elapsed="0.000412"/>
</kw>
<kw name="Log" owner="BuiltIn">
<msg time="2024-04-01T22:13:42.969497" level="INFO">username</msg>
<arg>${keyTwo}</arg>
<doc>Logs the given message with the given level.</doc>
<status status="PASS" start="2024-04-01T22:13:42.969371" elapsed="0.000163"/>
</kw>
<var name="${keyTwo}">username</var>
<status status="PASS" start="2024-04-01T22:13:42.967810" elapsed="0.001938"/>
</iter>
<iter>
<kw name="Dictionary Should Contain Key" owner="Collections">
<msg time="2024-04-01T22:13:42.970394" level="INFO">False</msg>
<arg>${json_data['results'][0]['login']}</arg>
<arg>${keyTwo}</arg>
<doc>Fails if ``key`` is not found from ``dictionary``.</doc>
<status status="PASS" start="2024-04-01T22:13:42.970024" elapsed="0.000406"/>
</kw>
<kw name="Dictionary Should Contain Key" owner="Collections">
<msg time="2024-04-01T22:13:42.971100" level="INFO">False</msg>
<arg>${json_data['results'][0]['login']}</arg>
<arg>${keyTwo}</arg>
<doc>Fails if ``key`` is not found from ``dictionary``.</doc>
<status status="PASS" start="2024-04-01T22:13:42.970721" elapsed="0.000414"/>
</kw>
<kw name="Log" owner="BuiltIn">
<msg time="2024-04-01T22:13:42.971546" level="INFO">password</msg>
<arg>${keyTwo}</arg>
<doc>Logs the given message with the given level.</doc>
<status status="PASS" start="2024-04-01T22:13:42.971421" elapsed="0.000162"/>
</kw>
<var name="${keyTwo}">password</var>
<status status="PASS" start="2024-04-01T22:13:42.969917" elapsed="0.001880"/>
</iter>
<var>${keyTwo}</var>
<value>@{expected_keysTwo}</value>
<status status="PASS" start="2024-04-01T22:13:42.967661" elapsed="0.004289"/>
</for>
<status status="PASS" start="2024-04-01T22:13:42.843964" elapsed="0.128133"/>
</kw>
<doc>Testa a estrutura da resposta da API.</doc>
<tag>testeEstruturaResposta</tag>
<status status="PASS" start="2024-04-01T22:13:42.843324" elapsed="0.128924"/>
</test>
<test id="s1-s1-t4" name="Validar tipos de dados" line="28">
<kw name="Teste de Tipos de Dados" owner="random-user-service">
<kw name="GET On Session" owner="RequestsLibrary">
<msg time="2024-04-01T22:13:43.096356" level="INFO">GET Request : url=https://randomuser.me/api 
 path_url=/api 
 headers={'User-Agent': 'python-requests/2.31.0', 'Accept-Encoding': 'gzip, deflate', 'Accept': '*/*', 'Connection': 'keep-alive'} 
 body=None 
 </msg>
<msg time="2024-04-01T22:13:43.096440" level="INFO">GET Response : url=https://randomuser.me/api 
 status=200, reason=OK 
 headers={'Date': 'Mon, 01 Apr 2024 22:13:43 GMT', 'Content-Type': 'application/json; charset=utf-8', 'Transfer-Encoding': 'chunked', 'Connection': 'keep-alive', 'X-Powered-By': 'Express', 'Access-Control-Allow-Origin': '*', 'Cache-Control': 'no-cache', 'ETag': 'W/"480-jUavL0VgyhlTMUP1BaALaWKLoDw"', 'Vary': 'Accept-Encoding', 'Content-Encoding': 'gzip', 'CF-Cache-Status': 'DYNAMIC', 'Report-To': '{"endpoints":[{"url":"https:\\/\\/a.nel.cloudflare.com\\/report\\/v4?s=xDGc8dyKC%2FqctcWNJxEXdzkQJKwtQEQDj3V0dhQaDE61KNAw481VF984%2BpJ%2BHqsWg4JoIDJSNQSXd8Rhs4jjaJiWQRKRuqKe8ZoXSJNsG0amIMZ5MOrRm93is3IjOTs%2F"}],"group":"cf-nel","max_age":604800}', 'NEL': '{"success_fraction":0,"report_to":"cf-nel","max_age":604800}', 'Server': 'cloudflare', 'CF-RAY': '86dbed8f9aed1504-LAX', 'alt-svc': 'h3=":443"; ma=86400'} 
 body={"results":[{"gender":"female","name":{"title":"Mrs","first":"Piper","last":"Jones"},"location":{"street":{"number":3975,"name":"Queen Elizabeth Ii Drive"},"city":"Upper Hutt","state":"Otago","country":"New Zealand","postcode":99244,"coordinates":{"latitude":"51.8535","longitude":"108.0410"},"timezone":{"offset":"+3:30","description":"Tehran"}},"email":"piper.jones@example.com","login":{"uuid":"c5696bd9-ffba-48a2-b2c0-4502714d455e","username":"angryelephant416","password":"seductive","salt":"0TQHOkSj","md5":"84cc1bdf1fbf0481499815c1c3b290fc","sha1":"ffbbd03564fed13da2b8fd69a05926c81b725231","sha256":"6bcd04466c838d7b2c5143d6207f6c8a84bac968d1b84b4aec4a02ece67d5d17"},"dob":{"date":"1946-05-17T03:59:16.127Z","age":77},"registered":{"date":"2005-03-12T03:07:15.136Z","age":19},"phone":"(128)-233-9833","cell":"(695)-354-3380","id":{"name":"","value":null},"picture":{"large":"https://randomuser.me/api/portraits/women/44.jpg","medium":"https://randomuser.me/api/portraits/med/women/44.jpg","thumbnail":"https://randomuser.me/api/portraits/thumb/women/44.jpg"},"nat":"NZ"}],"info":{"seed":"6a1a6a00926697b4","results":1,"page":1,"version":"1.4"}} 
 </msg>
<msg time="2024-04-01T22:13:43.096510" level="INFO">/opt/hostedtoolcache/Python/3.12.2/x64/lib/python3.12/site-packages/urllib3/connectionpool.py:1103: InsecureRequestWarning: Unverified HTTPS request is being made to host 'randomuser.me'. Adding certificate verification is strongly advised. See: https://urllib3.readthedocs.io/en/latest/advanced-usage.html#tls-warnings
  warnings.warn(</msg>
<msg time="2024-04-01T22:13:43.096629" level="INFO">${response} = &lt;Response [200]&gt;</msg>
<var>${response}</var>
<arg>consultarAPI</arg>
<arg>/api</arg>
<doc>Sends a GET request on a previously created HTTP Session.</doc>
<status status="PASS" start="2024-04-01T22:13:42.974604" elapsed="0.122069"/>
</kw>
<kw name="Set Variable" owner="BuiltIn">
<msg time="2024-04-01T22:13:43.097522" level="INFO">${json_data} = {'results': [{'gender': 'female', 'name': {'title': 'Mrs', 'first': 'Piper', 'last': 'Jones'}, 'location': {'street': {'number': 3975, 'name': 'Queen Elizabeth Ii Drive'}, 'city': 'Upper Hutt', 'state...</msg>
<var>${json_data}</var>
<arg>${response.json()}</arg>
<doc>Returns the given values which can then be assigned to a variables.</doc>
<status status="PASS" start="2024-04-01T22:13:43.097081" elapsed="0.000469"/>
</kw>
<kw name="Log" owner="BuiltIn">
<msg time="2024-04-01T22:13:43.098003" level="INFO">{'results': [{'gender': 'female', 'name': {'title': 'Mrs', 'first': 'Piper', 'last': 'Jones'}, 'location': {'street': {'number': 3975, 'name': 'Queen Elizabeth Ii Drive'}, 'city': 'Upper Hutt', 'state': 'Otago', 'country': 'New Zealand', 'postcode': 99244, 'coordinates': {'latitude': '51.8535', 'longitude': '108.0410'}, 'timezone': {'offset': '+3:30', 'description': 'Tehran'}}, 'email': 'piper.jones@example.com', 'login': {'uuid': 'c5696bd9-ffba-48a2-b2c0-4502714d455e', 'username': 'angryelephant416', 'password': 'seductive', 'salt': '0TQHOkSj', 'md5': '84cc1bdf1fbf0481499815c1c3b290fc', 'sha1': 'ffbbd03564fed13da2b8fd69a05926c81b725231', 'sha256': '6bcd04466c838d7b2c5143d6207f6c8a84bac968d1b84b4aec4a02ece67d5d17'}, 'dob': {'date': '1946-05-17T03:59:16.127Z', 'age': 77}, 'registered': {'date': '2005-03-12T03:07:15.136Z', 'age': 19}, 'phone': '(128)-233-9833', 'cell': '(695)-354-3380', 'id': {'name': '', 'value': None}, 'picture': {'large': 'https://randomuser.me/api/portraits/women/44.jpg', 'medium': 'https://randomuser.me/api/portraits/med/women/44.jpg', 'thumbnail': 'https://randomuser.me/api/portraits/thumb/women/44.jpg'}, 'nat': 'NZ'}], 'info': {'seed': '6a1a6a00926697b4', 'results': 1, 'page': 1, 'version': '1.4'}}</msg>
<arg>${json_data}</arg>
<doc>Logs the given message with the given level.</doc>
<status status="PASS" start="2024-04-01T22:13:43.097853" elapsed="0.000227"/>
</kw>
<kw name="Should Be String" owner="String">
<arg>${json_data['results'][0]['gender']}</arg>
<doc>Fails if the given ``item`` is not a string.</doc>
<status status="PASS" start="2024-04-01T22:13:43.098376" elapsed="0.000364"/>
</kw>
<kw name="Should Match Regexp" owner="BuiltIn">
<arg>${json_data['results'][0]['email']}</arg>
<arg>^[a-zA-Z0-9._%+-]+@[a-zA-Z0-9.-]+\.[a-zA-Z]{2,}$</arg>
<doc>Fails if ``string`` does not match ``pattern`` as a regular expression.</doc>
<status status="PASS" start="2024-04-01T22:13:43.098930" elapsed="0.000490"/>
</kw>
<kw name="Should Match Regexp" owner="BuiltIn">
<arg>${json_data['results'][0]['dob']['date']}</arg>
<arg>\\d{4}-\\d{2}-\\d{2}T\\d{2}:\\d{2}:\\d{2}\\.\\d{3}Z</arg>
<doc>Fails if ``string`` does not match ``pattern`` as a regular expression.</doc>
<status status="PASS" start="2024-04-01T22:13:43.099614" elapsed="0.000513"/>
</kw>
<kw name="Should Match Regexp" owner="BuiltIn">
<arg>${json_data['results'][0]['registered']['date']}</arg>
<arg>\\d{4}-\\d{2}-\\d{2}T\\d{2}:\\d{2}:\\d{2}\\.\\d{3}Z</arg>
<doc>Fails if ``string`` does not match ``pattern`` as a regular expression.</doc>
<status status="PASS" start="2024-04-01T22:13:43.100321" elapsed="0.000369"/>
</kw>
<kw name="Should Match Regexp" owner="BuiltIn">
<arg>${json_data['results'][0]['picture']['large']}</arg>
<arg>^https?://.*\.(?:png|jpe?g|gif|bmp)$</arg>
<doc>Fails if ``string`` does not match ``pattern`` as a regular expression.</doc>
<status status="PASS" start="2024-04-01T22:13:43.100880" elapsed="0.000446"/>
</kw>
<kw name="Should Match Regexp" owner="BuiltIn">
<arg>${json_data['results'][0]['picture']['medium']}</arg>
<arg>^https?://.*\.(?:png|jpe?g|gif|bmp)$</arg>
<doc>Fails if ``string`` does not match ``pattern`` as a regular expression.</doc>
<status status="PASS" start="2024-04-01T22:13:43.101511" elapsed="0.000351"/>
</kw>
<kw name="Should Match Regexp" owner="BuiltIn">
<arg>${json_data['results'][0]['picture']['thumbnail']}</arg>
<arg>^https?://.*\.(?:png|jpe?g|gif|bmp)$</arg>
<doc>Fails if ``string`` does not match ``pattern`` as a regular expression.</doc>
<status status="PASS" start="2024-04-01T22:13:43.102046" elapsed="0.000339"/>
</kw>
<kw name="Log" owner="BuiltIn">
<msg time="2024-04-01T22:13:43.102895" level="INFO">{'large': 'https://randomuser.me/api/portraits/women/44.jpg', 'medium': 'https://randomuser.me/api/portraits/med/women/44.jpg', 'thumbnail': 'https://randomuser.me/api/portraits/thumb/women/44.jpg'}</msg>
<arg>${json_data['results'][0]['picture']}</arg>
<doc>Logs the given message with the given level.</doc>
<status status="PASS" start="2024-04-01T22:13:43.102563" elapsed="0.000377"/>
</kw>
<status status="PASS" start="2024-04-01T22:13:42.974385" elapsed="0.128806"/>
</kw>
<kw name="Teste de Tipos de Dados - Postcode" owner="random-user-service">
<kw name="GET On Session" owner="RequestsLibrary">
<msg time="2024-04-01T22:13:43.197495" level="INFO">GET Request : url=https://randomuser.me/api 
 path_url=/api 
 headers={'User-Agent': 'python-requests/2.31.0', 'Accept-Encoding': 'gzip, deflate', 'Accept': '*/*', 'Connection': 'keep-alive'} 
 body=None 
 </msg>
<msg time="2024-04-01T22:13:43.197581" level="INFO">GET Response : url=https://randomuser.me/api 
 status=200, reason=OK 
 headers={'Date': 'Mon, 01 Apr 2024 22:13:43 GMT', 'Content-Type': 'application/json; charset=utf-8', 'Transfer-Encoding': 'chunked', 'Connection': 'keep-alive', 'X-Powered-By': 'Express', 'Access-Control-Allow-Origin': '*', 'Cache-Control': 'no-cache', 'ETag': 'W/"4a9-q80XXqUzTEvpm9gfm1Ost4tQTyA"', 'Vary': 'Accept-Encoding', 'Content-Encoding': 'gzip', 'CF-Cache-Status': 'DYNAMIC', 'Report-To': '{"endpoints":[{"url":"https:\\/\\/a.nel.cloudflare.com\\/report\\/v4?s=DuhIVcStw415DW476P89QF01STvQajKlRfUQcT%2BfjylpIiS%2FrlJD0Jy8eiEo7XlDdK1%2BIBMmDWYd3bQAydO%2FLkDz3XvVA0y2t9dXFu7%2FSd%2Bryt3HpcWKej3uvcBSeRFB"}],"group":"cf-nel","max_age":604800}', 'NEL': '{"success_fraction":0,"report_to":"cf-nel","max_age":604800}', 'Server': 'cloudflare', 'CF-RAY': '86dbed906bee1504-LAX', 'alt-svc': 'h3=":443"; ma=86400'} 
 body={"results":[{"gender":"female","name":{"title":"Mrs","first":"Carmine","last":"Beckers"},"location":{"street":{"number":8168,"name":"Mittelstraße"},"city":"Münnerstadt","state":"Saarland","country":"Germany","postcode":47288,"coordinates":{"latitude":"-49.3240","longitude":"148.8095"},"timezone":{"offset":"-6:00","description":"Central Time (US &amp; Canada), Mexico City"}},"email":"carmine.beckers@example.com","login":{"uuid":"2063da9b-68ec-470d-9b9c-80346adc828b","username":"silverlion126","password":"moonbeam","salt":"H6XEa1vR","md5":"6b98f311c752157a6ebefc4498db8797","sha1":"de5ce5400bb0e5608a86e627b222c01d3f6c0cea","sha256":"aefe62c33bf5ca7b86e59ca3f153e0dc07f2606909485c05f200c8dd603768c5"},"dob":{"date":"1957-05-03T13:34:35.557Z","age":66},"registered":{"date":"2007-06-16T18:11:02.259Z","age":16},"phone":"0688-5156983","cell":"0171-4571545","id":{"name":"SVNR","value":"29 030557 B 949"},"picture":{"large":"https://randomuser.me/api/portraits/women/42.jpg","medium":"https://randomuser.me/api/portraits/med/women/42.jpg","thumbnail":"https://randomuser.me/api/portraits/thumb/women/42.jpg"},"nat":"DE"}],"info":{"seed":"717d077cf49dc381","results":1,"page":1,"version":"1.4"}} 
 </msg>
<msg time="2024-04-01T22:13:43.197672" level="INFO">/opt/hostedtoolcache/Python/3.12.2/x64/lib/python3.12/site-packages/urllib3/connectionpool.py:1103: InsecureRequestWarning: Unverified HTTPS request is being made to host 'randomuser.me'. Adding certificate verification is strongly advised. See: https://urllib3.readthedocs.io/en/latest/advanced-usage.html#tls-warnings
  warnings.warn(</msg>
<msg time="2024-04-01T22:13:43.197793" level="INFO">${response} = &lt;Response [200]&gt;</msg>
<var>${response}</var>
<arg>consultarAPI</arg>
<arg>/api</arg>
<doc>Sends a GET request on a previously created HTTP Session.</doc>
<status status="PASS" start="2024-04-01T22:13:43.103733" elapsed="0.094101"/>
</kw>
<kw name="Set Variable" owner="BuiltIn">
<msg time="2024-04-01T22:13:43.198666" level="INFO">${json_data} = {'results': [{'gender': 'female', 'name': {'title': 'Mrs', 'first': 'Carmine', 'last': 'Beckers'}, 'location': {'street': {'number': 8168, 'name': 'Mittelstraße'}, 'city': 'Münnerstadt', 'state': 'Saa...</msg>
<var>${json_data}</var>
<arg>${response.json()}</arg>
<doc>Returns the given values which can then be assigned to a variables.</doc>
<status status="PASS" start="2024-04-01T22:13:43.198219" elapsed="0.000476"/>
</kw>
<kw name="Log" owner="BuiltIn">
<msg time="2024-04-01T22:13:43.199158" level="INFO">{'results': [{'gender': 'female', 'name': {'title': 'Mrs', 'first': 'Carmine', 'last': 'Beckers'}, 'location': {'street': {'number': 8168, 'name': 'Mittelstraße'}, 'city': 'Münnerstadt', 'state': 'Saarland', 'country': 'Germany', 'postcode': 47288, 'coordinates': {'latitude': '-49.3240', 'longitude': '148.8095'}, 'timezone': {'offset': '-6:00', 'description': 'Central Time (US &amp; Canada), Mexico City'}}, 'email': 'carmine.beckers@example.com', 'login': {'uuid': '2063da9b-68ec-470d-9b9c-80346adc828b', 'username': 'silverlion126', 'password': 'moonbeam', 'salt': 'H6XEa1vR', 'md5': '6b98f311c752157a6ebefc4498db8797', 'sha1': 'de5ce5400bb0e5608a86e627b222c01d3f6c0cea', 'sha256': 'aefe62c33bf5ca7b86e59ca3f153e0dc07f2606909485c05f200c8dd603768c5'}, 'dob': {'date': '1957-05-03T13:34:35.557Z', 'age': 66}, 'registered': {'date': '2007-06-16T18:11:02.259Z', 'age': 16}, 'phone': '0688-5156983', 'cell': '0171-4571545', 'id': {'name': 'SVNR', 'value': '29 030557 B 949'}, 'picture': {'large': 'https://randomuser.me/api/portraits/women/42.jpg', 'medium': 'https://randomuser.me/api/portraits/med/women/42.jpg', 'thumbnail': 'https://randomuser.me/api/portraits/thumb/women/42.jpg'}, 'nat': 'DE'}], 'info': {'seed': '717d077cf49dc381', 'results': 1, 'page': 1, 'version': '1.4'}}</msg>
<arg>${json_data}</arg>
<doc>Logs the given message with the given level.</doc>
<status status="PASS" start="2024-04-01T22:13:43.199002" elapsed="0.000239"/>
</kw>
<kw name="Should Be Equal As Numbers" owner="BuiltIn">
<arg>${json_data['results'][0]['location']['postcode']}</arg>
<arg>${json_data['results'][0]['location']['postcode']}</arg>
<doc>Fails if objects are unequal after converting them to real numbers.</doc>
<status status="PASS" start="2024-04-01T22:13:43.199547" elapsed="0.000659"/>
</kw>
<kw name="Log" owner="BuiltIn">
<msg time="2024-04-01T22:13:43.200735" level="INFO">47288</msg>
<arg>${json_data['results'][0]['location']['postcode']}</arg>
<doc>Logs the given message with the given level.</doc>
<status status="PASS" start="2024-04-01T22:13:43.200401" elapsed="0.000375"/>
</kw>
<status status="PASS" start="2024-04-01T22:13:43.103401" elapsed="0.097628"/>
</kw>
<doc>Testa se os tipos de dados na resposta da API estão corretos.</doc>
<tag>testeTiposDados</tag>
<status status="PASS" start="2024-04-01T22:13:42.973976" elapsed="0.227211"/>
</test>
<test id="s1-s1-t5" name="Validar conteudo" line="35">
<kw name="Teste de Tipos de Conteudo" owner="random-user-service">
<kw name="GET On Session" owner="RequestsLibrary">
<msg time="2024-04-01T22:13:43.302357" level="INFO">GET Request : url=https://randomuser.me/api 
 path_url=/api 
 headers={'User-Agent': 'python-requests/2.31.0', 'Accept-Encoding': 'gzip, deflate', 'Accept': '*/*', 'Connection': 'keep-alive'} 
 body=None 
 </msg>
<msg time="2024-04-01T22:13:43.302440" level="INFO">GET Response : url=https://randomuser.me/api 
 status=200, reason=OK 
 headers={'Date': 'Mon, 01 Apr 2024 22:13:43 GMT', 'Content-Type': 'application/json; charset=utf-8', 'Transfer-Encoding': 'chunked', 'Connection': 'keep-alive', 'X-Powered-By': 'Express', 'Access-Control-Allow-Origin': '*', 'Cache-Control': 'no-cache', 'ETag': 'W/"494-5AnTiapvG8Wkam8RPUwkuSwR6yc"', 'Vary': 'Accept-Encoding', 'Content-Encoding': 'gzip', 'CF-Cache-Status': 'DYNAMIC', 'Report-To': '{"endpoints":[{"url":"https:\\/\\/a.nel.cloudflare.com\\/report\\/v4?s=YbVKOtKVd6Cg4pNSy5NEdfTm35i5mo16LTUsAPSrZqul%2FHyg1%2FjhjKxjmNd9z5ESmPBYJClw5vtbWnUadFAriYkUTJpnhY9kj%2Fz1pYOU8VtCAJ4AaA%2BPn14BkXYFaw9u"}],"group":"cf-nel","max_age":604800}', 'NEL': '{"success_fraction":0,"report_to":"cf-nel","max_age":604800}', 'Server': 'cloudflare', 'CF-RAY': '86dbed910cc41504-LAX', 'alt-svc': 'h3=":443"; ma=86400'} 
 body={"results":[{"gender":"male","name":{"title":"Mr","first":"Shawn","last":"Stanley"},"location":{"street":{"number":8235,"name":"Lovers Ln"},"city":"Overland Park","state":"Iowa","country":"United States","postcode":31571,"coordinates":{"latitude":"85.5779","longitude":"-60.0664"},"timezone":{"offset":"+3:00","description":"Baghdad, Riyadh, Moscow, St. Petersburg"}},"email":"shawn.stanley@example.com","login":{"uuid":"ed8d7a43-824b-4696-b312-5eae29363177","username":"bigdog394","password":"chipmunk","salt":"FirUyKzl","md5":"80f42d70f9953760298f7c48dfa705fd","sha1":"d808346544ae1c0541266a49120d8e48ae015048","sha256":"b4f62623f2bcf1ccca0f4f9adde6a4f7e1050ce95a8757d07353d77608ea504f"},"dob":{"date":"1996-09-28T08:57:21.837Z","age":27},"registered":{"date":"2015-12-19T03:34:42.720Z","age":8},"phone":"(362) 520-4445","cell":"(634) 914-1355","id":{"name":"SSN","value":"465-97-3330"},"picture":{"large":"https://randomuser.me/api/portraits/men/87.jpg","medium":"https://randomuser.me/api/portraits/med/men/87.jpg","thumbnail":"https://randomuser.me/api/portraits/thumb/men/87.jpg"},"nat":"US"}],"info":{"seed":"04b34fc1323498ee","results":1,"page":1,"version":"1.4"}} 
 </msg>
<msg time="2024-04-01T22:13:43.302509" level="INFO">/opt/hostedtoolcache/Python/3.12.2/x64/lib/python3.12/site-packages/urllib3/connectionpool.py:1103: InsecureRequestWarning: Unverified HTTPS request is being made to host 'randomuser.me'. Adding certificate verification is strongly advised. See: https://urllib3.readthedocs.io/en/latest/advanced-usage.html#tls-warnings
  warnings.warn(</msg>
<msg time="2024-04-01T22:13:43.302621" level="INFO">${response} = &lt;Response [200]&gt;</msg>
<var>${response}</var>
<arg>consultarAPI</arg>
<arg>/api</arg>
<doc>Sends a GET request on a previously created HTTP Session.</doc>
<status status="PASS" start="2024-04-01T22:13:43.203527" elapsed="0.099135"/>
</kw>
<kw name="Set Variable" owner="BuiltIn">
<msg time="2024-04-01T22:13:43.303571" level="INFO">${json_data} = {'results': [{'gender': 'male', 'name': {'title': 'Mr', 'first': 'Shawn', 'last': 'Stanley'}, 'location': {'street': {'number': 8235, 'name': 'Lovers Ln'}, 'city': 'Overland Park', 'state': 'Iowa', 'c...</msg>
<var>${json_data}</var>
<arg>${response.json()}</arg>
<doc>Returns the given values which can then be assigned to a variables.</doc>
<status status="PASS" start="2024-04-01T22:13:43.303135" elapsed="0.000463"/>
</kw>
<kw name="Set Variable" owner="BuiltIn">
<msg time="2024-04-01T22:13:43.304318" level="INFO">${name_title} = Mr</msg>
<var>${name_title}</var>
<arg>${json_data["results"][0]["name"]["title"]}</arg>
<doc>Returns the given values which can then be assigned to a variables.</doc>
<status status="PASS" start="2024-04-01T22:13:43.303922" elapsed="0.000422"/>
</kw>
<kw name="Create List" owner="BuiltIn">
<msg time="2024-04-01T22:13:43.304792" level="INFO">${allowed_titles} = ['Mr', 'Ms', 'Miss', 'Mrs', 'Madame', 'Monsieur']</msg>
<var>${allowed_titles}</var>
<arg>Mr</arg>
<arg>Ms</arg>
<arg>Miss</arg>
<arg>Mrs</arg>
<arg>Madame</arg>
<arg>Monsieur</arg>
<doc>Returns a list containing given items.</doc>
<status status="PASS" start="2024-04-01T22:13:43.304643" elapsed="0.000173"/>
</kw>
<kw name="List Should Contain Value" owner="Collections">
<msg time="2024-04-01T22:13:43.305285" level="INFO">False</msg>
<arg>${allowed_titles}</arg>
<arg>${name_title}</arg>
<doc>Fails if the ``value`` is not found from ``list``.</doc>
<status status="PASS" start="2024-04-01T22:13:43.305115" elapsed="0.000207"/>
</kw>
<kw name="Set Variable" owner="BuiltIn">
<msg time="2024-04-01T22:13:43.305982" level="INFO">${name_country} = US</msg>
<var>${name_country}</var>
<arg>${json_data["results"][0]["nat"]}</arg>
<doc>Returns the given values which can then be assigned to a variables.</doc>
<status status="PASS" start="2024-04-01T22:13:43.305610" elapsed="0.000397"/>
</kw>
<kw name="Create List" owner="BuiltIn">
<msg time="2024-04-01T22:13:43.306906" level="INFO">${list_country} = ['AD', 'AE', 'AF', 'AG', 'AI', 'AL', 'AM', 'AO', 'AQ', 'AR', 'AS', 'AT', 'AU', 'AW', 'AX', 'AZ', 'BA', 'BB', 'BD', 'BE', 'BF', 'BG', 'BH', 'BI', 'BJ', 'BL', 'BM', 'BN', 'BO', 'BQ', 'BR', 'BS', 'BT', '...</msg>
<var>${list_country}</var>
<arg>AD</arg>
<arg>AE</arg>
<arg>AF</arg>
<arg>AG</arg>
<arg>AI</arg>
<arg>AL</arg>
<arg>AM</arg>
<arg>AO</arg>
<arg>AQ</arg>
<arg>AR</arg>
<arg>AS</arg>
<arg>AT</arg>
<arg>AU</arg>
<arg>AW</arg>
<arg>AX</arg>
<arg>AZ</arg>
<arg>BA</arg>
<arg>BB</arg>
<arg>BD</arg>
<arg>BE</arg>
<arg>BF</arg>
<arg>BG</arg>
<arg>BH</arg>
<arg>BI</arg>
<arg>BJ</arg>
<arg>BL</arg>
<arg>BM</arg>
<arg>BN</arg>
<arg>BO</arg>
<arg>BQ</arg>
<arg>BR</arg>
<arg>BS</arg>
<arg>BT</arg>
<arg>BV</arg>
<arg>BW</arg>
<arg>BY</arg>
<arg>BZ</arg>
<arg>CA</arg>
<arg>CC</arg>
<arg>CD</arg>
<arg>CF</arg>
<arg>CG</arg>
<arg>CH</arg>
<arg>CI</arg>
<arg>CK</arg>
<arg>CL</arg>
<arg>CM</arg>
<arg>CN</arg>
<arg>CO</arg>
<arg>CR</arg>
<arg>CU</arg>
<arg>CV</arg>
<arg>CW</arg>
<arg>CX</arg>
<arg>CY</arg>
<arg>CZ</arg>
<arg>DE</arg>
<arg>DJ</arg>
<arg>DK</arg>
<arg>DM</arg>
<arg>DO</arg>
<arg>DZ</arg>
<arg>EC</arg>
<arg>EE</arg>
<arg>EG</arg>
<arg>EH</arg>
<arg>ER</arg>
<arg>ES</arg>
<arg>ET</arg>
<arg>FI</arg>
<arg>FJ</arg>
<arg>FK</arg>
<arg>FM</arg>
<arg>FO</arg>
<arg>FR</arg>
<arg>GA</arg>
<arg>GB</arg>
<arg>GD</arg>
<arg>GE</arg>
<arg>GF</arg>
<arg>GG</arg>
<arg>GH</arg>
<arg>GI</arg>
<arg>GL</arg>
<arg>GM</arg>
<arg>GN</arg>
<arg>GP</arg>
<arg>GQ</arg>
<arg>GR</arg>
<arg>GS</arg>
<arg>GT</arg>
<arg>GU</arg>
<arg>GW</arg>
<arg>GY</arg>
<arg>HK</arg>
<arg>HM</arg>
<arg>HN</arg>
<arg>HR</arg>
<arg>HT</arg>
<arg>HU</arg>
<arg>ID</arg>
<arg>IE</arg>
<arg>IL</arg>
<arg>IM</arg>
<arg>IN</arg>
<arg>IO</arg>
<arg>IQ</arg>
<arg>IR</arg>
<arg>IS</arg>
<arg>IT</arg>
<arg>JE</arg>
<arg>JM</arg>
<arg>JO</arg>
<arg>JP</arg>
<arg>KE</arg>
<arg>KG</arg>
<arg>KH</arg>
<arg>KI</arg>
<arg>KM</arg>
<arg>KN</arg>
<arg>KP</arg>
<arg>KR</arg>
<arg>KW</arg>
<arg>KY</arg>
<arg>KZ</arg>
<arg>LA</arg>
<arg>LB</arg>
<arg>LC</arg>
<arg>LI</arg>
<arg>LK</arg>
<arg>LR</arg>
<arg>LS</arg>
<arg>LT</arg>
<arg>LU</arg>
<arg>LV</arg>
<arg>LY</arg>
<arg>MA</arg>
<arg>MC</arg>
<arg>MD</arg>
<arg>ME</arg>
<arg>MF</arg>
<arg>MG</arg>
<arg>MH</arg>
<arg>MK</arg>
<arg>ML</arg>
<arg>MM</arg>
<arg>MN</arg>
<arg>MO</arg>
<arg>MP</arg>
<arg>MQ</arg>
<arg>MR</arg>
<arg>MS</arg>
<arg>MT</arg>
<arg>MU</arg>
<arg>MV</arg>
<arg>MW</arg>
<arg>MX</arg>
<arg>MY</arg>
<arg>MZ</arg>
<arg>NA</arg>
<arg>NC</arg>
<arg>NE</arg>
<arg>NF</arg>
<arg>NG</arg>
<arg>NI</arg>
<arg>NL</arg>
<arg>NO</arg>
<arg>NP</arg>
<arg>NR</arg>
<arg>NU</arg>
<arg>NZ</arg>
<arg>OM</arg>
<arg>PA</arg>
<arg>PE</arg>
<arg>PF</arg>
<arg>PG</arg>
<arg>PH</arg>
<arg>PK</arg>
<arg>PL</arg>
<arg>PM</arg>
<arg>PN</arg>
<arg>PR</arg>
<arg>PS</arg>
<arg>PT</arg>
<arg>PW</arg>
<arg>PY</arg>
<arg>QA</arg>
<arg>RE</arg>
<arg>RO</arg>
<arg>RS</arg>
<arg>RU</arg>
<arg>RW</arg>
<arg>SA</arg>
<arg>SB</arg>
<arg>SC</arg>
<arg>SD</arg>
<arg>SE</arg>
<arg>SG</arg>
<arg>SH</arg>
<arg>SI</arg>
<arg>SJ</arg>
<arg>SK</arg>
<arg>SL</arg>
<arg>SM</arg>
<arg>SN</arg>
<arg>SO</arg>
<arg>SR</arg>
<arg>SS</arg>
<arg>ST</arg>
<arg>SV</arg>
<arg>SX</arg>
<arg>SY</arg>
<arg>SZ</arg>
<arg>TC</arg>
<arg>TD</arg>
<arg>TF</arg>
<arg>TG</arg>
<arg>TH</arg>
<arg>TJ</arg>
<arg>TK</arg>
<arg>TL</arg>
<arg>TM</arg>
<arg>TN</arg>
<arg>TO</arg>
<arg>TR</arg>
<arg>TT</arg>
<arg>TV</arg>
<arg>TW</arg>
<arg>TZ</arg>
<arg>UA</arg>
<arg>UG</arg>
<arg>UM</arg>
<arg>US</arg>
<arg>UY</arg>
<arg>UZ</arg>
<arg>VA</arg>
<arg>VC</arg>
<arg>VE</arg>
<arg>VG</arg>
<arg>VI</arg>
<arg>VN</arg>
<arg>VU</arg>
<arg>WF</arg>
<arg>WS</arg>
<arg>XK</arg>
<arg>YE</arg>
<arg>YT</arg>
<arg>ZA</arg>
<arg>ZM</arg>
<arg>ZW</arg>
<doc>Returns a list containing given items.</doc>
<status status="PASS" start="2024-04-01T22:13:43.306311" elapsed="0.000620"/>
</kw>
<kw name="List Should Contain Value" owner="Collections">
<msg time="2024-04-01T22:13:43.308051" level="INFO">False</msg>
<arg>${list_country}</arg>
<arg>${name_country}</arg>
<doc>Fails if the ``value`` is not found from ``list``.</doc>
<status status="PASS" start="2024-04-01T22:13:43.307815" elapsed="0.000274"/>
</kw>
<kw name="Run Keyword If" owner="BuiltIn">
<kw name="Should Be True" owner="BuiltIn">
<arg>${True}</arg>
<doc>Fails if the given condition is not true.</doc>
<status status="PASS" start="2024-04-01T22:13:43.309220" elapsed="0.000144"/>
</kw>
<arg>${json_data["results"][0]["location"]["coordinates"]["latitude"]} &gt;= -90 and ${json_data["results"][0]["location"]["coordinates"]["latitude"]} &lt;= 90</arg>
<arg>Should Be True</arg>
<arg>${True}</arg>
<doc>Runs the given keyword with the given arguments, if ``condition`` is true.</doc>
<status status="PASS" start="2024-04-01T22:13:43.308401" elapsed="0.001090"/>
</kw>
<kw name="Run Keyword If" owner="BuiltIn">
<kw name="Should Be True" owner="BuiltIn">
<arg>${True}</arg>
<doc>Fails if the given condition is not true.</doc>
<status status="PASS" start="2024-04-01T22:13:43.310384" elapsed="0.000142"/>
</kw>
<arg>${json_data["results"][0]["location"]["coordinates"]["longitude"]} &gt;= -180 and ${json_data["results"][0]["location"]["coordinates"]["longitude"]} &lt;= 180</arg>
<arg>Should Be True</arg>
<arg>${True}</arg>
<doc>Runs the given keyword with the given arguments, if ``condition`` is true.</doc>
<status status="PASS" start="2024-04-01T22:13:43.309678" elapsed="0.000972"/>
</kw>
<status status="PASS" start="2024-04-01T22:13:43.203310" elapsed="0.107467"/>
</kw>
<doc>Testa o conteúdo específico dos campos retornados pela API.</doc>
<tag>testeConteudo</tag>
<status status="PASS" start="2024-04-01T22:13:43.202897" elapsed="0.108024"/>
</test>
<status status="PASS" start="2024-04-01T22:13:41.973551" elapsed="1.339243"/>
</suite>
<status status="PASS" start="2024-04-01T22:13:41.960040" elapsed="1.358002"/>
</suite>
<statistics>
<total>
<stat pass="5" fail="0" skip="0">All Tests</stat>
</total>
<tag>
<stat pass="1" fail="0" skip="0">testeConteudo</stat>
<stat pass="1" fail="0" skip="0">testeEstruturaResposta</stat>
<stat pass="1" fail="0" skip="0">testeRequisicaoBasica</stat>
<stat pass="1" fail="0" skip="0">testeTiposDados</stat>
</tag>
<suite>
<stat pass="5" fail="0" skip="0" id="s1" name="Tests">Tests</stat>
<stat pass="5" fail="0" skip="0" id="s1-s1" name="Random-User-Test">Tests.Random-User-Test</stat>
</suite>
</statistics>
<errors>
</errors>
</robot>
