<?xml version="1.0" encoding="UTF-8"?>
<robot generator="Robot 7.0.1 (Python 3.12.4 on linux)" generated="2024-07-31T22:14:25.140056" rpa="false" schemaversion="5">
<suite id="s1" name="Tests" source="/home/runner/work/ApiRandomUser/ApiRandomUser/RamdonUser/tests">
<suite id="s1-s1" name="Random-User-Test" source="/home/runner/work/ApiRandomUser/ApiRandomUser/RamdonUser/tests/random-user-test.robot">
<test id="s1-s1-t1" name="Conectar" line="13">
<kw name="Conectar API" owner="random-user-service">
<kw name="Create Session" owner="RequestsLibrary">
<msg time="2024-07-31T22:14:25.542876" level="INFO">Creating Session using : alias=consultarAPI, url=https://randomuser.me/, headers={},                     cookies={}, auth=None, timeout=None, proxies=None, verify=False,                     debug=0 </msg>
<arg>consultarAPI</arg>
<arg>${URL}</arg>
<doc>Create Session: create a HTTP session to a server</doc>
<status status="PASS" start="2024-07-31T22:14:25.542664" elapsed="0.000405"/>
</kw>
<status status="PASS" start="2024-07-31T22:14:25.541601" elapsed="0.001853"/>
</kw>
<status status="PASS" start="2024-07-31T22:14:25.540924" elapsed="0.002732"/>
</test>
<test id="s1-s1-t2" name="Validar retorno 200 e JSON Válido" line="16">
<kw name="Teste de Requisicao Basica" owner="random-user-service">
<kw name="GET On Session" owner="RequestsLibrary">
<msg time="2024-07-31T22:14:25.801357" level="INFO">GET Request : url=https://randomuser.me/api 
 path_url=/api 
 headers={'User-Agent': 'python-requests/2.32.3', 'Accept-Encoding': 'gzip, deflate', 'Accept': '*/*', 'Connection': 'keep-alive'} 
 body=None 
 </msg>
<msg time="2024-07-31T22:14:25.801517" level="INFO">GET Response : url=https://randomuser.me/api 
 status=200, reason=OK 
 headers={'Date': 'Wed, 31 Jul 2024 22:14:25 GMT', 'Content-Type': 'application/json; charset=utf-8', 'Transfer-Encoding': 'chunked', 'Connection': 'keep-alive', 'X-Powered-By': 'Express', 'Access-Control-Allow-Origin': '*', 'Cache-Control': 'no-cache', 'ETag': 'W/"49e-HLqD9NC9P6O0yY6kBOCdZQw+ahk"', 'Vary': 'Accept-Encoding', 'Content-Encoding': 'gzip', 'CF-Cache-Status': 'DYNAMIC', 'Report-To': '{"endpoints":[{"url":"https:\\/\\/a.nel.cloudflare.com\\/report\\/v4?s=Hhu9I43dzqPR8NRvE8nayBnt82uvXo5RF2tv0gDZQs6URtRsvZd7Lm4pi9ErE70nCvphl978YiHJ9b6GFkUAlxfseaT21KbXVvi4e8XBKUw3RK2eCaW8a85b9GtBsPAc"}],"group":"cf-nel","max_age":604800}', 'NEL': '{"success_fraction":0,"report_to":"cf-nel","max_age":604800}', 'Server': 'cloudflare', 'CF-RAY': '8ac0f0fab840f987-SJC', 'alt-svc': 'h3=":443"; ma=86400'} 
 body={"results":[{"gender":"female","name":{"title":"Mrs","first":"Diana","last":"Andrews"},"location":{"street":{"number":7571,"name":"Herbert Road"},"city":"Portarlington","state":"Roscommon","country":"Ireland","postcode":66759,"coordinates":{"latitude":"-4.2095","longitude":"97.7318"},"timezone":{"offset":"+9:00","description":"Tokyo, Seoul, Osaka, Sapporo, Yakutsk"}},"email":"diana.andrews@example.com","login":{"uuid":"405ec4cc-a48b-46a3-8c4a-42c3b10c5307","username":"purpleelephant218","password":"doomsday","salt":"qGSANnFV","md5":"33a013f1d0db37ebf449a74528869f3a","sha1":"f748e08ea62d0735e31878d5778569a8a4f2d368","sha256":"cd0e330aa2cc29afc4fa88c5d29a54471905960188686d7135f3e60016415b87"},"dob":{"date":"1990-01-22T12:19:49.344Z","age":34},"registered":{"date":"2006-06-15T17:30:36.745Z","age":18},"phone":"011-083-2045","cell":"081-608-6046","id":{"name":"PPS","value":"5755786T"},"picture":{"large":"https://randomuser.me/api/portraits/women/72.jpg","medium":"https://randomuser.me/api/portraits/med/women/72.jpg","thumbnail":"https://randomuser.me/api/portraits/thumb/women/72.jpg"},"nat":"IE"}],"info":{"seed":"ae8618e1303a9611","results":1,"page":1,"version":"1.4"}} 
 </msg>
<msg time="2024-07-31T22:14:25.801601" level="INFO">/opt/hostedtoolcache/Python/3.12.4/x64/lib/python3.12/site-packages/urllib3/connectionpool.py:1099: InsecureRequestWarning: Unverified HTTPS request is being made to host 'randomuser.me'. Adding certificate verification is strongly advised. See: https://urllib3.readthedocs.io/en/latest/advanced-usage.html#tls-warnings
  warnings.warn(</msg>
<msg time="2024-07-31T22:14:25.801754" level="INFO">${response} = &lt;Response [200]&gt;</msg>
<var>${response}</var>
<arg>consultarAPI</arg>
<arg>/api</arg>
<doc>Sends a GET request on a previously created HTTP Session.</doc>
<status status="PASS" start="2024-07-31T22:14:25.546371" elapsed="0.255429"/>
</kw>
<kw name="Should Be Equal As Numbers" owner="BuiltIn">
<msg time="2024-07-31T22:14:25.802990" level="INFO">Argument types are:
&lt;class 'int'&gt;
&lt;class 'str'&gt;</msg>
<arg>${response.status_code}</arg>
<arg>200</arg>
<doc>Fails if objects are unequal after converting them to real numbers.</doc>
<status status="PASS" start="2024-07-31T22:14:25.802478" elapsed="0.000579"/>
</kw>
<kw name="Log" owner="BuiltIn">
<msg time="2024-07-31T22:14:25.803800" level="INFO">200</msg>
<arg>${response.status_code}</arg>
<doc>Logs the given message with the given level.</doc>
<status status="PASS" start="2024-07-31T22:14:25.803417" elapsed="0.000429"/>
</kw>
<kw name="Set Variable" owner="BuiltIn">
<msg time="2024-07-31T22:14:25.804610" level="INFO">${json_data} = {'results': [{'gender': 'female', 'name': {'title': 'Mrs', 'first': 'Diana', 'last': 'Andrews'}, 'location': {'street': {'number': 7571, 'name': 'Herbert Road'}, 'city': 'Portarlington', 'state': 'Ros...</msg>
<var>${json_data}</var>
<arg>${response.json()}</arg>
<doc>Returns the given values which can then be assigned to a variables.</doc>
<status status="PASS" start="2024-07-31T22:14:25.804172" elapsed="0.000467"/>
</kw>
<kw name="Dictionary Should Contain Key" owner="Collections">
<arg>${json_data}</arg>
<arg>results</arg>
<doc>Fails if ``key`` is not found from ``dictionary``.</doc>
<status status="PASS" start="2024-07-31T22:14:25.804982" elapsed="0.000335"/>
</kw>
<status status="PASS" start="2024-07-31T22:14:25.546116" elapsed="0.259355"/>
</kw>
<doc>Testa se a API responde corretamente e retorna um objeto JSON válido.</doc>
<tag>testeRequisicaoBasica</tag>
<status status="PASS" start="2024-07-31T22:14:25.545602" elapsed="0.260051"/>
</test>
<test id="s1-s1-t3" name="Validar estrutura de resposta" line="22">
<kw name="Teste de Estrutura de Resposta" owner="random-user-service">
<kw name="GET On Session" owner="RequestsLibrary">
<msg time="2024-07-31T22:14:25.903377" level="INFO">GET Request : url=https://randomuser.me/api 
 path_url=/api 
 headers={'User-Agent': 'python-requests/2.32.3', 'Accept-Encoding': 'gzip, deflate', 'Accept': '*/*', 'Connection': 'keep-alive'} 
 body=None 
 </msg>
<msg time="2024-07-31T22:14:25.903492" level="INFO">GET Response : url=https://randomuser.me/api 
 status=200, reason=OK 
 headers={'Date': 'Wed, 31 Jul 2024 22:14:25 GMT', 'Content-Type': 'application/json; charset=utf-8', 'Transfer-Encoding': 'chunked', 'Connection': 'keep-alive', 'X-Powered-By': 'Express', 'Access-Control-Allow-Origin': '*', 'Cache-Control': 'no-cache', 'ETag': 'W/"484-t0FwnX12avmqVbRF1KaSJF+ahdc"', 'Vary': 'Accept-Encoding', 'Content-Encoding': 'gzip', 'CF-Cache-Status': 'DYNAMIC', 'Report-To': '{"endpoints":[{"url":"https:\\/\\/a.nel.cloudflare.com\\/report\\/v4?s=TuBycWx8mMRIj%2Ft%2B6SI3PtK9EX9Kfb4zDQxj7GdYfBY6NDp%2Bv0F8H9xSpO5Ome%2FqOQscknvQ3XP7oLjELnSurkBPpr3g7Cl6m6fkdp8BBMxYi6KEXvaQdzKyo1pvyFaq"}],"group":"cf-nel","max_age":604800}', 'NEL': '{"success_fraction":0,"report_to":"cf-nel","max_age":604800}', 'Server': 'cloudflare', 'CF-RAY': '8ac0f0fb58d4f987-SJC', 'alt-svc': 'h3=":443"; ma=86400'} 
 body={"results":[{"gender":"female","name":{"title":"Mrs","first":"Sophia","last":"Harcourt"},"location":{"street":{"number":5775,"name":"20th Ave"},"city":"Charlottetown","state":"Saskatchewan","country":"Canada","postcode":"G2H 7I6","coordinates":{"latitude":"-64.3395","longitude":"82.2685"},"timezone":{"offset":"-9:00","description":"Alaska"}},"email":"sophia.harcourt@example.com","login":{"uuid":"e661902d-626e-4d05-9f70-5277228c2d84","username":"beautifulfrog238","password":"junior","salt":"ky51cv38","md5":"929f2c7abf89fd14af30bae70809f804","sha1":"c8881f618296d0bdb0cd93c10c17b355d078aeb8","sha256":"56e8a27a21562809b6abfe9d2e304cfb8463610c135dfaca30dd1454b61dac69"},"dob":{"date":"1970-07-18T09:09:03.311Z","age":54},"registered":{"date":"2011-04-11T10:05:47.044Z","age":13},"phone":"E57 E85-3378","cell":"Y33 T02-2785","id":{"name":"SIN","value":"736703208"},"picture":{"large":"https://randomuser.me/api/portraits/women/15.jpg","medium":"https://randomuser.me/api/portraits/med/women/15.jpg","thumbnail":"https://randomuser.me/api/portraits/thumb/women/15.jpg"},"nat":"CA"}],"info":{"seed":"96a34ec91e9034e9","results":1,"page":1,"version":"1.4"}} 
 </msg>
<msg time="2024-07-31T22:14:25.903640" level="INFO">/opt/hostedtoolcache/Python/3.12.4/x64/lib/python3.12/site-packages/urllib3/connectionpool.py:1099: InsecureRequestWarning: Unverified HTTPS request is being made to host 'randomuser.me'. Adding certificate verification is strongly advised. See: https://urllib3.readthedocs.io/en/latest/advanced-usage.html#tls-warnings
  warnings.warn(</msg>
<msg time="2024-07-31T22:14:25.903788" level="INFO">${response} = &lt;Response [200]&gt;</msg>
<var>${response}</var>
<arg>consultarAPI</arg>
<arg>/api</arg>
<doc>Sends a GET request on a previously created HTTP Session.</doc>
<status status="PASS" start="2024-07-31T22:14:25.808433" elapsed="0.095401"/>
</kw>
<kw name="Set Variable" owner="BuiltIn">
<msg time="2024-07-31T22:14:25.905145" level="INFO">${json_data} = {'results': [{'gender': 'female', 'name': {'title': 'Mrs', 'first': 'Sophia', 'last': 'Harcourt'}, 'location': {'street': {'number': 5775, 'name': '20th Ave'}, 'city': 'Charlottetown', 'state': 'Saska...</msg>
<var>${json_data}</var>
<arg>${response.json()}</arg>
<doc>Returns the given values which can then be assigned to a variables.</doc>
<status status="PASS" start="2024-07-31T22:14:25.904455" elapsed="0.000720"/>
</kw>
<kw name="Log" owner="BuiltIn">
<msg time="2024-07-31T22:14:25.905650" level="INFO">{'results': [{'gender': 'female', 'name': {'title': 'Mrs', 'first': 'Sophia', 'last': 'Harcourt'}, 'location': {'street': {'number': 5775, 'name': '20th Ave'}, 'city': 'Charlottetown', 'state': 'Saskatchewan', 'country': 'Canada', 'postcode': 'G2H 7I6', 'coordinates': {'latitude': '-64.3395', 'longitude': '82.2685'}, 'timezone': {'offset': '-9:00', 'description': 'Alaska'}}, 'email': 'sophia.harcourt@example.com', 'login': {'uuid': 'e661902d-626e-4d05-9f70-5277228c2d84', 'username': 'beautifulfrog238', 'password': 'junior', 'salt': 'ky51cv38', 'md5': '929f2c7abf89fd14af30bae70809f804', 'sha1': 'c8881f618296d0bdb0cd93c10c17b355d078aeb8', 'sha256': '56e8a27a21562809b6abfe9d2e304cfb8463610c135dfaca30dd1454b61dac69'}, 'dob': {'date': '1970-07-18T09:09:03.311Z', 'age': 54}, 'registered': {'date': '2011-04-11T10:05:47.044Z', 'age': 13}, 'phone': 'E57 E85-3378', 'cell': 'Y33 T02-2785', 'id': {'name': 'SIN', 'value': '736703208'}, 'picture': {'large': 'https://randomuser.me/api/portraits/women/15.jpg', 'medium': 'https://randomuser.me/api/portraits/med/women/15.jpg', 'thumbnail': 'https://randomuser.me/api/portraits/thumb/women/15.jpg'}, 'nat': 'CA'}], 'info': {'seed': '96a34ec91e9034e9', 'results': 1, 'page': 1, 'version': '1.4'}}</msg>
<arg>${json_data}</arg>
<doc>Logs the given message with the given level.</doc>
<status status="PASS" start="2024-07-31T22:14:25.905481" elapsed="0.000218"/>
</kw>
<kw name="Dictionary Should Contain Key" owner="Collections">
<arg>${json_data}</arg>
<arg>results</arg>
<doc>Fails if ``key`` is not found from ``dictionary``.</doc>
<status status="PASS" start="2024-07-31T22:14:25.905991" elapsed="0.000165"/>
</kw>
<kw name="Should Not Be Empty" owner="BuiltIn">
<msg time="2024-07-31T22:14:25.906473" level="INFO">Length is 2.</msg>
<arg>${json_data}</arg>
<doc>Verifies that the given item is not empty.</doc>
<status status="PASS" start="2024-07-31T22:14:25.906340" elapsed="0.000171"/>
</kw>
<kw name="Create List" owner="BuiltIn">
<msg time="2024-07-31T22:14:25.906967" level="INFO">${expected_keys} = ['gender', 'name', 'location', 'email', 'login']</msg>
<var>${expected_keys}</var>
<arg>gender</arg>
<arg>name</arg>
<arg>location</arg>
<arg>email</arg>
<arg>login</arg>
<doc>Returns a list containing given items.</doc>
<status status="PASS" start="2024-07-31T22:14:25.906794" elapsed="0.000197"/>
</kw>
<for flavor="IN">
<iter>
<kw name="Dictionary Should Contain Key" owner="Collections">
<arg>${json_data['results'][0]}</arg>
<arg>${key}</arg>
<doc>Fails if ``key`` is not found from ``dictionary``.</doc>
<status status="PASS" start="2024-07-31T22:14:25.907573" elapsed="0.000402"/>
</kw>
<kw name="Log" owner="BuiltIn">
<msg time="2024-07-31T22:14:25.908504" level="INFO">{'gender': 'female', 'name': {'title': 'Mrs', 'first': 'Sophia', 'last': 'Harcourt'}, 'location': {'street': {'number': 5775, 'name': '20th Ave'}, 'city': 'Charlottetown', 'state': 'Saskatchewan', 'country': 'Canada', 'postcode': 'G2H 7I6', 'coordinates': {'latitude': '-64.3395', 'longitude': '82.2685'}, 'timezone': {'offset': '-9:00', 'description': 'Alaska'}}, 'email': 'sophia.harcourt@example.com', 'login': {'uuid': 'e661902d-626e-4d05-9f70-5277228c2d84', 'username': 'beautifulfrog238', 'password': 'junior', 'salt': 'ky51cv38', 'md5': '929f2c7abf89fd14af30bae70809f804', 'sha1': 'c8881f618296d0bdb0cd93c10c17b355d078aeb8', 'sha256': '56e8a27a21562809b6abfe9d2e304cfb8463610c135dfaca30dd1454b61dac69'}, 'dob': {'date': '1970-07-18T09:09:03.311Z', 'age': 54}, 'registered': {'date': '2011-04-11T10:05:47.044Z', 'age': 13}, 'phone': 'E57 E85-3378', 'cell': 'Y33 T02-2785', 'id': {'name': 'SIN', 'value': '736703208'}, 'picture': {'large': 'https://randomuser.me/api/portraits/women/15.jpg', 'medium': 'https://randomuser.me/api/portraits/med/women/15.jpg', 'thumbnail': 'https://randomuser.me/api/portraits/thumb/women/15.jpg'}, 'nat': 'CA'}</msg>
<arg>${json_data['results'][0]}</arg>
<doc>Logs the given message with the given level.</doc>
<status status="PASS" start="2024-07-31T22:14:25.908156" elapsed="0.000397"/>
</kw>
<kw name="Log" owner="BuiltIn">
<msg time="2024-07-31T22:14:25.909025" level="INFO">gender</msg>
<arg>${key}</arg>
<doc>Logs the given message with the given level.</doc>
<status status="PASS" start="2024-07-31T22:14:25.908881" elapsed="0.000182"/>
</kw>
<var name="${key}">gender</var>
<status status="PASS" start="2024-07-31T22:14:25.907446" elapsed="0.001837"/>
</iter>
<iter>
<kw name="Dictionary Should Contain Key" owner="Collections">
<arg>${json_data['results'][0]}</arg>
<arg>${key}</arg>
<doc>Fails if ``key`` is not found from ``dictionary``.</doc>
<status status="PASS" start="2024-07-31T22:14:25.909574" elapsed="0.000386"/>
</kw>
<kw name="Log" owner="BuiltIn">
<msg time="2024-07-31T22:14:25.910490" level="INFO">{'gender': 'female', 'name': {'title': 'Mrs', 'first': 'Sophia', 'last': 'Harcourt'}, 'location': {'street': {'number': 5775, 'name': '20th Ave'}, 'city': 'Charlottetown', 'state': 'Saskatchewan', 'country': 'Canada', 'postcode': 'G2H 7I6', 'coordinates': {'latitude': '-64.3395', 'longitude': '82.2685'}, 'timezone': {'offset': '-9:00', 'description': 'Alaska'}}, 'email': 'sophia.harcourt@example.com', 'login': {'uuid': 'e661902d-626e-4d05-9f70-5277228c2d84', 'username': 'beautifulfrog238', 'password': 'junior', 'salt': 'ky51cv38', 'md5': '929f2c7abf89fd14af30bae70809f804', 'sha1': 'c8881f618296d0bdb0cd93c10c17b355d078aeb8', 'sha256': '56e8a27a21562809b6abfe9d2e304cfb8463610c135dfaca30dd1454b61dac69'}, 'dob': {'date': '1970-07-18T09:09:03.311Z', 'age': 54}, 'registered': {'date': '2011-04-11T10:05:47.044Z', 'age': 13}, 'phone': 'E57 E85-3378', 'cell': 'Y33 T02-2785', 'id': {'name': 'SIN', 'value': '736703208'}, 'picture': {'large': 'https://randomuser.me/api/portraits/women/15.jpg', 'medium': 'https://randomuser.me/api/portraits/med/women/15.jpg', 'thumbnail': 'https://randomuser.me/api/portraits/thumb/women/15.jpg'}, 'nat': 'CA'}</msg>
<arg>${json_data['results'][0]}</arg>
<doc>Logs the given message with the given level.</doc>
<status status="PASS" start="2024-07-31T22:14:25.910141" elapsed="0.000440"/>
</kw>
<kw name="Log" owner="BuiltIn">
<msg time="2024-07-31T22:14:25.911003" level="INFO">name</msg>
<arg>${key}</arg>
<doc>Logs the given message with the given level.</doc>
<status status="PASS" start="2024-07-31T22:14:25.910874" elapsed="0.000166"/>
</kw>
<var name="${key}">name</var>
<status status="PASS" start="2024-07-31T22:14:25.909464" elapsed="0.001791"/>
</iter>
<iter>
<kw name="Dictionary Should Contain Key" owner="Collections">
<arg>${json_data['results'][0]}</arg>
<arg>${key}</arg>
<doc>Fails if ``key`` is not found from ``dictionary``.</doc>
<status status="PASS" start="2024-07-31T22:14:25.911536" elapsed="0.000376"/>
</kw>
<kw name="Log" owner="BuiltIn">
<msg time="2024-07-31T22:14:25.912466" level="INFO">{'gender': 'female', 'name': {'title': 'Mrs', 'first': 'Sophia', 'last': 'Harcourt'}, 'location': {'street': {'number': 5775, 'name': '20th Ave'}, 'city': 'Charlottetown', 'state': 'Saskatchewan', 'country': 'Canada', 'postcode': 'G2H 7I6', 'coordinates': {'latitude': '-64.3395', 'longitude': '82.2685'}, 'timezone': {'offset': '-9:00', 'description': 'Alaska'}}, 'email': 'sophia.harcourt@example.com', 'login': {'uuid': 'e661902d-626e-4d05-9f70-5277228c2d84', 'username': 'beautifulfrog238', 'password': 'junior', 'salt': 'ky51cv38', 'md5': '929f2c7abf89fd14af30bae70809f804', 'sha1': 'c8881f618296d0bdb0cd93c10c17b355d078aeb8', 'sha256': '56e8a27a21562809b6abfe9d2e304cfb8463610c135dfaca30dd1454b61dac69'}, 'dob': {'date': '1970-07-18T09:09:03.311Z', 'age': 54}, 'registered': {'date': '2011-04-11T10:05:47.044Z', 'age': 13}, 'phone': 'E57 E85-3378', 'cell': 'Y33 T02-2785', 'id': {'name': 'SIN', 'value': '736703208'}, 'picture': {'large': 'https://randomuser.me/api/portraits/women/15.jpg', 'medium': 'https://randomuser.me/api/portraits/med/women/15.jpg', 'thumbnail': 'https://randomuser.me/api/portraits/thumb/women/15.jpg'}, 'nat': 'CA'}</msg>
<arg>${json_data['results'][0]}</arg>
<doc>Logs the given message with the given level.</doc>
<status status="PASS" start="2024-07-31T22:14:25.912114" elapsed="0.000399"/>
</kw>
<kw name="Log" owner="BuiltIn">
<msg time="2024-07-31T22:14:25.912964" level="INFO">location</msg>
<arg>${key}</arg>
<doc>Logs the given message with the given level.</doc>
<status status="PASS" start="2024-07-31T22:14:25.912828" elapsed="0.000174"/>
</kw>
<var name="${key}">location</var>
<status status="PASS" start="2024-07-31T22:14:25.911431" elapsed="0.001793"/>
</iter>
<iter>
<kw name="Dictionary Should Contain Key" owner="Collections">
<arg>${json_data['results'][0]}</arg>
<arg>${key}</arg>
<doc>Fails if ``key`` is not found from ``dictionary``.</doc>
<status status="PASS" start="2024-07-31T22:14:25.913499" elapsed="0.000385"/>
</kw>
<kw name="Log" owner="BuiltIn">
<msg time="2024-07-31T22:14:25.914598" level="INFO">{'gender': 'female', 'name': {'title': 'Mrs', 'first': 'Sophia', 'last': 'Harcourt'}, 'location': {'street': {'number': 5775, 'name': '20th Ave'}, 'city': 'Charlottetown', 'state': 'Saskatchewan', 'country': 'Canada', 'postcode': 'G2H 7I6', 'coordinates': {'latitude': '-64.3395', 'longitude': '82.2685'}, 'timezone': {'offset': '-9:00', 'description': 'Alaska'}}, 'email': 'sophia.harcourt@example.com', 'login': {'uuid': 'e661902d-626e-4d05-9f70-5277228c2d84', 'username': 'beautifulfrog238', 'password': 'junior', 'salt': 'ky51cv38', 'md5': '929f2c7abf89fd14af30bae70809f804', 'sha1': 'c8881f618296d0bdb0cd93c10c17b355d078aeb8', 'sha256': '56e8a27a21562809b6abfe9d2e304cfb8463610c135dfaca30dd1454b61dac69'}, 'dob': {'date': '1970-07-18T09:09:03.311Z', 'age': 54}, 'registered': {'date': '2011-04-11T10:05:47.044Z', 'age': 13}, 'phone': 'E57 E85-3378', 'cell': 'Y33 T02-2785', 'id': {'name': 'SIN', 'value': '736703208'}, 'picture': {'large': 'https://randomuser.me/api/portraits/women/15.jpg', 'medium': 'https://randomuser.me/api/portraits/med/women/15.jpg', 'thumbnail': 'https://randomuser.me/api/portraits/thumb/women/15.jpg'}, 'nat': 'CA'}</msg>
<arg>${json_data['results'][0]}</arg>
<doc>Logs the given message with the given level.</doc>
<status status="PASS" start="2024-07-31T22:14:25.914231" elapsed="0.000418"/>
</kw>
<kw name="Log" owner="BuiltIn">
<msg time="2024-07-31T22:14:25.915080" level="INFO">email</msg>
<arg>${key}</arg>
<doc>Logs the given message with the given level.</doc>
<status status="PASS" start="2024-07-31T22:14:25.914948" elapsed="0.000172"/>
</kw>
<var name="${key}">email</var>
<status status="PASS" start="2024-07-31T22:14:25.913394" elapsed="0.001940"/>
</iter>
<iter>
<kw name="Dictionary Should Contain Key" owner="Collections">
<arg>${json_data['results'][0]}</arg>
<arg>${key}</arg>
<doc>Fails if ``key`` is not found from ``dictionary``.</doc>
<status status="PASS" start="2024-07-31T22:14:25.915613" elapsed="0.000375"/>
</kw>
<kw name="Log" owner="BuiltIn">
<msg time="2024-07-31T22:14:25.916511" level="INFO">{'gender': 'female', 'name': {'title': 'Mrs', 'first': 'Sophia', 'last': 'Harcourt'}, 'location': {'street': {'number': 5775, 'name': '20th Ave'}, 'city': 'Charlottetown', 'state': 'Saskatchewan', 'country': 'Canada', 'postcode': 'G2H 7I6', 'coordinates': {'latitude': '-64.3395', 'longitude': '82.2685'}, 'timezone': {'offset': '-9:00', 'description': 'Alaska'}}, 'email': 'sophia.harcourt@example.com', 'login': {'uuid': 'e661902d-626e-4d05-9f70-5277228c2d84', 'username': 'beautifulfrog238', 'password': 'junior', 'salt': 'ky51cv38', 'md5': '929f2c7abf89fd14af30bae70809f804', 'sha1': 'c8881f618296d0bdb0cd93c10c17b355d078aeb8', 'sha256': '56e8a27a21562809b6abfe9d2e304cfb8463610c135dfaca30dd1454b61dac69'}, 'dob': {'date': '1970-07-18T09:09:03.311Z', 'age': 54}, 'registered': {'date': '2011-04-11T10:05:47.044Z', 'age': 13}, 'phone': 'E57 E85-3378', 'cell': 'Y33 T02-2785', 'id': {'name': 'SIN', 'value': '736703208'}, 'picture': {'large': 'https://randomuser.me/api/portraits/women/15.jpg', 'medium': 'https://randomuser.me/api/portraits/med/women/15.jpg', 'thumbnail': 'https://randomuser.me/api/portraits/thumb/women/15.jpg'}, 'nat': 'CA'}</msg>
<arg>${json_data['results'][0]}</arg>
<doc>Logs the given message with the given level.</doc>
<status status="PASS" start="2024-07-31T22:14:25.916169" elapsed="0.000398"/>
</kw>
<kw name="Log" owner="BuiltIn">
<msg time="2024-07-31T22:14:25.917021" level="INFO">login</msg>
<arg>${key}</arg>
<doc>Logs the given message with the given level.</doc>
<status status="PASS" start="2024-07-31T22:14:25.916888" elapsed="0.000171"/>
</kw>
<var name="${key}">login</var>
<status status="PASS" start="2024-07-31T22:14:25.915507" elapsed="0.001771"/>
</iter>
<var>${key}</var>
<value>@{expected_keys}</value>
<status status="PASS" start="2024-07-31T22:14:25.907255" elapsed="0.010142"/>
</for>
<kw name="Create List" owner="BuiltIn">
<msg time="2024-07-31T22:14:25.917718" level="INFO">${expected_keysTwo} = ['username', 'password']</msg>
<var>${expected_keysTwo}</var>
<arg>username</arg>
<arg>password</arg>
<doc>Returns a list containing given items.</doc>
<status status="PASS" start="2024-07-31T22:14:25.917580" elapsed="0.000162"/>
</kw>
<for flavor="IN">
<iter>
<kw name="Dictionary Should Contain Key" owner="Collections">
<arg>${json_data['results'][0]['login']}</arg>
<arg>${keyTwo}</arg>
<doc>Fails if ``key`` is not found from ``dictionary``.</doc>
<status status="PASS" start="2024-07-31T22:14:25.918275" elapsed="0.000386"/>
</kw>
<kw name="Dictionary Should Contain Key" owner="Collections">
<arg>${json_data['results'][0]['login']}</arg>
<arg>${keyTwo}</arg>
<doc>Fails if ``key`` is not found from ``dictionary``.</doc>
<status status="PASS" start="2024-07-31T22:14:25.918838" elapsed="0.000367"/>
</kw>
<kw name="Log" owner="BuiltIn">
<msg time="2024-07-31T22:14:25.919499" level="INFO">username</msg>
<arg>${keyTwo}</arg>
<doc>Logs the given message with the given level.</doc>
<status status="PASS" start="2024-07-31T22:14:25.919381" elapsed="0.000155"/>
</kw>
<var name="${keyTwo}">username</var>
<status status="PASS" start="2024-07-31T22:14:25.918159" elapsed="0.001591"/>
</iter>
<iter>
<kw name="Dictionary Should Contain Key" owner="Collections">
<arg>${json_data['results'][0]['login']}</arg>
<arg>${keyTwo}</arg>
<doc>Fails if ``key`` is not found from ``dictionary``.</doc>
<status status="PASS" start="2024-07-31T22:14:25.920030" elapsed="0.000372"/>
</kw>
<kw name="Dictionary Should Contain Key" owner="Collections">
<arg>${json_data['results'][0]['login']}</arg>
<arg>${keyTwo}</arg>
<doc>Fails if ``key`` is not found from ``dictionary``.</doc>
<status status="PASS" start="2024-07-31T22:14:25.920579" elapsed="0.000413"/>
</kw>
<kw name="Log" owner="BuiltIn">
<msg time="2024-07-31T22:14:25.921297" level="INFO">password</msg>
<arg>${keyTwo}</arg>
<doc>Logs the given message with the given level.</doc>
<status status="PASS" start="2024-07-31T22:14:25.921171" elapsed="0.000164"/>
</kw>
<var name="${keyTwo}">password</var>
<status status="PASS" start="2024-07-31T22:14:25.919920" elapsed="0.001634"/>
</iter>
<var>${keyTwo}</var>
<value>@{expected_keysTwo}</value>
<status status="PASS" start="2024-07-31T22:14:25.917999" elapsed="0.003673"/>
</for>
<status status="PASS" start="2024-07-31T22:14:25.808188" elapsed="0.113624"/>
</kw>
<doc>Testa a estrutura da resposta da API.</doc>
<tag>testeEstruturaResposta</tag>
<status status="PASS" start="2024-07-31T22:14:25.807493" elapsed="0.114479"/>
</test>
<test id="s1-s1-t4" name="Validar tipos de dados" line="28">
<kw name="Teste de Tipos de Dados" owner="random-user-service">
<kw name="GET On Session" owner="RequestsLibrary">
<msg time="2024-07-31T22:14:26.019137" level="INFO">GET Request : url=https://randomuser.me/api 
 path_url=/api 
 headers={'User-Agent': 'python-requests/2.32.3', 'Accept-Encoding': 'gzip, deflate', 'Accept': '*/*', 'Connection': 'keep-alive'} 
 body=None 
 </msg>
<msg time="2024-07-31T22:14:26.019254" level="INFO">GET Response : url=https://randomuser.me/api 
 status=200, reason=OK 
 headers={'Date': 'Wed, 31 Jul 2024 22:14:26 GMT', 'Content-Type': 'application/json; charset=utf-8', 'Transfer-Encoding': 'chunked', 'Connection': 'keep-alive', 'X-Powered-By': 'Express', 'Access-Control-Allow-Origin': '*', 'Cache-Control': 'no-cache', 'ETag': 'W/"496-VeT+lZVtNpMrbhqmM2hrRLKYwMA"', 'Vary': 'Accept-Encoding', 'Content-Encoding': 'gzip', 'CF-Cache-Status': 'DYNAMIC', 'Report-To': '{"endpoints":[{"url":"https:\\/\\/a.nel.cloudflare.com\\/report\\/v4?s=ZbcG30Zh3DM12akkXnu%2BNBprmDIv3Qyw7f2%2B078QfJnx39GXZwTWrLU37%2FUPtS3kUm%2FHAXvwdVtPh%2Fu1OHXPY%2B0Qk42tNf3xbUzhJ4oaQ%2FJtu1e9Qt2osg6%2Bx%2BcqerGg"}],"group":"cf-nel","max_age":604800}', 'NEL': '{"success_fraction":0,"report_to":"cf-nel","max_age":604800}', 'Server': 'cloudflare', 'CF-RAY': '8ac0f0fc09a7f987-SJC', 'alt-svc': 'h3=":443"; ma=86400'} 
 body={"results":[{"gender":"female","name":{"title":"Miss","first":"Sonia","last":"Reed"},"location":{"street":{"number":2014,"name":"W Belt Line Rd"},"city":"Huntington Beach","state":"Vermont","country":"United States","postcode":86785,"coordinates":{"latitude":"87.0504","longitude":"117.9815"},"timezone":{"offset":"-1:00","description":"Azores, Cape Verde Islands"}},"email":"sonia.reed@example.com","login":{"uuid":"db063d6e-d6fc-4a53-adae-41ba3215008a","username":"tinyfrog206","password":"nickel","salt":"A8WOwmk1","md5":"b6fed26a059726d12a0c05c8bec5ab91","sha1":"39cb52a26c84b35490caaf64f91c58a36ac921b3","sha256":"6cf14945c4c20a0c5b8ef5303ad2a83b7e0766a1bfb9decb83181d3df5b5d163"},"dob":{"date":"1985-05-14T19:45:43.515Z","age":39},"registered":{"date":"2015-07-17T15:01:04.493Z","age":9},"phone":"(303) 205-6859","cell":"(735) 772-4086","id":{"name":"SSN","value":"817-74-8503"},"picture":{"large":"https://randomuser.me/api/portraits/women/20.jpg","medium":"https://randomuser.me/api/portraits/med/women/20.jpg","thumbnail":"https://randomuser.me/api/portraits/thumb/women/20.jpg"},"nat":"US"}],"info":{"seed":"e7b638e1be6715bf","results":1,"page":1,"version":"1.4"}} 
 </msg>
<msg time="2024-07-31T22:14:26.019349" level="INFO">/opt/hostedtoolcache/Python/3.12.4/x64/lib/python3.12/site-packages/urllib3/connectionpool.py:1099: InsecureRequestWarning: Unverified HTTPS request is being made to host 'randomuser.me'. Adding certificate verification is strongly advised. See: https://urllib3.readthedocs.io/en/latest/advanced-usage.html#tls-warnings
  warnings.warn(</msg>
<msg time="2024-07-31T22:14:26.019495" level="INFO">${response} = &lt;Response [200]&gt;</msg>
<var>${response}</var>
<arg>consultarAPI</arg>
<arg>/api</arg>
<doc>Sends a GET request on a previously created HTTP Session.</doc>
<status status="PASS" start="2024-07-31T22:14:25.924373" elapsed="0.095167"/>
</kw>
<kw name="Set Variable" owner="BuiltIn">
<msg time="2024-07-31T22:14:26.020870" level="INFO">${json_data} = {'results': [{'gender': 'female', 'name': {'title': 'Miss', 'first': 'Sonia', 'last': 'Reed'}, 'location': {'street': {'number': 2014, 'name': 'W Belt Line Rd'}, 'city': 'Huntington Beach', 'state': '...</msg>
<var>${json_data}</var>
<arg>${response.json()}</arg>
<doc>Returns the given values which can then be assigned to a variables.</doc>
<status status="PASS" start="2024-07-31T22:14:26.020115" elapsed="0.000796"/>
</kw>
<kw name="Log" owner="BuiltIn">
<msg time="2024-07-31T22:14:26.021523" level="INFO">{'results': [{'gender': 'female', 'name': {'title': 'Miss', 'first': 'Sonia', 'last': 'Reed'}, 'location': {'street': {'number': 2014, 'name': 'W Belt Line Rd'}, 'city': 'Huntington Beach', 'state': 'Vermont', 'country': 'United States', 'postcode': 86785, 'coordinates': {'latitude': '87.0504', 'longitude': '117.9815'}, 'timezone': {'offset': '-1:00', 'description': 'Azores, Cape Verde Islands'}}, 'email': 'sonia.reed@example.com', 'login': {'uuid': 'db063d6e-d6fc-4a53-adae-41ba3215008a', 'username': 'tinyfrog206', 'password': 'nickel', 'salt': 'A8WOwmk1', 'md5': 'b6fed26a059726d12a0c05c8bec5ab91', 'sha1': '39cb52a26c84b35490caaf64f91c58a36ac921b3', 'sha256': '6cf14945c4c20a0c5b8ef5303ad2a83b7e0766a1bfb9decb83181d3df5b5d163'}, 'dob': {'date': '1985-05-14T19:45:43.515Z', 'age': 39}, 'registered': {'date': '2015-07-17T15:01:04.493Z', 'age': 9}, 'phone': '(303) 205-6859', 'cell': '(735) 772-4086', 'id': {'name': 'SSN', 'value': '817-74-8503'}, 'picture': {'large': 'https://randomuser.me/api/portraits/women/20.jpg', 'medium': 'https://randomuser.me/api/portraits/med/women/20.jpg', 'thumbnail': 'https://randomuser.me/api/portraits/thumb/women/20.jpg'}, 'nat': 'US'}], 'info': {'seed': 'e7b638e1be6715bf', 'results': 1, 'page': 1, 'version': '1.4'}}</msg>
<arg>${json_data}</arg>
<doc>Logs the given message with the given level.</doc>
<status status="PASS" start="2024-07-31T22:14:26.021316" elapsed="0.000277"/>
</kw>
<kw name="Should Be String" owner="String">
<arg>${json_data['results'][0]['gender']}</arg>
<doc>Fails if the given ``item`` is not a string.</doc>
<status status="PASS" start="2024-07-31T22:14:26.021990" elapsed="0.000512"/>
</kw>
<kw name="Should Match Regexp" owner="BuiltIn">
<arg>${json_data['results'][0]['email']}</arg>
<arg>^[a-zA-Z0-9._%+-]+@[a-zA-Z0-9.-]+\.[a-zA-Z]{2,}$</arg>
<doc>Fails if ``string`` does not match ``pattern`` as a regular expression.</doc>
<status status="PASS" start="2024-07-31T22:14:26.022768" elapsed="0.000728"/>
</kw>
<kw name="Should Match Regexp" owner="BuiltIn">
<arg>${json_data['results'][0]['dob']['date']}</arg>
<arg>\\d{4}-\\d{2}-\\d{2}T\\d{2}:\\d{2}:\\d{2}\\.\\d{3}Z</arg>
<doc>Fails if ``string`` does not match ``pattern`` as a regular expression.</doc>
<status status="PASS" start="2024-07-31T22:14:26.023814" elapsed="0.000893"/>
</kw>
<kw name="Should Match Regexp" owner="BuiltIn">
<arg>${json_data['results'][0]['registered']['date']}</arg>
<arg>\\d{4}-\\d{2}-\\d{2}T\\d{2}:\\d{2}:\\d{2}\\.\\d{3}Z</arg>
<doc>Fails if ``string`` does not match ``pattern`` as a regular expression.</doc>
<status status="PASS" start="2024-07-31T22:14:26.024985" elapsed="0.000541"/>
</kw>
<kw name="Should Match Regexp" owner="BuiltIn">
<arg>${json_data['results'][0]['picture']['large']}</arg>
<arg>^https?://.*\.(?:png|jpe?g|gif|bmp)$</arg>
<doc>Fails if ``string`` does not match ``pattern`` as a regular expression.</doc>
<status status="PASS" start="2024-07-31T22:14:26.025813" elapsed="0.000642"/>
</kw>
<kw name="Should Match Regexp" owner="BuiltIn">
<arg>${json_data['results'][0]['picture']['medium']}</arg>
<arg>^https?://.*\.(?:png|jpe?g|gif|bmp)$</arg>
<doc>Fails if ``string`` does not match ``pattern`` as a regular expression.</doc>
<status status="PASS" start="2024-07-31T22:14:26.026726" elapsed="0.000520"/>
</kw>
<kw name="Should Match Regexp" owner="BuiltIn">
<arg>${json_data['results'][0]['picture']['thumbnail']}</arg>
<arg>^https?://.*\.(?:png|jpe?g|gif|bmp)$</arg>
<doc>Fails if ``string`` does not match ``pattern`` as a regular expression.</doc>
<status status="PASS" start="2024-07-31T22:14:26.027511" elapsed="0.000524"/>
</kw>
<kw name="Log" owner="BuiltIn">
<msg time="2024-07-31T22:14:26.028760" level="INFO">{'large': 'https://randomuser.me/api/portraits/women/20.jpg', 'medium': 'https://randomuser.me/api/portraits/med/women/20.jpg', 'thumbnail': 'https://randomuser.me/api/portraits/thumb/women/20.jpg'}</msg>
<arg>${json_data['results'][0]['picture']}</arg>
<doc>Logs the given message with the given level.</doc>
<status status="PASS" start="2024-07-31T22:14:26.028291" elapsed="0.000566"/>
</kw>
<status status="PASS" start="2024-07-31T22:14:25.924154" elapsed="0.105051"/>
</kw>
<kw name="Teste de Tipos de Dados - Postcode" owner="random-user-service">
<kw name="GET On Session" owner="RequestsLibrary">
<msg time="2024-07-31T22:14:26.129545" level="INFO">GET Request : url=https://randomuser.me/api 
 path_url=/api 
 headers={'User-Agent': 'python-requests/2.32.3', 'Accept-Encoding': 'gzip, deflate', 'Accept': '*/*', 'Connection': 'keep-alive'} 
 body=None 
 </msg>
<msg time="2024-07-31T22:14:26.129655" level="INFO">GET Response : url=https://randomuser.me/api 
 status=200, reason=OK 
 headers={'Date': 'Wed, 31 Jul 2024 22:14:26 GMT', 'Content-Type': 'application/json; charset=utf-8', 'Transfer-Encoding': 'chunked', 'Connection': 'keep-alive', 'X-Powered-By': 'Express', 'Access-Control-Allow-Origin': '*', 'Cache-Control': 'no-cache', 'ETag': 'W/"478-7JwdS7Cw/V+d47E1wQdWQpJbr9I"', 'Vary': 'Accept-Encoding', 'Content-Encoding': 'gzip', 'CF-Cache-Status': 'DYNAMIC', 'Report-To': '{"endpoints":[{"url":"https:\\/\\/a.nel.cloudflare.com\\/report\\/v4?s=Js%2FbPseJY%2F5H0m%2FX22i00XUY1ms46yPI%2Bh3rcXjEUFxLj5enDd0yi50epdRhBQVBpgU9HFjlCotXo0QTjhYSp%2B9h%2BgKbxOejkxS5yF9XSbgsktqMzXlIT9nYfwOcaRL3"}],"group":"cf-nel","max_age":604800}', 'NEL': '{"success_fraction":0,"report_to":"cf-nel","max_age":604800}', 'Server': 'cloudflare', 'CF-RAY': '8ac0f0fcba8df987-SJC', 'alt-svc': 'h3=":443"; ma=86400'} 
 body={"results":[{"gender":"male","name":{"title":"Mr","first":"حامد","last":"گلشن"},"location":{"street":{"number":3262,"name":"تقوی"},"city":"آبادان","state":"سمنان","country":"Iran","postcode":87716,"coordinates":{"latitude":"14.2976","longitude":"-111.7015"},"timezone":{"offset":"+7:00","description":"Bangkok, Hanoi, Jakarta"}},"email":"hmd.glshn@example.com","login":{"uuid":"4fc5206d-b9be-4ca4-a293-a61299332d24","username":"orangeelephant696","password":"blue99","salt":"SLT5YQq6","md5":"8672eb60ca47adf44bfb545eaefa326b","sha1":"1bdcc80bc812dadcfb2d3ea74572eb700514249d","sha256":"36e3655922acbde0f98b81ed9a81b8b3cf651329b9c4239851a421995199cb8b"},"dob":{"date":"1966-07-22T19:28:52.364Z","age":58},"registered":{"date":"2003-07-01T18:41:06.554Z","age":21},"phone":"066-22181297","cell":"0976-497-5744","id":{"name":"","value":null},"picture":{"large":"https://randomuser.me/api/portraits/men/17.jpg","medium":"https://randomuser.me/api/portraits/med/men/17.jpg","thumbnail":"https://randomuser.me/api/portraits/thumb/men/17.jpg"},"nat":"IR"}],"info":{"seed":"6ec52427fff97448","results":1,"page":1,"version":"1.4"}} 
 </msg>
<msg time="2024-07-31T22:14:26.129728" level="INFO">/opt/hostedtoolcache/Python/3.12.4/x64/lib/python3.12/site-packages/urllib3/connectionpool.py:1099: InsecureRequestWarning: Unverified HTTPS request is being made to host 'randomuser.me'. Adding certificate verification is strongly advised. See: https://urllib3.readthedocs.io/en/latest/advanced-usage.html#tls-warnings
  warnings.warn(</msg>
<msg time="2024-07-31T22:14:26.129843" level="INFO">${response} = &lt;Response [200]&gt;</msg>
<var>${response}</var>
<arg>consultarAPI</arg>
<arg>/api</arg>
<doc>Sends a GET request on a previously created HTTP Session.</doc>
<status status="PASS" start="2024-07-31T22:14:26.029795" elapsed="0.100083"/>
</kw>
<kw name="Set Variable" owner="BuiltIn">
<msg time="2024-07-31T22:14:26.130951" level="INFO">${json_data} = {'results': [{'gender': 'male', 'name': {'title': 'Mr', 'first': 'حامد', 'last': 'گلشن'}, 'location': {'street': {'number': 3262, 'name': 'تقوی'}, 'city': 'آبادان', 'state': 'سمنان', 'country': 'Iran'...</msg>
<var>${json_data}</var>
<arg>${response.json()}</arg>
<doc>Returns the given values which can then be assigned to a variables.</doc>
<status status="PASS" start="2024-07-31T22:14:26.130407" elapsed="0.000575"/>
</kw>
<kw name="Log" owner="BuiltIn">
<msg time="2024-07-31T22:14:26.131465" level="INFO">{'results': [{'gender': 'male', 'name': {'title': 'Mr', 'first': 'حامد', 'last': 'گلشن'}, 'location': {'street': {'number': 3262, 'name': 'تقوی'}, 'city': 'آبادان', 'state': 'سمنان', 'country': 'Iran', 'postcode': 87716, 'coordinates': {'latitude': '14.2976', 'longitude': '-111.7015'}, 'timezone': {'offset': '+7:00', 'description': 'Bangkok, Hanoi, Jakarta'}}, 'email': 'hmd.glshn@example.com', 'login': {'uuid': '4fc5206d-b9be-4ca4-a293-a61299332d24', 'username': 'orangeelephant696', 'password': 'blue99', 'salt': 'SLT5YQq6', 'md5': '8672eb60ca47adf44bfb545eaefa326b', 'sha1': '1bdcc80bc812dadcfb2d3ea74572eb700514249d', 'sha256': '36e3655922acbde0f98b81ed9a81b8b3cf651329b9c4239851a421995199cb8b'}, 'dob': {'date': '1966-07-22T19:28:52.364Z', 'age': 58}, 'registered': {'date': '2003-07-01T18:41:06.554Z', 'age': 21}, 'phone': '066-22181297', 'cell': '0976-497-5744', 'id': {'name': '', 'value': None}, 'picture': {'large': 'https://randomuser.me/api/portraits/men/17.jpg', 'medium': 'https://randomuser.me/api/portraits/med/men/17.jpg', 'thumbnail': 'https://randomuser.me/api/portraits/thumb/men/17.jpg'}, 'nat': 'IR'}], 'info': {'seed': '6ec52427fff97448', 'results': 1, 'page': 1, 'version': '1.4'}}</msg>
<arg>${json_data}</arg>
<doc>Logs the given message with the given level.</doc>
<status status="PASS" start="2024-07-31T22:14:26.131294" elapsed="0.000222"/>
</kw>
<kw name="Should Be Equal As Numbers" owner="BuiltIn">
<arg>${json_data['results'][0]['location']['postcode']}</arg>
<arg>${json_data['results'][0]['location']['postcode']}</arg>
<doc>Fails if objects are unequal after converting them to real numbers.</doc>
<status status="PASS" start="2024-07-31T22:14:26.131809" elapsed="0.000630"/>
</kw>
<kw name="Log" owner="BuiltIn">
<msg time="2024-07-31T22:14:26.133029" level="INFO">87716</msg>
<arg>${json_data['results'][0]['location']['postcode']}</arg>
<doc>Logs the given message with the given level.</doc>
<status status="PASS" start="2024-07-31T22:14:26.132634" elapsed="0.000438"/>
</kw>
<status status="PASS" start="2024-07-31T22:14:26.029456" elapsed="0.103906"/>
</kw>
<doc>Testa se os tipos de dados na resposta da API estão corretos.</doc>
<tag>testeTiposDados</tag>
<status status="PASS" start="2024-07-31T22:14:25.923715" elapsed="0.209832"/>
</test>
<test id="s1-s1-t5" name="Validar conteudo" line="35">
<kw name="Teste de Tipos de Conteudo" owner="random-user-service">
<kw name="GET On Session" owner="RequestsLibrary">
<msg time="2024-07-31T22:14:26.248713" level="INFO">GET Request : url=https://randomuser.me/api 
 path_url=/api 
 headers={'User-Agent': 'python-requests/2.32.3', 'Accept-Encoding': 'gzip, deflate', 'Accept': '*/*', 'Connection': 'keep-alive'} 
 body=None 
 </msg>
<msg time="2024-07-31T22:14:26.248853" level="INFO">GET Response : url=https://randomuser.me/api 
 status=200, reason=OK 
 headers={'Date': 'Wed, 31 Jul 2024 22:14:26 GMT', 'Content-Type': 'application/json; charset=utf-8', 'Transfer-Encoding': 'chunked', 'Connection': 'keep-alive', 'X-Powered-By': 'Express', 'Access-Control-Allow-Origin': '*', 'Cache-Control': 'no-cache', 'ETag': 'W/"4a2-iM1INEFQSTZXE+Qsvip2g66l60c"', 'Vary': 'Accept-Encoding', 'Content-Encoding': 'gzip', 'CF-Cache-Status': 'DYNAMIC', 'Report-To': '{"endpoints":[{"url":"https:\\/\\/a.nel.cloudflare.com\\/report\\/v4?s=dfMD2vKfiYF6RtUIykFg2VoCo%2BYFuYby1HxXZnTjeqfW85%2B8CU%2BNLPlpHkaWyG0FlFbEoTAIh1uNjIF0iej6WzJSSpM5H2aAO6lLxn44SUgmgBQq555v1hUw8e7qtjWA"}],"group":"cf-nel","max_age":604800}', 'NEL': '{"success_fraction":0,"report_to":"cf-nel","max_age":604800}', 'Server': 'cloudflare', 'CF-RAY': '8ac0f0fd6b21f987-SJC', 'alt-svc': 'h3=":443"; ma=86400'} 
 body={"results":[{"gender":"male","name":{"title":"Mr","first":"Zacarías","last":"Trujillo"},"location":{"street":{"number":5968,"name":"Retorno Croacia"},"city":"Turitzio","state":"Guanajuato","country":"Mexico","postcode":65519,"coordinates":{"latitude":"23.4122","longitude":"-108.4066"},"timezone":{"offset":"+10:00","description":"Eastern Australia, Guam, Vladivostok"}},"email":"zacarias.trujillo@example.com","login":{"uuid":"fee9ee59-4612-46b6-879f-ea0c4d2b97ca","username":"organicwolf898","password":"java","salt":"rzhlAQAd","md5":"6370f91b34901b11d98262b4228d2852","sha1":"167d977ecb0c4f6da60e678a3b1087f4109dd87f","sha256":"cd84901cfb34a5b13447e85a02507b692314a080b90bd685fc7384c0f484ce74"},"dob":{"date":"1980-04-25T16:43:23.753Z","age":44},"registered":{"date":"2003-02-19T13:48:03.279Z","age":21},"phone":"(628) 176 4765","cell":"(632) 707 8990","id":{"name":"NSS","value":"82 05 78 9411 6"},"picture":{"large":"https://randomuser.me/api/portraits/men/77.jpg","medium":"https://randomuser.me/api/portraits/med/men/77.jpg","thumbnail":"https://randomuser.me/api/portraits/thumb/men/77.jpg"},"nat":"MX"}],"info":{"seed":"08062759a06301f4","results":1,"page":1,"version":"1.4"}} 
 </msg>
<msg time="2024-07-31T22:14:26.248938" level="INFO">/opt/hostedtoolcache/Python/3.12.4/x64/lib/python3.12/site-packages/urllib3/connectionpool.py:1099: InsecureRequestWarning: Unverified HTTPS request is being made to host 'randomuser.me'. Adding certificate verification is strongly advised. See: https://urllib3.readthedocs.io/en/latest/advanced-usage.html#tls-warnings
  warnings.warn(</msg>
<msg time="2024-07-31T22:14:26.249077" level="INFO">${response} = &lt;Response [200]&gt;</msg>
<var>${response}</var>
<arg>consultarAPI</arg>
<arg>/api</arg>
<doc>Sends a GET request on a previously created HTTP Session.</doc>
<status status="PASS" start="2024-07-31T22:14:26.136086" elapsed="0.113030"/>
</kw>
<kw name="Set Variable" owner="BuiltIn">
<msg time="2024-07-31T22:14:26.250380" level="INFO">${json_data} = {'results': [{'gender': 'male', 'name': {'title': 'Mr', 'first': 'Zacarías', 'last': 'Trujillo'}, 'location': {'street': {'number': 5968, 'name': 'Retorno Croacia'}, 'city': 'Turitzio', 'state': 'Guan...</msg>
<var>${json_data}</var>
<arg>${response.json()}</arg>
<doc>Returns the given values which can then be assigned to a variables.</doc>
<status status="PASS" start="2024-07-31T22:14:26.249784" elapsed="0.000628"/>
</kw>
<kw name="Set Variable" owner="BuiltIn">
<msg time="2024-07-31T22:14:26.251236" level="INFO">${name_title} = Mr</msg>
<var>${name_title}</var>
<arg>${json_data["results"][0]["name"]["title"]}</arg>
<doc>Returns the given values which can then be assigned to a variables.</doc>
<status status="PASS" start="2024-07-31T22:14:26.250803" elapsed="0.000461"/>
</kw>
<kw name="Create List" owner="BuiltIn">
<msg time="2024-07-31T22:14:26.251771" level="INFO">${allowed_titles} = ['Mr', 'Ms', 'Miss', 'Mrs', 'Madame', 'Monsieur']</msg>
<var>${allowed_titles}</var>
<arg>Mr</arg>
<arg>Ms</arg>
<arg>Miss</arg>
<arg>Mrs</arg>
<arg>Madame</arg>
<arg>Monsieur</arg>
<doc>Returns a list containing given items.</doc>
<status status="PASS" start="2024-07-31T22:14:26.251606" elapsed="0.000191"/>
</kw>
<kw name="List Should Contain Value" owner="Collections">
<arg>${allowed_titles}</arg>
<arg>${name_title}</arg>
<doc>Fails if the ``value`` is not found from ``list``.</doc>
<status status="PASS" start="2024-07-31T22:14:26.252113" elapsed="0.000193"/>
</kw>
<kw name="Set Variable" owner="BuiltIn">
<msg time="2024-07-31T22:14:26.252932" level="INFO">${name_country} = MX</msg>
<var>${name_country}</var>
<arg>${json_data["results"][0]["nat"]}</arg>
<doc>Returns the given values which can then be assigned to a variables.</doc>
<status status="PASS" start="2024-07-31T22:14:26.252499" elapsed="0.000461"/>
</kw>
<kw name="Create List" owner="BuiltIn">
<msg time="2024-07-31T22:14:26.253865" level="INFO">${list_country} = ['AD', 'AE', 'AF', 'AG', 'AI', 'AL', 'AM', 'AO', 'AQ', 'AR', 'AS', 'AT', 'AU', 'AW', 'AX', 'AZ', 'BA', 'BB', 'BD', 'BE', 'BF', 'BG', 'BH', 'BI', 'BJ', 'BL', 'BM', 'BN', 'BO', 'BQ', 'BR', 'BS', 'BT', '...</msg>
<var>${list_country}</var>
<arg>AD</arg>
<arg>AE</arg>
<arg>AF</arg>
<arg>AG</arg>
<arg>AI</arg>
<arg>AL</arg>
<arg>AM</arg>
<arg>AO</arg>
<arg>AQ</arg>
<arg>AR</arg>
<arg>AS</arg>
<arg>AT</arg>
<arg>AU</arg>
<arg>AW</arg>
<arg>AX</arg>
<arg>AZ</arg>
<arg>BA</arg>
<arg>BB</arg>
<arg>BD</arg>
<arg>BE</arg>
<arg>BF</arg>
<arg>BG</arg>
<arg>BH</arg>
<arg>BI</arg>
<arg>BJ</arg>
<arg>BL</arg>
<arg>BM</arg>
<arg>BN</arg>
<arg>BO</arg>
<arg>BQ</arg>
<arg>BR</arg>
<arg>BS</arg>
<arg>BT</arg>
<arg>BV</arg>
<arg>BW</arg>
<arg>BY</arg>
<arg>BZ</arg>
<arg>CA</arg>
<arg>CC</arg>
<arg>CD</arg>
<arg>CF</arg>
<arg>CG</arg>
<arg>CH</arg>
<arg>CI</arg>
<arg>CK</arg>
<arg>CL</arg>
<arg>CM</arg>
<arg>CN</arg>
<arg>CO</arg>
<arg>CR</arg>
<arg>CU</arg>
<arg>CV</arg>
<arg>CW</arg>
<arg>CX</arg>
<arg>CY</arg>
<arg>CZ</arg>
<arg>DE</arg>
<arg>DJ</arg>
<arg>DK</arg>
<arg>DM</arg>
<arg>DO</arg>
<arg>DZ</arg>
<arg>EC</arg>
<arg>EE</arg>
<arg>EG</arg>
<arg>EH</arg>
<arg>ER</arg>
<arg>ES</arg>
<arg>ET</arg>
<arg>FI</arg>
<arg>FJ</arg>
<arg>FK</arg>
<arg>FM</arg>
<arg>FO</arg>
<arg>FR</arg>
<arg>GA</arg>
<arg>GB</arg>
<arg>GD</arg>
<arg>GE</arg>
<arg>GF</arg>
<arg>GG</arg>
<arg>GH</arg>
<arg>GI</arg>
<arg>GL</arg>
<arg>GM</arg>
<arg>GN</arg>
<arg>GP</arg>
<arg>GQ</arg>
<arg>GR</arg>
<arg>GS</arg>
<arg>GT</arg>
<arg>GU</arg>
<arg>GW</arg>
<arg>GY</arg>
<arg>HK</arg>
<arg>HM</arg>
<arg>HN</arg>
<arg>HR</arg>
<arg>HT</arg>
<arg>HU</arg>
<arg>ID</arg>
<arg>IE</arg>
<arg>IL</arg>
<arg>IM</arg>
<arg>IN</arg>
<arg>IO</arg>
<arg>IQ</arg>
<arg>IR</arg>
<arg>IS</arg>
<arg>IT</arg>
<arg>JE</arg>
<arg>JM</arg>
<arg>JO</arg>
<arg>JP</arg>
<arg>KE</arg>
<arg>KG</arg>
<arg>KH</arg>
<arg>KI</arg>
<arg>KM</arg>
<arg>KN</arg>
<arg>KP</arg>
<arg>KR</arg>
<arg>KW</arg>
<arg>KY</arg>
<arg>KZ</arg>
<arg>LA</arg>
<arg>LB</arg>
<arg>LC</arg>
<arg>LI</arg>
<arg>LK</arg>
<arg>LR</arg>
<arg>LS</arg>
<arg>LT</arg>
<arg>LU</arg>
<arg>LV</arg>
<arg>LY</arg>
<arg>MA</arg>
<arg>MC</arg>
<arg>MD</arg>
<arg>ME</arg>
<arg>MF</arg>
<arg>MG</arg>
<arg>MH</arg>
<arg>MK</arg>
<arg>ML</arg>
<arg>MM</arg>
<arg>MN</arg>
<arg>MO</arg>
<arg>MP</arg>
<arg>MQ</arg>
<arg>MR</arg>
<arg>MS</arg>
<arg>MT</arg>
<arg>MU</arg>
<arg>MV</arg>
<arg>MW</arg>
<arg>MX</arg>
<arg>MY</arg>
<arg>MZ</arg>
<arg>NA</arg>
<arg>NC</arg>
<arg>NE</arg>
<arg>NF</arg>
<arg>NG</arg>
<arg>NI</arg>
<arg>NL</arg>
<arg>NO</arg>
<arg>NP</arg>
<arg>NR</arg>
<arg>NU</arg>
<arg>NZ</arg>
<arg>OM</arg>
<arg>PA</arg>
<arg>PE</arg>
<arg>PF</arg>
<arg>PG</arg>
<arg>PH</arg>
<arg>PK</arg>
<arg>PL</arg>
<arg>PM</arg>
<arg>PN</arg>
<arg>PR</arg>
<arg>PS</arg>
<arg>PT</arg>
<arg>PW</arg>
<arg>PY</arg>
<arg>QA</arg>
<arg>RE</arg>
<arg>RO</arg>
<arg>RS</arg>
<arg>RU</arg>
<arg>RW</arg>
<arg>SA</arg>
<arg>SB</arg>
<arg>SC</arg>
<arg>SD</arg>
<arg>SE</arg>
<arg>SG</arg>
<arg>SH</arg>
<arg>SI</arg>
<arg>SJ</arg>
<arg>SK</arg>
<arg>SL</arg>
<arg>SM</arg>
<arg>SN</arg>
<arg>SO</arg>
<arg>SR</arg>
<arg>SS</arg>
<arg>ST</arg>
<arg>SV</arg>
<arg>SX</arg>
<arg>SY</arg>
<arg>SZ</arg>
<arg>TC</arg>
<arg>TD</arg>
<arg>TF</arg>
<arg>TG</arg>
<arg>TH</arg>
<arg>TJ</arg>
<arg>TK</arg>
<arg>TL</arg>
<arg>TM</arg>
<arg>TN</arg>
<arg>TO</arg>
<arg>TR</arg>
<arg>TT</arg>
<arg>TV</arg>
<arg>TW</arg>
<arg>TZ</arg>
<arg>UA</arg>
<arg>UG</arg>
<arg>UM</arg>
<arg>US</arg>
<arg>UY</arg>
<arg>UZ</arg>
<arg>VA</arg>
<arg>VC</arg>
<arg>VE</arg>
<arg>VG</arg>
<arg>VI</arg>
<arg>VN</arg>
<arg>VU</arg>
<arg>WF</arg>
<arg>WS</arg>
<arg>XK</arg>
<arg>YE</arg>
<arg>YT</arg>
<arg>ZA</arg>
<arg>ZM</arg>
<arg>ZW</arg>
<doc>Returns a list containing given items.</doc>
<status status="PASS" start="2024-07-31T22:14:26.253265" elapsed="0.000626"/>
</kw>
<kw name="List Should Contain Value" owner="Collections">
<arg>${list_country}</arg>
<arg>${name_country}</arg>
<doc>Fails if the ``value`` is not found from ``list``.</doc>
<status status="PASS" start="2024-07-31T22:14:26.254897" elapsed="0.000220"/>
</kw>
<kw name="Run Keyword If" owner="BuiltIn">
<kw name="Should Be True" owner="BuiltIn">
<arg>${True}</arg>
<doc>Fails if the given condition is not true.</doc>
<status status="PASS" start="2024-07-31T22:14:26.256116" elapsed="0.000146"/>
</kw>
<arg>${json_data["results"][0]["location"]["coordinates"]["latitude"]} &gt;= -90 and ${json_data["results"][0]["location"]["coordinates"]["latitude"]} &lt;= 90</arg>
<arg>Should Be True</arg>
<arg>${True}</arg>
<doc>Runs the given keyword with the given arguments, if ``condition`` is true.</doc>
<status status="PASS" start="2024-07-31T22:14:26.255325" elapsed="0.001065"/>
</kw>
<kw name="Run Keyword If" owner="BuiltIn">
<kw name="Should Be True" owner="BuiltIn">
<arg>${True}</arg>
<doc>Fails if the given condition is not true.</doc>
<status status="PASS" start="2024-07-31T22:14:26.257336" elapsed="0.000142"/>
</kw>
<arg>${json_data["results"][0]["location"]["coordinates"]["longitude"]} &gt;= -180 and ${json_data["results"][0]["location"]["coordinates"]["longitude"]} &lt;= 180</arg>
<arg>Should Be True</arg>
<arg>${True}</arg>
<doc>Runs the given keyword with the given arguments, if ``condition`` is true.</doc>
<status status="PASS" start="2024-07-31T22:14:26.256584" elapsed="0.001018"/>
</kw>
<status status="PASS" start="2024-07-31T22:14:26.135861" elapsed="0.121876"/>
</kw>
<doc>Testa o conteúdo específico dos campos retornados pela API.</doc>
<tag>testeConteudo</tag>
<status status="PASS" start="2024-07-31T22:14:26.135326" elapsed="0.122571"/>
</test>
<status status="PASS" start="2024-07-31T22:14:25.199516" elapsed="1.060309"/>
</suite>
<status status="PASS" start="2024-07-31T22:14:25.185136" elapsed="1.079871"/>
</suite>
<statistics>
<total>
<stat pass="5" fail="0" skip="0">All Tests</stat>
</total>
<tag>
<stat pass="1" fail="0" skip="0">testeConteudo</stat>
<stat pass="1" fail="0" skip="0">testeEstruturaResposta</stat>
<stat pass="1" fail="0" skip="0">testeRequisicaoBasica</stat>
<stat pass="1" fail="0" skip="0">testeTiposDados</stat>
</tag>
<suite>
<stat pass="5" fail="0" skip="0" id="s1" name="Tests">Tests</stat>
<stat pass="5" fail="0" skip="0" id="s1-s1" name="Random-User-Test">Tests.Random-User-Test</stat>
</suite>
</statistics>
<errors>
</errors>
</robot>
