<?xml version="1.0" encoding="UTF-8"?>
<robot generator="Robot 7.0 (Python 3.12.3 on linux)" generated="2024-05-17T13:15:50.863231" rpa="false" schemaversion="5">
<suite id="s1" name="Tests" source="/home/runner/work/DesafioQAItauRogerioJordao/DesafioQAItauRogerioJordao/RamdonUser/tests">
<suite id="s1-s1" name="Random-User-Test" source="/home/runner/work/DesafioQAItauRogerioJordao/DesafioQAItauRogerioJordao/RamdonUser/tests/random-user-test.robot">
<test id="s1-s1-t1" name="Conectar" line="13">
<kw name="Conectar API" owner="random-user-service">
<kw name="Create Session" owner="RequestsLibrary">
<msg time="2024-05-17T13:15:51.267347" level="INFO">Creating Session using : alias=consultarAPI, url=https://randomuser.me/, headers={},                     cookies={}, auth=None, timeout=None, proxies=None, verify=False,                     debug=0 </msg>
<arg>consultarAPI</arg>
<arg>${URL}</arg>
<doc>Create Session: create a HTTP session to a server</doc>
<status status="PASS" start="2024-05-17T13:15:51.267136" elapsed="0.000420"/>
</kw>
<status status="PASS" start="2024-05-17T13:15:51.266114" elapsed="0.001829"/>
</kw>
<status status="PASS" start="2024-05-17T13:15:51.265448" elapsed="0.002695"/>
</test>
<test id="s1-s1-t2" name="Validar retorno 200 e JSON Válido" line="16">
<kw name="Teste de Requisicao Basica" owner="random-user-service">
<kw name="GET On Session" owner="RequestsLibrary">
<msg time="2024-05-17T13:15:51.517736" level="INFO">GET Request : url=https://randomuser.me/api 
 path_url=/api 
 headers={'User-Agent': 'python-requests/2.31.0', 'Accept-Encoding': 'gzip, deflate', 'Accept': '*/*', 'Connection': 'keep-alive'} 
 body=None 
 </msg>
<msg time="2024-05-17T13:15:51.517898" level="INFO">GET Response : url=https://randomuser.me/api 
 status=200, reason=OK 
 headers={'Date': 'Fri, 17 May 2024 13:15:51 GMT', 'Content-Type': 'application/json; charset=utf-8', 'Transfer-Encoding': 'chunked', 'Connection': 'keep-alive', 'X-Powered-By': 'Express', 'Access-Control-Allow-Origin': '*', 'Cache-Control': 'no-cache', 'ETag': 'W/"496-4OXlWj98Dg3AvSGEt25ORlP6Lzc"', 'Vary': 'Accept-Encoding', 'Content-Encoding': 'gzip', 'CF-Cache-Status': 'DYNAMIC', 'Report-To': '{"endpoints":[{"url":"https:\\/\\/a.nel.cloudflare.com\\/report\\/v4?s=8FKAqH9EY4yLSYXg78gxJCQ9829rKd5IpJ9bjb1iZJXrox%2BmsLPK3TAGmLWjcwxhmSOr9GzkVAJoUjnWWUlTHOS2gOag%2FoyfdBSZxqaMRscaFu0YswTCjpVOh45ciize"}],"group":"cf-nel","max_age":604800}', 'NEL': '{"success_fraction":0,"report_to":"cf-nel","max_age":604800}', 'Server': 'cloudflare', 'CF-RAY': '8853e0eeac162b18-ORD', 'alt-svc': 'h3=":443"; ma=86400'} 
 body={"results":[{"gender":"female","name":{"title":"Ms","first":"Vanesa","last":"Martin"},"location":{"street":{"number":8205,"name":"Ronda de Toledo"},"city":"Logroño","state":"Asturias","country":"Spain","postcode":71764,"coordinates":{"latitude":"-31.8018","longitude":"115.7821"},"timezone":{"offset":"-4:00","description":"Atlantic Time (Canada), Caracas, La Paz"}},"email":"vanesa.martin@example.com","login":{"uuid":"f8a4df72-a1a5-45dc-8b2a-e85657c3674b","username":"purpleswan560","password":"bigguy","salt":"gOtvYWGS","md5":"5a46dd76edd219b84840ca93eb83fd83","sha1":"a427312d94eddfaae177f54f4412b8bd3191519c","sha256":"fd16c339096adf19a031b8f37b3574c036b7f82844df58b71bfafb1b798ed9f9"},"dob":{"date":"1965-02-24T02:52:41.203Z","age":59},"registered":{"date":"2009-10-15T14:54:46.871Z","age":14},"phone":"947-244-274","cell":"646-195-901","id":{"name":"DNI","value":"98428494-Q"},"picture":{"large":"https://randomuser.me/api/portraits/women/32.jpg","medium":"https://randomuser.me/api/portraits/med/women/32.jpg","thumbnail":"https://randomuser.me/api/portraits/thumb/women/32.jpg"},"nat":"ES"}],"info":{"seed":"2d9e54569fbdab25","results":1,"page":1,"version":"1.4"}} 
 </msg>
<msg time="2024-05-17T13:15:51.517997" level="INFO">/opt/hostedtoolcache/Python/3.12.3/x64/lib/python3.12/site-packages/urllib3/connectionpool.py:1103: InsecureRequestWarning: Unverified HTTPS request is being made to host 'randomuser.me'. Adding certificate verification is strongly advised. See: https://urllib3.readthedocs.io/en/latest/advanced-usage.html#tls-warnings
  warnings.warn(</msg>
<msg time="2024-05-17T13:15:51.518162" level="INFO">${response} = &lt;Response [200]&gt;</msg>
<var>${response}</var>
<arg>consultarAPI</arg>
<arg>/api</arg>
<doc>Sends a GET request on a previously created HTTP Session.</doc>
<status status="PASS" start="2024-05-17T13:15:51.270885" elapsed="0.247311"/>
</kw>
<kw name="Should Be Equal As Numbers" owner="BuiltIn">
<msg time="2024-05-17T13:15:51.519225" level="INFO">Argument types are:
&lt;class 'int'&gt;
&lt;class 'str'&gt;</msg>
<arg>${response.status_code}</arg>
<arg>200</arg>
<doc>Fails if objects are unequal after converting them to real numbers.</doc>
<status status="PASS" start="2024-05-17T13:15:51.518759" elapsed="0.000532"/>
</kw>
<kw name="Log" owner="BuiltIn">
<msg time="2024-05-17T13:15:51.519964" level="INFO">200</msg>
<arg>${response.status_code}</arg>
<doc>Logs the given message with the given level.</doc>
<status status="PASS" start="2024-05-17T13:15:51.519614" elapsed="0.000391"/>
</kw>
<kw name="Set Variable" owner="BuiltIn">
<msg time="2024-05-17T13:15:51.520797" level="INFO">${json_data} = {'results': [{'gender': 'female', 'name': {'title': 'Ms', 'first': 'Vanesa', 'last': 'Martin'}, 'location': {'street': {'number': 8205, 'name': 'Ronda de Toledo'}, 'city': 'Logroño', 'state': 'Asturia...</msg>
<var>${json_data}</var>
<arg>${response.json()}</arg>
<doc>Returns the given values which can then be assigned to a variables.</doc>
<status status="PASS" start="2024-05-17T13:15:51.520312" elapsed="0.000515"/>
</kw>
<kw name="Dictionary Should Contain Key" owner="Collections">
<msg time="2024-05-17T13:15:51.521302" level="INFO">False</msg>
<arg>${json_data}</arg>
<arg>results</arg>
<doc>Fails if ``key`` is not found from ``dictionary``.</doc>
<status status="PASS" start="2024-05-17T13:15:51.521134" elapsed="0.000207"/>
</kw>
<status status="PASS" start="2024-05-17T13:15:51.270636" elapsed="0.250965"/>
</kw>
<doc>Testa se a API responde corretamente e retorna um objeto JSON válido.</doc>
<tag>testeRequisicaoBasica</tag>
<status status="PASS" start="2024-05-17T13:15:51.270100" elapsed="0.251690"/>
</test>
<test id="s1-s1-t3" name="Validar estrutura de resposta" line="22">
<kw name="Teste de Estrutura de Resposta" owner="random-user-service">
<kw name="GET On Session" owner="RequestsLibrary">
<msg time="2024-05-17T13:15:51.624036" level="INFO">GET Request : url=https://randomuser.me/api 
 path_url=/api 
 headers={'User-Agent': 'python-requests/2.31.0', 'Accept-Encoding': 'gzip, deflate', 'Accept': '*/*', 'Connection': 'keep-alive'} 
 body=None 
 </msg>
<msg time="2024-05-17T13:15:51.624147" level="INFO">GET Response : url=https://randomuser.me/api 
 status=200, reason=OK 
 headers={'Date': 'Fri, 17 May 2024 13:15:51 GMT', 'Content-Type': 'application/json; charset=utf-8', 'Transfer-Encoding': 'chunked', 'Connection': 'keep-alive', 'X-Powered-By': 'Express', 'Access-Control-Allow-Origin': '*', 'Cache-Control': 'no-cache', 'ETag': 'W/"496-Fj6uoDragYYD6DOd5DJJdnKqOYM"', 'Vary': 'Accept-Encoding', 'Content-Encoding': 'gzip', 'CF-Cache-Status': 'DYNAMIC', 'Report-To': '{"endpoints":[{"url":"https:\\/\\/a.nel.cloudflare.com\\/report\\/v4?s=6BG6AHE60joxRjJqUnDerDpLMdWkfEF6gk9pR8mX2FjOBuYee1E924Ij3IX29o40YlWHHpONWA%2B%2FAN6X8hcDvu%2F%2BsPFJkLbu56qNG%2F3b8FSpnX50ErT7OYkA1De3FFM%2F"}],"group":"cf-nel","max_age":604800}', 'NEL': '{"success_fraction":0,"report_to":"cf-nel","max_age":604800}', 'Server': 'cloudflare', 'CF-RAY': '8853e0ef1c8d2b18-ORD', 'alt-svc': 'h3=":443"; ma=86400'} 
 body={"results":[{"gender":"female","name":{"title":"Mrs","first":"Ndrea","last":"Jesus"},"location":{"street":{"number":7184,"name":"Rua São Pedro "},"city":"Cotia","state":"Acre","country":"Brazil","postcode":76484,"coordinates":{"latitude":"-79.8254","longitude":"143.7657"},"timezone":{"offset":"+9:00","description":"Tokyo, Seoul, Osaka, Sapporo, Yakutsk"}},"email":"ndrea.jesus@example.com","login":{"uuid":"b89ebd40-b026-4ff5-ba3a-a6412a58cd8d","username":"purplemouse438","password":"calvin","salt":"djA87uSM","md5":"bf4f89ddea5d5628621d1c42af3040b7","sha1":"e729ba9424ee4dbdfbdd83849605f914b8e2256a","sha256":"82c809d04f7838496912eea526f00734df4574e9ff1a8deabc18d07338033dd3"},"dob":{"date":"1961-06-28T16:35:59.750Z","age":62},"registered":{"date":"2004-09-18T08:51:45.793Z","age":19},"phone":"(63) 5885-8414","cell":"(23) 1481-3724","id":{"name":"CPF","value":"968.205.857-70"},"picture":{"large":"https://randomuser.me/api/portraits/women/16.jpg","medium":"https://randomuser.me/api/portraits/med/women/16.jpg","thumbnail":"https://randomuser.me/api/portraits/thumb/women/16.jpg"},"nat":"BR"}],"info":{"seed":"ad69689a753f28f2","results":1,"page":1,"version":"1.4"}} 
 </msg>
<msg time="2024-05-17T13:15:51.624296" level="INFO">/opt/hostedtoolcache/Python/3.12.3/x64/lib/python3.12/site-packages/urllib3/connectionpool.py:1103: InsecureRequestWarning: Unverified HTTPS request is being made to host 'randomuser.me'. Adding certificate verification is strongly advised. See: https://urllib3.readthedocs.io/en/latest/advanced-usage.html#tls-warnings
  warnings.warn(</msg>
<msg time="2024-05-17T13:15:51.624442" level="INFO">${response} = &lt;Response [200]&gt;</msg>
<var>${response}</var>
<arg>consultarAPI</arg>
<arg>/api</arg>
<doc>Sends a GET request on a previously created HTTP Session.</doc>
<status status="PASS" start="2024-05-17T13:15:51.524356" elapsed="0.100129"/>
</kw>
<kw name="Set Variable" owner="BuiltIn">
<msg time="2024-05-17T13:15:51.625635" level="INFO">${json_data} = {'results': [{'gender': 'female', 'name': {'title': 'Mrs', 'first': 'Ndrea', 'last': 'Jesus'}, 'location': {'street': {'number': 7184, 'name': 'Rua São Pedro '}, 'city': 'Cotia', 'state': 'Acre', 'cou...</msg>
<var>${json_data}</var>
<arg>${response.json()}</arg>
<doc>Returns the given values which can then be assigned to a variables.</doc>
<status status="PASS" start="2024-05-17T13:15:51.625071" elapsed="0.000596"/>
</kw>
<kw name="Log" owner="BuiltIn">
<msg time="2024-05-17T13:15:51.626175" level="INFO">{'results': [{'gender': 'female', 'name': {'title': 'Mrs', 'first': 'Ndrea', 'last': 'Jesus'}, 'location': {'street': {'number': 7184, 'name': 'Rua São Pedro '}, 'city': 'Cotia', 'state': 'Acre', 'country': 'Brazil', 'postcode': 76484, 'coordinates': {'latitude': '-79.8254', 'longitude': '143.7657'}, 'timezone': {'offset': '+9:00', 'description': 'Tokyo, Seoul, Osaka, Sapporo, Yakutsk'}}, 'email': 'ndrea.jesus@example.com', 'login': {'uuid': 'b89ebd40-b026-4ff5-ba3a-a6412a58cd8d', 'username': 'purplemouse438', 'password': 'calvin', 'salt': 'djA87uSM', 'md5': 'bf4f89ddea5d5628621d1c42af3040b7', 'sha1': 'e729ba9424ee4dbdfbdd83849605f914b8e2256a', 'sha256': '82c809d04f7838496912eea526f00734df4574e9ff1a8deabc18d07338033dd3'}, 'dob': {'date': '1961-06-28T16:35:59.750Z', 'age': 62}, 'registered': {'date': '2004-09-18T08:51:45.793Z', 'age': 19}, 'phone': '(63) 5885-8414', 'cell': '(23) 1481-3724', 'id': {'name': 'CPF', 'value': '968.205.857-70'}, 'picture': {'large': 'https://randomuser.me/api/portraits/women/16.jpg', 'medium': 'https://randomuser.me/api/portraits/med/women/16.jpg', 'thumbnail': 'https://randomuser.me/api/portraits/thumb/women/16.jpg'}, 'nat': 'BR'}], 'info': {'seed': 'ad69689a753f28f2', 'results': 1, 'page': 1, 'version': '1.4'}}</msg>
<arg>${json_data}</arg>
<doc>Logs the given message with the given level.</doc>
<status status="PASS" start="2024-05-17T13:15:51.626000" elapsed="0.000229"/>
</kw>
<kw name="Dictionary Should Contain Key" owner="Collections">
<msg time="2024-05-17T13:15:51.626698" level="INFO">False</msg>
<arg>${json_data}</arg>
<arg>results</arg>
<doc>Fails if ``key`` is not found from ``dictionary``.</doc>
<status status="PASS" start="2024-05-17T13:15:51.626540" elapsed="0.000195"/>
</kw>
<kw name="Should Not Be Empty" owner="BuiltIn">
<msg time="2024-05-17T13:15:51.627157" level="INFO">Length is 2.</msg>
<arg>${json_data}</arg>
<doc>Verifies that the given item is not empty.</doc>
<status status="PASS" start="2024-05-17T13:15:51.627028" elapsed="0.000166"/>
</kw>
<kw name="Create List" owner="BuiltIn">
<msg time="2024-05-17T13:15:51.627811" level="INFO">${expected_keys} = ['gender', 'name', 'location', 'email', 'login']</msg>
<var>${expected_keys}</var>
<arg>gender</arg>
<arg>name</arg>
<arg>location</arg>
<arg>email</arg>
<arg>login</arg>
<doc>Returns a list containing given items.</doc>
<status status="PASS" start="2024-05-17T13:15:51.627489" elapsed="0.000347"/>
</kw>
<for flavor="IN">
<iter>
<kw name="Dictionary Should Contain Key" owner="Collections">
<msg time="2024-05-17T13:15:51.628894" level="INFO">False</msg>
<arg>${json_data['results'][0]}</arg>
<arg>${key}</arg>
<doc>Fails if ``key`` is not found from ``dictionary``.</doc>
<status status="PASS" start="2024-05-17T13:15:51.628437" elapsed="0.000496"/>
</kw>
<kw name="Log" owner="BuiltIn">
<msg time="2024-05-17T13:15:51.629612" level="INFO">{'gender': 'female', 'name': {'title': 'Mrs', 'first': 'Ndrea', 'last': 'Jesus'}, 'location': {'street': {'number': 7184, 'name': 'Rua São Pedro '}, 'city': 'Cotia', 'state': 'Acre', 'country': 'Brazil', 'postcode': 76484, 'coordinates': {'latitude': '-79.8254', 'longitude': '143.7657'}, 'timezone': {'offset': '+9:00', 'description': 'Tokyo, Seoul, Osaka, Sapporo, Yakutsk'}}, 'email': 'ndrea.jesus@example.com', 'login': {'uuid': 'b89ebd40-b026-4ff5-ba3a-a6412a58cd8d', 'username': 'purplemouse438', 'password': 'calvin', 'salt': 'djA87uSM', 'md5': 'bf4f89ddea5d5628621d1c42af3040b7', 'sha1': 'e729ba9424ee4dbdfbdd83849605f914b8e2256a', 'sha256': '82c809d04f7838496912eea526f00734df4574e9ff1a8deabc18d07338033dd3'}, 'dob': {'date': '1961-06-28T16:35:59.750Z', 'age': 62}, 'registered': {'date': '2004-09-18T08:51:45.793Z', 'age': 19}, 'phone': '(63) 5885-8414', 'cell': '(23) 1481-3724', 'id': {'name': 'CPF', 'value': '968.205.857-70'}, 'picture': {'large': 'https://randomuser.me/api/portraits/women/16.jpg', 'medium': 'https://randomuser.me/api/portraits/med/women/16.jpg', 'thumbnail': 'https://randomuser.me/api/portraits/thumb/women/16.jpg'}, 'nat': 'BR'}</msg>
<arg>${json_data['results'][0]}</arg>
<doc>Logs the given message with the given level.</doc>
<status status="PASS" start="2024-05-17T13:15:51.629238" elapsed="0.000423"/>
</kw>
<kw name="Log" owner="BuiltIn">
<msg time="2024-05-17T13:15:51.630098" level="INFO">gender</msg>
<arg>${key}</arg>
<doc>Logs the given message with the given level.</doc>
<status status="PASS" start="2024-05-17T13:15:51.629969" elapsed="0.000165"/>
</kw>
<var name="${key}">gender</var>
<status status="PASS" start="2024-05-17T13:15:51.628312" elapsed="0.002040"/>
</iter>
<iter>
<kw name="Dictionary Should Contain Key" owner="Collections">
<msg time="2024-05-17T13:15:51.631065" level="INFO">False</msg>
<arg>${json_data['results'][0]}</arg>
<arg>${key}</arg>
<doc>Fails if ``key`` is not found from ``dictionary``.</doc>
<status status="PASS" start="2024-05-17T13:15:51.630660" elapsed="0.000442"/>
</kw>
<kw name="Log" owner="BuiltIn">
<msg time="2024-05-17T13:15:51.631828" level="INFO">{'gender': 'female', 'name': {'title': 'Mrs', 'first': 'Ndrea', 'last': 'Jesus'}, 'location': {'street': {'number': 7184, 'name': 'Rua São Pedro '}, 'city': 'Cotia', 'state': 'Acre', 'country': 'Brazil', 'postcode': 76484, 'coordinates': {'latitude': '-79.8254', 'longitude': '143.7657'}, 'timezone': {'offset': '+9:00', 'description': 'Tokyo, Seoul, Osaka, Sapporo, Yakutsk'}}, 'email': 'ndrea.jesus@example.com', 'login': {'uuid': 'b89ebd40-b026-4ff5-ba3a-a6412a58cd8d', 'username': 'purplemouse438', 'password': 'calvin', 'salt': 'djA87uSM', 'md5': 'bf4f89ddea5d5628621d1c42af3040b7', 'sha1': 'e729ba9424ee4dbdfbdd83849605f914b8e2256a', 'sha256': '82c809d04f7838496912eea526f00734df4574e9ff1a8deabc18d07338033dd3'}, 'dob': {'date': '1961-06-28T16:35:59.750Z', 'age': 62}, 'registered': {'date': '2004-09-18T08:51:45.793Z', 'age': 19}, 'phone': '(63) 5885-8414', 'cell': '(23) 1481-3724', 'id': {'name': 'CPF', 'value': '968.205.857-70'}, 'picture': {'large': 'https://randomuser.me/api/portraits/women/16.jpg', 'medium': 'https://randomuser.me/api/portraits/med/women/16.jpg', 'thumbnail': 'https://randomuser.me/api/portraits/thumb/women/16.jpg'}, 'nat': 'BR'}</msg>
<arg>${json_data['results'][0]}</arg>
<doc>Logs the given message with the given level.</doc>
<status status="PASS" start="2024-05-17T13:15:51.631435" elapsed="0.000445"/>
</kw>
<kw name="Log" owner="BuiltIn">
<msg time="2024-05-17T13:15:51.632324" level="INFO">name</msg>
<arg>${key}</arg>
<doc>Logs the given message with the given level.</doc>
<status status="PASS" start="2024-05-17T13:15:51.632196" elapsed="0.000165"/>
</kw>
<var name="${key}">name</var>
<status status="PASS" start="2024-05-17T13:15:51.630542" elapsed="0.002073"/>
</iter>
<iter>
<kw name="Dictionary Should Contain Key" owner="Collections">
<msg time="2024-05-17T13:15:51.633310" level="INFO">False</msg>
<arg>${json_data['results'][0]}</arg>
<arg>${key}</arg>
<doc>Fails if ``key`` is not found from ``dictionary``.</doc>
<status status="PASS" start="2024-05-17T13:15:51.632922" elapsed="0.000425"/>
</kw>
<kw name="Log" owner="BuiltIn">
<msg time="2024-05-17T13:15:51.634047" level="INFO">{'gender': 'female', 'name': {'title': 'Mrs', 'first': 'Ndrea', 'last': 'Jesus'}, 'location': {'street': {'number': 7184, 'name': 'Rua São Pedro '}, 'city': 'Cotia', 'state': 'Acre', 'country': 'Brazil', 'postcode': 76484, 'coordinates': {'latitude': '-79.8254', 'longitude': '143.7657'}, 'timezone': {'offset': '+9:00', 'description': 'Tokyo, Seoul, Osaka, Sapporo, Yakutsk'}}, 'email': 'ndrea.jesus@example.com', 'login': {'uuid': 'b89ebd40-b026-4ff5-ba3a-a6412a58cd8d', 'username': 'purplemouse438', 'password': 'calvin', 'salt': 'djA87uSM', 'md5': 'bf4f89ddea5d5628621d1c42af3040b7', 'sha1': 'e729ba9424ee4dbdfbdd83849605f914b8e2256a', 'sha256': '82c809d04f7838496912eea526f00734df4574e9ff1a8deabc18d07338033dd3'}, 'dob': {'date': '1961-06-28T16:35:59.750Z', 'age': 62}, 'registered': {'date': '2004-09-18T08:51:45.793Z', 'age': 19}, 'phone': '(63) 5885-8414', 'cell': '(23) 1481-3724', 'id': {'name': 'CPF', 'value': '968.205.857-70'}, 'picture': {'large': 'https://randomuser.me/api/portraits/women/16.jpg', 'medium': 'https://randomuser.me/api/portraits/med/women/16.jpg', 'thumbnail': 'https://randomuser.me/api/portraits/thumb/women/16.jpg'}, 'nat': 'BR'}</msg>
<arg>${json_data['results'][0]}</arg>
<doc>Logs the given message with the given level.</doc>
<status status="PASS" start="2024-05-17T13:15:51.633663" elapsed="0.000438"/>
</kw>
<kw name="Log" owner="BuiltIn">
<msg time="2024-05-17T13:15:51.634549" level="INFO">location</msg>
<arg>${key}</arg>
<doc>Logs the given message with the given level.</doc>
<status status="PASS" start="2024-05-17T13:15:51.634415" elapsed="0.000173"/>
</kw>
<var name="${key}">location</var>
<status status="PASS" start="2024-05-17T13:15:51.632807" elapsed="0.002017"/>
</iter>
<iter>
<kw name="Dictionary Should Contain Key" owner="Collections">
<msg time="2024-05-17T13:15:51.635493" level="INFO">False</msg>
<arg>${json_data['results'][0]}</arg>
<arg>${key}</arg>
<doc>Fails if ``key`` is not found from ``dictionary``.</doc>
<status status="PASS" start="2024-05-17T13:15:51.635110" elapsed="0.000422"/>
</kw>
<kw name="Log" owner="BuiltIn">
<msg time="2024-05-17T13:15:51.636196" level="INFO">{'gender': 'female', 'name': {'title': 'Mrs', 'first': 'Ndrea', 'last': 'Jesus'}, 'location': {'street': {'number': 7184, 'name': 'Rua São Pedro '}, 'city': 'Cotia', 'state': 'Acre', 'country': 'Brazil', 'postcode': 76484, 'coordinates': {'latitude': '-79.8254', 'longitude': '143.7657'}, 'timezone': {'offset': '+9:00', 'description': 'Tokyo, Seoul, Osaka, Sapporo, Yakutsk'}}, 'email': 'ndrea.jesus@example.com', 'login': {'uuid': 'b89ebd40-b026-4ff5-ba3a-a6412a58cd8d', 'username': 'purplemouse438', 'password': 'calvin', 'salt': 'djA87uSM', 'md5': 'bf4f89ddea5d5628621d1c42af3040b7', 'sha1': 'e729ba9424ee4dbdfbdd83849605f914b8e2256a', 'sha256': '82c809d04f7838496912eea526f00734df4574e9ff1a8deabc18d07338033dd3'}, 'dob': {'date': '1961-06-28T16:35:59.750Z', 'age': 62}, 'registered': {'date': '2004-09-18T08:51:45.793Z', 'age': 19}, 'phone': '(63) 5885-8414', 'cell': '(23) 1481-3724', 'id': {'name': 'CPF', 'value': '968.205.857-70'}, 'picture': {'large': 'https://randomuser.me/api/portraits/women/16.jpg', 'medium': 'https://randomuser.me/api/portraits/med/women/16.jpg', 'thumbnail': 'https://randomuser.me/api/portraits/thumb/women/16.jpg'}, 'nat': 'BR'}</msg>
<arg>${json_data['results'][0]}</arg>
<doc>Logs the given message with the given level.</doc>
<status status="PASS" start="2024-05-17T13:15:51.635838" elapsed="0.000407"/>
</kw>
<kw name="Log" owner="BuiltIn">
<msg time="2024-05-17T13:15:51.636715" level="INFO">email</msg>
<arg>${key}</arg>
<doc>Logs the given message with the given level.</doc>
<status status="PASS" start="2024-05-17T13:15:51.636542" elapsed="0.000210"/>
</kw>
<var name="${key}">email</var>
<status status="PASS" start="2024-05-17T13:15:51.634997" elapsed="0.001980"/>
</iter>
<iter>
<kw name="Dictionary Should Contain Key" owner="Collections">
<msg time="2024-05-17T13:15:51.637648" level="INFO">False</msg>
<arg>${json_data['results'][0]}</arg>
<arg>${key}</arg>
<doc>Fails if ``key`` is not found from ``dictionary``.</doc>
<status status="PASS" start="2024-05-17T13:15:51.637263" elapsed="0.000422"/>
</kw>
<kw name="Log" owner="BuiltIn">
<msg time="2024-05-17T13:15:51.638353" level="INFO">{'gender': 'female', 'name': {'title': 'Mrs', 'first': 'Ndrea', 'last': 'Jesus'}, 'location': {'street': {'number': 7184, 'name': 'Rua São Pedro '}, 'city': 'Cotia', 'state': 'Acre', 'country': 'Brazil', 'postcode': 76484, 'coordinates': {'latitude': '-79.8254', 'longitude': '143.7657'}, 'timezone': {'offset': '+9:00', 'description': 'Tokyo, Seoul, Osaka, Sapporo, Yakutsk'}}, 'email': 'ndrea.jesus@example.com', 'login': {'uuid': 'b89ebd40-b026-4ff5-ba3a-a6412a58cd8d', 'username': 'purplemouse438', 'password': 'calvin', 'salt': 'djA87uSM', 'md5': 'bf4f89ddea5d5628621d1c42af3040b7', 'sha1': 'e729ba9424ee4dbdfbdd83849605f914b8e2256a', 'sha256': '82c809d04f7838496912eea526f00734df4574e9ff1a8deabc18d07338033dd3'}, 'dob': {'date': '1961-06-28T16:35:59.750Z', 'age': 62}, 'registered': {'date': '2004-09-18T08:51:45.793Z', 'age': 19}, 'phone': '(63) 5885-8414', 'cell': '(23) 1481-3724', 'id': {'name': 'CPF', 'value': '968.205.857-70'}, 'picture': {'large': 'https://randomuser.me/api/portraits/women/16.jpg', 'medium': 'https://randomuser.me/api/portraits/med/women/16.jpg', 'thumbnail': 'https://randomuser.me/api/portraits/thumb/women/16.jpg'}, 'nat': 'BR'}</msg>
<arg>${json_data['results'][0]}</arg>
<doc>Logs the given message with the given level.</doc>
<status status="PASS" start="2024-05-17T13:15:51.637984" elapsed="0.000428"/>
</kw>
<kw name="Log" owner="BuiltIn">
<msg time="2024-05-17T13:15:51.638846" level="INFO">login</msg>
<arg>${key}</arg>
<doc>Logs the given message with the given level.</doc>
<status status="PASS" start="2024-05-17T13:15:51.638717" elapsed="0.000166"/>
</kw>
<var name="${key}">login</var>
<status status="PASS" start="2024-05-17T13:15:51.637150" elapsed="0.001981"/>
</iter>
<var>${key}</var>
<value>@{expected_keys}</value>
<status status="PASS" start="2024-05-17T13:15:51.628116" elapsed="0.011141"/>
</for>
<kw name="Create List" owner="BuiltIn">
<msg time="2024-05-17T13:15:51.639595" level="INFO">${expected_keysTwo} = ['username', 'password']</msg>
<var>${expected_keysTwo}</var>
<arg>username</arg>
<arg>password</arg>
<doc>Returns a list containing given items.</doc>
<status status="PASS" start="2024-05-17T13:15:51.639458" elapsed="0.000161"/>
</kw>
<for flavor="IN">
<iter>
<kw name="Dictionary Should Contain Key" owner="Collections">
<msg time="2024-05-17T13:15:51.640510" level="INFO">False</msg>
<arg>${json_data['results'][0]['login']}</arg>
<arg>${keyTwo}</arg>
<doc>Fails if ``key`` is not found from ``dictionary``.</doc>
<status status="PASS" start="2024-05-17T13:15:51.640126" elapsed="0.000421"/>
</kw>
<kw name="Dictionary Should Contain Key" owner="Collections">
<msg time="2024-05-17T13:15:51.641258" level="INFO">False</msg>
<arg>${json_data['results'][0]['login']}</arg>
<arg>${keyTwo}</arg>
<doc>Fails if ``key`` is not found from ``dictionary``.</doc>
<status status="PASS" start="2024-05-17T13:15:51.640873" elapsed="0.000422"/>
</kw>
<kw name="Log" owner="BuiltIn">
<msg time="2024-05-17T13:15:51.641720" level="INFO">username</msg>
<arg>${keyTwo}</arg>
<doc>Logs the given message with the given level.</doc>
<status status="PASS" start="2024-05-17T13:15:51.641593" elapsed="0.000168"/>
</kw>
<var name="${keyTwo}">username</var>
<status status="PASS" start="2024-05-17T13:15:51.640017" elapsed="0.001960"/>
</iter>
<iter>
<kw name="Dictionary Should Contain Key" owner="Collections">
<msg time="2024-05-17T13:15:51.642638" level="INFO">False</msg>
<arg>${json_data['results'][0]['login']}</arg>
<arg>${keyTwo}</arg>
<doc>Fails if ``key`` is not found from ``dictionary``.</doc>
<status status="PASS" start="2024-05-17T13:15:51.642259" elapsed="0.000416"/>
</kw>
<kw name="Dictionary Should Contain Key" owner="Collections">
<msg time="2024-05-17T13:15:51.643428" level="INFO">False</msg>
<arg>${json_data['results'][0]['login']}</arg>
<arg>${keyTwo}</arg>
<doc>Fails if ``key`` is not found from ``dictionary``.</doc>
<status status="PASS" start="2024-05-17T13:15:51.642965" elapsed="0.000500"/>
</kw>
<kw name="Log" owner="BuiltIn">
<msg time="2024-05-17T13:15:51.643894" level="INFO">password</msg>
<arg>${keyTwo}</arg>
<doc>Logs the given message with the given level.</doc>
<status status="PASS" start="2024-05-17T13:15:51.643767" elapsed="0.000164"/>
</kw>
<var name="${keyTwo}">password</var>
<status status="PASS" start="2024-05-17T13:15:51.642149" elapsed="0.001998"/>
</iter>
<var>${keyTwo}</var>
<value>@{expected_keysTwo}</value>
<status status="PASS" start="2024-05-17T13:15:51.639859" elapsed="0.004411"/>
</for>
<status status="PASS" start="2024-05-17T13:15:51.524117" elapsed="0.120296"/>
</kw>
<doc>Testa a estrutura da resposta da API.</doc>
<tag>testeEstruturaResposta</tag>
<status status="PASS" start="2024-05-17T13:15:51.523606" elapsed="0.121015"/>
</test>
<test id="s1-s1-t4" name="Validar tipos de dados" line="28">
<kw name="Teste de Tipos de Dados" owner="random-user-service">
<kw name="GET On Session" owner="RequestsLibrary">
<msg time="2024-05-17T13:15:51.730041" level="INFO">GET Request : url=https://randomuser.me/api 
 path_url=/api 
 headers={'User-Agent': 'python-requests/2.31.0', 'Accept-Encoding': 'gzip, deflate', 'Accept': '*/*', 'Connection': 'keep-alive'} 
 body=None 
 </msg>
<msg time="2024-05-17T13:15:51.730152" level="INFO">GET Response : url=https://randomuser.me/api 
 status=200, reason=OK 
 headers={'Date': 'Fri, 17 May 2024 13:15:51 GMT', 'Content-Type': 'application/json; charset=utf-8', 'Transfer-Encoding': 'chunked', 'Connection': 'keep-alive', 'X-Powered-By': 'Express', 'Access-Control-Allow-Origin': '*', 'Cache-Control': 'no-cache', 'ETag': 'W/"48f-21H79+DJAAsj5b90VIkHzG4zVMc"', 'Vary': 'Accept-Encoding', 'Content-Encoding': 'gzip', 'CF-Cache-Status': 'DYNAMIC', 'Report-To': '{"endpoints":[{"url":"https:\\/\\/a.nel.cloudflare.com\\/report\\/v4?s=YddkhEMmiovCb5KtQqMXx2lC37MXsegRalMRJi%2FBPSq55WAeFUvNEtCIBFcM62NdVnbtrXCOSqFAl0aB0t3u%2F5xkZeDLMPnzFFiv6akC4prwZ3IDhTQS0g8nTr9XVpRS"}],"group":"cf-nel","max_age":604800}', 'NEL': '{"success_fraction":0,"report_to":"cf-nel","max_age":604800}', 'Server': 'cloudflare', 'CF-RAY': '8853e0efdda12b18-ORD', 'alt-svc': 'h3=":443"; ma=86400'} 
 body={"results":[{"gender":"male","name":{"title":"Mr","first":"Elvino","last":"Silva"},"location":{"street":{"number":9985,"name":"Rua São Jorge "},"city":"Teresópolis","state":"Alagoas","country":"Brazil","postcode":51817,"coordinates":{"latitude":"-81.0128","longitude":"-50.3542"},"timezone":{"offset":"+7:00","description":"Bangkok, Hanoi, Jakarta"}},"email":"elvino.silva@example.com","login":{"uuid":"5ecfbe17-88a1-4e4a-ad91-dfbeb2445ce6","username":"organicbutterfly867","password":"sugar1","salt":"IHNe4pQ6","md5":"623cad2801eb0a98e27a51ad29587471","sha1":"33169c29d6d63d8975323a22fa9e0c4c6e81e1f5","sha256":"def6c519a3770b875ead16b37a1a88828aadbc50ff616206477a6fec583a1614"},"dob":{"date":"2000-04-18T16:49:24.522Z","age":24},"registered":{"date":"2016-10-07T10:21:02.510Z","age":7},"phone":"(71) 2238-8310","cell":"(99) 4085-6710","id":{"name":"CPF","value":"063.700.274-70"},"picture":{"large":"https://randomuser.me/api/portraits/men/87.jpg","medium":"https://randomuser.me/api/portraits/med/men/87.jpg","thumbnail":"https://randomuser.me/api/portraits/thumb/men/87.jpg"},"nat":"BR"}],"info":{"seed":"80eaa609f601d2ef","results":1,"page":1,"version":"1.4"}} 
 </msg>
<msg time="2024-05-17T13:15:51.730232" level="INFO">/opt/hostedtoolcache/Python/3.12.3/x64/lib/python3.12/site-packages/urllib3/connectionpool.py:1103: InsecureRequestWarning: Unverified HTTPS request is being made to host 'randomuser.me'. Adding certificate verification is strongly advised. See: https://urllib3.readthedocs.io/en/latest/advanced-usage.html#tls-warnings
  warnings.warn(</msg>
<msg time="2024-05-17T13:15:51.730379" level="INFO">${response} = &lt;Response [200]&gt;</msg>
<var>${response}</var>
<arg>consultarAPI</arg>
<arg>/api</arg>
<doc>Sends a GET request on a previously created HTTP Session.</doc>
<status status="PASS" start="2024-05-17T13:15:51.647076" elapsed="0.083343"/>
</kw>
<kw name="Set Variable" owner="BuiltIn">
<msg time="2024-05-17T13:15:51.731469" level="INFO">${json_data} = {'results': [{'gender': 'male', 'name': {'title': 'Mr', 'first': 'Elvino', 'last': 'Silva'}, 'location': {'street': {'number': 9985, 'name': 'Rua São Jorge '}, 'city': 'Teresópolis', 'state': 'Alagoas...</msg>
<var>${json_data}</var>
<arg>${response.json()}</arg>
<doc>Returns the given values which can then be assigned to a variables.</doc>
<status status="PASS" start="2024-05-17T13:15:51.730946" elapsed="0.000554"/>
</kw>
<kw name="Log" owner="BuiltIn">
<msg time="2024-05-17T13:15:51.731977" level="INFO">{'results': [{'gender': 'male', 'name': {'title': 'Mr', 'first': 'Elvino', 'last': 'Silva'}, 'location': {'street': {'number': 9985, 'name': 'Rua São Jorge '}, 'city': 'Teresópolis', 'state': 'Alagoas', 'country': 'Brazil', 'postcode': 51817, 'coordinates': {'latitude': '-81.0128', 'longitude': '-50.3542'}, 'timezone': {'offset': '+7:00', 'description': 'Bangkok, Hanoi, Jakarta'}}, 'email': 'elvino.silva@example.com', 'login': {'uuid': '5ecfbe17-88a1-4e4a-ad91-dfbeb2445ce6', 'username': 'organicbutterfly867', 'password': 'sugar1', 'salt': 'IHNe4pQ6', 'md5': '623cad2801eb0a98e27a51ad29587471', 'sha1': '33169c29d6d63d8975323a22fa9e0c4c6e81e1f5', 'sha256': 'def6c519a3770b875ead16b37a1a88828aadbc50ff616206477a6fec583a1614'}, 'dob': {'date': '2000-04-18T16:49:24.522Z', 'age': 24}, 'registered': {'date': '2016-10-07T10:21:02.510Z', 'age': 7}, 'phone': '(71) 2238-8310', 'cell': '(99) 4085-6710', 'id': {'name': 'CPF', 'value': '063.700.274-70'}, 'picture': {'large': 'https://randomuser.me/api/portraits/men/87.jpg', 'medium': 'https://randomuser.me/api/portraits/med/men/87.jpg', 'thumbnail': 'https://randomuser.me/api/portraits/thumb/men/87.jpg'}, 'nat': 'BR'}], 'info': {'seed': '80eaa609f601d2ef', 'results': 1, 'page': 1, 'version': '1.4'}}</msg>
<arg>${json_data}</arg>
<doc>Logs the given message with the given level.</doc>
<status status="PASS" start="2024-05-17T13:15:51.731816" elapsed="0.000249"/>
</kw>
<kw name="Should Be String" owner="String">
<arg>${json_data['results'][0]['gender']}</arg>
<doc>Fails if the given ``item`` is not a string.</doc>
<status status="PASS" start="2024-05-17T13:15:51.732370" elapsed="0.000414"/>
</kw>
<kw name="Should Match Regexp" owner="BuiltIn">
<arg>${json_data['results'][0]['email']}</arg>
<arg>^[a-zA-Z0-9._%+-]+@[a-zA-Z0-9.-]+\.[a-zA-Z]{2,}$</arg>
<doc>Fails if ``string`` does not match ``pattern`` as a regular expression.</doc>
<status status="PASS" start="2024-05-17T13:15:51.732983" elapsed="0.000517"/>
</kw>
<kw name="Should Match Regexp" owner="BuiltIn">
<arg>${json_data['results'][0]['dob']['date']}</arg>
<arg>\\d{4}-\\d{2}-\\d{2}T\\d{2}:\\d{2}:\\d{2}\\.\\d{3}Z</arg>
<doc>Fails if ``string`` does not match ``pattern`` as a regular expression.</doc>
<status status="PASS" start="2024-05-17T13:15:51.733702" elapsed="0.000494"/>
</kw>
<kw name="Should Match Regexp" owner="BuiltIn">
<arg>${json_data['results'][0]['registered']['date']}</arg>
<arg>\\d{4}-\\d{2}-\\d{2}T\\d{2}:\\d{2}:\\d{2}\\.\\d{3}Z</arg>
<doc>Fails if ``string`` does not match ``pattern`` as a regular expression.</doc>
<status status="PASS" start="2024-05-17T13:15:51.734392" elapsed="0.000368"/>
</kw>
<kw name="Should Match Regexp" owner="BuiltIn">
<arg>${json_data['results'][0]['picture']['large']}</arg>
<arg>^https?://.*\.(?:png|jpe?g|gif|bmp)$</arg>
<doc>Fails if ``string`` does not match ``pattern`` as a regular expression.</doc>
<status status="PASS" start="2024-05-17T13:15:51.734954" elapsed="0.000491"/>
</kw>
<kw name="Should Match Regexp" owner="BuiltIn">
<arg>${json_data['results'][0]['picture']['medium']}</arg>
<arg>^https?://.*\.(?:png|jpe?g|gif|bmp)$</arg>
<doc>Fails if ``string`` does not match ``pattern`` as a regular expression.</doc>
<status status="PASS" start="2024-05-17T13:15:51.735638" elapsed="0.000367"/>
</kw>
<kw name="Should Match Regexp" owner="BuiltIn">
<arg>${json_data['results'][0]['picture']['thumbnail']}</arg>
<arg>^https?://.*\.(?:png|jpe?g|gif|bmp)$</arg>
<doc>Fails if ``string`` does not match ``pattern`` as a regular expression.</doc>
<status status="PASS" start="2024-05-17T13:15:51.736201" elapsed="0.000350"/>
</kw>
<kw name="Log" owner="BuiltIn">
<msg time="2024-05-17T13:15:51.737109" level="INFO">{'large': 'https://randomuser.me/api/portraits/men/87.jpg', 'medium': 'https://randomuser.me/api/portraits/med/men/87.jpg', 'thumbnail': 'https://randomuser.me/api/portraits/thumb/men/87.jpg'}</msg>
<arg>${json_data['results'][0]['picture']}</arg>
<doc>Logs the given message with the given level.</doc>
<status status="PASS" start="2024-05-17T13:15:51.736780" elapsed="0.000393"/>
</kw>
<status status="PASS" start="2024-05-17T13:15:51.646849" elapsed="0.090607"/>
</kw>
<kw name="Teste de Tipos de Dados - Postcode" owner="random-user-service">
<kw name="GET On Session" owner="RequestsLibrary">
<msg time="2024-05-17T13:15:51.820611" level="INFO">GET Request : url=https://randomuser.me/api 
 path_url=/api 
 headers={'User-Agent': 'python-requests/2.31.0', 'Accept-Encoding': 'gzip, deflate', 'Accept': '*/*', 'Connection': 'keep-alive'} 
 body=None 
 </msg>
<msg time="2024-05-17T13:15:51.820724" level="INFO">GET Response : url=https://randomuser.me/api 
 status=200, reason=OK 
 headers={'Date': 'Fri, 17 May 2024 13:15:51 GMT', 'Content-Type': 'application/json; charset=utf-8', 'Transfer-Encoding': 'chunked', 'Connection': 'keep-alive', 'X-Powered-By': 'Express', 'Access-Control-Allow-Origin': '*', 'Cache-Control': 'no-cache', 'ETag': 'W/"49e-iSL0mLKoN0hktzVyTu4j/c50rgw"', 'Vary': 'Accept-Encoding', 'Content-Encoding': 'gzip', 'CF-Cache-Status': 'DYNAMIC', 'Report-To': '{"endpoints":[{"url":"https:\\/\\/a.nel.cloudflare.com\\/report\\/v4?s=aIjJaGBAi9Ken0SlZXUUfUaVYVyb8ZGADvO%2BJvDObbnTZvMsNDkaBi1U9ppMu8mhi4e2HySKdnbyI7N0HIJXm%2FkM%2FoHd5JrGmaGh7B0UwATDoQ9H2p9ZT7qJdd7P%2F%2Blh"}],"group":"cf-nel","max_age":604800}', 'NEL': '{"success_fraction":0,"report_to":"cf-nel","max_age":604800}', 'Server': 'cloudflare', 'CF-RAY': '8853e0f06e392b18-ORD', 'alt-svc': 'h3=":443"; ma=86400'} 
 body={"results":[{"gender":"female","name":{"title":"Mrs","first":"Patricia","last":"Maestas"},"location":{"street":{"number":8347,"name":"Circunvalación Rodríquez"},"city":"Ciudad Acuña","state":"Tamaulipas","country":"Mexico","postcode":96695,"coordinates":{"latitude":"22.7466","longitude":"12.3646"},"timezone":{"offset":"-2:00","description":"Mid-Atlantic"}},"email":"patricia.maestas@example.com","login":{"uuid":"c886d62d-fd20-451d-b656-5cdd6bb80588","username":"greenfrog823","password":"francesc","salt":"2kaxh27z","md5":"5c739f754540ba114fca202f56c3e290","sha1":"e90711d31391339200dc5fc5e5672e05a445c11f","sha256":"8f92a61aba509e6b5e1d0d34a5dfa8e5ed83a1e0d927d0e5db044cf4c450ccc9"},"dob":{"date":"1993-03-12T11:05:47.864Z","age":31},"registered":{"date":"2019-09-03T07:10:19.222Z","age":4},"phone":"(677) 503 5576","cell":"(624) 984 9780","id":{"name":"NSS","value":"39 93 82 7298 0"},"picture":{"large":"https://randomuser.me/api/portraits/women/41.jpg","medium":"https://randomuser.me/api/portraits/med/women/41.jpg","thumbnail":"https://randomuser.me/api/portraits/thumb/women/41.jpg"},"nat":"MX"}],"info":{"seed":"da18fded9dfa8192","results":1,"page":1,"version":"1.4"}} 
 </msg>
<msg time="2024-05-17T13:15:51.820811" level="INFO">/opt/hostedtoolcache/Python/3.12.3/x64/lib/python3.12/site-packages/urllib3/connectionpool.py:1103: InsecureRequestWarning: Unverified HTTPS request is being made to host 'randomuser.me'. Adding certificate verification is strongly advised. See: https://urllib3.readthedocs.io/en/latest/advanced-usage.html#tls-warnings
  warnings.warn(</msg>
<msg time="2024-05-17T13:15:51.820963" level="INFO">${response} = &lt;Response [200]&gt;</msg>
<var>${response}</var>
<arg>consultarAPI</arg>
<arg>/api</arg>
<doc>Sends a GET request on a previously created HTTP Session.</doc>
<status status="PASS" start="2024-05-17T13:15:51.737923" elapsed="0.083079"/>
</kw>
<kw name="Set Variable" owner="BuiltIn">
<msg time="2024-05-17T13:15:51.822067" level="INFO">${json_data} = {'results': [{'gender': 'female', 'name': {'title': 'Mrs', 'first': 'Patricia', 'last': 'Maestas'}, 'location': {'street': {'number': 8347, 'name': 'Circunvalación Rodríquez'}, 'city': 'Ciudad Acuña',...</msg>
<var>${json_data}</var>
<arg>${response.json()}</arg>
<doc>Returns the given values which can then be assigned to a variables.</doc>
<status status="PASS" start="2024-05-17T13:15:51.821520" elapsed="0.000578"/>
</kw>
<kw name="Log" owner="BuiltIn">
<msg time="2024-05-17T13:15:51.822594" level="INFO">{'results': [{'gender': 'female', 'name': {'title': 'Mrs', 'first': 'Patricia', 'last': 'Maestas'}, 'location': {'street': {'number': 8347, 'name': 'Circunvalación Rodríquez'}, 'city': 'Ciudad Acuña', 'state': 'Tamaulipas', 'country': 'Mexico', 'postcode': 96695, 'coordinates': {'latitude': '22.7466', 'longitude': '12.3646'}, 'timezone': {'offset': '-2:00', 'description': 'Mid-Atlantic'}}, 'email': 'patricia.maestas@example.com', 'login': {'uuid': 'c886d62d-fd20-451d-b656-5cdd6bb80588', 'username': 'greenfrog823', 'password': 'francesc', 'salt': '2kaxh27z', 'md5': '5c739f754540ba114fca202f56c3e290', 'sha1': 'e90711d31391339200dc5fc5e5672e05a445c11f', 'sha256': '8f92a61aba509e6b5e1d0d34a5dfa8e5ed83a1e0d927d0e5db044cf4c450ccc9'}, 'dob': {'date': '1993-03-12T11:05:47.864Z', 'age': 31}, 'registered': {'date': '2019-09-03T07:10:19.222Z', 'age': 4}, 'phone': '(677) 503 5576', 'cell': '(624) 984 9780', 'id': {'name': 'NSS', 'value': '39 93 82 7298 0'}, 'picture': {'large': 'https://randomuser.me/api/portraits/women/41.jpg', 'medium': 'https://randomuser.me/api/portraits/med/women/41.jpg', 'thumbnail': 'https://randomuser.me/api/portraits/thumb/women/41.jpg'}, 'nat': 'MX'}], 'info': {'seed': 'da18fded9dfa8192', 'results': 1, 'page': 1, 'version': '1.4'}}</msg>
<arg>${json_data}</arg>
<doc>Logs the given message with the given level.</doc>
<status status="PASS" start="2024-05-17T13:15:51.822428" elapsed="0.000253"/>
</kw>
<kw name="Should Be Equal As Numbers" owner="BuiltIn">
<arg>${json_data['results'][0]['location']['postcode']}</arg>
<arg>${json_data['results'][0]['location']['postcode']}</arg>
<doc>Fails if objects are unequal after converting them to real numbers.</doc>
<status status="PASS" start="2024-05-17T13:15:51.823009" elapsed="0.000843"/>
</kw>
<kw name="Log" owner="BuiltIn">
<msg time="2024-05-17T13:15:51.824391" level="INFO">96695</msg>
<arg>${json_data['results'][0]['location']['postcode']}</arg>
<doc>Logs the given message with the given level.</doc>
<status status="PASS" start="2024-05-17T13:15:51.824051" elapsed="0.000382"/>
</kw>
<status status="PASS" start="2024-05-17T13:15:51.737690" elapsed="0.087078"/>
</kw>
<doc>Testa se os tipos de dados na resposta da API estão corretos.</doc>
<tag>testeTiposDados</tag>
<status status="PASS" start="2024-05-17T13:15:51.646393" elapsed="0.178555"/>
</test>
<test id="s1-s1-t5" name="Validar conteudo" line="35">
<kw name="Teste de Tipos de Conteudo" owner="random-user-service">
<kw name="GET On Session" owner="RequestsLibrary">
<msg time="2024-05-17T13:15:51.913537" level="INFO">GET Request : url=https://randomuser.me/api 
 path_url=/api 
 headers={'User-Agent': 'python-requests/2.31.0', 'Accept-Encoding': 'gzip, deflate', 'Accept': '*/*', 'Connection': 'keep-alive'} 
 body=None 
 </msg>
<msg time="2024-05-17T13:15:51.913647" level="INFO">GET Response : url=https://randomuser.me/api 
 status=200, reason=OK 
 headers={'Date': 'Fri, 17 May 2024 13:15:51 GMT', 'Content-Type': 'application/json; charset=utf-8', 'Transfer-Encoding': 'chunked', 'Connection': 'keep-alive', 'X-Powered-By': 'Express', 'Access-Control-Allow-Origin': '*', 'Cache-Control': 'no-cache', 'ETag': 'W/"479-aaK5hdm5g99kPk9Igk6bTBjsmD8"', 'Vary': 'Accept-Encoding', 'Content-Encoding': 'gzip', 'CF-Cache-Status': 'DYNAMIC', 'Report-To': '{"endpoints":[{"url":"https:\\/\\/a.nel.cloudflare.com\\/report\\/v4?s=bJq5xsQ7AeHyzwPyOONPtLk5YLRCTj0jiMg%2Bsy%2B407Xbs9jbITqFsRtvCYJHL4y7oG9%2B7t09s9uxy5v%2Fi6tMGbmI9zsVGevMQ16CYsIMGPpzsok3tfd9DT6LgHiMQArW"}],"group":"cf-nel","max_age":604800}', 'NEL': '{"success_fraction":0,"report_to":"cf-nel","max_age":604800}', 'Server': 'cloudflare', 'CF-RAY': '8853e0f0feda2b18-ORD', 'alt-svc': 'h3=":443"; ma=86400'} 
 body={"results":[{"gender":"female","name":{"title":"Miss","first":"یسنا","last":"قاسمی"},"location":{"street":{"number":9459,"name":"فلاحی"},"city":"زاهدان","state":"بوشهر","country":"Iran","postcode":32398,"coordinates":{"latitude":"14.9172","longitude":"165.8983"},"timezone":{"offset":"-3:30","description":"Newfoundland"}},"email":"ysn.qsmy@example.com","login":{"uuid":"f815f973-319c-43a7-9205-4ef9b46b6dcb","username":"goldenelephant913","password":"646464","salt":"eKXoNBLi","md5":"3ed5f761798858343250e08c071a26a6","sha1":"403d36ac0fc2110d80ec77b42f1802583f43087c","sha256":"7f4e3d01d633d6c5222713fa87ca24b4db0f2e6ea6b998788004b49d98c0e4b2"},"dob":{"date":"1998-10-14T03:40:36.751Z","age":25},"registered":{"date":"2014-02-28T03:14:43.327Z","age":10},"phone":"023-64876370","cell":"0913-343-1852","id":{"name":"","value":null},"picture":{"large":"https://randomuser.me/api/portraits/women/71.jpg","medium":"https://randomuser.me/api/portraits/med/women/71.jpg","thumbnail":"https://randomuser.me/api/portraits/thumb/women/71.jpg"},"nat":"IR"}],"info":{"seed":"8f47973ec820d0ea","results":1,"page":1,"version":"1.4"}} 
 </msg>
<msg time="2024-05-17T13:15:51.913732" level="INFO">/opt/hostedtoolcache/Python/3.12.3/x64/lib/python3.12/site-packages/urllib3/connectionpool.py:1103: InsecureRequestWarning: Unverified HTTPS request is being made to host 'randomuser.me'. Adding certificate verification is strongly advised. See: https://urllib3.readthedocs.io/en/latest/advanced-usage.html#tls-warnings
  warnings.warn(</msg>
<msg time="2024-05-17T13:15:51.913876" level="INFO">${response} = &lt;Response [200]&gt;</msg>
<var>${response}</var>
<arg>consultarAPI</arg>
<arg>/api</arg>
<doc>Sends a GET request on a previously created HTTP Session.</doc>
<status status="PASS" start="2024-05-17T13:15:51.827814" elapsed="0.086112"/>
</kw>
<kw name="Set Variable" owner="BuiltIn">
<msg time="2024-05-17T13:15:51.915022" level="INFO">${json_data} = {'results': [{'gender': 'female', 'name': {'title': 'Miss', 'first': 'یسنا', 'last': 'قاسمی'}, 'location': {'street': {'number': 9459, 'name': 'فلاحی'}, 'city': 'زاهدان', 'state': 'بوشهر', 'country': ...</msg>
<var>${json_data}</var>
<arg>${response.json()}</arg>
<doc>Returns the given values which can then be assigned to a variables.</doc>
<status status="PASS" start="2024-05-17T13:15:51.914480" elapsed="0.000574"/>
</kw>
<kw name="Set Variable" owner="BuiltIn">
<msg time="2024-05-17T13:15:51.915760" level="INFO">${name_title} = Miss</msg>
<var>${name_title}</var>
<arg>${json_data["results"][0]["name"]["title"]}</arg>
<doc>Returns the given values which can then be assigned to a variables.</doc>
<status status="PASS" start="2024-05-17T13:15:51.915367" elapsed="0.000418"/>
</kw>
<kw name="Create List" owner="BuiltIn">
<msg time="2024-05-17T13:15:51.916240" level="INFO">${allowed_titles} = ['Mr', 'Ms', 'Miss', 'Mrs', 'Madame', 'Monsieur']</msg>
<var>${allowed_titles}</var>
<arg>Mr</arg>
<arg>Ms</arg>
<arg>Miss</arg>
<arg>Mrs</arg>
<arg>Madame</arg>
<arg>Monsieur</arg>
<doc>Returns a list containing given items.</doc>
<status status="PASS" start="2024-05-17T13:15:51.916090" elapsed="0.000175"/>
</kw>
<kw name="List Should Contain Value" owner="Collections">
<msg time="2024-05-17T13:15:51.916802" level="INFO">False</msg>
<arg>${allowed_titles}</arg>
<arg>${name_title}</arg>
<doc>Fails if the ``value`` is not found from ``list``.</doc>
<status status="PASS" start="2024-05-17T13:15:51.916610" elapsed="0.000229"/>
</kw>
<kw name="Set Variable" owner="BuiltIn">
<msg time="2024-05-17T13:15:51.917521" level="INFO">${name_country} = IR</msg>
<var>${name_country}</var>
<arg>${json_data["results"][0]["nat"]}</arg>
<doc>Returns the given values which can then be assigned to a variables.</doc>
<status status="PASS" start="2024-05-17T13:15:51.917140" elapsed="0.000405"/>
</kw>
<kw name="Create List" owner="BuiltIn">
<msg time="2024-05-17T13:15:51.918445" level="INFO">${list_country} = ['AD', 'AE', 'AF', 'AG', 'AI', 'AL', 'AM', 'AO', 'AQ', 'AR', 'AS', 'AT', 'AU', 'AW', 'AX', 'AZ', 'BA', 'BB', 'BD', 'BE', 'BF', 'BG', 'BH', 'BI', 'BJ', 'BL', 'BM', 'BN', 'BO', 'BQ', 'BR', 'BS', 'BT', '...</msg>
<var>${list_country}</var>
<arg>AD</arg>
<arg>AE</arg>
<arg>AF</arg>
<arg>AG</arg>
<arg>AI</arg>
<arg>AL</arg>
<arg>AM</arg>
<arg>AO</arg>
<arg>AQ</arg>
<arg>AR</arg>
<arg>AS</arg>
<arg>AT</arg>
<arg>AU</arg>
<arg>AW</arg>
<arg>AX</arg>
<arg>AZ</arg>
<arg>BA</arg>
<arg>BB</arg>
<arg>BD</arg>
<arg>BE</arg>
<arg>BF</arg>
<arg>BG</arg>
<arg>BH</arg>
<arg>BI</arg>
<arg>BJ</arg>
<arg>BL</arg>
<arg>BM</arg>
<arg>BN</arg>
<arg>BO</arg>
<arg>BQ</arg>
<arg>BR</arg>
<arg>BS</arg>
<arg>BT</arg>
<arg>BV</arg>
<arg>BW</arg>
<arg>BY</arg>
<arg>BZ</arg>
<arg>CA</arg>
<arg>CC</arg>
<arg>CD</arg>
<arg>CF</arg>
<arg>CG</arg>
<arg>CH</arg>
<arg>CI</arg>
<arg>CK</arg>
<arg>CL</arg>
<arg>CM</arg>
<arg>CN</arg>
<arg>CO</arg>
<arg>CR</arg>
<arg>CU</arg>
<arg>CV</arg>
<arg>CW</arg>
<arg>CX</arg>
<arg>CY</arg>
<arg>CZ</arg>
<arg>DE</arg>
<arg>DJ</arg>
<arg>DK</arg>
<arg>DM</arg>
<arg>DO</arg>
<arg>DZ</arg>
<arg>EC</arg>
<arg>EE</arg>
<arg>EG</arg>
<arg>EH</arg>
<arg>ER</arg>
<arg>ES</arg>
<arg>ET</arg>
<arg>FI</arg>
<arg>FJ</arg>
<arg>FK</arg>
<arg>FM</arg>
<arg>FO</arg>
<arg>FR</arg>
<arg>GA</arg>
<arg>GB</arg>
<arg>GD</arg>
<arg>GE</arg>
<arg>GF</arg>
<arg>GG</arg>
<arg>GH</arg>
<arg>GI</arg>
<arg>GL</arg>
<arg>GM</arg>
<arg>GN</arg>
<arg>GP</arg>
<arg>GQ</arg>
<arg>GR</arg>
<arg>GS</arg>
<arg>GT</arg>
<arg>GU</arg>
<arg>GW</arg>
<arg>GY</arg>
<arg>HK</arg>
<arg>HM</arg>
<arg>HN</arg>
<arg>HR</arg>
<arg>HT</arg>
<arg>HU</arg>
<arg>ID</arg>
<arg>IE</arg>
<arg>IL</arg>
<arg>IM</arg>
<arg>IN</arg>
<arg>IO</arg>
<arg>IQ</arg>
<arg>IR</arg>
<arg>IS</arg>
<arg>IT</arg>
<arg>JE</arg>
<arg>JM</arg>
<arg>JO</arg>
<arg>JP</arg>
<arg>KE</arg>
<arg>KG</arg>
<arg>KH</arg>
<arg>KI</arg>
<arg>KM</arg>
<arg>KN</arg>
<arg>KP</arg>
<arg>KR</arg>
<arg>KW</arg>
<arg>KY</arg>
<arg>KZ</arg>
<arg>LA</arg>
<arg>LB</arg>
<arg>LC</arg>
<arg>LI</arg>
<arg>LK</arg>
<arg>LR</arg>
<arg>LS</arg>
<arg>LT</arg>
<arg>LU</arg>
<arg>LV</arg>
<arg>LY</arg>
<arg>MA</arg>
<arg>MC</arg>
<arg>MD</arg>
<arg>ME</arg>
<arg>MF</arg>
<arg>MG</arg>
<arg>MH</arg>
<arg>MK</arg>
<arg>ML</arg>
<arg>MM</arg>
<arg>MN</arg>
<arg>MO</arg>
<arg>MP</arg>
<arg>MQ</arg>
<arg>MR</arg>
<arg>MS</arg>
<arg>MT</arg>
<arg>MU</arg>
<arg>MV</arg>
<arg>MW</arg>
<arg>MX</arg>
<arg>MY</arg>
<arg>MZ</arg>
<arg>NA</arg>
<arg>NC</arg>
<arg>NE</arg>
<arg>NF</arg>
<arg>NG</arg>
<arg>NI</arg>
<arg>NL</arg>
<arg>NO</arg>
<arg>NP</arg>
<arg>NR</arg>
<arg>NU</arg>
<arg>NZ</arg>
<arg>OM</arg>
<arg>PA</arg>
<arg>PE</arg>
<arg>PF</arg>
<arg>PG</arg>
<arg>PH</arg>
<arg>PK</arg>
<arg>PL</arg>
<arg>PM</arg>
<arg>PN</arg>
<arg>PR</arg>
<arg>PS</arg>
<arg>PT</arg>
<arg>PW</arg>
<arg>PY</arg>
<arg>QA</arg>
<arg>RE</arg>
<arg>RO</arg>
<arg>RS</arg>
<arg>RU</arg>
<arg>RW</arg>
<arg>SA</arg>
<arg>SB</arg>
<arg>SC</arg>
<arg>SD</arg>
<arg>SE</arg>
<arg>SG</arg>
<arg>SH</arg>
<arg>SI</arg>
<arg>SJ</arg>
<arg>SK</arg>
<arg>SL</arg>
<arg>SM</arg>
<arg>SN</arg>
<arg>SO</arg>
<arg>SR</arg>
<arg>SS</arg>
<arg>ST</arg>
<arg>SV</arg>
<arg>SX</arg>
<arg>SY</arg>
<arg>SZ</arg>
<arg>TC</arg>
<arg>TD</arg>
<arg>TF</arg>
<arg>TG</arg>
<arg>TH</arg>
<arg>TJ</arg>
<arg>TK</arg>
<arg>TL</arg>
<arg>TM</arg>
<arg>TN</arg>
<arg>TO</arg>
<arg>TR</arg>
<arg>TT</arg>
<arg>TV</arg>
<arg>TW</arg>
<arg>TZ</arg>
<arg>UA</arg>
<arg>UG</arg>
<arg>UM</arg>
<arg>US</arg>
<arg>UY</arg>
<arg>UZ</arg>
<arg>VA</arg>
<arg>VC</arg>
<arg>VE</arg>
<arg>VG</arg>
<arg>VI</arg>
<arg>VN</arg>
<arg>VU</arg>
<arg>WF</arg>
<arg>WS</arg>
<arg>XK</arg>
<arg>YE</arg>
<arg>YT</arg>
<arg>ZA</arg>
<arg>ZM</arg>
<arg>ZW</arg>
<doc>Returns a list containing given items.</doc>
<status status="PASS" start="2024-05-17T13:15:51.917847" elapsed="0.000624"/>
</kw>
<kw name="List Should Contain Value" owner="Collections">
<msg time="2024-05-17T13:15:51.919462" level="INFO">False</msg>
<arg>${list_country}</arg>
<arg>${name_country}</arg>
<doc>Fails if the ``value`` is not found from ``list``.</doc>
<status status="PASS" start="2024-05-17T13:15:51.919263" elapsed="0.000235"/>
</kw>
<kw name="Run Keyword If" owner="BuiltIn">
<kw name="Should Be True" owner="BuiltIn">
<arg>${True}</arg>
<doc>Fails if the given condition is not true.</doc>
<status status="PASS" start="2024-05-17T13:15:51.920581" elapsed="0.000147"/>
</kw>
<arg>${json_data["results"][0]["location"]["coordinates"]["latitude"]} &gt;= -90 and ${json_data["results"][0]["location"]["coordinates"]["latitude"]} &lt;= 90</arg>
<arg>Should Be True</arg>
<arg>${True}</arg>
<doc>Runs the given keyword with the given arguments, if ``condition`` is true.</doc>
<status status="PASS" start="2024-05-17T13:15:51.919811" elapsed="0.001041"/>
</kw>
<kw name="Run Keyword If" owner="BuiltIn">
<kw name="Should Be True" owner="BuiltIn">
<arg>${True}</arg>
<doc>Fails if the given condition is not true.</doc>
<status status="PASS" start="2024-05-17T13:15:51.921722" elapsed="0.000256"/>
</kw>
<arg>${json_data["results"][0]["location"]["coordinates"]["longitude"]} &gt;= -180 and ${json_data["results"][0]["location"]["coordinates"]["longitude"]} &lt;= 180</arg>
<arg>Should Be True</arg>
<arg>${True}</arg>
<doc>Runs the given keyword with the given arguments, if ``condition`` is true.</doc>
<status status="PASS" start="2024-05-17T13:15:51.921038" elapsed="0.001066"/>
</kw>
<status status="PASS" start="2024-05-17T13:15:51.827420" elapsed="0.094817"/>
</kw>
<doc>Testa o conteúdo específico dos campos retornados pela API.</doc>
<tag>testeConteudo</tag>
<status status="PASS" start="2024-05-17T13:15:51.826739" elapsed="0.095654"/>
</test>
<status status="PASS" start="2024-05-17T13:15:50.921411" elapsed="1.002904"/>
</suite>
<status status="PASS" start="2024-05-17T13:15:50.907918" elapsed="1.021536"/>
</suite>
<statistics>
<total>
<stat pass="5" fail="0" skip="0">All Tests</stat>
</total>
<tag>
<stat pass="1" fail="0" skip="0">testeConteudo</stat>
<stat pass="1" fail="0" skip="0">testeEstruturaResposta</stat>
<stat pass="1" fail="0" skip="0">testeRequisicaoBasica</stat>
<stat pass="1" fail="0" skip="0">testeTiposDados</stat>
</tag>
<suite>
<stat pass="5" fail="0" skip="0" id="s1" name="Tests">Tests</stat>
<stat pass="5" fail="0" skip="0" id="s1-s1" name="Random-User-Test">Tests.Random-User-Test</stat>
</suite>
</statistics>
<errors>
</errors>
</robot>
