<?xml version="1.0" encoding="UTF-8"?>
<robot generator="Robot 7.0.1 (Python 3.12.4 on linux)" generated="2024-07-11T04:20:05.276514" rpa="false" schemaversion="5">
<suite id="s1" name="Tests" source="/home/runner/work/ApiRandomUser/ApiRandomUser/RamdonUser/tests">
<suite id="s1-s1" name="Random-User-Test" source="/home/runner/work/ApiRandomUser/ApiRandomUser/RamdonUser/tests/random-user-test.robot">
<test id="s1-s1-t1" name="Conectar" line="13">
<kw name="Conectar API" owner="random-user-service">
<kw name="Create Session" owner="RequestsLibrary">
<msg time="2024-07-11T04:20:05.695889" level="INFO">Creating Session using : alias=consultarAPI, url=https://randomuser.me/, headers={},                     cookies={}, auth=None, timeout=None, proxies=None, verify=False,                     debug=0 </msg>
<arg>consultarAPI</arg>
<arg>${URL}</arg>
<doc>Create Session: create a HTTP session to a server</doc>
<status status="PASS" start="2024-07-11T04:20:05.695687" elapsed="0.000394"/>
</kw>
<status status="PASS" start="2024-07-11T04:20:05.694706" elapsed="0.001737"/>
</kw>
<status status="PASS" start="2024-07-11T04:20:05.694052" elapsed="0.002583"/>
</test>
<test id="s1-s1-t2" name="Validar retorno 200 e JSON Válido" line="16">
<kw name="Teste de Requisicao Basica" owner="random-user-service">
<kw name="GET On Session" owner="RequestsLibrary">
<msg time="2024-07-11T04:20:05.822827" level="INFO">GET Request : url=https://randomuser.me/api 
 path_url=/api 
 headers={'User-Agent': 'python-requests/2.32.3', 'Accept-Encoding': 'gzip, deflate', 'Accept': '*/*', 'Connection': 'keep-alive'} 
 body=None 
 </msg>
<msg time="2024-07-11T04:20:05.822980" level="INFO">GET Response : url=https://randomuser.me/api 
 status=200, reason=OK 
 headers={'Date': 'Thu, 11 Jul 2024 04:20:05 GMT', 'Content-Type': 'application/json; charset=utf-8', 'Transfer-Encoding': 'chunked', 'Connection': 'keep-alive', 'X-Powered-By': 'Express', 'Access-Control-Allow-Origin': '*', 'Cache-Control': 'no-cache', 'ETag': 'W/"4aa-EFxT7nfPoTtbIQ4OzXCIv5Si0v4"', 'Vary': 'Accept-Encoding', 'Content-Encoding': 'gzip', 'CF-Cache-Status': 'DYNAMIC', 'Report-To': '{"endpoints":[{"url":"https:\\/\\/a.nel.cloudflare.com\\/report\\/v4?s=gqQGO1Dcn7UFfr0jxeIb0oaYjLJlnqcsuT2fVnw6S95koa3TJUtBFKQdrlfowNcn37zGVVIbN5Ydt5eH8Ta803rCREkZKKRNAVrzL%2FHHSFQA4nQBWPJ88uLB1HGlbEgp"}],"group":"cf-nel","max_age":604800}', 'NEL': '{"success_fraction":0,"report_to":"cf-nel","max_age":604800}', 'Server': 'cloudflare', 'CF-RAY': '8a15ffbfd93ecfc4-SJC', 'alt-svc': 'h3=":443"; ma=86400'} 
 body={"results":[{"gender":"male","name":{"title":"Mr","first":"Elmar","last":"Hausmann"},"location":{"street":{"number":9521,"name":"Schillerstraße"},"city":"Laufenburg (Baden)","state":"Sachsen-Anhalt","country":"Germany","postcode":77350,"coordinates":{"latitude":"-53.2110","longitude":"-57.8432"},"timezone":{"offset":"+11:00","description":"Magadan, Solomon Islands, New Caledonia"}},"email":"elmar.hausmann@example.com","login":{"uuid":"34ffd7db-fc07-4b03-8081-13fd1d08ea0d","username":"orangebird196","password":"727272","salt":"8VbETcnt","md5":"a2f2544254cbedceb8a29d33b90180a9","sha1":"6bf55cbf479f235aee7cecfceedd360ac0a5d84d","sha256":"955bc03153c311adc77915fe516b7830df4ad98055df42789fca1f6e1540d69b"},"dob":{"date":"1956-05-28T04:45:10.357Z","age":68},"registered":{"date":"2022-05-02T10:27:42.519Z","age":2},"phone":"0080-5860851","cell":"0174-3292512","id":{"name":"SVNR","value":"10 270556 H 258"},"picture":{"large":"https://randomuser.me/api/portraits/men/85.jpg","medium":"https://randomuser.me/api/portraits/med/men/85.jpg","thumbnail":"https://randomuser.me/api/portraits/thumb/men/85.jpg"},"nat":"DE"}],"info":{"seed":"e3636d07bd2c853b","results":1,"page":1,"version":"1.4"}} 
 </msg>
<msg time="2024-07-11T04:20:05.823061" level="INFO">/opt/hostedtoolcache/Python/3.12.4/x64/lib/python3.12/site-packages/urllib3/connectionpool.py:1099: InsecureRequestWarning: Unverified HTTPS request is being made to host 'randomuser.me'. Adding certificate verification is strongly advised. See: https://urllib3.readthedocs.io/en/latest/advanced-usage.html#tls-warnings
  warnings.warn(</msg>
<msg time="2024-07-11T04:20:05.823235" level="INFO">${response} = &lt;Response [200]&gt;</msg>
<var>${response}</var>
<arg>consultarAPI</arg>
<arg>/api</arg>
<doc>Sends a GET request on a previously created HTTP Session.</doc>
<status status="PASS" start="2024-07-11T04:20:05.699376" elapsed="0.123905"/>
</kw>
<kw name="Should Be Equal As Numbers" owner="BuiltIn">
<msg time="2024-07-11T04:20:05.824416" level="INFO">Argument types are:
&lt;class 'int'&gt;
&lt;class 'str'&gt;</msg>
<arg>${response.status_code}</arg>
<arg>200</arg>
<doc>Fails if objects are unequal after converting them to real numbers.</doc>
<status status="PASS" start="2024-07-11T04:20:05.823926" elapsed="0.000557"/>
</kw>
<kw name="Log" owner="BuiltIn">
<msg time="2024-07-11T04:20:05.825149" level="INFO">200</msg>
<arg>${response.status_code}</arg>
<doc>Logs the given message with the given level.</doc>
<status status="PASS" start="2024-07-11T04:20:05.824802" elapsed="0.000392"/>
</kw>
<kw name="Set Variable" owner="BuiltIn">
<msg time="2024-07-11T04:20:05.825976" level="INFO">${json_data} = {'results': [{'gender': 'male', 'name': {'title': 'Mr', 'first': 'Elmar', 'last': 'Hausmann'}, 'location': {'street': {'number': 9521, 'name': 'Schillerstraße'}, 'city': 'Laufenburg (Baden)', 'state':...</msg>
<var>${json_data}</var>
<arg>${response.json()}</arg>
<doc>Returns the given values which can then be assigned to a variables.</doc>
<status status="PASS" start="2024-07-11T04:20:05.825530" elapsed="0.000476"/>
</kw>
<kw name="Dictionary Should Contain Key" owner="Collections">
<arg>${json_data}</arg>
<arg>results</arg>
<doc>Fails if ``key`` is not found from ``dictionary``.</doc>
<status status="PASS" start="2024-07-11T04:20:05.826304" elapsed="0.000164"/>
</kw>
<status status="PASS" start="2024-07-11T04:20:05.699128" elapsed="0.127505"/>
</kw>
<doc>Testa se a API responde corretamente e retorna um objeto JSON válido.</doc>
<tag>testeRequisicaoBasica</tag>
<status status="PASS" start="2024-07-11T04:20:05.698575" elapsed="0.128245"/>
</test>
<test id="s1-s1-t3" name="Validar estrutura de resposta" line="22">
<kw name="Teste de Estrutura de Resposta" owner="random-user-service">
<kw name="GET On Session" owner="RequestsLibrary">
<msg time="2024-07-11T04:20:05.956495" level="INFO">GET Request : url=https://randomuser.me/api 
 path_url=/api 
 headers={'User-Agent': 'python-requests/2.32.3', 'Accept-Encoding': 'gzip, deflate', 'Accept': '*/*', 'Connection': 'keep-alive'} 
 body=None 
 </msg>
<msg time="2024-07-11T04:20:05.956608" level="INFO">GET Response : url=https://randomuser.me/api 
 status=200, reason=OK 
 headers={'Date': 'Thu, 11 Jul 2024 04:20:05 GMT', 'Content-Type': 'application/json; charset=utf-8', 'Transfer-Encoding': 'chunked', 'Connection': 'keep-alive', 'X-Powered-By': 'Express', 'Access-Control-Allow-Origin': '*', 'Cache-Control': 'no-cache', 'ETag': 'W/"48b-Gzu8ugGOUvK3g/7YpLht6tz/yWE"', 'Vary': 'Accept-Encoding', 'Content-Encoding': 'gzip', 'CF-Cache-Status': 'DYNAMIC', 'Report-To': '{"endpoints":[{"url":"https:\\/\\/a.nel.cloudflare.com\\/report\\/v4?s=HVYBwoOMRyeaGvh3PmBdVhV%2F6vAsJNAHGrMQhwDBCzpcPsUyFrI9iurkQZ%2FEXg%2FJ%2FeGVHR26MzYFCatKH4Q7IXHd1yU2P6qxf8KJakiC%2FgYNMEolAF7QroWQDpLCpxXW"}],"group":"cf-nel","max_age":604800}', 'NEL': '{"success_fraction":0,"report_to":"cf-nel","max_age":604800}', 'Server': 'cloudflare', 'CF-RAY': '8a15ffc079e7cfc4-SJC', 'alt-svc': 'h3=":443"; ma=86400'} 
 body={"results":[{"gender":"male","name":{"title":"Monsieur","first":"Stefano","last":"Mathieu"},"location":{"street":{"number":4146,"name":"Avenue Debourg"},"city":"Gondiswil","state":"Neuchâtel","country":"Switzerland","postcode":6787,"coordinates":{"latitude":"-57.0494","longitude":"-163.0795"},"timezone":{"offset":"-10:00","description":"Hawaii"}},"email":"stefano.mathieu@example.com","login":{"uuid":"ea160574-7bef-415c-b94a-94c8a134237f","username":"crazyostrich609","password":"mirage","salt":"CS47ewUo","md5":"bd7850631e33e7f1136c2e397c3ea51f","sha1":"deaed8cd5e8fa6b0ef7cd1f130d9398351465c18","sha256":"d63263c649968eaf038ee1393c416fa610b67e8a97c8035a973e6c06454dd156"},"dob":{"date":"1961-11-20T14:43:49.434Z","age":62},"registered":{"date":"2017-10-24T17:03:32.759Z","age":6},"phone":"075 221 14 97","cell":"077 397 77 30","id":{"name":"AVS","value":"756.1800.0414.09"},"picture":{"large":"https://randomuser.me/api/portraits/men/52.jpg","medium":"https://randomuser.me/api/portraits/med/men/52.jpg","thumbnail":"https://randomuser.me/api/portraits/thumb/men/52.jpg"},"nat":"CH"}],"info":{"seed":"d03989edf6c454bc","results":1,"page":1,"version":"1.4"}} 
 </msg>
<msg time="2024-07-11T04:20:05.956761" level="INFO">/opt/hostedtoolcache/Python/3.12.4/x64/lib/python3.12/site-packages/urllib3/connectionpool.py:1099: InsecureRequestWarning: Unverified HTTPS request is being made to host 'randomuser.me'. Adding certificate verification is strongly advised. See: https://urllib3.readthedocs.io/en/latest/advanced-usage.html#tls-warnings
  warnings.warn(</msg>
<msg time="2024-07-11T04:20:05.956901" level="INFO">${response} = &lt;Response [200]&gt;</msg>
<var>${response}</var>
<arg>consultarAPI</arg>
<arg>/api</arg>
<doc>Sends a GET request on a previously created HTTP Session.</doc>
<status status="PASS" start="2024-07-11T04:20:05.829544" elapsed="0.127393"/>
</kw>
<kw name="Set Variable" owner="BuiltIn">
<msg time="2024-07-11T04:20:05.958028" level="INFO">${json_data} = {'results': [{'gender': 'male', 'name': {'title': 'Monsieur', 'first': 'Stefano', 'last': 'Mathieu'}, 'location': {'street': {'number': 4146, 'name': 'Avenue Debourg'}, 'city': 'Gondiswil', 'state': '...</msg>
<var>${json_data}</var>
<arg>${response.json()}</arg>
<doc>Returns the given values which can then be assigned to a variables.</doc>
<status status="PASS" start="2024-07-11T04:20:05.957497" elapsed="0.000561"/>
</kw>
<kw name="Log" owner="BuiltIn">
<msg time="2024-07-11T04:20:05.958530" level="INFO">{'results': [{'gender': 'male', 'name': {'title': 'Monsieur', 'first': 'Stefano', 'last': 'Mathieu'}, 'location': {'street': {'number': 4146, 'name': 'Avenue Debourg'}, 'city': 'Gondiswil', 'state': 'Neuchâtel', 'country': 'Switzerland', 'postcode': 6787, 'coordinates': {'latitude': '-57.0494', 'longitude': '-163.0795'}, 'timezone': {'offset': '-10:00', 'description': 'Hawaii'}}, 'email': 'stefano.mathieu@example.com', 'login': {'uuid': 'ea160574-7bef-415c-b94a-94c8a134237f', 'username': 'crazyostrich609', 'password': 'mirage', 'salt': 'CS47ewUo', 'md5': 'bd7850631e33e7f1136c2e397c3ea51f', 'sha1': 'deaed8cd5e8fa6b0ef7cd1f130d9398351465c18', 'sha256': 'd63263c649968eaf038ee1393c416fa610b67e8a97c8035a973e6c06454dd156'}, 'dob': {'date': '1961-11-20T14:43:49.434Z', 'age': 62}, 'registered': {'date': '2017-10-24T17:03:32.759Z', 'age': 6}, 'phone': '075 221 14 97', 'cell': '077 397 77 30', 'id': {'name': 'AVS', 'value': '756.1800.0414.09'}, 'picture': {'large': 'https://randomuser.me/api/portraits/men/52.jpg', 'medium': 'https://randomuser.me/api/portraits/med/men/52.jpg', 'thumbnail': 'https://randomuser.me/api/portraits/thumb/men/52.jpg'}, 'nat': 'CH'}], 'info': {'seed': 'd03989edf6c454bc', 'results': 1, 'page': 1, 'version': '1.4'}}</msg>
<arg>${json_data}</arg>
<doc>Logs the given message with the given level.</doc>
<status status="PASS" start="2024-07-11T04:20:05.958368" elapsed="0.000215"/>
</kw>
<kw name="Dictionary Should Contain Key" owner="Collections">
<arg>${json_data}</arg>
<arg>results</arg>
<doc>Fails if ``key`` is not found from ``dictionary``.</doc>
<status status="PASS" start="2024-07-11T04:20:05.958877" elapsed="0.000169"/>
</kw>
<kw name="Should Not Be Empty" owner="BuiltIn">
<msg time="2024-07-11T04:20:05.959362" level="INFO">Length is 2.</msg>
<arg>${json_data}</arg>
<doc>Verifies that the given item is not empty.</doc>
<status status="PASS" start="2024-07-11T04:20:05.959235" elapsed="0.000167"/>
</kw>
<kw name="Create List" owner="BuiltIn">
<msg time="2024-07-11T04:20:05.959849" level="INFO">${expected_keys} = ['gender', 'name', 'location', 'email', 'login']</msg>
<var>${expected_keys}</var>
<arg>gender</arg>
<arg>name</arg>
<arg>location</arg>
<arg>email</arg>
<arg>login</arg>
<doc>Returns a list containing given items.</doc>
<status status="PASS" start="2024-07-11T04:20:05.959694" elapsed="0.000180"/>
</kw>
<for flavor="IN">
<iter>
<kw name="Dictionary Should Contain Key" owner="Collections">
<arg>${json_data['results'][0]}</arg>
<arg>${key}</arg>
<doc>Fails if ``key`` is not found from ``dictionary``.</doc>
<status status="PASS" start="2024-07-11T04:20:05.960623" elapsed="0.000400"/>
</kw>
<kw name="Log" owner="BuiltIn">
<msg time="2024-07-11T04:20:05.961603" level="INFO">{'gender': 'male', 'name': {'title': 'Monsieur', 'first': 'Stefano', 'last': 'Mathieu'}, 'location': {'street': {'number': 4146, 'name': 'Avenue Debourg'}, 'city': 'Gondiswil', 'state': 'Neuchâtel', 'country': 'Switzerland', 'postcode': 6787, 'coordinates': {'latitude': '-57.0494', 'longitude': '-163.0795'}, 'timezone': {'offset': '-10:00', 'description': 'Hawaii'}}, 'email': 'stefano.mathieu@example.com', 'login': {'uuid': 'ea160574-7bef-415c-b94a-94c8a134237f', 'username': 'crazyostrich609', 'password': 'mirage', 'salt': 'CS47ewUo', 'md5': 'bd7850631e33e7f1136c2e397c3ea51f', 'sha1': 'deaed8cd5e8fa6b0ef7cd1f130d9398351465c18', 'sha256': 'd63263c649968eaf038ee1393c416fa610b67e8a97c8035a973e6c06454dd156'}, 'dob': {'date': '1961-11-20T14:43:49.434Z', 'age': 62}, 'registered': {'date': '2017-10-24T17:03:32.759Z', 'age': 6}, 'phone': '075 221 14 97', 'cell': '077 397 77 30', 'id': {'name': 'AVS', 'value': '756.1800.0414.09'}, 'picture': {'large': 'https://randomuser.me/api/portraits/men/52.jpg', 'medium': 'https://randomuser.me/api/portraits/med/men/52.jpg', 'thumbnail': 'https://randomuser.me/api/portraits/thumb/men/52.jpg'}, 'nat': 'CH'}</msg>
<arg>${json_data['results'][0]}</arg>
<doc>Logs the given message with the given level.</doc>
<status status="PASS" start="2024-07-11T04:20:05.961214" elapsed="0.000443"/>
</kw>
<kw name="Log" owner="BuiltIn">
<msg time="2024-07-11T04:20:05.962088" level="INFO">gender</msg>
<arg>${key}</arg>
<doc>Logs the given message with the given level.</doc>
<status status="PASS" start="2024-07-11T04:20:05.961959" elapsed="0.000167"/>
</kw>
<var name="${key}">gender</var>
<status status="PASS" start="2024-07-11T04:20:05.960499" elapsed="0.001841"/>
</iter>
<iter>
<kw name="Dictionary Should Contain Key" owner="Collections">
<arg>${json_data['results'][0]}</arg>
<arg>${key}</arg>
<doc>Fails if ``key`` is not found from ``dictionary``.</doc>
<status status="PASS" start="2024-07-11T04:20:05.962639" elapsed="0.000392"/>
</kw>
<kw name="Log" owner="BuiltIn">
<msg time="2024-07-11T04:20:05.963562" level="INFO">{'gender': 'male', 'name': {'title': 'Monsieur', 'first': 'Stefano', 'last': 'Mathieu'}, 'location': {'street': {'number': 4146, 'name': 'Avenue Debourg'}, 'city': 'Gondiswil', 'state': 'Neuchâtel', 'country': 'Switzerland', 'postcode': 6787, 'coordinates': {'latitude': '-57.0494', 'longitude': '-163.0795'}, 'timezone': {'offset': '-10:00', 'description': 'Hawaii'}}, 'email': 'stefano.mathieu@example.com', 'login': {'uuid': 'ea160574-7bef-415c-b94a-94c8a134237f', 'username': 'crazyostrich609', 'password': 'mirage', 'salt': 'CS47ewUo', 'md5': 'bd7850631e33e7f1136c2e397c3ea51f', 'sha1': 'deaed8cd5e8fa6b0ef7cd1f130d9398351465c18', 'sha256': 'd63263c649968eaf038ee1393c416fa610b67e8a97c8035a973e6c06454dd156'}, 'dob': {'date': '1961-11-20T14:43:49.434Z', 'age': 62}, 'registered': {'date': '2017-10-24T17:03:32.759Z', 'age': 6}, 'phone': '075 221 14 97', 'cell': '077 397 77 30', 'id': {'name': 'AVS', 'value': '756.1800.0414.09'}, 'picture': {'large': 'https://randomuser.me/api/portraits/men/52.jpg', 'medium': 'https://randomuser.me/api/portraits/med/men/52.jpg', 'thumbnail': 'https://randomuser.me/api/portraits/thumb/men/52.jpg'}, 'nat': 'CH'}</msg>
<arg>${json_data['results'][0]}</arg>
<doc>Logs the given message with the given level.</doc>
<status status="PASS" start="2024-07-11T04:20:05.963213" elapsed="0.000433"/>
</kw>
<kw name="Log" owner="BuiltIn">
<msg time="2024-07-11T04:20:05.964076" level="INFO">name</msg>
<arg>${key}</arg>
<doc>Logs the given message with the given level.</doc>
<status status="PASS" start="2024-07-11T04:20:05.963945" elapsed="0.000170"/>
</kw>
<var name="${key}">name</var>
<status status="PASS" start="2024-07-11T04:20:05.962529" elapsed="0.001803"/>
</iter>
<iter>
<kw name="Dictionary Should Contain Key" owner="Collections">
<arg>${json_data['results'][0]}</arg>
<arg>${key}</arg>
<doc>Fails if ``key`` is not found from ``dictionary``.</doc>
<status status="PASS" start="2024-07-11T04:20:05.964619" elapsed="0.000378"/>
</kw>
<kw name="Log" owner="BuiltIn">
<msg time="2024-07-11T04:20:05.965563" level="INFO">{'gender': 'male', 'name': {'title': 'Monsieur', 'first': 'Stefano', 'last': 'Mathieu'}, 'location': {'street': {'number': 4146, 'name': 'Avenue Debourg'}, 'city': 'Gondiswil', 'state': 'Neuchâtel', 'country': 'Switzerland', 'postcode': 6787, 'coordinates': {'latitude': '-57.0494', 'longitude': '-163.0795'}, 'timezone': {'offset': '-10:00', 'description': 'Hawaii'}}, 'email': 'stefano.mathieu@example.com', 'login': {'uuid': 'ea160574-7bef-415c-b94a-94c8a134237f', 'username': 'crazyostrich609', 'password': 'mirage', 'salt': 'CS47ewUo', 'md5': 'bd7850631e33e7f1136c2e397c3ea51f', 'sha1': 'deaed8cd5e8fa6b0ef7cd1f130d9398351465c18', 'sha256': 'd63263c649968eaf038ee1393c416fa610b67e8a97c8035a973e6c06454dd156'}, 'dob': {'date': '1961-11-20T14:43:49.434Z', 'age': 62}, 'registered': {'date': '2017-10-24T17:03:32.759Z', 'age': 6}, 'phone': '075 221 14 97', 'cell': '077 397 77 30', 'id': {'name': 'AVS', 'value': '756.1800.0414.09'}, 'picture': {'large': 'https://randomuser.me/api/portraits/men/52.jpg', 'medium': 'https://randomuser.me/api/portraits/med/men/52.jpg', 'thumbnail': 'https://randomuser.me/api/portraits/thumb/men/52.jpg'}, 'nat': 'CH'}</msg>
<arg>${json_data['results'][0]}</arg>
<doc>Logs the given message with the given level.</doc>
<status status="PASS" start="2024-07-11T04:20:05.965177" elapsed="0.000438"/>
</kw>
<kw name="Log" owner="BuiltIn">
<msg time="2024-07-11T04:20:05.966045" level="INFO">location</msg>
<arg>${key}</arg>
<doc>Logs the given message with the given level.</doc>
<status status="PASS" start="2024-07-11T04:20:05.965917" elapsed="0.000167"/>
</kw>
<var name="${key}">location</var>
<status status="PASS" start="2024-07-11T04:20:05.964512" elapsed="0.001789"/>
</iter>
<iter>
<kw name="Dictionary Should Contain Key" owner="Collections">
<arg>${json_data['results'][0]}</arg>
<arg>${key}</arg>
<doc>Fails if ``key`` is not found from ``dictionary``.</doc>
<status status="PASS" start="2024-07-11T04:20:05.966579" elapsed="0.000395"/>
</kw>
<kw name="Log" owner="BuiltIn">
<msg time="2024-07-11T04:20:05.967511" level="INFO">{'gender': 'male', 'name': {'title': 'Monsieur', 'first': 'Stefano', 'last': 'Mathieu'}, 'location': {'street': {'number': 4146, 'name': 'Avenue Debourg'}, 'city': 'Gondiswil', 'state': 'Neuchâtel', 'country': 'Switzerland', 'postcode': 6787, 'coordinates': {'latitude': '-57.0494', 'longitude': '-163.0795'}, 'timezone': {'offset': '-10:00', 'description': 'Hawaii'}}, 'email': 'stefano.mathieu@example.com', 'login': {'uuid': 'ea160574-7bef-415c-b94a-94c8a134237f', 'username': 'crazyostrich609', 'password': 'mirage', 'salt': 'CS47ewUo', 'md5': 'bd7850631e33e7f1136c2e397c3ea51f', 'sha1': 'deaed8cd5e8fa6b0ef7cd1f130d9398351465c18', 'sha256': 'd63263c649968eaf038ee1393c416fa610b67e8a97c8035a973e6c06454dd156'}, 'dob': {'date': '1961-11-20T14:43:49.434Z', 'age': 62}, 'registered': {'date': '2017-10-24T17:03:32.759Z', 'age': 6}, 'phone': '075 221 14 97', 'cell': '077 397 77 30', 'id': {'name': 'AVS', 'value': '756.1800.0414.09'}, 'picture': {'large': 'https://randomuser.me/api/portraits/men/52.jpg', 'medium': 'https://randomuser.me/api/portraits/med/men/52.jpg', 'thumbnail': 'https://randomuser.me/api/portraits/thumb/men/52.jpg'}, 'nat': 'CH'}</msg>
<arg>${json_data['results'][0]}</arg>
<doc>Logs the given message with the given level.</doc>
<status status="PASS" start="2024-07-11T04:20:05.967158" elapsed="0.000405"/>
</kw>
<kw name="Log" owner="BuiltIn">
<msg time="2024-07-11T04:20:05.967988" level="INFO">email</msg>
<arg>${key}</arg>
<doc>Logs the given message with the given level.</doc>
<status status="PASS" start="2024-07-11T04:20:05.967861" elapsed="0.000166"/>
</kw>
<var name="${key}">email</var>
<status status="PASS" start="2024-07-11T04:20:05.966472" elapsed="0.001768"/>
</iter>
<iter>
<kw name="Dictionary Should Contain Key" owner="Collections">
<arg>${json_data['results'][0]}</arg>
<arg>${key}</arg>
<doc>Fails if ``key`` is not found from ``dictionary``.</doc>
<status status="PASS" start="2024-07-11T04:20:05.968546" elapsed="0.000396"/>
</kw>
<kw name="Log" owner="BuiltIn">
<msg time="2024-07-11T04:20:05.969541" level="INFO">{'gender': 'male', 'name': {'title': 'Monsieur', 'first': 'Stefano', 'last': 'Mathieu'}, 'location': {'street': {'number': 4146, 'name': 'Avenue Debourg'}, 'city': 'Gondiswil', 'state': 'Neuchâtel', 'country': 'Switzerland', 'postcode': 6787, 'coordinates': {'latitude': '-57.0494', 'longitude': '-163.0795'}, 'timezone': {'offset': '-10:00', 'description': 'Hawaii'}}, 'email': 'stefano.mathieu@example.com', 'login': {'uuid': 'ea160574-7bef-415c-b94a-94c8a134237f', 'username': 'crazyostrich609', 'password': 'mirage', 'salt': 'CS47ewUo', 'md5': 'bd7850631e33e7f1136c2e397c3ea51f', 'sha1': 'deaed8cd5e8fa6b0ef7cd1f130d9398351465c18', 'sha256': 'd63263c649968eaf038ee1393c416fa610b67e8a97c8035a973e6c06454dd156'}, 'dob': {'date': '1961-11-20T14:43:49.434Z', 'age': 62}, 'registered': {'date': '2017-10-24T17:03:32.759Z', 'age': 6}, 'phone': '075 221 14 97', 'cell': '077 397 77 30', 'id': {'name': 'AVS', 'value': '756.1800.0414.09'}, 'picture': {'large': 'https://randomuser.me/api/portraits/men/52.jpg', 'medium': 'https://randomuser.me/api/portraits/med/men/52.jpg', 'thumbnail': 'https://randomuser.me/api/portraits/thumb/men/52.jpg'}, 'nat': 'CH'}</msg>
<arg>${json_data['results'][0]}</arg>
<doc>Logs the given message with the given level.</doc>
<status status="PASS" start="2024-07-11T04:20:05.969128" elapsed="0.000481"/>
</kw>
<kw name="Log" owner="BuiltIn">
<msg time="2024-07-11T04:20:05.970053" level="INFO">login</msg>
<arg>${key}</arg>
<doc>Logs the given message with the given level.</doc>
<status status="PASS" start="2024-07-11T04:20:05.969923" elapsed="0.000168"/>
</kw>
<var name="${key}">login</var>
<status status="PASS" start="2024-07-11T04:20:05.968417" elapsed="0.001896"/>
</iter>
<var>${key}</var>
<value>@{expected_keys}</value>
<status status="PASS" start="2024-07-11T04:20:05.960301" elapsed="0.010133"/>
</for>
<kw name="Create List" owner="BuiltIn">
<msg time="2024-07-11T04:20:05.970763" level="INFO">${expected_keysTwo} = ['username', 'password']</msg>
<var>${expected_keysTwo}</var>
<arg>username</arg>
<arg>password</arg>
<doc>Returns a list containing given items.</doc>
<status status="PASS" start="2024-07-11T04:20:05.970627" elapsed="0.000191"/>
</kw>
<for flavor="IN">
<iter>
<kw name="Dictionary Should Contain Key" owner="Collections">
<arg>${json_data['results'][0]['login']}</arg>
<arg>${keyTwo}</arg>
<doc>Fails if ``key`` is not found from ``dictionary``.</doc>
<status status="PASS" start="2024-07-11T04:20:05.971336" elapsed="0.000393"/>
</kw>
<kw name="Dictionary Should Contain Key" owner="Collections">
<arg>${json_data['results'][0]['login']}</arg>
<arg>${keyTwo}</arg>
<doc>Fails if ``key`` is not found from ``dictionary``.</doc>
<status status="PASS" start="2024-07-11T04:20:05.971911" elapsed="0.000382"/>
</kw>
<kw name="Log" owner="BuiltIn">
<msg time="2024-07-11T04:20:05.972605" level="INFO">username</msg>
<arg>${keyTwo}</arg>
<doc>Logs the given message with the given level.</doc>
<status status="PASS" start="2024-07-11T04:20:05.972482" elapsed="0.000162"/>
</kw>
<var name="${keyTwo}">username</var>
<status status="PASS" start="2024-07-11T04:20:05.971228" elapsed="0.001643"/>
</iter>
<iter>
<kw name="Dictionary Should Contain Key" owner="Collections">
<arg>${json_data['results'][0]['login']}</arg>
<arg>${keyTwo}</arg>
<doc>Fails if ``key`` is not found from ``dictionary``.</doc>
<status status="PASS" start="2024-07-11T04:20:05.973151" elapsed="0.000416"/>
</kw>
<kw name="Dictionary Should Contain Key" owner="Collections">
<arg>${json_data['results'][0]['login']}</arg>
<arg>${keyTwo}</arg>
<doc>Fails if ``key`` is not found from ``dictionary``.</doc>
<status status="PASS" start="2024-07-11T04:20:05.973749" elapsed="0.000370"/>
</kw>
<kw name="Log" owner="BuiltIn">
<msg time="2024-07-11T04:20:05.974415" level="INFO">password</msg>
<arg>${keyTwo}</arg>
<doc>Logs the given message with the given level.</doc>
<status status="PASS" start="2024-07-11T04:20:05.974296" elapsed="0.000162"/>
</kw>
<var name="${keyTwo}">password</var>
<status status="PASS" start="2024-07-11T04:20:05.973044" elapsed="0.001635"/>
</iter>
<var>${keyTwo}</var>
<value>@{expected_keysTwo}</value>
<status status="PASS" start="2024-07-11T04:20:05.971063" elapsed="0.003738"/>
</for>
<status status="PASS" start="2024-07-11T04:20:05.829277" elapsed="0.145670"/>
</kw>
<doc>Testa a estrutura da resposta da API.</doc>
<tag>testeEstruturaResposta</tag>
<status status="PASS" start="2024-07-11T04:20:05.828687" elapsed="0.146420"/>
</test>
<test id="s1-s1-t4" name="Validar tipos de dados" line="28">
<kw name="Teste de Tipos de Dados" owner="random-user-service">
<kw name="GET On Session" owner="RequestsLibrary">
<msg time="2024-07-11T04:20:06.087498" level="INFO">GET Request : url=https://randomuser.me/api 
 path_url=/api 
 headers={'User-Agent': 'python-requests/2.32.3', 'Accept-Encoding': 'gzip, deflate', 'Accept': '*/*', 'Connection': 'keep-alive'} 
 body=None 
 </msg>
<msg time="2024-07-11T04:20:06.087608" level="INFO">GET Response : url=https://randomuser.me/api 
 status=200, reason=OK 
 headers={'Date': 'Thu, 11 Jul 2024 04:20:06 GMT', 'Content-Type': 'application/json; charset=utf-8', 'Transfer-Encoding': 'chunked', 'Connection': 'keep-alive', 'X-Powered-By': 'Express', 'Access-Control-Allow-Origin': '*', 'Cache-Control': 'no-cache', 'ETag': 'W/"47f-MKa5zmtqwUIaTLj3Dr+31A+zfC8"', 'Vary': 'Accept-Encoding', 'Content-Encoding': 'gzip', 'CF-Cache-Status': 'DYNAMIC', 'Report-To': '{"endpoints":[{"url":"https:\\/\\/a.nel.cloudflare.com\\/report\\/v4?s=DwHBpRVaN3V3VndSlFQNVBoPsRvb2UUTYeXIxNUhEbuQGMmo07Y1dTfWkx9tNxIODNj0z10%2Fnojc%2BrcRtDKZaWPOxE0qKRKz0NZO4mbFPeXgYTvoS%2FWWxDbFWw28V76V"}],"group":"cf-nel","max_age":604800}', 'NEL': '{"success_fraction":0,"report_to":"cf-nel","max_age":604800}', 'Server': 'cloudflare', 'CF-RAY': '8a15ffc16ab9cfc4-SJC', 'alt-svc': 'h3=":443"; ma=86400'} 
 body={"results":[{"gender":"male","name":{"title":"Mr","first":"Nicolas","last":"Ouellet"},"location":{"street":{"number":4209,"name":"20th Ave"},"city":"Melbourne","state":"Newfoundland and Labrador","country":"Canada","postcode":"X1F 4G2","coordinates":{"latitude":"-71.1363","longitude":"-99.1159"},"timezone":{"offset":"+3:30","description":"Tehran"}},"email":"nicolas.ouellet@example.com","login":{"uuid":"bb960953-3e16-47b9-9e80-3d63a9e8b43d","username":"lazybear280","password":"truck","salt":"o6hxESJx","md5":"8372339babe46939eccd71bb6d5223eb","sha1":"ceb6ff0c9e54c2bb30b963174b4facf774f7907f","sha256":"b6387bd471e7cb21038e88f8a959f8c52704eb76e55b8f49a0d777bb83df6b9e"},"dob":{"date":"1994-04-18T19:43:05.602Z","age":30},"registered":{"date":"2010-12-04T04:12:22.107Z","age":13},"phone":"Q59 N72-2819","cell":"N26 Z99-6575","id":{"name":"SIN","value":"082669045"},"picture":{"large":"https://randomuser.me/api/portraits/men/24.jpg","medium":"https://randomuser.me/api/portraits/med/men/24.jpg","thumbnail":"https://randomuser.me/api/portraits/thumb/men/24.jpg"},"nat":"CA"}],"info":{"seed":"227ac2fe2901f3e9","results":1,"page":1,"version":"1.4"}} 
 </msg>
<msg time="2024-07-11T04:20:06.087695" level="INFO">/opt/hostedtoolcache/Python/3.12.4/x64/lib/python3.12/site-packages/urllib3/connectionpool.py:1099: InsecureRequestWarning: Unverified HTTPS request is being made to host 'randomuser.me'. Adding certificate verification is strongly advised. See: https://urllib3.readthedocs.io/en/latest/advanced-usage.html#tls-warnings
  warnings.warn(</msg>
<msg time="2024-07-11T04:20:06.087852" level="INFO">${response} = &lt;Response [200]&gt;</msg>
<var>${response}</var>
<arg>consultarAPI</arg>
<arg>/api</arg>
<doc>Sends a GET request on a previously created HTTP Session.</doc>
<status status="PASS" start="2024-07-11T04:20:05.977691" elapsed="0.110211"/>
</kw>
<kw name="Set Variable" owner="BuiltIn">
<msg time="2024-07-11T04:20:06.089001" level="INFO">${json_data} = {'results': [{'gender': 'male', 'name': {'title': 'Mr', 'first': 'Nicolas', 'last': 'Ouellet'}, 'location': {'street': {'number': 4209, 'name': '20th Ave'}, 'city': 'Melbourne', 'state': 'Newfoundland...</msg>
<var>${json_data}</var>
<arg>${response.json()}</arg>
<doc>Returns the given values which can then be assigned to a variables.</doc>
<status status="PASS" start="2024-07-11T04:20:06.088468" elapsed="0.000562"/>
</kw>
<kw name="Log" owner="BuiltIn">
<msg time="2024-07-11T04:20:06.089533" level="INFO">{'results': [{'gender': 'male', 'name': {'title': 'Mr', 'first': 'Nicolas', 'last': 'Ouellet'}, 'location': {'street': {'number': 4209, 'name': '20th Ave'}, 'city': 'Melbourne', 'state': 'Newfoundland and Labrador', 'country': 'Canada', 'postcode': 'X1F 4G2', 'coordinates': {'latitude': '-71.1363', 'longitude': '-99.1159'}, 'timezone': {'offset': '+3:30', 'description': 'Tehran'}}, 'email': 'nicolas.ouellet@example.com', 'login': {'uuid': 'bb960953-3e16-47b9-9e80-3d63a9e8b43d', 'username': 'lazybear280', 'password': 'truck', 'salt': 'o6hxESJx', 'md5': '8372339babe46939eccd71bb6d5223eb', 'sha1': 'ceb6ff0c9e54c2bb30b963174b4facf774f7907f', 'sha256': 'b6387bd471e7cb21038e88f8a959f8c52704eb76e55b8f49a0d777bb83df6b9e'}, 'dob': {'date': '1994-04-18T19:43:05.602Z', 'age': 30}, 'registered': {'date': '2010-12-04T04:12:22.107Z', 'age': 13}, 'phone': 'Q59 N72-2819', 'cell': 'N26 Z99-6575', 'id': {'name': 'SIN', 'value': '082669045'}, 'picture': {'large': 'https://randomuser.me/api/portraits/men/24.jpg', 'medium': 'https://randomuser.me/api/portraits/med/men/24.jpg', 'thumbnail': 'https://randomuser.me/api/portraits/thumb/men/24.jpg'}, 'nat': 'CA'}], 'info': {'seed': '227ac2fe2901f3e9', 'results': 1, 'page': 1, 'version': '1.4'}}</msg>
<arg>${json_data}</arg>
<doc>Logs the given message with the given level.</doc>
<status status="PASS" start="2024-07-11T04:20:06.089368" elapsed="0.000213"/>
</kw>
<kw name="Should Be String" owner="String">
<arg>${json_data['results'][0]['gender']}</arg>
<doc>Fails if the given ``item`` is not a string.</doc>
<status status="PASS" start="2024-07-11T04:20:06.089869" elapsed="0.000360"/>
</kw>
<kw name="Should Match Regexp" owner="BuiltIn">
<arg>${json_data['results'][0]['email']}</arg>
<arg>^[a-zA-Z0-9._%+-]+@[a-zA-Z0-9.-]+\.[a-zA-Z]{2,}$</arg>
<doc>Fails if ``string`` does not match ``pattern`` as a regular expression.</doc>
<status status="PASS" start="2024-07-11T04:20:06.090415" elapsed="0.000512"/>
</kw>
<kw name="Should Match Regexp" owner="BuiltIn">
<arg>${json_data['results'][0]['dob']['date']}</arg>
<arg>\\d{4}-\\d{2}-\\d{2}T\\d{2}:\\d{2}:\\d{2}\\.\\d{3}Z</arg>
<doc>Fails if ``string`` does not match ``pattern`` as a regular expression.</doc>
<status status="PASS" start="2024-07-11T04:20:06.091156" elapsed="0.000485"/>
</kw>
<kw name="Should Match Regexp" owner="BuiltIn">
<arg>${json_data['results'][0]['registered']['date']}</arg>
<arg>\\d{4}-\\d{2}-\\d{2}T\\d{2}:\\d{2}:\\d{2}\\.\\d{3}Z</arg>
<doc>Fails if ``string`` does not match ``pattern`` as a regular expression.</doc>
<status status="PASS" start="2024-07-11T04:20:06.091828" elapsed="0.000369"/>
</kw>
<kw name="Should Match Regexp" owner="BuiltIn">
<arg>${json_data['results'][0]['picture']['large']}</arg>
<arg>^https?://.*\.(?:png|jpe?g|gif|bmp)$</arg>
<doc>Fails if ``string`` does not match ``pattern`` as a regular expression.</doc>
<status status="PASS" start="2024-07-11T04:20:06.092381" elapsed="0.000454"/>
</kw>
<kw name="Should Match Regexp" owner="BuiltIn">
<arg>${json_data['results'][0]['picture']['medium']}</arg>
<arg>^https?://.*\.(?:png|jpe?g|gif|bmp)$</arg>
<doc>Fails if ``string`` does not match ``pattern`` as a regular expression.</doc>
<status status="PASS" start="2024-07-11T04:20:06.093019" elapsed="0.000368"/>
</kw>
<kw name="Should Match Regexp" owner="BuiltIn">
<arg>${json_data['results'][0]['picture']['thumbnail']}</arg>
<arg>^https?://.*\.(?:png|jpe?g|gif|bmp)$</arg>
<doc>Fails if ``string`` does not match ``pattern`` as a regular expression.</doc>
<status status="PASS" start="2024-07-11T04:20:06.093571" elapsed="0.000361"/>
</kw>
<kw name="Log" owner="BuiltIn">
<msg time="2024-07-11T04:20:06.094448" level="INFO">{'large': 'https://randomuser.me/api/portraits/men/24.jpg', 'medium': 'https://randomuser.me/api/portraits/med/men/24.jpg', 'thumbnail': 'https://randomuser.me/api/portraits/thumb/men/24.jpg'}</msg>
<arg>${json_data['results'][0]['picture']}</arg>
<doc>Logs the given message with the given level.</doc>
<status status="PASS" start="2024-07-11T04:20:06.094119" elapsed="0.000372"/>
</kw>
<status status="PASS" start="2024-07-11T04:20:05.977449" elapsed="0.117301"/>
</kw>
<kw name="Teste de Tipos de Dados - Postcode" owner="random-user-service">
<kw name="GET On Session" owner="RequestsLibrary">
<msg time="2024-07-11T04:20:06.200399" level="INFO">GET Request : url=https://randomuser.me/api 
 path_url=/api 
 headers={'User-Agent': 'python-requests/2.32.3', 'Accept-Encoding': 'gzip, deflate', 'Accept': '*/*', 'Connection': 'keep-alive'} 
 body=None 
 </msg>
<msg time="2024-07-11T04:20:06.200491" level="INFO">GET Response : url=https://randomuser.me/api 
 status=200, reason=OK 
 headers={'Date': 'Thu, 11 Jul 2024 04:20:06 GMT', 'Content-Type': 'application/json; charset=utf-8', 'Transfer-Encoding': 'chunked', 'Connection': 'keep-alive', 'X-Powered-By': 'Express', 'Access-Control-Allow-Origin': '*', 'Cache-Control': 'no-cache', 'ETag': 'W/"47b-DkYgUzASgIfYM4nZf22m00q3NSU"', 'Vary': 'Accept-Encoding', 'Content-Encoding': 'gzip', 'CF-Cache-Status': 'DYNAMIC', 'Report-To': '{"endpoints":[{"url":"https:\\/\\/a.nel.cloudflare.com\\/report\\/v4?s=x%2BM%2FW8bZLYjsXxCLZpo1ShmnpMs8ABNIJ1aqDfz8dTxY%2B4G1fpjoJBgDcyAmeoiv6E6%2BJxSRElklDo5bLwox%2F5q0LepxWnTD9JWjRvksTKoPtMdnuMe9Kjkv90UhJSEV"}],"group":"cf-nel","max_age":604800}', 'NEL': '{"success_fraction":0,"report_to":"cf-nel","max_age":604800}', 'Server': 'cloudflare', 'CF-RAY': '8a15ffc21b69cfc4-SJC', 'alt-svc': 'h3=":443"; ma=86400'} 
 body={"results":[{"gender":"male","name":{"title":"Mr","first":"Ansh","last":"Bhoja"},"location":{"street":{"number":17,"name":"Rajpath"},"city":"Vellore","state":"Meghalaya","country":"India","postcode":96601,"coordinates":{"latitude":"7.2254","longitude":"-46.1865"},"timezone":{"offset":"+3:00","description":"Baghdad, Riyadh, Moscow, St. Petersburg"}},"email":"ansh.bhoja@example.com","login":{"uuid":"2380afaf-6bf5-4180-a338-0cc0dc8be863","username":"brownleopard112","password":"camel","salt":"AQ7ugHcj","md5":"584f2cf638dc4008c72082630202c883","sha1":"24a4cee1a01409093a542c9abe351d82dfdc2169","sha256":"2efa7848c8a167e94a73a0b3e1a5b873ddb0e96636f73c75e02b35d9f7c4c60e"},"dob":{"date":"1989-05-10T17:21:42.415Z","age":35},"registered":{"date":"2018-07-01T04:49:24.106Z","age":6},"phone":"9757953200","cell":"9117935933","id":{"name":"UIDAI","value":"933474001265"},"picture":{"large":"https://randomuser.me/api/portraits/men/4.jpg","medium":"https://randomuser.me/api/portraits/med/men/4.jpg","thumbnail":"https://randomuser.me/api/portraits/thumb/men/4.jpg"},"nat":"IN"}],"info":{"seed":"e599959bb77a30d5","results":1,"page":1,"version":"1.4"}} 
 </msg>
<msg time="2024-07-11T04:20:06.200557" level="INFO">/opt/hostedtoolcache/Python/3.12.4/x64/lib/python3.12/site-packages/urllib3/connectionpool.py:1099: InsecureRequestWarning: Unverified HTTPS request is being made to host 'randomuser.me'. Adding certificate verification is strongly advised. See: https://urllib3.readthedocs.io/en/latest/advanced-usage.html#tls-warnings
  warnings.warn(</msg>
<msg time="2024-07-11T04:20:06.200673" level="INFO">${response} = &lt;Response [200]&gt;</msg>
<var>${response}</var>
<arg>consultarAPI</arg>
<arg>/api</arg>
<doc>Sends a GET request on a previously created HTTP Session.</doc>
<status status="PASS" start="2024-07-11T04:20:06.095208" elapsed="0.105491"/>
</kw>
<kw name="Set Variable" owner="BuiltIn">
<msg time="2024-07-11T04:20:06.201767" level="INFO">${json_data} = {'results': [{'gender': 'male', 'name': {'title': 'Mr', 'first': 'Ansh', 'last': 'Bhoja'}, 'location': {'street': {'number': 17, 'name': 'Rajpath'}, 'city': 'Vellore', 'state': 'Meghalaya', 'country':...</msg>
<var>${json_data}</var>
<arg>${response.json()}</arg>
<doc>Returns the given values which can then be assigned to a variables.</doc>
<status status="PASS" start="2024-07-11T04:20:06.201242" elapsed="0.000554"/>
</kw>
<kw name="Log" owner="BuiltIn">
<msg time="2024-07-11T04:20:06.202253" level="INFO">{'results': [{'gender': 'male', 'name': {'title': 'Mr', 'first': 'Ansh', 'last': 'Bhoja'}, 'location': {'street': {'number': 17, 'name': 'Rajpath'}, 'city': 'Vellore', 'state': 'Meghalaya', 'country': 'India', 'postcode': 96601, 'coordinates': {'latitude': '7.2254', 'longitude': '-46.1865'}, 'timezone': {'offset': '+3:00', 'description': 'Baghdad, Riyadh, Moscow, St. Petersburg'}}, 'email': 'ansh.bhoja@example.com', 'login': {'uuid': '2380afaf-6bf5-4180-a338-0cc0dc8be863', 'username': 'brownleopard112', 'password': 'camel', 'salt': 'AQ7ugHcj', 'md5': '584f2cf638dc4008c72082630202c883', 'sha1': '24a4cee1a01409093a542c9abe351d82dfdc2169', 'sha256': '2efa7848c8a167e94a73a0b3e1a5b873ddb0e96636f73c75e02b35d9f7c4c60e'}, 'dob': {'date': '1989-05-10T17:21:42.415Z', 'age': 35}, 'registered': {'date': '2018-07-01T04:49:24.106Z', 'age': 6}, 'phone': '9757953200', 'cell': '9117935933', 'id': {'name': 'UIDAI', 'value': '933474001265'}, 'picture': {'large': 'https://randomuser.me/api/portraits/men/4.jpg', 'medium': 'https://randomuser.me/api/portraits/med/men/4.jpg', 'thumbnail': 'https://randomuser.me/api/portraits/thumb/men/4.jpg'}, 'nat': 'IN'}], 'info': {'seed': 'e599959bb77a30d5', 'results': 1, 'page': 1, 'version': '1.4'}}</msg>
<arg>${json_data}</arg>
<doc>Logs the given message with the given level.</doc>
<status status="PASS" start="2024-07-11T04:20:06.202100" elapsed="0.000201"/>
</kw>
<kw name="Should Be Equal As Numbers" owner="BuiltIn">
<arg>${json_data['results'][0]['location']['postcode']}</arg>
<arg>${json_data['results'][0]['location']['postcode']}</arg>
<doc>Fails if objects are unequal after converting them to real numbers.</doc>
<status status="PASS" start="2024-07-11T04:20:06.202590" elapsed="0.000630"/>
</kw>
<kw name="Log" owner="BuiltIn">
<msg time="2024-07-11T04:20:06.203750" level="INFO">96601</msg>
<arg>${json_data['results'][0]['location']['postcode']}</arg>
<doc>Logs the given message with the given level.</doc>
<status status="PASS" start="2024-07-11T04:20:06.203410" elapsed="0.000381"/>
</kw>
<status status="PASS" start="2024-07-11T04:20:06.094979" elapsed="0.109094"/>
</kw>
<doc>Testa se os tipos de dados na resposta da API estão corretos.</doc>
<tag>testeTiposDados</tag>
<status status="PASS" start="2024-07-11T04:20:05.976868" elapsed="0.227375"/>
</test>
<test id="s1-s1-t5" name="Validar conteudo" line="35">
<kw name="Teste de Tipos de Conteudo" owner="random-user-service">
<kw name="GET On Session" owner="RequestsLibrary">
<msg time="2024-07-11T04:20:06.331674" level="INFO">GET Request : url=https://randomuser.me/api 
 path_url=/api 
 headers={'User-Agent': 'python-requests/2.32.3', 'Accept-Encoding': 'gzip, deflate', 'Accept': '*/*', 'Connection': 'keep-alive'} 
 body=None 
 </msg>
<msg time="2024-07-11T04:20:06.331771" level="INFO">GET Response : url=https://randomuser.me/api 
 status=200, reason=OK 
 headers={'Date': 'Thu, 11 Jul 2024 04:20:06 GMT', 'Content-Type': 'application/json; charset=utf-8', 'Transfer-Encoding': 'chunked', 'Connection': 'keep-alive', 'X-Powered-By': 'Express', 'Access-Control-Allow-Origin': '*', 'Cache-Control': 'no-cache', 'ETag': 'W/"48d-9WCKaFnmtVqUDaaFfSuMuR7/hWE"', 'Vary': 'Accept-Encoding', 'Content-Encoding': 'gzip', 'CF-Cache-Status': 'DYNAMIC', 'Report-To': '{"endpoints":[{"url":"https:\\/\\/a.nel.cloudflare.com\\/report\\/v4?s=MtE%2BjG30NGAD4%2B%2BkKgSWGNPjQR1VaVAPWt8D0aVIyWMwVDIPlk%2BHDBm7Dz%2BQ47amqfSGAb2j1VmsofzfC3uB4urXicW%2BwJthW9LmM8oyFKKL0YfqdkJqTg2QRFuv9HqZ"}],"group":"cf-nel","max_age":604800}', 'NEL': '{"success_fraction":0,"report_to":"cf-nel","max_age":604800}', 'Server': 'cloudflare', 'CF-RAY': '8a15ffc2dbfdcfc4-SJC', 'alt-svc': 'h3=":443"; ma=86400'} 
 body={"results":[{"gender":"male","name":{"title":"Mr","first":"Hudan","last":"Hmara"},"location":{"street":{"number":9853,"name":"Aralskiy provulok"},"city":"Monastirishche","state":"Ivano-Frankivska","country":"Ukraine","postcode":13517,"coordinates":{"latitude":"78.2228","longitude":"-73.9132"},"timezone":{"offset":"-3:00","description":"Brazil, Buenos Aires, Georgetown"}},"email":"hudan.hmara@example.com","login":{"uuid":"ee5f0950-fa02-4f82-ac08-cbf44df19036","username":"angrylion795","password":"savior","salt":"9Nak0Ij5","md5":"bc81d8506114a72c2d6c46ef7cbe750f","sha1":"26f7e1eb2253ee8731fa73f00678bea23708249f","sha256":"c36b6d3abf67adccf667008729628dd1dc341907915c141d221cd221b2624c08"},"dob":{"date":"1983-09-16T15:52:51.032Z","age":40},"registered":{"date":"2021-03-23T13:56:25.714Z","age":3},"phone":"(068) W91-5024","cell":"(097) V85-6363","id":{"name":"","value":null},"picture":{"large":"https://randomuser.me/api/portraits/men/30.jpg","medium":"https://randomuser.me/api/portraits/med/men/30.jpg","thumbnail":"https://randomuser.me/api/portraits/thumb/men/30.jpg"},"nat":"UA"}],"info":{"seed":"a0f7de67f303cf98","results":1,"page":1,"version":"1.4"}} 
 </msg>
<msg time="2024-07-11T04:20:06.331857" level="INFO">/opt/hostedtoolcache/Python/3.12.4/x64/lib/python3.12/site-packages/urllib3/connectionpool.py:1099: InsecureRequestWarning: Unverified HTTPS request is being made to host 'randomuser.me'. Adding certificate verification is strongly advised. See: https://urllib3.readthedocs.io/en/latest/advanced-usage.html#tls-warnings
  warnings.warn(</msg>
<msg time="2024-07-11T04:20:06.331973" level="INFO">${response} = &lt;Response [200]&gt;</msg>
<var>${response}</var>
<arg>consultarAPI</arg>
<arg>/api</arg>
<doc>Sends a GET request on a previously created HTTP Session.</doc>
<status status="PASS" start="2024-07-11T04:20:06.206943" elapsed="0.125070"/>
</kw>
<kw name="Set Variable" owner="BuiltIn">
<msg time="2024-07-11T04:20:06.333026" level="INFO">${json_data} = {'results': [{'gender': 'male', 'name': {'title': 'Mr', 'first': 'Hudan', 'last': 'Hmara'}, 'location': {'street': {'number': 9853, 'name': 'Aralskiy provulok'}, 'city': 'Monastirishche', 'state': 'Iv...</msg>
<var>${json_data}</var>
<arg>${response.json()}</arg>
<doc>Returns the given values which can then be assigned to a variables.</doc>
<status status="PASS" start="2024-07-11T04:20:06.332528" elapsed="0.000527"/>
</kw>
<kw name="Set Variable" owner="BuiltIn">
<msg time="2024-07-11T04:20:06.333773" level="INFO">${name_title} = Mr</msg>
<var>${name_title}</var>
<arg>${json_data["results"][0]["name"]["title"]}</arg>
<doc>Returns the given values which can then be assigned to a variables.</doc>
<status status="PASS" start="2024-07-11T04:20:06.333386" elapsed="0.000413"/>
</kw>
<kw name="Create List" owner="BuiltIn">
<msg time="2024-07-11T04:20:06.334237" level="INFO">${allowed_titles} = ['Mr', 'Ms', 'Miss', 'Mrs', 'Madame', 'Monsieur']</msg>
<var>${allowed_titles}</var>
<arg>Mr</arg>
<arg>Ms</arg>
<arg>Miss</arg>
<arg>Mrs</arg>
<arg>Madame</arg>
<arg>Monsieur</arg>
<doc>Returns a list containing given items.</doc>
<status status="PASS" start="2024-07-11T04:20:06.334089" elapsed="0.000172"/>
</kw>
<kw name="List Should Contain Value" owner="Collections">
<arg>${allowed_titles}</arg>
<arg>${name_title}</arg>
<doc>Fails if the ``value`` is not found from ``list``.</doc>
<status status="PASS" start="2024-07-11T04:20:06.334553" elapsed="0.000178"/>
</kw>
<kw name="Set Variable" owner="BuiltIn">
<msg time="2024-07-11T04:20:06.335271" level="INFO">${name_country} = UA</msg>
<var>${name_country}</var>
<arg>${json_data["results"][0]["nat"]}</arg>
<doc>Returns the given values which can then be assigned to a variables.</doc>
<status status="PASS" start="2024-07-11T04:20:06.334908" elapsed="0.000387"/>
</kw>
<kw name="Create List" owner="BuiltIn">
<msg time="2024-07-11T04:20:06.336175" level="INFO">${list_country} = ['AD', 'AE', 'AF', 'AG', 'AI', 'AL', 'AM', 'AO', 'AQ', 'AR', 'AS', 'AT', 'AU', 'AW', 'AX', 'AZ', 'BA', 'BB', 'BD', 'BE', 'BF', 'BG', 'BH', 'BI', 'BJ', 'BL', 'BM', 'BN', 'BO', 'BQ', 'BR', 'BS', 'BT', '...</msg>
<var>${list_country}</var>
<arg>AD</arg>
<arg>AE</arg>
<arg>AF</arg>
<arg>AG</arg>
<arg>AI</arg>
<arg>AL</arg>
<arg>AM</arg>
<arg>AO</arg>
<arg>AQ</arg>
<arg>AR</arg>
<arg>AS</arg>
<arg>AT</arg>
<arg>AU</arg>
<arg>AW</arg>
<arg>AX</arg>
<arg>AZ</arg>
<arg>BA</arg>
<arg>BB</arg>
<arg>BD</arg>
<arg>BE</arg>
<arg>BF</arg>
<arg>BG</arg>
<arg>BH</arg>
<arg>BI</arg>
<arg>BJ</arg>
<arg>BL</arg>
<arg>BM</arg>
<arg>BN</arg>
<arg>BO</arg>
<arg>BQ</arg>
<arg>BR</arg>
<arg>BS</arg>
<arg>BT</arg>
<arg>BV</arg>
<arg>BW</arg>
<arg>BY</arg>
<arg>BZ</arg>
<arg>CA</arg>
<arg>CC</arg>
<arg>CD</arg>
<arg>CF</arg>
<arg>CG</arg>
<arg>CH</arg>
<arg>CI</arg>
<arg>CK</arg>
<arg>CL</arg>
<arg>CM</arg>
<arg>CN</arg>
<arg>CO</arg>
<arg>CR</arg>
<arg>CU</arg>
<arg>CV</arg>
<arg>CW</arg>
<arg>CX</arg>
<arg>CY</arg>
<arg>CZ</arg>
<arg>DE</arg>
<arg>DJ</arg>
<arg>DK</arg>
<arg>DM</arg>
<arg>DO</arg>
<arg>DZ</arg>
<arg>EC</arg>
<arg>EE</arg>
<arg>EG</arg>
<arg>EH</arg>
<arg>ER</arg>
<arg>ES</arg>
<arg>ET</arg>
<arg>FI</arg>
<arg>FJ</arg>
<arg>FK</arg>
<arg>FM</arg>
<arg>FO</arg>
<arg>FR</arg>
<arg>GA</arg>
<arg>GB</arg>
<arg>GD</arg>
<arg>GE</arg>
<arg>GF</arg>
<arg>GG</arg>
<arg>GH</arg>
<arg>GI</arg>
<arg>GL</arg>
<arg>GM</arg>
<arg>GN</arg>
<arg>GP</arg>
<arg>GQ</arg>
<arg>GR</arg>
<arg>GS</arg>
<arg>GT</arg>
<arg>GU</arg>
<arg>GW</arg>
<arg>GY</arg>
<arg>HK</arg>
<arg>HM</arg>
<arg>HN</arg>
<arg>HR</arg>
<arg>HT</arg>
<arg>HU</arg>
<arg>ID</arg>
<arg>IE</arg>
<arg>IL</arg>
<arg>IM</arg>
<arg>IN</arg>
<arg>IO</arg>
<arg>IQ</arg>
<arg>IR</arg>
<arg>IS</arg>
<arg>IT</arg>
<arg>JE</arg>
<arg>JM</arg>
<arg>JO</arg>
<arg>JP</arg>
<arg>KE</arg>
<arg>KG</arg>
<arg>KH</arg>
<arg>KI</arg>
<arg>KM</arg>
<arg>KN</arg>
<arg>KP</arg>
<arg>KR</arg>
<arg>KW</arg>
<arg>KY</arg>
<arg>KZ</arg>
<arg>LA</arg>
<arg>LB</arg>
<arg>LC</arg>
<arg>LI</arg>
<arg>LK</arg>
<arg>LR</arg>
<arg>LS</arg>
<arg>LT</arg>
<arg>LU</arg>
<arg>LV</arg>
<arg>LY</arg>
<arg>MA</arg>
<arg>MC</arg>
<arg>MD</arg>
<arg>ME</arg>
<arg>MF</arg>
<arg>MG</arg>
<arg>MH</arg>
<arg>MK</arg>
<arg>ML</arg>
<arg>MM</arg>
<arg>MN</arg>
<arg>MO</arg>
<arg>MP</arg>
<arg>MQ</arg>
<arg>MR</arg>
<arg>MS</arg>
<arg>MT</arg>
<arg>MU</arg>
<arg>MV</arg>
<arg>MW</arg>
<arg>MX</arg>
<arg>MY</arg>
<arg>MZ</arg>
<arg>NA</arg>
<arg>NC</arg>
<arg>NE</arg>
<arg>NF</arg>
<arg>NG</arg>
<arg>NI</arg>
<arg>NL</arg>
<arg>NO</arg>
<arg>NP</arg>
<arg>NR</arg>
<arg>NU</arg>
<arg>NZ</arg>
<arg>OM</arg>
<arg>PA</arg>
<arg>PE</arg>
<arg>PF</arg>
<arg>PG</arg>
<arg>PH</arg>
<arg>PK</arg>
<arg>PL</arg>
<arg>PM</arg>
<arg>PN</arg>
<arg>PR</arg>
<arg>PS</arg>
<arg>PT</arg>
<arg>PW</arg>
<arg>PY</arg>
<arg>QA</arg>
<arg>RE</arg>
<arg>RO</arg>
<arg>RS</arg>
<arg>RU</arg>
<arg>RW</arg>
<arg>SA</arg>
<arg>SB</arg>
<arg>SC</arg>
<arg>SD</arg>
<arg>SE</arg>
<arg>SG</arg>
<arg>SH</arg>
<arg>SI</arg>
<arg>SJ</arg>
<arg>SK</arg>
<arg>SL</arg>
<arg>SM</arg>
<arg>SN</arg>
<arg>SO</arg>
<arg>SR</arg>
<arg>SS</arg>
<arg>ST</arg>
<arg>SV</arg>
<arg>SX</arg>
<arg>SY</arg>
<arg>SZ</arg>
<arg>TC</arg>
<arg>TD</arg>
<arg>TF</arg>
<arg>TG</arg>
<arg>TH</arg>
<arg>TJ</arg>
<arg>TK</arg>
<arg>TL</arg>
<arg>TM</arg>
<arg>TN</arg>
<arg>TO</arg>
<arg>TR</arg>
<arg>TT</arg>
<arg>TV</arg>
<arg>TW</arg>
<arg>TZ</arg>
<arg>UA</arg>
<arg>UG</arg>
<arg>UM</arg>
<arg>US</arg>
<arg>UY</arg>
<arg>UZ</arg>
<arg>VA</arg>
<arg>VC</arg>
<arg>VE</arg>
<arg>VG</arg>
<arg>VI</arg>
<arg>VN</arg>
<arg>VU</arg>
<arg>WF</arg>
<arg>WS</arg>
<arg>XK</arg>
<arg>YE</arg>
<arg>YT</arg>
<arg>ZA</arg>
<arg>ZM</arg>
<arg>ZW</arg>
<doc>Returns a list containing given items.</doc>
<status status="PASS" start="2024-07-11T04:20:06.335587" elapsed="0.000613"/>
</kw>
<kw name="List Should Contain Value" owner="Collections">
<arg>${list_country}</arg>
<arg>${name_country}</arg>
<doc>Fails if the ``value`` is not found from ``list``.</doc>
<status status="PASS" start="2024-07-11T04:20:06.336993" elapsed="0.000206"/>
</kw>
<kw name="Run Keyword If" owner="BuiltIn">
<kw name="Should Be True" owner="BuiltIn">
<arg>${True}</arg>
<doc>Fails if the given condition is not true.</doc>
<status status="PASS" start="2024-07-11T04:20:06.338158" elapsed="0.000140"/>
</kw>
<arg>${json_data["results"][0]["location"]["coordinates"]["latitude"]} &gt;= -90 and ${json_data["results"][0]["location"]["coordinates"]["latitude"]} &lt;= 90</arg>
<arg>Should Be True</arg>
<arg>${True}</arg>
<doc>Runs the given keyword with the given arguments, if ``condition`` is true.</doc>
<status status="PASS" start="2024-07-11T04:20:06.337415" elapsed="0.001011"/>
</kw>
<kw name="Run Keyword If" owner="BuiltIn">
<kw name="Should Be True" owner="BuiltIn">
<arg>${True}</arg>
<doc>Fails if the given condition is not true.</doc>
<status status="PASS" start="2024-07-11T04:20:06.339294" elapsed="0.000137"/>
</kw>
<arg>${json_data["results"][0]["location"]["coordinates"]["longitude"]} &gt;= -180 and ${json_data["results"][0]["location"]["coordinates"]["longitude"]} &lt;= 180</arg>
<arg>Should Be True</arg>
<arg>${True}</arg>
<doc>Runs the given keyword with the given arguments, if ``condition`` is true.</doc>
<status status="PASS" start="2024-07-11T04:20:06.338608" elapsed="0.000947"/>
</kw>
<status status="PASS" start="2024-07-11T04:20:06.206564" elapsed="0.133123"/>
</kw>
<doc>Testa o conteúdo específico dos campos retornados pela API.</doc>
<tag>testeConteudo</tag>
<status status="PASS" start="2024-07-11T04:20:06.206029" elapsed="0.133812"/>
</test>
<status status="PASS" start="2024-07-11T04:20:05.335948" elapsed="1.005836"/>
</suite>
<status status="PASS" start="2024-07-11T04:20:05.321297" elapsed="1.025641"/>
</suite>
<statistics>
<total>
<stat pass="5" fail="0" skip="0">All Tests</stat>
</total>
<tag>
<stat pass="1" fail="0" skip="0">testeConteudo</stat>
<stat pass="1" fail="0" skip="0">testeEstruturaResposta</stat>
<stat pass="1" fail="0" skip="0">testeRequisicaoBasica</stat>
<stat pass="1" fail="0" skip="0">testeTiposDados</stat>
</tag>
<suite>
<stat pass="5" fail="0" skip="0" id="s1" name="Tests">Tests</stat>
<stat pass="5" fail="0" skip="0" id="s1-s1" name="Random-User-Test">Tests.Random-User-Test</stat>
</suite>
</statistics>
<errors>
</errors>
</robot>
