<?xml version="1.0" encoding="UTF-8"?>
<robot generator="Robot 7.0 (Python 3.12.3 on linux)" generated="2024-05-20T20:15:00.175821" rpa="false" schemaversion="5">
<suite id="s1" name="Tests" source="/home/runner/work/DesafioQAItauRogerioJordao/DesafioQAItauRogerioJordao/RamdonUser/tests">
<suite id="s1-s1" name="Random-User-Test" source="/home/runner/work/DesafioQAItauRogerioJordao/DesafioQAItauRogerioJordao/RamdonUser/tests/random-user-test.robot">
<test id="s1-s1-t1" name="Conectar" line="13">
<kw name="Conectar API" owner="random-user-service">
<kw name="Create Session" owner="RequestsLibrary">
<msg time="2024-05-20T20:15:00.583945" level="INFO">Creating Session using : alias=consultarAPI, url=https://randomuser.me/, headers={},                     cookies={}, auth=None, timeout=None, proxies=None, verify=False,                     debug=0 </msg>
<arg>consultarAPI</arg>
<arg>${URL}</arg>
<doc>Create Session: create a HTTP session to a server</doc>
<status status="PASS" start="2024-05-20T20:15:00.583741" elapsed="0.000386"/>
</kw>
<status status="PASS" start="2024-05-20T20:15:00.582636" elapsed="0.001861"/>
</kw>
<status status="PASS" start="2024-05-20T20:15:00.582080" elapsed="0.002612"/>
</test>
<test id="s1-s1-t2" name="Validar retorno 200 e JSON Válido" line="16">
<kw name="Teste de Requisicao Basica" owner="random-user-service">
<kw name="GET On Session" owner="RequestsLibrary">
<msg time="2024-05-20T20:15:01.610901" level="INFO">GET Request : url=https://randomuser.me/api 
 path_url=/api 
 headers={'User-Agent': 'python-requests/2.32.0', 'Accept-Encoding': 'gzip, deflate', 'Accept': '*/*', 'Connection': 'keep-alive'} 
 body=None 
 </msg>
<msg time="2024-05-20T20:15:01.611080" level="INFO">GET Response : url=https://randomuser.me/api 
 status=200, reason=OK 
 headers={'Date': 'Mon, 20 May 2024 20:15:01 GMT', 'Content-Type': 'application/json; charset=utf-8', 'Transfer-Encoding': 'chunked', 'Connection': 'keep-alive', 'X-Powered-By': 'Express', 'Access-Control-Allow-Origin': '*', 'Cache-Control': 'no-cache', 'ETag': 'W/"4b6-X66WZerG+SRvHedxGtsU1jNJ+2E"', 'Vary': 'Accept-Encoding', 'Content-Encoding': 'gzip', 'CF-Cache-Status': 'DYNAMIC', 'Report-To': '{"endpoints":[{"url":"https:\\/\\/a.nel.cloudflare.com\\/report\\/v4?s=2SQCMgdZxsRGTke5e8U%2F45S6VwHttsBEuNx08t89yYRfcqPqDoF%2FLJuZOi9DuAuRiGtDRxfqoftGZ4Wbq4b%2B%2FTtV0uX4pGDUcsiMcZL6OyDXOPEiCmW%2B3Lj1noHCQoht"}],"group":"cf-nel","max_age":604800}', 'NEL': '{"success_fraction":0,"report_to":"cf-nel","max_age":604800}', 'Server': 'cloudflare', 'CF-RAY': '886eff0dacdc3920-IAD', 'alt-svc': 'h3=":443"; ma=86400'} 
 body={"results":[{"gender":"male","name":{"title":"Mr","first":"مانی","last":"محمدخان"},"location":{"street":{"number":6265,"name":"میدان ولیعصر (عج)"},"city":"گرگان","state":"کهگیلویه و بویراحمد","country":"Iran","postcode":90428,"coordinates":{"latitude":"15.2167","longitude":"-176.6168"},"timezone":{"offset":"+1:00","description":"Brussels, Copenhagen, Madrid, Paris"}},"email":"mny.mhmdkhn@example.com","login":{"uuid":"b97acfde-fde8-44ac-a4a2-334795a5f41f","username":"purpledog322","password":"deborah","salt":"924FsOY6","md5":"b0bfac11b01a7e130a0ef11b53fad26f","sha1":"19ebcaca0562417b578e1d0a87b1c33132ffb464","sha256":"6e41527a62b118126d09c74efb1d234899a7edaab04131c331c690a628b27f2c"},"dob":{"date":"1956-01-20T03:30:26.914Z","age":68},"registered":{"date":"2007-05-13T05:26:03.332Z","age":17},"phone":"063-63920916","cell":"0959-177-4526","id":{"name":"","value":null},"picture":{"large":"https://randomuser.me/api/portraits/men/45.jpg","medium":"https://randomuser.me/api/portraits/med/men/45.jpg","thumbnail":"https://randomuser.me/api/portraits/thumb/men/45.jpg"},"nat":"IR"}],"info":{"seed":"3c980c0b36eaba0c","results":1,"page":1,"version":"1.4"}} 
 </msg>
<msg time="2024-05-20T20:15:01.611171" level="INFO">/opt/hostedtoolcache/Python/3.12.3/x64/lib/python3.12/site-packages/urllib3/connectionpool.py:1103: InsecureRequestWarning: Unverified HTTPS request is being made to host 'randomuser.me'. Adding certificate verification is strongly advised. See: https://urllib3.readthedocs.io/en/latest/advanced-usage.html#tls-warnings
  warnings.warn(</msg>
<msg time="2024-05-20T20:15:01.611327" level="INFO">${response} = &lt;Response [200]&gt;</msg>
<var>${response}</var>
<arg>consultarAPI</arg>
<arg>/api</arg>
<doc>Sends a GET request on a previously created HTTP Session.</doc>
<status status="PASS" start="2024-05-20T20:15:00.587324" elapsed="1.024045"/>
</kw>
<kw name="Should Be Equal As Numbers" owner="BuiltIn">
<msg time="2024-05-20T20:15:01.612450" level="INFO">Argument types are:
&lt;class 'int'&gt;
&lt;class 'str'&gt;</msg>
<arg>${response.status_code}</arg>
<arg>200</arg>
<doc>Fails if objects are unequal after converting them to real numbers.</doc>
<status status="PASS" start="2024-05-20T20:15:01.611971" elapsed="0.000545"/>
</kw>
<kw name="Log" owner="BuiltIn">
<msg time="2024-05-20T20:15:01.613178" level="INFO">200</msg>
<arg>${response.status_code}</arg>
<doc>Logs the given message with the given level.</doc>
<status status="PASS" start="2024-05-20T20:15:01.612833" elapsed="0.000392"/>
</kw>
<kw name="Set Variable" owner="BuiltIn">
<msg time="2024-05-20T20:15:01.613982" level="INFO">${json_data} = {'results': [{'gender': 'male', 'name': {'title': 'Mr', 'first': 'مانی', 'last': 'محمدخان'}, 'location': {'street': {'number': 6265, 'name': 'میدان ولیعصر (عج)'}, 'city': 'گرگان', 'state': 'کهگیلویه و...</msg>
<var>${json_data}</var>
<arg>${response.json()}</arg>
<doc>Returns the given values which can then be assigned to a variables.</doc>
<status status="PASS" start="2024-05-20T20:15:01.613535" elapsed="0.000477"/>
</kw>
<kw name="Dictionary Should Contain Key" owner="Collections">
<msg time="2024-05-20T20:15:01.614541" level="INFO">False</msg>
<arg>${json_data}</arg>
<arg>results</arg>
<doc>Fails if ``key`` is not found from ``dictionary``.</doc>
<status status="PASS" start="2024-05-20T20:15:01.614370" elapsed="0.000211"/>
</kw>
<status status="PASS" start="2024-05-20T20:15:00.587079" elapsed="1.027763"/>
</kw>
<doc>Testa se a API responde corretamente e retorna um objeto JSON válido.</doc>
<tag>testeRequisicaoBasica</tag>
<status status="PASS" start="2024-05-20T20:15:00.586620" elapsed="1.028409"/>
</test>
<test id="s1-s1-t3" name="Validar estrutura de resposta" line="22">
<kw name="Teste de Estrutura de Resposta" owner="random-user-service">
<kw name="GET On Session" owner="RequestsLibrary">
<msg time="2024-05-20T20:15:02.835641" level="INFO">GET Request : url=https://randomuser.me/api 
 path_url=/api 
 headers={'User-Agent': 'python-requests/2.32.0', 'Accept-Encoding': 'gzip, deflate', 'Accept': '*/*', 'Connection': 'keep-alive'} 
 body=None 
 </msg>
<msg time="2024-05-20T20:15:02.835748" level="INFO">GET Response : url=https://randomuser.me/api 
 status=200, reason=OK 
 headers={'Date': 'Mon, 20 May 2024 20:15:02 GMT', 'Content-Type': 'application/json; charset=utf-8', 'Transfer-Encoding': 'chunked', 'Connection': 'keep-alive', 'X-Powered-By': 'Express', 'Access-Control-Allow-Origin': '*', 'Cache-Control': 'no-cache', 'ETag': 'W/"490-kIaGCoJeMkPwY80nf9xzcMXd3Co"', 'Vary': 'Accept-Encoding', 'Content-Encoding': 'gzip', 'CF-Cache-Status': 'DYNAMIC', 'Report-To': '{"endpoints":[{"url":"https:\\/\\/a.nel.cloudflare.com\\/report\\/v4?s=uN9Ho%2BVpMTO%2FfD6i7jW4LnnGeWXR8Quln3CmInwx8Vv1QmOtuYXZ5JX9cDLz0N1UZGA1zKTMEH4kdrApIXx6MVPNta9E75VGCgDGqc%2F5TQ%2FLd5IHagitSXzmJE2iIHSj"}],"group":"cf-nel","max_age":604800}', 'NEL': '{"success_fraction":0,"report_to":"cf-nel","max_age":604800}', 'Server': 'cloudflare', 'CF-RAY': '886eff131bbc3920-IAD', 'alt-svc': 'h3=":443"; ma=86400'} 
 body={"results":[{"gender":"female","name":{"title":"Ms","first":"Rose","last":"Curtis"},"location":{"street":{"number":2208,"name":"Manchester Road"},"city":"Wolverhampton","state":"Norfolk","country":"United Kingdom","postcode":"XW17 1TB","coordinates":{"latitude":"-7.5370","longitude":"78.2593"},"timezone":{"offset":"+5:45","description":"Kathmandu"}},"email":"rose.curtis@example.com","login":{"uuid":"c3bb36fa-f5e2-4c6a-9f6f-c0f3c8f8b13a","username":"yellowrabbit120","password":"heaven","salt":"t4jWANL7","md5":"03117fdeb46240912903f1efca9b8047","sha1":"13d179930f23c7964f91655c2f8d8f8af6398835","sha256":"fff9c4bf9eaf55bf1173c6dd7d0d2cbad86ab3b338ad9c3a33ddb3268965182e"},"dob":{"date":"1998-06-25T19:18:02.040Z","age":25},"registered":{"date":"2006-02-26T18:33:37.974Z","age":18},"phone":"0111619 502 0881","cell":"07080 436636","id":{"name":"NINO","value":"SA 73 93 29 G"},"picture":{"large":"https://randomuser.me/api/portraits/women/75.jpg","medium":"https://randomuser.me/api/portraits/med/women/75.jpg","thumbnail":"https://randomuser.me/api/portraits/thumb/women/75.jpg"},"nat":"GB"}],"info":{"seed":"bf1bc56d63324593","results":1,"page":1,"version":"1.4"}} 
 </msg>
<msg time="2024-05-20T20:15:02.835885" level="INFO">/opt/hostedtoolcache/Python/3.12.3/x64/lib/python3.12/site-packages/urllib3/connectionpool.py:1103: InsecureRequestWarning: Unverified HTTPS request is being made to host 'randomuser.me'. Adding certificate verification is strongly advised. See: https://urllib3.readthedocs.io/en/latest/advanced-usage.html#tls-warnings
  warnings.warn(</msg>
<msg time="2024-05-20T20:15:02.836013" level="INFO">${response} = &lt;Response [200]&gt;</msg>
<var>${response}</var>
<arg>consultarAPI</arg>
<arg>/api</arg>
<doc>Sends a GET request on a previously created HTTP Session.</doc>
<status status="PASS" start="2024-05-20T20:15:01.617661" elapsed="1.218393"/>
</kw>
<kw name="Set Variable" owner="BuiltIn">
<msg time="2024-05-20T20:15:02.837091" level="INFO">${json_data} = {'results': [{'gender': 'female', 'name': {'title': 'Ms', 'first': 'Rose', 'last': 'Curtis'}, 'location': {'street': {'number': 2208, 'name': 'Manchester Road'}, 'city': 'Wolverhampton', 'state': 'Nor...</msg>
<var>${json_data}</var>
<arg>${response.json()}</arg>
<doc>Returns the given values which can then be assigned to a variables.</doc>
<status status="PASS" start="2024-05-20T20:15:02.836566" elapsed="0.000553"/>
</kw>
<kw name="Log" owner="BuiltIn">
<msg time="2024-05-20T20:15:02.837594" level="INFO">{'results': [{'gender': 'female', 'name': {'title': 'Ms', 'first': 'Rose', 'last': 'Curtis'}, 'location': {'street': {'number': 2208, 'name': 'Manchester Road'}, 'city': 'Wolverhampton', 'state': 'Norfolk', 'country': 'United Kingdom', 'postcode': 'XW17 1TB', 'coordinates': {'latitude': '-7.5370', 'longitude': '78.2593'}, 'timezone': {'offset': '+5:45', 'description': 'Kathmandu'}}, 'email': 'rose.curtis@example.com', 'login': {'uuid': 'c3bb36fa-f5e2-4c6a-9f6f-c0f3c8f8b13a', 'username': 'yellowrabbit120', 'password': 'heaven', 'salt': 't4jWANL7', 'md5': '03117fdeb46240912903f1efca9b8047', 'sha1': '13d179930f23c7964f91655c2f8d8f8af6398835', 'sha256': 'fff9c4bf9eaf55bf1173c6dd7d0d2cbad86ab3b338ad9c3a33ddb3268965182e'}, 'dob': {'date': '1998-06-25T19:18:02.040Z', 'age': 25}, 'registered': {'date': '2006-02-26T18:33:37.974Z', 'age': 18}, 'phone': '0111619 502 0881', 'cell': '07080 436636', 'id': {'name': 'NINO', 'value': 'SA 73 93 29 G'}, 'picture': {'large': 'https://randomuser.me/api/portraits/women/75.jpg', 'medium': 'https://randomuser.me/api/portraits/med/women/75.jpg', 'thumbnail': 'https://randomuser.me/api/portraits/thumb/women/75.jpg'}, 'nat': 'GB'}], 'info': {'seed': 'bf1bc56d63324593', 'results': 1, 'page': 1, 'version': '1.4'}}</msg>
<arg>${json_data}</arg>
<doc>Logs the given message with the given level.</doc>
<status status="PASS" start="2024-05-20T20:15:02.837435" elapsed="0.000213"/>
</kw>
<kw name="Dictionary Should Contain Key" owner="Collections">
<msg time="2024-05-20T20:15:02.838158" level="INFO">False</msg>
<arg>${json_data}</arg>
<arg>results</arg>
<doc>Fails if ``key`` is not found from ``dictionary``.</doc>
<status status="PASS" start="2024-05-20T20:15:02.837943" elapsed="0.000255"/>
</kw>
<kw name="Should Not Be Empty" owner="BuiltIn">
<msg time="2024-05-20T20:15:02.838643" level="INFO">Length is 2.</msg>
<arg>${json_data}</arg>
<doc>Verifies that the given item is not empty.</doc>
<status status="PASS" start="2024-05-20T20:15:02.838509" elapsed="0.000172"/>
</kw>
<kw name="Create List" owner="BuiltIn">
<msg time="2024-05-20T20:15:02.839316" level="INFO">${expected_keys} = ['gender', 'name', 'location', 'email', 'login']</msg>
<var>${expected_keys}</var>
<arg>gender</arg>
<arg>name</arg>
<arg>location</arg>
<arg>email</arg>
<arg>login</arg>
<doc>Returns a list containing given items.</doc>
<status status="PASS" start="2024-05-20T20:15:02.838984" elapsed="0.000357"/>
</kw>
<for flavor="IN">
<iter>
<kw name="Dictionary Should Contain Key" owner="Collections">
<msg time="2024-05-20T20:15:02.840344" level="INFO">False</msg>
<arg>${json_data['results'][0]}</arg>
<arg>${key}</arg>
<doc>Fails if ``key`` is not found from ``dictionary``.</doc>
<status status="PASS" start="2024-05-20T20:15:02.839944" elapsed="0.000438"/>
</kw>
<kw name="Log" owner="BuiltIn">
<msg time="2024-05-20T20:15:02.841052" level="INFO">{'gender': 'female', 'name': {'title': 'Ms', 'first': 'Rose', 'last': 'Curtis'}, 'location': {'street': {'number': 2208, 'name': 'Manchester Road'}, 'city': 'Wolverhampton', 'state': 'Norfolk', 'country': 'United Kingdom', 'postcode': 'XW17 1TB', 'coordinates': {'latitude': '-7.5370', 'longitude': '78.2593'}, 'timezone': {'offset': '+5:45', 'description': 'Kathmandu'}}, 'email': 'rose.curtis@example.com', 'login': {'uuid': 'c3bb36fa-f5e2-4c6a-9f6f-c0f3c8f8b13a', 'username': 'yellowrabbit120', 'password': 'heaven', 'salt': 't4jWANL7', 'md5': '03117fdeb46240912903f1efca9b8047', 'sha1': '13d179930f23c7964f91655c2f8d8f8af6398835', 'sha256': 'fff9c4bf9eaf55bf1173c6dd7d0d2cbad86ab3b338ad9c3a33ddb3268965182e'}, 'dob': {'date': '1998-06-25T19:18:02.040Z', 'age': 25}, 'registered': {'date': '2006-02-26T18:33:37.974Z', 'age': 18}, 'phone': '0111619 502 0881', 'cell': '07080 436636', 'id': {'name': 'NINO', 'value': 'SA 73 93 29 G'}, 'picture': {'large': 'https://randomuser.me/api/portraits/women/75.jpg', 'medium': 'https://randomuser.me/api/portraits/med/women/75.jpg', 'thumbnail': 'https://randomuser.me/api/portraits/thumb/women/75.jpg'}, 'nat': 'GB'}</msg>
<arg>${json_data['results'][0]}</arg>
<doc>Logs the given message with the given level.</doc>
<status status="PASS" start="2024-05-20T20:15:02.840682" elapsed="0.000419"/>
</kw>
<kw name="Log" owner="BuiltIn">
<msg time="2024-05-20T20:15:02.841522" level="INFO">gender</msg>
<arg>${key}</arg>
<doc>Logs the given message with the given level.</doc>
<status status="PASS" start="2024-05-20T20:15:02.841395" elapsed="0.000164"/>
</kw>
<var name="${key}">gender</var>
<status status="PASS" start="2024-05-20T20:15:02.839818" elapsed="0.001954"/>
</iter>
<iter>
<kw name="Dictionary Should Contain Key" owner="Collections">
<msg time="2024-05-20T20:15:02.842478" level="INFO">False</msg>
<arg>${json_data['results'][0]}</arg>
<arg>${key}</arg>
<doc>Fails if ``key`` is not found from ``dictionary``.</doc>
<status status="PASS" start="2024-05-20T20:15:02.842090" elapsed="0.000425"/>
</kw>
<kw name="Log" owner="BuiltIn">
<msg time="2024-05-20T20:15:02.843197" level="INFO">{'gender': 'female', 'name': {'title': 'Ms', 'first': 'Rose', 'last': 'Curtis'}, 'location': {'street': {'number': 2208, 'name': 'Manchester Road'}, 'city': 'Wolverhampton', 'state': 'Norfolk', 'country': 'United Kingdom', 'postcode': 'XW17 1TB', 'coordinates': {'latitude': '-7.5370', 'longitude': '78.2593'}, 'timezone': {'offset': '+5:45', 'description': 'Kathmandu'}}, 'email': 'rose.curtis@example.com', 'login': {'uuid': 'c3bb36fa-f5e2-4c6a-9f6f-c0f3c8f8b13a', 'username': 'yellowrabbit120', 'password': 'heaven', 'salt': 't4jWANL7', 'md5': '03117fdeb46240912903f1efca9b8047', 'sha1': '13d179930f23c7964f91655c2f8d8f8af6398835', 'sha256': 'fff9c4bf9eaf55bf1173c6dd7d0d2cbad86ab3b338ad9c3a33ddb3268965182e'}, 'dob': {'date': '1998-06-25T19:18:02.040Z', 'age': 25}, 'registered': {'date': '2006-02-26T18:33:37.974Z', 'age': 18}, 'phone': '0111619 502 0881', 'cell': '07080 436636', 'id': {'name': 'NINO', 'value': 'SA 73 93 29 G'}, 'picture': {'large': 'https://randomuser.me/api/portraits/women/75.jpg', 'medium': 'https://randomuser.me/api/portraits/med/women/75.jpg', 'thumbnail': 'https://randomuser.me/api/portraits/thumb/women/75.jpg'}, 'nat': 'GB'}</msg>
<arg>${json_data['results'][0]}</arg>
<doc>Logs the given message with the given level.</doc>
<status status="PASS" start="2024-05-20T20:15:02.842839" elapsed="0.000416"/>
</kw>
<kw name="Log" owner="BuiltIn">
<msg time="2024-05-20T20:15:02.843686" level="INFO">name</msg>
<arg>${key}</arg>
<doc>Logs the given message with the given level.</doc>
<status status="PASS" start="2024-05-20T20:15:02.843560" elapsed="0.000162"/>
</kw>
<var name="${key}">name</var>
<status status="PASS" start="2024-05-20T20:15:02.841957" elapsed="0.001977"/>
</iter>
<iter>
<kw name="Dictionary Should Contain Key" owner="Collections">
<msg time="2024-05-20T20:15:02.844609" level="INFO">False</msg>
<arg>${json_data['results'][0]}</arg>
<arg>${key}</arg>
<doc>Fails if ``key`` is not found from ``dictionary``.</doc>
<status status="PASS" start="2024-05-20T20:15:02.844228" elapsed="0.000417"/>
</kw>
<kw name="Log" owner="BuiltIn">
<msg time="2024-05-20T20:15:02.845293" level="INFO">{'gender': 'female', 'name': {'title': 'Ms', 'first': 'Rose', 'last': 'Curtis'}, 'location': {'street': {'number': 2208, 'name': 'Manchester Road'}, 'city': 'Wolverhampton', 'state': 'Norfolk', 'country': 'United Kingdom', 'postcode': 'XW17 1TB', 'coordinates': {'latitude': '-7.5370', 'longitude': '78.2593'}, 'timezone': {'offset': '+5:45', 'description': 'Kathmandu'}}, 'email': 'rose.curtis@example.com', 'login': {'uuid': 'c3bb36fa-f5e2-4c6a-9f6f-c0f3c8f8b13a', 'username': 'yellowrabbit120', 'password': 'heaven', 'salt': 't4jWANL7', 'md5': '03117fdeb46240912903f1efca9b8047', 'sha1': '13d179930f23c7964f91655c2f8d8f8af6398835', 'sha256': 'fff9c4bf9eaf55bf1173c6dd7d0d2cbad86ab3b338ad9c3a33ddb3268965182e'}, 'dob': {'date': '1998-06-25T19:18:02.040Z', 'age': 25}, 'registered': {'date': '2006-02-26T18:33:37.974Z', 'age': 18}, 'phone': '0111619 502 0881', 'cell': '07080 436636', 'id': {'name': 'NINO', 'value': 'SA 73 93 29 G'}, 'picture': {'large': 'https://randomuser.me/api/portraits/women/75.jpg', 'medium': 'https://randomuser.me/api/portraits/med/women/75.jpg', 'thumbnail': 'https://randomuser.me/api/portraits/thumb/women/75.jpg'}, 'nat': 'GB'}</msg>
<arg>${json_data['results'][0]}</arg>
<doc>Logs the given message with the given level.</doc>
<status status="PASS" start="2024-05-20T20:15:02.844938" elapsed="0.000402"/>
</kw>
<kw name="Log" owner="BuiltIn">
<msg time="2024-05-20T20:15:02.845765" level="INFO">location</msg>
<arg>${key}</arg>
<doc>Logs the given message with the given level.</doc>
<status status="PASS" start="2024-05-20T20:15:02.845638" elapsed="0.000164"/>
</kw>
<var name="${key}">location</var>
<status status="PASS" start="2024-05-20T20:15:02.844115" elapsed="0.001901"/>
</iter>
<iter>
<kw name="Dictionary Should Contain Key" owner="Collections">
<msg time="2024-05-20T20:15:02.846720" level="INFO">False</msg>
<arg>${json_data['results'][0]}</arg>
<arg>${key}</arg>
<doc>Fails if ``key`` is not found from ``dictionary``.</doc>
<status status="PASS" start="2024-05-20T20:15:02.846332" elapsed="0.000424"/>
</kw>
<kw name="Log" owner="BuiltIn">
<msg time="2024-05-20T20:15:02.847406" level="INFO">{'gender': 'female', 'name': {'title': 'Ms', 'first': 'Rose', 'last': 'Curtis'}, 'location': {'street': {'number': 2208, 'name': 'Manchester Road'}, 'city': 'Wolverhampton', 'state': 'Norfolk', 'country': 'United Kingdom', 'postcode': 'XW17 1TB', 'coordinates': {'latitude': '-7.5370', 'longitude': '78.2593'}, 'timezone': {'offset': '+5:45', 'description': 'Kathmandu'}}, 'email': 'rose.curtis@example.com', 'login': {'uuid': 'c3bb36fa-f5e2-4c6a-9f6f-c0f3c8f8b13a', 'username': 'yellowrabbit120', 'password': 'heaven', 'salt': 't4jWANL7', 'md5': '03117fdeb46240912903f1efca9b8047', 'sha1': '13d179930f23c7964f91655c2f8d8f8af6398835', 'sha256': 'fff9c4bf9eaf55bf1173c6dd7d0d2cbad86ab3b338ad9c3a33ddb3268965182e'}, 'dob': {'date': '1998-06-25T19:18:02.040Z', 'age': 25}, 'registered': {'date': '2006-02-26T18:33:37.974Z', 'age': 18}, 'phone': '0111619 502 0881', 'cell': '07080 436636', 'id': {'name': 'NINO', 'value': 'SA 73 93 29 G'}, 'picture': {'large': 'https://randomuser.me/api/portraits/women/75.jpg', 'medium': 'https://randomuser.me/api/portraits/med/women/75.jpg', 'thumbnail': 'https://randomuser.me/api/portraits/thumb/women/75.jpg'}, 'nat': 'GB'}</msg>
<arg>${json_data['results'][0]}</arg>
<doc>Logs the given message with the given level.</doc>
<status status="PASS" start="2024-05-20T20:15:02.847053" elapsed="0.000401"/>
</kw>
<kw name="Log" owner="BuiltIn">
<msg time="2024-05-20T20:15:02.847882" level="INFO">email</msg>
<arg>${key}</arg>
<doc>Logs the given message with the given level.</doc>
<status status="PASS" start="2024-05-20T20:15:02.847754" elapsed="0.000171"/>
</kw>
<var name="${key}">email</var>
<status status="PASS" start="2024-05-20T20:15:02.846220" elapsed="0.001923"/>
</iter>
<iter>
<kw name="Dictionary Should Contain Key" owner="Collections">
<msg time="2024-05-20T20:15:02.848816" level="INFO">False</msg>
<arg>${json_data['results'][0]}</arg>
<arg>${key}</arg>
<doc>Fails if ``key`` is not found from ``dictionary``.</doc>
<status status="PASS" start="2024-05-20T20:15:02.848427" elapsed="0.000426"/>
</kw>
<kw name="Log" owner="BuiltIn">
<msg time="2024-05-20T20:15:02.849541" level="INFO">{'gender': 'female', 'name': {'title': 'Ms', 'first': 'Rose', 'last': 'Curtis'}, 'location': {'street': {'number': 2208, 'name': 'Manchester Road'}, 'city': 'Wolverhampton', 'state': 'Norfolk', 'country': 'United Kingdom', 'postcode': 'XW17 1TB', 'coordinates': {'latitude': '-7.5370', 'longitude': '78.2593'}, 'timezone': {'offset': '+5:45', 'description': 'Kathmandu'}}, 'email': 'rose.curtis@example.com', 'login': {'uuid': 'c3bb36fa-f5e2-4c6a-9f6f-c0f3c8f8b13a', 'username': 'yellowrabbit120', 'password': 'heaven', 'salt': 't4jWANL7', 'md5': '03117fdeb46240912903f1efca9b8047', 'sha1': '13d179930f23c7964f91655c2f8d8f8af6398835', 'sha256': 'fff9c4bf9eaf55bf1173c6dd7d0d2cbad86ab3b338ad9c3a33ddb3268965182e'}, 'dob': {'date': '1998-06-25T19:18:02.040Z', 'age': 25}, 'registered': {'date': '2006-02-26T18:33:37.974Z', 'age': 18}, 'phone': '0111619 502 0881', 'cell': '07080 436636', 'id': {'name': 'NINO', 'value': 'SA 73 93 29 G'}, 'picture': {'large': 'https://randomuser.me/api/portraits/women/75.jpg', 'medium': 'https://randomuser.me/api/portraits/med/women/75.jpg', 'thumbnail': 'https://randomuser.me/api/portraits/thumb/women/75.jpg'}, 'nat': 'GB'}</msg>
<arg>${json_data['results'][0]}</arg>
<doc>Logs the given message with the given level.</doc>
<status status="PASS" start="2024-05-20T20:15:02.849170" elapsed="0.000420"/>
</kw>
<kw name="Log" owner="BuiltIn">
<msg time="2024-05-20T20:15:02.850064" level="INFO">login</msg>
<arg>${key}</arg>
<doc>Logs the given message with the given level.</doc>
<status status="PASS" start="2024-05-20T20:15:02.849912" elapsed="0.000196"/>
</kw>
<var name="${key}">login</var>
<status status="PASS" start="2024-05-20T20:15:02.848315" elapsed="0.002046"/>
</iter>
<var>${key}</var>
<value>@{expected_keys}</value>
<status status="PASS" start="2024-05-20T20:15:02.839618" elapsed="0.010869"/>
</for>
<kw name="Create List" owner="BuiltIn">
<msg time="2024-05-20T20:15:02.850815" level="INFO">${expected_keysTwo} = ['username', 'password']</msg>
<var>${expected_keysTwo}</var>
<arg>username</arg>
<arg>password</arg>
<doc>Returns a list containing given items.</doc>
<status status="PASS" start="2024-05-20T20:15:02.850679" elapsed="0.000159"/>
</kw>
<for flavor="IN">
<iter>
<kw name="Dictionary Should Contain Key" owner="Collections">
<msg time="2024-05-20T20:15:02.851716" level="INFO">False</msg>
<arg>${json_data['results'][0]['login']}</arg>
<arg>${keyTwo}</arg>
<doc>Fails if ``key`` is not found from ``dictionary``.</doc>
<status status="PASS" start="2024-05-20T20:15:02.851331" elapsed="0.000421"/>
</kw>
<kw name="Dictionary Should Contain Key" owner="Collections">
<msg time="2024-05-20T20:15:02.852423" level="INFO">False</msg>
<arg>${json_data['results'][0]['login']}</arg>
<arg>${keyTwo}</arg>
<doc>Fails if ``key`` is not found from ``dictionary``.</doc>
<status status="PASS" start="2024-05-20T20:15:02.852046" elapsed="0.000414"/>
</kw>
<kw name="Log" owner="BuiltIn">
<msg time="2024-05-20T20:15:02.852894" level="INFO">username</msg>
<arg>${keyTwo}</arg>
<doc>Logs the given message with the given level.</doc>
<status status="PASS" start="2024-05-20T20:15:02.852756" elapsed="0.000174"/>
</kw>
<var name="${keyTwo}">username</var>
<status status="PASS" start="2024-05-20T20:15:02.851222" elapsed="0.001922"/>
</iter>
<iter>
<kw name="Dictionary Should Contain Key" owner="Collections">
<msg time="2024-05-20T20:15:02.853799" level="INFO">False</msg>
<arg>${json_data['results'][0]['login']}</arg>
<arg>${keyTwo}</arg>
<doc>Fails if ``key`` is not found from ``dictionary``.</doc>
<status status="PASS" start="2024-05-20T20:15:02.853421" elapsed="0.000415"/>
</kw>
<kw name="Dictionary Should Contain Key" owner="Collections">
<msg time="2024-05-20T20:15:02.854615" level="INFO">False</msg>
<arg>${json_data['results'][0]['login']}</arg>
<arg>${keyTwo}</arg>
<doc>Fails if ``key`` is not found from ``dictionary``.</doc>
<status status="PASS" start="2024-05-20T20:15:02.854150" elapsed="0.000501"/>
</kw>
<kw name="Log" owner="BuiltIn">
<msg time="2024-05-20T20:15:02.855101" level="INFO">password</msg>
<arg>${keyTwo}</arg>
<doc>Logs the given message with the given level.</doc>
<status status="PASS" start="2024-05-20T20:15:02.854947" elapsed="0.000202"/>
</kw>
<var name="${keyTwo}">password</var>
<status status="PASS" start="2024-05-20T20:15:02.853312" elapsed="0.002061"/>
</iter>
<var>${keyTwo}</var>
<value>@{expected_keysTwo}</value>
<status status="PASS" start="2024-05-20T20:15:02.851070" elapsed="0.004430"/>
</for>
<status status="PASS" start="2024-05-20T20:15:01.617416" elapsed="1.238227"/>
</kw>
<doc>Testa a estrutura da resposta da API.</doc>
<tag>testeEstruturaResposta</tag>
<status status="PASS" start="2024-05-20T20:15:01.616866" elapsed="1.238934"/>
</test>
<test id="s1-s1-t4" name="Validar tipos de dados" line="28">
<kw name="Teste de Tipos de Dados" owner="random-user-service">
<kw name="GET On Session" owner="RequestsLibrary">
<msg time="2024-05-20T20:15:03.280279" level="INFO">GET Request : url=https://randomuser.me/api 
 path_url=/api 
 headers={'User-Agent': 'python-requests/2.32.0', 'Accept-Encoding': 'gzip, deflate', 'Accept': '*/*', 'Connection': 'keep-alive'} 
 body=None 
 </msg>
<msg time="2024-05-20T20:15:03.280384" level="INFO">GET Response : url=https://randomuser.me/api 
 status=200, reason=OK 
 headers={'Date': 'Mon, 20 May 2024 20:15:03 GMT', 'Content-Type': 'application/json; charset=utf-8', 'Transfer-Encoding': 'chunked', 'Connection': 'keep-alive', 'X-Powered-By': 'Express', 'Access-Control-Allow-Origin': '*', 'Cache-Control': 'no-cache', 'ETag': 'W/"470-3cn5nOZbbAuoZ8JhdvKqFFOxo6U"', 'Vary': 'Accept-Encoding', 'Content-Encoding': 'gzip', 'CF-Cache-Status': 'DYNAMIC', 'Report-To': '{"endpoints":[{"url":"https:\\/\\/a.nel.cloudflare.com\\/report\\/v4?s=O%2FA45SJpR8UjyXSfIsL3UrbOWgPuXi0XcFBvVXXFXw09AiZg%2BFXRqha%2F7HLbac%2B2oCN4qbp%2Bn95IRHolPy8pJM4YkQ4HfRMWLZCA%2BPFgZqU%2FeqrvNkbUBsPMxgCNrKKv"}],"group":"cf-nel","max_age":604800}', 'NEL': '{"success_fraction":0,"report_to":"cf-nel","max_age":604800}', 'Server': 'cloudflare', 'CF-RAY': '886eff1add923920-IAD', 'alt-svc': 'h3=":443"; ma=86400'} 
 body={"results":[{"gender":"male","name":{"title":"Mr","first":"Dariy","last":"Dobryak"},"location":{"street":{"number":7428,"name":"Murovana"},"city":"Chortkiv","state":"Sumska","country":"Ukraine","postcode":89489,"coordinates":{"latitude":"75.4741","longitude":"-48.2740"},"timezone":{"offset":"-8:00","description":"Pacific Time (US &amp; Canada)"}},"email":"dariy.dobryak@example.com","login":{"uuid":"442b9fbe-7a58-4d58-8ccf-6940b0d8cf48","username":"smallzebra453","password":"sigma","salt":"DQtG1xHG","md5":"d8089e2b0adc4c68eb27843c04a2eff7","sha1":"0170be79c463d0a9af10d7de9dafda622d8ac344","sha256":"4fa4dc75811e809b3bfde5fe8b8ef20729c074a0a93c81848320b89ce2d2ce11"},"dob":{"date":"1979-07-18T14:41:23.600Z","age":44},"registered":{"date":"2008-01-07T13:45:26.271Z","age":16},"phone":"(097) A85-7925","cell":"(067) T24-8632","id":{"name":"","value":null},"picture":{"large":"https://randomuser.me/api/portraits/men/4.jpg","medium":"https://randomuser.me/api/portraits/med/men/4.jpg","thumbnail":"https://randomuser.me/api/portraits/thumb/men/4.jpg"},"nat":"UA"}],"info":{"seed":"8eed6a7e943eb95c","results":1,"page":1,"version":"1.4"}} 
 </msg>
<msg time="2024-05-20T20:15:03.280463" level="INFO">/opt/hostedtoolcache/Python/3.12.3/x64/lib/python3.12/site-packages/urllib3/connectionpool.py:1103: InsecureRequestWarning: Unverified HTTPS request is being made to host 'randomuser.me'. Adding certificate verification is strongly advised. See: https://urllib3.readthedocs.io/en/latest/advanced-usage.html#tls-warnings
  warnings.warn(</msg>
<msg time="2024-05-20T20:15:03.280591" level="INFO">${response} = &lt;Response [200]&gt;</msg>
<var>${response}</var>
<arg>consultarAPI</arg>
<arg>/api</arg>
<doc>Sends a GET request on a previously created HTTP Session.</doc>
<status status="PASS" start="2024-05-20T20:15:02.858248" elapsed="0.422385"/>
</kw>
<kw name="Set Variable" owner="BuiltIn">
<msg time="2024-05-20T20:15:03.281715" level="INFO">${json_data} = {'results': [{'gender': 'male', 'name': {'title': 'Mr', 'first': 'Dariy', 'last': 'Dobryak'}, 'location': {'street': {'number': 7428, 'name': 'Murovana'}, 'city': 'Chortkiv', 'state': 'Sumska', 'count...</msg>
<var>${json_data}</var>
<arg>${response.json()}</arg>
<doc>Returns the given values which can then be assigned to a variables.</doc>
<status status="PASS" start="2024-05-20T20:15:03.281189" elapsed="0.000556"/>
</kw>
<kw name="Log" owner="BuiltIn">
<msg time="2024-05-20T20:15:03.282257" level="INFO">{'results': [{'gender': 'male', 'name': {'title': 'Mr', 'first': 'Dariy', 'last': 'Dobryak'}, 'location': {'street': {'number': 7428, 'name': 'Murovana'}, 'city': 'Chortkiv', 'state': 'Sumska', 'country': 'Ukraine', 'postcode': 89489, 'coordinates': {'latitude': '75.4741', 'longitude': '-48.2740'}, 'timezone': {'offset': '-8:00', 'description': 'Pacific Time (US &amp; Canada)'}}, 'email': 'dariy.dobryak@example.com', 'login': {'uuid': '442b9fbe-7a58-4d58-8ccf-6940b0d8cf48', 'username': 'smallzebra453', 'password': 'sigma', 'salt': 'DQtG1xHG', 'md5': 'd8089e2b0adc4c68eb27843c04a2eff7', 'sha1': '0170be79c463d0a9af10d7de9dafda622d8ac344', 'sha256': '4fa4dc75811e809b3bfde5fe8b8ef20729c074a0a93c81848320b89ce2d2ce11'}, 'dob': {'date': '1979-07-18T14:41:23.600Z', 'age': 44}, 'registered': {'date': '2008-01-07T13:45:26.271Z', 'age': 16}, 'phone': '(097) A85-7925', 'cell': '(067) T24-8632', 'id': {'name': '', 'value': None}, 'picture': {'large': 'https://randomuser.me/api/portraits/men/4.jpg', 'medium': 'https://randomuser.me/api/portraits/med/men/4.jpg', 'thumbnail': 'https://randomuser.me/api/portraits/thumb/men/4.jpg'}, 'nat': 'UA'}], 'info': {'seed': '8eed6a7e943eb95c', 'results': 1, 'page': 1, 'version': '1.4'}}</msg>
<arg>${json_data}</arg>
<doc>Logs the given message with the given level.</doc>
<status status="PASS" start="2024-05-20T20:15:03.282086" elapsed="0.000262"/>
</kw>
<kw name="Should Be String" owner="String">
<arg>${json_data['results'][0]['gender']}</arg>
<doc>Fails if the given ``item`` is not a string.</doc>
<status status="PASS" start="2024-05-20T20:15:03.282655" elapsed="0.000359"/>
</kw>
<kw name="Should Match Regexp" owner="BuiltIn">
<arg>${json_data['results'][0]['email']}</arg>
<arg>^[a-zA-Z0-9._%+-]+@[a-zA-Z0-9.-]+\.[a-zA-Z]{2,}$</arg>
<doc>Fails if ``string`` does not match ``pattern`` as a regular expression.</doc>
<status status="PASS" start="2024-05-20T20:15:03.283208" elapsed="0.000516"/>
</kw>
<kw name="Should Match Regexp" owner="BuiltIn">
<arg>${json_data['results'][0]['dob']['date']}</arg>
<arg>\\d{4}-\\d{2}-\\d{2}T\\d{2}:\\d{2}:\\d{2}\\.\\d{3}Z</arg>
<doc>Fails if ``string`` does not match ``pattern`` as a regular expression.</doc>
<status status="PASS" start="2024-05-20T20:15:03.283923" elapsed="0.000491"/>
</kw>
<kw name="Should Match Regexp" owner="BuiltIn">
<arg>${json_data['results'][0]['registered']['date']}</arg>
<arg>\\d{4}-\\d{2}-\\d{2}T\\d{2}:\\d{2}:\\d{2}\\.\\d{3}Z</arg>
<doc>Fails if ``string`` does not match ``pattern`` as a regular expression.</doc>
<status status="PASS" start="2024-05-20T20:15:03.284606" elapsed="0.000362"/>
</kw>
<kw name="Should Match Regexp" owner="BuiltIn">
<arg>${json_data['results'][0]['picture']['large']}</arg>
<arg>^https?://.*\.(?:png|jpe?g|gif|bmp)$</arg>
<doc>Fails if ``string`` does not match ``pattern`` as a regular expression.</doc>
<status status="PASS" start="2024-05-20T20:15:03.285154" elapsed="0.000463"/>
</kw>
<kw name="Should Match Regexp" owner="BuiltIn">
<arg>${json_data['results'][0]['picture']['medium']}</arg>
<arg>^https?://.*\.(?:png|jpe?g|gif|bmp)$</arg>
<doc>Fails if ``string`` does not match ``pattern`` as a regular expression.</doc>
<status status="PASS" start="2024-05-20T20:15:03.285808" elapsed="0.000397"/>
</kw>
<kw name="Should Match Regexp" owner="BuiltIn">
<arg>${json_data['results'][0]['picture']['thumbnail']}</arg>
<arg>^https?://.*\.(?:png|jpe?g|gif|bmp)$</arg>
<doc>Fails if ``string`` does not match ``pattern`` as a regular expression.</doc>
<status status="PASS" start="2024-05-20T20:15:03.286397" elapsed="0.000360"/>
</kw>
<kw name="Log" owner="BuiltIn">
<msg time="2024-05-20T20:15:03.287276" level="INFO">{'large': 'https://randomuser.me/api/portraits/men/4.jpg', 'medium': 'https://randomuser.me/api/portraits/med/men/4.jpg', 'thumbnail': 'https://randomuser.me/api/portraits/thumb/men/4.jpg'}</msg>
<arg>${json_data['results'][0]['picture']}</arg>
<doc>Logs the given message with the given level.</doc>
<status status="PASS" start="2024-05-20T20:15:03.286941" elapsed="0.000378"/>
</kw>
<status status="PASS" start="2024-05-20T20:15:02.857995" elapsed="0.429584"/>
</kw>
<kw name="Teste de Tipos de Dados - Postcode" owner="random-user-service">
<kw name="GET On Session" owner="RequestsLibrary">
<msg time="2024-05-20T20:15:03.445338" level="INFO">GET Request : url=https://randomuser.me/api 
 path_url=/api 
 headers={'User-Agent': 'python-requests/2.32.0', 'Accept-Encoding': 'gzip, deflate', 'Accept': '*/*', 'Connection': 'keep-alive'} 
 body=None 
 </msg>
<msg time="2024-05-20T20:15:03.445444" level="INFO">GET Response : url=https://randomuser.me/api 
 status=200, reason=OK 
 headers={'Date': 'Mon, 20 May 2024 20:15:03 GMT', 'Content-Type': 'application/json; charset=utf-8', 'Transfer-Encoding': 'chunked', 'Connection': 'keep-alive', 'X-Powered-By': 'Express', 'Access-Control-Allow-Origin': '*', 'Cache-Control': 'no-cache', 'ETag': 'W/"48d-v+E8nvyrbyLyuq5THiow2P66B0U"', 'Vary': 'Accept-Encoding', 'Content-Encoding': 'gzip', 'CF-Cache-Status': 'DYNAMIC', 'Report-To': '{"endpoints":[{"url":"https:\\/\\/a.nel.cloudflare.com\\/report\\/v4?s=d%2B3cqFC2M5gaP6CtCwOdRkdzhZ0J2rWVaAhjFsNGGoapTJ8LjWqUqorr2BcWx%2F3Yw1i8GpTCZq8UmoUMbLTLXjXPfTsD4bklTz7hcjgjGiL%2F5xfZX3w46cLuZGkIWA34"}],"group":"cf-nel","max_age":604800}', 'NEL': '{"success_fraction":0,"report_to":"cf-nel","max_age":604800}', 'Server': 'cloudflare', 'CF-RAY': '886eff1d890e3920-IAD', 'alt-svc': 'h3=":443"; ma=86400'} 
 body={"results":[{"gender":"male","name":{"title":"Mr","first":"Hallvard","last":"Skogstad"},"location":{"street":{"number":9418,"name":"Jonsrudveien"},"city":"Vassenden","state":"Vest-Agder","country":"Norway","postcode":"6967","coordinates":{"latitude":"43.5235","longitude":"-103.5856"},"timezone":{"offset":"+1:00","description":"Brussels, Copenhagen, Madrid, Paris"}},"email":"hallvard.skogstad@example.com","login":{"uuid":"5c7f6eeb-b9d3-4858-9d75-4148496f445a","username":"heavyfrog354","password":"stimpy","salt":"SKZnIvHw","md5":"d82d7a06c7c33252d1d562cc40ade794","sha1":"26f6bfa86b50378642c35168746d7a5eb0dfb807","sha256":"d551378fd5eeaa4e417b0b80a41f66d334ac6c12ca4f0ce90714b6487cb92975"},"dob":{"date":"1948-09-21T07:05:23.517Z","age":75},"registered":{"date":"2008-03-11T08:58:52.168Z","age":16},"phone":"36492236","cell":"48187167","id":{"name":"FN","value":"21094815344"},"picture":{"large":"https://randomuser.me/api/portraits/men/52.jpg","medium":"https://randomuser.me/api/portraits/med/men/52.jpg","thumbnail":"https://randomuser.me/api/portraits/thumb/men/52.jpg"},"nat":"NO"}],"info":{"seed":"f4cb48adc058e2e9","results":1,"page":1,"version":"1.4"}} 
 </msg>
<msg time="2024-05-20T20:15:03.445518" level="INFO">/opt/hostedtoolcache/Python/3.12.3/x64/lib/python3.12/site-packages/urllib3/connectionpool.py:1103: InsecureRequestWarning: Unverified HTTPS request is being made to host 'randomuser.me'. Adding certificate verification is strongly advised. See: https://urllib3.readthedocs.io/en/latest/advanced-usage.html#tls-warnings
  warnings.warn(</msg>
<msg time="2024-05-20T20:15:03.445631" level="INFO">${response} = &lt;Response [200]&gt;</msg>
<var>${response}</var>
<arg>consultarAPI</arg>
<arg>/api</arg>
<doc>Sends a GET request on a previously created HTTP Session.</doc>
<status status="PASS" start="2024-05-20T20:15:03.288046" elapsed="0.157621"/>
</kw>
<kw name="Set Variable" owner="BuiltIn">
<msg time="2024-05-20T20:15:03.446712" level="INFO">${json_data} = {'results': [{'gender': 'male', 'name': {'title': 'Mr', 'first': 'Hallvard', 'last': 'Skogstad'}, 'location': {'street': {'number': 9418, 'name': 'Jonsrudveien'}, 'city': 'Vassenden', 'state': 'Vest-A...</msg>
<var>${json_data}</var>
<arg>${response.json()}</arg>
<doc>Returns the given values which can then be assigned to a variables.</doc>
<status status="PASS" start="2024-05-20T20:15:03.446194" elapsed="0.000548"/>
</kw>
<kw name="Log" owner="BuiltIn">
<msg time="2024-05-20T20:15:03.447211" level="INFO">{'results': [{'gender': 'male', 'name': {'title': 'Mr', 'first': 'Hallvard', 'last': 'Skogstad'}, 'location': {'street': {'number': 9418, 'name': 'Jonsrudveien'}, 'city': 'Vassenden', 'state': 'Vest-Agder', 'country': 'Norway', 'postcode': '6967', 'coordinates': {'latitude': '43.5235', 'longitude': '-103.5856'}, 'timezone': {'offset': '+1:00', 'description': 'Brussels, Copenhagen, Madrid, Paris'}}, 'email': 'hallvard.skogstad@example.com', 'login': {'uuid': '5c7f6eeb-b9d3-4858-9d75-4148496f445a', 'username': 'heavyfrog354', 'password': 'stimpy', 'salt': 'SKZnIvHw', 'md5': 'd82d7a06c7c33252d1d562cc40ade794', 'sha1': '26f6bfa86b50378642c35168746d7a5eb0dfb807', 'sha256': 'd551378fd5eeaa4e417b0b80a41f66d334ac6c12ca4f0ce90714b6487cb92975'}, 'dob': {'date': '1948-09-21T07:05:23.517Z', 'age': 75}, 'registered': {'date': '2008-03-11T08:58:52.168Z', 'age': 16}, 'phone': '36492236', 'cell': '48187167', 'id': {'name': 'FN', 'value': '21094815344'}, 'picture': {'large': 'https://randomuser.me/api/portraits/men/52.jpg', 'medium': 'https://randomuser.me/api/portraits/med/men/52.jpg', 'thumbnail': 'https://randomuser.me/api/portraits/thumb/men/52.jpg'}, 'nat': 'NO'}], 'info': {'seed': 'f4cb48adc058e2e9', 'results': 1, 'page': 1, 'version': '1.4'}}</msg>
<arg>${json_data}</arg>
<doc>Logs the given message with the given level.</doc>
<status status="PASS" start="2024-05-20T20:15:03.447056" elapsed="0.000237"/>
</kw>
<kw name="Should Be Equal As Numbers" owner="BuiltIn">
<arg>${json_data['results'][0]['location']['postcode']}</arg>
<arg>${json_data['results'][0]['location']['postcode']}</arg>
<doc>Fails if objects are unequal after converting them to real numbers.</doc>
<status status="PASS" start="2024-05-20T20:15:03.447597" elapsed="0.000785"/>
</kw>
<kw name="Log" owner="BuiltIn">
<msg time="2024-05-20T20:15:03.448909" level="INFO">6967</msg>
<arg>${json_data['results'][0]['location']['postcode']}</arg>
<doc>Logs the given message with the given level.</doc>
<status status="PASS" start="2024-05-20T20:15:03.448574" elapsed="0.000375"/>
</kw>
<status status="PASS" start="2024-05-20T20:15:03.287813" elapsed="0.161389"/>
</kw>
<doc>Testa se os tipos de dados na resposta da API estão corretos.</doc>
<tag>testeTiposDados</tag>
<status status="PASS" start="2024-05-20T20:15:02.857538" elapsed="0.591831"/>
</test>
<test id="s1-s1-t5" name="Validar conteudo" line="35">
<kw name="Teste de Tipos de Conteudo" owner="random-user-service">
<kw name="GET On Session" owner="RequestsLibrary">
<msg time="2024-05-20T20:15:03.489547" level="INFO">GET Request : url=https://randomuser.me/api 
 path_url=/api 
 headers={'User-Agent': 'python-requests/2.32.0', 'Accept-Encoding': 'gzip, deflate', 'Accept': '*/*', 'Connection': 'keep-alive'} 
 body=None 
 </msg>
<msg time="2024-05-20T20:15:03.489613" level="INFO">GET Response : url=https://randomuser.me/api 
 status=200, reason=OK 
 headers={'Date': 'Mon, 20 May 2024 20:15:03 GMT', 'Content-Type': 'application/json; charset=utf-8', 'Transfer-Encoding': 'chunked', 'Connection': 'keep-alive', 'X-Powered-By': 'Express', 'Access-Control-Allow-Origin': '*', 'Cache-Control': 'no-cache', 'ETag': 'W/"496-NSI1oPr40I54x3E6de/fHt0n09s"', 'Vary': 'Accept-Encoding', 'Content-Encoding': 'gzip', 'CF-Cache-Status': 'DYNAMIC', 'Report-To': '{"endpoints":[{"url":"https:\\/\\/a.nel.cloudflare.com\\/report\\/v4?s=nQ0otpW%2BAFoujjqK4%2BH8IHBv7%2FGONAnoZNehqhbkPfHlPm7%2BxzP5Y6BRDhsWLfhcjsLMZGqLnu%2BJ4L%2FVsPkGb2oPx%2FEdRV6tyN2RcA9VyaQ8Ze7QKSTR6IeK%2BA8x36OG"}],"group":"cf-nel","max_age":604800}', 'NEL': '{"success_fraction":0,"report_to":"cf-nel","max_age":604800}', 'Server': 'cloudflare', 'CF-RAY': '886eff1e9a6e3920-IAD', 'alt-svc': 'h3=":443"; ma=86400'} 
 body={"results":[{"gender":"male","name":{"title":"Mr","first":"Elliot","last":"Ten Bosch"},"location":{"street":{"number":4294,"name":"Beslingadyk"},"city":"Stompetoren","state":"Drenthe","country":"Netherlands","postcode":"7868 XN","coordinates":{"latitude":"34.2188","longitude":"-71.5143"},"timezone":{"offset":"+4:00","description":"Abu Dhabi, Muscat, Baku, Tbilisi"}},"email":"elliot.tenbosch@example.com","login":{"uuid":"3b962c1d-c4fb-4bac-a6e7-393f5a654a2c","username":"tinykoala302","password":"goldfish","salt":"Vs0RQNXM","md5":"a76e6fc9ee89562feeceffd38ab959bc","sha1":"a426bc8d7df6b0c11446689249efe1837210f6ba","sha256":"706d3ff4791e37e3f3c68460f3b77736aa4c4e6a001b4d6582e27e8d7d7de9cf"},"dob":{"date":"1977-05-02T16:41:18.351Z","age":47},"registered":{"date":"2007-04-05T16:20:41.027Z","age":17},"phone":"(036) 3326184","cell":"(06) 25295607","id":{"name":"BSN","value":"19883540"},"picture":{"large":"https://randomuser.me/api/portraits/men/98.jpg","medium":"https://randomuser.me/api/portraits/med/men/98.jpg","thumbnail":"https://randomuser.me/api/portraits/thumb/men/98.jpg"},"nat":"NL"}],"info":{"seed":"6561f5cabdcb7d4b","results":1,"page":1,"version":"1.4"}} 
 </msg>
<msg time="2024-05-20T20:15:03.489675" level="INFO">/opt/hostedtoolcache/Python/3.12.3/x64/lib/python3.12/site-packages/urllib3/connectionpool.py:1103: InsecureRequestWarning: Unverified HTTPS request is being made to host 'randomuser.me'. Adding certificate verification is strongly advised. See: https://urllib3.readthedocs.io/en/latest/advanced-usage.html#tls-warnings
  warnings.warn(</msg>
<msg time="2024-05-20T20:15:03.489759" level="INFO">${response} = &lt;Response [200]&gt;</msg>
<var>${response}</var>
<arg>consultarAPI</arg>
<arg>/api</arg>
<doc>Sends a GET request on a previously created HTTP Session.</doc>
<status status="PASS" start="2024-05-20T20:15:03.451845" elapsed="0.037944"/>
</kw>
<kw name="Set Variable" owner="BuiltIn">
<msg time="2024-05-20T20:15:03.490669" level="INFO">${json_data} = {'results': [{'gender': 'male', 'name': {'title': 'Mr', 'first': 'Elliot', 'last': 'Ten Bosch'}, 'location': {'street': {'number': 4294, 'name': 'Beslingadyk'}, 'city': 'Stompetoren', 'state': 'Drenth...</msg>
<var>${json_data}</var>
<arg>${response.json()}</arg>
<doc>Returns the given values which can then be assigned to a variables.</doc>
<status status="PASS" start="2024-05-20T20:15:03.490207" elapsed="0.000489"/>
</kw>
<kw name="Set Variable" owner="BuiltIn">
<msg time="2024-05-20T20:15:03.491384" level="INFO">${name_title} = Mr</msg>
<var>${name_title}</var>
<arg>${json_data["results"][0]["name"]["title"]}</arg>
<doc>Returns the given values which can then be assigned to a variables.</doc>
<status status="PASS" start="2024-05-20T20:15:03.491006" elapsed="0.000403"/>
</kw>
<kw name="Create List" owner="BuiltIn">
<msg time="2024-05-20T20:15:03.491856" level="INFO">${allowed_titles} = ['Mr', 'Ms', 'Miss', 'Mrs', 'Madame', 'Monsieur']</msg>
<var>${allowed_titles}</var>
<arg>Mr</arg>
<arg>Ms</arg>
<arg>Miss</arg>
<arg>Mrs</arg>
<arg>Madame</arg>
<arg>Monsieur</arg>
<doc>Returns a list containing given items.</doc>
<status status="PASS" start="2024-05-20T20:15:03.491707" elapsed="0.000173"/>
</kw>
<kw name="List Should Contain Value" owner="Collections">
<msg time="2024-05-20T20:15:03.492358" level="INFO">False</msg>
<arg>${allowed_titles}</arg>
<arg>${name_title}</arg>
<doc>Fails if the ``value`` is not found from ``list``.</doc>
<status status="PASS" start="2024-05-20T20:15:03.492183" elapsed="0.000211"/>
</kw>
<kw name="Set Variable" owner="BuiltIn">
<msg time="2024-05-20T20:15:03.493059" level="INFO">${name_country} = NL</msg>
<var>${name_country}</var>
<arg>${json_data["results"][0]["nat"]}</arg>
<doc>Returns the given values which can then be assigned to a variables.</doc>
<status status="PASS" start="2024-05-20T20:15:03.492684" elapsed="0.000400"/>
</kw>
<kw name="Create List" owner="BuiltIn">
<msg time="2024-05-20T20:15:03.493981" level="INFO">${list_country} = ['AD', 'AE', 'AF', 'AG', 'AI', 'AL', 'AM', 'AO', 'AQ', 'AR', 'AS', 'AT', 'AU', 'AW', 'AX', 'AZ', 'BA', 'BB', 'BD', 'BE', 'BF', 'BG', 'BH', 'BI', 'BJ', 'BL', 'BM', 'BN', 'BO', 'BQ', 'BR', 'BS', 'BT', '...</msg>
<var>${list_country}</var>
<arg>AD</arg>
<arg>AE</arg>
<arg>AF</arg>
<arg>AG</arg>
<arg>AI</arg>
<arg>AL</arg>
<arg>AM</arg>
<arg>AO</arg>
<arg>AQ</arg>
<arg>AR</arg>
<arg>AS</arg>
<arg>AT</arg>
<arg>AU</arg>
<arg>AW</arg>
<arg>AX</arg>
<arg>AZ</arg>
<arg>BA</arg>
<arg>BB</arg>
<arg>BD</arg>
<arg>BE</arg>
<arg>BF</arg>
<arg>BG</arg>
<arg>BH</arg>
<arg>BI</arg>
<arg>BJ</arg>
<arg>BL</arg>
<arg>BM</arg>
<arg>BN</arg>
<arg>BO</arg>
<arg>BQ</arg>
<arg>BR</arg>
<arg>BS</arg>
<arg>BT</arg>
<arg>BV</arg>
<arg>BW</arg>
<arg>BY</arg>
<arg>BZ</arg>
<arg>CA</arg>
<arg>CC</arg>
<arg>CD</arg>
<arg>CF</arg>
<arg>CG</arg>
<arg>CH</arg>
<arg>CI</arg>
<arg>CK</arg>
<arg>CL</arg>
<arg>CM</arg>
<arg>CN</arg>
<arg>CO</arg>
<arg>CR</arg>
<arg>CU</arg>
<arg>CV</arg>
<arg>CW</arg>
<arg>CX</arg>
<arg>CY</arg>
<arg>CZ</arg>
<arg>DE</arg>
<arg>DJ</arg>
<arg>DK</arg>
<arg>DM</arg>
<arg>DO</arg>
<arg>DZ</arg>
<arg>EC</arg>
<arg>EE</arg>
<arg>EG</arg>
<arg>EH</arg>
<arg>ER</arg>
<arg>ES</arg>
<arg>ET</arg>
<arg>FI</arg>
<arg>FJ</arg>
<arg>FK</arg>
<arg>FM</arg>
<arg>FO</arg>
<arg>FR</arg>
<arg>GA</arg>
<arg>GB</arg>
<arg>GD</arg>
<arg>GE</arg>
<arg>GF</arg>
<arg>GG</arg>
<arg>GH</arg>
<arg>GI</arg>
<arg>GL</arg>
<arg>GM</arg>
<arg>GN</arg>
<arg>GP</arg>
<arg>GQ</arg>
<arg>GR</arg>
<arg>GS</arg>
<arg>GT</arg>
<arg>GU</arg>
<arg>GW</arg>
<arg>GY</arg>
<arg>HK</arg>
<arg>HM</arg>
<arg>HN</arg>
<arg>HR</arg>
<arg>HT</arg>
<arg>HU</arg>
<arg>ID</arg>
<arg>IE</arg>
<arg>IL</arg>
<arg>IM</arg>
<arg>IN</arg>
<arg>IO</arg>
<arg>IQ</arg>
<arg>IR</arg>
<arg>IS</arg>
<arg>IT</arg>
<arg>JE</arg>
<arg>JM</arg>
<arg>JO</arg>
<arg>JP</arg>
<arg>KE</arg>
<arg>KG</arg>
<arg>KH</arg>
<arg>KI</arg>
<arg>KM</arg>
<arg>KN</arg>
<arg>KP</arg>
<arg>KR</arg>
<arg>KW</arg>
<arg>KY</arg>
<arg>KZ</arg>
<arg>LA</arg>
<arg>LB</arg>
<arg>LC</arg>
<arg>LI</arg>
<arg>LK</arg>
<arg>LR</arg>
<arg>LS</arg>
<arg>LT</arg>
<arg>LU</arg>
<arg>LV</arg>
<arg>LY</arg>
<arg>MA</arg>
<arg>MC</arg>
<arg>MD</arg>
<arg>ME</arg>
<arg>MF</arg>
<arg>MG</arg>
<arg>MH</arg>
<arg>MK</arg>
<arg>ML</arg>
<arg>MM</arg>
<arg>MN</arg>
<arg>MO</arg>
<arg>MP</arg>
<arg>MQ</arg>
<arg>MR</arg>
<arg>MS</arg>
<arg>MT</arg>
<arg>MU</arg>
<arg>MV</arg>
<arg>MW</arg>
<arg>MX</arg>
<arg>MY</arg>
<arg>MZ</arg>
<arg>NA</arg>
<arg>NC</arg>
<arg>NE</arg>
<arg>NF</arg>
<arg>NG</arg>
<arg>NI</arg>
<arg>NL</arg>
<arg>NO</arg>
<arg>NP</arg>
<arg>NR</arg>
<arg>NU</arg>
<arg>NZ</arg>
<arg>OM</arg>
<arg>PA</arg>
<arg>PE</arg>
<arg>PF</arg>
<arg>PG</arg>
<arg>PH</arg>
<arg>PK</arg>
<arg>PL</arg>
<arg>PM</arg>
<arg>PN</arg>
<arg>PR</arg>
<arg>PS</arg>
<arg>PT</arg>
<arg>PW</arg>
<arg>PY</arg>
<arg>QA</arg>
<arg>RE</arg>
<arg>RO</arg>
<arg>RS</arg>
<arg>RU</arg>
<arg>RW</arg>
<arg>SA</arg>
<arg>SB</arg>
<arg>SC</arg>
<arg>SD</arg>
<arg>SE</arg>
<arg>SG</arg>
<arg>SH</arg>
<arg>SI</arg>
<arg>SJ</arg>
<arg>SK</arg>
<arg>SL</arg>
<arg>SM</arg>
<arg>SN</arg>
<arg>SO</arg>
<arg>SR</arg>
<arg>SS</arg>
<arg>ST</arg>
<arg>SV</arg>
<arg>SX</arg>
<arg>SY</arg>
<arg>SZ</arg>
<arg>TC</arg>
<arg>TD</arg>
<arg>TF</arg>
<arg>TG</arg>
<arg>TH</arg>
<arg>TJ</arg>
<arg>TK</arg>
<arg>TL</arg>
<arg>TM</arg>
<arg>TN</arg>
<arg>TO</arg>
<arg>TR</arg>
<arg>TT</arg>
<arg>TV</arg>
<arg>TW</arg>
<arg>TZ</arg>
<arg>UA</arg>
<arg>UG</arg>
<arg>UM</arg>
<arg>US</arg>
<arg>UY</arg>
<arg>UZ</arg>
<arg>VA</arg>
<arg>VC</arg>
<arg>VE</arg>
<arg>VG</arg>
<arg>VI</arg>
<arg>VN</arg>
<arg>VU</arg>
<arg>WF</arg>
<arg>WS</arg>
<arg>XK</arg>
<arg>YE</arg>
<arg>YT</arg>
<arg>ZA</arg>
<arg>ZM</arg>
<arg>ZW</arg>
<doc>Returns a list containing given items.</doc>
<status status="PASS" start="2024-05-20T20:15:03.493386" elapsed="0.000621"/>
</kw>
<kw name="List Should Contain Value" owner="Collections">
<msg time="2024-05-20T20:15:03.495025" level="INFO">False</msg>
<arg>${list_country}</arg>
<arg>${name_country}</arg>
<doc>Fails if the ``value`` is not found from ``list``.</doc>
<status status="PASS" start="2024-05-20T20:15:03.494824" elapsed="0.000236"/>
</kw>
<kw name="Run Keyword If" owner="BuiltIn">
<kw name="Should Be True" owner="BuiltIn">
<arg>${True}</arg>
<doc>Fails if the given condition is not true.</doc>
<status status="PASS" start="2024-05-20T20:15:03.496122" elapsed="0.000146"/>
</kw>
<arg>${json_data["results"][0]["location"]["coordinates"]["latitude"]} &gt;= -90 and ${json_data["results"][0]["location"]["coordinates"]["latitude"]} &lt;= 90</arg>
<arg>Should Be True</arg>
<arg>${True}</arg>
<doc>Runs the given keyword with the given arguments, if ``condition`` is true.</doc>
<status status="PASS" start="2024-05-20T20:15:03.495371" elapsed="0.001025"/>
</kw>
<kw name="Run Keyword If" owner="BuiltIn">
<kw name="Should Be True" owner="BuiltIn">
<arg>${True}</arg>
<doc>Fails if the given condition is not true.</doc>
<status status="PASS" start="2024-05-20T20:15:03.497283" elapsed="0.000243"/>
</kw>
<arg>${json_data["results"][0]["location"]["coordinates"]["longitude"]} &gt;= -180 and ${json_data["results"][0]["location"]["coordinates"]["longitude"]} &lt;= 180</arg>
<arg>Should Be True</arg>
<arg>${True}</arg>
<doc>Runs the given keyword with the given arguments, if ``condition`` is true.</doc>
<status status="PASS" start="2024-05-20T20:15:03.496586" elapsed="0.001066"/>
</kw>
<status status="PASS" start="2024-05-20T20:15:03.451615" elapsed="0.046166"/>
</kw>
<doc>Testa o conteúdo específico dos campos retornados pela API.</doc>
<tag>testeConteudo</tag>
<status status="PASS" start="2024-05-20T20:15:03.451136" elapsed="0.046786"/>
</test>
<status status="PASS" start="2024-05-20T20:15:00.234487" elapsed="3.265420"/>
</suite>
<status status="PASS" start="2024-05-20T20:15:00.220508" elapsed="3.284541"/>
</suite>
<statistics>
<total>
<stat pass="5" fail="0" skip="0">All Tests</stat>
</total>
<tag>
<stat pass="1" fail="0" skip="0">testeConteudo</stat>
<stat pass="1" fail="0" skip="0">testeEstruturaResposta</stat>
<stat pass="1" fail="0" skip="0">testeRequisicaoBasica</stat>
<stat pass="1" fail="0" skip="0">testeTiposDados</stat>
</tag>
<suite>
<stat pass="5" fail="0" skip="0" id="s1" name="Tests">Tests</stat>
<stat pass="5" fail="0" skip="0" id="s1-s1" name="Random-User-Test">Tests.Random-User-Test</stat>
</suite>
</statistics>
<errors>
</errors>
</robot>
