<?xml version="1.0" encoding="UTF-8"?>
<robot generator="Robot 7.0 (Python 3.12.2 on linux)" generated="2024-04-17T08:17:18.233386" rpa="false" schemaversion="5">
<suite id="s1" name="Tests" source="/home/runner/work/DesafioQAItauRogerioJordao/DesafioQAItauRogerioJordao/RamdonUser/tests">
<suite id="s1-s1" name="Random-User-Test" source="/home/runner/work/DesafioQAItauRogerioJordao/DesafioQAItauRogerioJordao/RamdonUser/tests/random-user-test.robot">
<test id="s1-s1-t1" name="Conectar" line="13">
<kw name="Conectar API" owner="random-user-service">
<kw name="Create Session" owner="RequestsLibrary">
<msg time="2024-04-17T08:17:18.626902" level="INFO">Creating Session using : alias=consultarAPI, url=https://randomuser.me/, headers={},                     cookies={}, auth=None, timeout=None, proxies=None, verify=False,                     debug=0 </msg>
<arg>consultarAPI</arg>
<arg>${URL}</arg>
<doc>Create Session: create a HTTP session to a server</doc>
<status status="PASS" start="2024-04-17T08:17:18.626691" elapsed="0.000416"/>
</kw>
<status status="PASS" start="2024-04-17T08:17:18.625593" elapsed="0.001884"/>
</kw>
<status status="PASS" start="2024-04-17T08:17:18.624995" elapsed="0.002685"/>
</test>
<test id="s1-s1-t2" name="Validar retorno 200 e JSON Válido" line="16">
<kw name="Teste de Requisicao Basica" owner="random-user-service">
<kw name="GET On Session" owner="RequestsLibrary">
<msg time="2024-04-17T08:17:18.700850" level="INFO">GET Request : url=https://randomuser.me/api 
 path_url=/api 
 headers={'User-Agent': 'python-requests/2.31.0', 'Accept-Encoding': 'gzip, deflate', 'Accept': '*/*', 'Connection': 'keep-alive'} 
 body=None 
 </msg>
<msg time="2024-04-17T08:17:18.701023" level="INFO">GET Response : url=https://randomuser.me/api 
 status=200, reason=OK 
 headers={'Date': 'Wed, 17 Apr 2024 08:17:18 GMT', 'Content-Type': 'application/json; charset=utf-8', 'Transfer-Encoding': 'chunked', 'Connection': 'keep-alive', 'X-Powered-By': 'Express', 'Access-Control-Allow-Origin': '*', 'Cache-Control': 'no-cache', 'ETag': 'W/"46e-tnAqkbqhncI+uf9a++fneTn6Uvo"', 'Vary': 'Accept-Encoding', 'Content-Encoding': 'gzip', 'CF-Cache-Status': 'DYNAMIC', 'Report-To': '{"endpoints":[{"url":"https:\\/\\/a.nel.cloudflare.com\\/report\\/v4?s=6ZusWHLxStAoJuWqrW30znUq4057YR91Ds%2BPVPXo%2FQI%2FLthIqmqGxiQnkRzKs%2FQwPqj992YcmKX62%2BPox%2FGIsZlF60oKZcRU6YrsHVoKouDt0DkCxvQ%2FqUHVVa7EYa4w"}],"group":"cf-nel","max_age":604800}', 'NEL': '{"success_fraction":0,"report_to":"cf-nel","max_age":604800}', 'Server': 'cloudflare', 'CF-RAY': '875afa5bab3d2311-ORD', 'alt-svc': 'h3=":443"; ma=86400'} 
 body={"results":[{"gender":"male","name":{"title":"Mr","first":"Kuzey","last":"Akışık"},"location":{"street":{"number":5536,"name":"Kushimoto Sk"},"city":"Kilis","state":"Giresun","country":"Turkey","postcode":15237,"coordinates":{"latitude":"71.6179","longitude":"-19.6696"},"timezone":{"offset":"+2:00","description":"Kaliningrad, South Africa"}},"email":"kuzey.akisik@example.com","login":{"uuid":"81883f50-426b-4ae5-bdb5-eff0cdd3cd14","username":"sadfrog937","password":"slappy","salt":"rlzRP6w9","md5":"81393b8c7ee8c4a1f25057e59f1dfea7","sha1":"d4e03ef57ca949debc35d665b126756b6d99d0f3","sha256":"5a39ae51e32ec2f0cd23597d363e14edfc9ac085fba058f32ae414487db78985"},"dob":{"date":"2000-11-06T15:41:39.621Z","age":23},"registered":{"date":"2022-05-18T15:18:15.761Z","age":1},"phone":"(788)-278-0299","cell":"(828)-618-2170","id":{"name":"","value":null},"picture":{"large":"https://randomuser.me/api/portraits/men/3.jpg","medium":"https://randomuser.me/api/portraits/med/men/3.jpg","thumbnail":"https://randomuser.me/api/portraits/thumb/men/3.jpg"},"nat":"TR"}],"info":{"seed":"ba5e72aeeec8d3ff","results":1,"page":1,"version":"1.4"}} 
 </msg>
<msg time="2024-04-17T08:17:18.701117" level="INFO">/opt/hostedtoolcache/Python/3.12.2/x64/lib/python3.12/site-packages/urllib3/connectionpool.py:1103: InsecureRequestWarning: Unverified HTTPS request is being made to host 'randomuser.me'. Adding certificate verification is strongly advised. See: https://urllib3.readthedocs.io/en/latest/advanced-usage.html#tls-warnings
  warnings.warn(</msg>
<msg time="2024-04-17T08:17:18.701284" level="INFO">${response} = &lt;Response [200]&gt;</msg>
<var>${response}</var>
<arg>consultarAPI</arg>
<arg>/api</arg>
<doc>Sends a GET request on a previously created HTTP Session.</doc>
<status status="PASS" start="2024-04-17T08:17:18.630286" elapsed="0.071043"/>
</kw>
<kw name="Should Be Equal As Numbers" owner="BuiltIn">
<msg time="2024-04-17T08:17:18.702385" level="INFO">Argument types are:
&lt;class 'int'&gt;
&lt;class 'str'&gt;</msg>
<arg>${response.status_code}</arg>
<arg>200</arg>
<doc>Fails if objects are unequal after converting them to real numbers.</doc>
<status status="PASS" start="2024-04-17T08:17:18.701897" elapsed="0.000554"/>
</kw>
<kw name="Log" owner="BuiltIn">
<msg time="2024-04-17T08:17:18.703135" level="INFO">200</msg>
<arg>${response.status_code}</arg>
<doc>Logs the given message with the given level.</doc>
<status status="PASS" start="2024-04-17T08:17:18.702785" elapsed="0.000394"/>
</kw>
<kw name="Set Variable" owner="BuiltIn">
<msg time="2024-04-17T08:17:18.703968" level="INFO">${json_data} = {'results': [{'gender': 'male', 'name': {'title': 'Mr', 'first': 'Kuzey', 'last': 'Akışık'}, 'location': {'street': {'number': 5536, 'name': 'Kushimoto Sk'}, 'city': 'Kilis', 'state': 'Giresun', 'coun...</msg>
<var>${json_data}</var>
<arg>${response.json()}</arg>
<doc>Returns the given values which can then be assigned to a variables.</doc>
<status status="PASS" start="2024-04-17T08:17:18.703514" elapsed="0.000485"/>
</kw>
<kw name="Dictionary Should Contain Key" owner="Collections">
<msg time="2024-04-17T08:17:18.704525" level="INFO">False</msg>
<arg>${json_data}</arg>
<arg>results</arg>
<doc>Fails if ``key`` is not found from ``dictionary``.</doc>
<status status="PASS" start="2024-04-17T08:17:18.704309" elapsed="0.000270"/>
</kw>
<status status="PASS" start="2024-04-17T08:17:18.630030" elapsed="0.074819"/>
</kw>
<doc>Testa se a API responde corretamente e retorna um objeto JSON válido.</doc>
<tag>testeRequisicaoBasica</tag>
<status status="PASS" start="2024-04-17T08:17:18.629565" elapsed="0.075477"/>
</test>
<test id="s1-s1-t3" name="Validar estrutura de resposta" line="22">
<kw name="Teste de Estrutura de Resposta" owner="random-user-service">
<kw name="GET On Session" owner="RequestsLibrary">
<msg time="2024-04-17T08:17:18.800122" level="INFO">GET Request : url=https://randomuser.me/api 
 path_url=/api 
 headers={'User-Agent': 'python-requests/2.31.0', 'Accept-Encoding': 'gzip, deflate', 'Accept': '*/*', 'Connection': 'keep-alive'} 
 body=None 
 </msg>
<msg time="2024-04-17T08:17:18.800312" level="INFO">GET Response : url=https://randomuser.me/api 
 status=200, reason=OK 
 headers={'Date': 'Wed, 17 Apr 2024 08:17:18 GMT', 'Content-Type': 'application/json; charset=utf-8', 'Transfer-Encoding': 'chunked', 'Connection': 'keep-alive', 'X-Powered-By': 'Express', 'Access-Control-Allow-Origin': '*', 'Cache-Control': 'no-cache', 'ETag': 'W/"495-hem5ubIzJozykjL7xaE+AMgy2u0"', 'Vary': 'Accept-Encoding', 'Content-Encoding': 'gzip', 'CF-Cache-Status': 'DYNAMIC', 'Report-To': '{"endpoints":[{"url":"https:\\/\\/a.nel.cloudflare.com\\/report\\/v4?s=w22cH2ODP6F3yWqqjyRUBZQB2%2FAG1d4p0E9Yl1jXODVFtplun0eyYoMdswdUu8F0ONZKXVCQKVzTYP7DR%2FyKvKPMl0xZL62rrORASZwD04bZ1PxeZQd4ISqm27VvbEkl"}],"group":"cf-nel","max_age":604800}', 'NEL': '{"success_fraction":0,"report_to":"cf-nel","max_age":604800}', 'Server': 'cloudflare', 'CF-RAY': '875afa5bfb702311-ORD', 'alt-svc': 'h3=":443"; ma=86400'} 
 body={"results":[{"gender":"female","name":{"title":"Miss","first":"Rita","last":"Harrison"},"location":{"street":{"number":7384,"name":"E North St"},"city":"Santa Maria","state":"Kentucky","country":"United States","postcode":35656,"coordinates":{"latitude":"83.5426","longitude":"18.2142"},"timezone":{"offset":"-7:00","description":"Mountain Time (US &amp; Canada)"}},"email":"rita.harrison@example.com","login":{"uuid":"c522b3c5-473c-4b2c-b246-08dc8ee6ce65","username":"heavybird574","password":"dodge1","salt":"EoUSkV8k","md5":"1f00de454078923be320ff31dc056c75","sha1":"cd55683b5b28ec9f936086024b2ab83fbb250d73","sha256":"cf99bf8c73e15d865d439e485c2e87c4c52d73f2dc473d78b39d0340ba27b47b"},"dob":{"date":"1992-12-20T12:30:05.250Z","age":31},"registered":{"date":"2017-05-21T11:46:36.727Z","age":6},"phone":"(984) 893-3218","cell":"(618) 380-3963","id":{"name":"SSN","value":"814-29-9491"},"picture":{"large":"https://randomuser.me/api/portraits/women/49.jpg","medium":"https://randomuser.me/api/portraits/med/women/49.jpg","thumbnail":"https://randomuser.me/api/portraits/thumb/women/49.jpg"},"nat":"US"}],"info":{"seed":"a349ae124b65fedb","results":1,"page":1,"version":"1.4"}} 
 </msg>
<msg time="2024-04-17T08:17:18.800613" level="INFO">/opt/hostedtoolcache/Python/3.12.2/x64/lib/python3.12/site-packages/urllib3/connectionpool.py:1103: InsecureRequestWarning: Unverified HTTPS request is being made to host 'randomuser.me'. Adding certificate verification is strongly advised. See: https://urllib3.readthedocs.io/en/latest/advanced-usage.html#tls-warnings
  warnings.warn(</msg>
<msg time="2024-04-17T08:17:18.800890" level="INFO">${response} = &lt;Response [200]&gt;</msg>
<var>${response}</var>
<arg>consultarAPI</arg>
<arg>/api</arg>
<doc>Sends a GET request on a previously created HTTP Session.</doc>
<status status="PASS" start="2024-04-17T08:17:18.708244" elapsed="0.092696"/>
</kw>
<kw name="Set Variable" owner="BuiltIn">
<msg time="2024-04-17T08:17:18.802275" level="INFO">${json_data} = {'results': [{'gender': 'female', 'name': {'title': 'Miss', 'first': 'Rita', 'last': 'Harrison'}, 'location': {'street': {'number': 7384, 'name': 'E North St'}, 'city': 'Santa Maria', 'state': 'Kentuc...</msg>
<var>${json_data}</var>
<arg>${response.json()}</arg>
<doc>Returns the given values which can then be assigned to a variables.</doc>
<status status="PASS" start="2024-04-17T08:17:18.801680" elapsed="0.000628"/>
</kw>
<kw name="Log" owner="BuiltIn">
<msg time="2024-04-17T08:17:18.802895" level="INFO">{'results': [{'gender': 'female', 'name': {'title': 'Miss', 'first': 'Rita', 'last': 'Harrison'}, 'location': {'street': {'number': 7384, 'name': 'E North St'}, 'city': 'Santa Maria', 'state': 'Kentucky', 'country': 'United States', 'postcode': 35656, 'coordinates': {'latitude': '83.5426', 'longitude': '18.2142'}, 'timezone': {'offset': '-7:00', 'description': 'Mountain Time (US &amp; Canada)'}}, 'email': 'rita.harrison@example.com', 'login': {'uuid': 'c522b3c5-473c-4b2c-b246-08dc8ee6ce65', 'username': 'heavybird574', 'password': 'dodge1', 'salt': 'EoUSkV8k', 'md5': '1f00de454078923be320ff31dc056c75', 'sha1': 'cd55683b5b28ec9f936086024b2ab83fbb250d73', 'sha256': 'cf99bf8c73e15d865d439e485c2e87c4c52d73f2dc473d78b39d0340ba27b47b'}, 'dob': {'date': '1992-12-20T12:30:05.250Z', 'age': 31}, 'registered': {'date': '2017-05-21T11:46:36.727Z', 'age': 6}, 'phone': '(984) 893-3218', 'cell': '(618) 380-3963', 'id': {'name': 'SSN', 'value': '814-29-9491'}, 'picture': {'large': 'https://randomuser.me/api/portraits/women/49.jpg', 'medium': 'https://randomuser.me/api/portraits/med/women/49.jpg', 'thumbnail': 'https://randomuser.me/api/portraits/thumb/women/49.jpg'}, 'nat': 'US'}], 'info': {'seed': 'a349ae124b65fedb', 'results': 1, 'page': 1, 'version': '1.4'}}</msg>
<arg>${json_data}</arg>
<doc>Logs the given message with the given level.</doc>
<status status="PASS" start="2024-04-17T08:17:18.802704" elapsed="0.000248"/>
</kw>
<kw name="Dictionary Should Contain Key" owner="Collections">
<msg time="2024-04-17T08:17:18.803488" level="INFO">False</msg>
<arg>${json_data}</arg>
<arg>results</arg>
<doc>Fails if ``key`` is not found from ``dictionary``.</doc>
<status status="PASS" start="2024-04-17T08:17:18.803299" elapsed="0.000231"/>
</kw>
<kw name="Should Not Be Empty" owner="BuiltIn">
<msg time="2024-04-17T08:17:18.804039" level="INFO">Length is 2.</msg>
<arg>${json_data}</arg>
<doc>Verifies that the given item is not empty.</doc>
<status status="PASS" start="2024-04-17T08:17:18.803879" elapsed="0.000211"/>
</kw>
<kw name="Create List" owner="BuiltIn">
<msg time="2024-04-17T08:17:18.804631" level="INFO">${expected_keys} = ['gender', 'name', 'location', 'email', 'login']</msg>
<var>${expected_keys}</var>
<arg>gender</arg>
<arg>name</arg>
<arg>location</arg>
<arg>email</arg>
<arg>login</arg>
<doc>Returns a list containing given items.</doc>
<status status="PASS" start="2024-04-17T08:17:18.804453" elapsed="0.000209"/>
</kw>
<for flavor="IN">
<iter>
<kw name="Dictionary Should Contain Key" owner="Collections">
<msg time="2024-04-17T08:17:18.805782" level="INFO">False</msg>
<arg>${json_data['results'][0]}</arg>
<arg>${key}</arg>
<doc>Fails if ``key`` is not found from ``dictionary``.</doc>
<status status="PASS" start="2024-04-17T08:17:18.805341" elapsed="0.000486"/>
</kw>
<kw name="Log" owner="BuiltIn">
<msg time="2024-04-17T08:17:18.806581" level="INFO">{'gender': 'female', 'name': {'title': 'Miss', 'first': 'Rita', 'last': 'Harrison'}, 'location': {'street': {'number': 7384, 'name': 'E North St'}, 'city': 'Santa Maria', 'state': 'Kentucky', 'country': 'United States', 'postcode': 35656, 'coordinates': {'latitude': '83.5426', 'longitude': '18.2142'}, 'timezone': {'offset': '-7:00', 'description': 'Mountain Time (US &amp; Canada)'}}, 'email': 'rita.harrison@example.com', 'login': {'uuid': 'c522b3c5-473c-4b2c-b246-08dc8ee6ce65', 'username': 'heavybird574', 'password': 'dodge1', 'salt': 'EoUSkV8k', 'md5': '1f00de454078923be320ff31dc056c75', 'sha1': 'cd55683b5b28ec9f936086024b2ab83fbb250d73', 'sha256': 'cf99bf8c73e15d865d439e485c2e87c4c52d73f2dc473d78b39d0340ba27b47b'}, 'dob': {'date': '1992-12-20T12:30:05.250Z', 'age': 31}, 'registered': {'date': '2017-05-21T11:46:36.727Z', 'age': 6}, 'phone': '(984) 893-3218', 'cell': '(618) 380-3963', 'id': {'name': 'SSN', 'value': '814-29-9491'}, 'picture': {'large': 'https://randomuser.me/api/portraits/women/49.jpg', 'medium': 'https://randomuser.me/api/portraits/med/women/49.jpg', 'thumbnail': 'https://randomuser.me/api/portraits/thumb/women/49.jpg'}, 'nat': 'US'}</msg>
<arg>${json_data['results'][0]}</arg>
<doc>Logs the given message with the given level.</doc>
<status status="PASS" start="2024-04-17T08:17:18.806179" elapsed="0.000457"/>
</kw>
<kw name="Log" owner="BuiltIn">
<msg time="2024-04-17T08:17:18.807100" level="INFO">gender</msg>
<arg>${key}</arg>
<doc>Logs the given message with the given level.</doc>
<status status="PASS" start="2024-04-17T08:17:18.806963" elapsed="0.000177"/>
</kw>
<var name="${key}">gender</var>
<status status="PASS" start="2024-04-17T08:17:18.805191" elapsed="0.002193"/>
</iter>
<iter>
<kw name="Dictionary Should Contain Key" owner="Collections">
<msg time="2024-04-17T08:17:18.808112" level="INFO">False</msg>
<arg>${json_data['results'][0]}</arg>
<arg>${key}</arg>
<doc>Fails if ``key`` is not found from ``dictionary``.</doc>
<status status="PASS" start="2024-04-17T08:17:18.807718" elapsed="0.000434"/>
</kw>
<kw name="Log" owner="BuiltIn">
<msg time="2024-04-17T08:17:18.808951" level="INFO">{'gender': 'female', 'name': {'title': 'Miss', 'first': 'Rita', 'last': 'Harrison'}, 'location': {'street': {'number': 7384, 'name': 'E North St'}, 'city': 'Santa Maria', 'state': 'Kentucky', 'country': 'United States', 'postcode': 35656, 'coordinates': {'latitude': '83.5426', 'longitude': '18.2142'}, 'timezone': {'offset': '-7:00', 'description': 'Mountain Time (US &amp; Canada)'}}, 'email': 'rita.harrison@example.com', 'login': {'uuid': 'c522b3c5-473c-4b2c-b246-08dc8ee6ce65', 'username': 'heavybird574', 'password': 'dodge1', 'salt': 'EoUSkV8k', 'md5': '1f00de454078923be320ff31dc056c75', 'sha1': 'cd55683b5b28ec9f936086024b2ab83fbb250d73', 'sha256': 'cf99bf8c73e15d865d439e485c2e87c4c52d73f2dc473d78b39d0340ba27b47b'}, 'dob': {'date': '1992-12-20T12:30:05.250Z', 'age': 31}, 'registered': {'date': '2017-05-21T11:46:36.727Z', 'age': 6}, 'phone': '(984) 893-3218', 'cell': '(618) 380-3963', 'id': {'name': 'SSN', 'value': '814-29-9491'}, 'picture': {'large': 'https://randomuser.me/api/portraits/women/49.jpg', 'medium': 'https://randomuser.me/api/portraits/med/women/49.jpg', 'thumbnail': 'https://randomuser.me/api/portraits/thumb/women/49.jpg'}, 'nat': 'US'}</msg>
<arg>${json_data['results'][0]}</arg>
<doc>Logs the given message with the given level.</doc>
<status status="PASS" start="2024-04-17T08:17:18.808544" elapsed="0.000472"/>
</kw>
<kw name="Log" owner="BuiltIn">
<msg time="2024-04-17T08:17:18.809527" level="INFO">name</msg>
<arg>${key}</arg>
<doc>Logs the given message with the given level.</doc>
<status status="PASS" start="2024-04-17T08:17:18.809364" elapsed="0.000208"/>
</kw>
<var name="${key}">name</var>
<status status="PASS" start="2024-04-17T08:17:18.807596" elapsed="0.002244"/>
</iter>
<iter>
<kw name="Dictionary Should Contain Key" owner="Collections">
<msg time="2024-04-17T08:17:18.810534" level="INFO">False</msg>
<arg>${json_data['results'][0]}</arg>
<arg>${key}</arg>
<doc>Fails if ``key`` is not found from ``dictionary``.</doc>
<status status="PASS" start="2024-04-17T08:17:18.810145" elapsed="0.000428"/>
</kw>
<kw name="Log" owner="BuiltIn">
<msg time="2024-04-17T08:17:18.811263" level="INFO">{'gender': 'female', 'name': {'title': 'Miss', 'first': 'Rita', 'last': 'Harrison'}, 'location': {'street': {'number': 7384, 'name': 'E North St'}, 'city': 'Santa Maria', 'state': 'Kentucky', 'country': 'United States', 'postcode': 35656, 'coordinates': {'latitude': '83.5426', 'longitude': '18.2142'}, 'timezone': {'offset': '-7:00', 'description': 'Mountain Time (US &amp; Canada)'}}, 'email': 'rita.harrison@example.com', 'login': {'uuid': 'c522b3c5-473c-4b2c-b246-08dc8ee6ce65', 'username': 'heavybird574', 'password': 'dodge1', 'salt': 'EoUSkV8k', 'md5': '1f00de454078923be320ff31dc056c75', 'sha1': 'cd55683b5b28ec9f936086024b2ab83fbb250d73', 'sha256': 'cf99bf8c73e15d865d439e485c2e87c4c52d73f2dc473d78b39d0340ba27b47b'}, 'dob': {'date': '1992-12-20T12:30:05.250Z', 'age': 31}, 'registered': {'date': '2017-05-21T11:46:36.727Z', 'age': 6}, 'phone': '(984) 893-3218', 'cell': '(618) 380-3963', 'id': {'name': 'SSN', 'value': '814-29-9491'}, 'picture': {'large': 'https://randomuser.me/api/portraits/women/49.jpg', 'medium': 'https://randomuser.me/api/portraits/med/women/49.jpg', 'thumbnail': 'https://randomuser.me/api/portraits/thumb/women/49.jpg'}, 'nat': 'US'}</msg>
<arg>${json_data['results'][0]}</arg>
<doc>Logs the given message with the given level.</doc>
<status status="PASS" start="2024-04-17T08:17:18.810883" elapsed="0.000433"/>
</kw>
<kw name="Log" owner="BuiltIn">
<msg time="2024-04-17T08:17:18.811768" level="INFO">location</msg>
<arg>${key}</arg>
<doc>Logs the given message with the given level.</doc>
<status status="PASS" start="2024-04-17T08:17:18.811633" elapsed="0.000175"/>
</kw>
<var name="${key}">location</var>
<status status="PASS" start="2024-04-17T08:17:18.810030" elapsed="0.002006"/>
</iter>
<iter>
<kw name="Dictionary Should Contain Key" owner="Collections">
<msg time="2024-04-17T08:17:18.812773" level="INFO">False</msg>
<arg>${json_data['results'][0]}</arg>
<arg>${key}</arg>
<doc>Fails if ``key`` is not found from ``dictionary``.</doc>
<status status="PASS" start="2024-04-17T08:17:18.812338" elapsed="0.000483"/>
</kw>
<kw name="Log" owner="BuiltIn">
<msg time="2024-04-17T08:17:18.813498" level="INFO">{'gender': 'female', 'name': {'title': 'Miss', 'first': 'Rita', 'last': 'Harrison'}, 'location': {'street': {'number': 7384, 'name': 'E North St'}, 'city': 'Santa Maria', 'state': 'Kentucky', 'country': 'United States', 'postcode': 35656, 'coordinates': {'latitude': '83.5426', 'longitude': '18.2142'}, 'timezone': {'offset': '-7:00', 'description': 'Mountain Time (US &amp; Canada)'}}, 'email': 'rita.harrison@example.com', 'login': {'uuid': 'c522b3c5-473c-4b2c-b246-08dc8ee6ce65', 'username': 'heavybird574', 'password': 'dodge1', 'salt': 'EoUSkV8k', 'md5': '1f00de454078923be320ff31dc056c75', 'sha1': 'cd55683b5b28ec9f936086024b2ab83fbb250d73', 'sha256': 'cf99bf8c73e15d865d439e485c2e87c4c52d73f2dc473d78b39d0340ba27b47b'}, 'dob': {'date': '1992-12-20T12:30:05.250Z', 'age': 31}, 'registered': {'date': '2017-05-21T11:46:36.727Z', 'age': 6}, 'phone': '(984) 893-3218', 'cell': '(618) 380-3963', 'id': {'name': 'SSN', 'value': '814-29-9491'}, 'picture': {'large': 'https://randomuser.me/api/portraits/women/49.jpg', 'medium': 'https://randomuser.me/api/portraits/med/women/49.jpg', 'thumbnail': 'https://randomuser.me/api/portraits/thumb/women/49.jpg'}, 'nat': 'US'}</msg>
<arg>${json_data['results'][0]}</arg>
<doc>Logs the given message with the given level.</doc>
<status status="PASS" start="2024-04-17T08:17:18.813131" elapsed="0.000417"/>
</kw>
<kw name="Log" owner="BuiltIn">
<msg time="2024-04-17T08:17:18.813980" level="INFO">email</msg>
<arg>${key}</arg>
<doc>Logs the given message with the given level.</doc>
<status status="PASS" start="2024-04-17T08:17:18.813851" elapsed="0.000167"/>
</kw>
<var name="${key}">email</var>
<status status="PASS" start="2024-04-17T08:17:18.812215" elapsed="0.002019"/>
</iter>
<iter>
<kw name="Dictionary Should Contain Key" owner="Collections">
<msg time="2024-04-17T08:17:18.814900" level="INFO">False</msg>
<arg>${json_data['results'][0]}</arg>
<arg>${key}</arg>
<doc>Fails if ``key`` is not found from ``dictionary``.</doc>
<status status="PASS" start="2024-04-17T08:17:18.814520" elapsed="0.000418"/>
</kw>
<kw name="Log" owner="BuiltIn">
<msg time="2024-04-17T08:17:18.815594" level="INFO">{'gender': 'female', 'name': {'title': 'Miss', 'first': 'Rita', 'last': 'Harrison'}, 'location': {'street': {'number': 7384, 'name': 'E North St'}, 'city': 'Santa Maria', 'state': 'Kentucky', 'country': 'United States', 'postcode': 35656, 'coordinates': {'latitude': '83.5426', 'longitude': '18.2142'}, 'timezone': {'offset': '-7:00', 'description': 'Mountain Time (US &amp; Canada)'}}, 'email': 'rita.harrison@example.com', 'login': {'uuid': 'c522b3c5-473c-4b2c-b246-08dc8ee6ce65', 'username': 'heavybird574', 'password': 'dodge1', 'salt': 'EoUSkV8k', 'md5': '1f00de454078923be320ff31dc056c75', 'sha1': 'cd55683b5b28ec9f936086024b2ab83fbb250d73', 'sha256': 'cf99bf8c73e15d865d439e485c2e87c4c52d73f2dc473d78b39d0340ba27b47b'}, 'dob': {'date': '1992-12-20T12:30:05.250Z', 'age': 31}, 'registered': {'date': '2017-05-21T11:46:36.727Z', 'age': 6}, 'phone': '(984) 893-3218', 'cell': '(618) 380-3963', 'id': {'name': 'SSN', 'value': '814-29-9491'}, 'picture': {'large': 'https://randomuser.me/api/portraits/women/49.jpg', 'medium': 'https://randomuser.me/api/portraits/med/women/49.jpg', 'thumbnail': 'https://randomuser.me/api/portraits/thumb/women/49.jpg'}, 'nat': 'US'}</msg>
<arg>${json_data['results'][0]}</arg>
<doc>Logs the given message with the given level.</doc>
<status status="PASS" start="2024-04-17T08:17:18.815241" elapsed="0.000401"/>
</kw>
<kw name="Log" owner="BuiltIn">
<msg time="2024-04-17T08:17:18.816071" level="INFO">login</msg>
<arg>${key}</arg>
<doc>Logs the given message with the given level.</doc>
<status status="PASS" start="2024-04-17T08:17:18.815941" elapsed="0.000168"/>
</kw>
<var name="${key}">login</var>
<status status="PASS" start="2024-04-17T08:17:18.814408" elapsed="0.001945"/>
</iter>
<var>${key}</var>
<value>@{expected_keys}</value>
<status status="PASS" start="2024-04-17T08:17:18.804967" elapsed="0.011559"/>
</for>
<kw name="Create List" owner="BuiltIn">
<msg time="2024-04-17T08:17:18.816873" level="INFO">${expected_keysTwo} = ['username', 'password']</msg>
<var>${expected_keysTwo}</var>
<arg>username</arg>
<arg>password</arg>
<doc>Returns a list containing given items.</doc>
<status status="PASS" start="2024-04-17T08:17:18.816732" elapsed="0.000164"/>
</kw>
<for flavor="IN">
<iter>
<kw name="Dictionary Should Contain Key" owner="Collections">
<msg time="2024-04-17T08:17:18.817929" level="INFO">False</msg>
<arg>${json_data['results'][0]['login']}</arg>
<arg>${keyTwo}</arg>
<doc>Fails if ``key`` is not found from ``dictionary``.</doc>
<status status="PASS" start="2024-04-17T08:17:18.817541" elapsed="0.000427"/>
</kw>
<kw name="Dictionary Should Contain Key" owner="Collections">
<msg time="2024-04-17T08:17:18.818657" level="INFO">False</msg>
<arg>${json_data['results'][0]['login']}</arg>
<arg>${keyTwo}</arg>
<doc>Fails if ``key`` is not found from ``dictionary``.</doc>
<status status="PASS" start="2024-04-17T08:17:18.818272" elapsed="0.000423"/>
</kw>
<kw name="Log" owner="BuiltIn">
<msg time="2024-04-17T08:17:18.819133" level="INFO">username</msg>
<arg>${keyTwo}</arg>
<doc>Logs the given message with the given level.</doc>
<status status="PASS" start="2024-04-17T08:17:18.819000" elapsed="0.000171"/>
</kw>
<var name="${keyTwo}">username</var>
<status status="PASS" start="2024-04-17T08:17:18.817421" elapsed="0.001966"/>
</iter>
<iter>
<kw name="Dictionary Should Contain Key" owner="Collections">
<msg time="2024-04-17T08:17:18.820046" level="INFO">False</msg>
<arg>${json_data['results'][0]['login']}</arg>
<arg>${keyTwo}</arg>
<doc>Fails if ``key`` is not found from ``dictionary``.</doc>
<status status="PASS" start="2024-04-17T08:17:18.819672" elapsed="0.000411"/>
</kw>
<kw name="Dictionary Should Contain Key" owner="Collections">
<msg time="2024-04-17T08:17:18.820808" level="INFO">False</msg>
<arg>${json_data['results'][0]['login']}</arg>
<arg>${keyTwo}</arg>
<doc>Fails if ``key`` is not found from ``dictionary``.</doc>
<status status="PASS" start="2024-04-17T08:17:18.820380" elapsed="0.000465"/>
</kw>
<kw name="Log" owner="BuiltIn">
<msg time="2024-04-17T08:17:18.821292" level="INFO">password</msg>
<arg>${keyTwo}</arg>
<doc>Logs the given message with the given level.</doc>
<status status="PASS" start="2024-04-17T08:17:18.821160" elapsed="0.000169"/>
</kw>
<var name="${keyTwo}">password</var>
<status status="PASS" start="2024-04-17T08:17:18.819562" elapsed="0.001989"/>
</iter>
<var>${keyTwo}</var>
<value>@{expected_keysTwo}</value>
<status status="PASS" start="2024-04-17T08:17:18.817140" elapsed="0.004534"/>
</for>
<status status="PASS" start="2024-04-17T08:17:18.707885" elapsed="0.113932"/>
</kw>
<doc>Testa a estrutura da resposta da API.</doc>
<tag>testeEstruturaResposta</tag>
<status status="PASS" start="2024-04-17T08:17:18.706866" elapsed="0.115118"/>
</test>
<test id="s1-s1-t4" name="Validar tipos de dados" line="28">
<kw name="Teste de Tipos de Dados" owner="random-user-service">
<kw name="GET On Session" owner="RequestsLibrary">
<msg time="2024-04-17T08:17:18.907193" level="INFO">GET Request : url=https://randomuser.me/api 
 path_url=/api 
 headers={'User-Agent': 'python-requests/2.31.0', 'Accept-Encoding': 'gzip, deflate', 'Accept': '*/*', 'Connection': 'keep-alive'} 
 body=None 
 </msg>
<msg time="2024-04-17T08:17:18.907290" level="INFO">GET Response : url=https://randomuser.me/api 
 status=200, reason=OK 
 headers={'Date': 'Wed, 17 Apr 2024 08:17:18 GMT', 'Content-Type': 'application/json; charset=utf-8', 'Transfer-Encoding': 'chunked', 'Connection': 'keep-alive', 'X-Powered-By': 'Express', 'Access-Control-Allow-Origin': '*', 'Cache-Control': 'no-cache', 'ETag': 'W/"490-mbwkBuTZhWwxQ5uQ62v6XYaSoTM"', 'Vary': 'Accept-Encoding', 'Content-Encoding': 'gzip', 'CF-Cache-Status': 'DYNAMIC', 'Report-To': '{"endpoints":[{"url":"https:\\/\\/a.nel.cloudflare.com\\/report\\/v4?s=6uyGrueZ8OaK%2FfGjTCi2PxINNoZd4GZUrZVELN0Vhdns4k4Jh25sSKf7ZEzWUvggoeU13EEodnNXIJt40q5rlH%2FPMp20jkRFlDno%2FjwwKWPK8sl4Gl3K2Am0NuK3ljWZ"}],"group":"cf-nel","max_age":604800}', 'NEL': '{"success_fraction":0,"report_to":"cf-nel","max_age":604800}', 'Server': 'cloudflare', 'CF-RAY': '875afa5cabe82311-ORD', 'alt-svc': 'h3=":443"; ma=86400'} 
 body={"results":[{"gender":"male","name":{"title":"Mr","first":"Jordan","last":"Cooper"},"location":{"street":{"number":5968,"name":"Pine Hill Road"},"city":"Upper Hutt","state":"Canterbury","country":"New Zealand","postcode":73563,"coordinates":{"latitude":"53.4953","longitude":"-9.3661"},"timezone":{"offset":"+11:00","description":"Magadan, Solomon Islands, New Caledonia"}},"email":"jordan.cooper@example.com","login":{"uuid":"91f9ad2b-b2c7-4b77-ad2e-fa4d2fab5faf","username":"blacktiger984","password":"sites","salt":"UhWDUBD3","md5":"970c50a6eda12eef6e2d39a49c62dd25","sha1":"6f8e50b1d965b54bf0f57f72baed2fb3efe0c529","sha256":"0b4a8e998e4457e10422e32cb9542a732bf5ce2a15e85e590ada4c093e7c85e7"},"dob":{"date":"1981-08-30T08:11:44.967Z","age":42},"registered":{"date":"2008-03-05T03:44:24.166Z","age":16},"phone":"(196)-739-6917","cell":"(230)-965-5933","id":{"name":"","value":null},"picture":{"large":"https://randomuser.me/api/portraits/men/82.jpg","medium":"https://randomuser.me/api/portraits/med/men/82.jpg","thumbnail":"https://randomuser.me/api/portraits/thumb/men/82.jpg"},"nat":"NZ"}],"info":{"seed":"eaa8df8036b8a0d8","results":1,"page":1,"version":"1.4"}} 
 </msg>
<msg time="2024-04-17T08:17:18.907361" level="INFO">/opt/hostedtoolcache/Python/3.12.2/x64/lib/python3.12/site-packages/urllib3/connectionpool.py:1103: InsecureRequestWarning: Unverified HTTPS request is being made to host 'randomuser.me'. Adding certificate verification is strongly advised. See: https://urllib3.readthedocs.io/en/latest/advanced-usage.html#tls-warnings
  warnings.warn(</msg>
<msg time="2024-04-17T08:17:18.907494" level="INFO">${response} = &lt;Response [200]&gt;</msg>
<var>${response}</var>
<arg>consultarAPI</arg>
<arg>/api</arg>
<doc>Sends a GET request on a previously created HTTP Session.</doc>
<status status="PASS" start="2024-04-17T08:17:18.824654" elapsed="0.082879"/>
</kw>
<kw name="Set Variable" owner="BuiltIn">
<msg time="2024-04-17T08:17:18.908760" level="INFO">${json_data} = {'results': [{'gender': 'male', 'name': {'title': 'Mr', 'first': 'Jordan', 'last': 'Cooper'}, 'location': {'street': {'number': 5968, 'name': 'Pine Hill Road'}, 'city': 'Upper Hutt', 'state': 'Canterb...</msg>
<var>${json_data}</var>
<arg>${response.json()}</arg>
<doc>Returns the given values which can then be assigned to a variables.</doc>
<status status="PASS" start="2024-04-17T08:17:18.908162" elapsed="0.000627"/>
</kw>
<kw name="Log" owner="BuiltIn">
<msg time="2024-04-17T08:17:18.909274" level="INFO">{'results': [{'gender': 'male', 'name': {'title': 'Mr', 'first': 'Jordan', 'last': 'Cooper'}, 'location': {'street': {'number': 5968, 'name': 'Pine Hill Road'}, 'city': 'Upper Hutt', 'state': 'Canterbury', 'country': 'New Zealand', 'postcode': 73563, 'coordinates': {'latitude': '53.4953', 'longitude': '-9.3661'}, 'timezone': {'offset': '+11:00', 'description': 'Magadan, Solomon Islands, New Caledonia'}}, 'email': 'jordan.cooper@example.com', 'login': {'uuid': '91f9ad2b-b2c7-4b77-ad2e-fa4d2fab5faf', 'username': 'blacktiger984', 'password': 'sites', 'salt': 'UhWDUBD3', 'md5': '970c50a6eda12eef6e2d39a49c62dd25', 'sha1': '6f8e50b1d965b54bf0f57f72baed2fb3efe0c529', 'sha256': '0b4a8e998e4457e10422e32cb9542a732bf5ce2a15e85e590ada4c093e7c85e7'}, 'dob': {'date': '1981-08-30T08:11:44.967Z', 'age': 42}, 'registered': {'date': '2008-03-05T03:44:24.166Z', 'age': 16}, 'phone': '(196)-739-6917', 'cell': '(230)-965-5933', 'id': {'name': '', 'value': None}, 'picture': {'large': 'https://randomuser.me/api/portraits/men/82.jpg', 'medium': 'https://randomuser.me/api/portraits/med/men/82.jpg', 'thumbnail': 'https://randomuser.me/api/portraits/thumb/men/82.jpg'}, 'nat': 'NZ'}], 'info': {'seed': 'eaa8df8036b8a0d8', 'results': 1, 'page': 1, 'version': '1.4'}}</msg>
<arg>${json_data}</arg>
<doc>Logs the given message with the given level.</doc>
<status status="PASS" start="2024-04-17T08:17:18.909115" elapsed="0.000246"/>
</kw>
<kw name="Should Be String" owner="String">
<arg>${json_data['results'][0]['gender']}</arg>
<doc>Fails if the given ``item`` is not a string.</doc>
<status status="PASS" start="2024-04-17T08:17:18.909669" elapsed="0.000368"/>
</kw>
<kw name="Should Match Regexp" owner="BuiltIn">
<arg>${json_data['results'][0]['email']}</arg>
<arg>^[a-zA-Z0-9._%+-]+@[a-zA-Z0-9.-]+\.[a-zA-Z]{2,}$</arg>
<doc>Fails if ``string`` does not match ``pattern`` as a regular expression.</doc>
<status status="PASS" start="2024-04-17T08:17:18.910232" elapsed="0.000514"/>
</kw>
<kw name="Should Match Regexp" owner="BuiltIn">
<arg>${json_data['results'][0]['dob']['date']}</arg>
<arg>\\d{4}-\\d{2}-\\d{2}T\\d{2}:\\d{2}:\\d{2}\\.\\d{3}Z</arg>
<doc>Fails if ``string`` does not match ``pattern`` as a regular expression.</doc>
<status status="PASS" start="2024-04-17T08:17:18.910944" elapsed="0.000491"/>
</kw>
<kw name="Should Match Regexp" owner="BuiltIn">
<arg>${json_data['results'][0]['registered']['date']}</arg>
<arg>\\d{4}-\\d{2}-\\d{2}T\\d{2}:\\d{2}:\\d{2}\\.\\d{3}Z</arg>
<doc>Fails if ``string`` does not match ``pattern`` as a regular expression.</doc>
<status status="PASS" start="2024-04-17T08:17:18.911635" elapsed="0.000368"/>
</kw>
<kw name="Should Match Regexp" owner="BuiltIn">
<arg>${json_data['results'][0]['picture']['large']}</arg>
<arg>^https?://.*\.(?:png|jpe?g|gif|bmp)$</arg>
<doc>Fails if ``string`` does not match ``pattern`` as a regular expression.</doc>
<status status="PASS" start="2024-04-17T08:17:18.912192" elapsed="0.000510"/>
</kw>
<kw name="Should Match Regexp" owner="BuiltIn">
<arg>${json_data['results'][0]['picture']['medium']}</arg>
<arg>^https?://.*\.(?:png|jpe?g|gif|bmp)$</arg>
<doc>Fails if ``string`` does not match ``pattern`` as a regular expression.</doc>
<status status="PASS" start="2024-04-17T08:17:18.912894" elapsed="0.000350"/>
</kw>
<kw name="Should Match Regexp" owner="BuiltIn">
<arg>${json_data['results'][0]['picture']['thumbnail']}</arg>
<arg>^https?://.*\.(?:png|jpe?g|gif|bmp)$</arg>
<doc>Fails if ``string`` does not match ``pattern`` as a regular expression.</doc>
<status status="PASS" start="2024-04-17T08:17:18.913428" elapsed="0.000375"/>
</kw>
<kw name="Log" owner="BuiltIn">
<msg time="2024-04-17T08:17:18.914317" level="INFO">{'large': 'https://randomuser.me/api/portraits/men/82.jpg', 'medium': 'https://randomuser.me/api/portraits/med/men/82.jpg', 'thumbnail': 'https://randomuser.me/api/portraits/thumb/men/82.jpg'}</msg>
<arg>${json_data['results'][0]['picture']}</arg>
<doc>Logs the given message with the given level.</doc>
<status status="PASS" start="2024-04-17T08:17:18.913986" elapsed="0.000373"/>
</kw>
<status status="PASS" start="2024-04-17T08:17:18.824378" elapsed="0.090256"/>
</kw>
<kw name="Teste de Tipos de Dados - Postcode" owner="random-user-service">
<kw name="GET On Session" owner="RequestsLibrary">
<msg time="2024-04-17T08:17:19.001493" level="INFO">GET Request : url=https://randomuser.me/api 
 path_url=/api 
 headers={'User-Agent': 'python-requests/2.31.0', 'Accept-Encoding': 'gzip, deflate', 'Accept': '*/*', 'Connection': 'keep-alive'} 
 body=None 
 </msg>
<msg time="2024-04-17T08:17:19.001594" level="INFO">GET Response : url=https://randomuser.me/api 
 status=200, reason=OK 
 headers={'Date': 'Wed, 17 Apr 2024 08:17:19 GMT', 'Content-Type': 'application/json; charset=utf-8', 'Transfer-Encoding': 'chunked', 'Connection': 'keep-alive', 'X-Powered-By': 'Express', 'Access-Control-Allow-Origin': '*', 'Cache-Control': 'no-cache', 'ETag': 'W/"4a2-8yLtZ94w9LlPMHv70wsKQrzmda8"', 'Vary': 'Accept-Encoding', 'Content-Encoding': 'gzip', 'CF-Cache-Status': 'DYNAMIC', 'Report-To': '{"endpoints":[{"url":"https:\\/\\/a.nel.cloudflare.com\\/report\\/v4?s=MlLQcPeBwPMiR48NKP8iOqwNmgO8fpybdAvSNqpjLyBhnhyKWKQB4pihrT4DGpS5OiEIZzq0kQknrbip4%2FD%2FyTQS2800uLNC0e29RpPcFTVIFw3m%2BMCFPZZeZZ18g28g"}],"group":"cf-nel","max_age":604800}', 'NEL': '{"success_fraction":0,"report_to":"cf-nel","max_age":604800}', 'Server': 'cloudflare', 'CF-RAY': '875afa5d3c392311-ORD', 'alt-svc': 'h3=":443"; ma=86400'} 
 body={"results":[{"gender":"female","name":{"title":"Mrs","first":"Noélie","last":"Guerin"},"location":{"street":{"number":6270,"name":"Rue Abel-Ferry"},"city":"Marseille","state":"Moselle","country":"France","postcode":17624,"coordinates":{"latitude":"-21.2667","longitude":"32.3955"},"timezone":{"offset":"+9:00","description":"Tokyo, Seoul, Osaka, Sapporo, Yakutsk"}},"email":"noelie.guerin@example.com","login":{"uuid":"d69ea57b-12aa-4f58-b67b-bc92af3659c6","username":"redpeacock781","password":"jared","salt":"jON7wG0x","md5":"026bab0f766cfdfd65838629506610d2","sha1":"52b45f03517776bccaf8750cd34565b5ecdde1af","sha256":"c53fa4b404c45b14a05e7850b95a88227b5f7f7a55b95ac8f40d6ecbd805a6fa"},"dob":{"date":"1977-04-15T05:12:29.315Z","age":47},"registered":{"date":"2004-12-10T07:36:26.072Z","age":19},"phone":"05-24-36-84-03","cell":"06-33-66-69-02","id":{"name":"INSEE","value":"2770300678261 18"},"picture":{"large":"https://randomuser.me/api/portraits/women/64.jpg","medium":"https://randomuser.me/api/portraits/med/women/64.jpg","thumbnail":"https://randomuser.me/api/portraits/thumb/women/64.jpg"},"nat":"FR"}],"info":{"seed":"e27f64c0c99bf2d9","results":1,"page":1,"version":"1.4"}} 
 </msg>
<msg time="2024-04-17T08:17:19.001690" level="INFO">/opt/hostedtoolcache/Python/3.12.2/x64/lib/python3.12/site-packages/urllib3/connectionpool.py:1103: InsecureRequestWarning: Unverified HTTPS request is being made to host 'randomuser.me'. Adding certificate verification is strongly advised. See: https://urllib3.readthedocs.io/en/latest/advanced-usage.html#tls-warnings
  warnings.warn(</msg>
<msg time="2024-04-17T08:17:19.001814" level="INFO">${response} = &lt;Response [200]&gt;</msg>
<var>${response}</var>
<arg>consultarAPI</arg>
<arg>/api</arg>
<doc>Sends a GET request on a previously created HTTP Session.</doc>
<status status="PASS" start="2024-04-17T08:17:18.915118" elapsed="0.086733"/>
</kw>
<kw name="Set Variable" owner="BuiltIn">
<msg time="2024-04-17T08:17:19.002915" level="INFO">${json_data} = {'results': [{'gender': 'female', 'name': {'title': 'Mrs', 'first': 'Noélie', 'last': 'Guerin'}, 'location': {'street': {'number': 6270, 'name': 'Rue Abel-Ferry'}, 'city': 'Marseille', 'state': 'Mosel...</msg>
<var>${json_data}</var>
<arg>${response.json()}</arg>
<doc>Returns the given values which can then be assigned to a variables.</doc>
<status status="PASS" start="2024-04-17T08:17:19.002402" elapsed="0.000542"/>
</kw>
<kw name="Log" owner="BuiltIn">
<msg time="2024-04-17T08:17:19.003419" level="INFO">{'results': [{'gender': 'female', 'name': {'title': 'Mrs', 'first': 'Noélie', 'last': 'Guerin'}, 'location': {'street': {'number': 6270, 'name': 'Rue Abel-Ferry'}, 'city': 'Marseille', 'state': 'Moselle', 'country': 'France', 'postcode': 17624, 'coordinates': {'latitude': '-21.2667', 'longitude': '32.3955'}, 'timezone': {'offset': '+9:00', 'description': 'Tokyo, Seoul, Osaka, Sapporo, Yakutsk'}}, 'email': 'noelie.guerin@example.com', 'login': {'uuid': 'd69ea57b-12aa-4f58-b67b-bc92af3659c6', 'username': 'redpeacock781', 'password': 'jared', 'salt': 'jON7wG0x', 'md5': '026bab0f766cfdfd65838629506610d2', 'sha1': '52b45f03517776bccaf8750cd34565b5ecdde1af', 'sha256': 'c53fa4b404c45b14a05e7850b95a88227b5f7f7a55b95ac8f40d6ecbd805a6fa'}, 'dob': {'date': '1977-04-15T05:12:29.315Z', 'age': 47}, 'registered': {'date': '2004-12-10T07:36:26.072Z', 'age': 19}, 'phone': '05-24-36-84-03', 'cell': '06-33-66-69-02', 'id': {'name': 'INSEE', 'value': '2770300678261 18'}, 'picture': {'large': 'https://randomuser.me/api/portraits/women/64.jpg', 'medium': 'https://randomuser.me/api/portraits/med/women/64.jpg', 'thumbnail': 'https://randomuser.me/api/portraits/thumb/women/64.jpg'}, 'nat': 'FR'}], 'info': {'seed': 'e27f64c0c99bf2d9', 'results': 1, 'page': 1, 'version': '1.4'}}</msg>
<arg>${json_data}</arg>
<doc>Logs the given message with the given level.</doc>
<status status="PASS" start="2024-04-17T08:17:19.003260" elapsed="0.000245"/>
</kw>
<kw name="Should Be Equal As Numbers" owner="BuiltIn">
<arg>${json_data['results'][0]['location']['postcode']}</arg>
<arg>${json_data['results'][0]['location']['postcode']}</arg>
<doc>Fails if objects are unequal after converting them to real numbers.</doc>
<status status="PASS" start="2024-04-17T08:17:19.003806" elapsed="0.000653"/>
</kw>
<kw name="Log" owner="BuiltIn">
<msg time="2024-04-17T08:17:19.004987" level="INFO">17624</msg>
<arg>${json_data['results'][0]['location']['postcode']}</arg>
<doc>Logs the given message with the given level.</doc>
<status status="PASS" start="2024-04-17T08:17:19.004654" elapsed="0.000374"/>
</kw>
<status status="PASS" start="2024-04-17T08:17:18.914876" elapsed="0.090413"/>
</kw>
<doc>Testa se os tipos de dados na resposta da API estão corretos.</doc>
<tag>testeTiposDados</tag>
<status status="PASS" start="2024-04-17T08:17:18.823804" elapsed="0.181656"/>
</test>
<test id="s1-s1-t5" name="Validar conteudo" line="35">
<kw name="Teste de Tipos de Conteudo" owner="random-user-service">
<kw name="GET On Session" owner="RequestsLibrary">
<msg time="2024-04-17T08:17:19.104057" level="INFO">GET Request : url=https://randomuser.me/api 
 path_url=/api 
 headers={'User-Agent': 'python-requests/2.31.0', 'Accept-Encoding': 'gzip, deflate', 'Accept': '*/*', 'Connection': 'keep-alive'} 
 body=None 
 </msg>
<msg time="2024-04-17T08:17:19.104175" level="INFO">GET Response : url=https://randomuser.me/api 
 status=200, reason=OK 
 headers={'Date': 'Wed, 17 Apr 2024 08:17:19 GMT', 'Content-Type': 'application/json; charset=utf-8', 'Transfer-Encoding': 'chunked', 'Connection': 'keep-alive', 'X-Powered-By': 'Express', 'Access-Control-Allow-Origin': '*', 'Cache-Control': 'no-cache', 'ETag': 'W/"471-NTxSuiKNVjd3k/zyWjEz24CehdE"', 'Vary': 'Accept-Encoding', 'Content-Encoding': 'gzip', 'CF-Cache-Status': 'DYNAMIC', 'Report-To': '{"endpoints":[{"url":"https:\\/\\/a.nel.cloudflare.com\\/report\\/v4?s=TZZR9018BTUxff7n2h3B8I0BpiLRGKWg%2F524EYZekMThs9a2JxV7ezhA20wOdiMmFGlTOJXMOTGxxVw0hi76dRfhkg1vpVdPGjE7H7%2FY6eENQiBKDqur7rHi6xoO2yZa"}],"group":"cf-nel","max_age":604800}', 'NEL': '{"success_fraction":0,"report_to":"cf-nel","max_age":604800}', 'Server': 'cloudflare', 'CF-RAY': '875afa5ddc8f2311-ORD', 'alt-svc': 'h3=":443"; ma=86400'} 
 body={"results":[{"gender":"male","name":{"title":"Mr","first":"Vlado","last":"Radanović"},"location":{"street":{"number":5412,"name":"Zmajevačka"},"city":"Rekovac","state":"Pomoravlje","country":"Serbia","postcode":51394,"coordinates":{"latitude":"63.0166","longitude":"-13.6497"},"timezone":{"offset":"-10:00","description":"Hawaii"}},"email":"vlado.radanovic@example.com","login":{"uuid":"e918fb97-21ad-4130-98f5-49e459e6d7f6","username":"whitefrog336","password":"lakeside","salt":"jgO1epc1","md5":"e1a05de6f8920fd5b4ce604969c219da","sha1":"3ac8ed93bfb4b93a36d2c20553369bfebd2362bd","sha256":"a3ed33146a1708e9bc2c3e268977e2b79072bbd15887c7ccea921085e7550748"},"dob":{"date":"1979-02-16T00:59:27.401Z","age":45},"registered":{"date":"2020-08-15T03:46:35.298Z","age":3},"phone":"016-8484-935","cell":"060-8103-439","id":{"name":"SID","value":"116641850"},"picture":{"large":"https://randomuser.me/api/portraits/men/31.jpg","medium":"https://randomuser.me/api/portraits/med/men/31.jpg","thumbnail":"https://randomuser.me/api/portraits/thumb/men/31.jpg"},"nat":"RS"}],"info":{"seed":"c4b1c926672eba40","results":1,"page":1,"version":"1.4"}} 
 </msg>
<msg time="2024-04-17T08:17:19.104268" level="INFO">/opt/hostedtoolcache/Python/3.12.2/x64/lib/python3.12/site-packages/urllib3/connectionpool.py:1103: InsecureRequestWarning: Unverified HTTPS request is being made to host 'randomuser.me'. Adding certificate verification is strongly advised. See: https://urllib3.readthedocs.io/en/latest/advanced-usage.html#tls-warnings
  warnings.warn(</msg>
<msg time="2024-04-17T08:17:19.104434" level="INFO">${response} = &lt;Response [200]&gt;</msg>
<var>${response}</var>
<arg>consultarAPI</arg>
<arg>/api</arg>
<doc>Sends a GET request on a previously created HTTP Session.</doc>
<status status="PASS" start="2024-04-17T08:17:19.008207" elapsed="0.096264"/>
</kw>
<kw name="Set Variable" owner="BuiltIn">
<msg time="2024-04-17T08:17:19.105605" level="INFO">${json_data} = {'results': [{'gender': 'male', 'name': {'title': 'Mr', 'first': 'Vlado', 'last': 'Radanović'}, 'location': {'street': {'number': 5412, 'name': 'Zmajevačka'}, 'city': 'Rekovac', 'state': 'Pomoravlje',...</msg>
<var>${json_data}</var>
<arg>${response.json()}</arg>
<doc>Returns the given values which can then be assigned to a variables.</doc>
<status status="PASS" start="2024-04-17T08:17:19.105057" elapsed="0.000579"/>
</kw>
<kw name="Set Variable" owner="BuiltIn">
<msg time="2024-04-17T08:17:19.106403" level="INFO">${name_title} = Mr</msg>
<var>${name_title}</var>
<arg>${json_data["results"][0]["name"]["title"]}</arg>
<doc>Returns the given values which can then be assigned to a variables.</doc>
<status status="PASS" start="2024-04-17T08:17:19.105988" elapsed="0.000440"/>
</kw>
<kw name="Create List" owner="BuiltIn">
<msg time="2024-04-17T08:17:19.106898" level="INFO">${allowed_titles} = ['Mr', 'Ms', 'Miss', 'Mrs', 'Madame', 'Monsieur']</msg>
<var>${allowed_titles}</var>
<arg>Mr</arg>
<arg>Ms</arg>
<arg>Miss</arg>
<arg>Mrs</arg>
<arg>Madame</arg>
<arg>Monsieur</arg>
<doc>Returns a list containing given items.</doc>
<status status="PASS" start="2024-04-17T08:17:19.106743" elapsed="0.000180"/>
</kw>
<kw name="List Should Contain Value" owner="Collections">
<msg time="2024-04-17T08:17:19.107422" level="INFO">False</msg>
<arg>${allowed_titles}</arg>
<arg>${name_title}</arg>
<doc>Fails if the ``value`` is not found from ``list``.</doc>
<status status="PASS" start="2024-04-17T08:17:19.107229" elapsed="0.000234"/>
</kw>
<kw name="Set Variable" owner="BuiltIn">
<msg time="2024-04-17T08:17:19.108144" level="INFO">${name_country} = RS</msg>
<var>${name_country}</var>
<arg>${json_data["results"][0]["nat"]}</arg>
<doc>Returns the given values which can then be assigned to a variables.</doc>
<status status="PASS" start="2024-04-17T08:17:19.107758" elapsed="0.000411"/>
</kw>
<kw name="Create List" owner="BuiltIn">
<msg time="2024-04-17T08:17:19.109125" level="INFO">${list_country} = ['AD', 'AE', 'AF', 'AG', 'AI', 'AL', 'AM', 'AO', 'AQ', 'AR', 'AS', 'AT', 'AU', 'AW', 'AX', 'AZ', 'BA', 'BB', 'BD', 'BE', 'BF', 'BG', 'BH', 'BI', 'BJ', 'BL', 'BM', 'BN', 'BO', 'BQ', 'BR', 'BS', 'BT', '...</msg>
<var>${list_country}</var>
<arg>AD</arg>
<arg>AE</arg>
<arg>AF</arg>
<arg>AG</arg>
<arg>AI</arg>
<arg>AL</arg>
<arg>AM</arg>
<arg>AO</arg>
<arg>AQ</arg>
<arg>AR</arg>
<arg>AS</arg>
<arg>AT</arg>
<arg>AU</arg>
<arg>AW</arg>
<arg>AX</arg>
<arg>AZ</arg>
<arg>BA</arg>
<arg>BB</arg>
<arg>BD</arg>
<arg>BE</arg>
<arg>BF</arg>
<arg>BG</arg>
<arg>BH</arg>
<arg>BI</arg>
<arg>BJ</arg>
<arg>BL</arg>
<arg>BM</arg>
<arg>BN</arg>
<arg>BO</arg>
<arg>BQ</arg>
<arg>BR</arg>
<arg>BS</arg>
<arg>BT</arg>
<arg>BV</arg>
<arg>BW</arg>
<arg>BY</arg>
<arg>BZ</arg>
<arg>CA</arg>
<arg>CC</arg>
<arg>CD</arg>
<arg>CF</arg>
<arg>CG</arg>
<arg>CH</arg>
<arg>CI</arg>
<arg>CK</arg>
<arg>CL</arg>
<arg>CM</arg>
<arg>CN</arg>
<arg>CO</arg>
<arg>CR</arg>
<arg>CU</arg>
<arg>CV</arg>
<arg>CW</arg>
<arg>CX</arg>
<arg>CY</arg>
<arg>CZ</arg>
<arg>DE</arg>
<arg>DJ</arg>
<arg>DK</arg>
<arg>DM</arg>
<arg>DO</arg>
<arg>DZ</arg>
<arg>EC</arg>
<arg>EE</arg>
<arg>EG</arg>
<arg>EH</arg>
<arg>ER</arg>
<arg>ES</arg>
<arg>ET</arg>
<arg>FI</arg>
<arg>FJ</arg>
<arg>FK</arg>
<arg>FM</arg>
<arg>FO</arg>
<arg>FR</arg>
<arg>GA</arg>
<arg>GB</arg>
<arg>GD</arg>
<arg>GE</arg>
<arg>GF</arg>
<arg>GG</arg>
<arg>GH</arg>
<arg>GI</arg>
<arg>GL</arg>
<arg>GM</arg>
<arg>GN</arg>
<arg>GP</arg>
<arg>GQ</arg>
<arg>GR</arg>
<arg>GS</arg>
<arg>GT</arg>
<arg>GU</arg>
<arg>GW</arg>
<arg>GY</arg>
<arg>HK</arg>
<arg>HM</arg>
<arg>HN</arg>
<arg>HR</arg>
<arg>HT</arg>
<arg>HU</arg>
<arg>ID</arg>
<arg>IE</arg>
<arg>IL</arg>
<arg>IM</arg>
<arg>IN</arg>
<arg>IO</arg>
<arg>IQ</arg>
<arg>IR</arg>
<arg>IS</arg>
<arg>IT</arg>
<arg>JE</arg>
<arg>JM</arg>
<arg>JO</arg>
<arg>JP</arg>
<arg>KE</arg>
<arg>KG</arg>
<arg>KH</arg>
<arg>KI</arg>
<arg>KM</arg>
<arg>KN</arg>
<arg>KP</arg>
<arg>KR</arg>
<arg>KW</arg>
<arg>KY</arg>
<arg>KZ</arg>
<arg>LA</arg>
<arg>LB</arg>
<arg>LC</arg>
<arg>LI</arg>
<arg>LK</arg>
<arg>LR</arg>
<arg>LS</arg>
<arg>LT</arg>
<arg>LU</arg>
<arg>LV</arg>
<arg>LY</arg>
<arg>MA</arg>
<arg>MC</arg>
<arg>MD</arg>
<arg>ME</arg>
<arg>MF</arg>
<arg>MG</arg>
<arg>MH</arg>
<arg>MK</arg>
<arg>ML</arg>
<arg>MM</arg>
<arg>MN</arg>
<arg>MO</arg>
<arg>MP</arg>
<arg>MQ</arg>
<arg>MR</arg>
<arg>MS</arg>
<arg>MT</arg>
<arg>MU</arg>
<arg>MV</arg>
<arg>MW</arg>
<arg>MX</arg>
<arg>MY</arg>
<arg>MZ</arg>
<arg>NA</arg>
<arg>NC</arg>
<arg>NE</arg>
<arg>NF</arg>
<arg>NG</arg>
<arg>NI</arg>
<arg>NL</arg>
<arg>NO</arg>
<arg>NP</arg>
<arg>NR</arg>
<arg>NU</arg>
<arg>NZ</arg>
<arg>OM</arg>
<arg>PA</arg>
<arg>PE</arg>
<arg>PF</arg>
<arg>PG</arg>
<arg>PH</arg>
<arg>PK</arg>
<arg>PL</arg>
<arg>PM</arg>
<arg>PN</arg>
<arg>PR</arg>
<arg>PS</arg>
<arg>PT</arg>
<arg>PW</arg>
<arg>PY</arg>
<arg>QA</arg>
<arg>RE</arg>
<arg>RO</arg>
<arg>RS</arg>
<arg>RU</arg>
<arg>RW</arg>
<arg>SA</arg>
<arg>SB</arg>
<arg>SC</arg>
<arg>SD</arg>
<arg>SE</arg>
<arg>SG</arg>
<arg>SH</arg>
<arg>SI</arg>
<arg>SJ</arg>
<arg>SK</arg>
<arg>SL</arg>
<arg>SM</arg>
<arg>SN</arg>
<arg>SO</arg>
<arg>SR</arg>
<arg>SS</arg>
<arg>ST</arg>
<arg>SV</arg>
<arg>SX</arg>
<arg>SY</arg>
<arg>SZ</arg>
<arg>TC</arg>
<arg>TD</arg>
<arg>TF</arg>
<arg>TG</arg>
<arg>TH</arg>
<arg>TJ</arg>
<arg>TK</arg>
<arg>TL</arg>
<arg>TM</arg>
<arg>TN</arg>
<arg>TO</arg>
<arg>TR</arg>
<arg>TT</arg>
<arg>TV</arg>
<arg>TW</arg>
<arg>TZ</arg>
<arg>UA</arg>
<arg>UG</arg>
<arg>UM</arg>
<arg>US</arg>
<arg>UY</arg>
<arg>UZ</arg>
<arg>VA</arg>
<arg>VC</arg>
<arg>VE</arg>
<arg>VG</arg>
<arg>VI</arg>
<arg>VN</arg>
<arg>VU</arg>
<arg>WF</arg>
<arg>WS</arg>
<arg>XK</arg>
<arg>YE</arg>
<arg>YT</arg>
<arg>ZA</arg>
<arg>ZM</arg>
<arg>ZW</arg>
<doc>Returns a list containing given items.</doc>
<status status="PASS" start="2024-04-17T08:17:19.108524" elapsed="0.000627"/>
</kw>
<kw name="List Should Contain Value" owner="Collections">
<msg time="2024-04-17T08:17:19.110168" level="INFO">False</msg>
<arg>${list_country}</arg>
<arg>${name_country}</arg>
<doc>Fails if the ``value`` is not found from ``list``.</doc>
<status status="PASS" start="2024-04-17T08:17:19.109952" elapsed="0.000254"/>
</kw>
<kw name="Run Keyword If" owner="BuiltIn">
<kw name="Should Be True" owner="BuiltIn">
<arg>${True}</arg>
<doc>Fails if the given condition is not true.</doc>
<status status="PASS" start="2024-04-17T08:17:19.111453" elapsed="0.000150"/>
</kw>
<arg>${json_data["results"][0]["location"]["coordinates"]["latitude"]} &gt;= -90 and ${json_data["results"][0]["location"]["coordinates"]["latitude"]} &lt;= 90</arg>
<arg>Should Be True</arg>
<arg>${True}</arg>
<doc>Runs the given keyword with the given arguments, if ``condition`` is true.</doc>
<status status="PASS" start="2024-04-17T08:17:19.110524" elapsed="0.001211"/>
</kw>
<kw name="Run Keyword If" owner="BuiltIn">
<kw name="Should Be True" owner="BuiltIn">
<arg>${True}</arg>
<doc>Fails if the given condition is not true.</doc>
<status status="PASS" start="2024-04-17T08:17:19.112682" elapsed="0.000141"/>
</kw>
<arg>${json_data["results"][0]["location"]["coordinates"]["longitude"]} &gt;= -180 and ${json_data["results"][0]["location"]["coordinates"]["longitude"]} &lt;= 180</arg>
<arg>Should Be True</arg>
<arg>${True}</arg>
<doc>Runs the given keyword with the given arguments, if ``condition`` is true.</doc>
<status status="PASS" start="2024-04-17T08:17:19.111924" elapsed="0.001023"/>
</kw>
<status status="PASS" start="2024-04-17T08:17:19.007829" elapsed="0.105253"/>
</kw>
<doc>Testa o conteúdo específico dos campos retornados pela API.</doc>
<tag>testeConteudo</tag>
<status status="PASS" start="2024-04-17T08:17:19.007172" elapsed="0.106064"/>
</test>
<status status="PASS" start="2024-04-17T08:17:18.310054" elapsed="0.805127"/>
</suite>
<status status="PASS" start="2024-04-17T08:17:18.289973" elapsed="0.830627"/>
</suite>
<statistics>
<total>
<stat pass="5" fail="0" skip="0">All Tests</stat>
</total>
<tag>
<stat pass="1" fail="0" skip="0">testeConteudo</stat>
<stat pass="1" fail="0" skip="0">testeEstruturaResposta</stat>
<stat pass="1" fail="0" skip="0">testeRequisicaoBasica</stat>
<stat pass="1" fail="0" skip="0">testeTiposDados</stat>
</tag>
<suite>
<stat pass="5" fail="0" skip="0" id="s1" name="Tests">Tests</stat>
<stat pass="5" fail="0" skip="0" id="s1-s1" name="Random-User-Test">Tests.Random-User-Test</stat>
</suite>
</statistics>
<errors>
</errors>
</robot>
