<?xml version="1.0" encoding="UTF-8"?>
<robot generator="Robot 7.0 (Python 3.12.3 on linux)" generated="2024-04-22T23:13:51.572122" rpa="false" schemaversion="5">
<suite id="s1" name="Tests" source="/home/runner/work/DesafioQAItauRogerioJordao/DesafioQAItauRogerioJordao/RamdonUser/tests">
<suite id="s1-s1" name="Random-User-Test" source="/home/runner/work/DesafioQAItauRogerioJordao/DesafioQAItauRogerioJordao/RamdonUser/tests/random-user-test.robot">
<test id="s1-s1-t1" name="Conectar" line="13">
<kw name="Conectar API" owner="random-user-service">
<kw name="Create Session" owner="RequestsLibrary">
<msg time="2024-04-22T23:13:51.942166" level="INFO">Creating Session using : alias=consultarAPI, url=https://randomuser.me/, headers={},                     cookies={}, auth=None, timeout=None, proxies=None, verify=False,                     debug=0 </msg>
<arg>consultarAPI</arg>
<arg>${URL}</arg>
<doc>Create Session: create a HTTP session to a server</doc>
<status status="PASS" start="2024-04-22T23:13:51.941962" elapsed="0.000399"/>
</kw>
<status status="PASS" start="2024-04-22T23:13:51.940968" elapsed="0.001763"/>
</kw>
<status status="PASS" start="2024-04-22T23:13:51.940343" elapsed="0.002614"/>
</test>
<test id="s1-s1-t2" name="Validar retorno 200 e JSON Válido" line="16">
<kw name="Teste de Requisicao Basica" owner="random-user-service">
<kw name="GET On Session" owner="RequestsLibrary">
<msg time="2024-04-22T23:13:52.160035" level="INFO">GET Request : url=https://randomuser.me/api 
 path_url=/api 
 headers={'User-Agent': 'python-requests/2.31.0', 'Accept-Encoding': 'gzip, deflate', 'Accept': '*/*', 'Connection': 'keep-alive'} 
 body=None 
 </msg>
<msg time="2024-04-22T23:13:52.160182" level="INFO">GET Response : url=https://randomuser.me/api 
 status=200, reason=OK 
 headers={'Date': 'Mon, 22 Apr 2024 23:13:52 GMT', 'Content-Type': 'application/json; charset=utf-8', 'Transfer-Encoding': 'chunked', 'Connection': 'keep-alive', 'X-Powered-By': 'Express', 'Access-Control-Allow-Origin': '*', 'Cache-Control': 'no-cache', 'ETag': 'W/"491-usiaaQLYZNRkHzcVL9pRhQ8TiIk"', 'Vary': 'Accept-Encoding', 'Content-Encoding': 'gzip', 'CF-Cache-Status': 'DYNAMIC', 'Report-To': '{"endpoints":[{"url":"https:\\/\\/a.nel.cloudflare.com\\/report\\/v4?s=XQtzEaaaglMgzz07GfHZlQui8kjTqdMANchpo%2B%2B9jy%2FnwPXnlbYdpAbbE1n6p78e8JrN%2B74IqqYE68t7nuteI8khPqMRojYv4EIr8uB7i6StwHJVOnzfctU3Rv8KsLFI"}],"group":"cf-nel","max_age":604800}', 'NEL': '{"success_fraction":0,"report_to":"cf-nel","max_age":604800}', 'Server': 'cloudflare', 'CF-RAY': '87894e8cca548191-IAD', 'alt-svc': 'h3=":443"; ma=86400'} 
 body={"results":[{"gender":"male","name":{"title":"Mr","first":"Oscar","last":"Moore"},"location":{"street":{"number":7129,"name":"Clark Avenue"},"city":"Wellington","state":"Canterbury","country":"New Zealand","postcode":48973,"coordinates":{"latitude":"50.9389","longitude":"-146.0653"},"timezone":{"offset":"+11:00","description":"Magadan, Solomon Islands, New Caledonia"}},"email":"oscar.moore@example.com","login":{"uuid":"d8fb2e26-40a5-4271-b5f9-f87adc61b063","username":"yellowmeercat995","password":"florida","salt":"pcOvlChp","md5":"4e1c26b59e2fab7b17ff32bdf9d093d2","sha1":"46adcb2b64435e84f40526acb69fafba80656fe8","sha256":"06b291a7760e36bc742c364d8f4927080b9972294b158122f74081e0e1373d59"},"dob":{"date":"1973-12-02T14:51:31.084Z","age":50},"registered":{"date":"2011-03-26T11:35:59.022Z","age":13},"phone":"(874)-060-4283","cell":"(511)-542-1384","id":{"name":"","value":null},"picture":{"large":"https://randomuser.me/api/portraits/men/63.jpg","medium":"https://randomuser.me/api/portraits/med/men/63.jpg","thumbnail":"https://randomuser.me/api/portraits/thumb/men/63.jpg"},"nat":"NZ"}],"info":{"seed":"815533f086fd4567","results":1,"page":1,"version":"1.4"}} 
 </msg>
<msg time="2024-04-22T23:13:52.160261" level="INFO">/opt/hostedtoolcache/Python/3.12.3/x64/lib/python3.12/site-packages/urllib3/connectionpool.py:1103: InsecureRequestWarning: Unverified HTTPS request is being made to host 'randomuser.me'. Adding certificate verification is strongly advised. See: https://urllib3.readthedocs.io/en/latest/advanced-usage.html#tls-warnings
  warnings.warn(</msg>
<msg time="2024-04-22T23:13:52.160417" level="INFO">${response} = &lt;Response [200]&gt;</msg>
<var>${response}</var>
<arg>consultarAPI</arg>
<arg>/api</arg>
<doc>Sends a GET request on a previously created HTTP Session.</doc>
<status status="PASS" start="2024-04-22T23:13:51.945604" elapsed="0.214854"/>
</kw>
<kw name="Should Be Equal As Numbers" owner="BuiltIn">
<msg time="2024-04-22T23:13:52.161448" level="INFO">Argument types are:
&lt;class 'int'&gt;
&lt;class 'str'&gt;</msg>
<arg>${response.status_code}</arg>
<arg>200</arg>
<doc>Fails if objects are unequal after converting them to real numbers.</doc>
<status status="PASS" start="2024-04-22T23:13:52.160988" elapsed="0.000524"/>
</kw>
<kw name="Log" owner="BuiltIn">
<msg time="2024-04-22T23:13:52.162214" level="INFO">200</msg>
<arg>${response.status_code}</arg>
<doc>Logs the given message with the given level.</doc>
<status status="PASS" start="2024-04-22T23:13:52.161867" elapsed="0.000389"/>
</kw>
<kw name="Set Variable" owner="BuiltIn">
<msg time="2024-04-22T23:13:52.163038" level="INFO">${json_data} = {'results': [{'gender': 'male', 'name': {'title': 'Mr', 'first': 'Oscar', 'last': 'Moore'}, 'location': {'street': {'number': 7129, 'name': 'Clark Avenue'}, 'city': 'Wellington', 'state': 'Canterbury'...</msg>
<var>${json_data}</var>
<arg>${response.json()}</arg>
<doc>Returns the given values which can then be assigned to a variables.</doc>
<status status="PASS" start="2024-04-22T23:13:52.162559" elapsed="0.000507"/>
</kw>
<kw name="Dictionary Should Contain Key" owner="Collections">
<msg time="2024-04-22T23:13:52.163542" level="INFO">False</msg>
<arg>${json_data}</arg>
<arg>results</arg>
<doc>Fails if ``key`` is not found from ``dictionary``.</doc>
<status status="PASS" start="2024-04-22T23:13:52.163369" elapsed="0.000213"/>
</kw>
<status status="PASS" start="2024-04-22T23:13:51.945365" elapsed="0.218485"/>
</kw>
<doc>Testa se a API responde corretamente e retorna um objeto JSON válido.</doc>
<tag>testeRequisicaoBasica</tag>
<status status="PASS" start="2024-04-22T23:13:51.944844" elapsed="0.219192"/>
</test>
<test id="s1-s1-t3" name="Validar estrutura de resposta" line="22">
<kw name="Teste de Estrutura de Resposta" owner="random-user-service">
<kw name="GET On Session" owner="RequestsLibrary">
<msg time="2024-04-22T23:13:52.502293" level="INFO">GET Request : url=https://randomuser.me/api 
 path_url=/api 
 headers={'User-Agent': 'python-requests/2.31.0', 'Accept-Encoding': 'gzip, deflate', 'Accept': '*/*', 'Connection': 'keep-alive'} 
 body=None 
 </msg>
<msg time="2024-04-22T23:13:52.502392" level="INFO">GET Response : url=https://randomuser.me/api 
 status=200, reason=OK 
 headers={'Date': 'Mon, 22 Apr 2024 23:13:52 GMT', 'Content-Type': 'application/json; charset=utf-8', 'Transfer-Encoding': 'chunked', 'Connection': 'keep-alive', 'X-Powered-By': 'Express', 'Access-Control-Allow-Origin': '*', 'Cache-Control': 'no-cache', 'ETag': 'W/"48b-Z6WEdDY2VTpYddewE/IaQkX2VQE"', 'Vary': 'Accept-Encoding', 'Content-Encoding': 'gzip', 'CF-Cache-Status': 'DYNAMIC', 'Report-To': '{"endpoints":[{"url":"https:\\/\\/a.nel.cloudflare.com\\/report\\/v4?s=Eummp1W%2BW%2BRFecP1f3lhdxxZZQ5fsZcIPOHOWfgZuWGthTO23csAiuIRkw3o4C%2BGpxqLAlQsSdqaPNFgz3P6vKBRxWqOfAlZMkctaf%2BSlZmkHSnHV0KdgNAm7HoNp3O4"}],"group":"cf-nel","max_age":604800}', 'NEL': '{"success_fraction":0,"report_to":"cf-nel","max_age":604800}', 'Server': 'cloudflare', 'CF-RAY': '87894e8d0aa48191-IAD', 'alt-svc': 'h3=":443"; ma=86400'} 
 body={"results":[{"gender":"male","name":{"title":"Mr","first":"Akseli","last":"Karvonen"},"location":{"street":{"number":8821,"name":"Hämeenkatu"},"city":"Sulkava","state":"Finland Proper","country":"Finland","postcode":44195,"coordinates":{"latitude":"-21.7365","longitude":"-104.5757"},"timezone":{"offset":"-12:00","description":"Eniwetok, Kwajalein"}},"email":"akseli.karvonen@example.com","login":{"uuid":"040e3d26-20e7-4b30-8ece-a9e629bc2094","username":"smalltiger702","password":"tardis","salt":"kc6ERobs","md5":"768adb41b40d3ea6c89eafa3e39888c5","sha1":"d97d7a582bc172ebf340545198200aa2b52ed396","sha256":"4d332b9db04739cbcac7747c90302ba6753ec0551a3ceaa25f22632741b1e9a0"},"dob":{"date":"1979-05-19T18:26:45.074Z","age":44},"registered":{"date":"2020-12-03T01:12:29.711Z","age":3},"phone":"03-678-106","cell":"042-685-95-32","id":{"name":"HETU","value":"NaNNA761undefined"},"picture":{"large":"https://randomuser.me/api/portraits/men/42.jpg","medium":"https://randomuser.me/api/portraits/med/men/42.jpg","thumbnail":"https://randomuser.me/api/portraits/thumb/men/42.jpg"},"nat":"FI"}],"info":{"seed":"5434ccdc5c98b0e6","results":1,"page":1,"version":"1.4"}} 
 </msg>
<msg time="2024-04-22T23:13:52.502518" level="INFO">/opt/hostedtoolcache/Python/3.12.3/x64/lib/python3.12/site-packages/urllib3/connectionpool.py:1103: InsecureRequestWarning: Unverified HTTPS request is being made to host 'randomuser.me'. Adding certificate verification is strongly advised. See: https://urllib3.readthedocs.io/en/latest/advanced-usage.html#tls-warnings
  warnings.warn(</msg>
<msg time="2024-04-22T23:13:52.502661" level="INFO">${response} = &lt;Response [200]&gt;</msg>
<var>${response}</var>
<arg>consultarAPI</arg>
<arg>/api</arg>
<doc>Sends a GET request on a previously created HTTP Session.</doc>
<status status="PASS" start="2024-04-22T23:13:52.166625" elapsed="0.336076"/>
</kw>
<kw name="Set Variable" owner="BuiltIn">
<msg time="2024-04-22T23:13:52.503769" level="INFO">${json_data} = {'results': [{'gender': 'male', 'name': {'title': 'Mr', 'first': 'Akseli', 'last': 'Karvonen'}, 'location': {'street': {'number': 8821, 'name': 'Hämeenkatu'}, 'city': 'Sulkava', 'state': 'Finland Prop...</msg>
<var>${json_data}</var>
<arg>${response.json()}</arg>
<doc>Returns the given values which can then be assigned to a variables.</doc>
<status status="PASS" start="2024-04-22T23:13:52.503238" elapsed="0.000560"/>
</kw>
<kw name="Log" owner="BuiltIn">
<msg time="2024-04-22T23:13:52.504270" level="INFO">{'results': [{'gender': 'male', 'name': {'title': 'Mr', 'first': 'Akseli', 'last': 'Karvonen'}, 'location': {'street': {'number': 8821, 'name': 'Hämeenkatu'}, 'city': 'Sulkava', 'state': 'Finland Proper', 'country': 'Finland', 'postcode': 44195, 'coordinates': {'latitude': '-21.7365', 'longitude': '-104.5757'}, 'timezone': {'offset': '-12:00', 'description': 'Eniwetok, Kwajalein'}}, 'email': 'akseli.karvonen@example.com', 'login': {'uuid': '040e3d26-20e7-4b30-8ece-a9e629bc2094', 'username': 'smalltiger702', 'password': 'tardis', 'salt': 'kc6ERobs', 'md5': '768adb41b40d3ea6c89eafa3e39888c5', 'sha1': 'd97d7a582bc172ebf340545198200aa2b52ed396', 'sha256': '4d332b9db04739cbcac7747c90302ba6753ec0551a3ceaa25f22632741b1e9a0'}, 'dob': {'date': '1979-05-19T18:26:45.074Z', 'age': 44}, 'registered': {'date': '2020-12-03T01:12:29.711Z', 'age': 3}, 'phone': '03-678-106', 'cell': '042-685-95-32', 'id': {'name': 'HETU', 'value': 'NaNNA761undefined'}, 'picture': {'large': 'https://randomuser.me/api/portraits/men/42.jpg', 'medium': 'https://randomuser.me/api/portraits/med/men/42.jpg', 'thumbnail': 'https://randomuser.me/api/portraits/thumb/men/42.jpg'}, 'nat': 'FI'}], 'info': {'seed': '5434ccdc5c98b0e6', 'results': 1, 'page': 1, 'version': '1.4'}}</msg>
<arg>${json_data}</arg>
<doc>Logs the given message with the given level.</doc>
<status status="PASS" start="2024-04-22T23:13:52.504108" elapsed="0.000211"/>
</kw>
<kw name="Dictionary Should Contain Key" owner="Collections">
<msg time="2024-04-22T23:13:52.504771" level="INFO">False</msg>
<arg>${json_data}</arg>
<arg>results</arg>
<doc>Fails if ``key`` is not found from ``dictionary``.</doc>
<status status="PASS" start="2024-04-22T23:13:52.504612" elapsed="0.000196"/>
</kw>
<kw name="Should Not Be Empty" owner="BuiltIn">
<msg time="2024-04-22T23:13:52.505238" level="INFO">Length is 2.</msg>
<arg>${json_data}</arg>
<doc>Verifies that the given item is not empty.</doc>
<status status="PASS" start="2024-04-22T23:13:52.505102" elapsed="0.000333"/>
</kw>
<kw name="Create List" owner="BuiltIn">
<msg time="2024-04-22T23:13:52.505882" level="INFO">${expected_keys} = ['gender', 'name', 'location', 'email', 'login']</msg>
<var>${expected_keys}</var>
<arg>gender</arg>
<arg>name</arg>
<arg>location</arg>
<arg>email</arg>
<arg>login</arg>
<doc>Returns a list containing given items.</doc>
<status status="PASS" start="2024-04-22T23:13:52.505729" elapsed="0.000177"/>
</kw>
<for flavor="IN">
<iter>
<kw name="Dictionary Should Contain Key" owner="Collections">
<msg time="2024-04-22T23:13:52.506938" level="INFO">False</msg>
<arg>${json_data['results'][0]}</arg>
<arg>${key}</arg>
<doc>Fails if ``key`` is not found from ``dictionary``.</doc>
<status status="PASS" start="2024-04-22T23:13:52.506491" elapsed="0.000486"/>
</kw>
<kw name="Log" owner="BuiltIn">
<msg time="2024-04-22T23:13:52.507649" level="INFO">{'gender': 'male', 'name': {'title': 'Mr', 'first': 'Akseli', 'last': 'Karvonen'}, 'location': {'street': {'number': 8821, 'name': 'Hämeenkatu'}, 'city': 'Sulkava', 'state': 'Finland Proper', 'country': 'Finland', 'postcode': 44195, 'coordinates': {'latitude': '-21.7365', 'longitude': '-104.5757'}, 'timezone': {'offset': '-12:00', 'description': 'Eniwetok, Kwajalein'}}, 'email': 'akseli.karvonen@example.com', 'login': {'uuid': '040e3d26-20e7-4b30-8ece-a9e629bc2094', 'username': 'smalltiger702', 'password': 'tardis', 'salt': 'kc6ERobs', 'md5': '768adb41b40d3ea6c89eafa3e39888c5', 'sha1': 'd97d7a582bc172ebf340545198200aa2b52ed396', 'sha256': '4d332b9db04739cbcac7747c90302ba6753ec0551a3ceaa25f22632741b1e9a0'}, 'dob': {'date': '1979-05-19T18:26:45.074Z', 'age': 44}, 'registered': {'date': '2020-12-03T01:12:29.711Z', 'age': 3}, 'phone': '03-678-106', 'cell': '042-685-95-32', 'id': {'name': 'HETU', 'value': 'NaNNA761undefined'}, 'picture': {'large': 'https://randomuser.me/api/portraits/men/42.jpg', 'medium': 'https://randomuser.me/api/portraits/med/men/42.jpg', 'thumbnail': 'https://randomuser.me/api/portraits/thumb/men/42.jpg'}, 'nat': 'FI'}</msg>
<arg>${json_data['results'][0]}</arg>
<doc>Logs the given message with the given level.</doc>
<status status="PASS" start="2024-04-22T23:13:52.507281" elapsed="0.000416"/>
</kw>
<kw name="Log" owner="BuiltIn">
<msg time="2024-04-22T23:13:52.508117" level="INFO">gender</msg>
<arg>${key}</arg>
<doc>Logs the given message with the given level.</doc>
<status status="PASS" start="2024-04-22T23:13:52.507991" elapsed="0.000163"/>
</kw>
<var name="${key}">gender</var>
<status status="PASS" start="2024-04-22T23:13:52.506358" elapsed="0.002006"/>
</iter>
<iter>
<kw name="Dictionary Should Contain Key" owner="Collections">
<msg time="2024-04-22T23:13:52.509049" level="INFO">False</msg>
<arg>${json_data['results'][0]}</arg>
<arg>${key}</arg>
<doc>Fails if ``key`` is not found from ``dictionary``.</doc>
<status status="PASS" start="2024-04-22T23:13:52.508657" elapsed="0.000429"/>
</kw>
<kw name="Log" owner="BuiltIn">
<msg time="2024-04-22T23:13:52.509771" level="INFO">{'gender': 'male', 'name': {'title': 'Mr', 'first': 'Akseli', 'last': 'Karvonen'}, 'location': {'street': {'number': 8821, 'name': 'Hämeenkatu'}, 'city': 'Sulkava', 'state': 'Finland Proper', 'country': 'Finland', 'postcode': 44195, 'coordinates': {'latitude': '-21.7365', 'longitude': '-104.5757'}, 'timezone': {'offset': '-12:00', 'description': 'Eniwetok, Kwajalein'}}, 'email': 'akseli.karvonen@example.com', 'login': {'uuid': '040e3d26-20e7-4b30-8ece-a9e629bc2094', 'username': 'smalltiger702', 'password': 'tardis', 'salt': 'kc6ERobs', 'md5': '768adb41b40d3ea6c89eafa3e39888c5', 'sha1': 'd97d7a582bc172ebf340545198200aa2b52ed396', 'sha256': '4d332b9db04739cbcac7747c90302ba6753ec0551a3ceaa25f22632741b1e9a0'}, 'dob': {'date': '1979-05-19T18:26:45.074Z', 'age': 44}, 'registered': {'date': '2020-12-03T01:12:29.711Z', 'age': 3}, 'phone': '03-678-106', 'cell': '042-685-95-32', 'id': {'name': 'HETU', 'value': 'NaNNA761undefined'}, 'picture': {'large': 'https://randomuser.me/api/portraits/men/42.jpg', 'medium': 'https://randomuser.me/api/portraits/med/men/42.jpg', 'thumbnail': 'https://randomuser.me/api/portraits/thumb/men/42.jpg'}, 'nat': 'FI'}</msg>
<arg>${json_data['results'][0]}</arg>
<doc>Logs the given message with the given level.</doc>
<status status="PASS" start="2024-04-22T23:13:52.509407" elapsed="0.000414"/>
</kw>
<kw name="Log" owner="BuiltIn">
<msg time="2024-04-22T23:13:52.510244" level="INFO">name</msg>
<arg>${key}</arg>
<doc>Logs the given message with the given level.</doc>
<status status="PASS" start="2024-04-22T23:13:52.510118" elapsed="0.000162"/>
</kw>
<var name="${key}">name</var>
<status status="PASS" start="2024-04-22T23:13:52.508544" elapsed="0.001947"/>
</iter>
<iter>
<kw name="Dictionary Should Contain Key" owner="Collections">
<msg time="2024-04-22T23:13:52.511200" level="INFO">False</msg>
<arg>${json_data['results'][0]}</arg>
<arg>${key}</arg>
<doc>Fails if ``key`` is not found from ``dictionary``.</doc>
<status status="PASS" start="2024-04-22T23:13:52.510777" elapsed="0.000459"/>
</kw>
<kw name="Log" owner="BuiltIn">
<msg time="2024-04-22T23:13:52.511920" level="INFO">{'gender': 'male', 'name': {'title': 'Mr', 'first': 'Akseli', 'last': 'Karvonen'}, 'location': {'street': {'number': 8821, 'name': 'Hämeenkatu'}, 'city': 'Sulkava', 'state': 'Finland Proper', 'country': 'Finland', 'postcode': 44195, 'coordinates': {'latitude': '-21.7365', 'longitude': '-104.5757'}, 'timezone': {'offset': '-12:00', 'description': 'Eniwetok, Kwajalein'}}, 'email': 'akseli.karvonen@example.com', 'login': {'uuid': '040e3d26-20e7-4b30-8ece-a9e629bc2094', 'username': 'smalltiger702', 'password': 'tardis', 'salt': 'kc6ERobs', 'md5': '768adb41b40d3ea6c89eafa3e39888c5', 'sha1': 'd97d7a582bc172ebf340545198200aa2b52ed396', 'sha256': '4d332b9db04739cbcac7747c90302ba6753ec0551a3ceaa25f22632741b1e9a0'}, 'dob': {'date': '1979-05-19T18:26:45.074Z', 'age': 44}, 'registered': {'date': '2020-12-03T01:12:29.711Z', 'age': 3}, 'phone': '03-678-106', 'cell': '042-685-95-32', 'id': {'name': 'HETU', 'value': 'NaNNA761undefined'}, 'picture': {'large': 'https://randomuser.me/api/portraits/men/42.jpg', 'medium': 'https://randomuser.me/api/portraits/med/men/42.jpg', 'thumbnail': 'https://randomuser.me/api/portraits/thumb/men/42.jpg'}, 'nat': 'FI'}</msg>
<arg>${json_data['results'][0]}</arg>
<doc>Logs the given message with the given level.</doc>
<status status="PASS" start="2024-04-22T23:13:52.511541" elapsed="0.000426"/>
</kw>
<kw name="Log" owner="BuiltIn">
<msg time="2024-04-22T23:13:52.512382" level="INFO">location</msg>
<arg>${key}</arg>
<doc>Logs the given message with the given level.</doc>
<status status="PASS" start="2024-04-22T23:13:52.512257" elapsed="0.000162"/>
</kw>
<var name="${key}">location</var>
<status status="PASS" start="2024-04-22T23:13:52.510668" elapsed="0.001963"/>
</iter>
<iter>
<kw name="Dictionary Should Contain Key" owner="Collections">
<msg time="2024-04-22T23:13:52.513299" level="INFO">False</msg>
<arg>${json_data['results'][0]}</arg>
<arg>${key}</arg>
<doc>Fails if ``key`` is not found from ``dictionary``.</doc>
<status status="PASS" start="2024-04-22T23:13:52.512919" elapsed="0.000417"/>
</kw>
<kw name="Log" owner="BuiltIn">
<msg time="2024-04-22T23:13:52.513990" level="INFO">{'gender': 'male', 'name': {'title': 'Mr', 'first': 'Akseli', 'last': 'Karvonen'}, 'location': {'street': {'number': 8821, 'name': 'Hämeenkatu'}, 'city': 'Sulkava', 'state': 'Finland Proper', 'country': 'Finland', 'postcode': 44195, 'coordinates': {'latitude': '-21.7365', 'longitude': '-104.5757'}, 'timezone': {'offset': '-12:00', 'description': 'Eniwetok, Kwajalein'}}, 'email': 'akseli.karvonen@example.com', 'login': {'uuid': '040e3d26-20e7-4b30-8ece-a9e629bc2094', 'username': 'smalltiger702', 'password': 'tardis', 'salt': 'kc6ERobs', 'md5': '768adb41b40d3ea6c89eafa3e39888c5', 'sha1': 'd97d7a582bc172ebf340545198200aa2b52ed396', 'sha256': '4d332b9db04739cbcac7747c90302ba6753ec0551a3ceaa25f22632741b1e9a0'}, 'dob': {'date': '1979-05-19T18:26:45.074Z', 'age': 44}, 'registered': {'date': '2020-12-03T01:12:29.711Z', 'age': 3}, 'phone': '03-678-106', 'cell': '042-685-95-32', 'id': {'name': 'HETU', 'value': 'NaNNA761undefined'}, 'picture': {'large': 'https://randomuser.me/api/portraits/men/42.jpg', 'medium': 'https://randomuser.me/api/portraits/med/men/42.jpg', 'thumbnail': 'https://randomuser.me/api/portraits/thumb/men/42.jpg'}, 'nat': 'FI'}</msg>
<arg>${json_data['results'][0]}</arg>
<doc>Logs the given message with the given level.</doc>
<status status="PASS" start="2024-04-22T23:13:52.513630" elapsed="0.000407"/>
</kw>
<kw name="Log" owner="BuiltIn">
<msg time="2024-04-22T23:13:52.514451" level="INFO">email</msg>
<arg>${key}</arg>
<doc>Logs the given message with the given level.</doc>
<status status="PASS" start="2024-04-22T23:13:52.514326" elapsed="0.000163"/>
</kw>
<var name="${key}">email</var>
<status status="PASS" start="2024-04-22T23:13:52.512804" elapsed="0.001898"/>
</iter>
<iter>
<kw name="Dictionary Should Contain Key" owner="Collections">
<msg time="2024-04-22T23:13:52.515420" level="INFO">False</msg>
<arg>${json_data['results'][0]}</arg>
<arg>${key}</arg>
<doc>Fails if ``key`` is not found from ``dictionary``.</doc>
<status status="PASS" start="2024-04-22T23:13:52.515033" elapsed="0.000423"/>
</kw>
<kw name="Log" owner="BuiltIn">
<msg time="2024-04-22T23:13:52.516125" level="INFO">{'gender': 'male', 'name': {'title': 'Mr', 'first': 'Akseli', 'last': 'Karvonen'}, 'location': {'street': {'number': 8821, 'name': 'Hämeenkatu'}, 'city': 'Sulkava', 'state': 'Finland Proper', 'country': 'Finland', 'postcode': 44195, 'coordinates': {'latitude': '-21.7365', 'longitude': '-104.5757'}, 'timezone': {'offset': '-12:00', 'description': 'Eniwetok, Kwajalein'}}, 'email': 'akseli.karvonen@example.com', 'login': {'uuid': '040e3d26-20e7-4b30-8ece-a9e629bc2094', 'username': 'smalltiger702', 'password': 'tardis', 'salt': 'kc6ERobs', 'md5': '768adb41b40d3ea6c89eafa3e39888c5', 'sha1': 'd97d7a582bc172ebf340545198200aa2b52ed396', 'sha256': '4d332b9db04739cbcac7747c90302ba6753ec0551a3ceaa25f22632741b1e9a0'}, 'dob': {'date': '1979-05-19T18:26:45.074Z', 'age': 44}, 'registered': {'date': '2020-12-03T01:12:29.711Z', 'age': 3}, 'phone': '03-678-106', 'cell': '042-685-95-32', 'id': {'name': 'HETU', 'value': 'NaNNA761undefined'}, 'picture': {'large': 'https://randomuser.me/api/portraits/men/42.jpg', 'medium': 'https://randomuser.me/api/portraits/med/men/42.jpg', 'thumbnail': 'https://randomuser.me/api/portraits/thumb/men/42.jpg'}, 'nat': 'FI'}</msg>
<arg>${json_data['results'][0]}</arg>
<doc>Logs the given message with the given level.</doc>
<status status="PASS" start="2024-04-22T23:13:52.515757" elapsed="0.000415"/>
</kw>
<kw name="Log" owner="BuiltIn">
<msg time="2024-04-22T23:13:52.516600" level="INFO">login</msg>
<arg>${key}</arg>
<doc>Logs the given message with the given level.</doc>
<status status="PASS" start="2024-04-22T23:13:52.516467" elapsed="0.000170"/>
</kw>
<var name="${key}">login</var>
<status status="PASS" start="2024-04-22T23:13:52.514908" elapsed="0.001964"/>
</iter>
<var>${key}</var>
<value>@{expected_keys}</value>
<status status="PASS" start="2024-04-22T23:13:52.506165" elapsed="0.010832"/>
</for>
<kw name="Create List" owner="BuiltIn">
<msg time="2024-04-22T23:13:52.517320" level="INFO">${expected_keysTwo} = ['username', 'password']</msg>
<var>${expected_keysTwo}</var>
<arg>username</arg>
<arg>password</arg>
<doc>Returns a list containing given items.</doc>
<status status="PASS" start="2024-04-22T23:13:52.517185" elapsed="0.000159"/>
</kw>
<for flavor="IN">
<iter>
<kw name="Dictionary Should Contain Key" owner="Collections">
<msg time="2024-04-22T23:13:52.518226" level="INFO">False</msg>
<arg>${json_data['results'][0]['login']}</arg>
<arg>${keyTwo}</arg>
<doc>Fails if ``key`` is not found from ``dictionary``.</doc>
<status status="PASS" start="2024-04-22T23:13:52.517832" elapsed="0.000432"/>
</kw>
<kw name="Dictionary Should Contain Key" owner="Collections">
<msg time="2024-04-22T23:13:52.518977" level="INFO">False</msg>
<arg>${json_data['results'][0]['login']}</arg>
<arg>${keyTwo}</arg>
<doc>Fails if ``key`` is not found from ``dictionary``.</doc>
<status status="PASS" start="2024-04-22T23:13:52.518555" elapsed="0.000465"/>
</kw>
<kw name="Log" owner="BuiltIn">
<msg time="2024-04-22T23:13:52.519448" level="INFO">username</msg>
<arg>${keyTwo}</arg>
<doc>Logs the given message with the given level.</doc>
<status status="PASS" start="2024-04-22T23:13:52.519321" elapsed="0.000170"/>
</kw>
<var name="${keyTwo}">username</var>
<status status="PASS" start="2024-04-22T23:13:52.517724" elapsed="0.001981"/>
</iter>
<iter>
<kw name="Dictionary Should Contain Key" owner="Collections">
<msg time="2024-04-22T23:13:52.520443" level="INFO">False</msg>
<arg>${json_data['results'][0]['login']}</arg>
<arg>${keyTwo}</arg>
<doc>Fails if ``key`` is not found from ``dictionary``.</doc>
<status status="PASS" start="2024-04-22T23:13:52.519982" elapsed="0.000505"/>
</kw>
<kw name="Dictionary Should Contain Key" owner="Collections">
<msg time="2024-04-22T23:13:52.521158" level="INFO">False</msg>
<arg>${json_data['results'][0]['login']}</arg>
<arg>${keyTwo}</arg>
<doc>Fails if ``key`` is not found from ``dictionary``.</doc>
<status status="PASS" start="2024-04-22T23:13:52.520785" elapsed="0.000409"/>
</kw>
<kw name="Log" owner="BuiltIn">
<msg time="2024-04-22T23:13:52.521608" level="INFO">password</msg>
<arg>${keyTwo}</arg>
<doc>Logs the given message with the given level.</doc>
<status status="PASS" start="2024-04-22T23:13:52.521483" elapsed="0.000161"/>
</kw>
<var name="${keyTwo}">password</var>
<status status="PASS" start="2024-04-22T23:13:52.519874" elapsed="0.001991"/>
</iter>
<var>${keyTwo}</var>
<value>@{expected_keysTwo}</value>
<status status="PASS" start="2024-04-22T23:13:52.517573" elapsed="0.004408"/>
</for>
<status status="PASS" start="2024-04-22T23:13:52.166390" elapsed="0.355728"/>
</kw>
<doc>Testa a estrutura da resposta da API.</doc>
<tag>testeEstruturaResposta</tag>
<status status="PASS" start="2024-04-22T23:13:52.165880" elapsed="0.356390"/>
</test>
<test id="s1-s1-t4" name="Validar tipos de dados" line="28">
<kw name="Teste de Tipos de Dados" owner="random-user-service">
<kw name="GET On Session" owner="RequestsLibrary">
<msg time="2024-04-22T23:13:52.634971" level="INFO">GET Request : url=https://randomuser.me/api 
 path_url=/api 
 headers={'User-Agent': 'python-requests/2.31.0', 'Accept-Encoding': 'gzip, deflate', 'Accept': '*/*', 'Connection': 'keep-alive'} 
 body=None 
 </msg>
<msg time="2024-04-22T23:13:52.635060" level="INFO">GET Response : url=https://randomuser.me/api 
 status=200, reason=OK 
 headers={'Date': 'Mon, 22 Apr 2024 23:13:52 GMT', 'Content-Type': 'application/json; charset=utf-8', 'Transfer-Encoding': 'chunked', 'Connection': 'keep-alive', 'X-Powered-By': 'Express', 'Access-Control-Allow-Origin': '*', 'Cache-Control': 'no-cache', 'ETag': 'W/"47e-Kp5ubgV5F3HPtcK7M4hhTE6ejnc"', 'Vary': 'Accept-Encoding', 'Content-Encoding': 'gzip', 'CF-Cache-Status': 'DYNAMIC', 'Report-To': '{"endpoints":[{"url":"https:\\/\\/a.nel.cloudflare.com\\/report\\/v4?s=0BgFMsAx1MDRYll4%2B1i%2BA7oM0eMG5uLF328LjYTQSwWGB8CG7PVDf3sk96zIHvxFQFcwMQcfiEXs9mdljabUrZEr0%2BulHhbz125%2FWKZyM0%2FJcH%2F1bOcetr9O03fd%2FEmI"}],"group":"cf-nel","max_age":604800}', 'NEL': '{"success_fraction":0,"report_to":"cf-nel","max_age":604800}', 'Server': 'cloudflare', 'CF-RAY': '87894e8f4d378191-IAD', 'alt-svc': 'h3=":443"; ma=86400'} 
 body={"results":[{"gender":"female","name":{"title":"Mrs","first":"Joanna","last":"Schei"},"location":{"street":{"number":4727,"name":"Snippen"},"city":"Brekstad","state":"Description","country":"Norway","postcode":"5723","coordinates":{"latitude":"46.4731","longitude":"37.8019"},"timezone":{"offset":"+2:00","description":"Kaliningrad, South Africa"}},"email":"joanna.schei@example.com","login":{"uuid":"7ba87c13-ff64-42fa-b272-8cc9905c756b","username":"blacklion787","password":"idontknow","salt":"8yri9P0k","md5":"def53e6419430228e41f358e31b6aa1a","sha1":"4c68e4cb707db3c9d534d6ef258e0a3fb49ae45b","sha256":"a50c6ea4c4f67e0e82314507520e5a13fb5c338b62d0a19a9674d4a98bc01364"},"dob":{"date":"1987-06-17T04:03:39.700Z","age":36},"registered":{"date":"2013-08-25T07:20:53.527Z","age":10},"phone":"23743375","cell":"42195539","id":{"name":"FN","value":"17068749824"},"picture":{"large":"https://randomuser.me/api/portraits/women/58.jpg","medium":"https://randomuser.me/api/portraits/med/women/58.jpg","thumbnail":"https://randomuser.me/api/portraits/thumb/women/58.jpg"},"nat":"NO"}],"info":{"seed":"b780e64eea125d9c","results":1,"page":1,"version":"1.4"}} 
 </msg>
<msg time="2024-04-22T23:13:52.635137" level="INFO">/opt/hostedtoolcache/Python/3.12.3/x64/lib/python3.12/site-packages/urllib3/connectionpool.py:1103: InsecureRequestWarning: Unverified HTTPS request is being made to host 'randomuser.me'. Adding certificate verification is strongly advised. See: https://urllib3.readthedocs.io/en/latest/advanced-usage.html#tls-warnings
  warnings.warn(</msg>
<msg time="2024-04-22T23:13:52.635277" level="INFO">${response} = &lt;Response [200]&gt;</msg>
<var>${response}</var>
<arg>consultarAPI</arg>
<arg>/api</arg>
<doc>Sends a GET request on a previously created HTTP Session.</doc>
<status status="PASS" start="2024-04-22T23:13:52.524743" elapsed="0.110587"/>
</kw>
<kw name="Set Variable" owner="BuiltIn">
<msg time="2024-04-22T23:13:52.636240" level="INFO">${json_data} = {'results': [{'gender': 'female', 'name': {'title': 'Mrs', 'first': 'Joanna', 'last': 'Schei'}, 'location': {'street': {'number': 4727, 'name': 'Snippen'}, 'city': 'Brekstad', 'state': 'Description', ...</msg>
<var>${json_data}</var>
<arg>${response.json()}</arg>
<doc>Returns the given values which can then be assigned to a variables.</doc>
<status status="PASS" start="2024-04-22T23:13:52.635757" elapsed="0.000511"/>
</kw>
<kw name="Log" owner="BuiltIn">
<msg time="2024-04-22T23:13:52.636718" level="INFO">{'results': [{'gender': 'female', 'name': {'title': 'Mrs', 'first': 'Joanna', 'last': 'Schei'}, 'location': {'street': {'number': 4727, 'name': 'Snippen'}, 'city': 'Brekstad', 'state': 'Description', 'country': 'Norway', 'postcode': '5723', 'coordinates': {'latitude': '46.4731', 'longitude': '37.8019'}, 'timezone': {'offset': '+2:00', 'description': 'Kaliningrad, South Africa'}}, 'email': 'joanna.schei@example.com', 'login': {'uuid': '7ba87c13-ff64-42fa-b272-8cc9905c756b', 'username': 'blacklion787', 'password': 'idontknow', 'salt': '8yri9P0k', 'md5': 'def53e6419430228e41f358e31b6aa1a', 'sha1': '4c68e4cb707db3c9d534d6ef258e0a3fb49ae45b', 'sha256': 'a50c6ea4c4f67e0e82314507520e5a13fb5c338b62d0a19a9674d4a98bc01364'}, 'dob': {'date': '1987-06-17T04:03:39.700Z', 'age': 36}, 'registered': {'date': '2013-08-25T07:20:53.527Z', 'age': 10}, 'phone': '23743375', 'cell': '42195539', 'id': {'name': 'FN', 'value': '17068749824'}, 'picture': {'large': 'https://randomuser.me/api/portraits/women/58.jpg', 'medium': 'https://randomuser.me/api/portraits/med/women/58.jpg', 'thumbnail': 'https://randomuser.me/api/portraits/thumb/women/58.jpg'}, 'nat': 'NO'}], 'info': {'seed': 'b780e64eea125d9c', 'results': 1, 'page': 1, 'version': '1.4'}}</msg>
<arg>${json_data}</arg>
<doc>Logs the given message with the given level.</doc>
<status status="PASS" start="2024-04-22T23:13:52.636567" elapsed="0.000233"/>
</kw>
<kw name="Should Be String" owner="String">
<arg>${json_data['results'][0]['gender']}</arg>
<doc>Fails if the given ``item`` is not a string.</doc>
<status status="PASS" start="2024-04-22T23:13:52.637091" elapsed="0.000359"/>
</kw>
<kw name="Should Match Regexp" owner="BuiltIn">
<arg>${json_data['results'][0]['email']}</arg>
<arg>^[a-zA-Z0-9._%+-]+@[a-zA-Z0-9.-]+\.[a-zA-Z]{2,}$</arg>
<doc>Fails if ``string`` does not match ``pattern`` as a regular expression.</doc>
<status status="PASS" start="2024-04-22T23:13:52.637640" elapsed="0.000516"/>
</kw>
<kw name="Should Match Regexp" owner="BuiltIn">
<arg>${json_data['results'][0]['dob']['date']}</arg>
<arg>\\d{4}-\\d{2}-\\d{2}T\\d{2}:\\d{2}:\\d{2}\\.\\d{3}Z</arg>
<doc>Fails if ``string`` does not match ``pattern`` as a regular expression.</doc>
<status status="PASS" start="2024-04-22T23:13:52.638349" elapsed="0.000512"/>
</kw>
<kw name="Should Match Regexp" owner="BuiltIn">
<arg>${json_data['results'][0]['registered']['date']}</arg>
<arg>\\d{4}-\\d{2}-\\d{2}T\\d{2}:\\d{2}:\\d{2}\\.\\d{3}Z</arg>
<doc>Fails if ``string`` does not match ``pattern`` as a regular expression.</doc>
<status status="PASS" start="2024-04-22T23:13:52.639062" elapsed="0.000375"/>
</kw>
<kw name="Should Match Regexp" owner="BuiltIn">
<arg>${json_data['results'][0]['picture']['large']}</arg>
<arg>^https?://.*\.(?:png|jpe?g|gif|bmp)$</arg>
<doc>Fails if ``string`` does not match ``pattern`` as a regular expression.</doc>
<status status="PASS" start="2024-04-22T23:13:52.639635" elapsed="0.000472"/>
</kw>
<kw name="Should Match Regexp" owner="BuiltIn">
<arg>${json_data['results'][0]['picture']['medium']}</arg>
<arg>^https?://.*\.(?:png|jpe?g|gif|bmp)$</arg>
<doc>Fails if ``string`` does not match ``pattern`` as a regular expression.</doc>
<status status="PASS" start="2024-04-22T23:13:52.640293" elapsed="0.000359"/>
</kw>
<kw name="Should Match Regexp" owner="BuiltIn">
<arg>${json_data['results'][0]['picture']['thumbnail']}</arg>
<arg>^https?://.*\.(?:png|jpe?g|gif|bmp)$</arg>
<doc>Fails if ``string`` does not match ``pattern`` as a regular expression.</doc>
<status status="PASS" start="2024-04-22T23:13:52.640836" elapsed="0.000351"/>
</kw>
<kw name="Log" owner="BuiltIn">
<msg time="2024-04-22T23:13:52.641681" level="INFO">{'large': 'https://randomuser.me/api/portraits/women/58.jpg', 'medium': 'https://randomuser.me/api/portraits/med/women/58.jpg', 'thumbnail': 'https://randomuser.me/api/portraits/thumb/women/58.jpg'}</msg>
<arg>${json_data['results'][0]['picture']}</arg>
<doc>Logs the given message with the given level.</doc>
<status status="PASS" start="2024-04-22T23:13:52.641363" elapsed="0.000359"/>
</kw>
<status status="PASS" start="2024-04-22T23:13:52.524520" elapsed="0.117451"/>
</kw>
<kw name="Teste de Tipos de Dados - Postcode" owner="random-user-service">
<kw name="GET On Session" owner="RequestsLibrary">
<msg time="2024-04-22T23:13:52.695853" level="INFO">GET Request : url=https://randomuser.me/api 
 path_url=/api 
 headers={'User-Agent': 'python-requests/2.31.0', 'Accept-Encoding': 'gzip, deflate', 'Accept': '*/*', 'Connection': 'keep-alive'} 
 body=None 
 </msg>
<msg time="2024-04-22T23:13:52.695948" level="INFO">GET Response : url=https://randomuser.me/api 
 status=200, reason=OK 
 headers={'Date': 'Mon, 22 Apr 2024 23:13:52 GMT', 'Content-Type': 'application/json; charset=utf-8', 'Transfer-Encoding': 'chunked', 'Connection': 'keep-alive', 'X-Powered-By': 'Express', 'Access-Control-Allow-Origin': '*', 'Cache-Control': 'no-cache', 'ETag': 'W/"476-gIQSSwHOUceEmyx+/BSp66bf7Dg"', 'Vary': 'Accept-Encoding', 'Content-Encoding': 'gzip', 'CF-Cache-Status': 'DYNAMIC', 'Report-To': '{"endpoints":[{"url":"https:\\/\\/a.nel.cloudflare.com\\/report\\/v4?s=iB74dk2r9AkWQcflaHeHhHtB%2BdI3wGh81vggMp2vq4mD8%2FjQjnu2ULE%2BJT5Nj0hE8QwMhnJ8cy6M4zXNUrhhUqRV31TxS%2FCTGn4IQUE0RMaExMvLGMwKPLB8x234rmr%2B"}],"group":"cf-nel","max_age":604800}', 'NEL': '{"success_fraction":0,"report_to":"cf-nel","max_age":604800}', 'Server': 'cloudflare', 'CF-RAY': '87894e900e008191-IAD', 'alt-svc': 'h3=":443"; ma=86400'} 
 body={"results":[{"gender":"male","name":{"title":"Mr","first":"رضا","last":"نجاتی"},"location":{"street":{"number":7900,"name":"رسالت"},"city":"نیشابور","state":"یزد","country":"Iran","postcode":30105,"coordinates":{"latitude":"13.5536","longitude":"-45.4086"},"timezone":{"offset":"+4:00","description":"Abu Dhabi, Muscat, Baku, Tbilisi"}},"email":"rd.njty@example.com","login":{"uuid":"6bac5cf3-13d4-4f39-b830-45ba8d21c54e","username":"brownbear338","password":"luna","salt":"fn2q0oMT","md5":"f929466bfa8515fa138120a76eb82489","sha1":"0a94201fc2a94bb89666e5ae9c94e2f0c85bcdcd","sha256":"b7047cb7ab3f6e0d70d5ef1b07d00230bc4172058c698d622f2a6dd0540525be"},"dob":{"date":"1963-10-30T19:56:21.115Z","age":60},"registered":{"date":"2016-10-30T17:24:40.741Z","age":7},"phone":"058-10732833","cell":"0972-174-1947","id":{"name":"","value":null},"picture":{"large":"https://randomuser.me/api/portraits/men/67.jpg","medium":"https://randomuser.me/api/portraits/med/men/67.jpg","thumbnail":"https://randomuser.me/api/portraits/thumb/men/67.jpg"},"nat":"IR"}],"info":{"seed":"9b3e86b1dd208fd7","results":1,"page":1,"version":"1.4"}} 
 </msg>
<msg time="2024-04-22T23:13:52.696018" level="INFO">/opt/hostedtoolcache/Python/3.12.3/x64/lib/python3.12/site-packages/urllib3/connectionpool.py:1103: InsecureRequestWarning: Unverified HTTPS request is being made to host 'randomuser.me'. Adding certificate verification is strongly advised. See: https://urllib3.readthedocs.io/en/latest/advanced-usage.html#tls-warnings
  warnings.warn(</msg>
<msg time="2024-04-22T23:13:52.696153" level="INFO">${response} = &lt;Response [200]&gt;</msg>
<var>${response}</var>
<arg>consultarAPI</arg>
<arg>/api</arg>
<doc>Sends a GET request on a previously created HTTP Session.</doc>
<status status="PASS" start="2024-04-22T23:13:52.642420" elapsed="0.053769"/>
</kw>
<kw name="Set Variable" owner="BuiltIn">
<msg time="2024-04-22T23:13:52.697221" level="INFO">${json_data} = {'results': [{'gender': 'male', 'name': {'title': 'Mr', 'first': 'رضا', 'last': 'نجاتی'}, 'location': {'street': {'number': 7900, 'name': 'رسالت'}, 'city': 'نیشابور', 'state': 'یزد', 'country': 'Iran'...</msg>
<var>${json_data}</var>
<arg>${response.json()}</arg>
<doc>Returns the given values which can then be assigned to a variables.</doc>
<status status="PASS" start="2024-04-22T23:13:52.696702" elapsed="0.000549"/>
</kw>
<kw name="Log" owner="BuiltIn">
<msg time="2024-04-22T23:13:52.697718" level="INFO">{'results': [{'gender': 'male', 'name': {'title': 'Mr', 'first': 'رضا', 'last': 'نجاتی'}, 'location': {'street': {'number': 7900, 'name': 'رسالت'}, 'city': 'نیشابور', 'state': 'یزد', 'country': 'Iran', 'postcode': 30105, 'coordinates': {'latitude': '13.5536', 'longitude': '-45.4086'}, 'timezone': {'offset': '+4:00', 'description': 'Abu Dhabi, Muscat, Baku, Tbilisi'}}, 'email': 'rd.njty@example.com', 'login': {'uuid': '6bac5cf3-13d4-4f39-b830-45ba8d21c54e', 'username': 'brownbear338', 'password': 'luna', 'salt': 'fn2q0oMT', 'md5': 'f929466bfa8515fa138120a76eb82489', 'sha1': '0a94201fc2a94bb89666e5ae9c94e2f0c85bcdcd', 'sha256': 'b7047cb7ab3f6e0d70d5ef1b07d00230bc4172058c698d622f2a6dd0540525be'}, 'dob': {'date': '1963-10-30T19:56:21.115Z', 'age': 60}, 'registered': {'date': '2016-10-30T17:24:40.741Z', 'age': 7}, 'phone': '058-10732833', 'cell': '0972-174-1947', 'id': {'name': '', 'value': None}, 'picture': {'large': 'https://randomuser.me/api/portraits/men/67.jpg', 'medium': 'https://randomuser.me/api/portraits/med/men/67.jpg', 'thumbnail': 'https://randomuser.me/api/portraits/thumb/men/67.jpg'}, 'nat': 'IR'}], 'info': {'seed': '9b3e86b1dd208fd7', 'results': 1, 'page': 1, 'version': '1.4'}}</msg>
<arg>${json_data}</arg>
<doc>Logs the given message with the given level.</doc>
<status status="PASS" start="2024-04-22T23:13:52.697560" elapsed="0.000240"/>
</kw>
<kw name="Should Be Equal As Numbers" owner="BuiltIn">
<arg>${json_data['results'][0]['location']['postcode']}</arg>
<arg>${json_data['results'][0]['location']['postcode']}</arg>
<doc>Fails if objects are unequal after converting them to real numbers.</doc>
<status status="PASS" start="2024-04-22T23:13:52.698273" elapsed="0.000674"/>
</kw>
<kw name="Log" owner="BuiltIn">
<msg time="2024-04-22T23:13:52.699483" level="INFO">30105</msg>
<arg>${json_data['results'][0]['location']['postcode']}</arg>
<doc>Logs the given message with the given level.</doc>
<status status="PASS" start="2024-04-22T23:13:52.699142" elapsed="0.000381"/>
</kw>
<status status="PASS" start="2024-04-22T23:13:52.642190" elapsed="0.057587"/>
</kw>
<doc>Testa se os tipos de dados na resposta da API estão corretos.</doc>
<tag>testeTiposDados</tag>
<status status="PASS" start="2024-04-22T23:13:52.524084" elapsed="0.175856"/>
</test>
<test id="s1-s1-t5" name="Validar conteudo" line="35">
<kw name="Teste de Tipos de Conteudo" owner="random-user-service">
<kw name="GET On Session" owner="RequestsLibrary">
<msg time="2024-04-22T23:13:52.796379" level="INFO">GET Request : url=https://randomuser.me/api 
 path_url=/api 
 headers={'User-Agent': 'python-requests/2.31.0', 'Accept-Encoding': 'gzip, deflate', 'Accept': '*/*', 'Connection': 'keep-alive'} 
 body=None 
 </msg>
<msg time="2024-04-22T23:13:52.796481" level="INFO">GET Response : url=https://randomuser.me/api 
 status=200, reason=OK 
 headers={'Date': 'Mon, 22 Apr 2024 23:13:52 GMT', 'Content-Type': 'application/json; charset=utf-8', 'Transfer-Encoding': 'chunked', 'Connection': 'keep-alive', 'X-Powered-By': 'Express', 'Access-Control-Allow-Origin': '*', 'Cache-Control': 'no-cache', 'ETag': 'W/"493-AsTUoE07kKR2CCt6yutrZPwTEBg"', 'Vary': 'Accept-Encoding', 'Content-Encoding': 'gzip', 'CF-Cache-Status': 'DYNAMIC', 'Report-To': '{"endpoints":[{"url":"https:\\/\\/a.nel.cloudflare.com\\/report\\/v4?s=j3AxDEb3CLA5A4bNfa%2FLsis4lBSO6PnPjQkRoekKlTam8iSlEr6d7kx8h8VzW3aeI216D8FrFpHZsKalhmWx%2B2ajBBtLK4jvtzghXUvC5F2RzowP%2FnZ0wLQ%2FmVAz1bo6"}],"group":"cf-nel","max_age":604800}', 'NEL': '{"success_fraction":0,"report_to":"cf-nel","max_age":604800}', 'Server': 'cloudflare', 'CF-RAY': '87894e906e798191-IAD', 'alt-svc': 'h3=":443"; ma=86400'} 
 body={"results":[{"gender":"female","name":{"title":"Ms","first":"Myrtle","last":"Evans"},"location":{"street":{"number":4370,"name":"Bruce St"},"city":"Bowral","state":"New South Wales","country":"Australia","postcode":5571,"coordinates":{"latitude":"-88.9380","longitude":"118.4065"},"timezone":{"offset":"+5:30","description":"Bombay, Calcutta, Madras, New Delhi"}},"email":"myrtle.evans@example.com","login":{"uuid":"b3bb6023-95d3-4a26-ac9d-b333eccad3cb","username":"tinypanda305","password":"maryland","salt":"v3pOiAMW","md5":"fe2d8d7713e35aa71001f9f7b2bce1b9","sha1":"0ce2e7d7564864353def750f34d7eee8a1cdec2f","sha256":"1ab1301f5be2f62343bb11a4c63e7cdc78d37428f2be125a5feb3c662e9f3520"},"dob":{"date":"1956-09-07T16:27:09.213Z","age":67},"registered":{"date":"2006-06-04T12:26:29.178Z","age":17},"phone":"07-7682-8642","cell":"0469-278-868","id":{"name":"TFN","value":"945551166"},"picture":{"large":"https://randomuser.me/api/portraits/women/87.jpg","medium":"https://randomuser.me/api/portraits/med/women/87.jpg","thumbnail":"https://randomuser.me/api/portraits/thumb/women/87.jpg"},"nat":"AU"}],"info":{"seed":"23fcc003ad4caabd","results":1,"page":1,"version":"1.4"}} 
 </msg>
<msg time="2024-04-22T23:13:52.796561" level="INFO">/opt/hostedtoolcache/Python/3.12.3/x64/lib/python3.12/site-packages/urllib3/connectionpool.py:1103: InsecureRequestWarning: Unverified HTTPS request is being made to host 'randomuser.me'. Adding certificate verification is strongly advised. See: https://urllib3.readthedocs.io/en/latest/advanced-usage.html#tls-warnings
  warnings.warn(</msg>
<msg time="2024-04-22T23:13:52.796712" level="INFO">${response} = &lt;Response [200]&gt;</msg>
<var>${response}</var>
<arg>consultarAPI</arg>
<arg>/api</arg>
<doc>Sends a GET request on a previously created HTTP Session.</doc>
<status status="PASS" start="2024-04-22T23:13:52.702453" elapsed="0.094312"/>
</kw>
<kw name="Set Variable" owner="BuiltIn">
<msg time="2024-04-22T23:13:52.797766" level="INFO">${json_data} = {'results': [{'gender': 'female', 'name': {'title': 'Ms', 'first': 'Myrtle', 'last': 'Evans'}, 'location': {'street': {'number': 4370, 'name': 'Bruce St'}, 'city': 'Bowral', 'state': 'New South Wales'...</msg>
<var>${json_data}</var>
<arg>${response.json()}</arg>
<doc>Returns the given values which can then be assigned to a variables.</doc>
<status status="PASS" start="2024-04-22T23:13:52.797265" elapsed="0.000528"/>
</kw>
<kw name="Set Variable" owner="BuiltIn">
<msg time="2024-04-22T23:13:52.798481" level="INFO">${name_title} = Ms</msg>
<var>${name_title}</var>
<arg>${json_data["results"][0]["name"]["title"]}</arg>
<doc>Returns the given values which can then be assigned to a variables.</doc>
<status status="PASS" start="2024-04-22T23:13:52.798095" elapsed="0.000412"/>
</kw>
<kw name="Create List" owner="BuiltIn">
<msg time="2024-04-22T23:13:52.799023" level="INFO">${allowed_titles} = ['Mr', 'Ms', 'Miss', 'Mrs', 'Madame', 'Monsieur']</msg>
<var>${allowed_titles}</var>
<arg>Mr</arg>
<arg>Ms</arg>
<arg>Miss</arg>
<arg>Mrs</arg>
<arg>Madame</arg>
<arg>Monsieur</arg>
<doc>Returns a list containing given items.</doc>
<status status="PASS" start="2024-04-22T23:13:52.798803" elapsed="0.000245"/>
</kw>
<kw name="List Should Contain Value" owner="Collections">
<msg time="2024-04-22T23:13:52.799522" level="INFO">False</msg>
<arg>${allowed_titles}</arg>
<arg>${name_title}</arg>
<doc>Fails if the ``value`` is not found from ``list``.</doc>
<status status="PASS" start="2024-04-22T23:13:52.799351" elapsed="0.000208"/>
</kw>
<kw name="Set Variable" owner="BuiltIn">
<msg time="2024-04-22T23:13:52.800224" level="INFO">${name_country} = AU</msg>
<var>${name_country}</var>
<arg>${json_data["results"][0]["nat"]}</arg>
<doc>Returns the given values which can then be assigned to a variables.</doc>
<status status="PASS" start="2024-04-22T23:13:52.799850" elapsed="0.000399"/>
</kw>
<kw name="Create List" owner="BuiltIn">
<msg time="2024-04-22T23:13:52.801137" level="INFO">${list_country} = ['AD', 'AE', 'AF', 'AG', 'AI', 'AL', 'AM', 'AO', 'AQ', 'AR', 'AS', 'AT', 'AU', 'AW', 'AX', 'AZ', 'BA', 'BB', 'BD', 'BE', 'BF', 'BG', 'BH', 'BI', 'BJ', 'BL', 'BM', 'BN', 'BO', 'BQ', 'BR', 'BS', 'BT', '...</msg>
<var>${list_country}</var>
<arg>AD</arg>
<arg>AE</arg>
<arg>AF</arg>
<arg>AG</arg>
<arg>AI</arg>
<arg>AL</arg>
<arg>AM</arg>
<arg>AO</arg>
<arg>AQ</arg>
<arg>AR</arg>
<arg>AS</arg>
<arg>AT</arg>
<arg>AU</arg>
<arg>AW</arg>
<arg>AX</arg>
<arg>AZ</arg>
<arg>BA</arg>
<arg>BB</arg>
<arg>BD</arg>
<arg>BE</arg>
<arg>BF</arg>
<arg>BG</arg>
<arg>BH</arg>
<arg>BI</arg>
<arg>BJ</arg>
<arg>BL</arg>
<arg>BM</arg>
<arg>BN</arg>
<arg>BO</arg>
<arg>BQ</arg>
<arg>BR</arg>
<arg>BS</arg>
<arg>BT</arg>
<arg>BV</arg>
<arg>BW</arg>
<arg>BY</arg>
<arg>BZ</arg>
<arg>CA</arg>
<arg>CC</arg>
<arg>CD</arg>
<arg>CF</arg>
<arg>CG</arg>
<arg>CH</arg>
<arg>CI</arg>
<arg>CK</arg>
<arg>CL</arg>
<arg>CM</arg>
<arg>CN</arg>
<arg>CO</arg>
<arg>CR</arg>
<arg>CU</arg>
<arg>CV</arg>
<arg>CW</arg>
<arg>CX</arg>
<arg>CY</arg>
<arg>CZ</arg>
<arg>DE</arg>
<arg>DJ</arg>
<arg>DK</arg>
<arg>DM</arg>
<arg>DO</arg>
<arg>DZ</arg>
<arg>EC</arg>
<arg>EE</arg>
<arg>EG</arg>
<arg>EH</arg>
<arg>ER</arg>
<arg>ES</arg>
<arg>ET</arg>
<arg>FI</arg>
<arg>FJ</arg>
<arg>FK</arg>
<arg>FM</arg>
<arg>FO</arg>
<arg>FR</arg>
<arg>GA</arg>
<arg>GB</arg>
<arg>GD</arg>
<arg>GE</arg>
<arg>GF</arg>
<arg>GG</arg>
<arg>GH</arg>
<arg>GI</arg>
<arg>GL</arg>
<arg>GM</arg>
<arg>GN</arg>
<arg>GP</arg>
<arg>GQ</arg>
<arg>GR</arg>
<arg>GS</arg>
<arg>GT</arg>
<arg>GU</arg>
<arg>GW</arg>
<arg>GY</arg>
<arg>HK</arg>
<arg>HM</arg>
<arg>HN</arg>
<arg>HR</arg>
<arg>HT</arg>
<arg>HU</arg>
<arg>ID</arg>
<arg>IE</arg>
<arg>IL</arg>
<arg>IM</arg>
<arg>IN</arg>
<arg>IO</arg>
<arg>IQ</arg>
<arg>IR</arg>
<arg>IS</arg>
<arg>IT</arg>
<arg>JE</arg>
<arg>JM</arg>
<arg>JO</arg>
<arg>JP</arg>
<arg>KE</arg>
<arg>KG</arg>
<arg>KH</arg>
<arg>KI</arg>
<arg>KM</arg>
<arg>KN</arg>
<arg>KP</arg>
<arg>KR</arg>
<arg>KW</arg>
<arg>KY</arg>
<arg>KZ</arg>
<arg>LA</arg>
<arg>LB</arg>
<arg>LC</arg>
<arg>LI</arg>
<arg>LK</arg>
<arg>LR</arg>
<arg>LS</arg>
<arg>LT</arg>
<arg>LU</arg>
<arg>LV</arg>
<arg>LY</arg>
<arg>MA</arg>
<arg>MC</arg>
<arg>MD</arg>
<arg>ME</arg>
<arg>MF</arg>
<arg>MG</arg>
<arg>MH</arg>
<arg>MK</arg>
<arg>ML</arg>
<arg>MM</arg>
<arg>MN</arg>
<arg>MO</arg>
<arg>MP</arg>
<arg>MQ</arg>
<arg>MR</arg>
<arg>MS</arg>
<arg>MT</arg>
<arg>MU</arg>
<arg>MV</arg>
<arg>MW</arg>
<arg>MX</arg>
<arg>MY</arg>
<arg>MZ</arg>
<arg>NA</arg>
<arg>NC</arg>
<arg>NE</arg>
<arg>NF</arg>
<arg>NG</arg>
<arg>NI</arg>
<arg>NL</arg>
<arg>NO</arg>
<arg>NP</arg>
<arg>NR</arg>
<arg>NU</arg>
<arg>NZ</arg>
<arg>OM</arg>
<arg>PA</arg>
<arg>PE</arg>
<arg>PF</arg>
<arg>PG</arg>
<arg>PH</arg>
<arg>PK</arg>
<arg>PL</arg>
<arg>PM</arg>
<arg>PN</arg>
<arg>PR</arg>
<arg>PS</arg>
<arg>PT</arg>
<arg>PW</arg>
<arg>PY</arg>
<arg>QA</arg>
<arg>RE</arg>
<arg>RO</arg>
<arg>RS</arg>
<arg>RU</arg>
<arg>RW</arg>
<arg>SA</arg>
<arg>SB</arg>
<arg>SC</arg>
<arg>SD</arg>
<arg>SE</arg>
<arg>SG</arg>
<arg>SH</arg>
<arg>SI</arg>
<arg>SJ</arg>
<arg>SK</arg>
<arg>SL</arg>
<arg>SM</arg>
<arg>SN</arg>
<arg>SO</arg>
<arg>SR</arg>
<arg>SS</arg>
<arg>ST</arg>
<arg>SV</arg>
<arg>SX</arg>
<arg>SY</arg>
<arg>SZ</arg>
<arg>TC</arg>
<arg>TD</arg>
<arg>TF</arg>
<arg>TG</arg>
<arg>TH</arg>
<arg>TJ</arg>
<arg>TK</arg>
<arg>TL</arg>
<arg>TM</arg>
<arg>TN</arg>
<arg>TO</arg>
<arg>TR</arg>
<arg>TT</arg>
<arg>TV</arg>
<arg>TW</arg>
<arg>TZ</arg>
<arg>UA</arg>
<arg>UG</arg>
<arg>UM</arg>
<arg>US</arg>
<arg>UY</arg>
<arg>UZ</arg>
<arg>VA</arg>
<arg>VC</arg>
<arg>VE</arg>
<arg>VG</arg>
<arg>VI</arg>
<arg>VN</arg>
<arg>VU</arg>
<arg>WF</arg>
<arg>WS</arg>
<arg>XK</arg>
<arg>YE</arg>
<arg>YT</arg>
<arg>ZA</arg>
<arg>ZM</arg>
<arg>ZW</arg>
<doc>Returns a list containing given items.</doc>
<status status="PASS" start="2024-04-22T23:13:52.800547" elapsed="0.000615"/>
</kw>
<kw name="List Should Contain Value" owner="Collections">
<msg time="2024-04-22T23:13:52.802154" level="INFO">False</msg>
<arg>${list_country}</arg>
<arg>${name_country}</arg>
<doc>Fails if the ``value`` is not found from ``list``.</doc>
<status status="PASS" start="2024-04-22T23:13:52.801953" elapsed="0.000238"/>
</kw>
<kw name="Run Keyword If" owner="BuiltIn">
<kw name="Should Be True" owner="BuiltIn">
<arg>${True}</arg>
<doc>Fails if the given condition is not true.</doc>
<status status="PASS" start="2024-04-22T23:13:52.803285" elapsed="0.000266"/>
</kw>
<arg>${json_data["results"][0]["location"]["coordinates"]["latitude"]} &gt;= -90 and ${json_data["results"][0]["location"]["coordinates"]["latitude"]} &lt;= 90</arg>
<arg>Should Be True</arg>
<arg>${True}</arg>
<doc>Runs the given keyword with the given arguments, if ``condition`` is true.</doc>
<status status="PASS" start="2024-04-22T23:13:52.802499" elapsed="0.001184"/>
</kw>
<kw name="Run Keyword If" owner="BuiltIn">
<kw name="Should Be True" owner="BuiltIn">
<arg>${True}</arg>
<doc>Fails if the given condition is not true.</doc>
<status status="PASS" start="2024-04-22T23:13:52.804594" elapsed="0.000138"/>
</kw>
<arg>${json_data["results"][0]["location"]["coordinates"]["longitude"]} &gt;= -180 and ${json_data["results"][0]["location"]["coordinates"]["longitude"]} &lt;= 180</arg>
<arg>Should Be True</arg>
<arg>${True}</arg>
<doc>Runs the given keyword with the given arguments, if ``condition`` is true.</doc>
<status status="PASS" start="2024-04-22T23:13:52.803878" elapsed="0.000976"/>
</kw>
<status status="PASS" start="2024-04-22T23:13:52.702216" elapsed="0.102765"/>
</kw>
<doc>Testa o conteúdo específico dos campos retornados pela API.</doc>
<tag>testeConteudo</tag>
<status status="PASS" start="2024-04-22T23:13:52.701681" elapsed="0.103450"/>
</test>
<status status="PASS" start="2024-04-22T23:13:51.631247" elapsed="1.175826"/>
</suite>
<status status="PASS" start="2024-04-22T23:13:51.617339" elapsed="1.194893"/>
</suite>
<statistics>
<total>
<stat pass="5" fail="0" skip="0">All Tests</stat>
</total>
<tag>
<stat pass="1" fail="0" skip="0">testeConteudo</stat>
<stat pass="1" fail="0" skip="0">testeEstruturaResposta</stat>
<stat pass="1" fail="0" skip="0">testeRequisicaoBasica</stat>
<stat pass="1" fail="0" skip="0">testeTiposDados</stat>
</tag>
<suite>
<stat pass="5" fail="0" skip="0" id="s1" name="Tests">Tests</stat>
<stat pass="5" fail="0" skip="0" id="s1-s1" name="Random-User-Test">Tests.Random-User-Test</stat>
</suite>
</statistics>
<errors>
</errors>
</robot>
