<?xml version="1.0" encoding="UTF-8"?>
<robot generator="Robot 7.0 (Python 3.12.3 on linux)" generated="2024-06-05T06:20:39.986476" rpa="false" schemaversion="5">
<suite id="s1" name="Tests" source="/home/runner/work/ApiRandomUser/ApiRandomUser/RamdonUser/tests">
<suite id="s1-s1" name="Random-User-Test" source="/home/runner/work/ApiRandomUser/ApiRandomUser/RamdonUser/tests/random-user-test.robot">
<test id="s1-s1-t1" name="Conectar" line="13">
<kw name="Conectar API" owner="random-user-service">
<kw name="Create Session" owner="RequestsLibrary">
<msg time="2024-06-05T06:20:40.402287" level="INFO">Creating Session using : alias=consultarAPI, url=https://randomuser.me/, headers={},                     cookies={}, auth=None, timeout=None, proxies=None, verify=False,                     debug=0 </msg>
<arg>consultarAPI</arg>
<arg>${URL}</arg>
<doc>Create Session: create a HTTP session to a server</doc>
<status status="PASS" start="2024-06-05T06:20:40.402049" elapsed="0.000422"/>
</kw>
<status status="PASS" start="2024-06-05T06:20:40.400998" elapsed="0.001837"/>
</kw>
<status status="PASS" start="2024-06-05T06:20:40.400383" elapsed="0.002646"/>
</test>
<test id="s1-s1-t2" name="Validar retorno 200 e JSON Válido" line="16">
<kw name="Teste de Requisicao Basica" owner="random-user-service">
<kw name="GET On Session" owner="RequestsLibrary">
<msg time="2024-06-05T06:20:40.479432" level="INFO">GET Request : url=https://randomuser.me/api 
 path_url=/api 
 headers={'User-Agent': 'python-requests/2.32.3', 'Accept-Encoding': 'gzip, deflate', 'Accept': '*/*', 'Connection': 'keep-alive'} 
 body=None 
 </msg>
<msg time="2024-06-05T06:20:40.479580" level="INFO">GET Response : url=https://randomuser.me/api 
 status=200, reason=OK 
 headers={'Date': 'Wed, 05 Jun 2024 06:20:40 GMT', 'Content-Type': 'application/json; charset=utf-8', 'Transfer-Encoding': 'chunked', 'Connection': 'keep-alive', 'X-Powered-By': 'Express', 'Access-Control-Allow-Origin': '*', 'Cache-Control': 'no-cache', 'ETag': 'W/"489-/o+/Poq+Q+laDQ6H/A91gTicbiA"', 'Vary': 'Accept-Encoding', 'Content-Encoding': 'gzip', 'CF-Cache-Status': 'DYNAMIC', 'Report-To': '{"endpoints":[{"url":"https:\\/\\/a.nel.cloudflare.com\\/report\\/v4?s=wJ9gCMSeCJNCTwafTO8KucIwJTQ362q1%2F881Q8YJOVG3R4ecCKDTdzb7mChnxDzpuu5KAx1RP4zUV41nyqBNIDWsc9GiXsfrXUuu%2FkWUUlCR0wDDXp11TodfsubKGb1%2B"}],"group":"cf-nel","max_age":604800}', 'NEL': '{"success_fraction":0,"report_to":"cf-nel","max_age":604800}', 'Server': 'cloudflare', 'CF-RAY': '88ee0ee0bea410e9-ORD', 'alt-svc': 'h3=":443"; ma=86400'} 
 body={"results":[{"gender":"male","name":{"title":"Mr","first":"Gerald","last":"Van Geenen"},"location":{"street":{"number":3885,"name":"De Straatweiden"},"city":"Kleverskerke","state":"Friesland","country":"Netherlands","postcode":"8881 VC","coordinates":{"latitude":"37.3361","longitude":"-13.4493"},"timezone":{"offset":"+5:45","description":"Kathmandu"}},"email":"gerald.vangeenen@example.com","login":{"uuid":"5db6663c-9d59-4e71-bce4-0bd347225e33","username":"whiteelephant119","password":"savior","salt":"L1uL6Ef8","md5":"1e2c231f636ddc1add2b3c895ae14c99","sha1":"0a9d1b09849d7e25bbef77dc349ade89c55075db","sha256":"c7ad757580e086a0f37f010233dda66f57f5bb7745dbbf1366c4a2e46df0f6d7"},"dob":{"date":"1986-05-24T05:02:48.115Z","age":38},"registered":{"date":"2019-04-16T08:18:21.006Z","age":5},"phone":"(0462) 851887","cell":"(06) 76061224","id":{"name":"BSN","value":"90277027"},"picture":{"large":"https://randomuser.me/api/portraits/men/21.jpg","medium":"https://randomuser.me/api/portraits/med/men/21.jpg","thumbnail":"https://randomuser.me/api/portraits/thumb/men/21.jpg"},"nat":"NL"}],"info":{"seed":"4344c2b88d86d607","results":1,"page":1,"version":"1.4"}} 
 </msg>
<msg time="2024-06-05T06:20:40.479654" level="INFO">/opt/hostedtoolcache/Python/3.12.3/x64/lib/python3.12/site-packages/urllib3/connectionpool.py:1103: InsecureRequestWarning: Unverified HTTPS request is being made to host 'randomuser.me'. Adding certificate verification is strongly advised. See: https://urllib3.readthedocs.io/en/latest/advanced-usage.html#tls-warnings
  warnings.warn(</msg>
<msg time="2024-06-05T06:20:40.479784" level="INFO">${response} = &lt;Response [200]&gt;</msg>
<var>${response}</var>
<arg>consultarAPI</arg>
<arg>/api</arg>
<doc>Sends a GET request on a previously created HTTP Session.</doc>
<status status="PASS" start="2024-06-05T06:20:40.405677" elapsed="0.074147"/>
</kw>
<kw name="Should Be Equal As Numbers" owner="BuiltIn">
<msg time="2024-06-05T06:20:40.480913" level="INFO">Argument types are:
&lt;class 'int'&gt;
&lt;class 'str'&gt;</msg>
<arg>${response.status_code}</arg>
<arg>200</arg>
<doc>Fails if objects are unequal after converting them to real numbers.</doc>
<status status="PASS" start="2024-06-05T06:20:40.480393" elapsed="0.000586"/>
</kw>
<kw name="Log" owner="BuiltIn">
<msg time="2024-06-05T06:20:40.481677" level="INFO">200</msg>
<arg>${response.status_code}</arg>
<doc>Logs the given message with the given level.</doc>
<status status="PASS" start="2024-06-05T06:20:40.481327" elapsed="0.000397"/>
</kw>
<kw name="Set Variable" owner="BuiltIn">
<msg time="2024-06-05T06:20:40.482513" level="INFO">${json_data} = {'results': [{'gender': 'male', 'name': {'title': 'Mr', 'first': 'Gerald', 'last': 'Van Geenen'}, 'location': {'street': {'number': 3885, 'name': 'De Straatweiden'}, 'city': 'Kleverskerke', 'state': '...</msg>
<var>${json_data}</var>
<arg>${response.json()}</arg>
<doc>Returns the given values which can then be assigned to a variables.</doc>
<status status="PASS" start="2024-06-05T06:20:40.482034" elapsed="0.000508"/>
</kw>
<kw name="Dictionary Should Contain Key" owner="Collections">
<msg time="2024-06-05T06:20:40.483017" level="INFO">False</msg>
<arg>${json_data}</arg>
<arg>results</arg>
<doc>Fails if ``key`` is not found from ``dictionary``.</doc>
<status status="PASS" start="2024-06-05T06:20:40.482848" elapsed="0.000354"/>
</kw>
<status status="PASS" start="2024-06-05T06:20:40.405434" elapsed="0.078035"/>
</kw>
<doc>Testa se a API responde corretamente e retorna um objeto JSON válido.</doc>
<tag>testeRequisicaoBasica</tag>
<status status="PASS" start="2024-06-05T06:20:40.404915" elapsed="0.078736"/>
</test>
<test id="s1-s1-t3" name="Validar estrutura de resposta" line="22">
<kw name="Teste de Estrutura de Resposta" owner="random-user-service">
<kw name="GET On Session" owner="RequestsLibrary">
<msg time="2024-06-05T06:20:40.644849" level="INFO">GET Request : url=https://randomuser.me/api 
 path_url=/api 
 headers={'User-Agent': 'python-requests/2.32.3', 'Accept-Encoding': 'gzip, deflate', 'Accept': '*/*', 'Connection': 'keep-alive'} 
 body=None 
 </msg>
<msg time="2024-06-05T06:20:40.644947" level="INFO">GET Response : url=https://randomuser.me/api 
 status=200, reason=OK 
 headers={'Date': 'Wed, 05 Jun 2024 06:20:40 GMT', 'Content-Type': 'application/json; charset=utf-8', 'Transfer-Encoding': 'chunked', 'Connection': 'keep-alive', 'X-Powered-By': 'Express', 'Access-Control-Allow-Origin': '*', 'Cache-Control': 'no-cache', 'ETag': 'W/"4a9-Q66VTPBCnFbEU40QEomqL5Ml0u0"', 'Vary': 'Accept-Encoding', 'Content-Encoding': 'gzip', 'CF-Cache-Status': 'DYNAMIC', 'Report-To': '{"endpoints":[{"url":"https:\\/\\/a.nel.cloudflare.com\\/report\\/v4?s=Ixn7Dp7pJ9gav5LF1KJUwquSuNdmml0OpJLwNEg%2BlDs3CTo9O%2B2%2Flg%2BByWHx7fl4UFYmD9kGP9W8MddbL6aO1tmJklem79ZAHssV0J2IpqZji3ldDBtLE2G9PrvuZDSD"}],"group":"cf-nel","max_age":604800}', 'NEL': '{"success_fraction":0,"report_to":"cf-nel","max_age":604800}', 'Server': 'cloudflare', 'CF-RAY': '88ee0ee10ed810e9-ORD', 'alt-svc': 'h3=":443"; ma=86400'} 
 body={"results":[{"gender":"female","name":{"title":"Miss","first":"Hilla","last":"Salonen"},"location":{"street":{"number":7749,"name":"Aleksanterinkatu"},"city":"Tohmajärvi","state":"Northern Savonia","country":"Finland","postcode":21906,"coordinates":{"latitude":"-25.6200","longitude":"102.2616"},"timezone":{"offset":"+4:00","description":"Abu Dhabi, Muscat, Baku, Tbilisi"}},"email":"hilla.salonen@example.com","login":{"uuid":"4d09c0e7-2b8a-4f1d-aabb-7037b9bbbbb0","username":"redladybug146","password":"rangers","salt":"SFO8fZPO","md5":"8a3b5f7ff184f58edbdd5065b6035b83","sha1":"8b8a3fba865e93bd64a2726cf34c0fbafe0ccf9f","sha256":"9d25be75fb364e339bf353d3d22fb1f1c4975ad9444913bc11bc755a2ebde18d"},"dob":{"date":"1956-06-16T19:10:42.799Z","age":67},"registered":{"date":"2011-06-08T17:38:42.159Z","age":12},"phone":"06-776-770","cell":"042-383-22-12","id":{"name":"HETU","value":"NaNNA056undefined"},"picture":{"large":"https://randomuser.me/api/portraits/women/72.jpg","medium":"https://randomuser.me/api/portraits/med/women/72.jpg","thumbnail":"https://randomuser.me/api/portraits/thumb/women/72.jpg"},"nat":"FI"}],"info":{"seed":"e1588c52399cf3db","results":1,"page":1,"version":"1.4"}} 
 </msg>
<msg time="2024-06-05T06:20:40.645068" level="INFO">/opt/hostedtoolcache/Python/3.12.3/x64/lib/python3.12/site-packages/urllib3/connectionpool.py:1103: InsecureRequestWarning: Unverified HTTPS request is being made to host 'randomuser.me'. Adding certificate verification is strongly advised. See: https://urllib3.readthedocs.io/en/latest/advanced-usage.html#tls-warnings
  warnings.warn(</msg>
<msg time="2024-06-05T06:20:40.645196" level="INFO">${response} = &lt;Response [200]&gt;</msg>
<var>${response}</var>
<arg>consultarAPI</arg>
<arg>/api</arg>
<doc>Sends a GET request on a previously created HTTP Session.</doc>
<status status="PASS" start="2024-06-05T06:20:40.486344" elapsed="0.158893"/>
</kw>
<kw name="Set Variable" owner="BuiltIn">
<msg time="2024-06-05T06:20:40.646478" level="INFO">${json_data} = {'results': [{'gender': 'female', 'name': {'title': 'Miss', 'first': 'Hilla', 'last': 'Salonen'}, 'location': {'street': {'number': 7749, 'name': 'Aleksanterinkatu'}, 'city': 'Tohmajärvi', 'state': 'N...</msg>
<var>${json_data}</var>
<arg>${response.json()}</arg>
<doc>Returns the given values which can then be assigned to a variables.</doc>
<status status="PASS" start="2024-06-05T06:20:40.645847" elapsed="0.000661"/>
</kw>
<kw name="Log" owner="BuiltIn">
<msg time="2024-06-05T06:20:40.646990" level="INFO">{'results': [{'gender': 'female', 'name': {'title': 'Miss', 'first': 'Hilla', 'last': 'Salonen'}, 'location': {'street': {'number': 7749, 'name': 'Aleksanterinkatu'}, 'city': 'Tohmajärvi', 'state': 'Northern Savonia', 'country': 'Finland', 'postcode': 21906, 'coordinates': {'latitude': '-25.6200', 'longitude': '102.2616'}, 'timezone': {'offset': '+4:00', 'description': 'Abu Dhabi, Muscat, Baku, Tbilisi'}}, 'email': 'hilla.salonen@example.com', 'login': {'uuid': '4d09c0e7-2b8a-4f1d-aabb-7037b9bbbbb0', 'username': 'redladybug146', 'password': 'rangers', 'salt': 'SFO8fZPO', 'md5': '8a3b5f7ff184f58edbdd5065b6035b83', 'sha1': '8b8a3fba865e93bd64a2726cf34c0fbafe0ccf9f', 'sha256': '9d25be75fb364e339bf353d3d22fb1f1c4975ad9444913bc11bc755a2ebde18d'}, 'dob': {'date': '1956-06-16T19:10:42.799Z', 'age': 67}, 'registered': {'date': '2011-06-08T17:38:42.159Z', 'age': 12}, 'phone': '06-776-770', 'cell': '042-383-22-12', 'id': {'name': 'HETU', 'value': 'NaNNA056undefined'}, 'picture': {'large': 'https://randomuser.me/api/portraits/women/72.jpg', 'medium': 'https://randomuser.me/api/portraits/med/women/72.jpg', 'thumbnail': 'https://randomuser.me/api/portraits/thumb/women/72.jpg'}, 'nat': 'FI'}], 'info': {'seed': 'e1588c52399cf3db', 'results': 1, 'page': 1, 'version': '1.4'}}</msg>
<arg>${json_data}</arg>
<doc>Logs the given message with the given level.</doc>
<status status="PASS" start="2024-06-05T06:20:40.646826" elapsed="0.000214"/>
</kw>
<kw name="Dictionary Should Contain Key" owner="Collections">
<msg time="2024-06-05T06:20:40.647507" level="INFO">False</msg>
<arg>${json_data}</arg>
<arg>results</arg>
<doc>Fails if ``key`` is not found from ``dictionary``.</doc>
<status status="PASS" start="2024-06-05T06:20:40.647344" elapsed="0.000201"/>
</kw>
<kw name="Should Not Be Empty" owner="BuiltIn">
<msg time="2024-06-05T06:20:40.647973" level="INFO">Length is 2.</msg>
<arg>${json_data}</arg>
<doc>Verifies that the given item is not empty.</doc>
<status status="PASS" start="2024-06-05T06:20:40.647839" elapsed="0.000174"/>
</kw>
<kw name="Create List" owner="BuiltIn">
<msg time="2024-06-05T06:20:40.648458" level="INFO">${expected_keys} = ['gender', 'name', 'location', 'email', 'login']</msg>
<var>${expected_keys}</var>
<arg>gender</arg>
<arg>name</arg>
<arg>location</arg>
<arg>email</arg>
<arg>login</arg>
<doc>Returns a list containing given items.</doc>
<status status="PASS" start="2024-06-05T06:20:40.648307" elapsed="0.000175"/>
</kw>
<for flavor="IN">
<iter>
<kw name="Dictionary Should Contain Key" owner="Collections">
<msg time="2024-06-05T06:20:40.649483" level="INFO">False</msg>
<arg>${json_data['results'][0]}</arg>
<arg>${key}</arg>
<doc>Fails if ``key`` is not found from ``dictionary``.</doc>
<status status="PASS" start="2024-06-05T06:20:40.649074" elapsed="0.000452"/>
</kw>
<kw name="Log" owner="BuiltIn">
<msg time="2024-06-05T06:20:40.650224" level="INFO">{'gender': 'female', 'name': {'title': 'Miss', 'first': 'Hilla', 'last': 'Salonen'}, 'location': {'street': {'number': 7749, 'name': 'Aleksanterinkatu'}, 'city': 'Tohmajärvi', 'state': 'Northern Savonia', 'country': 'Finland', 'postcode': 21906, 'coordinates': {'latitude': '-25.6200', 'longitude': '102.2616'}, 'timezone': {'offset': '+4:00', 'description': 'Abu Dhabi, Muscat, Baku, Tbilisi'}}, 'email': 'hilla.salonen@example.com', 'login': {'uuid': '4d09c0e7-2b8a-4f1d-aabb-7037b9bbbbb0', 'username': 'redladybug146', 'password': 'rangers', 'salt': 'SFO8fZPO', 'md5': '8a3b5f7ff184f58edbdd5065b6035b83', 'sha1': '8b8a3fba865e93bd64a2726cf34c0fbafe0ccf9f', 'sha256': '9d25be75fb364e339bf353d3d22fb1f1c4975ad9444913bc11bc755a2ebde18d'}, 'dob': {'date': '1956-06-16T19:10:42.799Z', 'age': 67}, 'registered': {'date': '2011-06-08T17:38:42.159Z', 'age': 12}, 'phone': '06-776-770', 'cell': '042-383-22-12', 'id': {'name': 'HETU', 'value': 'NaNNA056undefined'}, 'picture': {'large': 'https://randomuser.me/api/portraits/women/72.jpg', 'medium': 'https://randomuser.me/api/portraits/med/women/72.jpg', 'thumbnail': 'https://randomuser.me/api/portraits/thumb/women/72.jpg'}, 'nat': 'FI'}</msg>
<arg>${json_data['results'][0]}</arg>
<doc>Logs the given message with the given level.</doc>
<status status="PASS" start="2024-06-05T06:20:40.649830" elapsed="0.000444"/>
</kw>
<kw name="Log" owner="BuiltIn">
<msg time="2024-06-05T06:20:40.650709" level="INFO">gender</msg>
<arg>${key}</arg>
<doc>Logs the given message with the given level.</doc>
<status status="PASS" start="2024-06-05T06:20:40.650578" elapsed="0.000169"/>
</kw>
<var name="${key}">gender</var>
<status status="PASS" start="2024-06-05T06:20:40.648944" elapsed="0.002021"/>
</iter>
<iter>
<kw name="Dictionary Should Contain Key" owner="Collections">
<msg time="2024-06-05T06:20:40.651658" level="INFO">False</msg>
<arg>${json_data['results'][0]}</arg>
<arg>${key}</arg>
<doc>Fails if ``key`` is not found from ``dictionary``.</doc>
<status status="PASS" start="2024-06-05T06:20:40.651271" elapsed="0.000455"/>
</kw>
<kw name="Log" owner="BuiltIn">
<msg time="2024-06-05T06:20:40.652402" level="INFO">{'gender': 'female', 'name': {'title': 'Miss', 'first': 'Hilla', 'last': 'Salonen'}, 'location': {'street': {'number': 7749, 'name': 'Aleksanterinkatu'}, 'city': 'Tohmajärvi', 'state': 'Northern Savonia', 'country': 'Finland', 'postcode': 21906, 'coordinates': {'latitude': '-25.6200', 'longitude': '102.2616'}, 'timezone': {'offset': '+4:00', 'description': 'Abu Dhabi, Muscat, Baku, Tbilisi'}}, 'email': 'hilla.salonen@example.com', 'login': {'uuid': '4d09c0e7-2b8a-4f1d-aabb-7037b9bbbbb0', 'username': 'redladybug146', 'password': 'rangers', 'salt': 'SFO8fZPO', 'md5': '8a3b5f7ff184f58edbdd5065b6035b83', 'sha1': '8b8a3fba865e93bd64a2726cf34c0fbafe0ccf9f', 'sha256': '9d25be75fb364e339bf353d3d22fb1f1c4975ad9444913bc11bc755a2ebde18d'}, 'dob': {'date': '1956-06-16T19:10:42.799Z', 'age': 67}, 'registered': {'date': '2011-06-08T17:38:42.159Z', 'age': 12}, 'phone': '06-776-770', 'cell': '042-383-22-12', 'id': {'name': 'HETU', 'value': 'NaNNA056undefined'}, 'picture': {'large': 'https://randomuser.me/api/portraits/women/72.jpg', 'medium': 'https://randomuser.me/api/portraits/med/women/72.jpg', 'thumbnail': 'https://randomuser.me/api/portraits/thumb/women/72.jpg'}, 'nat': 'FI'}</msg>
<arg>${json_data['results'][0]}</arg>
<doc>Logs the given message with the given level.</doc>
<status status="PASS" start="2024-06-05T06:20:40.652030" elapsed="0.000424"/>
</kw>
<kw name="Log" owner="BuiltIn">
<msg time="2024-06-05T06:20:40.652882" level="INFO">name</msg>
<arg>${key}</arg>
<doc>Logs the given message with the given level.</doc>
<status status="PASS" start="2024-06-05T06:20:40.652753" elapsed="0.000167"/>
</kw>
<var name="${key}">name</var>
<status status="PASS" start="2024-06-05T06:20:40.651155" elapsed="0.001984"/>
</iter>
<iter>
<kw name="Dictionary Should Contain Key" owner="Collections">
<msg time="2024-06-05T06:20:40.653805" level="INFO">False</msg>
<arg>${json_data['results'][0]}</arg>
<arg>${key}</arg>
<doc>Fails if ``key`` is not found from ``dictionary``.</doc>
<status status="PASS" start="2024-06-05T06:20:40.653430" elapsed="0.000412"/>
</kw>
<kw name="Log" owner="BuiltIn">
<msg time="2024-06-05T06:20:40.654549" level="INFO">{'gender': 'female', 'name': {'title': 'Miss', 'first': 'Hilla', 'last': 'Salonen'}, 'location': {'street': {'number': 7749, 'name': 'Aleksanterinkatu'}, 'city': 'Tohmajärvi', 'state': 'Northern Savonia', 'country': 'Finland', 'postcode': 21906, 'coordinates': {'latitude': '-25.6200', 'longitude': '102.2616'}, 'timezone': {'offset': '+4:00', 'description': 'Abu Dhabi, Muscat, Baku, Tbilisi'}}, 'email': 'hilla.salonen@example.com', 'login': {'uuid': '4d09c0e7-2b8a-4f1d-aabb-7037b9bbbbb0', 'username': 'redladybug146', 'password': 'rangers', 'salt': 'SFO8fZPO', 'md5': '8a3b5f7ff184f58edbdd5065b6035b83', 'sha1': '8b8a3fba865e93bd64a2726cf34c0fbafe0ccf9f', 'sha256': '9d25be75fb364e339bf353d3d22fb1f1c4975ad9444913bc11bc755a2ebde18d'}, 'dob': {'date': '1956-06-16T19:10:42.799Z', 'age': 67}, 'registered': {'date': '2011-06-08T17:38:42.159Z', 'age': 12}, 'phone': '06-776-770', 'cell': '042-383-22-12', 'id': {'name': 'HETU', 'value': 'NaNNA056undefined'}, 'picture': {'large': 'https://randomuser.me/api/portraits/women/72.jpg', 'medium': 'https://randomuser.me/api/portraits/med/women/72.jpg', 'thumbnail': 'https://randomuser.me/api/portraits/thumb/women/72.jpg'}, 'nat': 'FI'}</msg>
<arg>${json_data['results'][0]}</arg>
<doc>Logs the given message with the given level.</doc>
<status status="PASS" start="2024-06-05T06:20:40.654173" elapsed="0.000427"/>
</kw>
<kw name="Log" owner="BuiltIn">
<msg time="2024-06-05T06:20:40.655025" level="INFO">location</msg>
<arg>${key}</arg>
<doc>Logs the given message with the given level.</doc>
<status status="PASS" start="2024-06-05T06:20:40.654898" elapsed="0.000164"/>
</kw>
<var name="${key}">location</var>
<status status="PASS" start="2024-06-05T06:20:40.653317" elapsed="0.001958"/>
</iter>
<iter>
<kw name="Dictionary Should Contain Key" owner="Collections">
<msg time="2024-06-05T06:20:40.656058" level="INFO">False</msg>
<arg>${json_data['results'][0]}</arg>
<arg>${key}</arg>
<doc>Fails if ``key`` is not found from ``dictionary``.</doc>
<status status="PASS" start="2024-06-05T06:20:40.655557" elapsed="0.000539"/>
</kw>
<kw name="Log" owner="BuiltIn">
<msg time="2024-06-05T06:20:40.656756" level="INFO">{'gender': 'female', 'name': {'title': 'Miss', 'first': 'Hilla', 'last': 'Salonen'}, 'location': {'street': {'number': 7749, 'name': 'Aleksanterinkatu'}, 'city': 'Tohmajärvi', 'state': 'Northern Savonia', 'country': 'Finland', 'postcode': 21906, 'coordinates': {'latitude': '-25.6200', 'longitude': '102.2616'}, 'timezone': {'offset': '+4:00', 'description': 'Abu Dhabi, Muscat, Baku, Tbilisi'}}, 'email': 'hilla.salonen@example.com', 'login': {'uuid': '4d09c0e7-2b8a-4f1d-aabb-7037b9bbbbb0', 'username': 'redladybug146', 'password': 'rangers', 'salt': 'SFO8fZPO', 'md5': '8a3b5f7ff184f58edbdd5065b6035b83', 'sha1': '8b8a3fba865e93bd64a2726cf34c0fbafe0ccf9f', 'sha256': '9d25be75fb364e339bf353d3d22fb1f1c4975ad9444913bc11bc755a2ebde18d'}, 'dob': {'date': '1956-06-16T19:10:42.799Z', 'age': 67}, 'registered': {'date': '2011-06-08T17:38:42.159Z', 'age': 12}, 'phone': '06-776-770', 'cell': '042-383-22-12', 'id': {'name': 'HETU', 'value': 'NaNNA056undefined'}, 'picture': {'large': 'https://randomuser.me/api/portraits/women/72.jpg', 'medium': 'https://randomuser.me/api/portraits/med/women/72.jpg', 'thumbnail': 'https://randomuser.me/api/portraits/thumb/women/72.jpg'}, 'nat': 'FI'}</msg>
<arg>${json_data['results'][0]}</arg>
<doc>Logs the given message with the given level.</doc>
<status status="PASS" start="2024-06-05T06:20:40.656395" elapsed="0.000412"/>
</kw>
<kw name="Log" owner="BuiltIn">
<msg time="2024-06-05T06:20:40.657230" level="INFO">email</msg>
<arg>${key}</arg>
<doc>Logs the given message with the given level.</doc>
<status status="PASS" start="2024-06-05T06:20:40.657102" elapsed="0.000165"/>
</kw>
<var name="${key}">email</var>
<status status="PASS" start="2024-06-05T06:20:40.655447" elapsed="0.002033"/>
</iter>
<iter>
<kw name="Dictionary Should Contain Key" owner="Collections">
<msg time="2024-06-05T06:20:40.658175" level="INFO">False</msg>
<arg>${json_data['results'][0]}</arg>
<arg>${key}</arg>
<doc>Fails if ``key`` is not found from ``dictionary``.</doc>
<status status="PASS" start="2024-06-05T06:20:40.657767" elapsed="0.000446"/>
</kw>
<kw name="Log" owner="BuiltIn">
<msg time="2024-06-05T06:20:40.658874" level="INFO">{'gender': 'female', 'name': {'title': 'Miss', 'first': 'Hilla', 'last': 'Salonen'}, 'location': {'street': {'number': 7749, 'name': 'Aleksanterinkatu'}, 'city': 'Tohmajärvi', 'state': 'Northern Savonia', 'country': 'Finland', 'postcode': 21906, 'coordinates': {'latitude': '-25.6200', 'longitude': '102.2616'}, 'timezone': {'offset': '+4:00', 'description': 'Abu Dhabi, Muscat, Baku, Tbilisi'}}, 'email': 'hilla.salonen@example.com', 'login': {'uuid': '4d09c0e7-2b8a-4f1d-aabb-7037b9bbbbb0', 'username': 'redladybug146', 'password': 'rangers', 'salt': 'SFO8fZPO', 'md5': '8a3b5f7ff184f58edbdd5065b6035b83', 'sha1': '8b8a3fba865e93bd64a2726cf34c0fbafe0ccf9f', 'sha256': '9d25be75fb364e339bf353d3d22fb1f1c4975ad9444913bc11bc755a2ebde18d'}, 'dob': {'date': '1956-06-16T19:10:42.799Z', 'age': 67}, 'registered': {'date': '2011-06-08T17:38:42.159Z', 'age': 12}, 'phone': '06-776-770', 'cell': '042-383-22-12', 'id': {'name': 'HETU', 'value': 'NaNNA056undefined'}, 'picture': {'large': 'https://randomuser.me/api/portraits/women/72.jpg', 'medium': 'https://randomuser.me/api/portraits/med/women/72.jpg', 'thumbnail': 'https://randomuser.me/api/portraits/thumb/women/72.jpg'}, 'nat': 'FI'}</msg>
<arg>${json_data['results'][0]}</arg>
<doc>Logs the given message with the given level.</doc>
<status status="PASS" start="2024-06-05T06:20:40.658514" elapsed="0.000411"/>
</kw>
<kw name="Log" owner="BuiltIn">
<msg time="2024-06-05T06:20:40.659345" level="INFO">login</msg>
<arg>${key}</arg>
<doc>Logs the given message with the given level.</doc>
<status status="PASS" start="2024-06-05T06:20:40.659218" elapsed="0.000195"/>
</kw>
<var name="${key}">login</var>
<status status="PASS" start="2024-06-05T06:20:40.657654" elapsed="0.001979"/>
</iter>
<var>${key}</var>
<value>@{expected_keys}</value>
<status status="PASS" start="2024-06-05T06:20:40.648746" elapsed="0.011008"/>
</for>
<kw name="Create List" owner="BuiltIn">
<msg time="2024-06-05T06:20:40.660087" level="INFO">${expected_keysTwo} = ['username', 'password']</msg>
<var>${expected_keysTwo}</var>
<arg>username</arg>
<arg>password</arg>
<doc>Returns a list containing given items.</doc>
<status status="PASS" start="2024-06-05T06:20:40.659949" elapsed="0.000162"/>
</kw>
<for flavor="IN">
<iter>
<kw name="Dictionary Should Contain Key" owner="Collections">
<msg time="2024-06-05T06:20:40.660994" level="INFO">False</msg>
<arg>${json_data['results'][0]['login']}</arg>
<arg>${keyTwo}</arg>
<doc>Fails if ``key`` is not found from ``dictionary``.</doc>
<status status="PASS" start="2024-06-05T06:20:40.660609" elapsed="0.000421"/>
</kw>
<kw name="Dictionary Should Contain Key" owner="Collections">
<msg time="2024-06-05T06:20:40.661699" level="INFO">False</msg>
<arg>${json_data['results'][0]['login']}</arg>
<arg>${keyTwo}</arg>
<doc>Fails if ``key`` is not found from ``dictionary``.</doc>
<status status="PASS" start="2024-06-05T06:20:40.661325" elapsed="0.000411"/>
</kw>
<kw name="Log" owner="BuiltIn">
<msg time="2024-06-05T06:20:40.662193" level="INFO">username</msg>
<arg>${keyTwo}</arg>
<doc>Logs the given message with the given level.</doc>
<status status="PASS" start="2024-06-05T06:20:40.662027" elapsed="0.000207"/>
</kw>
<var name="${keyTwo}">username</var>
<status status="PASS" start="2024-06-05T06:20:40.660500" elapsed="0.001956"/>
</iter>
<iter>
<kw name="Dictionary Should Contain Key" owner="Collections">
<msg time="2024-06-05T06:20:40.663124" level="INFO">False</msg>
<arg>${json_data['results'][0]['login']}</arg>
<arg>${keyTwo}</arg>
<doc>Fails if ``key`` is not found from ``dictionary``.</doc>
<status status="PASS" start="2024-06-05T06:20:40.662739" elapsed="0.000422"/>
</kw>
<kw name="Dictionary Should Contain Key" owner="Collections">
<msg time="2024-06-05T06:20:40.663833" level="INFO">False</msg>
<arg>${json_data['results'][0]['login']}</arg>
<arg>${keyTwo}</arg>
<doc>Fails if ``key`` is not found from ``dictionary``.</doc>
<status status="PASS" start="2024-06-05T06:20:40.663454" elapsed="0.000417"/>
</kw>
<kw name="Log" owner="BuiltIn">
<msg time="2024-06-05T06:20:40.664291" level="INFO">password</msg>
<arg>${keyTwo}</arg>
<doc>Logs the given message with the given level.</doc>
<status status="PASS" start="2024-06-05T06:20:40.664164" elapsed="0.000164"/>
</kw>
<var name="${keyTwo}">password</var>
<status status="PASS" start="2024-06-05T06:20:40.662629" elapsed="0.001912"/>
</iter>
<var>${keyTwo}</var>
<value>@{expected_keysTwo}</value>
<status status="PASS" start="2024-06-05T06:20:40.660348" elapsed="0.004312"/>
</for>
<status status="PASS" start="2024-06-05T06:20:40.486073" elapsed="0.178729"/>
</kw>
<doc>Testa a estrutura da resposta da API.</doc>
<tag>testeEstruturaResposta</tag>
<status status="PASS" start="2024-06-05T06:20:40.485473" elapsed="0.179486"/>
</test>
<test id="s1-s1-t4" name="Validar tipos de dados" line="28">
<kw name="Teste de Tipos de Dados" owner="random-user-service">
<kw name="GET On Session" owner="RequestsLibrary">
<msg time="2024-06-05T06:20:40.725691" level="INFO">GET Request : url=https://randomuser.me/api 
 path_url=/api 
 headers={'User-Agent': 'python-requests/2.32.3', 'Accept-Encoding': 'gzip, deflate', 'Accept': '*/*', 'Connection': 'keep-alive'} 
 body=None 
 </msg>
<msg time="2024-06-05T06:20:40.725795" level="INFO">GET Response : url=https://randomuser.me/api 
 status=200, reason=OK 
 headers={'Date': 'Wed, 05 Jun 2024 06:20:40 GMT', 'Content-Type': 'application/json; charset=utf-8', 'Transfer-Encoding': 'chunked', 'Connection': 'keep-alive', 'X-Powered-By': 'Express', 'Access-Control-Allow-Origin': '*', 'Cache-Control': 'no-cache', 'ETag': 'W/"493-TlRXH8IKvjIKGVcvkO27uljo20I"', 'Vary': 'Accept-Encoding', 'Content-Encoding': 'gzip', 'CF-Cache-Status': 'DYNAMIC', 'Report-To': '{"endpoints":[{"url":"https:\\/\\/a.nel.cloudflare.com\\/report\\/v4?s=YuWTDiTRmzllDIgaL39NAqOB0HtBsz8hNPOo8593ZWRovNemrMXP732tsjqnIxquQ3mI%2FdobSJzmqcDdutDthe%2Bbgg4xq4HXpjn1oIQblyTSLh23TlifEsbq2T51Khc3"}],"group":"cf-nel","max_age":604800}', 'NEL': '{"success_fraction":0,"report_to":"cf-nel","max_age":604800}', 'Server': 'cloudflare', 'CF-RAY': '88ee0ee22fd310e9-ORD', 'alt-svc': 'h3=":443"; ma=86400'} 
 body={"results":[{"gender":"female","name":{"title":"Mrs","first":"Joanne","last":"Marshall"},"location":{"street":{"number":6543,"name":"Ranchview Dr"},"city":"Busselton","state":"Australian Capital Territory","country":"Australia","postcode":8316,"coordinates":{"latitude":"-85.1702","longitude":"7.8378"},"timezone":{"offset":"+4:30","description":"Kabul"}},"email":"joanne.marshall@example.com","login":{"uuid":"788aab30-f4a7-4301-939d-9d696a909823","username":"ticklishmeercat840","password":"maryann","salt":"qNEndeYn","md5":"a1d6adad2632d42dfd637899ba5b304e","sha1":"5b68c5d5c9b1b9fc0f7d6a1da329bc88d0d22a5c","sha256":"953cf834a83b312812a69782bb974550080cacf7178e93c75796471e11eab07f"},"dob":{"date":"1968-08-15T06:05:26.353Z","age":55},"registered":{"date":"2014-03-13T09:34:49.114Z","age":10},"phone":"06-5065-1282","cell":"0487-733-356","id":{"name":"TFN","value":"082345501"},"picture":{"large":"https://randomuser.me/api/portraits/women/39.jpg","medium":"https://randomuser.me/api/portraits/med/women/39.jpg","thumbnail":"https://randomuser.me/api/portraits/thumb/women/39.jpg"},"nat":"AU"}],"info":{"seed":"ece7c503b63e3068","results":1,"page":1,"version":"1.4"}} 
 </msg>
<msg time="2024-06-05T06:20:40.725874" level="INFO">/opt/hostedtoolcache/Python/3.12.3/x64/lib/python3.12/site-packages/urllib3/connectionpool.py:1103: InsecureRequestWarning: Unverified HTTPS request is being made to host 'randomuser.me'. Adding certificate verification is strongly advised. See: https://urllib3.readthedocs.io/en/latest/advanced-usage.html#tls-warnings
  warnings.warn(</msg>
<msg time="2024-06-05T06:20:40.726004" level="INFO">${response} = &lt;Response [200]&gt;</msg>
<var>${response}</var>
<arg>consultarAPI</arg>
<arg>/api</arg>
<doc>Sends a GET request on a previously created HTTP Session.</doc>
<status status="PASS" start="2024-06-05T06:20:40.667547" elapsed="0.058499"/>
</kw>
<kw name="Set Variable" owner="BuiltIn">
<msg time="2024-06-05T06:20:40.727288" level="INFO">${json_data} = {'results': [{'gender': 'female', 'name': {'title': 'Mrs', 'first': 'Joanne', 'last': 'Marshall'}, 'location': {'street': {'number': 6543, 'name': 'Ranchview Dr'}, 'city': 'Busselton', 'state': 'Austr...</msg>
<var>${json_data}</var>
<arg>${response.json()}</arg>
<doc>Returns the given values which can then be assigned to a variables.</doc>
<status status="PASS" start="2024-06-05T06:20:40.726692" elapsed="0.000624"/>
</kw>
<kw name="Log" owner="BuiltIn">
<msg time="2024-06-05T06:20:40.727783" level="INFO">{'results': [{'gender': 'female', 'name': {'title': 'Mrs', 'first': 'Joanne', 'last': 'Marshall'}, 'location': {'street': {'number': 6543, 'name': 'Ranchview Dr'}, 'city': 'Busselton', 'state': 'Australian Capital Territory', 'country': 'Australia', 'postcode': 8316, 'coordinates': {'latitude': '-85.1702', 'longitude': '7.8378'}, 'timezone': {'offset': '+4:30', 'description': 'Kabul'}}, 'email': 'joanne.marshall@example.com', 'login': {'uuid': '788aab30-f4a7-4301-939d-9d696a909823', 'username': 'ticklishmeercat840', 'password': 'maryann', 'salt': 'qNEndeYn', 'md5': 'a1d6adad2632d42dfd637899ba5b304e', 'sha1': '5b68c5d5c9b1b9fc0f7d6a1da329bc88d0d22a5c', 'sha256': '953cf834a83b312812a69782bb974550080cacf7178e93c75796471e11eab07f'}, 'dob': {'date': '1968-08-15T06:05:26.353Z', 'age': 55}, 'registered': {'date': '2014-03-13T09:34:49.114Z', 'age': 10}, 'phone': '06-5065-1282', 'cell': '0487-733-356', 'id': {'name': 'TFN', 'value': '082345501'}, 'picture': {'large': 'https://randomuser.me/api/portraits/women/39.jpg', 'medium': 'https://randomuser.me/api/portraits/med/women/39.jpg', 'thumbnail': 'https://randomuser.me/api/portraits/thumb/women/39.jpg'}, 'nat': 'AU'}], 'info': {'seed': 'ece7c503b63e3068', 'results': 1, 'page': 1, 'version': '1.4'}}</msg>
<arg>${json_data}</arg>
<doc>Logs the given message with the given level.</doc>
<status status="PASS" start="2024-06-05T06:20:40.727628" elapsed="0.000239"/>
</kw>
<kw name="Should Be String" owner="String">
<arg>${json_data['results'][0]['gender']}</arg>
<doc>Fails if the given ``item`` is not a string.</doc>
<status status="PASS" start="2024-06-05T06:20:40.728169" elapsed="0.000366"/>
</kw>
<kw name="Should Match Regexp" owner="BuiltIn">
<arg>${json_data['results'][0]['email']}</arg>
<arg>^[a-zA-Z0-9._%+-]+@[a-zA-Z0-9.-]+\.[a-zA-Z]{2,}$</arg>
<doc>Fails if ``string`` does not match ``pattern`` as a regular expression.</doc>
<status status="PASS" start="2024-06-05T06:20:40.728735" elapsed="0.000659"/>
</kw>
<kw name="Should Match Regexp" owner="BuiltIn">
<arg>${json_data['results'][0]['dob']['date']}</arg>
<arg>\\d{4}-\\d{2}-\\d{2}T\\d{2}:\\d{2}:\\d{2}\\.\\d{3}Z</arg>
<doc>Fails if ``string`` does not match ``pattern`` as a regular expression.</doc>
<status status="PASS" start="2024-06-05T06:20:40.729591" elapsed="0.000478"/>
</kw>
<kw name="Should Match Regexp" owner="BuiltIn">
<arg>${json_data['results'][0]['registered']['date']}</arg>
<arg>\\d{4}-\\d{2}-\\d{2}T\\d{2}:\\d{2}:\\d{2}\\.\\d{3}Z</arg>
<doc>Fails if ``string`` does not match ``pattern`` as a regular expression.</doc>
<status status="PASS" start="2024-06-05T06:20:40.730310" elapsed="0.000375"/>
</kw>
<kw name="Should Match Regexp" owner="BuiltIn">
<arg>${json_data['results'][0]['picture']['large']}</arg>
<arg>^https?://.*\.(?:png|jpe?g|gif|bmp)$</arg>
<doc>Fails if ``string`` does not match ``pattern`` as a regular expression.</doc>
<status status="PASS" start="2024-06-05T06:20:40.730872" elapsed="0.000457"/>
</kw>
<kw name="Should Match Regexp" owner="BuiltIn">
<arg>${json_data['results'][0]['picture']['medium']}</arg>
<arg>^https?://.*\.(?:png|jpe?g|gif|bmp)$</arg>
<doc>Fails if ``string`` does not match ``pattern`` as a regular expression.</doc>
<status status="PASS" start="2024-06-05T06:20:40.731517" elapsed="0.000418"/>
</kw>
<kw name="Should Match Regexp" owner="BuiltIn">
<arg>${json_data['results'][0]['picture']['thumbnail']}</arg>
<arg>^https?://.*\.(?:png|jpe?g|gif|bmp)$</arg>
<doc>Fails if ``string`` does not match ``pattern`` as a regular expression.</doc>
<status status="PASS" start="2024-06-05T06:20:40.732129" elapsed="0.000351"/>
</kw>
<kw name="Log" owner="BuiltIn">
<msg time="2024-06-05T06:20:40.732981" level="INFO">{'large': 'https://randomuser.me/api/portraits/women/39.jpg', 'medium': 'https://randomuser.me/api/portraits/med/women/39.jpg', 'thumbnail': 'https://randomuser.me/api/portraits/thumb/women/39.jpg'}</msg>
<arg>${json_data['results'][0]['picture']}</arg>
<doc>Logs the given message with the given level.</doc>
<status status="PASS" start="2024-06-05T06:20:40.732661" elapsed="0.000361"/>
</kw>
<status status="PASS" start="2024-06-05T06:20:40.667314" elapsed="0.065969"/>
</kw>
<kw name="Teste de Tipos de Dados - Postcode" owner="random-user-service">
<kw name="GET On Session" owner="RequestsLibrary">
<msg time="2024-06-05T06:20:40.808017" level="INFO">GET Request : url=https://randomuser.me/api 
 path_url=/api 
 headers={'User-Agent': 'python-requests/2.32.3', 'Accept-Encoding': 'gzip, deflate', 'Accept': '*/*', 'Connection': 'keep-alive'} 
 body=None 
 </msg>
<msg time="2024-06-05T06:20:40.808112" level="INFO">GET Response : url=https://randomuser.me/api 
 status=200, reason=OK 
 headers={'Date': 'Wed, 05 Jun 2024 06:20:40 GMT', 'Content-Type': 'application/json; charset=utf-8', 'Transfer-Encoding': 'chunked', 'Connection': 'keep-alive', 'X-Powered-By': 'Express', 'Access-Control-Allow-Origin': '*', 'Cache-Control': 'no-cache', 'ETag': 'W/"496-Id8B7lTLjXrrX1OYjAyYaQGz/3k"', 'Vary': 'Accept-Encoding', 'Content-Encoding': 'gzip', 'CF-Cache-Status': 'DYNAMIC', 'Report-To': '{"endpoints":[{"url":"https:\\/\\/a.nel.cloudflare.com\\/report\\/v4?s=%2BLxpTZ6EvSrCQ3MRTN%2BH1DcxEeH2GHnHVxi1kb2%2BbgeZzHgEdIG7O06np9ZNaE6%2BWUJeO%2BfaUkLh08nDjZXyXBrJUMOy1fL%2F7ux7kyVhhzbk7pFI9tyJ3iRoVuHrO9tx"}],"group":"cf-nel","max_age":604800}', 'NEL': '{"success_fraction":0,"report_to":"cf-nel","max_age":604800}', 'Server': 'cloudflare', 'CF-RAY': '88ee0ee2982410e9-ORD', 'alt-svc': 'h3=":443"; ma=86400'} 
 body={"results":[{"gender":"male","name":{"title":"Mr","first":"Eeli","last":"Haapala"},"location":{"street":{"number":3131,"name":"Tehtaankatu"},"city":"Reisjärvi","state":"Åland","country":"Finland","postcode":23041,"coordinates":{"latitude":"-25.2205","longitude":"-131.6860"},"timezone":{"offset":"-6:00","description":"Central Time (US &amp; Canada), Mexico City"}},"email":"eeli.haapala@example.com","login":{"uuid":"2135ebf2-053b-4ce4-a35f-10637d9150c4","username":"goldenzebra177","password":"century","salt":"cvmTX5pN","md5":"3f1467bfc75c28fd8767f5ee41ab2227","sha1":"737a36dc4460deb158704d2554c5c689f81bab3a","sha256":"bea0785e0c70d828c2bcd8d573d2ee69c82443ad16fea15e86117381e392549a"},"dob":{"date":"1947-04-27T06:50:21.431Z","age":77},"registered":{"date":"2010-08-01T07:13:58.214Z","age":13},"phone":"05-851-307","cell":"042-122-58-69","id":{"name":"HETU","value":"NaNNA351undefined"},"picture":{"large":"https://randomuser.me/api/portraits/men/23.jpg","medium":"https://randomuser.me/api/portraits/med/men/23.jpg","thumbnail":"https://randomuser.me/api/portraits/thumb/men/23.jpg"},"nat":"FI"}],"info":{"seed":"c72b233f62ff0b05","results":1,"page":1,"version":"1.4"}} 
 </msg>
<msg time="2024-06-05T06:20:40.808189" level="INFO">/opt/hostedtoolcache/Python/3.12.3/x64/lib/python3.12/site-packages/urllib3/connectionpool.py:1103: InsecureRequestWarning: Unverified HTTPS request is being made to host 'randomuser.me'. Adding certificate verification is strongly advised. See: https://urllib3.readthedocs.io/en/latest/advanced-usage.html#tls-warnings
  warnings.warn(</msg>
<msg time="2024-06-05T06:20:40.808321" level="INFO">${response} = &lt;Response [200]&gt;</msg>
<var>${response}</var>
<arg>consultarAPI</arg>
<arg>/api</arg>
<doc>Sends a GET request on a previously created HTTP Session.</doc>
<status status="PASS" start="2024-06-05T06:20:40.733742" elapsed="0.074619"/>
</kw>
<kw name="Set Variable" owner="BuiltIn">
<msg time="2024-06-05T06:20:40.809551" level="INFO">${json_data} = {'results': [{'gender': 'male', 'name': {'title': 'Mr', 'first': 'Eeli', 'last': 'Haapala'}, 'location': {'street': {'number': 3131, 'name': 'Tehtaankatu'}, 'city': 'Reisjärvi', 'state': 'Åland', 'cou...</msg>
<var>${json_data}</var>
<arg>${response.json()}</arg>
<doc>Returns the given values which can then be assigned to a variables.</doc>
<status status="PASS" start="2024-06-05T06:20:40.808968" elapsed="0.000613"/>
</kw>
<kw name="Log" owner="BuiltIn">
<msg time="2024-06-05T06:20:40.810057" level="INFO">{'results': [{'gender': 'male', 'name': {'title': 'Mr', 'first': 'Eeli', 'last': 'Haapala'}, 'location': {'street': {'number': 3131, 'name': 'Tehtaankatu'}, 'city': 'Reisjärvi', 'state': 'Åland', 'country': 'Finland', 'postcode': 23041, 'coordinates': {'latitude': '-25.2205', 'longitude': '-131.6860'}, 'timezone': {'offset': '-6:00', 'description': 'Central Time (US &amp; Canada), Mexico City'}}, 'email': 'eeli.haapala@example.com', 'login': {'uuid': '2135ebf2-053b-4ce4-a35f-10637d9150c4', 'username': 'goldenzebra177', 'password': 'century', 'salt': 'cvmTX5pN', 'md5': '3f1467bfc75c28fd8767f5ee41ab2227', 'sha1': '737a36dc4460deb158704d2554c5c689f81bab3a', 'sha256': 'bea0785e0c70d828c2bcd8d573d2ee69c82443ad16fea15e86117381e392549a'}, 'dob': {'date': '1947-04-27T06:50:21.431Z', 'age': 77}, 'registered': {'date': '2010-08-01T07:13:58.214Z', 'age': 13}, 'phone': '05-851-307', 'cell': '042-122-58-69', 'id': {'name': 'HETU', 'value': 'NaNNA351undefined'}, 'picture': {'large': 'https://randomuser.me/api/portraits/men/23.jpg', 'medium': 'https://randomuser.me/api/portraits/med/men/23.jpg', 'thumbnail': 'https://randomuser.me/api/portraits/thumb/men/23.jpg'}, 'nat': 'FI'}], 'info': {'seed': 'c72b233f62ff0b05', 'results': 1, 'page': 1, 'version': '1.4'}}</msg>
<arg>${json_data}</arg>
<doc>Logs the given message with the given level.</doc>
<status status="PASS" start="2024-06-05T06:20:40.809897" elapsed="0.000286"/>
</kw>
<kw name="Should Be Equal As Numbers" owner="BuiltIn">
<arg>${json_data['results'][0]['location']['postcode']}</arg>
<arg>${json_data['results'][0]['location']['postcode']}</arg>
<doc>Fails if objects are unequal after converting them to real numbers.</doc>
<status status="PASS" start="2024-06-05T06:20:40.810497" elapsed="0.000632"/>
</kw>
<kw name="Log" owner="BuiltIn">
<msg time="2024-06-05T06:20:40.811664" level="INFO">23041</msg>
<arg>${json_data['results'][0]['location']['postcode']}</arg>
<doc>Logs the given message with the given level.</doc>
<status status="PASS" start="2024-06-05T06:20:40.811331" elapsed="0.000374"/>
</kw>
<status status="PASS" start="2024-06-05T06:20:40.733512" elapsed="0.078451"/>
</kw>
<doc>Testa se os tipos de dados na resposta da API estão corretos.</doc>
<tag>testeTiposDados</tag>
<status status="PASS" start="2024-06-05T06:20:40.666736" elapsed="0.145401"/>
</test>
<test id="s1-s1-t5" name="Validar conteudo" line="35">
<kw name="Teste de Tipos de Conteudo" owner="random-user-service">
<kw name="GET On Session" owner="RequestsLibrary">
<msg time="2024-06-05T06:20:40.911681" level="INFO">GET Request : url=https://randomuser.me/api 
 path_url=/api 
 headers={'User-Agent': 'python-requests/2.32.3', 'Accept-Encoding': 'gzip, deflate', 'Accept': '*/*', 'Connection': 'keep-alive'} 
 body=None 
 </msg>
<msg time="2024-06-05T06:20:40.911776" level="INFO">GET Response : url=https://randomuser.me/api 
 status=200, reason=OK 
 headers={'Date': 'Wed, 05 Jun 2024 06:20:40 GMT', 'Content-Type': 'application/json; charset=utf-8', 'Transfer-Encoding': 'chunked', 'Connection': 'keep-alive', 'X-Powered-By': 'Express', 'Access-Control-Allow-Origin': '*', 'Cache-Control': 'no-cache', 'ETag': 'W/"48d-ybPkM5Vign4c6/jLGhLungoGq/8"', 'Vary': 'Accept-Encoding', 'Content-Encoding': 'gzip', 'CF-Cache-Status': 'DYNAMIC', 'Report-To': '{"endpoints":[{"url":"https:\\/\\/a.nel.cloudflare.com\\/report\\/v4?s=kopqb6heqB7wyZUIzpPU1WBLX%2F8yiHGNpCSAGb7L9bvxxWfatT%2BSmzHogJuTSKoWq%2BAsjO0TOyhUy01Svy1NRrr%2Fv5mnosJzLuE7wdZZIqc26FcHtXeLFAs2yy8Ff6IU"}],"group":"cf-nel","max_age":604800}', 'NEL': '{"success_fraction":0,"report_to":"cf-nel","max_age":604800}', 'Server': 'cloudflare', 'CF-RAY': '88ee0ee3187c10e9-ORD', 'alt-svc': 'h3=":443"; ma=86400'} 
 body={"results":[{"gender":"male","name":{"title":"Mr","first":"Jorge","last":"Clark"},"location":{"street":{"number":8892,"name":"Richmond Park"},"city":"Rush","state":"Dublin City","country":"Ireland","postcode":97705,"coordinates":{"latitude":"-2.4830","longitude":"-62.3413"},"timezone":{"offset":"-5:00","description":"Eastern Time (US &amp; Canada), Bogota, Lima"}},"email":"jorge.clark@example.com","login":{"uuid":"824eac3f-02ef-4e75-9561-c5181023cdbf","username":"greenbutterfly777","password":"edthom","salt":"dj306EtZ","md5":"eacb20d00f796f481c2dfce2e0acc054","sha1":"1e82b0761b38f3b57cf9517c6deec60f388960b8","sha256":"b68edfb3624298a61fdd64434f100b48cf9f05b6a5ae021c4a794b304a831371"},"dob":{"date":"1962-07-23T04:58:11.264Z","age":61},"registered":{"date":"2004-04-12T19:02:59.392Z","age":20},"phone":"011-012-7879","cell":"081-091-7850","id":{"name":"PPS","value":"6539176T"},"picture":{"large":"https://randomuser.me/api/portraits/men/53.jpg","medium":"https://randomuser.me/api/portraits/med/men/53.jpg","thumbnail":"https://randomuser.me/api/portraits/thumb/men/53.jpg"},"nat":"IE"}],"info":{"seed":"31ae9bf8901cc3c4","results":1,"page":1,"version":"1.4"}} 
 </msg>
<msg time="2024-06-05T06:20:40.911846" level="INFO">/opt/hostedtoolcache/Python/3.12.3/x64/lib/python3.12/site-packages/urllib3/connectionpool.py:1103: InsecureRequestWarning: Unverified HTTPS request is being made to host 'randomuser.me'. Adding certificate verification is strongly advised. See: https://urllib3.readthedocs.io/en/latest/advanced-usage.html#tls-warnings
  warnings.warn(</msg>
<msg time="2024-06-05T06:20:40.911983" level="INFO">${response} = &lt;Response [200]&gt;</msg>
<var>${response}</var>
<arg>consultarAPI</arg>
<arg>/api</arg>
<doc>Sends a GET request on a previously created HTTP Session.</doc>
<status status="PASS" start="2024-06-05T06:20:40.814691" elapsed="0.097331"/>
</kw>
<kw name="Set Variable" owner="BuiltIn">
<msg time="2024-06-05T06:20:40.913155" level="INFO">${json_data} = {'results': [{'gender': 'male', 'name': {'title': 'Mr', 'first': 'Jorge', 'last': 'Clark'}, 'location': {'street': {'number': 8892, 'name': 'Richmond Park'}, 'city': 'Rush', 'state': 'Dublin City', 'c...</msg>
<var>${json_data}</var>
<arg>${response.json()}</arg>
<doc>Returns the given values which can then be assigned to a variables.</doc>
<status status="PASS" start="2024-06-05T06:20:40.912600" elapsed="0.000583"/>
</kw>
<kw name="Set Variable" owner="BuiltIn">
<msg time="2024-06-05T06:20:40.913872" level="INFO">${name_title} = Mr</msg>
<var>${name_title}</var>
<arg>${json_data["results"][0]["name"]["title"]}</arg>
<doc>Returns the given values which can then be assigned to a variables.</doc>
<status status="PASS" start="2024-06-05T06:20:40.913489" elapsed="0.000408"/>
</kw>
<kw name="Create List" owner="BuiltIn">
<msg time="2024-06-05T06:20:40.914384" level="INFO">${allowed_titles} = ['Mr', 'Ms', 'Miss', 'Mrs', 'Madame', 'Monsieur']</msg>
<var>${allowed_titles}</var>
<arg>Mr</arg>
<arg>Ms</arg>
<arg>Miss</arg>
<arg>Mrs</arg>
<arg>Madame</arg>
<arg>Monsieur</arg>
<doc>Returns a list containing given items.</doc>
<status status="PASS" start="2024-06-05T06:20:40.914233" elapsed="0.000175"/>
</kw>
<kw name="List Should Contain Value" owner="Collections">
<msg time="2024-06-05T06:20:40.914893" level="INFO">False</msg>
<arg>${allowed_titles}</arg>
<arg>${name_title}</arg>
<doc>Fails if the ``value`` is not found from ``list``.</doc>
<status status="PASS" start="2024-06-05T06:20:40.914710" elapsed="0.000220"/>
</kw>
<kw name="Set Variable" owner="BuiltIn">
<msg time="2024-06-05T06:20:40.915782" level="INFO">${name_country} = IE</msg>
<var>${name_country}</var>
<arg>${json_data["results"][0]["nat"]}</arg>
<doc>Returns the given values which can then be assigned to a variables.</doc>
<status status="PASS" start="2024-06-05T06:20:40.915223" elapsed="0.000584"/>
</kw>
<kw name="Create List" owner="BuiltIn">
<msg time="2024-06-05T06:20:40.916708" level="INFO">${list_country} = ['AD', 'AE', 'AF', 'AG', 'AI', 'AL', 'AM', 'AO', 'AQ', 'AR', 'AS', 'AT', 'AU', 'AW', 'AX', 'AZ', 'BA', 'BB', 'BD', 'BE', 'BF', 'BG', 'BH', 'BI', 'BJ', 'BL', 'BM', 'BN', 'BO', 'BQ', 'BR', 'BS', 'BT', '...</msg>
<var>${list_country}</var>
<arg>AD</arg>
<arg>AE</arg>
<arg>AF</arg>
<arg>AG</arg>
<arg>AI</arg>
<arg>AL</arg>
<arg>AM</arg>
<arg>AO</arg>
<arg>AQ</arg>
<arg>AR</arg>
<arg>AS</arg>
<arg>AT</arg>
<arg>AU</arg>
<arg>AW</arg>
<arg>AX</arg>
<arg>AZ</arg>
<arg>BA</arg>
<arg>BB</arg>
<arg>BD</arg>
<arg>BE</arg>
<arg>BF</arg>
<arg>BG</arg>
<arg>BH</arg>
<arg>BI</arg>
<arg>BJ</arg>
<arg>BL</arg>
<arg>BM</arg>
<arg>BN</arg>
<arg>BO</arg>
<arg>BQ</arg>
<arg>BR</arg>
<arg>BS</arg>
<arg>BT</arg>
<arg>BV</arg>
<arg>BW</arg>
<arg>BY</arg>
<arg>BZ</arg>
<arg>CA</arg>
<arg>CC</arg>
<arg>CD</arg>
<arg>CF</arg>
<arg>CG</arg>
<arg>CH</arg>
<arg>CI</arg>
<arg>CK</arg>
<arg>CL</arg>
<arg>CM</arg>
<arg>CN</arg>
<arg>CO</arg>
<arg>CR</arg>
<arg>CU</arg>
<arg>CV</arg>
<arg>CW</arg>
<arg>CX</arg>
<arg>CY</arg>
<arg>CZ</arg>
<arg>DE</arg>
<arg>DJ</arg>
<arg>DK</arg>
<arg>DM</arg>
<arg>DO</arg>
<arg>DZ</arg>
<arg>EC</arg>
<arg>EE</arg>
<arg>EG</arg>
<arg>EH</arg>
<arg>ER</arg>
<arg>ES</arg>
<arg>ET</arg>
<arg>FI</arg>
<arg>FJ</arg>
<arg>FK</arg>
<arg>FM</arg>
<arg>FO</arg>
<arg>FR</arg>
<arg>GA</arg>
<arg>GB</arg>
<arg>GD</arg>
<arg>GE</arg>
<arg>GF</arg>
<arg>GG</arg>
<arg>GH</arg>
<arg>GI</arg>
<arg>GL</arg>
<arg>GM</arg>
<arg>GN</arg>
<arg>GP</arg>
<arg>GQ</arg>
<arg>GR</arg>
<arg>GS</arg>
<arg>GT</arg>
<arg>GU</arg>
<arg>GW</arg>
<arg>GY</arg>
<arg>HK</arg>
<arg>HM</arg>
<arg>HN</arg>
<arg>HR</arg>
<arg>HT</arg>
<arg>HU</arg>
<arg>ID</arg>
<arg>IE</arg>
<arg>IL</arg>
<arg>IM</arg>
<arg>IN</arg>
<arg>IO</arg>
<arg>IQ</arg>
<arg>IR</arg>
<arg>IS</arg>
<arg>IT</arg>
<arg>JE</arg>
<arg>JM</arg>
<arg>JO</arg>
<arg>JP</arg>
<arg>KE</arg>
<arg>KG</arg>
<arg>KH</arg>
<arg>KI</arg>
<arg>KM</arg>
<arg>KN</arg>
<arg>KP</arg>
<arg>KR</arg>
<arg>KW</arg>
<arg>KY</arg>
<arg>KZ</arg>
<arg>LA</arg>
<arg>LB</arg>
<arg>LC</arg>
<arg>LI</arg>
<arg>LK</arg>
<arg>LR</arg>
<arg>LS</arg>
<arg>LT</arg>
<arg>LU</arg>
<arg>LV</arg>
<arg>LY</arg>
<arg>MA</arg>
<arg>MC</arg>
<arg>MD</arg>
<arg>ME</arg>
<arg>MF</arg>
<arg>MG</arg>
<arg>MH</arg>
<arg>MK</arg>
<arg>ML</arg>
<arg>MM</arg>
<arg>MN</arg>
<arg>MO</arg>
<arg>MP</arg>
<arg>MQ</arg>
<arg>MR</arg>
<arg>MS</arg>
<arg>MT</arg>
<arg>MU</arg>
<arg>MV</arg>
<arg>MW</arg>
<arg>MX</arg>
<arg>MY</arg>
<arg>MZ</arg>
<arg>NA</arg>
<arg>NC</arg>
<arg>NE</arg>
<arg>NF</arg>
<arg>NG</arg>
<arg>NI</arg>
<arg>NL</arg>
<arg>NO</arg>
<arg>NP</arg>
<arg>NR</arg>
<arg>NU</arg>
<arg>NZ</arg>
<arg>OM</arg>
<arg>PA</arg>
<arg>PE</arg>
<arg>PF</arg>
<arg>PG</arg>
<arg>PH</arg>
<arg>PK</arg>
<arg>PL</arg>
<arg>PM</arg>
<arg>PN</arg>
<arg>PR</arg>
<arg>PS</arg>
<arg>PT</arg>
<arg>PW</arg>
<arg>PY</arg>
<arg>QA</arg>
<arg>RE</arg>
<arg>RO</arg>
<arg>RS</arg>
<arg>RU</arg>
<arg>RW</arg>
<arg>SA</arg>
<arg>SB</arg>
<arg>SC</arg>
<arg>SD</arg>
<arg>SE</arg>
<arg>SG</arg>
<arg>SH</arg>
<arg>SI</arg>
<arg>SJ</arg>
<arg>SK</arg>
<arg>SL</arg>
<arg>SM</arg>
<arg>SN</arg>
<arg>SO</arg>
<arg>SR</arg>
<arg>SS</arg>
<arg>ST</arg>
<arg>SV</arg>
<arg>SX</arg>
<arg>SY</arg>
<arg>SZ</arg>
<arg>TC</arg>
<arg>TD</arg>
<arg>TF</arg>
<arg>TG</arg>
<arg>TH</arg>
<arg>TJ</arg>
<arg>TK</arg>
<arg>TL</arg>
<arg>TM</arg>
<arg>TN</arg>
<arg>TO</arg>
<arg>TR</arg>
<arg>TT</arg>
<arg>TV</arg>
<arg>TW</arg>
<arg>TZ</arg>
<arg>UA</arg>
<arg>UG</arg>
<arg>UM</arg>
<arg>US</arg>
<arg>UY</arg>
<arg>UZ</arg>
<arg>VA</arg>
<arg>VC</arg>
<arg>VE</arg>
<arg>VG</arg>
<arg>VI</arg>
<arg>VN</arg>
<arg>VU</arg>
<arg>WF</arg>
<arg>WS</arg>
<arg>XK</arg>
<arg>YE</arg>
<arg>YT</arg>
<arg>ZA</arg>
<arg>ZM</arg>
<arg>ZW</arg>
<doc>Returns a list containing given items.</doc>
<status status="PASS" start="2024-06-05T06:20:40.916115" elapsed="0.000619"/>
</kw>
<kw name="List Should Contain Value" owner="Collections">
<msg time="2024-06-05T06:20:40.917717" level="INFO">False</msg>
<arg>${list_country}</arg>
<arg>${name_country}</arg>
<doc>Fails if the ``value`` is not found from ``list``.</doc>
<status status="PASS" start="2024-06-05T06:20:40.917516" elapsed="0.000237"/>
</kw>
<kw name="Run Keyword If" owner="BuiltIn">
<kw name="Should Be True" owner="BuiltIn">
<arg>${True}</arg>
<doc>Fails if the given condition is not true.</doc>
<status status="PASS" start="2024-06-05T06:20:40.918852" elapsed="0.000147"/>
</kw>
<arg>${json_data["results"][0]["location"]["coordinates"]["latitude"]} &gt;= -90 and ${json_data["results"][0]["location"]["coordinates"]["latitude"]} &lt;= 90</arg>
<arg>Should Be True</arg>
<arg>${True}</arg>
<doc>Runs the given keyword with the given arguments, if ``condition`` is true.</doc>
<status status="PASS" start="2024-06-05T06:20:40.918067" elapsed="0.001059"/>
</kw>
<kw name="Run Keyword If" owner="BuiltIn">
<kw name="Should Be True" owner="BuiltIn">
<arg>${True}</arg>
<doc>Fails if the given condition is not true.</doc>
<status status="PASS" start="2024-06-05T06:20:40.919998" elapsed="0.000136"/>
</kw>
<arg>${json_data["results"][0]["location"]["coordinates"]["longitude"]} &gt;= -180 and ${json_data["results"][0]["location"]["coordinates"]["longitude"]} &lt;= 180</arg>
<arg>Should Be True</arg>
<arg>${True}</arg>
<doc>Runs the given keyword with the given arguments, if ``condition`` is true.</doc>
<status status="PASS" start="2024-06-05T06:20:40.919314" elapsed="0.000943"/>
</kw>
<status status="PASS" start="2024-06-05T06:20:40.814460" elapsed="0.105930"/>
</kw>
<doc>Testa o conteúdo específico dos campos retornados pela API.</doc>
<tag>testeConteudo</tag>
<status status="PASS" start="2024-06-05T06:20:40.813910" elapsed="0.106634"/>
</test>
<status status="PASS" start="2024-06-05T06:20:40.044631" elapsed="0.877917"/>
</suite>
<status status="PASS" start="2024-06-05T06:20:40.031102" elapsed="0.896619"/>
</suite>
<statistics>
<total>
<stat pass="5" fail="0" skip="0">All Tests</stat>
</total>
<tag>
<stat pass="1" fail="0" skip="0">testeConteudo</stat>
<stat pass="1" fail="0" skip="0">testeEstruturaResposta</stat>
<stat pass="1" fail="0" skip="0">testeRequisicaoBasica</stat>
<stat pass="1" fail="0" skip="0">testeTiposDados</stat>
</tag>
<suite>
<stat pass="5" fail="0" skip="0" id="s1" name="Tests">Tests</stat>
<stat pass="5" fail="0" skip="0" id="s1-s1" name="Random-User-Test">Tests.Random-User-Test</stat>
</suite>
</statistics>
<errors>
</errors>
</robot>
