<?xml version="1.0" encoding="UTF-8"?>
<robot generator="Robot 7.0.1 (Python 3.12.4 on linux)" generated="2024-08-08T11:13:57.115139" rpa="false" schemaversion="5">
<suite id="s1" name="Tests" source="/home/runner/work/ApiRandomUser/ApiRandomUser/RamdonUser/tests">
<suite id="s1-s1" name="Random-User-Test" source="/home/runner/work/ApiRandomUser/ApiRandomUser/RamdonUser/tests/random-user-test.robot">
<test id="s1-s1-t1" name="Conectar" line="13">
<kw name="Conectar API" owner="random-user-service">
<kw name="Create Session" owner="RequestsLibrary">
<msg time="2024-08-08T11:13:57.524412" level="INFO">Creating Session using : alias=consultarAPI, url=https://randomuser.me/, headers={},                     cookies={}, auth=None, timeout=None, proxies=None, verify=False,                     debug=0 </msg>
<arg>consultarAPI</arg>
<arg>${URL}</arg>
<doc>Create Session: create a HTTP session to a server</doc>
<status status="PASS" start="2024-08-08T11:13:57.524195" elapsed="0.000403"/>
</kw>
<status status="PASS" start="2024-08-08T11:13:57.522678" elapsed="0.002298"/>
</kw>
<status status="PASS" start="2024-08-08T11:13:57.522014" elapsed="0.003153"/>
</test>
<test id="s1-s1-t2" name="Validar retorno 200 e JSON Válido" line="16">
<kw name="Teste de Requisicao Basica" owner="random-user-service">
<kw name="GET On Session" owner="RequestsLibrary">
<msg time="2024-08-08T11:14:05.465580" level="INFO">GET Request : url=https://randomuser.me/api 
 path_url=/api 
 headers={'User-Agent': 'python-requests/2.32.3', 'Accept-Encoding': 'gzip, deflate', 'Accept': '*/*', 'Connection': 'keep-alive'} 
 body=None 
 </msg>
<msg time="2024-08-08T11:14:05.465738" level="INFO">GET Response : url=https://randomuser.me/api 
 status=200, reason=OK 
 headers={'Date': 'Thu, 08 Aug 2024 11:14:05 GMT', 'Content-Type': 'application/json; charset=utf-8', 'Transfer-Encoding': 'chunked', 'Connection': 'keep-alive', 'X-Powered-By': 'Express', 'Access-Control-Allow-Origin': '*', 'Cache-Control': 'no-cache', 'ETag': 'W/"4a4-AXGp37HamNOpPLFsAnK1B8UfyJs"', 'Vary': 'Accept-Encoding', 'Content-Encoding': 'gzip', 'CF-Cache-Status': 'DYNAMIC', 'Report-To': '{"endpoints":[{"url":"https:\\/\\/a.nel.cloudflare.com\\/report\\/v4?s=IDBE4OH3pky9uraGMRoBgPDJJ5g9Lcqt25AvswUXql2XcXr%2BZCl3yPzwJWprxnvPBfd5koMPE55WjMdLdCMv55XC4k9%2Bbc%2B8fYMysHg%2Fd%2Bvx78ushcK%2FlxZjE8pA5Mmt"}],"group":"cf-nel","max_age":604800}', 'NEL': '{"success_fraction":0,"report_to":"cf-nel","max_age":604800}', 'Server': 'cloudflare', 'CF-RAY': '8aff147eca490648-IAD', 'alt-svc': 'h3=":443"; ma=86400'} 
 body={"results":[{"gender":"female","name":{"title":"Ms","first":"Mayara","last":"Barbosa"},"location":{"street":{"number":3674,"name":"Rua Treze de Maio "},"city":"Campinas","state":"Sergipe","country":"Brazil","postcode":44766,"coordinates":{"latitude":"-81.2050","longitude":"10.1414"},"timezone":{"offset":"-6:00","description":"Central Time (US &amp; Canada), Mexico City"}},"email":"mayara.barbosa@example.com","login":{"uuid":"a1b35d2e-6553-4358-937d-8c7a98f371ef","username":"smallleopard806","password":"iiiii","salt":"uvmmtG2n","md5":"e79b6ff8916725a33a04fbf888057f28","sha1":"1ff576b4df878f461b4bff3208ea56e4c77c9101","sha256":"10c5c6ea27d926d6eb4d1477aaadbf23da744ab5ad31edae1f8b69caa9b0a377"},"dob":{"date":"1970-12-19T09:41:32.935Z","age":53},"registered":{"date":"2015-06-05T04:55:34.667Z","age":9},"phone":"(59) 2409-9380","cell":"(37) 5994-6246","id":{"name":"CPF","value":"040.082.541-96"},"picture":{"large":"https://randomuser.me/api/portraits/women/57.jpg","medium":"https://randomuser.me/api/portraits/med/women/57.jpg","thumbnail":"https://randomuser.me/api/portraits/thumb/women/57.jpg"},"nat":"BR"}],"info":{"seed":"b0217643bbbc8310","results":1,"page":1,"version":"1.4"}} 
 </msg>
<msg time="2024-08-08T11:14:05.465821" level="INFO">/opt/hostedtoolcache/Python/3.12.4/x64/lib/python3.12/site-packages/urllib3/connectionpool.py:1099: InsecureRequestWarning: Unverified HTTPS request is being made to host 'randomuser.me'. Adding certificate verification is strongly advised. See: https://urllib3.readthedocs.io/en/latest/advanced-usage.html#tls-warnings
  warnings.warn(</msg>
<msg time="2024-08-08T11:14:05.465965" level="INFO">${response} = &lt;Response [200]&gt;</msg>
<var>${response}</var>
<arg>consultarAPI</arg>
<arg>/api</arg>
<doc>Sends a GET request on a previously created HTTP Session.</doc>
<status status="PASS" start="2024-08-08T11:13:57.527845" elapsed="7.938164"/>
</kw>
<kw name="Should Be Equal As Numbers" owner="BuiltIn">
<msg time="2024-08-08T11:14:05.467046" level="INFO">Argument types are:
&lt;class 'int'&gt;
&lt;class 'str'&gt;</msg>
<arg>${response.status_code}</arg>
<arg>200</arg>
<doc>Fails if objects are unequal after converting them to real numbers.</doc>
<status status="PASS" start="2024-08-08T11:14:05.466578" elapsed="0.000532"/>
</kw>
<kw name="Log" owner="BuiltIn">
<msg time="2024-08-08T11:14:05.467760" level="INFO">200</msg>
<arg>${response.status_code}</arg>
<doc>Logs the given message with the given level.</doc>
<status status="PASS" start="2024-08-08T11:14:05.467416" elapsed="0.000385"/>
</kw>
<kw name="Set Variable" owner="BuiltIn">
<msg time="2024-08-08T11:14:05.468521" level="INFO">${json_data} = {'results': [{'gender': 'female', 'name': {'title': 'Ms', 'first': 'Mayara', 'last': 'Barbosa'}, 'location': {'street': {'number': 3674, 'name': 'Rua Treze de Maio '}, 'city': 'Campinas', 'state': 'Se...</msg>
<var>${json_data}</var>
<arg>${response.json()}</arg>
<doc>Returns the given values which can then be assigned to a variables.</doc>
<status status="PASS" start="2024-08-08T11:14:05.468099" elapsed="0.000449"/>
</kw>
<kw name="Dictionary Should Contain Key" owner="Collections">
<arg>${json_data}</arg>
<arg>results</arg>
<doc>Fails if ``key`` is not found from ``dictionary``.</doc>
<status status="PASS" start="2024-08-08T11:14:05.468845" elapsed="0.000322"/>
</kw>
<status status="PASS" start="2024-08-08T11:13:57.527597" elapsed="7.941724"/>
</kw>
<doc>Testa se a API responde corretamente e retorna um objeto JSON válido.</doc>
<tag>testeRequisicaoBasica</tag>
<status status="PASS" start="2024-08-08T11:13:57.527087" elapsed="7.942405"/>
</test>
<test id="s1-s1-t3" name="Validar estrutura de resposta" line="22">
<kw name="Teste de Estrutura de Resposta" owner="random-user-service">
<kw name="GET On Session" owner="RequestsLibrary">
<msg time="2024-08-08T11:14:11.214393" level="INFO">GET Request : url=https://randomuser.me/api 
 path_url=/api 
 headers={'User-Agent': 'python-requests/2.32.3', 'Accept-Encoding': 'gzip, deflate', 'Accept': '*/*', 'Connection': 'keep-alive'} 
 body=None 
 </msg>
<msg time="2024-08-08T11:14:11.214512" level="INFO">GET Response : url=https://randomuser.me/api 
 status=200, reason=OK 
 headers={'Date': 'Thu, 08 Aug 2024 11:14:11 GMT', 'Content-Type': 'application/json; charset=utf-8', 'Transfer-Encoding': 'chunked', 'Connection': 'keep-alive', 'X-Powered-By': 'Express', 'Access-Control-Allow-Origin': '*', 'Cache-Control': 'no-cache', 'ETag': 'W/"494-LXbWFrmkuPDAANcA93IZme0PadI"', 'Vary': 'Accept-Encoding', 'Content-Encoding': 'gzip', 'CF-Cache-Status': 'DYNAMIC', 'Report-To': '{"endpoints":[{"url":"https:\\/\\/a.nel.cloudflare.com\\/report\\/v4?s=7w7pDnDaxdMt9kFlNq84eZDWAdBCZWp5Nz0agbw20dCBkQNlWapMjnizJ60PMHlVYU7ks4s14LevtPlsuOuyqkVfwJwiSO4Ph0sOR933cwdcHL3Bzu%2ByuBGnJs%2F7nyr0"}],"group":"cf-nel","max_age":604800}', 'NEL': '{"success_fraction":0,"report_to":"cf-nel","max_age":604800}', 'Server': 'cloudflare', 'CF-RAY': '8aff14b0382c0648-IAD', 'alt-svc': 'h3=":443"; ma=86400'} 
 body={"results":[{"gender":"female","name":{"title":"Ms","first":"Naja","last":"Christensen"},"location":{"street":{"number":1079,"name":"Margrethevej"},"city":"Allinge","state":"Sjælland","country":"Denmark","postcode":71380,"coordinates":{"latitude":"-42.8753","longitude":"164.2898"},"timezone":{"offset":"-4:00","description":"Atlantic Time (Canada), Caracas, La Paz"}},"email":"naja.christensen@example.com","login":{"uuid":"b1c4181b-a8fe-4339-82a3-02112156a75f","username":"bluebear214","password":"orion1","salt":"H73poKIk","md5":"c7e7178216927e61e2c7a3cf61b73958","sha1":"02b851d18745850b60534e37fc0004b87078a2e1","sha256":"168e7106c8479bb4e440bfdf51204e2f19922cf1c1797251d2f6b722e51179a3"},"dob":{"date":"1950-10-11T18:54:29.446Z","age":73},"registered":{"date":"2004-06-08T20:16:13.369Z","age":20},"phone":"13364392","cell":"24819610","id":{"name":"CPR","value":"111050-0845"},"picture":{"large":"https://randomuser.me/api/portraits/women/17.jpg","medium":"https://randomuser.me/api/portraits/med/women/17.jpg","thumbnail":"https://randomuser.me/api/portraits/thumb/women/17.jpg"},"nat":"DK"}],"info":{"seed":"e97bbb59c7475020","results":1,"page":1,"version":"1.4"}} 
 </msg>
<msg time="2024-08-08T11:14:11.214674" level="INFO">/opt/hostedtoolcache/Python/3.12.4/x64/lib/python3.12/site-packages/urllib3/connectionpool.py:1099: InsecureRequestWarning: Unverified HTTPS request is being made to host 'randomuser.me'. Adding certificate verification is strongly advised. See: https://urllib3.readthedocs.io/en/latest/advanced-usage.html#tls-warnings
  warnings.warn(</msg>
<msg time="2024-08-08T11:14:11.214807" level="INFO">${response} = &lt;Response [200]&gt;</msg>
<var>${response}</var>
<arg>consultarAPI</arg>
<arg>/api</arg>
<doc>Sends a GET request on a previously created HTTP Session.</doc>
<status status="PASS" start="2024-08-08T11:14:05.472045" elapsed="5.742804"/>
</kw>
<kw name="Set Variable" owner="BuiltIn">
<msg time="2024-08-08T11:14:11.216153" level="INFO">${json_data} = {'results': [{'gender': 'female', 'name': {'title': 'Ms', 'first': 'Naja', 'last': 'Christensen'}, 'location': {'street': {'number': 1079, 'name': 'Margrethevej'}, 'city': 'Allinge', 'state': 'Sjællan...</msg>
<var>${json_data}</var>
<arg>${response.json()}</arg>
<doc>Returns the given values which can then be assigned to a variables.</doc>
<status status="PASS" start="2024-08-08T11:14:11.215506" elapsed="0.000676"/>
</kw>
<kw name="Log" owner="BuiltIn">
<msg time="2024-08-08T11:14:11.216645" level="INFO">{'results': [{'gender': 'female', 'name': {'title': 'Ms', 'first': 'Naja', 'last': 'Christensen'}, 'location': {'street': {'number': 1079, 'name': 'Margrethevej'}, 'city': 'Allinge', 'state': 'Sjælland', 'country': 'Denmark', 'postcode': 71380, 'coordinates': {'latitude': '-42.8753', 'longitude': '164.2898'}, 'timezone': {'offset': '-4:00', 'description': 'Atlantic Time (Canada), Caracas, La Paz'}}, 'email': 'naja.christensen@example.com', 'login': {'uuid': 'b1c4181b-a8fe-4339-82a3-02112156a75f', 'username': 'bluebear214', 'password': 'orion1', 'salt': 'H73poKIk', 'md5': 'c7e7178216927e61e2c7a3cf61b73958', 'sha1': '02b851d18745850b60534e37fc0004b87078a2e1', 'sha256': '168e7106c8479bb4e440bfdf51204e2f19922cf1c1797251d2f6b722e51179a3'}, 'dob': {'date': '1950-10-11T18:54:29.446Z', 'age': 73}, 'registered': {'date': '2004-06-08T20:16:13.369Z', 'age': 20}, 'phone': '13364392', 'cell': '24819610', 'id': {'name': 'CPR', 'value': '111050-0845'}, 'picture': {'large': 'https://randomuser.me/api/portraits/women/17.jpg', 'medium': 'https://randomuser.me/api/portraits/med/women/17.jpg', 'thumbnail': 'https://randomuser.me/api/portraits/thumb/women/17.jpg'}, 'nat': 'DK'}], 'info': {'seed': 'e97bbb59c7475020', 'results': 1, 'page': 1, 'version': '1.4'}}</msg>
<arg>${json_data}</arg>
<doc>Logs the given message with the given level.</doc>
<status status="PASS" start="2024-08-08T11:14:11.216486" elapsed="0.000208"/>
</kw>
<kw name="Dictionary Should Contain Key" owner="Collections">
<arg>${json_data}</arg>
<arg>results</arg>
<doc>Fails if ``key`` is not found from ``dictionary``.</doc>
<status status="PASS" start="2024-08-08T11:14:11.216982" elapsed="0.000162"/>
</kw>
<kw name="Should Not Be Empty" owner="BuiltIn">
<msg time="2024-08-08T11:14:11.217446" level="INFO">Length is 2.</msg>
<arg>${json_data}</arg>
<doc>Verifies that the given item is not empty.</doc>
<status status="PASS" start="2024-08-08T11:14:11.217322" elapsed="0.000163"/>
</kw>
<kw name="Create List" owner="BuiltIn">
<msg time="2024-08-08T11:14:11.217941" level="INFO">${expected_keys} = ['gender', 'name', 'location', 'email', 'login']</msg>
<var>${expected_keys}</var>
<arg>gender</arg>
<arg>name</arg>
<arg>location</arg>
<arg>email</arg>
<arg>login</arg>
<doc>Returns a list containing given items.</doc>
<status status="PASS" start="2024-08-08T11:14:11.217788" elapsed="0.000177"/>
</kw>
<for flavor="IN">
<iter>
<kw name="Dictionary Should Contain Key" owner="Collections">
<arg>${json_data['results'][0]}</arg>
<arg>${key}</arg>
<doc>Fails if ``key`` is not found from ``dictionary``.</doc>
<status status="PASS" start="2024-08-08T11:14:11.218576" elapsed="0.000406"/>
</kw>
<kw name="Log" owner="BuiltIn">
<msg time="2024-08-08T11:14:11.219527" level="INFO">{'gender': 'female', 'name': {'title': 'Ms', 'first': 'Naja', 'last': 'Christensen'}, 'location': {'street': {'number': 1079, 'name': 'Margrethevej'}, 'city': 'Allinge', 'state': 'Sjælland', 'country': 'Denmark', 'postcode': 71380, 'coordinates': {'latitude': '-42.8753', 'longitude': '164.2898'}, 'timezone': {'offset': '-4:00', 'description': 'Atlantic Time (Canada), Caracas, La Paz'}}, 'email': 'naja.christensen@example.com', 'login': {'uuid': 'b1c4181b-a8fe-4339-82a3-02112156a75f', 'username': 'bluebear214', 'password': 'orion1', 'salt': 'H73poKIk', 'md5': 'c7e7178216927e61e2c7a3cf61b73958', 'sha1': '02b851d18745850b60534e37fc0004b87078a2e1', 'sha256': '168e7106c8479bb4e440bfdf51204e2f19922cf1c1797251d2f6b722e51179a3'}, 'dob': {'date': '1950-10-11T18:54:29.446Z', 'age': 73}, 'registered': {'date': '2004-06-08T20:16:13.369Z', 'age': 20}, 'phone': '13364392', 'cell': '24819610', 'id': {'name': 'CPR', 'value': '111050-0845'}, 'picture': {'large': 'https://randomuser.me/api/portraits/women/17.jpg', 'medium': 'https://randomuser.me/api/portraits/med/women/17.jpg', 'thumbnail': 'https://randomuser.me/api/portraits/thumb/women/17.jpg'}, 'nat': 'DK'}</msg>
<arg>${json_data['results'][0]}</arg>
<doc>Logs the given message with the given level.</doc>
<status status="PASS" start="2024-08-08T11:14:11.219176" elapsed="0.000410"/>
</kw>
<kw name="Log" owner="BuiltIn">
<msg time="2024-08-08T11:14:11.220003" level="INFO">gender</msg>
<arg>${key}</arg>
<doc>Logs the given message with the given level.</doc>
<status status="PASS" start="2024-08-08T11:14:11.219876" elapsed="0.000166"/>
</kw>
<var name="${key}">gender</var>
<status status="PASS" start="2024-08-08T11:14:11.218452" elapsed="0.001802"/>
</iter>
<iter>
<kw name="Dictionary Should Contain Key" owner="Collections">
<arg>${json_data['results'][0]}</arg>
<arg>${key}</arg>
<doc>Fails if ``key`` is not found from ``dictionary``.</doc>
<status status="PASS" start="2024-08-08T11:14:11.220548" elapsed="0.000382"/>
</kw>
<kw name="Log" owner="BuiltIn">
<msg time="2024-08-08T11:14:11.221467" level="INFO">{'gender': 'female', 'name': {'title': 'Ms', 'first': 'Naja', 'last': 'Christensen'}, 'location': {'street': {'number': 1079, 'name': 'Margrethevej'}, 'city': 'Allinge', 'state': 'Sjælland', 'country': 'Denmark', 'postcode': 71380, 'coordinates': {'latitude': '-42.8753', 'longitude': '164.2898'}, 'timezone': {'offset': '-4:00', 'description': 'Atlantic Time (Canada), Caracas, La Paz'}}, 'email': 'naja.christensen@example.com', 'login': {'uuid': 'b1c4181b-a8fe-4339-82a3-02112156a75f', 'username': 'bluebear214', 'password': 'orion1', 'salt': 'H73poKIk', 'md5': 'c7e7178216927e61e2c7a3cf61b73958', 'sha1': '02b851d18745850b60534e37fc0004b87078a2e1', 'sha256': '168e7106c8479bb4e440bfdf51204e2f19922cf1c1797251d2f6b722e51179a3'}, 'dob': {'date': '1950-10-11T18:54:29.446Z', 'age': 73}, 'registered': {'date': '2004-06-08T20:16:13.369Z', 'age': 20}, 'phone': '13364392', 'cell': '24819610', 'id': {'name': 'CPR', 'value': '111050-0845'}, 'picture': {'large': 'https://randomuser.me/api/portraits/women/17.jpg', 'medium': 'https://randomuser.me/api/portraits/med/women/17.jpg', 'thumbnail': 'https://randomuser.me/api/portraits/thumb/women/17.jpg'}, 'nat': 'DK'}</msg>
<arg>${json_data['results'][0]}</arg>
<doc>Logs the given message with the given level.</doc>
<status status="PASS" start="2024-08-08T11:14:11.221111" elapsed="0.000439"/>
</kw>
<kw name="Log" owner="BuiltIn">
<msg time="2024-08-08T11:14:11.221968" level="INFO">name</msg>
<arg>${key}</arg>
<doc>Logs the given message with the given level.</doc>
<status status="PASS" start="2024-08-08T11:14:11.221843" elapsed="0.000161"/>
</kw>
<var name="${key}">name</var>
<status status="PASS" start="2024-08-08T11:14:11.220434" elapsed="0.001801"/>
</iter>
<iter>
<kw name="Dictionary Should Contain Key" owner="Collections">
<arg>${json_data['results'][0]}</arg>
<arg>${key}</arg>
<doc>Fails if ``key`` is not found from ``dictionary``.</doc>
<status status="PASS" start="2024-08-08T11:14:11.222519" elapsed="0.000374"/>
</kw>
<kw name="Log" owner="BuiltIn">
<msg time="2024-08-08T11:14:11.223430" level="INFO">{'gender': 'female', 'name': {'title': 'Ms', 'first': 'Naja', 'last': 'Christensen'}, 'location': {'street': {'number': 1079, 'name': 'Margrethevej'}, 'city': 'Allinge', 'state': 'Sjælland', 'country': 'Denmark', 'postcode': 71380, 'coordinates': {'latitude': '-42.8753', 'longitude': '164.2898'}, 'timezone': {'offset': '-4:00', 'description': 'Atlantic Time (Canada), Caracas, La Paz'}}, 'email': 'naja.christensen@example.com', 'login': {'uuid': 'b1c4181b-a8fe-4339-82a3-02112156a75f', 'username': 'bluebear214', 'password': 'orion1', 'salt': 'H73poKIk', 'md5': 'c7e7178216927e61e2c7a3cf61b73958', 'sha1': '02b851d18745850b60534e37fc0004b87078a2e1', 'sha256': '168e7106c8479bb4e440bfdf51204e2f19922cf1c1797251d2f6b722e51179a3'}, 'dob': {'date': '1950-10-11T18:54:29.446Z', 'age': 73}, 'registered': {'date': '2004-06-08T20:16:13.369Z', 'age': 20}, 'phone': '13364392', 'cell': '24819610', 'id': {'name': 'CPR', 'value': '111050-0845'}, 'picture': {'large': 'https://randomuser.me/api/portraits/women/17.jpg', 'medium': 'https://randomuser.me/api/portraits/med/women/17.jpg', 'thumbnail': 'https://randomuser.me/api/portraits/thumb/women/17.jpg'}, 'nat': 'DK'}</msg>
<arg>${json_data['results'][0]}</arg>
<doc>Logs the given message with the given level.</doc>
<status status="PASS" start="2024-08-08T11:14:11.223076" elapsed="0.000404"/>
</kw>
<kw name="Log" owner="BuiltIn">
<msg time="2024-08-08T11:14:11.223901" level="INFO">location</msg>
<arg>${key}</arg>
<doc>Logs the given message with the given level.</doc>
<status status="PASS" start="2024-08-08T11:14:11.223776" elapsed="0.000162"/>
</kw>
<var name="${key}">location</var>
<status status="PASS" start="2024-08-08T11:14:11.222410" elapsed="0.001738"/>
</iter>
<iter>
<kw name="Dictionary Should Contain Key" owner="Collections">
<arg>${json_data['results'][0]}</arg>
<arg>${key}</arg>
<doc>Fails if ``key`` is not found from ``dictionary``.</doc>
<status status="PASS" start="2024-08-08T11:14:11.224421" elapsed="0.000383"/>
</kw>
<kw name="Log" owner="BuiltIn">
<msg time="2024-08-08T11:14:11.225446" level="INFO">{'gender': 'female', 'name': {'title': 'Ms', 'first': 'Naja', 'last': 'Christensen'}, 'location': {'street': {'number': 1079, 'name': 'Margrethevej'}, 'city': 'Allinge', 'state': 'Sjælland', 'country': 'Denmark', 'postcode': 71380, 'coordinates': {'latitude': '-42.8753', 'longitude': '164.2898'}, 'timezone': {'offset': '-4:00', 'description': 'Atlantic Time (Canada), Caracas, La Paz'}}, 'email': 'naja.christensen@example.com', 'login': {'uuid': 'b1c4181b-a8fe-4339-82a3-02112156a75f', 'username': 'bluebear214', 'password': 'orion1', 'salt': 'H73poKIk', 'md5': 'c7e7178216927e61e2c7a3cf61b73958', 'sha1': '02b851d18745850b60534e37fc0004b87078a2e1', 'sha256': '168e7106c8479bb4e440bfdf51204e2f19922cf1c1797251d2f6b722e51179a3'}, 'dob': {'date': '1950-10-11T18:54:29.446Z', 'age': 73}, 'registered': {'date': '2004-06-08T20:16:13.369Z', 'age': 20}, 'phone': '13364392', 'cell': '24819610', 'id': {'name': 'CPR', 'value': '111050-0845'}, 'picture': {'large': 'https://randomuser.me/api/portraits/women/17.jpg', 'medium': 'https://randomuser.me/api/portraits/med/women/17.jpg', 'thumbnail': 'https://randomuser.me/api/portraits/thumb/women/17.jpg'}, 'nat': 'DK'}</msg>
<arg>${json_data['results'][0]}</arg>
<doc>Logs the given message with the given level.</doc>
<status status="PASS" start="2024-08-08T11:14:11.225096" elapsed="0.000400"/>
</kw>
<kw name="Log" owner="BuiltIn">
<msg time="2024-08-08T11:14:11.225916" level="INFO">email</msg>
<arg>${key}</arg>
<doc>Logs the given message with the given level.</doc>
<status status="PASS" start="2024-08-08T11:14:11.225789" elapsed="0.000167"/>
</kw>
<var name="${key}">email</var>
<status status="PASS" start="2024-08-08T11:14:11.224315" elapsed="0.001853"/>
</iter>
<iter>
<kw name="Dictionary Should Contain Key" owner="Collections">
<arg>${json_data['results'][0]}</arg>
<arg>${key}</arg>
<doc>Fails if ``key`` is not found from ``dictionary``.</doc>
<status status="PASS" start="2024-08-08T11:14:11.226490" elapsed="0.000373"/>
</kw>
<kw name="Log" owner="BuiltIn">
<msg time="2024-08-08T11:14:11.227385" level="INFO">{'gender': 'female', 'name': {'title': 'Ms', 'first': 'Naja', 'last': 'Christensen'}, 'location': {'street': {'number': 1079, 'name': 'Margrethevej'}, 'city': 'Allinge', 'state': 'Sjælland', 'country': 'Denmark', 'postcode': 71380, 'coordinates': {'latitude': '-42.8753', 'longitude': '164.2898'}, 'timezone': {'offset': '-4:00', 'description': 'Atlantic Time (Canada), Caracas, La Paz'}}, 'email': 'naja.christensen@example.com', 'login': {'uuid': 'b1c4181b-a8fe-4339-82a3-02112156a75f', 'username': 'bluebear214', 'password': 'orion1', 'salt': 'H73poKIk', 'md5': 'c7e7178216927e61e2c7a3cf61b73958', 'sha1': '02b851d18745850b60534e37fc0004b87078a2e1', 'sha256': '168e7106c8479bb4e440bfdf51204e2f19922cf1c1797251d2f6b722e51179a3'}, 'dob': {'date': '1950-10-11T18:54:29.446Z', 'age': 73}, 'registered': {'date': '2004-06-08T20:16:13.369Z', 'age': 20}, 'phone': '13364392', 'cell': '24819610', 'id': {'name': 'CPR', 'value': '111050-0845'}, 'picture': {'large': 'https://randomuser.me/api/portraits/women/17.jpg', 'medium': 'https://randomuser.me/api/portraits/med/women/17.jpg', 'thumbnail': 'https://randomuser.me/api/portraits/thumb/women/17.jpg'}, 'nat': 'DK'}</msg>
<arg>${json_data['results'][0]}</arg>
<doc>Logs the given message with the given level.</doc>
<status status="PASS" start="2024-08-08T11:14:11.227042" elapsed="0.000394"/>
</kw>
<kw name="Log" owner="BuiltIn">
<msg time="2024-08-08T11:14:11.227864" level="INFO">login</msg>
<arg>${key}</arg>
<doc>Logs the given message with the given level.</doc>
<status status="PASS" start="2024-08-08T11:14:11.227733" elapsed="0.000167"/>
</kw>
<var name="${key}">login</var>
<status status="PASS" start="2024-08-08T11:14:11.226380" elapsed="0.001743"/>
</iter>
<var>${key}</var>
<value>@{expected_keys}</value>
<status status="PASS" start="2024-08-08T11:14:11.218253" elapsed="0.009991"/>
</for>
<kw name="Create List" owner="BuiltIn">
<msg time="2024-08-08T11:14:11.228561" level="INFO">${expected_keysTwo} = ['username', 'password']</msg>
<var>${expected_keysTwo}</var>
<arg>username</arg>
<arg>password</arg>
<doc>Returns a list containing given items.</doc>
<status status="PASS" start="2024-08-08T11:14:11.228430" elapsed="0.000183"/>
</kw>
<for flavor="IN">
<iter>
<kw name="Dictionary Should Contain Key" owner="Collections">
<arg>${json_data['results'][0]['login']}</arg>
<arg>${keyTwo}</arg>
<doc>Fails if ``key`` is not found from ``dictionary``.</doc>
<status status="PASS" start="2024-08-08T11:14:11.229115" elapsed="0.000388"/>
</kw>
<kw name="Dictionary Should Contain Key" owner="Collections">
<arg>${json_data['results'][0]['login']}</arg>
<arg>${keyTwo}</arg>
<doc>Fails if ``key`` is not found from ``dictionary``.</doc>
<status status="PASS" start="2024-08-08T11:14:11.229681" elapsed="0.000379"/>
</kw>
<kw name="Log" owner="BuiltIn">
<msg time="2024-08-08T11:14:11.230390" level="INFO">username</msg>
<arg>${keyTwo}</arg>
<doc>Logs the given message with the given level.</doc>
<status status="PASS" start="2024-08-08T11:14:11.230263" elapsed="0.000165"/>
</kw>
<var name="${keyTwo}">username</var>
<status status="PASS" start="2024-08-08T11:14:11.229008" elapsed="0.001639"/>
</iter>
<iter>
<kw name="Dictionary Should Contain Key" owner="Collections">
<arg>${json_data['results'][0]['login']}</arg>
<arg>${keyTwo}</arg>
<doc>Fails if ``key`` is not found from ``dictionary``.</doc>
<status status="PASS" start="2024-08-08T11:14:11.230923" elapsed="0.000385"/>
</kw>
<kw name="Dictionary Should Contain Key" owner="Collections">
<arg>${json_data['results'][0]['login']}</arg>
<arg>${keyTwo}</arg>
<doc>Fails if ``key`` is not found from ``dictionary``.</doc>
<status status="PASS" start="2024-08-08T11:14:11.231497" elapsed="0.000369"/>
</kw>
<kw name="Log" owner="BuiltIn">
<msg time="2024-08-08T11:14:11.232166" level="INFO">password</msg>
<arg>${keyTwo}</arg>
<doc>Logs the given message with the given level.</doc>
<status status="PASS" start="2024-08-08T11:14:11.232046" elapsed="0.000156"/>
</kw>
<var name="${keyTwo}">password</var>
<status status="PASS" start="2024-08-08T11:14:11.230817" elapsed="0.001604"/>
</iter>
<var>${keyTwo}</var>
<value>@{expected_keysTwo}</value>
<status status="PASS" start="2024-08-08T11:14:11.228858" elapsed="0.003680"/>
</for>
<status status="PASS" start="2024-08-08T11:14:05.471818" elapsed="5.760860"/>
</kw>
<doc>Testa a estrutura da resposta da API.</doc>
<tag>testeEstruturaResposta</tag>
<status status="PASS" start="2024-08-08T11:14:05.471302" elapsed="5.761532"/>
</test>
<test id="s1-s1-t4" name="Validar tipos de dados" line="28">
<kw name="Teste de Tipos de Dados" owner="random-user-service">
<kw name="GET On Session" owner="RequestsLibrary">
<msg time="2024-08-08T11:14:17.017883" level="INFO">GET Request : url=https://randomuser.me/api 
 path_url=/api 
 headers={'User-Agent': 'python-requests/2.32.3', 'Accept-Encoding': 'gzip, deflate', 'Accept': '*/*', 'Connection': 'keep-alive'} 
 body=None 
 </msg>
<msg time="2024-08-08T11:14:17.017983" level="INFO">GET Response : url=https://randomuser.me/api 
 status=200, reason=OK 
 headers={'Date': 'Thu, 08 Aug 2024 11:14:17 GMT', 'Content-Type': 'application/json; charset=utf-8', 'Transfer-Encoding': 'chunked', 'Connection': 'keep-alive', 'X-Powered-By': 'Express', 'Access-Control-Allow-Origin': '*', 'Cache-Control': 'no-cache', 'ETag': 'W/"4a1-4aQbGy/9JI+o87ZL+kYJcUbkWeU"', 'Vary': 'Accept-Encoding', 'Content-Encoding': 'gzip', 'CF-Cache-Status': 'DYNAMIC', 'Report-To': '{"endpoints":[{"url":"https:\\/\\/a.nel.cloudflare.com\\/report\\/v4?s=v1ldF3FmovxIwNQATKrbgs1ossJMuItrRiHgclUx%2BC5kZ1jLrOMY9CHeAWNN4t3SMOfFM6iDapxCcf6QP1j%2B%2F54YgFK7jKjg8Sb%2Fxfrrr1Yl6cUkqFuiz26PAGXza8ek"}],"group":"cf-nel","max_age":604800}', 'NEL': '{"success_fraction":0,"report_to":"cf-nel","max_age":604800}', 'Server': 'cloudflare', 'CF-RAY': '8aff14d43b3e0648-IAD', 'alt-svc': 'h3=":443"; ma=86400'} 
 body={"results":[{"gender":"male","name":{"title":"Mr","first":"Leevi","last":"Waisanen"},"location":{"street":{"number":8009,"name":"Verkatehtaankatu"},"city":"Kuusamo","state":"Päijät-Häme","country":"Finland","postcode":98071,"coordinates":{"latitude":"-29.8375","longitude":"-161.6102"},"timezone":{"offset":"+1:00","description":"Brussels, Copenhagen, Madrid, Paris"}},"email":"leevi.waisanen@example.com","login":{"uuid":"7f7cf69f-42fd-4e2c-be09-260e2ee59dae","username":"angrymeercat236","password":"toronto","salt":"tk8Z4lV0","md5":"442f6c69300c5f3e5d439e73d3a7ed23","sha1":"76003e5f9c3deb182e31a02e1653a7dbd0d71f1d","sha256":"de58253ca3f16c1ef06b01e9f7ad8ba513b4d930ceea1682e7a1034d65646fee"},"dob":{"date":"1967-05-05T22:49:46.112Z","age":57},"registered":{"date":"2003-03-20T04:58:42.149Z","age":21},"phone":"03-993-586","cell":"048-306-51-69","id":{"name":"HETU","value":"NaNNA497undefined"},"picture":{"large":"https://randomuser.me/api/portraits/men/92.jpg","medium":"https://randomuser.me/api/portraits/med/men/92.jpg","thumbnail":"https://randomuser.me/api/portraits/thumb/men/92.jpg"},"nat":"FI"}],"info":{"seed":"e1b96b28fb5fb161","results":1,"page":1,"version":"1.4"}} 
 </msg>
<msg time="2024-08-08T11:14:17.018059" level="INFO">/opt/hostedtoolcache/Python/3.12.4/x64/lib/python3.12/site-packages/urllib3/connectionpool.py:1099: InsecureRequestWarning: Unverified HTTPS request is being made to host 'randomuser.me'. Adding certificate verification is strongly advised. See: https://urllib3.readthedocs.io/en/latest/advanced-usage.html#tls-warnings
  warnings.warn(</msg>
<msg time="2024-08-08T11:14:17.018176" level="INFO">${response} = &lt;Response [200]&gt;</msg>
<var>${response}</var>
<arg>consultarAPI</arg>
<arg>/api</arg>
<doc>Sends a GET request on a previously created HTTP Session.</doc>
<status status="PASS" start="2024-08-08T11:14:11.235380" elapsed="5.782823"/>
</kw>
<kw name="Set Variable" owner="BuiltIn">
<msg time="2024-08-08T11:14:17.019323" level="INFO">${json_data} = {'results': [{'gender': 'male', 'name': {'title': 'Mr', 'first': 'Leevi', 'last': 'Waisanen'}, 'location': {'street': {'number': 8009, 'name': 'Verkatehtaankatu'}, 'city': 'Kuusamo', 'state': 'Päijät-...</msg>
<var>${json_data}</var>
<arg>${response.json()}</arg>
<doc>Returns the given values which can then be assigned to a variables.</doc>
<status status="PASS" start="2024-08-08T11:14:17.018799" elapsed="0.000552"/>
</kw>
<kw name="Log" owner="BuiltIn">
<msg time="2024-08-08T11:14:17.019811" level="INFO">{'results': [{'gender': 'male', 'name': {'title': 'Mr', 'first': 'Leevi', 'last': 'Waisanen'}, 'location': {'street': {'number': 8009, 'name': 'Verkatehtaankatu'}, 'city': 'Kuusamo', 'state': 'Päijät-Häme', 'country': 'Finland', 'postcode': 98071, 'coordinates': {'latitude': '-29.8375', 'longitude': '-161.6102'}, 'timezone': {'offset': '+1:00', 'description': 'Brussels, Copenhagen, Madrid, Paris'}}, 'email': 'leevi.waisanen@example.com', 'login': {'uuid': '7f7cf69f-42fd-4e2c-be09-260e2ee59dae', 'username': 'angrymeercat236', 'password': 'toronto', 'salt': 'tk8Z4lV0', 'md5': '442f6c69300c5f3e5d439e73d3a7ed23', 'sha1': '76003e5f9c3deb182e31a02e1653a7dbd0d71f1d', 'sha256': 'de58253ca3f16c1ef06b01e9f7ad8ba513b4d930ceea1682e7a1034d65646fee'}, 'dob': {'date': '1967-05-05T22:49:46.112Z', 'age': 57}, 'registered': {'date': '2003-03-20T04:58:42.149Z', 'age': 21}, 'phone': '03-993-586', 'cell': '048-306-51-69', 'id': {'name': 'HETU', 'value': 'NaNNA497undefined'}, 'picture': {'large': 'https://randomuser.me/api/portraits/men/92.jpg', 'medium': 'https://randomuser.me/api/portraits/med/men/92.jpg', 'thumbnail': 'https://randomuser.me/api/portraits/thumb/men/92.jpg'}, 'nat': 'FI'}], 'info': {'seed': 'e1b96b28fb5fb161', 'results': 1, 'page': 1, 'version': '1.4'}}</msg>
<arg>${json_data}</arg>
<doc>Logs the given message with the given level.</doc>
<status status="PASS" start="2024-08-08T11:14:17.019654" elapsed="0.000206"/>
</kw>
<kw name="Should Be String" owner="String">
<arg>${json_data['results'][0]['gender']}</arg>
<doc>Fails if the given ``item`` is not a string.</doc>
<status status="PASS" start="2024-08-08T11:14:17.020149" elapsed="0.000361"/>
</kw>
<kw name="Should Match Regexp" owner="BuiltIn">
<arg>${json_data['results'][0]['email']}</arg>
<arg>^[a-zA-Z0-9._%+-]+@[a-zA-Z0-9.-]+\.[a-zA-Z]{2,}$</arg>
<doc>Fails if ``string`` does not match ``pattern`` as a regular expression.</doc>
<status status="PASS" start="2024-08-08T11:14:17.020712" elapsed="0.000555"/>
</kw>
<kw name="Should Match Regexp" owner="BuiltIn">
<arg>${json_data['results'][0]['dob']['date']}</arg>
<arg>\\d{4}-\\d{2}-\\d{2}T\\d{2}:\\d{2}:\\d{2}\\.\\d{3}Z</arg>
<doc>Fails if ``string`` does not match ``pattern`` as a regular expression.</doc>
<status status="PASS" start="2024-08-08T11:14:17.021463" elapsed="0.000635"/>
</kw>
<kw name="Should Match Regexp" owner="BuiltIn">
<arg>${json_data['results'][0]['registered']['date']}</arg>
<arg>\\d{4}-\\d{2}-\\d{2}T\\d{2}:\\d{2}:\\d{2}\\.\\d{3}Z</arg>
<doc>Fails if ``string`` does not match ``pattern`` as a regular expression.</doc>
<status status="PASS" start="2024-08-08T11:14:17.022339" elapsed="0.000378"/>
</kw>
<kw name="Should Match Regexp" owner="BuiltIn">
<arg>${json_data['results'][0]['picture']['large']}</arg>
<arg>^https?://.*\.(?:png|jpe?g|gif|bmp)$</arg>
<doc>Fails if ``string`` does not match ``pattern`` as a regular expression.</doc>
<status status="PASS" start="2024-08-08T11:14:17.022901" elapsed="0.000468"/>
</kw>
<kw name="Should Match Regexp" owner="BuiltIn">
<arg>${json_data['results'][0]['picture']['medium']}</arg>
<arg>^https?://.*\.(?:png|jpe?g|gif|bmp)$</arg>
<doc>Fails if ``string`` does not match ``pattern`` as a regular expression.</doc>
<status status="PASS" start="2024-08-08T11:14:17.023559" elapsed="0.000356"/>
</kw>
<kw name="Should Match Regexp" owner="BuiltIn">
<arg>${json_data['results'][0]['picture']['thumbnail']}</arg>
<arg>^https?://.*\.(?:png|jpe?g|gif|bmp)$</arg>
<doc>Fails if ``string`` does not match ``pattern`` as a regular expression.</doc>
<status status="PASS" start="2024-08-08T11:14:17.024099" elapsed="0.000349"/>
</kw>
<kw name="Log" owner="BuiltIn">
<msg time="2024-08-08T11:14:17.024946" level="INFO">{'large': 'https://randomuser.me/api/portraits/men/92.jpg', 'medium': 'https://randomuser.me/api/portraits/med/men/92.jpg', 'thumbnail': 'https://randomuser.me/api/portraits/thumb/men/92.jpg'}</msg>
<arg>${json_data['results'][0]['picture']}</arg>
<doc>Logs the given message with the given level.</doc>
<status status="PASS" start="2024-08-08T11:14:17.024624" elapsed="0.000363"/>
</kw>
<status status="PASS" start="2024-08-08T11:14:11.235139" elapsed="5.790105"/>
</kw>
<kw name="Teste de Tipos de Dados - Postcode" owner="random-user-service">
<kw name="GET On Session" owner="RequestsLibrary">
<msg time="2024-08-08T11:14:21.875917" level="INFO">GET Request : url=https://randomuser.me/api 
 path_url=/api 
 headers={'User-Agent': 'python-requests/2.32.3', 'Accept-Encoding': 'gzip, deflate', 'Accept': '*/*', 'Connection': 'keep-alive'} 
 body=None 
 </msg>
<msg time="2024-08-08T11:14:21.876013" level="INFO">GET Response : url=https://randomuser.me/api 
 status=200, reason=OK 
 headers={'Date': 'Thu, 08 Aug 2024 11:14:21 GMT', 'Content-Type': 'application/json; charset=utf-8', 'Transfer-Encoding': 'chunked', 'Connection': 'keep-alive', 'X-Powered-By': 'Express', 'Access-Control-Allow-Origin': '*', 'Cache-Control': 'no-cache', 'ETag': 'W/"497-VDW2VCJ0bXt5nMoeHPhooJdvuQc"', 'Vary': 'Accept-Encoding', 'Content-Encoding': 'gzip', 'CF-Cache-Status': 'DYNAMIC', 'Report-To': '{"endpoints":[{"url":"https:\\/\\/a.nel.cloudflare.com\\/report\\/v4?s=G85DQdVp1sc97WJI8r%2FZ5A1yBhnkKbD1VJGIJZf%2BLxgwV4M87OUGTOvOF7TfDgT6t9crj8KGwkE2XF9hgTZnMAQoCSWlM0iMctMn7%2BcYmoi7YpPVg3hykUVp20WIJfVL"}],"group":"cf-nel","max_age":604800}', 'NEL': '{"success_fraction":0,"report_to":"cf-nel","max_age":604800}', 'Server': 'cloudflare', 'CF-RAY': '8aff14f8685a0648-IAD', 'alt-svc': 'h3=":443"; ma=86400'} 
 body={"results":[{"gender":"male","name":{"title":"Mr","first":"Bozhko","last":"Shchors"},"location":{"street":{"number":2286,"name":"Dniprodzerzhinskiy provulok"},"city":"Kropivnickiy","state":"Dnipropetrovska","country":"Ukraine","postcode":31424,"coordinates":{"latitude":"76.6291","longitude":"-63.9535"},"timezone":{"offset":"+4:00","description":"Abu Dhabi, Muscat, Baku, Tbilisi"}},"email":"bozhko.shchors@example.com","login":{"uuid":"1f934723-e449-4789-babd-6952107fd3e3","username":"redswan447","password":"oreo","salt":"5trKDHLE","md5":"ea4ff17e8a18859db72c61d66c72e41a","sha1":"82e146fe1971272079f41fe8bb59e53ab998e6b5","sha256":"dfd1cb116682e784c377607e261319c46bb3ca46234a90ad0ccdc879ded116bc"},"dob":{"date":"1978-11-02T16:57:37.078Z","age":45},"registered":{"date":"2008-09-08T19:15:24.156Z","age":15},"phone":"(066) B49-8281","cell":"(099) Z10-3268","id":{"name":"","value":null},"picture":{"large":"https://randomuser.me/api/portraits/men/12.jpg","medium":"https://randomuser.me/api/portraits/med/men/12.jpg","thumbnail":"https://randomuser.me/api/portraits/thumb/men/12.jpg"},"nat":"UA"}],"info":{"seed":"24990e096085ba1c","results":1,"page":1,"version":"1.4"}} 
 </msg>
<msg time="2024-08-08T11:14:21.876084" level="INFO">/opt/hostedtoolcache/Python/3.12.4/x64/lib/python3.12/site-packages/urllib3/connectionpool.py:1099: InsecureRequestWarning: Unverified HTTPS request is being made to host 'randomuser.me'. Adding certificate verification is strongly advised. See: https://urllib3.readthedocs.io/en/latest/advanced-usage.html#tls-warnings
  warnings.warn(</msg>
<msg time="2024-08-08T11:14:21.876205" level="INFO">${response} = &lt;Response [200]&gt;</msg>
<var>${response}</var>
<arg>consultarAPI</arg>
<arg>/api</arg>
<doc>Sends a GET request on a previously created HTTP Session.</doc>
<status status="PASS" start="2024-08-08T11:14:17.025692" elapsed="4.850552"/>
</kw>
<kw name="Set Variable" owner="BuiltIn">
<msg time="2024-08-08T11:14:21.877294" level="INFO">${json_data} = {'results': [{'gender': 'male', 'name': {'title': 'Mr', 'first': 'Bozhko', 'last': 'Shchors'}, 'location': {'street': {'number': 2286, 'name': 'Dniprodzerzhinskiy provulok'}, 'city': 'Kropivnickiy', '...</msg>
<var>${json_data}</var>
<arg>${response.json()}</arg>
<doc>Returns the given values which can then be assigned to a variables.</doc>
<status status="PASS" start="2024-08-08T11:14:21.876772" elapsed="0.000551"/>
</kw>
<kw name="Log" owner="BuiltIn">
<msg time="2024-08-08T11:14:21.877779" level="INFO">{'results': [{'gender': 'male', 'name': {'title': 'Mr', 'first': 'Bozhko', 'last': 'Shchors'}, 'location': {'street': {'number': 2286, 'name': 'Dniprodzerzhinskiy provulok'}, 'city': 'Kropivnickiy', 'state': 'Dnipropetrovska', 'country': 'Ukraine', 'postcode': 31424, 'coordinates': {'latitude': '76.6291', 'longitude': '-63.9535'}, 'timezone': {'offset': '+4:00', 'description': 'Abu Dhabi, Muscat, Baku, Tbilisi'}}, 'email': 'bozhko.shchors@example.com', 'login': {'uuid': '1f934723-e449-4789-babd-6952107fd3e3', 'username': 'redswan447', 'password': 'oreo', 'salt': '5trKDHLE', 'md5': 'ea4ff17e8a18859db72c61d66c72e41a', 'sha1': '82e146fe1971272079f41fe8bb59e53ab998e6b5', 'sha256': 'dfd1cb116682e784c377607e261319c46bb3ca46234a90ad0ccdc879ded116bc'}, 'dob': {'date': '1978-11-02T16:57:37.078Z', 'age': 45}, 'registered': {'date': '2008-09-08T19:15:24.156Z', 'age': 15}, 'phone': '(066) B49-8281', 'cell': '(099) Z10-3268', 'id': {'name': '', 'value': None}, 'picture': {'large': 'https://randomuser.me/api/portraits/men/12.jpg', 'medium': 'https://randomuser.me/api/portraits/med/men/12.jpg', 'thumbnail': 'https://randomuser.me/api/portraits/thumb/men/12.jpg'}, 'nat': 'UA'}], 'info': {'seed': '24990e096085ba1c', 'results': 1, 'page': 1, 'version': '1.4'}}</msg>
<arg>${json_data}</arg>
<doc>Logs the given message with the given level.</doc>
<status status="PASS" start="2024-08-08T11:14:21.877626" elapsed="0.000200"/>
</kw>
<kw name="Should Be Equal As Numbers" owner="BuiltIn">
<arg>${json_data['results'][0]['location']['postcode']}</arg>
<arg>${json_data['results'][0]['location']['postcode']}</arg>
<doc>Fails if objects are unequal after converting them to real numbers.</doc>
<status status="PASS" start="2024-08-08T11:14:21.878119" elapsed="0.000670"/>
</kw>
<kw name="Log" owner="BuiltIn">
<msg time="2024-08-08T11:14:21.879310" level="INFO">31424</msg>
<arg>${json_data['results'][0]['location']['postcode']}</arg>
<doc>Logs the given message with the given level.</doc>
<status status="PASS" start="2024-08-08T11:14:21.878974" elapsed="0.000415"/>
</kw>
<status status="PASS" start="2024-08-08T11:14:17.025467" elapsed="4.854191"/>
</kw>
<doc>Testa se os tipos de dados na resposta da API estão corretos.</doc>
<tag>testeTiposDados</tag>
<status status="PASS" start="2024-08-08T11:14:11.234670" elapsed="10.645159"/>
</test>
<test id="s1-s1-t5" name="Validar conteudo" line="35">
<kw name="Teste de Tipos de Conteudo" owner="random-user-service">
<kw name="GET On Session" owner="RequestsLibrary">
<msg time="2024-08-08T11:14:30.814514" level="INFO">GET Request : url=https://randomuser.me/api 
 path_url=/api 
 headers={'User-Agent': 'python-requests/2.32.3', 'Accept-Encoding': 'gzip, deflate', 'Accept': '*/*', 'Connection': 'keep-alive'} 
 body=None 
 </msg>
<msg time="2024-08-08T11:14:30.814613" level="INFO">GET Response : url=https://randomuser.me/api 
 status=200, reason=OK 
 headers={'Date': 'Thu, 08 Aug 2024 11:14:30 GMT', 'Content-Type': 'application/json; charset=utf-8', 'Transfer-Encoding': 'chunked', 'Connection': 'keep-alive', 'X-Powered-By': 'Express', 'Access-Control-Allow-Origin': '*', 'Cache-Control': 'no-cache', 'ETag': 'W/"49e-gYCwUSHcw11/rqkrLLWFWwSVaDU"', 'Vary': 'Accept-Encoding', 'Content-Encoding': 'gzip', 'CF-Cache-Status': 'DYNAMIC', 'Report-To': '{"endpoints":[{"url":"https:\\/\\/a.nel.cloudflare.com\\/report\\/v4?s=PXnqQF89GNzAOEuFndpcIVJrM8Pp7E2JCeUMjURaygjsPT75Y2KzRYtuWvsPl%2F26AEMdhf%2FWPZJQqaYNivS57oNopZXTwK9HkA3zvzmoeDPKya1No0Ah%2F%2BnUZ0fWrFzv"}],"group":"cf-nel","max_age":604800}', 'NEL': '{"success_fraction":0,"report_to":"cf-nel","max_age":604800}', 'Server': 'cloudflare', 'CF-RAY': '8aff1516c8710648-IAD', 'alt-svc': 'h3=":443"; ma=86400'} 
 body={"results":[{"gender":"male","name":{"title":"Mr","first":"Aloísio","last":"Moreira"},"location":{"street":{"number":9461,"name":"Beco dos Namorados"},"city":"Curitiba","state":"Acre","country":"Brazil","postcode":83902,"coordinates":{"latitude":"-74.3151","longitude":"-151.2565"},"timezone":{"offset":"+3:00","description":"Baghdad, Riyadh, Moscow, St. Petersburg"}},"email":"aloisio.moreira@example.com","login":{"uuid":"1a8f140d-5e9b-4f69-a64e-6ffdacab1256","username":"crazywolf461","password":"halflife","salt":"t4JT9xLh","md5":"e643a174eb2d9d12b5c60d39b6cf472c","sha1":"bf47a28484e196b8e595c776b06e6b7d198d8f72","sha256":"f0164112db9b9591cf2628f141baf7db4686b2a0e2e78480a0db841de0f24069"},"dob":{"date":"1998-12-04T03:06:52.025Z","age":25},"registered":{"date":"2021-11-07T06:49:20.712Z","age":2},"phone":"(67) 6701-3380","cell":"(63) 2630-0725","id":{"name":"CPF","value":"106.987.042-91"},"picture":{"large":"https://randomuser.me/api/portraits/men/84.jpg","medium":"https://randomuser.me/api/portraits/med/men/84.jpg","thumbnail":"https://randomuser.me/api/portraits/thumb/men/84.jpg"},"nat":"BR"}],"info":{"seed":"423194d29e9f1afb","results":1,"page":1,"version":"1.4"}} 
 </msg>
<msg time="2024-08-08T11:14:30.814685" level="INFO">/opt/hostedtoolcache/Python/3.12.4/x64/lib/python3.12/site-packages/urllib3/connectionpool.py:1099: InsecureRequestWarning: Unverified HTTPS request is being made to host 'randomuser.me'. Adding certificate verification is strongly advised. See: https://urllib3.readthedocs.io/en/latest/advanced-usage.html#tls-warnings
  warnings.warn(</msg>
<msg time="2024-08-08T11:14:30.814808" level="INFO">${response} = &lt;Response [200]&gt;</msg>
<var>${response}</var>
<arg>consultarAPI</arg>
<arg>/api</arg>
<doc>Sends a GET request on a previously created HTTP Session.</doc>
<status status="PASS" start="2024-08-08T11:14:21.882622" elapsed="8.932227"/>
</kw>
<kw name="Set Variable" owner="BuiltIn">
<msg time="2024-08-08T11:14:30.816078" level="INFO">${json_data} = {'results': [{'gender': 'male', 'name': {'title': 'Mr', 'first': 'Aloísio', 'last': 'Moreira'}, 'location': {'street': {'number': 9461, 'name': 'Beco dos Namorados'}, 'city': 'Curitiba', 'state': 'Acr...</msg>
<var>${json_data}</var>
<arg>${response.json()}</arg>
<doc>Returns the given values which can then be assigned to a variables.</doc>
<status status="PASS" start="2024-08-08T11:14:30.815509" elapsed="0.000599"/>
</kw>
<kw name="Set Variable" owner="BuiltIn">
<msg time="2024-08-08T11:14:30.816803" level="INFO">${name_title} = Mr</msg>
<var>${name_title}</var>
<arg>${json_data["results"][0]["name"]["title"]}</arg>
<doc>Returns the given values which can then be assigned to a variables.</doc>
<status status="PASS" start="2024-08-08T11:14:30.816415" elapsed="0.000414"/>
</kw>
<kw name="Create List" owner="BuiltIn">
<msg time="2024-08-08T11:14:30.817271" level="INFO">${allowed_titles} = ['Mr', 'Ms', 'Miss', 'Mrs', 'Madame', 'Monsieur']</msg>
<var>${allowed_titles}</var>
<arg>Mr</arg>
<arg>Ms</arg>
<arg>Miss</arg>
<arg>Mrs</arg>
<arg>Madame</arg>
<arg>Monsieur</arg>
<doc>Returns a list containing given items.</doc>
<status status="PASS" start="2024-08-08T11:14:30.817123" elapsed="0.000173"/>
</kw>
<kw name="List Should Contain Value" owner="Collections">
<arg>${allowed_titles}</arg>
<arg>${name_title}</arg>
<doc>Fails if the ``value`` is not found from ``list``.</doc>
<status status="PASS" start="2024-08-08T11:14:30.817585" elapsed="0.000175"/>
</kw>
<kw name="Set Variable" owner="BuiltIn">
<msg time="2024-08-08T11:14:30.818362" level="INFO">${name_country} = BR</msg>
<var>${name_country}</var>
<arg>${json_data["results"][0]["nat"]}</arg>
<doc>Returns the given values which can then be assigned to a variables.</doc>
<status status="PASS" start="2024-08-08T11:14:30.817942" elapsed="0.000447"/>
</kw>
<kw name="Create List" owner="BuiltIn">
<msg time="2024-08-08T11:14:30.819272" level="INFO">${list_country} = ['AD', 'AE', 'AF', 'AG', 'AI', 'AL', 'AM', 'AO', 'AQ', 'AR', 'AS', 'AT', 'AU', 'AW', 'AX', 'AZ', 'BA', 'BB', 'BD', 'BE', 'BF', 'BG', 'BH', 'BI', 'BJ', 'BL', 'BM', 'BN', 'BO', 'BQ', 'BR', 'BS', 'BT', '...</msg>
<var>${list_country}</var>
<arg>AD</arg>
<arg>AE</arg>
<arg>AF</arg>
<arg>AG</arg>
<arg>AI</arg>
<arg>AL</arg>
<arg>AM</arg>
<arg>AO</arg>
<arg>AQ</arg>
<arg>AR</arg>
<arg>AS</arg>
<arg>AT</arg>
<arg>AU</arg>
<arg>AW</arg>
<arg>AX</arg>
<arg>AZ</arg>
<arg>BA</arg>
<arg>BB</arg>
<arg>BD</arg>
<arg>BE</arg>
<arg>BF</arg>
<arg>BG</arg>
<arg>BH</arg>
<arg>BI</arg>
<arg>BJ</arg>
<arg>BL</arg>
<arg>BM</arg>
<arg>BN</arg>
<arg>BO</arg>
<arg>BQ</arg>
<arg>BR</arg>
<arg>BS</arg>
<arg>BT</arg>
<arg>BV</arg>
<arg>BW</arg>
<arg>BY</arg>
<arg>BZ</arg>
<arg>CA</arg>
<arg>CC</arg>
<arg>CD</arg>
<arg>CF</arg>
<arg>CG</arg>
<arg>CH</arg>
<arg>CI</arg>
<arg>CK</arg>
<arg>CL</arg>
<arg>CM</arg>
<arg>CN</arg>
<arg>CO</arg>
<arg>CR</arg>
<arg>CU</arg>
<arg>CV</arg>
<arg>CW</arg>
<arg>CX</arg>
<arg>CY</arg>
<arg>CZ</arg>
<arg>DE</arg>
<arg>DJ</arg>
<arg>DK</arg>
<arg>DM</arg>
<arg>DO</arg>
<arg>DZ</arg>
<arg>EC</arg>
<arg>EE</arg>
<arg>EG</arg>
<arg>EH</arg>
<arg>ER</arg>
<arg>ES</arg>
<arg>ET</arg>
<arg>FI</arg>
<arg>FJ</arg>
<arg>FK</arg>
<arg>FM</arg>
<arg>FO</arg>
<arg>FR</arg>
<arg>GA</arg>
<arg>GB</arg>
<arg>GD</arg>
<arg>GE</arg>
<arg>GF</arg>
<arg>GG</arg>
<arg>GH</arg>
<arg>GI</arg>
<arg>GL</arg>
<arg>GM</arg>
<arg>GN</arg>
<arg>GP</arg>
<arg>GQ</arg>
<arg>GR</arg>
<arg>GS</arg>
<arg>GT</arg>
<arg>GU</arg>
<arg>GW</arg>
<arg>GY</arg>
<arg>HK</arg>
<arg>HM</arg>
<arg>HN</arg>
<arg>HR</arg>
<arg>HT</arg>
<arg>HU</arg>
<arg>ID</arg>
<arg>IE</arg>
<arg>IL</arg>
<arg>IM</arg>
<arg>IN</arg>
<arg>IO</arg>
<arg>IQ</arg>
<arg>IR</arg>
<arg>IS</arg>
<arg>IT</arg>
<arg>JE</arg>
<arg>JM</arg>
<arg>JO</arg>
<arg>JP</arg>
<arg>KE</arg>
<arg>KG</arg>
<arg>KH</arg>
<arg>KI</arg>
<arg>KM</arg>
<arg>KN</arg>
<arg>KP</arg>
<arg>KR</arg>
<arg>KW</arg>
<arg>KY</arg>
<arg>KZ</arg>
<arg>LA</arg>
<arg>LB</arg>
<arg>LC</arg>
<arg>LI</arg>
<arg>LK</arg>
<arg>LR</arg>
<arg>LS</arg>
<arg>LT</arg>
<arg>LU</arg>
<arg>LV</arg>
<arg>LY</arg>
<arg>MA</arg>
<arg>MC</arg>
<arg>MD</arg>
<arg>ME</arg>
<arg>MF</arg>
<arg>MG</arg>
<arg>MH</arg>
<arg>MK</arg>
<arg>ML</arg>
<arg>MM</arg>
<arg>MN</arg>
<arg>MO</arg>
<arg>MP</arg>
<arg>MQ</arg>
<arg>MR</arg>
<arg>MS</arg>
<arg>MT</arg>
<arg>MU</arg>
<arg>MV</arg>
<arg>MW</arg>
<arg>MX</arg>
<arg>MY</arg>
<arg>MZ</arg>
<arg>NA</arg>
<arg>NC</arg>
<arg>NE</arg>
<arg>NF</arg>
<arg>NG</arg>
<arg>NI</arg>
<arg>NL</arg>
<arg>NO</arg>
<arg>NP</arg>
<arg>NR</arg>
<arg>NU</arg>
<arg>NZ</arg>
<arg>OM</arg>
<arg>PA</arg>
<arg>PE</arg>
<arg>PF</arg>
<arg>PG</arg>
<arg>PH</arg>
<arg>PK</arg>
<arg>PL</arg>
<arg>PM</arg>
<arg>PN</arg>
<arg>PR</arg>
<arg>PS</arg>
<arg>PT</arg>
<arg>PW</arg>
<arg>PY</arg>
<arg>QA</arg>
<arg>RE</arg>
<arg>RO</arg>
<arg>RS</arg>
<arg>RU</arg>
<arg>RW</arg>
<arg>SA</arg>
<arg>SB</arg>
<arg>SC</arg>
<arg>SD</arg>
<arg>SE</arg>
<arg>SG</arg>
<arg>SH</arg>
<arg>SI</arg>
<arg>SJ</arg>
<arg>SK</arg>
<arg>SL</arg>
<arg>SM</arg>
<arg>SN</arg>
<arg>SO</arg>
<arg>SR</arg>
<arg>SS</arg>
<arg>ST</arg>
<arg>SV</arg>
<arg>SX</arg>
<arg>SY</arg>
<arg>SZ</arg>
<arg>TC</arg>
<arg>TD</arg>
<arg>TF</arg>
<arg>TG</arg>
<arg>TH</arg>
<arg>TJ</arg>
<arg>TK</arg>
<arg>TL</arg>
<arg>TM</arg>
<arg>TN</arg>
<arg>TO</arg>
<arg>TR</arg>
<arg>TT</arg>
<arg>TV</arg>
<arg>TW</arg>
<arg>TZ</arg>
<arg>UA</arg>
<arg>UG</arg>
<arg>UM</arg>
<arg>US</arg>
<arg>UY</arg>
<arg>UZ</arg>
<arg>VA</arg>
<arg>VC</arg>
<arg>VE</arg>
<arg>VG</arg>
<arg>VI</arg>
<arg>VN</arg>
<arg>VU</arg>
<arg>WF</arg>
<arg>WS</arg>
<arg>XK</arg>
<arg>YE</arg>
<arg>YT</arg>
<arg>ZA</arg>
<arg>ZM</arg>
<arg>ZW</arg>
<doc>Returns a list containing given items.</doc>
<status status="PASS" start="2024-08-08T11:14:30.818684" elapsed="0.000614"/>
</kw>
<kw name="List Should Contain Value" owner="Collections">
<arg>${list_country}</arg>
<arg>${name_country}</arg>
<doc>Fails if the ``value`` is not found from ``list``.</doc>
<status status="PASS" start="2024-08-08T11:14:30.820264" elapsed="0.000206"/>
</kw>
<kw name="Run Keyword If" owner="BuiltIn">
<kw name="Should Be True" owner="BuiltIn">
<arg>${True}</arg>
<doc>Fails if the given condition is not true.</doc>
<status status="PASS" start="2024-08-08T11:14:30.821406" elapsed="0.000142"/>
</kw>
<arg>${json_data["results"][0]["location"]["coordinates"]["latitude"]} &gt;= -90 and ${json_data["results"][0]["location"]["coordinates"]["latitude"]} &lt;= 90</arg>
<arg>Should Be True</arg>
<arg>${True}</arg>
<doc>Runs the given keyword with the given arguments, if ``condition`` is true.</doc>
<status status="PASS" start="2024-08-08T11:14:30.820668" elapsed="0.001003"/>
</kw>
<kw name="Run Keyword If" owner="BuiltIn">
<kw name="Should Be True" owner="BuiltIn">
<arg>${True}</arg>
<doc>Fails if the given condition is not true.</doc>
<status status="PASS" start="2024-08-08T11:14:30.822566" elapsed="0.000139"/>
</kw>
<arg>${json_data["results"][0]["location"]["coordinates"]["longitude"]} &gt;= -180 and ${json_data["results"][0]["location"]["coordinates"]["longitude"]} &lt;= 180</arg>
<arg>Should Be True</arg>
<arg>${True}</arg>
<doc>Runs the given keyword with the given arguments, if ``condition`` is true.</doc>
<status status="PASS" start="2024-08-08T11:14:30.821849" elapsed="0.000985"/>
</kw>
<status status="PASS" start="2024-08-08T11:14:21.882239" elapsed="8.940727"/>
</kw>
<doc>Testa o conteúdo específico dos campos retornados pela API.</doc>
<tag>testeConteudo</tag>
<status status="PASS" start="2024-08-08T11:14:21.881582" elapsed="8.941547"/>
</test>
<status status="PASS" start="2024-08-08T11:13:57.175723" elapsed="33.649382"/>
</suite>
<status status="PASS" start="2024-08-08T11:13:57.161072" elapsed="33.669224"/>
</suite>
<statistics>
<total>
<stat pass="5" fail="0" skip="0">All Tests</stat>
</total>
<tag>
<stat pass="1" fail="0" skip="0">testeConteudo</stat>
<stat pass="1" fail="0" skip="0">testeEstruturaResposta</stat>
<stat pass="1" fail="0" skip="0">testeRequisicaoBasica</stat>
<stat pass="1" fail="0" skip="0">testeTiposDados</stat>
</tag>
<suite>
<stat pass="5" fail="0" skip="0" id="s1" name="Tests">Tests</stat>
<stat pass="5" fail="0" skip="0" id="s1-s1" name="Random-User-Test">Tests.Random-User-Test</stat>
</suite>
</statistics>
<errors>
</errors>
</robot>
