<?xml version="1.0" encoding="UTF-8"?>
<robot generator="Robot 7.0.1 (Python 3.12.4 on linux)" generated="2024-07-07T20:14:34.812577" rpa="false" schemaversion="5">
<suite id="s1" name="Tests" source="/home/runner/work/ApiRandomUser/ApiRandomUser/RamdonUser/tests">
<suite id="s1-s1" name="Random-User-Test" source="/home/runner/work/ApiRandomUser/ApiRandomUser/RamdonUser/tests/random-user-test.robot">
<test id="s1-s1-t1" name="Conectar" line="13">
<kw name="Conectar API" owner="random-user-service">
<kw name="Create Session" owner="RequestsLibrary">
<msg time="2024-07-07T20:14:35.236262" level="INFO">Creating Session using : alias=consultarAPI, url=https://randomuser.me/, headers={},                     cookies={}, auth=None, timeout=None, proxies=None, verify=False,                     debug=0 </msg>
<arg>consultarAPI</arg>
<arg>${URL}</arg>
<doc>Create Session: create a HTTP session to a server</doc>
<status status="PASS" start="2024-07-07T20:14:35.236063" elapsed="0.000377"/>
</kw>
<status status="PASS" start="2024-07-07T20:14:35.235087" elapsed="0.001709"/>
</kw>
<status status="PASS" start="2024-07-07T20:14:35.234552" elapsed="0.002435"/>
</test>
<test id="s1-s1-t2" name="Validar retorno 200 e JSON Válido" line="16">
<kw name="Teste de Requisicao Basica" owner="random-user-service">
<kw name="GET On Session" owner="RequestsLibrary">
<msg time="2024-07-07T20:14:35.483462" level="INFO">GET Request : url=https://randomuser.me/api 
 path_url=/api 
 headers={'User-Agent': 'python-requests/2.32.3', 'Accept-Encoding': 'gzip, deflate', 'Accept': '*/*', 'Connection': 'keep-alive'} 
 body=None 
 </msg>
<msg time="2024-07-07T20:14:35.483599" level="INFO">GET Response : url=https://randomuser.me/api 
 status=200, reason=OK 
 headers={'Date': 'Sun, 07 Jul 2024 20:14:35 GMT', 'Content-Type': 'application/json; charset=utf-8', 'Transfer-Encoding': 'chunked', 'Connection': 'keep-alive', 'X-Powered-By': 'Express', 'Access-Control-Allow-Origin': '*', 'Cache-Control': 'no-cache', 'ETag': 'W/"497-DQSU2YVhcLvlbnC/OQKq/Obn6hM"', 'Vary': 'Accept-Encoding', 'Content-Encoding': 'gzip', 'CF-Cache-Status': 'DYNAMIC', 'Report-To': '{"endpoints":[{"url":"https:\\/\\/a.nel.cloudflare.com\\/report\\/v4?s=sWK0BcEodbblSfB6sGfUmk3KKoz5FSsg45xbLVKTadelwxexnd%2F1t3OlOZ76UdOp3V7T6%2F4FFbefhoo8yN5arZHl984KXdFSsSV50fGBjDECmBR%2FQOHP%2Frqyh53T6E14"}],"group":"cf-nel","max_age":604800}', 'NEL': '{"success_fraction":0,"report_to":"cf-nel","max_age":604800}', 'Server': 'cloudflare', 'CF-RAY': '89fa806f6cc85a82-IAD', 'alt-svc': 'h3=":443"; ma=86400'} 
 body={"results":[{"gender":"female","name":{"title":"Mrs","first":"Peggy","last":"Hill"},"location":{"street":{"number":3128,"name":"Samaritan Dr"},"city":"Port Macquarie","state":"Victoria","country":"Australia","postcode":3195,"coordinates":{"latitude":"-81.6142","longitude":"6.2169"},"timezone":{"offset":"+3:00","description":"Baghdad, Riyadh, Moscow, St. Petersburg"}},"email":"peggy.hill@example.com","login":{"uuid":"c6895bac-c4f4-426a-9e54-0ec85d2bb2f4","username":"crazybird918","password":"frontier","salt":"s7siAPv5","md5":"d18c0bff71fd1e604151f83ee4dd75f4","sha1":"81397d32646b00a1cb5a983e3c7ad1800e5795bf","sha256":"385a7fb4887d0eeee5d60eba2981d285f4376ea94a2a3fd6faf60473fc1be628"},"dob":{"date":"1990-08-14T22:24:18.054Z","age":33},"registered":{"date":"2013-01-09T22:57:38.647Z","age":11},"phone":"08-1671-9328","cell":"0419-808-784","id":{"name":"TFN","value":"137967452"},"picture":{"large":"https://randomuser.me/api/portraits/women/31.jpg","medium":"https://randomuser.me/api/portraits/med/women/31.jpg","thumbnail":"https://randomuser.me/api/portraits/thumb/women/31.jpg"},"nat":"AU"}],"info":{"seed":"01096f896ede638f","results":1,"page":1,"version":"1.4"}} 
 </msg>
<msg time="2024-07-07T20:14:35.483680" level="INFO">/opt/hostedtoolcache/Python/3.12.4/x64/lib/python3.12/site-packages/urllib3/connectionpool.py:1099: InsecureRequestWarning: Unverified HTTPS request is being made to host 'randomuser.me'. Adding certificate verification is strongly advised. See: https://urllib3.readthedocs.io/en/latest/advanced-usage.html#tls-warnings
  warnings.warn(</msg>
<msg time="2024-07-07T20:14:35.483831" level="INFO">${response} = &lt;Response [200]&gt;</msg>
<var>${response}</var>
<arg>consultarAPI</arg>
<arg>/api</arg>
<doc>Sends a GET request on a previously created HTTP Session.</doc>
<status status="PASS" start="2024-07-07T20:14:35.239655" elapsed="0.244219"/>
</kw>
<kw name="Should Be Equal As Numbers" owner="BuiltIn">
<msg time="2024-07-07T20:14:35.484797" level="INFO">Argument types are:
&lt;class 'int'&gt;
&lt;class 'str'&gt;</msg>
<arg>${response.status_code}</arg>
<arg>200</arg>
<doc>Fails if objects are unequal after converting them to real numbers.</doc>
<status status="PASS" start="2024-07-07T20:14:35.484344" elapsed="0.000518"/>
</kw>
<kw name="Log" owner="BuiltIn">
<msg time="2024-07-07T20:14:35.485586" level="INFO">200</msg>
<arg>${response.status_code}</arg>
<doc>Logs the given message with the given level.</doc>
<status status="PASS" start="2024-07-07T20:14:35.485184" elapsed="0.000444"/>
</kw>
<kw name="Set Variable" owner="BuiltIn">
<msg time="2024-07-07T20:14:35.486412" level="INFO">${json_data} = {'results': [{'gender': 'female', 'name': {'title': 'Mrs', 'first': 'Peggy', 'last': 'Hill'}, 'location': {'street': {'number': 3128, 'name': 'Samaritan Dr'}, 'city': 'Port Macquarie', 'state': 'Victo...</msg>
<var>${json_data}</var>
<arg>${response.json()}</arg>
<doc>Returns the given values which can then be assigned to a variables.</doc>
<status status="PASS" start="2024-07-07T20:14:35.485962" elapsed="0.000484"/>
</kw>
<kw name="Dictionary Should Contain Key" owner="Collections">
<arg>${json_data}</arg>
<arg>results</arg>
<doc>Fails if ``key`` is not found from ``dictionary``.</doc>
<status status="PASS" start="2024-07-07T20:14:35.486749" elapsed="0.000170"/>
</kw>
<status status="PASS" start="2024-07-07T20:14:35.239414" elapsed="0.247654"/>
</kw>
<doc>Testa se a API responde corretamente e retorna um objeto JSON válido.</doc>
<tag>testeRequisicaoBasica</tag>
<status status="PASS" start="2024-07-07T20:14:35.238881" elapsed="0.248359"/>
</test>
<test id="s1-s1-t3" name="Validar estrutura de resposta" line="22">
<kw name="Teste de Estrutura de Resposta" owner="random-user-service">
<kw name="GET On Session" owner="RequestsLibrary">
<msg time="2024-07-07T20:14:35.576294" level="INFO">GET Request : url=https://randomuser.me/api 
 path_url=/api 
 headers={'User-Agent': 'python-requests/2.32.3', 'Accept-Encoding': 'gzip, deflate', 'Accept': '*/*', 'Connection': 'keep-alive'} 
 body=None 
 </msg>
<msg time="2024-07-07T20:14:35.576385" level="INFO">GET Response : url=https://randomuser.me/api 
 status=200, reason=OK 
 headers={'Date': 'Sun, 07 Jul 2024 20:14:35 GMT', 'Content-Type': 'application/json; charset=utf-8', 'Transfer-Encoding': 'chunked', 'Connection': 'keep-alive', 'X-Powered-By': 'Express', 'Access-Control-Allow-Origin': '*', 'Cache-Control': 'no-cache', 'ETag': 'W/"483-h17MNb3mgCe3JZnqHqiECnPF4Ss"', 'Vary': 'Accept-Encoding', 'Content-Encoding': 'gzip', 'CF-Cache-Status': 'DYNAMIC', 'Report-To': '{"endpoints":[{"url":"https:\\/\\/a.nel.cloudflare.com\\/report\\/v4?s=AFxVC%2F%2FHIvoogBwc8eQphL41ZRpNeiQeB3x%2FI%2B8e5NZFbz%2FynIqEnA5IRIihN5yWjlB%2Bmo2V8%2BBKbrlYoH5d9giA4bItyZQTZpSr%2BVp8mlmSky%2BpgTQuaADn8a8JW0VH"}],"group":"cf-nel","max_age":604800}', 'NEL': '{"success_fraction":0,"report_to":"cf-nel","max_age":604800}', 'Server': 'cloudflare', 'CF-RAY': '89fa806fdd245a82-IAD', 'alt-svc': 'h3=":443"; ma=86400'} 
 body={"results":[{"gender":"female","name":{"title":"Miss","first":"Billie","last":"Hansen"},"location":{"street":{"number":940,"name":"James St"},"city":"Mildura","state":"Tasmania","country":"Australia","postcode":7809,"coordinates":{"latitude":"-83.8982","longitude":"73.7155"},"timezone":{"offset":"+2:00","description":"Kaliningrad, South Africa"}},"email":"billie.hansen@example.com","login":{"uuid":"1538169b-d5e7-4e02-9a89-131edab7b146","username":"organiccat281","password":"lauren","salt":"w5D3aj3O","md5":"de99bdf8641a3710c87bc3d038304d3a","sha1":"8494be8a1c7a4eead7978b5fe416302fc2c85423","sha256":"6cdb5ad4a6d1f49a8df9981529eeb8bf4bd62a948b3bd1492c28284aafe8f050"},"dob":{"date":"1948-06-12T05:11:31.160Z","age":76},"registered":{"date":"2020-10-12T23:24:17.221Z","age":3},"phone":"06-7460-2334","cell":"0437-316-237","id":{"name":"TFN","value":"227473064"},"picture":{"large":"https://randomuser.me/api/portraits/women/81.jpg","medium":"https://randomuser.me/api/portraits/med/women/81.jpg","thumbnail":"https://randomuser.me/api/portraits/thumb/women/81.jpg"},"nat":"AU"}],"info":{"seed":"06f7da3d175fbb9d","results":1,"page":1,"version":"1.4"}} 
 </msg>
<msg time="2024-07-07T20:14:35.576527" level="INFO">/opt/hostedtoolcache/Python/3.12.4/x64/lib/python3.12/site-packages/urllib3/connectionpool.py:1099: InsecureRequestWarning: Unverified HTTPS request is being made to host 'randomuser.me'. Adding certificate verification is strongly advised. See: https://urllib3.readthedocs.io/en/latest/advanced-usage.html#tls-warnings
  warnings.warn(</msg>
<msg time="2024-07-07T20:14:35.576668" level="INFO">${response} = &lt;Response [200]&gt;</msg>
<var>${response}</var>
<arg>consultarAPI</arg>
<arg>/api</arg>
<doc>Sends a GET request on a previously created HTTP Session.</doc>
<status status="PASS" start="2024-07-07T20:14:35.489897" elapsed="0.086831"/>
</kw>
<kw name="Set Variable" owner="BuiltIn">
<msg time="2024-07-07T20:14:35.577847" level="INFO">${json_data} = {'results': [{'gender': 'female', 'name': {'title': 'Miss', 'first': 'Billie', 'last': 'Hansen'}, 'location': {'street': {'number': 940, 'name': 'James St'}, 'city': 'Mildura', 'state': 'Tasmania', 'c...</msg>
<var>${json_data}</var>
<arg>${response.json()}</arg>
<doc>Returns the given values which can then be assigned to a variables.</doc>
<status status="PASS" start="2024-07-07T20:14:35.577210" elapsed="0.000666"/>
</kw>
<kw name="Log" owner="BuiltIn">
<msg time="2024-07-07T20:14:35.578343" level="INFO">{'results': [{'gender': 'female', 'name': {'title': 'Miss', 'first': 'Billie', 'last': 'Hansen'}, 'location': {'street': {'number': 940, 'name': 'James St'}, 'city': 'Mildura', 'state': 'Tasmania', 'country': 'Australia', 'postcode': 7809, 'coordinates': {'latitude': '-83.8982', 'longitude': '73.7155'}, 'timezone': {'offset': '+2:00', 'description': 'Kaliningrad, South Africa'}}, 'email': 'billie.hansen@example.com', 'login': {'uuid': '1538169b-d5e7-4e02-9a89-131edab7b146', 'username': 'organiccat281', 'password': 'lauren', 'salt': 'w5D3aj3O', 'md5': 'de99bdf8641a3710c87bc3d038304d3a', 'sha1': '8494be8a1c7a4eead7978b5fe416302fc2c85423', 'sha256': '6cdb5ad4a6d1f49a8df9981529eeb8bf4bd62a948b3bd1492c28284aafe8f050'}, 'dob': {'date': '1948-06-12T05:11:31.160Z', 'age': 76}, 'registered': {'date': '2020-10-12T23:24:17.221Z', 'age': 3}, 'phone': '06-7460-2334', 'cell': '0437-316-237', 'id': {'name': 'TFN', 'value': '227473064'}, 'picture': {'large': 'https://randomuser.me/api/portraits/women/81.jpg', 'medium': 'https://randomuser.me/api/portraits/med/women/81.jpg', 'thumbnail': 'https://randomuser.me/api/portraits/thumb/women/81.jpg'}, 'nat': 'AU'}], 'info': {'seed': '06f7da3d175fbb9d', 'results': 1, 'page': 1, 'version': '1.4'}}</msg>
<arg>${json_data}</arg>
<doc>Logs the given message with the given level.</doc>
<status status="PASS" start="2024-07-07T20:14:35.578186" elapsed="0.000204"/>
</kw>
<kw name="Dictionary Should Contain Key" owner="Collections">
<arg>${json_data}</arg>
<arg>results</arg>
<doc>Fails if ``key`` is not found from ``dictionary``.</doc>
<status status="PASS" start="2024-07-07T20:14:35.578675" elapsed="0.000154"/>
</kw>
<kw name="Should Not Be Empty" owner="BuiltIn">
<msg time="2024-07-07T20:14:35.579141" level="INFO">Length is 2.</msg>
<arg>${json_data}</arg>
<doc>Verifies that the given item is not empty.</doc>
<status status="PASS" start="2024-07-07T20:14:35.579013" elapsed="0.000166"/>
</kw>
<kw name="Create List" owner="BuiltIn">
<msg time="2024-07-07T20:14:35.579764" level="INFO">${expected_keys} = ['gender', 'name', 'location', 'email', 'login']</msg>
<var>${expected_keys}</var>
<arg>gender</arg>
<arg>name</arg>
<arg>location</arg>
<arg>email</arg>
<arg>login</arg>
<doc>Returns a list containing given items.</doc>
<status status="PASS" start="2024-07-07T20:14:35.579466" elapsed="0.000323"/>
</kw>
<for flavor="IN">
<iter>
<kw name="Dictionary Should Contain Key" owner="Collections">
<arg>${json_data['results'][0]}</arg>
<arg>${key}</arg>
<doc>Fails if ``key`` is not found from ``dictionary``.</doc>
<status status="PASS" start="2024-07-07T20:14:35.580358" elapsed="0.000395"/>
</kw>
<kw name="Log" owner="BuiltIn">
<msg time="2024-07-07T20:14:35.581311" level="INFO">{'gender': 'female', 'name': {'title': 'Miss', 'first': 'Billie', 'last': 'Hansen'}, 'location': {'street': {'number': 940, 'name': 'James St'}, 'city': 'Mildura', 'state': 'Tasmania', 'country': 'Australia', 'postcode': 7809, 'coordinates': {'latitude': '-83.8982', 'longitude': '73.7155'}, 'timezone': {'offset': '+2:00', 'description': 'Kaliningrad, South Africa'}}, 'email': 'billie.hansen@example.com', 'login': {'uuid': '1538169b-d5e7-4e02-9a89-131edab7b146', 'username': 'organiccat281', 'password': 'lauren', 'salt': 'w5D3aj3O', 'md5': 'de99bdf8641a3710c87bc3d038304d3a', 'sha1': '8494be8a1c7a4eead7978b5fe416302fc2c85423', 'sha256': '6cdb5ad4a6d1f49a8df9981529eeb8bf4bd62a948b3bd1492c28284aafe8f050'}, 'dob': {'date': '1948-06-12T05:11:31.160Z', 'age': 76}, 'registered': {'date': '2020-10-12T23:24:17.221Z', 'age': 3}, 'phone': '06-7460-2334', 'cell': '0437-316-237', 'id': {'name': 'TFN', 'value': '227473064'}, 'picture': {'large': 'https://randomuser.me/api/portraits/women/81.jpg', 'medium': 'https://randomuser.me/api/portraits/med/women/81.jpg', 'thumbnail': 'https://randomuser.me/api/portraits/thumb/women/81.jpg'}, 'nat': 'AU'}</msg>
<arg>${json_data['results'][0]}</arg>
<doc>Logs the given message with the given level.</doc>
<status status="PASS" start="2024-07-07T20:14:35.580948" elapsed="0.000411"/>
</kw>
<kw name="Log" owner="BuiltIn">
<msg time="2024-07-07T20:14:35.581819" level="INFO">gender</msg>
<arg>${key}</arg>
<doc>Logs the given message with the given level.</doc>
<status status="PASS" start="2024-07-07T20:14:35.581660" elapsed="0.000200"/>
</kw>
<var name="${key}">gender</var>
<status status="PASS" start="2024-07-07T20:14:35.580234" elapsed="0.001842"/>
</iter>
<iter>
<kw name="Dictionary Should Contain Key" owner="Collections">
<arg>${json_data['results'][0]}</arg>
<arg>${key}</arg>
<doc>Fails if ``key`` is not found from ``dictionary``.</doc>
<status status="PASS" start="2024-07-07T20:14:35.582384" elapsed="0.000411"/>
</kw>
<kw name="Log" owner="BuiltIn">
<msg time="2024-07-07T20:14:35.583323" level="INFO">{'gender': 'female', 'name': {'title': 'Miss', 'first': 'Billie', 'last': 'Hansen'}, 'location': {'street': {'number': 940, 'name': 'James St'}, 'city': 'Mildura', 'state': 'Tasmania', 'country': 'Australia', 'postcode': 7809, 'coordinates': {'latitude': '-83.8982', 'longitude': '73.7155'}, 'timezone': {'offset': '+2:00', 'description': 'Kaliningrad, South Africa'}}, 'email': 'billie.hansen@example.com', 'login': {'uuid': '1538169b-d5e7-4e02-9a89-131edab7b146', 'username': 'organiccat281', 'password': 'lauren', 'salt': 'w5D3aj3O', 'md5': 'de99bdf8641a3710c87bc3d038304d3a', 'sha1': '8494be8a1c7a4eead7978b5fe416302fc2c85423', 'sha256': '6cdb5ad4a6d1f49a8df9981529eeb8bf4bd62a948b3bd1492c28284aafe8f050'}, 'dob': {'date': '1948-06-12T05:11:31.160Z', 'age': 76}, 'registered': {'date': '2020-10-12T23:24:17.221Z', 'age': 3}, 'phone': '06-7460-2334', 'cell': '0437-316-237', 'id': {'name': 'TFN', 'value': '227473064'}, 'picture': {'large': 'https://randomuser.me/api/portraits/women/81.jpg', 'medium': 'https://randomuser.me/api/portraits/med/women/81.jpg', 'thumbnail': 'https://randomuser.me/api/portraits/thumb/women/81.jpg'}, 'nat': 'AU'}</msg>
<arg>${json_data['results'][0]}</arg>
<doc>Logs the given message with the given level.</doc>
<status status="PASS" start="2024-07-07T20:14:35.582976" elapsed="0.000426"/>
</kw>
<kw name="Log" owner="BuiltIn">
<msg time="2024-07-07T20:14:35.583822" level="INFO">name</msg>
<arg>${key}</arg>
<doc>Logs the given message with the given level.</doc>
<status status="PASS" start="2024-07-07T20:14:35.583694" elapsed="0.000164"/>
</kw>
<var name="${key}">name</var>
<status status="PASS" start="2024-07-07T20:14:35.582263" elapsed="0.001808"/>
</iter>
<iter>
<kw name="Dictionary Should Contain Key" owner="Collections">
<arg>${json_data['results'][0]}</arg>
<arg>${key}</arg>
<doc>Fails if ``key`` is not found from ``dictionary``.</doc>
<status status="PASS" start="2024-07-07T20:14:35.584357" elapsed="0.000371"/>
</kw>
<kw name="Log" owner="BuiltIn">
<msg time="2024-07-07T20:14:35.585252" level="INFO">{'gender': 'female', 'name': {'title': 'Miss', 'first': 'Billie', 'last': 'Hansen'}, 'location': {'street': {'number': 940, 'name': 'James St'}, 'city': 'Mildura', 'state': 'Tasmania', 'country': 'Australia', 'postcode': 7809, 'coordinates': {'latitude': '-83.8982', 'longitude': '73.7155'}, 'timezone': {'offset': '+2:00', 'description': 'Kaliningrad, South Africa'}}, 'email': 'billie.hansen@example.com', 'login': {'uuid': '1538169b-d5e7-4e02-9a89-131edab7b146', 'username': 'organiccat281', 'password': 'lauren', 'salt': 'w5D3aj3O', 'md5': 'de99bdf8641a3710c87bc3d038304d3a', 'sha1': '8494be8a1c7a4eead7978b5fe416302fc2c85423', 'sha256': '6cdb5ad4a6d1f49a8df9981529eeb8bf4bd62a948b3bd1492c28284aafe8f050'}, 'dob': {'date': '1948-06-12T05:11:31.160Z', 'age': 76}, 'registered': {'date': '2020-10-12T23:24:17.221Z', 'age': 3}, 'phone': '06-7460-2334', 'cell': '0437-316-237', 'id': {'name': 'TFN', 'value': '227473064'}, 'picture': {'large': 'https://randomuser.me/api/portraits/women/81.jpg', 'medium': 'https://randomuser.me/api/portraits/med/women/81.jpg', 'thumbnail': 'https://randomuser.me/api/portraits/thumb/women/81.jpg'}, 'nat': 'AU'}</msg>
<arg>${json_data['results'][0]}</arg>
<doc>Logs the given message with the given level.</doc>
<status status="PASS" start="2024-07-07T20:14:35.584905" elapsed="0.000393"/>
</kw>
<kw name="Log" owner="BuiltIn">
<msg time="2024-07-07T20:14:35.585788" level="INFO">location</msg>
<arg>${key}</arg>
<doc>Logs the given message with the given level.</doc>
<status status="PASS" start="2024-07-07T20:14:35.585616" elapsed="0.000212"/>
</kw>
<var name="${key}">location</var>
<status status="PASS" start="2024-07-07T20:14:35.584244" elapsed="0.001799"/>
</iter>
<iter>
<kw name="Dictionary Should Contain Key" owner="Collections">
<arg>${json_data['results'][0]}</arg>
<arg>${key}</arg>
<doc>Fails if ``key`` is not found from ``dictionary``.</doc>
<status status="PASS" start="2024-07-07T20:14:35.586326" elapsed="0.000390"/>
</kw>
<kw name="Log" owner="BuiltIn">
<msg time="2024-07-07T20:14:35.587244" level="INFO">{'gender': 'female', 'name': {'title': 'Miss', 'first': 'Billie', 'last': 'Hansen'}, 'location': {'street': {'number': 940, 'name': 'James St'}, 'city': 'Mildura', 'state': 'Tasmania', 'country': 'Australia', 'postcode': 7809, 'coordinates': {'latitude': '-83.8982', 'longitude': '73.7155'}, 'timezone': {'offset': '+2:00', 'description': 'Kaliningrad, South Africa'}}, 'email': 'billie.hansen@example.com', 'login': {'uuid': '1538169b-d5e7-4e02-9a89-131edab7b146', 'username': 'organiccat281', 'password': 'lauren', 'salt': 'w5D3aj3O', 'md5': 'de99bdf8641a3710c87bc3d038304d3a', 'sha1': '8494be8a1c7a4eead7978b5fe416302fc2c85423', 'sha256': '6cdb5ad4a6d1f49a8df9981529eeb8bf4bd62a948b3bd1492c28284aafe8f050'}, 'dob': {'date': '1948-06-12T05:11:31.160Z', 'age': 76}, 'registered': {'date': '2020-10-12T23:24:17.221Z', 'age': 3}, 'phone': '06-7460-2334', 'cell': '0437-316-237', 'id': {'name': 'TFN', 'value': '227473064'}, 'picture': {'large': 'https://randomuser.me/api/portraits/women/81.jpg', 'medium': 'https://randomuser.me/api/portraits/med/women/81.jpg', 'thumbnail': 'https://randomuser.me/api/portraits/thumb/women/81.jpg'}, 'nat': 'AU'}</msg>
<arg>${json_data['results'][0]}</arg>
<doc>Logs the given message with the given level.</doc>
<status status="PASS" start="2024-07-07T20:14:35.586895" elapsed="0.000406"/>
</kw>
<kw name="Log" owner="BuiltIn">
<msg time="2024-07-07T20:14:35.587744" level="INFO">email</msg>
<arg>${key}</arg>
<doc>Logs the given message with the given level.</doc>
<status status="PASS" start="2024-07-07T20:14:35.587619" elapsed="0.000162"/>
</kw>
<var name="${key}">email</var>
<status status="PASS" start="2024-07-07T20:14:35.586211" elapsed="0.001785"/>
</iter>
<iter>
<kw name="Dictionary Should Contain Key" owner="Collections">
<arg>${json_data['results'][0]}</arg>
<arg>${key}</arg>
<doc>Fails if ``key`` is not found from ``dictionary``.</doc>
<status status="PASS" start="2024-07-07T20:14:35.588274" elapsed="0.000419"/>
</kw>
<kw name="Log" owner="BuiltIn">
<msg time="2024-07-07T20:14:35.589231" level="INFO">{'gender': 'female', 'name': {'title': 'Miss', 'first': 'Billie', 'last': 'Hansen'}, 'location': {'street': {'number': 940, 'name': 'James St'}, 'city': 'Mildura', 'state': 'Tasmania', 'country': 'Australia', 'postcode': 7809, 'coordinates': {'latitude': '-83.8982', 'longitude': '73.7155'}, 'timezone': {'offset': '+2:00', 'description': 'Kaliningrad, South Africa'}}, 'email': 'billie.hansen@example.com', 'login': {'uuid': '1538169b-d5e7-4e02-9a89-131edab7b146', 'username': 'organiccat281', 'password': 'lauren', 'salt': 'w5D3aj3O', 'md5': 'de99bdf8641a3710c87bc3d038304d3a', 'sha1': '8494be8a1c7a4eead7978b5fe416302fc2c85423', 'sha256': '6cdb5ad4a6d1f49a8df9981529eeb8bf4bd62a948b3bd1492c28284aafe8f050'}, 'dob': {'date': '1948-06-12T05:11:31.160Z', 'age': 76}, 'registered': {'date': '2020-10-12T23:24:17.221Z', 'age': 3}, 'phone': '06-7460-2334', 'cell': '0437-316-237', 'id': {'name': 'TFN', 'value': '227473064'}, 'picture': {'large': 'https://randomuser.me/api/portraits/women/81.jpg', 'medium': 'https://randomuser.me/api/portraits/med/women/81.jpg', 'thumbnail': 'https://randomuser.me/api/portraits/thumb/women/81.jpg'}, 'nat': 'AU'}</msg>
<arg>${json_data['results'][0]}</arg>
<doc>Logs the given message with the given level.</doc>
<status status="PASS" start="2024-07-07T20:14:35.588880" elapsed="0.000397"/>
</kw>
<kw name="Log" owner="BuiltIn">
<msg time="2024-07-07T20:14:35.589741" level="INFO">login</msg>
<arg>${key}</arg>
<doc>Logs the given message with the given level.</doc>
<status status="PASS" start="2024-07-07T20:14:35.589585" elapsed="0.000199"/>
</kw>
<var name="${key}">login</var>
<status status="PASS" start="2024-07-07T20:14:35.588162" elapsed="0.001838"/>
</iter>
<var>${key}</var>
<value>@{expected_keys}</value>
<status status="PASS" start="2024-07-07T20:14:35.580047" elapsed="0.010072"/>
</for>
<kw name="Create List" owner="BuiltIn">
<msg time="2024-07-07T20:14:35.590467" level="INFO">${expected_keysTwo} = ['username', 'password']</msg>
<var>${expected_keysTwo}</var>
<arg>username</arg>
<arg>password</arg>
<doc>Returns a list containing given items.</doc>
<status status="PASS" start="2024-07-07T20:14:35.590306" elapsed="0.000187"/>
</kw>
<for flavor="IN">
<iter>
<kw name="Dictionary Should Contain Key" owner="Collections">
<arg>${json_data['results'][0]['login']}</arg>
<arg>${keyTwo}</arg>
<doc>Fails if ``key`` is not found from ``dictionary``.</doc>
<status status="PASS" start="2024-07-07T20:14:35.591022" elapsed="0.000378"/>
</kw>
<kw name="Dictionary Should Contain Key" owner="Collections">
<arg>${json_data['results'][0]['login']}</arg>
<arg>${keyTwo}</arg>
<doc>Fails if ``key`` is not found from ``dictionary``.</doc>
<status status="PASS" start="2024-07-07T20:14:35.591606" elapsed="0.000395"/>
</kw>
<kw name="Log" owner="BuiltIn">
<msg time="2024-07-07T20:14:35.592307" level="INFO">username</msg>
<arg>${keyTwo}</arg>
<doc>Logs the given message with the given level.</doc>
<status status="PASS" start="2024-07-07T20:14:35.592187" elapsed="0.000157"/>
</kw>
<var name="${keyTwo}">username</var>
<status status="PASS" start="2024-07-07T20:14:35.590915" elapsed="0.001652"/>
</iter>
<iter>
<kw name="Dictionary Should Contain Key" owner="Collections">
<arg>${json_data['results'][0]['login']}</arg>
<arg>${keyTwo}</arg>
<doc>Fails if ``key`` is not found from ``dictionary``.</doc>
<status status="PASS" start="2024-07-07T20:14:35.592847" elapsed="0.000377"/>
</kw>
<kw name="Dictionary Should Contain Key" owner="Collections">
<arg>${json_data['results'][0]['login']}</arg>
<arg>${keyTwo}</arg>
<doc>Fails if ``key`` is not found from ``dictionary``.</doc>
<status status="PASS" start="2024-07-07T20:14:35.593399" elapsed="0.000391"/>
</kw>
<kw name="Log" owner="BuiltIn">
<msg time="2024-07-07T20:14:35.594087" level="INFO">password</msg>
<arg>${keyTwo}</arg>
<doc>Logs the given message with the given level.</doc>
<status status="PASS" start="2024-07-07T20:14:35.593970" elapsed="0.000158"/>
</kw>
<var name="${keyTwo}">password</var>
<status status="PASS" start="2024-07-07T20:14:35.592742" elapsed="0.001692"/>
</iter>
<var>${keyTwo}</var>
<value>@{expected_keysTwo}</value>
<status status="PASS" start="2024-07-07T20:14:35.590762" elapsed="0.003790"/>
</for>
<status status="PASS" start="2024-07-07T20:14:35.489638" elapsed="0.105051"/>
</kw>
<doc>Testa a estrutura da resposta da API.</doc>
<tag>testeEstruturaResposta</tag>
<status status="PASS" start="2024-07-07T20:14:35.489061" elapsed="0.105776"/>
</test>
<test id="s1-s1-t4" name="Validar tipos de dados" line="28">
<kw name="Teste de Tipos de Dados" owner="random-user-service">
<kw name="GET On Session" owner="RequestsLibrary">
<msg time="2024-07-07T20:14:35.701570" level="INFO">GET Request : url=https://randomuser.me/api 
 path_url=/api 
 headers={'User-Agent': 'python-requests/2.32.3', 'Accept-Encoding': 'gzip, deflate', 'Accept': '*/*', 'Connection': 'keep-alive'} 
 body=None 
 </msg>
<msg time="2024-07-07T20:14:35.701660" level="INFO">GET Response : url=https://randomuser.me/api 
 status=200, reason=OK 
 headers={'Date': 'Sun, 07 Jul 2024 20:14:35 GMT', 'Content-Type': 'application/json; charset=utf-8', 'Transfer-Encoding': 'chunked', 'Connection': 'keep-alive', 'X-Powered-By': 'Express', 'Access-Control-Allow-Origin': '*', 'Cache-Control': 'no-cache', 'ETag': 'W/"493-izwARDG1SIcMo7TgCwUzd4VgtMM"', 'Vary': 'Accept-Encoding', 'Content-Encoding': 'gzip', 'CF-Cache-Status': 'DYNAMIC', 'Report-To': '{"endpoints":[{"url":"https:\\/\\/a.nel.cloudflare.com\\/report\\/v4?s=YoFBEnfN4ei6Ti67O2FfZ0w8lNL66S%2FVG6mnJXJv2hDIK0KuLPEJVHhny4%2B8W5ITjRHs5K%2BOiAni0Y97Iqmc7qpet5U5QcdnLkCSnRqvGTr%2BBZLphAVbnuIMNQFBA5BC"}],"group":"cf-nel","max_age":604800}', 'NEL': '{"success_fraction":0,"report_to":"cf-nel","max_age":604800}', 'Server': 'cloudflare', 'CF-RAY': '89fa80707dd35a82-IAD', 'alt-svc': 'h3=":443"; ma=86400'} 
 body={"results":[{"gender":"male","name":{"title":"Mr","first":"Julian","last":"Howard"},"location":{"street":{"number":6166,"name":"Taylor St"},"city":"Mackay","state":"New South Wales","country":"Australia","postcode":1620,"coordinates":{"latitude":"-85.2040","longitude":"-159.7590"},"timezone":{"offset":"-4:00","description":"Atlantic Time (Canada), Caracas, La Paz"}},"email":"julian.howard@example.com","login":{"uuid":"8649c826-8054-46b1-bfc7-7bf59ca40bdc","username":"smallkoala517","password":"wg8e3wjf","salt":"FbtrATe9","md5":"547350f0bdbbda481699cc6f6668bcc7","sha1":"2b0426154310922e15c9c03c198eebcf0eb066bf","sha256":"b7c209f8f079e3c186471d81af04169b161e526f975b27ab7ef20057eddd5e3d"},"dob":{"date":"1986-10-10T17:54:48.693Z","age":37},"registered":{"date":"2021-06-10T01:23:09.866Z","age":3},"phone":"05-7620-7886","cell":"0421-801-005","id":{"name":"TFN","value":"535918221"},"picture":{"large":"https://randomuser.me/api/portraits/men/34.jpg","medium":"https://randomuser.me/api/portraits/med/men/34.jpg","thumbnail":"https://randomuser.me/api/portraits/thumb/men/34.jpg"},"nat":"AU"}],"info":{"seed":"99193e9d17d54198","results":1,"page":1,"version":"1.4"}} 
 </msg>
<msg time="2024-07-07T20:14:35.701760" level="INFO">/opt/hostedtoolcache/Python/3.12.4/x64/lib/python3.12/site-packages/urllib3/connectionpool.py:1099: InsecureRequestWarning: Unverified HTTPS request is being made to host 'randomuser.me'. Adding certificate verification is strongly advised. See: https://urllib3.readthedocs.io/en/latest/advanced-usage.html#tls-warnings
  warnings.warn(</msg>
<msg time="2024-07-07T20:14:35.701882" level="INFO">${response} = &lt;Response [200]&gt;</msg>
<var>${response}</var>
<arg>consultarAPI</arg>
<arg>/api</arg>
<doc>Sends a GET request on a previously created HTTP Session.</doc>
<status status="PASS" start="2024-07-07T20:14:35.597375" elapsed="0.104547"/>
</kw>
<kw name="Set Variable" owner="BuiltIn">
<msg time="2024-07-07T20:14:35.702984" level="INFO">${json_data} = {'results': [{'gender': 'male', 'name': {'title': 'Mr', 'first': 'Julian', 'last': 'Howard'}, 'location': {'street': {'number': 6166, 'name': 'Taylor St'}, 'city': 'Mackay', 'state': 'New South Wales'...</msg>
<var>${json_data}</var>
<arg>${response.json()}</arg>
<doc>Returns the given values which can then be assigned to a variables.</doc>
<status status="PASS" start="2024-07-07T20:14:35.702443" elapsed="0.000569"/>
</kw>
<kw name="Log" owner="BuiltIn">
<msg time="2024-07-07T20:14:35.703479" level="INFO">{'results': [{'gender': 'male', 'name': {'title': 'Mr', 'first': 'Julian', 'last': 'Howard'}, 'location': {'street': {'number': 6166, 'name': 'Taylor St'}, 'city': 'Mackay', 'state': 'New South Wales', 'country': 'Australia', 'postcode': 1620, 'coordinates': {'latitude': '-85.2040', 'longitude': '-159.7590'}, 'timezone': {'offset': '-4:00', 'description': 'Atlantic Time (Canada), Caracas, La Paz'}}, 'email': 'julian.howard@example.com', 'login': {'uuid': '8649c826-8054-46b1-bfc7-7bf59ca40bdc', 'username': 'smallkoala517', 'password': 'wg8e3wjf', 'salt': 'FbtrATe9', 'md5': '547350f0bdbbda481699cc6f6668bcc7', 'sha1': '2b0426154310922e15c9c03c198eebcf0eb066bf', 'sha256': 'b7c209f8f079e3c186471d81af04169b161e526f975b27ab7ef20057eddd5e3d'}, 'dob': {'date': '1986-10-10T17:54:48.693Z', 'age': 37}, 'registered': {'date': '2021-06-10T01:23:09.866Z', 'age': 3}, 'phone': '05-7620-7886', 'cell': '0421-801-005', 'id': {'name': 'TFN', 'value': '535918221'}, 'picture': {'large': 'https://randomuser.me/api/portraits/men/34.jpg', 'medium': 'https://randomuser.me/api/portraits/med/men/34.jpg', 'thumbnail': 'https://randomuser.me/api/portraits/thumb/men/34.jpg'}, 'nat': 'AU'}], 'info': {'seed': '99193e9d17d54198', 'results': 1, 'page': 1, 'version': '1.4'}}</msg>
<arg>${json_data}</arg>
<doc>Logs the given message with the given level.</doc>
<status status="PASS" start="2024-07-07T20:14:35.703322" elapsed="0.000204"/>
</kw>
<kw name="Should Be String" owner="String">
<arg>${json_data['results'][0]['gender']}</arg>
<doc>Fails if the given ``item`` is not a string.</doc>
<status status="PASS" start="2024-07-07T20:14:35.703815" elapsed="0.000363"/>
</kw>
<kw name="Should Match Regexp" owner="BuiltIn">
<arg>${json_data['results'][0]['email']}</arg>
<arg>^[a-zA-Z0-9._%+-]+@[a-zA-Z0-9.-]+\.[a-zA-Z]{2,}$</arg>
<doc>Fails if ``string`` does not match ``pattern`` as a regular expression.</doc>
<status status="PASS" start="2024-07-07T20:14:35.704365" elapsed="0.000515"/>
</kw>
<kw name="Should Match Regexp" owner="BuiltIn">
<arg>${json_data['results'][0]['dob']['date']}</arg>
<arg>\\d{4}-\\d{2}-\\d{2}T\\d{2}:\\d{2}:\\d{2}\\.\\d{3}Z</arg>
<doc>Fails if ``string`` does not match ``pattern`` as a regular expression.</doc>
<status status="PASS" start="2024-07-07T20:14:35.705107" elapsed="0.000481"/>
</kw>
<kw name="Should Match Regexp" owner="BuiltIn">
<arg>${json_data['results'][0]['registered']['date']}</arg>
<arg>\\d{4}-\\d{2}-\\d{2}T\\d{2}:\\d{2}:\\d{2}\\.\\d{3}Z</arg>
<doc>Fails if ``string`` does not match ``pattern`` as a regular expression.</doc>
<status status="PASS" start="2024-07-07T20:14:35.705808" elapsed="0.000369"/>
</kw>
<kw name="Should Match Regexp" owner="BuiltIn">
<arg>${json_data['results'][0]['picture']['large']}</arg>
<arg>^https?://.*\.(?:png|jpe?g|gif|bmp)$</arg>
<doc>Fails if ``string`` does not match ``pattern`` as a regular expression.</doc>
<status status="PASS" start="2024-07-07T20:14:35.706360" elapsed="0.000453"/>
</kw>
<kw name="Should Match Regexp" owner="BuiltIn">
<arg>${json_data['results'][0]['picture']['medium']}</arg>
<arg>^https?://.*\.(?:png|jpe?g|gif|bmp)$</arg>
<doc>Fails if ``string`` does not match ``pattern`` as a regular expression.</doc>
<status status="PASS" start="2024-07-07T20:14:35.706997" elapsed="0.000348"/>
</kw>
<kw name="Should Match Regexp" owner="BuiltIn">
<arg>${json_data['results'][0]['picture']['thumbnail']}</arg>
<arg>^https?://.*\.(?:png|jpe?g|gif|bmp)$</arg>
<doc>Fails if ``string`` does not match ``pattern`` as a regular expression.</doc>
<status status="PASS" start="2024-07-07T20:14:35.707526" elapsed="0.000351"/>
</kw>
<kw name="Log" owner="BuiltIn">
<msg time="2024-07-07T20:14:35.708385" level="INFO">{'large': 'https://randomuser.me/api/portraits/men/34.jpg', 'medium': 'https://randomuser.me/api/portraits/med/men/34.jpg', 'thumbnail': 'https://randomuser.me/api/portraits/thumb/men/34.jpg'}</msg>
<arg>${json_data['results'][0]['picture']}</arg>
<doc>Logs the given message with the given level.</doc>
<status status="PASS" start="2024-07-07T20:14:35.708054" elapsed="0.000374"/>
</kw>
<status status="PASS" start="2024-07-07T20:14:35.597155" elapsed="0.111529"/>
</kw>
<kw name="Teste de Tipos de Dados - Postcode" owner="random-user-service">
<kw name="GET On Session" owner="RequestsLibrary">
<msg time="2024-07-07T20:14:35.800888" level="INFO">GET Request : url=https://randomuser.me/api 
 path_url=/api 
 headers={'User-Agent': 'python-requests/2.32.3', 'Accept-Encoding': 'gzip, deflate', 'Accept': '*/*', 'Connection': 'keep-alive'} 
 body=None 
 </msg>
<msg time="2024-07-07T20:14:35.800950" level="INFO">GET Response : url=https://randomuser.me/api 
 status=200, reason=OK 
 headers={'Date': 'Sun, 07 Jul 2024 20:14:35 GMT', 'Content-Type': 'application/json; charset=utf-8', 'Transfer-Encoding': 'chunked', 'Connection': 'keep-alive', 'X-Powered-By': 'Express', 'Access-Control-Allow-Origin': '*', 'Cache-Control': 'no-cache', 'ETag': 'W/"48d-+G+Hwde5rTpjHL51uo/iq7jFJ48"', 'Vary': 'Accept-Encoding', 'Content-Encoding': 'gzip', 'CF-Cache-Status': 'DYNAMIC', 'Report-To': '{"endpoints":[{"url":"https:\\/\\/a.nel.cloudflare.com\\/report\\/v4?s=rnSCW1Xjfmm98M55cRaLKZPnrZSyNHudpKpyKaOphbU8WzZ7VhrExaw71UBLSi4RdFoLxyj6N%2Bm71Aiio8naXvYgtFtGzKvvQ0cp5%2BRQOKx5tRaPFJz1pSmCLV6dp4GL"}],"group":"cf-nel","max_age":604800}', 'NEL': '{"success_fraction":0,"report_to":"cf-nel","max_age":604800}', 'Server': 'cloudflare', 'CF-RAY': '89fa80713e995a82-IAD', 'alt-svc': 'h3=":443"; ma=86400'} 
 body={"results":[{"gender":"female","name":{"title":"Ms","first":"Sandra","last":"Acosta"},"location":{"street":{"number":9888,"name":"Cerrada Sur Valverde"},"city":"San Juan Tilapa","state":"Guanajuato","country":"Mexico","postcode":82021,"coordinates":{"latitude":"24.5127","longitude":"89.9977"},"timezone":{"offset":"-9:00","description":"Alaska"}},"email":"sandra.acosta@example.com","login":{"uuid":"e0f2f5b5-cd2a-4c28-9393-4c95c59362ee","username":"bluefish781","password":"mariposa","salt":"2kPXiI2o","md5":"6bbf825f01f8b3925718c55a9369dfc5","sha1":"c70b5ac98bdbf3159a052239db0f2f69e4fcdff1","sha256":"57c1ede2f03a5f81724df2f2595a8ba59941b2c685f435fb278aac77fd383559"},"dob":{"date":"1978-05-06T02:03:09.529Z","age":46},"registered":{"date":"2009-04-09T19:00:13.583Z","age":15},"phone":"(635) 231 9908","cell":"(621) 668 5426","id":{"name":"NSS","value":"82 58 95 1155 5"},"picture":{"large":"https://randomuser.me/api/portraits/women/76.jpg","medium":"https://randomuser.me/api/portraits/med/women/76.jpg","thumbnail":"https://randomuser.me/api/portraits/thumb/women/76.jpg"},"nat":"MX"}],"info":{"seed":"ea64b997a541450c","results":1,"page":1,"version":"1.4"}} 
 </msg>
<msg time="2024-07-07T20:14:35.801004" level="INFO">/opt/hostedtoolcache/Python/3.12.4/x64/lib/python3.12/site-packages/urllib3/connectionpool.py:1099: InsecureRequestWarning: Unverified HTTPS request is being made to host 'randomuser.me'. Adding certificate verification is strongly advised. See: https://urllib3.readthedocs.io/en/latest/advanced-usage.html#tls-warnings
  warnings.warn(</msg>
<msg time="2024-07-07T20:14:35.801101" level="INFO">${response} = &lt;Response [200]&gt;</msg>
<var>${response}</var>
<arg>consultarAPI</arg>
<arg>/api</arg>
<doc>Sends a GET request on a previously created HTTP Session.</doc>
<status status="PASS" start="2024-07-07T20:14:35.709184" elapsed="0.091955"/>
</kw>
<kw name="Set Variable" owner="BuiltIn">
<msg time="2024-07-07T20:14:35.802161" level="INFO">${json_data} = {'results': [{'gender': 'female', 'name': {'title': 'Ms', 'first': 'Sandra', 'last': 'Acosta'}, 'location': {'street': {'number': 9888, 'name': 'Cerrada Sur Valverde'}, 'city': 'San Juan Tilapa', 'sta...</msg>
<var>${json_data}</var>
<arg>${response.json()}</arg>
<doc>Returns the given values which can then be assigned to a variables.</doc>
<status status="PASS" start="2024-07-07T20:14:35.801560" elapsed="0.000629"/>
</kw>
<kw name="Log" owner="BuiltIn">
<msg time="2024-07-07T20:14:35.802643" level="INFO">{'results': [{'gender': 'female', 'name': {'title': 'Ms', 'first': 'Sandra', 'last': 'Acosta'}, 'location': {'street': {'number': 9888, 'name': 'Cerrada Sur Valverde'}, 'city': 'San Juan Tilapa', 'state': 'Guanajuato', 'country': 'Mexico', 'postcode': 82021, 'coordinates': {'latitude': '24.5127', 'longitude': '89.9977'}, 'timezone': {'offset': '-9:00', 'description': 'Alaska'}}, 'email': 'sandra.acosta@example.com', 'login': {'uuid': 'e0f2f5b5-cd2a-4c28-9393-4c95c59362ee', 'username': 'bluefish781', 'password': 'mariposa', 'salt': '2kPXiI2o', 'md5': '6bbf825f01f8b3925718c55a9369dfc5', 'sha1': 'c70b5ac98bdbf3159a052239db0f2f69e4fcdff1', 'sha256': '57c1ede2f03a5f81724df2f2595a8ba59941b2c685f435fb278aac77fd383559'}, 'dob': {'date': '1978-05-06T02:03:09.529Z', 'age': 46}, 'registered': {'date': '2009-04-09T19:00:13.583Z', 'age': 15}, 'phone': '(635) 231 9908', 'cell': '(621) 668 5426', 'id': {'name': 'NSS', 'value': '82 58 95 1155 5'}, 'picture': {'large': 'https://randomuser.me/api/portraits/women/76.jpg', 'medium': 'https://randomuser.me/api/portraits/med/women/76.jpg', 'thumbnail': 'https://randomuser.me/api/portraits/thumb/women/76.jpg'}, 'nat': 'MX'}], 'info': {'seed': 'ea64b997a541450c', 'results': 1, 'page': 1, 'version': '1.4'}}</msg>
<arg>${json_data}</arg>
<doc>Logs the given message with the given level.</doc>
<status status="PASS" start="2024-07-07T20:14:35.802493" elapsed="0.000195"/>
</kw>
<kw name="Should Be Equal As Numbers" owner="BuiltIn">
<arg>${json_data['results'][0]['location']['postcode']}</arg>
<arg>${json_data['results'][0]['location']['postcode']}</arg>
<doc>Fails if objects are unequal after converting them to real numbers.</doc>
<status status="PASS" start="2024-07-07T20:14:35.802999" elapsed="0.000615"/>
</kw>
<kw name="Log" owner="BuiltIn">
<msg time="2024-07-07T20:14:35.804267" level="INFO">82021</msg>
<arg>${json_data['results'][0]['location']['postcode']}</arg>
<doc>Logs the given message with the given level.</doc>
<status status="PASS" start="2024-07-07T20:14:35.803806" elapsed="0.000502"/>
</kw>
<status status="PASS" start="2024-07-07T20:14:35.708959" elapsed="0.095634"/>
</kw>
<doc>Testa se os tipos de dados na resposta da API estão corretos.</doc>
<tag>testeTiposDados</tag>
<status status="PASS" start="2024-07-07T20:14:35.596631" elapsed="0.208126"/>
</test>
<test id="s1-s1-t5" name="Validar conteudo" line="35">
<kw name="Teste de Tipos de Conteudo" owner="random-user-service">
<kw name="GET On Session" owner="RequestsLibrary">
<msg time="2024-07-07T20:14:35.890758" level="INFO">GET Request : url=https://randomuser.me/api 
 path_url=/api 
 headers={'User-Agent': 'python-requests/2.32.3', 'Accept-Encoding': 'gzip, deflate', 'Accept': '*/*', 'Connection': 'keep-alive'} 
 body=None 
 </msg>
<msg time="2024-07-07T20:14:35.890835" level="INFO">GET Response : url=https://randomuser.me/api 
 status=200, reason=OK 
 headers={'Date': 'Sun, 07 Jul 2024 20:14:35 GMT', 'Content-Type': 'application/json; charset=utf-8', 'Transfer-Encoding': 'chunked', 'Connection': 'keep-alive', 'X-Powered-By': 'Express', 'Access-Control-Allow-Origin': '*', 'Cache-Control': 'no-cache', 'ETag': 'W/"489-uqUvxWSo/iTLSj7jtigN4B1bplw"', 'Vary': 'Accept-Encoding', 'Content-Encoding': 'gzip', 'CF-Cache-Status': 'DYNAMIC', 'Report-To': '{"endpoints":[{"url":"https:\\/\\/a.nel.cloudflare.com\\/report\\/v4?s=Hc3KeTgFCv%2Bamf2K7YRA6QT1CRSmTMRlxiaV32lLR8gLO5yW7phnAh%2FAMYSUcOtz7hxR0YPzZ69CT%2BPgMa0z303I1PI21ooz5h47fq2RMwrApFzEl88XLm9pZvo1zPlY"}],"group":"cf-nel","max_age":604800}', 'NEL': '{"success_fraction":0,"report_to":"cf-nel","max_age":604800}', 'Server': 'cloudflare', 'CF-RAY': '89fa8071cf2c5a82-IAD', 'alt-svc': 'h3=":443"; ma=86400'} 
 body={"results":[{"gender":"male","name":{"title":"Mr","first":"Eeli","last":"Laakso"},"location":{"street":{"number":9907,"name":"Fredrikinkatu"},"city":"Nilsiä","state":"South Karelia","country":"Finland","postcode":14043,"coordinates":{"latitude":"-25.4893","longitude":"-148.0194"},"timezone":{"offset":"+7:00","description":"Bangkok, Hanoi, Jakarta"}},"email":"eeli.laakso@example.com","login":{"uuid":"26df28b0-1d7e-435a-bcce-2d2b836de7ed","username":"silverwolf247","password":"running","salt":"hZD4mvPT","md5":"d1496ea88f6d51e8b62f0f9be811db35","sha1":"e06cc169287f23a3ac61ebaf122070fb3625d8ea","sha256":"8c04c9f8a6f0e78e335c5b459d1cf3d45ca5bed47658d5b5fa44c4358105e309"},"dob":{"date":"1990-10-12T07:36:30.049Z","age":33},"registered":{"date":"2005-12-16T06:20:25.879Z","age":18},"phone":"06-148-949","cell":"048-169-63-88","id":{"name":"HETU","value":"NaNNA115undefined"},"picture":{"large":"https://randomuser.me/api/portraits/men/74.jpg","medium":"https://randomuser.me/api/portraits/med/men/74.jpg","thumbnail":"https://randomuser.me/api/portraits/thumb/men/74.jpg"},"nat":"FI"}],"info":{"seed":"0739ebe3859f118d","results":1,"page":1,"version":"1.4"}} 
 </msg>
<msg time="2024-07-07T20:14:35.890903" level="INFO">/opt/hostedtoolcache/Python/3.12.4/x64/lib/python3.12/site-packages/urllib3/connectionpool.py:1099: InsecureRequestWarning: Unverified HTTPS request is being made to host 'randomuser.me'. Adding certificate verification is strongly advised. See: https://urllib3.readthedocs.io/en/latest/advanced-usage.html#tls-warnings
  warnings.warn(</msg>
<msg time="2024-07-07T20:14:35.891011" level="INFO">${response} = &lt;Response [200]&gt;</msg>
<var>${response}</var>
<arg>consultarAPI</arg>
<arg>/api</arg>
<doc>Sends a GET request on a previously created HTTP Session.</doc>
<status status="PASS" start="2024-07-07T20:14:35.807295" elapsed="0.083767"/>
</kw>
<kw name="Set Variable" owner="BuiltIn">
<msg time="2024-07-07T20:14:35.892039" level="INFO">${json_data} = {'results': [{'gender': 'male', 'name': {'title': 'Mr', 'first': 'Eeli', 'last': 'Laakso'}, 'location': {'street': {'number': 9907, 'name': 'Fredrikinkatu'}, 'city': 'Nilsiä', 'state': 'South Karelia'...</msg>
<var>${json_data}</var>
<arg>${response.json()}</arg>
<doc>Returns the given values which can then be assigned to a variables.</doc>
<status status="PASS" start="2024-07-07T20:14:35.891491" elapsed="0.000584"/>
</kw>
<kw name="Set Variable" owner="BuiltIn">
<msg time="2024-07-07T20:14:35.892748" level="INFO">${name_title} = Mr</msg>
<var>${name_title}</var>
<arg>${json_data["results"][0]["name"]["title"]}</arg>
<doc>Returns the given values which can then be assigned to a variables.</doc>
<status status="PASS" start="2024-07-07T20:14:35.892377" elapsed="0.000396"/>
</kw>
<kw name="Create List" owner="BuiltIn">
<msg time="2024-07-07T20:14:35.893211" level="INFO">${allowed_titles} = ['Mr', 'Ms', 'Miss', 'Mrs', 'Madame', 'Monsieur']</msg>
<var>${allowed_titles}</var>
<arg>Mr</arg>
<arg>Ms</arg>
<arg>Miss</arg>
<arg>Mrs</arg>
<arg>Madame</arg>
<arg>Monsieur</arg>
<doc>Returns a list containing given items.</doc>
<status status="PASS" start="2024-07-07T20:14:35.893063" elapsed="0.000173"/>
</kw>
<kw name="List Should Contain Value" owner="Collections">
<arg>${allowed_titles}</arg>
<arg>${name_title}</arg>
<doc>Fails if the ``value`` is not found from ``list``.</doc>
<status status="PASS" start="2024-07-07T20:14:35.893534" elapsed="0.000220"/>
</kw>
<kw name="Set Variable" owner="BuiltIn">
<msg time="2024-07-07T20:14:35.894300" level="INFO">${name_country} = FI</msg>
<var>${name_country}</var>
<arg>${json_data["results"][0]["nat"]}</arg>
<doc>Returns the given values which can then be assigned to a variables.</doc>
<status status="PASS" start="2024-07-07T20:14:35.893935" elapsed="0.000389"/>
</kw>
<kw name="Create List" owner="BuiltIn">
<msg time="2024-07-07T20:14:35.895204" level="INFO">${list_country} = ['AD', 'AE', 'AF', 'AG', 'AI', 'AL', 'AM', 'AO', 'AQ', 'AR', 'AS', 'AT', 'AU', 'AW', 'AX', 'AZ', 'BA', 'BB', 'BD', 'BE', 'BF', 'BG', 'BH', 'BI', 'BJ', 'BL', 'BM', 'BN', 'BO', 'BQ', 'BR', 'BS', 'BT', '...</msg>
<var>${list_country}</var>
<arg>AD</arg>
<arg>AE</arg>
<arg>AF</arg>
<arg>AG</arg>
<arg>AI</arg>
<arg>AL</arg>
<arg>AM</arg>
<arg>AO</arg>
<arg>AQ</arg>
<arg>AR</arg>
<arg>AS</arg>
<arg>AT</arg>
<arg>AU</arg>
<arg>AW</arg>
<arg>AX</arg>
<arg>AZ</arg>
<arg>BA</arg>
<arg>BB</arg>
<arg>BD</arg>
<arg>BE</arg>
<arg>BF</arg>
<arg>BG</arg>
<arg>BH</arg>
<arg>BI</arg>
<arg>BJ</arg>
<arg>BL</arg>
<arg>BM</arg>
<arg>BN</arg>
<arg>BO</arg>
<arg>BQ</arg>
<arg>BR</arg>
<arg>BS</arg>
<arg>BT</arg>
<arg>BV</arg>
<arg>BW</arg>
<arg>BY</arg>
<arg>BZ</arg>
<arg>CA</arg>
<arg>CC</arg>
<arg>CD</arg>
<arg>CF</arg>
<arg>CG</arg>
<arg>CH</arg>
<arg>CI</arg>
<arg>CK</arg>
<arg>CL</arg>
<arg>CM</arg>
<arg>CN</arg>
<arg>CO</arg>
<arg>CR</arg>
<arg>CU</arg>
<arg>CV</arg>
<arg>CW</arg>
<arg>CX</arg>
<arg>CY</arg>
<arg>CZ</arg>
<arg>DE</arg>
<arg>DJ</arg>
<arg>DK</arg>
<arg>DM</arg>
<arg>DO</arg>
<arg>DZ</arg>
<arg>EC</arg>
<arg>EE</arg>
<arg>EG</arg>
<arg>EH</arg>
<arg>ER</arg>
<arg>ES</arg>
<arg>ET</arg>
<arg>FI</arg>
<arg>FJ</arg>
<arg>FK</arg>
<arg>FM</arg>
<arg>FO</arg>
<arg>FR</arg>
<arg>GA</arg>
<arg>GB</arg>
<arg>GD</arg>
<arg>GE</arg>
<arg>GF</arg>
<arg>GG</arg>
<arg>GH</arg>
<arg>GI</arg>
<arg>GL</arg>
<arg>GM</arg>
<arg>GN</arg>
<arg>GP</arg>
<arg>GQ</arg>
<arg>GR</arg>
<arg>GS</arg>
<arg>GT</arg>
<arg>GU</arg>
<arg>GW</arg>
<arg>GY</arg>
<arg>HK</arg>
<arg>HM</arg>
<arg>HN</arg>
<arg>HR</arg>
<arg>HT</arg>
<arg>HU</arg>
<arg>ID</arg>
<arg>IE</arg>
<arg>IL</arg>
<arg>IM</arg>
<arg>IN</arg>
<arg>IO</arg>
<arg>IQ</arg>
<arg>IR</arg>
<arg>IS</arg>
<arg>IT</arg>
<arg>JE</arg>
<arg>JM</arg>
<arg>JO</arg>
<arg>JP</arg>
<arg>KE</arg>
<arg>KG</arg>
<arg>KH</arg>
<arg>KI</arg>
<arg>KM</arg>
<arg>KN</arg>
<arg>KP</arg>
<arg>KR</arg>
<arg>KW</arg>
<arg>KY</arg>
<arg>KZ</arg>
<arg>LA</arg>
<arg>LB</arg>
<arg>LC</arg>
<arg>LI</arg>
<arg>LK</arg>
<arg>LR</arg>
<arg>LS</arg>
<arg>LT</arg>
<arg>LU</arg>
<arg>LV</arg>
<arg>LY</arg>
<arg>MA</arg>
<arg>MC</arg>
<arg>MD</arg>
<arg>ME</arg>
<arg>MF</arg>
<arg>MG</arg>
<arg>MH</arg>
<arg>MK</arg>
<arg>ML</arg>
<arg>MM</arg>
<arg>MN</arg>
<arg>MO</arg>
<arg>MP</arg>
<arg>MQ</arg>
<arg>MR</arg>
<arg>MS</arg>
<arg>MT</arg>
<arg>MU</arg>
<arg>MV</arg>
<arg>MW</arg>
<arg>MX</arg>
<arg>MY</arg>
<arg>MZ</arg>
<arg>NA</arg>
<arg>NC</arg>
<arg>NE</arg>
<arg>NF</arg>
<arg>NG</arg>
<arg>NI</arg>
<arg>NL</arg>
<arg>NO</arg>
<arg>NP</arg>
<arg>NR</arg>
<arg>NU</arg>
<arg>NZ</arg>
<arg>OM</arg>
<arg>PA</arg>
<arg>PE</arg>
<arg>PF</arg>
<arg>PG</arg>
<arg>PH</arg>
<arg>PK</arg>
<arg>PL</arg>
<arg>PM</arg>
<arg>PN</arg>
<arg>PR</arg>
<arg>PS</arg>
<arg>PT</arg>
<arg>PW</arg>
<arg>PY</arg>
<arg>QA</arg>
<arg>RE</arg>
<arg>RO</arg>
<arg>RS</arg>
<arg>RU</arg>
<arg>RW</arg>
<arg>SA</arg>
<arg>SB</arg>
<arg>SC</arg>
<arg>SD</arg>
<arg>SE</arg>
<arg>SG</arg>
<arg>SH</arg>
<arg>SI</arg>
<arg>SJ</arg>
<arg>SK</arg>
<arg>SL</arg>
<arg>SM</arg>
<arg>SN</arg>
<arg>SO</arg>
<arg>SR</arg>
<arg>SS</arg>
<arg>ST</arg>
<arg>SV</arg>
<arg>SX</arg>
<arg>SY</arg>
<arg>SZ</arg>
<arg>TC</arg>
<arg>TD</arg>
<arg>TF</arg>
<arg>TG</arg>
<arg>TH</arg>
<arg>TJ</arg>
<arg>TK</arg>
<arg>TL</arg>
<arg>TM</arg>
<arg>TN</arg>
<arg>TO</arg>
<arg>TR</arg>
<arg>TT</arg>
<arg>TV</arg>
<arg>TW</arg>
<arg>TZ</arg>
<arg>UA</arg>
<arg>UG</arg>
<arg>UM</arg>
<arg>US</arg>
<arg>UY</arg>
<arg>UZ</arg>
<arg>VA</arg>
<arg>VC</arg>
<arg>VE</arg>
<arg>VG</arg>
<arg>VI</arg>
<arg>VN</arg>
<arg>VU</arg>
<arg>WF</arg>
<arg>WS</arg>
<arg>XK</arg>
<arg>YE</arg>
<arg>YT</arg>
<arg>ZA</arg>
<arg>ZM</arg>
<arg>ZW</arg>
<doc>Returns a list containing given items.</doc>
<status status="PASS" start="2024-07-07T20:14:35.894615" elapsed="0.000614"/>
</kw>
<kw name="List Should Contain Value" owner="Collections">
<arg>${list_country}</arg>
<arg>${name_country}</arg>
<doc>Fails if the ``value`` is not found from ``list``.</doc>
<status status="PASS" start="2024-07-07T20:14:35.896011" elapsed="0.000200"/>
</kw>
<kw name="Run Keyword If" owner="BuiltIn">
<kw name="Should Be True" owner="BuiltIn">
<arg>${True}</arg>
<doc>Fails if the given condition is not true.</doc>
<status status="PASS" start="2024-07-07T20:14:35.897142" elapsed="0.000138"/>
</kw>
<arg>${json_data["results"][0]["location"]["coordinates"]["latitude"]} &gt;= -90 and ${json_data["results"][0]["location"]["coordinates"]["latitude"]} &lt;= 90</arg>
<arg>Should Be True</arg>
<arg>${True}</arg>
<doc>Runs the given keyword with the given arguments, if ``condition`` is true.</doc>
<status status="PASS" start="2024-07-07T20:14:35.896404" elapsed="0.001000"/>
</kw>
<kw name="Run Keyword If" owner="BuiltIn">
<kw name="Should Be True" owner="BuiltIn">
<arg>${True}</arg>
<doc>Fails if the given condition is not true.</doc>
<status status="PASS" start="2024-07-07T20:14:35.898309" elapsed="0.000230"/>
</kw>
<arg>${json_data["results"][0]["location"]["coordinates"]["longitude"]} &gt;= -180 and ${json_data["results"][0]["location"]["coordinates"]["longitude"]} &lt;= 180</arg>
<arg>Should Be True</arg>
<arg>${True}</arg>
<doc>Runs the given keyword with the given arguments, if ``condition`` is true.</doc>
<status status="PASS" start="2024-07-07T20:14:35.897582" elapsed="0.001086"/>
</kw>
<status status="PASS" start="2024-07-07T20:14:35.807085" elapsed="0.091710"/>
</kw>
<doc>Testa o conteúdo específico dos campos retornados pela API.</doc>
<tag>testeConteudo</tag>
<status status="PASS" start="2024-07-07T20:14:35.806592" elapsed="0.092343"/>
</test>
<status status="PASS" start="2024-07-07T20:14:34.870654" elapsed="1.030230"/>
</suite>
<status status="PASS" start="2024-07-07T20:14:34.856434" elapsed="1.049477"/>
</suite>
<statistics>
<total>
<stat pass="5" fail="0" skip="0">All Tests</stat>
</total>
<tag>
<stat pass="1" fail="0" skip="0">testeConteudo</stat>
<stat pass="1" fail="0" skip="0">testeEstruturaResposta</stat>
<stat pass="1" fail="0" skip="0">testeRequisicaoBasica</stat>
<stat pass="1" fail="0" skip="0">testeTiposDados</stat>
</tag>
<suite>
<stat pass="5" fail="0" skip="0" id="s1" name="Tests">Tests</stat>
<stat pass="5" fail="0" skip="0" id="s1-s1" name="Random-User-Test">Tests.Random-User-Test</stat>
</suite>
</statistics>
<errors>
</errors>
</robot>
