<?xml version="1.0" encoding="UTF-8"?>
<robot generator="Robot 7.0 (Python 3.12.3 on linux)" generated="2024-04-25T08:18:59.179338" rpa="false" schemaversion="5">
<suite id="s1" name="Tests" source="/home/runner/work/DesafioQAItauRogerioJordao/DesafioQAItauRogerioJordao/RamdonUser/tests">
<suite id="s1-s1" name="Random-User-Test" source="/home/runner/work/DesafioQAItauRogerioJordao/DesafioQAItauRogerioJordao/RamdonUser/tests/random-user-test.robot">
<test id="s1-s1-t1" name="Conectar" line="13">
<kw name="Conectar API" owner="random-user-service">
<kw name="Create Session" owner="RequestsLibrary">
<msg time="2024-04-25T08:18:59.545070" level="INFO">Creating Session using : alias=consultarAPI, url=https://randomuser.me/, headers={},                     cookies={}, auth=None, timeout=None, proxies=None, verify=False,                     debug=0 </msg>
<arg>consultarAPI</arg>
<arg>${URL}</arg>
<doc>Create Session: create a HTTP session to a server</doc>
<status status="PASS" start="2024-04-25T08:18:59.544869" elapsed="0.000382"/>
</kw>
<status status="PASS" start="2024-04-25T08:18:59.543893" elapsed="0.001740"/>
</kw>
<status status="PASS" start="2024-04-25T08:18:59.543272" elapsed="0.002558"/>
</test>
<test id="s1-s1-t2" name="Validar retorno 200 e JSON Válido" line="16">
<kw name="Teste de Requisicao Basica" owner="random-user-service">
<kw name="GET On Session" owner="RequestsLibrary">
<msg time="2024-04-25T08:18:59.629663" level="INFO">GET Request : url=https://randomuser.me/api 
 path_url=/api 
 headers={'User-Agent': 'python-requests/2.31.0', 'Accept-Encoding': 'gzip, deflate', 'Accept': '*/*', 'Connection': 'keep-alive'} 
 body=None 
 </msg>
<msg time="2024-04-25T08:18:59.629805" level="INFO">GET Response : url=https://randomuser.me/api 
 status=200, reason=OK 
 headers={'Date': 'Thu, 25 Apr 2024 08:18:59 GMT', 'Content-Type': 'application/json; charset=utf-8', 'Transfer-Encoding': 'chunked', 'Connection': 'keep-alive', 'X-Powered-By': 'Express', 'Access-Control-Allow-Origin': '*', 'Cache-Control': 'no-cache', 'ETag': 'W/"4a3-eT02fjANGU2yDsxurvBeNZmE2lY"', 'Vary': 'Accept-Encoding', 'Content-Encoding': 'gzip', 'CF-Cache-Status': 'DYNAMIC', 'Report-To': '{"endpoints":[{"url":"https:\\/\\/a.nel.cloudflare.com\\/report\\/v4?s=Xn1ebw7982bNDlvlnb23759l%2FgTT40w5%2Fp6%2Fwe1GviXmJPX8c8jT7%2BrypEz8vHaM81%2F7BQRlghH%2BZqhRHc70W5oIQWPyBRfi1LUlqVUZPgbSwmp8hiabCAp%2B24bFQ43y"}],"group":"cf-nel","max_age":604800}', 'NEL': '{"success_fraction":0,"report_to":"cf-nel","max_age":604800}', 'Server': 'cloudflare', 'CF-RAY': '879ce7d2680b61b4-ORD', 'alt-svc': 'h3=":443"; ma=86400'} 
 body={"results":[{"gender":"male","name":{"title":"Mr","first":"Johan","last":"Meunier"},"location":{"street":{"number":3938,"name":"Avenue de la République"},"city":"Villeurbanne","state":"Haute-Garonne","country":"France","postcode":56989,"coordinates":{"latitude":"-18.5637","longitude":"-51.9519"},"timezone":{"offset":"-1:00","description":"Azores, Cape Verde Islands"}},"email":"johan.meunier@example.com","login":{"uuid":"6a660f68-a1af-41d5-bcb7-b412f781cfb7","username":"silverkoala725","password":"shania","salt":"OfO7f3vS","md5":"28e247c9729ae0b59567d75916fba8c7","sha1":"8b8118acebca96362b958bffadea2ed0eb1a72cd","sha256":"14b672c0361263c27d7a4ad0cfdd8a8079ba991d73769095b8aefa37abc5aaed"},"dob":{"date":"1959-10-21T19:21:44.213Z","age":64},"registered":{"date":"2003-09-15T03:08:07.043Z","age":20},"phone":"05-45-07-97-40","cell":"06-20-03-38-75","id":{"name":"INSEE","value":"1590975099400 53"},"picture":{"large":"https://randomuser.me/api/portraits/men/15.jpg","medium":"https://randomuser.me/api/portraits/med/men/15.jpg","thumbnail":"https://randomuser.me/api/portraits/thumb/men/15.jpg"},"nat":"FR"}],"info":{"seed":"58d70a16e59039a2","results":1,"page":1,"version":"1.4"}} 
 </msg>
<msg time="2024-04-25T08:18:59.629899" level="INFO">/opt/hostedtoolcache/Python/3.12.3/x64/lib/python3.12/site-packages/urllib3/connectionpool.py:1103: InsecureRequestWarning: Unverified HTTPS request is being made to host 'randomuser.me'. Adding certificate verification is strongly advised. See: https://urllib3.readthedocs.io/en/latest/advanced-usage.html#tls-warnings
  warnings.warn(</msg>
<msg time="2024-04-25T08:18:59.630059" level="INFO">${response} = &lt;Response [200]&gt;</msg>
<var>${response}</var>
<arg>consultarAPI</arg>
<arg>/api</arg>
<doc>Sends a GET request on a previously created HTTP Session.</doc>
<status status="PASS" start="2024-04-25T08:18:59.548641" elapsed="0.081452"/>
</kw>
<kw name="Should Be Equal As Numbers" owner="BuiltIn">
<msg time="2024-04-25T08:18:59.630960" level="INFO">Argument types are:
&lt;class 'int'&gt;
&lt;class 'str'&gt;</msg>
<arg>${response.status_code}</arg>
<arg>200</arg>
<doc>Fails if objects are unequal after converting them to real numbers.</doc>
<status status="PASS" start="2024-04-25T08:18:59.630508" elapsed="0.000518"/>
</kw>
<kw name="Log" owner="BuiltIn">
<msg time="2024-04-25T08:18:59.631721" level="INFO">200</msg>
<arg>${response.status_code}</arg>
<doc>Logs the given message with the given level.</doc>
<status status="PASS" start="2024-04-25T08:18:59.631369" elapsed="0.000395"/>
</kw>
<kw name="Set Variable" owner="BuiltIn">
<msg time="2024-04-25T08:18:59.632525" level="INFO">${json_data} = {'results': [{'gender': 'male', 'name': {'title': 'Mr', 'first': 'Johan', 'last': 'Meunier'}, 'location': {'street': {'number': 3938, 'name': 'Avenue de la République'}, 'city': 'Villeurbanne', 'state...</msg>
<var>${json_data}</var>
<arg>${response.json()}</arg>
<doc>Returns the given values which can then be assigned to a variables.</doc>
<status status="PASS" start="2024-04-25T08:18:59.632071" elapsed="0.000484"/>
</kw>
<kw name="Dictionary Should Contain Key" owner="Collections">
<msg time="2024-04-25T08:18:59.633032" level="INFO">False</msg>
<arg>${json_data}</arg>
<arg>results</arg>
<doc>Fails if ``key`` is not found from ``dictionary``.</doc>
<status status="PASS" start="2024-04-25T08:18:59.632860" elapsed="0.000213"/>
</kw>
<status status="PASS" start="2024-04-25T08:18:59.548379" elapsed="0.084965"/>
</kw>
<doc>Testa se a API responde corretamente e retorna um objeto JSON válido.</doc>
<tag>testeRequisicaoBasica</tag>
<status status="PASS" start="2024-04-25T08:18:59.547838" elapsed="0.085679"/>
</test>
<test id="s1-s1-t3" name="Validar estrutura de resposta" line="22">
<kw name="Teste de Estrutura de Resposta" owner="random-user-service">
<kw name="GET On Session" owner="RequestsLibrary">
<msg time="2024-04-25T08:18:59.728648" level="INFO">GET Request : url=https://randomuser.me/api 
 path_url=/api 
 headers={'User-Agent': 'python-requests/2.31.0', 'Accept-Encoding': 'gzip, deflate', 'Accept': '*/*', 'Connection': 'keep-alive'} 
 body=None 
 </msg>
<msg time="2024-04-25T08:18:59.728719" level="INFO">GET Response : url=https://randomuser.me/api 
 status=200, reason=OK 
 headers={'Date': 'Thu, 25 Apr 2024 08:18:59 GMT', 'Content-Type': 'application/json; charset=utf-8', 'Transfer-Encoding': 'chunked', 'Connection': 'keep-alive', 'X-Powered-By': 'Express', 'Access-Control-Allow-Origin': '*', 'Cache-Control': 'no-cache', 'ETag': 'W/"48e-gqNJQuQU7yY1XTy6hzYPwsPv31A"', 'Vary': 'Accept-Encoding', 'Content-Encoding': 'gzip', 'CF-Cache-Status': 'DYNAMIC', 'Report-To': '{"endpoints":[{"url":"https:\\/\\/a.nel.cloudflare.com\\/report\\/v4?s=cncsQCPHKxLFKY72zYglG7FNNLKTWL3%2FBXk7gwU727%2BR0jdyAFf3b15lgAN1HdTrF1OlHU2cQdrRHJu3KTN2ZqKMQaUtYHl61gSidh9ebzWGjvWLLb7MDMoaMlJ%2BGTXt"}],"group":"cf-nel","max_age":604800}', 'NEL': '{"success_fraction":0,"report_to":"cf-nel","max_age":604800}', 'Server': 'cloudflare', 'CF-RAY': '879ce7d2b85a61b4-ORD', 'alt-svc': 'h3=":443"; ma=86400'} 
 body={"results":[{"gender":"female","name":{"title":"Miss","first":"Kübra","last":"Kurutluoğlu"},"location":{"street":{"number":1444,"name":"Talak Göktepe Cd"},"city":"Denizli","state":"Kahramanmaraş","country":"Turkey","postcode":52093,"coordinates":{"latitude":"69.1568","longitude":"121.9272"},"timezone":{"offset":"+6:00","description":"Almaty, Dhaka, Colombo"}},"email":"kubra.kurutluoglu@example.com","login":{"uuid":"894c2439-7e37-429d-9a67-277d7d4a20a5","username":"heavydog523","password":"goku","salt":"5oDiK2fO","md5":"b35a2b43b38eb897045e6429b4794748","sha1":"3ec87153b0f832d48ef1018157178c0be59d0c99","sha256":"c9f4252d1789a0e0c1cbce4ef5afd79288decdc4ee6556cd53c75c08581af2b2"},"dob":{"date":"1970-09-14T03:29:42.872Z","age":53},"registered":{"date":"2018-10-22T02:06:05.324Z","age":5},"phone":"(826)-106-3148","cell":"(549)-676-0035","id":{"name":"","value":null},"picture":{"large":"https://randomuser.me/api/portraits/women/42.jpg","medium":"https://randomuser.me/api/portraits/med/women/42.jpg","thumbnail":"https://randomuser.me/api/portraits/thumb/women/42.jpg"},"nat":"TR"}],"info":{"seed":"f25c1b8dc4c740ac","results":1,"page":1,"version":"1.4"}} 
 </msg>
<msg time="2024-04-25T08:18:59.728820" level="INFO">/opt/hostedtoolcache/Python/3.12.3/x64/lib/python3.12/site-packages/urllib3/connectionpool.py:1103: InsecureRequestWarning: Unverified HTTPS request is being made to host 'randomuser.me'. Adding certificate verification is strongly advised. See: https://urllib3.readthedocs.io/en/latest/advanced-usage.html#tls-warnings
  warnings.warn(</msg>
<msg time="2024-04-25T08:18:59.728939" level="INFO">${response} = &lt;Response [200]&gt;</msg>
<var>${response}</var>
<arg>consultarAPI</arg>
<arg>/api</arg>
<doc>Sends a GET request on a previously created HTTP Session.</doc>
<status status="PASS" start="2024-04-25T08:18:59.636121" elapsed="0.092861"/>
</kw>
<kw name="Set Variable" owner="BuiltIn">
<msg time="2024-04-25T08:18:59.729865" level="INFO">${json_data} = {'results': [{'gender': 'female', 'name': {'title': 'Miss', 'first': 'Kübra', 'last': 'Kurutluoğlu'}, 'location': {'street': {'number': 1444, 'name': 'Talak Göktepe Cd'}, 'city': 'Denizli', 'state': '...</msg>
<var>${json_data}</var>
<arg>${response.json()}</arg>
<doc>Returns the given values which can then be assigned to a variables.</doc>
<status status="PASS" start="2024-04-25T08:18:59.729387" elapsed="0.000509"/>
</kw>
<kw name="Log" owner="BuiltIn">
<msg time="2024-04-25T08:18:59.730368" level="INFO">{'results': [{'gender': 'female', 'name': {'title': 'Miss', 'first': 'Kübra', 'last': 'Kurutluoğlu'}, 'location': {'street': {'number': 1444, 'name': 'Talak Göktepe Cd'}, 'city': 'Denizli', 'state': 'Kahramanmaraş', 'country': 'Turkey', 'postcode': 52093, 'coordinates': {'latitude': '69.1568', 'longitude': '121.9272'}, 'timezone': {'offset': '+6:00', 'description': 'Almaty, Dhaka, Colombo'}}, 'email': 'kubra.kurutluoglu@example.com', 'login': {'uuid': '894c2439-7e37-429d-9a67-277d7d4a20a5', 'username': 'heavydog523', 'password': 'goku', 'salt': '5oDiK2fO', 'md5': 'b35a2b43b38eb897045e6429b4794748', 'sha1': '3ec87153b0f832d48ef1018157178c0be59d0c99', 'sha256': 'c9f4252d1789a0e0c1cbce4ef5afd79288decdc4ee6556cd53c75c08581af2b2'}, 'dob': {'date': '1970-09-14T03:29:42.872Z', 'age': 53}, 'registered': {'date': '2018-10-22T02:06:05.324Z', 'age': 5}, 'phone': '(826)-106-3148', 'cell': '(549)-676-0035', 'id': {'name': '', 'value': None}, 'picture': {'large': 'https://randomuser.me/api/portraits/women/42.jpg', 'medium': 'https://randomuser.me/api/portraits/med/women/42.jpg', 'thumbnail': 'https://randomuser.me/api/portraits/thumb/women/42.jpg'}, 'nat': 'TR'}], 'info': {'seed': 'f25c1b8dc4c740ac', 'results': 1, 'page': 1, 'version': '1.4'}}</msg>
<arg>${json_data}</arg>
<doc>Logs the given message with the given level.</doc>
<status status="PASS" start="2024-04-25T08:18:59.730205" elapsed="0.000215"/>
</kw>
<kw name="Dictionary Should Contain Key" owner="Collections">
<msg time="2024-04-25T08:18:59.730904" level="INFO">False</msg>
<arg>${json_data}</arg>
<arg>results</arg>
<doc>Fails if ``key`` is not found from ``dictionary``.</doc>
<status status="PASS" start="2024-04-25T08:18:59.730716" elapsed="0.000228"/>
</kw>
<kw name="Should Not Be Empty" owner="BuiltIn">
<msg time="2024-04-25T08:18:59.731380" level="INFO">Length is 2.</msg>
<arg>${json_data}</arg>
<doc>Verifies that the given item is not empty.</doc>
<status status="PASS" start="2024-04-25T08:18:59.731243" elapsed="0.000312"/>
</kw>
<kw name="Create List" owner="BuiltIn">
<msg time="2024-04-25T08:18:59.732011" level="INFO">${expected_keys} = ['gender', 'name', 'location', 'email', 'login']</msg>
<var>${expected_keys}</var>
<arg>gender</arg>
<arg>name</arg>
<arg>location</arg>
<arg>email</arg>
<arg>login</arg>
<doc>Returns a list containing given items.</doc>
<status status="PASS" start="2024-04-25T08:18:59.731854" elapsed="0.000182"/>
</kw>
<for flavor="IN">
<iter>
<kw name="Dictionary Should Contain Key" owner="Collections">
<msg time="2024-04-25T08:18:59.733025" level="INFO">False</msg>
<arg>${json_data['results'][0]}</arg>
<arg>${key}</arg>
<doc>Fails if ``key`` is not found from ``dictionary``.</doc>
<status status="PASS" start="2024-04-25T08:18:59.732616" elapsed="0.000448"/>
</kw>
<kw name="Log" owner="BuiltIn">
<msg time="2024-04-25T08:18:59.733747" level="INFO">{'gender': 'female', 'name': {'title': 'Miss', 'first': 'Kübra', 'last': 'Kurutluoğlu'}, 'location': {'street': {'number': 1444, 'name': 'Talak Göktepe Cd'}, 'city': 'Denizli', 'state': 'Kahramanmaraş', 'country': 'Turkey', 'postcode': 52093, 'coordinates': {'latitude': '69.1568', 'longitude': '121.9272'}, 'timezone': {'offset': '+6:00', 'description': 'Almaty, Dhaka, Colombo'}}, 'email': 'kubra.kurutluoglu@example.com', 'login': {'uuid': '894c2439-7e37-429d-9a67-277d7d4a20a5', 'username': 'heavydog523', 'password': 'goku', 'salt': '5oDiK2fO', 'md5': 'b35a2b43b38eb897045e6429b4794748', 'sha1': '3ec87153b0f832d48ef1018157178c0be59d0c99', 'sha256': 'c9f4252d1789a0e0c1cbce4ef5afd79288decdc4ee6556cd53c75c08581af2b2'}, 'dob': {'date': '1970-09-14T03:29:42.872Z', 'age': 53}, 'registered': {'date': '2018-10-22T02:06:05.324Z', 'age': 5}, 'phone': '(826)-106-3148', 'cell': '(549)-676-0035', 'id': {'name': '', 'value': None}, 'picture': {'large': 'https://randomuser.me/api/portraits/women/42.jpg', 'medium': 'https://randomuser.me/api/portraits/med/women/42.jpg', 'thumbnail': 'https://randomuser.me/api/portraits/thumb/women/42.jpg'}, 'nat': 'TR'}</msg>
<arg>${json_data['results'][0]}</arg>
<doc>Logs the given message with the given level.</doc>
<status status="PASS" start="2024-04-25T08:18:59.733369" elapsed="0.000430"/>
</kw>
<kw name="Log" owner="BuiltIn">
<msg time="2024-04-25T08:18:59.734228" level="INFO">gender</msg>
<arg>${key}</arg>
<doc>Logs the given message with the given level.</doc>
<status status="PASS" start="2024-04-25T08:18:59.734097" elapsed="0.000169"/>
</kw>
<var name="${key}">gender</var>
<status status="PASS" start="2024-04-25T08:18:59.732481" elapsed="0.002003"/>
</iter>
<iter>
<kw name="Dictionary Should Contain Key" owner="Collections">
<msg time="2024-04-25T08:18:59.735210" level="INFO">False</msg>
<arg>${json_data['results'][0]}</arg>
<arg>${key}</arg>
<doc>Fails if ``key`` is not found from ``dictionary``.</doc>
<status status="PASS" start="2024-04-25T08:18:59.734788" elapsed="0.000461"/>
</kw>
<kw name="Log" owner="BuiltIn">
<msg time="2024-04-25T08:18:59.735973" level="INFO">{'gender': 'female', 'name': {'title': 'Miss', 'first': 'Kübra', 'last': 'Kurutluoğlu'}, 'location': {'street': {'number': 1444, 'name': 'Talak Göktepe Cd'}, 'city': 'Denizli', 'state': 'Kahramanmaraş', 'country': 'Turkey', 'postcode': 52093, 'coordinates': {'latitude': '69.1568', 'longitude': '121.9272'}, 'timezone': {'offset': '+6:00', 'description': 'Almaty, Dhaka, Colombo'}}, 'email': 'kubra.kurutluoglu@example.com', 'login': {'uuid': '894c2439-7e37-429d-9a67-277d7d4a20a5', 'username': 'heavydog523', 'password': 'goku', 'salt': '5oDiK2fO', 'md5': 'b35a2b43b38eb897045e6429b4794748', 'sha1': '3ec87153b0f832d48ef1018157178c0be59d0c99', 'sha256': 'c9f4252d1789a0e0c1cbce4ef5afd79288decdc4ee6556cd53c75c08581af2b2'}, 'dob': {'date': '1970-09-14T03:29:42.872Z', 'age': 53}, 'registered': {'date': '2018-10-22T02:06:05.324Z', 'age': 5}, 'phone': '(826)-106-3148', 'cell': '(549)-676-0035', 'id': {'name': '', 'value': None}, 'picture': {'large': 'https://randomuser.me/api/portraits/women/42.jpg', 'medium': 'https://randomuser.me/api/portraits/med/women/42.jpg', 'thumbnail': 'https://randomuser.me/api/portraits/thumb/women/42.jpg'}, 'nat': 'TR'}</msg>
<arg>${json_data['results'][0]}</arg>
<doc>Logs the given message with the given level.</doc>
<status status="PASS" start="2024-04-25T08:18:59.735582" elapsed="0.000442"/>
</kw>
<kw name="Log" owner="BuiltIn">
<msg time="2024-04-25T08:18:59.736457" level="INFO">name</msg>
<arg>${key}</arg>
<doc>Logs the given message with the given level.</doc>
<status status="PASS" start="2024-04-25T08:18:59.736326" elapsed="0.000169"/>
</kw>
<var name="${key}">name</var>
<status status="PASS" start="2024-04-25T08:18:59.734674" elapsed="0.002039"/>
</iter>
<iter>
<kw name="Dictionary Should Contain Key" owner="Collections">
<msg time="2024-04-25T08:18:59.737401" level="INFO">False</msg>
<arg>${json_data['results'][0]}</arg>
<arg>${key}</arg>
<doc>Fails if ``key`` is not found from ``dictionary``.</doc>
<status status="PASS" start="2024-04-25T08:18:59.737008" elapsed="0.000431"/>
</kw>
<kw name="Log" owner="BuiltIn">
<msg time="2024-04-25T08:18:59.738113" level="INFO">{'gender': 'female', 'name': {'title': 'Miss', 'first': 'Kübra', 'last': 'Kurutluoğlu'}, 'location': {'street': {'number': 1444, 'name': 'Talak Göktepe Cd'}, 'city': 'Denizli', 'state': 'Kahramanmaraş', 'country': 'Turkey', 'postcode': 52093, 'coordinates': {'latitude': '69.1568', 'longitude': '121.9272'}, 'timezone': {'offset': '+6:00', 'description': 'Almaty, Dhaka, Colombo'}}, 'email': 'kubra.kurutluoglu@example.com', 'login': {'uuid': '894c2439-7e37-429d-9a67-277d7d4a20a5', 'username': 'heavydog523', 'password': 'goku', 'salt': '5oDiK2fO', 'md5': 'b35a2b43b38eb897045e6429b4794748', 'sha1': '3ec87153b0f832d48ef1018157178c0be59d0c99', 'sha256': 'c9f4252d1789a0e0c1cbce4ef5afd79288decdc4ee6556cd53c75c08581af2b2'}, 'dob': {'date': '1970-09-14T03:29:42.872Z', 'age': 53}, 'registered': {'date': '2018-10-22T02:06:05.324Z', 'age': 5}, 'phone': '(826)-106-3148', 'cell': '(549)-676-0035', 'id': {'name': '', 'value': None}, 'picture': {'large': 'https://randomuser.me/api/portraits/women/42.jpg', 'medium': 'https://randomuser.me/api/portraits/med/women/42.jpg', 'thumbnail': 'https://randomuser.me/api/portraits/thumb/women/42.jpg'}, 'nat': 'TR'}</msg>
<arg>${json_data['results'][0]}</arg>
<doc>Logs the given message with the given level.</doc>
<status status="PASS" start="2024-04-25T08:18:59.737744" elapsed="0.000419"/>
</kw>
<kw name="Log" owner="BuiltIn">
<msg time="2024-04-25T08:18:59.738592" level="INFO">location</msg>
<arg>${key}</arg>
<doc>Logs the given message with the given level.</doc>
<status status="PASS" start="2024-04-25T08:18:59.738463" elapsed="0.000168"/>
</kw>
<var name="${key}">location</var>
<status status="PASS" start="2024-04-25T08:18:59.736894" elapsed="0.001988"/>
</iter>
<iter>
<kw name="Dictionary Should Contain Key" owner="Collections">
<msg time="2024-04-25T08:18:59.739576" level="INFO">False</msg>
<arg>${json_data['results'][0]}</arg>
<arg>${key}</arg>
<doc>Fails if ``key`` is not found from ``dictionary``.</doc>
<status status="PASS" start="2024-04-25T08:18:59.739184" elapsed="0.000430"/>
</kw>
<kw name="Log" owner="BuiltIn">
<msg time="2024-04-25T08:18:59.740282" level="INFO">{'gender': 'female', 'name': {'title': 'Miss', 'first': 'Kübra', 'last': 'Kurutluoğlu'}, 'location': {'street': {'number': 1444, 'name': 'Talak Göktepe Cd'}, 'city': 'Denizli', 'state': 'Kahramanmaraş', 'country': 'Turkey', 'postcode': 52093, 'coordinates': {'latitude': '69.1568', 'longitude': '121.9272'}, 'timezone': {'offset': '+6:00', 'description': 'Almaty, Dhaka, Colombo'}}, 'email': 'kubra.kurutluoglu@example.com', 'login': {'uuid': '894c2439-7e37-429d-9a67-277d7d4a20a5', 'username': 'heavydog523', 'password': 'goku', 'salt': '5oDiK2fO', 'md5': 'b35a2b43b38eb897045e6429b4794748', 'sha1': '3ec87153b0f832d48ef1018157178c0be59d0c99', 'sha256': 'c9f4252d1789a0e0c1cbce4ef5afd79288decdc4ee6556cd53c75c08581af2b2'}, 'dob': {'date': '1970-09-14T03:29:42.872Z', 'age': 53}, 'registered': {'date': '2018-10-22T02:06:05.324Z', 'age': 5}, 'phone': '(826)-106-3148', 'cell': '(549)-676-0035', 'id': {'name': '', 'value': None}, 'picture': {'large': 'https://randomuser.me/api/portraits/women/42.jpg', 'medium': 'https://randomuser.me/api/portraits/med/women/42.jpg', 'thumbnail': 'https://randomuser.me/api/portraits/thumb/women/42.jpg'}, 'nat': 'TR'}</msg>
<arg>${json_data['results'][0]}</arg>
<doc>Logs the given message with the given level.</doc>
<status status="PASS" start="2024-04-25T08:18:59.739913" elapsed="0.000421"/>
</kw>
<kw name="Log" owner="BuiltIn">
<msg time="2024-04-25T08:18:59.740764" level="INFO">email</msg>
<arg>${key}</arg>
<doc>Logs the given message with the given level.</doc>
<status status="PASS" start="2024-04-25T08:18:59.740635" elapsed="0.000167"/>
</kw>
<var name="${key}">email</var>
<status status="PASS" start="2024-04-25T08:18:59.739069" elapsed="0.001949"/>
</iter>
<iter>
<kw name="Dictionary Should Contain Key" owner="Collections">
<msg time="2024-04-25T08:18:59.741695" level="INFO">False</msg>
<arg>${json_data['results'][0]}</arg>
<arg>${key}</arg>
<doc>Fails if ``key`` is not found from ``dictionary``.</doc>
<status status="PASS" start="2024-04-25T08:18:59.741304" elapsed="0.000429"/>
</kw>
<kw name="Log" owner="BuiltIn">
<msg time="2024-04-25T08:18:59.742403" level="INFO">{'gender': 'female', 'name': {'title': 'Miss', 'first': 'Kübra', 'last': 'Kurutluoğlu'}, 'location': {'street': {'number': 1444, 'name': 'Talak Göktepe Cd'}, 'city': 'Denizli', 'state': 'Kahramanmaraş', 'country': 'Turkey', 'postcode': 52093, 'coordinates': {'latitude': '69.1568', 'longitude': '121.9272'}, 'timezone': {'offset': '+6:00', 'description': 'Almaty, Dhaka, Colombo'}}, 'email': 'kubra.kurutluoglu@example.com', 'login': {'uuid': '894c2439-7e37-429d-9a67-277d7d4a20a5', 'username': 'heavydog523', 'password': 'goku', 'salt': '5oDiK2fO', 'md5': 'b35a2b43b38eb897045e6429b4794748', 'sha1': '3ec87153b0f832d48ef1018157178c0be59d0c99', 'sha256': 'c9f4252d1789a0e0c1cbce4ef5afd79288decdc4ee6556cd53c75c08581af2b2'}, 'dob': {'date': '1970-09-14T03:29:42.872Z', 'age': 53}, 'registered': {'date': '2018-10-22T02:06:05.324Z', 'age': 5}, 'phone': '(826)-106-3148', 'cell': '(549)-676-0035', 'id': {'name': '', 'value': None}, 'picture': {'large': 'https://randomuser.me/api/portraits/women/42.jpg', 'medium': 'https://randomuser.me/api/portraits/med/women/42.jpg', 'thumbnail': 'https://randomuser.me/api/portraits/thumb/women/42.jpg'}, 'nat': 'TR'}</msg>
<arg>${json_data['results'][0]}</arg>
<doc>Logs the given message with the given level.</doc>
<status status="PASS" start="2024-04-25T08:18:59.742028" elapsed="0.000427"/>
</kw>
<kw name="Log" owner="BuiltIn">
<msg time="2024-04-25T08:18:59.742919" level="INFO">login</msg>
<arg>${key}</arg>
<doc>Logs the given message with the given level.</doc>
<status status="PASS" start="2024-04-25T08:18:59.742765" elapsed="0.000194"/>
</kw>
<var name="${key}">login</var>
<status status="PASS" start="2024-04-25T08:18:59.741192" elapsed="0.002013"/>
</iter>
<var>${key}</var>
<value>@{expected_keys}</value>
<status status="PASS" start="2024-04-25T08:18:59.732293" elapsed="0.011040"/>
</for>
<kw name="Create List" owner="BuiltIn">
<msg time="2024-04-25T08:18:59.743667" level="INFO">${expected_keysTwo} = ['username', 'password']</msg>
<var>${expected_keysTwo}</var>
<arg>username</arg>
<arg>password</arg>
<doc>Returns a list containing given items.</doc>
<status status="PASS" start="2024-04-25T08:18:59.743526" elapsed="0.000165"/>
</kw>
<for flavor="IN">
<iter>
<kw name="Dictionary Should Contain Key" owner="Collections">
<msg time="2024-04-25T08:18:59.744594" level="INFO">False</msg>
<arg>${json_data['results'][0]['login']}</arg>
<arg>${keyTwo}</arg>
<doc>Fails if ``key`` is not found from ``dictionary``.</doc>
<status status="PASS" start="2024-04-25T08:18:59.744196" elapsed="0.000437"/>
</kw>
<kw name="Dictionary Should Contain Key" owner="Collections">
<msg time="2024-04-25T08:18:59.745326" level="INFO">False</msg>
<arg>${json_data['results'][0]['login']}</arg>
<arg>${keyTwo}</arg>
<doc>Fails if ``key`` is not found from ``dictionary``.</doc>
<status status="PASS" start="2024-04-25T08:18:59.744929" elapsed="0.000435"/>
</kw>
<kw name="Log" owner="BuiltIn">
<msg time="2024-04-25T08:18:59.745788" level="INFO">username</msg>
<arg>${keyTwo}</arg>
<doc>Logs the given message with the given level.</doc>
<status status="PASS" start="2024-04-25T08:18:59.745659" elapsed="0.000174"/>
</kw>
<var name="${keyTwo}">username</var>
<status status="PASS" start="2024-04-25T08:18:59.744083" elapsed="0.001966"/>
</iter>
<iter>
<kw name="Dictionary Should Contain Key" owner="Collections">
<msg time="2024-04-25T08:18:59.746815" level="INFO">False</msg>
<arg>${json_data['results'][0]['login']}</arg>
<arg>${keyTwo}</arg>
<doc>Fails if ``key`` is not found from ``dictionary``.</doc>
<status status="PASS" start="2024-04-25T08:18:59.746336" elapsed="0.000559"/>
</kw>
<kw name="Dictionary Should Contain Key" owner="Collections">
<msg time="2024-04-25T08:18:59.747596" level="INFO">False</msg>
<arg>${json_data['results'][0]['login']}</arg>
<arg>${keyTwo}</arg>
<doc>Fails if ``key`` is not found from ``dictionary``.</doc>
<status status="PASS" start="2024-04-25T08:18:59.747207" elapsed="0.000428"/>
</kw>
<kw name="Log" owner="BuiltIn">
<msg time="2024-04-25T08:18:59.748068" level="INFO">password</msg>
<arg>${keyTwo}</arg>
<doc>Logs the given message with the given level.</doc>
<status status="PASS" start="2024-04-25T08:18:59.747936" elapsed="0.000171"/>
</kw>
<var name="${keyTwo}">password</var>
<status status="PASS" start="2024-04-25T08:18:59.746225" elapsed="0.002101"/>
</iter>
<var>${keyTwo}</var>
<value>@{expected_keysTwo}</value>
<status status="PASS" start="2024-04-25T08:18:59.743929" elapsed="0.004520"/>
</for>
<status status="PASS" start="2024-04-25T08:18:59.635885" elapsed="0.112704"/>
</kw>
<doc>Testa a estrutura da resposta da API.</doc>
<tag>testeEstruturaResposta</tag>
<status status="PASS" start="2024-04-25T08:18:59.635393" elapsed="0.113348"/>
</test>
<test id="s1-s1-t4" name="Validar tipos de dados" line="28">
<kw name="Teste de Tipos de Dados" owner="random-user-service">
<kw name="GET On Session" owner="RequestsLibrary">
<msg time="2024-04-25T08:18:59.831936" level="INFO">GET Request : url=https://randomuser.me/api 
 path_url=/api 
 headers={'User-Agent': 'python-requests/2.31.0', 'Accept-Encoding': 'gzip, deflate', 'Accept': '*/*', 'Connection': 'keep-alive'} 
 body=None 
 </msg>
<msg time="2024-04-25T08:18:59.832015" level="INFO">GET Response : url=https://randomuser.me/api 
 status=200, reason=OK 
 headers={'Date': 'Thu, 25 Apr 2024 08:18:59 GMT', 'Content-Type': 'application/json; charset=utf-8', 'Transfer-Encoding': 'chunked', 'Connection': 'keep-alive', 'X-Powered-By': 'Express', 'Access-Control-Allow-Origin': '*', 'Cache-Control': 'no-cache', 'ETag': 'W/"48f-GRt68Yh9nAuRNd5l+LovPOKCeHw"', 'Vary': 'Accept-Encoding', 'Content-Encoding': 'gzip', 'CF-Cache-Status': 'DYNAMIC', 'Report-To': '{"endpoints":[{"url":"https:\\/\\/a.nel.cloudflare.com\\/report\\/v4?s=ccJXEq4tJNfbdBBiAh6xEO3jIHjhI%2BQY4mHRtJ5lJo%2F%2FIdU17A2jL3QEB9q3FAVWX1%2Fp%2B1zxBjL9vwJSYhxMXqPlVBDraYpUUY87siF5t7eRRPvxbImF1GKR7ks05tQk"}],"group":"cf-nel","max_age":604800}', 'NEL': '{"success_fraction":0,"report_to":"cf-nel","max_age":604800}', 'Server': 'cloudflare', 'CF-RAY': '879ce7d378c261b4-ORD', 'alt-svc': 'h3=":443"; ma=86400'} 
 body={"results":[{"gender":"male","name":{"title":"Monsieur","first":"Olivier","last":"Martinez"},"location":{"street":{"number":2664,"name":"Route de Genas"},"city":"Bünzen","state":"Bern","country":"Switzerland","postcode":1328,"coordinates":{"latitude":"-59.8067","longitude":"-158.1406"},"timezone":{"offset":"+9:30","description":"Adelaide, Darwin"}},"email":"olivier.martinez@example.com","login":{"uuid":"bae4523f-644e-49de-b129-c73b0ada0e52","username":"blackmeercat803","password":"barry1","salt":"Asr6L27R","md5":"29dda7f187b24f04d48a6375f9facdd5","sha1":"f3c7951944b09452a36560ddad04e55becb740ad","sha256":"64d85dcdd299f6c70139ac842d6e80d382ace7d9fd27a89952d0438fceb514b4"},"dob":{"date":"1972-02-09T01:38:50.219Z","age":52},"registered":{"date":"2006-06-25T18:28:52.657Z","age":17},"phone":"078 860 93 18","cell":"077 742 65 28","id":{"name":"AVS","value":"756.5678.0616.38"},"picture":{"large":"https://randomuser.me/api/portraits/men/73.jpg","medium":"https://randomuser.me/api/portraits/med/men/73.jpg","thumbnail":"https://randomuser.me/api/portraits/thumb/men/73.jpg"},"nat":"CH"}],"info":{"seed":"e5e4a1f8ec03cdef","results":1,"page":1,"version":"1.4"}} 
 </msg>
<msg time="2024-04-25T08:18:59.832088" level="INFO">/opt/hostedtoolcache/Python/3.12.3/x64/lib/python3.12/site-packages/urllib3/connectionpool.py:1103: InsecureRequestWarning: Unverified HTTPS request is being made to host 'randomuser.me'. Adding certificate verification is strongly advised. See: https://urllib3.readthedocs.io/en/latest/advanced-usage.html#tls-warnings
  warnings.warn(</msg>
<msg time="2024-04-25T08:18:59.832215" level="INFO">${response} = &lt;Response [200]&gt;</msg>
<var>${response}</var>
<arg>consultarAPI</arg>
<arg>/api</arg>
<doc>Sends a GET request on a previously created HTTP Session.</doc>
<status status="PASS" start="2024-04-25T08:18:59.751317" elapsed="0.080949"/>
</kw>
<kw name="Set Variable" owner="BuiltIn">
<msg time="2024-04-25T08:18:59.833364" level="INFO">${json_data} = {'results': [{'gender': 'male', 'name': {'title': 'Monsieur', 'first': 'Olivier', 'last': 'Martinez'}, 'location': {'street': {'number': 2664, 'name': 'Route de Genas'}, 'city': 'Bünzen', 'state': 'Be...</msg>
<var>${json_data}</var>
<arg>${response.json()}</arg>
<doc>Returns the given values which can then be assigned to a variables.</doc>
<status status="PASS" start="2024-04-25T08:18:59.832633" elapsed="0.000770"/>
</kw>
<kw name="Log" owner="BuiltIn">
<msg time="2024-04-25T08:18:59.834098" level="INFO">{'results': [{'gender': 'male', 'name': {'title': 'Monsieur', 'first': 'Olivier', 'last': 'Martinez'}, 'location': {'street': {'number': 2664, 'name': 'Route de Genas'}, 'city': 'Bünzen', 'state': 'Bern', 'country': 'Switzerland', 'postcode': 1328, 'coordinates': {'latitude': '-59.8067', 'longitude': '-158.1406'}, 'timezone': {'offset': '+9:30', 'description': 'Adelaide, Darwin'}}, 'email': 'olivier.martinez@example.com', 'login': {'uuid': 'bae4523f-644e-49de-b129-c73b0ada0e52', 'username': 'blackmeercat803', 'password': 'barry1', 'salt': 'Asr6L27R', 'md5': '29dda7f187b24f04d48a6375f9facdd5', 'sha1': 'f3c7951944b09452a36560ddad04e55becb740ad', 'sha256': '64d85dcdd299f6c70139ac842d6e80d382ace7d9fd27a89952d0438fceb514b4'}, 'dob': {'date': '1972-02-09T01:38:50.219Z', 'age': 52}, 'registered': {'date': '2006-06-25T18:28:52.657Z', 'age': 17}, 'phone': '078 860 93 18', 'cell': '077 742 65 28', 'id': {'name': 'AVS', 'value': '756.5678.0616.38'}, 'picture': {'large': 'https://randomuser.me/api/portraits/men/73.jpg', 'medium': 'https://randomuser.me/api/portraits/med/men/73.jpg', 'thumbnail': 'https://randomuser.me/api/portraits/thumb/men/73.jpg'}, 'nat': 'CH'}], 'info': {'seed': 'e5e4a1f8ec03cdef', 'results': 1, 'page': 1, 'version': '1.4'}}</msg>
<arg>${json_data}</arg>
<doc>Logs the given message with the given level.</doc>
<status status="PASS" start="2024-04-25T08:18:59.833868" elapsed="0.000332"/>
</kw>
<kw name="Should Be String" owner="String">
<arg>${json_data['results'][0]['gender']}</arg>
<doc>Fails if the given ``item`` is not a string.</doc>
<status status="PASS" start="2024-04-25T08:18:59.834715" elapsed="0.000536"/>
</kw>
<kw name="Should Match Regexp" owner="BuiltIn">
<arg>${json_data['results'][0]['email']}</arg>
<arg>^[a-zA-Z0-9._%+-]+@[a-zA-Z0-9.-]+\.[a-zA-Z]{2,}$</arg>
<doc>Fails if ``string`` does not match ``pattern`` as a regular expression.</doc>
<status status="PASS" start="2024-04-25T08:18:59.835447" elapsed="0.000520"/>
</kw>
<kw name="Should Match Regexp" owner="BuiltIn">
<arg>${json_data['results'][0]['dob']['date']}</arg>
<arg>\\d{4}-\\d{2}-\\d{2}T\\d{2}:\\d{2}:\\d{2}\\.\\d{3}Z</arg>
<doc>Fails if ``string`` does not match ``pattern`` as a regular expression.</doc>
<status status="PASS" start="2024-04-25T08:18:59.836163" elapsed="0.000485"/>
</kw>
<kw name="Should Match Regexp" owner="BuiltIn">
<arg>${json_data['results'][0]['registered']['date']}</arg>
<arg>\\d{4}-\\d{2}-\\d{2}T\\d{2}:\\d{2}:\\d{2}\\.\\d{3}Z</arg>
<doc>Fails if ``string`` does not match ``pattern`` as a regular expression.</doc>
<status status="PASS" start="2024-04-25T08:18:59.836840" elapsed="0.000370"/>
</kw>
<kw name="Should Match Regexp" owner="BuiltIn">
<arg>${json_data['results'][0]['picture']['large']}</arg>
<arg>^https?://.*\.(?:png|jpe?g|gif|bmp)$</arg>
<doc>Fails if ``string`` does not match ``pattern`` as a regular expression.</doc>
<status status="PASS" start="2024-04-25T08:18:59.837397" elapsed="0.000464"/>
</kw>
<kw name="Should Match Regexp" owner="BuiltIn">
<arg>${json_data['results'][0]['picture']['medium']}</arg>
<arg>^https?://.*\.(?:png|jpe?g|gif|bmp)$</arg>
<doc>Fails if ``string`` does not match ``pattern`` as a regular expression.</doc>
<status status="PASS" start="2024-04-25T08:18:59.838056" elapsed="0.000361"/>
</kw>
<kw name="Should Match Regexp" owner="BuiltIn">
<arg>${json_data['results'][0]['picture']['thumbnail']}</arg>
<arg>^https?://.*\.(?:png|jpe?g|gif|bmp)$</arg>
<doc>Fails if ``string`` does not match ``pattern`` as a regular expression.</doc>
<status status="PASS" start="2024-04-25T08:18:59.838605" elapsed="0.000375"/>
</kw>
<kw name="Log" owner="BuiltIn">
<msg time="2024-04-25T08:18:59.839491" level="INFO">{'large': 'https://randomuser.me/api/portraits/men/73.jpg', 'medium': 'https://randomuser.me/api/portraits/med/men/73.jpg', 'thumbnail': 'https://randomuser.me/api/portraits/thumb/men/73.jpg'}</msg>
<arg>${json_data['results'][0]['picture']}</arg>
<doc>Logs the given message with the given level.</doc>
<status status="PASS" start="2024-04-25T08:18:59.839164" elapsed="0.000370"/>
</kw>
<status status="PASS" start="2024-04-25T08:18:59.751089" elapsed="0.088703"/>
</kw>
<kw name="Teste de Tipos de Dados - Postcode" owner="random-user-service">
<kw name="GET On Session" owner="RequestsLibrary">
<msg time="2024-04-25T08:18:59.937437" level="INFO">GET Request : url=https://randomuser.me/api 
 path_url=/api 
 headers={'User-Agent': 'python-requests/2.31.0', 'Accept-Encoding': 'gzip, deflate', 'Accept': '*/*', 'Connection': 'keep-alive'} 
 body=None 
 </msg>
<msg time="2024-04-25T08:18:59.937521" level="INFO">GET Response : url=https://randomuser.me/api 
 status=200, reason=OK 
 headers={'Date': 'Thu, 25 Apr 2024 08:18:59 GMT', 'Content-Type': 'application/json; charset=utf-8', 'Transfer-Encoding': 'chunked', 'Connection': 'keep-alive', 'X-Powered-By': 'Express', 'Access-Control-Allow-Origin': '*', 'Cache-Control': 'no-cache', 'ETag': 'W/"494-x2WtoEUhJh/k4z/Pi2JWHXXmv1U"', 'Vary': 'Accept-Encoding', 'Content-Encoding': 'gzip', 'CF-Cache-Status': 'DYNAMIC', 'Report-To': '{"endpoints":[{"url":"https:\\/\\/a.nel.cloudflare.com\\/report\\/v4?s=Es8ni86PdYEItm9bh9cFQy%2BoGxuZ9IJSKPlf5El8R4RpABGsJrbBEOQKn2dmpTXcERNqttvtgzl34ZoSvXLX%2BYx00P1EApDoma8aKQhxdlaasLuIFaj5uRade4B38iEp"}],"group":"cf-nel","max_age":604800}', 'NEL': '{"success_fraction":0,"report_to":"cf-nel","max_age":604800}', 'Server': 'cloudflare', 'CF-RAY': '879ce7d4093c61b4-ORD', 'alt-svc': 'h3=":443"; ma=86400'} 
 body={"results":[{"gender":"male","name":{"title":"Mr","first":"Stanimir","last":"Karpinec"},"location":{"street":{"number":8235,"name":"Danilivska"},"city":"Gorodenka","state":"Kirovogradska","country":"Ukraine","postcode":18806,"coordinates":{"latitude":"77.2669","longitude":"-23.5294"},"timezone":{"offset":"-5:00","description":"Eastern Time (US &amp; Canada), Bogota, Lima"}},"email":"stanimir.karpinec@example.com","login":{"uuid":"d63d4371-8bf3-4122-8e50-8f93e2776cf8","username":"greenbear564","password":"travis1","salt":"FU7ngjkr","md5":"203c98fc7d516cadca3fadd03eb82ad5","sha1":"bdec191f7bafec03245033f429eb7a640c719dbb","sha256":"96815719d128f53a9f4a744cc95d3873ad4eba7456230ac686117d361d4bfa23"},"dob":{"date":"1999-01-06T18:01:00.169Z","age":25},"registered":{"date":"2013-08-24T08:52:18.045Z","age":10},"phone":"(099) E44-3795","cell":"(068) M31-3043","id":{"name":"","value":null},"picture":{"large":"https://randomuser.me/api/portraits/men/20.jpg","medium":"https://randomuser.me/api/portraits/med/men/20.jpg","thumbnail":"https://randomuser.me/api/portraits/thumb/men/20.jpg"},"nat":"UA"}],"info":{"seed":"33e5c1a9c4da8895","results":1,"page":1,"version":"1.4"}} 
 </msg>
<msg time="2024-04-25T08:18:59.937591" level="INFO">/opt/hostedtoolcache/Python/3.12.3/x64/lib/python3.12/site-packages/urllib3/connectionpool.py:1103: InsecureRequestWarning: Unverified HTTPS request is being made to host 'randomuser.me'. Adding certificate verification is strongly advised. See: https://urllib3.readthedocs.io/en/latest/advanced-usage.html#tls-warnings
  warnings.warn(</msg>
<msg time="2024-04-25T08:18:59.937705" level="INFO">${response} = &lt;Response [200]&gt;</msg>
<var>${response}</var>
<arg>consultarAPI</arg>
<arg>/api</arg>
<doc>Sends a GET request on a previously created HTTP Session.</doc>
<status status="PASS" start="2024-04-25T08:18:59.840243" elapsed="0.097501"/>
</kw>
<kw name="Set Variable" owner="BuiltIn">
<msg time="2024-04-25T08:18:59.938604" level="INFO">${json_data} = {'results': [{'gender': 'male', 'name': {'title': 'Mr', 'first': 'Stanimir', 'last': 'Karpinec'}, 'location': {'street': {'number': 8235, 'name': 'Danilivska'}, 'city': 'Gorodenka', 'state': 'Kirovogr...</msg>
<var>${json_data}</var>
<arg>${response.json()}</arg>
<doc>Returns the given values which can then be assigned to a variables.</doc>
<status status="PASS" start="2024-04-25T08:18:59.938136" elapsed="0.000496"/>
</kw>
<kw name="Log" owner="BuiltIn">
<msg time="2024-04-25T08:18:59.939139" level="INFO">{'results': [{'gender': 'male', 'name': {'title': 'Mr', 'first': 'Stanimir', 'last': 'Karpinec'}, 'location': {'street': {'number': 8235, 'name': 'Danilivska'}, 'city': 'Gorodenka', 'state': 'Kirovogradska', 'country': 'Ukraine', 'postcode': 18806, 'coordinates': {'latitude': '77.2669', 'longitude': '-23.5294'}, 'timezone': {'offset': '-5:00', 'description': 'Eastern Time (US &amp; Canada), Bogota, Lima'}}, 'email': 'stanimir.karpinec@example.com', 'login': {'uuid': 'd63d4371-8bf3-4122-8e50-8f93e2776cf8', 'username': 'greenbear564', 'password': 'travis1', 'salt': 'FU7ngjkr', 'md5': '203c98fc7d516cadca3fadd03eb82ad5', 'sha1': 'bdec191f7bafec03245033f429eb7a640c719dbb', 'sha256': '96815719d128f53a9f4a744cc95d3873ad4eba7456230ac686117d361d4bfa23'}, 'dob': {'date': '1999-01-06T18:01:00.169Z', 'age': 25}, 'registered': {'date': '2013-08-24T08:52:18.045Z', 'age': 10}, 'phone': '(099) E44-3795', 'cell': '(068) M31-3043', 'id': {'name': '', 'value': None}, 'picture': {'large': 'https://randomuser.me/api/portraits/men/20.jpg', 'medium': 'https://randomuser.me/api/portraits/med/men/20.jpg', 'thumbnail': 'https://randomuser.me/api/portraits/thumb/men/20.jpg'}, 'nat': 'UA'}], 'info': {'seed': '33e5c1a9c4da8895', 'results': 1, 'page': 1, 'version': '1.4'}}</msg>
<arg>${json_data}</arg>
<doc>Logs the given message with the given level.</doc>
<status status="PASS" start="2024-04-25T08:18:59.938978" elapsed="0.000245"/>
</kw>
<kw name="Should Be Equal As Numbers" owner="BuiltIn">
<arg>${json_data['results'][0]['location']['postcode']}</arg>
<arg>${json_data['results'][0]['location']['postcode']}</arg>
<doc>Fails if objects are unequal after converting them to real numbers.</doc>
<status status="PASS" start="2024-04-25T08:18:59.939692" elapsed="0.000635"/>
</kw>
<kw name="Log" owner="BuiltIn">
<msg time="2024-04-25T08:18:59.940867" level="INFO">18806</msg>
<arg>${json_data['results'][0]['location']['postcode']}</arg>
<doc>Logs the given message with the given level.</doc>
<status status="PASS" start="2024-04-25T08:18:59.940526" elapsed="0.000383"/>
</kw>
<status status="PASS" start="2024-04-25T08:18:59.840013" elapsed="0.101148"/>
</kw>
<doc>Testa se os tipos de dados na resposta da API estão corretos.</doc>
<tag>testeTiposDados</tag>
<status status="PASS" start="2024-04-25T08:18:59.750510" elapsed="0.190815"/>
</test>
<test id="s1-s1-t5" name="Validar conteudo" line="35">
<kw name="Teste de Tipos de Conteudo" owner="random-user-service">
<kw name="GET On Session" owner="RequestsLibrary">
<msg time="2024-04-25T08:19:00.030384" level="INFO">GET Request : url=https://randomuser.me/api 
 path_url=/api 
 headers={'User-Agent': 'python-requests/2.31.0', 'Accept-Encoding': 'gzip, deflate', 'Accept': '*/*', 'Connection': 'keep-alive'} 
 body=None 
 </msg>
<msg time="2024-04-25T08:19:00.030478" level="INFO">GET Response : url=https://randomuser.me/api 
 status=200, reason=OK 
 headers={'Date': 'Thu, 25 Apr 2024 08:19:00 GMT', 'Content-Type': 'application/json; charset=utf-8', 'Transfer-Encoding': 'chunked', 'Connection': 'keep-alive', 'X-Powered-By': 'Express', 'Access-Control-Allow-Origin': '*', 'Cache-Control': 'no-cache', 'ETag': 'W/"490-51jv0gRf7m5P57EPqlelCXzidLc"', 'Vary': 'Accept-Encoding', 'Content-Encoding': 'gzip', 'CF-Cache-Status': 'DYNAMIC', 'Report-To': '{"endpoints":[{"url":"https:\\/\\/a.nel.cloudflare.com\\/report\\/v4?s=K02q%2F6MII%2BnTRhz3%2B0zJdAnGBQZFKP9nBsqkyDTG3dNs8WWlR42dPZVP0nbtD0NXeILXP%2B80e%2FMY4bTFxKLA60U6ut2S1eJzcnySApyuj73yOHjLx0Kfp20JaWHGNDXX"}],"group":"cf-nel","max_age":604800}', 'NEL': '{"success_fraction":0,"report_to":"cf-nel","max_age":604800}', 'Server': 'cloudflare', 'CF-RAY': '879ce7d4a9d861b4-ORD', 'alt-svc': 'h3=":443"; ma=86400'} 
 body={"results":[{"gender":"female","name":{"title":"Mrs","first":"Fouzia","last":"Wiedijk"},"location":{"street":{"number":2274,"name":"E Ludenstraat"},"city":"Lewedorp","state":"Drenthe","country":"Netherlands","postcode":"3225 KI","coordinates":{"latitude":"35.1424","longitude":"121.4098"},"timezone":{"offset":"-7:00","description":"Mountain Time (US &amp; Canada)"}},"email":"fouzia.wiedijk@example.com","login":{"uuid":"4fa23770-187c-48fa-a001-f53cb2c503cb","username":"bigzebra423","password":"0101","salt":"HBUG0Pyb","md5":"f8b19357939fda12db2fea02797ff0eb","sha1":"b112b7eb8c0801599de4870f9283f6be5ec7a18b","sha256":"bc3a3cabff89834dcf0725a440d6e7ae3f02e7662b9c3ac09ad79908cf9c7442"},"dob":{"date":"1957-04-28T17:19:59.107Z","age":66},"registered":{"date":"2017-08-29T22:05:34.878Z","age":6},"phone":"(0905) 673699","cell":"(06) 49099319","id":{"name":"BSN","value":"09423664"},"picture":{"large":"https://randomuser.me/api/portraits/women/69.jpg","medium":"https://randomuser.me/api/portraits/med/women/69.jpg","thumbnail":"https://randomuser.me/api/portraits/thumb/women/69.jpg"},"nat":"NL"}],"info":{"seed":"1387d85c500be131","results":1,"page":1,"version":"1.4"}} 
 </msg>
<msg time="2024-04-25T08:19:00.030557" level="INFO">/opt/hostedtoolcache/Python/3.12.3/x64/lib/python3.12/site-packages/urllib3/connectionpool.py:1103: InsecureRequestWarning: Unverified HTTPS request is being made to host 'randomuser.me'. Adding certificate verification is strongly advised. See: https://urllib3.readthedocs.io/en/latest/advanced-usage.html#tls-warnings
  warnings.warn(</msg>
<msg time="2024-04-25T08:19:00.030701" level="INFO">${response} = &lt;Response [200]&gt;</msg>
<var>${response}</var>
<arg>consultarAPI</arg>
<arg>/api</arg>
<doc>Sends a GET request on a previously created HTTP Session.</doc>
<status status="PASS" start="2024-04-25T08:18:59.943791" elapsed="0.086954"/>
</kw>
<kw name="Set Variable" owner="BuiltIn">
<msg time="2024-04-25T08:19:00.031679" level="INFO">${json_data} = {'results': [{'gender': 'female', 'name': {'title': 'Mrs', 'first': 'Fouzia', 'last': 'Wiedijk'}, 'location': {'street': {'number': 2274, 'name': 'E Ludenstraat'}, 'city': 'Lewedorp', 'state': 'Drenth...</msg>
<var>${json_data}</var>
<arg>${response.json()}</arg>
<doc>Returns the given values which can then be assigned to a variables.</doc>
<status status="PASS" start="2024-04-25T08:19:00.031197" elapsed="0.000511"/>
</kw>
<kw name="Set Variable" owner="BuiltIn">
<msg time="2024-04-25T08:19:00.032399" level="INFO">${name_title} = Mrs</msg>
<var>${name_title}</var>
<arg>${json_data["results"][0]["name"]["title"]}</arg>
<doc>Returns the given values which can then be assigned to a variables.</doc>
<status status="PASS" start="2024-04-25T08:19:00.032014" elapsed="0.000411"/>
</kw>
<kw name="Create List" owner="BuiltIn">
<msg time="2024-04-25T08:19:00.032884" level="INFO">${allowed_titles} = ['Mr', 'Ms', 'Miss', 'Mrs', 'Madame', 'Monsieur']</msg>
<var>${allowed_titles}</var>
<arg>Mr</arg>
<arg>Ms</arg>
<arg>Miss</arg>
<arg>Mrs</arg>
<arg>Madame</arg>
<arg>Monsieur</arg>
<doc>Returns a list containing given items.</doc>
<status status="PASS" start="2024-04-25T08:19:00.032734" elapsed="0.000174"/>
</kw>
<kw name="List Should Contain Value" owner="Collections">
<msg time="2024-04-25T08:19:00.033382" level="INFO">False</msg>
<arg>${allowed_titles}</arg>
<arg>${name_title}</arg>
<doc>Fails if the ``value`` is not found from ``list``.</doc>
<status status="PASS" start="2024-04-25T08:19:00.033207" elapsed="0.000212"/>
</kw>
<kw name="Set Variable" owner="BuiltIn">
<msg time="2024-04-25T08:19:00.034097" level="INFO">${name_country} = NL</msg>
<var>${name_country}</var>
<arg>${json_data["results"][0]["nat"]}</arg>
<doc>Returns the given values which can then be assigned to a variables.</doc>
<status status="PASS" start="2024-04-25T08:19:00.033707" elapsed="0.000415"/>
</kw>
<kw name="Create List" owner="BuiltIn">
<msg time="2024-04-25T08:19:00.035074" level="INFO">${list_country} = ['AD', 'AE', 'AF', 'AG', 'AI', 'AL', 'AM', 'AO', 'AQ', 'AR', 'AS', 'AT', 'AU', 'AW', 'AX', 'AZ', 'BA', 'BB', 'BD', 'BE', 'BF', 'BG', 'BH', 'BI', 'BJ', 'BL', 'BM', 'BN', 'BO', 'BQ', 'BR', 'BS', 'BT', '...</msg>
<var>${list_country}</var>
<arg>AD</arg>
<arg>AE</arg>
<arg>AF</arg>
<arg>AG</arg>
<arg>AI</arg>
<arg>AL</arg>
<arg>AM</arg>
<arg>AO</arg>
<arg>AQ</arg>
<arg>AR</arg>
<arg>AS</arg>
<arg>AT</arg>
<arg>AU</arg>
<arg>AW</arg>
<arg>AX</arg>
<arg>AZ</arg>
<arg>BA</arg>
<arg>BB</arg>
<arg>BD</arg>
<arg>BE</arg>
<arg>BF</arg>
<arg>BG</arg>
<arg>BH</arg>
<arg>BI</arg>
<arg>BJ</arg>
<arg>BL</arg>
<arg>BM</arg>
<arg>BN</arg>
<arg>BO</arg>
<arg>BQ</arg>
<arg>BR</arg>
<arg>BS</arg>
<arg>BT</arg>
<arg>BV</arg>
<arg>BW</arg>
<arg>BY</arg>
<arg>BZ</arg>
<arg>CA</arg>
<arg>CC</arg>
<arg>CD</arg>
<arg>CF</arg>
<arg>CG</arg>
<arg>CH</arg>
<arg>CI</arg>
<arg>CK</arg>
<arg>CL</arg>
<arg>CM</arg>
<arg>CN</arg>
<arg>CO</arg>
<arg>CR</arg>
<arg>CU</arg>
<arg>CV</arg>
<arg>CW</arg>
<arg>CX</arg>
<arg>CY</arg>
<arg>CZ</arg>
<arg>DE</arg>
<arg>DJ</arg>
<arg>DK</arg>
<arg>DM</arg>
<arg>DO</arg>
<arg>DZ</arg>
<arg>EC</arg>
<arg>EE</arg>
<arg>EG</arg>
<arg>EH</arg>
<arg>ER</arg>
<arg>ES</arg>
<arg>ET</arg>
<arg>FI</arg>
<arg>FJ</arg>
<arg>FK</arg>
<arg>FM</arg>
<arg>FO</arg>
<arg>FR</arg>
<arg>GA</arg>
<arg>GB</arg>
<arg>GD</arg>
<arg>GE</arg>
<arg>GF</arg>
<arg>GG</arg>
<arg>GH</arg>
<arg>GI</arg>
<arg>GL</arg>
<arg>GM</arg>
<arg>GN</arg>
<arg>GP</arg>
<arg>GQ</arg>
<arg>GR</arg>
<arg>GS</arg>
<arg>GT</arg>
<arg>GU</arg>
<arg>GW</arg>
<arg>GY</arg>
<arg>HK</arg>
<arg>HM</arg>
<arg>HN</arg>
<arg>HR</arg>
<arg>HT</arg>
<arg>HU</arg>
<arg>ID</arg>
<arg>IE</arg>
<arg>IL</arg>
<arg>IM</arg>
<arg>IN</arg>
<arg>IO</arg>
<arg>IQ</arg>
<arg>IR</arg>
<arg>IS</arg>
<arg>IT</arg>
<arg>JE</arg>
<arg>JM</arg>
<arg>JO</arg>
<arg>JP</arg>
<arg>KE</arg>
<arg>KG</arg>
<arg>KH</arg>
<arg>KI</arg>
<arg>KM</arg>
<arg>KN</arg>
<arg>KP</arg>
<arg>KR</arg>
<arg>KW</arg>
<arg>KY</arg>
<arg>KZ</arg>
<arg>LA</arg>
<arg>LB</arg>
<arg>LC</arg>
<arg>LI</arg>
<arg>LK</arg>
<arg>LR</arg>
<arg>LS</arg>
<arg>LT</arg>
<arg>LU</arg>
<arg>LV</arg>
<arg>LY</arg>
<arg>MA</arg>
<arg>MC</arg>
<arg>MD</arg>
<arg>ME</arg>
<arg>MF</arg>
<arg>MG</arg>
<arg>MH</arg>
<arg>MK</arg>
<arg>ML</arg>
<arg>MM</arg>
<arg>MN</arg>
<arg>MO</arg>
<arg>MP</arg>
<arg>MQ</arg>
<arg>MR</arg>
<arg>MS</arg>
<arg>MT</arg>
<arg>MU</arg>
<arg>MV</arg>
<arg>MW</arg>
<arg>MX</arg>
<arg>MY</arg>
<arg>MZ</arg>
<arg>NA</arg>
<arg>NC</arg>
<arg>NE</arg>
<arg>NF</arg>
<arg>NG</arg>
<arg>NI</arg>
<arg>NL</arg>
<arg>NO</arg>
<arg>NP</arg>
<arg>NR</arg>
<arg>NU</arg>
<arg>NZ</arg>
<arg>OM</arg>
<arg>PA</arg>
<arg>PE</arg>
<arg>PF</arg>
<arg>PG</arg>
<arg>PH</arg>
<arg>PK</arg>
<arg>PL</arg>
<arg>PM</arg>
<arg>PN</arg>
<arg>PR</arg>
<arg>PS</arg>
<arg>PT</arg>
<arg>PW</arg>
<arg>PY</arg>
<arg>QA</arg>
<arg>RE</arg>
<arg>RO</arg>
<arg>RS</arg>
<arg>RU</arg>
<arg>RW</arg>
<arg>SA</arg>
<arg>SB</arg>
<arg>SC</arg>
<arg>SD</arg>
<arg>SE</arg>
<arg>SG</arg>
<arg>SH</arg>
<arg>SI</arg>
<arg>SJ</arg>
<arg>SK</arg>
<arg>SL</arg>
<arg>SM</arg>
<arg>SN</arg>
<arg>SO</arg>
<arg>SR</arg>
<arg>SS</arg>
<arg>ST</arg>
<arg>SV</arg>
<arg>SX</arg>
<arg>SY</arg>
<arg>SZ</arg>
<arg>TC</arg>
<arg>TD</arg>
<arg>TF</arg>
<arg>TG</arg>
<arg>TH</arg>
<arg>TJ</arg>
<arg>TK</arg>
<arg>TL</arg>
<arg>TM</arg>
<arg>TN</arg>
<arg>TO</arg>
<arg>TR</arg>
<arg>TT</arg>
<arg>TV</arg>
<arg>TW</arg>
<arg>TZ</arg>
<arg>UA</arg>
<arg>UG</arg>
<arg>UM</arg>
<arg>US</arg>
<arg>UY</arg>
<arg>UZ</arg>
<arg>VA</arg>
<arg>VC</arg>
<arg>VE</arg>
<arg>VG</arg>
<arg>VI</arg>
<arg>VN</arg>
<arg>VU</arg>
<arg>WF</arg>
<arg>WS</arg>
<arg>XK</arg>
<arg>YE</arg>
<arg>YT</arg>
<arg>ZA</arg>
<arg>ZM</arg>
<arg>ZW</arg>
<doc>Returns a list containing given items.</doc>
<status status="PASS" start="2024-04-25T08:19:00.034424" elapsed="0.000677"/>
</kw>
<kw name="List Should Contain Value" owner="Collections">
<msg time="2024-04-25T08:19:00.036097" level="INFO">False</msg>
<arg>${list_country}</arg>
<arg>${name_country}</arg>
<doc>Fails if the ``value`` is not found from ``list``.</doc>
<status status="PASS" start="2024-04-25T08:19:00.035897" elapsed="0.000238"/>
</kw>
<kw name="Run Keyword If" owner="BuiltIn">
<kw name="Should Be True" owner="BuiltIn">
<arg>${True}</arg>
<doc>Fails if the given condition is not true.</doc>
<status status="PASS" start="2024-04-25T08:19:00.037218" elapsed="0.000254"/>
</kw>
<arg>${json_data["results"][0]["location"]["coordinates"]["latitude"]} &gt;= -90 and ${json_data["results"][0]["location"]["coordinates"]["latitude"]} &lt;= 90</arg>
<arg>Should Be True</arg>
<arg>${True}</arg>
<doc>Runs the given keyword with the given arguments, if ``condition`` is true.</doc>
<status status="PASS" start="2024-04-25T08:19:00.036449" elapsed="0.001157"/>
</kw>
<kw name="Run Keyword If" owner="BuiltIn">
<kw name="Should Be True" owner="BuiltIn">
<arg>${True}</arg>
<doc>Fails if the given condition is not true.</doc>
<status status="PASS" start="2024-04-25T08:19:00.038539" elapsed="0.000141"/>
</kw>
<arg>${json_data["results"][0]["location"]["coordinates"]["longitude"]} &gt;= -180 and ${json_data["results"][0]["location"]["coordinates"]["longitude"]} &lt;= 180</arg>
<arg>Should Be True</arg>
<arg>${True}</arg>
<doc>Runs the given keyword with the given arguments, if ``condition`` is true.</doc>
<status status="PASS" start="2024-04-25T08:19:00.037807" elapsed="0.000999"/>
</kw>
<status status="PASS" start="2024-04-25T08:18:59.943566" elapsed="0.095409"/>
</kw>
<doc>Testa o conteúdo específico dos campos retornados pela API.</doc>
<tag>testeConteudo</tag>
<status status="PASS" start="2024-04-25T08:18:59.943116" elapsed="0.096011"/>
</test>
<status status="PASS" start="2024-04-25T08:18:59.237770" elapsed="0.803299"/>
</suite>
<status status="PASS" start="2024-04-25T08:18:59.224231" elapsed="0.821915"/>
</suite>
<statistics>
<total>
<stat pass="5" fail="0" skip="0">All Tests</stat>
</total>
<tag>
<stat pass="1" fail="0" skip="0">testeConteudo</stat>
<stat pass="1" fail="0" skip="0">testeEstruturaResposta</stat>
<stat pass="1" fail="0" skip="0">testeRequisicaoBasica</stat>
<stat pass="1" fail="0" skip="0">testeTiposDados</stat>
</tag>
<suite>
<stat pass="5" fail="0" skip="0" id="s1" name="Tests">Tests</stat>
<stat pass="5" fail="0" skip="0" id="s1-s1" name="Random-User-Test">Tests.Random-User-Test</stat>
</suite>
</statistics>
<errors>
</errors>
</robot>
