<?xml version="1.0" encoding="UTF-8"?>
<robot generator="Robot 7.0 (Python 3.12.3 on linux)" generated="2024-04-26T22:14:14.475795" rpa="false" schemaversion="5">
<suite id="s1" name="Tests" source="/home/runner/work/DesafioQAItauRogerioJordao/DesafioQAItauRogerioJordao/RamdonUser/tests">
<suite id="s1-s1" name="Random-User-Test" source="/home/runner/work/DesafioQAItauRogerioJordao/DesafioQAItauRogerioJordao/RamdonUser/tests/random-user-test.robot">
<test id="s1-s1-t1" name="Conectar" line="13">
<kw name="Conectar API" owner="random-user-service">
<kw name="Create Session" owner="RequestsLibrary">
<msg time="2024-04-26T22:14:14.838227" level="INFO">Creating Session using : alias=consultarAPI, url=https://randomuser.me/, headers={},                     cookies={}, auth=None, timeout=None, proxies=None, verify=False,                     debug=0 </msg>
<arg>consultarAPI</arg>
<arg>${URL}</arg>
<doc>Create Session: create a HTTP session to a server</doc>
<status status="PASS" start="2024-04-26T22:14:14.838027" elapsed="0.000384"/>
</kw>
<status status="PASS" start="2024-04-26T22:14:14.837075" elapsed="0.001700"/>
</kw>
<status status="PASS" start="2024-04-26T22:14:14.836526" elapsed="0.002467"/>
</test>
<test id="s1-s1-t2" name="Validar retorno 200 e JSON Válido" line="16">
<kw name="Teste de Requisicao Basica" owner="random-user-service">
<kw name="GET On Session" owner="RequestsLibrary">
<msg time="2024-04-26T22:14:14.981794" level="INFO">GET Request : url=https://randomuser.me/api 
 path_url=/api 
 headers={'User-Agent': 'python-requests/2.31.0', 'Accept-Encoding': 'gzip, deflate', 'Accept': '*/*', 'Connection': 'keep-alive'} 
 body=None 
 </msg>
<msg time="2024-04-26T22:14:14.981968" level="INFO">GET Response : url=https://randomuser.me/api 
 status=200, reason=OK 
 headers={'Date': 'Fri, 26 Apr 2024 22:14:14 GMT', 'Content-Type': 'application/json; charset=utf-8', 'Transfer-Encoding': 'chunked', 'Connection': 'keep-alive', 'X-Powered-By': 'Express', 'Access-Control-Allow-Origin': '*', 'Cache-Control': 'no-cache', 'ETag': 'W/"4ab-+XphslegEAUQe257xSWIX/XA+lo"', 'Vary': 'Accept-Encoding', 'Content-Encoding': 'gzip', 'CF-Cache-Status': 'DYNAMIC', 'Report-To': '{"endpoints":[{"url":"https:\\/\\/a.nel.cloudflare.com\\/report\\/v4?s=y3YVdrYAZQLmumD8ZBnaJardGb7YwKJIvC0iDXkgmpoGRirN46yL0bkKG1zQsV6T5sgBApk0HfpRBVVHst1X%2Bcz4VnOxLKz89DkUIWbgmnSWMIT2EsJF41cNDvBwp9HA"}],"group":"cf-nel","max_age":604800}', 'NEL': '{"success_fraction":0,"report_to":"cf-nel","max_age":604800}', 'Server': 'cloudflare', 'CF-RAY': '87a9ecb6f8d52513-SJC', 'alt-svc': 'h3=":443"; ma=86400'} 
 body={"results":[{"gender":"female","name":{"title":"Mrs","first":"Nataša","last":"Španović"},"location":{"street":{"number":5533,"name":"Radoja Prvulovića"},"city":"Novi Sad","state":"Zaječar","country":"Serbia","postcode":49678,"coordinates":{"latitude":"59.1083","longitude":"49.4459"},"timezone":{"offset":"0:00","description":"Western Europe Time, London, Lisbon, Casablanca"}},"email":"natasa.spanovic@example.com","login":{"uuid":"ab778b9f-7337-41f8-86e3-905f9dc9c101","username":"brownmeercat146","password":"terminat","salt":"loEe8Hty","md5":"de8aeae1322e44fef9ddd9b21208030b","sha1":"f31e5aefca460b94225b275a31fb5746869296b3","sha256":"6a9c49580c03300c6d5e8426927cfc14570dd5bbf66021204ec90d61703d576b"},"dob":{"date":"1963-05-10T14:28:06.784Z","age":60},"registered":{"date":"2021-06-02T08:08:47.565Z","age":2},"phone":"037-5700-102","cell":"064-8059-802","id":{"name":"SID","value":"395655302"},"picture":{"large":"https://randomuser.me/api/portraits/women/60.jpg","medium":"https://randomuser.me/api/portraits/med/women/60.jpg","thumbnail":"https://randomuser.me/api/portraits/thumb/women/60.jpg"},"nat":"RS"}],"info":{"seed":"080ff6a5891c8bdd","results":1,"page":1,"version":"1.4"}} 
 </msg>
<msg time="2024-04-26T22:14:14.982067" level="INFO">/opt/hostedtoolcache/Python/3.12.3/x64/lib/python3.12/site-packages/urllib3/connectionpool.py:1103: InsecureRequestWarning: Unverified HTTPS request is being made to host 'randomuser.me'. Adding certificate verification is strongly advised. See: https://urllib3.readthedocs.io/en/latest/advanced-usage.html#tls-warnings
  warnings.warn(</msg>
<msg time="2024-04-26T22:14:14.982217" level="INFO">${response} = &lt;Response [200]&gt;</msg>
<var>${response}</var>
<arg>consultarAPI</arg>
<arg>/api</arg>
<doc>Sends a GET request on a previously created HTTP Session.</doc>
<status status="PASS" start="2024-04-26T22:14:14.841563" elapsed="0.140717"/>
</kw>
<kw name="Should Be Equal As Numbers" owner="BuiltIn">
<msg time="2024-04-26T22:14:14.983337" level="INFO">Argument types are:
&lt;class 'int'&gt;
&lt;class 'str'&gt;</msg>
<arg>${response.status_code}</arg>
<arg>200</arg>
<doc>Fails if objects are unequal after converting them to real numbers.</doc>
<status status="PASS" start="2024-04-26T22:14:14.982833" elapsed="0.000569"/>
</kw>
<kw name="Log" owner="BuiltIn">
<msg time="2024-04-26T22:14:14.984099" level="INFO">200</msg>
<arg>${response.status_code}</arg>
<doc>Logs the given message with the given level.</doc>
<status status="PASS" start="2024-04-26T22:14:14.983750" elapsed="0.000392"/>
</kw>
<kw name="Set Variable" owner="BuiltIn">
<msg time="2024-04-26T22:14:14.984914" level="INFO">${json_data} = {'results': [{'gender': 'female', 'name': {'title': 'Mrs', 'first': 'Nataša', 'last': 'Španović'}, 'location': {'street': {'number': 5533, 'name': 'Radoja Prvulovića'}, 'city': 'Novi Sad', 'state': 'Z...</msg>
<var>${json_data}</var>
<arg>${response.json()}</arg>
<doc>Returns the given values which can then be assigned to a variables.</doc>
<status status="PASS" start="2024-04-26T22:14:14.984448" elapsed="0.000496"/>
</kw>
<kw name="Dictionary Should Contain Key" owner="Collections">
<msg time="2024-04-26T22:14:14.985420" level="INFO">False</msg>
<arg>${json_data}</arg>
<arg>results</arg>
<doc>Fails if ``key`` is not found from ``dictionary``.</doc>
<status status="PASS" start="2024-04-26T22:14:14.985250" elapsed="0.000218"/>
</kw>
<status status="PASS" start="2024-04-26T22:14:14.841323" elapsed="0.144411"/>
</kw>
<doc>Testa se a API responde corretamente e retorna um objeto JSON válido.</doc>
<tag>testeRequisicaoBasica</tag>
<status status="PASS" start="2024-04-26T22:14:14.840872" elapsed="0.145052"/>
</test>
<test id="s1-s1-t3" name="Validar estrutura de resposta" line="22">
<kw name="Teste de Estrutura de Resposta" owner="random-user-service">
<kw name="GET On Session" owner="RequestsLibrary">
<msg time="2024-04-26T22:14:15.087696" level="INFO">GET Request : url=https://randomuser.me/api 
 path_url=/api 
 headers={'User-Agent': 'python-requests/2.31.0', 'Accept-Encoding': 'gzip, deflate', 'Accept': '*/*', 'Connection': 'keep-alive'} 
 body=None 
 </msg>
<msg time="2024-04-26T22:14:15.087792" level="INFO">GET Response : url=https://randomuser.me/api 
 status=200, reason=OK 
 headers={'Date': 'Fri, 26 Apr 2024 22:14:15 GMT', 'Content-Type': 'application/json; charset=utf-8', 'Transfer-Encoding': 'chunked', 'Connection': 'keep-alive', 'X-Powered-By': 'Express', 'Access-Control-Allow-Origin': '*', 'Cache-Control': 'no-cache', 'ETag': 'W/"495-6j5JWXoRQ8GuDypoSZ0yxp38EQ4"', 'Vary': 'Accept-Encoding', 'Content-Encoding': 'gzip', 'CF-Cache-Status': 'DYNAMIC', 'Report-To': '{"endpoints":[{"url":"https:\\/\\/a.nel.cloudflare.com\\/report\\/v4?s=gJyncGbLTQz%2FMhJVkuNsRrAUpFAfFR4ZHHlB6xSABEsdSXhA62GZMzDn7FdwTUED%2BYRj6uZcyZfK2vvX%2FtdWwucgK4IfcZ2V6Uqfi2Vpcc2uGE97bb13MwtIYq1rANP9"}],"group":"cf-nel","max_age":604800}', 'NEL': '{"success_fraction":0,"report_to":"cf-nel","max_age":604800}', 'Server': 'cloudflare', 'CF-RAY': '87a9ecb7b9a62513-SJC', 'alt-svc': 'h3=":443"; ma=86400'} 
 body={"results":[{"gender":"male","name":{"title":"Monsieur","first":"Silvio","last":"Dumont"},"location":{"street":{"number":8706,"name":"Rue Barrier"},"city":"Dällikon","state":"Solothurn","country":"Switzerland","postcode":1520,"coordinates":{"latitude":"-56.5472","longitude":"-16.1132"},"timezone":{"offset":"-8:00","description":"Pacific Time (US &amp; Canada)"}},"email":"silvio.dumont@example.com","login":{"uuid":"e32d63a4-8cc1-4312-afd7-23940e604ae3","username":"smallladybug227","password":"zurich","salt":"GXYfohly","md5":"8db8eed8d9df923746f7f5af84693cd4","sha1":"41bb0ffdeaf3ac7eb868440bd196a9741e2c21a4","sha256":"3b2bd3da0516cb582933cf4d650577464475513f9cd32c23f90a2ee8f98de60f"},"dob":{"date":"1958-03-31T14:06:35.289Z","age":66},"registered":{"date":"2014-05-09T16:42:37.783Z","age":9},"phone":"079 402 68 25","cell":"077 515 66 18","id":{"name":"AVS","value":"756.0352.3225.23"},"picture":{"large":"https://randomuser.me/api/portraits/men/27.jpg","medium":"https://randomuser.me/api/portraits/med/men/27.jpg","thumbnail":"https://randomuser.me/api/portraits/thumb/men/27.jpg"},"nat":"CH"}],"info":{"seed":"5ecb43c24cd88e1c","results":1,"page":1,"version":"1.4"}} 
 </msg>
<msg time="2024-04-26T22:14:15.087922" level="INFO">/opt/hostedtoolcache/Python/3.12.3/x64/lib/python3.12/site-packages/urllib3/connectionpool.py:1103: InsecureRequestWarning: Unverified HTTPS request is being made to host 'randomuser.me'. Adding certificate verification is strongly advised. See: https://urllib3.readthedocs.io/en/latest/advanced-usage.html#tls-warnings
  warnings.warn(</msg>
<msg time="2024-04-26T22:14:15.088045" level="INFO">${response} = &lt;Response [200]&gt;</msg>
<var>${response}</var>
<arg>consultarAPI</arg>
<arg>/api</arg>
<doc>Sends a GET request on a previously created HTTP Session.</doc>
<status status="PASS" start="2024-04-26T22:14:14.988724" elapsed="0.099365"/>
</kw>
<kw name="Set Variable" owner="BuiltIn">
<msg time="2024-04-26T22:14:15.089119" level="INFO">${json_data} = {'results': [{'gender': 'male', 'name': {'title': 'Monsieur', 'first': 'Silvio', 'last': 'Dumont'}, 'location': {'street': {'number': 8706, 'name': 'Rue Barrier'}, 'city': 'Dällikon', 'state': 'Soloth...</msg>
<var>${json_data}</var>
<arg>${response.json()}</arg>
<doc>Returns the given values which can then be assigned to a variables.</doc>
<status status="PASS" start="2024-04-26T22:14:15.088588" elapsed="0.000560"/>
</kw>
<kw name="Log" owner="BuiltIn">
<msg time="2024-04-26T22:14:15.089627" level="INFO">{'results': [{'gender': 'male', 'name': {'title': 'Monsieur', 'first': 'Silvio', 'last': 'Dumont'}, 'location': {'street': {'number': 8706, 'name': 'Rue Barrier'}, 'city': 'Dällikon', 'state': 'Solothurn', 'country': 'Switzerland', 'postcode': 1520, 'coordinates': {'latitude': '-56.5472', 'longitude': '-16.1132'}, 'timezone': {'offset': '-8:00', 'description': 'Pacific Time (US &amp; Canada)'}}, 'email': 'silvio.dumont@example.com', 'login': {'uuid': 'e32d63a4-8cc1-4312-afd7-23940e604ae3', 'username': 'smallladybug227', 'password': 'zurich', 'salt': 'GXYfohly', 'md5': '8db8eed8d9df923746f7f5af84693cd4', 'sha1': '41bb0ffdeaf3ac7eb868440bd196a9741e2c21a4', 'sha256': '3b2bd3da0516cb582933cf4d650577464475513f9cd32c23f90a2ee8f98de60f'}, 'dob': {'date': '1958-03-31T14:06:35.289Z', 'age': 66}, 'registered': {'date': '2014-05-09T16:42:37.783Z', 'age': 9}, 'phone': '079 402 68 25', 'cell': '077 515 66 18', 'id': {'name': 'AVS', 'value': '756.0352.3225.23'}, 'picture': {'large': 'https://randomuser.me/api/portraits/men/27.jpg', 'medium': 'https://randomuser.me/api/portraits/med/men/27.jpg', 'thumbnail': 'https://randomuser.me/api/portraits/thumb/men/27.jpg'}, 'nat': 'CH'}], 'info': {'seed': '5ecb43c24cd88e1c', 'results': 1, 'page': 1, 'version': '1.4'}}</msg>
<arg>${json_data}</arg>
<doc>Logs the given message with the given level.</doc>
<status status="PASS" start="2024-04-26T22:14:15.089462" elapsed="0.000219"/>
</kw>
<kw name="Dictionary Should Contain Key" owner="Collections">
<msg time="2024-04-26T22:14:15.090142" level="INFO">False</msg>
<arg>${json_data}</arg>
<arg>results</arg>
<doc>Fails if ``key`` is not found from ``dictionary``.</doc>
<status status="PASS" start="2024-04-26T22:14:15.089984" elapsed="0.000197"/>
</kw>
<kw name="Should Not Be Empty" owner="BuiltIn">
<msg time="2024-04-26T22:14:15.090609" level="INFO">Length is 2.</msg>
<arg>${json_data}</arg>
<doc>Verifies that the given item is not empty.</doc>
<status status="PASS" start="2024-04-26T22:14:15.090478" elapsed="0.000171"/>
</kw>
<kw name="Create List" owner="BuiltIn">
<msg time="2024-04-26T22:14:15.091298" level="INFO">${expected_keys} = ['gender', 'name', 'location', 'email', 'login']</msg>
<var>${expected_keys}</var>
<arg>gender</arg>
<arg>name</arg>
<arg>location</arg>
<arg>email</arg>
<arg>login</arg>
<doc>Returns a list containing given items.</doc>
<status status="PASS" start="2024-04-26T22:14:15.090940" elapsed="0.000383"/>
</kw>
<for flavor="IN">
<iter>
<kw name="Dictionary Should Contain Key" owner="Collections">
<msg time="2024-04-26T22:14:15.092335" level="INFO">False</msg>
<arg>${json_data['results'][0]}</arg>
<arg>${key}</arg>
<doc>Fails if ``key`` is not found from ``dictionary``.</doc>
<status status="PASS" start="2024-04-26T22:14:15.091928" elapsed="0.000446"/>
</kw>
<kw name="Log" owner="BuiltIn">
<msg time="2024-04-26T22:14:15.093048" level="INFO">{'gender': 'male', 'name': {'title': 'Monsieur', 'first': 'Silvio', 'last': 'Dumont'}, 'location': {'street': {'number': 8706, 'name': 'Rue Barrier'}, 'city': 'Dällikon', 'state': 'Solothurn', 'country': 'Switzerland', 'postcode': 1520, 'coordinates': {'latitude': '-56.5472', 'longitude': '-16.1132'}, 'timezone': {'offset': '-8:00', 'description': 'Pacific Time (US &amp; Canada)'}}, 'email': 'silvio.dumont@example.com', 'login': {'uuid': 'e32d63a4-8cc1-4312-afd7-23940e604ae3', 'username': 'smallladybug227', 'password': 'zurich', 'salt': 'GXYfohly', 'md5': '8db8eed8d9df923746f7f5af84693cd4', 'sha1': '41bb0ffdeaf3ac7eb868440bd196a9741e2c21a4', 'sha256': '3b2bd3da0516cb582933cf4d650577464475513f9cd32c23f90a2ee8f98de60f'}, 'dob': {'date': '1958-03-31T14:06:35.289Z', 'age': 66}, 'registered': {'date': '2014-05-09T16:42:37.783Z', 'age': 9}, 'phone': '079 402 68 25', 'cell': '077 515 66 18', 'id': {'name': 'AVS', 'value': '756.0352.3225.23'}, 'picture': {'large': 'https://randomuser.me/api/portraits/men/27.jpg', 'medium': 'https://randomuser.me/api/portraits/med/men/27.jpg', 'thumbnail': 'https://randomuser.me/api/portraits/thumb/men/27.jpg'}, 'nat': 'CH'}</msg>
<arg>${json_data['results'][0]}</arg>
<doc>Logs the given message with the given level.</doc>
<status status="PASS" start="2024-04-26T22:14:15.092678" elapsed="0.000422"/>
</kw>
<kw name="Log" owner="BuiltIn">
<msg time="2024-04-26T22:14:15.093528" level="INFO">gender</msg>
<arg>${key}</arg>
<doc>Logs the given message with the given level.</doc>
<status status="PASS" start="2024-04-26T22:14:15.093400" elapsed="0.000166"/>
</kw>
<var name="${key}">gender</var>
<status status="PASS" start="2024-04-26T22:14:15.091802" elapsed="0.001979"/>
</iter>
<iter>
<kw name="Dictionary Should Contain Key" owner="Collections">
<msg time="2024-04-26T22:14:15.094469" level="INFO">False</msg>
<arg>${json_data['results'][0]}</arg>
<arg>${key}</arg>
<doc>Fails if ``key`` is not found from ``dictionary``.</doc>
<status status="PASS" start="2024-04-26T22:14:15.094080" elapsed="0.000426"/>
</kw>
<kw name="Log" owner="BuiltIn">
<msg time="2024-04-26T22:14:15.095241" level="INFO">{'gender': 'male', 'name': {'title': 'Monsieur', 'first': 'Silvio', 'last': 'Dumont'}, 'location': {'street': {'number': 8706, 'name': 'Rue Barrier'}, 'city': 'Dällikon', 'state': 'Solothurn', 'country': 'Switzerland', 'postcode': 1520, 'coordinates': {'latitude': '-56.5472', 'longitude': '-16.1132'}, 'timezone': {'offset': '-8:00', 'description': 'Pacific Time (US &amp; Canada)'}}, 'email': 'silvio.dumont@example.com', 'login': {'uuid': 'e32d63a4-8cc1-4312-afd7-23940e604ae3', 'username': 'smallladybug227', 'password': 'zurich', 'salt': 'GXYfohly', 'md5': '8db8eed8d9df923746f7f5af84693cd4', 'sha1': '41bb0ffdeaf3ac7eb868440bd196a9741e2c21a4', 'sha256': '3b2bd3da0516cb582933cf4d650577464475513f9cd32c23f90a2ee8f98de60f'}, 'dob': {'date': '1958-03-31T14:06:35.289Z', 'age': 66}, 'registered': {'date': '2014-05-09T16:42:37.783Z', 'age': 9}, 'phone': '079 402 68 25', 'cell': '077 515 66 18', 'id': {'name': 'AVS', 'value': '756.0352.3225.23'}, 'picture': {'large': 'https://randomuser.me/api/portraits/men/27.jpg', 'medium': 'https://randomuser.me/api/portraits/med/men/27.jpg', 'thumbnail': 'https://randomuser.me/api/portraits/thumb/men/27.jpg'}, 'nat': 'CH'}</msg>
<arg>${json_data['results'][0]}</arg>
<doc>Logs the given message with the given level.</doc>
<status status="PASS" start="2024-04-26T22:14:15.094840" elapsed="0.000453"/>
</kw>
<kw name="Log" owner="BuiltIn">
<msg time="2024-04-26T22:14:15.095719" level="INFO">name</msg>
<arg>${key}</arg>
<doc>Logs the given message with the given level.</doc>
<status status="PASS" start="2024-04-26T22:14:15.095592" elapsed="0.000164"/>
</kw>
<var name="${key}">name</var>
<status status="PASS" start="2024-04-26T22:14:15.093967" elapsed="0.002005"/>
</iter>
<iter>
<kw name="Dictionary Should Contain Key" owner="Collections">
<msg time="2024-04-26T22:14:15.096663" level="INFO">False</msg>
<arg>${json_data['results'][0]}</arg>
<arg>${key}</arg>
<doc>Fails if ``key`` is not found from ``dictionary``.</doc>
<status status="PASS" start="2024-04-26T22:14:15.096262" elapsed="0.000439"/>
</kw>
<kw name="Log" owner="BuiltIn">
<msg time="2024-04-26T22:14:15.097359" level="INFO">{'gender': 'male', 'name': {'title': 'Monsieur', 'first': 'Silvio', 'last': 'Dumont'}, 'location': {'street': {'number': 8706, 'name': 'Rue Barrier'}, 'city': 'Dällikon', 'state': 'Solothurn', 'country': 'Switzerland', 'postcode': 1520, 'coordinates': {'latitude': '-56.5472', 'longitude': '-16.1132'}, 'timezone': {'offset': '-8:00', 'description': 'Pacific Time (US &amp; Canada)'}}, 'email': 'silvio.dumont@example.com', 'login': {'uuid': 'e32d63a4-8cc1-4312-afd7-23940e604ae3', 'username': 'smallladybug227', 'password': 'zurich', 'salt': 'GXYfohly', 'md5': '8db8eed8d9df923746f7f5af84693cd4', 'sha1': '41bb0ffdeaf3ac7eb868440bd196a9741e2c21a4', 'sha256': '3b2bd3da0516cb582933cf4d650577464475513f9cd32c23f90a2ee8f98de60f'}, 'dob': {'date': '1958-03-31T14:06:35.289Z', 'age': 66}, 'registered': {'date': '2014-05-09T16:42:37.783Z', 'age': 9}, 'phone': '079 402 68 25', 'cell': '077 515 66 18', 'id': {'name': 'AVS', 'value': '756.0352.3225.23'}, 'picture': {'large': 'https://randomuser.me/api/portraits/men/27.jpg', 'medium': 'https://randomuser.me/api/portraits/med/men/27.jpg', 'thumbnail': 'https://randomuser.me/api/portraits/thumb/men/27.jpg'}, 'nat': 'CH'}</msg>
<arg>${json_data['results'][0]}</arg>
<doc>Logs the given message with the given level.</doc>
<status status="PASS" start="2024-04-26T22:14:15.096997" elapsed="0.000413"/>
</kw>
<kw name="Log" owner="BuiltIn">
<msg time="2024-04-26T22:14:15.097831" level="INFO">location</msg>
<arg>${key}</arg>
<doc>Logs the given message with the given level.</doc>
<status status="PASS" start="2024-04-26T22:14:15.097708" elapsed="0.000161"/>
</kw>
<var name="${key}">location</var>
<status status="PASS" start="2024-04-26T22:14:15.096151" elapsed="0.001935"/>
</iter>
<iter>
<kw name="Dictionary Should Contain Key" owner="Collections">
<msg time="2024-04-26T22:14:15.098755" level="INFO">False</msg>
<arg>${json_data['results'][0]}</arg>
<arg>${key}</arg>
<doc>Fails if ``key`` is not found from ``dictionary``.</doc>
<status status="PASS" start="2024-04-26T22:14:15.098367" elapsed="0.000426"/>
</kw>
<kw name="Log" owner="BuiltIn">
<msg time="2024-04-26T22:14:15.099532" level="INFO">{'gender': 'male', 'name': {'title': 'Monsieur', 'first': 'Silvio', 'last': 'Dumont'}, 'location': {'street': {'number': 8706, 'name': 'Rue Barrier'}, 'city': 'Dällikon', 'state': 'Solothurn', 'country': 'Switzerland', 'postcode': 1520, 'coordinates': {'latitude': '-56.5472', 'longitude': '-16.1132'}, 'timezone': {'offset': '-8:00', 'description': 'Pacific Time (US &amp; Canada)'}}, 'email': 'silvio.dumont@example.com', 'login': {'uuid': 'e32d63a4-8cc1-4312-afd7-23940e604ae3', 'username': 'smallladybug227', 'password': 'zurich', 'salt': 'GXYfohly', 'md5': '8db8eed8d9df923746f7f5af84693cd4', 'sha1': '41bb0ffdeaf3ac7eb868440bd196a9741e2c21a4', 'sha256': '3b2bd3da0516cb582933cf4d650577464475513f9cd32c23f90a2ee8f98de60f'}, 'dob': {'date': '1958-03-31T14:06:35.289Z', 'age': 66}, 'registered': {'date': '2014-05-09T16:42:37.783Z', 'age': 9}, 'phone': '079 402 68 25', 'cell': '077 515 66 18', 'id': {'name': 'AVS', 'value': '756.0352.3225.23'}, 'picture': {'large': 'https://randomuser.me/api/portraits/men/27.jpg', 'medium': 'https://randomuser.me/api/portraits/med/men/27.jpg', 'thumbnail': 'https://randomuser.me/api/portraits/thumb/men/27.jpg'}, 'nat': 'CH'}</msg>
<arg>${json_data['results'][0]}</arg>
<doc>Logs the given message with the given level.</doc>
<status status="PASS" start="2024-04-26T22:14:15.099162" elapsed="0.000424"/>
</kw>
<kw name="Log" owner="BuiltIn">
<msg time="2024-04-26T22:14:15.100013" level="INFO">email</msg>
<arg>${key}</arg>
<doc>Logs the given message with the given level.</doc>
<status status="PASS" start="2024-04-26T22:14:15.099885" elapsed="0.000166"/>
</kw>
<var name="${key}">email</var>
<status status="PASS" start="2024-04-26T22:14:15.098258" elapsed="0.002007"/>
</iter>
<iter>
<kw name="Dictionary Should Contain Key" owner="Collections">
<msg time="2024-04-26T22:14:15.100937" level="INFO">False</msg>
<arg>${json_data['results'][0]}</arg>
<arg>${key}</arg>
<doc>Fails if ``key`` is not found from ``dictionary``.</doc>
<status status="PASS" start="2024-04-26T22:14:15.100548" elapsed="0.000426"/>
</kw>
<kw name="Log" owner="BuiltIn">
<msg time="2024-04-26T22:14:15.101631" level="INFO">{'gender': 'male', 'name': {'title': 'Monsieur', 'first': 'Silvio', 'last': 'Dumont'}, 'location': {'street': {'number': 8706, 'name': 'Rue Barrier'}, 'city': 'Dällikon', 'state': 'Solothurn', 'country': 'Switzerland', 'postcode': 1520, 'coordinates': {'latitude': '-56.5472', 'longitude': '-16.1132'}, 'timezone': {'offset': '-8:00', 'description': 'Pacific Time (US &amp; Canada)'}}, 'email': 'silvio.dumont@example.com', 'login': {'uuid': 'e32d63a4-8cc1-4312-afd7-23940e604ae3', 'username': 'smallladybug227', 'password': 'zurich', 'salt': 'GXYfohly', 'md5': '8db8eed8d9df923746f7f5af84693cd4', 'sha1': '41bb0ffdeaf3ac7eb868440bd196a9741e2c21a4', 'sha256': '3b2bd3da0516cb582933cf4d650577464475513f9cd32c23f90a2ee8f98de60f'}, 'dob': {'date': '1958-03-31T14:06:35.289Z', 'age': 66}, 'registered': {'date': '2014-05-09T16:42:37.783Z', 'age': 9}, 'phone': '079 402 68 25', 'cell': '077 515 66 18', 'id': {'name': 'AVS', 'value': '756.0352.3225.23'}, 'picture': {'large': 'https://randomuser.me/api/portraits/men/27.jpg', 'medium': 'https://randomuser.me/api/portraits/med/men/27.jpg', 'thumbnail': 'https://randomuser.me/api/portraits/thumb/men/27.jpg'}, 'nat': 'CH'}</msg>
<arg>${json_data['results'][0]}</arg>
<doc>Logs the given message with the given level.</doc>
<status status="PASS" start="2024-04-26T22:14:15.101267" elapsed="0.000415"/>
</kw>
<kw name="Log" owner="BuiltIn">
<msg time="2024-04-26T22:14:15.102107" level="INFO">login</msg>
<arg>${key}</arg>
<doc>Logs the given message with the given level.</doc>
<status status="PASS" start="2024-04-26T22:14:15.101982" elapsed="0.000163"/>
</kw>
<var name="${key}">login</var>
<status status="PASS" start="2024-04-26T22:14:15.100438" elapsed="0.001948"/>
</iter>
<var>${key}</var>
<value>@{expected_keys}</value>
<status status="PASS" start="2024-04-26T22:14:15.091598" elapsed="0.010912"/>
</for>
<kw name="Create List" owner="BuiltIn">
<msg time="2024-04-26T22:14:15.102839" level="INFO">${expected_keysTwo} = ['username', 'password']</msg>
<var>${expected_keysTwo}</var>
<arg>username</arg>
<arg>password</arg>
<doc>Returns a list containing given items.</doc>
<status status="PASS" start="2024-04-26T22:14:15.102703" elapsed="0.000160"/>
</kw>
<for flavor="IN">
<iter>
<kw name="Dictionary Should Contain Key" owner="Collections">
<msg time="2024-04-26T22:14:15.103792" level="INFO">False</msg>
<arg>${json_data['results'][0]['login']}</arg>
<arg>${keyTwo}</arg>
<doc>Fails if ``key`` is not found from ``dictionary``.</doc>
<status status="PASS" start="2024-04-26T22:14:15.103399" elapsed="0.000431"/>
</kw>
<kw name="Dictionary Should Contain Key" owner="Collections">
<msg time="2024-04-26T22:14:15.104513" level="INFO">False</msg>
<arg>${json_data['results'][0]['login']}</arg>
<arg>${keyTwo}</arg>
<doc>Fails if ``key`` is not found from ``dictionary``.</doc>
<status status="PASS" start="2024-04-26T22:14:15.104128" elapsed="0.000422"/>
</kw>
<kw name="Log" owner="BuiltIn">
<msg time="2024-04-26T22:14:15.104969" level="INFO">username</msg>
<arg>${keyTwo}</arg>
<doc>Logs the given message with the given level.</doc>
<status status="PASS" start="2024-04-26T22:14:15.104842" elapsed="0.000170"/>
</kw>
<var name="${keyTwo}">username</var>
<status status="PASS" start="2024-04-26T22:14:15.103288" elapsed="0.001941"/>
</iter>
<iter>
<kw name="Dictionary Should Contain Key" owner="Collections">
<msg time="2024-04-26T22:14:15.105892" level="INFO">False</msg>
<arg>${json_data['results'][0]['login']}</arg>
<arg>${keyTwo}</arg>
<doc>Fails if ``key`` is not found from ``dictionary``.</doc>
<status status="PASS" start="2024-04-26T22:14:15.105510" elapsed="0.000418"/>
</kw>
<kw name="Dictionary Should Contain Key" owner="Collections">
<msg time="2024-04-26T22:14:15.106688" level="INFO">False</msg>
<arg>${json_data['results'][0]['login']}</arg>
<arg>${keyTwo}</arg>
<doc>Fails if ``key`` is not found from ``dictionary``.</doc>
<status status="PASS" start="2024-04-26T22:14:15.106219" elapsed="0.000508"/>
</kw>
<kw name="Log" owner="BuiltIn">
<msg time="2024-04-26T22:14:15.107187" level="INFO">password</msg>
<arg>${keyTwo}</arg>
<doc>Logs the given message with the given level.</doc>
<status status="PASS" start="2024-04-26T22:14:15.107056" elapsed="0.000167"/>
</kw>
<var name="${keyTwo}">password</var>
<status status="PASS" start="2024-04-26T22:14:15.105401" elapsed="0.002040"/>
</iter>
<var>${keyTwo}</var>
<value>@{expected_keysTwo}</value>
<status status="PASS" start="2024-04-26T22:14:15.103134" elapsed="0.004429"/>
</for>
<status status="PASS" start="2024-04-26T22:14:14.988478" elapsed="0.119229"/>
</kw>
<doc>Testa a estrutura da resposta da API.</doc>
<tag>testeEstruturaResposta</tag>
<status status="PASS" start="2024-04-26T22:14:14.987831" elapsed="0.120032"/>
</test>
<test id="s1-s1-t4" name="Validar tipos de dados" line="28">
<kw name="Teste de Tipos de Dados" owner="random-user-service">
<kw name="GET On Session" owner="RequestsLibrary">
<msg time="2024-04-26T22:14:15.200582" level="INFO">GET Request : url=https://randomuser.me/api 
 path_url=/api 
 headers={'User-Agent': 'python-requests/2.31.0', 'Accept-Encoding': 'gzip, deflate', 'Accept': '*/*', 'Connection': 'keep-alive'} 
 body=None 
 </msg>
<msg time="2024-04-26T22:14:15.200674" level="INFO">GET Response : url=https://randomuser.me/api 
 status=200, reason=OK 
 headers={'Date': 'Fri, 26 Apr 2024 22:14:15 GMT', 'Content-Type': 'application/json; charset=utf-8', 'Transfer-Encoding': 'chunked', 'Connection': 'keep-alive', 'X-Powered-By': 'Express', 'Access-Control-Allow-Origin': '*', 'Cache-Control': 'no-cache', 'ETag': 'W/"47b-OKLNMNtBRwIOzFsASmTYlYKU+lo"', 'Vary': 'Accept-Encoding', 'Content-Encoding': 'gzip', 'CF-Cache-Status': 'DYNAMIC', 'Report-To': '{"endpoints":[{"url":"https:\\/\\/a.nel.cloudflare.com\\/report\\/v4?s=nbTV4TZRSLxRH4Axsy2dG4acoFX5KUWiC4v4EwV1jsUaoo58UJnBc9jkGFD%2FNmdEJa%2FjkmAE7%2FTskm0aXujuUztpSS7N3tUwvL4DizJfeNbZFCG7ghHlpUd4DjZY0ks%2B"}],"group":"cf-nel","max_age":604800}', 'NEL': '{"success_fraction":0,"report_to":"cf-nel","max_age":604800}', 'Server': 'cloudflare', 'CF-RAY': '87a9ecb87a7b2513-SJC', 'alt-svc': 'h3=":443"; ma=86400'} 
 body={"results":[{"gender":"female","name":{"title":"Mrs","first":"آنیتا","last":"نجاتی"},"location":{"street":{"number":1449,"name":"مصطفی خمینی"},"city":"ساری","state":"اصفهان","country":"Iran","postcode":56085,"coordinates":{"latitude":"15.4370","longitude":"148.5626"},"timezone":{"offset":"-10:00","description":"Hawaii"}},"email":"anyt.njty@example.com","login":{"uuid":"0b612971-8d92-4680-ba6e-b6ce577655cc","username":"whitepanda466","password":"highway","salt":"2KkyIboO","md5":"c26b759548c43cfd0afcb680efbb5a77","sha1":"1aa0663d5531701613cd7ccb76d752049f5cbd76","sha256":"0d8df9d7a45a567da0dc86a39f4388b1da37c1b8a335fae949fddb43d5ad0260"},"dob":{"date":"1989-09-05T17:32:04.337Z","age":34},"registered":{"date":"2021-01-21T09:06:11.729Z","age":3},"phone":"044-33378860","cell":"0911-879-2526","id":{"name":"","value":null},"picture":{"large":"https://randomuser.me/api/portraits/women/34.jpg","medium":"https://randomuser.me/api/portraits/med/women/34.jpg","thumbnail":"https://randomuser.me/api/portraits/thumb/women/34.jpg"},"nat":"IR"}],"info":{"seed":"fdabe903900707e1","results":1,"page":1,"version":"1.4"}} 
 </msg>
<msg time="2024-04-26T22:14:15.200750" level="INFO">/opt/hostedtoolcache/Python/3.12.3/x64/lib/python3.12/site-packages/urllib3/connectionpool.py:1103: InsecureRequestWarning: Unverified HTTPS request is being made to host 'randomuser.me'. Adding certificate verification is strongly advised. See: https://urllib3.readthedocs.io/en/latest/advanced-usage.html#tls-warnings
  warnings.warn(</msg>
<msg time="2024-04-26T22:14:15.200875" level="INFO">${response} = &lt;Response [200]&gt;</msg>
<var>${response}</var>
<arg>consultarAPI</arg>
<arg>/api</arg>
<doc>Sends a GET request on a previously created HTTP Session.</doc>
<status status="PASS" start="2024-04-26T22:14:15.110325" elapsed="0.090588"/>
</kw>
<kw name="Set Variable" owner="BuiltIn">
<msg time="2024-04-26T22:14:15.202097" level="INFO">${json_data} = {'results': [{'gender': 'female', 'name': {'title': 'Mrs', 'first': 'آنیتا', 'last': 'نجاتی'}, 'location': {'street': {'number': 1449, 'name': 'مصطفی خمینی'}, 'city': 'ساری', 'state': 'اصفهان', 'count...</msg>
<var>${json_data}</var>
<arg>${response.json()}</arg>
<doc>Returns the given values which can then be assigned to a variables.</doc>
<status status="PASS" start="2024-04-26T22:14:15.201500" elapsed="0.000629"/>
</kw>
<kw name="Log" owner="BuiltIn">
<msg time="2024-04-26T22:14:15.202605" level="INFO">{'results': [{'gender': 'female', 'name': {'title': 'Mrs', 'first': 'آنیتا', 'last': 'نجاتی'}, 'location': {'street': {'number': 1449, 'name': 'مصطفی خمینی'}, 'city': 'ساری', 'state': 'اصفهان', 'country': 'Iran', 'postcode': 56085, 'coordinates': {'latitude': '15.4370', 'longitude': '148.5626'}, 'timezone': {'offset': '-10:00', 'description': 'Hawaii'}}, 'email': 'anyt.njty@example.com', 'login': {'uuid': '0b612971-8d92-4680-ba6e-b6ce577655cc', 'username': 'whitepanda466', 'password': 'highway', 'salt': '2KkyIboO', 'md5': 'c26b759548c43cfd0afcb680efbb5a77', 'sha1': '1aa0663d5531701613cd7ccb76d752049f5cbd76', 'sha256': '0d8df9d7a45a567da0dc86a39f4388b1da37c1b8a335fae949fddb43d5ad0260'}, 'dob': {'date': '1989-09-05T17:32:04.337Z', 'age': 34}, 'registered': {'date': '2021-01-21T09:06:11.729Z', 'age': 3}, 'phone': '044-33378860', 'cell': '0911-879-2526', 'id': {'name': '', 'value': None}, 'picture': {'large': 'https://randomuser.me/api/portraits/women/34.jpg', 'medium': 'https://randomuser.me/api/portraits/med/women/34.jpg', 'thumbnail': 'https://randomuser.me/api/portraits/thumb/women/34.jpg'}, 'nat': 'IR'}], 'info': {'seed': 'fdabe903900707e1', 'results': 1, 'page': 1, 'version': '1.4'}}</msg>
<arg>${json_data}</arg>
<doc>Logs the given message with the given level.</doc>
<status status="PASS" start="2024-04-26T22:14:15.202442" elapsed="0.000251"/>
</kw>
<kw name="Should Be String" owner="String">
<arg>${json_data['results'][0]['gender']}</arg>
<doc>Fails if the given ``item`` is not a string.</doc>
<status status="PASS" start="2024-04-26T22:14:15.203032" elapsed="0.000369"/>
</kw>
<kw name="Should Match Regexp" owner="BuiltIn">
<arg>${json_data['results'][0]['email']}</arg>
<arg>^[a-zA-Z0-9._%+-]+@[a-zA-Z0-9.-]+\.[a-zA-Z]{2,}$</arg>
<doc>Fails if ``string`` does not match ``pattern`` as a regular expression.</doc>
<status status="PASS" start="2024-04-26T22:14:15.203595" elapsed="0.000549"/>
</kw>
<kw name="Should Match Regexp" owner="BuiltIn">
<arg>${json_data['results'][0]['dob']['date']}</arg>
<arg>\\d{4}-\\d{2}-\\d{2}T\\d{2}:\\d{2}:\\d{2}\\.\\d{3}Z</arg>
<doc>Fails if ``string`` does not match ``pattern`` as a regular expression.</doc>
<status status="PASS" start="2024-04-26T22:14:15.204376" elapsed="0.000571"/>
</kw>
<kw name="Should Match Regexp" owner="BuiltIn">
<arg>${json_data['results'][0]['registered']['date']}</arg>
<arg>\\d{4}-\\d{2}-\\d{2}T\\d{2}:\\d{2}:\\d{2}\\.\\d{3}Z</arg>
<doc>Fails if ``string`` does not match ``pattern`` as a regular expression.</doc>
<status status="PASS" start="2024-04-26T22:14:15.205142" elapsed="0.000376"/>
</kw>
<kw name="Should Match Regexp" owner="BuiltIn">
<arg>${json_data['results'][0]['picture']['large']}</arg>
<arg>^https?://.*\.(?:png|jpe?g|gif|bmp)$</arg>
<doc>Fails if ``string`` does not match ``pattern`` as a regular expression.</doc>
<status status="PASS" start="2024-04-26T22:14:15.205704" elapsed="0.000461"/>
</kw>
<kw name="Should Match Regexp" owner="BuiltIn">
<arg>${json_data['results'][0]['picture']['medium']}</arg>
<arg>^https?://.*\.(?:png|jpe?g|gif|bmp)$</arg>
<doc>Fails if ``string`` does not match ``pattern`` as a regular expression.</doc>
<status status="PASS" start="2024-04-26T22:14:15.206359" elapsed="0.000362"/>
</kw>
<kw name="Should Match Regexp" owner="BuiltIn">
<arg>${json_data['results'][0]['picture']['thumbnail']}</arg>
<arg>^https?://.*\.(?:png|jpe?g|gif|bmp)$</arg>
<doc>Fails if ``string`` does not match ``pattern`` as a regular expression.</doc>
<status status="PASS" start="2024-04-26T22:14:15.206909" elapsed="0.000385"/>
</kw>
<kw name="Log" owner="BuiltIn">
<msg time="2024-04-26T22:14:15.207799" level="INFO">{'large': 'https://randomuser.me/api/portraits/women/34.jpg', 'medium': 'https://randomuser.me/api/portraits/med/women/34.jpg', 'thumbnail': 'https://randomuser.me/api/portraits/thumb/women/34.jpg'}</msg>
<arg>${json_data['results'][0]['picture']}</arg>
<doc>Logs the given message with the given level.</doc>
<status status="PASS" start="2024-04-26T22:14:15.207475" elapsed="0.000366"/>
</kw>
<status status="PASS" start="2024-04-26T22:14:15.110099" elapsed="0.097997"/>
</kw>
<kw name="Teste de Tipos de Dados - Postcode" owner="random-user-service">
<kw name="GET On Session" owner="RequestsLibrary">
<msg time="2024-04-26T22:14:15.296076" level="INFO">GET Request : url=https://randomuser.me/api 
 path_url=/api 
 headers={'User-Agent': 'python-requests/2.31.0', 'Accept-Encoding': 'gzip, deflate', 'Accept': '*/*', 'Connection': 'keep-alive'} 
 body=None 
 </msg>
<msg time="2024-04-26T22:14:15.296150" level="INFO">GET Response : url=https://randomuser.me/api 
 status=200, reason=OK 
 headers={'Date': 'Fri, 26 Apr 2024 22:14:15 GMT', 'Content-Type': 'application/json; charset=utf-8', 'Transfer-Encoding': 'chunked', 'Connection': 'keep-alive', 'X-Powered-By': 'Express', 'Access-Control-Allow-Origin': '*', 'Cache-Control': 'no-cache', 'ETag': 'W/"486-/VwKA73T0g8uGeAniXEcmwz4R6k"', 'Vary': 'Accept-Encoding', 'Content-Encoding': 'gzip', 'CF-Cache-Status': 'DYNAMIC', 'Report-To': '{"endpoints":[{"url":"https:\\/\\/a.nel.cloudflare.com\\/report\\/v4?s=%2BuQ7o72dinluLJTJUKXFwpCi5HpQ9i916REtYV%2FYCeKJssHb46YLq86fkt4aF0ox4iG9qkSFXRC86GSnmEEgY9DffcAFtmx7tTQ87yxc5u%2F0cZn39D%2B3lxfsAznzFU%2Bv"}],"group":"cf-nel","max_age":604800}', 'NEL': '{"success_fraction":0,"report_to":"cf-nel","max_age":604800}', 'Server': 'cloudflare', 'CF-RAY': '87a9ecb91b142513-SJC', 'alt-svc': 'h3=":443"; ma=86400'} 
 body={"results":[{"gender":"female","name":{"title":"Miss","first":"Marie","last":"Christensen"},"location":{"street":{"number":3454,"name":"Mågevej"},"city":"København Sv","state":"Danmark","country":"Denmark","postcode":50057,"coordinates":{"latitude":"-41.1760","longitude":"95.2460"},"timezone":{"offset":"-12:00","description":"Eniwetok, Kwajalein"}},"email":"marie.christensen@example.com","login":{"uuid":"a1305860-7be2-43d3-92aa-f53cf9f8fa34","username":"purplezebra435","password":"person","salt":"R4lmZnhj","md5":"7db395835dbe0d43fb34acd73bdd61bb","sha1":"1d544622803c7ca0e0fd3d9ad9eea139b8bc0965","sha256":"e5818fc18eb8448cada98baa37e9f4890b0c9b717380ac845edad84fedd1f2c7"},"dob":{"date":"1958-09-28T02:27:35.449Z","age":65},"registered":{"date":"2017-07-16T02:44:31.700Z","age":6},"phone":"59596229","cell":"99756456","id":{"name":"CPR","value":"270958-1650"},"picture":{"large":"https://randomuser.me/api/portraits/women/94.jpg","medium":"https://randomuser.me/api/portraits/med/women/94.jpg","thumbnail":"https://randomuser.me/api/portraits/thumb/women/94.jpg"},"nat":"DK"}],"info":{"seed":"61feaff18d90d661","results":1,"page":1,"version":"1.4"}} 
 </msg>
<msg time="2024-04-26T22:14:15.296213" level="INFO">/opt/hostedtoolcache/Python/3.12.3/x64/lib/python3.12/site-packages/urllib3/connectionpool.py:1103: InsecureRequestWarning: Unverified HTTPS request is being made to host 'randomuser.me'. Adding certificate verification is strongly advised. See: https://urllib3.readthedocs.io/en/latest/advanced-usage.html#tls-warnings
  warnings.warn(</msg>
<msg time="2024-04-26T22:14:15.296315" level="INFO">${response} = &lt;Response [200]&gt;</msg>
<var>${response}</var>
<arg>consultarAPI</arg>
<arg>/api</arg>
<doc>Sends a GET request on a previously created HTTP Session.</doc>
<status status="PASS" start="2024-04-26T22:14:15.208562" elapsed="0.087796"/>
</kw>
<kw name="Set Variable" owner="BuiltIn">
<msg time="2024-04-26T22:14:15.297434" level="INFO">${json_data} = {'results': [{'gender': 'female', 'name': {'title': 'Miss', 'first': 'Marie', 'last': 'Christensen'}, 'location': {'street': {'number': 3454, 'name': 'Mågevej'}, 'city': 'København Sv', 'state': 'Danm...</msg>
<var>${json_data}</var>
<arg>${response.json()}</arg>
<doc>Returns the given values which can then be assigned to a variables.</doc>
<status status="PASS" start="2024-04-26T22:14:15.296867" elapsed="0.000596"/>
</kw>
<kw name="Log" owner="BuiltIn">
<msg time="2024-04-26T22:14:15.297934" level="INFO">{'results': [{'gender': 'female', 'name': {'title': 'Miss', 'first': 'Marie', 'last': 'Christensen'}, 'location': {'street': {'number': 3454, 'name': 'Mågevej'}, 'city': 'København Sv', 'state': 'Danmark', 'country': 'Denmark', 'postcode': 50057, 'coordinates': {'latitude': '-41.1760', 'longitude': '95.2460'}, 'timezone': {'offset': '-12:00', 'description': 'Eniwetok, Kwajalein'}}, 'email': 'marie.christensen@example.com', 'login': {'uuid': 'a1305860-7be2-43d3-92aa-f53cf9f8fa34', 'username': 'purplezebra435', 'password': 'person', 'salt': 'R4lmZnhj', 'md5': '7db395835dbe0d43fb34acd73bdd61bb', 'sha1': '1d544622803c7ca0e0fd3d9ad9eea139b8bc0965', 'sha256': 'e5818fc18eb8448cada98baa37e9f4890b0c9b717380ac845edad84fedd1f2c7'}, 'dob': {'date': '1958-09-28T02:27:35.449Z', 'age': 65}, 'registered': {'date': '2017-07-16T02:44:31.700Z', 'age': 6}, 'phone': '59596229', 'cell': '99756456', 'id': {'name': 'CPR', 'value': '270958-1650'}, 'picture': {'large': 'https://randomuser.me/api/portraits/women/94.jpg', 'medium': 'https://randomuser.me/api/portraits/med/women/94.jpg', 'thumbnail': 'https://randomuser.me/api/portraits/thumb/women/94.jpg'}, 'nat': 'DK'}], 'info': {'seed': '61feaff18d90d661', 'results': 1, 'page': 1, 'version': '1.4'}}</msg>
<arg>${json_data}</arg>
<doc>Logs the given message with the given level.</doc>
<status status="PASS" start="2024-04-26T22:14:15.297773" elapsed="0.000242"/>
</kw>
<kw name="Should Be Equal As Numbers" owner="BuiltIn">
<arg>${json_data['results'][0]['location']['postcode']}</arg>
<arg>${json_data['results'][0]['location']['postcode']}</arg>
<doc>Fails if objects are unequal after converting them to real numbers.</doc>
<status status="PASS" start="2024-04-26T22:14:15.298314" elapsed="0.000808"/>
</kw>
<kw name="Log" owner="BuiltIn">
<msg time="2024-04-26T22:14:15.299661" level="INFO">50057</msg>
<arg>${json_data['results'][0]['location']['postcode']}</arg>
<doc>Logs the given message with the given level.</doc>
<status status="PASS" start="2024-04-26T22:14:15.299324" elapsed="0.000377"/>
</kw>
<status status="PASS" start="2024-04-26T22:14:15.208327" elapsed="0.091624"/>
</kw>
<doc>Testa se os tipos de dados na resposta da API estão corretos.</doc>
<tag>testeTiposDados</tag>
<status status="PASS" start="2024-04-26T22:14:15.109636" elapsed="0.190481"/>
</test>
<test id="s1-s1-t5" name="Validar conteudo" line="35">
<kw name="Teste de Tipos de Conteudo" owner="random-user-service">
<kw name="GET On Session" owner="RequestsLibrary">
<msg time="2024-04-26T22:14:15.400728" level="INFO">GET Request : url=https://randomuser.me/api 
 path_url=/api 
 headers={'User-Agent': 'python-requests/2.31.0', 'Accept-Encoding': 'gzip, deflate', 'Accept': '*/*', 'Connection': 'keep-alive'} 
 body=None 
 </msg>
<msg time="2024-04-26T22:14:15.400798" level="INFO">GET Response : url=https://randomuser.me/api 
 status=200, reason=OK 
 headers={'Date': 'Fri, 26 Apr 2024 22:14:15 GMT', 'Content-Type': 'application/json; charset=utf-8', 'Transfer-Encoding': 'chunked', 'Connection': 'keep-alive', 'X-Powered-By': 'Express', 'Access-Control-Allow-Origin': '*', 'Cache-Control': 'no-cache', 'ETag': 'W/"4a7-6lREkBsfgkeqcpqbMdli/u6vNis"', 'Vary': 'Accept-Encoding', 'Content-Encoding': 'gzip', 'CF-Cache-Status': 'DYNAMIC', 'Report-To': '{"endpoints":[{"url":"https:\\/\\/a.nel.cloudflare.com\\/report\\/v4?s=cUpaA8Wv0Fbd4vEc9a1zupYOZDQyRfo4qKgo9JwYv97eotsBEa2YLesA7YlZu4m7Efb%2BSFII%2F432KJwr5pHOEbFbSlMrBOzyVWZPZlCeXoCTQXprwBDHpB%2BtOaPHm%2BLi"}],"group":"cf-nel","max_age":604800}', 'NEL': '{"success_fraction":0,"report_to":"cf-nel","max_age":604800}', 'Server': 'cloudflare', 'CF-RAY': '87a9ecb9ab8d2513-SJC', 'alt-svc': 'h3=":443"; ma=86400'} 
 body={"results":[{"gender":"female","name":{"title":"Miss","first":"Lyubov","last":"Prokopovich"},"location":{"street":{"number":8894,"name":"Chumackiy shlyah"},"city":"Lisichansk","state":"Avtonomna Respublika Krim","country":"Ukraine","postcode":29585,"coordinates":{"latitude":"80.1379","longitude":"42.1550"},"timezone":{"offset":"+4:00","description":"Abu Dhabi, Muscat, Baku, Tbilisi"}},"email":"lyubov.prokopovich@example.com","login":{"uuid":"7b4aef70-3a7e-4ec7-9cc6-299febe01e22","username":"happycat641","password":"shutup","salt":"PD64WEvX","md5":"4035664bbfb66e25f7e6c31b46b846ce","sha1":"9dafabb4a98bc1263148797f255ea1ea5b3f9d50","sha256":"eb83b98092f41412a0a755c9c223581851cff12bde6c22823c1083e8dd4b4b29"},"dob":{"date":"1979-04-17T09:58:53.163Z","age":45},"registered":{"date":"2021-05-11T06:08:08.875Z","age":2},"phone":"(097) X01-9110","cell":"(098) U06-2646","id":{"name":"","value":null},"picture":{"large":"https://randomuser.me/api/portraits/women/90.jpg","medium":"https://randomuser.me/api/portraits/med/women/90.jpg","thumbnail":"https://randomuser.me/api/portraits/thumb/women/90.jpg"},"nat":"UA"}],"info":{"seed":"bb69e2f7ec8db951","results":1,"page":1,"version":"1.4"}} 
 </msg>
<msg time="2024-04-26T22:14:15.400860" level="INFO">/opt/hostedtoolcache/Python/3.12.3/x64/lib/python3.12/site-packages/urllib3/connectionpool.py:1103: InsecureRequestWarning: Unverified HTTPS request is being made to host 'randomuser.me'. Adding certificate verification is strongly advised. See: https://urllib3.readthedocs.io/en/latest/advanced-usage.html#tls-warnings
  warnings.warn(</msg>
<msg time="2024-04-26T22:14:15.400949" level="INFO">${response} = &lt;Response [200]&gt;</msg>
<var>${response}</var>
<arg>consultarAPI</arg>
<arg>/api</arg>
<doc>Sends a GET request on a previously created HTTP Session.</doc>
<status status="PASS" start="2024-04-26T22:14:15.302689" elapsed="0.098285"/>
</kw>
<kw name="Set Variable" owner="BuiltIn">
<msg time="2024-04-26T22:14:15.401828" level="INFO">${json_data} = {'results': [{'gender': 'female', 'name': {'title': 'Miss', 'first': 'Lyubov', 'last': 'Prokopovich'}, 'location': {'street': {'number': 8894, 'name': 'Chumackiy shlyah'}, 'city': 'Lisichansk', 'state...</msg>
<var>${json_data}</var>
<arg>${response.json()}</arg>
<doc>Returns the given values which can then be assigned to a variables.</doc>
<status status="PASS" start="2024-04-26T22:14:15.401372" elapsed="0.000485"/>
</kw>
<kw name="Set Variable" owner="BuiltIn">
<msg time="2024-04-26T22:14:15.402530" level="INFO">${name_title} = Miss</msg>
<var>${name_title}</var>
<arg>${json_data["results"][0]["name"]["title"]}</arg>
<doc>Returns the given values which can then be assigned to a variables.</doc>
<status status="PASS" start="2024-04-26T22:14:15.402155" elapsed="0.000399"/>
</kw>
<kw name="Create List" owner="BuiltIn">
<msg time="2024-04-26T22:14:15.403029" level="INFO">${allowed_titles} = ['Mr', 'Ms', 'Miss', 'Mrs', 'Madame', 'Monsieur']</msg>
<var>${allowed_titles}</var>
<arg>Mr</arg>
<arg>Ms</arg>
<arg>Miss</arg>
<arg>Mrs</arg>
<arg>Madame</arg>
<arg>Monsieur</arg>
<doc>Returns a list containing given items.</doc>
<status status="PASS" start="2024-04-26T22:14:15.402849" elapsed="0.000205"/>
</kw>
<kw name="List Should Contain Value" owner="Collections">
<msg time="2024-04-26T22:14:15.403522" level="INFO">False</msg>
<arg>${allowed_titles}</arg>
<arg>${name_title}</arg>
<doc>Fails if the ``value`` is not found from ``list``.</doc>
<status status="PASS" start="2024-04-26T22:14:15.403351" elapsed="0.000208"/>
</kw>
<kw name="Set Variable" owner="BuiltIn">
<msg time="2024-04-26T22:14:15.404221" level="INFO">${name_country} = UA</msg>
<var>${name_country}</var>
<arg>${json_data["results"][0]["nat"]}</arg>
<doc>Returns the given values which can then be assigned to a variables.</doc>
<status status="PASS" start="2024-04-26T22:14:15.403843" elapsed="0.000403"/>
</kw>
<kw name="Create List" owner="BuiltIn">
<msg time="2024-04-26T22:14:15.405193" level="INFO">${list_country} = ['AD', 'AE', 'AF', 'AG', 'AI', 'AL', 'AM', 'AO', 'AQ', 'AR', 'AS', 'AT', 'AU', 'AW', 'AX', 'AZ', 'BA', 'BB', 'BD', 'BE', 'BF', 'BG', 'BH', 'BI', 'BJ', 'BL', 'BM', 'BN', 'BO', 'BQ', 'BR', 'BS', 'BT', '...</msg>
<var>${list_country}</var>
<arg>AD</arg>
<arg>AE</arg>
<arg>AF</arg>
<arg>AG</arg>
<arg>AI</arg>
<arg>AL</arg>
<arg>AM</arg>
<arg>AO</arg>
<arg>AQ</arg>
<arg>AR</arg>
<arg>AS</arg>
<arg>AT</arg>
<arg>AU</arg>
<arg>AW</arg>
<arg>AX</arg>
<arg>AZ</arg>
<arg>BA</arg>
<arg>BB</arg>
<arg>BD</arg>
<arg>BE</arg>
<arg>BF</arg>
<arg>BG</arg>
<arg>BH</arg>
<arg>BI</arg>
<arg>BJ</arg>
<arg>BL</arg>
<arg>BM</arg>
<arg>BN</arg>
<arg>BO</arg>
<arg>BQ</arg>
<arg>BR</arg>
<arg>BS</arg>
<arg>BT</arg>
<arg>BV</arg>
<arg>BW</arg>
<arg>BY</arg>
<arg>BZ</arg>
<arg>CA</arg>
<arg>CC</arg>
<arg>CD</arg>
<arg>CF</arg>
<arg>CG</arg>
<arg>CH</arg>
<arg>CI</arg>
<arg>CK</arg>
<arg>CL</arg>
<arg>CM</arg>
<arg>CN</arg>
<arg>CO</arg>
<arg>CR</arg>
<arg>CU</arg>
<arg>CV</arg>
<arg>CW</arg>
<arg>CX</arg>
<arg>CY</arg>
<arg>CZ</arg>
<arg>DE</arg>
<arg>DJ</arg>
<arg>DK</arg>
<arg>DM</arg>
<arg>DO</arg>
<arg>DZ</arg>
<arg>EC</arg>
<arg>EE</arg>
<arg>EG</arg>
<arg>EH</arg>
<arg>ER</arg>
<arg>ES</arg>
<arg>ET</arg>
<arg>FI</arg>
<arg>FJ</arg>
<arg>FK</arg>
<arg>FM</arg>
<arg>FO</arg>
<arg>FR</arg>
<arg>GA</arg>
<arg>GB</arg>
<arg>GD</arg>
<arg>GE</arg>
<arg>GF</arg>
<arg>GG</arg>
<arg>GH</arg>
<arg>GI</arg>
<arg>GL</arg>
<arg>GM</arg>
<arg>GN</arg>
<arg>GP</arg>
<arg>GQ</arg>
<arg>GR</arg>
<arg>GS</arg>
<arg>GT</arg>
<arg>GU</arg>
<arg>GW</arg>
<arg>GY</arg>
<arg>HK</arg>
<arg>HM</arg>
<arg>HN</arg>
<arg>HR</arg>
<arg>HT</arg>
<arg>HU</arg>
<arg>ID</arg>
<arg>IE</arg>
<arg>IL</arg>
<arg>IM</arg>
<arg>IN</arg>
<arg>IO</arg>
<arg>IQ</arg>
<arg>IR</arg>
<arg>IS</arg>
<arg>IT</arg>
<arg>JE</arg>
<arg>JM</arg>
<arg>JO</arg>
<arg>JP</arg>
<arg>KE</arg>
<arg>KG</arg>
<arg>KH</arg>
<arg>KI</arg>
<arg>KM</arg>
<arg>KN</arg>
<arg>KP</arg>
<arg>KR</arg>
<arg>KW</arg>
<arg>KY</arg>
<arg>KZ</arg>
<arg>LA</arg>
<arg>LB</arg>
<arg>LC</arg>
<arg>LI</arg>
<arg>LK</arg>
<arg>LR</arg>
<arg>LS</arg>
<arg>LT</arg>
<arg>LU</arg>
<arg>LV</arg>
<arg>LY</arg>
<arg>MA</arg>
<arg>MC</arg>
<arg>MD</arg>
<arg>ME</arg>
<arg>MF</arg>
<arg>MG</arg>
<arg>MH</arg>
<arg>MK</arg>
<arg>ML</arg>
<arg>MM</arg>
<arg>MN</arg>
<arg>MO</arg>
<arg>MP</arg>
<arg>MQ</arg>
<arg>MR</arg>
<arg>MS</arg>
<arg>MT</arg>
<arg>MU</arg>
<arg>MV</arg>
<arg>MW</arg>
<arg>MX</arg>
<arg>MY</arg>
<arg>MZ</arg>
<arg>NA</arg>
<arg>NC</arg>
<arg>NE</arg>
<arg>NF</arg>
<arg>NG</arg>
<arg>NI</arg>
<arg>NL</arg>
<arg>NO</arg>
<arg>NP</arg>
<arg>NR</arg>
<arg>NU</arg>
<arg>NZ</arg>
<arg>OM</arg>
<arg>PA</arg>
<arg>PE</arg>
<arg>PF</arg>
<arg>PG</arg>
<arg>PH</arg>
<arg>PK</arg>
<arg>PL</arg>
<arg>PM</arg>
<arg>PN</arg>
<arg>PR</arg>
<arg>PS</arg>
<arg>PT</arg>
<arg>PW</arg>
<arg>PY</arg>
<arg>QA</arg>
<arg>RE</arg>
<arg>RO</arg>
<arg>RS</arg>
<arg>RU</arg>
<arg>RW</arg>
<arg>SA</arg>
<arg>SB</arg>
<arg>SC</arg>
<arg>SD</arg>
<arg>SE</arg>
<arg>SG</arg>
<arg>SH</arg>
<arg>SI</arg>
<arg>SJ</arg>
<arg>SK</arg>
<arg>SL</arg>
<arg>SM</arg>
<arg>SN</arg>
<arg>SO</arg>
<arg>SR</arg>
<arg>SS</arg>
<arg>ST</arg>
<arg>SV</arg>
<arg>SX</arg>
<arg>SY</arg>
<arg>SZ</arg>
<arg>TC</arg>
<arg>TD</arg>
<arg>TF</arg>
<arg>TG</arg>
<arg>TH</arg>
<arg>TJ</arg>
<arg>TK</arg>
<arg>TL</arg>
<arg>TM</arg>
<arg>TN</arg>
<arg>TO</arg>
<arg>TR</arg>
<arg>TT</arg>
<arg>TV</arg>
<arg>TW</arg>
<arg>TZ</arg>
<arg>UA</arg>
<arg>UG</arg>
<arg>UM</arg>
<arg>US</arg>
<arg>UY</arg>
<arg>UZ</arg>
<arg>VA</arg>
<arg>VC</arg>
<arg>VE</arg>
<arg>VG</arg>
<arg>VI</arg>
<arg>VN</arg>
<arg>VU</arg>
<arg>WF</arg>
<arg>WS</arg>
<arg>XK</arg>
<arg>YE</arg>
<arg>YT</arg>
<arg>ZA</arg>
<arg>ZM</arg>
<arg>ZW</arg>
<doc>Returns a list containing given items.</doc>
<status status="PASS" start="2024-04-26T22:14:15.404541" elapsed="0.000680"/>
</kw>
<kw name="List Should Contain Value" owner="Collections">
<msg time="2024-04-26T22:14:15.406233" level="INFO">False</msg>
<arg>${list_country}</arg>
<arg>${name_country}</arg>
<doc>Fails if the ``value`` is not found from ``list``.</doc>
<status status="PASS" start="2024-04-26T22:14:15.406034" elapsed="0.000235"/>
</kw>
<kw name="Run Keyword If" owner="BuiltIn">
<kw name="Should Be True" owner="BuiltIn">
<arg>${True}</arg>
<doc>Fails if the given condition is not true.</doc>
<status status="PASS" start="2024-04-26T22:14:15.407369" elapsed="0.000145"/>
</kw>
<arg>${json_data["results"][0]["location"]["coordinates"]["latitude"]} &gt;= -90 and ${json_data["results"][0]["location"]["coordinates"]["latitude"]} &lt;= 90</arg>
<arg>Should Be True</arg>
<arg>${True}</arg>
<doc>Runs the given keyword with the given arguments, if ``condition`` is true.</doc>
<status status="PASS" start="2024-04-26T22:14:15.406579" elapsed="0.001066"/>
</kw>
<kw name="Run Keyword If" owner="BuiltIn">
<kw name="Should Be True" owner="BuiltIn">
<arg>${True}</arg>
<doc>Fails if the given condition is not true.</doc>
<status status="PASS" start="2024-04-26T22:14:15.408527" elapsed="0.000248"/>
</kw>
<arg>${json_data["results"][0]["location"]["coordinates"]["longitude"]} &gt;= -180 and ${json_data["results"][0]["location"]["coordinates"]["longitude"]} &lt;= 180</arg>
<arg>Should Be True</arg>
<arg>${True}</arg>
<doc>Runs the given keyword with the given arguments, if ``condition`` is true.</doc>
<status status="PASS" start="2024-04-26T22:14:15.407829" elapsed="0.001078"/>
</kw>
<status status="PASS" start="2024-04-26T22:14:15.302458" elapsed="0.106579"/>
</kw>
<doc>Testa o conteúdo específico dos campos retornados pela API.</doc>
<tag>testeConteudo</tag>
<status status="PASS" start="2024-04-26T22:14:15.301894" elapsed="0.107289"/>
</test>
<status status="PASS" start="2024-04-26T22:14:14.532876" elapsed="0.878248"/>
</suite>
<status status="PASS" start="2024-04-26T22:14:14.519442" elapsed="0.896790"/>
</suite>
<statistics>
<total>
<stat pass="5" fail="0" skip="0">All Tests</stat>
</total>
<tag>
<stat pass="1" fail="0" skip="0">testeConteudo</stat>
<stat pass="1" fail="0" skip="0">testeEstruturaResposta</stat>
<stat pass="1" fail="0" skip="0">testeRequisicaoBasica</stat>
<stat pass="1" fail="0" skip="0">testeTiposDados</stat>
</tag>
<suite>
<stat pass="5" fail="0" skip="0" id="s1" name="Tests">Tests</stat>
<stat pass="5" fail="0" skip="0" id="s1-s1" name="Random-User-Test">Tests.Random-User-Test</stat>
</suite>
</statistics>
<errors>
</errors>
</robot>
