<?xml version="1.0" encoding="UTF-8"?>
<robot generator="Robot 7.0 (Python 3.12.3 on linux)" generated="2024-05-18T13:15:04.994920" rpa="false" schemaversion="5">
<suite id="s1" name="Tests" source="/home/runner/work/DesafioQAItauRogerioJordao/DesafioQAItauRogerioJordao/RamdonUser/tests">
<suite id="s1-s1" name="Random-User-Test" source="/home/runner/work/DesafioQAItauRogerioJordao/DesafioQAItauRogerioJordao/RamdonUser/tests/random-user-test.robot">
<test id="s1-s1-t1" name="Conectar" line="13">
<kw name="Conectar API" owner="random-user-service">
<kw name="Create Session" owner="RequestsLibrary">
<msg time="2024-05-18T13:15:05.350196" level="INFO">Creating Session using : alias=consultarAPI, url=https://randomuser.me/, headers={},                     cookies={}, auth=None, timeout=None, proxies=None, verify=False,                     debug=0 </msg>
<arg>consultarAPI</arg>
<arg>${URL}</arg>
<doc>Create Session: create a HTTP session to a server</doc>
<status status="PASS" start="2024-05-18T13:15:05.350006" elapsed="0.000358"/>
</kw>
<status status="PASS" start="2024-05-18T13:15:05.349102" elapsed="0.001636"/>
</kw>
<status status="PASS" start="2024-05-18T13:15:05.348522" elapsed="0.002409"/>
</test>
<test id="s1-s1-t2" name="Validar retorno 200 e JSON Válido" line="16">
<kw name="Teste de Requisicao Basica" owner="random-user-service">
<kw name="GET On Session" owner="RequestsLibrary">
<msg time="2024-05-18T13:15:05.469631" level="INFO">GET Request : url=https://randomuser.me/api 
 path_url=/api 
 headers={'User-Agent': 'python-requests/2.31.0', 'Accept-Encoding': 'gzip, deflate', 'Accept': '*/*', 'Connection': 'keep-alive'} 
 body=None 
 </msg>
<msg time="2024-05-18T13:15:05.469757" level="INFO">GET Response : url=https://randomuser.me/api 
 status=200, reason=OK 
 headers={'Date': 'Sat, 18 May 2024 13:15:05 GMT', 'Content-Type': 'application/json; charset=utf-8', 'Transfer-Encoding': 'chunked', 'Connection': 'keep-alive', 'X-Powered-By': 'Express', 'Access-Control-Allow-Origin': '*', 'Cache-Control': 'no-cache', 'ETag': 'W/"4ae-woijOXdH9qaeLqgUQuHf+NaT6Xk"', 'Vary': 'Accept-Encoding', 'Content-Encoding': 'gzip', 'CF-Cache-Status': 'DYNAMIC', 'Report-To': '{"endpoints":[{"url":"https:\\/\\/a.nel.cloudflare.com\\/report\\/v4?s=lRtpJ0bf9nz6uCQKbHsoOPdTOmnK2enyADf%2FBdepWQBZeA1HUL7aQf%2BOVLz9FiNjJ580Ww8ACaYt6je2GOdQkwfg04pjKXQ%2BiUqRIlzrnRPP%2B9B0GhKWqITBCn82Ujmg"}],"group":"cf-nel","max_age":604800}', 'NEL': '{"success_fraction":0,"report_to":"cf-nel","max_age":604800}', 'Server': 'cloudflare', 'CF-RAY': '885c1d2ead7315e3-SJC', 'alt-svc': 'h3=":443"; ma=86400'} 
 body={"results":[{"gender":"male","name":{"title":"Mr","first":"سینا","last":"محمدخان"},"location":{"street":{"number":4801,"name":"استاد نجات‌اللهی"},"city":"خرم‌آباد","state":"خراسان شمالی","country":"Iran","postcode":14301,"coordinates":{"latitude":"15.1040","longitude":"-49.6427"},"timezone":{"offset":"+9:00","description":"Tokyo, Seoul, Osaka, Sapporo, Yakutsk"}},"email":"syn.mhmdkhn@example.com","login":{"uuid":"89e71550-14c2-4c14-afb2-6aefe4f1d2ae","username":"saddog465","password":"wowwow","salt":"htVjUet4","md5":"b2ba993941fd1d0155ab602fb8b885f1","sha1":"6cc55fc0e06a0eb617a9c9bcafc3d92c74c70bb2","sha256":"8a1bf7e69f65c3e2cdc04377f9d210b53aeeb75f9275dfa9152340b849ff8d3b"},"dob":{"date":"1981-11-22T01:12:20.367Z","age":42},"registered":{"date":"2020-07-27T10:38:15.190Z","age":3},"phone":"083-90816992","cell":"0953-673-9738","id":{"name":"","value":null},"picture":{"large":"https://randomuser.me/api/portraits/men/96.jpg","medium":"https://randomuser.me/api/portraits/med/men/96.jpg","thumbnail":"https://randomuser.me/api/portraits/thumb/men/96.jpg"},"nat":"IR"}],"info":{"seed":"0d158115074d7c80","results":1,"page":1,"version":"1.4"}} 
 </msg>
<msg time="2024-05-18T13:15:05.469832" level="INFO">/opt/hostedtoolcache/Python/3.12.3/x64/lib/python3.12/site-packages/urllib3/connectionpool.py:1103: InsecureRequestWarning: Unverified HTTPS request is being made to host 'randomuser.me'. Adding certificate verification is strongly advised. See: https://urllib3.readthedocs.io/en/latest/advanced-usage.html#tls-warnings
  warnings.warn(</msg>
<msg time="2024-05-18T13:15:05.469969" level="INFO">${response} = &lt;Response [200]&gt;</msg>
<var>${response}</var>
<arg>consultarAPI</arg>
<arg>/api</arg>
<doc>Sends a GET request on a previously created HTTP Session.</doc>
<status status="PASS" start="2024-05-18T13:15:05.353572" elapsed="0.116438"/>
</kw>
<kw name="Should Be Equal As Numbers" owner="BuiltIn">
<msg time="2024-05-18T13:15:05.471046" level="INFO">Argument types are:
&lt;class 'int'&gt;
&lt;class 'str'&gt;</msg>
<arg>${response.status_code}</arg>
<arg>200</arg>
<doc>Fails if objects are unequal after converting them to real numbers.</doc>
<status status="PASS" start="2024-05-18T13:15:05.470587" elapsed="0.000522"/>
</kw>
<kw name="Log" owner="BuiltIn">
<msg time="2024-05-18T13:15:05.471773" level="INFO">200</msg>
<arg>${response.status_code}</arg>
<doc>Logs the given message with the given level.</doc>
<status status="PASS" start="2024-05-18T13:15:05.471426" elapsed="0.000389"/>
</kw>
<kw name="Set Variable" owner="BuiltIn">
<msg time="2024-05-18T13:15:05.472563" level="INFO">${json_data} = {'results': [{'gender': 'male', 'name': {'title': 'Mr', 'first': 'سینا', 'last': 'محمدخان'}, 'location': {'street': {'number': 4801, 'name': 'استاد نجات\u200cاللهی'}, 'city': 'خرم\u200cآباد', 'state':...</msg>
<var>${json_data}</var>
<arg>${response.json()}</arg>
<doc>Returns the given values which can then be assigned to a variables.</doc>
<status status="PASS" start="2024-05-18T13:15:05.472120" elapsed="0.000475"/>
</kw>
<kw name="Dictionary Should Contain Key" owner="Collections">
<msg time="2024-05-18T13:15:05.473067" level="INFO">False</msg>
<arg>${json_data}</arg>
<arg>results</arg>
<doc>Fails if ``key`` is not found from ``dictionary``.</doc>
<status status="PASS" start="2024-05-18T13:15:05.472898" elapsed="0.000208"/>
</kw>
<status status="PASS" start="2024-05-18T13:15:05.353327" elapsed="0.120038"/>
</kw>
<doc>Testa se a API responde corretamente e retorna um objeto JSON válido.</doc>
<tag>testeRequisicaoBasica</tag>
<status status="PASS" start="2024-05-18T13:15:05.352805" elapsed="0.120765"/>
</test>
<test id="s1-s1-t3" name="Validar estrutura de resposta" line="22">
<kw name="Teste de Estrutura de Resposta" owner="random-user-service">
<kw name="GET On Session" owner="RequestsLibrary">
<msg time="2024-05-18T13:15:05.568414" level="INFO">GET Request : url=https://randomuser.me/api 
 path_url=/api 
 headers={'User-Agent': 'python-requests/2.31.0', 'Accept-Encoding': 'gzip, deflate', 'Accept': '*/*', 'Connection': 'keep-alive'} 
 body=None 
 </msg>
<msg time="2024-05-18T13:15:05.568479" level="INFO">GET Response : url=https://randomuser.me/api 
 status=200, reason=OK 
 headers={'Date': 'Sat, 18 May 2024 13:15:05 GMT', 'Content-Type': 'application/json; charset=utf-8', 'Transfer-Encoding': 'chunked', 'Connection': 'keep-alive', 'X-Powered-By': 'Express', 'Access-Control-Allow-Origin': '*', 'Cache-Control': 'no-cache', 'ETag': 'W/"481-cPp7hpCZDUpOipTqFrOCa+X/5DQ"', 'Vary': 'Accept-Encoding', 'Content-Encoding': 'gzip', 'CF-Cache-Status': 'DYNAMIC', 'Report-To': '{"endpoints":[{"url":"https:\\/\\/a.nel.cloudflare.com\\/report\\/v4?s=%2FDgg2ZhkE4wEa4glPcg%2FL2phI%2FicdgunYnPn50iG%2BuWFQLxsxFY%2B5T50PqrS9r7xBarYfeDgoVujFi57zuvrdnJD9f%2Bok%2B2FiSTmHXhq04vKsp0KCG1Ew9mwHaoIOzfO"}],"group":"cf-nel","max_age":604800}', 'NEL': '{"success_fraction":0,"report_to":"cf-nel","max_age":604800}', 'Server': 'cloudflare', 'CF-RAY': '885c1d2f3ddb15e3-SJC', 'alt-svc': 'h3=":443"; ma=86400'} 
 body={"results":[{"gender":"male","name":{"title":"Mr","first":"Jacob","last":"Johnson"},"location":{"street":{"number":9410,"name":"Concession Road 6"},"city":"Souris","state":"Yukon","country":"Canada","postcode":"N8B 9Y2","coordinates":{"latitude":"-70.4779","longitude":"-146.1966"},"timezone":{"offset":"+2:00","description":"Kaliningrad, South Africa"}},"email":"jacob.johnson@example.com","login":{"uuid":"768f5cf6-a386-4f8b-b4dd-7dae46dc6dbf","username":"tinyswan541","password":"connie","salt":"OoFA0FSR","md5":"5e80392ffa7b93bf98b616e101a68983","sha1":"e15e92b403793001503dd2fd767b5bf2abef904f","sha256":"f61bdd39d0a003de3fafce9612e2fcb60cca4a3eba97de1ceaad5c9e7ad3e0f9"},"dob":{"date":"1992-01-17T03:45:46.393Z","age":32},"registered":{"date":"2015-01-01T09:36:38.823Z","age":9},"phone":"H48 T48-7992","cell":"M13 N63-1176","id":{"name":"SIN","value":"307617282"},"picture":{"large":"https://randomuser.me/api/portraits/men/87.jpg","medium":"https://randomuser.me/api/portraits/med/men/87.jpg","thumbnail":"https://randomuser.me/api/portraits/thumb/men/87.jpg"},"nat":"CA"}],"info":{"seed":"ebcb84807106f8f4","results":1,"page":1,"version":"1.4"}} 
 </msg>
<msg time="2024-05-18T13:15:05.568570" level="INFO">/opt/hostedtoolcache/Python/3.12.3/x64/lib/python3.12/site-packages/urllib3/connectionpool.py:1103: InsecureRequestWarning: Unverified HTTPS request is being made to host 'randomuser.me'. Adding certificate verification is strongly advised. See: https://urllib3.readthedocs.io/en/latest/advanced-usage.html#tls-warnings
  warnings.warn(</msg>
<msg time="2024-05-18T13:15:05.568774" level="INFO">${response} = &lt;Response [200]&gt;</msg>
<var>${response}</var>
<arg>consultarAPI</arg>
<arg>/api</arg>
<doc>Sends a GET request on a previously created HTTP Session.</doc>
<status status="PASS" start="2024-05-18T13:15:05.476257" elapsed="0.092550"/>
</kw>
<kw name="Set Variable" owner="BuiltIn">
<msg time="2024-05-18T13:15:05.569601" level="INFO">${json_data} = {'results': [{'gender': 'male', 'name': {'title': 'Mr', 'first': 'Jacob', 'last': 'Johnson'}, 'location': {'street': {'number': 9410, 'name': 'Concession Road 6'}, 'city': 'Souris', 'state': 'Yukon', ...</msg>
<var>${json_data}</var>
<arg>${response.json()}</arg>
<doc>Returns the given values which can then be assigned to a variables.</doc>
<status status="PASS" start="2024-05-18T13:15:05.569151" elapsed="0.000479"/>
</kw>
<kw name="Log" owner="BuiltIn">
<msg time="2024-05-18T13:15:05.570087" level="INFO">{'results': [{'gender': 'male', 'name': {'title': 'Mr', 'first': 'Jacob', 'last': 'Johnson'}, 'location': {'street': {'number': 9410, 'name': 'Concession Road 6'}, 'city': 'Souris', 'state': 'Yukon', 'country': 'Canada', 'postcode': 'N8B 9Y2', 'coordinates': {'latitude': '-70.4779', 'longitude': '-146.1966'}, 'timezone': {'offset': '+2:00', 'description': 'Kaliningrad, South Africa'}}, 'email': 'jacob.johnson@example.com', 'login': {'uuid': '768f5cf6-a386-4f8b-b4dd-7dae46dc6dbf', 'username': 'tinyswan541', 'password': 'connie', 'salt': 'OoFA0FSR', 'md5': '5e80392ffa7b93bf98b616e101a68983', 'sha1': 'e15e92b403793001503dd2fd767b5bf2abef904f', 'sha256': 'f61bdd39d0a003de3fafce9612e2fcb60cca4a3eba97de1ceaad5c9e7ad3e0f9'}, 'dob': {'date': '1992-01-17T03:45:46.393Z', 'age': 32}, 'registered': {'date': '2015-01-01T09:36:38.823Z', 'age': 9}, 'phone': 'H48 T48-7992', 'cell': 'M13 N63-1176', 'id': {'name': 'SIN', 'value': '307617282'}, 'picture': {'large': 'https://randomuser.me/api/portraits/men/87.jpg', 'medium': 'https://randomuser.me/api/portraits/med/men/87.jpg', 'thumbnail': 'https://randomuser.me/api/portraits/thumb/men/87.jpg'}, 'nat': 'CA'}], 'info': {'seed': 'ebcb84807106f8f4', 'results': 1, 'page': 1, 'version': '1.4'}}</msg>
<arg>${json_data}</arg>
<doc>Logs the given message with the given level.</doc>
<status status="PASS" start="2024-05-18T13:15:05.569931" elapsed="0.000203"/>
</kw>
<kw name="Dictionary Should Contain Key" owner="Collections">
<msg time="2024-05-18T13:15:05.570623" level="INFO">False</msg>
<arg>${json_data}</arg>
<arg>results</arg>
<doc>Fails if ``key`` is not found from ``dictionary``.</doc>
<status status="PASS" start="2024-05-18T13:15:05.570454" elapsed="0.000206"/>
</kw>
<kw name="Should Not Be Empty" owner="BuiltIn">
<msg time="2024-05-18T13:15:05.571086" level="INFO">Length is 2.</msg>
<arg>${json_data}</arg>
<doc>Verifies that the given item is not empty.</doc>
<status status="PASS" start="2024-05-18T13:15:05.570956" elapsed="0.000291"/>
</kw>
<kw name="Create List" owner="BuiltIn">
<msg time="2024-05-18T13:15:05.571695" level="INFO">${expected_keys} = ['gender', 'name', 'location', 'email', 'login']</msg>
<var>${expected_keys}</var>
<arg>gender</arg>
<arg>name</arg>
<arg>location</arg>
<arg>email</arg>
<arg>login</arg>
<doc>Returns a list containing given items.</doc>
<status status="PASS" start="2024-05-18T13:15:05.571543" elapsed="0.000176"/>
</kw>
<for flavor="IN">
<iter>
<kw name="Dictionary Should Contain Key" owner="Collections">
<msg time="2024-05-18T13:15:05.572676" level="INFO">False</msg>
<arg>${json_data['results'][0]}</arg>
<arg>${key}</arg>
<doc>Fails if ``key`` is not found from ``dictionary``.</doc>
<status status="PASS" start="2024-05-18T13:15:05.572283" elapsed="0.000430"/>
</kw>
<kw name="Log" owner="BuiltIn">
<msg time="2024-05-18T13:15:05.573373" level="INFO">{'gender': 'male', 'name': {'title': 'Mr', 'first': 'Jacob', 'last': 'Johnson'}, 'location': {'street': {'number': 9410, 'name': 'Concession Road 6'}, 'city': 'Souris', 'state': 'Yukon', 'country': 'Canada', 'postcode': 'N8B 9Y2', 'coordinates': {'latitude': '-70.4779', 'longitude': '-146.1966'}, 'timezone': {'offset': '+2:00', 'description': 'Kaliningrad, South Africa'}}, 'email': 'jacob.johnson@example.com', 'login': {'uuid': '768f5cf6-a386-4f8b-b4dd-7dae46dc6dbf', 'username': 'tinyswan541', 'password': 'connie', 'salt': 'OoFA0FSR', 'md5': '5e80392ffa7b93bf98b616e101a68983', 'sha1': 'e15e92b403793001503dd2fd767b5bf2abef904f', 'sha256': 'f61bdd39d0a003de3fafce9612e2fcb60cca4a3eba97de1ceaad5c9e7ad3e0f9'}, 'dob': {'date': '1992-01-17T03:45:46.393Z', 'age': 32}, 'registered': {'date': '2015-01-01T09:36:38.823Z', 'age': 9}, 'phone': 'H48 T48-7992', 'cell': 'M13 N63-1176', 'id': {'name': 'SIN', 'value': '307617282'}, 'picture': {'large': 'https://randomuser.me/api/portraits/men/87.jpg', 'medium': 'https://randomuser.me/api/portraits/med/men/87.jpg', 'thumbnail': 'https://randomuser.me/api/portraits/thumb/men/87.jpg'}, 'nat': 'CA'}</msg>
<arg>${json_data['results'][0]}</arg>
<doc>Logs the given message with the given level.</doc>
<status status="PASS" start="2024-05-18T13:15:05.573016" elapsed="0.000404"/>
</kw>
<kw name="Log" owner="BuiltIn">
<msg time="2024-05-18T13:15:05.573842" level="INFO">gender</msg>
<arg>${key}</arg>
<doc>Logs the given message with the given level.</doc>
<status status="PASS" start="2024-05-18T13:15:05.573715" elapsed="0.000163"/>
</kw>
<var name="${key}">gender</var>
<status status="PASS" start="2024-05-18T13:15:05.572159" elapsed="0.001931"/>
</iter>
<iter>
<kw name="Dictionary Should Contain Key" owner="Collections">
<msg time="2024-05-18T13:15:05.574822" level="INFO">False</msg>
<arg>${json_data['results'][0]}</arg>
<arg>${key}</arg>
<doc>Fails if ``key`` is not found from ``dictionary``.</doc>
<status status="PASS" start="2024-05-18T13:15:05.574390" elapsed="0.000469"/>
</kw>
<kw name="Log" owner="BuiltIn">
<msg time="2024-05-18T13:15:05.575543" level="INFO">{'gender': 'male', 'name': {'title': 'Mr', 'first': 'Jacob', 'last': 'Johnson'}, 'location': {'street': {'number': 9410, 'name': 'Concession Road 6'}, 'city': 'Souris', 'state': 'Yukon', 'country': 'Canada', 'postcode': 'N8B 9Y2', 'coordinates': {'latitude': '-70.4779', 'longitude': '-146.1966'}, 'timezone': {'offset': '+2:00', 'description': 'Kaliningrad, South Africa'}}, 'email': 'jacob.johnson@example.com', 'login': {'uuid': '768f5cf6-a386-4f8b-b4dd-7dae46dc6dbf', 'username': 'tinyswan541', 'password': 'connie', 'salt': 'OoFA0FSR', 'md5': '5e80392ffa7b93bf98b616e101a68983', 'sha1': 'e15e92b403793001503dd2fd767b5bf2abef904f', 'sha256': 'f61bdd39d0a003de3fafce9612e2fcb60cca4a3eba97de1ceaad5c9e7ad3e0f9'}, 'dob': {'date': '1992-01-17T03:45:46.393Z', 'age': 32}, 'registered': {'date': '2015-01-01T09:36:38.823Z', 'age': 9}, 'phone': 'H48 T48-7992', 'cell': 'M13 N63-1176', 'id': {'name': 'SIN', 'value': '307617282'}, 'picture': {'large': 'https://randomuser.me/api/portraits/men/87.jpg', 'medium': 'https://randomuser.me/api/portraits/med/men/87.jpg', 'thumbnail': 'https://randomuser.me/api/portraits/thumb/men/87.jpg'}, 'nat': 'CA'}</msg>
<arg>${json_data['results'][0]}</arg>
<doc>Logs the given message with the given level.</doc>
<status status="PASS" start="2024-05-18T13:15:05.575181" elapsed="0.000409"/>
</kw>
<kw name="Log" owner="BuiltIn">
<msg time="2024-05-18T13:15:05.576020" level="INFO">name</msg>
<arg>${key}</arg>
<doc>Logs the given message with the given level.</doc>
<status status="PASS" start="2024-05-18T13:15:05.575892" elapsed="0.000164"/>
</kw>
<var name="${key}">name</var>
<status status="PASS" start="2024-05-18T13:15:05.574275" elapsed="0.001995"/>
</iter>
<iter>
<kw name="Dictionary Should Contain Key" owner="Collections">
<msg time="2024-05-18T13:15:05.576937" level="INFO">False</msg>
<arg>${json_data['results'][0]}</arg>
<arg>${key}</arg>
<doc>Fails if ``key`` is not found from ``dictionary``.</doc>
<status status="PASS" start="2024-05-18T13:15:05.576560" elapsed="0.000414"/>
</kw>
<kw name="Log" owner="BuiltIn">
<msg time="2024-05-18T13:15:05.577620" level="INFO">{'gender': 'male', 'name': {'title': 'Mr', 'first': 'Jacob', 'last': 'Johnson'}, 'location': {'street': {'number': 9410, 'name': 'Concession Road 6'}, 'city': 'Souris', 'state': 'Yukon', 'country': 'Canada', 'postcode': 'N8B 9Y2', 'coordinates': {'latitude': '-70.4779', 'longitude': '-146.1966'}, 'timezone': {'offset': '+2:00', 'description': 'Kaliningrad, South Africa'}}, 'email': 'jacob.johnson@example.com', 'login': {'uuid': '768f5cf6-a386-4f8b-b4dd-7dae46dc6dbf', 'username': 'tinyswan541', 'password': 'connie', 'salt': 'OoFA0FSR', 'md5': '5e80392ffa7b93bf98b616e101a68983', 'sha1': 'e15e92b403793001503dd2fd767b5bf2abef904f', 'sha256': 'f61bdd39d0a003de3fafce9612e2fcb60cca4a3eba97de1ceaad5c9e7ad3e0f9'}, 'dob': {'date': '1992-01-17T03:45:46.393Z', 'age': 32}, 'registered': {'date': '2015-01-01T09:36:38.823Z', 'age': 9}, 'phone': 'H48 T48-7992', 'cell': 'M13 N63-1176', 'id': {'name': 'SIN', 'value': '307617282'}, 'picture': {'large': 'https://randomuser.me/api/portraits/men/87.jpg', 'medium': 'https://randomuser.me/api/portraits/med/men/87.jpg', 'thumbnail': 'https://randomuser.me/api/portraits/thumb/men/87.jpg'}, 'nat': 'CA'}</msg>
<arg>${json_data['results'][0]}</arg>
<doc>Logs the given message with the given level.</doc>
<status status="PASS" start="2024-05-18T13:15:05.577268" elapsed="0.000398"/>
</kw>
<kw name="Log" owner="BuiltIn">
<msg time="2024-05-18T13:15:05.578079" level="INFO">location</msg>
<arg>${key}</arg>
<doc>Logs the given message with the given level.</doc>
<status status="PASS" start="2024-05-18T13:15:05.577954" elapsed="0.000163"/>
</kw>
<var name="${key}">location</var>
<status status="PASS" start="2024-05-18T13:15:05.576448" elapsed="0.001885"/>
</iter>
<iter>
<kw name="Dictionary Should Contain Key" owner="Collections">
<msg time="2024-05-18T13:15:05.579044" level="INFO">False</msg>
<arg>${json_data['results'][0]}</arg>
<arg>${key}</arg>
<doc>Fails if ``key`` is not found from ``dictionary``.</doc>
<status status="PASS" start="2024-05-18T13:15:05.578654" elapsed="0.000427"/>
</kw>
<kw name="Log" owner="BuiltIn">
<msg time="2024-05-18T13:15:05.579736" level="INFO">{'gender': 'male', 'name': {'title': 'Mr', 'first': 'Jacob', 'last': 'Johnson'}, 'location': {'street': {'number': 9410, 'name': 'Concession Road 6'}, 'city': 'Souris', 'state': 'Yukon', 'country': 'Canada', 'postcode': 'N8B 9Y2', 'coordinates': {'latitude': '-70.4779', 'longitude': '-146.1966'}, 'timezone': {'offset': '+2:00', 'description': 'Kaliningrad, South Africa'}}, 'email': 'jacob.johnson@example.com', 'login': {'uuid': '768f5cf6-a386-4f8b-b4dd-7dae46dc6dbf', 'username': 'tinyswan541', 'password': 'connie', 'salt': 'OoFA0FSR', 'md5': '5e80392ffa7b93bf98b616e101a68983', 'sha1': 'e15e92b403793001503dd2fd767b5bf2abef904f', 'sha256': 'f61bdd39d0a003de3fafce9612e2fcb60cca4a3eba97de1ceaad5c9e7ad3e0f9'}, 'dob': {'date': '1992-01-17T03:45:46.393Z', 'age': 32}, 'registered': {'date': '2015-01-01T09:36:38.823Z', 'age': 9}, 'phone': 'H48 T48-7992', 'cell': 'M13 N63-1176', 'id': {'name': 'SIN', 'value': '307617282'}, 'picture': {'large': 'https://randomuser.me/api/portraits/men/87.jpg', 'medium': 'https://randomuser.me/api/portraits/med/men/87.jpg', 'thumbnail': 'https://randomuser.me/api/portraits/thumb/men/87.jpg'}, 'nat': 'CA'}</msg>
<arg>${json_data['results'][0]}</arg>
<doc>Logs the given message with the given level.</doc>
<status status="PASS" start="2024-05-18T13:15:05.579384" elapsed="0.000409"/>
</kw>
<kw name="Log" owner="BuiltIn">
<msg time="2024-05-18T13:15:05.580214" level="INFO">email</msg>
<arg>${key}</arg>
<doc>Logs the given message with the given level.</doc>
<status status="PASS" start="2024-05-18T13:15:05.580088" elapsed="0.000163"/>
</kw>
<var name="${key}">email</var>
<status status="PASS" start="2024-05-18T13:15:05.578539" elapsed="0.001924"/>
</iter>
<iter>
<kw name="Dictionary Should Contain Key" owner="Collections">
<msg time="2024-05-18T13:15:05.581123" level="INFO">False</msg>
<arg>${json_data['results'][0]}</arg>
<arg>${key}</arg>
<doc>Fails if ``key`` is not found from ``dictionary``.</doc>
<status status="PASS" start="2024-05-18T13:15:05.580746" elapsed="0.000414"/>
</kw>
<kw name="Log" owner="BuiltIn">
<msg time="2024-05-18T13:15:05.581808" level="INFO">{'gender': 'male', 'name': {'title': 'Mr', 'first': 'Jacob', 'last': 'Johnson'}, 'location': {'street': {'number': 9410, 'name': 'Concession Road 6'}, 'city': 'Souris', 'state': 'Yukon', 'country': 'Canada', 'postcode': 'N8B 9Y2', 'coordinates': {'latitude': '-70.4779', 'longitude': '-146.1966'}, 'timezone': {'offset': '+2:00', 'description': 'Kaliningrad, South Africa'}}, 'email': 'jacob.johnson@example.com', 'login': {'uuid': '768f5cf6-a386-4f8b-b4dd-7dae46dc6dbf', 'username': 'tinyswan541', 'password': 'connie', 'salt': 'OoFA0FSR', 'md5': '5e80392ffa7b93bf98b616e101a68983', 'sha1': 'e15e92b403793001503dd2fd767b5bf2abef904f', 'sha256': 'f61bdd39d0a003de3fafce9612e2fcb60cca4a3eba97de1ceaad5c9e7ad3e0f9'}, 'dob': {'date': '1992-01-17T03:45:46.393Z', 'age': 32}, 'registered': {'date': '2015-01-01T09:36:38.823Z', 'age': 9}, 'phone': 'H48 T48-7992', 'cell': 'M13 N63-1176', 'id': {'name': 'SIN', 'value': '307617282'}, 'picture': {'large': 'https://randomuser.me/api/portraits/men/87.jpg', 'medium': 'https://randomuser.me/api/portraits/med/men/87.jpg', 'thumbnail': 'https://randomuser.me/api/portraits/thumb/men/87.jpg'}, 'nat': 'CA'}</msg>
<arg>${json_data['results'][0]}</arg>
<doc>Logs the given message with the given level.</doc>
<status status="PASS" start="2024-05-18T13:15:05.581458" elapsed="0.000407"/>
</kw>
<kw name="Log" owner="BuiltIn">
<msg time="2024-05-18T13:15:05.582281" level="INFO">login</msg>
<arg>${key}</arg>
<doc>Logs the given message with the given level.</doc>
<status status="PASS" start="2024-05-18T13:15:05.582156" elapsed="0.000161"/>
</kw>
<var name="${key}">login</var>
<status status="PASS" start="2024-05-18T13:15:05.580635" elapsed="0.001931"/>
</iter>
<var>${key}</var>
<value>@{expected_keys}</value>
<status status="PASS" start="2024-05-18T13:15:05.571978" elapsed="0.010736"/>
</for>
<kw name="Create List" owner="BuiltIn">
<msg time="2024-05-18T13:15:05.583049" level="INFO">${expected_keysTwo} = ['username', 'password']</msg>
<var>${expected_keysTwo}</var>
<arg>username</arg>
<arg>password</arg>
<doc>Returns a list containing given items.</doc>
<status status="PASS" start="2024-05-18T13:15:05.582913" elapsed="0.000158"/>
</kw>
<for flavor="IN">
<iter>
<kw name="Dictionary Should Contain Key" owner="Collections">
<msg time="2024-05-18T13:15:05.583968" level="INFO">False</msg>
<arg>${json_data['results'][0]['login']}</arg>
<arg>${keyTwo}</arg>
<doc>Fails if ``key`` is not found from ``dictionary``.</doc>
<status status="PASS" start="2024-05-18T13:15:05.583582" elapsed="0.000422"/>
</kw>
<kw name="Dictionary Should Contain Key" owner="Collections">
<msg time="2024-05-18T13:15:05.584672" level="INFO">False</msg>
<arg>${json_data['results'][0]['login']}</arg>
<arg>${keyTwo}</arg>
<doc>Fails if ``key`` is not found from ``dictionary``.</doc>
<status status="PASS" start="2024-05-18T13:15:05.584295" elapsed="0.000413"/>
</kw>
<kw name="Log" owner="BuiltIn">
<msg time="2024-05-18T13:15:05.585117" level="INFO">username</msg>
<arg>${keyTwo}</arg>
<doc>Logs the given message with the given level.</doc>
<status status="PASS" start="2024-05-18T13:15:05.584992" elapsed="0.000166"/>
</kw>
<var name="${keyTwo}">username</var>
<status status="PASS" start="2024-05-18T13:15:05.583462" elapsed="0.001906"/>
</iter>
<iter>
<kw name="Dictionary Should Contain Key" owner="Collections">
<msg time="2024-05-18T13:15:05.586099" level="INFO">False</msg>
<arg>${json_data['results'][0]['login']}</arg>
<arg>${keyTwo}</arg>
<doc>Fails if ``key`` is not found from ``dictionary``.</doc>
<status status="PASS" start="2024-05-18T13:15:05.585647" elapsed="0.000491"/>
</kw>
<kw name="Dictionary Should Contain Key" owner="Collections">
<msg time="2024-05-18T13:15:05.586842" level="INFO">False</msg>
<arg>${json_data['results'][0]['login']}</arg>
<arg>${keyTwo}</arg>
<doc>Fails if ``key`` is not found from ``dictionary``.</doc>
<status status="PASS" start="2024-05-18T13:15:05.586453" elapsed="0.000425"/>
</kw>
<kw name="Log" owner="BuiltIn">
<msg time="2024-05-18T13:15:05.587295" level="INFO">password</msg>
<arg>${keyTwo}</arg>
<doc>Logs the given message with the given level.</doc>
<status status="PASS" start="2024-05-18T13:15:05.587169" elapsed="0.000161"/>
</kw>
<var name="${keyTwo}">password</var>
<status status="PASS" start="2024-05-18T13:15:05.585538" elapsed="0.002008"/>
</iter>
<var>${keyTwo}</var>
<value>@{expected_keysTwo}</value>
<status status="PASS" start="2024-05-18T13:15:05.583306" elapsed="0.004361"/>
</for>
<status status="PASS" start="2024-05-18T13:15:05.476025" elapsed="0.111778"/>
</kw>
<doc>Testa a estrutura da resposta da API.</doc>
<tag>testeEstruturaResposta</tag>
<status status="PASS" start="2024-05-18T13:15:05.475440" elapsed="0.112552"/>
</test>
<test id="s1-s1-t4" name="Validar tipos de dados" line="28">
<kw name="Teste de Tipos de Dados" owner="random-user-service">
<kw name="GET On Session" owner="RequestsLibrary">
<msg time="2024-05-18T13:15:05.679343" level="INFO">GET Request : url=https://randomuser.me/api 
 path_url=/api 
 headers={'User-Agent': 'python-requests/2.31.0', 'Accept-Encoding': 'gzip, deflate', 'Accept': '*/*', 'Connection': 'keep-alive'} 
 body=None 
 </msg>
<msg time="2024-05-18T13:15:05.679426" level="INFO">GET Response : url=https://randomuser.me/api 
 status=200, reason=OK 
 headers={'Date': 'Sat, 18 May 2024 13:15:05 GMT', 'Content-Type': 'application/json; charset=utf-8', 'Transfer-Encoding': 'chunked', 'Connection': 'keep-alive', 'X-Powered-By': 'Express', 'Access-Control-Allow-Origin': '*', 'Cache-Control': 'no-cache', 'ETag': 'W/"48c-pjScQuohls+B7/E2HiuXqXzzyGc"', 'Vary': 'Accept-Encoding', 'Content-Encoding': 'gzip', 'CF-Cache-Status': 'DYNAMIC', 'Report-To': '{"endpoints":[{"url":"https:\\/\\/a.nel.cloudflare.com\\/report\\/v4?s=kezh396Yo3w3u%2FT6XfaLw%2BCZ9B1lIwKw7snt6X5%2BsWhoOsShWn%2BGEoV4jEqlrnGtGV1ExEc3pQUnU3d4x3dA5aH9bTatdvKOKHpY1srKl7Jv5qA99fEH8%2BnMhx1pEMR6"}],"group":"cf-nel","max_age":604800}', 'NEL': '{"success_fraction":0,"report_to":"cf-nel","max_age":604800}', 'Server': 'cloudflare', 'CF-RAY': '885c1d2ffe5815e3-SJC', 'alt-svc': 'h3=":443"; ma=86400'} 
 body={"results":[{"gender":"female","name":{"title":"Ms","first":"Nadiya","last":"Borisko"},"location":{"street":{"number":4937,"name":"Akademika Sierkova"},"city":"Skadovsk","state":"Dnipropetrovska","country":"Ukraine","postcode":87460,"coordinates":{"latitude":"77.2691","longitude":"5.1501"},"timezone":{"offset":"-12:00","description":"Eniwetok, Kwajalein"}},"email":"nadiya.borisko@example.com","login":{"uuid":"91c07cc2-d0f7-4f2a-9cff-8255e4cf0527","username":"yellowleopard240","password":"winona","salt":"d0C8kQvW","md5":"94a31dd7119c922c3d3d64e527421d49","sha1":"42b4ddb2c796c2d7d2a56c56c8b68c6833fd1f60","sha256":"94ba0499367221df6a281d0bbc18663292e016d8bfa0c490044d66dabde6f537"},"dob":{"date":"1964-11-17T11:53:45.328Z","age":59},"registered":{"date":"2008-12-06T22:20:05.976Z","age":15},"phone":"(068) T90-3143","cell":"(067) H35-2228","id":{"name":"","value":null},"picture":{"large":"https://randomuser.me/api/portraits/women/86.jpg","medium":"https://randomuser.me/api/portraits/med/women/86.jpg","thumbnail":"https://randomuser.me/api/portraits/thumb/women/86.jpg"},"nat":"UA"}],"info":{"seed":"de60a3b38e002359","results":1,"page":1,"version":"1.4"}} 
 </msg>
<msg time="2024-05-18T13:15:05.679495" level="INFO">/opt/hostedtoolcache/Python/3.12.3/x64/lib/python3.12/site-packages/urllib3/connectionpool.py:1103: InsecureRequestWarning: Unverified HTTPS request is being made to host 'randomuser.me'. Adding certificate verification is strongly advised. See: https://urllib3.readthedocs.io/en/latest/advanced-usage.html#tls-warnings
  warnings.warn(</msg>
<msg time="2024-05-18T13:15:05.679609" level="INFO">${response} = &lt;Response [200]&gt;</msg>
<var>${response}</var>
<arg>consultarAPI</arg>
<arg>/api</arg>
<doc>Sends a GET request on a previously created HTTP Session.</doc>
<status status="PASS" start="2024-05-18T13:15:05.590374" elapsed="0.089287"/>
</kw>
<kw name="Set Variable" owner="BuiltIn">
<msg time="2024-05-18T13:15:05.680679" level="INFO">${json_data} = {'results': [{'gender': 'female', 'name': {'title': 'Ms', 'first': 'Nadiya', 'last': 'Borisko'}, 'location': {'street': {'number': 4937, 'name': 'Akademika Sierkova'}, 'city': 'Skadovsk', 'state': 'Dn...</msg>
<var>${json_data}</var>
<arg>${response.json()}</arg>
<doc>Returns the given values which can then be assigned to a variables.</doc>
<status status="PASS" start="2024-05-18T13:15:05.680122" elapsed="0.000585"/>
</kw>
<kw name="Log" owner="BuiltIn">
<msg time="2024-05-18T13:15:05.681162" level="INFO">{'results': [{'gender': 'female', 'name': {'title': 'Ms', 'first': 'Nadiya', 'last': 'Borisko'}, 'location': {'street': {'number': 4937, 'name': 'Akademika Sierkova'}, 'city': 'Skadovsk', 'state': 'Dnipropetrovska', 'country': 'Ukraine', 'postcode': 87460, 'coordinates': {'latitude': '77.2691', 'longitude': '5.1501'}, 'timezone': {'offset': '-12:00', 'description': 'Eniwetok, Kwajalein'}}, 'email': 'nadiya.borisko@example.com', 'login': {'uuid': '91c07cc2-d0f7-4f2a-9cff-8255e4cf0527', 'username': 'yellowleopard240', 'password': 'winona', 'salt': 'd0C8kQvW', 'md5': '94a31dd7119c922c3d3d64e527421d49', 'sha1': '42b4ddb2c796c2d7d2a56c56c8b68c6833fd1f60', 'sha256': '94ba0499367221df6a281d0bbc18663292e016d8bfa0c490044d66dabde6f537'}, 'dob': {'date': '1964-11-17T11:53:45.328Z', 'age': 59}, 'registered': {'date': '2008-12-06T22:20:05.976Z', 'age': 15}, 'phone': '(068) T90-3143', 'cell': '(067) H35-2228', 'id': {'name': '', 'value': None}, 'picture': {'large': 'https://randomuser.me/api/portraits/women/86.jpg', 'medium': 'https://randomuser.me/api/portraits/med/women/86.jpg', 'thumbnail': 'https://randomuser.me/api/portraits/thumb/women/86.jpg'}, 'nat': 'UA'}], 'info': {'seed': 'de60a3b38e002359', 'results': 1, 'page': 1, 'version': '1.4'}}</msg>
<arg>${json_data}</arg>
<doc>Logs the given message with the given level.</doc>
<status status="PASS" start="2024-05-18T13:15:05.681012" elapsed="0.000227"/>
</kw>
<kw name="Should Be String" owner="String">
<arg>${json_data['results'][0]['gender']}</arg>
<doc>Fails if the given ``item`` is not a string.</doc>
<status status="PASS" start="2024-05-18T13:15:05.681535" elapsed="0.000357"/>
</kw>
<kw name="Should Match Regexp" owner="BuiltIn">
<arg>${json_data['results'][0]['email']}</arg>
<arg>^[a-zA-Z0-9._%+-]+@[a-zA-Z0-9.-]+\.[a-zA-Z]{2,}$</arg>
<doc>Fails if ``string`` does not match ``pattern`` as a regular expression.</doc>
<status status="PASS" start="2024-05-18T13:15:05.682082" elapsed="0.000543"/>
</kw>
<kw name="Should Match Regexp" owner="BuiltIn">
<arg>${json_data['results'][0]['dob']['date']}</arg>
<arg>\\d{4}-\\d{2}-\\d{2}T\\d{2}:\\d{2}:\\d{2}\\.\\d{3}Z</arg>
<doc>Fails if ``string`` does not match ``pattern`` as a regular expression.</doc>
<status status="PASS" start="2024-05-18T13:15:05.682827" elapsed="0.000490"/>
</kw>
<kw name="Should Match Regexp" owner="BuiltIn">
<arg>${json_data['results'][0]['registered']['date']}</arg>
<arg>\\d{4}-\\d{2}-\\d{2}T\\d{2}:\\d{2}:\\d{2}\\.\\d{3}Z</arg>
<doc>Fails if ``string`` does not match ``pattern`` as a regular expression.</doc>
<status status="PASS" start="2024-05-18T13:15:05.683511" elapsed="0.000366"/>
</kw>
<kw name="Should Match Regexp" owner="BuiltIn">
<arg>${json_data['results'][0]['picture']['large']}</arg>
<arg>^https?://.*\.(?:png|jpe?g|gif|bmp)$</arg>
<doc>Fails if ``string`` does not match ``pattern`` as a regular expression.</doc>
<status status="PASS" start="2024-05-18T13:15:05.684074" elapsed="0.000455"/>
</kw>
<kw name="Should Match Regexp" owner="BuiltIn">
<arg>${json_data['results'][0]['picture']['medium']}</arg>
<arg>^https?://.*\.(?:png|jpe?g|gif|bmp)$</arg>
<doc>Fails if ``string`` does not match ``pattern`` as a regular expression.</doc>
<status status="PASS" start="2024-05-18T13:15:05.684716" elapsed="0.000357"/>
</kw>
<kw name="Should Match Regexp" owner="BuiltIn">
<arg>${json_data['results'][0]['picture']['thumbnail']}</arg>
<arg>^https?://.*\.(?:png|jpe?g|gif|bmp)$</arg>
<doc>Fails if ``string`` does not match ``pattern`` as a regular expression.</doc>
<status status="PASS" start="2024-05-18T13:15:05.685264" elapsed="0.000353"/>
</kw>
<kw name="Log" owner="BuiltIn">
<msg time="2024-05-18T13:15:05.686117" level="INFO">{'large': 'https://randomuser.me/api/portraits/women/86.jpg', 'medium': 'https://randomuser.me/api/portraits/med/women/86.jpg', 'thumbnail': 'https://randomuser.me/api/portraits/thumb/women/86.jpg'}</msg>
<arg>${json_data['results'][0]['picture']}</arg>
<doc>Logs the given message with the given level.</doc>
<status status="PASS" start="2024-05-18T13:15:05.685798" elapsed="0.000361"/>
</kw>
<status status="PASS" start="2024-05-18T13:15:05.590158" elapsed="0.096251"/>
</kw>
<kw name="Teste de Tipos de Dados - Postcode" owner="random-user-service">
<kw name="GET On Session" owner="RequestsLibrary">
<msg time="2024-05-18T13:15:05.775416" level="INFO">GET Request : url=https://randomuser.me/api 
 path_url=/api 
 headers={'User-Agent': 'python-requests/2.31.0', 'Accept-Encoding': 'gzip, deflate', 'Accept': '*/*', 'Connection': 'keep-alive'} 
 body=None 
 </msg>
<msg time="2024-05-18T13:15:05.775495" level="INFO">GET Response : url=https://randomuser.me/api 
 status=200, reason=OK 
 headers={'Date': 'Sat, 18 May 2024 13:15:05 GMT', 'Content-Type': 'application/json; charset=utf-8', 'Transfer-Encoding': 'chunked', 'Connection': 'keep-alive', 'X-Powered-By': 'Express', 'Access-Control-Allow-Origin': '*', 'Cache-Control': 'no-cache', 'ETag': 'W/"4a7-/GY7cANJJRxSBBRmaexEMZN/K2w"', 'Vary': 'Accept-Encoding', 'Content-Encoding': 'gzip', 'CF-Cache-Status': 'DYNAMIC', 'Report-To': '{"endpoints":[{"url":"https:\\/\\/a.nel.cloudflare.com\\/report\\/v4?s=gCQkJEMKM6NOXdHb8GrCn7l2JkDkj%2BiHdctho76ADbjeM%2F3OMSmpa2hFZz5RwKdXLR2iLBAm1X5L5eKRUKEOEIfgH5eka1wKHoEQn6zcrqhIIpy9EUDVEOnRLb7XyTFt"}],"group":"cf-nel","max_age":604800}', 'NEL': '{"success_fraction":0,"report_to":"cf-nel","max_age":604800}', 'Server': 'cloudflare', 'CF-RAY': '885c1d308eba15e3-SJC', 'alt-svc': 'h3=":443"; ma=86400'} 
 body={"results":[{"gender":"male","name":{"title":"Mr","first":"آدرین","last":"قاسمی"},"location":{"street":{"number":4783,"name":"شهید آقاسرمدیان"},"city":"کرمانشاه","state":"چهارمحال و بختیاری","country":"Iran","postcode":16501,"coordinates":{"latitude":"19.9810","longitude":"-13.0588"},"timezone":{"offset":"+7:00","description":"Bangkok, Hanoi, Jakarta"}},"email":"adryn.qsmy@example.com","login":{"uuid":"07d76ec1-266b-44ed-88f2-85df951859b9","username":"yellowcat581","password":"laurel","salt":"kABSq41V","md5":"efcb078b34346aa2d95a8aed9e0ece72","sha1":"7d43df24a3f61db11f4118236543b93ec355fe89","sha256":"8250864a5a524a1dcdd310b22139e73fbd840d83a5e4c69cdd17babafbbf6d52"},"dob":{"date":"1965-01-16T12:35:04.084Z","age":59},"registered":{"date":"2019-04-02T19:11:45.116Z","age":5},"phone":"053-05357533","cell":"0961-130-1446","id":{"name":"","value":null},"picture":{"large":"https://randomuser.me/api/portraits/men/99.jpg","medium":"https://randomuser.me/api/portraits/med/men/99.jpg","thumbnail":"https://randomuser.me/api/portraits/thumb/men/99.jpg"},"nat":"IR"}],"info":{"seed":"3dc4e219e25ca934","results":1,"page":1,"version":"1.4"}} 
 </msg>
<msg time="2024-05-18T13:15:05.775564" level="INFO">/opt/hostedtoolcache/Python/3.12.3/x64/lib/python3.12/site-packages/urllib3/connectionpool.py:1103: InsecureRequestWarning: Unverified HTTPS request is being made to host 'randomuser.me'. Adding certificate verification is strongly advised. See: https://urllib3.readthedocs.io/en/latest/advanced-usage.html#tls-warnings
  warnings.warn(</msg>
<msg time="2024-05-18T13:15:05.775674" level="INFO">${response} = &lt;Response [200]&gt;</msg>
<var>${response}</var>
<arg>consultarAPI</arg>
<arg>/api</arg>
<doc>Sends a GET request on a previously created HTTP Session.</doc>
<status status="PASS" start="2024-05-18T13:15:05.686871" elapsed="0.088853"/>
</kw>
<kw name="Set Variable" owner="BuiltIn">
<msg time="2024-05-18T13:15:05.776777" level="INFO">${json_data} = {'results': [{'gender': 'male', 'name': {'title': 'Mr', 'first': 'آدرین', 'last': 'قاسمی'}, 'location': {'street': {'number': 4783, 'name': 'شهید آقاسرمدیان'}, 'city': 'کرمانشاه', 'state': 'چهارمحال و...</msg>
<var>${json_data}</var>
<arg>${response.json()}</arg>
<doc>Returns the given values which can then be assigned to a variables.</doc>
<status status="PASS" start="2024-05-18T13:15:05.776206" elapsed="0.000601"/>
</kw>
<kw name="Log" owner="BuiltIn">
<msg time="2024-05-18T13:15:05.777270" level="INFO">{'results': [{'gender': 'male', 'name': {'title': 'Mr', 'first': 'آدرین', 'last': 'قاسمی'}, 'location': {'street': {'number': 4783, 'name': 'شهید آقاسرمدیان'}, 'city': 'کرمانشاه', 'state': 'چهارمحال و بختیاری', 'country': 'Iran', 'postcode': 16501, 'coordinates': {'latitude': '19.9810', 'longitude': '-13.0588'}, 'timezone': {'offset': '+7:00', 'description': 'Bangkok, Hanoi, Jakarta'}}, 'email': 'adryn.qsmy@example.com', 'login': {'uuid': '07d76ec1-266b-44ed-88f2-85df951859b9', 'username': 'yellowcat581', 'password': 'laurel', 'salt': 'kABSq41V', 'md5': 'efcb078b34346aa2d95a8aed9e0ece72', 'sha1': '7d43df24a3f61db11f4118236543b93ec355fe89', 'sha256': '8250864a5a524a1dcdd310b22139e73fbd840d83a5e4c69cdd17babafbbf6d52'}, 'dob': {'date': '1965-01-16T12:35:04.084Z', 'age': 59}, 'registered': {'date': '2019-04-02T19:11:45.116Z', 'age': 5}, 'phone': '053-05357533', 'cell': '0961-130-1446', 'id': {'name': '', 'value': None}, 'picture': {'large': 'https://randomuser.me/api/portraits/men/99.jpg', 'medium': 'https://randomuser.me/api/portraits/med/men/99.jpg', 'thumbnail': 'https://randomuser.me/api/portraits/thumb/men/99.jpg'}, 'nat': 'IR'}], 'info': {'seed': '3dc4e219e25ca934', 'results': 1, 'page': 1, 'version': '1.4'}}</msg>
<arg>${json_data}</arg>
<doc>Logs the given message with the given level.</doc>
<status status="PASS" start="2024-05-18T13:15:05.777114" elapsed="0.000235"/>
</kw>
<kw name="Should Be Equal As Numbers" owner="BuiltIn">
<arg>${json_data['results'][0]['location']['postcode']}</arg>
<arg>${json_data['results'][0]['location']['postcode']}</arg>
<doc>Fails if objects are unequal after converting them to real numbers.</doc>
<status status="PASS" start="2024-05-18T13:15:05.777775" elapsed="0.000611"/>
</kw>
<kw name="Log" owner="BuiltIn">
<msg time="2024-05-18T13:15:05.778956" level="INFO">16501</msg>
<arg>${json_data['results'][0]['location']['postcode']}</arg>
<doc>Logs the given message with the given level.</doc>
<status status="PASS" start="2024-05-18T13:15:05.778621" elapsed="0.000374"/>
</kw>
<status status="PASS" start="2024-05-18T13:15:05.686653" elapsed="0.092593"/>
</kw>
<doc>Testa se os tipos de dados na resposta da API estão corretos.</doc>
<tag>testeTiposDados</tag>
<status status="PASS" start="2024-05-18T13:15:05.589745" elapsed="0.189657"/>
</test>
<test id="s1-s1-t5" name="Validar conteudo" line="35">
<kw name="Teste de Tipos de Conteudo" owner="random-user-service">
<kw name="GET On Session" owner="RequestsLibrary">
<msg time="2024-05-18T13:15:05.876482" level="INFO">GET Request : url=https://randomuser.me/api 
 path_url=/api 
 headers={'User-Agent': 'python-requests/2.31.0', 'Accept-Encoding': 'gzip, deflate', 'Accept': '*/*', 'Connection': 'keep-alive'} 
 body=None 
 </msg>
<msg time="2024-05-18T13:15:05.876565" level="INFO">GET Response : url=https://randomuser.me/api 
 status=200, reason=OK 
 headers={'Date': 'Sat, 18 May 2024 13:15:05 GMT', 'Content-Type': 'application/json; charset=utf-8', 'Transfer-Encoding': 'chunked', 'Connection': 'keep-alive', 'X-Powered-By': 'Express', 'Access-Control-Allow-Origin': '*', 'Cache-Control': 'no-cache', 'ETag': 'W/"4b0-ULj1dLxlgDtUb15Yh5tuKAhBgxg"', 'Vary': 'Accept-Encoding', 'Content-Encoding': 'gzip', 'CF-Cache-Status': 'DYNAMIC', 'Report-To': '{"endpoints":[{"url":"https:\\/\\/a.nel.cloudflare.com\\/report\\/v4?s=H4BsAFTMbWF8lCIIMgxyGCvEe%2FaBX8SoUnBHfJHnOVfW7aD59YaB77HKmjqtqYUDRPKSPdqZRqekBDDhGF2Wi4evq2LW2VLhTwX6gBg3u9arYhx7P4IhQo4YeGuWIH1i"}],"group":"cf-nel","max_age":604800}', 'NEL': '{"success_fraction":0,"report_to":"cf-nel","max_age":604800}', 'Server': 'cloudflare', 'CF-RAY': '885c1d312f1415e3-SJC', 'alt-svc': 'h3=":443"; ma=86400'} 
 body={"results":[{"gender":"female","name":{"title":"Mrs","first":"Abigail","last":"Lynch"},"location":{"street":{"number":7244,"name":"Oaks Cross"},"city":"Lincoln","state":"Cambridgeshire","country":"United Kingdom","postcode":"M70 3SG","coordinates":{"latitude":"-7.6057","longitude":"179.9953"},"timezone":{"offset":"-5:00","description":"Eastern Time (US &amp; Canada), Bogota, Lima"}},"email":"abigail.lynch@example.com","login":{"uuid":"0883b871-4bbb-409d-a8b7-bd4fa25be196","username":"heavypeacock836","password":"redskin","salt":"SRSaL26F","md5":"af7691d45a9aca785eba3a9a9fdd77a9","sha1":"4eb19404edb578e58a8973e1c47b8392c69758fd","sha256":"121ae824ebd622cb2e3dce1f20005fa1e084471488ac6ceecec42cb52dab542d"},"dob":{"date":"1960-09-17T14:35:41.517Z","age":63},"registered":{"date":"2021-04-24T07:32:11.057Z","age":3},"phone":"0116580 948 7281","cell":"07251 886044","id":{"name":"NINO","value":"WY 20 70 64 Q"},"picture":{"large":"https://randomuser.me/api/portraits/women/63.jpg","medium":"https://randomuser.me/api/portraits/med/women/63.jpg","thumbnail":"https://randomuser.me/api/portraits/thumb/women/63.jpg"},"nat":"GB"}],"info":{"seed":"f7a962fd0d324bb1","results":1,"page":1,"version":"1.4"}} 
 </msg>
<msg time="2024-05-18T13:15:05.876636" level="INFO">/opt/hostedtoolcache/Python/3.12.3/x64/lib/python3.12/site-packages/urllib3/connectionpool.py:1103: InsecureRequestWarning: Unverified HTTPS request is being made to host 'randomuser.me'. Adding certificate verification is strongly advised. See: https://urllib3.readthedocs.io/en/latest/advanced-usage.html#tls-warnings
  warnings.warn(</msg>
<msg time="2024-05-18T13:15:05.876760" level="INFO">${response} = &lt;Response [200]&gt;</msg>
<var>${response}</var>
<arg>consultarAPI</arg>
<arg>/api</arg>
<doc>Sends a GET request on a previously created HTTP Session.</doc>
<status status="PASS" start="2024-05-18T13:15:05.781820" elapsed="0.094994"/>
</kw>
<kw name="Set Variable" owner="BuiltIn">
<msg time="2024-05-18T13:15:05.877851" level="INFO">${json_data} = {'results': [{'gender': 'female', 'name': {'title': 'Mrs', 'first': 'Abigail', 'last': 'Lynch'}, 'location': {'street': {'number': 7244, 'name': 'Oaks Cross'}, 'city': 'Lincoln', 'state': 'Cambridgesh...</msg>
<var>${json_data}</var>
<arg>${response.json()}</arg>
<doc>Returns the given values which can then be assigned to a variables.</doc>
<status status="PASS" start="2024-05-18T13:15:05.877318" elapsed="0.000562"/>
</kw>
<kw name="Set Variable" owner="BuiltIn">
<msg time="2024-05-18T13:15:05.878607" level="INFO">${name_title} = Mrs</msg>
<var>${name_title}</var>
<arg>${json_data["results"][0]["name"]["title"]}</arg>
<doc>Returns the given values which can then be assigned to a variables.</doc>
<status status="PASS" start="2024-05-18T13:15:05.878184" elapsed="0.000449"/>
</kw>
<kw name="Create List" owner="BuiltIn">
<msg time="2024-05-18T13:15:05.879083" level="INFO">${allowed_titles} = ['Mr', 'Ms', 'Miss', 'Mrs', 'Madame', 'Monsieur']</msg>
<var>${allowed_titles}</var>
<arg>Mr</arg>
<arg>Ms</arg>
<arg>Miss</arg>
<arg>Mrs</arg>
<arg>Madame</arg>
<arg>Monsieur</arg>
<doc>Returns a list containing given items.</doc>
<status status="PASS" start="2024-05-18T13:15:05.878934" elapsed="0.000173"/>
</kw>
<kw name="List Should Contain Value" owner="Collections">
<msg time="2024-05-18T13:15:05.879574" level="INFO">False</msg>
<arg>${allowed_titles}</arg>
<arg>${name_title}</arg>
<doc>Fails if the ``value`` is not found from ``list``.</doc>
<status status="PASS" start="2024-05-18T13:15:05.879408" elapsed="0.000202"/>
</kw>
<kw name="Set Variable" owner="BuiltIn">
<msg time="2024-05-18T13:15:05.880279" level="INFO">${name_country} = GB</msg>
<var>${name_country}</var>
<arg>${json_data["results"][0]["nat"]}</arg>
<doc>Returns the given values which can then be assigned to a variables.</doc>
<status status="PASS" start="2024-05-18T13:15:05.879895" elapsed="0.000409"/>
</kw>
<kw name="Create List" owner="BuiltIn">
<msg time="2024-05-18T13:15:05.881200" level="INFO">${list_country} = ['AD', 'AE', 'AF', 'AG', 'AI', 'AL', 'AM', 'AO', 'AQ', 'AR', 'AS', 'AT', 'AU', 'AW', 'AX', 'AZ', 'BA', 'BB', 'BD', 'BE', 'BF', 'BG', 'BH', 'BI', 'BJ', 'BL', 'BM', 'BN', 'BO', 'BQ', 'BR', 'BS', 'BT', '...</msg>
<var>${list_country}</var>
<arg>AD</arg>
<arg>AE</arg>
<arg>AF</arg>
<arg>AG</arg>
<arg>AI</arg>
<arg>AL</arg>
<arg>AM</arg>
<arg>AO</arg>
<arg>AQ</arg>
<arg>AR</arg>
<arg>AS</arg>
<arg>AT</arg>
<arg>AU</arg>
<arg>AW</arg>
<arg>AX</arg>
<arg>AZ</arg>
<arg>BA</arg>
<arg>BB</arg>
<arg>BD</arg>
<arg>BE</arg>
<arg>BF</arg>
<arg>BG</arg>
<arg>BH</arg>
<arg>BI</arg>
<arg>BJ</arg>
<arg>BL</arg>
<arg>BM</arg>
<arg>BN</arg>
<arg>BO</arg>
<arg>BQ</arg>
<arg>BR</arg>
<arg>BS</arg>
<arg>BT</arg>
<arg>BV</arg>
<arg>BW</arg>
<arg>BY</arg>
<arg>BZ</arg>
<arg>CA</arg>
<arg>CC</arg>
<arg>CD</arg>
<arg>CF</arg>
<arg>CG</arg>
<arg>CH</arg>
<arg>CI</arg>
<arg>CK</arg>
<arg>CL</arg>
<arg>CM</arg>
<arg>CN</arg>
<arg>CO</arg>
<arg>CR</arg>
<arg>CU</arg>
<arg>CV</arg>
<arg>CW</arg>
<arg>CX</arg>
<arg>CY</arg>
<arg>CZ</arg>
<arg>DE</arg>
<arg>DJ</arg>
<arg>DK</arg>
<arg>DM</arg>
<arg>DO</arg>
<arg>DZ</arg>
<arg>EC</arg>
<arg>EE</arg>
<arg>EG</arg>
<arg>EH</arg>
<arg>ER</arg>
<arg>ES</arg>
<arg>ET</arg>
<arg>FI</arg>
<arg>FJ</arg>
<arg>FK</arg>
<arg>FM</arg>
<arg>FO</arg>
<arg>FR</arg>
<arg>GA</arg>
<arg>GB</arg>
<arg>GD</arg>
<arg>GE</arg>
<arg>GF</arg>
<arg>GG</arg>
<arg>GH</arg>
<arg>GI</arg>
<arg>GL</arg>
<arg>GM</arg>
<arg>GN</arg>
<arg>GP</arg>
<arg>GQ</arg>
<arg>GR</arg>
<arg>GS</arg>
<arg>GT</arg>
<arg>GU</arg>
<arg>GW</arg>
<arg>GY</arg>
<arg>HK</arg>
<arg>HM</arg>
<arg>HN</arg>
<arg>HR</arg>
<arg>HT</arg>
<arg>HU</arg>
<arg>ID</arg>
<arg>IE</arg>
<arg>IL</arg>
<arg>IM</arg>
<arg>IN</arg>
<arg>IO</arg>
<arg>IQ</arg>
<arg>IR</arg>
<arg>IS</arg>
<arg>IT</arg>
<arg>JE</arg>
<arg>JM</arg>
<arg>JO</arg>
<arg>JP</arg>
<arg>KE</arg>
<arg>KG</arg>
<arg>KH</arg>
<arg>KI</arg>
<arg>KM</arg>
<arg>KN</arg>
<arg>KP</arg>
<arg>KR</arg>
<arg>KW</arg>
<arg>KY</arg>
<arg>KZ</arg>
<arg>LA</arg>
<arg>LB</arg>
<arg>LC</arg>
<arg>LI</arg>
<arg>LK</arg>
<arg>LR</arg>
<arg>LS</arg>
<arg>LT</arg>
<arg>LU</arg>
<arg>LV</arg>
<arg>LY</arg>
<arg>MA</arg>
<arg>MC</arg>
<arg>MD</arg>
<arg>ME</arg>
<arg>MF</arg>
<arg>MG</arg>
<arg>MH</arg>
<arg>MK</arg>
<arg>ML</arg>
<arg>MM</arg>
<arg>MN</arg>
<arg>MO</arg>
<arg>MP</arg>
<arg>MQ</arg>
<arg>MR</arg>
<arg>MS</arg>
<arg>MT</arg>
<arg>MU</arg>
<arg>MV</arg>
<arg>MW</arg>
<arg>MX</arg>
<arg>MY</arg>
<arg>MZ</arg>
<arg>NA</arg>
<arg>NC</arg>
<arg>NE</arg>
<arg>NF</arg>
<arg>NG</arg>
<arg>NI</arg>
<arg>NL</arg>
<arg>NO</arg>
<arg>NP</arg>
<arg>NR</arg>
<arg>NU</arg>
<arg>NZ</arg>
<arg>OM</arg>
<arg>PA</arg>
<arg>PE</arg>
<arg>PF</arg>
<arg>PG</arg>
<arg>PH</arg>
<arg>PK</arg>
<arg>PL</arg>
<arg>PM</arg>
<arg>PN</arg>
<arg>PR</arg>
<arg>PS</arg>
<arg>PT</arg>
<arg>PW</arg>
<arg>PY</arg>
<arg>QA</arg>
<arg>RE</arg>
<arg>RO</arg>
<arg>RS</arg>
<arg>RU</arg>
<arg>RW</arg>
<arg>SA</arg>
<arg>SB</arg>
<arg>SC</arg>
<arg>SD</arg>
<arg>SE</arg>
<arg>SG</arg>
<arg>SH</arg>
<arg>SI</arg>
<arg>SJ</arg>
<arg>SK</arg>
<arg>SL</arg>
<arg>SM</arg>
<arg>SN</arg>
<arg>SO</arg>
<arg>SR</arg>
<arg>SS</arg>
<arg>ST</arg>
<arg>SV</arg>
<arg>SX</arg>
<arg>SY</arg>
<arg>SZ</arg>
<arg>TC</arg>
<arg>TD</arg>
<arg>TF</arg>
<arg>TG</arg>
<arg>TH</arg>
<arg>TJ</arg>
<arg>TK</arg>
<arg>TL</arg>
<arg>TM</arg>
<arg>TN</arg>
<arg>TO</arg>
<arg>TR</arg>
<arg>TT</arg>
<arg>TV</arg>
<arg>TW</arg>
<arg>TZ</arg>
<arg>UA</arg>
<arg>UG</arg>
<arg>UM</arg>
<arg>US</arg>
<arg>UY</arg>
<arg>UZ</arg>
<arg>VA</arg>
<arg>VC</arg>
<arg>VE</arg>
<arg>VG</arg>
<arg>VI</arg>
<arg>VN</arg>
<arg>VU</arg>
<arg>WF</arg>
<arg>WS</arg>
<arg>XK</arg>
<arg>YE</arg>
<arg>YT</arg>
<arg>ZA</arg>
<arg>ZM</arg>
<arg>ZW</arg>
<doc>Returns a list containing given items.</doc>
<status status="PASS" start="2024-05-18T13:15:05.880604" elapsed="0.000621"/>
</kw>
<kw name="List Should Contain Value" owner="Collections">
<msg time="2024-05-18T13:15:05.882211" level="INFO">False</msg>
<arg>${list_country}</arg>
<arg>${name_country}</arg>
<doc>Fails if the ``value`` is not found from ``list``.</doc>
<status status="PASS" start="2024-05-18T13:15:05.882010" elapsed="0.000237"/>
</kw>
<kw name="Run Keyword If" owner="BuiltIn">
<kw name="Should Be True" owner="BuiltIn">
<arg>${True}</arg>
<doc>Fails if the given condition is not true.</doc>
<status status="PASS" start="2024-05-18T13:15:05.883335" elapsed="0.000241"/>
</kw>
<arg>${json_data["results"][0]["location"]["coordinates"]["latitude"]} &gt;= -90 and ${json_data["results"][0]["location"]["coordinates"]["latitude"]} &lt;= 90</arg>
<arg>Should Be True</arg>
<arg>${True}</arg>
<doc>Runs the given keyword with the given arguments, if ``condition`` is true.</doc>
<status status="PASS" start="2024-05-18T13:15:05.882588" elapsed="0.001121"/>
</kw>
<kw name="Run Keyword If" owner="BuiltIn">
<kw name="Should Be True" owner="BuiltIn">
<arg>${True}</arg>
<doc>Fails if the given condition is not true.</doc>
<status status="PASS" start="2024-05-18T13:15:05.884591" elapsed="0.000141"/>
</kw>
<arg>${json_data["results"][0]["location"]["coordinates"]["longitude"]} &gt;= -180 and ${json_data["results"][0]["location"]["coordinates"]["longitude"]} &lt;= 180</arg>
<arg>Should Be True</arg>
<arg>${True}</arg>
<doc>Runs the given keyword with the given arguments, if ``condition`` is true.</doc>
<status status="PASS" start="2024-05-18T13:15:05.883896" elapsed="0.000960"/>
</kw>
<status status="PASS" start="2024-05-18T13:15:05.781603" elapsed="0.103382"/>
</kw>
<doc>Testa o conteúdo específico dos campos retornados pela API.</doc>
<tag>testeConteudo</tag>
<status status="PASS" start="2024-05-18T13:15:05.781111" elapsed="0.104015"/>
</test>
<status status="PASS" start="2024-05-18T13:15:05.051674" elapsed="0.835438"/>
</suite>
<status status="PASS" start="2024-05-18T13:15:05.038367" elapsed="0.854813"/>
</suite>
<statistics>
<total>
<stat pass="5" fail="0" skip="0">All Tests</stat>
</total>
<tag>
<stat pass="1" fail="0" skip="0">testeConteudo</stat>
<stat pass="1" fail="0" skip="0">testeEstruturaResposta</stat>
<stat pass="1" fail="0" skip="0">testeRequisicaoBasica</stat>
<stat pass="1" fail="0" skip="0">testeTiposDados</stat>
</tag>
<suite>
<stat pass="5" fail="0" skip="0" id="s1" name="Tests">Tests</stat>
<stat pass="5" fail="0" skip="0" id="s1-s1" name="Random-User-Test">Tests.Random-User-Test</stat>
</suite>
</statistics>
<errors>
</errors>
</robot>
