<?xml version="1.0" encoding="UTF-8"?>
<robot generator="Robot 7.0 (Python 3.12.2 on linux)" generated="2024-04-11T04:15:58.793434" rpa="false" schemaversion="5">
<suite id="s1" name="Tests" source="/home/runner/work/DesafioQAItauRogerioJordao/DesafioQAItauRogerioJordao/RamdonUser/tests">
<suite id="s1-s1" name="Random-User-Test" source="/home/runner/work/DesafioQAItauRogerioJordao/DesafioQAItauRogerioJordao/RamdonUser/tests/random-user-test.robot">
<test id="s1-s1-t1" name="Conectar" line="13">
<kw name="Conectar API" owner="random-user-service">
<kw name="Create Session" owner="RequestsLibrary">
<msg time="2024-04-11T04:15:59.176472" level="INFO">Creating Session using : alias=consultarAPI, url=https://randomuser.me/, headers={},                     cookies={}, auth=None, timeout=None, proxies=None, verify=False,                     debug=0 </msg>
<arg>consultarAPI</arg>
<arg>${URL}</arg>
<doc>Create Session: create a HTTP session to a server</doc>
<status status="PASS" start="2024-04-11T04:15:59.176274" elapsed="0.000364"/>
</kw>
<status status="PASS" start="2024-04-11T04:15:59.175247" elapsed="0.001775"/>
</kw>
<status status="PASS" start="2024-04-11T04:15:59.174737" elapsed="0.002490"/>
</test>
<test id="s1-s1-t2" name="Validar retorno 200 e JSON Válido" line="16">
<kw name="Teste de Requisicao Basica" owner="random-user-service">
<kw name="GET On Session" owner="RequestsLibrary">
<msg time="2024-04-11T04:15:59.342743" level="INFO">GET Request : url=https://randomuser.me/api 
 path_url=/api 
 headers={'User-Agent': 'python-requests/2.31.0', 'Accept-Encoding': 'gzip, deflate', 'Accept': '*/*', 'Connection': 'keep-alive'} 
 body=None 
 </msg>
<msg time="2024-04-11T04:15:59.342888" level="INFO">GET Response : url=https://randomuser.me/api 
 status=200, reason=OK 
 headers={'Date': 'Thu, 11 Apr 2024 04:15:59 GMT', 'Content-Type': 'application/json; charset=utf-8', 'Transfer-Encoding': 'chunked', 'Connection': 'keep-alive', 'X-Powered-By': 'Express', 'Access-Control-Allow-Origin': '*', 'Cache-Control': 'no-cache', 'ETag': 'W/"4aa-gDxmYyslmfiI7/uAt1T/q7srusY"', 'Vary': 'Accept-Encoding', 'Content-Encoding': 'gzip', 'CF-Cache-Status': 'DYNAMIC', 'Report-To': '{"endpoints":[{"url":"https:\\/\\/a.nel.cloudflare.com\\/report\\/v4?s=mgNgtgOlgVnRPPwwGT5epUtiMQdukQf6HwV31iSr1wRleeICtLWycSYOgeU2kL7X5vwLJ8OBy4%2FGqEaDK1tpPxrtYbhm2nW31dovoF5xrFyKqO8vtOYJbq%2FY0E%2BeGh3v"}],"group":"cf-nel","max_age":604800}', 'NEL': '{"success_fraction":0,"report_to":"cf-nel","max_age":604800}', 'Server': 'cloudflare', 'CF-RAY': '8728289bba7d87a1-IAD', 'alt-svc': 'h3=":443"; ma=86400'} 
 body={"results":[{"gender":"female","name":{"title":"Miss","first":"Ellie","last":"Stephens"},"location":{"street":{"number":4347,"name":"Oaks Cross"},"city":"Leeds","state":"Northamptonshire","country":"United Kingdom","postcode":"N1 1NU","coordinates":{"latitude":"-8.6787","longitude":"78.8935"},"timezone":{"offset":"+11:00","description":"Magadan, Solomon Islands, New Caledonia"}},"email":"ellie.stephens@example.com","login":{"uuid":"5d4f686a-d8f2-48f3-8c23-972f0b799850","username":"bluemeercat522","password":"bullseye","salt":"F8jH0pdW","md5":"6f485d95b5d6401f62ff82405ebd0ea2","sha1":"0b6b383d6c3f2b6458a6c589d5df858e75093a6d","sha256":"a1d138951967f504c015469bc7957b1eac3cfbb20e7f63471bc12c782e20a787"},"dob":{"date":"1954-02-14T17:12:06.759Z","age":70},"registered":{"date":"2021-09-27T21:56:27.509Z","age":2},"phone":"016977 28750","cell":"07456 595025","id":{"name":"NINO","value":"LS 80 19 27 O"},"picture":{"large":"https://randomuser.me/api/portraits/women/5.jpg","medium":"https://randomuser.me/api/portraits/med/women/5.jpg","thumbnail":"https://randomuser.me/api/portraits/thumb/women/5.jpg"},"nat":"GB"}],"info":{"seed":"744155bbe233aae2","results":1,"page":1,"version":"1.4"}} 
 </msg>
<msg time="2024-04-11T04:15:59.342978" level="INFO">/opt/hostedtoolcache/Python/3.12.2/x64/lib/python3.12/site-packages/urllib3/connectionpool.py:1103: InsecureRequestWarning: Unverified HTTPS request is being made to host 'randomuser.me'. Adding certificate verification is strongly advised. See: https://urllib3.readthedocs.io/en/latest/advanced-usage.html#tls-warnings
  warnings.warn(</msg>
<msg time="2024-04-11T04:15:59.343132" level="INFO">${response} = &lt;Response [200]&gt;</msg>
<var>${response}</var>
<arg>consultarAPI</arg>
<arg>/api</arg>
<doc>Sends a GET request on a previously created HTTP Session.</doc>
<status status="PASS" start="2024-04-11T04:15:59.179730" elapsed="0.163443"/>
</kw>
<kw name="Should Be Equal As Numbers" owner="BuiltIn">
<msg time="2024-04-11T04:15:59.344090" level="INFO">Argument types are:
&lt;class 'int'&gt;
&lt;class 'str'&gt;</msg>
<arg>${response.status_code}</arg>
<arg>200</arg>
<doc>Fails if objects are unequal after converting them to real numbers.</doc>
<status status="PASS" start="2024-04-11T04:15:59.343649" elapsed="0.000510"/>
</kw>
<kw name="Log" owner="BuiltIn">
<msg time="2024-04-11T04:15:59.344852" level="INFO">200</msg>
<arg>${response.status_code}</arg>
<doc>Logs the given message with the given level.</doc>
<status status="PASS" start="2024-04-11T04:15:59.344490" elapsed="0.000405"/>
</kw>
<kw name="Set Variable" owner="BuiltIn">
<msg time="2024-04-11T04:15:59.345712" level="INFO">${json_data} = {'results': [{'gender': 'female', 'name': {'title': 'Miss', 'first': 'Ellie', 'last': 'Stephens'}, 'location': {'street': {'number': 4347, 'name': 'Oaks Cross'}, 'city': 'Leeds', 'state': 'Northampton...</msg>
<var>${json_data}</var>
<arg>${response.json()}</arg>
<doc>Returns the given values which can then be assigned to a variables.</doc>
<status status="PASS" start="2024-04-11T04:15:59.345270" elapsed="0.000470"/>
</kw>
<kw name="Dictionary Should Contain Key" owner="Collections">
<msg time="2024-04-11T04:15:59.346226" level="INFO">False</msg>
<arg>${json_data}</arg>
<arg>results</arg>
<doc>Fails if ``key`` is not found from ``dictionary``.</doc>
<status status="PASS" start="2024-04-11T04:15:59.346057" elapsed="0.000210"/>
</kw>
<status status="PASS" start="2024-04-11T04:15:59.179484" elapsed="0.167045"/>
</kw>
<doc>Testa se a API responde corretamente e retorna um objeto JSON válido.</doc>
<tag>testeRequisicaoBasica</tag>
<status status="PASS" start="2024-04-11T04:15:59.179035" elapsed="0.167679"/>
</test>
<test id="s1-s1-t3" name="Validar estrutura de resposta" line="22">
<kw name="Teste de Estrutura de Resposta" owner="random-user-service">
<kw name="GET On Session" owner="RequestsLibrary">
<msg time="2024-04-11T04:15:59.442908" level="INFO">GET Request : url=https://randomuser.me/api 
 path_url=/api 
 headers={'User-Agent': 'python-requests/2.31.0', 'Accept-Encoding': 'gzip, deflate', 'Accept': '*/*', 'Connection': 'keep-alive'} 
 body=None 
 </msg>
<msg time="2024-04-11T04:15:59.442992" level="INFO">GET Response : url=https://randomuser.me/api 
 status=200, reason=OK 
 headers={'Date': 'Thu, 11 Apr 2024 04:15:59 GMT', 'Content-Type': 'application/json; charset=utf-8', 'Transfer-Encoding': 'chunked', 'Connection': 'keep-alive', 'X-Powered-By': 'Express', 'Access-Control-Allow-Origin': '*', 'Cache-Control': 'no-cache', 'ETag': 'W/"491-yUZqfY0rZKhbaprCSa1EvLnmv+8"', 'Vary': 'Accept-Encoding', 'Content-Encoding': 'gzip', 'CF-Cache-Status': 'DYNAMIC', 'Report-To': '{"endpoints":[{"url":"https:\\/\\/a.nel.cloudflare.com\\/report\\/v4?s=OglhQ2SFkX62Fc2pXS14mUaDs12A3GVkhorUxaObEtyZYI3v%2BpLf2HtprrSu1ObgNo1mdtUvCZ5E0n9qs6kfjthkVKJ4EXecqme98sc0z80O%2FezaJyowUiOnbEXh4Zmg"}],"group":"cf-nel","max_age":604800}', 'NEL': '{"success_fraction":0,"report_to":"cf-nel","max_age":604800}', 'Server': 'cloudflare', 'CF-RAY': '8728289beadf87a1-IAD', 'alt-svc': 'h3=":443"; ma=86400'} 
 body={"results":[{"gender":"female","name":{"title":"Miss","first":"Özsu","last":"Ilıcalı"},"location":{"street":{"number":610,"name":"Filistin Cd"},"city":"Kırşehir","state":"Denizli","country":"Turkey","postcode":13056,"coordinates":{"latitude":"67.3259","longitude":"134.2582"},"timezone":{"offset":"+10:00","description":"Eastern Australia, Guam, Vladivostok"}},"email":"ozsu.ilicali@example.com","login":{"uuid":"c72f0973-0179-47e3-8f74-7a1fde3dc484","username":"brownladybug673","password":"hotmail0","salt":"eELB3nU9","md5":"184f5aac130c01f5d276b8452f1d7c85","sha1":"bf924f380ade2158d9b8ae6b85aa4b4c2105ce13","sha256":"5108306bc72739d1939730a426597457879ec8f4429a637aef84ab8842c79729"},"dob":{"date":"1948-07-08T05:36:13.578Z","age":75},"registered":{"date":"2021-12-21T19:13:42.029Z","age":2},"phone":"(928)-725-3214","cell":"(740)-868-4683","id":{"name":"","value":null},"picture":{"large":"https://randomuser.me/api/portraits/women/83.jpg","medium":"https://randomuser.me/api/portraits/med/women/83.jpg","thumbnail":"https://randomuser.me/api/portraits/thumb/women/83.jpg"},"nat":"TR"}],"info":{"seed":"7991e8c1f37a2433","results":1,"page":1,"version":"1.4"}} 
 </msg>
<msg time="2024-04-11T04:15:59.443131" level="INFO">/opt/hostedtoolcache/Python/3.12.2/x64/lib/python3.12/site-packages/urllib3/connectionpool.py:1103: InsecureRequestWarning: Unverified HTTPS request is being made to host 'randomuser.me'. Adding certificate verification is strongly advised. See: https://urllib3.readthedocs.io/en/latest/advanced-usage.html#tls-warnings
  warnings.warn(</msg>
<msg time="2024-04-11T04:15:59.443269" level="INFO">${response} = &lt;Response [200]&gt;</msg>
<var>${response}</var>
<arg>consultarAPI</arg>
<arg>/api</arg>
<doc>Sends a GET request on a previously created HTTP Session.</doc>
<status status="PASS" start="2024-04-11T04:15:59.349595" elapsed="0.093718"/>
</kw>
<kw name="Set Variable" owner="BuiltIn">
<msg time="2024-04-11T04:15:59.444180" level="INFO">${json_data} = {'results': [{'gender': 'female', 'name': {'title': 'Miss', 'first': 'Özsu', 'last': 'Ilıcalı'}, 'location': {'street': {'number': 610, 'name': 'Filistin Cd'}, 'city': 'Kırşehir', 'state': 'Denizli', ...</msg>
<var>${json_data}</var>
<arg>${response.json()}</arg>
<doc>Returns the given values which can then be assigned to a variables.</doc>
<status status="PASS" start="2024-04-11T04:15:59.443680" elapsed="0.000530"/>
</kw>
<kw name="Log" owner="BuiltIn">
<msg time="2024-04-11T04:15:59.444682" level="INFO">{'results': [{'gender': 'female', 'name': {'title': 'Miss', 'first': 'Özsu', 'last': 'Ilıcalı'}, 'location': {'street': {'number': 610, 'name': 'Filistin Cd'}, 'city': 'Kırşehir', 'state': 'Denizli', 'country': 'Turkey', 'postcode': 13056, 'coordinates': {'latitude': '67.3259', 'longitude': '134.2582'}, 'timezone': {'offset': '+10:00', 'description': 'Eastern Australia, Guam, Vladivostok'}}, 'email': 'ozsu.ilicali@example.com', 'login': {'uuid': 'c72f0973-0179-47e3-8f74-7a1fde3dc484', 'username': 'brownladybug673', 'password': 'hotmail0', 'salt': 'eELB3nU9', 'md5': '184f5aac130c01f5d276b8452f1d7c85', 'sha1': 'bf924f380ade2158d9b8ae6b85aa4b4c2105ce13', 'sha256': '5108306bc72739d1939730a426597457879ec8f4429a637aef84ab8842c79729'}, 'dob': {'date': '1948-07-08T05:36:13.578Z', 'age': 75}, 'registered': {'date': '2021-12-21T19:13:42.029Z', 'age': 2}, 'phone': '(928)-725-3214', 'cell': '(740)-868-4683', 'id': {'name': '', 'value': None}, 'picture': {'large': 'https://randomuser.me/api/portraits/women/83.jpg', 'medium': 'https://randomuser.me/api/portraits/med/women/83.jpg', 'thumbnail': 'https://randomuser.me/api/portraits/thumb/women/83.jpg'}, 'nat': 'TR'}], 'info': {'seed': '7991e8c1f37a2433', 'results': 1, 'page': 1, 'version': '1.4'}}</msg>
<arg>${json_data}</arg>
<doc>Logs the given message with the given level.</doc>
<status status="PASS" start="2024-04-11T04:15:59.444521" elapsed="0.000211"/>
</kw>
<kw name="Dictionary Should Contain Key" owner="Collections">
<msg time="2024-04-11T04:15:59.445217" level="INFO">False</msg>
<arg>${json_data}</arg>
<arg>results</arg>
<doc>Fails if ``key`` is not found from ``dictionary``.</doc>
<status status="PASS" start="2024-04-11T04:15:59.445059" elapsed="0.000196"/>
</kw>
<kw name="Should Not Be Empty" owner="BuiltIn">
<msg time="2024-04-11T04:15:59.445693" level="INFO">Length is 2.</msg>
<arg>${json_data}</arg>
<doc>Verifies that the given item is not empty.</doc>
<status status="PASS" start="2024-04-11T04:15:59.445558" elapsed="0.000173"/>
</kw>
<kw name="Create List" owner="BuiltIn">
<msg time="2024-04-11T04:15:59.446178" level="INFO">${expected_keys} = ['gender', 'name', 'location', 'email', 'login']</msg>
<var>${expected_keys}</var>
<arg>gender</arg>
<arg>name</arg>
<arg>location</arg>
<arg>email</arg>
<arg>login</arg>
<doc>Returns a list containing given items.</doc>
<status status="PASS" start="2024-04-11T04:15:59.446026" elapsed="0.000176"/>
</kw>
<for flavor="IN">
<iter>
<kw name="Dictionary Should Contain Key" owner="Collections">
<msg time="2024-04-11T04:15:59.447184" level="INFO">False</msg>
<arg>${json_data['results'][0]}</arg>
<arg>${key}</arg>
<doc>Fails if ``key`` is not found from ``dictionary``.</doc>
<status status="PASS" start="2024-04-11T04:15:59.446782" elapsed="0.000442"/>
</kw>
<kw name="Log" owner="BuiltIn">
<msg time="2024-04-11T04:15:59.447914" level="INFO">{'gender': 'female', 'name': {'title': 'Miss', 'first': 'Özsu', 'last': 'Ilıcalı'}, 'location': {'street': {'number': 610, 'name': 'Filistin Cd'}, 'city': 'Kırşehir', 'state': 'Denizli', 'country': 'Turkey', 'postcode': 13056, 'coordinates': {'latitude': '67.3259', 'longitude': '134.2582'}, 'timezone': {'offset': '+10:00', 'description': 'Eastern Australia, Guam, Vladivostok'}}, 'email': 'ozsu.ilicali@example.com', 'login': {'uuid': 'c72f0973-0179-47e3-8f74-7a1fde3dc484', 'username': 'brownladybug673', 'password': 'hotmail0', 'salt': 'eELB3nU9', 'md5': '184f5aac130c01f5d276b8452f1d7c85', 'sha1': 'bf924f380ade2158d9b8ae6b85aa4b4c2105ce13', 'sha256': '5108306bc72739d1939730a426597457879ec8f4429a637aef84ab8842c79729'}, 'dob': {'date': '1948-07-08T05:36:13.578Z', 'age': 75}, 'registered': {'date': '2021-12-21T19:13:42.029Z', 'age': 2}, 'phone': '(928)-725-3214', 'cell': '(740)-868-4683', 'id': {'name': '', 'value': None}, 'picture': {'large': 'https://randomuser.me/api/portraits/women/83.jpg', 'medium': 'https://randomuser.me/api/portraits/med/women/83.jpg', 'thumbnail': 'https://randomuser.me/api/portraits/thumb/women/83.jpg'}, 'nat': 'TR'}</msg>
<arg>${json_data['results'][0]}</arg>
<doc>Logs the given message with the given level.</doc>
<status status="PASS" start="2024-04-11T04:15:59.447533" elapsed="0.000432"/>
</kw>
<kw name="Log" owner="BuiltIn">
<msg time="2024-04-11T04:15:59.448398" level="INFO">gender</msg>
<arg>${key}</arg>
<doc>Logs the given message with the given level.</doc>
<status status="PASS" start="2024-04-11T04:15:59.448268" elapsed="0.000168"/>
</kw>
<var name="${key}">gender</var>
<status status="PASS" start="2024-04-11T04:15:59.446657" elapsed="0.001998"/>
</iter>
<iter>
<kw name="Dictionary Should Contain Key" owner="Collections">
<msg time="2024-04-11T04:15:59.449379" level="INFO">False</msg>
<arg>${json_data['results'][0]}</arg>
<arg>${key}</arg>
<doc>Fails if ``key`` is not found from ``dictionary``.</doc>
<status status="PASS" start="2024-04-11T04:15:59.448982" elapsed="0.000435"/>
</kw>
<kw name="Log" owner="BuiltIn">
<msg time="2024-04-11T04:15:59.450131" level="INFO">{'gender': 'female', 'name': {'title': 'Miss', 'first': 'Özsu', 'last': 'Ilıcalı'}, 'location': {'street': {'number': 610, 'name': 'Filistin Cd'}, 'city': 'Kırşehir', 'state': 'Denizli', 'country': 'Turkey', 'postcode': 13056, 'coordinates': {'latitude': '67.3259', 'longitude': '134.2582'}, 'timezone': {'offset': '+10:00', 'description': 'Eastern Australia, Guam, Vladivostok'}}, 'email': 'ozsu.ilicali@example.com', 'login': {'uuid': 'c72f0973-0179-47e3-8f74-7a1fde3dc484', 'username': 'brownladybug673', 'password': 'hotmail0', 'salt': 'eELB3nU9', 'md5': '184f5aac130c01f5d276b8452f1d7c85', 'sha1': 'bf924f380ade2158d9b8ae6b85aa4b4c2105ce13', 'sha256': '5108306bc72739d1939730a426597457879ec8f4429a637aef84ab8842c79729'}, 'dob': {'date': '1948-07-08T05:36:13.578Z', 'age': 75}, 'registered': {'date': '2021-12-21T19:13:42.029Z', 'age': 2}, 'phone': '(928)-725-3214', 'cell': '(740)-868-4683', 'id': {'name': '', 'value': None}, 'picture': {'large': 'https://randomuser.me/api/portraits/women/83.jpg', 'medium': 'https://randomuser.me/api/portraits/med/women/83.jpg', 'thumbnail': 'https://randomuser.me/api/portraits/thumb/women/83.jpg'}, 'nat': 'TR'}</msg>
<arg>${json_data['results'][0]}</arg>
<doc>Logs the given message with the given level.</doc>
<status status="PASS" start="2024-04-11T04:15:59.449754" elapsed="0.000428"/>
</kw>
<kw name="Log" owner="BuiltIn">
<msg time="2024-04-11T04:15:59.450610" level="INFO">name</msg>
<arg>${key}</arg>
<doc>Logs the given message with the given level.</doc>
<status status="PASS" start="2024-04-11T04:15:59.450482" elapsed="0.000167"/>
</kw>
<var name="${key}">name</var>
<status status="PASS" start="2024-04-11T04:15:59.448842" elapsed="0.002026"/>
</iter>
<iter>
<kw name="Dictionary Should Contain Key" owner="Collections">
<msg time="2024-04-11T04:15:59.451542" level="INFO">False</msg>
<arg>${json_data['results'][0]}</arg>
<arg>${key}</arg>
<doc>Fails if ``key`` is not found from ``dictionary``.</doc>
<status status="PASS" start="2024-04-11T04:15:59.451161" elapsed="0.000419"/>
</kw>
<kw name="Log" owner="BuiltIn">
<msg time="2024-04-11T04:15:59.452241" level="INFO">{'gender': 'female', 'name': {'title': 'Miss', 'first': 'Özsu', 'last': 'Ilıcalı'}, 'location': {'street': {'number': 610, 'name': 'Filistin Cd'}, 'city': 'Kırşehir', 'state': 'Denizli', 'country': 'Turkey', 'postcode': 13056, 'coordinates': {'latitude': '67.3259', 'longitude': '134.2582'}, 'timezone': {'offset': '+10:00', 'description': 'Eastern Australia, Guam, Vladivostok'}}, 'email': 'ozsu.ilicali@example.com', 'login': {'uuid': 'c72f0973-0179-47e3-8f74-7a1fde3dc484', 'username': 'brownladybug673', 'password': 'hotmail0', 'salt': 'eELB3nU9', 'md5': '184f5aac130c01f5d276b8452f1d7c85', 'sha1': 'bf924f380ade2158d9b8ae6b85aa4b4c2105ce13', 'sha256': '5108306bc72739d1939730a426597457879ec8f4429a637aef84ab8842c79729'}, 'dob': {'date': '1948-07-08T05:36:13.578Z', 'age': 75}, 'registered': {'date': '2021-12-21T19:13:42.029Z', 'age': 2}, 'phone': '(928)-725-3214', 'cell': '(740)-868-4683', 'id': {'name': '', 'value': None}, 'picture': {'large': 'https://randomuser.me/api/portraits/women/83.jpg', 'medium': 'https://randomuser.me/api/portraits/med/women/83.jpg', 'thumbnail': 'https://randomuser.me/api/portraits/thumb/women/83.jpg'}, 'nat': 'TR'}</msg>
<arg>${json_data['results'][0]}</arg>
<doc>Logs the given message with the given level.</doc>
<status status="PASS" start="2024-04-11T04:15:59.451879" elapsed="0.000417"/>
</kw>
<kw name="Log" owner="BuiltIn">
<msg time="2024-04-11T04:15:59.452720" level="INFO">location</msg>
<arg>${key}</arg>
<doc>Logs the given message with the given level.</doc>
<status status="PASS" start="2024-04-11T04:15:59.452593" elapsed="0.000165"/>
</kw>
<var name="${key}">location</var>
<status status="PASS" start="2024-04-11T04:15:59.451050" elapsed="0.001942"/>
</iter>
<iter>
<kw name="Dictionary Should Contain Key" owner="Collections">
<msg time="2024-04-11T04:15:59.453657" level="INFO">False</msg>
<arg>${json_data['results'][0]}</arg>
<arg>${key}</arg>
<doc>Fails if ``key`` is not found from ``dictionary``.</doc>
<status status="PASS" start="2024-04-11T04:15:59.453283" elapsed="0.000411"/>
</kw>
<kw name="Log" owner="BuiltIn">
<msg time="2024-04-11T04:15:59.454370" level="INFO">{'gender': 'female', 'name': {'title': 'Miss', 'first': 'Özsu', 'last': 'Ilıcalı'}, 'location': {'street': {'number': 610, 'name': 'Filistin Cd'}, 'city': 'Kırşehir', 'state': 'Denizli', 'country': 'Turkey', 'postcode': 13056, 'coordinates': {'latitude': '67.3259', 'longitude': '134.2582'}, 'timezone': {'offset': '+10:00', 'description': 'Eastern Australia, Guam, Vladivostok'}}, 'email': 'ozsu.ilicali@example.com', 'login': {'uuid': 'c72f0973-0179-47e3-8f74-7a1fde3dc484', 'username': 'brownladybug673', 'password': 'hotmail0', 'salt': 'eELB3nU9', 'md5': '184f5aac130c01f5d276b8452f1d7c85', 'sha1': 'bf924f380ade2158d9b8ae6b85aa4b4c2105ce13', 'sha256': '5108306bc72739d1939730a426597457879ec8f4429a637aef84ab8842c79729'}, 'dob': {'date': '1948-07-08T05:36:13.578Z', 'age': 75}, 'registered': {'date': '2021-12-21T19:13:42.029Z', 'age': 2}, 'phone': '(928)-725-3214', 'cell': '(740)-868-4683', 'id': {'name': '', 'value': None}, 'picture': {'large': 'https://randomuser.me/api/portraits/women/83.jpg', 'medium': 'https://randomuser.me/api/portraits/med/women/83.jpg', 'thumbnail': 'https://randomuser.me/api/portraits/thumb/women/83.jpg'}, 'nat': 'TR'}</msg>
<arg>${json_data['results'][0]}</arg>
<doc>Logs the given message with the given level.</doc>
<status status="PASS" start="2024-04-11T04:15:59.453990" elapsed="0.000432"/>
</kw>
<kw name="Log" owner="BuiltIn">
<msg time="2024-04-11T04:15:59.454845" level="INFO">email</msg>
<arg>${key}</arg>
<doc>Logs the given message with the given level.</doc>
<status status="PASS" start="2024-04-11T04:15:59.454717" elapsed="0.000165"/>
</kw>
<var name="${key}">email</var>
<status status="PASS" start="2024-04-11T04:15:59.453174" elapsed="0.001922"/>
</iter>
<iter>
<kw name="Dictionary Should Contain Key" owner="Collections">
<msg time="2024-04-11T04:15:59.455772" level="INFO">False</msg>
<arg>${json_data['results'][0]}</arg>
<arg>${key}</arg>
<doc>Fails if ``key`` is not found from ``dictionary``.</doc>
<status status="PASS" start="2024-04-11T04:15:59.455381" elapsed="0.000429"/>
</kw>
<kw name="Log" owner="BuiltIn">
<msg time="2024-04-11T04:15:59.456469" level="INFO">{'gender': 'female', 'name': {'title': 'Miss', 'first': 'Özsu', 'last': 'Ilıcalı'}, 'location': {'street': {'number': 610, 'name': 'Filistin Cd'}, 'city': 'Kırşehir', 'state': 'Denizli', 'country': 'Turkey', 'postcode': 13056, 'coordinates': {'latitude': '67.3259', 'longitude': '134.2582'}, 'timezone': {'offset': '+10:00', 'description': 'Eastern Australia, Guam, Vladivostok'}}, 'email': 'ozsu.ilicali@example.com', 'login': {'uuid': 'c72f0973-0179-47e3-8f74-7a1fde3dc484', 'username': 'brownladybug673', 'password': 'hotmail0', 'salt': 'eELB3nU9', 'md5': '184f5aac130c01f5d276b8452f1d7c85', 'sha1': 'bf924f380ade2158d9b8ae6b85aa4b4c2105ce13', 'sha256': '5108306bc72739d1939730a426597457879ec8f4429a637aef84ab8842c79729'}, 'dob': {'date': '1948-07-08T05:36:13.578Z', 'age': 75}, 'registered': {'date': '2021-12-21T19:13:42.029Z', 'age': 2}, 'phone': '(928)-725-3214', 'cell': '(740)-868-4683', 'id': {'name': '', 'value': None}, 'picture': {'large': 'https://randomuser.me/api/portraits/women/83.jpg', 'medium': 'https://randomuser.me/api/portraits/med/women/83.jpg', 'thumbnail': 'https://randomuser.me/api/portraits/thumb/women/83.jpg'}, 'nat': 'TR'}</msg>
<arg>${json_data['results'][0]}</arg>
<doc>Logs the given message with the given level.</doc>
<status status="PASS" start="2024-04-11T04:15:59.456104" elapsed="0.000415"/>
</kw>
<kw name="Log" owner="BuiltIn">
<msg time="2024-04-11T04:15:59.456969" level="INFO">login</msg>
<arg>${key}</arg>
<doc>Logs the given message with the given level.</doc>
<status status="PASS" start="2024-04-11T04:15:59.456821" elapsed="0.000191"/>
</kw>
<var name="${key}">login</var>
<status status="PASS" start="2024-04-11T04:15:59.455273" elapsed="0.001989"/>
</iter>
<var>${key}</var>
<value>@{expected_keys}</value>
<status status="PASS" start="2024-04-11T04:15:59.446470" elapsed="0.010921"/>
</for>
<kw name="Create List" owner="BuiltIn">
<msg time="2024-04-11T04:15:59.457732" level="INFO">${expected_keysTwo} = ['username', 'password']</msg>
<var>${expected_keysTwo}</var>
<arg>username</arg>
<arg>password</arg>
<doc>Returns a list containing given items.</doc>
<status status="PASS" start="2024-04-11T04:15:59.457583" elapsed="0.000172"/>
</kw>
<for flavor="IN">
<iter>
<kw name="Dictionary Should Contain Key" owner="Collections">
<msg time="2024-04-11T04:15:59.458750" level="INFO">False</msg>
<arg>${json_data['results'][0]['login']}</arg>
<arg>${keyTwo}</arg>
<doc>Fails if ``key`` is not found from ``dictionary``.</doc>
<status status="PASS" start="2024-04-11T04:15:59.458362" elapsed="0.000425"/>
</kw>
<kw name="Dictionary Should Contain Key" owner="Collections">
<msg time="2024-04-11T04:15:59.459483" level="INFO">False</msg>
<arg>${json_data['results'][0]['login']}</arg>
<arg>${keyTwo}</arg>
<doc>Fails if ``key`` is not found from ``dictionary``.</doc>
<status status="PASS" start="2024-04-11T04:15:59.459085" elapsed="0.000435"/>
</kw>
<kw name="Log" owner="BuiltIn">
<msg time="2024-04-11T04:15:59.459951" level="INFO">username</msg>
<arg>${keyTwo}</arg>
<doc>Logs the given message with the given level.</doc>
<status status="PASS" start="2024-04-11T04:15:59.459822" elapsed="0.000166"/>
</kw>
<var name="${keyTwo}">username</var>
<status status="PASS" start="2024-04-11T04:15:59.458248" elapsed="0.001958"/>
</iter>
<iter>
<kw name="Dictionary Should Contain Key" owner="Collections">
<msg time="2024-04-11T04:15:59.460873" level="INFO">False</msg>
<arg>${json_data['results'][0]['login']}</arg>
<arg>${keyTwo}</arg>
<doc>Fails if ``key`` is not found from ``dictionary``.</doc>
<status status="PASS" start="2024-04-11T04:15:59.460494" elapsed="0.000416"/>
</kw>
<kw name="Dictionary Should Contain Key" owner="Collections">
<msg time="2024-04-11T04:15:59.461616" level="INFO">False</msg>
<arg>${json_data['results'][0]['login']}</arg>
<arg>${keyTwo}</arg>
<doc>Fails if ``key`` is not found from ``dictionary``.</doc>
<status status="PASS" start="2024-04-11T04:15:59.461232" elapsed="0.000421"/>
</kw>
<kw name="Log" owner="BuiltIn">
<msg time="2024-04-11T04:15:59.462077" level="INFO">password</msg>
<arg>${keyTwo}</arg>
<doc>Logs the given message with the given level.</doc>
<status status="PASS" start="2024-04-11T04:15:59.461948" elapsed="0.000166"/>
</kw>
<var name="${keyTwo}">password</var>
<status status="PASS" start="2024-04-11T04:15:59.460385" elapsed="0.001946"/>
</iter>
<var>${keyTwo}</var>
<value>@{expected_keysTwo}</value>
<status status="PASS" start="2024-04-11T04:15:59.457994" elapsed="0.004481"/>
</for>
<status status="PASS" start="2024-04-11T04:15:59.349349" elapsed="0.113275"/>
</kw>
<doc>Testa a estrutura da resposta da API.</doc>
<tag>testeEstruturaResposta</tag>
<status status="PASS" start="2024-04-11T04:15:59.348578" elapsed="0.114212"/>
</test>
<test id="s1-s1-t4" name="Validar tipos de dados" line="28">
<kw name="Teste de Tipos de Dados" owner="random-user-service">
<kw name="GET On Session" owner="RequestsLibrary">
<msg time="2024-04-11T04:15:59.551281" level="INFO">GET Request : url=https://randomuser.me/api 
 path_url=/api 
 headers={'User-Agent': 'python-requests/2.31.0', 'Accept-Encoding': 'gzip, deflate', 'Accept': '*/*', 'Connection': 'keep-alive'} 
 body=None 
 </msg>
<msg time="2024-04-11T04:15:59.551364" level="INFO">GET Response : url=https://randomuser.me/api 
 status=200, reason=OK 
 headers={'Date': 'Thu, 11 Apr 2024 04:15:59 GMT', 'Content-Type': 'application/json; charset=utf-8', 'Transfer-Encoding': 'chunked', 'Connection': 'keep-alive', 'X-Powered-By': 'Express', 'Access-Control-Allow-Origin': '*', 'Cache-Control': 'no-cache', 'ETag': 'W/"47c-mnG+nO/J+D5uc8Ej3ZKlU+BRoqo"', 'Vary': 'Accept-Encoding', 'Content-Encoding': 'gzip', 'CF-Cache-Status': 'DYNAMIC', 'Report-To': '{"endpoints":[{"url":"https:\\/\\/a.nel.cloudflare.com\\/report\\/v4?s=pgo38zJZiBcY72imzLgv2Py5lMHEMocO%2FuxFPILsNJ2ZrN4fjd8QOs2JLVFeAODMlJY7nHS7Pfgn50VZBGdjo5FJqOw4G9wmu0v7yq6KunVREyfnw1yc%2F%2Fi6N4YCIIW2"}],"group":"cf-nel","max_age":604800}', 'NEL': '{"success_fraction":0,"report_to":"cf-nel","max_age":604800}', 'Server': 'cloudflare', 'CF-RAY': '8728289cabe987a1-IAD', 'alt-svc': 'h3=":443"; ma=86400'} 
 body={"results":[{"gender":"female","name":{"title":"Mrs","first":"Alex","last":"Collins"},"location":{"street":{"number":996,"name":"Station Road"},"city":"Ashbourne","state":"Limerick","country":"Ireland","postcode":95193,"coordinates":{"latitude":"-0.1599","longitude":"86.9374"},"timezone":{"offset":"+9:30","description":"Adelaide, Darwin"}},"email":"alex.collins@example.com","login":{"uuid":"028e1c08-fd3b-41a9-bf7c-51b224065d6b","username":"smallgoose191","password":"horizon","salt":"ZmShOLo7","md5":"b5c09d4f6b1aca1edfc1db7176af7f7a","sha1":"ef1da510e043f8d4bfaff9a0635e2721624fbdd0","sha256":"078cf5638eae6490e175bdd9da16ebf16fd4f8f6756d775fe73a842645481aac"},"dob":{"date":"1985-01-15T08:11:35.645Z","age":39},"registered":{"date":"2005-10-19T11:17:39.183Z","age":18},"phone":"021-043-8478","cell":"081-126-6991","id":{"name":"PPS","value":"5676226T"},"picture":{"large":"https://randomuser.me/api/portraits/women/17.jpg","medium":"https://randomuser.me/api/portraits/med/women/17.jpg","thumbnail":"https://randomuser.me/api/portraits/thumb/women/17.jpg"},"nat":"IE"}],"info":{"seed":"81e2054c899c9cbc","results":1,"page":1,"version":"1.4"}} 
 </msg>
<msg time="2024-04-11T04:15:59.551441" level="INFO">/opt/hostedtoolcache/Python/3.12.2/x64/lib/python3.12/site-packages/urllib3/connectionpool.py:1103: InsecureRequestWarning: Unverified HTTPS request is being made to host 'randomuser.me'. Adding certificate verification is strongly advised. See: https://urllib3.readthedocs.io/en/latest/advanced-usage.html#tls-warnings
  warnings.warn(</msg>
<msg time="2024-04-11T04:15:59.551561" level="INFO">${response} = &lt;Response [200]&gt;</msg>
<var>${response}</var>
<arg>consultarAPI</arg>
<arg>/api</arg>
<doc>Sends a GET request on a previously created HTTP Session.</doc>
<status status="PASS" start="2024-04-11T04:15:59.465229" elapsed="0.086388"/>
</kw>
<kw name="Set Variable" owner="BuiltIn">
<msg time="2024-04-11T04:15:59.552432" level="INFO">${json_data} = {'results': [{'gender': 'female', 'name': {'title': 'Mrs', 'first': 'Alex', 'last': 'Collins'}, 'location': {'street': {'number': 996, 'name': 'Station Road'}, 'city': 'Ashbourne', 'state': 'Limerick'...</msg>
<var>${json_data}</var>
<arg>${response.json()}</arg>
<doc>Returns the given values which can then be assigned to a variables.</doc>
<status status="PASS" start="2024-04-11T04:15:59.551986" elapsed="0.000474"/>
</kw>
<kw name="Log" owner="BuiltIn">
<msg time="2024-04-11T04:15:59.552923" level="INFO">{'results': [{'gender': 'female', 'name': {'title': 'Mrs', 'first': 'Alex', 'last': 'Collins'}, 'location': {'street': {'number': 996, 'name': 'Station Road'}, 'city': 'Ashbourne', 'state': 'Limerick', 'country': 'Ireland', 'postcode': 95193, 'coordinates': {'latitude': '-0.1599', 'longitude': '86.9374'}, 'timezone': {'offset': '+9:30', 'description': 'Adelaide, Darwin'}}, 'email': 'alex.collins@example.com', 'login': {'uuid': '028e1c08-fd3b-41a9-bf7c-51b224065d6b', 'username': 'smallgoose191', 'password': 'horizon', 'salt': 'ZmShOLo7', 'md5': 'b5c09d4f6b1aca1edfc1db7176af7f7a', 'sha1': 'ef1da510e043f8d4bfaff9a0635e2721624fbdd0', 'sha256': '078cf5638eae6490e175bdd9da16ebf16fd4f8f6756d775fe73a842645481aac'}, 'dob': {'date': '1985-01-15T08:11:35.645Z', 'age': 39}, 'registered': {'date': '2005-10-19T11:17:39.183Z', 'age': 18}, 'phone': '021-043-8478', 'cell': '081-126-6991', 'id': {'name': 'PPS', 'value': '5676226T'}, 'picture': {'large': 'https://randomuser.me/api/portraits/women/17.jpg', 'medium': 'https://randomuser.me/api/portraits/med/women/17.jpg', 'thumbnail': 'https://randomuser.me/api/portraits/thumb/women/17.jpg'}, 'nat': 'IE'}], 'info': {'seed': '81e2054c899c9cbc', 'results': 1, 'page': 1, 'version': '1.4'}}</msg>
<arg>${json_data}</arg>
<doc>Logs the given message with the given level.</doc>
<status status="PASS" start="2024-04-11T04:15:59.552765" elapsed="0.000266"/>
</kw>
<kw name="Should Be String" owner="String">
<arg>${json_data['results'][0]['gender']}</arg>
<doc>Fails if the given ``item`` is not a string.</doc>
<status status="PASS" start="2024-04-11T04:15:59.553349" elapsed="0.000359"/>
</kw>
<kw name="Should Match Regexp" owner="BuiltIn">
<arg>${json_data['results'][0]['email']}</arg>
<arg>^[a-zA-Z0-9._%+-]+@[a-zA-Z0-9.-]+\.[a-zA-Z]{2,}$</arg>
<doc>Fails if ``string`` does not match ``pattern`` as a regular expression.</doc>
<status status="PASS" start="2024-04-11T04:15:59.553902" elapsed="0.000517"/>
</kw>
<kw name="Should Match Regexp" owner="BuiltIn">
<arg>${json_data['results'][0]['dob']['date']}</arg>
<arg>\\d{4}-\\d{2}-\\d{2}T\\d{2}:\\d{2}:\\d{2}\\.\\d{3}Z</arg>
<doc>Fails if ``string`` does not match ``pattern`` as a regular expression.</doc>
<status status="PASS" start="2024-04-11T04:15:59.554619" elapsed="0.000495"/>
</kw>
<kw name="Should Match Regexp" owner="BuiltIn">
<arg>${json_data['results'][0]['registered']['date']}</arg>
<arg>\\d{4}-\\d{2}-\\d{2}T\\d{2}:\\d{2}:\\d{2}\\.\\d{3}Z</arg>
<doc>Fails if ``string`` does not match ``pattern`` as a regular expression.</doc>
<status status="PASS" start="2024-04-11T04:15:59.555311" elapsed="0.000377"/>
</kw>
<kw name="Should Match Regexp" owner="BuiltIn">
<arg>${json_data['results'][0]['picture']['large']}</arg>
<arg>^https?://.*\.(?:png|jpe?g|gif|bmp)$</arg>
<doc>Fails if ``string`` does not match ``pattern`` as a regular expression.</doc>
<status status="PASS" start="2024-04-11T04:15:59.555877" elapsed="0.000452"/>
</kw>
<kw name="Should Match Regexp" owner="BuiltIn">
<arg>${json_data['results'][0]['picture']['medium']}</arg>
<arg>^https?://.*\.(?:png|jpe?g|gif|bmp)$</arg>
<doc>Fails if ``string`` does not match ``pattern`` as a regular expression.</doc>
<status status="PASS" start="2024-04-11T04:15:59.556518" elapsed="0.000357"/>
</kw>
<kw name="Should Match Regexp" owner="BuiltIn">
<arg>${json_data['results'][0]['picture']['thumbnail']}</arg>
<arg>^https?://.*\.(?:png|jpe?g|gif|bmp)$</arg>
<doc>Fails if ``string`` does not match ``pattern`` as a regular expression.</doc>
<status status="PASS" start="2024-04-11T04:15:59.557096" elapsed="0.000360"/>
</kw>
<kw name="Log" owner="BuiltIn">
<msg time="2024-04-11T04:15:59.557959" level="INFO">{'large': 'https://randomuser.me/api/portraits/women/17.jpg', 'medium': 'https://randomuser.me/api/portraits/med/women/17.jpg', 'thumbnail': 'https://randomuser.me/api/portraits/thumb/women/17.jpg'}</msg>
<arg>${json_data['results'][0]['picture']}</arg>
<doc>Logs the given message with the given level.</doc>
<status status="PASS" start="2024-04-11T04:15:59.557639" elapsed="0.000361"/>
</kw>
<status status="PASS" start="2024-04-11T04:15:59.464974" elapsed="0.093279"/>
</kw>
<kw name="Teste de Tipos de Dados - Postcode" owner="random-user-service">
<kw name="GET On Session" owner="RequestsLibrary">
<msg time="2024-04-11T04:15:59.640810" level="INFO">GET Request : url=https://randomuser.me/api 
 path_url=/api 
 headers={'User-Agent': 'python-requests/2.31.0', 'Accept-Encoding': 'gzip, deflate', 'Accept': '*/*', 'Connection': 'keep-alive'} 
 body=None 
 </msg>
<msg time="2024-04-11T04:15:59.640891" level="INFO">GET Response : url=https://randomuser.me/api 
 status=200, reason=OK 
 headers={'Date': 'Thu, 11 Apr 2024 04:15:59 GMT', 'Content-Type': 'application/json; charset=utf-8', 'Transfer-Encoding': 'chunked', 'Connection': 'keep-alive', 'X-Powered-By': 'Express', 'Access-Control-Allow-Origin': '*', 'Cache-Control': 'no-cache', 'ETag': 'W/"49a-w+5Eri9csxlnqJHzYIzb19g3AJc"', 'Vary': 'Accept-Encoding', 'Content-Encoding': 'gzip', 'CF-Cache-Status': 'DYNAMIC', 'Report-To': '{"endpoints":[{"url":"https:\\/\\/a.nel.cloudflare.com\\/report\\/v4?s=7qxnuFuB1b%2B6i2TRDMY%2BjOPrqgSCtA2%2FfRjkluC1J2SNuEm%2BqhzpKWpX9IbmNtXycaYC%2B0Mmg3x5EEsom3s6a9gkkFpkqn6y1IvahDYNYIfBgsbvBTKtsQ1LtVjnROIu"}],"group":"cf-nel","max_age":604800}', 'NEL': '{"success_fraction":0,"report_to":"cf-nel","max_age":604800}', 'Server': 'cloudflare', 'CF-RAY': '8728289d3cd887a1-IAD', 'alt-svc': 'h3=":443"; ma=86400'} 
 body={"results":[{"gender":"male","name":{"title":"Mr","first":"Peetu","last":"Waara"},"location":{"street":{"number":9502,"name":"Tahmelantie"},"city":"Rautjärvi","state":"Northern Savonia","country":"Finland","postcode":71020,"coordinates":{"latitude":"-28.2928","longitude":"-111.5261"},"timezone":{"offset":"-4:00","description":"Atlantic Time (Canada), Caracas, La Paz"}},"email":"peetu.waara@example.com","login":{"uuid":"ce4fdb7a-4ec1-48e5-9800-ebec2c3b04b8","username":"angrybird921","password":"knicks","salt":"s5YeH6wx","md5":"67cf4ceea29b483db74566b340b1a46d","sha1":"d00ccf02df4b3d0de5b8b9eef1b5ea742bec9392","sha256":"7c41d57b3b618ed76d8a35de9456e6bf7ff5e3fc7dadd7379c68dd7cff032265"},"dob":{"date":"1986-04-26T02:37:29.729Z","age":37},"registered":{"date":"2020-11-01T03:25:56.499Z","age":3},"phone":"03-817-027","cell":"045-117-23-32","id":{"name":"HETU","value":"NaNNA187undefined"},"picture":{"large":"https://randomuser.me/api/portraits/men/77.jpg","medium":"https://randomuser.me/api/portraits/med/men/77.jpg","thumbnail":"https://randomuser.me/api/portraits/thumb/men/77.jpg"},"nat":"FI"}],"info":{"seed":"53d1542d36cd031c","results":1,"page":1,"version":"1.4"}} 
 </msg>
<msg time="2024-04-11T04:15:59.641009" level="INFO">/opt/hostedtoolcache/Python/3.12.2/x64/lib/python3.12/site-packages/urllib3/connectionpool.py:1103: InsecureRequestWarning: Unverified HTTPS request is being made to host 'randomuser.me'. Adding certificate verification is strongly advised. See: https://urllib3.readthedocs.io/en/latest/advanced-usage.html#tls-warnings
  warnings.warn(</msg>
<msg time="2024-04-11T04:15:59.641121" level="INFO">${response} = &lt;Response [200]&gt;</msg>
<var>${response}</var>
<arg>consultarAPI</arg>
<arg>/api</arg>
<doc>Sends a GET request on a previously created HTTP Session.</doc>
<status status="PASS" start="2024-04-11T04:15:59.558708" elapsed="0.082585"/>
</kw>
<kw name="Set Variable" owner="BuiltIn">
<msg time="2024-04-11T04:15:59.642160" level="INFO">${json_data} = {'results': [{'gender': 'male', 'name': {'title': 'Mr', 'first': 'Peetu', 'last': 'Waara'}, 'location': {'street': {'number': 9502, 'name': 'Tahmelantie'}, 'city': 'Rautjärvi', 'state': 'Northern Savo...</msg>
<var>${json_data}</var>
<arg>${response.json()}</arg>
<doc>Returns the given values which can then be assigned to a variables.</doc>
<status status="PASS" start="2024-04-11T04:15:59.641707" elapsed="0.000481"/>
</kw>
<kw name="Log" owner="BuiltIn">
<msg time="2024-04-11T04:15:59.642642" level="INFO">{'results': [{'gender': 'male', 'name': {'title': 'Mr', 'first': 'Peetu', 'last': 'Waara'}, 'location': {'street': {'number': 9502, 'name': 'Tahmelantie'}, 'city': 'Rautjärvi', 'state': 'Northern Savonia', 'country': 'Finland', 'postcode': 71020, 'coordinates': {'latitude': '-28.2928', 'longitude': '-111.5261'}, 'timezone': {'offset': '-4:00', 'description': 'Atlantic Time (Canada), Caracas, La Paz'}}, 'email': 'peetu.waara@example.com', 'login': {'uuid': 'ce4fdb7a-4ec1-48e5-9800-ebec2c3b04b8', 'username': 'angrybird921', 'password': 'knicks', 'salt': 's5YeH6wx', 'md5': '67cf4ceea29b483db74566b340b1a46d', 'sha1': 'd00ccf02df4b3d0de5b8b9eef1b5ea742bec9392', 'sha256': '7c41d57b3b618ed76d8a35de9456e6bf7ff5e3fc7dadd7379c68dd7cff032265'}, 'dob': {'date': '1986-04-26T02:37:29.729Z', 'age': 37}, 'registered': {'date': '2020-11-01T03:25:56.499Z', 'age': 3}, 'phone': '03-817-027', 'cell': '045-117-23-32', 'id': {'name': 'HETU', 'value': 'NaNNA187undefined'}, 'picture': {'large': 'https://randomuser.me/api/portraits/men/77.jpg', 'medium': 'https://randomuser.me/api/portraits/med/men/77.jpg', 'thumbnail': 'https://randomuser.me/api/portraits/thumb/men/77.jpg'}, 'nat': 'FI'}], 'info': {'seed': '53d1542d36cd031c', 'results': 1, 'page': 1, 'version': '1.4'}}</msg>
<arg>${json_data}</arg>
<doc>Logs the given message with the given level.</doc>
<status status="PASS" start="2024-04-11T04:15:59.642489" elapsed="0.000230"/>
</kw>
<kw name="Should Be Equal As Numbers" owner="BuiltIn">
<arg>${json_data['results'][0]['location']['postcode']}</arg>
<arg>${json_data['results'][0]['location']['postcode']}</arg>
<doc>Fails if objects are unequal after converting them to real numbers.</doc>
<status status="PASS" start="2024-04-11T04:15:59.643022" elapsed="0.000614"/>
</kw>
<kw name="Log" owner="BuiltIn">
<msg time="2024-04-11T04:15:59.644163" level="INFO">71020</msg>
<arg>${json_data['results'][0]['location']['postcode']}</arg>
<doc>Logs the given message with the given level.</doc>
<status status="PASS" start="2024-04-11T04:15:59.643829" elapsed="0.000374"/>
</kw>
<status status="PASS" start="2024-04-11T04:15:59.558468" elapsed="0.085993"/>
</kw>
<doc>Testa se os tipos de dados na resposta da API estão corretos.</doc>
<tag>testeTiposDados</tag>
<status status="PASS" start="2024-04-11T04:15:59.464516" elapsed="0.180111"/>
</test>
<test id="s1-s1-t5" name="Validar conteudo" line="35">
<kw name="Teste de Tipos de Conteudo" owner="random-user-service">
<kw name="GET On Session" owner="RequestsLibrary">
<msg time="2024-04-11T04:15:59.745263" level="INFO">GET Request : url=https://randomuser.me/api 
 path_url=/api 
 headers={'User-Agent': 'python-requests/2.31.0', 'Accept-Encoding': 'gzip, deflate', 'Accept': '*/*', 'Connection': 'keep-alive'} 
 body=None 
 </msg>
<msg time="2024-04-11T04:15:59.745379" level="INFO">GET Response : url=https://randomuser.me/api 
 status=200, reason=OK 
 headers={'Date': 'Thu, 11 Apr 2024 04:15:59 GMT', 'Content-Type': 'application/json; charset=utf-8', 'Transfer-Encoding': 'chunked', 'Connection': 'keep-alive', 'X-Powered-By': 'Express', 'Access-Control-Allow-Origin': '*', 'Cache-Control': 'no-cache', 'ETag': 'W/"494-xLd44l8MfaUECWweLMqPD5uVCUc"', 'Vary': 'Accept-Encoding', 'Content-Encoding': 'gzip', 'CF-Cache-Status': 'DYNAMIC', 'Report-To': '{"endpoints":[{"url":"https:\\/\\/a.nel.cloudflare.com\\/report\\/v4?s=RT%2FhOdrUU64iTJnoPlxTWk8XIQHfAHO%2FlDMUPakCIA%2BIK1qfnHiLxoq49AHDtLajv9gm54%2BsXd43%2FUwP0O7xDwkmaNNwOsepcah7q0s%2BChvDiLTYKjFcQDDmRIC3BRJh"}],"group":"cf-nel","max_age":604800}', 'NEL': '{"success_fraction":0,"report_to":"cf-nel","max_age":604800}', 'Server': 'cloudflare', 'CF-RAY': '8728289dcda487a1-IAD', 'alt-svc': 'h3=":443"; ma=86400'} 
 body={"results":[{"gender":"male","name":{"title":"Mr","first":"كيان","last":"رضایی"},"location":{"street":{"number":7584,"name":"30 تیر"},"city":"بندرعباس","state":"خراسان شمالی","country":"Iran","postcode":54290,"coordinates":{"latitude":"19.6831","longitude":"-102.6247"},"timezone":{"offset":"+10:00","description":"Eastern Australia, Guam, Vladivostok"}},"email":"kyn.rdyy@example.com","login":{"uuid":"a3fc0457-96ec-4866-8de4-4807df6dd822","username":"tinyfish335","password":"stinger","salt":"My3VHyzI","md5":"4ef322af9a35acb11b94bec2576dbbfd","sha1":"9f34b820c306428d481ae8777f9ef951238607e7","sha256":"a095c07805525f33efc296df7c98c21395002723c23a0376724e295d55fdc455"},"dob":{"date":"1973-04-23T01:19:53.840Z","age":50},"registered":{"date":"2002-11-09T08:48:02.688Z","age":21},"phone":"089-48851106","cell":"0982-947-4193","id":{"name":"","value":null},"picture":{"large":"https://randomuser.me/api/portraits/men/45.jpg","medium":"https://randomuser.me/api/portraits/med/men/45.jpg","thumbnail":"https://randomuser.me/api/portraits/thumb/men/45.jpg"},"nat":"IR"}],"info":{"seed":"41e80a7e3dde66ea","results":1,"page":1,"version":"1.4"}} 
 </msg>
<msg time="2024-04-11T04:15:59.745466" level="INFO">/opt/hostedtoolcache/Python/3.12.2/x64/lib/python3.12/site-packages/urllib3/connectionpool.py:1103: InsecureRequestWarning: Unverified HTTPS request is being made to host 'randomuser.me'. Adding certificate verification is strongly advised. See: https://urllib3.readthedocs.io/en/latest/advanced-usage.html#tls-warnings
  warnings.warn(</msg>
<msg time="2024-04-11T04:15:59.745612" level="INFO">${response} = &lt;Response [200]&gt;</msg>
<var>${response}</var>
<arg>consultarAPI</arg>
<arg>/api</arg>
<doc>Sends a GET request on a previously created HTTP Session.</doc>
<status status="PASS" start="2024-04-11T04:15:59.647083" elapsed="0.098576"/>
</kw>
<kw name="Set Variable" owner="BuiltIn">
<msg time="2024-04-11T04:15:59.746719" level="INFO">${json_data} = {'results': [{'gender': 'male', 'name': {'title': 'Mr', 'first': 'كيان', 'last': 'رضایی'}, 'location': {'street': {'number': 7584, 'name': '30 تیر'}, 'city': 'بندرعباس', 'state': 'خراسان شمالی', 'coun...</msg>
<var>${json_data}</var>
<arg>${response.json()}</arg>
<doc>Returns the given values which can then be assigned to a variables.</doc>
<status status="PASS" start="2024-04-11T04:15:59.746192" elapsed="0.000557"/>
</kw>
<kw name="Set Variable" owner="BuiltIn">
<msg time="2024-04-11T04:15:59.747444" level="INFO">${name_title} = Mr</msg>
<var>${name_title}</var>
<arg>${json_data["results"][0]["name"]["title"]}</arg>
<doc>Returns the given values which can then be assigned to a variables.</doc>
<status status="PASS" start="2024-04-11T04:15:59.747055" elapsed="0.000414"/>
</kw>
<kw name="Create List" owner="BuiltIn">
<msg time="2024-04-11T04:15:59.747913" level="INFO">${allowed_titles} = ['Mr', 'Ms', 'Miss', 'Mrs', 'Madame', 'Monsieur']</msg>
<var>${allowed_titles}</var>
<arg>Mr</arg>
<arg>Ms</arg>
<arg>Miss</arg>
<arg>Mrs</arg>
<arg>Madame</arg>
<arg>Monsieur</arg>
<doc>Returns a list containing given items.</doc>
<status status="PASS" start="2024-04-11T04:15:59.747766" elapsed="0.000171"/>
</kw>
<kw name="List Should Contain Value" owner="Collections">
<msg time="2024-04-11T04:15:59.748412" level="INFO">False</msg>
<arg>${allowed_titles}</arg>
<arg>${name_title}</arg>
<doc>Fails if the ``value`` is not found from ``list``.</doc>
<status status="PASS" start="2024-04-11T04:15:59.748240" elapsed="0.000209"/>
</kw>
<kw name="Set Variable" owner="BuiltIn">
<msg time="2024-04-11T04:15:59.749144" level="INFO">${name_country} = IR</msg>
<var>${name_country}</var>
<arg>${json_data["results"][0]["nat"]}</arg>
<doc>Returns the given values which can then be assigned to a variables.</doc>
<status status="PASS" start="2024-04-11T04:15:59.748744" elapsed="0.000425"/>
</kw>
<kw name="Create List" owner="BuiltIn">
<msg time="2024-04-11T04:15:59.750066" level="INFO">${list_country} = ['AD', 'AE', 'AF', 'AG', 'AI', 'AL', 'AM', 'AO', 'AQ', 'AR', 'AS', 'AT', 'AU', 'AW', 'AX', 'AZ', 'BA', 'BB', 'BD', 'BE', 'BF', 'BG', 'BH', 'BI', 'BJ', 'BL', 'BM', 'BN', 'BO', 'BQ', 'BR', 'BS', 'BT', '...</msg>
<var>${list_country}</var>
<arg>AD</arg>
<arg>AE</arg>
<arg>AF</arg>
<arg>AG</arg>
<arg>AI</arg>
<arg>AL</arg>
<arg>AM</arg>
<arg>AO</arg>
<arg>AQ</arg>
<arg>AR</arg>
<arg>AS</arg>
<arg>AT</arg>
<arg>AU</arg>
<arg>AW</arg>
<arg>AX</arg>
<arg>AZ</arg>
<arg>BA</arg>
<arg>BB</arg>
<arg>BD</arg>
<arg>BE</arg>
<arg>BF</arg>
<arg>BG</arg>
<arg>BH</arg>
<arg>BI</arg>
<arg>BJ</arg>
<arg>BL</arg>
<arg>BM</arg>
<arg>BN</arg>
<arg>BO</arg>
<arg>BQ</arg>
<arg>BR</arg>
<arg>BS</arg>
<arg>BT</arg>
<arg>BV</arg>
<arg>BW</arg>
<arg>BY</arg>
<arg>BZ</arg>
<arg>CA</arg>
<arg>CC</arg>
<arg>CD</arg>
<arg>CF</arg>
<arg>CG</arg>
<arg>CH</arg>
<arg>CI</arg>
<arg>CK</arg>
<arg>CL</arg>
<arg>CM</arg>
<arg>CN</arg>
<arg>CO</arg>
<arg>CR</arg>
<arg>CU</arg>
<arg>CV</arg>
<arg>CW</arg>
<arg>CX</arg>
<arg>CY</arg>
<arg>CZ</arg>
<arg>DE</arg>
<arg>DJ</arg>
<arg>DK</arg>
<arg>DM</arg>
<arg>DO</arg>
<arg>DZ</arg>
<arg>EC</arg>
<arg>EE</arg>
<arg>EG</arg>
<arg>EH</arg>
<arg>ER</arg>
<arg>ES</arg>
<arg>ET</arg>
<arg>FI</arg>
<arg>FJ</arg>
<arg>FK</arg>
<arg>FM</arg>
<arg>FO</arg>
<arg>FR</arg>
<arg>GA</arg>
<arg>GB</arg>
<arg>GD</arg>
<arg>GE</arg>
<arg>GF</arg>
<arg>GG</arg>
<arg>GH</arg>
<arg>GI</arg>
<arg>GL</arg>
<arg>GM</arg>
<arg>GN</arg>
<arg>GP</arg>
<arg>GQ</arg>
<arg>GR</arg>
<arg>GS</arg>
<arg>GT</arg>
<arg>GU</arg>
<arg>GW</arg>
<arg>GY</arg>
<arg>HK</arg>
<arg>HM</arg>
<arg>HN</arg>
<arg>HR</arg>
<arg>HT</arg>
<arg>HU</arg>
<arg>ID</arg>
<arg>IE</arg>
<arg>IL</arg>
<arg>IM</arg>
<arg>IN</arg>
<arg>IO</arg>
<arg>IQ</arg>
<arg>IR</arg>
<arg>IS</arg>
<arg>IT</arg>
<arg>JE</arg>
<arg>JM</arg>
<arg>JO</arg>
<arg>JP</arg>
<arg>KE</arg>
<arg>KG</arg>
<arg>KH</arg>
<arg>KI</arg>
<arg>KM</arg>
<arg>KN</arg>
<arg>KP</arg>
<arg>KR</arg>
<arg>KW</arg>
<arg>KY</arg>
<arg>KZ</arg>
<arg>LA</arg>
<arg>LB</arg>
<arg>LC</arg>
<arg>LI</arg>
<arg>LK</arg>
<arg>LR</arg>
<arg>LS</arg>
<arg>LT</arg>
<arg>LU</arg>
<arg>LV</arg>
<arg>LY</arg>
<arg>MA</arg>
<arg>MC</arg>
<arg>MD</arg>
<arg>ME</arg>
<arg>MF</arg>
<arg>MG</arg>
<arg>MH</arg>
<arg>MK</arg>
<arg>ML</arg>
<arg>MM</arg>
<arg>MN</arg>
<arg>MO</arg>
<arg>MP</arg>
<arg>MQ</arg>
<arg>MR</arg>
<arg>MS</arg>
<arg>MT</arg>
<arg>MU</arg>
<arg>MV</arg>
<arg>MW</arg>
<arg>MX</arg>
<arg>MY</arg>
<arg>MZ</arg>
<arg>NA</arg>
<arg>NC</arg>
<arg>NE</arg>
<arg>NF</arg>
<arg>NG</arg>
<arg>NI</arg>
<arg>NL</arg>
<arg>NO</arg>
<arg>NP</arg>
<arg>NR</arg>
<arg>NU</arg>
<arg>NZ</arg>
<arg>OM</arg>
<arg>PA</arg>
<arg>PE</arg>
<arg>PF</arg>
<arg>PG</arg>
<arg>PH</arg>
<arg>PK</arg>
<arg>PL</arg>
<arg>PM</arg>
<arg>PN</arg>
<arg>PR</arg>
<arg>PS</arg>
<arg>PT</arg>
<arg>PW</arg>
<arg>PY</arg>
<arg>QA</arg>
<arg>RE</arg>
<arg>RO</arg>
<arg>RS</arg>
<arg>RU</arg>
<arg>RW</arg>
<arg>SA</arg>
<arg>SB</arg>
<arg>SC</arg>
<arg>SD</arg>
<arg>SE</arg>
<arg>SG</arg>
<arg>SH</arg>
<arg>SI</arg>
<arg>SJ</arg>
<arg>SK</arg>
<arg>SL</arg>
<arg>SM</arg>
<arg>SN</arg>
<arg>SO</arg>
<arg>SR</arg>
<arg>SS</arg>
<arg>ST</arg>
<arg>SV</arg>
<arg>SX</arg>
<arg>SY</arg>
<arg>SZ</arg>
<arg>TC</arg>
<arg>TD</arg>
<arg>TF</arg>
<arg>TG</arg>
<arg>TH</arg>
<arg>TJ</arg>
<arg>TK</arg>
<arg>TL</arg>
<arg>TM</arg>
<arg>TN</arg>
<arg>TO</arg>
<arg>TR</arg>
<arg>TT</arg>
<arg>TV</arg>
<arg>TW</arg>
<arg>TZ</arg>
<arg>UA</arg>
<arg>UG</arg>
<arg>UM</arg>
<arg>US</arg>
<arg>UY</arg>
<arg>UZ</arg>
<arg>VA</arg>
<arg>VC</arg>
<arg>VE</arg>
<arg>VG</arg>
<arg>VI</arg>
<arg>VN</arg>
<arg>VU</arg>
<arg>WF</arg>
<arg>WS</arg>
<arg>XK</arg>
<arg>YE</arg>
<arg>YT</arg>
<arg>ZA</arg>
<arg>ZM</arg>
<arg>ZW</arg>
<doc>Returns a list containing given items.</doc>
<status status="PASS" start="2024-04-11T04:15:59.749469" elapsed="0.000622"/>
</kw>
<kw name="List Should Contain Value" owner="Collections">
<msg time="2024-04-11T04:15:59.751074" level="INFO">False</msg>
<arg>${list_country}</arg>
<arg>${name_country}</arg>
<doc>Fails if the ``value`` is not found from ``list``.</doc>
<status status="PASS" start="2024-04-11T04:15:59.750874" elapsed="0.000237"/>
</kw>
<kw name="Run Keyword If" owner="BuiltIn">
<kw name="Should Be True" owner="BuiltIn">
<arg>${True}</arg>
<doc>Fails if the given condition is not true.</doc>
<status status="PASS" start="2024-04-11T04:15:59.752363" elapsed="0.000147"/>
</kw>
<arg>${json_data["results"][0]["location"]["coordinates"]["latitude"]} &gt;= -90 and ${json_data["results"][0]["location"]["coordinates"]["latitude"]} &lt;= 90</arg>
<arg>Should Be True</arg>
<arg>${True}</arg>
<doc>Runs the given keyword with the given arguments, if ``condition`` is true.</doc>
<status status="PASS" start="2024-04-11T04:15:59.751425" elapsed="0.001214"/>
</kw>
<kw name="Run Keyword If" owner="BuiltIn">
<kw name="Should Be True" owner="BuiltIn">
<arg>${True}</arg>
<doc>Fails if the given condition is not true.</doc>
<status status="PASS" start="2024-04-11T04:15:59.753547" elapsed="0.000137"/>
</kw>
<arg>${json_data["results"][0]["location"]["coordinates"]["longitude"]} &gt;= -180 and ${json_data["results"][0]["location"]["coordinates"]["longitude"]} &lt;= 180</arg>
<arg>Should Be True</arg>
<arg>${True}</arg>
<doc>Runs the given keyword with the given arguments, if ``condition`` is true.</doc>
<status status="PASS" start="2024-04-11T04:15:59.752825" elapsed="0.000983"/>
</kw>
<status status="PASS" start="2024-04-11T04:15:59.646853" elapsed="0.107088"/>
</kw>
<doc>Testa o conteúdo específico dos campos retornados pela API.</doc>
<tag>testeConteudo</tag>
<status status="PASS" start="2024-04-11T04:15:59.646423" elapsed="0.107672"/>
</test>
<status status="PASS" start="2024-04-11T04:15:58.854353" elapsed="0.901677"/>
</suite>
<status status="PASS" start="2024-04-11T04:15:58.840838" elapsed="0.920504"/>
</suite>
<statistics>
<total>
<stat pass="5" fail="0" skip="0">All Tests</stat>
</total>
<tag>
<stat pass="1" fail="0" skip="0">testeConteudo</stat>
<stat pass="1" fail="0" skip="0">testeEstruturaResposta</stat>
<stat pass="1" fail="0" skip="0">testeRequisicaoBasica</stat>
<stat pass="1" fail="0" skip="0">testeTiposDados</stat>
</tag>
<suite>
<stat pass="5" fail="0" skip="0" id="s1" name="Tests">Tests</stat>
<stat pass="5" fail="0" skip="0" id="s1-s1" name="Random-User-Test">Tests.Random-User-Test</stat>
</suite>
</statistics>
<errors>
</errors>
</robot>
