<?xml version="1.0" encoding="UTF-8"?>
<robot generator="Robot 7.0.1 (Python 3.12.4 on linux)" generated="2024-06-29T05:15:52.329481" rpa="false" schemaversion="5">
<suite id="s1" name="Tests" source="/home/runner/work/ApiRandomUser/ApiRandomUser/RamdonUser/tests">
<suite id="s1-s1" name="Random-User-Test" source="/home/runner/work/ApiRandomUser/ApiRandomUser/RamdonUser/tests/random-user-test.robot">
<test id="s1-s1-t1" name="Conectar" line="13">
<kw name="Conectar API" owner="random-user-service">
<kw name="Create Session" owner="RequestsLibrary">
<msg time="2024-06-29T05:15:52.756722" level="INFO">Creating Session using : alias=consultarAPI, url=https://randomuser.me/, headers={},                     cookies={}, auth=None, timeout=None, proxies=None, verify=False,                     debug=0 </msg>
<arg>consultarAPI</arg>
<arg>${URL}</arg>
<doc>Create Session: create a HTTP session to a server</doc>
<status status="PASS" start="2024-06-29T05:15:52.756528" elapsed="0.000366"/>
</kw>
<status status="PASS" start="2024-06-29T05:15:52.755595" elapsed="0.001640"/>
</kw>
<status status="PASS" start="2024-06-29T05:15:52.755072" elapsed="0.002356"/>
</test>
<test id="s1-s1-t2" name="Validar retorno 200 e JSON Válido" line="16">
<kw name="Teste de Requisicao Basica" owner="random-user-service">
<kw name="GET On Session" owner="RequestsLibrary">
<msg time="2024-06-29T05:15:52.878863" level="INFO">GET Request : url=https://randomuser.me/api 
 path_url=/api 
 headers={'User-Agent': 'python-requests/2.32.3', 'Accept-Encoding': 'gzip, deflate', 'Accept': '*/*', 'Connection': 'keep-alive'} 
 body=None 
 </msg>
<msg time="2024-06-29T05:15:52.878991" level="INFO">GET Response : url=https://randomuser.me/api 
 status=200, reason=OK 
 headers={'Date': 'Sat, 29 Jun 2024 05:15:52 GMT', 'Content-Type': 'application/json; charset=utf-8', 'Transfer-Encoding': 'chunked', 'Connection': 'keep-alive', 'X-Powered-By': 'Express', 'Access-Control-Allow-Origin': '*', 'Cache-Control': 'no-cache', 'ETag': 'W/"46e-f92ffJxMqV1uh5xKubUgERfKM6g"', 'Vary': 'Accept-Encoding', 'Content-Encoding': 'gzip', 'CF-Cache-Status': 'DYNAMIC', 'Report-To': '{"endpoints":[{"url":"https:\\/\\/a.nel.cloudflare.com\\/report\\/v4?s=%2F6ZQMLpUnxosLo3VfMd9dhsdHc6mNNG5%2Bw3GVCAczVXPJLF8IZ%2B4odzURFy59BfRwG7H1gyJ7Zf%2Ff3Ub7CTfN3CudxRUjJq67j7%2FkdmfTlonkifZTzC3%2BR3eBxUw30nI"}],"group":"cf-nel","max_age":604800}', 'NEL': '{"success_fraction":0,"report_to":"cf-nel","max_age":604800}', 'Server': 'cloudflare', 'CF-RAY': '89b370f6ed236802-SJC', 'alt-svc': 'h3=":443"; ma=86400'} 
 body={"results":[{"gender":"male","name":{"title":"Mr","first":"Okan","last":"Demirbaş"},"location":{"street":{"number":9267,"name":"Kushimoto Sk"},"city":"Çankırı","state":"Mardin","country":"Turkey","postcode":95521,"coordinates":{"latitude":"69.6631","longitude":"-39.4112"},"timezone":{"offset":"-2:00","description":"Mid-Atlantic"}},"email":"okan.demirbas@example.com","login":{"uuid":"c46e339f-db27-42c3-8294-bb152dbd2269","username":"organicfish754","password":"brianna","salt":"3UjDiYnG","md5":"03ab3a68b157e9e77006a4f0edb7d907","sha1":"db555f9e2d95283c993a213de10f7b8069113f07","sha256":"adf614e4f172314be2885ff812e10b811ec295e724573109a62bca72c95ea6d6"},"dob":{"date":"1986-08-22T19:36:27.956Z","age":37},"registered":{"date":"2003-08-29T18:38:55.332Z","age":20},"phone":"(186)-811-4653","cell":"(488)-473-6232","id":{"name":"","value":null},"picture":{"large":"https://randomuser.me/api/portraits/men/35.jpg","medium":"https://randomuser.me/api/portraits/med/men/35.jpg","thumbnail":"https://randomuser.me/api/portraits/thumb/men/35.jpg"},"nat":"TR"}],"info":{"seed":"40b746c51bc50f39","results":1,"page":1,"version":"1.4"}} 
 </msg>
<msg time="2024-06-29T05:15:52.879069" level="INFO">/opt/hostedtoolcache/Python/3.12.4/x64/lib/python3.12/site-packages/urllib3/connectionpool.py:1099: InsecureRequestWarning: Unverified HTTPS request is being made to host 'randomuser.me'. Adding certificate verification is strongly advised. See: https://urllib3.readthedocs.io/en/latest/advanced-usage.html#tls-warnings
  warnings.warn(</msg>
<msg time="2024-06-29T05:15:52.879218" level="INFO">${response} = &lt;Response [200]&gt;</msg>
<var>${response}</var>
<arg>consultarAPI</arg>
<arg>/api</arg>
<doc>Sends a GET request on a previously created HTTP Session.</doc>
<status status="PASS" start="2024-06-29T05:15:52.760032" elapsed="0.119224"/>
</kw>
<kw name="Should Be Equal As Numbers" owner="BuiltIn">
<msg time="2024-06-29T05:15:52.880142" level="INFO">Argument types are:
&lt;class 'int'&gt;
&lt;class 'str'&gt;</msg>
<arg>${response.status_code}</arg>
<arg>200</arg>
<doc>Fails if objects are unequal after converting them to real numbers.</doc>
<status status="PASS" start="2024-06-29T05:15:52.879704" elapsed="0.000501"/>
</kw>
<kw name="Log" owner="BuiltIn">
<msg time="2024-06-29T05:15:52.880864" level="INFO">200</msg>
<arg>${response.status_code}</arg>
<doc>Logs the given message with the given level.</doc>
<status status="PASS" start="2024-06-29T05:15:52.880517" elapsed="0.000389"/>
</kw>
<kw name="Set Variable" owner="BuiltIn">
<msg time="2024-06-29T05:15:52.881642" level="INFO">${json_data} = {'results': [{'gender': 'male', 'name': {'title': 'Mr', 'first': 'Okan', 'last': 'Demirbaş'}, 'location': {'street': {'number': 9267, 'name': 'Kushimoto Sk'}, 'city': 'Çankırı', 'state': 'Mardin', 'co...</msg>
<var>${json_data}</var>
<arg>${response.json()}</arg>
<doc>Returns the given values which can then be assigned to a variables.</doc>
<status status="PASS" start="2024-06-29T05:15:52.881203" elapsed="0.000470"/>
</kw>
<kw name="Dictionary Should Contain Key" owner="Collections">
<arg>${json_data}</arg>
<arg>results</arg>
<doc>Fails if ``key`` is not found from ``dictionary``.</doc>
<status status="PASS" start="2024-06-29T05:15:52.882004" elapsed="0.000162"/>
</kw>
<status status="PASS" start="2024-06-29T05:15:52.759789" elapsed="0.122525"/>
</kw>
<doc>Testa se a API responde corretamente e retorna um objeto JSON válido.</doc>
<tag>testeRequisicaoBasica</tag>
<status status="PASS" start="2024-06-29T05:15:52.759329" elapsed="0.123152"/>
</test>
<test id="s1-s1-t3" name="Validar estrutura de resposta" line="22">
<kw name="Teste de Estrutura de Resposta" owner="random-user-service">
<kw name="GET On Session" owner="RequestsLibrary">
<msg time="2024-06-29T05:15:52.980470" level="INFO">GET Request : url=https://randomuser.me/api 
 path_url=/api 
 headers={'User-Agent': 'python-requests/2.32.3', 'Accept-Encoding': 'gzip, deflate', 'Accept': '*/*', 'Connection': 'keep-alive'} 
 body=None 
 </msg>
<msg time="2024-06-29T05:15:52.980554" level="INFO">GET Response : url=https://randomuser.me/api 
 status=200, reason=OK 
 headers={'Date': 'Sat, 29 Jun 2024 05:15:52 GMT', 'Content-Type': 'application/json; charset=utf-8', 'Transfer-Encoding': 'chunked', 'Connection': 'keep-alive', 'X-Powered-By': 'Express', 'Access-Control-Allow-Origin': '*', 'Cache-Control': 'no-cache', 'ETag': 'W/"498-Z4MruZ8UK24BaP7IMH4Gnz0lKzI"', 'Vary': 'Accept-Encoding', 'Content-Encoding': 'gzip', 'CF-Cache-Status': 'DYNAMIC', 'Report-To': '{"endpoints":[{"url":"https:\\/\\/a.nel.cloudflare.com\\/report\\/v4?s=uBKSJP1KnMtC2UmMm7KA4h%2Fvfu44OC25zEGC9U83%2FH6a1YJxa5yuNKhLSrelgsYYjGUiC%2BexXi8CGvxdNiehRH%2FPJ4dSUvxfSxfl%2Bb8zK77%2BTcpp4ozxDlUkpfPpb1UM"}],"group":"cf-nel","max_age":604800}', 'NEL': '{"success_fraction":0,"report_to":"cf-nel","max_age":604800}', 'Server': 'cloudflare', 'CF-RAY': '89b370f78db06802-SJC', 'alt-svc': 'h3=":443"; ma=86400'} 
 body={"results":[{"gender":"female","name":{"title":"Mrs","first":"Fenneken","last":"Van Lierop"},"location":{"street":{"number":5203,"name":"Bij de Waterschuur"},"city":"Mariaheide","state":"Friesland","country":"Netherlands","postcode":"1385 QP","coordinates":{"latitude":"31.1804","longitude":"36.4142"},"timezone":{"offset":"-3:30","description":"Newfoundland"}},"email":"fenneken.vanlierop@example.com","login":{"uuid":"4d948283-eeda-4b5a-bb7f-894ceb04c667","username":"whiteleopard652","password":"hungry","salt":"5ZNTtQ9R","md5":"b59f4ccc034a3b2f159d2f7df1ac9480","sha1":"d2a291051427dd90a598a833820d9c749c740013","sha256":"f40a79b2aef8d95411a1d45e11ec62eaefbb5a52cb2bc8f195f00b5a9008dbf6"},"dob":{"date":"1959-08-20T14:03:34.040Z","age":64},"registered":{"date":"2017-08-10T01:16:03.666Z","age":6},"phone":"(070) 2744411","cell":"(06) 53368017","id":{"name":"BSN","value":"79226996"},"picture":{"large":"https://randomuser.me/api/portraits/women/89.jpg","medium":"https://randomuser.me/api/portraits/med/women/89.jpg","thumbnail":"https://randomuser.me/api/portraits/thumb/women/89.jpg"},"nat":"NL"}],"info":{"seed":"4a620e2bb2e39ad4","results":1,"page":1,"version":"1.4"}} 
 </msg>
<msg time="2024-06-29T05:15:52.980674" level="INFO">/opt/hostedtoolcache/Python/3.12.4/x64/lib/python3.12/site-packages/urllib3/connectionpool.py:1099: InsecureRequestWarning: Unverified HTTPS request is being made to host 'randomuser.me'. Adding certificate verification is strongly advised. See: https://urllib3.readthedocs.io/en/latest/advanced-usage.html#tls-warnings
  warnings.warn(</msg>
<msg time="2024-06-29T05:15:52.980813" level="INFO">${response} = &lt;Response [200]&gt;</msg>
<var>${response}</var>
<arg>consultarAPI</arg>
<arg>/api</arg>
<doc>Sends a GET request on a previously created HTTP Session.</doc>
<status status="PASS" start="2024-06-29T05:15:52.885101" elapsed="0.095741"/>
</kw>
<kw name="Set Variable" owner="BuiltIn">
<msg time="2024-06-29T05:15:52.981642" level="INFO">${json_data} = {'results': [{'gender': 'female', 'name': {'title': 'Mrs', 'first': 'Fenneken', 'last': 'Van Lierop'}, 'location': {'street': {'number': 5203, 'name': 'Bij de Waterschuur'}, 'city': 'Mariaheide', 'sta...</msg>
<var>${json_data}</var>
<arg>${response.json()}</arg>
<doc>Returns the given values which can then be assigned to a variables.</doc>
<status status="PASS" start="2024-06-29T05:15:52.981192" elapsed="0.000478"/>
</kw>
<kw name="Log" owner="BuiltIn">
<msg time="2024-06-29T05:15:52.982161" level="INFO">{'results': [{'gender': 'female', 'name': {'title': 'Mrs', 'first': 'Fenneken', 'last': 'Van Lierop'}, 'location': {'street': {'number': 5203, 'name': 'Bij de Waterschuur'}, 'city': 'Mariaheide', 'state': 'Friesland', 'country': 'Netherlands', 'postcode': '1385 QP', 'coordinates': {'latitude': '31.1804', 'longitude': '36.4142'}, 'timezone': {'offset': '-3:30', 'description': 'Newfoundland'}}, 'email': 'fenneken.vanlierop@example.com', 'login': {'uuid': '4d948283-eeda-4b5a-bb7f-894ceb04c667', 'username': 'whiteleopard652', 'password': 'hungry', 'salt': '5ZNTtQ9R', 'md5': 'b59f4ccc034a3b2f159d2f7df1ac9480', 'sha1': 'd2a291051427dd90a598a833820d9c749c740013', 'sha256': 'f40a79b2aef8d95411a1d45e11ec62eaefbb5a52cb2bc8f195f00b5a9008dbf6'}, 'dob': {'date': '1959-08-20T14:03:34.040Z', 'age': 64}, 'registered': {'date': '2017-08-10T01:16:03.666Z', 'age': 6}, 'phone': '(070) 2744411', 'cell': '(06) 53368017', 'id': {'name': 'BSN', 'value': '79226996'}, 'picture': {'large': 'https://randomuser.me/api/portraits/women/89.jpg', 'medium': 'https://randomuser.me/api/portraits/med/women/89.jpg', 'thumbnail': 'https://randomuser.me/api/portraits/thumb/women/89.jpg'}, 'nat': 'NL'}], 'info': {'seed': '4a620e2bb2e39ad4', 'results': 1, 'page': 1, 'version': '1.4'}}</msg>
<arg>${json_data}</arg>
<doc>Logs the given message with the given level.</doc>
<status status="PASS" start="2024-06-29T05:15:52.982007" elapsed="0.000200"/>
</kw>
<kw name="Dictionary Should Contain Key" owner="Collections">
<arg>${json_data}</arg>
<arg>results</arg>
<doc>Fails if ``key`` is not found from ``dictionary``.</doc>
<status status="PASS" start="2024-06-29T05:15:52.982495" elapsed="0.000153"/>
</kw>
<kw name="Should Not Be Empty" owner="BuiltIn">
<msg time="2024-06-29T05:15:52.982959" level="INFO">Length is 2.</msg>
<arg>${json_data}</arg>
<doc>Verifies that the given item is not empty.</doc>
<status status="PASS" start="2024-06-29T05:15:52.982830" elapsed="0.000172"/>
</kw>
<kw name="Create List" owner="BuiltIn">
<msg time="2024-06-29T05:15:52.983578" level="INFO">${expected_keys} = ['gender', 'name', 'location', 'email', 'login']</msg>
<var>${expected_keys}</var>
<arg>gender</arg>
<arg>name</arg>
<arg>location</arg>
<arg>email</arg>
<arg>login</arg>
<doc>Returns a list containing given items.</doc>
<status status="PASS" start="2024-06-29T05:15:52.983293" elapsed="0.000310"/>
</kw>
<for flavor="IN">
<iter>
<kw name="Dictionary Should Contain Key" owner="Collections">
<arg>${json_data['results'][0]}</arg>
<arg>${key}</arg>
<doc>Fails if ``key`` is not found from ``dictionary``.</doc>
<status status="PASS" start="2024-06-29T05:15:52.984175" elapsed="0.000395"/>
</kw>
<kw name="Log" owner="BuiltIn">
<msg time="2024-06-29T05:15:52.985105" level="INFO">{'gender': 'female', 'name': {'title': 'Mrs', 'first': 'Fenneken', 'last': 'Van Lierop'}, 'location': {'street': {'number': 5203, 'name': 'Bij de Waterschuur'}, 'city': 'Mariaheide', 'state': 'Friesland', 'country': 'Netherlands', 'postcode': '1385 QP', 'coordinates': {'latitude': '31.1804', 'longitude': '36.4142'}, 'timezone': {'offset': '-3:30', 'description': 'Newfoundland'}}, 'email': 'fenneken.vanlierop@example.com', 'login': {'uuid': '4d948283-eeda-4b5a-bb7f-894ceb04c667', 'username': 'whiteleopard652', 'password': 'hungry', 'salt': '5ZNTtQ9R', 'md5': 'b59f4ccc034a3b2f159d2f7df1ac9480', 'sha1': 'd2a291051427dd90a598a833820d9c749c740013', 'sha256': 'f40a79b2aef8d95411a1d45e11ec62eaefbb5a52cb2bc8f195f00b5a9008dbf6'}, 'dob': {'date': '1959-08-20T14:03:34.040Z', 'age': 64}, 'registered': {'date': '2017-08-10T01:16:03.666Z', 'age': 6}, 'phone': '(070) 2744411', 'cell': '(06) 53368017', 'id': {'name': 'BSN', 'value': '79226996'}, 'picture': {'large': 'https://randomuser.me/api/portraits/women/89.jpg', 'medium': 'https://randomuser.me/api/portraits/med/women/89.jpg', 'thumbnail': 'https://randomuser.me/api/portraits/thumb/women/89.jpg'}, 'nat': 'NL'}</msg>
<arg>${json_data['results'][0]}</arg>
<doc>Logs the given message with the given level.</doc>
<status status="PASS" start="2024-06-29T05:15:52.984753" elapsed="0.000399"/>
</kw>
<kw name="Log" owner="BuiltIn">
<msg time="2024-06-29T05:15:52.985569" level="INFO">gender</msg>
<arg>${key}</arg>
<doc>Logs the given message with the given level.</doc>
<status status="PASS" start="2024-06-29T05:15:52.985443" elapsed="0.000164"/>
</kw>
<var name="${key}">gender</var>
<status status="PASS" start="2024-06-29T05:15:52.984051" elapsed="0.001793"/>
</iter>
<iter>
<kw name="Dictionary Should Contain Key" owner="Collections">
<arg>${json_data['results'][0]}</arg>
<arg>${key}</arg>
<doc>Fails if ``key`` is not found from ``dictionary``.</doc>
<status status="PASS" start="2024-06-29T05:15:52.986143" elapsed="0.000390"/>
</kw>
<kw name="Log" owner="BuiltIn">
<msg time="2024-06-29T05:15:52.987060" level="INFO">{'gender': 'female', 'name': {'title': 'Mrs', 'first': 'Fenneken', 'last': 'Van Lierop'}, 'location': {'street': {'number': 5203, 'name': 'Bij de Waterschuur'}, 'city': 'Mariaheide', 'state': 'Friesland', 'country': 'Netherlands', 'postcode': '1385 QP', 'coordinates': {'latitude': '31.1804', 'longitude': '36.4142'}, 'timezone': {'offset': '-3:30', 'description': 'Newfoundland'}}, 'email': 'fenneken.vanlierop@example.com', 'login': {'uuid': '4d948283-eeda-4b5a-bb7f-894ceb04c667', 'username': 'whiteleopard652', 'password': 'hungry', 'salt': '5ZNTtQ9R', 'md5': 'b59f4ccc034a3b2f159d2f7df1ac9480', 'sha1': 'd2a291051427dd90a598a833820d9c749c740013', 'sha256': 'f40a79b2aef8d95411a1d45e11ec62eaefbb5a52cb2bc8f195f00b5a9008dbf6'}, 'dob': {'date': '1959-08-20T14:03:34.040Z', 'age': 64}, 'registered': {'date': '2017-08-10T01:16:03.666Z', 'age': 6}, 'phone': '(070) 2744411', 'cell': '(06) 53368017', 'id': {'name': 'BSN', 'value': '79226996'}, 'picture': {'large': 'https://randomuser.me/api/portraits/women/89.jpg', 'medium': 'https://randomuser.me/api/portraits/med/women/89.jpg', 'thumbnail': 'https://randomuser.me/api/portraits/thumb/women/89.jpg'}, 'nat': 'NL'}</msg>
<arg>${json_data['results'][0]}</arg>
<doc>Logs the given message with the given level.</doc>
<status status="PASS" start="2024-06-29T05:15:52.986715" elapsed="0.000424"/>
</kw>
<kw name="Log" owner="BuiltIn">
<msg time="2024-06-29T05:15:52.987554" level="INFO">name</msg>
<arg>${key}</arg>
<doc>Logs the given message with the given level.</doc>
<status status="PASS" start="2024-06-29T05:15:52.987429" elapsed="0.000162"/>
</kw>
<var name="${key}">name</var>
<status status="PASS" start="2024-06-29T05:15:52.986027" elapsed="0.001783"/>
</iter>
<iter>
<kw name="Dictionary Should Contain Key" owner="Collections">
<arg>${json_data['results'][0]}</arg>
<arg>${key}</arg>
<doc>Fails if ``key`` is not found from ``dictionary``.</doc>
<status status="PASS" start="2024-06-29T05:15:52.988091" elapsed="0.000369"/>
</kw>
<kw name="Log" owner="BuiltIn">
<msg time="2024-06-29T05:15:52.988976" level="INFO">{'gender': 'female', 'name': {'title': 'Mrs', 'first': 'Fenneken', 'last': 'Van Lierop'}, 'location': {'street': {'number': 5203, 'name': 'Bij de Waterschuur'}, 'city': 'Mariaheide', 'state': 'Friesland', 'country': 'Netherlands', 'postcode': '1385 QP', 'coordinates': {'latitude': '31.1804', 'longitude': '36.4142'}, 'timezone': {'offset': '-3:30', 'description': 'Newfoundland'}}, 'email': 'fenneken.vanlierop@example.com', 'login': {'uuid': '4d948283-eeda-4b5a-bb7f-894ceb04c667', 'username': 'whiteleopard652', 'password': 'hungry', 'salt': '5ZNTtQ9R', 'md5': 'b59f4ccc034a3b2f159d2f7df1ac9480', 'sha1': 'd2a291051427dd90a598a833820d9c749c740013', 'sha256': 'f40a79b2aef8d95411a1d45e11ec62eaefbb5a52cb2bc8f195f00b5a9008dbf6'}, 'dob': {'date': '1959-08-20T14:03:34.040Z', 'age': 64}, 'registered': {'date': '2017-08-10T01:16:03.666Z', 'age': 6}, 'phone': '(070) 2744411', 'cell': '(06) 53368017', 'id': {'name': 'BSN', 'value': '79226996'}, 'picture': {'large': 'https://randomuser.me/api/portraits/women/89.jpg', 'medium': 'https://randomuser.me/api/portraits/med/women/89.jpg', 'thumbnail': 'https://randomuser.me/api/portraits/thumb/women/89.jpg'}, 'nat': 'NL'}</msg>
<arg>${json_data['results'][0]}</arg>
<doc>Logs the given message with the given level.</doc>
<status status="PASS" start="2024-06-29T05:15:52.988636" elapsed="0.000386"/>
</kw>
<kw name="Log" owner="BuiltIn">
<msg time="2024-06-29T05:15:52.989441" level="INFO">location</msg>
<arg>${key}</arg>
<doc>Logs the given message with the given level.</doc>
<status status="PASS" start="2024-06-29T05:15:52.989315" elapsed="0.000163"/>
</kw>
<var name="${key}">location</var>
<status status="PASS" start="2024-06-29T05:15:52.987985" elapsed="0.001705"/>
</iter>
<iter>
<kw name="Dictionary Should Contain Key" owner="Collections">
<arg>${json_data['results'][0]}</arg>
<arg>${key}</arg>
<doc>Fails if ``key`` is not found from ``dictionary``.</doc>
<status status="PASS" start="2024-06-29T05:15:52.990004" elapsed="0.000383"/>
</kw>
<kw name="Log" owner="BuiltIn">
<msg time="2024-06-29T05:15:52.990909" level="INFO">{'gender': 'female', 'name': {'title': 'Mrs', 'first': 'Fenneken', 'last': 'Van Lierop'}, 'location': {'street': {'number': 5203, 'name': 'Bij de Waterschuur'}, 'city': 'Mariaheide', 'state': 'Friesland', 'country': 'Netherlands', 'postcode': '1385 QP', 'coordinates': {'latitude': '31.1804', 'longitude': '36.4142'}, 'timezone': {'offset': '-3:30', 'description': 'Newfoundland'}}, 'email': 'fenneken.vanlierop@example.com', 'login': {'uuid': '4d948283-eeda-4b5a-bb7f-894ceb04c667', 'username': 'whiteleopard652', 'password': 'hungry', 'salt': '5ZNTtQ9R', 'md5': 'b59f4ccc034a3b2f159d2f7df1ac9480', 'sha1': 'd2a291051427dd90a598a833820d9c749c740013', 'sha256': 'f40a79b2aef8d95411a1d45e11ec62eaefbb5a52cb2bc8f195f00b5a9008dbf6'}, 'dob': {'date': '1959-08-20T14:03:34.040Z', 'age': 64}, 'registered': {'date': '2017-08-10T01:16:03.666Z', 'age': 6}, 'phone': '(070) 2744411', 'cell': '(06) 53368017', 'id': {'name': 'BSN', 'value': '79226996'}, 'picture': {'large': 'https://randomuser.me/api/portraits/women/89.jpg', 'medium': 'https://randomuser.me/api/portraits/med/women/89.jpg', 'thumbnail': 'https://randomuser.me/api/portraits/thumb/women/89.jpg'}, 'nat': 'NL'}</msg>
<arg>${json_data['results'][0]}</arg>
<doc>Logs the given message with the given level.</doc>
<status status="PASS" start="2024-06-29T05:15:52.990564" elapsed="0.000392"/>
</kw>
<kw name="Log" owner="BuiltIn">
<msg time="2024-06-29T05:15:52.991375" level="INFO">email</msg>
<arg>${key}</arg>
<doc>Logs the given message with the given level.</doc>
<status status="PASS" start="2024-06-29T05:15:52.991250" elapsed="0.000163"/>
</kw>
<var name="${key}">email</var>
<status status="PASS" start="2024-06-29T05:15:52.989897" elapsed="0.001732"/>
</iter>
<iter>
<kw name="Dictionary Should Contain Key" owner="Collections">
<arg>${json_data['results'][0]}</arg>
<arg>${key}</arg>
<doc>Fails if ``key`` is not found from ``dictionary``.</doc>
<status status="PASS" start="2024-06-29T05:15:52.991909" elapsed="0.000381"/>
</kw>
<kw name="Log" owner="BuiltIn">
<msg time="2024-06-29T05:15:52.992823" level="INFO">{'gender': 'female', 'name': {'title': 'Mrs', 'first': 'Fenneken', 'last': 'Van Lierop'}, 'location': {'street': {'number': 5203, 'name': 'Bij de Waterschuur'}, 'city': 'Mariaheide', 'state': 'Friesland', 'country': 'Netherlands', 'postcode': '1385 QP', 'coordinates': {'latitude': '31.1804', 'longitude': '36.4142'}, 'timezone': {'offset': '-3:30', 'description': 'Newfoundland'}}, 'email': 'fenneken.vanlierop@example.com', 'login': {'uuid': '4d948283-eeda-4b5a-bb7f-894ceb04c667', 'username': 'whiteleopard652', 'password': 'hungry', 'salt': '5ZNTtQ9R', 'md5': 'b59f4ccc034a3b2f159d2f7df1ac9480', 'sha1': 'd2a291051427dd90a598a833820d9c749c740013', 'sha256': 'f40a79b2aef8d95411a1d45e11ec62eaefbb5a52cb2bc8f195f00b5a9008dbf6'}, 'dob': {'date': '1959-08-20T14:03:34.040Z', 'age': 64}, 'registered': {'date': '2017-08-10T01:16:03.666Z', 'age': 6}, 'phone': '(070) 2744411', 'cell': '(06) 53368017', 'id': {'name': 'BSN', 'value': '79226996'}, 'picture': {'large': 'https://randomuser.me/api/portraits/women/89.jpg', 'medium': 'https://randomuser.me/api/portraits/med/women/89.jpg', 'thumbnail': 'https://randomuser.me/api/portraits/thumb/women/89.jpg'}, 'nat': 'NL'}</msg>
<arg>${json_data['results'][0]}</arg>
<doc>Logs the given message with the given level.</doc>
<status status="PASS" start="2024-06-29T05:15:52.992469" elapsed="0.000406"/>
</kw>
<kw name="Log" owner="BuiltIn">
<msg time="2024-06-29T05:15:52.993286" level="INFO">login</msg>
<arg>${key}</arg>
<doc>Logs the given message with the given level.</doc>
<status status="PASS" start="2024-06-29T05:15:52.993161" elapsed="0.000162"/>
</kw>
<var name="${key}">login</var>
<status status="PASS" start="2024-06-29T05:15:52.991801" elapsed="0.001738"/>
</iter>
<var>${key}</var>
<value>@{expected_keys}</value>
<status status="PASS" start="2024-06-29T05:15:52.983863" elapsed="0.009796"/>
</for>
<kw name="Create List" owner="BuiltIn">
<msg time="2024-06-29T05:15:52.994001" level="INFO">${expected_keysTwo} = ['username', 'password']</msg>
<var>${expected_keysTwo}</var>
<arg>username</arg>
<arg>password</arg>
<doc>Returns a list containing given items.</doc>
<status status="PASS" start="2024-06-29T05:15:52.993869" elapsed="0.000183"/>
</kw>
<for flavor="IN">
<iter>
<kw name="Dictionary Should Contain Key" owner="Collections">
<arg>${json_data['results'][0]['login']}</arg>
<arg>${keyTwo}</arg>
<doc>Fails if ``key`` is not found from ``dictionary``.</doc>
<status status="PASS" start="2024-06-29T05:15:52.994555" elapsed="0.000379"/>
</kw>
<kw name="Dictionary Should Contain Key" owner="Collections">
<arg>${json_data['results'][0]['login']}</arg>
<arg>${keyTwo}</arg>
<doc>Fails if ``key`` is not found from ``dictionary``.</doc>
<status status="PASS" start="2024-06-29T05:15:52.995113" elapsed="0.000373"/>
</kw>
<kw name="Log" owner="BuiltIn">
<msg time="2024-06-29T05:15:52.995785" level="INFO">username</msg>
<arg>${keyTwo}</arg>
<doc>Logs the given message with the given level.</doc>
<status status="PASS" start="2024-06-29T05:15:52.995666" elapsed="0.000156"/>
</kw>
<var name="${keyTwo}">username</var>
<status status="PASS" start="2024-06-29T05:15:52.994449" elapsed="0.001591"/>
</iter>
<iter>
<kw name="Dictionary Should Contain Key" owner="Collections">
<arg>${json_data['results'][0]['login']}</arg>
<arg>${keyTwo}</arg>
<doc>Fails if ``key`` is not found from ``dictionary``.</doc>
<status status="PASS" start="2024-06-29T05:15:52.996315" elapsed="0.000375"/>
</kw>
<kw name="Dictionary Should Contain Key" owner="Collections">
<arg>${json_data['results'][0]['login']}</arg>
<arg>${keyTwo}</arg>
<doc>Fails if ``key`` is not found from ``dictionary``.</doc>
<status status="PASS" start="2024-06-29T05:15:52.996862" elapsed="0.000361"/>
</kw>
<kw name="Log" owner="BuiltIn">
<msg time="2024-06-29T05:15:52.997512" level="INFO">password</msg>
<arg>${keyTwo}</arg>
<doc>Logs the given message with the given level.</doc>
<status status="PASS" start="2024-06-29T05:15:52.997396" elapsed="0.000151"/>
</kw>
<var name="${keyTwo}">password</var>
<status status="PASS" start="2024-06-29T05:15:52.996211" elapsed="0.001659"/>
</iter>
<var>${keyTwo}</var>
<value>@{expected_keysTwo}</value>
<status status="PASS" start="2024-06-29T05:15:52.994293" elapsed="0.003700"/>
</for>
<status status="PASS" start="2024-06-29T05:15:52.884865" elapsed="0.113266"/>
</kw>
<doc>Testa a estrutura da resposta da API.</doc>
<tag>testeEstruturaResposta</tag>
<status status="PASS" start="2024-06-29T05:15:52.884283" elapsed="0.114003"/>
</test>
<test id="s1-s1-t4" name="Validar tipos de dados" line="28">
<kw name="Teste de Tipos de Dados" owner="random-user-service">
<kw name="GET On Session" owner="RequestsLibrary">
<msg time="2024-06-29T05:15:53.091880" level="INFO">GET Request : url=https://randomuser.me/api 
 path_url=/api 
 headers={'User-Agent': 'python-requests/2.32.3', 'Accept-Encoding': 'gzip, deflate', 'Accept': '*/*', 'Connection': 'keep-alive'} 
 body=None 
 </msg>
<msg time="2024-06-29T05:15:53.091962" level="INFO">GET Response : url=https://randomuser.me/api 
 status=200, reason=OK 
 headers={'Date': 'Sat, 29 Jun 2024 05:15:53 GMT', 'Content-Type': 'application/json; charset=utf-8', 'Transfer-Encoding': 'chunked', 'Connection': 'keep-alive', 'X-Powered-By': 'Express', 'Access-Control-Allow-Origin': '*', 'Cache-Control': 'no-cache', 'ETag': 'W/"470-Z77H7QoG3idS/ojd3EnjWR0LciI"', 'Vary': 'Accept-Encoding', 'Content-Encoding': 'gzip', 'CF-Cache-Status': 'DYNAMIC', 'Report-To': '{"endpoints":[{"url":"https:\\/\\/a.nel.cloudflare.com\\/report\\/v4?s=BMC9zyiuxlQc1zc70WXeQo6LhjJFfdtl%2BVx9jRwcVfFTGoq8uP3JMWeJqEhJq60fDzOHDlADBodpZZBudc%2FuiRBqcT8dn0sdXYbvRc9IU1SOpZjzBGtUs%2BNFDxeanZkz"}],"group":"cf-nel","max_age":604800}', 'NEL': '{"success_fraction":0,"report_to":"cf-nel","max_age":604800}', 'Server': 'cloudflare', 'CF-RAY': '89b370f84e316802-SJC', 'alt-svc': 'h3=":443"; ma=86400'} 
 body={"results":[{"gender":"male","name":{"title":"Mr","first":"Coşkun","last":"Aykaç"},"location":{"street":{"number":4782,"name":"Bağdat Cd"},"city":"Bingöl","state":"Niğde","country":"Turkey","postcode":82682,"coordinates":{"latitude":"71.3451","longitude":"-45.8952"},"timezone":{"offset":"-11:00","description":"Midway Island, Samoa"}},"email":"coskun.aykac@example.com","login":{"uuid":"2207d2ac-3071-4ba3-8d67-de8da70c00c1","username":"happykoala854","password":"spencer","salt":"ldChROmV","md5":"66fb626cecce09b1005b58546424c1fd","sha1":"b5fffc25458725ec20fa487122972eaac8e654d4","sha256":"a2119e1c88900cde24a8aed1f1f83c420a91273e1aa3a2190a9fd086ed55e844"},"dob":{"date":"1997-08-13T04:18:26.839Z","age":26},"registered":{"date":"2013-05-15T14:45:27.090Z","age":11},"phone":"(640)-700-7169","cell":"(181)-205-4740","id":{"name":"","value":null},"picture":{"large":"https://randomuser.me/api/portraits/men/81.jpg","medium":"https://randomuser.me/api/portraits/med/men/81.jpg","thumbnail":"https://randomuser.me/api/portraits/thumb/men/81.jpg"},"nat":"TR"}],"info":{"seed":"888df4cbcf7955b8","results":1,"page":1,"version":"1.4"}} 
 </msg>
<msg time="2024-06-29T05:15:53.092038" level="INFO">/opt/hostedtoolcache/Python/3.12.4/x64/lib/python3.12/site-packages/urllib3/connectionpool.py:1099: InsecureRequestWarning: Unverified HTTPS request is being made to host 'randomuser.me'. Adding certificate verification is strongly advised. See: https://urllib3.readthedocs.io/en/latest/advanced-usage.html#tls-warnings
  warnings.warn(</msg>
<msg time="2024-06-29T05:15:53.092145" level="INFO">${response} = &lt;Response [200]&gt;</msg>
<var>${response}</var>
<arg>consultarAPI</arg>
<arg>/api</arg>
<doc>Sends a GET request on a previously created HTTP Session.</doc>
<status status="PASS" start="2024-06-29T05:15:53.000779" elapsed="0.091414"/>
</kw>
<kw name="Set Variable" owner="BuiltIn">
<msg time="2024-06-29T05:15:53.093026" level="INFO">${json_data} = {'results': [{'gender': 'male', 'name': {'title': 'Mr', 'first': 'Coşkun', 'last': 'Aykaç'}, 'location': {'street': {'number': 4782, 'name': 'Bağdat Cd'}, 'city': 'Bingöl', 'state': 'Niğde', 'country'...</msg>
<var>${json_data}</var>
<arg>${response.json()}</arg>
<doc>Returns the given values which can then be assigned to a variables.</doc>
<status status="PASS" start="2024-06-29T05:15:53.092563" elapsed="0.000493"/>
</kw>
<kw name="Log" owner="BuiltIn">
<msg time="2024-06-29T05:15:53.093513" level="INFO">{'results': [{'gender': 'male', 'name': {'title': 'Mr', 'first': 'Coşkun', 'last': 'Aykaç'}, 'location': {'street': {'number': 4782, 'name': 'Bağdat Cd'}, 'city': 'Bingöl', 'state': 'Niğde', 'country': 'Turkey', 'postcode': 82682, 'coordinates': {'latitude': '71.3451', 'longitude': '-45.8952'}, 'timezone': {'offset': '-11:00', 'description': 'Midway Island, Samoa'}}, 'email': 'coskun.aykac@example.com', 'login': {'uuid': '2207d2ac-3071-4ba3-8d67-de8da70c00c1', 'username': 'happykoala854', 'password': 'spencer', 'salt': 'ldChROmV', 'md5': '66fb626cecce09b1005b58546424c1fd', 'sha1': 'b5fffc25458725ec20fa487122972eaac8e654d4', 'sha256': 'a2119e1c88900cde24a8aed1f1f83c420a91273e1aa3a2190a9fd086ed55e844'}, 'dob': {'date': '1997-08-13T04:18:26.839Z', 'age': 26}, 'registered': {'date': '2013-05-15T14:45:27.090Z', 'age': 11}, 'phone': '(640)-700-7169', 'cell': '(181)-205-4740', 'id': {'name': '', 'value': None}, 'picture': {'large': 'https://randomuser.me/api/portraits/men/81.jpg', 'medium': 'https://randomuser.me/api/portraits/med/men/81.jpg', 'thumbnail': 'https://randomuser.me/api/portraits/thumb/men/81.jpg'}, 'nat': 'TR'}], 'info': {'seed': '888df4cbcf7955b8', 'results': 1, 'page': 1, 'version': '1.4'}}</msg>
<arg>${json_data}</arg>
<doc>Logs the given message with the given level.</doc>
<status status="PASS" start="2024-06-29T05:15:53.093360" elapsed="0.000203"/>
</kw>
<kw name="Should Be String" owner="String">
<arg>${json_data['results'][0]['gender']}</arg>
<doc>Fails if the given ``item`` is not a string.</doc>
<status status="PASS" start="2024-06-29T05:15:53.093893" elapsed="0.000364"/>
</kw>
<kw name="Should Match Regexp" owner="BuiltIn">
<arg>${json_data['results'][0]['email']}</arg>
<arg>^[a-zA-Z0-9._%+-]+@[a-zA-Z0-9.-]+\.[a-zA-Z]{2,}$</arg>
<doc>Fails if ``string`` does not match ``pattern`` as a regular expression.</doc>
<status status="PASS" start="2024-06-29T05:15:53.094443" elapsed="0.000514"/>
</kw>
<kw name="Should Match Regexp" owner="BuiltIn">
<arg>${json_data['results'][0]['dob']['date']}</arg>
<arg>\\d{4}-\\d{2}-\\d{2}T\\d{2}:\\d{2}:\\d{2}\\.\\d{3}Z</arg>
<doc>Fails if ``string`` does not match ``pattern`` as a regular expression.</doc>
<status status="PASS" start="2024-06-29T05:15:53.095184" elapsed="0.000477"/>
</kw>
<kw name="Should Match Regexp" owner="BuiltIn">
<arg>${json_data['results'][0]['registered']['date']}</arg>
<arg>\\d{4}-\\d{2}-\\d{2}T\\d{2}:\\d{2}:\\d{2}\\.\\d{3}Z</arg>
<doc>Fails if ``string`` does not match ``pattern`` as a regular expression.</doc>
<status status="PASS" start="2024-06-29T05:15:53.095848" elapsed="0.000361"/>
</kw>
<kw name="Should Match Regexp" owner="BuiltIn">
<arg>${json_data['results'][0]['picture']['large']}</arg>
<arg>^https?://.*\.(?:png|jpe?g|gif|bmp)$</arg>
<doc>Fails if ``string`` does not match ``pattern`` as a regular expression.</doc>
<status status="PASS" start="2024-06-29T05:15:53.096390" elapsed="0.000444"/>
</kw>
<kw name="Should Match Regexp" owner="BuiltIn">
<arg>${json_data['results'][0]['picture']['medium']}</arg>
<arg>^https?://.*\.(?:png|jpe?g|gif|bmp)$</arg>
<doc>Fails if ``string`` does not match ``pattern`` as a regular expression.</doc>
<status status="PASS" start="2024-06-29T05:15:53.097016" elapsed="0.000343"/>
</kw>
<kw name="Should Match Regexp" owner="BuiltIn">
<arg>${json_data['results'][0]['picture']['thumbnail']}</arg>
<arg>^https?://.*\.(?:png|jpe?g|gif|bmp)$</arg>
<doc>Fails if ``string`` does not match ``pattern`` as a regular expression.</doc>
<status status="PASS" start="2024-06-29T05:15:53.097537" elapsed="0.000371"/>
</kw>
<kw name="Log" owner="BuiltIn">
<msg time="2024-06-29T05:15:53.098407" level="INFO">{'large': 'https://randomuser.me/api/portraits/men/81.jpg', 'medium': 'https://randomuser.me/api/portraits/med/men/81.jpg', 'thumbnail': 'https://randomuser.me/api/portraits/thumb/men/81.jpg'}</msg>
<arg>${json_data['results'][0]['picture']}</arg>
<doc>Logs the given message with the given level.</doc>
<status status="PASS" start="2024-06-29T05:15:53.098087" elapsed="0.000360"/>
</kw>
<status status="PASS" start="2024-06-29T05:15:53.000560" elapsed="0.098136"/>
</kw>
<kw name="Teste de Tipos de Dados - Postcode" owner="random-user-service">
<kw name="GET On Session" owner="RequestsLibrary">
<msg time="2024-06-29T05:15:53.186207" level="INFO">GET Request : url=https://randomuser.me/api 
 path_url=/api 
 headers={'User-Agent': 'python-requests/2.32.3', 'Accept-Encoding': 'gzip, deflate', 'Accept': '*/*', 'Connection': 'keep-alive'} 
 body=None 
 </msg>
<msg time="2024-06-29T05:15:53.186279" level="INFO">GET Response : url=https://randomuser.me/api 
 status=200, reason=OK 
 headers={'Date': 'Sat, 29 Jun 2024 05:15:53 GMT', 'Content-Type': 'application/json; charset=utf-8', 'Transfer-Encoding': 'chunked', 'Connection': 'keep-alive', 'X-Powered-By': 'Express', 'Access-Control-Allow-Origin': '*', 'Cache-Control': 'no-cache', 'ETag': 'W/"493-igMrW9YBHgZlwrECXzRA6ImGmZg"', 'Vary': 'Accept-Encoding', 'Content-Encoding': 'gzip', 'CF-Cache-Status': 'DYNAMIC', 'Report-To': '{"endpoints":[{"url":"https:\\/\\/a.nel.cloudflare.com\\/report\\/v4?s=Q3oNU3x2cbQvxJlEsgOqyHb3LfHhDGW1MI3IuqX43mJ8ZhjCxSzRm2tZh9MSGHXS%2FaNA4GvT%2Bz8lAWGg7%2F550pW6BJ8ccg8VVGNAKSrbYbtX9ef%2BgzLjIBzRRAFu35DL"}],"group":"cf-nel","max_age":604800}', 'NEL': '{"success_fraction":0,"report_to":"cf-nel","max_age":604800}', 'Server': 'cloudflare', 'CF-RAY': '89b370f8eeaa6802-SJC', 'alt-svc': 'h3=":443"; ma=86400'} 
 body={"results":[{"gender":"male","name":{"title":"Mr","first":"Oliver","last":"Niemi"},"location":{"street":{"number":2963,"name":"Pirkankatu"},"city":"Utajärvi","state":"Satakunta","country":"Finland","postcode":20721,"coordinates":{"latitude":"-23.1492","longitude":"-58.8984"},"timezone":{"offset":"-4:00","description":"Atlantic Time (Canada), Caracas, La Paz"}},"email":"oliver.niemi@example.com","login":{"uuid":"b9448ea1-03f8-4c49-9304-6b88246004a9","username":"angryfish474","password":"casey1","salt":"bm8FWsJZ","md5":"91e5d1deaa34088a73517fe7c6223ed6","sha1":"8c36c970b2d287100b212aa2454db3d8d9fbaac1","sha256":"db36949e347ae347f71fd0e1bb4ab416e9a9970191ee366ad5d3d65557e59211"},"dob":{"date":"1985-04-30T14:33:25.464Z","age":39},"registered":{"date":"2012-05-22T14:47:31.706Z","age":12},"phone":"03-240-036","cell":"045-207-22-26","id":{"name":"HETU","value":"NaNNA921undefined"},"picture":{"large":"https://randomuser.me/api/portraits/men/52.jpg","medium":"https://randomuser.me/api/portraits/med/men/52.jpg","thumbnail":"https://randomuser.me/api/portraits/thumb/men/52.jpg"},"nat":"FI"}],"info":{"seed":"ff48a500f5d0ad48","results":1,"page":1,"version":"1.4"}} 
 </msg>
<msg time="2024-06-29T05:15:53.186339" level="INFO">/opt/hostedtoolcache/Python/3.12.4/x64/lib/python3.12/site-packages/urllib3/connectionpool.py:1099: InsecureRequestWarning: Unverified HTTPS request is being made to host 'randomuser.me'. Adding certificate verification is strongly advised. See: https://urllib3.readthedocs.io/en/latest/advanced-usage.html#tls-warnings
  warnings.warn(</msg>
<msg time="2024-06-29T05:15:53.186451" level="INFO">${response} = &lt;Response [200]&gt;</msg>
<var>${response}</var>
<arg>consultarAPI</arg>
<arg>/api</arg>
<doc>Sends a GET request on a previously created HTTP Session.</doc>
<status status="PASS" start="2024-06-29T05:15:53.099123" elapsed="0.087371"/>
</kw>
<kw name="Set Variable" owner="BuiltIn">
<msg time="2024-06-29T05:15:53.187329" level="INFO">${json_data} = {'results': [{'gender': 'male', 'name': {'title': 'Mr', 'first': 'Oliver', 'last': 'Niemi'}, 'location': {'street': {'number': 2963, 'name': 'Pirkankatu'}, 'city': 'Utajärvi', 'state': 'Satakunta', 'c...</msg>
<var>${json_data}</var>
<arg>${response.json()}</arg>
<doc>Returns the given values which can then be assigned to a variables.</doc>
<status status="PASS" start="2024-06-29T05:15:53.186872" elapsed="0.000485"/>
</kw>
<kw name="Log" owner="BuiltIn">
<msg time="2024-06-29T05:15:53.187811" level="INFO">{'results': [{'gender': 'male', 'name': {'title': 'Mr', 'first': 'Oliver', 'last': 'Niemi'}, 'location': {'street': {'number': 2963, 'name': 'Pirkankatu'}, 'city': 'Utajärvi', 'state': 'Satakunta', 'country': 'Finland', 'postcode': 20721, 'coordinates': {'latitude': '-23.1492', 'longitude': '-58.8984'}, 'timezone': {'offset': '-4:00', 'description': 'Atlantic Time (Canada), Caracas, La Paz'}}, 'email': 'oliver.niemi@example.com', 'login': {'uuid': 'b9448ea1-03f8-4c49-9304-6b88246004a9', 'username': 'angryfish474', 'password': 'casey1', 'salt': 'bm8FWsJZ', 'md5': '91e5d1deaa34088a73517fe7c6223ed6', 'sha1': '8c36c970b2d287100b212aa2454db3d8d9fbaac1', 'sha256': 'db36949e347ae347f71fd0e1bb4ab416e9a9970191ee366ad5d3d65557e59211'}, 'dob': {'date': '1985-04-30T14:33:25.464Z', 'age': 39}, 'registered': {'date': '2012-05-22T14:47:31.706Z', 'age': 12}, 'phone': '03-240-036', 'cell': '045-207-22-26', 'id': {'name': 'HETU', 'value': 'NaNNA921undefined'}, 'picture': {'large': 'https://randomuser.me/api/portraits/men/52.jpg', 'medium': 'https://randomuser.me/api/portraits/med/men/52.jpg', 'thumbnail': 'https://randomuser.me/api/portraits/thumb/men/52.jpg'}, 'nat': 'FI'}], 'info': {'seed': 'ff48a500f5d0ad48', 'results': 1, 'page': 1, 'version': '1.4'}}</msg>
<arg>${json_data}</arg>
<doc>Logs the given message with the given level.</doc>
<status status="PASS" start="2024-06-29T05:15:53.187658" elapsed="0.000201"/>
</kw>
<kw name="Should Be Equal As Numbers" owner="BuiltIn">
<arg>${json_data['results'][0]['location']['postcode']}</arg>
<arg>${json_data['results'][0]['location']['postcode']}</arg>
<doc>Fails if objects are unequal after converting them to real numbers.</doc>
<status status="PASS" start="2024-06-29T05:15:53.188146" elapsed="0.000620"/>
</kw>
<kw name="Log" owner="BuiltIn">
<msg time="2024-06-29T05:15:53.189425" level="INFO">20721</msg>
<arg>${json_data['results'][0]['location']['postcode']}</arg>
<doc>Logs the given message with the given level.</doc>
<status status="PASS" start="2024-06-29T05:15:53.188955" elapsed="0.000511"/>
</kw>
<status status="PASS" start="2024-06-29T05:15:53.098912" elapsed="0.090853"/>
</kw>
<doc>Testa se os tipos de dados na resposta da API estão corretos.</doc>
<tag>testeTiposDados</tag>
<status status="PASS" start="2024-06-29T05:15:53.000032" elapsed="0.189907"/>
</test>
<test id="s1-s1-t5" name="Validar conteudo" line="35">
<kw name="Teste de Tipos de Conteudo" owner="random-user-service">
<kw name="GET On Session" owner="RequestsLibrary">
<msg time="2024-06-29T05:15:53.297328" level="INFO">GET Request : url=https://randomuser.me/api 
 path_url=/api 
 headers={'User-Agent': 'python-requests/2.32.3', 'Accept-Encoding': 'gzip, deflate', 'Accept': '*/*', 'Connection': 'keep-alive'} 
 body=None 
 </msg>
<msg time="2024-06-29T05:15:53.297403" level="INFO">GET Response : url=https://randomuser.me/api 
 status=200, reason=OK 
 headers={'Date': 'Sat, 29 Jun 2024 05:15:53 GMT', 'Content-Type': 'application/json; charset=utf-8', 'Transfer-Encoding': 'chunked', 'Connection': 'keep-alive', 'X-Powered-By': 'Express', 'Access-Control-Allow-Origin': '*', 'Cache-Control': 'no-cache', 'ETag': 'W/"495-fGB6uX//SurIqgqj2rw5qEGSq2o"', 'Vary': 'Accept-Encoding', 'Content-Encoding': 'gzip', 'CF-Cache-Status': 'DYNAMIC', 'Report-To': '{"endpoints":[{"url":"https:\\/\\/a.nel.cloudflare.com\\/report\\/v4?s=%2BVUa4rzYIE035NbYOshWcjCNmBTGkrn2hhsDvDTpG7U952WONczFCGCmH%2B331HriHtMmhk2j40IBOr6ykaZ7lEnlvvSmzNpC%2BiUunQ4M%2F0GQmjQyPLp7Wz3zsI6Jey%2F4"}],"group":"cf-nel","max_age":604800}', 'NEL': '{"success_fraction":0,"report_to":"cf-nel","max_age":604800}', 'Server': 'cloudflare', 'CF-RAY': '89b370f97f2b6802-SJC', 'alt-svc': 'h3=":443"; ma=86400'} 
 body={"results":[{"gender":"male","name":{"title":"Mr","first":"Aloïs","last":"Roche"},"location":{"street":{"number":2998,"name":"Rue Saint-Georges"},"city":"Colombes","state":"Ardèche","country":"France","postcode":36778,"coordinates":{"latitude":"-14.0442","longitude":"-172.2734"},"timezone":{"offset":"-3:00","description":"Brazil, Buenos Aires, Georgetown"}},"email":"alois.roche@example.com","login":{"uuid":"0e54f414-bea7-46c2-a9f2-643fc61b5f1f","username":"yellowcat484","password":"mellon","salt":"T3QDxWjA","md5":"3cb88ee078b333401bf9b46bf7f54dce","sha1":"74c9cc869ed9ccb0815a5a167916ecd6dd6d32ca","sha256":"76891c9d5ee035a2baf03a7ffba48788b9a559e7d0f2aae014b50ebe11978fc8"},"dob":{"date":"1960-02-17T09:05:42.522Z","age":64},"registered":{"date":"2007-02-06T12:34:56.230Z","age":17},"phone":"04-31-73-90-99","cell":"06-78-12-71-27","id":{"name":"INSEE","value":"1600160569072 89"},"picture":{"large":"https://randomuser.me/api/portraits/men/96.jpg","medium":"https://randomuser.me/api/portraits/med/men/96.jpg","thumbnail":"https://randomuser.me/api/portraits/thumb/men/96.jpg"},"nat":"FR"}],"info":{"seed":"bcd0058378bff0b3","results":1,"page":1,"version":"1.4"}} 
 </msg>
<msg time="2024-06-29T05:15:53.297463" level="INFO">/opt/hostedtoolcache/Python/3.12.4/x64/lib/python3.12/site-packages/urllib3/connectionpool.py:1099: InsecureRequestWarning: Unverified HTTPS request is being made to host 'randomuser.me'. Adding certificate verification is strongly advised. See: https://urllib3.readthedocs.io/en/latest/advanced-usage.html#tls-warnings
  warnings.warn(</msg>
<msg time="2024-06-29T05:15:53.297568" level="INFO">${response} = &lt;Response [200]&gt;</msg>
<var>${response}</var>
<arg>consultarAPI</arg>
<arg>/api</arg>
<doc>Sends a GET request on a previously created HTTP Session.</doc>
<status status="PASS" start="2024-06-29T05:15:53.192412" elapsed="0.105199"/>
</kw>
<kw name="Set Variable" owner="BuiltIn">
<msg time="2024-06-29T05:15:53.298440" level="INFO">${json_data} = {'results': [{'gender': 'male', 'name': {'title': 'Mr', 'first': 'Aloïs', 'last': 'Roche'}, 'location': {'street': {'number': 2998, 'name': 'Rue Saint-Georges'}, 'city': 'Colombes', 'state': 'Ardèche'...</msg>
<var>${json_data}</var>
<arg>${response.json()}</arg>
<doc>Returns the given values which can then be assigned to a variables.</doc>
<status status="PASS" start="2024-06-29T05:15:53.297987" elapsed="0.000482"/>
</kw>
<kw name="Set Variable" owner="BuiltIn">
<msg time="2024-06-29T05:15:53.299139" level="INFO">${name_title} = Mr</msg>
<var>${name_title}</var>
<arg>${json_data["results"][0]["name"]["title"]}</arg>
<doc>Returns the given values which can then be assigned to a variables.</doc>
<status status="PASS" start="2024-06-29T05:15:53.298769" elapsed="0.000395"/>
</kw>
<kw name="Create List" owner="BuiltIn">
<msg time="2024-06-29T05:15:53.299599" level="INFO">${allowed_titles} = ['Mr', 'Ms', 'Miss', 'Mrs', 'Madame', 'Monsieur']</msg>
<var>${allowed_titles}</var>
<arg>Mr</arg>
<arg>Ms</arg>
<arg>Miss</arg>
<arg>Mrs</arg>
<arg>Madame</arg>
<arg>Monsieur</arg>
<doc>Returns a list containing given items.</doc>
<status status="PASS" start="2024-06-29T05:15:53.299456" elapsed="0.000167"/>
</kw>
<kw name="List Should Contain Value" owner="Collections">
<arg>${allowed_titles}</arg>
<arg>${name_title}</arg>
<doc>Fails if the ``value`` is not found from ``list``.</doc>
<status status="PASS" start="2024-06-29T05:15:53.299913" elapsed="0.000170"/>
</kw>
<kw name="Set Variable" owner="BuiltIn">
<msg time="2024-06-29T05:15:53.300621" level="INFO">${name_country} = FR</msg>
<var>${name_country}</var>
<arg>${json_data["results"][0]["nat"]}</arg>
<doc>Returns the given values which can then be assigned to a variables.</doc>
<status status="PASS" start="2024-06-29T05:15:53.300257" elapsed="0.000388"/>
</kw>
<kw name="Create List" owner="BuiltIn">
<msg time="2024-06-29T05:15:53.301524" level="INFO">${list_country} = ['AD', 'AE', 'AF', 'AG', 'AI', 'AL', 'AM', 'AO', 'AQ', 'AR', 'AS', 'AT', 'AU', 'AW', 'AX', 'AZ', 'BA', 'BB', 'BD', 'BE', 'BF', 'BG', 'BH', 'BI', 'BJ', 'BL', 'BM', 'BN', 'BO', 'BQ', 'BR', 'BS', 'BT', '...</msg>
<var>${list_country}</var>
<arg>AD</arg>
<arg>AE</arg>
<arg>AF</arg>
<arg>AG</arg>
<arg>AI</arg>
<arg>AL</arg>
<arg>AM</arg>
<arg>AO</arg>
<arg>AQ</arg>
<arg>AR</arg>
<arg>AS</arg>
<arg>AT</arg>
<arg>AU</arg>
<arg>AW</arg>
<arg>AX</arg>
<arg>AZ</arg>
<arg>BA</arg>
<arg>BB</arg>
<arg>BD</arg>
<arg>BE</arg>
<arg>BF</arg>
<arg>BG</arg>
<arg>BH</arg>
<arg>BI</arg>
<arg>BJ</arg>
<arg>BL</arg>
<arg>BM</arg>
<arg>BN</arg>
<arg>BO</arg>
<arg>BQ</arg>
<arg>BR</arg>
<arg>BS</arg>
<arg>BT</arg>
<arg>BV</arg>
<arg>BW</arg>
<arg>BY</arg>
<arg>BZ</arg>
<arg>CA</arg>
<arg>CC</arg>
<arg>CD</arg>
<arg>CF</arg>
<arg>CG</arg>
<arg>CH</arg>
<arg>CI</arg>
<arg>CK</arg>
<arg>CL</arg>
<arg>CM</arg>
<arg>CN</arg>
<arg>CO</arg>
<arg>CR</arg>
<arg>CU</arg>
<arg>CV</arg>
<arg>CW</arg>
<arg>CX</arg>
<arg>CY</arg>
<arg>CZ</arg>
<arg>DE</arg>
<arg>DJ</arg>
<arg>DK</arg>
<arg>DM</arg>
<arg>DO</arg>
<arg>DZ</arg>
<arg>EC</arg>
<arg>EE</arg>
<arg>EG</arg>
<arg>EH</arg>
<arg>ER</arg>
<arg>ES</arg>
<arg>ET</arg>
<arg>FI</arg>
<arg>FJ</arg>
<arg>FK</arg>
<arg>FM</arg>
<arg>FO</arg>
<arg>FR</arg>
<arg>GA</arg>
<arg>GB</arg>
<arg>GD</arg>
<arg>GE</arg>
<arg>GF</arg>
<arg>GG</arg>
<arg>GH</arg>
<arg>GI</arg>
<arg>GL</arg>
<arg>GM</arg>
<arg>GN</arg>
<arg>GP</arg>
<arg>GQ</arg>
<arg>GR</arg>
<arg>GS</arg>
<arg>GT</arg>
<arg>GU</arg>
<arg>GW</arg>
<arg>GY</arg>
<arg>HK</arg>
<arg>HM</arg>
<arg>HN</arg>
<arg>HR</arg>
<arg>HT</arg>
<arg>HU</arg>
<arg>ID</arg>
<arg>IE</arg>
<arg>IL</arg>
<arg>IM</arg>
<arg>IN</arg>
<arg>IO</arg>
<arg>IQ</arg>
<arg>IR</arg>
<arg>IS</arg>
<arg>IT</arg>
<arg>JE</arg>
<arg>JM</arg>
<arg>JO</arg>
<arg>JP</arg>
<arg>KE</arg>
<arg>KG</arg>
<arg>KH</arg>
<arg>KI</arg>
<arg>KM</arg>
<arg>KN</arg>
<arg>KP</arg>
<arg>KR</arg>
<arg>KW</arg>
<arg>KY</arg>
<arg>KZ</arg>
<arg>LA</arg>
<arg>LB</arg>
<arg>LC</arg>
<arg>LI</arg>
<arg>LK</arg>
<arg>LR</arg>
<arg>LS</arg>
<arg>LT</arg>
<arg>LU</arg>
<arg>LV</arg>
<arg>LY</arg>
<arg>MA</arg>
<arg>MC</arg>
<arg>MD</arg>
<arg>ME</arg>
<arg>MF</arg>
<arg>MG</arg>
<arg>MH</arg>
<arg>MK</arg>
<arg>ML</arg>
<arg>MM</arg>
<arg>MN</arg>
<arg>MO</arg>
<arg>MP</arg>
<arg>MQ</arg>
<arg>MR</arg>
<arg>MS</arg>
<arg>MT</arg>
<arg>MU</arg>
<arg>MV</arg>
<arg>MW</arg>
<arg>MX</arg>
<arg>MY</arg>
<arg>MZ</arg>
<arg>NA</arg>
<arg>NC</arg>
<arg>NE</arg>
<arg>NF</arg>
<arg>NG</arg>
<arg>NI</arg>
<arg>NL</arg>
<arg>NO</arg>
<arg>NP</arg>
<arg>NR</arg>
<arg>NU</arg>
<arg>NZ</arg>
<arg>OM</arg>
<arg>PA</arg>
<arg>PE</arg>
<arg>PF</arg>
<arg>PG</arg>
<arg>PH</arg>
<arg>PK</arg>
<arg>PL</arg>
<arg>PM</arg>
<arg>PN</arg>
<arg>PR</arg>
<arg>PS</arg>
<arg>PT</arg>
<arg>PW</arg>
<arg>PY</arg>
<arg>QA</arg>
<arg>RE</arg>
<arg>RO</arg>
<arg>RS</arg>
<arg>RU</arg>
<arg>RW</arg>
<arg>SA</arg>
<arg>SB</arg>
<arg>SC</arg>
<arg>SD</arg>
<arg>SE</arg>
<arg>SG</arg>
<arg>SH</arg>
<arg>SI</arg>
<arg>SJ</arg>
<arg>SK</arg>
<arg>SL</arg>
<arg>SM</arg>
<arg>SN</arg>
<arg>SO</arg>
<arg>SR</arg>
<arg>SS</arg>
<arg>ST</arg>
<arg>SV</arg>
<arg>SX</arg>
<arg>SY</arg>
<arg>SZ</arg>
<arg>TC</arg>
<arg>TD</arg>
<arg>TF</arg>
<arg>TG</arg>
<arg>TH</arg>
<arg>TJ</arg>
<arg>TK</arg>
<arg>TL</arg>
<arg>TM</arg>
<arg>TN</arg>
<arg>TO</arg>
<arg>TR</arg>
<arg>TT</arg>
<arg>TV</arg>
<arg>TW</arg>
<arg>TZ</arg>
<arg>UA</arg>
<arg>UG</arg>
<arg>UM</arg>
<arg>US</arg>
<arg>UY</arg>
<arg>UZ</arg>
<arg>VA</arg>
<arg>VC</arg>
<arg>VE</arg>
<arg>VG</arg>
<arg>VI</arg>
<arg>VN</arg>
<arg>VU</arg>
<arg>WF</arg>
<arg>WS</arg>
<arg>XK</arg>
<arg>YE</arg>
<arg>YT</arg>
<arg>ZA</arg>
<arg>ZM</arg>
<arg>ZW</arg>
<doc>Returns a list containing given items.</doc>
<status status="PASS" start="2024-06-29T05:15:53.300932" elapsed="0.000617"/>
</kw>
<kw name="List Should Contain Value" owner="Collections">
<arg>${list_country}</arg>
<arg>${name_country}</arg>
<doc>Fails if the ``value`` is not found from ``list``.</doc>
<status status="PASS" start="2024-06-29T05:15:53.302367" elapsed="0.000198"/>
</kw>
<kw name="Run Keyword If" owner="BuiltIn">
<kw name="Should Be True" owner="BuiltIn">
<arg>${True}</arg>
<doc>Fails if the given condition is not true.</doc>
<status status="PASS" start="2024-06-29T05:15:53.303499" elapsed="0.000139"/>
</kw>
<arg>${json_data["results"][0]["location"]["coordinates"]["latitude"]} &gt;= -90 and ${json_data["results"][0]["location"]["coordinates"]["latitude"]} &lt;= 90</arg>
<arg>Should Be True</arg>
<arg>${True}</arg>
<doc>Runs the given keyword with the given arguments, if ``condition`` is true.</doc>
<status status="PASS" start="2024-06-29T05:15:53.302756" elapsed="0.001005"/>
</kw>
<kw name="Run Keyword If" owner="BuiltIn">
<kw name="Should Be True" owner="BuiltIn">
<arg>${True}</arg>
<doc>Fails if the given condition is not true.</doc>
<status status="PASS" start="2024-06-29T05:15:53.304628" elapsed="0.000226"/>
</kw>
<arg>${json_data["results"][0]["location"]["coordinates"]["longitude"]} &gt;= -180 and ${json_data["results"][0]["location"]["coordinates"]["longitude"]} &lt;= 180</arg>
<arg>Should Be True</arg>
<arg>${True}</arg>
<doc>Runs the given keyword with the given arguments, if ``condition`` is true.</doc>
<status status="PASS" start="2024-06-29T05:15:53.303939" elapsed="0.001042"/>
</kw>
<status status="PASS" start="2024-06-29T05:15:53.192199" elapsed="0.112911"/>
</kw>
<doc>Testa o conteúdo específico dos campos retornados pela API.</doc>
<tag>testeConteudo</tag>
<status status="PASS" start="2024-06-29T05:15:53.191675" elapsed="0.113573"/>
</test>
<status status="PASS" start="2024-06-29T05:15:52.387744" elapsed="0.919476"/>
</suite>
<status status="PASS" start="2024-06-29T05:15:52.373642" elapsed="0.938631"/>
</suite>
<statistics>
<total>
<stat pass="5" fail="0" skip="0">All Tests</stat>
</total>
<tag>
<stat pass="1" fail="0" skip="0">testeConteudo</stat>
<stat pass="1" fail="0" skip="0">testeEstruturaResposta</stat>
<stat pass="1" fail="0" skip="0">testeRequisicaoBasica</stat>
<stat pass="1" fail="0" skip="0">testeTiposDados</stat>
</tag>
<suite>
<stat pass="5" fail="0" skip="0" id="s1" name="Tests">Tests</stat>
<stat pass="5" fail="0" skip="0" id="s1-s1" name="Random-User-Test">Tests.Random-User-Test</stat>
</suite>
</statistics>
<errors>
</errors>
</robot>
