<?xml version="1.0" encoding="UTF-8"?>
<robot generator="Robot 7.0 (Python 3.12.3 on linux)" generated="2024-04-28T08:17:58.905552" rpa="false" schemaversion="5">
<suite id="s1" name="Tests" source="/home/runner/work/DesafioQAItauRogerioJordao/DesafioQAItauRogerioJordao/RamdonUser/tests">
<suite id="s1-s1" name="Random-User-Test" source="/home/runner/work/DesafioQAItauRogerioJordao/DesafioQAItauRogerioJordao/RamdonUser/tests/random-user-test.robot">
<test id="s1-s1-t1" name="Conectar" line="13">
<kw name="Conectar API" owner="random-user-service">
<kw name="Create Session" owner="RequestsLibrary">
<msg time="2024-04-28T08:17:59.274471" level="INFO">Creating Session using : alias=consultarAPI, url=https://randomuser.me/, headers={},                     cookies={}, auth=None, timeout=None, proxies=None, verify=False,                     debug=0 </msg>
<arg>consultarAPI</arg>
<arg>${URL}</arg>
<doc>Create Session: create a HTTP session to a server</doc>
<status status="PASS" start="2024-04-28T08:17:59.274274" elapsed="0.000382"/>
</kw>
<status status="PASS" start="2024-04-28T08:17:59.273298" elapsed="0.001716"/>
</kw>
<status status="PASS" start="2024-04-28T08:17:59.272676" elapsed="0.002528"/>
</test>
<test id="s1-s1-t2" name="Validar retorno 200 e JSON Válido" line="16">
<kw name="Teste de Requisicao Basica" owner="random-user-service">
<kw name="GET On Session" owner="RequestsLibrary">
<msg time="2024-04-28T08:17:59.334787" level="INFO">GET Request : url=https://randomuser.me/api 
 path_url=/api 
 headers={'User-Agent': 'python-requests/2.31.0', 'Accept-Encoding': 'gzip, deflate', 'Accept': '*/*', 'Connection': 'keep-alive'} 
 body=None 
 </msg>
<msg time="2024-04-28T08:17:59.334915" level="INFO">GET Response : url=https://randomuser.me/api 
 status=200, reason=OK 
 headers={'Date': 'Sun, 28 Apr 2024 08:17:59 GMT', 'Content-Type': 'application/json; charset=utf-8', 'Transfer-Encoding': 'chunked', 'Connection': 'keep-alive', 'X-Powered-By': 'Express', 'Access-Control-Allow-Origin': '*', 'Cache-Control': 'no-cache', 'ETag': 'W/"476-PdCNXhq5EnYO5T9xDtwhDV75Adg"', 'Vary': 'Accept-Encoding', 'Content-Encoding': 'gzip', 'CF-Cache-Status': 'DYNAMIC', 'Report-To': '{"endpoints":[{"url":"https:\\/\\/a.nel.cloudflare.com\\/report\\/v4?s=Wwd39zEnZTjncxV%2FxuTC2hy426AgxrYO1dNlS7s%2Fh5%2B%2B3qm78zLi6cnWHeq3J1de%2FV8NnCcw5p285fA0KCLz%2BOAgPVxnqdnwegARYD9KJDOkLWr4tPuHaS%2FoGWtLYYr4"}],"group":"cf-nel","max_age":604800}', 'NEL': '{"success_fraction":0,"report_to":"cf-nel","max_age":604800}', 'Server': 'cloudflare', 'CF-RAY': '87b59e799b8720c4-IAD', 'alt-svc': 'h3=":443"; ma=86400'} 
 body={"results":[{"gender":"male","name":{"title":"Mr","first":"Keith","last":"Sullivan"},"location":{"street":{"number":484,"name":"Station Road"},"city":"Lusk","state":"Wexford","country":"Ireland","postcode":59714,"coordinates":{"latitude":"1.7305","longitude":"-129.7263"},"timezone":{"offset":"+6:00","description":"Almaty, Dhaka, Colombo"}},"email":"keith.sullivan@example.com","login":{"uuid":"9ec0c9f8-011d-4956-a523-43d8ef47c628","username":"blackduck378","password":"frogman","salt":"cgf2LwyQ","md5":"e217c5457ea018ff8f52b410a63ce7b5","sha1":"8a6b774f2383fa3bf7399e064b971bb45dd3d4db","sha256":"6030c469c16df224edac74b0a2038094795224d1288d2fc6e5e5a2360c431908"},"dob":{"date":"1958-07-24T03:29:47.458Z","age":65},"registered":{"date":"2019-04-09T06:52:36.013Z","age":5},"phone":"071-924-7415","cell":"081-667-1673","id":{"name":"PPS","value":"0721113T"},"picture":{"large":"https://randomuser.me/api/portraits/men/50.jpg","medium":"https://randomuser.me/api/portraits/med/men/50.jpg","thumbnail":"https://randomuser.me/api/portraits/thumb/men/50.jpg"},"nat":"IE"}],"info":{"seed":"2d6264670e73955f","results":1,"page":1,"version":"1.4"}} 
 </msg>
<msg time="2024-04-28T08:17:59.334993" level="INFO">/opt/hostedtoolcache/Python/3.12.3/x64/lib/python3.12/site-packages/urllib3/connectionpool.py:1103: InsecureRequestWarning: Unverified HTTPS request is being made to host 'randomuser.me'. Adding certificate verification is strongly advised. See: https://urllib3.readthedocs.io/en/latest/advanced-usage.html#tls-warnings
  warnings.warn(</msg>
<msg time="2024-04-28T08:17:59.335140" level="INFO">${response} = &lt;Response [200]&gt;</msg>
<var>${response}</var>
<arg>consultarAPI</arg>
<arg>/api</arg>
<doc>Sends a GET request on a previously created HTTP Session.</doc>
<status status="PASS" start="2024-04-28T08:17:59.277881" elapsed="0.057301"/>
</kw>
<kw name="Should Be Equal As Numbers" owner="BuiltIn">
<msg time="2024-04-28T08:17:59.336128" level="INFO">Argument types are:
&lt;class 'int'&gt;
&lt;class 'str'&gt;</msg>
<arg>${response.status_code}</arg>
<arg>200</arg>
<doc>Fails if objects are unequal after converting them to real numbers.</doc>
<status status="PASS" start="2024-04-28T08:17:59.335689" elapsed="0.000503"/>
</kw>
<kw name="Log" owner="BuiltIn">
<msg time="2024-04-28T08:17:59.336895" level="INFO">200</msg>
<arg>${response.status_code}</arg>
<doc>Logs the given message with the given level.</doc>
<status status="PASS" start="2024-04-28T08:17:59.336527" elapsed="0.000410"/>
</kw>
<kw name="Set Variable" owner="BuiltIn">
<msg time="2024-04-28T08:17:59.337692" level="INFO">${json_data} = {'results': [{'gender': 'male', 'name': {'title': 'Mr', 'first': 'Keith', 'last': 'Sullivan'}, 'location': {'street': {'number': 484, 'name': 'Station Road'}, 'city': 'Lusk', 'state': 'Wexford', 'coun...</msg>
<var>${json_data}</var>
<arg>${response.json()}</arg>
<doc>Returns the given values which can then be assigned to a variables.</doc>
<status status="PASS" start="2024-04-28T08:17:59.337246" elapsed="0.000474"/>
</kw>
<kw name="Dictionary Should Contain Key" owner="Collections">
<msg time="2024-04-28T08:17:59.338187" level="INFO">False</msg>
<arg>${json_data}</arg>
<arg>results</arg>
<doc>Fails if ``key`` is not found from ``dictionary``.</doc>
<status status="PASS" start="2024-04-28T08:17:59.338022" elapsed="0.000204"/>
</kw>
<status status="PASS" start="2024-04-28T08:17:59.277641" elapsed="0.060844"/>
</kw>
<doc>Testa se a API responde corretamente e retorna um objeto JSON válido.</doc>
<tag>testeRequisicaoBasica</tag>
<status status="PASS" start="2024-04-28T08:17:59.277122" elapsed="0.061553"/>
</test>
<test id="s1-s1-t3" name="Validar estrutura de resposta" line="22">
<kw name="Teste de Estrutura de Resposta" owner="random-user-service">
<kw name="GET On Session" owner="RequestsLibrary">
<msg time="2024-04-28T08:17:59.439703" level="INFO">GET Request : url=https://randomuser.me/api 
 path_url=/api 
 headers={'User-Agent': 'python-requests/2.31.0', 'Accept-Encoding': 'gzip, deflate', 'Accept': '*/*', 'Connection': 'keep-alive'} 
 body=None 
 </msg>
<msg time="2024-04-28T08:17:59.439778" level="INFO">GET Response : url=https://randomuser.me/api 
 status=200, reason=OK 
 headers={'Date': 'Sun, 28 Apr 2024 08:17:59 GMT', 'Content-Type': 'application/json; charset=utf-8', 'Transfer-Encoding': 'chunked', 'Connection': 'keep-alive', 'X-Powered-By': 'Express', 'Access-Control-Allow-Origin': '*', 'Cache-Control': 'no-cache', 'ETag': 'W/"489-+UabysPOf7SZH03MN1q+qsR1rvU"', 'Vary': 'Accept-Encoding', 'Content-Encoding': 'gzip', 'CF-Cache-Status': 'DYNAMIC', 'Report-To': '{"endpoints":[{"url":"https:\\/\\/a.nel.cloudflare.com\\/report\\/v4?s=Xra7ZJEQ14H1O5bKqANM8GdTC3qIFYl6YHaZti2BMVI8nG2vvoeJIr4CKFJwOdeYVyB01Pmdsd2x80WU0fTIlC%2FqyDPNUz2%2FX7kpPQSTdMhET%2FlRDJu9A31pVAQmAS8f"}],"group":"cf-nel","max_age":604800}', 'NEL': '{"success_fraction":0,"report_to":"cf-nel","max_age":604800}', 'Server': 'cloudflare', 'CF-RAY': '87b59e79ebc720c4-IAD', 'alt-svc': 'h3=":443"; ma=86400'} 
 body={"results":[{"gender":"male","name":{"title":"Mr","first":"Anthony","last":"Wong"},"location":{"street":{"number":3068,"name":"Dalhousie Ave"},"city":"St. Antoine","state":"Saskatchewan","country":"Canada","postcode":"A1T 8C3","coordinates":{"latitude":"-69.5084","longitude":"-101.4785"},"timezone":{"offset":"+2:00","description":"Kaliningrad, South Africa"}},"email":"anthony.wong@example.com","login":{"uuid":"1f845de4-5848-4dbf-9e6f-f6bdd69f1c54","username":"greenzebra954","password":"umpire","salt":"wFrG1U0h","md5":"4665b69d31831d659a01c0caa7d28745","sha1":"3295749ae434bbf65ccc7e8e951d3ce50b0074a2","sha256":"9cb6cb47823cb26acd64f2ebeac5351211151820a104b355e3fe357b828f8d0d"},"dob":{"date":"1966-02-01T04:16:17.308Z","age":58},"registered":{"date":"2017-04-11T11:01:51.837Z","age":7},"phone":"W35 Y07-3257","cell":"J72 Z98-1722","id":{"name":"SIN","value":"034131953"},"picture":{"large":"https://randomuser.me/api/portraits/men/83.jpg","medium":"https://randomuser.me/api/portraits/med/men/83.jpg","thumbnail":"https://randomuser.me/api/portraits/thumb/men/83.jpg"},"nat":"CA"}],"info":{"seed":"61262ca72e679dd3","results":1,"page":1,"version":"1.4"}} 
 </msg>
<msg time="2024-04-28T08:17:59.439898" level="INFO">/opt/hostedtoolcache/Python/3.12.3/x64/lib/python3.12/site-packages/urllib3/connectionpool.py:1103: InsecureRequestWarning: Unverified HTTPS request is being made to host 'randomuser.me'. Adding certificate verification is strongly advised. See: https://urllib3.readthedocs.io/en/latest/advanced-usage.html#tls-warnings
  warnings.warn(</msg>
<msg time="2024-04-28T08:17:59.439999" level="INFO">${response} = &lt;Response [200]&gt;</msg>
<var>${response}</var>
<arg>consultarAPI</arg>
<arg>/api</arg>
<doc>Sends a GET request on a previously created HTTP Session.</doc>
<status status="PASS" start="2024-04-28T08:17:59.341431" elapsed="0.098608"/>
</kw>
<kw name="Set Variable" owner="BuiltIn">
<msg time="2024-04-28T08:17:59.441150" level="INFO">${json_data} = {'results': [{'gender': 'male', 'name': {'title': 'Mr', 'first': 'Anthony', 'last': 'Wong'}, 'location': {'street': {'number': 3068, 'name': 'Dalhousie Ave'}, 'city': 'St. Antoine', 'state': 'Saskatch...</msg>
<var>${json_data}</var>
<arg>${response.json()}</arg>
<doc>Returns the given values which can then be assigned to a variables.</doc>
<status status="PASS" start="2024-04-28T08:17:59.440570" elapsed="0.000609"/>
</kw>
<kw name="Log" owner="BuiltIn">
<msg time="2024-04-28T08:17:59.441652" level="INFO">{'results': [{'gender': 'male', 'name': {'title': 'Mr', 'first': 'Anthony', 'last': 'Wong'}, 'location': {'street': {'number': 3068, 'name': 'Dalhousie Ave'}, 'city': 'St. Antoine', 'state': 'Saskatchewan', 'country': 'Canada', 'postcode': 'A1T 8C3', 'coordinates': {'latitude': '-69.5084', 'longitude': '-101.4785'}, 'timezone': {'offset': '+2:00', 'description': 'Kaliningrad, South Africa'}}, 'email': 'anthony.wong@example.com', 'login': {'uuid': '1f845de4-5848-4dbf-9e6f-f6bdd69f1c54', 'username': 'greenzebra954', 'password': 'umpire', 'salt': 'wFrG1U0h', 'md5': '4665b69d31831d659a01c0caa7d28745', 'sha1': '3295749ae434bbf65ccc7e8e951d3ce50b0074a2', 'sha256': '9cb6cb47823cb26acd64f2ebeac5351211151820a104b355e3fe357b828f8d0d'}, 'dob': {'date': '1966-02-01T04:16:17.308Z', 'age': 58}, 'registered': {'date': '2017-04-11T11:01:51.837Z', 'age': 7}, 'phone': 'W35 Y07-3257', 'cell': 'J72 Z98-1722', 'id': {'name': 'SIN', 'value': '034131953'}, 'picture': {'large': 'https://randomuser.me/api/portraits/men/83.jpg', 'medium': 'https://randomuser.me/api/portraits/med/men/83.jpg', 'thumbnail': 'https://randomuser.me/api/portraits/thumb/men/83.jpg'}, 'nat': 'CA'}], 'info': {'seed': '61262ca72e679dd3', 'results': 1, 'page': 1, 'version': '1.4'}}</msg>
<arg>${json_data}</arg>
<doc>Logs the given message with the given level.</doc>
<status status="PASS" start="2024-04-28T08:17:59.441495" elapsed="0.000205"/>
</kw>
<kw name="Dictionary Should Contain Key" owner="Collections">
<msg time="2024-04-28T08:17:59.442153" level="INFO">False</msg>
<arg>${json_data}</arg>
<arg>results</arg>
<doc>Fails if ``key`` is not found from ``dictionary``.</doc>
<status status="PASS" start="2024-04-28T08:17:59.441999" elapsed="0.000192"/>
</kw>
<kw name="Should Not Be Empty" owner="BuiltIn">
<msg time="2024-04-28T08:17:59.442623" level="INFO">Length is 2.</msg>
<arg>${json_data}</arg>
<doc>Verifies that the given item is not empty.</doc>
<status status="PASS" start="2024-04-28T08:17:59.442488" elapsed="0.000173"/>
</kw>
<kw name="Create List" owner="BuiltIn">
<msg time="2024-04-28T08:17:59.443235" level="INFO">${expected_keys} = ['gender', 'name', 'location', 'email', 'login']</msg>
<var>${expected_keys}</var>
<arg>gender</arg>
<arg>name</arg>
<arg>location</arg>
<arg>email</arg>
<arg>login</arg>
<doc>Returns a list containing given items.</doc>
<status status="PASS" start="2024-04-28T08:17:59.442947" elapsed="0.000312"/>
</kw>
<for flavor="IN">
<iter>
<kw name="Dictionary Should Contain Key" owner="Collections">
<msg time="2024-04-28T08:17:59.444298" level="INFO">False</msg>
<arg>${json_data['results'][0]}</arg>
<arg>${key}</arg>
<doc>Fails if ``key`` is not found from ``dictionary``.</doc>
<status status="PASS" start="2024-04-28T08:17:59.443892" elapsed="0.000445"/>
</kw>
<kw name="Log" owner="BuiltIn">
<msg time="2024-04-28T08:17:59.445011" level="INFO">{'gender': 'male', 'name': {'title': 'Mr', 'first': 'Anthony', 'last': 'Wong'}, 'location': {'street': {'number': 3068, 'name': 'Dalhousie Ave'}, 'city': 'St. Antoine', 'state': 'Saskatchewan', 'country': 'Canada', 'postcode': 'A1T 8C3', 'coordinates': {'latitude': '-69.5084', 'longitude': '-101.4785'}, 'timezone': {'offset': '+2:00', 'description': 'Kaliningrad, South Africa'}}, 'email': 'anthony.wong@example.com', 'login': {'uuid': '1f845de4-5848-4dbf-9e6f-f6bdd69f1c54', 'username': 'greenzebra954', 'password': 'umpire', 'salt': 'wFrG1U0h', 'md5': '4665b69d31831d659a01c0caa7d28745', 'sha1': '3295749ae434bbf65ccc7e8e951d3ce50b0074a2', 'sha256': '9cb6cb47823cb26acd64f2ebeac5351211151820a104b355e3fe357b828f8d0d'}, 'dob': {'date': '1966-02-01T04:16:17.308Z', 'age': 58}, 'registered': {'date': '2017-04-11T11:01:51.837Z', 'age': 7}, 'phone': 'W35 Y07-3257', 'cell': 'J72 Z98-1722', 'id': {'name': 'SIN', 'value': '034131953'}, 'picture': {'large': 'https://randomuser.me/api/portraits/men/83.jpg', 'medium': 'https://randomuser.me/api/portraits/med/men/83.jpg', 'thumbnail': 'https://randomuser.me/api/portraits/thumb/men/83.jpg'}, 'nat': 'CA'}</msg>
<arg>${json_data['results'][0]}</arg>
<doc>Logs the given message with the given level.</doc>
<status status="PASS" start="2024-04-28T08:17:59.444644" elapsed="0.000415"/>
</kw>
<kw name="Log" owner="BuiltIn">
<msg time="2024-04-28T08:17:59.445492" level="INFO">gender</msg>
<arg>${key}</arg>
<doc>Logs the given message with the given level.</doc>
<status status="PASS" start="2024-04-28T08:17:59.445364" elapsed="0.000165"/>
</kw>
<var name="${key}">gender</var>
<status status="PASS" start="2024-04-28T08:17:59.443762" elapsed="0.001983"/>
</iter>
<iter>
<kw name="Dictionary Should Contain Key" owner="Collections">
<msg time="2024-04-28T08:17:59.446437" level="INFO">False</msg>
<arg>${json_data['results'][0]}</arg>
<arg>${key}</arg>
<doc>Fails if ``key`` is not found from ``dictionary``.</doc>
<status status="PASS" start="2024-04-28T08:17:59.446046" elapsed="0.000428"/>
</kw>
<kw name="Log" owner="BuiltIn">
<msg time="2024-04-28T08:17:59.447156" level="INFO">{'gender': 'male', 'name': {'title': 'Mr', 'first': 'Anthony', 'last': 'Wong'}, 'location': {'street': {'number': 3068, 'name': 'Dalhousie Ave'}, 'city': 'St. Antoine', 'state': 'Saskatchewan', 'country': 'Canada', 'postcode': 'A1T 8C3', 'coordinates': {'latitude': '-69.5084', 'longitude': '-101.4785'}, 'timezone': {'offset': '+2:00', 'description': 'Kaliningrad, South Africa'}}, 'email': 'anthony.wong@example.com', 'login': {'uuid': '1f845de4-5848-4dbf-9e6f-f6bdd69f1c54', 'username': 'greenzebra954', 'password': 'umpire', 'salt': 'wFrG1U0h', 'md5': '4665b69d31831d659a01c0caa7d28745', 'sha1': '3295749ae434bbf65ccc7e8e951d3ce50b0074a2', 'sha256': '9cb6cb47823cb26acd64f2ebeac5351211151820a104b355e3fe357b828f8d0d'}, 'dob': {'date': '1966-02-01T04:16:17.308Z', 'age': 58}, 'registered': {'date': '2017-04-11T11:01:51.837Z', 'age': 7}, 'phone': 'W35 Y07-3257', 'cell': 'J72 Z98-1722', 'id': {'name': 'SIN', 'value': '034131953'}, 'picture': {'large': 'https://randomuser.me/api/portraits/men/83.jpg', 'medium': 'https://randomuser.me/api/portraits/med/men/83.jpg', 'thumbnail': 'https://randomuser.me/api/portraits/thumb/men/83.jpg'}, 'nat': 'CA'}</msg>
<arg>${json_data['results'][0]}</arg>
<doc>Logs the given message with the given level.</doc>
<status status="PASS" start="2024-04-28T08:17:59.446795" elapsed="0.000409"/>
</kw>
<kw name="Log" owner="BuiltIn">
<msg time="2024-04-28T08:17:59.447628" level="INFO">name</msg>
<arg>${key}</arg>
<doc>Logs the given message with the given level.</doc>
<status status="PASS" start="2024-04-28T08:17:59.447502" elapsed="0.000193"/>
</kw>
<var name="${key}">name</var>
<status status="PASS" start="2024-04-28T08:17:59.445932" elapsed="0.001984"/>
</iter>
<iter>
<kw name="Dictionary Should Contain Key" owner="Collections">
<msg time="2024-04-28T08:17:59.448600" level="INFO">False</msg>
<arg>${json_data['results'][0]}</arg>
<arg>${key}</arg>
<doc>Fails if ``key`` is not found from ``dictionary``.</doc>
<status status="PASS" start="2024-04-28T08:17:59.448209" elapsed="0.000428"/>
</kw>
<kw name="Log" owner="BuiltIn">
<msg time="2024-04-28T08:17:59.449293" level="INFO">{'gender': 'male', 'name': {'title': 'Mr', 'first': 'Anthony', 'last': 'Wong'}, 'location': {'street': {'number': 3068, 'name': 'Dalhousie Ave'}, 'city': 'St. Antoine', 'state': 'Saskatchewan', 'country': 'Canada', 'postcode': 'A1T 8C3', 'coordinates': {'latitude': '-69.5084', 'longitude': '-101.4785'}, 'timezone': {'offset': '+2:00', 'description': 'Kaliningrad, South Africa'}}, 'email': 'anthony.wong@example.com', 'login': {'uuid': '1f845de4-5848-4dbf-9e6f-f6bdd69f1c54', 'username': 'greenzebra954', 'password': 'umpire', 'salt': 'wFrG1U0h', 'md5': '4665b69d31831d659a01c0caa7d28745', 'sha1': '3295749ae434bbf65ccc7e8e951d3ce50b0074a2', 'sha256': '9cb6cb47823cb26acd64f2ebeac5351211151820a104b355e3fe357b828f8d0d'}, 'dob': {'date': '1966-02-01T04:16:17.308Z', 'age': 58}, 'registered': {'date': '2017-04-11T11:01:51.837Z', 'age': 7}, 'phone': 'W35 Y07-3257', 'cell': 'J72 Z98-1722', 'id': {'name': 'SIN', 'value': '034131953'}, 'picture': {'large': 'https://randomuser.me/api/portraits/men/83.jpg', 'medium': 'https://randomuser.me/api/portraits/med/men/83.jpg', 'thumbnail': 'https://randomuser.me/api/portraits/thumb/men/83.jpg'}, 'nat': 'CA'}</msg>
<arg>${json_data['results'][0]}</arg>
<doc>Logs the given message with the given level.</doc>
<status status="PASS" start="2024-04-28T08:17:59.448935" elapsed="0.000405"/>
</kw>
<kw name="Log" owner="BuiltIn">
<msg time="2024-04-28T08:17:59.449770" level="INFO">location</msg>
<arg>${key}</arg>
<doc>Logs the given message with the given level.</doc>
<status status="PASS" start="2024-04-28T08:17:59.449634" elapsed="0.000175"/>
</kw>
<var name="${key}">location</var>
<status status="PASS" start="2024-04-28T08:17:59.448097" elapsed="0.001926"/>
</iter>
<iter>
<kw name="Dictionary Should Contain Key" owner="Collections">
<msg time="2024-04-28T08:17:59.450697" level="INFO">False</msg>
<arg>${json_data['results'][0]}</arg>
<arg>${key}</arg>
<doc>Fails if ``key`` is not found from ``dictionary``.</doc>
<status status="PASS" start="2024-04-28T08:17:59.450306" elapsed="0.000429"/>
</kw>
<kw name="Log" owner="BuiltIn">
<msg time="2024-04-28T08:17:59.451394" level="INFO">{'gender': 'male', 'name': {'title': 'Mr', 'first': 'Anthony', 'last': 'Wong'}, 'location': {'street': {'number': 3068, 'name': 'Dalhousie Ave'}, 'city': 'St. Antoine', 'state': 'Saskatchewan', 'country': 'Canada', 'postcode': 'A1T 8C3', 'coordinates': {'latitude': '-69.5084', 'longitude': '-101.4785'}, 'timezone': {'offset': '+2:00', 'description': 'Kaliningrad, South Africa'}}, 'email': 'anthony.wong@example.com', 'login': {'uuid': '1f845de4-5848-4dbf-9e6f-f6bdd69f1c54', 'username': 'greenzebra954', 'password': 'umpire', 'salt': 'wFrG1U0h', 'md5': '4665b69d31831d659a01c0caa7d28745', 'sha1': '3295749ae434bbf65ccc7e8e951d3ce50b0074a2', 'sha256': '9cb6cb47823cb26acd64f2ebeac5351211151820a104b355e3fe357b828f8d0d'}, 'dob': {'date': '1966-02-01T04:16:17.308Z', 'age': 58}, 'registered': {'date': '2017-04-11T11:01:51.837Z', 'age': 7}, 'phone': 'W35 Y07-3257', 'cell': 'J72 Z98-1722', 'id': {'name': 'SIN', 'value': '034131953'}, 'picture': {'large': 'https://randomuser.me/api/portraits/men/83.jpg', 'medium': 'https://randomuser.me/api/portraits/med/men/83.jpg', 'thumbnail': 'https://randomuser.me/api/portraits/thumb/men/83.jpg'}, 'nat': 'CA'}</msg>
<arg>${json_data['results'][0]}</arg>
<doc>Logs the given message with the given level.</doc>
<status status="PASS" start="2024-04-28T08:17:59.451030" elapsed="0.000412"/>
</kw>
<kw name="Log" owner="BuiltIn">
<msg time="2024-04-28T08:17:59.451897" level="INFO">email</msg>
<arg>${key}</arg>
<doc>Logs the given message with the given level.</doc>
<status status="PASS" start="2024-04-28T08:17:59.451757" elapsed="0.000178"/>
</kw>
<var name="${key}">email</var>
<status status="PASS" start="2024-04-28T08:17:59.450196" elapsed="0.001962"/>
</iter>
<iter>
<kw name="Dictionary Should Contain Key" owner="Collections">
<msg time="2024-04-28T08:17:59.452830" level="INFO">False</msg>
<arg>${json_data['results'][0]}</arg>
<arg>${key}</arg>
<doc>Fails if ``key`` is not found from ``dictionary``.</doc>
<status status="PASS" start="2024-04-28T08:17:59.452442" elapsed="0.000425"/>
</kw>
<kw name="Log" owner="BuiltIn">
<msg time="2024-04-28T08:17:59.453513" level="INFO">{'gender': 'male', 'name': {'title': 'Mr', 'first': 'Anthony', 'last': 'Wong'}, 'location': {'street': {'number': 3068, 'name': 'Dalhousie Ave'}, 'city': 'St. Antoine', 'state': 'Saskatchewan', 'country': 'Canada', 'postcode': 'A1T 8C3', 'coordinates': {'latitude': '-69.5084', 'longitude': '-101.4785'}, 'timezone': {'offset': '+2:00', 'description': 'Kaliningrad, South Africa'}}, 'email': 'anthony.wong@example.com', 'login': {'uuid': '1f845de4-5848-4dbf-9e6f-f6bdd69f1c54', 'username': 'greenzebra954', 'password': 'umpire', 'salt': 'wFrG1U0h', 'md5': '4665b69d31831d659a01c0caa7d28745', 'sha1': '3295749ae434bbf65ccc7e8e951d3ce50b0074a2', 'sha256': '9cb6cb47823cb26acd64f2ebeac5351211151820a104b355e3fe357b828f8d0d'}, 'dob': {'date': '1966-02-01T04:16:17.308Z', 'age': 58}, 'registered': {'date': '2017-04-11T11:01:51.837Z', 'age': 7}, 'phone': 'W35 Y07-3257', 'cell': 'J72 Z98-1722', 'id': {'name': 'SIN', 'value': '034131953'}, 'picture': {'large': 'https://randomuser.me/api/portraits/men/83.jpg', 'medium': 'https://randomuser.me/api/portraits/med/men/83.jpg', 'thumbnail': 'https://randomuser.me/api/portraits/thumb/men/83.jpg'}, 'nat': 'CA'}</msg>
<arg>${json_data['results'][0]}</arg>
<doc>Logs the given message with the given level.</doc>
<status status="PASS" start="2024-04-28T08:17:59.453157" elapsed="0.000414"/>
</kw>
<kw name="Log" owner="BuiltIn">
<msg time="2024-04-28T08:17:59.454000" level="INFO">login</msg>
<arg>${key}</arg>
<doc>Logs the given message with the given level.</doc>
<status status="PASS" start="2024-04-28T08:17:59.453874" elapsed="0.000165"/>
</kw>
<var name="${key}">login</var>
<status status="PASS" start="2024-04-28T08:17:59.452330" elapsed="0.001949"/>
</iter>
<var>${key}</var>
<value>@{expected_keys}</value>
<status status="PASS" start="2024-04-28T08:17:59.443530" elapsed="0.010875"/>
</for>
<kw name="Create List" owner="BuiltIn">
<msg time="2024-04-28T08:17:59.454734" level="INFO">${expected_keysTwo} = ['username', 'password']</msg>
<var>${expected_keysTwo}</var>
<arg>username</arg>
<arg>password</arg>
<doc>Returns a list containing given items.</doc>
<status status="PASS" start="2024-04-28T08:17:59.454597" elapsed="0.000160"/>
</kw>
<for flavor="IN">
<iter>
<kw name="Dictionary Should Contain Key" owner="Collections">
<msg time="2024-04-28T08:17:59.455674" level="INFO">False</msg>
<arg>${json_data['results'][0]['login']}</arg>
<arg>${keyTwo}</arg>
<doc>Fails if ``key`` is not found from ``dictionary``.</doc>
<status status="PASS" start="2024-04-28T08:17:59.455253" elapsed="0.000463"/>
</kw>
<kw name="Dictionary Should Contain Key" owner="Collections">
<msg time="2024-04-28T08:17:59.456404" level="INFO">False</msg>
<arg>${json_data['results'][0]['login']}</arg>
<arg>${keyTwo}</arg>
<doc>Fails if ``key`` is not found from ``dictionary``.</doc>
<status status="PASS" start="2024-04-28T08:17:59.456012" elapsed="0.000429"/>
</kw>
<kw name="Log" owner="BuiltIn">
<msg time="2024-04-28T08:17:59.456864" level="INFO">username</msg>
<arg>${keyTwo}</arg>
<doc>Logs the given message with the given level.</doc>
<status status="PASS" start="2024-04-28T08:17:59.456738" elapsed="0.000168"/>
</kw>
<var name="${keyTwo}">username</var>
<status status="PASS" start="2024-04-28T08:17:59.455143" elapsed="0.001979"/>
</iter>
<iter>
<kw name="Dictionary Should Contain Key" owner="Collections">
<msg time="2024-04-28T08:17:59.457785" level="INFO">False</msg>
<arg>${json_data['results'][0]['login']}</arg>
<arg>${keyTwo}</arg>
<doc>Fails if ``key`` is not found from ``dictionary``.</doc>
<status status="PASS" start="2024-04-28T08:17:59.457407" elapsed="0.000419"/>
</kw>
<kw name="Dictionary Should Contain Key" owner="Collections">
<msg time="2024-04-28T08:17:59.458577" level="INFO">False</msg>
<arg>${json_data['results'][0]['login']}</arg>
<arg>${keyTwo}</arg>
<doc>Fails if ``key`` is not found from ``dictionary``.</doc>
<status status="PASS" start="2024-04-28T08:17:59.458117" elapsed="0.000498"/>
</kw>
<kw name="Log" owner="BuiltIn">
<msg time="2024-04-28T08:17:59.459034" level="INFO">password</msg>
<arg>${keyTwo}</arg>
<doc>Logs the given message with the given level.</doc>
<status status="PASS" start="2024-04-28T08:17:59.458909" elapsed="0.000163"/>
</kw>
<var name="${keyTwo}">password</var>
<status status="PASS" start="2024-04-28T08:17:59.457293" elapsed="0.001993"/>
</iter>
<var>${keyTwo}</var>
<value>@{expected_keysTwo}</value>
<status status="PASS" start="2024-04-28T08:17:59.454992" elapsed="0.004415"/>
</for>
<status status="PASS" start="2024-04-28T08:17:59.341188" elapsed="0.118359"/>
</kw>
<doc>Testa a estrutura da resposta da API.</doc>
<tag>testeEstruturaResposta</tag>
<status status="PASS" start="2024-04-28T08:17:59.340586" elapsed="0.119136"/>
</test>
<test id="s1-s1-t4" name="Validar tipos de dados" line="28">
<kw name="Teste de Tipos de Dados" owner="random-user-service">
<kw name="GET On Session" owner="RequestsLibrary">
<msg time="2024-04-28T08:17:59.535808" level="INFO">GET Request : url=https://randomuser.me/api 
 path_url=/api 
 headers={'User-Agent': 'python-requests/2.31.0', 'Accept-Encoding': 'gzip, deflate', 'Accept': '*/*', 'Connection': 'keep-alive'} 
 body=None 
 </msg>
<msg time="2024-04-28T08:17:59.535893" level="INFO">GET Response : url=https://randomuser.me/api 
 status=200, reason=OK 
 headers={'Date': 'Sun, 28 Apr 2024 08:17:59 GMT', 'Content-Type': 'application/json; charset=utf-8', 'Transfer-Encoding': 'chunked', 'Connection': 'keep-alive', 'X-Powered-By': 'Express', 'Access-Control-Allow-Origin': '*', 'Cache-Control': 'no-cache', 'ETag': 'W/"48f-oYccmzfsLv8jQaVDCw6X+tG5+0o"', 'Vary': 'Accept-Encoding', 'Content-Encoding': 'gzip', 'CF-Cache-Status': 'DYNAMIC', 'Report-To': '{"endpoints":[{"url":"https:\\/\\/a.nel.cloudflare.com\\/report\\/v4?s=GRBtOunDjxXUdkB2BNOtf9Hxcjr0ObfgQD9pzjbWxM7S5mKKKd6MKqiQwMLsZjqzTrC1%2FZ%2Fa5m93GHwMHPl8DCyoyLksyiIc9T6DLoAPBQPiIiDOG%2FAy4PcaLw7em%2Frs"}],"group":"cf-nel","max_age":604800}', 'NEL': '{"success_fraction":0,"report_to":"cf-nel","max_age":604800}', 'Server': 'cloudflare', 'CF-RAY': '87b59e7aac4e20c4-IAD', 'alt-svc': 'h3=":443"; ma=86400'} 
 body={"results":[{"gender":"female","name":{"title":"Ms","first":"Trinidad","last":"Martin"},"location":{"street":{"number":7964,"name":"Paseo de Extremadura"},"city":"Almería","state":"Andalucía","country":"Spain","postcode":49837,"coordinates":{"latitude":"-33.1117","longitude":"66.9512"},"timezone":{"offset":"+7:00","description":"Bangkok, Hanoi, Jakarta"}},"email":"trinidad.martin@example.com","login":{"uuid":"e8eccf10-7b41-4d26-9761-dccfacdb62ee","username":"bigsnake831","password":"goldfing","salt":"Tse2iA1C","md5":"9fc2f19484e851e3ca5c88604e5aff15","sha1":"ac8dfc28ad19b138b95291701165c8ccb5bb3a0a","sha256":"3ecad50dbf8e79c496a48f89900cd15a5142b5fb054ba137ab8a5e71695246fc"},"dob":{"date":"1987-12-28T07:19:20.117Z","age":36},"registered":{"date":"2021-05-27T21:11:20.335Z","age":2},"phone":"978-641-998","cell":"692-516-619","id":{"name":"DNI","value":"45157230-A"},"picture":{"large":"https://randomuser.me/api/portraits/women/61.jpg","medium":"https://randomuser.me/api/portraits/med/women/61.jpg","thumbnail":"https://randomuser.me/api/portraits/thumb/women/61.jpg"},"nat":"ES"}],"info":{"seed":"3d4c391f747b82b9","results":1,"page":1,"version":"1.4"}} 
 </msg>
<msg time="2024-04-28T08:17:59.535969" level="INFO">/opt/hostedtoolcache/Python/3.12.3/x64/lib/python3.12/site-packages/urllib3/connectionpool.py:1103: InsecureRequestWarning: Unverified HTTPS request is being made to host 'randomuser.me'. Adding certificate verification is strongly advised. See: https://urllib3.readthedocs.io/en/latest/advanced-usage.html#tls-warnings
  warnings.warn(</msg>
<msg time="2024-04-28T08:17:59.536081" level="INFO">${response} = &lt;Response [200]&gt;</msg>
<var>${response}</var>
<arg>consultarAPI</arg>
<arg>/api</arg>
<doc>Sends a GET request on a previously created HTTP Session.</doc>
<status status="PASS" start="2024-04-28T08:17:59.462261" elapsed="0.073868"/>
</kw>
<kw name="Set Variable" owner="BuiltIn">
<msg time="2024-04-28T08:17:59.537269" level="INFO">${json_data} = {'results': [{'gender': 'female', 'name': {'title': 'Ms', 'first': 'Trinidad', 'last': 'Martin'}, 'location': {'street': {'number': 7964, 'name': 'Paseo de Extremadura'}, 'city': 'Almería', 'state': '...</msg>
<var>${json_data}</var>
<arg>${response.json()}</arg>
<doc>Returns the given values which can then be assigned to a variables.</doc>
<status status="PASS" start="2024-04-28T08:17:59.536705" elapsed="0.000593"/>
</kw>
<kw name="Log" owner="BuiltIn">
<msg time="2024-04-28T08:17:59.537753" level="INFO">{'results': [{'gender': 'female', 'name': {'title': 'Ms', 'first': 'Trinidad', 'last': 'Martin'}, 'location': {'street': {'number': 7964, 'name': 'Paseo de Extremadura'}, 'city': 'Almería', 'state': 'Andalucía', 'country': 'Spain', 'postcode': 49837, 'coordinates': {'latitude': '-33.1117', 'longitude': '66.9512'}, 'timezone': {'offset': '+7:00', 'description': 'Bangkok, Hanoi, Jakarta'}}, 'email': 'trinidad.martin@example.com', 'login': {'uuid': 'e8eccf10-7b41-4d26-9761-dccfacdb62ee', 'username': 'bigsnake831', 'password': 'goldfing', 'salt': 'Tse2iA1C', 'md5': '9fc2f19484e851e3ca5c88604e5aff15', 'sha1': 'ac8dfc28ad19b138b95291701165c8ccb5bb3a0a', 'sha256': '3ecad50dbf8e79c496a48f89900cd15a5142b5fb054ba137ab8a5e71695246fc'}, 'dob': {'date': '1987-12-28T07:19:20.117Z', 'age': 36}, 'registered': {'date': '2021-05-27T21:11:20.335Z', 'age': 2}, 'phone': '978-641-998', 'cell': '692-516-619', 'id': {'name': 'DNI', 'value': '45157230-A'}, 'picture': {'large': 'https://randomuser.me/api/portraits/women/61.jpg', 'medium': 'https://randomuser.me/api/portraits/med/women/61.jpg', 'thumbnail': 'https://randomuser.me/api/portraits/thumb/women/61.jpg'}, 'nat': 'ES'}], 'info': {'seed': '3d4c391f747b82b9', 'results': 1, 'page': 1, 'version': '1.4'}}</msg>
<arg>${json_data}</arg>
<doc>Logs the given message with the given level.</doc>
<status status="PASS" start="2024-04-28T08:17:59.537600" elapsed="0.000244"/>
</kw>
<kw name="Should Be String" owner="String">
<arg>${json_data['results'][0]['gender']}</arg>
<doc>Fails if the given ``item`` is not a string.</doc>
<status status="PASS" start="2024-04-28T08:17:59.538145" elapsed="0.000355"/>
</kw>
<kw name="Should Match Regexp" owner="BuiltIn">
<arg>${json_data['results'][0]['email']}</arg>
<arg>^[a-zA-Z0-9._%+-]+@[a-zA-Z0-9.-]+\.[a-zA-Z]{2,}$</arg>
<doc>Fails if ``string`` does not match ``pattern`` as a regular expression.</doc>
<status status="PASS" start="2024-04-28T08:17:59.538689" elapsed="0.000515"/>
</kw>
<kw name="Should Match Regexp" owner="BuiltIn">
<arg>${json_data['results'][0]['dob']['date']}</arg>
<arg>\\d{4}-\\d{2}-\\d{2}T\\d{2}:\\d{2}:\\d{2}\\.\\d{3}Z</arg>
<doc>Fails if ``string`` does not match ``pattern`` as a regular expression.</doc>
<status status="PASS" start="2024-04-28T08:17:59.539398" elapsed="0.000520"/>
</kw>
<kw name="Should Match Regexp" owner="BuiltIn">
<arg>${json_data['results'][0]['registered']['date']}</arg>
<arg>\\d{4}-\\d{2}-\\d{2}T\\d{2}:\\d{2}:\\d{2}\\.\\d{3}Z</arg>
<doc>Fails if ``string`` does not match ``pattern`` as a regular expression.</doc>
<status status="PASS" start="2024-04-28T08:17:59.540108" elapsed="0.000363"/>
</kw>
<kw name="Should Match Regexp" owner="BuiltIn">
<arg>${json_data['results'][0]['picture']['large']}</arg>
<arg>^https?://.*\.(?:png|jpe?g|gif|bmp)$</arg>
<doc>Fails if ``string`` does not match ``pattern`` as a regular expression.</doc>
<status status="PASS" start="2024-04-28T08:17:59.540655" elapsed="0.000461"/>
</kw>
<kw name="Should Match Regexp" owner="BuiltIn">
<arg>${json_data['results'][0]['picture']['medium']}</arg>
<arg>^https?://.*\.(?:png|jpe?g|gif|bmp)$</arg>
<doc>Fails if ``string`` does not match ``pattern`` as a regular expression.</doc>
<status status="PASS" start="2024-04-28T08:17:59.541307" elapsed="0.000361"/>
</kw>
<kw name="Should Match Regexp" owner="BuiltIn">
<arg>${json_data['results'][0]['picture']['thumbnail']}</arg>
<arg>^https?://.*\.(?:png|jpe?g|gif|bmp)$</arg>
<doc>Fails if ``string`` does not match ``pattern`` as a regular expression.</doc>
<status status="PASS" start="2024-04-28T08:17:59.541857" elapsed="0.000347"/>
</kw>
<kw name="Log" owner="BuiltIn">
<msg time="2024-04-28T08:17:59.542701" level="INFO">{'large': 'https://randomuser.me/api/portraits/women/61.jpg', 'medium': 'https://randomuser.me/api/portraits/med/women/61.jpg', 'thumbnail': 'https://randomuser.me/api/portraits/thumb/women/61.jpg'}</msg>
<arg>${json_data['results'][0]['picture']}</arg>
<doc>Logs the given message with the given level.</doc>
<status status="PASS" start="2024-04-28T08:17:59.542382" elapsed="0.000360"/>
</kw>
<status status="PASS" start="2024-04-28T08:17:59.462035" elapsed="0.080959"/>
</kw>
<kw name="Teste de Tipos de Dados - Postcode" owner="random-user-service">
<kw name="GET On Session" owner="RequestsLibrary">
<msg time="2024-04-28T08:17:59.633551" level="INFO">GET Request : url=https://randomuser.me/api 
 path_url=/api 
 headers={'User-Agent': 'python-requests/2.31.0', 'Accept-Encoding': 'gzip, deflate', 'Accept': '*/*', 'Connection': 'keep-alive'} 
 body=None 
 </msg>
<msg time="2024-04-28T08:17:59.633634" level="INFO">GET Response : url=https://randomuser.me/api 
 status=200, reason=OK 
 headers={'Date': 'Sun, 28 Apr 2024 08:17:59 GMT', 'Content-Type': 'application/json; charset=utf-8', 'Transfer-Encoding': 'chunked', 'Connection': 'keep-alive', 'X-Powered-By': 'Express', 'Access-Control-Allow-Origin': '*', 'Cache-Control': 'no-cache', 'ETag': 'W/"498-HpDn8lKI/7vWs3LQhf+N1LIcYvk"', 'Vary': 'Accept-Encoding', 'Content-Encoding': 'gzip', 'CF-Cache-Status': 'DYNAMIC', 'Report-To': '{"endpoints":[{"url":"https:\\/\\/a.nel.cloudflare.com\\/report\\/v4?s=BvhH7abJO2V6YokP6zrUyIhx%2FLN1z7Giyz4yXMeeVATCq6PmEuPX%2FGN0gx9dCjOGZdaRzgXhXdo0cIx%2FKSufW7AjEmS2W8RbvrJdBWjooZDplzICDbmwINCsdB%2BA44I0"}],"group":"cf-nel","max_age":604800}', 'NEL': '{"success_fraction":0,"report_to":"cf-nel","max_age":604800}', 'Server': 'cloudflare', 'CF-RAY': '87b59e7b2cb020c4-IAD', 'alt-svc': 'h3=":443"; ma=86400'} 
 body={"results":[{"gender":"male","name":{"title":"Mr","first":"Garibaldo","last":"Silveira"},"location":{"street":{"number":6218,"name":"Travessa dos Martírios"},"city":"Sete Lagoas","state":"Espírito Santo","country":"Brazil","postcode":16281,"coordinates":{"latitude":"-72.9718","longitude":"-110.7750"},"timezone":{"offset":"-9:00","description":"Alaska"}},"email":"garibaldo.silveira@example.com","login":{"uuid":"6e29fd41-0aed-4e36-b47c-c51fbc9bf5bf","username":"heavypeacock780","password":"desiree","salt":"cO5Z3nz8","md5":"065a64e74c1fb33e1754304824d1ca0e","sha1":"bd29634155cd1bb106beeaa1db7627735adc7108","sha256":"cae40500e4bfe5e6417fe6015bb85d2185a51c2cd9663245ec46b99e72e6b43f"},"dob":{"date":"1964-10-28T23:33:12.578Z","age":59},"registered":{"date":"2003-10-22T15:56:47.145Z","age":20},"phone":"(78) 5693-7975","cell":"(88) 3489-9695","id":{"name":"CPF","value":"460.475.839-06"},"picture":{"large":"https://randomuser.me/api/portraits/men/94.jpg","medium":"https://randomuser.me/api/portraits/med/men/94.jpg","thumbnail":"https://randomuser.me/api/portraits/thumb/men/94.jpg"},"nat":"BR"}],"info":{"seed":"4ca5b02529a4b41a","results":1,"page":1,"version":"1.4"}} 
 </msg>
<msg time="2024-04-28T08:17:59.633709" level="INFO">/opt/hostedtoolcache/Python/3.12.3/x64/lib/python3.12/site-packages/urllib3/connectionpool.py:1103: InsecureRequestWarning: Unverified HTTPS request is being made to host 'randomuser.me'. Adding certificate verification is strongly advised. See: https://urllib3.readthedocs.io/en/latest/advanced-usage.html#tls-warnings
  warnings.warn(</msg>
<msg time="2024-04-28T08:17:59.633822" level="INFO">${response} = &lt;Response [200]&gt;</msg>
<var>${response}</var>
<arg>consultarAPI</arg>
<arg>/api</arg>
<doc>Sends a GET request on a previously created HTTP Session.</doc>
<status status="PASS" start="2024-04-28T08:17:59.543438" elapsed="0.090432"/>
</kw>
<kw name="Set Variable" owner="BuiltIn">
<msg time="2024-04-28T08:17:59.634962" level="INFO">${json_data} = {'results': [{'gender': 'male', 'name': {'title': 'Mr', 'first': 'Garibaldo', 'last': 'Silveira'}, 'location': {'street': {'number': 6218, 'name': 'Travessa dos Martírios'}, 'city': 'Sete Lagoas', 'st...</msg>
<var>${json_data}</var>
<arg>${response.json()}</arg>
<doc>Returns the given values which can then be assigned to a variables.</doc>
<status status="PASS" start="2024-04-28T08:17:59.634389" elapsed="0.000602"/>
</kw>
<kw name="Log" owner="BuiltIn">
<msg time="2024-04-28T08:17:59.635460" level="INFO">{'results': [{'gender': 'male', 'name': {'title': 'Mr', 'first': 'Garibaldo', 'last': 'Silveira'}, 'location': {'street': {'number': 6218, 'name': 'Travessa dos Martírios'}, 'city': 'Sete Lagoas', 'state': 'Espírito Santo', 'country': 'Brazil', 'postcode': 16281, 'coordinates': {'latitude': '-72.9718', 'longitude': '-110.7750'}, 'timezone': {'offset': '-9:00', 'description': 'Alaska'}}, 'email': 'garibaldo.silveira@example.com', 'login': {'uuid': '6e29fd41-0aed-4e36-b47c-c51fbc9bf5bf', 'username': 'heavypeacock780', 'password': 'desiree', 'salt': 'cO5Z3nz8', 'md5': '065a64e74c1fb33e1754304824d1ca0e', 'sha1': 'bd29634155cd1bb106beeaa1db7627735adc7108', 'sha256': 'cae40500e4bfe5e6417fe6015bb85d2185a51c2cd9663245ec46b99e72e6b43f'}, 'dob': {'date': '1964-10-28T23:33:12.578Z', 'age': 59}, 'registered': {'date': '2003-10-22T15:56:47.145Z', 'age': 20}, 'phone': '(78) 5693-7975', 'cell': '(88) 3489-9695', 'id': {'name': 'CPF', 'value': '460.475.839-06'}, 'picture': {'large': 'https://randomuser.me/api/portraits/men/94.jpg', 'medium': 'https://randomuser.me/api/portraits/med/men/94.jpg', 'thumbnail': 'https://randomuser.me/api/portraits/thumb/men/94.jpg'}, 'nat': 'BR'}], 'info': {'seed': '4ca5b02529a4b41a', 'results': 1, 'page': 1, 'version': '1.4'}}</msg>
<arg>${json_data}</arg>
<doc>Logs the given message with the given level.</doc>
<status status="PASS" start="2024-04-28T08:17:59.635303" elapsed="0.000237"/>
</kw>
<kw name="Should Be Equal As Numbers" owner="BuiltIn">
<arg>${json_data['results'][0]['location']['postcode']}</arg>
<arg>${json_data['results'][0]['location']['postcode']}</arg>
<doc>Fails if objects are unequal after converting them to real numbers.</doc>
<status status="PASS" start="2024-04-28T08:17:59.635887" elapsed="0.000794"/>
</kw>
<kw name="Log" owner="BuiltIn">
<msg time="2024-04-28T08:17:59.637221" level="INFO">16281</msg>
<arg>${json_data['results'][0]['location']['postcode']}</arg>
<doc>Logs the given message with the given level.</doc>
<status status="PASS" start="2024-04-28T08:17:59.636885" elapsed="0.000376"/>
</kw>
<status status="PASS" start="2024-04-28T08:17:59.543210" elapsed="0.094306"/>
</kw>
<doc>Testa se os tipos de dados na resposta da API estão corretos.</doc>
<tag>testeTiposDados</tag>
<status status="PASS" start="2024-04-28T08:17:59.461496" elapsed="0.176183"/>
</test>
<test id="s1-s1-t5" name="Validar conteudo" line="35">
<kw name="Teste de Tipos de Conteudo" owner="random-user-service">
<kw name="GET On Session" owner="RequestsLibrary">
<msg time="2024-04-28T08:17:59.733193" level="INFO">GET Request : url=https://randomuser.me/api 
 path_url=/api 
 headers={'User-Agent': 'python-requests/2.31.0', 'Accept-Encoding': 'gzip, deflate', 'Accept': '*/*', 'Connection': 'keep-alive'} 
 body=None 
 </msg>
<msg time="2024-04-28T08:17:59.733279" level="INFO">GET Response : url=https://randomuser.me/api 
 status=200, reason=OK 
 headers={'Date': 'Sun, 28 Apr 2024 08:17:59 GMT', 'Content-Type': 'application/json; charset=utf-8', 'Transfer-Encoding': 'chunked', 'Connection': 'keep-alive', 'X-Powered-By': 'Express', 'Access-Control-Allow-Origin': '*', 'Cache-Control': 'no-cache', 'ETag': 'W/"49a-Y7uzJt2T76IrqjrwOSdiZjv1SHE"', 'Vary': 'Accept-Encoding', 'Content-Encoding': 'gzip', 'CF-Cache-Status': 'DYNAMIC', 'Report-To': '{"endpoints":[{"url":"https:\\/\\/a.nel.cloudflare.com\\/report\\/v4?s=SOea%2FIAdWEpHRmlFqnj7%2FKZjAx84jzs8ZBmpRmvBvjhoIRnKmhdDEh48JaZK55SN17cx2jkwniSFkIgKSnMzy58UpteYMn3RBhiELYjiHKt%2FRuCfL3rSPWfIDubxBZLd"}],"group":"cf-nel","max_age":604800}', 'NEL': '{"success_fraction":0,"report_to":"cf-nel","max_age":604800}', 'Server': 'cloudflare', 'CF-RAY': '87b59e7bcd1120c4-IAD', 'alt-svc': 'h3=":443"; ma=86400'} 
 body={"results":[{"gender":"female","name":{"title":"Miss","first":"Adele","last":"Bruheim"},"location":{"street":{"number":4159,"name":"Wergelandsveien"},"city":"Stanghelle","state":"Buskerud","country":"Norway","postcode":"3152","coordinates":{"latitude":"41.6178","longitude":"172.6966"},"timezone":{"offset":"+11:00","description":"Magadan, Solomon Islands, New Caledonia"}},"email":"adele.bruheim@example.com","login":{"uuid":"014f6fc2-ea67-486a-958f-4b7812054b24","username":"whiteelephant745","password":"kerstin","salt":"OyBHyNYw","md5":"ffc6e0e58ce946bdd51962c719dc7c97","sha1":"ed063e6b919400aee9536428d2243e6bb632fae5","sha256":"dd224bc5a1571328ff3ec5d2bbf71ad6a8aafcdb5d11fb1f990d566330b2001a"},"dob":{"date":"1970-12-15T08:21:49.631Z","age":53},"registered":{"date":"2013-05-07T06:30:53.886Z","age":10},"phone":"20327125","cell":"96779099","id":{"name":"FN","value":"15127037644"},"picture":{"large":"https://randomuser.me/api/portraits/women/10.jpg","medium":"https://randomuser.me/api/portraits/med/women/10.jpg","thumbnail":"https://randomuser.me/api/portraits/thumb/women/10.jpg"},"nat":"NO"}],"info":{"seed":"7e86e6b5f9c62092","results":1,"page":1,"version":"1.4"}} 
 </msg>
<msg time="2024-04-28T08:17:59.733343" level="INFO">/opt/hostedtoolcache/Python/3.12.3/x64/lib/python3.12/site-packages/urllib3/connectionpool.py:1103: InsecureRequestWarning: Unverified HTTPS request is being made to host 'randomuser.me'. Adding certificate verification is strongly advised. See: https://urllib3.readthedocs.io/en/latest/advanced-usage.html#tls-warnings
  warnings.warn(</msg>
<msg time="2024-04-28T08:17:59.733449" level="INFO">${response} = &lt;Response [200]&gt;</msg>
<var>${response}</var>
<arg>consultarAPI</arg>
<arg>/api</arg>
<doc>Sends a GET request on a previously created HTTP Session.</doc>
<status status="PASS" start="2024-04-28T08:17:59.640237" elapsed="0.093253"/>
</kw>
<kw name="Set Variable" owner="BuiltIn">
<msg time="2024-04-28T08:17:59.734584" level="INFO">${json_data} = {'results': [{'gender': 'female', 'name': {'title': 'Miss', 'first': 'Adele', 'last': 'Bruheim'}, 'location': {'street': {'number': 4159, 'name': 'Wergelandsveien'}, 'city': 'Stanghelle', 'state': 'Bu...</msg>
<var>${json_data}</var>
<arg>${response.json()}</arg>
<doc>Returns the given values which can then be assigned to a variables.</doc>
<status status="PASS" start="2024-04-28T08:17:59.734026" elapsed="0.000586"/>
</kw>
<kw name="Set Variable" owner="BuiltIn">
<msg time="2024-04-28T08:17:59.735303" level="INFO">${name_title} = Miss</msg>
<var>${name_title}</var>
<arg>${json_data["results"][0]["name"]["title"]}</arg>
<doc>Returns the given values which can then be assigned to a variables.</doc>
<status status="PASS" start="2024-04-28T08:17:59.734920" elapsed="0.000407"/>
</kw>
<kw name="Create List" owner="BuiltIn">
<msg time="2024-04-28T08:17:59.735843" level="INFO">${allowed_titles} = ['Mr', 'Ms', 'Miss', 'Mrs', 'Madame', 'Monsieur']</msg>
<var>${allowed_titles}</var>
<arg>Mr</arg>
<arg>Ms</arg>
<arg>Miss</arg>
<arg>Mrs</arg>
<arg>Madame</arg>
<arg>Monsieur</arg>
<doc>Returns a list containing given items.</doc>
<status status="PASS" start="2024-04-28T08:17:59.735624" elapsed="0.000243"/>
</kw>
<kw name="List Should Contain Value" owner="Collections">
<msg time="2024-04-28T08:17:59.736360" level="INFO">False</msg>
<arg>${allowed_titles}</arg>
<arg>${name_title}</arg>
<doc>Fails if the ``value`` is not found from ``list``.</doc>
<status status="PASS" start="2024-04-28T08:17:59.736178" elapsed="0.000219"/>
</kw>
<kw name="Set Variable" owner="BuiltIn">
<msg time="2024-04-28T08:17:59.737071" level="INFO">${name_country} = NO</msg>
<var>${name_country}</var>
<arg>${json_data["results"][0]["nat"]}</arg>
<doc>Returns the given values which can then be assigned to a variables.</doc>
<status status="PASS" start="2024-04-28T08:17:59.736694" elapsed="0.000402"/>
</kw>
<kw name="Create List" owner="BuiltIn">
<msg time="2024-04-28T08:17:59.737992" level="INFO">${list_country} = ['AD', 'AE', 'AF', 'AG', 'AI', 'AL', 'AM', 'AO', 'AQ', 'AR', 'AS', 'AT', 'AU', 'AW', 'AX', 'AZ', 'BA', 'BB', 'BD', 'BE', 'BF', 'BG', 'BH', 'BI', 'BJ', 'BL', 'BM', 'BN', 'BO', 'BQ', 'BR', 'BS', 'BT', '...</msg>
<var>${list_country}</var>
<arg>AD</arg>
<arg>AE</arg>
<arg>AF</arg>
<arg>AG</arg>
<arg>AI</arg>
<arg>AL</arg>
<arg>AM</arg>
<arg>AO</arg>
<arg>AQ</arg>
<arg>AR</arg>
<arg>AS</arg>
<arg>AT</arg>
<arg>AU</arg>
<arg>AW</arg>
<arg>AX</arg>
<arg>AZ</arg>
<arg>BA</arg>
<arg>BB</arg>
<arg>BD</arg>
<arg>BE</arg>
<arg>BF</arg>
<arg>BG</arg>
<arg>BH</arg>
<arg>BI</arg>
<arg>BJ</arg>
<arg>BL</arg>
<arg>BM</arg>
<arg>BN</arg>
<arg>BO</arg>
<arg>BQ</arg>
<arg>BR</arg>
<arg>BS</arg>
<arg>BT</arg>
<arg>BV</arg>
<arg>BW</arg>
<arg>BY</arg>
<arg>BZ</arg>
<arg>CA</arg>
<arg>CC</arg>
<arg>CD</arg>
<arg>CF</arg>
<arg>CG</arg>
<arg>CH</arg>
<arg>CI</arg>
<arg>CK</arg>
<arg>CL</arg>
<arg>CM</arg>
<arg>CN</arg>
<arg>CO</arg>
<arg>CR</arg>
<arg>CU</arg>
<arg>CV</arg>
<arg>CW</arg>
<arg>CX</arg>
<arg>CY</arg>
<arg>CZ</arg>
<arg>DE</arg>
<arg>DJ</arg>
<arg>DK</arg>
<arg>DM</arg>
<arg>DO</arg>
<arg>DZ</arg>
<arg>EC</arg>
<arg>EE</arg>
<arg>EG</arg>
<arg>EH</arg>
<arg>ER</arg>
<arg>ES</arg>
<arg>ET</arg>
<arg>FI</arg>
<arg>FJ</arg>
<arg>FK</arg>
<arg>FM</arg>
<arg>FO</arg>
<arg>FR</arg>
<arg>GA</arg>
<arg>GB</arg>
<arg>GD</arg>
<arg>GE</arg>
<arg>GF</arg>
<arg>GG</arg>
<arg>GH</arg>
<arg>GI</arg>
<arg>GL</arg>
<arg>GM</arg>
<arg>GN</arg>
<arg>GP</arg>
<arg>GQ</arg>
<arg>GR</arg>
<arg>GS</arg>
<arg>GT</arg>
<arg>GU</arg>
<arg>GW</arg>
<arg>GY</arg>
<arg>HK</arg>
<arg>HM</arg>
<arg>HN</arg>
<arg>HR</arg>
<arg>HT</arg>
<arg>HU</arg>
<arg>ID</arg>
<arg>IE</arg>
<arg>IL</arg>
<arg>IM</arg>
<arg>IN</arg>
<arg>IO</arg>
<arg>IQ</arg>
<arg>IR</arg>
<arg>IS</arg>
<arg>IT</arg>
<arg>JE</arg>
<arg>JM</arg>
<arg>JO</arg>
<arg>JP</arg>
<arg>KE</arg>
<arg>KG</arg>
<arg>KH</arg>
<arg>KI</arg>
<arg>KM</arg>
<arg>KN</arg>
<arg>KP</arg>
<arg>KR</arg>
<arg>KW</arg>
<arg>KY</arg>
<arg>KZ</arg>
<arg>LA</arg>
<arg>LB</arg>
<arg>LC</arg>
<arg>LI</arg>
<arg>LK</arg>
<arg>LR</arg>
<arg>LS</arg>
<arg>LT</arg>
<arg>LU</arg>
<arg>LV</arg>
<arg>LY</arg>
<arg>MA</arg>
<arg>MC</arg>
<arg>MD</arg>
<arg>ME</arg>
<arg>MF</arg>
<arg>MG</arg>
<arg>MH</arg>
<arg>MK</arg>
<arg>ML</arg>
<arg>MM</arg>
<arg>MN</arg>
<arg>MO</arg>
<arg>MP</arg>
<arg>MQ</arg>
<arg>MR</arg>
<arg>MS</arg>
<arg>MT</arg>
<arg>MU</arg>
<arg>MV</arg>
<arg>MW</arg>
<arg>MX</arg>
<arg>MY</arg>
<arg>MZ</arg>
<arg>NA</arg>
<arg>NC</arg>
<arg>NE</arg>
<arg>NF</arg>
<arg>NG</arg>
<arg>NI</arg>
<arg>NL</arg>
<arg>NO</arg>
<arg>NP</arg>
<arg>NR</arg>
<arg>NU</arg>
<arg>NZ</arg>
<arg>OM</arg>
<arg>PA</arg>
<arg>PE</arg>
<arg>PF</arg>
<arg>PG</arg>
<arg>PH</arg>
<arg>PK</arg>
<arg>PL</arg>
<arg>PM</arg>
<arg>PN</arg>
<arg>PR</arg>
<arg>PS</arg>
<arg>PT</arg>
<arg>PW</arg>
<arg>PY</arg>
<arg>QA</arg>
<arg>RE</arg>
<arg>RO</arg>
<arg>RS</arg>
<arg>RU</arg>
<arg>RW</arg>
<arg>SA</arg>
<arg>SB</arg>
<arg>SC</arg>
<arg>SD</arg>
<arg>SE</arg>
<arg>SG</arg>
<arg>SH</arg>
<arg>SI</arg>
<arg>SJ</arg>
<arg>SK</arg>
<arg>SL</arg>
<arg>SM</arg>
<arg>SN</arg>
<arg>SO</arg>
<arg>SR</arg>
<arg>SS</arg>
<arg>ST</arg>
<arg>SV</arg>
<arg>SX</arg>
<arg>SY</arg>
<arg>SZ</arg>
<arg>TC</arg>
<arg>TD</arg>
<arg>TF</arg>
<arg>TG</arg>
<arg>TH</arg>
<arg>TJ</arg>
<arg>TK</arg>
<arg>TL</arg>
<arg>TM</arg>
<arg>TN</arg>
<arg>TO</arg>
<arg>TR</arg>
<arg>TT</arg>
<arg>TV</arg>
<arg>TW</arg>
<arg>TZ</arg>
<arg>UA</arg>
<arg>UG</arg>
<arg>UM</arg>
<arg>US</arg>
<arg>UY</arg>
<arg>UZ</arg>
<arg>VA</arg>
<arg>VC</arg>
<arg>VE</arg>
<arg>VG</arg>
<arg>VI</arg>
<arg>VN</arg>
<arg>VU</arg>
<arg>WF</arg>
<arg>WS</arg>
<arg>XK</arg>
<arg>YE</arg>
<arg>YT</arg>
<arg>ZA</arg>
<arg>ZM</arg>
<arg>ZW</arg>
<doc>Returns a list containing given items.</doc>
<status status="PASS" start="2024-04-28T08:17:59.737406" elapsed="0.000611"/>
</kw>
<kw name="List Should Contain Value" owner="Collections">
<msg time="2024-04-28T08:17:59.739009" level="INFO">False</msg>
<arg>${list_country}</arg>
<arg>${name_country}</arg>
<doc>Fails if the ``value`` is not found from ``list``.</doc>
<status status="PASS" start="2024-04-28T08:17:59.738805" elapsed="0.000242"/>
</kw>
<kw name="Run Keyword If" owner="BuiltIn">
<kw name="Should Be True" owner="BuiltIn">
<arg>${True}</arg>
<doc>Fails if the given condition is not true.</doc>
<status status="PASS" start="2024-04-28T08:17:59.740151" elapsed="0.000141"/>
</kw>
<arg>${json_data["results"][0]["location"]["coordinates"]["latitude"]} &gt;= -90 and ${json_data["results"][0]["location"]["coordinates"]["latitude"]} &lt;= 90</arg>
<arg>Should Be True</arg>
<arg>${True}</arg>
<doc>Runs the given keyword with the given arguments, if ``condition`` is true.</doc>
<status status="PASS" start="2024-04-28T08:17:59.739365" elapsed="0.001052"/>
</kw>
<kw name="Run Keyword If" owner="BuiltIn">
<kw name="Should Be True" owner="BuiltIn">
<arg>${True}</arg>
<doc>Fails if the given condition is not true.</doc>
<status status="PASS" start="2024-04-28T08:17:59.741295" elapsed="0.000245"/>
</kw>
<arg>${json_data["results"][0]["location"]["coordinates"]["longitude"]} &gt;= -180 and ${json_data["results"][0]["location"]["coordinates"]["longitude"]} &lt;= 180</arg>
<arg>Should Be True</arg>
<arg>${True}</arg>
<doc>Runs the given keyword with the given arguments, if ``condition`` is true.</doc>
<status status="PASS" start="2024-04-28T08:17:59.740598" elapsed="0.001068"/>
</kw>
<status status="PASS" start="2024-04-28T08:17:59.640014" elapsed="0.101782"/>
</kw>
<doc>Testa o conteúdo específico dos campos retornados pela API.</doc>
<tag>testeConteudo</tag>
<status status="PASS" start="2024-04-28T08:17:59.639472" elapsed="0.102472"/>
</test>
<status status="PASS" start="2024-04-28T08:17:58.964089" elapsed="0.779875"/>
</suite>
<status status="PASS" start="2024-04-28T08:17:58.950713" elapsed="0.798432"/>
</suite>
<statistics>
<total>
<stat pass="5" fail="0" skip="0">All Tests</stat>
</total>
<tag>
<stat pass="1" fail="0" skip="0">testeConteudo</stat>
<stat pass="1" fail="0" skip="0">testeEstruturaResposta</stat>
<stat pass="1" fail="0" skip="0">testeRequisicaoBasica</stat>
<stat pass="1" fail="0" skip="0">testeTiposDados</stat>
</tag>
<suite>
<stat pass="5" fail="0" skip="0" id="s1" name="Tests">Tests</stat>
<stat pass="5" fail="0" skip="0" id="s1-s1" name="Random-User-Test">Tests.Random-User-Test</stat>
</suite>
</statistics>
<errors>
</errors>
</robot>
