<?xml version="1.0" encoding="UTF-8"?>
<robot generator="Robot 7.0.1 (Python 3.12.4 on linux)" generated="2024-07-23T08:20:39.401376" rpa="false" schemaversion="5">
<suite id="s1" name="Tests" source="/home/runner/work/ApiRandomUser/ApiRandomUser/RamdonUser/tests">
<suite id="s1-s1" name="Random-User-Test" source="/home/runner/work/ApiRandomUser/ApiRandomUser/RamdonUser/tests/random-user-test.robot">
<test id="s1-s1-t1" name="Conectar" line="13">
<kw name="Conectar API" owner="random-user-service">
<kw name="Create Session" owner="RequestsLibrary">
<msg time="2024-07-23T08:20:39.807837" level="INFO">Creating Session using : alias=consultarAPI, url=https://randomuser.me/, headers={},                     cookies={}, auth=None, timeout=None, proxies=None, verify=False,                     debug=0 </msg>
<arg>consultarAPI</arg>
<arg>${URL}</arg>
<doc>Create Session: create a HTTP session to a server</doc>
<status status="PASS" start="2024-07-23T08:20:39.807637" elapsed="0.000382"/>
</kw>
<status status="PASS" start="2024-07-23T08:20:39.806579" elapsed="0.001795"/>
</kw>
<status status="PASS" start="2024-07-23T08:20:39.805974" elapsed="0.002592"/>
</test>
<test id="s1-s1-t2" name="Validar retorno 200 e JSON Válido" line="16">
<kw name="Teste de Requisicao Basica" owner="random-user-service">
<kw name="GET On Session" owner="RequestsLibrary">
<msg time="2024-07-23T08:20:40.050304" level="INFO">GET Request : url=https://randomuser.me/api 
 path_url=/api 
 headers={'User-Agent': 'python-requests/2.32.3', 'Accept-Encoding': 'gzip, deflate', 'Accept': '*/*', 'Connection': 'keep-alive'} 
 body=None 
 </msg>
<msg time="2024-07-23T08:20:40.050470" level="INFO">GET Response : url=https://randomuser.me/api 
 status=200, reason=OK 
 headers={'Date': 'Tue, 23 Jul 2024 08:20:40 GMT', 'Content-Type': 'application/json; charset=utf-8', 'Transfer-Encoding': 'chunked', 'Connection': 'keep-alive', 'X-Powered-By': 'Express', 'Access-Control-Allow-Origin': '*', 'Cache-Control': 'no-cache', 'ETag': 'W/"4b8-T3tHl85APfFW2eIV6l+OMVGS5Ng"', 'Vary': 'Accept-Encoding', 'Content-Encoding': 'gzip', 'CF-Cache-Status': 'DYNAMIC', 'Report-To': '{"endpoints":[{"url":"https:\\/\\/a.nel.cloudflare.com\\/report\\/v4?s=FTmT8R5JdbrjGCI1YcFLIvBZluz6hrXdAGcI%2F9AdhWVvTL6foGADznIeGKzjrCu907nc4ayWqeFLvBYbWD3X8E%2F20DlXLkDEn4Wbo7QWaAlmcBcoJ5LOrkIBV0DKGxqX"}],"group":"cf-nel","max_age":604800}', 'NEL': '{"success_fraction":0,"report_to":"cf-nel","max_age":604800}', 'Server': 'cloudflare', 'CF-RAY': '8a7a40a60a8113f1-ORD', 'alt-svc': 'h3=":443"; ma=86400'} 
 body={"results":[{"gender":"male","name":{"title":"Mr","first":"Jairo","last":"Salinas"},"location":{"street":{"number":3122,"name":"Periférico Baja California"},"city":"San José Vistahermosa","state":"Aguascalientes","country":"Mexico","postcode":53254,"coordinates":{"latitude":"22.4829","longitude":"-89.6915"},"timezone":{"offset":"+3:00","description":"Baghdad, Riyadh, Moscow, St. Petersburg"}},"email":"jairo.salinas@example.com","login":{"uuid":"7d84cb07-e481-4445-a764-eee011764f22","username":"greenelephant892","password":"juliet","salt":"4qIgrqtk","md5":"0d681cd183ade64cb824c46eba4b133e","sha1":"65a1c97c27b3e586c83b27d6b2f2c7ff279840b3","sha256":"7e936dc49df1ab9c56c12a545c1e19f3d8b4a887f93ff383d84ab3c207f933c8"},"dob":{"date":"1995-08-24T17:41:02.801Z","age":28},"registered":{"date":"2020-03-06T15:24:28.454Z","age":4},"phone":"(601) 433 9115","cell":"(637) 992 4812","id":{"name":"NSS","value":"39 55 18 4046 5"},"picture":{"large":"https://randomuser.me/api/portraits/men/5.jpg","medium":"https://randomuser.me/api/portraits/med/men/5.jpg","thumbnail":"https://randomuser.me/api/portraits/thumb/men/5.jpg"},"nat":"MX"}],"info":{"seed":"8f0acb0dc7b272f0","results":1,"page":1,"version":"1.4"}} 
 </msg>
<msg time="2024-07-23T08:20:40.050560" level="INFO">/opt/hostedtoolcache/Python/3.12.4/x64/lib/python3.12/site-packages/urllib3/connectionpool.py:1099: InsecureRequestWarning: Unverified HTTPS request is being made to host 'randomuser.me'. Adding certificate verification is strongly advised. See: https://urllib3.readthedocs.io/en/latest/advanced-usage.html#tls-warnings
  warnings.warn(</msg>
<msg time="2024-07-23T08:20:40.050710" level="INFO">${response} = &lt;Response [200]&gt;</msg>
<var>${response}</var>
<arg>consultarAPI</arg>
<arg>/api</arg>
<doc>Sends a GET request on a previously created HTTP Session.</doc>
<status status="PASS" start="2024-07-23T08:20:39.811243" elapsed="0.239511"/>
</kw>
<kw name="Should Be Equal As Numbers" owner="BuiltIn">
<msg time="2024-07-23T08:20:40.051967" level="INFO">Argument types are:
&lt;class 'int'&gt;
&lt;class 'str'&gt;</msg>
<arg>${response.status_code}</arg>
<arg>200</arg>
<doc>Fails if objects are unequal after converting them to real numbers.</doc>
<status status="PASS" start="2024-07-23T08:20:40.051459" elapsed="0.000575"/>
</kw>
<kw name="Log" owner="BuiltIn">
<msg time="2024-07-23T08:20:40.052710" level="INFO">200</msg>
<arg>${response.status_code}</arg>
<doc>Logs the given message with the given level.</doc>
<status status="PASS" start="2024-07-23T08:20:40.052358" elapsed="0.000396"/>
</kw>
<kw name="Set Variable" owner="BuiltIn">
<msg time="2024-07-23T08:20:40.053546" level="INFO">${json_data} = {'results': [{'gender': 'male', 'name': {'title': 'Mr', 'first': 'Jairo', 'last': 'Salinas'}, 'location': {'street': {'number': 3122, 'name': 'Periférico Baja California'}, 'city': 'San José Vistaherm...</msg>
<var>${json_data}</var>
<arg>${response.json()}</arg>
<doc>Returns the given values which can then be assigned to a variables.</doc>
<status status="PASS" start="2024-07-23T08:20:40.053057" elapsed="0.000519"/>
</kw>
<kw name="Dictionary Should Contain Key" owner="Collections">
<arg>${json_data}</arg>
<arg>results</arg>
<doc>Fails if ``key`` is not found from ``dictionary``.</doc>
<status status="PASS" start="2024-07-23T08:20:40.053884" elapsed="0.000332"/>
</kw>
<status status="PASS" start="2024-07-23T08:20:39.811000" elapsed="0.243369"/>
</kw>
<doc>Testa se a API responde corretamente e retorna um objeto JSON válido.</doc>
<tag>testeRequisicaoBasica</tag>
<status status="PASS" start="2024-07-23T08:20:39.810492" elapsed="0.244055"/>
</test>
<test id="s1-s1-t3" name="Validar estrutura de resposta" line="22">
<kw name="Teste de Estrutura de Resposta" owner="random-user-service">
<kw name="GET On Session" owner="RequestsLibrary">
<msg time="2024-07-23T08:20:40.150796" level="INFO">GET Request : url=https://randomuser.me/api 
 path_url=/api 
 headers={'User-Agent': 'python-requests/2.32.3', 'Accept-Encoding': 'gzip, deflate', 'Accept': '*/*', 'Connection': 'keep-alive'} 
 body=None 
 </msg>
<msg time="2024-07-23T08:20:40.150911" level="INFO">GET Response : url=https://randomuser.me/api 
 status=200, reason=OK 
 headers={'Date': 'Tue, 23 Jul 2024 08:20:40 GMT', 'Content-Type': 'application/json; charset=utf-8', 'Transfer-Encoding': 'chunked', 'Connection': 'keep-alive', 'X-Powered-By': 'Express', 'Access-Control-Allow-Origin': '*', 'Cache-Control': 'no-cache', 'ETag': 'W/"475-APBsasoeKuaCmdSPP2PreSnRkS8"', 'Vary': 'Accept-Encoding', 'Content-Encoding': 'gzip', 'CF-Cache-Status': 'DYNAMIC', 'Report-To': '{"endpoints":[{"url":"https:\\/\\/a.nel.cloudflare.com\\/report\\/v4?s=NJ0dgOSc2AFjYAm8t6FJVwKEHDwCBXMf0SNxiiA6lM6%2BXJcA%2BZcC7%2Fqn8rOVNpx1Be5z6g6IkekDLmkGu7KV2wZOwSy4RmrB7qX2dTzKi3mU6co%2BqsprfM%2Blj%2B%2FIffXq"}],"group":"cf-nel","max_age":604800}', 'NEL': '{"success_fraction":0,"report_to":"cf-nel","max_age":604800}', 'Server': 'cloudflare', 'CF-RAY': '8a7a40a65acb13f1-ORD', 'alt-svc': 'h3=":443"; ma=86400'} 
 body={"results":[{"gender":"male","name":{"title":"Mr","first":"Eemil","last":"Lehto"},"location":{"street":{"number":4366,"name":"Fredrikinkatu"},"city":"Huittinen","state":"Central Finland","country":"Finland","postcode":51724,"coordinates":{"latitude":"-25.1798","longitude":"-166.6959"},"timezone":{"offset":"+4:30","description":"Kabul"}},"email":"eemil.lehto@example.com","login":{"uuid":"37a62107-c96e-4dfd-84b2-f4c050127773","username":"silverdog953","password":"custom","salt":"YMA6Z02V","md5":"740afc186241f7b72fe4758b36a4a6d1","sha1":"1779b2ee97b0325695bc6ce82578bdef0a602f59","sha256":"1fb86d45622a343b7c83356edececaa0b5cf100a10614e4d1edbac88ec68b241"},"dob":{"date":"1959-08-12T00:29:37.472Z","age":64},"registered":{"date":"2018-01-12T07:27:49.478Z","age":6},"phone":"04-011-444","cell":"042-825-22-79","id":{"name":"HETU","value":"NaNNA133undefined"},"picture":{"large":"https://randomuser.me/api/portraits/men/6.jpg","medium":"https://randomuser.me/api/portraits/med/men/6.jpg","thumbnail":"https://randomuser.me/api/portraits/thumb/men/6.jpg"},"nat":"FI"}],"info":{"seed":"aa47d576803d3796","results":1,"page":1,"version":"1.4"}} 
 </msg>
<msg time="2024-07-23T08:20:40.151062" level="INFO">/opt/hostedtoolcache/Python/3.12.4/x64/lib/python3.12/site-packages/urllib3/connectionpool.py:1099: InsecureRequestWarning: Unverified HTTPS request is being made to host 'randomuser.me'. Adding certificate verification is strongly advised. See: https://urllib3.readthedocs.io/en/latest/advanced-usage.html#tls-warnings
  warnings.warn(</msg>
<msg time="2024-07-23T08:20:40.151216" level="INFO">${response} = &lt;Response [200]&gt;</msg>
<var>${response}</var>
<arg>consultarAPI</arg>
<arg>/api</arg>
<doc>Sends a GET request on a previously created HTTP Session.</doc>
<status status="PASS" start="2024-07-23T08:20:40.057521" elapsed="0.093743"/>
</kw>
<kw name="Set Variable" owner="BuiltIn">
<msg time="2024-07-23T08:20:40.152478" level="INFO">${json_data} = {'results': [{'gender': 'male', 'name': {'title': 'Mr', 'first': 'Eemil', 'last': 'Lehto'}, 'location': {'street': {'number': 4366, 'name': 'Fredrikinkatu'}, 'city': 'Huittinen', 'state': 'Central Fin...</msg>
<var>${json_data}</var>
<arg>${response.json()}</arg>
<doc>Returns the given values which can then be assigned to a variables.</doc>
<status status="PASS" start="2024-07-23T08:20:40.151895" elapsed="0.000611"/>
</kw>
<kw name="Log" owner="BuiltIn">
<msg time="2024-07-23T08:20:40.152976" level="INFO">{'results': [{'gender': 'male', 'name': {'title': 'Mr', 'first': 'Eemil', 'last': 'Lehto'}, 'location': {'street': {'number': 4366, 'name': 'Fredrikinkatu'}, 'city': 'Huittinen', 'state': 'Central Finland', 'country': 'Finland', 'postcode': 51724, 'coordinates': {'latitude': '-25.1798', 'longitude': '-166.6959'}, 'timezone': {'offset': '+4:30', 'description': 'Kabul'}}, 'email': 'eemil.lehto@example.com', 'login': {'uuid': '37a62107-c96e-4dfd-84b2-f4c050127773', 'username': 'silverdog953', 'password': 'custom', 'salt': 'YMA6Z02V', 'md5': '740afc186241f7b72fe4758b36a4a6d1', 'sha1': '1779b2ee97b0325695bc6ce82578bdef0a602f59', 'sha256': '1fb86d45622a343b7c83356edececaa0b5cf100a10614e4d1edbac88ec68b241'}, 'dob': {'date': '1959-08-12T00:29:37.472Z', 'age': 64}, 'registered': {'date': '2018-01-12T07:27:49.478Z', 'age': 6}, 'phone': '04-011-444', 'cell': '042-825-22-79', 'id': {'name': 'HETU', 'value': 'NaNNA133undefined'}, 'picture': {'large': 'https://randomuser.me/api/portraits/men/6.jpg', 'medium': 'https://randomuser.me/api/portraits/med/men/6.jpg', 'thumbnail': 'https://randomuser.me/api/portraits/thumb/men/6.jpg'}, 'nat': 'FI'}], 'info': {'seed': 'aa47d576803d3796', 'results': 1, 'page': 1, 'version': '1.4'}}</msg>
<arg>${json_data}</arg>
<doc>Logs the given message with the given level.</doc>
<status status="PASS" start="2024-07-23T08:20:40.152814" elapsed="0.000210"/>
</kw>
<kw name="Dictionary Should Contain Key" owner="Collections">
<arg>${json_data}</arg>
<arg>results</arg>
<doc>Fails if ``key`` is not found from ``dictionary``.</doc>
<status status="PASS" start="2024-07-23T08:20:40.153382" elapsed="0.000177"/>
</kw>
<kw name="Should Not Be Empty" owner="BuiltIn">
<msg time="2024-07-23T08:20:40.153866" level="INFO">Length is 2.</msg>
<arg>${json_data}</arg>
<doc>Verifies that the given item is not empty.</doc>
<status status="PASS" start="2024-07-23T08:20:40.153743" elapsed="0.000161"/>
</kw>
<kw name="Create List" owner="BuiltIn">
<msg time="2024-07-23T08:20:40.154346" level="INFO">${expected_keys} = ['gender', 'name', 'location', 'email', 'login']</msg>
<var>${expected_keys}</var>
<arg>gender</arg>
<arg>name</arg>
<arg>location</arg>
<arg>email</arg>
<arg>login</arg>
<doc>Returns a list containing given items.</doc>
<status status="PASS" start="2024-07-23T08:20:40.154191" elapsed="0.000179"/>
</kw>
<for flavor="IN">
<iter>
<kw name="Dictionary Should Contain Key" owner="Collections">
<arg>${json_data['results'][0]}</arg>
<arg>${key}</arg>
<doc>Fails if ``key`` is not found from ``dictionary``.</doc>
<status status="PASS" start="2024-07-23T08:20:40.154959" elapsed="0.000400"/>
</kw>
<kw name="Log" owner="BuiltIn">
<msg time="2024-07-23T08:20:40.155909" level="INFO">{'gender': 'male', 'name': {'title': 'Mr', 'first': 'Eemil', 'last': 'Lehto'}, 'location': {'street': {'number': 4366, 'name': 'Fredrikinkatu'}, 'city': 'Huittinen', 'state': 'Central Finland', 'country': 'Finland', 'postcode': 51724, 'coordinates': {'latitude': '-25.1798', 'longitude': '-166.6959'}, 'timezone': {'offset': '+4:30', 'description': 'Kabul'}}, 'email': 'eemil.lehto@example.com', 'login': {'uuid': '37a62107-c96e-4dfd-84b2-f4c050127773', 'username': 'silverdog953', 'password': 'custom', 'salt': 'YMA6Z02V', 'md5': '740afc186241f7b72fe4758b36a4a6d1', 'sha1': '1779b2ee97b0325695bc6ce82578bdef0a602f59', 'sha256': '1fb86d45622a343b7c83356edececaa0b5cf100a10614e4d1edbac88ec68b241'}, 'dob': {'date': '1959-08-12T00:29:37.472Z', 'age': 64}, 'registered': {'date': '2018-01-12T07:27:49.478Z', 'age': 6}, 'phone': '04-011-444', 'cell': '042-825-22-79', 'id': {'name': 'HETU', 'value': 'NaNNA133undefined'}, 'picture': {'large': 'https://randomuser.me/api/portraits/men/6.jpg', 'medium': 'https://randomuser.me/api/portraits/med/men/6.jpg', 'thumbnail': 'https://randomuser.me/api/portraits/thumb/men/6.jpg'}, 'nat': 'FI'}</msg>
<arg>${json_data['results'][0]}</arg>
<doc>Logs the given message with the given level.</doc>
<status status="PASS" start="2024-07-23T08:20:40.155551" elapsed="0.000406"/>
</kw>
<kw name="Log" owner="BuiltIn">
<msg time="2024-07-23T08:20:40.156382" level="INFO">gender</msg>
<arg>${key}</arg>
<doc>Logs the given message with the given level.</doc>
<status status="PASS" start="2024-07-23T08:20:40.156251" elapsed="0.000170"/>
</kw>
<var name="${key}">gender</var>
<status status="PASS" start="2024-07-23T08:20:40.154832" elapsed="0.001808"/>
</iter>
<iter>
<kw name="Dictionary Should Contain Key" owner="Collections">
<arg>${json_data['results'][0]}</arg>
<arg>${key}</arg>
<doc>Fails if ``key`` is not found from ``dictionary``.</doc>
<status status="PASS" start="2024-07-23T08:20:40.156941" elapsed="0.000415"/>
</kw>
<kw name="Log" owner="BuiltIn">
<msg time="2024-07-23T08:20:40.157905" level="INFO">{'gender': 'male', 'name': {'title': 'Mr', 'first': 'Eemil', 'last': 'Lehto'}, 'location': {'street': {'number': 4366, 'name': 'Fredrikinkatu'}, 'city': 'Huittinen', 'state': 'Central Finland', 'country': 'Finland', 'postcode': 51724, 'coordinates': {'latitude': '-25.1798', 'longitude': '-166.6959'}, 'timezone': {'offset': '+4:30', 'description': 'Kabul'}}, 'email': 'eemil.lehto@example.com', 'login': {'uuid': '37a62107-c96e-4dfd-84b2-f4c050127773', 'username': 'silverdog953', 'password': 'custom', 'salt': 'YMA6Z02V', 'md5': '740afc186241f7b72fe4758b36a4a6d1', 'sha1': '1779b2ee97b0325695bc6ce82578bdef0a602f59', 'sha256': '1fb86d45622a343b7c83356edececaa0b5cf100a10614e4d1edbac88ec68b241'}, 'dob': {'date': '1959-08-12T00:29:37.472Z', 'age': 64}, 'registered': {'date': '2018-01-12T07:27:49.478Z', 'age': 6}, 'phone': '04-011-444', 'cell': '042-825-22-79', 'id': {'name': 'HETU', 'value': 'NaNNA133undefined'}, 'picture': {'large': 'https://randomuser.me/api/portraits/men/6.jpg', 'medium': 'https://randomuser.me/api/portraits/med/men/6.jpg', 'thumbnail': 'https://randomuser.me/api/portraits/thumb/men/6.jpg'}, 'nat': 'FI'}</msg>
<arg>${json_data['results'][0]}</arg>
<doc>Logs the given message with the given level.</doc>
<status status="PASS" start="2024-07-23T08:20:40.157542" elapsed="0.000442"/>
</kw>
<kw name="Log" owner="BuiltIn">
<msg time="2024-07-23T08:20:40.158405" level="INFO">name</msg>
<arg>${key}</arg>
<doc>Logs the given message with the given level.</doc>
<status status="PASS" start="2024-07-23T08:20:40.158278" elapsed="0.000164"/>
</kw>
<var name="${key}">name</var>
<status status="PASS" start="2024-07-23T08:20:40.156829" elapsed="0.001824"/>
</iter>
<iter>
<kw name="Dictionary Should Contain Key" owner="Collections">
<arg>${json_data['results'][0]}</arg>
<arg>${key}</arg>
<doc>Fails if ``key`` is not found from ``dictionary``.</doc>
<status status="PASS" start="2024-07-23T08:20:40.158933" elapsed="0.000379"/>
</kw>
<kw name="Log" owner="BuiltIn">
<msg time="2024-07-23T08:20:40.159848" level="INFO">{'gender': 'male', 'name': {'title': 'Mr', 'first': 'Eemil', 'last': 'Lehto'}, 'location': {'street': {'number': 4366, 'name': 'Fredrikinkatu'}, 'city': 'Huittinen', 'state': 'Central Finland', 'country': 'Finland', 'postcode': 51724, 'coordinates': {'latitude': '-25.1798', 'longitude': '-166.6959'}, 'timezone': {'offset': '+4:30', 'description': 'Kabul'}}, 'email': 'eemil.lehto@example.com', 'login': {'uuid': '37a62107-c96e-4dfd-84b2-f4c050127773', 'username': 'silverdog953', 'password': 'custom', 'salt': 'YMA6Z02V', 'md5': '740afc186241f7b72fe4758b36a4a6d1', 'sha1': '1779b2ee97b0325695bc6ce82578bdef0a602f59', 'sha256': '1fb86d45622a343b7c83356edececaa0b5cf100a10614e4d1edbac88ec68b241'}, 'dob': {'date': '1959-08-12T00:29:37.472Z', 'age': 64}, 'registered': {'date': '2018-01-12T07:27:49.478Z', 'age': 6}, 'phone': '04-011-444', 'cell': '042-825-22-79', 'id': {'name': 'HETU', 'value': 'NaNNA133undefined'}, 'picture': {'large': 'https://randomuser.me/api/portraits/men/6.jpg', 'medium': 'https://randomuser.me/api/portraits/med/men/6.jpg', 'thumbnail': 'https://randomuser.me/api/portraits/thumb/men/6.jpg'}, 'nat': 'FI'}</msg>
<arg>${json_data['results'][0]}</arg>
<doc>Logs the given message with the given level.</doc>
<status status="PASS" start="2024-07-23T08:20:40.159497" elapsed="0.000399"/>
</kw>
<kw name="Log" owner="BuiltIn">
<msg time="2024-07-23T08:20:40.160316" level="INFO">location</msg>
<arg>${key}</arg>
<doc>Logs the given message with the given level.</doc>
<status status="PASS" start="2024-07-23T08:20:40.160190" elapsed="0.000163"/>
</kw>
<var name="${key}">location</var>
<status status="PASS" start="2024-07-23T08:20:40.158827" elapsed="0.001742"/>
</iter>
<iter>
<kw name="Dictionary Should Contain Key" owner="Collections">
<arg>${json_data['results'][0]}</arg>
<arg>${key}</arg>
<doc>Fails if ``key`` is not found from ``dictionary``.</doc>
<status status="PASS" start="2024-07-23T08:20:40.160847" elapsed="0.000379"/>
</kw>
<kw name="Log" owner="BuiltIn">
<msg time="2024-07-23T08:20:40.161931" level="INFO">{'gender': 'male', 'name': {'title': 'Mr', 'first': 'Eemil', 'last': 'Lehto'}, 'location': {'street': {'number': 4366, 'name': 'Fredrikinkatu'}, 'city': 'Huittinen', 'state': 'Central Finland', 'country': 'Finland', 'postcode': 51724, 'coordinates': {'latitude': '-25.1798', 'longitude': '-166.6959'}, 'timezone': {'offset': '+4:30', 'description': 'Kabul'}}, 'email': 'eemil.lehto@example.com', 'login': {'uuid': '37a62107-c96e-4dfd-84b2-f4c050127773', 'username': 'silverdog953', 'password': 'custom', 'salt': 'YMA6Z02V', 'md5': '740afc186241f7b72fe4758b36a4a6d1', 'sha1': '1779b2ee97b0325695bc6ce82578bdef0a602f59', 'sha256': '1fb86d45622a343b7c83356edececaa0b5cf100a10614e4d1edbac88ec68b241'}, 'dob': {'date': '1959-08-12T00:29:37.472Z', 'age': 64}, 'registered': {'date': '2018-01-12T07:27:49.478Z', 'age': 6}, 'phone': '04-011-444', 'cell': '042-825-22-79', 'id': {'name': 'HETU', 'value': 'NaNNA133undefined'}, 'picture': {'large': 'https://randomuser.me/api/portraits/men/6.jpg', 'medium': 'https://randomuser.me/api/portraits/med/men/6.jpg', 'thumbnail': 'https://randomuser.me/api/portraits/thumb/men/6.jpg'}, 'nat': 'FI'}</msg>
<arg>${json_data['results'][0]}</arg>
<doc>Logs the given message with the given level.</doc>
<status status="PASS" start="2024-07-23T08:20:40.161573" elapsed="0.000416"/>
</kw>
<kw name="Log" owner="BuiltIn">
<msg time="2024-07-23T08:20:40.162411" level="INFO">email</msg>
<arg>${key}</arg>
<doc>Logs the given message with the given level.</doc>
<status status="PASS" start="2024-07-23T08:20:40.162284" elapsed="0.000165"/>
</kw>
<var name="${key}">email</var>
<status status="PASS" start="2024-07-23T08:20:40.160740" elapsed="0.001922"/>
</iter>
<iter>
<kw name="Dictionary Should Contain Key" owner="Collections">
<arg>${json_data['results'][0]}</arg>
<arg>${key}</arg>
<doc>Fails if ``key`` is not found from ``dictionary``.</doc>
<status status="PASS" start="2024-07-23T08:20:40.162940" elapsed="0.000376"/>
</kw>
<kw name="Log" owner="BuiltIn">
<msg time="2024-07-23T08:20:40.163843" level="INFO">{'gender': 'male', 'name': {'title': 'Mr', 'first': 'Eemil', 'last': 'Lehto'}, 'location': {'street': {'number': 4366, 'name': 'Fredrikinkatu'}, 'city': 'Huittinen', 'state': 'Central Finland', 'country': 'Finland', 'postcode': 51724, 'coordinates': {'latitude': '-25.1798', 'longitude': '-166.6959'}, 'timezone': {'offset': '+4:30', 'description': 'Kabul'}}, 'email': 'eemil.lehto@example.com', 'login': {'uuid': '37a62107-c96e-4dfd-84b2-f4c050127773', 'username': 'silverdog953', 'password': 'custom', 'salt': 'YMA6Z02V', 'md5': '740afc186241f7b72fe4758b36a4a6d1', 'sha1': '1779b2ee97b0325695bc6ce82578bdef0a602f59', 'sha256': '1fb86d45622a343b7c83356edececaa0b5cf100a10614e4d1edbac88ec68b241'}, 'dob': {'date': '1959-08-12T00:29:37.472Z', 'age': 64}, 'registered': {'date': '2018-01-12T07:27:49.478Z', 'age': 6}, 'phone': '04-011-444', 'cell': '042-825-22-79', 'id': {'name': 'HETU', 'value': 'NaNNA133undefined'}, 'picture': {'large': 'https://randomuser.me/api/portraits/men/6.jpg', 'medium': 'https://randomuser.me/api/portraits/med/men/6.jpg', 'thumbnail': 'https://randomuser.me/api/portraits/thumb/men/6.jpg'}, 'nat': 'FI'}</msg>
<arg>${json_data['results'][0]}</arg>
<doc>Logs the given message with the given level.</doc>
<status status="PASS" start="2024-07-23T08:20:40.163498" elapsed="0.000401"/>
</kw>
<kw name="Log" owner="BuiltIn">
<msg time="2024-07-23T08:20:40.164313" level="INFO">login</msg>
<arg>${key}</arg>
<doc>Logs the given message with the given level.</doc>
<status status="PASS" start="2024-07-23T08:20:40.164188" elapsed="0.000162"/>
</kw>
<var name="${key}">login</var>
<status status="PASS" start="2024-07-23T08:20:40.162833" elapsed="0.001727"/>
</iter>
<var>${key}</var>
<value>@{expected_keys}</value>
<status status="PASS" start="2024-07-23T08:20:40.154634" elapsed="0.010047"/>
</for>
<kw name="Create List" owner="BuiltIn">
<msg time="2024-07-23T08:20:40.165000" level="INFO">${expected_keysTwo} = ['username', 'password']</msg>
<var>${expected_keysTwo}</var>
<arg>username</arg>
<arg>password</arg>
<doc>Returns a list containing given items.</doc>
<status status="PASS" start="2024-07-23T08:20:40.164868" elapsed="0.000155"/>
</kw>
<for flavor="IN">
<iter>
<kw name="Dictionary Should Contain Key" owner="Collections">
<arg>${json_data['results'][0]['login']}</arg>
<arg>${keyTwo}</arg>
<doc>Fails if ``key`` is not found from ``dictionary``.</doc>
<status status="PASS" start="2024-07-23T08:20:40.165569" elapsed="0.000468"/>
</kw>
<kw name="Dictionary Should Contain Key" owner="Collections">
<arg>${json_data['results'][0]['login']}</arg>
<arg>${keyTwo}</arg>
<doc>Fails if ``key`` is not found from ``dictionary``.</doc>
<status status="PASS" start="2024-07-23T08:20:40.166221" elapsed="0.000375"/>
</kw>
<kw name="Log" owner="BuiltIn">
<msg time="2024-07-23T08:20:40.166897" level="INFO">username</msg>
<arg>${keyTwo}</arg>
<doc>Logs the given message with the given level.</doc>
<status status="PASS" start="2024-07-23T08:20:40.166777" elapsed="0.000158"/>
</kw>
<var name="${keyTwo}">username</var>
<status status="PASS" start="2024-07-23T08:20:40.165460" elapsed="0.001695"/>
</iter>
<iter>
<kw name="Dictionary Should Contain Key" owner="Collections">
<arg>${json_data['results'][0]['login']}</arg>
<arg>${keyTwo}</arg>
<doc>Fails if ``key`` is not found from ``dictionary``.</doc>
<status status="PASS" start="2024-07-23T08:20:40.167438" elapsed="0.000383"/>
</kw>
<kw name="Dictionary Should Contain Key" owner="Collections">
<arg>${json_data['results'][0]['login']}</arg>
<arg>${keyTwo}</arg>
<doc>Fails if ``key`` is not found from ``dictionary``.</doc>
<status status="PASS" start="2024-07-23T08:20:40.168005" elapsed="0.000368"/>
</kw>
<kw name="Log" owner="BuiltIn">
<msg time="2024-07-23T08:20:40.168677" level="INFO">password</msg>
<arg>${keyTwo}</arg>
<doc>Logs the given message with the given level.</doc>
<status status="PASS" start="2024-07-23T08:20:40.168551" elapsed="0.000164"/>
</kw>
<var name="${keyTwo}">password</var>
<status status="PASS" start="2024-07-23T08:20:40.167327" elapsed="0.001611"/>
</iter>
<var>${keyTwo}</var>
<value>@{expected_keysTwo}</value>
<status status="PASS" start="2024-07-23T08:20:40.165279" elapsed="0.003782"/>
</for>
<status status="PASS" start="2024-07-23T08:20:40.057250" elapsed="0.111959"/>
</kw>
<doc>Testa a estrutura da resposta da API.</doc>
<tag>testeEstruturaResposta</tag>
<status status="PASS" start="2024-07-23T08:20:40.056630" elapsed="0.112761"/>
</test>
<test id="s1-s1-t4" name="Validar tipos de dados" line="28">
<kw name="Teste de Tipos de Dados" owner="random-user-service">
<kw name="GET On Session" owner="RequestsLibrary">
<msg time="2024-07-23T08:20:40.248788" level="INFO">GET Request : url=https://randomuser.me/api 
 path_url=/api 
 headers={'User-Agent': 'python-requests/2.32.3', 'Accept-Encoding': 'gzip, deflate', 'Accept': '*/*', 'Connection': 'keep-alive'} 
 body=None 
 </msg>
<msg time="2024-07-23T08:20:40.248884" level="INFO">GET Response : url=https://randomuser.me/api 
 status=200, reason=OK 
 headers={'Date': 'Tue, 23 Jul 2024 08:20:40 GMT', 'Content-Type': 'application/json; charset=utf-8', 'Transfer-Encoding': 'chunked', 'Connection': 'keep-alive', 'X-Powered-By': 'Express', 'Access-Control-Allow-Origin': '*', 'Cache-Control': 'no-cache', 'ETag': 'W/"47b-ZIcfUv8eH67iZPiyGY6HdTgrc7I"', 'Vary': 'Accept-Encoding', 'Content-Encoding': 'gzip', 'CF-Cache-Status': 'DYNAMIC', 'Report-To': '{"endpoints":[{"url":"https:\\/\\/a.nel.cloudflare.com\\/report\\/v4?s=C5C%2Fc9VL4vtYxdPKeBD3ZRSppNQ8KZ7xwnt5Ev32tRYBJ9n1etQIm5ahwct3E8AokzDPO17VHXCdOfjN1VGsvxmgZxKw7xQBDmiZI409LZDort%2FwAn70gO8zeNGzjO99"}],"group":"cf-nel","max_age":604800}', 'NEL': '{"success_fraction":0,"report_to":"cf-nel","max_age":604800}', 'Server': 'cloudflare', 'CF-RAY': '8a7a40a71b5213f1-ORD', 'alt-svc': 'h3=":443"; ma=86400'} 
 body={"results":[{"gender":"female","name":{"title":"Miss","first":"Matilda","last":"Davies"},"location":{"street":{"number":5390,"name":"Te Irirangi Drive"},"city":"Gisborne","state":"Nelson","country":"New Zealand","postcode":14891,"coordinates":{"latitude":"51.7065","longitude":"66.7469"},"timezone":{"offset":"-10:00","description":"Hawaii"}},"email":"matilda.davies@example.com","login":{"uuid":"a2318d27-0c38-4007-aeb7-ba8b9c9c2e3d","username":"heavypeacock667","password":"request","salt":"WmGccCA6","md5":"27990f9729861372dcfb46b3b5f5640a","sha1":"15c454886d4e2126aae847e2940e2f3e97cf545b","sha256":"1c2e53a7020bbf6d7cffeb253e51cf0293b1337578c4627107dedb7176438cee"},"dob":{"date":"1973-05-27T05:56:27.151Z","age":51},"registered":{"date":"2016-05-31T17:53:25.282Z","age":8},"phone":"(767)-192-8087","cell":"(668)-733-4014","id":{"name":"","value":null},"picture":{"large":"https://randomuser.me/api/portraits/women/55.jpg","medium":"https://randomuser.me/api/portraits/med/women/55.jpg","thumbnail":"https://randomuser.me/api/portraits/thumb/women/55.jpg"},"nat":"NZ"}],"info":{"seed":"90898302d3eb5688","results":1,"page":1,"version":"1.4"}} 
 </msg>
<msg time="2024-07-23T08:20:40.248962" level="INFO">/opt/hostedtoolcache/Python/3.12.4/x64/lib/python3.12/site-packages/urllib3/connectionpool.py:1099: InsecureRequestWarning: Unverified HTTPS request is being made to host 'randomuser.me'. Adding certificate verification is strongly advised. See: https://urllib3.readthedocs.io/en/latest/advanced-usage.html#tls-warnings
  warnings.warn(</msg>
<msg time="2024-07-23T08:20:40.249089" level="INFO">${response} = &lt;Response [200]&gt;</msg>
<var>${response}</var>
<arg>consultarAPI</arg>
<arg>/api</arg>
<doc>Sends a GET request on a previously created HTTP Session.</doc>
<status status="PASS" start="2024-07-23T08:20:40.171946" elapsed="0.077193"/>
</kw>
<kw name="Set Variable" owner="BuiltIn">
<msg time="2024-07-23T08:20:40.250403" level="INFO">${json_data} = {'results': [{'gender': 'female', 'name': {'title': 'Miss', 'first': 'Matilda', 'last': 'Davies'}, 'location': {'street': {'number': 5390, 'name': 'Te Irirangi Drive'}, 'city': 'Gisborne', 'state': 'N...</msg>
<var>${json_data}</var>
<arg>${response.json()}</arg>
<doc>Returns the given values which can then be assigned to a variables.</doc>
<status status="PASS" start="2024-07-23T08:20:40.249787" elapsed="0.000655"/>
</kw>
<kw name="Log" owner="BuiltIn">
<msg time="2024-07-23T08:20:40.250899" level="INFO">{'results': [{'gender': 'female', 'name': {'title': 'Miss', 'first': 'Matilda', 'last': 'Davies'}, 'location': {'street': {'number': 5390, 'name': 'Te Irirangi Drive'}, 'city': 'Gisborne', 'state': 'Nelson', 'country': 'New Zealand', 'postcode': 14891, 'coordinates': {'latitude': '51.7065', 'longitude': '66.7469'}, 'timezone': {'offset': '-10:00', 'description': 'Hawaii'}}, 'email': 'matilda.davies@example.com', 'login': {'uuid': 'a2318d27-0c38-4007-aeb7-ba8b9c9c2e3d', 'username': 'heavypeacock667', 'password': 'request', 'salt': 'WmGccCA6', 'md5': '27990f9729861372dcfb46b3b5f5640a', 'sha1': '15c454886d4e2126aae847e2940e2f3e97cf545b', 'sha256': '1c2e53a7020bbf6d7cffeb253e51cf0293b1337578c4627107dedb7176438cee'}, 'dob': {'date': '1973-05-27T05:56:27.151Z', 'age': 51}, 'registered': {'date': '2016-05-31T17:53:25.282Z', 'age': 8}, 'phone': '(767)-192-8087', 'cell': '(668)-733-4014', 'id': {'name': '', 'value': None}, 'picture': {'large': 'https://randomuser.me/api/portraits/women/55.jpg', 'medium': 'https://randomuser.me/api/portraits/med/women/55.jpg', 'thumbnail': 'https://randomuser.me/api/portraits/thumb/women/55.jpg'}, 'nat': 'NZ'}], 'info': {'seed': '90898302d3eb5688', 'results': 1, 'page': 1, 'version': '1.4'}}</msg>
<arg>${json_data}</arg>
<doc>Logs the given message with the given level.</doc>
<status status="PASS" start="2024-07-23T08:20:40.250747" elapsed="0.000200"/>
</kw>
<kw name="Should Be String" owner="String">
<arg>${json_data['results'][0]['gender']}</arg>
<doc>Fails if the given ``item`` is not a string.</doc>
<status status="PASS" start="2024-07-23T08:20:40.251236" elapsed="0.000362"/>
</kw>
<kw name="Should Match Regexp" owner="BuiltIn">
<arg>${json_data['results'][0]['email']}</arg>
<arg>^[a-zA-Z0-9._%+-]+@[a-zA-Z0-9.-]+\.[a-zA-Z]{2,}$</arg>
<doc>Fails if ``string`` does not match ``pattern`` as a regular expression.</doc>
<status status="PASS" start="2024-07-23T08:20:40.251785" elapsed="0.000524"/>
</kw>
<kw name="Should Match Regexp" owner="BuiltIn">
<arg>${json_data['results'][0]['dob']['date']}</arg>
<arg>\\d{4}-\\d{2}-\\d{2}T\\d{2}:\\d{2}:\\d{2}\\.\\d{3}Z</arg>
<doc>Fails if ``string`` does not match ``pattern`` as a regular expression.</doc>
<status status="PASS" start="2024-07-23T08:20:40.252536" elapsed="0.000619"/>
</kw>
<kw name="Should Match Regexp" owner="BuiltIn">
<arg>${json_data['results'][0]['registered']['date']}</arg>
<arg>\\d{4}-\\d{2}-\\d{2}T\\d{2}:\\d{2}:\\d{2}\\.\\d{3}Z</arg>
<doc>Fails if ``string`` does not match ``pattern`` as a regular expression.</doc>
<status status="PASS" start="2024-07-23T08:20:40.253399" elapsed="0.000389"/>
</kw>
<kw name="Should Match Regexp" owner="BuiltIn">
<arg>${json_data['results'][0]['picture']['large']}</arg>
<arg>^https?://.*\.(?:png|jpe?g|gif|bmp)$</arg>
<doc>Fails if ``string`` does not match ``pattern`` as a regular expression.</doc>
<status status="PASS" start="2024-07-23T08:20:40.253978" elapsed="0.000466"/>
</kw>
<kw name="Should Match Regexp" owner="BuiltIn">
<arg>${json_data['results'][0]['picture']['medium']}</arg>
<arg>^https?://.*\.(?:png|jpe?g|gif|bmp)$</arg>
<doc>Fails if ``string`` does not match ``pattern`` as a regular expression.</doc>
<status status="PASS" start="2024-07-23T08:20:40.254635" elapsed="0.000355"/>
</kw>
<kw name="Should Match Regexp" owner="BuiltIn">
<arg>${json_data['results'][0]['picture']['thumbnail']}</arg>
<arg>^https?://.*\.(?:png|jpe?g|gif|bmp)$</arg>
<doc>Fails if ``string`` does not match ``pattern`` as a regular expression.</doc>
<status status="PASS" start="2024-07-23T08:20:40.255175" elapsed="0.000352"/>
</kw>
<kw name="Log" owner="BuiltIn">
<msg time="2024-07-23T08:20:40.256034" level="INFO">{'large': 'https://randomuser.me/api/portraits/women/55.jpg', 'medium': 'https://randomuser.me/api/portraits/med/women/55.jpg', 'thumbnail': 'https://randomuser.me/api/portraits/thumb/women/55.jpg'}</msg>
<arg>${json_data['results'][0]['picture']}</arg>
<doc>Logs the given message with the given level.</doc>
<status status="PASS" start="2024-07-23T08:20:40.255709" elapsed="0.000368"/>
</kw>
<status status="PASS" start="2024-07-23T08:20:40.171720" elapsed="0.084615"/>
</kw>
<kw name="Teste de Tipos de Dados - Postcode" owner="random-user-service">
<kw name="GET On Session" owner="RequestsLibrary">
<msg time="2024-07-23T08:20:40.374804" level="INFO">GET Request : url=https://randomuser.me/api 
 path_url=/api 
 headers={'User-Agent': 'python-requests/2.32.3', 'Accept-Encoding': 'gzip, deflate', 'Accept': '*/*', 'Connection': 'keep-alive'} 
 body=None 
 </msg>
<msg time="2024-07-23T08:20:40.374904" level="INFO">GET Response : url=https://randomuser.me/api 
 status=200, reason=OK 
 headers={'Date': 'Tue, 23 Jul 2024 08:20:40 GMT', 'Content-Type': 'application/json; charset=utf-8', 'Transfer-Encoding': 'chunked', 'Connection': 'keep-alive', 'X-Powered-By': 'Express', 'Access-Control-Allow-Origin': '*', 'Cache-Control': 'no-cache', 'ETag': 'W/"48c-gDUPxVwwCCBICzuzqgs8/o32r9M"', 'Vary': 'Accept-Encoding', 'Content-Encoding': 'gzip', 'CF-Cache-Status': 'DYNAMIC', 'Report-To': '{"endpoints":[{"url":"https:\\/\\/a.nel.cloudflare.com\\/report\\/v4?s=ScdbhtdR%2FWjiP3l%2FchpZ%2B3IR6UmWGvnfhCcsY6I9I7jMIdZGab4t5pIlt838qiv%2BicfKqPhmUo7rqNAjKrIDe%2FAexkE72WAZgMqF4K0lzXhzHBVEQRiin3e3MNyYPXtx"}],"group":"cf-nel","max_age":604800}', 'NEL': '{"success_fraction":0,"report_to":"cf-nel","max_age":604800}', 'Server': 'cloudflare', 'CF-RAY': '8a7a40a79bc613f1-ORD', 'alt-svc': 'h3=":443"; ma=86400'} 
 body={"results":[{"gender":"female","name":{"title":"Ms","first":"Susan","last":"Green"},"location":{"street":{"number":4210,"name":"Green Lane"},"city":"Balbriggan","state":"Cork","country":"Ireland","postcode":73314,"coordinates":{"latitude":"1.2936","longitude":"130.6405"},"timezone":{"offset":"-5:00","description":"Eastern Time (US &amp; Canada), Bogota, Lima"}},"email":"susan.green@example.com","login":{"uuid":"e5a36411-b196-41f4-8b4d-4ab962e53286","username":"tinyfish666","password":"deerhunt","salt":"eMze0paT","md5":"638903dc9adf9afc535a89da05e69eb1","sha1":"a9a6b84dcadaea551ad2e8cff5bfce688cdd0ab5","sha256":"29b543e6af76ae896f412295ebb9572ebeb3c0314724d0dd287114e5cc16546c"},"dob":{"date":"1984-02-08T18:55:26.126Z","age":40},"registered":{"date":"2014-06-02T03:41:43.652Z","age":10},"phone":"021-832-1539","cell":"081-011-6489","id":{"name":"PPS","value":"9781664T"},"picture":{"large":"https://randomuser.me/api/portraits/women/38.jpg","medium":"https://randomuser.me/api/portraits/med/women/38.jpg","thumbnail":"https://randomuser.me/api/portraits/thumb/women/38.jpg"},"nat":"IE"}],"info":{"seed":"658068e60ae8ccd1","results":1,"page":1,"version":"1.4"}} 
 </msg>
<msg time="2024-07-23T08:20:40.374979" level="INFO">/opt/hostedtoolcache/Python/3.12.4/x64/lib/python3.12/site-packages/urllib3/connectionpool.py:1099: InsecureRequestWarning: Unverified HTTPS request is being made to host 'randomuser.me'. Adding certificate verification is strongly advised. See: https://urllib3.readthedocs.io/en/latest/advanced-usage.html#tls-warnings
  warnings.warn(</msg>
<msg time="2024-07-23T08:20:40.375101" level="INFO">${response} = &lt;Response [200]&gt;</msg>
<var>${response}</var>
<arg>consultarAPI</arg>
<arg>/api</arg>
<doc>Sends a GET request on a previously created HTTP Session.</doc>
<status status="PASS" start="2024-07-23T08:20:40.256786" elapsed="0.118357"/>
</kw>
<kw name="Set Variable" owner="BuiltIn">
<msg time="2024-07-23T08:20:40.376411" level="INFO">${json_data} = {'results': [{'gender': 'female', 'name': {'title': 'Ms', 'first': 'Susan', 'last': 'Green'}, 'location': {'street': {'number': 4210, 'name': 'Green Lane'}, 'city': 'Balbriggan', 'state': 'Cork', 'cou...</msg>
<var>${json_data}</var>
<arg>${response.json()}</arg>
<doc>Returns the given values which can then be assigned to a variables.</doc>
<status status="PASS" start="2024-07-23T08:20:40.375851" elapsed="0.000588"/>
</kw>
<kw name="Log" owner="BuiltIn">
<msg time="2024-07-23T08:20:40.376912" level="INFO">{'results': [{'gender': 'female', 'name': {'title': 'Ms', 'first': 'Susan', 'last': 'Green'}, 'location': {'street': {'number': 4210, 'name': 'Green Lane'}, 'city': 'Balbriggan', 'state': 'Cork', 'country': 'Ireland', 'postcode': 73314, 'coordinates': {'latitude': '1.2936', 'longitude': '130.6405'}, 'timezone': {'offset': '-5:00', 'description': 'Eastern Time (US &amp; Canada), Bogota, Lima'}}, 'email': 'susan.green@example.com', 'login': {'uuid': 'e5a36411-b196-41f4-8b4d-4ab962e53286', 'username': 'tinyfish666', 'password': 'deerhunt', 'salt': 'eMze0paT', 'md5': '638903dc9adf9afc535a89da05e69eb1', 'sha1': 'a9a6b84dcadaea551ad2e8cff5bfce688cdd0ab5', 'sha256': '29b543e6af76ae896f412295ebb9572ebeb3c0314724d0dd287114e5cc16546c'}, 'dob': {'date': '1984-02-08T18:55:26.126Z', 'age': 40}, 'registered': {'date': '2014-06-02T03:41:43.652Z', 'age': 10}, 'phone': '021-832-1539', 'cell': '081-011-6489', 'id': {'name': 'PPS', 'value': '9781664T'}, 'picture': {'large': 'https://randomuser.me/api/portraits/women/38.jpg', 'medium': 'https://randomuser.me/api/portraits/med/women/38.jpg', 'thumbnail': 'https://randomuser.me/api/portraits/thumb/women/38.jpg'}, 'nat': 'IE'}], 'info': {'seed': '658068e60ae8ccd1', 'results': 1, 'page': 1, 'version': '1.4'}}</msg>
<arg>${json_data}</arg>
<doc>Logs the given message with the given level.</doc>
<status status="PASS" start="2024-07-23T08:20:40.376758" elapsed="0.000202"/>
</kw>
<kw name="Should Be Equal As Numbers" owner="BuiltIn">
<arg>${json_data['results'][0]['location']['postcode']}</arg>
<arg>${json_data['results'][0]['location']['postcode']}</arg>
<doc>Fails if objects are unequal after converting them to real numbers.</doc>
<status status="PASS" start="2024-07-23T08:20:40.377249" elapsed="0.000669"/>
</kw>
<kw name="Log" owner="BuiltIn">
<msg time="2024-07-23T08:20:40.378442" level="INFO">73314</msg>
<arg>${json_data['results'][0]['location']['postcode']}</arg>
<doc>Logs the given message with the given level.</doc>
<status status="PASS" start="2024-07-23T08:20:40.378110" elapsed="0.000372"/>
</kw>
<status status="PASS" start="2024-07-23T08:20:40.256555" elapsed="0.122191"/>
</kw>
<doc>Testa se os tipos de dados na resposta da API estão corretos.</doc>
<tag>testeTiposDados</tag>
<status status="PASS" start="2024-07-23T08:20:40.171167" elapsed="0.207789"/>
</test>
<test id="s1-s1-t5" name="Validar conteudo" line="35">
<kw name="Teste de Tipos de Conteudo" owner="random-user-service">
<kw name="GET On Session" owner="RequestsLibrary">
<msg time="2024-07-23T08:20:40.451210" level="INFO">GET Request : url=https://randomuser.me/api 
 path_url=/api 
 headers={'User-Agent': 'python-requests/2.32.3', 'Accept-Encoding': 'gzip, deflate', 'Accept': '*/*', 'Connection': 'keep-alive'} 
 body=None 
 </msg>
<msg time="2024-07-23T08:20:40.451296" level="INFO">GET Response : url=https://randomuser.me/api 
 status=200, reason=OK 
 headers={'Date': 'Tue, 23 Jul 2024 08:20:40 GMT', 'Content-Type': 'application/json; charset=utf-8', 'Transfer-Encoding': 'chunked', 'Connection': 'keep-alive', 'X-Powered-By': 'Express', 'Access-Control-Allow-Origin': '*', 'Cache-Control': 'no-cache', 'ETag': 'W/"4a1-XsOR7qOErUCXLJir/AKB4ZJqUA4"', 'Vary': 'Accept-Encoding', 'Content-Encoding': 'gzip', 'CF-Cache-Status': 'DYNAMIC', 'Report-To': '{"endpoints":[{"url":"https:\\/\\/a.nel.cloudflare.com\\/report\\/v4?s=KHJXsnDtwyTxAAZDbxRvGVDggT%2FVte7kU5jnpYiHy6TtFQrFs1s9JHst9ZVDLb9GwXP6OqMETJcGroRxXhCo8K2eh8wIdxqI3Bc6MMH2YUqSGLOm93xnB6zA15W7uII8"}],"group":"cf-nel","max_age":604800}', 'NEL': '{"success_fraction":0,"report_to":"cf-nel","max_age":604800}', 'Server': 'cloudflare', 'CF-RAY': '8a7a40a86c4613f1-ORD', 'alt-svc': 'h3=":443"; ma=86400'} 
 body={"results":[{"gender":"female","name":{"title":"Mrs","first":"Anita","last":"Collins"},"location":{"street":{"number":6666,"name":"W Campbell Ave"},"city":"Bernalillo","state":"Florida","country":"United States","postcode":78151,"coordinates":{"latitude":"85.3598","longitude":"59.0483"},"timezone":{"offset":"+1:00","description":"Brussels, Copenhagen, Madrid, Paris"}},"email":"anita.collins@example.com","login":{"uuid":"0287ae12-c793-4ee5-ade6-663a71d76cee","username":"happygorilla442","password":"trader","salt":"CLn44uO2","md5":"b034d39a927b07f5d0f0bb18237c13c2","sha1":"b4f12d09d37d36f543874445e7154605a2093e9c","sha256":"75b031428730024d8e95a417893e870a3cd401ba6b19d77fa49c3d513aebe8a2"},"dob":{"date":"1958-08-21T13:33:54.183Z","age":65},"registered":{"date":"2015-05-01T07:43:52.715Z","age":9},"phone":"(284) 578-9410","cell":"(291) 892-5662","id":{"name":"SSN","value":"677-76-6777"},"picture":{"large":"https://randomuser.me/api/portraits/women/47.jpg","medium":"https://randomuser.me/api/portraits/med/women/47.jpg","thumbnail":"https://randomuser.me/api/portraits/thumb/women/47.jpg"},"nat":"US"}],"info":{"seed":"c8dec560bb5c52c6","results":1,"page":1,"version":"1.4"}} 
 </msg>
<msg time="2024-07-23T08:20:40.451373" level="INFO">/opt/hostedtoolcache/Python/3.12.4/x64/lib/python3.12/site-packages/urllib3/connectionpool.py:1099: InsecureRequestWarning: Unverified HTTPS request is being made to host 'randomuser.me'. Adding certificate verification is strongly advised. See: https://urllib3.readthedocs.io/en/latest/advanced-usage.html#tls-warnings
  warnings.warn(</msg>
<msg time="2024-07-23T08:20:40.451481" level="INFO">${response} = &lt;Response [200]&gt;</msg>
<var>${response}</var>
<arg>consultarAPI</arg>
<arg>/api</arg>
<doc>Sends a GET request on a previously created HTTP Session.</doc>
<status status="PASS" start="2024-07-23T08:20:40.381547" elapsed="0.069974"/>
</kw>
<kw name="Set Variable" owner="BuiltIn">
<msg time="2024-07-23T08:20:40.452450" level="INFO">${json_data} = {'results': [{'gender': 'female', 'name': {'title': 'Mrs', 'first': 'Anita', 'last': 'Collins'}, 'location': {'street': {'number': 6666, 'name': 'W Campbell Ave'}, 'city': 'Bernalillo', 'state': 'Flor...</msg>
<var>${json_data}</var>
<arg>${response.json()}</arg>
<doc>Returns the given values which can then be assigned to a variables.</doc>
<status status="PASS" start="2024-07-23T08:20:40.451982" elapsed="0.000498"/>
</kw>
<kw name="Set Variable" owner="BuiltIn">
<msg time="2024-07-23T08:20:40.453164" level="INFO">${name_title} = Mrs</msg>
<var>${name_title}</var>
<arg>${json_data["results"][0]["name"]["title"]}</arg>
<doc>Returns the given values which can then be assigned to a variables.</doc>
<status status="PASS" start="2024-07-23T08:20:40.452784" elapsed="0.000406"/>
</kw>
<kw name="Create List" owner="BuiltIn">
<msg time="2024-07-23T08:20:40.453680" level="INFO">${allowed_titles} = ['Mr', 'Ms', 'Miss', 'Mrs', 'Madame', 'Monsieur']</msg>
<var>${allowed_titles}</var>
<arg>Mr</arg>
<arg>Ms</arg>
<arg>Miss</arg>
<arg>Mrs</arg>
<arg>Madame</arg>
<arg>Monsieur</arg>
<doc>Returns a list containing given items.</doc>
<status status="PASS" start="2024-07-23T08:20:40.453531" elapsed="0.000174"/>
</kw>
<kw name="List Should Contain Value" owner="Collections">
<arg>${allowed_titles}</arg>
<arg>${name_title}</arg>
<doc>Fails if the ``value`` is not found from ``list``.</doc>
<status status="PASS" start="2024-07-23T08:20:40.454001" elapsed="0.000177"/>
</kw>
<kw name="Set Variable" owner="BuiltIn">
<msg time="2024-07-23T08:20:40.454734" level="INFO">${name_country} = US</msg>
<var>${name_country}</var>
<arg>${json_data["results"][0]["nat"]}</arg>
<doc>Returns the given values which can then be assigned to a variables.</doc>
<status status="PASS" start="2024-07-23T08:20:40.454360" elapsed="0.000399"/>
</kw>
<kw name="Create List" owner="BuiltIn">
<msg time="2024-07-23T08:20:40.455642" level="INFO">${list_country} = ['AD', 'AE', 'AF', 'AG', 'AI', 'AL', 'AM', 'AO', 'AQ', 'AR', 'AS', 'AT', 'AU', 'AW', 'AX', 'AZ', 'BA', 'BB', 'BD', 'BE', 'BF', 'BG', 'BH', 'BI', 'BJ', 'BL', 'BM', 'BN', 'BO', 'BQ', 'BR', 'BS', 'BT', '...</msg>
<var>${list_country}</var>
<arg>AD</arg>
<arg>AE</arg>
<arg>AF</arg>
<arg>AG</arg>
<arg>AI</arg>
<arg>AL</arg>
<arg>AM</arg>
<arg>AO</arg>
<arg>AQ</arg>
<arg>AR</arg>
<arg>AS</arg>
<arg>AT</arg>
<arg>AU</arg>
<arg>AW</arg>
<arg>AX</arg>
<arg>AZ</arg>
<arg>BA</arg>
<arg>BB</arg>
<arg>BD</arg>
<arg>BE</arg>
<arg>BF</arg>
<arg>BG</arg>
<arg>BH</arg>
<arg>BI</arg>
<arg>BJ</arg>
<arg>BL</arg>
<arg>BM</arg>
<arg>BN</arg>
<arg>BO</arg>
<arg>BQ</arg>
<arg>BR</arg>
<arg>BS</arg>
<arg>BT</arg>
<arg>BV</arg>
<arg>BW</arg>
<arg>BY</arg>
<arg>BZ</arg>
<arg>CA</arg>
<arg>CC</arg>
<arg>CD</arg>
<arg>CF</arg>
<arg>CG</arg>
<arg>CH</arg>
<arg>CI</arg>
<arg>CK</arg>
<arg>CL</arg>
<arg>CM</arg>
<arg>CN</arg>
<arg>CO</arg>
<arg>CR</arg>
<arg>CU</arg>
<arg>CV</arg>
<arg>CW</arg>
<arg>CX</arg>
<arg>CY</arg>
<arg>CZ</arg>
<arg>DE</arg>
<arg>DJ</arg>
<arg>DK</arg>
<arg>DM</arg>
<arg>DO</arg>
<arg>DZ</arg>
<arg>EC</arg>
<arg>EE</arg>
<arg>EG</arg>
<arg>EH</arg>
<arg>ER</arg>
<arg>ES</arg>
<arg>ET</arg>
<arg>FI</arg>
<arg>FJ</arg>
<arg>FK</arg>
<arg>FM</arg>
<arg>FO</arg>
<arg>FR</arg>
<arg>GA</arg>
<arg>GB</arg>
<arg>GD</arg>
<arg>GE</arg>
<arg>GF</arg>
<arg>GG</arg>
<arg>GH</arg>
<arg>GI</arg>
<arg>GL</arg>
<arg>GM</arg>
<arg>GN</arg>
<arg>GP</arg>
<arg>GQ</arg>
<arg>GR</arg>
<arg>GS</arg>
<arg>GT</arg>
<arg>GU</arg>
<arg>GW</arg>
<arg>GY</arg>
<arg>HK</arg>
<arg>HM</arg>
<arg>HN</arg>
<arg>HR</arg>
<arg>HT</arg>
<arg>HU</arg>
<arg>ID</arg>
<arg>IE</arg>
<arg>IL</arg>
<arg>IM</arg>
<arg>IN</arg>
<arg>IO</arg>
<arg>IQ</arg>
<arg>IR</arg>
<arg>IS</arg>
<arg>IT</arg>
<arg>JE</arg>
<arg>JM</arg>
<arg>JO</arg>
<arg>JP</arg>
<arg>KE</arg>
<arg>KG</arg>
<arg>KH</arg>
<arg>KI</arg>
<arg>KM</arg>
<arg>KN</arg>
<arg>KP</arg>
<arg>KR</arg>
<arg>KW</arg>
<arg>KY</arg>
<arg>KZ</arg>
<arg>LA</arg>
<arg>LB</arg>
<arg>LC</arg>
<arg>LI</arg>
<arg>LK</arg>
<arg>LR</arg>
<arg>LS</arg>
<arg>LT</arg>
<arg>LU</arg>
<arg>LV</arg>
<arg>LY</arg>
<arg>MA</arg>
<arg>MC</arg>
<arg>MD</arg>
<arg>ME</arg>
<arg>MF</arg>
<arg>MG</arg>
<arg>MH</arg>
<arg>MK</arg>
<arg>ML</arg>
<arg>MM</arg>
<arg>MN</arg>
<arg>MO</arg>
<arg>MP</arg>
<arg>MQ</arg>
<arg>MR</arg>
<arg>MS</arg>
<arg>MT</arg>
<arg>MU</arg>
<arg>MV</arg>
<arg>MW</arg>
<arg>MX</arg>
<arg>MY</arg>
<arg>MZ</arg>
<arg>NA</arg>
<arg>NC</arg>
<arg>NE</arg>
<arg>NF</arg>
<arg>NG</arg>
<arg>NI</arg>
<arg>NL</arg>
<arg>NO</arg>
<arg>NP</arg>
<arg>NR</arg>
<arg>NU</arg>
<arg>NZ</arg>
<arg>OM</arg>
<arg>PA</arg>
<arg>PE</arg>
<arg>PF</arg>
<arg>PG</arg>
<arg>PH</arg>
<arg>PK</arg>
<arg>PL</arg>
<arg>PM</arg>
<arg>PN</arg>
<arg>PR</arg>
<arg>PS</arg>
<arg>PT</arg>
<arg>PW</arg>
<arg>PY</arg>
<arg>QA</arg>
<arg>RE</arg>
<arg>RO</arg>
<arg>RS</arg>
<arg>RU</arg>
<arg>RW</arg>
<arg>SA</arg>
<arg>SB</arg>
<arg>SC</arg>
<arg>SD</arg>
<arg>SE</arg>
<arg>SG</arg>
<arg>SH</arg>
<arg>SI</arg>
<arg>SJ</arg>
<arg>SK</arg>
<arg>SL</arg>
<arg>SM</arg>
<arg>SN</arg>
<arg>SO</arg>
<arg>SR</arg>
<arg>SS</arg>
<arg>ST</arg>
<arg>SV</arg>
<arg>SX</arg>
<arg>SY</arg>
<arg>SZ</arg>
<arg>TC</arg>
<arg>TD</arg>
<arg>TF</arg>
<arg>TG</arg>
<arg>TH</arg>
<arg>TJ</arg>
<arg>TK</arg>
<arg>TL</arg>
<arg>TM</arg>
<arg>TN</arg>
<arg>TO</arg>
<arg>TR</arg>
<arg>TT</arg>
<arg>TV</arg>
<arg>TW</arg>
<arg>TZ</arg>
<arg>UA</arg>
<arg>UG</arg>
<arg>UM</arg>
<arg>US</arg>
<arg>UY</arg>
<arg>UZ</arg>
<arg>VA</arg>
<arg>VC</arg>
<arg>VE</arg>
<arg>VG</arg>
<arg>VI</arg>
<arg>VN</arg>
<arg>VU</arg>
<arg>WF</arg>
<arg>WS</arg>
<arg>XK</arg>
<arg>YE</arg>
<arg>YT</arg>
<arg>ZA</arg>
<arg>ZM</arg>
<arg>ZW</arg>
<doc>Returns a list containing given items.</doc>
<status status="PASS" start="2024-07-23T08:20:40.455057" elapsed="0.000611"/>
</kw>
<kw name="List Should Contain Value" owner="Collections">
<arg>${list_country}</arg>
<arg>${name_country}</arg>
<doc>Fails if the ``value`` is not found from ``list``.</doc>
<status status="PASS" start="2024-07-23T08:20:40.456611" elapsed="0.000212"/>
</kw>
<kw name="Run Keyword If" owner="BuiltIn">
<kw name="Should Be True" owner="BuiltIn">
<arg>${True}</arg>
<doc>Fails if the given condition is not true.</doc>
<status status="PASS" start="2024-07-23T08:20:40.457796" elapsed="0.000144"/>
</kw>
<arg>${json_data["results"][0]["location"]["coordinates"]["latitude"]} &gt;= -90 and ${json_data["results"][0]["location"]["coordinates"]["latitude"]} &lt;= 90</arg>
<arg>Should Be True</arg>
<arg>${True}</arg>
<doc>Runs the given keyword with the given arguments, if ``condition`` is true.</doc>
<status status="PASS" start="2024-07-23T08:20:40.457019" elapsed="0.001046"/>
</kw>
<kw name="Run Keyword If" owner="BuiltIn">
<kw name="Should Be True" owner="BuiltIn">
<arg>${True}</arg>
<doc>Fails if the given condition is not true.</doc>
<status status="PASS" start="2024-07-23T08:20:40.458942" elapsed="0.000135"/>
</kw>
<arg>${json_data["results"][0]["location"]["coordinates"]["longitude"]} &gt;= -180 and ${json_data["results"][0]["location"]["coordinates"]["longitude"]} &lt;= 180</arg>
<arg>Should Be True</arg>
<arg>${True}</arg>
<doc>Runs the given keyword with the given arguments, if ``condition`` is true.</doc>
<status status="PASS" start="2024-07-23T08:20:40.458247" elapsed="0.000953"/>
</kw>
<status status="PASS" start="2024-07-23T08:20:40.381314" elapsed="0.078017"/>
</kw>
<doc>Testa o conteúdo específico dos campos retornados pela API.</doc>
<tag>testeConteudo</tag>
<status status="PASS" start="2024-07-23T08:20:40.380749" elapsed="0.078728"/>
</test>
<status status="PASS" start="2024-07-23T08:20:39.460889" elapsed="1.000521"/>
</suite>
<status status="PASS" start="2024-07-23T08:20:39.446149" elapsed="1.020233"/>
</suite>
<statistics>
<total>
<stat pass="5" fail="0" skip="0">All Tests</stat>
</total>
<tag>
<stat pass="1" fail="0" skip="0">testeConteudo</stat>
<stat pass="1" fail="0" skip="0">testeEstruturaResposta</stat>
<stat pass="1" fail="0" skip="0">testeRequisicaoBasica</stat>
<stat pass="1" fail="0" skip="0">testeTiposDados</stat>
</tag>
<suite>
<stat pass="5" fail="0" skip="0" id="s1" name="Tests">Tests</stat>
<stat pass="5" fail="0" skip="0" id="s1-s1" name="Random-User-Test">Tests.Random-User-Test</stat>
</suite>
</statistics>
<errors>
</errors>
</robot>
