<?xml version="1.0" encoding="UTF-8"?>
<robot generator="Robot 7.0 (Python 3.12.3 on linux)" generated="2024-06-07T14:14:53.405138" rpa="false" schemaversion="5">
<suite id="s1" name="Tests" source="/home/runner/work/ApiRandomUser/ApiRandomUser/RamdonUser/tests">
<suite id="s1-s1" name="Random-User-Test" source="/home/runner/work/ApiRandomUser/ApiRandomUser/RamdonUser/tests/random-user-test.robot">
<test id="s1-s1-t1" name="Conectar" line="13">
<kw name="Conectar API" owner="random-user-service">
<kw name="Create Session" owner="RequestsLibrary">
<msg time="2024-06-07T14:14:53.824045" level="INFO">Creating Session using : alias=consultarAPI, url=https://randomuser.me/, headers={},                     cookies={}, auth=None, timeout=None, proxies=None, verify=False,                     debug=0 </msg>
<arg>consultarAPI</arg>
<arg>${URL}</arg>
<doc>Create Session: create a HTTP session to a server</doc>
<status status="PASS" start="2024-06-07T14:14:53.823838" elapsed="0.000374"/>
</kw>
<status status="PASS" start="2024-06-07T14:14:53.822895" elapsed="0.001711"/>
</kw>
<status status="PASS" start="2024-06-07T14:14:53.822387" elapsed="0.002424"/>
</test>
<test id="s1-s1-t2" name="Validar retorno 200 e JSON Válido" line="16">
<kw name="Teste de Requisicao Basica" owner="random-user-service">
<kw name="GET On Session" owner="RequestsLibrary">
<msg time="2024-06-07T14:14:53.908092" level="INFO">GET Request : url=https://randomuser.me/api 
 path_url=/api 
 headers={'User-Agent': 'python-requests/2.32.3', 'Accept-Encoding': 'gzip, deflate', 'Accept': '*/*', 'Connection': 'keep-alive'} 
 body=None 
 </msg>
<msg time="2024-06-07T14:14:53.908221" level="INFO">GET Response : url=https://randomuser.me/api 
 status=200, reason=OK 
 headers={'Date': 'Fri, 07 Jun 2024 14:14:53 GMT', 'Content-Type': 'application/json; charset=utf-8', 'Transfer-Encoding': 'chunked', 'Connection': 'keep-alive', 'X-Powered-By': 'Express', 'Access-Control-Allow-Origin': '*', 'Cache-Control': 'no-cache', 'ETag': 'W/"495-lkgL9rG/iSmPBNW8gPbgPjAxzBM"', 'Vary': 'Accept-Encoding', 'Content-Encoding': 'gzip', 'CF-Cache-Status': 'DYNAMIC', 'Report-To': '{"endpoints":[{"url":"https:\\/\\/a.nel.cloudflare.com\\/report\\/v4?s=1y7UEBPRI9GzPnEXHg%2BlILsVYbHijXD3S2CxXXarNGETFr23EmM9mjsfndfXs6PAiajSIEUL596SkryqmD5ukbpK7u3v8sIC9DChNQO6XQXpDBwaEzYyBCLGZbaQD9Dv"}],"group":"cf-nel","max_age":604800}', 'NEL': '{"success_fraction":0,"report_to":"cf-nel","max_age":604800}', 'Server': 'cloudflare', 'CF-RAY': '8901404aa88a38fe-IAD', 'alt-svc': 'h3=":443"; ma=86400'} 
 body={"results":[{"gender":"male","name":{"title":"Mr","first":"Dileep","last":"Das"},"location":{"street":{"number":7309,"name":"Linking Rd"},"city":"Danapur","state":"Andaman and Nicobar Islands","country":"India","postcode":85070,"coordinates":{"latitude":"9.5325","longitude":"-110.7997"},"timezone":{"offset":"+10:00","description":"Eastern Australia, Guam, Vladivostok"}},"email":"dileep.das@example.com","login":{"uuid":"53fb730d-ffa5-417c-bbda-e2c2f5ff7dc4","username":"ticklishmouse928","password":"piano","salt":"89NteDWo","md5":"1bf57573bf8860449fcb0b855456be3b","sha1":"44031921b690cc43f1ab7a6ec0117e71f46b07b1","sha256":"1cffe258021250d80bdffa239dc0e03e9450f6d91e61a01469960fbeac29a59d"},"dob":{"date":"1953-07-02T21:45:24.620Z","age":70},"registered":{"date":"2017-08-29T07:35:38.198Z","age":6},"phone":"9399487256","cell":"8742056492","id":{"name":"UIDAI","value":"743035187097"},"picture":{"large":"https://randomuser.me/api/portraits/men/15.jpg","medium":"https://randomuser.me/api/portraits/med/men/15.jpg","thumbnail":"https://randomuser.me/api/portraits/thumb/men/15.jpg"},"nat":"IN"}],"info":{"seed":"9229d3b735d89fd7","results":1,"page":1,"version":"1.4"}} 
 </msg>
<msg time="2024-06-07T14:14:53.908289" level="INFO">/opt/hostedtoolcache/Python/3.12.3/x64/lib/python3.12/site-packages/urllib3/connectionpool.py:1103: InsecureRequestWarning: Unverified HTTPS request is being made to host 'randomuser.me'. Adding certificate verification is strongly advised. See: https://urllib3.readthedocs.io/en/latest/advanced-usage.html#tls-warnings
  warnings.warn(</msg>
<msg time="2024-06-07T14:14:53.908398" level="INFO">${response} = &lt;Response [200]&gt;</msg>
<var>${response}</var>
<arg>consultarAPI</arg>
<arg>/api</arg>
<doc>Sends a GET request on a previously created HTTP Session.</doc>
<status status="PASS" start="2024-06-07T14:14:53.827440" elapsed="0.081000"/>
</kw>
<kw name="Should Be Equal As Numbers" owner="BuiltIn">
<msg time="2024-06-07T14:14:53.909439" level="INFO">Argument types are:
&lt;class 'int'&gt;
&lt;class 'str'&gt;</msg>
<arg>${response.status_code}</arg>
<arg>200</arg>
<doc>Fails if objects are unequal after converting them to real numbers.</doc>
<status status="PASS" start="2024-06-07T14:14:53.908939" elapsed="0.000563"/>
</kw>
<kw name="Log" owner="BuiltIn">
<msg time="2024-06-07T14:14:53.910205" level="INFO">200</msg>
<arg>${response.status_code}</arg>
<doc>Logs the given message with the given level.</doc>
<status status="PASS" start="2024-06-07T14:14:53.909848" elapsed="0.000405"/>
</kw>
<kw name="Set Variable" owner="BuiltIn">
<msg time="2024-06-07T14:14:53.910997" level="INFO">${json_data} = {'results': [{'gender': 'male', 'name': {'title': 'Mr', 'first': 'Dileep', 'last': 'Das'}, 'location': {'street': {'number': 7309, 'name': 'Linking Rd'}, 'city': 'Danapur', 'state': 'Andaman and Nicob...</msg>
<var>${json_data}</var>
<arg>${response.json()}</arg>
<doc>Returns the given values which can then be assigned to a variables.</doc>
<status status="PASS" start="2024-06-07T14:14:53.910562" elapsed="0.000463"/>
</kw>
<kw name="Dictionary Should Contain Key" owner="Collections">
<msg time="2024-06-07T14:14:53.911494" level="INFO">False</msg>
<arg>${json_data}</arg>
<arg>results</arg>
<doc>Fails if ``key`` is not found from ``dictionary``.</doc>
<status status="PASS" start="2024-06-07T14:14:53.911329" elapsed="0.000205"/>
</kw>
<status status="PASS" start="2024-06-07T14:14:53.827198" elapsed="0.084585"/>
</kw>
<doc>Testa se a API responde corretamente e retorna um objeto JSON válido.</doc>
<tag>testeRequisicaoBasica</tag>
<status status="PASS" start="2024-06-07T14:14:53.826665" elapsed="0.085286"/>
</test>
<test id="s1-s1-t3" name="Validar estrutura de resposta" line="22">
<kw name="Teste de Estrutura de Resposta" owner="random-user-service">
<kw name="GET On Session" owner="RequestsLibrary">
<msg time="2024-06-07T14:14:54.015274" level="INFO">GET Request : url=https://randomuser.me/api 
 path_url=/api 
 headers={'User-Agent': 'python-requests/2.32.3', 'Accept-Encoding': 'gzip, deflate', 'Accept': '*/*', 'Connection': 'keep-alive'} 
 body=None 
 </msg>
<msg time="2024-06-07T14:14:54.015361" level="INFO">GET Response : url=https://randomuser.me/api 
 status=200, reason=OK 
 headers={'Date': 'Fri, 07 Jun 2024 14:14:54 GMT', 'Content-Type': 'application/json; charset=utf-8', 'Transfer-Encoding': 'chunked', 'Connection': 'keep-alive', 'X-Powered-By': 'Express', 'Access-Control-Allow-Origin': '*', 'Cache-Control': 'no-cache', 'ETag': 'W/"486-mzt/iZd0NJc7OcZg05Un64rhEUU"', 'Vary': 'Accept-Encoding', 'Content-Encoding': 'gzip', 'CF-Cache-Status': 'DYNAMIC', 'Report-To': '{"endpoints":[{"url":"https:\\/\\/a.nel.cloudflare.com\\/report\\/v4?s=wsmqFxjR9F6XYzPeIA4pXOXutCarbBZhRK9ptd3LNAx4buvWTUAiH%2FVYBr0BYScCdn2QTJb3eeWyluJuHuqY%2FmLTBWKmuY0DYNmH2pJQuW9%2B9HiG3TMkUBD2sG%2BCuEy7"}],"group":"cf-nel","max_age":604800}', 'NEL': '{"success_fraction":0,"report_to":"cf-nel","max_age":604800}', 'Server': 'cloudflare', 'CF-RAY': '8901404af8e638fe-IAD', 'alt-svc': 'h3=":443"; ma=86400'} 
 body={"results":[{"gender":"male","name":{"title":"Mr","first":"Antonin","last":"Muller"},"location":{"street":{"number":8466,"name":"Cours Charlemagne"},"city":"Toulon","state":"Lot","country":"France","postcode":39805,"coordinates":{"latitude":"-18.2535","longitude":"-108.5383"},"timezone":{"offset":"-12:00","description":"Eniwetok, Kwajalein"}},"email":"antonin.muller@example.com","login":{"uuid":"1b0d2e95-1431-4255-bf2e-ee73f08fd2da","username":"bigtiger940","password":"whatup","salt":"eqoelwvB","md5":"7b9316bf7ffb38f145dba4cba33ce6b9","sha1":"1beb641cc2aced8ecb892e146d88ce168c267a3c","sha256":"f4ac6505fdc03796ca4f3d82601895149236eaa345657574856235886028895d"},"dob":{"date":"1994-05-15T02:33:32.225Z","age":30},"registered":{"date":"2012-03-18T10:25:45.845Z","age":12},"phone":"05-05-98-18-67","cell":"06-87-28-96-93","id":{"name":"INSEE","value":"1940479866526 40"},"picture":{"large":"https://randomuser.me/api/portraits/men/22.jpg","medium":"https://randomuser.me/api/portraits/med/men/22.jpg","thumbnail":"https://randomuser.me/api/portraits/thumb/men/22.jpg"},"nat":"FR"}],"info":{"seed":"1ac14786dad49bfd","results":1,"page":1,"version":"1.4"}} 
 </msg>
<msg time="2024-06-07T14:14:54.015467" level="INFO">/opt/hostedtoolcache/Python/3.12.3/x64/lib/python3.12/site-packages/urllib3/connectionpool.py:1103: InsecureRequestWarning: Unverified HTTPS request is being made to host 'randomuser.me'. Adding certificate verification is strongly advised. See: https://urllib3.readthedocs.io/en/latest/advanced-usage.html#tls-warnings
  warnings.warn(</msg>
<msg time="2024-06-07T14:14:54.015564" level="INFO">${response} = &lt;Response [200]&gt;</msg>
<var>${response}</var>
<arg>consultarAPI</arg>
<arg>/api</arg>
<doc>Sends a GET request on a previously created HTTP Session.</doc>
<status status="PASS" start="2024-06-07T14:14:53.914583" elapsed="0.101023"/>
</kw>
<kw name="Set Variable" owner="BuiltIn">
<msg time="2024-06-07T14:14:54.016665" level="INFO">${json_data} = {'results': [{'gender': 'male', 'name': {'title': 'Mr', 'first': 'Antonin', 'last': 'Muller'}, 'location': {'street': {'number': 8466, 'name': 'Cours Charlemagne'}, 'city': 'Toulon', 'state': 'Lot', '...</msg>
<var>${json_data}</var>
<arg>${response.json()}</arg>
<doc>Returns the given values which can then be assigned to a variables.</doc>
<status status="PASS" start="2024-06-07T14:14:54.016064" elapsed="0.000631"/>
</kw>
<kw name="Log" owner="BuiltIn">
<msg time="2024-06-07T14:14:54.017164" level="INFO">{'results': [{'gender': 'male', 'name': {'title': 'Mr', 'first': 'Antonin', 'last': 'Muller'}, 'location': {'street': {'number': 8466, 'name': 'Cours Charlemagne'}, 'city': 'Toulon', 'state': 'Lot', 'country': 'France', 'postcode': 39805, 'coordinates': {'latitude': '-18.2535', 'longitude': '-108.5383'}, 'timezone': {'offset': '-12:00', 'description': 'Eniwetok, Kwajalein'}}, 'email': 'antonin.muller@example.com', 'login': {'uuid': '1b0d2e95-1431-4255-bf2e-ee73f08fd2da', 'username': 'bigtiger940', 'password': 'whatup', 'salt': 'eqoelwvB', 'md5': '7b9316bf7ffb38f145dba4cba33ce6b9', 'sha1': '1beb641cc2aced8ecb892e146d88ce168c267a3c', 'sha256': 'f4ac6505fdc03796ca4f3d82601895149236eaa345657574856235886028895d'}, 'dob': {'date': '1994-05-15T02:33:32.225Z', 'age': 30}, 'registered': {'date': '2012-03-18T10:25:45.845Z', 'age': 12}, 'phone': '05-05-98-18-67', 'cell': '06-87-28-96-93', 'id': {'name': 'INSEE', 'value': '1940479866526 40'}, 'picture': {'large': 'https://randomuser.me/api/portraits/men/22.jpg', 'medium': 'https://randomuser.me/api/portraits/med/men/22.jpg', 'thumbnail': 'https://randomuser.me/api/portraits/thumb/men/22.jpg'}, 'nat': 'FR'}], 'info': {'seed': '1ac14786dad49bfd', 'results': 1, 'page': 1, 'version': '1.4'}}</msg>
<arg>${json_data}</arg>
<doc>Logs the given message with the given level.</doc>
<status status="PASS" start="2024-06-07T14:14:54.017007" elapsed="0.000210"/>
</kw>
<kw name="Dictionary Should Contain Key" owner="Collections">
<msg time="2024-06-07T14:14:54.017665" level="INFO">False</msg>
<arg>${json_data}</arg>
<arg>results</arg>
<doc>Fails if ``key`` is not found from ``dictionary``.</doc>
<status status="PASS" start="2024-06-07T14:14:54.017514" elapsed="0.000188"/>
</kw>
<kw name="Should Not Be Empty" owner="BuiltIn">
<msg time="2024-06-07T14:14:54.018132" level="INFO">Length is 2.</msg>
<arg>${json_data}</arg>
<doc>Verifies that the given item is not empty.</doc>
<status status="PASS" start="2024-06-07T14:14:54.017997" elapsed="0.000174"/>
</kw>
<kw name="Create List" owner="BuiltIn">
<msg time="2024-06-07T14:14:54.018741" level="INFO">${expected_keys} = ['gender', 'name', 'location', 'email', 'login']</msg>
<var>${expected_keys}</var>
<arg>gender</arg>
<arg>name</arg>
<arg>location</arg>
<arg>email</arg>
<arg>login</arg>
<doc>Returns a list containing given items.</doc>
<status status="PASS" start="2024-06-07T14:14:54.018464" elapsed="0.000302"/>
</kw>
<for flavor="IN">
<iter>
<kw name="Dictionary Should Contain Key" owner="Collections">
<msg time="2024-06-07T14:14:54.019759" level="INFO">False</msg>
<arg>${json_data['results'][0]}</arg>
<arg>${key}</arg>
<doc>Fails if ``key`` is not found from ``dictionary``.</doc>
<status status="PASS" start="2024-06-07T14:14:54.019356" elapsed="0.000441"/>
</kw>
<kw name="Log" owner="BuiltIn">
<msg time="2024-06-07T14:14:54.020471" level="INFO">{'gender': 'male', 'name': {'title': 'Mr', 'first': 'Antonin', 'last': 'Muller'}, 'location': {'street': {'number': 8466, 'name': 'Cours Charlemagne'}, 'city': 'Toulon', 'state': 'Lot', 'country': 'France', 'postcode': 39805, 'coordinates': {'latitude': '-18.2535', 'longitude': '-108.5383'}, 'timezone': {'offset': '-12:00', 'description': 'Eniwetok, Kwajalein'}}, 'email': 'antonin.muller@example.com', 'login': {'uuid': '1b0d2e95-1431-4255-bf2e-ee73f08fd2da', 'username': 'bigtiger940', 'password': 'whatup', 'salt': 'eqoelwvB', 'md5': '7b9316bf7ffb38f145dba4cba33ce6b9', 'sha1': '1beb641cc2aced8ecb892e146d88ce168c267a3c', 'sha256': 'f4ac6505fdc03796ca4f3d82601895149236eaa345657574856235886028895d'}, 'dob': {'date': '1994-05-15T02:33:32.225Z', 'age': 30}, 'registered': {'date': '2012-03-18T10:25:45.845Z', 'age': 12}, 'phone': '05-05-98-18-67', 'cell': '06-87-28-96-93', 'id': {'name': 'INSEE', 'value': '1940479866526 40'}, 'picture': {'large': 'https://randomuser.me/api/portraits/men/22.jpg', 'medium': 'https://randomuser.me/api/portraits/med/men/22.jpg', 'thumbnail': 'https://randomuser.me/api/portraits/thumb/men/22.jpg'}, 'nat': 'FR'}</msg>
<arg>${json_data['results'][0]}</arg>
<doc>Logs the given message with the given level.</doc>
<status status="PASS" start="2024-06-07T14:14:54.020100" elapsed="0.000420"/>
</kw>
<kw name="Log" owner="BuiltIn">
<msg time="2024-06-07T14:14:54.020987" level="INFO">gender</msg>
<arg>${key}</arg>
<doc>Logs the given message with the given level.</doc>
<status status="PASS" start="2024-06-07T14:14:54.020858" elapsed="0.000166"/>
</kw>
<var name="${key}">gender</var>
<status status="PASS" start="2024-06-07T14:14:54.019229" elapsed="0.002012"/>
</iter>
<iter>
<kw name="Dictionary Should Contain Key" owner="Collections">
<msg time="2024-06-07T14:14:54.021943" level="INFO">False</msg>
<arg>${json_data['results'][0]}</arg>
<arg>${key}</arg>
<doc>Fails if ``key`` is not found from ``dictionary``.</doc>
<status status="PASS" start="2024-06-07T14:14:54.021552" elapsed="0.000428"/>
</kw>
<kw name="Log" owner="BuiltIn">
<msg time="2024-06-07T14:14:54.022670" level="INFO">{'gender': 'male', 'name': {'title': 'Mr', 'first': 'Antonin', 'last': 'Muller'}, 'location': {'street': {'number': 8466, 'name': 'Cours Charlemagne'}, 'city': 'Toulon', 'state': 'Lot', 'country': 'France', 'postcode': 39805, 'coordinates': {'latitude': '-18.2535', 'longitude': '-108.5383'}, 'timezone': {'offset': '-12:00', 'description': 'Eniwetok, Kwajalein'}}, 'email': 'antonin.muller@example.com', 'login': {'uuid': '1b0d2e95-1431-4255-bf2e-ee73f08fd2da', 'username': 'bigtiger940', 'password': 'whatup', 'salt': 'eqoelwvB', 'md5': '7b9316bf7ffb38f145dba4cba33ce6b9', 'sha1': '1beb641cc2aced8ecb892e146d88ce168c267a3c', 'sha256': 'f4ac6505fdc03796ca4f3d82601895149236eaa345657574856235886028895d'}, 'dob': {'date': '1994-05-15T02:33:32.225Z', 'age': 30}, 'registered': {'date': '2012-03-18T10:25:45.845Z', 'age': 12}, 'phone': '05-05-98-18-67', 'cell': '06-87-28-96-93', 'id': {'name': 'INSEE', 'value': '1940479866526 40'}, 'picture': {'large': 'https://randomuser.me/api/portraits/men/22.jpg', 'medium': 'https://randomuser.me/api/portraits/med/men/22.jpg', 'thumbnail': 'https://randomuser.me/api/portraits/thumb/men/22.jpg'}, 'nat': 'FR'}</msg>
<arg>${json_data['results'][0]}</arg>
<doc>Logs the given message with the given level.</doc>
<status status="PASS" start="2024-06-07T14:14:54.022307" elapsed="0.000411"/>
</kw>
<kw name="Log" owner="BuiltIn">
<msg time="2024-06-07T14:14:54.023147" level="INFO">name</msg>
<arg>${key}</arg>
<doc>Logs the given message with the given level.</doc>
<status status="PASS" start="2024-06-07T14:14:54.023019" elapsed="0.000166"/>
</kw>
<var name="${key}">name</var>
<status status="PASS" start="2024-06-07T14:14:54.021433" elapsed="0.001968"/>
</iter>
<iter>
<kw name="Dictionary Should Contain Key" owner="Collections">
<msg time="2024-06-07T14:14:54.024068" level="INFO">False</msg>
<arg>${json_data['results'][0]}</arg>
<arg>${key}</arg>
<doc>Fails if ``key`` is not found from ``dictionary``.</doc>
<status status="PASS" start="2024-06-07T14:14:54.023693" elapsed="0.000412"/>
</kw>
<kw name="Log" owner="BuiltIn">
<msg time="2024-06-07T14:14:54.024795" level="INFO">{'gender': 'male', 'name': {'title': 'Mr', 'first': 'Antonin', 'last': 'Muller'}, 'location': {'street': {'number': 8466, 'name': 'Cours Charlemagne'}, 'city': 'Toulon', 'state': 'Lot', 'country': 'France', 'postcode': 39805, 'coordinates': {'latitude': '-18.2535', 'longitude': '-108.5383'}, 'timezone': {'offset': '-12:00', 'description': 'Eniwetok, Kwajalein'}}, 'email': 'antonin.muller@example.com', 'login': {'uuid': '1b0d2e95-1431-4255-bf2e-ee73f08fd2da', 'username': 'bigtiger940', 'password': 'whatup', 'salt': 'eqoelwvB', 'md5': '7b9316bf7ffb38f145dba4cba33ce6b9', 'sha1': '1beb641cc2aced8ecb892e146d88ce168c267a3c', 'sha256': 'f4ac6505fdc03796ca4f3d82601895149236eaa345657574856235886028895d'}, 'dob': {'date': '1994-05-15T02:33:32.225Z', 'age': 30}, 'registered': {'date': '2012-03-18T10:25:45.845Z', 'age': 12}, 'phone': '05-05-98-18-67', 'cell': '06-87-28-96-93', 'id': {'name': 'INSEE', 'value': '1940479866526 40'}, 'picture': {'large': 'https://randomuser.me/api/portraits/men/22.jpg', 'medium': 'https://randomuser.me/api/portraits/med/men/22.jpg', 'thumbnail': 'https://randomuser.me/api/portraits/thumb/men/22.jpg'}, 'nat': 'FR'}</msg>
<arg>${json_data['results'][0]}</arg>
<doc>Logs the given message with the given level.</doc>
<status status="PASS" start="2024-06-07T14:14:54.024404" elapsed="0.000442"/>
</kw>
<kw name="Log" owner="BuiltIn">
<msg time="2024-06-07T14:14:54.025285" level="INFO">location</msg>
<arg>${key}</arg>
<doc>Logs the given message with the given level.</doc>
<status status="PASS" start="2024-06-07T14:14:54.025156" elapsed="0.000166"/>
</kw>
<var name="${key}">location</var>
<status status="PASS" start="2024-06-07T14:14:54.023580" elapsed="0.001960"/>
</iter>
<iter>
<kw name="Dictionary Should Contain Key" owner="Collections">
<msg time="2024-06-07T14:14:54.026316" level="INFO">False</msg>
<arg>${json_data['results'][0]}</arg>
<arg>${key}</arg>
<doc>Fails if ``key`` is not found from ``dictionary``.</doc>
<status status="PASS" start="2024-06-07T14:14:54.025832" elapsed="0.000545"/>
</kw>
<kw name="Log" owner="BuiltIn">
<msg time="2024-06-07T14:14:54.027425" level="INFO">{'gender': 'male', 'name': {'title': 'Mr', 'first': 'Antonin', 'last': 'Muller'}, 'location': {'street': {'number': 8466, 'name': 'Cours Charlemagne'}, 'city': 'Toulon', 'state': 'Lot', 'country': 'France', 'postcode': 39805, 'coordinates': {'latitude': '-18.2535', 'longitude': '-108.5383'}, 'timezone': {'offset': '-12:00', 'description': 'Eniwetok, Kwajalein'}}, 'email': 'antonin.muller@example.com', 'login': {'uuid': '1b0d2e95-1431-4255-bf2e-ee73f08fd2da', 'username': 'bigtiger940', 'password': 'whatup', 'salt': 'eqoelwvB', 'md5': '7b9316bf7ffb38f145dba4cba33ce6b9', 'sha1': '1beb641cc2aced8ecb892e146d88ce168c267a3c', 'sha256': 'f4ac6505fdc03796ca4f3d82601895149236eaa345657574856235886028895d'}, 'dob': {'date': '1994-05-15T02:33:32.225Z', 'age': 30}, 'registered': {'date': '2012-03-18T10:25:45.845Z', 'age': 12}, 'phone': '05-05-98-18-67', 'cell': '06-87-28-96-93', 'id': {'name': 'INSEE', 'value': '1940479866526 40'}, 'picture': {'large': 'https://randomuser.me/api/portraits/men/22.jpg', 'medium': 'https://randomuser.me/api/portraits/med/men/22.jpg', 'thumbnail': 'https://randomuser.me/api/portraits/thumb/men/22.jpg'}, 'nat': 'FR'}</msg>
<arg>${json_data['results'][0]}</arg>
<doc>Logs the given message with the given level.</doc>
<status status="PASS" start="2024-06-07T14:14:54.026853" elapsed="0.000659"/>
</kw>
<kw name="Log" owner="BuiltIn">
<msg time="2024-06-07T14:14:54.028187" level="INFO">email</msg>
<arg>${key}</arg>
<doc>Logs the given message with the given level.</doc>
<status status="PASS" start="2024-06-07T14:14:54.027997" elapsed="0.000251"/>
</kw>
<var name="${key}">email</var>
<status status="PASS" start="2024-06-07T14:14:54.025715" elapsed="0.002878"/>
</iter>
<iter>
<kw name="Dictionary Should Contain Key" owner="Collections">
<msg time="2024-06-07T14:14:54.029713" level="INFO">False</msg>
<arg>${json_data['results'][0]}</arg>
<arg>${key}</arg>
<doc>Fails if ``key`` is not found from ``dictionary``.</doc>
<status status="PASS" start="2024-06-07T14:14:54.029063" elapsed="0.000710"/>
</kw>
<kw name="Log" owner="BuiltIn">
<msg time="2024-06-07T14:14:54.030807" level="INFO">{'gender': 'male', 'name': {'title': 'Mr', 'first': 'Antonin', 'last': 'Muller'}, 'location': {'street': {'number': 8466, 'name': 'Cours Charlemagne'}, 'city': 'Toulon', 'state': 'Lot', 'country': 'France', 'postcode': 39805, 'coordinates': {'latitude': '-18.2535', 'longitude': '-108.5383'}, 'timezone': {'offset': '-12:00', 'description': 'Eniwetok, Kwajalein'}}, 'email': 'antonin.muller@example.com', 'login': {'uuid': '1b0d2e95-1431-4255-bf2e-ee73f08fd2da', 'username': 'bigtiger940', 'password': 'whatup', 'salt': 'eqoelwvB', 'md5': '7b9316bf7ffb38f145dba4cba33ce6b9', 'sha1': '1beb641cc2aced8ecb892e146d88ce168c267a3c', 'sha256': 'f4ac6505fdc03796ca4f3d82601895149236eaa345657574856235886028895d'}, 'dob': {'date': '1994-05-15T02:33:32.225Z', 'age': 30}, 'registered': {'date': '2012-03-18T10:25:45.845Z', 'age': 12}, 'phone': '05-05-98-18-67', 'cell': '06-87-28-96-93', 'id': {'name': 'INSEE', 'value': '1940479866526 40'}, 'picture': {'large': 'https://randomuser.me/api/portraits/men/22.jpg', 'medium': 'https://randomuser.me/api/portraits/med/men/22.jpg', 'thumbnail': 'https://randomuser.me/api/portraits/thumb/men/22.jpg'}, 'nat': 'FR'}</msg>
<arg>${json_data['results'][0]}</arg>
<doc>Logs the given message with the given level.</doc>
<status status="PASS" start="2024-06-07T14:14:54.030203" elapsed="0.000693"/>
</kw>
<kw name="Log" owner="BuiltIn">
<msg time="2024-06-07T14:14:54.031546" level="INFO">login</msg>
<arg>${key}</arg>
<doc>Logs the given message with the given level.</doc>
<status status="PASS" start="2024-06-07T14:14:54.031356" elapsed="0.000252"/>
</kw>
<var name="${key}">login</var>
<status status="PASS" start="2024-06-07T14:14:54.028881" elapsed="0.003041"/>
</iter>
<var>${key}</var>
<value>@{expected_keys}</value>
<status status="PASS" start="2024-06-07T14:14:54.019039" elapsed="0.013106"/>
</for>
<kw name="Create List" owner="BuiltIn">
<msg time="2024-06-07T14:14:54.032735" level="INFO">${expected_keysTwo} = ['username', 'password']</msg>
<var>${expected_keysTwo}</var>
<arg>username</arg>
<arg>password</arg>
<doc>Returns a list containing given items.</doc>
<status status="PASS" start="2024-06-07T14:14:54.032493" elapsed="0.000280"/>
</kw>
<for flavor="IN">
<iter>
<kw name="Dictionary Should Contain Key" owner="Collections">
<msg time="2024-06-07T14:14:54.034183" level="INFO">False</msg>
<arg>${json_data['results'][0]['login']}</arg>
<arg>${keyTwo}</arg>
<doc>Fails if ``key`` is not found from ``dictionary``.</doc>
<status status="PASS" start="2024-06-07T14:14:54.033529" elapsed="0.000717"/>
</kw>
<kw name="Dictionary Should Contain Key" owner="Collections">
<msg time="2024-06-07T14:14:54.035356" level="INFO">False</msg>
<arg>${json_data['results'][0]['login']}</arg>
<arg>${keyTwo}</arg>
<doc>Fails if ``key`` is not found from ``dictionary``.</doc>
<status status="PASS" start="2024-06-07T14:14:54.034698" elapsed="0.000718"/>
</kw>
<kw name="Log" owner="BuiltIn">
<msg time="2024-06-07T14:14:54.036043" level="INFO">username</msg>
<arg>${keyTwo}</arg>
<doc>Logs the given message with the given level.</doc>
<status status="PASS" start="2024-06-07T14:14:54.035849" elapsed="0.000260"/>
</kw>
<var name="${keyTwo}">username</var>
<status status="PASS" start="2024-06-07T14:14:54.033358" elapsed="0.003104"/>
</iter>
<iter>
<kw name="Dictionary Should Contain Key" owner="Collections">
<msg time="2024-06-07T14:14:54.037583" level="INFO">False</msg>
<arg>${json_data['results'][0]['login']}</arg>
<arg>${keyTwo}</arg>
<doc>Fails if ``key`` is not found from ``dictionary``.</doc>
<status status="PASS" start="2024-06-07T14:14:54.036952" elapsed="0.000691"/>
</kw>
<kw name="Dictionary Should Contain Key" owner="Collections">
<msg time="2024-06-07T14:14:54.038834" level="INFO">False</msg>
<arg>${json_data['results'][0]['login']}</arg>
<arg>${keyTwo}</arg>
<doc>Fails if ``key`` is not found from ``dictionary``.</doc>
<status status="PASS" start="2024-06-07T14:14:54.038106" elapsed="0.000787"/>
</kw>
<kw name="Log" owner="BuiltIn">
<msg time="2024-06-07T14:14:54.039514" level="INFO">password</msg>
<arg>${keyTwo}</arg>
<doc>Logs the given message with the given level.</doc>
<status status="PASS" start="2024-06-07T14:14:54.039328" elapsed="0.000241"/>
</kw>
<var name="${keyTwo}">password</var>
<status status="PASS" start="2024-06-07T14:14:54.036775" elapsed="0.003123"/>
</iter>
<var>${keyTwo}</var>
<value>@{expected_keysTwo}</value>
<status status="PASS" start="2024-06-07T14:14:54.033127" elapsed="0.006974"/>
</for>
<status status="PASS" start="2024-06-07T14:14:53.914351" elapsed="0.125993"/>
</kw>
<doc>Testa a estrutura da resposta da API.</doc>
<tag>testeEstruturaResposta</tag>
<status status="PASS" start="2024-06-07T14:14:53.913779" elapsed="0.126875"/>
</test>
<test id="s1-s1-t4" name="Validar tipos de dados" line="28">
<kw name="Teste de Tipos de Dados" owner="random-user-service">
<kw name="GET On Session" owner="RequestsLibrary">
<msg time="2024-06-07T14:14:54.120841" level="INFO">GET Request : url=https://randomuser.me/api 
 path_url=/api 
 headers={'User-Agent': 'python-requests/2.32.3', 'Accept-Encoding': 'gzip, deflate', 'Accept': '*/*', 'Connection': 'keep-alive'} 
 body=None 
 </msg>
<msg time="2024-06-07T14:14:54.120905" level="INFO">GET Response : url=https://randomuser.me/api 
 status=200, reason=OK 
 headers={'Date': 'Fri, 07 Jun 2024 14:14:54 GMT', 'Content-Type': 'application/json; charset=utf-8', 'Transfer-Encoding': 'chunked', 'Connection': 'keep-alive', 'X-Powered-By': 'Express', 'Access-Control-Allow-Origin': '*', 'Cache-Control': 'no-cache', 'ETag': 'W/"4b3-oUp6KQ6FarWm+nQYYkLs8C66uiU"', 'Vary': 'Accept-Encoding', 'Content-Encoding': 'gzip', 'CF-Cache-Status': 'DYNAMIC', 'Report-To': '{"endpoints":[{"url":"https:\\/\\/a.nel.cloudflare.com\\/report\\/v4?s=GfmUsxT4nNgXIMjdNAJbt19W%2Fvl1TDWC%2BqU36%2FhkVE7GbTNtcCTqvoPUlxyjc%2BPkB9bMe7P9zj7HFUncDmLFD6qcWOrSphxn%2FdiqQv%2B2AtYiQxuN12E3r9fesrGpkMSY"}],"group":"cf-nel","max_age":604800}', 'NEL': '{"success_fraction":0,"report_to":"cf-nel","max_age":604800}', 'Server': 'cloudflare', 'CF-RAY': '8901404bca4138fe-IAD', 'alt-svc': 'h3=":443"; ma=86400'} 
 body={"results":[{"gender":"female","name":{"title":"Miss","first":"Tatjana","last":"Seiffert"},"location":{"street":{"number":940,"name":"Wiesenstraße"},"city":"Groß-Bieberau","state":"Nordrhein-Westfalen","country":"Germany","postcode":37897,"coordinates":{"latitude":"-50.5403","longitude":"147.8067"},"timezone":{"offset":"+8:00","description":"Beijing, Perth, Singapore, Hong Kong"}},"email":"tatjana.seiffert@example.com","login":{"uuid":"ed3d1f59-4aa5-4297-b8c3-3101dac15ffd","username":"brownduck170","password":"samuel1","salt":"PQwlLECF","md5":"a89fa778d394fcbc8117e6172b099170","sha1":"9530637bf5b15d6d77c3f8f4f69d27a5b12567ae","sha256":"ce4b8213519817986a4b6a922f85be988a0c8adfbb4ec13dac14f2ebb4083e68"},"dob":{"date":"1947-01-02T13:51:23.287Z","age":77},"registered":{"date":"2004-06-03T18:34:31.292Z","age":20},"phone":"0670-3998975","cell":"0179-8389230","id":{"name":"SVNR","value":"54 020147 S 935"},"picture":{"large":"https://randomuser.me/api/portraits/women/80.jpg","medium":"https://randomuser.me/api/portraits/med/women/80.jpg","thumbnail":"https://randomuser.me/api/portraits/thumb/women/80.jpg"},"nat":"DE"}],"info":{"seed":"fb99b18affe562c4","results":1,"page":1,"version":"1.4"}} 
 </msg>
<msg time="2024-06-07T14:14:54.120963" level="INFO">/opt/hostedtoolcache/Python/3.12.3/x64/lib/python3.12/site-packages/urllib3/connectionpool.py:1103: InsecureRequestWarning: Unverified HTTPS request is being made to host 'randomuser.me'. Adding certificate verification is strongly advised. See: https://urllib3.readthedocs.io/en/latest/advanced-usage.html#tls-warnings
  warnings.warn(</msg>
<msg time="2024-06-07T14:14:54.121055" level="INFO">${response} = &lt;Response [200]&gt;</msg>
<var>${response}</var>
<arg>consultarAPI</arg>
<arg>/api</arg>
<doc>Sends a GET request on a previously created HTTP Session.</doc>
<status status="PASS" start="2024-06-07T14:14:54.044616" elapsed="0.076477"/>
</kw>
<kw name="Set Variable" owner="BuiltIn">
<msg time="2024-06-07T14:14:54.121912" level="INFO">${json_data} = {'results': [{'gender': 'female', 'name': {'title': 'Miss', 'first': 'Tatjana', 'last': 'Seiffert'}, 'location': {'street': {'number': 940, 'name': 'Wiesenstraße'}, 'city': 'Groß-Bieberau', 'state': '...</msg>
<var>${json_data}</var>
<arg>${response.json()}</arg>
<doc>Returns the given values which can then be assigned to a variables.</doc>
<status status="PASS" start="2024-06-07T14:14:54.121457" elapsed="0.000485"/>
</kw>
<kw name="Log" owner="BuiltIn">
<msg time="2024-06-07T14:14:54.122410" level="INFO">{'results': [{'gender': 'female', 'name': {'title': 'Miss', 'first': 'Tatjana', 'last': 'Seiffert'}, 'location': {'street': {'number': 940, 'name': 'Wiesenstraße'}, 'city': 'Groß-Bieberau', 'state': 'Nordrhein-Westfalen', 'country': 'Germany', 'postcode': 37897, 'coordinates': {'latitude': '-50.5403', 'longitude': '147.8067'}, 'timezone': {'offset': '+8:00', 'description': 'Beijing, Perth, Singapore, Hong Kong'}}, 'email': 'tatjana.seiffert@example.com', 'login': {'uuid': 'ed3d1f59-4aa5-4297-b8c3-3101dac15ffd', 'username': 'brownduck170', 'password': 'samuel1', 'salt': 'PQwlLECF', 'md5': 'a89fa778d394fcbc8117e6172b099170', 'sha1': '9530637bf5b15d6d77c3f8f4f69d27a5b12567ae', 'sha256': 'ce4b8213519817986a4b6a922f85be988a0c8adfbb4ec13dac14f2ebb4083e68'}, 'dob': {'date': '1947-01-02T13:51:23.287Z', 'age': 77}, 'registered': {'date': '2004-06-03T18:34:31.292Z', 'age': 20}, 'phone': '0670-3998975', 'cell': '0179-8389230', 'id': {'name': 'SVNR', 'value': '54 020147 S 935'}, 'picture': {'large': 'https://randomuser.me/api/portraits/women/80.jpg', 'medium': 'https://randomuser.me/api/portraits/med/women/80.jpg', 'thumbnail': 'https://randomuser.me/api/portraits/thumb/women/80.jpg'}, 'nat': 'DE'}], 'info': {'seed': 'fb99b18affe562c4', 'results': 1, 'page': 1, 'version': '1.4'}}</msg>
<arg>${json_data}</arg>
<doc>Logs the given message with the given level.</doc>
<status status="PASS" start="2024-06-07T14:14:54.122252" elapsed="0.000237"/>
</kw>
<kw name="Should Be String" owner="String">
<arg>${json_data['results'][0]['gender']}</arg>
<doc>Fails if the given ``item`` is not a string.</doc>
<status status="PASS" start="2024-06-07T14:14:54.122796" elapsed="0.000356"/>
</kw>
<kw name="Should Match Regexp" owner="BuiltIn">
<arg>${json_data['results'][0]['email']}</arg>
<arg>^[a-zA-Z0-9._%+-]+@[a-zA-Z0-9.-]+\.[a-zA-Z]{2,}$</arg>
<doc>Fails if ``string`` does not match ``pattern`` as a regular expression.</doc>
<status status="PASS" start="2024-06-07T14:14:54.123346" elapsed="0.000510"/>
</kw>
<kw name="Should Match Regexp" owner="BuiltIn">
<arg>${json_data['results'][0]['dob']['date']}</arg>
<arg>\\d{4}-\\d{2}-\\d{2}T\\d{2}:\\d{2}:\\d{2}\\.\\d{3}Z</arg>
<doc>Fails if ``string`` does not match ``pattern`` as a regular expression.</doc>
<status status="PASS" start="2024-06-07T14:14:54.124055" elapsed="0.000484"/>
</kw>
<kw name="Should Match Regexp" owner="BuiltIn">
<arg>${json_data['results'][0]['registered']['date']}</arg>
<arg>\\d{4}-\\d{2}-\\d{2}T\\d{2}:\\d{2}:\\d{2}\\.\\d{3}Z</arg>
<doc>Fails if ``string`` does not match ``pattern`` as a regular expression.</doc>
<status status="PASS" start="2024-06-07T14:14:54.124758" elapsed="0.000362"/>
</kw>
<kw name="Should Match Regexp" owner="BuiltIn">
<arg>${json_data['results'][0]['picture']['large']}</arg>
<arg>^https?://.*\.(?:png|jpe?g|gif|bmp)$</arg>
<doc>Fails if ``string`` does not match ``pattern`` as a regular expression.</doc>
<status status="PASS" start="2024-06-07T14:14:54.125311" elapsed="0.000459"/>
</kw>
<kw name="Should Match Regexp" owner="BuiltIn">
<arg>${json_data['results'][0]['picture']['medium']}</arg>
<arg>^https?://.*\.(?:png|jpe?g|gif|bmp)$</arg>
<doc>Fails if ``string`` does not match ``pattern`` as a regular expression.</doc>
<status status="PASS" start="2024-06-07T14:14:54.125964" elapsed="0.000358"/>
</kw>
<kw name="Should Match Regexp" owner="BuiltIn">
<arg>${json_data['results'][0]['picture']['thumbnail']}</arg>
<arg>^https?://.*\.(?:png|jpe?g|gif|bmp)$</arg>
<doc>Fails if ``string`` does not match ``pattern`` as a regular expression.</doc>
<status status="PASS" start="2024-06-07T14:14:54.126510" elapsed="0.000341"/>
</kw>
<kw name="Log" owner="BuiltIn">
<msg time="2024-06-07T14:14:54.127358" level="INFO">{'large': 'https://randomuser.me/api/portraits/women/80.jpg', 'medium': 'https://randomuser.me/api/portraits/med/women/80.jpg', 'thumbnail': 'https://randomuser.me/api/portraits/thumb/women/80.jpg'}</msg>
<arg>${json_data['results'][0]['picture']}</arg>
<doc>Logs the given message with the given level.</doc>
<status status="PASS" start="2024-06-07T14:14:54.127040" elapsed="0.000359"/>
</kw>
<status status="PASS" start="2024-06-07T14:14:54.044267" elapsed="0.083383"/>
</kw>
<kw name="Teste de Tipos de Dados - Postcode" owner="random-user-service">
<kw name="GET On Session" owner="RequestsLibrary">
<msg time="2024-06-07T14:14:54.210009" level="INFO">GET Request : url=https://randomuser.me/api 
 path_url=/api 
 headers={'User-Agent': 'python-requests/2.32.3', 'Accept-Encoding': 'gzip, deflate', 'Accept': '*/*', 'Connection': 'keep-alive'} 
 body=None 
 </msg>
<msg time="2024-06-07T14:14:54.210094" level="INFO">GET Response : url=https://randomuser.me/api 
 status=200, reason=OK 
 headers={'Date': 'Fri, 07 Jun 2024 14:14:54 GMT', 'Content-Type': 'application/json; charset=utf-8', 'Transfer-Encoding': 'chunked', 'Connection': 'keep-alive', 'X-Powered-By': 'Express', 'Access-Control-Allow-Origin': '*', 'Cache-Control': 'no-cache', 'ETag': 'W/"48a-SwCj/AXGoB07vMb+NvlOhR86su4"', 'Vary': 'Accept-Encoding', 'Content-Encoding': 'gzip', 'CF-Cache-Status': 'DYNAMIC', 'Report-To': '{"endpoints":[{"url":"https:\\/\\/a.nel.cloudflare.com\\/report\\/v4?s=6tNwZj4RenKwNQf4n9rBL9W1ETtFnFGoyLLBiP5AtJfL0wQdk1S2UhW1OUoThmK5d7xM%2F%2FN%2ByVtYmz0XFaUZt5k5UCb2%2F9Suwp%2FScGhgX4d0IgASMJ4lDVm165Bld306"}],"group":"cf-nel","max_age":604800}', 'NEL': '{"success_fraction":0,"report_to":"cf-nel","max_age":604800}', 'Server': 'cloudflare', 'CF-RAY': '8901404c5ae338fe-IAD', 'alt-svc': 'h3=":443"; ma=86400'} 
 body={"results":[{"gender":"female","name":{"title":"Mrs","first":"آنیتا","last":"زارعی"},"location":{"street":{"number":9592,"name":"آیت الله کاشانی"},"city":"ساوه","state":"قم","country":"Iran","postcode":13805,"coordinates":{"latitude":"16.4478","longitude":"10.5753"},"timezone":{"offset":"+2:00","description":"Kaliningrad, South Africa"}},"email":"anyt.zraay@example.com","login":{"uuid":"03a8f188-0850-42ee-b731-156d0e5ec19f","username":"bigbutterfly405","password":"callum","salt":"Itbj567E","md5":"bde81ba500c46caab5af30aac3e2698b","sha1":"a7811164873e7fd985730d63bf4380812d1dfc50","sha256":"ef31a3836e74f2d3028fac4c6ef6099e3573d42d101ee1146d5d3d5cc743f4d4"},"dob":{"date":"1967-07-09T19:11:50.014Z","age":56},"registered":{"date":"2019-07-08T20:10:49.071Z","age":4},"phone":"083-97059892","cell":"0926-952-4339","id":{"name":"","value":null},"picture":{"large":"https://randomuser.me/api/portraits/women/3.jpg","medium":"https://randomuser.me/api/portraits/med/women/3.jpg","thumbnail":"https://randomuser.me/api/portraits/thumb/women/3.jpg"},"nat":"IR"}],"info":{"seed":"f78b998292e7bf3e","results":1,"page":1,"version":"1.4"}} 
 </msg>
<msg time="2024-06-07T14:14:54.210171" level="INFO">/opt/hostedtoolcache/Python/3.12.3/x64/lib/python3.12/site-packages/urllib3/connectionpool.py:1103: InsecureRequestWarning: Unverified HTTPS request is being made to host 'randomuser.me'. Adding certificate verification is strongly advised. See: https://urllib3.readthedocs.io/en/latest/advanced-usage.html#tls-warnings
  warnings.warn(</msg>
<msg time="2024-06-07T14:14:54.210286" level="INFO">${response} = &lt;Response [200]&gt;</msg>
<var>${response}</var>
<arg>consultarAPI</arg>
<arg>/api</arg>
<doc>Sends a GET request on a previously created HTTP Session.</doc>
<status status="PASS" start="2024-06-07T14:14:54.128079" elapsed="0.082261"/>
</kw>
<kw name="Set Variable" owner="BuiltIn">
<msg time="2024-06-07T14:14:54.211477" level="INFO">${json_data} = {'results': [{'gender': 'female', 'name': {'title': 'Mrs', 'first': 'آنیتا', 'last': 'زارعی'}, 'location': {'street': {'number': 9592, 'name': 'آیت الله کاشانی'}, 'city': 'ساوه', 'state': 'قم', 'count...</msg>
<var>${json_data}</var>
<arg>${response.json()}</arg>
<doc>Returns the given values which can then be assigned to a variables.</doc>
<status status="PASS" start="2024-06-07T14:14:54.210897" elapsed="0.000610"/>
</kw>
<kw name="Log" owner="BuiltIn">
<msg time="2024-06-07T14:14:54.211973" level="INFO">{'results': [{'gender': 'female', 'name': {'title': 'Mrs', 'first': 'آنیتا', 'last': 'زارعی'}, 'location': {'street': {'number': 9592, 'name': 'آیت الله کاشانی'}, 'city': 'ساوه', 'state': 'قم', 'country': 'Iran', 'postcode': 13805, 'coordinates': {'latitude': '16.4478', 'longitude': '10.5753'}, 'timezone': {'offset': '+2:00', 'description': 'Kaliningrad, South Africa'}}, 'email': 'anyt.zraay@example.com', 'login': {'uuid': '03a8f188-0850-42ee-b731-156d0e5ec19f', 'username': 'bigbutterfly405', 'password': 'callum', 'salt': 'Itbj567E', 'md5': 'bde81ba500c46caab5af30aac3e2698b', 'sha1': 'a7811164873e7fd985730d63bf4380812d1dfc50', 'sha256': 'ef31a3836e74f2d3028fac4c6ef6099e3573d42d101ee1146d5d3d5cc743f4d4'}, 'dob': {'date': '1967-07-09T19:11:50.014Z', 'age': 56}, 'registered': {'date': '2019-07-08T20:10:49.071Z', 'age': 4}, 'phone': '083-97059892', 'cell': '0926-952-4339', 'id': {'name': '', 'value': None}, 'picture': {'large': 'https://randomuser.me/api/portraits/women/3.jpg', 'medium': 'https://randomuser.me/api/portraits/med/women/3.jpg', 'thumbnail': 'https://randomuser.me/api/portraits/thumb/women/3.jpg'}, 'nat': 'IR'}], 'info': {'seed': 'f78b998292e7bf3e', 'results': 1, 'page': 1, 'version': '1.4'}}</msg>
<arg>${json_data}</arg>
<doc>Logs the given message with the given level.</doc>
<status status="PASS" start="2024-06-07T14:14:54.211816" elapsed="0.000237"/>
</kw>
<kw name="Should Be Equal As Numbers" owner="BuiltIn">
<arg>${json_data['results'][0]['location']['postcode']}</arg>
<arg>${json_data['results'][0]['location']['postcode']}</arg>
<doc>Fails if objects are unequal after converting them to real numbers.</doc>
<status status="PASS" start="2024-06-07T14:14:54.212359" elapsed="0.000782"/>
</kw>
<kw name="Log" owner="BuiltIn">
<msg time="2024-06-07T14:14:54.213674" level="INFO">13805</msg>
<arg>${json_data['results'][0]['location']['postcode']}</arg>
<doc>Logs the given message with the given level.</doc>
<status status="PASS" start="2024-06-07T14:14:54.213339" elapsed="0.000376"/>
</kw>
<status status="PASS" start="2024-06-07T14:14:54.127861" elapsed="0.086107"/>
</kw>
<doc>Testa se os tipos de dados na resposta da API estão corretos.</doc>
<tag>testeTiposDados</tag>
<status status="PASS" start="2024-06-07T14:14:54.043656" elapsed="0.170474"/>
</test>
<test id="s1-s1-t5" name="Validar conteudo" line="35">
<kw name="Teste de Tipos de Conteudo" owner="random-user-service">
<kw name="GET On Session" owner="RequestsLibrary">
<msg time="2024-06-07T14:14:54.328914" level="INFO">GET Request : url=https://randomuser.me/api 
 path_url=/api 
 headers={'User-Agent': 'python-requests/2.32.3', 'Accept-Encoding': 'gzip, deflate', 'Accept': '*/*', 'Connection': 'keep-alive'} 
 body=None 
 </msg>
<msg time="2024-06-07T14:14:54.329000" level="INFO">GET Response : url=https://randomuser.me/api 
 status=200, reason=OK 
 headers={'Date': 'Fri, 07 Jun 2024 14:14:54 GMT', 'Content-Type': 'application/json; charset=utf-8', 'Transfer-Encoding': 'chunked', 'Connection': 'keep-alive', 'X-Powered-By': 'Express', 'Access-Control-Allow-Origin': '*', 'Cache-Control': 'no-cache', 'ETag': 'W/"47e-CdjQ+b7E8631qi2HuVoKoEaR9Wg"', 'Vary': 'Accept-Encoding', 'Content-Encoding': 'gzip', 'CF-Cache-Status': 'DYNAMIC', 'Report-To': '{"endpoints":[{"url":"https:\\/\\/a.nel.cloudflare.com\\/report\\/v4?s=wlu%2FBFCHSEAzV2PKJWD4l9ZLEd%2BIA%2FV%2BPoESr%2F7I%2B3omcuWjWjfpo%2Fi73Uga28%2F9M5q4k3oWJL62JvV1YnTxEgX4l956IH48HXCTcbj6V6l5ku2O15DmKzd0UWHJgUbj"}],"group":"cf-nel","max_age":604800}', 'NEL': '{"success_fraction":0,"report_to":"cf-nel","max_age":604800}', 'Server': 'cloudflare', 'CF-RAY': '8901404cdb9938fe-IAD', 'alt-svc': 'h3=":443"; ma=86400'} 
 body={"results":[{"gender":"male","name":{"title":"Mr","first":"Volkan","last":"Öztürk"},"location":{"street":{"number":2169,"name":"Istiklal Cd"},"city":"Artvin","state":"Van","country":"Turkey","postcode":73834,"coordinates":{"latitude":"70.3845","longitude":"-3.6042"},"timezone":{"offset":"+5:30","description":"Bombay, Calcutta, Madras, New Delhi"}},"email":"volkan.ozturk@example.com","login":{"uuid":"ffb371cb-52b6-4ef6-89f8-949c51283a7d","username":"yellowleopard653","password":"memory","salt":"wkTA58Ac","md5":"593a51cec7a2d42f503b5f6cb5673772","sha1":"749578473804aaadad62cff252855873d3fc73c3","sha256":"ecfd4b04f3620daa781b87c9b62903e90fa1e01aeed847ccd3cb7129d1d5e606"},"dob":{"date":"1960-06-12T19:10:51.116Z","age":63},"registered":{"date":"2014-05-13T03:09:17.974Z","age":10},"phone":"(311)-526-4882","cell":"(749)-726-9417","id":{"name":"","value":null},"picture":{"large":"https://randomuser.me/api/portraits/men/77.jpg","medium":"https://randomuser.me/api/portraits/med/men/77.jpg","thumbnail":"https://randomuser.me/api/portraits/thumb/men/77.jpg"},"nat":"TR"}],"info":{"seed":"89f163646f768d2d","results":1,"page":1,"version":"1.4"}} 
 </msg>
<msg time="2024-06-07T14:14:54.329056" level="INFO">/opt/hostedtoolcache/Python/3.12.3/x64/lib/python3.12/site-packages/urllib3/connectionpool.py:1103: InsecureRequestWarning: Unverified HTTPS request is being made to host 'randomuser.me'. Adding certificate verification is strongly advised. See: https://urllib3.readthedocs.io/en/latest/advanced-usage.html#tls-warnings
  warnings.warn(</msg>
<msg time="2024-06-07T14:14:54.329150" level="INFO">${response} = &lt;Response [200]&gt;</msg>
<var>${response}</var>
<arg>consultarAPI</arg>
<arg>/api</arg>
<doc>Sends a GET request on a previously created HTTP Session.</doc>
<status status="PASS" start="2024-06-07T14:14:54.216588" elapsed="0.112601"/>
</kw>
<kw name="Set Variable" owner="BuiltIn">
<msg time="2024-06-07T14:14:54.330188" level="INFO">${json_data} = {'results': [{'gender': 'male', 'name': {'title': 'Mr', 'first': 'Volkan', 'last': 'Öztürk'}, 'location': {'street': {'number': 2169, 'name': 'Istiklal Cd'}, 'city': 'Artvin', 'state': 'Van', 'country...</msg>
<var>${json_data}</var>
<arg>${response.json()}</arg>
<doc>Returns the given values which can then be assigned to a variables.</doc>
<status status="PASS" start="2024-06-07T14:14:54.329628" elapsed="0.000589"/>
</kw>
<kw name="Set Variable" owner="BuiltIn">
<msg time="2024-06-07T14:14:54.330927" level="INFO">${name_title} = Mr</msg>
<var>${name_title}</var>
<arg>${json_data["results"][0]["name"]["title"]}</arg>
<doc>Returns the given values which can then be assigned to a variables.</doc>
<status status="PASS" start="2024-06-07T14:14:54.330544" elapsed="0.000408"/>
</kw>
<kw name="Create List" owner="BuiltIn">
<msg time="2024-06-07T14:14:54.331399" level="INFO">${allowed_titles} = ['Mr', 'Ms', 'Miss', 'Mrs', 'Madame', 'Monsieur']</msg>
<var>${allowed_titles}</var>
<arg>Mr</arg>
<arg>Ms</arg>
<arg>Miss</arg>
<arg>Mrs</arg>
<arg>Madame</arg>
<arg>Monsieur</arg>
<doc>Returns a list containing given items.</doc>
<status status="PASS" start="2024-06-07T14:14:54.331252" elapsed="0.000173"/>
</kw>
<kw name="List Should Contain Value" owner="Collections">
<msg time="2024-06-07T14:14:54.331901" level="INFO">False</msg>
<arg>${allowed_titles}</arg>
<arg>${name_title}</arg>
<doc>Fails if the ``value`` is not found from ``list``.</doc>
<status status="PASS" start="2024-06-07T14:14:54.331730" elapsed="0.000207"/>
</kw>
<kw name="Set Variable" owner="BuiltIn">
<msg time="2024-06-07T14:14:54.332638" level="INFO">${name_country} = TR</msg>
<var>${name_country}</var>
<arg>${json_data["results"][0]["nat"]}</arg>
<doc>Returns the given values which can then be assigned to a variables.</doc>
<status status="PASS" start="2024-06-07T14:14:54.332226" elapsed="0.000438"/>
</kw>
<kw name="Create List" owner="BuiltIn">
<msg time="2024-06-07T14:14:54.333559" level="INFO">${list_country} = ['AD', 'AE', 'AF', 'AG', 'AI', 'AL', 'AM', 'AO', 'AQ', 'AR', 'AS', 'AT', 'AU', 'AW', 'AX', 'AZ', 'BA', 'BB', 'BD', 'BE', 'BF', 'BG', 'BH', 'BI', 'BJ', 'BL', 'BM', 'BN', 'BO', 'BQ', 'BR', 'BS', 'BT', '...</msg>
<var>${list_country}</var>
<arg>AD</arg>
<arg>AE</arg>
<arg>AF</arg>
<arg>AG</arg>
<arg>AI</arg>
<arg>AL</arg>
<arg>AM</arg>
<arg>AO</arg>
<arg>AQ</arg>
<arg>AR</arg>
<arg>AS</arg>
<arg>AT</arg>
<arg>AU</arg>
<arg>AW</arg>
<arg>AX</arg>
<arg>AZ</arg>
<arg>BA</arg>
<arg>BB</arg>
<arg>BD</arg>
<arg>BE</arg>
<arg>BF</arg>
<arg>BG</arg>
<arg>BH</arg>
<arg>BI</arg>
<arg>BJ</arg>
<arg>BL</arg>
<arg>BM</arg>
<arg>BN</arg>
<arg>BO</arg>
<arg>BQ</arg>
<arg>BR</arg>
<arg>BS</arg>
<arg>BT</arg>
<arg>BV</arg>
<arg>BW</arg>
<arg>BY</arg>
<arg>BZ</arg>
<arg>CA</arg>
<arg>CC</arg>
<arg>CD</arg>
<arg>CF</arg>
<arg>CG</arg>
<arg>CH</arg>
<arg>CI</arg>
<arg>CK</arg>
<arg>CL</arg>
<arg>CM</arg>
<arg>CN</arg>
<arg>CO</arg>
<arg>CR</arg>
<arg>CU</arg>
<arg>CV</arg>
<arg>CW</arg>
<arg>CX</arg>
<arg>CY</arg>
<arg>CZ</arg>
<arg>DE</arg>
<arg>DJ</arg>
<arg>DK</arg>
<arg>DM</arg>
<arg>DO</arg>
<arg>DZ</arg>
<arg>EC</arg>
<arg>EE</arg>
<arg>EG</arg>
<arg>EH</arg>
<arg>ER</arg>
<arg>ES</arg>
<arg>ET</arg>
<arg>FI</arg>
<arg>FJ</arg>
<arg>FK</arg>
<arg>FM</arg>
<arg>FO</arg>
<arg>FR</arg>
<arg>GA</arg>
<arg>GB</arg>
<arg>GD</arg>
<arg>GE</arg>
<arg>GF</arg>
<arg>GG</arg>
<arg>GH</arg>
<arg>GI</arg>
<arg>GL</arg>
<arg>GM</arg>
<arg>GN</arg>
<arg>GP</arg>
<arg>GQ</arg>
<arg>GR</arg>
<arg>GS</arg>
<arg>GT</arg>
<arg>GU</arg>
<arg>GW</arg>
<arg>GY</arg>
<arg>HK</arg>
<arg>HM</arg>
<arg>HN</arg>
<arg>HR</arg>
<arg>HT</arg>
<arg>HU</arg>
<arg>ID</arg>
<arg>IE</arg>
<arg>IL</arg>
<arg>IM</arg>
<arg>IN</arg>
<arg>IO</arg>
<arg>IQ</arg>
<arg>IR</arg>
<arg>IS</arg>
<arg>IT</arg>
<arg>JE</arg>
<arg>JM</arg>
<arg>JO</arg>
<arg>JP</arg>
<arg>KE</arg>
<arg>KG</arg>
<arg>KH</arg>
<arg>KI</arg>
<arg>KM</arg>
<arg>KN</arg>
<arg>KP</arg>
<arg>KR</arg>
<arg>KW</arg>
<arg>KY</arg>
<arg>KZ</arg>
<arg>LA</arg>
<arg>LB</arg>
<arg>LC</arg>
<arg>LI</arg>
<arg>LK</arg>
<arg>LR</arg>
<arg>LS</arg>
<arg>LT</arg>
<arg>LU</arg>
<arg>LV</arg>
<arg>LY</arg>
<arg>MA</arg>
<arg>MC</arg>
<arg>MD</arg>
<arg>ME</arg>
<arg>MF</arg>
<arg>MG</arg>
<arg>MH</arg>
<arg>MK</arg>
<arg>ML</arg>
<arg>MM</arg>
<arg>MN</arg>
<arg>MO</arg>
<arg>MP</arg>
<arg>MQ</arg>
<arg>MR</arg>
<arg>MS</arg>
<arg>MT</arg>
<arg>MU</arg>
<arg>MV</arg>
<arg>MW</arg>
<arg>MX</arg>
<arg>MY</arg>
<arg>MZ</arg>
<arg>NA</arg>
<arg>NC</arg>
<arg>NE</arg>
<arg>NF</arg>
<arg>NG</arg>
<arg>NI</arg>
<arg>NL</arg>
<arg>NO</arg>
<arg>NP</arg>
<arg>NR</arg>
<arg>NU</arg>
<arg>NZ</arg>
<arg>OM</arg>
<arg>PA</arg>
<arg>PE</arg>
<arg>PF</arg>
<arg>PG</arg>
<arg>PH</arg>
<arg>PK</arg>
<arg>PL</arg>
<arg>PM</arg>
<arg>PN</arg>
<arg>PR</arg>
<arg>PS</arg>
<arg>PT</arg>
<arg>PW</arg>
<arg>PY</arg>
<arg>QA</arg>
<arg>RE</arg>
<arg>RO</arg>
<arg>RS</arg>
<arg>RU</arg>
<arg>RW</arg>
<arg>SA</arg>
<arg>SB</arg>
<arg>SC</arg>
<arg>SD</arg>
<arg>SE</arg>
<arg>SG</arg>
<arg>SH</arg>
<arg>SI</arg>
<arg>SJ</arg>
<arg>SK</arg>
<arg>SL</arg>
<arg>SM</arg>
<arg>SN</arg>
<arg>SO</arg>
<arg>SR</arg>
<arg>SS</arg>
<arg>ST</arg>
<arg>SV</arg>
<arg>SX</arg>
<arg>SY</arg>
<arg>SZ</arg>
<arg>TC</arg>
<arg>TD</arg>
<arg>TF</arg>
<arg>TG</arg>
<arg>TH</arg>
<arg>TJ</arg>
<arg>TK</arg>
<arg>TL</arg>
<arg>TM</arg>
<arg>TN</arg>
<arg>TO</arg>
<arg>TR</arg>
<arg>TT</arg>
<arg>TV</arg>
<arg>TW</arg>
<arg>TZ</arg>
<arg>UA</arg>
<arg>UG</arg>
<arg>UM</arg>
<arg>US</arg>
<arg>UY</arg>
<arg>UZ</arg>
<arg>VA</arg>
<arg>VC</arg>
<arg>VE</arg>
<arg>VG</arg>
<arg>VI</arg>
<arg>VN</arg>
<arg>VU</arg>
<arg>WF</arg>
<arg>WS</arg>
<arg>XK</arg>
<arg>YE</arg>
<arg>YT</arg>
<arg>ZA</arg>
<arg>ZM</arg>
<arg>ZW</arg>
<doc>Returns a list containing given items.</doc>
<status status="PASS" start="2024-06-07T14:14:54.332968" elapsed="0.000616"/>
</kw>
<kw name="List Should Contain Value" owner="Collections">
<msg time="2024-06-07T14:14:54.334567" level="INFO">False</msg>
<arg>${list_country}</arg>
<arg>${name_country}</arg>
<doc>Fails if the ``value`` is not found from ``list``.</doc>
<status status="PASS" start="2024-06-07T14:14:54.334362" elapsed="0.000241"/>
</kw>
<kw name="Run Keyword If" owner="BuiltIn">
<kw name="Should Be True" owner="BuiltIn">
<arg>${True}</arg>
<doc>Fails if the given condition is not true.</doc>
<status status="PASS" start="2024-06-07T14:14:54.335641" elapsed="0.000140"/>
</kw>
<arg>${json_data["results"][0]["location"]["coordinates"]["latitude"]} &gt;= -90 and ${json_data["results"][0]["location"]["coordinates"]["latitude"]} &lt;= 90</arg>
<arg>Should Be True</arg>
<arg>${True}</arg>
<doc>Runs the given keyword with the given arguments, if ``condition`` is true.</doc>
<status status="PASS" start="2024-06-07T14:14:54.334910" elapsed="0.000996"/>
</kw>
<kw name="Run Keyword If" owner="BuiltIn">
<kw name="Should Be True" owner="BuiltIn">
<arg>${True}</arg>
<doc>Fails if the given condition is not true.</doc>
<status status="PASS" start="2024-06-07T14:14:54.336826" elapsed="0.000239"/>
</kw>
<arg>${json_data["results"][0]["location"]["coordinates"]["longitude"]} &gt;= -180 and ${json_data["results"][0]["location"]["coordinates"]["longitude"]} &lt;= 180</arg>
<arg>Should Be True</arg>
<arg>${True}</arg>
<doc>Runs the given keyword with the given arguments, if ``condition`` is true.</doc>
<status status="PASS" start="2024-06-07T14:14:54.336092" elapsed="0.001099"/>
</kw>
<status status="PASS" start="2024-06-07T14:14:54.216342" elapsed="0.120975"/>
</kw>
<doc>Testa o conteúdo específico dos campos retornados pela API.</doc>
<tag>testeConteudo</tag>
<status status="PASS" start="2024-06-07T14:14:54.215838" elapsed="0.121619"/>
</test>
<status status="PASS" start="2024-06-07T14:14:53.461870" elapsed="0.877486"/>
</suite>
<status status="PASS" start="2024-06-07T14:14:53.448675" elapsed="0.895781"/>
</suite>
<statistics>
<total>
<stat pass="5" fail="0" skip="0">All Tests</stat>
</total>
<tag>
<stat pass="1" fail="0" skip="0">testeConteudo</stat>
<stat pass="1" fail="0" skip="0">testeEstruturaResposta</stat>
<stat pass="1" fail="0" skip="0">testeRequisicaoBasica</stat>
<stat pass="1" fail="0" skip="0">testeTiposDados</stat>
</tag>
<suite>
<stat pass="5" fail="0" skip="0" id="s1" name="Tests">Tests</stat>
<stat pass="5" fail="0" skip="0" id="s1-s1" name="Random-User-Test">Tests.Random-User-Test</stat>
</suite>
</statistics>
<errors>
</errors>
</robot>
