<?xml version="1.0" encoding="UTF-8"?>
<robot generator="Robot 7.0 (Python 3.12.2 on linux)" generated="2024-03-27T08:18:08.445646" rpa="false" schemaversion="5">
<suite id="s1" name="Tests" source="/home/runner/work/DesafioQAItauRogerioJordao/DesafioQAItauRogerioJordao/RamdonUser/tests">
<suite id="s1-s1" name="Random-User-Test" source="/home/runner/work/DesafioQAItauRogerioJordao/DesafioQAItauRogerioJordao/RamdonUser/tests/random-user-test.robot">
<test id="s1-s1-t1" name="Conectar" line="13">
<kw name="Conectar API" owner="random-user-service">
<kw name="Create Session" owner="RequestsLibrary">
<msg time="2024-03-27T08:18:08.802029" level="INFO">Creating Session using : alias=consultarAPI, url=https://randomuser.me/, headers={},                     cookies={}, auth=None, timeout=None, proxies=None, verify=False,                     debug=0 </msg>
<arg>consultarAPI</arg>
<arg>${URL}</arg>
<doc>Create Session: create a HTTP session to a server</doc>
<status status="PASS" start="2024-03-27T08:18:08.801815" elapsed="0.000417"/>
</kw>
<status status="PASS" start="2024-03-27T08:18:08.800717" elapsed="0.001898"/>
</kw>
<status status="PASS" start="2024-03-27T08:18:08.800134" elapsed="0.002702"/>
</test>
<test id="s1-s1-t2" name="Validar retorno 200 e JSON Válido" line="16">
<kw name="Teste de Requisicao Basica" owner="random-user-service">
<kw name="GET On Session" owner="RequestsLibrary">
<msg time="2024-03-27T08:18:08.862462" level="INFO">GET Request : url=https://randomuser.me/api 
 path_url=/api 
 headers={'User-Agent': 'python-requests/2.31.0', 'Accept-Encoding': 'gzip, deflate', 'Accept': '*/*', 'Connection': 'keep-alive'} 
 body=None 
 </msg>
<msg time="2024-03-27T08:18:08.862613" level="INFO">GET Response : url=https://randomuser.me/api 
 status=200, reason=OK 
 headers={'Date': 'Wed, 27 Mar 2024 08:18:08 GMT', 'Content-Type': 'application/json; charset=utf-8', 'Transfer-Encoding': 'chunked', 'Connection': 'keep-alive', 'X-Powered-By': 'Express', 'Access-Control-Allow-Origin': '*', 'Cache-Control': 'no-cache', 'ETag': 'W/"482-bVXOIcJ73VGcjN0lrmyjoyyeJQE"', 'Vary': 'Accept-Encoding', 'Content-Encoding': 'gzip', 'CF-Cache-Status': 'DYNAMIC', 'Report-To': '{"endpoints":[{"url":"https:\\/\\/a.nel.cloudflare.com\\/report\\/v4?s=iSV%2BmjY0wTN1oEDZksJEDr0ZlfDAFFm8m5bBisDGbt4B7R0Fks101wKJB5EpAro3ys6SE4%2BejAelq0ys7DL3LZu76KWBrrkoVIu7SRCYxdVFGpUjAqCuV%2FNCKQocHLdM"}],"group":"cf-nel","max_age":604800}', 'NEL': '{"success_fraction":0,"report_to":"cf-nel","max_age":604800}', 'Server': 'cloudflare', 'CF-RAY': '86adf2b52dd7388b-IAD', 'alt-svc': 'h3=":443"; ma=86400'} 
 body={"results":[{"gender":"male","name":{"title":"Mr","first":"Lawrence","last":"Butler"},"location":{"street":{"number":956,"name":"North Road"},"city":"Newport","state":"County Fermanagh","country":"United Kingdom","postcode":"MM5V 3RS","coordinates":{"latitude":"-6.3817","longitude":"-20.9910"},"timezone":{"offset":"+5:45","description":"Kathmandu"}},"email":"lawrence.butler@example.com","login":{"uuid":"91c1883a-872c-466d-8eb5-6aa3055f8c00","username":"sadfrog449","password":"swim","salt":"FDiWAy3X","md5":"c14ce8c4ca052a30ae632f788ce010fb","sha1":"c33305df0ee32b2f8e54966631a5a5207bcf076a","sha256":"1ab02345d799a7e817b42015e56ab338c0fb6b2f59b773a5559b0fde5518d510"},"dob":{"date":"1980-12-19T18:55:01.404Z","age":43},"registered":{"date":"2015-03-24T09:58:23.369Z","age":9},"phone":"017687 72218","cell":"07642 113279","id":{"name":"NINO","value":"KK 92 42 06 A"},"picture":{"large":"https://randomuser.me/api/portraits/men/19.jpg","medium":"https://randomuser.me/api/portraits/med/men/19.jpg","thumbnail":"https://randomuser.me/api/portraits/thumb/men/19.jpg"},"nat":"GB"}],"info":{"seed":"b36aa782388de18a","results":1,"page":1,"version":"1.4"}} 
 </msg>
<msg time="2024-03-27T08:18:08.862721" level="INFO">/opt/hostedtoolcache/Python/3.12.2/x64/lib/python3.12/site-packages/urllib3/connectionpool.py:1103: InsecureRequestWarning: Unverified HTTPS request is being made to host 'randomuser.me'. Adding certificate verification is strongly advised. See: https://urllib3.readthedocs.io/en/latest/advanced-usage.html#tls-warnings
  warnings.warn(</msg>
<msg time="2024-03-27T08:18:08.862854" level="INFO">${response} = &lt;Response [200]&gt;</msg>
<var>${response}</var>
<arg>consultarAPI</arg>
<arg>/api</arg>
<doc>Sends a GET request on a previously created HTTP Session.</doc>
<status status="PASS" start="2024-03-27T08:18:08.805547" elapsed="0.057337"/>
</kw>
<kw name="Should Be Equal As Numbers" owner="BuiltIn">
<msg time="2024-03-27T08:18:08.863996" level="INFO">Argument types are:
&lt;class 'int'&gt;
&lt;class 'str'&gt;</msg>
<arg>${response.status_code}</arg>
<arg>200</arg>
<doc>Fails if objects are unequal after converting them to real numbers.</doc>
<status status="PASS" start="2024-03-27T08:18:08.863528" elapsed="0.000532"/>
</kw>
<kw name="Log" owner="BuiltIn">
<msg time="2024-03-27T08:18:08.864760" level="INFO">200</msg>
<arg>${response.status_code}</arg>
<doc>Logs the given message with the given level.</doc>
<status status="PASS" start="2024-03-27T08:18:08.864407" elapsed="0.000396"/>
</kw>
<kw name="Set Variable" owner="BuiltIn">
<msg time="2024-03-27T08:18:08.865585" level="INFO">${json_data} = {'results': [{'gender': 'male', 'name': {'title': 'Mr', 'first': 'Lawrence', 'last': 'Butler'}, 'location': {'street': {'number': 956, 'name': 'North Road'}, 'city': 'Newport', 'state': 'County Ferman...</msg>
<var>${json_data}</var>
<arg>${response.json()}</arg>
<doc>Returns the given values which can then be assigned to a variables.</doc>
<status status="PASS" start="2024-03-27T08:18:08.865128" elapsed="0.000485"/>
</kw>
<kw name="Dictionary Should Contain Key" owner="Collections">
<msg time="2024-03-27T08:18:08.866113" level="INFO">False</msg>
<arg>${json_data}</arg>
<arg>results</arg>
<doc>Fails if ``key`` is not found from ``dictionary``.</doc>
<status status="PASS" start="2024-03-27T08:18:08.865934" elapsed="0.000218"/>
</kw>
<status status="PASS" start="2024-03-27T08:18:08.805281" elapsed="0.061147"/>
</kw>
<doc>Testa se a API responde corretamente e retorna um objeto JSON válido.</doc>
<tag>testeRequisicaoBasica</tag>
<status status="PASS" start="2024-03-27T08:18:08.804777" elapsed="0.061892"/>
</test>
<test id="s1-s1-t3" name="Validar estrutura de resposta" line="22">
<kw name="Teste de Estrutura de Resposta" owner="random-user-service">
<kw name="GET On Session" owner="RequestsLibrary">
<msg time="2024-03-27T08:18:08.961970" level="INFO">GET Request : url=https://randomuser.me/api 
 path_url=/api 
 headers={'User-Agent': 'python-requests/2.31.0', 'Accept-Encoding': 'gzip, deflate', 'Accept': '*/*', 'Connection': 'keep-alive'} 
 body=None 
 </msg>
<msg time="2024-03-27T08:18:08.962070" level="INFO">GET Response : url=https://randomuser.me/api 
 status=200, reason=OK 
 headers={'Date': 'Wed, 27 Mar 2024 08:18:08 GMT', 'Content-Type': 'application/json; charset=utf-8', 'Transfer-Encoding': 'chunked', 'Connection': 'keep-alive', 'X-Powered-By': 'Express', 'Access-Control-Allow-Origin': '*', 'Cache-Control': 'no-cache', 'ETag': 'W/"47e-9wPMLl0f0l/HsgzbTmkrbnkP+/E"', 'Vary': 'Accept-Encoding', 'Content-Encoding': 'gzip', 'CF-Cache-Status': 'DYNAMIC', 'Report-To': '{"endpoints":[{"url":"https:\\/\\/a.nel.cloudflare.com\\/report\\/v4?s=QFvoThh00Sk8wTPniZtjmTZpNuoMc%2Bpwakyq9ALPvNVi07uvqkvOq9vX6bDDSg7FoN0RqJ39lod0aC%2FDFNzsdvZZF5ZpKp1bADDEtUt%2Fvvk%2FSOKlXuAhXg6d34Ime3fa"}],"group":"cf-nel","max_age":604800}', 'NEL': '{"success_fraction":0,"report_to":"cf-nel","max_age":604800}', 'Server': 'cloudflare', 'CF-RAY': '86adf2b57e19388b-IAD', 'alt-svc': 'h3=":443"; ma=86400'} 
 body={"results":[{"gender":"female","name":{"title":"Ms","first":"Ellen","last":"Rogne"},"location":{"street":{"number":8719,"name":"Bølerskrenten"},"city":"Sveggen","state":"Vestfold","country":"Norway","postcode":"1666","coordinates":{"latitude":"40.5220","longitude":"29.5001"},"timezone":{"offset":"-8:00","description":"Pacific Time (US &amp; Canada)"}},"email":"ellen.rogne@example.com","login":{"uuid":"4ad2d1cf-0804-4000-b7ec-7820ecb602d1","username":"silverladybug605","password":"this","salt":"IbradbmE","md5":"f6d18b31f5ecd775350b7815f8389fa5","sha1":"787d3cf298d1eb99940dda10c740d711c9608c86","sha256":"9666e53e5042b43c0e8ba9c7a873f21c67a677501a86e8e0f090487bced86153"},"dob":{"date":"1952-02-24T09:58:17.410Z","age":72},"registered":{"date":"2002-10-26T10:05:34.436Z","age":21},"phone":"77301802","cell":"94263693","id":{"name":"FN","value":"24025200213"},"picture":{"large":"https://randomuser.me/api/portraits/women/86.jpg","medium":"https://randomuser.me/api/portraits/med/women/86.jpg","thumbnail":"https://randomuser.me/api/portraits/thumb/women/86.jpg"},"nat":"NO"}],"info":{"seed":"fc3b4535ba7ced5c","results":1,"page":1,"version":"1.4"}} 
 </msg>
<msg time="2024-03-27T08:18:08.962215" level="INFO">/opt/hostedtoolcache/Python/3.12.2/x64/lib/python3.12/site-packages/urllib3/connectionpool.py:1103: InsecureRequestWarning: Unverified HTTPS request is being made to host 'randomuser.me'. Adding certificate verification is strongly advised. See: https://urllib3.readthedocs.io/en/latest/advanced-usage.html#tls-warnings
  warnings.warn(</msg>
<msg time="2024-03-27T08:18:08.962337" level="INFO">${response} = &lt;Response [200]&gt;</msg>
<var>${response}</var>
<arg>consultarAPI</arg>
<arg>/api</arg>
<doc>Sends a GET request on a previously created HTTP Session.</doc>
<status status="PASS" start="2024-03-27T08:18:08.869937" elapsed="0.092438"/>
</kw>
<kw name="Set Variable" owner="BuiltIn">
<msg time="2024-03-27T08:18:08.963474" level="INFO">${json_data} = {'results': [{'gender': 'female', 'name': {'title': 'Ms', 'first': 'Ellen', 'last': 'Rogne'}, 'location': {'street': {'number': 8719, 'name': 'Bølerskrenten'}, 'city': 'Sveggen', 'state': 'Vestfold', ...</msg>
<var>${json_data}</var>
<arg>${response.json()}</arg>
<doc>Returns the given values which can then be assigned to a variables.</doc>
<status status="PASS" start="2024-03-27T08:18:08.962895" elapsed="0.000610"/>
</kw>
<kw name="Log" owner="BuiltIn">
<msg time="2024-03-27T08:18:08.963996" level="INFO">{'results': [{'gender': 'female', 'name': {'title': 'Ms', 'first': 'Ellen', 'last': 'Rogne'}, 'location': {'street': {'number': 8719, 'name': 'Bølerskrenten'}, 'city': 'Sveggen', 'state': 'Vestfold', 'country': 'Norway', 'postcode': '1666', 'coordinates': {'latitude': '40.5220', 'longitude': '29.5001'}, 'timezone': {'offset': '-8:00', 'description': 'Pacific Time (US &amp; Canada)'}}, 'email': 'ellen.rogne@example.com', 'login': {'uuid': '4ad2d1cf-0804-4000-b7ec-7820ecb602d1', 'username': 'silverladybug605', 'password': 'this', 'salt': 'IbradbmE', 'md5': 'f6d18b31f5ecd775350b7815f8389fa5', 'sha1': '787d3cf298d1eb99940dda10c740d711c9608c86', 'sha256': '9666e53e5042b43c0e8ba9c7a873f21c67a677501a86e8e0f090487bced86153'}, 'dob': {'date': '1952-02-24T09:58:17.410Z', 'age': 72}, 'registered': {'date': '2002-10-26T10:05:34.436Z', 'age': 21}, 'phone': '77301802', 'cell': '94263693', 'id': {'name': 'FN', 'value': '24025200213'}, 'picture': {'large': 'https://randomuser.me/api/portraits/women/86.jpg', 'medium': 'https://randomuser.me/api/portraits/med/women/86.jpg', 'thumbnail': 'https://randomuser.me/api/portraits/thumb/women/86.jpg'}, 'nat': 'NO'}], 'info': {'seed': 'fc3b4535ba7ced5c', 'results': 1, 'page': 1, 'version': '1.4'}}</msg>
<arg>${json_data}</arg>
<doc>Logs the given message with the given level.</doc>
<status status="PASS" start="2024-03-27T08:18:08.963829" elapsed="0.000219"/>
</kw>
<kw name="Dictionary Should Contain Key" owner="Collections">
<msg time="2024-03-27T08:18:08.964509" level="INFO">False</msg>
<arg>${json_data}</arg>
<arg>results</arg>
<doc>Fails if ``key`` is not found from ``dictionary``.</doc>
<status status="PASS" start="2024-03-27T08:18:08.964350" elapsed="0.000198"/>
</kw>
<kw name="Should Not Be Empty" owner="BuiltIn">
<msg time="2024-03-27T08:18:08.964978" level="INFO">Length is 2.</msg>
<arg>${json_data}</arg>
<doc>Verifies that the given item is not empty.</doc>
<status status="PASS" start="2024-03-27T08:18:08.964846" elapsed="0.000171"/>
</kw>
<kw name="Create List" owner="BuiltIn">
<msg time="2024-03-27T08:18:08.965474" level="INFO">${expected_keys} = ['gender', 'name', 'location', 'email', 'login']</msg>
<var>${expected_keys}</var>
<arg>gender</arg>
<arg>name</arg>
<arg>location</arg>
<arg>email</arg>
<arg>login</arg>
<doc>Returns a list containing given items.</doc>
<status status="PASS" start="2024-03-27T08:18:08.965318" elapsed="0.000180"/>
</kw>
<for flavor="IN">
<iter>
<kw name="Dictionary Should Contain Key" owner="Collections">
<msg time="2024-03-27T08:18:08.966498" level="INFO">False</msg>
<arg>${json_data['results'][0]}</arg>
<arg>${key}</arg>
<doc>Fails if ``key`` is not found from ``dictionary``.</doc>
<status status="PASS" start="2024-03-27T08:18:08.966090" elapsed="0.000448"/>
</kw>
<kw name="Log" owner="BuiltIn">
<msg time="2024-03-27T08:18:08.967230" level="INFO">{'gender': 'female', 'name': {'title': 'Ms', 'first': 'Ellen', 'last': 'Rogne'}, 'location': {'street': {'number': 8719, 'name': 'Bølerskrenten'}, 'city': 'Sveggen', 'state': 'Vestfold', 'country': 'Norway', 'postcode': '1666', 'coordinates': {'latitude': '40.5220', 'longitude': '29.5001'}, 'timezone': {'offset': '-8:00', 'description': 'Pacific Time (US &amp; Canada)'}}, 'email': 'ellen.rogne@example.com', 'login': {'uuid': '4ad2d1cf-0804-4000-b7ec-7820ecb602d1', 'username': 'silverladybug605', 'password': 'this', 'salt': 'IbradbmE', 'md5': 'f6d18b31f5ecd775350b7815f8389fa5', 'sha1': '787d3cf298d1eb99940dda10c740d711c9608c86', 'sha256': '9666e53e5042b43c0e8ba9c7a873f21c67a677501a86e8e0f090487bced86153'}, 'dob': {'date': '1952-02-24T09:58:17.410Z', 'age': 72}, 'registered': {'date': '2002-10-26T10:05:34.436Z', 'age': 21}, 'phone': '77301802', 'cell': '94263693', 'id': {'name': 'FN', 'value': '24025200213'}, 'picture': {'large': 'https://randomuser.me/api/portraits/women/86.jpg', 'medium': 'https://randomuser.me/api/portraits/med/women/86.jpg', 'thumbnail': 'https://randomuser.me/api/portraits/thumb/women/86.jpg'}, 'nat': 'NO'}</msg>
<arg>${json_data['results'][0]}</arg>
<doc>Logs the given message with the given level.</doc>
<status status="PASS" start="2024-03-27T08:18:08.966846" elapsed="0.000442"/>
</kw>
<kw name="Log" owner="BuiltIn">
<msg time="2024-03-27T08:18:08.967763" level="INFO">gender</msg>
<arg>${key}</arg>
<doc>Logs the given message with the given level.</doc>
<status status="PASS" start="2024-03-27T08:18:08.967623" elapsed="0.000179"/>
</kw>
<var name="${key}">gender</var>
<status status="PASS" start="2024-03-27T08:18:08.965965" elapsed="0.002064"/>
</iter>
<iter>
<kw name="Dictionary Should Contain Key" owner="Collections">
<msg time="2024-03-27T08:18:08.968726" level="INFO">False</msg>
<arg>${json_data['results'][0]}</arg>
<arg>${key}</arg>
<doc>Fails if ``key`` is not found from ``dictionary``.</doc>
<status status="PASS" start="2024-03-27T08:18:08.968338" elapsed="0.000427"/>
</kw>
<kw name="Log" owner="BuiltIn">
<msg time="2024-03-27T08:18:08.969469" level="INFO">{'gender': 'female', 'name': {'title': 'Ms', 'first': 'Ellen', 'last': 'Rogne'}, 'location': {'street': {'number': 8719, 'name': 'Bølerskrenten'}, 'city': 'Sveggen', 'state': 'Vestfold', 'country': 'Norway', 'postcode': '1666', 'coordinates': {'latitude': '40.5220', 'longitude': '29.5001'}, 'timezone': {'offset': '-8:00', 'description': 'Pacific Time (US &amp; Canada)'}}, 'email': 'ellen.rogne@example.com', 'login': {'uuid': '4ad2d1cf-0804-4000-b7ec-7820ecb602d1', 'username': 'silverladybug605', 'password': 'this', 'salt': 'IbradbmE', 'md5': 'f6d18b31f5ecd775350b7815f8389fa5', 'sha1': '787d3cf298d1eb99940dda10c740d711c9608c86', 'sha256': '9666e53e5042b43c0e8ba9c7a873f21c67a677501a86e8e0f090487bced86153'}, 'dob': {'date': '1952-02-24T09:58:17.410Z', 'age': 72}, 'registered': {'date': '2002-10-26T10:05:34.436Z', 'age': 21}, 'phone': '77301802', 'cell': '94263693', 'id': {'name': 'FN', 'value': '24025200213'}, 'picture': {'large': 'https://randomuser.me/api/portraits/women/86.jpg', 'medium': 'https://randomuser.me/api/portraits/med/women/86.jpg', 'thumbnail': 'https://randomuser.me/api/portraits/thumb/women/86.jpg'}, 'nat': 'NO'}</msg>
<arg>${json_data['results'][0]}</arg>
<doc>Logs the given message with the given level.</doc>
<status status="PASS" start="2024-03-27T08:18:08.969099" elapsed="0.000421"/>
</kw>
<kw name="Log" owner="BuiltIn">
<msg time="2024-03-27T08:18:08.969966" level="INFO">name</msg>
<arg>${key}</arg>
<doc>Logs the given message with the given level.</doc>
<status status="PASS" start="2024-03-27T08:18:08.969836" elapsed="0.000168"/>
</kw>
<var name="${key}">name</var>
<status status="PASS" start="2024-03-27T08:18:08.968222" elapsed="0.002000"/>
</iter>
<iter>
<kw name="Dictionary Should Contain Key" owner="Collections">
<msg time="2024-03-27T08:18:08.970902" level="INFO">False</msg>
<arg>${json_data['results'][0]}</arg>
<arg>${key}</arg>
<doc>Fails if ``key`` is not found from ``dictionary``.</doc>
<status status="PASS" start="2024-03-27T08:18:08.970516" elapsed="0.000424"/>
</kw>
<kw name="Log" owner="BuiltIn">
<msg time="2024-03-27T08:18:08.971653" level="INFO">{'gender': 'female', 'name': {'title': 'Ms', 'first': 'Ellen', 'last': 'Rogne'}, 'location': {'street': {'number': 8719, 'name': 'Bølerskrenten'}, 'city': 'Sveggen', 'state': 'Vestfold', 'country': 'Norway', 'postcode': '1666', 'coordinates': {'latitude': '40.5220', 'longitude': '29.5001'}, 'timezone': {'offset': '-8:00', 'description': 'Pacific Time (US &amp; Canada)'}}, 'email': 'ellen.rogne@example.com', 'login': {'uuid': '4ad2d1cf-0804-4000-b7ec-7820ecb602d1', 'username': 'silverladybug605', 'password': 'this', 'salt': 'IbradbmE', 'md5': 'f6d18b31f5ecd775350b7815f8389fa5', 'sha1': '787d3cf298d1eb99940dda10c740d711c9608c86', 'sha256': '9666e53e5042b43c0e8ba9c7a873f21c67a677501a86e8e0f090487bced86153'}, 'dob': {'date': '1952-02-24T09:58:17.410Z', 'age': 72}, 'registered': {'date': '2002-10-26T10:05:34.436Z', 'age': 21}, 'phone': '77301802', 'cell': '94263693', 'id': {'name': 'FN', 'value': '24025200213'}, 'picture': {'large': 'https://randomuser.me/api/portraits/women/86.jpg', 'medium': 'https://randomuser.me/api/portraits/med/women/86.jpg', 'thumbnail': 'https://randomuser.me/api/portraits/thumb/women/86.jpg'}, 'nat': 'NO'}</msg>
<arg>${json_data['results'][0]}</arg>
<doc>Logs the given message with the given level.</doc>
<status status="PASS" start="2024-03-27T08:18:08.971243" elapsed="0.000468"/>
</kw>
<kw name="Log" owner="BuiltIn">
<msg time="2024-03-27T08:18:08.972144" level="INFO">location</msg>
<arg>${key}</arg>
<doc>Logs the given message with the given level.</doc>
<status status="PASS" start="2024-03-27T08:18:08.972014" elapsed="0.000168"/>
</kw>
<var name="${key}">location</var>
<status status="PASS" start="2024-03-27T08:18:08.970403" elapsed="0.001998"/>
</iter>
<iter>
<kw name="Dictionary Should Contain Key" owner="Collections">
<msg time="2024-03-27T08:18:08.973069" level="INFO">False</msg>
<arg>${json_data['results'][0]}</arg>
<arg>${key}</arg>
<doc>Fails if ``key`` is not found from ``dictionary``.</doc>
<status status="PASS" start="2024-03-27T08:18:08.972688" elapsed="0.000419"/>
</kw>
<kw name="Log" owner="BuiltIn">
<msg time="2024-03-27T08:18:08.973774" level="INFO">{'gender': 'female', 'name': {'title': 'Ms', 'first': 'Ellen', 'last': 'Rogne'}, 'location': {'street': {'number': 8719, 'name': 'Bølerskrenten'}, 'city': 'Sveggen', 'state': 'Vestfold', 'country': 'Norway', 'postcode': '1666', 'coordinates': {'latitude': '40.5220', 'longitude': '29.5001'}, 'timezone': {'offset': '-8:00', 'description': 'Pacific Time (US &amp; Canada)'}}, 'email': 'ellen.rogne@example.com', 'login': {'uuid': '4ad2d1cf-0804-4000-b7ec-7820ecb602d1', 'username': 'silverladybug605', 'password': 'this', 'salt': 'IbradbmE', 'md5': 'f6d18b31f5ecd775350b7815f8389fa5', 'sha1': '787d3cf298d1eb99940dda10c740d711c9608c86', 'sha256': '9666e53e5042b43c0e8ba9c7a873f21c67a677501a86e8e0f090487bced86153'}, 'dob': {'date': '1952-02-24T09:58:17.410Z', 'age': 72}, 'registered': {'date': '2002-10-26T10:05:34.436Z', 'age': 21}, 'phone': '77301802', 'cell': '94263693', 'id': {'name': 'FN', 'value': '24025200213'}, 'picture': {'large': 'https://randomuser.me/api/portraits/women/86.jpg', 'medium': 'https://randomuser.me/api/portraits/med/women/86.jpg', 'thumbnail': 'https://randomuser.me/api/portraits/thumb/women/86.jpg'}, 'nat': 'NO'}</msg>
<arg>${json_data['results'][0]}</arg>
<doc>Logs the given message with the given level.</doc>
<status status="PASS" start="2024-03-27T08:18:08.973407" elapsed="0.000417"/>
</kw>
<kw name="Log" owner="BuiltIn">
<msg time="2024-03-27T08:18:08.974254" level="INFO">email</msg>
<arg>${key}</arg>
<doc>Logs the given message with the given level.</doc>
<status status="PASS" start="2024-03-27T08:18:08.974125" elapsed="0.000169"/>
</kw>
<var name="${key}">email</var>
<status status="PASS" start="2024-03-27T08:18:08.972577" elapsed="0.001943"/>
</iter>
<iter>
<kw name="Dictionary Should Contain Key" owner="Collections">
<msg time="2024-03-27T08:18:08.975190" level="INFO">False</msg>
<arg>${json_data['results'][0]}</arg>
<arg>${key}</arg>
<doc>Fails if ``key`` is not found from ``dictionary``.</doc>
<status status="PASS" start="2024-03-27T08:18:08.974805" elapsed="0.000421"/>
</kw>
<kw name="Log" owner="BuiltIn">
<msg time="2024-03-27T08:18:08.975927" level="INFO">{'gender': 'female', 'name': {'title': 'Ms', 'first': 'Ellen', 'last': 'Rogne'}, 'location': {'street': {'number': 8719, 'name': 'Bølerskrenten'}, 'city': 'Sveggen', 'state': 'Vestfold', 'country': 'Norway', 'postcode': '1666', 'coordinates': {'latitude': '40.5220', 'longitude': '29.5001'}, 'timezone': {'offset': '-8:00', 'description': 'Pacific Time (US &amp; Canada)'}}, 'email': 'ellen.rogne@example.com', 'login': {'uuid': '4ad2d1cf-0804-4000-b7ec-7820ecb602d1', 'username': 'silverladybug605', 'password': 'this', 'salt': 'IbradbmE', 'md5': 'f6d18b31f5ecd775350b7815f8389fa5', 'sha1': '787d3cf298d1eb99940dda10c740d711c9608c86', 'sha256': '9666e53e5042b43c0e8ba9c7a873f21c67a677501a86e8e0f090487bced86153'}, 'dob': {'date': '1952-02-24T09:58:17.410Z', 'age': 72}, 'registered': {'date': '2002-10-26T10:05:34.436Z', 'age': 21}, 'phone': '77301802', 'cell': '94263693', 'id': {'name': 'FN', 'value': '24025200213'}, 'picture': {'large': 'https://randomuser.me/api/portraits/women/86.jpg', 'medium': 'https://randomuser.me/api/portraits/med/women/86.jpg', 'thumbnail': 'https://randomuser.me/api/portraits/thumb/women/86.jpg'}, 'nat': 'NO'}</msg>
<arg>${json_data['results'][0]}</arg>
<doc>Logs the given message with the given level.</doc>
<status status="PASS" start="2024-03-27T08:18:08.975555" elapsed="0.000422"/>
</kw>
<kw name="Log" owner="BuiltIn">
<msg time="2024-03-27T08:18:08.976402" level="INFO">login</msg>
<arg>${key}</arg>
<doc>Logs the given message with the given level.</doc>
<status status="PASS" start="2024-03-27T08:18:08.976273" elapsed="0.000278"/>
</kw>
<var name="${key}">login</var>
<status status="PASS" start="2024-03-27T08:18:08.974693" elapsed="0.002089"/>
</iter>
<var>${key}</var>
<value>@{expected_keys}</value>
<status status="PASS" start="2024-03-27T08:18:08.965766" elapsed="0.011168"/>
</for>
<kw name="Create List" owner="BuiltIn">
<msg time="2024-03-27T08:18:08.977280" level="INFO">${expected_keysTwo} = ['username', 'password']</msg>
<var>${expected_keysTwo}</var>
<arg>username</arg>
<arg>password</arg>
<doc>Returns a list containing given items.</doc>
<status status="PASS" start="2024-03-27T08:18:08.977140" elapsed="0.000164"/>
</kw>
<for flavor="IN">
<iter>
<kw name="Dictionary Should Contain Key" owner="Collections">
<msg time="2024-03-27T08:18:08.978192" level="INFO">False</msg>
<arg>${json_data['results'][0]['login']}</arg>
<arg>${keyTwo}</arg>
<doc>Fails if ``key`` is not found from ``dictionary``.</doc>
<status status="PASS" start="2024-03-27T08:18:08.977810" elapsed="0.000420"/>
</kw>
<kw name="Dictionary Should Contain Key" owner="Collections">
<msg time="2024-03-27T08:18:08.978908" level="INFO">False</msg>
<arg>${json_data['results'][0]['login']}</arg>
<arg>${keyTwo}</arg>
<doc>Fails if ``key`` is not found from ``dictionary``.</doc>
<status status="PASS" start="2024-03-27T08:18:08.978528" elapsed="0.000417"/>
</kw>
<kw name="Log" owner="BuiltIn">
<msg time="2024-03-27T08:18:08.979407" level="INFO">username</msg>
<arg>${keyTwo}</arg>
<doc>Logs the given message with the given level.</doc>
<status status="PASS" start="2024-03-27T08:18:08.979241" elapsed="0.000206"/>
</kw>
<var name="${keyTwo}">username</var>
<status status="PASS" start="2024-03-27T08:18:08.977699" elapsed="0.001978"/>
</iter>
<iter>
<kw name="Dictionary Should Contain Key" owner="Collections">
<msg time="2024-03-27T08:18:08.980346" level="INFO">False</msg>
<arg>${json_data['results'][0]['login']}</arg>
<arg>${keyTwo}</arg>
<doc>Fails if ``key`` is not found from ``dictionary``.</doc>
<status status="PASS" start="2024-03-27T08:18:08.979962" elapsed="0.000422"/>
</kw>
<kw name="Dictionary Should Contain Key" owner="Collections">
<msg time="2024-03-27T08:18:08.981061" level="INFO">False</msg>
<arg>${json_data['results'][0]['login']}</arg>
<arg>${keyTwo}</arg>
<doc>Fails if ``key`` is not found from ``dictionary``.</doc>
<status status="PASS" start="2024-03-27T08:18:08.980682" elapsed="0.000416"/>
</kw>
<kw name="Log" owner="BuiltIn">
<msg time="2024-03-27T08:18:08.981522" level="INFO">password</msg>
<arg>${keyTwo}</arg>
<doc>Logs the given message with the given level.</doc>
<status status="PASS" start="2024-03-27T08:18:08.981394" elapsed="0.000166"/>
</kw>
<var name="${keyTwo}">password</var>
<status status="PASS" start="2024-03-27T08:18:08.979852" elapsed="0.001924"/>
</iter>
<var>${keyTwo}</var>
<value>@{expected_keysTwo}</value>
<status status="PASS" start="2024-03-27T08:18:08.977545" elapsed="0.004352"/>
</for>
<status status="PASS" start="2024-03-27T08:18:08.869598" elapsed="0.112446"/>
</kw>
<doc>Testa a estrutura da resposta da API.</doc>
<tag>testeEstruturaResposta</tag>
<status status="PASS" start="2024-03-27T08:18:08.868643" elapsed="0.113568"/>
</test>
<test id="s1-s1-t4" name="Validar tipos de dados" line="28">
<kw name="Teste de Tipos de Dados" owner="random-user-service">
<kw name="GET On Session" owner="RequestsLibrary">
<msg time="2024-03-27T08:18:09.054642" level="INFO">GET Request : url=https://randomuser.me/api 
 path_url=/api 
 headers={'User-Agent': 'python-requests/2.31.0', 'Accept-Encoding': 'gzip, deflate', 'Accept': '*/*', 'Connection': 'keep-alive'} 
 body=None 
 </msg>
<msg time="2024-03-27T08:18:09.054744" level="INFO">GET Response : url=https://randomuser.me/api 
 status=200, reason=OK 
 headers={'Date': 'Wed, 27 Mar 2024 08:18:09 GMT', 'Content-Type': 'application/json; charset=utf-8', 'Transfer-Encoding': 'chunked', 'Connection': 'keep-alive', 'X-Powered-By': 'Express', 'Access-Control-Allow-Origin': '*', 'Cache-Control': 'no-cache', 'ETag': 'W/"465-8i2uNe3eoh88r0W5/nKPRetg99g"', 'Vary': 'Accept-Encoding', 'Content-Encoding': 'gzip', 'CF-Cache-Status': 'DYNAMIC', 'Report-To': '{"endpoints":[{"url":"https:\\/\\/a.nel.cloudflare.com\\/report\\/v4?s=QzLH9PXxF5M2GGjC4p5kYMvwoOZoHVCjKIgVnI7wiR9y48nHGx2WMb34L3UzQ9bTN8f%2FM1w5WJRImx0IdAARiQHvjQ67dEk%2FcOe%2BIptQGn1VX74dils9OVkOKu%2BWjEHF"}],"group":"cf-nel","max_age":604800}', 'NEL': '{"success_fraction":0,"report_to":"cf-nel","max_age":604800}', 'Server': 'cloudflare', 'CF-RAY': '86adf2b62ea0388b-IAD', 'alt-svc': 'h3=":443"; ma=86400'} 
 body={"results":[{"gender":"female","name":{"title":"Miss","first":"Gül","last":"Korol"},"location":{"street":{"number":968,"name":"Anafartalar Cd"},"city":"Adana","state":"Elazığ","country":"Turkey","postcode":13654,"coordinates":{"latitude":"67.6233","longitude":"166.0990"},"timezone":{"offset":"-9:00","description":"Alaska"}},"email":"gul.korol@example.com","login":{"uuid":"78411104-04e6-4f7e-a389-f2824c0201c3","username":"purplezebra236","password":"life","salt":"q6y8B46n","md5":"da7d08c5fd9cdf8bc1f3418d888c349e","sha1":"7f52887cb27ce6920a0a0b214ccc548f7f519910","sha256":"a0944b8b4d37f5a8421b4a675066560bc8f13e607b9e6c64056567ffb04f3d61"},"dob":{"date":"1975-10-30T22:36:22.349Z","age":48},"registered":{"date":"2004-10-10T01:33:54.198Z","age":19},"phone":"(701)-007-2128","cell":"(679)-949-5780","id":{"name":"","value":null},"picture":{"large":"https://randomuser.me/api/portraits/women/24.jpg","medium":"https://randomuser.me/api/portraits/med/women/24.jpg","thumbnail":"https://randomuser.me/api/portraits/thumb/women/24.jpg"},"nat":"TR"}],"info":{"seed":"eb28027c19b46003","results":1,"page":1,"version":"1.4"}} 
 </msg>
<msg time="2024-03-27T08:18:09.054819" level="INFO">/opt/hostedtoolcache/Python/3.12.2/x64/lib/python3.12/site-packages/urllib3/connectionpool.py:1103: InsecureRequestWarning: Unverified HTTPS request is being made to host 'randomuser.me'. Adding certificate verification is strongly advised. See: https://urllib3.readthedocs.io/en/latest/advanced-usage.html#tls-warnings
  warnings.warn(</msg>
<msg time="2024-03-27T08:18:09.054947" level="INFO">${response} = &lt;Response [200]&gt;</msg>
<var>${response}</var>
<arg>consultarAPI</arg>
<arg>/api</arg>
<doc>Sends a GET request on a previously created HTTP Session.</doc>
<status status="PASS" start="2024-03-27T08:18:08.984788" elapsed="0.070201"/>
</kw>
<kw name="Set Variable" owner="BuiltIn">
<msg time="2024-03-27T08:18:09.056275" level="INFO">${json_data} = {'results': [{'gender': 'female', 'name': {'title': 'Miss', 'first': 'Gül', 'last': 'Korol'}, 'location': {'street': {'number': 968, 'name': 'Anafartalar Cd'}, 'city': 'Adana', 'state': 'Elazığ', 'cou...</msg>
<var>${json_data}</var>
<arg>${response.json()}</arg>
<doc>Returns the given values which can then be assigned to a variables.</doc>
<status status="PASS" start="2024-03-27T08:18:09.055693" elapsed="0.000613"/>
</kw>
<kw name="Log" owner="BuiltIn">
<msg time="2024-03-27T08:18:09.056797" level="INFO">{'results': [{'gender': 'female', 'name': {'title': 'Miss', 'first': 'Gül', 'last': 'Korol'}, 'location': {'street': {'number': 968, 'name': 'Anafartalar Cd'}, 'city': 'Adana', 'state': 'Elazığ', 'country': 'Turkey', 'postcode': 13654, 'coordinates': {'latitude': '67.6233', 'longitude': '166.0990'}, 'timezone': {'offset': '-9:00', 'description': 'Alaska'}}, 'email': 'gul.korol@example.com', 'login': {'uuid': '78411104-04e6-4f7e-a389-f2824c0201c3', 'username': 'purplezebra236', 'password': 'life', 'salt': 'q6y8B46n', 'md5': 'da7d08c5fd9cdf8bc1f3418d888c349e', 'sha1': '7f52887cb27ce6920a0a0b214ccc548f7f519910', 'sha256': 'a0944b8b4d37f5a8421b4a675066560bc8f13e607b9e6c64056567ffb04f3d61'}, 'dob': {'date': '1975-10-30T22:36:22.349Z', 'age': 48}, 'registered': {'date': '2004-10-10T01:33:54.198Z', 'age': 19}, 'phone': '(701)-007-2128', 'cell': '(679)-949-5780', 'id': {'name': '', 'value': None}, 'picture': {'large': 'https://randomuser.me/api/portraits/women/24.jpg', 'medium': 'https://randomuser.me/api/portraits/med/women/24.jpg', 'thumbnail': 'https://randomuser.me/api/portraits/thumb/women/24.jpg'}, 'nat': 'TR'}], 'info': {'seed': 'eb28027c19b46003', 'results': 1, 'page': 1, 'version': '1.4'}}</msg>
<arg>${json_data}</arg>
<doc>Logs the given message with the given level.</doc>
<status status="PASS" start="2024-03-27T08:18:09.056634" elapsed="0.000213"/>
</kw>
<kw name="Should Be String" owner="String">
<arg>${json_data['results'][0]['gender']}</arg>
<doc>Fails if the given ``item`` is not a string.</doc>
<status status="PASS" start="2024-03-27T08:18:09.057186" elapsed="0.000376"/>
</kw>
<kw name="Should Match Regexp" owner="BuiltIn">
<arg>${json_data['results'][0]['email']}</arg>
<arg>^[a-zA-Z0-9._%+-]+@[a-zA-Z0-9.-]+\.[a-zA-Z]{2,}$</arg>
<doc>Fails if ``string`` does not match ``pattern`` as a regular expression.</doc>
<status status="PASS" start="2024-03-27T08:18:09.057759" elapsed="0.000529"/>
</kw>
<kw name="Should Match Regexp" owner="BuiltIn">
<arg>${json_data['results'][0]['dob']['date']}</arg>
<arg>\\d{4}-\\d{2}-\\d{2}T\\d{2}:\\d{2}:\\d{2}\\.\\d{3}Z</arg>
<doc>Fails if ``string`` does not match ``pattern`` as a regular expression.</doc>
<status status="PASS" start="2024-03-27T08:18:09.058485" elapsed="0.000481"/>
</kw>
<kw name="Should Match Regexp" owner="BuiltIn">
<arg>${json_data['results'][0]['registered']['date']}</arg>
<arg>\\d{4}-\\d{2}-\\d{2}T\\d{2}:\\d{2}:\\d{2}\\.\\d{3}Z</arg>
<doc>Fails if ``string`` does not match ``pattern`` as a regular expression.</doc>
<status status="PASS" start="2024-03-27T08:18:09.059158" elapsed="0.000419"/>
</kw>
<kw name="Should Match Regexp" owner="BuiltIn">
<arg>${json_data['results'][0]['picture']['large']}</arg>
<arg>^https?://.*\.(?:png|jpe?g|gif|bmp)$</arg>
<doc>Fails if ``string`` does not match ``pattern`` as a regular expression.</doc>
<status status="PASS" start="2024-03-27T08:18:09.059770" elapsed="0.000474"/>
</kw>
<kw name="Should Match Regexp" owner="BuiltIn">
<arg>${json_data['results'][0]['picture']['medium']}</arg>
<arg>^https?://.*\.(?:png|jpe?g|gif|bmp)$</arg>
<doc>Fails if ``string`` does not match ``pattern`` as a regular expression.</doc>
<status status="PASS" start="2024-03-27T08:18:09.060436" elapsed="0.000359"/>
</kw>
<kw name="Should Match Regexp" owner="BuiltIn">
<arg>${json_data['results'][0]['picture']['thumbnail']}</arg>
<arg>^https?://.*\.(?:png|jpe?g|gif|bmp)$</arg>
<doc>Fails if ``string`` does not match ``pattern`` as a regular expression.</doc>
<status status="PASS" start="2024-03-27T08:18:09.060981" elapsed="0.000348"/>
</kw>
<kw name="Log" owner="BuiltIn">
<msg time="2024-03-27T08:18:09.061839" level="INFO">{'large': 'https://randomuser.me/api/portraits/women/24.jpg', 'medium': 'https://randomuser.me/api/portraits/med/women/24.jpg', 'thumbnail': 'https://randomuser.me/api/portraits/thumb/women/24.jpg'}</msg>
<arg>${json_data['results'][0]['picture']}</arg>
<doc>Logs the given message with the given level.</doc>
<status status="PASS" start="2024-03-27T08:18:09.061513" elapsed="0.000373"/>
</kw>
<status status="PASS" start="2024-03-27T08:18:08.984559" elapsed="0.077612"/>
</kw>
<kw name="Teste de Tipos de Dados - Postcode" owner="random-user-service">
<kw name="GET On Session" owner="RequestsLibrary">
<msg time="2024-03-27T08:18:09.157190" level="INFO">GET Request : url=https://randomuser.me/api 
 path_url=/api 
 headers={'User-Agent': 'python-requests/2.31.0', 'Accept-Encoding': 'gzip, deflate', 'Accept': '*/*', 'Connection': 'keep-alive'} 
 body=None 
 </msg>
<msg time="2024-03-27T08:18:09.157290" level="INFO">GET Response : url=https://randomuser.me/api 
 status=200, reason=OK 
 headers={'Date': 'Wed, 27 Mar 2024 08:18:09 GMT', 'Content-Type': 'application/json; charset=utf-8', 'Transfer-Encoding': 'chunked', 'Connection': 'keep-alive', 'X-Powered-By': 'Express', 'Access-Control-Allow-Origin': '*', 'Cache-Control': 'no-cache', 'ETag': 'W/"4a3-78yBSCbi3h8/C3Nc/J5DnNqrYUQ"', 'Vary': 'Accept-Encoding', 'Content-Encoding': 'gzip', 'CF-Cache-Status': 'DYNAMIC', 'Report-To': '{"endpoints":[{"url":"https:\\/\\/a.nel.cloudflare.com\\/report\\/v4?s=ieWhOM6IQUK7zvxnhkR42BK%2FsdBdSZeRcyGizSxoQAdE1%2FIFqogeK99w7rzFjik0ii9ghfrLHPytpgOA4cJ9ilA5AuOWgeQ3%2Fqsj%2BKJAr6MwaEtIFptKS5gGRrLeIpAF"}],"group":"cf-nel","max_age":604800}', 'NEL': '{"success_fraction":0,"report_to":"cf-nel","max_age":604800}', 'Server': 'cloudflare', 'CF-RAY': '86adf2b6aefb388b-IAD', 'alt-svc': 'h3=":443"; ma=86400'} 
 body={"results":[{"gender":"female","name":{"title":"Miss","first":"Concepción","last":"Chavarría"},"location":{"street":{"number":1773,"name":"Periférico Guerrero"},"city":"Cuicatlán","state":"San Luis Potosí","country":"Mexico","postcode":53865,"coordinates":{"latitude":"21.9427","longitude":"56.7533"},"timezone":{"offset":"-3:30","description":"Newfoundland"}},"email":"concepcion.chavarria@example.com","login":{"uuid":"33252c3b-7a95-479f-bc57-2a4a65fa9341","username":"heavycat696","password":"facial","salt":"OKwEL8EX","md5":"96a5c032ce5a0049bf5f8b74961ccf99","sha1":"3883151f4ccc1e0a2a6879b603e715d6bd51e823","sha256":"25f2716468d696f2f8a069b110e4ffbe3e141bb82232840fd40da1066d8517fe"},"dob":{"date":"1959-01-10T21:28:32.717Z","age":65},"registered":{"date":"2015-12-23T07:22:03.676Z","age":8},"phone":"(639) 652 2079","cell":"(621) 093 8933","id":{"name":"NSS","value":"12 86 73 9192 7"},"picture":{"large":"https://randomuser.me/api/portraits/women/37.jpg","medium":"https://randomuser.me/api/portraits/med/women/37.jpg","thumbnail":"https://randomuser.me/api/portraits/thumb/women/37.jpg"},"nat":"MX"}],"info":{"seed":"3067243e19ab5bfd","results":1,"page":1,"version":"1.4"}} 
 </msg>
<msg time="2024-03-27T08:18:09.157380" level="INFO">/opt/hostedtoolcache/Python/3.12.2/x64/lib/python3.12/site-packages/urllib3/connectionpool.py:1103: InsecureRequestWarning: Unverified HTTPS request is being made to host 'randomuser.me'. Adding certificate verification is strongly advised. See: https://urllib3.readthedocs.io/en/latest/advanced-usage.html#tls-warnings
  warnings.warn(</msg>
<msg time="2024-03-27T08:18:09.157510" level="INFO">${response} = &lt;Response [200]&gt;</msg>
<var>${response}</var>
<arg>consultarAPI</arg>
<arg>/api</arg>
<doc>Sends a GET request on a previously created HTTP Session.</doc>
<status status="PASS" start="2024-03-27T08:18:09.062826" elapsed="0.094724"/>
</kw>
<kw name="Set Variable" owner="BuiltIn">
<msg time="2024-03-27T08:18:09.158726" level="INFO">${json_data} = {'results': [{'gender': 'female', 'name': {'title': 'Miss', 'first': 'Concepción', 'last': 'Chavarría'}, 'location': {'street': {'number': 1773, 'name': 'Periférico Guerrero'}, 'city': 'Cuicatlán', 's...</msg>
<var>${json_data}</var>
<arg>${response.json()}</arg>
<doc>Returns the given values which can then be assigned to a variables.</doc>
<status status="PASS" start="2024-03-27T08:18:09.158185" elapsed="0.000571"/>
</kw>
<kw name="Log" owner="BuiltIn">
<msg time="2024-03-27T08:18:09.159234" level="INFO">{'results': [{'gender': 'female', 'name': {'title': 'Miss', 'first': 'Concepción', 'last': 'Chavarría'}, 'location': {'street': {'number': 1773, 'name': 'Periférico Guerrero'}, 'city': 'Cuicatlán', 'state': 'San Luis Potosí', 'country': 'Mexico', 'postcode': 53865, 'coordinates': {'latitude': '21.9427', 'longitude': '56.7533'}, 'timezone': {'offset': '-3:30', 'description': 'Newfoundland'}}, 'email': 'concepcion.chavarria@example.com', 'login': {'uuid': '33252c3b-7a95-479f-bc57-2a4a65fa9341', 'username': 'heavycat696', 'password': 'facial', 'salt': 'OKwEL8EX', 'md5': '96a5c032ce5a0049bf5f8b74961ccf99', 'sha1': '3883151f4ccc1e0a2a6879b603e715d6bd51e823', 'sha256': '25f2716468d696f2f8a069b110e4ffbe3e141bb82232840fd40da1066d8517fe'}, 'dob': {'date': '1959-01-10T21:28:32.717Z', 'age': 65}, 'registered': {'date': '2015-12-23T07:22:03.676Z', 'age': 8}, 'phone': '(639) 652 2079', 'cell': '(621) 093 8933', 'id': {'name': 'NSS', 'value': '12 86 73 9192 7'}, 'picture': {'large': 'https://randomuser.me/api/portraits/women/37.jpg', 'medium': 'https://randomuser.me/api/portraits/med/women/37.jpg', 'thumbnail': 'https://randomuser.me/api/portraits/thumb/women/37.jpg'}, 'nat': 'MX'}], 'info': {'seed': '3067243e19ab5bfd', 'results': 1, 'page': 1, 'version': '1.4'}}</msg>
<arg>${json_data}</arg>
<doc>Logs the given message with the given level.</doc>
<status status="PASS" start="2024-03-27T08:18:09.159071" elapsed="0.000212"/>
</kw>
<kw name="Should Be Equal As Numbers" owner="BuiltIn">
<arg>${json_data['results'][0]['location']['postcode']}</arg>
<arg>${json_data['results'][0]['location']['postcode']}</arg>
<doc>Fails if objects are unequal after converting them to real numbers.</doc>
<status status="PASS" start="2024-03-27T08:18:09.159672" elapsed="0.000641"/>
</kw>
<kw name="Log" owner="BuiltIn">
<msg time="2024-03-27T08:18:09.160844" level="INFO">53865</msg>
<arg>${json_data['results'][0]['location']['postcode']}</arg>
<doc>Logs the given message with the given level.</doc>
<status status="PASS" start="2024-03-27T08:18:09.160509" elapsed="0.000376"/>
</kw>
<status status="PASS" start="2024-03-27T08:18:09.062421" elapsed="0.098727"/>
</kw>
<doc>Testa se os tipos de dados na resposta da API estão corretos.</doc>
<tag>testeTiposDados</tag>
<status status="PASS" start="2024-03-27T08:18:08.983996" elapsed="0.177328"/>
</test>
<test id="s1-s1-t5" name="Validar conteudo" line="35">
<kw name="Teste de Tipos de Conteudo" owner="random-user-service">
<kw name="GET On Session" owner="RequestsLibrary">
<msg time="2024-03-27T08:18:09.262616" level="INFO">GET Request : url=https://randomuser.me/api 
 path_url=/api 
 headers={'User-Agent': 'python-requests/2.31.0', 'Accept-Encoding': 'gzip, deflate', 'Accept': '*/*', 'Connection': 'keep-alive'} 
 body=None 
 </msg>
<msg time="2024-03-27T08:18:09.262727" level="INFO">GET Response : url=https://randomuser.me/api 
 status=200, reason=OK 
 headers={'Date': 'Wed, 27 Mar 2024 08:18:09 GMT', 'Content-Type': 'application/json; charset=utf-8', 'Transfer-Encoding': 'chunked', 'Connection': 'keep-alive', 'X-Powered-By': 'Express', 'Access-Control-Allow-Origin': '*', 'Cache-Control': 'no-cache', 'ETag': 'W/"467-aURBQK/nMRR0DLW1z2WI47+pO6U"', 'Vary': 'Accept-Encoding', 'Content-Encoding': 'gzip', 'CF-Cache-Status': 'DYNAMIC', 'Report-To': '{"endpoints":[{"url":"https:\\/\\/a.nel.cloudflare.com\\/report\\/v4?s=%2FL0%2BuL%2Fm6l7DSQ%2FPx73MvzhzcEJDsY%2B7ajfFPr2pHODQuykcNevik2P4fopz50r5dPG9BQv8l3lVvpOemU2lwuZ5xUhQZTnOvKqlpUua4y5gPWT91gQdxIpCOJ5Zg7ab"}],"group":"cf-nel","max_age":604800}', 'NEL': '{"success_fraction":0,"report_to":"cf-nel","max_age":604800}', 'Server': 'cloudflare', 'CF-RAY': '86adf2b74f77388b-IAD', 'alt-svc': 'h3=":443"; ma=86400'} 
 body={"results":[{"gender":"female","name":{"title":"Mrs","first":"Tonje","last":"Lygre"},"location":{"street":{"number":8465,"name":"Kvistveien"},"city":"Krossen","state":"Oppland","country":"Norway","postcode":"8469","coordinates":{"latitude":"45.9718","longitude":"43.1560"},"timezone":{"offset":"-2:00","description":"Mid-Atlantic"}},"email":"tonje.lygre@example.com","login":{"uuid":"e876d769-6c38-4cf8-8a9b-56ec4879b3b0","username":"sadfrog444","password":"modles","salt":"UnFU7HcP","md5":"d6604a0d1cb0c4331701c44392ccc0e7","sha1":"da578a8cbdcda61ff7164f192fb1d316a44c6722","sha256":"8f8922e40bbab095e9a1c582f7254bd918b6f3ee03a6bff076551f1557d2b267"},"dob":{"date":"1996-01-09T15:55:40.499Z","age":28},"registered":{"date":"2017-10-16T20:33:27.591Z","age":6},"phone":"64672602","cell":"47682464","id":{"name":"FN","value":"09019621224"},"picture":{"large":"https://randomuser.me/api/portraits/women/29.jpg","medium":"https://randomuser.me/api/portraits/med/women/29.jpg","thumbnail":"https://randomuser.me/api/portraits/thumb/women/29.jpg"},"nat":"NO"}],"info":{"seed":"70a4c736f24b1a90","results":1,"page":1,"version":"1.4"}} 
 </msg>
<msg time="2024-03-27T08:18:09.262805" level="INFO">/opt/hostedtoolcache/Python/3.12.2/x64/lib/python3.12/site-packages/urllib3/connectionpool.py:1103: InsecureRequestWarning: Unverified HTTPS request is being made to host 'randomuser.me'. Adding certificate verification is strongly advised. See: https://urllib3.readthedocs.io/en/latest/advanced-usage.html#tls-warnings
  warnings.warn(</msg>
<msg time="2024-03-27T08:18:09.262951" level="INFO">${response} = &lt;Response [200]&gt;</msg>
<var>${response}</var>
<arg>consultarAPI</arg>
<arg>/api</arg>
<doc>Sends a GET request on a previously created HTTP Session.</doc>
<status status="PASS" start="2024-03-27T08:18:09.163920" elapsed="0.099082"/>
</kw>
<kw name="Set Variable" owner="BuiltIn">
<msg time="2024-03-27T08:18:09.264198" level="INFO">${json_data} = {'results': [{'gender': 'female', 'name': {'title': 'Mrs', 'first': 'Tonje', 'last': 'Lygre'}, 'location': {'street': {'number': 8465, 'name': 'Kvistveien'}, 'city': 'Krossen', 'state': 'Oppland', 'co...</msg>
<var>${json_data}</var>
<arg>${response.json()}</arg>
<doc>Returns the given values which can then be assigned to a variables.</doc>
<status status="PASS" start="2024-03-27T08:18:09.263671" elapsed="0.000557"/>
</kw>
<kw name="Set Variable" owner="BuiltIn">
<msg time="2024-03-27T08:18:09.264926" level="INFO">${name_title} = Mrs</msg>
<var>${name_title}</var>
<arg>${json_data["results"][0]["name"]["title"]}</arg>
<doc>Returns the given values which can then be assigned to a variables.</doc>
<status status="PASS" start="2024-03-27T08:18:09.264536" elapsed="0.000416"/>
</kw>
<kw name="Create List" owner="BuiltIn">
<msg time="2024-03-27T08:18:09.265419" level="INFO">${allowed_titles} = ['Mr', 'Ms', 'Miss', 'Mrs', 'Madame', 'Monsieur']</msg>
<var>${allowed_titles}</var>
<arg>Mr</arg>
<arg>Ms</arg>
<arg>Miss</arg>
<arg>Mrs</arg>
<arg>Madame</arg>
<arg>Monsieur</arg>
<doc>Returns a list containing given items.</doc>
<status status="PASS" start="2024-03-27T08:18:09.265267" elapsed="0.000177"/>
</kw>
<kw name="List Should Contain Value" owner="Collections">
<msg time="2024-03-27T08:18:09.265932" level="INFO">False</msg>
<arg>${allowed_titles}</arg>
<arg>${name_title}</arg>
<doc>Fails if the ``value`` is not found from ``list``.</doc>
<status status="PASS" start="2024-03-27T08:18:09.265755" elapsed="0.000215"/>
</kw>
<kw name="Set Variable" owner="BuiltIn">
<msg time="2024-03-27T08:18:09.266642" level="INFO">${name_country} = NO</msg>
<var>${name_country}</var>
<arg>${json_data["results"][0]["nat"]}</arg>
<doc>Returns the given values which can then be assigned to a variables.</doc>
<status status="PASS" start="2024-03-27T08:18:09.266264" elapsed="0.000404"/>
</kw>
<kw name="Create List" owner="BuiltIn">
<msg time="2024-03-27T08:18:09.267617" level="INFO">${list_country} = ['AD', 'AE', 'AF', 'AG', 'AI', 'AL', 'AM', 'AO', 'AQ', 'AR', 'AS', 'AT', 'AU', 'AW', 'AX', 'AZ', 'BA', 'BB', 'BD', 'BE', 'BF', 'BG', 'BH', 'BI', 'BJ', 'BL', 'BM', 'BN', 'BO', 'BQ', 'BR', 'BS', 'BT', '...</msg>
<var>${list_country}</var>
<arg>AD</arg>
<arg>AE</arg>
<arg>AF</arg>
<arg>AG</arg>
<arg>AI</arg>
<arg>AL</arg>
<arg>AM</arg>
<arg>AO</arg>
<arg>AQ</arg>
<arg>AR</arg>
<arg>AS</arg>
<arg>AT</arg>
<arg>AU</arg>
<arg>AW</arg>
<arg>AX</arg>
<arg>AZ</arg>
<arg>BA</arg>
<arg>BB</arg>
<arg>BD</arg>
<arg>BE</arg>
<arg>BF</arg>
<arg>BG</arg>
<arg>BH</arg>
<arg>BI</arg>
<arg>BJ</arg>
<arg>BL</arg>
<arg>BM</arg>
<arg>BN</arg>
<arg>BO</arg>
<arg>BQ</arg>
<arg>BR</arg>
<arg>BS</arg>
<arg>BT</arg>
<arg>BV</arg>
<arg>BW</arg>
<arg>BY</arg>
<arg>BZ</arg>
<arg>CA</arg>
<arg>CC</arg>
<arg>CD</arg>
<arg>CF</arg>
<arg>CG</arg>
<arg>CH</arg>
<arg>CI</arg>
<arg>CK</arg>
<arg>CL</arg>
<arg>CM</arg>
<arg>CN</arg>
<arg>CO</arg>
<arg>CR</arg>
<arg>CU</arg>
<arg>CV</arg>
<arg>CW</arg>
<arg>CX</arg>
<arg>CY</arg>
<arg>CZ</arg>
<arg>DE</arg>
<arg>DJ</arg>
<arg>DK</arg>
<arg>DM</arg>
<arg>DO</arg>
<arg>DZ</arg>
<arg>EC</arg>
<arg>EE</arg>
<arg>EG</arg>
<arg>EH</arg>
<arg>ER</arg>
<arg>ES</arg>
<arg>ET</arg>
<arg>FI</arg>
<arg>FJ</arg>
<arg>FK</arg>
<arg>FM</arg>
<arg>FO</arg>
<arg>FR</arg>
<arg>GA</arg>
<arg>GB</arg>
<arg>GD</arg>
<arg>GE</arg>
<arg>GF</arg>
<arg>GG</arg>
<arg>GH</arg>
<arg>GI</arg>
<arg>GL</arg>
<arg>GM</arg>
<arg>GN</arg>
<arg>GP</arg>
<arg>GQ</arg>
<arg>GR</arg>
<arg>GS</arg>
<arg>GT</arg>
<arg>GU</arg>
<arg>GW</arg>
<arg>GY</arg>
<arg>HK</arg>
<arg>HM</arg>
<arg>HN</arg>
<arg>HR</arg>
<arg>HT</arg>
<arg>HU</arg>
<arg>ID</arg>
<arg>IE</arg>
<arg>IL</arg>
<arg>IM</arg>
<arg>IN</arg>
<arg>IO</arg>
<arg>IQ</arg>
<arg>IR</arg>
<arg>IS</arg>
<arg>IT</arg>
<arg>JE</arg>
<arg>JM</arg>
<arg>JO</arg>
<arg>JP</arg>
<arg>KE</arg>
<arg>KG</arg>
<arg>KH</arg>
<arg>KI</arg>
<arg>KM</arg>
<arg>KN</arg>
<arg>KP</arg>
<arg>KR</arg>
<arg>KW</arg>
<arg>KY</arg>
<arg>KZ</arg>
<arg>LA</arg>
<arg>LB</arg>
<arg>LC</arg>
<arg>LI</arg>
<arg>LK</arg>
<arg>LR</arg>
<arg>LS</arg>
<arg>LT</arg>
<arg>LU</arg>
<arg>LV</arg>
<arg>LY</arg>
<arg>MA</arg>
<arg>MC</arg>
<arg>MD</arg>
<arg>ME</arg>
<arg>MF</arg>
<arg>MG</arg>
<arg>MH</arg>
<arg>MK</arg>
<arg>ML</arg>
<arg>MM</arg>
<arg>MN</arg>
<arg>MO</arg>
<arg>MP</arg>
<arg>MQ</arg>
<arg>MR</arg>
<arg>MS</arg>
<arg>MT</arg>
<arg>MU</arg>
<arg>MV</arg>
<arg>MW</arg>
<arg>MX</arg>
<arg>MY</arg>
<arg>MZ</arg>
<arg>NA</arg>
<arg>NC</arg>
<arg>NE</arg>
<arg>NF</arg>
<arg>NG</arg>
<arg>NI</arg>
<arg>NL</arg>
<arg>NO</arg>
<arg>NP</arg>
<arg>NR</arg>
<arg>NU</arg>
<arg>NZ</arg>
<arg>OM</arg>
<arg>PA</arg>
<arg>PE</arg>
<arg>PF</arg>
<arg>PG</arg>
<arg>PH</arg>
<arg>PK</arg>
<arg>PL</arg>
<arg>PM</arg>
<arg>PN</arg>
<arg>PR</arg>
<arg>PS</arg>
<arg>PT</arg>
<arg>PW</arg>
<arg>PY</arg>
<arg>QA</arg>
<arg>RE</arg>
<arg>RO</arg>
<arg>RS</arg>
<arg>RU</arg>
<arg>RW</arg>
<arg>SA</arg>
<arg>SB</arg>
<arg>SC</arg>
<arg>SD</arg>
<arg>SE</arg>
<arg>SG</arg>
<arg>SH</arg>
<arg>SI</arg>
<arg>SJ</arg>
<arg>SK</arg>
<arg>SL</arg>
<arg>SM</arg>
<arg>SN</arg>
<arg>SO</arg>
<arg>SR</arg>
<arg>SS</arg>
<arg>ST</arg>
<arg>SV</arg>
<arg>SX</arg>
<arg>SY</arg>
<arg>SZ</arg>
<arg>TC</arg>
<arg>TD</arg>
<arg>TF</arg>
<arg>TG</arg>
<arg>TH</arg>
<arg>TJ</arg>
<arg>TK</arg>
<arg>TL</arg>
<arg>TM</arg>
<arg>TN</arg>
<arg>TO</arg>
<arg>TR</arg>
<arg>TT</arg>
<arg>TV</arg>
<arg>TW</arg>
<arg>TZ</arg>
<arg>UA</arg>
<arg>UG</arg>
<arg>UM</arg>
<arg>US</arg>
<arg>UY</arg>
<arg>UZ</arg>
<arg>VA</arg>
<arg>VC</arg>
<arg>VE</arg>
<arg>VG</arg>
<arg>VI</arg>
<arg>VN</arg>
<arg>VU</arg>
<arg>WF</arg>
<arg>WS</arg>
<arg>XK</arg>
<arg>YE</arg>
<arg>YT</arg>
<arg>ZA</arg>
<arg>ZM</arg>
<arg>ZW</arg>
<doc>Returns a list containing given items.</doc>
<status status="PASS" start="2024-03-27T08:18:09.266976" elapsed="0.000668"/>
</kw>
<kw name="List Should Contain Value" owner="Collections">
<msg time="2024-03-27T08:18:09.268784" level="INFO">False</msg>
<arg>${list_country}</arg>
<arg>${name_country}</arg>
<doc>Fails if the ``value`` is not found from ``list``.</doc>
<status status="PASS" start="2024-03-27T08:18:09.268580" elapsed="0.000242"/>
</kw>
<kw name="Run Keyword If" owner="BuiltIn">
<kw name="Should Be True" owner="BuiltIn">
<arg>${True}</arg>
<doc>Fails if the given condition is not true.</doc>
<status status="PASS" start="2024-03-27T08:18:09.269899" elapsed="0.000145"/>
</kw>
<arg>${json_data["results"][0]["location"]["coordinates"]["latitude"]} &gt;= -90 and ${json_data["results"][0]["location"]["coordinates"]["latitude"]} &lt;= 90</arg>
<arg>Should Be True</arg>
<arg>${True}</arg>
<doc>Runs the given keyword with the given arguments, if ``condition`` is true.</doc>
<status status="PASS" start="2024-03-27T08:18:09.269141" elapsed="0.001034"/>
</kw>
<kw name="Run Keyword If" owner="BuiltIn">
<kw name="Should Be True" owner="BuiltIn">
<arg>${True}</arg>
<doc>Fails if the given condition is not true.</doc>
<status status="PASS" start="2024-03-27T08:18:09.271068" elapsed="0.000137"/>
</kw>
<arg>${json_data["results"][0]["location"]["coordinates"]["longitude"]} &gt;= -180 and ${json_data["results"][0]["location"]["coordinates"]["longitude"]} &lt;= 180</arg>
<arg>Should Be True</arg>
<arg>${True}</arg>
<doc>Runs the given keyword with the given arguments, if ``condition`` is true.</doc>
<status status="PASS" start="2024-03-27T08:18:09.270362" elapsed="0.000997"/>
</kw>
<status status="PASS" start="2024-03-27T08:18:09.163684" elapsed="0.107822"/>
</kw>
<doc>Testa o conteúdo específico dos campos retornados pela API.</doc>
<tag>testeConteudo</tag>
<status status="PASS" start="2024-03-27T08:18:09.163090" elapsed="0.108574"/>
</test>
<status status="PASS" start="2024-03-27T08:18:08.498785" elapsed="0.774861"/>
</suite>
<status status="PASS" start="2024-03-27T08:18:08.484917" elapsed="0.794139"/>
</suite>
<statistics>
<total>
<stat pass="5" fail="0" skip="0">All Tests</stat>
</total>
<tag>
<stat pass="1" fail="0" skip="0">testeConteudo</stat>
<stat pass="1" fail="0" skip="0">testeEstruturaResposta</stat>
<stat pass="1" fail="0" skip="0">testeRequisicaoBasica</stat>
<stat pass="1" fail="0" skip="0">testeTiposDados</stat>
</tag>
<suite>
<stat pass="5" fail="0" skip="0" id="s1" name="Tests">Tests</stat>
<stat pass="5" fail="0" skip="0" id="s1-s1" name="Random-User-Test">Tests.Random-User-Test</stat>
</suite>
</statistics>
<errors>
</errors>
</robot>
