<?xml version="1.0" encoding="UTF-8"?>
<robot generator="Robot 7.0 (Python 3.12.3 on linux)" generated="2024-04-21T08:16:16.462911" rpa="false" schemaversion="5">
<suite id="s1" name="Tests" source="/home/runner/work/DesafioQAItauRogerioJordao/DesafioQAItauRogerioJordao/RamdonUser/tests">
<suite id="s1-s1" name="Random-User-Test" source="/home/runner/work/DesafioQAItauRogerioJordao/DesafioQAItauRogerioJordao/RamdonUser/tests/random-user-test.robot">
<test id="s1-s1-t1" name="Conectar" line="13">
<kw name="Conectar API" owner="random-user-service">
<kw name="Create Session" owner="RequestsLibrary">
<msg time="2024-04-21T08:16:16.812698" level="INFO">Creating Session using : alias=consultarAPI, url=https://randomuser.me/, headers={},                     cookies={}, auth=None, timeout=None, proxies=None, verify=False,                     debug=0 </msg>
<arg>consultarAPI</arg>
<arg>${URL}</arg>
<doc>Create Session: create a HTTP session to a server</doc>
<status status="PASS" start="2024-04-21T08:16:16.812505" elapsed="0.000357"/>
</kw>
<status status="PASS" start="2024-04-21T08:16:16.811586" elapsed="0.001620"/>
</kw>
<status status="PASS" start="2024-04-21T08:16:16.811090" elapsed="0.002304"/>
</test>
<test id="s1-s1-t2" name="Validar retorno 200 e JSON Válido" line="16">
<kw name="Teste de Requisicao Basica" owner="random-user-service">
<kw name="GET On Session" owner="RequestsLibrary">
<msg time="2024-04-21T08:16:17.083622" level="INFO">GET Request : url=https://randomuser.me/api 
 path_url=/api 
 headers={'User-Agent': 'python-requests/2.31.0', 'Accept-Encoding': 'gzip, deflate', 'Accept': '*/*', 'Connection': 'keep-alive'} 
 body=None 
 </msg>
<msg time="2024-04-21T08:16:17.083764" level="INFO">GET Response : url=https://randomuser.me/api 
 status=200, reason=OK 
 headers={'Date': 'Sun, 21 Apr 2024 08:16:17 GMT', 'Content-Type': 'application/json; charset=utf-8', 'Transfer-Encoding': 'chunked', 'Connection': 'keep-alive', 'X-Powered-By': 'Express', 'Access-Control-Allow-Origin': '*', 'Cache-Control': 'no-cache', 'ETag': 'W/"49e-5He6RIqe4jvHkMzkc6mCv2dXrY8"', 'Vary': 'Accept-Encoding', 'Content-Encoding': 'gzip', 'CF-Cache-Status': 'DYNAMIC', 'Report-To': '{"endpoints":[{"url":"https:\\/\\/a.nel.cloudflare.com\\/report\\/v4?s=72uNd%2B%2FdITaAnMo6yzRB0NZK32gy6aEwh%2FNyqfqEPjace9KfYH%2FxQMPt4u1ciHb%2BiW71QdzTuWq%2B0UHwZ1JHkj%2BMfDIiU45JWpGpThjNga469Tx9J1KAZeY%2F4%2FMSwP4s"}],"group":"cf-nel","max_age":604800}', 'NEL': '{"success_fraction":0,"report_to":"cf-nel","max_age":604800}', 'Server': 'cloudflare', 'CF-RAY': '877bee5a39af7ccb-LAX', 'alt-svc': 'h3=":443"; ma=86400'} 
 body={"results":[{"gender":"female","name":{"title":"Mrs","first":"Theodora","last":"Liedtke"},"location":{"street":{"number":6035,"name":"Hauptstraße"},"city":"Preetz","state":"Thüringen","country":"Germany","postcode":21748,"coordinates":{"latitude":"-51.3684","longitude":"44.9331"},"timezone":{"offset":"+4:00","description":"Abu Dhabi, Muscat, Baku, Tbilisi"}},"email":"theodora.liedtke@example.com","login":{"uuid":"e85a96bf-2890-4313-a3df-98661a1d6c4c","username":"yellowmeercat574","password":"ssssssss","salt":"HJdmgp3n","md5":"2c313af7074b313a61c794dcab421a69","sha1":"bea21f82d8399c893ba5b3ff27c70ac3c87a9a15","sha256":"2c01d3a1784a7e1544e99b33719735d9feef7a824b8ed984874503e47407b605"},"dob":{"date":"1966-08-15T13:04:23.718Z","age":57},"registered":{"date":"2009-10-15T16:55:00.925Z","age":14},"phone":"0608-4737294","cell":"0171-1808927","id":{"name":"SVNR","value":"73 150866 L 728"},"picture":{"large":"https://randomuser.me/api/portraits/women/6.jpg","medium":"https://randomuser.me/api/portraits/med/women/6.jpg","thumbnail":"https://randomuser.me/api/portraits/thumb/women/6.jpg"},"nat":"DE"}],"info":{"seed":"60581919e664d56f","results":1,"page":1,"version":"1.4"}} 
 </msg>
<msg time="2024-04-21T08:16:17.083846" level="INFO">/opt/hostedtoolcache/Python/3.12.3/x64/lib/python3.12/site-packages/urllib3/connectionpool.py:1103: InsecureRequestWarning: Unverified HTTPS request is being made to host 'randomuser.me'. Adding certificate verification is strongly advised. See: https://urllib3.readthedocs.io/en/latest/advanced-usage.html#tls-warnings
  warnings.warn(</msg>
<msg time="2024-04-21T08:16:17.083991" level="INFO">${response} = &lt;Response [200]&gt;</msg>
<var>${response}</var>
<arg>consultarAPI</arg>
<arg>/api</arg>
<doc>Sends a GET request on a previously created HTTP Session.</doc>
<status status="PASS" start="2024-04-21T08:16:16.815950" elapsed="0.268084"/>
</kw>
<kw name="Should Be Equal As Numbers" owner="BuiltIn">
<msg time="2024-04-21T08:16:17.085167" level="INFO">Argument types are:
&lt;class 'int'&gt;
&lt;class 'str'&gt;</msg>
<arg>${response.status_code}</arg>
<arg>200</arg>
<doc>Fails if objects are unequal after converting them to real numbers.</doc>
<status status="PASS" start="2024-04-21T08:16:17.084686" elapsed="0.000547"/>
</kw>
<kw name="Log" owner="BuiltIn">
<msg time="2024-04-21T08:16:17.086009" level="INFO">200</msg>
<arg>${response.status_code}</arg>
<doc>Logs the given message with the given level.</doc>
<status status="PASS" start="2024-04-21T08:16:17.085635" elapsed="0.000418"/>
</kw>
<kw name="Set Variable" owner="BuiltIn">
<msg time="2024-04-21T08:16:17.086971" level="INFO">${json_data} = {'results': [{'gender': 'female', 'name': {'title': 'Mrs', 'first': 'Theodora', 'last': 'Liedtke'}, 'location': {'street': {'number': 6035, 'name': 'Hauptstraße'}, 'city': 'Preetz', 'state': 'Thüringe...</msg>
<var>${json_data}</var>
<arg>${response.json()}</arg>
<doc>Returns the given values which can then be assigned to a variables.</doc>
<status status="PASS" start="2024-04-21T08:16:17.086360" elapsed="0.000654"/>
</kw>
<kw name="Dictionary Should Contain Key" owner="Collections">
<msg time="2024-04-21T08:16:17.087586" level="INFO">False</msg>
<arg>${json_data}</arg>
<arg>results</arg>
<doc>Fails if ``key`` is not found from ``dictionary``.</doc>
<status status="PASS" start="2024-04-21T08:16:17.087409" elapsed="0.000217"/>
</kw>
<status status="PASS" start="2024-04-21T08:16:16.815709" elapsed="0.272182"/>
</kw>
<doc>Testa se a API responde corretamente e retorna um objeto JSON válido.</doc>
<tag>testeRequisicaoBasica</tag>
<status status="PASS" start="2024-04-21T08:16:16.815266" elapsed="0.272812"/>
</test>
<test id="s1-s1-t3" name="Validar estrutura de resposta" line="22">
<kw name="Teste de Estrutura de Resposta" owner="random-user-service">
<kw name="GET On Session" owner="RequestsLibrary">
<msg time="2024-04-21T08:16:17.184515" level="INFO">GET Request : url=https://randomuser.me/api 
 path_url=/api 
 headers={'User-Agent': 'python-requests/2.31.0', 'Accept-Encoding': 'gzip, deflate', 'Accept': '*/*', 'Connection': 'keep-alive'} 
 body=None 
 </msg>
<msg time="2024-04-21T08:16:17.184592" level="INFO">GET Response : url=https://randomuser.me/api 
 status=200, reason=OK 
 headers={'Date': 'Sun, 21 Apr 2024 08:16:17 GMT', 'Content-Type': 'application/json; charset=utf-8', 'Transfer-Encoding': 'chunked', 'Connection': 'keep-alive', 'X-Powered-By': 'Express', 'Access-Control-Allow-Origin': '*', 'Cache-Control': 'no-cache', 'ETag': 'W/"491-IJyU0u5ezMURjFr7v7zWgQHuXsI"', 'Vary': 'Accept-Encoding', 'Content-Encoding': 'gzip', 'CF-Cache-Status': 'DYNAMIC', 'Report-To': '{"endpoints":[{"url":"https:\\/\\/a.nel.cloudflare.com\\/report\\/v4?s=RG1YHn6zYBVCHwU4D9iRiFlSoRCBSkPDhmF3MoI0HBIePwu2BXHA%2BfNHJAu027B6xTZFmc3hES1l%2BWgvzcPiQpbChuQFEgFqboLNbGrncsuPVMDYH2f4mLiNMqRjHumN"}],"group":"cf-nel","max_age":604800}', 'NEL': '{"success_fraction":0,"report_to":"cf-nel","max_age":604800}', 'Server': 'cloudflare', 'CF-RAY': '877bee5ada187ccb-LAX', 'alt-svc': 'h3=":443"; ma=86400'} 
 body={"results":[{"gender":"female","name":{"title":"Miss","first":"آوا","last":"احمدی"},"location":{"street":{"number":632,"name":"استاد نجات‌اللهی"},"city":"یزد","state":"خراسان جنوبی","country":"Iran","postcode":31972,"coordinates":{"latitude":"15.9871","longitude":"73.2345"},"timezone":{"offset":"+9:30","description":"Adelaide, Darwin"}},"email":"aw.hmdy@example.com","login":{"uuid":"003e11f4-3a34-4f53-86f5-a5be4eb6282a","username":"goldenmouse397","password":"xxx123","salt":"Olq0tmIz","md5":"03cd9d65dee8adb3727d7463638ac189","sha1":"8cbe08d9b1d0af16dccbffad0d0542226f7ea854","sha256":"9dbf9db8a9bb0d0e18d8e8bcc19aa81f2646016469d3177704cdddca7dff3234"},"dob":{"date":"1984-03-02T07:44:26.323Z","age":40},"registered":{"date":"2020-09-27T19:32:00.304Z","age":3},"phone":"087-41516313","cell":"0999-615-4424","id":{"name":"","value":null},"picture":{"large":"https://randomuser.me/api/portraits/women/27.jpg","medium":"https://randomuser.me/api/portraits/med/women/27.jpg","thumbnail":"https://randomuser.me/api/portraits/thumb/women/27.jpg"},"nat":"IR"}],"info":{"seed":"f90daa4c8fee60e7","results":1,"page":1,"version":"1.4"}} 
 </msg>
<msg time="2024-04-21T08:16:17.184695" level="INFO">/opt/hostedtoolcache/Python/3.12.3/x64/lib/python3.12/site-packages/urllib3/connectionpool.py:1103: InsecureRequestWarning: Unverified HTTPS request is being made to host 'randomuser.me'. Adding certificate verification is strongly advised. See: https://urllib3.readthedocs.io/en/latest/advanced-usage.html#tls-warnings
  warnings.warn(</msg>
<msg time="2024-04-21T08:16:17.184795" level="INFO">${response} = &lt;Response [200]&gt;</msg>
<var>${response}</var>
<arg>consultarAPI</arg>
<arg>/api</arg>
<doc>Sends a GET request on a previously created HTTP Session.</doc>
<status status="PASS" start="2024-04-21T08:16:17.090794" elapsed="0.094043"/>
</kw>
<kw name="Set Variable" owner="BuiltIn">
<msg time="2024-04-21T08:16:17.185913" level="INFO">${json_data} = {'results': [{'gender': 'female', 'name': {'title': 'Miss', 'first': 'آوا', 'last': 'احمدی'}, 'location': {'street': {'number': 632, 'name': 'استاد نجات\u200cاللهی'}, 'city': 'یزد', 'state': 'خراسان ج...</msg>
<var>${json_data}</var>
<arg>${response.json()}</arg>
<doc>Returns the given values which can then be assigned to a variables.</doc>
<status status="PASS" start="2024-04-21T08:16:17.185323" elapsed="0.000620"/>
</kw>
<kw name="Log" owner="BuiltIn">
<msg time="2024-04-21T08:16:17.186415" level="INFO">{'results': [{'gender': 'female', 'name': {'title': 'Miss', 'first': 'آوا', 'last': 'احمدی'}, 'location': {'street': {'number': 632, 'name': 'استاد نجات\u200cاللهی'}, 'city': 'یزد', 'state': 'خراسان جنوبی', 'country': 'Iran', 'postcode': 31972, 'coordinates': {'latitude': '15.9871', 'longitude': '73.2345'}, 'timezone': {'offset': '+9:30', 'description': 'Adelaide, Darwin'}}, 'email': 'aw.hmdy@example.com', 'login': {'uuid': '003e11f4-3a34-4f53-86f5-a5be4eb6282a', 'username': 'goldenmouse397', 'password': 'xxx123', 'salt': 'Olq0tmIz', 'md5': '03cd9d65dee8adb3727d7463638ac189', 'sha1': '8cbe08d9b1d0af16dccbffad0d0542226f7ea854', 'sha256': '9dbf9db8a9bb0d0e18d8e8bcc19aa81f2646016469d3177704cdddca7dff3234'}, 'dob': {'date': '1984-03-02T07:44:26.323Z', 'age': 40}, 'registered': {'date': '2020-09-27T19:32:00.304Z', 'age': 3}, 'phone': '087-41516313', 'cell': '0999-615-4424', 'id': {'name': '', 'value': None}, 'picture': {'large': 'https://randomuser.me/api/portraits/women/27.jpg', 'medium': 'https://randomuser.me/api/portraits/med/women/27.jpg', 'thumbnail': 'https://randomuser.me/api/portraits/thumb/women/27.jpg'}, 'nat': 'IR'}], 'info': {'seed': 'f90daa4c8fee60e7', 'results': 1, 'page': 1, 'version': '1.4'}}</msg>
<arg>${json_data}</arg>
<doc>Logs the given message with the given level.</doc>
<status status="PASS" start="2024-04-21T08:16:17.186254" elapsed="0.000212"/>
</kw>
<kw name="Dictionary Should Contain Key" owner="Collections">
<msg time="2024-04-21T08:16:17.186921" level="INFO">False</msg>
<arg>${json_data}</arg>
<arg>results</arg>
<doc>Fails if ``key`` is not found from ``dictionary``.</doc>
<status status="PASS" start="2024-04-21T08:16:17.186766" elapsed="0.000190"/>
</kw>
<kw name="Should Not Be Empty" owner="BuiltIn">
<msg time="2024-04-21T08:16:17.187375" level="INFO">Length is 2.</msg>
<arg>${json_data}</arg>
<doc>Verifies that the given item is not empty.</doc>
<status status="PASS" start="2024-04-21T08:16:17.187245" elapsed="0.000309"/>
</kw>
<kw name="Create List" owner="BuiltIn">
<msg time="2024-04-21T08:16:17.187993" level="INFO">${expected_keys} = ['gender', 'name', 'location', 'email', 'login']</msg>
<var>${expected_keys}</var>
<arg>gender</arg>
<arg>name</arg>
<arg>location</arg>
<arg>email</arg>
<arg>login</arg>
<doc>Returns a list containing given items.</doc>
<status status="PASS" start="2024-04-21T08:16:17.187844" elapsed="0.000173"/>
</kw>
<for flavor="IN">
<iter>
<kw name="Dictionary Should Contain Key" owner="Collections">
<msg time="2024-04-21T08:16:17.188981" level="INFO">False</msg>
<arg>${json_data['results'][0]}</arg>
<arg>${key}</arg>
<doc>Fails if ``key`` is not found from ``dictionary``.</doc>
<status status="PASS" start="2024-04-21T08:16:17.188583" elapsed="0.000435"/>
</kw>
<kw name="Log" owner="BuiltIn">
<msg time="2024-04-21T08:16:17.189704" level="INFO">{'gender': 'female', 'name': {'title': 'Miss', 'first': 'آوا', 'last': 'احمدی'}, 'location': {'street': {'number': 632, 'name': 'استاد نجات\u200cاللهی'}, 'city': 'یزد', 'state': 'خراسان جنوبی', 'country': 'Iran', 'postcode': 31972, 'coordinates': {'latitude': '15.9871', 'longitude': '73.2345'}, 'timezone': {'offset': '+9:30', 'description': 'Adelaide, Darwin'}}, 'email': 'aw.hmdy@example.com', 'login': {'uuid': '003e11f4-3a34-4f53-86f5-a5be4eb6282a', 'username': 'goldenmouse397', 'password': 'xxx123', 'salt': 'Olq0tmIz', 'md5': '03cd9d65dee8adb3727d7463638ac189', 'sha1': '8cbe08d9b1d0af16dccbffad0d0542226f7ea854', 'sha256': '9dbf9db8a9bb0d0e18d8e8bcc19aa81f2646016469d3177704cdddca7dff3234'}, 'dob': {'date': '1984-03-02T07:44:26.323Z', 'age': 40}, 'registered': {'date': '2020-09-27T19:32:00.304Z', 'age': 3}, 'phone': '087-41516313', 'cell': '0999-615-4424', 'id': {'name': '', 'value': None}, 'picture': {'large': 'https://randomuser.me/api/portraits/women/27.jpg', 'medium': 'https://randomuser.me/api/portraits/med/women/27.jpg', 'thumbnail': 'https://randomuser.me/api/portraits/thumb/women/27.jpg'}, 'nat': 'IR'}</msg>
<arg>${json_data['results'][0]}</arg>
<doc>Logs the given message with the given level.</doc>
<status status="PASS" start="2024-04-21T08:16:17.189314" elapsed="0.000441"/>
</kw>
<kw name="Log" owner="BuiltIn">
<msg time="2024-04-21T08:16:17.190171" level="INFO">gender</msg>
<arg>${key}</arg>
<doc>Logs the given message with the given level.</doc>
<status status="PASS" start="2024-04-21T08:16:17.190046" elapsed="0.000161"/>
</kw>
<var name="${key}">gender</var>
<status status="PASS" start="2024-04-21T08:16:17.188459" elapsed="0.001956"/>
</iter>
<iter>
<kw name="Dictionary Should Contain Key" owner="Collections">
<msg time="2024-04-21T08:16:17.191086" level="INFO">False</msg>
<arg>${json_data['results'][0]}</arg>
<arg>${key}</arg>
<doc>Fails if ``key`` is not found from ``dictionary``.</doc>
<status status="PASS" start="2024-04-21T08:16:17.190709" elapsed="0.000415"/>
</kw>
<kw name="Log" owner="BuiltIn">
<msg time="2024-04-21T08:16:17.191805" level="INFO">{'gender': 'female', 'name': {'title': 'Miss', 'first': 'آوا', 'last': 'احمدی'}, 'location': {'street': {'number': 632, 'name': 'استاد نجات\u200cاللهی'}, 'city': 'یزد', 'state': 'خراسان جنوبی', 'country': 'Iran', 'postcode': 31972, 'coordinates': {'latitude': '15.9871', 'longitude': '73.2345'}, 'timezone': {'offset': '+9:30', 'description': 'Adelaide, Darwin'}}, 'email': 'aw.hmdy@example.com', 'login': {'uuid': '003e11f4-3a34-4f53-86f5-a5be4eb6282a', 'username': 'goldenmouse397', 'password': 'xxx123', 'salt': 'Olq0tmIz', 'md5': '03cd9d65dee8adb3727d7463638ac189', 'sha1': '8cbe08d9b1d0af16dccbffad0d0542226f7ea854', 'sha256': '9dbf9db8a9bb0d0e18d8e8bcc19aa81f2646016469d3177704cdddca7dff3234'}, 'dob': {'date': '1984-03-02T07:44:26.323Z', 'age': 40}, 'registered': {'date': '2020-09-27T19:32:00.304Z', 'age': 3}, 'phone': '087-41516313', 'cell': '0999-615-4424', 'id': {'name': '', 'value': None}, 'picture': {'large': 'https://randomuser.me/api/portraits/women/27.jpg', 'medium': 'https://randomuser.me/api/portraits/med/women/27.jpg', 'thumbnail': 'https://randomuser.me/api/portraits/thumb/women/27.jpg'}, 'nat': 'IR'}</msg>
<arg>${json_data['results'][0]}</arg>
<doc>Logs the given message with the given level.</doc>
<status status="PASS" start="2024-04-21T08:16:17.191448" elapsed="0.000407"/>
</kw>
<kw name="Log" owner="BuiltIn">
<msg time="2024-04-21T08:16:17.192271" level="INFO">name</msg>
<arg>${key}</arg>
<doc>Logs the given message with the given level.</doc>
<status status="PASS" start="2024-04-21T08:16:17.192148" elapsed="0.000160"/>
</kw>
<var name="${key}">name</var>
<status status="PASS" start="2024-04-21T08:16:17.190596" elapsed="0.001921"/>
</iter>
<iter>
<kw name="Dictionary Should Contain Key" owner="Collections">
<msg time="2024-04-21T08:16:17.193176" level="INFO">False</msg>
<arg>${json_data['results'][0]}</arg>
<arg>${key}</arg>
<doc>Fails if ``key`` is not found from ``dictionary``.</doc>
<status status="PASS" start="2024-04-21T08:16:17.192798" elapsed="0.000415"/>
</kw>
<kw name="Log" owner="BuiltIn">
<msg time="2024-04-21T08:16:17.193893" level="INFO">{'gender': 'female', 'name': {'title': 'Miss', 'first': 'آوا', 'last': 'احمدی'}, 'location': {'street': {'number': 632, 'name': 'استاد نجات\u200cاللهی'}, 'city': 'یزد', 'state': 'خراسان جنوبی', 'country': 'Iran', 'postcode': 31972, 'coordinates': {'latitude': '15.9871', 'longitude': '73.2345'}, 'timezone': {'offset': '+9:30', 'description': 'Adelaide, Darwin'}}, 'email': 'aw.hmdy@example.com', 'login': {'uuid': '003e11f4-3a34-4f53-86f5-a5be4eb6282a', 'username': 'goldenmouse397', 'password': 'xxx123', 'salt': 'Olq0tmIz', 'md5': '03cd9d65dee8adb3727d7463638ac189', 'sha1': '8cbe08d9b1d0af16dccbffad0d0542226f7ea854', 'sha256': '9dbf9db8a9bb0d0e18d8e8bcc19aa81f2646016469d3177704cdddca7dff3234'}, 'dob': {'date': '1984-03-02T07:44:26.323Z', 'age': 40}, 'registered': {'date': '2020-09-27T19:32:00.304Z', 'age': 3}, 'phone': '087-41516313', 'cell': '0999-615-4424', 'id': {'name': '', 'value': None}, 'picture': {'large': 'https://randomuser.me/api/portraits/women/27.jpg', 'medium': 'https://randomuser.me/api/portraits/med/women/27.jpg', 'thumbnail': 'https://randomuser.me/api/portraits/thumb/women/27.jpg'}, 'nat': 'IR'}</msg>
<arg>${json_data['results'][0]}</arg>
<doc>Logs the given message with the given level.</doc>
<status status="PASS" start="2024-04-21T08:16:17.193502" elapsed="0.000442"/>
</kw>
<kw name="Log" owner="BuiltIn">
<msg time="2024-04-21T08:16:17.194361" level="INFO">location</msg>
<arg>${key}</arg>
<doc>Logs the given message with the given level.</doc>
<status status="PASS" start="2024-04-21T08:16:17.194238" elapsed="0.000160"/>
</kw>
<var name="${key}">location</var>
<status status="PASS" start="2024-04-21T08:16:17.192688" elapsed="0.001922"/>
</iter>
<iter>
<kw name="Dictionary Should Contain Key" owner="Collections">
<msg time="2024-04-21T08:16:17.195262" level="INFO">False</msg>
<arg>${json_data['results'][0]}</arg>
<arg>${key}</arg>
<doc>Fails if ``key`` is not found from ``dictionary``.</doc>
<status status="PASS" start="2024-04-21T08:16:17.194888" elapsed="0.000412"/>
</kw>
<kw name="Log" owner="BuiltIn">
<msg time="2024-04-21T08:16:17.195954" level="INFO">{'gender': 'female', 'name': {'title': 'Miss', 'first': 'آوا', 'last': 'احمدی'}, 'location': {'street': {'number': 632, 'name': 'استاد نجات\u200cاللهی'}, 'city': 'یزد', 'state': 'خراسان جنوبی', 'country': 'Iran', 'postcode': 31972, 'coordinates': {'latitude': '15.9871', 'longitude': '73.2345'}, 'timezone': {'offset': '+9:30', 'description': 'Adelaide, Darwin'}}, 'email': 'aw.hmdy@example.com', 'login': {'uuid': '003e11f4-3a34-4f53-86f5-a5be4eb6282a', 'username': 'goldenmouse397', 'password': 'xxx123', 'salt': 'Olq0tmIz', 'md5': '03cd9d65dee8adb3727d7463638ac189', 'sha1': '8cbe08d9b1d0af16dccbffad0d0542226f7ea854', 'sha256': '9dbf9db8a9bb0d0e18d8e8bcc19aa81f2646016469d3177704cdddca7dff3234'}, 'dob': {'date': '1984-03-02T07:44:26.323Z', 'age': 40}, 'registered': {'date': '2020-09-27T19:32:00.304Z', 'age': 3}, 'phone': '087-41516313', 'cell': '0999-615-4424', 'id': {'name': '', 'value': None}, 'picture': {'large': 'https://randomuser.me/api/portraits/women/27.jpg', 'medium': 'https://randomuser.me/api/portraits/med/women/27.jpg', 'thumbnail': 'https://randomuser.me/api/portraits/thumb/women/27.jpg'}, 'nat': 'IR'}</msg>
<arg>${json_data['results'][0]}</arg>
<doc>Logs the given message with the given level.</doc>
<status status="PASS" start="2024-04-21T08:16:17.195591" elapsed="0.000412"/>
</kw>
<kw name="Log" owner="BuiltIn">
<msg time="2024-04-21T08:16:17.196427" level="INFO">email</msg>
<arg>${key}</arg>
<doc>Logs the given message with the given level.</doc>
<status status="PASS" start="2024-04-21T08:16:17.196301" elapsed="0.000163"/>
</kw>
<var name="${key}">email</var>
<status status="PASS" start="2024-04-21T08:16:17.194779" elapsed="0.001895"/>
</iter>
<iter>
<kw name="Dictionary Should Contain Key" owner="Collections">
<msg time="2024-04-21T08:16:17.197325" level="INFO">False</msg>
<arg>${json_data['results'][0]}</arg>
<arg>${key}</arg>
<doc>Fails if ``key`` is not found from ``dictionary``.</doc>
<status status="PASS" start="2024-04-21T08:16:17.196952" elapsed="0.000409"/>
</kw>
<kw name="Log" owner="BuiltIn">
<msg time="2024-04-21T08:16:17.198046" level="INFO">{'gender': 'female', 'name': {'title': 'Miss', 'first': 'آوا', 'last': 'احمدی'}, 'location': {'street': {'number': 632, 'name': 'استاد نجات\u200cاللهی'}, 'city': 'یزد', 'state': 'خراسان جنوبی', 'country': 'Iran', 'postcode': 31972, 'coordinates': {'latitude': '15.9871', 'longitude': '73.2345'}, 'timezone': {'offset': '+9:30', 'description': 'Adelaide, Darwin'}}, 'email': 'aw.hmdy@example.com', 'login': {'uuid': '003e11f4-3a34-4f53-86f5-a5be4eb6282a', 'username': 'goldenmouse397', 'password': 'xxx123', 'salt': 'Olq0tmIz', 'md5': '03cd9d65dee8adb3727d7463638ac189', 'sha1': '8cbe08d9b1d0af16dccbffad0d0542226f7ea854', 'sha256': '9dbf9db8a9bb0d0e18d8e8bcc19aa81f2646016469d3177704cdddca7dff3234'}, 'dob': {'date': '1984-03-02T07:44:26.323Z', 'age': 40}, 'registered': {'date': '2020-09-27T19:32:00.304Z', 'age': 3}, 'phone': '087-41516313', 'cell': '0999-615-4424', 'id': {'name': '', 'value': None}, 'picture': {'large': 'https://randomuser.me/api/portraits/women/27.jpg', 'medium': 'https://randomuser.me/api/portraits/med/women/27.jpg', 'thumbnail': 'https://randomuser.me/api/portraits/thumb/women/27.jpg'}, 'nat': 'IR'}</msg>
<arg>${json_data['results'][0]}</arg>
<doc>Logs the given message with the given level.</doc>
<status status="PASS" start="2024-04-21T08:16:17.197680" elapsed="0.000415"/>
</kw>
<kw name="Log" owner="BuiltIn">
<msg time="2024-04-21T08:16:17.198512" level="INFO">login</msg>
<arg>${key}</arg>
<doc>Logs the given message with the given level.</doc>
<status status="PASS" start="2024-04-21T08:16:17.198389" elapsed="0.000160"/>
</kw>
<var name="${key}">login</var>
<status status="PASS" start="2024-04-21T08:16:17.196843" elapsed="0.001941"/>
</iter>
<var>${key}</var>
<value>@{expected_keys}</value>
<status status="PASS" start="2024-04-21T08:16:17.188269" elapsed="0.010638"/>
</for>
<kw name="Create List" owner="BuiltIn">
<msg time="2024-04-21T08:16:17.199225" level="INFO">${expected_keysTwo} = ['username', 'password']</msg>
<var>${expected_keysTwo}</var>
<arg>username</arg>
<arg>password</arg>
<doc>Returns a list containing given items.</doc>
<status status="PASS" start="2024-04-21T08:16:17.199093" elapsed="0.000155"/>
</kw>
<for flavor="IN">
<iter>
<kw name="Dictionary Should Contain Key" owner="Collections">
<msg time="2024-04-21T08:16:17.200121" level="INFO">False</msg>
<arg>${json_data['results'][0]['login']}</arg>
<arg>${keyTwo}</arg>
<doc>Fails if ``key`` is not found from ``dictionary``.</doc>
<status status="PASS" start="2024-04-21T08:16:17.199737" elapsed="0.000422"/>
</kw>
<kw name="Dictionary Should Contain Key" owner="Collections">
<msg time="2024-04-21T08:16:17.200832" level="INFO">False</msg>
<arg>${json_data['results'][0]['login']}</arg>
<arg>${keyTwo}</arg>
<doc>Fails if ``key`` is not found from ``dictionary``.</doc>
<status status="PASS" start="2024-04-21T08:16:17.200449" elapsed="0.000421"/>
</kw>
<kw name="Log" owner="BuiltIn">
<msg time="2024-04-21T08:16:17.201279" level="INFO">username</msg>
<arg>${keyTwo}</arg>
<doc>Logs the given message with the given level.</doc>
<status status="PASS" start="2024-04-21T08:16:17.201156" elapsed="0.000165"/>
</kw>
<var name="${keyTwo}">username</var>
<status status="PASS" start="2024-04-21T08:16:17.199629" elapsed="0.001931"/>
</iter>
<iter>
<kw name="Dictionary Should Contain Key" owner="Collections">
<msg time="2024-04-21T08:16:17.202315" level="INFO">False</msg>
<arg>${json_data['results'][0]['login']}</arg>
<arg>${keyTwo}</arg>
<doc>Fails if ``key`` is not found from ``dictionary``.</doc>
<status status="PASS" start="2024-04-21T08:16:17.201850" elapsed="0.000504"/>
</kw>
<kw name="Dictionary Should Contain Key" owner="Collections">
<msg time="2024-04-21T08:16:17.203022" level="INFO">False</msg>
<arg>${json_data['results'][0]['login']}</arg>
<arg>${keyTwo}</arg>
<doc>Fails if ``key`` is not found from ``dictionary``.</doc>
<status status="PASS" start="2024-04-21T08:16:17.202647" elapsed="0.000411"/>
</kw>
<kw name="Log" owner="BuiltIn">
<msg time="2024-04-21T08:16:17.203469" level="INFO">password</msg>
<arg>${keyTwo}</arg>
<doc>Logs the given message with the given level.</doc>
<status status="PASS" start="2024-04-21T08:16:17.203345" elapsed="0.000161"/>
</kw>
<var name="${keyTwo}">password</var>
<status status="PASS" start="2024-04-21T08:16:17.201741" elapsed="0.001975"/>
</iter>
<var>${keyTwo}</var>
<value>@{expected_keysTwo}</value>
<status status="PASS" start="2024-04-21T08:16:17.199480" elapsed="0.004353"/>
</for>
<status status="PASS" start="2024-04-21T08:16:17.090559" elapsed="0.113410"/>
</kw>
<doc>Testa a estrutura da resposta da API.</doc>
<tag>testeEstruturaResposta</tag>
<status status="PASS" start="2024-04-21T08:16:17.089965" elapsed="0.114153"/>
</test>
<test id="s1-s1-t4" name="Validar tipos de dados" line="28">
<kw name="Teste de Tipos de Dados" owner="random-user-service">
<kw name="GET On Session" owner="RequestsLibrary">
<msg time="2024-04-21T08:16:17.299498" level="INFO">GET Request : url=https://randomuser.me/api 
 path_url=/api 
 headers={'User-Agent': 'python-requests/2.31.0', 'Accept-Encoding': 'gzip, deflate', 'Accept': '*/*', 'Connection': 'keep-alive'} 
 body=None 
 </msg>
<msg time="2024-04-21T08:16:17.299578" level="INFO">GET Response : url=https://randomuser.me/api 
 status=200, reason=OK 
 headers={'Date': 'Sun, 21 Apr 2024 08:16:17 GMT', 'Content-Type': 'application/json; charset=utf-8', 'Transfer-Encoding': 'chunked', 'Connection': 'keep-alive', 'X-Powered-By': 'Express', 'Access-Control-Allow-Origin': '*', 'Cache-Control': 'no-cache', 'ETag': 'W/"497-7sME4H3OpoM9U2cGAh/WhVXTTAc"', 'Vary': 'Accept-Encoding', 'Content-Encoding': 'gzip', 'CF-Cache-Status': 'DYNAMIC', 'Report-To': '{"endpoints":[{"url":"https:\\/\\/a.nel.cloudflare.com\\/report\\/v4?s=UFT06uvevCyoQtVOJAu3wbBc3rN1o4seqizGecErsM1WMPmm1zrlZPgF7Na%2B95UKHdMCO%2Fw78GCmGXmrKq0%2BodoMxu2ouKGs7l%2FNgnjXukwPuAvadYM%2FuMxwFTE%2BPcs0"}],"group":"cf-nel","max_age":604800}', 'NEL': '{"success_fraction":0,"report_to":"cf-nel","max_age":604800}', 'Server': 'cloudflare', 'CF-RAY': '877bee5b9aac7ccb-LAX', 'alt-svc': 'h3=":443"; ma=86400'} 
 body={"results":[{"gender":"female","name":{"title":"Miss","first":"Drishti","last":"Gupta"},"location":{"street":{"number":8883,"name":"Bhavani Peth"},"city":"Tiruchirappalli","state":"Delhi","country":"India","postcode":96929,"coordinates":{"latitude":"9.8101","longitude":"61.0769"},"timezone":{"offset":"-6:00","description":"Central Time (US &amp; Canada), Mexico City"}},"email":"drishti.gupta@example.com","login":{"uuid":"3503e1e4-f435-4ef4-8dcf-2255fa0c67b3","username":"yellowcat217","password":"rusty1","salt":"rmt47pY1","md5":"35109e562b4f8c36f57788116e65bc31","sha1":"e9072416f5de27dc2951541848640ccc30619c6c","sha256":"8d191aa73aef1787c5932bb0c58f2c1f52ed028717595f82f0ddb0ecf4c21f87"},"dob":{"date":"1964-03-23T04:47:54.043Z","age":60},"registered":{"date":"2009-02-04T05:33:34.896Z","age":15},"phone":"8073471223","cell":"9041427929","id":{"name":"UIDAI","value":"686767636960"},"picture":{"large":"https://randomuser.me/api/portraits/women/95.jpg","medium":"https://randomuser.me/api/portraits/med/women/95.jpg","thumbnail":"https://randomuser.me/api/portraits/thumb/women/95.jpg"},"nat":"IN"}],"info":{"seed":"ab98b25b4914cb96","results":1,"page":1,"version":"1.4"}} 
 </msg>
<msg time="2024-04-21T08:16:17.299653" level="INFO">/opt/hostedtoolcache/Python/3.12.3/x64/lib/python3.12/site-packages/urllib3/connectionpool.py:1103: InsecureRequestWarning: Unverified HTTPS request is being made to host 'randomuser.me'. Adding certificate verification is strongly advised. See: https://urllib3.readthedocs.io/en/latest/advanced-usage.html#tls-warnings
  warnings.warn(</msg>
<msg time="2024-04-21T08:16:17.299739" level="INFO">${response} = &lt;Response [200]&gt;</msg>
<var>${response}</var>
<arg>consultarAPI</arg>
<arg>/api</arg>
<doc>Sends a GET request on a previously created HTTP Session.</doc>
<status status="PASS" start="2024-04-21T08:16:17.206654" elapsed="0.093124"/>
</kw>
<kw name="Set Variable" owner="BuiltIn">
<msg time="2024-04-21T08:16:17.300854" level="INFO">${json_data} = {'results': [{'gender': 'female', 'name': {'title': 'Miss', 'first': 'Drishti', 'last': 'Gupta'}, 'location': {'street': {'number': 8883, 'name': 'Bhavani Peth'}, 'city': 'Tiruchirappalli', 'state': '...</msg>
<var>${json_data}</var>
<arg>${response.json()}</arg>
<doc>Returns the given values which can then be assigned to a variables.</doc>
<status status="PASS" start="2024-04-21T08:16:17.300259" elapsed="0.000624"/>
</kw>
<kw name="Log" owner="BuiltIn">
<msg time="2024-04-21T08:16:17.301333" level="INFO">{'results': [{'gender': 'female', 'name': {'title': 'Miss', 'first': 'Drishti', 'last': 'Gupta'}, 'location': {'street': {'number': 8883, 'name': 'Bhavani Peth'}, 'city': 'Tiruchirappalli', 'state': 'Delhi', 'country': 'India', 'postcode': 96929, 'coordinates': {'latitude': '9.8101', 'longitude': '61.0769'}, 'timezone': {'offset': '-6:00', 'description': 'Central Time (US &amp; Canada), Mexico City'}}, 'email': 'drishti.gupta@example.com', 'login': {'uuid': '3503e1e4-f435-4ef4-8dcf-2255fa0c67b3', 'username': 'yellowcat217', 'password': 'rusty1', 'salt': 'rmt47pY1', 'md5': '35109e562b4f8c36f57788116e65bc31', 'sha1': 'e9072416f5de27dc2951541848640ccc30619c6c', 'sha256': '8d191aa73aef1787c5932bb0c58f2c1f52ed028717595f82f0ddb0ecf4c21f87'}, 'dob': {'date': '1964-03-23T04:47:54.043Z', 'age': 60}, 'registered': {'date': '2009-02-04T05:33:34.896Z', 'age': 15}, 'phone': '8073471223', 'cell': '9041427929', 'id': {'name': 'UIDAI', 'value': '686767636960'}, 'picture': {'large': 'https://randomuser.me/api/portraits/women/95.jpg', 'medium': 'https://randomuser.me/api/portraits/med/women/95.jpg', 'thumbnail': 'https://randomuser.me/api/portraits/thumb/women/95.jpg'}, 'nat': 'IN'}], 'info': {'seed': 'ab98b25b4914cb96', 'results': 1, 'page': 1, 'version': '1.4'}}</msg>
<arg>${json_data}</arg>
<doc>Logs the given message with the given level.</doc>
<status status="PASS" start="2024-04-21T08:16:17.301184" elapsed="0.000228"/>
</kw>
<kw name="Should Be String" owner="String">
<arg>${json_data['results'][0]['gender']}</arg>
<doc>Fails if the given ``item`` is not a string.</doc>
<status status="PASS" start="2024-04-21T08:16:17.301752" elapsed="0.000359"/>
</kw>
<kw name="Should Match Regexp" owner="BuiltIn">
<arg>${json_data['results'][0]['email']}</arg>
<arg>^[a-zA-Z0-9._%+-]+@[a-zA-Z0-9.-]+\.[a-zA-Z]{2,}$</arg>
<doc>Fails if ``string`` does not match ``pattern`` as a regular expression.</doc>
<status status="PASS" start="2024-04-21T08:16:17.302300" elapsed="0.000500"/>
</kw>
<kw name="Should Match Regexp" owner="BuiltIn">
<arg>${json_data['results'][0]['dob']['date']}</arg>
<arg>\\d{4}-\\d{2}-\\d{2}T\\d{2}:\\d{2}:\\d{2}\\.\\d{3}Z</arg>
<doc>Fails if ``string`` does not match ``pattern`` as a regular expression.</doc>
<status status="PASS" start="2024-04-21T08:16:17.302990" elapsed="0.000475"/>
</kw>
<kw name="Should Match Regexp" owner="BuiltIn">
<arg>${json_data['results'][0]['registered']['date']}</arg>
<arg>\\d{4}-\\d{2}-\\d{2}T\\d{2}:\\d{2}:\\d{2}\\.\\d{3}Z</arg>
<doc>Fails if ``string`` does not match ``pattern`` as a regular expression.</doc>
<status status="PASS" start="2024-04-21T08:16:17.303650" elapsed="0.000365"/>
</kw>
<kw name="Should Match Regexp" owner="BuiltIn">
<arg>${json_data['results'][0]['picture']['large']}</arg>
<arg>^https?://.*\.(?:png|jpe?g|gif|bmp)$</arg>
<doc>Fails if ``string`` does not match ``pattern`` as a regular expression.</doc>
<status status="PASS" start="2024-04-21T08:16:17.304198" elapsed="0.000454"/>
</kw>
<kw name="Should Match Regexp" owner="BuiltIn">
<arg>${json_data['results'][0]['picture']['medium']}</arg>
<arg>^https?://.*\.(?:png|jpe?g|gif|bmp)$</arg>
<doc>Fails if ``string`` does not match ``pattern`` as a regular expression.</doc>
<status status="PASS" start="2024-04-21T08:16:17.304835" elapsed="0.000355"/>
</kw>
<kw name="Should Match Regexp" owner="BuiltIn">
<arg>${json_data['results'][0]['picture']['thumbnail']}</arg>
<arg>^https?://.*\.(?:png|jpe?g|gif|bmp)$</arg>
<doc>Fails if ``string`` does not match ``pattern`` as a regular expression.</doc>
<status status="PASS" start="2024-04-21T08:16:17.305374" elapsed="0.000390"/>
</kw>
<kw name="Log" owner="BuiltIn">
<msg time="2024-04-21T08:16:17.306267" level="INFO">{'large': 'https://randomuser.me/api/portraits/women/95.jpg', 'medium': 'https://randomuser.me/api/portraits/med/women/95.jpg', 'thumbnail': 'https://randomuser.me/api/portraits/thumb/women/95.jpg'}</msg>
<arg>${json_data['results'][0]['picture']}</arg>
<doc>Logs the given message with the given level.</doc>
<status status="PASS" start="2024-04-21T08:16:17.305947" elapsed="0.000361"/>
</kw>
<status status="PASS" start="2024-04-21T08:16:17.206430" elapsed="0.100125"/>
</kw>
<kw name="Teste de Tipos de Dados - Postcode" owner="random-user-service">
<kw name="GET On Session" owner="RequestsLibrary">
<msg time="2024-04-21T08:16:17.399235" level="INFO">GET Request : url=https://randomuser.me/api 
 path_url=/api 
 headers={'User-Agent': 'python-requests/2.31.0', 'Accept-Encoding': 'gzip, deflate', 'Accept': '*/*', 'Connection': 'keep-alive'} 
 body=None 
 </msg>
<msg time="2024-04-21T08:16:17.399312" level="INFO">GET Response : url=https://randomuser.me/api 
 status=200, reason=OK 
 headers={'Date': 'Sun, 21 Apr 2024 08:16:17 GMT', 'Content-Type': 'application/json; charset=utf-8', 'Transfer-Encoding': 'chunked', 'Connection': 'keep-alive', 'X-Powered-By': 'Express', 'Access-Control-Allow-Origin': '*', 'Cache-Control': 'no-cache', 'ETag': 'W/"483-9jOXnQIEyMprz6+di3Ff+d/ltCs"', 'Vary': 'Accept-Encoding', 'Content-Encoding': 'gzip', 'CF-Cache-Status': 'DYNAMIC', 'Report-To': '{"endpoints":[{"url":"https:\\/\\/a.nel.cloudflare.com\\/report\\/v4?s=%2F0gF%2FJBkbkaZ%2F%2Bp4fkCT5ric5GI%2BU%2Btb9VvMgyjtuHT243dHyrQe8NA1Lt9ZKF5cL%2FZPDvNwhyCxIJ8HXYgR4ThrlyqcHxQ57ArT7GupKmg564WbozJHvlJSnU%2B%2BvTS5"}],"group":"cf-nel","max_age":604800}', 'NEL': '{"success_fraction":0,"report_to":"cf-nel","max_age":604800}', 'Server': 'cloudflare', 'CF-RAY': '877bee5c3b147ccb-LAX', 'alt-svc': 'h3=":443"; ma=86400'} 
 body={"results":[{"gender":"male","name":{"title":"Mr","first":"Vedat","last":"Gümüşpala"},"location":{"street":{"number":537,"name":"Anafartalar Cd"},"city":"Edirne","state":"Kars","country":"Turkey","postcode":10356,"coordinates":{"latitude":"65.4830","longitude":"-31.5353"},"timezone":{"offset":"-3:00","description":"Brazil, Buenos Aires, Georgetown"}},"email":"vedat.gumuspala@example.com","login":{"uuid":"f6501470-21ec-4e29-aa88-ecd87661d967","username":"lazyleopard895","password":"mushroom","salt":"ig5W6jKz","md5":"2a30341dd5c1ead8617fc0be1ec9b926","sha1":"1d551b25315aaae1e67c9cb75394b3ee1e858f2c","sha256":"01a83bf2eb913d5d777e530f9ab0b5797632084c6067582a22d56e75e90719c2"},"dob":{"date":"1989-03-11T18:40:27.265Z","age":35},"registered":{"date":"2019-10-08T14:29:28.843Z","age":4},"phone":"(444)-085-4401","cell":"(420)-757-7054","id":{"name":"","value":null},"picture":{"large":"https://randomuser.me/api/portraits/men/50.jpg","medium":"https://randomuser.me/api/portraits/med/men/50.jpg","thumbnail":"https://randomuser.me/api/portraits/thumb/men/50.jpg"},"nat":"TR"}],"info":{"seed":"94b891628932d08e","results":1,"page":1,"version":"1.4"}} 
 </msg>
<msg time="2024-04-21T08:16:17.399384" level="INFO">/opt/hostedtoolcache/Python/3.12.3/x64/lib/python3.12/site-packages/urllib3/connectionpool.py:1103: InsecureRequestWarning: Unverified HTTPS request is being made to host 'randomuser.me'. Adding certificate verification is strongly advised. See: https://urllib3.readthedocs.io/en/latest/advanced-usage.html#tls-warnings
  warnings.warn(</msg>
<msg time="2024-04-21T08:16:17.399489" level="INFO">${response} = &lt;Response [200]&gt;</msg>
<var>${response}</var>
<arg>consultarAPI</arg>
<arg>/api</arg>
<doc>Sends a GET request on a previously created HTTP Session.</doc>
<status status="PASS" start="2024-04-21T08:16:17.307002" elapsed="0.092544"/>
</kw>
<kw name="Set Variable" owner="BuiltIn">
<msg time="2024-04-21T08:16:17.400650" level="INFO">${json_data} = {'results': [{'gender': 'male', 'name': {'title': 'Mr', 'first': 'Vedat', 'last': 'Gümüşpala'}, 'location': {'street': {'number': 537, 'name': 'Anafartalar Cd'}, 'city': 'Edirne', 'state': 'Kars', 'co...</msg>
<var>${json_data}</var>
<arg>${response.json()}</arg>
<doc>Returns the given values which can then be assigned to a variables.</doc>
<status status="PASS" start="2024-04-21T08:16:17.400060" elapsed="0.000620"/>
</kw>
<kw name="Log" owner="BuiltIn">
<msg time="2024-04-21T08:16:17.401144" level="INFO">{'results': [{'gender': 'male', 'name': {'title': 'Mr', 'first': 'Vedat', 'last': 'Gümüşpala'}, 'location': {'street': {'number': 537, 'name': 'Anafartalar Cd'}, 'city': 'Edirne', 'state': 'Kars', 'country': 'Turkey', 'postcode': 10356, 'coordinates': {'latitude': '65.4830', 'longitude': '-31.5353'}, 'timezone': {'offset': '-3:00', 'description': 'Brazil, Buenos Aires, Georgetown'}}, 'email': 'vedat.gumuspala@example.com', 'login': {'uuid': 'f6501470-21ec-4e29-aa88-ecd87661d967', 'username': 'lazyleopard895', 'password': 'mushroom', 'salt': 'ig5W6jKz', 'md5': '2a30341dd5c1ead8617fc0be1ec9b926', 'sha1': '1d551b25315aaae1e67c9cb75394b3ee1e858f2c', 'sha256': '01a83bf2eb913d5d777e530f9ab0b5797632084c6067582a22d56e75e90719c2'}, 'dob': {'date': '1989-03-11T18:40:27.265Z', 'age': 35}, 'registered': {'date': '2019-10-08T14:29:28.843Z', 'age': 4}, 'phone': '(444)-085-4401', 'cell': '(420)-757-7054', 'id': {'name': '', 'value': None}, 'picture': {'large': 'https://randomuser.me/api/portraits/men/50.jpg', 'medium': 'https://randomuser.me/api/portraits/med/men/50.jpg', 'thumbnail': 'https://randomuser.me/api/portraits/thumb/men/50.jpg'}, 'nat': 'TR'}], 'info': {'seed': '94b891628932d08e', 'results': 1, 'page': 1, 'version': '1.4'}}</msg>
<arg>${json_data}</arg>
<doc>Logs the given message with the given level.</doc>
<status status="PASS" start="2024-04-21T08:16:17.400989" elapsed="0.000235"/>
</kw>
<kw name="Should Be Equal As Numbers" owner="BuiltIn">
<arg>${json_data['results'][0]['location']['postcode']}</arg>
<arg>${json_data['results'][0]['location']['postcode']}</arg>
<doc>Fails if objects are unequal after converting them to real numbers.</doc>
<status status="PASS" start="2024-04-21T08:16:17.401681" elapsed="0.000608"/>
</kw>
<kw name="Log" owner="BuiltIn">
<msg time="2024-04-21T08:16:17.402809" level="INFO">10356</msg>
<arg>${json_data['results'][0]['location']['postcode']}</arg>
<doc>Logs the given message with the given level.</doc>
<status status="PASS" start="2024-04-21T08:16:17.402479" elapsed="0.000368"/>
</kw>
<status status="PASS" start="2024-04-21T08:16:17.306770" elapsed="0.096323"/>
</kw>
<doc>Testa se os tipos de dados na resposta da API estão corretos.</doc>
<tag>testeTiposDados</tag>
<status status="PASS" start="2024-04-21T08:16:17.205877" elapsed="0.197373"/>
</test>
<test id="s1-s1-t5" name="Validar conteudo" line="35">
<kw name="Teste de Tipos de Conteudo" owner="random-user-service">
<kw name="GET On Session" owner="RequestsLibrary">
<msg time="2024-04-21T08:16:17.508188" level="INFO">GET Request : url=https://randomuser.me/api 
 path_url=/api 
 headers={'User-Agent': 'python-requests/2.31.0', 'Accept-Encoding': 'gzip, deflate', 'Accept': '*/*', 'Connection': 'keep-alive'} 
 body=None 
 </msg>
<msg time="2024-04-21T08:16:17.508261" level="INFO">GET Response : url=https://randomuser.me/api 
 status=200, reason=OK 
 headers={'Date': 'Sun, 21 Apr 2024 08:16:17 GMT', 'Content-Type': 'application/json; charset=utf-8', 'Transfer-Encoding': 'chunked', 'Connection': 'keep-alive', 'X-Powered-By': 'Express', 'Access-Control-Allow-Origin': '*', 'Cache-Control': 'no-cache', 'ETag': 'W/"4a7-CdJyAgsSvxdhRYL8tnXKQdEoCa0"', 'Vary': 'Accept-Encoding', 'Content-Encoding': 'gzip', 'CF-Cache-Status': 'DYNAMIC', 'Report-To': '{"endpoints":[{"url":"https:\\/\\/a.nel.cloudflare.com\\/report\\/v4?s=uAzlHWlLWrsNIhfwW42W5N%2FrpZIyjvCw68j93Vfhho0V5CDgQ%2BRDQQcmS%2BpsZwA3Xg3JZTAVwXyp2peUb0tUcZbfeJc6eUX0g%2FKhFEiyXMp8Q6sJh%2FFA2ZnimQJ7cjc6"}],"group":"cf-nel","max_age":604800}', 'NEL': '{"success_fraction":0,"report_to":"cf-nel","max_age":604800}', 'Server': 'cloudflare', 'CF-RAY': '877bee5ccb737ccb-LAX', 'alt-svc': 'h3=":443"; ma=86400'} 
 body={"results":[{"gender":"male","name":{"title":"Mr","first":"Dragoslav","last":"Pantelić"},"location":{"street":{"number":224,"name":"Milana Ristanovića"},"city":"Smederevska Palanka","state":"Šumadija","country":"Serbia","postcode":43388,"coordinates":{"latitude":"55.9940","longitude":"-13.9486"},"timezone":{"offset":"+10:00","description":"Eastern Australia, Guam, Vladivostok"}},"email":"dragoslav.pantelic@example.com","login":{"uuid":"37f08ce5-c94e-4fa3-9174-3850e78032f0","username":"heavyelephant302","password":"astros","salt":"VJr49QoK","md5":"4b08faa09f2598df532f7a4162be5deb","sha1":"dd5df0fc471500862f2b7a9b6ffce422e4e494cb","sha256":"8fbc7b24bec4c3cae95176974cba77be3b91eef9957d52f5c7fb50713b0614ae"},"dob":{"date":"1973-10-29T14:39:00.370Z","age":50},"registered":{"date":"2009-04-14T16:49:03.221Z","age":15},"phone":"034-5021-904","cell":"069-0180-124","id":{"name":"SID","value":"709050019"},"picture":{"large":"https://randomuser.me/api/portraits/men/5.jpg","medium":"https://randomuser.me/api/portraits/med/men/5.jpg","thumbnail":"https://randomuser.me/api/portraits/thumb/men/5.jpg"},"nat":"RS"}],"info":{"seed":"e5e601d820c76b27","results":1,"page":1,"version":"1.4"}} 
 </msg>
<msg time="2024-04-21T08:16:17.508324" level="INFO">/opt/hostedtoolcache/Python/3.12.3/x64/lib/python3.12/site-packages/urllib3/connectionpool.py:1103: InsecureRequestWarning: Unverified HTTPS request is being made to host 'randomuser.me'. Adding certificate verification is strongly advised. See: https://urllib3.readthedocs.io/en/latest/advanced-usage.html#tls-warnings
  warnings.warn(</msg>
<msg time="2024-04-21T08:16:17.508424" level="INFO">${response} = &lt;Response [200]&gt;</msg>
<var>${response}</var>
<arg>consultarAPI</arg>
<arg>/api</arg>
<doc>Sends a GET request on a previously created HTTP Session.</doc>
<status status="PASS" start="2024-04-21T08:16:17.405718" elapsed="0.102749"/>
</kw>
<kw name="Set Variable" owner="BuiltIn">
<msg time="2024-04-21T08:16:17.509569" level="INFO">${json_data} = {'results': [{'gender': 'male', 'name': {'title': 'Mr', 'first': 'Dragoslav', 'last': 'Pantelić'}, 'location': {'street': {'number': 224, 'name': 'Milana Ristanovića'}, 'city': 'Smederevska Palanka', ...</msg>
<var>${json_data}</var>
<arg>${response.json()}</arg>
<doc>Returns the given values which can then be assigned to a variables.</doc>
<status status="PASS" start="2024-04-21T08:16:17.508974" elapsed="0.000630"/>
</kw>
<kw name="Set Variable" owner="BuiltIn">
<msg time="2024-04-21T08:16:17.510310" level="INFO">${name_title} = Mr</msg>
<var>${name_title}</var>
<arg>${json_data["results"][0]["name"]["title"]}</arg>
<doc>Returns the given values which can then be assigned to a variables.</doc>
<status status="PASS" start="2024-04-21T08:16:17.509928" elapsed="0.000409"/>
</kw>
<kw name="Create List" owner="BuiltIn">
<msg time="2024-04-21T08:16:17.510783" level="INFO">${allowed_titles} = ['Mr', 'Ms', 'Miss', 'Mrs', 'Madame', 'Monsieur']</msg>
<var>${allowed_titles}</var>
<arg>Mr</arg>
<arg>Ms</arg>
<arg>Miss</arg>
<arg>Mrs</arg>
<arg>Madame</arg>
<arg>Monsieur</arg>
<doc>Returns a list containing given items.</doc>
<status status="PASS" start="2024-04-21T08:16:17.510638" elapsed="0.000169"/>
</kw>
<kw name="List Should Contain Value" owner="Collections">
<msg time="2024-04-21T08:16:17.511273" level="INFO">False</msg>
<arg>${allowed_titles}</arg>
<arg>${name_title}</arg>
<doc>Fails if the ``value`` is not found from ``list``.</doc>
<status status="PASS" start="2024-04-21T08:16:17.511103" elapsed="0.000206"/>
</kw>
<kw name="Set Variable" owner="BuiltIn">
<msg time="2024-04-21T08:16:17.511970" level="INFO">${name_country} = RS</msg>
<var>${name_country}</var>
<arg>${json_data["results"][0]["nat"]}</arg>
<doc>Returns the given values which can then be assigned to a variables.</doc>
<status status="PASS" start="2024-04-21T08:16:17.511596" elapsed="0.000400"/>
</kw>
<kw name="Create List" owner="BuiltIn">
<msg time="2024-04-21T08:16:17.512875" level="INFO">${list_country} = ['AD', 'AE', 'AF', 'AG', 'AI', 'AL', 'AM', 'AO', 'AQ', 'AR', 'AS', 'AT', 'AU', 'AW', 'AX', 'AZ', 'BA', 'BB', 'BD', 'BE', 'BF', 'BG', 'BH', 'BI', 'BJ', 'BL', 'BM', 'BN', 'BO', 'BQ', 'BR', 'BS', 'BT', '...</msg>
<var>${list_country}</var>
<arg>AD</arg>
<arg>AE</arg>
<arg>AF</arg>
<arg>AG</arg>
<arg>AI</arg>
<arg>AL</arg>
<arg>AM</arg>
<arg>AO</arg>
<arg>AQ</arg>
<arg>AR</arg>
<arg>AS</arg>
<arg>AT</arg>
<arg>AU</arg>
<arg>AW</arg>
<arg>AX</arg>
<arg>AZ</arg>
<arg>BA</arg>
<arg>BB</arg>
<arg>BD</arg>
<arg>BE</arg>
<arg>BF</arg>
<arg>BG</arg>
<arg>BH</arg>
<arg>BI</arg>
<arg>BJ</arg>
<arg>BL</arg>
<arg>BM</arg>
<arg>BN</arg>
<arg>BO</arg>
<arg>BQ</arg>
<arg>BR</arg>
<arg>BS</arg>
<arg>BT</arg>
<arg>BV</arg>
<arg>BW</arg>
<arg>BY</arg>
<arg>BZ</arg>
<arg>CA</arg>
<arg>CC</arg>
<arg>CD</arg>
<arg>CF</arg>
<arg>CG</arg>
<arg>CH</arg>
<arg>CI</arg>
<arg>CK</arg>
<arg>CL</arg>
<arg>CM</arg>
<arg>CN</arg>
<arg>CO</arg>
<arg>CR</arg>
<arg>CU</arg>
<arg>CV</arg>
<arg>CW</arg>
<arg>CX</arg>
<arg>CY</arg>
<arg>CZ</arg>
<arg>DE</arg>
<arg>DJ</arg>
<arg>DK</arg>
<arg>DM</arg>
<arg>DO</arg>
<arg>DZ</arg>
<arg>EC</arg>
<arg>EE</arg>
<arg>EG</arg>
<arg>EH</arg>
<arg>ER</arg>
<arg>ES</arg>
<arg>ET</arg>
<arg>FI</arg>
<arg>FJ</arg>
<arg>FK</arg>
<arg>FM</arg>
<arg>FO</arg>
<arg>FR</arg>
<arg>GA</arg>
<arg>GB</arg>
<arg>GD</arg>
<arg>GE</arg>
<arg>GF</arg>
<arg>GG</arg>
<arg>GH</arg>
<arg>GI</arg>
<arg>GL</arg>
<arg>GM</arg>
<arg>GN</arg>
<arg>GP</arg>
<arg>GQ</arg>
<arg>GR</arg>
<arg>GS</arg>
<arg>GT</arg>
<arg>GU</arg>
<arg>GW</arg>
<arg>GY</arg>
<arg>HK</arg>
<arg>HM</arg>
<arg>HN</arg>
<arg>HR</arg>
<arg>HT</arg>
<arg>HU</arg>
<arg>ID</arg>
<arg>IE</arg>
<arg>IL</arg>
<arg>IM</arg>
<arg>IN</arg>
<arg>IO</arg>
<arg>IQ</arg>
<arg>IR</arg>
<arg>IS</arg>
<arg>IT</arg>
<arg>JE</arg>
<arg>JM</arg>
<arg>JO</arg>
<arg>JP</arg>
<arg>KE</arg>
<arg>KG</arg>
<arg>KH</arg>
<arg>KI</arg>
<arg>KM</arg>
<arg>KN</arg>
<arg>KP</arg>
<arg>KR</arg>
<arg>KW</arg>
<arg>KY</arg>
<arg>KZ</arg>
<arg>LA</arg>
<arg>LB</arg>
<arg>LC</arg>
<arg>LI</arg>
<arg>LK</arg>
<arg>LR</arg>
<arg>LS</arg>
<arg>LT</arg>
<arg>LU</arg>
<arg>LV</arg>
<arg>LY</arg>
<arg>MA</arg>
<arg>MC</arg>
<arg>MD</arg>
<arg>ME</arg>
<arg>MF</arg>
<arg>MG</arg>
<arg>MH</arg>
<arg>MK</arg>
<arg>ML</arg>
<arg>MM</arg>
<arg>MN</arg>
<arg>MO</arg>
<arg>MP</arg>
<arg>MQ</arg>
<arg>MR</arg>
<arg>MS</arg>
<arg>MT</arg>
<arg>MU</arg>
<arg>MV</arg>
<arg>MW</arg>
<arg>MX</arg>
<arg>MY</arg>
<arg>MZ</arg>
<arg>NA</arg>
<arg>NC</arg>
<arg>NE</arg>
<arg>NF</arg>
<arg>NG</arg>
<arg>NI</arg>
<arg>NL</arg>
<arg>NO</arg>
<arg>NP</arg>
<arg>NR</arg>
<arg>NU</arg>
<arg>NZ</arg>
<arg>OM</arg>
<arg>PA</arg>
<arg>PE</arg>
<arg>PF</arg>
<arg>PG</arg>
<arg>PH</arg>
<arg>PK</arg>
<arg>PL</arg>
<arg>PM</arg>
<arg>PN</arg>
<arg>PR</arg>
<arg>PS</arg>
<arg>PT</arg>
<arg>PW</arg>
<arg>PY</arg>
<arg>QA</arg>
<arg>RE</arg>
<arg>RO</arg>
<arg>RS</arg>
<arg>RU</arg>
<arg>RW</arg>
<arg>SA</arg>
<arg>SB</arg>
<arg>SC</arg>
<arg>SD</arg>
<arg>SE</arg>
<arg>SG</arg>
<arg>SH</arg>
<arg>SI</arg>
<arg>SJ</arg>
<arg>SK</arg>
<arg>SL</arg>
<arg>SM</arg>
<arg>SN</arg>
<arg>SO</arg>
<arg>SR</arg>
<arg>SS</arg>
<arg>ST</arg>
<arg>SV</arg>
<arg>SX</arg>
<arg>SY</arg>
<arg>SZ</arg>
<arg>TC</arg>
<arg>TD</arg>
<arg>TF</arg>
<arg>TG</arg>
<arg>TH</arg>
<arg>TJ</arg>
<arg>TK</arg>
<arg>TL</arg>
<arg>TM</arg>
<arg>TN</arg>
<arg>TO</arg>
<arg>TR</arg>
<arg>TT</arg>
<arg>TV</arg>
<arg>TW</arg>
<arg>TZ</arg>
<arg>UA</arg>
<arg>UG</arg>
<arg>UM</arg>
<arg>US</arg>
<arg>UY</arg>
<arg>UZ</arg>
<arg>VA</arg>
<arg>VC</arg>
<arg>VE</arg>
<arg>VG</arg>
<arg>VI</arg>
<arg>VN</arg>
<arg>VU</arg>
<arg>WF</arg>
<arg>WS</arg>
<arg>XK</arg>
<arg>YE</arg>
<arg>YT</arg>
<arg>ZA</arg>
<arg>ZM</arg>
<arg>ZW</arg>
<doc>Returns a list containing given items.</doc>
<status status="PASS" start="2024-04-21T08:16:17.512296" elapsed="0.000604"/>
</kw>
<kw name="List Should Contain Value" owner="Collections">
<msg time="2024-04-21T08:16:17.513912" level="INFO">False</msg>
<arg>${list_country}</arg>
<arg>${name_country}</arg>
<doc>Fails if the ``value`` is not found from ``list``.</doc>
<status status="PASS" start="2024-04-21T08:16:17.513710" elapsed="0.000238"/>
</kw>
<kw name="Run Keyword If" owner="BuiltIn">
<kw name="Should Be True" owner="BuiltIn">
<arg>${True}</arg>
<doc>Fails if the given condition is not true.</doc>
<status status="PASS" start="2024-04-21T08:16:17.515001" elapsed="0.000247"/>
</kw>
<arg>${json_data["results"][0]["location"]["coordinates"]["latitude"]} &gt;= -90 and ${json_data["results"][0]["location"]["coordinates"]["latitude"]} &lt;= 90</arg>
<arg>Should Be True</arg>
<arg>${True}</arg>
<doc>Runs the given keyword with the given arguments, if ``condition`` is true.</doc>
<status status="PASS" start="2024-04-21T08:16:17.514249" elapsed="0.001131"/>
</kw>
<kw name="Run Keyword If" owner="BuiltIn">
<kw name="Should Be True" owner="BuiltIn">
<arg>${True}</arg>
<doc>Fails if the given condition is not true.</doc>
<status status="PASS" start="2024-04-21T08:16:17.516273" elapsed="0.000137"/>
</kw>
<arg>${json_data["results"][0]["location"]["coordinates"]["longitude"]} &gt;= -180 and ${json_data["results"][0]["location"]["coordinates"]["longitude"]} &lt;= 180</arg>
<arg>Should Be True</arg>
<arg>${True}</arg>
<doc>Runs the given keyword with the given arguments, if ``condition`` is true.</doc>
<status status="PASS" start="2024-04-21T08:16:17.515563" elapsed="0.000972"/>
</kw>
<status status="PASS" start="2024-04-21T08:16:17.405461" elapsed="0.111202"/>
</kw>
<doc>Testa o conteúdo específico dos campos retornados pela API.</doc>
<tag>testeConteudo</tag>
<status status="PASS" start="2024-04-21T08:16:17.404949" elapsed="0.111861"/>
</test>
<status status="PASS" start="2024-04-21T08:16:16.520176" elapsed="0.998629"/>
</suite>
<status status="PASS" start="2024-04-21T08:16:16.506759" elapsed="1.017262"/>
</suite>
<statistics>
<total>
<stat pass="5" fail="0" skip="0">All Tests</stat>
</total>
<tag>
<stat pass="1" fail="0" skip="0">testeConteudo</stat>
<stat pass="1" fail="0" skip="0">testeEstruturaResposta</stat>
<stat pass="1" fail="0" skip="0">testeRequisicaoBasica</stat>
<stat pass="1" fail="0" skip="0">testeTiposDados</stat>
</tag>
<suite>
<stat pass="5" fail="0" skip="0" id="s1" name="Tests">Tests</stat>
<stat pass="5" fail="0" skip="0" id="s1-s1" name="Random-User-Test">Tests.Random-User-Test</stat>
</suite>
</statistics>
<errors>
</errors>
</robot>
