<?xml version="1.0" encoding="UTF-8"?>
<robot generator="Robot 7.0 (Python 3.12.3 on linux)" generated="2024-04-22T02:24:52.530936" rpa="false" schemaversion="5">
<suite id="s1" name="Tests" source="/home/runner/work/DesafioQAItauRogerioJordao/DesafioQAItauRogerioJordao/RamdonUser/tests">
<suite id="s1-s1" name="Random-User-Test" source="/home/runner/work/DesafioQAItauRogerioJordao/DesafioQAItauRogerioJordao/RamdonUser/tests/random-user-test.robot">
<test id="s1-s1-t1" name="Conectar" line="13">
<kw name="Conectar API" owner="random-user-service">
<kw name="Create Session" owner="RequestsLibrary">
<msg time="2024-04-22T02:24:52.921673" level="INFO">Creating Session using : alias=consultarAPI, url=https://randomuser.me/, headers={},                     cookies={}, auth=None, timeout=None, proxies=None, verify=False,                     debug=0 </msg>
<arg>consultarAPI</arg>
<arg>${URL}</arg>
<doc>Create Session: create a HTTP session to a server</doc>
<status status="PASS" start="2024-04-22T02:24:52.921463" elapsed="0.000423"/>
</kw>
<status status="PASS" start="2024-04-22T02:24:52.920450" elapsed="0.001830"/>
</kw>
<status status="PASS" start="2024-04-22T02:24:52.919861" elapsed="0.002620"/>
</test>
<test id="s1-s1-t2" name="Validar retorno 200 e JSON Válido" line="16">
<kw name="Teste de Requisicao Basica" owner="random-user-service">
<kw name="GET On Session" owner="RequestsLibrary">
<msg time="2024-04-22T02:24:53.151675" level="INFO">GET Request : url=https://randomuser.me/api 
 path_url=/api 
 headers={'User-Agent': 'python-requests/2.31.0', 'Accept-Encoding': 'gzip, deflate', 'Accept': '*/*', 'Connection': 'keep-alive'} 
 body=None 
 </msg>
<msg time="2024-04-22T02:24:53.151843" level="INFO">GET Response : url=https://randomuser.me/api 
 status=200, reason=OK 
 headers={'Date': 'Mon, 22 Apr 2024 02:24:53 GMT', 'Content-Type': 'application/json; charset=utf-8', 'Transfer-Encoding': 'chunked', 'Connection': 'keep-alive', 'X-Powered-By': 'Express', 'Access-Control-Allow-Origin': '*', 'Cache-Control': 'no-cache', 'ETag': 'W/"477-b5jVXTGyd7n9ywSIkrWkjV0zH0M"', 'Vary': 'Accept-Encoding', 'Content-Encoding': 'gzip', 'CF-Cache-Status': 'DYNAMIC', 'Report-To': '{"endpoints":[{"url":"https:\\/\\/a.nel.cloudflare.com\\/report\\/v4?s=fg3lGO5oKOnWiwgMuFeOv3zWqXmgyMDrGjoKqHlivIn89rj1rNsj%2FjUXInqRU0RNJq16E0%2FrXjv3Jp9c27pfAZLkCE3OLzbqWP2IlEj%2F3PalLvUzh1aixZoYwj4hBRWd"}],"group":"cf-nel","max_age":604800}', 'NEL': '{"success_fraction":0,"report_to":"cf-nel","max_age":604800}', 'Server': 'cloudflare', 'CF-RAY': '878228fb9db67ad6-SJC', 'alt-svc': 'h3=":443"; ma=86400'} 
 body={"results":[{"gender":"male","name":{"title":"Mr","first":"Gökhan","last":"Avan"},"location":{"street":{"number":9674,"name":"Talak Göktepe Cd"},"city":"Artvin","state":"Mardin","country":"Turkey","postcode":41432,"coordinates":{"latitude":"65.1991","longitude":"-123.2385"},"timezone":{"offset":"-1:00","description":"Azores, Cape Verde Islands"}},"email":"gokhan.avan@example.com","login":{"uuid":"626f4195-b9bb-4ad2-98e0-b6a8a95a1166","username":"tinybear740","password":"kayleigh","salt":"ULSROYig","md5":"ad6e28e5aec3bd9019e6d491df057b01","sha1":"6ccf05a610b0f27ca086e9836d587e27fa205176","sha256":"d4940e3aaca45d8e49de587096aa1f6e4f70f22ba55255d994a0180afab54d33"},"dob":{"date":"1966-03-21T06:36:52.116Z","age":58},"registered":{"date":"2015-03-28T17:48:20.949Z","age":9},"phone":"(653)-600-4465","cell":"(777)-722-4213","id":{"name":"","value":null},"picture":{"large":"https://randomuser.me/api/portraits/men/55.jpg","medium":"https://randomuser.me/api/portraits/med/men/55.jpg","thumbnail":"https://randomuser.me/api/portraits/thumb/men/55.jpg"},"nat":"TR"}],"info":{"seed":"219c046ce9186c06","results":1,"page":1,"version":"1.4"}} 
 </msg>
<msg time="2024-04-22T02:24:53.151936" level="INFO">/opt/hostedtoolcache/Python/3.12.3/x64/lib/python3.12/site-packages/urllib3/connectionpool.py:1103: InsecureRequestWarning: Unverified HTTPS request is being made to host 'randomuser.me'. Adding certificate verification is strongly advised. See: https://urllib3.readthedocs.io/en/latest/advanced-usage.html#tls-warnings
  warnings.warn(</msg>
<msg time="2024-04-22T02:24:53.152105" level="INFO">${response} = &lt;Response [200]&gt;</msg>
<var>${response}</var>
<arg>consultarAPI</arg>
<arg>/api</arg>
<doc>Sends a GET request on a previously created HTTP Session.</doc>
<status status="PASS" start="2024-04-22T02:24:52.925205" elapsed="0.226945"/>
</kw>
<kw name="Should Be Equal As Numbers" owner="BuiltIn">
<msg time="2024-04-22T02:24:53.153365" level="INFO">Argument types are:
&lt;class 'int'&gt;
&lt;class 'str'&gt;</msg>
<arg>${response.status_code}</arg>
<arg>200</arg>
<doc>Fails if objects are unequal after converting them to real numbers.</doc>
<status status="PASS" start="2024-04-22T02:24:53.152869" elapsed="0.000569"/>
</kw>
<kw name="Log" owner="BuiltIn">
<msg time="2024-04-22T02:24:53.154335" level="INFO">200</msg>
<arg>${response.status_code}</arg>
<doc>Logs the given message with the given level.</doc>
<status status="PASS" start="2024-04-22T02:24:53.153868" elapsed="0.000530"/>
</kw>
<kw name="Set Variable" owner="BuiltIn">
<msg time="2024-04-22T02:24:53.155249" level="INFO">${json_data} = {'results': [{'gender': 'male', 'name': {'title': 'Mr', 'first': 'Gökhan', 'last': 'Avan'}, 'location': {'street': {'number': 9674, 'name': 'Talak Göktepe Cd'}, 'city': 'Artvin', 'state': 'Mardin', 'c...</msg>
<var>${json_data}</var>
<arg>${response.json()}</arg>
<doc>Returns the given values which can then be assigned to a variables.</doc>
<status status="PASS" start="2024-04-22T02:24:53.154763" elapsed="0.000515"/>
</kw>
<kw name="Dictionary Should Contain Key" owner="Collections">
<msg time="2024-04-22T02:24:53.155783" level="INFO">False</msg>
<arg>${json_data}</arg>
<arg>results</arg>
<doc>Fails if ``key`` is not found from ``dictionary``.</doc>
<status status="PASS" start="2024-04-22T02:24:53.155605" elapsed="0.000220"/>
</kw>
<status status="PASS" start="2024-04-22T02:24:52.924939" elapsed="0.231158"/>
</kw>
<doc>Testa se a API responde corretamente e retorna um objeto JSON válido.</doc>
<tag>testeRequisicaoBasica</tag>
<status status="PASS" start="2024-04-22T02:24:52.924431" elapsed="0.231858"/>
</test>
<test id="s1-s1-t3" name="Validar estrutura de resposta" line="22">
<kw name="Teste de Estrutura de Resposta" owner="random-user-service">
<kw name="GET On Session" owner="RequestsLibrary">
<msg time="2024-04-22T02:24:53.258751" level="INFO">GET Request : url=https://randomuser.me/api 
 path_url=/api 
 headers={'User-Agent': 'python-requests/2.31.0', 'Accept-Encoding': 'gzip, deflate', 'Accept': '*/*', 'Connection': 'keep-alive'} 
 body=None 
 </msg>
<msg time="2024-04-22T02:24:53.258862" level="INFO">GET Response : url=https://randomuser.me/api 
 status=200, reason=OK 
 headers={'Date': 'Mon, 22 Apr 2024 02:24:53 GMT', 'Content-Type': 'application/json; charset=utf-8', 'Transfer-Encoding': 'chunked', 'Connection': 'keep-alive', 'X-Powered-By': 'Express', 'Access-Control-Allow-Origin': '*', 'Cache-Control': 'no-cache', 'ETag': 'W/"488-XaS4lj1pfetcORd1K6i1ofGa0CQ"', 'Vary': 'Accept-Encoding', 'Content-Encoding': 'gzip', 'CF-Cache-Status': 'DYNAMIC', 'Report-To': '{"endpoints":[{"url":"https:\\/\\/a.nel.cloudflare.com\\/report\\/v4?s=OhUmBJGRcQ77DBVMSx%2FgJayfGW5ptnkvDiS5rciWAWNX7Lphfj%2FtNFl1PnVOtLAVaEikVRbwbFnb1t4%2B%2FYDJp1NlQB2tCJ9RjbMbAe1Byo3X403BpY%2FjcZZSQNSZnwQd"}],"group":"cf-nel","max_age":604800}', 'NEL': '{"success_fraction":0,"report_to":"cf-nel","max_age":604800}', 'Server': 'cloudflare', 'CF-RAY': '878228fc4e5d7ad6-SJC', 'alt-svc': 'h3=":443"; ma=86400'} 
 body={"results":[{"gender":"male","name":{"title":"Mr","first":"Archer","last":"Moore"},"location":{"street":{"number":1565,"name":"The Square"},"city":"Auckland","state":"Auckland","country":"New Zealand","postcode":49304,"coordinates":{"latitude":"50.9425","longitude":"-72.2084"},"timezone":{"offset":"-4:00","description":"Atlantic Time (Canada), Caracas, La Paz"}},"email":"archer.moore@example.com","login":{"uuid":"1842e006-42e6-4194-abbf-dc5c4dfb8e90","username":"silverzebra876","password":"potato","salt":"tk3xgJq4","md5":"940f203022e88d8108837839515a9d35","sha1":"db227bb6ad622817edc65df0db242a41361eb4b5","sha256":"9e050b58cdc41cf6f1867a15b3dd5287eafac058e5ce5a030ad08242e86e94ae"},"dob":{"date":"1987-11-06T14:46:22.617Z","age":36},"registered":{"date":"2009-10-11T16:59:59.353Z","age":14},"phone":"(289)-759-5077","cell":"(911)-836-8906","id":{"name":"","value":null},"picture":{"large":"https://randomuser.me/api/portraits/men/76.jpg","medium":"https://randomuser.me/api/portraits/med/men/76.jpg","thumbnail":"https://randomuser.me/api/portraits/thumb/men/76.jpg"},"nat":"NZ"}],"info":{"seed":"8e6424464d54aa4b","results":1,"page":1,"version":"1.4"}} 
 </msg>
<msg time="2024-04-22T02:24:53.259004" level="INFO">/opt/hostedtoolcache/Python/3.12.3/x64/lib/python3.12/site-packages/urllib3/connectionpool.py:1103: InsecureRequestWarning: Unverified HTTPS request is being made to host 'randomuser.me'. Adding certificate verification is strongly advised. See: https://urllib3.readthedocs.io/en/latest/advanced-usage.html#tls-warnings
  warnings.warn(</msg>
<msg time="2024-04-22T02:24:53.259152" level="INFO">${response} = &lt;Response [200]&gt;</msg>
<var>${response}</var>
<arg>consultarAPI</arg>
<arg>/api</arg>
<doc>Sends a GET request on a previously created HTTP Session.</doc>
<status status="PASS" start="2024-04-22T02:24:53.158941" elapsed="0.100253"/>
</kw>
<kw name="Set Variable" owner="BuiltIn">
<msg time="2024-04-22T02:24:53.260414" level="INFO">${json_data} = {'results': [{'gender': 'male', 'name': {'title': 'Mr', 'first': 'Archer', 'last': 'Moore'}, 'location': {'street': {'number': 1565, 'name': 'The Square'}, 'city': 'Auckland', 'state': 'Auckland', 'co...</msg>
<var>${json_data}</var>
<arg>${response.json()}</arg>
<doc>Returns the given values which can then be assigned to a variables.</doc>
<status status="PASS" start="2024-04-22T02:24:53.259838" elapsed="0.000606"/>
</kw>
<kw name="Log" owner="BuiltIn">
<msg time="2024-04-22T02:24:53.260930" level="INFO">{'results': [{'gender': 'male', 'name': {'title': 'Mr', 'first': 'Archer', 'last': 'Moore'}, 'location': {'street': {'number': 1565, 'name': 'The Square'}, 'city': 'Auckland', 'state': 'Auckland', 'country': 'New Zealand', 'postcode': 49304, 'coordinates': {'latitude': '50.9425', 'longitude': '-72.2084'}, 'timezone': {'offset': '-4:00', 'description': 'Atlantic Time (Canada), Caracas, La Paz'}}, 'email': 'archer.moore@example.com', 'login': {'uuid': '1842e006-42e6-4194-abbf-dc5c4dfb8e90', 'username': 'silverzebra876', 'password': 'potato', 'salt': 'tk3xgJq4', 'md5': '940f203022e88d8108837839515a9d35', 'sha1': 'db227bb6ad622817edc65df0db242a41361eb4b5', 'sha256': '9e050b58cdc41cf6f1867a15b3dd5287eafac058e5ce5a030ad08242e86e94ae'}, 'dob': {'date': '1987-11-06T14:46:22.617Z', 'age': 36}, 'registered': {'date': '2009-10-11T16:59:59.353Z', 'age': 14}, 'phone': '(289)-759-5077', 'cell': '(911)-836-8906', 'id': {'name': '', 'value': None}, 'picture': {'large': 'https://randomuser.me/api/portraits/men/76.jpg', 'medium': 'https://randomuser.me/api/portraits/med/men/76.jpg', 'thumbnail': 'https://randomuser.me/api/portraits/thumb/men/76.jpg'}, 'nat': 'NZ'}], 'info': {'seed': '8e6424464d54aa4b', 'results': 1, 'page': 1, 'version': '1.4'}}</msg>
<arg>${json_data}</arg>
<doc>Logs the given message with the given level.</doc>
<status status="PASS" start="2024-04-22T02:24:53.260759" elapsed="0.000223"/>
</kw>
<kw name="Dictionary Should Contain Key" owner="Collections">
<msg time="2024-04-22T02:24:53.261446" level="INFO">False</msg>
<arg>${json_data}</arg>
<arg>results</arg>
<doc>Fails if ``key`` is not found from ``dictionary``.</doc>
<status status="PASS" start="2024-04-22T02:24:53.261286" elapsed="0.000198"/>
</kw>
<kw name="Should Not Be Empty" owner="BuiltIn">
<msg time="2024-04-22T02:24:53.261962" level="INFO">Length is 2.</msg>
<arg>${json_data}</arg>
<doc>Verifies that the given item is not empty.</doc>
<status status="PASS" start="2024-04-22T02:24:53.261782" elapsed="0.000220"/>
</kw>
<kw name="Create List" owner="BuiltIn">
<msg time="2024-04-22T02:24:53.262625" level="INFO">${expected_keys} = ['gender', 'name', 'location', 'email', 'login']</msg>
<var>${expected_keys}</var>
<arg>gender</arg>
<arg>name</arg>
<arg>location</arg>
<arg>email</arg>
<arg>login</arg>
<doc>Returns a list containing given items.</doc>
<status status="PASS" start="2024-04-22T02:24:53.262297" elapsed="0.000354"/>
</kw>
<for flavor="IN">
<iter>
<kw name="Dictionary Should Contain Key" owner="Collections">
<msg time="2024-04-22T02:24:53.263669" level="INFO">False</msg>
<arg>${json_data['results'][0]}</arg>
<arg>${key}</arg>
<doc>Fails if ``key`` is not found from ``dictionary``.</doc>
<status status="PASS" start="2024-04-22T02:24:53.263265" elapsed="0.000443"/>
</kw>
<kw name="Log" owner="BuiltIn">
<msg time="2024-04-22T02:24:53.264382" level="INFO">{'gender': 'male', 'name': {'title': 'Mr', 'first': 'Archer', 'last': 'Moore'}, 'location': {'street': {'number': 1565, 'name': 'The Square'}, 'city': 'Auckland', 'state': 'Auckland', 'country': 'New Zealand', 'postcode': 49304, 'coordinates': {'latitude': '50.9425', 'longitude': '-72.2084'}, 'timezone': {'offset': '-4:00', 'description': 'Atlantic Time (Canada), Caracas, La Paz'}}, 'email': 'archer.moore@example.com', 'login': {'uuid': '1842e006-42e6-4194-abbf-dc5c4dfb8e90', 'username': 'silverzebra876', 'password': 'potato', 'salt': 'tk3xgJq4', 'md5': '940f203022e88d8108837839515a9d35', 'sha1': 'db227bb6ad622817edc65df0db242a41361eb4b5', 'sha256': '9e050b58cdc41cf6f1867a15b3dd5287eafac058e5ce5a030ad08242e86e94ae'}, 'dob': {'date': '1987-11-06T14:46:22.617Z', 'age': 36}, 'registered': {'date': '2009-10-11T16:59:59.353Z', 'age': 14}, 'phone': '(289)-759-5077', 'cell': '(911)-836-8906', 'id': {'name': '', 'value': None}, 'picture': {'large': 'https://randomuser.me/api/portraits/men/76.jpg', 'medium': 'https://randomuser.me/api/portraits/med/men/76.jpg', 'thumbnail': 'https://randomuser.me/api/portraits/thumb/men/76.jpg'}, 'nat': 'NZ'}</msg>
<arg>${json_data['results'][0]}</arg>
<doc>Logs the given message with the given level.</doc>
<status status="PASS" start="2024-04-22T02:24:53.264016" elapsed="0.000417"/>
</kw>
<kw name="Log" owner="BuiltIn">
<msg time="2024-04-22T02:24:53.264858" level="INFO">gender</msg>
<arg>${key}</arg>
<doc>Logs the given message with the given level.</doc>
<status status="PASS" start="2024-04-22T02:24:53.264729" elapsed="0.000167"/>
</kw>
<var name="${key}">gender</var>
<status status="PASS" start="2024-04-22T02:24:53.263137" elapsed="0.001975"/>
</iter>
<iter>
<kw name="Dictionary Should Contain Key" owner="Collections">
<msg time="2024-04-22T02:24:53.265834" level="INFO">False</msg>
<arg>${json_data['results'][0]}</arg>
<arg>${key}</arg>
<doc>Fails if ``key`` is not found from ``dictionary``.</doc>
<status status="PASS" start="2024-04-22T02:24:53.265419" elapsed="0.000457"/>
</kw>
<kw name="Log" owner="BuiltIn">
<msg time="2024-04-22T02:24:53.266570" level="INFO">{'gender': 'male', 'name': {'title': 'Mr', 'first': 'Archer', 'last': 'Moore'}, 'location': {'street': {'number': 1565, 'name': 'The Square'}, 'city': 'Auckland', 'state': 'Auckland', 'country': 'New Zealand', 'postcode': 49304, 'coordinates': {'latitude': '50.9425', 'longitude': '-72.2084'}, 'timezone': {'offset': '-4:00', 'description': 'Atlantic Time (Canada), Caracas, La Paz'}}, 'email': 'archer.moore@example.com', 'login': {'uuid': '1842e006-42e6-4194-abbf-dc5c4dfb8e90', 'username': 'silverzebra876', 'password': 'potato', 'salt': 'tk3xgJq4', 'md5': '940f203022e88d8108837839515a9d35', 'sha1': 'db227bb6ad622817edc65df0db242a41361eb4b5', 'sha256': '9e050b58cdc41cf6f1867a15b3dd5287eafac058e5ce5a030ad08242e86e94ae'}, 'dob': {'date': '1987-11-06T14:46:22.617Z', 'age': 36}, 'registered': {'date': '2009-10-11T16:59:59.353Z', 'age': 14}, 'phone': '(289)-759-5077', 'cell': '(911)-836-8906', 'id': {'name': '', 'value': None}, 'picture': {'large': 'https://randomuser.me/api/portraits/men/76.jpg', 'medium': 'https://randomuser.me/api/portraits/med/men/76.jpg', 'thumbnail': 'https://randomuser.me/api/portraits/thumb/men/76.jpg'}, 'nat': 'NZ'}</msg>
<arg>${json_data['results'][0]}</arg>
<doc>Logs the given message with the given level.</doc>
<status status="PASS" start="2024-04-22T02:24:53.266205" elapsed="0.000415"/>
</kw>
<kw name="Log" owner="BuiltIn">
<msg time="2024-04-22T02:24:53.267043" level="INFO">name</msg>
<arg>${key}</arg>
<doc>Logs the given message with the given level.</doc>
<status status="PASS" start="2024-04-22T02:24:53.266915" elapsed="0.000165"/>
</kw>
<var name="${key}">name</var>
<status status="PASS" start="2024-04-22T02:24:53.265305" elapsed="0.001992"/>
</iter>
<iter>
<kw name="Dictionary Should Contain Key" owner="Collections">
<msg time="2024-04-22T02:24:53.267974" level="INFO">False</msg>
<arg>${json_data['results'][0]}</arg>
<arg>${key}</arg>
<doc>Fails if ``key`` is not found from ``dictionary``.</doc>
<status status="PASS" start="2024-04-22T02:24:53.267586" elapsed="0.000426"/>
</kw>
<kw name="Log" owner="BuiltIn">
<msg time="2024-04-22T02:24:53.268669" level="INFO">{'gender': 'male', 'name': {'title': 'Mr', 'first': 'Archer', 'last': 'Moore'}, 'location': {'street': {'number': 1565, 'name': 'The Square'}, 'city': 'Auckland', 'state': 'Auckland', 'country': 'New Zealand', 'postcode': 49304, 'coordinates': {'latitude': '50.9425', 'longitude': '-72.2084'}, 'timezone': {'offset': '-4:00', 'description': 'Atlantic Time (Canada), Caracas, La Paz'}}, 'email': 'archer.moore@example.com', 'login': {'uuid': '1842e006-42e6-4194-abbf-dc5c4dfb8e90', 'username': 'silverzebra876', 'password': 'potato', 'salt': 'tk3xgJq4', 'md5': '940f203022e88d8108837839515a9d35', 'sha1': 'db227bb6ad622817edc65df0db242a41361eb4b5', 'sha256': '9e050b58cdc41cf6f1867a15b3dd5287eafac058e5ce5a030ad08242e86e94ae'}, 'dob': {'date': '1987-11-06T14:46:22.617Z', 'age': 36}, 'registered': {'date': '2009-10-11T16:59:59.353Z', 'age': 14}, 'phone': '(289)-759-5077', 'cell': '(911)-836-8906', 'id': {'name': '', 'value': None}, 'picture': {'large': 'https://randomuser.me/api/portraits/men/76.jpg', 'medium': 'https://randomuser.me/api/portraits/med/men/76.jpg', 'thumbnail': 'https://randomuser.me/api/portraits/thumb/men/76.jpg'}, 'nat': 'NZ'}</msg>
<arg>${json_data['results'][0]}</arg>
<doc>Logs the given message with the given level.</doc>
<status status="PASS" start="2024-04-22T02:24:53.268311" elapsed="0.000407"/>
</kw>
<kw name="Log" owner="BuiltIn">
<msg time="2024-04-22T02:24:53.269152" level="INFO">location</msg>
<arg>${key}</arg>
<doc>Logs the given message with the given level.</doc>
<status status="PASS" start="2024-04-22T02:24:53.269011" elapsed="0.000179"/>
</kw>
<var name="${key}">location</var>
<status status="PASS" start="2024-04-22T02:24:53.267475" elapsed="0.001930"/>
</iter>
<iter>
<kw name="Dictionary Should Contain Key" owner="Collections">
<msg time="2024-04-22T02:24:53.270114" level="INFO">False</msg>
<arg>${json_data['results'][0]}</arg>
<arg>${key}</arg>
<doc>Fails if ``key`` is not found from ``dictionary``.</doc>
<status status="PASS" start="2024-04-22T02:24:53.269695" elapsed="0.000457"/>
</kw>
<kw name="Log" owner="BuiltIn">
<msg time="2024-04-22T02:24:53.270815" level="INFO">{'gender': 'male', 'name': {'title': 'Mr', 'first': 'Archer', 'last': 'Moore'}, 'location': {'street': {'number': 1565, 'name': 'The Square'}, 'city': 'Auckland', 'state': 'Auckland', 'country': 'New Zealand', 'postcode': 49304, 'coordinates': {'latitude': '50.9425', 'longitude': '-72.2084'}, 'timezone': {'offset': '-4:00', 'description': 'Atlantic Time (Canada), Caracas, La Paz'}}, 'email': 'archer.moore@example.com', 'login': {'uuid': '1842e006-42e6-4194-abbf-dc5c4dfb8e90', 'username': 'silverzebra876', 'password': 'potato', 'salt': 'tk3xgJq4', 'md5': '940f203022e88d8108837839515a9d35', 'sha1': 'db227bb6ad622817edc65df0db242a41361eb4b5', 'sha256': '9e050b58cdc41cf6f1867a15b3dd5287eafac058e5ce5a030ad08242e86e94ae'}, 'dob': {'date': '1987-11-06T14:46:22.617Z', 'age': 36}, 'registered': {'date': '2009-10-11T16:59:59.353Z', 'age': 14}, 'phone': '(289)-759-5077', 'cell': '(911)-836-8906', 'id': {'name': '', 'value': None}, 'picture': {'large': 'https://randomuser.me/api/portraits/men/76.jpg', 'medium': 'https://randomuser.me/api/portraits/med/men/76.jpg', 'thumbnail': 'https://randomuser.me/api/portraits/thumb/men/76.jpg'}, 'nat': 'NZ'}</msg>
<arg>${json_data['results'][0]}</arg>
<doc>Logs the given message with the given level.</doc>
<status status="PASS" start="2024-04-22T02:24:53.270452" elapsed="0.000411"/>
</kw>
<kw name="Log" owner="BuiltIn">
<msg time="2024-04-22T02:24:53.271282" level="INFO">email</msg>
<arg>${key}</arg>
<doc>Logs the given message with the given level.</doc>
<status status="PASS" start="2024-04-22T02:24:53.271156" elapsed="0.000164"/>
</kw>
<var name="${key}">email</var>
<status status="PASS" start="2024-04-22T02:24:53.269579" elapsed="0.001952"/>
</iter>
<iter>
<kw name="Dictionary Should Contain Key" owner="Collections">
<msg time="2024-04-22T02:24:53.272195" level="INFO">False</msg>
<arg>${json_data['results'][0]}</arg>
<arg>${key}</arg>
<doc>Fails if ``key`` is not found from ``dictionary``.</doc>
<status status="PASS" start="2024-04-22T02:24:53.271813" elapsed="0.000419"/>
</kw>
<kw name="Log" owner="BuiltIn">
<msg time="2024-04-22T02:24:53.272892" level="INFO">{'gender': 'male', 'name': {'title': 'Mr', 'first': 'Archer', 'last': 'Moore'}, 'location': {'street': {'number': 1565, 'name': 'The Square'}, 'city': 'Auckland', 'state': 'Auckland', 'country': 'New Zealand', 'postcode': 49304, 'coordinates': {'latitude': '50.9425', 'longitude': '-72.2084'}, 'timezone': {'offset': '-4:00', 'description': 'Atlantic Time (Canada), Caracas, La Paz'}}, 'email': 'archer.moore@example.com', 'login': {'uuid': '1842e006-42e6-4194-abbf-dc5c4dfb8e90', 'username': 'silverzebra876', 'password': 'potato', 'salt': 'tk3xgJq4', 'md5': '940f203022e88d8108837839515a9d35', 'sha1': 'db227bb6ad622817edc65df0db242a41361eb4b5', 'sha256': '9e050b58cdc41cf6f1867a15b3dd5287eafac058e5ce5a030ad08242e86e94ae'}, 'dob': {'date': '1987-11-06T14:46:22.617Z', 'age': 36}, 'registered': {'date': '2009-10-11T16:59:59.353Z', 'age': 14}, 'phone': '(289)-759-5077', 'cell': '(911)-836-8906', 'id': {'name': '', 'value': None}, 'picture': {'large': 'https://randomuser.me/api/portraits/men/76.jpg', 'medium': 'https://randomuser.me/api/portraits/med/men/76.jpg', 'thumbnail': 'https://randomuser.me/api/portraits/thumb/men/76.jpg'}, 'nat': 'NZ'}</msg>
<arg>${json_data['results'][0]}</arg>
<doc>Logs the given message with the given level.</doc>
<status status="PASS" start="2024-04-22T02:24:53.272525" elapsed="0.000416"/>
</kw>
<kw name="Log" owner="BuiltIn">
<msg time="2024-04-22T02:24:53.273359" level="INFO">login</msg>
<arg>${key}</arg>
<doc>Logs the given message with the given level.</doc>
<status status="PASS" start="2024-04-22T02:24:53.273234" elapsed="0.000162"/>
</kw>
<var name="${key}">login</var>
<status status="PASS" start="2024-04-22T02:24:53.271703" elapsed="0.001932"/>
</iter>
<var>${key}</var>
<value>@{expected_keys}</value>
<status status="PASS" start="2024-04-22T02:24:53.262929" elapsed="0.010839"/>
</for>
<kw name="Create List" owner="BuiltIn">
<msg time="2024-04-22T02:24:53.274155" level="INFO">${expected_keysTwo} = ['username', 'password']</msg>
<var>${expected_keysTwo}</var>
<arg>username</arg>
<arg>password</arg>
<doc>Returns a list containing given items.</doc>
<status status="PASS" start="2024-04-22T02:24:53.274015" elapsed="0.000164"/>
</kw>
<for flavor="IN">
<iter>
<kw name="Dictionary Should Contain Key" owner="Collections">
<msg time="2024-04-22T02:24:53.275080" level="INFO">False</msg>
<arg>${json_data['results'][0]['login']}</arg>
<arg>${keyTwo}</arg>
<doc>Fails if ``key`` is not found from ``dictionary``.</doc>
<status status="PASS" start="2024-04-22T02:24:53.274686" elapsed="0.000431"/>
</kw>
<kw name="Dictionary Should Contain Key" owner="Collections">
<msg time="2024-04-22T02:24:53.275807" level="INFO">False</msg>
<arg>${json_data['results'][0]['login']}</arg>
<arg>${keyTwo}</arg>
<doc>Fails if ``key`` is not found from ``dictionary``.</doc>
<status status="PASS" start="2024-04-22T02:24:53.275425" elapsed="0.000419"/>
</kw>
<kw name="Log" owner="BuiltIn">
<msg time="2024-04-22T02:24:53.276261" level="INFO">username</msg>
<arg>${keyTwo}</arg>
<doc>Logs the given message with the given level.</doc>
<status status="PASS" start="2024-04-22T02:24:53.276132" elapsed="0.000175"/>
</kw>
<var name="${keyTwo}">username</var>
<status status="PASS" start="2024-04-22T02:24:53.274577" elapsed="0.001945"/>
</iter>
<iter>
<kw name="Dictionary Should Contain Key" owner="Collections">
<msg time="2024-04-22T02:24:53.277183" level="INFO">False</msg>
<arg>${json_data['results'][0]['login']}</arg>
<arg>${keyTwo}</arg>
<doc>Fails if ``key`` is not found from ``dictionary``.</doc>
<status status="PASS" start="2024-04-22T02:24:53.276802" elapsed="0.000424"/>
</kw>
<kw name="Dictionary Should Contain Key" owner="Collections">
<msg time="2024-04-22T02:24:53.278054" level="INFO">False</msg>
<arg>${json_data['results'][0]['login']}</arg>
<arg>${keyTwo}</arg>
<doc>Fails if ``key`` is not found from ``dictionary``.</doc>
<status status="PASS" start="2024-04-22T02:24:53.277517" elapsed="0.000579"/>
</kw>
<kw name="Log" owner="BuiltIn">
<msg time="2024-04-22T02:24:53.278526" level="INFO">password</msg>
<arg>${keyTwo}</arg>
<doc>Logs the given message with the given level.</doc>
<status status="PASS" start="2024-04-22T02:24:53.278398" elapsed="0.000166"/>
</kw>
<var name="${keyTwo}">password</var>
<status status="PASS" start="2024-04-22T02:24:53.276693" elapsed="0.002092"/>
</iter>
<var>${keyTwo}</var>
<value>@{expected_keysTwo}</value>
<status status="PASS" start="2024-04-22T02:24:53.274421" elapsed="0.004485"/>
</for>
<status status="PASS" start="2024-04-22T02:24:53.158697" elapsed="0.120353"/>
</kw>
<doc>Testa a estrutura da resposta da API.</doc>
<tag>testeEstruturaResposta</tag>
<status status="PASS" start="2024-04-22T02:24:53.158164" elapsed="0.121048"/>
</test>
<test id="s1-s1-t4" name="Validar tipos de dados" line="28">
<kw name="Teste de Tipos de Dados" owner="random-user-service">
<kw name="GET On Session" owner="RequestsLibrary">
<msg time="2024-04-22T02:24:53.374322" level="INFO">GET Request : url=https://randomuser.me/api 
 path_url=/api 
 headers={'User-Agent': 'python-requests/2.31.0', 'Accept-Encoding': 'gzip, deflate', 'Accept': '*/*', 'Connection': 'keep-alive'} 
 body=None 
 </msg>
<msg time="2024-04-22T02:24:53.374433" level="INFO">GET Response : url=https://randomuser.me/api 
 status=200, reason=OK 
 headers={'Date': 'Mon, 22 Apr 2024 02:24:53 GMT', 'Content-Type': 'application/json; charset=utf-8', 'Transfer-Encoding': 'chunked', 'Connection': 'keep-alive', 'X-Powered-By': 'Express', 'Access-Control-Allow-Origin': '*', 'Cache-Control': 'no-cache', 'ETag': 'W/"485-yQrqmR5QwB21oTQqGVSj0PXchO0"', 'Vary': 'Accept-Encoding', 'Content-Encoding': 'gzip', 'CF-Cache-Status': 'DYNAMIC', 'Report-To': '{"endpoints":[{"url":"https:\\/\\/a.nel.cloudflare.com\\/report\\/v4?s=TTExfo1TFaoMBoUR4mVsLUV0G3yyQUwIYcpPbrApXCXGwWMXaoEUV0SO3gu61ydFN3a55AjjKFhTglslcad4%2FLPGEN0xFDF0GfYIbT0yFoGVp11F7EVvw39cmDB94bkd"}],"group":"cf-nel","max_age":604800}', 'NEL': '{"success_fraction":0,"report_to":"cf-nel","max_age":604800}', 'Server': 'cloudflare', 'CF-RAY': '878228fd0f587ad6-SJC', 'alt-svc': 'h3=":443"; ma=86400'} 
 body={"results":[{"gender":"male","name":{"title":"Monsieur","first":"Michel","last":"Moreau"},"location":{"street":{"number":2764,"name":"Rue Louis-Garrand"},"city":"Bünzen","state":"Vaud","country":"Switzerland","postcode":3828,"coordinates":{"latitude":"-61.7368","longitude":"-1.4857"},"timezone":{"offset":"+9:30","description":"Adelaide, Darwin"}},"email":"michel.moreau@example.com","login":{"uuid":"abe4e2e0-ca34-4549-8af4-44dc58fd9bb3","username":"yellowfish337","password":"pass","salt":"WNnswrJI","md5":"3499a9f13f2b6563534353a179535129","sha1":"f3519c019614e95c80541b1d94cc1817ed92d33d","sha256":"4c2080800103cfe4d8530d392f6c7d6ca87d3ac115b8354fc3cb75c407f534f2"},"dob":{"date":"1959-10-27T21:22:11.506Z","age":64},"registered":{"date":"2019-04-10T17:56:12.230Z","age":5},"phone":"077 985 76 20","cell":"075 763 79 40","id":{"name":"AVS","value":"756.6383.9979.78"},"picture":{"large":"https://randomuser.me/api/portraits/men/80.jpg","medium":"https://randomuser.me/api/portraits/med/men/80.jpg","thumbnail":"https://randomuser.me/api/portraits/thumb/men/80.jpg"},"nat":"CH"}],"info":{"seed":"ee16ac506de5c6c1","results":1,"page":1,"version":"1.4"}} 
 </msg>
<msg time="2024-04-22T02:24:53.374517" level="INFO">/opt/hostedtoolcache/Python/3.12.3/x64/lib/python3.12/site-packages/urllib3/connectionpool.py:1103: InsecureRequestWarning: Unverified HTTPS request is being made to host 'randomuser.me'. Adding certificate verification is strongly advised. See: https://urllib3.readthedocs.io/en/latest/advanced-usage.html#tls-warnings
  warnings.warn(</msg>
<msg time="2024-04-22T02:24:53.374654" level="INFO">${response} = &lt;Response [200]&gt;</msg>
<var>${response}</var>
<arg>consultarAPI</arg>
<arg>/api</arg>
<doc>Sends a GET request on a previously created HTTP Session.</doc>
<status status="PASS" start="2024-04-22T02:24:53.281733" elapsed="0.092963"/>
</kw>
<kw name="Set Variable" owner="BuiltIn">
<msg time="2024-04-22T02:24:53.376078" level="INFO">${json_data} = {'results': [{'gender': 'male', 'name': {'title': 'Monsieur', 'first': 'Michel', 'last': 'Moreau'}, 'location': {'street': {'number': 2764, 'name': 'Rue Louis-Garrand'}, 'city': 'Bünzen', 'state': 'Va...</msg>
<var>${json_data}</var>
<arg>${response.json()}</arg>
<doc>Returns the given values which can then be assigned to a variables.</doc>
<status status="PASS" start="2024-04-22T02:24:53.375423" elapsed="0.000686"/>
</kw>
<kw name="Log" owner="BuiltIn">
<msg time="2024-04-22T02:24:53.376675" level="INFO">{'results': [{'gender': 'male', 'name': {'title': 'Monsieur', 'first': 'Michel', 'last': 'Moreau'}, 'location': {'street': {'number': 2764, 'name': 'Rue Louis-Garrand'}, 'city': 'Bünzen', 'state': 'Vaud', 'country': 'Switzerland', 'postcode': 3828, 'coordinates': {'latitude': '-61.7368', 'longitude': '-1.4857'}, 'timezone': {'offset': '+9:30', 'description': 'Adelaide, Darwin'}}, 'email': 'michel.moreau@example.com', 'login': {'uuid': 'abe4e2e0-ca34-4549-8af4-44dc58fd9bb3', 'username': 'yellowfish337', 'password': 'pass', 'salt': 'WNnswrJI', 'md5': '3499a9f13f2b6563534353a179535129', 'sha1': 'f3519c019614e95c80541b1d94cc1817ed92d33d', 'sha256': '4c2080800103cfe4d8530d392f6c7d6ca87d3ac115b8354fc3cb75c407f534f2'}, 'dob': {'date': '1959-10-27T21:22:11.506Z', 'age': 64}, 'registered': {'date': '2019-04-10T17:56:12.230Z', 'age': 5}, 'phone': '077 985 76 20', 'cell': '075 763 79 40', 'id': {'name': 'AVS', 'value': '756.6383.9979.78'}, 'picture': {'large': 'https://randomuser.me/api/portraits/men/80.jpg', 'medium': 'https://randomuser.me/api/portraits/med/men/80.jpg', 'thumbnail': 'https://randomuser.me/api/portraits/thumb/men/80.jpg'}, 'nat': 'CH'}], 'info': {'seed': 'ee16ac506de5c6c1', 'results': 1, 'page': 1, 'version': '1.4'}}</msg>
<arg>${json_data}</arg>
<doc>Logs the given message with the given level.</doc>
<status status="PASS" start="2024-04-22T02:24:53.376487" elapsed="0.000280"/>
</kw>
<kw name="Should Be String" owner="String">
<arg>${json_data['results'][0]['gender']}</arg>
<doc>Fails if the given ``item`` is not a string.</doc>
<status status="PASS" start="2024-04-22T02:24:53.377112" elapsed="0.000394"/>
</kw>
<kw name="Should Match Regexp" owner="BuiltIn">
<arg>${json_data['results'][0]['email']}</arg>
<arg>^[a-zA-Z0-9._%+-]+@[a-zA-Z0-9.-]+\.[a-zA-Z]{2,}$</arg>
<doc>Fails if ``string`` does not match ``pattern`` as a regular expression.</doc>
<status status="PASS" start="2024-04-22T02:24:53.377707" elapsed="0.000576"/>
</kw>
<kw name="Should Match Regexp" owner="BuiltIn">
<arg>${json_data['results'][0]['dob']['date']}</arg>
<arg>\\d{4}-\\d{2}-\\d{2}T\\d{2}:\\d{2}:\\d{2}\\.\\d{3}Z</arg>
<doc>Fails if ``string`` does not match ``pattern`` as a regular expression.</doc>
<status status="PASS" start="2024-04-22T02:24:53.378504" elapsed="0.000504"/>
</kw>
<kw name="Should Match Regexp" owner="BuiltIn">
<arg>${json_data['results'][0]['registered']['date']}</arg>
<arg>\\d{4}-\\d{2}-\\d{2}T\\d{2}:\\d{2}:\\d{2}\\.\\d{3}Z</arg>
<doc>Fails if ``string`` does not match ``pattern`` as a regular expression.</doc>
<status status="PASS" start="2024-04-22T02:24:53.379201" elapsed="0.000379"/>
</kw>
<kw name="Should Match Regexp" owner="BuiltIn">
<arg>${json_data['results'][0]['picture']['large']}</arg>
<arg>^https?://.*\.(?:png|jpe?g|gif|bmp)$</arg>
<doc>Fails if ``string`` does not match ``pattern`` as a regular expression.</doc>
<status status="PASS" start="2024-04-22T02:24:53.379769" elapsed="0.000467"/>
</kw>
<kw name="Should Match Regexp" owner="BuiltIn">
<arg>${json_data['results'][0]['picture']['medium']}</arg>
<arg>^https?://.*\.(?:png|jpe?g|gif|bmp)$</arg>
<doc>Fails if ``string`` does not match ``pattern`` as a regular expression.</doc>
<status status="PASS" start="2024-04-22T02:24:53.380432" elapsed="0.000360"/>
</kw>
<kw name="Should Match Regexp" owner="BuiltIn">
<arg>${json_data['results'][0]['picture']['thumbnail']}</arg>
<arg>^https?://.*\.(?:png|jpe?g|gif|bmp)$</arg>
<doc>Fails if ``string`` does not match ``pattern`` as a regular expression.</doc>
<status status="PASS" start="2024-04-22T02:24:53.380980" elapsed="0.000355"/>
</kw>
<kw name="Log" owner="BuiltIn">
<msg time="2024-04-22T02:24:53.381868" level="INFO">{'large': 'https://randomuser.me/api/portraits/men/80.jpg', 'medium': 'https://randomuser.me/api/portraits/med/men/80.jpg', 'thumbnail': 'https://randomuser.me/api/portraits/thumb/men/80.jpg'}</msg>
<arg>${json_data['results'][0]['picture']}</arg>
<doc>Logs the given message with the given level.</doc>
<status status="PASS" start="2024-04-22T02:24:53.381516" elapsed="0.000396"/>
</kw>
<status status="PASS" start="2024-04-22T02:24:53.281504" elapsed="0.100676"/>
</kw>
<kw name="Teste de Tipos de Dados - Postcode" owner="random-user-service">
<kw name="GET On Session" owner="RequestsLibrary">
<msg time="2024-04-22T02:24:53.626624" level="INFO">GET Request : url=https://randomuser.me/api 
 path_url=/api 
 headers={'User-Agent': 'python-requests/2.31.0', 'Accept-Encoding': 'gzip, deflate', 'Accept': '*/*', 'Connection': 'keep-alive'} 
 body=None 
 </msg>
<msg time="2024-04-22T02:24:53.626726" level="INFO">GET Response : url=https://randomuser.me/api 
 status=200, reason=OK 
 headers={'Date': 'Mon, 22 Apr 2024 02:24:53 GMT', 'Content-Type': 'application/json; charset=utf-8', 'Transfer-Encoding': 'chunked', 'Connection': 'keep-alive', 'X-Powered-By': 'Express', 'Access-Control-Allow-Origin': '*', 'Cache-Control': 'no-cache', 'ETag': 'W/"4ab-aXN+POR4MdjpdaVkT6JR8/OAsuI"', 'Vary': 'Accept-Encoding', 'Content-Encoding': 'gzip', 'CF-Cache-Status': 'DYNAMIC', 'Report-To': '{"endpoints":[{"url":"https:\\/\\/a.nel.cloudflare.com\\/report\\/v4?s=KUCgv3WaEXBbd6JjjcsRAc%2BJcOh3JSLdMFKucihxzUxJeqaMGOHN0%2FAkS9FCCvJ8qevzeFZs2wVIQ8U%2F0%2B1sE5zY%2BQkADzla%2BGeOjkBjPIDb4WlUuyu8CJs20F2ptHEY"}],"group":"cf-nel","max_age":604800}', 'NEL': '{"success_fraction":0,"report_to":"cf-nel","max_age":604800}', 'Server': 'cloudflare', 'CF-RAY': '878228fdafd37ad6-SJC', 'alt-svc': 'h3=":443"; ma=86400'} 
 body={"results":[{"gender":"female","name":{"title":"Miss","first":"María Cristina","last":"Burgos"},"location":{"street":{"number":4291,"name":"Andador Bangladesh"},"city":"Tequexquitla","state":"Tamaulipas","country":"Mexico","postcode":95883,"coordinates":{"latitude":"29.6800","longitude":"66.2280"},"timezone":{"offset":"-1:00","description":"Azores, Cape Verde Islands"}},"email":"mariacristina.burgos@example.com","login":{"uuid":"a12660ed-fe4d-4ce9-a9b1-580b9be2b34c","username":"biggoose601","password":"porno1","salt":"7q3V5JiM","md5":"ddd501d798bb293d9d1a5b9fd817395b","sha1":"0683cc79104a576d347f48402abe7380aed6083d","sha256":"f43915c00449cb6c3ca4be6e911125bd383322dcedc79e822bc8dd4d17cf1e48"},"dob":{"date":"1945-06-21T12:55:13.034Z","age":78},"registered":{"date":"2017-03-19T23:57:19.068Z","age":7},"phone":"(678) 162 2712","cell":"(655) 630 3043","id":{"name":"NSS","value":"14 09 85 7088 8"},"picture":{"large":"https://randomuser.me/api/portraits/women/57.jpg","medium":"https://randomuser.me/api/portraits/med/women/57.jpg","thumbnail":"https://randomuser.me/api/portraits/thumb/women/57.jpg"},"nat":"MX"}],"info":{"seed":"7d588b32b42e9d8e","results":1,"page":1,"version":"1.4"}} 
 </msg>
<msg time="2024-04-22T02:24:53.626801" level="INFO">/opt/hostedtoolcache/Python/3.12.3/x64/lib/python3.12/site-packages/urllib3/connectionpool.py:1103: InsecureRequestWarning: Unverified HTTPS request is being made to host 'randomuser.me'. Adding certificate verification is strongly advised. See: https://urllib3.readthedocs.io/en/latest/advanced-usage.html#tls-warnings
  warnings.warn(</msg>
<msg time="2024-04-22T02:24:53.626933" level="INFO">${response} = &lt;Response [200]&gt;</msg>
<var>${response}</var>
<arg>consultarAPI</arg>
<arg>/api</arg>
<doc>Sends a GET request on a previously created HTTP Session.</doc>
<status status="PASS" start="2024-04-22T02:24:53.382666" elapsed="0.244306"/>
</kw>
<kw name="Set Variable" owner="BuiltIn">
<msg time="2024-04-22T02:24:53.628241" level="INFO">${json_data} = {'results': [{'gender': 'female', 'name': {'title': 'Miss', 'first': 'María Cristina', 'last': 'Burgos'}, 'location': {'street': {'number': 4291, 'name': 'Andador Bangladesh'}, 'city': 'Tequexquitla',...</msg>
<var>${json_data}</var>
<arg>${response.json()}</arg>
<doc>Returns the given values which can then be assigned to a variables.</doc>
<status status="PASS" start="2024-04-22T02:24:53.627632" elapsed="0.000638"/>
</kw>
<kw name="Log" owner="BuiltIn">
<msg time="2024-04-22T02:24:53.628774" level="INFO">{'results': [{'gender': 'female', 'name': {'title': 'Miss', 'first': 'María Cristina', 'last': 'Burgos'}, 'location': {'street': {'number': 4291, 'name': 'Andador Bangladesh'}, 'city': 'Tequexquitla', 'state': 'Tamaulipas', 'country': 'Mexico', 'postcode': 95883, 'coordinates': {'latitude': '29.6800', 'longitude': '66.2280'}, 'timezone': {'offset': '-1:00', 'description': 'Azores, Cape Verde Islands'}}, 'email': 'mariacristina.burgos@example.com', 'login': {'uuid': 'a12660ed-fe4d-4ce9-a9b1-580b9be2b34c', 'username': 'biggoose601', 'password': 'porno1', 'salt': '7q3V5JiM', 'md5': 'ddd501d798bb293d9d1a5b9fd817395b', 'sha1': '0683cc79104a576d347f48402abe7380aed6083d', 'sha256': 'f43915c00449cb6c3ca4be6e911125bd383322dcedc79e822bc8dd4d17cf1e48'}, 'dob': {'date': '1945-06-21T12:55:13.034Z', 'age': 78}, 'registered': {'date': '2017-03-19T23:57:19.068Z', 'age': 7}, 'phone': '(678) 162 2712', 'cell': '(655) 630 3043', 'id': {'name': 'NSS', 'value': '14 09 85 7088 8'}, 'picture': {'large': 'https://randomuser.me/api/portraits/women/57.jpg', 'medium': 'https://randomuser.me/api/portraits/med/women/57.jpg', 'thumbnail': 'https://randomuser.me/api/portraits/thumb/women/57.jpg'}, 'nat': 'MX'}], 'info': {'seed': '7d588b32b42e9d8e', 'results': 1, 'page': 1, 'version': '1.4'}}</msg>
<arg>${json_data}</arg>
<doc>Logs the given message with the given level.</doc>
<status status="PASS" start="2024-04-22T02:24:53.628612" elapsed="0.000246"/>
</kw>
<kw name="Should Be Equal As Numbers" owner="BuiltIn">
<arg>${json_data['results'][0]['location']['postcode']}</arg>
<arg>${json_data['results'][0]['location']['postcode']}</arg>
<doc>Fails if objects are unequal after converting them to real numbers.</doc>
<status status="PASS" start="2024-04-22T02:24:53.629158" elapsed="0.000863"/>
</kw>
<kw name="Log" owner="BuiltIn">
<msg time="2024-04-22T02:24:53.630550" level="INFO">95883</msg>
<arg>${json_data['results'][0]['location']['postcode']}</arg>
<doc>Logs the given message with the given level.</doc>
<status status="PASS" start="2024-04-22T02:24:53.630214" elapsed="0.000376"/>
</kw>
<status status="PASS" start="2024-04-22T02:24:53.382418" elapsed="0.248426"/>
</kw>
<doc>Testa se os tipos de dados na resposta da API estão corretos.</doc>
<tag>testeTiposDados</tag>
<status status="PASS" start="2024-04-22T02:24:53.281036" elapsed="0.349974"/>
</test>
<test id="s1-s1-t5" name="Validar conteudo" line="35">
<kw name="Teste de Tipos de Conteudo" owner="random-user-service">
<kw name="GET On Session" owner="RequestsLibrary">
<msg time="2024-04-22T02:24:53.851379" level="INFO">GET Request : url=https://randomuser.me/api 
 path_url=/api 
 headers={'User-Agent': 'python-requests/2.31.0', 'Accept-Encoding': 'gzip, deflate', 'Accept': '*/*', 'Connection': 'keep-alive'} 
 body=None 
 </msg>
<msg time="2024-04-22T02:24:53.851499" level="INFO">GET Response : url=https://randomuser.me/api 
 status=200, reason=OK 
 headers={'Date': 'Mon, 22 Apr 2024 02:24:53 GMT', 'Content-Type': 'application/json; charset=utf-8', 'Transfer-Encoding': 'chunked', 'Connection': 'keep-alive', 'X-Powered-By': 'Express', 'Access-Control-Allow-Origin': '*', 'Cache-Control': 'no-cache', 'ETag': 'W/"493-DGGOL3SR5qXRXh5meqzl9/TK3+Q"', 'Vary': 'Accept-Encoding', 'Content-Encoding': 'gzip', 'CF-Cache-Status': 'DYNAMIC', 'Report-To': '{"endpoints":[{"url":"https:\\/\\/a.nel.cloudflare.com\\/report\\/v4?s=1BdpbwKjFNxwdKllSyogekMbXygqjHDdqg8QQRUc8AD3rxzMhzQOSK8mKaTyfabfICyZo6vETqGAG11ZYw3DsvB%2FoIyP14XpNHiQ0HlnRBV6j4g9hdcHycOytRsSKv6N"}],"group":"cf-nel","max_age":604800}', 'NEL': '{"success_fraction":0,"report_to":"cf-nel","max_age":604800}', 'Server': 'cloudflare', 'CF-RAY': '878228ff39697ad6-SJC', 'alt-svc': 'h3=":443"; ma=86400'} 
 body={"results":[{"gender":"female","name":{"title":"Mrs","first":"Shannon","last":"Black"},"location":{"street":{"number":753,"name":"Plum St"},"city":"Corona","state":"South Carolina","country":"United States","postcode":76945,"coordinates":{"latitude":"86.8641","longitude":"84.3453"},"timezone":{"offset":"-1:00","description":"Azores, Cape Verde Islands"}},"email":"shannon.black@example.com","login":{"uuid":"d1661a3c-bcf2-4534-b937-eca4a7ababe5","username":"lazytiger823","password":"chickens","salt":"X0kupq0K","md5":"1632c6ea23a3b1ea3f296c5226fb2379","sha1":"8885e90ce1cad87698da956fd02ad1ad8454907e","sha256":"354734e8a35c463dc9840ee6f5ae5adf3dfb07ecdeb63932cebcae4b67622ca7"},"dob":{"date":"1980-06-06T15:28:37.692Z","age":43},"registered":{"date":"2007-09-07T15:11:56.606Z","age":16},"phone":"(567) 778-3229","cell":"(368) 346-6641","id":{"name":"SSN","value":"417-54-6646"},"picture":{"large":"https://randomuser.me/api/portraits/women/62.jpg","medium":"https://randomuser.me/api/portraits/med/women/62.jpg","thumbnail":"https://randomuser.me/api/portraits/thumb/women/62.jpg"},"nat":"US"}],"info":{"seed":"0908dc93c318d834","results":1,"page":1,"version":"1.4"}} 
 </msg>
<msg time="2024-04-22T02:24:53.851588" level="INFO">/opt/hostedtoolcache/Python/3.12.3/x64/lib/python3.12/site-packages/urllib3/connectionpool.py:1103: InsecureRequestWarning: Unverified HTTPS request is being made to host 'randomuser.me'. Adding certificate verification is strongly advised. See: https://urllib3.readthedocs.io/en/latest/advanced-usage.html#tls-warnings
  warnings.warn(</msg>
<msg time="2024-04-22T02:24:53.851734" level="INFO">${response} = &lt;Response [200]&gt;</msg>
<var>${response}</var>
<arg>consultarAPI</arg>
<arg>/api</arg>
<doc>Sends a GET request on a previously created HTTP Session.</doc>
<status status="PASS" start="2024-04-22T02:24:53.634307" elapsed="0.217468"/>
</kw>
<kw name="Set Variable" owner="BuiltIn">
<msg time="2024-04-22T02:24:53.852892" level="INFO">${json_data} = {'results': [{'gender': 'female', 'name': {'title': 'Mrs', 'first': 'Shannon', 'last': 'Black'}, 'location': {'street': {'number': 753, 'name': 'Plum St'}, 'city': 'Corona', 'state': 'South Carolina',...</msg>
<var>${json_data}</var>
<arg>${response.json()}</arg>
<doc>Returns the given values which can then be assigned to a variables.</doc>
<status status="PASS" start="2024-04-22T02:24:53.852355" elapsed="0.000565"/>
</kw>
<kw name="Set Variable" owner="BuiltIn">
<msg time="2024-04-22T02:24:53.853622" level="INFO">${name_title} = Mrs</msg>
<var>${name_title}</var>
<arg>${json_data["results"][0]["name"]["title"]}</arg>
<doc>Returns the given values which can then be assigned to a variables.</doc>
<status status="PASS" start="2024-04-22T02:24:53.853218" elapsed="0.000428"/>
</kw>
<kw name="Create List" owner="BuiltIn">
<msg time="2024-04-22T02:24:53.854135" level="INFO">${allowed_titles} = ['Mr', 'Ms', 'Miss', 'Mrs', 'Madame', 'Monsieur']</msg>
<var>${allowed_titles}</var>
<arg>Mr</arg>
<arg>Ms</arg>
<arg>Miss</arg>
<arg>Mrs</arg>
<arg>Madame</arg>
<arg>Monsieur</arg>
<doc>Returns a list containing given items.</doc>
<status status="PASS" start="2024-04-22T02:24:53.853987" elapsed="0.000173"/>
</kw>
<kw name="List Should Contain Value" owner="Collections">
<msg time="2024-04-22T02:24:53.854631" level="INFO">False</msg>
<arg>${allowed_titles}</arg>
<arg>${name_title}</arg>
<doc>Fails if the ``value`` is not found from ``list``.</doc>
<status status="PASS" start="2024-04-22T02:24:53.854457" elapsed="0.000209"/>
</kw>
<kw name="Set Variable" owner="BuiltIn">
<msg time="2024-04-22T02:24:53.855331" level="INFO">${name_country} = US</msg>
<var>${name_country}</var>
<arg>${json_data["results"][0]["nat"]}</arg>
<doc>Returns the given values which can then be assigned to a variables.</doc>
<status status="PASS" start="2024-04-22T02:24:53.854951" elapsed="0.000405"/>
</kw>
<kw name="Create List" owner="BuiltIn">
<msg time="2024-04-22T02:24:53.856248" level="INFO">${list_country} = ['AD', 'AE', 'AF', 'AG', 'AI', 'AL', 'AM', 'AO', 'AQ', 'AR', 'AS', 'AT', 'AU', 'AW', 'AX', 'AZ', 'BA', 'BB', 'BD', 'BE', 'BF', 'BG', 'BH', 'BI', 'BJ', 'BL', 'BM', 'BN', 'BO', 'BQ', 'BR', 'BS', 'BT', '...</msg>
<var>${list_country}</var>
<arg>AD</arg>
<arg>AE</arg>
<arg>AF</arg>
<arg>AG</arg>
<arg>AI</arg>
<arg>AL</arg>
<arg>AM</arg>
<arg>AO</arg>
<arg>AQ</arg>
<arg>AR</arg>
<arg>AS</arg>
<arg>AT</arg>
<arg>AU</arg>
<arg>AW</arg>
<arg>AX</arg>
<arg>AZ</arg>
<arg>BA</arg>
<arg>BB</arg>
<arg>BD</arg>
<arg>BE</arg>
<arg>BF</arg>
<arg>BG</arg>
<arg>BH</arg>
<arg>BI</arg>
<arg>BJ</arg>
<arg>BL</arg>
<arg>BM</arg>
<arg>BN</arg>
<arg>BO</arg>
<arg>BQ</arg>
<arg>BR</arg>
<arg>BS</arg>
<arg>BT</arg>
<arg>BV</arg>
<arg>BW</arg>
<arg>BY</arg>
<arg>BZ</arg>
<arg>CA</arg>
<arg>CC</arg>
<arg>CD</arg>
<arg>CF</arg>
<arg>CG</arg>
<arg>CH</arg>
<arg>CI</arg>
<arg>CK</arg>
<arg>CL</arg>
<arg>CM</arg>
<arg>CN</arg>
<arg>CO</arg>
<arg>CR</arg>
<arg>CU</arg>
<arg>CV</arg>
<arg>CW</arg>
<arg>CX</arg>
<arg>CY</arg>
<arg>CZ</arg>
<arg>DE</arg>
<arg>DJ</arg>
<arg>DK</arg>
<arg>DM</arg>
<arg>DO</arg>
<arg>DZ</arg>
<arg>EC</arg>
<arg>EE</arg>
<arg>EG</arg>
<arg>EH</arg>
<arg>ER</arg>
<arg>ES</arg>
<arg>ET</arg>
<arg>FI</arg>
<arg>FJ</arg>
<arg>FK</arg>
<arg>FM</arg>
<arg>FO</arg>
<arg>FR</arg>
<arg>GA</arg>
<arg>GB</arg>
<arg>GD</arg>
<arg>GE</arg>
<arg>GF</arg>
<arg>GG</arg>
<arg>GH</arg>
<arg>GI</arg>
<arg>GL</arg>
<arg>GM</arg>
<arg>GN</arg>
<arg>GP</arg>
<arg>GQ</arg>
<arg>GR</arg>
<arg>GS</arg>
<arg>GT</arg>
<arg>GU</arg>
<arg>GW</arg>
<arg>GY</arg>
<arg>HK</arg>
<arg>HM</arg>
<arg>HN</arg>
<arg>HR</arg>
<arg>HT</arg>
<arg>HU</arg>
<arg>ID</arg>
<arg>IE</arg>
<arg>IL</arg>
<arg>IM</arg>
<arg>IN</arg>
<arg>IO</arg>
<arg>IQ</arg>
<arg>IR</arg>
<arg>IS</arg>
<arg>IT</arg>
<arg>JE</arg>
<arg>JM</arg>
<arg>JO</arg>
<arg>JP</arg>
<arg>KE</arg>
<arg>KG</arg>
<arg>KH</arg>
<arg>KI</arg>
<arg>KM</arg>
<arg>KN</arg>
<arg>KP</arg>
<arg>KR</arg>
<arg>KW</arg>
<arg>KY</arg>
<arg>KZ</arg>
<arg>LA</arg>
<arg>LB</arg>
<arg>LC</arg>
<arg>LI</arg>
<arg>LK</arg>
<arg>LR</arg>
<arg>LS</arg>
<arg>LT</arg>
<arg>LU</arg>
<arg>LV</arg>
<arg>LY</arg>
<arg>MA</arg>
<arg>MC</arg>
<arg>MD</arg>
<arg>ME</arg>
<arg>MF</arg>
<arg>MG</arg>
<arg>MH</arg>
<arg>MK</arg>
<arg>ML</arg>
<arg>MM</arg>
<arg>MN</arg>
<arg>MO</arg>
<arg>MP</arg>
<arg>MQ</arg>
<arg>MR</arg>
<arg>MS</arg>
<arg>MT</arg>
<arg>MU</arg>
<arg>MV</arg>
<arg>MW</arg>
<arg>MX</arg>
<arg>MY</arg>
<arg>MZ</arg>
<arg>NA</arg>
<arg>NC</arg>
<arg>NE</arg>
<arg>NF</arg>
<arg>NG</arg>
<arg>NI</arg>
<arg>NL</arg>
<arg>NO</arg>
<arg>NP</arg>
<arg>NR</arg>
<arg>NU</arg>
<arg>NZ</arg>
<arg>OM</arg>
<arg>PA</arg>
<arg>PE</arg>
<arg>PF</arg>
<arg>PG</arg>
<arg>PH</arg>
<arg>PK</arg>
<arg>PL</arg>
<arg>PM</arg>
<arg>PN</arg>
<arg>PR</arg>
<arg>PS</arg>
<arg>PT</arg>
<arg>PW</arg>
<arg>PY</arg>
<arg>QA</arg>
<arg>RE</arg>
<arg>RO</arg>
<arg>RS</arg>
<arg>RU</arg>
<arg>RW</arg>
<arg>SA</arg>
<arg>SB</arg>
<arg>SC</arg>
<arg>SD</arg>
<arg>SE</arg>
<arg>SG</arg>
<arg>SH</arg>
<arg>SI</arg>
<arg>SJ</arg>
<arg>SK</arg>
<arg>SL</arg>
<arg>SM</arg>
<arg>SN</arg>
<arg>SO</arg>
<arg>SR</arg>
<arg>SS</arg>
<arg>ST</arg>
<arg>SV</arg>
<arg>SX</arg>
<arg>SY</arg>
<arg>SZ</arg>
<arg>TC</arg>
<arg>TD</arg>
<arg>TF</arg>
<arg>TG</arg>
<arg>TH</arg>
<arg>TJ</arg>
<arg>TK</arg>
<arg>TL</arg>
<arg>TM</arg>
<arg>TN</arg>
<arg>TO</arg>
<arg>TR</arg>
<arg>TT</arg>
<arg>TV</arg>
<arg>TW</arg>
<arg>TZ</arg>
<arg>UA</arg>
<arg>UG</arg>
<arg>UM</arg>
<arg>US</arg>
<arg>UY</arg>
<arg>UZ</arg>
<arg>VA</arg>
<arg>VC</arg>
<arg>VE</arg>
<arg>VG</arg>
<arg>VI</arg>
<arg>VN</arg>
<arg>VU</arg>
<arg>WF</arg>
<arg>WS</arg>
<arg>XK</arg>
<arg>YE</arg>
<arg>YT</arg>
<arg>ZA</arg>
<arg>ZM</arg>
<arg>ZW</arg>
<doc>Returns a list containing given items.</doc>
<status status="PASS" start="2024-04-22T02:24:53.855655" elapsed="0.000618"/>
</kw>
<kw name="List Should Contain Value" owner="Collections">
<msg time="2024-04-22T02:24:53.857279" level="INFO">False</msg>
<arg>${list_country}</arg>
<arg>${name_country}</arg>
<doc>Fails if the ``value`` is not found from ``list``.</doc>
<status status="PASS" start="2024-04-22T02:24:53.857077" elapsed="0.000239"/>
</kw>
<kw name="Run Keyword If" owner="BuiltIn">
<kw name="Should Be True" owner="BuiltIn">
<arg>${True}</arg>
<doc>Fails if the given condition is not true.</doc>
<status status="PASS" start="2024-04-22T02:24:53.858434" elapsed="0.000145"/>
</kw>
<arg>${json_data["results"][0]["location"]["coordinates"]["latitude"]} &gt;= -90 and ${json_data["results"][0]["location"]["coordinates"]["latitude"]} &lt;= 90</arg>
<arg>Should Be True</arg>
<arg>${True}</arg>
<doc>Runs the given keyword with the given arguments, if ``condition`` is true.</doc>
<status status="PASS" start="2024-04-22T02:24:53.857632" elapsed="0.001074"/>
</kw>
<kw name="Run Keyword If" owner="BuiltIn">
<kw name="Should Be True" owner="BuiltIn">
<arg>${True}</arg>
<doc>Fails if the given condition is not true.</doc>
<status status="PASS" start="2024-04-22T02:24:53.859580" elapsed="0.000258"/>
</kw>
<arg>${json_data["results"][0]["location"]["coordinates"]["longitude"]} &gt;= -180 and ${json_data["results"][0]["location"]["coordinates"]["longitude"]} &lt;= 180</arg>
<arg>Should Be True</arg>
<arg>${True}</arg>
<doc>Runs the given keyword with the given arguments, if ``condition`` is true.</doc>
<status status="PASS" start="2024-04-22T02:24:53.858888" elapsed="0.001075"/>
</kw>
<status status="PASS" start="2024-04-22T02:24:53.633929" elapsed="0.226167"/>
</kw>
<doc>Testa o conteúdo específico dos campos retornados pela API.</doc>
<tag>testeConteudo</tag>
<status status="PASS" start="2024-04-22T02:24:53.633173" elapsed="0.227075"/>
</test>
<status status="PASS" start="2024-04-22T02:24:52.607949" elapsed="1.254274"/>
</suite>
<status status="PASS" start="2024-04-22T02:24:52.588985" elapsed="1.278544"/>
</suite>
<statistics>
<total>
<stat pass="5" fail="0" skip="0">All Tests</stat>
</total>
<tag>
<stat pass="1" fail="0" skip="0">testeConteudo</stat>
<stat pass="1" fail="0" skip="0">testeEstruturaResposta</stat>
<stat pass="1" fail="0" skip="0">testeRequisicaoBasica</stat>
<stat pass="1" fail="0" skip="0">testeTiposDados</stat>
</tag>
<suite>
<stat pass="5" fail="0" skip="0" id="s1" name="Tests">Tests</stat>
<stat pass="5" fail="0" skip="0" id="s1-s1" name="Random-User-Test">Tests.Random-User-Test</stat>
</suite>
</statistics>
<errors>
</errors>
</robot>
