<?xml version="1.0" encoding="UTF-8"?>
<robot generator="Robot 7.0.1 (Python 3.12.4 on linux)" generated="2024-07-13T16:16:48.298296" rpa="false" schemaversion="5">
<suite id="s1" name="Tests" source="/home/runner/work/ApiRandomUser/ApiRandomUser/RamdonUser/tests">
<suite id="s1-s1" name="Random-User-Test" source="/home/runner/work/ApiRandomUser/ApiRandomUser/RamdonUser/tests/random-user-test.robot">
<test id="s1-s1-t1" name="Conectar" line="13">
<kw name="Conectar API" owner="random-user-service">
<kw name="Create Session" owner="RequestsLibrary">
<msg time="2024-07-13T16:16:48.685951" level="INFO">Creating Session using : alias=consultarAPI, url=https://randomuser.me/, headers={},                     cookies={}, auth=None, timeout=None, proxies=None, verify=False,                     debug=0 </msg>
<arg>consultarAPI</arg>
<arg>${URL}</arg>
<doc>Create Session: create a HTTP session to a server</doc>
<status status="PASS" start="2024-07-13T16:16:48.685749" elapsed="0.000377"/>
</kw>
<status status="PASS" start="2024-07-13T16:16:48.684782" elapsed="0.001729"/>
</kw>
<status status="PASS" start="2024-07-13T16:16:48.684127" elapsed="0.002587"/>
</test>
<test id="s1-s1-t2" name="Validar retorno 200 e JSON Válido" line="16">
<kw name="Teste de Requisicao Basica" owner="random-user-service">
<kw name="GET On Session" owner="RequestsLibrary">
<msg time="2024-07-13T16:16:48.924051" level="INFO">GET Request : url=https://randomuser.me/api 
 path_url=/api 
 headers={'User-Agent': 'python-requests/2.32.3', 'Accept-Encoding': 'gzip, deflate', 'Accept': '*/*', 'Connection': 'keep-alive'} 
 body=None 
 </msg>
<msg time="2024-07-13T16:16:48.924194" level="INFO">GET Response : url=https://randomuser.me/api 
 status=200, reason=OK 
 headers={'Date': 'Sat, 13 Jul 2024 16:16:48 GMT', 'Content-Type': 'application/json; charset=utf-8', 'Transfer-Encoding': 'chunked', 'Connection': 'keep-alive', 'X-Powered-By': 'Express', 'Access-Control-Allow-Origin': '*', 'Cache-Control': 'no-cache', 'ETag': 'W/"498-wRMGl3yd6ND3jI6G/9x5iDGN54o"', 'Vary': 'Accept-Encoding', 'Content-Encoding': 'gzip', 'CF-Cache-Status': 'DYNAMIC', 'Report-To': '{"endpoints":[{"url":"https:\\/\\/a.nel.cloudflare.com\\/report\\/v4?s=7Tfx2Ak5zk8depNGc65TK%2BlzzkKkMZCUjedXFtSAvUqAK7Km2PTNapvPbA6thJqwirMCsTVs7psrqQBoqoq1XwOUcw9mVWxcCuWSAckXePfK4dFr4uU4cpZJMm5MmXF1"}],"group":"cf-nel","max_age":604800}', 'NEL': '{"success_fraction":0,"report_to":"cf-nel","max_age":604800}', 'Server': 'cloudflare', 'CF-RAY': '8a2a94619b448f14-IAD', 'alt-svc': 'h3=":443"; ma=86400'} 
 body={"results":[{"gender":"male","name":{"title":"Mr","first":"Burghard","last":"Traub"},"location":{"street":{"number":3907,"name":"Schulweg"},"city":"Kiel","state":"Sachsen-Anhalt","country":"Germany","postcode":93295,"coordinates":{"latitude":"-53.0064","longitude":"-38.0500"},"timezone":{"offset":"+11:00","description":"Magadan, Solomon Islands, New Caledonia"}},"email":"burghard.traub@example.com","login":{"uuid":"1ef6e7de-e3e5-4158-8fab-7bd548183fb1","username":"purpleostrich502","password":"zigzag","salt":"5l5vfvHr","md5":"1b73f67b659c2aee63a0a77c8ad34e82","sha1":"83e9ce8ce8558925c17940a47d67431b8dea3ac2","sha256":"4d5c6ef32862c85223ccf1e5b413c729e9b9a53b9336caeae4853e27aa09a8a7"},"dob":{"date":"1983-09-22T16:55:32.470Z","age":40},"registered":{"date":"2018-09-11T01:36:02.318Z","age":5},"phone":"0251-5197040","cell":"0179-6832314","id":{"name":"SVNR","value":"59 220983 T 030"},"picture":{"large":"https://randomuser.me/api/portraits/men/33.jpg","medium":"https://randomuser.me/api/portraits/med/men/33.jpg","thumbnail":"https://randomuser.me/api/portraits/thumb/men/33.jpg"},"nat":"DE"}],"info":{"seed":"edf7edbb223931c2","results":1,"page":1,"version":"1.4"}} 
 </msg>
<msg time="2024-07-13T16:16:48.924274" level="INFO">/opt/hostedtoolcache/Python/3.12.4/x64/lib/python3.12/site-packages/urllib3/connectionpool.py:1099: InsecureRequestWarning: Unverified HTTPS request is being made to host 'randomuser.me'. Adding certificate verification is strongly advised. See: https://urllib3.readthedocs.io/en/latest/advanced-usage.html#tls-warnings
  warnings.warn(</msg>
<msg time="2024-07-13T16:16:48.924434" level="INFO">${response} = &lt;Response [200]&gt;</msg>
<var>${response}</var>
<arg>consultarAPI</arg>
<arg>/api</arg>
<doc>Sends a GET request on a previously created HTTP Session.</doc>
<status status="PASS" start="2024-07-13T16:16:48.689456" elapsed="0.235028"/>
</kw>
<kw name="Should Be Equal As Numbers" owner="BuiltIn">
<msg time="2024-07-13T16:16:48.925480" level="INFO">Argument types are:
&lt;class 'int'&gt;
&lt;class 'str'&gt;</msg>
<arg>${response.status_code}</arg>
<arg>200</arg>
<doc>Fails if objects are unequal after converting them to real numbers.</doc>
<status status="PASS" start="2024-07-13T16:16:48.925006" elapsed="0.000541"/>
</kw>
<kw name="Log" owner="BuiltIn">
<msg time="2024-07-13T16:16:48.926241" level="INFO">200</msg>
<arg>${response.status_code}</arg>
<doc>Logs the given message with the given level.</doc>
<status status="PASS" start="2024-07-13T16:16:48.925886" elapsed="0.000398"/>
</kw>
<kw name="Set Variable" owner="BuiltIn">
<msg time="2024-07-13T16:16:48.927081" level="INFO">${json_data} = {'results': [{'gender': 'male', 'name': {'title': 'Mr', 'first': 'Burghard', 'last': 'Traub'}, 'location': {'street': {'number': 3907, 'name': 'Schulweg'}, 'city': 'Kiel', 'state': 'Sachsen-Anhalt', '...</msg>
<var>${json_data}</var>
<arg>${response.json()}</arg>
<doc>Returns the given values which can then be assigned to a variables.</doc>
<status status="PASS" start="2024-07-13T16:16:48.926639" elapsed="0.000470"/>
</kw>
<kw name="Dictionary Should Contain Key" owner="Collections">
<arg>${json_data}</arg>
<arg>results</arg>
<doc>Fails if ``key`` is not found from ``dictionary``.</doc>
<status status="PASS" start="2024-07-13T16:16:48.927410" elapsed="0.000169"/>
</kw>
<status status="PASS" start="2024-07-13T16:16:48.689203" elapsed="0.238528"/>
</kw>
<doc>Testa se a API responde corretamente e retorna um objeto JSON válido.</doc>
<tag>testeRequisicaoBasica</tag>
<status status="PASS" start="2024-07-13T16:16:48.688650" elapsed="0.239264"/>
</test>
<test id="s1-s1-t3" name="Validar estrutura de resposta" line="22">
<kw name="Teste de Estrutura de Resposta" owner="random-user-service">
<kw name="GET On Session" owner="RequestsLibrary">
<msg time="2024-07-13T16:16:49.025805" level="INFO">GET Request : url=https://randomuser.me/api 
 path_url=/api 
 headers={'User-Agent': 'python-requests/2.32.3', 'Accept-Encoding': 'gzip, deflate', 'Accept': '*/*', 'Connection': 'keep-alive'} 
 body=None 
 </msg>
<msg time="2024-07-13T16:16:49.025901" level="INFO">GET Response : url=https://randomuser.me/api 
 status=200, reason=OK 
 headers={'Date': 'Sat, 13 Jul 2024 16:16:49 GMT', 'Content-Type': 'application/json; charset=utf-8', 'Transfer-Encoding': 'chunked', 'Connection': 'keep-alive', 'X-Powered-By': 'Express', 'Access-Control-Allow-Origin': '*', 'Cache-Control': 'no-cache', 'ETag': 'W/"4a3-CvYClH9I+qndajEEAeapfNR4518"', 'Vary': 'Accept-Encoding', 'Content-Encoding': 'gzip', 'CF-Cache-Status': 'DYNAMIC', 'Report-To': '{"endpoints":[{"url":"https:\\/\\/a.nel.cloudflare.com\\/report\\/v4?s=OKrXTLHSQAvdnB%2Fc8F4KUL1nWUTgmn2a0TT0nc0zke8MWOBs0MXRXNehGux8umKq9wqkdVHXG9RnH318IWNV111WvjiTdChtFh%2FG%2BsRkTGl0q6EsG2rUQSDZzJggJw%2BE"}],"group":"cf-nel","max_age":604800}', 'NEL': '{"success_fraction":0,"report_to":"cf-nel","max_age":604800}', 'Server': 'cloudflare', 'CF-RAY': '8a2a9461db7b8f14-IAD', 'alt-svc': 'h3=":443"; ma=86400'} 
 body={"results":[{"gender":"female","name":{"title":"Miss","first":"Judy","last":"Richardson"},"location":{"street":{"number":1733,"name":"Samaritan Dr"},"city":"Traralgon","state":"Western Australia","country":"Australia","postcode":496,"coordinates":{"latitude":"-83.2251","longitude":"177.0669"},"timezone":{"offset":"-4:00","description":"Atlantic Time (Canada), Caracas, La Paz"}},"email":"judy.richardson@example.com","login":{"uuid":"7c142bef-9473-4ec3-a090-a6160fd1802f","username":"angrymouse475","password":"mookie","salt":"rCo5XoNa","md5":"2dd749586ba54a457e093c17b3dfebcf","sha1":"ad5d9d9f7e1332e0702660c1390d23b3c056418d","sha256":"47a58944a423d66b48c026cfbdf1987d16aa41b76b6712cde26af3b054777d2e"},"dob":{"date":"1949-03-19T01:53:26.865Z","age":75},"registered":{"date":"2010-06-19T21:57:01.462Z","age":14},"phone":"09-8050-1930","cell":"0477-083-588","id":{"name":"TFN","value":"942892853"},"picture":{"large":"https://randomuser.me/api/portraits/women/4.jpg","medium":"https://randomuser.me/api/portraits/med/women/4.jpg","thumbnail":"https://randomuser.me/api/portraits/thumb/women/4.jpg"},"nat":"AU"}],"info":{"seed":"597d1c4279c6c0f1","results":1,"page":1,"version":"1.4"}} 
 </msg>
<msg time="2024-07-13T16:16:49.026023" level="INFO">/opt/hostedtoolcache/Python/3.12.4/x64/lib/python3.12/site-packages/urllib3/connectionpool.py:1099: InsecureRequestWarning: Unverified HTTPS request is being made to host 'randomuser.me'. Adding certificate verification is strongly advised. See: https://urllib3.readthedocs.io/en/latest/advanced-usage.html#tls-warnings
  warnings.warn(</msg>
<msg time="2024-07-13T16:16:49.026151" level="INFO">${response} = &lt;Response [200]&gt;</msg>
<var>${response}</var>
<arg>consultarAPI</arg>
<arg>/api</arg>
<doc>Sends a GET request on a previously created HTTP Session.</doc>
<status status="PASS" start="2024-07-13T16:16:48.930515" elapsed="0.095680"/>
</kw>
<kw name="Set Variable" owner="BuiltIn">
<msg time="2024-07-13T16:16:49.027132" level="INFO">${json_data} = {'results': [{'gender': 'female', 'name': {'title': 'Miss', 'first': 'Judy', 'last': 'Richardson'}, 'location': {'street': {'number': 1733, 'name': 'Samaritan Dr'}, 'city': 'Traralgon', 'state': 'West...</msg>
<var>${json_data}</var>
<arg>${response.json()}</arg>
<doc>Returns the given values which can then be assigned to a variables.</doc>
<status status="PASS" start="2024-07-13T16:16:49.026657" elapsed="0.000504"/>
</kw>
<kw name="Log" owner="BuiltIn">
<msg time="2024-07-13T16:16:49.027614" level="INFO">{'results': [{'gender': 'female', 'name': {'title': 'Miss', 'first': 'Judy', 'last': 'Richardson'}, 'location': {'street': {'number': 1733, 'name': 'Samaritan Dr'}, 'city': 'Traralgon', 'state': 'Western Australia', 'country': 'Australia', 'postcode': 496, 'coordinates': {'latitude': '-83.2251', 'longitude': '177.0669'}, 'timezone': {'offset': '-4:00', 'description': 'Atlantic Time (Canada), Caracas, La Paz'}}, 'email': 'judy.richardson@example.com', 'login': {'uuid': '7c142bef-9473-4ec3-a090-a6160fd1802f', 'username': 'angrymouse475', 'password': 'mookie', 'salt': 'rCo5XoNa', 'md5': '2dd749586ba54a457e093c17b3dfebcf', 'sha1': 'ad5d9d9f7e1332e0702660c1390d23b3c056418d', 'sha256': '47a58944a423d66b48c026cfbdf1987d16aa41b76b6712cde26af3b054777d2e'}, 'dob': {'date': '1949-03-19T01:53:26.865Z', 'age': 75}, 'registered': {'date': '2010-06-19T21:57:01.462Z', 'age': 14}, 'phone': '09-8050-1930', 'cell': '0477-083-588', 'id': {'name': 'TFN', 'value': '942892853'}, 'picture': {'large': 'https://randomuser.me/api/portraits/women/4.jpg', 'medium': 'https://randomuser.me/api/portraits/med/women/4.jpg', 'thumbnail': 'https://randomuser.me/api/portraits/thumb/women/4.jpg'}, 'nat': 'AU'}], 'info': {'seed': '597d1c4279c6c0f1', 'results': 1, 'page': 1, 'version': '1.4'}}</msg>
<arg>${json_data}</arg>
<doc>Logs the given message with the given level.</doc>
<status status="PASS" start="2024-07-13T16:16:49.027462" elapsed="0.000201"/>
</kw>
<kw name="Dictionary Should Contain Key" owner="Collections">
<arg>${json_data}</arg>
<arg>results</arg>
<doc>Fails if ``key`` is not found from ``dictionary``.</doc>
<status status="PASS" start="2024-07-13T16:16:49.027950" elapsed="0.000169"/>
</kw>
<kw name="Should Not Be Empty" owner="BuiltIn">
<msg time="2024-07-13T16:16:49.028450" level="INFO">Length is 2.</msg>
<arg>${json_data}</arg>
<doc>Verifies that the given item is not empty.</doc>
<status status="PASS" start="2024-07-13T16:16:49.028316" elapsed="0.000170"/>
</kw>
<kw name="Create List" owner="BuiltIn">
<msg time="2024-07-13T16:16:49.028914" level="INFO">${expected_keys} = ['gender', 'name', 'location', 'email', 'login']</msg>
<var>${expected_keys}</var>
<arg>gender</arg>
<arg>name</arg>
<arg>location</arg>
<arg>email</arg>
<arg>login</arg>
<doc>Returns a list containing given items.</doc>
<status status="PASS" start="2024-07-13T16:16:49.028771" elapsed="0.000166"/>
</kw>
<for flavor="IN">
<iter>
<kw name="Dictionary Should Contain Key" owner="Collections">
<arg>${json_data['results'][0]}</arg>
<arg>${key}</arg>
<doc>Fails if ``key`` is not found from ``dictionary``.</doc>
<status status="PASS" start="2024-07-13T16:16:49.029799" elapsed="0.000527"/>
</kw>
<kw name="Log" owner="BuiltIn">
<msg time="2024-07-13T16:16:49.031080" level="INFO">{'gender': 'female', 'name': {'title': 'Miss', 'first': 'Judy', 'last': 'Richardson'}, 'location': {'street': {'number': 1733, 'name': 'Samaritan Dr'}, 'city': 'Traralgon', 'state': 'Western Australia', 'country': 'Australia', 'postcode': 496, 'coordinates': {'latitude': '-83.2251', 'longitude': '177.0669'}, 'timezone': {'offset': '-4:00', 'description': 'Atlantic Time (Canada), Caracas, La Paz'}}, 'email': 'judy.richardson@example.com', 'login': {'uuid': '7c142bef-9473-4ec3-a090-a6160fd1802f', 'username': 'angrymouse475', 'password': 'mookie', 'salt': 'rCo5XoNa', 'md5': '2dd749586ba54a457e093c17b3dfebcf', 'sha1': 'ad5d9d9f7e1332e0702660c1390d23b3c056418d', 'sha256': '47a58944a423d66b48c026cfbdf1987d16aa41b76b6712cde26af3b054777d2e'}, 'dob': {'date': '1949-03-19T01:53:26.865Z', 'age': 75}, 'registered': {'date': '2010-06-19T21:57:01.462Z', 'age': 14}, 'phone': '09-8050-1930', 'cell': '0477-083-588', 'id': {'name': 'TFN', 'value': '942892853'}, 'picture': {'large': 'https://randomuser.me/api/portraits/women/4.jpg', 'medium': 'https://randomuser.me/api/portraits/med/women/4.jpg', 'thumbnail': 'https://randomuser.me/api/portraits/thumb/women/4.jpg'}, 'nat': 'AU'}</msg>
<arg>${json_data['results'][0]}</arg>
<doc>Logs the given message with the given level.</doc>
<status status="PASS" start="2024-07-13T16:16:49.030592" elapsed="0.000553"/>
</kw>
<kw name="Log" owner="BuiltIn">
<msg time="2024-07-13T16:16:49.031675" level="INFO">gender</msg>
<arg>${key}</arg>
<doc>Logs the given message with the given level.</doc>
<status status="PASS" start="2024-07-13T16:16:49.031519" elapsed="0.000204"/>
</kw>
<var name="${key}">gender</var>
<status status="PASS" start="2024-07-13T16:16:49.029602" elapsed="0.002385"/>
</iter>
<iter>
<kw name="Dictionary Should Contain Key" owner="Collections">
<arg>${json_data['results'][0]}</arg>
<arg>${key}</arg>
<doc>Fails if ``key`` is not found from ``dictionary``.</doc>
<status status="PASS" start="2024-07-13T16:16:49.032367" elapsed="0.000420"/>
</kw>
<kw name="Log" owner="BuiltIn">
<msg time="2024-07-13T16:16:49.033350" level="INFO">{'gender': 'female', 'name': {'title': 'Miss', 'first': 'Judy', 'last': 'Richardson'}, 'location': {'street': {'number': 1733, 'name': 'Samaritan Dr'}, 'city': 'Traralgon', 'state': 'Western Australia', 'country': 'Australia', 'postcode': 496, 'coordinates': {'latitude': '-83.2251', 'longitude': '177.0669'}, 'timezone': {'offset': '-4:00', 'description': 'Atlantic Time (Canada), Caracas, La Paz'}}, 'email': 'judy.richardson@example.com', 'login': {'uuid': '7c142bef-9473-4ec3-a090-a6160fd1802f', 'username': 'angrymouse475', 'password': 'mookie', 'salt': 'rCo5XoNa', 'md5': '2dd749586ba54a457e093c17b3dfebcf', 'sha1': 'ad5d9d9f7e1332e0702660c1390d23b3c056418d', 'sha256': '47a58944a423d66b48c026cfbdf1987d16aa41b76b6712cde26af3b054777d2e'}, 'dob': {'date': '1949-03-19T01:53:26.865Z', 'age': 75}, 'registered': {'date': '2010-06-19T21:57:01.462Z', 'age': 14}, 'phone': '09-8050-1930', 'cell': '0477-083-588', 'id': {'name': 'TFN', 'value': '942892853'}, 'picture': {'large': 'https://randomuser.me/api/portraits/women/4.jpg', 'medium': 'https://randomuser.me/api/portraits/med/women/4.jpg', 'thumbnail': 'https://randomuser.me/api/portraits/thumb/women/4.jpg'}, 'nat': 'AU'}</msg>
<arg>${json_data['results'][0]}</arg>
<doc>Logs the given message with the given level.</doc>
<status status="PASS" start="2024-07-13T16:16:49.032969" elapsed="0.000429"/>
</kw>
<kw name="Log" owner="BuiltIn">
<msg time="2024-07-13T16:16:49.033817" level="INFO">name</msg>
<arg>${key}</arg>
<doc>Logs the given message with the given level.</doc>
<status status="PASS" start="2024-07-13T16:16:49.033691" elapsed="0.000164"/>
</kw>
<var name="${key}">name</var>
<status status="PASS" start="2024-07-13T16:16:49.032216" elapsed="0.001855"/>
</iter>
<iter>
<kw name="Dictionary Should Contain Key" owner="Collections">
<arg>${json_data['results'][0]}</arg>
<arg>${key}</arg>
<doc>Fails if ``key`` is not found from ``dictionary``.</doc>
<status status="PASS" start="2024-07-13T16:16:49.034353" elapsed="0.000408"/>
</kw>
<kw name="Log" owner="BuiltIn">
<msg time="2024-07-13T16:16:49.035284" level="INFO">{'gender': 'female', 'name': {'title': 'Miss', 'first': 'Judy', 'last': 'Richardson'}, 'location': {'street': {'number': 1733, 'name': 'Samaritan Dr'}, 'city': 'Traralgon', 'state': 'Western Australia', 'country': 'Australia', 'postcode': 496, 'coordinates': {'latitude': '-83.2251', 'longitude': '177.0669'}, 'timezone': {'offset': '-4:00', 'description': 'Atlantic Time (Canada), Caracas, La Paz'}}, 'email': 'judy.richardson@example.com', 'login': {'uuid': '7c142bef-9473-4ec3-a090-a6160fd1802f', 'username': 'angrymouse475', 'password': 'mookie', 'salt': 'rCo5XoNa', 'md5': '2dd749586ba54a457e093c17b3dfebcf', 'sha1': 'ad5d9d9f7e1332e0702660c1390d23b3c056418d', 'sha256': '47a58944a423d66b48c026cfbdf1987d16aa41b76b6712cde26af3b054777d2e'}, 'dob': {'date': '1949-03-19T01:53:26.865Z', 'age': 75}, 'registered': {'date': '2010-06-19T21:57:01.462Z', 'age': 14}, 'phone': '09-8050-1930', 'cell': '0477-083-588', 'id': {'name': 'TFN', 'value': '942892853'}, 'picture': {'large': 'https://randomuser.me/api/portraits/women/4.jpg', 'medium': 'https://randomuser.me/api/portraits/med/women/4.jpg', 'thumbnail': 'https://randomuser.me/api/portraits/thumb/women/4.jpg'}, 'nat': 'AU'}</msg>
<arg>${json_data['results'][0]}</arg>
<doc>Logs the given message with the given level.</doc>
<status status="PASS" start="2024-07-13T16:16:49.034942" elapsed="0.000398"/>
</kw>
<kw name="Log" owner="BuiltIn">
<msg time="2024-07-13T16:16:49.035755" level="INFO">location</msg>
<arg>${key}</arg>
<doc>Logs the given message with the given level.</doc>
<status status="PASS" start="2024-07-13T16:16:49.035631" elapsed="0.000160"/>
</kw>
<var name="${key}">location</var>
<status status="PASS" start="2024-07-13T16:16:49.034245" elapsed="0.001763"/>
</iter>
<iter>
<kw name="Dictionary Should Contain Key" owner="Collections">
<arg>${json_data['results'][0]}</arg>
<arg>${key}</arg>
<doc>Fails if ``key`` is not found from ``dictionary``.</doc>
<status status="PASS" start="2024-07-13T16:16:49.036283" elapsed="0.000425"/>
</kw>
<kw name="Log" owner="BuiltIn">
<msg time="2024-07-13T16:16:49.037241" level="INFO">{'gender': 'female', 'name': {'title': 'Miss', 'first': 'Judy', 'last': 'Richardson'}, 'location': {'street': {'number': 1733, 'name': 'Samaritan Dr'}, 'city': 'Traralgon', 'state': 'Western Australia', 'country': 'Australia', 'postcode': 496, 'coordinates': {'latitude': '-83.2251', 'longitude': '177.0669'}, 'timezone': {'offset': '-4:00', 'description': 'Atlantic Time (Canada), Caracas, La Paz'}}, 'email': 'judy.richardson@example.com', 'login': {'uuid': '7c142bef-9473-4ec3-a090-a6160fd1802f', 'username': 'angrymouse475', 'password': 'mookie', 'salt': 'rCo5XoNa', 'md5': '2dd749586ba54a457e093c17b3dfebcf', 'sha1': 'ad5d9d9f7e1332e0702660c1390d23b3c056418d', 'sha256': '47a58944a423d66b48c026cfbdf1987d16aa41b76b6712cde26af3b054777d2e'}, 'dob': {'date': '1949-03-19T01:53:26.865Z', 'age': 75}, 'registered': {'date': '2010-06-19T21:57:01.462Z', 'age': 14}, 'phone': '09-8050-1930', 'cell': '0477-083-588', 'id': {'name': 'TFN', 'value': '942892853'}, 'picture': {'large': 'https://randomuser.me/api/portraits/women/4.jpg', 'medium': 'https://randomuser.me/api/portraits/med/women/4.jpg', 'thumbnail': 'https://randomuser.me/api/portraits/thumb/women/4.jpg'}, 'nat': 'AU'}</msg>
<arg>${json_data['results'][0]}</arg>
<doc>Logs the given message with the given level.</doc>
<status status="PASS" start="2024-07-13T16:16:49.036894" elapsed="0.000392"/>
</kw>
<kw name="Log" owner="BuiltIn">
<msg time="2024-07-13T16:16:49.037703" level="INFO">email</msg>
<arg>${key}</arg>
<doc>Logs the given message with the given level.</doc>
<status status="PASS" start="2024-07-13T16:16:49.037579" elapsed="0.000161"/>
</kw>
<var name="${key}">email</var>
<status status="PASS" start="2024-07-13T16:16:49.036177" elapsed="0.001770"/>
</iter>
<iter>
<kw name="Dictionary Should Contain Key" owner="Collections">
<arg>${json_data['results'][0]}</arg>
<arg>${key}</arg>
<doc>Fails if ``key`` is not found from ``dictionary``.</doc>
<status status="PASS" start="2024-07-13T16:16:49.038231" elapsed="0.000420"/>
</kw>
<kw name="Log" owner="BuiltIn">
<msg time="2024-07-13T16:16:49.039178" level="INFO">{'gender': 'female', 'name': {'title': 'Miss', 'first': 'Judy', 'last': 'Richardson'}, 'location': {'street': {'number': 1733, 'name': 'Samaritan Dr'}, 'city': 'Traralgon', 'state': 'Western Australia', 'country': 'Australia', 'postcode': 496, 'coordinates': {'latitude': '-83.2251', 'longitude': '177.0669'}, 'timezone': {'offset': '-4:00', 'description': 'Atlantic Time (Canada), Caracas, La Paz'}}, 'email': 'judy.richardson@example.com', 'login': {'uuid': '7c142bef-9473-4ec3-a090-a6160fd1802f', 'username': 'angrymouse475', 'password': 'mookie', 'salt': 'rCo5XoNa', 'md5': '2dd749586ba54a457e093c17b3dfebcf', 'sha1': 'ad5d9d9f7e1332e0702660c1390d23b3c056418d', 'sha256': '47a58944a423d66b48c026cfbdf1987d16aa41b76b6712cde26af3b054777d2e'}, 'dob': {'date': '1949-03-19T01:53:26.865Z', 'age': 75}, 'registered': {'date': '2010-06-19T21:57:01.462Z', 'age': 14}, 'phone': '09-8050-1930', 'cell': '0477-083-588', 'id': {'name': 'TFN', 'value': '942892853'}, 'picture': {'large': 'https://randomuser.me/api/portraits/women/4.jpg', 'medium': 'https://randomuser.me/api/portraits/med/women/4.jpg', 'thumbnail': 'https://randomuser.me/api/portraits/thumb/women/4.jpg'}, 'nat': 'AU'}</msg>
<arg>${json_data['results'][0]}</arg>
<doc>Logs the given message with the given level.</doc>
<status status="PASS" start="2024-07-13T16:16:49.038831" elapsed="0.000394"/>
</kw>
<kw name="Log" owner="BuiltIn">
<msg time="2024-07-13T16:16:49.039639" level="INFO">login</msg>
<arg>${key}</arg>
<doc>Logs the given message with the given level.</doc>
<status status="PASS" start="2024-07-13T16:16:49.039514" elapsed="0.000162"/>
</kw>
<var name="${key}">login</var>
<status status="PASS" start="2024-07-13T16:16:49.038121" elapsed="0.001768"/>
</iter>
<var>${key}</var>
<value>@{expected_keys}</value>
<status status="PASS" start="2024-07-13T16:16:49.029347" elapsed="0.010661"/>
</for>
<kw name="Create List" owner="BuiltIn">
<msg time="2024-07-13T16:16:49.040363" level="INFO">${expected_keysTwo} = ['username', 'password']</msg>
<var>${expected_keysTwo}</var>
<arg>username</arg>
<arg>password</arg>
<doc>Returns a list containing given items.</doc>
<status status="PASS" start="2024-07-13T16:16:49.040225" elapsed="0.000161"/>
</kw>
<for flavor="IN">
<iter>
<kw name="Dictionary Should Contain Key" owner="Collections">
<arg>${json_data['results'][0]['login']}</arg>
<arg>${keyTwo}</arg>
<doc>Fails if ``key`` is not found from ``dictionary``.</doc>
<status status="PASS" start="2024-07-13T16:16:49.040879" elapsed="0.000381"/>
</kw>
<kw name="Dictionary Should Contain Key" owner="Collections">
<arg>${json_data['results'][0]['login']}</arg>
<arg>${keyTwo}</arg>
<doc>Fails if ``key`` is not found from ``dictionary``.</doc>
<status status="PASS" start="2024-07-13T16:16:49.041439" elapsed="0.000376"/>
</kw>
<kw name="Log" owner="BuiltIn">
<msg time="2024-07-13T16:16:49.042115" level="INFO">username</msg>
<arg>${keyTwo}</arg>
<doc>Logs the given message with the given level.</doc>
<status status="PASS" start="2024-07-13T16:16:49.041996" elapsed="0.000156"/>
</kw>
<var name="${keyTwo}">username</var>
<status status="PASS" start="2024-07-13T16:16:49.040773" elapsed="0.001603"/>
</iter>
<iter>
<kw name="Dictionary Should Contain Key" owner="Collections">
<arg>${json_data['results'][0]['login']}</arg>
<arg>${keyTwo}</arg>
<doc>Fails if ``key`` is not found from ``dictionary``.</doc>
<status status="PASS" start="2024-07-13T16:16:49.042702" elapsed="0.000379"/>
</kw>
<kw name="Dictionary Should Contain Key" owner="Collections">
<arg>${json_data['results'][0]['login']}</arg>
<arg>${keyTwo}</arg>
<doc>Fails if ``key`` is not found from ``dictionary``.</doc>
<status status="PASS" start="2024-07-13T16:16:49.043257" elapsed="0.000387"/>
</kw>
<kw name="Log" owner="BuiltIn">
<msg time="2024-07-13T16:16:49.043955" level="INFO">password</msg>
<arg>${keyTwo}</arg>
<doc>Logs the given message with the given level.</doc>
<status status="PASS" start="2024-07-13T16:16:49.043836" elapsed="0.000162"/>
</kw>
<var name="${keyTwo}">password</var>
<status status="PASS" start="2024-07-13T16:16:49.042591" elapsed="0.001627"/>
</iter>
<var>${keyTwo}</var>
<value>@{expected_keysTwo}</value>
<status status="PASS" start="2024-07-13T16:16:49.040623" elapsed="0.003752"/>
</for>
<status status="PASS" start="2024-07-13T16:16:48.930259" elapsed="0.114335"/>
</kw>
<doc>Testa a estrutura da resposta da API.</doc>
<tag>testeEstruturaResposta</tag>
<status status="PASS" start="2024-07-13T16:16:48.929730" elapsed="0.115024"/>
</test>
<test id="s1-s1-t4" name="Validar tipos de dados" line="28">
<kw name="Teste de Tipos de Dados" owner="random-user-service">
<kw name="GET On Session" owner="RequestsLibrary">
<msg time="2024-07-13T16:16:49.164172" level="INFO">GET Request : url=https://randomuser.me/api 
 path_url=/api 
 headers={'User-Agent': 'python-requests/2.32.3', 'Accept-Encoding': 'gzip, deflate', 'Accept': '*/*', 'Connection': 'keep-alive'} 
 body=None 
 </msg>
<msg time="2024-07-13T16:16:49.164266" level="INFO">GET Response : url=https://randomuser.me/api 
 status=200, reason=OK 
 headers={'Date': 'Sat, 13 Jul 2024 16:16:49 GMT', 'Content-Type': 'application/json; charset=utf-8', 'Transfer-Encoding': 'chunked', 'Connection': 'keep-alive', 'X-Powered-By': 'Express', 'Access-Control-Allow-Origin': '*', 'Cache-Control': 'no-cache', 'ETag': 'W/"498-VCIFFxuVsrGhakwl5GIGimDEzB8"', 'Vary': 'Accept-Encoding', 'Content-Encoding': 'gzip', 'CF-Cache-Status': 'DYNAMIC', 'Report-To': '{"endpoints":[{"url":"https:\\/\\/a.nel.cloudflare.com\\/report\\/v4?s=2w03CEqIgsocgA0m9eh6LKOqyWuf1olFLMP6buSnxSr2MjwT20tLL0clAqaIcRXJ%2BEPww2KCSlz5%2BdmBu0j4LK3NXPvuPDDpPK1vlbUujKa%2FNCw0gT36lJH1QvzuqS3O"}],"group":"cf-nel","max_age":604800}', 'NEL': '{"success_fraction":0,"report_to":"cf-nel","max_age":604800}', 'Server': 'cloudflare', 'CF-RAY': '8a2a94629c048f14-IAD', 'alt-svc': 'h3=":443"; ma=86400'} 
 body={"results":[{"gender":"female","name":{"title":"Ms","first":"Jasmine","last":"Kowalski"},"location":{"street":{"number":6907,"name":"Elgin St"},"city":"Beaumont","state":"Yukon","country":"Canada","postcode":"A5Y 5K7","coordinates":{"latitude":"-71.6112","longitude":"157.2622"},"timezone":{"offset":"-5:00","description":"Eastern Time (US &amp; Canada), Bogota, Lima"}},"email":"jasmine.kowalski@example.com","login":{"uuid":"97c3b70f-2cc7-4922-86b2-aa6103bef710","username":"blueostrich670","password":"premium","salt":"XXCMliWy","md5":"69bd0a36b4989dd765bcfdec026bb6da","sha1":"26c871556a52e1eedc175cc72063a5ba43d07b58","sha256":"66f39486a226a801dc1da1469da5a3f756e59a6e2d56cdfee448e81f3f75df9a"},"dob":{"date":"1969-02-19T16:18:56.442Z","age":55},"registered":{"date":"2004-06-12T09:17:58.736Z","age":20},"phone":"F79 Z41-0618","cell":"E55 L23-2397","id":{"name":"SIN","value":"173141854"},"picture":{"large":"https://randomuser.me/api/portraits/women/1.jpg","medium":"https://randomuser.me/api/portraits/med/women/1.jpg","thumbnail":"https://randomuser.me/api/portraits/thumb/women/1.jpg"},"nat":"CA"}],"info":{"seed":"ce0fbe583ad72b1f","results":1,"page":1,"version":"1.4"}} 
 </msg>
<msg time="2024-07-13T16:16:49.164336" level="INFO">/opt/hostedtoolcache/Python/3.12.4/x64/lib/python3.12/site-packages/urllib3/connectionpool.py:1099: InsecureRequestWarning: Unverified HTTPS request is being made to host 'randomuser.me'. Adding certificate verification is strongly advised. See: https://urllib3.readthedocs.io/en/latest/advanced-usage.html#tls-warnings
  warnings.warn(</msg>
<msg time="2024-07-13T16:16:49.164469" level="INFO">${response} = &lt;Response [200]&gt;</msg>
<var>${response}</var>
<arg>consultarAPI</arg>
<arg>/api</arg>
<doc>Sends a GET request on a previously created HTTP Session.</doc>
<status status="PASS" start="2024-07-13T16:16:49.047289" elapsed="0.117224"/>
</kw>
<kw name="Set Variable" owner="BuiltIn">
<msg time="2024-07-13T16:16:49.165552" level="INFO">${json_data} = {'results': [{'gender': 'female', 'name': {'title': 'Ms', 'first': 'Jasmine', 'last': 'Kowalski'}, 'location': {'street': {'number': 6907, 'name': 'Elgin St'}, 'city': 'Beaumont', 'state': 'Yukon', 'c...</msg>
<var>${json_data}</var>
<arg>${response.json()}</arg>
<doc>Returns the given values which can then be assigned to a variables.</doc>
<status status="PASS" start="2024-07-13T16:16:49.165044" elapsed="0.000538"/>
</kw>
<kw name="Log" owner="BuiltIn">
<msg time="2024-07-13T16:16:49.166047" level="INFO">{'results': [{'gender': 'female', 'name': {'title': 'Ms', 'first': 'Jasmine', 'last': 'Kowalski'}, 'location': {'street': {'number': 6907, 'name': 'Elgin St'}, 'city': 'Beaumont', 'state': 'Yukon', 'country': 'Canada', 'postcode': 'A5Y 5K7', 'coordinates': {'latitude': '-71.6112', 'longitude': '157.2622'}, 'timezone': {'offset': '-5:00', 'description': 'Eastern Time (US &amp; Canada), Bogota, Lima'}}, 'email': 'jasmine.kowalski@example.com', 'login': {'uuid': '97c3b70f-2cc7-4922-86b2-aa6103bef710', 'username': 'blueostrich670', 'password': 'premium', 'salt': 'XXCMliWy', 'md5': '69bd0a36b4989dd765bcfdec026bb6da', 'sha1': '26c871556a52e1eedc175cc72063a5ba43d07b58', 'sha256': '66f39486a226a801dc1da1469da5a3f756e59a6e2d56cdfee448e81f3f75df9a'}, 'dob': {'date': '1969-02-19T16:18:56.442Z', 'age': 55}, 'registered': {'date': '2004-06-12T09:17:58.736Z', 'age': 20}, 'phone': 'F79 Z41-0618', 'cell': 'E55 L23-2397', 'id': {'name': 'SIN', 'value': '173141854'}, 'picture': {'large': 'https://randomuser.me/api/portraits/women/1.jpg', 'medium': 'https://randomuser.me/api/portraits/med/women/1.jpg', 'thumbnail': 'https://randomuser.me/api/portraits/thumb/women/1.jpg'}, 'nat': 'CA'}], 'info': {'seed': 'ce0fbe583ad72b1f', 'results': 1, 'page': 1, 'version': '1.4'}}</msg>
<arg>${json_data}</arg>
<doc>Logs the given message with the given level.</doc>
<status status="PASS" start="2024-07-13T16:16:49.165889" elapsed="0.000208"/>
</kw>
<kw name="Should Be String" owner="String">
<arg>${json_data['results'][0]['gender']}</arg>
<doc>Fails if the given ``item`` is not a string.</doc>
<status status="PASS" start="2024-07-13T16:16:49.166390" elapsed="0.000399"/>
</kw>
<kw name="Should Match Regexp" owner="BuiltIn">
<arg>${json_data['results'][0]['email']}</arg>
<arg>^[a-zA-Z0-9._%+-]+@[a-zA-Z0-9.-]+\.[a-zA-Z]{2,}$</arg>
<doc>Fails if ``string`` does not match ``pattern`` as a regular expression.</doc>
<status status="PASS" start="2024-07-13T16:16:49.167012" elapsed="0.000515"/>
</kw>
<kw name="Should Match Regexp" owner="BuiltIn">
<arg>${json_data['results'][0]['dob']['date']}</arg>
<arg>\\d{4}-\\d{2}-\\d{2}T\\d{2}:\\d{2}:\\d{2}\\.\\d{3}Z</arg>
<doc>Fails if ``string`` does not match ``pattern`` as a regular expression.</doc>
<status status="PASS" start="2024-07-13T16:16:49.167721" elapsed="0.000477"/>
</kw>
<kw name="Should Match Regexp" owner="BuiltIn">
<arg>${json_data['results'][0]['registered']['date']}</arg>
<arg>\\d{4}-\\d{2}-\\d{2}T\\d{2}:\\d{2}:\\d{2}\\.\\d{3}Z</arg>
<doc>Fails if ``string`` does not match ``pattern`` as a regular expression.</doc>
<status status="PASS" start="2024-07-13T16:16:49.168386" elapsed="0.000360"/>
</kw>
<kw name="Should Match Regexp" owner="BuiltIn">
<arg>${json_data['results'][0]['picture']['large']}</arg>
<arg>^https?://.*\.(?:png|jpe?g|gif|bmp)$</arg>
<doc>Fails if ``string`` does not match ``pattern`` as a regular expression.</doc>
<status status="PASS" start="2024-07-13T16:16:49.168928" elapsed="0.000449"/>
</kw>
<kw name="Should Match Regexp" owner="BuiltIn">
<arg>${json_data['results'][0]['picture']['medium']}</arg>
<arg>^https?://.*\.(?:png|jpe?g|gif|bmp)$</arg>
<doc>Fails if ``string`` does not match ``pattern`` as a regular expression.</doc>
<status status="PASS" start="2024-07-13T16:16:49.169562" elapsed="0.000352"/>
</kw>
<kw name="Should Match Regexp" owner="BuiltIn">
<arg>${json_data['results'][0]['picture']['thumbnail']}</arg>
<arg>^https?://.*\.(?:png|jpe?g|gif|bmp)$</arg>
<doc>Fails if ``string`` does not match ``pattern`` as a regular expression.</doc>
<status status="PASS" start="2024-07-13T16:16:49.170098" elapsed="0.000356"/>
</kw>
<kw name="Log" owner="BuiltIn">
<msg time="2024-07-13T16:16:49.170996" level="INFO">{'large': 'https://randomuser.me/api/portraits/women/1.jpg', 'medium': 'https://randomuser.me/api/portraits/med/women/1.jpg', 'thumbnail': 'https://randomuser.me/api/portraits/thumb/women/1.jpg'}</msg>
<arg>${json_data['results'][0]['picture']}</arg>
<doc>Logs the given message with the given level.</doc>
<status status="PASS" start="2024-07-13T16:16:49.170672" elapsed="0.000366"/>
</kw>
<status status="PASS" start="2024-07-13T16:16:49.047064" elapsed="0.124232"/>
</kw>
<kw name="Teste de Tipos de Dados - Postcode" owner="random-user-service">
<kw name="GET On Session" owner="RequestsLibrary">
<msg time="2024-07-13T16:16:49.225149" level="INFO">GET Request : url=https://randomuser.me/api 
 path_url=/api 
 headers={'User-Agent': 'python-requests/2.32.3', 'Accept-Encoding': 'gzip, deflate', 'Accept': '*/*', 'Connection': 'keep-alive'} 
 body=None 
 </msg>
<msg time="2024-07-13T16:16:49.225247" level="INFO">GET Response : url=https://randomuser.me/api 
 status=200, reason=OK 
 headers={'Date': 'Sat, 13 Jul 2024 16:16:49 GMT', 'Content-Type': 'application/json; charset=utf-8', 'Transfer-Encoding': 'chunked', 'Connection': 'keep-alive', 'X-Powered-By': 'Express', 'Access-Control-Allow-Origin': '*', 'Cache-Control': 'no-cache', 'ETag': 'W/"480-8UxuuUnqNoBOiCcJ5dCyggXK9xM"', 'Vary': 'Accept-Encoding', 'Content-Encoding': 'gzip', 'CF-Cache-Status': 'DYNAMIC', 'Report-To': '{"endpoints":[{"url":"https:\\/\\/a.nel.cloudflare.com\\/report\\/v4?s=v3RBizbd6EDHpg%2FX5djBpdnFB7frQjrxEfdvNYOuuYJSBqMN0j2aUyy3EhOcrnSJITAIy%2FUKQzEuGdCX5V83%2FXxByISclYb4LRY6VCAKLI6dsRA%2FdL%2FOrPt0zF%2B1q67H"}],"group":"cf-nel","max_age":604800}', 'NEL': '{"success_fraction":0,"report_to":"cf-nel","max_age":604800}', 'Server': 'cloudflare', 'CF-RAY': '8a2a94636ca08f14-IAD', 'alt-svc': 'h3=":443"; ma=86400'} 
 body={"results":[{"gender":"male","name":{"title":"Mr","first":"Tomasz","last":"Knecht"},"location":{"street":{"number":6490,"name":"Birkenweg"},"city":"Dassel","state":"Schleswig-Holstein","country":"Germany","postcode":38474,"coordinates":{"latitude":"-55.0234","longitude":"-9.7141"},"timezone":{"offset":"-2:00","description":"Mid-Atlantic"}},"email":"tomasz.knecht@example.com","login":{"uuid":"e76a22e5-da44-4b49-a490-962da43effc0","username":"organicbear634","password":"courage","salt":"2NqrUpMk","md5":"ffa908c08a4e58a73fa10dc855cc987c","sha1":"3a07f020c024c4a936d0667e01f5ee17a59dc15e","sha256":"05fdbb654d8b9354fee6dd42011b1d4af807385443e9c48aeafc26832a557169"},"dob":{"date":"1969-01-07T20:48:46.676Z","age":55},"registered":{"date":"2005-11-03T23:05:54.515Z","age":18},"phone":"0632-9997081","cell":"0178-8199091","id":{"name":"SVNR","value":"23 070169 K 058"},"picture":{"large":"https://randomuser.me/api/portraits/men/85.jpg","medium":"https://randomuser.me/api/portraits/med/men/85.jpg","thumbnail":"https://randomuser.me/api/portraits/thumb/men/85.jpg"},"nat":"DE"}],"info":{"seed":"18e1117d6aab8a73","results":1,"page":1,"version":"1.4"}} 
 </msg>
<msg time="2024-07-13T16:16:49.225325" level="INFO">/opt/hostedtoolcache/Python/3.12.4/x64/lib/python3.12/site-packages/urllib3/connectionpool.py:1099: InsecureRequestWarning: Unverified HTTPS request is being made to host 'randomuser.me'. Adding certificate verification is strongly advised. See: https://urllib3.readthedocs.io/en/latest/advanced-usage.html#tls-warnings
  warnings.warn(</msg>
<msg time="2024-07-13T16:16:49.225441" level="INFO">${response} = &lt;Response [200]&gt;</msg>
<var>${response}</var>
<arg>consultarAPI</arg>
<arg>/api</arg>
<doc>Sends a GET request on a previously created HTTP Session.</doc>
<status status="PASS" start="2024-07-13T16:16:49.171748" elapsed="0.053735"/>
</kw>
<kw name="Set Variable" owner="BuiltIn">
<msg time="2024-07-13T16:16:49.226669" level="INFO">${json_data} = {'results': [{'gender': 'male', 'name': {'title': 'Mr', 'first': 'Tomasz', 'last': 'Knecht'}, 'location': {'street': {'number': 6490, 'name': 'Birkenweg'}, 'city': 'Dassel', 'state': 'Schleswig-Holste...</msg>
<var>${json_data}</var>
<arg>${response.json()}</arg>
<doc>Returns the given values which can then be assigned to a variables.</doc>
<status status="PASS" start="2024-07-13T16:16:49.226055" elapsed="0.000644"/>
</kw>
<kw name="Log" owner="BuiltIn">
<msg time="2024-07-13T16:16:49.227163" level="INFO">{'results': [{'gender': 'male', 'name': {'title': 'Mr', 'first': 'Tomasz', 'last': 'Knecht'}, 'location': {'street': {'number': 6490, 'name': 'Birkenweg'}, 'city': 'Dassel', 'state': 'Schleswig-Holstein', 'country': 'Germany', 'postcode': 38474, 'coordinates': {'latitude': '-55.0234', 'longitude': '-9.7141'}, 'timezone': {'offset': '-2:00', 'description': 'Mid-Atlantic'}}, 'email': 'tomasz.knecht@example.com', 'login': {'uuid': 'e76a22e5-da44-4b49-a490-962da43effc0', 'username': 'organicbear634', 'password': 'courage', 'salt': '2NqrUpMk', 'md5': 'ffa908c08a4e58a73fa10dc855cc987c', 'sha1': '3a07f020c024c4a936d0667e01f5ee17a59dc15e', 'sha256': '05fdbb654d8b9354fee6dd42011b1d4af807385443e9c48aeafc26832a557169'}, 'dob': {'date': '1969-01-07T20:48:46.676Z', 'age': 55}, 'registered': {'date': '2005-11-03T23:05:54.515Z', 'age': 18}, 'phone': '0632-9997081', 'cell': '0178-8199091', 'id': {'name': 'SVNR', 'value': '23 070169 K 058'}, 'picture': {'large': 'https://randomuser.me/api/portraits/men/85.jpg', 'medium': 'https://randomuser.me/api/portraits/med/men/85.jpg', 'thumbnail': 'https://randomuser.me/api/portraits/thumb/men/85.jpg'}, 'nat': 'DE'}], 'info': {'seed': '18e1117d6aab8a73', 'results': 1, 'page': 1, 'version': '1.4'}}</msg>
<arg>${json_data}</arg>
<doc>Logs the given message with the given level.</doc>
<status status="PASS" start="2024-07-13T16:16:49.227010" elapsed="0.000210"/>
</kw>
<kw name="Should Be Equal As Numbers" owner="BuiltIn">
<arg>${json_data['results'][0]['location']['postcode']}</arg>
<arg>${json_data['results'][0]['location']['postcode']}</arg>
<doc>Fails if objects are unequal after converting them to real numbers.</doc>
<status status="PASS" start="2024-07-13T16:16:49.227507" elapsed="0.000619"/>
</kw>
<kw name="Log" owner="BuiltIn">
<msg time="2024-07-13T16:16:49.228697" level="INFO">38474</msg>
<arg>${json_data['results'][0]['location']['postcode']}</arg>
<doc>Logs the given message with the given level.</doc>
<status status="PASS" start="2024-07-13T16:16:49.228358" elapsed="0.000379"/>
</kw>
<status status="PASS" start="2024-07-13T16:16:49.171522" elapsed="0.057473"/>
</kw>
<doc>Testa se os tipos de dados na resposta da API estão corretos.</doc>
<tag>testeTiposDados</tag>
<status status="PASS" start="2024-07-13T16:16:49.046521" elapsed="0.182643"/>
</test>
<test id="s1-s1-t5" name="Validar conteudo" line="35">
<kw name="Teste de Tipos de Conteudo" owner="random-user-service">
<kw name="GET On Session" owner="RequestsLibrary">
<msg time="2024-07-13T16:16:49.323583" level="INFO">GET Request : url=https://randomuser.me/api 
 path_url=/api 
 headers={'User-Agent': 'python-requests/2.32.3', 'Accept-Encoding': 'gzip, deflate', 'Accept': '*/*', 'Connection': 'keep-alive'} 
 body=None 
 </msg>
<msg time="2024-07-13T16:16:49.323686" level="INFO">GET Response : url=https://randomuser.me/api 
 status=200, reason=OK 
 headers={'Date': 'Sat, 13 Jul 2024 16:16:49 GMT', 'Content-Type': 'application/json; charset=utf-8', 'Transfer-Encoding': 'chunked', 'Connection': 'keep-alive', 'X-Powered-By': 'Express', 'Access-Control-Allow-Origin': '*', 'Cache-Control': 'no-cache', 'ETag': 'W/"479-rIqRkXzztjXjOGcV2mZue9Ks60o"', 'Vary': 'Accept-Encoding', 'Content-Encoding': 'gzip', 'CF-Cache-Status': 'DYNAMIC', 'Report-To': '{"endpoints":[{"url":"https:\\/\\/a.nel.cloudflare.com\\/report\\/v4?s=wzylCe16qjV6BT4sowJDHWYfnPfj0qp88dK9Li4rO1omAzAyR9UGdL0vgEhW28MxZFcEM1pSjE3VSrowo%2FAoBJbewklVB%2Bnz9cIGxp2IfnfTHmdac6Xmp%2Brw%2B8AnuJYQ"}],"group":"cf-nel","max_age":604800}', 'NEL': '{"success_fraction":0,"report_to":"cf-nel","max_age":604800}', 'Server': 'cloudflare', 'CF-RAY': '8a2a9463ccf08f14-IAD', 'alt-svc': 'h3=":443"; ma=86400'} 
 body={"results":[{"gender":"male","name":{"title":"Mr","first":"Kerim","last":"Ayaydın"},"location":{"street":{"number":8719,"name":"Maçka Cd"},"city":"Kastamonu","state":"Aksaray","country":"Turkey","postcode":95543,"coordinates":{"latitude":"65.5534","longitude":"-127.1898"},"timezone":{"offset":"-1:00","description":"Azores, Cape Verde Islands"}},"email":"kerim.ayaydin@example.com","login":{"uuid":"926db7df-15a1-427f-ba5f-1b16589907db","username":"goldenwolf205","password":"oicu812","salt":"ftMfkB87","md5":"5ee6da6c1c6bffc4c806e334d045d708","sha1":"d462a82e2b05faa1c20865607c09b9e6f9045eaf","sha256":"cad8d44441b882b677581810157d01b5e95ca43f6311cfc52c2673a3b9afc88c"},"dob":{"date":"1983-10-21T21:17:20.449Z","age":40},"registered":{"date":"2003-08-22T05:51:20.709Z","age":20},"phone":"(356)-504-8641","cell":"(131)-183-4549","id":{"name":"","value":null},"picture":{"large":"https://randomuser.me/api/portraits/men/38.jpg","medium":"https://randomuser.me/api/portraits/med/men/38.jpg","thumbnail":"https://randomuser.me/api/portraits/thumb/men/38.jpg"},"nat":"TR"}],"info":{"seed":"271ba91796553560","results":1,"page":1,"version":"1.4"}} 
 </msg>
<msg time="2024-07-13T16:16:49.323772" level="INFO">/opt/hostedtoolcache/Python/3.12.4/x64/lib/python3.12/site-packages/urllib3/connectionpool.py:1099: InsecureRequestWarning: Unverified HTTPS request is being made to host 'randomuser.me'. Adding certificate verification is strongly advised. See: https://urllib3.readthedocs.io/en/latest/advanced-usage.html#tls-warnings
  warnings.warn(</msg>
<msg time="2024-07-13T16:16:49.323884" level="INFO">${response} = &lt;Response [200]&gt;</msg>
<var>${response}</var>
<arg>consultarAPI</arg>
<arg>/api</arg>
<doc>Sends a GET request on a previously created HTTP Session.</doc>
<status status="PASS" start="2024-07-13T16:16:49.231808" elapsed="0.092119"/>
</kw>
<kw name="Set Variable" owner="BuiltIn">
<msg time="2024-07-13T16:16:49.325077" level="INFO">${json_data} = {'results': [{'gender': 'male', 'name': {'title': 'Mr', 'first': 'Kerim', 'last': 'Ayaydın'}, 'location': {'street': {'number': 8719, 'name': 'Maçka Cd'}, 'city': 'Kastamonu', 'state': 'Aksaray', 'cou...</msg>
<var>${json_data}</var>
<arg>${response.json()}</arg>
<doc>Returns the given values which can then be assigned to a variables.</doc>
<status status="PASS" start="2024-07-13T16:16:49.324515" elapsed="0.000600"/>
</kw>
<kw name="Set Variable" owner="BuiltIn">
<msg time="2024-07-13T16:16:49.325796" level="INFO">${name_title} = Mr</msg>
<var>${name_title}</var>
<arg>${json_data["results"][0]["name"]["title"]}</arg>
<doc>Returns the given values which can then be assigned to a variables.</doc>
<status status="PASS" start="2024-07-13T16:16:49.325424" elapsed="0.000398"/>
</kw>
<kw name="Create List" owner="BuiltIn">
<msg time="2024-07-13T16:16:49.326263" level="INFO">${allowed_titles} = ['Mr', 'Ms', 'Miss', 'Mrs', 'Madame', 'Monsieur']</msg>
<var>${allowed_titles}</var>
<arg>Mr</arg>
<arg>Ms</arg>
<arg>Miss</arg>
<arg>Mrs</arg>
<arg>Madame</arg>
<arg>Monsieur</arg>
<doc>Returns a list containing given items.</doc>
<status status="PASS" start="2024-07-13T16:16:49.326115" elapsed="0.000173"/>
</kw>
<kw name="List Should Contain Value" owner="Collections">
<arg>${allowed_titles}</arg>
<arg>${name_title}</arg>
<doc>Fails if the ``value`` is not found from ``list``.</doc>
<status status="PASS" start="2024-07-13T16:16:49.326642" elapsed="0.000181"/>
</kw>
<kw name="Set Variable" owner="BuiltIn">
<msg time="2024-07-13T16:16:49.327365" level="INFO">${name_country} = TR</msg>
<var>${name_country}</var>
<arg>${json_data["results"][0]["nat"]}</arg>
<doc>Returns the given values which can then be assigned to a variables.</doc>
<status status="PASS" start="2024-07-13T16:16:49.327003" elapsed="0.000386"/>
</kw>
<kw name="Create List" owner="BuiltIn">
<msg time="2024-07-13T16:16:49.328285" level="INFO">${list_country} = ['AD', 'AE', 'AF', 'AG', 'AI', 'AL', 'AM', 'AO', 'AQ', 'AR', 'AS', 'AT', 'AU', 'AW', 'AX', 'AZ', 'BA', 'BB', 'BD', 'BE', 'BF', 'BG', 'BH', 'BI', 'BJ', 'BL', 'BM', 'BN', 'BO', 'BQ', 'BR', 'BS', 'BT', '...</msg>
<var>${list_country}</var>
<arg>AD</arg>
<arg>AE</arg>
<arg>AF</arg>
<arg>AG</arg>
<arg>AI</arg>
<arg>AL</arg>
<arg>AM</arg>
<arg>AO</arg>
<arg>AQ</arg>
<arg>AR</arg>
<arg>AS</arg>
<arg>AT</arg>
<arg>AU</arg>
<arg>AW</arg>
<arg>AX</arg>
<arg>AZ</arg>
<arg>BA</arg>
<arg>BB</arg>
<arg>BD</arg>
<arg>BE</arg>
<arg>BF</arg>
<arg>BG</arg>
<arg>BH</arg>
<arg>BI</arg>
<arg>BJ</arg>
<arg>BL</arg>
<arg>BM</arg>
<arg>BN</arg>
<arg>BO</arg>
<arg>BQ</arg>
<arg>BR</arg>
<arg>BS</arg>
<arg>BT</arg>
<arg>BV</arg>
<arg>BW</arg>
<arg>BY</arg>
<arg>BZ</arg>
<arg>CA</arg>
<arg>CC</arg>
<arg>CD</arg>
<arg>CF</arg>
<arg>CG</arg>
<arg>CH</arg>
<arg>CI</arg>
<arg>CK</arg>
<arg>CL</arg>
<arg>CM</arg>
<arg>CN</arg>
<arg>CO</arg>
<arg>CR</arg>
<arg>CU</arg>
<arg>CV</arg>
<arg>CW</arg>
<arg>CX</arg>
<arg>CY</arg>
<arg>CZ</arg>
<arg>DE</arg>
<arg>DJ</arg>
<arg>DK</arg>
<arg>DM</arg>
<arg>DO</arg>
<arg>DZ</arg>
<arg>EC</arg>
<arg>EE</arg>
<arg>EG</arg>
<arg>EH</arg>
<arg>ER</arg>
<arg>ES</arg>
<arg>ET</arg>
<arg>FI</arg>
<arg>FJ</arg>
<arg>FK</arg>
<arg>FM</arg>
<arg>FO</arg>
<arg>FR</arg>
<arg>GA</arg>
<arg>GB</arg>
<arg>GD</arg>
<arg>GE</arg>
<arg>GF</arg>
<arg>GG</arg>
<arg>GH</arg>
<arg>GI</arg>
<arg>GL</arg>
<arg>GM</arg>
<arg>GN</arg>
<arg>GP</arg>
<arg>GQ</arg>
<arg>GR</arg>
<arg>GS</arg>
<arg>GT</arg>
<arg>GU</arg>
<arg>GW</arg>
<arg>GY</arg>
<arg>HK</arg>
<arg>HM</arg>
<arg>HN</arg>
<arg>HR</arg>
<arg>HT</arg>
<arg>HU</arg>
<arg>ID</arg>
<arg>IE</arg>
<arg>IL</arg>
<arg>IM</arg>
<arg>IN</arg>
<arg>IO</arg>
<arg>IQ</arg>
<arg>IR</arg>
<arg>IS</arg>
<arg>IT</arg>
<arg>JE</arg>
<arg>JM</arg>
<arg>JO</arg>
<arg>JP</arg>
<arg>KE</arg>
<arg>KG</arg>
<arg>KH</arg>
<arg>KI</arg>
<arg>KM</arg>
<arg>KN</arg>
<arg>KP</arg>
<arg>KR</arg>
<arg>KW</arg>
<arg>KY</arg>
<arg>KZ</arg>
<arg>LA</arg>
<arg>LB</arg>
<arg>LC</arg>
<arg>LI</arg>
<arg>LK</arg>
<arg>LR</arg>
<arg>LS</arg>
<arg>LT</arg>
<arg>LU</arg>
<arg>LV</arg>
<arg>LY</arg>
<arg>MA</arg>
<arg>MC</arg>
<arg>MD</arg>
<arg>ME</arg>
<arg>MF</arg>
<arg>MG</arg>
<arg>MH</arg>
<arg>MK</arg>
<arg>ML</arg>
<arg>MM</arg>
<arg>MN</arg>
<arg>MO</arg>
<arg>MP</arg>
<arg>MQ</arg>
<arg>MR</arg>
<arg>MS</arg>
<arg>MT</arg>
<arg>MU</arg>
<arg>MV</arg>
<arg>MW</arg>
<arg>MX</arg>
<arg>MY</arg>
<arg>MZ</arg>
<arg>NA</arg>
<arg>NC</arg>
<arg>NE</arg>
<arg>NF</arg>
<arg>NG</arg>
<arg>NI</arg>
<arg>NL</arg>
<arg>NO</arg>
<arg>NP</arg>
<arg>NR</arg>
<arg>NU</arg>
<arg>NZ</arg>
<arg>OM</arg>
<arg>PA</arg>
<arg>PE</arg>
<arg>PF</arg>
<arg>PG</arg>
<arg>PH</arg>
<arg>PK</arg>
<arg>PL</arg>
<arg>PM</arg>
<arg>PN</arg>
<arg>PR</arg>
<arg>PS</arg>
<arg>PT</arg>
<arg>PW</arg>
<arg>PY</arg>
<arg>QA</arg>
<arg>RE</arg>
<arg>RO</arg>
<arg>RS</arg>
<arg>RU</arg>
<arg>RW</arg>
<arg>SA</arg>
<arg>SB</arg>
<arg>SC</arg>
<arg>SD</arg>
<arg>SE</arg>
<arg>SG</arg>
<arg>SH</arg>
<arg>SI</arg>
<arg>SJ</arg>
<arg>SK</arg>
<arg>SL</arg>
<arg>SM</arg>
<arg>SN</arg>
<arg>SO</arg>
<arg>SR</arg>
<arg>SS</arg>
<arg>ST</arg>
<arg>SV</arg>
<arg>SX</arg>
<arg>SY</arg>
<arg>SZ</arg>
<arg>TC</arg>
<arg>TD</arg>
<arg>TF</arg>
<arg>TG</arg>
<arg>TH</arg>
<arg>TJ</arg>
<arg>TK</arg>
<arg>TL</arg>
<arg>TM</arg>
<arg>TN</arg>
<arg>TO</arg>
<arg>TR</arg>
<arg>TT</arg>
<arg>TV</arg>
<arg>TW</arg>
<arg>TZ</arg>
<arg>UA</arg>
<arg>UG</arg>
<arg>UM</arg>
<arg>US</arg>
<arg>UY</arg>
<arg>UZ</arg>
<arg>VA</arg>
<arg>VC</arg>
<arg>VE</arg>
<arg>VG</arg>
<arg>VI</arg>
<arg>VN</arg>
<arg>VU</arg>
<arg>WF</arg>
<arg>WS</arg>
<arg>XK</arg>
<arg>YE</arg>
<arg>YT</arg>
<arg>ZA</arg>
<arg>ZM</arg>
<arg>ZW</arg>
<doc>Returns a list containing given items.</doc>
<status status="PASS" start="2024-07-13T16:16:49.327683" elapsed="0.000628"/>
</kw>
<kw name="List Should Contain Value" owner="Collections">
<arg>${list_country}</arg>
<arg>${name_country}</arg>
<doc>Fails if the ``value`` is not found from ``list``.</doc>
<status status="PASS" start="2024-07-13T16:16:49.329097" elapsed="0.000202"/>
</kw>
<kw name="Run Keyword If" owner="BuiltIn">
<kw name="Should Be True" owner="BuiltIn">
<arg>${True}</arg>
<doc>Fails if the given condition is not true.</doc>
<status status="PASS" start="2024-07-13T16:16:49.330219" elapsed="0.000140"/>
</kw>
<arg>${json_data["results"][0]["location"]["coordinates"]["latitude"]} &gt;= -90 and ${json_data["results"][0]["location"]["coordinates"]["latitude"]} &lt;= 90</arg>
<arg>Should Be True</arg>
<arg>${True}</arg>
<doc>Runs the given keyword with the given arguments, if ``condition`` is true.</doc>
<status status="PASS" start="2024-07-13T16:16:49.329494" elapsed="0.000990"/>
</kw>
<kw name="Run Keyword If" owner="BuiltIn">
<kw name="Should Be True" owner="BuiltIn">
<arg>${True}</arg>
<doc>Fails if the given condition is not true.</doc>
<status status="PASS" start="2024-07-13T16:16:49.331408" elapsed="0.000138"/>
</kw>
<arg>${json_data["results"][0]["location"]["coordinates"]["longitude"]} &gt;= -180 and ${json_data["results"][0]["location"]["coordinates"]["longitude"]} &lt;= 180</arg>
<arg>Should Be True</arg>
<arg>${True}</arg>
<doc>Runs the given keyword with the given arguments, if ``condition`` is true.</doc>
<status status="PASS" start="2024-07-13T16:16:49.330718" elapsed="0.000952"/>
</kw>
<status status="PASS" start="2024-07-13T16:16:49.231433" elapsed="0.100369"/>
</kw>
<doc>Testa o conteúdo específico dos campos retornados pela API.</doc>
<tag>testeConteudo</tag>
<status status="PASS" start="2024-07-13T16:16:49.230973" elapsed="0.100978"/>
</test>
<status status="PASS" start="2024-07-13T16:16:48.357154" elapsed="0.976740"/>
</suite>
<status status="PASS" start="2024-07-13T16:16:48.342736" elapsed="0.996331"/>
</suite>
<statistics>
<total>
<stat pass="5" fail="0" skip="0">All Tests</stat>
</total>
<tag>
<stat pass="1" fail="0" skip="0">testeConteudo</stat>
<stat pass="1" fail="0" skip="0">testeEstruturaResposta</stat>
<stat pass="1" fail="0" skip="0">testeRequisicaoBasica</stat>
<stat pass="1" fail="0" skip="0">testeTiposDados</stat>
</tag>
<suite>
<stat pass="5" fail="0" skip="0" id="s1" name="Tests">Tests</stat>
<stat pass="5" fail="0" skip="0" id="s1-s1" name="Random-User-Test">Tests.Random-User-Test</stat>
</suite>
</statistics>
<errors>
</errors>
</robot>
