<?xml version="1.0" encoding="UTF-8"?>
<robot generator="Robot 7.0.1 (Python 3.12.4 on linux)" generated="2024-08-07T13:19:32.423705" rpa="false" schemaversion="5">
<suite id="s1" name="Tests" source="/home/runner/work/ApiRandomUser/ApiRandomUser/RamdonUser/tests">
<suite id="s1-s1" name="Random-User-Test" source="/home/runner/work/ApiRandomUser/ApiRandomUser/RamdonUser/tests/random-user-test.robot">
<test id="s1-s1-t1" name="Conectar" line="13">
<kw name="Conectar API" owner="random-user-service">
<kw name="Create Session" owner="RequestsLibrary">
<msg time="2024-08-07T13:19:32.851254" level="INFO">Creating Session using : alias=consultarAPI, url=https://randomuser.me/, headers={},                     cookies={}, auth=None, timeout=None, proxies=None, verify=False,                     debug=0 </msg>
<arg>consultarAPI</arg>
<arg>${URL}</arg>
<doc>Create Session: create a HTTP session to a server</doc>
<status status="PASS" start="2024-08-07T13:19:32.851057" elapsed="0.000375"/>
</kw>
<status status="PASS" start="2024-08-07T13:19:32.850002" elapsed="0.001786"/>
</kw>
<status status="PASS" start="2024-08-07T13:19:32.849347" elapsed="0.002632"/>
</test>
<test id="s1-s1-t2" name="Validar retorno 200 e JSON Válido" line="16">
<kw name="Teste de Requisicao Basica" owner="random-user-service">
<kw name="GET On Session" owner="RequestsLibrary">
<msg time="2024-08-07T13:19:34.176317" level="INFO">GET Request : url=https://randomuser.me/api 
 path_url=/api 
 headers={'User-Agent': 'python-requests/2.32.3', 'Accept-Encoding': 'gzip, deflate', 'Accept': '*/*', 'Connection': 'keep-alive'} 
 body=None 
 </msg>
<msg time="2024-08-07T13:19:34.176491" level="INFO">GET Response : url=https://randomuser.me/api 
 status=200, reason=OK 
 headers={'Date': 'Wed, 07 Aug 2024 13:19:34 GMT', 'Content-Type': 'application/json; charset=utf-8', 'Transfer-Encoding': 'chunked', 'Connection': 'keep-alive', 'X-Powered-By': 'Express', 'Access-Control-Allow-Origin': '*', 'Cache-Control': 'no-cache', 'ETag': 'W/"48c-0cI8pU30BcAri2QcVqBMyDKR0Ic"', 'Vary': 'Accept-Encoding', 'Content-Encoding': 'gzip', 'CF-Cache-Status': 'DYNAMIC', 'Report-To': '{"endpoints":[{"url":"https:\\/\\/a.nel.cloudflare.com\\/report\\/v4?s=ZvQ%2F4mG0%2FTNCF9ehIHuXSPv5porIlD%2F9h7HD5sHfAnV2gYW9qBCTtUbZ9zUaKSO9WTjIXKOa3xga5Gl1nsAK8ejqlW46z2R1VatHZXe5hL19oygwJN8ExcEvkDma5M00"}],"group":"cf-nel","max_age":604800}', 'NEL': '{"success_fraction":0,"report_to":"cf-nel","max_age":604800}', 'Server': 'cloudflare', 'CF-RAY': '8af78f179a0d2d23-IAD', 'alt-svc': 'h3=":443"; ma=86400'} 
 body={"results":[{"gender":"female","name":{"title":"Ms","first":"Andrea","last":"Møller"},"location":{"street":{"number":1792,"name":"Lyøvej"},"city":"Nimtofte","state":"Nordjylland","country":"Denmark","postcode":61184,"coordinates":{"latitude":"-42.6991","longitude":"47.4027"},"timezone":{"offset":"+3:00","description":"Baghdad, Riyadh, Moscow, St. Petersburg"}},"email":"andrea.moller@example.com","login":{"uuid":"19f82888-9d2c-4812-9fd5-2f681be5524e","username":"goldendog986","password":"southern","salt":"YjVGhhL0","md5":"1c984d3365a26ad30f2190325810d710","sha1":"c9f6c57713d83280b8020e54f8fe65a85670a430","sha256":"5c2490432e654149da22aac94fbc7ad4267a7488ab296db795650a800d85c94c"},"dob":{"date":"1968-01-09T21:41:00.151Z","age":56},"registered":{"date":"2012-05-24T19:19:55.188Z","age":12},"phone":"78331297","cell":"04389304","id":{"name":"CPR","value":"090168-1570"},"picture":{"large":"https://randomuser.me/api/portraits/women/6.jpg","medium":"https://randomuser.me/api/portraits/med/women/6.jpg","thumbnail":"https://randomuser.me/api/portraits/thumb/women/6.jpg"},"nat":"DK"}],"info":{"seed":"158056fce52ec837","results":1,"page":1,"version":"1.4"}} 
 </msg>
<msg time="2024-08-07T13:19:34.176577" level="INFO">/opt/hostedtoolcache/Python/3.12.4/x64/lib/python3.12/site-packages/urllib3/connectionpool.py:1099: InsecureRequestWarning: Unverified HTTPS request is being made to host 'randomuser.me'. Adding certificate verification is strongly advised. See: https://urllib3.readthedocs.io/en/latest/advanced-usage.html#tls-warnings
  warnings.warn(</msg>
<msg time="2024-08-07T13:19:34.176736" level="INFO">${response} = &lt;Response [200]&gt;</msg>
<var>${response}</var>
<arg>consultarAPI</arg>
<arg>/api</arg>
<doc>Sends a GET request on a previously created HTTP Session.</doc>
<status status="PASS" start="2024-08-07T13:19:32.854639" elapsed="1.322140"/>
</kw>
<kw name="Should Be Equal As Numbers" owner="BuiltIn">
<msg time="2024-08-07T13:19:34.177805" level="INFO">Argument types are:
&lt;class 'int'&gt;
&lt;class 'str'&gt;</msg>
<arg>${response.status_code}</arg>
<arg>200</arg>
<doc>Fails if objects are unequal after converting them to real numbers.</doc>
<status status="PASS" start="2024-08-07T13:19:34.177352" elapsed="0.000516"/>
</kw>
<kw name="Log" owner="BuiltIn">
<msg time="2024-08-07T13:19:34.178529" level="INFO">200</msg>
<arg>${response.status_code}</arg>
<doc>Logs the given message with the given level.</doc>
<status status="PASS" start="2024-08-07T13:19:34.178179" elapsed="0.000392"/>
</kw>
<kw name="Set Variable" owner="BuiltIn">
<msg time="2024-08-07T13:19:34.179301" level="INFO">${json_data} = {'results': [{'gender': 'female', 'name': {'title': 'Ms', 'first': 'Andrea', 'last': 'Møller'}, 'location': {'street': {'number': 1792, 'name': 'Lyøvej'}, 'city': 'Nimtofte', 'state': 'Nordjylland', '...</msg>
<var>${json_data}</var>
<arg>${response.json()}</arg>
<doc>Returns the given values which can then be assigned to a variables.</doc>
<status status="PASS" start="2024-08-07T13:19:34.178868" elapsed="0.000464"/>
</kw>
<kw name="Dictionary Should Contain Key" owner="Collections">
<arg>${json_data}</arg>
<arg>results</arg>
<doc>Fails if ``key`` is not found from ``dictionary``.</doc>
<status status="PASS" start="2024-08-07T13:19:34.179637" elapsed="0.000319"/>
</kw>
<status status="PASS" start="2024-08-07T13:19:32.854400" elapsed="1.325753"/>
</kw>
<doc>Testa se a API responde corretamente e retorna um objeto JSON válido.</doc>
<tag>testeRequisicaoBasica</tag>
<status status="PASS" start="2024-08-07T13:19:32.853859" elapsed="1.326487"/>
</test>
<test id="s1-s1-t3" name="Validar estrutura de resposta" line="22">
<kw name="Teste de Estrutura de Resposta" owner="random-user-service">
<kw name="GET On Session" owner="RequestsLibrary">
<msg time="2024-08-07T13:19:34.830371" level="INFO">GET Request : url=https://randomuser.me/api 
 path_url=/api 
 headers={'User-Agent': 'python-requests/2.32.3', 'Accept-Encoding': 'gzip, deflate', 'Accept': '*/*', 'Connection': 'keep-alive'} 
 body=None 
 </msg>
<msg time="2024-08-07T13:19:34.830491" level="INFO">GET Response : url=https://randomuser.me/api 
 status=200, reason=OK 
 headers={'Date': 'Wed, 07 Aug 2024 13:19:34 GMT', 'Content-Type': 'application/json; charset=utf-8', 'Transfer-Encoding': 'chunked', 'Connection': 'keep-alive', 'X-Powered-By': 'Express', 'Access-Control-Allow-Origin': '*', 'Cache-Control': 'no-cache', 'ETag': 'W/"47d-dFuJvbDdzYk/Vl5GfQqkUS1AOl4"', 'Vary': 'Accept-Encoding', 'Content-Encoding': 'gzip', 'CF-Cache-Status': 'DYNAMIC', 'Report-To': '{"endpoints":[{"url":"https:\\/\\/a.nel.cloudflare.com\\/report\\/v4?s=BcHPkfxGYoLfz8CnktJ0EXD0QqqrTfYlD0%2FDS5%2FEfFYrSxJBIUE8z75WWkUkKNHpMHB8%2BwXt%2BPXu8w%2Fqa2eC%2FNsjllaXb8kw%2BajNgz5sKJsc9rZZtNkB2iYYCBcBDJ0b"}],"group":"cf-nel","max_age":604800}', 'NEL': '{"success_fraction":0,"report_to":"cf-nel","max_age":604800}', 'Server': 'cloudflare', 'CF-RAY': '8af78f1ea89a2d23-IAD', 'alt-svc': 'h3=":443"; ma=86400'} 
 body={"results":[{"gender":"female","name":{"title":"Ms","first":"Clara","last":"Larsen"},"location":{"street":{"number":786,"name":"Smedegade"},"city":"Roskilde","state":"Sjælland","country":"Denmark","postcode":90263,"coordinates":{"latitude":"-42.8223","longitude":"47.4262"},"timezone":{"offset":"-8:00","description":"Pacific Time (US &amp; Canada)"}},"email":"clara.larsen@example.com","login":{"uuid":"36b21cac-eb74-4a1d-8055-dae3f18540a2","username":"greensnake700","password":"emilio","salt":"SCpOg2Vc","md5":"245a09e7d6ee6ea225b0ea6a7b8ce70f","sha1":"8f81c304d0b0e927b42e4ddbcad69a138487349c","sha256":"9db97a64569e99076a45537297ba42293dfe7e8aafb5438a6bc75a00c490872e"},"dob":{"date":"1997-02-26T12:20:08.707Z","age":27},"registered":{"date":"2006-12-22T15:52:28.970Z","age":17},"phone":"15320616","cell":"37020541","id":{"name":"CPR","value":"260297-6580"},"picture":{"large":"https://randomuser.me/api/portraits/women/96.jpg","medium":"https://randomuser.me/api/portraits/med/women/96.jpg","thumbnail":"https://randomuser.me/api/portraits/thumb/women/96.jpg"},"nat":"DK"}],"info":{"seed":"42e8e3876032853d","results":1,"page":1,"version":"1.4"}} 
 </msg>
<msg time="2024-08-07T13:19:34.830656" level="INFO">/opt/hostedtoolcache/Python/3.12.4/x64/lib/python3.12/site-packages/urllib3/connectionpool.py:1099: InsecureRequestWarning: Unverified HTTPS request is being made to host 'randomuser.me'. Adding certificate verification is strongly advised. See: https://urllib3.readthedocs.io/en/latest/advanced-usage.html#tls-warnings
  warnings.warn(</msg>
<msg time="2024-08-07T13:19:34.830792" level="INFO">${response} = &lt;Response [200]&gt;</msg>
<var>${response}</var>
<arg>consultarAPI</arg>
<arg>/api</arg>
<doc>Sends a GET request on a previously created HTTP Session.</doc>
<status status="PASS" start="2024-08-07T13:19:34.182876" elapsed="0.647944"/>
</kw>
<kw name="Set Variable" owner="BuiltIn">
<msg time="2024-08-07T13:19:34.831908" level="INFO">${json_data} = {'results': [{'gender': 'female', 'name': {'title': 'Ms', 'first': 'Clara', 'last': 'Larsen'}, 'location': {'street': {'number': 786, 'name': 'Smedegade'}, 'city': 'Roskilde', 'state': 'Sjælland', 'co...</msg>
<var>${json_data}</var>
<arg>${response.json()}</arg>
<doc>Returns the given values which can then be assigned to a variables.</doc>
<status status="PASS" start="2024-08-07T13:19:34.831373" elapsed="0.000564"/>
</kw>
<kw name="Log" owner="BuiltIn">
<msg time="2024-08-07T13:19:34.832467" level="INFO">{'results': [{'gender': 'female', 'name': {'title': 'Ms', 'first': 'Clara', 'last': 'Larsen'}, 'location': {'street': {'number': 786, 'name': 'Smedegade'}, 'city': 'Roskilde', 'state': 'Sjælland', 'country': 'Denmark', 'postcode': 90263, 'coordinates': {'latitude': '-42.8223', 'longitude': '47.4262'}, 'timezone': {'offset': '-8:00', 'description': 'Pacific Time (US &amp; Canada)'}}, 'email': 'clara.larsen@example.com', 'login': {'uuid': '36b21cac-eb74-4a1d-8055-dae3f18540a2', 'username': 'greensnake700', 'password': 'emilio', 'salt': 'SCpOg2Vc', 'md5': '245a09e7d6ee6ea225b0ea6a7b8ce70f', 'sha1': '8f81c304d0b0e927b42e4ddbcad69a138487349c', 'sha256': '9db97a64569e99076a45537297ba42293dfe7e8aafb5438a6bc75a00c490872e'}, 'dob': {'date': '1997-02-26T12:20:08.707Z', 'age': 27}, 'registered': {'date': '2006-12-22T15:52:28.970Z', 'age': 17}, 'phone': '15320616', 'cell': '37020541', 'id': {'name': 'CPR', 'value': '260297-6580'}, 'picture': {'large': 'https://randomuser.me/api/portraits/women/96.jpg', 'medium': 'https://randomuser.me/api/portraits/med/women/96.jpg', 'thumbnail': 'https://randomuser.me/api/portraits/thumb/women/96.jpg'}, 'nat': 'DK'}], 'info': {'seed': '42e8e3876032853d', 'results': 1, 'page': 1, 'version': '1.4'}}</msg>
<arg>${json_data}</arg>
<doc>Logs the given message with the given level.</doc>
<status status="PASS" start="2024-08-07T13:19:34.832298" elapsed="0.000221"/>
</kw>
<kw name="Dictionary Should Contain Key" owner="Collections">
<arg>${json_data}</arg>
<arg>results</arg>
<doc>Fails if ``key`` is not found from ``dictionary``.</doc>
<status status="PASS" start="2024-08-07T13:19:34.832820" elapsed="0.000165"/>
</kw>
<kw name="Should Not Be Empty" owner="BuiltIn">
<msg time="2024-08-07T13:19:34.833292" level="INFO">Length is 2.</msg>
<arg>${json_data}</arg>
<doc>Verifies that the given item is not empty.</doc>
<status status="PASS" start="2024-08-07T13:19:34.833167" elapsed="0.000163"/>
</kw>
<kw name="Create List" owner="BuiltIn">
<msg time="2024-08-07T13:19:34.833770" level="INFO">${expected_keys} = ['gender', 'name', 'location', 'email', 'login']</msg>
<var>${expected_keys}</var>
<arg>gender</arg>
<arg>name</arg>
<arg>location</arg>
<arg>email</arg>
<arg>login</arg>
<doc>Returns a list containing given items.</doc>
<status status="PASS" start="2024-08-07T13:19:34.833623" elapsed="0.000170"/>
</kw>
<for flavor="IN">
<iter>
<kw name="Dictionary Should Contain Key" owner="Collections">
<arg>${json_data['results'][0]}</arg>
<arg>${key}</arg>
<doc>Fails if ``key`` is not found from ``dictionary``.</doc>
<status status="PASS" start="2024-08-07T13:19:34.834370" elapsed="0.000416"/>
</kw>
<kw name="Log" owner="BuiltIn">
<msg time="2024-08-07T13:19:34.835335" level="INFO">{'gender': 'female', 'name': {'title': 'Ms', 'first': 'Clara', 'last': 'Larsen'}, 'location': {'street': {'number': 786, 'name': 'Smedegade'}, 'city': 'Roskilde', 'state': 'Sjælland', 'country': 'Denmark', 'postcode': 90263, 'coordinates': {'latitude': '-42.8223', 'longitude': '47.4262'}, 'timezone': {'offset': '-8:00', 'description': 'Pacific Time (US &amp; Canada)'}}, 'email': 'clara.larsen@example.com', 'login': {'uuid': '36b21cac-eb74-4a1d-8055-dae3f18540a2', 'username': 'greensnake700', 'password': 'emilio', 'salt': 'SCpOg2Vc', 'md5': '245a09e7d6ee6ea225b0ea6a7b8ce70f', 'sha1': '8f81c304d0b0e927b42e4ddbcad69a138487349c', 'sha256': '9db97a64569e99076a45537297ba42293dfe7e8aafb5438a6bc75a00c490872e'}, 'dob': {'date': '1997-02-26T12:20:08.707Z', 'age': 27}, 'registered': {'date': '2006-12-22T15:52:28.970Z', 'age': 17}, 'phone': '15320616', 'cell': '37020541', 'id': {'name': 'CPR', 'value': '260297-6580'}, 'picture': {'large': 'https://randomuser.me/api/portraits/women/96.jpg', 'medium': 'https://randomuser.me/api/portraits/med/women/96.jpg', 'thumbnail': 'https://randomuser.me/api/portraits/thumb/women/96.jpg'}, 'nat': 'DK'}</msg>
<arg>${json_data['results'][0]}</arg>
<doc>Logs the given message with the given level.</doc>
<status status="PASS" start="2024-08-07T13:19:34.834975" elapsed="0.000422"/>
</kw>
<kw name="Log" owner="BuiltIn">
<msg time="2024-08-07T13:19:34.835820" level="INFO">gender</msg>
<arg>${key}</arg>
<doc>Logs the given message with the given level.</doc>
<status status="PASS" start="2024-08-07T13:19:34.835691" elapsed="0.000168"/>
</kw>
<var name="${key}">gender</var>
<status status="PASS" start="2024-08-07T13:19:34.834244" elapsed="0.001857"/>
</iter>
<iter>
<kw name="Dictionary Should Contain Key" owner="Collections">
<arg>${json_data['results'][0]}</arg>
<arg>${key}</arg>
<doc>Fails if ``key`` is not found from ``dictionary``.</doc>
<status status="PASS" start="2024-08-07T13:19:34.836417" elapsed="0.000383"/>
</kw>
<kw name="Log" owner="BuiltIn">
<msg time="2024-08-07T13:19:34.837334" level="INFO">{'gender': 'female', 'name': {'title': 'Ms', 'first': 'Clara', 'last': 'Larsen'}, 'location': {'street': {'number': 786, 'name': 'Smedegade'}, 'city': 'Roskilde', 'state': 'Sjælland', 'country': 'Denmark', 'postcode': 90263, 'coordinates': {'latitude': '-42.8223', 'longitude': '47.4262'}, 'timezone': {'offset': '-8:00', 'description': 'Pacific Time (US &amp; Canada)'}}, 'email': 'clara.larsen@example.com', 'login': {'uuid': '36b21cac-eb74-4a1d-8055-dae3f18540a2', 'username': 'greensnake700', 'password': 'emilio', 'salt': 'SCpOg2Vc', 'md5': '245a09e7d6ee6ea225b0ea6a7b8ce70f', 'sha1': '8f81c304d0b0e927b42e4ddbcad69a138487349c', 'sha256': '9db97a64569e99076a45537297ba42293dfe7e8aafb5438a6bc75a00c490872e'}, 'dob': {'date': '1997-02-26T12:20:08.707Z', 'age': 27}, 'registered': {'date': '2006-12-22T15:52:28.970Z', 'age': 17}, 'phone': '15320616', 'cell': '37020541', 'id': {'name': 'CPR', 'value': '260297-6580'}, 'picture': {'large': 'https://randomuser.me/api/portraits/women/96.jpg', 'medium': 'https://randomuser.me/api/portraits/med/women/96.jpg', 'thumbnail': 'https://randomuser.me/api/portraits/thumb/women/96.jpg'}, 'nat': 'DK'}</msg>
<arg>${json_data['results'][0]}</arg>
<doc>Logs the given message with the given level.</doc>
<status status="PASS" start="2024-08-07T13:19:34.836981" elapsed="0.000437"/>
</kw>
<kw name="Log" owner="BuiltIn">
<msg time="2024-08-07T13:19:34.837845" level="INFO">name</msg>
<arg>${key}</arg>
<doc>Logs the given message with the given level.</doc>
<status status="PASS" start="2024-08-07T13:19:34.837717" elapsed="0.000165"/>
</kw>
<var name="${key}">name</var>
<status status="PASS" start="2024-08-07T13:19:34.836299" elapsed="0.001797"/>
</iter>
<iter>
<kw name="Dictionary Should Contain Key" owner="Collections">
<arg>${json_data['results'][0]}</arg>
<arg>${key}</arg>
<doc>Fails if ``key`` is not found from ``dictionary``.</doc>
<status status="PASS" start="2024-08-07T13:19:34.838377" elapsed="0.000385"/>
</kw>
<kw name="Log" owner="BuiltIn">
<msg time="2024-08-07T13:19:34.839310" level="INFO">{'gender': 'female', 'name': {'title': 'Ms', 'first': 'Clara', 'last': 'Larsen'}, 'location': {'street': {'number': 786, 'name': 'Smedegade'}, 'city': 'Roskilde', 'state': 'Sjælland', 'country': 'Denmark', 'postcode': 90263, 'coordinates': {'latitude': '-42.8223', 'longitude': '47.4262'}, 'timezone': {'offset': '-8:00', 'description': 'Pacific Time (US &amp; Canada)'}}, 'email': 'clara.larsen@example.com', 'login': {'uuid': '36b21cac-eb74-4a1d-8055-dae3f18540a2', 'username': 'greensnake700', 'password': 'emilio', 'salt': 'SCpOg2Vc', 'md5': '245a09e7d6ee6ea225b0ea6a7b8ce70f', 'sha1': '8f81c304d0b0e927b42e4ddbcad69a138487349c', 'sha256': '9db97a64569e99076a45537297ba42293dfe7e8aafb5438a6bc75a00c490872e'}, 'dob': {'date': '1997-02-26T12:20:08.707Z', 'age': 27}, 'registered': {'date': '2006-12-22T15:52:28.970Z', 'age': 17}, 'phone': '15320616', 'cell': '37020541', 'id': {'name': 'CPR', 'value': '260297-6580'}, 'picture': {'large': 'https://randomuser.me/api/portraits/women/96.jpg', 'medium': 'https://randomuser.me/api/portraits/med/women/96.jpg', 'thumbnail': 'https://randomuser.me/api/portraits/thumb/women/96.jpg'}, 'nat': 'DK'}</msg>
<arg>${json_data['results'][0]}</arg>
<doc>Logs the given message with the given level.</doc>
<status status="PASS" start="2024-08-07T13:19:34.838961" elapsed="0.000409"/>
</kw>
<kw name="Log" owner="BuiltIn">
<msg time="2024-08-07T13:19:34.839797" level="INFO">location</msg>
<arg>${key}</arg>
<doc>Logs the given message with the given level.</doc>
<status status="PASS" start="2024-08-07T13:19:34.839670" elapsed="0.000163"/>
</kw>
<var name="${key}">location</var>
<status status="PASS" start="2024-08-07T13:19:34.838270" elapsed="0.001782"/>
</iter>
<iter>
<kw name="Dictionary Should Contain Key" owner="Collections">
<arg>${json_data['results'][0]}</arg>
<arg>${key}</arg>
<doc>Fails if ``key`` is not found from ``dictionary``.</doc>
<status status="PASS" start="2024-08-07T13:19:34.840373" elapsed="0.000381"/>
</kw>
<kw name="Log" owner="BuiltIn">
<msg time="2024-08-07T13:19:34.841500" level="INFO">{'gender': 'female', 'name': {'title': 'Ms', 'first': 'Clara', 'last': 'Larsen'}, 'location': {'street': {'number': 786, 'name': 'Smedegade'}, 'city': 'Roskilde', 'state': 'Sjælland', 'country': 'Denmark', 'postcode': 90263, 'coordinates': {'latitude': '-42.8223', 'longitude': '47.4262'}, 'timezone': {'offset': '-8:00', 'description': 'Pacific Time (US &amp; Canada)'}}, 'email': 'clara.larsen@example.com', 'login': {'uuid': '36b21cac-eb74-4a1d-8055-dae3f18540a2', 'username': 'greensnake700', 'password': 'emilio', 'salt': 'SCpOg2Vc', 'md5': '245a09e7d6ee6ea225b0ea6a7b8ce70f', 'sha1': '8f81c304d0b0e927b42e4ddbcad69a138487349c', 'sha256': '9db97a64569e99076a45537297ba42293dfe7e8aafb5438a6bc75a00c490872e'}, 'dob': {'date': '1997-02-26T12:20:08.707Z', 'age': 27}, 'registered': {'date': '2006-12-22T15:52:28.970Z', 'age': 17}, 'phone': '15320616', 'cell': '37020541', 'id': {'name': 'CPR', 'value': '260297-6580'}, 'picture': {'large': 'https://randomuser.me/api/portraits/women/96.jpg', 'medium': 'https://randomuser.me/api/portraits/med/women/96.jpg', 'thumbnail': 'https://randomuser.me/api/portraits/thumb/women/96.jpg'}, 'nat': 'DK'}</msg>
<arg>${json_data['results'][0]}</arg>
<doc>Logs the given message with the given level.</doc>
<status status="PASS" start="2024-08-07T13:19:34.841123" elapsed="0.000428"/>
</kw>
<kw name="Log" owner="BuiltIn">
<msg time="2024-08-07T13:19:34.841980" level="INFO">email</msg>
<arg>${key}</arg>
<doc>Logs the given message with the given level.</doc>
<status status="PASS" start="2024-08-07T13:19:34.841849" elapsed="0.000169"/>
</kw>
<var name="${key}">email</var>
<status status="PASS" start="2024-08-07T13:19:34.840265" elapsed="0.001971"/>
</iter>
<iter>
<kw name="Dictionary Should Contain Key" owner="Collections">
<arg>${json_data['results'][0]}</arg>
<arg>${key}</arg>
<doc>Fails if ``key`` is not found from ``dictionary``.</doc>
<status status="PASS" start="2024-08-07T13:19:34.842513" elapsed="0.000384"/>
</kw>
<kw name="Log" owner="BuiltIn">
<msg time="2024-08-07T13:19:34.843418" level="INFO">{'gender': 'female', 'name': {'title': 'Ms', 'first': 'Clara', 'last': 'Larsen'}, 'location': {'street': {'number': 786, 'name': 'Smedegade'}, 'city': 'Roskilde', 'state': 'Sjælland', 'country': 'Denmark', 'postcode': 90263, 'coordinates': {'latitude': '-42.8223', 'longitude': '47.4262'}, 'timezone': {'offset': '-8:00', 'description': 'Pacific Time (US &amp; Canada)'}}, 'email': 'clara.larsen@example.com', 'login': {'uuid': '36b21cac-eb74-4a1d-8055-dae3f18540a2', 'username': 'greensnake700', 'password': 'emilio', 'salt': 'SCpOg2Vc', 'md5': '245a09e7d6ee6ea225b0ea6a7b8ce70f', 'sha1': '8f81c304d0b0e927b42e4ddbcad69a138487349c', 'sha256': '9db97a64569e99076a45537297ba42293dfe7e8aafb5438a6bc75a00c490872e'}, 'dob': {'date': '1997-02-26T12:20:08.707Z', 'age': 27}, 'registered': {'date': '2006-12-22T15:52:28.970Z', 'age': 17}, 'phone': '15320616', 'cell': '37020541', 'id': {'name': 'CPR', 'value': '260297-6580'}, 'picture': {'large': 'https://randomuser.me/api/portraits/women/96.jpg', 'medium': 'https://randomuser.me/api/portraits/med/women/96.jpg', 'thumbnail': 'https://randomuser.me/api/portraits/thumb/women/96.jpg'}, 'nat': 'DK'}</msg>
<arg>${json_data['results'][0]}</arg>
<doc>Logs the given message with the given level.</doc>
<status status="PASS" start="2024-08-07T13:19:34.843075" elapsed="0.000402"/>
</kw>
<kw name="Log" owner="BuiltIn">
<msg time="2024-08-07T13:19:34.843909" level="INFO">login</msg>
<arg>${key}</arg>
<doc>Logs the given message with the given level.</doc>
<status status="PASS" start="2024-08-07T13:19:34.843772" elapsed="0.000174"/>
</kw>
<var name="${key}">login</var>
<status status="PASS" start="2024-08-07T13:19:34.842406" elapsed="0.001779"/>
</iter>
<var>${key}</var>
<value>@{expected_keys}</value>
<status status="PASS" start="2024-08-07T13:19:34.834051" elapsed="0.010272"/>
</for>
<kw name="Create List" owner="BuiltIn">
<msg time="2024-08-07T13:19:34.844648" level="INFO">${expected_keysTwo} = ['username', 'password']</msg>
<var>${expected_keysTwo}</var>
<arg>username</arg>
<arg>password</arg>
<doc>Returns a list containing given items.</doc>
<status status="PASS" start="2024-08-07T13:19:34.844514" elapsed="0.000158"/>
</kw>
<for flavor="IN">
<iter>
<kw name="Dictionary Should Contain Key" owner="Collections">
<arg>${json_data['results'][0]['login']}</arg>
<arg>${keyTwo}</arg>
<doc>Fails if ``key`` is not found from ``dictionary``.</doc>
<status status="PASS" start="2024-08-07T13:19:34.845207" elapsed="0.000391"/>
</kw>
<kw name="Dictionary Should Contain Key" owner="Collections">
<arg>${json_data['results'][0]['login']}</arg>
<arg>${keyTwo}</arg>
<doc>Fails if ``key`` is not found from ``dictionary``.</doc>
<status status="PASS" start="2024-08-07T13:19:34.845779" elapsed="0.000370"/>
</kw>
<kw name="Log" owner="BuiltIn">
<msg time="2024-08-07T13:19:34.846440" level="INFO">username</msg>
<arg>${keyTwo}</arg>
<doc>Logs the given message with the given level.</doc>
<status status="PASS" start="2024-08-07T13:19:34.846323" elapsed="0.000155"/>
</kw>
<var name="${keyTwo}">username</var>
<status status="PASS" start="2024-08-07T13:19:34.845099" elapsed="0.001595"/>
</iter>
<iter>
<kw name="Dictionary Should Contain Key" owner="Collections">
<arg>${json_data['results'][0]['login']}</arg>
<arg>${keyTwo}</arg>
<doc>Fails if ``key`` is not found from ``dictionary``.</doc>
<status status="PASS" start="2024-08-07T13:19:34.846972" elapsed="0.000390"/>
</kw>
<kw name="Dictionary Should Contain Key" owner="Collections">
<arg>${json_data['results'][0]['login']}</arg>
<arg>${keyTwo}</arg>
<doc>Fails if ``key`` is not found from ``dictionary``.</doc>
<status status="PASS" start="2024-08-07T13:19:34.847538" elapsed="0.000369"/>
</kw>
<kw name="Log" owner="BuiltIn">
<msg time="2024-08-07T13:19:34.848246" level="INFO">password</msg>
<arg>${keyTwo}</arg>
<doc>Logs the given message with the given level.</doc>
<status status="PASS" start="2024-08-07T13:19:34.848115" elapsed="0.000168"/>
</kw>
<var name="${keyTwo}">password</var>
<status status="PASS" start="2024-08-07T13:19:34.846867" elapsed="0.001641"/>
</iter>
<var>${keyTwo}</var>
<value>@{expected_keysTwo}</value>
<status status="PASS" start="2024-08-07T13:19:34.844942" elapsed="0.003690"/>
</for>
<status status="PASS" start="2024-08-07T13:19:34.182651" elapsed="0.666128"/>
</kw>
<doc>Testa a estrutura da resposta da API.</doc>
<tag>testeEstruturaResposta</tag>
<status status="PASS" start="2024-08-07T13:19:34.182150" elapsed="0.666788"/>
</test>
<test id="s1-s1-t4" name="Validar tipos de dados" line="28">
<kw name="Teste de Tipos de Dados" owner="random-user-service">
<kw name="GET On Session" owner="RequestsLibrary">
<msg time="2024-08-07T13:19:35.033325" level="INFO">GET Request : url=https://randomuser.me/api 
 path_url=/api 
 headers={'User-Agent': 'python-requests/2.32.3', 'Accept-Encoding': 'gzip, deflate', 'Accept': '*/*', 'Connection': 'keep-alive'} 
 body=None 
 </msg>
<msg time="2024-08-07T13:19:35.033431" level="INFO">GET Response : url=https://randomuser.me/api 
 status=200, reason=OK 
 headers={'Date': 'Wed, 07 Aug 2024 13:19:35 GMT', 'Content-Type': 'application/json; charset=utf-8', 'Transfer-Encoding': 'chunked', 'Connection': 'keep-alive', 'X-Powered-By': 'Express', 'Access-Control-Allow-Origin': '*', 'Cache-Control': 'no-cache', 'ETag': 'W/"46d-j9k9TJzHyfyDYjayLglLi6P9cqM"', 'Vary': 'Accept-Encoding', 'Content-Encoding': 'gzip', 'CF-Cache-Status': 'DYNAMIC', 'Report-To': '{"endpoints":[{"url":"https:\\/\\/a.nel.cloudflare.com\\/report\\/v4?s=AnTwklMt9oXGkucgdDWZ1xEldMF9hrhc3yZj6bQmd6klrpNcbYbXIDAFlYr3hCqrM9J4A7sUdjsseSi6ScYSg7SbO8USVg1%2BxYkEoT0ugo%2FHd9sq8sscOvt02dJlqDPZ"}],"group":"cf-nel","max_age":604800}', 'NEL': '{"success_fraction":0,"report_to":"cf-nel","max_age":604800}', 'Server': 'cloudflare', 'CF-RAY': '8af78f22dcdb2d23-IAD', 'alt-svc': 'h3=":443"; ma=86400'} 
 body={"results":[{"gender":"female","name":{"title":"Mrs","first":"Elvira","last":"Sjøli"},"location":{"street":{"number":7024,"name":"Telesvingen"},"city":"Sysle","state":"Vestfold","country":"Norway","postcode":"8023","coordinates":{"latitude":"42.4315","longitude":"179.5264"},"timezone":{"offset":"-10:00","description":"Hawaii"}},"email":"elvira.sjoli@example.com","login":{"uuid":"4b51bddf-dce2-47af-b9a7-932b5d93489e","username":"heavymeercat276","password":"pasadena","salt":"W6kCO8SL","md5":"635491de9c5a0ff8a4c546e346af7d63","sha1":"ad281c014017079914b9cf1f4e8b838b9817ae69","sha256":"9cccaeb727639bb196ab2efa6a3b309749284aefa118dd9c05d87522b59a34c3"},"dob":{"date":"1952-11-11T09:16:56.007Z","age":71},"registered":{"date":"2017-04-11T20:07:47.913Z","age":7},"phone":"85225596","cell":"42206492","id":{"name":"FN","value":"11115228848"},"picture":{"large":"https://randomuser.me/api/portraits/women/34.jpg","medium":"https://randomuser.me/api/portraits/med/women/34.jpg","thumbnail":"https://randomuser.me/api/portraits/thumb/women/34.jpg"},"nat":"NO"}],"info":{"seed":"20af6ddec6f27564","results":1,"page":1,"version":"1.4"}} 
 </msg>
<msg time="2024-08-07T13:19:35.033510" level="INFO">/opt/hostedtoolcache/Python/3.12.4/x64/lib/python3.12/site-packages/urllib3/connectionpool.py:1099: InsecureRequestWarning: Unverified HTTPS request is being made to host 'randomuser.me'. Adding certificate verification is strongly advised. See: https://urllib3.readthedocs.io/en/latest/advanced-usage.html#tls-warnings
  warnings.warn(</msg>
<msg time="2024-08-07T13:19:35.033638" level="INFO">${response} = &lt;Response [200]&gt;</msg>
<var>${response}</var>
<arg>consultarAPI</arg>
<arg>/api</arg>
<doc>Sends a GET request on a previously created HTTP Session.</doc>
<status status="PASS" start="2024-08-07T13:19:34.851418" elapsed="0.182246"/>
</kw>
<kw name="Set Variable" owner="BuiltIn">
<msg time="2024-08-07T13:19:35.034802" level="INFO">${json_data} = {'results': [{'gender': 'female', 'name': {'title': 'Mrs', 'first': 'Elvira', 'last': 'Sjøli'}, 'location': {'street': {'number': 7024, 'name': 'Telesvingen'}, 'city': 'Sysle', 'state': 'Vestfold', 'c...</msg>
<var>${json_data}</var>
<arg>${response.json()}</arg>
<doc>Returns the given values which can then be assigned to a variables.</doc>
<status status="PASS" start="2024-08-07T13:19:35.034262" elapsed="0.000569"/>
</kw>
<kw name="Log" owner="BuiltIn">
<msg time="2024-08-07T13:19:35.035303" level="INFO">{'results': [{'gender': 'female', 'name': {'title': 'Mrs', 'first': 'Elvira', 'last': 'Sjøli'}, 'location': {'street': {'number': 7024, 'name': 'Telesvingen'}, 'city': 'Sysle', 'state': 'Vestfold', 'country': 'Norway', 'postcode': '8023', 'coordinates': {'latitude': '42.4315', 'longitude': '179.5264'}, 'timezone': {'offset': '-10:00', 'description': 'Hawaii'}}, 'email': 'elvira.sjoli@example.com', 'login': {'uuid': '4b51bddf-dce2-47af-b9a7-932b5d93489e', 'username': 'heavymeercat276', 'password': 'pasadena', 'salt': 'W6kCO8SL', 'md5': '635491de9c5a0ff8a4c546e346af7d63', 'sha1': 'ad281c014017079914b9cf1f4e8b838b9817ae69', 'sha256': '9cccaeb727639bb196ab2efa6a3b309749284aefa118dd9c05d87522b59a34c3'}, 'dob': {'date': '1952-11-11T09:16:56.007Z', 'age': 71}, 'registered': {'date': '2017-04-11T20:07:47.913Z', 'age': 7}, 'phone': '85225596', 'cell': '42206492', 'id': {'name': 'FN', 'value': '11115228848'}, 'picture': {'large': 'https://randomuser.me/api/portraits/women/34.jpg', 'medium': 'https://randomuser.me/api/portraits/med/women/34.jpg', 'thumbnail': 'https://randomuser.me/api/portraits/thumb/women/34.jpg'}, 'nat': 'NO'}], 'info': {'seed': '20af6ddec6f27564', 'results': 1, 'page': 1, 'version': '1.4'}}</msg>
<arg>${json_data}</arg>
<doc>Logs the given message with the given level.</doc>
<status status="PASS" start="2024-08-07T13:19:35.035138" elapsed="0.000214"/>
</kw>
<kw name="Should Be String" owner="String">
<arg>${json_data['results'][0]['gender']}</arg>
<doc>Fails if the given ``item`` is not a string.</doc>
<status status="PASS" start="2024-08-07T13:19:35.035640" elapsed="0.000364"/>
</kw>
<kw name="Should Match Regexp" owner="BuiltIn">
<arg>${json_data['results'][0]['email']}</arg>
<arg>^[a-zA-Z0-9._%+-]+@[a-zA-Z0-9.-]+\.[a-zA-Z]{2,}$</arg>
<doc>Fails if ``string`` does not match ``pattern`` as a regular expression.</doc>
<status status="PASS" start="2024-08-07T13:19:35.036252" elapsed="0.000521"/>
</kw>
<kw name="Should Match Regexp" owner="BuiltIn">
<arg>${json_data['results'][0]['dob']['date']}</arg>
<arg>\\d{4}-\\d{2}-\\d{2}T\\d{2}:\\d{2}:\\d{2}\\.\\d{3}Z</arg>
<doc>Fails if ``string`` does not match ``pattern`` as a regular expression.</doc>
<status status="PASS" start="2024-08-07T13:19:35.037005" elapsed="0.000645"/>
</kw>
<kw name="Should Match Regexp" owner="BuiltIn">
<arg>${json_data['results'][0]['registered']['date']}</arg>
<arg>\\d{4}-\\d{2}-\\d{2}T\\d{2}:\\d{2}:\\d{2}\\.\\d{3}Z</arg>
<doc>Fails if ``string`` does not match ``pattern`` as a regular expression.</doc>
<status status="PASS" start="2024-08-07T13:19:35.037842" elapsed="0.000375"/>
</kw>
<kw name="Should Match Regexp" owner="BuiltIn">
<arg>${json_data['results'][0]['picture']['large']}</arg>
<arg>^https?://.*\.(?:png|jpe?g|gif|bmp)$</arg>
<doc>Fails if ``string`` does not match ``pattern`` as a regular expression.</doc>
<status status="PASS" start="2024-08-07T13:19:35.038403" elapsed="0.000456"/>
</kw>
<kw name="Should Match Regexp" owner="BuiltIn">
<arg>${json_data['results'][0]['picture']['medium']}</arg>
<arg>^https?://.*\.(?:png|jpe?g|gif|bmp)$</arg>
<doc>Fails if ``string`` does not match ``pattern`` as a regular expression.</doc>
<status status="PASS" start="2024-08-07T13:19:35.039045" elapsed="0.000356"/>
</kw>
<kw name="Should Match Regexp" owner="BuiltIn">
<arg>${json_data['results'][0]['picture']['thumbnail']}</arg>
<arg>^https?://.*\.(?:png|jpe?g|gif|bmp)$</arg>
<doc>Fails if ``string`` does not match ``pattern`` as a regular expression.</doc>
<status status="PASS" start="2024-08-07T13:19:35.039581" elapsed="0.000347"/>
</kw>
<kw name="Log" owner="BuiltIn">
<msg time="2024-08-07T13:19:35.040452" level="INFO">{'large': 'https://randomuser.me/api/portraits/women/34.jpg', 'medium': 'https://randomuser.me/api/portraits/med/women/34.jpg', 'thumbnail': 'https://randomuser.me/api/portraits/thumb/women/34.jpg'}</msg>
<arg>${json_data['results'][0]['picture']}</arg>
<doc>Logs the given message with the given level.</doc>
<status status="PASS" start="2024-08-07T13:19:35.040127" elapsed="0.000367"/>
</kw>
<status status="PASS" start="2024-08-07T13:19:34.851188" elapsed="0.189568"/>
</kw>
<kw name="Teste de Tipos de Dados - Postcode" owner="random-user-service">
<kw name="GET On Session" owner="RequestsLibrary">
<msg time="2024-08-07T13:19:35.129880" level="INFO">GET Request : url=https://randomuser.me/api 
 path_url=/api 
 headers={'User-Agent': 'python-requests/2.32.3', 'Accept-Encoding': 'gzip, deflate', 'Accept': '*/*', 'Connection': 'keep-alive'} 
 body=None 
 </msg>
<msg time="2024-08-07T13:19:35.130000" level="INFO">GET Response : url=https://randomuser.me/api 
 status=200, reason=OK 
 headers={'Date': 'Wed, 07 Aug 2024 13:19:35 GMT', 'Content-Type': 'application/json; charset=utf-8', 'Transfer-Encoding': 'chunked', 'Connection': 'keep-alive', 'X-Powered-By': 'Express', 'Access-Control-Allow-Origin': '*', 'Cache-Control': 'no-cache', 'ETag': 'W/"471-X6+SJPDkggYKMO/JRQkXt3kZ928"', 'Vary': 'Accept-Encoding', 'Content-Encoding': 'gzip', 'CF-Cache-Status': 'DYNAMIC', 'Report-To': '{"endpoints":[{"url":"https:\\/\\/a.nel.cloudflare.com\\/report\\/v4?s=UnHwues26RjWFu7gwbI9vG9UGGcS3OeTmimtk7u26%2BJBPJccnVpUiMxOfGfOKvJUw7Nmnulse7%2F7GTHgDubFTdZF8KkbgcY%2FuuayfSo3eq8%2Bt5FOj1MG7wHefvlsi%2F30"}],"group":"cf-nel","max_age":604800}', 'NEL': '{"success_fraction":0,"report_to":"cf-nel","max_age":604800}', 'Server': 'cloudflare', 'CF-RAY': '8af78f240e222d23-IAD', 'alt-svc': 'h3=":443"; ma=86400'} 
 body={"results":[{"gender":"female","name":{"title":"Mrs","first":"Gül","last":"Okumuş"},"location":{"street":{"number":774,"name":"Bağdat Cd"},"city":"Van","state":"İzmir","country":"Turkey","postcode":27781,"coordinates":{"latitude":"71.8680","longitude":"86.5338"},"timezone":{"offset":"-1:00","description":"Azores, Cape Verde Islands"}},"email":"gul.okumus@example.com","login":{"uuid":"8a561dc6-3748-46d4-84ec-3f1f3f97bb3a","username":"smallduck974","password":"tights","salt":"CpGxYsXr","md5":"4a242d93251b60825f60f47f760a027d","sha1":"bc17227a67bd9c3b9b39495ad11f9a15634f2555","sha256":"260666f584de476e2e608ed41e52d4c0a4520334f298cc822441ce8bd7c13d03"},"dob":{"date":"1950-12-30T09:37:06.912Z","age":73},"registered":{"date":"2021-06-20T08:35:21.875Z","age":3},"phone":"(954)-772-6175","cell":"(686)-640-3204","id":{"name":"","value":null},"picture":{"large":"https://randomuser.me/api/portraits/women/21.jpg","medium":"https://randomuser.me/api/portraits/med/women/21.jpg","thumbnail":"https://randomuser.me/api/portraits/thumb/women/21.jpg"},"nat":"TR"}],"info":{"seed":"9f89360dd5f594d7","results":1,"page":1,"version":"1.4"}} 
 </msg>
<msg time="2024-08-07T13:19:35.130101" level="INFO">/opt/hostedtoolcache/Python/3.12.4/x64/lib/python3.12/site-packages/urllib3/connectionpool.py:1099: InsecureRequestWarning: Unverified HTTPS request is being made to host 'randomuser.me'. Adding certificate verification is strongly advised. See: https://urllib3.readthedocs.io/en/latest/advanced-usage.html#tls-warnings
  warnings.warn(</msg>
<msg time="2024-08-07T13:19:35.130245" level="INFO">${response} = &lt;Response [200]&gt;</msg>
<var>${response}</var>
<arg>consultarAPI</arg>
<arg>/api</arg>
<doc>Sends a GET request on a previously created HTTP Session.</doc>
<status status="PASS" start="2024-08-07T13:19:35.041206" elapsed="0.089090"/>
</kw>
<kw name="Set Variable" owner="BuiltIn">
<msg time="2024-08-07T13:19:35.131357" level="INFO">${json_data} = {'results': [{'gender': 'female', 'name': {'title': 'Mrs', 'first': 'Gül', 'last': 'Okumuş'}, 'location': {'street': {'number': 774, 'name': 'Bağdat Cd'}, 'city': 'Van', 'state': 'İzmir', 'country': '...</msg>
<var>${json_data}</var>
<arg>${response.json()}</arg>
<doc>Returns the given values which can then be assigned to a variables.</doc>
<status status="PASS" start="2024-08-07T13:19:35.130823" elapsed="0.000564"/>
</kw>
<kw name="Log" owner="BuiltIn">
<msg time="2024-08-07T13:19:35.131853" level="INFO">{'results': [{'gender': 'female', 'name': {'title': 'Mrs', 'first': 'Gül', 'last': 'Okumuş'}, 'location': {'street': {'number': 774, 'name': 'Bağdat Cd'}, 'city': 'Van', 'state': 'İzmir', 'country': 'Turkey', 'postcode': 27781, 'coordinates': {'latitude': '71.8680', 'longitude': '86.5338'}, 'timezone': {'offset': '-1:00', 'description': 'Azores, Cape Verde Islands'}}, 'email': 'gul.okumus@example.com', 'login': {'uuid': '8a561dc6-3748-46d4-84ec-3f1f3f97bb3a', 'username': 'smallduck974', 'password': 'tights', 'salt': 'CpGxYsXr', 'md5': '4a242d93251b60825f60f47f760a027d', 'sha1': 'bc17227a67bd9c3b9b39495ad11f9a15634f2555', 'sha256': '260666f584de476e2e608ed41e52d4c0a4520334f298cc822441ce8bd7c13d03'}, 'dob': {'date': '1950-12-30T09:37:06.912Z', 'age': 73}, 'registered': {'date': '2021-06-20T08:35:21.875Z', 'age': 3}, 'phone': '(954)-772-6175', 'cell': '(686)-640-3204', 'id': {'name': '', 'value': None}, 'picture': {'large': 'https://randomuser.me/api/portraits/women/21.jpg', 'medium': 'https://randomuser.me/api/portraits/med/women/21.jpg', 'thumbnail': 'https://randomuser.me/api/portraits/thumb/women/21.jpg'}, 'nat': 'TR'}], 'info': {'seed': '9f89360dd5f594d7', 'results': 1, 'page': 1, 'version': '1.4'}}</msg>
<arg>${json_data}</arg>
<doc>Logs the given message with the given level.</doc>
<status status="PASS" start="2024-08-07T13:19:35.131695" elapsed="0.000210"/>
</kw>
<kw name="Should Be Equal As Numbers" owner="BuiltIn">
<arg>${json_data['results'][0]['location']['postcode']}</arg>
<arg>${json_data['results'][0]['location']['postcode']}</arg>
<doc>Fails if objects are unequal after converting them to real numbers.</doc>
<status status="PASS" start="2024-08-07T13:19:35.132247" elapsed="0.000629"/>
</kw>
<kw name="Log" owner="BuiltIn">
<msg time="2024-08-07T13:19:35.133396" level="INFO">27781</msg>
<arg>${json_data['results'][0]['location']['postcode']}</arg>
<doc>Logs the given message with the given level.</doc>
<status status="PASS" start="2024-08-07T13:19:35.133060" elapsed="0.000376"/>
</kw>
<status status="PASS" start="2024-08-07T13:19:35.040981" elapsed="0.092709"/>
</kw>
<doc>Testa se os tipos de dados na resposta da API estão corretos.</doc>
<tag>testeTiposDados</tag>
<status status="PASS" start="2024-08-07T13:19:34.850709" elapsed="0.283187"/>
</test>
<test id="s1-s1-t5" name="Validar conteudo" line="35">
<kw name="Teste de Tipos de Conteudo" owner="random-user-service">
<kw name="GET On Session" owner="RequestsLibrary">
<msg time="2024-08-07T13:19:35.217644" level="INFO">GET Request : url=https://randomuser.me/api 
 path_url=/api 
 headers={'User-Agent': 'python-requests/2.32.3', 'Accept-Encoding': 'gzip, deflate', 'Accept': '*/*', 'Connection': 'keep-alive'} 
 body=None 
 </msg>
<msg time="2024-08-07T13:19:35.217745" level="INFO">GET Response : url=https://randomuser.me/api 
 status=200, reason=OK 
 headers={'Date': 'Wed, 07 Aug 2024 13:19:35 GMT', 'Content-Type': 'application/json; charset=utf-8', 'Transfer-Encoding': 'chunked', 'Connection': 'keep-alive', 'X-Powered-By': 'Express', 'Access-Control-Allow-Origin': '*', 'Cache-Control': 'no-cache', 'ETag': 'W/"49f-+P512rowt0/K++DC0rq9+VnY0R0"', 'Vary': 'Accept-Encoding', 'Content-Encoding': 'gzip', 'CF-Cache-Status': 'DYNAMIC', 'Report-To': '{"endpoints":[{"url":"https:\\/\\/a.nel.cloudflare.com\\/report\\/v4?s=t8OG6U%2FaAyRBBDt6z1zeJVxxsUdPLnj1XUYGMT4JMVZPH2DjVRLS9Q9oya0vuzl3OarlkgeuB4Q7xOn%2FpnwYSae7iDYj84y09XLmxxdsV40w82%2FfNQLKt6vR9u5yr8qZ"}],"group":"cf-nel","max_age":604800}', 'NEL': '{"success_fraction":0,"report_to":"cf-nel","max_age":604800}', 'Server': 'cloudflare', 'CF-RAY': '8af78f249ead2d23-IAD', 'alt-svc': 'h3=":443"; ma=86400'} 
 body={"results":[{"gender":"male","name":{"title":"Mr","first":"Adonias","last":"da Cunha"},"location":{"street":{"number":3735,"name":"Rua Santa Luzia "},"city":"Catanduva","state":"Tocantins","country":"Brazil","postcode":44148,"coordinates":{"latitude":"-79.6719","longitude":"-91.3562"},"timezone":{"offset":"+3:00","description":"Baghdad, Riyadh, Moscow, St. Petersburg"}},"email":"adonias.dacunha@example.com","login":{"uuid":"0485a3f6-74da-46f8-80e9-57b86ede2f49","username":"tinymeercat435","password":"1115","salt":"Es1Nx9FI","md5":"16ff394d905c458335b0ea33f819c314","sha1":"6d035b6d126417cad63ff36c226a1098aa2c328c","sha256":"fb243406b5ad7f1b6c8a5829e8ede57ab90bae59285185197e6a85c3d9198d70"},"dob":{"date":"1970-05-12T07:58:34.072Z","age":54},"registered":{"date":"2017-01-05T15:49:45.080Z","age":7},"phone":"(49) 8919-3585","cell":"(36) 6567-1825","id":{"name":"CPF","value":"608.025.218-49"},"picture":{"large":"https://randomuser.me/api/portraits/men/55.jpg","medium":"https://randomuser.me/api/portraits/med/men/55.jpg","thumbnail":"https://randomuser.me/api/portraits/thumb/men/55.jpg"},"nat":"BR"}],"info":{"seed":"da082fb80a501335","results":1,"page":1,"version":"1.4"}} 
 </msg>
<msg time="2024-08-07T13:19:35.217823" level="INFO">/opt/hostedtoolcache/Python/3.12.4/x64/lib/python3.12/site-packages/urllib3/connectionpool.py:1099: InsecureRequestWarning: Unverified HTTPS request is being made to host 'randomuser.me'. Adding certificate verification is strongly advised. See: https://urllib3.readthedocs.io/en/latest/advanced-usage.html#tls-warnings
  warnings.warn(</msg>
<msg time="2024-08-07T13:19:35.217946" level="INFO">${response} = &lt;Response [200]&gt;</msg>
<var>${response}</var>
<arg>consultarAPI</arg>
<arg>/api</arg>
<doc>Sends a GET request on a previously created HTTP Session.</doc>
<status status="PASS" start="2024-08-07T13:19:35.136430" elapsed="0.081560"/>
</kw>
<kw name="Set Variable" owner="BuiltIn">
<msg time="2024-08-07T13:19:35.219362" level="INFO">${json_data} = {'results': [{'gender': 'male', 'name': {'title': 'Mr', 'first': 'Adonias', 'last': 'da Cunha'}, 'location': {'street': {'number': 3735, 'name': 'Rua Santa Luzia '}, 'city': 'Catanduva', 'state': 'Toc...</msg>
<var>${json_data}</var>
<arg>${response.json()}</arg>
<doc>Returns the given values which can then be assigned to a variables.</doc>
<status status="PASS" start="2024-08-07T13:19:35.218693" elapsed="0.000699"/>
</kw>
<kw name="Set Variable" owner="BuiltIn">
<msg time="2024-08-07T13:19:35.220123" level="INFO">${name_title} = Mr</msg>
<var>${name_title}</var>
<arg>${json_data["results"][0]["name"]["title"]}</arg>
<doc>Returns the given values which can then be assigned to a variables.</doc>
<status status="PASS" start="2024-08-07T13:19:35.219702" elapsed="0.000450"/>
</kw>
<kw name="Create List" owner="BuiltIn">
<msg time="2024-08-07T13:19:35.220602" level="INFO">${allowed_titles} = ['Mr', 'Ms', 'Miss', 'Mrs', 'Madame', 'Monsieur']</msg>
<var>${allowed_titles}</var>
<arg>Mr</arg>
<arg>Ms</arg>
<arg>Miss</arg>
<arg>Mrs</arg>
<arg>Madame</arg>
<arg>Monsieur</arg>
<doc>Returns a list containing given items.</doc>
<status status="PASS" start="2024-08-07T13:19:35.220452" elapsed="0.000175"/>
</kw>
<kw name="List Should Contain Value" owner="Collections">
<arg>${allowed_titles}</arg>
<arg>${name_title}</arg>
<doc>Fails if the ``value`` is not found from ``list``.</doc>
<status status="PASS" start="2024-08-07T13:19:35.220927" elapsed="0.000179"/>
</kw>
<kw name="Set Variable" owner="BuiltIn">
<msg time="2024-08-07T13:19:35.221676" level="INFO">${name_country} = BR</msg>
<var>${name_country}</var>
<arg>${json_data["results"][0]["nat"]}</arg>
<doc>Returns the given values which can then be assigned to a variables.</doc>
<status status="PASS" start="2024-08-07T13:19:35.221290" elapsed="0.000411"/>
</kw>
<kw name="Create List" owner="BuiltIn">
<msg time="2024-08-07T13:19:35.222600" level="INFO">${list_country} = ['AD', 'AE', 'AF', 'AG', 'AI', 'AL', 'AM', 'AO', 'AQ', 'AR', 'AS', 'AT', 'AU', 'AW', 'AX', 'AZ', 'BA', 'BB', 'BD', 'BE', 'BF', 'BG', 'BH', 'BI', 'BJ', 'BL', 'BM', 'BN', 'BO', 'BQ', 'BR', 'BS', 'BT', '...</msg>
<var>${list_country}</var>
<arg>AD</arg>
<arg>AE</arg>
<arg>AF</arg>
<arg>AG</arg>
<arg>AI</arg>
<arg>AL</arg>
<arg>AM</arg>
<arg>AO</arg>
<arg>AQ</arg>
<arg>AR</arg>
<arg>AS</arg>
<arg>AT</arg>
<arg>AU</arg>
<arg>AW</arg>
<arg>AX</arg>
<arg>AZ</arg>
<arg>BA</arg>
<arg>BB</arg>
<arg>BD</arg>
<arg>BE</arg>
<arg>BF</arg>
<arg>BG</arg>
<arg>BH</arg>
<arg>BI</arg>
<arg>BJ</arg>
<arg>BL</arg>
<arg>BM</arg>
<arg>BN</arg>
<arg>BO</arg>
<arg>BQ</arg>
<arg>BR</arg>
<arg>BS</arg>
<arg>BT</arg>
<arg>BV</arg>
<arg>BW</arg>
<arg>BY</arg>
<arg>BZ</arg>
<arg>CA</arg>
<arg>CC</arg>
<arg>CD</arg>
<arg>CF</arg>
<arg>CG</arg>
<arg>CH</arg>
<arg>CI</arg>
<arg>CK</arg>
<arg>CL</arg>
<arg>CM</arg>
<arg>CN</arg>
<arg>CO</arg>
<arg>CR</arg>
<arg>CU</arg>
<arg>CV</arg>
<arg>CW</arg>
<arg>CX</arg>
<arg>CY</arg>
<arg>CZ</arg>
<arg>DE</arg>
<arg>DJ</arg>
<arg>DK</arg>
<arg>DM</arg>
<arg>DO</arg>
<arg>DZ</arg>
<arg>EC</arg>
<arg>EE</arg>
<arg>EG</arg>
<arg>EH</arg>
<arg>ER</arg>
<arg>ES</arg>
<arg>ET</arg>
<arg>FI</arg>
<arg>FJ</arg>
<arg>FK</arg>
<arg>FM</arg>
<arg>FO</arg>
<arg>FR</arg>
<arg>GA</arg>
<arg>GB</arg>
<arg>GD</arg>
<arg>GE</arg>
<arg>GF</arg>
<arg>GG</arg>
<arg>GH</arg>
<arg>GI</arg>
<arg>GL</arg>
<arg>GM</arg>
<arg>GN</arg>
<arg>GP</arg>
<arg>GQ</arg>
<arg>GR</arg>
<arg>GS</arg>
<arg>GT</arg>
<arg>GU</arg>
<arg>GW</arg>
<arg>GY</arg>
<arg>HK</arg>
<arg>HM</arg>
<arg>HN</arg>
<arg>HR</arg>
<arg>HT</arg>
<arg>HU</arg>
<arg>ID</arg>
<arg>IE</arg>
<arg>IL</arg>
<arg>IM</arg>
<arg>IN</arg>
<arg>IO</arg>
<arg>IQ</arg>
<arg>IR</arg>
<arg>IS</arg>
<arg>IT</arg>
<arg>JE</arg>
<arg>JM</arg>
<arg>JO</arg>
<arg>JP</arg>
<arg>KE</arg>
<arg>KG</arg>
<arg>KH</arg>
<arg>KI</arg>
<arg>KM</arg>
<arg>KN</arg>
<arg>KP</arg>
<arg>KR</arg>
<arg>KW</arg>
<arg>KY</arg>
<arg>KZ</arg>
<arg>LA</arg>
<arg>LB</arg>
<arg>LC</arg>
<arg>LI</arg>
<arg>LK</arg>
<arg>LR</arg>
<arg>LS</arg>
<arg>LT</arg>
<arg>LU</arg>
<arg>LV</arg>
<arg>LY</arg>
<arg>MA</arg>
<arg>MC</arg>
<arg>MD</arg>
<arg>ME</arg>
<arg>MF</arg>
<arg>MG</arg>
<arg>MH</arg>
<arg>MK</arg>
<arg>ML</arg>
<arg>MM</arg>
<arg>MN</arg>
<arg>MO</arg>
<arg>MP</arg>
<arg>MQ</arg>
<arg>MR</arg>
<arg>MS</arg>
<arg>MT</arg>
<arg>MU</arg>
<arg>MV</arg>
<arg>MW</arg>
<arg>MX</arg>
<arg>MY</arg>
<arg>MZ</arg>
<arg>NA</arg>
<arg>NC</arg>
<arg>NE</arg>
<arg>NF</arg>
<arg>NG</arg>
<arg>NI</arg>
<arg>NL</arg>
<arg>NO</arg>
<arg>NP</arg>
<arg>NR</arg>
<arg>NU</arg>
<arg>NZ</arg>
<arg>OM</arg>
<arg>PA</arg>
<arg>PE</arg>
<arg>PF</arg>
<arg>PG</arg>
<arg>PH</arg>
<arg>PK</arg>
<arg>PL</arg>
<arg>PM</arg>
<arg>PN</arg>
<arg>PR</arg>
<arg>PS</arg>
<arg>PT</arg>
<arg>PW</arg>
<arg>PY</arg>
<arg>QA</arg>
<arg>RE</arg>
<arg>RO</arg>
<arg>RS</arg>
<arg>RU</arg>
<arg>RW</arg>
<arg>SA</arg>
<arg>SB</arg>
<arg>SC</arg>
<arg>SD</arg>
<arg>SE</arg>
<arg>SG</arg>
<arg>SH</arg>
<arg>SI</arg>
<arg>SJ</arg>
<arg>SK</arg>
<arg>SL</arg>
<arg>SM</arg>
<arg>SN</arg>
<arg>SO</arg>
<arg>SR</arg>
<arg>SS</arg>
<arg>ST</arg>
<arg>SV</arg>
<arg>SX</arg>
<arg>SY</arg>
<arg>SZ</arg>
<arg>TC</arg>
<arg>TD</arg>
<arg>TF</arg>
<arg>TG</arg>
<arg>TH</arg>
<arg>TJ</arg>
<arg>TK</arg>
<arg>TL</arg>
<arg>TM</arg>
<arg>TN</arg>
<arg>TO</arg>
<arg>TR</arg>
<arg>TT</arg>
<arg>TV</arg>
<arg>TW</arg>
<arg>TZ</arg>
<arg>UA</arg>
<arg>UG</arg>
<arg>UM</arg>
<arg>US</arg>
<arg>UY</arg>
<arg>UZ</arg>
<arg>VA</arg>
<arg>VC</arg>
<arg>VE</arg>
<arg>VG</arg>
<arg>VI</arg>
<arg>VN</arg>
<arg>VU</arg>
<arg>WF</arg>
<arg>WS</arg>
<arg>XK</arg>
<arg>YE</arg>
<arg>YT</arg>
<arg>ZA</arg>
<arg>ZM</arg>
<arg>ZW</arg>
<doc>Returns a list containing given items.</doc>
<status status="PASS" start="2024-08-07T13:19:35.221997" elapsed="0.000629"/>
</kw>
<kw name="List Should Contain Value" owner="Collections">
<arg>${list_country}</arg>
<arg>${name_country}</arg>
<doc>Fails if the ``value`` is not found from ``list``.</doc>
<status status="PASS" start="2024-08-07T13:19:35.223623" elapsed="0.000210"/>
</kw>
<kw name="Run Keyword If" owner="BuiltIn">
<kw name="Should Be True" owner="BuiltIn">
<arg>${True}</arg>
<doc>Fails if the given condition is not true.</doc>
<status status="PASS" start="2024-08-07T13:19:35.224811" elapsed="0.000143"/>
</kw>
<arg>${json_data["results"][0]["location"]["coordinates"]["latitude"]} &gt;= -90 and ${json_data["results"][0]["location"]["coordinates"]["latitude"]} &lt;= 90</arg>
<arg>Should Be True</arg>
<arg>${True}</arg>
<doc>Runs the given keyword with the given arguments, if ``condition`` is true.</doc>
<status status="PASS" start="2024-08-07T13:19:35.224031" elapsed="0.001049"/>
</kw>
<kw name="Run Keyword If" owner="BuiltIn">
<kw name="Should Be True" owner="BuiltIn">
<arg>${True}</arg>
<doc>Fails if the given condition is not true.</doc>
<status status="PASS" start="2024-08-07T13:19:35.225945" elapsed="0.000135"/>
</kw>
<arg>${json_data["results"][0]["location"]["coordinates"]["longitude"]} &gt;= -180 and ${json_data["results"][0]["location"]["coordinates"]["longitude"]} &lt;= 180</arg>
<arg>Should Be True</arg>
<arg>${True}</arg>
<doc>Runs the given keyword with the given arguments, if ``condition`` is true.</doc>
<status status="PASS" start="2024-08-07T13:19:35.225258" elapsed="0.000943"/>
</kw>
<status status="PASS" start="2024-08-07T13:19:35.136200" elapsed="0.090133"/>
</kw>
<doc>Testa o conteúdo específico dos campos retornados pela API.</doc>
<tag>testeConteudo</tag>
<status status="PASS" start="2024-08-07T13:19:35.135625" elapsed="0.090859"/>
</test>
<status status="PASS" start="2024-08-07T13:19:32.484345" elapsed="2.744170"/>
</suite>
<status status="PASS" start="2024-08-07T13:19:32.469618" elapsed="2.764053"/>
</suite>
<statistics>
<total>
<stat pass="5" fail="0" skip="0">All Tests</stat>
</total>
<tag>
<stat pass="1" fail="0" skip="0">testeConteudo</stat>
<stat pass="1" fail="0" skip="0">testeEstruturaResposta</stat>
<stat pass="1" fail="0" skip="0">testeRequisicaoBasica</stat>
<stat pass="1" fail="0" skip="0">testeTiposDados</stat>
</tag>
<suite>
<stat pass="5" fail="0" skip="0" id="s1" name="Tests">Tests</stat>
<stat pass="5" fail="0" skip="0" id="s1-s1" name="Random-User-Test">Tests.Random-User-Test</stat>
</suite>
</statistics>
<errors>
</errors>
</robot>
