<?xml version="1.0" encoding="UTF-8"?>
<robot generator="Robot 7.0 (Python 3.12.3 on linux)" generated="2024-06-07T11:13:48.809684" rpa="false" schemaversion="5">
<suite id="s1" name="Tests" source="/home/runner/work/ApiRandomUser/ApiRandomUser/RamdonUser/tests">
<suite id="s1-s1" name="Random-User-Test" source="/home/runner/work/ApiRandomUser/ApiRandomUser/RamdonUser/tests/random-user-test.robot">
<test id="s1-s1-t1" name="Conectar" line="13">
<kw name="Conectar API" owner="random-user-service">
<kw name="Create Session" owner="RequestsLibrary">
<msg time="2024-06-07T11:13:49.193923" level="INFO">Creating Session using : alias=consultarAPI, url=https://randomuser.me/, headers={},                     cookies={}, auth=None, timeout=None, proxies=None, verify=False,                     debug=0 </msg>
<arg>consultarAPI</arg>
<arg>${URL}</arg>
<doc>Create Session: create a HTTP session to a server</doc>
<status status="PASS" start="2024-06-07T11:13:49.193709" elapsed="0.000404"/>
</kw>
<status status="PASS" start="2024-06-07T11:13:49.192599" elapsed="0.001880"/>
</kw>
<status status="PASS" start="2024-06-07T11:13:49.192063" elapsed="0.002612"/>
</test>
<test id="s1-s1-t2" name="Validar retorno 200 e JSON Válido" line="16">
<kw name="Teste de Requisicao Basica" owner="random-user-service">
<kw name="GET On Session" owner="RequestsLibrary">
<msg time="2024-06-07T11:13:49.502314" level="INFO">GET Request : url=https://randomuser.me/api 
 path_url=/api 
 headers={'User-Agent': 'python-requests/2.32.3', 'Accept-Encoding': 'gzip, deflate', 'Accept': '*/*', 'Connection': 'keep-alive'} 
 body=None 
 </msg>
<msg time="2024-06-07T11:13:49.502478" level="INFO">GET Response : url=https://randomuser.me/api 
 status=200, reason=OK 
 headers={'Date': 'Fri, 07 Jun 2024 11:13:49 GMT', 'Content-Type': 'application/json; charset=utf-8', 'Transfer-Encoding': 'chunked', 'Connection': 'keep-alive', 'X-Powered-By': 'Express', 'Access-Control-Allow-Origin': '*', 'Cache-Control': 'no-cache', 'ETag': 'W/"48c-tc/rxKQ1CnJdF3a+nq0I2v6wjXQ"', 'Vary': 'Accept-Encoding', 'Content-Encoding': 'gzip', 'CF-Cache-Status': 'DYNAMIC', 'Report-To': '{"endpoints":[{"url":"https:\\/\\/a.nel.cloudflare.com\\/report\\/v4?s=wl%2BycESlIh3IgGc40qmvL48k7ecXGC9%2B34vla7LB1vuvtN6WEbTUkLDifze0vSW6jHb1RY6fNq3oRXtfjsl6f%2Bc6naAykMnAU9o1dGNNC0ybbCiR3wQJI9vVe9dXmbxa"}],"group":"cf-nel","max_age":604800}', 'NEL': '{"success_fraction":0,"report_to":"cf-nel","max_age":604800}', 'Server': 'cloudflare', 'CF-RAY': '8900370aac02969f-SJC', 'alt-svc': 'h3=":443"; ma=86400'} 
 body={"results":[{"gender":"female","name":{"title":"Miss","first":"Josefine","last":"Fossmark"},"location":{"street":{"number":3855,"name":"Rødtvetveien"},"city":"Bergsåsen","state":"Vest-Agder","country":"Norway","postcode":"6804","coordinates":{"latitude":"39.9747","longitude":"123.2981"},"timezone":{"offset":"-12:00","description":"Eniwetok, Kwajalein"}},"email":"josefine.fossmark@example.com","login":{"uuid":"73006b0e-ee2c-441b-91f9-58d064c69371","username":"organicfrog599","password":"weather","salt":"5jXqeRLh","md5":"0f3c2548220c5c3391dbae7e22aa8e63","sha1":"7b01fc2d499be9f2b35ae41759f82c71ecacfcb3","sha256":"e3077cb8ddc93c59bf702976b3710f2c09640de75c4b282014dd634aaebe5413"},"dob":{"date":"1991-08-17T14:53:19.795Z","age":32},"registered":{"date":"2003-05-06T05:36:28.700Z","age":21},"phone":"37351402","cell":"44814851","id":{"name":"FN","value":"17089127629"},"picture":{"large":"https://randomuser.me/api/portraits/women/37.jpg","medium":"https://randomuser.me/api/portraits/med/women/37.jpg","thumbnail":"https://randomuser.me/api/portraits/thumb/women/37.jpg"},"nat":"NO"}],"info":{"seed":"74626a12b13c9c42","results":1,"page":1,"version":"1.4"}} 
 </msg>
<msg time="2024-06-07T11:13:49.502570" level="INFO">/opt/hostedtoolcache/Python/3.12.3/x64/lib/python3.12/site-packages/urllib3/connectionpool.py:1103: InsecureRequestWarning: Unverified HTTPS request is being made to host 'randomuser.me'. Adding certificate verification is strongly advised. See: https://urllib3.readthedocs.io/en/latest/advanced-usage.html#tls-warnings
  warnings.warn(</msg>
<msg time="2024-06-07T11:13:49.502742" level="INFO">${response} = &lt;Response [200]&gt;</msg>
<var>${response}</var>
<arg>consultarAPI</arg>
<arg>/api</arg>
<doc>Sends a GET request on a previously created HTTP Session.</doc>
<status status="PASS" start="2024-06-07T11:13:49.197283" elapsed="0.305506"/>
</kw>
<kw name="Should Be Equal As Numbers" owner="BuiltIn">
<msg time="2024-06-07T11:13:49.503823" level="INFO">Argument types are:
&lt;class 'int'&gt;
&lt;class 'str'&gt;</msg>
<arg>${response.status_code}</arg>
<arg>200</arg>
<doc>Fails if objects are unequal after converting them to real numbers.</doc>
<status status="PASS" start="2024-06-07T11:13:49.503335" elapsed="0.000556"/>
</kw>
<kw name="Log" owner="BuiltIn">
<msg time="2024-06-07T11:13:49.504602" level="INFO">200</msg>
<arg>${response.status_code}</arg>
<doc>Logs the given message with the given level.</doc>
<status status="PASS" start="2024-06-07T11:13:49.504240" elapsed="0.000414"/>
</kw>
<kw name="Set Variable" owner="BuiltIn">
<msg time="2024-06-07T11:13:49.505468" level="INFO">${json_data} = {'results': [{'gender': 'female', 'name': {'title': 'Miss', 'first': 'Josefine', 'last': 'Fossmark'}, 'location': {'street': {'number': 3855, 'name': 'Rødtvetveien'}, 'city': 'Bergsåsen', 'state': 'Ve...</msg>
<var>${json_data}</var>
<arg>${response.json()}</arg>
<doc>Returns the given values which can then be assigned to a variables.</doc>
<status status="PASS" start="2024-06-07T11:13:49.504964" elapsed="0.000535"/>
</kw>
<kw name="Dictionary Should Contain Key" owner="Collections">
<msg time="2024-06-07T11:13:49.505983" level="INFO">False</msg>
<arg>${json_data}</arg>
<arg>results</arg>
<doc>Fails if ``key`` is not found from ``dictionary``.</doc>
<status status="PASS" start="2024-06-07T11:13:49.505811" elapsed="0.000214"/>
</kw>
<status status="PASS" start="2024-06-07T11:13:49.197033" elapsed="0.309261"/>
</kw>
<doc>Testa se a API responde corretamente e retorna um objeto JSON válido.</doc>
<tag>testeRequisicaoBasica</tag>
<status status="PASS" start="2024-06-07T11:13:49.196565" elapsed="0.309924"/>
</test>
<test id="s1-s1-t3" name="Validar estrutura de resposta" line="22">
<kw name="Teste de Estrutura de Resposta" owner="random-user-service">
<kw name="GET On Session" owner="RequestsLibrary">
<msg time="2024-06-07T11:13:49.605651" level="INFO">GET Request : url=https://randomuser.me/api 
 path_url=/api 
 headers={'User-Agent': 'python-requests/2.32.3', 'Accept-Encoding': 'gzip, deflate', 'Accept': '*/*', 'Connection': 'keep-alive'} 
 body=None 
 </msg>
<msg time="2024-06-07T11:13:49.605761" level="INFO">GET Response : url=https://randomuser.me/api 
 status=200, reason=OK 
 headers={'Date': 'Fri, 07 Jun 2024 11:13:49 GMT', 'Content-Type': 'application/json; charset=utf-8', 'Transfer-Encoding': 'chunked', 'Connection': 'keep-alive', 'X-Powered-By': 'Express', 'Access-Control-Allow-Origin': '*', 'Cache-Control': 'no-cache', 'ETag': 'W/"475-gi6RrmleVL3hmQvftae7T4ETFoQ"', 'Vary': 'Accept-Encoding', 'Content-Encoding': 'gzip', 'CF-Cache-Status': 'DYNAMIC', 'Report-To': '{"endpoints":[{"url":"https:\\/\\/a.nel.cloudflare.com\\/report\\/v4?s=tfb8uu50Y2GOi3USPLYlZkL3M89LYoeUne39nP5SKemcg6CTeNH%2Fp80IkRyR90al4mjg9rglyXZsXrSonsD5r5YY0IqSfrHlU8zL3hRoloJVuCx1L18vO6fo7AcLTtv8"}],"group":"cf-nel","max_age":604800}', 'NEL': '{"success_fraction":0,"report_to":"cf-nel","max_age":604800}', 'Server': 'cloudflare', 'CF-RAY': '8900370c7cbc969f-SJC', 'alt-svc': 'h3=":443"; ma=86400'} 
 body={"results":[{"gender":"female","name":{"title":"Ms","first":"Hannah","last":"King"},"location":{"street":{"number":800,"name":"Main South Road"},"city":"Hastings","state":"Southland","country":"New Zealand","postcode":53396,"coordinates":{"latitude":"49.5677","longitude":"52.0401"},"timezone":{"offset":"-2:00","description":"Mid-Atlantic"}},"email":"hannah.king@example.com","login":{"uuid":"55d6174a-7578-46ee-adc5-1a38f30a50bd","username":"greencat664","password":"santana","salt":"vEIA56PZ","md5":"641806980dbd88d41dd7535216d50161","sha1":"40be4eee4fe4c1a508ec0802fab65bccfb9cdcb3","sha256":"c92a48c57eb382e35886d313d3ed13373a5583a92dd1dc9d6723855eebcb742d"},"dob":{"date":"1956-04-02T09:00:46.787Z","age":68},"registered":{"date":"2012-09-22T06:26:35.690Z","age":11},"phone":"(106)-307-8798","cell":"(175)-263-9343","id":{"name":"","value":null},"picture":{"large":"https://randomuser.me/api/portraits/women/94.jpg","medium":"https://randomuser.me/api/portraits/med/women/94.jpg","thumbnail":"https://randomuser.me/api/portraits/thumb/women/94.jpg"},"nat":"NZ"}],"info":{"seed":"5992b2211e272036","results":1,"page":1,"version":"1.4"}} 
 </msg>
<msg time="2024-06-07T11:13:49.605934" level="INFO">/opt/hostedtoolcache/Python/3.12.3/x64/lib/python3.12/site-packages/urllib3/connectionpool.py:1103: InsecureRequestWarning: Unverified HTTPS request is being made to host 'randomuser.me'. Adding certificate verification is strongly advised. See: https://urllib3.readthedocs.io/en/latest/advanced-usage.html#tls-warnings
  warnings.warn(</msg>
<msg time="2024-06-07T11:13:49.606101" level="INFO">${response} = &lt;Response [200]&gt;</msg>
<var>${response}</var>
<arg>consultarAPI</arg>
<arg>/api</arg>
<doc>Sends a GET request on a previously created HTTP Session.</doc>
<status status="PASS" start="2024-06-07T11:13:49.509282" elapsed="0.096874"/>
</kw>
<kw name="Set Variable" owner="BuiltIn">
<msg time="2024-06-07T11:13:49.607339" level="INFO">${json_data} = {'results': [{'gender': 'female', 'name': {'title': 'Ms', 'first': 'Hannah', 'last': 'King'}, 'location': {'street': {'number': 800, 'name': 'Main South Road'}, 'city': 'Hastings', 'state': 'Southland...</msg>
<var>${json_data}</var>
<arg>${response.json()}</arg>
<doc>Returns the given values which can then be assigned to a variables.</doc>
<status status="PASS" start="2024-06-07T11:13:49.606790" elapsed="0.000579"/>
</kw>
<kw name="Log" owner="BuiltIn">
<msg time="2024-06-07T11:13:49.607857" level="INFO">{'results': [{'gender': 'female', 'name': {'title': 'Ms', 'first': 'Hannah', 'last': 'King'}, 'location': {'street': {'number': 800, 'name': 'Main South Road'}, 'city': 'Hastings', 'state': 'Southland', 'country': 'New Zealand', 'postcode': 53396, 'coordinates': {'latitude': '49.5677', 'longitude': '52.0401'}, 'timezone': {'offset': '-2:00', 'description': 'Mid-Atlantic'}}, 'email': 'hannah.king@example.com', 'login': {'uuid': '55d6174a-7578-46ee-adc5-1a38f30a50bd', 'username': 'greencat664', 'password': 'santana', 'salt': 'vEIA56PZ', 'md5': '641806980dbd88d41dd7535216d50161', 'sha1': '40be4eee4fe4c1a508ec0802fab65bccfb9cdcb3', 'sha256': 'c92a48c57eb382e35886d313d3ed13373a5583a92dd1dc9d6723855eebcb742d'}, 'dob': {'date': '1956-04-02T09:00:46.787Z', 'age': 68}, 'registered': {'date': '2012-09-22T06:26:35.690Z', 'age': 11}, 'phone': '(106)-307-8798', 'cell': '(175)-263-9343', 'id': {'name': '', 'value': None}, 'picture': {'large': 'https://randomuser.me/api/portraits/women/94.jpg', 'medium': 'https://randomuser.me/api/portraits/med/women/94.jpg', 'thumbnail': 'https://randomuser.me/api/portraits/thumb/women/94.jpg'}, 'nat': 'NZ'}], 'info': {'seed': '5992b2211e272036', 'results': 1, 'page': 1, 'version': '1.4'}}</msg>
<arg>${json_data}</arg>
<doc>Logs the given message with the given level.</doc>
<status status="PASS" start="2024-06-07T11:13:49.607693" elapsed="0.000215"/>
</kw>
<kw name="Dictionary Should Contain Key" owner="Collections">
<msg time="2024-06-07T11:13:49.608380" level="INFO">False</msg>
<arg>${json_data}</arg>
<arg>results</arg>
<doc>Fails if ``key`` is not found from ``dictionary``.</doc>
<status status="PASS" start="2024-06-07T11:13:49.608216" elapsed="0.000204"/>
</kw>
<kw name="Should Not Be Empty" owner="BuiltIn">
<msg time="2024-06-07T11:13:49.608861" level="INFO">Length is 2.</msg>
<arg>${json_data}</arg>
<doc>Verifies that the given item is not empty.</doc>
<status status="PASS" start="2024-06-07T11:13:49.608723" elapsed="0.000177"/>
</kw>
<kw name="Create List" owner="BuiltIn">
<msg time="2024-06-07T11:13:49.609396" level="INFO">${expected_keys} = ['gender', 'name', 'location', 'email', 'login']</msg>
<var>${expected_keys}</var>
<arg>gender</arg>
<arg>name</arg>
<arg>location</arg>
<arg>email</arg>
<arg>login</arg>
<doc>Returns a list containing given items.</doc>
<status status="PASS" start="2024-06-07T11:13:49.609243" elapsed="0.000177"/>
</kw>
<for flavor="IN">
<iter>
<kw name="Dictionary Should Contain Key" owner="Collections">
<msg time="2024-06-07T11:13:49.610426" level="INFO">False</msg>
<arg>${json_data['results'][0]}</arg>
<arg>${key}</arg>
<doc>Fails if ``key`` is not found from ``dictionary``.</doc>
<status status="PASS" start="2024-06-07T11:13:49.610021" elapsed="0.000444"/>
</kw>
<kw name="Log" owner="BuiltIn">
<msg time="2024-06-07T11:13:49.611152" level="INFO">{'gender': 'female', 'name': {'title': 'Ms', 'first': 'Hannah', 'last': 'King'}, 'location': {'street': {'number': 800, 'name': 'Main South Road'}, 'city': 'Hastings', 'state': 'Southland', 'country': 'New Zealand', 'postcode': 53396, 'coordinates': {'latitude': '49.5677', 'longitude': '52.0401'}, 'timezone': {'offset': '-2:00', 'description': 'Mid-Atlantic'}}, 'email': 'hannah.king@example.com', 'login': {'uuid': '55d6174a-7578-46ee-adc5-1a38f30a50bd', 'username': 'greencat664', 'password': 'santana', 'salt': 'vEIA56PZ', 'md5': '641806980dbd88d41dd7535216d50161', 'sha1': '40be4eee4fe4c1a508ec0802fab65bccfb9cdcb3', 'sha256': 'c92a48c57eb382e35886d313d3ed13373a5583a92dd1dc9d6723855eebcb742d'}, 'dob': {'date': '1956-04-02T09:00:46.787Z', 'age': 68}, 'registered': {'date': '2012-09-22T06:26:35.690Z', 'age': 11}, 'phone': '(106)-307-8798', 'cell': '(175)-263-9343', 'id': {'name': '', 'value': None}, 'picture': {'large': 'https://randomuser.me/api/portraits/women/94.jpg', 'medium': 'https://randomuser.me/api/portraits/med/women/94.jpg', 'thumbnail': 'https://randomuser.me/api/portraits/thumb/women/94.jpg'}, 'nat': 'NZ'}</msg>
<arg>${json_data['results'][0]}</arg>
<doc>Logs the given message with the given level.</doc>
<status status="PASS" start="2024-06-07T11:13:49.610773" elapsed="0.000428"/>
</kw>
<kw name="Log" owner="BuiltIn">
<msg time="2024-06-07T11:13:49.611638" level="INFO">gender</msg>
<arg>${key}</arg>
<doc>Logs the given message with the given level.</doc>
<status status="PASS" start="2024-06-07T11:13:49.611507" elapsed="0.000169"/>
</kw>
<var name="${key}">gender</var>
<status status="PASS" start="2024-06-07T11:13:49.609891" elapsed="0.002004"/>
</iter>
<iter>
<kw name="Dictionary Should Contain Key" owner="Collections">
<msg time="2024-06-07T11:13:49.612591" level="INFO">False</msg>
<arg>${json_data['results'][0]}</arg>
<arg>${key}</arg>
<doc>Fails if ``key`` is not found from ``dictionary``.</doc>
<status status="PASS" start="2024-06-07T11:13:49.612203" elapsed="0.000426"/>
</kw>
<kw name="Log" owner="BuiltIn">
<msg time="2024-06-07T11:13:49.613350" level="INFO">{'gender': 'female', 'name': {'title': 'Ms', 'first': 'Hannah', 'last': 'King'}, 'location': {'street': {'number': 800, 'name': 'Main South Road'}, 'city': 'Hastings', 'state': 'Southland', 'country': 'New Zealand', 'postcode': 53396, 'coordinates': {'latitude': '49.5677', 'longitude': '52.0401'}, 'timezone': {'offset': '-2:00', 'description': 'Mid-Atlantic'}}, 'email': 'hannah.king@example.com', 'login': {'uuid': '55d6174a-7578-46ee-adc5-1a38f30a50bd', 'username': 'greencat664', 'password': 'santana', 'salt': 'vEIA56PZ', 'md5': '641806980dbd88d41dd7535216d50161', 'sha1': '40be4eee4fe4c1a508ec0802fab65bccfb9cdcb3', 'sha256': 'c92a48c57eb382e35886d313d3ed13373a5583a92dd1dc9d6723855eebcb742d'}, 'dob': {'date': '1956-04-02T09:00:46.787Z', 'age': 68}, 'registered': {'date': '2012-09-22T06:26:35.690Z', 'age': 11}, 'phone': '(106)-307-8798', 'cell': '(175)-263-9343', 'id': {'name': '', 'value': None}, 'picture': {'large': 'https://randomuser.me/api/portraits/women/94.jpg', 'medium': 'https://randomuser.me/api/portraits/med/women/94.jpg', 'thumbnail': 'https://randomuser.me/api/portraits/thumb/women/94.jpg'}, 'nat': 'NZ'}</msg>
<arg>${json_data['results'][0]}</arg>
<doc>Logs the given message with the given level.</doc>
<status status="PASS" start="2024-06-07T11:13:49.612955" elapsed="0.000446"/>
</kw>
<kw name="Log" owner="BuiltIn">
<msg time="2024-06-07T11:13:49.613834" level="INFO">name</msg>
<arg>${key}</arg>
<doc>Logs the given message with the given level.</doc>
<status status="PASS" start="2024-06-07T11:13:49.613704" elapsed="0.000168"/>
</kw>
<var name="${key}">name</var>
<status status="PASS" start="2024-06-07T11:13:49.612088" elapsed="0.002006"/>
</iter>
<iter>
<kw name="Dictionary Should Contain Key" owner="Collections">
<msg time="2024-06-07T11:13:49.614773" level="INFO">False</msg>
<arg>${json_data['results'][0]}</arg>
<arg>${key}</arg>
<doc>Fails if ``key`` is not found from ``dictionary``.</doc>
<status status="PASS" start="2024-06-07T11:13:49.614395" elapsed="0.000416"/>
</kw>
<kw name="Log" owner="BuiltIn">
<msg time="2024-06-07T11:13:49.615470" level="INFO">{'gender': 'female', 'name': {'title': 'Ms', 'first': 'Hannah', 'last': 'King'}, 'location': {'street': {'number': 800, 'name': 'Main South Road'}, 'city': 'Hastings', 'state': 'Southland', 'country': 'New Zealand', 'postcode': 53396, 'coordinates': {'latitude': '49.5677', 'longitude': '52.0401'}, 'timezone': {'offset': '-2:00', 'description': 'Mid-Atlantic'}}, 'email': 'hannah.king@example.com', 'login': {'uuid': '55d6174a-7578-46ee-adc5-1a38f30a50bd', 'username': 'greencat664', 'password': 'santana', 'salt': 'vEIA56PZ', 'md5': '641806980dbd88d41dd7535216d50161', 'sha1': '40be4eee4fe4c1a508ec0802fab65bccfb9cdcb3', 'sha256': 'c92a48c57eb382e35886d313d3ed13373a5583a92dd1dc9d6723855eebcb742d'}, 'dob': {'date': '1956-04-02T09:00:46.787Z', 'age': 68}, 'registered': {'date': '2012-09-22T06:26:35.690Z', 'age': 11}, 'phone': '(106)-307-8798', 'cell': '(175)-263-9343', 'id': {'name': '', 'value': None}, 'picture': {'large': 'https://randomuser.me/api/portraits/women/94.jpg', 'medium': 'https://randomuser.me/api/portraits/med/women/94.jpg', 'thumbnail': 'https://randomuser.me/api/portraits/thumb/women/94.jpg'}, 'nat': 'NZ'}</msg>
<arg>${json_data['results'][0]}</arg>
<doc>Logs the given message with the given level.</doc>
<status status="PASS" start="2024-06-07T11:13:49.615108" elapsed="0.000412"/>
</kw>
<kw name="Log" owner="BuiltIn">
<msg time="2024-06-07T11:13:49.615945" level="INFO">location</msg>
<arg>${key}</arg>
<doc>Logs the given message with the given level.</doc>
<status status="PASS" start="2024-06-07T11:13:49.615819" elapsed="0.000170"/>
</kw>
<var name="${key}">location</var>
<status status="PASS" start="2024-06-07T11:13:49.614276" elapsed="0.001930"/>
</iter>
<iter>
<kw name="Dictionary Should Contain Key" owner="Collections">
<msg time="2024-06-07T11:13:49.616885" level="INFO">False</msg>
<arg>${json_data['results'][0]}</arg>
<arg>${key}</arg>
<doc>Fails if ``key`` is not found from ``dictionary``.</doc>
<status status="PASS" start="2024-06-07T11:13:49.616497" elapsed="0.000431"/>
</kw>
<kw name="Log" owner="BuiltIn">
<msg time="2024-06-07T11:13:49.617655" level="INFO">{'gender': 'female', 'name': {'title': 'Ms', 'first': 'Hannah', 'last': 'King'}, 'location': {'street': {'number': 800, 'name': 'Main South Road'}, 'city': 'Hastings', 'state': 'Southland', 'country': 'New Zealand', 'postcode': 53396, 'coordinates': {'latitude': '49.5677', 'longitude': '52.0401'}, 'timezone': {'offset': '-2:00', 'description': 'Mid-Atlantic'}}, 'email': 'hannah.king@example.com', 'login': {'uuid': '55d6174a-7578-46ee-adc5-1a38f30a50bd', 'username': 'greencat664', 'password': 'santana', 'salt': 'vEIA56PZ', 'md5': '641806980dbd88d41dd7535216d50161', 'sha1': '40be4eee4fe4c1a508ec0802fab65bccfb9cdcb3', 'sha256': 'c92a48c57eb382e35886d313d3ed13373a5583a92dd1dc9d6723855eebcb742d'}, 'dob': {'date': '1956-04-02T09:00:46.787Z', 'age': 68}, 'registered': {'date': '2012-09-22T06:26:35.690Z', 'age': 11}, 'phone': '(106)-307-8798', 'cell': '(175)-263-9343', 'id': {'name': '', 'value': None}, 'picture': {'large': 'https://randomuser.me/api/portraits/women/94.jpg', 'medium': 'https://randomuser.me/api/portraits/med/women/94.jpg', 'thumbnail': 'https://randomuser.me/api/portraits/thumb/women/94.jpg'}, 'nat': 'NZ'}</msg>
<arg>${json_data['results'][0]}</arg>
<doc>Logs the given message with the given level.</doc>
<status status="PASS" start="2024-06-07T11:13:49.617284" elapsed="0.000421"/>
</kw>
<kw name="Log" owner="BuiltIn">
<msg time="2024-06-07T11:13:49.618128" level="INFO">email</msg>
<arg>${key}</arg>
<doc>Logs the given message with the given level.</doc>
<status status="PASS" start="2024-06-07T11:13:49.618000" elapsed="0.000166"/>
</kw>
<var name="${key}">email</var>
<status status="PASS" start="2024-06-07T11:13:49.616385" elapsed="0.001999"/>
</iter>
<iter>
<kw name="Dictionary Should Contain Key" owner="Collections">
<msg time="2024-06-07T11:13:49.619050" level="INFO">False</msg>
<arg>${json_data['results'][0]}</arg>
<arg>${key}</arg>
<doc>Fails if ``key`` is not found from ``dictionary``.</doc>
<status status="PASS" start="2024-06-07T11:13:49.618671" elapsed="0.000416"/>
</kw>
<kw name="Log" owner="BuiltIn">
<msg time="2024-06-07T11:13:49.619729" level="INFO">{'gender': 'female', 'name': {'title': 'Ms', 'first': 'Hannah', 'last': 'King'}, 'location': {'street': {'number': 800, 'name': 'Main South Road'}, 'city': 'Hastings', 'state': 'Southland', 'country': 'New Zealand', 'postcode': 53396, 'coordinates': {'latitude': '49.5677', 'longitude': '52.0401'}, 'timezone': {'offset': '-2:00', 'description': 'Mid-Atlantic'}}, 'email': 'hannah.king@example.com', 'login': {'uuid': '55d6174a-7578-46ee-adc5-1a38f30a50bd', 'username': 'greencat664', 'password': 'santana', 'salt': 'vEIA56PZ', 'md5': '641806980dbd88d41dd7535216d50161', 'sha1': '40be4eee4fe4c1a508ec0802fab65bccfb9cdcb3', 'sha256': 'c92a48c57eb382e35886d313d3ed13373a5583a92dd1dc9d6723855eebcb742d'}, 'dob': {'date': '1956-04-02T09:00:46.787Z', 'age': 68}, 'registered': {'date': '2012-09-22T06:26:35.690Z', 'age': 11}, 'phone': '(106)-307-8798', 'cell': '(175)-263-9343', 'id': {'name': '', 'value': None}, 'picture': {'large': 'https://randomuser.me/api/portraits/women/94.jpg', 'medium': 'https://randomuser.me/api/portraits/med/women/94.jpg', 'thumbnail': 'https://randomuser.me/api/portraits/thumb/women/94.jpg'}, 'nat': 'NZ'}</msg>
<arg>${json_data['results'][0]}</arg>
<doc>Logs the given message with the given level.</doc>
<status status="PASS" start="2024-06-07T11:13:49.619381" elapsed="0.000397"/>
</kw>
<kw name="Log" owner="BuiltIn">
<msg time="2024-06-07T11:13:49.620205" level="INFO">login</msg>
<arg>${key}</arg>
<doc>Logs the given message with the given level.</doc>
<status status="PASS" start="2024-06-07T11:13:49.620075" elapsed="0.000169"/>
</kw>
<var name="${key}">login</var>
<status status="PASS" start="2024-06-07T11:13:49.618560" elapsed="0.001911"/>
</iter>
<var>${key}</var>
<value>@{expected_keys}</value>
<status status="PASS" start="2024-06-07T11:13:49.609690" elapsed="0.010904"/>
</for>
<kw name="Create List" owner="BuiltIn">
<msg time="2024-06-07T11:13:49.620989" level="INFO">${expected_keysTwo} = ['username', 'password']</msg>
<var>${expected_keysTwo}</var>
<arg>username</arg>
<arg>password</arg>
<doc>Returns a list containing given items.</doc>
<status status="PASS" start="2024-06-07T11:13:49.620843" elapsed="0.000192"/>
</kw>
<for flavor="IN">
<iter>
<kw name="Dictionary Should Contain Key" owner="Collections">
<msg time="2024-06-07T11:13:49.622052" level="INFO">False</msg>
<arg>${json_data['results'][0]['login']}</arg>
<arg>${keyTwo}</arg>
<doc>Fails if ``key`` is not found from ``dictionary``.</doc>
<status status="PASS" start="2024-06-07T11:13:49.621557" elapsed="0.000532"/>
</kw>
<kw name="Dictionary Should Contain Key" owner="Collections">
<msg time="2024-06-07T11:13:49.622771" level="INFO">False</msg>
<arg>${json_data['results'][0]['login']}</arg>
<arg>${keyTwo}</arg>
<doc>Fails if ``key`` is not found from ``dictionary``.</doc>
<status status="PASS" start="2024-06-07T11:13:49.622388" elapsed="0.000420"/>
</kw>
<kw name="Log" owner="BuiltIn">
<msg time="2024-06-07T11:13:49.623231" level="INFO">username</msg>
<arg>${keyTwo}</arg>
<doc>Logs the given message with the given level.</doc>
<status status="PASS" start="2024-06-07T11:13:49.623103" elapsed="0.000166"/>
</kw>
<var name="${keyTwo}">username</var>
<status status="PASS" start="2024-06-07T11:13:49.621444" elapsed="0.002042"/>
</iter>
<iter>
<kw name="Dictionary Should Contain Key" owner="Collections">
<msg time="2024-06-07T11:13:49.624156" level="INFO">False</msg>
<arg>${json_data['results'][0]['login']}</arg>
<arg>${keyTwo}</arg>
<doc>Fails if ``key`` is not found from ``dictionary``.</doc>
<status status="PASS" start="2024-06-07T11:13:49.623774" elapsed="0.000419"/>
</kw>
<kw name="Dictionary Should Contain Key" owner="Collections">
<msg time="2024-06-07T11:13:49.624865" level="INFO">False</msg>
<arg>${json_data['results'][0]['login']}</arg>
<arg>${keyTwo}</arg>
<doc>Fails if ``key`` is not found from ``dictionary``.</doc>
<status status="PASS" start="2024-06-07T11:13:49.624488" elapsed="0.000414"/>
</kw>
<kw name="Log" owner="BuiltIn">
<msg time="2024-06-07T11:13:49.625359" level="INFO">password</msg>
<arg>${keyTwo}</arg>
<doc>Logs the given message with the given level.</doc>
<status status="PASS" start="2024-06-07T11:13:49.625228" elapsed="0.000169"/>
</kw>
<var name="${keyTwo}">password</var>
<status status="PASS" start="2024-06-07T11:13:49.623662" elapsed="0.001951"/>
</iter>
<var>${keyTwo}</var>
<value>@{expected_keysTwo}</value>
<status status="PASS" start="2024-06-07T11:13:49.621286" elapsed="0.004449"/>
</for>
<status status="PASS" start="2024-06-07T11:13:49.508853" elapsed="0.117026"/>
</kw>
<doc>Testa a estrutura da resposta da API.</doc>
<tag>testeEstruturaResposta</tag>
<status status="PASS" start="2024-06-07T11:13:49.508335" elapsed="0.117707"/>
</test>
<test id="s1-s1-t4" name="Validar tipos de dados" line="28">
<kw name="Teste de Tipos de Dados" owner="random-user-service">
<kw name="GET On Session" owner="RequestsLibrary">
<msg time="2024-06-07T11:13:49.714771" level="INFO">GET Request : url=https://randomuser.me/api 
 path_url=/api 
 headers={'User-Agent': 'python-requests/2.32.3', 'Accept-Encoding': 'gzip, deflate', 'Accept': '*/*', 'Connection': 'keep-alive'} 
 body=None 
 </msg>
<msg time="2024-06-07T11:13:49.714917" level="INFO">GET Response : url=https://randomuser.me/api 
 status=200, reason=OK 
 headers={'Date': 'Fri, 07 Jun 2024 11:13:49 GMT', 'Content-Type': 'application/json; charset=utf-8', 'Transfer-Encoding': 'chunked', 'Connection': 'keep-alive', 'X-Powered-By': 'Express', 'Access-Control-Allow-Origin': '*', 'Cache-Control': 'no-cache', 'ETag': 'W/"4a6-YB3WYecKTyNlTW7M1kjy0HO7a1A"', 'Vary': 'Accept-Encoding', 'Content-Encoding': 'gzip', 'CF-Cache-Status': 'DYNAMIC', 'Report-To': '{"endpoints":[{"url":"https:\\/\\/a.nel.cloudflare.com\\/report\\/v4?s=oVDDwn%2FZSW7DheCO7u2EyKoJnamN0FOdvLPj4fCuKoCXE5nZumROoeP05HcAR1478PhOaRmmfV8tNGcdXqSvw4qs9V4bjqK017Z4noUQTDrcCkUskLsp6F9bd0EKf3DU"}],"group":"cf-nel","max_age":604800}', 'NEL': '{"success_fraction":0,"report_to":"cf-nel","max_age":604800}', 'Server': 'cloudflare', 'CF-RAY': '8900370d3d06969f-SJC', 'alt-svc': 'h3=":443"; ma=86400'} 
 body={"results":[{"gender":"male","name":{"title":"Mr","first":"Vitali","last":"Geßner"},"location":{"street":{"number":3388,"name":"Wiesenstraße"},"city":"Northeim","state":"Mecklenburg-Vorpommern","country":"Germany","postcode":12193,"coordinates":{"latitude":"-48.4929","longitude":"-120.3434"},"timezone":{"offset":"+9:00","description":"Tokyo, Seoul, Osaka, Sapporo, Yakutsk"}},"email":"vitali.gessner@example.com","login":{"uuid":"f3e5fa70-3322-40fb-8c1a-d680187010de","username":"beautifulostrich879","password":"rrrr","salt":"mnkkd0Rr","md5":"df5111772f4fe01b727237fcd65f3e4f","sha1":"4ea202853f4af4c23376a5a0c052580bf5de58ef","sha256":"601194ae1a4a4e6da7c1037526b037db3da856b809cbe0e89ce9e7d168770d5e"},"dob":{"date":"1966-11-13T09:16:28.774Z","age":57},"registered":{"date":"2012-08-23T03:56:33.988Z","age":11},"phone":"0154-0008993","cell":"0176-3294672","id":{"name":"SVNR","value":"10 131166 G 040"},"picture":{"large":"https://randomuser.me/api/portraits/men/2.jpg","medium":"https://randomuser.me/api/portraits/med/men/2.jpg","thumbnail":"https://randomuser.me/api/portraits/thumb/men/2.jpg"},"nat":"DE"}],"info":{"seed":"03daa116db6b211f","results":1,"page":1,"version":"1.4"}} 
 </msg>
<msg time="2024-06-07T11:13:49.715036" level="INFO">/opt/hostedtoolcache/Python/3.12.3/x64/lib/python3.12/site-packages/urllib3/connectionpool.py:1103: InsecureRequestWarning: Unverified HTTPS request is being made to host 'randomuser.me'. Adding certificate verification is strongly advised. See: https://urllib3.readthedocs.io/en/latest/advanced-usage.html#tls-warnings
  warnings.warn(</msg>
<msg time="2024-06-07T11:13:49.715209" level="INFO">${response} = &lt;Response [200]&gt;</msg>
<var>${response}</var>
<arg>consultarAPI</arg>
<arg>/api</arg>
<doc>Sends a GET request on a previously created HTTP Session.</doc>
<status status="PASS" start="2024-06-07T11:13:49.628642" elapsed="0.086609"/>
</kw>
<kw name="Set Variable" owner="BuiltIn">
<msg time="2024-06-07T11:13:49.716778" level="INFO">${json_data} = {'results': [{'gender': 'male', 'name': {'title': 'Mr', 'first': 'Vitali', 'last': 'Geßner'}, 'location': {'street': {'number': 3388, 'name': 'Wiesenstraße'}, 'city': 'Northeim', 'state': 'Mecklenburg...</msg>
<var>${json_data}</var>
<arg>${response.json()}</arg>
<doc>Returns the given values which can then be assigned to a variables.</doc>
<status status="PASS" start="2024-06-07T11:13:49.715971" elapsed="0.000852"/>
</kw>
<kw name="Log" owner="BuiltIn">
<msg time="2024-06-07T11:13:49.717576" level="INFO">{'results': [{'gender': 'male', 'name': {'title': 'Mr', 'first': 'Vitali', 'last': 'Geßner'}, 'location': {'street': {'number': 3388, 'name': 'Wiesenstraße'}, 'city': 'Northeim', 'state': 'Mecklenburg-Vorpommern', 'country': 'Germany', 'postcode': 12193, 'coordinates': {'latitude': '-48.4929', 'longitude': '-120.3434'}, 'timezone': {'offset': '+9:00', 'description': 'Tokyo, Seoul, Osaka, Sapporo, Yakutsk'}}, 'email': 'vitali.gessner@example.com', 'login': {'uuid': 'f3e5fa70-3322-40fb-8c1a-d680187010de', 'username': 'beautifulostrich879', 'password': 'rrrr', 'salt': 'mnkkd0Rr', 'md5': 'df5111772f4fe01b727237fcd65f3e4f', 'sha1': '4ea202853f4af4c23376a5a0c052580bf5de58ef', 'sha256': '601194ae1a4a4e6da7c1037526b037db3da856b809cbe0e89ce9e7d168770d5e'}, 'dob': {'date': '1966-11-13T09:16:28.774Z', 'age': 57}, 'registered': {'date': '2012-08-23T03:56:33.988Z', 'age': 11}, 'phone': '0154-0008993', 'cell': '0176-3294672', 'id': {'name': 'SVNR', 'value': '10 131166 G 040'}, 'picture': {'large': 'https://randomuser.me/api/portraits/men/2.jpg', 'medium': 'https://randomuser.me/api/portraits/med/men/2.jpg', 'thumbnail': 'https://randomuser.me/api/portraits/thumb/men/2.jpg'}, 'nat': 'DE'}], 'info': {'seed': '03daa116db6b211f', 'results': 1, 'page': 1, 'version': '1.4'}}</msg>
<arg>${json_data}</arg>
<doc>Logs the given message with the given level.</doc>
<status status="PASS" start="2024-06-07T11:13:49.717322" elapsed="0.000388"/>
</kw>
<kw name="Should Be String" owner="String">
<arg>${json_data['results'][0]['gender']}</arg>
<doc>Fails if the given ``item`` is not a string.</doc>
<status status="PASS" start="2024-06-07T11:13:49.718204" elapsed="0.000570"/>
</kw>
<kw name="Should Match Regexp" owner="BuiltIn">
<arg>${json_data['results'][0]['email']}</arg>
<arg>^[a-zA-Z0-9._%+-]+@[a-zA-Z0-9.-]+\.[a-zA-Z]{2,}$</arg>
<doc>Fails if ``string`` does not match ``pattern`` as a regular expression.</doc>
<status status="PASS" start="2024-06-07T11:13:49.719099" elapsed="0.000852"/>
</kw>
<kw name="Should Match Regexp" owner="BuiltIn">
<arg>${json_data['results'][0]['dob']['date']}</arg>
<arg>\\d{4}-\\d{2}-\\d{2}T\\d{2}:\\d{2}:\\d{2}\\.\\d{3}Z</arg>
<doc>Fails if ``string`` does not match ``pattern`` as a regular expression.</doc>
<status status="PASS" start="2024-06-07T11:13:49.720260" elapsed="0.000723"/>
</kw>
<kw name="Should Match Regexp" owner="BuiltIn">
<arg>${json_data['results'][0]['registered']['date']}</arg>
<arg>\\d{4}-\\d{2}-\\d{2}T\\d{2}:\\d{2}:\\d{2}\\.\\d{3}Z</arg>
<doc>Fails if ``string`` does not match ``pattern`` as a regular expression.</doc>
<status status="PASS" start="2024-06-07T11:13:49.721228" elapsed="0.000383"/>
</kw>
<kw name="Should Match Regexp" owner="BuiltIn">
<arg>${json_data['results'][0]['picture']['large']}</arg>
<arg>^https?://.*\.(?:png|jpe?g|gif|bmp)$</arg>
<doc>Fails if ``string`` does not match ``pattern`` as a regular expression.</doc>
<status status="PASS" start="2024-06-07T11:13:49.721821" elapsed="0.000473"/>
</kw>
<kw name="Should Match Regexp" owner="BuiltIn">
<arg>${json_data['results'][0]['picture']['medium']}</arg>
<arg>^https?://.*\.(?:png|jpe?g|gif|bmp)$</arg>
<doc>Fails if ``string`` does not match ``pattern`` as a regular expression.</doc>
<status status="PASS" start="2024-06-07T11:13:49.722492" elapsed="0.000370"/>
</kw>
<kw name="Should Match Regexp" owner="BuiltIn">
<arg>${json_data['results'][0]['picture']['thumbnail']}</arg>
<arg>^https?://.*\.(?:png|jpe?g|gif|bmp)$</arg>
<doc>Fails if ``string`` does not match ``pattern`` as a regular expression.</doc>
<status status="PASS" start="2024-06-07T11:13:49.723061" elapsed="0.000354"/>
</kw>
<kw name="Log" owner="BuiltIn">
<msg time="2024-06-07T11:13:49.723938" level="INFO">{'large': 'https://randomuser.me/api/portraits/men/2.jpg', 'medium': 'https://randomuser.me/api/portraits/med/men/2.jpg', 'thumbnail': 'https://randomuser.me/api/portraits/thumb/men/2.jpg'}</msg>
<arg>${json_data['results'][0]['picture']}</arg>
<doc>Logs the given message with the given level.</doc>
<status status="PASS" start="2024-06-07T11:13:49.723599" elapsed="0.000384"/>
</kw>
<status status="PASS" start="2024-06-07T11:13:49.628410" elapsed="0.095837"/>
</kw>
<kw name="Teste de Tipos de Dados - Postcode" owner="random-user-service">
<kw name="GET On Session" owner="RequestsLibrary">
<msg time="2024-06-07T11:13:49.822384" level="INFO">GET Request : url=https://randomuser.me/api 
 path_url=/api 
 headers={'User-Agent': 'python-requests/2.32.3', 'Accept-Encoding': 'gzip, deflate', 'Accept': '*/*', 'Connection': 'keep-alive'} 
 body=None 
 </msg>
<msg time="2024-06-07T11:13:49.822499" level="INFO">GET Response : url=https://randomuser.me/api 
 status=200, reason=OK 
 headers={'Date': 'Fri, 07 Jun 2024 11:13:49 GMT', 'Content-Type': 'application/json; charset=utf-8', 'Transfer-Encoding': 'chunked', 'Connection': 'keep-alive', 'X-Powered-By': 'Express', 'Access-Control-Allow-Origin': '*', 'Cache-Control': 'no-cache', 'ETag': 'W/"48e-wwhwNph0gHdWJoNcesyqSwoZySk"', 'Vary': 'Accept-Encoding', 'Content-Encoding': 'gzip', 'CF-Cache-Status': 'DYNAMIC', 'Report-To': '{"endpoints":[{"url":"https:\\/\\/a.nel.cloudflare.com\\/report\\/v4?s=XAGMjkpoYzgX7KbzyRYU%2FcBbCkM%2F1m38CUHqEkujMV6prLgDvn4arWoFypfnPUOZJCoXeSBFU7mx6lGmrmhp7gX29CKcUAoPbi3Rz8rD6fen%2Fn3k%2BuwydEThJMa2N9t6"}],"group":"cf-nel","max_age":604800}', 'NEL': '{"success_fraction":0,"report_to":"cf-nel","max_age":604800}', 'Server': 'cloudflare', 'CF-RAY': '8900370dcd46969f-SJC', 'alt-svc': 'h3=":443"; ma=86400'} 
 body={"results":[{"gender":"female","name":{"title":"Miss","first":"دینا","last":"نجاتی"},"location":{"street":{"number":8899,"name":"بلال حبشی"},"city":"آبادان","state":"مرکزی","country":"Iran","postcode":62740,"coordinates":{"latitude":"15.7059","longitude":"139.1443"},"timezone":{"offset":"-7:00","description":"Mountain Time (US &amp; Canada)"}},"email":"dyn.njty@example.com","login":{"uuid":"5b22e20a-9262-4dd9-8e93-3e9a1ab8f3dd","username":"brownelephant889","password":"marines","salt":"kxj12Jb6","md5":"1e43de522e728a4619b7af0fcfa71a02","sha1":"c744cd95647fcc2e4caf1649d977a59e9b90ad55","sha256":"1ec21ee21b04affa7f5c02bd882199b8024949971f7861b6d01f95dbaeaa0fef"},"dob":{"date":"1978-01-15T18:47:32.390Z","age":46},"registered":{"date":"2015-09-05T16:25:23.172Z","age":8},"phone":"067-59288647","cell":"0904-116-7384","id":{"name":"","value":null},"picture":{"large":"https://randomuser.me/api/portraits/women/10.jpg","medium":"https://randomuser.me/api/portraits/med/women/10.jpg","thumbnail":"https://randomuser.me/api/portraits/thumb/women/10.jpg"},"nat":"IR"}],"info":{"seed":"2f4448ed198b356d","results":1,"page":1,"version":"1.4"}} 
 </msg>
<msg time="2024-06-07T11:13:49.822617" level="INFO">/opt/hostedtoolcache/Python/3.12.3/x64/lib/python3.12/site-packages/urllib3/connectionpool.py:1103: InsecureRequestWarning: Unverified HTTPS request is being made to host 'randomuser.me'. Adding certificate verification is strongly advised. See: https://urllib3.readthedocs.io/en/latest/advanced-usage.html#tls-warnings
  warnings.warn(</msg>
<msg time="2024-06-07T11:13:49.822742" level="INFO">${response} = &lt;Response [200]&gt;</msg>
<var>${response}</var>
<arg>consultarAPI</arg>
<arg>/api</arg>
<doc>Sends a GET request on a previously created HTTP Session.</doc>
<status status="PASS" start="2024-06-07T11:13:49.724725" elapsed="0.098057"/>
</kw>
<kw name="Set Variable" owner="BuiltIn">
<msg time="2024-06-07T11:13:49.823868" level="INFO">${json_data} = {'results': [{'gender': 'female', 'name': {'title': 'Miss', 'first': 'دینا', 'last': 'نجاتی'}, 'location': {'street': {'number': 8899, 'name': 'بلال حبشی'}, 'city': 'آبادان', 'state': 'مرکزی', 'countr...</msg>
<var>${json_data}</var>
<arg>${response.json()}</arg>
<doc>Returns the given values which can then be assigned to a variables.</doc>
<status status="PASS" start="2024-06-07T11:13:49.823323" elapsed="0.000578"/>
</kw>
<kw name="Log" owner="BuiltIn">
<msg time="2024-06-07T11:13:49.824384" level="INFO">{'results': [{'gender': 'female', 'name': {'title': 'Miss', 'first': 'دینا', 'last': 'نجاتی'}, 'location': {'street': {'number': 8899, 'name': 'بلال حبشی'}, 'city': 'آبادان', 'state': 'مرکزی', 'country': 'Iran', 'postcode': 62740, 'coordinates': {'latitude': '15.7059', 'longitude': '139.1443'}, 'timezone': {'offset': '-7:00', 'description': 'Mountain Time (US &amp; Canada)'}}, 'email': 'dyn.njty@example.com', 'login': {'uuid': '5b22e20a-9262-4dd9-8e93-3e9a1ab8f3dd', 'username': 'brownelephant889', 'password': 'marines', 'salt': 'kxj12Jb6', 'md5': '1e43de522e728a4619b7af0fcfa71a02', 'sha1': 'c744cd95647fcc2e4caf1649d977a59e9b90ad55', 'sha256': '1ec21ee21b04affa7f5c02bd882199b8024949971f7861b6d01f95dbaeaa0fef'}, 'dob': {'date': '1978-01-15T18:47:32.390Z', 'age': 46}, 'registered': {'date': '2015-09-05T16:25:23.172Z', 'age': 8}, 'phone': '067-59288647', 'cell': '0904-116-7384', 'id': {'name': '', 'value': None}, 'picture': {'large': 'https://randomuser.me/api/portraits/women/10.jpg', 'medium': 'https://randomuser.me/api/portraits/med/women/10.jpg', 'thumbnail': 'https://randomuser.me/api/portraits/thumb/women/10.jpg'}, 'nat': 'IR'}], 'info': {'seed': '2f4448ed198b356d', 'results': 1, 'page': 1, 'version': '1.4'}}</msg>
<arg>${json_data}</arg>
<doc>Logs the given message with the given level.</doc>
<status status="PASS" start="2024-06-07T11:13:49.824221" elapsed="0.000251"/>
</kw>
<kw name="Should Be Equal As Numbers" owner="BuiltIn">
<arg>${json_data['results'][0]['location']['postcode']}</arg>
<arg>${json_data['results'][0]['location']['postcode']}</arg>
<doc>Fails if objects are unequal after converting them to real numbers.</doc>
<status status="PASS" start="2024-06-07T11:13:49.824783" elapsed="0.000689"/>
</kw>
<kw name="Log" owner="BuiltIn">
<msg time="2024-06-07T11:13:49.826012" level="INFO">62740</msg>
<arg>${json_data['results'][0]['location']['postcode']}</arg>
<doc>Logs the given message with the given level.</doc>
<status status="PASS" start="2024-06-07T11:13:49.825672" elapsed="0.000384"/>
</kw>
<status status="PASS" start="2024-06-07T11:13:49.724484" elapsed="0.101839"/>
</kw>
<doc>Testa se os tipos de dados na resposta da API estão corretos.</doc>
<tag>testeTiposDados</tag>
<status status="PASS" start="2024-06-07T11:13:49.627837" elapsed="0.198668"/>
</test>
<test id="s1-s1-t5" name="Validar conteudo" line="35">
<kw name="Teste de Tipos de Conteudo" owner="random-user-service">
<kw name="GET On Session" owner="RequestsLibrary">
<msg time="2024-06-07T11:13:49.932772" level="INFO">GET Request : url=https://randomuser.me/api 
 path_url=/api 
 headers={'User-Agent': 'python-requests/2.32.3', 'Accept-Encoding': 'gzip, deflate', 'Accept': '*/*', 'Connection': 'keep-alive'} 
 body=None 
 </msg>
<msg time="2024-06-07T11:13:49.932856" level="INFO">GET Response : url=https://randomuser.me/api 
 status=200, reason=OK 
 headers={'Date': 'Fri, 07 Jun 2024 11:13:49 GMT', 'Content-Type': 'application/json; charset=utf-8', 'Transfer-Encoding': 'chunked', 'Connection': 'keep-alive', 'X-Powered-By': 'Express', 'Access-Control-Allow-Origin': '*', 'Cache-Control': 'no-cache', 'ETag': 'W/"4a4-QHn97JG9a+dRa2hl7X0hAuAeYlI"', 'Vary': 'Accept-Encoding', 'Content-Encoding': 'gzip', 'CF-Cache-Status': 'DYNAMIC', 'Report-To': '{"endpoints":[{"url":"https:\\/\\/a.nel.cloudflare.com\\/report\\/v4?s=yjjGlN6a1upUv4m0Mycw3%2FCSZsmb19EdbM%2FwGAacIoJy1BwLVoCP0ONvILCOSFr4W%2FPapsXlDYEI07ffIhcZqSr%2BWYsCIAkGX%2F6JvzXAoM8isDkXWnA3j8KDD4o5wMrK"}],"group":"cf-nel","max_age":604800}', 'NEL': '{"success_fraction":0,"report_to":"cf-nel","max_age":604800}', 'Server': 'cloudflare', 'CF-RAY': '8900370e7d8c969f-SJC', 'alt-svc': 'h3=":443"; ma=86400'} 
 body={"results":[{"gender":"female","name":{"title":"Ms","first":"Zeloni","last":"Martins"},"location":{"street":{"number":7951,"name":"Rua Tiradentes "},"city":"Manaus","state":"Pernambuco","country":"Brazil","postcode":38780,"coordinates":{"latitude":"-78.0444","longitude":"72.3164"},"timezone":{"offset":"-5:00","description":"Eastern Time (US &amp; Canada), Bogota, Lima"}},"email":"zeloni.martins@example.com","login":{"uuid":"f9d3cd89-5fcf-49e8-8c18-39df34ede8cc","username":"orangeelephant626","password":"alan","salt":"0W8J6IFV","md5":"4587b62e6a086f4971f2416300703a22","sha1":"38e46dfcb9e4c1b981038675681752b21fc5f9de","sha256":"c7ec0673edfefa908e164f4cafc6daa1983ebb7de51b73500eef815885a96f8c"},"dob":{"date":"1991-03-17T18:43:56.388Z","age":33},"registered":{"date":"2021-12-08T12:14:43.797Z","age":2},"phone":"(28) 8957-7898","cell":"(01) 4189-7340","id":{"name":"CPF","value":"547.164.115-84"},"picture":{"large":"https://randomuser.me/api/portraits/women/23.jpg","medium":"https://randomuser.me/api/portraits/med/women/23.jpg","thumbnail":"https://randomuser.me/api/portraits/thumb/women/23.jpg"},"nat":"BR"}],"info":{"seed":"260142eb35d24019","results":1,"page":1,"version":"1.4"}} 
 </msg>
<msg time="2024-06-07T11:13:49.932923" level="INFO">/opt/hostedtoolcache/Python/3.12.3/x64/lib/python3.12/site-packages/urllib3/connectionpool.py:1103: InsecureRequestWarning: Unverified HTTPS request is being made to host 'randomuser.me'. Adding certificate verification is strongly advised. See: https://urllib3.readthedocs.io/en/latest/advanced-usage.html#tls-warnings
  warnings.warn(</msg>
<msg time="2024-06-07T11:13:49.933045" level="INFO">${response} = &lt;Response [200]&gt;</msg>
<var>${response}</var>
<arg>consultarAPI</arg>
<arg>/api</arg>
<doc>Sends a GET request on a previously created HTTP Session.</doc>
<status status="PASS" start="2024-06-07T11:13:49.829372" elapsed="0.103708"/>
</kw>
<kw name="Set Variable" owner="BuiltIn">
<msg time="2024-06-07T11:13:49.934001" level="INFO">${json_data} = {'results': [{'gender': 'female', 'name': {'title': 'Ms', 'first': 'Zeloni', 'last': 'Martins'}, 'location': {'street': {'number': 7951, 'name': 'Rua Tiradentes '}, 'city': 'Manaus', 'state': 'Pernamb...</msg>
<var>${json_data}</var>
<arg>${response.json()}</arg>
<doc>Returns the given values which can then be assigned to a variables.</doc>
<status status="PASS" start="2024-06-07T11:13:49.933519" elapsed="0.000510"/>
</kw>
<kw name="Set Variable" owner="BuiltIn">
<msg time="2024-06-07T11:13:49.934726" level="INFO">${name_title} = Ms</msg>
<var>${name_title}</var>
<arg>${json_data["results"][0]["name"]["title"]}</arg>
<doc>Returns the given values which can then be assigned to a variables.</doc>
<status status="PASS" start="2024-06-07T11:13:49.934335" elapsed="0.000417"/>
</kw>
<kw name="Create List" owner="BuiltIn">
<msg time="2024-06-07T11:13:49.935208" level="INFO">${allowed_titles} = ['Mr', 'Ms', 'Miss', 'Mrs', 'Madame', 'Monsieur']</msg>
<var>${allowed_titles}</var>
<arg>Mr</arg>
<arg>Ms</arg>
<arg>Miss</arg>
<arg>Mrs</arg>
<arg>Madame</arg>
<arg>Monsieur</arg>
<doc>Returns a list containing given items.</doc>
<status status="PASS" start="2024-06-07T11:13:49.935055" elapsed="0.000178"/>
</kw>
<kw name="List Should Contain Value" owner="Collections">
<msg time="2024-06-07T11:13:49.935707" level="INFO">False</msg>
<arg>${allowed_titles}</arg>
<arg>${name_title}</arg>
<doc>Fails if the ``value`` is not found from ``list``.</doc>
<status status="PASS" start="2024-06-07T11:13:49.935535" elapsed="0.000209"/>
</kw>
<kw name="Set Variable" owner="BuiltIn">
<msg time="2024-06-07T11:13:49.936405" level="INFO">${name_country} = BR</msg>
<var>${name_country}</var>
<arg>${json_data["results"][0]["nat"]}</arg>
<doc>Returns the given values which can then be assigned to a variables.</doc>
<status status="PASS" start="2024-06-07T11:13:49.936032" elapsed="0.000398"/>
</kw>
<kw name="Create List" owner="BuiltIn">
<msg time="2024-06-07T11:13:49.937353" level="INFO">${list_country} = ['AD', 'AE', 'AF', 'AG', 'AI', 'AL', 'AM', 'AO', 'AQ', 'AR', 'AS', 'AT', 'AU', 'AW', 'AX', 'AZ', 'BA', 'BB', 'BD', 'BE', 'BF', 'BG', 'BH', 'BI', 'BJ', 'BL', 'BM', 'BN', 'BO', 'BQ', 'BR', 'BS', 'BT', '...</msg>
<var>${list_country}</var>
<arg>AD</arg>
<arg>AE</arg>
<arg>AF</arg>
<arg>AG</arg>
<arg>AI</arg>
<arg>AL</arg>
<arg>AM</arg>
<arg>AO</arg>
<arg>AQ</arg>
<arg>AR</arg>
<arg>AS</arg>
<arg>AT</arg>
<arg>AU</arg>
<arg>AW</arg>
<arg>AX</arg>
<arg>AZ</arg>
<arg>BA</arg>
<arg>BB</arg>
<arg>BD</arg>
<arg>BE</arg>
<arg>BF</arg>
<arg>BG</arg>
<arg>BH</arg>
<arg>BI</arg>
<arg>BJ</arg>
<arg>BL</arg>
<arg>BM</arg>
<arg>BN</arg>
<arg>BO</arg>
<arg>BQ</arg>
<arg>BR</arg>
<arg>BS</arg>
<arg>BT</arg>
<arg>BV</arg>
<arg>BW</arg>
<arg>BY</arg>
<arg>BZ</arg>
<arg>CA</arg>
<arg>CC</arg>
<arg>CD</arg>
<arg>CF</arg>
<arg>CG</arg>
<arg>CH</arg>
<arg>CI</arg>
<arg>CK</arg>
<arg>CL</arg>
<arg>CM</arg>
<arg>CN</arg>
<arg>CO</arg>
<arg>CR</arg>
<arg>CU</arg>
<arg>CV</arg>
<arg>CW</arg>
<arg>CX</arg>
<arg>CY</arg>
<arg>CZ</arg>
<arg>DE</arg>
<arg>DJ</arg>
<arg>DK</arg>
<arg>DM</arg>
<arg>DO</arg>
<arg>DZ</arg>
<arg>EC</arg>
<arg>EE</arg>
<arg>EG</arg>
<arg>EH</arg>
<arg>ER</arg>
<arg>ES</arg>
<arg>ET</arg>
<arg>FI</arg>
<arg>FJ</arg>
<arg>FK</arg>
<arg>FM</arg>
<arg>FO</arg>
<arg>FR</arg>
<arg>GA</arg>
<arg>GB</arg>
<arg>GD</arg>
<arg>GE</arg>
<arg>GF</arg>
<arg>GG</arg>
<arg>GH</arg>
<arg>GI</arg>
<arg>GL</arg>
<arg>GM</arg>
<arg>GN</arg>
<arg>GP</arg>
<arg>GQ</arg>
<arg>GR</arg>
<arg>GS</arg>
<arg>GT</arg>
<arg>GU</arg>
<arg>GW</arg>
<arg>GY</arg>
<arg>HK</arg>
<arg>HM</arg>
<arg>HN</arg>
<arg>HR</arg>
<arg>HT</arg>
<arg>HU</arg>
<arg>ID</arg>
<arg>IE</arg>
<arg>IL</arg>
<arg>IM</arg>
<arg>IN</arg>
<arg>IO</arg>
<arg>IQ</arg>
<arg>IR</arg>
<arg>IS</arg>
<arg>IT</arg>
<arg>JE</arg>
<arg>JM</arg>
<arg>JO</arg>
<arg>JP</arg>
<arg>KE</arg>
<arg>KG</arg>
<arg>KH</arg>
<arg>KI</arg>
<arg>KM</arg>
<arg>KN</arg>
<arg>KP</arg>
<arg>KR</arg>
<arg>KW</arg>
<arg>KY</arg>
<arg>KZ</arg>
<arg>LA</arg>
<arg>LB</arg>
<arg>LC</arg>
<arg>LI</arg>
<arg>LK</arg>
<arg>LR</arg>
<arg>LS</arg>
<arg>LT</arg>
<arg>LU</arg>
<arg>LV</arg>
<arg>LY</arg>
<arg>MA</arg>
<arg>MC</arg>
<arg>MD</arg>
<arg>ME</arg>
<arg>MF</arg>
<arg>MG</arg>
<arg>MH</arg>
<arg>MK</arg>
<arg>ML</arg>
<arg>MM</arg>
<arg>MN</arg>
<arg>MO</arg>
<arg>MP</arg>
<arg>MQ</arg>
<arg>MR</arg>
<arg>MS</arg>
<arg>MT</arg>
<arg>MU</arg>
<arg>MV</arg>
<arg>MW</arg>
<arg>MX</arg>
<arg>MY</arg>
<arg>MZ</arg>
<arg>NA</arg>
<arg>NC</arg>
<arg>NE</arg>
<arg>NF</arg>
<arg>NG</arg>
<arg>NI</arg>
<arg>NL</arg>
<arg>NO</arg>
<arg>NP</arg>
<arg>NR</arg>
<arg>NU</arg>
<arg>NZ</arg>
<arg>OM</arg>
<arg>PA</arg>
<arg>PE</arg>
<arg>PF</arg>
<arg>PG</arg>
<arg>PH</arg>
<arg>PK</arg>
<arg>PL</arg>
<arg>PM</arg>
<arg>PN</arg>
<arg>PR</arg>
<arg>PS</arg>
<arg>PT</arg>
<arg>PW</arg>
<arg>PY</arg>
<arg>QA</arg>
<arg>RE</arg>
<arg>RO</arg>
<arg>RS</arg>
<arg>RU</arg>
<arg>RW</arg>
<arg>SA</arg>
<arg>SB</arg>
<arg>SC</arg>
<arg>SD</arg>
<arg>SE</arg>
<arg>SG</arg>
<arg>SH</arg>
<arg>SI</arg>
<arg>SJ</arg>
<arg>SK</arg>
<arg>SL</arg>
<arg>SM</arg>
<arg>SN</arg>
<arg>SO</arg>
<arg>SR</arg>
<arg>SS</arg>
<arg>ST</arg>
<arg>SV</arg>
<arg>SX</arg>
<arg>SY</arg>
<arg>SZ</arg>
<arg>TC</arg>
<arg>TD</arg>
<arg>TF</arg>
<arg>TG</arg>
<arg>TH</arg>
<arg>TJ</arg>
<arg>TK</arg>
<arg>TL</arg>
<arg>TM</arg>
<arg>TN</arg>
<arg>TO</arg>
<arg>TR</arg>
<arg>TT</arg>
<arg>TV</arg>
<arg>TW</arg>
<arg>TZ</arg>
<arg>UA</arg>
<arg>UG</arg>
<arg>UM</arg>
<arg>US</arg>
<arg>UY</arg>
<arg>UZ</arg>
<arg>VA</arg>
<arg>VC</arg>
<arg>VE</arg>
<arg>VG</arg>
<arg>VI</arg>
<arg>VN</arg>
<arg>VU</arg>
<arg>WF</arg>
<arg>WS</arg>
<arg>XK</arg>
<arg>YE</arg>
<arg>YT</arg>
<arg>ZA</arg>
<arg>ZM</arg>
<arg>ZW</arg>
<doc>Returns a list containing given items.</doc>
<status status="PASS" start="2024-06-07T11:13:49.936731" elapsed="0.000647"/>
</kw>
<kw name="List Should Contain Value" owner="Collections">
<msg time="2024-06-07T11:13:49.938374" level="INFO">False</msg>
<arg>${list_country}</arg>
<arg>${name_country}</arg>
<doc>Fails if the ``value`` is not found from ``list``.</doc>
<status status="PASS" start="2024-06-07T11:13:49.938171" elapsed="0.000241"/>
</kw>
<kw name="Run Keyword If" owner="BuiltIn">
<kw name="Should Be True" owner="BuiltIn">
<arg>${True}</arg>
<doc>Fails if the given condition is not true.</doc>
<status status="PASS" start="2024-06-07T11:13:49.939609" elapsed="0.000145"/>
</kw>
<arg>${json_data["results"][0]["location"]["coordinates"]["latitude"]} &gt;= -90 and ${json_data["results"][0]["location"]["coordinates"]["latitude"]} &lt;= 90</arg>
<arg>Should Be True</arg>
<arg>${True}</arg>
<doc>Runs the given keyword with the given arguments, if ``condition`` is true.</doc>
<status status="PASS" start="2024-06-07T11:13:49.938725" elapsed="0.001158"/>
</kw>
<kw name="Run Keyword If" owner="BuiltIn">
<kw name="Should Be True" owner="BuiltIn">
<arg>${True}</arg>
<doc>Fails if the given condition is not true.</doc>
<status status="PASS" start="2024-06-07T11:13:49.940773" elapsed="0.000140"/>
</kw>
<arg>${json_data["results"][0]["location"]["coordinates"]["longitude"]} &gt;= -180 and ${json_data["results"][0]["location"]["coordinates"]["longitude"]} &lt;= 180</arg>
<arg>Should Be True</arg>
<arg>${True}</arg>
<doc>Runs the given keyword with the given arguments, if ``condition`` is true.</doc>
<status status="PASS" start="2024-06-07T11:13:49.940069" elapsed="0.000993"/>
</kw>
<status status="PASS" start="2024-06-07T11:13:49.829088" elapsed="0.112110"/>
</kw>
<doc>Testa o conteúdo específico dos campos retornados pela API.</doc>
<tag>testeConteudo</tag>
<status status="PASS" start="2024-06-07T11:13:49.828503" elapsed="0.112846"/>
</test>
<status status="PASS" start="2024-06-07T11:13:48.868015" elapsed="1.075251"/>
</suite>
<status status="PASS" start="2024-06-07T11:13:48.854640" elapsed="1.093747"/>
</suite>
<statistics>
<total>
<stat pass="5" fail="0" skip="0">All Tests</stat>
</total>
<tag>
<stat pass="1" fail="0" skip="0">testeConteudo</stat>
<stat pass="1" fail="0" skip="0">testeEstruturaResposta</stat>
<stat pass="1" fail="0" skip="0">testeRequisicaoBasica</stat>
<stat pass="1" fail="0" skip="0">testeTiposDados</stat>
</tag>
<suite>
<stat pass="5" fail="0" skip="0" id="s1" name="Tests">Tests</stat>
<stat pass="5" fail="0" skip="0" id="s1-s1" name="Random-User-Test">Tests.Random-User-Test</stat>
</suite>
</statistics>
<errors>
</errors>
</robot>
