<?xml version="1.0" encoding="UTF-8"?>
<robot generator="Robot 7.0.1 (Python 3.12.4 on linux)" generated="2024-07-28T06:20:09.864423" rpa="false" schemaversion="5">
<suite id="s1" name="Tests" source="/home/runner/work/ApiRandomUser/ApiRandomUser/RamdonUser/tests">
<suite id="s1-s1" name="Random-User-Test" source="/home/runner/work/ApiRandomUser/ApiRandomUser/RamdonUser/tests/random-user-test.robot">
<test id="s1-s1-t1" name="Conectar" line="13">
<kw name="Conectar API" owner="random-user-service">
<kw name="Create Session" owner="RequestsLibrary">
<msg time="2024-07-28T06:20:10.347329" level="INFO">Creating Session using : alias=consultarAPI, url=https://randomuser.me/, headers={},                     cookies={}, auth=None, timeout=None, proxies=None, verify=False,                     debug=0 </msg>
<arg>consultarAPI</arg>
<arg>${URL}</arg>
<doc>Create Session: create a HTTP session to a server</doc>
<status status="PASS" start="2024-07-28T06:20:10.347097" elapsed="0.000449"/>
</kw>
<status status="PASS" start="2024-07-28T06:20:10.345887" elapsed="0.002132"/>
</kw>
<status status="PASS" start="2024-07-28T06:20:10.345051" elapsed="0.003190"/>
</test>
<test id="s1-s1-t2" name="Validar retorno 200 e JSON Válido" line="16">
<kw name="Teste de Requisicao Basica" owner="random-user-service">
<kw name="GET On Session" owner="RequestsLibrary">
<msg time="2024-07-28T06:20:10.921554" level="INFO">GET Request : url=https://randomuser.me/api 
 path_url=/api 
 headers={'User-Agent': 'python-requests/2.32.3', 'Accept-Encoding': 'gzip, deflate', 'Accept': '*/*', 'Connection': 'keep-alive'} 
 body=None 
 </msg>
<msg time="2024-07-28T06:20:10.921749" level="INFO">GET Response : url=https://randomuser.me/api 
 status=200, reason=OK 
 headers={'Date': 'Sun, 28 Jul 2024 06:20:10 GMT', 'Content-Type': 'application/json; charset=utf-8', 'Transfer-Encoding': 'chunked', 'Connection': 'keep-alive', 'X-Powered-By': 'Express', 'Access-Control-Allow-Origin': '*', 'Cache-Control': 'no-cache', 'ETag': 'W/"49e-tTqpGE18ygs+K1imdq5zE/5BIDM"', 'Vary': 'Accept-Encoding', 'Content-Encoding': 'gzip', 'CF-Cache-Status': 'DYNAMIC', 'Report-To': '{"endpoints":[{"url":"https:\\/\\/a.nel.cloudflare.com\\/report\\/v4?s=cSN075TUFucqGAqSbyzvkF%2BhEVvjAnxXpBlfhMLxVBrtZtB4bu8pj0vQUWrCg6nF2ohtdFz7NDCMBl9LvnrYVmLJVLudf83Zewx2kSTc5B7yvVgqLruOZ%2BvfLpHZIq2B"}],"group":"cf-nel","max_age":604800}', 'NEL': '{"success_fraction":0,"report_to":"cf-nel","max_age":604800}', 'Server': 'cloudflare', 'CF-RAY': '8aa2c304ebfb9e6e-SJC', 'alt-svc': 'h3=":443"; ma=86400'} 
 body={"results":[{"gender":"male","name":{"title":"Mr","first":"Cameron","last":"Anderson"},"location":{"street":{"number":9498,"name":"Western Hills Drive"},"city":"Auckland","state":"Wellington","country":"New Zealand","postcode":13723,"coordinates":{"latitude":"52.9954","longitude":"-107.7575"},"timezone":{"offset":"-4:00","description":"Atlantic Time (Canada), Caracas, La Paz"}},"email":"cameron.anderson@example.com","login":{"uuid":"304ff0e0-d8cb-418f-9bd7-9dbe11835f3e","username":"ticklishkoala657","password":"pikachu","salt":"ZFVTfG0J","md5":"867fb494cb2e1b455bb40caad809117f","sha1":"f92e0af73eb304ea90e1cadedc83aadb9785b584","sha256":"a8fedeb918791b05e9a15cd81835b257f51d88e5667aa7ad7b5104a1e06d1118"},"dob":{"date":"1994-02-12T04:09:06.855Z","age":30},"registered":{"date":"2016-12-08T23:21:35.356Z","age":7},"phone":"(015)-239-2846","cell":"(373)-033-3155","id":{"name":"","value":null},"picture":{"large":"https://randomuser.me/api/portraits/men/90.jpg","medium":"https://randomuser.me/api/portraits/med/men/90.jpg","thumbnail":"https://randomuser.me/api/portraits/thumb/men/90.jpg"},"nat":"NZ"}],"info":{"seed":"7bb21315282cfa80","results":1,"page":1,"version":"1.4"}} 
 </msg>
<msg time="2024-07-28T06:20:10.921866" level="INFO">/opt/hostedtoolcache/Python/3.12.4/x64/lib/python3.12/site-packages/urllib3/connectionpool.py:1099: InsecureRequestWarning: Unverified HTTPS request is being made to host 'randomuser.me'. Adding certificate verification is strongly advised. See: https://urllib3.readthedocs.io/en/latest/advanced-usage.html#tls-warnings
  warnings.warn(</msg>
<msg time="2024-07-28T06:20:10.922048" level="INFO">${response} = &lt;Response [200]&gt;</msg>
<var>${response}</var>
<arg>consultarAPI</arg>
<arg>/api</arg>
<doc>Sends a GET request on a previously created HTTP Session.</doc>
<status status="PASS" start="2024-07-28T06:20:10.351241" elapsed="0.570857"/>
</kw>
<kw name="Should Be Equal As Numbers" owner="BuiltIn">
<msg time="2024-07-28T06:20:10.923815" level="INFO">Argument types are:
&lt;class 'int'&gt;
&lt;class 'str'&gt;</msg>
<arg>${response.status_code}</arg>
<arg>200</arg>
<doc>Fails if objects are unequal after converting them to real numbers.</doc>
<status status="PASS" start="2024-07-28T06:20:10.923004" elapsed="0.000886"/>
</kw>
<kw name="Log" owner="BuiltIn">
<msg time="2024-07-28T06:20:10.924683" level="INFO">200</msg>
<arg>${response.status_code}</arg>
<doc>Logs the given message with the given level.</doc>
<status status="PASS" start="2024-07-28T06:20:10.924259" elapsed="0.000470"/>
</kw>
<kw name="Set Variable" owner="BuiltIn">
<msg time="2024-07-28T06:20:10.925616" level="INFO">${json_data} = {'results': [{'gender': 'male', 'name': {'title': 'Mr', 'first': 'Cameron', 'last': 'Anderson'}, 'location': {'street': {'number': 9498, 'name': 'Western Hills Drive'}, 'city': 'Auckland', 'state': 'W...</msg>
<var>${json_data}</var>
<arg>${response.json()}</arg>
<doc>Returns the given values which can then be assigned to a variables.</doc>
<status status="PASS" start="2024-07-28T06:20:10.925071" elapsed="0.000578"/>
</kw>
<kw name="Dictionary Should Contain Key" owner="Collections">
<arg>${json_data}</arg>
<arg>results</arg>
<doc>Fails if ``key`` is not found from ``dictionary``.</doc>
<status status="PASS" start="2024-07-28T06:20:10.925993" elapsed="0.000362"/>
</kw>
<status status="PASS" start="2024-07-28T06:20:10.350966" elapsed="0.575561"/>
</kw>
<doc>Testa se a API responde corretamente e retorna um objeto JSON válido.</doc>
<tag>testeRequisicaoBasica</tag>
<status status="PASS" start="2024-07-28T06:20:10.350432" elapsed="0.576286"/>
</test>
<test id="s1-s1-t3" name="Validar estrutura de resposta" line="22">
<kw name="Teste de Estrutura de Resposta" owner="random-user-service">
<kw name="GET On Session" owner="RequestsLibrary">
<msg time="2024-07-28T06:20:11.176765" level="INFO">GET Request : url=https://randomuser.me/api 
 path_url=/api 
 headers={'User-Agent': 'python-requests/2.32.3', 'Accept-Encoding': 'gzip, deflate', 'Accept': '*/*', 'Connection': 'keep-alive'} 
 body=None 
 </msg>
<msg time="2024-07-28T06:20:11.176903" level="INFO">GET Response : url=https://randomuser.me/api 
 status=200, reason=OK 
 headers={'Date': 'Sun, 28 Jul 2024 06:20:11 GMT', 'Content-Type': 'application/json; charset=utf-8', 'Transfer-Encoding': 'chunked', 'Connection': 'keep-alive', 'X-Powered-By': 'Express', 'Access-Control-Allow-Origin': '*', 'Cache-Control': 'no-cache', 'ETag': 'W/"49b-0AWrjJyPyGHcyZ010IXuJdKlKfc"', 'Vary': 'Accept-Encoding', 'Content-Encoding': 'gzip', 'CF-Cache-Status': 'DYNAMIC', 'Report-To': '{"endpoints":[{"url":"https:\\/\\/a.nel.cloudflare.com\\/report\\/v4?s=Jap6mEokQbSa1F3XS6EL7sYlNiN2F%2Fuzx7ASEV1gh4i1HYipkbmKlos1RKcU2nuBSFSeuAx1OQl1K5FiLQfOlo0FOf4bNEf0zFQZZe4P6jgqqalbsTL%2BwtMSDWrw8Mei"}],"group":"cf-nel","max_age":604800}', 'NEL': '{"success_fraction":0,"report_to":"cf-nel","max_age":604800}', 'Server': 'cloudflare', 'CF-RAY': '8aa2c3085eae9e6e-SJC', 'alt-svc': 'h3=":443"; ma=86400'} 
 body={"results":[{"gender":"female","name":{"title":"Ms","first":"Romee","last":"Kuijer"},"location":{"street":{"number":6104,"name":"Dalwagenseweg"},"city":"Heerjansdam","state":"Utrecht","country":"Netherlands","postcode":"4271 VF","coordinates":{"latitude":"30.8607","longitude":"80.8154"},"timezone":{"offset":"+10:00","description":"Eastern Australia, Guam, Vladivostok"}},"email":"romee.kuijer@example.com","login":{"uuid":"c6be955d-e9f7-4e3f-9b35-8fa928e5e3f6","username":"greenlion959","password":"cayman","salt":"K9E5m9tT","md5":"829094c5d92dcf1caa199186bfac788c","sha1":"a51d9e4a5a63f1bdbf2b1f4df4fda6345302ab17","sha256":"fd2c641148aaff614187e8b025e89089b52451cd99860570d515a26a8dceac80"},"dob":{"date":"1980-03-13T03:55:55.805Z","age":44},"registered":{"date":"2014-05-31T12:31:40.159Z","age":10},"phone":"(059) 3829409","cell":"(06) 78546931","id":{"name":"BSN","value":"22480649"},"picture":{"large":"https://randomuser.me/api/portraits/women/15.jpg","medium":"https://randomuser.me/api/portraits/med/women/15.jpg","thumbnail":"https://randomuser.me/api/portraits/thumb/women/15.jpg"},"nat":"NL"}],"info":{"seed":"13d8f567dc1516e6","results":1,"page":1,"version":"1.4"}} 
 </msg>
<msg time="2024-07-28T06:20:11.177088" level="INFO">/opt/hostedtoolcache/Python/3.12.4/x64/lib/python3.12/site-packages/urllib3/connectionpool.py:1099: InsecureRequestWarning: Unverified HTTPS request is being made to host 'randomuser.me'. Adding certificate verification is strongly advised. See: https://urllib3.readthedocs.io/en/latest/advanced-usage.html#tls-warnings
  warnings.warn(</msg>
<msg time="2024-07-28T06:20:11.177274" level="INFO">${response} = &lt;Response [200]&gt;</msg>
<var>${response}</var>
<arg>consultarAPI</arg>
<arg>/api</arg>
<doc>Sends a GET request on a previously created HTTP Session.</doc>
<status status="PASS" start="2024-07-28T06:20:10.929809" elapsed="0.247526"/>
</kw>
<kw name="Set Variable" owner="BuiltIn">
<msg time="2024-07-28T06:20:11.179335" level="INFO">${json_data} = {'results': [{'gender': 'female', 'name': {'title': 'Ms', 'first': 'Romee', 'last': 'Kuijer'}, 'location': {'street': {'number': 6104, 'name': 'Dalwagenseweg'}, 'city': 'Heerjansdam', 'state': 'Utrech...</msg>
<var>${json_data}</var>
<arg>${response.json()}</arg>
<doc>Returns the given values which can then be assigned to a variables.</doc>
<status status="PASS" start="2024-07-28T06:20:11.178275" elapsed="0.001097"/>
</kw>
<kw name="Log" owner="BuiltIn">
<msg time="2024-07-28T06:20:11.179959" level="INFO">{'results': [{'gender': 'female', 'name': {'title': 'Ms', 'first': 'Romee', 'last': 'Kuijer'}, 'location': {'street': {'number': 6104, 'name': 'Dalwagenseweg'}, 'city': 'Heerjansdam', 'state': 'Utrecht', 'country': 'Netherlands', 'postcode': '4271 VF', 'coordinates': {'latitude': '30.8607', 'longitude': '80.8154'}, 'timezone': {'offset': '+10:00', 'description': 'Eastern Australia, Guam, Vladivostok'}}, 'email': 'romee.kuijer@example.com', 'login': {'uuid': 'c6be955d-e9f7-4e3f-9b35-8fa928e5e3f6', 'username': 'greenlion959', 'password': 'cayman', 'salt': 'K9E5m9tT', 'md5': '829094c5d92dcf1caa199186bfac788c', 'sha1': 'a51d9e4a5a63f1bdbf2b1f4df4fda6345302ab17', 'sha256': 'fd2c641148aaff614187e8b025e89089b52451cd99860570d515a26a8dceac80'}, 'dob': {'date': '1980-03-13T03:55:55.805Z', 'age': 44}, 'registered': {'date': '2014-05-31T12:31:40.159Z', 'age': 10}, 'phone': '(059) 3829409', 'cell': '(06) 78546931', 'id': {'name': 'BSN', 'value': '22480649'}, 'picture': {'large': 'https://randomuser.me/api/portraits/women/15.jpg', 'medium': 'https://randomuser.me/api/portraits/med/women/15.jpg', 'thumbnail': 'https://randomuser.me/api/portraits/thumb/women/15.jpg'}, 'nat': 'NL'}], 'info': {'seed': '13d8f567dc1516e6', 'results': 1, 'page': 1, 'version': '1.4'}}</msg>
<arg>${json_data}</arg>
<doc>Logs the given message with the given level.</doc>
<status status="PASS" start="2024-07-28T06:20:11.179755" elapsed="0.000263"/>
</kw>
<kw name="Dictionary Should Contain Key" owner="Collections">
<arg>${json_data}</arg>
<arg>results</arg>
<doc>Fails if ``key`` is not found from ``dictionary``.</doc>
<status status="PASS" start="2024-07-28T06:20:11.180351" elapsed="0.000186"/>
</kw>
<kw name="Should Not Be Empty" owner="BuiltIn">
<msg time="2024-07-28T06:20:11.180894" level="INFO">Length is 2.</msg>
<arg>${json_data}</arg>
<doc>Verifies that the given item is not empty.</doc>
<status status="PASS" start="2024-07-28T06:20:11.180755" elapsed="0.000181"/>
</kw>
<kw name="Create List" owner="BuiltIn">
<msg time="2024-07-28T06:20:11.181460" level="INFO">${expected_keys} = ['gender', 'name', 'location', 'email', 'login']</msg>
<var>${expected_keys}</var>
<arg>gender</arg>
<arg>name</arg>
<arg>location</arg>
<arg>email</arg>
<arg>login</arg>
<doc>Returns a list containing given items.</doc>
<status status="PASS" start="2024-07-28T06:20:11.181260" elapsed="0.000236"/>
</kw>
<for flavor="IN">
<iter>
<kw name="Dictionary Should Contain Key" owner="Collections">
<arg>${json_data['results'][0]}</arg>
<arg>${key}</arg>
<doc>Fails if ``key`` is not found from ``dictionary``.</doc>
<status status="PASS" start="2024-07-28T06:20:11.182175" elapsed="0.000454"/>
</kw>
<kw name="Log" owner="BuiltIn">
<msg time="2024-07-28T06:20:11.183237" level="INFO">{'gender': 'female', 'name': {'title': 'Ms', 'first': 'Romee', 'last': 'Kuijer'}, 'location': {'street': {'number': 6104, 'name': 'Dalwagenseweg'}, 'city': 'Heerjansdam', 'state': 'Utrecht', 'country': 'Netherlands', 'postcode': '4271 VF', 'coordinates': {'latitude': '30.8607', 'longitude': '80.8154'}, 'timezone': {'offset': '+10:00', 'description': 'Eastern Australia, Guam, Vladivostok'}}, 'email': 'romee.kuijer@example.com', 'login': {'uuid': 'c6be955d-e9f7-4e3f-9b35-8fa928e5e3f6', 'username': 'greenlion959', 'password': 'cayman', 'salt': 'K9E5m9tT', 'md5': '829094c5d92dcf1caa199186bfac788c', 'sha1': 'a51d9e4a5a63f1bdbf2b1f4df4fda6345302ab17', 'sha256': 'fd2c641148aaff614187e8b025e89089b52451cd99860570d515a26a8dceac80'}, 'dob': {'date': '1980-03-13T03:55:55.805Z', 'age': 44}, 'registered': {'date': '2014-05-31T12:31:40.159Z', 'age': 10}, 'phone': '(059) 3829409', 'cell': '(06) 78546931', 'id': {'name': 'BSN', 'value': '22480649'}, 'picture': {'large': 'https://randomuser.me/api/portraits/women/15.jpg', 'medium': 'https://randomuser.me/api/portraits/med/women/15.jpg', 'thumbnail': 'https://randomuser.me/api/portraits/thumb/women/15.jpg'}, 'nat': 'NL'}</msg>
<arg>${json_data['results'][0]}</arg>
<doc>Logs the given message with the given level.</doc>
<status status="PASS" start="2024-07-28T06:20:11.182842" elapsed="0.000450"/>
</kw>
<kw name="Log" owner="BuiltIn">
<msg time="2024-07-28T06:20:11.183762" level="INFO">gender</msg>
<arg>${key}</arg>
<doc>Logs the given message with the given level.</doc>
<status status="PASS" start="2024-07-28T06:20:11.183619" elapsed="0.000185"/>
</kw>
<var name="${key}">gender</var>
<status status="PASS" start="2024-07-28T06:20:11.182019" elapsed="0.002025"/>
</iter>
<iter>
<kw name="Dictionary Should Contain Key" owner="Collections">
<arg>${json_data['results'][0]}</arg>
<arg>${key}</arg>
<doc>Fails if ``key`` is not found from ``dictionary``.</doc>
<status status="PASS" start="2024-07-28T06:20:11.184372" elapsed="0.000432"/>
</kw>
<kw name="Log" owner="BuiltIn">
<msg time="2024-07-28T06:20:11.185404" level="INFO">{'gender': 'female', 'name': {'title': 'Ms', 'first': 'Romee', 'last': 'Kuijer'}, 'location': {'street': {'number': 6104, 'name': 'Dalwagenseweg'}, 'city': 'Heerjansdam', 'state': 'Utrecht', 'country': 'Netherlands', 'postcode': '4271 VF', 'coordinates': {'latitude': '30.8607', 'longitude': '80.8154'}, 'timezone': {'offset': '+10:00', 'description': 'Eastern Australia, Guam, Vladivostok'}}, 'email': 'romee.kuijer@example.com', 'login': {'uuid': 'c6be955d-e9f7-4e3f-9b35-8fa928e5e3f6', 'username': 'greenlion959', 'password': 'cayman', 'salt': 'K9E5m9tT', 'md5': '829094c5d92dcf1caa199186bfac788c', 'sha1': 'a51d9e4a5a63f1bdbf2b1f4df4fda6345302ab17', 'sha256': 'fd2c641148aaff614187e8b025e89089b52451cd99860570d515a26a8dceac80'}, 'dob': {'date': '1980-03-13T03:55:55.805Z', 'age': 44}, 'registered': {'date': '2014-05-31T12:31:40.159Z', 'age': 10}, 'phone': '(059) 3829409', 'cell': '(06) 78546931', 'id': {'name': 'BSN', 'value': '22480649'}, 'picture': {'large': 'https://randomuser.me/api/portraits/women/15.jpg', 'medium': 'https://randomuser.me/api/portraits/med/women/15.jpg', 'thumbnail': 'https://randomuser.me/api/portraits/thumb/women/15.jpg'}, 'nat': 'NL'}</msg>
<arg>${json_data['results'][0]}</arg>
<doc>Logs the given message with the given level.</doc>
<status status="PASS" start="2024-07-28T06:20:11.185005" elapsed="0.000530"/>
</kw>
<kw name="Log" owner="BuiltIn">
<msg time="2024-07-28T06:20:11.186008" level="INFO">name</msg>
<arg>${key}</arg>
<doc>Logs the given message with the given level.</doc>
<status status="PASS" start="2024-07-28T06:20:11.185867" elapsed="0.000183"/>
</kw>
<var name="${key}">name</var>
<status status="PASS" start="2024-07-28T06:20:11.184249" elapsed="0.002038"/>
</iter>
<iter>
<kw name="Dictionary Should Contain Key" owner="Collections">
<arg>${json_data['results'][0]}</arg>
<arg>${key}</arg>
<doc>Fails if ``key`` is not found from ``dictionary``.</doc>
<status status="PASS" start="2024-07-28T06:20:11.186599" elapsed="0.000423"/>
</kw>
<kw name="Log" owner="BuiltIn">
<msg time="2024-07-28T06:20:11.187622" level="INFO">{'gender': 'female', 'name': {'title': 'Ms', 'first': 'Romee', 'last': 'Kuijer'}, 'location': {'street': {'number': 6104, 'name': 'Dalwagenseweg'}, 'city': 'Heerjansdam', 'state': 'Utrecht', 'country': 'Netherlands', 'postcode': '4271 VF', 'coordinates': {'latitude': '30.8607', 'longitude': '80.8154'}, 'timezone': {'offset': '+10:00', 'description': 'Eastern Australia, Guam, Vladivostok'}}, 'email': 'romee.kuijer@example.com', 'login': {'uuid': 'c6be955d-e9f7-4e3f-9b35-8fa928e5e3f6', 'username': 'greenlion959', 'password': 'cayman', 'salt': 'K9E5m9tT', 'md5': '829094c5d92dcf1caa199186bfac788c', 'sha1': 'a51d9e4a5a63f1bdbf2b1f4df4fda6345302ab17', 'sha256': 'fd2c641148aaff614187e8b025e89089b52451cd99860570d515a26a8dceac80'}, 'dob': {'date': '1980-03-13T03:55:55.805Z', 'age': 44}, 'registered': {'date': '2014-05-31T12:31:40.159Z', 'age': 10}, 'phone': '(059) 3829409', 'cell': '(06) 78546931', 'id': {'name': 'BSN', 'value': '22480649'}, 'picture': {'large': 'https://randomuser.me/api/portraits/women/15.jpg', 'medium': 'https://randomuser.me/api/portraits/med/women/15.jpg', 'thumbnail': 'https://randomuser.me/api/portraits/thumb/women/15.jpg'}, 'nat': 'NL'}</msg>
<arg>${json_data['results'][0]}</arg>
<doc>Logs the given message with the given level.</doc>
<status status="PASS" start="2024-07-28T06:20:11.187227" elapsed="0.000450"/>
</kw>
<kw name="Log" owner="BuiltIn">
<msg time="2024-07-28T06:20:11.188156" level="INFO">location</msg>
<arg>${key}</arg>
<doc>Logs the given message with the given level.</doc>
<status status="PASS" start="2024-07-28T06:20:11.188012" elapsed="0.000186"/>
</kw>
<var name="${key}">location</var>
<status status="PASS" start="2024-07-28T06:20:11.186481" elapsed="0.001956"/>
</iter>
<iter>
<kw name="Dictionary Should Contain Key" owner="Collections">
<arg>${json_data['results'][0]}</arg>
<arg>${key}</arg>
<doc>Fails if ``key`` is not found from ``dictionary``.</doc>
<status status="PASS" start="2024-07-28T06:20:11.188747" elapsed="0.000432"/>
</kw>
<kw name="Log" owner="BuiltIn">
<msg time="2024-07-28T06:20:11.189980" level="INFO">{'gender': 'female', 'name': {'title': 'Ms', 'first': 'Romee', 'last': 'Kuijer'}, 'location': {'street': {'number': 6104, 'name': 'Dalwagenseweg'}, 'city': 'Heerjansdam', 'state': 'Utrecht', 'country': 'Netherlands', 'postcode': '4271 VF', 'coordinates': {'latitude': '30.8607', 'longitude': '80.8154'}, 'timezone': {'offset': '+10:00', 'description': 'Eastern Australia, Guam, Vladivostok'}}, 'email': 'romee.kuijer@example.com', 'login': {'uuid': 'c6be955d-e9f7-4e3f-9b35-8fa928e5e3f6', 'username': 'greenlion959', 'password': 'cayman', 'salt': 'K9E5m9tT', 'md5': '829094c5d92dcf1caa199186bfac788c', 'sha1': 'a51d9e4a5a63f1bdbf2b1f4df4fda6345302ab17', 'sha256': 'fd2c641148aaff614187e8b025e89089b52451cd99860570d515a26a8dceac80'}, 'dob': {'date': '1980-03-13T03:55:55.805Z', 'age': 44}, 'registered': {'date': '2014-05-31T12:31:40.159Z', 'age': 10}, 'phone': '(059) 3829409', 'cell': '(06) 78546931', 'id': {'name': 'BSN', 'value': '22480649'}, 'picture': {'large': 'https://randomuser.me/api/portraits/women/15.jpg', 'medium': 'https://randomuser.me/api/portraits/med/women/15.jpg', 'thumbnail': 'https://randomuser.me/api/portraits/thumb/women/15.jpg'}, 'nat': 'NL'}</msg>
<arg>${json_data['results'][0]}</arg>
<doc>Logs the given message with the given level.</doc>
<status status="PASS" start="2024-07-28T06:20:11.189571" elapsed="0.000467"/>
</kw>
<kw name="Log" owner="BuiltIn">
<msg time="2024-07-28T06:20:11.190517" level="INFO">email</msg>
<arg>${key}</arg>
<doc>Logs the given message with the given level.</doc>
<status status="PASS" start="2024-07-28T06:20:11.190370" elapsed="0.000191"/>
</kw>
<var name="${key}">email</var>
<status status="PASS" start="2024-07-28T06:20:11.188629" elapsed="0.002185"/>
</iter>
<iter>
<kw name="Dictionary Should Contain Key" owner="Collections">
<arg>${json_data['results'][0]}</arg>
<arg>${key}</arg>
<doc>Fails if ``key`` is not found from ``dictionary``.</doc>
<status status="PASS" start="2024-07-28T06:20:11.191127" elapsed="0.000447"/>
</kw>
<kw name="Log" owner="BuiltIn">
<msg time="2024-07-28T06:20:11.192173" level="INFO">{'gender': 'female', 'name': {'title': 'Ms', 'first': 'Romee', 'last': 'Kuijer'}, 'location': {'street': {'number': 6104, 'name': 'Dalwagenseweg'}, 'city': 'Heerjansdam', 'state': 'Utrecht', 'country': 'Netherlands', 'postcode': '4271 VF', 'coordinates': {'latitude': '30.8607', 'longitude': '80.8154'}, 'timezone': {'offset': '+10:00', 'description': 'Eastern Australia, Guam, Vladivostok'}}, 'email': 'romee.kuijer@example.com', 'login': {'uuid': 'c6be955d-e9f7-4e3f-9b35-8fa928e5e3f6', 'username': 'greenlion959', 'password': 'cayman', 'salt': 'K9E5m9tT', 'md5': '829094c5d92dcf1caa199186bfac788c', 'sha1': 'a51d9e4a5a63f1bdbf2b1f4df4fda6345302ab17', 'sha256': 'fd2c641148aaff614187e8b025e89089b52451cd99860570d515a26a8dceac80'}, 'dob': {'date': '1980-03-13T03:55:55.805Z', 'age': 44}, 'registered': {'date': '2014-05-31T12:31:40.159Z', 'age': 10}, 'phone': '(059) 3829409', 'cell': '(06) 78546931', 'id': {'name': 'BSN', 'value': '22480649'}, 'picture': {'large': 'https://randomuser.me/api/portraits/women/15.jpg', 'medium': 'https://randomuser.me/api/portraits/med/women/15.jpg', 'thumbnail': 'https://randomuser.me/api/portraits/thumb/women/15.jpg'}, 'nat': 'NL'}</msg>
<arg>${json_data['results'][0]}</arg>
<doc>Logs the given message with the given level.</doc>
<status status="PASS" start="2024-07-28T06:20:11.191776" elapsed="0.000454"/>
</kw>
<kw name="Log" owner="BuiltIn">
<msg time="2024-07-28T06:20:11.192700" level="INFO">login</msg>
<arg>${key}</arg>
<doc>Logs the given message with the given level.</doc>
<status status="PASS" start="2024-07-28T06:20:11.192556" elapsed="0.000186"/>
</kw>
<var name="${key}">login</var>
<status status="PASS" start="2024-07-28T06:20:11.191007" elapsed="0.001976"/>
</iter>
<var>${key}</var>
<value>@{expected_keys}</value>
<status status="PASS" start="2024-07-28T06:20:11.181806" elapsed="0.011310"/>
</for>
<kw name="Create List" owner="BuiltIn">
<msg time="2024-07-28T06:20:11.193570" level="INFO">${expected_keysTwo} = ['username', 'password']</msg>
<var>${expected_keysTwo}</var>
<arg>username</arg>
<arg>password</arg>
<doc>Returns a list containing given items.</doc>
<status status="PASS" start="2024-07-28T06:20:11.193327" elapsed="0.000273"/>
</kw>
<for flavor="IN">
<iter>
<kw name="Dictionary Should Contain Key" owner="Collections">
<arg>${json_data['results'][0]['login']}</arg>
<arg>${keyTwo}</arg>
<doc>Fails if ``key`` is not found from ``dictionary``.</doc>
<status status="PASS" start="2024-07-28T06:20:11.194174" elapsed="0.000443"/>
</kw>
<kw name="Dictionary Should Contain Key" owner="Collections">
<arg>${json_data['results'][0]['login']}</arg>
<arg>${keyTwo}</arg>
<doc>Fails if ``key`` is not found from ``dictionary``.</doc>
<status status="PASS" start="2024-07-28T06:20:11.194831" elapsed="0.000416"/>
</kw>
<kw name="Log" owner="BuiltIn">
<msg time="2024-07-28T06:20:11.195576" level="INFO">username</msg>
<arg>${keyTwo}</arg>
<doc>Logs the given message with the given level.</doc>
<status status="PASS" start="2024-07-28T06:20:11.195445" elapsed="0.000172"/>
</kw>
<var name="${keyTwo}">username</var>
<status status="PASS" start="2024-07-28T06:20:11.194051" elapsed="0.001807"/>
</iter>
<iter>
<kw name="Dictionary Should Contain Key" owner="Collections">
<arg>${json_data['results'][0]['login']}</arg>
<arg>${keyTwo}</arg>
<doc>Fails if ``key`` is not found from ``dictionary``.</doc>
<status status="PASS" start="2024-07-28T06:20:11.196173" elapsed="0.000419"/>
</kw>
<kw name="Dictionary Should Contain Key" owner="Collections">
<arg>${json_data['results'][0]['login']}</arg>
<arg>${keyTwo}</arg>
<doc>Fails if ``key`` is not found from ``dictionary``.</doc>
<status status="PASS" start="2024-07-28T06:20:11.196791" elapsed="0.000424"/>
</kw>
<kw name="Log" owner="BuiltIn">
<msg time="2024-07-28T06:20:11.197609" level="INFO">password</msg>
<arg>${keyTwo}</arg>
<doc>Logs the given message with the given level.</doc>
<status status="PASS" start="2024-07-28T06:20:11.197410" elapsed="0.000242"/>
</kw>
<var name="${keyTwo}">password</var>
<status status="PASS" start="2024-07-28T06:20:11.196050" elapsed="0.001851"/>
</iter>
<var>${keyTwo}</var>
<value>@{expected_keysTwo}</value>
<status status="PASS" start="2024-07-28T06:20:11.193877" elapsed="0.004163"/>
</for>
<status status="PASS" start="2024-07-28T06:20:10.929537" elapsed="0.268659"/>
</kw>
<doc>Testa a estrutura da resposta da API.</doc>
<tag>testeEstruturaResposta</tag>
<status status="PASS" start="2024-07-28T06:20:10.928906" elapsed="0.269465"/>
</test>
<test id="s1-s1-t4" name="Validar tipos de dados" line="28">
<kw name="Teste de Tipos de Dados" owner="random-user-service">
<kw name="GET On Session" owner="RequestsLibrary">
<msg time="2024-07-28T06:20:11.331311" level="INFO">GET Request : url=https://randomuser.me/api 
 path_url=/api 
 headers={'User-Agent': 'python-requests/2.32.3', 'Accept-Encoding': 'gzip, deflate', 'Accept': '*/*', 'Connection': 'keep-alive'} 
 body=None 
 </msg>
<msg time="2024-07-28T06:20:11.331448" level="INFO">GET Response : url=https://randomuser.me/api 
 status=200, reason=OK 
 headers={'Date': 'Sun, 28 Jul 2024 06:20:11 GMT', 'Content-Type': 'application/json; charset=utf-8', 'Transfer-Encoding': 'chunked', 'Connection': 'keep-alive', 'X-Powered-By': 'Express', 'Access-Control-Allow-Origin': '*', 'Cache-Control': 'no-cache', 'ETag': 'W/"481-B2CybtMD9GXnPpn/lDy27tacnVw"', 'Vary': 'Accept-Encoding', 'Content-Encoding': 'gzip', 'CF-Cache-Status': 'DYNAMIC', 'Report-To': '{"endpoints":[{"url":"https:\\/\\/a.nel.cloudflare.com\\/report\\/v4?s=ZzTosvV8x33R76v6OzvrP7txe3ax5L%2FDd4dlOeWWk0pRodKHUDtbX3RHlpNu6kqlbv%2BN3kA2JRuJ4SQu14B3E2sUMCNP962U94Yh1CrtFxwzwlp8RXL4ODesHi9M%2B2iU"}],"group":"cf-nel","max_age":604800}', 'NEL': '{"success_fraction":0,"report_to":"cf-nel","max_age":604800}', 'Server': 'cloudflare', 'CF-RAY': '8aa2c30a0fc89e6e-SJC', 'alt-svc': 'h3=":443"; ma=86400'} 
 body={"results":[{"gender":"male","name":{"title":"Mr","first":"Rodger","last":"Van Zaanen"},"location":{"street":{"number":3379,"name":"Beverloweg"},"city":"Berg en Terblijt","state":"Utrecht","country":"Netherlands","postcode":"1389 UX","coordinates":{"latitude":"32.4046","longitude":"-26.4732"},"timezone":{"offset":"-10:00","description":"Hawaii"}},"email":"rodger.vanzaanen@example.com","login":{"uuid":"ce1521c0-0a8d-47b1-bb94-c5be9626cdfc","username":"organicfish804","password":"pippo","salt":"bOG2BSfS","md5":"570758a4c1c2b3408cb8fb78102b649f","sha1":"f9c1cb7f36197b943b8840b378f2bf02ecebe088","sha256":"dfc20346aa8d5d57405df2ad480bcc4b5dda28eeb7f083575a4732428927ef48"},"dob":{"date":"1963-06-01T05:40:56.464Z","age":61},"registered":{"date":"2016-09-24T14:06:56.194Z","age":7},"phone":"(0012) 846089","cell":"(06) 30628143","id":{"name":"BSN","value":"37987218"},"picture":{"large":"https://randomuser.me/api/portraits/men/91.jpg","medium":"https://randomuser.me/api/portraits/med/men/91.jpg","thumbnail":"https://randomuser.me/api/portraits/thumb/men/91.jpg"},"nat":"NL"}],"info":{"seed":"6f6a56578503b74c","results":1,"page":1,"version":"1.4"}} 
 </msg>
<msg time="2024-07-28T06:20:11.331564" level="INFO">/opt/hostedtoolcache/Python/3.12.4/x64/lib/python3.12/site-packages/urllib3/connectionpool.py:1099: InsecureRequestWarning: Unverified HTTPS request is being made to host 'randomuser.me'. Adding certificate verification is strongly advised. See: https://urllib3.readthedocs.io/en/latest/advanced-usage.html#tls-warnings
  warnings.warn(</msg>
<msg time="2024-07-28T06:20:11.331727" level="INFO">${response} = &lt;Response [200]&gt;</msg>
<var>${response}</var>
<arg>consultarAPI</arg>
<arg>/api</arg>
<doc>Sends a GET request on a previously created HTTP Session.</doc>
<status status="PASS" start="2024-07-28T06:20:11.201199" elapsed="0.130594"/>
</kw>
<kw name="Set Variable" owner="BuiltIn">
<msg time="2024-07-28T06:20:11.333235" level="INFO">${json_data} = {'results': [{'gender': 'male', 'name': {'title': 'Mr', 'first': 'Rodger', 'last': 'Van Zaanen'}, 'location': {'street': {'number': 3379, 'name': 'Beverloweg'}, 'city': 'Berg en Terblijt', 'state': 'U...</msg>
<var>${json_data}</var>
<arg>${response.json()}</arg>
<doc>Returns the given values which can then be assigned to a variables.</doc>
<status status="PASS" start="2024-07-28T06:20:11.332493" elapsed="0.000778"/>
</kw>
<kw name="Log" owner="BuiltIn">
<msg time="2024-07-28T06:20:11.333922" level="INFO">{'results': [{'gender': 'male', 'name': {'title': 'Mr', 'first': 'Rodger', 'last': 'Van Zaanen'}, 'location': {'street': {'number': 3379, 'name': 'Beverloweg'}, 'city': 'Berg en Terblijt', 'state': 'Utrecht', 'country': 'Netherlands', 'postcode': '1389 UX', 'coordinates': {'latitude': '32.4046', 'longitude': '-26.4732'}, 'timezone': {'offset': '-10:00', 'description': 'Hawaii'}}, 'email': 'rodger.vanzaanen@example.com', 'login': {'uuid': 'ce1521c0-0a8d-47b1-bb94-c5be9626cdfc', 'username': 'organicfish804', 'password': 'pippo', 'salt': 'bOG2BSfS', 'md5': '570758a4c1c2b3408cb8fb78102b649f', 'sha1': 'f9c1cb7f36197b943b8840b378f2bf02ecebe088', 'sha256': 'dfc20346aa8d5d57405df2ad480bcc4b5dda28eeb7f083575a4732428927ef48'}, 'dob': {'date': '1963-06-01T05:40:56.464Z', 'age': 61}, 'registered': {'date': '2016-09-24T14:06:56.194Z', 'age': 7}, 'phone': '(0012) 846089', 'cell': '(06) 30628143', 'id': {'name': 'BSN', 'value': '37987218'}, 'picture': {'large': 'https://randomuser.me/api/portraits/men/91.jpg', 'medium': 'https://randomuser.me/api/portraits/med/men/91.jpg', 'thumbnail': 'https://randomuser.me/api/portraits/thumb/men/91.jpg'}, 'nat': 'NL'}], 'info': {'seed': '6f6a56578503b74c', 'results': 1, 'page': 1, 'version': '1.4'}}</msg>
<arg>${json_data}</arg>
<doc>Logs the given message with the given level.</doc>
<status status="PASS" start="2024-07-28T06:20:11.333719" elapsed="0.000276"/>
</kw>
<kw name="Should Be String" owner="String">
<arg>${json_data['results'][0]['gender']}</arg>
<doc>Fails if the given ``item`` is not a string.</doc>
<status status="PASS" start="2024-07-28T06:20:11.334350" elapsed="0.000436"/>
</kw>
<kw name="Should Match Regexp" owner="BuiltIn">
<arg>${json_data['results'][0]['email']}</arg>
<arg>^[a-zA-Z0-9._%+-]+@[a-zA-Z0-9.-]+\.[a-zA-Z]{2,}$</arg>
<doc>Fails if ``string`` does not match ``pattern`` as a regular expression.</doc>
<status status="PASS" start="2024-07-28T06:20:11.334997" elapsed="0.000625"/>
</kw>
<kw name="Should Match Regexp" owner="BuiltIn">
<arg>${json_data['results'][0]['dob']['date']}</arg>
<arg>\\d{4}-\\d{2}-\\d{2}T\\d{2}:\\d{2}:\\d{2}\\.\\d{3}Z</arg>
<doc>Fails if ``string`` does not match ``pattern`` as a regular expression.</doc>
<status status="PASS" start="2024-07-28T06:20:11.335838" elapsed="0.000709"/>
</kw>
<kw name="Should Match Regexp" owner="BuiltIn">
<arg>${json_data['results'][0]['registered']['date']}</arg>
<arg>\\d{4}-\\d{2}-\\d{2}T\\d{2}:\\d{2}:\\d{2}\\.\\d{3}Z</arg>
<doc>Fails if ``string`` does not match ``pattern`` as a regular expression.</doc>
<status status="PASS" start="2024-07-28T06:20:11.336761" elapsed="0.000418"/>
</kw>
<kw name="Should Match Regexp" owner="BuiltIn">
<arg>${json_data['results'][0]['picture']['large']}</arg>
<arg>^https?://.*\.(?:png|jpe?g|gif|bmp)$</arg>
<doc>Fails if ``string`` does not match ``pattern`` as a regular expression.</doc>
<status status="PASS" start="2024-07-28T06:20:11.337385" elapsed="0.000651"/>
</kw>
<kw name="Should Match Regexp" owner="BuiltIn">
<arg>${json_data['results'][0]['picture']['medium']}</arg>
<arg>^https?://.*\.(?:png|jpe?g|gif|bmp)$</arg>
<doc>Fails if ``string`` does not match ``pattern`` as a regular expression.</doc>
<status status="PASS" start="2024-07-28T06:20:11.338249" elapsed="0.000406"/>
</kw>
<kw name="Should Match Regexp" owner="BuiltIn">
<arg>${json_data['results'][0]['picture']['thumbnail']}</arg>
<arg>^https?://.*\.(?:png|jpe?g|gif|bmp)$</arg>
<doc>Fails if ``string`` does not match ``pattern`` as a regular expression.</doc>
<status status="PASS" start="2024-07-28T06:20:11.338861" elapsed="0.000393"/>
</kw>
<kw name="Log" owner="BuiltIn">
<msg time="2024-07-28T06:20:11.339827" level="INFO">{'large': 'https://randomuser.me/api/portraits/men/91.jpg', 'medium': 'https://randomuser.me/api/portraits/med/men/91.jpg', 'thumbnail': 'https://randomuser.me/api/portraits/thumb/men/91.jpg'}</msg>
<arg>${json_data['results'][0]['picture']}</arg>
<doc>Logs the given message with the given level.</doc>
<status status="PASS" start="2024-07-28T06:20:11.339454" elapsed="0.000420"/>
</kw>
<status status="PASS" start="2024-07-28T06:20:11.200929" elapsed="0.139233"/>
</kw>
<kw name="Teste de Tipos de Dados - Postcode" owner="random-user-service">
<kw name="GET On Session" owner="RequestsLibrary">
<msg time="2024-07-28T06:20:11.445166" level="INFO">GET Request : url=https://randomuser.me/api 
 path_url=/api 
 headers={'User-Agent': 'python-requests/2.32.3', 'Accept-Encoding': 'gzip, deflate', 'Accept': '*/*', 'Connection': 'keep-alive'} 
 body=None 
 </msg>
<msg time="2024-07-28T06:20:11.445298" level="INFO">GET Response : url=https://randomuser.me/api 
 status=200, reason=OK 
 headers={'Date': 'Sun, 28 Jul 2024 06:20:11 GMT', 'Content-Type': 'application/json; charset=utf-8', 'Transfer-Encoding': 'chunked', 'Connection': 'keep-alive', 'X-Powered-By': 'Express', 'Access-Control-Allow-Origin': '*', 'Cache-Control': 'no-cache', 'ETag': 'W/"47f-guhp5DGNKh2hJq1xii0TCp7gIGw"', 'Vary': 'Accept-Encoding', 'Content-Encoding': 'gzip', 'CF-Cache-Status': 'DYNAMIC', 'Report-To': '{"endpoints":[{"url":"https:\\/\\/a.nel.cloudflare.com\\/report\\/v4?s=oxeHr%2FChygcsH3NUUAgA%2Be4nSoQY%2F9IuNb0wgkqSWTdBjkGP%2Fjp1veKrmKmLPMjlsMD3lMWPp9L29Gmgqs66gulmUnKXNzq4b18TryKtHTpCZOLq823G4x5SHw9gF9NM"}],"group":"cf-nel","max_age":604800}', 'NEL': '{"success_fraction":0,"report_to":"cf-nel","max_age":604800}', 'Server': 'cloudflare', 'CF-RAY': '8aa2c30ae8749e6e-SJC', 'alt-svc': 'h3=":443"; ma=86400'} 
 body={"results":[{"gender":"male","name":{"title":"Mr","first":"Chris","last":"Stephens"},"location":{"street":{"number":6322,"name":"Hillcrest Rd"},"city":"Los Angeles","state":"New York","country":"United States","postcode":40656,"coordinates":{"latitude":"85.2827","longitude":"-37.0632"},"timezone":{"offset":"+4:30","description":"Kabul"}},"email":"chris.stephens@example.com","login":{"uuid":"2daa58a5-1f2f-42f4-8d17-e9a4519c29a4","username":"beautifulkoala889","password":"slayer","salt":"g7k7j8pH","md5":"2633d131821b62b6e7e0a79ca102c69c","sha1":"ce550555055d835a188ff8116d35c109bfce6ee9","sha256":"c21e2893bff7e0adb5551755df6a453966bf5d57be4d69abd4d8b6c1dc9837b6"},"dob":{"date":"1977-08-28T22:49:55.997Z","age":46},"registered":{"date":"2015-07-18T18:05:39.377Z","age":9},"phone":"(405) 816-6232","cell":"(725) 255-0529","id":{"name":"SSN","value":"415-02-2214"},"picture":{"large":"https://randomuser.me/api/portraits/men/30.jpg","medium":"https://randomuser.me/api/portraits/med/men/30.jpg","thumbnail":"https://randomuser.me/api/portraits/thumb/men/30.jpg"},"nat":"US"}],"info":{"seed":"1023c40a10625799","results":1,"page":1,"version":"1.4"}} 
 </msg>
<msg time="2024-07-28T06:20:11.445457" level="INFO">/opt/hostedtoolcache/Python/3.12.4/x64/lib/python3.12/site-packages/urllib3/connectionpool.py:1099: InsecureRequestWarning: Unverified HTTPS request is being made to host 'randomuser.me'. Adding certificate verification is strongly advised. See: https://urllib3.readthedocs.io/en/latest/advanced-usage.html#tls-warnings
  warnings.warn(</msg>
<msg time="2024-07-28T06:20:11.445632" level="INFO">${response} = &lt;Response [200]&gt;</msg>
<var>${response}</var>
<arg>consultarAPI</arg>
<arg>/api</arg>
<doc>Sends a GET request on a previously created HTTP Session.</doc>
<status status="PASS" start="2024-07-28T06:20:11.340673" elapsed="0.105015"/>
</kw>
<kw name="Set Variable" owner="BuiltIn">
<msg time="2024-07-28T06:20:11.447708" level="INFO">${json_data} = {'results': [{'gender': 'male', 'name': {'title': 'Mr', 'first': 'Chris', 'last': 'Stephens'}, 'location': {'street': {'number': 6322, 'name': 'Hillcrest Rd'}, 'city': 'Los Angeles', 'state': 'New Yor...</msg>
<var>${json_data}</var>
<arg>${response.json()}</arg>
<doc>Returns the given values which can then be assigned to a variables.</doc>
<status status="PASS" start="2024-07-28T06:20:11.446606" elapsed="0.001141"/>
</kw>
<kw name="Log" owner="BuiltIn">
<msg time="2024-07-28T06:20:11.448336" level="INFO">{'results': [{'gender': 'male', 'name': {'title': 'Mr', 'first': 'Chris', 'last': 'Stephens'}, 'location': {'street': {'number': 6322, 'name': 'Hillcrest Rd'}, 'city': 'Los Angeles', 'state': 'New York', 'country': 'United States', 'postcode': 40656, 'coordinates': {'latitude': '85.2827', 'longitude': '-37.0632'}, 'timezone': {'offset': '+4:30', 'description': 'Kabul'}}, 'email': 'chris.stephens@example.com', 'login': {'uuid': '2daa58a5-1f2f-42f4-8d17-e9a4519c29a4', 'username': 'beautifulkoala889', 'password': 'slayer', 'salt': 'g7k7j8pH', 'md5': '2633d131821b62b6e7e0a79ca102c69c', 'sha1': 'ce550555055d835a188ff8116d35c109bfce6ee9', 'sha256': 'c21e2893bff7e0adb5551755df6a453966bf5d57be4d69abd4d8b6c1dc9837b6'}, 'dob': {'date': '1977-08-28T22:49:55.997Z', 'age': 46}, 'registered': {'date': '2015-07-18T18:05:39.377Z', 'age': 9}, 'phone': '(405) 816-6232', 'cell': '(725) 255-0529', 'id': {'name': 'SSN', 'value': '415-02-2214'}, 'picture': {'large': 'https://randomuser.me/api/portraits/men/30.jpg', 'medium': 'https://randomuser.me/api/portraits/med/men/30.jpg', 'thumbnail': 'https://randomuser.me/api/portraits/thumb/men/30.jpg'}, 'nat': 'US'}], 'info': {'seed': '1023c40a10625799', 'results': 1, 'page': 1, 'version': '1.4'}}</msg>
<arg>${json_data}</arg>
<doc>Logs the given message with the given level.</doc>
<status status="PASS" start="2024-07-28T06:20:11.448134" elapsed="0.000266"/>
</kw>
<kw name="Should Be Equal As Numbers" owner="BuiltIn">
<arg>${json_data['results'][0]['location']['postcode']}</arg>
<arg>${json_data['results'][0]['location']['postcode']}</arg>
<doc>Fails if objects are unequal after converting them to real numbers.</doc>
<status status="PASS" start="2024-07-28T06:20:11.448741" elapsed="0.000811"/>
</kw>
<kw name="Log" owner="BuiltIn">
<msg time="2024-07-28T06:20:11.450163" level="INFO">40656</msg>
<arg>${json_data['results'][0]['location']['postcode']}</arg>
<doc>Logs the given message with the given level.</doc>
<status status="PASS" start="2024-07-28T06:20:11.449774" elapsed="0.000434"/>
</kw>
<status status="PASS" start="2024-07-28T06:20:11.340415" elapsed="0.110108"/>
</kw>
<doc>Testa se os tipos de dados na resposta da API estão corretos.</doc>
<tag>testeTiposDados</tag>
<status status="PASS" start="2024-07-28T06:20:11.200372" elapsed="0.250345"/>
</test>
<test id="s1-s1-t5" name="Validar conteudo" line="35">
<kw name="Teste de Tipos de Conteudo" owner="random-user-service">
<kw name="GET On Session" owner="RequestsLibrary">
<msg time="2024-07-28T06:20:11.581059" level="INFO">GET Request : url=https://randomuser.me/api 
 path_url=/api 
 headers={'User-Agent': 'python-requests/2.32.3', 'Accept-Encoding': 'gzip, deflate', 'Accept': '*/*', 'Connection': 'keep-alive'} 
 body=None 
 </msg>
<msg time="2024-07-28T06:20:11.581194" level="INFO">GET Response : url=https://randomuser.me/api 
 status=200, reason=OK 
 headers={'Date': 'Sun, 28 Jul 2024 06:20:11 GMT', 'Content-Type': 'application/json; charset=utf-8', 'Transfer-Encoding': 'chunked', 'Connection': 'keep-alive', 'X-Powered-By': 'Express', 'Access-Control-Allow-Origin': '*', 'Cache-Control': 'no-cache', 'ETag': 'W/"4a0-k+DIB8cRWD7itzY683t0smWpaN8"', 'Vary': 'Accept-Encoding', 'Content-Encoding': 'gzip', 'CF-Cache-Status': 'DYNAMIC', 'Report-To': '{"endpoints":[{"url":"https:\\/\\/a.nel.cloudflare.com\\/report\\/v4?s=ZCqR8RVQJ3uuOkdpN7SVNVIFKPM3z6CYJqca1ptLJfUYrZmhgdvk5FRWiXAR%2B%2BNHxZGFlYs0ZhFNI94EljKwStcOGNiI2o4p1HrV6w3mWM6JSbqTtGCuuPFPmDdiz8Ke"}],"group":"cf-nel","max_age":604800}', 'NEL': '{"success_fraction":0,"report_to":"cf-nel","max_age":604800}', 'Server': 'cloudflare', 'CF-RAY': '8aa2c30b98f79e6e-SJC', 'alt-svc': 'h3=":443"; ma=86400'} 
 body={"results":[{"gender":"male","name":{"title":"Monsieur","first":"Yanik","last":"Roger"},"location":{"street":{"number":8356,"name":"Place de L'Église"},"city":"Gland","state":"Fribourg","country":"Switzerland","postcode":4573,"coordinates":{"latitude":"-64.2235","longitude":"-135.6385"},"timezone":{"offset":"+3:00","description":"Baghdad, Riyadh, Moscow, St. Petersburg"}},"email":"yanik.roger@example.com","login":{"uuid":"fe8d3538-f002-4a20-8ae2-b34a653c9aa3","username":"whitecat739","password":"nascar24","salt":"9dajOldq","md5":"92c8d7fada727d0d31d841e6fd399f75","sha1":"f682ea88ea71579e3efa27756c4e5c021031d6fb","sha256":"6659e5622fcf40fe4058ca0c6221e20e9d11a5506711e1d168eb16e9f6e1c96d"},"dob":{"date":"1956-09-10T13:49:27.191Z","age":67},"registered":{"date":"2008-03-03T11:56:53.313Z","age":16},"phone":"076 275 66 23","cell":"076 374 35 21","id":{"name":"AVS","value":"756.6387.2582.34"},"picture":{"large":"https://randomuser.me/api/portraits/men/64.jpg","medium":"https://randomuser.me/api/portraits/med/men/64.jpg","thumbnail":"https://randomuser.me/api/portraits/thumb/men/64.jpg"},"nat":"CH"}],"info":{"seed":"65854df2615a958f","results":1,"page":1,"version":"1.4"}} 
 </msg>
<msg time="2024-07-28T06:20:11.581323" level="INFO">/opt/hostedtoolcache/Python/3.12.4/x64/lib/python3.12/site-packages/urllib3/connectionpool.py:1099: InsecureRequestWarning: Unverified HTTPS request is being made to host 'randomuser.me'. Adding certificate verification is strongly advised. See: https://urllib3.readthedocs.io/en/latest/advanced-usage.html#tls-warnings
  warnings.warn(</msg>
<msg time="2024-07-28T06:20:11.581535" level="INFO">${response} = &lt;Response [200]&gt;</msg>
<var>${response}</var>
<arg>consultarAPI</arg>
<arg>/api</arg>
<doc>Sends a GET request on a previously created HTTP Session.</doc>
<status status="PASS" start="2024-07-28T06:20:11.453598" elapsed="0.128001"/>
</kw>
<kw name="Set Variable" owner="BuiltIn">
<msg time="2024-07-28T06:20:11.583457" level="INFO">${json_data} = {'results': [{'gender': 'male', 'name': {'title': 'Monsieur', 'first': 'Yanik', 'last': 'Roger'}, 'location': {'street': {'number': 8356, 'name': "Place de L'Église"}, 'city': 'Gland', 'state': 'Fribo...</msg>
<var>${json_data}</var>
<arg>${response.json()}</arg>
<doc>Returns the given values which can then be assigned to a variables.</doc>
<status status="PASS" start="2024-07-28T06:20:11.582475" elapsed="0.001021"/>
</kw>
<kw name="Set Variable" owner="BuiltIn">
<msg time="2024-07-28T06:20:11.584335" level="INFO">${name_title} = Monsieur</msg>
<var>${name_title}</var>
<arg>${json_data["results"][0]["name"]["title"]}</arg>
<doc>Returns the given values which can then be assigned to a variables.</doc>
<status status="PASS" start="2024-07-28T06:20:11.583874" elapsed="0.000491"/>
</kw>
<kw name="Create List" owner="BuiltIn">
<msg time="2024-07-28T06:20:11.584872" level="INFO">${allowed_titles} = ['Mr', 'Ms', 'Miss', 'Mrs', 'Madame', 'Monsieur']</msg>
<var>${allowed_titles}</var>
<arg>Mr</arg>
<arg>Ms</arg>
<arg>Miss</arg>
<arg>Mrs</arg>
<arg>Madame</arg>
<arg>Monsieur</arg>
<doc>Returns a list containing given items.</doc>
<status status="PASS" start="2024-07-28T06:20:11.584704" elapsed="0.000195"/>
</kw>
<kw name="List Should Contain Value" owner="Collections">
<arg>${allowed_titles}</arg>
<arg>${name_title}</arg>
<doc>Fails if the ``value`` is not found from ``list``.</doc>
<status status="PASS" start="2024-07-28T06:20:11.585234" elapsed="0.000239"/>
</kw>
<kw name="Set Variable" owner="BuiltIn">
<msg time="2024-07-28T06:20:11.586114" level="INFO">${name_country} = CH</msg>
<var>${name_country}</var>
<arg>${json_data["results"][0]["nat"]}</arg>
<doc>Returns the given values which can then be assigned to a variables.</doc>
<status status="PASS" start="2024-07-28T06:20:11.585694" elapsed="0.000449"/>
</kw>
<kw name="Create List" owner="BuiltIn">
<msg time="2024-07-28T06:20:11.587205" level="INFO">${list_country} = ['AD', 'AE', 'AF', 'AG', 'AI', 'AL', 'AM', 'AO', 'AQ', 'AR', 'AS', 'AT', 'AU', 'AW', 'AX', 'AZ', 'BA', 'BB', 'BD', 'BE', 'BF', 'BG', 'BH', 'BI', 'BJ', 'BL', 'BM', 'BN', 'BO', 'BQ', 'BR', 'BS', 'BT', '...</msg>
<var>${list_country}</var>
<arg>AD</arg>
<arg>AE</arg>
<arg>AF</arg>
<arg>AG</arg>
<arg>AI</arg>
<arg>AL</arg>
<arg>AM</arg>
<arg>AO</arg>
<arg>AQ</arg>
<arg>AR</arg>
<arg>AS</arg>
<arg>AT</arg>
<arg>AU</arg>
<arg>AW</arg>
<arg>AX</arg>
<arg>AZ</arg>
<arg>BA</arg>
<arg>BB</arg>
<arg>BD</arg>
<arg>BE</arg>
<arg>BF</arg>
<arg>BG</arg>
<arg>BH</arg>
<arg>BI</arg>
<arg>BJ</arg>
<arg>BL</arg>
<arg>BM</arg>
<arg>BN</arg>
<arg>BO</arg>
<arg>BQ</arg>
<arg>BR</arg>
<arg>BS</arg>
<arg>BT</arg>
<arg>BV</arg>
<arg>BW</arg>
<arg>BY</arg>
<arg>BZ</arg>
<arg>CA</arg>
<arg>CC</arg>
<arg>CD</arg>
<arg>CF</arg>
<arg>CG</arg>
<arg>CH</arg>
<arg>CI</arg>
<arg>CK</arg>
<arg>CL</arg>
<arg>CM</arg>
<arg>CN</arg>
<arg>CO</arg>
<arg>CR</arg>
<arg>CU</arg>
<arg>CV</arg>
<arg>CW</arg>
<arg>CX</arg>
<arg>CY</arg>
<arg>CZ</arg>
<arg>DE</arg>
<arg>DJ</arg>
<arg>DK</arg>
<arg>DM</arg>
<arg>DO</arg>
<arg>DZ</arg>
<arg>EC</arg>
<arg>EE</arg>
<arg>EG</arg>
<arg>EH</arg>
<arg>ER</arg>
<arg>ES</arg>
<arg>ET</arg>
<arg>FI</arg>
<arg>FJ</arg>
<arg>FK</arg>
<arg>FM</arg>
<arg>FO</arg>
<arg>FR</arg>
<arg>GA</arg>
<arg>GB</arg>
<arg>GD</arg>
<arg>GE</arg>
<arg>GF</arg>
<arg>GG</arg>
<arg>GH</arg>
<arg>GI</arg>
<arg>GL</arg>
<arg>GM</arg>
<arg>GN</arg>
<arg>GP</arg>
<arg>GQ</arg>
<arg>GR</arg>
<arg>GS</arg>
<arg>GT</arg>
<arg>GU</arg>
<arg>GW</arg>
<arg>GY</arg>
<arg>HK</arg>
<arg>HM</arg>
<arg>HN</arg>
<arg>HR</arg>
<arg>HT</arg>
<arg>HU</arg>
<arg>ID</arg>
<arg>IE</arg>
<arg>IL</arg>
<arg>IM</arg>
<arg>IN</arg>
<arg>IO</arg>
<arg>IQ</arg>
<arg>IR</arg>
<arg>IS</arg>
<arg>IT</arg>
<arg>JE</arg>
<arg>JM</arg>
<arg>JO</arg>
<arg>JP</arg>
<arg>KE</arg>
<arg>KG</arg>
<arg>KH</arg>
<arg>KI</arg>
<arg>KM</arg>
<arg>KN</arg>
<arg>KP</arg>
<arg>KR</arg>
<arg>KW</arg>
<arg>KY</arg>
<arg>KZ</arg>
<arg>LA</arg>
<arg>LB</arg>
<arg>LC</arg>
<arg>LI</arg>
<arg>LK</arg>
<arg>LR</arg>
<arg>LS</arg>
<arg>LT</arg>
<arg>LU</arg>
<arg>LV</arg>
<arg>LY</arg>
<arg>MA</arg>
<arg>MC</arg>
<arg>MD</arg>
<arg>ME</arg>
<arg>MF</arg>
<arg>MG</arg>
<arg>MH</arg>
<arg>MK</arg>
<arg>ML</arg>
<arg>MM</arg>
<arg>MN</arg>
<arg>MO</arg>
<arg>MP</arg>
<arg>MQ</arg>
<arg>MR</arg>
<arg>MS</arg>
<arg>MT</arg>
<arg>MU</arg>
<arg>MV</arg>
<arg>MW</arg>
<arg>MX</arg>
<arg>MY</arg>
<arg>MZ</arg>
<arg>NA</arg>
<arg>NC</arg>
<arg>NE</arg>
<arg>NF</arg>
<arg>NG</arg>
<arg>NI</arg>
<arg>NL</arg>
<arg>NO</arg>
<arg>NP</arg>
<arg>NR</arg>
<arg>NU</arg>
<arg>NZ</arg>
<arg>OM</arg>
<arg>PA</arg>
<arg>PE</arg>
<arg>PF</arg>
<arg>PG</arg>
<arg>PH</arg>
<arg>PK</arg>
<arg>PL</arg>
<arg>PM</arg>
<arg>PN</arg>
<arg>PR</arg>
<arg>PS</arg>
<arg>PT</arg>
<arg>PW</arg>
<arg>PY</arg>
<arg>QA</arg>
<arg>RE</arg>
<arg>RO</arg>
<arg>RS</arg>
<arg>RU</arg>
<arg>RW</arg>
<arg>SA</arg>
<arg>SB</arg>
<arg>SC</arg>
<arg>SD</arg>
<arg>SE</arg>
<arg>SG</arg>
<arg>SH</arg>
<arg>SI</arg>
<arg>SJ</arg>
<arg>SK</arg>
<arg>SL</arg>
<arg>SM</arg>
<arg>SN</arg>
<arg>SO</arg>
<arg>SR</arg>
<arg>SS</arg>
<arg>ST</arg>
<arg>SV</arg>
<arg>SX</arg>
<arg>SY</arg>
<arg>SZ</arg>
<arg>TC</arg>
<arg>TD</arg>
<arg>TF</arg>
<arg>TG</arg>
<arg>TH</arg>
<arg>TJ</arg>
<arg>TK</arg>
<arg>TL</arg>
<arg>TM</arg>
<arg>TN</arg>
<arg>TO</arg>
<arg>TR</arg>
<arg>TT</arg>
<arg>TV</arg>
<arg>TW</arg>
<arg>TZ</arg>
<arg>UA</arg>
<arg>UG</arg>
<arg>UM</arg>
<arg>US</arg>
<arg>UY</arg>
<arg>UZ</arg>
<arg>VA</arg>
<arg>VC</arg>
<arg>VE</arg>
<arg>VG</arg>
<arg>VI</arg>
<arg>VN</arg>
<arg>VU</arg>
<arg>WF</arg>
<arg>WS</arg>
<arg>XK</arg>
<arg>YE</arg>
<arg>YT</arg>
<arg>ZA</arg>
<arg>ZM</arg>
<arg>ZW</arg>
<doc>Returns a list containing given items.</doc>
<status status="PASS" start="2024-07-28T06:20:11.586469" elapsed="0.000765"/>
</kw>
<kw name="List Should Contain Value" owner="Collections">
<arg>${list_country}</arg>
<arg>${name_country}</arg>
<doc>Fails if the ``value`` is not found from ``list``.</doc>
<status status="PASS" start="2024-07-28T06:20:11.588331" elapsed="0.000236"/>
</kw>
<kw name="Run Keyword If" owner="BuiltIn">
<kw name="Should Be True" owner="BuiltIn">
<arg>${True}</arg>
<doc>Fails if the given condition is not true.</doc>
<status status="PASS" start="2024-07-28T06:20:11.589688" elapsed="0.000164"/>
</kw>
<arg>${json_data["results"][0]["location"]["coordinates"]["latitude"]} &gt;= -90 and ${json_data["results"][0]["location"]["coordinates"]["latitude"]} &lt;= 90</arg>
<arg>Should Be True</arg>
<arg>${True}</arg>
<doc>Runs the given keyword with the given arguments, if ``condition`` is true.</doc>
<status status="PASS" start="2024-07-28T06:20:11.588786" elapsed="0.001209"/>
</kw>
<kw name="Run Keyword If" owner="BuiltIn">
<kw name="Should Be True" owner="BuiltIn">
<arg>${True}</arg>
<doc>Fails if the given condition is not true.</doc>
<status status="PASS" start="2024-07-28T06:20:11.590998" elapsed="0.000153"/>
</kw>
<arg>${json_data["results"][0]["location"]["coordinates"]["longitude"]} &gt;= -180 and ${json_data["results"][0]["location"]["coordinates"]["longitude"]} &lt;= 180</arg>
<arg>Should Be True</arg>
<arg>${True}</arg>
<doc>Runs the given keyword with the given arguments, if ``condition`` is true.</doc>
<status status="PASS" start="2024-07-28T06:20:11.590201" elapsed="0.001090"/>
</kw>
<status status="PASS" start="2024-07-28T06:20:11.453318" elapsed="0.138119"/>
</kw>
<doc>Testa o conteúdo específico dos campos retornados pela API.</doc>
<tag>testeConteudo</tag>
<status status="PASS" start="2024-07-28T06:20:11.452773" elapsed="0.138836"/>
</test>
<status status="PASS" start="2024-07-28T06:20:09.944974" elapsed="1.648870"/>
</suite>
<status status="PASS" start="2024-07-28T06:20:09.928535" elapsed="1.671619"/>
</suite>
<statistics>
<total>
<stat pass="5" fail="0" skip="0">All Tests</stat>
</total>
<tag>
<stat pass="1" fail="0" skip="0">testeConteudo</stat>
<stat pass="1" fail="0" skip="0">testeEstruturaResposta</stat>
<stat pass="1" fail="0" skip="0">testeRequisicaoBasica</stat>
<stat pass="1" fail="0" skip="0">testeTiposDados</stat>
</tag>
<suite>
<stat pass="5" fail="0" skip="0" id="s1" name="Tests">Tests</stat>
<stat pass="5" fail="0" skip="0" id="s1-s1" name="Random-User-Test">Tests.Random-User-Test</stat>
</suite>
</statistics>
<errors>
</errors>
</robot>
