<?xml version="1.0" encoding="UTF-8"?>
<robot generator="Robot 7.0.1 (Python 3.12.4 on linux)" generated="2024-07-10T02:32:45.294157" rpa="false" schemaversion="5">
<suite id="s1" name="Tests" source="/home/runner/work/ApiRandomUser/ApiRandomUser/RamdonUser/tests">
<suite id="s1-s1" name="Random-User-Test" source="/home/runner/work/ApiRandomUser/ApiRandomUser/RamdonUser/tests/random-user-test.robot">
<test id="s1-s1-t1" name="Conectar" line="13">
<kw name="Conectar API" owner="random-user-service">
<kw name="Create Session" owner="RequestsLibrary">
<msg time="2024-07-10T02:32:45.713224" level="INFO">Creating Session using : alias=consultarAPI, url=https://randomuser.me/, headers={},                     cookies={}, auth=None, timeout=None, proxies=None, verify=False,                     debug=0 </msg>
<arg>consultarAPI</arg>
<arg>${URL}</arg>
<doc>Create Session: create a HTTP session to a server</doc>
<status status="PASS" start="2024-07-10T02:32:45.713019" elapsed="0.000388"/>
</kw>
<status status="PASS" start="2024-07-10T02:32:45.712033" elapsed="0.001774"/>
</kw>
<status status="PASS" start="2024-07-10T02:32:45.711417" elapsed="0.002584"/>
</test>
<test id="s1-s1-t2" name="Validar retorno 200 e JSON Válido" line="16">
<kw name="Teste de Requisicao Basica" owner="random-user-service">
<kw name="GET On Session" owner="RequestsLibrary">
<msg time="2024-07-10T02:32:45.785408" level="INFO">GET Request : url=https://randomuser.me/api 
 path_url=/api 
 headers={'User-Agent': 'python-requests/2.32.3', 'Accept-Encoding': 'gzip, deflate', 'Accept': '*/*', 'Connection': 'keep-alive'} 
 body=None 
 </msg>
<msg time="2024-07-10T02:32:45.785526" level="INFO">GET Response : url=https://randomuser.me/api 
 status=200, reason=OK 
 headers={'Date': 'Wed, 10 Jul 2024 02:32:45 GMT', 'Content-Type': 'application/json; charset=utf-8', 'Transfer-Encoding': 'chunked', 'Connection': 'keep-alive', 'X-Powered-By': 'Express', 'Access-Control-Allow-Origin': '*', 'Cache-Control': 'no-cache', 'ETag': 'W/"48c-VZgFCZluC4AqcMBWUm7n1s4i2fA"', 'Vary': 'Accept-Encoding', 'Content-Encoding': 'gzip', 'CF-Cache-Status': 'DYNAMIC', 'Report-To': '{"endpoints":[{"url":"https:\\/\\/a.nel.cloudflare.com\\/report\\/v4?s=znUphnND6%2BxN%2BiRT%2BJjdPgAVvkuVEoi3p2RCJPwiM8HehW1ZkMqcOZG671yQQHLs7I4yokYquRxhgr8BIJU5fLt%2B5z5Nl4Q0Yle4U1pgjoPluSe97g5MOZ3j4mfsOIh%2B"}],"group":"cf-nel","max_age":604800}', 'NEL': '{"success_fraction":0,"report_to":"cf-nel","max_age":604800}', 'Server': 'cloudflare', 'CF-RAY': '8a0d2525daa10a8f-IAD', 'alt-svc': 'h3=":443"; ma=86400'} 
 body={"results":[{"gender":"female","name":{"title":"Mrs","first":"Marta","last":"Crespo"},"location":{"street":{"number":6814,"name":"Calle de Ferraz"},"city":"Palma de Mallorca","state":"Comunidad Valenciana","country":"Spain","postcode":69462,"coordinates":{"latitude":"-30.8295","longitude":"49.5349"},"timezone":{"offset":"-3:30","description":"Newfoundland"}},"email":"marta.crespo@example.com","login":{"uuid":"a285a7a9-a46c-4ffa-ade9-274c0b33ca42","username":"organicdog494","password":"temppass","salt":"sBV78O5Y","md5":"70377d387a072335a98a2059399782a2","sha1":"ec989c230f6f25722710d7b5af46fcbea0e5a6b6","sha256":"0be4cb25bd73331bf7883119bf37dd7f26dcd18b02cc49ab1451a02005e84173"},"dob":{"date":"1959-07-24T11:31:32.729Z","age":64},"registered":{"date":"2017-12-20T12:46:58.525Z","age":6},"phone":"961-286-218","cell":"645-595-683","id":{"name":"DNI","value":"25479554-W"},"picture":{"large":"https://randomuser.me/api/portraits/women/1.jpg","medium":"https://randomuser.me/api/portraits/med/women/1.jpg","thumbnail":"https://randomuser.me/api/portraits/thumb/women/1.jpg"},"nat":"ES"}],"info":{"seed":"9b260ae4e4c175d3","results":1,"page":1,"version":"1.4"}} 
 </msg>
<msg time="2024-07-10T02:32:45.785606" level="INFO">/opt/hostedtoolcache/Python/3.12.4/x64/lib/python3.12/site-packages/urllib3/connectionpool.py:1099: InsecureRequestWarning: Unverified HTTPS request is being made to host 'randomuser.me'. Adding certificate verification is strongly advised. See: https://urllib3.readthedocs.io/en/latest/advanced-usage.html#tls-warnings
  warnings.warn(</msg>
<msg time="2024-07-10T02:32:45.785766" level="INFO">${response} = &lt;Response [200]&gt;</msg>
<var>${response}</var>
<arg>consultarAPI</arg>
<arg>/api</arg>
<doc>Sends a GET request on a previously created HTTP Session.</doc>
<status status="PASS" start="2024-07-10T02:32:45.716662" elapsed="0.069149"/>
</kw>
<kw name="Should Be Equal As Numbers" owner="BuiltIn">
<msg time="2024-07-10T02:32:45.786671" level="INFO">Argument types are:
&lt;class 'int'&gt;
&lt;class 'str'&gt;</msg>
<arg>${response.status_code}</arg>
<arg>200</arg>
<doc>Fails if objects are unequal after converting them to real numbers.</doc>
<status status="PASS" start="2024-07-10T02:32:45.786243" elapsed="0.000494"/>
</kw>
<kw name="Log" owner="BuiltIn">
<msg time="2024-07-10T02:32:45.787426" level="INFO">200</msg>
<arg>${response.status_code}</arg>
<doc>Logs the given message with the given level.</doc>
<status status="PASS" start="2024-07-10T02:32:45.787065" elapsed="0.000405"/>
</kw>
<kw name="Set Variable" owner="BuiltIn">
<msg time="2024-07-10T02:32:45.788212" level="INFO">${json_data} = {'results': [{'gender': 'female', 'name': {'title': 'Mrs', 'first': 'Marta', 'last': 'Crespo'}, 'location': {'street': {'number': 6814, 'name': 'Calle de Ferraz'}, 'city': 'Palma de Mallorca', 'state'...</msg>
<var>${json_data}</var>
<arg>${response.json()}</arg>
<doc>Returns the given values which can then be assigned to a variables.</doc>
<status status="PASS" start="2024-07-10T02:32:45.787774" elapsed="0.000466"/>
</kw>
<kw name="Dictionary Should Contain Key" owner="Collections">
<arg>${json_data}</arg>
<arg>results</arg>
<doc>Fails if ``key`` is not found from ``dictionary``.</doc>
<status status="PASS" start="2024-07-10T02:32:45.788537" elapsed="0.000170"/>
</kw>
<status status="PASS" start="2024-07-10T02:32:45.716411" elapsed="0.072444"/>
</kw>
<doc>Testa se a API responde corretamente e retorna um objeto JSON válido.</doc>
<tag>testeRequisicaoBasica</tag>
<status status="PASS" start="2024-07-10T02:32:45.715862" elapsed="0.073168"/>
</test>
<test id="s1-s1-t3" name="Validar estrutura de resposta" line="22">
<kw name="Teste de Estrutura de Resposta" owner="random-user-service">
<kw name="GET On Session" owner="RequestsLibrary">
<msg time="2024-07-10T02:32:45.890433" level="INFO">GET Request : url=https://randomuser.me/api 
 path_url=/api 
 headers={'User-Agent': 'python-requests/2.32.3', 'Accept-Encoding': 'gzip, deflate', 'Accept': '*/*', 'Connection': 'keep-alive'} 
 body=None 
 </msg>
<msg time="2024-07-10T02:32:45.890535" level="INFO">GET Response : url=https://randomuser.me/api 
 status=200, reason=OK 
 headers={'Date': 'Wed, 10 Jul 2024 02:32:45 GMT', 'Content-Type': 'application/json; charset=utf-8', 'Transfer-Encoding': 'chunked', 'Connection': 'keep-alive', 'X-Powered-By': 'Express', 'Access-Control-Allow-Origin': '*', 'Cache-Control': 'no-cache', 'ETag': 'W/"487-lB81NsGqrbD2owYKnWNqQcR774w"', 'Vary': 'Accept-Encoding', 'Content-Encoding': 'gzip', 'CF-Cache-Status': 'DYNAMIC', 'Report-To': '{"endpoints":[{"url":"https:\\/\\/a.nel.cloudflare.com\\/report\\/v4?s=dtelWHtFyqsCtFiKswPUqc8CdAanHKwS5gnsnGaZAX0%2FyRdAxVovp4N6LjswoBtuUYoFOXyha0bdP%2FgpasPPvVd2OK6fgheV%2F8JpiO9tfadyChHm3zkENc9BJRHieDDl"}],"group":"cf-nel","max_age":604800}', 'NEL': '{"success_fraction":0,"report_to":"cf-nel","max_age":604800}', 'Server': 'cloudflare', 'CF-RAY': '8a0d25263b0a0a8f-IAD', 'alt-svc': 'h3=":443"; ma=86400'} 
 body={"results":[{"gender":"male","name":{"title":"Mr","first":"Roope","last":"Saarela"},"location":{"street":{"number":3260,"name":"Rautatienkatu"},"city":"Muhos","state":"South Karelia","country":"Finland","postcode":63823,"coordinates":{"latitude":"-29.8451","longitude":"-0.9554"},"timezone":{"offset":"-11:00","description":"Midway Island, Samoa"}},"email":"roope.saarela@example.com","login":{"uuid":"dc05a8b9-0852-45ab-9b89-ba9ab7b2fb16","username":"lazymeercat736","password":"rancid","salt":"cHxjvPRh","md5":"0aafee762c89dc2e6bd586052f123015","sha1":"c72e851f0c977831e452ce38efb16fa9d2221e06","sha256":"543bae48d349b6c6c02dd58f653ae29314163054d08d54b9addee2dfa9620ecd"},"dob":{"date":"1983-03-17T23:30:29.179Z","age":41},"registered":{"date":"2014-04-28T21:20:06.924Z","age":10},"phone":"07-471-971","cell":"043-769-49-71","id":{"name":"HETU","value":"NaNNA437undefined"},"picture":{"large":"https://randomuser.me/api/portraits/men/68.jpg","medium":"https://randomuser.me/api/portraits/med/men/68.jpg","thumbnail":"https://randomuser.me/api/portraits/thumb/men/68.jpg"},"nat":"FI"}],"info":{"seed":"5ff4438b9b5ea61e","results":1,"page":1,"version":"1.4"}} 
 </msg>
<msg time="2024-07-10T02:32:45.890671" level="INFO">/opt/hostedtoolcache/Python/3.12.4/x64/lib/python3.12/site-packages/urllib3/connectionpool.py:1099: InsecureRequestWarning: Unverified HTTPS request is being made to host 'randomuser.me'. Adding certificate verification is strongly advised. See: https://urllib3.readthedocs.io/en/latest/advanced-usage.html#tls-warnings
  warnings.warn(</msg>
<msg time="2024-07-10T02:32:45.890820" level="INFO">${response} = &lt;Response [200]&gt;</msg>
<var>${response}</var>
<arg>consultarAPI</arg>
<arg>/api</arg>
<doc>Sends a GET request on a previously created HTTP Session.</doc>
<status status="PASS" start="2024-07-10T02:32:45.791686" elapsed="0.099180"/>
</kw>
<kw name="Set Variable" owner="BuiltIn">
<msg time="2024-07-10T02:32:45.891894" level="INFO">${json_data} = {'results': [{'gender': 'male', 'name': {'title': 'Mr', 'first': 'Roope', 'last': 'Saarela'}, 'location': {'street': {'number': 3260, 'name': 'Rautatienkatu'}, 'city': 'Muhos', 'state': 'South Karelia...</msg>
<var>${json_data}</var>
<arg>${response.json()}</arg>
<doc>Returns the given values which can then be assigned to a variables.</doc>
<status status="PASS" start="2024-07-10T02:32:45.891367" elapsed="0.000557"/>
</kw>
<kw name="Log" owner="BuiltIn">
<msg time="2024-07-10T02:32:45.892441" level="INFO">{'results': [{'gender': 'male', 'name': {'title': 'Mr', 'first': 'Roope', 'last': 'Saarela'}, 'location': {'street': {'number': 3260, 'name': 'Rautatienkatu'}, 'city': 'Muhos', 'state': 'South Karelia', 'country': 'Finland', 'postcode': 63823, 'coordinates': {'latitude': '-29.8451', 'longitude': '-0.9554'}, 'timezone': {'offset': '-11:00', 'description': 'Midway Island, Samoa'}}, 'email': 'roope.saarela@example.com', 'login': {'uuid': 'dc05a8b9-0852-45ab-9b89-ba9ab7b2fb16', 'username': 'lazymeercat736', 'password': 'rancid', 'salt': 'cHxjvPRh', 'md5': '0aafee762c89dc2e6bd586052f123015', 'sha1': 'c72e851f0c977831e452ce38efb16fa9d2221e06', 'sha256': '543bae48d349b6c6c02dd58f653ae29314163054d08d54b9addee2dfa9620ecd'}, 'dob': {'date': '1983-03-17T23:30:29.179Z', 'age': 41}, 'registered': {'date': '2014-04-28T21:20:06.924Z', 'age': 10}, 'phone': '07-471-971', 'cell': '043-769-49-71', 'id': {'name': 'HETU', 'value': 'NaNNA437undefined'}, 'picture': {'large': 'https://randomuser.me/api/portraits/men/68.jpg', 'medium': 'https://randomuser.me/api/portraits/med/men/68.jpg', 'thumbnail': 'https://randomuser.me/api/portraits/thumb/men/68.jpg'}, 'nat': 'FI'}], 'info': {'seed': '5ff4438b9b5ea61e', 'results': 1, 'page': 1, 'version': '1.4'}}</msg>
<arg>${json_data}</arg>
<doc>Logs the given message with the given level.</doc>
<status status="PASS" start="2024-07-10T02:32:45.892274" elapsed="0.000216"/>
</kw>
<kw name="Dictionary Should Contain Key" owner="Collections">
<arg>${json_data}</arg>
<arg>results</arg>
<doc>Fails if ``key`` is not found from ``dictionary``.</doc>
<status status="PASS" start="2024-07-10T02:32:45.892790" elapsed="0.000162"/>
</kw>
<kw name="Should Not Be Empty" owner="BuiltIn">
<msg time="2024-07-10T02:32:45.893275" level="INFO">Length is 2.</msg>
<arg>${json_data}</arg>
<doc>Verifies that the given item is not empty.</doc>
<status status="PASS" start="2024-07-10T02:32:45.893138" elapsed="0.000177"/>
</kw>
<kw name="Create List" owner="BuiltIn">
<msg time="2024-07-10T02:32:45.893989" level="INFO">${expected_keys} = ['gender', 'name', 'location', 'email', 'login']</msg>
<var>${expected_keys}</var>
<arg>gender</arg>
<arg>name</arg>
<arg>location</arg>
<arg>email</arg>
<arg>login</arg>
<doc>Returns a list containing given items.</doc>
<status status="PASS" start="2024-07-10T02:32:45.893607" elapsed="0.000410"/>
</kw>
<for flavor="IN">
<iter>
<kw name="Dictionary Should Contain Key" owner="Collections">
<arg>${json_data['results'][0]}</arg>
<arg>${key}</arg>
<doc>Fails if ``key`` is not found from ``dictionary``.</doc>
<status status="PASS" start="2024-07-10T02:32:45.894616" elapsed="0.000414"/>
</kw>
<kw name="Log" owner="BuiltIn">
<msg time="2024-07-10T02:32:45.895592" level="INFO">{'gender': 'male', 'name': {'title': 'Mr', 'first': 'Roope', 'last': 'Saarela'}, 'location': {'street': {'number': 3260, 'name': 'Rautatienkatu'}, 'city': 'Muhos', 'state': 'South Karelia', 'country': 'Finland', 'postcode': 63823, 'coordinates': {'latitude': '-29.8451', 'longitude': '-0.9554'}, 'timezone': {'offset': '-11:00', 'description': 'Midway Island, Samoa'}}, 'email': 'roope.saarela@example.com', 'login': {'uuid': 'dc05a8b9-0852-45ab-9b89-ba9ab7b2fb16', 'username': 'lazymeercat736', 'password': 'rancid', 'salt': 'cHxjvPRh', 'md5': '0aafee762c89dc2e6bd586052f123015', 'sha1': 'c72e851f0c977831e452ce38efb16fa9d2221e06', 'sha256': '543bae48d349b6c6c02dd58f653ae29314163054d08d54b9addee2dfa9620ecd'}, 'dob': {'date': '1983-03-17T23:30:29.179Z', 'age': 41}, 'registered': {'date': '2014-04-28T21:20:06.924Z', 'age': 10}, 'phone': '07-471-971', 'cell': '043-769-49-71', 'id': {'name': 'HETU', 'value': 'NaNNA437undefined'}, 'picture': {'large': 'https://randomuser.me/api/portraits/men/68.jpg', 'medium': 'https://randomuser.me/api/portraits/med/men/68.jpg', 'thumbnail': 'https://randomuser.me/api/portraits/thumb/men/68.jpg'}, 'nat': 'FI'}</msg>
<arg>${json_data['results'][0]}</arg>
<doc>Logs the given message with the given level.</doc>
<status status="PASS" start="2024-07-10T02:32:45.895218" elapsed="0.000426"/>
</kw>
<kw name="Log" owner="BuiltIn">
<msg time="2024-07-10T02:32:45.896073" level="INFO">gender</msg>
<arg>${key}</arg>
<doc>Logs the given message with the given level.</doc>
<status status="PASS" start="2024-07-10T02:32:45.895945" elapsed="0.000168"/>
</kw>
<var name="${key}">gender</var>
<status status="PASS" start="2024-07-10T02:32:45.894490" elapsed="0.001838"/>
</iter>
<iter>
<kw name="Dictionary Should Contain Key" owner="Collections">
<arg>${json_data['results'][0]}</arg>
<arg>${key}</arg>
<doc>Fails if ``key`` is not found from ``dictionary``.</doc>
<status status="PASS" start="2024-07-10T02:32:45.896630" elapsed="0.000412"/>
</kw>
<kw name="Log" owner="BuiltIn">
<msg time="2024-07-10T02:32:45.897579" level="INFO">{'gender': 'male', 'name': {'title': 'Mr', 'first': 'Roope', 'last': 'Saarela'}, 'location': {'street': {'number': 3260, 'name': 'Rautatienkatu'}, 'city': 'Muhos', 'state': 'South Karelia', 'country': 'Finland', 'postcode': 63823, 'coordinates': {'latitude': '-29.8451', 'longitude': '-0.9554'}, 'timezone': {'offset': '-11:00', 'description': 'Midway Island, Samoa'}}, 'email': 'roope.saarela@example.com', 'login': {'uuid': 'dc05a8b9-0852-45ab-9b89-ba9ab7b2fb16', 'username': 'lazymeercat736', 'password': 'rancid', 'salt': 'cHxjvPRh', 'md5': '0aafee762c89dc2e6bd586052f123015', 'sha1': 'c72e851f0c977831e452ce38efb16fa9d2221e06', 'sha256': '543bae48d349b6c6c02dd58f653ae29314163054d08d54b9addee2dfa9620ecd'}, 'dob': {'date': '1983-03-17T23:30:29.179Z', 'age': 41}, 'registered': {'date': '2014-04-28T21:20:06.924Z', 'age': 10}, 'phone': '07-471-971', 'cell': '043-769-49-71', 'id': {'name': 'HETU', 'value': 'NaNNA437undefined'}, 'picture': {'large': 'https://randomuser.me/api/portraits/men/68.jpg', 'medium': 'https://randomuser.me/api/portraits/med/men/68.jpg', 'thumbnail': 'https://randomuser.me/api/portraits/thumb/men/68.jpg'}, 'nat': 'FI'}</msg>
<arg>${json_data['results'][0]}</arg>
<doc>Logs the given message with the given level.</doc>
<status status="PASS" start="2024-07-10T02:32:45.897227" elapsed="0.000456"/>
</kw>
<kw name="Log" owner="BuiltIn">
<msg time="2024-07-10T02:32:45.898124" level="INFO">name</msg>
<arg>${key}</arg>
<doc>Logs the given message with the given level.</doc>
<status status="PASS" start="2024-07-10T02:32:45.897996" elapsed="0.000168"/>
</kw>
<var name="${key}">name</var>
<status status="PASS" start="2024-07-10T02:32:45.896518" elapsed="0.001863"/>
</iter>
<iter>
<kw name="Dictionary Should Contain Key" owner="Collections">
<arg>${json_data['results'][0]}</arg>
<arg>${key}</arg>
<doc>Fails if ``key`` is not found from ``dictionary``.</doc>
<status status="PASS" start="2024-07-10T02:32:45.898681" elapsed="0.000450"/>
</kw>
<kw name="Log" owner="BuiltIn">
<msg time="2024-07-10T02:32:45.899685" level="INFO">{'gender': 'male', 'name': {'title': 'Mr', 'first': 'Roope', 'last': 'Saarela'}, 'location': {'street': {'number': 3260, 'name': 'Rautatienkatu'}, 'city': 'Muhos', 'state': 'South Karelia', 'country': 'Finland', 'postcode': 63823, 'coordinates': {'latitude': '-29.8451', 'longitude': '-0.9554'}, 'timezone': {'offset': '-11:00', 'description': 'Midway Island, Samoa'}}, 'email': 'roope.saarela@example.com', 'login': {'uuid': 'dc05a8b9-0852-45ab-9b89-ba9ab7b2fb16', 'username': 'lazymeercat736', 'password': 'rancid', 'salt': 'cHxjvPRh', 'md5': '0aafee762c89dc2e6bd586052f123015', 'sha1': 'c72e851f0c977831e452ce38efb16fa9d2221e06', 'sha256': '543bae48d349b6c6c02dd58f653ae29314163054d08d54b9addee2dfa9620ecd'}, 'dob': {'date': '1983-03-17T23:30:29.179Z', 'age': 41}, 'registered': {'date': '2014-04-28T21:20:06.924Z', 'age': 10}, 'phone': '07-471-971', 'cell': '043-769-49-71', 'id': {'name': 'HETU', 'value': 'NaNNA437undefined'}, 'picture': {'large': 'https://randomuser.me/api/portraits/men/68.jpg', 'medium': 'https://randomuser.me/api/portraits/med/men/68.jpg', 'thumbnail': 'https://randomuser.me/api/portraits/thumb/men/68.jpg'}, 'nat': 'FI'}</msg>
<arg>${json_data['results'][0]}</arg>
<doc>Logs the given message with the given level.</doc>
<status status="PASS" start="2024-07-10T02:32:45.899333" elapsed="0.000411"/>
</kw>
<kw name="Log" owner="BuiltIn">
<msg time="2024-07-10T02:32:45.900178" level="INFO">location</msg>
<arg>${key}</arg>
<doc>Logs the given message with the given level.</doc>
<status status="PASS" start="2024-07-10T02:32:45.900050" elapsed="0.000165"/>
</kw>
<var name="${key}">location</var>
<status status="PASS" start="2024-07-10T02:32:45.898562" elapsed="0.001866"/>
</iter>
<iter>
<kw name="Dictionary Should Contain Key" owner="Collections">
<arg>${json_data['results'][0]}</arg>
<arg>${key}</arg>
<doc>Fails if ``key`` is not found from ``dictionary``.</doc>
<status status="PASS" start="2024-07-10T02:32:45.900718" elapsed="0.000395"/>
</kw>
<kw name="Log" owner="BuiltIn">
<msg time="2024-07-10T02:32:45.901670" level="INFO">{'gender': 'male', 'name': {'title': 'Mr', 'first': 'Roope', 'last': 'Saarela'}, 'location': {'street': {'number': 3260, 'name': 'Rautatienkatu'}, 'city': 'Muhos', 'state': 'South Karelia', 'country': 'Finland', 'postcode': 63823, 'coordinates': {'latitude': '-29.8451', 'longitude': '-0.9554'}, 'timezone': {'offset': '-11:00', 'description': 'Midway Island, Samoa'}}, 'email': 'roope.saarela@example.com', 'login': {'uuid': 'dc05a8b9-0852-45ab-9b89-ba9ab7b2fb16', 'username': 'lazymeercat736', 'password': 'rancid', 'salt': 'cHxjvPRh', 'md5': '0aafee762c89dc2e6bd586052f123015', 'sha1': 'c72e851f0c977831e452ce38efb16fa9d2221e06', 'sha256': '543bae48d349b6c6c02dd58f653ae29314163054d08d54b9addee2dfa9620ecd'}, 'dob': {'date': '1983-03-17T23:30:29.179Z', 'age': 41}, 'registered': {'date': '2014-04-28T21:20:06.924Z', 'age': 10}, 'phone': '07-471-971', 'cell': '043-769-49-71', 'id': {'name': 'HETU', 'value': 'NaNNA437undefined'}, 'picture': {'large': 'https://randomuser.me/api/portraits/men/68.jpg', 'medium': 'https://randomuser.me/api/portraits/med/men/68.jpg', 'thumbnail': 'https://randomuser.me/api/portraits/thumb/men/68.jpg'}, 'nat': 'FI'}</msg>
<arg>${json_data['results'][0]}</arg>
<doc>Logs the given message with the given level.</doc>
<status status="PASS" start="2024-07-10T02:32:45.901301" elapsed="0.000420"/>
</kw>
<kw name="Log" owner="BuiltIn">
<msg time="2024-07-10T02:32:45.902164" level="INFO">email</msg>
<arg>${key}</arg>
<doc>Logs the given message with the given level.</doc>
<status status="PASS" start="2024-07-10T02:32:45.902031" elapsed="0.000173"/>
</kw>
<var name="${key}">email</var>
<status status="PASS" start="2024-07-10T02:32:45.900600" elapsed="0.001819"/>
</iter>
<iter>
<kw name="Dictionary Should Contain Key" owner="Collections">
<arg>${json_data['results'][0]}</arg>
<arg>${key}</arg>
<doc>Fails if ``key`` is not found from ``dictionary``.</doc>
<status status="PASS" start="2024-07-10T02:32:45.902704" elapsed="0.000389"/>
</kw>
<kw name="Log" owner="BuiltIn">
<msg time="2024-07-10T02:32:45.903619" level="INFO">{'gender': 'male', 'name': {'title': 'Mr', 'first': 'Roope', 'last': 'Saarela'}, 'location': {'street': {'number': 3260, 'name': 'Rautatienkatu'}, 'city': 'Muhos', 'state': 'South Karelia', 'country': 'Finland', 'postcode': 63823, 'coordinates': {'latitude': '-29.8451', 'longitude': '-0.9554'}, 'timezone': {'offset': '-11:00', 'description': 'Midway Island, Samoa'}}, 'email': 'roope.saarela@example.com', 'login': {'uuid': 'dc05a8b9-0852-45ab-9b89-ba9ab7b2fb16', 'username': 'lazymeercat736', 'password': 'rancid', 'salt': 'cHxjvPRh', 'md5': '0aafee762c89dc2e6bd586052f123015', 'sha1': 'c72e851f0c977831e452ce38efb16fa9d2221e06', 'sha256': '543bae48d349b6c6c02dd58f653ae29314163054d08d54b9addee2dfa9620ecd'}, 'dob': {'date': '1983-03-17T23:30:29.179Z', 'age': 41}, 'registered': {'date': '2014-04-28T21:20:06.924Z', 'age': 10}, 'phone': '07-471-971', 'cell': '043-769-49-71', 'id': {'name': 'HETU', 'value': 'NaNNA437undefined'}, 'picture': {'large': 'https://randomuser.me/api/portraits/men/68.jpg', 'medium': 'https://randomuser.me/api/portraits/med/men/68.jpg', 'thumbnail': 'https://randomuser.me/api/portraits/thumb/men/68.jpg'}, 'nat': 'FI'}</msg>
<arg>${json_data['results'][0]}</arg>
<doc>Logs the given message with the given level.</doc>
<status status="PASS" start="2024-07-10T02:32:45.903275" elapsed="0.000392"/>
</kw>
<kw name="Log" owner="BuiltIn">
<msg time="2024-07-10T02:32:45.904078" level="INFO">login</msg>
<arg>${key}</arg>
<doc>Logs the given message with the given level.</doc>
<status status="PASS" start="2024-07-10T02:32:45.903954" elapsed="0.000162"/>
</kw>
<var name="${key}">login</var>
<status status="PASS" start="2024-07-10T02:32:45.902591" elapsed="0.001735"/>
</iter>
<var>${key}</var>
<value>@{expected_keys}</value>
<status status="PASS" start="2024-07-10T02:32:45.894292" elapsed="0.010155"/>
</for>
<kw name="Create List" owner="BuiltIn">
<msg time="2024-07-10T02:32:45.904781" level="INFO">${expected_keysTwo} = ['username', 'password']</msg>
<var>${expected_keysTwo}</var>
<arg>username</arg>
<arg>password</arg>
<doc>Returns a list containing given items.</doc>
<status status="PASS" start="2024-07-10T02:32:45.904642" elapsed="0.000163"/>
</kw>
<for flavor="IN">
<iter>
<kw name="Dictionary Should Contain Key" owner="Collections">
<arg>${json_data['results'][0]['login']}</arg>
<arg>${keyTwo}</arg>
<doc>Fails if ``key`` is not found from ``dictionary``.</doc>
<status status="PASS" start="2024-07-10T02:32:45.905332" elapsed="0.000421"/>
</kw>
<kw name="Dictionary Should Contain Key" owner="Collections">
<arg>${json_data['results'][0]['login']}</arg>
<arg>${keyTwo}</arg>
<doc>Fails if ``key`` is not found from ``dictionary``.</doc>
<status status="PASS" start="2024-07-10T02:32:45.905936" elapsed="0.000373"/>
</kw>
<kw name="Log" owner="BuiltIn">
<msg time="2024-07-10T02:32:45.906614" level="INFO">username</msg>
<arg>${keyTwo}</arg>
<doc>Logs the given message with the given level.</doc>
<status status="PASS" start="2024-07-10T02:32:45.906493" elapsed="0.000159"/>
</kw>
<var name="${keyTwo}">username</var>
<status status="PASS" start="2024-07-10T02:32:45.905225" elapsed="0.001649"/>
</iter>
<iter>
<kw name="Dictionary Should Contain Key" owner="Collections">
<arg>${json_data['results'][0]['login']}</arg>
<arg>${keyTwo}</arg>
<doc>Fails if ``key`` is not found from ``dictionary``.</doc>
<status status="PASS" start="2024-07-10T02:32:45.907153" elapsed="0.000385"/>
</kw>
<kw name="Dictionary Should Contain Key" owner="Collections">
<arg>${json_data['results'][0]['login']}</arg>
<arg>${keyTwo}</arg>
<doc>Fails if ``key`` is not found from ``dictionary``.</doc>
<status status="PASS" start="2024-07-10T02:32:45.907715" elapsed="0.000364"/>
</kw>
<kw name="Log" owner="BuiltIn">
<msg time="2024-07-10T02:32:45.908372" level="INFO">password</msg>
<arg>${keyTwo}</arg>
<doc>Logs the given message with the given level.</doc>
<status status="PASS" start="2024-07-10T02:32:45.908255" elapsed="0.000160"/>
</kw>
<var name="${keyTwo}">password</var>
<status status="PASS" start="2024-07-10T02:32:45.907047" elapsed="0.001683"/>
</iter>
<var>${keyTwo}</var>
<value>@{expected_keysTwo}</value>
<status status="PASS" start="2024-07-10T02:32:45.905067" elapsed="0.003785"/>
</for>
<status status="PASS" start="2024-07-10T02:32:45.791446" elapsed="0.117549"/>
</kw>
<doc>Testa a estrutura da resposta da API.</doc>
<tag>testeEstruturaResposta</tag>
<status status="PASS" start="2024-07-10T02:32:45.790901" elapsed="0.118253"/>
</test>
<test id="s1-s1-t4" name="Validar tipos de dados" line="28">
<kw name="Teste de Tipos de Dados" owner="random-user-service">
<kw name="GET On Session" owner="RequestsLibrary">
<msg time="2024-07-10T02:32:45.994423" level="INFO">GET Request : url=https://randomuser.me/api 
 path_url=/api 
 headers={'User-Agent': 'python-requests/2.32.3', 'Accept-Encoding': 'gzip, deflate', 'Accept': '*/*', 'Connection': 'keep-alive'} 
 body=None 
 </msg>
<msg time="2024-07-10T02:32:45.994527" level="INFO">GET Response : url=https://randomuser.me/api 
 status=200, reason=OK 
 headers={'Date': 'Wed, 10 Jul 2024 02:32:45 GMT', 'Content-Type': 'application/json; charset=utf-8', 'Transfer-Encoding': 'chunked', 'Connection': 'keep-alive', 'X-Powered-By': 'Express', 'Access-Control-Allow-Origin': '*', 'Cache-Control': 'no-cache', 'ETag': 'W/"4a0-l+DIKvbcXaycYAgRm8RxWXypqoI"', 'Vary': 'Accept-Encoding', 'Content-Encoding': 'gzip', 'CF-Cache-Status': 'DYNAMIC', 'Report-To': '{"endpoints":[{"url":"https:\\/\\/a.nel.cloudflare.com\\/report\\/v4?s=xqT%2B9CYZSVSay39qq1yT7ceUt3mlUlIzF8GDN4FVmp%2FofMp70B1vhGTU9K9D2SIgAUuHocyEmSmYg3q3ZyTOQVPwQt0etNmrIt5nWpTT468iU6Lwg16KN2nuvnDYvUG2"}],"group":"cf-nel","max_age":604800}', 'NEL': '{"success_fraction":0,"report_to":"cf-nel","max_age":604800}', 'Server': 'cloudflare', 'CF-RAY': '8a0d2526fbe00a8f-IAD', 'alt-svc': 'h3=":443"; ma=86400'} 
 body={"results":[{"gender":"male","name":{"title":"Mr","first":"Xavier","last":"Gutiérrez"},"location":{"street":{"number":1562,"name":"Privada Ecuador"},"city":"Isla Aguada","state":"Tamaulipas","country":"Mexico","postcode":50765,"coordinates":{"latitude":"26.6941","longitude":"-14.3759"},"timezone":{"offset":"+5:30","description":"Bombay, Calcutta, Madras, New Delhi"}},"email":"xavier.gutierrez@example.com","login":{"uuid":"f6b2d5d7-acc8-4cf0-8aa2-7c47bc236858","username":"purpledog531","password":"mystic","salt":"PXXHX0ds","md5":"0a6f4c60beda58c78a5318b1614a41ae","sha1":"322f2c8e49f7e625a28585df092b1b3dcdc64a52","sha256":"6f5e901837e6742ac3468c09c788d0536cbd6ff22cf1d9c20691a5b505a3f455"},"dob":{"date":"1988-03-01T11:49:36.437Z","age":36},"registered":{"date":"2007-09-30T10:20:32.363Z","age":16},"phone":"(677) 114 5350","cell":"(628) 403 0627","id":{"name":"NSS","value":"59 82 57 2874 7"},"picture":{"large":"https://randomuser.me/api/portraits/men/45.jpg","medium":"https://randomuser.me/api/portraits/med/men/45.jpg","thumbnail":"https://randomuser.me/api/portraits/thumb/men/45.jpg"},"nat":"MX"}],"info":{"seed":"58112855b42af7a5","results":1,"page":1,"version":"1.4"}} 
 </msg>
<msg time="2024-07-10T02:32:45.994605" level="INFO">/opt/hostedtoolcache/Python/3.12.4/x64/lib/python3.12/site-packages/urllib3/connectionpool.py:1099: InsecureRequestWarning: Unverified HTTPS request is being made to host 'randomuser.me'. Adding certificate verification is strongly advised. See: https://urllib3.readthedocs.io/en/latest/advanced-usage.html#tls-warnings
  warnings.warn(</msg>
<msg time="2024-07-10T02:32:45.994746" level="INFO">${response} = &lt;Response [200]&gt;</msg>
<var>${response}</var>
<arg>consultarAPI</arg>
<arg>/api</arg>
<doc>Sends a GET request on a previously created HTTP Session.</doc>
<status status="PASS" start="2024-07-10T02:32:45.911656" elapsed="0.083138"/>
</kw>
<kw name="Set Variable" owner="BuiltIn">
<msg time="2024-07-10T02:32:45.995847" level="INFO">${json_data} = {'results': [{'gender': 'male', 'name': {'title': 'Mr', 'first': 'Xavier', 'last': 'Gutiérrez'}, 'location': {'street': {'number': 1562, 'name': 'Privada Ecuador'}, 'city': 'Isla Aguada', 'state': 'Ta...</msg>
<var>${json_data}</var>
<arg>${response.json()}</arg>
<doc>Returns the given values which can then be assigned to a variables.</doc>
<status status="PASS" start="2024-07-10T02:32:45.995301" elapsed="0.000576"/>
</kw>
<kw name="Log" owner="BuiltIn">
<msg time="2024-07-10T02:32:45.996408" level="INFO">{'results': [{'gender': 'male', 'name': {'title': 'Mr', 'first': 'Xavier', 'last': 'Gutiérrez'}, 'location': {'street': {'number': 1562, 'name': 'Privada Ecuador'}, 'city': 'Isla Aguada', 'state': 'Tamaulipas', 'country': 'Mexico', 'postcode': 50765, 'coordinates': {'latitude': '26.6941', 'longitude': '-14.3759'}, 'timezone': {'offset': '+5:30', 'description': 'Bombay, Calcutta, Madras, New Delhi'}}, 'email': 'xavier.gutierrez@example.com', 'login': {'uuid': 'f6b2d5d7-acc8-4cf0-8aa2-7c47bc236858', 'username': 'purpledog531', 'password': 'mystic', 'salt': 'PXXHX0ds', 'md5': '0a6f4c60beda58c78a5318b1614a41ae', 'sha1': '322f2c8e49f7e625a28585df092b1b3dcdc64a52', 'sha256': '6f5e901837e6742ac3468c09c788d0536cbd6ff22cf1d9c20691a5b505a3f455'}, 'dob': {'date': '1988-03-01T11:49:36.437Z', 'age': 36}, 'registered': {'date': '2007-09-30T10:20:32.363Z', 'age': 16}, 'phone': '(677) 114 5350', 'cell': '(628) 403 0627', 'id': {'name': 'NSS', 'value': '59 82 57 2874 7'}, 'picture': {'large': 'https://randomuser.me/api/portraits/men/45.jpg', 'medium': 'https://randomuser.me/api/portraits/med/men/45.jpg', 'thumbnail': 'https://randomuser.me/api/portraits/thumb/men/45.jpg'}, 'nat': 'MX'}], 'info': {'seed': '58112855b42af7a5', 'results': 1, 'page': 1, 'version': '1.4'}}</msg>
<arg>${json_data}</arg>
<doc>Logs the given message with the given level.</doc>
<status status="PASS" start="2024-07-10T02:32:45.996239" elapsed="0.000222"/>
</kw>
<kw name="Should Be String" owner="String">
<arg>${json_data['results'][0]['gender']}</arg>
<doc>Fails if the given ``item`` is not a string.</doc>
<status status="PASS" start="2024-07-10T02:32:45.996785" elapsed="0.000378"/>
</kw>
<kw name="Should Match Regexp" owner="BuiltIn">
<arg>${json_data['results'][0]['email']}</arg>
<arg>^[a-zA-Z0-9._%+-]+@[a-zA-Z0-9.-]+\.[a-zA-Z]{2,}$</arg>
<doc>Fails if ``string`` does not match ``pattern`` as a regular expression.</doc>
<status status="PASS" start="2024-07-10T02:32:45.997356" elapsed="0.000581"/>
</kw>
<kw name="Should Match Regexp" owner="BuiltIn">
<arg>${json_data['results'][0]['dob']['date']}</arg>
<arg>\\d{4}-\\d{2}-\\d{2}T\\d{2}:\\d{2}:\\d{2}\\.\\d{3}Z</arg>
<doc>Fails if ``string`` does not match ``pattern`` as a regular expression.</doc>
<status status="PASS" start="2024-07-10T02:32:45.998177" elapsed="0.000501"/>
</kw>
<kw name="Should Match Regexp" owner="BuiltIn">
<arg>${json_data['results'][0]['registered']['date']}</arg>
<arg>\\d{4}-\\d{2}-\\d{2}T\\d{2}:\\d{2}:\\d{2}\\.\\d{3}Z</arg>
<doc>Fails if ``string`` does not match ``pattern`` as a regular expression.</doc>
<status status="PASS" start="2024-07-10T02:32:45.998874" elapsed="0.000372"/>
</kw>
<kw name="Should Match Regexp" owner="BuiltIn">
<arg>${json_data['results'][0]['picture']['large']}</arg>
<arg>^https?://.*\.(?:png|jpe?g|gif|bmp)$</arg>
<doc>Fails if ``string`` does not match ``pattern`` as a regular expression.</doc>
<status status="PASS" start="2024-07-10T02:32:45.999433" elapsed="0.000462"/>
</kw>
<kw name="Should Match Regexp" owner="BuiltIn">
<arg>${json_data['results'][0]['picture']['medium']}</arg>
<arg>^https?://.*\.(?:png|jpe?g|gif|bmp)$</arg>
<doc>Fails if ``string`` does not match ``pattern`` as a regular expression.</doc>
<status status="PASS" start="2024-07-10T02:32:46.000082" elapsed="0.000350"/>
</kw>
<kw name="Should Match Regexp" owner="BuiltIn">
<arg>${json_data['results'][0]['picture']['thumbnail']}</arg>
<arg>^https?://.*\.(?:png|jpe?g|gif|bmp)$</arg>
<doc>Fails if ``string`` does not match ``pattern`` as a regular expression.</doc>
<status status="PASS" start="2024-07-10T02:32:46.000615" elapsed="0.000346"/>
</kw>
<kw name="Log" owner="BuiltIn">
<msg time="2024-07-10T02:32:46.001479" level="INFO">{'large': 'https://randomuser.me/api/portraits/men/45.jpg', 'medium': 'https://randomuser.me/api/portraits/med/men/45.jpg', 'thumbnail': 'https://randomuser.me/api/portraits/thumb/men/45.jpg'}</msg>
<arg>${json_data['results'][0]['picture']}</arg>
<doc>Logs the given message with the given level.</doc>
<status status="PASS" start="2024-07-10T02:32:46.001148" elapsed="0.000374"/>
</kw>
<status status="PASS" start="2024-07-10T02:32:45.911429" elapsed="0.090389"/>
</kw>
<kw name="Teste de Tipos de Dados - Postcode" owner="random-user-service">
<kw name="GET On Session" owner="RequestsLibrary">
<msg time="2024-07-10T02:32:46.086452" level="INFO">GET Request : url=https://randomuser.me/api 
 path_url=/api 
 headers={'User-Agent': 'python-requests/2.32.3', 'Accept-Encoding': 'gzip, deflate', 'Accept': '*/*', 'Connection': 'keep-alive'} 
 body=None 
 </msg>
<msg time="2024-07-10T02:32:46.086553" level="INFO">GET Response : url=https://randomuser.me/api 
 status=200, reason=OK 
 headers={'Date': 'Wed, 10 Jul 2024 02:32:46 GMT', 'Content-Type': 'application/json; charset=utf-8', 'Transfer-Encoding': 'chunked', 'Connection': 'keep-alive', 'X-Powered-By': 'Express', 'Access-Control-Allow-Origin': '*', 'Cache-Control': 'no-cache', 'ETag': 'W/"49c-CjDc9VSk9mm9XPmsGoy50iSjAyM"', 'Vary': 'Accept-Encoding', 'Content-Encoding': 'gzip', 'CF-Cache-Status': 'DYNAMIC', 'Report-To': '{"endpoints":[{"url":"https:\\/\\/a.nel.cloudflare.com\\/report\\/v4?s=H9g99LSCLH3Eb%2B50QhPGjhdIbm4%2Bduom%2FeMkIWHy6qZUN7z7EAIjjsaDJyRtCa%2FcSqiw1acQGsR2c1O1Pr607ZHuDKwGUgfIfFuFVgx0cI2snQOXDQZoK%2FS1kpZLysme"}],"group":"cf-nel","max_age":604800}', 'NEL': '{"success_fraction":0,"report_to":"cf-nel","max_age":604800}', 'Server': 'cloudflare', 'CF-RAY': '8a0d25278c990a8f-IAD', 'alt-svc': 'h3=":443"; ma=86400'} 
 body={"results":[{"gender":"male","name":{"title":"Mr","first":"Radivoje","last":"Srejović"},"location":{"street":{"number":5159,"name":"Slobodana Mileusnića"},"city":"Vranje","state":"Moravica","country":"Serbia","postcode":99887,"coordinates":{"latitude":"62.9252","longitude":"-174.5802"},"timezone":{"offset":"+3:00","description":"Baghdad, Riyadh, Moscow, St. Petersburg"}},"email":"radivoje.srejovic@example.com","login":{"uuid":"ac88ce5f-bd14-49b2-8bb0-0d885abf32ec","username":"redbird135","password":"redwings","salt":"SYerKRkr","md5":"2c6af8dd0a88ebe1ec9faffbc559f6bc","sha1":"50546f546d71a1710a8b637191bdf4e943a7280e","sha256":"5cbf003f22f35a394aa66ab9911119314b5f766c4362d36314c615bead0f72f1"},"dob":{"date":"1993-01-08T11:47:28.996Z","age":31},"registered":{"date":"2013-01-22T10:17:04.830Z","age":11},"phone":"016-6921-879","cell":"065-8629-841","id":{"name":"SID","value":"972271993"},"picture":{"large":"https://randomuser.me/api/portraits/men/50.jpg","medium":"https://randomuser.me/api/portraits/med/men/50.jpg","thumbnail":"https://randomuser.me/api/portraits/thumb/men/50.jpg"},"nat":"RS"}],"info":{"seed":"f12eba7cc5396ce3","results":1,"page":1,"version":"1.4"}} 
 </msg>
<msg time="2024-07-10T02:32:46.086627" level="INFO">/opt/hostedtoolcache/Python/3.12.4/x64/lib/python3.12/site-packages/urllib3/connectionpool.py:1099: InsecureRequestWarning: Unverified HTTPS request is being made to host 'randomuser.me'. Adding certificate verification is strongly advised. See: https://urllib3.readthedocs.io/en/latest/advanced-usage.html#tls-warnings
  warnings.warn(</msg>
<msg time="2024-07-10T02:32:46.086766" level="INFO">${response} = &lt;Response [200]&gt;</msg>
<var>${response}</var>
<arg>consultarAPI</arg>
<arg>/api</arg>
<doc>Sends a GET request on a previously created HTTP Session.</doc>
<status status="PASS" start="2024-07-10T02:32:46.002275" elapsed="0.084538"/>
</kw>
<kw name="Set Variable" owner="BuiltIn">
<msg time="2024-07-10T02:32:46.087897" level="INFO">${json_data} = {'results': [{'gender': 'male', 'name': {'title': 'Mr', 'first': 'Radivoje', 'last': 'Srejović'}, 'location': {'street': {'number': 5159, 'name': 'Slobodana Mileusnića'}, 'city': 'Vranje', 'state': 'M...</msg>
<var>${json_data}</var>
<arg>${response.json()}</arg>
<doc>Returns the given values which can then be assigned to a variables.</doc>
<status status="PASS" start="2024-07-10T02:32:46.087351" elapsed="0.000579"/>
</kw>
<kw name="Log" owner="BuiltIn">
<msg time="2024-07-10T02:32:46.088475" level="INFO">{'results': [{'gender': 'male', 'name': {'title': 'Mr', 'first': 'Radivoje', 'last': 'Srejović'}, 'location': {'street': {'number': 5159, 'name': 'Slobodana Mileusnića'}, 'city': 'Vranje', 'state': 'Moravica', 'country': 'Serbia', 'postcode': 99887, 'coordinates': {'latitude': '62.9252', 'longitude': '-174.5802'}, 'timezone': {'offset': '+3:00', 'description': 'Baghdad, Riyadh, Moscow, St. Petersburg'}}, 'email': 'radivoje.srejovic@example.com', 'login': {'uuid': 'ac88ce5f-bd14-49b2-8bb0-0d885abf32ec', 'username': 'redbird135', 'password': 'redwings', 'salt': 'SYerKRkr', 'md5': '2c6af8dd0a88ebe1ec9faffbc559f6bc', 'sha1': '50546f546d71a1710a8b637191bdf4e943a7280e', 'sha256': '5cbf003f22f35a394aa66ab9911119314b5f766c4362d36314c615bead0f72f1'}, 'dob': {'date': '1993-01-08T11:47:28.996Z', 'age': 31}, 'registered': {'date': '2013-01-22T10:17:04.830Z', 'age': 11}, 'phone': '016-6921-879', 'cell': '065-8629-841', 'id': {'name': 'SID', 'value': '972271993'}, 'picture': {'large': 'https://randomuser.me/api/portraits/men/50.jpg', 'medium': 'https://randomuser.me/api/portraits/med/men/50.jpg', 'thumbnail': 'https://randomuser.me/api/portraits/thumb/men/50.jpg'}, 'nat': 'RS'}], 'info': {'seed': 'f12eba7cc5396ce3', 'results': 1, 'page': 1, 'version': '1.4'}}</msg>
<arg>${json_data}</arg>
<doc>Logs the given message with the given level.</doc>
<status status="PASS" start="2024-07-10T02:32:46.088290" elapsed="0.000240"/>
</kw>
<kw name="Should Be Equal As Numbers" owner="BuiltIn">
<arg>${json_data['results'][0]['location']['postcode']}</arg>
<arg>${json_data['results'][0]['location']['postcode']}</arg>
<doc>Fails if objects are unequal after converting them to real numbers.</doc>
<status status="PASS" start="2024-07-10T02:32:46.088842" elapsed="0.000677"/>
</kw>
<kw name="Log" owner="BuiltIn">
<msg time="2024-07-10T02:32:46.090314" level="INFO">99887</msg>
<arg>${json_data['results'][0]['location']['postcode']}</arg>
<doc>Logs the given message with the given level.</doc>
<status status="PASS" start="2024-07-10T02:32:46.089785" elapsed="0.000573"/>
</kw>
<status status="PASS" start="2024-07-10T02:32:46.002046" elapsed="0.088609"/>
</kw>
<doc>Testa se os tipos de dados na resposta da API estão corretos.</doc>
<tag>testeTiposDados</tag>
<status status="PASS" start="2024-07-10T02:32:45.910975" elapsed="0.179858"/>
</test>
<test id="s1-s1-t5" name="Validar conteudo" line="35">
<kw name="Teste de Tipos de Conteudo" owner="random-user-service">
<kw name="GET On Session" owner="RequestsLibrary">
<msg time="2024-07-10T02:32:46.186150" level="INFO">GET Request : url=https://randomuser.me/api 
 path_url=/api 
 headers={'User-Agent': 'python-requests/2.32.3', 'Accept-Encoding': 'gzip, deflate', 'Accept': '*/*', 'Connection': 'keep-alive'} 
 body=None 
 </msg>
<msg time="2024-07-10T02:32:46.186247" level="INFO">GET Response : url=https://randomuser.me/api 
 status=200, reason=OK 
 headers={'Date': 'Wed, 10 Jul 2024 02:32:46 GMT', 'Content-Type': 'application/json; charset=utf-8', 'Transfer-Encoding': 'chunked', 'Connection': 'keep-alive', 'X-Powered-By': 'Express', 'Access-Control-Allow-Origin': '*', 'Cache-Control': 'no-cache', 'ETag': 'W/"4b3-wjRntwIjI+6p/wYEvatbu2rfhVw"', 'Vary': 'Accept-Encoding', 'Content-Encoding': 'gzip', 'CF-Cache-Status': 'DYNAMIC', 'Report-To': '{"endpoints":[{"url":"https:\\/\\/a.nel.cloudflare.com\\/report\\/v4?s=Wlpj6S68e%2Ft3AxTiFiyf2xoVz7UBpKWoVtX5G%2B6oEVQfpf%2BTLzsDKFKyS8lRYUdF1r%2FE26yEQ%2BxaLMqaI%2B9eYpCzVFfMLJVpyP0lYe9vjAQpvEx6%2B3lGpqvPB1ARvVlU"}],"group":"cf-nel","max_age":604800}', 'NEL': '{"success_fraction":0,"report_to":"cf-nel","max_age":604800}', 'Server': 'cloudflare', 'CF-RAY': '8a0d25281d410a8f-IAD', 'alt-svc': 'h3=":443"; ma=86400'} 
 body={"results":[{"gender":"female","name":{"title":"Ms","first":"Apolline","last":"Robert"},"location":{"street":{"number":6503,"name":"Rue André-Gide"},"city":"Boulogne-Billancourt","state":"Loiret","country":"France","postcode":31904,"coordinates":{"latitude":"-19.8184","longitude":"99.9688"},"timezone":{"offset":"-5:00","description":"Eastern Time (US &amp; Canada), Bogota, Lima"}},"email":"apolline.robert@example.com","login":{"uuid":"1de3a629-33ff-481f-b4f6-fd793c205ecc","username":"greenzebra852","password":"widget","salt":"o99Gf9or","md5":"a289894f19671888f535afb98d9f22cc","sha1":"7547143de9103b41857e96e2590f1910a4eda5fe","sha256":"81dcd1e06248b1ebaeaeaa86d9825fe6430af4d12af0dd63a7f8d1ea8f795311"},"dob":{"date":"1971-12-21T17:02:57.653Z","age":52},"registered":{"date":"2014-02-26T01:42:54.489Z","age":10},"phone":"04-10-39-77-89","cell":"06-23-12-67-49","id":{"name":"INSEE","value":"2711185971015 77"},"picture":{"large":"https://randomuser.me/api/portraits/women/21.jpg","medium":"https://randomuser.me/api/portraits/med/women/21.jpg","thumbnail":"https://randomuser.me/api/portraits/thumb/women/21.jpg"},"nat":"FR"}],"info":{"seed":"cba5e752524ed0bc","results":1,"page":1,"version":"1.4"}} 
 </msg>
<msg time="2024-07-10T02:32:46.186323" level="INFO">/opt/hostedtoolcache/Python/3.12.4/x64/lib/python3.12/site-packages/urllib3/connectionpool.py:1099: InsecureRequestWarning: Unverified HTTPS request is being made to host 'randomuser.me'. Adding certificate verification is strongly advised. See: https://urllib3.readthedocs.io/en/latest/advanced-usage.html#tls-warnings
  warnings.warn(</msg>
<msg time="2024-07-10T02:32:46.186469" level="INFO">${response} = &lt;Response [200]&gt;</msg>
<var>${response}</var>
<arg>consultarAPI</arg>
<arg>/api</arg>
<doc>Sends a GET request on a previously created HTTP Session.</doc>
<status status="PASS" start="2024-07-10T02:32:46.093744" elapsed="0.092770"/>
</kw>
<kw name="Set Variable" owner="BuiltIn">
<msg time="2024-07-10T02:32:46.187541" level="INFO">${json_data} = {'results': [{'gender': 'female', 'name': {'title': 'Ms', 'first': 'Apolline', 'last': 'Robert'}, 'location': {'street': {'number': 6503, 'name': 'Rue André-Gide'}, 'city': 'Boulogne-Billancourt', 'st...</msg>
<var>${json_data}</var>
<arg>${response.json()}</arg>
<doc>Returns the given values which can then be assigned to a variables.</doc>
<status status="PASS" start="2024-07-10T02:32:46.187012" elapsed="0.000560"/>
</kw>
<kw name="Set Variable" owner="BuiltIn">
<msg time="2024-07-10T02:32:46.188323" level="INFO">${name_title} = Ms</msg>
<var>${name_title}</var>
<arg>${json_data["results"][0]["name"]["title"]}</arg>
<doc>Returns the given values which can then be assigned to a variables.</doc>
<status status="PASS" start="2024-07-10T02:32:46.187915" elapsed="0.000435"/>
</kw>
<kw name="Create List" owner="BuiltIn">
<msg time="2024-07-10T02:32:46.188817" level="INFO">${allowed_titles} = ['Mr', 'Ms', 'Miss', 'Mrs', 'Madame', 'Monsieur']</msg>
<var>${allowed_titles}</var>
<arg>Mr</arg>
<arg>Ms</arg>
<arg>Miss</arg>
<arg>Mrs</arg>
<arg>Madame</arg>
<arg>Monsieur</arg>
<doc>Returns a list containing given items.</doc>
<status status="PASS" start="2024-07-10T02:32:46.188662" elapsed="0.000180"/>
</kw>
<kw name="List Should Contain Value" owner="Collections">
<arg>${allowed_titles}</arg>
<arg>${name_title}</arg>
<doc>Fails if the ``value`` is not found from ``list``.</doc>
<status status="PASS" start="2024-07-10T02:32:46.189153" elapsed="0.000182"/>
</kw>
<kw name="Set Variable" owner="BuiltIn">
<msg time="2024-07-10T02:32:46.189937" level="INFO">${name_country} = FR</msg>
<var>${name_country}</var>
<arg>${json_data["results"][0]["nat"]}</arg>
<doc>Returns the given values which can then be assigned to a variables.</doc>
<status status="PASS" start="2024-07-10T02:32:46.189520" elapsed="0.000443"/>
</kw>
<kw name="Create List" owner="BuiltIn">
<msg time="2024-07-10T02:32:46.190855" level="INFO">${list_country} = ['AD', 'AE', 'AF', 'AG', 'AI', 'AL', 'AM', 'AO', 'AQ', 'AR', 'AS', 'AT', 'AU', 'AW', 'AX', 'AZ', 'BA', 'BB', 'BD', 'BE', 'BF', 'BG', 'BH', 'BI', 'BJ', 'BL', 'BM', 'BN', 'BO', 'BQ', 'BR', 'BS', 'BT', '...</msg>
<var>${list_country}</var>
<arg>AD</arg>
<arg>AE</arg>
<arg>AF</arg>
<arg>AG</arg>
<arg>AI</arg>
<arg>AL</arg>
<arg>AM</arg>
<arg>AO</arg>
<arg>AQ</arg>
<arg>AR</arg>
<arg>AS</arg>
<arg>AT</arg>
<arg>AU</arg>
<arg>AW</arg>
<arg>AX</arg>
<arg>AZ</arg>
<arg>BA</arg>
<arg>BB</arg>
<arg>BD</arg>
<arg>BE</arg>
<arg>BF</arg>
<arg>BG</arg>
<arg>BH</arg>
<arg>BI</arg>
<arg>BJ</arg>
<arg>BL</arg>
<arg>BM</arg>
<arg>BN</arg>
<arg>BO</arg>
<arg>BQ</arg>
<arg>BR</arg>
<arg>BS</arg>
<arg>BT</arg>
<arg>BV</arg>
<arg>BW</arg>
<arg>BY</arg>
<arg>BZ</arg>
<arg>CA</arg>
<arg>CC</arg>
<arg>CD</arg>
<arg>CF</arg>
<arg>CG</arg>
<arg>CH</arg>
<arg>CI</arg>
<arg>CK</arg>
<arg>CL</arg>
<arg>CM</arg>
<arg>CN</arg>
<arg>CO</arg>
<arg>CR</arg>
<arg>CU</arg>
<arg>CV</arg>
<arg>CW</arg>
<arg>CX</arg>
<arg>CY</arg>
<arg>CZ</arg>
<arg>DE</arg>
<arg>DJ</arg>
<arg>DK</arg>
<arg>DM</arg>
<arg>DO</arg>
<arg>DZ</arg>
<arg>EC</arg>
<arg>EE</arg>
<arg>EG</arg>
<arg>EH</arg>
<arg>ER</arg>
<arg>ES</arg>
<arg>ET</arg>
<arg>FI</arg>
<arg>FJ</arg>
<arg>FK</arg>
<arg>FM</arg>
<arg>FO</arg>
<arg>FR</arg>
<arg>GA</arg>
<arg>GB</arg>
<arg>GD</arg>
<arg>GE</arg>
<arg>GF</arg>
<arg>GG</arg>
<arg>GH</arg>
<arg>GI</arg>
<arg>GL</arg>
<arg>GM</arg>
<arg>GN</arg>
<arg>GP</arg>
<arg>GQ</arg>
<arg>GR</arg>
<arg>GS</arg>
<arg>GT</arg>
<arg>GU</arg>
<arg>GW</arg>
<arg>GY</arg>
<arg>HK</arg>
<arg>HM</arg>
<arg>HN</arg>
<arg>HR</arg>
<arg>HT</arg>
<arg>HU</arg>
<arg>ID</arg>
<arg>IE</arg>
<arg>IL</arg>
<arg>IM</arg>
<arg>IN</arg>
<arg>IO</arg>
<arg>IQ</arg>
<arg>IR</arg>
<arg>IS</arg>
<arg>IT</arg>
<arg>JE</arg>
<arg>JM</arg>
<arg>JO</arg>
<arg>JP</arg>
<arg>KE</arg>
<arg>KG</arg>
<arg>KH</arg>
<arg>KI</arg>
<arg>KM</arg>
<arg>KN</arg>
<arg>KP</arg>
<arg>KR</arg>
<arg>KW</arg>
<arg>KY</arg>
<arg>KZ</arg>
<arg>LA</arg>
<arg>LB</arg>
<arg>LC</arg>
<arg>LI</arg>
<arg>LK</arg>
<arg>LR</arg>
<arg>LS</arg>
<arg>LT</arg>
<arg>LU</arg>
<arg>LV</arg>
<arg>LY</arg>
<arg>MA</arg>
<arg>MC</arg>
<arg>MD</arg>
<arg>ME</arg>
<arg>MF</arg>
<arg>MG</arg>
<arg>MH</arg>
<arg>MK</arg>
<arg>ML</arg>
<arg>MM</arg>
<arg>MN</arg>
<arg>MO</arg>
<arg>MP</arg>
<arg>MQ</arg>
<arg>MR</arg>
<arg>MS</arg>
<arg>MT</arg>
<arg>MU</arg>
<arg>MV</arg>
<arg>MW</arg>
<arg>MX</arg>
<arg>MY</arg>
<arg>MZ</arg>
<arg>NA</arg>
<arg>NC</arg>
<arg>NE</arg>
<arg>NF</arg>
<arg>NG</arg>
<arg>NI</arg>
<arg>NL</arg>
<arg>NO</arg>
<arg>NP</arg>
<arg>NR</arg>
<arg>NU</arg>
<arg>NZ</arg>
<arg>OM</arg>
<arg>PA</arg>
<arg>PE</arg>
<arg>PF</arg>
<arg>PG</arg>
<arg>PH</arg>
<arg>PK</arg>
<arg>PL</arg>
<arg>PM</arg>
<arg>PN</arg>
<arg>PR</arg>
<arg>PS</arg>
<arg>PT</arg>
<arg>PW</arg>
<arg>PY</arg>
<arg>QA</arg>
<arg>RE</arg>
<arg>RO</arg>
<arg>RS</arg>
<arg>RU</arg>
<arg>RW</arg>
<arg>SA</arg>
<arg>SB</arg>
<arg>SC</arg>
<arg>SD</arg>
<arg>SE</arg>
<arg>SG</arg>
<arg>SH</arg>
<arg>SI</arg>
<arg>SJ</arg>
<arg>SK</arg>
<arg>SL</arg>
<arg>SM</arg>
<arg>SN</arg>
<arg>SO</arg>
<arg>SR</arg>
<arg>SS</arg>
<arg>ST</arg>
<arg>SV</arg>
<arg>SX</arg>
<arg>SY</arg>
<arg>SZ</arg>
<arg>TC</arg>
<arg>TD</arg>
<arg>TF</arg>
<arg>TG</arg>
<arg>TH</arg>
<arg>TJ</arg>
<arg>TK</arg>
<arg>TL</arg>
<arg>TM</arg>
<arg>TN</arg>
<arg>TO</arg>
<arg>TR</arg>
<arg>TT</arg>
<arg>TV</arg>
<arg>TW</arg>
<arg>TZ</arg>
<arg>UA</arg>
<arg>UG</arg>
<arg>UM</arg>
<arg>US</arg>
<arg>UY</arg>
<arg>UZ</arg>
<arg>VA</arg>
<arg>VC</arg>
<arg>VE</arg>
<arg>VG</arg>
<arg>VI</arg>
<arg>VN</arg>
<arg>VU</arg>
<arg>WF</arg>
<arg>WS</arg>
<arg>XK</arg>
<arg>YE</arg>
<arg>YT</arg>
<arg>ZA</arg>
<arg>ZM</arg>
<arg>ZW</arg>
<doc>Returns a list containing given items.</doc>
<status status="PASS" start="2024-07-10T02:32:46.190263" elapsed="0.000618"/>
</kw>
<kw name="List Should Contain Value" owner="Collections">
<arg>${list_country}</arg>
<arg>${name_country}</arg>
<doc>Fails if the ``value`` is not found from ``list``.</doc>
<status status="PASS" start="2024-07-10T02:32:46.191679" elapsed="0.000216"/>
</kw>
<kw name="Run Keyword If" owner="BuiltIn">
<kw name="Should Be True" owner="BuiltIn">
<arg>${True}</arg>
<doc>Fails if the given condition is not true.</doc>
<status status="PASS" start="2024-07-10T02:32:46.192835" elapsed="0.000144"/>
</kw>
<arg>${json_data["results"][0]["location"]["coordinates"]["latitude"]} &gt;= -90 and ${json_data["results"][0]["location"]["coordinates"]["latitude"]} &lt;= 90</arg>
<arg>Should Be True</arg>
<arg>${True}</arg>
<doc>Runs the given keyword with the given arguments, if ``condition`` is true.</doc>
<status status="PASS" start="2024-07-10T02:32:46.192095" elapsed="0.001012"/>
</kw>
<kw name="Run Keyword If" owner="BuiltIn">
<kw name="Should Be True" owner="BuiltIn">
<arg>${True}</arg>
<doc>Fails if the given condition is not true.</doc>
<status status="PASS" start="2024-07-10T02:32:46.194018" elapsed="0.000247"/>
</kw>
<arg>${json_data["results"][0]["location"]["coordinates"]["longitude"]} &gt;= -180 and ${json_data["results"][0]["location"]["coordinates"]["longitude"]} &lt;= 180</arg>
<arg>Should Be True</arg>
<arg>${True}</arg>
<doc>Runs the given keyword with the given arguments, if ``condition`` is true.</doc>
<status status="PASS" start="2024-07-10T02:32:46.193290" elapsed="0.001106"/>
</kw>
<status status="PASS" start="2024-07-10T02:32:46.093334" elapsed="0.101197"/>
</kw>
<doc>Testa o conteúdo específico dos campos retornados pela API.</doc>
<tag>testeConteudo</tag>
<status status="PASS" start="2024-07-10T02:32:46.092662" elapsed="0.102024"/>
</test>
<status status="PASS" start="2024-07-10T02:32:45.352612" elapsed="0.844039"/>
</suite>
<status status="PASS" start="2024-07-10T02:32:45.338259" elapsed="0.863425"/>
</suite>
<statistics>
<total>
<stat pass="5" fail="0" skip="0">All Tests</stat>
</total>
<tag>
<stat pass="1" fail="0" skip="0">testeConteudo</stat>
<stat pass="1" fail="0" skip="0">testeEstruturaResposta</stat>
<stat pass="1" fail="0" skip="0">testeRequisicaoBasica</stat>
<stat pass="1" fail="0" skip="0">testeTiposDados</stat>
</tag>
<suite>
<stat pass="5" fail="0" skip="0" id="s1" name="Tests">Tests</stat>
<stat pass="5" fail="0" skip="0" id="s1-s1" name="Random-User-Test">Tests.Random-User-Test</stat>
</suite>
</statistics>
<errors>
</errors>
</robot>
