<?xml version="1.0" encoding="UTF-8"?>
<robot generator="Robot 7.0.1 (Python 3.12.4 on linux)" generated="2024-07-26T17:13:58.613456" rpa="false" schemaversion="5">
<suite id="s1" name="Tests" source="/home/runner/work/ApiRandomUser/ApiRandomUser/RamdonUser/tests">
<suite id="s1-s1" name="Random-User-Test" source="/home/runner/work/ApiRandomUser/ApiRandomUser/RamdonUser/tests/random-user-test.robot">
<test id="s1-s1-t1" name="Conectar" line="13">
<kw name="Conectar API" owner="random-user-service">
<kw name="Create Session" owner="RequestsLibrary">
<msg time="2024-07-26T17:13:59.044619" level="INFO">Creating Session using : alias=consultarAPI, url=https://randomuser.me/, headers={},                     cookies={}, auth=None, timeout=None, proxies=None, verify=False,                     debug=0 </msg>
<arg>consultarAPI</arg>
<arg>${URL}</arg>
<doc>Create Session: create a HTTP session to a server</doc>
<status status="PASS" start="2024-07-26T17:13:59.044422" elapsed="0.000377"/>
</kw>
<status status="PASS" start="2024-07-26T17:13:59.043361" elapsed="0.001794"/>
</kw>
<status status="PASS" start="2024-07-26T17:13:59.042786" elapsed="0.002562"/>
</test>
<test id="s1-s1-t2" name="Validar retorno 200 e JSON Válido" line="16">
<kw name="Teste de Requisicao Basica" owner="random-user-service">
<kw name="GET On Session" owner="RequestsLibrary">
<msg time="2024-07-26T17:13:59.201836" level="INFO">GET Request : url=https://randomuser.me/api 
 path_url=/api 
 headers={'User-Agent': 'python-requests/2.32.3', 'Accept-Encoding': 'gzip, deflate', 'Accept': '*/*', 'Connection': 'keep-alive'} 
 body=None 
 </msg>
<msg time="2024-07-26T17:13:59.201989" level="INFO">GET Response : url=https://randomuser.me/api 
 status=200, reason=OK 
 headers={'Date': 'Fri, 26 Jul 2024 17:13:59 GMT', 'Content-Type': 'application/json; charset=utf-8', 'Transfer-Encoding': 'chunked', 'Connection': 'keep-alive', 'X-Powered-By': 'Express', 'Access-Control-Allow-Origin': '*', 'Cache-Control': 'no-cache', 'ETag': 'W/"47e-HYdjazYl/WuAEIaIF859zEn31ho"', 'Vary': 'Accept-Encoding', 'Content-Encoding': 'gzip', 'CF-Cache-Status': 'DYNAMIC', 'Report-To': '{"endpoints":[{"url":"https:\\/\\/a.nel.cloudflare.com\\/report\\/v4?s=relUUvA0C%2BAqLEFDErwvciW5lwnc%2FWtkNjS5hS6oBAb15s%2FBC75A1YGdXw2w%2Fviz6CEiNx3E9OaAspqdTrhe8bnSXtgjpPne69ekBj9%2BCXOHTMzzqjpwI%2BsFtZRoTydd"}],"group":"cf-nel","max_age":604800}', 'NEL': '{"success_fraction":0,"report_to":"cf-nel","max_age":604800}', 'Server': 'cloudflare', 'CF-RAY': '8a96060059e47ab2-SJC', 'alt-svc': 'h3=":443"; ma=86400'} 
 body={"results":[{"gender":"male","name":{"title":"Mr","first":"Ron","last":"Bell"},"location":{"street":{"number":4545,"name":"The Avenue"},"city":"Birmingham","state":"Lancashire","country":"United Kingdom","postcode":"I49 0WP","coordinates":{"latitude":"-5.8881","longitude":"-69.4339"},"timezone":{"offset":"-12:00","description":"Eniwetok, Kwajalein"}},"email":"ron.bell@example.com","login":{"uuid":"d007d189-e916-4789-a681-d2b19f204b81","username":"orangebird886","password":"gabber","salt":"3KfzEIJ4","md5":"02d3aec847998c3fdab17d4c09d02658","sha1":"a2040d4e9cc598ce10a5e033a80d5af0d442bc63","sha256":"199b370999e9be7cb5f38e46c9ef66588cf8c88b0c76ad9d6cbb977f4b446e90"},"dob":{"date":"1952-04-26T04:23:41.461Z","age":72},"registered":{"date":"2016-05-16T00:33:23.153Z","age":8},"phone":"017683 97002","cell":"07551 812096","id":{"name":"NINO","value":"LJ 31 52 35 K"},"picture":{"large":"https://randomuser.me/api/portraits/men/7.jpg","medium":"https://randomuser.me/api/portraits/med/men/7.jpg","thumbnail":"https://randomuser.me/api/portraits/thumb/men/7.jpg"},"nat":"GB"}],"info":{"seed":"ef5483b8ece35ab3","results":1,"page":1,"version":"1.4"}} 
 </msg>
<msg time="2024-07-26T17:13:59.202072" level="INFO">/opt/hostedtoolcache/Python/3.12.4/x64/lib/python3.12/site-packages/urllib3/connectionpool.py:1099: InsecureRequestWarning: Unverified HTTPS request is being made to host 'randomuser.me'. Adding certificate verification is strongly advised. See: https://urllib3.readthedocs.io/en/latest/advanced-usage.html#tls-warnings
  warnings.warn(</msg>
<msg time="2024-07-26T17:13:59.202224" level="INFO">${response} = &lt;Response [200]&gt;</msg>
<var>${response}</var>
<arg>consultarAPI</arg>
<arg>/api</arg>
<doc>Sends a GET request on a previously created HTTP Session.</doc>
<status status="PASS" start="2024-07-26T17:13:59.048018" elapsed="0.154248"/>
</kw>
<kw name="Should Be Equal As Numbers" owner="BuiltIn">
<msg time="2024-07-26T17:13:59.203305" level="INFO">Argument types are:
&lt;class 'int'&gt;
&lt;class 'str'&gt;</msg>
<arg>${response.status_code}</arg>
<arg>200</arg>
<doc>Fails if objects are unequal after converting them to real numbers.</doc>
<status status="PASS" start="2024-07-26T17:13:59.202842" elapsed="0.000527"/>
</kw>
<kw name="Log" owner="BuiltIn">
<msg time="2024-07-26T17:13:59.204043" level="INFO">200</msg>
<arg>${response.status_code}</arg>
<doc>Logs the given message with the given level.</doc>
<status status="PASS" start="2024-07-26T17:13:59.203688" elapsed="0.000397"/>
</kw>
<kw name="Set Variable" owner="BuiltIn">
<msg time="2024-07-26T17:13:59.204863" level="INFO">${json_data} = {'results': [{'gender': 'male', 'name': {'title': 'Mr', 'first': 'Ron', 'last': 'Bell'}, 'location': {'street': {'number': 4545, 'name': 'The Avenue'}, 'city': 'Birmingham', 'state': 'Lancashire', 'co...</msg>
<var>${json_data}</var>
<arg>${response.json()}</arg>
<doc>Returns the given values which can then be assigned to a variables.</doc>
<status status="PASS" start="2024-07-26T17:13:59.204420" elapsed="0.000471"/>
</kw>
<kw name="Dictionary Should Contain Key" owner="Collections">
<arg>${json_data}</arg>
<arg>results</arg>
<doc>Fails if ``key`` is not found from ``dictionary``.</doc>
<status status="PASS" start="2024-07-26T17:13:59.205212" elapsed="0.000340"/>
</kw>
<status status="PASS" start="2024-07-26T17:13:59.047773" elapsed="0.157945"/>
</kw>
<doc>Testa se a API responde corretamente e retorna um objeto JSON válido.</doc>
<tag>testeRequisicaoBasica</tag>
<status status="PASS" start="2024-07-26T17:13:59.047205" elapsed="0.158696"/>
</test>
<test id="s1-s1-t3" name="Validar estrutura de resposta" line="22">
<kw name="Teste de Estrutura de Resposta" owner="random-user-service">
<kw name="GET On Session" owner="RequestsLibrary">
<msg time="2024-07-26T17:13:59.367291" level="INFO">GET Request : url=https://randomuser.me/api 
 path_url=/api 
 headers={'User-Agent': 'python-requests/2.32.3', 'Accept-Encoding': 'gzip, deflate', 'Accept': '*/*', 'Connection': 'keep-alive'} 
 body=None 
 </msg>
<msg time="2024-07-26T17:13:59.367387" level="INFO">GET Response : url=https://randomuser.me/api 
 status=200, reason=OK 
 headers={'Date': 'Fri, 26 Jul 2024 17:13:59 GMT', 'Content-Type': 'application/json; charset=utf-8', 'Transfer-Encoding': 'chunked', 'Connection': 'keep-alive', 'X-Powered-By': 'Express', 'Access-Control-Allow-Origin': '*', 'Cache-Control': 'no-cache', 'ETag': 'W/"4a1-QpwmSQmx/NXscxwr8PqfAx4mPVQ"', 'Vary': 'Accept-Encoding', 'Content-Encoding': 'gzip', 'CF-Cache-Status': 'DYNAMIC', 'Report-To': '{"endpoints":[{"url":"https:\\/\\/a.nel.cloudflare.com\\/report\\/v4?s=0arnpRTAe%2BUxQbJrjAhImGWi3ryge%2B64lGjeYllfKHJdnr1XBmO5VYObuRsAveKveE%2BDJxRswnUkSW6xEyD9blMd4ZC3fWJLeCalWCKAgEZ4%2FYgz2Urwb5AolPwVpEj6"}],"group":"cf-nel","max_age":604800}', 'NEL': '{"success_fraction":0,"report_to":"cf-nel","max_age":604800}', 'Server': 'cloudflare', 'CF-RAY': '8a9606011a9b7ab2-SJC', 'alt-svc': 'h3=":443"; ma=86400'} 
 body={"results":[{"gender":"female","name":{"title":"Madame","first":"Beatrix","last":"David"},"location":{"street":{"number":6706,"name":"Boulevard de la Duchère"},"city":"Schönenbuch","state":"Graubünden","country":"Switzerland","postcode":7682,"coordinates":{"latitude":"-58.6931","longitude":"50.7274"},"timezone":{"offset":"-12:00","description":"Eniwetok, Kwajalein"}},"email":"beatrix.david@example.com","login":{"uuid":"23c0a2c5-40f9-46a8-acf8-f165cbbd0e92","username":"lazywolf202","password":"zoom","salt":"b9JzOGyX","md5":"5c1b7e3141ab7c9f4cc484bd2ca90fb8","sha1":"b454763395267bb657c1529fe1bfdc952164e32a","sha256":"bc64ee6dc3c8ffb9c3c5c480f63cdeccf55c106b73a3cf97d27f6c49d8b745f7"},"dob":{"date":"1967-09-20T08:26:55.695Z","age":56},"registered":{"date":"2008-12-31T05:31:24.721Z","age":15},"phone":"079 096 12 00","cell":"075 097 72 66","id":{"name":"AVS","value":"756.4951.1657.07"},"picture":{"large":"https://randomuser.me/api/portraits/women/75.jpg","medium":"https://randomuser.me/api/portraits/med/women/75.jpg","thumbnail":"https://randomuser.me/api/portraits/thumb/women/75.jpg"},"nat":"CH"}],"info":{"seed":"8cda38b4fb2c239c","results":1,"page":1,"version":"1.4"}} 
 </msg>
<msg time="2024-07-26T17:13:59.367514" level="INFO">/opt/hostedtoolcache/Python/3.12.4/x64/lib/python3.12/site-packages/urllib3/connectionpool.py:1099: InsecureRequestWarning: Unverified HTTPS request is being made to host 'randomuser.me'. Adding certificate verification is strongly advised. See: https://urllib3.readthedocs.io/en/latest/advanced-usage.html#tls-warnings
  warnings.warn(</msg>
<msg time="2024-07-26T17:13:59.367652" level="INFO">${response} = &lt;Response [200]&gt;</msg>
<var>${response}</var>
<arg>consultarAPI</arg>
<arg>/api</arg>
<doc>Sends a GET request on a previously created HTTP Session.</doc>
<status status="PASS" start="2024-07-26T17:13:59.208583" elapsed="0.159109"/>
</kw>
<kw name="Set Variable" owner="BuiltIn">
<msg time="2024-07-26T17:13:59.368873" level="INFO">${json_data} = {'results': [{'gender': 'female', 'name': {'title': 'Madame', 'first': 'Beatrix', 'last': 'David'}, 'location': {'street': {'number': 6706, 'name': 'Boulevard de la Duchère'}, 'city': 'Schönenbuch', '...</msg>
<var>${json_data}</var>
<arg>${response.json()}</arg>
<doc>Returns the given values which can then be assigned to a variables.</doc>
<status status="PASS" start="2024-07-26T17:13:59.368313" elapsed="0.000590"/>
</kw>
<kw name="Log" owner="BuiltIn">
<msg time="2024-07-26T17:13:59.369381" level="INFO">{'results': [{'gender': 'female', 'name': {'title': 'Madame', 'first': 'Beatrix', 'last': 'David'}, 'location': {'street': {'number': 6706, 'name': 'Boulevard de la Duchère'}, 'city': 'Schönenbuch', 'state': 'Graubünden', 'country': 'Switzerland', 'postcode': 7682, 'coordinates': {'latitude': '-58.6931', 'longitude': '50.7274'}, 'timezone': {'offset': '-12:00', 'description': 'Eniwetok, Kwajalein'}}, 'email': 'beatrix.david@example.com', 'login': {'uuid': '23c0a2c5-40f9-46a8-acf8-f165cbbd0e92', 'username': 'lazywolf202', 'password': 'zoom', 'salt': 'b9JzOGyX', 'md5': '5c1b7e3141ab7c9f4cc484bd2ca90fb8', 'sha1': 'b454763395267bb657c1529fe1bfdc952164e32a', 'sha256': 'bc64ee6dc3c8ffb9c3c5c480f63cdeccf55c106b73a3cf97d27f6c49d8b745f7'}, 'dob': {'date': '1967-09-20T08:26:55.695Z', 'age': 56}, 'registered': {'date': '2008-12-31T05:31:24.721Z', 'age': 15}, 'phone': '079 096 12 00', 'cell': '075 097 72 66', 'id': {'name': 'AVS', 'value': '756.4951.1657.07'}, 'picture': {'large': 'https://randomuser.me/api/portraits/women/75.jpg', 'medium': 'https://randomuser.me/api/portraits/med/women/75.jpg', 'thumbnail': 'https://randomuser.me/api/portraits/thumb/women/75.jpg'}, 'nat': 'CH'}], 'info': {'seed': '8cda38b4fb2c239c', 'results': 1, 'page': 1, 'version': '1.4'}}</msg>
<arg>${json_data}</arg>
<doc>Logs the given message with the given level.</doc>
<status status="PASS" start="2024-07-26T17:13:59.369212" elapsed="0.000219"/>
</kw>
<kw name="Dictionary Should Contain Key" owner="Collections">
<arg>${json_data}</arg>
<arg>results</arg>
<doc>Fails if ``key`` is not found from ``dictionary``.</doc>
<status status="PASS" start="2024-07-26T17:13:59.369724" elapsed="0.000161"/>
</kw>
<kw name="Should Not Be Empty" owner="BuiltIn">
<msg time="2024-07-26T17:13:59.370196" level="INFO">Length is 2.</msg>
<arg>${json_data}</arg>
<doc>Verifies that the given item is not empty.</doc>
<status status="PASS" start="2024-07-26T17:13:59.370072" elapsed="0.000162"/>
</kw>
<kw name="Create List" owner="BuiltIn">
<msg time="2024-07-26T17:13:59.370673" level="INFO">${expected_keys} = ['gender', 'name', 'location', 'email', 'login']</msg>
<var>${expected_keys}</var>
<arg>gender</arg>
<arg>name</arg>
<arg>location</arg>
<arg>email</arg>
<arg>login</arg>
<doc>Returns a list containing given items.</doc>
<status status="PASS" start="2024-07-26T17:13:59.370522" elapsed="0.000174"/>
</kw>
<for flavor="IN">
<iter>
<kw name="Dictionary Should Contain Key" owner="Collections">
<arg>${json_data['results'][0]}</arg>
<arg>${key}</arg>
<doc>Fails if ``key`` is not found from ``dictionary``.</doc>
<status status="PASS" start="2024-07-26T17:13:59.371277" elapsed="0.000405"/>
</kw>
<kw name="Log" owner="BuiltIn">
<msg time="2024-07-26T17:13:59.372239" level="INFO">{'gender': 'female', 'name': {'title': 'Madame', 'first': 'Beatrix', 'last': 'David'}, 'location': {'street': {'number': 6706, 'name': 'Boulevard de la Duchère'}, 'city': 'Schönenbuch', 'state': 'Graubünden', 'country': 'Switzerland', 'postcode': 7682, 'coordinates': {'latitude': '-58.6931', 'longitude': '50.7274'}, 'timezone': {'offset': '-12:00', 'description': 'Eniwetok, Kwajalein'}}, 'email': 'beatrix.david@example.com', 'login': {'uuid': '23c0a2c5-40f9-46a8-acf8-f165cbbd0e92', 'username': 'lazywolf202', 'password': 'zoom', 'salt': 'b9JzOGyX', 'md5': '5c1b7e3141ab7c9f4cc484bd2ca90fb8', 'sha1': 'b454763395267bb657c1529fe1bfdc952164e32a', 'sha256': 'bc64ee6dc3c8ffb9c3c5c480f63cdeccf55c106b73a3cf97d27f6c49d8b745f7'}, 'dob': {'date': '1967-09-20T08:26:55.695Z', 'age': 56}, 'registered': {'date': '2008-12-31T05:31:24.721Z', 'age': 15}, 'phone': '079 096 12 00', 'cell': '075 097 72 66', 'id': {'name': 'AVS', 'value': '756.4951.1657.07'}, 'picture': {'large': 'https://randomuser.me/api/portraits/women/75.jpg', 'medium': 'https://randomuser.me/api/portraits/med/women/75.jpg', 'thumbnail': 'https://randomuser.me/api/portraits/thumb/women/75.jpg'}, 'nat': 'CH'}</msg>
<arg>${json_data['results'][0]}</arg>
<doc>Logs the given message with the given level.</doc>
<status status="PASS" start="2024-07-26T17:13:59.371876" elapsed="0.000452"/>
</kw>
<kw name="Log" owner="BuiltIn">
<msg time="2024-07-26T17:13:59.372761" level="INFO">gender</msg>
<arg>${key}</arg>
<doc>Logs the given message with the given level.</doc>
<status status="PASS" start="2024-07-26T17:13:59.372631" elapsed="0.000168"/>
</kw>
<var name="${key}">gender</var>
<status status="PASS" start="2024-07-26T17:13:59.371153" elapsed="0.001863"/>
</iter>
<iter>
<kw name="Dictionary Should Contain Key" owner="Collections">
<arg>${json_data['results'][0]}</arg>
<arg>${key}</arg>
<doc>Fails if ``key`` is not found from ``dictionary``.</doc>
<status status="PASS" start="2024-07-26T17:13:59.373308" elapsed="0.000395"/>
</kw>
<kw name="Log" owner="BuiltIn">
<msg time="2024-07-26T17:13:59.374283" level="INFO">{'gender': 'female', 'name': {'title': 'Madame', 'first': 'Beatrix', 'last': 'David'}, 'location': {'street': {'number': 6706, 'name': 'Boulevard de la Duchère'}, 'city': 'Schönenbuch', 'state': 'Graubünden', 'country': 'Switzerland', 'postcode': 7682, 'coordinates': {'latitude': '-58.6931', 'longitude': '50.7274'}, 'timezone': {'offset': '-12:00', 'description': 'Eniwetok, Kwajalein'}}, 'email': 'beatrix.david@example.com', 'login': {'uuid': '23c0a2c5-40f9-46a8-acf8-f165cbbd0e92', 'username': 'lazywolf202', 'password': 'zoom', 'salt': 'b9JzOGyX', 'md5': '5c1b7e3141ab7c9f4cc484bd2ca90fb8', 'sha1': 'b454763395267bb657c1529fe1bfdc952164e32a', 'sha256': 'bc64ee6dc3c8ffb9c3c5c480f63cdeccf55c106b73a3cf97d27f6c49d8b745f7'}, 'dob': {'date': '1967-09-20T08:26:55.695Z', 'age': 56}, 'registered': {'date': '2008-12-31T05:31:24.721Z', 'age': 15}, 'phone': '079 096 12 00', 'cell': '075 097 72 66', 'id': {'name': 'AVS', 'value': '756.4951.1657.07'}, 'picture': {'large': 'https://randomuser.me/api/portraits/women/75.jpg', 'medium': 'https://randomuser.me/api/portraits/med/women/75.jpg', 'thumbnail': 'https://randomuser.me/api/portraits/thumb/women/75.jpg'}, 'nat': 'CH'}</msg>
<arg>${json_data['results'][0]}</arg>
<doc>Logs the given message with the given level.</doc>
<status status="PASS" start="2024-07-26T17:13:59.373885" elapsed="0.000448"/>
</kw>
<kw name="Log" owner="BuiltIn">
<msg time="2024-07-26T17:13:59.374757" level="INFO">name</msg>
<arg>${key}</arg>
<doc>Logs the given message with the given level.</doc>
<status status="PASS" start="2024-07-26T17:13:59.374628" elapsed="0.000166"/>
</kw>
<var name="${key}">name</var>
<status status="PASS" start="2024-07-26T17:13:59.373199" elapsed="0.001812"/>
</iter>
<iter>
<kw name="Dictionary Should Contain Key" owner="Collections">
<arg>${json_data['results'][0]}</arg>
<arg>${key}</arg>
<doc>Fails if ``key`` is not found from ``dictionary``.</doc>
<status status="PASS" start="2024-07-26T17:13:59.375290" elapsed="0.000381"/>
</kw>
<kw name="Log" owner="BuiltIn">
<msg time="2024-07-26T17:13:59.376221" level="INFO">{'gender': 'female', 'name': {'title': 'Madame', 'first': 'Beatrix', 'last': 'David'}, 'location': {'street': {'number': 6706, 'name': 'Boulevard de la Duchère'}, 'city': 'Schönenbuch', 'state': 'Graubünden', 'country': 'Switzerland', 'postcode': 7682, 'coordinates': {'latitude': '-58.6931', 'longitude': '50.7274'}, 'timezone': {'offset': '-12:00', 'description': 'Eniwetok, Kwajalein'}}, 'email': 'beatrix.david@example.com', 'login': {'uuid': '23c0a2c5-40f9-46a8-acf8-f165cbbd0e92', 'username': 'lazywolf202', 'password': 'zoom', 'salt': 'b9JzOGyX', 'md5': '5c1b7e3141ab7c9f4cc484bd2ca90fb8', 'sha1': 'b454763395267bb657c1529fe1bfdc952164e32a', 'sha256': 'bc64ee6dc3c8ffb9c3c5c480f63cdeccf55c106b73a3cf97d27f6c49d8b745f7'}, 'dob': {'date': '1967-09-20T08:26:55.695Z', 'age': 56}, 'registered': {'date': '2008-12-31T05:31:24.721Z', 'age': 15}, 'phone': '079 096 12 00', 'cell': '075 097 72 66', 'id': {'name': 'AVS', 'value': '756.4951.1657.07'}, 'picture': {'large': 'https://randomuser.me/api/portraits/women/75.jpg', 'medium': 'https://randomuser.me/api/portraits/med/women/75.jpg', 'thumbnail': 'https://randomuser.me/api/portraits/thumb/women/75.jpg'}, 'nat': 'CH'}</msg>
<arg>${json_data['results'][0]}</arg>
<doc>Logs the given message with the given level.</doc>
<status status="PASS" start="2024-07-26T17:13:59.375872" elapsed="0.000441"/>
</kw>
<kw name="Log" owner="BuiltIn">
<msg time="2024-07-26T17:13:59.376751" level="INFO">location</msg>
<arg>${key}</arg>
<doc>Logs the given message with the given level.</doc>
<status status="PASS" start="2024-07-26T17:13:59.376618" elapsed="0.000172"/>
</kw>
<var name="${key}">location</var>
<status status="PASS" start="2024-07-26T17:13:59.375185" elapsed="0.001823"/>
</iter>
<iter>
<kw name="Dictionary Should Contain Key" owner="Collections">
<arg>${json_data['results'][0]}</arg>
<arg>${key}</arg>
<doc>Fails if ``key`` is not found from ``dictionary``.</doc>
<status status="PASS" start="2024-07-26T17:13:59.377289" elapsed="0.000390"/>
</kw>
<kw name="Log" owner="BuiltIn">
<msg time="2024-07-26T17:13:59.378339" level="INFO">{'gender': 'female', 'name': {'title': 'Madame', 'first': 'Beatrix', 'last': 'David'}, 'location': {'street': {'number': 6706, 'name': 'Boulevard de la Duchère'}, 'city': 'Schönenbuch', 'state': 'Graubünden', 'country': 'Switzerland', 'postcode': 7682, 'coordinates': {'latitude': '-58.6931', 'longitude': '50.7274'}, 'timezone': {'offset': '-12:00', 'description': 'Eniwetok, Kwajalein'}}, 'email': 'beatrix.david@example.com', 'login': {'uuid': '23c0a2c5-40f9-46a8-acf8-f165cbbd0e92', 'username': 'lazywolf202', 'password': 'zoom', 'salt': 'b9JzOGyX', 'md5': '5c1b7e3141ab7c9f4cc484bd2ca90fb8', 'sha1': 'b454763395267bb657c1529fe1bfdc952164e32a', 'sha256': 'bc64ee6dc3c8ffb9c3c5c480f63cdeccf55c106b73a3cf97d27f6c49d8b745f7'}, 'dob': {'date': '1967-09-20T08:26:55.695Z', 'age': 56}, 'registered': {'date': '2008-12-31T05:31:24.721Z', 'age': 15}, 'phone': '079 096 12 00', 'cell': '075 097 72 66', 'id': {'name': 'AVS', 'value': '756.4951.1657.07'}, 'picture': {'large': 'https://randomuser.me/api/portraits/women/75.jpg', 'medium': 'https://randomuser.me/api/portraits/med/women/75.jpg', 'thumbnail': 'https://randomuser.me/api/portraits/thumb/women/75.jpg'}, 'nat': 'CH'}</msg>
<arg>${json_data['results'][0]}</arg>
<doc>Logs the given message with the given level.</doc>
<status status="PASS" start="2024-07-26T17:13:59.377985" elapsed="0.000413"/>
</kw>
<kw name="Log" owner="BuiltIn">
<msg time="2024-07-26T17:13:59.378820" level="INFO">email</msg>
<arg>${key}</arg>
<doc>Logs the given message with the given level.</doc>
<status status="PASS" start="2024-07-26T17:13:59.378690" elapsed="0.000167"/>
</kw>
<var name="${key}">email</var>
<status status="PASS" start="2024-07-26T17:13:59.377177" elapsed="0.001899"/>
</iter>
<iter>
<kw name="Dictionary Should Contain Key" owner="Collections">
<arg>${json_data['results'][0]}</arg>
<arg>${key}</arg>
<doc>Fails if ``key`` is not found from ``dictionary``.</doc>
<status status="PASS" start="2024-07-26T17:13:59.379354" elapsed="0.000374"/>
</kw>
<kw name="Log" owner="BuiltIn">
<msg time="2024-07-26T17:13:59.380257" level="INFO">{'gender': 'female', 'name': {'title': 'Madame', 'first': 'Beatrix', 'last': 'David'}, 'location': {'street': {'number': 6706, 'name': 'Boulevard de la Duchère'}, 'city': 'Schönenbuch', 'state': 'Graubünden', 'country': 'Switzerland', 'postcode': 7682, 'coordinates': {'latitude': '-58.6931', 'longitude': '50.7274'}, 'timezone': {'offset': '-12:00', 'description': 'Eniwetok, Kwajalein'}}, 'email': 'beatrix.david@example.com', 'login': {'uuid': '23c0a2c5-40f9-46a8-acf8-f165cbbd0e92', 'username': 'lazywolf202', 'password': 'zoom', 'salt': 'b9JzOGyX', 'md5': '5c1b7e3141ab7c9f4cc484bd2ca90fb8', 'sha1': 'b454763395267bb657c1529fe1bfdc952164e32a', 'sha256': 'bc64ee6dc3c8ffb9c3c5c480f63cdeccf55c106b73a3cf97d27f6c49d8b745f7'}, 'dob': {'date': '1967-09-20T08:26:55.695Z', 'age': 56}, 'registered': {'date': '2008-12-31T05:31:24.721Z', 'age': 15}, 'phone': '079 096 12 00', 'cell': '075 097 72 66', 'id': {'name': 'AVS', 'value': '756.4951.1657.07'}, 'picture': {'large': 'https://randomuser.me/api/portraits/women/75.jpg', 'medium': 'https://randomuser.me/api/portraits/med/women/75.jpg', 'thumbnail': 'https://randomuser.me/api/portraits/thumb/women/75.jpg'}, 'nat': 'CH'}</msg>
<arg>${json_data['results'][0]}</arg>
<doc>Logs the given message with the given level.</doc>
<status status="PASS" start="2024-07-26T17:13:59.379906" elapsed="0.000435"/>
</kw>
<kw name="Log" owner="BuiltIn">
<msg time="2024-07-26T17:13:59.380764" level="INFO">login</msg>
<arg>${key}</arg>
<doc>Logs the given message with the given level.</doc>
<status status="PASS" start="2024-07-26T17:13:59.380639" elapsed="0.000160"/>
</kw>
<var name="${key}">login</var>
<status status="PASS" start="2024-07-26T17:13:59.379247" elapsed="0.001763"/>
</iter>
<var>${key}</var>
<value>@{expected_keys}</value>
<status status="PASS" start="2024-07-26T17:13:59.370956" elapsed="0.010170"/>
</for>
<kw name="Create List" owner="BuiltIn">
<msg time="2024-07-26T17:13:59.381480" level="INFO">${expected_keysTwo} = ['username', 'password']</msg>
<var>${expected_keysTwo}</var>
<arg>username</arg>
<arg>password</arg>
<doc>Returns a list containing given items.</doc>
<status status="PASS" start="2024-07-26T17:13:59.381343" elapsed="0.000160"/>
</kw>
<for flavor="IN">
<iter>
<kw name="Dictionary Should Contain Key" owner="Collections">
<arg>${json_data['results'][0]['login']}</arg>
<arg>${keyTwo}</arg>
<doc>Fails if ``key`` is not found from ``dictionary``.</doc>
<status status="PASS" start="2024-07-26T17:13:59.381993" elapsed="0.000379"/>
</kw>
<kw name="Dictionary Should Contain Key" owner="Collections">
<arg>${json_data['results'][0]['login']}</arg>
<arg>${keyTwo}</arg>
<doc>Fails if ``key`` is not found from ``dictionary``.</doc>
<status status="PASS" start="2024-07-26T17:13:59.382545" elapsed="0.000364"/>
</kw>
<kw name="Log" owner="BuiltIn">
<msg time="2024-07-26T17:13:59.383200" level="INFO">username</msg>
<arg>${keyTwo}</arg>
<doc>Logs the given message with the given level.</doc>
<status status="PASS" start="2024-07-26T17:13:59.383081" elapsed="0.000155"/>
</kw>
<var name="${keyTwo}">username</var>
<status status="PASS" start="2024-07-26T17:13:59.381888" elapsed="0.001567"/>
</iter>
<iter>
<kw name="Dictionary Should Contain Key" owner="Collections">
<arg>${json_data['results'][0]['login']}</arg>
<arg>${keyTwo}</arg>
<doc>Fails if ``key`` is not found from ``dictionary``.</doc>
<status status="PASS" start="2024-07-26T17:13:59.383732" elapsed="0.000379"/>
</kw>
<kw name="Dictionary Should Contain Key" owner="Collections">
<arg>${json_data['results'][0]['login']}</arg>
<arg>${keyTwo}</arg>
<doc>Fails if ``key`` is not found from ``dictionary``.</doc>
<status status="PASS" start="2024-07-26T17:13:59.384318" elapsed="0.000382"/>
</kw>
<kw name="Log" owner="BuiltIn">
<msg time="2024-07-26T17:13:59.385004" level="INFO">password</msg>
<arg>${keyTwo}</arg>
<doc>Logs the given message with the given level.</doc>
<status status="PASS" start="2024-07-26T17:13:59.384877" elapsed="0.000164"/>
</kw>
<var name="${keyTwo}">password</var>
<status status="PASS" start="2024-07-26T17:13:59.383622" elapsed="0.001641"/>
</iter>
<var>${keyTwo}</var>
<value>@{expected_keysTwo}</value>
<status status="PASS" start="2024-07-26T17:13:59.381738" elapsed="0.003643"/>
</for>
<status status="PASS" start="2024-07-26T17:13:59.208345" elapsed="0.177176"/>
</kw>
<doc>Testa a estrutura da resposta da API.</doc>
<tag>testeEstruturaResposta</tag>
<status status="PASS" start="2024-07-26T17:13:59.207747" elapsed="0.177931"/>
</test>
<test id="s1-s1-t4" name="Validar tipos de dados" line="28">
<kw name="Teste de Tipos de Dados" owner="random-user-service">
<kw name="GET On Session" owner="RequestsLibrary">
<msg time="2024-07-26T17:13:59.504582" level="INFO">GET Request : url=https://randomuser.me/api 
 path_url=/api 
 headers={'User-Agent': 'python-requests/2.32.3', 'Accept-Encoding': 'gzip, deflate', 'Accept': '*/*', 'Connection': 'keep-alive'} 
 body=None 
 </msg>
<msg time="2024-07-26T17:13:59.504674" level="INFO">GET Response : url=https://randomuser.me/api 
 status=200, reason=OK 
 headers={'Date': 'Fri, 26 Jul 2024 17:13:59 GMT', 'Content-Type': 'application/json; charset=utf-8', 'Transfer-Encoding': 'chunked', 'Connection': 'keep-alive', 'X-Powered-By': 'Express', 'Access-Control-Allow-Origin': '*', 'Cache-Control': 'no-cache', 'ETag': 'W/"49f-AH/VtM0k/u4QqDLXI6N/f+JflCU"', 'Vary': 'Accept-Encoding', 'Content-Encoding': 'gzip', 'CF-Cache-Status': 'DYNAMIC', 'Report-To': '{"endpoints":[{"url":"https:\\/\\/a.nel.cloudflare.com\\/report\\/v4?s=ml9uC24k2INGlyMYBQFr%2B8rBCRjLycvZLhBzbK464vdwA%2FP1tazh2lyfZIKFKBfQzJRRxuMbTfOkzXZDkxvmLRDmUQzViXsOJAumNkamxtCu5Go179k8TZjI3uiCgaeW"}],"group":"cf-nel","max_age":604800}', 'NEL': '{"success_fraction":0,"report_to":"cf-nel","max_age":604800}', 'Server': 'cloudflare', 'CF-RAY': '8a9606023b677ab2-SJC', 'alt-svc': 'h3=":443"; ma=86400'} 
 body={"results":[{"gender":"male","name":{"title":"Mr","first":"Jaime","last":"Zamora"},"location":{"street":{"number":6743,"name":"Andador Indonesia"},"city":"Zapote de Adjuntas","state":"Jalisco","country":"Mexico","postcode":55811,"coordinates":{"latitude":"24.7090","longitude":"-66.0228"},"timezone":{"offset":"+9:00","description":"Tokyo, Seoul, Osaka, Sapporo, Yakutsk"}},"email":"jaime.zamora@example.com","login":{"uuid":"7fea1f78-cc0e-4f36-8c15-823bd09001bf","username":"biggoose578","password":"science","salt":"XWa69nzd","md5":"dd7c44c518f7aae8a88bc646e016b934","sha1":"39d5637f423076f30f4ccd084420bf77d56bcebe","sha256":"b80fd9611b7798d219e5d14bb682ea91999615bf4be3da18d2ff7ae1087b2f11"},"dob":{"date":"1954-11-07T16:10:23.069Z","age":69},"registered":{"date":"2006-06-16T22:33:45.032Z","age":18},"phone":"(680) 500 1792","cell":"(678) 903 8852","id":{"name":"NSS","value":"91 67 16 5312 7"},"picture":{"large":"https://randomuser.me/api/portraits/men/71.jpg","medium":"https://randomuser.me/api/portraits/med/men/71.jpg","thumbnail":"https://randomuser.me/api/portraits/thumb/men/71.jpg"},"nat":"MX"}],"info":{"seed":"6611f48ab47a2df7","results":1,"page":1,"version":"1.4"}} 
 </msg>
<msg time="2024-07-26T17:13:59.504741" level="INFO">/opt/hostedtoolcache/Python/3.12.4/x64/lib/python3.12/site-packages/urllib3/connectionpool.py:1099: InsecureRequestWarning: Unverified HTTPS request is being made to host 'randomuser.me'. Adding certificate verification is strongly advised. See: https://urllib3.readthedocs.io/en/latest/advanced-usage.html#tls-warnings
  warnings.warn(</msg>
<msg time="2024-07-26T17:13:59.504856" level="INFO">${response} = &lt;Response [200]&gt;</msg>
<var>${response}</var>
<arg>consultarAPI</arg>
<arg>/api</arg>
<doc>Sends a GET request on a previously created HTTP Session.</doc>
<status status="PASS" start="2024-07-26T17:13:59.388212" elapsed="0.116684"/>
</kw>
<kw name="Set Variable" owner="BuiltIn">
<msg time="2024-07-26T17:13:59.506069" level="INFO">${json_data} = {'results': [{'gender': 'male', 'name': {'title': 'Mr', 'first': 'Jaime', 'last': 'Zamora'}, 'location': {'street': {'number': 6743, 'name': 'Andador Indonesia'}, 'city': 'Zapote de Adjuntas', 'state'...</msg>
<var>${json_data}</var>
<arg>${response.json()}</arg>
<doc>Returns the given values which can then be assigned to a variables.</doc>
<status status="PASS" start="2024-07-26T17:13:59.505502" elapsed="0.000595"/>
</kw>
<kw name="Log" owner="BuiltIn">
<msg time="2024-07-26T17:13:59.506558" level="INFO">{'results': [{'gender': 'male', 'name': {'title': 'Mr', 'first': 'Jaime', 'last': 'Zamora'}, 'location': {'street': {'number': 6743, 'name': 'Andador Indonesia'}, 'city': 'Zapote de Adjuntas', 'state': 'Jalisco', 'country': 'Mexico', 'postcode': 55811, 'coordinates': {'latitude': '24.7090', 'longitude': '-66.0228'}, 'timezone': {'offset': '+9:00', 'description': 'Tokyo, Seoul, Osaka, Sapporo, Yakutsk'}}, 'email': 'jaime.zamora@example.com', 'login': {'uuid': '7fea1f78-cc0e-4f36-8c15-823bd09001bf', 'username': 'biggoose578', 'password': 'science', 'salt': 'XWa69nzd', 'md5': 'dd7c44c518f7aae8a88bc646e016b934', 'sha1': '39d5637f423076f30f4ccd084420bf77d56bcebe', 'sha256': 'b80fd9611b7798d219e5d14bb682ea91999615bf4be3da18d2ff7ae1087b2f11'}, 'dob': {'date': '1954-11-07T16:10:23.069Z', 'age': 69}, 'registered': {'date': '2006-06-16T22:33:45.032Z', 'age': 18}, 'phone': '(680) 500 1792', 'cell': '(678) 903 8852', 'id': {'name': 'NSS', 'value': '91 67 16 5312 7'}, 'picture': {'large': 'https://randomuser.me/api/portraits/men/71.jpg', 'medium': 'https://randomuser.me/api/portraits/med/men/71.jpg', 'thumbnail': 'https://randomuser.me/api/portraits/thumb/men/71.jpg'}, 'nat': 'MX'}], 'info': {'seed': '6611f48ab47a2df7', 'results': 1, 'page': 1, 'version': '1.4'}}</msg>
<arg>${json_data}</arg>
<doc>Logs the given message with the given level.</doc>
<status status="PASS" start="2024-07-26T17:13:59.506401" elapsed="0.000203"/>
</kw>
<kw name="Should Be String" owner="String">
<arg>${json_data['results'][0]['gender']}</arg>
<doc>Fails if the given ``item`` is not a string.</doc>
<status status="PASS" start="2024-07-26T17:13:59.506894" elapsed="0.000360"/>
</kw>
<kw name="Should Match Regexp" owner="BuiltIn">
<arg>${json_data['results'][0]['email']}</arg>
<arg>^[a-zA-Z0-9._%+-]+@[a-zA-Z0-9.-]+\.[a-zA-Z]{2,}$</arg>
<doc>Fails if ``string`` does not match ``pattern`` as a regular expression.</doc>
<status status="PASS" start="2024-07-26T17:13:59.507482" elapsed="0.000517"/>
</kw>
<kw name="Should Match Regexp" owner="BuiltIn">
<arg>${json_data['results'][0]['dob']['date']}</arg>
<arg>\\d{4}-\\d{2}-\\d{2}T\\d{2}:\\d{2}:\\d{2}\\.\\d{3}Z</arg>
<doc>Fails if ``string`` does not match ``pattern`` as a regular expression.</doc>
<status status="PASS" start="2024-07-26T17:13:59.508192" elapsed="0.000661"/>
</kw>
<kw name="Should Match Regexp" owner="BuiltIn">
<arg>${json_data['results'][0]['registered']['date']}</arg>
<arg>\\d{4}-\\d{2}-\\d{2}T\\d{2}:\\d{2}:\\d{2}\\.\\d{3}Z</arg>
<doc>Fails if ``string`` does not match ``pattern`` as a regular expression.</doc>
<status status="PASS" start="2024-07-26T17:13:59.509044" elapsed="0.000369"/>
</kw>
<kw name="Should Match Regexp" owner="BuiltIn">
<arg>${json_data['results'][0]['picture']['large']}</arg>
<arg>^https?://.*\.(?:png|jpe?g|gif|bmp)$</arg>
<doc>Fails if ``string`` does not match ``pattern`` as a regular expression.</doc>
<status status="PASS" start="2024-07-26T17:13:59.509594" elapsed="0.000455"/>
</kw>
<kw name="Should Match Regexp" owner="BuiltIn">
<arg>${json_data['results'][0]['picture']['medium']}</arg>
<arg>^https?://.*\.(?:png|jpe?g|gif|bmp)$</arg>
<doc>Fails if ``string`` does not match ``pattern`` as a regular expression.</doc>
<status status="PASS" start="2024-07-26T17:13:59.510243" elapsed="0.000379"/>
</kw>
<kw name="Should Match Regexp" owner="BuiltIn">
<arg>${json_data['results'][0]['picture']['thumbnail']}</arg>
<arg>^https?://.*\.(?:png|jpe?g|gif|bmp)$</arg>
<doc>Fails if ``string`` does not match ``pattern`` as a regular expression.</doc>
<status status="PASS" start="2024-07-26T17:13:59.510836" elapsed="0.000421"/>
</kw>
<kw name="Log" owner="BuiltIn">
<msg time="2024-07-26T17:13:59.511863" level="INFO">{'large': 'https://randomuser.me/api/portraits/men/71.jpg', 'medium': 'https://randomuser.me/api/portraits/med/men/71.jpg', 'thumbnail': 'https://randomuser.me/api/portraits/thumb/men/71.jpg'}</msg>
<arg>${json_data['results'][0]['picture']}</arg>
<doc>Logs the given message with the given level.</doc>
<status status="PASS" start="2024-07-26T17:13:59.511473" elapsed="0.000435"/>
</kw>
<status status="PASS" start="2024-07-26T17:13:59.387986" elapsed="0.124182"/>
</kw>
<kw name="Teste de Tipos de Dados - Postcode" owner="random-user-service">
<kw name="GET On Session" owner="RequestsLibrary">
<msg time="2024-07-26T17:13:59.610628" level="INFO">GET Request : url=https://randomuser.me/api 
 path_url=/api 
 headers={'User-Agent': 'python-requests/2.32.3', 'Accept-Encoding': 'gzip, deflate', 'Accept': '*/*', 'Connection': 'keep-alive'} 
 body=None 
 </msg>
<msg time="2024-07-26T17:13:59.610722" level="INFO">GET Response : url=https://randomuser.me/api 
 status=200, reason=OK 
 headers={'Date': 'Fri, 26 Jul 2024 17:13:59 GMT', 'Content-Type': 'application/json; charset=utf-8', 'Transfer-Encoding': 'chunked', 'Connection': 'keep-alive', 'X-Powered-By': 'Express', 'Access-Control-Allow-Origin': '*', 'Cache-Control': 'no-cache', 'ETag': 'W/"482-96oFISGLafmcKHooMHvcvUSIxcM"', 'Vary': 'Accept-Encoding', 'Content-Encoding': 'gzip', 'CF-Cache-Status': 'DYNAMIC', 'Report-To': '{"endpoints":[{"url":"https:\\/\\/a.nel.cloudflare.com\\/report\\/v4?s=MzrZr67R7wfdR71MN1GAtlZ1YrFnoaE%2FLc3G6zi6BlLzHJNj4vMs6ZZdb8YMnfNPciURbsCr1IJrqF1JqzL0Z6kHiZjLtHRHEy%2BGvgQicXG07gMl2DI9CeunDzK%2FGGFL"}],"group":"cf-nel","max_age":604800}', 'NEL': '{"success_fraction":0,"report_to":"cf-nel","max_age":604800}', 'Server': 'cloudflare', 'CF-RAY': '8a960602fc207ab2-SJC', 'alt-svc': 'h3=":443"; ma=86400'} 
 body={"results":[{"gender":"male","name":{"title":"Mr","first":"Oscar","last":"Fleury"},"location":{"street":{"number":2971,"name":"Boulevard de la Duchère"},"city":"Besançon","state":"Paris","country":"France","postcode":40571,"coordinates":{"latitude":"-18.8608","longitude":"-149.8951"},"timezone":{"offset":"-9:00","description":"Alaska"}},"email":"oscar.fleury@example.com","login":{"uuid":"c41422c5-efb3-4a25-b52e-7ac9a98c8a81","username":"blackswan548","password":"eclipse1","salt":"69QnNhuD","md5":"ccb080863738a91de80a8b47a32d2053","sha1":"3bca22adc0b8b35c9c9fe7ee1352a1707113ab96","sha256":"2eb8034e3faff7af507648b363ad21ea37f41b87c0a65141469c9b440de9d63c"},"dob":{"date":"1980-03-03T02:37:40.576Z","age":44},"registered":{"date":"2018-07-05T08:04:36.254Z","age":6},"phone":"04-55-75-65-01","cell":"06-98-17-75-07","id":{"name":"INSEE","value":"1800279373553 34"},"picture":{"large":"https://randomuser.me/api/portraits/men/58.jpg","medium":"https://randomuser.me/api/portraits/med/men/58.jpg","thumbnail":"https://randomuser.me/api/portraits/thumb/men/58.jpg"},"nat":"FR"}],"info":{"seed":"5153e19c46dcfc3b","results":1,"page":1,"version":"1.4"}} 
 </msg>
<msg time="2024-07-26T17:13:59.610802" level="INFO">/opt/hostedtoolcache/Python/3.12.4/x64/lib/python3.12/site-packages/urllib3/connectionpool.py:1099: InsecureRequestWarning: Unverified HTTPS request is being made to host 'randomuser.me'. Adding certificate verification is strongly advised. See: https://urllib3.readthedocs.io/en/latest/advanced-usage.html#tls-warnings
  warnings.warn(</msg>
<msg time="2024-07-26T17:13:59.610920" level="INFO">${response} = &lt;Response [200]&gt;</msg>
<var>${response}</var>
<arg>consultarAPI</arg>
<arg>/api</arg>
<doc>Sends a GET request on a previously created HTTP Session.</doc>
<status status="PASS" start="2024-07-26T17:13:59.512649" elapsed="0.098311"/>
</kw>
<kw name="Set Variable" owner="BuiltIn">
<msg time="2024-07-26T17:13:59.612185" level="INFO">${json_data} = {'results': [{'gender': 'male', 'name': {'title': 'Mr', 'first': 'Oscar', 'last': 'Fleury'}, 'location': {'street': {'number': 2971, 'name': 'Boulevard de la Duchère'}, 'city': 'Besançon', 'state': 'P...</msg>
<var>${json_data}</var>
<arg>${response.json()}</arg>
<doc>Returns the given values which can then be assigned to a variables.</doc>
<status status="PASS" start="2024-07-26T17:13:59.611581" elapsed="0.000633"/>
</kw>
<kw name="Log" owner="BuiltIn">
<msg time="2024-07-26T17:13:59.612738" level="INFO">{'results': [{'gender': 'male', 'name': {'title': 'Mr', 'first': 'Oscar', 'last': 'Fleury'}, 'location': {'street': {'number': 2971, 'name': 'Boulevard de la Duchère'}, 'city': 'Besançon', 'state': 'Paris', 'country': 'France', 'postcode': 40571, 'coordinates': {'latitude': '-18.8608', 'longitude': '-149.8951'}, 'timezone': {'offset': '-9:00', 'description': 'Alaska'}}, 'email': 'oscar.fleury@example.com', 'login': {'uuid': 'c41422c5-efb3-4a25-b52e-7ac9a98c8a81', 'username': 'blackswan548', 'password': 'eclipse1', 'salt': '69QnNhuD', 'md5': 'ccb080863738a91de80a8b47a32d2053', 'sha1': '3bca22adc0b8b35c9c9fe7ee1352a1707113ab96', 'sha256': '2eb8034e3faff7af507648b363ad21ea37f41b87c0a65141469c9b440de9d63c'}, 'dob': {'date': '1980-03-03T02:37:40.576Z', 'age': 44}, 'registered': {'date': '2018-07-05T08:04:36.254Z', 'age': 6}, 'phone': '04-55-75-65-01', 'cell': '06-98-17-75-07', 'id': {'name': 'INSEE', 'value': '1800279373553 34'}, 'picture': {'large': 'https://randomuser.me/api/portraits/men/58.jpg', 'medium': 'https://randomuser.me/api/portraits/med/men/58.jpg', 'thumbnail': 'https://randomuser.me/api/portraits/thumb/men/58.jpg'}, 'nat': 'FR'}], 'info': {'seed': '5153e19c46dcfc3b', 'results': 1, 'page': 1, 'version': '1.4'}}</msg>
<arg>${json_data}</arg>
<doc>Logs the given message with the given level.</doc>
<status status="PASS" start="2024-07-26T17:13:59.612570" elapsed="0.000216"/>
</kw>
<kw name="Should Be Equal As Numbers" owner="BuiltIn">
<arg>${json_data['results'][0]['location']['postcode']}</arg>
<arg>${json_data['results'][0]['location']['postcode']}</arg>
<doc>Fails if objects are unequal after converting them to real numbers.</doc>
<status status="PASS" start="2024-07-26T17:13:59.613093" elapsed="0.000627"/>
</kw>
<kw name="Log" owner="BuiltIn">
<msg time="2024-07-26T17:13:59.614285" level="INFO">40571</msg>
<arg>${json_data['results'][0]['location']['postcode']}</arg>
<doc>Logs the given message with the given level.</doc>
<status status="PASS" start="2024-07-26T17:13:59.613945" elapsed="0.000382"/>
</kw>
<status status="PASS" start="2024-07-26T17:13:59.512418" elapsed="0.102191"/>
</kw>
<doc>Testa se os tipos de dados na resposta da API estão corretos.</doc>
<tag>testeTiposDados</tag>
<status status="PASS" start="2024-07-26T17:13:59.387428" elapsed="0.227351"/>
</test>
<test id="s1-s1-t5" name="Validar conteudo" line="35">
<kw name="Teste de Tipos de Conteudo" owner="random-user-service">
<kw name="GET On Session" owner="RequestsLibrary">
<msg time="2024-07-26T17:13:59.733608" level="INFO">GET Request : url=https://randomuser.me/api 
 path_url=/api 
 headers={'User-Agent': 'python-requests/2.32.3', 'Accept-Encoding': 'gzip, deflate', 'Accept': '*/*', 'Connection': 'keep-alive'} 
 body=None 
 </msg>
<msg time="2024-07-26T17:13:59.733691" level="INFO">GET Response : url=https://randomuser.me/api 
 status=200, reason=OK 
 headers={'Date': 'Fri, 26 Jul 2024 17:13:59 GMT', 'Content-Type': 'application/json; charset=utf-8', 'Transfer-Encoding': 'chunked', 'Connection': 'keep-alive', 'X-Powered-By': 'Express', 'Access-Control-Allow-Origin': '*', 'Cache-Control': 'no-cache', 'ETag': 'W/"49a-oNCljpSa8+/OKtZ0iOamK+1KBpU"', 'Vary': 'Accept-Encoding', 'Content-Encoding': 'gzip', 'CF-Cache-Status': 'DYNAMIC', 'Report-To': '{"endpoints":[{"url":"https:\\/\\/a.nel.cloudflare.com\\/report\\/v4?s=m6j4YgsAacshCvujuenithYX2ott1R5K%2B3hZro5fmh7kCfEHpQE0keqMFH%2FvOmeAU%2FBGZQxa%2F7WOsIen72%2BR%2FYyP9YFmEbP3Gt5UdnlR3i7oTS2UA%2FCUF4F9NrO5bfUm"}],"group":"cf-nel","max_age":604800}', 'NEL': '{"success_fraction":0,"report_to":"cf-nel","max_age":604800}', 'Server': 'cloudflare', 'CF-RAY': '8a9606039cab7ab2-SJC', 'alt-svc': 'h3=":443"; ma=86400'} 
 body={"results":[{"gender":"female","name":{"title":"Miss","first":"Manisha","last":"Kulkarni"},"location":{"street":{"number":1810,"name":"Carter Rd Promenade"},"city":"Tenali","state":"Karnataka","country":"India","postcode":78825,"coordinates":{"latitude":"8.0796","longitude":"50.7912"},"timezone":{"offset":"-7:00","description":"Mountain Time (US &amp; Canada)"}},"email":"manisha.kulkarni@example.com","login":{"uuid":"670322e7-c1f4-4f39-aba1-8dedb36d04f0","username":"beautifulleopard851","password":"oakland","salt":"e9r0mK3Q","md5":"bd6ec6e83c6392a9496dcf0295dfa648","sha1":"08f1485d3c0a316171994046d5322758e8be3b92","sha256":"1498934179dfd7b0e3e221b83378d1e7684c7e0b70fd57066c6348d4a282e6b3"},"dob":{"date":"1995-12-14T00:30:29.775Z","age":28},"registered":{"date":"2019-07-21T18:20:09.714Z","age":5},"phone":"7480390470","cell":"7175143528","id":{"name":"UIDAI","value":"139727849160"},"picture":{"large":"https://randomuser.me/api/portraits/women/70.jpg","medium":"https://randomuser.me/api/portraits/med/women/70.jpg","thumbnail":"https://randomuser.me/api/portraits/thumb/women/70.jpg"},"nat":"IN"}],"info":{"seed":"dd31bce183b81747","results":1,"page":1,"version":"1.4"}} 
 </msg>
<msg time="2024-07-26T17:13:59.733767" level="INFO">/opt/hostedtoolcache/Python/3.12.4/x64/lib/python3.12/site-packages/urllib3/connectionpool.py:1099: InsecureRequestWarning: Unverified HTTPS request is being made to host 'randomuser.me'. Adding certificate verification is strongly advised. See: https://urllib3.readthedocs.io/en/latest/advanced-usage.html#tls-warnings
  warnings.warn(</msg>
<msg time="2024-07-26T17:13:59.733860" level="INFO">${response} = &lt;Response [200]&gt;</msg>
<var>${response}</var>
<arg>consultarAPI</arg>
<arg>/api</arg>
<doc>Sends a GET request on a previously created HTTP Session.</doc>
<status status="PASS" start="2024-07-26T17:13:59.617357" elapsed="0.116545"/>
</kw>
<kw name="Set Variable" owner="BuiltIn">
<msg time="2024-07-26T17:13:59.734896" level="INFO">${json_data} = {'results': [{'gender': 'female', 'name': {'title': 'Miss', 'first': 'Manisha', 'last': 'Kulkarni'}, 'location': {'street': {'number': 1810, 'name': 'Carter Rd Promenade'}, 'city': 'Tenali', 'state': ...</msg>
<var>${json_data}</var>
<arg>${response.json()}</arg>
<doc>Returns the given values which can then be assigned to a variables.</doc>
<status status="PASS" start="2024-07-26T17:13:59.734341" elapsed="0.000584"/>
</kw>
<kw name="Set Variable" owner="BuiltIn">
<msg time="2024-07-26T17:13:59.735612" level="INFO">${name_title} = Miss</msg>
<var>${name_title}</var>
<arg>${json_data["results"][0]["name"]["title"]}</arg>
<doc>Returns the given values which can then be assigned to a variables.</doc>
<status status="PASS" start="2024-07-26T17:13:59.735229" elapsed="0.000409"/>
</kw>
<kw name="Create List" owner="BuiltIn">
<msg time="2024-07-26T17:13:59.736078" level="INFO">${allowed_titles} = ['Mr', 'Ms', 'Miss', 'Mrs', 'Madame', 'Monsieur']</msg>
<var>${allowed_titles}</var>
<arg>Mr</arg>
<arg>Ms</arg>
<arg>Miss</arg>
<arg>Mrs</arg>
<arg>Madame</arg>
<arg>Monsieur</arg>
<doc>Returns a list containing given items.</doc>
<status status="PASS" start="2024-07-26T17:13:59.735931" elapsed="0.000172"/>
</kw>
<kw name="List Should Contain Value" owner="Collections">
<arg>${allowed_titles}</arg>
<arg>${name_title}</arg>
<doc>Fails if the ``value`` is not found from ``list``.</doc>
<status status="PASS" start="2024-07-26T17:13:59.736438" elapsed="0.000180"/>
</kw>
<kw name="Set Variable" owner="BuiltIn">
<msg time="2024-07-26T17:13:59.737180" level="INFO">${name_country} = IN</msg>
<var>${name_country}</var>
<arg>${json_data["results"][0]["nat"]}</arg>
<doc>Returns the given values which can then be assigned to a variables.</doc>
<status status="PASS" start="2024-07-26T17:13:59.736812" elapsed="0.000393"/>
</kw>
<kw name="Create List" owner="BuiltIn">
<msg time="2024-07-26T17:13:59.738078" level="INFO">${list_country} = ['AD', 'AE', 'AF', 'AG', 'AI', 'AL', 'AM', 'AO', 'AQ', 'AR', 'AS', 'AT', 'AU', 'AW', 'AX', 'AZ', 'BA', 'BB', 'BD', 'BE', 'BF', 'BG', 'BH', 'BI', 'BJ', 'BL', 'BM', 'BN', 'BO', 'BQ', 'BR', 'BS', 'BT', '...</msg>
<var>${list_country}</var>
<arg>AD</arg>
<arg>AE</arg>
<arg>AF</arg>
<arg>AG</arg>
<arg>AI</arg>
<arg>AL</arg>
<arg>AM</arg>
<arg>AO</arg>
<arg>AQ</arg>
<arg>AR</arg>
<arg>AS</arg>
<arg>AT</arg>
<arg>AU</arg>
<arg>AW</arg>
<arg>AX</arg>
<arg>AZ</arg>
<arg>BA</arg>
<arg>BB</arg>
<arg>BD</arg>
<arg>BE</arg>
<arg>BF</arg>
<arg>BG</arg>
<arg>BH</arg>
<arg>BI</arg>
<arg>BJ</arg>
<arg>BL</arg>
<arg>BM</arg>
<arg>BN</arg>
<arg>BO</arg>
<arg>BQ</arg>
<arg>BR</arg>
<arg>BS</arg>
<arg>BT</arg>
<arg>BV</arg>
<arg>BW</arg>
<arg>BY</arg>
<arg>BZ</arg>
<arg>CA</arg>
<arg>CC</arg>
<arg>CD</arg>
<arg>CF</arg>
<arg>CG</arg>
<arg>CH</arg>
<arg>CI</arg>
<arg>CK</arg>
<arg>CL</arg>
<arg>CM</arg>
<arg>CN</arg>
<arg>CO</arg>
<arg>CR</arg>
<arg>CU</arg>
<arg>CV</arg>
<arg>CW</arg>
<arg>CX</arg>
<arg>CY</arg>
<arg>CZ</arg>
<arg>DE</arg>
<arg>DJ</arg>
<arg>DK</arg>
<arg>DM</arg>
<arg>DO</arg>
<arg>DZ</arg>
<arg>EC</arg>
<arg>EE</arg>
<arg>EG</arg>
<arg>EH</arg>
<arg>ER</arg>
<arg>ES</arg>
<arg>ET</arg>
<arg>FI</arg>
<arg>FJ</arg>
<arg>FK</arg>
<arg>FM</arg>
<arg>FO</arg>
<arg>FR</arg>
<arg>GA</arg>
<arg>GB</arg>
<arg>GD</arg>
<arg>GE</arg>
<arg>GF</arg>
<arg>GG</arg>
<arg>GH</arg>
<arg>GI</arg>
<arg>GL</arg>
<arg>GM</arg>
<arg>GN</arg>
<arg>GP</arg>
<arg>GQ</arg>
<arg>GR</arg>
<arg>GS</arg>
<arg>GT</arg>
<arg>GU</arg>
<arg>GW</arg>
<arg>GY</arg>
<arg>HK</arg>
<arg>HM</arg>
<arg>HN</arg>
<arg>HR</arg>
<arg>HT</arg>
<arg>HU</arg>
<arg>ID</arg>
<arg>IE</arg>
<arg>IL</arg>
<arg>IM</arg>
<arg>IN</arg>
<arg>IO</arg>
<arg>IQ</arg>
<arg>IR</arg>
<arg>IS</arg>
<arg>IT</arg>
<arg>JE</arg>
<arg>JM</arg>
<arg>JO</arg>
<arg>JP</arg>
<arg>KE</arg>
<arg>KG</arg>
<arg>KH</arg>
<arg>KI</arg>
<arg>KM</arg>
<arg>KN</arg>
<arg>KP</arg>
<arg>KR</arg>
<arg>KW</arg>
<arg>KY</arg>
<arg>KZ</arg>
<arg>LA</arg>
<arg>LB</arg>
<arg>LC</arg>
<arg>LI</arg>
<arg>LK</arg>
<arg>LR</arg>
<arg>LS</arg>
<arg>LT</arg>
<arg>LU</arg>
<arg>LV</arg>
<arg>LY</arg>
<arg>MA</arg>
<arg>MC</arg>
<arg>MD</arg>
<arg>ME</arg>
<arg>MF</arg>
<arg>MG</arg>
<arg>MH</arg>
<arg>MK</arg>
<arg>ML</arg>
<arg>MM</arg>
<arg>MN</arg>
<arg>MO</arg>
<arg>MP</arg>
<arg>MQ</arg>
<arg>MR</arg>
<arg>MS</arg>
<arg>MT</arg>
<arg>MU</arg>
<arg>MV</arg>
<arg>MW</arg>
<arg>MX</arg>
<arg>MY</arg>
<arg>MZ</arg>
<arg>NA</arg>
<arg>NC</arg>
<arg>NE</arg>
<arg>NF</arg>
<arg>NG</arg>
<arg>NI</arg>
<arg>NL</arg>
<arg>NO</arg>
<arg>NP</arg>
<arg>NR</arg>
<arg>NU</arg>
<arg>NZ</arg>
<arg>OM</arg>
<arg>PA</arg>
<arg>PE</arg>
<arg>PF</arg>
<arg>PG</arg>
<arg>PH</arg>
<arg>PK</arg>
<arg>PL</arg>
<arg>PM</arg>
<arg>PN</arg>
<arg>PR</arg>
<arg>PS</arg>
<arg>PT</arg>
<arg>PW</arg>
<arg>PY</arg>
<arg>QA</arg>
<arg>RE</arg>
<arg>RO</arg>
<arg>RS</arg>
<arg>RU</arg>
<arg>RW</arg>
<arg>SA</arg>
<arg>SB</arg>
<arg>SC</arg>
<arg>SD</arg>
<arg>SE</arg>
<arg>SG</arg>
<arg>SH</arg>
<arg>SI</arg>
<arg>SJ</arg>
<arg>SK</arg>
<arg>SL</arg>
<arg>SM</arg>
<arg>SN</arg>
<arg>SO</arg>
<arg>SR</arg>
<arg>SS</arg>
<arg>ST</arg>
<arg>SV</arg>
<arg>SX</arg>
<arg>SY</arg>
<arg>SZ</arg>
<arg>TC</arg>
<arg>TD</arg>
<arg>TF</arg>
<arg>TG</arg>
<arg>TH</arg>
<arg>TJ</arg>
<arg>TK</arg>
<arg>TL</arg>
<arg>TM</arg>
<arg>TN</arg>
<arg>TO</arg>
<arg>TR</arg>
<arg>TT</arg>
<arg>TV</arg>
<arg>TW</arg>
<arg>TZ</arg>
<arg>UA</arg>
<arg>UG</arg>
<arg>UM</arg>
<arg>US</arg>
<arg>UY</arg>
<arg>UZ</arg>
<arg>VA</arg>
<arg>VC</arg>
<arg>VE</arg>
<arg>VG</arg>
<arg>VI</arg>
<arg>VN</arg>
<arg>VU</arg>
<arg>WF</arg>
<arg>WS</arg>
<arg>XK</arg>
<arg>YE</arg>
<arg>YT</arg>
<arg>ZA</arg>
<arg>ZM</arg>
<arg>ZW</arg>
<doc>Returns a list containing given items.</doc>
<status status="PASS" start="2024-07-26T17:13:59.737492" elapsed="0.000610"/>
</kw>
<kw name="List Should Contain Value" owner="Collections">
<arg>${list_country}</arg>
<arg>${name_country}</arg>
<doc>Fails if the ``value`` is not found from ``list``.</doc>
<status status="PASS" start="2024-07-26T17:13:59.739037" elapsed="0.000209"/>
</kw>
<kw name="Run Keyword If" owner="BuiltIn">
<kw name="Should Be True" owner="BuiltIn">
<arg>${True}</arg>
<doc>Fails if the given condition is not true.</doc>
<status status="PASS" start="2024-07-26T17:13:59.740177" elapsed="0.000165"/>
</kw>
<arg>${json_data["results"][0]["location"]["coordinates"]["latitude"]} &gt;= -90 and ${json_data["results"][0]["location"]["coordinates"]["latitude"]} &lt;= 90</arg>
<arg>Should Be True</arg>
<arg>${True}</arg>
<doc>Runs the given keyword with the given arguments, if ``condition`` is true.</doc>
<status status="PASS" start="2024-07-26T17:13:59.739441" elapsed="0.001033"/>
</kw>
<kw name="Run Keyword If" owner="BuiltIn">
<kw name="Should Be True" owner="BuiltIn">
<arg>${True}</arg>
<doc>Fails if the given condition is not true.</doc>
<status status="PASS" start="2024-07-26T17:13:59.741358" elapsed="0.000135"/>
</kw>
<arg>${json_data["results"][0]["location"]["coordinates"]["longitude"]} &gt;= -180 and ${json_data["results"][0]["location"]["coordinates"]["longitude"]} &lt;= 180</arg>
<arg>Should Be True</arg>
<arg>${True}</arg>
<doc>Runs the given keyword with the given arguments, if ``condition`` is true.</doc>
<status status="PASS" start="2024-07-26T17:13:59.740652" elapsed="0.000962"/>
</kw>
<status status="PASS" start="2024-07-26T17:13:59.617120" elapsed="0.124628"/>
</kw>
<doc>Testa o conteúdo específico dos campos retornados pela API.</doc>
<tag>testeConteudo</tag>
<status status="PASS" start="2024-07-26T17:13:59.616563" elapsed="0.125336"/>
</test>
<status status="PASS" start="2024-07-26T17:13:58.671675" elapsed="1.072165"/>
</suite>
<status status="PASS" start="2024-07-26T17:13:58.657315" elapsed="1.091651"/>
</suite>
<statistics>
<total>
<stat pass="5" fail="0" skip="0">All Tests</stat>
</total>
<tag>
<stat pass="1" fail="0" skip="0">testeConteudo</stat>
<stat pass="1" fail="0" skip="0">testeEstruturaResposta</stat>
<stat pass="1" fail="0" skip="0">testeRequisicaoBasica</stat>
<stat pass="1" fail="0" skip="0">testeTiposDados</stat>
</tag>
<suite>
<stat pass="5" fail="0" skip="0" id="s1" name="Tests">Tests</stat>
<stat pass="5" fail="0" skip="0" id="s1-s1" name="Random-User-Test">Tests.Random-User-Test</stat>
</suite>
</statistics>
<errors>
</errors>
</robot>
