<?xml version="1.0" encoding="UTF-8"?>
<robot generator="Robot 7.0.1 (Python 3.12.4 on linux)" generated="2024-06-24T01:07:16.290169" rpa="false" schemaversion="5">
<suite id="s1" name="Tests" source="/home/runner/work/ApiRandomUser/ApiRandomUser/RamdonUser/tests">
<suite id="s1-s1" name="Random-User-Test" source="/home/runner/work/ApiRandomUser/ApiRandomUser/RamdonUser/tests/random-user-test.robot">
<test id="s1-s1-t1" name="Conectar" line="13">
<kw name="Conectar API" owner="random-user-service">
<kw name="Create Session" owner="RequestsLibrary">
<msg time="2024-06-24T01:07:16.691958" level="INFO">Creating Session using : alias=consultarAPI, url=https://randomuser.me/, headers={},                     cookies={}, auth=None, timeout=None, proxies=None, verify=False,                     debug=0 </msg>
<arg>consultarAPI</arg>
<arg>${URL}</arg>
<doc>Create Session: create a HTTP session to a server</doc>
<status status="PASS" start="2024-06-24T01:07:16.691755" elapsed="0.000376"/>
</kw>
<status status="PASS" start="2024-06-24T01:07:16.690795" elapsed="0.001695"/>
</kw>
<status status="PASS" start="2024-06-24T01:07:16.690270" elapsed="0.002409"/>
</test>
<test id="s1-s1-t2" name="Validar retorno 200 e JSON Válido" line="16">
<kw name="Teste de Requisicao Basica" owner="random-user-service">
<kw name="GET On Session" owner="RequestsLibrary">
<msg time="2024-06-24T01:07:16.812017" level="INFO">GET Request : url=https://randomuser.me/api 
 path_url=/api 
 headers={'User-Agent': 'python-requests/2.32.3', 'Accept-Encoding': 'gzip, deflate', 'Accept': '*/*', 'Connection': 'keep-alive'} 
 body=None 
 </msg>
<msg time="2024-06-24T01:07:16.812188" level="INFO">GET Response : url=https://randomuser.me/api 
 status=200, reason=OK 
 headers={'Date': 'Mon, 24 Jun 2024 01:07:16 GMT', 'Content-Type': 'application/json; charset=utf-8', 'Transfer-Encoding': 'chunked', 'Connection': 'keep-alive', 'X-Powered-By': 'Express', 'Access-Control-Allow-Origin': '*', 'Cache-Control': 'no-cache', 'ETag': 'W/"49a-TKCqd3ssPtUxm/Urq49813dU1VA"', 'Vary': 'Accept-Encoding', 'Content-Encoding': 'gzip', 'CF-Cache-Status': 'DYNAMIC', 'Report-To': '{"endpoints":[{"url":"https:\\/\\/a.nel.cloudflare.com\\/report\\/v4?s=CLW9KJpneEidHBSIVxlVlerJO91Si9jz4bfDq18u9f6Hf8bSt7voKOnvjcasuw0FtoTSgBNbFEnxFvctTRdOhCGKbPumgY67ULCetzH%2ByYFhNsKdp%2FoGKYfOjQg2TwQb"}],"group":"cf-nel","max_age":604800}', 'NEL': '{"success_fraction":0,"report_to":"cf-nel","max_age":604800}', 'Server': 'cloudflare', 'CF-RAY': '8988d1ed8dd2251d-SJC', 'alt-svc': 'h3=":443"; ma=86400'} 
 body={"results":[{"gender":"female","name":{"title":"Miss","first":"Traudel","last":"Gericke"},"location":{"street":{"number":5925,"name":"Am Sportplatz"},"city":"Dahme/Mark","state":"Bayern","country":"Germany","postcode":78473,"coordinates":{"latitude":"-47.4409","longitude":"33.9186"},"timezone":{"offset":"-7:00","description":"Mountain Time (US &amp; Canada)"}},"email":"traudel.gericke@example.com","login":{"uuid":"e3239021-c109-4626-9cac-676a1a908fa7","username":"smallgorilla518","password":"nygiants","salt":"gaKxlygU","md5":"32d00531a79059e64442f12563a9db03","sha1":"66e83e0c2f2e2543c92d3ef3c9eda53d3c5df15e","sha256":"fcafe277610888c330193fde6b822c0636d0d5dc95b5f96343a22dc037b92a2c"},"dob":{"date":"1968-02-17T23:31:15.001Z","age":56},"registered":{"date":"2015-10-05T13:14:25.465Z","age":8},"phone":"0660-5964368","cell":"0173-0958118","id":{"name":"SVNR","value":"15 170268 G 603"},"picture":{"large":"https://randomuser.me/api/portraits/women/10.jpg","medium":"https://randomuser.me/api/portraits/med/women/10.jpg","thumbnail":"https://randomuser.me/api/portraits/thumb/women/10.jpg"},"nat":"DE"}],"info":{"seed":"3c794490af99cbb4","results":1,"page":1,"version":"1.4"}} 
 </msg>
<msg time="2024-06-24T01:07:16.812285" level="INFO">/opt/hostedtoolcache/Python/3.12.4/x64/lib/python3.12/site-packages/urllib3/connectionpool.py:1099: InsecureRequestWarning: Unverified HTTPS request is being made to host 'randomuser.me'. Adding certificate verification is strongly advised. See: https://urllib3.readthedocs.io/en/latest/advanced-usage.html#tls-warnings
  warnings.warn(</msg>
<msg time="2024-06-24T01:07:16.812442" level="INFO">${response} = &lt;Response [200]&gt;</msg>
<var>${response}</var>
<arg>consultarAPI</arg>
<arg>/api</arg>
<doc>Sends a GET request on a previously created HTTP Session.</doc>
<status status="PASS" start="2024-06-24T01:07:16.695258" elapsed="0.117225"/>
</kw>
<kw name="Should Be Equal As Numbers" owner="BuiltIn">
<msg time="2024-06-24T01:07:16.813597" level="INFO">Argument types are:
&lt;class 'int'&gt;
&lt;class 'str'&gt;</msg>
<arg>${response.status_code}</arg>
<arg>200</arg>
<doc>Fails if objects are unequal after converting them to real numbers.</doc>
<status status="PASS" start="2024-06-24T01:07:16.813111" elapsed="0.000555"/>
</kw>
<kw name="Log" owner="BuiltIn">
<msg time="2024-06-24T01:07:16.814400" level="INFO">200</msg>
<arg>${response.status_code}</arg>
<doc>Logs the given message with the given level.</doc>
<status status="PASS" start="2024-06-24T01:07:16.813987" elapsed="0.000456"/>
</kw>
<kw name="Set Variable" owner="BuiltIn">
<msg time="2024-06-24T01:07:16.815207" level="INFO">${json_data} = {'results': [{'gender': 'female', 'name': {'title': 'Miss', 'first': 'Traudel', 'last': 'Gericke'}, 'location': {'street': {'number': 5925, 'name': 'Am Sportplatz'}, 'city': 'Dahme/Mark', 'state': 'Ba...</msg>
<var>${json_data}</var>
<arg>${response.json()}</arg>
<doc>Returns the given values which can then be assigned to a variables.</doc>
<status status="PASS" start="2024-06-24T01:07:16.814756" elapsed="0.000480"/>
</kw>
<kw name="Dictionary Should Contain Key" owner="Collections">
<arg>${json_data}</arg>
<arg>results</arg>
<doc>Fails if ``key`` is not found from ``dictionary``.</doc>
<status status="PASS" start="2024-06-24T01:07:16.815534" elapsed="0.000170"/>
</kw>
<status status="PASS" start="2024-06-24T01:07:16.695003" elapsed="0.120852"/>
</kw>
<doc>Testa se a API responde corretamente e retorna um objeto JSON válido.</doc>
<tag>testeRequisicaoBasica</tag>
<status status="PASS" start="2024-06-24T01:07:16.694555" elapsed="0.121476"/>
</test>
<test id="s1-s1-t3" name="Validar estrutura de resposta" line="22">
<kw name="Teste de Estrutura de Resposta" owner="random-user-service">
<kw name="GET On Session" owner="RequestsLibrary">
<msg time="2024-06-24T01:07:16.921133" level="INFO">GET Request : url=https://randomuser.me/api 
 path_url=/api 
 headers={'User-Agent': 'python-requests/2.32.3', 'Accept-Encoding': 'gzip, deflate', 'Accept': '*/*', 'Connection': 'keep-alive'} 
 body=None 
 </msg>
<msg time="2024-06-24T01:07:16.921237" level="INFO">GET Response : url=https://randomuser.me/api 
 status=200, reason=OK 
 headers={'Date': 'Mon, 24 Jun 2024 01:07:16 GMT', 'Content-Type': 'application/json; charset=utf-8', 'Transfer-Encoding': 'chunked', 'Connection': 'keep-alive', 'X-Powered-By': 'Express', 'Access-Control-Allow-Origin': '*', 'Cache-Control': 'no-cache', 'ETag': 'W/"48f-Wo+i0d+NSAL4cb6vNH9YN0+2PzI"', 'Vary': 'Accept-Encoding', 'Content-Encoding': 'gzip', 'CF-Cache-Status': 'DYNAMIC', 'Report-To': '{"endpoints":[{"url":"https:\\/\\/a.nel.cloudflare.com\\/report\\/v4?s=cXpDJYE6a5fFtsq9rXz58cCSEtzGuhKOWHgtkIu95VqbSSyvNjuUhH8UH6xJg2naw%2BoWTmlcR8RSOwci0PCHsYahgrjsiChEmZnpXwXXk6xqvGgNjLMmSOGB79YhspKb"}],"group":"cf-nel","max_age":604800}', 'NEL': '{"success_fraction":0,"report_to":"cf-nel","max_age":604800}', 'Server': 'cloudflare', 'CF-RAY': '8988d1ee2e58251d-SJC', 'alt-svc': 'h3=":443"; ma=86400'} 
 body={"results":[{"gender":"female","name":{"title":"Mrs","first":"Deniz","last":"Solmaz"},"location":{"street":{"number":4289,"name":"Fatih Sultan Mehmet Cd"},"city":"İzmir","state":"Samsun","country":"Turkey","postcode":88468,"coordinates":{"latitude":"65.3894","longitude":"150.9093"},"timezone":{"offset":"+5:00","description":"Ekaterinburg, Islamabad, Karachi, Tashkent"}},"email":"deniz.solmaz@example.com","login":{"uuid":"4b7a6c6a-dbff-46a6-8303-aadd061f08c2","username":"bluemouse682","password":"2004","salt":"T97yPBVp","md5":"4caf9257f90ffae7f3024d477b5dde79","sha1":"ee74039b83f42c4b7457ce7501a32f1c8d0a7578","sha256":"c8beaae4fc720ac1fef0975e04bfe80fa43d957868b9651970355322f85737a3"},"dob":{"date":"1993-05-07T11:05:22.331Z","age":31},"registered":{"date":"2018-12-19T09:47:13.610Z","age":5},"phone":"(409)-058-1573","cell":"(611)-076-9085","id":{"name":"","value":null},"picture":{"large":"https://randomuser.me/api/portraits/women/2.jpg","medium":"https://randomuser.me/api/portraits/med/women/2.jpg","thumbnail":"https://randomuser.me/api/portraits/thumb/women/2.jpg"},"nat":"TR"}],"info":{"seed":"f34099fa7b69e914","results":1,"page":1,"version":"1.4"}} 
 </msg>
<msg time="2024-06-24T01:07:16.921388" level="INFO">/opt/hostedtoolcache/Python/3.12.4/x64/lib/python3.12/site-packages/urllib3/connectionpool.py:1099: InsecureRequestWarning: Unverified HTTPS request is being made to host 'randomuser.me'. Adding certificate verification is strongly advised. See: https://urllib3.readthedocs.io/en/latest/advanced-usage.html#tls-warnings
  warnings.warn(</msg>
<msg time="2024-06-24T01:07:16.921532" level="INFO">${response} = &lt;Response [200]&gt;</msg>
<var>${response}</var>
<arg>consultarAPI</arg>
<arg>/api</arg>
<doc>Sends a GET request on a previously created HTTP Session.</doc>
<status status="PASS" start="2024-06-24T01:07:16.818719" elapsed="0.102856"/>
</kw>
<kw name="Set Variable" owner="BuiltIn">
<msg time="2024-06-24T01:07:16.922738" level="INFO">${json_data} = {'results': [{'gender': 'female', 'name': {'title': 'Mrs', 'first': 'Deniz', 'last': 'Solmaz'}, 'location': {'street': {'number': 4289, 'name': 'Fatih Sultan Mehmet Cd'}, 'city': 'İzmir', 'state': 'Sa...</msg>
<var>${json_data}</var>
<arg>${response.json()}</arg>
<doc>Returns the given values which can then be assigned to a variables.</doc>
<status status="PASS" start="2024-06-24T01:07:16.922169" elapsed="0.000601"/>
</kw>
<kw name="Log" owner="BuiltIn">
<msg time="2024-06-24T01:07:16.923270" level="INFO">{'results': [{'gender': 'female', 'name': {'title': 'Mrs', 'first': 'Deniz', 'last': 'Solmaz'}, 'location': {'street': {'number': 4289, 'name': 'Fatih Sultan Mehmet Cd'}, 'city': 'İzmir', 'state': 'Samsun', 'country': 'Turkey', 'postcode': 88468, 'coordinates': {'latitude': '65.3894', 'longitude': '150.9093'}, 'timezone': {'offset': '+5:00', 'description': 'Ekaterinburg, Islamabad, Karachi, Tashkent'}}, 'email': 'deniz.solmaz@example.com', 'login': {'uuid': '4b7a6c6a-dbff-46a6-8303-aadd061f08c2', 'username': 'bluemouse682', 'password': '2004', 'salt': 'T97yPBVp', 'md5': '4caf9257f90ffae7f3024d477b5dde79', 'sha1': 'ee74039b83f42c4b7457ce7501a32f1c8d0a7578', 'sha256': 'c8beaae4fc720ac1fef0975e04bfe80fa43d957868b9651970355322f85737a3'}, 'dob': {'date': '1993-05-07T11:05:22.331Z', 'age': 31}, 'registered': {'date': '2018-12-19T09:47:13.610Z', 'age': 5}, 'phone': '(409)-058-1573', 'cell': '(611)-076-9085', 'id': {'name': '', 'value': None}, 'picture': {'large': 'https://randomuser.me/api/portraits/women/2.jpg', 'medium': 'https://randomuser.me/api/portraits/med/women/2.jpg', 'thumbnail': 'https://randomuser.me/api/portraits/thumb/women/2.jpg'}, 'nat': 'TR'}], 'info': {'seed': 'f34099fa7b69e914', 'results': 1, 'page': 1, 'version': '1.4'}}</msg>
<arg>${json_data}</arg>
<doc>Logs the given message with the given level.</doc>
<status status="PASS" start="2024-06-24T01:07:16.923096" elapsed="0.000226"/>
</kw>
<kw name="Dictionary Should Contain Key" owner="Collections">
<arg>${json_data}</arg>
<arg>results</arg>
<doc>Fails if ``key`` is not found from ``dictionary``.</doc>
<status status="PASS" start="2024-06-24T01:07:16.923621" elapsed="0.000163"/>
</kw>
<kw name="Should Not Be Empty" owner="BuiltIn">
<msg time="2024-06-24T01:07:16.924100" level="INFO">Length is 2.</msg>
<arg>${json_data}</arg>
<doc>Verifies that the given item is not empty.</doc>
<status status="PASS" start="2024-06-24T01:07:16.923971" elapsed="0.000169"/>
</kw>
<kw name="Create List" owner="BuiltIn">
<msg time="2024-06-24T01:07:16.924736" level="INFO">${expected_keys} = ['gender', 'name', 'location', 'email', 'login']</msg>
<var>${expected_keys}</var>
<arg>gender</arg>
<arg>name</arg>
<arg>location</arg>
<arg>email</arg>
<arg>login</arg>
<doc>Returns a list containing given items.</doc>
<status status="PASS" start="2024-06-24T01:07:16.924429" elapsed="0.000332"/>
</kw>
<for flavor="IN">
<iter>
<kw name="Dictionary Should Contain Key" owner="Collections">
<arg>${json_data['results'][0]}</arg>
<arg>${key}</arg>
<doc>Fails if ``key`` is not found from ``dictionary``.</doc>
<status status="PASS" start="2024-06-24T01:07:16.925367" elapsed="0.000409"/>
</kw>
<kw name="Log" owner="BuiltIn">
<msg time="2024-06-24T01:07:16.926373" level="INFO">{'gender': 'female', 'name': {'title': 'Mrs', 'first': 'Deniz', 'last': 'Solmaz'}, 'location': {'street': {'number': 4289, 'name': 'Fatih Sultan Mehmet Cd'}, 'city': 'İzmir', 'state': 'Samsun', 'country': 'Turkey', 'postcode': 88468, 'coordinates': {'latitude': '65.3894', 'longitude': '150.9093'}, 'timezone': {'offset': '+5:00', 'description': 'Ekaterinburg, Islamabad, Karachi, Tashkent'}}, 'email': 'deniz.solmaz@example.com', 'login': {'uuid': '4b7a6c6a-dbff-46a6-8303-aadd061f08c2', 'username': 'bluemouse682', 'password': '2004', 'salt': 'T97yPBVp', 'md5': '4caf9257f90ffae7f3024d477b5dde79', 'sha1': 'ee74039b83f42c4b7457ce7501a32f1c8d0a7578', 'sha256': 'c8beaae4fc720ac1fef0975e04bfe80fa43d957868b9651970355322f85737a3'}, 'dob': {'date': '1993-05-07T11:05:22.331Z', 'age': 31}, 'registered': {'date': '2018-12-19T09:47:13.610Z', 'age': 5}, 'phone': '(409)-058-1573', 'cell': '(611)-076-9085', 'id': {'name': '', 'value': None}, 'picture': {'large': 'https://randomuser.me/api/portraits/women/2.jpg', 'medium': 'https://randomuser.me/api/portraits/med/women/2.jpg', 'thumbnail': 'https://randomuser.me/api/portraits/thumb/women/2.jpg'}, 'nat': 'TR'}</msg>
<arg>${json_data['results'][0]}</arg>
<doc>Logs the given message with the given level.</doc>
<status status="PASS" start="2024-06-24T01:07:16.925966" elapsed="0.000460"/>
</kw>
<kw name="Log" owner="BuiltIn">
<msg time="2024-06-24T01:07:16.926875" level="INFO">gender</msg>
<arg>${key}</arg>
<doc>Logs the given message with the given level.</doc>
<status status="PASS" start="2024-06-24T01:07:16.926743" elapsed="0.000171"/>
</kw>
<var name="${key}">gender</var>
<status status="PASS" start="2024-06-24T01:07:16.925237" elapsed="0.001894"/>
</iter>
<iter>
<kw name="Dictionary Should Contain Key" owner="Collections">
<arg>${json_data['results'][0]}</arg>
<arg>${key}</arg>
<doc>Fails if ``key`` is not found from ``dictionary``.</doc>
<status status="PASS" start="2024-06-24T01:07:16.927432" elapsed="0.000396"/>
</kw>
<kw name="Log" owner="BuiltIn">
<msg time="2024-06-24T01:07:16.928379" level="INFO">{'gender': 'female', 'name': {'title': 'Mrs', 'first': 'Deniz', 'last': 'Solmaz'}, 'location': {'street': {'number': 4289, 'name': 'Fatih Sultan Mehmet Cd'}, 'city': 'İzmir', 'state': 'Samsun', 'country': 'Turkey', 'postcode': 88468, 'coordinates': {'latitude': '65.3894', 'longitude': '150.9093'}, 'timezone': {'offset': '+5:00', 'description': 'Ekaterinburg, Islamabad, Karachi, Tashkent'}}, 'email': 'deniz.solmaz@example.com', 'login': {'uuid': '4b7a6c6a-dbff-46a6-8303-aadd061f08c2', 'username': 'bluemouse682', 'password': '2004', 'salt': 'T97yPBVp', 'md5': '4caf9257f90ffae7f3024d477b5dde79', 'sha1': 'ee74039b83f42c4b7457ce7501a32f1c8d0a7578', 'sha256': 'c8beaae4fc720ac1fef0975e04bfe80fa43d957868b9651970355322f85737a3'}, 'dob': {'date': '1993-05-07T11:05:22.331Z', 'age': 31}, 'registered': {'date': '2018-12-19T09:47:13.610Z', 'age': 5}, 'phone': '(409)-058-1573', 'cell': '(611)-076-9085', 'id': {'name': '', 'value': None}, 'picture': {'large': 'https://randomuser.me/api/portraits/women/2.jpg', 'medium': 'https://randomuser.me/api/portraits/med/women/2.jpg', 'thumbnail': 'https://randomuser.me/api/portraits/thumb/women/2.jpg'}, 'nat': 'TR'}</msg>
<arg>${json_data['results'][0]}</arg>
<doc>Logs the given message with the given level.</doc>
<status status="PASS" start="2024-06-24T01:07:16.928016" elapsed="0.000446"/>
</kw>
<kw name="Log" owner="BuiltIn">
<msg time="2024-06-24T01:07:16.928896" level="INFO">name</msg>
<arg>${key}</arg>
<doc>Logs the given message with the given level.</doc>
<status status="PASS" start="2024-06-24T01:07:16.928766" elapsed="0.000169"/>
</kw>
<var name="${key}">name</var>
<status status="PASS" start="2024-06-24T01:07:16.927320" elapsed="0.001833"/>
</iter>
<iter>
<kw name="Dictionary Should Contain Key" owner="Collections">
<arg>${json_data['results'][0]}</arg>
<arg>${key}</arg>
<doc>Fails if ``key`` is not found from ``dictionary``.</doc>
<status status="PASS" start="2024-06-24T01:07:16.929441" elapsed="0.000388"/>
</kw>
<kw name="Log" owner="BuiltIn">
<msg time="2024-06-24T01:07:16.930415" level="INFO">{'gender': 'female', 'name': {'title': 'Mrs', 'first': 'Deniz', 'last': 'Solmaz'}, 'location': {'street': {'number': 4289, 'name': 'Fatih Sultan Mehmet Cd'}, 'city': 'İzmir', 'state': 'Samsun', 'country': 'Turkey', 'postcode': 88468, 'coordinates': {'latitude': '65.3894', 'longitude': '150.9093'}, 'timezone': {'offset': '+5:00', 'description': 'Ekaterinburg, Islamabad, Karachi, Tashkent'}}, 'email': 'deniz.solmaz@example.com', 'login': {'uuid': '4b7a6c6a-dbff-46a6-8303-aadd061f08c2', 'username': 'bluemouse682', 'password': '2004', 'salt': 'T97yPBVp', 'md5': '4caf9257f90ffae7f3024d477b5dde79', 'sha1': 'ee74039b83f42c4b7457ce7501a32f1c8d0a7578', 'sha256': 'c8beaae4fc720ac1fef0975e04bfe80fa43d957868b9651970355322f85737a3'}, 'dob': {'date': '1993-05-07T11:05:22.331Z', 'age': 31}, 'registered': {'date': '2018-12-19T09:47:13.610Z', 'age': 5}, 'phone': '(409)-058-1573', 'cell': '(611)-076-9085', 'id': {'name': '', 'value': None}, 'picture': {'large': 'https://randomuser.me/api/portraits/women/2.jpg', 'medium': 'https://randomuser.me/api/portraits/med/women/2.jpg', 'thumbnail': 'https://randomuser.me/api/portraits/thumb/women/2.jpg'}, 'nat': 'TR'}</msg>
<arg>${json_data['results'][0]}</arg>
<doc>Logs the given message with the given level.</doc>
<status status="PASS" start="2024-06-24T01:07:16.930035" elapsed="0.000433"/>
</kw>
<kw name="Log" owner="BuiltIn">
<msg time="2024-06-24T01:07:16.930896" level="INFO">location</msg>
<arg>${key}</arg>
<doc>Logs the given message with the given level.</doc>
<status status="PASS" start="2024-06-24T01:07:16.930766" elapsed="0.000167"/>
</kw>
<var name="${key}">location</var>
<status status="PASS" start="2024-06-24T01:07:16.929332" elapsed="0.001815"/>
</iter>
<iter>
<kw name="Dictionary Should Contain Key" owner="Collections">
<arg>${json_data['results'][0]}</arg>
<arg>${key}</arg>
<doc>Fails if ``key`` is not found from ``dictionary``.</doc>
<status status="PASS" start="2024-06-24T01:07:16.931423" elapsed="0.000387"/>
</kw>
<kw name="Log" owner="BuiltIn">
<msg time="2024-06-24T01:07:16.932351" level="INFO">{'gender': 'female', 'name': {'title': 'Mrs', 'first': 'Deniz', 'last': 'Solmaz'}, 'location': {'street': {'number': 4289, 'name': 'Fatih Sultan Mehmet Cd'}, 'city': 'İzmir', 'state': 'Samsun', 'country': 'Turkey', 'postcode': 88468, 'coordinates': {'latitude': '65.3894', 'longitude': '150.9093'}, 'timezone': {'offset': '+5:00', 'description': 'Ekaterinburg, Islamabad, Karachi, Tashkent'}}, 'email': 'deniz.solmaz@example.com', 'login': {'uuid': '4b7a6c6a-dbff-46a6-8303-aadd061f08c2', 'username': 'bluemouse682', 'password': '2004', 'salt': 'T97yPBVp', 'md5': '4caf9257f90ffae7f3024d477b5dde79', 'sha1': 'ee74039b83f42c4b7457ce7501a32f1c8d0a7578', 'sha256': 'c8beaae4fc720ac1fef0975e04bfe80fa43d957868b9651970355322f85737a3'}, 'dob': {'date': '1993-05-07T11:05:22.331Z', 'age': 31}, 'registered': {'date': '2018-12-19T09:47:13.610Z', 'age': 5}, 'phone': '(409)-058-1573', 'cell': '(611)-076-9085', 'id': {'name': '', 'value': None}, 'picture': {'large': 'https://randomuser.me/api/portraits/women/2.jpg', 'medium': 'https://randomuser.me/api/portraits/med/women/2.jpg', 'thumbnail': 'https://randomuser.me/api/portraits/thumb/women/2.jpg'}, 'nat': 'TR'}</msg>
<arg>${json_data['results'][0]}</arg>
<doc>Logs the given message with the given level.</doc>
<status status="PASS" start="2024-06-24T01:07:16.931998" elapsed="0.000409"/>
</kw>
<kw name="Log" owner="BuiltIn">
<msg time="2024-06-24T01:07:16.932825" level="INFO">email</msg>
<arg>${key}</arg>
<doc>Logs the given message with the given level.</doc>
<status status="PASS" start="2024-06-24T01:07:16.932698" elapsed="0.000165"/>
</kw>
<var name="${key}">email</var>
<status status="PASS" start="2024-06-24T01:07:16.931317" elapsed="0.001767"/>
</iter>
<iter>
<kw name="Dictionary Should Contain Key" owner="Collections">
<arg>${json_data['results'][0]}</arg>
<arg>${key}</arg>
<doc>Fails if ``key`` is not found from ``dictionary``.</doc>
<status status="PASS" start="2024-06-24T01:07:16.933362" elapsed="0.000392"/>
</kw>
<kw name="Log" owner="BuiltIn">
<msg time="2024-06-24T01:07:16.934330" level="INFO">{'gender': 'female', 'name': {'title': 'Mrs', 'first': 'Deniz', 'last': 'Solmaz'}, 'location': {'street': {'number': 4289, 'name': 'Fatih Sultan Mehmet Cd'}, 'city': 'İzmir', 'state': 'Samsun', 'country': 'Turkey', 'postcode': 88468, 'coordinates': {'latitude': '65.3894', 'longitude': '150.9093'}, 'timezone': {'offset': '+5:00', 'description': 'Ekaterinburg, Islamabad, Karachi, Tashkent'}}, 'email': 'deniz.solmaz@example.com', 'login': {'uuid': '4b7a6c6a-dbff-46a6-8303-aadd061f08c2', 'username': 'bluemouse682', 'password': '2004', 'salt': 'T97yPBVp', 'md5': '4caf9257f90ffae7f3024d477b5dde79', 'sha1': 'ee74039b83f42c4b7457ce7501a32f1c8d0a7578', 'sha256': 'c8beaae4fc720ac1fef0975e04bfe80fa43d957868b9651970355322f85737a3'}, 'dob': {'date': '1993-05-07T11:05:22.331Z', 'age': 31}, 'registered': {'date': '2018-12-19T09:47:13.610Z', 'age': 5}, 'phone': '(409)-058-1573', 'cell': '(611)-076-9085', 'id': {'name': '', 'value': None}, 'picture': {'large': 'https://randomuser.me/api/portraits/women/2.jpg', 'medium': 'https://randomuser.me/api/portraits/med/women/2.jpg', 'thumbnail': 'https://randomuser.me/api/portraits/thumb/women/2.jpg'}, 'nat': 'TR'}</msg>
<arg>${json_data['results'][0]}</arg>
<doc>Logs the given message with the given level.</doc>
<status status="PASS" start="2024-06-24T01:07:16.933934" elapsed="0.000446"/>
</kw>
<kw name="Log" owner="BuiltIn">
<msg time="2024-06-24T01:07:16.934806" level="INFO">login</msg>
<arg>${key}</arg>
<doc>Logs the given message with the given level.</doc>
<status status="PASS" start="2024-06-24T01:07:16.934678" elapsed="0.000166"/>
</kw>
<var name="${key}">login</var>
<status status="PASS" start="2024-06-24T01:07:16.933255" elapsed="0.001803"/>
</iter>
<var>${key}</var>
<value>@{expected_keys}</value>
<status status="PASS" start="2024-06-24T01:07:16.925032" elapsed="0.010143"/>
</for>
<kw name="Create List" owner="BuiltIn">
<msg time="2024-06-24T01:07:16.935493" level="INFO">${expected_keysTwo} = ['username', 'password']</msg>
<var>${expected_keysTwo}</var>
<arg>username</arg>
<arg>password</arg>
<doc>Returns a list containing given items.</doc>
<status status="PASS" start="2024-06-24T01:07:16.935360" elapsed="0.000186"/>
</kw>
<for flavor="IN">
<iter>
<kw name="Dictionary Should Contain Key" owner="Collections">
<arg>${json_data['results'][0]['login']}</arg>
<arg>${keyTwo}</arg>
<doc>Fails if ``key`` is not found from ``dictionary``.</doc>
<status status="PASS" start="2024-06-24T01:07:16.936055" elapsed="0.000392"/>
</kw>
<kw name="Dictionary Should Contain Key" owner="Collections">
<arg>${json_data['results'][0]['login']}</arg>
<arg>${keyTwo}</arg>
<doc>Fails if ``key`` is not found from ``dictionary``.</doc>
<status status="PASS" start="2024-06-24T01:07:16.936638" elapsed="0.000375"/>
</kw>
<kw name="Log" owner="BuiltIn">
<msg time="2024-06-24T01:07:16.937312" level="INFO">username</msg>
<arg>${keyTwo}</arg>
<doc>Logs the given message with the given level.</doc>
<status status="PASS" start="2024-06-24T01:07:16.937190" elapsed="0.000161"/>
</kw>
<var name="${keyTwo}">username</var>
<status status="PASS" start="2024-06-24T01:07:16.935949" elapsed="0.001624"/>
</iter>
<iter>
<kw name="Dictionary Should Contain Key" owner="Collections">
<arg>${json_data['results'][0]['login']}</arg>
<arg>${keyTwo}</arg>
<doc>Fails if ``key`` is not found from ``dictionary``.</doc>
<status status="PASS" start="2024-06-24T01:07:16.937851" elapsed="0.000455"/>
</kw>
<kw name="Dictionary Should Contain Key" owner="Collections">
<arg>${json_data['results'][0]['login']}</arg>
<arg>${keyTwo}</arg>
<doc>Fails if ``key`` is not found from ``dictionary``.</doc>
<status status="PASS" start="2024-06-24T01:07:16.938502" elapsed="0.000384"/>
</kw>
<kw name="Log" owner="BuiltIn">
<msg time="2024-06-24T01:07:16.939189" level="INFO">password</msg>
<arg>${keyTwo}</arg>
<doc>Logs the given message with the given level.</doc>
<status status="PASS" start="2024-06-24T01:07:16.939061" elapsed="0.000165"/>
</kw>
<var name="${keyTwo}">password</var>
<status status="PASS" start="2024-06-24T01:07:16.937743" elapsed="0.001794"/>
</iter>
<var>${keyTwo}</var>
<value>@{expected_keysTwo}</value>
<status status="PASS" start="2024-06-24T01:07:16.935797" elapsed="0.003863"/>
</for>
<status status="PASS" start="2024-06-24T01:07:16.818480" elapsed="0.121321"/>
</kw>
<doc>Testa a estrutura da resposta da API.</doc>
<tag>testeEstruturaResposta</tag>
<status status="PASS" start="2024-06-24T01:07:16.817858" elapsed="0.122100"/>
</test>
<test id="s1-s1-t4" name="Validar tipos de dados" line="28">
<kw name="Teste de Tipos de Dados" owner="random-user-service">
<kw name="GET On Session" owner="RequestsLibrary">
<msg time="2024-06-24T01:07:17.039943" level="INFO">GET Request : url=https://randomuser.me/api 
 path_url=/api 
 headers={'User-Agent': 'python-requests/2.32.3', 'Accept-Encoding': 'gzip, deflate', 'Accept': '*/*', 'Connection': 'keep-alive'} 
 body=None 
 </msg>
<msg time="2024-06-24T01:07:17.040058" level="INFO">GET Response : url=https://randomuser.me/api 
 status=200, reason=OK 
 headers={'Date': 'Mon, 24 Jun 2024 01:07:17 GMT', 'Content-Type': 'application/json; charset=utf-8', 'Transfer-Encoding': 'chunked', 'Connection': 'keep-alive', 'X-Powered-By': 'Express', 'Access-Control-Allow-Origin': '*', 'Cache-Control': 'no-cache', 'ETag': 'W/"4a8-neINpADCCF7Moqeg0ZpbSB/wk2I"', 'Vary': 'Accept-Encoding', 'Content-Encoding': 'gzip', 'CF-Cache-Status': 'DYNAMIC', 'Report-To': '{"endpoints":[{"url":"https:\\/\\/a.nel.cloudflare.com\\/report\\/v4?s=QqbwCrV5%2FKT1O8jGfYT1cNSKXyHGkclmottk8nyik2pLbbGRfWYj%2FGF4qUIpbavBUGunlUDn%2Bho7haqhL8LTvU5B%2FRXsXMRaaRhWq7IprEjL11Dv4EnqsgMJHsu2O6w5"}],"group":"cf-nel","max_age":604800}', 'NEL': '{"success_fraction":0,"report_to":"cf-nel","max_age":604800}', 'Server': 'cloudflare', 'CF-RAY': '8988d1eeef02251d-SJC', 'alt-svc': 'h3=":443"; ma=86400'} 
 body={"results":[{"gender":"female","name":{"title":"Mrs","first":"Louise","last":"Simon"},"location":{"street":{"number":3003,"name":"Place de L'Église"},"city":"Asnières-sur-Seine","state":"Lot-et-Garonne","country":"France","postcode":48263,"coordinates":{"latitude":"-14.3208","longitude":"67.1976"},"timezone":{"offset":"+2:00","description":"Kaliningrad, South Africa"}},"email":"louise.simon@example.com","login":{"uuid":"9fa84419-6cb6-497d-a2ee-725f09d38a65","username":"whiteladybug231","password":"toronto","salt":"VSzID15i","md5":"6f8ed9688426f851d2ba7665f0138ee9","sha1":"be521ebac5410081b576dbfaa4efbf5d2d7584e5","sha256":"1e4e5d64afc0f2939bbead2cf183c9521133bbb631cbae6d46c96e6990ec9174"},"dob":{"date":"1964-05-09T23:00:47.795Z","age":60},"registered":{"date":"2021-11-28T12:14:40.401Z","age":2},"phone":"03-82-56-33-70","cell":"06-49-56-97-24","id":{"name":"INSEE","value":"2640423802880 76"},"picture":{"large":"https://randomuser.me/api/portraits/women/3.jpg","medium":"https://randomuser.me/api/portraits/med/women/3.jpg","thumbnail":"https://randomuser.me/api/portraits/thumb/women/3.jpg"},"nat":"FR"}],"info":{"seed":"9a8b0972adf5bfcb","results":1,"page":1,"version":"1.4"}} 
 </msg>
<msg time="2024-06-24T01:07:17.040156" level="INFO">/opt/hostedtoolcache/Python/3.12.4/x64/lib/python3.12/site-packages/urllib3/connectionpool.py:1099: InsecureRequestWarning: Unverified HTTPS request is being made to host 'randomuser.me'. Adding certificate verification is strongly advised. See: https://urllib3.readthedocs.io/en/latest/advanced-usage.html#tls-warnings
  warnings.warn(</msg>
<msg time="2024-06-24T01:07:17.040299" level="INFO">${response} = &lt;Response [200]&gt;</msg>
<var>${response}</var>
<arg>consultarAPI</arg>
<arg>/api</arg>
<doc>Sends a GET request on a previously created HTTP Session.</doc>
<status status="PASS" start="2024-06-24T01:07:16.942537" elapsed="0.097803"/>
</kw>
<kw name="Set Variable" owner="BuiltIn">
<msg time="2024-06-24T01:07:17.041649" level="INFO">${json_data} = {'results': [{'gender': 'female', 'name': {'title': 'Mrs', 'first': 'Louise', 'last': 'Simon'}, 'location': {'street': {'number': 3003, 'name': "Place de L'Église"}, 'city': 'Asnières-sur-Seine', 'sta...</msg>
<var>${json_data}</var>
<arg>${response.json()}</arg>
<doc>Returns the given values which can then be assigned to a variables.</doc>
<status status="PASS" start="2024-06-24T01:07:17.040934" elapsed="0.000766"/>
</kw>
<kw name="Log" owner="BuiltIn">
<msg time="2024-06-24T01:07:17.042397" level="INFO">{'results': [{'gender': 'female', 'name': {'title': 'Mrs', 'first': 'Louise', 'last': 'Simon'}, 'location': {'street': {'number': 3003, 'name': "Place de L'Église"}, 'city': 'Asnières-sur-Seine', 'state': 'Lot-et-Garonne', 'country': 'France', 'postcode': 48263, 'coordinates': {'latitude': '-14.3208', 'longitude': '67.1976'}, 'timezone': {'offset': '+2:00', 'description': 'Kaliningrad, South Africa'}}, 'email': 'louise.simon@example.com', 'login': {'uuid': '9fa84419-6cb6-497d-a2ee-725f09d38a65', 'username': 'whiteladybug231', 'password': 'toronto', 'salt': 'VSzID15i', 'md5': '6f8ed9688426f851d2ba7665f0138ee9', 'sha1': 'be521ebac5410081b576dbfaa4efbf5d2d7584e5', 'sha256': '1e4e5d64afc0f2939bbead2cf183c9521133bbb631cbae6d46c96e6990ec9174'}, 'dob': {'date': '1964-05-09T23:00:47.795Z', 'age': 60}, 'registered': {'date': '2021-11-28T12:14:40.401Z', 'age': 2}, 'phone': '03-82-56-33-70', 'cell': '06-49-56-97-24', 'id': {'name': 'INSEE', 'value': '2640423802880 76'}, 'picture': {'large': 'https://randomuser.me/api/portraits/women/3.jpg', 'medium': 'https://randomuser.me/api/portraits/med/women/3.jpg', 'thumbnail': 'https://randomuser.me/api/portraits/thumb/women/3.jpg'}, 'nat': 'FR'}], 'info': {'seed': '9a8b0972adf5bfcb', 'results': 1, 'page': 1, 'version': '1.4'}}</msg>
<arg>${json_data}</arg>
<doc>Logs the given message with the given level.</doc>
<status status="PASS" start="2024-06-24T01:07:17.042163" elapsed="0.000311"/>
</kw>
<kw name="Should Be String" owner="String">
<arg>${json_data['results'][0]['gender']}</arg>
<doc>Fails if the given ``item`` is not a string.</doc>
<status status="PASS" start="2024-06-24T01:07:17.042932" elapsed="0.000574"/>
</kw>
<kw name="Should Match Regexp" owner="BuiltIn">
<arg>${json_data['results'][0]['email']}</arg>
<arg>^[a-zA-Z0-9._%+-]+@[a-zA-Z0-9.-]+\.[a-zA-Z]{2,}$</arg>
<doc>Fails if ``string`` does not match ``pattern`` as a regular expression.</doc>
<status status="PASS" start="2024-06-24T01:07:17.043880" elapsed="0.000821"/>
</kw>
<kw name="Should Match Regexp" owner="BuiltIn">
<arg>${json_data['results'][0]['dob']['date']}</arg>
<arg>\\d{4}-\\d{2}-\\d{2}T\\d{2}:\\d{2}:\\d{2}\\.\\d{3}Z</arg>
<doc>Fails if ``string`` does not match ``pattern`` as a regular expression.</doc>
<status status="PASS" start="2024-06-24T01:07:17.044916" elapsed="0.000515"/>
</kw>
<kw name="Should Match Regexp" owner="BuiltIn">
<arg>${json_data['results'][0]['registered']['date']}</arg>
<arg>\\d{4}-\\d{2}-\\d{2}T\\d{2}:\\d{2}:\\d{2}\\.\\d{3}Z</arg>
<doc>Fails if ``string`` does not match ``pattern`` as a regular expression.</doc>
<status status="PASS" start="2024-06-24T01:07:17.045634" elapsed="0.000419"/>
</kw>
<kw name="Should Match Regexp" owner="BuiltIn">
<arg>${json_data['results'][0]['picture']['large']}</arg>
<arg>^https?://.*\.(?:png|jpe?g|gif|bmp)$</arg>
<doc>Fails if ``string`` does not match ``pattern`` as a regular expression.</doc>
<status status="PASS" start="2024-06-24T01:07:17.046248" elapsed="0.000470"/>
</kw>
<kw name="Should Match Regexp" owner="BuiltIn">
<arg>${json_data['results'][0]['picture']['medium']}</arg>
<arg>^https?://.*\.(?:png|jpe?g|gif|bmp)$</arg>
<doc>Fails if ``string`` does not match ``pattern`` as a regular expression.</doc>
<status status="PASS" start="2024-06-24T01:07:17.046908" elapsed="0.000368"/>
</kw>
<kw name="Should Match Regexp" owner="BuiltIn">
<arg>${json_data['results'][0]['picture']['thumbnail']}</arg>
<arg>^https?://.*\.(?:png|jpe?g|gif|bmp)$</arg>
<doc>Fails if ``string`` does not match ``pattern`` as a regular expression.</doc>
<status status="PASS" start="2024-06-24T01:07:17.047462" elapsed="0.000355"/>
</kw>
<kw name="Log" owner="BuiltIn">
<msg time="2024-06-24T01:07:17.048322" level="INFO">{'large': 'https://randomuser.me/api/portraits/women/3.jpg', 'medium': 'https://randomuser.me/api/portraits/med/women/3.jpg', 'thumbnail': 'https://randomuser.me/api/portraits/thumb/women/3.jpg'}</msg>
<arg>${json_data['results'][0]['picture']}</arg>
<doc>Logs the given message with the given level.</doc>
<status status="PASS" start="2024-06-24T01:07:17.047996" elapsed="0.000370"/>
</kw>
<status status="PASS" start="2024-06-24T01:07:16.942304" elapsed="0.106322"/>
</kw>
<kw name="Teste de Tipos de Dados - Postcode" owner="random-user-service">
<kw name="GET On Session" owner="RequestsLibrary">
<msg time="2024-06-24T01:07:17.139693" level="INFO">GET Request : url=https://randomuser.me/api 
 path_url=/api 
 headers={'User-Agent': 'python-requests/2.32.3', 'Accept-Encoding': 'gzip, deflate', 'Accept': '*/*', 'Connection': 'keep-alive'} 
 body=None 
 </msg>
<msg time="2024-06-24T01:07:17.139774" level="INFO">GET Response : url=https://randomuser.me/api 
 status=200, reason=OK 
 headers={'Date': 'Mon, 24 Jun 2024 01:07:17 GMT', 'Content-Type': 'application/json; charset=utf-8', 'Transfer-Encoding': 'chunked', 'Connection': 'keep-alive', 'X-Powered-By': 'Express', 'Access-Control-Allow-Origin': '*', 'Cache-Control': 'no-cache', 'ETag': 'W/"48d-TtQXkzZuy/zOSkOsR1nxLX8kBtM"', 'Vary': 'Accept-Encoding', 'Content-Encoding': 'gzip', 'CF-Cache-Status': 'DYNAMIC', 'Report-To': '{"endpoints":[{"url":"https:\\/\\/a.nel.cloudflare.com\\/report\\/v4?s=7wPf%2F7ZokJh9GsKJmpdAoToI%2FWenB11IeyBdinYevdWUVqb0i1h7RJcoB9HujmoGs0%2BElJkGi63OaJiJu3vb%2Fw%2FyBdprGpCQJeU1barGzGMNHAmioWeKhexV6Av5xRac"}],"group":"cf-nel","max_age":604800}', 'NEL': '{"success_fraction":0,"report_to":"cf-nel","max_age":604800}', 'Server': 'cloudflare', 'CF-RAY': '8988d1ef9f9f251d-SJC', 'alt-svc': 'h3=":443"; ma=86400'} 
 body={"results":[{"gender":"female","name":{"title":"Ms","first":"Teresa","last":"Navarro"},"location":{"street":{"number":483,"name":"Avenida de Burgos"},"city":"Alcobendas","state":"Melilla","country":"Spain","postcode":15761,"coordinates":{"latitude":"-35.2348","longitude":"74.0276"},"timezone":{"offset":"-1:00","description":"Azores, Cape Verde Islands"}},"email":"teresa.navarro@example.com","login":{"uuid":"eaf6010d-1017-4a5e-9b24-b49724711c06","username":"brownostrich348","password":"br549","salt":"bgEOu71R","md5":"185442dd8f16ff2cf29223ea29cf9194","sha1":"97ebf3ab76b14efae2b4d8c42c263c1636bb4b33","sha256":"92eaceb1d0c26c352e7c14b5af4518d62cbfed90d7653ad9e77f459337a4317b"},"dob":{"date":"1978-07-15T03:39:11.484Z","age":45},"registered":{"date":"2011-02-20T16:47:14.672Z","age":13},"phone":"934-117-039","cell":"648-474-402","id":{"name":"DNI","value":"54591638-P"},"picture":{"large":"https://randomuser.me/api/portraits/women/18.jpg","medium":"https://randomuser.me/api/portraits/med/women/18.jpg","thumbnail":"https://randomuser.me/api/portraits/thumb/women/18.jpg"},"nat":"ES"}],"info":{"seed":"1d4ccb3306fbb639","results":1,"page":1,"version":"1.4"}} 
 </msg>
<msg time="2024-06-24T01:07:17.139850" level="INFO">/opt/hostedtoolcache/Python/3.12.4/x64/lib/python3.12/site-packages/urllib3/connectionpool.py:1099: InsecureRequestWarning: Unverified HTTPS request is being made to host 'randomuser.me'. Adding certificate verification is strongly advised. See: https://urllib3.readthedocs.io/en/latest/advanced-usage.html#tls-warnings
  warnings.warn(</msg>
<msg time="2024-06-24T01:07:17.139951" level="INFO">${response} = &lt;Response [200]&gt;</msg>
<var>${response}</var>
<arg>consultarAPI</arg>
<arg>/api</arg>
<doc>Sends a GET request on a previously created HTTP Session.</doc>
<status status="PASS" start="2024-06-24T01:07:17.049093" elapsed="0.090890"/>
</kw>
<kw name="Set Variable" owner="BuiltIn">
<msg time="2024-06-24T01:07:17.140842" level="INFO">${json_data} = {'results': [{'gender': 'female', 'name': {'title': 'Ms', 'first': 'Teresa', 'last': 'Navarro'}, 'location': {'street': {'number': 483, 'name': 'Avenida de Burgos'}, 'city': 'Alcobendas', 'state': 'Me...</msg>
<var>${json_data}</var>
<arg>${response.json()}</arg>
<doc>Returns the given values which can then be assigned to a variables.</doc>
<status status="PASS" start="2024-06-24T01:07:17.140383" elapsed="0.000492"/>
</kw>
<kw name="Log" owner="BuiltIn">
<msg time="2024-06-24T01:07:17.141324" level="INFO">{'results': [{'gender': 'female', 'name': {'title': 'Ms', 'first': 'Teresa', 'last': 'Navarro'}, 'location': {'street': {'number': 483, 'name': 'Avenida de Burgos'}, 'city': 'Alcobendas', 'state': 'Melilla', 'country': 'Spain', 'postcode': 15761, 'coordinates': {'latitude': '-35.2348', 'longitude': '74.0276'}, 'timezone': {'offset': '-1:00', 'description': 'Azores, Cape Verde Islands'}}, 'email': 'teresa.navarro@example.com', 'login': {'uuid': 'eaf6010d-1017-4a5e-9b24-b49724711c06', 'username': 'brownostrich348', 'password': 'br549', 'salt': 'bgEOu71R', 'md5': '185442dd8f16ff2cf29223ea29cf9194', 'sha1': '97ebf3ab76b14efae2b4d8c42c263c1636bb4b33', 'sha256': '92eaceb1d0c26c352e7c14b5af4518d62cbfed90d7653ad9e77f459337a4317b'}, 'dob': {'date': '1978-07-15T03:39:11.484Z', 'age': 45}, 'registered': {'date': '2011-02-20T16:47:14.672Z', 'age': 13}, 'phone': '934-117-039', 'cell': '648-474-402', 'id': {'name': 'DNI', 'value': '54591638-P'}, 'picture': {'large': 'https://randomuser.me/api/portraits/women/18.jpg', 'medium': 'https://randomuser.me/api/portraits/med/women/18.jpg', 'thumbnail': 'https://randomuser.me/api/portraits/thumb/women/18.jpg'}, 'nat': 'ES'}], 'info': {'seed': '1d4ccb3306fbb639', 'results': 1, 'page': 1, 'version': '1.4'}}</msg>
<arg>${json_data}</arg>
<doc>Logs the given message with the given level.</doc>
<status status="PASS" start="2024-06-24T01:07:17.141175" elapsed="0.000196"/>
</kw>
<kw name="Should Be Equal As Numbers" owner="BuiltIn">
<arg>${json_data['results'][0]['location']['postcode']}</arg>
<arg>${json_data['results'][0]['location']['postcode']}</arg>
<doc>Fails if objects are unequal after converting them to real numbers.</doc>
<status status="PASS" start="2024-06-24T01:07:17.141668" elapsed="0.000718"/>
</kw>
<kw name="Log" owner="BuiltIn">
<msg time="2024-06-24T01:07:17.143063" level="INFO">15761</msg>
<arg>${json_data['results'][0]['location']['postcode']}</arg>
<doc>Logs the given message with the given level.</doc>
<status status="PASS" start="2024-06-24T01:07:17.142576" elapsed="0.000563"/>
</kw>
<status status="PASS" start="2024-06-24T01:07:17.048860" elapsed="0.094537"/>
</kw>
<doc>Testa se os tipos de dados na resposta da API estão corretos.</doc>
<tag>testeTiposDados</tag>
<status status="PASS" start="2024-06-24T01:07:16.941716" elapsed="0.201848"/>
</test>
<test id="s1-s1-t5" name="Validar conteudo" line="35">
<kw name="Teste de Tipos de Conteudo" owner="random-user-service">
<kw name="GET On Session" owner="RequestsLibrary">
<msg time="2024-06-24T01:07:17.240536" level="INFO">GET Request : url=https://randomuser.me/api 
 path_url=/api 
 headers={'User-Agent': 'python-requests/2.32.3', 'Accept-Encoding': 'gzip, deflate', 'Accept': '*/*', 'Connection': 'keep-alive'} 
 body=None 
 </msg>
<msg time="2024-06-24T01:07:17.240639" level="INFO">GET Response : url=https://randomuser.me/api 
 status=200, reason=OK 
 headers={'Date': 'Mon, 24 Jun 2024 01:07:17 GMT', 'Content-Type': 'application/json; charset=utf-8', 'Transfer-Encoding': 'chunked', 'Connection': 'keep-alive', 'X-Powered-By': 'Express', 'Access-Control-Allow-Origin': '*', 'Cache-Control': 'no-cache', 'ETag': 'W/"491-v+ywQ5b2cJd8Ux2VFG7mnpij8VI"', 'Vary': 'Accept-Encoding', 'Content-Encoding': 'gzip', 'CF-Cache-Status': 'DYNAMIC', 'Report-To': '{"endpoints":[{"url":"https:\\/\\/a.nel.cloudflare.com\\/report\\/v4?s=vi2KcASqz7V2xz9qAB2%2FFH%2BvsFAINaSwHbTB6afuV%2FeRYvdBe%2Fr2xcLJkDfb8mVliXepbeRlmo%2Bt6uOm346em1iOndoM%2ByR%2FrGbyM38I7Qp%2B27Tla5nnv77qRdFUMmrf"}],"group":"cf-nel","max_age":604800}', 'NEL': '{"success_fraction":0,"report_to":"cf-nel","max_age":604800}', 'Server': 'cloudflare', 'CF-RAY': '8988d1f02840251d-SJC', 'alt-svc': 'h3=":443"; ma=86400'} 
 body={"results":[{"gender":"female","name":{"title":"Mrs","first":"Taara","last":"Prabhu"},"location":{"street":{"number":5566,"name":"Rajpath"},"city":"Rajpur Sonarpur","state":"Gujarat","country":"India","postcode":73433,"coordinates":{"latitude":"7.4152","longitude":"56.6994"},"timezone":{"offset":"+11:00","description":"Magadan, Solomon Islands, New Caledonia"}},"email":"taara.prabhu@example.com","login":{"uuid":"eaaf8ac5-b02f-441c-8702-f917e6ea9572","username":"blackzebra615","password":"1225","salt":"bi9qgWUB","md5":"14d67dec6efa2291ba417befb6caeaa4","sha1":"86eb283aadf7fe908848de462485f934c2eafcfc","sha256":"3e4aeb96c61bfa3573b02cefbd0fe2597242dbbefa11ef8ca5619434ca05e9e1"},"dob":{"date":"1951-01-15T03:14:04.424Z","age":73},"registered":{"date":"2012-04-12T06:36:21.713Z","age":12},"phone":"8865341770","cell":"9858490869","id":{"name":"UIDAI","value":"021059694058"},"picture":{"large":"https://randomuser.me/api/portraits/women/86.jpg","medium":"https://randomuser.me/api/portraits/med/women/86.jpg","thumbnail":"https://randomuser.me/api/portraits/thumb/women/86.jpg"},"nat":"IN"}],"info":{"seed":"2147b4c6e07ea5ae","results":1,"page":1,"version":"1.4"}} 
 </msg>
<msg time="2024-06-24T01:07:17.240721" level="INFO">/opt/hostedtoolcache/Python/3.12.4/x64/lib/python3.12/site-packages/urllib3/connectionpool.py:1099: InsecureRequestWarning: Unverified HTTPS request is being made to host 'randomuser.me'. Adding certificate verification is strongly advised. See: https://urllib3.readthedocs.io/en/latest/advanced-usage.html#tls-warnings
  warnings.warn(</msg>
<msg time="2024-06-24T01:07:17.240851" level="INFO">${response} = &lt;Response [200]&gt;</msg>
<var>${response}</var>
<arg>consultarAPI</arg>
<arg>/api</arg>
<doc>Sends a GET request on a previously created HTTP Session.</doc>
<status status="PASS" start="2024-06-24T01:07:17.146391" elapsed="0.094515"/>
</kw>
<kw name="Set Variable" owner="BuiltIn">
<msg time="2024-06-24T01:07:17.241921" level="INFO">${json_data} = {'results': [{'gender': 'female', 'name': {'title': 'Mrs', 'first': 'Taara', 'last': 'Prabhu'}, 'location': {'street': {'number': 5566, 'name': 'Rajpath'}, 'city': 'Rajpur Sonarpur', 'state': 'Gujarat...</msg>
<var>${json_data}</var>
<arg>${response.json()}</arg>
<doc>Returns the given values which can then be assigned to a variables.</doc>
<status status="PASS" start="2024-06-24T01:07:17.241420" elapsed="0.000531"/>
</kw>
<kw name="Set Variable" owner="BuiltIn">
<msg time="2024-06-24T01:07:17.242696" level="INFO">${name_title} = Mrs</msg>
<var>${name_title}</var>
<arg>${json_data["results"][0]["name"]["title"]}</arg>
<doc>Returns the given values which can then be assigned to a variables.</doc>
<status status="PASS" start="2024-06-24T01:07:17.242309" elapsed="0.000413"/>
</kw>
<kw name="Create List" owner="BuiltIn">
<msg time="2024-06-24T01:07:17.243173" level="INFO">${allowed_titles} = ['Mr', 'Ms', 'Miss', 'Mrs', 'Madame', 'Monsieur']</msg>
<var>${allowed_titles}</var>
<arg>Mr</arg>
<arg>Ms</arg>
<arg>Miss</arg>
<arg>Mrs</arg>
<arg>Madame</arg>
<arg>Monsieur</arg>
<doc>Returns a list containing given items.</doc>
<status status="PASS" start="2024-06-24T01:07:17.243021" elapsed="0.000177"/>
</kw>
<kw name="List Should Contain Value" owner="Collections">
<arg>${allowed_titles}</arg>
<arg>${name_title}</arg>
<doc>Fails if the ``value`` is not found from ``list``.</doc>
<status status="PASS" start="2024-06-24T01:07:17.243500" elapsed="0.000183"/>
</kw>
<kw name="Set Variable" owner="BuiltIn">
<msg time="2024-06-24T01:07:17.244250" level="INFO">${name_country} = IN</msg>
<var>${name_country}</var>
<arg>${json_data["results"][0]["nat"]}</arg>
<doc>Returns the given values which can then be assigned to a variables.</doc>
<status status="PASS" start="2024-06-24T01:07:17.243863" elapsed="0.000413"/>
</kw>
<kw name="Create List" owner="BuiltIn">
<msg time="2024-06-24T01:07:17.245182" level="INFO">${list_country} = ['AD', 'AE', 'AF', 'AG', 'AI', 'AL', 'AM', 'AO', 'AQ', 'AR', 'AS', 'AT', 'AU', 'AW', 'AX', 'AZ', 'BA', 'BB', 'BD', 'BE', 'BF', 'BG', 'BH', 'BI', 'BJ', 'BL', 'BM', 'BN', 'BO', 'BQ', 'BR', 'BS', 'BT', '...</msg>
<var>${list_country}</var>
<arg>AD</arg>
<arg>AE</arg>
<arg>AF</arg>
<arg>AG</arg>
<arg>AI</arg>
<arg>AL</arg>
<arg>AM</arg>
<arg>AO</arg>
<arg>AQ</arg>
<arg>AR</arg>
<arg>AS</arg>
<arg>AT</arg>
<arg>AU</arg>
<arg>AW</arg>
<arg>AX</arg>
<arg>AZ</arg>
<arg>BA</arg>
<arg>BB</arg>
<arg>BD</arg>
<arg>BE</arg>
<arg>BF</arg>
<arg>BG</arg>
<arg>BH</arg>
<arg>BI</arg>
<arg>BJ</arg>
<arg>BL</arg>
<arg>BM</arg>
<arg>BN</arg>
<arg>BO</arg>
<arg>BQ</arg>
<arg>BR</arg>
<arg>BS</arg>
<arg>BT</arg>
<arg>BV</arg>
<arg>BW</arg>
<arg>BY</arg>
<arg>BZ</arg>
<arg>CA</arg>
<arg>CC</arg>
<arg>CD</arg>
<arg>CF</arg>
<arg>CG</arg>
<arg>CH</arg>
<arg>CI</arg>
<arg>CK</arg>
<arg>CL</arg>
<arg>CM</arg>
<arg>CN</arg>
<arg>CO</arg>
<arg>CR</arg>
<arg>CU</arg>
<arg>CV</arg>
<arg>CW</arg>
<arg>CX</arg>
<arg>CY</arg>
<arg>CZ</arg>
<arg>DE</arg>
<arg>DJ</arg>
<arg>DK</arg>
<arg>DM</arg>
<arg>DO</arg>
<arg>DZ</arg>
<arg>EC</arg>
<arg>EE</arg>
<arg>EG</arg>
<arg>EH</arg>
<arg>ER</arg>
<arg>ES</arg>
<arg>ET</arg>
<arg>FI</arg>
<arg>FJ</arg>
<arg>FK</arg>
<arg>FM</arg>
<arg>FO</arg>
<arg>FR</arg>
<arg>GA</arg>
<arg>GB</arg>
<arg>GD</arg>
<arg>GE</arg>
<arg>GF</arg>
<arg>GG</arg>
<arg>GH</arg>
<arg>GI</arg>
<arg>GL</arg>
<arg>GM</arg>
<arg>GN</arg>
<arg>GP</arg>
<arg>GQ</arg>
<arg>GR</arg>
<arg>GS</arg>
<arg>GT</arg>
<arg>GU</arg>
<arg>GW</arg>
<arg>GY</arg>
<arg>HK</arg>
<arg>HM</arg>
<arg>HN</arg>
<arg>HR</arg>
<arg>HT</arg>
<arg>HU</arg>
<arg>ID</arg>
<arg>IE</arg>
<arg>IL</arg>
<arg>IM</arg>
<arg>IN</arg>
<arg>IO</arg>
<arg>IQ</arg>
<arg>IR</arg>
<arg>IS</arg>
<arg>IT</arg>
<arg>JE</arg>
<arg>JM</arg>
<arg>JO</arg>
<arg>JP</arg>
<arg>KE</arg>
<arg>KG</arg>
<arg>KH</arg>
<arg>KI</arg>
<arg>KM</arg>
<arg>KN</arg>
<arg>KP</arg>
<arg>KR</arg>
<arg>KW</arg>
<arg>KY</arg>
<arg>KZ</arg>
<arg>LA</arg>
<arg>LB</arg>
<arg>LC</arg>
<arg>LI</arg>
<arg>LK</arg>
<arg>LR</arg>
<arg>LS</arg>
<arg>LT</arg>
<arg>LU</arg>
<arg>LV</arg>
<arg>LY</arg>
<arg>MA</arg>
<arg>MC</arg>
<arg>MD</arg>
<arg>ME</arg>
<arg>MF</arg>
<arg>MG</arg>
<arg>MH</arg>
<arg>MK</arg>
<arg>ML</arg>
<arg>MM</arg>
<arg>MN</arg>
<arg>MO</arg>
<arg>MP</arg>
<arg>MQ</arg>
<arg>MR</arg>
<arg>MS</arg>
<arg>MT</arg>
<arg>MU</arg>
<arg>MV</arg>
<arg>MW</arg>
<arg>MX</arg>
<arg>MY</arg>
<arg>MZ</arg>
<arg>NA</arg>
<arg>NC</arg>
<arg>NE</arg>
<arg>NF</arg>
<arg>NG</arg>
<arg>NI</arg>
<arg>NL</arg>
<arg>NO</arg>
<arg>NP</arg>
<arg>NR</arg>
<arg>NU</arg>
<arg>NZ</arg>
<arg>OM</arg>
<arg>PA</arg>
<arg>PE</arg>
<arg>PF</arg>
<arg>PG</arg>
<arg>PH</arg>
<arg>PK</arg>
<arg>PL</arg>
<arg>PM</arg>
<arg>PN</arg>
<arg>PR</arg>
<arg>PS</arg>
<arg>PT</arg>
<arg>PW</arg>
<arg>PY</arg>
<arg>QA</arg>
<arg>RE</arg>
<arg>RO</arg>
<arg>RS</arg>
<arg>RU</arg>
<arg>RW</arg>
<arg>SA</arg>
<arg>SB</arg>
<arg>SC</arg>
<arg>SD</arg>
<arg>SE</arg>
<arg>SG</arg>
<arg>SH</arg>
<arg>SI</arg>
<arg>SJ</arg>
<arg>SK</arg>
<arg>SL</arg>
<arg>SM</arg>
<arg>SN</arg>
<arg>SO</arg>
<arg>SR</arg>
<arg>SS</arg>
<arg>ST</arg>
<arg>SV</arg>
<arg>SX</arg>
<arg>SY</arg>
<arg>SZ</arg>
<arg>TC</arg>
<arg>TD</arg>
<arg>TF</arg>
<arg>TG</arg>
<arg>TH</arg>
<arg>TJ</arg>
<arg>TK</arg>
<arg>TL</arg>
<arg>TM</arg>
<arg>TN</arg>
<arg>TO</arg>
<arg>TR</arg>
<arg>TT</arg>
<arg>TV</arg>
<arg>TW</arg>
<arg>TZ</arg>
<arg>UA</arg>
<arg>UG</arg>
<arg>UM</arg>
<arg>US</arg>
<arg>UY</arg>
<arg>UZ</arg>
<arg>VA</arg>
<arg>VC</arg>
<arg>VE</arg>
<arg>VG</arg>
<arg>VI</arg>
<arg>VN</arg>
<arg>VU</arg>
<arg>WF</arg>
<arg>WS</arg>
<arg>XK</arg>
<arg>YE</arg>
<arg>YT</arg>
<arg>ZA</arg>
<arg>ZM</arg>
<arg>ZW</arg>
<doc>Returns a list containing given items.</doc>
<status status="PASS" start="2024-06-24T01:07:17.244580" elapsed="0.000629"/>
</kw>
<kw name="List Should Contain Value" owner="Collections">
<arg>${list_country}</arg>
<arg>${name_country}</arg>
<doc>Fails if the ``value`` is not found from ``list``.</doc>
<status status="PASS" start="2024-06-24T01:07:17.246025" elapsed="0.000208"/>
</kw>
<kw name="Run Keyword If" owner="BuiltIn">
<kw name="Should Be True" owner="BuiltIn">
<arg>${True}</arg>
<doc>Fails if the given condition is not true.</doc>
<status status="PASS" start="2024-06-24T01:07:17.247189" elapsed="0.000143"/>
</kw>
<arg>${json_data["results"][0]["location"]["coordinates"]["latitude"]} &gt;= -90 and ${json_data["results"][0]["location"]["coordinates"]["latitude"]} &lt;= 90</arg>
<arg>Should Be True</arg>
<arg>${True}</arg>
<doc>Runs the given keyword with the given arguments, if ``condition`` is true.</doc>
<status status="PASS" start="2024-06-24T01:07:17.246435" elapsed="0.001021"/>
</kw>
<kw name="Run Keyword If" owner="BuiltIn">
<kw name="Should Be True" owner="BuiltIn">
<arg>${True}</arg>
<doc>Fails if the given condition is not true.</doc>
<status status="PASS" start="2024-06-24T01:07:17.248330" elapsed="0.000242"/>
</kw>
<arg>${json_data["results"][0]["location"]["coordinates"]["longitude"]} &gt;= -180 and ${json_data["results"][0]["location"]["coordinates"]["longitude"]} &lt;= 180</arg>
<arg>Should Be True</arg>
<arg>${True}</arg>
<doc>Runs the given keyword with the given arguments, if ``condition`` is true.</doc>
<status status="PASS" start="2024-06-24T01:07:17.247634" elapsed="0.001064"/>
</kw>
<status status="PASS" start="2024-06-24T01:07:17.145983" elapsed="0.102847"/>
</kw>
<doc>Testa o conteúdo específico dos campos retornados pela API.</doc>
<tag>testeConteudo</tag>
<status status="PASS" start="2024-06-24T01:07:17.145318" elapsed="0.103663"/>
</test>
<status status="PASS" start="2024-06-24T01:07:16.348648" elapsed="0.902330"/>
</suite>
<status status="PASS" start="2024-06-24T01:07:16.334354" elapsed="0.921653"/>
</suite>
<statistics>
<total>
<stat pass="5" fail="0" skip="0">All Tests</stat>
</total>
<tag>
<stat pass="1" fail="0" skip="0">testeConteudo</stat>
<stat pass="1" fail="0" skip="0">testeEstruturaResposta</stat>
<stat pass="1" fail="0" skip="0">testeRequisicaoBasica</stat>
<stat pass="1" fail="0" skip="0">testeTiposDados</stat>
</tag>
<suite>
<stat pass="5" fail="0" skip="0" id="s1" name="Tests">Tests</stat>
<stat pass="5" fail="0" skip="0" id="s1-s1" name="Random-User-Test">Tests.Random-User-Test</stat>
</suite>
</statistics>
<errors>
</errors>
</robot>
