<?xml version="1.0" encoding="UTF-8"?>
<robot generator="Robot 7.0 (Python 3.12.2 on linux)" generated="2024-03-22T13:14:38.716912" rpa="false" schemaversion="5">
<suite id="s1" name="Tests" source="/home/runner/work/DesafioQAItauRogerioJordao/DesafioQAItauRogerioJordao/RamdonUser/tests">
<suite id="s1-s1" name="Random-User-Test" source="/home/runner/work/DesafioQAItauRogerioJordao/DesafioQAItauRogerioJordao/RamdonUser/tests/random-user-test.robot">
<test id="s1-s1-t1" name="Conectar" line="13">
<kw name="Conectar API" owner="random-user-service">
<kw name="Create Session" owner="RequestsLibrary">
<msg time="2024-03-22T13:14:39.121997" level="INFO">Creating Session using : alias=consultarAPI, url=https://randomuser.me/, headers={},                     cookies={}, auth=None, timeout=None, proxies=None, verify=False,                     debug=0 </msg>
<arg>consultarAPI</arg>
<arg>${URL}</arg>
<doc>Create Session: create a HTTP session to a server</doc>
<status status="PASS" start="2024-03-22T13:14:39.121771" elapsed="0.000427"/>
</kw>
<status status="PASS" start="2024-03-22T13:14:39.120614" elapsed="0.002075"/>
</kw>
<status status="PASS" start="2024-03-22T13:14:39.120004" elapsed="0.002933"/>
</test>
<test id="s1-s1-t2" name="Validar retorno 200 e JSON Válido" line="16">
<kw name="Teste de Requisicao Basica" owner="random-user-service">
<kw name="GET On Session" owner="RequestsLibrary">
<msg time="2024-03-22T13:14:39.287757" level="INFO">GET Request : url=https://randomuser.me/api 
 path_url=/api 
 headers={'User-Agent': 'python-requests/2.31.0', 'Accept-Encoding': 'gzip, deflate', 'Accept': '*/*', 'Connection': 'keep-alive'} 
 body=None 
 </msg>
<msg time="2024-03-22T13:14:39.287922" level="INFO">GET Response : url=https://randomuser.me/api 
 status=200, reason=OK 
 headers={'Date': 'Fri, 22 Mar 2024 13:14:39 GMT', 'Content-Type': 'application/json; charset=utf-8', 'Transfer-Encoding': 'chunked', 'Connection': 'keep-alive', 'X-Powered-By': 'Express', 'Access-Control-Allow-Origin': '*', 'Cache-Control': 'no-cache', 'ETag': 'W/"47d-3dZdpHwWLoLwOfHt/nIrvF/PF4g"', 'Vary': 'Accept-Encoding', 'Content-Encoding': 'gzip', 'CF-Cache-Status': 'DYNAMIC', 'Report-To': '{"endpoints":[{"url":"https:\\/\\/a.nel.cloudflare.com\\/report\\/v4?s=lwbBMgPf%2Bc6naDU2uT4LuT7tUc1fIACH09fmcWALA5dyML6q2V3diBWdqHM8eejLBx52bzZ7O7Z4pjL0NN7G%2BnwVibIh4QY3l9XzbdZIHzWmlxWI%2Fp8rx5n%2BC8iX%2BwjI"}],"group":"cf-nel","max_age":604800}', 'NEL': '{"success_fraction":0,"report_to":"cf-nel","max_age":604800}', 'Server': 'cloudflare', 'CF-RAY': '8686722afe407d37-LAX', 'alt-svc': 'h3=":443"; ma=86400'} 
 body={"results":[{"gender":"male","name":{"title":"Mr","first":"Lasse","last":"Hogstad"},"location":{"street":{"number":1795,"name":"Olav Kyrres plass"},"city":"Mandal","state":"Hordaland","country":"Norway","postcode":"6751","coordinates":{"latitude":"44.9937","longitude":"-1.7412"},"timezone":{"offset":"+7:00","description":"Bangkok, Hanoi, Jakarta"}},"email":"lasse.hogstad@example.com","login":{"uuid":"85c2a75f-0298-416d-af9c-200db1e835b8","username":"organicrabbit267","password":"zzzzzz1","salt":"djMFfA1k","md5":"c9999acb0c391919a6f785966df151cd","sha1":"3b545590e8766a801931bdbff7f3cc9c9909aaf1","sha256":"9d83da3da79f0b24d771d77e25998734f46c08547e2e219eae1f43aced57f074"},"dob":{"date":"1944-11-21T06:28:56.509Z","age":79},"registered":{"date":"2003-04-04T02:37:58.853Z","age":20},"phone":"71952375","cell":"40267515","id":{"name":"FN","value":"21114448181"},"picture":{"large":"https://randomuser.me/api/portraits/men/85.jpg","medium":"https://randomuser.me/api/portraits/med/men/85.jpg","thumbnail":"https://randomuser.me/api/portraits/thumb/men/85.jpg"},"nat":"NO"}],"info":{"seed":"66b33eb0c31f1033","results":1,"page":1,"version":"1.4"}} 
 </msg>
<msg time="2024-03-22T13:14:39.288029" level="INFO">/opt/hostedtoolcache/Python/3.12.2/x64/lib/python3.12/site-packages/urllib3/connectionpool.py:1103: InsecureRequestWarning: Unverified HTTPS request is being made to host 'randomuser.me'. Adding certificate verification is strongly advised. See: https://urllib3.readthedocs.io/en/latest/advanced-usage.html#tls-warnings
  warnings.warn(</msg>
<msg time="2024-03-22T13:14:39.288192" level="INFO">${response} = &lt;Response [200]&gt;</msg>
<var>${response}</var>
<arg>consultarAPI</arg>
<arg>/api</arg>
<doc>Sends a GET request on a previously created HTTP Session.</doc>
<status status="PASS" start="2024-03-22T13:14:39.125624" elapsed="0.162612"/>
</kw>
<kw name="Should Be Equal As Numbers" owner="BuiltIn">
<msg time="2024-03-22T13:14:39.289263" level="INFO">Argument types are:
&lt;class 'int'&gt;
&lt;class 'str'&gt;</msg>
<arg>${response.status_code}</arg>
<arg>200</arg>
<doc>Fails if objects are unequal after converting them to real numbers.</doc>
<status status="PASS" start="2024-03-22T13:14:39.288791" elapsed="0.000540"/>
</kw>
<kw name="Log" owner="BuiltIn">
<msg time="2024-03-22T13:14:39.290015" level="INFO">200</msg>
<arg>${response.status_code}</arg>
<doc>Logs the given message with the given level.</doc>
<status status="PASS" start="2024-03-22T13:14:39.289655" elapsed="0.000403"/>
</kw>
<kw name="Set Variable" owner="BuiltIn">
<msg time="2024-03-22T13:14:39.290837" level="INFO">${json_data} = {'results': [{'gender': 'male', 'name': {'title': 'Mr', 'first': 'Lasse', 'last': 'Hogstad'}, 'location': {'street': {'number': 1795, 'name': 'Olav Kyrres plass'}, 'city': 'Mandal', 'state': 'Hordalan...</msg>
<var>${json_data}</var>
<arg>${response.json()}</arg>
<doc>Returns the given values which can then be assigned to a variables.</doc>
<status status="PASS" start="2024-03-22T13:14:39.290390" elapsed="0.000475"/>
</kw>
<kw name="Dictionary Should Contain Key" owner="Collections">
<msg time="2024-03-22T13:14:39.291335" level="INFO">False</msg>
<arg>${json_data}</arg>
<arg>results</arg>
<doc>Fails if ``key`` is not found from ``dictionary``.</doc>
<status status="PASS" start="2024-03-22T13:14:39.291165" elapsed="0.000209"/>
</kw>
<status status="PASS" start="2024-03-22T13:14:39.125365" elapsed="0.166269"/>
</kw>
<doc>Testa se a API responde corretamente e retorna um objeto JSON válido.</doc>
<tag>testeRequisicaoBasica</tag>
<status status="PASS" start="2024-03-22T13:14:39.124888" elapsed="0.166977"/>
</test>
<test id="s1-s1-t3" name="Validar estrutura de resposta" line="22">
<kw name="Teste de Estrutura de Resposta" owner="random-user-service">
<kw name="GET On Session" owner="RequestsLibrary">
<msg time="2024-03-22T13:14:39.400473" level="INFO">GET Request : url=https://randomuser.me/api 
 path_url=/api 
 headers={'User-Agent': 'python-requests/2.31.0', 'Accept-Encoding': 'gzip, deflate', 'Accept': '*/*', 'Connection': 'keep-alive'} 
 body=None 
 </msg>
<msg time="2024-03-22T13:14:39.400549" level="INFO">GET Response : url=https://randomuser.me/api 
 status=200, reason=OK 
 headers={'Date': 'Fri, 22 Mar 2024 13:14:39 GMT', 'Content-Type': 'application/json; charset=utf-8', 'Transfer-Encoding': 'chunked', 'Connection': 'keep-alive', 'X-Powered-By': 'Express', 'Access-Control-Allow-Origin': '*', 'Cache-Control': 'no-cache', 'ETag': 'W/"48f-DwmBRNYg2od57nAjqylGnOJiJEE"', 'Vary': 'Accept-Encoding', 'Content-Encoding': 'gzip', 'CF-Cache-Status': 'DYNAMIC', 'Report-To': '{"endpoints":[{"url":"https:\\/\\/a.nel.cloudflare.com\\/report\\/v4?s=0NKJXbbuDB%2BTGavNusT111jWEEA6LkoCOqv3Ti4CEkhV3qucruqrSYTTCihMyJMkD5my%2F1DSd%2B%2FPF8SmxmNG2ziFmflZhb%2FMDguKJ716yfuFyYGgjEQycjmdLCbYmSZS"}],"group":"cf-nel","max_age":604800}', 'NEL': '{"success_fraction":0,"report_to":"cf-nel","max_age":604800}', 'Server': 'cloudflare', 'CF-RAY': '8686722b9ed97d37-LAX', 'alt-svc': 'h3=":443"; ma=86400'} 
 body={"results":[{"gender":"male","name":{"title":"Monsieur","first":"Emilio","last":"Meyer"},"location":{"street":{"number":762,"name":"Rue de la Mairie"},"city":"Rüschegg","state":"Luzern","country":"Switzerland","postcode":5124,"coordinates":{"latitude":"-58.6795","longitude":"-87.8635"},"timezone":{"offset":"-12:00","description":"Eniwetok, Kwajalein"}},"email":"emilio.meyer@example.com","login":{"uuid":"3b01ab71-f5db-4101-873f-6c317de1bf03","username":"brownzebra468","password":"jasmine1","salt":"7t1Tgahd","md5":"e410301b47784e293e7049d5d5f1d4e7","sha1":"1766bce76855a05a2c77787dd368baa85d558ddd","sha256":"5e0a87afe991bfc783c4c7906688c45d4343e5a152f6cd3af75ce9968d03097b"},"dob":{"date":"1989-10-20T22:27:26.437Z","age":34},"registered":{"date":"2006-08-24T10:47:59.717Z","age":17},"phone":"079 917 90 15","cell":"076 049 49 54","id":{"name":"AVS","value":"756.4849.8928.19"},"picture":{"large":"https://randomuser.me/api/portraits/men/11.jpg","medium":"https://randomuser.me/api/portraits/med/men/11.jpg","thumbnail":"https://randomuser.me/api/portraits/thumb/men/11.jpg"},"nat":"CH"}],"info":{"seed":"adcc3da302cce75d","results":1,"page":1,"version":"1.4"}} 
 </msg>
<msg time="2024-03-22T13:14:39.400654" level="INFO">/opt/hostedtoolcache/Python/3.12.2/x64/lib/python3.12/site-packages/urllib3/connectionpool.py:1103: InsecureRequestWarning: Unverified HTTPS request is being made to host 'randomuser.me'. Adding certificate verification is strongly advised. See: https://urllib3.readthedocs.io/en/latest/advanced-usage.html#tls-warnings
  warnings.warn(</msg>
<msg time="2024-03-22T13:14:39.400769" level="INFO">${response} = &lt;Response [200]&gt;</msg>
<var>${response}</var>
<arg>consultarAPI</arg>
<arg>/api</arg>
<doc>Sends a GET request on a previously created HTTP Session.</doc>
<status status="PASS" start="2024-03-22T13:14:39.294635" elapsed="0.106176"/>
</kw>
<kw name="Set Variable" owner="BuiltIn">
<msg time="2024-03-22T13:14:39.401637" level="INFO">${json_data} = {'results': [{'gender': 'male', 'name': {'title': 'Monsieur', 'first': 'Emilio', 'last': 'Meyer'}, 'location': {'street': {'number': 762, 'name': 'Rue de la Mairie'}, 'city': 'Rüschegg', 'state': 'Luz...</msg>
<var>${json_data}</var>
<arg>${response.json()}</arg>
<doc>Returns the given values which can then be assigned to a variables.</doc>
<status status="PASS" start="2024-03-22T13:14:39.401175" elapsed="0.000491"/>
</kw>
<kw name="Log" owner="BuiltIn">
<msg time="2024-03-22T13:14:39.402137" level="INFO">{'results': [{'gender': 'male', 'name': {'title': 'Monsieur', 'first': 'Emilio', 'last': 'Meyer'}, 'location': {'street': {'number': 762, 'name': 'Rue de la Mairie'}, 'city': 'Rüschegg', 'state': 'Luzern', 'country': 'Switzerland', 'postcode': 5124, 'coordinates': {'latitude': '-58.6795', 'longitude': '-87.8635'}, 'timezone': {'offset': '-12:00', 'description': 'Eniwetok, Kwajalein'}}, 'email': 'emilio.meyer@example.com', 'login': {'uuid': '3b01ab71-f5db-4101-873f-6c317de1bf03', 'username': 'brownzebra468', 'password': 'jasmine1', 'salt': '7t1Tgahd', 'md5': 'e410301b47784e293e7049d5d5f1d4e7', 'sha1': '1766bce76855a05a2c77787dd368baa85d558ddd', 'sha256': '5e0a87afe991bfc783c4c7906688c45d4343e5a152f6cd3af75ce9968d03097b'}, 'dob': {'date': '1989-10-20T22:27:26.437Z', 'age': 34}, 'registered': {'date': '2006-08-24T10:47:59.717Z', 'age': 17}, 'phone': '079 917 90 15', 'cell': '076 049 49 54', 'id': {'name': 'AVS', 'value': '756.4849.8928.19'}, 'picture': {'large': 'https://randomuser.me/api/portraits/men/11.jpg', 'medium': 'https://randomuser.me/api/portraits/med/men/11.jpg', 'thumbnail': 'https://randomuser.me/api/portraits/thumb/men/11.jpg'}, 'nat': 'CH'}], 'info': {'seed': 'adcc3da302cce75d', 'results': 1, 'page': 1, 'version': '1.4'}}</msg>
<arg>${json_data}</arg>
<doc>Logs the given message with the given level.</doc>
<status status="PASS" start="2024-03-22T13:14:39.401976" elapsed="0.000210"/>
</kw>
<kw name="Dictionary Should Contain Key" owner="Collections">
<msg time="2024-03-22T13:14:39.402636" level="INFO">False</msg>
<arg>${json_data}</arg>
<arg>results</arg>
<doc>Fails if ``key`` is not found from ``dictionary``.</doc>
<status status="PASS" start="2024-03-22T13:14:39.402482" elapsed="0.000192"/>
</kw>
<kw name="Should Not Be Empty" owner="BuiltIn">
<msg time="2024-03-22T13:14:39.403101" level="INFO">Length is 2.</msg>
<arg>${json_data}</arg>
<doc>Verifies that the given item is not empty.</doc>
<status status="PASS" start="2024-03-22T13:14:39.402967" elapsed="0.000172"/>
</kw>
<kw name="Create List" owner="BuiltIn">
<msg time="2024-03-22T13:14:39.403577" level="INFO">${expected_keys} = ['gender', 'name', 'location', 'email', 'login']</msg>
<var>${expected_keys}</var>
<arg>gender</arg>
<arg>name</arg>
<arg>location</arg>
<arg>email</arg>
<arg>login</arg>
<doc>Returns a list containing given items.</doc>
<status status="PASS" start="2024-03-22T13:14:39.403430" elapsed="0.000172"/>
</kw>
<for flavor="IN">
<iter>
<kw name="Dictionary Should Contain Key" owner="Collections">
<msg time="2024-03-22T13:14:39.404631" level="INFO">False</msg>
<arg>${json_data['results'][0]}</arg>
<arg>${key}</arg>
<doc>Fails if ``key`` is not found from ``dictionary``.</doc>
<status status="PASS" start="2024-03-22T13:14:39.404224" elapsed="0.000446"/>
</kw>
<kw name="Log" owner="BuiltIn">
<msg time="2024-03-22T13:14:39.405349" level="INFO">{'gender': 'male', 'name': {'title': 'Monsieur', 'first': 'Emilio', 'last': 'Meyer'}, 'location': {'street': {'number': 762, 'name': 'Rue de la Mairie'}, 'city': 'Rüschegg', 'state': 'Luzern', 'country': 'Switzerland', 'postcode': 5124, 'coordinates': {'latitude': '-58.6795', 'longitude': '-87.8635'}, 'timezone': {'offset': '-12:00', 'description': 'Eniwetok, Kwajalein'}}, 'email': 'emilio.meyer@example.com', 'login': {'uuid': '3b01ab71-f5db-4101-873f-6c317de1bf03', 'username': 'brownzebra468', 'password': 'jasmine1', 'salt': '7t1Tgahd', 'md5': 'e410301b47784e293e7049d5d5f1d4e7', 'sha1': '1766bce76855a05a2c77787dd368baa85d558ddd', 'sha256': '5e0a87afe991bfc783c4c7906688c45d4343e5a152f6cd3af75ce9968d03097b'}, 'dob': {'date': '1989-10-20T22:27:26.437Z', 'age': 34}, 'registered': {'date': '2006-08-24T10:47:59.717Z', 'age': 17}, 'phone': '079 917 90 15', 'cell': '076 049 49 54', 'id': {'name': 'AVS', 'value': '756.4849.8928.19'}, 'picture': {'large': 'https://randomuser.me/api/portraits/men/11.jpg', 'medium': 'https://randomuser.me/api/portraits/med/men/11.jpg', 'thumbnail': 'https://randomuser.me/api/portraits/thumb/men/11.jpg'}, 'nat': 'CH'}</msg>
<arg>${json_data['results'][0]}</arg>
<doc>Logs the given message with the given level.</doc>
<status status="PASS" start="2024-03-22T13:14:39.404978" elapsed="0.000426"/>
</kw>
<kw name="Log" owner="BuiltIn">
<msg time="2024-03-22T13:14:39.405845" level="INFO">gender</msg>
<arg>${key}</arg>
<doc>Logs the given message with the given level.</doc>
<status status="PASS" start="2024-03-22T13:14:39.405712" elapsed="0.000172"/>
</kw>
<var name="${key}">gender</var>
<status status="PASS" start="2024-03-22T13:14:39.404093" elapsed="0.002013"/>
</iter>
<iter>
<kw name="Dictionary Should Contain Key" owner="Collections">
<msg time="2024-03-22T13:14:39.406794" level="INFO">False</msg>
<arg>${json_data['results'][0]}</arg>
<arg>${key}</arg>
<doc>Fails if ``key`` is not found from ``dictionary``.</doc>
<status status="PASS" start="2024-03-22T13:14:39.406410" elapsed="0.000421"/>
</kw>
<kw name="Log" owner="BuiltIn">
<msg time="2024-03-22T13:14:39.407523" level="INFO">{'gender': 'male', 'name': {'title': 'Monsieur', 'first': 'Emilio', 'last': 'Meyer'}, 'location': {'street': {'number': 762, 'name': 'Rue de la Mairie'}, 'city': 'Rüschegg', 'state': 'Luzern', 'country': 'Switzerland', 'postcode': 5124, 'coordinates': {'latitude': '-58.6795', 'longitude': '-87.8635'}, 'timezone': {'offset': '-12:00', 'description': 'Eniwetok, Kwajalein'}}, 'email': 'emilio.meyer@example.com', 'login': {'uuid': '3b01ab71-f5db-4101-873f-6c317de1bf03', 'username': 'brownzebra468', 'password': 'jasmine1', 'salt': '7t1Tgahd', 'md5': 'e410301b47784e293e7049d5d5f1d4e7', 'sha1': '1766bce76855a05a2c77787dd368baa85d558ddd', 'sha256': '5e0a87afe991bfc783c4c7906688c45d4343e5a152f6cd3af75ce9968d03097b'}, 'dob': {'date': '1989-10-20T22:27:26.437Z', 'age': 34}, 'registered': {'date': '2006-08-24T10:47:59.717Z', 'age': 17}, 'phone': '079 917 90 15', 'cell': '076 049 49 54', 'id': {'name': 'AVS', 'value': '756.4849.8928.19'}, 'picture': {'large': 'https://randomuser.me/api/portraits/men/11.jpg', 'medium': 'https://randomuser.me/api/portraits/med/men/11.jpg', 'thumbnail': 'https://randomuser.me/api/portraits/thumb/men/11.jpg'}, 'nat': 'CH'}</msg>
<arg>${json_data['results'][0]}</arg>
<doc>Logs the given message with the given level.</doc>
<status status="PASS" start="2024-03-22T13:14:39.407160" elapsed="0.000413"/>
</kw>
<kw name="Log" owner="BuiltIn">
<msg time="2024-03-22T13:14:39.408034" level="INFO">name</msg>
<arg>${key}</arg>
<doc>Logs the given message with the given level.</doc>
<status status="PASS" start="2024-03-22T13:14:39.407893" elapsed="0.000179"/>
</kw>
<var name="${key}">name</var>
<status status="PASS" start="2024-03-22T13:14:39.406296" elapsed="0.001994"/>
</iter>
<iter>
<kw name="Dictionary Should Contain Key" owner="Collections">
<msg time="2024-03-22T13:14:39.408967" level="INFO">False</msg>
<arg>${json_data['results'][0]}</arg>
<arg>${key}</arg>
<doc>Fails if ``key`` is not found from ``dictionary``.</doc>
<status status="PASS" start="2024-03-22T13:14:39.408590" elapsed="0.000414"/>
</kw>
<kw name="Log" owner="BuiltIn">
<msg time="2024-03-22T13:14:39.409676" level="INFO">{'gender': 'male', 'name': {'title': 'Monsieur', 'first': 'Emilio', 'last': 'Meyer'}, 'location': {'street': {'number': 762, 'name': 'Rue de la Mairie'}, 'city': 'Rüschegg', 'state': 'Luzern', 'country': 'Switzerland', 'postcode': 5124, 'coordinates': {'latitude': '-58.6795', 'longitude': '-87.8635'}, 'timezone': {'offset': '-12:00', 'description': 'Eniwetok, Kwajalein'}}, 'email': 'emilio.meyer@example.com', 'login': {'uuid': '3b01ab71-f5db-4101-873f-6c317de1bf03', 'username': 'brownzebra468', 'password': 'jasmine1', 'salt': '7t1Tgahd', 'md5': 'e410301b47784e293e7049d5d5f1d4e7', 'sha1': '1766bce76855a05a2c77787dd368baa85d558ddd', 'sha256': '5e0a87afe991bfc783c4c7906688c45d4343e5a152f6cd3af75ce9968d03097b'}, 'dob': {'date': '1989-10-20T22:27:26.437Z', 'age': 34}, 'registered': {'date': '2006-08-24T10:47:59.717Z', 'age': 17}, 'phone': '079 917 90 15', 'cell': '076 049 49 54', 'id': {'name': 'AVS', 'value': '756.4849.8928.19'}, 'picture': {'large': 'https://randomuser.me/api/portraits/men/11.jpg', 'medium': 'https://randomuser.me/api/portraits/med/men/11.jpg', 'thumbnail': 'https://randomuser.me/api/portraits/thumb/men/11.jpg'}, 'nat': 'CH'}</msg>
<arg>${json_data['results'][0]}</arg>
<doc>Logs the given message with the given level.</doc>
<status status="PASS" start="2024-03-22T13:14:39.409306" elapsed="0.000423"/>
</kw>
<kw name="Log" owner="BuiltIn">
<msg time="2024-03-22T13:14:39.410154" level="INFO">location</msg>
<arg>${key}</arg>
<doc>Logs the given message with the given level.</doc>
<status status="PASS" start="2024-03-22T13:14:39.410026" elapsed="0.000166"/>
</kw>
<var name="${key}">location</var>
<status status="PASS" start="2024-03-22T13:14:39.408476" elapsed="0.001936"/>
</iter>
<iter>
<kw name="Dictionary Should Contain Key" owner="Collections">
<msg time="2024-03-22T13:14:39.411084" level="INFO">False</msg>
<arg>${json_data['results'][0]}</arg>
<arg>${key}</arg>
<doc>Fails if ``key`` is not found from ``dictionary``.</doc>
<status status="PASS" start="2024-03-22T13:14:39.410699" elapsed="0.000422"/>
</kw>
<kw name="Log" owner="BuiltIn">
<msg time="2024-03-22T13:14:39.411804" level="INFO">{'gender': 'male', 'name': {'title': 'Monsieur', 'first': 'Emilio', 'last': 'Meyer'}, 'location': {'street': {'number': 762, 'name': 'Rue de la Mairie'}, 'city': 'Rüschegg', 'state': 'Luzern', 'country': 'Switzerland', 'postcode': 5124, 'coordinates': {'latitude': '-58.6795', 'longitude': '-87.8635'}, 'timezone': {'offset': '-12:00', 'description': 'Eniwetok, Kwajalein'}}, 'email': 'emilio.meyer@example.com', 'login': {'uuid': '3b01ab71-f5db-4101-873f-6c317de1bf03', 'username': 'brownzebra468', 'password': 'jasmine1', 'salt': '7t1Tgahd', 'md5': 'e410301b47784e293e7049d5d5f1d4e7', 'sha1': '1766bce76855a05a2c77787dd368baa85d558ddd', 'sha256': '5e0a87afe991bfc783c4c7906688c45d4343e5a152f6cd3af75ce9968d03097b'}, 'dob': {'date': '1989-10-20T22:27:26.437Z', 'age': 34}, 'registered': {'date': '2006-08-24T10:47:59.717Z', 'age': 17}, 'phone': '079 917 90 15', 'cell': '076 049 49 54', 'id': {'name': 'AVS', 'value': '756.4849.8928.19'}, 'picture': {'large': 'https://randomuser.me/api/portraits/men/11.jpg', 'medium': 'https://randomuser.me/api/portraits/med/men/11.jpg', 'thumbnail': 'https://randomuser.me/api/portraits/thumb/men/11.jpg'}, 'nat': 'CH'}</msg>
<arg>${json_data['results'][0]}</arg>
<doc>Logs the given message with the given level.</doc>
<status status="PASS" start="2024-03-22T13:14:39.411420" elapsed="0.000442"/>
</kw>
<kw name="Log" owner="BuiltIn">
<msg time="2024-03-22T13:14:39.412289" level="INFO">email</msg>
<arg>${key}</arg>
<doc>Logs the given message with the given level.</doc>
<status status="PASS" start="2024-03-22T13:14:39.412161" elapsed="0.000166"/>
</kw>
<var name="${key}">email</var>
<status status="PASS" start="2024-03-22T13:14:39.410587" elapsed="0.001956"/>
</iter>
<iter>
<kw name="Dictionary Should Contain Key" owner="Collections">
<msg time="2024-03-22T13:14:39.413227" level="INFO">False</msg>
<arg>${json_data['results'][0]}</arg>
<arg>${key}</arg>
<doc>Fails if ``key`` is not found from ``dictionary``.</doc>
<status status="PASS" start="2024-03-22T13:14:39.412841" elapsed="0.000423"/>
</kw>
<kw name="Log" owner="BuiltIn">
<msg time="2024-03-22T13:14:39.413923" level="INFO">{'gender': 'male', 'name': {'title': 'Monsieur', 'first': 'Emilio', 'last': 'Meyer'}, 'location': {'street': {'number': 762, 'name': 'Rue de la Mairie'}, 'city': 'Rüschegg', 'state': 'Luzern', 'country': 'Switzerland', 'postcode': 5124, 'coordinates': {'latitude': '-58.6795', 'longitude': '-87.8635'}, 'timezone': {'offset': '-12:00', 'description': 'Eniwetok, Kwajalein'}}, 'email': 'emilio.meyer@example.com', 'login': {'uuid': '3b01ab71-f5db-4101-873f-6c317de1bf03', 'username': 'brownzebra468', 'password': 'jasmine1', 'salt': '7t1Tgahd', 'md5': 'e410301b47784e293e7049d5d5f1d4e7', 'sha1': '1766bce76855a05a2c77787dd368baa85d558ddd', 'sha256': '5e0a87afe991bfc783c4c7906688c45d4343e5a152f6cd3af75ce9968d03097b'}, 'dob': {'date': '1989-10-20T22:27:26.437Z', 'age': 34}, 'registered': {'date': '2006-08-24T10:47:59.717Z', 'age': 17}, 'phone': '079 917 90 15', 'cell': '076 049 49 54', 'id': {'name': 'AVS', 'value': '756.4849.8928.19'}, 'picture': {'large': 'https://randomuser.me/api/portraits/men/11.jpg', 'medium': 'https://randomuser.me/api/portraits/med/men/11.jpg', 'thumbnail': 'https://randomuser.me/api/portraits/thumb/men/11.jpg'}, 'nat': 'CH'}</msg>
<arg>${json_data['results'][0]}</arg>
<doc>Logs the given message with the given level.</doc>
<status status="PASS" start="2024-03-22T13:14:39.413558" elapsed="0.000414"/>
</kw>
<kw name="Log" owner="BuiltIn">
<msg time="2024-03-22T13:14:39.414409" level="INFO">login</msg>
<arg>${key}</arg>
<doc>Logs the given message with the given level.</doc>
<status status="PASS" start="2024-03-22T13:14:39.414270" elapsed="0.000280"/>
</kw>
<var name="${key}">login</var>
<status status="PASS" start="2024-03-22T13:14:39.412718" elapsed="0.002087"/>
</iter>
<var>${key}</var>
<value>@{expected_keys}</value>
<status status="PASS" start="2024-03-22T13:14:39.403905" elapsed="0.011029"/>
</for>
<kw name="Create List" owner="BuiltIn">
<msg time="2024-03-22T13:14:39.415269" level="INFO">${expected_keysTwo} = ['username', 'password']</msg>
<var>${expected_keysTwo}</var>
<arg>username</arg>
<arg>password</arg>
<doc>Returns a list containing given items.</doc>
<status status="PASS" start="2024-03-22T13:14:39.415130" elapsed="0.000163"/>
</kw>
<for flavor="IN">
<iter>
<kw name="Dictionary Should Contain Key" owner="Collections">
<msg time="2024-03-22T13:14:39.416214" level="INFO">False</msg>
<arg>${json_data['results'][0]['login']}</arg>
<arg>${keyTwo}</arg>
<doc>Fails if ``key`` is not found from ``dictionary``.</doc>
<status status="PASS" start="2024-03-22T13:14:39.415828" elapsed="0.000423"/>
</kw>
<kw name="Dictionary Should Contain Key" owner="Collections">
<msg time="2024-03-22T13:14:39.416930" level="INFO">False</msg>
<arg>${json_data['results'][0]['login']}</arg>
<arg>${keyTwo}</arg>
<doc>Fails if ``key`` is not found from ``dictionary``.</doc>
<status status="PASS" start="2024-03-22T13:14:39.416549" elapsed="0.000418"/>
</kw>
<kw name="Log" owner="BuiltIn">
<msg time="2024-03-22T13:14:39.417389" level="INFO">username</msg>
<arg>${keyTwo}</arg>
<doc>Logs the given message with the given level.</doc>
<status status="PASS" start="2024-03-22T13:14:39.417261" elapsed="0.000166"/>
</kw>
<var name="${keyTwo}">username</var>
<status status="PASS" start="2024-03-22T13:14:39.415686" elapsed="0.001959"/>
</iter>
<iter>
<kw name="Dictionary Should Contain Key" owner="Collections">
<msg time="2024-03-22T13:14:39.418300" level="INFO">False</msg>
<arg>${json_data['results'][0]['login']}</arg>
<arg>${keyTwo}</arg>
<doc>Fails if ``key`` is not found from ``dictionary``.</doc>
<status status="PASS" start="2024-03-22T13:14:39.417927" elapsed="0.000410"/>
</kw>
<kw name="Dictionary Should Contain Key" owner="Collections">
<msg time="2024-03-22T13:14:39.419021" level="INFO">False</msg>
<arg>${json_data['results'][0]['login']}</arg>
<arg>${keyTwo}</arg>
<doc>Fails if ``key`` is not found from ``dictionary``.</doc>
<status status="PASS" start="2024-03-22T13:14:39.418635" elapsed="0.000423"/>
</kw>
<kw name="Log" owner="BuiltIn">
<msg time="2024-03-22T13:14:39.419476" level="INFO">password</msg>
<arg>${keyTwo}</arg>
<doc>Logs the given message with the given level.</doc>
<status status="PASS" start="2024-03-22T13:14:39.419348" elapsed="0.000165"/>
</kw>
<var name="${keyTwo}">password</var>
<status status="PASS" start="2024-03-22T13:14:39.417817" elapsed="0.001932"/>
</iter>
<var>${keyTwo}</var>
<value>@{expected_keysTwo}</value>
<status status="PASS" start="2024-03-22T13:14:39.415533" elapsed="0.004342"/>
</for>
<status status="PASS" start="2024-03-22T13:14:39.294397" elapsed="0.125629"/>
</kw>
<doc>Testa a estrutura da resposta da API.</doc>
<tag>testeEstruturaResposta</tag>
<status status="PASS" start="2024-03-22T13:14:39.293721" elapsed="0.126464"/>
</test>
<test id="s1-s1-t4" name="Validar tipos de dados" line="28">
<kw name="Teste de Tipos de Dados" owner="random-user-service">
<kw name="GET On Session" owner="RequestsLibrary">
<msg time="2024-03-22T13:14:39.524735" level="INFO">GET Request : url=https://randomuser.me/api 
 path_url=/api 
 headers={'User-Agent': 'python-requests/2.31.0', 'Accept-Encoding': 'gzip, deflate', 'Accept': '*/*', 'Connection': 'keep-alive'} 
 body=None 
 </msg>
<msg time="2024-03-22T13:14:39.524839" level="INFO">GET Response : url=https://randomuser.me/api 
 status=200, reason=OK 
 headers={'Date': 'Fri, 22 Mar 2024 13:14:39 GMT', 'Content-Type': 'application/json; charset=utf-8', 'Transfer-Encoding': 'chunked', 'Connection': 'keep-alive', 'X-Powered-By': 'Express', 'Access-Control-Allow-Origin': '*', 'Cache-Control': 'no-cache', 'ETag': 'W/"485-cXqd8nf6QW6nbQvvvsnUMPsUdnc"', 'Vary': 'Accept-Encoding', 'Content-Encoding': 'gzip', 'CF-Cache-Status': 'DYNAMIC', 'Report-To': '{"endpoints":[{"url":"https:\\/\\/a.nel.cloudflare.com\\/report\\/v4?s=0TO%2B7MPql6XoLDFMW%2F4JOTPHyJ1ASgDTXkc2XicAMzsFCttyDNBPE09RAXTtHVRPP8MAzSHM9twyOi3Ff%2BD2KvgP9dkFICrm%2BKy31v9DanC0NB04C6lZZES%2BD9EilJMs"}],"group":"cf-nel","max_age":604800}', 'NEL': '{"success_fraction":0,"report_to":"cf-nel","max_age":604800}', 'Server': 'cloudflare', 'CF-RAY': '8686722c6f6e7d37-LAX', 'alt-svc': 'h3=":443"; ma=86400'} 
 body={"results":[{"gender":"female","name":{"title":"Mrs","first":"Eva","last":"Roussel"},"location":{"street":{"number":164,"name":"Rue Bataille"},"city":"Lyon","state":"Hautes-Pyrénées","country":"France","postcode":66833,"coordinates":{"latitude":"-20.5656","longitude":"153.8716"},"timezone":{"offset":"-9:00","description":"Alaska"}},"email":"eva.roussel@example.com","login":{"uuid":"5e710677-a595-46ec-8c53-c6a2dbcc66e3","username":"bluepeacock482","password":"fishing1","salt":"vLwz7YcU","md5":"f4d9b10934f72b016434ef6687bd78e0","sha1":"1e98800f19d7e745ebbcb50876ca282ea8a57ffd","sha256":"3d736d93ac555850a7b07ade1f294cb7f3c92ed6926c5f2e30faca560d4daace"},"dob":{"date":"1982-02-22T08:31:17.512Z","age":42},"registered":{"date":"2004-12-31T06:56:55.606Z","age":19},"phone":"04-77-34-82-66","cell":"06-63-93-31-35","id":{"name":"INSEE","value":"2820100706431 89"},"picture":{"large":"https://randomuser.me/api/portraits/women/80.jpg","medium":"https://randomuser.me/api/portraits/med/women/80.jpg","thumbnail":"https://randomuser.me/api/portraits/thumb/women/80.jpg"},"nat":"FR"}],"info":{"seed":"2a190ea34e66b7a7","results":1,"page":1,"version":"1.4"}} 
 </msg>
<msg time="2024-03-22T13:14:39.524912" level="INFO">/opt/hostedtoolcache/Python/3.12.2/x64/lib/python3.12/site-packages/urllib3/connectionpool.py:1103: InsecureRequestWarning: Unverified HTTPS request is being made to host 'randomuser.me'. Adding certificate verification is strongly advised. See: https://urllib3.readthedocs.io/en/latest/advanced-usage.html#tls-warnings
  warnings.warn(</msg>
<msg time="2024-03-22T13:14:39.525073" level="INFO">${response} = &lt;Response [200]&gt;</msg>
<var>${response}</var>
<arg>consultarAPI</arg>
<arg>/api</arg>
<doc>Sends a GET request on a previously created HTTP Session.</doc>
<status status="PASS" start="2024-03-22T13:14:39.422629" elapsed="0.102495"/>
</kw>
<kw name="Set Variable" owner="BuiltIn">
<msg time="2024-03-22T13:14:39.526265" level="INFO">${json_data} = {'results': [{'gender': 'female', 'name': {'title': 'Mrs', 'first': 'Eva', 'last': 'Roussel'}, 'location': {'street': {'number': 164, 'name': 'Rue Bataille'}, 'city': 'Lyon', 'state': 'Hautes-Pyrénées...</msg>
<var>${json_data}</var>
<arg>${response.json()}</arg>
<doc>Returns the given values which can then be assigned to a variables.</doc>
<status status="PASS" start="2024-03-22T13:14:39.525683" elapsed="0.000613"/>
</kw>
<kw name="Log" owner="BuiltIn">
<msg time="2024-03-22T13:14:39.526798" level="INFO">{'results': [{'gender': 'female', 'name': {'title': 'Mrs', 'first': 'Eva', 'last': 'Roussel'}, 'location': {'street': {'number': 164, 'name': 'Rue Bataille'}, 'city': 'Lyon', 'state': 'Hautes-Pyrénées', 'country': 'France', 'postcode': 66833, 'coordinates': {'latitude': '-20.5656', 'longitude': '153.8716'}, 'timezone': {'offset': '-9:00', 'description': 'Alaska'}}, 'email': 'eva.roussel@example.com', 'login': {'uuid': '5e710677-a595-46ec-8c53-c6a2dbcc66e3', 'username': 'bluepeacock482', 'password': 'fishing1', 'salt': 'vLwz7YcU', 'md5': 'f4d9b10934f72b016434ef6687bd78e0', 'sha1': '1e98800f19d7e745ebbcb50876ca282ea8a57ffd', 'sha256': '3d736d93ac555850a7b07ade1f294cb7f3c92ed6926c5f2e30faca560d4daace'}, 'dob': {'date': '1982-02-22T08:31:17.512Z', 'age': 42}, 'registered': {'date': '2004-12-31T06:56:55.606Z', 'age': 19}, 'phone': '04-77-34-82-66', 'cell': '06-63-93-31-35', 'id': {'name': 'INSEE', 'value': '2820100706431 89'}, 'picture': {'large': 'https://randomuser.me/api/portraits/women/80.jpg', 'medium': 'https://randomuser.me/api/portraits/med/women/80.jpg', 'thumbnail': 'https://randomuser.me/api/portraits/thumb/women/80.jpg'}, 'nat': 'FR'}], 'info': {'seed': '2a190ea34e66b7a7', 'results': 1, 'page': 1, 'version': '1.4'}}</msg>
<arg>${json_data}</arg>
<doc>Logs the given message with the given level.</doc>
<status status="PASS" start="2024-03-22T13:14:39.526630" elapsed="0.000260"/>
</kw>
<kw name="Should Be String" owner="String">
<arg>${json_data['results'][0]['gender']}</arg>
<doc>Fails if the given ``item`` is not a string.</doc>
<status status="PASS" start="2024-03-22T13:14:39.527209" elapsed="0.000387"/>
</kw>
<kw name="Should Match Regexp" owner="BuiltIn">
<arg>${json_data['results'][0]['email']}</arg>
<arg>^[a-zA-Z0-9._%+-]+@[a-zA-Z0-9.-]+\.[a-zA-Z]{2,}$</arg>
<doc>Fails if ``string`` does not match ``pattern`` as a regular expression.</doc>
<status status="PASS" start="2024-03-22T13:14:39.527853" elapsed="0.000535"/>
</kw>
<kw name="Should Match Regexp" owner="BuiltIn">
<arg>${json_data['results'][0]['dob']['date']}</arg>
<arg>\\d{4}-\\d{2}-\\d{2}T\\d{2}:\\d{2}:\\d{2}\\.\\d{3}Z</arg>
<doc>Fails if ``string`` does not match ``pattern`` as a regular expression.</doc>
<status status="PASS" start="2024-03-22T13:14:39.528591" elapsed="0.000529"/>
</kw>
<kw name="Should Match Regexp" owner="BuiltIn">
<arg>${json_data['results'][0]['registered']['date']}</arg>
<arg>\\d{4}-\\d{2}-\\d{2}T\\d{2}:\\d{2}:\\d{2}\\.\\d{3}Z</arg>
<doc>Fails if ``string`` does not match ``pattern`` as a regular expression.</doc>
<status status="PASS" start="2024-03-22T13:14:39.529324" elapsed="0.000410"/>
</kw>
<kw name="Should Match Regexp" owner="BuiltIn">
<arg>${json_data['results'][0]['picture']['large']}</arg>
<arg>^https?://.*\.(?:png|jpe?g|gif|bmp)$</arg>
<doc>Fails if ``string`` does not match ``pattern`` as a regular expression.</doc>
<status status="PASS" start="2024-03-22T13:14:39.529954" elapsed="0.000476"/>
</kw>
<kw name="Should Match Regexp" owner="BuiltIn">
<arg>${json_data['results'][0]['picture']['medium']}</arg>
<arg>^https?://.*\.(?:png|jpe?g|gif|bmp)$</arg>
<doc>Fails if ``string`` does not match ``pattern`` as a regular expression.</doc>
<status status="PASS" start="2024-03-22T13:14:39.530627" elapsed="0.000366"/>
</kw>
<kw name="Should Match Regexp" owner="BuiltIn">
<arg>${json_data['results'][0]['picture']['thumbnail']}</arg>
<arg>^https?://.*\.(?:png|jpe?g|gif|bmp)$</arg>
<doc>Fails if ``string`` does not match ``pattern`` as a regular expression.</doc>
<status status="PASS" start="2024-03-22T13:14:39.531184" elapsed="0.000362"/>
</kw>
<kw name="Log" owner="BuiltIn">
<msg time="2024-03-22T13:14:39.532135" level="INFO">{'large': 'https://randomuser.me/api/portraits/women/80.jpg', 'medium': 'https://randomuser.me/api/portraits/med/women/80.jpg', 'thumbnail': 'https://randomuser.me/api/portraits/thumb/women/80.jpg'}</msg>
<arg>${json_data['results'][0]['picture']}</arg>
<doc>Logs the given message with the given level.</doc>
<status status="PASS" start="2024-03-22T13:14:39.531762" elapsed="0.000422"/>
</kw>
<status status="PASS" start="2024-03-22T13:14:39.422395" elapsed="0.110057"/>
</kw>
<kw name="Teste de Tipos de Dados - Postcode" owner="random-user-service">
<kw name="GET On Session" owner="RequestsLibrary">
<msg time="2024-03-22T13:14:39.627046" level="INFO">GET Request : url=https://randomuser.me/api 
 path_url=/api 
 headers={'User-Agent': 'python-requests/2.31.0', 'Accept-Encoding': 'gzip, deflate', 'Accept': '*/*', 'Connection': 'keep-alive'} 
 body=None 
 </msg>
<msg time="2024-03-22T13:14:39.627147" level="INFO">GET Response : url=https://randomuser.me/api 
 status=200, reason=OK 
 headers={'Date': 'Fri, 22 Mar 2024 13:14:39 GMT', 'Content-Type': 'application/json; charset=utf-8', 'Transfer-Encoding': 'chunked', 'Connection': 'keep-alive', 'X-Powered-By': 'Express', 'Access-Control-Allow-Origin': '*', 'Cache-Control': 'no-cache', 'ETag': 'W/"497-CyN8yddMFXE5gGVTFBHNiZLVlGo"', 'Vary': 'Accept-Encoding', 'Content-Encoding': 'gzip', 'CF-Cache-Status': 'DYNAMIC', 'Report-To': '{"endpoints":[{"url":"https:\\/\\/a.nel.cloudflare.com\\/report\\/v4?s=EJpNc54%2FimoA4aIFS%2FRko%2FDNeOBXDruk9DxQ%2BMmm%2Bk%2Bvc3bN5XsPizbuFz0qCMA2S3bRH3AK2yuXnNPAvBvT1Ybm%2Frp7OAwh377LWASjh6QRSyAuSmnI9tPQ5CK26HQM"}],"group":"cf-nel","max_age":604800}', 'NEL': '{"success_fraction":0,"report_to":"cf-nel","max_age":604800}', 'Server': 'cloudflare', 'CF-RAY': '8686722d18107d37-LAX', 'alt-svc': 'h3=":443"; ma=86400'} 
 body={"results":[{"gender":"female","name":{"title":"Mrs","first":"Andrea","last":"Cvetković"},"location":{"street":{"number":8438,"name":"Gavre Plavšića"},"city":"Beočin","state":"Bor","country":"Serbia","postcode":21131,"coordinates":{"latitude":"58.6973","longitude":"52.6737"},"timezone":{"offset":"+9:00","description":"Tokyo, Seoul, Osaka, Sapporo, Yakutsk"}},"email":"andrea.cvetkovic@example.com","login":{"uuid":"017ed410-1d8f-48d0-bfd7-879cd62383d2","username":"lazyleopard495","password":"static","salt":"1F9HZaC7","md5":"4fb15fbd83aebbdefe37ec1ebfa674c3","sha1":"259280a5af6fb9f394530ca8efaaefd35b9acbf6","sha256":"19999f990711c6006103f05e717ad8d1abe30a7ef5502c3f1d3464f252cb9c92"},"dob":{"date":"1978-06-07T08:03:16.007Z","age":45},"registered":{"date":"2017-09-27T04:06:59.781Z","age":6},"phone":"021-2518-170","cell":"063-5072-442","id":{"name":"SID","value":"176293024"},"picture":{"large":"https://randomuser.me/api/portraits/women/79.jpg","medium":"https://randomuser.me/api/portraits/med/women/79.jpg","thumbnail":"https://randomuser.me/api/portraits/thumb/women/79.jpg"},"nat":"RS"}],"info":{"seed":"6c71dca03db9af6f","results":1,"page":1,"version":"1.4"}} 
 </msg>
<msg time="2024-03-22T13:14:39.627243" level="INFO">/opt/hostedtoolcache/Python/3.12.2/x64/lib/python3.12/site-packages/urllib3/connectionpool.py:1103: InsecureRequestWarning: Unverified HTTPS request is being made to host 'randomuser.me'. Adding certificate verification is strongly advised. See: https://urllib3.readthedocs.io/en/latest/advanced-usage.html#tls-warnings
  warnings.warn(</msg>
<msg time="2024-03-22T13:14:39.627384" level="INFO">${response} = &lt;Response [200]&gt;</msg>
<var>${response}</var>
<arg>consultarAPI</arg>
<arg>/api</arg>
<doc>Sends a GET request on a previously created HTTP Session.</doc>
<status status="PASS" start="2024-03-22T13:14:39.533120" elapsed="0.094303"/>
</kw>
<kw name="Set Variable" owner="BuiltIn">
<msg time="2024-03-22T13:14:39.628516" level="INFO">${json_data} = {'results': [{'gender': 'female', 'name': {'title': 'Mrs', 'first': 'Andrea', 'last': 'Cvetković'}, 'location': {'street': {'number': 8438, 'name': 'Gavre Plavšića'}, 'city': 'Beočin', 'state': 'Bor',...</msg>
<var>${json_data}</var>
<arg>${response.json()}</arg>
<doc>Returns the given values which can then be assigned to a variables.</doc>
<status status="PASS" start="2024-03-22T13:14:39.627986" elapsed="0.000561"/>
</kw>
<kw name="Log" owner="BuiltIn">
<msg time="2024-03-22T13:14:39.629027" level="INFO">{'results': [{'gender': 'female', 'name': {'title': 'Mrs', 'first': 'Andrea', 'last': 'Cvetković'}, 'location': {'street': {'number': 8438, 'name': 'Gavre Plavšića'}, 'city': 'Beočin', 'state': 'Bor', 'country': 'Serbia', 'postcode': 21131, 'coordinates': {'latitude': '58.6973', 'longitude': '52.6737'}, 'timezone': {'offset': '+9:00', 'description': 'Tokyo, Seoul, Osaka, Sapporo, Yakutsk'}}, 'email': 'andrea.cvetkovic@example.com', 'login': {'uuid': '017ed410-1d8f-48d0-bfd7-879cd62383d2', 'username': 'lazyleopard495', 'password': 'static', 'salt': '1F9HZaC7', 'md5': '4fb15fbd83aebbdefe37ec1ebfa674c3', 'sha1': '259280a5af6fb9f394530ca8efaaefd35b9acbf6', 'sha256': '19999f990711c6006103f05e717ad8d1abe30a7ef5502c3f1d3464f252cb9c92'}, 'dob': {'date': '1978-06-07T08:03:16.007Z', 'age': 45}, 'registered': {'date': '2017-09-27T04:06:59.781Z', 'age': 6}, 'phone': '021-2518-170', 'cell': '063-5072-442', 'id': {'name': 'SID', 'value': '176293024'}, 'picture': {'large': 'https://randomuser.me/api/portraits/women/79.jpg', 'medium': 'https://randomuser.me/api/portraits/med/women/79.jpg', 'thumbnail': 'https://randomuser.me/api/portraits/thumb/women/79.jpg'}, 'nat': 'RS'}], 'info': {'seed': '6c71dca03db9af6f', 'results': 1, 'page': 1, 'version': '1.4'}}</msg>
<arg>${json_data}</arg>
<doc>Logs the given message with the given level.</doc>
<status status="PASS" start="2024-03-22T13:14:39.628864" elapsed="0.000251"/>
</kw>
<kw name="Should Be Equal As Numbers" owner="BuiltIn">
<arg>${json_data['results'][0]['location']['postcode']}</arg>
<arg>${json_data['results'][0]['location']['postcode']}</arg>
<doc>Fails if objects are unequal after converting them to real numbers.</doc>
<status status="PASS" start="2024-03-22T13:14:39.629425" elapsed="0.000639"/>
</kw>
<kw name="Log" owner="BuiltIn">
<msg time="2024-03-22T13:14:39.630597" level="INFO">21131</msg>
<arg>${json_data['results'][0]['location']['postcode']}</arg>
<doc>Logs the given message with the given level.</doc>
<status status="PASS" start="2024-03-22T13:14:39.630257" elapsed="0.000380"/>
</kw>
<status status="PASS" start="2024-03-22T13:14:39.532703" elapsed="0.098194"/>
</kw>
<doc>Testa se os tipos de dados na resposta da API estão corretos.</doc>
<tag>testeTiposDados</tag>
<status status="PASS" start="2024-03-22T13:14:39.421941" elapsed="0.209131"/>
</test>
<test id="s1-s1-t5" name="Validar conteudo" line="35">
<kw name="Teste de Tipos de Conteudo" owner="random-user-service">
<kw name="GET On Session" owner="RequestsLibrary">
<msg time="2024-03-22T13:14:39.730910" level="INFO">GET Request : url=https://randomuser.me/api 
 path_url=/api 
 headers={'User-Agent': 'python-requests/2.31.0', 'Accept-Encoding': 'gzip, deflate', 'Accept': '*/*', 'Connection': 'keep-alive'} 
 body=None 
 </msg>
<msg time="2024-03-22T13:14:39.731004" level="INFO">GET Response : url=https://randomuser.me/api 
 status=200, reason=OK 
 headers={'Date': 'Fri, 22 Mar 2024 13:14:39 GMT', 'Content-Type': 'application/json; charset=utf-8', 'Transfer-Encoding': 'chunked', 'Connection': 'keep-alive', 'X-Powered-By': 'Express', 'Access-Control-Allow-Origin': '*', 'Cache-Control': 'no-cache', 'ETag': 'W/"49a-vwn79w+Ws9K54De7fYu8dms6mtc"', 'Vary': 'Accept-Encoding', 'Content-Encoding': 'gzip', 'CF-Cache-Status': 'DYNAMIC', 'Report-To': '{"endpoints":[{"url":"https:\\/\\/a.nel.cloudflare.com\\/report\\/v4?s=DKDH5pW%2B29LozdUnE9l40LM8lHVFlvm0ce1N4%2Bi5bcG8HYThQBrL9Zep6N%2FCKxsU9a3j%2FRTopml%2FNBALqFMmAaA27NbvxMGlq4YilFsHmN5rNfogjeY9hN12vF2SNW9j"}],"group":"cf-nel","max_age":604800}', 'NEL': '{"success_fraction":0,"report_to":"cf-nel","max_age":604800}', 'Server': 'cloudflare', 'CF-RAY': '8686722db88a7d37-LAX', 'alt-svc': 'h3=":443"; ma=86400'} 
 body={"results":[{"gender":"female","name":{"title":"Mrs","first":"Lily","last":"Margaret"},"location":{"street":{"number":2006,"name":"Grand Marais Ave"},"city":"Maidstone","state":"Yukon","country":"Canada","postcode":"F7O 2P3","coordinates":{"latitude":"-70.9833","longitude":"124.1988"},"timezone":{"offset":"+10:00","description":"Eastern Australia, Guam, Vladivostok"}},"email":"lily.margaret@example.com","login":{"uuid":"ba7e389f-c398-4686-8082-f14df9714ee6","username":"blackzebra211","password":"kissing","salt":"pKFAGysc","md5":"1d7ff3177918768596937699eac11a8f","sha1":"a115b297b2333bd3a6bb11d61ed43c276d427c87","sha256":"84c6218f61611b31a167f53c3842b14c82c9a0480ea3e7723cadf298de8f1674"},"dob":{"date":"1960-12-27T09:47:04.650Z","age":63},"registered":{"date":"2019-03-18T07:35:19.227Z","age":5},"phone":"P40 H99-4611","cell":"X63 Z61-5652","id":{"name":"SIN","value":"801196080"},"picture":{"large":"https://randomuser.me/api/portraits/women/91.jpg","medium":"https://randomuser.me/api/portraits/med/women/91.jpg","thumbnail":"https://randomuser.me/api/portraits/thumb/women/91.jpg"},"nat":"CA"}],"info":{"seed":"ba78d8eeba81be6e","results":1,"page":1,"version":"1.4"}} 
 </msg>
<msg time="2024-03-22T13:14:39.731078" level="INFO">/opt/hostedtoolcache/Python/3.12.2/x64/lib/python3.12/site-packages/urllib3/connectionpool.py:1103: InsecureRequestWarning: Unverified HTTPS request is being made to host 'randomuser.me'. Adding certificate verification is strongly advised. See: https://urllib3.readthedocs.io/en/latest/advanced-usage.html#tls-warnings
  warnings.warn(</msg>
<msg time="2024-03-22T13:14:39.731210" level="INFO">${response} = &lt;Response [200]&gt;</msg>
<var>${response}</var>
<arg>consultarAPI</arg>
<arg>/api</arg>
<doc>Sends a GET request on a previously created HTTP Session.</doc>
<status status="PASS" start="2024-03-22T13:14:39.633884" elapsed="0.097366"/>
</kw>
<kw name="Set Variable" owner="BuiltIn">
<msg time="2024-03-22T13:14:39.732154" level="INFO">${json_data} = {'results': [{'gender': 'female', 'name': {'title': 'Mrs', 'first': 'Lily', 'last': 'Margaret'}, 'location': {'street': {'number': 2006, 'name': 'Grand Marais Ave'}, 'city': 'Maidstone', 'state': 'Yuk...</msg>
<var>${json_data}</var>
<arg>${response.json()}</arg>
<doc>Returns the given values which can then be assigned to a variables.</doc>
<status status="PASS" start="2024-03-22T13:14:39.731657" elapsed="0.000526"/>
</kw>
<kw name="Set Variable" owner="BuiltIn">
<msg time="2024-03-22T13:14:39.732867" level="INFO">${name_title} = Mrs</msg>
<var>${name_title}</var>
<arg>${json_data["results"][0]["name"]["title"]}</arg>
<doc>Returns the given values which can then be assigned to a variables.</doc>
<status status="PASS" start="2024-03-22T13:14:39.732485" elapsed="0.000409"/>
</kw>
<kw name="Create List" owner="BuiltIn">
<msg time="2024-03-22T13:14:39.733348" level="INFO">${allowed_titles} = ['Mr', 'Ms', 'Miss', 'Mrs', 'Madame', 'Monsieur']</msg>
<var>${allowed_titles}</var>
<arg>Mr</arg>
<arg>Ms</arg>
<arg>Miss</arg>
<arg>Mrs</arg>
<arg>Madame</arg>
<arg>Monsieur</arg>
<doc>Returns a list containing given items.</doc>
<status status="PASS" start="2024-03-22T13:14:39.733196" elapsed="0.000176"/>
</kw>
<kw name="List Should Contain Value" owner="Collections">
<msg time="2024-03-22T13:14:39.733851" level="INFO">False</msg>
<arg>${allowed_titles}</arg>
<arg>${name_title}</arg>
<doc>Fails if the ``value`` is not found from ``list``.</doc>
<status status="PASS" start="2024-03-22T13:14:39.733678" elapsed="0.000210"/>
</kw>
<kw name="Set Variable" owner="BuiltIn">
<msg time="2024-03-22T13:14:39.734555" level="INFO">${name_country} = CA</msg>
<var>${name_country}</var>
<arg>${json_data["results"][0]["nat"]}</arg>
<doc>Returns the given values which can then be assigned to a variables.</doc>
<status status="PASS" start="2024-03-22T13:14:39.734180" elapsed="0.000400"/>
</kw>
<kw name="Create List" owner="BuiltIn">
<msg time="2024-03-22T13:14:39.735597" level="INFO">${list_country} = ['AD', 'AE', 'AF', 'AG', 'AI', 'AL', 'AM', 'AO', 'AQ', 'AR', 'AS', 'AT', 'AU', 'AW', 'AX', 'AZ', 'BA', 'BB', 'BD', 'BE', 'BF', 'BG', 'BH', 'BI', 'BJ', 'BL', 'BM', 'BN', 'BO', 'BQ', 'BR', 'BS', 'BT', '...</msg>
<var>${list_country}</var>
<arg>AD</arg>
<arg>AE</arg>
<arg>AF</arg>
<arg>AG</arg>
<arg>AI</arg>
<arg>AL</arg>
<arg>AM</arg>
<arg>AO</arg>
<arg>AQ</arg>
<arg>AR</arg>
<arg>AS</arg>
<arg>AT</arg>
<arg>AU</arg>
<arg>AW</arg>
<arg>AX</arg>
<arg>AZ</arg>
<arg>BA</arg>
<arg>BB</arg>
<arg>BD</arg>
<arg>BE</arg>
<arg>BF</arg>
<arg>BG</arg>
<arg>BH</arg>
<arg>BI</arg>
<arg>BJ</arg>
<arg>BL</arg>
<arg>BM</arg>
<arg>BN</arg>
<arg>BO</arg>
<arg>BQ</arg>
<arg>BR</arg>
<arg>BS</arg>
<arg>BT</arg>
<arg>BV</arg>
<arg>BW</arg>
<arg>BY</arg>
<arg>BZ</arg>
<arg>CA</arg>
<arg>CC</arg>
<arg>CD</arg>
<arg>CF</arg>
<arg>CG</arg>
<arg>CH</arg>
<arg>CI</arg>
<arg>CK</arg>
<arg>CL</arg>
<arg>CM</arg>
<arg>CN</arg>
<arg>CO</arg>
<arg>CR</arg>
<arg>CU</arg>
<arg>CV</arg>
<arg>CW</arg>
<arg>CX</arg>
<arg>CY</arg>
<arg>CZ</arg>
<arg>DE</arg>
<arg>DJ</arg>
<arg>DK</arg>
<arg>DM</arg>
<arg>DO</arg>
<arg>DZ</arg>
<arg>EC</arg>
<arg>EE</arg>
<arg>EG</arg>
<arg>EH</arg>
<arg>ER</arg>
<arg>ES</arg>
<arg>ET</arg>
<arg>FI</arg>
<arg>FJ</arg>
<arg>FK</arg>
<arg>FM</arg>
<arg>FO</arg>
<arg>FR</arg>
<arg>GA</arg>
<arg>GB</arg>
<arg>GD</arg>
<arg>GE</arg>
<arg>GF</arg>
<arg>GG</arg>
<arg>GH</arg>
<arg>GI</arg>
<arg>GL</arg>
<arg>GM</arg>
<arg>GN</arg>
<arg>GP</arg>
<arg>GQ</arg>
<arg>GR</arg>
<arg>GS</arg>
<arg>GT</arg>
<arg>GU</arg>
<arg>GW</arg>
<arg>GY</arg>
<arg>HK</arg>
<arg>HM</arg>
<arg>HN</arg>
<arg>HR</arg>
<arg>HT</arg>
<arg>HU</arg>
<arg>ID</arg>
<arg>IE</arg>
<arg>IL</arg>
<arg>IM</arg>
<arg>IN</arg>
<arg>IO</arg>
<arg>IQ</arg>
<arg>IR</arg>
<arg>IS</arg>
<arg>IT</arg>
<arg>JE</arg>
<arg>JM</arg>
<arg>JO</arg>
<arg>JP</arg>
<arg>KE</arg>
<arg>KG</arg>
<arg>KH</arg>
<arg>KI</arg>
<arg>KM</arg>
<arg>KN</arg>
<arg>KP</arg>
<arg>KR</arg>
<arg>KW</arg>
<arg>KY</arg>
<arg>KZ</arg>
<arg>LA</arg>
<arg>LB</arg>
<arg>LC</arg>
<arg>LI</arg>
<arg>LK</arg>
<arg>LR</arg>
<arg>LS</arg>
<arg>LT</arg>
<arg>LU</arg>
<arg>LV</arg>
<arg>LY</arg>
<arg>MA</arg>
<arg>MC</arg>
<arg>MD</arg>
<arg>ME</arg>
<arg>MF</arg>
<arg>MG</arg>
<arg>MH</arg>
<arg>MK</arg>
<arg>ML</arg>
<arg>MM</arg>
<arg>MN</arg>
<arg>MO</arg>
<arg>MP</arg>
<arg>MQ</arg>
<arg>MR</arg>
<arg>MS</arg>
<arg>MT</arg>
<arg>MU</arg>
<arg>MV</arg>
<arg>MW</arg>
<arg>MX</arg>
<arg>MY</arg>
<arg>MZ</arg>
<arg>NA</arg>
<arg>NC</arg>
<arg>NE</arg>
<arg>NF</arg>
<arg>NG</arg>
<arg>NI</arg>
<arg>NL</arg>
<arg>NO</arg>
<arg>NP</arg>
<arg>NR</arg>
<arg>NU</arg>
<arg>NZ</arg>
<arg>OM</arg>
<arg>PA</arg>
<arg>PE</arg>
<arg>PF</arg>
<arg>PG</arg>
<arg>PH</arg>
<arg>PK</arg>
<arg>PL</arg>
<arg>PM</arg>
<arg>PN</arg>
<arg>PR</arg>
<arg>PS</arg>
<arg>PT</arg>
<arg>PW</arg>
<arg>PY</arg>
<arg>QA</arg>
<arg>RE</arg>
<arg>RO</arg>
<arg>RS</arg>
<arg>RU</arg>
<arg>RW</arg>
<arg>SA</arg>
<arg>SB</arg>
<arg>SC</arg>
<arg>SD</arg>
<arg>SE</arg>
<arg>SG</arg>
<arg>SH</arg>
<arg>SI</arg>
<arg>SJ</arg>
<arg>SK</arg>
<arg>SL</arg>
<arg>SM</arg>
<arg>SN</arg>
<arg>SO</arg>
<arg>SR</arg>
<arg>SS</arg>
<arg>ST</arg>
<arg>SV</arg>
<arg>SX</arg>
<arg>SY</arg>
<arg>SZ</arg>
<arg>TC</arg>
<arg>TD</arg>
<arg>TF</arg>
<arg>TG</arg>
<arg>TH</arg>
<arg>TJ</arg>
<arg>TK</arg>
<arg>TL</arg>
<arg>TM</arg>
<arg>TN</arg>
<arg>TO</arg>
<arg>TR</arg>
<arg>TT</arg>
<arg>TV</arg>
<arg>TW</arg>
<arg>TZ</arg>
<arg>UA</arg>
<arg>UG</arg>
<arg>UM</arg>
<arg>US</arg>
<arg>UY</arg>
<arg>UZ</arg>
<arg>VA</arg>
<arg>VC</arg>
<arg>VE</arg>
<arg>VG</arg>
<arg>VI</arg>
<arg>VN</arg>
<arg>VU</arg>
<arg>WF</arg>
<arg>WS</arg>
<arg>XK</arg>
<arg>YE</arg>
<arg>YT</arg>
<arg>ZA</arg>
<arg>ZM</arg>
<arg>ZW</arg>
<doc>Returns a list containing given items.</doc>
<status status="PASS" start="2024-03-22T13:14:39.734887" elapsed="0.000747"/>
</kw>
<kw name="List Should Contain Value" owner="Collections">
<msg time="2024-03-22T13:14:39.736959" level="INFO">False</msg>
<arg>${list_country}</arg>
<arg>${name_country}</arg>
<doc>Fails if the ``value`` is not found from ``list``.</doc>
<status status="PASS" start="2024-03-22T13:14:39.736748" elapsed="0.000249"/>
</kw>
<kw name="Run Keyword If" owner="BuiltIn">
<kw name="Should Be True" owner="BuiltIn">
<arg>${True}</arg>
<doc>Fails if the given condition is not true.</doc>
<status status="PASS" start="2024-03-22T13:14:39.738079" elapsed="0.000157"/>
</kw>
<arg>${json_data["results"][0]["location"]["coordinates"]["latitude"]} &gt;= -90 and ${json_data["results"][0]["location"]["coordinates"]["latitude"]} &lt;= 90</arg>
<arg>Should Be True</arg>
<arg>${True}</arg>
<doc>Runs the given keyword with the given arguments, if ``condition`` is true.</doc>
<status status="PASS" start="2024-03-22T13:14:39.737314" elapsed="0.001051"/>
</kw>
<kw name="Run Keyword If" owner="BuiltIn">
<kw name="Should Be True" owner="BuiltIn">
<arg>${True}</arg>
<doc>Fails if the given condition is not true.</doc>
<status status="PASS" start="2024-03-22T13:14:39.739266" elapsed="0.000140"/>
</kw>
<arg>${json_data["results"][0]["location"]["coordinates"]["longitude"]} &gt;= -180 and ${json_data["results"][0]["location"]["coordinates"]["longitude"]} &lt;= 180</arg>
<arg>Should Be True</arg>
<arg>${True}</arg>
<doc>Runs the given keyword with the given arguments, if ``condition`` is true.</doc>
<status status="PASS" start="2024-03-22T13:14:39.738557" elapsed="0.000976"/>
</kw>
<status status="PASS" start="2024-03-22T13:14:39.633644" elapsed="0.106020"/>
</kw>
<doc>Testa o conteúdo específico dos campos retornados pela API.</doc>
<tag>testeConteudo</tag>
<status status="PASS" start="2024-03-22T13:14:39.633178" elapsed="0.106669"/>
</test>
<status status="PASS" start="2024-03-22T13:14:38.771522" elapsed="0.970238"/>
</suite>
<status status="PASS" start="2024-03-22T13:14:38.757220" elapsed="0.989877"/>
</suite>
<statistics>
<total>
<stat pass="5" fail="0" skip="0">All Tests</stat>
</total>
<tag>
<stat pass="1" fail="0" skip="0">testeConteudo</stat>
<stat pass="1" fail="0" skip="0">testeEstruturaResposta</stat>
<stat pass="1" fail="0" skip="0">testeRequisicaoBasica</stat>
<stat pass="1" fail="0" skip="0">testeTiposDados</stat>
</tag>
<suite>
<stat pass="5" fail="0" skip="0" id="s1" name="Tests">Tests</stat>
<stat pass="5" fail="0" skip="0" id="s1-s1" name="Random-User-Test">Tests.Random-User-Test</stat>
</suite>
</statistics>
<errors>
</errors>
</robot>
