<?xml version="1.0" encoding="UTF-8"?>
<robot generator="Robot 7.0 (Python 3.12.2 on linux)" generated="2024-04-04T19:13:07.167032" rpa="false" schemaversion="5">
<suite id="s1" name="Tests" source="/home/runner/work/DesafioQAItauRogerioJordao/DesafioQAItauRogerioJordao/RamdonUser/tests">
<suite id="s1-s1" name="Random-User-Test" source="/home/runner/work/DesafioQAItauRogerioJordao/DesafioQAItauRogerioJordao/RamdonUser/tests/random-user-test.robot">
<test id="s1-s1-t1" name="Conectar" line="13">
<kw name="Conectar API" owner="random-user-service">
<kw name="Create Session" owner="RequestsLibrary">
<msg time="2024-04-04T19:13:07.518938" level="INFO">Creating Session using : alias=consultarAPI, url=https://randomuser.me/, headers={},                     cookies={}, auth=None, timeout=None, proxies=None, verify=False,                     debug=0 </msg>
<arg>consultarAPI</arg>
<arg>${URL}</arg>
<doc>Create Session: create a HTTP session to a server</doc>
<status status="PASS" start="2024-04-04T19:13:07.518725" elapsed="0.000392"/>
</kw>
<status status="PASS" start="2024-04-04T19:13:07.517670" elapsed="0.001839"/>
</kw>
<status status="PASS" start="2024-04-04T19:13:07.517106" elapsed="0.002606"/>
</test>
<test id="s1-s1-t2" name="Validar retorno 200 e JSON Válido" line="16">
<kw name="Teste de Requisicao Basica" owner="random-user-service">
<kw name="GET On Session" owner="RequestsLibrary">
<msg time="2024-04-04T19:13:07.710711" level="INFO">GET Request : url=https://randomuser.me/api 
 path_url=/api 
 headers={'User-Agent': 'python-requests/2.31.0', 'Accept-Encoding': 'gzip, deflate', 'Accept': '*/*', 'Connection': 'keep-alive'} 
 body=None 
 </msg>
<msg time="2024-04-04T19:13:07.710865" level="INFO">GET Response : url=https://randomuser.me/api 
 status=200, reason=OK 
 headers={'Date': 'Thu, 04 Apr 2024 19:13:07 GMT', 'Content-Type': 'application/json; charset=utf-8', 'Transfer-Encoding': 'chunked', 'Connection': 'keep-alive', 'X-Powered-By': 'Express', 'Access-Control-Allow-Origin': '*', 'Cache-Control': 'no-cache', 'ETag': 'W/"4b8-Cm8cTskVsKrKUYbOjl98oJrfhqE"', 'Vary': 'Accept-Encoding', 'Content-Encoding': 'gzip', 'CF-Cache-Status': 'DYNAMIC', 'Report-To': '{"endpoints":[{"url":"https:\\/\\/a.nel.cloudflare.com\\/report\\/v4?s=VVaHv5uInHglY2YkN1hnKvtUyt4EDj5sQ%2BptPu2w1Tn%2FC7XyLcUJ%2BOaF2WCDHK9ytIEejFvm6LYz3XrfGzPxkXR6NoIC3DoM206Z7M7uomwTJDcyRcswSx%2BIFz7xkJ8N"}],"group":"cf-nel","max_age":604800}', 'NEL': '{"success_fraction":0,"report_to":"cf-nel","max_age":604800}', 'Server': 'cloudflare', 'CF-RAY': '86f39d26f9fc0801-IAD', 'alt-svc': 'h3=":443"; ma=86400'} 
 body={"results":[{"gender":"female","name":{"title":"Ms","first":"Katherine","last":"Peters"},"location":{"street":{"number":6548,"name":"Victoria Street"},"city":"Westminster","state":"Borders","country":"United Kingdom","postcode":"A45 9YJ","coordinates":{"latitude":"-10.4342","longitude":"114.5487"},"timezone":{"offset":"+5:00","description":"Ekaterinburg, Islamabad, Karachi, Tashkent"}},"email":"katherine.peters@example.com","login":{"uuid":"8bfaaee0-8bc5-44ad-9121-8e1b311045db","username":"beautifulleopard932","password":"br549","salt":"RXvrNZMf","md5":"40708e838bd66b31a11f0f61a86b2c40","sha1":"621052f772c81873f0e035dc5cf212704152d126","sha256":"7f2e6c8ea61a71764bd29cf78250e06ea8cb9f4ac90d5b8da81c0695c6614a9a"},"dob":{"date":"1948-09-30T01:07:59.585Z","age":75},"registered":{"date":"2017-05-04T05:58:55.940Z","age":6},"phone":"015395 88307","cell":"07987 111988","id":{"name":"NINO","value":"ET 57 10 58 B"},"picture":{"large":"https://randomuser.me/api/portraits/women/21.jpg","medium":"https://randomuser.me/api/portraits/med/women/21.jpg","thumbnail":"https://randomuser.me/api/portraits/thumb/women/21.jpg"},"nat":"GB"}],"info":{"seed":"c2d4d2dfe79ac563","results":1,"page":1,"version":"1.4"}} 
 </msg>
<msg time="2024-04-04T19:13:07.710970" level="INFO">/opt/hostedtoolcache/Python/3.12.2/x64/lib/python3.12/site-packages/urllib3/connectionpool.py:1103: InsecureRequestWarning: Unverified HTTPS request is being made to host 'randomuser.me'. Adding certificate verification is strongly advised. See: https://urllib3.readthedocs.io/en/latest/advanced-usage.html#tls-warnings
  warnings.warn(</msg>
<msg time="2024-04-04T19:13:07.711132" level="INFO">${response} = &lt;Response [200]&gt;</msg>
<var>${response}</var>
<arg>consultarAPI</arg>
<arg>/api</arg>
<doc>Sends a GET request on a previously created HTTP Session.</doc>
<status status="PASS" start="2024-04-04T19:13:07.522338" elapsed="0.188837"/>
</kw>
<kw name="Should Be Equal As Numbers" owner="BuiltIn">
<msg time="2024-04-04T19:13:07.712319" level="INFO">Argument types are:
&lt;class 'int'&gt;
&lt;class 'str'&gt;</msg>
<arg>${response.status_code}</arg>
<arg>200</arg>
<doc>Fails if objects are unequal after converting them to real numbers.</doc>
<status status="PASS" start="2024-04-04T19:13:07.711838" elapsed="0.000546"/>
</kw>
<kw name="Log" owner="BuiltIn">
<msg time="2024-04-04T19:13:07.713065" level="INFO">200</msg>
<arg>${response.status_code}</arg>
<doc>Logs the given message with the given level.</doc>
<status status="PASS" start="2024-04-04T19:13:07.712709" elapsed="0.000399"/>
</kw>
<kw name="Set Variable" owner="BuiltIn">
<msg time="2024-04-04T19:13:07.713926" level="INFO">${json_data} = {'results': [{'gender': 'female', 'name': {'title': 'Ms', 'first': 'Katherine', 'last': 'Peters'}, 'location': {'street': {'number': 6548, 'name': 'Victoria Street'}, 'city': 'Westminster', 'state': '...</msg>
<var>${json_data}</var>
<arg>${response.json()}</arg>
<doc>Returns the given values which can then be assigned to a variables.</doc>
<status status="PASS" start="2024-04-04T19:13:07.713442" elapsed="0.000512"/>
</kw>
<kw name="Dictionary Should Contain Key" owner="Collections">
<msg time="2024-04-04T19:13:07.714426" level="INFO">False</msg>
<arg>${json_data}</arg>
<arg>results</arg>
<doc>Fails if ``key`` is not found from ``dictionary``.</doc>
<status status="PASS" start="2024-04-04T19:13:07.714257" elapsed="0.000209"/>
</kw>
<status status="PASS" start="2024-04-04T19:13:07.522086" elapsed="0.192641"/>
</kw>
<doc>Testa se a API responde corretamente e retorna um objeto JSON válido.</doc>
<tag>testeRequisicaoBasica</tag>
<status status="PASS" start="2024-04-04T19:13:07.521552" elapsed="0.193368"/>
</test>
<test id="s1-s1-t3" name="Validar estrutura de resposta" line="22">
<kw name="Teste de Estrutura de Resposta" owner="random-user-service">
<kw name="GET On Session" owner="RequestsLibrary">
<msg time="2024-04-04T19:13:08.083073" level="INFO">GET Request : url=https://randomuser.me/api 
 path_url=/api 
 headers={'User-Agent': 'python-requests/2.31.0', 'Accept-Encoding': 'gzip, deflate', 'Accept': '*/*', 'Connection': 'keep-alive'} 
 body=None 
 </msg>
<msg time="2024-04-04T19:13:08.083190" level="INFO">GET Response : url=https://randomuser.me/api 
 status=200, reason=OK 
 headers={'Date': 'Thu, 04 Apr 2024 19:13:08 GMT', 'Content-Type': 'application/json; charset=utf-8', 'Transfer-Encoding': 'chunked', 'Connection': 'keep-alive', 'X-Powered-By': 'Express', 'Access-Control-Allow-Origin': '*', 'Cache-Control': 'no-cache', 'ETag': 'W/"47b-BPvWZ691dV1qcj1JKK6kqwhNqYA"', 'Vary': 'Accept-Encoding', 'Content-Encoding': 'gzip', 'CF-Cache-Status': 'DYNAMIC', 'Report-To': '{"endpoints":[{"url":"https:\\/\\/a.nel.cloudflare.com\\/report\\/v4?s=hull96ni07bpc5Hq09ejvFqRVsOD%2BkS2rCnqhQmg1sRc55m72C5k9yye%2BXOw6X2afrjRDG7Od4bxbvIEoFcXg%2BDrl8d276Iz8afOC8oFr12IKBMBmt8lzU8KMd%2BQeGqV"}],"group":"cf-nel","max_age":604800}', 'NEL': '{"success_fraction":0,"report_to":"cf-nel","max_age":604800}', 'Server': 'cloudflare', 'CF-RAY': '86f39d274a570801-IAD', 'alt-svc': 'h3=":443"; ma=86400'} 
 body={"results":[{"gender":"female","name":{"title":"Miss","first":"Carole","last":"Lee"},"location":{"street":{"number":2326,"name":"Miller Ave"},"city":"Warrnambool","state":"Western Australia","country":"Australia","postcode":2158,"coordinates":{"latitude":"-81.8892","longitude":"35.1212"},"timezone":{"offset":"-10:00","description":"Hawaii"}},"email":"carole.lee@example.com","login":{"uuid":"280138ff-1aa2-4f29-a037-0c7d62622f8b","username":"heavybird811","password":"chandra","salt":"PQj8kMNa","md5":"6652614534e583848536b0263bcdb0f8","sha1":"b4da34d057d9151d4a37aedc6a6d38d221d0edf7","sha256":"15ed8613a03757fd0dc47c1ee5a5e01442fd5e570843e7b96fced223b9e3035e"},"dob":{"date":"1972-04-18T09:33:31.519Z","age":51},"registered":{"date":"2019-02-13T20:58:32.017Z","age":5},"phone":"01-4119-5768","cell":"0485-667-054","id":{"name":"TFN","value":"921668135"},"picture":{"large":"https://randomuser.me/api/portraits/women/42.jpg","medium":"https://randomuser.me/api/portraits/med/women/42.jpg","thumbnail":"https://randomuser.me/api/portraits/thumb/women/42.jpg"},"nat":"AU"}],"info":{"seed":"7af1b79ecf6b9401","results":1,"page":1,"version":"1.4"}} 
 </msg>
<msg time="2024-04-04T19:13:08.083351" level="INFO">/opt/hostedtoolcache/Python/3.12.2/x64/lib/python3.12/site-packages/urllib3/connectionpool.py:1103: InsecureRequestWarning: Unverified HTTPS request is being made to host 'randomuser.me'. Adding certificate verification is strongly advised. See: https://urllib3.readthedocs.io/en/latest/advanced-usage.html#tls-warnings
  warnings.warn(</msg>
<msg time="2024-04-04T19:13:08.083522" level="INFO">${response} = &lt;Response [200]&gt;</msg>
<var>${response}</var>
<arg>consultarAPI</arg>
<arg>/api</arg>
<doc>Sends a GET request on a previously created HTTP Session.</doc>
<status status="PASS" start="2024-04-04T19:13:07.717807" elapsed="0.365757"/>
</kw>
<kw name="Set Variable" owner="BuiltIn">
<msg time="2024-04-04T19:13:08.084740" level="INFO">${json_data} = {'results': [{'gender': 'female', 'name': {'title': 'Miss', 'first': 'Carole', 'last': 'Lee'}, 'location': {'street': {'number': 2326, 'name': 'Miller Ave'}, 'city': 'Warrnambool', 'state': 'Western A...</msg>
<var>${json_data}</var>
<arg>${response.json()}</arg>
<doc>Returns the given values which can then be assigned to a variables.</doc>
<status status="PASS" start="2024-04-04T19:13:08.084191" elapsed="0.000578"/>
</kw>
<kw name="Log" owner="BuiltIn">
<msg time="2024-04-04T19:13:08.085241" level="INFO">{'results': [{'gender': 'female', 'name': {'title': 'Miss', 'first': 'Carole', 'last': 'Lee'}, 'location': {'street': {'number': 2326, 'name': 'Miller Ave'}, 'city': 'Warrnambool', 'state': 'Western Australia', 'country': 'Australia', 'postcode': 2158, 'coordinates': {'latitude': '-81.8892', 'longitude': '35.1212'}, 'timezone': {'offset': '-10:00', 'description': 'Hawaii'}}, 'email': 'carole.lee@example.com', 'login': {'uuid': '280138ff-1aa2-4f29-a037-0c7d62622f8b', 'username': 'heavybird811', 'password': 'chandra', 'salt': 'PQj8kMNa', 'md5': '6652614534e583848536b0263bcdb0f8', 'sha1': 'b4da34d057d9151d4a37aedc6a6d38d221d0edf7', 'sha256': '15ed8613a03757fd0dc47c1ee5a5e01442fd5e570843e7b96fced223b9e3035e'}, 'dob': {'date': '1972-04-18T09:33:31.519Z', 'age': 51}, 'registered': {'date': '2019-02-13T20:58:32.017Z', 'age': 5}, 'phone': '01-4119-5768', 'cell': '0485-667-054', 'id': {'name': 'TFN', 'value': '921668135'}, 'picture': {'large': 'https://randomuser.me/api/portraits/women/42.jpg', 'medium': 'https://randomuser.me/api/portraits/med/women/42.jpg', 'thumbnail': 'https://randomuser.me/api/portraits/thumb/women/42.jpg'}, 'nat': 'AU'}], 'info': {'seed': '7af1b79ecf6b9401', 'results': 1, 'page': 1, 'version': '1.4'}}</msg>
<arg>${json_data}</arg>
<doc>Logs the given message with the given level.</doc>
<status status="PASS" start="2024-04-04T19:13:08.085081" elapsed="0.000206"/>
</kw>
<kw name="Dictionary Should Contain Key" owner="Collections">
<msg time="2024-04-04T19:13:08.085789" level="INFO">False</msg>
<arg>${json_data}</arg>
<arg>results</arg>
<doc>Fails if ``key`` is not found from ``dictionary``.</doc>
<status status="PASS" start="2024-04-04T19:13:08.085627" elapsed="0.000199"/>
</kw>
<kw name="Should Not Be Empty" owner="BuiltIn">
<msg time="2024-04-04T19:13:08.086251" level="INFO">Length is 2.</msg>
<arg>${json_data}</arg>
<doc>Verifies that the given item is not empty.</doc>
<status status="PASS" start="2024-04-04T19:13:08.086119" elapsed="0.000170"/>
</kw>
<kw name="Create List" owner="BuiltIn">
<msg time="2024-04-04T19:13:08.086726" level="INFO">${expected_keys} = ['gender', 'name', 'location', 'email', 'login']</msg>
<var>${expected_keys}</var>
<arg>gender</arg>
<arg>name</arg>
<arg>location</arg>
<arg>email</arg>
<arg>login</arg>
<doc>Returns a list containing given items.</doc>
<status status="PASS" start="2024-04-04T19:13:08.086574" elapsed="0.000177"/>
</kw>
<for flavor="IN">
<iter>
<kw name="Dictionary Should Contain Key" owner="Collections">
<msg time="2024-04-04T19:13:08.087744" level="INFO">False</msg>
<arg>${json_data['results'][0]}</arg>
<arg>${key}</arg>
<doc>Fails if ``key`` is not found from ``dictionary``.</doc>
<status status="PASS" start="2024-04-04T19:13:08.087341" elapsed="0.000441"/>
</kw>
<kw name="Log" owner="BuiltIn">
<msg time="2024-04-04T19:13:08.088466" level="INFO">{'gender': 'female', 'name': {'title': 'Miss', 'first': 'Carole', 'last': 'Lee'}, 'location': {'street': {'number': 2326, 'name': 'Miller Ave'}, 'city': 'Warrnambool', 'state': 'Western Australia', 'country': 'Australia', 'postcode': 2158, 'coordinates': {'latitude': '-81.8892', 'longitude': '35.1212'}, 'timezone': {'offset': '-10:00', 'description': 'Hawaii'}}, 'email': 'carole.lee@example.com', 'login': {'uuid': '280138ff-1aa2-4f29-a037-0c7d62622f8b', 'username': 'heavybird811', 'password': 'chandra', 'salt': 'PQj8kMNa', 'md5': '6652614534e583848536b0263bcdb0f8', 'sha1': 'b4da34d057d9151d4a37aedc6a6d38d221d0edf7', 'sha256': '15ed8613a03757fd0dc47c1ee5a5e01442fd5e570843e7b96fced223b9e3035e'}, 'dob': {'date': '1972-04-18T09:33:31.519Z', 'age': 51}, 'registered': {'date': '2019-02-13T20:58:32.017Z', 'age': 5}, 'phone': '01-4119-5768', 'cell': '0485-667-054', 'id': {'name': 'TFN', 'value': '921668135'}, 'picture': {'large': 'https://randomuser.me/api/portraits/women/42.jpg', 'medium': 'https://randomuser.me/api/portraits/med/women/42.jpg', 'thumbnail': 'https://randomuser.me/api/portraits/thumb/women/42.jpg'}, 'nat': 'AU'}</msg>
<arg>${json_data['results'][0]}</arg>
<doc>Logs the given message with the given level.</doc>
<status status="PASS" start="2024-04-04T19:13:08.088100" elapsed="0.000420"/>
</kw>
<kw name="Log" owner="BuiltIn">
<msg time="2024-04-04T19:13:08.088950" level="INFO">gender</msg>
<arg>${key}</arg>
<doc>Logs the given message with the given level.</doc>
<status status="PASS" start="2024-04-04T19:13:08.088822" elapsed="0.000166"/>
</kw>
<var name="${key}">gender</var>
<status status="PASS" start="2024-04-04T19:13:08.087206" elapsed="0.002002"/>
</iter>
<iter>
<kw name="Dictionary Should Contain Key" owner="Collections">
<msg time="2024-04-04T19:13:08.089917" level="INFO">False</msg>
<arg>${json_data['results'][0]}</arg>
<arg>${key}</arg>
<doc>Fails if ``key`` is not found from ``dictionary``.</doc>
<status status="PASS" start="2024-04-04T19:13:08.089531" elapsed="0.000423"/>
</kw>
<kw name="Log" owner="BuiltIn">
<msg time="2024-04-04T19:13:08.090641" level="INFO">{'gender': 'female', 'name': {'title': 'Miss', 'first': 'Carole', 'last': 'Lee'}, 'location': {'street': {'number': 2326, 'name': 'Miller Ave'}, 'city': 'Warrnambool', 'state': 'Western Australia', 'country': 'Australia', 'postcode': 2158, 'coordinates': {'latitude': '-81.8892', 'longitude': '35.1212'}, 'timezone': {'offset': '-10:00', 'description': 'Hawaii'}}, 'email': 'carole.lee@example.com', 'login': {'uuid': '280138ff-1aa2-4f29-a037-0c7d62622f8b', 'username': 'heavybird811', 'password': 'chandra', 'salt': 'PQj8kMNa', 'md5': '6652614534e583848536b0263bcdb0f8', 'sha1': 'b4da34d057d9151d4a37aedc6a6d38d221d0edf7', 'sha256': '15ed8613a03757fd0dc47c1ee5a5e01442fd5e570843e7b96fced223b9e3035e'}, 'dob': {'date': '1972-04-18T09:33:31.519Z', 'age': 51}, 'registered': {'date': '2019-02-13T20:58:32.017Z', 'age': 5}, 'phone': '01-4119-5768', 'cell': '0485-667-054', 'id': {'name': 'TFN', 'value': '921668135'}, 'picture': {'large': 'https://randomuser.me/api/portraits/women/42.jpg', 'medium': 'https://randomuser.me/api/portraits/med/women/42.jpg', 'thumbnail': 'https://randomuser.me/api/portraits/thumb/women/42.jpg'}, 'nat': 'AU'}</msg>
<arg>${json_data['results'][0]}</arg>
<doc>Logs the given message with the given level.</doc>
<status status="PASS" start="2024-04-04T19:13:08.090285" elapsed="0.000404"/>
</kw>
<kw name="Log" owner="BuiltIn">
<msg time="2024-04-04T19:13:08.091119" level="INFO">name</msg>
<arg>${key}</arg>
<doc>Logs the given message with the given level.</doc>
<status status="PASS" start="2024-04-04T19:13:08.090991" elapsed="0.000166"/>
</kw>
<var name="${key}">name</var>
<status status="PASS" start="2024-04-04T19:13:08.089395" elapsed="0.001976"/>
</iter>
<iter>
<kw name="Dictionary Should Contain Key" owner="Collections">
<msg time="2024-04-04T19:13:08.092035" level="INFO">False</msg>
<arg>${json_data['results'][0]}</arg>
<arg>${key}</arg>
<doc>Fails if ``key`` is not found from ``dictionary``.</doc>
<status status="PASS" start="2024-04-04T19:13:08.091664" elapsed="0.000409"/>
</kw>
<kw name="Log" owner="BuiltIn">
<msg time="2024-04-04T19:13:08.092735" level="INFO">{'gender': 'female', 'name': {'title': 'Miss', 'first': 'Carole', 'last': 'Lee'}, 'location': {'street': {'number': 2326, 'name': 'Miller Ave'}, 'city': 'Warrnambool', 'state': 'Western Australia', 'country': 'Australia', 'postcode': 2158, 'coordinates': {'latitude': '-81.8892', 'longitude': '35.1212'}, 'timezone': {'offset': '-10:00', 'description': 'Hawaii'}}, 'email': 'carole.lee@example.com', 'login': {'uuid': '280138ff-1aa2-4f29-a037-0c7d62622f8b', 'username': 'heavybird811', 'password': 'chandra', 'salt': 'PQj8kMNa', 'md5': '6652614534e583848536b0263bcdb0f8', 'sha1': 'b4da34d057d9151d4a37aedc6a6d38d221d0edf7', 'sha256': '15ed8613a03757fd0dc47c1ee5a5e01442fd5e570843e7b96fced223b9e3035e'}, 'dob': {'date': '1972-04-18T09:33:31.519Z', 'age': 51}, 'registered': {'date': '2019-02-13T20:58:32.017Z', 'age': 5}, 'phone': '01-4119-5768', 'cell': '0485-667-054', 'id': {'name': 'TFN', 'value': '921668135'}, 'picture': {'large': 'https://randomuser.me/api/portraits/women/42.jpg', 'medium': 'https://randomuser.me/api/portraits/med/women/42.jpg', 'thumbnail': 'https://randomuser.me/api/portraits/thumb/women/42.jpg'}, 'nat': 'AU'}</msg>
<arg>${json_data['results'][0]}</arg>
<doc>Logs the given message with the given level.</doc>
<status status="PASS" start="2024-04-04T19:13:08.092382" elapsed="0.000405"/>
</kw>
<kw name="Log" owner="BuiltIn">
<msg time="2024-04-04T19:13:08.093213" level="INFO">location</msg>
<arg>${key}</arg>
<doc>Logs the given message with the given level.</doc>
<status status="PASS" start="2024-04-04T19:13:08.093078" elapsed="0.000172"/>
</kw>
<var name="${key}">location</var>
<status status="PASS" start="2024-04-04T19:13:08.091551" elapsed="0.001946"/>
</iter>
<iter>
<kw name="Dictionary Should Contain Key" owner="Collections">
<msg time="2024-04-04T19:13:08.094182" level="INFO">False</msg>
<arg>${json_data['results'][0]}</arg>
<arg>${key}</arg>
<doc>Fails if ``key`` is not found from ``dictionary``.</doc>
<status status="PASS" start="2024-04-04T19:13:08.093794" elapsed="0.000426"/>
</kw>
<kw name="Log" owner="BuiltIn">
<msg time="2024-04-04T19:13:08.094873" level="INFO">{'gender': 'female', 'name': {'title': 'Miss', 'first': 'Carole', 'last': 'Lee'}, 'location': {'street': {'number': 2326, 'name': 'Miller Ave'}, 'city': 'Warrnambool', 'state': 'Western Australia', 'country': 'Australia', 'postcode': 2158, 'coordinates': {'latitude': '-81.8892', 'longitude': '35.1212'}, 'timezone': {'offset': '-10:00', 'description': 'Hawaii'}}, 'email': 'carole.lee@example.com', 'login': {'uuid': '280138ff-1aa2-4f29-a037-0c7d62622f8b', 'username': 'heavybird811', 'password': 'chandra', 'salt': 'PQj8kMNa', 'md5': '6652614534e583848536b0263bcdb0f8', 'sha1': 'b4da34d057d9151d4a37aedc6a6d38d221d0edf7', 'sha256': '15ed8613a03757fd0dc47c1ee5a5e01442fd5e570843e7b96fced223b9e3035e'}, 'dob': {'date': '1972-04-18T09:33:31.519Z', 'age': 51}, 'registered': {'date': '2019-02-13T20:58:32.017Z', 'age': 5}, 'phone': '01-4119-5768', 'cell': '0485-667-054', 'id': {'name': 'TFN', 'value': '921668135'}, 'picture': {'large': 'https://randomuser.me/api/portraits/women/42.jpg', 'medium': 'https://randomuser.me/api/portraits/med/women/42.jpg', 'thumbnail': 'https://randomuser.me/api/portraits/thumb/women/42.jpg'}, 'nat': 'AU'}</msg>
<arg>${json_data['results'][0]}</arg>
<doc>Logs the given message with the given level.</doc>
<status status="PASS" start="2024-04-04T19:13:08.094520" elapsed="0.000399"/>
</kw>
<kw name="Log" owner="BuiltIn">
<msg time="2024-04-04T19:13:08.095335" level="INFO">email</msg>
<arg>${key}</arg>
<doc>Logs the given message with the given level.</doc>
<status status="PASS" start="2024-04-04T19:13:08.095208" elapsed="0.000163"/>
</kw>
<var name="${key}">email</var>
<status status="PASS" start="2024-04-04T19:13:08.093681" elapsed="0.001902"/>
</iter>
<iter>
<kw name="Dictionary Should Contain Key" owner="Collections">
<msg time="2024-04-04T19:13:08.096265" level="INFO">False</msg>
<arg>${json_data['results'][0]}</arg>
<arg>${key}</arg>
<doc>Fails if ``key`` is not found from ``dictionary``.</doc>
<status status="PASS" start="2024-04-04T19:13:08.095870" elapsed="0.000433"/>
</kw>
<kw name="Log" owner="BuiltIn">
<msg time="2024-04-04T19:13:08.096947" level="INFO">{'gender': 'female', 'name': {'title': 'Miss', 'first': 'Carole', 'last': 'Lee'}, 'location': {'street': {'number': 2326, 'name': 'Miller Ave'}, 'city': 'Warrnambool', 'state': 'Western Australia', 'country': 'Australia', 'postcode': 2158, 'coordinates': {'latitude': '-81.8892', 'longitude': '35.1212'}, 'timezone': {'offset': '-10:00', 'description': 'Hawaii'}}, 'email': 'carole.lee@example.com', 'login': {'uuid': '280138ff-1aa2-4f29-a037-0c7d62622f8b', 'username': 'heavybird811', 'password': 'chandra', 'salt': 'PQj8kMNa', 'md5': '6652614534e583848536b0263bcdb0f8', 'sha1': 'b4da34d057d9151d4a37aedc6a6d38d221d0edf7', 'sha256': '15ed8613a03757fd0dc47c1ee5a5e01442fd5e570843e7b96fced223b9e3035e'}, 'dob': {'date': '1972-04-18T09:33:31.519Z', 'age': 51}, 'registered': {'date': '2019-02-13T20:58:32.017Z', 'age': 5}, 'phone': '01-4119-5768', 'cell': '0485-667-054', 'id': {'name': 'TFN', 'value': '921668135'}, 'picture': {'large': 'https://randomuser.me/api/portraits/women/42.jpg', 'medium': 'https://randomuser.me/api/portraits/med/women/42.jpg', 'thumbnail': 'https://randomuser.me/api/portraits/thumb/women/42.jpg'}, 'nat': 'AU'}</msg>
<arg>${json_data['results'][0]}</arg>
<doc>Logs the given message with the given level.</doc>
<status status="PASS" start="2024-04-04T19:13:08.096596" elapsed="0.000396"/>
</kw>
<kw name="Log" owner="BuiltIn">
<msg time="2024-04-04T19:13:08.097409" level="INFO">login</msg>
<arg>${key}</arg>
<doc>Logs the given message with the given level.</doc>
<status status="PASS" start="2024-04-04T19:13:08.097284" elapsed="0.000310"/>
</kw>
<var name="${key}">login</var>
<status status="PASS" start="2024-04-04T19:13:08.095755" elapsed="0.002071"/>
</iter>
<var>${key}</var>
<value>@{expected_keys}</value>
<status status="PASS" start="2024-04-04T19:13:08.087013" elapsed="0.010958"/>
</for>
<kw name="Create List" owner="BuiltIn">
<msg time="2024-04-04T19:13:08.098311" level="INFO">${expected_keysTwo} = ['username', 'password']</msg>
<var>${expected_keysTwo}</var>
<arg>username</arg>
<arg>password</arg>
<doc>Returns a list containing given items.</doc>
<status status="PASS" start="2024-04-04T19:13:08.098174" elapsed="0.000161"/>
</kw>
<for flavor="IN">
<iter>
<kw name="Dictionary Should Contain Key" owner="Collections">
<msg time="2024-04-04T19:13:08.099224" level="INFO">False</msg>
<arg>${json_data['results'][0]['login']}</arg>
<arg>${keyTwo}</arg>
<doc>Fails if ``key`` is not found from ``dictionary``.</doc>
<status status="PASS" start="2024-04-04T19:13:08.098838" elapsed="0.000423"/>
</kw>
<kw name="Dictionary Should Contain Key" owner="Collections">
<msg time="2024-04-04T19:13:08.099935" level="INFO">False</msg>
<arg>${json_data['results'][0]['login']}</arg>
<arg>${keyTwo}</arg>
<doc>Fails if ``key`` is not found from ``dictionary``.</doc>
<status status="PASS" start="2024-04-04T19:13:08.099558" elapsed="0.000414"/>
</kw>
<kw name="Log" owner="BuiltIn">
<msg time="2024-04-04T19:13:08.100392" level="INFO">username</msg>
<arg>${keyTwo}</arg>
<doc>Logs the given message with the given level.</doc>
<status status="PASS" start="2024-04-04T19:13:08.100264" elapsed="0.000164"/>
</kw>
<var name="${keyTwo}">username</var>
<status status="PASS" start="2024-04-04T19:13:08.098727" elapsed="0.001912"/>
</iter>
<iter>
<kw name="Dictionary Should Contain Key" owner="Collections">
<msg time="2024-04-04T19:13:08.101298" level="INFO">False</msg>
<arg>${json_data['results'][0]['login']}</arg>
<arg>${keyTwo}</arg>
<doc>Fails if ``key`` is not found from ``dictionary``.</doc>
<status status="PASS" start="2024-04-04T19:13:08.100922" elapsed="0.000413"/>
</kw>
<kw name="Dictionary Should Contain Key" owner="Collections">
<msg time="2024-04-04T19:13:08.102034" level="INFO">False</msg>
<arg>${json_data['results'][0]['login']}</arg>
<arg>${keyTwo}</arg>
<doc>Fails if ``key`` is not found from ``dictionary``.</doc>
<status status="PASS" start="2024-04-04T19:13:08.101655" elapsed="0.000415"/>
</kw>
<kw name="Log" owner="BuiltIn">
<msg time="2024-04-04T19:13:08.102488" level="INFO">password</msg>
<arg>${keyTwo}</arg>
<doc>Logs the given message with the given level.</doc>
<status status="PASS" start="2024-04-04T19:13:08.102361" elapsed="0.000165"/>
</kw>
<var name="${keyTwo}">password</var>
<status status="PASS" start="2024-04-04T19:13:08.100812" elapsed="0.001930"/>
</iter>
<var>${keyTwo}</var>
<value>@{expected_keysTwo}</value>
<status status="PASS" start="2024-04-04T19:13:08.098574" elapsed="0.004298"/>
</for>
<status status="PASS" start="2024-04-04T19:13:07.717562" elapsed="0.385451"/>
</kw>
<doc>Testa a estrutura da resposta da API.</doc>
<tag>testeEstruturaResposta</tag>
<status status="PASS" start="2024-04-04T19:13:07.716755" elapsed="0.386422"/>
</test>
<test id="s1-s1-t4" name="Validar tipos de dados" line="28">
<kw name="Teste de Tipos de Dados" owner="random-user-service">
<kw name="GET On Session" owner="RequestsLibrary">
<msg time="2024-04-04T19:13:08.146435" level="INFO">GET Request : url=https://randomuser.me/api 
 path_url=/api 
 headers={'User-Agent': 'python-requests/2.31.0', 'Accept-Encoding': 'gzip, deflate', 'Accept': '*/*', 'Connection': 'keep-alive'} 
 body=None 
 </msg>
<msg time="2024-04-04T19:13:08.146515" level="INFO">GET Response : url=https://randomuser.me/api 
 status=200, reason=OK 
 headers={'Date': 'Thu, 04 Apr 2024 19:13:08 GMT', 'Content-Type': 'application/json; charset=utf-8', 'Transfer-Encoding': 'chunked', 'Connection': 'keep-alive', 'X-Powered-By': 'Express', 'Access-Control-Allow-Origin': '*', 'Cache-Control': 'no-cache', 'ETag': 'W/"477-opVwEQMLgoCcJUpdPx1lDX0elwY"', 'Vary': 'Accept-Encoding', 'Content-Encoding': 'gzip', 'CF-Cache-Status': 'DYNAMIC', 'Report-To': '{"endpoints":[{"url":"https:\\/\\/a.nel.cloudflare.com\\/report\\/v4?s=FjFqFTLc56W49A5uX%2BsHcVrkvvaQbTzvO2tBOOzQyXPMrH03o5IZfzcSXfSBGTHgm2MA5TRjykf2WIRlPY454T1RxSBf4tz8FboMN3mrD536hsi2l3Ij3I9cFza6AXH7"}],"group":"cf-nel","max_age":604800}', 'NEL': '{"success_fraction":0,"report_to":"cf-nel","max_age":604800}', 'Server': 'cloudflare', 'CF-RAY': '86f39d29b8820801-IAD', 'alt-svc': 'h3=":443"; ma=86400'} 
 body={"results":[{"gender":"male","name":{"title":"Mr","first":"Dominik","last":"Mandal"},"location":{"street":{"number":5077,"name":"Jernbaneveien"},"city":"Kristiansand","state":"Troms - Romsa","country":"Norway","postcode":"4640","coordinates":{"latitude":"41.8891","longitude":"-50.1406"},"timezone":{"offset":"-3:30","description":"Newfoundland"}},"email":"dominik.mandal@example.com","login":{"uuid":"385866dc-7f46-436b-8d07-d343b309b380","username":"angrykoala876","password":"smiles","salt":"C8tAoxTp","md5":"7dd445ee97dde5fc3310bae224c5f05f","sha1":"448ac0231b165781f1229d6390f6ade273f2b862","sha256":"e22ea666a623d42124a5bff0e1071959f82061ff1cf176e0f3ca29ca440e9c7f"},"dob":{"date":"1957-09-14T16:05:09.941Z","age":66},"registered":{"date":"2008-01-19T04:22:30.099Z","age":16},"phone":"72067250","cell":"44717472","id":{"name":"FN","value":"14095738118"},"picture":{"large":"https://randomuser.me/api/portraits/men/19.jpg","medium":"https://randomuser.me/api/portraits/med/men/19.jpg","thumbnail":"https://randomuser.me/api/portraits/thumb/men/19.jpg"},"nat":"NO"}],"info":{"seed":"16a9381eb3056254","results":1,"page":1,"version":"1.4"}} 
 </msg>
<msg time="2024-04-04T19:13:08.146583" level="INFO">/opt/hostedtoolcache/Python/3.12.2/x64/lib/python3.12/site-packages/urllib3/connectionpool.py:1103: InsecureRequestWarning: Unverified HTTPS request is being made to host 'randomuser.me'. Adding certificate verification is strongly advised. See: https://urllib3.readthedocs.io/en/latest/advanced-usage.html#tls-warnings
  warnings.warn(</msg>
<msg time="2024-04-04T19:13:08.146676" level="INFO">${response} = &lt;Response [200]&gt;</msg>
<var>${response}</var>
<arg>consultarAPI</arg>
<arg>/api</arg>
<doc>Sends a GET request on a previously created HTTP Session.</doc>
<status status="PASS" start="2024-04-04T19:13:08.105772" elapsed="0.040944"/>
</kw>
<kw name="Set Variable" owner="BuiltIn">
<msg time="2024-04-04T19:13:08.147768" level="INFO">${json_data} = {'results': [{'gender': 'male', 'name': {'title': 'Mr', 'first': 'Dominik', 'last': 'Mandal'}, 'location': {'street': {'number': 5077, 'name': 'Jernbaneveien'}, 'city': 'Kristiansand', 'state': 'Troms...</msg>
<var>${json_data}</var>
<arg>${response.json()}</arg>
<doc>Returns the given values which can then be assigned to a variables.</doc>
<status status="PASS" start="2024-04-04T19:13:08.147180" elapsed="0.000616"/>
</kw>
<kw name="Log" owner="BuiltIn">
<msg time="2024-04-04T19:13:08.148258" level="INFO">{'results': [{'gender': 'male', 'name': {'title': 'Mr', 'first': 'Dominik', 'last': 'Mandal'}, 'location': {'street': {'number': 5077, 'name': 'Jernbaneveien'}, 'city': 'Kristiansand', 'state': 'Troms - Romsa', 'country': 'Norway', 'postcode': '4640', 'coordinates': {'latitude': '41.8891', 'longitude': '-50.1406'}, 'timezone': {'offset': '-3:30', 'description': 'Newfoundland'}}, 'email': 'dominik.mandal@example.com', 'login': {'uuid': '385866dc-7f46-436b-8d07-d343b309b380', 'username': 'angrykoala876', 'password': 'smiles', 'salt': 'C8tAoxTp', 'md5': '7dd445ee97dde5fc3310bae224c5f05f', 'sha1': '448ac0231b165781f1229d6390f6ade273f2b862', 'sha256': 'e22ea666a623d42124a5bff0e1071959f82061ff1cf176e0f3ca29ca440e9c7f'}, 'dob': {'date': '1957-09-14T16:05:09.941Z', 'age': 66}, 'registered': {'date': '2008-01-19T04:22:30.099Z', 'age': 16}, 'phone': '72067250', 'cell': '44717472', 'id': {'name': 'FN', 'value': '14095738118'}, 'picture': {'large': 'https://randomuser.me/api/portraits/men/19.jpg', 'medium': 'https://randomuser.me/api/portraits/med/men/19.jpg', 'thumbnail': 'https://randomuser.me/api/portraits/thumb/men/19.jpg'}, 'nat': 'NO'}], 'info': {'seed': '16a9381eb3056254', 'results': 1, 'page': 1, 'version': '1.4'}}</msg>
<arg>${json_data}</arg>
<doc>Logs the given message with the given level.</doc>
<status status="PASS" start="2024-04-04T19:13:08.148106" elapsed="0.000229"/>
</kw>
<kw name="Should Be String" owner="String">
<arg>${json_data['results'][0]['gender']}</arg>
<doc>Fails if the given ``item`` is not a string.</doc>
<status status="PASS" start="2024-04-04T19:13:08.148635" elapsed="0.000361"/>
</kw>
<kw name="Should Match Regexp" owner="BuiltIn">
<arg>${json_data['results'][0]['email']}</arg>
<arg>^[a-zA-Z0-9._%+-]+@[a-zA-Z0-9.-]+\.[a-zA-Z]{2,}$</arg>
<doc>Fails if ``string`` does not match ``pattern`` as a regular expression.</doc>
<status status="PASS" start="2024-04-04T19:13:08.149188" elapsed="0.000564"/>
</kw>
<kw name="Should Match Regexp" owner="BuiltIn">
<arg>${json_data['results'][0]['dob']['date']}</arg>
<arg>\\d{4}-\\d{2}-\\d{2}T\\d{2}:\\d{2}:\\d{2}\\.\\d{3}Z</arg>
<doc>Fails if ``string`` does not match ``pattern`` as a regular expression.</doc>
<status status="PASS" start="2024-04-04T19:13:08.149955" elapsed="0.000492"/>
</kw>
<kw name="Should Match Regexp" owner="BuiltIn">
<arg>${json_data['results'][0]['registered']['date']}</arg>
<arg>\\d{4}-\\d{2}-\\d{2}T\\d{2}:\\d{2}:\\d{2}\\.\\d{3}Z</arg>
<doc>Fails if ``string`` does not match ``pattern`` as a regular expression.</doc>
<status status="PASS" start="2024-04-04T19:13:08.150642" elapsed="0.000368"/>
</kw>
<kw name="Should Match Regexp" owner="BuiltIn">
<arg>${json_data['results'][0]['picture']['large']}</arg>
<arg>^https?://.*\.(?:png|jpe?g|gif|bmp)$</arg>
<doc>Fails if ``string`` does not match ``pattern`` as a regular expression.</doc>
<status status="PASS" start="2024-04-04T19:13:08.151200" elapsed="0.000470"/>
</kw>
<kw name="Should Match Regexp" owner="BuiltIn">
<arg>${json_data['results'][0]['picture']['medium']}</arg>
<arg>^https?://.*\.(?:png|jpe?g|gif|bmp)$</arg>
<doc>Fails if ``string`` does not match ``pattern`` as a regular expression.</doc>
<status status="PASS" start="2024-04-04T19:13:08.151861" elapsed="0.000360"/>
</kw>
<kw name="Should Match Regexp" owner="BuiltIn">
<arg>${json_data['results'][0]['picture']['thumbnail']}</arg>
<arg>^https?://.*\.(?:png|jpe?g|gif|bmp)$</arg>
<doc>Fails if ``string`` does not match ``pattern`` as a regular expression.</doc>
<status status="PASS" start="2024-04-04T19:13:08.152408" elapsed="0.000357"/>
</kw>
<kw name="Log" owner="BuiltIn">
<msg time="2024-04-04T19:13:08.153284" level="INFO">{'large': 'https://randomuser.me/api/portraits/men/19.jpg', 'medium': 'https://randomuser.me/api/portraits/med/men/19.jpg', 'thumbnail': 'https://randomuser.me/api/portraits/thumb/men/19.jpg'}</msg>
<arg>${json_data['results'][0]['picture']}</arg>
<doc>Logs the given message with the given level.</doc>
<status status="PASS" start="2024-04-04T19:13:08.152949" elapsed="0.000380"/>
</kw>
<status status="PASS" start="2024-04-04T19:13:08.105537" elapsed="0.048074"/>
</kw>
<kw name="Teste de Tipos de Dados - Postcode" owner="random-user-service">
<kw name="GET On Session" owner="RequestsLibrary">
<msg time="2024-04-04T19:13:08.245864" level="INFO">GET Request : url=https://randomuser.me/api 
 path_url=/api 
 headers={'User-Agent': 'python-requests/2.31.0', 'Accept-Encoding': 'gzip, deflate', 'Accept': '*/*', 'Connection': 'keep-alive'} 
 body=None 
 </msg>
<msg time="2024-04-04T19:13:08.245931" level="INFO">GET Response : url=https://randomuser.me/api 
 status=200, reason=OK 
 headers={'Date': 'Thu, 04 Apr 2024 19:13:08 GMT', 'Content-Type': 'application/json; charset=utf-8', 'Transfer-Encoding': 'chunked', 'Connection': 'keep-alive', 'X-Powered-By': 'Express', 'Access-Control-Allow-Origin': '*', 'Cache-Control': 'no-cache', 'ETag': 'W/"484-HIwQSpCifnm44bf0LiDBv5RmcUc"', 'Vary': 'Accept-Encoding', 'Content-Encoding': 'gzip', 'CF-Cache-Status': 'DYNAMIC', 'Report-To': '{"endpoints":[{"url":"https:\\/\\/a.nel.cloudflare.com\\/report\\/v4?s=pXR2qSFQdM7EryhWk8FMY4uXsPCPXUBf4Q38lEolxgjWwmStYx8CzPzlPxM%2BsdGNAWkJ9eOiwNr%2BqMRQpW3LlrRIiEQz2bJdfnMgi2hZY5b3vQm%2BzNstrc32anl475iR"}],"group":"cf-nel","max_age":604800}', 'NEL': '{"success_fraction":0,"report_to":"cf-nel","max_age":604800}', 'Server': 'cloudflare', 'CF-RAY': '86f39d2a095a0801-IAD', 'alt-svc': 'h3=":443"; ma=86400'} 
 body={"results":[{"gender":"female","name":{"title":"Mrs","first":"Barbara","last":"Ferguson"},"location":{"street":{"number":4722,"name":"Church Road"},"city":"Sligo","state":"Sligo","country":"Ireland","postcode":81537,"coordinates":{"latitude":"-3.5740","longitude":"81.2260"},"timezone":{"offset":"+7:00","description":"Bangkok, Hanoi, Jakarta"}},"email":"barbara.ferguson@example.com","login":{"uuid":"235d71dc-c0ff-416f-93c6-c14357e4be89","username":"happyrabbit164","password":"sharpe","salt":"d70dA0vo","md5":"eecbb24da3b6c56d9a6e78fd826e07a7","sha1":"c4f752c9318759600dfbc00b0c32f1832f08e346","sha256":"a671e76f25b9f2ec101f0989270cda98283746b5e360f56589d5773d664efc7e"},"dob":{"date":"1960-06-26T19:25:23.186Z","age":63},"registered":{"date":"2007-03-08T07:45:07.425Z","age":17},"phone":"041-827-9559","cell":"081-259-5107","id":{"name":"PPS","value":"4945126T"},"picture":{"large":"https://randomuser.me/api/portraits/women/35.jpg","medium":"https://randomuser.me/api/portraits/med/women/35.jpg","thumbnail":"https://randomuser.me/api/portraits/thumb/women/35.jpg"},"nat":"IE"}],"info":{"seed":"d53e4482487ac872","results":1,"page":1,"version":"1.4"}} 
 </msg>
<msg time="2024-04-04T19:13:08.246000" level="INFO">/opt/hostedtoolcache/Python/3.12.2/x64/lib/python3.12/site-packages/urllib3/connectionpool.py:1103: InsecureRequestWarning: Unverified HTTPS request is being made to host 'randomuser.me'. Adding certificate verification is strongly advised. See: https://urllib3.readthedocs.io/en/latest/advanced-usage.html#tls-warnings
  warnings.warn(</msg>
<msg time="2024-04-04T19:13:08.246097" level="INFO">${response} = &lt;Response [200]&gt;</msg>
<var>${response}</var>
<arg>consultarAPI</arg>
<arg>/api</arg>
<doc>Sends a GET request on a previously created HTTP Session.</doc>
<status status="PASS" start="2024-04-04T19:13:08.154169" elapsed="0.091977"/>
</kw>
<kw name="Set Variable" owner="BuiltIn">
<msg time="2024-04-04T19:13:08.247213" level="INFO">${json_data} = {'results': [{'gender': 'female', 'name': {'title': 'Mrs', 'first': 'Barbara', 'last': 'Ferguson'}, 'location': {'street': {'number': 4722, 'name': 'Church Road'}, 'city': 'Sligo', 'state': 'Sligo', '...</msg>
<var>${json_data}</var>
<arg>${response.json()}</arg>
<doc>Returns the given values which can then be assigned to a variables.</doc>
<status status="PASS" start="2024-04-04T19:13:08.246637" elapsed="0.000604"/>
</kw>
<kw name="Log" owner="BuiltIn">
<msg time="2024-04-04T19:13:08.247696" level="INFO">{'results': [{'gender': 'female', 'name': {'title': 'Mrs', 'first': 'Barbara', 'last': 'Ferguson'}, 'location': {'street': {'number': 4722, 'name': 'Church Road'}, 'city': 'Sligo', 'state': 'Sligo', 'country': 'Ireland', 'postcode': 81537, 'coordinates': {'latitude': '-3.5740', 'longitude': '81.2260'}, 'timezone': {'offset': '+7:00', 'description': 'Bangkok, Hanoi, Jakarta'}}, 'email': 'barbara.ferguson@example.com', 'login': {'uuid': '235d71dc-c0ff-416f-93c6-c14357e4be89', 'username': 'happyrabbit164', 'password': 'sharpe', 'salt': 'd70dA0vo', 'md5': 'eecbb24da3b6c56d9a6e78fd826e07a7', 'sha1': 'c4f752c9318759600dfbc00b0c32f1832f08e346', 'sha256': 'a671e76f25b9f2ec101f0989270cda98283746b5e360f56589d5773d664efc7e'}, 'dob': {'date': '1960-06-26T19:25:23.186Z', 'age': 63}, 'registered': {'date': '2007-03-08T07:45:07.425Z', 'age': 17}, 'phone': '041-827-9559', 'cell': '081-259-5107', 'id': {'name': 'PPS', 'value': '4945126T'}, 'picture': {'large': 'https://randomuser.me/api/portraits/women/35.jpg', 'medium': 'https://randomuser.me/api/portraits/med/women/35.jpg', 'thumbnail': 'https://randomuser.me/api/portraits/thumb/women/35.jpg'}, 'nat': 'IE'}], 'info': {'seed': 'd53e4482487ac872', 'results': 1, 'page': 1, 'version': '1.4'}}</msg>
<arg>${json_data}</arg>
<doc>Logs the given message with the given level.</doc>
<status status="PASS" start="2024-04-04T19:13:08.247546" elapsed="0.000227"/>
</kw>
<kw name="Should Be Equal As Numbers" owner="BuiltIn">
<arg>${json_data['results'][0]['location']['postcode']}</arg>
<arg>${json_data['results'][0]['location']['postcode']}</arg>
<doc>Fails if objects are unequal after converting them to real numbers.</doc>
<status status="PASS" start="2024-04-04T19:13:08.248075" elapsed="0.000625"/>
</kw>
<kw name="Log" owner="BuiltIn">
<msg time="2024-04-04T19:13:08.249231" level="INFO">81537</msg>
<arg>${json_data['results'][0]['location']['postcode']}</arg>
<doc>Logs the given message with the given level.</doc>
<status status="PASS" start="2024-04-04T19:13:08.248892" elapsed="0.000380"/>
</kw>
<status status="PASS" start="2024-04-04T19:13:08.153828" elapsed="0.095727"/>
</kw>
<doc>Testa se os tipos de dados na resposta da API estão corretos.</doc>
<tag>testeTiposDados</tag>
<status status="PASS" start="2024-04-04T19:13:08.104953" elapsed="0.144766"/>
</test>
<test id="s1-s1-t5" name="Validar conteudo" line="35">
<kw name="Teste de Tipos de Conteudo" owner="random-user-service">
<kw name="GET On Session" owner="RequestsLibrary">
<msg time="2024-04-04T19:13:08.341338" level="INFO">GET Request : url=https://randomuser.me/api 
 path_url=/api 
 headers={'User-Agent': 'python-requests/2.31.0', 'Accept-Encoding': 'gzip, deflate', 'Accept': '*/*', 'Connection': 'keep-alive'} 
 body=None 
 </msg>
<msg time="2024-04-04T19:13:08.341421" level="INFO">GET Response : url=https://randomuser.me/api 
 status=200, reason=OK 
 headers={'Date': 'Thu, 04 Apr 2024 19:13:08 GMT', 'Content-Type': 'application/json; charset=utf-8', 'Transfer-Encoding': 'chunked', 'Connection': 'keep-alive', 'X-Powered-By': 'Express', 'Access-Control-Allow-Origin': '*', 'Cache-Control': 'no-cache', 'ETag': 'W/"497-FjDHjCHSdOrHLpUdXaFjB+trknY"', 'Vary': 'Accept-Encoding', 'Content-Encoding': 'gzip', 'CF-Cache-Status': 'DYNAMIC', 'Report-To': '{"endpoints":[{"url":"https:\\/\\/a.nel.cloudflare.com\\/report\\/v4?s=KxPf2tRa%2F8BsZ42twZTm7QBllwwZIdIw6gEJvwsxkZzVE5xcDA7hO93O09TBB85T5fKwR7JBc6%2BSOiEI7lHLbMfkonyErw8kLFg9QNeSwpT7eW%2FLmzdmvk%2FFVMAnJ8yp"}],"group":"cf-nel","max_age":604800}', 'NEL': '{"success_fraction":0,"report_to":"cf-nel","max_age":604800}', 'Server': 'cloudflare', 'CF-RAY': '86f39d2aaab10801-IAD', 'alt-svc': 'h3=":443"; ma=86400'} 
 body={"results":[{"gender":"female","name":{"title":"Ms","first":"Eugenia","last":"Serrano"},"location":{"street":{"number":605,"name":"Calle de Bravo Murillo"},"city":"Lugo","state":"La Rioja","country":"Spain","postcode":58262,"coordinates":{"latitude":"-38.2823","longitude":"57.3245"},"timezone":{"offset":"+1:00","description":"Brussels, Copenhagen, Madrid, Paris"}},"email":"eugenia.serrano@example.com","login":{"uuid":"5ef7067c-8502-4ac4-8fff-9f46fba228b3","username":"whitemouse969","password":"xander","salt":"ubjPWsH9","md5":"4c32f56d1558e9caee619568110f196e","sha1":"6330a5bd476b0c09dbca65be0fcc696afe57c193","sha256":"55096aa630718948118ca6969ad0b5e268dd48d4bb03475a9738d17735b70a37"},"dob":{"date":"1962-02-19T05:21:09.462Z","age":62},"registered":{"date":"2010-09-27T23:28:33.061Z","age":13},"phone":"976-115-729","cell":"623-762-755","id":{"name":"DNI","value":"47052293-F"},"picture":{"large":"https://randomuser.me/api/portraits/women/91.jpg","medium":"https://randomuser.me/api/portraits/med/women/91.jpg","thumbnail":"https://randomuser.me/api/portraits/thumb/women/91.jpg"},"nat":"ES"}],"info":{"seed":"52812a9bfd2c4267","results":1,"page":1,"version":"1.4"}} 
 </msg>
<msg time="2024-04-04T19:13:08.341517" level="INFO">/opt/hostedtoolcache/Python/3.12.2/x64/lib/python3.12/site-packages/urllib3/connectionpool.py:1103: InsecureRequestWarning: Unverified HTTPS request is being made to host 'randomuser.me'. Adding certificate verification is strongly advised. See: https://urllib3.readthedocs.io/en/latest/advanced-usage.html#tls-warnings
  warnings.warn(</msg>
<msg time="2024-04-04T19:13:08.341638" level="INFO">${response} = &lt;Response [200]&gt;</msg>
<var>${response}</var>
<arg>consultarAPI</arg>
<arg>/api</arg>
<doc>Sends a GET request on a previously created HTTP Session.</doc>
<status status="PASS" start="2024-04-04T19:13:08.252199" elapsed="0.089489"/>
</kw>
<kw name="Set Variable" owner="BuiltIn">
<msg time="2024-04-04T19:13:08.342820" level="INFO">${json_data} = {'results': [{'gender': 'female', 'name': {'title': 'Ms', 'first': 'Eugenia', 'last': 'Serrano'}, 'location': {'street': {'number': 605, 'name': 'Calle de Bravo Murillo'}, 'city': 'Lugo', 'state': 'La...</msg>
<var>${json_data}</var>
<arg>${response.json()}</arg>
<doc>Returns the given values which can then be assigned to a variables.</doc>
<status status="PASS" start="2024-04-04T19:13:08.342240" elapsed="0.000609"/>
</kw>
<kw name="Set Variable" owner="BuiltIn">
<msg time="2024-04-04T19:13:08.343537" level="INFO">${name_title} = Ms</msg>
<var>${name_title}</var>
<arg>${json_data["results"][0]["name"]["title"]}</arg>
<doc>Returns the given values which can then be assigned to a variables.</doc>
<status status="PASS" start="2024-04-04T19:13:08.343154" elapsed="0.000408"/>
</kw>
<kw name="Create List" owner="BuiltIn">
<msg time="2024-04-04T19:13:08.344010" level="INFO">${allowed_titles} = ['Mr', 'Ms', 'Miss', 'Mrs', 'Madame', 'Monsieur']</msg>
<var>${allowed_titles}</var>
<arg>Mr</arg>
<arg>Ms</arg>
<arg>Miss</arg>
<arg>Mrs</arg>
<arg>Madame</arg>
<arg>Monsieur</arg>
<doc>Returns a list containing given items.</doc>
<status status="PASS" start="2024-04-04T19:13:08.343860" elapsed="0.000174"/>
</kw>
<kw name="List Should Contain Value" owner="Collections">
<msg time="2024-04-04T19:13:08.344512" level="INFO">False</msg>
<arg>${allowed_titles}</arg>
<arg>${name_title}</arg>
<doc>Fails if the ``value`` is not found from ``list``.</doc>
<status status="PASS" start="2024-04-04T19:13:08.344338" elapsed="0.000224"/>
</kw>
<kw name="Set Variable" owner="BuiltIn">
<msg time="2024-04-04T19:13:08.345224" level="INFO">${name_country} = ES</msg>
<var>${name_country}</var>
<arg>${json_data["results"][0]["nat"]}</arg>
<doc>Returns the given values which can then be assigned to a variables.</doc>
<status status="PASS" start="2024-04-04T19:13:08.344850" elapsed="0.000399"/>
</kw>
<kw name="Create List" owner="BuiltIn">
<msg time="2024-04-04T19:13:08.346201" level="INFO">${list_country} = ['AD', 'AE', 'AF', 'AG', 'AI', 'AL', 'AM', 'AO', 'AQ', 'AR', 'AS', 'AT', 'AU', 'AW', 'AX', 'AZ', 'BA', 'BB', 'BD', 'BE', 'BF', 'BG', 'BH', 'BI', 'BJ', 'BL', 'BM', 'BN', 'BO', 'BQ', 'BR', 'BS', 'BT', '...</msg>
<var>${list_country}</var>
<arg>AD</arg>
<arg>AE</arg>
<arg>AF</arg>
<arg>AG</arg>
<arg>AI</arg>
<arg>AL</arg>
<arg>AM</arg>
<arg>AO</arg>
<arg>AQ</arg>
<arg>AR</arg>
<arg>AS</arg>
<arg>AT</arg>
<arg>AU</arg>
<arg>AW</arg>
<arg>AX</arg>
<arg>AZ</arg>
<arg>BA</arg>
<arg>BB</arg>
<arg>BD</arg>
<arg>BE</arg>
<arg>BF</arg>
<arg>BG</arg>
<arg>BH</arg>
<arg>BI</arg>
<arg>BJ</arg>
<arg>BL</arg>
<arg>BM</arg>
<arg>BN</arg>
<arg>BO</arg>
<arg>BQ</arg>
<arg>BR</arg>
<arg>BS</arg>
<arg>BT</arg>
<arg>BV</arg>
<arg>BW</arg>
<arg>BY</arg>
<arg>BZ</arg>
<arg>CA</arg>
<arg>CC</arg>
<arg>CD</arg>
<arg>CF</arg>
<arg>CG</arg>
<arg>CH</arg>
<arg>CI</arg>
<arg>CK</arg>
<arg>CL</arg>
<arg>CM</arg>
<arg>CN</arg>
<arg>CO</arg>
<arg>CR</arg>
<arg>CU</arg>
<arg>CV</arg>
<arg>CW</arg>
<arg>CX</arg>
<arg>CY</arg>
<arg>CZ</arg>
<arg>DE</arg>
<arg>DJ</arg>
<arg>DK</arg>
<arg>DM</arg>
<arg>DO</arg>
<arg>DZ</arg>
<arg>EC</arg>
<arg>EE</arg>
<arg>EG</arg>
<arg>EH</arg>
<arg>ER</arg>
<arg>ES</arg>
<arg>ET</arg>
<arg>FI</arg>
<arg>FJ</arg>
<arg>FK</arg>
<arg>FM</arg>
<arg>FO</arg>
<arg>FR</arg>
<arg>GA</arg>
<arg>GB</arg>
<arg>GD</arg>
<arg>GE</arg>
<arg>GF</arg>
<arg>GG</arg>
<arg>GH</arg>
<arg>GI</arg>
<arg>GL</arg>
<arg>GM</arg>
<arg>GN</arg>
<arg>GP</arg>
<arg>GQ</arg>
<arg>GR</arg>
<arg>GS</arg>
<arg>GT</arg>
<arg>GU</arg>
<arg>GW</arg>
<arg>GY</arg>
<arg>HK</arg>
<arg>HM</arg>
<arg>HN</arg>
<arg>HR</arg>
<arg>HT</arg>
<arg>HU</arg>
<arg>ID</arg>
<arg>IE</arg>
<arg>IL</arg>
<arg>IM</arg>
<arg>IN</arg>
<arg>IO</arg>
<arg>IQ</arg>
<arg>IR</arg>
<arg>IS</arg>
<arg>IT</arg>
<arg>JE</arg>
<arg>JM</arg>
<arg>JO</arg>
<arg>JP</arg>
<arg>KE</arg>
<arg>KG</arg>
<arg>KH</arg>
<arg>KI</arg>
<arg>KM</arg>
<arg>KN</arg>
<arg>KP</arg>
<arg>KR</arg>
<arg>KW</arg>
<arg>KY</arg>
<arg>KZ</arg>
<arg>LA</arg>
<arg>LB</arg>
<arg>LC</arg>
<arg>LI</arg>
<arg>LK</arg>
<arg>LR</arg>
<arg>LS</arg>
<arg>LT</arg>
<arg>LU</arg>
<arg>LV</arg>
<arg>LY</arg>
<arg>MA</arg>
<arg>MC</arg>
<arg>MD</arg>
<arg>ME</arg>
<arg>MF</arg>
<arg>MG</arg>
<arg>MH</arg>
<arg>MK</arg>
<arg>ML</arg>
<arg>MM</arg>
<arg>MN</arg>
<arg>MO</arg>
<arg>MP</arg>
<arg>MQ</arg>
<arg>MR</arg>
<arg>MS</arg>
<arg>MT</arg>
<arg>MU</arg>
<arg>MV</arg>
<arg>MW</arg>
<arg>MX</arg>
<arg>MY</arg>
<arg>MZ</arg>
<arg>NA</arg>
<arg>NC</arg>
<arg>NE</arg>
<arg>NF</arg>
<arg>NG</arg>
<arg>NI</arg>
<arg>NL</arg>
<arg>NO</arg>
<arg>NP</arg>
<arg>NR</arg>
<arg>NU</arg>
<arg>NZ</arg>
<arg>OM</arg>
<arg>PA</arg>
<arg>PE</arg>
<arg>PF</arg>
<arg>PG</arg>
<arg>PH</arg>
<arg>PK</arg>
<arg>PL</arg>
<arg>PM</arg>
<arg>PN</arg>
<arg>PR</arg>
<arg>PS</arg>
<arg>PT</arg>
<arg>PW</arg>
<arg>PY</arg>
<arg>QA</arg>
<arg>RE</arg>
<arg>RO</arg>
<arg>RS</arg>
<arg>RU</arg>
<arg>RW</arg>
<arg>SA</arg>
<arg>SB</arg>
<arg>SC</arg>
<arg>SD</arg>
<arg>SE</arg>
<arg>SG</arg>
<arg>SH</arg>
<arg>SI</arg>
<arg>SJ</arg>
<arg>SK</arg>
<arg>SL</arg>
<arg>SM</arg>
<arg>SN</arg>
<arg>SO</arg>
<arg>SR</arg>
<arg>SS</arg>
<arg>ST</arg>
<arg>SV</arg>
<arg>SX</arg>
<arg>SY</arg>
<arg>SZ</arg>
<arg>TC</arg>
<arg>TD</arg>
<arg>TF</arg>
<arg>TG</arg>
<arg>TH</arg>
<arg>TJ</arg>
<arg>TK</arg>
<arg>TL</arg>
<arg>TM</arg>
<arg>TN</arg>
<arg>TO</arg>
<arg>TR</arg>
<arg>TT</arg>
<arg>TV</arg>
<arg>TW</arg>
<arg>TZ</arg>
<arg>UA</arg>
<arg>UG</arg>
<arg>UM</arg>
<arg>US</arg>
<arg>UY</arg>
<arg>UZ</arg>
<arg>VA</arg>
<arg>VC</arg>
<arg>VE</arg>
<arg>VG</arg>
<arg>VI</arg>
<arg>VN</arg>
<arg>VU</arg>
<arg>WF</arg>
<arg>WS</arg>
<arg>XK</arg>
<arg>YE</arg>
<arg>YT</arg>
<arg>ZA</arg>
<arg>ZM</arg>
<arg>ZW</arg>
<doc>Returns a list containing given items.</doc>
<status status="PASS" start="2024-04-04T19:13:08.345598" elapsed="0.000628"/>
</kw>
<kw name="List Should Contain Value" owner="Collections">
<msg time="2024-04-04T19:13:08.347322" level="INFO">False</msg>
<arg>${list_country}</arg>
<arg>${name_country}</arg>
<doc>Fails if the ``value`` is not found from ``list``.</doc>
<status status="PASS" start="2024-04-04T19:13:08.347118" elapsed="0.000241"/>
</kw>
<kw name="Run Keyword If" owner="BuiltIn">
<kw name="Should Be True" owner="BuiltIn">
<arg>${True}</arg>
<doc>Fails if the given condition is not true.</doc>
<status status="PASS" start="2024-04-04T19:13:08.348443" elapsed="0.000146"/>
</kw>
<arg>${json_data["results"][0]["location"]["coordinates"]["latitude"]} &gt;= -90 and ${json_data["results"][0]["location"]["coordinates"]["latitude"]} &lt;= 90</arg>
<arg>Should Be True</arg>
<arg>${True}</arg>
<doc>Runs the given keyword with the given arguments, if ``condition`` is true.</doc>
<status status="PASS" start="2024-04-04T19:13:08.347674" elapsed="0.001042"/>
</kw>
<kw name="Run Keyword If" owner="BuiltIn">
<kw name="Should Be True" owner="BuiltIn">
<arg>${True}</arg>
<doc>Fails if the given condition is not true.</doc>
<status status="PASS" start="2024-04-04T19:13:08.349631" elapsed="0.000141"/>
</kw>
<arg>${json_data["results"][0]["location"]["coordinates"]["longitude"]} &gt;= -180 and ${json_data["results"][0]["location"]["coordinates"]["longitude"]} &lt;= 180</arg>
<arg>Should Be True</arg>
<arg>${True}</arg>
<doc>Runs the given keyword with the given arguments, if ``condition`` is true.</doc>
<status status="PASS" start="2024-04-04T19:13:08.348901" elapsed="0.000995"/>
</kw>
<status status="PASS" start="2024-04-04T19:13:08.251977" elapsed="0.098048"/>
</kw>
<doc>Testa o conteúdo específico dos campos retornados pela API.</doc>
<tag>testeConteudo</tag>
<status status="PASS" start="2024-04-04T19:13:08.251439" elapsed="0.098735"/>
</test>
<status status="PASS" start="2024-04-04T19:13:07.219279" elapsed="1.132851"/>
</suite>
<status status="PASS" start="2024-04-04T19:13:07.205659" elapsed="1.151900"/>
</suite>
<statistics>
<total>
<stat pass="5" fail="0" skip="0">All Tests</stat>
</total>
<tag>
<stat pass="1" fail="0" skip="0">testeConteudo</stat>
<stat pass="1" fail="0" skip="0">testeEstruturaResposta</stat>
<stat pass="1" fail="0" skip="0">testeRequisicaoBasica</stat>
<stat pass="1" fail="0" skip="0">testeTiposDados</stat>
</tag>
<suite>
<stat pass="5" fail="0" skip="0" id="s1" name="Tests">Tests</stat>
<stat pass="5" fail="0" skip="0" id="s1-s1" name="Random-User-Test">Tests.Random-User-Test</stat>
</suite>
</statistics>
<errors>
</errors>
</robot>
