<?xml version="1.0" encoding="UTF-8"?>
<robot generator="Robot 7.0 (Python 3.12.3 on linux)" generated="2024-05-27T04:18:21.931119" rpa="false" schemaversion="5">
<suite id="s1" name="Tests" source="/home/runner/work/ApiRandomUser/ApiRandomUser/RamdonUser/tests">
<suite id="s1-s1" name="Random-User-Test" source="/home/runner/work/ApiRandomUser/ApiRandomUser/RamdonUser/tests/random-user-test.robot">
<test id="s1-s1-t1" name="Conectar" line="13">
<kw name="Conectar API" owner="random-user-service">
<kw name="Create Session" owner="RequestsLibrary">
<msg time="2024-05-27T04:18:22.316848" level="INFO">Creating Session using : alias=consultarAPI, url=https://randomuser.me/, headers={},                     cookies={}, auth=None, timeout=None, proxies=None, verify=False,                     debug=0 </msg>
<arg>consultarAPI</arg>
<arg>${URL}</arg>
<doc>Create Session: create a HTTP session to a server</doc>
<status status="PASS" start="2024-05-27T04:18:22.316639" elapsed="0.000398"/>
</kw>
<status status="PASS" start="2024-05-27T04:18:22.315556" elapsed="0.001845"/>
</kw>
<status status="PASS" start="2024-05-27T04:18:22.314982" elapsed="0.002612"/>
</test>
<test id="s1-s1-t2" name="Validar retorno 200 e JSON Válido" line="16">
<kw name="Teste de Requisicao Basica" owner="random-user-service">
<kw name="GET On Session" owner="RequestsLibrary">
<msg time="2024-05-27T04:18:22.531310" level="INFO">GET Request : url=https://randomuser.me/api 
 path_url=/api 
 headers={'User-Agent': 'python-requests/2.32.2', 'Accept-Encoding': 'gzip, deflate', 'Accept': '*/*', 'Connection': 'keep-alive'} 
 body=None 
 </msg>
<msg time="2024-05-27T04:18:22.531536" level="INFO">GET Response : url=https://randomuser.me/api 
 status=200, reason=OK 
 headers={'Date': 'Mon, 27 May 2024 04:18:22 GMT', 'Content-Type': 'application/json; charset=utf-8', 'Transfer-Encoding': 'chunked', 'Connection': 'keep-alive', 'X-Powered-By': 'Express', 'Access-Control-Allow-Origin': '*', 'Cache-Control': 'no-cache', 'ETag': 'W/"4a8-E5+Pcfz8cF8R59bik8rCV/j+lT4"', 'Vary': 'Accept-Encoding', 'Content-Encoding': 'gzip', 'CF-Cache-Status': 'DYNAMIC', 'Report-To': '{"endpoints":[{"url":"https:\\/\\/a.nel.cloudflare.com\\/report\\/v4?s=NBwxXrv0tA3JZW%2Ft3VZMTJUApTpwCSfFv%2FOiClwL3%2B2bgb547BRxiTfi2ldTxZGB5cY%2FeWAKEQe7nywBWZosaAttDNde2L%2BUG5npS0V8ppknf9iylA%2B6%2BIFVJHbABdw7"}],"group":"cf-nel","max_age":604800}', 'NEL': '{"success_fraction":0,"report_to":"cf-nel","max_age":604800}', 'Server': 'cloudflare', 'CF-RAY': '88a3335a98873b7e-IAD', 'alt-svc': 'h3=":443"; ma=86400'} 
 body={"results":[{"gender":"male","name":{"title":"Monsieur","first":"Luigi","last":"Marchand"},"location":{"street":{"number":2451,"name":"Avenue Jean-Jaurès"},"city":"Eriswil","state":"Vaud","country":"Switzerland","postcode":9636,"coordinates":{"latitude":"-62.2857","longitude":"-120.4684"},"timezone":{"offset":"+11:00","description":"Magadan, Solomon Islands, New Caledonia"}},"email":"luigi.marchand@example.com","login":{"uuid":"99f314e9-9c8d-451d-8f58-dbd7faf193c9","username":"greenleopard876","password":"yolanda","salt":"LYH2vgYr","md5":"7127543b993e127286e4ed5d20deebcf","sha1":"fa21f7b2916d8a4de3a8697d29ab2cd93b11ea1e","sha256":"1002d80ead3de867dbc940cf5b913518d2b0482c9abb2b9a289da5d62cd3f81b"},"dob":{"date":"1986-07-06T06:28:46.397Z","age":37},"registered":{"date":"2018-10-11T16:44:32.874Z","age":5},"phone":"078 905 27 50","cell":"076 025 08 19","id":{"name":"AVS","value":"756.6555.5301.13"},"picture":{"large":"https://randomuser.me/api/portraits/men/44.jpg","medium":"https://randomuser.me/api/portraits/med/men/44.jpg","thumbnail":"https://randomuser.me/api/portraits/thumb/men/44.jpg"},"nat":"CH"}],"info":{"seed":"1fd4af1fd252397b","results":1,"page":1,"version":"1.4"}} 
 </msg>
<msg time="2024-05-27T04:18:22.531672" level="INFO">/opt/hostedtoolcache/Python/3.12.3/x64/lib/python3.12/site-packages/urllib3/connectionpool.py:1103: InsecureRequestWarning: Unverified HTTPS request is being made to host 'randomuser.me'. Adding certificate verification is strongly advised. See: https://urllib3.readthedocs.io/en/latest/advanced-usage.html#tls-warnings
  warnings.warn(</msg>
<msg time="2024-05-27T04:18:22.531901" level="INFO">${response} = &lt;Response [200]&gt;</msg>
<var>${response}</var>
<arg>consultarAPI</arg>
<arg>/api</arg>
<doc>Sends a GET request on a previously created HTTP Session.</doc>
<status status="PASS" start="2024-05-27T04:18:22.320224" elapsed="0.211723"/>
</kw>
<kw name="Should Be Equal As Numbers" owner="BuiltIn">
<msg time="2024-05-27T04:18:22.533421" level="INFO">Argument types are:
&lt;class 'int'&gt;
&lt;class 'str'&gt;</msg>
<arg>${response.status_code}</arg>
<arg>200</arg>
<doc>Fails if objects are unequal after converting them to real numbers.</doc>
<status status="PASS" start="2024-05-27T04:18:22.532697" elapsed="0.000831"/>
</kw>
<kw name="Log" owner="BuiltIn">
<msg time="2024-05-27T04:18:22.534637" level="INFO">200</msg>
<arg>${response.status_code}</arg>
<doc>Logs the given message with the given level.</doc>
<status status="PASS" start="2024-05-27T04:18:22.534019" elapsed="0.000701"/>
</kw>
<kw name="Set Variable" owner="BuiltIn">
<msg time="2024-05-27T04:18:22.535968" level="INFO">${json_data} = {'results': [{'gender': 'male', 'name': {'title': 'Monsieur', 'first': 'Luigi', 'last': 'Marchand'}, 'location': {'street': {'number': 2451, 'name': 'Avenue Jean-Jaurès'}, 'city': 'Eriswil', 'state': ...</msg>
<var>${json_data}</var>
<arg>${response.json()}</arg>
<doc>Returns the given values which can then be assigned to a variables.</doc>
<status status="PASS" start="2024-05-27T04:18:22.535201" elapsed="0.000813"/>
</kw>
<kw name="Dictionary Should Contain Key" owner="Collections">
<msg time="2024-05-27T04:18:22.536745" level="INFO">False</msg>
<arg>${json_data}</arg>
<arg>results</arg>
<doc>Fails if ``key`` is not found from ``dictionary``.</doc>
<status status="PASS" start="2024-05-27T04:18:22.536481" elapsed="0.000561"/>
</kw>
<status status="PASS" start="2024-05-27T04:18:22.319966" elapsed="0.217462"/>
</kw>
<doc>Testa se a API responde corretamente e retorna um objeto JSON válido.</doc>
<tag>testeRequisicaoBasica</tag>
<status status="PASS" start="2024-05-27T04:18:22.319460" elapsed="0.218272"/>
</test>
<test id="s1-s1-t3" name="Validar estrutura de resposta" line="22">
<kw name="Teste de Estrutura de Resposta" owner="random-user-service">
<kw name="GET On Session" owner="RequestsLibrary">
<msg time="2024-05-27T04:18:22.630390" level="INFO">GET Request : url=https://randomuser.me/api 
 path_url=/api 
 headers={'User-Agent': 'python-requests/2.32.2', 'Accept-Encoding': 'gzip, deflate', 'Accept': '*/*', 'Connection': 'keep-alive'} 
 body=None 
 </msg>
<msg time="2024-05-27T04:18:22.630492" level="INFO">GET Response : url=https://randomuser.me/api 
 status=200, reason=OK 
 headers={'Date': 'Mon, 27 May 2024 04:18:22 GMT', 'Content-Type': 'application/json; charset=utf-8', 'Transfer-Encoding': 'chunked', 'Connection': 'keep-alive', 'X-Powered-By': 'Express', 'Access-Control-Allow-Origin': '*', 'Cache-Control': 'no-cache', 'ETag': 'W/"494-MsiUW7M3PEbVEpmeiLGhzyQeyM0"', 'Vary': 'Accept-Encoding', 'Content-Encoding': 'gzip', 'CF-Cache-Status': 'DYNAMIC', 'Report-To': '{"endpoints":[{"url":"https:\\/\\/a.nel.cloudflare.com\\/report\\/v4?s=uiY3TGMDQjQCRjdo9QDbm1eUjIlVjhQW29CeBC7lxdRJYM2b50q%2FVk0wOguaUxiLDT%2FuN5au0TjcVyZPtieSywBq75UVFIHan9CY%2F9oMpo17UImdcEWjyhnBopEhq9KP"}],"group":"cf-nel","max_age":604800}', 'NEL': '{"success_fraction":0,"report_to":"cf-nel","max_age":604800}', 'Server': 'cloudflare', 'CF-RAY': '88a3335ae8d73b7e-IAD', 'alt-svc': 'h3=":443"; ma=86400'} 
 body={"results":[{"gender":"female","name":{"title":"Miss","first":"Carmen","last":"Prieto"},"location":{"street":{"number":2721,"name":"Paseo de Zorrilla"},"city":"Lorca","state":"Castilla y León","country":"Spain","postcode":83093,"coordinates":{"latitude":"-30.1994","longitude":"161.2701"},"timezone":{"offset":"-8:00","description":"Pacific Time (US &amp; Canada)"}},"email":"carmen.prieto@example.com","login":{"uuid":"2b424f75-c52c-4d48-9371-18f456af6c39","username":"bigbutterfly576","password":"hudson","salt":"wkY1pIKo","md5":"0ff7759b4121e02a333b9006557f0352","sha1":"5b1ae39c3256871a30cf6a2f22fefa651728acb5","sha256":"23a06c0cbee31629b70f29c0cccd4c8e5c26cfcaf96752842ba689c20972788d"},"dob":{"date":"2001-03-06T21:33:23.324Z","age":23},"registered":{"date":"2007-10-17T20:54:13.932Z","age":16},"phone":"936-948-268","cell":"675-796-806","id":{"name":"DNI","value":"37121494-F"},"picture":{"large":"https://randomuser.me/api/portraits/women/33.jpg","medium":"https://randomuser.me/api/portraits/med/women/33.jpg","thumbnail":"https://randomuser.me/api/portraits/thumb/women/33.jpg"},"nat":"ES"}],"info":{"seed":"060166538c9dc060","results":1,"page":1,"version":"1.4"}} 
 </msg>
<msg time="2024-05-27T04:18:22.630629" level="INFO">/opt/hostedtoolcache/Python/3.12.3/x64/lib/python3.12/site-packages/urllib3/connectionpool.py:1103: InsecureRequestWarning: Unverified HTTPS request is being made to host 'randomuser.me'. Adding certificate verification is strongly advised. See: https://urllib3.readthedocs.io/en/latest/advanced-usage.html#tls-warnings
  warnings.warn(</msg>
<msg time="2024-05-27T04:18:22.630755" level="INFO">${response} = &lt;Response [200]&gt;</msg>
<var>${response}</var>
<arg>consultarAPI</arg>
<arg>/api</arg>
<doc>Sends a GET request on a previously created HTTP Session.</doc>
<status status="PASS" start="2024-05-27T04:18:22.542197" elapsed="0.088599"/>
</kw>
<kw name="Set Variable" owner="BuiltIn">
<msg time="2024-05-27T04:18:22.631905" level="INFO">${json_data} = {'results': [{'gender': 'female', 'name': {'title': 'Miss', 'first': 'Carmen', 'last': 'Prieto'}, 'location': {'street': {'number': 2721, 'name': 'Paseo de Zorrilla'}, 'city': 'Lorca', 'state': 'Casti...</msg>
<var>${json_data}</var>
<arg>${response.json()}</arg>
<doc>Returns the given values which can then be assigned to a variables.</doc>
<status status="PASS" start="2024-05-27T04:18:22.631303" elapsed="0.000635"/>
</kw>
<kw name="Log" owner="BuiltIn">
<msg time="2024-05-27T04:18:22.632464" level="INFO">{'results': [{'gender': 'female', 'name': {'title': 'Miss', 'first': 'Carmen', 'last': 'Prieto'}, 'location': {'street': {'number': 2721, 'name': 'Paseo de Zorrilla'}, 'city': 'Lorca', 'state': 'Castilla y León', 'country': 'Spain', 'postcode': 83093, 'coordinates': {'latitude': '-30.1994', 'longitude': '161.2701'}, 'timezone': {'offset': '-8:00', 'description': 'Pacific Time (US &amp; Canada)'}}, 'email': 'carmen.prieto@example.com', 'login': {'uuid': '2b424f75-c52c-4d48-9371-18f456af6c39', 'username': 'bigbutterfly576', 'password': 'hudson', 'salt': 'wkY1pIKo', 'md5': '0ff7759b4121e02a333b9006557f0352', 'sha1': '5b1ae39c3256871a30cf6a2f22fefa651728acb5', 'sha256': '23a06c0cbee31629b70f29c0cccd4c8e5c26cfcaf96752842ba689c20972788d'}, 'dob': {'date': '2001-03-06T21:33:23.324Z', 'age': 23}, 'registered': {'date': '2007-10-17T20:54:13.932Z', 'age': 16}, 'phone': '936-948-268', 'cell': '675-796-806', 'id': {'name': 'DNI', 'value': '37121494-F'}, 'picture': {'large': 'https://randomuser.me/api/portraits/women/33.jpg', 'medium': 'https://randomuser.me/api/portraits/med/women/33.jpg', 'thumbnail': 'https://randomuser.me/api/portraits/thumb/women/33.jpg'}, 'nat': 'ES'}], 'info': {'seed': '060166538c9dc060', 'results': 1, 'page': 1, 'version': '1.4'}}</msg>
<arg>${json_data}</arg>
<doc>Logs the given message with the given level.</doc>
<status status="PASS" start="2024-05-27T04:18:22.632290" elapsed="0.000237"/>
</kw>
<kw name="Dictionary Should Contain Key" owner="Collections">
<msg time="2024-05-27T04:18:22.633004" level="INFO">False</msg>
<arg>${json_data}</arg>
<arg>results</arg>
<doc>Fails if ``key`` is not found from ``dictionary``.</doc>
<status status="PASS" start="2024-05-27T04:18:22.632838" elapsed="0.000204"/>
</kw>
<kw name="Should Not Be Empty" owner="BuiltIn">
<msg time="2024-05-27T04:18:22.633484" level="INFO">Length is 2.</msg>
<arg>${json_data}</arg>
<doc>Verifies that the given item is not empty.</doc>
<status status="PASS" start="2024-05-27T04:18:22.633345" elapsed="0.000185"/>
</kw>
<kw name="Create List" owner="BuiltIn">
<msg time="2024-05-27T04:18:22.633989" level="INFO">${expected_keys} = ['gender', 'name', 'location', 'email', 'login']</msg>
<var>${expected_keys}</var>
<arg>gender</arg>
<arg>name</arg>
<arg>location</arg>
<arg>email</arg>
<arg>login</arg>
<doc>Returns a list containing given items.</doc>
<status status="PASS" start="2024-05-27T04:18:22.633832" elapsed="0.000181"/>
</kw>
<for flavor="IN">
<iter>
<kw name="Dictionary Should Contain Key" owner="Collections">
<msg time="2024-05-27T04:18:22.635034" level="INFO">False</msg>
<arg>${json_data['results'][0]}</arg>
<arg>${key}</arg>
<doc>Fails if ``key`` is not found from ``dictionary``.</doc>
<status status="PASS" start="2024-05-27T04:18:22.634612" elapsed="0.000461"/>
</kw>
<kw name="Log" owner="BuiltIn">
<msg time="2024-05-27T04:18:22.635767" level="INFO">{'gender': 'female', 'name': {'title': 'Miss', 'first': 'Carmen', 'last': 'Prieto'}, 'location': {'street': {'number': 2721, 'name': 'Paseo de Zorrilla'}, 'city': 'Lorca', 'state': 'Castilla y León', 'country': 'Spain', 'postcode': 83093, 'coordinates': {'latitude': '-30.1994', 'longitude': '161.2701'}, 'timezone': {'offset': '-8:00', 'description': 'Pacific Time (US &amp; Canada)'}}, 'email': 'carmen.prieto@example.com', 'login': {'uuid': '2b424f75-c52c-4d48-9371-18f456af6c39', 'username': 'bigbutterfly576', 'password': 'hudson', 'salt': 'wkY1pIKo', 'md5': '0ff7759b4121e02a333b9006557f0352', 'sha1': '5b1ae39c3256871a30cf6a2f22fefa651728acb5', 'sha256': '23a06c0cbee31629b70f29c0cccd4c8e5c26cfcaf96752842ba689c20972788d'}, 'dob': {'date': '2001-03-06T21:33:23.324Z', 'age': 23}, 'registered': {'date': '2007-10-17T20:54:13.932Z', 'age': 16}, 'phone': '936-948-268', 'cell': '675-796-806', 'id': {'name': 'DNI', 'value': '37121494-F'}, 'picture': {'large': 'https://randomuser.me/api/portraits/women/33.jpg', 'medium': 'https://randomuser.me/api/portraits/med/women/33.jpg', 'thumbnail': 'https://randomuser.me/api/portraits/thumb/women/33.jpg'}, 'nat': 'ES'}</msg>
<arg>${json_data['results'][0]}</arg>
<doc>Logs the given message with the given level.</doc>
<status status="PASS" start="2024-05-27T04:18:22.635382" elapsed="0.000469"/>
</kw>
<kw name="Log" owner="BuiltIn">
<msg time="2024-05-27T04:18:22.636301" level="INFO">gender</msg>
<arg>${key}</arg>
<doc>Logs the given message with the given level.</doc>
<status status="PASS" start="2024-05-27T04:18:22.636166" elapsed="0.000173"/>
</kw>
<var name="${key}">gender</var>
<status status="PASS" start="2024-05-27T04:18:22.634484" elapsed="0.002078"/>
</iter>
<iter>
<kw name="Dictionary Should Contain Key" owner="Collections">
<msg time="2024-05-27T04:18:22.637265" level="INFO">False</msg>
<arg>${json_data['results'][0]}</arg>
<arg>${key}</arg>
<doc>Fails if ``key`` is not found from ``dictionary``.</doc>
<status status="PASS" start="2024-05-27T04:18:22.636873" elapsed="0.000429"/>
</kw>
<kw name="Log" owner="BuiltIn">
<msg time="2024-05-27T04:18:22.637997" level="INFO">{'gender': 'female', 'name': {'title': 'Miss', 'first': 'Carmen', 'last': 'Prieto'}, 'location': {'street': {'number': 2721, 'name': 'Paseo de Zorrilla'}, 'city': 'Lorca', 'state': 'Castilla y León', 'country': 'Spain', 'postcode': 83093, 'coordinates': {'latitude': '-30.1994', 'longitude': '161.2701'}, 'timezone': {'offset': '-8:00', 'description': 'Pacific Time (US &amp; Canada)'}}, 'email': 'carmen.prieto@example.com', 'login': {'uuid': '2b424f75-c52c-4d48-9371-18f456af6c39', 'username': 'bigbutterfly576', 'password': 'hudson', 'salt': 'wkY1pIKo', 'md5': '0ff7759b4121e02a333b9006557f0352', 'sha1': '5b1ae39c3256871a30cf6a2f22fefa651728acb5', 'sha256': '23a06c0cbee31629b70f29c0cccd4c8e5c26cfcaf96752842ba689c20972788d'}, 'dob': {'date': '2001-03-06T21:33:23.324Z', 'age': 23}, 'registered': {'date': '2007-10-17T20:54:13.932Z', 'age': 16}, 'phone': '936-948-268', 'cell': '675-796-806', 'id': {'name': 'DNI', 'value': '37121494-F'}, 'picture': {'large': 'https://randomuser.me/api/portraits/women/33.jpg', 'medium': 'https://randomuser.me/api/portraits/med/women/33.jpg', 'thumbnail': 'https://randomuser.me/api/portraits/thumb/women/33.jpg'}, 'nat': 'ES'}</msg>
<arg>${json_data['results'][0]}</arg>
<doc>Logs the given message with the given level.</doc>
<status status="PASS" start="2024-05-27T04:18:22.637628" elapsed="0.000421"/>
</kw>
<kw name="Log" owner="BuiltIn">
<msg time="2024-05-27T04:18:22.638482" level="INFO">name</msg>
<arg>${key}</arg>
<doc>Logs the given message with the given level.</doc>
<status status="PASS" start="2024-05-27T04:18:22.638352" elapsed="0.000169"/>
</kw>
<var name="${key}">name</var>
<status status="PASS" start="2024-05-27T04:18:22.636756" elapsed="0.001988"/>
</iter>
<iter>
<kw name="Dictionary Should Contain Key" owner="Collections">
<msg time="2024-05-27T04:18:22.639427" level="INFO">False</msg>
<arg>${json_data['results'][0]}</arg>
<arg>${key}</arg>
<doc>Fails if ``key`` is not found from ``dictionary``.</doc>
<status status="PASS" start="2024-05-27T04:18:22.639046" elapsed="0.000418"/>
</kw>
<kw name="Log" owner="BuiltIn">
<msg time="2024-05-27T04:18:22.640173" level="INFO">{'gender': 'female', 'name': {'title': 'Miss', 'first': 'Carmen', 'last': 'Prieto'}, 'location': {'street': {'number': 2721, 'name': 'Paseo de Zorrilla'}, 'city': 'Lorca', 'state': 'Castilla y León', 'country': 'Spain', 'postcode': 83093, 'coordinates': {'latitude': '-30.1994', 'longitude': '161.2701'}, 'timezone': {'offset': '-8:00', 'description': 'Pacific Time (US &amp; Canada)'}}, 'email': 'carmen.prieto@example.com', 'login': {'uuid': '2b424f75-c52c-4d48-9371-18f456af6c39', 'username': 'bigbutterfly576', 'password': 'hudson', 'salt': 'wkY1pIKo', 'md5': '0ff7759b4121e02a333b9006557f0352', 'sha1': '5b1ae39c3256871a30cf6a2f22fefa651728acb5', 'sha256': '23a06c0cbee31629b70f29c0cccd4c8e5c26cfcaf96752842ba689c20972788d'}, 'dob': {'date': '2001-03-06T21:33:23.324Z', 'age': 23}, 'registered': {'date': '2007-10-17T20:54:13.932Z', 'age': 16}, 'phone': '936-948-268', 'cell': '675-796-806', 'id': {'name': 'DNI', 'value': '37121494-F'}, 'picture': {'large': 'https://randomuser.me/api/portraits/women/33.jpg', 'medium': 'https://randomuser.me/api/portraits/med/women/33.jpg', 'thumbnail': 'https://randomuser.me/api/portraits/thumb/women/33.jpg'}, 'nat': 'ES'}</msg>
<arg>${json_data['results'][0]}</arg>
<doc>Logs the given message with the given level.</doc>
<status status="PASS" start="2024-05-27T04:18:22.639771" elapsed="0.000455"/>
</kw>
<kw name="Log" owner="BuiltIn">
<msg time="2024-05-27T04:18:22.640655" level="INFO">location</msg>
<arg>${key}</arg>
<doc>Logs the given message with the given level.</doc>
<status status="PASS" start="2024-05-27T04:18:22.640527" elapsed="0.000167"/>
</kw>
<var name="${key}">location</var>
<status status="PASS" start="2024-05-27T04:18:22.638932" elapsed="0.001981"/>
</iter>
<iter>
<kw name="Dictionary Should Contain Key" owner="Collections">
<msg time="2024-05-27T04:18:22.641693" level="INFO">False</msg>
<arg>${json_data['results'][0]}</arg>
<arg>${key}</arg>
<doc>Fails if ``key`` is not found from ``dictionary``.</doc>
<status status="PASS" start="2024-05-27T04:18:22.641200" elapsed="0.000532"/>
</kw>
<kw name="Log" owner="BuiltIn">
<msg time="2024-05-27T04:18:22.642398" level="INFO">{'gender': 'female', 'name': {'title': 'Miss', 'first': 'Carmen', 'last': 'Prieto'}, 'location': {'street': {'number': 2721, 'name': 'Paseo de Zorrilla'}, 'city': 'Lorca', 'state': 'Castilla y León', 'country': 'Spain', 'postcode': 83093, 'coordinates': {'latitude': '-30.1994', 'longitude': '161.2701'}, 'timezone': {'offset': '-8:00', 'description': 'Pacific Time (US &amp; Canada)'}}, 'email': 'carmen.prieto@example.com', 'login': {'uuid': '2b424f75-c52c-4d48-9371-18f456af6c39', 'username': 'bigbutterfly576', 'password': 'hudson', 'salt': 'wkY1pIKo', 'md5': '0ff7759b4121e02a333b9006557f0352', 'sha1': '5b1ae39c3256871a30cf6a2f22fefa651728acb5', 'sha256': '23a06c0cbee31629b70f29c0cccd4c8e5c26cfcaf96752842ba689c20972788d'}, 'dob': {'date': '2001-03-06T21:33:23.324Z', 'age': 23}, 'registered': {'date': '2007-10-17T20:54:13.932Z', 'age': 16}, 'phone': '936-948-268', 'cell': '675-796-806', 'id': {'name': 'DNI', 'value': '37121494-F'}, 'picture': {'large': 'https://randomuser.me/api/portraits/women/33.jpg', 'medium': 'https://randomuser.me/api/portraits/med/women/33.jpg', 'thumbnail': 'https://randomuser.me/api/portraits/thumb/women/33.jpg'}, 'nat': 'ES'}</msg>
<arg>${json_data['results'][0]}</arg>
<doc>Logs the given message with the given level.</doc>
<status status="PASS" start="2024-05-27T04:18:22.642032" elapsed="0.000419"/>
</kw>
<kw name="Log" owner="BuiltIn">
<msg time="2024-05-27T04:18:22.642884" level="INFO">email</msg>
<arg>${key}</arg>
<doc>Logs the given message with the given level.</doc>
<status status="PASS" start="2024-05-27T04:18:22.642753" elapsed="0.000169"/>
</kw>
<var name="${key}">email</var>
<status status="PASS" start="2024-05-27T04:18:22.641087" elapsed="0.002059"/>
</iter>
<iter>
<kw name="Dictionary Should Contain Key" owner="Collections">
<msg time="2024-05-27T04:18:22.643844" level="INFO">False</msg>
<arg>${json_data['results'][0]}</arg>
<arg>${key}</arg>
<doc>Fails if ``key`` is not found from ``dictionary``.</doc>
<status status="PASS" start="2024-05-27T04:18:22.643437" elapsed="0.000446"/>
</kw>
<kw name="Log" owner="BuiltIn">
<msg time="2024-05-27T04:18:22.644549" level="INFO">{'gender': 'female', 'name': {'title': 'Miss', 'first': 'Carmen', 'last': 'Prieto'}, 'location': {'street': {'number': 2721, 'name': 'Paseo de Zorrilla'}, 'city': 'Lorca', 'state': 'Castilla y León', 'country': 'Spain', 'postcode': 83093, 'coordinates': {'latitude': '-30.1994', 'longitude': '161.2701'}, 'timezone': {'offset': '-8:00', 'description': 'Pacific Time (US &amp; Canada)'}}, 'email': 'carmen.prieto@example.com', 'login': {'uuid': '2b424f75-c52c-4d48-9371-18f456af6c39', 'username': 'bigbutterfly576', 'password': 'hudson', 'salt': 'wkY1pIKo', 'md5': '0ff7759b4121e02a333b9006557f0352', 'sha1': '5b1ae39c3256871a30cf6a2f22fefa651728acb5', 'sha256': '23a06c0cbee31629b70f29c0cccd4c8e5c26cfcaf96752842ba689c20972788d'}, 'dob': {'date': '2001-03-06T21:33:23.324Z', 'age': 23}, 'registered': {'date': '2007-10-17T20:54:13.932Z', 'age': 16}, 'phone': '936-948-268', 'cell': '675-796-806', 'id': {'name': 'DNI', 'value': '37121494-F'}, 'picture': {'large': 'https://randomuser.me/api/portraits/women/33.jpg', 'medium': 'https://randomuser.me/api/portraits/med/women/33.jpg', 'thumbnail': 'https://randomuser.me/api/portraits/thumb/women/33.jpg'}, 'nat': 'ES'}</msg>
<arg>${json_data['results'][0]}</arg>
<doc>Logs the given message with the given level.</doc>
<status status="PASS" start="2024-05-27T04:18:22.644181" elapsed="0.000419"/>
</kw>
<kw name="Log" owner="BuiltIn">
<msg time="2024-05-27T04:18:22.645032" level="INFO">login</msg>
<arg>${key}</arg>
<doc>Logs the given message with the given level.</doc>
<status status="PASS" start="2024-05-27T04:18:22.644900" elapsed="0.000171"/>
</kw>
<var name="${key}">login</var>
<status status="PASS" start="2024-05-27T04:18:22.643324" elapsed="0.001991"/>
</iter>
<var>${key}</var>
<value>@{expected_keys}</value>
<status status="PASS" start="2024-05-27T04:18:22.634287" elapsed="0.011155"/>
</for>
<kw name="Create List" owner="BuiltIn">
<msg time="2024-05-27T04:18:22.645780" level="INFO">${expected_keysTwo} = ['username', 'password']</msg>
<var>${expected_keysTwo}</var>
<arg>username</arg>
<arg>password</arg>
<doc>Returns a list containing given items.</doc>
<status status="PASS" start="2024-05-27T04:18:22.645640" elapsed="0.000164"/>
</kw>
<for flavor="IN">
<iter>
<kw name="Dictionary Should Contain Key" owner="Collections">
<msg time="2024-05-27T04:18:22.646694" level="INFO">False</msg>
<arg>${json_data['results'][0]['login']}</arg>
<arg>${keyTwo}</arg>
<doc>Fails if ``key`` is not found from ``dictionary``.</doc>
<status status="PASS" start="2024-05-27T04:18:22.646307" elapsed="0.000424"/>
</kw>
<kw name="Dictionary Should Contain Key" owner="Collections">
<msg time="2024-05-27T04:18:22.647416" level="INFO">False</msg>
<arg>${json_data['results'][0]['login']}</arg>
<arg>${keyTwo}</arg>
<doc>Fails if ``key`` is not found from ``dictionary``.</doc>
<status status="PASS" start="2024-05-27T04:18:22.647028" elapsed="0.000425"/>
</kw>
<kw name="Log" owner="BuiltIn">
<msg time="2024-05-27T04:18:22.647894" level="INFO">username</msg>
<arg>${keyTwo}</arg>
<doc>Logs the given message with the given level.</doc>
<status status="PASS" start="2024-05-27T04:18:22.647745" elapsed="0.000187"/>
</kw>
<var name="${keyTwo}">username</var>
<status status="PASS" start="2024-05-27T04:18:22.646197" elapsed="0.001962"/>
</iter>
<iter>
<kw name="Dictionary Should Contain Key" owner="Collections">
<msg time="2024-05-27T04:18:22.648828" level="INFO">False</msg>
<arg>${json_data['results'][0]['login']}</arg>
<arg>${keyTwo}</arg>
<doc>Fails if ``key`` is not found from ``dictionary``.</doc>
<status status="PASS" start="2024-05-27T04:18:22.648445" elapsed="0.000420"/>
</kw>
<kw name="Dictionary Should Contain Key" owner="Collections">
<msg time="2024-05-27T04:18:22.649604" level="INFO">False</msg>
<arg>${json_data['results'][0]['login']}</arg>
<arg>${keyTwo}</arg>
<doc>Fails if ``key`` is not found from ``dictionary``.</doc>
<status status="PASS" start="2024-05-27T04:18:22.649194" elapsed="0.000456"/>
</kw>
<kw name="Log" owner="BuiltIn">
<msg time="2024-05-27T04:18:22.650075" level="INFO">password</msg>
<arg>${keyTwo}</arg>
<doc>Logs the given message with the given level.</doc>
<status status="PASS" start="2024-05-27T04:18:22.649945" elapsed="0.000168"/>
</kw>
<var name="${keyTwo}">password</var>
<status status="PASS" start="2024-05-27T04:18:22.648334" elapsed="0.001994"/>
</iter>
<var>${keyTwo}</var>
<value>@{expected_keysTwo}</value>
<status status="PASS" start="2024-05-27T04:18:22.646044" elapsed="0.004404"/>
</for>
<status status="PASS" start="2024-05-27T04:18:22.541840" elapsed="0.108751"/>
</kw>
<doc>Testa a estrutura da resposta da API.</doc>
<tag>testeEstruturaResposta</tag>
<status status="PASS" start="2024-05-27T04:18:22.541052" elapsed="0.109698"/>
</test>
<test id="s1-s1-t4" name="Validar tipos de dados" line="28">
<kw name="Teste de Tipos de Dados" owner="random-user-service">
<kw name="GET On Session" owner="RequestsLibrary">
<msg time="2024-05-27T04:18:22.729698" level="INFO">GET Request : url=https://randomuser.me/api 
 path_url=/api 
 headers={'User-Agent': 'python-requests/2.32.2', 'Accept-Encoding': 'gzip, deflate', 'Accept': '*/*', 'Connection': 'keep-alive'} 
 body=None 
 </msg>
<msg time="2024-05-27T04:18:22.729797" level="INFO">GET Response : url=https://randomuser.me/api 
 status=200, reason=OK 
 headers={'Date': 'Mon, 27 May 2024 04:18:22 GMT', 'Content-Type': 'application/json; charset=utf-8', 'Transfer-Encoding': 'chunked', 'Connection': 'keep-alive', 'X-Powered-By': 'Express', 'Access-Control-Allow-Origin': '*', 'Cache-Control': 'no-cache', 'ETag': 'W/"495-ac1Iza8wqOl6i+VIyXdl2Pnxb7M"', 'Vary': 'Accept-Encoding', 'Content-Encoding': 'gzip', 'CF-Cache-Status': 'DYNAMIC', 'Report-To': '{"endpoints":[{"url":"https:\\/\\/a.nel.cloudflare.com\\/report\\/v4?s=J09acrswjy7D03QJgeiZFnj3j1TdLtXrncGDeR%2BzbJe9bTg0004fvpF%2Fe2lPkRud2EFJHSer2Qq9YJjD60bryXJH2K5kST%2B2a18DaAMdUORA3MojszkwH5yf%2F6mhi6I5"}],"group":"cf-nel","max_age":604800}', 'NEL': '{"success_fraction":0,"report_to":"cf-nel","max_age":604800}', 'Server': 'cloudflare', 'CF-RAY': '88a3335b999e3b7e-IAD', 'alt-svc': 'h3=":443"; ma=86400'} 
 body={"results":[{"gender":"female","name":{"title":"Ms","first":"Eloïse","last":"Dupuis"},"location":{"street":{"number":7167,"name":"Rue de L'Abbé-Rousselot"},"city":"Champigny-sur-Marne","state":"Essonne","country":"France","postcode":47321,"coordinates":{"latitude":"-18.9110","longitude":"47.6031"},"timezone":{"offset":"+4:30","description":"Kabul"}},"email":"eloise.dupuis@example.com","login":{"uuid":"44bab934-6dad-4f1f-b6bd-279be3d031b5","username":"ticklishdog527","password":"plane","salt":"ZP10e99A","md5":"11064ac4ca259a4c99a7c6a7e43cd2ca","sha1":"4cccd82be33feb60675c9e9b1c46859052d15735","sha256":"0493e0e26e37fdf193ff47ae10ec229716c5799c9370363ede4b818c14ee4cfd"},"dob":{"date":"1978-07-04T14:07:43.125Z","age":45},"registered":{"date":"2016-06-21T10:03:17.069Z","age":7},"phone":"02-80-20-63-10","cell":"06-64-23-62-66","id":{"name":"INSEE","value":"2780644076881 70"},"picture":{"large":"https://randomuser.me/api/portraits/women/88.jpg","medium":"https://randomuser.me/api/portraits/med/women/88.jpg","thumbnail":"https://randomuser.me/api/portraits/thumb/women/88.jpg"},"nat":"FR"}],"info":{"seed":"438c8f799004e821","results":1,"page":1,"version":"1.4"}} 
 </msg>
<msg time="2024-05-27T04:18:22.729876" level="INFO">/opt/hostedtoolcache/Python/3.12.3/x64/lib/python3.12/site-packages/urllib3/connectionpool.py:1103: InsecureRequestWarning: Unverified HTTPS request is being made to host 'randomuser.me'. Adding certificate verification is strongly advised. See: https://urllib3.readthedocs.io/en/latest/advanced-usage.html#tls-warnings
  warnings.warn(</msg>
<msg time="2024-05-27T04:18:22.729992" level="INFO">${response} = &lt;Response [200]&gt;</msg>
<var>${response}</var>
<arg>consultarAPI</arg>
<arg>/api</arg>
<doc>Sends a GET request on a previously created HTTP Session.</doc>
<status status="PASS" start="2024-05-27T04:18:22.653232" elapsed="0.076809"/>
</kw>
<kw name="Set Variable" owner="BuiltIn">
<msg time="2024-05-27T04:18:22.731069" level="INFO">${json_data} = {'results': [{'gender': 'female', 'name': {'title': 'Ms', 'first': 'Eloïse', 'last': 'Dupuis'}, 'location': {'street': {'number': 7167, 'name': "Rue de L'Abbé-Rousselot"}, 'city': 'Champigny-sur-Marne...</msg>
<var>${json_data}</var>
<arg>${response.json()}</arg>
<doc>Returns the given values which can then be assigned to a variables.</doc>
<status status="PASS" start="2024-05-27T04:18:22.730550" elapsed="0.000550"/>
</kw>
<kw name="Log" owner="BuiltIn">
<msg time="2024-05-27T04:18:22.731601" level="INFO">{'results': [{'gender': 'female', 'name': {'title': 'Ms', 'first': 'Eloïse', 'last': 'Dupuis'}, 'location': {'street': {'number': 7167, 'name': "Rue de L'Abbé-Rousselot"}, 'city': 'Champigny-sur-Marne', 'state': 'Essonne', 'country': 'France', 'postcode': 47321, 'coordinates': {'latitude': '-18.9110', 'longitude': '47.6031'}, 'timezone': {'offset': '+4:30', 'description': 'Kabul'}}, 'email': 'eloise.dupuis@example.com', 'login': {'uuid': '44bab934-6dad-4f1f-b6bd-279be3d031b5', 'username': 'ticklishdog527', 'password': 'plane', 'salt': 'ZP10e99A', 'md5': '11064ac4ca259a4c99a7c6a7e43cd2ca', 'sha1': '4cccd82be33feb60675c9e9b1c46859052d15735', 'sha256': '0493e0e26e37fdf193ff47ae10ec229716c5799c9370363ede4b818c14ee4cfd'}, 'dob': {'date': '1978-07-04T14:07:43.125Z', 'age': 45}, 'registered': {'date': '2016-06-21T10:03:17.069Z', 'age': 7}, 'phone': '02-80-20-63-10', 'cell': '06-64-23-62-66', 'id': {'name': 'INSEE', 'value': '2780644076881 70'}, 'picture': {'large': 'https://randomuser.me/api/portraits/women/88.jpg', 'medium': 'https://randomuser.me/api/portraits/med/women/88.jpg', 'thumbnail': 'https://randomuser.me/api/portraits/thumb/women/88.jpg'}, 'nat': 'FR'}], 'info': {'seed': '438c8f799004e821', 'results': 1, 'page': 1, 'version': '1.4'}}</msg>
<arg>${json_data}</arg>
<doc>Logs the given message with the given level.</doc>
<status status="PASS" start="2024-05-27T04:18:22.731435" elapsed="0.000262"/>
</kw>
<kw name="Should Be String" owner="String">
<arg>${json_data['results'][0]['gender']}</arg>
<doc>Fails if the given ``item`` is not a string.</doc>
<status status="PASS" start="2024-05-27T04:18:22.732046" elapsed="0.000380"/>
</kw>
<kw name="Should Match Regexp" owner="BuiltIn">
<arg>${json_data['results'][0]['email']}</arg>
<arg>^[a-zA-Z0-9._%+-]+@[a-zA-Z0-9.-]+\.[a-zA-Z]{2,}$</arg>
<doc>Fails if ``string`` does not match ``pattern`` as a regular expression.</doc>
<status status="PASS" start="2024-05-27T04:18:22.732621" elapsed="0.000675"/>
</kw>
<kw name="Should Match Regexp" owner="BuiltIn">
<arg>${json_data['results'][0]['dob']['date']}</arg>
<arg>\\d{4}-\\d{2}-\\d{2}T\\d{2}:\\d{2}:\\d{2}\\.\\d{3}Z</arg>
<doc>Fails if ``string`` does not match ``pattern`` as a regular expression.</doc>
<status status="PASS" start="2024-05-27T04:18:22.733498" elapsed="0.000497"/>
</kw>
<kw name="Should Match Regexp" owner="BuiltIn">
<arg>${json_data['results'][0]['registered']['date']}</arg>
<arg>\\d{4}-\\d{2}-\\d{2}T\\d{2}:\\d{2}:\\d{2}\\.\\d{3}Z</arg>
<doc>Fails if ``string`` does not match ``pattern`` as a regular expression.</doc>
<status status="PASS" start="2024-05-27T04:18:22.734190" elapsed="0.000366"/>
</kw>
<kw name="Should Match Regexp" owner="BuiltIn">
<arg>${json_data['results'][0]['picture']['large']}</arg>
<arg>^https?://.*\.(?:png|jpe?g|gif|bmp)$</arg>
<doc>Fails if ``string`` does not match ``pattern`` as a regular expression.</doc>
<status status="PASS" start="2024-05-27T04:18:22.734746" elapsed="0.000460"/>
</kw>
<kw name="Should Match Regexp" owner="BuiltIn">
<arg>${json_data['results'][0]['picture']['medium']}</arg>
<arg>^https?://.*\.(?:png|jpe?g|gif|bmp)$</arg>
<doc>Fails if ``string`` does not match ``pattern`` as a regular expression.</doc>
<status status="PASS" start="2024-05-27T04:18:22.735397" elapsed="0.000349"/>
</kw>
<kw name="Should Match Regexp" owner="BuiltIn">
<arg>${json_data['results'][0]['picture']['thumbnail']}</arg>
<arg>^https?://.*\.(?:png|jpe?g|gif|bmp)$</arg>
<doc>Fails if ``string`` does not match ``pattern`` as a regular expression.</doc>
<status status="PASS" start="2024-05-27T04:18:22.735966" elapsed="0.000349"/>
</kw>
<kw name="Log" owner="BuiltIn">
<msg time="2024-05-27T04:18:22.736825" level="INFO">{'large': 'https://randomuser.me/api/portraits/women/88.jpg', 'medium': 'https://randomuser.me/api/portraits/med/women/88.jpg', 'thumbnail': 'https://randomuser.me/api/portraits/thumb/women/88.jpg'}</msg>
<arg>${json_data['results'][0]['picture']}</arg>
<doc>Logs the given message with the given level.</doc>
<status status="PASS" start="2024-05-27T04:18:22.736501" elapsed="0.000367"/>
</kw>
<status status="PASS" start="2024-05-27T04:18:22.652995" elapsed="0.084134"/>
</kw>
<kw name="Teste de Tipos de Dados - Postcode" owner="random-user-service">
<kw name="GET On Session" owner="RequestsLibrary">
<msg time="2024-05-27T04:18:22.844421" level="INFO">GET Request : url=https://randomuser.me/api 
 path_url=/api 
 headers={'User-Agent': 'python-requests/2.32.2', 'Accept-Encoding': 'gzip, deflate', 'Accept': '*/*', 'Connection': 'keep-alive'} 
 body=None 
 </msg>
<msg time="2024-05-27T04:18:22.844516" level="INFO">GET Response : url=https://randomuser.me/api 
 status=200, reason=OK 
 headers={'Date': 'Mon, 27 May 2024 04:18:22 GMT', 'Content-Type': 'application/json; charset=utf-8', 'Transfer-Encoding': 'chunked', 'Connection': 'keep-alive', 'X-Powered-By': 'Express', 'Access-Control-Allow-Origin': '*', 'Cache-Control': 'no-cache', 'ETag': 'W/"495-DnsKRdMc5enDAWJjpz068KPFy/4"', 'Vary': 'Accept-Encoding', 'Content-Encoding': 'gzip', 'CF-Cache-Status': 'DYNAMIC', 'Report-To': '{"endpoints":[{"url":"https:\\/\\/a.nel.cloudflare.com\\/report\\/v4?s=GjTZgxuatQLhYIHDOLxSwJNrA%2BZFF981MLZXqiCUF4Z8ko8a%2BE2lXRH1NlzHYgmaT0GLG%2FXzU12PG2dn3o9obD3FHDVQ98XjCpuUG7xYAZlZvxahJMoXPX89W4Lsd7lg"}],"group":"cf-nel","max_age":604800}', 'NEL': '{"success_fraction":0,"report_to":"cf-nel","max_age":604800}', 'Server': 'cloudflare', 'CF-RAY': '88a3335c1a2a3b7e-IAD', 'alt-svc': 'h3=":443"; ma=86400'} 
 body={"results":[{"gender":"female","name":{"title":"Mrs","first":"Nishitha","last":"Kumari"},"location":{"street":{"number":7059,"name":"Maharanipeta"},"city":"Bathinda","state":"Telangana","country":"India","postcode":13454,"coordinates":{"latitude":"6.4797","longitude":"142.8019"},"timezone":{"offset":"-4:00","description":"Atlantic Time (Canada), Caracas, La Paz"}},"email":"nishitha.kumari@example.com","login":{"uuid":"7784b71e-0fda-4af9-b03a-d555a76345da","username":"redswan381","password":"clean","salt":"81PN8JDc","md5":"30ddd150ebbeca4c9e1461fb838a3011","sha1":"9ec3acb17b934a2ef67cb476f131d53c36ab4ea5","sha256":"c07ac732acf7c7973af633da130842190e9ca9ae805f6d5ede536d586cf60b68"},"dob":{"date":"1963-10-02T06:58:48.485Z","age":60},"registered":{"date":"2009-08-25T12:43:02.759Z","age":14},"phone":"8422386856","cell":"7890324930","id":{"name":"UIDAI","value":"009468123716"},"picture":{"large":"https://randomuser.me/api/portraits/women/62.jpg","medium":"https://randomuser.me/api/portraits/med/women/62.jpg","thumbnail":"https://randomuser.me/api/portraits/thumb/women/62.jpg"},"nat":"IN"}],"info":{"seed":"fa92412c1cb6a3ff","results":1,"page":1,"version":"1.4"}} 
 </msg>
<msg time="2024-05-27T04:18:22.844590" level="INFO">/opt/hostedtoolcache/Python/3.12.3/x64/lib/python3.12/site-packages/urllib3/connectionpool.py:1103: InsecureRequestWarning: Unverified HTTPS request is being made to host 'randomuser.me'. Adding certificate verification is strongly advised. See: https://urllib3.readthedocs.io/en/latest/advanced-usage.html#tls-warnings
  warnings.warn(</msg>
<msg time="2024-05-27T04:18:22.844691" level="INFO">${response} = &lt;Response [200]&gt;</msg>
<var>${response}</var>
<arg>consultarAPI</arg>
<arg>/api</arg>
<doc>Sends a GET request on a previously created HTTP Session.</doc>
<status status="PASS" start="2024-05-27T04:18:22.737588" elapsed="0.107136"/>
</kw>
<kw name="Set Variable" owner="BuiltIn">
<msg time="2024-05-27T04:18:22.845691" level="INFO">${json_data} = {'results': [{'gender': 'female', 'name': {'title': 'Mrs', 'first': 'Nishitha', 'last': 'Kumari'}, 'location': {'street': {'number': 7059, 'name': 'Maharanipeta'}, 'city': 'Bathinda', 'state': 'Telang...</msg>
<var>${json_data}</var>
<arg>${response.json()}</arg>
<doc>Returns the given values which can then be assigned to a variables.</doc>
<status status="PASS" start="2024-05-27T04:18:22.845190" elapsed="0.000529"/>
</kw>
<kw name="Log" owner="BuiltIn">
<msg time="2024-05-27T04:18:22.846197" level="INFO">{'results': [{'gender': 'female', 'name': {'title': 'Mrs', 'first': 'Nishitha', 'last': 'Kumari'}, 'location': {'street': {'number': 7059, 'name': 'Maharanipeta'}, 'city': 'Bathinda', 'state': 'Telangana', 'country': 'India', 'postcode': 13454, 'coordinates': {'latitude': '6.4797', 'longitude': '142.8019'}, 'timezone': {'offset': '-4:00', 'description': 'Atlantic Time (Canada), Caracas, La Paz'}}, 'email': 'nishitha.kumari@example.com', 'login': {'uuid': '7784b71e-0fda-4af9-b03a-d555a76345da', 'username': 'redswan381', 'password': 'clean', 'salt': '81PN8JDc', 'md5': '30ddd150ebbeca4c9e1461fb838a3011', 'sha1': '9ec3acb17b934a2ef67cb476f131d53c36ab4ea5', 'sha256': 'c07ac732acf7c7973af633da130842190e9ca9ae805f6d5ede536d586cf60b68'}, 'dob': {'date': '1963-10-02T06:58:48.485Z', 'age': 60}, 'registered': {'date': '2009-08-25T12:43:02.759Z', 'age': 14}, 'phone': '8422386856', 'cell': '7890324930', 'id': {'name': 'UIDAI', 'value': '009468123716'}, 'picture': {'large': 'https://randomuser.me/api/portraits/women/62.jpg', 'medium': 'https://randomuser.me/api/portraits/med/women/62.jpg', 'thumbnail': 'https://randomuser.me/api/portraits/thumb/women/62.jpg'}, 'nat': 'IN'}], 'info': {'seed': 'fa92412c1cb6a3ff', 'results': 1, 'page': 1, 'version': '1.4'}}</msg>
<arg>${json_data}</arg>
<doc>Logs the given message with the given level.</doc>
<status status="PASS" start="2024-05-27T04:18:22.846042" elapsed="0.000251"/>
</kw>
<kw name="Should Be Equal As Numbers" owner="BuiltIn">
<arg>${json_data['results'][0]['location']['postcode']}</arg>
<arg>${json_data['results'][0]['location']['postcode']}</arg>
<doc>Fails if objects are unequal after converting them to real numbers.</doc>
<status status="PASS" start="2024-05-27T04:18:22.846604" elapsed="0.000626"/>
</kw>
<kw name="Log" owner="BuiltIn">
<msg time="2024-05-27T04:18:22.847770" level="INFO">13454</msg>
<arg>${json_data['results'][0]['location']['postcode']}</arg>
<doc>Logs the given message with the given level.</doc>
<status status="PASS" start="2024-05-27T04:18:22.847431" elapsed="0.000420"/>
</kw>
<status status="PASS" start="2024-05-27T04:18:22.737353" elapsed="0.110768"/>
</kw>
<doc>Testa se os tipos de dados na resposta da API estão corretos.</doc>
<tag>testeTiposDados</tag>
<status status="PASS" start="2024-05-27T04:18:22.652521" elapsed="0.195770"/>
</test>
<test id="s1-s1-t5" name="Validar conteudo" line="35">
<kw name="Teste de Tipos de Conteudo" owner="random-user-service">
<kw name="GET On Session" owner="RequestsLibrary">
<msg time="2024-05-27T04:18:22.941146" level="INFO">GET Request : url=https://randomuser.me/api 
 path_url=/api 
 headers={'User-Agent': 'python-requests/2.32.2', 'Accept-Encoding': 'gzip, deflate', 'Accept': '*/*', 'Connection': 'keep-alive'} 
 body=None 
 </msg>
<msg time="2024-05-27T04:18:22.941231" level="INFO">GET Response : url=https://randomuser.me/api 
 status=200, reason=OK 
 headers={'Date': 'Mon, 27 May 2024 04:18:22 GMT', 'Content-Type': 'application/json; charset=utf-8', 'Transfer-Encoding': 'chunked', 'Connection': 'keep-alive', 'X-Powered-By': 'Express', 'Access-Control-Allow-Origin': '*', 'Cache-Control': 'no-cache', 'ETag': 'W/"496-99dzKk9bRRtYJBejLVRtHu+L278"', 'Vary': 'Accept-Encoding', 'Content-Encoding': 'gzip', 'CF-Cache-Status': 'DYNAMIC', 'Report-To': '{"endpoints":[{"url":"https:\\/\\/a.nel.cloudflare.com\\/report\\/v4?s=IUvZ0LZE4cjSGZsR26WTBHDIdvBO5IwmhIk4xrkMtL5nXknVj7Gv5v4L5Dq48RoDK2B4kWoWop43g94fWumLBhtVG%2FxYTyGyTAaWdMPr4EIQfuzvAMXLgU7cY%2F8j4XN9"}],"group":"cf-nel","max_age":604800}', 'NEL': '{"success_fraction":0,"report_to":"cf-nel","max_age":604800}', 'Server': 'cloudflare', 'CF-RAY': '88a3335cdb013b7e-IAD', 'alt-svc': 'h3=":443"; ma=86400'} 
 body={"results":[{"gender":"female","name":{"title":"Mrs","first":"Odarka","last":"Kulinich"},"location":{"street":{"number":3273,"name":"Snopkivska"},"city":"Kodima","state":"Ivano-Frankivska","country":"Ukraine","postcode":18967,"coordinates":{"latitude":"74.9182","longitude":"73.4505"},"timezone":{"offset":"+3:00","description":"Baghdad, Riyadh, Moscow, St. Petersburg"}},"email":"odarka.kulinich@example.com","login":{"uuid":"97685d65-1146-405e-a9fb-f1bbebd59162","username":"silverzebra209","password":"zhong","salt":"esxav5yJ","md5":"bbbadcfe44a4fb1afe0eaaa6ce9b6e31","sha1":"b87cb667681a5a86aeff6e931db64ad7a63f25bb","sha256":"b0b413b3effd25079d4368d469c7b98dde545ffe0b294269b7b4b04cfc6d011f"},"dob":{"date":"1984-03-21T16:21:51.056Z","age":40},"registered":{"date":"2017-04-03T02:54:07.904Z","age":7},"phone":"(097) V35-0410","cell":"(067) P44-2139","id":{"name":"","value":null},"picture":{"large":"https://randomuser.me/api/portraits/women/87.jpg","medium":"https://randomuser.me/api/portraits/med/women/87.jpg","thumbnail":"https://randomuser.me/api/portraits/thumb/women/87.jpg"},"nat":"UA"}],"info":{"seed":"4e4615c9745832f0","results":1,"page":1,"version":"1.4"}} 
 </msg>
<msg time="2024-05-27T04:18:22.941294" level="INFO">/opt/hostedtoolcache/Python/3.12.3/x64/lib/python3.12/site-packages/urllib3/connectionpool.py:1103: InsecureRequestWarning: Unverified HTTPS request is being made to host 'randomuser.me'. Adding certificate verification is strongly advised. See: https://urllib3.readthedocs.io/en/latest/advanced-usage.html#tls-warnings
  warnings.warn(</msg>
<msg time="2024-05-27T04:18:22.941403" level="INFO">${response} = &lt;Response [200]&gt;</msg>
<var>${response}</var>
<arg>consultarAPI</arg>
<arg>/api</arg>
<doc>Sends a GET request on a previously created HTTP Session.</doc>
<status status="PASS" start="2024-05-27T04:18:22.850734" elapsed="0.090711"/>
</kw>
<kw name="Set Variable" owner="BuiltIn">
<msg time="2024-05-27T04:18:22.942446" level="INFO">${json_data} = {'results': [{'gender': 'female', 'name': {'title': 'Mrs', 'first': 'Odarka', 'last': 'Kulinich'}, 'location': {'street': {'number': 3273, 'name': 'Snopkivska'}, 'city': 'Kodima', 'state': 'Ivano-Fran...</msg>
<var>${json_data}</var>
<arg>${response.json()}</arg>
<doc>Returns the given values which can then be assigned to a variables.</doc>
<status status="PASS" start="2024-05-27T04:18:22.941948" elapsed="0.000529"/>
</kw>
<kw name="Set Variable" owner="BuiltIn">
<msg time="2024-05-27T04:18:22.943183" level="INFO">${name_title} = Mrs</msg>
<var>${name_title}</var>
<arg>${json_data["results"][0]["name"]["title"]}</arg>
<doc>Returns the given values which can then be assigned to a variables.</doc>
<status status="PASS" start="2024-05-27T04:18:22.942790" elapsed="0.000419"/>
</kw>
<kw name="Create List" owner="BuiltIn">
<msg time="2024-05-27T04:18:22.943688" level="INFO">${allowed_titles} = ['Mr', 'Ms', 'Miss', 'Mrs', 'Madame', 'Monsieur']</msg>
<var>${allowed_titles}</var>
<arg>Mr</arg>
<arg>Ms</arg>
<arg>Miss</arg>
<arg>Mrs</arg>
<arg>Madame</arg>
<arg>Monsieur</arg>
<doc>Returns a list containing given items.</doc>
<status status="PASS" start="2024-05-27T04:18:22.943516" elapsed="0.000199"/>
</kw>
<kw name="List Should Contain Value" owner="Collections">
<msg time="2024-05-27T04:18:22.944245" level="INFO">False</msg>
<arg>${allowed_titles}</arg>
<arg>${name_title}</arg>
<doc>Fails if the ``value`` is not found from ``list``.</doc>
<status status="PASS" start="2024-05-27T04:18:22.944058" elapsed="0.000226"/>
</kw>
<kw name="Set Variable" owner="BuiltIn">
<msg time="2024-05-27T04:18:22.945148" level="INFO">${name_country} = UA</msg>
<var>${name_country}</var>
<arg>${json_data["results"][0]["nat"]}</arg>
<doc>Returns the given values which can then be assigned to a variables.</doc>
<status status="PASS" start="2024-05-27T04:18:22.944588" elapsed="0.000586"/>
</kw>
<kw name="Create List" owner="BuiltIn">
<msg time="2024-05-27T04:18:22.946087" level="INFO">${list_country} = ['AD', 'AE', 'AF', 'AG', 'AI', 'AL', 'AM', 'AO', 'AQ', 'AR', 'AS', 'AT', 'AU', 'AW', 'AX', 'AZ', 'BA', 'BB', 'BD', 'BE', 'BF', 'BG', 'BH', 'BI', 'BJ', 'BL', 'BM', 'BN', 'BO', 'BQ', 'BR', 'BS', 'BT', '...</msg>
<var>${list_country}</var>
<arg>AD</arg>
<arg>AE</arg>
<arg>AF</arg>
<arg>AG</arg>
<arg>AI</arg>
<arg>AL</arg>
<arg>AM</arg>
<arg>AO</arg>
<arg>AQ</arg>
<arg>AR</arg>
<arg>AS</arg>
<arg>AT</arg>
<arg>AU</arg>
<arg>AW</arg>
<arg>AX</arg>
<arg>AZ</arg>
<arg>BA</arg>
<arg>BB</arg>
<arg>BD</arg>
<arg>BE</arg>
<arg>BF</arg>
<arg>BG</arg>
<arg>BH</arg>
<arg>BI</arg>
<arg>BJ</arg>
<arg>BL</arg>
<arg>BM</arg>
<arg>BN</arg>
<arg>BO</arg>
<arg>BQ</arg>
<arg>BR</arg>
<arg>BS</arg>
<arg>BT</arg>
<arg>BV</arg>
<arg>BW</arg>
<arg>BY</arg>
<arg>BZ</arg>
<arg>CA</arg>
<arg>CC</arg>
<arg>CD</arg>
<arg>CF</arg>
<arg>CG</arg>
<arg>CH</arg>
<arg>CI</arg>
<arg>CK</arg>
<arg>CL</arg>
<arg>CM</arg>
<arg>CN</arg>
<arg>CO</arg>
<arg>CR</arg>
<arg>CU</arg>
<arg>CV</arg>
<arg>CW</arg>
<arg>CX</arg>
<arg>CY</arg>
<arg>CZ</arg>
<arg>DE</arg>
<arg>DJ</arg>
<arg>DK</arg>
<arg>DM</arg>
<arg>DO</arg>
<arg>DZ</arg>
<arg>EC</arg>
<arg>EE</arg>
<arg>EG</arg>
<arg>EH</arg>
<arg>ER</arg>
<arg>ES</arg>
<arg>ET</arg>
<arg>FI</arg>
<arg>FJ</arg>
<arg>FK</arg>
<arg>FM</arg>
<arg>FO</arg>
<arg>FR</arg>
<arg>GA</arg>
<arg>GB</arg>
<arg>GD</arg>
<arg>GE</arg>
<arg>GF</arg>
<arg>GG</arg>
<arg>GH</arg>
<arg>GI</arg>
<arg>GL</arg>
<arg>GM</arg>
<arg>GN</arg>
<arg>GP</arg>
<arg>GQ</arg>
<arg>GR</arg>
<arg>GS</arg>
<arg>GT</arg>
<arg>GU</arg>
<arg>GW</arg>
<arg>GY</arg>
<arg>HK</arg>
<arg>HM</arg>
<arg>HN</arg>
<arg>HR</arg>
<arg>HT</arg>
<arg>HU</arg>
<arg>ID</arg>
<arg>IE</arg>
<arg>IL</arg>
<arg>IM</arg>
<arg>IN</arg>
<arg>IO</arg>
<arg>IQ</arg>
<arg>IR</arg>
<arg>IS</arg>
<arg>IT</arg>
<arg>JE</arg>
<arg>JM</arg>
<arg>JO</arg>
<arg>JP</arg>
<arg>KE</arg>
<arg>KG</arg>
<arg>KH</arg>
<arg>KI</arg>
<arg>KM</arg>
<arg>KN</arg>
<arg>KP</arg>
<arg>KR</arg>
<arg>KW</arg>
<arg>KY</arg>
<arg>KZ</arg>
<arg>LA</arg>
<arg>LB</arg>
<arg>LC</arg>
<arg>LI</arg>
<arg>LK</arg>
<arg>LR</arg>
<arg>LS</arg>
<arg>LT</arg>
<arg>LU</arg>
<arg>LV</arg>
<arg>LY</arg>
<arg>MA</arg>
<arg>MC</arg>
<arg>MD</arg>
<arg>ME</arg>
<arg>MF</arg>
<arg>MG</arg>
<arg>MH</arg>
<arg>MK</arg>
<arg>ML</arg>
<arg>MM</arg>
<arg>MN</arg>
<arg>MO</arg>
<arg>MP</arg>
<arg>MQ</arg>
<arg>MR</arg>
<arg>MS</arg>
<arg>MT</arg>
<arg>MU</arg>
<arg>MV</arg>
<arg>MW</arg>
<arg>MX</arg>
<arg>MY</arg>
<arg>MZ</arg>
<arg>NA</arg>
<arg>NC</arg>
<arg>NE</arg>
<arg>NF</arg>
<arg>NG</arg>
<arg>NI</arg>
<arg>NL</arg>
<arg>NO</arg>
<arg>NP</arg>
<arg>NR</arg>
<arg>NU</arg>
<arg>NZ</arg>
<arg>OM</arg>
<arg>PA</arg>
<arg>PE</arg>
<arg>PF</arg>
<arg>PG</arg>
<arg>PH</arg>
<arg>PK</arg>
<arg>PL</arg>
<arg>PM</arg>
<arg>PN</arg>
<arg>PR</arg>
<arg>PS</arg>
<arg>PT</arg>
<arg>PW</arg>
<arg>PY</arg>
<arg>QA</arg>
<arg>RE</arg>
<arg>RO</arg>
<arg>RS</arg>
<arg>RU</arg>
<arg>RW</arg>
<arg>SA</arg>
<arg>SB</arg>
<arg>SC</arg>
<arg>SD</arg>
<arg>SE</arg>
<arg>SG</arg>
<arg>SH</arg>
<arg>SI</arg>
<arg>SJ</arg>
<arg>SK</arg>
<arg>SL</arg>
<arg>SM</arg>
<arg>SN</arg>
<arg>SO</arg>
<arg>SR</arg>
<arg>SS</arg>
<arg>ST</arg>
<arg>SV</arg>
<arg>SX</arg>
<arg>SY</arg>
<arg>SZ</arg>
<arg>TC</arg>
<arg>TD</arg>
<arg>TF</arg>
<arg>TG</arg>
<arg>TH</arg>
<arg>TJ</arg>
<arg>TK</arg>
<arg>TL</arg>
<arg>TM</arg>
<arg>TN</arg>
<arg>TO</arg>
<arg>TR</arg>
<arg>TT</arg>
<arg>TV</arg>
<arg>TW</arg>
<arg>TZ</arg>
<arg>UA</arg>
<arg>UG</arg>
<arg>UM</arg>
<arg>US</arg>
<arg>UY</arg>
<arg>UZ</arg>
<arg>VA</arg>
<arg>VC</arg>
<arg>VE</arg>
<arg>VG</arg>
<arg>VI</arg>
<arg>VN</arg>
<arg>VU</arg>
<arg>WF</arg>
<arg>WS</arg>
<arg>XK</arg>
<arg>YE</arg>
<arg>YT</arg>
<arg>ZA</arg>
<arg>ZM</arg>
<arg>ZW</arg>
<doc>Returns a list containing given items.</doc>
<status status="PASS" start="2024-05-27T04:18:22.945489" elapsed="0.000623"/>
</kw>
<kw name="List Should Contain Value" owner="Collections">
<msg time="2024-05-27T04:18:22.947100" level="INFO">False</msg>
<arg>${list_country}</arg>
<arg>${name_country}</arg>
<doc>Fails if the ``value`` is not found from ``list``.</doc>
<status status="PASS" start="2024-05-27T04:18:22.946893" elapsed="0.000244"/>
</kw>
<kw name="Run Keyword If" owner="BuiltIn">
<kw name="Should Be True" owner="BuiltIn">
<arg>${True}</arg>
<doc>Fails if the given condition is not true.</doc>
<status status="PASS" start="2024-05-27T04:18:22.948277" elapsed="0.000148"/>
</kw>
<arg>${json_data["results"][0]["location"]["coordinates"]["latitude"]} &gt;= -90 and ${json_data["results"][0]["location"]["coordinates"]["latitude"]} &lt;= 90</arg>
<arg>Should Be True</arg>
<arg>${True}</arg>
<doc>Runs the given keyword with the given arguments, if ``condition`` is true.</doc>
<status status="PASS" start="2024-05-27T04:18:22.947454" elapsed="0.001101"/>
</kw>
<kw name="Run Keyword If" owner="BuiltIn">
<kw name="Should Be True" owner="BuiltIn">
<arg>${True}</arg>
<doc>Fails if the given condition is not true.</doc>
<status status="PASS" start="2024-05-27T04:18:22.949461" elapsed="0.000139"/>
</kw>
<arg>${json_data["results"][0]["location"]["coordinates"]["longitude"]} &gt;= -180 and ${json_data["results"][0]["location"]["coordinates"]["longitude"]} &lt;= 180</arg>
<arg>Should Be True</arg>
<arg>${True}</arg>
<doc>Runs the given keyword with the given arguments, if ``condition`` is true.</doc>
<status status="PASS" start="2024-05-27T04:18:22.948747" elapsed="0.000978"/>
</kw>
<status status="PASS" start="2024-05-27T04:18:22.850504" elapsed="0.099358"/>
</kw>
<doc>Testa o conteúdo específico dos campos retornados pela API.</doc>
<tag>testeConteudo</tag>
<status status="PASS" start="2024-05-27T04:18:22.850046" elapsed="0.099967"/>
</test>
<status status="PASS" start="2024-05-27T04:18:21.988504" elapsed="0.963447"/>
</suite>
<status status="PASS" start="2024-05-27T04:18:21.974883" elapsed="0.982166"/>
</suite>
<statistics>
<total>
<stat pass="5" fail="0" skip="0">All Tests</stat>
</total>
<tag>
<stat pass="1" fail="0" skip="0">testeConteudo</stat>
<stat pass="1" fail="0" skip="0">testeEstruturaResposta</stat>
<stat pass="1" fail="0" skip="0">testeRequisicaoBasica</stat>
<stat pass="1" fail="0" skip="0">testeTiposDados</stat>
</tag>
<suite>
<stat pass="5" fail="0" skip="0" id="s1" name="Tests">Tests</stat>
<stat pass="5" fail="0" skip="0" id="s1-s1" name="Random-User-Test">Tests.Random-User-Test</stat>
</suite>
</statistics>
<errors>
</errors>
</robot>
