<?xml version="1.0" encoding="UTF-8"?>
<robot generator="Robot 7.0 (Python 3.12.3 on linux)" generated="2024-05-22T19:11:46.150324" rpa="false" schemaversion="5">
<suite id="s1" name="Tests" source="/home/runner/work/DesafioQAItauRogerioJordao/DesafioQAItauRogerioJordao/RamdonUser/tests">
<suite id="s1-s1" name="Random-User-Test" source="/home/runner/work/DesafioQAItauRogerioJordao/DesafioQAItauRogerioJordao/RamdonUser/tests/random-user-test.robot">
<test id="s1-s1-t1" name="Conectar" line="13">
<kw name="Conectar API" owner="random-user-service">
<kw name="Create Session" owner="RequestsLibrary">
<msg time="2024-05-22T19:11:46.570714" level="INFO">Creating Session using : alias=consultarAPI, url=https://randomuser.me/, headers={},                     cookies={}, auth=None, timeout=None, proxies=None, verify=False,                     debug=0 </msg>
<arg>consultarAPI</arg>
<arg>${URL}</arg>
<doc>Create Session: create a HTTP session to a server</doc>
<status status="PASS" start="2024-05-22T19:11:46.570492" elapsed="0.000412"/>
</kw>
<status status="PASS" start="2024-05-22T19:11:46.569375" elapsed="0.001912"/>
</kw>
<status status="PASS" start="2024-05-22T19:11:46.568772" elapsed="0.002716"/>
</test>
<test id="s1-s1-t2" name="Validar retorno 200 e JSON Válido" line="16">
<kw name="Teste de Requisicao Basica" owner="random-user-service">
<kw name="GET On Session" owner="RequestsLibrary">
<msg time="2024-05-22T19:11:46.756912" level="INFO">GET Request : url=https://randomuser.me/api 
 path_url=/api 
 headers={'User-Agent': 'python-requests/2.32.2', 'Accept-Encoding': 'gzip, deflate', 'Accept': '*/*', 'Connection': 'keep-alive'} 
 body=None 
 </msg>
<msg time="2024-05-22T19:11:46.757101" level="INFO">GET Response : url=https://randomuser.me/api 
 status=200, reason=OK 
 headers={'Date': 'Wed, 22 May 2024 19:11:46 GMT', 'Content-Type': 'application/json; charset=utf-8', 'Transfer-Encoding': 'chunked', 'Connection': 'keep-alive', 'X-Powered-By': 'Express', 'Access-Control-Allow-Origin': '*', 'Cache-Control': 'no-cache', 'ETag': 'W/"489-1rK6Xpnop0VMEfRChDOsWkkWg0o"', 'Vary': 'Accept-Encoding', 'Content-Encoding': 'gzip', 'CF-Cache-Status': 'DYNAMIC', 'Report-To': '{"endpoints":[{"url":"https:\\/\\/a.nel.cloudflare.com\\/report\\/v4?s=%2BKo2yMjPBfeXiNnTOk1BiyCFIeDnbeHnxA%2Byd1wO8gZ0szIwM44L8Y36u5v7tRfdt%2BsWQFHe5wXIqT2MhmDFF1ob2Xlopz9FGx25KEOzPf90kJF2AHiWnk%2BUayNypb7f"}],"group":"cf-nel","max_age":604800}', 'NEL': '{"success_fraction":0,"report_to":"cf-nel","max_age":604800}', 'Server': 'cloudflare', 'CF-RAY': '887f1d2cfc985b46-IAD', 'alt-svc': 'h3=":443"; ma=86400'} 
 body={"results":[{"gender":"female","name":{"title":"Mrs","first":"Zorica","last":"Milutinović"},"location":{"street":{"number":3831,"name":"Gorička"},"city":"Priboj","state":"Pčinja","country":"Serbia","postcode":10653,"coordinates":{"latitude":"62.0035","longitude":"3.2346"},"timezone":{"offset":"-7:00","description":"Mountain Time (US &amp; Canada)"}},"email":"zorica.milutinovic@example.com","login":{"uuid":"f67264aa-0aa4-4015-aa73-0369e9b67fed","username":"bluebear316","password":"joker1","salt":"PQtbexQP","md5":"6d79ef36e816f66831ba70ad588f06c9","sha1":"43d1e67265c00a977a24baaa7537a563e3cdbee2","sha256":"c75095b7a0406ba6e85129649620b088aa72f9be21fb45e2c8f15d22388b6c63"},"dob":{"date":"1966-07-21T05:37:57.263Z","age":57},"registered":{"date":"2013-10-01T11:56:21.141Z","age":10},"phone":"027-4499-883","cell":"068-7307-010","id":{"name":"SID","value":"341884279"},"picture":{"large":"https://randomuser.me/api/portraits/women/89.jpg","medium":"https://randomuser.me/api/portraits/med/women/89.jpg","thumbnail":"https://randomuser.me/api/portraits/thumb/women/89.jpg"},"nat":"RS"}],"info":{"seed":"6ddba61b12764d7e","results":1,"page":1,"version":"1.4"}} 
 </msg>
<msg time="2024-05-22T19:11:46.757206" level="INFO">/opt/hostedtoolcache/Python/3.12.3/x64/lib/python3.12/site-packages/urllib3/connectionpool.py:1103: InsecureRequestWarning: Unverified HTTPS request is being made to host 'randomuser.me'. Adding certificate verification is strongly advised. See: https://urllib3.readthedocs.io/en/latest/advanced-usage.html#tls-warnings
  warnings.warn(</msg>
<msg time="2024-05-22T19:11:46.757373" level="INFO">${response} = &lt;Response [200]&gt;</msg>
<var>${response}</var>
<arg>consultarAPI</arg>
<arg>/api</arg>
<doc>Sends a GET request on a previously created HTTP Session.</doc>
<status status="PASS" start="2024-05-22T19:11:46.574316" elapsed="0.183099"/>
</kw>
<kw name="Should Be Equal As Numbers" owner="BuiltIn">
<msg time="2024-05-22T19:11:46.758614" level="INFO">Argument types are:
&lt;class 'int'&gt;
&lt;class 'str'&gt;</msg>
<arg>${response.status_code}</arg>
<arg>200</arg>
<doc>Fails if objects are unequal after converting them to real numbers.</doc>
<status status="PASS" start="2024-05-22T19:11:46.758137" elapsed="0.000544"/>
</kw>
<kw name="Log" owner="BuiltIn">
<msg time="2024-05-22T19:11:46.759378" level="INFO">200</msg>
<arg>${response.status_code}</arg>
<doc>Logs the given message with the given level.</doc>
<status status="PASS" start="2024-05-22T19:11:46.759024" elapsed="0.000404"/>
</kw>
<kw name="Set Variable" owner="BuiltIn">
<msg time="2024-05-22T19:11:46.760196" level="INFO">${json_data} = {'results': [{'gender': 'female', 'name': {'title': 'Mrs', 'first': 'Zorica', 'last': 'Milutinović'}, 'location': {'street': {'number': 3831, 'name': 'Gorička'}, 'city': 'Priboj', 'state': 'Pčinja', '...</msg>
<var>${json_data}</var>
<arg>${response.json()}</arg>
<doc>Returns the given values which can then be assigned to a variables.</doc>
<status status="PASS" start="2024-05-22T19:11:46.759740" elapsed="0.000488"/>
</kw>
<kw name="Dictionary Should Contain Key" owner="Collections">
<msg time="2024-05-22T19:11:46.760711" level="INFO">False</msg>
<arg>${json_data}</arg>
<arg>results</arg>
<doc>Fails if ``key`` is not found from ``dictionary``.</doc>
<status status="PASS" start="2024-05-22T19:11:46.760538" elapsed="0.000376"/>
</kw>
<status status="PASS" start="2024-05-22T19:11:46.574049" elapsed="0.187131"/>
</kw>
<doc>Testa se a API responde corretamente e retorna um objeto JSON válido.</doc>
<tag>testeRequisicaoBasica</tag>
<status status="PASS" start="2024-05-22T19:11:46.573386" elapsed="0.187991"/>
</test>
<test id="s1-s1-t3" name="Validar estrutura de resposta" line="22">
<kw name="Teste de Estrutura de Resposta" owner="random-user-service">
<kw name="GET On Session" owner="RequestsLibrary">
<msg time="2024-05-22T19:11:46.849649" level="INFO">GET Request : url=https://randomuser.me/api 
 path_url=/api 
 headers={'User-Agent': 'python-requests/2.32.2', 'Accept-Encoding': 'gzip, deflate', 'Accept': '*/*', 'Connection': 'keep-alive'} 
 body=None 
 </msg>
<msg time="2024-05-22T19:11:46.849747" level="INFO">GET Response : url=https://randomuser.me/api 
 status=200, reason=OK 
 headers={'Date': 'Wed, 22 May 2024 19:11:46 GMT', 'Content-Type': 'application/json; charset=utf-8', 'Transfer-Encoding': 'chunked', 'Connection': 'keep-alive', 'X-Powered-By': 'Express', 'Access-Control-Allow-Origin': '*', 'Cache-Control': 'no-cache', 'ETag': 'W/"484-ITd3mH02kyjJD7rHe+3gWO3Fr88"', 'Vary': 'Accept-Encoding', 'Content-Encoding': 'gzip', 'CF-Cache-Status': 'DYNAMIC', 'Report-To': '{"endpoints":[{"url":"https:\\/\\/a.nel.cloudflare.com\\/report\\/v4?s=CxswYkcAzfywiudUNCAlNItpF3iejWQz%2Bms74JxyL8E3f1I1VUPGiJXeHRq2s%2BHufSK1WykwDcMiq8B77rlbUyDD%2BFInNXXP4mYlHV08JQ6UUWD%2BjFYxqDN7y7vZXi6m"}],"group":"cf-nel","max_age":604800}', 'NEL': '{"success_fraction":0,"report_to":"cf-nel","max_age":604800}', 'Server': 'cloudflare', 'CF-RAY': '887f1d2d4ceb5b46-IAD', 'alt-svc': 'h3=":443"; ma=86400'} 
 body={"results":[{"gender":"female","name":{"title":"Miss","first":"Andrijana","last":"Jakovljević"},"location":{"street":{"number":8876,"name":"Bore Radojevića"},"city":"Sečanj","state":"Toplica","country":"Serbia","postcode":52379,"coordinates":{"latitude":"56.7465","longitude":"149.8524"},"timezone":{"offset":"+5:45","description":"Kathmandu"}},"email":"andrijana.jakovljevic@example.com","login":{"uuid":"034be1be-72b9-48b9-9721-e59316ad9240","username":"bigwolf421","password":"bogey","salt":"jUIHQKMC","md5":"dac21e1a91afc4f226b558d8bd1a259f","sha1":"47b191860174167ffba22606447eef8a80786fa9","sha256":"47a7a568eaff31a57afe53584a20e3ff947c67596a92252928b636f1fab581ba"},"dob":{"date":"1979-01-19T22:23:09.623Z","age":45},"registered":{"date":"2006-03-08T04:58:54.436Z","age":18},"phone":"026-8512-003","cell":"067-0196-904","id":{"name":"SID","value":"716090259"},"picture":{"large":"https://randomuser.me/api/portraits/women/7.jpg","medium":"https://randomuser.me/api/portraits/med/women/7.jpg","thumbnail":"https://randomuser.me/api/portraits/thumb/women/7.jpg"},"nat":"RS"}],"info":{"seed":"2838415d26c1ee2b","results":1,"page":1,"version":"1.4"}} 
 </msg>
<msg time="2024-05-22T19:11:46.849915" level="INFO">/opt/hostedtoolcache/Python/3.12.3/x64/lib/python3.12/site-packages/urllib3/connectionpool.py:1103: InsecureRequestWarning: Unverified HTTPS request is being made to host 'randomuser.me'. Adding certificate verification is strongly advised. See: https://urllib3.readthedocs.io/en/latest/advanced-usage.html#tls-warnings
  warnings.warn(</msg>
<msg time="2024-05-22T19:11:46.850052" level="INFO">${response} = &lt;Response [200]&gt;</msg>
<var>${response}</var>
<arg>consultarAPI</arg>
<arg>/api</arg>
<doc>Sends a GET request on a previously created HTTP Session.</doc>
<status status="PASS" start="2024-05-22T19:11:46.764121" elapsed="0.085978"/>
</kw>
<kw name="Set Variable" owner="BuiltIn">
<msg time="2024-05-22T19:11:46.851273" level="INFO">${json_data} = {'results': [{'gender': 'female', 'name': {'title': 'Miss', 'first': 'Andrijana', 'last': 'Jakovljević'}, 'location': {'street': {'number': 8876, 'name': 'Bore Radojevića'}, 'city': 'Sečanj', 'state':...</msg>
<var>${json_data}</var>
<arg>${response.json()}</arg>
<doc>Returns the given values which can then be assigned to a variables.</doc>
<status status="PASS" start="2024-05-22T19:11:46.850641" elapsed="0.000663"/>
</kw>
<kw name="Log" owner="BuiltIn">
<msg time="2024-05-22T19:11:46.851786" level="INFO">{'results': [{'gender': 'female', 'name': {'title': 'Miss', 'first': 'Andrijana', 'last': 'Jakovljević'}, 'location': {'street': {'number': 8876, 'name': 'Bore Radojevića'}, 'city': 'Sečanj', 'state': 'Toplica', 'country': 'Serbia', 'postcode': 52379, 'coordinates': {'latitude': '56.7465', 'longitude': '149.8524'}, 'timezone': {'offset': '+5:45', 'description': 'Kathmandu'}}, 'email': 'andrijana.jakovljevic@example.com', 'login': {'uuid': '034be1be-72b9-48b9-9721-e59316ad9240', 'username': 'bigwolf421', 'password': 'bogey', 'salt': 'jUIHQKMC', 'md5': 'dac21e1a91afc4f226b558d8bd1a259f', 'sha1': '47b191860174167ffba22606447eef8a80786fa9', 'sha256': '47a7a568eaff31a57afe53584a20e3ff947c67596a92252928b636f1fab581ba'}, 'dob': {'date': '1979-01-19T22:23:09.623Z', 'age': 45}, 'registered': {'date': '2006-03-08T04:58:54.436Z', 'age': 18}, 'phone': '026-8512-003', 'cell': '067-0196-904', 'id': {'name': 'SID', 'value': '716090259'}, 'picture': {'large': 'https://randomuser.me/api/portraits/women/7.jpg', 'medium': 'https://randomuser.me/api/portraits/med/women/7.jpg', 'thumbnail': 'https://randomuser.me/api/portraits/thumb/women/7.jpg'}, 'nat': 'RS'}], 'info': {'seed': '2838415d26c1ee2b', 'results': 1, 'page': 1, 'version': '1.4'}}</msg>
<arg>${json_data}</arg>
<doc>Logs the given message with the given level.</doc>
<status status="PASS" start="2024-05-22T19:11:46.851622" elapsed="0.000217"/>
</kw>
<kw name="Dictionary Should Contain Key" owner="Collections">
<msg time="2024-05-22T19:11:46.852301" level="INFO">False</msg>
<arg>${json_data}</arg>
<arg>results</arg>
<doc>Fails if ``key`` is not found from ``dictionary``.</doc>
<status status="PASS" start="2024-05-22T19:11:46.852144" elapsed="0.000200"/>
</kw>
<kw name="Should Not Be Empty" owner="BuiltIn">
<msg time="2024-05-22T19:11:46.852776" level="INFO">Length is 2.</msg>
<arg>${json_data}</arg>
<doc>Verifies that the given item is not empty.</doc>
<status status="PASS" start="2024-05-22T19:11:46.852642" elapsed="0.000180"/>
</kw>
<kw name="Create List" owner="BuiltIn">
<msg time="2024-05-22T19:11:46.853284" level="INFO">${expected_keys} = ['gender', 'name', 'location', 'email', 'login']</msg>
<var>${expected_keys}</var>
<arg>gender</arg>
<arg>name</arg>
<arg>location</arg>
<arg>email</arg>
<arg>login</arg>
<doc>Returns a list containing given items.</doc>
<status status="PASS" start="2024-05-22T19:11:46.853128" elapsed="0.000180"/>
</kw>
<for flavor="IN">
<iter>
<kw name="Dictionary Should Contain Key" owner="Collections">
<msg time="2024-05-22T19:11:46.854349" level="INFO">False</msg>
<arg>${json_data['results'][0]}</arg>
<arg>${key}</arg>
<doc>Fails if ``key`` is not found from ``dictionary``.</doc>
<status status="PASS" start="2024-05-22T19:11:46.853928" elapsed="0.000466"/>
</kw>
<kw name="Log" owner="BuiltIn">
<msg time="2024-05-22T19:11:46.855078" level="INFO">{'gender': 'female', 'name': {'title': 'Miss', 'first': 'Andrijana', 'last': 'Jakovljević'}, 'location': {'street': {'number': 8876, 'name': 'Bore Radojevića'}, 'city': 'Sečanj', 'state': 'Toplica', 'country': 'Serbia', 'postcode': 52379, 'coordinates': {'latitude': '56.7465', 'longitude': '149.8524'}, 'timezone': {'offset': '+5:45', 'description': 'Kathmandu'}}, 'email': 'andrijana.jakovljevic@example.com', 'login': {'uuid': '034be1be-72b9-48b9-9721-e59316ad9240', 'username': 'bigwolf421', 'password': 'bogey', 'salt': 'jUIHQKMC', 'md5': 'dac21e1a91afc4f226b558d8bd1a259f', 'sha1': '47b191860174167ffba22606447eef8a80786fa9', 'sha256': '47a7a568eaff31a57afe53584a20e3ff947c67596a92252928b636f1fab581ba'}, 'dob': {'date': '1979-01-19T22:23:09.623Z', 'age': 45}, 'registered': {'date': '2006-03-08T04:58:54.436Z', 'age': 18}, 'phone': '026-8512-003', 'cell': '067-0196-904', 'id': {'name': 'SID', 'value': '716090259'}, 'picture': {'large': 'https://randomuser.me/api/portraits/women/7.jpg', 'medium': 'https://randomuser.me/api/portraits/med/women/7.jpg', 'thumbnail': 'https://randomuser.me/api/portraits/thumb/women/7.jpg'}, 'nat': 'RS'}</msg>
<arg>${json_data['results'][0]}</arg>
<doc>Logs the given message with the given level.</doc>
<status status="PASS" start="2024-05-22T19:11:46.854697" elapsed="0.000444"/>
</kw>
<kw name="Log" owner="BuiltIn">
<msg time="2024-05-22T19:11:46.855578" level="INFO">gender</msg>
<arg>${key}</arg>
<doc>Logs the given message with the given level.</doc>
<status status="PASS" start="2024-05-22T19:11:46.855446" elapsed="0.000171"/>
</kw>
<var name="${key}">gender</var>
<status status="PASS" start="2024-05-22T19:11:46.853765" elapsed="0.002074"/>
</iter>
<iter>
<kw name="Dictionary Should Contain Key" owner="Collections">
<msg time="2024-05-22T19:11:46.856538" level="INFO">False</msg>
<arg>${json_data['results'][0]}</arg>
<arg>${key}</arg>
<doc>Fails if ``key`` is not found from ``dictionary``.</doc>
<status status="PASS" start="2024-05-22T19:11:46.856146" elapsed="0.000430"/>
</kw>
<kw name="Log" owner="BuiltIn">
<msg time="2024-05-22T19:11:46.857278" level="INFO">{'gender': 'female', 'name': {'title': 'Miss', 'first': 'Andrijana', 'last': 'Jakovljević'}, 'location': {'street': {'number': 8876, 'name': 'Bore Radojevića'}, 'city': 'Sečanj', 'state': 'Toplica', 'country': 'Serbia', 'postcode': 52379, 'coordinates': {'latitude': '56.7465', 'longitude': '149.8524'}, 'timezone': {'offset': '+5:45', 'description': 'Kathmandu'}}, 'email': 'andrijana.jakovljevic@example.com', 'login': {'uuid': '034be1be-72b9-48b9-9721-e59316ad9240', 'username': 'bigwolf421', 'password': 'bogey', 'salt': 'jUIHQKMC', 'md5': 'dac21e1a91afc4f226b558d8bd1a259f', 'sha1': '47b191860174167ffba22606447eef8a80786fa9', 'sha256': '47a7a568eaff31a57afe53584a20e3ff947c67596a92252928b636f1fab581ba'}, 'dob': {'date': '1979-01-19T22:23:09.623Z', 'age': 45}, 'registered': {'date': '2006-03-08T04:58:54.436Z', 'age': 18}, 'phone': '026-8512-003', 'cell': '067-0196-904', 'id': {'name': 'SID', 'value': '716090259'}, 'picture': {'large': 'https://randomuser.me/api/portraits/women/7.jpg', 'medium': 'https://randomuser.me/api/portraits/med/women/7.jpg', 'thumbnail': 'https://randomuser.me/api/portraits/thumb/women/7.jpg'}, 'nat': 'RS'}</msg>
<arg>${json_data['results'][0]}</arg>
<doc>Logs the given message with the given level.</doc>
<status status="PASS" start="2024-05-22T19:11:46.856903" elapsed="0.000429"/>
</kw>
<kw name="Log" owner="BuiltIn">
<msg time="2024-05-22T19:11:46.857770" level="INFO">name</msg>
<arg>${key}</arg>
<doc>Logs the given message with the given level.</doc>
<status status="PASS" start="2024-05-22T19:11:46.857643" elapsed="0.000193"/>
</kw>
<var name="${key}">name</var>
<status status="PASS" start="2024-05-22T19:11:46.856028" elapsed="0.002053"/>
</iter>
<iter>
<kw name="Dictionary Should Contain Key" owner="Collections">
<msg time="2024-05-22T19:11:46.858761" level="INFO">False</msg>
<arg>${json_data['results'][0]}</arg>
<arg>${key}</arg>
<doc>Fails if ``key`` is not found from ``dictionary``.</doc>
<status status="PASS" start="2024-05-22T19:11:46.858378" elapsed="0.000422"/>
</kw>
<kw name="Log" owner="BuiltIn">
<msg time="2024-05-22T19:11:46.859475" level="INFO">{'gender': 'female', 'name': {'title': 'Miss', 'first': 'Andrijana', 'last': 'Jakovljević'}, 'location': {'street': {'number': 8876, 'name': 'Bore Radojevića'}, 'city': 'Sečanj', 'state': 'Toplica', 'country': 'Serbia', 'postcode': 52379, 'coordinates': {'latitude': '56.7465', 'longitude': '149.8524'}, 'timezone': {'offset': '+5:45', 'description': 'Kathmandu'}}, 'email': 'andrijana.jakovljevic@example.com', 'login': {'uuid': '034be1be-72b9-48b9-9721-e59316ad9240', 'username': 'bigwolf421', 'password': 'bogey', 'salt': 'jUIHQKMC', 'md5': 'dac21e1a91afc4f226b558d8bd1a259f', 'sha1': '47b191860174167ffba22606447eef8a80786fa9', 'sha256': '47a7a568eaff31a57afe53584a20e3ff947c67596a92252928b636f1fab581ba'}, 'dob': {'date': '1979-01-19T22:23:09.623Z', 'age': 45}, 'registered': {'date': '2006-03-08T04:58:54.436Z', 'age': 18}, 'phone': '026-8512-003', 'cell': '067-0196-904', 'id': {'name': 'SID', 'value': '716090259'}, 'picture': {'large': 'https://randomuser.me/api/portraits/women/7.jpg', 'medium': 'https://randomuser.me/api/portraits/med/women/7.jpg', 'thumbnail': 'https://randomuser.me/api/portraits/thumb/women/7.jpg'}, 'nat': 'RS'}</msg>
<arg>${json_data['results'][0]}</arg>
<doc>Logs the given message with the given level.</doc>
<status status="PASS" start="2024-05-22T19:11:46.859101" elapsed="0.000426"/>
</kw>
<kw name="Log" owner="BuiltIn">
<msg time="2024-05-22T19:11:46.859955" level="INFO">location</msg>
<arg>${key}</arg>
<doc>Logs the given message with the given level.</doc>
<status status="PASS" start="2024-05-22T19:11:46.859828" elapsed="0.000166"/>
</kw>
<var name="${key}">location</var>
<status status="PASS" start="2024-05-22T19:11:46.858263" elapsed="0.001952"/>
</iter>
<iter>
<kw name="Dictionary Should Contain Key" owner="Collections">
<msg time="2024-05-22T19:11:46.860995" level="INFO">False</msg>
<arg>${json_data['results'][0]}</arg>
<arg>${key}</arg>
<doc>Fails if ``key`` is not found from ``dictionary``.</doc>
<status status="PASS" start="2024-05-22T19:11:46.860501" elapsed="0.000532"/>
</kw>
<kw name="Log" owner="BuiltIn">
<msg time="2024-05-22T19:11:46.861701" level="INFO">{'gender': 'female', 'name': {'title': 'Miss', 'first': 'Andrijana', 'last': 'Jakovljević'}, 'location': {'street': {'number': 8876, 'name': 'Bore Radojevića'}, 'city': 'Sečanj', 'state': 'Toplica', 'country': 'Serbia', 'postcode': 52379, 'coordinates': {'latitude': '56.7465', 'longitude': '149.8524'}, 'timezone': {'offset': '+5:45', 'description': 'Kathmandu'}}, 'email': 'andrijana.jakovljevic@example.com', 'login': {'uuid': '034be1be-72b9-48b9-9721-e59316ad9240', 'username': 'bigwolf421', 'password': 'bogey', 'salt': 'jUIHQKMC', 'md5': 'dac21e1a91afc4f226b558d8bd1a259f', 'sha1': '47b191860174167ffba22606447eef8a80786fa9', 'sha256': '47a7a568eaff31a57afe53584a20e3ff947c67596a92252928b636f1fab581ba'}, 'dob': {'date': '1979-01-19T22:23:09.623Z', 'age': 45}, 'registered': {'date': '2006-03-08T04:58:54.436Z', 'age': 18}, 'phone': '026-8512-003', 'cell': '067-0196-904', 'id': {'name': 'SID', 'value': '716090259'}, 'picture': {'large': 'https://randomuser.me/api/portraits/women/7.jpg', 'medium': 'https://randomuser.me/api/portraits/med/women/7.jpg', 'thumbnail': 'https://randomuser.me/api/portraits/thumb/women/7.jpg'}, 'nat': 'RS'}</msg>
<arg>${json_data['results'][0]}</arg>
<doc>Logs the given message with the given level.</doc>
<status status="PASS" start="2024-05-22T19:11:46.861336" elapsed="0.000416"/>
</kw>
<kw name="Log" owner="BuiltIn">
<msg time="2024-05-22T19:11:46.862226" level="INFO">email</msg>
<arg>${key}</arg>
<doc>Logs the given message with the given level.</doc>
<status status="PASS" start="2024-05-22T19:11:46.862095" elapsed="0.000170"/>
</kw>
<var name="${key}">email</var>
<status status="PASS" start="2024-05-22T19:11:46.860390" elapsed="0.002093"/>
</iter>
<iter>
<kw name="Dictionary Should Contain Key" owner="Collections">
<msg time="2024-05-22T19:11:46.863163" level="INFO">False</msg>
<arg>${json_data['results'][0]}</arg>
<arg>${key}</arg>
<doc>Fails if ``key`` is not found from ``dictionary``.</doc>
<status status="PASS" start="2024-05-22T19:11:46.862775" elapsed="0.000426"/>
</kw>
<kw name="Log" owner="BuiltIn">
<msg time="2024-05-22T19:11:46.863878" level="INFO">{'gender': 'female', 'name': {'title': 'Miss', 'first': 'Andrijana', 'last': 'Jakovljević'}, 'location': {'street': {'number': 8876, 'name': 'Bore Radojevića'}, 'city': 'Sečanj', 'state': 'Toplica', 'country': 'Serbia', 'postcode': 52379, 'coordinates': {'latitude': '56.7465', 'longitude': '149.8524'}, 'timezone': {'offset': '+5:45', 'description': 'Kathmandu'}}, 'email': 'andrijana.jakovljevic@example.com', 'login': {'uuid': '034be1be-72b9-48b9-9721-e59316ad9240', 'username': 'bigwolf421', 'password': 'bogey', 'salt': 'jUIHQKMC', 'md5': 'dac21e1a91afc4f226b558d8bd1a259f', 'sha1': '47b191860174167ffba22606447eef8a80786fa9', 'sha256': '47a7a568eaff31a57afe53584a20e3ff947c67596a92252928b636f1fab581ba'}, 'dob': {'date': '1979-01-19T22:23:09.623Z', 'age': 45}, 'registered': {'date': '2006-03-08T04:58:54.436Z', 'age': 18}, 'phone': '026-8512-003', 'cell': '067-0196-904', 'id': {'name': 'SID', 'value': '716090259'}, 'picture': {'large': 'https://randomuser.me/api/portraits/women/7.jpg', 'medium': 'https://randomuser.me/api/portraits/med/women/7.jpg', 'thumbnail': 'https://randomuser.me/api/portraits/thumb/women/7.jpg'}, 'nat': 'RS'}</msg>
<arg>${json_data['results'][0]}</arg>
<doc>Logs the given message with the given level.</doc>
<status status="PASS" start="2024-05-22T19:11:46.863503" elapsed="0.000427"/>
</kw>
<kw name="Log" owner="BuiltIn">
<msg time="2024-05-22T19:11:46.864365" level="INFO">login</msg>
<arg>${key}</arg>
<doc>Logs the given message with the given level.</doc>
<status status="PASS" start="2024-05-22T19:11:46.864234" elapsed="0.000170"/>
</kw>
<var name="${key}">login</var>
<status status="PASS" start="2024-05-22T19:11:46.862661" elapsed="0.001962"/>
</iter>
<var>${key}</var>
<value>@{expected_keys}</value>
<status status="PASS" start="2024-05-22T19:11:46.853570" elapsed="0.011204"/>
</for>
<kw name="Create List" owner="BuiltIn">
<msg time="2024-05-22T19:11:46.865121" level="INFO">${expected_keysTwo} = ['username', 'password']</msg>
<var>${expected_keysTwo}</var>
<arg>username</arg>
<arg>password</arg>
<doc>Returns a list containing given items.</doc>
<status status="PASS" start="2024-05-22T19:11:46.864982" elapsed="0.000164"/>
</kw>
<for flavor="IN">
<iter>
<kw name="Dictionary Should Contain Key" owner="Collections">
<msg time="2024-05-22T19:11:46.866071" level="INFO">False</msg>
<arg>${json_data['results'][0]['login']}</arg>
<arg>${keyTwo}</arg>
<doc>Fails if ``key`` is not found from ``dictionary``.</doc>
<status status="PASS" start="2024-05-22T19:11:46.865647" elapsed="0.000463"/>
</kw>
<kw name="Dictionary Should Contain Key" owner="Collections">
<msg time="2024-05-22T19:11:46.866801" level="INFO">False</msg>
<arg>${json_data['results'][0]['login']}</arg>
<arg>${keyTwo}</arg>
<doc>Fails if ``key`` is not found from ``dictionary``.</doc>
<status status="PASS" start="2024-05-22T19:11:46.866415" elapsed="0.000425"/>
</kw>
<kw name="Log" owner="BuiltIn">
<msg time="2024-05-22T19:11:46.867267" level="INFO">username</msg>
<arg>${keyTwo}</arg>
<doc>Logs the given message with the given level.</doc>
<status status="PASS" start="2024-05-22T19:11:46.867136" elapsed="0.000168"/>
</kw>
<var name="${keyTwo}">username</var>
<status status="PASS" start="2024-05-22T19:11:46.865537" elapsed="0.001983"/>
</iter>
<iter>
<kw name="Dictionary Should Contain Key" owner="Collections">
<msg time="2024-05-22T19:11:46.868192" level="INFO">False</msg>
<arg>${json_data['results'][0]['login']}</arg>
<arg>${keyTwo}</arg>
<doc>Fails if ``key`` is not found from ``dictionary``.</doc>
<status status="PASS" start="2024-05-22T19:11:46.867808" elapsed="0.000423"/>
</kw>
<kw name="Dictionary Should Contain Key" owner="Collections">
<msg time="2024-05-22T19:11:46.868906" level="INFO">False</msg>
<arg>${json_data['results'][0]['login']}</arg>
<arg>${keyTwo}</arg>
<doc>Fails if ``key`` is not found from ``dictionary``.</doc>
<status status="PASS" start="2024-05-22T19:11:46.868528" elapsed="0.000416"/>
</kw>
<kw name="Log" owner="BuiltIn">
<msg time="2024-05-22T19:11:46.869368" level="INFO">password</msg>
<arg>${keyTwo}</arg>
<doc>Logs the given message with the given level.</doc>
<status status="PASS" start="2024-05-22T19:11:46.869240" elapsed="0.000175"/>
</kw>
<var name="${keyTwo}">password</var>
<status status="PASS" start="2024-05-22T19:11:46.867695" elapsed="0.001942"/>
</iter>
<var>${keyTwo}</var>
<value>@{expected_keysTwo}</value>
<status status="PASS" start="2024-05-22T19:11:46.865383" elapsed="0.004377"/>
</for>
<status status="PASS" start="2024-05-22T19:11:46.763876" elapsed="0.106069"/>
</kw>
<doc>Testa a estrutura da resposta da API.</doc>
<tag>testeEstruturaResposta</tag>
<status status="PASS" start="2024-05-22T19:11:46.763273" elapsed="0.106832"/>
</test>
<test id="s1-s1-t4" name="Validar tipos de dados" line="28">
<kw name="Teste de Tipos de Dados" owner="random-user-service">
<kw name="GET On Session" owner="RequestsLibrary">
<msg time="2024-05-22T19:11:46.950761" level="INFO">GET Request : url=https://randomuser.me/api 
 path_url=/api 
 headers={'User-Agent': 'python-requests/2.32.2', 'Accept-Encoding': 'gzip, deflate', 'Accept': '*/*', 'Connection': 'keep-alive'} 
 body=None 
 </msg>
<msg time="2024-05-22T19:11:46.950846" level="INFO">GET Response : url=https://randomuser.me/api 
 status=200, reason=OK 
 headers={'Date': 'Wed, 22 May 2024 19:11:46 GMT', 'Content-Type': 'application/json; charset=utf-8', 'Transfer-Encoding': 'chunked', 'Connection': 'keep-alive', 'X-Powered-By': 'Express', 'Access-Control-Allow-Origin': '*', 'Cache-Control': 'no-cache', 'ETag': 'W/"48c-05hWJBTYRC0uCRmqdqoDGpuG+7A"', 'Vary': 'Accept-Encoding', 'Content-Encoding': 'gzip', 'CF-Cache-Status': 'DYNAMIC', 'Report-To': '{"endpoints":[{"url":"https:\\/\\/a.nel.cloudflare.com\\/report\\/v4?s=5yChrDRw9NTErXR2r45vcShaM5TneZyn31jfPnKNFppGmPkQqbiFB6xgggKs6vZmmJU2%2BxXjjYP%2FJsrkIC08jbn51t3UyRT4VIvaydPdNcqwrxRxZHq9oBeK5f5x2hmr"}],"group":"cf-nel","max_age":604800}', 'NEL': '{"success_fraction":0,"report_to":"cf-nel","max_age":604800}', 'Server': 'cloudflare', 'CF-RAY': '887f1d2dfd845b46-IAD', 'alt-svc': 'h3=":443"; ma=86400'} 
 body={"results":[{"gender":"female","name":{"title":"Miss","first":"Draginja","last":"Adamović"},"location":{"street":{"number":7462,"name":"Uzelčeva"},"city":"Valjevo","state":"Nišava","country":"Serbia","postcode":87847,"coordinates":{"latitude":"62.2271","longitude":"177.1537"},"timezone":{"offset":"-7:00","description":"Mountain Time (US &amp; Canada)"}},"email":"draginja.adamovic@example.com","login":{"uuid":"3012bee5-d127-47c3-bc15-83bf2a27c384","username":"greenlion311","password":"banker","salt":"eiECXnBV","md5":"16d7e7caf42b9e4261ab54b00ee26431","sha1":"0198dd621be6afb551522a9e21e869ac0f86e23c","sha256":"4c75c682de0166ae6c0b87ebe2017da531a6d326fd789aa96df6fd73a73a6916"},"dob":{"date":"1984-06-29T03:28:40.874Z","age":39},"registered":{"date":"2021-09-29T23:42:19.793Z","age":2},"phone":"031-4725-286","cell":"069-2673-459","id":{"name":"SID","value":"516491586"},"picture":{"large":"https://randomuser.me/api/portraits/women/15.jpg","medium":"https://randomuser.me/api/portraits/med/women/15.jpg","thumbnail":"https://randomuser.me/api/portraits/thumb/women/15.jpg"},"nat":"RS"}],"info":{"seed":"03b2c4351484032f","results":1,"page":1,"version":"1.4"}} 
 </msg>
<msg time="2024-05-22T19:11:46.950927" level="INFO">/opt/hostedtoolcache/Python/3.12.3/x64/lib/python3.12/site-packages/urllib3/connectionpool.py:1103: InsecureRequestWarning: Unverified HTTPS request is being made to host 'randomuser.me'. Adding certificate verification is strongly advised. See: https://urllib3.readthedocs.io/en/latest/advanced-usage.html#tls-warnings
  warnings.warn(</msg>
<msg time="2024-05-22T19:11:46.951059" level="INFO">${response} = &lt;Response [200]&gt;</msg>
<var>${response}</var>
<arg>consultarAPI</arg>
<arg>/api</arg>
<doc>Sends a GET request on a previously created HTTP Session.</doc>
<status status="PASS" start="2024-05-22T19:11:46.872636" elapsed="0.078471"/>
</kw>
<kw name="Set Variable" owner="BuiltIn">
<msg time="2024-05-22T19:11:46.952261" level="INFO">${json_data} = {'results': [{'gender': 'female', 'name': {'title': 'Miss', 'first': 'Draginja', 'last': 'Adamović'}, 'location': {'street': {'number': 7462, 'name': 'Uzelčeva'}, 'city': 'Valjevo', 'state': 'Nišava',...</msg>
<var>${json_data}</var>
<arg>${response.json()}</arg>
<doc>Returns the given values which can then be assigned to a variables.</doc>
<status status="PASS" start="2024-05-22T19:11:46.951645" elapsed="0.000647"/>
</kw>
<kw name="Log" owner="BuiltIn">
<msg time="2024-05-22T19:11:46.952777" level="INFO">{'results': [{'gender': 'female', 'name': {'title': 'Miss', 'first': 'Draginja', 'last': 'Adamović'}, 'location': {'street': {'number': 7462, 'name': 'Uzelčeva'}, 'city': 'Valjevo', 'state': 'Nišava', 'country': 'Serbia', 'postcode': 87847, 'coordinates': {'latitude': '62.2271', 'longitude': '177.1537'}, 'timezone': {'offset': '-7:00', 'description': 'Mountain Time (US &amp; Canada)'}}, 'email': 'draginja.adamovic@example.com', 'login': {'uuid': '3012bee5-d127-47c3-bc15-83bf2a27c384', 'username': 'greenlion311', 'password': 'banker', 'salt': 'eiECXnBV', 'md5': '16d7e7caf42b9e4261ab54b00ee26431', 'sha1': '0198dd621be6afb551522a9e21e869ac0f86e23c', 'sha256': '4c75c682de0166ae6c0b87ebe2017da531a6d326fd789aa96df6fd73a73a6916'}, 'dob': {'date': '1984-06-29T03:28:40.874Z', 'age': 39}, 'registered': {'date': '2021-09-29T23:42:19.793Z', 'age': 2}, 'phone': '031-4725-286', 'cell': '069-2673-459', 'id': {'name': 'SID', 'value': '516491586'}, 'picture': {'large': 'https://randomuser.me/api/portraits/women/15.jpg', 'medium': 'https://randomuser.me/api/portraits/med/women/15.jpg', 'thumbnail': 'https://randomuser.me/api/portraits/thumb/women/15.jpg'}, 'nat': 'RS'}], 'info': {'seed': '03b2c4351484032f', 'results': 1, 'page': 1, 'version': '1.4'}}</msg>
<arg>${json_data}</arg>
<doc>Logs the given message with the given level.</doc>
<status status="PASS" start="2024-05-22T19:11:46.952609" elapsed="0.000258"/>
</kw>
<kw name="Should Be String" owner="String">
<arg>${json_data['results'][0]['gender']}</arg>
<doc>Fails if the given ``item`` is not a string.</doc>
<status status="PASS" start="2024-05-22T19:11:46.953186" elapsed="0.000367"/>
</kw>
<kw name="Should Match Regexp" owner="BuiltIn">
<arg>${json_data['results'][0]['email']}</arg>
<arg>^[a-zA-Z0-9._%+-]+@[a-zA-Z0-9.-]+\.[a-zA-Z]{2,}$</arg>
<doc>Fails if ``string`` does not match ``pattern`` as a regular expression.</doc>
<status status="PASS" start="2024-05-22T19:11:46.953749" elapsed="0.000701"/>
</kw>
<kw name="Should Match Regexp" owner="BuiltIn">
<arg>${json_data['results'][0]['dob']['date']}</arg>
<arg>\\d{4}-\\d{2}-\\d{2}T\\d{2}:\\d{2}:\\d{2}\\.\\d{3}Z</arg>
<doc>Fails if ``string`` does not match ``pattern`` as a regular expression.</doc>
<status status="PASS" start="2024-05-22T19:11:46.954653" elapsed="0.000498"/>
</kw>
<kw name="Should Match Regexp" owner="BuiltIn">
<arg>${json_data['results'][0]['registered']['date']}</arg>
<arg>\\d{4}-\\d{2}-\\d{2}T\\d{2}:\\d{2}:\\d{2}\\.\\d{3}Z</arg>
<doc>Fails if ``string`` does not match ``pattern`` as a regular expression.</doc>
<status status="PASS" start="2024-05-22T19:11:46.955349" elapsed="0.000373"/>
</kw>
<kw name="Should Match Regexp" owner="BuiltIn">
<arg>${json_data['results'][0]['picture']['large']}</arg>
<arg>^https?://.*\.(?:png|jpe?g|gif|bmp)$</arg>
<doc>Fails if ``string`` does not match ``pattern`` as a regular expression.</doc>
<status status="PASS" start="2024-05-22T19:11:46.955913" elapsed="0.000461"/>
</kw>
<kw name="Should Match Regexp" owner="BuiltIn">
<arg>${json_data['results'][0]['picture']['medium']}</arg>
<arg>^https?://.*\.(?:png|jpe?g|gif|bmp)$</arg>
<doc>Fails if ``string`` does not match ``pattern`` as a regular expression.</doc>
<status status="PASS" start="2024-05-22T19:11:46.956567" elapsed="0.000352"/>
</kw>
<kw name="Should Match Regexp" owner="BuiltIn">
<arg>${json_data['results'][0]['picture']['thumbnail']}</arg>
<arg>^https?://.*\.(?:png|jpe?g|gif|bmp)$</arg>
<doc>Fails if ``string`` does not match ``pattern`` as a regular expression.</doc>
<status status="PASS" start="2024-05-22T19:11:46.957108" elapsed="0.000348"/>
</kw>
<kw name="Log" owner="BuiltIn">
<msg time="2024-05-22T19:11:46.957996" level="INFO">{'large': 'https://randomuser.me/api/portraits/women/15.jpg', 'medium': 'https://randomuser.me/api/portraits/med/women/15.jpg', 'thumbnail': 'https://randomuser.me/api/portraits/thumb/women/15.jpg'}</msg>
<arg>${json_data['results'][0]['picture']}</arg>
<doc>Logs the given message with the given level.</doc>
<status status="PASS" start="2024-05-22T19:11:46.957638" elapsed="0.000400"/>
</kw>
<status status="PASS" start="2024-05-22T19:11:46.872400" elapsed="0.085893"/>
</kw>
<kw name="Teste de Tipos de Dados - Postcode" owner="random-user-service">
<kw name="GET On Session" owner="RequestsLibrary">
<msg time="2024-05-22T19:11:47.046138" level="INFO">GET Request : url=https://randomuser.me/api 
 path_url=/api 
 headers={'User-Agent': 'python-requests/2.32.2', 'Accept-Encoding': 'gzip, deflate', 'Accept': '*/*', 'Connection': 'keep-alive'} 
 body=None 
 </msg>
<msg time="2024-05-22T19:11:47.046205" level="INFO">GET Response : url=https://randomuser.me/api 
 status=200, reason=OK 
 headers={'Date': 'Wed, 22 May 2024 19:11:47 GMT', 'Content-Type': 'application/json; charset=utf-8', 'Transfer-Encoding': 'chunked', 'Connection': 'keep-alive', 'X-Powered-By': 'Express', 'Access-Control-Allow-Origin': '*', 'Cache-Control': 'no-cache', 'ETag': 'W/"4a5-9IeqDzJJY/5D4u4zOu1FJmN4nF8"', 'Vary': 'Accept-Encoding', 'Content-Encoding': 'gzip', 'CF-Cache-Status': 'DYNAMIC', 'Report-To': '{"endpoints":[{"url":"https:\\/\\/a.nel.cloudflare.com\\/report\\/v4?s=h%2FWlhxIoFgREQmxykN1ZRcDUzR%2BOp0NqMl4z6ahLHneoO1y7jpRDT2X%2FuAPZltv650qOvcrkXDxhroXASbm2vZ0pLaWl75LvcDIWvj%2FrCk2Cu2y16TnIGMyluZgbn4WC"}],"group":"cf-nel","max_age":604800}', 'NEL': '{"success_fraction":0,"report_to":"cf-nel","max_age":604800}', 'Server': 'cloudflare', 'CF-RAY': '887f1d2e7e005b46-IAD', 'alt-svc': 'h3=":443"; ma=86400'} 
 body={"results":[{"gender":"male","name":{"title":"Mr","first":"Ismail","last":"Domke"},"location":{"street":{"number":9230,"name":"Goethestraße"},"city":"Stadthagen","state":"Mecklenburg-Vorpommern","country":"Germany","postcode":45572,"coordinates":{"latitude":"-50.3753","longitude":"-55.9132"},"timezone":{"offset":"+10:00","description":"Eastern Australia, Guam, Vladivostok"}},"email":"ismail.domke@example.com","login":{"uuid":"72fe5d76-371b-4606-a974-d45cb0ac5764","username":"heavyelephant876","password":"mordor","salt":"mEfSzcz6","md5":"c376f151bbc6b6277fbce127542e2af3","sha1":"6faeefd1717e379c812e1e4e738e5aa832a64444","sha256":"74dc36ea4f1e4a2dc3923725f960588bc371a7ffd66362e946ebeed558609fab"},"dob":{"date":"1958-12-21T17:02:02.915Z","age":65},"registered":{"date":"2009-04-04T10:26:27.582Z","age":15},"phone":"0606-7343206","cell":"0171-8937771","id":{"name":"SVNR","value":"02 211258 D 137"},"picture":{"large":"https://randomuser.me/api/portraits/men/75.jpg","medium":"https://randomuser.me/api/portraits/med/men/75.jpg","thumbnail":"https://randomuser.me/api/portraits/thumb/men/75.jpg"},"nat":"DE"}],"info":{"seed":"5d2a5858ed3906fd","results":1,"page":1,"version":"1.4"}} 
 </msg>
<msg time="2024-05-22T19:11:47.046265" level="INFO">/opt/hostedtoolcache/Python/3.12.3/x64/lib/python3.12/site-packages/urllib3/connectionpool.py:1103: InsecureRequestWarning: Unverified HTTPS request is being made to host 'randomuser.me'. Adding certificate verification is strongly advised. See: https://urllib3.readthedocs.io/en/latest/advanced-usage.html#tls-warnings
  warnings.warn(</msg>
<msg time="2024-05-22T19:11:47.046352" level="INFO">${response} = &lt;Response [200]&gt;</msg>
<var>${response}</var>
<arg>consultarAPI</arg>
<arg>/api</arg>
<doc>Sends a GET request on a previously created HTTP Session.</doc>
<status status="PASS" start="2024-05-22T19:11:46.958734" elapsed="0.087657"/>
</kw>
<kw name="Set Variable" owner="BuiltIn">
<msg time="2024-05-22T19:11:47.047531" level="INFO">${json_data} = {'results': [{'gender': 'male', 'name': {'title': 'Mr', 'first': 'Ismail', 'last': 'Domke'}, 'location': {'street': {'number': 9230, 'name': 'Goethestraße'}, 'city': 'Stadthagen', 'state': 'Mecklenbur...</msg>
<var>${json_data}</var>
<arg>${response.json()}</arg>
<doc>Returns the given values which can then be assigned to a variables.</doc>
<status status="PASS" start="2024-05-22T19:11:47.046886" elapsed="0.000674"/>
</kw>
<kw name="Log" owner="BuiltIn">
<msg time="2024-05-22T19:11:47.048037" level="INFO">{'results': [{'gender': 'male', 'name': {'title': 'Mr', 'first': 'Ismail', 'last': 'Domke'}, 'location': {'street': {'number': 9230, 'name': 'Goethestraße'}, 'city': 'Stadthagen', 'state': 'Mecklenburg-Vorpommern', 'country': 'Germany', 'postcode': 45572, 'coordinates': {'latitude': '-50.3753', 'longitude': '-55.9132'}, 'timezone': {'offset': '+10:00', 'description': 'Eastern Australia, Guam, Vladivostok'}}, 'email': 'ismail.domke@example.com', 'login': {'uuid': '72fe5d76-371b-4606-a974-d45cb0ac5764', 'username': 'heavyelephant876', 'password': 'mordor', 'salt': 'mEfSzcz6', 'md5': 'c376f151bbc6b6277fbce127542e2af3', 'sha1': '6faeefd1717e379c812e1e4e738e5aa832a64444', 'sha256': '74dc36ea4f1e4a2dc3923725f960588bc371a7ffd66362e946ebeed558609fab'}, 'dob': {'date': '1958-12-21T17:02:02.915Z', 'age': 65}, 'registered': {'date': '2009-04-04T10:26:27.582Z', 'age': 15}, 'phone': '0606-7343206', 'cell': '0171-8937771', 'id': {'name': 'SVNR', 'value': '02 211258 D 137'}, 'picture': {'large': 'https://randomuser.me/api/portraits/men/75.jpg', 'medium': 'https://randomuser.me/api/portraits/med/men/75.jpg', 'thumbnail': 'https://randomuser.me/api/portraits/thumb/men/75.jpg'}, 'nat': 'DE'}], 'info': {'seed': '5d2a5858ed3906fd', 'results': 1, 'page': 1, 'version': '1.4'}}</msg>
<arg>${json_data}</arg>
<doc>Logs the given message with the given level.</doc>
<status status="PASS" start="2024-05-22T19:11:47.047876" elapsed="0.000240"/>
</kw>
<kw name="Should Be Equal As Numbers" owner="BuiltIn">
<arg>${json_data['results'][0]['location']['postcode']}</arg>
<arg>${json_data['results'][0]['location']['postcode']}</arg>
<doc>Fails if objects are unequal after converting them to real numbers.</doc>
<status status="PASS" start="2024-05-22T19:11:47.048425" elapsed="0.000614"/>
</kw>
<kw name="Log" owner="BuiltIn">
<msg time="2024-05-22T19:11:47.049568" level="INFO">45572</msg>
<arg>${json_data['results'][0]['location']['postcode']}</arg>
<doc>Logs the given message with the given level.</doc>
<status status="PASS" start="2024-05-22T19:11:47.049234" elapsed="0.000376"/>
</kw>
<status status="PASS" start="2024-05-22T19:11:46.958509" elapsed="0.091385"/>
</kw>
<doc>Testa se os tipos de dados na resposta da API estão corretos.</doc>
<tag>testeTiposDados</tag>
<status status="PASS" start="2024-05-22T19:11:46.871859" elapsed="0.178201"/>
</test>
<test id="s1-s1-t5" name="Validar conteudo" line="35">
<kw name="Teste de Tipos de Conteudo" owner="random-user-service">
<kw name="GET On Session" owner="RequestsLibrary">
<msg time="2024-05-22T19:11:47.147394" level="INFO">GET Request : url=https://randomuser.me/api 
 path_url=/api 
 headers={'User-Agent': 'python-requests/2.32.2', 'Accept-Encoding': 'gzip, deflate', 'Accept': '*/*', 'Connection': 'keep-alive'} 
 body=None 
 </msg>
<msg time="2024-05-22T19:11:47.147511" level="INFO">GET Response : url=https://randomuser.me/api 
 status=200, reason=OK 
 headers={'Date': 'Wed, 22 May 2024 19:11:47 GMT', 'Content-Type': 'application/json; charset=utf-8', 'Transfer-Encoding': 'chunked', 'Connection': 'keep-alive', 'X-Powered-By': 'Express', 'Access-Control-Allow-Origin': '*', 'Cache-Control': 'no-cache', 'ETag': 'W/"49a-Cz8Dvv5yoj58TNuj9HqIs5X5Ic4"', 'Vary': 'Accept-Encoding', 'Content-Encoding': 'gzip', 'CF-Cache-Status': 'DYNAMIC', 'Report-To': '{"endpoints":[{"url":"https:\\/\\/a.nel.cloudflare.com\\/report\\/v4?s=EJHQr7oqvqluSaggS%2FjFLoddDw3Akkl1cughVGbK7YByAx7DxGkQTz3AddHeVltEKpYSZxb98CiTX7mk29h7XrOYNTZm8JlvUAz9lZV4adRyOZ6v%2FP1o%2Fy%2FmVeaTOBZI"}],"group":"cf-nel","max_age":604800}', 'NEL': '{"success_fraction":0,"report_to":"cf-nel","max_age":604800}', 'Server': 'cloudflare', 'CF-RAY': '887f1d2f1e955b46-IAD', 'alt-svc': 'h3=":443"; ma=86400'} 
 body={"results":[{"gender":"male","name":{"title":"Mr","first":"Hashim","last":"Van Halem"},"location":{"street":{"number":6720,"name":"Eindhovenseweg"},"city":"Westbroek","state":"Noord-Brabant","country":"Netherlands","postcode":"6770 XU","coordinates":{"latitude":"36.5396","longitude":"-137.4023"},"timezone":{"offset":"-8:00","description":"Pacific Time (US &amp; Canada)"}},"email":"hashim.vanhalem@example.com","login":{"uuid":"5d2a7e88-9276-42d3-a5e4-125ef94b0f9d","username":"whiteelephant173","password":"freaky","salt":"LkBxh3oj","md5":"75ec4ccb99d9e2492d0f7f63009a95a3","sha1":"87e682d0efba7214a6d92cf39f56faa5a6b70025","sha256":"53c62d0a862f65fca6ba0704738426ba669ba061b4553f9c5429479c9e424216"},"dob":{"date":"1953-01-15T07:11:31.699Z","age":71},"registered":{"date":"2009-06-12T03:47:19.015Z","age":14},"phone":"(0756) 229603","cell":"(06) 60742382","id":{"name":"BSN","value":"17747185"},"picture":{"large":"https://randomuser.me/api/portraits/men/92.jpg","medium":"https://randomuser.me/api/portraits/med/men/92.jpg","thumbnail":"https://randomuser.me/api/portraits/thumb/men/92.jpg"},"nat":"NL"}],"info":{"seed":"d91e5732b8c87f3c","results":1,"page":1,"version":"1.4"}} 
 </msg>
<msg time="2024-05-22T19:11:47.147602" level="INFO">/opt/hostedtoolcache/Python/3.12.3/x64/lib/python3.12/site-packages/urllib3/connectionpool.py:1103: InsecureRequestWarning: Unverified HTTPS request is being made to host 'randomuser.me'. Adding certificate verification is strongly advised. See: https://urllib3.readthedocs.io/en/latest/advanced-usage.html#tls-warnings
  warnings.warn(</msg>
<msg time="2024-05-22T19:11:47.147756" level="INFO">${response} = &lt;Response [200]&gt;</msg>
<var>${response}</var>
<arg>consultarAPI</arg>
<arg>/api</arg>
<doc>Sends a GET request on a previously created HTTP Session.</doc>
<status status="PASS" start="2024-05-22T19:11:47.052535" elapsed="0.095274"/>
</kw>
<kw name="Set Variable" owner="BuiltIn">
<msg time="2024-05-22T19:11:47.149178" level="INFO">${json_data} = {'results': [{'gender': 'male', 'name': {'title': 'Mr', 'first': 'Hashim', 'last': 'Van Halem'}, 'location': {'street': {'number': 6720, 'name': 'Eindhovenseweg'}, 'city': 'Westbroek', 'state': 'Noord...</msg>
<var>${json_data}</var>
<arg>${response.json()}</arg>
<doc>Returns the given values which can then be assigned to a variables.</doc>
<status status="PASS" start="2024-05-22T19:11:47.148560" elapsed="0.000646"/>
</kw>
<kw name="Set Variable" owner="BuiltIn">
<msg time="2024-05-22T19:11:47.149938" level="INFO">${name_title} = Mr</msg>
<var>${name_title}</var>
<arg>${json_data["results"][0]["name"]["title"]}</arg>
<doc>Returns the given values which can then be assigned to a variables.</doc>
<status status="PASS" start="2024-05-22T19:11:47.149517" elapsed="0.000448"/>
</kw>
<kw name="Create List" owner="BuiltIn">
<msg time="2024-05-22T19:11:47.150430" level="INFO">${allowed_titles} = ['Mr', 'Ms', 'Miss', 'Mrs', 'Madame', 'Monsieur']</msg>
<var>${allowed_titles}</var>
<arg>Mr</arg>
<arg>Ms</arg>
<arg>Miss</arg>
<arg>Mrs</arg>
<arg>Madame</arg>
<arg>Monsieur</arg>
<doc>Returns a list containing given items.</doc>
<status status="PASS" start="2024-05-22T19:11:47.150277" elapsed="0.000177"/>
</kw>
<kw name="List Should Contain Value" owner="Collections">
<msg time="2024-05-22T19:11:47.150943" level="INFO">False</msg>
<arg>${allowed_titles}</arg>
<arg>${name_title}</arg>
<doc>Fails if the ``value`` is not found from ``list``.</doc>
<status status="PASS" start="2024-05-22T19:11:47.150760" elapsed="0.000221"/>
</kw>
<kw name="Set Variable" owner="BuiltIn">
<msg time="2024-05-22T19:11:47.151837" level="INFO">${name_country} = NL</msg>
<var>${name_country}</var>
<arg>${json_data["results"][0]["nat"]}</arg>
<doc>Returns the given values which can then be assigned to a variables.</doc>
<status status="PASS" start="2024-05-22T19:11:47.151270" elapsed="0.000593"/>
</kw>
<kw name="Create List" owner="BuiltIn">
<msg time="2024-05-22T19:11:47.152772" level="INFO">${list_country} = ['AD', 'AE', 'AF', 'AG', 'AI', 'AL', 'AM', 'AO', 'AQ', 'AR', 'AS', 'AT', 'AU', 'AW', 'AX', 'AZ', 'BA', 'BB', 'BD', 'BE', 'BF', 'BG', 'BH', 'BI', 'BJ', 'BL', 'BM', 'BN', 'BO', 'BQ', 'BR', 'BS', 'BT', '...</msg>
<var>${list_country}</var>
<arg>AD</arg>
<arg>AE</arg>
<arg>AF</arg>
<arg>AG</arg>
<arg>AI</arg>
<arg>AL</arg>
<arg>AM</arg>
<arg>AO</arg>
<arg>AQ</arg>
<arg>AR</arg>
<arg>AS</arg>
<arg>AT</arg>
<arg>AU</arg>
<arg>AW</arg>
<arg>AX</arg>
<arg>AZ</arg>
<arg>BA</arg>
<arg>BB</arg>
<arg>BD</arg>
<arg>BE</arg>
<arg>BF</arg>
<arg>BG</arg>
<arg>BH</arg>
<arg>BI</arg>
<arg>BJ</arg>
<arg>BL</arg>
<arg>BM</arg>
<arg>BN</arg>
<arg>BO</arg>
<arg>BQ</arg>
<arg>BR</arg>
<arg>BS</arg>
<arg>BT</arg>
<arg>BV</arg>
<arg>BW</arg>
<arg>BY</arg>
<arg>BZ</arg>
<arg>CA</arg>
<arg>CC</arg>
<arg>CD</arg>
<arg>CF</arg>
<arg>CG</arg>
<arg>CH</arg>
<arg>CI</arg>
<arg>CK</arg>
<arg>CL</arg>
<arg>CM</arg>
<arg>CN</arg>
<arg>CO</arg>
<arg>CR</arg>
<arg>CU</arg>
<arg>CV</arg>
<arg>CW</arg>
<arg>CX</arg>
<arg>CY</arg>
<arg>CZ</arg>
<arg>DE</arg>
<arg>DJ</arg>
<arg>DK</arg>
<arg>DM</arg>
<arg>DO</arg>
<arg>DZ</arg>
<arg>EC</arg>
<arg>EE</arg>
<arg>EG</arg>
<arg>EH</arg>
<arg>ER</arg>
<arg>ES</arg>
<arg>ET</arg>
<arg>FI</arg>
<arg>FJ</arg>
<arg>FK</arg>
<arg>FM</arg>
<arg>FO</arg>
<arg>FR</arg>
<arg>GA</arg>
<arg>GB</arg>
<arg>GD</arg>
<arg>GE</arg>
<arg>GF</arg>
<arg>GG</arg>
<arg>GH</arg>
<arg>GI</arg>
<arg>GL</arg>
<arg>GM</arg>
<arg>GN</arg>
<arg>GP</arg>
<arg>GQ</arg>
<arg>GR</arg>
<arg>GS</arg>
<arg>GT</arg>
<arg>GU</arg>
<arg>GW</arg>
<arg>GY</arg>
<arg>HK</arg>
<arg>HM</arg>
<arg>HN</arg>
<arg>HR</arg>
<arg>HT</arg>
<arg>HU</arg>
<arg>ID</arg>
<arg>IE</arg>
<arg>IL</arg>
<arg>IM</arg>
<arg>IN</arg>
<arg>IO</arg>
<arg>IQ</arg>
<arg>IR</arg>
<arg>IS</arg>
<arg>IT</arg>
<arg>JE</arg>
<arg>JM</arg>
<arg>JO</arg>
<arg>JP</arg>
<arg>KE</arg>
<arg>KG</arg>
<arg>KH</arg>
<arg>KI</arg>
<arg>KM</arg>
<arg>KN</arg>
<arg>KP</arg>
<arg>KR</arg>
<arg>KW</arg>
<arg>KY</arg>
<arg>KZ</arg>
<arg>LA</arg>
<arg>LB</arg>
<arg>LC</arg>
<arg>LI</arg>
<arg>LK</arg>
<arg>LR</arg>
<arg>LS</arg>
<arg>LT</arg>
<arg>LU</arg>
<arg>LV</arg>
<arg>LY</arg>
<arg>MA</arg>
<arg>MC</arg>
<arg>MD</arg>
<arg>ME</arg>
<arg>MF</arg>
<arg>MG</arg>
<arg>MH</arg>
<arg>MK</arg>
<arg>ML</arg>
<arg>MM</arg>
<arg>MN</arg>
<arg>MO</arg>
<arg>MP</arg>
<arg>MQ</arg>
<arg>MR</arg>
<arg>MS</arg>
<arg>MT</arg>
<arg>MU</arg>
<arg>MV</arg>
<arg>MW</arg>
<arg>MX</arg>
<arg>MY</arg>
<arg>MZ</arg>
<arg>NA</arg>
<arg>NC</arg>
<arg>NE</arg>
<arg>NF</arg>
<arg>NG</arg>
<arg>NI</arg>
<arg>NL</arg>
<arg>NO</arg>
<arg>NP</arg>
<arg>NR</arg>
<arg>NU</arg>
<arg>NZ</arg>
<arg>OM</arg>
<arg>PA</arg>
<arg>PE</arg>
<arg>PF</arg>
<arg>PG</arg>
<arg>PH</arg>
<arg>PK</arg>
<arg>PL</arg>
<arg>PM</arg>
<arg>PN</arg>
<arg>PR</arg>
<arg>PS</arg>
<arg>PT</arg>
<arg>PW</arg>
<arg>PY</arg>
<arg>QA</arg>
<arg>RE</arg>
<arg>RO</arg>
<arg>RS</arg>
<arg>RU</arg>
<arg>RW</arg>
<arg>SA</arg>
<arg>SB</arg>
<arg>SC</arg>
<arg>SD</arg>
<arg>SE</arg>
<arg>SG</arg>
<arg>SH</arg>
<arg>SI</arg>
<arg>SJ</arg>
<arg>SK</arg>
<arg>SL</arg>
<arg>SM</arg>
<arg>SN</arg>
<arg>SO</arg>
<arg>SR</arg>
<arg>SS</arg>
<arg>ST</arg>
<arg>SV</arg>
<arg>SX</arg>
<arg>SY</arg>
<arg>SZ</arg>
<arg>TC</arg>
<arg>TD</arg>
<arg>TF</arg>
<arg>TG</arg>
<arg>TH</arg>
<arg>TJ</arg>
<arg>TK</arg>
<arg>TL</arg>
<arg>TM</arg>
<arg>TN</arg>
<arg>TO</arg>
<arg>TR</arg>
<arg>TT</arg>
<arg>TV</arg>
<arg>TW</arg>
<arg>TZ</arg>
<arg>UA</arg>
<arg>UG</arg>
<arg>UM</arg>
<arg>US</arg>
<arg>UY</arg>
<arg>UZ</arg>
<arg>VA</arg>
<arg>VC</arg>
<arg>VE</arg>
<arg>VG</arg>
<arg>VI</arg>
<arg>VN</arg>
<arg>VU</arg>
<arg>WF</arg>
<arg>WS</arg>
<arg>XK</arg>
<arg>YE</arg>
<arg>YT</arg>
<arg>ZA</arg>
<arg>ZM</arg>
<arg>ZW</arg>
<doc>Returns a list containing given items.</doc>
<status status="PASS" start="2024-05-22T19:11:47.152172" elapsed="0.000625"/>
</kw>
<kw name="List Should Contain Value" owner="Collections">
<msg time="2024-05-22T19:11:47.153789" level="INFO">False</msg>
<arg>${list_country}</arg>
<arg>${name_country}</arg>
<doc>Fails if the ``value`` is not found from ``list``.</doc>
<status status="PASS" start="2024-05-22T19:11:47.153585" elapsed="0.000269"/>
</kw>
<kw name="Run Keyword If" owner="BuiltIn">
<kw name="Should Be True" owner="BuiltIn">
<arg>${True}</arg>
<doc>Fails if the given condition is not true.</doc>
<status status="PASS" start="2024-05-22T19:11:47.154935" elapsed="0.000147"/>
</kw>
<arg>${json_data["results"][0]["location"]["coordinates"]["latitude"]} &gt;= -90 and ${json_data["results"][0]["location"]["coordinates"]["latitude"]} &lt;= 90</arg>
<arg>Should Be True</arg>
<arg>${True}</arg>
<doc>Runs the given keyword with the given arguments, if ``condition`` is true.</doc>
<status status="PASS" start="2024-05-22T19:11:47.154176" elapsed="0.001034"/>
</kw>
<kw name="Run Keyword If" owner="BuiltIn">
<kw name="Should Be True" owner="BuiltIn">
<arg>${True}</arg>
<doc>Fails if the given condition is not true.</doc>
<status status="PASS" start="2024-05-22T19:11:47.156087" elapsed="0.000140"/>
</kw>
<arg>${json_data["results"][0]["location"]["coordinates"]["longitude"]} &gt;= -180 and ${json_data["results"][0]["location"]["coordinates"]["longitude"]} &lt;= 180</arg>
<arg>Should Be True</arg>
<arg>${True}</arg>
<doc>Runs the given keyword with the given arguments, if ``condition`` is true.</doc>
<status status="PASS" start="2024-05-22T19:11:47.155396" elapsed="0.000955"/>
</kw>
<status status="PASS" start="2024-05-22T19:11:47.052313" elapsed="0.104171"/>
</kw>
<doc>Testa o conteúdo específico dos campos retornados pela API.</doc>
<tag>testeConteudo</tag>
<status status="PASS" start="2024-05-22T19:11:47.051786" elapsed="0.104851"/>
</test>
<status status="PASS" start="2024-05-22T19:11:46.219439" elapsed="0.939210"/>
</suite>
<status status="PASS" start="2024-05-22T19:11:46.205050" elapsed="0.958808"/>
</suite>
<statistics>
<total>
<stat pass="5" fail="0" skip="0">All Tests</stat>
</total>
<tag>
<stat pass="1" fail="0" skip="0">testeConteudo</stat>
<stat pass="1" fail="0" skip="0">testeEstruturaResposta</stat>
<stat pass="1" fail="0" skip="0">testeRequisicaoBasica</stat>
<stat pass="1" fail="0" skip="0">testeTiposDados</stat>
</tag>
<suite>
<stat pass="5" fail="0" skip="0" id="s1" name="Tests">Tests</stat>
<stat pass="5" fail="0" skip="0" id="s1-s1" name="Random-User-Test">Tests.Random-User-Test</stat>
</suite>
</statistics>
<errors>
</errors>
</robot>
