<?xml version="1.0" encoding="UTF-8"?>
<robot generator="Robot 7.0 (Python 3.12.2 on linux)" generated="2024-04-10T13:15:33.995319" rpa="false" schemaversion="5">
<suite id="s1" name="Tests" source="/home/runner/work/DesafioQAItauRogerioJordao/DesafioQAItauRogerioJordao/RamdonUser/tests">
<suite id="s1-s1" name="Random-User-Test" source="/home/runner/work/DesafioQAItauRogerioJordao/DesafioQAItauRogerioJordao/RamdonUser/tests/random-user-test.robot">
<test id="s1-s1-t1" name="Conectar" line="13">
<kw name="Conectar API" owner="random-user-service">
<kw name="Create Session" owner="RequestsLibrary">
<msg time="2024-04-10T13:15:34.361434" level="INFO">Creating Session using : alias=consultarAPI, url=https://randomuser.me/, headers={},                     cookies={}, auth=None, timeout=None, proxies=None, verify=False,                     debug=0 </msg>
<arg>consultarAPI</arg>
<arg>${URL}</arg>
<doc>Create Session: create a HTTP session to a server</doc>
<status status="PASS" start="2024-04-10T13:15:34.361234" elapsed="0.000364"/>
</kw>
<status status="PASS" start="2024-04-10T13:15:34.360229" elapsed="0.001717"/>
</kw>
<status status="PASS" start="2024-04-10T13:15:34.359626" elapsed="0.002527"/>
</test>
<test id="s1-s1-t2" name="Validar retorno 200 e JSON Válido" line="16">
<kw name="Teste de Requisicao Basica" owner="random-user-service">
<kw name="GET On Session" owner="RequestsLibrary">
<msg time="2024-04-10T13:15:34.543102" level="INFO">GET Request : url=https://randomuser.me/api 
 path_url=/api 
 headers={'User-Agent': 'python-requests/2.31.0', 'Accept-Encoding': 'gzip, deflate', 'Accept': '*/*', 'Connection': 'keep-alive'} 
 body=None 
 </msg>
<msg time="2024-04-10T13:15:34.543251" level="INFO">GET Response : url=https://randomuser.me/api 
 status=200, reason=OK 
 headers={'Date': 'Wed, 10 Apr 2024 13:15:34 GMT', 'Content-Type': 'application/json; charset=utf-8', 'Transfer-Encoding': 'chunked', 'Connection': 'keep-alive', 'X-Powered-By': 'Express', 'Access-Control-Allow-Origin': '*', 'Cache-Control': 'no-cache', 'ETag': 'W/"48c-Nt3/8gYdf63TwQ3DaoOpze1j+VA"', 'Vary': 'Accept-Encoding', 'Content-Encoding': 'gzip', 'CF-Cache-Status': 'DYNAMIC', 'Report-To': '{"endpoints":[{"url":"https:\\/\\/a.nel.cloudflare.com\\/report\\/v4?s=MjRaZDRmIYNSJUXLFu%2BZDqf7yhHj4Z%2FcGPau73YdvEhNlq13Qap2hUgZaeE%2FoI%2Fm3gJb2z1hp82yQD8zYzj27u0BRf0%2FgMSFpiIH9MZInCDRpTR1w9RDr07G0hxSXNSj"}],"group":"cf-nel","max_age":604800}', 'NEL': '{"success_fraction":0,"report_to":"cf-nel","max_age":604800}', 'Server': 'cloudflare', 'CF-RAY': '872301a4ad652d11-IAD', 'alt-svc': 'h3=":443"; ma=86400'} 
 body={"results":[{"gender":"female","name":{"title":"Ms","first":"Phoebe","last":"Reyes"},"location":{"street":{"number":6769,"name":"Ormond Quay"},"city":"Ardee","state":"Kerry","country":"Ireland","postcode":51866,"coordinates":{"latitude":"0.2112","longitude":"19.6875"},"timezone":{"offset":"-6:00","description":"Central Time (US &amp; Canada), Mexico City"}},"email":"phoebe.reyes@example.com","login":{"uuid":"ccb3a906-77aa-4110-a58f-a33abe94a443","username":"yellowostrich274","password":"klingon","salt":"COQghblt","md5":"3d67a7e8b0e088b14025a903472bafff","sha1":"d21ee1f8634f0b557e39a9f2f0d9646b5ee680d2","sha256":"7d2460b571066ef5c31045273c83aaf2bf484b329bbcafecb50e577239029a65"},"dob":{"date":"1956-07-17T21:12:00.963Z","age":67},"registered":{"date":"2015-05-13T08:20:47.062Z","age":8},"phone":"071-526-3227","cell":"081-754-6871","id":{"name":"PPS","value":"8440841T"},"picture":{"large":"https://randomuser.me/api/portraits/women/71.jpg","medium":"https://randomuser.me/api/portraits/med/women/71.jpg","thumbnail":"https://randomuser.me/api/portraits/thumb/women/71.jpg"},"nat":"IE"}],"info":{"seed":"51b481f3ce8bc21c","results":1,"page":1,"version":"1.4"}} 
 </msg>
<msg time="2024-04-10T13:15:34.543332" level="INFO">/opt/hostedtoolcache/Python/3.12.2/x64/lib/python3.12/site-packages/urllib3/connectionpool.py:1103: InsecureRequestWarning: Unverified HTTPS request is being made to host 'randomuser.me'. Adding certificate verification is strongly advised. See: https://urllib3.readthedocs.io/en/latest/advanced-usage.html#tls-warnings
  warnings.warn(</msg>
<msg time="2024-04-10T13:15:34.543478" level="INFO">${response} = &lt;Response [200]&gt;</msg>
<var>${response}</var>
<arg>consultarAPI</arg>
<arg>/api</arg>
<doc>Sends a GET request on a previously created HTTP Session.</doc>
<status status="PASS" start="2024-04-10T13:15:34.364817" elapsed="0.178703"/>
</kw>
<kw name="Should Be Equal As Numbers" owner="BuiltIn">
<msg time="2024-04-10T13:15:34.544622" level="INFO">Argument types are:
&lt;class 'int'&gt;
&lt;class 'str'&gt;</msg>
<arg>${response.status_code}</arg>
<arg>200</arg>
<doc>Fails if objects are unequal after converting them to real numbers.</doc>
<status status="PASS" start="2024-04-10T13:15:34.544147" elapsed="0.000541"/>
</kw>
<kw name="Log" owner="BuiltIn">
<msg time="2024-04-10T13:15:34.545383" level="INFO">200</msg>
<arg>${response.status_code}</arg>
<doc>Logs the given message with the given level.</doc>
<status status="PASS" start="2024-04-10T13:15:34.545024" elapsed="0.000404"/>
</kw>
<kw name="Set Variable" owner="BuiltIn">
<msg time="2024-04-10T13:15:34.546236" level="INFO">${json_data} = {'results': [{'gender': 'female', 'name': {'title': 'Ms', 'first': 'Phoebe', 'last': 'Reyes'}, 'location': {'street': {'number': 6769, 'name': 'Ormond Quay'}, 'city': 'Ardee', 'state': 'Kerry', 'count...</msg>
<var>${json_data}</var>
<arg>${response.json()}</arg>
<doc>Returns the given values which can then be assigned to a variables.</doc>
<status status="PASS" start="2024-04-10T13:15:34.545763" elapsed="0.000502"/>
</kw>
<kw name="Dictionary Should Contain Key" owner="Collections">
<msg time="2024-04-10T13:15:34.546739" level="INFO">False</msg>
<arg>${json_data}</arg>
<arg>results</arg>
<doc>Fails if ``key`` is not found from ``dictionary``.</doc>
<status status="PASS" start="2024-04-10T13:15:34.546571" elapsed="0.000208"/>
</kw>
<status status="PASS" start="2024-04-10T13:15:34.364567" elapsed="0.182505"/>
</kw>
<doc>Testa se a API responde corretamente e retorna um objeto JSON válido.</doc>
<tag>testeRequisicaoBasica</tag>
<status status="PASS" start="2024-04-10T13:15:34.364048" elapsed="0.183219"/>
</test>
<test id="s1-s1-t3" name="Validar estrutura de resposta" line="22">
<kw name="Teste de Estrutura de Resposta" owner="random-user-service">
<kw name="GET On Session" owner="RequestsLibrary">
<msg time="2024-04-10T13:15:34.642267" level="INFO">GET Request : url=https://randomuser.me/api 
 path_url=/api 
 headers={'User-Agent': 'python-requests/2.31.0', 'Accept-Encoding': 'gzip, deflate', 'Accept': '*/*', 'Connection': 'keep-alive'} 
 body=None 
 </msg>
<msg time="2024-04-10T13:15:34.642347" level="INFO">GET Response : url=https://randomuser.me/api 
 status=200, reason=OK 
 headers={'Date': 'Wed, 10 Apr 2024 13:15:34 GMT', 'Content-Type': 'application/json; charset=utf-8', 'Transfer-Encoding': 'chunked', 'Connection': 'keep-alive', 'X-Powered-By': 'Express', 'Access-Control-Allow-Origin': '*', 'Cache-Control': 'no-cache', 'ETag': 'W/"4a4-y24uolBn5QRyo6cHxLbUzPWEn0w"', 'Vary': 'Accept-Encoding', 'Content-Encoding': 'gzip', 'CF-Cache-Status': 'DYNAMIC', 'Report-To': '{"endpoints":[{"url":"https:\\/\\/a.nel.cloudflare.com\\/report\\/v4?s=xgAvYVikYCyqzsCdveLv5zdzkXg5nIX9XPk71cuKBRXH1tXEZAUXw6lzrBQAgiibdkNt6Vy%2FPn2ECjGIHe8zbsK2otgmjG4B9jyMqOwupnh0sRQdPKkWRDW7Tz%2B3Y55U"}],"group":"cf-nel","max_age":604800}', 'NEL': '{"success_fraction":0,"report_to":"cf-nel","max_age":604800}', 'Server': 'cloudflare', 'CF-RAY': '872301a4fdc92d11-IAD', 'alt-svc': 'h3=":443"; ma=86400'} 
 body={"results":[{"gender":"female","name":{"title":"Madame","first":"Fabiola","last":"David"},"location":{"street":{"number":7595,"name":"Place de L'Abbé-Jean-Lebeuf"},"city":"Langenbruck","state":"Thurgau","country":"Switzerland","postcode":5513,"coordinates":{"latitude":"-61.6837","longitude":"125.0403"},"timezone":{"offset":"-12:00","description":"Eniwetok, Kwajalein"}},"email":"fabiola.david@example.com","login":{"uuid":"53d0c37b-6df9-45c6-a06a-45951e86cf59","username":"purpleelephant427","password":"hack","salt":"37MxVxxb","md5":"ffb7423095ba430768e73648dd05f565","sha1":"2001bb87b7386d88e61c595428b385ed4786860f","sha256":"7b2e248b61f5851bb571e36305024e90026cc3d4a9456a88e81f5c920924fbbf"},"dob":{"date":"1977-07-11T11:01:28.968Z","age":46},"registered":{"date":"2009-09-30T13:32:22.062Z","age":14},"phone":"076 793 56 81","cell":"076 339 29 78","id":{"name":"AVS","value":"756.7759.1559.93"},"picture":{"large":"https://randomuser.me/api/portraits/women/8.jpg","medium":"https://randomuser.me/api/portraits/med/women/8.jpg","thumbnail":"https://randomuser.me/api/portraits/thumb/women/8.jpg"},"nat":"CH"}],"info":{"seed":"743766f16e70a3d5","results":1,"page":1,"version":"1.4"}} 
 </msg>
<msg time="2024-04-10T13:15:34.642472" level="INFO">/opt/hostedtoolcache/Python/3.12.2/x64/lib/python3.12/site-packages/urllib3/connectionpool.py:1103: InsecureRequestWarning: Unverified HTTPS request is being made to host 'randomuser.me'. Adding certificate verification is strongly advised. See: https://urllib3.readthedocs.io/en/latest/advanced-usage.html#tls-warnings
  warnings.warn(</msg>
<msg time="2024-04-10T13:15:34.642578" level="INFO">${response} = &lt;Response [200]&gt;</msg>
<var>${response}</var>
<arg>consultarAPI</arg>
<arg>/api</arg>
<doc>Sends a GET request on a previously created HTTP Session.</doc>
<status status="PASS" start="2024-04-10T13:15:34.550142" elapsed="0.092473"/>
</kw>
<kw name="Set Variable" owner="BuiltIn">
<msg time="2024-04-10T13:15:34.643600" level="INFO">${json_data} = {'results': [{'gender': 'female', 'name': {'title': 'Madame', 'first': 'Fabiola', 'last': 'David'}, 'location': {'street': {'number': 7595, 'name': "Place de L'Abbé-Jean-Lebeuf"}, 'city': 'Langenbruck...</msg>
<var>${json_data}</var>
<arg>${response.json()}</arg>
<doc>Returns the given values which can then be assigned to a variables.</doc>
<status status="PASS" start="2024-04-10T13:15:34.643100" elapsed="0.000529"/>
</kw>
<kw name="Log" owner="BuiltIn">
<msg time="2024-04-10T13:15:34.644117" level="INFO">{'results': [{'gender': 'female', 'name': {'title': 'Madame', 'first': 'Fabiola', 'last': 'David'}, 'location': {'street': {'number': 7595, 'name': "Place de L'Abbé-Jean-Lebeuf"}, 'city': 'Langenbruck', 'state': 'Thurgau', 'country': 'Switzerland', 'postcode': 5513, 'coordinates': {'latitude': '-61.6837', 'longitude': '125.0403'}, 'timezone': {'offset': '-12:00', 'description': 'Eniwetok, Kwajalein'}}, 'email': 'fabiola.david@example.com', 'login': {'uuid': '53d0c37b-6df9-45c6-a06a-45951e86cf59', 'username': 'purpleelephant427', 'password': 'hack', 'salt': '37MxVxxb', 'md5': 'ffb7423095ba430768e73648dd05f565', 'sha1': '2001bb87b7386d88e61c595428b385ed4786860f', 'sha256': '7b2e248b61f5851bb571e36305024e90026cc3d4a9456a88e81f5c920924fbbf'}, 'dob': {'date': '1977-07-11T11:01:28.968Z', 'age': 46}, 'registered': {'date': '2009-09-30T13:32:22.062Z', 'age': 14}, 'phone': '076 793 56 81', 'cell': '076 339 29 78', 'id': {'name': 'AVS', 'value': '756.7759.1559.93'}, 'picture': {'large': 'https://randomuser.me/api/portraits/women/8.jpg', 'medium': 'https://randomuser.me/api/portraits/med/women/8.jpg', 'thumbnail': 'https://randomuser.me/api/portraits/thumb/women/8.jpg'}, 'nat': 'CH'}], 'info': {'seed': '743766f16e70a3d5', 'results': 1, 'page': 1, 'version': '1.4'}}</msg>
<arg>${json_data}</arg>
<doc>Logs the given message with the given level.</doc>
<status status="PASS" start="2024-04-10T13:15:34.643953" elapsed="0.000215"/>
</kw>
<kw name="Dictionary Should Contain Key" owner="Collections">
<msg time="2024-04-10T13:15:34.644634" level="INFO">False</msg>
<arg>${json_data}</arg>
<arg>results</arg>
<doc>Fails if ``key`` is not found from ``dictionary``.</doc>
<status status="PASS" start="2024-04-10T13:15:34.644467" elapsed="0.000206"/>
</kw>
<kw name="Should Not Be Empty" owner="BuiltIn">
<msg time="2024-04-10T13:15:34.645119" level="INFO">Length is 2.</msg>
<arg>${json_data}</arg>
<doc>Verifies that the given item is not empty.</doc>
<status status="PASS" start="2024-04-10T13:15:34.644979" elapsed="0.000179"/>
</kw>
<kw name="Create List" owner="BuiltIn">
<msg time="2024-04-10T13:15:34.645598" level="INFO">${expected_keys} = ['gender', 'name', 'location', 'email', 'login']</msg>
<var>${expected_keys}</var>
<arg>gender</arg>
<arg>name</arg>
<arg>location</arg>
<arg>email</arg>
<arg>login</arg>
<doc>Returns a list containing given items.</doc>
<status status="PASS" start="2024-04-10T13:15:34.645449" elapsed="0.000174"/>
</kw>
<for flavor="IN">
<iter>
<kw name="Dictionary Should Contain Key" owner="Collections">
<msg time="2024-04-10T13:15:34.646607" level="INFO">False</msg>
<arg>${json_data['results'][0]}</arg>
<arg>${key}</arg>
<doc>Fails if ``key`` is not found from ``dictionary``.</doc>
<status status="PASS" start="2024-04-10T13:15:34.646202" elapsed="0.000445"/>
</kw>
<kw name="Log" owner="BuiltIn">
<msg time="2024-04-10T13:15:34.647382" level="INFO">{'gender': 'female', 'name': {'title': 'Madame', 'first': 'Fabiola', 'last': 'David'}, 'location': {'street': {'number': 7595, 'name': "Place de L'Abbé-Jean-Lebeuf"}, 'city': 'Langenbruck', 'state': 'Thurgau', 'country': 'Switzerland', 'postcode': 5513, 'coordinates': {'latitude': '-61.6837', 'longitude': '125.0403'}, 'timezone': {'offset': '-12:00', 'description': 'Eniwetok, Kwajalein'}}, 'email': 'fabiola.david@example.com', 'login': {'uuid': '53d0c37b-6df9-45c6-a06a-45951e86cf59', 'username': 'purpleelephant427', 'password': 'hack', 'salt': '37MxVxxb', 'md5': 'ffb7423095ba430768e73648dd05f565', 'sha1': '2001bb87b7386d88e61c595428b385ed4786860f', 'sha256': '7b2e248b61f5851bb571e36305024e90026cc3d4a9456a88e81f5c920924fbbf'}, 'dob': {'date': '1977-07-11T11:01:28.968Z', 'age': 46}, 'registered': {'date': '2009-09-30T13:32:22.062Z', 'age': 14}, 'phone': '076 793 56 81', 'cell': '076 339 29 78', 'id': {'name': 'AVS', 'value': '756.7759.1559.93'}, 'picture': {'large': 'https://randomuser.me/api/portraits/women/8.jpg', 'medium': 'https://randomuser.me/api/portraits/med/women/8.jpg', 'thumbnail': 'https://randomuser.me/api/portraits/thumb/women/8.jpg'}, 'nat': 'CH'}</msg>
<arg>${json_data['results'][0]}</arg>
<doc>Logs the given message with the given level.</doc>
<status status="PASS" start="2024-04-10T13:15:34.646985" elapsed="0.000464"/>
</kw>
<kw name="Log" owner="BuiltIn">
<msg time="2024-04-10T13:15:34.647894" level="INFO">gender</msg>
<arg>${key}</arg>
<doc>Logs the given message with the given level.</doc>
<status status="PASS" start="2024-04-10T13:15:34.647759" elapsed="0.000174"/>
</kw>
<var name="${key}">gender</var>
<status status="PASS" start="2024-04-10T13:15:34.646076" elapsed="0.002083"/>
</iter>
<iter>
<kw name="Dictionary Should Contain Key" owner="Collections">
<msg time="2024-04-10T13:15:34.648871" level="INFO">False</msg>
<arg>${json_data['results'][0]}</arg>
<arg>${key}</arg>
<doc>Fails if ``key`` is not found from ``dictionary``.</doc>
<status status="PASS" start="2024-04-10T13:15:34.648465" elapsed="0.000445"/>
</kw>
<kw name="Log" owner="BuiltIn">
<msg time="2024-04-10T13:15:34.649611" level="INFO">{'gender': 'female', 'name': {'title': 'Madame', 'first': 'Fabiola', 'last': 'David'}, 'location': {'street': {'number': 7595, 'name': "Place de L'Abbé-Jean-Lebeuf"}, 'city': 'Langenbruck', 'state': 'Thurgau', 'country': 'Switzerland', 'postcode': 5513, 'coordinates': {'latitude': '-61.6837', 'longitude': '125.0403'}, 'timezone': {'offset': '-12:00', 'description': 'Eniwetok, Kwajalein'}}, 'email': 'fabiola.david@example.com', 'login': {'uuid': '53d0c37b-6df9-45c6-a06a-45951e86cf59', 'username': 'purpleelephant427', 'password': 'hack', 'salt': '37MxVxxb', 'md5': 'ffb7423095ba430768e73648dd05f565', 'sha1': '2001bb87b7386d88e61c595428b385ed4786860f', 'sha256': '7b2e248b61f5851bb571e36305024e90026cc3d4a9456a88e81f5c920924fbbf'}, 'dob': {'date': '1977-07-11T11:01:28.968Z', 'age': 46}, 'registered': {'date': '2009-09-30T13:32:22.062Z', 'age': 14}, 'phone': '076 793 56 81', 'cell': '076 339 29 78', 'id': {'name': 'AVS', 'value': '756.7759.1559.93'}, 'picture': {'large': 'https://randomuser.me/api/portraits/women/8.jpg', 'medium': 'https://randomuser.me/api/portraits/med/women/8.jpg', 'thumbnail': 'https://randomuser.me/api/portraits/thumb/women/8.jpg'}, 'nat': 'CH'}</msg>
<arg>${json_data['results'][0]}</arg>
<doc>Logs the given message with the given level.</doc>
<status status="PASS" start="2024-04-10T13:15:34.649241" elapsed="0.000421"/>
</kw>
<kw name="Log" owner="BuiltIn">
<msg time="2024-04-10T13:15:34.650126" level="INFO">name</msg>
<arg>${key}</arg>
<doc>Logs the given message with the given level.</doc>
<status status="PASS" start="2024-04-10T13:15:34.649995" elapsed="0.000170"/>
</kw>
<var name="${key}">name</var>
<status status="PASS" start="2024-04-10T13:15:34.648350" elapsed="0.002045"/>
</iter>
<iter>
<kw name="Dictionary Should Contain Key" owner="Collections">
<msg time="2024-04-10T13:15:34.651129" level="INFO">False</msg>
<arg>${json_data['results'][0]}</arg>
<arg>${key}</arg>
<doc>Fails if ``key`` is not found from ``dictionary``.</doc>
<status status="PASS" start="2024-04-10T13:15:34.650696" elapsed="0.000474"/>
</kw>
<kw name="Log" owner="BuiltIn">
<msg time="2024-04-10T13:15:34.651851" level="INFO">{'gender': 'female', 'name': {'title': 'Madame', 'first': 'Fabiola', 'last': 'David'}, 'location': {'street': {'number': 7595, 'name': "Place de L'Abbé-Jean-Lebeuf"}, 'city': 'Langenbruck', 'state': 'Thurgau', 'country': 'Switzerland', 'postcode': 5513, 'coordinates': {'latitude': '-61.6837', 'longitude': '125.0403'}, 'timezone': {'offset': '-12:00', 'description': 'Eniwetok, Kwajalein'}}, 'email': 'fabiola.david@example.com', 'login': {'uuid': '53d0c37b-6df9-45c6-a06a-45951e86cf59', 'username': 'purpleelephant427', 'password': 'hack', 'salt': '37MxVxxb', 'md5': 'ffb7423095ba430768e73648dd05f565', 'sha1': '2001bb87b7386d88e61c595428b385ed4786860f', 'sha256': '7b2e248b61f5851bb571e36305024e90026cc3d4a9456a88e81f5c920924fbbf'}, 'dob': {'date': '1977-07-11T11:01:28.968Z', 'age': 46}, 'registered': {'date': '2009-09-30T13:32:22.062Z', 'age': 14}, 'phone': '076 793 56 81', 'cell': '076 339 29 78', 'id': {'name': 'AVS', 'value': '756.7759.1559.93'}, 'picture': {'large': 'https://randomuser.me/api/portraits/women/8.jpg', 'medium': 'https://randomuser.me/api/portraits/med/women/8.jpg', 'thumbnail': 'https://randomuser.me/api/portraits/thumb/women/8.jpg'}, 'nat': 'CH'}</msg>
<arg>${json_data['results'][0]}</arg>
<doc>Logs the given message with the given level.</doc>
<status status="PASS" start="2024-04-10T13:15:34.651479" elapsed="0.000428"/>
</kw>
<kw name="Log" owner="BuiltIn">
<msg time="2024-04-10T13:15:34.652336" level="INFO">location</msg>
<arg>${key}</arg>
<doc>Logs the given message with the given level.</doc>
<status status="PASS" start="2024-04-10T13:15:34.652208" elapsed="0.000167"/>
</kw>
<var name="${key}">location</var>
<status status="PASS" start="2024-04-10T13:15:34.650579" elapsed="0.002009"/>
</iter>
<iter>
<kw name="Dictionary Should Contain Key" owner="Collections">
<msg time="2024-04-10T13:15:34.653253" level="INFO">False</msg>
<arg>${json_data['results'][0]}</arg>
<arg>${key}</arg>
<doc>Fails if ``key`` is not found from ``dictionary``.</doc>
<status status="PASS" start="2024-04-10T13:15:34.652871" elapsed="0.000420"/>
</kw>
<kw name="Log" owner="BuiltIn">
<msg time="2024-04-10T13:15:34.653963" level="INFO">{'gender': 'female', 'name': {'title': 'Madame', 'first': 'Fabiola', 'last': 'David'}, 'location': {'street': {'number': 7595, 'name': "Place de L'Abbé-Jean-Lebeuf"}, 'city': 'Langenbruck', 'state': 'Thurgau', 'country': 'Switzerland', 'postcode': 5513, 'coordinates': {'latitude': '-61.6837', 'longitude': '125.0403'}, 'timezone': {'offset': '-12:00', 'description': 'Eniwetok, Kwajalein'}}, 'email': 'fabiola.david@example.com', 'login': {'uuid': '53d0c37b-6df9-45c6-a06a-45951e86cf59', 'username': 'purpleelephant427', 'password': 'hack', 'salt': '37MxVxxb', 'md5': 'ffb7423095ba430768e73648dd05f565', 'sha1': '2001bb87b7386d88e61c595428b385ed4786860f', 'sha256': '7b2e248b61f5851bb571e36305024e90026cc3d4a9456a88e81f5c920924fbbf'}, 'dob': {'date': '1977-07-11T11:01:28.968Z', 'age': 46}, 'registered': {'date': '2009-09-30T13:32:22.062Z', 'age': 14}, 'phone': '076 793 56 81', 'cell': '076 339 29 78', 'id': {'name': 'AVS', 'value': '756.7759.1559.93'}, 'picture': {'large': 'https://randomuser.me/api/portraits/women/8.jpg', 'medium': 'https://randomuser.me/api/portraits/med/women/8.jpg', 'thumbnail': 'https://randomuser.me/api/portraits/thumb/women/8.jpg'}, 'nat': 'CH'}</msg>
<arg>${json_data['results'][0]}</arg>
<doc>Logs the given message with the given level.</doc>
<status status="PASS" start="2024-04-10T13:15:34.653595" elapsed="0.000418"/>
</kw>
<kw name="Log" owner="BuiltIn">
<msg time="2024-04-10T13:15:34.654441" level="INFO">email</msg>
<arg>${key}</arg>
<doc>Logs the given message with the given level.</doc>
<status status="PASS" start="2024-04-10T13:15:34.654314" elapsed="0.000165"/>
</kw>
<var name="${key}">email</var>
<status status="PASS" start="2024-04-10T13:15:34.652760" elapsed="0.001932"/>
</iter>
<iter>
<kw name="Dictionary Should Contain Key" owner="Collections">
<msg time="2024-04-10T13:15:34.655417" level="INFO">False</msg>
<arg>${json_data['results'][0]}</arg>
<arg>${key}</arg>
<doc>Fails if ``key`` is not found from ``dictionary``.</doc>
<status status="PASS" start="2024-04-10T13:15:34.655008" elapsed="0.000449"/>
</kw>
<kw name="Log" owner="BuiltIn">
<msg time="2024-04-10T13:15:34.656123" level="INFO">{'gender': 'female', 'name': {'title': 'Madame', 'first': 'Fabiola', 'last': 'David'}, 'location': {'street': {'number': 7595, 'name': "Place de L'Abbé-Jean-Lebeuf"}, 'city': 'Langenbruck', 'state': 'Thurgau', 'country': 'Switzerland', 'postcode': 5513, 'coordinates': {'latitude': '-61.6837', 'longitude': '125.0403'}, 'timezone': {'offset': '-12:00', 'description': 'Eniwetok, Kwajalein'}}, 'email': 'fabiola.david@example.com', 'login': {'uuid': '53d0c37b-6df9-45c6-a06a-45951e86cf59', 'username': 'purpleelephant427', 'password': 'hack', 'salt': '37MxVxxb', 'md5': 'ffb7423095ba430768e73648dd05f565', 'sha1': '2001bb87b7386d88e61c595428b385ed4786860f', 'sha256': '7b2e248b61f5851bb571e36305024e90026cc3d4a9456a88e81f5c920924fbbf'}, 'dob': {'date': '1977-07-11T11:01:28.968Z', 'age': 46}, 'registered': {'date': '2009-09-30T13:32:22.062Z', 'age': 14}, 'phone': '076 793 56 81', 'cell': '076 339 29 78', 'id': {'name': 'AVS', 'value': '756.7759.1559.93'}, 'picture': {'large': 'https://randomuser.me/api/portraits/women/8.jpg', 'medium': 'https://randomuser.me/api/portraits/med/women/8.jpg', 'thumbnail': 'https://randomuser.me/api/portraits/thumb/women/8.jpg'}, 'nat': 'CH'}</msg>
<arg>${json_data['results'][0]}</arg>
<doc>Logs the given message with the given level.</doc>
<status status="PASS" start="2024-04-10T13:15:34.655754" elapsed="0.000418"/>
</kw>
<kw name="Log" owner="BuiltIn">
<msg time="2024-04-10T13:15:34.656592" level="INFO">login</msg>
<arg>${key}</arg>
<doc>Logs the given message with the given level.</doc>
<status status="PASS" start="2024-04-10T13:15:34.656465" elapsed="0.000200"/>
</kw>
<var name="${key}">login</var>
<status status="PASS" start="2024-04-10T13:15:34.654864" elapsed="0.002026"/>
</iter>
<var>${key}</var>
<value>@{expected_keys}</value>
<status status="PASS" start="2024-04-10T13:15:34.645885" elapsed="0.011127"/>
</for>
<kw name="Create List" owner="BuiltIn">
<msg time="2024-04-10T13:15:34.657342" level="INFO">${expected_keysTwo} = ['username', 'password']</msg>
<var>${expected_keysTwo}</var>
<arg>username</arg>
<arg>password</arg>
<doc>Returns a list containing given items.</doc>
<status status="PASS" start="2024-04-10T13:15:34.657204" elapsed="0.000162"/>
</kw>
<for flavor="IN">
<iter>
<kw name="Dictionary Should Contain Key" owner="Collections">
<msg time="2024-04-10T13:15:34.658360" level="INFO">False</msg>
<arg>${json_data['results'][0]['login']}</arg>
<arg>${keyTwo}</arg>
<doc>Fails if ``key`` is not found from ``dictionary``.</doc>
<status status="PASS" start="2024-04-10T13:15:34.657966" elapsed="0.000433"/>
</kw>
<kw name="Dictionary Should Contain Key" owner="Collections">
<msg time="2024-04-10T13:15:34.659131" level="INFO">False</msg>
<arg>${json_data['results'][0]['login']}</arg>
<arg>${keyTwo}</arg>
<doc>Fails if ``key`` is not found from ``dictionary``.</doc>
<status status="PASS" start="2024-04-10T13:15:34.658700" elapsed="0.000470"/>
</kw>
<kw name="Log" owner="BuiltIn">
<msg time="2024-04-10T13:15:34.659596" level="INFO">username</msg>
<arg>${keyTwo}</arg>
<doc>Logs the given message with the given level.</doc>
<status status="PASS" start="2024-04-10T13:15:34.659467" elapsed="0.000166"/>
</kw>
<var name="${keyTwo}">username</var>
<status status="PASS" start="2024-04-10T13:15:34.657852" elapsed="0.001996"/>
</iter>
<iter>
<kw name="Dictionary Should Contain Key" owner="Collections">
<msg time="2024-04-10T13:15:34.660510" level="INFO">False</msg>
<arg>${json_data['results'][0]['login']}</arg>
<arg>${keyTwo}</arg>
<doc>Fails if ``key`` is not found from ``dictionary``.</doc>
<status status="PASS" start="2024-04-10T13:15:34.660132" elapsed="0.000416"/>
</kw>
<kw name="Dictionary Should Contain Key" owner="Collections">
<msg time="2024-04-10T13:15:34.661225" level="INFO">False</msg>
<arg>${json_data['results'][0]['login']}</arg>
<arg>${keyTwo}</arg>
<doc>Fails if ``key`` is not found from ``dictionary``.</doc>
<status status="PASS" start="2024-04-10T13:15:34.660844" elapsed="0.000418"/>
</kw>
<kw name="Log" owner="BuiltIn">
<msg time="2024-04-10T13:15:34.661688" level="INFO">password</msg>
<arg>${keyTwo}</arg>
<doc>Logs the given message with the given level.</doc>
<status status="PASS" start="2024-04-10T13:15:34.661560" elapsed="0.000167"/>
</kw>
<var name="${keyTwo}">password</var>
<status status="PASS" start="2024-04-10T13:15:34.660022" elapsed="0.001923"/>
</iter>
<var>${keyTwo}</var>
<value>@{expected_keysTwo}</value>
<status status="PASS" start="2024-04-10T13:15:34.657598" elapsed="0.004469"/>
</for>
<status status="PASS" start="2024-04-10T13:15:34.549901" elapsed="0.112307"/>
</kw>
<doc>Testa a estrutura da resposta da API.</doc>
<tag>testeEstruturaResposta</tag>
<status status="PASS" start="2024-04-10T13:15:34.549143" elapsed="0.113227"/>
</test>
<test id="s1-s1-t4" name="Validar tipos de dados" line="28">
<kw name="Teste de Tipos de Dados" owner="random-user-service">
<kw name="GET On Session" owner="RequestsLibrary">
<msg time="2024-04-10T13:15:34.747650" level="INFO">GET Request : url=https://randomuser.me/api 
 path_url=/api 
 headers={'User-Agent': 'python-requests/2.31.0', 'Accept-Encoding': 'gzip, deflate', 'Accept': '*/*', 'Connection': 'keep-alive'} 
 body=None 
 </msg>
<msg time="2024-04-10T13:15:34.747727" level="INFO">GET Response : url=https://randomuser.me/api 
 status=200, reason=OK 
 headers={'Date': 'Wed, 10 Apr 2024 13:15:34 GMT', 'Content-Type': 'application/json; charset=utf-8', 'Transfer-Encoding': 'chunked', 'Connection': 'keep-alive', 'X-Powered-By': 'Express', 'Access-Control-Allow-Origin': '*', 'Cache-Control': 'no-cache', 'ETag': 'W/"4a0-+oTON+CKKMTpcsAlF0zWjQG6i6c"', 'Vary': 'Accept-Encoding', 'Content-Encoding': 'gzip', 'CF-Cache-Status': 'DYNAMIC', 'Report-To': '{"endpoints":[{"url":"https:\\/\\/a.nel.cloudflare.com\\/report\\/v4?s=BYcuxTFySmJdnKvVqzT%2F6jkGqNneylYOd87MGne62CMtSCkxK%2BBlKzqs%2BolKFS9iFjOo%2FQsivJMYKScWdqKwJio8nrKMG9A0Dy5Sj%2FKnmCggvck2t9ybW1Wth6C3kcKs"}],"group":"cf-nel","max_age":604800}', 'NEL': '{"success_fraction":0,"report_to":"cf-nel","max_age":604800}', 'Server': 'cloudflare', 'CF-RAY': '872301a5aeb92d11-IAD', 'alt-svc': 'h3=":443"; ma=86400'} 
 body={"results":[{"gender":"female","name":{"title":"Miss","first":"Renee","last":"Phillips"},"location":{"street":{"number":9336,"name":"Hamilton Ave"},"city":"Port St. Lucie","state":"Nebraska","country":"United States","postcode":73494,"coordinates":{"latitude":"81.4809","longitude":"171.0120"},"timezone":{"offset":"-8:00","description":"Pacific Time (US &amp; Canada)"}},"email":"renee.phillips@example.com","login":{"uuid":"cb32e5b8-be0d-461c-94af-1b2306a44236","username":"whitebutterfly764","password":"olivier","salt":"3bZAgX1q","md5":"c3b4a590d8ae2104345f2c942df5e8fe","sha1":"783a4dc1cea15f2372c3fb3e8332e09176ee0f68","sha256":"6abe39707696aa18992a0b4cadbada4966440990aa5a14d01279a5d345e8ce1a"},"dob":{"date":"1953-03-27T08:55:34.395Z","age":71},"registered":{"date":"2006-11-05T14:48:32.928Z","age":17},"phone":"(562) 411-4589","cell":"(368) 836-8601","id":{"name":"SSN","value":"257-64-0545"},"picture":{"large":"https://randomuser.me/api/portraits/women/3.jpg","medium":"https://randomuser.me/api/portraits/med/women/3.jpg","thumbnail":"https://randomuser.me/api/portraits/thumb/women/3.jpg"},"nat":"US"}],"info":{"seed":"822fccf37b742e2e","results":1,"page":1,"version":"1.4"}} 
 </msg>
<msg time="2024-04-10T13:15:34.747798" level="INFO">/opt/hostedtoolcache/Python/3.12.2/x64/lib/python3.12/site-packages/urllib3/connectionpool.py:1103: InsecureRequestWarning: Unverified HTTPS request is being made to host 'randomuser.me'. Adding certificate verification is strongly advised. See: https://urllib3.readthedocs.io/en/latest/advanced-usage.html#tls-warnings
  warnings.warn(</msg>
<msg time="2024-04-10T13:15:34.747924" level="INFO">${response} = &lt;Response [200]&gt;</msg>
<var>${response}</var>
<arg>consultarAPI</arg>
<arg>/api</arg>
<doc>Sends a GET request on a previously created HTTP Session.</doc>
<status status="PASS" start="2024-04-10T13:15:34.664886" elapsed="0.083082"/>
</kw>
<kw name="Set Variable" owner="BuiltIn">
<msg time="2024-04-10T13:15:34.748888" level="INFO">${json_data} = {'results': [{'gender': 'female', 'name': {'title': 'Miss', 'first': 'Renee', 'last': 'Phillips'}, 'location': {'street': {'number': 9336, 'name': 'Hamilton Ave'}, 'city': 'Port St. Lucie', 'state': '...</msg>
<var>${json_data}</var>
<arg>${response.json()}</arg>
<doc>Returns the given values which can then be assigned to a variables.</doc>
<status status="PASS" start="2024-04-10T13:15:34.748403" elapsed="0.000517"/>
</kw>
<kw name="Log" owner="BuiltIn">
<msg time="2024-04-10T13:15:34.749380" level="INFO">{'results': [{'gender': 'female', 'name': {'title': 'Miss', 'first': 'Renee', 'last': 'Phillips'}, 'location': {'street': {'number': 9336, 'name': 'Hamilton Ave'}, 'city': 'Port St. Lucie', 'state': 'Nebraska', 'country': 'United States', 'postcode': 73494, 'coordinates': {'latitude': '81.4809', 'longitude': '171.0120'}, 'timezone': {'offset': '-8:00', 'description': 'Pacific Time (US &amp; Canada)'}}, 'email': 'renee.phillips@example.com', 'login': {'uuid': 'cb32e5b8-be0d-461c-94af-1b2306a44236', 'username': 'whitebutterfly764', 'password': 'olivier', 'salt': '3bZAgX1q', 'md5': 'c3b4a590d8ae2104345f2c942df5e8fe', 'sha1': '783a4dc1cea15f2372c3fb3e8332e09176ee0f68', 'sha256': '6abe39707696aa18992a0b4cadbada4966440990aa5a14d01279a5d345e8ce1a'}, 'dob': {'date': '1953-03-27T08:55:34.395Z', 'age': 71}, 'registered': {'date': '2006-11-05T14:48:32.928Z', 'age': 17}, 'phone': '(562) 411-4589', 'cell': '(368) 836-8601', 'id': {'name': 'SSN', 'value': '257-64-0545'}, 'picture': {'large': 'https://randomuser.me/api/portraits/women/3.jpg', 'medium': 'https://randomuser.me/api/portraits/med/women/3.jpg', 'thumbnail': 'https://randomuser.me/api/portraits/thumb/women/3.jpg'}, 'nat': 'US'}], 'info': {'seed': '822fccf37b742e2e', 'results': 1, 'page': 1, 'version': '1.4'}}</msg>
<arg>${json_data}</arg>
<doc>Logs the given message with the given level.</doc>
<status status="PASS" start="2024-04-10T13:15:34.749225" elapsed="0.000236"/>
</kw>
<kw name="Should Be String" owner="String">
<arg>${json_data['results'][0]['gender']}</arg>
<doc>Fails if the given ``item`` is not a string.</doc>
<status status="PASS" start="2024-04-10T13:15:34.749764" elapsed="0.000366"/>
</kw>
<kw name="Should Match Regexp" owner="BuiltIn">
<arg>${json_data['results'][0]['email']}</arg>
<arg>^[a-zA-Z0-9._%+-]+@[a-zA-Z0-9.-]+\.[a-zA-Z]{2,}$</arg>
<doc>Fails if ``string`` does not match ``pattern`` as a regular expression.</doc>
<status status="PASS" start="2024-04-10T13:15:34.750323" elapsed="0.000510"/>
</kw>
<kw name="Should Match Regexp" owner="BuiltIn">
<arg>${json_data['results'][0]['dob']['date']}</arg>
<arg>\\d{4}-\\d{2}-\\d{2}T\\d{2}:\\d{2}:\\d{2}\\.\\d{3}Z</arg>
<doc>Fails if ``string`` does not match ``pattern`` as a regular expression.</doc>
<status status="PASS" start="2024-04-10T13:15:34.751065" elapsed="0.000500"/>
</kw>
<kw name="Should Match Regexp" owner="BuiltIn">
<arg>${json_data['results'][0]['registered']['date']}</arg>
<arg>\\d{4}-\\d{2}-\\d{2}T\\d{2}:\\d{2}:\\d{2}\\.\\d{3}Z</arg>
<doc>Fails if ``string`` does not match ``pattern`` as a regular expression.</doc>
<status status="PASS" start="2024-04-10T13:15:34.751766" elapsed="0.000381"/>
</kw>
<kw name="Should Match Regexp" owner="BuiltIn">
<arg>${json_data['results'][0]['picture']['large']}</arg>
<arg>^https?://.*\.(?:png|jpe?g|gif|bmp)$</arg>
<doc>Fails if ``string`` does not match ``pattern`` as a regular expression.</doc>
<status status="PASS" start="2024-04-10T13:15:34.752337" elapsed="0.000459"/>
</kw>
<kw name="Should Match Regexp" owner="BuiltIn">
<arg>${json_data['results'][0]['picture']['medium']}</arg>
<arg>^https?://.*\.(?:png|jpe?g|gif|bmp)$</arg>
<doc>Fails if ``string`` does not match ``pattern`` as a regular expression.</doc>
<status status="PASS" start="2024-04-10T13:15:34.752988" elapsed="0.000361"/>
</kw>
<kw name="Should Match Regexp" owner="BuiltIn">
<arg>${json_data['results'][0]['picture']['thumbnail']}</arg>
<arg>^https?://.*\.(?:png|jpe?g|gif|bmp)$</arg>
<doc>Fails if ``string`` does not match ``pattern`` as a regular expression.</doc>
<status status="PASS" start="2024-04-10T13:15:34.753576" elapsed="0.000376"/>
</kw>
<kw name="Log" owner="BuiltIn">
<msg time="2024-04-10T13:15:34.754466" level="INFO">{'large': 'https://randomuser.me/api/portraits/women/3.jpg', 'medium': 'https://randomuser.me/api/portraits/med/women/3.jpg', 'thumbnail': 'https://randomuser.me/api/portraits/thumb/women/3.jpg'}</msg>
<arg>${json_data['results'][0]['picture']}</arg>
<doc>Logs the given message with the given level.</doc>
<status status="PASS" start="2024-04-10T13:15:34.754134" elapsed="0.000374"/>
</kw>
<status status="PASS" start="2024-04-10T13:15:34.664625" elapsed="0.090139"/>
</kw>
<kw name="Teste de Tipos de Dados - Postcode" owner="random-user-service">
<kw name="GET On Session" owner="RequestsLibrary">
<msg time="2024-04-10T13:15:34.847456" level="INFO">GET Request : url=https://randomuser.me/api 
 path_url=/api 
 headers={'User-Agent': 'python-requests/2.31.0', 'Accept-Encoding': 'gzip, deflate', 'Accept': '*/*', 'Connection': 'keep-alive'} 
 body=None 
 </msg>
<msg time="2024-04-10T13:15:34.847536" level="INFO">GET Response : url=https://randomuser.me/api 
 status=200, reason=OK 
 headers={'Date': 'Wed, 10 Apr 2024 13:15:34 GMT', 'Content-Type': 'application/json; charset=utf-8', 'Transfer-Encoding': 'chunked', 'Connection': 'keep-alive', 'X-Powered-By': 'Express', 'Access-Control-Allow-Origin': '*', 'Cache-Control': 'no-cache', 'ETag': 'W/"484-7Sfd6dY/Z5KcStSkhlwT8rzk0fY"', 'Vary': 'Accept-Encoding', 'Content-Encoding': 'gzip', 'CF-Cache-Status': 'DYNAMIC', 'Report-To': '{"endpoints":[{"url":"https:\\/\\/a.nel.cloudflare.com\\/report\\/v4?s=sPvEe%2FRJdU0eSEgvxy9E75WCulHya7pj8PYyYwF3q0n7DQCrzwXLL1%2FrP1rudJi%2Frn70O132eVV%2FS6%2FuCeBku6SqP79BS1x%2FKw7nNslTe4sv9xCXYVNKUBYWvO5O85g%2F"}],"group":"cf-nel","max_age":604800}', 'NEL': '{"success_fraction":0,"report_to":"cf-nel","max_age":604800}', 'Server': 'cloudflare', 'CF-RAY': '872301a63f682d11-IAD', 'alt-svc': 'h3=":443"; ma=86400'} 
 body={"results":[{"gender":"female","name":{"title":"Miss","first":"Draginja","last":"Đokanović"},"location":{"street":{"number":706,"name":"Bože Krezića"},"city":"Arilje","state":"Bor","country":"Serbia","postcode":74547,"coordinates":{"latitude":"62.9070","longitude":"163.0551"},"timezone":{"offset":"-11:00","description":"Midway Island, Samoa"}},"email":"draginja.dokanovic@example.com","login":{"uuid":"32201100-b15b-4b70-9a4b-42560c4c2657","username":"sadfrog253","password":"dotcom","salt":"guTREbYQ","md5":"dc88cfd6385921c927fff3985798a9a4","sha1":"01017a3e030da891e68d43ff957eb9d7211d201f","sha256":"cbf9f9a73a3bce64d871d7b745e33918b8b8b43508fdc275fd1eb14bc97dbac4"},"dob":{"date":"1962-08-21T00:58:52.919Z","age":61},"registered":{"date":"2009-11-15T17:49:45.236Z","age":14},"phone":"032-7133-428","cell":"063-1314-810","id":{"name":"SID","value":"000171879"},"picture":{"large":"https://randomuser.me/api/portraits/women/4.jpg","medium":"https://randomuser.me/api/portraits/med/women/4.jpg","thumbnail":"https://randomuser.me/api/portraits/thumb/women/4.jpg"},"nat":"RS"}],"info":{"seed":"3737e3c7d5f8233b","results":1,"page":1,"version":"1.4"}} 
 </msg>
<msg time="2024-04-10T13:15:34.847615" level="INFO">/opt/hostedtoolcache/Python/3.12.2/x64/lib/python3.12/site-packages/urllib3/connectionpool.py:1103: InsecureRequestWarning: Unverified HTTPS request is being made to host 'randomuser.me'. Adding certificate verification is strongly advised. See: https://urllib3.readthedocs.io/en/latest/advanced-usage.html#tls-warnings
  warnings.warn(</msg>
<msg time="2024-04-10T13:15:34.847704" level="INFO">${response} = &lt;Response [200]&gt;</msg>
<var>${response}</var>
<arg>consultarAPI</arg>
<arg>/api</arg>
<doc>Sends a GET request on a previously created HTTP Session.</doc>
<status status="PASS" start="2024-04-10T13:15:34.755253" elapsed="0.092483"/>
</kw>
<kw name="Set Variable" owner="BuiltIn">
<msg time="2024-04-10T13:15:34.848571" level="INFO">${json_data} = {'results': [{'gender': 'female', 'name': {'title': 'Miss', 'first': 'Draginja', 'last': 'Đokanović'}, 'location': {'street': {'number': 706, 'name': 'Bože Krezića'}, 'city': 'Arilje', 'state': 'Bor',...</msg>
<var>${json_data}</var>
<arg>${response.json()}</arg>
<doc>Returns the given values which can then be assigned to a variables.</doc>
<status status="PASS" start="2024-04-10T13:15:34.848119" elapsed="0.000482"/>
</kw>
<kw name="Log" owner="BuiltIn">
<msg time="2024-04-10T13:15:34.849060" level="INFO">{'results': [{'gender': 'female', 'name': {'title': 'Miss', 'first': 'Draginja', 'last': 'Đokanović'}, 'location': {'street': {'number': 706, 'name': 'Bože Krezića'}, 'city': 'Arilje', 'state': 'Bor', 'country': 'Serbia', 'postcode': 74547, 'coordinates': {'latitude': '62.9070', 'longitude': '163.0551'}, 'timezone': {'offset': '-11:00', 'description': 'Midway Island, Samoa'}}, 'email': 'draginja.dokanovic@example.com', 'login': {'uuid': '32201100-b15b-4b70-9a4b-42560c4c2657', 'username': 'sadfrog253', 'password': 'dotcom', 'salt': 'guTREbYQ', 'md5': 'dc88cfd6385921c927fff3985798a9a4', 'sha1': '01017a3e030da891e68d43ff957eb9d7211d201f', 'sha256': 'cbf9f9a73a3bce64d871d7b745e33918b8b8b43508fdc275fd1eb14bc97dbac4'}, 'dob': {'date': '1962-08-21T00:58:52.919Z', 'age': 61}, 'registered': {'date': '2009-11-15T17:49:45.236Z', 'age': 14}, 'phone': '032-7133-428', 'cell': '063-1314-810', 'id': {'name': 'SID', 'value': '000171879'}, 'picture': {'large': 'https://randomuser.me/api/portraits/women/4.jpg', 'medium': 'https://randomuser.me/api/portraits/med/women/4.jpg', 'thumbnail': 'https://randomuser.me/api/portraits/thumb/women/4.jpg'}, 'nat': 'RS'}], 'info': {'seed': '3737e3c7d5f8233b', 'results': 1, 'page': 1, 'version': '1.4'}}</msg>
<arg>${json_data}</arg>
<doc>Logs the given message with the given level.</doc>
<status status="PASS" start="2024-04-10T13:15:34.848903" elapsed="0.000242"/>
</kw>
<kw name="Should Be Equal As Numbers" owner="BuiltIn">
<arg>${json_data['results'][0]['location']['postcode']}</arg>
<arg>${json_data['results'][0]['location']['postcode']}</arg>
<doc>Fails if objects are unequal after converting them to real numbers.</doc>
<status status="PASS" start="2024-04-10T13:15:34.849446" elapsed="0.000625"/>
</kw>
<kw name="Log" owner="BuiltIn">
<msg time="2024-04-10T13:15:34.850599" level="INFO">74547</msg>
<arg>${json_data['results'][0]['location']['postcode']}</arg>
<doc>Logs the given message with the given level.</doc>
<status status="PASS" start="2024-04-10T13:15:34.850263" elapsed="0.000377"/>
</kw>
<status status="PASS" start="2024-04-10T13:15:34.755014" elapsed="0.095875"/>
</kw>
<doc>Testa se os tipos de dados na resposta da API estão corretos.</doc>
<tag>testeTiposDados</tag>
<status status="PASS" start="2024-04-10T13:15:34.664171" elapsed="0.186930"/>
</test>
<test id="s1-s1-t5" name="Validar conteudo" line="35">
<kw name="Teste de Tipos de Conteudo" owner="random-user-service">
<kw name="GET On Session" owner="RequestsLibrary">
<msg time="2024-04-10T13:15:34.942472" level="INFO">GET Request : url=https://randomuser.me/api 
 path_url=/api 
 headers={'User-Agent': 'python-requests/2.31.0', 'Accept-Encoding': 'gzip, deflate', 'Accept': '*/*', 'Connection': 'keep-alive'} 
 body=None 
 </msg>
<msg time="2024-04-10T13:15:34.942550" level="INFO">GET Response : url=https://randomuser.me/api 
 status=200, reason=OK 
 headers={'Date': 'Wed, 10 Apr 2024 13:15:34 GMT', 'Content-Type': 'application/json; charset=utf-8', 'Transfer-Encoding': 'chunked', 'Connection': 'keep-alive', 'X-Powered-By': 'Express', 'Access-Control-Allow-Origin': '*', 'Cache-Control': 'no-cache', 'ETag': 'W/"475-Al/Lxf9bxMn3VBxMkdCpRS+TT7Y"', 'Vary': 'Accept-Encoding', 'Content-Encoding': 'gzip', 'CF-Cache-Status': 'DYNAMIC', 'Report-To': '{"endpoints":[{"url":"https:\\/\\/a.nel.cloudflare.com\\/report\\/v4?s=vQip6EmSxkmg%2FhIfs1Vtr7sUtzBI2l7X0d%2FBPz%2BvuqTWrlQLt%2BgqyQbqlufXF3Y9%2FkW6mQtgNfHXj4Vn%2F0hAtmU2qK0FSBB2BY%2FEcqveATreEzDswypl5j7QOKzKiYRZ"}],"group":"cf-nel","max_age":604800}', 'NEL': '{"success_fraction":0,"report_to":"cf-nel","max_age":604800}', 'Server': 'cloudflare', 'CF-RAY': '872301a6d8162d11-IAD', 'alt-svc': 'h3=":443"; ma=86400'} 
 body={"results":[{"gender":"female","name":{"title":"Mrs","first":"Becky","last":"Boyd"},"location":{"street":{"number":4337,"name":"Adams St"},"city":"Inglewood","state":"New York","country":"United States","postcode":21946,"coordinates":{"latitude":"87.0974","longitude":"91.7104"},"timezone":{"offset":"+4:30","description":"Kabul"}},"email":"becky.boyd@example.com","login":{"uuid":"115a606a-29f6-4968-9a52-4d0b7b78ab9d","username":"bluefish875","password":"fountain","salt":"L8yMxIgQ","md5":"3e97612ac887ea1a62603a1a1718037f","sha1":"ec5343c5da5e5b008f8956c2c81a83a966ae2f9d","sha256":"16dd1f27ad6241f069638f918cc8f5ffdd9e8e70d99a31fa9e1f116af47ebf95"},"dob":{"date":"1945-01-28T18:31:29.667Z","age":79},"registered":{"date":"2016-05-06T13:22:47.803Z","age":7},"phone":"(745) 776-8075","cell":"(700) 683-2317","id":{"name":"SSN","value":"157-03-7888"},"picture":{"large":"https://randomuser.me/api/portraits/women/45.jpg","medium":"https://randomuser.me/api/portraits/med/women/45.jpg","thumbnail":"https://randomuser.me/api/portraits/thumb/women/45.jpg"},"nat":"US"}],"info":{"seed":"01743b480a42df98","results":1,"page":1,"version":"1.4"}} 
 </msg>
<msg time="2024-04-10T13:15:34.942619" level="INFO">/opt/hostedtoolcache/Python/3.12.2/x64/lib/python3.12/site-packages/urllib3/connectionpool.py:1103: InsecureRequestWarning: Unverified HTTPS request is being made to host 'randomuser.me'. Adding certificate verification is strongly advised. See: https://urllib3.readthedocs.io/en/latest/advanced-usage.html#tls-warnings
  warnings.warn(</msg>
<msg time="2024-04-10T13:15:34.942728" level="INFO">${response} = &lt;Response [200]&gt;</msg>
<var>${response}</var>
<arg>consultarAPI</arg>
<arg>/api</arg>
<doc>Sends a GET request on a previously created HTTP Session.</doc>
<status status="PASS" start="2024-04-10T13:15:34.853452" elapsed="0.089308"/>
</kw>
<kw name="Set Variable" owner="BuiltIn">
<msg time="2024-04-10T13:15:34.943600" level="INFO">${json_data} = {'results': [{'gender': 'female', 'name': {'title': 'Mrs', 'first': 'Becky', 'last': 'Boyd'}, 'location': {'street': {'number': 4337, 'name': 'Adams St'}, 'city': 'Inglewood', 'state': 'New York', 'co...</msg>
<var>${json_data}</var>
<arg>${response.json()}</arg>
<doc>Returns the given values which can then be assigned to a variables.</doc>
<status status="PASS" start="2024-04-10T13:15:34.943155" elapsed="0.000472"/>
</kw>
<kw name="Set Variable" owner="BuiltIn">
<msg time="2024-04-10T13:15:34.944310" level="INFO">${name_title} = Mrs</msg>
<var>${name_title}</var>
<arg>${json_data["results"][0]["name"]["title"]}</arg>
<doc>Returns the given values which can then be assigned to a variables.</doc>
<status status="PASS" start="2024-04-10T13:15:34.943932" elapsed="0.000403"/>
</kw>
<kw name="Create List" owner="BuiltIn">
<msg time="2024-04-10T13:15:34.944775" level="INFO">${allowed_titles} = ['Mr', 'Ms', 'Miss', 'Mrs', 'Madame', 'Monsieur']</msg>
<var>${allowed_titles}</var>
<arg>Mr</arg>
<arg>Ms</arg>
<arg>Miss</arg>
<arg>Mrs</arg>
<arg>Madame</arg>
<arg>Monsieur</arg>
<doc>Returns a list containing given items.</doc>
<status status="PASS" start="2024-04-10T13:15:34.944626" elapsed="0.000173"/>
</kw>
<kw name="List Should Contain Value" owner="Collections">
<msg time="2024-04-10T13:15:34.945269" level="INFO">False</msg>
<arg>${allowed_titles}</arg>
<arg>${name_title}</arg>
<doc>Fails if the ``value`` is not found from ``list``.</doc>
<status status="PASS" start="2024-04-10T13:15:34.945095" elapsed="0.000210"/>
</kw>
<kw name="Set Variable" owner="BuiltIn">
<msg time="2024-04-10T13:15:34.945967" level="INFO">${name_country} = US</msg>
<var>${name_country}</var>
<arg>${json_data["results"][0]["nat"]}</arg>
<doc>Returns the given values which can then be assigned to a variables.</doc>
<status status="PASS" start="2024-04-10T13:15:34.945593" elapsed="0.000398"/>
</kw>
<kw name="Create List" owner="BuiltIn">
<msg time="2024-04-10T13:15:34.946891" level="INFO">${list_country} = ['AD', 'AE', 'AF', 'AG', 'AI', 'AL', 'AM', 'AO', 'AQ', 'AR', 'AS', 'AT', 'AU', 'AW', 'AX', 'AZ', 'BA', 'BB', 'BD', 'BE', 'BF', 'BG', 'BH', 'BI', 'BJ', 'BL', 'BM', 'BN', 'BO', 'BQ', 'BR', 'BS', 'BT', '...</msg>
<var>${list_country}</var>
<arg>AD</arg>
<arg>AE</arg>
<arg>AF</arg>
<arg>AG</arg>
<arg>AI</arg>
<arg>AL</arg>
<arg>AM</arg>
<arg>AO</arg>
<arg>AQ</arg>
<arg>AR</arg>
<arg>AS</arg>
<arg>AT</arg>
<arg>AU</arg>
<arg>AW</arg>
<arg>AX</arg>
<arg>AZ</arg>
<arg>BA</arg>
<arg>BB</arg>
<arg>BD</arg>
<arg>BE</arg>
<arg>BF</arg>
<arg>BG</arg>
<arg>BH</arg>
<arg>BI</arg>
<arg>BJ</arg>
<arg>BL</arg>
<arg>BM</arg>
<arg>BN</arg>
<arg>BO</arg>
<arg>BQ</arg>
<arg>BR</arg>
<arg>BS</arg>
<arg>BT</arg>
<arg>BV</arg>
<arg>BW</arg>
<arg>BY</arg>
<arg>BZ</arg>
<arg>CA</arg>
<arg>CC</arg>
<arg>CD</arg>
<arg>CF</arg>
<arg>CG</arg>
<arg>CH</arg>
<arg>CI</arg>
<arg>CK</arg>
<arg>CL</arg>
<arg>CM</arg>
<arg>CN</arg>
<arg>CO</arg>
<arg>CR</arg>
<arg>CU</arg>
<arg>CV</arg>
<arg>CW</arg>
<arg>CX</arg>
<arg>CY</arg>
<arg>CZ</arg>
<arg>DE</arg>
<arg>DJ</arg>
<arg>DK</arg>
<arg>DM</arg>
<arg>DO</arg>
<arg>DZ</arg>
<arg>EC</arg>
<arg>EE</arg>
<arg>EG</arg>
<arg>EH</arg>
<arg>ER</arg>
<arg>ES</arg>
<arg>ET</arg>
<arg>FI</arg>
<arg>FJ</arg>
<arg>FK</arg>
<arg>FM</arg>
<arg>FO</arg>
<arg>FR</arg>
<arg>GA</arg>
<arg>GB</arg>
<arg>GD</arg>
<arg>GE</arg>
<arg>GF</arg>
<arg>GG</arg>
<arg>GH</arg>
<arg>GI</arg>
<arg>GL</arg>
<arg>GM</arg>
<arg>GN</arg>
<arg>GP</arg>
<arg>GQ</arg>
<arg>GR</arg>
<arg>GS</arg>
<arg>GT</arg>
<arg>GU</arg>
<arg>GW</arg>
<arg>GY</arg>
<arg>HK</arg>
<arg>HM</arg>
<arg>HN</arg>
<arg>HR</arg>
<arg>HT</arg>
<arg>HU</arg>
<arg>ID</arg>
<arg>IE</arg>
<arg>IL</arg>
<arg>IM</arg>
<arg>IN</arg>
<arg>IO</arg>
<arg>IQ</arg>
<arg>IR</arg>
<arg>IS</arg>
<arg>IT</arg>
<arg>JE</arg>
<arg>JM</arg>
<arg>JO</arg>
<arg>JP</arg>
<arg>KE</arg>
<arg>KG</arg>
<arg>KH</arg>
<arg>KI</arg>
<arg>KM</arg>
<arg>KN</arg>
<arg>KP</arg>
<arg>KR</arg>
<arg>KW</arg>
<arg>KY</arg>
<arg>KZ</arg>
<arg>LA</arg>
<arg>LB</arg>
<arg>LC</arg>
<arg>LI</arg>
<arg>LK</arg>
<arg>LR</arg>
<arg>LS</arg>
<arg>LT</arg>
<arg>LU</arg>
<arg>LV</arg>
<arg>LY</arg>
<arg>MA</arg>
<arg>MC</arg>
<arg>MD</arg>
<arg>ME</arg>
<arg>MF</arg>
<arg>MG</arg>
<arg>MH</arg>
<arg>MK</arg>
<arg>ML</arg>
<arg>MM</arg>
<arg>MN</arg>
<arg>MO</arg>
<arg>MP</arg>
<arg>MQ</arg>
<arg>MR</arg>
<arg>MS</arg>
<arg>MT</arg>
<arg>MU</arg>
<arg>MV</arg>
<arg>MW</arg>
<arg>MX</arg>
<arg>MY</arg>
<arg>MZ</arg>
<arg>NA</arg>
<arg>NC</arg>
<arg>NE</arg>
<arg>NF</arg>
<arg>NG</arg>
<arg>NI</arg>
<arg>NL</arg>
<arg>NO</arg>
<arg>NP</arg>
<arg>NR</arg>
<arg>NU</arg>
<arg>NZ</arg>
<arg>OM</arg>
<arg>PA</arg>
<arg>PE</arg>
<arg>PF</arg>
<arg>PG</arg>
<arg>PH</arg>
<arg>PK</arg>
<arg>PL</arg>
<arg>PM</arg>
<arg>PN</arg>
<arg>PR</arg>
<arg>PS</arg>
<arg>PT</arg>
<arg>PW</arg>
<arg>PY</arg>
<arg>QA</arg>
<arg>RE</arg>
<arg>RO</arg>
<arg>RS</arg>
<arg>RU</arg>
<arg>RW</arg>
<arg>SA</arg>
<arg>SB</arg>
<arg>SC</arg>
<arg>SD</arg>
<arg>SE</arg>
<arg>SG</arg>
<arg>SH</arg>
<arg>SI</arg>
<arg>SJ</arg>
<arg>SK</arg>
<arg>SL</arg>
<arg>SM</arg>
<arg>SN</arg>
<arg>SO</arg>
<arg>SR</arg>
<arg>SS</arg>
<arg>ST</arg>
<arg>SV</arg>
<arg>SX</arg>
<arg>SY</arg>
<arg>SZ</arg>
<arg>TC</arg>
<arg>TD</arg>
<arg>TF</arg>
<arg>TG</arg>
<arg>TH</arg>
<arg>TJ</arg>
<arg>TK</arg>
<arg>TL</arg>
<arg>TM</arg>
<arg>TN</arg>
<arg>TO</arg>
<arg>TR</arg>
<arg>TT</arg>
<arg>TV</arg>
<arg>TW</arg>
<arg>TZ</arg>
<arg>UA</arg>
<arg>UG</arg>
<arg>UM</arg>
<arg>US</arg>
<arg>UY</arg>
<arg>UZ</arg>
<arg>VA</arg>
<arg>VC</arg>
<arg>VE</arg>
<arg>VG</arg>
<arg>VI</arg>
<arg>VN</arg>
<arg>VU</arg>
<arg>WF</arg>
<arg>WS</arg>
<arg>XK</arg>
<arg>YE</arg>
<arg>YT</arg>
<arg>ZA</arg>
<arg>ZM</arg>
<arg>ZW</arg>
<doc>Returns a list containing given items.</doc>
<status status="PASS" start="2024-04-10T13:15:34.946293" elapsed="0.000623"/>
</kw>
<kw name="List Should Contain Value" owner="Collections">
<msg time="2024-04-10T13:15:34.947958" level="INFO">False</msg>
<arg>${list_country}</arg>
<arg>${name_country}</arg>
<doc>Fails if the ``value`` is not found from ``list``.</doc>
<status status="PASS" start="2024-04-10T13:15:34.947745" elapsed="0.000250"/>
</kw>
<kw name="Run Keyword If" owner="BuiltIn">
<kw name="Should Be True" owner="BuiltIn">
<arg>${True}</arg>
<doc>Fails if the given condition is not true.</doc>
<status status="PASS" start="2024-04-10T13:15:34.949149" elapsed="0.000145"/>
</kw>
<arg>${json_data["results"][0]["location"]["coordinates"]["latitude"]} &gt;= -90 and ${json_data["results"][0]["location"]["coordinates"]["latitude"]} &lt;= 90</arg>
<arg>Should Be True</arg>
<arg>${True}</arg>
<doc>Runs the given keyword with the given arguments, if ``condition`` is true.</doc>
<status status="PASS" start="2024-04-10T13:15:34.948300" elapsed="0.001123"/>
</kw>
<kw name="Run Keyword If" owner="BuiltIn">
<kw name="Should Be True" owner="BuiltIn">
<arg>${True}</arg>
<doc>Fails if the given condition is not true.</doc>
<status status="PASS" start="2024-04-10T13:15:34.950301" elapsed="0.000138"/>
</kw>
<arg>${json_data["results"][0]["location"]["coordinates"]["longitude"]} &gt;= -180 and ${json_data["results"][0]["location"]["coordinates"]["longitude"]} &lt;= 180</arg>
<arg>Should Be True</arg>
<arg>${True}</arg>
<doc>Runs the given keyword with the given arguments, if ``condition`` is true.</doc>
<status status="PASS" start="2024-04-10T13:15:34.949608" elapsed="0.000954"/>
</kw>
<status status="PASS" start="2024-04-10T13:15:34.853236" elapsed="0.097453"/>
</kw>
<doc>Testa o conteúdo específico dos campos retornados pela API.</doc>
<tag>testeConteudo</tag>
<status status="PASS" start="2024-04-10T13:15:34.852805" elapsed="0.098030"/>
</test>
<status status="PASS" start="2024-04-10T13:15:34.048531" elapsed="0.904265"/>
</suite>
<status status="PASS" start="2024-04-10T13:15:34.034783" elapsed="0.923291"/>
</suite>
<statistics>
<total>
<stat pass="5" fail="0" skip="0">All Tests</stat>
</total>
<tag>
<stat pass="1" fail="0" skip="0">testeConteudo</stat>
<stat pass="1" fail="0" skip="0">testeEstruturaResposta</stat>
<stat pass="1" fail="0" skip="0">testeRequisicaoBasica</stat>
<stat pass="1" fail="0" skip="0">testeTiposDados</stat>
</tag>
<suite>
<stat pass="5" fail="0" skip="0" id="s1" name="Tests">Tests</stat>
<stat pass="5" fail="0" skip="0" id="s1-s1" name="Random-User-Test">Tests.Random-User-Test</stat>
</suite>
</statistics>
<errors>
</errors>
</robot>
