<?xml version="1.0" encoding="UTF-8"?>
<robot generator="Robot 7.0.1 (Python 3.12.3 on linux)" generated="2024-06-14T11:12:39.240421" rpa="false" schemaversion="5">
<suite id="s1" name="Tests" source="/home/runner/work/ApiRandomUser/ApiRandomUser/RamdonUser/tests">
<suite id="s1-s1" name="Random-User-Test" source="/home/runner/work/ApiRandomUser/ApiRandomUser/RamdonUser/tests/random-user-test.robot">
<test id="s1-s1-t1" name="Conectar" line="13">
<kw name="Conectar API" owner="random-user-service">
<kw name="Create Session" owner="RequestsLibrary">
<msg time="2024-06-14T11:12:39.653897" level="INFO">Creating Session using : alias=consultarAPI, url=https://randomuser.me/, headers={},                     cookies={}, auth=None, timeout=None, proxies=None, verify=False,                     debug=0 </msg>
<arg>consultarAPI</arg>
<arg>${URL}</arg>
<doc>Create Session: create a HTTP session to a server</doc>
<status status="PASS" start="2024-06-14T11:12:39.653701" elapsed="0.000368"/>
</kw>
<status status="PASS" start="2024-06-14T11:12:39.652686" elapsed="0.001732"/>
</kw>
<status status="PASS" start="2024-06-14T11:12:39.652183" elapsed="0.002473"/>
</test>
<test id="s1-s1-t2" name="Validar retorno 200 e JSON Válido" line="16">
<kw name="Teste de Requisicao Basica" owner="random-user-service">
<kw name="GET On Session" owner="RequestsLibrary">
<msg time="2024-06-14T11:12:39.842328" level="INFO">GET Request : url=https://randomuser.me/api 
 path_url=/api 
 headers={'User-Agent': 'python-requests/2.32.3', 'Accept-Encoding': 'gzip, deflate', 'Accept': '*/*', 'Connection': 'keep-alive'} 
 body=None 
 </msg>
<msg time="2024-06-14T11:12:39.842434" level="INFO">GET Response : url=https://randomuser.me/api 
 status=200, reason=OK 
 headers={'Date': 'Fri, 14 Jun 2024 11:12:39 GMT', 'Content-Type': 'application/json; charset=utf-8', 'Transfer-Encoding': 'chunked', 'Connection': 'keep-alive', 'X-Powered-By': 'Express', 'Access-Control-Allow-Origin': '*', 'Cache-Control': 'no-cache', 'ETag': 'W/"485-vMS1NxxmT3rKad0CdTMxXvzppZ4"', 'Vary': 'Accept-Encoding', 'Content-Encoding': 'gzip', 'CF-Cache-Status': 'DYNAMIC', 'Report-To': '{"endpoints":[{"url":"https:\\/\\/a.nel.cloudflare.com\\/report\\/v4?s=nKiJpelFwvNAIW%2F6FS1GUyqhJRSrWJVnfgOFSMOWRR07q9V06S1atl3EsqBicE%2BDzGfiwMRrCZ9wxwL2MbcuYcdrX9nW%2FeFK6TTptiG8YqN4PV%2FTDW98rpMFkR9Sdlgm"}],"group":"cf-nel","max_age":604800}', 'NEL': '{"success_fraction":0,"report_to":"cf-nel","max_age":604800}', 'Server': 'cloudflare', 'CF-RAY': '8939e2f8c813081d-IAD', 'alt-svc': 'h3=":443"; ma=86400'} 
 body={"results":[{"gender":"female","name":{"title":"Miss","first":"Zoraida","last":"Sales"},"location":{"street":{"number":3438,"name":"Rua Doze "},"city":"Itajaí","state":"Sergipe","country":"Brazil","postcode":14378,"coordinates":{"latitude":"-75.0931","longitude":"29.9410"},"timezone":{"offset":"-11:00","description":"Midway Island, Samoa"}},"email":"zoraida.sales@example.com","login":{"uuid":"fe30556e-032d-477b-8421-00d028bf5911","username":"bigbear114","password":"buddie","salt":"nj2BDSas","md5":"1ee257ddd49ad4d0ba5ccf594871c1d9","sha1":"07af001863c6e96658f545cb5bb723933e64ee22","sha256":"23af8aa3711fd27d5dd9ae9189eb08cc0110d83d300594da0b163512edfc804f"},"dob":{"date":"1993-07-17T22:41:22.222Z","age":30},"registered":{"date":"2003-03-15T16:51:32.035Z","age":21},"phone":"(57) 9351-0346","cell":"(48) 7618-1351","id":{"name":"CPF","value":"532.377.249-74"},"picture":{"large":"https://randomuser.me/api/portraits/women/12.jpg","medium":"https://randomuser.me/api/portraits/med/women/12.jpg","thumbnail":"https://randomuser.me/api/portraits/thumb/women/12.jpg"},"nat":"BR"}],"info":{"seed":"d9b875d30d6488da","results":1,"page":1,"version":"1.4"}} 
 </msg>
<msg time="2024-06-14T11:12:39.842506" level="INFO">/opt/hostedtoolcache/Python/3.12.3/x64/lib/python3.12/site-packages/urllib3/connectionpool.py:1103: InsecureRequestWarning: Unverified HTTPS request is being made to host 'randomuser.me'. Adding certificate verification is strongly advised. See: https://urllib3.readthedocs.io/en/latest/advanced-usage.html#tls-warnings
  warnings.warn(</msg>
<msg time="2024-06-14T11:12:39.842635" level="INFO">${response} = &lt;Response [200]&gt;</msg>
<var>${response}</var>
<arg>consultarAPI</arg>
<arg>/api</arg>
<doc>Sends a GET request on a previously created HTTP Session.</doc>
<status status="PASS" start="2024-06-14T11:12:39.657253" elapsed="0.185428"/>
</kw>
<kw name="Should Be Equal As Numbers" owner="BuiltIn">
<msg time="2024-06-14T11:12:39.843498" level="INFO">Argument types are:
&lt;class 'int'&gt;
&lt;class 'str'&gt;</msg>
<arg>${response.status_code}</arg>
<arg>200</arg>
<doc>Fails if objects are unequal after converting them to real numbers.</doc>
<status status="PASS" start="2024-06-14T11:12:39.843106" elapsed="0.000455"/>
</kw>
<kw name="Log" owner="BuiltIn">
<msg time="2024-06-14T11:12:39.844258" level="INFO">200</msg>
<arg>${response.status_code}</arg>
<doc>Logs the given message with the given level.</doc>
<status status="PASS" start="2024-06-14T11:12:39.843903" elapsed="0.000402"/>
</kw>
<kw name="Set Variable" owner="BuiltIn">
<msg time="2024-06-14T11:12:39.845042" level="INFO">${json_data} = {'results': [{'gender': 'female', 'name': {'title': 'Miss', 'first': 'Zoraida', 'last': 'Sales'}, 'location': {'street': {'number': 3438, 'name': 'Rua Doze '}, 'city': 'Itajaí', 'state': 'Sergipe', 'c...</msg>
<var>${json_data}</var>
<arg>${response.json()}</arg>
<doc>Returns the given values which can then be assigned to a variables.</doc>
<status status="PASS" start="2024-06-14T11:12:39.844613" elapsed="0.000460"/>
</kw>
<kw name="Dictionary Should Contain Key" owner="Collections">
<arg>${json_data}</arg>
<arg>results</arg>
<doc>Fails if ``key`` is not found from ``dictionary``.</doc>
<status status="PASS" start="2024-06-14T11:12:39.845399" elapsed="0.000173"/>
</kw>
<status status="PASS" start="2024-06-14T11:12:39.657013" elapsed="0.188704"/>
</kw>
<doc>Testa se a API responde corretamente e retorna um objeto JSON válido.</doc>
<tag>testeRequisicaoBasica</tag>
<status status="PASS" start="2024-06-14T11:12:39.656487" elapsed="0.189390"/>
</test>
<test id="s1-s1-t3" name="Validar estrutura de resposta" line="22">
<kw name="Teste de Estrutura de Resposta" owner="random-user-service">
<kw name="GET On Session" owner="RequestsLibrary">
<msg time="2024-06-14T11:12:39.949909" level="INFO">GET Request : url=https://randomuser.me/api 
 path_url=/api 
 headers={'User-Agent': 'python-requests/2.32.3', 'Accept-Encoding': 'gzip, deflate', 'Accept': '*/*', 'Connection': 'keep-alive'} 
 body=None 
 </msg>
<msg time="2024-06-14T11:12:39.949998" level="INFO">GET Response : url=https://randomuser.me/api 
 status=200, reason=OK 
 headers={'Date': 'Fri, 14 Jun 2024 11:12:39 GMT', 'Content-Type': 'application/json; charset=utf-8', 'Transfer-Encoding': 'chunked', 'Connection': 'keep-alive', 'X-Powered-By': 'Express', 'Access-Control-Allow-Origin': '*', 'Cache-Control': 'no-cache', 'ETag': 'W/"488-xDKRK2NuubDfXQ3pZNYL+LFXfLQ"', 'Vary': 'Accept-Encoding', 'Content-Encoding': 'gzip', 'CF-Cache-Status': 'DYNAMIC', 'Report-To': '{"endpoints":[{"url":"https:\\/\\/a.nel.cloudflare.com\\/report\\/v4?s=sDdx4MJuY5Awc0T0IL2SUoj%2FVDr1%2BISvFw%2BIlO5MCI1mSF2GyFeRa0LadsedI6iVV%2B3idRcUVLgQVDOdCnRdnMw1O6dD5RDd26BFfuRqDVv8Dhej2QjZSVXE5TLV6zG9"}],"group":"cf-nel","max_age":604800}', 'NEL': '{"success_fraction":0,"report_to":"cf-nel","max_age":604800}', 'Server': 'cloudflare', 'CF-RAY': '8939e2f91851081d-IAD', 'alt-svc': 'h3=":443"; ma=86400'} 
 body={"results":[{"gender":"female","name":{"title":"Mrs","first":"Laura","last":"Iglesias"},"location":{"street":{"number":4861,"name":"Calle de La Luna"},"city":"Sevilla","state":"Ceuta","country":"Spain","postcode":84416,"coordinates":{"latitude":"-34.7415","longitude":"134.1984"},"timezone":{"offset":"-11:00","description":"Midway Island, Samoa"}},"email":"laura.iglesias@example.com","login":{"uuid":"876078d6-d6dc-42af-be7d-66dd7e2025d7","username":"ticklishgorilla473","password":"howard","salt":"z2XjM784","md5":"5aa163381c27b8e25b51a653a52411c1","sha1":"13f644454c93913cd93fef6d8460ef7900975033","sha256":"5be109844a0921f855cf7955b92896686bd7960cf59c8ffef3ef58c3d006c654"},"dob":{"date":"1993-05-20T08:58:39.383Z","age":31},"registered":{"date":"2019-01-03T01:25:40.741Z","age":5},"phone":"981-013-848","cell":"697-879-491","id":{"name":"DNI","value":"05099929-A"},"picture":{"large":"https://randomuser.me/api/portraits/women/44.jpg","medium":"https://randomuser.me/api/portraits/med/women/44.jpg","thumbnail":"https://randomuser.me/api/portraits/thumb/women/44.jpg"},"nat":"ES"}],"info":{"seed":"3cd0c60c4066f3e4","results":1,"page":1,"version":"1.4"}} 
 </msg>
<msg time="2024-06-14T11:12:39.950138" level="INFO">/opt/hostedtoolcache/Python/3.12.3/x64/lib/python3.12/site-packages/urllib3/connectionpool.py:1103: InsecureRequestWarning: Unverified HTTPS request is being made to host 'randomuser.me'. Adding certificate verification is strongly advised. See: https://urllib3.readthedocs.io/en/latest/advanced-usage.html#tls-warnings
  warnings.warn(</msg>
<msg time="2024-06-14T11:12:39.950295" level="INFO">${response} = &lt;Response [200]&gt;</msg>
<var>${response}</var>
<arg>consultarAPI</arg>
<arg>/api</arg>
<doc>Sends a GET request on a previously created HTTP Session.</doc>
<status status="PASS" start="2024-06-14T11:12:39.848630" elapsed="0.101725"/>
</kw>
<kw name="Set Variable" owner="BuiltIn">
<msg time="2024-06-14T11:12:39.951206" level="INFO">${json_data} = {'results': [{'gender': 'female', 'name': {'title': 'Mrs', 'first': 'Laura', 'last': 'Iglesias'}, 'location': {'street': {'number': 4861, 'name': 'Calle de La Luna'}, 'city': 'Sevilla', 'state': 'Ceut...</msg>
<var>${json_data}</var>
<arg>${response.json()}</arg>
<doc>Returns the given values which can then be assigned to a variables.</doc>
<status status="PASS" start="2024-06-14T11:12:39.950756" elapsed="0.000481"/>
</kw>
<kw name="Log" owner="BuiltIn">
<msg time="2024-06-14T11:12:39.951704" level="INFO">{'results': [{'gender': 'female', 'name': {'title': 'Mrs', 'first': 'Laura', 'last': 'Iglesias'}, 'location': {'street': {'number': 4861, 'name': 'Calle de La Luna'}, 'city': 'Sevilla', 'state': 'Ceuta', 'country': 'Spain', 'postcode': 84416, 'coordinates': {'latitude': '-34.7415', 'longitude': '134.1984'}, 'timezone': {'offset': '-11:00', 'description': 'Midway Island, Samoa'}}, 'email': 'laura.iglesias@example.com', 'login': {'uuid': '876078d6-d6dc-42af-be7d-66dd7e2025d7', 'username': 'ticklishgorilla473', 'password': 'howard', 'salt': 'z2XjM784', 'md5': '5aa163381c27b8e25b51a653a52411c1', 'sha1': '13f644454c93913cd93fef6d8460ef7900975033', 'sha256': '5be109844a0921f855cf7955b92896686bd7960cf59c8ffef3ef58c3d006c654'}, 'dob': {'date': '1993-05-20T08:58:39.383Z', 'age': 31}, 'registered': {'date': '2019-01-03T01:25:40.741Z', 'age': 5}, 'phone': '981-013-848', 'cell': '697-879-491', 'id': {'name': 'DNI', 'value': '05099929-A'}, 'picture': {'large': 'https://randomuser.me/api/portraits/women/44.jpg', 'medium': 'https://randomuser.me/api/portraits/med/women/44.jpg', 'thumbnail': 'https://randomuser.me/api/portraits/thumb/women/44.jpg'}, 'nat': 'ES'}], 'info': {'seed': '3cd0c60c4066f3e4', 'results': 1, 'page': 1, 'version': '1.4'}}</msg>
<arg>${json_data}</arg>
<doc>Logs the given message with the given level.</doc>
<status status="PASS" start="2024-06-14T11:12:39.951546" elapsed="0.000216"/>
</kw>
<kw name="Dictionary Should Contain Key" owner="Collections">
<arg>${json_data}</arg>
<arg>results</arg>
<doc>Fails if ``key`` is not found from ``dictionary``.</doc>
<status status="PASS" start="2024-06-14T11:12:39.952057" elapsed="0.000155"/>
</kw>
<kw name="Should Not Be Empty" owner="BuiltIn">
<msg time="2024-06-14T11:12:39.952523" level="INFO">Length is 2.</msg>
<arg>${json_data}</arg>
<doc>Verifies that the given item is not empty.</doc>
<status status="PASS" start="2024-06-14T11:12:39.952399" elapsed="0.000162"/>
</kw>
<kw name="Create List" owner="BuiltIn">
<msg time="2024-06-14T11:12:39.952999" level="INFO">${expected_keys} = ['gender', 'name', 'location', 'email', 'login']</msg>
<var>${expected_keys}</var>
<arg>gender</arg>
<arg>name</arg>
<arg>location</arg>
<arg>email</arg>
<arg>login</arg>
<doc>Returns a list containing given items.</doc>
<status status="PASS" start="2024-06-14T11:12:39.952851" elapsed="0.000172"/>
</kw>
<for flavor="IN">
<iter>
<kw name="Dictionary Should Contain Key" owner="Collections">
<arg>${json_data['results'][0]}</arg>
<arg>${key}</arg>
<doc>Fails if ``key`` is not found from ``dictionary``.</doc>
<status status="PASS" start="2024-06-14T11:12:39.953626" elapsed="0.000407"/>
</kw>
<kw name="Log" owner="BuiltIn">
<msg time="2024-06-14T11:12:39.954591" level="INFO">{'gender': 'female', 'name': {'title': 'Mrs', 'first': 'Laura', 'last': 'Iglesias'}, 'location': {'street': {'number': 4861, 'name': 'Calle de La Luna'}, 'city': 'Sevilla', 'state': 'Ceuta', 'country': 'Spain', 'postcode': 84416, 'coordinates': {'latitude': '-34.7415', 'longitude': '134.1984'}, 'timezone': {'offset': '-11:00', 'description': 'Midway Island, Samoa'}}, 'email': 'laura.iglesias@example.com', 'login': {'uuid': '876078d6-d6dc-42af-be7d-66dd7e2025d7', 'username': 'ticklishgorilla473', 'password': 'howard', 'salt': 'z2XjM784', 'md5': '5aa163381c27b8e25b51a653a52411c1', 'sha1': '13f644454c93913cd93fef6d8460ef7900975033', 'sha256': '5be109844a0921f855cf7955b92896686bd7960cf59c8ffef3ef58c3d006c654'}, 'dob': {'date': '1993-05-20T08:58:39.383Z', 'age': 31}, 'registered': {'date': '2019-01-03T01:25:40.741Z', 'age': 5}, 'phone': '981-013-848', 'cell': '697-879-491', 'id': {'name': 'DNI', 'value': '05099929-A'}, 'picture': {'large': 'https://randomuser.me/api/portraits/women/44.jpg', 'medium': 'https://randomuser.me/api/portraits/med/women/44.jpg', 'thumbnail': 'https://randomuser.me/api/portraits/thumb/women/44.jpg'}, 'nat': 'ES'}</msg>
<arg>${json_data['results'][0]}</arg>
<doc>Logs the given message with the given level.</doc>
<status status="PASS" start="2024-06-14T11:12:39.954228" elapsed="0.000413"/>
</kw>
<kw name="Log" owner="BuiltIn">
<msg time="2024-06-14T11:12:39.955067" level="INFO">gender</msg>
<arg>${key}</arg>
<doc>Logs the given message with the given level.</doc>
<status status="PASS" start="2024-06-14T11:12:39.954939" elapsed="0.000166"/>
</kw>
<var name="${key}">gender</var>
<status status="PASS" start="2024-06-14T11:12:39.953500" elapsed="0.001831"/>
</iter>
<iter>
<kw name="Dictionary Should Contain Key" owner="Collections">
<arg>${json_data['results'][0]}</arg>
<arg>${key}</arg>
<doc>Fails if ``key`` is not found from ``dictionary``.</doc>
<status status="PASS" start="2024-06-14T11:12:39.955643" elapsed="0.000385"/>
</kw>
<kw name="Log" owner="BuiltIn">
<msg time="2024-06-14T11:12:39.956557" level="INFO">{'gender': 'female', 'name': {'title': 'Mrs', 'first': 'Laura', 'last': 'Iglesias'}, 'location': {'street': {'number': 4861, 'name': 'Calle de La Luna'}, 'city': 'Sevilla', 'state': 'Ceuta', 'country': 'Spain', 'postcode': 84416, 'coordinates': {'latitude': '-34.7415', 'longitude': '134.1984'}, 'timezone': {'offset': '-11:00', 'description': 'Midway Island, Samoa'}}, 'email': 'laura.iglesias@example.com', 'login': {'uuid': '876078d6-d6dc-42af-be7d-66dd7e2025d7', 'username': 'ticklishgorilla473', 'password': 'howard', 'salt': 'z2XjM784', 'md5': '5aa163381c27b8e25b51a653a52411c1', 'sha1': '13f644454c93913cd93fef6d8460ef7900975033', 'sha256': '5be109844a0921f855cf7955b92896686bd7960cf59c8ffef3ef58c3d006c654'}, 'dob': {'date': '1993-05-20T08:58:39.383Z', 'age': 31}, 'registered': {'date': '2019-01-03T01:25:40.741Z', 'age': 5}, 'phone': '981-013-848', 'cell': '697-879-491', 'id': {'name': 'DNI', 'value': '05099929-A'}, 'picture': {'large': 'https://randomuser.me/api/portraits/women/44.jpg', 'medium': 'https://randomuser.me/api/portraits/med/women/44.jpg', 'thumbnail': 'https://randomuser.me/api/portraits/thumb/women/44.jpg'}, 'nat': 'ES'}</msg>
<arg>${json_data['results'][0]}</arg>
<doc>Logs the given message with the given level.</doc>
<status status="PASS" start="2024-06-14T11:12:39.956213" elapsed="0.000424"/>
</kw>
<kw name="Log" owner="BuiltIn">
<msg time="2024-06-14T11:12:39.957071" level="INFO">name</msg>
<arg>${key}</arg>
<doc>Logs the given message with the given level.</doc>
<status status="PASS" start="2024-06-14T11:12:39.956939" elapsed="0.000171"/>
</kw>
<var name="${key}">name</var>
<status status="PASS" start="2024-06-14T11:12:39.955530" elapsed="0.001817"/>
</iter>
<iter>
<kw name="Dictionary Should Contain Key" owner="Collections">
<arg>${json_data['results'][0]}</arg>
<arg>${key}</arg>
<doc>Fails if ``key`` is not found from ``dictionary``.</doc>
<status status="PASS" start="2024-06-14T11:12:39.957651" elapsed="0.000380"/>
</kw>
<kw name="Log" owner="BuiltIn">
<msg time="2024-06-14T11:12:39.958566" level="INFO">{'gender': 'female', 'name': {'title': 'Mrs', 'first': 'Laura', 'last': 'Iglesias'}, 'location': {'street': {'number': 4861, 'name': 'Calle de La Luna'}, 'city': 'Sevilla', 'state': 'Ceuta', 'country': 'Spain', 'postcode': 84416, 'coordinates': {'latitude': '-34.7415', 'longitude': '134.1984'}, 'timezone': {'offset': '-11:00', 'description': 'Midway Island, Samoa'}}, 'email': 'laura.iglesias@example.com', 'login': {'uuid': '876078d6-d6dc-42af-be7d-66dd7e2025d7', 'username': 'ticklishgorilla473', 'password': 'howard', 'salt': 'z2XjM784', 'md5': '5aa163381c27b8e25b51a653a52411c1', 'sha1': '13f644454c93913cd93fef6d8460ef7900975033', 'sha256': '5be109844a0921f855cf7955b92896686bd7960cf59c8ffef3ef58c3d006c654'}, 'dob': {'date': '1993-05-20T08:58:39.383Z', 'age': 31}, 'registered': {'date': '2019-01-03T01:25:40.741Z', 'age': 5}, 'phone': '981-013-848', 'cell': '697-879-491', 'id': {'name': 'DNI', 'value': '05099929-A'}, 'picture': {'large': 'https://randomuser.me/api/portraits/women/44.jpg', 'medium': 'https://randomuser.me/api/portraits/med/women/44.jpg', 'thumbnail': 'https://randomuser.me/api/portraits/thumb/women/44.jpg'}, 'nat': 'ES'}</msg>
<arg>${json_data['results'][0]}</arg>
<doc>Logs the given message with the given level.</doc>
<status status="PASS" start="2024-06-14T11:12:39.958222" elapsed="0.000392"/>
</kw>
<kw name="Log" owner="BuiltIn">
<msg time="2024-06-14T11:12:39.959032" level="INFO">location</msg>
<arg>${key}</arg>
<doc>Logs the given message with the given level.</doc>
<status status="PASS" start="2024-06-14T11:12:39.958906" elapsed="0.000164"/>
</kw>
<var name="${key}">location</var>
<status status="PASS" start="2024-06-14T11:12:39.957541" elapsed="0.001752"/>
</iter>
<iter>
<kw name="Dictionary Should Contain Key" owner="Collections">
<arg>${json_data['results'][0]}</arg>
<arg>${key}</arg>
<doc>Fails if ``key`` is not found from ``dictionary``.</doc>
<status status="PASS" start="2024-06-14T11:12:39.959579" elapsed="0.000376"/>
</kw>
<kw name="Log" owner="BuiltIn">
<msg time="2024-06-14T11:12:39.960482" level="INFO">{'gender': 'female', 'name': {'title': 'Mrs', 'first': 'Laura', 'last': 'Iglesias'}, 'location': {'street': {'number': 4861, 'name': 'Calle de La Luna'}, 'city': 'Sevilla', 'state': 'Ceuta', 'country': 'Spain', 'postcode': 84416, 'coordinates': {'latitude': '-34.7415', 'longitude': '134.1984'}, 'timezone': {'offset': '-11:00', 'description': 'Midway Island, Samoa'}}, 'email': 'laura.iglesias@example.com', 'login': {'uuid': '876078d6-d6dc-42af-be7d-66dd7e2025d7', 'username': 'ticklishgorilla473', 'password': 'howard', 'salt': 'z2XjM784', 'md5': '5aa163381c27b8e25b51a653a52411c1', 'sha1': '13f644454c93913cd93fef6d8460ef7900975033', 'sha256': '5be109844a0921f855cf7955b92896686bd7960cf59c8ffef3ef58c3d006c654'}, 'dob': {'date': '1993-05-20T08:58:39.383Z', 'age': 31}, 'registered': {'date': '2019-01-03T01:25:40.741Z', 'age': 5}, 'phone': '981-013-848', 'cell': '697-879-491', 'id': {'name': 'DNI', 'value': '05099929-A'}, 'picture': {'large': 'https://randomuser.me/api/portraits/women/44.jpg', 'medium': 'https://randomuser.me/api/portraits/med/women/44.jpg', 'thumbnail': 'https://randomuser.me/api/portraits/thumb/women/44.jpg'}, 'nat': 'ES'}</msg>
<arg>${json_data['results'][0]}</arg>
<doc>Logs the given message with the given level.</doc>
<status status="PASS" start="2024-06-14T11:12:39.960135" elapsed="0.000404"/>
</kw>
<kw name="Log" owner="BuiltIn">
<msg time="2024-06-14T11:12:39.960961" level="INFO">email</msg>
<arg>${key}</arg>
<doc>Logs the given message with the given level.</doc>
<status status="PASS" start="2024-06-14T11:12:39.960835" elapsed="0.000164"/>
</kw>
<var name="${key}">email</var>
<status status="PASS" start="2024-06-14T11:12:39.959469" elapsed="0.001743"/>
</iter>
<iter>
<kw name="Dictionary Should Contain Key" owner="Collections">
<arg>${json_data['results'][0]}</arg>
<arg>${key}</arg>
<doc>Fails if ``key`` is not found from ``dictionary``.</doc>
<status status="PASS" start="2024-06-14T11:12:39.961529" elapsed="0.000378"/>
</kw>
<kw name="Log" owner="BuiltIn">
<msg time="2024-06-14T11:12:39.962429" level="INFO">{'gender': 'female', 'name': {'title': 'Mrs', 'first': 'Laura', 'last': 'Iglesias'}, 'location': {'street': {'number': 4861, 'name': 'Calle de La Luna'}, 'city': 'Sevilla', 'state': 'Ceuta', 'country': 'Spain', 'postcode': 84416, 'coordinates': {'latitude': '-34.7415', 'longitude': '134.1984'}, 'timezone': {'offset': '-11:00', 'description': 'Midway Island, Samoa'}}, 'email': 'laura.iglesias@example.com', 'login': {'uuid': '876078d6-d6dc-42af-be7d-66dd7e2025d7', 'username': 'ticklishgorilla473', 'password': 'howard', 'salt': 'z2XjM784', 'md5': '5aa163381c27b8e25b51a653a52411c1', 'sha1': '13f644454c93913cd93fef6d8460ef7900975033', 'sha256': '5be109844a0921f855cf7955b92896686bd7960cf59c8ffef3ef58c3d006c654'}, 'dob': {'date': '1993-05-20T08:58:39.383Z', 'age': 31}, 'registered': {'date': '2019-01-03T01:25:40.741Z', 'age': 5}, 'phone': '981-013-848', 'cell': '697-879-491', 'id': {'name': 'DNI', 'value': '05099929-A'}, 'picture': {'large': 'https://randomuser.me/api/portraits/women/44.jpg', 'medium': 'https://randomuser.me/api/portraits/med/women/44.jpg', 'thumbnail': 'https://randomuser.me/api/portraits/thumb/women/44.jpg'}, 'nat': 'ES'}</msg>
<arg>${json_data['results'][0]}</arg>
<doc>Logs the given message with the given level.</doc>
<status status="PASS" start="2024-06-14T11:12:39.962092" elapsed="0.000384"/>
</kw>
<kw name="Log" owner="BuiltIn">
<msg time="2024-06-14T11:12:39.962998" level="INFO">login</msg>
<arg>${key}</arg>
<doc>Logs the given message with the given level.</doc>
<status status="PASS" start="2024-06-14T11:12:39.962767" elapsed="0.000269"/>
</kw>
<var name="${key}">login</var>
<status status="PASS" start="2024-06-14T11:12:39.961409" elapsed="0.001842"/>
</iter>
<var>${key}</var>
<value>@{expected_keys}</value>
<status status="PASS" start="2024-06-14T11:12:39.953281" elapsed="0.010094"/>
</for>
<kw name="Create List" owner="BuiltIn">
<msg time="2024-06-14T11:12:39.963697" level="INFO">${expected_keysTwo} = ['username', 'password']</msg>
<var>${expected_keysTwo}</var>
<arg>username</arg>
<arg>password</arg>
<doc>Returns a list containing given items.</doc>
<status status="PASS" start="2024-06-14T11:12:39.963563" elapsed="0.000158"/>
</kw>
<for flavor="IN">
<iter>
<kw name="Dictionary Should Contain Key" owner="Collections">
<arg>${json_data['results'][0]['login']}</arg>
<arg>${keyTwo}</arg>
<doc>Fails if ``key`` is not found from ``dictionary``.</doc>
<status status="PASS" start="2024-06-14T11:12:39.964241" elapsed="0.000376"/>
</kw>
<kw name="Dictionary Should Contain Key" owner="Collections">
<arg>${json_data['results'][0]['login']}</arg>
<arg>${keyTwo}</arg>
<doc>Fails if ``key`` is not found from ``dictionary``.</doc>
<status status="PASS" start="2024-06-14T11:12:39.964797" elapsed="0.000374"/>
</kw>
<kw name="Log" owner="BuiltIn">
<msg time="2024-06-14T11:12:39.965512" level="INFO">username</msg>
<arg>${keyTwo}</arg>
<doc>Logs the given message with the given level.</doc>
<status status="PASS" start="2024-06-14T11:12:39.965374" elapsed="0.000175"/>
</kw>
<var name="${keyTwo}">username</var>
<status status="PASS" start="2024-06-14T11:12:39.964133" elapsed="0.001636"/>
</iter>
<iter>
<kw name="Dictionary Should Contain Key" owner="Collections">
<arg>${json_data['results'][0]['login']}</arg>
<arg>${keyTwo}</arg>
<doc>Fails if ``key`` is not found from ``dictionary``.</doc>
<status status="PASS" start="2024-06-14T11:12:39.966060" elapsed="0.000372"/>
</kw>
<kw name="Dictionary Should Contain Key" owner="Collections">
<arg>${json_data['results'][0]['login']}</arg>
<arg>${keyTwo}</arg>
<doc>Fails if ``key`` is not found from ``dictionary``.</doc>
<status status="PASS" start="2024-06-14T11:12:39.966613" elapsed="0.000374"/>
</kw>
<kw name="Log" owner="BuiltIn">
<msg time="2024-06-14T11:12:39.967287" level="INFO">password</msg>
<arg>${keyTwo}</arg>
<doc>Logs the given message with the given level.</doc>
<status status="PASS" start="2024-06-14T11:12:39.967168" elapsed="0.000155"/>
</kw>
<var name="${keyTwo}">password</var>
<status status="PASS" start="2024-06-14T11:12:39.965950" elapsed="0.001591"/>
</iter>
<var>${keyTwo}</var>
<value>@{expected_keysTwo}</value>
<status status="PASS" start="2024-06-14T11:12:39.963982" elapsed="0.003681"/>
</for>
<status status="PASS" start="2024-06-14T11:12:39.848402" elapsed="0.119398"/>
</kw>
<doc>Testa a estrutura da resposta da API.</doc>
<tag>testeEstruturaResposta</tag>
<status status="PASS" start="2024-06-14T11:12:39.847647" elapsed="0.120302"/>
</test>
<test id="s1-s1-t4" name="Validar tipos de dados" line="28">
<kw name="Teste de Tipos de Dados" owner="random-user-service">
<kw name="GET On Session" owner="RequestsLibrary">
<msg time="2024-06-14T11:12:40.040948" level="INFO">GET Request : url=https://randomuser.me/api 
 path_url=/api 
 headers={'User-Agent': 'python-requests/2.32.3', 'Accept-Encoding': 'gzip, deflate', 'Accept': '*/*', 'Connection': 'keep-alive'} 
 body=None 
 </msg>
<msg time="2024-06-14T11:12:40.041028" level="INFO">GET Response : url=https://randomuser.me/api 
 status=200, reason=OK 
 headers={'Date': 'Fri, 14 Jun 2024 11:12:40 GMT', 'Content-Type': 'application/json; charset=utf-8', 'Transfer-Encoding': 'chunked', 'Connection': 'keep-alive', 'X-Powered-By': 'Express', 'Access-Control-Allow-Origin': '*', 'Cache-Control': 'no-cache', 'ETag': 'W/"491-0+CLXhQPp9IHVvKVrQykTohVnJ8"', 'Vary': 'Accept-Encoding', 'Content-Encoding': 'gzip', 'CF-Cache-Status': 'DYNAMIC', 'Report-To': '{"endpoints":[{"url":"https:\\/\\/a.nel.cloudflare.com\\/report\\/v4?s=kvYNEg0TEB9hkxsNw6K7Io%2BrqLVEFu25QKPceOrB9i49bAisO1LR%2F4VAkZs14J6ML3KUDN%2BFhhM1UC17K7squMibQii%2B%2Bvjv4XyrT34uGDoVqaZwtf5Y7R45kZtTCeo%2F"}],"group":"cf-nel","max_age":604800}', 'NEL': '{"success_fraction":0,"report_to":"cf-nel","max_age":604800}', 'Server': 'cloudflare', 'CF-RAY': '8939e2f9d92f081d-IAD', 'alt-svc': 'h3=":443"; ma=86400'} 
 body={"results":[{"gender":"male","name":{"title":"Mr","first":"Justin","last":"Wood"},"location":{"street":{"number":6867,"name":"Alexander Road"},"city":"Greystones","state":"Leitrim","country":"Ireland","postcode":28871,"coordinates":{"latitude":"-3.0087","longitude":"-94.4420"},"timezone":{"offset":"+5:00","description":"Ekaterinburg, Islamabad, Karachi, Tashkent"}},"email":"justin.wood@example.com","login":{"uuid":"9fba0673-c7a3-49ee-b01d-975f25914a66","username":"beautifulswan640","password":"757575","salt":"UDQnM35S","md5":"e684fcb6762616dda9a458c2df247bd2","sha1":"4839d765e367ac64a6d896d57ffa6424dc650bba","sha256":"cfed7f2ab27112092f41e48f9dd4573be92f07785d5f382e3b245f707f83e2f3"},"dob":{"date":"1971-12-20T12:13:29.679Z","age":52},"registered":{"date":"2008-11-19T23:28:12.945Z","age":15},"phone":"021-350-2634","cell":"081-148-1116","id":{"name":"PPS","value":"3559209T"},"picture":{"large":"https://randomuser.me/api/portraits/men/99.jpg","medium":"https://randomuser.me/api/portraits/med/men/99.jpg","thumbnail":"https://randomuser.me/api/portraits/thumb/men/99.jpg"},"nat":"IE"}],"info":{"seed":"6bf79a24cd5ccb64","results":1,"page":1,"version":"1.4"}} 
 </msg>
<msg time="2024-06-14T11:12:40.041100" level="INFO">/opt/hostedtoolcache/Python/3.12.3/x64/lib/python3.12/site-packages/urllib3/connectionpool.py:1103: InsecureRequestWarning: Unverified HTTPS request is being made to host 'randomuser.me'. Adding certificate verification is strongly advised. See: https://urllib3.readthedocs.io/en/latest/advanced-usage.html#tls-warnings
  warnings.warn(</msg>
<msg time="2024-06-14T11:12:40.041236" level="INFO">${response} = &lt;Response [200]&gt;</msg>
<var>${response}</var>
<arg>consultarAPI</arg>
<arg>/api</arg>
<doc>Sends a GET request on a previously created HTTP Session.</doc>
<status status="PASS" start="2024-06-14T11:12:39.970750" elapsed="0.070541"/>
</kw>
<kw name="Set Variable" owner="BuiltIn">
<msg time="2024-06-14T11:12:40.042202" level="INFO">${json_data} = {'results': [{'gender': 'male', 'name': {'title': 'Mr', 'first': 'Justin', 'last': 'Wood'}, 'location': {'street': {'number': 6867, 'name': 'Alexander Road'}, 'city': 'Greystones', 'state': 'Leitrim',...</msg>
<var>${json_data}</var>
<arg>${response.json()}</arg>
<doc>Returns the given values which can then be assigned to a variables.</doc>
<status status="PASS" start="2024-06-14T11:12:40.041764" elapsed="0.000468"/>
</kw>
<kw name="Log" owner="BuiltIn">
<msg time="2024-06-14T11:12:40.042688" level="INFO">{'results': [{'gender': 'male', 'name': {'title': 'Mr', 'first': 'Justin', 'last': 'Wood'}, 'location': {'street': {'number': 6867, 'name': 'Alexander Road'}, 'city': 'Greystones', 'state': 'Leitrim', 'country': 'Ireland', 'postcode': 28871, 'coordinates': {'latitude': '-3.0087', 'longitude': '-94.4420'}, 'timezone': {'offset': '+5:00', 'description': 'Ekaterinburg, Islamabad, Karachi, Tashkent'}}, 'email': 'justin.wood@example.com', 'login': {'uuid': '9fba0673-c7a3-49ee-b01d-975f25914a66', 'username': 'beautifulswan640', 'password': '757575', 'salt': 'UDQnM35S', 'md5': 'e684fcb6762616dda9a458c2df247bd2', 'sha1': '4839d765e367ac64a6d896d57ffa6424dc650bba', 'sha256': 'cfed7f2ab27112092f41e48f9dd4573be92f07785d5f382e3b245f707f83e2f3'}, 'dob': {'date': '1971-12-20T12:13:29.679Z', 'age': 52}, 'registered': {'date': '2008-11-19T23:28:12.945Z', 'age': 15}, 'phone': '021-350-2634', 'cell': '081-148-1116', 'id': {'name': 'PPS', 'value': '3559209T'}, 'picture': {'large': 'https://randomuser.me/api/portraits/men/99.jpg', 'medium': 'https://randomuser.me/api/portraits/med/men/99.jpg', 'thumbnail': 'https://randomuser.me/api/portraits/thumb/men/99.jpg'}, 'nat': 'IE'}], 'info': {'seed': '6bf79a24cd5ccb64', 'results': 1, 'page': 1, 'version': '1.4'}}</msg>
<arg>${json_data}</arg>
<doc>Logs the given message with the given level.</doc>
<status status="PASS" start="2024-06-14T11:12:40.042537" elapsed="0.000198"/>
</kw>
<kw name="Should Be String" owner="String">
<arg>${json_data['results'][0]['gender']}</arg>
<doc>Fails if the given ``item`` is not a string.</doc>
<status status="PASS" start="2024-06-14T11:12:40.043023" elapsed="0.000360"/>
</kw>
<kw name="Should Match Regexp" owner="BuiltIn">
<arg>${json_data['results'][0]['email']}</arg>
<arg>^[a-zA-Z0-9._%+-]+@[a-zA-Z0-9.-]+\.[a-zA-Z]{2,}$</arg>
<doc>Fails if ``string`` does not match ``pattern`` as a regular expression.</doc>
<status status="PASS" start="2024-06-14T11:12:40.043572" elapsed="0.000504"/>
</kw>
<kw name="Should Match Regexp" owner="BuiltIn">
<arg>${json_data['results'][0]['dob']['date']}</arg>
<arg>\\d{4}-\\d{2}-\\d{2}T\\d{2}:\\d{2}:\\d{2}\\.\\d{3}Z</arg>
<doc>Fails if ``string`` does not match ``pattern`` as a regular expression.</doc>
<status status="PASS" start="2024-06-14T11:12:40.044307" elapsed="0.000495"/>
</kw>
<kw name="Should Match Regexp" owner="BuiltIn">
<arg>${json_data['results'][0]['registered']['date']}</arg>
<arg>\\d{4}-\\d{2}-\\d{2}T\\d{2}:\\d{2}:\\d{2}\\.\\d{3}Z</arg>
<doc>Fails if ``string`` does not match ``pattern`` as a regular expression.</doc>
<status status="PASS" start="2024-06-14T11:12:40.044992" elapsed="0.000385"/>
</kw>
<kw name="Should Match Regexp" owner="BuiltIn">
<arg>${json_data['results'][0]['picture']['large']}</arg>
<arg>^https?://.*\.(?:png|jpe?g|gif|bmp)$</arg>
<doc>Fails if ``string`` does not match ``pattern`` as a regular expression.</doc>
<status status="PASS" start="2024-06-14T11:12:40.045576" elapsed="0.000449"/>
</kw>
<kw name="Should Match Regexp" owner="BuiltIn">
<arg>${json_data['results'][0]['picture']['medium']}</arg>
<arg>^https?://.*\.(?:png|jpe?g|gif|bmp)$</arg>
<doc>Fails if ``string`` does not match ``pattern`` as a regular expression.</doc>
<status status="PASS" start="2024-06-14T11:12:40.046215" elapsed="0.000349"/>
</kw>
<kw name="Should Match Regexp" owner="BuiltIn">
<arg>${json_data['results'][0]['picture']['thumbnail']}</arg>
<arg>^https?://.*\.(?:png|jpe?g|gif|bmp)$</arg>
<doc>Fails if ``string`` does not match ``pattern`` as a regular expression.</doc>
<status status="PASS" start="2024-06-14T11:12:40.046749" elapsed="0.000344"/>
</kw>
<kw name="Log" owner="BuiltIn">
<msg time="2024-06-14T11:12:40.047591" level="INFO">{'large': 'https://randomuser.me/api/portraits/men/99.jpg', 'medium': 'https://randomuser.me/api/portraits/med/men/99.jpg', 'thumbnail': 'https://randomuser.me/api/portraits/thumb/men/99.jpg'}</msg>
<arg>${json_data['results'][0]['picture']}</arg>
<doc>Logs the given message with the given level.</doc>
<status status="PASS" start="2024-06-14T11:12:40.047268" elapsed="0.000365"/>
</kw>
<status status="PASS" start="2024-06-14T11:12:39.970419" elapsed="0.077462"/>
</kw>
<kw name="Teste de Tipos de Dados - Postcode" owner="random-user-service">
<kw name="GET On Session" owner="RequestsLibrary">
<msg time="2024-06-14T11:12:40.140298" level="INFO">GET Request : url=https://randomuser.me/api 
 path_url=/api 
 headers={'User-Agent': 'python-requests/2.32.3', 'Accept-Encoding': 'gzip, deflate', 'Accept': '*/*', 'Connection': 'keep-alive'} 
 body=None 
 </msg>
<msg time="2024-06-14T11:12:40.140382" level="INFO">GET Response : url=https://randomuser.me/api 
 status=200, reason=OK 
 headers={'Date': 'Fri, 14 Jun 2024 11:12:40 GMT', 'Content-Type': 'application/json; charset=utf-8', 'Transfer-Encoding': 'chunked', 'Connection': 'keep-alive', 'X-Powered-By': 'Express', 'Access-Control-Allow-Origin': '*', 'Cache-Control': 'no-cache', 'ETag': 'W/"4a0-jjazEOMeeJQsTfTZiTOXhkO+gq4"', 'Vary': 'Accept-Encoding', 'Content-Encoding': 'gzip', 'CF-Cache-Status': 'DYNAMIC', 'Report-To': '{"endpoints":[{"url":"https:\\/\\/a.nel.cloudflare.com\\/report\\/v4?s=TXxxkC168ymOtWB%2BOnsJlZyPbcP7PXvd%2B5s0NnYYgyPT5K3wHw0VprmVMkb2YflOA1L3zy1w9GOoiyK8MtJn0jNSbiaQQ3%2B2c8heoiEm%2B5jcMwoJ6HRzPugDVtfvWiK%2B"}],"group":"cf-nel","max_age":604800}', 'NEL': '{"success_fraction":0,"report_to":"cf-nel","max_age":604800}', 'Server': 'cloudflare', 'CF-RAY': '8939e2fa59be081d-IAD', 'alt-svc': 'h3=":443"; ma=86400'} 
 body={"results":[{"gender":"female","name":{"title":"Miss","first":"Graciela","last":"Hernádez"},"location":{"street":{"number":4634,"name":"Diagonal Sur Barrientos"},"city":"Naco","state":"Guerrero","country":"Mexico","postcode":33724,"coordinates":{"latitude":"28.4674","longitude":"85.4311"},"timezone":{"offset":"-8:00","description":"Pacific Time (US &amp; Canada)"}},"email":"graciela.hernadez@example.com","login":{"uuid":"76127986-43d4-4cd6-bd74-f6c6ddcc3419","username":"crazyzebra491","password":"jose","salt":"nZqV1AU2","md5":"555014751b3cc9d1e3a1b37eb5bb906e","sha1":"19acacb8a1b5dcc5d5f4e209771161b8ab1f8a09","sha256":"3ca4055b89cd431cbc6d737ab3dbd8512f3ea130b246624524cb897d1d62d77f"},"dob":{"date":"1987-07-16T05:58:46.467Z","age":36},"registered":{"date":"2010-09-10T18:03:28.754Z","age":13},"phone":"(688) 722 0500","cell":"(676) 254 1257","id":{"name":"NSS","value":"50 24 68 3163 7"},"picture":{"large":"https://randomuser.me/api/portraits/women/79.jpg","medium":"https://randomuser.me/api/portraits/med/women/79.jpg","thumbnail":"https://randomuser.me/api/portraits/thumb/women/79.jpg"},"nat":"MX"}],"info":{"seed":"6417e36c862489db","results":1,"page":1,"version":"1.4"}} 
 </msg>
<msg time="2024-06-14T11:12:40.140485" level="INFO">/opt/hostedtoolcache/Python/3.12.3/x64/lib/python3.12/site-packages/urllib3/connectionpool.py:1103: InsecureRequestWarning: Unverified HTTPS request is being made to host 'randomuser.me'. Adding certificate verification is strongly advised. See: https://urllib3.readthedocs.io/en/latest/advanced-usage.html#tls-warnings
  warnings.warn(</msg>
<msg time="2024-06-14T11:12:40.140598" level="INFO">${response} = &lt;Response [200]&gt;</msg>
<var>${response}</var>
<arg>consultarAPI</arg>
<arg>/api</arg>
<doc>Sends a GET request on a previously created HTTP Session.</doc>
<status status="PASS" start="2024-06-14T11:12:40.048314" elapsed="0.092323"/>
</kw>
<kw name="Set Variable" owner="BuiltIn">
<msg time="2024-06-14T11:12:40.141499" level="INFO">${json_data} = {'results': [{'gender': 'female', 'name': {'title': 'Miss', 'first': 'Graciela', 'last': 'Hernádez'}, 'location': {'street': {'number': 4634, 'name': 'Diagonal Sur Barrientos'}, 'city': 'Naco', 'state...</msg>
<var>${json_data}</var>
<arg>${response.json()}</arg>
<doc>Returns the given values which can then be assigned to a variables.</doc>
<status status="PASS" start="2024-06-14T11:12:40.141036" elapsed="0.000494"/>
</kw>
<kw name="Log" owner="BuiltIn">
<msg time="2024-06-14T11:12:40.142012" level="INFO">{'results': [{'gender': 'female', 'name': {'title': 'Miss', 'first': 'Graciela', 'last': 'Hernádez'}, 'location': {'street': {'number': 4634, 'name': 'Diagonal Sur Barrientos'}, 'city': 'Naco', 'state': 'Guerrero', 'country': 'Mexico', 'postcode': 33724, 'coordinates': {'latitude': '28.4674', 'longitude': '85.4311'}, 'timezone': {'offset': '-8:00', 'description': 'Pacific Time (US &amp; Canada)'}}, 'email': 'graciela.hernadez@example.com', 'login': {'uuid': '76127986-43d4-4cd6-bd74-f6c6ddcc3419', 'username': 'crazyzebra491', 'password': 'jose', 'salt': 'nZqV1AU2', 'md5': '555014751b3cc9d1e3a1b37eb5bb906e', 'sha1': '19acacb8a1b5dcc5d5f4e209771161b8ab1f8a09', 'sha256': '3ca4055b89cd431cbc6d737ab3dbd8512f3ea130b246624524cb897d1d62d77f'}, 'dob': {'date': '1987-07-16T05:58:46.467Z', 'age': 36}, 'registered': {'date': '2010-09-10T18:03:28.754Z', 'age': 13}, 'phone': '(688) 722 0500', 'cell': '(676) 254 1257', 'id': {'name': 'NSS', 'value': '50 24 68 3163 7'}, 'picture': {'large': 'https://randomuser.me/api/portraits/women/79.jpg', 'medium': 'https://randomuser.me/api/portraits/med/women/79.jpg', 'thumbnail': 'https://randomuser.me/api/portraits/thumb/women/79.jpg'}, 'nat': 'MX'}], 'info': {'seed': '6417e36c862489db', 'results': 1, 'page': 1, 'version': '1.4'}}</msg>
<arg>${json_data}</arg>
<doc>Logs the given message with the given level.</doc>
<status status="PASS" start="2024-06-14T11:12:40.141857" elapsed="0.000205"/>
</kw>
<kw name="Should Be Equal As Numbers" owner="BuiltIn">
<arg>${json_data['results'][0]['location']['postcode']}</arg>
<arg>${json_data['results'][0]['location']['postcode']}</arg>
<doc>Fails if objects are unequal after converting them to real numbers.</doc>
<status status="PASS" start="2024-06-14T11:12:40.142355" elapsed="0.000610"/>
</kw>
<kw name="Log" owner="BuiltIn">
<msg time="2024-06-14T11:12:40.143488" level="INFO">33724</msg>
<arg>${json_data['results'][0]['location']['postcode']}</arg>
<doc>Logs the given message with the given level.</doc>
<status status="PASS" start="2024-06-14T11:12:40.143159" elapsed="0.000370"/>
</kw>
<status status="PASS" start="2024-06-14T11:12:40.048089" elapsed="0.095712"/>
</kw>
<doc>Testa se os tipos de dados na resposta da API estão corretos.</doc>
<tag>testeTiposDados</tag>
<status status="PASS" start="2024-06-14T11:12:39.969804" elapsed="0.174157"/>
</test>
<test id="s1-s1-t5" name="Validar conteudo" line="35">
<kw name="Teste de Tipos de Conteudo" owner="random-user-service">
<kw name="GET On Session" owner="RequestsLibrary">
<msg time="2024-06-14T11:12:40.239336" level="INFO">GET Request : url=https://randomuser.me/api 
 path_url=/api 
 headers={'User-Agent': 'python-requests/2.32.3', 'Accept-Encoding': 'gzip, deflate', 'Accept': '*/*', 'Connection': 'keep-alive'} 
 body=None 
 </msg>
<msg time="2024-06-14T11:12:40.239420" level="INFO">GET Response : url=https://randomuser.me/api 
 status=200, reason=OK 
 headers={'Date': 'Fri, 14 Jun 2024 11:12:40 GMT', 'Content-Type': 'application/json; charset=utf-8', 'Transfer-Encoding': 'chunked', 'Connection': 'keep-alive', 'X-Powered-By': 'Express', 'Access-Control-Allow-Origin': '*', 'Cache-Control': 'no-cache', 'ETag': 'W/"485-ieiYOWjoaIxccuCCfcw9xaBXsoI"', 'Vary': 'Accept-Encoding', 'Content-Encoding': 'gzip', 'CF-Cache-Status': 'DYNAMIC', 'Report-To': '{"endpoints":[{"url":"https:\\/\\/a.nel.cloudflare.com\\/report\\/v4?s=ZSNjliQ2UNVEWcmB57ocYXxH851MpzsIDCo1pQJITvPam35DieJk4LLXBQiBD7056DaaOB5ihZCgPSoQvW2xy14zAwHsMt9NZtxU5nNuGJwGPmWwGgxE4Dwd0UCC4M1K"}],"group":"cf-nel","max_age":604800}', 'NEL': '{"success_fraction":0,"report_to":"cf-nel","max_age":604800}', 'Server': 'cloudflare', 'CF-RAY': '8939e2faea63081d-IAD', 'alt-svc': 'h3=":443"; ma=86400'} 
 body={"results":[{"gender":"female","name":{"title":"Mrs","first":"Mia","last":"Wade"},"location":{"street":{"number":3777,"name":"Kings Road"},"city":"Salford","state":"Buckinghamshire","country":"United Kingdom","postcode":"Z1 0AR","coordinates":{"latitude":"-6.0597","longitude":"144.0005"},"timezone":{"offset":"+3:30","description":"Tehran"}},"email":"mia.wade@example.com","login":{"uuid":"be5965b1-933a-45f1-a089-1418a3a1c492","username":"purplebutterfly334","password":"llllllll","salt":"poQx0fyb","md5":"baaf96f06b4d7fa262bb809f39cfc0e5","sha1":"3350cf896cad920e64994146e747401cc66184cd","sha256":"c6912775937a382ccfcfbad5b34cf90817be84e8c38b770b9ec3aa7896545f2e"},"dob":{"date":"1951-06-13T10:25:17.248Z","age":73},"registered":{"date":"2013-01-27T23:07:27.048Z","age":11},"phone":"016973 63990","cell":"07743 132118","id":{"name":"NINO","value":"KT 39 73 82 Y"},"picture":{"large":"https://randomuser.me/api/portraits/women/62.jpg","medium":"https://randomuser.me/api/portraits/med/women/62.jpg","thumbnail":"https://randomuser.me/api/portraits/thumb/women/62.jpg"},"nat":"GB"}],"info":{"seed":"0e69b1680d6d4c24","results":1,"page":1,"version":"1.4"}} 
 </msg>
<msg time="2024-06-14T11:12:40.239493" level="INFO">/opt/hostedtoolcache/Python/3.12.3/x64/lib/python3.12/site-packages/urllib3/connectionpool.py:1103: InsecureRequestWarning: Unverified HTTPS request is being made to host 'randomuser.me'. Adding certificate verification is strongly advised. See: https://urllib3.readthedocs.io/en/latest/advanced-usage.html#tls-warnings
  warnings.warn(</msg>
<msg time="2024-06-14T11:12:40.239602" level="INFO">${response} = &lt;Response [200]&gt;</msg>
<var>${response}</var>
<arg>consultarAPI</arg>
<arg>/api</arg>
<doc>Sends a GET request on a previously created HTTP Session.</doc>
<status status="PASS" start="2024-06-14T11:12:40.146319" elapsed="0.093330"/>
</kw>
<kw name="Set Variable" owner="BuiltIn">
<msg time="2024-06-14T11:12:40.240536" level="INFO">${json_data} = {'results': [{'gender': 'female', 'name': {'title': 'Mrs', 'first': 'Mia', 'last': 'Wade'}, 'location': {'street': {'number': 3777, 'name': 'Kings Road'}, 'city': 'Salford', 'state': 'Buckinghamshire'...</msg>
<var>${json_data}</var>
<arg>${response.json()}</arg>
<doc>Returns the given values which can then be assigned to a variables.</doc>
<status status="PASS" start="2024-06-14T11:12:40.240097" elapsed="0.000467"/>
</kw>
<kw name="Set Variable" owner="BuiltIn">
<msg time="2024-06-14T11:12:40.241243" level="INFO">${name_title} = Mrs</msg>
<var>${name_title}</var>
<arg>${json_data["results"][0]["name"]["title"]}</arg>
<doc>Returns the given values which can then be assigned to a variables.</doc>
<status status="PASS" start="2024-06-14T11:12:40.240861" elapsed="0.000407"/>
</kw>
<kw name="Create List" owner="BuiltIn">
<msg time="2024-06-14T11:12:40.241754" level="INFO">${allowed_titles} = ['Mr', 'Ms', 'Miss', 'Mrs', 'Madame', 'Monsieur']</msg>
<var>${allowed_titles}</var>
<arg>Mr</arg>
<arg>Ms</arg>
<arg>Miss</arg>
<arg>Mrs</arg>
<arg>Madame</arg>
<arg>Monsieur</arg>
<doc>Returns a list containing given items.</doc>
<status status="PASS" start="2024-06-14T11:12:40.241607" elapsed="0.000171"/>
</kw>
<kw name="List Should Contain Value" owner="Collections">
<arg>${allowed_titles}</arg>
<arg>${name_title}</arg>
<doc>Fails if the ``value`` is not found from ``list``.</doc>
<status status="PASS" start="2024-06-14T11:12:40.242074" elapsed="0.000171"/>
</kw>
<kw name="Set Variable" owner="BuiltIn">
<msg time="2024-06-14T11:12:40.242796" level="INFO">${name_country} = GB</msg>
<var>${name_country}</var>
<arg>${json_data["results"][0]["nat"]}</arg>
<doc>Returns the given values which can then be assigned to a variables.</doc>
<status status="PASS" start="2024-06-14T11:12:40.242421" elapsed="0.000399"/>
</kw>
<kw name="Create List" owner="BuiltIn">
<msg time="2024-06-14T11:12:40.243716" level="INFO">${list_country} = ['AD', 'AE', 'AF', 'AG', 'AI', 'AL', 'AM', 'AO', 'AQ', 'AR', 'AS', 'AT', 'AU', 'AW', 'AX', 'AZ', 'BA', 'BB', 'BD', 'BE', 'BF', 'BG', 'BH', 'BI', 'BJ', 'BL', 'BM', 'BN', 'BO', 'BQ', 'BR', 'BS', 'BT', '...</msg>
<var>${list_country}</var>
<arg>AD</arg>
<arg>AE</arg>
<arg>AF</arg>
<arg>AG</arg>
<arg>AI</arg>
<arg>AL</arg>
<arg>AM</arg>
<arg>AO</arg>
<arg>AQ</arg>
<arg>AR</arg>
<arg>AS</arg>
<arg>AT</arg>
<arg>AU</arg>
<arg>AW</arg>
<arg>AX</arg>
<arg>AZ</arg>
<arg>BA</arg>
<arg>BB</arg>
<arg>BD</arg>
<arg>BE</arg>
<arg>BF</arg>
<arg>BG</arg>
<arg>BH</arg>
<arg>BI</arg>
<arg>BJ</arg>
<arg>BL</arg>
<arg>BM</arg>
<arg>BN</arg>
<arg>BO</arg>
<arg>BQ</arg>
<arg>BR</arg>
<arg>BS</arg>
<arg>BT</arg>
<arg>BV</arg>
<arg>BW</arg>
<arg>BY</arg>
<arg>BZ</arg>
<arg>CA</arg>
<arg>CC</arg>
<arg>CD</arg>
<arg>CF</arg>
<arg>CG</arg>
<arg>CH</arg>
<arg>CI</arg>
<arg>CK</arg>
<arg>CL</arg>
<arg>CM</arg>
<arg>CN</arg>
<arg>CO</arg>
<arg>CR</arg>
<arg>CU</arg>
<arg>CV</arg>
<arg>CW</arg>
<arg>CX</arg>
<arg>CY</arg>
<arg>CZ</arg>
<arg>DE</arg>
<arg>DJ</arg>
<arg>DK</arg>
<arg>DM</arg>
<arg>DO</arg>
<arg>DZ</arg>
<arg>EC</arg>
<arg>EE</arg>
<arg>EG</arg>
<arg>EH</arg>
<arg>ER</arg>
<arg>ES</arg>
<arg>ET</arg>
<arg>FI</arg>
<arg>FJ</arg>
<arg>FK</arg>
<arg>FM</arg>
<arg>FO</arg>
<arg>FR</arg>
<arg>GA</arg>
<arg>GB</arg>
<arg>GD</arg>
<arg>GE</arg>
<arg>GF</arg>
<arg>GG</arg>
<arg>GH</arg>
<arg>GI</arg>
<arg>GL</arg>
<arg>GM</arg>
<arg>GN</arg>
<arg>GP</arg>
<arg>GQ</arg>
<arg>GR</arg>
<arg>GS</arg>
<arg>GT</arg>
<arg>GU</arg>
<arg>GW</arg>
<arg>GY</arg>
<arg>HK</arg>
<arg>HM</arg>
<arg>HN</arg>
<arg>HR</arg>
<arg>HT</arg>
<arg>HU</arg>
<arg>ID</arg>
<arg>IE</arg>
<arg>IL</arg>
<arg>IM</arg>
<arg>IN</arg>
<arg>IO</arg>
<arg>IQ</arg>
<arg>IR</arg>
<arg>IS</arg>
<arg>IT</arg>
<arg>JE</arg>
<arg>JM</arg>
<arg>JO</arg>
<arg>JP</arg>
<arg>KE</arg>
<arg>KG</arg>
<arg>KH</arg>
<arg>KI</arg>
<arg>KM</arg>
<arg>KN</arg>
<arg>KP</arg>
<arg>KR</arg>
<arg>KW</arg>
<arg>KY</arg>
<arg>KZ</arg>
<arg>LA</arg>
<arg>LB</arg>
<arg>LC</arg>
<arg>LI</arg>
<arg>LK</arg>
<arg>LR</arg>
<arg>LS</arg>
<arg>LT</arg>
<arg>LU</arg>
<arg>LV</arg>
<arg>LY</arg>
<arg>MA</arg>
<arg>MC</arg>
<arg>MD</arg>
<arg>ME</arg>
<arg>MF</arg>
<arg>MG</arg>
<arg>MH</arg>
<arg>MK</arg>
<arg>ML</arg>
<arg>MM</arg>
<arg>MN</arg>
<arg>MO</arg>
<arg>MP</arg>
<arg>MQ</arg>
<arg>MR</arg>
<arg>MS</arg>
<arg>MT</arg>
<arg>MU</arg>
<arg>MV</arg>
<arg>MW</arg>
<arg>MX</arg>
<arg>MY</arg>
<arg>MZ</arg>
<arg>NA</arg>
<arg>NC</arg>
<arg>NE</arg>
<arg>NF</arg>
<arg>NG</arg>
<arg>NI</arg>
<arg>NL</arg>
<arg>NO</arg>
<arg>NP</arg>
<arg>NR</arg>
<arg>NU</arg>
<arg>NZ</arg>
<arg>OM</arg>
<arg>PA</arg>
<arg>PE</arg>
<arg>PF</arg>
<arg>PG</arg>
<arg>PH</arg>
<arg>PK</arg>
<arg>PL</arg>
<arg>PM</arg>
<arg>PN</arg>
<arg>PR</arg>
<arg>PS</arg>
<arg>PT</arg>
<arg>PW</arg>
<arg>PY</arg>
<arg>QA</arg>
<arg>RE</arg>
<arg>RO</arg>
<arg>RS</arg>
<arg>RU</arg>
<arg>RW</arg>
<arg>SA</arg>
<arg>SB</arg>
<arg>SC</arg>
<arg>SD</arg>
<arg>SE</arg>
<arg>SG</arg>
<arg>SH</arg>
<arg>SI</arg>
<arg>SJ</arg>
<arg>SK</arg>
<arg>SL</arg>
<arg>SM</arg>
<arg>SN</arg>
<arg>SO</arg>
<arg>SR</arg>
<arg>SS</arg>
<arg>ST</arg>
<arg>SV</arg>
<arg>SX</arg>
<arg>SY</arg>
<arg>SZ</arg>
<arg>TC</arg>
<arg>TD</arg>
<arg>TF</arg>
<arg>TG</arg>
<arg>TH</arg>
<arg>TJ</arg>
<arg>TK</arg>
<arg>TL</arg>
<arg>TM</arg>
<arg>TN</arg>
<arg>TO</arg>
<arg>TR</arg>
<arg>TT</arg>
<arg>TV</arg>
<arg>TW</arg>
<arg>TZ</arg>
<arg>UA</arg>
<arg>UG</arg>
<arg>UM</arg>
<arg>US</arg>
<arg>UY</arg>
<arg>UZ</arg>
<arg>VA</arg>
<arg>VC</arg>
<arg>VE</arg>
<arg>VG</arg>
<arg>VI</arg>
<arg>VN</arg>
<arg>VU</arg>
<arg>WF</arg>
<arg>WS</arg>
<arg>XK</arg>
<arg>YE</arg>
<arg>YT</arg>
<arg>ZA</arg>
<arg>ZM</arg>
<arg>ZW</arg>
<doc>Returns a list containing given items.</doc>
<status status="PASS" start="2024-06-14T11:12:40.243116" elapsed="0.000625"/>
</kw>
<kw name="List Should Contain Value" owner="Collections">
<arg>${list_country}</arg>
<arg>${name_country}</arg>
<doc>Fails if the ``value`` is not found from ``list``.</doc>
<status status="PASS" start="2024-06-14T11:12:40.244534" elapsed="0.000203"/>
</kw>
<kw name="Run Keyword If" owner="BuiltIn">
<kw name="Should Be True" owner="BuiltIn">
<arg>${True}</arg>
<doc>Fails if the given condition is not true.</doc>
<status status="PASS" start="2024-06-14T11:12:40.245791" elapsed="0.000143"/>
</kw>
<arg>${json_data["results"][0]["location"]["coordinates"]["latitude"]} &gt;= -90 and ${json_data["results"][0]["location"]["coordinates"]["latitude"]} &lt;= 90</arg>
<arg>Should Be True</arg>
<arg>${True}</arg>
<doc>Runs the given keyword with the given arguments, if ``condition`` is true.</doc>
<status status="PASS" start="2024-06-14T11:12:40.244934" elapsed="0.001134"/>
</kw>
<kw name="Run Keyword If" owner="BuiltIn">
<kw name="Should Be True" owner="BuiltIn">
<arg>${True}</arg>
<doc>Fails if the given condition is not true.</doc>
<status status="PASS" start="2024-06-14T11:12:40.246931" elapsed="0.000136"/>
</kw>
<arg>${json_data["results"][0]["location"]["coordinates"]["longitude"]} &gt;= -180 and ${json_data["results"][0]["location"]["coordinates"]["longitude"]} &lt;= 180</arg>
<arg>Should Be True</arg>
<arg>${True}</arg>
<doc>Runs the given keyword with the given arguments, if ``condition`` is true.</doc>
<status status="PASS" start="2024-06-14T11:12:40.246251" elapsed="0.000937"/>
</kw>
<status status="PASS" start="2024-06-14T11:12:40.146101" elapsed="0.101213"/>
</kw>
<doc>Testa o conteúdo específico dos campos retornados pela API.</doc>
<tag>testeConteudo</tag>
<status status="PASS" start="2024-06-14T11:12:40.145689" elapsed="0.101765"/>
</test>
<status status="PASS" start="2024-06-14T11:12:39.297277" elapsed="0.952015"/>
</suite>
<status status="PASS" start="2024-06-14T11:12:39.283951" elapsed="0.970279"/>
</suite>
<statistics>
<total>
<stat pass="5" fail="0" skip="0">All Tests</stat>
</total>
<tag>
<stat pass="1" fail="0" skip="0">testeConteudo</stat>
<stat pass="1" fail="0" skip="0">testeEstruturaResposta</stat>
<stat pass="1" fail="0" skip="0">testeRequisicaoBasica</stat>
<stat pass="1" fail="0" skip="0">testeTiposDados</stat>
</tag>
<suite>
<stat pass="5" fail="0" skip="0" id="s1" name="Tests">Tests</stat>
<stat pass="5" fail="0" skip="0" id="s1-s1" name="Random-User-Test">Tests.Random-User-Test</stat>
</suite>
</statistics>
<errors>
</errors>
</robot>
