<?xml version="1.0" encoding="UTF-8"?>
<robot generator="Robot 7.0.1 (Python 3.12.4 on linux)" generated="2024-07-25T13:18:34.433736" rpa="false" schemaversion="5">
<suite id="s1" name="Tests" source="/home/runner/work/ApiRandomUser/ApiRandomUser/RamdonUser/tests">
<suite id="s1-s1" name="Random-User-Test" source="/home/runner/work/ApiRandomUser/ApiRandomUser/RamdonUser/tests/random-user-test.robot">
<test id="s1-s1-t1" name="Conectar" line="13">
<kw name="Conectar API" owner="random-user-service">
<kw name="Create Session" owner="RequestsLibrary">
<msg time="2024-07-25T13:18:34.828689" level="INFO">Creating Session using : alias=consultarAPI, url=https://randomuser.me/, headers={},                     cookies={}, auth=None, timeout=None, proxies=None, verify=False,                     debug=0 </msg>
<arg>consultarAPI</arg>
<arg>${URL}</arg>
<doc>Create Session: create a HTTP session to a server</doc>
<status status="PASS" start="2024-07-25T13:18:34.828496" elapsed="0.000367"/>
</kw>
<status status="PASS" start="2024-07-25T13:18:34.827486" elapsed="0.001727"/>
</kw>
<status status="PASS" start="2024-07-25T13:18:34.826950" elapsed="0.002458"/>
</test>
<test id="s1-s1-t2" name="Validar retorno 200 e JSON Válido" line="16">
<kw name="Teste de Requisicao Basica" owner="random-user-service">
<kw name="GET On Session" owner="RequestsLibrary">
<msg time="2024-07-25T13:18:34.918632" level="INFO">GET Request : url=https://randomuser.me/api 
 path_url=/api 
 headers={'User-Agent': 'python-requests/2.32.3', 'Accept-Encoding': 'gzip, deflate', 'Accept': '*/*', 'Connection': 'keep-alive'} 
 body=None 
 </msg>
<msg time="2024-07-25T13:18:34.918744" level="INFO">GET Response : url=https://randomuser.me/api 
 status=200, reason=OK 
 headers={'Date': 'Thu, 25 Jul 2024 13:18:34 GMT', 'Content-Type': 'application/json; charset=utf-8', 'Transfer-Encoding': 'chunked', 'Connection': 'keep-alive', 'X-Powered-By': 'Express', 'Access-Control-Allow-Origin': '*', 'Cache-Control': 'no-cache', 'ETag': 'W/"484-g5vC0NOh3C94PYO40zEHMfwvFXE"', 'Vary': 'Accept-Encoding', 'Content-Encoding': 'gzip', 'CF-Cache-Status': 'DYNAMIC', 'Report-To': '{"endpoints":[{"url":"https:\\/\\/a.nel.cloudflare.com\\/report\\/v4?s=mN7Ktd2LGM5qZvqq87i4KjvmO01cIGNNrEETHJC%2BvtEZQB32M08v0JmFidYWwtHa3K9oP%2FddfH9Ih0XfndhW2Sv6H%2Fi2kBrm%2BUpJQi6%2FuOm0fSLfZk1fm1cjKwSYYnCN"}],"group":"cf-nel","max_age":604800}', 'NEL': '{"success_fraction":0,"report_to":"cf-nel","max_age":604800}', 'Server': 'cloudflare', 'CF-RAY': '8a8c6fcbf8731730-IAD', 'alt-svc': 'h3=":443"; ma=86400'} 
 body={"results":[{"gender":"male","name":{"title":"Mr","first":"Coşkun","last":"Durmaz"},"location":{"street":{"number":3971,"name":"Istiklal Cd"},"city":"Niğde","state":"Giresun","country":"Turkey","postcode":73546,"coordinates":{"latitude":"69.8650","longitude":"-113.2167"},"timezone":{"offset":"-4:00","description":"Atlantic Time (Canada), Caracas, La Paz"}},"email":"coskun.durmaz@example.com","login":{"uuid":"34467a5b-445c-4c3f-8e5f-f5fad4d0a466","username":"goldenzebra994","password":"trance","salt":"tpvWXm8p","md5":"1a8ad4fea99f38cc4693d0b54656cccc","sha1":"bd6e6b1f7b805624e3e6febd9c4b6125e7fa0ced","sha256":"a957f1a9f548d7abec05d1af55aeb6ccba7b353ef0f4ea1b60e11eb535d17398"},"dob":{"date":"1964-11-12T06:58:06.957Z","age":59},"registered":{"date":"2021-08-29T01:31:17.740Z","age":2},"phone":"(828)-063-4455","cell":"(293)-640-0207","id":{"name":"","value":null},"picture":{"large":"https://randomuser.me/api/portraits/men/65.jpg","medium":"https://randomuser.me/api/portraits/med/men/65.jpg","thumbnail":"https://randomuser.me/api/portraits/thumb/men/65.jpg"},"nat":"TR"}],"info":{"seed":"b13f9bddb48337c0","results":1,"page":1,"version":"1.4"}} 
 </msg>
<msg time="2024-07-25T13:18:34.918817" level="INFO">/opt/hostedtoolcache/Python/3.12.4/x64/lib/python3.12/site-packages/urllib3/connectionpool.py:1099: InsecureRequestWarning: Unverified HTTPS request is being made to host 'randomuser.me'. Adding certificate verification is strongly advised. See: https://urllib3.readthedocs.io/en/latest/advanced-usage.html#tls-warnings
  warnings.warn(</msg>
<msg time="2024-07-25T13:18:34.918933" level="INFO">${response} = &lt;Response [200]&gt;</msg>
<var>${response}</var>
<arg>consultarAPI</arg>
<arg>/api</arg>
<doc>Sends a GET request on a previously created HTTP Session.</doc>
<status status="PASS" start="2024-07-25T13:18:34.832028" elapsed="0.086948"/>
</kw>
<kw name="Should Be Equal As Numbers" owner="BuiltIn">
<msg time="2024-07-25T13:18:34.919977" level="INFO">Argument types are:
&lt;class 'int'&gt;
&lt;class 'str'&gt;</msg>
<arg>${response.status_code}</arg>
<arg>200</arg>
<doc>Fails if objects are unequal after converting them to real numbers.</doc>
<status status="PASS" start="2024-07-25T13:18:34.919478" elapsed="0.000562"/>
</kw>
<kw name="Log" owner="BuiltIn">
<msg time="2024-07-25T13:18:34.920713" level="INFO">200</msg>
<arg>${response.status_code}</arg>
<doc>Logs the given message with the given level.</doc>
<status status="PASS" start="2024-07-25T13:18:34.920360" elapsed="0.000396"/>
</kw>
<kw name="Set Variable" owner="BuiltIn">
<msg time="2024-07-25T13:18:34.921511" level="INFO">${json_data} = {'results': [{'gender': 'male', 'name': {'title': 'Mr', 'first': 'Coşkun', 'last': 'Durmaz'}, 'location': {'street': {'number': 3971, 'name': 'Istiklal Cd'}, 'city': 'Niğde', 'state': 'Giresun', 'coun...</msg>
<var>${json_data}</var>
<arg>${response.json()}</arg>
<doc>Returns the given values which can then be assigned to a variables.</doc>
<status status="PASS" start="2024-07-25T13:18:34.921064" elapsed="0.000478"/>
</kw>
<kw name="Dictionary Should Contain Key" owner="Collections">
<arg>${json_data}</arg>
<arg>results</arg>
<doc>Fails if ``key`` is not found from ``dictionary``.</doc>
<status status="PASS" start="2024-07-25T13:18:34.921852" elapsed="0.000329"/>
</kw>
<status status="PASS" start="2024-07-25T13:18:34.831783" elapsed="0.090550"/>
</kw>
<doc>Testa se a API responde corretamente e retorna um objeto JSON válido.</doc>
<tag>testeRequisicaoBasica</tag>
<status status="PASS" start="2024-07-25T13:18:34.831320" elapsed="0.091177"/>
</test>
<test id="s1-s1-t3" name="Validar estrutura de resposta" line="22">
<kw name="Teste de Estrutura de Resposta" owner="random-user-service">
<kw name="GET On Session" owner="RequestsLibrary">
<msg time="2024-07-25T13:18:35.013371" level="INFO">GET Request : url=https://randomuser.me/api 
 path_url=/api 
 headers={'User-Agent': 'python-requests/2.32.3', 'Accept-Encoding': 'gzip, deflate', 'Accept': '*/*', 'Connection': 'keep-alive'} 
 body=None 
 </msg>
<msg time="2024-07-25T13:18:35.013462" level="INFO">GET Response : url=https://randomuser.me/api 
 status=200, reason=OK 
 headers={'Date': 'Thu, 25 Jul 2024 13:18:35 GMT', 'Content-Type': 'application/json; charset=utf-8', 'Transfer-Encoding': 'chunked', 'Connection': 'keep-alive', 'X-Powered-By': 'Express', 'Access-Control-Allow-Origin': '*', 'Cache-Control': 'no-cache', 'ETag': 'W/"47a-N6q5JTSJiYrr8A8CI0/nZMFR/RM"', 'Vary': 'Accept-Encoding', 'Content-Encoding': 'gzip', 'CF-Cache-Status': 'DYNAMIC', 'Report-To': '{"endpoints":[{"url":"https:\\/\\/a.nel.cloudflare.com\\/report\\/v4?s=CeZCXoyotWSjV8IvuTBFWB3GslYeKT%2B%2F22%2B%2F502VTBFv8srjv5bDZGFmAJ7eZ6zSGK0a2Mr8B69HwVAdXzU9GOlJsc8QYstAZ5e1WSdicalwkE2PZIiakacnWrzy9bcI"}],"group":"cf-nel","max_age":604800}', 'NEL': '{"success_fraction":0,"report_to":"cf-nel","max_age":604800}', 'Server': 'cloudflare', 'CF-RAY': '8a8c6fcc48c71730-IAD', 'alt-svc': 'h3=":443"; ma=86400'} 
 body={"results":[{"gender":"female","name":{"title":"Ms","first":"Melike","last":"Solmaz"},"location":{"street":{"number":1363,"name":"Atatürk Sk"},"city":"Gümüşhane","state":"Antalya","country":"Turkey","postcode":76025,"coordinates":{"latitude":"65.3787","longitude":"95.3322"},"timezone":{"offset":"+9:30","description":"Adelaide, Darwin"}},"email":"melike.solmaz@example.com","login":{"uuid":"abfe2051-b2fd-4f04-86bf-876995551c47","username":"whiteleopard542","password":"random","salt":"k8Z9bpaA","md5":"57d9acff49b5a73777cd2b3e4c0b663d","sha1":"4a9e970a4e6ee2592325288b88345f85ab666aa9","sha256":"faaf3f3e61b20b22dc153640960c218a22476bf39b2795e301f3a4209011bf94"},"dob":{"date":"1966-05-18T08:28:27.949Z","age":58},"registered":{"date":"2013-09-24T05:05:08.530Z","age":10},"phone":"(333)-072-4079","cell":"(251)-155-6471","id":{"name":"","value":null},"picture":{"large":"https://randomuser.me/api/portraits/women/56.jpg","medium":"https://randomuser.me/api/portraits/med/women/56.jpg","thumbnail":"https://randomuser.me/api/portraits/thumb/women/56.jpg"},"nat":"TR"}],"info":{"seed":"0f502fb86625f43b","results":1,"page":1,"version":"1.4"}} 
 </msg>
<msg time="2024-07-25T13:18:35.013592" level="INFO">/opt/hostedtoolcache/Python/3.12.4/x64/lib/python3.12/site-packages/urllib3/connectionpool.py:1099: InsecureRequestWarning: Unverified HTTPS request is being made to host 'randomuser.me'. Adding certificate verification is strongly advised. See: https://urllib3.readthedocs.io/en/latest/advanced-usage.html#tls-warnings
  warnings.warn(</msg>
<msg time="2024-07-25T13:18:35.013736" level="INFO">${response} = &lt;Response [200]&gt;</msg>
<var>${response}</var>
<arg>consultarAPI</arg>
<arg>/api</arg>
<doc>Sends a GET request on a previously created HTTP Session.</doc>
<status status="PASS" start="2024-07-25T13:18:34.925061" elapsed="0.088713"/>
</kw>
<kw name="Set Variable" owner="BuiltIn">
<msg time="2024-07-25T13:18:35.014814" level="INFO">${json_data} = {'results': [{'gender': 'female', 'name': {'title': 'Ms', 'first': 'Melike', 'last': 'Solmaz'}, 'location': {'street': {'number': 1363, 'name': 'Atatürk Sk'}, 'city': 'Gümüşhane', 'state': 'Antalya', ...</msg>
<var>${json_data}</var>
<arg>${response.json()}</arg>
<doc>Returns the given values which can then be assigned to a variables.</doc>
<status status="PASS" start="2024-07-25T13:18:35.014261" elapsed="0.000585"/>
</kw>
<kw name="Log" owner="BuiltIn">
<msg time="2024-07-25T13:18:35.015323" level="INFO">{'results': [{'gender': 'female', 'name': {'title': 'Ms', 'first': 'Melike', 'last': 'Solmaz'}, 'location': {'street': {'number': 1363, 'name': 'Atatürk Sk'}, 'city': 'Gümüşhane', 'state': 'Antalya', 'country': 'Turkey', 'postcode': 76025, 'coordinates': {'latitude': '65.3787', 'longitude': '95.3322'}, 'timezone': {'offset': '+9:30', 'description': 'Adelaide, Darwin'}}, 'email': 'melike.solmaz@example.com', 'login': {'uuid': 'abfe2051-b2fd-4f04-86bf-876995551c47', 'username': 'whiteleopard542', 'password': 'random', 'salt': 'k8Z9bpaA', 'md5': '57d9acff49b5a73777cd2b3e4c0b663d', 'sha1': '4a9e970a4e6ee2592325288b88345f85ab666aa9', 'sha256': 'faaf3f3e61b20b22dc153640960c218a22476bf39b2795e301f3a4209011bf94'}, 'dob': {'date': '1966-05-18T08:28:27.949Z', 'age': 58}, 'registered': {'date': '2013-09-24T05:05:08.530Z', 'age': 10}, 'phone': '(333)-072-4079', 'cell': '(251)-155-6471', 'id': {'name': '', 'value': None}, 'picture': {'large': 'https://randomuser.me/api/portraits/women/56.jpg', 'medium': 'https://randomuser.me/api/portraits/med/women/56.jpg', 'thumbnail': 'https://randomuser.me/api/portraits/thumb/women/56.jpg'}, 'nat': 'TR'}], 'info': {'seed': '0f502fb86625f43b', 'results': 1, 'page': 1, 'version': '1.4'}}</msg>
<arg>${json_data}</arg>
<doc>Logs the given message with the given level.</doc>
<status status="PASS" start="2024-07-25T13:18:35.015157" elapsed="0.000217"/>
</kw>
<kw name="Dictionary Should Contain Key" owner="Collections">
<arg>${json_data}</arg>
<arg>results</arg>
<doc>Fails if ``key`` is not found from ``dictionary``.</doc>
<status status="PASS" start="2024-07-25T13:18:35.015677" elapsed="0.000165"/>
</kw>
<kw name="Should Not Be Empty" owner="BuiltIn">
<msg time="2024-07-25T13:18:35.016152" level="INFO">Length is 2.</msg>
<arg>${json_data}</arg>
<doc>Verifies that the given item is not empty.</doc>
<status status="PASS" start="2024-07-25T13:18:35.016029" elapsed="0.000162"/>
</kw>
<kw name="Create List" owner="BuiltIn">
<msg time="2024-07-25T13:18:35.016634" level="INFO">${expected_keys} = ['gender', 'name', 'location', 'email', 'login']</msg>
<var>${expected_keys}</var>
<arg>gender</arg>
<arg>name</arg>
<arg>location</arg>
<arg>email</arg>
<arg>login</arg>
<doc>Returns a list containing given items.</doc>
<status status="PASS" start="2024-07-25T13:18:35.016480" elapsed="0.000179"/>
</kw>
<for flavor="IN">
<iter>
<kw name="Dictionary Should Contain Key" owner="Collections">
<arg>${json_data['results'][0]}</arg>
<arg>${key}</arg>
<doc>Fails if ``key`` is not found from ``dictionary``.</doc>
<status status="PASS" start="2024-07-25T13:18:35.017235" elapsed="0.000410"/>
</kw>
<kw name="Log" owner="BuiltIn">
<msg time="2024-07-25T13:18:35.018248" level="INFO">{'gender': 'female', 'name': {'title': 'Ms', 'first': 'Melike', 'last': 'Solmaz'}, 'location': {'street': {'number': 1363, 'name': 'Atatürk Sk'}, 'city': 'Gümüşhane', 'state': 'Antalya', 'country': 'Turkey', 'postcode': 76025, 'coordinates': {'latitude': '65.3787', 'longitude': '95.3322'}, 'timezone': {'offset': '+9:30', 'description': 'Adelaide, Darwin'}}, 'email': 'melike.solmaz@example.com', 'login': {'uuid': 'abfe2051-b2fd-4f04-86bf-876995551c47', 'username': 'whiteleopard542', 'password': 'random', 'salt': 'k8Z9bpaA', 'md5': '57d9acff49b5a73777cd2b3e4c0b663d', 'sha1': '4a9e970a4e6ee2592325288b88345f85ab666aa9', 'sha256': 'faaf3f3e61b20b22dc153640960c218a22476bf39b2795e301f3a4209011bf94'}, 'dob': {'date': '1966-05-18T08:28:27.949Z', 'age': 58}, 'registered': {'date': '2013-09-24T05:05:08.530Z', 'age': 10}, 'phone': '(333)-072-4079', 'cell': '(251)-155-6471', 'id': {'name': '', 'value': None}, 'picture': {'large': 'https://randomuser.me/api/portraits/women/56.jpg', 'medium': 'https://randomuser.me/api/portraits/med/women/56.jpg', 'thumbnail': 'https://randomuser.me/api/portraits/thumb/women/56.jpg'}, 'nat': 'TR'}</msg>
<arg>${json_data['results'][0]}</arg>
<doc>Logs the given message with the given level.</doc>
<status status="PASS" start="2024-07-25T13:18:35.017840" elapsed="0.000460"/>
</kw>
<kw name="Log" owner="BuiltIn">
<msg time="2024-07-25T13:18:35.018736" level="INFO">gender</msg>
<arg>${key}</arg>
<doc>Logs the given message with the given level.</doc>
<status status="PASS" start="2024-07-25T13:18:35.018605" elapsed="0.000171"/>
</kw>
<var name="${key}">gender</var>
<status status="PASS" start="2024-07-25T13:18:35.017107" elapsed="0.001890"/>
</iter>
<iter>
<kw name="Dictionary Should Contain Key" owner="Collections">
<arg>${json_data['results'][0]}</arg>
<arg>${key}</arg>
<doc>Fails if ``key`` is not found from ``dictionary``.</doc>
<status status="PASS" start="2024-07-25T13:18:35.019299" elapsed="0.000392"/>
</kw>
<kw name="Log" owner="BuiltIn">
<msg time="2024-07-25T13:18:35.020249" level="INFO">{'gender': 'female', 'name': {'title': 'Ms', 'first': 'Melike', 'last': 'Solmaz'}, 'location': {'street': {'number': 1363, 'name': 'Atatürk Sk'}, 'city': 'Gümüşhane', 'state': 'Antalya', 'country': 'Turkey', 'postcode': 76025, 'coordinates': {'latitude': '65.3787', 'longitude': '95.3322'}, 'timezone': {'offset': '+9:30', 'description': 'Adelaide, Darwin'}}, 'email': 'melike.solmaz@example.com', 'login': {'uuid': 'abfe2051-b2fd-4f04-86bf-876995551c47', 'username': 'whiteleopard542', 'password': 'random', 'salt': 'k8Z9bpaA', 'md5': '57d9acff49b5a73777cd2b3e4c0b663d', 'sha1': '4a9e970a4e6ee2592325288b88345f85ab666aa9', 'sha256': 'faaf3f3e61b20b22dc153640960c218a22476bf39b2795e301f3a4209011bf94'}, 'dob': {'date': '1966-05-18T08:28:27.949Z', 'age': 58}, 'registered': {'date': '2013-09-24T05:05:08.530Z', 'age': 10}, 'phone': '(333)-072-4079', 'cell': '(251)-155-6471', 'id': {'name': '', 'value': None}, 'picture': {'large': 'https://randomuser.me/api/portraits/women/56.jpg', 'medium': 'https://randomuser.me/api/portraits/med/women/56.jpg', 'thumbnail': 'https://randomuser.me/api/portraits/thumb/women/56.jpg'}, 'nat': 'TR'}</msg>
<arg>${json_data['results'][0]}</arg>
<doc>Logs the given message with the given level.</doc>
<status status="PASS" start="2024-07-25T13:18:35.019876" elapsed="0.000457"/>
</kw>
<kw name="Log" owner="BuiltIn">
<msg time="2024-07-25T13:18:35.020766" level="INFO">name</msg>
<arg>${key}</arg>
<doc>Logs the given message with the given level.</doc>
<status status="PASS" start="2024-07-25T13:18:35.020637" elapsed="0.000167"/>
</kw>
<var name="${key}">name</var>
<status status="PASS" start="2024-07-25T13:18:35.019186" elapsed="0.001846"/>
</iter>
<iter>
<kw name="Dictionary Should Contain Key" owner="Collections">
<arg>${json_data['results'][0]}</arg>
<arg>${key}</arg>
<doc>Fails if ``key`` is not found from ``dictionary``.</doc>
<status status="PASS" start="2024-07-25T13:18:35.021319" elapsed="0.000396"/>
</kw>
<kw name="Log" owner="BuiltIn">
<msg time="2024-07-25T13:18:35.022315" level="INFO">{'gender': 'female', 'name': {'title': 'Ms', 'first': 'Melike', 'last': 'Solmaz'}, 'location': {'street': {'number': 1363, 'name': 'Atatürk Sk'}, 'city': 'Gümüşhane', 'state': 'Antalya', 'country': 'Turkey', 'postcode': 76025, 'coordinates': {'latitude': '65.3787', 'longitude': '95.3322'}, 'timezone': {'offset': '+9:30', 'description': 'Adelaide, Darwin'}}, 'email': 'melike.solmaz@example.com', 'login': {'uuid': 'abfe2051-b2fd-4f04-86bf-876995551c47', 'username': 'whiteleopard542', 'password': 'random', 'salt': 'k8Z9bpaA', 'md5': '57d9acff49b5a73777cd2b3e4c0b663d', 'sha1': '4a9e970a4e6ee2592325288b88345f85ab666aa9', 'sha256': 'faaf3f3e61b20b22dc153640960c218a22476bf39b2795e301f3a4209011bf94'}, 'dob': {'date': '1966-05-18T08:28:27.949Z', 'age': 58}, 'registered': {'date': '2013-09-24T05:05:08.530Z', 'age': 10}, 'phone': '(333)-072-4079', 'cell': '(251)-155-6471', 'id': {'name': '', 'value': None}, 'picture': {'large': 'https://randomuser.me/api/portraits/women/56.jpg', 'medium': 'https://randomuser.me/api/portraits/med/women/56.jpg', 'thumbnail': 'https://randomuser.me/api/portraits/thumb/women/56.jpg'}, 'nat': 'TR'}</msg>
<arg>${json_data['results'][0]}</arg>
<doc>Logs the given message with the given level.</doc>
<status status="PASS" start="2024-07-25T13:18:35.021938" elapsed="0.000428"/>
</kw>
<kw name="Log" owner="BuiltIn">
<msg time="2024-07-25T13:18:35.022792" level="INFO">location</msg>
<arg>${key}</arg>
<doc>Logs the given message with the given level.</doc>
<status status="PASS" start="2024-07-25T13:18:35.022664" elapsed="0.000166"/>
</kw>
<var name="${key}">location</var>
<status status="PASS" start="2024-07-25T13:18:35.021211" elapsed="0.001841"/>
</iter>
<iter>
<kw name="Dictionary Should Contain Key" owner="Collections">
<arg>${json_data['results'][0]}</arg>
<arg>${key}</arg>
<doc>Fails if ``key`` is not found from ``dictionary``.</doc>
<status status="PASS" start="2024-07-25T13:18:35.023333" elapsed="0.000385"/>
</kw>
<kw name="Log" owner="BuiltIn">
<msg time="2024-07-25T13:18:35.024378" level="INFO">{'gender': 'female', 'name': {'title': 'Ms', 'first': 'Melike', 'last': 'Solmaz'}, 'location': {'street': {'number': 1363, 'name': 'Atatürk Sk'}, 'city': 'Gümüşhane', 'state': 'Antalya', 'country': 'Turkey', 'postcode': 76025, 'coordinates': {'latitude': '65.3787', 'longitude': '95.3322'}, 'timezone': {'offset': '+9:30', 'description': 'Adelaide, Darwin'}}, 'email': 'melike.solmaz@example.com', 'login': {'uuid': 'abfe2051-b2fd-4f04-86bf-876995551c47', 'username': 'whiteleopard542', 'password': 'random', 'salt': 'k8Z9bpaA', 'md5': '57d9acff49b5a73777cd2b3e4c0b663d', 'sha1': '4a9e970a4e6ee2592325288b88345f85ab666aa9', 'sha256': 'faaf3f3e61b20b22dc153640960c218a22476bf39b2795e301f3a4209011bf94'}, 'dob': {'date': '1966-05-18T08:28:27.949Z', 'age': 58}, 'registered': {'date': '2013-09-24T05:05:08.530Z', 'age': 10}, 'phone': '(333)-072-4079', 'cell': '(251)-155-6471', 'id': {'name': '', 'value': None}, 'picture': {'large': 'https://randomuser.me/api/portraits/women/56.jpg', 'medium': 'https://randomuser.me/api/portraits/med/women/56.jpg', 'thumbnail': 'https://randomuser.me/api/portraits/thumb/women/56.jpg'}, 'nat': 'TR'}</msg>
<arg>${json_data['results'][0]}</arg>
<doc>Logs the given message with the given level.</doc>
<status status="PASS" start="2024-07-25T13:18:35.024020" elapsed="0.000409"/>
</kw>
<kw name="Log" owner="BuiltIn">
<msg time="2024-07-25T13:18:35.024858" level="INFO">email</msg>
<arg>${key}</arg>
<doc>Logs the given message with the given level.</doc>
<status status="PASS" start="2024-07-25T13:18:35.024729" elapsed="0.000168"/>
</kw>
<var name="${key}">email</var>
<status status="PASS" start="2024-07-25T13:18:35.023226" elapsed="0.001888"/>
</iter>
<iter>
<kw name="Dictionary Should Contain Key" owner="Collections">
<arg>${json_data['results'][0]}</arg>
<arg>${key}</arg>
<doc>Fails if ``key`` is not found from ``dictionary``.</doc>
<status status="PASS" start="2024-07-25T13:18:35.025398" elapsed="0.000380"/>
</kw>
<kw name="Log" owner="BuiltIn">
<msg time="2024-07-25T13:18:35.026350" level="INFO">{'gender': 'female', 'name': {'title': 'Ms', 'first': 'Melike', 'last': 'Solmaz'}, 'location': {'street': {'number': 1363, 'name': 'Atatürk Sk'}, 'city': 'Gümüşhane', 'state': 'Antalya', 'country': 'Turkey', 'postcode': 76025, 'coordinates': {'latitude': '65.3787', 'longitude': '95.3322'}, 'timezone': {'offset': '+9:30', 'description': 'Adelaide, Darwin'}}, 'email': 'melike.solmaz@example.com', 'login': {'uuid': 'abfe2051-b2fd-4f04-86bf-876995551c47', 'username': 'whiteleopard542', 'password': 'random', 'salt': 'k8Z9bpaA', 'md5': '57d9acff49b5a73777cd2b3e4c0b663d', 'sha1': '4a9e970a4e6ee2592325288b88345f85ab666aa9', 'sha256': 'faaf3f3e61b20b22dc153640960c218a22476bf39b2795e301f3a4209011bf94'}, 'dob': {'date': '1966-05-18T08:28:27.949Z', 'age': 58}, 'registered': {'date': '2013-09-24T05:05:08.530Z', 'age': 10}, 'phone': '(333)-072-4079', 'cell': '(251)-155-6471', 'id': {'name': '', 'value': None}, 'picture': {'large': 'https://randomuser.me/api/portraits/women/56.jpg', 'medium': 'https://randomuser.me/api/portraits/med/women/56.jpg', 'thumbnail': 'https://randomuser.me/api/portraits/thumb/women/56.jpg'}, 'nat': 'TR'}</msg>
<arg>${json_data['results'][0]}</arg>
<doc>Logs the given message with the given level.</doc>
<status status="PASS" start="2024-07-25T13:18:35.025983" elapsed="0.000418"/>
</kw>
<kw name="Log" owner="BuiltIn">
<msg time="2024-07-25T13:18:35.026828" level="INFO">login</msg>
<arg>${key}</arg>
<doc>Logs the given message with the given level.</doc>
<status status="PASS" start="2024-07-25T13:18:35.026698" elapsed="0.000168"/>
</kw>
<var name="${key}">login</var>
<status status="PASS" start="2024-07-25T13:18:35.025289" elapsed="0.001795"/>
</iter>
<var>${key}</var>
<value>@{expected_keys}</value>
<status status="PASS" start="2024-07-25T13:18:35.016922" elapsed="0.010285"/>
</for>
<kw name="Create List" owner="BuiltIn">
<msg time="2024-07-25T13:18:35.027536" level="INFO">${expected_keysTwo} = ['username', 'password']</msg>
<var>${expected_keysTwo}</var>
<arg>username</arg>
<arg>password</arg>
<doc>Returns a list containing given items.</doc>
<status status="PASS" start="2024-07-25T13:18:35.027402" elapsed="0.000159"/>
</kw>
<for flavor="IN">
<iter>
<kw name="Dictionary Should Contain Key" owner="Collections">
<arg>${json_data['results'][0]['login']}</arg>
<arg>${keyTwo}</arg>
<doc>Fails if ``key`` is not found from ``dictionary``.</doc>
<status status="PASS" start="2024-07-25T13:18:35.028088" elapsed="0.000397"/>
</kw>
<kw name="Dictionary Should Contain Key" owner="Collections">
<arg>${json_data['results'][0]['login']}</arg>
<arg>${keyTwo}</arg>
<doc>Fails if ``key`` is not found from ``dictionary``.</doc>
<status status="PASS" start="2024-07-25T13:18:35.028671" elapsed="0.000375"/>
</kw>
<kw name="Log" owner="BuiltIn">
<msg time="2024-07-25T13:18:35.029343" level="INFO">username</msg>
<arg>${keyTwo}</arg>
<doc>Logs the given message with the given level.</doc>
<status status="PASS" start="2024-07-25T13:18:35.029224" elapsed="0.000156"/>
</kw>
<var name="${keyTwo}">username</var>
<status status="PASS" start="2024-07-25T13:18:35.027980" elapsed="0.001622"/>
</iter>
<iter>
<kw name="Dictionary Should Contain Key" owner="Collections">
<arg>${json_data['results'][0]['login']}</arg>
<arg>${keyTwo}</arg>
<doc>Fails if ``key`` is not found from ``dictionary``.</doc>
<status status="PASS" start="2024-07-25T13:18:35.029888" elapsed="0.000419"/>
</kw>
<kw name="Dictionary Should Contain Key" owner="Collections">
<arg>${json_data['results'][0]['login']}</arg>
<arg>${keyTwo}</arg>
<doc>Fails if ``key`` is not found from ``dictionary``.</doc>
<status status="PASS" start="2024-07-25T13:18:35.030487" elapsed="0.000382"/>
</kw>
<kw name="Log" owner="BuiltIn">
<msg time="2024-07-25T13:18:35.031174" level="INFO">password</msg>
<arg>${keyTwo}</arg>
<doc>Logs the given message with the given level.</doc>
<status status="PASS" start="2024-07-25T13:18:35.031047" elapsed="0.000164"/>
</kw>
<var name="${keyTwo}">password</var>
<status status="PASS" start="2024-07-25T13:18:35.029777" elapsed="0.001656"/>
</iter>
<var>${keyTwo}</var>
<value>@{expected_keysTwo}</value>
<status status="PASS" start="2024-07-25T13:18:35.027825" elapsed="0.003731"/>
</for>
<status status="PASS" start="2024-07-25T13:18:34.924830" elapsed="0.106869"/>
</kw>
<doc>Testa a estrutura da resposta da API.</doc>
<tag>testeEstruturaResposta</tag>
<status status="PASS" start="2024-07-25T13:18:34.924344" elapsed="0.107513"/>
</test>
<test id="s1-s1-t4" name="Validar tipos de dados" line="28">
<kw name="Teste de Tipos de Dados" owner="random-user-service">
<kw name="GET On Session" owner="RequestsLibrary">
<msg time="2024-07-25T13:18:35.111441" level="INFO">GET Request : url=https://randomuser.me/api 
 path_url=/api 
 headers={'User-Agent': 'python-requests/2.32.3', 'Accept-Encoding': 'gzip, deflate', 'Accept': '*/*', 'Connection': 'keep-alive'} 
 body=None 
 </msg>
<msg time="2024-07-25T13:18:35.111523" level="INFO">GET Response : url=https://randomuser.me/api 
 status=200, reason=OK 
 headers={'Date': 'Thu, 25 Jul 2024 13:18:35 GMT', 'Content-Type': 'application/json; charset=utf-8', 'Transfer-Encoding': 'chunked', 'Connection': 'keep-alive', 'X-Powered-By': 'Express', 'Access-Control-Allow-Origin': '*', 'Cache-Control': 'no-cache', 'ETag': 'W/"48d-gr6CVBlZtkF5jrl6HQ6StKCoB8o"', 'Vary': 'Accept-Encoding', 'Content-Encoding': 'gzip', 'CF-Cache-Status': 'DYNAMIC', 'Report-To': '{"endpoints":[{"url":"https:\\/\\/a.nel.cloudflare.com\\/report\\/v4?s=OrPaRzmiKl9Y5T8RJd%2B0O%2B4DNfxS20KOG6LhOPyHrXML1wUv6MlWEmOyKnr1VnirCdvf%2FoVBpn8cQeA8qirFZiq7y4rTVbOHI4pSDA5Neq8jv%2FNvWF2bSJYWerGiG4NV"}],"group":"cf-nel","max_age":604800}', 'NEL': '{"success_fraction":0,"report_to":"cf-nel","max_age":604800}', 'Server': 'cloudflare', 'CF-RAY': '8a8c6fccf9901730-IAD', 'alt-svc': 'h3=":443"; ma=86400'} 
 body={"results":[{"gender":"male","name":{"title":"Mr","first":"Milan","last":"Rodić"},"location":{"street":{"number":6420,"name":"Jovana Apostolovića "},"city":"Rača","state":"Kolubara","country":"Serbia","postcode":13245,"coordinates":{"latitude":"60.2658","longitude":"-122.5642"},"timezone":{"offset":"-4:00","description":"Atlantic Time (Canada), Caracas, La Paz"}},"email":"milan.rodic@example.com","login":{"uuid":"7a4a5a20-ee8e-4b8d-a77c-b4e2052e8dfd","username":"heavysnake755","password":"jean","salt":"66I4SHZ6","md5":"e59ae5b336013eb72ac1821ec9378bd2","sha1":"d2430d82f4cac7b35376edb454213009357792d5","sha256":"22cbe70288ac927689f6a94d20040309f5043c3f54a9b234f7c0b4a0fe3afa5f"},"dob":{"date":"1960-05-31T16:03:47.603Z","age":64},"registered":{"date":"2020-12-23T19:04:07.659Z","age":3},"phone":"013-1858-983","cell":"063-4333-227","id":{"name":"SID","value":"229841467"},"picture":{"large":"https://randomuser.me/api/portraits/men/15.jpg","medium":"https://randomuser.me/api/portraits/med/men/15.jpg","thumbnail":"https://randomuser.me/api/portraits/thumb/men/15.jpg"},"nat":"RS"}],"info":{"seed":"2e017415ae8a9059","results":1,"page":1,"version":"1.4"}} 
 </msg>
<msg time="2024-07-25T13:18:35.111595" level="INFO">/opt/hostedtoolcache/Python/3.12.4/x64/lib/python3.12/site-packages/urllib3/connectionpool.py:1099: InsecureRequestWarning: Unverified HTTPS request is being made to host 'randomuser.me'. Adding certificate verification is strongly advised. See: https://urllib3.readthedocs.io/en/latest/advanced-usage.html#tls-warnings
  warnings.warn(</msg>
<msg time="2024-07-25T13:18:35.111699" level="INFO">${response} = &lt;Response [200]&gt;</msg>
<var>${response}</var>
<arg>consultarAPI</arg>
<arg>/api</arg>
<doc>Sends a GET request on a previously created HTTP Session.</doc>
<status status="PASS" start="2024-07-25T13:18:35.034301" elapsed="0.077444"/>
</kw>
<kw name="Set Variable" owner="BuiltIn">
<msg time="2024-07-25T13:18:35.112611" level="INFO">${json_data} = {'results': [{'gender': 'male', 'name': {'title': 'Mr', 'first': 'Milan', 'last': 'Rodić'}, 'location': {'street': {'number': 6420, 'name': 'Jovana Apostolovića '}, 'city': 'Rača', 'state': 'Kolubara'...</msg>
<var>${json_data}</var>
<arg>${response.json()}</arg>
<doc>Returns the given values which can then be assigned to a variables.</doc>
<status status="PASS" start="2024-07-25T13:18:35.112149" elapsed="0.000493"/>
</kw>
<kw name="Log" owner="BuiltIn">
<msg time="2024-07-25T13:18:35.113110" level="INFO">{'results': [{'gender': 'male', 'name': {'title': 'Mr', 'first': 'Milan', 'last': 'Rodić'}, 'location': {'street': {'number': 6420, 'name': 'Jovana Apostolovića '}, 'city': 'Rača', 'state': 'Kolubara', 'country': 'Serbia', 'postcode': 13245, 'coordinates': {'latitude': '60.2658', 'longitude': '-122.5642'}, 'timezone': {'offset': '-4:00', 'description': 'Atlantic Time (Canada), Caracas, La Paz'}}, 'email': 'milan.rodic@example.com', 'login': {'uuid': '7a4a5a20-ee8e-4b8d-a77c-b4e2052e8dfd', 'username': 'heavysnake755', 'password': 'jean', 'salt': '66I4SHZ6', 'md5': 'e59ae5b336013eb72ac1821ec9378bd2', 'sha1': 'd2430d82f4cac7b35376edb454213009357792d5', 'sha256': '22cbe70288ac927689f6a94d20040309f5043c3f54a9b234f7c0b4a0fe3afa5f'}, 'dob': {'date': '1960-05-31T16:03:47.603Z', 'age': 64}, 'registered': {'date': '2020-12-23T19:04:07.659Z', 'age': 3}, 'phone': '013-1858-983', 'cell': '063-4333-227', 'id': {'name': 'SID', 'value': '229841467'}, 'picture': {'large': 'https://randomuser.me/api/portraits/men/15.jpg', 'medium': 'https://randomuser.me/api/portraits/med/men/15.jpg', 'thumbnail': 'https://randomuser.me/api/portraits/thumb/men/15.jpg'}, 'nat': 'RS'}], 'info': {'seed': '2e017415ae8a9059', 'results': 1, 'page': 1, 'version': '1.4'}}</msg>
<arg>${json_data}</arg>
<doc>Logs the given message with the given level.</doc>
<status status="PASS" start="2024-07-25T13:18:35.112952" elapsed="0.000208"/>
</kw>
<kw name="Should Be String" owner="String">
<arg>${json_data['results'][0]['gender']}</arg>
<doc>Fails if the given ``item`` is not a string.</doc>
<status status="PASS" start="2024-07-25T13:18:35.113455" elapsed="0.000376"/>
</kw>
<kw name="Should Match Regexp" owner="BuiltIn">
<arg>${json_data['results'][0]['email']}</arg>
<arg>^[a-zA-Z0-9._%+-]+@[a-zA-Z0-9.-]+\.[a-zA-Z]{2,}$</arg>
<doc>Fails if ``string`` does not match ``pattern`` as a regular expression.</doc>
<status status="PASS" start="2024-07-25T13:18:35.114058" elapsed="0.000536"/>
</kw>
<kw name="Should Match Regexp" owner="BuiltIn">
<arg>${json_data['results'][0]['dob']['date']}</arg>
<arg>\\d{4}-\\d{2}-\\d{2}T\\d{2}:\\d{2}:\\d{2}\\.\\d{3}Z</arg>
<doc>Fails if ``string`` does not match ``pattern`` as a regular expression.</doc>
<status status="PASS" start="2024-07-25T13:18:35.114828" elapsed="0.000617"/>
</kw>
<kw name="Should Match Regexp" owner="BuiltIn">
<arg>${json_data['results'][0]['registered']['date']}</arg>
<arg>\\d{4}-\\d{2}-\\d{2}T\\d{2}:\\d{2}:\\d{2}\\.\\d{3}Z</arg>
<doc>Fails if ``string`` does not match ``pattern`` as a regular expression.</doc>
<status status="PASS" start="2024-07-25T13:18:35.115639" elapsed="0.000377"/>
</kw>
<kw name="Should Match Regexp" owner="BuiltIn">
<arg>${json_data['results'][0]['picture']['large']}</arg>
<arg>^https?://.*\.(?:png|jpe?g|gif|bmp)$</arg>
<doc>Fails if ``string`` does not match ``pattern`` as a regular expression.</doc>
<status status="PASS" start="2024-07-25T13:18:35.116206" elapsed="0.000469"/>
</kw>
<kw name="Should Match Regexp" owner="BuiltIn">
<arg>${json_data['results'][0]['picture']['medium']}</arg>
<arg>^https?://.*\.(?:png|jpe?g|gif|bmp)$</arg>
<doc>Fails if ``string`` does not match ``pattern`` as a regular expression.</doc>
<status status="PASS" start="2024-07-25T13:18:35.116865" elapsed="0.000359"/>
</kw>
<kw name="Should Match Regexp" owner="BuiltIn">
<arg>${json_data['results'][0]['picture']['thumbnail']}</arg>
<arg>^https?://.*\.(?:png|jpe?g|gif|bmp)$</arg>
<doc>Fails if ``string`` does not match ``pattern`` as a regular expression.</doc>
<status status="PASS" start="2024-07-25T13:18:35.117409" elapsed="0.000354"/>
</kw>
<kw name="Log" owner="BuiltIn">
<msg time="2024-07-25T13:18:35.118307" level="INFO">{'large': 'https://randomuser.me/api/portraits/men/15.jpg', 'medium': 'https://randomuser.me/api/portraits/med/men/15.jpg', 'thumbnail': 'https://randomuser.me/api/portraits/thumb/men/15.jpg'}</msg>
<arg>${json_data['results'][0]['picture']}</arg>
<doc>Logs the given message with the given level.</doc>
<status status="PASS" start="2024-07-25T13:18:35.117967" elapsed="0.000382"/>
</kw>
<status status="PASS" start="2024-07-25T13:18:35.034069" elapsed="0.084546"/>
</kw>
<kw name="Teste de Tipos de Dados - Postcode" owner="random-user-service">
<kw name="GET On Session" owner="RequestsLibrary">
<msg time="2024-07-25T13:18:35.239375" level="INFO">GET Request : url=https://randomuser.me/api 
 path_url=/api 
 headers={'User-Agent': 'python-requests/2.32.3', 'Accept-Encoding': 'gzip, deflate', 'Accept': '*/*', 'Connection': 'keep-alive'} 
 body=None 
 </msg>
<msg time="2024-07-25T13:18:35.239484" level="INFO">GET Response : url=https://randomuser.me/api 
 status=200, reason=OK 
 headers={'Date': 'Thu, 25 Jul 2024 13:18:35 GMT', 'Content-Type': 'application/json; charset=utf-8', 'Transfer-Encoding': 'chunked', 'Connection': 'keep-alive', 'X-Powered-By': 'Express', 'Access-Control-Allow-Origin': '*', 'Cache-Control': 'no-cache', 'ETag': 'W/"48a-soIcVzjiQ5Ggir9E3AO642rMB4E"', 'Vary': 'Accept-Encoding', 'Content-Encoding': 'gzip', 'CF-Cache-Status': 'DYNAMIC', 'Report-To': '{"endpoints":[{"url":"https:\\/\\/a.nel.cloudflare.com\\/report\\/v4?s=hwRreNd1WmGANdlfq1FaSQrnRbMzWkTIfWztqQsFEysXilZxobOFQU7oT5qKMckGWxtfzmx7MJtSLWYUGhVJjkYw0V15s2gWxxWVItojGzDNV0RObvcBImHj1sIDCS2%2B"}],"group":"cf-nel","max_age":604800}', 'NEL': '{"success_fraction":0,"report_to":"cf-nel","max_age":604800}', 'Server': 'cloudflare', 'CF-RAY': '8a8c6fcd89ed1730-IAD', 'alt-svc': 'h3=":443"; ma=86400'} 
 body={"results":[{"gender":"female","name":{"title":"Ms","first":"Nalan","last":"Tazegül"},"location":{"street":{"number":6162,"name":"Şehitler Cd"},"city":"Manisa","state":"Nevşehir","country":"Turkey","postcode":52928,"coordinates":{"latitude":"67.7064","longitude":"8.9065"},"timezone":{"offset":"+8:00","description":"Beijing, Perth, Singapore, Hong Kong"}},"email":"nalan.tazegul@example.com","login":{"uuid":"bced9589-763e-4671-9daf-dfef786217ca","username":"yellowsnake974","password":"pantera","salt":"xo3zBfvY","md5":"bfbee0b60c94d17f0fa2a48d856d086a","sha1":"4449a8840f8e533f76ab7af2ff4a0adf42867b91","sha256":"0f64f6aaf0ad4d7cf4b36b18b109421a229f37369e46b200137b30c5cfda2710"},"dob":{"date":"1996-10-05T10:36:11.280Z","age":27},"registered":{"date":"2021-03-27T06:33:38.775Z","age":3},"phone":"(531)-047-6734","cell":"(431)-244-8784","id":{"name":"","value":null},"picture":{"large":"https://randomuser.me/api/portraits/women/48.jpg","medium":"https://randomuser.me/api/portraits/med/women/48.jpg","thumbnail":"https://randomuser.me/api/portraits/thumb/women/48.jpg"},"nat":"TR"}],"info":{"seed":"130d07a1f0e03d08","results":1,"page":1,"version":"1.4"}} 
 </msg>
<msg time="2024-07-25T13:18:35.239553" level="INFO">/opt/hostedtoolcache/Python/3.12.4/x64/lib/python3.12/site-packages/urllib3/connectionpool.py:1099: InsecureRequestWarning: Unverified HTTPS request is being made to host 'randomuser.me'. Adding certificate verification is strongly advised. See: https://urllib3.readthedocs.io/en/latest/advanced-usage.html#tls-warnings
  warnings.warn(</msg>
<msg time="2024-07-25T13:18:35.239654" level="INFO">${response} = &lt;Response [200]&gt;</msg>
<var>${response}</var>
<arg>consultarAPI</arg>
<arg>/api</arg>
<doc>Sends a GET request on a previously created HTTP Session.</doc>
<status status="PASS" start="2024-07-25T13:18:35.119057" elapsed="0.120633"/>
</kw>
<kw name="Set Variable" owner="BuiltIn">
<msg time="2024-07-25T13:18:35.240846" level="INFO">${json_data} = {'results': [{'gender': 'female', 'name': {'title': 'Ms', 'first': 'Nalan', 'last': 'Tazegül'}, 'location': {'street': {'number': 6162, 'name': 'Şehitler Cd'}, 'city': 'Manisa', 'state': 'Nevşehir', '...</msg>
<var>${json_data}</var>
<arg>${response.json()}</arg>
<doc>Returns the given values which can then be assigned to a variables.</doc>
<status status="PASS" start="2024-07-25T13:18:35.240234" elapsed="0.000643"/>
</kw>
<kw name="Log" owner="BuiltIn">
<msg time="2024-07-25T13:18:35.241357" level="INFO">{'results': [{'gender': 'female', 'name': {'title': 'Ms', 'first': 'Nalan', 'last': 'Tazegül'}, 'location': {'street': {'number': 6162, 'name': 'Şehitler Cd'}, 'city': 'Manisa', 'state': 'Nevşehir', 'country': 'Turkey', 'postcode': 52928, 'coordinates': {'latitude': '67.7064', 'longitude': '8.9065'}, 'timezone': {'offset': '+8:00', 'description': 'Beijing, Perth, Singapore, Hong Kong'}}, 'email': 'nalan.tazegul@example.com', 'login': {'uuid': 'bced9589-763e-4671-9daf-dfef786217ca', 'username': 'yellowsnake974', 'password': 'pantera', 'salt': 'xo3zBfvY', 'md5': 'bfbee0b60c94d17f0fa2a48d856d086a', 'sha1': '4449a8840f8e533f76ab7af2ff4a0adf42867b91', 'sha256': '0f64f6aaf0ad4d7cf4b36b18b109421a229f37369e46b200137b30c5cfda2710'}, 'dob': {'date': '1996-10-05T10:36:11.280Z', 'age': 27}, 'registered': {'date': '2021-03-27T06:33:38.775Z', 'age': 3}, 'phone': '(531)-047-6734', 'cell': '(431)-244-8784', 'id': {'name': '', 'value': None}, 'picture': {'large': 'https://randomuser.me/api/portraits/women/48.jpg', 'medium': 'https://randomuser.me/api/portraits/med/women/48.jpg', 'thumbnail': 'https://randomuser.me/api/portraits/thumb/women/48.jpg'}, 'nat': 'TR'}], 'info': {'seed': '130d07a1f0e03d08', 'results': 1, 'page': 1, 'version': '1.4'}}</msg>
<arg>${json_data}</arg>
<doc>Logs the given message with the given level.</doc>
<status status="PASS" start="2024-07-25T13:18:35.241195" elapsed="0.000211"/>
</kw>
<kw name="Should Be Equal As Numbers" owner="BuiltIn">
<arg>${json_data['results'][0]['location']['postcode']}</arg>
<arg>${json_data['results'][0]['location']['postcode']}</arg>
<doc>Fails if objects are unequal after converting them to real numbers.</doc>
<status status="PASS" start="2024-07-25T13:18:35.241710" elapsed="0.000662"/>
</kw>
<kw name="Log" owner="BuiltIn">
<msg time="2024-07-25T13:18:35.243189" level="INFO">52928</msg>
<arg>${json_data['results'][0]['location']['postcode']}</arg>
<doc>Logs the given message with the given level.</doc>
<status status="PASS" start="2024-07-25T13:18:35.242699" elapsed="0.000554"/>
</kw>
<status status="PASS" start="2024-07-25T13:18:35.118830" elapsed="0.124720"/>
</kw>
<doc>Testa se os tipos de dados na resposta da API estão corretos.</doc>
<tag>testeTiposDados</tag>
<status status="PASS" start="2024-07-25T13:18:35.033612" elapsed="0.210107"/>
</test>
<test id="s1-s1-t5" name="Validar conteudo" line="35">
<kw name="Teste de Tipos de Conteudo" owner="random-user-service">
<kw name="GET On Session" owner="RequestsLibrary">
<msg time="2024-07-25T13:18:35.319667" level="INFO">GET Request : url=https://randomuser.me/api 
 path_url=/api 
 headers={'User-Agent': 'python-requests/2.32.3', 'Accept-Encoding': 'gzip, deflate', 'Accept': '*/*', 'Connection': 'keep-alive'} 
 body=None 
 </msg>
<msg time="2024-07-25T13:18:35.319749" level="INFO">GET Response : url=https://randomuser.me/api 
 status=200, reason=OK 
 headers={'Date': 'Thu, 25 Jul 2024 13:18:35 GMT', 'Content-Type': 'application/json; charset=utf-8', 'Transfer-Encoding': 'chunked', 'Connection': 'keep-alive', 'X-Powered-By': 'Express', 'Access-Control-Allow-Origin': '*', 'Cache-Control': 'no-cache', 'ETag': 'W/"4a9-a548OThACbvQajKYeBRWxdP9TO0"', 'Vary': 'Accept-Encoding', 'Content-Encoding': 'gzip', 'CF-Cache-Status': 'DYNAMIC', 'Report-To': '{"endpoints":[{"url":"https:\\/\\/a.nel.cloudflare.com\\/report\\/v4?s=2Opyn0eI9yG%2B7SjxxChOItyW5jqA3Yan%2FeBWe1XarMu9IZ%2FKzoua%2BbjmQB7BTyfgYfowxgN5BQDxFN8AvZjtJhMlmB3TqcClWKG%2Bgu2aWBEF9zjDBzFic%2FEszCLDIWpP"}],"group":"cf-nel","max_age":604800}', 'NEL': '{"success_fraction":0,"report_to":"cf-nel","max_age":604800}', 'Server': 'cloudflare', 'CF-RAY': '8a8c6fce4ab31730-IAD', 'alt-svc': 'h3=":443"; ma=86400'} 
 body={"results":[{"gender":"male","name":{"title":"Mr","first":"Jonathan","last":"Mascareñas"},"location":{"street":{"number":7963,"name":"Avenida Baja California Sur"},"city":"Tanlajas","state":"Aguascalientes","country":"Mexico","postcode":66269,"coordinates":{"latitude":"29.0152","longitude":"-85.1972"},"timezone":{"offset":"+6:00","description":"Almaty, Dhaka, Colombo"}},"email":"jonathan.mascarenas@example.com","login":{"uuid":"88cc1d0a-e1c5-446e-8ca8-b0975e794ba1","username":"purpleleopard771","password":"sailor","salt":"4fWwtx4c","md5":"7cc1201c2762300a855d7b934fdaf719","sha1":"47e47808da341f1bb583632ac06d1f4792b8b2d1","sha256":"c9f46a79fa7145b83f7874dfdb54dd89e5a70ee11acf39d7effe6633edf74dd6"},"dob":{"date":"1945-09-03T04:09:07.593Z","age":78},"registered":{"date":"2014-10-20T13:16:15.779Z","age":9},"phone":"(638) 452 7609","cell":"(671) 265 9841","id":{"name":"NSS","value":"27 46 92 9167 7"},"picture":{"large":"https://randomuser.me/api/portraits/men/47.jpg","medium":"https://randomuser.me/api/portraits/med/men/47.jpg","thumbnail":"https://randomuser.me/api/portraits/thumb/men/47.jpg"},"nat":"MX"}],"info":{"seed":"6bc0dc339c0f32d3","results":1,"page":1,"version":"1.4"}} 
 </msg>
<msg time="2024-07-25T13:18:35.319820" level="INFO">/opt/hostedtoolcache/Python/3.12.4/x64/lib/python3.12/site-packages/urllib3/connectionpool.py:1099: InsecureRequestWarning: Unverified HTTPS request is being made to host 'randomuser.me'. Adding certificate verification is strongly advised. See: https://urllib3.readthedocs.io/en/latest/advanced-usage.html#tls-warnings
  warnings.warn(</msg>
<msg time="2024-07-25T13:18:35.319926" level="INFO">${response} = &lt;Response [200]&gt;</msg>
<var>${response}</var>
<arg>consultarAPI</arg>
<arg>/api</arg>
<doc>Sends a GET request on a previously created HTTP Session.</doc>
<status status="PASS" start="2024-07-25T13:18:35.246526" elapsed="0.073440"/>
</kw>
<kw name="Set Variable" owner="BuiltIn">
<msg time="2024-07-25T13:18:35.320879" level="INFO">${json_data} = {'results': [{'gender': 'male', 'name': {'title': 'Mr', 'first': 'Jonathan', 'last': 'Mascareñas'}, 'location': {'street': {'number': 7963, 'name': 'Avenida Baja California Sur'}, 'city': 'Tanlajas', ...</msg>
<var>${json_data}</var>
<arg>${response.json()}</arg>
<doc>Returns the given values which can then be assigned to a variables.</doc>
<status status="PASS" start="2024-07-25T13:18:35.320412" elapsed="0.000497"/>
</kw>
<kw name="Set Variable" owner="BuiltIn">
<msg time="2024-07-25T13:18:35.321613" level="INFO">${name_title} = Mr</msg>
<var>${name_title}</var>
<arg>${json_data["results"][0]["name"]["title"]}</arg>
<doc>Returns the given values which can then be assigned to a variables.</doc>
<status status="PASS" start="2024-07-25T13:18:35.321224" elapsed="0.000415"/>
</kw>
<kw name="Create List" owner="BuiltIn">
<msg time="2024-07-25T13:18:35.322140" level="INFO">${allowed_titles} = ['Mr', 'Ms', 'Miss', 'Mrs', 'Madame', 'Monsieur']</msg>
<var>${allowed_titles}</var>
<arg>Mr</arg>
<arg>Ms</arg>
<arg>Miss</arg>
<arg>Mrs</arg>
<arg>Madame</arg>
<arg>Monsieur</arg>
<doc>Returns a list containing given items.</doc>
<status status="PASS" start="2024-07-25T13:18:35.321975" elapsed="0.000190"/>
</kw>
<kw name="List Should Contain Value" owner="Collections">
<arg>${allowed_titles}</arg>
<arg>${name_title}</arg>
<doc>Fails if the ``value`` is not found from ``list``.</doc>
<status status="PASS" start="2024-07-25T13:18:35.322485" elapsed="0.000189"/>
</kw>
<kw name="Set Variable" owner="BuiltIn">
<msg time="2024-07-25T13:18:35.323242" level="INFO">${name_country} = MX</msg>
<var>${name_country}</var>
<arg>${json_data["results"][0]["nat"]}</arg>
<doc>Returns the given values which can then be assigned to a variables.</doc>
<status status="PASS" start="2024-07-25T13:18:35.322862" elapsed="0.000406"/>
</kw>
<kw name="Create List" owner="BuiltIn">
<msg time="2024-07-25T13:18:35.324159" level="INFO">${list_country} = ['AD', 'AE', 'AF', 'AG', 'AI', 'AL', 'AM', 'AO', 'AQ', 'AR', 'AS', 'AT', 'AU', 'AW', 'AX', 'AZ', 'BA', 'BB', 'BD', 'BE', 'BF', 'BG', 'BH', 'BI', 'BJ', 'BL', 'BM', 'BN', 'BO', 'BQ', 'BR', 'BS', 'BT', '...</msg>
<var>${list_country}</var>
<arg>AD</arg>
<arg>AE</arg>
<arg>AF</arg>
<arg>AG</arg>
<arg>AI</arg>
<arg>AL</arg>
<arg>AM</arg>
<arg>AO</arg>
<arg>AQ</arg>
<arg>AR</arg>
<arg>AS</arg>
<arg>AT</arg>
<arg>AU</arg>
<arg>AW</arg>
<arg>AX</arg>
<arg>AZ</arg>
<arg>BA</arg>
<arg>BB</arg>
<arg>BD</arg>
<arg>BE</arg>
<arg>BF</arg>
<arg>BG</arg>
<arg>BH</arg>
<arg>BI</arg>
<arg>BJ</arg>
<arg>BL</arg>
<arg>BM</arg>
<arg>BN</arg>
<arg>BO</arg>
<arg>BQ</arg>
<arg>BR</arg>
<arg>BS</arg>
<arg>BT</arg>
<arg>BV</arg>
<arg>BW</arg>
<arg>BY</arg>
<arg>BZ</arg>
<arg>CA</arg>
<arg>CC</arg>
<arg>CD</arg>
<arg>CF</arg>
<arg>CG</arg>
<arg>CH</arg>
<arg>CI</arg>
<arg>CK</arg>
<arg>CL</arg>
<arg>CM</arg>
<arg>CN</arg>
<arg>CO</arg>
<arg>CR</arg>
<arg>CU</arg>
<arg>CV</arg>
<arg>CW</arg>
<arg>CX</arg>
<arg>CY</arg>
<arg>CZ</arg>
<arg>DE</arg>
<arg>DJ</arg>
<arg>DK</arg>
<arg>DM</arg>
<arg>DO</arg>
<arg>DZ</arg>
<arg>EC</arg>
<arg>EE</arg>
<arg>EG</arg>
<arg>EH</arg>
<arg>ER</arg>
<arg>ES</arg>
<arg>ET</arg>
<arg>FI</arg>
<arg>FJ</arg>
<arg>FK</arg>
<arg>FM</arg>
<arg>FO</arg>
<arg>FR</arg>
<arg>GA</arg>
<arg>GB</arg>
<arg>GD</arg>
<arg>GE</arg>
<arg>GF</arg>
<arg>GG</arg>
<arg>GH</arg>
<arg>GI</arg>
<arg>GL</arg>
<arg>GM</arg>
<arg>GN</arg>
<arg>GP</arg>
<arg>GQ</arg>
<arg>GR</arg>
<arg>GS</arg>
<arg>GT</arg>
<arg>GU</arg>
<arg>GW</arg>
<arg>GY</arg>
<arg>HK</arg>
<arg>HM</arg>
<arg>HN</arg>
<arg>HR</arg>
<arg>HT</arg>
<arg>HU</arg>
<arg>ID</arg>
<arg>IE</arg>
<arg>IL</arg>
<arg>IM</arg>
<arg>IN</arg>
<arg>IO</arg>
<arg>IQ</arg>
<arg>IR</arg>
<arg>IS</arg>
<arg>IT</arg>
<arg>JE</arg>
<arg>JM</arg>
<arg>JO</arg>
<arg>JP</arg>
<arg>KE</arg>
<arg>KG</arg>
<arg>KH</arg>
<arg>KI</arg>
<arg>KM</arg>
<arg>KN</arg>
<arg>KP</arg>
<arg>KR</arg>
<arg>KW</arg>
<arg>KY</arg>
<arg>KZ</arg>
<arg>LA</arg>
<arg>LB</arg>
<arg>LC</arg>
<arg>LI</arg>
<arg>LK</arg>
<arg>LR</arg>
<arg>LS</arg>
<arg>LT</arg>
<arg>LU</arg>
<arg>LV</arg>
<arg>LY</arg>
<arg>MA</arg>
<arg>MC</arg>
<arg>MD</arg>
<arg>ME</arg>
<arg>MF</arg>
<arg>MG</arg>
<arg>MH</arg>
<arg>MK</arg>
<arg>ML</arg>
<arg>MM</arg>
<arg>MN</arg>
<arg>MO</arg>
<arg>MP</arg>
<arg>MQ</arg>
<arg>MR</arg>
<arg>MS</arg>
<arg>MT</arg>
<arg>MU</arg>
<arg>MV</arg>
<arg>MW</arg>
<arg>MX</arg>
<arg>MY</arg>
<arg>MZ</arg>
<arg>NA</arg>
<arg>NC</arg>
<arg>NE</arg>
<arg>NF</arg>
<arg>NG</arg>
<arg>NI</arg>
<arg>NL</arg>
<arg>NO</arg>
<arg>NP</arg>
<arg>NR</arg>
<arg>NU</arg>
<arg>NZ</arg>
<arg>OM</arg>
<arg>PA</arg>
<arg>PE</arg>
<arg>PF</arg>
<arg>PG</arg>
<arg>PH</arg>
<arg>PK</arg>
<arg>PL</arg>
<arg>PM</arg>
<arg>PN</arg>
<arg>PR</arg>
<arg>PS</arg>
<arg>PT</arg>
<arg>PW</arg>
<arg>PY</arg>
<arg>QA</arg>
<arg>RE</arg>
<arg>RO</arg>
<arg>RS</arg>
<arg>RU</arg>
<arg>RW</arg>
<arg>SA</arg>
<arg>SB</arg>
<arg>SC</arg>
<arg>SD</arg>
<arg>SE</arg>
<arg>SG</arg>
<arg>SH</arg>
<arg>SI</arg>
<arg>SJ</arg>
<arg>SK</arg>
<arg>SL</arg>
<arg>SM</arg>
<arg>SN</arg>
<arg>SO</arg>
<arg>SR</arg>
<arg>SS</arg>
<arg>ST</arg>
<arg>SV</arg>
<arg>SX</arg>
<arg>SY</arg>
<arg>SZ</arg>
<arg>TC</arg>
<arg>TD</arg>
<arg>TF</arg>
<arg>TG</arg>
<arg>TH</arg>
<arg>TJ</arg>
<arg>TK</arg>
<arg>TL</arg>
<arg>TM</arg>
<arg>TN</arg>
<arg>TO</arg>
<arg>TR</arg>
<arg>TT</arg>
<arg>TV</arg>
<arg>TW</arg>
<arg>TZ</arg>
<arg>UA</arg>
<arg>UG</arg>
<arg>UM</arg>
<arg>US</arg>
<arg>UY</arg>
<arg>UZ</arg>
<arg>VA</arg>
<arg>VC</arg>
<arg>VE</arg>
<arg>VG</arg>
<arg>VI</arg>
<arg>VN</arg>
<arg>VU</arg>
<arg>WF</arg>
<arg>WS</arg>
<arg>XK</arg>
<arg>YE</arg>
<arg>YT</arg>
<arg>ZA</arg>
<arg>ZM</arg>
<arg>ZW</arg>
<doc>Returns a list containing given items.</doc>
<status status="PASS" start="2024-07-25T13:18:35.323561" elapsed="0.000624"/>
</kw>
<kw name="List Should Contain Value" owner="Collections">
<arg>${list_country}</arg>
<arg>${name_country}</arg>
<doc>Fails if the ``value`` is not found from ``list``.</doc>
<status status="PASS" start="2024-07-25T13:18:35.325136" elapsed="0.000214"/>
</kw>
<kw name="Run Keyword If" owner="BuiltIn">
<kw name="Should Be True" owner="BuiltIn">
<arg>${True}</arg>
<doc>Fails if the given condition is not true.</doc>
<status status="PASS" start="2024-07-25T13:18:35.326344" elapsed="0.000145"/>
</kw>
<arg>${json_data["results"][0]["location"]["coordinates"]["latitude"]} &gt;= -90 and ${json_data["results"][0]["location"]["coordinates"]["latitude"]} &lt;= 90</arg>
<arg>Should Be True</arg>
<arg>${True}</arg>
<doc>Runs the given keyword with the given arguments, if ``condition`` is true.</doc>
<status status="PASS" start="2024-07-25T13:18:35.325549" elapsed="0.001067"/>
</kw>
<kw name="Run Keyword If" owner="BuiltIn">
<kw name="Should Be True" owner="BuiltIn">
<arg>${True}</arg>
<doc>Fails if the given condition is not true.</doc>
<status status="PASS" start="2024-07-25T13:18:35.327498" elapsed="0.000137"/>
</kw>
<arg>${json_data["results"][0]["location"]["coordinates"]["longitude"]} &gt;= -180 and ${json_data["results"][0]["location"]["coordinates"]["longitude"]} &lt;= 180</arg>
<arg>Should Be True</arg>
<arg>${True}</arg>
<doc>Runs the given keyword with the given arguments, if ``condition`` is true.</doc>
<status status="PASS" start="2024-07-25T13:18:35.326799" elapsed="0.000958"/>
</kw>
<status status="PASS" start="2024-07-25T13:18:35.246154" elapsed="0.081733"/>
</kw>
<doc>Testa o conteúdo específico dos campos retornados pela API.</doc>
<tag>testeConteudo</tag>
<status status="PASS" start="2024-07-25T13:18:35.245491" elapsed="0.082541"/>
</test>
<status status="PASS" start="2024-07-25T13:18:34.492868" elapsed="0.837164"/>
</suite>
<status status="PASS" start="2024-07-25T13:18:34.477864" elapsed="0.857255"/>
</suite>
<statistics>
<total>
<stat pass="5" fail="0" skip="0">All Tests</stat>
</total>
<tag>
<stat pass="1" fail="0" skip="0">testeConteudo</stat>
<stat pass="1" fail="0" skip="0">testeEstruturaResposta</stat>
<stat pass="1" fail="0" skip="0">testeRequisicaoBasica</stat>
<stat pass="1" fail="0" skip="0">testeTiposDados</stat>
</tag>
<suite>
<stat pass="5" fail="0" skip="0" id="s1" name="Tests">Tests</stat>
<stat pass="5" fail="0" skip="0" id="s1-s1" name="Random-User-Test">Tests.Random-User-Test</stat>
</suite>
</statistics>
<errors>
</errors>
</robot>
