<?xml version="1.0" encoding="UTF-8"?>
<robot generator="Robot 7.0 (Python 3.12.3 on linux)" generated="2024-04-18T22:13:00.116072" rpa="false" schemaversion="5">
<suite id="s1" name="Tests" source="/home/runner/work/DesafioQAItauRogerioJordao/DesafioQAItauRogerioJordao/RamdonUser/tests">
<suite id="s1-s1" name="Random-User-Test" source="/home/runner/work/DesafioQAItauRogerioJordao/DesafioQAItauRogerioJordao/RamdonUser/tests/random-user-test.robot">
<test id="s1-s1-t1" name="Conectar" line="13">
<kw name="Conectar API" owner="random-user-service">
<kw name="Create Session" owner="RequestsLibrary">
<msg time="2024-04-18T22:13:00.489225" level="INFO">Creating Session using : alias=consultarAPI, url=https://randomuser.me/, headers={},                     cookies={}, auth=None, timeout=None, proxies=None, verify=False,                     debug=0 </msg>
<arg>consultarAPI</arg>
<arg>${URL}</arg>
<doc>Create Session: create a HTTP session to a server</doc>
<status status="PASS" start="2024-04-18T22:13:00.488983" elapsed="0.000443"/>
</kw>
<status status="PASS" start="2024-04-18T22:13:00.487966" elapsed="0.001846"/>
</kw>
<status status="PASS" start="2024-04-18T22:13:00.487368" elapsed="0.002655"/>
</test>
<test id="s1-s1-t2" name="Validar retorno 200 e JSON Válido" line="16">
<kw name="Teste de Requisicao Basica" owner="random-user-service">
<kw name="GET On Session" owner="RequestsLibrary">
<msg time="2024-04-18T22:13:00.644861" level="INFO">GET Request : url=https://randomuser.me/api 
 path_url=/api 
 headers={'User-Agent': 'python-requests/2.31.0', 'Accept-Encoding': 'gzip, deflate', 'Accept': '*/*', 'Connection': 'keep-alive'} 
 body=None 
 </msg>
<msg time="2024-04-18T22:13:00.645012" level="INFO">GET Response : url=https://randomuser.me/api 
 status=200, reason=OK 
 headers={'Date': 'Thu, 18 Apr 2024 22:13:00 GMT', 'Content-Type': 'application/json; charset=utf-8', 'Transfer-Encoding': 'chunked', 'Connection': 'keep-alive', 'X-Powered-By': 'Express', 'Access-Control-Allow-Origin': '*', 'Cache-Control': 'no-cache', 'ETag': 'W/"48f-T3qGrtb1XSVtuRgZNnwJmQBsmoE"', 'Vary': 'Accept-Encoding', 'Content-Encoding': 'gzip', 'CF-Cache-Status': 'DYNAMIC', 'Report-To': '{"endpoints":[{"url":"https:\\/\\/a.nel.cloudflare.com\\/report\\/v4?s=3c2sFn4afSmo72yl%2F34avQ9IHUw9TgnPSSt5paPfdIvzr%2FfLC%2BWpw%2FGcIH4Dn0pa3E7Q9cSaan%2BWZk20J0JgGBirwOfm0xwuU9RI5RLtPQjKN8YP8gTEhvvTV3ZXxI7O"}],"group":"cf-nel","max_age":604800}', 'NEL': '{"success_fraction":0,"report_to":"cf-nel","max_age":604800}', 'Server': 'cloudflare', 'CF-RAY': '8767ffe67ccd5257-LAX', 'alt-svc': 'h3=":443"; ma=86400'} 
 body={"results":[{"gender":"female","name":{"title":"Mrs","first":"Ana Luisa","last":"Carbajal"},"location":{"street":{"number":2298,"name":"Peatonal Jalisco"},"city":"Cumuatillo","state":"Jalisco","country":"Mexico","postcode":61165,"coordinates":{"latitude":"23.4682","longitude":"47.6844"},"timezone":{"offset":"+5:45","description":"Kathmandu"}},"email":"analuisa.carbajal@example.com","login":{"uuid":"129c3b37-9c04-40ad-b76b-c7d177747955","username":"sadrabbit526","password":"heather1","salt":"WaraQZnB","md5":"f5424cda9447c106aeb86862ecbf565b","sha1":"0e31fa503010e51b9658929d4759a7c898179c12","sha256":"6e1bb3a1a6617ba0d5e8fb188332021e591fbf85dd2b8e9f30bb22b71e445253"},"dob":{"date":"1992-03-26T05:44:15.407Z","age":32},"registered":{"date":"2004-01-14T15:18:55.924Z","age":20},"phone":"(644) 245 3322","cell":"(623) 871 5037","id":{"name":"NSS","value":"31 94 64 8904 9"},"picture":{"large":"https://randomuser.me/api/portraits/women/48.jpg","medium":"https://randomuser.me/api/portraits/med/women/48.jpg","thumbnail":"https://randomuser.me/api/portraits/thumb/women/48.jpg"},"nat":"MX"}],"info":{"seed":"3d0c09bc58219737","results":1,"page":1,"version":"1.4"}} 
 </msg>
<msg time="2024-04-18T22:13:00.645127" level="INFO">/opt/hostedtoolcache/Python/3.12.3/x64/lib/python3.12/site-packages/urllib3/connectionpool.py:1103: InsecureRequestWarning: Unverified HTTPS request is being made to host 'randomuser.me'. Adding certificate verification is strongly advised. See: https://urllib3.readthedocs.io/en/latest/advanced-usage.html#tls-warnings
  warnings.warn(</msg>
<msg time="2024-04-18T22:13:00.645344" level="INFO">${response} = &lt;Response [200]&gt;</msg>
<var>${response}</var>
<arg>consultarAPI</arg>
<arg>/api</arg>
<doc>Sends a GET request on a previously created HTTP Session.</doc>
<status status="PASS" start="2024-04-18T22:13:00.492825" elapsed="0.152572"/>
</kw>
<kw name="Should Be Equal As Numbers" owner="BuiltIn">
<msg time="2024-04-18T22:13:00.646688" level="INFO">Argument types are:
&lt;class 'int'&gt;
&lt;class 'str'&gt;</msg>
<arg>${response.status_code}</arg>
<arg>200</arg>
<doc>Fails if objects are unequal after converting them to real numbers.</doc>
<status status="PASS" start="2024-04-18T22:13:00.646075" elapsed="0.000698"/>
</kw>
<kw name="Log" owner="BuiltIn">
<msg time="2024-04-18T22:13:00.647694" level="INFO">200</msg>
<arg>${response.status_code}</arg>
<doc>Logs the given message with the given level.</doc>
<status status="PASS" start="2024-04-18T22:13:00.647250" elapsed="0.000490"/>
</kw>
<kw name="Set Variable" owner="BuiltIn">
<msg time="2024-04-18T22:13:00.648501" level="INFO">${json_data} = {'results': [{'gender': 'female', 'name': {'title': 'Mrs', 'first': 'Ana Luisa', 'last': 'Carbajal'}, 'location': {'street': {'number': 2298, 'name': 'Peatonal Jalisco'}, 'city': 'Cumuatillo', 'state'...</msg>
<var>${json_data}</var>
<arg>${response.json()}</arg>
<doc>Returns the given values which can then be assigned to a variables.</doc>
<status status="PASS" start="2024-04-18T22:13:00.648060" elapsed="0.000468"/>
</kw>
<kw name="Dictionary Should Contain Key" owner="Collections">
<msg time="2024-04-18T22:13:00.648997" level="INFO">False</msg>
<arg>${json_data}</arg>
<arg>results</arg>
<doc>Fails if ``key`` is not found from ``dictionary``.</doc>
<status status="PASS" start="2024-04-18T22:13:00.648826" elapsed="0.000211"/>
</kw>
<status status="PASS" start="2024-04-18T22:13:00.492551" elapsed="0.156788"/>
</kw>
<doc>Testa se a API responde corretamente e retorna um objeto JSON válido.</doc>
<tag>testeRequisicaoBasica</tag>
<status status="PASS" start="2024-04-18T22:13:00.491973" elapsed="0.157550"/>
</test>
<test id="s1-s1-t3" name="Validar estrutura de resposta" line="22">
<kw name="Teste de Estrutura de Resposta" owner="random-user-service">
<kw name="GET On Session" owner="RequestsLibrary">
<msg time="2024-04-18T22:13:00.747146" level="INFO">GET Request : url=https://randomuser.me/api 
 path_url=/api 
 headers={'User-Agent': 'python-requests/2.31.0', 'Accept-Encoding': 'gzip, deflate', 'Accept': '*/*', 'Connection': 'keep-alive'} 
 body=None 
 </msg>
<msg time="2024-04-18T22:13:00.747259" level="INFO">GET Response : url=https://randomuser.me/api 
 status=200, reason=OK 
 headers={'Date': 'Thu, 18 Apr 2024 22:13:00 GMT', 'Content-Type': 'application/json; charset=utf-8', 'Transfer-Encoding': 'chunked', 'Connection': 'keep-alive', 'X-Powered-By': 'Express', 'Access-Control-Allow-Origin': '*', 'Cache-Control': 'no-cache', 'ETag': 'W/"4a8-pOppPjPGLWgtOsFC3/kIHLe/3i0"', 'Vary': 'Accept-Encoding', 'Content-Encoding': 'gzip', 'CF-Cache-Status': 'DYNAMIC', 'Report-To': '{"endpoints":[{"url":"https:\\/\\/a.nel.cloudflare.com\\/report\\/v4?s=sU7O3uIIy6uX2yf2CNQU8oAlJ0yDRrGsb7MK1VqlUKvGTMUMgZ%2FfgKaDTbGst5maHPwtlKyUW652wiTaa5ao97OrIlhPoasdRq9b3o2jzhqVB4u77IEvITyaC52mQV7D"}],"group":"cf-nel","max_age":604800}', 'NEL': '{"success_fraction":0,"report_to":"cf-nel","max_age":604800}', 'Server': 'cloudflare', 'CF-RAY': '8767ffe71d785257-LAX', 'alt-svc': 'h3=":443"; ma=86400'} 
 body={"results":[{"gender":"female","name":{"title":"Mademoiselle","first":"Linda","last":"Hubert"},"location":{"street":{"number":1126,"name":"Place de L'Église"},"city":"Lohnstorf","state":"Thurgau","country":"Switzerland","postcode":5954,"coordinates":{"latitude":"-56.0198","longitude":"80.7812"},"timezone":{"offset":"+4:00","description":"Abu Dhabi, Muscat, Baku, Tbilisi"}},"email":"linda.hubert@example.com","login":{"uuid":"9799138c-96a3-4239-8cb2-2bb5518d66da","username":"blackcat740","password":"presiden","salt":"yQoipLaV","md5":"edab8d9322b8b24651e69c580fc76bba","sha1":"cdcc602e10fd5d8c9f2cc92c5a30482072a93c57","sha256":"58752245472ee9d8d1d31c10d18f539e125b55c586679c8fe35c0b3ff5f1e42e"},"dob":{"date":"1984-07-16T07:24:37.289Z","age":39},"registered":{"date":"2008-08-19T14:13:51.164Z","age":15},"phone":"079 348 63 17","cell":"079 558 36 16","id":{"name":"AVS","value":"756.9043.8264.84"},"picture":{"large":"https://randomuser.me/api/portraits/women/31.jpg","medium":"https://randomuser.me/api/portraits/med/women/31.jpg","thumbnail":"https://randomuser.me/api/portraits/thumb/women/31.jpg"},"nat":"CH"}],"info":{"seed":"2bf4bd88695c9630","results":1,"page":1,"version":"1.4"}} 
 </msg>
<msg time="2024-04-18T22:13:00.747409" level="INFO">/opt/hostedtoolcache/Python/3.12.3/x64/lib/python3.12/site-packages/urllib3/connectionpool.py:1103: InsecureRequestWarning: Unverified HTTPS request is being made to host 'randomuser.me'. Adding certificate verification is strongly advised. See: https://urllib3.readthedocs.io/en/latest/advanced-usage.html#tls-warnings
  warnings.warn(</msg>
<msg time="2024-04-18T22:13:00.747570" level="INFO">${response} = &lt;Response [200]&gt;</msg>
<var>${response}</var>
<arg>consultarAPI</arg>
<arg>/api</arg>
<doc>Sends a GET request on a previously created HTTP Session.</doc>
<status status="PASS" start="2024-04-18T22:13:00.652109" elapsed="0.095509"/>
</kw>
<kw name="Set Variable" owner="BuiltIn">
<msg time="2024-04-18T22:13:00.748811" level="INFO">${json_data} = {'results': [{'gender': 'female', 'name': {'title': 'Mademoiselle', 'first': 'Linda', 'last': 'Hubert'}, 'location': {'street': {'number': 1126, 'name': "Place de L'Église"}, 'city': 'Lohnstorf', 'sta...</msg>
<var>${json_data}</var>
<arg>${response.json()}</arg>
<doc>Returns the given values which can then be assigned to a variables.</doc>
<status status="PASS" start="2024-04-18T22:13:00.748228" elapsed="0.000613"/>
</kw>
<kw name="Log" owner="BuiltIn">
<msg time="2024-04-18T22:13:00.749367" level="INFO">{'results': [{'gender': 'female', 'name': {'title': 'Mademoiselle', 'first': 'Linda', 'last': 'Hubert'}, 'location': {'street': {'number': 1126, 'name': "Place de L'Église"}, 'city': 'Lohnstorf', 'state': 'Thurgau', 'country': 'Switzerland', 'postcode': 5954, 'coordinates': {'latitude': '-56.0198', 'longitude': '80.7812'}, 'timezone': {'offset': '+4:00', 'description': 'Abu Dhabi, Muscat, Baku, Tbilisi'}}, 'email': 'linda.hubert@example.com', 'login': {'uuid': '9799138c-96a3-4239-8cb2-2bb5518d66da', 'username': 'blackcat740', 'password': 'presiden', 'salt': 'yQoipLaV', 'md5': 'edab8d9322b8b24651e69c580fc76bba', 'sha1': 'cdcc602e10fd5d8c9f2cc92c5a30482072a93c57', 'sha256': '58752245472ee9d8d1d31c10d18f539e125b55c586679c8fe35c0b3ff5f1e42e'}, 'dob': {'date': '1984-07-16T07:24:37.289Z', 'age': 39}, 'registered': {'date': '2008-08-19T14:13:51.164Z', 'age': 15}, 'phone': '079 348 63 17', 'cell': '079 558 36 16', 'id': {'name': 'AVS', 'value': '756.9043.8264.84'}, 'picture': {'large': 'https://randomuser.me/api/portraits/women/31.jpg', 'medium': 'https://randomuser.me/api/portraits/med/women/31.jpg', 'thumbnail': 'https://randomuser.me/api/portraits/thumb/women/31.jpg'}, 'nat': 'CH'}], 'info': {'seed': '2bf4bd88695c9630', 'results': 1, 'page': 1, 'version': '1.4'}}</msg>
<arg>${json_data}</arg>
<doc>Logs the given message with the given level.</doc>
<status status="PASS" start="2024-04-18T22:13:00.749198" elapsed="0.000219"/>
</kw>
<kw name="Dictionary Should Contain Key" owner="Collections">
<msg time="2024-04-18T22:13:00.749877" level="INFO">False</msg>
<arg>${json_data}</arg>
<arg>results</arg>
<doc>Fails if ``key`` is not found from ``dictionary``.</doc>
<status status="PASS" start="2024-04-18T22:13:00.749715" elapsed="0.000198"/>
</kw>
<kw name="Should Not Be Empty" owner="BuiltIn">
<msg time="2024-04-18T22:13:00.750340" level="INFO">Length is 2.</msg>
<arg>${json_data}</arg>
<doc>Verifies that the given item is not empty.</doc>
<status status="PASS" start="2024-04-18T22:13:00.750208" elapsed="0.000339"/>
</kw>
<kw name="Create List" owner="BuiltIn">
<msg time="2024-04-18T22:13:00.750991" level="INFO">${expected_keys} = ['gender', 'name', 'location', 'email', 'login']</msg>
<var>${expected_keys}</var>
<arg>gender</arg>
<arg>name</arg>
<arg>location</arg>
<arg>email</arg>
<arg>login</arg>
<doc>Returns a list containing given items.</doc>
<status status="PASS" start="2024-04-18T22:13:00.750844" elapsed="0.000171"/>
</kw>
<for flavor="IN">
<iter>
<kw name="Dictionary Should Contain Key" owner="Collections">
<msg time="2024-04-18T22:13:00.752006" level="INFO">False</msg>
<arg>${json_data['results'][0]}</arg>
<arg>${key}</arg>
<doc>Fails if ``key`` is not found from ``dictionary``.</doc>
<status status="PASS" start="2024-04-18T22:13:00.751602" elapsed="0.000443"/>
</kw>
<kw name="Log" owner="BuiltIn">
<msg time="2024-04-18T22:13:00.752706" level="INFO">{'gender': 'female', 'name': {'title': 'Mademoiselle', 'first': 'Linda', 'last': 'Hubert'}, 'location': {'street': {'number': 1126, 'name': "Place de L'Église"}, 'city': 'Lohnstorf', 'state': 'Thurgau', 'country': 'Switzerland', 'postcode': 5954, 'coordinates': {'latitude': '-56.0198', 'longitude': '80.7812'}, 'timezone': {'offset': '+4:00', 'description': 'Abu Dhabi, Muscat, Baku, Tbilisi'}}, 'email': 'linda.hubert@example.com', 'login': {'uuid': '9799138c-96a3-4239-8cb2-2bb5518d66da', 'username': 'blackcat740', 'password': 'presiden', 'salt': 'yQoipLaV', 'md5': 'edab8d9322b8b24651e69c580fc76bba', 'sha1': 'cdcc602e10fd5d8c9f2cc92c5a30482072a93c57', 'sha256': '58752245472ee9d8d1d31c10d18f539e125b55c586679c8fe35c0b3ff5f1e42e'}, 'dob': {'date': '1984-07-16T07:24:37.289Z', 'age': 39}, 'registered': {'date': '2008-08-19T14:13:51.164Z', 'age': 15}, 'phone': '079 348 63 17', 'cell': '079 558 36 16', 'id': {'name': 'AVS', 'value': '756.9043.8264.84'}, 'picture': {'large': 'https://randomuser.me/api/portraits/women/31.jpg', 'medium': 'https://randomuser.me/api/portraits/med/women/31.jpg', 'thumbnail': 'https://randomuser.me/api/portraits/thumb/women/31.jpg'}, 'nat': 'CH'}</msg>
<arg>${json_data['results'][0]}</arg>
<doc>Logs the given message with the given level.</doc>
<status status="PASS" start="2024-04-18T22:13:00.752340" elapsed="0.000414"/>
</kw>
<kw name="Log" owner="BuiltIn">
<msg time="2024-04-18T22:13:00.753201" level="INFO">gender</msg>
<arg>${key}</arg>
<doc>Logs the given message with the given level.</doc>
<status status="PASS" start="2024-04-18T22:13:00.753045" elapsed="0.000195"/>
</kw>
<var name="${key}">gender</var>
<status status="PASS" start="2024-04-18T22:13:00.751475" elapsed="0.001983"/>
</iter>
<iter>
<kw name="Dictionary Should Contain Key" owner="Collections">
<msg time="2024-04-18T22:13:00.754136" level="INFO">False</msg>
<arg>${json_data['results'][0]}</arg>
<arg>${key}</arg>
<doc>Fails if ``key`` is not found from ``dictionary``.</doc>
<status status="PASS" start="2024-04-18T22:13:00.753756" elapsed="0.000416"/>
</kw>
<kw name="Log" owner="BuiltIn">
<msg time="2024-04-18T22:13:00.754857" level="INFO">{'gender': 'female', 'name': {'title': 'Mademoiselle', 'first': 'Linda', 'last': 'Hubert'}, 'location': {'street': {'number': 1126, 'name': "Place de L'Église"}, 'city': 'Lohnstorf', 'state': 'Thurgau', 'country': 'Switzerland', 'postcode': 5954, 'coordinates': {'latitude': '-56.0198', 'longitude': '80.7812'}, 'timezone': {'offset': '+4:00', 'description': 'Abu Dhabi, Muscat, Baku, Tbilisi'}}, 'email': 'linda.hubert@example.com', 'login': {'uuid': '9799138c-96a3-4239-8cb2-2bb5518d66da', 'username': 'blackcat740', 'password': 'presiden', 'salt': 'yQoipLaV', 'md5': 'edab8d9322b8b24651e69c580fc76bba', 'sha1': 'cdcc602e10fd5d8c9f2cc92c5a30482072a93c57', 'sha256': '58752245472ee9d8d1d31c10d18f539e125b55c586679c8fe35c0b3ff5f1e42e'}, 'dob': {'date': '1984-07-16T07:24:37.289Z', 'age': 39}, 'registered': {'date': '2008-08-19T14:13:51.164Z', 'age': 15}, 'phone': '079 348 63 17', 'cell': '079 558 36 16', 'id': {'name': 'AVS', 'value': '756.9043.8264.84'}, 'picture': {'large': 'https://randomuser.me/api/portraits/women/31.jpg', 'medium': 'https://randomuser.me/api/portraits/med/women/31.jpg', 'thumbnail': 'https://randomuser.me/api/portraits/thumb/women/31.jpg'}, 'nat': 'CH'}</msg>
<arg>${json_data['results'][0]}</arg>
<doc>Logs the given message with the given level.</doc>
<status status="PASS" start="2024-04-18T22:13:00.754491" elapsed="0.000414"/>
</kw>
<kw name="Log" owner="BuiltIn">
<msg time="2024-04-18T22:13:00.755327" level="INFO">name</msg>
<arg>${key}</arg>
<doc>Logs the given message with the given level.</doc>
<status status="PASS" start="2024-04-18T22:13:00.755202" elapsed="0.000161"/>
</kw>
<var name="${key}">name</var>
<status status="PASS" start="2024-04-18T22:13:00.753640" elapsed="0.001937"/>
</iter>
<iter>
<kw name="Dictionary Should Contain Key" owner="Collections">
<msg time="2024-04-18T22:13:00.756260" level="INFO">False</msg>
<arg>${json_data['results'][0]}</arg>
<arg>${key}</arg>
<doc>Fails if ``key`` is not found from ``dictionary``.</doc>
<status status="PASS" start="2024-04-18T22:13:00.755871" elapsed="0.000425"/>
</kw>
<kw name="Log" owner="BuiltIn">
<msg time="2024-04-18T22:13:00.756952" level="INFO">{'gender': 'female', 'name': {'title': 'Mademoiselle', 'first': 'Linda', 'last': 'Hubert'}, 'location': {'street': {'number': 1126, 'name': "Place de L'Église"}, 'city': 'Lohnstorf', 'state': 'Thurgau', 'country': 'Switzerland', 'postcode': 5954, 'coordinates': {'latitude': '-56.0198', 'longitude': '80.7812'}, 'timezone': {'offset': '+4:00', 'description': 'Abu Dhabi, Muscat, Baku, Tbilisi'}}, 'email': 'linda.hubert@example.com', 'login': {'uuid': '9799138c-96a3-4239-8cb2-2bb5518d66da', 'username': 'blackcat740', 'password': 'presiden', 'salt': 'yQoipLaV', 'md5': 'edab8d9322b8b24651e69c580fc76bba', 'sha1': 'cdcc602e10fd5d8c9f2cc92c5a30482072a93c57', 'sha256': '58752245472ee9d8d1d31c10d18f539e125b55c586679c8fe35c0b3ff5f1e42e'}, 'dob': {'date': '1984-07-16T07:24:37.289Z', 'age': 39}, 'registered': {'date': '2008-08-19T14:13:51.164Z', 'age': 15}, 'phone': '079 348 63 17', 'cell': '079 558 36 16', 'id': {'name': 'AVS', 'value': '756.9043.8264.84'}, 'picture': {'large': 'https://randomuser.me/api/portraits/women/31.jpg', 'medium': 'https://randomuser.me/api/portraits/med/women/31.jpg', 'thumbnail': 'https://randomuser.me/api/portraits/thumb/women/31.jpg'}, 'nat': 'CH'}</msg>
<arg>${json_data['results'][0]}</arg>
<doc>Logs the given message with the given level.</doc>
<status status="PASS" start="2024-04-18T22:13:00.756592" elapsed="0.000408"/>
</kw>
<kw name="Log" owner="BuiltIn">
<msg time="2024-04-18T22:13:00.757456" level="INFO">location</msg>
<arg>${key}</arg>
<doc>Logs the given message with the given level.</doc>
<status status="PASS" start="2024-04-18T22:13:00.757329" elapsed="0.000166"/>
</kw>
<var name="${key}">location</var>
<status status="PASS" start="2024-04-18T22:13:00.755753" elapsed="0.001959"/>
</iter>
<iter>
<kw name="Dictionary Should Contain Key" owner="Collections">
<msg time="2024-04-18T22:13:00.758382" level="INFO">False</msg>
<arg>${json_data['results'][0]}</arg>
<arg>${key}</arg>
<doc>Fails if ``key`` is not found from ``dictionary``.</doc>
<status status="PASS" start="2024-04-18T22:13:00.757994" elapsed="0.000425"/>
</kw>
<kw name="Log" owner="BuiltIn">
<msg time="2024-04-18T22:13:00.759084" level="INFO">{'gender': 'female', 'name': {'title': 'Mademoiselle', 'first': 'Linda', 'last': 'Hubert'}, 'location': {'street': {'number': 1126, 'name': "Place de L'Église"}, 'city': 'Lohnstorf', 'state': 'Thurgau', 'country': 'Switzerland', 'postcode': 5954, 'coordinates': {'latitude': '-56.0198', 'longitude': '80.7812'}, 'timezone': {'offset': '+4:00', 'description': 'Abu Dhabi, Muscat, Baku, Tbilisi'}}, 'email': 'linda.hubert@example.com', 'login': {'uuid': '9799138c-96a3-4239-8cb2-2bb5518d66da', 'username': 'blackcat740', 'password': 'presiden', 'salt': 'yQoipLaV', 'md5': 'edab8d9322b8b24651e69c580fc76bba', 'sha1': 'cdcc602e10fd5d8c9f2cc92c5a30482072a93c57', 'sha256': '58752245472ee9d8d1d31c10d18f539e125b55c586679c8fe35c0b3ff5f1e42e'}, 'dob': {'date': '1984-07-16T07:24:37.289Z', 'age': 39}, 'registered': {'date': '2008-08-19T14:13:51.164Z', 'age': 15}, 'phone': '079 348 63 17', 'cell': '079 558 36 16', 'id': {'name': 'AVS', 'value': '756.9043.8264.84'}, 'picture': {'large': 'https://randomuser.me/api/portraits/women/31.jpg', 'medium': 'https://randomuser.me/api/portraits/med/women/31.jpg', 'thumbnail': 'https://randomuser.me/api/portraits/thumb/women/31.jpg'}, 'nat': 'CH'}</msg>
<arg>${json_data['results'][0]}</arg>
<doc>Logs the given message with the given level.</doc>
<status status="PASS" start="2024-04-18T22:13:00.758718" elapsed="0.000415"/>
</kw>
<kw name="Log" owner="BuiltIn">
<msg time="2024-04-18T22:13:00.759555" level="INFO">email</msg>
<arg>${key}</arg>
<doc>Logs the given message with the given level.</doc>
<status status="PASS" start="2024-04-18T22:13:00.759428" elapsed="0.000165"/>
</kw>
<var name="${key}">email</var>
<status status="PASS" start="2024-04-18T22:13:00.757884" elapsed="0.001921"/>
</iter>
<iter>
<kw name="Dictionary Should Contain Key" owner="Collections">
<msg time="2024-04-18T22:13:00.760473" level="INFO">False</msg>
<arg>${json_data['results'][0]}</arg>
<arg>${key}</arg>
<doc>Fails if ``key`` is not found from ``dictionary``.</doc>
<status status="PASS" start="2024-04-18T22:13:00.760081" elapsed="0.000430"/>
</kw>
<kw name="Log" owner="BuiltIn">
<msg time="2024-04-18T22:13:00.761202" level="INFO">{'gender': 'female', 'name': {'title': 'Mademoiselle', 'first': 'Linda', 'last': 'Hubert'}, 'location': {'street': {'number': 1126, 'name': "Place de L'Église"}, 'city': 'Lohnstorf', 'state': 'Thurgau', 'country': 'Switzerland', 'postcode': 5954, 'coordinates': {'latitude': '-56.0198', 'longitude': '80.7812'}, 'timezone': {'offset': '+4:00', 'description': 'Abu Dhabi, Muscat, Baku, Tbilisi'}}, 'email': 'linda.hubert@example.com', 'login': {'uuid': '9799138c-96a3-4239-8cb2-2bb5518d66da', 'username': 'blackcat740', 'password': 'presiden', 'salt': 'yQoipLaV', 'md5': 'edab8d9322b8b24651e69c580fc76bba', 'sha1': 'cdcc602e10fd5d8c9f2cc92c5a30482072a93c57', 'sha256': '58752245472ee9d8d1d31c10d18f539e125b55c586679c8fe35c0b3ff5f1e42e'}, 'dob': {'date': '1984-07-16T07:24:37.289Z', 'age': 39}, 'registered': {'date': '2008-08-19T14:13:51.164Z', 'age': 15}, 'phone': '079 348 63 17', 'cell': '079 558 36 16', 'id': {'name': 'AVS', 'value': '756.9043.8264.84'}, 'picture': {'large': 'https://randomuser.me/api/portraits/women/31.jpg', 'medium': 'https://randomuser.me/api/portraits/med/women/31.jpg', 'thumbnail': 'https://randomuser.me/api/portraits/thumb/women/31.jpg'}, 'nat': 'CH'}</msg>
<arg>${json_data['results'][0]}</arg>
<doc>Logs the given message with the given level.</doc>
<status status="PASS" start="2024-04-18T22:13:00.760805" elapsed="0.000448"/>
</kw>
<kw name="Log" owner="BuiltIn">
<msg time="2024-04-18T22:13:00.761682" level="INFO">login</msg>
<arg>${key}</arg>
<doc>Logs the given message with the given level.</doc>
<status status="PASS" start="2024-04-18T22:13:00.761555" elapsed="0.000201"/>
</kw>
<var name="${key}">login</var>
<status status="PASS" start="2024-04-18T22:13:00.759972" elapsed="0.002006"/>
</iter>
<var>${key}</var>
<value>@{expected_keys}</value>
<status status="PASS" start="2024-04-18T22:13:00.751273" elapsed="0.010826"/>
</for>
<kw name="Create List" owner="BuiltIn">
<msg time="2024-04-18T22:13:00.762429" level="INFO">${expected_keysTwo} = ['username', 'password']</msg>
<var>${expected_keysTwo}</var>
<arg>username</arg>
<arg>password</arg>
<doc>Returns a list containing given items.</doc>
<status status="PASS" start="2024-04-18T22:13:00.762294" elapsed="0.000158"/>
</kw>
<for flavor="IN">
<iter>
<kw name="Dictionary Should Contain Key" owner="Collections">
<msg time="2024-04-18T22:13:00.763339" level="INFO">False</msg>
<arg>${json_data['results'][0]['login']}</arg>
<arg>${keyTwo}</arg>
<doc>Fails if ``key`` is not found from ``dictionary``.</doc>
<status status="PASS" start="2024-04-18T22:13:00.762950" elapsed="0.000426"/>
</kw>
<kw name="Dictionary Should Contain Key" owner="Collections">
<msg time="2024-04-18T22:13:00.764154" level="INFO">False</msg>
<arg>${json_data['results'][0]['login']}</arg>
<arg>${keyTwo}</arg>
<doc>Fails if ``key`` is not found from ``dictionary``.</doc>
<status status="PASS" start="2024-04-18T22:13:00.763671" elapsed="0.000538"/>
</kw>
<kw name="Log" owner="BuiltIn">
<msg time="2024-04-18T22:13:00.764841" level="INFO">username</msg>
<arg>${keyTwo}</arg>
<doc>Logs the given message with the given level.</doc>
<status status="PASS" start="2024-04-18T22:13:00.764641" elapsed="0.000273"/>
</kw>
<var name="${keyTwo}">username</var>
<status status="PASS" start="2024-04-18T22:13:00.762841" elapsed="0.002452"/>
</iter>
<iter>
<kw name="Dictionary Should Contain Key" owner="Collections">
<msg time="2024-04-18T22:13:00.766516" level="INFO">False</msg>
<arg>${json_data['results'][0]['login']}</arg>
<arg>${keyTwo}</arg>
<doc>Fails if ``key`` is not found from ``dictionary``.</doc>
<status status="PASS" start="2024-04-18T22:13:00.765766" elapsed="0.000835"/>
</kw>
<kw name="Dictionary Should Contain Key" owner="Collections">
<msg time="2024-04-18T22:13:00.767738" level="INFO">False</msg>
<arg>${json_data['results'][0]['login']}</arg>
<arg>${keyTwo}</arg>
<doc>Fails if ``key`` is not found from ``dictionary``.</doc>
<status status="PASS" start="2024-04-18T22:13:00.767071" elapsed="0.000727"/>
</kw>
<kw name="Log" owner="BuiltIn">
<msg time="2024-04-18T22:13:00.768416" level="INFO">password</msg>
<arg>${keyTwo}</arg>
<doc>Logs the given message with the given level.</doc>
<status status="PASS" start="2024-04-18T22:13:00.768230" elapsed="0.000245"/>
</kw>
<var name="${keyTwo}">password</var>
<status status="PASS" start="2024-04-18T22:13:00.765572" elapsed="0.003233"/>
</iter>
<var>${keyTwo}</var>
<value>@{expected_keysTwo}</value>
<status status="PASS" start="2024-04-18T22:13:00.762688" elapsed="0.006331"/>
</for>
<status status="PASS" start="2024-04-18T22:13:00.651869" elapsed="0.117422"/>
</kw>
<doc>Testa a estrutura da resposta da API.</doc>
<tag>testeEstruturaResposta</tag>
<status status="PASS" start="2024-04-18T22:13:00.651356" elapsed="0.118187"/>
</test>
<test id="s1-s1-t4" name="Validar tipos de dados" line="28">
<kw name="Teste de Tipos de Dados" owner="random-user-service">
<kw name="GET On Session" owner="RequestsLibrary">
<msg time="2024-04-18T22:13:00.872860" level="INFO">GET Request : url=https://randomuser.me/api 
 path_url=/api 
 headers={'User-Agent': 'python-requests/2.31.0', 'Accept-Encoding': 'gzip, deflate', 'Accept': '*/*', 'Connection': 'keep-alive'} 
 body=None 
 </msg>
<msg time="2024-04-18T22:13:00.872960" level="INFO">GET Response : url=https://randomuser.me/api 
 status=200, reason=OK 
 headers={'Date': 'Thu, 18 Apr 2024 22:13:00 GMT', 'Content-Type': 'application/json; charset=utf-8', 'Transfer-Encoding': 'chunked', 'Connection': 'keep-alive', 'X-Powered-By': 'Express', 'Access-Control-Allow-Origin': '*', 'Cache-Control': 'no-cache', 'ETag': 'W/"499-HkmDrNE1OcjpcYUfr4Tamw0tIKc"', 'Vary': 'Accept-Encoding', 'Content-Encoding': 'gzip', 'CF-Cache-Status': 'DYNAMIC', 'Report-To': '{"endpoints":[{"url":"https:\\/\\/a.nel.cloudflare.com\\/report\\/v4?s=zaHGGb977zvTttWUPuSbf%2B%2BWEXnbU8bCpkVa2p1kmLqzjrJ2E2Pq4%2B0MudEOd5aD6m3VNxBmfis6d6gZnqEStSoOBFNBzRPJLfnNJsnvWGmXqB9l3WO9Fo00bczkSWmM"}],"group":"cf-nel","max_age":604800}', 'NEL': '{"success_fraction":0,"report_to":"cf-nel","max_age":604800}', 'Server': 'cloudflare', 'CF-RAY': '8767ffe7de795257-LAX', 'alt-svc': 'h3=":443"; ma=86400'} 
 body={"results":[{"gender":"female","name":{"title":"Ms","first":"Slavica","last":"Šarović"},"location":{"street":{"number":5919,"name":"Živka Todorovića"},"city":"Bujanovac","state":"Prizren","country":"Serbia","postcode":80414,"coordinates":{"latitude":"63.5596","longitude":"81.3808"},"timezone":{"offset":"-4:00","description":"Atlantic Time (Canada), Caracas, La Paz"}},"email":"slavica.sarovic@example.com","login":{"uuid":"caf49f29-cd09-431f-b612-56cf09124184","username":"blackfrog466","password":"angie","salt":"YaMmg87y","md5":"2b31483351e26e1aedf8fadf17e0fc8d","sha1":"2f3a55431f483b09298de13de41fc4fd587cdc2e","sha256":"28b8a985846d03d7e757c335c156967d889befa9b7cebb8cab1266baa048f218"},"dob":{"date":"1988-11-28T19:34:42.378Z","age":35},"registered":{"date":"2021-12-21T06:01:57.811Z","age":2},"phone":"020-1205-327","cell":"065-3381-399","id":{"name":"SID","value":"510305286"},"picture":{"large":"https://randomuser.me/api/portraits/women/1.jpg","medium":"https://randomuser.me/api/portraits/med/women/1.jpg","thumbnail":"https://randomuser.me/api/portraits/thumb/women/1.jpg"},"nat":"RS"}],"info":{"seed":"7f9e691b079473f3","results":1,"page":1,"version":"1.4"}} 
 </msg>
<msg time="2024-04-18T22:13:00.873034" level="INFO">/opt/hostedtoolcache/Python/3.12.3/x64/lib/python3.12/site-packages/urllib3/connectionpool.py:1103: InsecureRequestWarning: Unverified HTTPS request is being made to host 'randomuser.me'. Adding certificate verification is strongly advised. See: https://urllib3.readthedocs.io/en/latest/advanced-usage.html#tls-warnings
  warnings.warn(</msg>
<msg time="2024-04-18T22:13:00.873192" level="INFO">${response} = &lt;Response [200]&gt;</msg>
<var>${response}</var>
<arg>consultarAPI</arg>
<arg>/api</arg>
<doc>Sends a GET request on a previously created HTTP Session.</doc>
<status status="PASS" start="2024-04-18T22:13:00.773839" elapsed="0.099395"/>
</kw>
<kw name="Set Variable" owner="BuiltIn">
<msg time="2024-04-18T22:13:00.874305" level="INFO">${json_data} = {'results': [{'gender': 'female', 'name': {'title': 'Ms', 'first': 'Slavica', 'last': 'Šarović'}, 'location': {'street': {'number': 5919, 'name': 'Živka Todorovića'}, 'city': 'Bujanovac', 'state': 'Pr...</msg>
<var>${json_data}</var>
<arg>${response.json()}</arg>
<doc>Returns the given values which can then be assigned to a variables.</doc>
<status status="PASS" start="2024-04-18T22:13:00.873756" elapsed="0.000580"/>
</kw>
<kw name="Log" owner="BuiltIn">
<msg time="2024-04-18T22:13:00.874818" level="INFO">{'results': [{'gender': 'female', 'name': {'title': 'Ms', 'first': 'Slavica', 'last': 'Šarović'}, 'location': {'street': {'number': 5919, 'name': 'Živka Todorovića'}, 'city': 'Bujanovac', 'state': 'Prizren', 'country': 'Serbia', 'postcode': 80414, 'coordinates': {'latitude': '63.5596', 'longitude': '81.3808'}, 'timezone': {'offset': '-4:00', 'description': 'Atlantic Time (Canada), Caracas, La Paz'}}, 'email': 'slavica.sarovic@example.com', 'login': {'uuid': 'caf49f29-cd09-431f-b612-56cf09124184', 'username': 'blackfrog466', 'password': 'angie', 'salt': 'YaMmg87y', 'md5': '2b31483351e26e1aedf8fadf17e0fc8d', 'sha1': '2f3a55431f483b09298de13de41fc4fd587cdc2e', 'sha256': '28b8a985846d03d7e757c335c156967d889befa9b7cebb8cab1266baa048f218'}, 'dob': {'date': '1988-11-28T19:34:42.378Z', 'age': 35}, 'registered': {'date': '2021-12-21T06:01:57.811Z', 'age': 2}, 'phone': '020-1205-327', 'cell': '065-3381-399', 'id': {'name': 'SID', 'value': '510305286'}, 'picture': {'large': 'https://randomuser.me/api/portraits/women/1.jpg', 'medium': 'https://randomuser.me/api/portraits/med/women/1.jpg', 'thumbnail': 'https://randomuser.me/api/portraits/thumb/women/1.jpg'}, 'nat': 'RS'}], 'info': {'seed': '7f9e691b079473f3', 'results': 1, 'page': 1, 'version': '1.4'}}</msg>
<arg>${json_data}</arg>
<doc>Logs the given message with the given level.</doc>
<status status="PASS" start="2024-04-18T22:13:00.874656" elapsed="0.000255"/>
</kw>
<kw name="Should Be String" owner="String">
<arg>${json_data['results'][0]['gender']}</arg>
<doc>Fails if the given ``item`` is not a string.</doc>
<status status="PASS" start="2024-04-18T22:13:00.875218" elapsed="0.000377"/>
</kw>
<kw name="Should Match Regexp" owner="BuiltIn">
<arg>${json_data['results'][0]['email']}</arg>
<arg>^[a-zA-Z0-9._%+-]+@[a-zA-Z0-9.-]+\.[a-zA-Z]{2,}$</arg>
<doc>Fails if ``string`` does not match ``pattern`` as a regular expression.</doc>
<status status="PASS" start="2024-04-18T22:13:00.875792" elapsed="0.000525"/>
</kw>
<kw name="Should Match Regexp" owner="BuiltIn">
<arg>${json_data['results'][0]['dob']['date']}</arg>
<arg>\\d{4}-\\d{2}-\\d{2}T\\d{2}:\\d{2}:\\d{2}\\.\\d{3}Z</arg>
<doc>Fails if ``string`` does not match ``pattern`` as a regular expression.</doc>
<status status="PASS" start="2024-04-18T22:13:00.876519" elapsed="0.000499"/>
</kw>
<kw name="Should Match Regexp" owner="BuiltIn">
<arg>${json_data['results'][0]['registered']['date']}</arg>
<arg>\\d{4}-\\d{2}-\\d{2}T\\d{2}:\\d{2}:\\d{2}\\.\\d{3}Z</arg>
<doc>Fails if ``string`` does not match ``pattern`` as a regular expression.</doc>
<status status="PASS" start="2024-04-18T22:13:00.877267" elapsed="0.000382"/>
</kw>
<kw name="Should Match Regexp" owner="BuiltIn">
<arg>${json_data['results'][0]['picture']['large']}</arg>
<arg>^https?://.*\.(?:png|jpe?g|gif|bmp)$</arg>
<doc>Fails if ``string`` does not match ``pattern`` as a regular expression.</doc>
<status status="PASS" start="2024-04-18T22:13:00.877847" elapsed="0.000471"/>
</kw>
<kw name="Should Match Regexp" owner="BuiltIn">
<arg>${json_data['results'][0]['picture']['medium']}</arg>
<arg>^https?://.*\.(?:png|jpe?g|gif|bmp)$</arg>
<doc>Fails if ``string`` does not match ``pattern`` as a regular expression.</doc>
<status status="PASS" start="2024-04-18T22:13:00.878512" elapsed="0.000365"/>
</kw>
<kw name="Should Match Regexp" owner="BuiltIn">
<arg>${json_data['results'][0]['picture']['thumbnail']}</arg>
<arg>^https?://.*\.(?:png|jpe?g|gif|bmp)$</arg>
<doc>Fails if ``string`` does not match ``pattern`` as a regular expression.</doc>
<status status="PASS" start="2024-04-18T22:13:00.879071" elapsed="0.000355"/>
</kw>
<kw name="Log" owner="BuiltIn">
<msg time="2024-04-18T22:13:00.879937" level="INFO">{'large': 'https://randomuser.me/api/portraits/women/1.jpg', 'medium': 'https://randomuser.me/api/portraits/med/women/1.jpg', 'thumbnail': 'https://randomuser.me/api/portraits/thumb/women/1.jpg'}</msg>
<arg>${json_data['results'][0]['picture']}</arg>
<doc>Logs the given message with the given level.</doc>
<status status="PASS" start="2024-04-18T22:13:00.879610" elapsed="0.000369"/>
</kw>
<status status="PASS" start="2024-04-18T22:13:00.773455" elapsed="0.106782"/>
</kw>
<kw name="Teste de Tipos de Dados - Postcode" owner="random-user-service">
<kw name="GET On Session" owner="RequestsLibrary">
<msg time="2024-04-18T22:13:00.984508" level="INFO">GET Request : url=https://randomuser.me/api 
 path_url=/api 
 headers={'User-Agent': 'python-requests/2.31.0', 'Accept-Encoding': 'gzip, deflate', 'Accept': '*/*', 'Connection': 'keep-alive'} 
 body=None 
 </msg>
<msg time="2024-04-18T22:13:00.984597" level="INFO">GET Response : url=https://randomuser.me/api 
 status=200, reason=OK 
 headers={'Date': 'Thu, 18 Apr 2024 22:13:00 GMT', 'Content-Type': 'application/json; charset=utf-8', 'Transfer-Encoding': 'chunked', 'Connection': 'keep-alive', 'X-Powered-By': 'Express', 'Access-Control-Allow-Origin': '*', 'Cache-Control': 'no-cache', 'ETag': 'W/"4a3-vfrqT96EtNB2kdPRiE0oeIV52z8"', 'Vary': 'Accept-Encoding', 'Content-Encoding': 'gzip', 'CF-Cache-Status': 'DYNAMIC', 'Report-To': '{"endpoints":[{"url":"https:\\/\\/a.nel.cloudflare.com\\/report\\/v4?s=YqB0M%2FqajPoE%2BznyIQcrqRl6%2FFpKxb7l960kTmp0FySXa9%2BPtqTwC5GIeY9VlV%2FcGeLrae5Qtya7rfd5m7%2F%2FKuZiUiMIsxCx8jJDsZpirRro6O0pQWD7DEv3X5nZ65H9"}],"group":"cf-nel","max_age":604800}', 'NEL': '{"success_fraction":0,"report_to":"cf-nel","max_age":604800}', 'Server': 'cloudflare', 'CF-RAY': '8767ffe88f2a5257-LAX', 'alt-svc': 'h3=":443"; ma=86400'} 
 body={"results":[{"gender":"female","name":{"title":"Ms","first":"Alta Gracia","last":"Uribe"},"location":{"street":{"number":9727,"name":"Andador Irán"},"city":"Santiago Ixcuintla","state":"Aguascalientes","country":"Mexico","postcode":76652,"coordinates":{"latitude":"26.4138","longitude":"136.5160"},"timezone":{"offset":"-12:00","description":"Eniwetok, Kwajalein"}},"email":"altagracia.uribe@example.com","login":{"uuid":"0eb0f1c0-b0e7-4c45-9997-25bc260eb869","username":"heavydog398","password":"microsoft","salt":"a5EVru1M","md5":"b85937c8849a3531f3c21a9f184657d5","sha1":"d09daf7cb3d8614dacc28293860626da5d3827b0","sha256":"4d7ec1d8287235f33883b8b7fd3e8158ee3b154c77c5651bea19593c7763fce3"},"dob":{"date":"1985-09-26T03:10:10.765Z","age":38},"registered":{"date":"2017-05-11T19:55:04.176Z","age":6},"phone":"(640) 975 3652","cell":"(615) 503 0633","id":{"name":"NSS","value":"45 19 17 1122 3"},"picture":{"large":"https://randomuser.me/api/portraits/women/15.jpg","medium":"https://randomuser.me/api/portraits/med/women/15.jpg","thumbnail":"https://randomuser.me/api/portraits/thumb/women/15.jpg"},"nat":"MX"}],"info":{"seed":"5dab53bc9fab69c3","results":1,"page":1,"version":"1.4"}} 
 </msg>
<msg time="2024-04-18T22:13:00.984682" level="INFO">/opt/hostedtoolcache/Python/3.12.3/x64/lib/python3.12/site-packages/urllib3/connectionpool.py:1103: InsecureRequestWarning: Unverified HTTPS request is being made to host 'randomuser.me'. Adding certificate verification is strongly advised. See: https://urllib3.readthedocs.io/en/latest/advanced-usage.html#tls-warnings
  warnings.warn(</msg>
<msg time="2024-04-18T22:13:00.984858" level="INFO">${response} = &lt;Response [200]&gt;</msg>
<var>${response}</var>
<arg>consultarAPI</arg>
<arg>/api</arg>
<doc>Sends a GET request on a previously created HTTP Session.</doc>
<status status="PASS" start="2024-04-18T22:13:00.880718" elapsed="0.104183"/>
</kw>
<kw name="Set Variable" owner="BuiltIn">
<msg time="2024-04-18T22:13:00.986068" level="INFO">${json_data} = {'results': [{'gender': 'female', 'name': {'title': 'Ms', 'first': 'Alta Gracia', 'last': 'Uribe'}, 'location': {'street': {'number': 9727, 'name': 'Andador Irán'}, 'city': 'Santiago Ixcuintla', 'stat...</msg>
<var>${json_data}</var>
<arg>${response.json()}</arg>
<doc>Returns the given values which can then be assigned to a variables.</doc>
<status status="PASS" start="2024-04-18T22:13:00.985552" elapsed="0.000577"/>
</kw>
<kw name="Log" owner="BuiltIn">
<msg time="2024-04-18T22:13:00.986802" level="INFO">{'results': [{'gender': 'female', 'name': {'title': 'Ms', 'first': 'Alta Gracia', 'last': 'Uribe'}, 'location': {'street': {'number': 9727, 'name': 'Andador Irán'}, 'city': 'Santiago Ixcuintla', 'state': 'Aguascalientes', 'country': 'Mexico', 'postcode': 76652, 'coordinates': {'latitude': '26.4138', 'longitude': '136.5160'}, 'timezone': {'offset': '-12:00', 'description': 'Eniwetok, Kwajalein'}}, 'email': 'altagracia.uribe@example.com', 'login': {'uuid': '0eb0f1c0-b0e7-4c45-9997-25bc260eb869', 'username': 'heavydog398', 'password': 'microsoft', 'salt': 'a5EVru1M', 'md5': 'b85937c8849a3531f3c21a9f184657d5', 'sha1': 'd09daf7cb3d8614dacc28293860626da5d3827b0', 'sha256': '4d7ec1d8287235f33883b8b7fd3e8158ee3b154c77c5651bea19593c7763fce3'}, 'dob': {'date': '1985-09-26T03:10:10.765Z', 'age': 38}, 'registered': {'date': '2017-05-11T19:55:04.176Z', 'age': 6}, 'phone': '(640) 975 3652', 'cell': '(615) 503 0633', 'id': {'name': 'NSS', 'value': '45 19 17 1122 3'}, 'picture': {'large': 'https://randomuser.me/api/portraits/women/15.jpg', 'medium': 'https://randomuser.me/api/portraits/med/women/15.jpg', 'thumbnail': 'https://randomuser.me/api/portraits/thumb/women/15.jpg'}, 'nat': 'MX'}], 'info': {'seed': '5dab53bc9fab69c3', 'results': 1, 'page': 1, 'version': '1.4'}}</msg>
<arg>${json_data}</arg>
<doc>Logs the given message with the given level.</doc>
<status status="PASS" start="2024-04-18T22:13:00.986629" elapsed="0.000259"/>
</kw>
<kw name="Should Be Equal As Numbers" owner="BuiltIn">
<arg>${json_data['results'][0]['location']['postcode']}</arg>
<arg>${json_data['results'][0]['location']['postcode']}</arg>
<doc>Fails if objects are unequal after converting them to real numbers.</doc>
<status status="PASS" start="2024-04-18T22:13:00.987401" elapsed="0.000627"/>
</kw>
<kw name="Log" owner="BuiltIn">
<msg time="2024-04-18T22:13:00.988565" level="INFO">76652</msg>
<arg>${json_data['results'][0]['location']['postcode']}</arg>
<doc>Logs the given message with the given level.</doc>
<status status="PASS" start="2024-04-18T22:13:00.988224" elapsed="0.000381"/>
</kw>
<status status="PASS" start="2024-04-18T22:13:00.880474" elapsed="0.108388"/>
</kw>
<doc>Testa se os tipos de dados na resposta da API estão corretos.</doc>
<tag>testeTiposDados</tag>
<status status="PASS" start="2024-04-18T22:13:00.772773" elapsed="0.216260"/>
</test>
<test id="s1-s1-t5" name="Validar conteudo" line="35">
<kw name="Teste de Tipos de Conteudo" owner="random-user-service">
<kw name="GET On Session" owner="RequestsLibrary">
<msg time="2024-04-18T22:13:01.101781" level="INFO">GET Request : url=https://randomuser.me/api 
 path_url=/api 
 headers={'User-Agent': 'python-requests/2.31.0', 'Accept-Encoding': 'gzip, deflate', 'Accept': '*/*', 'Connection': 'keep-alive'} 
 body=None 
 </msg>
<msg time="2024-04-18T22:13:01.101890" level="INFO">GET Response : url=https://randomuser.me/api 
 status=200, reason=OK 
 headers={'Date': 'Thu, 18 Apr 2024 22:13:01 GMT', 'Content-Type': 'application/json; charset=utf-8', 'Transfer-Encoding': 'chunked', 'Connection': 'keep-alive', 'X-Powered-By': 'Express', 'Access-Control-Allow-Origin': '*', 'Cache-Control': 'no-cache', 'ETag': 'W/"494-VRc26PVOSuZcOtBATmceMl6APtw"', 'Vary': 'Accept-Encoding', 'Content-Encoding': 'gzip', 'CF-Cache-Status': 'DYNAMIC', 'Report-To': '{"endpoints":[{"url":"https:\\/\\/a.nel.cloudflare.com\\/report\\/v4?s=PJ6UN8gxcRd7cKVHkZbBWRTP4bUoBUZKHU4R6DIwJgHXsFDXo6cgybEuKyDV46ssNgs4ERz%2B0J2apn78Cfso4A3SMukLE5V7C%2By69hdmvf%2FcG6wLyxi%2Fo5YG7jwOaeCC"}],"group":"cf-nel","max_age":604800}', 'NEL': '{"success_fraction":0,"report_to":"cf-nel","max_age":604800}', 'Server': 'cloudflare', 'CF-RAY': '8767ffe93ffd5257-LAX', 'alt-svc': 'h3=":443"; ma=86400'} 
 body={"results":[{"gender":"female","name":{"title":"Miss","first":"Tvorislava","last":"Orlik"},"location":{"street":{"number":6151,"name":"Gospodarska"},"city":"Boguslav","state":"Cherkaska","country":"Ukraine","postcode":53415,"coordinates":{"latitude":"73.2404","longitude":"13.3135"},"timezone":{"offset":"+9:00","description":"Tokyo, Seoul, Osaka, Sapporo, Yakutsk"}},"email":"tvorislava.orlik@example.com","login":{"uuid":"ea4e941f-7bac-49a6-a165-dcf8ad346288","username":"goldensnake790","password":"glenn","salt":"TMXKNyjg","md5":"159bb938a9e84740f73423a5667be9df","sha1":"e4034200bd5524a12a051c70f55f87e23d56a4cb","sha256":"471a1c51617e39cc4eb2eb0c8cab85d50b7f54d940faada145dfe1c4a51d47d3"},"dob":{"date":"1999-03-15T02:46:37.977Z","age":25},"registered":{"date":"2013-05-19T14:38:27.556Z","age":10},"phone":"(099) F23-1559","cell":"(098) J41-9568","id":{"name":"","value":null},"picture":{"large":"https://randomuser.me/api/portraits/women/64.jpg","medium":"https://randomuser.me/api/portraits/med/women/64.jpg","thumbnail":"https://randomuser.me/api/portraits/thumb/women/64.jpg"},"nat":"UA"}],"info":{"seed":"f58944f09a6cd1d0","results":1,"page":1,"version":"1.4"}} 
 </msg>
<msg time="2024-04-18T22:13:01.101970" level="INFO">/opt/hostedtoolcache/Python/3.12.3/x64/lib/python3.12/site-packages/urllib3/connectionpool.py:1103: InsecureRequestWarning: Unverified HTTPS request is being made to host 'randomuser.me'. Adding certificate verification is strongly advised. See: https://urllib3.readthedocs.io/en/latest/advanced-usage.html#tls-warnings
  warnings.warn(</msg>
<msg time="2024-04-18T22:13:01.102103" level="INFO">${response} = &lt;Response [200]&gt;</msg>
<var>${response}</var>
<arg>consultarAPI</arg>
<arg>/api</arg>
<doc>Sends a GET request on a previously created HTTP Session.</doc>
<status status="PASS" start="2024-04-18T22:13:00.991899" elapsed="0.110240"/>
</kw>
<kw name="Set Variable" owner="BuiltIn">
<msg time="2024-04-18T22:13:01.103226" level="INFO">${json_data} = {'results': [{'gender': 'female', 'name': {'title': 'Miss', 'first': 'Tvorislava', 'last': 'Orlik'}, 'location': {'street': {'number': 6151, 'name': 'Gospodarska'}, 'city': 'Boguslav', 'state': 'Cherk...</msg>
<var>${json_data}</var>
<arg>${response.json()}</arg>
<doc>Returns the given values which can then be assigned to a variables.</doc>
<status status="PASS" start="2024-04-18T22:13:01.102708" elapsed="0.000547"/>
</kw>
<kw name="Set Variable" owner="BuiltIn">
<msg time="2024-04-18T22:13:01.103945" level="INFO">${name_title} = Miss</msg>
<var>${name_title}</var>
<arg>${json_data["results"][0]["name"]["title"]}</arg>
<doc>Returns the given values which can then be assigned to a variables.</doc>
<status status="PASS" start="2024-04-18T22:13:01.103561" elapsed="0.000409"/>
</kw>
<kw name="Create List" owner="BuiltIn">
<msg time="2024-04-18T22:13:01.104415" level="INFO">${allowed_titles} = ['Mr', 'Ms', 'Miss', 'Mrs', 'Madame', 'Monsieur']</msg>
<var>${allowed_titles}</var>
<arg>Mr</arg>
<arg>Ms</arg>
<arg>Miss</arg>
<arg>Mrs</arg>
<arg>Madame</arg>
<arg>Monsieur</arg>
<doc>Returns a list containing given items.</doc>
<status status="PASS" start="2024-04-18T22:13:01.104266" elapsed="0.000173"/>
</kw>
<kw name="List Should Contain Value" owner="Collections">
<msg time="2024-04-18T22:13:01.104914" level="INFO">False</msg>
<arg>${allowed_titles}</arg>
<arg>${name_title}</arg>
<doc>Fails if the ``value`` is not found from ``list``.</doc>
<status status="PASS" start="2024-04-18T22:13:01.104739" elapsed="0.000212"/>
</kw>
<kw name="Set Variable" owner="BuiltIn">
<msg time="2024-04-18T22:13:01.105836" level="INFO">${name_country} = UA</msg>
<var>${name_country}</var>
<arg>${json_data["results"][0]["nat"]}</arg>
<doc>Returns the given values which can then be assigned to a variables.</doc>
<status status="PASS" start="2024-04-18T22:13:01.105361" elapsed="0.000501"/>
</kw>
<kw name="Create List" owner="BuiltIn">
<msg time="2024-04-18T22:13:01.106784" level="INFO">${list_country} = ['AD', 'AE', 'AF', 'AG', 'AI', 'AL', 'AM', 'AO', 'AQ', 'AR', 'AS', 'AT', 'AU', 'AW', 'AX', 'AZ', 'BA', 'BB', 'BD', 'BE', 'BF', 'BG', 'BH', 'BI', 'BJ', 'BL', 'BM', 'BN', 'BO', 'BQ', 'BR', 'BS', 'BT', '...</msg>
<var>${list_country}</var>
<arg>AD</arg>
<arg>AE</arg>
<arg>AF</arg>
<arg>AG</arg>
<arg>AI</arg>
<arg>AL</arg>
<arg>AM</arg>
<arg>AO</arg>
<arg>AQ</arg>
<arg>AR</arg>
<arg>AS</arg>
<arg>AT</arg>
<arg>AU</arg>
<arg>AW</arg>
<arg>AX</arg>
<arg>AZ</arg>
<arg>BA</arg>
<arg>BB</arg>
<arg>BD</arg>
<arg>BE</arg>
<arg>BF</arg>
<arg>BG</arg>
<arg>BH</arg>
<arg>BI</arg>
<arg>BJ</arg>
<arg>BL</arg>
<arg>BM</arg>
<arg>BN</arg>
<arg>BO</arg>
<arg>BQ</arg>
<arg>BR</arg>
<arg>BS</arg>
<arg>BT</arg>
<arg>BV</arg>
<arg>BW</arg>
<arg>BY</arg>
<arg>BZ</arg>
<arg>CA</arg>
<arg>CC</arg>
<arg>CD</arg>
<arg>CF</arg>
<arg>CG</arg>
<arg>CH</arg>
<arg>CI</arg>
<arg>CK</arg>
<arg>CL</arg>
<arg>CM</arg>
<arg>CN</arg>
<arg>CO</arg>
<arg>CR</arg>
<arg>CU</arg>
<arg>CV</arg>
<arg>CW</arg>
<arg>CX</arg>
<arg>CY</arg>
<arg>CZ</arg>
<arg>DE</arg>
<arg>DJ</arg>
<arg>DK</arg>
<arg>DM</arg>
<arg>DO</arg>
<arg>DZ</arg>
<arg>EC</arg>
<arg>EE</arg>
<arg>EG</arg>
<arg>EH</arg>
<arg>ER</arg>
<arg>ES</arg>
<arg>ET</arg>
<arg>FI</arg>
<arg>FJ</arg>
<arg>FK</arg>
<arg>FM</arg>
<arg>FO</arg>
<arg>FR</arg>
<arg>GA</arg>
<arg>GB</arg>
<arg>GD</arg>
<arg>GE</arg>
<arg>GF</arg>
<arg>GG</arg>
<arg>GH</arg>
<arg>GI</arg>
<arg>GL</arg>
<arg>GM</arg>
<arg>GN</arg>
<arg>GP</arg>
<arg>GQ</arg>
<arg>GR</arg>
<arg>GS</arg>
<arg>GT</arg>
<arg>GU</arg>
<arg>GW</arg>
<arg>GY</arg>
<arg>HK</arg>
<arg>HM</arg>
<arg>HN</arg>
<arg>HR</arg>
<arg>HT</arg>
<arg>HU</arg>
<arg>ID</arg>
<arg>IE</arg>
<arg>IL</arg>
<arg>IM</arg>
<arg>IN</arg>
<arg>IO</arg>
<arg>IQ</arg>
<arg>IR</arg>
<arg>IS</arg>
<arg>IT</arg>
<arg>JE</arg>
<arg>JM</arg>
<arg>JO</arg>
<arg>JP</arg>
<arg>KE</arg>
<arg>KG</arg>
<arg>KH</arg>
<arg>KI</arg>
<arg>KM</arg>
<arg>KN</arg>
<arg>KP</arg>
<arg>KR</arg>
<arg>KW</arg>
<arg>KY</arg>
<arg>KZ</arg>
<arg>LA</arg>
<arg>LB</arg>
<arg>LC</arg>
<arg>LI</arg>
<arg>LK</arg>
<arg>LR</arg>
<arg>LS</arg>
<arg>LT</arg>
<arg>LU</arg>
<arg>LV</arg>
<arg>LY</arg>
<arg>MA</arg>
<arg>MC</arg>
<arg>MD</arg>
<arg>ME</arg>
<arg>MF</arg>
<arg>MG</arg>
<arg>MH</arg>
<arg>MK</arg>
<arg>ML</arg>
<arg>MM</arg>
<arg>MN</arg>
<arg>MO</arg>
<arg>MP</arg>
<arg>MQ</arg>
<arg>MR</arg>
<arg>MS</arg>
<arg>MT</arg>
<arg>MU</arg>
<arg>MV</arg>
<arg>MW</arg>
<arg>MX</arg>
<arg>MY</arg>
<arg>MZ</arg>
<arg>NA</arg>
<arg>NC</arg>
<arg>NE</arg>
<arg>NF</arg>
<arg>NG</arg>
<arg>NI</arg>
<arg>NL</arg>
<arg>NO</arg>
<arg>NP</arg>
<arg>NR</arg>
<arg>NU</arg>
<arg>NZ</arg>
<arg>OM</arg>
<arg>PA</arg>
<arg>PE</arg>
<arg>PF</arg>
<arg>PG</arg>
<arg>PH</arg>
<arg>PK</arg>
<arg>PL</arg>
<arg>PM</arg>
<arg>PN</arg>
<arg>PR</arg>
<arg>PS</arg>
<arg>PT</arg>
<arg>PW</arg>
<arg>PY</arg>
<arg>QA</arg>
<arg>RE</arg>
<arg>RO</arg>
<arg>RS</arg>
<arg>RU</arg>
<arg>RW</arg>
<arg>SA</arg>
<arg>SB</arg>
<arg>SC</arg>
<arg>SD</arg>
<arg>SE</arg>
<arg>SG</arg>
<arg>SH</arg>
<arg>SI</arg>
<arg>SJ</arg>
<arg>SK</arg>
<arg>SL</arg>
<arg>SM</arg>
<arg>SN</arg>
<arg>SO</arg>
<arg>SR</arg>
<arg>SS</arg>
<arg>ST</arg>
<arg>SV</arg>
<arg>SX</arg>
<arg>SY</arg>
<arg>SZ</arg>
<arg>TC</arg>
<arg>TD</arg>
<arg>TF</arg>
<arg>TG</arg>
<arg>TH</arg>
<arg>TJ</arg>
<arg>TK</arg>
<arg>TL</arg>
<arg>TM</arg>
<arg>TN</arg>
<arg>TO</arg>
<arg>TR</arg>
<arg>TT</arg>
<arg>TV</arg>
<arg>TW</arg>
<arg>TZ</arg>
<arg>UA</arg>
<arg>UG</arg>
<arg>UM</arg>
<arg>US</arg>
<arg>UY</arg>
<arg>UZ</arg>
<arg>VA</arg>
<arg>VC</arg>
<arg>VE</arg>
<arg>VG</arg>
<arg>VI</arg>
<arg>VN</arg>
<arg>VU</arg>
<arg>WF</arg>
<arg>WS</arg>
<arg>XK</arg>
<arg>YE</arg>
<arg>YT</arg>
<arg>ZA</arg>
<arg>ZM</arg>
<arg>ZW</arg>
<doc>Returns a list containing given items.</doc>
<status status="PASS" start="2024-04-18T22:13:01.106171" elapsed="0.000639"/>
</kw>
<kw name="List Should Contain Value" owner="Collections">
<msg time="2024-04-18T22:13:01.107811" level="INFO">False</msg>
<arg>${list_country}</arg>
<arg>${name_country}</arg>
<doc>Fails if the ``value`` is not found from ``list``.</doc>
<status status="PASS" start="2024-04-18T22:13:01.107609" elapsed="0.000238"/>
</kw>
<kw name="Run Keyword If" owner="BuiltIn">
<kw name="Should Be True" owner="BuiltIn">
<arg>${True}</arg>
<doc>Fails if the given condition is not true.</doc>
<status status="PASS" start="2024-04-18T22:13:01.108925" elapsed="0.000293"/>
</kw>
<arg>${json_data["results"][0]["location"]["coordinates"]["latitude"]} &gt;= -90 and ${json_data["results"][0]["location"]["coordinates"]["latitude"]} &lt;= 90</arg>
<arg>Should Be True</arg>
<arg>${True}</arg>
<doc>Runs the given keyword with the given arguments, if ``condition`` is true.</doc>
<status status="PASS" start="2024-04-18T22:13:01.108158" elapsed="0.001199"/>
</kw>
<kw name="Run Keyword If" owner="BuiltIn">
<kw name="Should Be True" owner="BuiltIn">
<arg>${True}</arg>
<doc>Fails if the given condition is not true.</doc>
<status status="PASS" start="2024-04-18T22:13:01.110255" elapsed="0.000137"/>
</kw>
<arg>${json_data["results"][0]["location"]["coordinates"]["longitude"]} &gt;= -180 and ${json_data["results"][0]["location"]["coordinates"]["longitude"]} &lt;= 180</arg>
<arg>Should Be True</arg>
<arg>${True}</arg>
<doc>Runs the given keyword with the given arguments, if ``condition`` is true.</doc>
<status status="PASS" start="2024-04-18T22:13:01.109546" elapsed="0.000971"/>
</kw>
<status status="PASS" start="2024-04-18T22:13:00.991516" elapsed="0.119133"/>
</kw>
<doc>Testa o conteúdo específico dos campos retornados pela API.</doc>
<tag>testeConteudo</tag>
<status status="PASS" start="2024-04-18T22:13:00.990853" elapsed="0.119948"/>
</test>
<status status="PASS" start="2024-04-18T22:13:00.175934" elapsed="0.936878"/>
</suite>
<status status="PASS" start="2024-04-18T22:13:00.161836" elapsed="0.956196"/>
</suite>
<statistics>
<total>
<stat pass="5" fail="0" skip="0">All Tests</stat>
</total>
<tag>
<stat pass="1" fail="0" skip="0">testeConteudo</stat>
<stat pass="1" fail="0" skip="0">testeEstruturaResposta</stat>
<stat pass="1" fail="0" skip="0">testeRequisicaoBasica</stat>
<stat pass="1" fail="0" skip="0">testeTiposDados</stat>
</tag>
<suite>
<stat pass="5" fail="0" skip="0" id="s1" name="Tests">Tests</stat>
<stat pass="5" fail="0" skip="0" id="s1-s1" name="Random-User-Test">Tests.Random-User-Test</stat>
</suite>
</statistics>
<errors>
</errors>
</robot>
