<?xml version="1.0" encoding="UTF-8"?>
<robot generator="Robot 7.0 (Python 3.12.2 on linux)" generated="2024-04-10T15:14:45.245273" rpa="false" schemaversion="5">
<suite id="s1" name="Tests" source="/home/runner/work/DesafioQAItauRogerioJordao/DesafioQAItauRogerioJordao/RamdonUser/tests">
<suite id="s1-s1" name="Random-User-Test" source="/home/runner/work/DesafioQAItauRogerioJordao/DesafioQAItauRogerioJordao/RamdonUser/tests/random-user-test.robot">
<test id="s1-s1-t1" name="Conectar" line="13">
<kw name="Conectar API" owner="random-user-service">
<kw name="Create Session" owner="RequestsLibrary">
<msg time="2024-04-10T15:14:45.606605" level="INFO">Creating Session using : alias=consultarAPI, url=https://randomuser.me/, headers={},                     cookies={}, auth=None, timeout=None, proxies=None, verify=False,                     debug=0 </msg>
<arg>consultarAPI</arg>
<arg>${URL}</arg>
<doc>Create Session: create a HTTP session to a server</doc>
<status status="PASS" start="2024-04-10T15:14:45.606399" elapsed="0.000365"/>
</kw>
<status status="PASS" start="2024-04-10T15:14:45.605393" elapsed="0.001715"/>
</kw>
<status status="PASS" start="2024-04-10T15:14:45.604875" elapsed="0.002436"/>
</test>
<test id="s1-s1-t2" name="Validar retorno 200 e JSON Válido" line="16">
<kw name="Teste de Requisicao Basica" owner="random-user-service">
<kw name="GET On Session" owner="RequestsLibrary">
<msg time="2024-04-10T15:14:45.901164" level="INFO">GET Request : url=https://randomuser.me/api 
 path_url=/api 
 headers={'User-Agent': 'python-requests/2.31.0', 'Accept-Encoding': 'gzip, deflate', 'Accept': '*/*', 'Connection': 'keep-alive'} 
 body=None 
 </msg>
<msg time="2024-04-10T15:14:45.901334" level="INFO">GET Response : url=https://randomuser.me/api 
 status=200, reason=OK 
 headers={'Date': 'Wed, 10 Apr 2024 15:14:45 GMT', 'Content-Type': 'application/json; charset=utf-8', 'Transfer-Encoding': 'chunked', 'Connection': 'keep-alive', 'X-Powered-By': 'Express', 'Access-Control-Allow-Origin': '*', 'Cache-Control': 'no-cache', 'ETag': 'W/"480-5HsqcEt6YRgxoYhVtJyyCWCK1EY"', 'Vary': 'Accept-Encoding', 'Content-Encoding': 'gzip', 'CF-Cache-Status': 'DYNAMIC', 'Report-To': '{"endpoints":[{"url":"https:\\/\\/a.nel.cloudflare.com\\/report\\/v4?s=G%2F7t6eERKHVwJ6PykcN4dloEz%2FtaNFDV%2FITXAxh3OTQiEziNYgZ3Slc3%2BsIFABA1j%2FdWEUUXb1%2F2OEFYEukmoKddrWxCO0WpMS%2BjF%2B3ho1UjnRB%2FuTatTSlCQZwMjizv"}],"group":"cf-nel","max_age":604800}', 'NEL': '{"success_fraction":0,"report_to":"cf-nel","max_age":604800}', 'Server': 'cloudflare', 'CF-RAY': '8723b03c3b5e7c56-LAX', 'alt-svc': 'h3=":443"; ma=86400'} 
 body={"results":[{"gender":"male","name":{"title":"Mr","first":"Barry","last":"Murray"},"location":{"street":{"number":660,"name":"Rolling Green Rd"},"city":"Mildura","state":"Western Australia","country":"Australia","postcode":3541,"coordinates":{"latitude":"-89.9677","longitude":"-64.6649"},"timezone":{"offset":"+6:00","description":"Almaty, Dhaka, Colombo"}},"email":"barry.murray@example.com","login":{"uuid":"1ac1b9f5-a0b5-4edf-86bf-f480b2efcc6a","username":"sadwolf988","password":"grunt","salt":"QcSv417b","md5":"e4d021525022e7ab8071edb1e6d84c08","sha1":"1956c2ad399f718757a10e67c3f102d739803e32","sha256":"ec7708c2c03eda473e8778d96a3139003f059cb06fb9b91199e320ff0cfef94c"},"dob":{"date":"1960-01-01T17:34:41.088Z","age":64},"registered":{"date":"2012-12-27T23:59:24.622Z","age":11},"phone":"07-1997-7460","cell":"0435-061-372","id":{"name":"TFN","value":"341395340"},"picture":{"large":"https://randomuser.me/api/portraits/men/5.jpg","medium":"https://randomuser.me/api/portraits/med/men/5.jpg","thumbnail":"https://randomuser.me/api/portraits/thumb/men/5.jpg"},"nat":"AU"}],"info":{"seed":"44fda75a6ddc3b56","results":1,"page":1,"version":"1.4"}} 
 </msg>
<msg time="2024-04-10T15:14:45.901426" level="INFO">/opt/hostedtoolcache/Python/3.12.2/x64/lib/python3.12/site-packages/urllib3/connectionpool.py:1103: InsecureRequestWarning: Unverified HTTPS request is being made to host 'randomuser.me'. Adding certificate verification is strongly advised. See: https://urllib3.readthedocs.io/en/latest/advanced-usage.html#tls-warnings
  warnings.warn(</msg>
<msg time="2024-04-10T15:14:45.901594" level="INFO">${response} = &lt;Response [200]&gt;</msg>
<var>${response}</var>
<arg>consultarAPI</arg>
<arg>/api</arg>
<doc>Sends a GET request on a previously created HTTP Session.</doc>
<status status="PASS" start="2024-04-10T15:14:45.609856" elapsed="0.291790"/>
</kw>
<kw name="Should Be Equal As Numbers" owner="BuiltIn">
<msg time="2024-04-10T15:14:45.902669" level="INFO">Argument types are:
&lt;class 'int'&gt;
&lt;class 'str'&gt;</msg>
<arg>${response.status_code}</arg>
<arg>200</arg>
<doc>Fails if objects are unequal after converting them to real numbers.</doc>
<status status="PASS" start="2024-04-10T15:14:45.902178" elapsed="0.000557"/>
</kw>
<kw name="Log" owner="BuiltIn">
<msg time="2024-04-10T15:14:45.903426" level="INFO">200</msg>
<arg>${response.status_code}</arg>
<doc>Logs the given message with the given level.</doc>
<status status="PASS" start="2024-04-10T15:14:45.903065" elapsed="0.000405"/>
</kw>
<kw name="Set Variable" owner="BuiltIn">
<msg time="2024-04-10T15:14:45.904248" level="INFO">${json_data} = {'results': [{'gender': 'male', 'name': {'title': 'Mr', 'first': 'Barry', 'last': 'Murray'}, 'location': {'street': {'number': 660, 'name': 'Rolling Green Rd'}, 'city': 'Mildura', 'state': 'Western Au...</msg>
<var>${json_data}</var>
<arg>${response.json()}</arg>
<doc>Returns the given values which can then be assigned to a variables.</doc>
<status status="PASS" start="2024-04-10T15:14:45.903807" elapsed="0.000469"/>
</kw>
<kw name="Dictionary Should Contain Key" owner="Collections">
<msg time="2024-04-10T15:14:45.904767" level="INFO">False</msg>
<arg>${json_data}</arg>
<arg>results</arg>
<doc>Fails if ``key`` is not found from ``dictionary``.</doc>
<status status="PASS" start="2024-04-10T15:14:45.904594" elapsed="0.000214"/>
</kw>
<status status="PASS" start="2024-04-10T15:14:45.609606" elapsed="0.295477"/>
</kw>
<doc>Testa se a API responde corretamente e retorna um objeto JSON válido.</doc>
<tag>testeRequisicaoBasica</tag>
<status status="PASS" start="2024-04-10T15:14:45.609141" elapsed="0.296135"/>
</test>
<test id="s1-s1-t3" name="Validar estrutura de resposta" line="22">
<kw name="Teste de Estrutura de Resposta" owner="random-user-service">
<kw name="GET On Session" owner="RequestsLibrary">
<msg time="2024-04-10T15:14:46.003896" level="INFO">GET Request : url=https://randomuser.me/api 
 path_url=/api 
 headers={'User-Agent': 'python-requests/2.31.0', 'Accept-Encoding': 'gzip, deflate', 'Accept': '*/*', 'Connection': 'keep-alive'} 
 body=None 
 </msg>
<msg time="2024-04-10T15:14:46.004013" level="INFO">GET Response : url=https://randomuser.me/api 
 status=200, reason=OK 
 headers={'Date': 'Wed, 10 Apr 2024 15:14:45 GMT', 'Content-Type': 'application/json; charset=utf-8', 'Transfer-Encoding': 'chunked', 'Connection': 'keep-alive', 'X-Powered-By': 'Express', 'Access-Control-Allow-Origin': '*', 'Cache-Control': 'no-cache', 'ETag': 'W/"48c-/g3PslxY0uzNyYDABJGGqaUxHNM"', 'Vary': 'Accept-Encoding', 'Content-Encoding': 'gzip', 'CF-Cache-Status': 'DYNAMIC', 'Report-To': '{"endpoints":[{"url":"https:\\/\\/a.nel.cloudflare.com\\/report\\/v4?s=BfkXN%2BA8fpySrcPzSclecMw3X0mQVv37gQYYln1OFvGjoU2o72F%2FYgnVajxfilKHnPvUxVz2e%2FqdcD8TSDIx%2FHYl5NRlKUoLvdfpNsHWUoU%2FIEUk33j0MiijQ9atADMd"}],"group":"cf-nel","max_age":604800}', 'NEL': '{"success_fraction":0,"report_to":"cf-nel","max_age":604800}', 'Server': 'cloudflare', 'CF-RAY': '8723b03cfc697c56-LAX', 'alt-svc': 'h3=":443"; ma=86400'} 
 body={"results":[{"gender":"male","name":{"title":"Mr","first":"Elmano","last":"Lima"},"location":{"street":{"number":6689,"name":"Rua Primeiro de Maio "},"city":"Teresópolis","state":"Alagoas","country":"Brazil","postcode":15965,"coordinates":{"latitude":"-78.8310","longitude":"-84.6252"},"timezone":{"offset":"+2:00","description":"Kaliningrad, South Africa"}},"email":"elmano.lima@example.com","login":{"uuid":"588a8e01-0726-42bc-8682-80e95484ac4a","username":"lazydog555","password":"greene","salt":"cCjAlSVq","md5":"3ff3a97bf9cfe3a79f7236f93798282f","sha1":"30529c92e8f92a4ec1b0e09778bc288f88398c43","sha256":"c07cf774a035202e63e870f60bfc14d2a4cdc5dea81189e9ce764dbc70fac55c"},"dob":{"date":"1944-12-25T00:13:20.813Z","age":79},"registered":{"date":"2019-11-23T18:37:42.370Z","age":4},"phone":"(32) 5267-3670","cell":"(93) 3686-6633","id":{"name":"CPF","value":"896.634.089-22"},"picture":{"large":"https://randomuser.me/api/portraits/men/61.jpg","medium":"https://randomuser.me/api/portraits/med/men/61.jpg","thumbnail":"https://randomuser.me/api/portraits/thumb/men/61.jpg"},"nat":"BR"}],"info":{"seed":"ea3f943d375030e8","results":1,"page":1,"version":"1.4"}} 
 </msg>
<msg time="2024-04-10T15:14:46.004190" level="INFO">/opt/hostedtoolcache/Python/3.12.2/x64/lib/python3.12/site-packages/urllib3/connectionpool.py:1103: InsecureRequestWarning: Unverified HTTPS request is being made to host 'randomuser.me'. Adding certificate verification is strongly advised. See: https://urllib3.readthedocs.io/en/latest/advanced-usage.html#tls-warnings
  warnings.warn(</msg>
<msg time="2024-04-10T15:14:46.004319" level="INFO">${response} = &lt;Response [200]&gt;</msg>
<var>${response}</var>
<arg>consultarAPI</arg>
<arg>/api</arg>
<doc>Sends a GET request on a previously created HTTP Session.</doc>
<status status="PASS" start="2024-04-10T15:14:45.908104" elapsed="0.096248"/>
</kw>
<kw name="Set Variable" owner="BuiltIn">
<msg time="2024-04-10T15:14:46.005493" level="INFO">${json_data} = {'results': [{'gender': 'male', 'name': {'title': 'Mr', 'first': 'Elmano', 'last': 'Lima'}, 'location': {'street': {'number': 6689, 'name': 'Rua Primeiro de Maio '}, 'city': 'Teresópolis', 'state': 'A...</msg>
<var>${json_data}</var>
<arg>${response.json()}</arg>
<doc>Returns the given values which can then be assigned to a variables.</doc>
<status status="PASS" start="2024-04-10T15:14:46.004948" elapsed="0.000608"/>
</kw>
<kw name="Log" owner="BuiltIn">
<msg time="2024-04-10T15:14:46.006232" level="INFO">{'results': [{'gender': 'male', 'name': {'title': 'Mr', 'first': 'Elmano', 'last': 'Lima'}, 'location': {'street': {'number': 6689, 'name': 'Rua Primeiro de Maio '}, 'city': 'Teresópolis', 'state': 'Alagoas', 'country': 'Brazil', 'postcode': 15965, 'coordinates': {'latitude': '-78.8310', 'longitude': '-84.6252'}, 'timezone': {'offset': '+2:00', 'description': 'Kaliningrad, South Africa'}}, 'email': 'elmano.lima@example.com', 'login': {'uuid': '588a8e01-0726-42bc-8682-80e95484ac4a', 'username': 'lazydog555', 'password': 'greene', 'salt': 'cCjAlSVq', 'md5': '3ff3a97bf9cfe3a79f7236f93798282f', 'sha1': '30529c92e8f92a4ec1b0e09778bc288f88398c43', 'sha256': 'c07cf774a035202e63e870f60bfc14d2a4cdc5dea81189e9ce764dbc70fac55c'}, 'dob': {'date': '1944-12-25T00:13:20.813Z', 'age': 79}, 'registered': {'date': '2019-11-23T18:37:42.370Z', 'age': 4}, 'phone': '(32) 5267-3670', 'cell': '(93) 3686-6633', 'id': {'name': 'CPF', 'value': '896.634.089-22'}, 'picture': {'large': 'https://randomuser.me/api/portraits/men/61.jpg', 'medium': 'https://randomuser.me/api/portraits/med/men/61.jpg', 'thumbnail': 'https://randomuser.me/api/portraits/thumb/men/61.jpg'}, 'nat': 'BR'}], 'info': {'seed': 'ea3f943d375030e8', 'results': 1, 'page': 1, 'version': '1.4'}}</msg>
<arg>${json_data}</arg>
<doc>Logs the given message with the given level.</doc>
<status status="PASS" start="2024-04-10T15:14:46.006001" elapsed="0.000312"/>
</kw>
<kw name="Dictionary Should Contain Key" owner="Collections">
<msg time="2024-04-10T15:14:46.006865" level="INFO">False</msg>
<arg>${json_data}</arg>
<arg>results</arg>
<doc>Fails if ``key`` is not found from ``dictionary``.</doc>
<status status="PASS" start="2024-04-10T15:14:46.006705" elapsed="0.000197"/>
</kw>
<kw name="Should Not Be Empty" owner="BuiltIn">
<msg time="2024-04-10T15:14:46.007330" level="INFO">Length is 2.</msg>
<arg>${json_data}</arg>
<doc>Verifies that the given item is not empty.</doc>
<status status="PASS" start="2024-04-10T15:14:46.007199" elapsed="0.000174"/>
</kw>
<kw name="Create List" owner="BuiltIn">
<msg time="2024-04-10T15:14:46.007808" level="INFO">${expected_keys} = ['gender', 'name', 'location', 'email', 'login']</msg>
<var>${expected_keys}</var>
<arg>gender</arg>
<arg>name</arg>
<arg>location</arg>
<arg>email</arg>
<arg>login</arg>
<doc>Returns a list containing given items.</doc>
<status status="PASS" start="2024-04-10T15:14:46.007662" elapsed="0.000170"/>
</kw>
<for flavor="IN">
<iter>
<kw name="Dictionary Should Contain Key" owner="Collections">
<msg time="2024-04-10T15:14:46.008811" level="INFO">False</msg>
<arg>${json_data['results'][0]}</arg>
<arg>${key}</arg>
<doc>Fails if ``key`` is not found from ``dictionary``.</doc>
<status status="PASS" start="2024-04-10T15:14:46.008409" elapsed="0.000441"/>
</kw>
<kw name="Log" owner="BuiltIn">
<msg time="2024-04-10T15:14:46.009528" level="INFO">{'gender': 'male', 'name': {'title': 'Mr', 'first': 'Elmano', 'last': 'Lima'}, 'location': {'street': {'number': 6689, 'name': 'Rua Primeiro de Maio '}, 'city': 'Teresópolis', 'state': 'Alagoas', 'country': 'Brazil', 'postcode': 15965, 'coordinates': {'latitude': '-78.8310', 'longitude': '-84.6252'}, 'timezone': {'offset': '+2:00', 'description': 'Kaliningrad, South Africa'}}, 'email': 'elmano.lima@example.com', 'login': {'uuid': '588a8e01-0726-42bc-8682-80e95484ac4a', 'username': 'lazydog555', 'password': 'greene', 'salt': 'cCjAlSVq', 'md5': '3ff3a97bf9cfe3a79f7236f93798282f', 'sha1': '30529c92e8f92a4ec1b0e09778bc288f88398c43', 'sha256': 'c07cf774a035202e63e870f60bfc14d2a4cdc5dea81189e9ce764dbc70fac55c'}, 'dob': {'date': '1944-12-25T00:13:20.813Z', 'age': 79}, 'registered': {'date': '2019-11-23T18:37:42.370Z', 'age': 4}, 'phone': '(32) 5267-3670', 'cell': '(93) 3686-6633', 'id': {'name': 'CPF', 'value': '896.634.089-22'}, 'picture': {'large': 'https://randomuser.me/api/portraits/men/61.jpg', 'medium': 'https://randomuser.me/api/portraits/med/men/61.jpg', 'thumbnail': 'https://randomuser.me/api/portraits/thumb/men/61.jpg'}, 'nat': 'BR'}</msg>
<arg>${json_data['results'][0]}</arg>
<doc>Logs the given message with the given level.</doc>
<status status="PASS" start="2024-04-10T15:14:46.009157" elapsed="0.000428"/>
</kw>
<kw name="Log" owner="BuiltIn">
<msg time="2024-04-10T15:14:46.010017" level="INFO">gender</msg>
<arg>${key}</arg>
<doc>Logs the given message with the given level.</doc>
<status status="PASS" start="2024-04-10T15:14:46.009888" elapsed="0.000166"/>
</kw>
<var name="${key}">gender</var>
<status status="PASS" start="2024-04-10T15:14:46.008286" elapsed="0.001986"/>
</iter>
<iter>
<kw name="Dictionary Should Contain Key" owner="Collections">
<msg time="2024-04-10T15:14:46.010992" level="INFO">False</msg>
<arg>${json_data['results'][0]}</arg>
<arg>${key}</arg>
<doc>Fails if ``key`` is not found from ``dictionary``.</doc>
<status status="PASS" start="2024-04-10T15:14:46.010611" elapsed="0.000418"/>
</kw>
<kw name="Log" owner="BuiltIn">
<msg time="2024-04-10T15:14:46.011714" level="INFO">{'gender': 'male', 'name': {'title': 'Mr', 'first': 'Elmano', 'last': 'Lima'}, 'location': {'street': {'number': 6689, 'name': 'Rua Primeiro de Maio '}, 'city': 'Teresópolis', 'state': 'Alagoas', 'country': 'Brazil', 'postcode': 15965, 'coordinates': {'latitude': '-78.8310', 'longitude': '-84.6252'}, 'timezone': {'offset': '+2:00', 'description': 'Kaliningrad, South Africa'}}, 'email': 'elmano.lima@example.com', 'login': {'uuid': '588a8e01-0726-42bc-8682-80e95484ac4a', 'username': 'lazydog555', 'password': 'greene', 'salt': 'cCjAlSVq', 'md5': '3ff3a97bf9cfe3a79f7236f93798282f', 'sha1': '30529c92e8f92a4ec1b0e09778bc288f88398c43', 'sha256': 'c07cf774a035202e63e870f60bfc14d2a4cdc5dea81189e9ce764dbc70fac55c'}, 'dob': {'date': '1944-12-25T00:13:20.813Z', 'age': 79}, 'registered': {'date': '2019-11-23T18:37:42.370Z', 'age': 4}, 'phone': '(32) 5267-3670', 'cell': '(93) 3686-6633', 'id': {'name': 'CPF', 'value': '896.634.089-22'}, 'picture': {'large': 'https://randomuser.me/api/portraits/men/61.jpg', 'medium': 'https://randomuser.me/api/portraits/med/men/61.jpg', 'thumbnail': 'https://randomuser.me/api/portraits/thumb/men/61.jpg'}, 'nat': 'BR'}</msg>
<arg>${json_data['results'][0]}</arg>
<doc>Logs the given message with the given level.</doc>
<status status="PASS" start="2024-04-10T15:14:46.011356" elapsed="0.000407"/>
</kw>
<kw name="Log" owner="BuiltIn">
<msg time="2024-04-10T15:14:46.012187" level="INFO">name</msg>
<arg>${key}</arg>
<doc>Logs the given message with the given level.</doc>
<status status="PASS" start="2024-04-10T15:14:46.012060" elapsed="0.000164"/>
</kw>
<var name="${key}">name</var>
<status status="PASS" start="2024-04-10T15:14:46.010492" elapsed="0.001949"/>
</iter>
<iter>
<kw name="Dictionary Should Contain Key" owner="Collections">
<msg time="2024-04-10T15:14:46.013110" level="INFO">False</msg>
<arg>${json_data['results'][0]}</arg>
<arg>${key}</arg>
<doc>Fails if ``key`` is not found from ``dictionary``.</doc>
<status status="PASS" start="2024-04-10T15:14:46.012737" elapsed="0.000410"/>
</kw>
<kw name="Log" owner="BuiltIn">
<msg time="2024-04-10T15:14:46.013802" level="INFO">{'gender': 'male', 'name': {'title': 'Mr', 'first': 'Elmano', 'last': 'Lima'}, 'location': {'street': {'number': 6689, 'name': 'Rua Primeiro de Maio '}, 'city': 'Teresópolis', 'state': 'Alagoas', 'country': 'Brazil', 'postcode': 15965, 'coordinates': {'latitude': '-78.8310', 'longitude': '-84.6252'}, 'timezone': {'offset': '+2:00', 'description': 'Kaliningrad, South Africa'}}, 'email': 'elmano.lima@example.com', 'login': {'uuid': '588a8e01-0726-42bc-8682-80e95484ac4a', 'username': 'lazydog555', 'password': 'greene', 'salt': 'cCjAlSVq', 'md5': '3ff3a97bf9cfe3a79f7236f93798282f', 'sha1': '30529c92e8f92a4ec1b0e09778bc288f88398c43', 'sha256': 'c07cf774a035202e63e870f60bfc14d2a4cdc5dea81189e9ce764dbc70fac55c'}, 'dob': {'date': '1944-12-25T00:13:20.813Z', 'age': 79}, 'registered': {'date': '2019-11-23T18:37:42.370Z', 'age': 4}, 'phone': '(32) 5267-3670', 'cell': '(93) 3686-6633', 'id': {'name': 'CPF', 'value': '896.634.089-22'}, 'picture': {'large': 'https://randomuser.me/api/portraits/men/61.jpg', 'medium': 'https://randomuser.me/api/portraits/med/men/61.jpg', 'thumbnail': 'https://randomuser.me/api/portraits/thumb/men/61.jpg'}, 'nat': 'BR'}</msg>
<arg>${json_data['results'][0]}</arg>
<doc>Logs the given message with the given level.</doc>
<status status="PASS" start="2024-04-10T15:14:46.013447" elapsed="0.000408"/>
</kw>
<kw name="Log" owner="BuiltIn">
<msg time="2024-04-10T15:14:46.014274" level="INFO">location</msg>
<arg>${key}</arg>
<doc>Logs the given message with the given level.</doc>
<status status="PASS" start="2024-04-10T15:14:46.014148" elapsed="0.000163"/>
</kw>
<var name="${key}">location</var>
<status status="PASS" start="2024-04-10T15:14:46.012618" elapsed="0.001940"/>
</iter>
<iter>
<kw name="Dictionary Should Contain Key" owner="Collections">
<msg time="2024-04-10T15:14:46.015218" level="INFO">False</msg>
<arg>${json_data['results'][0]}</arg>
<arg>${key}</arg>
<doc>Fails if ``key`` is not found from ``dictionary``.</doc>
<status status="PASS" start="2024-04-10T15:14:46.014843" elapsed="0.000411"/>
</kw>
<kw name="Log" owner="BuiltIn">
<msg time="2024-04-10T15:14:46.015897" level="INFO">{'gender': 'male', 'name': {'title': 'Mr', 'first': 'Elmano', 'last': 'Lima'}, 'location': {'street': {'number': 6689, 'name': 'Rua Primeiro de Maio '}, 'city': 'Teresópolis', 'state': 'Alagoas', 'country': 'Brazil', 'postcode': 15965, 'coordinates': {'latitude': '-78.8310', 'longitude': '-84.6252'}, 'timezone': {'offset': '+2:00', 'description': 'Kaliningrad, South Africa'}}, 'email': 'elmano.lima@example.com', 'login': {'uuid': '588a8e01-0726-42bc-8682-80e95484ac4a', 'username': 'lazydog555', 'password': 'greene', 'salt': 'cCjAlSVq', 'md5': '3ff3a97bf9cfe3a79f7236f93798282f', 'sha1': '30529c92e8f92a4ec1b0e09778bc288f88398c43', 'sha256': 'c07cf774a035202e63e870f60bfc14d2a4cdc5dea81189e9ce764dbc70fac55c'}, 'dob': {'date': '1944-12-25T00:13:20.813Z', 'age': 79}, 'registered': {'date': '2019-11-23T18:37:42.370Z', 'age': 4}, 'phone': '(32) 5267-3670', 'cell': '(93) 3686-6633', 'id': {'name': 'CPF', 'value': '896.634.089-22'}, 'picture': {'large': 'https://randomuser.me/api/portraits/men/61.jpg', 'medium': 'https://randomuser.me/api/portraits/med/men/61.jpg', 'thumbnail': 'https://randomuser.me/api/portraits/thumb/men/61.jpg'}, 'nat': 'BR'}</msg>
<arg>${json_data['results'][0]}</arg>
<doc>Logs the given message with the given level.</doc>
<status status="PASS" start="2024-04-10T15:14:46.015546" elapsed="0.000401"/>
</kw>
<kw name="Log" owner="BuiltIn">
<msg time="2024-04-10T15:14:46.016368" level="INFO">email</msg>
<arg>${key}</arg>
<doc>Logs the given message with the given level.</doc>
<status status="PASS" start="2024-04-10T15:14:46.016242" elapsed="0.000163"/>
</kw>
<var name="${key}">email</var>
<status status="PASS" start="2024-04-10T15:14:46.014732" elapsed="0.001891"/>
</iter>
<iter>
<kw name="Dictionary Should Contain Key" owner="Collections">
<msg time="2024-04-10T15:14:46.017291" level="INFO">False</msg>
<arg>${json_data['results'][0]}</arg>
<arg>${key}</arg>
<doc>Fails if ``key`` is not found from ``dictionary``.</doc>
<status status="PASS" start="2024-04-10T15:14:46.016905" elapsed="0.000425"/>
</kw>
<kw name="Log" owner="BuiltIn">
<msg time="2024-04-10T15:14:46.017979" level="INFO">{'gender': 'male', 'name': {'title': 'Mr', 'first': 'Elmano', 'last': 'Lima'}, 'location': {'street': {'number': 6689, 'name': 'Rua Primeiro de Maio '}, 'city': 'Teresópolis', 'state': 'Alagoas', 'country': 'Brazil', 'postcode': 15965, 'coordinates': {'latitude': '-78.8310', 'longitude': '-84.6252'}, 'timezone': {'offset': '+2:00', 'description': 'Kaliningrad, South Africa'}}, 'email': 'elmano.lima@example.com', 'login': {'uuid': '588a8e01-0726-42bc-8682-80e95484ac4a', 'username': 'lazydog555', 'password': 'greene', 'salt': 'cCjAlSVq', 'md5': '3ff3a97bf9cfe3a79f7236f93798282f', 'sha1': '30529c92e8f92a4ec1b0e09778bc288f88398c43', 'sha256': 'c07cf774a035202e63e870f60bfc14d2a4cdc5dea81189e9ce764dbc70fac55c'}, 'dob': {'date': '1944-12-25T00:13:20.813Z', 'age': 79}, 'registered': {'date': '2019-11-23T18:37:42.370Z', 'age': 4}, 'phone': '(32) 5267-3670', 'cell': '(93) 3686-6633', 'id': {'name': 'CPF', 'value': '896.634.089-22'}, 'picture': {'large': 'https://randomuser.me/api/portraits/men/61.jpg', 'medium': 'https://randomuser.me/api/portraits/med/men/61.jpg', 'thumbnail': 'https://randomuser.me/api/portraits/thumb/men/61.jpg'}, 'nat': 'BR'}</msg>
<arg>${json_data['results'][0]}</arg>
<doc>Logs the given message with the given level.</doc>
<status status="PASS" start="2024-04-10T15:14:46.017619" elapsed="0.000408"/>
</kw>
<kw name="Log" owner="BuiltIn">
<msg time="2024-04-10T15:14:46.018494" level="INFO">login</msg>
<arg>${key}</arg>
<doc>Logs the given message with the given level.</doc>
<status status="PASS" start="2024-04-10T15:14:46.018326" elapsed="0.000212"/>
</kw>
<var name="${key}">login</var>
<status status="PASS" start="2024-04-10T15:14:46.016795" elapsed="0.001988"/>
</iter>
<var>${key}</var>
<value>@{expected_keys}</value>
<status status="PASS" start="2024-04-10T15:14:46.008092" elapsed="0.010817"/>
</for>
<kw name="Create List" owner="BuiltIn">
<msg time="2024-04-10T15:14:46.019237" level="INFO">${expected_keysTwo} = ['username', 'password']</msg>
<var>${expected_keysTwo}</var>
<arg>username</arg>
<arg>password</arg>
<doc>Returns a list containing given items.</doc>
<status status="PASS" start="2024-04-10T15:14:46.019098" elapsed="0.000162"/>
</kw>
<for flavor="IN">
<iter>
<kw name="Dictionary Should Contain Key" owner="Collections">
<msg time="2024-04-10T15:14:46.020259" level="INFO">False</msg>
<arg>${json_data['results'][0]['login']}</arg>
<arg>${keyTwo}</arg>
<doc>Fails if ``key`` is not found from ``dictionary``.</doc>
<status status="PASS" start="2024-04-10T15:14:46.019872" elapsed="0.000424"/>
</kw>
<kw name="Dictionary Should Contain Key" owner="Collections">
<msg time="2024-04-10T15:14:46.020967" level="INFO">False</msg>
<arg>${json_data['results'][0]['login']}</arg>
<arg>${keyTwo}</arg>
<doc>Fails if ``key`` is not found from ``dictionary``.</doc>
<status status="PASS" start="2024-04-10T15:14:46.020590" elapsed="0.000414"/>
</kw>
<kw name="Log" owner="BuiltIn">
<msg time="2024-04-10T15:14:46.021421" level="INFO">username</msg>
<arg>${keyTwo}</arg>
<doc>Logs the given message with the given level.</doc>
<status status="PASS" start="2024-04-10T15:14:46.021294" elapsed="0.000164"/>
</kw>
<var name="${keyTwo}">username</var>
<status status="PASS" start="2024-04-10T15:14:46.019759" elapsed="0.001916"/>
</iter>
<iter>
<kw name="Dictionary Should Contain Key" owner="Collections">
<msg time="2024-04-10T15:14:46.022335" level="INFO">False</msg>
<arg>${json_data['results'][0]['login']}</arg>
<arg>${keyTwo}</arg>
<doc>Fails if ``key`` is not found from ``dictionary``.</doc>
<status status="PASS" start="2024-04-10T15:14:46.021956" elapsed="0.000416"/>
</kw>
<kw name="Dictionary Should Contain Key" owner="Collections">
<msg time="2024-04-10T15:14:46.023077" level="INFO">False</msg>
<arg>${json_data['results'][0]['login']}</arg>
<arg>${keyTwo}</arg>
<doc>Fails if ``key`` is not found from ``dictionary``.</doc>
<status status="PASS" start="2024-04-10T15:14:46.022703" elapsed="0.000409"/>
</kw>
<kw name="Log" owner="BuiltIn">
<msg time="2024-04-10T15:14:46.023527" level="INFO">password</msg>
<arg>${keyTwo}</arg>
<doc>Logs the given message with the given level.</doc>
<status status="PASS" start="2024-04-10T15:14:46.023401" elapsed="0.000163"/>
</kw>
<var name="${keyTwo}">password</var>
<status status="PASS" start="2024-04-10T15:14:46.021846" elapsed="0.001931"/>
</iter>
<var>${keyTwo}</var>
<value>@{expected_keysTwo}</value>
<status status="PASS" start="2024-04-10T15:14:46.019496" elapsed="0.004401"/>
</for>
<status status="PASS" start="2024-04-10T15:14:45.907863" elapsed="0.116173"/>
</kw>
<doc>Testa a estrutura da resposta da API.</doc>
<tag>testeEstruturaResposta</tag>
<status status="PASS" start="2024-04-10T15:14:45.907188" elapsed="0.117012"/>
</test>
<test id="s1-s1-t4" name="Validar tipos de dados" line="28">
<kw name="Teste de Tipos de Dados" owner="random-user-service">
<kw name="GET On Session" owner="RequestsLibrary">
<msg time="2024-04-10T15:14:46.614317" level="INFO">GET Request : url=https://randomuser.me/api 
 path_url=/api 
 headers={'User-Agent': 'python-requests/2.31.0', 'Accept-Encoding': 'gzip, deflate', 'Accept': '*/*', 'Connection': 'keep-alive'} 
 body=None 
 </msg>
<msg time="2024-04-10T15:14:46.614448" level="INFO">GET Response : url=https://randomuser.me/api 
 status=200, reason=OK 
 headers={'Date': 'Wed, 10 Apr 2024 15:14:46 GMT', 'Content-Type': 'application/json; charset=utf-8', 'Transfer-Encoding': 'chunked', 'Connection': 'keep-alive', 'X-Powered-By': 'Express', 'Access-Control-Allow-Origin': '*', 'Cache-Control': 'no-cache', 'ETag': 'W/"49a-e9h0YH0WAp9pCtXjt3+Yq1by73E"', 'Vary': 'Accept-Encoding', 'Content-Encoding': 'gzip', 'CF-Cache-Status': 'DYNAMIC', 'Report-To': '{"endpoints":[{"url":"https:\\/\\/a.nel.cloudflare.com\\/report\\/v4?s=qnFOd0qnHFkelMuI%2BorKRf4ZsBEiYViHQAHceyIn4gEV%2B99KyFKqpP2OpJFW%2BREpw65OciH1E0pV0%2BGvbkeHxDf19d%2BajRW7MIvicwpeTkXHqy4p6tl0rtTGpwiRXz91"}],"group":"cf-nel","max_age":604800}', 'NEL': '{"success_fraction":0,"report_to":"cf-nel","max_age":604800}', 'Server': 'cloudflare', 'CF-RAY': '8723b03dbd347c56-LAX', 'alt-svc': 'h3=":443"; ma=86400'} 
 body={"results":[{"gender":"male","name":{"title":"Mr","first":"Zoryan","last":"Shchegelskiy"},"location":{"street":{"number":7861,"name":"Mariyi Borovichenko"},"city":"Gluhiv","state":"Kiyivska","country":"Ukraine","postcode":56245,"coordinates":{"latitude":"78.6304","longitude":"-179.1556"},"timezone":{"offset":"+11:00","description":"Magadan, Solomon Islands, New Caledonia"}},"email":"zoryan.shchegelskiy@example.com","login":{"uuid":"6ffc1368-d946-44a9-a02e-569c89d23c35","username":"blacktiger404","password":"223344","salt":"1MrAqPK4","md5":"e81a82651a922ea07eac3ae67adfe5c8","sha1":"ab56a71dc2b097762c3d020431524d5f84855645","sha256":"b682bee4f6cc15d5aeaa40df5c1e720a92cff61d7690d7716a8c9e10c5b10bc2"},"dob":{"date":"1967-10-03T13:57:11.826Z","age":56},"registered":{"date":"2013-12-10T16:33:27.449Z","age":10},"phone":"(096) O81-2813","cell":"(066) H39-0845","id":{"name":"","value":null},"picture":{"large":"https://randomuser.me/api/portraits/men/77.jpg","medium":"https://randomuser.me/api/portraits/med/men/77.jpg","thumbnail":"https://randomuser.me/api/portraits/thumb/men/77.jpg"},"nat":"UA"}],"info":{"seed":"4aaa2c5fe3aaf68e","results":1,"page":1,"version":"1.4"}} 
 </msg>
<msg time="2024-04-10T15:14:46.614536" level="INFO">/opt/hostedtoolcache/Python/3.12.2/x64/lib/python3.12/site-packages/urllib3/connectionpool.py:1103: InsecureRequestWarning: Unverified HTTPS request is being made to host 'randomuser.me'. Adding certificate verification is strongly advised. See: https://urllib3.readthedocs.io/en/latest/advanced-usage.html#tls-warnings
  warnings.warn(</msg>
<msg time="2024-04-10T15:14:46.614650" level="INFO">${response} = &lt;Response [200]&gt;</msg>
<var>${response}</var>
<arg>consultarAPI</arg>
<arg>/api</arg>
<doc>Sends a GET request on a previously created HTTP Session.</doc>
<status status="PASS" start="2024-04-10T15:14:46.026765" elapsed="0.587926"/>
</kw>
<kw name="Set Variable" owner="BuiltIn">
<msg time="2024-04-10T15:14:46.615745" level="INFO">${json_data} = {'results': [{'gender': 'male', 'name': {'title': 'Mr', 'first': 'Zoryan', 'last': 'Shchegelskiy'}, 'location': {'street': {'number': 7861, 'name': 'Mariyi Borovichenko'}, 'city': 'Gluhiv', 'state': '...</msg>
<var>${json_data}</var>
<arg>${response.json()}</arg>
<doc>Returns the given values which can then be assigned to a variables.</doc>
<status status="PASS" start="2024-04-10T15:14:46.615224" elapsed="0.000549"/>
</kw>
<kw name="Log" owner="BuiltIn">
<msg time="2024-04-10T15:14:46.616246" level="INFO">{'results': [{'gender': 'male', 'name': {'title': 'Mr', 'first': 'Zoryan', 'last': 'Shchegelskiy'}, 'location': {'street': {'number': 7861, 'name': 'Mariyi Borovichenko'}, 'city': 'Gluhiv', 'state': 'Kiyivska', 'country': 'Ukraine', 'postcode': 56245, 'coordinates': {'latitude': '78.6304', 'longitude': '-179.1556'}, 'timezone': {'offset': '+11:00', 'description': 'Magadan, Solomon Islands, New Caledonia'}}, 'email': 'zoryan.shchegelskiy@example.com', 'login': {'uuid': '6ffc1368-d946-44a9-a02e-569c89d23c35', 'username': 'blacktiger404', 'password': '223344', 'salt': '1MrAqPK4', 'md5': 'e81a82651a922ea07eac3ae67adfe5c8', 'sha1': 'ab56a71dc2b097762c3d020431524d5f84855645', 'sha256': 'b682bee4f6cc15d5aeaa40df5c1e720a92cff61d7690d7716a8c9e10c5b10bc2'}, 'dob': {'date': '1967-10-03T13:57:11.826Z', 'age': 56}, 'registered': {'date': '2013-12-10T16:33:27.449Z', 'age': 10}, 'phone': '(096) O81-2813', 'cell': '(066) H39-0845', 'id': {'name': '', 'value': None}, 'picture': {'large': 'https://randomuser.me/api/portraits/men/77.jpg', 'medium': 'https://randomuser.me/api/portraits/med/men/77.jpg', 'thumbnail': 'https://randomuser.me/api/portraits/thumb/men/77.jpg'}, 'nat': 'UA'}], 'info': {'seed': '4aaa2c5fe3aaf68e', 'results': 1, 'page': 1, 'version': '1.4'}}</msg>
<arg>${json_data}</arg>
<doc>Logs the given message with the given level.</doc>
<status status="PASS" start="2024-04-10T15:14:46.616083" elapsed="0.000249"/>
</kw>
<kw name="Should Be String" owner="String">
<arg>${json_data['results'][0]['gender']}</arg>
<doc>Fails if the given ``item`` is not a string.</doc>
<status status="PASS" start="2024-04-10T15:14:46.616634" elapsed="0.000357"/>
</kw>
<kw name="Should Match Regexp" owner="BuiltIn">
<arg>${json_data['results'][0]['email']}</arg>
<arg>^[a-zA-Z0-9._%+-]+@[a-zA-Z0-9.-]+\.[a-zA-Z]{2,}$</arg>
<doc>Fails if ``string`` does not match ``pattern`` as a regular expression.</doc>
<status status="PASS" start="2024-04-10T15:14:46.617183" elapsed="0.000511"/>
</kw>
<kw name="Should Match Regexp" owner="BuiltIn">
<arg>${json_data['results'][0]['dob']['date']}</arg>
<arg>\\d{4}-\\d{2}-\\d{2}T\\d{2}:\\d{2}:\\d{2}\\.\\d{3}Z</arg>
<doc>Fails if ``string`` does not match ``pattern`` as a regular expression.</doc>
<status status="PASS" start="2024-04-10T15:14:46.617890" elapsed="0.000518"/>
</kw>
<kw name="Should Match Regexp" owner="BuiltIn">
<arg>${json_data['results'][0]['registered']['date']}</arg>
<arg>\\d{4}-\\d{2}-\\d{2}T\\d{2}:\\d{2}:\\d{2}\\.\\d{3}Z</arg>
<doc>Fails if ``string`` does not match ``pattern`` as a regular expression.</doc>
<status status="PASS" start="2024-04-10T15:14:46.618632" elapsed="0.000370"/>
</kw>
<kw name="Should Match Regexp" owner="BuiltIn">
<arg>${json_data['results'][0]['picture']['large']}</arg>
<arg>^https?://.*\.(?:png|jpe?g|gif|bmp)$</arg>
<doc>Fails if ``string`` does not match ``pattern`` as a regular expression.</doc>
<status status="PASS" start="2024-04-10T15:14:46.619186" elapsed="0.000450"/>
</kw>
<kw name="Should Match Regexp" owner="BuiltIn">
<arg>${json_data['results'][0]['picture']['medium']}</arg>
<arg>^https?://.*\.(?:png|jpe?g|gif|bmp)$</arg>
<doc>Fails if ``string`` does not match ``pattern`` as a regular expression.</doc>
<status status="PASS" start="2024-04-10T15:14:46.619824" elapsed="0.000354"/>
</kw>
<kw name="Should Match Regexp" owner="BuiltIn">
<arg>${json_data['results'][0]['picture']['thumbnail']}</arg>
<arg>^https?://.*\.(?:png|jpe?g|gif|bmp)$</arg>
<doc>Fails if ``string`` does not match ``pattern`` as a regular expression.</doc>
<status status="PASS" start="2024-04-10T15:14:46.620359" elapsed="0.000357"/>
</kw>
<kw name="Log" owner="BuiltIn">
<msg time="2024-04-10T15:14:46.621213" level="INFO">{'large': 'https://randomuser.me/api/portraits/men/77.jpg', 'medium': 'https://randomuser.me/api/portraits/med/men/77.jpg', 'thumbnail': 'https://randomuser.me/api/portraits/thumb/men/77.jpg'}</msg>
<arg>${json_data['results'][0]['picture']}</arg>
<doc>Logs the given message with the given level.</doc>
<status status="PASS" start="2024-04-10T15:14:46.620895" elapsed="0.000359"/>
</kw>
<status status="PASS" start="2024-04-10T15:14:46.026528" elapsed="0.594980"/>
</kw>
<kw name="Teste de Tipos de Dados - Postcode" owner="random-user-service">
<kw name="GET On Session" owner="RequestsLibrary">
<msg time="2024-04-10T15:14:46.722639" level="INFO">GET Request : url=https://randomuser.me/api 
 path_url=/api 
 headers={'User-Agent': 'python-requests/2.31.0', 'Accept-Encoding': 'gzip, deflate', 'Accept': '*/*', 'Connection': 'keep-alive'} 
 body=None 
 </msg>
<msg time="2024-04-10T15:14:46.722718" level="INFO">GET Response : url=https://randomuser.me/api 
 status=200, reason=OK 
 headers={'Date': 'Wed, 10 Apr 2024 15:14:46 GMT', 'Content-Type': 'application/json; charset=utf-8', 'Transfer-Encoding': 'chunked', 'Connection': 'keep-alive', 'X-Powered-By': 'Express', 'Access-Control-Allow-Origin': '*', 'Cache-Control': 'no-cache', 'ETag': 'W/"489-Yg9jeTEMW37etorrYLfJukj7U/Q"', 'Vary': 'Accept-Encoding', 'Content-Encoding': 'gzip', 'CF-Cache-Status': 'DYNAMIC', 'Report-To': '{"endpoints":[{"url":"https:\\/\\/a.nel.cloudflare.com\\/report\\/v4?s=u1zUK%2FdLSIx%2Fjql27VDO%2Bc4z08hulji%2FtJtDT4fXwyucxhhbTcZcIyatIi3rIpCNdoTFcgxx1umfZ3V8k0okzi97cwKs%2FEujWp%2FyuA1Z%2F9kDxiPW%2BRf9V73Vitiq%2Bmd8"}],"group":"cf-nel","max_age":604800}', 'NEL': '{"success_fraction":0,"report_to":"cf-nel","max_age":604800}', 'Server': 'cloudflare', 'CF-RAY': '8723b04169037c56-LAX', 'alt-svc': 'h3=":443"; ma=86400'} 
 body={"results":[{"gender":"male","name":{"title":"Mr","first":"Peetu","last":"Saarela"},"location":{"street":{"number":1602,"name":"Myllypuronkatu"},"city":"Pyhäntä","state":"Åland","country":"Finland","postcode":67081,"coordinates":{"latitude":"-28.2153","longitude":"-105.2995"},"timezone":{"offset":"+7:00","description":"Bangkok, Hanoi, Jakarta"}},"email":"peetu.saarela@example.com","login":{"uuid":"ccd27bfa-5826-4e70-af02-16b91abdcd52","username":"beautifulcat200","password":"vectra","salt":"uGiz4Ba4","md5":"f346f114eb8530f79507fa10d17c2451","sha1":"0f95448c9de422877a34258850428351c5a6b2f1","sha256":"c21f4891b1392de38cc2599450e2b83287840c699204a66f70f463eefc94a0b3"},"dob":{"date":"1968-02-11T07:24:33.412Z","age":56},"registered":{"date":"2016-08-04T04:50:54.849Z","age":7},"phone":"02-678-783","cell":"041-033-12-42","id":{"name":"HETU","value":"NaNNA243undefined"},"picture":{"large":"https://randomuser.me/api/portraits/men/59.jpg","medium":"https://randomuser.me/api/portraits/med/men/59.jpg","thumbnail":"https://randomuser.me/api/portraits/thumb/men/59.jpg"},"nat":"FI"}],"info":{"seed":"64713332ee0b0d84","results":1,"page":1,"version":"1.4"}} 
 </msg>
<msg time="2024-04-10T15:14:46.722796" level="INFO">/opt/hostedtoolcache/Python/3.12.2/x64/lib/python3.12/site-packages/urllib3/connectionpool.py:1103: InsecureRequestWarning: Unverified HTTPS request is being made to host 'randomuser.me'. Adding certificate verification is strongly advised. See: https://urllib3.readthedocs.io/en/latest/advanced-usage.html#tls-warnings
  warnings.warn(</msg>
<msg time="2024-04-10T15:14:46.722895" level="INFO">${response} = &lt;Response [200]&gt;</msg>
<var>${response}</var>
<arg>consultarAPI</arg>
<arg>/api</arg>
<doc>Sends a GET request on a previously created HTTP Session.</doc>
<status status="PASS" start="2024-04-10T15:14:46.621978" elapsed="0.100942"/>
</kw>
<kw name="Set Variable" owner="BuiltIn">
<msg time="2024-04-10T15:14:46.723870" level="INFO">${json_data} = {'results': [{'gender': 'male', 'name': {'title': 'Mr', 'first': 'Peetu', 'last': 'Saarela'}, 'location': {'street': {'number': 1602, 'name': 'Myllypuronkatu'}, 'city': 'Pyhäntä', 'state': 'Åland', 'c...</msg>
<var>${json_data}</var>
<arg>${response.json()}</arg>
<doc>Returns the given values which can then be assigned to a variables.</doc>
<status status="PASS" start="2024-04-10T15:14:46.723383" elapsed="0.000516"/>
</kw>
<kw name="Log" owner="BuiltIn">
<msg time="2024-04-10T15:14:46.724367" level="INFO">{'results': [{'gender': 'male', 'name': {'title': 'Mr', 'first': 'Peetu', 'last': 'Saarela'}, 'location': {'street': {'number': 1602, 'name': 'Myllypuronkatu'}, 'city': 'Pyhäntä', 'state': 'Åland', 'country': 'Finland', 'postcode': 67081, 'coordinates': {'latitude': '-28.2153', 'longitude': '-105.2995'}, 'timezone': {'offset': '+7:00', 'description': 'Bangkok, Hanoi, Jakarta'}}, 'email': 'peetu.saarela@example.com', 'login': {'uuid': 'ccd27bfa-5826-4e70-af02-16b91abdcd52', 'username': 'beautifulcat200', 'password': 'vectra', 'salt': 'uGiz4Ba4', 'md5': 'f346f114eb8530f79507fa10d17c2451', 'sha1': '0f95448c9de422877a34258850428351c5a6b2f1', 'sha256': 'c21f4891b1392de38cc2599450e2b83287840c699204a66f70f463eefc94a0b3'}, 'dob': {'date': '1968-02-11T07:24:33.412Z', 'age': 56}, 'registered': {'date': '2016-08-04T04:50:54.849Z', 'age': 7}, 'phone': '02-678-783', 'cell': '041-033-12-42', 'id': {'name': 'HETU', 'value': 'NaNNA243undefined'}, 'picture': {'large': 'https://randomuser.me/api/portraits/men/59.jpg', 'medium': 'https://randomuser.me/api/portraits/med/men/59.jpg', 'thumbnail': 'https://randomuser.me/api/portraits/thumb/men/59.jpg'}, 'nat': 'FI'}], 'info': {'seed': '64713332ee0b0d84', 'results': 1, 'page': 1, 'version': '1.4'}}</msg>
<arg>${json_data}</arg>
<doc>Logs the given message with the given level.</doc>
<status status="PASS" start="2024-04-10T15:14:46.724210" elapsed="0.000238"/>
</kw>
<kw name="Should Be Equal As Numbers" owner="BuiltIn">
<arg>${json_data['results'][0]['location']['postcode']}</arg>
<arg>${json_data['results'][0]['location']['postcode']}</arg>
<doc>Fails if objects are unequal after converting them to real numbers.</doc>
<status status="PASS" start="2024-04-10T15:14:46.724757" elapsed="0.000620"/>
</kw>
<kw name="Log" owner="BuiltIn">
<msg time="2024-04-10T15:14:46.725899" level="INFO">67081</msg>
<arg>${json_data['results'][0]['location']['postcode']}</arg>
<doc>Logs the given message with the given level.</doc>
<status status="PASS" start="2024-04-10T15:14:46.725568" elapsed="0.000371"/>
</kw>
<status status="PASS" start="2024-04-10T15:14:46.621737" elapsed="0.104456"/>
</kw>
<doc>Testa se os tipos de dados na resposta da API estão corretos.</doc>
<tag>testeTiposDados</tag>
<status status="PASS" start="2024-04-10T15:14:46.025963" elapsed="0.700401"/>
</test>
<test id="s1-s1-t5" name="Validar conteudo" line="35">
<kw name="Teste de Tipos de Conteudo" owner="random-user-service">
<kw name="GET On Session" owner="RequestsLibrary">
<msg time="2024-04-10T15:14:46.823893" level="INFO">GET Request : url=https://randomuser.me/api 
 path_url=/api 
 headers={'User-Agent': 'python-requests/2.31.0', 'Accept-Encoding': 'gzip, deflate', 'Accept': '*/*', 'Connection': 'keep-alive'} 
 body=None 
 </msg>
<msg time="2024-04-10T15:14:46.823996" level="INFO">GET Response : url=https://randomuser.me/api 
 status=200, reason=OK 
 headers={'Date': 'Wed, 10 Apr 2024 15:14:46 GMT', 'Content-Type': 'application/json; charset=utf-8', 'Transfer-Encoding': 'chunked', 'Connection': 'keep-alive', 'X-Powered-By': 'Express', 'Access-Control-Allow-Origin': '*', 'Cache-Control': 'no-cache', 'ETag': 'W/"480-t2apZcKE4DGxIpyu0Bb9txWyv2E"', 'Vary': 'Accept-Encoding', 'Content-Encoding': 'gzip', 'CF-Cache-Status': 'DYNAMIC', 'Report-To': '{"endpoints":[{"url":"https:\\/\\/a.nel.cloudflare.com\\/report\\/v4?s=i19il27ufOJLKiV97dIHRxNBPmdAGdeOCWVz6ldnvpwqpHeMq8%2F4QojWZQpw1p0YVtdcEgAqxEVy717Ovt4YvfbEvoMbT%2F0My6vOVX6SfH%2BLLV%2FR0uv3bOMEOt5fUGrH"}],"group":"cf-nel","max_age":604800}', 'NEL': '{"success_fraction":0,"report_to":"cf-nel","max_age":604800}', 'Server': 'cloudflare', 'CF-RAY': '8723b04219977c56-LAX', 'alt-svc': 'h3=":443"; ma=86400'} 
 body={"results":[{"gender":"female","name":{"title":"Mrs","first":"Maddison","last":"Roberts"},"location":{"street":{"number":4752,"name":"High Street"},"city":"Ennis","state":"South Dublin","country":"Ireland","postcode":11249,"coordinates":{"latitude":"-2.4163","longitude":"126.3286"},"timezone":{"offset":"-3:30","description":"Newfoundland"}},"email":"maddison.roberts@example.com","login":{"uuid":"ac95756d-038d-4fa4-9450-64308b724e68","username":"angrygoose326","password":"europe","salt":"oH17Pqvq","md5":"95fb7c9210951ddcdaa3505dd50f5231","sha1":"4847019b20aedbaba4958e41eed2f94acd79e50c","sha256":"26c8fc1df61874a1b38d7748d0aeb79199d430c71af38689d20c2dd4f8819f95"},"dob":{"date":"1958-08-09T02:38:13.082Z","age":65},"registered":{"date":"2003-05-04T08:39:20.699Z","age":20},"phone":"061-412-8459","cell":"081-206-5658","id":{"name":"PPS","value":"3652730T"},"picture":{"large":"https://randomuser.me/api/portraits/women/53.jpg","medium":"https://randomuser.me/api/portraits/med/women/53.jpg","thumbnail":"https://randomuser.me/api/portraits/thumb/women/53.jpg"},"nat":"IE"}],"info":{"seed":"d69ce73d36c0a422","results":1,"page":1,"version":"1.4"}} 
 </msg>
<msg time="2024-04-10T15:14:46.824070" level="INFO">/opt/hostedtoolcache/Python/3.12.2/x64/lib/python3.12/site-packages/urllib3/connectionpool.py:1103: InsecureRequestWarning: Unverified HTTPS request is being made to host 'randomuser.me'. Adding certificate verification is strongly advised. See: https://urllib3.readthedocs.io/en/latest/advanced-usage.html#tls-warnings
  warnings.warn(</msg>
<msg time="2024-04-10T15:14:46.824189" level="INFO">${response} = &lt;Response [200]&gt;</msg>
<var>${response}</var>
<arg>consultarAPI</arg>
<arg>/api</arg>
<doc>Sends a GET request on a previously created HTTP Session.</doc>
<status status="PASS" start="2024-04-10T15:14:46.728807" elapsed="0.095413"/>
</kw>
<kw name="Set Variable" owner="BuiltIn">
<msg time="2024-04-10T15:14:46.825328" level="INFO">${json_data} = {'results': [{'gender': 'female', 'name': {'title': 'Mrs', 'first': 'Maddison', 'last': 'Roberts'}, 'location': {'street': {'number': 4752, 'name': 'High Street'}, 'city': 'Ennis', 'state': 'South Dub...</msg>
<var>${json_data}</var>
<arg>${response.json()}</arg>
<doc>Returns the given values which can then be assigned to a variables.</doc>
<status status="PASS" start="2024-04-10T15:14:46.824820" elapsed="0.000537"/>
</kw>
<kw name="Set Variable" owner="BuiltIn">
<msg time="2024-04-10T15:14:46.826048" level="INFO">${name_title} = Mrs</msg>
<var>${name_title}</var>
<arg>${json_data["results"][0]["name"]["title"]}</arg>
<doc>Returns the given values which can then be assigned to a variables.</doc>
<status status="PASS" start="2024-04-10T15:14:46.825663" elapsed="0.000409"/>
</kw>
<kw name="Create List" owner="BuiltIn">
<msg time="2024-04-10T15:14:46.826569" level="INFO">${allowed_titles} = ['Mr', 'Ms', 'Miss', 'Mrs', 'Madame', 'Monsieur']</msg>
<var>${allowed_titles}</var>
<arg>Mr</arg>
<arg>Ms</arg>
<arg>Miss</arg>
<arg>Mrs</arg>
<arg>Madame</arg>
<arg>Monsieur</arg>
<doc>Returns a list containing given items.</doc>
<status status="PASS" start="2024-04-10T15:14:46.826367" elapsed="0.000226"/>
</kw>
<kw name="List Should Contain Value" owner="Collections">
<msg time="2024-04-10T15:14:46.827073" level="INFO">False</msg>
<arg>${allowed_titles}</arg>
<arg>${name_title}</arg>
<doc>Fails if the ``value`` is not found from ``list``.</doc>
<status status="PASS" start="2024-04-10T15:14:46.826899" elapsed="0.000210"/>
</kw>
<kw name="Set Variable" owner="BuiltIn">
<msg time="2024-04-10T15:14:46.827774" level="INFO">${name_country} = IE</msg>
<var>${name_country}</var>
<arg>${json_data["results"][0]["nat"]}</arg>
<doc>Returns the given values which can then be assigned to a variables.</doc>
<status status="PASS" start="2024-04-10T15:14:46.827397" elapsed="0.000407"/>
</kw>
<kw name="Create List" owner="BuiltIn">
<msg time="2024-04-10T15:14:46.828712" level="INFO">${list_country} = ['AD', 'AE', 'AF', 'AG', 'AI', 'AL', 'AM', 'AO', 'AQ', 'AR', 'AS', 'AT', 'AU', 'AW', 'AX', 'AZ', 'BA', 'BB', 'BD', 'BE', 'BF', 'BG', 'BH', 'BI', 'BJ', 'BL', 'BM', 'BN', 'BO', 'BQ', 'BR', 'BS', 'BT', '...</msg>
<var>${list_country}</var>
<arg>AD</arg>
<arg>AE</arg>
<arg>AF</arg>
<arg>AG</arg>
<arg>AI</arg>
<arg>AL</arg>
<arg>AM</arg>
<arg>AO</arg>
<arg>AQ</arg>
<arg>AR</arg>
<arg>AS</arg>
<arg>AT</arg>
<arg>AU</arg>
<arg>AW</arg>
<arg>AX</arg>
<arg>AZ</arg>
<arg>BA</arg>
<arg>BB</arg>
<arg>BD</arg>
<arg>BE</arg>
<arg>BF</arg>
<arg>BG</arg>
<arg>BH</arg>
<arg>BI</arg>
<arg>BJ</arg>
<arg>BL</arg>
<arg>BM</arg>
<arg>BN</arg>
<arg>BO</arg>
<arg>BQ</arg>
<arg>BR</arg>
<arg>BS</arg>
<arg>BT</arg>
<arg>BV</arg>
<arg>BW</arg>
<arg>BY</arg>
<arg>BZ</arg>
<arg>CA</arg>
<arg>CC</arg>
<arg>CD</arg>
<arg>CF</arg>
<arg>CG</arg>
<arg>CH</arg>
<arg>CI</arg>
<arg>CK</arg>
<arg>CL</arg>
<arg>CM</arg>
<arg>CN</arg>
<arg>CO</arg>
<arg>CR</arg>
<arg>CU</arg>
<arg>CV</arg>
<arg>CW</arg>
<arg>CX</arg>
<arg>CY</arg>
<arg>CZ</arg>
<arg>DE</arg>
<arg>DJ</arg>
<arg>DK</arg>
<arg>DM</arg>
<arg>DO</arg>
<arg>DZ</arg>
<arg>EC</arg>
<arg>EE</arg>
<arg>EG</arg>
<arg>EH</arg>
<arg>ER</arg>
<arg>ES</arg>
<arg>ET</arg>
<arg>FI</arg>
<arg>FJ</arg>
<arg>FK</arg>
<arg>FM</arg>
<arg>FO</arg>
<arg>FR</arg>
<arg>GA</arg>
<arg>GB</arg>
<arg>GD</arg>
<arg>GE</arg>
<arg>GF</arg>
<arg>GG</arg>
<arg>GH</arg>
<arg>GI</arg>
<arg>GL</arg>
<arg>GM</arg>
<arg>GN</arg>
<arg>GP</arg>
<arg>GQ</arg>
<arg>GR</arg>
<arg>GS</arg>
<arg>GT</arg>
<arg>GU</arg>
<arg>GW</arg>
<arg>GY</arg>
<arg>HK</arg>
<arg>HM</arg>
<arg>HN</arg>
<arg>HR</arg>
<arg>HT</arg>
<arg>HU</arg>
<arg>ID</arg>
<arg>IE</arg>
<arg>IL</arg>
<arg>IM</arg>
<arg>IN</arg>
<arg>IO</arg>
<arg>IQ</arg>
<arg>IR</arg>
<arg>IS</arg>
<arg>IT</arg>
<arg>JE</arg>
<arg>JM</arg>
<arg>JO</arg>
<arg>JP</arg>
<arg>KE</arg>
<arg>KG</arg>
<arg>KH</arg>
<arg>KI</arg>
<arg>KM</arg>
<arg>KN</arg>
<arg>KP</arg>
<arg>KR</arg>
<arg>KW</arg>
<arg>KY</arg>
<arg>KZ</arg>
<arg>LA</arg>
<arg>LB</arg>
<arg>LC</arg>
<arg>LI</arg>
<arg>LK</arg>
<arg>LR</arg>
<arg>LS</arg>
<arg>LT</arg>
<arg>LU</arg>
<arg>LV</arg>
<arg>LY</arg>
<arg>MA</arg>
<arg>MC</arg>
<arg>MD</arg>
<arg>ME</arg>
<arg>MF</arg>
<arg>MG</arg>
<arg>MH</arg>
<arg>MK</arg>
<arg>ML</arg>
<arg>MM</arg>
<arg>MN</arg>
<arg>MO</arg>
<arg>MP</arg>
<arg>MQ</arg>
<arg>MR</arg>
<arg>MS</arg>
<arg>MT</arg>
<arg>MU</arg>
<arg>MV</arg>
<arg>MW</arg>
<arg>MX</arg>
<arg>MY</arg>
<arg>MZ</arg>
<arg>NA</arg>
<arg>NC</arg>
<arg>NE</arg>
<arg>NF</arg>
<arg>NG</arg>
<arg>NI</arg>
<arg>NL</arg>
<arg>NO</arg>
<arg>NP</arg>
<arg>NR</arg>
<arg>NU</arg>
<arg>NZ</arg>
<arg>OM</arg>
<arg>PA</arg>
<arg>PE</arg>
<arg>PF</arg>
<arg>PG</arg>
<arg>PH</arg>
<arg>PK</arg>
<arg>PL</arg>
<arg>PM</arg>
<arg>PN</arg>
<arg>PR</arg>
<arg>PS</arg>
<arg>PT</arg>
<arg>PW</arg>
<arg>PY</arg>
<arg>QA</arg>
<arg>RE</arg>
<arg>RO</arg>
<arg>RS</arg>
<arg>RU</arg>
<arg>RW</arg>
<arg>SA</arg>
<arg>SB</arg>
<arg>SC</arg>
<arg>SD</arg>
<arg>SE</arg>
<arg>SG</arg>
<arg>SH</arg>
<arg>SI</arg>
<arg>SJ</arg>
<arg>SK</arg>
<arg>SL</arg>
<arg>SM</arg>
<arg>SN</arg>
<arg>SO</arg>
<arg>SR</arg>
<arg>SS</arg>
<arg>ST</arg>
<arg>SV</arg>
<arg>SX</arg>
<arg>SY</arg>
<arg>SZ</arg>
<arg>TC</arg>
<arg>TD</arg>
<arg>TF</arg>
<arg>TG</arg>
<arg>TH</arg>
<arg>TJ</arg>
<arg>TK</arg>
<arg>TL</arg>
<arg>TM</arg>
<arg>TN</arg>
<arg>TO</arg>
<arg>TR</arg>
<arg>TT</arg>
<arg>TV</arg>
<arg>TW</arg>
<arg>TZ</arg>
<arg>UA</arg>
<arg>UG</arg>
<arg>UM</arg>
<arg>US</arg>
<arg>UY</arg>
<arg>UZ</arg>
<arg>VA</arg>
<arg>VC</arg>
<arg>VE</arg>
<arg>VG</arg>
<arg>VI</arg>
<arg>VN</arg>
<arg>VU</arg>
<arg>WF</arg>
<arg>WS</arg>
<arg>XK</arg>
<arg>YE</arg>
<arg>YT</arg>
<arg>ZA</arg>
<arg>ZM</arg>
<arg>ZW</arg>
<doc>Returns a list containing given items.</doc>
<status status="PASS" start="2024-04-10T15:14:46.828112" elapsed="0.000625"/>
</kw>
<kw name="List Should Contain Value" owner="Collections">
<msg time="2024-04-10T15:14:46.829719" level="INFO">False</msg>
<arg>${list_country}</arg>
<arg>${name_country}</arg>
<doc>Fails if the ``value`` is not found from ``list``.</doc>
<status status="PASS" start="2024-04-10T15:14:46.829519" elapsed="0.000236"/>
</kw>
<kw name="Run Keyword If" owner="BuiltIn">
<kw name="Should Be True" owner="BuiltIn">
<arg>${True}</arg>
<doc>Fails if the given condition is not true.</doc>
<status status="PASS" start="2024-04-10T15:14:46.830982" elapsed="0.000145"/>
</kw>
<arg>${json_data["results"][0]["location"]["coordinates"]["latitude"]} &gt;= -90 and ${json_data["results"][0]["location"]["coordinates"]["latitude"]} &lt;= 90</arg>
<arg>Should Be True</arg>
<arg>${True}</arg>
<doc>Runs the given keyword with the given arguments, if ``condition`` is true.</doc>
<status status="PASS" start="2024-04-10T15:14:46.830064" elapsed="0.001193"/>
</kw>
<kw name="Run Keyword If" owner="BuiltIn">
<kw name="Should Be True" owner="BuiltIn">
<arg>${True}</arg>
<doc>Fails if the given condition is not true.</doc>
<status status="PASS" start="2024-04-10T15:14:46.832142" elapsed="0.000139"/>
</kw>
<arg>${json_data["results"][0]["location"]["coordinates"]["longitude"]} &gt;= -180 and ${json_data["results"][0]["location"]["coordinates"]["longitude"]} &lt;= 180</arg>
<arg>Should Be True</arg>
<arg>${True}</arg>
<doc>Runs the given keyword with the given arguments, if ``condition`` is true.</doc>
<status status="PASS" start="2024-04-10T15:14:46.831443" elapsed="0.000960"/>
</kw>
<status status="PASS" start="2024-04-10T15:14:46.728579" elapsed="0.103956"/>
</kw>
<doc>Testa o conteúdo específico dos campos retornados pela API.</doc>
<tag>testeConteudo</tag>
<status status="PASS" start="2024-04-10T15:14:46.728119" elapsed="0.104570"/>
</test>
<status status="PASS" start="2024-04-10T15:14:45.298606" elapsed="1.536081"/>
</suite>
<status status="PASS" start="2024-04-10T15:14:45.284876" elapsed="1.555106"/>
</suite>
<statistics>
<total>
<stat pass="5" fail="0" skip="0">All Tests</stat>
</total>
<tag>
<stat pass="1" fail="0" skip="0">testeConteudo</stat>
<stat pass="1" fail="0" skip="0">testeEstruturaResposta</stat>
<stat pass="1" fail="0" skip="0">testeRequisicaoBasica</stat>
<stat pass="1" fail="0" skip="0">testeTiposDados</stat>
</tag>
<suite>
<stat pass="5" fail="0" skip="0" id="s1" name="Tests">Tests</stat>
<stat pass="5" fail="0" skip="0" id="s1-s1" name="Random-User-Test">Tests.Random-User-Test</stat>
</suite>
</statistics>
<errors>
</errors>
</robot>
