<?xml version="1.0" encoding="UTF-8"?>
<robot generator="Robot 7.0 (Python 3.12.2 on linux)" generated="2024-03-21T22:13:11.362897" rpa="false" schemaversion="5">
<suite id="s1" name="Tests" source="/home/runner/work/DesafioQAItauRogerioJordao/DesafioQAItauRogerioJordao/RamdonUser/tests">
<suite id="s1-s1" name="Random-User-Test" source="/home/runner/work/DesafioQAItauRogerioJordao/DesafioQAItauRogerioJordao/RamdonUser/tests/random-user-test.robot">
<test id="s1-s1-t1" name="Conectar" line="13">
<kw name="Conectar API" owner="random-user-service">
<kw name="Create Session" owner="RequestsLibrary">
<msg time="2024-03-21T22:13:11.718432" level="INFO">Creating Session using : alias=consultarAPI, url=https://randomuser.me/, headers={},                     cookies={}, auth=None, timeout=None, proxies=None, verify=False,                     debug=0 </msg>
<arg>consultarAPI</arg>
<arg>${URL}</arg>
<doc>Create Session: create a HTTP session to a server</doc>
<status status="PASS" start="2024-03-21T22:13:11.718214" elapsed="0.000401"/>
</kw>
<status status="PASS" start="2024-03-21T22:13:11.717125" elapsed="0.001861"/>
</kw>
<status status="PASS" start="2024-03-21T22:13:11.716470" elapsed="0.002732"/>
</test>
<test id="s1-s1-t2" name="Validar retorno 200 e JSON Válido" line="16">
<kw name="Teste de Requisicao Basica" owner="random-user-service">
<kw name="GET On Session" owner="RequestsLibrary">
<msg time="2024-03-21T22:13:11.782161" level="INFO">GET Request : url=https://randomuser.me/api 
 path_url=/api 
 headers={'User-Agent': 'python-requests/2.31.0', 'Accept-Encoding': 'gzip, deflate', 'Accept': '*/*', 'Connection': 'keep-alive'} 
 body=None 
 </msg>
<msg time="2024-03-21T22:13:11.782264" level="INFO">GET Response : url=https://randomuser.me/api 
 status=200, reason=OK 
 headers={'Date': 'Thu, 21 Mar 2024 22:13:11 GMT', 'Content-Type': 'application/json; charset=utf-8', 'Transfer-Encoding': 'chunked', 'Connection': 'keep-alive', 'X-Powered-By': 'Express', 'Access-Control-Allow-Origin': '*', 'Cache-Control': 'no-cache', 'ETag': 'W/"467-aQJkoH7HETvfvpvxoKQnW0rdDEA"', 'Vary': 'Accept-Encoding', 'Content-Encoding': 'gzip', 'CF-Cache-Status': 'DYNAMIC', 'Report-To': '{"endpoints":[{"url":"https:\\/\\/a.nel.cloudflare.com\\/report\\/v4?s=WX%2BvLrvK8WpUVwk7lHaaBeI11HI1hlX2%2ByOk2msvzBzzuatsqafsyRt%2FFO8pP5hoC1yppJasRFP7x0hK%2FuDbeieHqdRt%2FbBDSKmPjYyU0k7gOBcPELgytfMFvUjuqJdG"}],"group":"cf-nel","max_age":604800}', 'NEL': '{"success_fraction":0,"report_to":"cf-nel","max_age":604800}', 'Server': 'cloudflare', 'CF-RAY': '868149ac6edb2d21-IAD', 'alt-svc': 'h3=":443"; ma=86400'} 
 body={"results":[{"gender":"female","name":{"title":"Mrs","first":"Eva","last":"Adams"},"location":{"street":{"number":5547,"name":"Ormond Quay"},"city":"Wicklow","state":"Wicklow","country":"Ireland","postcode":45963,"coordinates":{"latitude":"-3.3826","longitude":"54.5864"},"timezone":{"offset":"-3:30","description":"Newfoundland"}},"email":"eva.adams@example.com","login":{"uuid":"505589ff-68a7-42ce-92e2-832e150bceaa","username":"blacklion274","password":"town","salt":"GNDhV4uj","md5":"09518f44ca0d9447bffee8f57bc968db","sha1":"bf66c12fe5856d013f7465cbbab6ea65a6b66111","sha256":"b6859c0754c8ea51faee7e76f809ee4018ea846e17aca02882d874a25605a30d"},"dob":{"date":"1954-05-19T11:23:54.112Z","age":69},"registered":{"date":"2019-11-22T20:36:40.722Z","age":4},"phone":"031-067-9662","cell":"081-732-4043","id":{"name":"PPS","value":"5233391T"},"picture":{"large":"https://randomuser.me/api/portraits/women/6.jpg","medium":"https://randomuser.me/api/portraits/med/women/6.jpg","thumbnail":"https://randomuser.me/api/portraits/thumb/women/6.jpg"},"nat":"IE"}],"info":{"seed":"f81202332e208474","results":1,"page":1,"version":"1.4"}} 
 </msg>
<msg time="2024-03-21T22:13:11.782360" level="INFO">/opt/hostedtoolcache/Python/3.12.2/x64/lib/python3.12/site-packages/urllib3/connectionpool.py:1103: InsecureRequestWarning: Unverified HTTPS request is being made to host 'randomuser.me'. Adding certificate verification is strongly advised. See: https://urllib3.readthedocs.io/en/latest/advanced-usage.html#tls-warnings
  warnings.warn(</msg>
<msg time="2024-03-21T22:13:11.782496" level="INFO">${response} = &lt;Response [200]&gt;</msg>
<var>${response}</var>
<arg>consultarAPI</arg>
<arg>/api</arg>
<doc>Sends a GET request on a previously created HTTP Session.</doc>
<status status="PASS" start="2024-03-21T22:13:11.721886" elapsed="0.060651"/>
</kw>
<kw name="Should Be Equal As Numbers" owner="BuiltIn">
<msg time="2024-03-21T22:13:11.783341" level="INFO">Argument types are:
&lt;class 'int'&gt;
&lt;class 'str'&gt;</msg>
<arg>${response.status_code}</arg>
<arg>200</arg>
<doc>Fails if objects are unequal after converting them to real numbers.</doc>
<status status="PASS" start="2024-03-21T22:13:11.782939" elapsed="0.000466"/>
</kw>
<kw name="Log" owner="BuiltIn">
<msg time="2024-03-21T22:13:11.784108" level="INFO">200</msg>
<arg>${response.status_code}</arg>
<doc>Logs the given message with the given level.</doc>
<status status="PASS" start="2024-03-21T22:13:11.783746" elapsed="0.000407"/>
</kw>
<kw name="Set Variable" owner="BuiltIn">
<msg time="2024-03-21T22:13:11.784944" level="INFO">${json_data} = {'results': [{'gender': 'female', 'name': {'title': 'Mrs', 'first': 'Eva', 'last': 'Adams'}, 'location': {'street': {'number': 5547, 'name': 'Ormond Quay'}, 'city': 'Wicklow', 'state': 'Wicklow', 'cou...</msg>
<var>${json_data}</var>
<arg>${response.json()}</arg>
<doc>Returns the given values which can then be assigned to a variables.</doc>
<status status="PASS" start="2024-03-21T22:13:11.784499" elapsed="0.000475"/>
</kw>
<kw name="Dictionary Should Contain Key" owner="Collections">
<msg time="2024-03-21T22:13:11.785456" level="INFO">False</msg>
<arg>${json_data}</arg>
<arg>results</arg>
<doc>Fails if ``key`` is not found from ``dictionary``.</doc>
<status status="PASS" start="2024-03-21T22:13:11.785288" elapsed="0.000209"/>
</kw>
<status status="PASS" start="2024-03-21T22:13:11.721599" elapsed="0.064183"/>
</kw>
<doc>Testa se a API responde corretamente e retorna um objeto JSON válido.</doc>
<tag>testeRequisicaoBasica</tag>
<status status="PASS" start="2024-03-21T22:13:11.721067" elapsed="0.064898"/>
</test>
<test id="s1-s1-t3" name="Validar estrutura de resposta" line="22">
<kw name="Teste de Estrutura de Resposta" owner="random-user-service">
<kw name="GET On Session" owner="RequestsLibrary">
<msg time="2024-03-21T22:13:11.889012" level="INFO">GET Request : url=https://randomuser.me/api 
 path_url=/api 
 headers={'User-Agent': 'python-requests/2.31.0', 'Accept-Encoding': 'gzip, deflate', 'Accept': '*/*', 'Connection': 'keep-alive'} 
 body=None 
 </msg>
<msg time="2024-03-21T22:13:11.889128" level="INFO">GET Response : url=https://randomuser.me/api 
 status=200, reason=OK 
 headers={'Date': 'Thu, 21 Mar 2024 22:13:11 GMT', 'Content-Type': 'application/json; charset=utf-8', 'Transfer-Encoding': 'chunked', 'Connection': 'keep-alive', 'X-Powered-By': 'Express', 'Access-Control-Allow-Origin': '*', 'Cache-Control': 'no-cache', 'ETag': 'W/"489-T8yPznjJYTZmojikMHPjQAuatlk"', 'Vary': 'Accept-Encoding', 'Content-Encoding': 'gzip', 'CF-Cache-Status': 'DYNAMIC', 'Report-To': '{"endpoints":[{"url":"https:\\/\\/a.nel.cloudflare.com\\/report\\/v4?s=hpn05DG3keeL2vt%2Ba0DE3b%2BVENeoOv2CXyBi9D9iCb1lFxoL0v5iuNNmOcfYsCYfpxq0F6PAe7dGhRv3sqgQdwR2%2Bd1IQRJln8esebWodAWfNHIyuGSyBlsfTna0yQne"}],"group":"cf-nel","max_age":604800}', 'NEL': '{"success_fraction":0,"report_to":"cf-nel","max_age":604800}', 'Server': 'cloudflare', 'CF-RAY': '868149acbf4c2d21-IAD', 'alt-svc': 'h3=":443"; ma=86400'} 
 body={"results":[{"gender":"male","name":{"title":"Mr","first":"Svyatolyub","last":"Zagorovskiy"},"location":{"street":{"number":8236,"name":"Yana de Vitte"},"city":"Boguslav","state":"Odeska","country":"Ukraine","postcode":24246,"coordinates":{"latitude":"73.4717","longitude":"-142.8281"},"timezone":{"offset":"-11:00","description":"Midway Island, Samoa"}},"email":"svyatolyub.zagorovskiy@example.com","login":{"uuid":"c50d0192-e101-4b28-9b7a-ecd39709f965","username":"heavyostrich942","password":"plumber","salt":"5gbdSlHK","md5":"15ca9a57e4df7b38a29ae231c6cf60ec","sha1":"171ba522f03461e41cbdf8233e0d4581bf09a3aa","sha256":"cea29cff86c18effd2c2b5e9fab46a6a268bd6e745eef627593fc96822e48777"},"dob":{"date":"1990-04-14T14:13:07.425Z","age":33},"registered":{"date":"2019-04-29T14:34:58.970Z","age":4},"phone":"(096) L05-9533","cell":"(096) U76-1892","id":{"name":"","value":null},"picture":{"large":"https://randomuser.me/api/portraits/men/22.jpg","medium":"https://randomuser.me/api/portraits/med/men/22.jpg","thumbnail":"https://randomuser.me/api/portraits/thumb/men/22.jpg"},"nat":"UA"}],"info":{"seed":"1902c0d814a69eec","results":1,"page":1,"version":"1.4"}} 
 </msg>
<msg time="2024-03-21T22:13:11.889280" level="INFO">/opt/hostedtoolcache/Python/3.12.2/x64/lib/python3.12/site-packages/urllib3/connectionpool.py:1103: InsecureRequestWarning: Unverified HTTPS request is being made to host 'randomuser.me'. Adding certificate verification is strongly advised. See: https://urllib3.readthedocs.io/en/latest/advanced-usage.html#tls-warnings
  warnings.warn(</msg>
<msg time="2024-03-21T22:13:11.889434" level="INFO">${response} = &lt;Response [200]&gt;</msg>
<var>${response}</var>
<arg>consultarAPI</arg>
<arg>/api</arg>
<doc>Sends a GET request on a previously created HTTP Session.</doc>
<status status="PASS" start="2024-03-21T22:13:11.788766" elapsed="0.100716"/>
</kw>
<kw name="Set Variable" owner="BuiltIn">
<msg time="2024-03-21T22:13:11.890572" level="INFO">${json_data} = {'results': [{'gender': 'male', 'name': {'title': 'Mr', 'first': 'Svyatolyub', 'last': 'Zagorovskiy'}, 'location': {'street': {'number': 8236, 'name': 'Yana de Vitte'}, 'city': 'Boguslav', 'state': 'O...</msg>
<var>${json_data}</var>
<arg>${response.json()}</arg>
<doc>Returns the given values which can then be assigned to a variables.</doc>
<status status="PASS" start="2024-03-21T22:13:11.890033" elapsed="0.000569"/>
</kw>
<kw name="Log" owner="BuiltIn">
<msg time="2024-03-21T22:13:11.891123" level="INFO">{'results': [{'gender': 'male', 'name': {'title': 'Mr', 'first': 'Svyatolyub', 'last': 'Zagorovskiy'}, 'location': {'street': {'number': 8236, 'name': 'Yana de Vitte'}, 'city': 'Boguslav', 'state': 'Odeska', 'country': 'Ukraine', 'postcode': 24246, 'coordinates': {'latitude': '73.4717', 'longitude': '-142.8281'}, 'timezone': {'offset': '-11:00', 'description': 'Midway Island, Samoa'}}, 'email': 'svyatolyub.zagorovskiy@example.com', 'login': {'uuid': 'c50d0192-e101-4b28-9b7a-ecd39709f965', 'username': 'heavyostrich942', 'password': 'plumber', 'salt': '5gbdSlHK', 'md5': '15ca9a57e4df7b38a29ae231c6cf60ec', 'sha1': '171ba522f03461e41cbdf8233e0d4581bf09a3aa', 'sha256': 'cea29cff86c18effd2c2b5e9fab46a6a268bd6e745eef627593fc96822e48777'}, 'dob': {'date': '1990-04-14T14:13:07.425Z', 'age': 33}, 'registered': {'date': '2019-04-29T14:34:58.970Z', 'age': 4}, 'phone': '(096) L05-9533', 'cell': '(096) U76-1892', 'id': {'name': '', 'value': None}, 'picture': {'large': 'https://randomuser.me/api/portraits/men/22.jpg', 'medium': 'https://randomuser.me/api/portraits/med/men/22.jpg', 'thumbnail': 'https://randomuser.me/api/portraits/thumb/men/22.jpg'}, 'nat': 'UA'}], 'info': {'seed': '1902c0d814a69eec', 'results': 1, 'page': 1, 'version': '1.4'}}</msg>
<arg>${json_data}</arg>
<doc>Logs the given message with the given level.</doc>
<status status="PASS" start="2024-03-21T22:13:11.890953" elapsed="0.000220"/>
</kw>
<kw name="Dictionary Should Contain Key" owner="Collections">
<msg time="2024-03-21T22:13:11.891643" level="INFO">False</msg>
<arg>${json_data}</arg>
<arg>results</arg>
<doc>Fails if ``key`` is not found from ``dictionary``.</doc>
<status status="PASS" start="2024-03-21T22:13:11.891481" elapsed="0.000201"/>
</kw>
<kw name="Should Not Be Empty" owner="BuiltIn">
<msg time="2024-03-21T22:13:11.892127" level="INFO">Length is 2.</msg>
<arg>${json_data}</arg>
<doc>Verifies that the given item is not empty.</doc>
<status status="PASS" start="2024-03-21T22:13:11.891986" elapsed="0.000182"/>
</kw>
<kw name="Create List" owner="BuiltIn">
<msg time="2024-03-21T22:13:11.892625" level="INFO">${expected_keys} = ['gender', 'name', 'location', 'email', 'login']</msg>
<var>${expected_keys}</var>
<arg>gender</arg>
<arg>name</arg>
<arg>location</arg>
<arg>email</arg>
<arg>login</arg>
<doc>Returns a list containing given items.</doc>
<status status="PASS" start="2024-03-21T22:13:11.892465" elapsed="0.000185"/>
</kw>
<for flavor="IN">
<iter>
<kw name="Dictionary Should Contain Key" owner="Collections">
<msg time="2024-03-21T22:13:11.893670" level="INFO">False</msg>
<arg>${json_data['results'][0]}</arg>
<arg>${key}</arg>
<doc>Fails if ``key`` is not found from ``dictionary``.</doc>
<status status="PASS" start="2024-03-21T22:13:11.893249" elapsed="0.000461"/>
</kw>
<kw name="Log" owner="BuiltIn">
<msg time="2024-03-21T22:13:11.894424" level="INFO">{'gender': 'male', 'name': {'title': 'Mr', 'first': 'Svyatolyub', 'last': 'Zagorovskiy'}, 'location': {'street': {'number': 8236, 'name': 'Yana de Vitte'}, 'city': 'Boguslav', 'state': 'Odeska', 'country': 'Ukraine', 'postcode': 24246, 'coordinates': {'latitude': '73.4717', 'longitude': '-142.8281'}, 'timezone': {'offset': '-11:00', 'description': 'Midway Island, Samoa'}}, 'email': 'svyatolyub.zagorovskiy@example.com', 'login': {'uuid': 'c50d0192-e101-4b28-9b7a-ecd39709f965', 'username': 'heavyostrich942', 'password': 'plumber', 'salt': '5gbdSlHK', 'md5': '15ca9a57e4df7b38a29ae231c6cf60ec', 'sha1': '171ba522f03461e41cbdf8233e0d4581bf09a3aa', 'sha256': 'cea29cff86c18effd2c2b5e9fab46a6a268bd6e745eef627593fc96822e48777'}, 'dob': {'date': '1990-04-14T14:13:07.425Z', 'age': 33}, 'registered': {'date': '2019-04-29T14:34:58.970Z', 'age': 4}, 'phone': '(096) L05-9533', 'cell': '(096) U76-1892', 'id': {'name': '', 'value': None}, 'picture': {'large': 'https://randomuser.me/api/portraits/men/22.jpg', 'medium': 'https://randomuser.me/api/portraits/med/men/22.jpg', 'thumbnail': 'https://randomuser.me/api/portraits/thumb/men/22.jpg'}, 'nat': 'UA'}</msg>
<arg>${json_data['results'][0]}</arg>
<doc>Logs the given message with the given level.</doc>
<status status="PASS" start="2024-03-21T22:13:11.894055" elapsed="0.000423"/>
</kw>
<kw name="Log" owner="BuiltIn">
<msg time="2024-03-21T22:13:11.894909" level="INFO">gender</msg>
<arg>${key}</arg>
<doc>Logs the given message with the given level.</doc>
<status status="PASS" start="2024-03-21T22:13:11.894780" elapsed="0.000168"/>
</kw>
<var name="${key}">gender</var>
<status status="PASS" start="2024-03-21T22:13:11.893119" elapsed="0.002064"/>
</iter>
<iter>
<kw name="Dictionary Should Contain Key" owner="Collections">
<msg time="2024-03-21T22:13:11.895881" level="INFO">False</msg>
<arg>${json_data['results'][0]}</arg>
<arg>${key}</arg>
<doc>Fails if ``key`` is not found from ``dictionary``.</doc>
<status status="PASS" start="2024-03-21T22:13:11.895493" elapsed="0.000427"/>
</kw>
<kw name="Log" owner="BuiltIn">
<msg time="2024-03-21T22:13:11.896616" level="INFO">{'gender': 'male', 'name': {'title': 'Mr', 'first': 'Svyatolyub', 'last': 'Zagorovskiy'}, 'location': {'street': {'number': 8236, 'name': 'Yana de Vitte'}, 'city': 'Boguslav', 'state': 'Odeska', 'country': 'Ukraine', 'postcode': 24246, 'coordinates': {'latitude': '73.4717', 'longitude': '-142.8281'}, 'timezone': {'offset': '-11:00', 'description': 'Midway Island, Samoa'}}, 'email': 'svyatolyub.zagorovskiy@example.com', 'login': {'uuid': 'c50d0192-e101-4b28-9b7a-ecd39709f965', 'username': 'heavyostrich942', 'password': 'plumber', 'salt': '5gbdSlHK', 'md5': '15ca9a57e4df7b38a29ae231c6cf60ec', 'sha1': '171ba522f03461e41cbdf8233e0d4581bf09a3aa', 'sha256': 'cea29cff86c18effd2c2b5e9fab46a6a268bd6e745eef627593fc96822e48777'}, 'dob': {'date': '1990-04-14T14:13:07.425Z', 'age': 33}, 'registered': {'date': '2019-04-29T14:34:58.970Z', 'age': 4}, 'phone': '(096) L05-9533', 'cell': '(096) U76-1892', 'id': {'name': '', 'value': None}, 'picture': {'large': 'https://randomuser.me/api/portraits/men/22.jpg', 'medium': 'https://randomuser.me/api/portraits/med/men/22.jpg', 'thumbnail': 'https://randomuser.me/api/portraits/thumb/men/22.jpg'}, 'nat': 'UA'}</msg>
<arg>${json_data['results'][0]}</arg>
<doc>Logs the given message with the given level.</doc>
<status status="PASS" start="2024-03-21T22:13:11.896253" elapsed="0.000412"/>
</kw>
<kw name="Log" owner="BuiltIn">
<msg time="2024-03-21T22:13:11.897104" level="INFO">name</msg>
<arg>${key}</arg>
<doc>Logs the given message with the given level.</doc>
<status status="PASS" start="2024-03-21T22:13:11.896966" elapsed="0.000177"/>
</kw>
<var name="${key}">name</var>
<status status="PASS" start="2024-03-21T22:13:11.895377" elapsed="0.001982"/>
</iter>
<iter>
<kw name="Dictionary Should Contain Key" owner="Collections">
<msg time="2024-03-21T22:13:11.898070" level="INFO">False</msg>
<arg>${json_data['results'][0]}</arg>
<arg>${key}</arg>
<doc>Fails if ``key`` is not found from ``dictionary``.</doc>
<status status="PASS" start="2024-03-21T22:13:11.897651" elapsed="0.000459"/>
</kw>
<kw name="Log" owner="BuiltIn">
<msg time="2024-03-21T22:13:11.898784" level="INFO">{'gender': 'male', 'name': {'title': 'Mr', 'first': 'Svyatolyub', 'last': 'Zagorovskiy'}, 'location': {'street': {'number': 8236, 'name': 'Yana de Vitte'}, 'city': 'Boguslav', 'state': 'Odeska', 'country': 'Ukraine', 'postcode': 24246, 'coordinates': {'latitude': '73.4717', 'longitude': '-142.8281'}, 'timezone': {'offset': '-11:00', 'description': 'Midway Island, Samoa'}}, 'email': 'svyatolyub.zagorovskiy@example.com', 'login': {'uuid': 'c50d0192-e101-4b28-9b7a-ecd39709f965', 'username': 'heavyostrich942', 'password': 'plumber', 'salt': '5gbdSlHK', 'md5': '15ca9a57e4df7b38a29ae231c6cf60ec', 'sha1': '171ba522f03461e41cbdf8233e0d4581bf09a3aa', 'sha256': 'cea29cff86c18effd2c2b5e9fab46a6a268bd6e745eef627593fc96822e48777'}, 'dob': {'date': '1990-04-14T14:13:07.425Z', 'age': 33}, 'registered': {'date': '2019-04-29T14:34:58.970Z', 'age': 4}, 'phone': '(096) L05-9533', 'cell': '(096) U76-1892', 'id': {'name': '', 'value': None}, 'picture': {'large': 'https://randomuser.me/api/portraits/men/22.jpg', 'medium': 'https://randomuser.me/api/portraits/med/men/22.jpg', 'thumbnail': 'https://randomuser.me/api/portraits/thumb/men/22.jpg'}, 'nat': 'UA'}</msg>
<arg>${json_data['results'][0]}</arg>
<doc>Logs the given message with the given level.</doc>
<status status="PASS" start="2024-03-21T22:13:11.898417" elapsed="0.000420"/>
</kw>
<kw name="Log" owner="BuiltIn">
<msg time="2024-03-21T22:13:11.899261" level="INFO">location</msg>
<arg>${key}</arg>
<doc>Logs the given message with the given level.</doc>
<status status="PASS" start="2024-03-21T22:13:11.899134" elapsed="0.000166"/>
</kw>
<var name="${key}">location</var>
<status status="PASS" start="2024-03-21T22:13:11.897539" elapsed="0.001979"/>
</iter>
<iter>
<kw name="Dictionary Should Contain Key" owner="Collections">
<msg time="2024-03-21T22:13:11.900177" level="INFO">False</msg>
<arg>${json_data['results'][0]}</arg>
<arg>${key}</arg>
<doc>Fails if ``key`` is not found from ``dictionary``.</doc>
<status status="PASS" start="2024-03-21T22:13:11.899802" elapsed="0.000413"/>
</kw>
<kw name="Log" owner="BuiltIn">
<msg time="2024-03-21T22:13:11.900877" level="INFO">{'gender': 'male', 'name': {'title': 'Mr', 'first': 'Svyatolyub', 'last': 'Zagorovskiy'}, 'location': {'street': {'number': 8236, 'name': 'Yana de Vitte'}, 'city': 'Boguslav', 'state': 'Odeska', 'country': 'Ukraine', 'postcode': 24246, 'coordinates': {'latitude': '73.4717', 'longitude': '-142.8281'}, 'timezone': {'offset': '-11:00', 'description': 'Midway Island, Samoa'}}, 'email': 'svyatolyub.zagorovskiy@example.com', 'login': {'uuid': 'c50d0192-e101-4b28-9b7a-ecd39709f965', 'username': 'heavyostrich942', 'password': 'plumber', 'salt': '5gbdSlHK', 'md5': '15ca9a57e4df7b38a29ae231c6cf60ec', 'sha1': '171ba522f03461e41cbdf8233e0d4581bf09a3aa', 'sha256': 'cea29cff86c18effd2c2b5e9fab46a6a268bd6e745eef627593fc96822e48777'}, 'dob': {'date': '1990-04-14T14:13:07.425Z', 'age': 33}, 'registered': {'date': '2019-04-29T14:34:58.970Z', 'age': 4}, 'phone': '(096) L05-9533', 'cell': '(096) U76-1892', 'id': {'name': '', 'value': None}, 'picture': {'large': 'https://randomuser.me/api/portraits/men/22.jpg', 'medium': 'https://randomuser.me/api/portraits/med/men/22.jpg', 'thumbnail': 'https://randomuser.me/api/portraits/thumb/men/22.jpg'}, 'nat': 'UA'}</msg>
<arg>${json_data['results'][0]}</arg>
<doc>Logs the given message with the given level.</doc>
<status status="PASS" start="2024-03-21T22:13:11.900514" elapsed="0.000411"/>
</kw>
<kw name="Log" owner="BuiltIn">
<msg time="2024-03-21T22:13:11.901344" level="INFO">email</msg>
<arg>${key}</arg>
<doc>Logs the given message with the given level.</doc>
<status status="PASS" start="2024-03-21T22:13:11.901217" elapsed="0.000166"/>
</kw>
<var name="${key}">email</var>
<status status="PASS" start="2024-03-21T22:13:11.899691" elapsed="0.001906"/>
</iter>
<iter>
<kw name="Dictionary Should Contain Key" owner="Collections">
<msg time="2024-03-21T22:13:11.902311" level="INFO">False</msg>
<arg>${json_data['results'][0]}</arg>
<arg>${key}</arg>
<doc>Fails if ``key`` is not found from ``dictionary``.</doc>
<status status="PASS" start="2024-03-21T22:13:11.901923" elapsed="0.000426"/>
</kw>
<kw name="Log" owner="BuiltIn">
<msg time="2024-03-21T22:13:11.903023" level="INFO">{'gender': 'male', 'name': {'title': 'Mr', 'first': 'Svyatolyub', 'last': 'Zagorovskiy'}, 'location': {'street': {'number': 8236, 'name': 'Yana de Vitte'}, 'city': 'Boguslav', 'state': 'Odeska', 'country': 'Ukraine', 'postcode': 24246, 'coordinates': {'latitude': '73.4717', 'longitude': '-142.8281'}, 'timezone': {'offset': '-11:00', 'description': 'Midway Island, Samoa'}}, 'email': 'svyatolyub.zagorovskiy@example.com', 'login': {'uuid': 'c50d0192-e101-4b28-9b7a-ecd39709f965', 'username': 'heavyostrich942', 'password': 'plumber', 'salt': '5gbdSlHK', 'md5': '15ca9a57e4df7b38a29ae231c6cf60ec', 'sha1': '171ba522f03461e41cbdf8233e0d4581bf09a3aa', 'sha256': 'cea29cff86c18effd2c2b5e9fab46a6a268bd6e745eef627593fc96822e48777'}, 'dob': {'date': '1990-04-14T14:13:07.425Z', 'age': 33}, 'registered': {'date': '2019-04-29T14:34:58.970Z', 'age': 4}, 'phone': '(096) L05-9533', 'cell': '(096) U76-1892', 'id': {'name': '', 'value': None}, 'picture': {'large': 'https://randomuser.me/api/portraits/men/22.jpg', 'medium': 'https://randomuser.me/api/portraits/med/men/22.jpg', 'thumbnail': 'https://randomuser.me/api/portraits/thumb/men/22.jpg'}, 'nat': 'UA'}</msg>
<arg>${json_data['results'][0]}</arg>
<doc>Logs the given message with the given level.</doc>
<status status="PASS" start="2024-03-21T22:13:11.902660" elapsed="0.000411"/>
</kw>
<kw name="Log" owner="BuiltIn">
<msg time="2024-03-21T22:13:11.903500" level="INFO">login</msg>
<arg>${key}</arg>
<doc>Logs the given message with the given level.</doc>
<status status="PASS" start="2024-03-21T22:13:11.903373" elapsed="0.000274"/>
</kw>
<var name="${key}">login</var>
<status status="PASS" start="2024-03-21T22:13:11.901808" elapsed="0.002102"/>
</iter>
<var>${key}</var>
<value>@{expected_keys}</value>
<status status="PASS" start="2024-03-21T22:13:11.892917" elapsed="0.011121"/>
</for>
<kw name="Create List" owner="BuiltIn">
<msg time="2024-03-21T22:13:11.904376" level="INFO">${expected_keysTwo} = ['username', 'password']</msg>
<var>${expected_keysTwo}</var>
<arg>username</arg>
<arg>password</arg>
<doc>Returns a list containing given items.</doc>
<status status="PASS" start="2024-03-21T22:13:11.904237" elapsed="0.000164"/>
</kw>
<for flavor="IN">
<iter>
<kw name="Dictionary Should Contain Key" owner="Collections">
<msg time="2024-03-21T22:13:11.905295" level="INFO">False</msg>
<arg>${json_data['results'][0]['login']}</arg>
<arg>${keyTwo}</arg>
<doc>Fails if ``key`` is not found from ``dictionary``.</doc>
<status status="PASS" start="2024-03-21T22:13:11.904913" elapsed="0.000420"/>
</kw>
<kw name="Dictionary Should Contain Key" owner="Collections">
<msg time="2024-03-21T22:13:11.906047" level="INFO">False</msg>
<arg>${json_data['results'][0]['login']}</arg>
<arg>${keyTwo}</arg>
<doc>Fails if ``key`` is not found from ``dictionary``.</doc>
<status status="PASS" start="2024-03-21T22:13:11.905628" elapsed="0.000458"/>
</kw>
<kw name="Log" owner="BuiltIn">
<msg time="2024-03-21T22:13:11.906510" level="INFO">username</msg>
<arg>${keyTwo}</arg>
<doc>Logs the given message with the given level.</doc>
<status status="PASS" start="2024-03-21T22:13:11.906383" elapsed="0.000165"/>
</kw>
<var name="${keyTwo}">username</var>
<status status="PASS" start="2024-03-21T22:13:11.904803" elapsed="0.001959"/>
</iter>
<iter>
<kw name="Dictionary Should Contain Key" owner="Collections">
<msg time="2024-03-21T22:13:11.907435" level="INFO">False</msg>
<arg>${json_data['results'][0]['login']}</arg>
<arg>${keyTwo}</arg>
<doc>Fails if ``key`` is not found from ``dictionary``.</doc>
<status status="PASS" start="2024-03-21T22:13:11.907045" elapsed="0.000429"/>
</kw>
<kw name="Dictionary Should Contain Key" owner="Collections">
<msg time="2024-03-21T22:13:11.908146" level="INFO">False</msg>
<arg>${json_data['results'][0]['login']}</arg>
<arg>${keyTwo}</arg>
<doc>Fails if ``key`` is not found from ``dictionary``.</doc>
<status status="PASS" start="2024-03-21T22:13:11.907766" elapsed="0.000418"/>
</kw>
<kw name="Log" owner="BuiltIn">
<msg time="2024-03-21T22:13:11.908608" level="INFO">password</msg>
<arg>${keyTwo}</arg>
<doc>Logs the given message with the given level.</doc>
<status status="PASS" start="2024-03-21T22:13:11.908481" elapsed="0.000165"/>
</kw>
<var name="${keyTwo}">password</var>
<status status="PASS" start="2024-03-21T22:13:11.906935" elapsed="0.001927"/>
</iter>
<var>${keyTwo}</var>
<value>@{expected_keysTwo}</value>
<status status="PASS" start="2024-03-21T22:13:11.904647" elapsed="0.004338"/>
</for>
<status status="PASS" start="2024-03-21T22:13:11.788505" elapsed="0.120627"/>
</kw>
<doc>Testa a estrutura da resposta da API.</doc>
<tag>testeEstruturaResposta</tag>
<status status="PASS" start="2024-03-21T22:13:11.787798" elapsed="0.121504"/>
</test>
<test id="s1-s1-t4" name="Validar tipos de dados" line="28">
<kw name="Teste de Tipos de Dados" owner="random-user-service">
<kw name="GET On Session" owner="RequestsLibrary">
<msg time="2024-03-21T22:13:11.979845" level="INFO">GET Request : url=https://randomuser.me/api 
 path_url=/api 
 headers={'User-Agent': 'python-requests/2.31.0', 'Accept-Encoding': 'gzip, deflate', 'Accept': '*/*', 'Connection': 'keep-alive'} 
 body=None 
 </msg>
<msg time="2024-03-21T22:13:11.979927" level="INFO">GET Response : url=https://randomuser.me/api 
 status=200, reason=OK 
 headers={'Date': 'Thu, 21 Mar 2024 22:13:11 GMT', 'Content-Type': 'application/json; charset=utf-8', 'Transfer-Encoding': 'chunked', 'Connection': 'keep-alive', 'X-Powered-By': 'Express', 'Access-Control-Allow-Origin': '*', 'Cache-Control': 'no-cache', 'ETag': 'W/"497-P0CPRym2prr893ThXg4TbeoNNdw"', 'Vary': 'Accept-Encoding', 'Content-Encoding': 'gzip', 'CF-Cache-Status': 'DYNAMIC', 'Report-To': '{"endpoints":[{"url":"https:\\/\\/a.nel.cloudflare.com\\/report\\/v4?s=Me3va48IWNJiSYCI86LBy07oN%2FCx0QJQ0XKhhCUex7DkQLXkKy89x5CmP2vZCAm8SCaxC9vpQZZYzaMkKk%2FCCUU25xuSTo%2Bs%2BSFeglaW7BMhvyqG2A7ZNyp6a690tnLd"}],"group":"cf-nel","max_age":604800}', 'NEL': '{"success_fraction":0,"report_to":"cf-nel","max_age":604800}', 'Server': 'cloudflare', 'CF-RAY': '868149ad780b2d21-IAD', 'alt-svc': 'h3=":443"; ma=86400'} 
 body={"results":[{"gender":"female","name":{"title":"Ms","first":"Jasna","last":"Lazić"},"location":{"street":{"number":2614,"name":"Živana Todorovića"},"city":"Prijepolje","state":"Pirot","country":"Serbia","postcode":92704,"coordinates":{"latitude":"60.0917","longitude":"83.6293"},"timezone":{"offset":"-5:00","description":"Eastern Time (US &amp; Canada), Bogota, Lima"}},"email":"jasna.lazic@example.com","login":{"uuid":"55c34fa8-ea49-410b-b10f-924ff6622ec3","username":"yellowlion249","password":"1dragon","salt":"PtKhaR0h","md5":"e15b358b0b719a3413b6556dc6c00197","sha1":"be0ddb6b5e1a27d3a443a3654568c924c5aea1d8","sha256":"9efc74be63a50ee9901673a6221e70ca0b04b27cb7b65027928963a8a62abae8"},"dob":{"date":"1959-02-17T14:22:39.963Z","age":65},"registered":{"date":"2021-05-10T20:00:20.305Z","age":2},"phone":"024-1187-267","cell":"068-0519-224","id":{"name":"SID","value":"485529331"},"picture":{"large":"https://randomuser.me/api/portraits/women/94.jpg","medium":"https://randomuser.me/api/portraits/med/women/94.jpg","thumbnail":"https://randomuser.me/api/portraits/thumb/women/94.jpg"},"nat":"RS"}],"info":{"seed":"27bebf286c262b46","results":1,"page":1,"version":"1.4"}} 
 </msg>
<msg time="2024-03-21T22:13:11.980002" level="INFO">/opt/hostedtoolcache/Python/3.12.2/x64/lib/python3.12/site-packages/urllib3/connectionpool.py:1103: InsecureRequestWarning: Unverified HTTPS request is being made to host 'randomuser.me'. Adding certificate verification is strongly advised. See: https://urllib3.readthedocs.io/en/latest/advanced-usage.html#tls-warnings
  warnings.warn(</msg>
<msg time="2024-03-21T22:13:11.980134" level="INFO">${response} = &lt;Response [200]&gt;</msg>
<var>${response}</var>
<arg>consultarAPI</arg>
<arg>/api</arg>
<doc>Sends a GET request on a previously created HTTP Session.</doc>
<status status="PASS" start="2024-03-21T22:13:11.911929" elapsed="0.068258"/>
</kw>
<kw name="Set Variable" owner="BuiltIn">
<msg time="2024-03-21T22:13:11.981068" level="INFO">${json_data} = {'results': [{'gender': 'female', 'name': {'title': 'Ms', 'first': 'Jasna', 'last': 'Lazić'}, 'location': {'street': {'number': 2614, 'name': 'Živana Todorovića'}, 'city': 'Prijepolje', 'state': 'Piro...</msg>
<var>${json_data}</var>
<arg>${response.json()}</arg>
<doc>Returns the given values which can then be assigned to a variables.</doc>
<status status="PASS" start="2024-03-21T22:13:11.980581" elapsed="0.000526"/>
</kw>
<kw name="Log" owner="BuiltIn">
<msg time="2024-03-21T22:13:11.981579" level="INFO">{'results': [{'gender': 'female', 'name': {'title': 'Ms', 'first': 'Jasna', 'last': 'Lazić'}, 'location': {'street': {'number': 2614, 'name': 'Živana Todorovića'}, 'city': 'Prijepolje', 'state': 'Pirot', 'country': 'Serbia', 'postcode': 92704, 'coordinates': {'latitude': '60.0917', 'longitude': '83.6293'}, 'timezone': {'offset': '-5:00', 'description': 'Eastern Time (US &amp; Canada), Bogota, Lima'}}, 'email': 'jasna.lazic@example.com', 'login': {'uuid': '55c34fa8-ea49-410b-b10f-924ff6622ec3', 'username': 'yellowlion249', 'password': '1dragon', 'salt': 'PtKhaR0h', 'md5': 'e15b358b0b719a3413b6556dc6c00197', 'sha1': 'be0ddb6b5e1a27d3a443a3654568c924c5aea1d8', 'sha256': '9efc74be63a50ee9901673a6221e70ca0b04b27cb7b65027928963a8a62abae8'}, 'dob': {'date': '1959-02-17T14:22:39.963Z', 'age': 65}, 'registered': {'date': '2021-05-10T20:00:20.305Z', 'age': 2}, 'phone': '024-1187-267', 'cell': '068-0519-224', 'id': {'name': 'SID', 'value': '485529331'}, 'picture': {'large': 'https://randomuser.me/api/portraits/women/94.jpg', 'medium': 'https://randomuser.me/api/portraits/med/women/94.jpg', 'thumbnail': 'https://randomuser.me/api/portraits/thumb/women/94.jpg'}, 'nat': 'RS'}], 'info': {'seed': '27bebf286c262b46', 'results': 1, 'page': 1, 'version': '1.4'}}</msg>
<arg>${json_data}</arg>
<doc>Logs the given message with the given level.</doc>
<status status="PASS" start="2024-03-21T22:13:11.981422" elapsed="0.000244"/>
</kw>
<kw name="Should Be String" owner="String">
<arg>${json_data['results'][0]['gender']}</arg>
<doc>Fails if the given ``item`` is not a string.</doc>
<status status="PASS" start="2024-03-21T22:13:11.982023" elapsed="0.000371"/>
</kw>
<kw name="Should Match Regexp" owner="BuiltIn">
<arg>${json_data['results'][0]['email']}</arg>
<arg>^[a-zA-Z0-9._%+-]+@[a-zA-Z0-9.-]+\.[a-zA-Z]{2,}$</arg>
<doc>Fails if ``string`` does not match ``pattern`` as a regular expression.</doc>
<status status="PASS" start="2024-03-21T22:13:11.982593" elapsed="0.000535"/>
</kw>
<kw name="Should Match Regexp" owner="BuiltIn">
<arg>${json_data['results'][0]['dob']['date']}</arg>
<arg>\\d{4}-\\d{2}-\\d{2}T\\d{2}:\\d{2}:\\d{2}\\.\\d{3}Z</arg>
<doc>Fails if ``string`` does not match ``pattern`` as a regular expression.</doc>
<status status="PASS" start="2024-03-21T22:13:11.983329" elapsed="0.000487"/>
</kw>
<kw name="Should Match Regexp" owner="BuiltIn">
<arg>${json_data['results'][0]['registered']['date']}</arg>
<arg>\\d{4}-\\d{2}-\\d{2}T\\d{2}:\\d{2}:\\d{2}\\.\\d{3}Z</arg>
<doc>Fails if ``string`` does not match ``pattern`` as a regular expression.</doc>
<status status="PASS" start="2024-03-21T22:13:11.984009" elapsed="0.000378"/>
</kw>
<kw name="Should Match Regexp" owner="BuiltIn">
<arg>${json_data['results'][0]['picture']['large']}</arg>
<arg>^https?://.*\.(?:png|jpe?g|gif|bmp)$</arg>
<doc>Fails if ``string`` does not match ``pattern`` as a regular expression.</doc>
<status status="PASS" start="2024-03-21T22:13:11.984575" elapsed="0.000455"/>
</kw>
<kw name="Should Match Regexp" owner="BuiltIn">
<arg>${json_data['results'][0]['picture']['medium']}</arg>
<arg>^https?://.*\.(?:png|jpe?g|gif|bmp)$</arg>
<doc>Fails if ``string`` does not match ``pattern`` as a regular expression.</doc>
<status status="PASS" start="2024-03-21T22:13:11.985219" elapsed="0.000359"/>
</kw>
<kw name="Should Match Regexp" owner="BuiltIn">
<arg>${json_data['results'][0]['picture']['thumbnail']}</arg>
<arg>^https?://.*\.(?:png|jpe?g|gif|bmp)$</arg>
<doc>Fails if ``string`` does not match ``pattern`` as a regular expression.</doc>
<status status="PASS" start="2024-03-21T22:13:11.985786" elapsed="0.000351"/>
</kw>
<kw name="Log" owner="BuiltIn">
<msg time="2024-03-21T22:13:11.986656" level="INFO">{'large': 'https://randomuser.me/api/portraits/women/94.jpg', 'medium': 'https://randomuser.me/api/portraits/med/women/94.jpg', 'thumbnail': 'https://randomuser.me/api/portraits/thumb/women/94.jpg'}</msg>
<arg>${json_data['results'][0]['picture']}</arg>
<doc>Logs the given message with the given level.</doc>
<status status="PASS" start="2024-03-21T22:13:11.986319" elapsed="0.000404"/>
</kw>
<status status="PASS" start="2024-03-21T22:13:11.911695" elapsed="0.075283"/>
</kw>
<kw name="Teste de Tipos de Dados - Postcode" owner="random-user-service">
<kw name="GET On Session" owner="RequestsLibrary">
<msg time="2024-03-21T22:13:12.075311" level="INFO">GET Request : url=https://randomuser.me/api 
 path_url=/api 
 headers={'User-Agent': 'python-requests/2.31.0', 'Accept-Encoding': 'gzip, deflate', 'Accept': '*/*', 'Connection': 'keep-alive'} 
 body=None 
 </msg>
<msg time="2024-03-21T22:13:12.075391" level="INFO">GET Response : url=https://randomuser.me/api 
 status=200, reason=OK 
 headers={'Date': 'Thu, 21 Mar 2024 22:13:12 GMT', 'Content-Type': 'application/json; charset=utf-8', 'Transfer-Encoding': 'chunked', 'Connection': 'keep-alive', 'X-Powered-By': 'Express', 'Access-Control-Allow-Origin': '*', 'Cache-Control': 'no-cache', 'ETag': 'W/"497-hEaxqEkx4CI1rxdJEwBDBzyzu2s"', 'Vary': 'Accept-Encoding', 'Content-Encoding': 'gzip', 'CF-Cache-Status': 'DYNAMIC', 'Report-To': '{"endpoints":[{"url":"https:\\/\\/a.nel.cloudflare.com\\/report\\/v4?s=9aLM4JdPBj%2FFf%2BziHYR1RgnuvV3Owu6mTfwXhIWs%2FvHOwV3Qf%2FFfLnD8zFeUFmLiQEAf9TpCz%2Bs1yrTBsRbjMqSoe5EFvZb812lb16Lffg%2BzRECXdbyi9AVXByULjr76"}],"group":"cf-nel","max_age":604800}', 'NEL': '{"success_fraction":0,"report_to":"cf-nel","max_age":604800}', 'Server': 'cloudflare', 'CF-RAY': '868149ade8932d21-IAD', 'alt-svc': 'h3=":443"; ma=86400'} 
 body={"results":[{"gender":"male","name":{"title":"Mr","first":"Howard","last":"Richards"},"location":{"street":{"number":7202,"name":"Mcclellan Rd"},"city":"Van Alstyne","state":"Delaware","country":"United States","postcode":19996,"coordinates":{"latitude":"84.9516","longitude":"-160.7194"},"timezone":{"offset":"-7:00","description":"Mountain Time (US &amp; Canada)"}},"email":"howard.richards@example.com","login":{"uuid":"6c3b7e21-c1ca-44d4-acf8-2da967fe771f","username":"yellowleopard223","password":"seadog","salt":"WgUOpZrk","md5":"1cbb1025bb18105509e69f3bfb1f03d1","sha1":"eff52b1be828f17230f533864eae8709a465a703","sha256":"506232d69757f826762440afbdbb3d370137b1a215eb8f48806dea4f829fb32b"},"dob":{"date":"1992-02-26T05:17:18.124Z","age":32},"registered":{"date":"2015-04-16T09:10:00.803Z","age":8},"phone":"(549) 944-0978","cell":"(225) 532-7601","id":{"name":"SSN","value":"567-96-8051"},"picture":{"large":"https://randomuser.me/api/portraits/men/60.jpg","medium":"https://randomuser.me/api/portraits/med/men/60.jpg","thumbnail":"https://randomuser.me/api/portraits/thumb/men/60.jpg"},"nat":"US"}],"info":{"seed":"f968c9262b7192fd","results":1,"page":1,"version":"1.4"}} 
 </msg>
<msg time="2024-03-21T22:13:12.075475" level="INFO">/opt/hostedtoolcache/Python/3.12.2/x64/lib/python3.12/site-packages/urllib3/connectionpool.py:1103: InsecureRequestWarning: Unverified HTTPS request is being made to host 'randomuser.me'. Adding certificate verification is strongly advised. See: https://urllib3.readthedocs.io/en/latest/advanced-usage.html#tls-warnings
  warnings.warn(</msg>
<msg time="2024-03-21T22:13:12.075599" level="INFO">${response} = &lt;Response [200]&gt;</msg>
<var>${response}</var>
<arg>consultarAPI</arg>
<arg>/api</arg>
<doc>Sends a GET request on a previously created HTTP Session.</doc>
<status status="PASS" start="2024-03-21T22:13:11.987549" elapsed="0.088094"/>
</kw>
<kw name="Set Variable" owner="BuiltIn">
<msg time="2024-03-21T22:13:12.076442" level="INFO">${json_data} = {'results': [{'gender': 'male', 'name': {'title': 'Mr', 'first': 'Howard', 'last': 'Richards'}, 'location': {'street': {'number': 7202, 'name': 'Mcclellan Rd'}, 'city': 'Van Alstyne', 'state': 'Delawa...</msg>
<var>${json_data}</var>
<arg>${response.json()}</arg>
<doc>Returns the given values which can then be assigned to a variables.</doc>
<status status="PASS" start="2024-03-21T22:13:12.075998" elapsed="0.000472"/>
</kw>
<kw name="Log" owner="BuiltIn">
<msg time="2024-03-21T22:13:12.076933" level="INFO">{'results': [{'gender': 'male', 'name': {'title': 'Mr', 'first': 'Howard', 'last': 'Richards'}, 'location': {'street': {'number': 7202, 'name': 'Mcclellan Rd'}, 'city': 'Van Alstyne', 'state': 'Delaware', 'country': 'United States', 'postcode': 19996, 'coordinates': {'latitude': '84.9516', 'longitude': '-160.7194'}, 'timezone': {'offset': '-7:00', 'description': 'Mountain Time (US &amp; Canada)'}}, 'email': 'howard.richards@example.com', 'login': {'uuid': '6c3b7e21-c1ca-44d4-acf8-2da967fe771f', 'username': 'yellowleopard223', 'password': 'seadog', 'salt': 'WgUOpZrk', 'md5': '1cbb1025bb18105509e69f3bfb1f03d1', 'sha1': 'eff52b1be828f17230f533864eae8709a465a703', 'sha256': '506232d69757f826762440afbdbb3d370137b1a215eb8f48806dea4f829fb32b'}, 'dob': {'date': '1992-02-26T05:17:18.124Z', 'age': 32}, 'registered': {'date': '2015-04-16T09:10:00.803Z', 'age': 8}, 'phone': '(549) 944-0978', 'cell': '(225) 532-7601', 'id': {'name': 'SSN', 'value': '567-96-8051'}, 'picture': {'large': 'https://randomuser.me/api/portraits/men/60.jpg', 'medium': 'https://randomuser.me/api/portraits/med/men/60.jpg', 'thumbnail': 'https://randomuser.me/api/portraits/thumb/men/60.jpg'}, 'nat': 'US'}], 'info': {'seed': 'f968c9262b7192fd', 'results': 1, 'page': 1, 'version': '1.4'}}</msg>
<arg>${json_data}</arg>
<doc>Logs the given message with the given level.</doc>
<status status="PASS" start="2024-03-21T22:13:12.076779" elapsed="0.000233"/>
</kw>
<kw name="Should Be Equal As Numbers" owner="BuiltIn">
<arg>${json_data['results'][0]['location']['postcode']}</arg>
<arg>${json_data['results'][0]['location']['postcode']}</arg>
<doc>Fails if objects are unequal after converting them to real numbers.</doc>
<status status="PASS" start="2024-03-21T22:13:12.077315" elapsed="0.000682"/>
</kw>
<kw name="Log" owner="BuiltIn">
<msg time="2024-03-21T22:13:12.078528" level="INFO">19996</msg>
<arg>${json_data['results'][0]['location']['postcode']}</arg>
<doc>Logs the given message with the given level.</doc>
<status status="PASS" start="2024-03-21T22:13:12.078192" elapsed="0.000378"/>
</kw>
<status status="PASS" start="2024-03-21T22:13:11.987200" elapsed="0.091622"/>
</kw>
<doc>Testa se os tipos de dados na resposta da API estão corretos.</doc>
<tag>testeTiposDados</tag>
<status status="PASS" start="2024-03-21T22:13:11.911129" elapsed="0.167860"/>
</test>
<test id="s1-s1-t5" name="Validar conteudo" line="35">
<kw name="Teste de Tipos de Conteudo" owner="random-user-service">
<kw name="GET On Session" owner="RequestsLibrary">
<msg time="2024-03-21T22:13:12.180597" level="INFO">GET Request : url=https://randomuser.me/api 
 path_url=/api 
 headers={'User-Agent': 'python-requests/2.31.0', 'Accept-Encoding': 'gzip, deflate', 'Accept': '*/*', 'Connection': 'keep-alive'} 
 body=None 
 </msg>
<msg time="2024-03-21T22:13:12.180680" level="INFO">GET Response : url=https://randomuser.me/api 
 status=200, reason=OK 
 headers={'Date': 'Thu, 21 Mar 2024 22:13:12 GMT', 'Content-Type': 'application/json; charset=utf-8', 'Transfer-Encoding': 'chunked', 'Connection': 'keep-alive', 'X-Powered-By': 'Express', 'Access-Control-Allow-Origin': '*', 'Cache-Control': 'no-cache', 'ETag': 'W/"498-+YMIsWjoUuPRAJAt/8cw9r34zRQ"', 'Vary': 'Accept-Encoding', 'Content-Encoding': 'gzip', 'CF-Cache-Status': 'DYNAMIC', 'Report-To': '{"endpoints":[{"url":"https:\\/\\/a.nel.cloudflare.com\\/report\\/v4?s=VkjsSwLxuZ4dcwvTUt%2FhIYsdsDDqpYJRHQNsMW7ffBi6nT0vZ7Pf0zHwsIP31x1ilAsOar4J7%2Fxtt0PteLVMahhBYKsBnvyUQM2jikFDUaAx30McBq1guJvyWefDRdOS"}],"group":"cf-nel","max_age":604800}', 'NEL': '{"success_fraction":0,"report_to":"cf-nel","max_age":604800}', 'Server': 'cloudflare', 'CF-RAY': '868149ae89362d21-IAD', 'alt-svc': 'h3=":443"; ma=86400'} 
 body={"results":[{"gender":"male","name":{"title":"Mr","first":"Lawrence","last":"Gilbert"},"location":{"street":{"number":2405,"name":"Albert Road"},"city":"Manchester","state":"County Antrim","country":"United Kingdom","postcode":"CY3 4FB","coordinates":{"latitude":"-8.9403","longitude":"-162.5615"},"timezone":{"offset":"+6:00","description":"Almaty, Dhaka, Colombo"}},"email":"lawrence.gilbert@example.com","login":{"uuid":"94c3082a-c70d-4aec-87f3-6392c41db09c","username":"yellowduck480","password":"jolly","salt":"XEbZO5Vb","md5":"8f11414ac778b1c25a2ccaeeb32d269e","sha1":"c940d22c3e79009deaa013dd141ddca77eb7ed5c","sha256":"770c45e327832dcc24148516efec26cea2db22ebcd37abcd93bfa098fe02b03a"},"dob":{"date":"1955-09-14T17:38:44.505Z","age":68},"registered":{"date":"2013-12-13T11:30:56.481Z","age":10},"phone":"017684 66687","cell":"07643 649291","id":{"name":"NINO","value":"KN 98 16 76 C"},"picture":{"large":"https://randomuser.me/api/portraits/men/18.jpg","medium":"https://randomuser.me/api/portraits/med/men/18.jpg","thumbnail":"https://randomuser.me/api/portraits/thumb/men/18.jpg"},"nat":"GB"}],"info":{"seed":"ae2ef9490351a529","results":1,"page":1,"version":"1.4"}} 
 </msg>
<msg time="2024-03-21T22:13:12.180746" level="INFO">/opt/hostedtoolcache/Python/3.12.2/x64/lib/python3.12/site-packages/urllib3/connectionpool.py:1103: InsecureRequestWarning: Unverified HTTPS request is being made to host 'randomuser.me'. Adding certificate verification is strongly advised. See: https://urllib3.readthedocs.io/en/latest/advanced-usage.html#tls-warnings
  warnings.warn(</msg>
<msg time="2024-03-21T22:13:12.180861" level="INFO">${response} = &lt;Response [200]&gt;</msg>
<var>${response}</var>
<arg>consultarAPI</arg>
<arg>/api</arg>
<doc>Sends a GET request on a previously created HTTP Session.</doc>
<status status="PASS" start="2024-03-21T22:13:12.081511" elapsed="0.099392"/>
</kw>
<kw name="Set Variable" owner="BuiltIn">
<msg time="2024-03-21T22:13:12.181856" level="INFO">${json_data} = {'results': [{'gender': 'male', 'name': {'title': 'Mr', 'first': 'Lawrence', 'last': 'Gilbert'}, 'location': {'street': {'number': 2405, 'name': 'Albert Road'}, 'city': 'Manchester', 'state': 'County ...</msg>
<var>${json_data}</var>
<arg>${response.json()}</arg>
<doc>Returns the given values which can then be assigned to a variables.</doc>
<status status="PASS" start="2024-03-21T22:13:12.181341" elapsed="0.000545"/>
</kw>
<kw name="Set Variable" owner="BuiltIn">
<msg time="2024-03-21T22:13:12.182607" level="INFO">${name_title} = Mr</msg>
<var>${name_title}</var>
<arg>${json_data["results"][0]["name"]["title"]}</arg>
<doc>Returns the given values which can then be assigned to a variables.</doc>
<status status="PASS" start="2024-03-21T22:13:12.182204" elapsed="0.000428"/>
</kw>
<kw name="Create List" owner="BuiltIn">
<msg time="2024-03-21T22:13:12.183095" level="INFO">${allowed_titles} = ['Mr', 'Ms', 'Miss', 'Mrs', 'Madame', 'Monsieur']</msg>
<var>${allowed_titles}</var>
<arg>Mr</arg>
<arg>Ms</arg>
<arg>Miss</arg>
<arg>Mrs</arg>
<arg>Madame</arg>
<arg>Monsieur</arg>
<doc>Returns a list containing given items.</doc>
<status status="PASS" start="2024-03-21T22:13:12.182945" elapsed="0.000175"/>
</kw>
<kw name="List Should Contain Value" owner="Collections">
<msg time="2024-03-21T22:13:12.183601" level="INFO">False</msg>
<arg>${allowed_titles}</arg>
<arg>${name_title}</arg>
<doc>Fails if the ``value`` is not found from ``list``.</doc>
<status status="PASS" start="2024-03-21T22:13:12.183424" elapsed="0.000215"/>
</kw>
<kw name="Set Variable" owner="BuiltIn">
<msg time="2024-03-21T22:13:12.184307" level="INFO">${name_country} = GB</msg>
<var>${name_country}</var>
<arg>${json_data["results"][0]["nat"]}</arg>
<doc>Returns the given values which can then be assigned to a variables.</doc>
<status status="PASS" start="2024-03-21T22:13:12.183935" elapsed="0.000398"/>
</kw>
<kw name="Create List" owner="BuiltIn">
<msg time="2024-03-21T22:13:12.185257" level="INFO">${list_country} = ['AD', 'AE', 'AF', 'AG', 'AI', 'AL', 'AM', 'AO', 'AQ', 'AR', 'AS', 'AT', 'AU', 'AW', 'AX', 'AZ', 'BA', 'BB', 'BD', 'BE', 'BF', 'BG', 'BH', 'BI', 'BJ', 'BL', 'BM', 'BN', 'BO', 'BQ', 'BR', 'BS', 'BT', '...</msg>
<var>${list_country}</var>
<arg>AD</arg>
<arg>AE</arg>
<arg>AF</arg>
<arg>AG</arg>
<arg>AI</arg>
<arg>AL</arg>
<arg>AM</arg>
<arg>AO</arg>
<arg>AQ</arg>
<arg>AR</arg>
<arg>AS</arg>
<arg>AT</arg>
<arg>AU</arg>
<arg>AW</arg>
<arg>AX</arg>
<arg>AZ</arg>
<arg>BA</arg>
<arg>BB</arg>
<arg>BD</arg>
<arg>BE</arg>
<arg>BF</arg>
<arg>BG</arg>
<arg>BH</arg>
<arg>BI</arg>
<arg>BJ</arg>
<arg>BL</arg>
<arg>BM</arg>
<arg>BN</arg>
<arg>BO</arg>
<arg>BQ</arg>
<arg>BR</arg>
<arg>BS</arg>
<arg>BT</arg>
<arg>BV</arg>
<arg>BW</arg>
<arg>BY</arg>
<arg>BZ</arg>
<arg>CA</arg>
<arg>CC</arg>
<arg>CD</arg>
<arg>CF</arg>
<arg>CG</arg>
<arg>CH</arg>
<arg>CI</arg>
<arg>CK</arg>
<arg>CL</arg>
<arg>CM</arg>
<arg>CN</arg>
<arg>CO</arg>
<arg>CR</arg>
<arg>CU</arg>
<arg>CV</arg>
<arg>CW</arg>
<arg>CX</arg>
<arg>CY</arg>
<arg>CZ</arg>
<arg>DE</arg>
<arg>DJ</arg>
<arg>DK</arg>
<arg>DM</arg>
<arg>DO</arg>
<arg>DZ</arg>
<arg>EC</arg>
<arg>EE</arg>
<arg>EG</arg>
<arg>EH</arg>
<arg>ER</arg>
<arg>ES</arg>
<arg>ET</arg>
<arg>FI</arg>
<arg>FJ</arg>
<arg>FK</arg>
<arg>FM</arg>
<arg>FO</arg>
<arg>FR</arg>
<arg>GA</arg>
<arg>GB</arg>
<arg>GD</arg>
<arg>GE</arg>
<arg>GF</arg>
<arg>GG</arg>
<arg>GH</arg>
<arg>GI</arg>
<arg>GL</arg>
<arg>GM</arg>
<arg>GN</arg>
<arg>GP</arg>
<arg>GQ</arg>
<arg>GR</arg>
<arg>GS</arg>
<arg>GT</arg>
<arg>GU</arg>
<arg>GW</arg>
<arg>GY</arg>
<arg>HK</arg>
<arg>HM</arg>
<arg>HN</arg>
<arg>HR</arg>
<arg>HT</arg>
<arg>HU</arg>
<arg>ID</arg>
<arg>IE</arg>
<arg>IL</arg>
<arg>IM</arg>
<arg>IN</arg>
<arg>IO</arg>
<arg>IQ</arg>
<arg>IR</arg>
<arg>IS</arg>
<arg>IT</arg>
<arg>JE</arg>
<arg>JM</arg>
<arg>JO</arg>
<arg>JP</arg>
<arg>KE</arg>
<arg>KG</arg>
<arg>KH</arg>
<arg>KI</arg>
<arg>KM</arg>
<arg>KN</arg>
<arg>KP</arg>
<arg>KR</arg>
<arg>KW</arg>
<arg>KY</arg>
<arg>KZ</arg>
<arg>LA</arg>
<arg>LB</arg>
<arg>LC</arg>
<arg>LI</arg>
<arg>LK</arg>
<arg>LR</arg>
<arg>LS</arg>
<arg>LT</arg>
<arg>LU</arg>
<arg>LV</arg>
<arg>LY</arg>
<arg>MA</arg>
<arg>MC</arg>
<arg>MD</arg>
<arg>ME</arg>
<arg>MF</arg>
<arg>MG</arg>
<arg>MH</arg>
<arg>MK</arg>
<arg>ML</arg>
<arg>MM</arg>
<arg>MN</arg>
<arg>MO</arg>
<arg>MP</arg>
<arg>MQ</arg>
<arg>MR</arg>
<arg>MS</arg>
<arg>MT</arg>
<arg>MU</arg>
<arg>MV</arg>
<arg>MW</arg>
<arg>MX</arg>
<arg>MY</arg>
<arg>MZ</arg>
<arg>NA</arg>
<arg>NC</arg>
<arg>NE</arg>
<arg>NF</arg>
<arg>NG</arg>
<arg>NI</arg>
<arg>NL</arg>
<arg>NO</arg>
<arg>NP</arg>
<arg>NR</arg>
<arg>NU</arg>
<arg>NZ</arg>
<arg>OM</arg>
<arg>PA</arg>
<arg>PE</arg>
<arg>PF</arg>
<arg>PG</arg>
<arg>PH</arg>
<arg>PK</arg>
<arg>PL</arg>
<arg>PM</arg>
<arg>PN</arg>
<arg>PR</arg>
<arg>PS</arg>
<arg>PT</arg>
<arg>PW</arg>
<arg>PY</arg>
<arg>QA</arg>
<arg>RE</arg>
<arg>RO</arg>
<arg>RS</arg>
<arg>RU</arg>
<arg>RW</arg>
<arg>SA</arg>
<arg>SB</arg>
<arg>SC</arg>
<arg>SD</arg>
<arg>SE</arg>
<arg>SG</arg>
<arg>SH</arg>
<arg>SI</arg>
<arg>SJ</arg>
<arg>SK</arg>
<arg>SL</arg>
<arg>SM</arg>
<arg>SN</arg>
<arg>SO</arg>
<arg>SR</arg>
<arg>SS</arg>
<arg>ST</arg>
<arg>SV</arg>
<arg>SX</arg>
<arg>SY</arg>
<arg>SZ</arg>
<arg>TC</arg>
<arg>TD</arg>
<arg>TF</arg>
<arg>TG</arg>
<arg>TH</arg>
<arg>TJ</arg>
<arg>TK</arg>
<arg>TL</arg>
<arg>TM</arg>
<arg>TN</arg>
<arg>TO</arg>
<arg>TR</arg>
<arg>TT</arg>
<arg>TV</arg>
<arg>TW</arg>
<arg>TZ</arg>
<arg>UA</arg>
<arg>UG</arg>
<arg>UM</arg>
<arg>US</arg>
<arg>UY</arg>
<arg>UZ</arg>
<arg>VA</arg>
<arg>VC</arg>
<arg>VE</arg>
<arg>VG</arg>
<arg>VI</arg>
<arg>VN</arg>
<arg>VU</arg>
<arg>WF</arg>
<arg>WS</arg>
<arg>XK</arg>
<arg>YE</arg>
<arg>YT</arg>
<arg>ZA</arg>
<arg>ZM</arg>
<arg>ZW</arg>
<doc>Returns a list containing given items.</doc>
<status status="PASS" start="2024-03-21T22:13:12.184638" elapsed="0.000645"/>
</kw>
<kw name="List Should Contain Value" owner="Collections">
<msg time="2024-03-21T22:13:12.186403" level="INFO">False</msg>
<arg>${list_country}</arg>
<arg>${name_country}</arg>
<doc>Fails if the ``value`` is not found from ``list``.</doc>
<status status="PASS" start="2024-03-21T22:13:12.186200" elapsed="0.000240"/>
</kw>
<kw name="Run Keyword If" owner="BuiltIn">
<kw name="Should Be True" owner="BuiltIn">
<arg>${True}</arg>
<doc>Fails if the given condition is not true.</doc>
<status status="PASS" start="2024-03-21T22:13:12.187519" elapsed="0.000144"/>
</kw>
<arg>${json_data["results"][0]["location"]["coordinates"]["latitude"]} &gt;= -90 and ${json_data["results"][0]["location"]["coordinates"]["latitude"]} &lt;= 90</arg>
<arg>Should Be True</arg>
<arg>${True}</arg>
<doc>Runs the given keyword with the given arguments, if ``condition`` is true.</doc>
<status status="PASS" start="2024-03-21T22:13:12.186757" elapsed="0.001035"/>
</kw>
<kw name="Run Keyword If" owner="BuiltIn">
<kw name="Should Be True" owner="BuiltIn">
<arg>${True}</arg>
<doc>Fails if the given condition is not true.</doc>
<status status="PASS" start="2024-03-21T22:13:12.188685" elapsed="0.000139"/>
</kw>
<arg>${json_data["results"][0]["location"]["coordinates"]["longitude"]} &gt;= -180 and ${json_data["results"][0]["location"]["coordinates"]["longitude"]} &lt;= 180</arg>
<arg>Should Be True</arg>
<arg>${True}</arg>
<doc>Runs the given keyword with the given arguments, if ``condition`` is true.</doc>
<status status="PASS" start="2024-03-21T22:13:12.187979" elapsed="0.000971"/>
</kw>
<status status="PASS" start="2024-03-21T22:13:12.081284" elapsed="0.107798"/>
</kw>
<doc>Testa o conteúdo específico dos campos retornados pela API.</doc>
<tag>testeConteudo</tag>
<status status="PASS" start="2024-03-21T22:13:12.080743" elapsed="0.108497"/>
</test>
<status status="PASS" start="2024-03-21T22:13:11.415572" elapsed="0.775615"/>
</suite>
<status status="PASS" start="2024-03-21T22:13:11.401693" elapsed="0.794752"/>
</suite>
<statistics>
<total>
<stat pass="5" fail="0" skip="0">All Tests</stat>
</total>
<tag>
<stat pass="1" fail="0" skip="0">testeConteudo</stat>
<stat pass="1" fail="0" skip="0">testeEstruturaResposta</stat>
<stat pass="1" fail="0" skip="0">testeRequisicaoBasica</stat>
<stat pass="1" fail="0" skip="0">testeTiposDados</stat>
</tag>
<suite>
<stat pass="5" fail="0" skip="0" id="s1" name="Tests">Tests</stat>
<stat pass="5" fail="0" skip="0" id="s1-s1" name="Random-User-Test">Tests.Random-User-Test</stat>
</suite>
</statistics>
<errors>
</errors>
</robot>
