<?xml version="1.0" encoding="UTF-8"?>
<robot generator="Robot 7.0 (Python 3.12.3 on linux)" generated="2024-05-12T07:12:37.205668" rpa="false" schemaversion="5">
<suite id="s1" name="Tests" source="/home/runner/work/DesafioQAItauRogerioJordao/DesafioQAItauRogerioJordao/RamdonUser/tests">
<suite id="s1-s1" name="Random-User-Test" source="/home/runner/work/DesafioQAItauRogerioJordao/DesafioQAItauRogerioJordao/RamdonUser/tests/random-user-test.robot">
<test id="s1-s1-t1" name="Conectar" line="13">
<kw name="Conectar API" owner="random-user-service">
<kw name="Create Session" owner="RequestsLibrary">
<msg time="2024-05-12T07:12:37.565484" level="INFO">Creating Session using : alias=consultarAPI, url=https://randomuser.me/, headers={},                     cookies={}, auth=None, timeout=None, proxies=None, verify=False,                     debug=0 </msg>
<arg>consultarAPI</arg>
<arg>${URL}</arg>
<doc>Create Session: create a HTTP session to a server</doc>
<status status="PASS" start="2024-05-12T07:12:37.565285" elapsed="0.000381"/>
</kw>
<status status="PASS" start="2024-05-12T07:12:37.564320" elapsed="0.001706"/>
</kw>
<status status="PASS" start="2024-05-12T07:12:37.563782" elapsed="0.002435"/>
</test>
<test id="s1-s1-t2" name="Validar retorno 200 e JSON Válido" line="16">
<kw name="Teste de Requisicao Basica" owner="random-user-service">
<kw name="GET On Session" owner="RequestsLibrary">
<msg time="2024-05-12T07:12:37.727018" level="INFO">GET Request : url=https://randomuser.me/api 
 path_url=/api 
 headers={'User-Agent': 'python-requests/2.31.0', 'Accept-Encoding': 'gzip, deflate', 'Accept': '*/*', 'Connection': 'keep-alive'} 
 body=None 
 </msg>
<msg time="2024-05-12T07:12:37.727169" level="INFO">GET Response : url=https://randomuser.me/api 
 status=200, reason=OK 
 headers={'Date': 'Sun, 12 May 2024 07:12:37 GMT', 'Content-Type': 'application/json; charset=utf-8', 'Transfer-Encoding': 'chunked', 'Connection': 'keep-alive', 'X-Powered-By': 'Express', 'Access-Control-Allow-Origin': '*', 'Cache-Control': 'no-cache', 'ETag': 'W/"474-XKQz/PSCVJI4rNA5zVx13hDJaLs"', 'Vary': 'Accept-Encoding', 'Content-Encoding': 'gzip', 'CF-Cache-Status': 'DYNAMIC', 'Report-To': '{"endpoints":[{"url":"https:\\/\\/a.nel.cloudflare.com\\/report\\/v4?s=0rs9EG4yzM8rhsHv3C%2FHrVGuIy4fZdDcyY75AMHpw6dULSccbDPWPge5%2FJJN3evnGYQ8XPC7yOV0w9tSixRt6V4KlDDfZzJGw0aQvAOslgIkWpiUI4J42ewHEhi%2F4lom"}],"group":"cf-nel","max_age":604800}', 'NEL': '{"success_fraction":0,"report_to":"cf-nel","max_age":604800}', 'Server': 'cloudflare', 'CF-RAY': '882899fb28160fc9-LAX', 'alt-svc': 'h3=":443"; ma=86400'} 
 body={"results":[{"gender":"male","name":{"title":"Mr","first":"Jonathan","last":"Mortensen"},"location":{"street":{"number":3224,"name":"Bygaden"},"city":"Juelsminde","state":"Midtjylland","country":"Denmark","postcode":68870,"coordinates":{"latitude":"-46.7282","longitude":"-18.5932"},"timezone":{"offset":"+5:45","description":"Kathmandu"}},"email":"jonathan.mortensen@example.com","login":{"uuid":"78c5157a-5bcb-494a-8850-d9af1e20c9bc","username":"goldenbird854","password":"lansing","salt":"xRVUKpNX","md5":"e2956aea3c41ad979efcf8c35aef30d8","sha1":"2d8766ad42b9c4843d3678f95080cc37e27776be","sha256":"703a12cda790f2d34967d3256485c86c1d356863d0049c37fbf4b10ce3b75e34"},"dob":{"date":"1978-05-22T22:43:29.202Z","age":45},"registered":{"date":"2015-02-14T17:06:22.765Z","age":9},"phone":"18107567","cell":"43504202","id":{"name":"CPR","value":"220578-9625"},"picture":{"large":"https://randomuser.me/api/portraits/men/95.jpg","medium":"https://randomuser.me/api/portraits/med/men/95.jpg","thumbnail":"https://randomuser.me/api/portraits/thumb/men/95.jpg"},"nat":"DK"}],"info":{"seed":"a4461a1165c225d2","results":1,"page":1,"version":"1.4"}} 
 </msg>
<msg time="2024-05-12T07:12:37.727253" level="INFO">/opt/hostedtoolcache/Python/3.12.3/x64/lib/python3.12/site-packages/urllib3/connectionpool.py:1103: InsecureRequestWarning: Unverified HTTPS request is being made to host 'randomuser.me'. Adding certificate verification is strongly advised. See: https://urllib3.readthedocs.io/en/latest/advanced-usage.html#tls-warnings
  warnings.warn(</msg>
<msg time="2024-05-12T07:12:37.727407" level="INFO">${response} = &lt;Response [200]&gt;</msg>
<var>${response}</var>
<arg>consultarAPI</arg>
<arg>/api</arg>
<doc>Sends a GET request on a previously created HTTP Session.</doc>
<status status="PASS" start="2024-05-12T07:12:37.568842" elapsed="0.158633"/>
</kw>
<kw name="Should Be Equal As Numbers" owner="BuiltIn">
<msg time="2024-05-12T07:12:37.728696" level="INFO">Argument types are:
&lt;class 'int'&gt;
&lt;class 'str'&gt;</msg>
<arg>${response.status_code}</arg>
<arg>200</arg>
<doc>Fails if objects are unequal after converting them to real numbers.</doc>
<status status="PASS" start="2024-05-12T07:12:37.728189" elapsed="0.000573"/>
</kw>
<kw name="Log" owner="BuiltIn">
<msg time="2024-05-12T07:12:37.729461" level="INFO">200</msg>
<arg>${response.status_code}</arg>
<doc>Logs the given message with the given level.</doc>
<status status="PASS" start="2024-05-12T07:12:37.729109" elapsed="0.000394"/>
</kw>
<kw name="Set Variable" owner="BuiltIn">
<msg time="2024-05-12T07:12:37.730238" level="INFO">${json_data} = {'results': [{'gender': 'male', 'name': {'title': 'Mr', 'first': 'Jonathan', 'last': 'Mortensen'}, 'location': {'street': {'number': 3224, 'name': 'Bygaden'}, 'city': 'Juelsminde', 'state': 'Midtjylla...</msg>
<var>${json_data}</var>
<arg>${response.json()}</arg>
<doc>Returns the given values which can then be assigned to a variables.</doc>
<status status="PASS" start="2024-05-12T07:12:37.729806" elapsed="0.000461"/>
</kw>
<kw name="Dictionary Should Contain Key" owner="Collections">
<msg time="2024-05-12T07:12:37.730739" level="INFO">False</msg>
<arg>${json_data}</arg>
<arg>results</arg>
<doc>Fails if ``key`` is not found from ``dictionary``.</doc>
<status status="PASS" start="2024-05-12T07:12:37.730565" elapsed="0.000215"/>
</kw>
<status status="PASS" start="2024-05-12T07:12:37.568600" elapsed="0.162437"/>
</kw>
<doc>Testa se a API responde corretamente e retorna um objeto JSON válido.</doc>
<tag>testeRequisicaoBasica</tag>
<status status="PASS" start="2024-05-12T07:12:37.568148" elapsed="0.163084"/>
</test>
<test id="s1-s1-t3" name="Validar estrutura de resposta" line="22">
<kw name="Teste de Estrutura de Resposta" owner="random-user-service">
<kw name="GET On Session" owner="RequestsLibrary">
<msg time="2024-05-12T07:12:37.829390" level="INFO">GET Request : url=https://randomuser.me/api 
 path_url=/api 
 headers={'User-Agent': 'python-requests/2.31.0', 'Accept-Encoding': 'gzip, deflate', 'Accept': '*/*', 'Connection': 'keep-alive'} 
 body=None 
 </msg>
<msg time="2024-05-12T07:12:37.829507" level="INFO">GET Response : url=https://randomuser.me/api 
 status=200, reason=OK 
 headers={'Date': 'Sun, 12 May 2024 07:12:37 GMT', 'Content-Type': 'application/json; charset=utf-8', 'Transfer-Encoding': 'chunked', 'Connection': 'keep-alive', 'X-Powered-By': 'Express', 'Access-Control-Allow-Origin': '*', 'Cache-Control': 'no-cache', 'ETag': 'W/"480-NkMqx6A/Rx5g805yhQd+VwM8fB8"', 'Vary': 'Accept-Encoding', 'Content-Encoding': 'gzip', 'CF-Cache-Status': 'DYNAMIC', 'Report-To': '{"endpoints":[{"url":"https:\\/\\/a.nel.cloudflare.com\\/report\\/v4?s=W0K2RpBkDEMJW%2BLpvuIh8JxRrnP36nizxBx2d1W8FljIq67egJKQQUFgeYeJqNjtxLMECMiQgSalVMfYL1GyvFKKYH%2Bk4EpbeykhbEDazMlEfv%2FIgvKIQyxRnGN4LTns"}],"group":"cf-nel","max_age":604800}', 'NEL': '{"success_fraction":0,"report_to":"cf-nel","max_age":604800}', 'Server': 'cloudflare', 'CF-RAY': '882899fbd8fa0fc9-LAX', 'alt-svc': 'h3=":443"; ma=86400'} 
 body={"results":[{"gender":"female","name":{"title":"Ms","first":"Asta","last":"Thomsen"},"location":{"street":{"number":7697,"name":"Kanalvej"},"city":"Vesterborg","state":"Nordjylland","country":"Denmark","postcode":61596,"coordinates":{"latitude":"-46.2710","longitude":"108.6585"},"timezone":{"offset":"+6:00","description":"Almaty, Dhaka, Colombo"}},"email":"asta.thomsen@example.com","login":{"uuid":"1fbcc6ea-9e72-49fb-a49e-c40ec23d9849","username":"whiterabbit347","password":"millions","salt":"6ElK7TMp","md5":"5b129a7ec0228691d03c6cea202900e7","sha1":"a08fa8e7bb1a85bdfb11820326d02e694a3c2bff","sha256":"caad34bbdb91fd51ead1ef9356ab0dc93ad256b5b817115b3a4b40802b2d10f1"},"dob":{"date":"1947-12-09T15:41:14.561Z","age":76},"registered":{"date":"2020-05-16T13:23:34.385Z","age":3},"phone":"11855253","cell":"49584137","id":{"name":"CPR","value":"091247-2140"},"picture":{"large":"https://randomuser.me/api/portraits/women/78.jpg","medium":"https://randomuser.me/api/portraits/med/women/78.jpg","thumbnail":"https://randomuser.me/api/portraits/thumb/women/78.jpg"},"nat":"DK"}],"info":{"seed":"89d47f4c0958bfee","results":1,"page":1,"version":"1.4"}} 
 </msg>
<msg time="2024-05-12T07:12:37.829663" level="INFO">/opt/hostedtoolcache/Python/3.12.3/x64/lib/python3.12/site-packages/urllib3/connectionpool.py:1103: InsecureRequestWarning: Unverified HTTPS request is being made to host 'randomuser.me'. Adding certificate verification is strongly advised. See: https://urllib3.readthedocs.io/en/latest/advanced-usage.html#tls-warnings
  warnings.warn(</msg>
<msg time="2024-05-12T07:12:37.829843" level="INFO">${response} = &lt;Response [200]&gt;</msg>
<var>${response}</var>
<arg>consultarAPI</arg>
<arg>/api</arg>
<doc>Sends a GET request on a previously created HTTP Session.</doc>
<status status="PASS" start="2024-05-12T07:12:37.733909" elapsed="0.095983"/>
</kw>
<kw name="Set Variable" owner="BuiltIn">
<msg time="2024-05-12T07:12:37.830994" level="INFO">${json_data} = {'results': [{'gender': 'female', 'name': {'title': 'Ms', 'first': 'Asta', 'last': 'Thomsen'}, 'location': {'street': {'number': 7697, 'name': 'Kanalvej'}, 'city': 'Vesterborg', 'state': 'Nordjylland'...</msg>
<var>${json_data}</var>
<arg>${response.json()}</arg>
<doc>Returns the given values which can then be assigned to a variables.</doc>
<status status="PASS" start="2024-05-12T07:12:37.830434" elapsed="0.000589"/>
</kw>
<kw name="Log" owner="BuiltIn">
<msg time="2024-05-12T07:12:37.831566" level="INFO">{'results': [{'gender': 'female', 'name': {'title': 'Ms', 'first': 'Asta', 'last': 'Thomsen'}, 'location': {'street': {'number': 7697, 'name': 'Kanalvej'}, 'city': 'Vesterborg', 'state': 'Nordjylland', 'country': 'Denmark', 'postcode': 61596, 'coordinates': {'latitude': '-46.2710', 'longitude': '108.6585'}, 'timezone': {'offset': '+6:00', 'description': 'Almaty, Dhaka, Colombo'}}, 'email': 'asta.thomsen@example.com', 'login': {'uuid': '1fbcc6ea-9e72-49fb-a49e-c40ec23d9849', 'username': 'whiterabbit347', 'password': 'millions', 'salt': '6ElK7TMp', 'md5': '5b129a7ec0228691d03c6cea202900e7', 'sha1': 'a08fa8e7bb1a85bdfb11820326d02e694a3c2bff', 'sha256': 'caad34bbdb91fd51ead1ef9356ab0dc93ad256b5b817115b3a4b40802b2d10f1'}, 'dob': {'date': '1947-12-09T15:41:14.561Z', 'age': 76}, 'registered': {'date': '2020-05-16T13:23:34.385Z', 'age': 3}, 'phone': '11855253', 'cell': '49584137', 'id': {'name': 'CPR', 'value': '091247-2140'}, 'picture': {'large': 'https://randomuser.me/api/portraits/women/78.jpg', 'medium': 'https://randomuser.me/api/portraits/med/women/78.jpg', 'thumbnail': 'https://randomuser.me/api/portraits/thumb/women/78.jpg'}, 'nat': 'DK'}], 'info': {'seed': '89d47f4c0958bfee', 'results': 1, 'page': 1, 'version': '1.4'}}</msg>
<arg>${json_data}</arg>
<doc>Logs the given message with the given level.</doc>
<status status="PASS" start="2024-05-12T07:12:37.831350" elapsed="0.000279"/>
</kw>
<kw name="Dictionary Should Contain Key" owner="Collections">
<msg time="2024-05-12T07:12:37.832105" level="INFO">False</msg>
<arg>${json_data}</arg>
<arg>results</arg>
<doc>Fails if ``key`` is not found from ``dictionary``.</doc>
<status status="PASS" start="2024-05-12T07:12:37.831938" elapsed="0.000207"/>
</kw>
<kw name="Should Not Be Empty" owner="BuiltIn">
<msg time="2024-05-12T07:12:37.832577" level="INFO">Length is 2.</msg>
<arg>${json_data}</arg>
<doc>Verifies that the given item is not empty.</doc>
<status status="PASS" start="2024-05-12T07:12:37.832444" elapsed="0.000342"/>
</kw>
<kw name="Create List" owner="BuiltIn">
<msg time="2024-05-12T07:12:37.833240" level="INFO">${expected_keys} = ['gender', 'name', 'location', 'email', 'login']</msg>
<var>${expected_keys}</var>
<arg>gender</arg>
<arg>name</arg>
<arg>location</arg>
<arg>email</arg>
<arg>login</arg>
<doc>Returns a list containing given items.</doc>
<status status="PASS" start="2024-05-12T07:12:37.833085" elapsed="0.000179"/>
</kw>
<for flavor="IN">
<iter>
<kw name="Dictionary Should Contain Key" owner="Collections">
<msg time="2024-05-12T07:12:37.834317" level="INFO">False</msg>
<arg>${json_data['results'][0]}</arg>
<arg>${key}</arg>
<doc>Fails if ``key`` is not found from ``dictionary``.</doc>
<status status="PASS" start="2024-05-12T07:12:37.833877" elapsed="0.000479"/>
</kw>
<kw name="Log" owner="BuiltIn">
<msg time="2024-05-12T07:12:37.835025" level="INFO">{'gender': 'female', 'name': {'title': 'Ms', 'first': 'Asta', 'last': 'Thomsen'}, 'location': {'street': {'number': 7697, 'name': 'Kanalvej'}, 'city': 'Vesterborg', 'state': 'Nordjylland', 'country': 'Denmark', 'postcode': 61596, 'coordinates': {'latitude': '-46.2710', 'longitude': '108.6585'}, 'timezone': {'offset': '+6:00', 'description': 'Almaty, Dhaka, Colombo'}}, 'email': 'asta.thomsen@example.com', 'login': {'uuid': '1fbcc6ea-9e72-49fb-a49e-c40ec23d9849', 'username': 'whiterabbit347', 'password': 'millions', 'salt': '6ElK7TMp', 'md5': '5b129a7ec0228691d03c6cea202900e7', 'sha1': 'a08fa8e7bb1a85bdfb11820326d02e694a3c2bff', 'sha256': 'caad34bbdb91fd51ead1ef9356ab0dc93ad256b5b817115b3a4b40802b2d10f1'}, 'dob': {'date': '1947-12-09T15:41:14.561Z', 'age': 76}, 'registered': {'date': '2020-05-16T13:23:34.385Z', 'age': 3}, 'phone': '11855253', 'cell': '49584137', 'id': {'name': 'CPR', 'value': '091247-2140'}, 'picture': {'large': 'https://randomuser.me/api/portraits/women/78.jpg', 'medium': 'https://randomuser.me/api/portraits/med/women/78.jpg', 'thumbnail': 'https://randomuser.me/api/portraits/thumb/women/78.jpg'}, 'nat': 'DK'}</msg>
<arg>${json_data['results'][0]}</arg>
<doc>Logs the given message with the given level.</doc>
<status status="PASS" start="2024-05-12T07:12:37.834659" elapsed="0.000415"/>
</kw>
<kw name="Log" owner="BuiltIn">
<msg time="2024-05-12T07:12:37.835501" level="INFO">gender</msg>
<arg>${key}</arg>
<doc>Logs the given message with the given level.</doc>
<status status="PASS" start="2024-05-12T07:12:37.835372" elapsed="0.000196"/>
</kw>
<var name="${key}">gender</var>
<status status="PASS" start="2024-05-12T07:12:37.833733" elapsed="0.002056"/>
</iter>
<iter>
<kw name="Dictionary Should Contain Key" owner="Collections">
<msg time="2024-05-12T07:12:37.836495" level="INFO">False</msg>
<arg>${json_data['results'][0]}</arg>
<arg>${key}</arg>
<doc>Fails if ``key`` is not found from ``dictionary``.</doc>
<status status="PASS" start="2024-05-12T07:12:37.836096" elapsed="0.000439"/>
</kw>
<kw name="Log" owner="BuiltIn">
<msg time="2024-05-12T07:12:37.837234" level="INFO">{'gender': 'female', 'name': {'title': 'Ms', 'first': 'Asta', 'last': 'Thomsen'}, 'location': {'street': {'number': 7697, 'name': 'Kanalvej'}, 'city': 'Vesterborg', 'state': 'Nordjylland', 'country': 'Denmark', 'postcode': 61596, 'coordinates': {'latitude': '-46.2710', 'longitude': '108.6585'}, 'timezone': {'offset': '+6:00', 'description': 'Almaty, Dhaka, Colombo'}}, 'email': 'asta.thomsen@example.com', 'login': {'uuid': '1fbcc6ea-9e72-49fb-a49e-c40ec23d9849', 'username': 'whiterabbit347', 'password': 'millions', 'salt': '6ElK7TMp', 'md5': '5b129a7ec0228691d03c6cea202900e7', 'sha1': 'a08fa8e7bb1a85bdfb11820326d02e694a3c2bff', 'sha256': 'caad34bbdb91fd51ead1ef9356ab0dc93ad256b5b817115b3a4b40802b2d10f1'}, 'dob': {'date': '1947-12-09T15:41:14.561Z', 'age': 76}, 'registered': {'date': '2020-05-16T13:23:34.385Z', 'age': 3}, 'phone': '11855253', 'cell': '49584137', 'id': {'name': 'CPR', 'value': '091247-2140'}, 'picture': {'large': 'https://randomuser.me/api/portraits/women/78.jpg', 'medium': 'https://randomuser.me/api/portraits/med/women/78.jpg', 'thumbnail': 'https://randomuser.me/api/portraits/thumb/women/78.jpg'}, 'nat': 'DK'}</msg>
<arg>${json_data['results'][0]}</arg>
<doc>Logs the given message with the given level.</doc>
<status status="PASS" start="2024-05-12T07:12:37.836874" elapsed="0.000408"/>
</kw>
<kw name="Log" owner="BuiltIn">
<msg time="2024-05-12T07:12:37.837747" level="INFO">name</msg>
<arg>${key}</arg>
<doc>Logs the given message with the given level.</doc>
<status status="PASS" start="2024-05-12T07:12:37.837596" elapsed="0.000198"/>
</kw>
<var name="${key}">name</var>
<status status="PASS" start="2024-05-12T07:12:37.835979" elapsed="0.002056"/>
</iter>
<iter>
<kw name="Dictionary Should Contain Key" owner="Collections">
<msg time="2024-05-12T07:12:37.838761" level="INFO">False</msg>
<arg>${json_data['results'][0]}</arg>
<arg>${key}</arg>
<doc>Fails if ``key`` is not found from ``dictionary``.</doc>
<status status="PASS" start="2024-05-12T07:12:37.838351" elapsed="0.000453"/>
</kw>
<kw name="Log" owner="BuiltIn">
<msg time="2024-05-12T07:12:37.839548" level="INFO">{'gender': 'female', 'name': {'title': 'Ms', 'first': 'Asta', 'last': 'Thomsen'}, 'location': {'street': {'number': 7697, 'name': 'Kanalvej'}, 'city': 'Vesterborg', 'state': 'Nordjylland', 'country': 'Denmark', 'postcode': 61596, 'coordinates': {'latitude': '-46.2710', 'longitude': '108.6585'}, 'timezone': {'offset': '+6:00', 'description': 'Almaty, Dhaka, Colombo'}}, 'email': 'asta.thomsen@example.com', 'login': {'uuid': '1fbcc6ea-9e72-49fb-a49e-c40ec23d9849', 'username': 'whiterabbit347', 'password': 'millions', 'salt': '6ElK7TMp', 'md5': '5b129a7ec0228691d03c6cea202900e7', 'sha1': 'a08fa8e7bb1a85bdfb11820326d02e694a3c2bff', 'sha256': 'caad34bbdb91fd51ead1ef9356ab0dc93ad256b5b817115b3a4b40802b2d10f1'}, 'dob': {'date': '1947-12-09T15:41:14.561Z', 'age': 76}, 'registered': {'date': '2020-05-16T13:23:34.385Z', 'age': 3}, 'phone': '11855253', 'cell': '49584137', 'id': {'name': 'CPR', 'value': '091247-2140'}, 'picture': {'large': 'https://randomuser.me/api/portraits/women/78.jpg', 'medium': 'https://randomuser.me/api/portraits/med/women/78.jpg', 'thumbnail': 'https://randomuser.me/api/portraits/thumb/women/78.jpg'}, 'nat': 'DK'}</msg>
<arg>${json_data['results'][0]}</arg>
<doc>Logs the given message with the given level.</doc>
<status status="PASS" start="2024-05-12T07:12:37.839136" elapsed="0.000474"/>
</kw>
<kw name="Log" owner="BuiltIn">
<msg time="2024-05-12T07:12:37.840050" level="INFO">location</msg>
<arg>${key}</arg>
<doc>Logs the given message with the given level.</doc>
<status status="PASS" start="2024-05-12T07:12:37.839920" elapsed="0.000169"/>
</kw>
<var name="${key}">location</var>
<status status="PASS" start="2024-05-12T07:12:37.838224" elapsed="0.002084"/>
</iter>
<iter>
<kw name="Dictionary Should Contain Key" owner="Collections">
<msg time="2024-05-12T07:12:37.840998" level="INFO">False</msg>
<arg>${json_data['results'][0]}</arg>
<arg>${key}</arg>
<doc>Fails if ``key`` is not found from ``dictionary``.</doc>
<status status="PASS" start="2024-05-12T07:12:37.840601" elapsed="0.000435"/>
</kw>
<kw name="Log" owner="BuiltIn">
<msg time="2024-05-12T07:12:37.841712" level="INFO">{'gender': 'female', 'name': {'title': 'Ms', 'first': 'Asta', 'last': 'Thomsen'}, 'location': {'street': {'number': 7697, 'name': 'Kanalvej'}, 'city': 'Vesterborg', 'state': 'Nordjylland', 'country': 'Denmark', 'postcode': 61596, 'coordinates': {'latitude': '-46.2710', 'longitude': '108.6585'}, 'timezone': {'offset': '+6:00', 'description': 'Almaty, Dhaka, Colombo'}}, 'email': 'asta.thomsen@example.com', 'login': {'uuid': '1fbcc6ea-9e72-49fb-a49e-c40ec23d9849', 'username': 'whiterabbit347', 'password': 'millions', 'salt': '6ElK7TMp', 'md5': '5b129a7ec0228691d03c6cea202900e7', 'sha1': 'a08fa8e7bb1a85bdfb11820326d02e694a3c2bff', 'sha256': 'caad34bbdb91fd51ead1ef9356ab0dc93ad256b5b817115b3a4b40802b2d10f1'}, 'dob': {'date': '1947-12-09T15:41:14.561Z', 'age': 76}, 'registered': {'date': '2020-05-16T13:23:34.385Z', 'age': 3}, 'phone': '11855253', 'cell': '49584137', 'id': {'name': 'CPR', 'value': '091247-2140'}, 'picture': {'large': 'https://randomuser.me/api/portraits/women/78.jpg', 'medium': 'https://randomuser.me/api/portraits/med/women/78.jpg', 'thumbnail': 'https://randomuser.me/api/portraits/thumb/women/78.jpg'}, 'nat': 'DK'}</msg>
<arg>${json_data['results'][0]}</arg>
<doc>Logs the given message with the given level.</doc>
<status status="PASS" start="2024-05-12T07:12:37.841346" elapsed="0.000418"/>
</kw>
<kw name="Log" owner="BuiltIn">
<msg time="2024-05-12T07:12:37.842215" level="INFO">email</msg>
<arg>${key}</arg>
<doc>Logs the given message with the given level.</doc>
<status status="PASS" start="2024-05-12T07:12:37.842086" elapsed="0.000168"/>
</kw>
<var name="${key}">email</var>
<status status="PASS" start="2024-05-12T07:12:37.840487" elapsed="0.001993"/>
</iter>
<iter>
<kw name="Dictionary Should Contain Key" owner="Collections">
<msg time="2024-05-12T07:12:37.843172" level="INFO">False</msg>
<arg>${json_data['results'][0]}</arg>
<arg>${key}</arg>
<doc>Fails if ``key`` is not found from ``dictionary``.</doc>
<status status="PASS" start="2024-05-12T07:12:37.842773" elapsed="0.000438"/>
</kw>
<kw name="Log" owner="BuiltIn">
<msg time="2024-05-12T07:12:37.843930" level="INFO">{'gender': 'female', 'name': {'title': 'Ms', 'first': 'Asta', 'last': 'Thomsen'}, 'location': {'street': {'number': 7697, 'name': 'Kanalvej'}, 'city': 'Vesterborg', 'state': 'Nordjylland', 'country': 'Denmark', 'postcode': 61596, 'coordinates': {'latitude': '-46.2710', 'longitude': '108.6585'}, 'timezone': {'offset': '+6:00', 'description': 'Almaty, Dhaka, Colombo'}}, 'email': 'asta.thomsen@example.com', 'login': {'uuid': '1fbcc6ea-9e72-49fb-a49e-c40ec23d9849', 'username': 'whiterabbit347', 'password': 'millions', 'salt': '6ElK7TMp', 'md5': '5b129a7ec0228691d03c6cea202900e7', 'sha1': 'a08fa8e7bb1a85bdfb11820326d02e694a3c2bff', 'sha256': 'caad34bbdb91fd51ead1ef9356ab0dc93ad256b5b817115b3a4b40802b2d10f1'}, 'dob': {'date': '1947-12-09T15:41:14.561Z', 'age': 76}, 'registered': {'date': '2020-05-16T13:23:34.385Z', 'age': 3}, 'phone': '11855253', 'cell': '49584137', 'id': {'name': 'CPR', 'value': '091247-2140'}, 'picture': {'large': 'https://randomuser.me/api/portraits/women/78.jpg', 'medium': 'https://randomuser.me/api/portraits/med/women/78.jpg', 'thumbnail': 'https://randomuser.me/api/portraits/thumb/women/78.jpg'}, 'nat': 'DK'}</msg>
<arg>${json_data['results'][0]}</arg>
<doc>Logs the given message with the given level.</doc>
<status status="PASS" start="2024-05-12T07:12:37.843541" elapsed="0.000444"/>
</kw>
<kw name="Log" owner="BuiltIn">
<msg time="2024-05-12T07:12:37.844466" level="INFO">login</msg>
<arg>${key}</arg>
<doc>Logs the given message with the given level.</doc>
<status status="PASS" start="2024-05-12T07:12:37.844323" elapsed="0.000188"/>
</kw>
<var name="${key}">login</var>
<status status="PASS" start="2024-05-12T07:12:37.842658" elapsed="0.002102"/>
</iter>
<var>${key}</var>
<value>@{expected_keys}</value>
<status status="PASS" start="2024-05-12T07:12:37.833528" elapsed="0.011395"/>
</for>
<kw name="Create List" owner="BuiltIn">
<msg time="2024-05-12T07:12:37.845294" level="INFO">${expected_keysTwo} = ['username', 'password']</msg>
<var>${expected_keysTwo}</var>
<arg>username</arg>
<arg>password</arg>
<doc>Returns a list containing given items.</doc>
<status status="PASS" start="2024-05-12T07:12:37.845141" elapsed="0.000177"/>
</kw>
<for flavor="IN">
<iter>
<kw name="Dictionary Should Contain Key" owner="Collections">
<msg time="2024-05-12T07:12:37.846255" level="INFO">False</msg>
<arg>${json_data['results'][0]['login']}</arg>
<arg>${keyTwo}</arg>
<doc>Fails if ``key`` is not found from ``dictionary``.</doc>
<status status="PASS" start="2024-05-12T07:12:37.845854" elapsed="0.000439"/>
</kw>
<kw name="Dictionary Should Contain Key" owner="Collections">
<msg time="2024-05-12T07:12:37.846983" level="INFO">False</msg>
<arg>${json_data['results'][0]['login']}</arg>
<arg>${keyTwo}</arg>
<doc>Fails if ``key`` is not found from ``dictionary``.</doc>
<status status="PASS" start="2024-05-12T07:12:37.846597" elapsed="0.000424"/>
</kw>
<kw name="Log" owner="BuiltIn">
<msg time="2024-05-12T07:12:37.847442" level="INFO">username</msg>
<arg>${keyTwo}</arg>
<doc>Logs the given message with the given level.</doc>
<status status="PASS" start="2024-05-12T07:12:37.847317" elapsed="0.000169"/>
</kw>
<var name="${keyTwo}">username</var>
<status status="PASS" start="2024-05-12T07:12:37.845739" elapsed="0.002002"/>
</iter>
<iter>
<kw name="Dictionary Should Contain Key" owner="Collections">
<msg time="2024-05-12T07:12:37.848509" level="INFO">False</msg>
<arg>${json_data['results'][0]['login']}</arg>
<arg>${keyTwo}</arg>
<doc>Fails if ``key`` is not found from ``dictionary``.</doc>
<status status="PASS" start="2024-05-12T07:12:37.848027" elapsed="0.000522"/>
</kw>
<kw name="Dictionary Should Contain Key" owner="Collections">
<msg time="2024-05-12T07:12:37.849233" level="INFO">False</msg>
<arg>${json_data['results'][0]['login']}</arg>
<arg>${keyTwo}</arg>
<doc>Fails if ``key`` is not found from ``dictionary``.</doc>
<status status="PASS" start="2024-05-12T07:12:37.848849" elapsed="0.000422"/>
</kw>
<kw name="Log" owner="BuiltIn">
<msg time="2024-05-12T07:12:37.849700" level="INFO">password</msg>
<arg>${keyTwo}</arg>
<doc>Logs the given message with the given level.</doc>
<status status="PASS" start="2024-05-12T07:12:37.849571" elapsed="0.000167"/>
</kw>
<var name="${keyTwo}">password</var>
<status status="PASS" start="2024-05-12T07:12:37.847916" elapsed="0.002046"/>
</iter>
<var>${keyTwo}</var>
<value>@{expected_keysTwo}</value>
<status status="PASS" start="2024-05-12T07:12:37.845576" elapsed="0.004509"/>
</for>
<status status="PASS" start="2024-05-12T07:12:37.733663" elapsed="0.116572"/>
</kw>
<doc>Testa a estrutura da resposta da API.</doc>
<tag>testeEstruturaResposta</tag>
<status status="PASS" start="2024-05-12T07:12:37.733138" elapsed="0.117264"/>
</test>
<test id="s1-s1-t4" name="Validar tipos de dados" line="28">
<kw name="Teste de Tipos de Dados" owner="random-user-service">
<kw name="GET On Session" owner="RequestsLibrary">
<msg time="2024-05-12T07:12:37.960970" level="INFO">GET Request : url=https://randomuser.me/api 
 path_url=/api 
 headers={'User-Agent': 'python-requests/2.31.0', 'Accept-Encoding': 'gzip, deflate', 'Accept': '*/*', 'Connection': 'keep-alive'} 
 body=None 
 </msg>
<msg time="2024-05-12T07:12:37.961075" level="INFO">GET Response : url=https://randomuser.me/api 
 status=200, reason=OK 
 headers={'Date': 'Sun, 12 May 2024 07:12:37 GMT', 'Content-Type': 'application/json; charset=utf-8', 'Transfer-Encoding': 'chunked', 'Connection': 'keep-alive', 'X-Powered-By': 'Express', 'Access-Control-Allow-Origin': '*', 'Cache-Control': 'no-cache', 'ETag': 'W/"488-pK1+I0huXZ+cdFw+L+FZC8Rvfac"', 'Vary': 'Accept-Encoding', 'Content-Encoding': 'gzip', 'CF-Cache-Status': 'DYNAMIC', 'Report-To': '{"endpoints":[{"url":"https:\\/\\/a.nel.cloudflare.com\\/report\\/v4?s=DqxwVxjwdMNzmxUc%2BkpPEKjc76jBKCQB1uFOdlPTJ%2B58%2BqMsx8kfRPLwJkx6gvdurM3p6Vo%2BN8vsQNYXYwaFTH4V0wTM9dlumrUhjRIJUsN95rN3ZVzsay%2F9bOKhojj1"}],"group":"cf-nel","max_age":604800}', 'NEL': '{"success_fraction":0,"report_to":"cf-nel","max_age":604800}', 'Server': 'cloudflare', 'CF-RAY': '882899fc9a280fc9-LAX', 'alt-svc': 'h3=":443"; ma=86400'} 
 body={"results":[{"gender":"female","name":{"title":"Miss","first":"Mirle","last":"Joppe"},"location":{"street":{"number":8659,"name":"Cornelis van Herwerdenstraat"},"city":"Alphen","state":"Limburg","country":"Netherlands","postcode":"2666 UP","coordinates":{"latitude":"36.8969","longitude":"9.1164"},"timezone":{"offset":"+5:45","description":"Kathmandu"}},"email":"mirle.joppe@example.com","login":{"uuid":"a51cd407-5ae2-4943-8412-14c9232c7e06","username":"blackbird355","password":"austin","salt":"N4lIspGs","md5":"950b97c98b5259254821174167dc1086","sha1":"d3cf5d6d44b1e657e61281162bb2c689ba119730","sha256":"9232631002bedf5f130f00ae4e506afe61ca2f8848bb463e72b1f013dbd8f28b"},"dob":{"date":"1988-02-22T17:04:18.530Z","age":36},"registered":{"date":"2014-01-23T23:16:28.010Z","age":10},"phone":"(0448) 917734","cell":"(06) 17903310","id":{"name":"BSN","value":"40735589"},"picture":{"large":"https://randomuser.me/api/portraits/women/15.jpg","medium":"https://randomuser.me/api/portraits/med/women/15.jpg","thumbnail":"https://randomuser.me/api/portraits/thumb/women/15.jpg"},"nat":"NL"}],"info":{"seed":"ac62ebec1b7b82a9","results":1,"page":1,"version":"1.4"}} 
 </msg>
<msg time="2024-05-12T07:12:37.961161" level="INFO">/opt/hostedtoolcache/Python/3.12.3/x64/lib/python3.12/site-packages/urllib3/connectionpool.py:1103: InsecureRequestWarning: Unverified HTTPS request is being made to host 'randomuser.me'. Adding certificate verification is strongly advised. See: https://urllib3.readthedocs.io/en/latest/advanced-usage.html#tls-warnings
  warnings.warn(</msg>
<msg time="2024-05-12T07:12:37.961275" level="INFO">${response} = &lt;Response [200]&gt;</msg>
<var>${response}</var>
<arg>consultarAPI</arg>
<arg>/api</arg>
<doc>Sends a GET request on a previously created HTTP Session.</doc>
<status status="PASS" start="2024-05-12T07:12:37.853010" elapsed="0.108304"/>
</kw>
<kw name="Set Variable" owner="BuiltIn">
<msg time="2024-05-12T07:12:37.962347" level="INFO">${json_data} = {'results': [{'gender': 'female', 'name': {'title': 'Miss', 'first': 'Mirle', 'last': 'Joppe'}, 'location': {'street': {'number': 8659, 'name': 'Cornelis van Herwerdenstraat'}, 'city': 'Alphen', 'stat...</msg>
<var>${json_data}</var>
<arg>${response.json()}</arg>
<doc>Returns the given values which can then be assigned to a variables.</doc>
<status status="PASS" start="2024-05-12T07:12:37.961821" elapsed="0.000554"/>
</kw>
<kw name="Log" owner="BuiltIn">
<msg time="2024-05-12T07:12:37.962846" level="INFO">{'results': [{'gender': 'female', 'name': {'title': 'Miss', 'first': 'Mirle', 'last': 'Joppe'}, 'location': {'street': {'number': 8659, 'name': 'Cornelis van Herwerdenstraat'}, 'city': 'Alphen', 'state': 'Limburg', 'country': 'Netherlands', 'postcode': '2666 UP', 'coordinates': {'latitude': '36.8969', 'longitude': '9.1164'}, 'timezone': {'offset': '+5:45', 'description': 'Kathmandu'}}, 'email': 'mirle.joppe@example.com', 'login': {'uuid': 'a51cd407-5ae2-4943-8412-14c9232c7e06', 'username': 'blackbird355', 'password': 'austin', 'salt': 'N4lIspGs', 'md5': '950b97c98b5259254821174167dc1086', 'sha1': 'd3cf5d6d44b1e657e61281162bb2c689ba119730', 'sha256': '9232631002bedf5f130f00ae4e506afe61ca2f8848bb463e72b1f013dbd8f28b'}, 'dob': {'date': '1988-02-22T17:04:18.530Z', 'age': 36}, 'registered': {'date': '2014-01-23T23:16:28.010Z', 'age': 10}, 'phone': '(0448) 917734', 'cell': '(06) 17903310', 'id': {'name': 'BSN', 'value': '40735589'}, 'picture': {'large': 'https://randomuser.me/api/portraits/women/15.jpg', 'medium': 'https://randomuser.me/api/portraits/med/women/15.jpg', 'thumbnail': 'https://randomuser.me/api/portraits/thumb/women/15.jpg'}, 'nat': 'NL'}], 'info': {'seed': 'ac62ebec1b7b82a9', 'results': 1, 'page': 1, 'version': '1.4'}}</msg>
<arg>${json_data}</arg>
<doc>Logs the given message with the given level.</doc>
<status status="PASS" start="2024-05-12T07:12:37.962688" elapsed="0.000244"/>
</kw>
<kw name="Should Be String" owner="String">
<arg>${json_data['results'][0]['gender']}</arg>
<doc>Fails if the given ``item`` is not a string.</doc>
<status status="PASS" start="2024-05-12T07:12:37.963226" elapsed="0.000408"/>
</kw>
<kw name="Should Match Regexp" owner="BuiltIn">
<arg>${json_data['results'][0]['email']}</arg>
<arg>^[a-zA-Z0-9._%+-]+@[a-zA-Z0-9.-]+\.[a-zA-Z]{2,}$</arg>
<doc>Fails if ``string`` does not match ``pattern`` as a regular expression.</doc>
<status status="PASS" start="2024-05-12T07:12:37.963832" elapsed="0.000528"/>
</kw>
<kw name="Should Match Regexp" owner="BuiltIn">
<arg>${json_data['results'][0]['dob']['date']}</arg>
<arg>\\d{4}-\\d{2}-\\d{2}T\\d{2}:\\d{2}:\\d{2}\\.\\d{3}Z</arg>
<doc>Fails if ``string`` does not match ``pattern`` as a regular expression.</doc>
<status status="PASS" start="2024-05-12T07:12:37.964555" elapsed="0.000489"/>
</kw>
<kw name="Should Match Regexp" owner="BuiltIn">
<arg>${json_data['results'][0]['registered']['date']}</arg>
<arg>\\d{4}-\\d{2}-\\d{2}T\\d{2}:\\d{2}:\\d{2}\\.\\d{3}Z</arg>
<doc>Fails if ``string`` does not match ``pattern`` as a regular expression.</doc>
<status status="PASS" start="2024-05-12T07:12:37.965234" elapsed="0.000369"/>
</kw>
<kw name="Should Match Regexp" owner="BuiltIn">
<arg>${json_data['results'][0]['picture']['large']}</arg>
<arg>^https?://.*\.(?:png|jpe?g|gif|bmp)$</arg>
<doc>Fails if ``string`` does not match ``pattern`` as a regular expression.</doc>
<status status="PASS" start="2024-05-12T07:12:37.965791" elapsed="0.000457"/>
</kw>
<kw name="Should Match Regexp" owner="BuiltIn">
<arg>${json_data['results'][0]['picture']['medium']}</arg>
<arg>^https?://.*\.(?:png|jpe?g|gif|bmp)$</arg>
<doc>Fails if ``string`` does not match ``pattern`` as a regular expression.</doc>
<status status="PASS" start="2024-05-12T07:12:37.966434" elapsed="0.000352"/>
</kw>
<kw name="Should Match Regexp" owner="BuiltIn">
<arg>${json_data['results'][0]['picture']['thumbnail']}</arg>
<arg>^https?://.*\.(?:png|jpe?g|gif|bmp)$</arg>
<doc>Fails if ``string`` does not match ``pattern`` as a regular expression.</doc>
<status status="PASS" start="2024-05-12T07:12:37.966973" elapsed="0.000346"/>
</kw>
<kw name="Log" owner="BuiltIn">
<msg time="2024-05-12T07:12:37.967849" level="INFO">{'large': 'https://randomuser.me/api/portraits/women/15.jpg', 'medium': 'https://randomuser.me/api/portraits/med/women/15.jpg', 'thumbnail': 'https://randomuser.me/api/portraits/thumb/women/15.jpg'}</msg>
<arg>${json_data['results'][0]['picture']}</arg>
<doc>Logs the given message with the given level.</doc>
<status status="PASS" start="2024-05-12T07:12:37.967499" elapsed="0.000390"/>
</kw>
<status status="PASS" start="2024-05-12T07:12:37.852755" elapsed="0.115388"/>
</kw>
<kw name="Teste de Tipos de Dados - Postcode" owner="random-user-service">
<kw name="GET On Session" owner="RequestsLibrary">
<msg time="2024-05-12T07:12:38.060539" level="INFO">GET Request : url=https://randomuser.me/api 
 path_url=/api 
 headers={'User-Agent': 'python-requests/2.31.0', 'Accept-Encoding': 'gzip, deflate', 'Accept': '*/*', 'Connection': 'keep-alive'} 
 body=None 
 </msg>
<msg time="2024-05-12T07:12:38.060624" level="INFO">GET Response : url=https://randomuser.me/api 
 status=200, reason=OK 
 headers={'Date': 'Sun, 12 May 2024 07:12:38 GMT', 'Content-Type': 'application/json; charset=utf-8', 'Transfer-Encoding': 'chunked', 'Connection': 'keep-alive', 'X-Powered-By': 'Express', 'Access-Control-Allow-Origin': '*', 'Cache-Control': 'no-cache', 'ETag': 'W/"47d-FuBBWcjFuXUEzOHfRKZ+OrB7gvc"', 'Vary': 'Accept-Encoding', 'Content-Encoding': 'gzip', 'CF-Cache-Status': 'DYNAMIC', 'Report-To': '{"endpoints":[{"url":"https:\\/\\/a.nel.cloudflare.com\\/report\\/v4?s=ueCL7t63H7sXUUQfJBJpOFi%2FXUVfOWqAVqHPnqIF1mL3sybBxaloZdUam1l26w9j%2FwarnLDJcFTWRR44eCUuoD4cQNSKzvSdqdjQsS3EatxPOKZI7%2F37r1EbUamA3cH%2B"}],"group":"cf-nel","max_age":604800}', 'NEL': '{"success_fraction":0,"report_to":"cf-nel","max_age":604800}', 'Server': 'cloudflare', 'CF-RAY': '882899fd4b400fc9-LAX', 'alt-svc': 'h3=":443"; ma=86400'} 
 body={"results":[{"gender":"male","name":{"title":"Mr","first":"Lucas","last":"Arias"},"location":{"street":{"number":5545,"name":"Avenida de La Albufera"},"city":"Ferrol","state":"Navarra","country":"Spain","postcode":68231,"coordinates":{"latitude":"-30.3275","longitude":"-147.9034"},"timezone":{"offset":"-12:00","description":"Eniwetok, Kwajalein"}},"email":"lucas.arias@example.com","login":{"uuid":"a00824da-fe18-4fe5-91a4-86628319099e","username":"redelephant552","password":"animal","salt":"06gH06tv","md5":"0567f2dba534cb9e6315bdb7768ea0e7","sha1":"1c2a5a7138452573c803f15144fa38795c54ceb1","sha256":"46277114c10352a66338de6938337f6249f0232aac5efd29a8c15642ebca3087"},"dob":{"date":"1967-10-07T23:54:36.048Z","age":56},"registered":{"date":"2010-05-10T15:24:01.951Z","age":14},"phone":"952-050-568","cell":"679-851-821","id":{"name":"DNI","value":"44694261-E"},"picture":{"large":"https://randomuser.me/api/portraits/men/12.jpg","medium":"https://randomuser.me/api/portraits/med/men/12.jpg","thumbnail":"https://randomuser.me/api/portraits/thumb/men/12.jpg"},"nat":"ES"}],"info":{"seed":"1d9e1a0a206ef5b4","results":1,"page":1,"version":"1.4"}} 
 </msg>
<msg time="2024-05-12T07:12:38.060696" level="INFO">/opt/hostedtoolcache/Python/3.12.3/x64/lib/python3.12/site-packages/urllib3/connectionpool.py:1103: InsecureRequestWarning: Unverified HTTPS request is being made to host 'randomuser.me'. Adding certificate verification is strongly advised. See: https://urllib3.readthedocs.io/en/latest/advanced-usage.html#tls-warnings
  warnings.warn(</msg>
<msg time="2024-05-12T07:12:38.060799" level="INFO">${response} = &lt;Response [200]&gt;</msg>
<var>${response}</var>
<arg>consultarAPI</arg>
<arg>/api</arg>
<doc>Sends a GET request on a previously created HTTP Session.</doc>
<status status="PASS" start="2024-05-12T07:12:37.968607" elapsed="0.092221"/>
</kw>
<kw name="Set Variable" owner="BuiltIn">
<msg time="2024-05-12T07:12:38.061799" level="INFO">${json_data} = {'results': [{'gender': 'male', 'name': {'title': 'Mr', 'first': 'Lucas', 'last': 'Arias'}, 'location': {'street': {'number': 5545, 'name': 'Avenida de La Albufera'}, 'city': 'Ferrol', 'state': 'Navar...</msg>
<var>${json_data}</var>
<arg>${response.json()}</arg>
<doc>Returns the given values which can then be assigned to a variables.</doc>
<status status="PASS" start="2024-05-12T07:12:38.061300" elapsed="0.000526"/>
</kw>
<kw name="Log" owner="BuiltIn">
<msg time="2024-05-12T07:12:38.062279" level="INFO">{'results': [{'gender': 'male', 'name': {'title': 'Mr', 'first': 'Lucas', 'last': 'Arias'}, 'location': {'street': {'number': 5545, 'name': 'Avenida de La Albufera'}, 'city': 'Ferrol', 'state': 'Navarra', 'country': 'Spain', 'postcode': 68231, 'coordinates': {'latitude': '-30.3275', 'longitude': '-147.9034'}, 'timezone': {'offset': '-12:00', 'description': 'Eniwetok, Kwajalein'}}, 'email': 'lucas.arias@example.com', 'login': {'uuid': 'a00824da-fe18-4fe5-91a4-86628319099e', 'username': 'redelephant552', 'password': 'animal', 'salt': '06gH06tv', 'md5': '0567f2dba534cb9e6315bdb7768ea0e7', 'sha1': '1c2a5a7138452573c803f15144fa38795c54ceb1', 'sha256': '46277114c10352a66338de6938337f6249f0232aac5efd29a8c15642ebca3087'}, 'dob': {'date': '1967-10-07T23:54:36.048Z', 'age': 56}, 'registered': {'date': '2010-05-10T15:24:01.951Z', 'age': 14}, 'phone': '952-050-568', 'cell': '679-851-821', 'id': {'name': 'DNI', 'value': '44694261-E'}, 'picture': {'large': 'https://randomuser.me/api/portraits/men/12.jpg', 'medium': 'https://randomuser.me/api/portraits/med/men/12.jpg', 'thumbnail': 'https://randomuser.me/api/portraits/thumb/men/12.jpg'}, 'nat': 'ES'}], 'info': {'seed': '1d9e1a0a206ef5b4', 'results': 1, 'page': 1, 'version': '1.4'}}</msg>
<arg>${json_data}</arg>
<doc>Logs the given message with the given level.</doc>
<status status="PASS" start="2024-05-12T07:12:38.062128" elapsed="0.000231"/>
</kw>
<kw name="Should Be Equal As Numbers" owner="BuiltIn">
<arg>${json_data['results'][0]['location']['postcode']}</arg>
<arg>${json_data['results'][0]['location']['postcode']}</arg>
<doc>Fails if objects are unequal after converting them to real numbers.</doc>
<status status="PASS" start="2024-05-12T07:12:38.062828" elapsed="0.000615"/>
</kw>
<kw name="Log" owner="BuiltIn">
<msg time="2024-05-12T07:12:38.064030" level="INFO">68231</msg>
<arg>${json_data['results'][0]['location']['postcode']}</arg>
<doc>Logs the given message with the given level.</doc>
<status status="PASS" start="2024-05-12T07:12:38.063685" elapsed="0.000383"/>
</kw>
<status status="PASS" start="2024-05-12T07:12:37.968373" elapsed="0.095952"/>
</kw>
<doc>Testa se os tipos de dados na resposta da API estão corretos.</doc>
<tag>testeTiposDados</tag>
<status status="PASS" start="2024-05-12T07:12:37.852254" elapsed="0.212236"/>
</test>
<test id="s1-s1-t5" name="Validar conteudo" line="35">
<kw name="Teste de Tipos de Conteudo" owner="random-user-service">
<kw name="GET On Session" owner="RequestsLibrary">
<msg time="2024-05-12T07:12:38.161104" level="INFO">GET Request : url=https://randomuser.me/api 
 path_url=/api 
 headers={'User-Agent': 'python-requests/2.31.0', 'Accept-Encoding': 'gzip, deflate', 'Accept': '*/*', 'Connection': 'keep-alive'} 
 body=None 
 </msg>
<msg time="2024-05-12T07:12:38.161191" level="INFO">GET Response : url=https://randomuser.me/api 
 status=200, reason=OK 
 headers={'Date': 'Sun, 12 May 2024 07:12:38 GMT', 'Content-Type': 'application/json; charset=utf-8', 'Transfer-Encoding': 'chunked', 'Connection': 'keep-alive', 'X-Powered-By': 'Express', 'Access-Control-Allow-Origin': '*', 'Cache-Control': 'no-cache', 'ETag': 'W/"4a2-WUq1EdCVCQcL4KIWqjUmzwtO+Tg"', 'Vary': 'Accept-Encoding', 'Content-Encoding': 'gzip', 'CF-Cache-Status': 'DYNAMIC', 'Report-To': '{"endpoints":[{"url":"https:\\/\\/a.nel.cloudflare.com\\/report\\/v4?s=lXElDY%2BEoQIzp%2BRzundWeKjMhhe5CYFcprQLVJmMg9L8f3h9I6Ct%2Fad9PhsS%2BlR1DtP6%2F53bMHICZiZCTqVrJkwXz%2BjNar%2FXjvY%2Fm9BeVOp5Mi1%2F4Jphid9cm%2FMsxaqa"}],"group":"cf-nel","max_age":604800}', 'NEL': '{"success_fraction":0,"report_to":"cf-nel","max_age":604800}', 'Server': 'cloudflare', 'CF-RAY': '882899fdebe70fc9-LAX', 'alt-svc': 'h3=":443"; ma=86400'} 
 body={"results":[{"gender":"female","name":{"title":"Ms","first":"Elli","last":"Halla"},"location":{"street":{"number":6750,"name":"Suvantokatu"},"city":"Imatra","state":"Southern Ostrobothnia","country":"Finland","postcode":32125,"coordinates":{"latitude":"-29.6180","longitude":"2.7569"},"timezone":{"offset":"+5:00","description":"Ekaterinburg, Islamabad, Karachi, Tashkent"}},"email":"elli.halla@example.com","login":{"uuid":"21faad2c-3bcd-462d-8689-eeee93a44935","username":"organictiger909","password":"lkjh","salt":"TXYxi2Wy","md5":"89451d257d6bb2d34c988b0b5c14ee1c","sha1":"033fb85820542cb86d2897d1efaa2ab90e29d303","sha256":"476822e16fb28389f30ecd222f5d7f07e7e4f69674769373222f4730eb527550"},"dob":{"date":"1997-05-03T23:17:58.324Z","age":27},"registered":{"date":"2019-12-29T17:41:56.139Z","age":4},"phone":"03-622-623","cell":"046-931-13-75","id":{"name":"HETU","value":"NaNNA632undefined"},"picture":{"large":"https://randomuser.me/api/portraits/women/55.jpg","medium":"https://randomuser.me/api/portraits/med/women/55.jpg","thumbnail":"https://randomuser.me/api/portraits/thumb/women/55.jpg"},"nat":"FI"}],"info":{"seed":"85081c35f7d6742b","results":1,"page":1,"version":"1.4"}} 
 </msg>
<msg time="2024-05-12T07:12:38.161270" level="INFO">/opt/hostedtoolcache/Python/3.12.3/x64/lib/python3.12/site-packages/urllib3/connectionpool.py:1103: InsecureRequestWarning: Unverified HTTPS request is being made to host 'randomuser.me'. Adding certificate verification is strongly advised. See: https://urllib3.readthedocs.io/en/latest/advanced-usage.html#tls-warnings
  warnings.warn(</msg>
<msg time="2024-05-12T07:12:38.161383" level="INFO">${response} = &lt;Response [200]&gt;</msg>
<var>${response}</var>
<arg>consultarAPI</arg>
<arg>/api</arg>
<doc>Sends a GET request on a previously created HTTP Session.</doc>
<status status="PASS" start="2024-05-12T07:12:38.066985" elapsed="0.094448"/>
</kw>
<kw name="Set Variable" owner="BuiltIn">
<msg time="2024-05-12T07:12:38.162411" level="INFO">${json_data} = {'results': [{'gender': 'female', 'name': {'title': 'Ms', 'first': 'Elli', 'last': 'Halla'}, 'location': {'street': {'number': 6750, 'name': 'Suvantokatu'}, 'city': 'Imatra', 'state': 'Southern Ostrob...</msg>
<var>${json_data}</var>
<arg>${response.json()}</arg>
<doc>Returns the given values which can then be assigned to a variables.</doc>
<status status="PASS" start="2024-05-12T07:12:38.161923" elapsed="0.000516"/>
</kw>
<kw name="Set Variable" owner="BuiltIn">
<msg time="2024-05-12T07:12:38.163130" level="INFO">${name_title} = Ms</msg>
<var>${name_title}</var>
<arg>${json_data["results"][0]["name"]["title"]}</arg>
<doc>Returns the given values which can then be assigned to a variables.</doc>
<status status="PASS" start="2024-05-12T07:12:38.162746" elapsed="0.000409"/>
</kw>
<kw name="Create List" owner="BuiltIn">
<msg time="2024-05-12T07:12:38.163636" level="INFO">${allowed_titles} = ['Mr', 'Ms', 'Miss', 'Mrs', 'Madame', 'Monsieur']</msg>
<var>${allowed_titles}</var>
<arg>Mr</arg>
<arg>Ms</arg>
<arg>Miss</arg>
<arg>Mrs</arg>
<arg>Madame</arg>
<arg>Monsieur</arg>
<doc>Returns a list containing given items.</doc>
<status status="PASS" start="2024-05-12T07:12:38.163449" elapsed="0.000212"/>
</kw>
<kw name="List Should Contain Value" owner="Collections">
<msg time="2024-05-12T07:12:38.164156" level="INFO">False</msg>
<arg>${allowed_titles}</arg>
<arg>${name_title}</arg>
<doc>Fails if the ``value`` is not found from ``list``.</doc>
<status status="PASS" start="2024-05-12T07:12:38.163982" elapsed="0.000211"/>
</kw>
<kw name="Set Variable" owner="BuiltIn">
<msg time="2024-05-12T07:12:38.164857" level="INFO">${name_country} = FI</msg>
<var>${name_country}</var>
<arg>${json_data["results"][0]["nat"]}</arg>
<doc>Returns the given values which can then be assigned to a variables.</doc>
<status status="PASS" start="2024-05-12T07:12:38.164482" elapsed="0.000399"/>
</kw>
<kw name="Create List" owner="BuiltIn">
<msg time="2024-05-12T07:12:38.165801" level="INFO">${list_country} = ['AD', 'AE', 'AF', 'AG', 'AI', 'AL', 'AM', 'AO', 'AQ', 'AR', 'AS', 'AT', 'AU', 'AW', 'AX', 'AZ', 'BA', 'BB', 'BD', 'BE', 'BF', 'BG', 'BH', 'BI', 'BJ', 'BL', 'BM', 'BN', 'BO', 'BQ', 'BR', 'BS', 'BT', '...</msg>
<var>${list_country}</var>
<arg>AD</arg>
<arg>AE</arg>
<arg>AF</arg>
<arg>AG</arg>
<arg>AI</arg>
<arg>AL</arg>
<arg>AM</arg>
<arg>AO</arg>
<arg>AQ</arg>
<arg>AR</arg>
<arg>AS</arg>
<arg>AT</arg>
<arg>AU</arg>
<arg>AW</arg>
<arg>AX</arg>
<arg>AZ</arg>
<arg>BA</arg>
<arg>BB</arg>
<arg>BD</arg>
<arg>BE</arg>
<arg>BF</arg>
<arg>BG</arg>
<arg>BH</arg>
<arg>BI</arg>
<arg>BJ</arg>
<arg>BL</arg>
<arg>BM</arg>
<arg>BN</arg>
<arg>BO</arg>
<arg>BQ</arg>
<arg>BR</arg>
<arg>BS</arg>
<arg>BT</arg>
<arg>BV</arg>
<arg>BW</arg>
<arg>BY</arg>
<arg>BZ</arg>
<arg>CA</arg>
<arg>CC</arg>
<arg>CD</arg>
<arg>CF</arg>
<arg>CG</arg>
<arg>CH</arg>
<arg>CI</arg>
<arg>CK</arg>
<arg>CL</arg>
<arg>CM</arg>
<arg>CN</arg>
<arg>CO</arg>
<arg>CR</arg>
<arg>CU</arg>
<arg>CV</arg>
<arg>CW</arg>
<arg>CX</arg>
<arg>CY</arg>
<arg>CZ</arg>
<arg>DE</arg>
<arg>DJ</arg>
<arg>DK</arg>
<arg>DM</arg>
<arg>DO</arg>
<arg>DZ</arg>
<arg>EC</arg>
<arg>EE</arg>
<arg>EG</arg>
<arg>EH</arg>
<arg>ER</arg>
<arg>ES</arg>
<arg>ET</arg>
<arg>FI</arg>
<arg>FJ</arg>
<arg>FK</arg>
<arg>FM</arg>
<arg>FO</arg>
<arg>FR</arg>
<arg>GA</arg>
<arg>GB</arg>
<arg>GD</arg>
<arg>GE</arg>
<arg>GF</arg>
<arg>GG</arg>
<arg>GH</arg>
<arg>GI</arg>
<arg>GL</arg>
<arg>GM</arg>
<arg>GN</arg>
<arg>GP</arg>
<arg>GQ</arg>
<arg>GR</arg>
<arg>GS</arg>
<arg>GT</arg>
<arg>GU</arg>
<arg>GW</arg>
<arg>GY</arg>
<arg>HK</arg>
<arg>HM</arg>
<arg>HN</arg>
<arg>HR</arg>
<arg>HT</arg>
<arg>HU</arg>
<arg>ID</arg>
<arg>IE</arg>
<arg>IL</arg>
<arg>IM</arg>
<arg>IN</arg>
<arg>IO</arg>
<arg>IQ</arg>
<arg>IR</arg>
<arg>IS</arg>
<arg>IT</arg>
<arg>JE</arg>
<arg>JM</arg>
<arg>JO</arg>
<arg>JP</arg>
<arg>KE</arg>
<arg>KG</arg>
<arg>KH</arg>
<arg>KI</arg>
<arg>KM</arg>
<arg>KN</arg>
<arg>KP</arg>
<arg>KR</arg>
<arg>KW</arg>
<arg>KY</arg>
<arg>KZ</arg>
<arg>LA</arg>
<arg>LB</arg>
<arg>LC</arg>
<arg>LI</arg>
<arg>LK</arg>
<arg>LR</arg>
<arg>LS</arg>
<arg>LT</arg>
<arg>LU</arg>
<arg>LV</arg>
<arg>LY</arg>
<arg>MA</arg>
<arg>MC</arg>
<arg>MD</arg>
<arg>ME</arg>
<arg>MF</arg>
<arg>MG</arg>
<arg>MH</arg>
<arg>MK</arg>
<arg>ML</arg>
<arg>MM</arg>
<arg>MN</arg>
<arg>MO</arg>
<arg>MP</arg>
<arg>MQ</arg>
<arg>MR</arg>
<arg>MS</arg>
<arg>MT</arg>
<arg>MU</arg>
<arg>MV</arg>
<arg>MW</arg>
<arg>MX</arg>
<arg>MY</arg>
<arg>MZ</arg>
<arg>NA</arg>
<arg>NC</arg>
<arg>NE</arg>
<arg>NF</arg>
<arg>NG</arg>
<arg>NI</arg>
<arg>NL</arg>
<arg>NO</arg>
<arg>NP</arg>
<arg>NR</arg>
<arg>NU</arg>
<arg>NZ</arg>
<arg>OM</arg>
<arg>PA</arg>
<arg>PE</arg>
<arg>PF</arg>
<arg>PG</arg>
<arg>PH</arg>
<arg>PK</arg>
<arg>PL</arg>
<arg>PM</arg>
<arg>PN</arg>
<arg>PR</arg>
<arg>PS</arg>
<arg>PT</arg>
<arg>PW</arg>
<arg>PY</arg>
<arg>QA</arg>
<arg>RE</arg>
<arg>RO</arg>
<arg>RS</arg>
<arg>RU</arg>
<arg>RW</arg>
<arg>SA</arg>
<arg>SB</arg>
<arg>SC</arg>
<arg>SD</arg>
<arg>SE</arg>
<arg>SG</arg>
<arg>SH</arg>
<arg>SI</arg>
<arg>SJ</arg>
<arg>SK</arg>
<arg>SL</arg>
<arg>SM</arg>
<arg>SN</arg>
<arg>SO</arg>
<arg>SR</arg>
<arg>SS</arg>
<arg>ST</arg>
<arg>SV</arg>
<arg>SX</arg>
<arg>SY</arg>
<arg>SZ</arg>
<arg>TC</arg>
<arg>TD</arg>
<arg>TF</arg>
<arg>TG</arg>
<arg>TH</arg>
<arg>TJ</arg>
<arg>TK</arg>
<arg>TL</arg>
<arg>TM</arg>
<arg>TN</arg>
<arg>TO</arg>
<arg>TR</arg>
<arg>TT</arg>
<arg>TV</arg>
<arg>TW</arg>
<arg>TZ</arg>
<arg>UA</arg>
<arg>UG</arg>
<arg>UM</arg>
<arg>US</arg>
<arg>UY</arg>
<arg>UZ</arg>
<arg>VA</arg>
<arg>VC</arg>
<arg>VE</arg>
<arg>VG</arg>
<arg>VI</arg>
<arg>VN</arg>
<arg>VU</arg>
<arg>WF</arg>
<arg>WS</arg>
<arg>XK</arg>
<arg>YE</arg>
<arg>YT</arg>
<arg>ZA</arg>
<arg>ZM</arg>
<arg>ZW</arg>
<doc>Returns a list containing given items.</doc>
<status status="PASS" start="2024-05-12T07:12:38.165187" elapsed="0.000639"/>
</kw>
<kw name="List Should Contain Value" owner="Collections">
<msg time="2024-05-12T07:12:38.166810" level="INFO">False</msg>
<arg>${list_country}</arg>
<arg>${name_country}</arg>
<doc>Fails if the ``value`` is not found from ``list``.</doc>
<status status="PASS" start="2024-05-12T07:12:38.166614" elapsed="0.000232"/>
</kw>
<kw name="Run Keyword If" owner="BuiltIn">
<kw name="Should Be True" owner="BuiltIn">
<arg>${True}</arg>
<doc>Fails if the given condition is not true.</doc>
<status status="PASS" start="2024-05-12T07:12:38.167941" elapsed="0.000248"/>
</kw>
<arg>${json_data["results"][0]["location"]["coordinates"]["latitude"]} &gt;= -90 and ${json_data["results"][0]["location"]["coordinates"]["latitude"]} &lt;= 90</arg>
<arg>Should Be True</arg>
<arg>${True}</arg>
<doc>Runs the given keyword with the given arguments, if ``condition`` is true.</doc>
<status status="PASS" start="2024-05-12T07:12:38.167154" elapsed="0.001168"/>
</kw>
<kw name="Run Keyword If" owner="BuiltIn">
<kw name="Should Be True" owner="BuiltIn">
<arg>${True}</arg>
<doc>Fails if the given condition is not true.</doc>
<status status="PASS" start="2024-05-12T07:12:38.169213" elapsed="0.000139"/>
</kw>
<arg>${json_data["results"][0]["location"]["coordinates"]["longitude"]} &gt;= -180 and ${json_data["results"][0]["location"]["coordinates"]["longitude"]} &lt;= 180</arg>
<arg>Should Be True</arg>
<arg>${True}</arg>
<doc>Runs the given keyword with the given arguments, if ``condition`` is true.</doc>
<status status="PASS" start="2024-05-12T07:12:38.168507" elapsed="0.000967"/>
</kw>
<status status="PASS" start="2024-05-12T07:12:38.066759" elapsed="0.102845"/>
</kw>
<doc>Testa o conteúdo específico dos campos retornados pela API.</doc>
<tag>testeConteudo</tag>
<status status="PASS" start="2024-05-12T07:12:38.066229" elapsed="0.103522"/>
</test>
<status status="PASS" start="2024-05-12T07:12:37.262846" elapsed="0.908911"/>
</suite>
<status status="PASS" start="2024-05-12T07:12:37.249319" elapsed="0.927599"/>
</suite>
<statistics>
<total>
<stat pass="5" fail="0" skip="0">All Tests</stat>
</total>
<tag>
<stat pass="1" fail="0" skip="0">testeConteudo</stat>
<stat pass="1" fail="0" skip="0">testeEstruturaResposta</stat>
<stat pass="1" fail="0" skip="0">testeRequisicaoBasica</stat>
<stat pass="1" fail="0" skip="0">testeTiposDados</stat>
</tag>
<suite>
<stat pass="5" fail="0" skip="0" id="s1" name="Tests">Tests</stat>
<stat pass="5" fail="0" skip="0" id="s1-s1" name="Random-User-Test">Tests.Random-User-Test</stat>
</suite>
</statistics>
<errors>
</errors>
</robot>
