<?xml version="1.0" encoding="UTF-8"?>
<robot generator="Robot 7.0.1 (Python 3.12.3 on linux)" generated="2024-06-14T19:12:23.057123" rpa="false" schemaversion="5">
<suite id="s1" name="Tests" source="/home/runner/work/ApiRandomUser/ApiRandomUser/RamdonUser/tests">
<suite id="s1-s1" name="Random-User-Test" source="/home/runner/work/ApiRandomUser/ApiRandomUser/RamdonUser/tests/random-user-test.robot">
<test id="s1-s1-t1" name="Conectar" line="13">
<kw name="Conectar API" owner="random-user-service">
<kw name="Create Session" owner="RequestsLibrary">
<msg time="2024-06-14T19:12:23.478255" level="INFO">Creating Session using : alias=consultarAPI, url=https://randomuser.me/, headers={},                     cookies={}, auth=None, timeout=None, proxies=None, verify=False,                     debug=0 </msg>
<arg>consultarAPI</arg>
<arg>${URL}</arg>
<doc>Create Session: create a HTTP session to a server</doc>
<status status="PASS" start="2024-06-14T19:12:23.478048" elapsed="0.000393"/>
</kw>
<status status="PASS" start="2024-06-14T19:12:23.476991" elapsed="0.001812"/>
</kw>
<status status="PASS" start="2024-06-14T19:12:23.476396" elapsed="0.002631"/>
</test>
<test id="s1-s1-t2" name="Validar retorno 200 e JSON Válido" line="16">
<kw name="Teste de Requisicao Basica" owner="random-user-service">
<kw name="GET On Session" owner="RequestsLibrary">
<msg time="2024-06-14T19:12:23.681469" level="INFO">GET Request : url=https://randomuser.me/api 
 path_url=/api 
 headers={'User-Agent': 'python-requests/2.32.3', 'Accept-Encoding': 'gzip, deflate', 'Accept': '*/*', 'Connection': 'keep-alive'} 
 body=None 
 </msg>
<msg time="2024-06-14T19:12:23.681633" level="INFO">GET Response : url=https://randomuser.me/api 
 status=200, reason=OK 
 headers={'Date': 'Fri, 14 Jun 2024 19:12:23 GMT', 'Content-Type': 'application/json; charset=utf-8', 'Transfer-Encoding': 'chunked', 'Connection': 'keep-alive', 'X-Powered-By': 'Express', 'Access-Control-Allow-Origin': '*', 'Cache-Control': 'no-cache', 'ETag': 'W/"48f-l3t/r7XmWMcvz4SMqFBMHL17eeg"', 'Vary': 'Accept-Encoding', 'Content-Encoding': 'gzip', 'CF-Cache-Status': 'DYNAMIC', 'Report-To': '{"endpoints":[{"url":"https:\\/\\/a.nel.cloudflare.com\\/report\\/v4?s=L52Yd%2FVp2DcdE5%2FknFE%2FycQoLj2PWjOIlPVLKOSUVlmEJ7NiNitWE0%2FD8VCofuo7mceaJLed1j%2FKLOCXC9Wb88Svbe%2F5gLCIMW%2BWYpEiwz5gyert372dcxTUO3aQN5%2Bq"}],"group":"cf-nel","max_age":604800}', 'NEL': '{"success_fraction":0,"report_to":"cf-nel","max_age":604800}', 'Server': 'cloudflare', 'CF-RAY': '893ca1b3abdb6058-ORD', 'alt-svc': 'h3=":443"; ma=86400'} 
 body={"results":[{"gender":"male","name":{"title":"Mr","first":"Ferenc","last":"Hohmann"},"location":{"street":{"number":2362,"name":"Waldstraße"},"city":"Rastatt","state":"Bremen","country":"Germany","postcode":17395,"coordinates":{"latitude":"-47.9383","longitude":"-4.7157"},"timezone":{"offset":"+9:00","description":"Tokyo, Seoul, Osaka, Sapporo, Yakutsk"}},"email":"ferenc.hohmann@example.com","login":{"uuid":"45e3fb41-3008-4b1f-8d35-7804fa76aa91","username":"bluegoose534","password":"snuffy","salt":"oabFRe9W","md5":"31b9bff2749ffa883e4bea2b37e146e0","sha1":"8e45165735e1c43ef8d5b309a010a0e71559a92a","sha256":"14f411087ad2e85af4ed885259de4830be139c5d562f18f28e15b6b13286a557"},"dob":{"date":"1974-12-22T14:04:55.308Z","age":49},"registered":{"date":"2002-08-31T03:16:27.696Z","age":21},"phone":"0964-4665017","cell":"0178-5306916","id":{"name":"SVNR","value":"77 221274 H 472"},"picture":{"large":"https://randomuser.me/api/portraits/men/30.jpg","medium":"https://randomuser.me/api/portraits/med/men/30.jpg","thumbnail":"https://randomuser.me/api/portraits/thumb/men/30.jpg"},"nat":"DE"}],"info":{"seed":"6c4fdfd289a82df3","results":1,"page":1,"version":"1.4"}} 
 </msg>
<msg time="2024-06-14T19:12:23.681721" level="INFO">/opt/hostedtoolcache/Python/3.12.3/x64/lib/python3.12/site-packages/urllib3/connectionpool.py:1103: InsecureRequestWarning: Unverified HTTPS request is being made to host 'randomuser.me'. Adding certificate verification is strongly advised. See: https://urllib3.readthedocs.io/en/latest/advanced-usage.html#tls-warnings
  warnings.warn(</msg>
<msg time="2024-06-14T19:12:23.681886" level="INFO">${response} = &lt;Response [200]&gt;</msg>
<var>${response}</var>
<arg>consultarAPI</arg>
<arg>/api</arg>
<doc>Sends a GET request on a previously created HTTP Session.</doc>
<status status="PASS" start="2024-06-14T19:12:23.481676" elapsed="0.200271"/>
</kw>
<kw name="Should Be Equal As Numbers" owner="BuiltIn">
<msg time="2024-06-14T19:12:23.682956" level="INFO">Argument types are:
&lt;class 'int'&gt;
&lt;class 'str'&gt;</msg>
<arg>${response.status_code}</arg>
<arg>200</arg>
<doc>Fails if objects are unequal after converting them to real numbers.</doc>
<status status="PASS" start="2024-06-14T19:12:23.682508" elapsed="0.000563"/>
</kw>
<kw name="Log" owner="BuiltIn">
<msg time="2024-06-14T19:12:23.683738" level="INFO">200</msg>
<arg>${response.status_code}</arg>
<doc>Logs the given message with the given level.</doc>
<status status="PASS" start="2024-06-14T19:12:23.683396" elapsed="0.000387"/>
</kw>
<kw name="Set Variable" owner="BuiltIn">
<msg time="2024-06-14T19:12:23.684526" level="INFO">${json_data} = {'results': [{'gender': 'male', 'name': {'title': 'Mr', 'first': 'Ferenc', 'last': 'Hohmann'}, 'location': {'street': {'number': 2362, 'name': 'Waldstraße'}, 'city': 'Rastatt', 'state': 'Bremen', 'cou...</msg>
<var>${json_data}</var>
<arg>${response.json()}</arg>
<doc>Returns the given values which can then be assigned to a variables.</doc>
<status status="PASS" start="2024-06-14T19:12:23.684084" elapsed="0.000471"/>
</kw>
<kw name="Dictionary Should Contain Key" owner="Collections">
<arg>${json_data}</arg>
<arg>results</arg>
<doc>Fails if ``key`` is not found from ``dictionary``.</doc>
<status status="PASS" start="2024-06-14T19:12:23.684849" elapsed="0.000163"/>
</kw>
<status status="PASS" start="2024-06-14T19:12:23.481433" elapsed="0.203729"/>
</kw>
<doc>Testa se a API responde corretamente e retorna um objeto JSON válido.</doc>
<tag>testeRequisicaoBasica</tag>
<status status="PASS" start="2024-06-14T19:12:23.480896" elapsed="0.204441"/>
</test>
<test id="s1-s1-t3" name="Validar estrutura de resposta" line="22">
<kw name="Teste de Estrutura de Resposta" owner="random-user-service">
<kw name="GET On Session" owner="RequestsLibrary">
<msg time="2024-06-14T19:12:23.779714" level="INFO">GET Request : url=https://randomuser.me/api 
 path_url=/api 
 headers={'User-Agent': 'python-requests/2.32.3', 'Accept-Encoding': 'gzip, deflate', 'Accept': '*/*', 'Connection': 'keep-alive'} 
 body=None 
 </msg>
<msg time="2024-06-14T19:12:23.779824" level="INFO">GET Response : url=https://randomuser.me/api 
 status=200, reason=OK 
 headers={'Date': 'Fri, 14 Jun 2024 19:12:23 GMT', 'Content-Type': 'application/json; charset=utf-8', 'Transfer-Encoding': 'chunked', 'Connection': 'keep-alive', 'X-Powered-By': 'Express', 'Access-Control-Allow-Origin': '*', 'Cache-Control': 'no-cache', 'ETag': 'W/"48a-cwdLmr6Naa+0RvZDGKDC7wWBl9w"', 'Vary': 'Accept-Encoding', 'Content-Encoding': 'gzip', 'CF-Cache-Status': 'DYNAMIC', 'Report-To': '{"endpoints":[{"url":"https:\\/\\/a.nel.cloudflare.com\\/report\\/v4?s=v3YbweR62uqnybsjknRySWn79Qmx9q%2FmO%2F4%2BA8axqoTgL32BlgV7dI8OS5LHxgdrdBhonkvCP8YIk%2F3yx4Eex%2BnwJ7s5qgNvk3d2%2FfYh91Hv1rnOkOqlrZwIntMi0BfA"}],"group":"cf-nel","max_age":604800}', 'NEL': '{"success_fraction":0,"report_to":"cf-nel","max_age":604800}', 'Server': 'cloudflare', 'CF-RAY': '893ca1b40c716058-ORD', 'alt-svc': 'h3=":443"; ma=86400'} 
 body={"results":[{"gender":"female","name":{"title":"Ms","first":"Rachel","last":"Coleman"},"location":{"street":{"number":1902,"name":"Marsh Ln"},"city":"Sacramento","state":"Illinois","country":"United States","postcode":84410,"coordinates":{"latitude":"88.4526","longitude":"61.7931"},"timezone":{"offset":"+9:30","description":"Adelaide, Darwin"}},"email":"rachel.coleman@example.com","login":{"uuid":"c2ce37c3-d510-4e50-ac88-b545d2e4e71b","username":"orangepeacock418","password":"kate","salt":"vec6tayW","md5":"a38600d08e31f3f2a92af087eebc51ba","sha1":"f16eac6fe643c1360906c1402bd8cda766db60f9","sha256":"499b39e5abea47754989539cab0e3bec580934c406134b5ce09e8c6d4a200c62"},"dob":{"date":"1960-11-13T00:22:38.781Z","age":63},"registered":{"date":"2009-10-10T10:59:55.630Z","age":14},"phone":"(392) 940-7591","cell":"(962) 638-4644","id":{"name":"SSN","value":"320-15-0449"},"picture":{"large":"https://randomuser.me/api/portraits/women/83.jpg","medium":"https://randomuser.me/api/portraits/med/women/83.jpg","thumbnail":"https://randomuser.me/api/portraits/thumb/women/83.jpg"},"nat":"US"}],"info":{"seed":"fc600134fe5251c1","results":1,"page":1,"version":"1.4"}} 
 </msg>
<msg time="2024-06-14T19:12:23.779994" level="INFO">/opt/hostedtoolcache/Python/3.12.3/x64/lib/python3.12/site-packages/urllib3/connectionpool.py:1103: InsecureRequestWarning: Unverified HTTPS request is being made to host 'randomuser.me'. Adding certificate verification is strongly advised. See: https://urllib3.readthedocs.io/en/latest/advanced-usage.html#tls-warnings
  warnings.warn(</msg>
<msg time="2024-06-14T19:12:23.780123" level="INFO">${response} = &lt;Response [200]&gt;</msg>
<var>${response}</var>
<arg>consultarAPI</arg>
<arg>/api</arg>
<doc>Sends a GET request on a previously created HTTP Session.</doc>
<status status="PASS" start="2024-06-14T19:12:23.688063" elapsed="0.092103"/>
</kw>
<kw name="Set Variable" owner="BuiltIn">
<msg time="2024-06-14T19:12:23.781379" level="INFO">${json_data} = {'results': [{'gender': 'female', 'name': {'title': 'Ms', 'first': 'Rachel', 'last': 'Coleman'}, 'location': {'street': {'number': 1902, 'name': 'Marsh Ln'}, 'city': 'Sacramento', 'state': 'Illinois',...</msg>
<var>${json_data}</var>
<arg>${response.json()}</arg>
<doc>Returns the given values which can then be assigned to a variables.</doc>
<status status="PASS" start="2024-06-14T19:12:23.780756" elapsed="0.000653"/>
</kw>
<kw name="Log" owner="BuiltIn">
<msg time="2024-06-14T19:12:23.781876" level="INFO">{'results': [{'gender': 'female', 'name': {'title': 'Ms', 'first': 'Rachel', 'last': 'Coleman'}, 'location': {'street': {'number': 1902, 'name': 'Marsh Ln'}, 'city': 'Sacramento', 'state': 'Illinois', 'country': 'United States', 'postcode': 84410, 'coordinates': {'latitude': '88.4526', 'longitude': '61.7931'}, 'timezone': {'offset': '+9:30', 'description': 'Adelaide, Darwin'}}, 'email': 'rachel.coleman@example.com', 'login': {'uuid': 'c2ce37c3-d510-4e50-ac88-b545d2e4e71b', 'username': 'orangepeacock418', 'password': 'kate', 'salt': 'vec6tayW', 'md5': 'a38600d08e31f3f2a92af087eebc51ba', 'sha1': 'f16eac6fe643c1360906c1402bd8cda766db60f9', 'sha256': '499b39e5abea47754989539cab0e3bec580934c406134b5ce09e8c6d4a200c62'}, 'dob': {'date': '1960-11-13T00:22:38.781Z', 'age': 63}, 'registered': {'date': '2009-10-10T10:59:55.630Z', 'age': 14}, 'phone': '(392) 940-7591', 'cell': '(962) 638-4644', 'id': {'name': 'SSN', 'value': '320-15-0449'}, 'picture': {'large': 'https://randomuser.me/api/portraits/women/83.jpg', 'medium': 'https://randomuser.me/api/portraits/med/women/83.jpg', 'thumbnail': 'https://randomuser.me/api/portraits/thumb/women/83.jpg'}, 'nat': 'US'}], 'info': {'seed': 'fc600134fe5251c1', 'results': 1, 'page': 1, 'version': '1.4'}}</msg>
<arg>${json_data}</arg>
<doc>Logs the given message with the given level.</doc>
<status status="PASS" start="2024-06-14T19:12:23.781717" elapsed="0.000206"/>
</kw>
<kw name="Dictionary Should Contain Key" owner="Collections">
<arg>${json_data}</arg>
<arg>results</arg>
<doc>Fails if ``key`` is not found from ``dictionary``.</doc>
<status status="PASS" start="2024-06-14T19:12:23.782211" elapsed="0.000158"/>
</kw>
<kw name="Should Not Be Empty" owner="BuiltIn">
<msg time="2024-06-14T19:12:23.782668" level="INFO">Length is 2.</msg>
<arg>${json_data}</arg>
<doc>Verifies that the given item is not empty.</doc>
<status status="PASS" start="2024-06-14T19:12:23.782549" elapsed="0.000156"/>
</kw>
<kw name="Create List" owner="BuiltIn">
<msg time="2024-06-14T19:12:23.783169" level="INFO">${expected_keys} = ['gender', 'name', 'location', 'email', 'login']</msg>
<var>${expected_keys}</var>
<arg>gender</arg>
<arg>name</arg>
<arg>location</arg>
<arg>email</arg>
<arg>login</arg>
<doc>Returns a list containing given items.</doc>
<status status="PASS" start="2024-06-14T19:12:23.783016" elapsed="0.000177"/>
</kw>
<for flavor="IN">
<iter>
<kw name="Dictionary Should Contain Key" owner="Collections">
<arg>${json_data['results'][0]}</arg>
<arg>${key}</arg>
<doc>Fails if ``key`` is not found from ``dictionary``.</doc>
<status status="PASS" start="2024-06-14T19:12:23.783783" elapsed="0.000394"/>
</kw>
<kw name="Log" owner="BuiltIn">
<msg time="2024-06-14T19:12:23.784729" level="INFO">{'gender': 'female', 'name': {'title': 'Ms', 'first': 'Rachel', 'last': 'Coleman'}, 'location': {'street': {'number': 1902, 'name': 'Marsh Ln'}, 'city': 'Sacramento', 'state': 'Illinois', 'country': 'United States', 'postcode': 84410, 'coordinates': {'latitude': '88.4526', 'longitude': '61.7931'}, 'timezone': {'offset': '+9:30', 'description': 'Adelaide, Darwin'}}, 'email': 'rachel.coleman@example.com', 'login': {'uuid': 'c2ce37c3-d510-4e50-ac88-b545d2e4e71b', 'username': 'orangepeacock418', 'password': 'kate', 'salt': 'vec6tayW', 'md5': 'a38600d08e31f3f2a92af087eebc51ba', 'sha1': 'f16eac6fe643c1360906c1402bd8cda766db60f9', 'sha256': '499b39e5abea47754989539cab0e3bec580934c406134b5ce09e8c6d4a200c62'}, 'dob': {'date': '1960-11-13T00:22:38.781Z', 'age': 63}, 'registered': {'date': '2009-10-10T10:59:55.630Z', 'age': 14}, 'phone': '(392) 940-7591', 'cell': '(962) 638-4644', 'id': {'name': 'SSN', 'value': '320-15-0449'}, 'picture': {'large': 'https://randomuser.me/api/portraits/women/83.jpg', 'medium': 'https://randomuser.me/api/portraits/med/women/83.jpg', 'thumbnail': 'https://randomuser.me/api/portraits/thumb/women/83.jpg'}, 'nat': 'US'}</msg>
<arg>${json_data['results'][0]}</arg>
<doc>Logs the given message with the given level.</doc>
<status status="PASS" start="2024-06-14T19:12:23.784366" elapsed="0.000422"/>
</kw>
<kw name="Log" owner="BuiltIn">
<msg time="2024-06-14T19:12:23.785208" level="INFO">gender</msg>
<arg>${key}</arg>
<doc>Logs the given message with the given level.</doc>
<status status="PASS" start="2024-06-14T19:12:23.785081" elapsed="0.000164"/>
</kw>
<var name="${key}">gender</var>
<status status="PASS" start="2024-06-14T19:12:23.783660" elapsed="0.001804"/>
</iter>
<iter>
<kw name="Dictionary Should Contain Key" owner="Collections">
<arg>${json_data['results'][0]}</arg>
<arg>${key}</arg>
<doc>Fails if ``key`` is not found from ``dictionary``.</doc>
<status status="PASS" start="2024-06-14T19:12:23.785758" elapsed="0.000373"/>
</kw>
<kw name="Log" owner="BuiltIn">
<msg time="2024-06-14T19:12:23.786654" level="INFO">{'gender': 'female', 'name': {'title': 'Ms', 'first': 'Rachel', 'last': 'Coleman'}, 'location': {'street': {'number': 1902, 'name': 'Marsh Ln'}, 'city': 'Sacramento', 'state': 'Illinois', 'country': 'United States', 'postcode': 84410, 'coordinates': {'latitude': '88.4526', 'longitude': '61.7931'}, 'timezone': {'offset': '+9:30', 'description': 'Adelaide, Darwin'}}, 'email': 'rachel.coleman@example.com', 'login': {'uuid': 'c2ce37c3-d510-4e50-ac88-b545d2e4e71b', 'username': 'orangepeacock418', 'password': 'kate', 'salt': 'vec6tayW', 'md5': 'a38600d08e31f3f2a92af087eebc51ba', 'sha1': 'f16eac6fe643c1360906c1402bd8cda766db60f9', 'sha256': '499b39e5abea47754989539cab0e3bec580934c406134b5ce09e8c6d4a200c62'}, 'dob': {'date': '1960-11-13T00:22:38.781Z', 'age': 63}, 'registered': {'date': '2009-10-10T10:59:55.630Z', 'age': 14}, 'phone': '(392) 940-7591', 'cell': '(962) 638-4644', 'id': {'name': 'SSN', 'value': '320-15-0449'}, 'picture': {'large': 'https://randomuser.me/api/portraits/women/83.jpg', 'medium': 'https://randomuser.me/api/portraits/med/women/83.jpg', 'thumbnail': 'https://randomuser.me/api/portraits/thumb/women/83.jpg'}, 'nat': 'US'}</msg>
<arg>${json_data['results'][0]}</arg>
<doc>Logs the given message with the given level.</doc>
<status status="PASS" start="2024-06-14T19:12:23.786314" elapsed="0.000431"/>
</kw>
<kw name="Log" owner="BuiltIn">
<msg time="2024-06-14T19:12:23.787212" level="INFO">name</msg>
<arg>${key}</arg>
<doc>Logs the given message with the given level.</doc>
<status status="PASS" start="2024-06-14T19:12:23.787073" elapsed="0.000179"/>
</kw>
<var name="${key}">name</var>
<status status="PASS" start="2024-06-14T19:12:23.785649" elapsed="0.001821"/>
</iter>
<iter>
<kw name="Dictionary Should Contain Key" owner="Collections">
<arg>${json_data['results'][0]}</arg>
<arg>${key}</arg>
<doc>Fails if ``key`` is not found from ``dictionary``.</doc>
<status status="PASS" start="2024-06-14T19:12:23.787758" elapsed="0.000378"/>
</kw>
<kw name="Log" owner="BuiltIn">
<msg time="2024-06-14T19:12:23.788665" level="INFO">{'gender': 'female', 'name': {'title': 'Ms', 'first': 'Rachel', 'last': 'Coleman'}, 'location': {'street': {'number': 1902, 'name': 'Marsh Ln'}, 'city': 'Sacramento', 'state': 'Illinois', 'country': 'United States', 'postcode': 84410, 'coordinates': {'latitude': '88.4526', 'longitude': '61.7931'}, 'timezone': {'offset': '+9:30', 'description': 'Adelaide, Darwin'}}, 'email': 'rachel.coleman@example.com', 'login': {'uuid': 'c2ce37c3-d510-4e50-ac88-b545d2e4e71b', 'username': 'orangepeacock418', 'password': 'kate', 'salt': 'vec6tayW', 'md5': 'a38600d08e31f3f2a92af087eebc51ba', 'sha1': 'f16eac6fe643c1360906c1402bd8cda766db60f9', 'sha256': '499b39e5abea47754989539cab0e3bec580934c406134b5ce09e8c6d4a200c62'}, 'dob': {'date': '1960-11-13T00:22:38.781Z', 'age': 63}, 'registered': {'date': '2009-10-10T10:59:55.630Z', 'age': 14}, 'phone': '(392) 940-7591', 'cell': '(962) 638-4644', 'id': {'name': 'SSN', 'value': '320-15-0449'}, 'picture': {'large': 'https://randomuser.me/api/portraits/women/83.jpg', 'medium': 'https://randomuser.me/api/portraits/med/women/83.jpg', 'thumbnail': 'https://randomuser.me/api/portraits/thumb/women/83.jpg'}, 'nat': 'US'}</msg>
<arg>${json_data['results'][0]}</arg>
<doc>Logs the given message with the given level.</doc>
<status status="PASS" start="2024-06-14T19:12:23.788323" elapsed="0.000399"/>
</kw>
<kw name="Log" owner="BuiltIn">
<msg time="2024-06-14T19:12:23.789137" level="INFO">location</msg>
<arg>${key}</arg>
<doc>Logs the given message with the given level.</doc>
<status status="PASS" start="2024-06-14T19:12:23.789012" elapsed="0.000162"/>
</kw>
<var name="${key}">location</var>
<status status="PASS" start="2024-06-14T19:12:23.787650" elapsed="0.001748"/>
</iter>
<iter>
<kw name="Dictionary Should Contain Key" owner="Collections">
<arg>${json_data['results'][0]}</arg>
<arg>${key}</arg>
<doc>Fails if ``key`` is not found from ``dictionary``.</doc>
<status status="PASS" start="2024-06-14T19:12:23.789675" elapsed="0.000372"/>
</kw>
<kw name="Log" owner="BuiltIn">
<msg time="2024-06-14T19:12:23.790576" level="INFO">{'gender': 'female', 'name': {'title': 'Ms', 'first': 'Rachel', 'last': 'Coleman'}, 'location': {'street': {'number': 1902, 'name': 'Marsh Ln'}, 'city': 'Sacramento', 'state': 'Illinois', 'country': 'United States', 'postcode': 84410, 'coordinates': {'latitude': '88.4526', 'longitude': '61.7931'}, 'timezone': {'offset': '+9:30', 'description': 'Adelaide, Darwin'}}, 'email': 'rachel.coleman@example.com', 'login': {'uuid': 'c2ce37c3-d510-4e50-ac88-b545d2e4e71b', 'username': 'orangepeacock418', 'password': 'kate', 'salt': 'vec6tayW', 'md5': 'a38600d08e31f3f2a92af087eebc51ba', 'sha1': 'f16eac6fe643c1360906c1402bd8cda766db60f9', 'sha256': '499b39e5abea47754989539cab0e3bec580934c406134b5ce09e8c6d4a200c62'}, 'dob': {'date': '1960-11-13T00:22:38.781Z', 'age': 63}, 'registered': {'date': '2009-10-10T10:59:55.630Z', 'age': 14}, 'phone': '(392) 940-7591', 'cell': '(962) 638-4644', 'id': {'name': 'SSN', 'value': '320-15-0449'}, 'picture': {'large': 'https://randomuser.me/api/portraits/women/83.jpg', 'medium': 'https://randomuser.me/api/portraits/med/women/83.jpg', 'thumbnail': 'https://randomuser.me/api/portraits/thumb/women/83.jpg'}, 'nat': 'US'}</msg>
<arg>${json_data['results'][0]}</arg>
<doc>Logs the given message with the given level.</doc>
<status status="PASS" start="2024-06-14T19:12:23.790225" elapsed="0.000409"/>
</kw>
<kw name="Log" owner="BuiltIn">
<msg time="2024-06-14T19:12:23.791087" level="INFO">email</msg>
<arg>${key}</arg>
<doc>Logs the given message with the given level.</doc>
<status status="PASS" start="2024-06-14T19:12:23.790928" elapsed="0.000200"/>
</kw>
<var name="${key}">email</var>
<status status="PASS" start="2024-06-14T19:12:23.789570" elapsed="0.001774"/>
</iter>
<iter>
<kw name="Dictionary Should Contain Key" owner="Collections">
<arg>${json_data['results'][0]}</arg>
<arg>${key}</arg>
<doc>Fails if ``key`` is not found from ``dictionary``.</doc>
<status status="PASS" start="2024-06-14T19:12:23.791621" elapsed="0.000373"/>
</kw>
<kw name="Log" owner="BuiltIn">
<msg time="2024-06-14T19:12:23.792522" level="INFO">{'gender': 'female', 'name': {'title': 'Ms', 'first': 'Rachel', 'last': 'Coleman'}, 'location': {'street': {'number': 1902, 'name': 'Marsh Ln'}, 'city': 'Sacramento', 'state': 'Illinois', 'country': 'United States', 'postcode': 84410, 'coordinates': {'latitude': '88.4526', 'longitude': '61.7931'}, 'timezone': {'offset': '+9:30', 'description': 'Adelaide, Darwin'}}, 'email': 'rachel.coleman@example.com', 'login': {'uuid': 'c2ce37c3-d510-4e50-ac88-b545d2e4e71b', 'username': 'orangepeacock418', 'password': 'kate', 'salt': 'vec6tayW', 'md5': 'a38600d08e31f3f2a92af087eebc51ba', 'sha1': 'f16eac6fe643c1360906c1402bd8cda766db60f9', 'sha256': '499b39e5abea47754989539cab0e3bec580934c406134b5ce09e8c6d4a200c62'}, 'dob': {'date': '1960-11-13T00:22:38.781Z', 'age': 63}, 'registered': {'date': '2009-10-10T10:59:55.630Z', 'age': 14}, 'phone': '(392) 940-7591', 'cell': '(962) 638-4644', 'id': {'name': 'SSN', 'value': '320-15-0449'}, 'picture': {'large': 'https://randomuser.me/api/portraits/women/83.jpg', 'medium': 'https://randomuser.me/api/portraits/med/women/83.jpg', 'thumbnail': 'https://randomuser.me/api/portraits/thumb/women/83.jpg'}, 'nat': 'US'}</msg>
<arg>${json_data['results'][0]}</arg>
<doc>Logs the given message with the given level.</doc>
<status status="PASS" start="2024-06-14T19:12:23.792177" elapsed="0.000394"/>
</kw>
<kw name="Log" owner="BuiltIn">
<msg time="2024-06-14T19:12:23.793094" level="INFO">login</msg>
<arg>${key}</arg>
<doc>Logs the given message with the given level.</doc>
<status status="PASS" start="2024-06-14T19:12:23.792858" elapsed="0.000273"/>
</kw>
<var name="${key}">login</var>
<status status="PASS" start="2024-06-14T19:12:23.791515" elapsed="0.001834"/>
</iter>
<var>${key}</var>
<value>@{expected_keys}</value>
<status status="PASS" start="2024-06-14T19:12:23.783461" elapsed="0.010010"/>
</for>
<kw name="Create List" owner="BuiltIn">
<msg time="2024-06-14T19:12:23.793800" level="INFO">${expected_keysTwo} = ['username', 'password']</msg>
<var>${expected_keysTwo}</var>
<arg>username</arg>
<arg>password</arg>
<doc>Returns a list containing given items.</doc>
<status status="PASS" start="2024-06-14T19:12:23.793665" elapsed="0.000186"/>
</kw>
<for flavor="IN">
<iter>
<kw name="Dictionary Should Contain Key" owner="Collections">
<arg>${json_data['results'][0]['login']}</arg>
<arg>${keyTwo}</arg>
<doc>Fails if ``key`` is not found from ``dictionary``.</doc>
<status status="PASS" start="2024-06-14T19:12:23.794352" elapsed="0.000383"/>
</kw>
<kw name="Dictionary Should Contain Key" owner="Collections">
<arg>${json_data['results'][0]['login']}</arg>
<arg>${keyTwo}</arg>
<doc>Fails if ``key`` is not found from ``dictionary``.</doc>
<status status="PASS" start="2024-06-14T19:12:23.794916" elapsed="0.000412"/>
</kw>
<kw name="Log" owner="BuiltIn">
<msg time="2024-06-14T19:12:23.795635" level="INFO">username</msg>
<arg>${keyTwo}</arg>
<doc>Logs the given message with the given level.</doc>
<status status="PASS" start="2024-06-14T19:12:23.795511" elapsed="0.000161"/>
</kw>
<var name="${keyTwo}">username</var>
<status status="PASS" start="2024-06-14T19:12:23.794247" elapsed="0.001646"/>
</iter>
<iter>
<kw name="Dictionary Should Contain Key" owner="Collections">
<arg>${json_data['results'][0]['login']}</arg>
<arg>${keyTwo}</arg>
<doc>Fails if ``key`` is not found from ``dictionary``.</doc>
<status status="PASS" start="2024-06-14T19:12:23.796183" elapsed="0.000371"/>
</kw>
<kw name="Dictionary Should Contain Key" owner="Collections">
<arg>${json_data['results'][0]['login']}</arg>
<arg>${keyTwo}</arg>
<doc>Fails if ``key`` is not found from ``dictionary``.</doc>
<status status="PASS" start="2024-06-14T19:12:23.796733" elapsed="0.000370"/>
</kw>
<kw name="Log" owner="BuiltIn">
<msg time="2024-06-14T19:12:23.797398" level="INFO">password</msg>
<arg>${keyTwo}</arg>
<doc>Logs the given message with the given level.</doc>
<status status="PASS" start="2024-06-14T19:12:23.797280" elapsed="0.000155"/>
</kw>
<var name="${keyTwo}">password</var>
<status status="PASS" start="2024-06-14T19:12:23.796077" elapsed="0.001578"/>
</iter>
<var>${keyTwo}</var>
<value>@{expected_keysTwo}</value>
<status status="PASS" start="2024-06-14T19:12:23.794096" elapsed="0.003682"/>
</for>
<status status="PASS" start="2024-06-14T19:12:23.687832" elapsed="0.110087"/>
</kw>
<doc>Testa a estrutura da resposta da API.</doc>
<tag>testeEstruturaResposta</tag>
<status status="PASS" start="2024-06-14T19:12:23.687158" elapsed="0.110920"/>
</test>
<test id="s1-s1-t4" name="Validar tipos de dados" line="28">
<kw name="Teste de Tipos de Dados" owner="random-user-service">
<kw name="GET On Session" owner="RequestsLibrary">
<msg time="2024-06-14T19:12:23.894428" level="INFO">GET Request : url=https://randomuser.me/api 
 path_url=/api 
 headers={'User-Agent': 'python-requests/2.32.3', 'Accept-Encoding': 'gzip, deflate', 'Accept': '*/*', 'Connection': 'keep-alive'} 
 body=None 
 </msg>
<msg time="2024-06-14T19:12:23.894528" level="INFO">GET Response : url=https://randomuser.me/api 
 status=200, reason=OK 
 headers={'Date': 'Fri, 14 Jun 2024 19:12:23 GMT', 'Content-Type': 'application/json; charset=utf-8', 'Transfer-Encoding': 'chunked', 'Connection': 'keep-alive', 'X-Powered-By': 'Express', 'Access-Control-Allow-Origin': '*', 'Cache-Control': 'no-cache', 'ETag': 'W/"48f-NmRfuzFfhY2X2yJie5c1+X83NWM"', 'Vary': 'Accept-Encoding', 'Content-Encoding': 'gzip', 'CF-Cache-Status': 'DYNAMIC', 'Report-To': '{"endpoints":[{"url":"https:\\/\\/a.nel.cloudflare.com\\/report\\/v4?s=lj7TqtmCDO0Z3FFtHHIXSMn3dXKXQX8YdNS3J7YTdghk8kqAH0x9o9jNg7Y048yumQyOvigswT%2FcBrGcSL1yPYbRyNvifrP5tnUjbbnmk0YQx7YWWBYhgzIIrCDNCOSa"}],"group":"cf-nel","max_age":604800}', 'NEL': '{"success_fraction":0,"report_to":"cf-nel","max_age":604800}', 'Server': 'cloudflare', 'CF-RAY': '893ca1b4cd5b6058-ORD', 'alt-svc': 'h3=":443"; ma=86400'} 
 body={"results":[{"gender":"female","name":{"title":"Mrs","first":"Aliya","last":"Holmstrøm"},"location":{"street":{"number":5880,"name":"Gruegata"},"city":"Ål","state":"Møre og Romsdal","country":"Norway","postcode":"0982","coordinates":{"latitude":"42.1350","longitude":"12.2356"},"timezone":{"offset":"-6:00","description":"Central Time (US &amp; Canada), Mexico City"}},"email":"aliya.holmstrom@example.com","login":{"uuid":"057394f6-e6ef-4caf-92d2-5ed70291c9eb","username":"blackfrog909","password":"slayer1","salt":"y67UO0Kk","md5":"fd95dd357be89b3a7e9a8aefca0b735b","sha1":"76011b660ba16687e3866ed28d8eab339ae0c1ab","sha256":"06cf5d45f14f1b8d236ad3babeb4ea5359ed4c06da7c1b66e4cdbc760e2fa3b9"},"dob":{"date":"1992-06-12T11:13:27.721Z","age":32},"registered":{"date":"2011-08-02T08:45:28.445Z","age":12},"phone":"35175973","cell":"41884115","id":{"name":"FN","value":"12069211427"},"picture":{"large":"https://randomuser.me/api/portraits/women/2.jpg","medium":"https://randomuser.me/api/portraits/med/women/2.jpg","thumbnail":"https://randomuser.me/api/portraits/thumb/women/2.jpg"},"nat":"NO"}],"info":{"seed":"1ff009b674af9b5f","results":1,"page":1,"version":"1.4"}} 
 </msg>
<msg time="2024-06-14T19:12:23.894607" level="INFO">/opt/hostedtoolcache/Python/3.12.3/x64/lib/python3.12/site-packages/urllib3/connectionpool.py:1103: InsecureRequestWarning: Unverified HTTPS request is being made to host 'randomuser.me'. Adding certificate verification is strongly advised. See: https://urllib3.readthedocs.io/en/latest/advanced-usage.html#tls-warnings
  warnings.warn(</msg>
<msg time="2024-06-14T19:12:23.894737" level="INFO">${response} = &lt;Response [200]&gt;</msg>
<var>${response}</var>
<arg>consultarAPI</arg>
<arg>/api</arg>
<doc>Sends a GET request on a previously created HTTP Session.</doc>
<status status="PASS" start="2024-06-14T19:12:23.800566" elapsed="0.094214"/>
</kw>
<kw name="Set Variable" owner="BuiltIn">
<msg time="2024-06-14T19:12:23.895872" level="INFO">${json_data} = {'results': [{'gender': 'female', 'name': {'title': 'Mrs', 'first': 'Aliya', 'last': 'Holmstrøm'}, 'location': {'street': {'number': 5880, 'name': 'Gruegata'}, 'city': 'Ål', 'state': 'Møre og Romsdal'...</msg>
<var>${json_data}</var>
<arg>${response.json()}</arg>
<doc>Returns the given values which can then be assigned to a variables.</doc>
<status status="PASS" start="2024-06-14T19:12:23.895356" elapsed="0.000545"/>
</kw>
<kw name="Log" owner="BuiltIn">
<msg time="2024-06-14T19:12:23.896377" level="INFO">{'results': [{'gender': 'female', 'name': {'title': 'Mrs', 'first': 'Aliya', 'last': 'Holmstrøm'}, 'location': {'street': {'number': 5880, 'name': 'Gruegata'}, 'city': 'Ål', 'state': 'Møre og Romsdal', 'country': 'Norway', 'postcode': '0982', 'coordinates': {'latitude': '42.1350', 'longitude': '12.2356'}, 'timezone': {'offset': '-6:00', 'description': 'Central Time (US &amp; Canada), Mexico City'}}, 'email': 'aliya.holmstrom@example.com', 'login': {'uuid': '057394f6-e6ef-4caf-92d2-5ed70291c9eb', 'username': 'blackfrog909', 'password': 'slayer1', 'salt': 'y67UO0Kk', 'md5': 'fd95dd357be89b3a7e9a8aefca0b735b', 'sha1': '76011b660ba16687e3866ed28d8eab339ae0c1ab', 'sha256': '06cf5d45f14f1b8d236ad3babeb4ea5359ed4c06da7c1b66e4cdbc760e2fa3b9'}, 'dob': {'date': '1992-06-12T11:13:27.721Z', 'age': 32}, 'registered': {'date': '2011-08-02T08:45:28.445Z', 'age': 12}, 'phone': '35175973', 'cell': '41884115', 'id': {'name': 'FN', 'value': '12069211427'}, 'picture': {'large': 'https://randomuser.me/api/portraits/women/2.jpg', 'medium': 'https://randomuser.me/api/portraits/med/women/2.jpg', 'thumbnail': 'https://randomuser.me/api/portraits/thumb/women/2.jpg'}, 'nat': 'NO'}], 'info': {'seed': '1ff009b674af9b5f', 'results': 1, 'page': 1, 'version': '1.4'}}</msg>
<arg>${json_data}</arg>
<doc>Logs the given message with the given level.</doc>
<status status="PASS" start="2024-06-14T19:12:23.896217" elapsed="0.000213"/>
</kw>
<kw name="Should Be String" owner="String">
<arg>${json_data['results'][0]['gender']}</arg>
<doc>Fails if the given ``item`` is not a string.</doc>
<status status="PASS" start="2024-06-14T19:12:23.896735" elapsed="0.000353"/>
</kw>
<kw name="Should Match Regexp" owner="BuiltIn">
<arg>${json_data['results'][0]['email']}</arg>
<arg>^[a-zA-Z0-9._%+-]+@[a-zA-Z0-9.-]+\.[a-zA-Z]{2,}$</arg>
<doc>Fails if ``string`` does not match ``pattern`` as a regular expression.</doc>
<status status="PASS" start="2024-06-14T19:12:23.897276" elapsed="0.000513"/>
</kw>
<kw name="Should Match Regexp" owner="BuiltIn">
<arg>${json_data['results'][0]['dob']['date']}</arg>
<arg>\\d{4}-\\d{2}-\\d{2}T\\d{2}:\\d{2}:\\d{2}\\.\\d{3}Z</arg>
<doc>Fails if ``string`` does not match ``pattern`` as a regular expression.</doc>
<status status="PASS" start="2024-06-14T19:12:23.898025" elapsed="0.000495"/>
</kw>
<kw name="Should Match Regexp" owner="BuiltIn">
<arg>${json_data['results'][0]['registered']['date']}</arg>
<arg>\\d{4}-\\d{2}-\\d{2}T\\d{2}:\\d{2}:\\d{2}\\.\\d{3}Z</arg>
<doc>Fails if ``string`` does not match ``pattern`` as a regular expression.</doc>
<status status="PASS" start="2024-06-14T19:12:23.898712" elapsed="0.000391"/>
</kw>
<kw name="Should Match Regexp" owner="BuiltIn">
<arg>${json_data['results'][0]['picture']['large']}</arg>
<arg>^https?://.*\.(?:png|jpe?g|gif|bmp)$</arg>
<doc>Fails if ``string`` does not match ``pattern`` as a regular expression.</doc>
<status status="PASS" start="2024-06-14T19:12:23.899292" elapsed="0.000458"/>
</kw>
<kw name="Should Match Regexp" owner="BuiltIn">
<arg>${json_data['results'][0]['picture']['medium']}</arg>
<arg>^https?://.*\.(?:png|jpe?g|gif|bmp)$</arg>
<doc>Fails if ``string`` does not match ``pattern`` as a regular expression.</doc>
<status status="PASS" start="2024-06-14T19:12:23.899942" elapsed="0.000349"/>
</kw>
<kw name="Should Match Regexp" owner="BuiltIn">
<arg>${json_data['results'][0]['picture']['thumbnail']}</arg>
<arg>^https?://.*\.(?:png|jpe?g|gif|bmp)$</arg>
<doc>Fails if ``string`` does not match ``pattern`` as a regular expression.</doc>
<status status="PASS" start="2024-06-14T19:12:23.900482" elapsed="0.000356"/>
</kw>
<kw name="Log" owner="BuiltIn">
<msg time="2024-06-14T19:12:23.901347" level="INFO">{'large': 'https://randomuser.me/api/portraits/women/2.jpg', 'medium': 'https://randomuser.me/api/portraits/med/women/2.jpg', 'thumbnail': 'https://randomuser.me/api/portraits/thumb/women/2.jpg'}</msg>
<arg>${json_data['results'][0]['picture']}</arg>
<doc>Logs the given message with the given level.</doc>
<status status="PASS" start="2024-06-14T19:12:23.901019" elapsed="0.000371"/>
</kw>
<status status="PASS" start="2024-06-14T19:12:23.800332" elapsed="0.101319"/>
</kw>
<kw name="Teste de Tipos de Dados - Postcode" owner="random-user-service">
<kw name="GET On Session" owner="RequestsLibrary">
<msg time="2024-06-14T19:12:23.980204" level="INFO">GET Request : url=https://randomuser.me/api 
 path_url=/api 
 headers={'User-Agent': 'python-requests/2.32.3', 'Accept-Encoding': 'gzip, deflate', 'Accept': '*/*', 'Connection': 'keep-alive'} 
 body=None 
 </msg>
<msg time="2024-06-14T19:12:23.980317" level="INFO">GET Response : url=https://randomuser.me/api 
 status=200, reason=OK 
 headers={'Date': 'Fri, 14 Jun 2024 19:12:23 GMT', 'Content-Type': 'application/json; charset=utf-8', 'Transfer-Encoding': 'chunked', 'Connection': 'keep-alive', 'X-Powered-By': 'Express', 'Access-Control-Allow-Origin': '*', 'Cache-Control': 'no-cache', 'ETag': 'W/"478-7RJP0alQTFhBwbyFE9lnHwjhbUE"', 'Vary': 'Accept-Encoding', 'Content-Encoding': 'gzip', 'CF-Cache-Status': 'DYNAMIC', 'Report-To': '{"endpoints":[{"url":"https:\\/\\/a.nel.cloudflare.com\\/report\\/v4?s=jayJXGhC%2FmX%2Bh7ArR9EfxzhdIEq%2FfnyXftLIkVDAAhQfXGLNtX1ElPDOvayhEgWdePBMRfvlyVQi6YlTaRAf0jNsyQMS82KSFsD9y1KmuRhOSgW%2FZbDcaZCaqtRs3264"}],"group":"cf-nel","max_age":604800}', 'NEL': '{"success_fraction":0,"report_to":"cf-nel","max_age":604800}', 'Server': 'cloudflare', 'CF-RAY': '893ca1b56e826058-ORD', 'alt-svc': 'h3=":443"; ma=86400'} 
 body={"results":[{"gender":"female","name":{"title":"Miss","first":"Oya","last":"Akay"},"location":{"street":{"number":6461,"name":"Abanoz Sk"},"city":"Kastamonu","state":"Kilis","country":"Turkey","postcode":13941,"coordinates":{"latitude":"71.2527","longitude":"152.4703"},"timezone":{"offset":"-3:00","description":"Brazil, Buenos Aires, Georgetown"}},"email":"oya.akay@example.com","login":{"uuid":"c055a67f-08a4-4fcd-8aa6-ecd8cb99f869","username":"greentiger792","password":"pete","salt":"IOs9W1GP","md5":"078ec5c37219d2b2f8bcf4e185ff615b","sha1":"79af9ff5b05b1070c1fafe008d5d0233678e9637","sha256":"1cde80555334adea782afd9b69ab1f786607f09a7b60814ea06ed0306b818e4f"},"dob":{"date":"1991-03-20T08:10:47.264Z","age":33},"registered":{"date":"2013-06-27T09:24:08.016Z","age":10},"phone":"(756)-953-5196","cell":"(365)-527-7763","id":{"name":"","value":null},"picture":{"large":"https://randomuser.me/api/portraits/women/75.jpg","medium":"https://randomuser.me/api/portraits/med/women/75.jpg","thumbnail":"https://randomuser.me/api/portraits/thumb/women/75.jpg"},"nat":"TR"}],"info":{"seed":"3297138ef5bb5eef","results":1,"page":1,"version":"1.4"}} 
 </msg>
<msg time="2024-06-14T19:12:23.980423" level="INFO">/opt/hostedtoolcache/Python/3.12.3/x64/lib/python3.12/site-packages/urllib3/connectionpool.py:1103: InsecureRequestWarning: Unverified HTTPS request is being made to host 'randomuser.me'. Adding certificate verification is strongly advised. See: https://urllib3.readthedocs.io/en/latest/advanced-usage.html#tls-warnings
  warnings.warn(</msg>
<msg time="2024-06-14T19:12:23.980547" level="INFO">${response} = &lt;Response [200]&gt;</msg>
<var>${response}</var>
<arg>consultarAPI</arg>
<arg>/api</arg>
<doc>Sends a GET request on a previously created HTTP Session.</doc>
<status status="PASS" start="2024-06-14T19:12:23.902118" elapsed="0.078455"/>
</kw>
<kw name="Set Variable" owner="BuiltIn">
<msg time="2024-06-14T19:12:23.981631" level="INFO">${json_data} = {'results': [{'gender': 'female', 'name': {'title': 'Miss', 'first': 'Oya', 'last': 'Akay'}, 'location': {'street': {'number': 6461, 'name': 'Abanoz Sk'}, 'city': 'Kastamonu', 'state': 'Kilis', 'count...</msg>
<var>${json_data}</var>
<arg>${response.json()}</arg>
<doc>Returns the given values which can then be assigned to a variables.</doc>
<status status="PASS" start="2024-06-14T19:12:23.981122" elapsed="0.000539"/>
</kw>
<kw name="Log" owner="BuiltIn">
<msg time="2024-06-14T19:12:23.982147" level="INFO">{'results': [{'gender': 'female', 'name': {'title': 'Miss', 'first': 'Oya', 'last': 'Akay'}, 'location': {'street': {'number': 6461, 'name': 'Abanoz Sk'}, 'city': 'Kastamonu', 'state': 'Kilis', 'country': 'Turkey', 'postcode': 13941, 'coordinates': {'latitude': '71.2527', 'longitude': '152.4703'}, 'timezone': {'offset': '-3:00', 'description': 'Brazil, Buenos Aires, Georgetown'}}, 'email': 'oya.akay@example.com', 'login': {'uuid': 'c055a67f-08a4-4fcd-8aa6-ecd8cb99f869', 'username': 'greentiger792', 'password': 'pete', 'salt': 'IOs9W1GP', 'md5': '078ec5c37219d2b2f8bcf4e185ff615b', 'sha1': '79af9ff5b05b1070c1fafe008d5d0233678e9637', 'sha256': '1cde80555334adea782afd9b69ab1f786607f09a7b60814ea06ed0306b818e4f'}, 'dob': {'date': '1991-03-20T08:10:47.264Z', 'age': 33}, 'registered': {'date': '2013-06-27T09:24:08.016Z', 'age': 10}, 'phone': '(756)-953-5196', 'cell': '(365)-527-7763', 'id': {'name': '', 'value': None}, 'picture': {'large': 'https://randomuser.me/api/portraits/women/75.jpg', 'medium': 'https://randomuser.me/api/portraits/med/women/75.jpg', 'thumbnail': 'https://randomuser.me/api/portraits/thumb/women/75.jpg'}, 'nat': 'TR'}], 'info': {'seed': '3297138ef5bb5eef', 'results': 1, 'page': 1, 'version': '1.4'}}</msg>
<arg>${json_data}</arg>
<doc>Logs the given message with the given level.</doc>
<status status="PASS" start="2024-06-14T19:12:23.981990" elapsed="0.000204"/>
</kw>
<kw name="Should Be Equal As Numbers" owner="BuiltIn">
<arg>${json_data['results'][0]['location']['postcode']}</arg>
<arg>${json_data['results'][0]['location']['postcode']}</arg>
<doc>Fails if objects are unequal after converting them to real numbers.</doc>
<status status="PASS" start="2024-06-14T19:12:23.982488" elapsed="0.000655"/>
</kw>
<kw name="Log" owner="BuiltIn">
<msg time="2024-06-14T19:12:23.983665" level="INFO">13941</msg>
<arg>${json_data['results'][0]['location']['postcode']}</arg>
<doc>Logs the given message with the given level.</doc>
<status status="PASS" start="2024-06-14T19:12:23.983333" elapsed="0.000371"/>
</kw>
<status status="PASS" start="2024-06-14T19:12:23.901880" elapsed="0.082120"/>
</kw>
<doc>Testa se os tipos de dados na resposta da API estão corretos.</doc>
<tag>testeTiposDados</tag>
<status status="PASS" start="2024-06-14T19:12:23.799881" elapsed="0.184290"/>
</test>
<test id="s1-s1-t5" name="Validar conteudo" line="35">
<kw name="Teste de Tipos de Conteudo" owner="random-user-service">
<kw name="GET On Session" owner="RequestsLibrary">
<msg time="2024-06-14T19:12:24.079060" level="INFO">GET Request : url=https://randomuser.me/api 
 path_url=/api 
 headers={'User-Agent': 'python-requests/2.32.3', 'Accept-Encoding': 'gzip, deflate', 'Accept': '*/*', 'Connection': 'keep-alive'} 
 body=None 
 </msg>
<msg time="2024-06-14T19:12:24.079166" level="INFO">GET Response : url=https://randomuser.me/api 
 status=200, reason=OK 
 headers={'Date': 'Fri, 14 Jun 2024 19:12:24 GMT', 'Content-Type': 'application/json; charset=utf-8', 'Transfer-Encoding': 'chunked', 'Connection': 'keep-alive', 'X-Powered-By': 'Express', 'Access-Control-Allow-Origin': '*', 'Cache-Control': 'no-cache', 'ETag': 'W/"495-SdBwi85kxGRe+9BR6p2Vm9LsARw"', 'Vary': 'Accept-Encoding', 'Content-Encoding': 'gzip', 'CF-Cache-Status': 'DYNAMIC', 'Report-To': '{"endpoints":[{"url":"https:\\/\\/a.nel.cloudflare.com\\/report\\/v4?s=TPgLmxXGil0gTYPvgiVbJkTTtZa1FhL%2Fg5J5QzjefuBiiaGkhore1pAKvFhw9POIkmvKM%2BBMML9ulVQjG8LFPKWe9Tu%2F%2BlGZASOWQ4uyH9Zj01UyoBRQ5C90fe1vVOjK"}],"group":"cf-nel","max_age":604800}', 'NEL': '{"success_fraction":0,"report_to":"cf-nel","max_age":604800}', 'Server': 'cloudflare', 'CF-RAY': '893ca1b5ef576058-ORD', 'alt-svc': 'h3=":443"; ma=86400'} 
 body={"results":[{"gender":"female","name":{"title":"Madame","first":"Séverine","last":"Noel"},"location":{"street":{"number":2266,"name":"Rue du 8 Mai 1945"},"city":"Ersigen","state":"Luzern","country":"Switzerland","postcode":1081,"coordinates":{"latitude":"-57.8978","longitude":"33.6996"},"timezone":{"offset":"+7:00","description":"Bangkok, Hanoi, Jakarta"}},"email":"severine.noel@example.com","login":{"uuid":"dc2d3c47-9785-4b51-bb02-dc0f9a0a16c4","username":"blacksnake801","password":"7894","salt":"DIuRvfCT","md5":"c103f8fe9b139dd2b202340574bf965d","sha1":"16a1f7a753a810fd2521f3679ffc43a1ca534350","sha256":"7377f9006d91d18951e6971131c3c7ec097ef582e889aafba8cc40dad4dc3270"},"dob":{"date":"1945-12-20T05:07:18.198Z","age":78},"registered":{"date":"2021-05-20T21:37:34.741Z","age":3},"phone":"078 048 32 88","cell":"077 157 78 60","id":{"name":"AVS","value":"756.9324.6012.35"},"picture":{"large":"https://randomuser.me/api/portraits/women/55.jpg","medium":"https://randomuser.me/api/portraits/med/women/55.jpg","thumbnail":"https://randomuser.me/api/portraits/thumb/women/55.jpg"},"nat":"CH"}],"info":{"seed":"f7ab79346755d8e9","results":1,"page":1,"version":"1.4"}} 
 </msg>
<msg time="2024-06-14T19:12:24.079242" level="INFO">/opt/hostedtoolcache/Python/3.12.3/x64/lib/python3.12/site-packages/urllib3/connectionpool.py:1103: InsecureRequestWarning: Unverified HTTPS request is being made to host 'randomuser.me'. Adding certificate verification is strongly advised. See: https://urllib3.readthedocs.io/en/latest/advanced-usage.html#tls-warnings
  warnings.warn(</msg>
<msg time="2024-06-14T19:12:24.079368" level="INFO">${response} = &lt;Response [200]&gt;</msg>
<var>${response}</var>
<arg>consultarAPI</arg>
<arg>/api</arg>
<doc>Sends a GET request on a previously created HTTP Session.</doc>
<status status="PASS" start="2024-06-14T19:12:23.986721" elapsed="0.092688"/>
</kw>
<kw name="Set Variable" owner="BuiltIn">
<msg time="2024-06-14T19:12:24.080445" level="INFO">${json_data} = {'results': [{'gender': 'female', 'name': {'title': 'Madame', 'first': 'Séverine', 'last': 'Noel'}, 'location': {'street': {'number': 2266, 'name': 'Rue du 8 Mai 1945'}, 'city': 'Ersigen', 'state': 'L...</msg>
<var>${json_data}</var>
<arg>${response.json()}</arg>
<doc>Returns the given values which can then be assigned to a variables.</doc>
<status status="PASS" start="2024-06-14T19:12:24.079917" elapsed="0.000559"/>
</kw>
<kw name="Set Variable" owner="BuiltIn">
<msg time="2024-06-14T19:12:24.081162" level="INFO">${name_title} = Madame</msg>
<var>${name_title}</var>
<arg>${json_data["results"][0]["name"]["title"]}</arg>
<doc>Returns the given values which can then be assigned to a variables.</doc>
<status status="PASS" start="2024-06-14T19:12:24.080780" elapsed="0.000409"/>
</kw>
<kw name="Create List" owner="BuiltIn">
<msg time="2024-06-14T19:12:24.081639" level="INFO">${allowed_titles} = ['Mr', 'Ms', 'Miss', 'Mrs', 'Madame', 'Monsieur']</msg>
<var>${allowed_titles}</var>
<arg>Mr</arg>
<arg>Ms</arg>
<arg>Miss</arg>
<arg>Mrs</arg>
<arg>Madame</arg>
<arg>Monsieur</arg>
<doc>Returns a list containing given items.</doc>
<status status="PASS" start="2024-06-14T19:12:24.081491" elapsed="0.000173"/>
</kw>
<kw name="List Should Contain Value" owner="Collections">
<arg>${allowed_titles}</arg>
<arg>${name_title}</arg>
<doc>Fails if the ``value`` is not found from ``list``.</doc>
<status status="PASS" start="2024-06-14T19:12:24.081975" elapsed="0.000178"/>
</kw>
<kw name="Set Variable" owner="BuiltIn">
<msg time="2024-06-14T19:12:24.082706" level="INFO">${name_country} = CH</msg>
<var>${name_country}</var>
<arg>${json_data["results"][0]["nat"]}</arg>
<doc>Returns the given values which can then be assigned to a variables.</doc>
<status status="PASS" start="2024-06-14T19:12:24.082335" elapsed="0.000396"/>
</kw>
<kw name="Create List" owner="BuiltIn">
<msg time="2024-06-14T19:12:24.083666" level="INFO">${list_country} = ['AD', 'AE', 'AF', 'AG', 'AI', 'AL', 'AM', 'AO', 'AQ', 'AR', 'AS', 'AT', 'AU', 'AW', 'AX', 'AZ', 'BA', 'BB', 'BD', 'BE', 'BF', 'BG', 'BH', 'BI', 'BJ', 'BL', 'BM', 'BN', 'BO', 'BQ', 'BR', 'BS', 'BT', '...</msg>
<var>${list_country}</var>
<arg>AD</arg>
<arg>AE</arg>
<arg>AF</arg>
<arg>AG</arg>
<arg>AI</arg>
<arg>AL</arg>
<arg>AM</arg>
<arg>AO</arg>
<arg>AQ</arg>
<arg>AR</arg>
<arg>AS</arg>
<arg>AT</arg>
<arg>AU</arg>
<arg>AW</arg>
<arg>AX</arg>
<arg>AZ</arg>
<arg>BA</arg>
<arg>BB</arg>
<arg>BD</arg>
<arg>BE</arg>
<arg>BF</arg>
<arg>BG</arg>
<arg>BH</arg>
<arg>BI</arg>
<arg>BJ</arg>
<arg>BL</arg>
<arg>BM</arg>
<arg>BN</arg>
<arg>BO</arg>
<arg>BQ</arg>
<arg>BR</arg>
<arg>BS</arg>
<arg>BT</arg>
<arg>BV</arg>
<arg>BW</arg>
<arg>BY</arg>
<arg>BZ</arg>
<arg>CA</arg>
<arg>CC</arg>
<arg>CD</arg>
<arg>CF</arg>
<arg>CG</arg>
<arg>CH</arg>
<arg>CI</arg>
<arg>CK</arg>
<arg>CL</arg>
<arg>CM</arg>
<arg>CN</arg>
<arg>CO</arg>
<arg>CR</arg>
<arg>CU</arg>
<arg>CV</arg>
<arg>CW</arg>
<arg>CX</arg>
<arg>CY</arg>
<arg>CZ</arg>
<arg>DE</arg>
<arg>DJ</arg>
<arg>DK</arg>
<arg>DM</arg>
<arg>DO</arg>
<arg>DZ</arg>
<arg>EC</arg>
<arg>EE</arg>
<arg>EG</arg>
<arg>EH</arg>
<arg>ER</arg>
<arg>ES</arg>
<arg>ET</arg>
<arg>FI</arg>
<arg>FJ</arg>
<arg>FK</arg>
<arg>FM</arg>
<arg>FO</arg>
<arg>FR</arg>
<arg>GA</arg>
<arg>GB</arg>
<arg>GD</arg>
<arg>GE</arg>
<arg>GF</arg>
<arg>GG</arg>
<arg>GH</arg>
<arg>GI</arg>
<arg>GL</arg>
<arg>GM</arg>
<arg>GN</arg>
<arg>GP</arg>
<arg>GQ</arg>
<arg>GR</arg>
<arg>GS</arg>
<arg>GT</arg>
<arg>GU</arg>
<arg>GW</arg>
<arg>GY</arg>
<arg>HK</arg>
<arg>HM</arg>
<arg>HN</arg>
<arg>HR</arg>
<arg>HT</arg>
<arg>HU</arg>
<arg>ID</arg>
<arg>IE</arg>
<arg>IL</arg>
<arg>IM</arg>
<arg>IN</arg>
<arg>IO</arg>
<arg>IQ</arg>
<arg>IR</arg>
<arg>IS</arg>
<arg>IT</arg>
<arg>JE</arg>
<arg>JM</arg>
<arg>JO</arg>
<arg>JP</arg>
<arg>KE</arg>
<arg>KG</arg>
<arg>KH</arg>
<arg>KI</arg>
<arg>KM</arg>
<arg>KN</arg>
<arg>KP</arg>
<arg>KR</arg>
<arg>KW</arg>
<arg>KY</arg>
<arg>KZ</arg>
<arg>LA</arg>
<arg>LB</arg>
<arg>LC</arg>
<arg>LI</arg>
<arg>LK</arg>
<arg>LR</arg>
<arg>LS</arg>
<arg>LT</arg>
<arg>LU</arg>
<arg>LV</arg>
<arg>LY</arg>
<arg>MA</arg>
<arg>MC</arg>
<arg>MD</arg>
<arg>ME</arg>
<arg>MF</arg>
<arg>MG</arg>
<arg>MH</arg>
<arg>MK</arg>
<arg>ML</arg>
<arg>MM</arg>
<arg>MN</arg>
<arg>MO</arg>
<arg>MP</arg>
<arg>MQ</arg>
<arg>MR</arg>
<arg>MS</arg>
<arg>MT</arg>
<arg>MU</arg>
<arg>MV</arg>
<arg>MW</arg>
<arg>MX</arg>
<arg>MY</arg>
<arg>MZ</arg>
<arg>NA</arg>
<arg>NC</arg>
<arg>NE</arg>
<arg>NF</arg>
<arg>NG</arg>
<arg>NI</arg>
<arg>NL</arg>
<arg>NO</arg>
<arg>NP</arg>
<arg>NR</arg>
<arg>NU</arg>
<arg>NZ</arg>
<arg>OM</arg>
<arg>PA</arg>
<arg>PE</arg>
<arg>PF</arg>
<arg>PG</arg>
<arg>PH</arg>
<arg>PK</arg>
<arg>PL</arg>
<arg>PM</arg>
<arg>PN</arg>
<arg>PR</arg>
<arg>PS</arg>
<arg>PT</arg>
<arg>PW</arg>
<arg>PY</arg>
<arg>QA</arg>
<arg>RE</arg>
<arg>RO</arg>
<arg>RS</arg>
<arg>RU</arg>
<arg>RW</arg>
<arg>SA</arg>
<arg>SB</arg>
<arg>SC</arg>
<arg>SD</arg>
<arg>SE</arg>
<arg>SG</arg>
<arg>SH</arg>
<arg>SI</arg>
<arg>SJ</arg>
<arg>SK</arg>
<arg>SL</arg>
<arg>SM</arg>
<arg>SN</arg>
<arg>SO</arg>
<arg>SR</arg>
<arg>SS</arg>
<arg>ST</arg>
<arg>SV</arg>
<arg>SX</arg>
<arg>SY</arg>
<arg>SZ</arg>
<arg>TC</arg>
<arg>TD</arg>
<arg>TF</arg>
<arg>TG</arg>
<arg>TH</arg>
<arg>TJ</arg>
<arg>TK</arg>
<arg>TL</arg>
<arg>TM</arg>
<arg>TN</arg>
<arg>TO</arg>
<arg>TR</arg>
<arg>TT</arg>
<arg>TV</arg>
<arg>TW</arg>
<arg>TZ</arg>
<arg>UA</arg>
<arg>UG</arg>
<arg>UM</arg>
<arg>US</arg>
<arg>UY</arg>
<arg>UZ</arg>
<arg>VA</arg>
<arg>VC</arg>
<arg>VE</arg>
<arg>VG</arg>
<arg>VI</arg>
<arg>VN</arg>
<arg>VU</arg>
<arg>WF</arg>
<arg>WS</arg>
<arg>XK</arg>
<arg>YE</arg>
<arg>YT</arg>
<arg>ZA</arg>
<arg>ZM</arg>
<arg>ZW</arg>
<doc>Returns a list containing given items.</doc>
<status status="PASS" start="2024-06-14T19:12:24.083056" elapsed="0.000635"/>
</kw>
<kw name="List Should Contain Value" owner="Collections">
<arg>${list_country}</arg>
<arg>${name_country}</arg>
<doc>Fails if the ``value`` is not found from ``list``.</doc>
<status status="PASS" start="2024-06-14T19:12:24.084496" elapsed="0.000208"/>
</kw>
<kw name="Run Keyword If" owner="BuiltIn">
<kw name="Should Be True" owner="BuiltIn">
<arg>${True}</arg>
<doc>Fails if the given condition is not true.</doc>
<status status="PASS" start="2024-06-14T19:12:24.085786" elapsed="0.000144"/>
</kw>
<arg>${json_data["results"][0]["location"]["coordinates"]["latitude"]} &gt;= -90 and ${json_data["results"][0]["location"]["coordinates"]["latitude"]} &lt;= 90</arg>
<arg>Should Be True</arg>
<arg>${True}</arg>
<doc>Runs the given keyword with the given arguments, if ``condition`` is true.</doc>
<status status="PASS" start="2024-06-14T19:12:24.084897" elapsed="0.001157"/>
</kw>
<kw name="Run Keyword If" owner="BuiltIn">
<kw name="Should Be True" owner="BuiltIn">
<arg>${True}</arg>
<doc>Fails if the given condition is not true.</doc>
<status status="PASS" start="2024-06-14T19:12:24.086910" elapsed="0.000171"/>
</kw>
<arg>${json_data["results"][0]["location"]["coordinates"]["longitude"]} &gt;= -180 and ${json_data["results"][0]["location"]["coordinates"]["longitude"]} &lt;= 180</arg>
<arg>Should Be True</arg>
<arg>${True}</arg>
<doc>Runs the given keyword with the given arguments, if ``condition`` is true.</doc>
<status status="PASS" start="2024-06-14T19:12:24.086237" elapsed="0.000979"/>
</kw>
<status status="PASS" start="2024-06-14T19:12:23.986490" elapsed="0.100857"/>
</kw>
<doc>Testa o conteúdo específico dos campos retornados pela API.</doc>
<tag>testeConteudo</tag>
<status status="PASS" start="2024-06-14T19:12:23.985951" elapsed="0.101554"/>
</test>
<status status="PASS" start="2024-06-14T19:12:23.114798" elapsed="0.974649"/>
</suite>
<status status="PASS" start="2024-06-14T19:12:23.101418" elapsed="0.993121"/>
</suite>
<statistics>
<total>
<stat pass="5" fail="0" skip="0">All Tests</stat>
</total>
<tag>
<stat pass="1" fail="0" skip="0">testeConteudo</stat>
<stat pass="1" fail="0" skip="0">testeEstruturaResposta</stat>
<stat pass="1" fail="0" skip="0">testeRequisicaoBasica</stat>
<stat pass="1" fail="0" skip="0">testeTiposDados</stat>
</tag>
<suite>
<stat pass="5" fail="0" skip="0" id="s1" name="Tests">Tests</stat>
<stat pass="5" fail="0" skip="0" id="s1-s1" name="Random-User-Test">Tests.Random-User-Test</stat>
</suite>
</statistics>
<errors>
</errors>
</robot>
