<?xml version="1.0" encoding="UTF-8"?>
<robot generator="Robot 7.0 (Python 3.12.3 on linux)" generated="2024-05-31T22:13:38.753199" rpa="false" schemaversion="5">
<suite id="s1" name="Tests" source="/home/runner/work/ApiRandomUser/ApiRandomUser/RamdonUser/tests">
<suite id="s1-s1" name="Random-User-Test" source="/home/runner/work/ApiRandomUser/ApiRandomUser/RamdonUser/tests/random-user-test.robot">
<test id="s1-s1-t1" name="Conectar" line="13">
<kw name="Conectar API" owner="random-user-service">
<kw name="Create Session" owner="RequestsLibrary">
<msg time="2024-05-31T22:13:39.144871" level="INFO">Creating Session using : alias=consultarAPI, url=https://randomuser.me/, headers={},                     cookies={}, auth=None, timeout=None, proxies=None, verify=False,                     debug=0 </msg>
<arg>consultarAPI</arg>
<arg>${URL}</arg>
<doc>Create Session: create a HTTP session to a server</doc>
<status status="PASS" start="2024-05-31T22:13:39.144660" elapsed="0.000398"/>
</kw>
<status status="PASS" start="2024-05-31T22:13:39.143596" elapsed="0.001845"/>
</kw>
<status status="PASS" start="2024-05-31T22:13:39.142927" elapsed="0.002713"/>
</test>
<test id="s1-s1-t2" name="Validar retorno 200 e JSON Válido" line="16">
<kw name="Teste de Requisicao Basica" owner="random-user-service">
<kw name="GET On Session" owner="RequestsLibrary">
<msg time="2024-05-31T22:13:39.323204" level="INFO">GET Request : url=https://randomuser.me/api 
 path_url=/api 
 headers={'User-Agent': 'python-requests/2.32.3', 'Accept-Encoding': 'gzip, deflate', 'Accept': '*/*', 'Connection': 'keep-alive'} 
 body=None 
 </msg>
<msg time="2024-05-31T22:13:39.323416" level="INFO">GET Response : url=https://randomuser.me/api 
 status=200, reason=OK 
 headers={'Date': 'Fri, 31 May 2024 22:13:39 GMT', 'Content-Type': 'application/json; charset=utf-8', 'Transfer-Encoding': 'chunked', 'Connection': 'keep-alive', 'X-Powered-By': 'Express', 'Access-Control-Allow-Origin': '*', 'Cache-Control': 'no-cache', 'ETag': 'W/"47c-oziZzqMo88HhZFatrMV3x4G9At4"', 'Vary': 'Accept-Encoding', 'Content-Encoding': 'gzip', 'CF-Cache-Status': 'DYNAMIC', 'Report-To': '{"endpoints":[{"url":"https:\\/\\/a.nel.cloudflare.com\\/report\\/v4?s=qk3OBiY9IxnbPlROJCF8MEFTkaGUhvy%2BquN4M1CHRxkDKH%2FZFn2QHlNHeRvhf3u4jRW9Hd9glsafVUCAGKbljvnr3K7F4QWQlUMF1SG7CVCYmrDlSWBzWGS0elUgU0LI"}],"group":"cf-nel","max_age":604800}', 'NEL': '{"success_fraction":0,"report_to":"cf-nel","max_age":604800}', 'Server': 'cloudflare', 'CF-RAY': '88ca4ff89b882d20-IAD', 'alt-svc': 'h3=":443"; ma=86400'} 
 body={"results":[{"gender":"male","name":{"title":"Mr","first":"Gordiy","last":"Gutirya"},"location":{"street":{"number":1156,"name":"Platona Mayborodi"},"city":"Hodoriv","state":"Chernivecka","country":"Ukraine","postcode":37698,"coordinates":{"latitude":"79.7711","longitude":"-94.8796"},"timezone":{"offset":"-12:00","description":"Eniwetok, Kwajalein"}},"email":"gordiy.gutirya@example.com","login":{"uuid":"33018ef4-1615-4caf-b5c4-d00f5ee91e4c","username":"smallfish869","password":"franks","salt":"ezewWO8D","md5":"4f7d83d0e4b5a5240e76206c4324661c","sha1":"5a11c5540c791e61dae8f95d1ad9fb78b6f349a2","sha256":"042bcc860a59a880ba469a68bc208515bfde5d6a646e8bc256f58ac3e9f0436b"},"dob":{"date":"1945-08-30T02:33:11.380Z","age":78},"registered":{"date":"2003-01-22T07:36:44.555Z","age":21},"phone":"(068) X86-0927","cell":"(098) L86-0252","id":{"name":"","value":null},"picture":{"large":"https://randomuser.me/api/portraits/men/98.jpg","medium":"https://randomuser.me/api/portraits/med/men/98.jpg","thumbnail":"https://randomuser.me/api/portraits/thumb/men/98.jpg"},"nat":"UA"}],"info":{"seed":"64fa78074b4b7246","results":1,"page":1,"version":"1.4"}} 
 </msg>
<msg time="2024-05-31T22:13:39.323522" level="INFO">/opt/hostedtoolcache/Python/3.12.3/x64/lib/python3.12/site-packages/urllib3/connectionpool.py:1103: InsecureRequestWarning: Unverified HTTPS request is being made to host 'randomuser.me'. Adding certificate verification is strongly advised. See: https://urllib3.readthedocs.io/en/latest/advanced-usage.html#tls-warnings
  warnings.warn(</msg>
<msg time="2024-05-31T22:13:39.323682" level="INFO">${response} = &lt;Response [200]&gt;</msg>
<var>${response}</var>
<arg>consultarAPI</arg>
<arg>/api</arg>
<doc>Sends a GET request on a previously created HTTP Session.</doc>
<status status="PASS" start="2024-05-31T22:13:39.148336" elapsed="0.175392"/>
</kw>
<kw name="Should Be Equal As Numbers" owner="BuiltIn">
<msg time="2024-05-31T22:13:39.324766" level="INFO">Argument types are:
&lt;class 'int'&gt;
&lt;class 'str'&gt;</msg>
<arg>${response.status_code}</arg>
<arg>200</arg>
<doc>Fails if objects are unequal after converting them to real numbers.</doc>
<status status="PASS" start="2024-05-31T22:13:39.324259" elapsed="0.000575"/>
</kw>
<kw name="Log" owner="BuiltIn">
<msg time="2024-05-31T22:13:39.325583" level="INFO">200</msg>
<arg>${response.status_code}</arg>
<doc>Logs the given message with the given level.</doc>
<status status="PASS" start="2024-05-31T22:13:39.325212" elapsed="0.000420"/>
</kw>
<kw name="Set Variable" owner="BuiltIn">
<msg time="2024-05-31T22:13:39.326392" level="INFO">${json_data} = {'results': [{'gender': 'male', 'name': {'title': 'Mr', 'first': 'Gordiy', 'last': 'Gutirya'}, 'location': {'street': {'number': 1156, 'name': 'Platona Mayborodi'}, 'city': 'Hodoriv', 'state': 'Cherni...</msg>
<var>${json_data}</var>
<arg>${response.json()}</arg>
<doc>Returns the given values which can then be assigned to a variables.</doc>
<status status="PASS" start="2024-05-31T22:13:39.325950" elapsed="0.000472"/>
</kw>
<kw name="Dictionary Should Contain Key" owner="Collections">
<msg time="2024-05-31T22:13:39.326901" level="INFO">False</msg>
<arg>${json_data}</arg>
<arg>results</arg>
<doc>Fails if ``key`` is not found from ``dictionary``.</doc>
<status status="PASS" start="2024-05-31T22:13:39.326731" elapsed="0.000379"/>
</kw>
<status status="PASS" start="2024-05-31T22:13:39.148087" elapsed="0.179329"/>
</kw>
<doc>Testa se a API responde corretamente e retorna um objeto JSON válido.</doc>
<tag>testeRequisicaoBasica</tag>
<status status="PASS" start="2024-05-31T22:13:39.147543" elapsed="0.180113"/>
</test>
<test id="s1-s1-t3" name="Validar estrutura de resposta" line="22">
<kw name="Teste de Estrutura de Resposta" owner="random-user-service">
<kw name="GET On Session" owner="RequestsLibrary">
<msg time="2024-05-31T22:13:39.424254" level="INFO">GET Request : url=https://randomuser.me/api 
 path_url=/api 
 headers={'User-Agent': 'python-requests/2.32.3', 'Accept-Encoding': 'gzip, deflate', 'Accept': '*/*', 'Connection': 'keep-alive'} 
 body=None 
 </msg>
<msg time="2024-05-31T22:13:39.424366" level="INFO">GET Response : url=https://randomuser.me/api 
 status=200, reason=OK 
 headers={'Date': 'Fri, 31 May 2024 22:13:39 GMT', 'Content-Type': 'application/json; charset=utf-8', 'Transfer-Encoding': 'chunked', 'Connection': 'keep-alive', 'X-Powered-By': 'Express', 'Access-Control-Allow-Origin': '*', 'Cache-Control': 'no-cache', 'ETag': 'W/"48c-d4gIcxwCojlIaA2fymqSQuhAK+Q"', 'Vary': 'Accept-Encoding', 'Content-Encoding': 'gzip', 'CF-Cache-Status': 'DYNAMIC', 'Report-To': '{"endpoints":[{"url":"https:\\/\\/a.nel.cloudflare.com\\/report\\/v4?s=3UP2%2BFV2EtbHRae8GO%2FTuabPnQAo%2FZ0XKOLGRyVE0mzAQd0lCOn5%2BH8%2FP%2BRMTWVm%2FvsR6XwKMQesdc6IiAKIIJL3nj1Eok0SZaFukJ0MBlpCJtsKx8m7zH82dAlf%2Bxr6"}],"group":"cf-nel","max_age":604800}', 'NEL': '{"success_fraction":0,"report_to":"cf-nel","max_age":604800}', 'Server': 'cloudflare', 'CF-RAY': '88ca4ff8dbc72d20-IAD', 'alt-svc': 'h3=":443"; ma=86400'} 
 body={"results":[{"gender":"male","name":{"title":"Mr","first":"Kevin","last":"Campbell"},"location":{"street":{"number":6563,"name":"Westmoreland Street"},"city":"Loughrea","state":"Cork","country":"Ireland","postcode":52000,"coordinates":{"latitude":"-0.1403","longitude":"-18.0861"},"timezone":{"offset":"-3:00","description":"Brazil, Buenos Aires, Georgetown"}},"email":"kevin.campbell@example.com","login":{"uuid":"915af917-0d93-42a6-84f7-9e6748e70af8","username":"yellowkoala641","password":"cornell","salt":"a1KoiOyq","md5":"0b723d5e97405836c260122da03f2e13","sha1":"947ce2edda3ce65621dcd9dabf99e9f1b1d94f97","sha256":"44e5ad063c93ccf16dd772971784ecb202c11e34747549138875562230fcf625"},"dob":{"date":"1996-10-02T10:16:38.452Z","age":27},"registered":{"date":"2010-03-27T09:09:25.772Z","age":14},"phone":"031-594-0695","cell":"081-112-6787","id":{"name":"PPS","value":"6388783T"},"picture":{"large":"https://randomuser.me/api/portraits/men/45.jpg","medium":"https://randomuser.me/api/portraits/med/men/45.jpg","thumbnail":"https://randomuser.me/api/portraits/thumb/men/45.jpg"},"nat":"IE"}],"info":{"seed":"4db82f1b7db47061","results":1,"page":1,"version":"1.4"}} 
 </msg>
<msg time="2024-05-31T22:13:39.424510" level="INFO">/opt/hostedtoolcache/Python/3.12.3/x64/lib/python3.12/site-packages/urllib3/connectionpool.py:1103: InsecureRequestWarning: Unverified HTTPS request is being made to host 'randomuser.me'. Adding certificate verification is strongly advised. See: https://urllib3.readthedocs.io/en/latest/advanced-usage.html#tls-warnings
  warnings.warn(</msg>
<msg time="2024-05-31T22:13:39.424671" level="INFO">${response} = &lt;Response [200]&gt;</msg>
<var>${response}</var>
<arg>consultarAPI</arg>
<arg>/api</arg>
<doc>Sends a GET request on a previously created HTTP Session.</doc>
<status status="PASS" start="2024-05-31T22:13:39.330505" elapsed="0.094211"/>
</kw>
<kw name="Set Variable" owner="BuiltIn">
<msg time="2024-05-31T22:13:39.425896" level="INFO">${json_data} = {'results': [{'gender': 'male', 'name': {'title': 'Mr', 'first': 'Kevin', 'last': 'Campbell'}, 'location': {'street': {'number': 6563, 'name': 'Westmoreland Street'}, 'city': 'Loughrea', 'state': 'Cor...</msg>
<var>${json_data}</var>
<arg>${response.json()}</arg>
<doc>Returns the given values which can then be assigned to a variables.</doc>
<status status="PASS" start="2024-05-31T22:13:39.425287" elapsed="0.000642"/>
</kw>
<kw name="Log" owner="BuiltIn">
<msg time="2024-05-31T22:13:39.426502" level="INFO">{'results': [{'gender': 'male', 'name': {'title': 'Mr', 'first': 'Kevin', 'last': 'Campbell'}, 'location': {'street': {'number': 6563, 'name': 'Westmoreland Street'}, 'city': 'Loughrea', 'state': 'Cork', 'country': 'Ireland', 'postcode': 52000, 'coordinates': {'latitude': '-0.1403', 'longitude': '-18.0861'}, 'timezone': {'offset': '-3:00', 'description': 'Brazil, Buenos Aires, Georgetown'}}, 'email': 'kevin.campbell@example.com', 'login': {'uuid': '915af917-0d93-42a6-84f7-9e6748e70af8', 'username': 'yellowkoala641', 'password': 'cornell', 'salt': 'a1KoiOyq', 'md5': '0b723d5e97405836c260122da03f2e13', 'sha1': '947ce2edda3ce65621dcd9dabf99e9f1b1d94f97', 'sha256': '44e5ad063c93ccf16dd772971784ecb202c11e34747549138875562230fcf625'}, 'dob': {'date': '1996-10-02T10:16:38.452Z', 'age': 27}, 'registered': {'date': '2010-03-27T09:09:25.772Z', 'age': 14}, 'phone': '031-594-0695', 'cell': '081-112-6787', 'id': {'name': 'PPS', 'value': '6388783T'}, 'picture': {'large': 'https://randomuser.me/api/portraits/men/45.jpg', 'medium': 'https://randomuser.me/api/portraits/med/men/45.jpg', 'thumbnail': 'https://randomuser.me/api/portraits/thumb/men/45.jpg'}, 'nat': 'IE'}], 'info': {'seed': '4db82f1b7db47061', 'results': 1, 'page': 1, 'version': '1.4'}}</msg>
<arg>${json_data}</arg>
<doc>Logs the given message with the given level.</doc>
<status status="PASS" start="2024-05-31T22:13:39.426316" elapsed="0.000240"/>
</kw>
<kw name="Dictionary Should Contain Key" owner="Collections">
<msg time="2024-05-31T22:13:39.427067" level="INFO">False</msg>
<arg>${json_data}</arg>
<arg>results</arg>
<doc>Fails if ``key`` is not found from ``dictionary``.</doc>
<status status="PASS" start="2024-05-31T22:13:39.426892" elapsed="0.000214"/>
</kw>
<kw name="Should Not Be Empty" owner="BuiltIn">
<msg time="2024-05-31T22:13:39.427614" level="INFO">Length is 2.</msg>
<arg>${json_data}</arg>
<doc>Verifies that the given item is not empty.</doc>
<status status="PASS" start="2024-05-31T22:13:39.427473" elapsed="0.000181"/>
</kw>
<kw name="Create List" owner="BuiltIn">
<msg time="2024-05-31T22:13:39.428142" level="INFO">${expected_keys} = ['gender', 'name', 'location', 'email', 'login']</msg>
<var>${expected_keys}</var>
<arg>gender</arg>
<arg>name</arg>
<arg>location</arg>
<arg>email</arg>
<arg>login</arg>
<doc>Returns a list containing given items.</doc>
<status status="PASS" start="2024-05-31T22:13:39.427980" elapsed="0.000186"/>
</kw>
<for flavor="IN">
<iter>
<kw name="Dictionary Should Contain Key" owner="Collections">
<msg time="2024-05-31T22:13:39.429207" level="INFO">False</msg>
<arg>${json_data['results'][0]}</arg>
<arg>${key}</arg>
<doc>Fails if ``key`` is not found from ``dictionary``.</doc>
<status status="PASS" start="2024-05-31T22:13:39.428775" elapsed="0.000478"/>
</kw>
<kw name="Log" owner="BuiltIn">
<msg time="2024-05-31T22:13:39.429937" level="INFO">{'gender': 'male', 'name': {'title': 'Mr', 'first': 'Kevin', 'last': 'Campbell'}, 'location': {'street': {'number': 6563, 'name': 'Westmoreland Street'}, 'city': 'Loughrea', 'state': 'Cork', 'country': 'Ireland', 'postcode': 52000, 'coordinates': {'latitude': '-0.1403', 'longitude': '-18.0861'}, 'timezone': {'offset': '-3:00', 'description': 'Brazil, Buenos Aires, Georgetown'}}, 'email': 'kevin.campbell@example.com', 'login': {'uuid': '915af917-0d93-42a6-84f7-9e6748e70af8', 'username': 'yellowkoala641', 'password': 'cornell', 'salt': 'a1KoiOyq', 'md5': '0b723d5e97405836c260122da03f2e13', 'sha1': '947ce2edda3ce65621dcd9dabf99e9f1b1d94f97', 'sha256': '44e5ad063c93ccf16dd772971784ecb202c11e34747549138875562230fcf625'}, 'dob': {'date': '1996-10-02T10:16:38.452Z', 'age': 27}, 'registered': {'date': '2010-03-27T09:09:25.772Z', 'age': 14}, 'phone': '031-594-0695', 'cell': '081-112-6787', 'id': {'name': 'PPS', 'value': '6388783T'}, 'picture': {'large': 'https://randomuser.me/api/portraits/men/45.jpg', 'medium': 'https://randomuser.me/api/portraits/med/men/45.jpg', 'thumbnail': 'https://randomuser.me/api/portraits/thumb/men/45.jpg'}, 'nat': 'IE'}</msg>
<arg>${json_data['results'][0]}</arg>
<doc>Logs the given message with the given level.</doc>
<status status="PASS" start="2024-05-31T22:13:39.429564" elapsed="0.000432"/>
</kw>
<kw name="Log" owner="BuiltIn">
<msg time="2024-05-31T22:13:39.430433" level="INFO">gender</msg>
<arg>${key}</arg>
<doc>Logs the given message with the given level.</doc>
<status status="PASS" start="2024-05-31T22:13:39.430301" elapsed="0.000171"/>
</kw>
<var name="${key}">gender</var>
<status status="PASS" start="2024-05-31T22:13:39.428644" elapsed="0.002050"/>
</iter>
<iter>
<kw name="Dictionary Should Contain Key" owner="Collections">
<msg time="2024-05-31T22:13:39.431430" level="INFO">False</msg>
<arg>${json_data['results'][0]}</arg>
<arg>${key}</arg>
<doc>Fails if ``key`` is not found from ``dictionary``.</doc>
<status status="PASS" start="2024-05-31T22:13:39.431009" elapsed="0.000459"/>
</kw>
<kw name="Log" owner="BuiltIn">
<msg time="2024-05-31T22:13:39.432175" level="INFO">{'gender': 'male', 'name': {'title': 'Mr', 'first': 'Kevin', 'last': 'Campbell'}, 'location': {'street': {'number': 6563, 'name': 'Westmoreland Street'}, 'city': 'Loughrea', 'state': 'Cork', 'country': 'Ireland', 'postcode': 52000, 'coordinates': {'latitude': '-0.1403', 'longitude': '-18.0861'}, 'timezone': {'offset': '-3:00', 'description': 'Brazil, Buenos Aires, Georgetown'}}, 'email': 'kevin.campbell@example.com', 'login': {'uuid': '915af917-0d93-42a6-84f7-9e6748e70af8', 'username': 'yellowkoala641', 'password': 'cornell', 'salt': 'a1KoiOyq', 'md5': '0b723d5e97405836c260122da03f2e13', 'sha1': '947ce2edda3ce65621dcd9dabf99e9f1b1d94f97', 'sha256': '44e5ad063c93ccf16dd772971784ecb202c11e34747549138875562230fcf625'}, 'dob': {'date': '1996-10-02T10:16:38.452Z', 'age': 27}, 'registered': {'date': '2010-03-27T09:09:25.772Z', 'age': 14}, 'phone': '031-594-0695', 'cell': '081-112-6787', 'id': {'name': 'PPS', 'value': '6388783T'}, 'picture': {'large': 'https://randomuser.me/api/portraits/men/45.jpg', 'medium': 'https://randomuser.me/api/portraits/med/men/45.jpg', 'thumbnail': 'https://randomuser.me/api/portraits/thumb/men/45.jpg'}, 'nat': 'IE'}</msg>
<arg>${json_data['results'][0]}</arg>
<doc>Logs the given message with the given level.</doc>
<status status="PASS" start="2024-05-31T22:13:39.431806" elapsed="0.000418"/>
</kw>
<kw name="Log" owner="BuiltIn">
<msg time="2024-05-31T22:13:39.432651" level="INFO">name</msg>
<arg>${key}</arg>
<doc>Logs the given message with the given level.</doc>
<status status="PASS" start="2024-05-31T22:13:39.432523" elapsed="0.000165"/>
</kw>
<var name="${key}">name</var>
<status status="PASS" start="2024-05-31T22:13:39.430890" elapsed="0.002018"/>
</iter>
<iter>
<kw name="Dictionary Should Contain Key" owner="Collections">
<msg time="2024-05-31T22:13:39.433585" level="INFO">False</msg>
<arg>${json_data['results'][0]}</arg>
<arg>${key}</arg>
<doc>Fails if ``key`` is not found from ``dictionary``.</doc>
<status status="PASS" start="2024-05-31T22:13:39.433204" elapsed="0.000419"/>
</kw>
<kw name="Log" owner="BuiltIn">
<msg time="2024-05-31T22:13:39.434301" level="INFO">{'gender': 'male', 'name': {'title': 'Mr', 'first': 'Kevin', 'last': 'Campbell'}, 'location': {'street': {'number': 6563, 'name': 'Westmoreland Street'}, 'city': 'Loughrea', 'state': 'Cork', 'country': 'Ireland', 'postcode': 52000, 'coordinates': {'latitude': '-0.1403', 'longitude': '-18.0861'}, 'timezone': {'offset': '-3:00', 'description': 'Brazil, Buenos Aires, Georgetown'}}, 'email': 'kevin.campbell@example.com', 'login': {'uuid': '915af917-0d93-42a6-84f7-9e6748e70af8', 'username': 'yellowkoala641', 'password': 'cornell', 'salt': 'a1KoiOyq', 'md5': '0b723d5e97405836c260122da03f2e13', 'sha1': '947ce2edda3ce65621dcd9dabf99e9f1b1d94f97', 'sha256': '44e5ad063c93ccf16dd772971784ecb202c11e34747549138875562230fcf625'}, 'dob': {'date': '1996-10-02T10:16:38.452Z', 'age': 27}, 'registered': {'date': '2010-03-27T09:09:25.772Z', 'age': 14}, 'phone': '031-594-0695', 'cell': '081-112-6787', 'id': {'name': 'PPS', 'value': '6388783T'}, 'picture': {'large': 'https://randomuser.me/api/portraits/men/45.jpg', 'medium': 'https://randomuser.me/api/portraits/med/men/45.jpg', 'thumbnail': 'https://randomuser.me/api/portraits/thumb/men/45.jpg'}, 'nat': 'IE'}</msg>
<arg>${json_data['results'][0]}</arg>
<doc>Logs the given message with the given level.</doc>
<status status="PASS" start="2024-05-31T22:13:39.433932" elapsed="0.000418"/>
</kw>
<kw name="Log" owner="BuiltIn">
<msg time="2024-05-31T22:13:39.434780" level="INFO">location</msg>
<arg>${key}</arg>
<doc>Logs the given message with the given level.</doc>
<status status="PASS" start="2024-05-31T22:13:39.434653" elapsed="0.000164"/>
</kw>
<var name="${key}">location</var>
<status status="PASS" start="2024-05-31T22:13:39.433091" elapsed="0.001942"/>
</iter>
<iter>
<kw name="Dictionary Should Contain Key" owner="Collections">
<msg time="2024-05-31T22:13:39.435874" level="INFO">False</msg>
<arg>${json_data['results'][0]}</arg>
<arg>${key}</arg>
<doc>Fails if ``key`` is not found from ``dictionary``.</doc>
<status status="PASS" start="2024-05-31T22:13:39.435365" elapsed="0.000548"/>
</kw>
<kw name="Log" owner="BuiltIn">
<msg time="2024-05-31T22:13:39.436573" level="INFO">{'gender': 'male', 'name': {'title': 'Mr', 'first': 'Kevin', 'last': 'Campbell'}, 'location': {'street': {'number': 6563, 'name': 'Westmoreland Street'}, 'city': 'Loughrea', 'state': 'Cork', 'country': 'Ireland', 'postcode': 52000, 'coordinates': {'latitude': '-0.1403', 'longitude': '-18.0861'}, 'timezone': {'offset': '-3:00', 'description': 'Brazil, Buenos Aires, Georgetown'}}, 'email': 'kevin.campbell@example.com', 'login': {'uuid': '915af917-0d93-42a6-84f7-9e6748e70af8', 'username': 'yellowkoala641', 'password': 'cornell', 'salt': 'a1KoiOyq', 'md5': '0b723d5e97405836c260122da03f2e13', 'sha1': '947ce2edda3ce65621dcd9dabf99e9f1b1d94f97', 'sha256': '44e5ad063c93ccf16dd772971784ecb202c11e34747549138875562230fcf625'}, 'dob': {'date': '1996-10-02T10:16:38.452Z', 'age': 27}, 'registered': {'date': '2010-03-27T09:09:25.772Z', 'age': 14}, 'phone': '031-594-0695', 'cell': '081-112-6787', 'id': {'name': 'PPS', 'value': '6388783T'}, 'picture': {'large': 'https://randomuser.me/api/portraits/men/45.jpg', 'medium': 'https://randomuser.me/api/portraits/med/men/45.jpg', 'thumbnail': 'https://randomuser.me/api/portraits/thumb/men/45.jpg'}, 'nat': 'IE'}</msg>
<arg>${json_data['results'][0]}</arg>
<doc>Logs the given message with the given level.</doc>
<status status="PASS" start="2024-05-31T22:13:39.436214" elapsed="0.000408"/>
</kw>
<kw name="Log" owner="BuiltIn">
<msg time="2024-05-31T22:13:39.437045" level="INFO">email</msg>
<arg>${key}</arg>
<doc>Logs the given message with the given level.</doc>
<status status="PASS" start="2024-05-31T22:13:39.436916" elapsed="0.000167"/>
</kw>
<var name="${key}">email</var>
<status status="PASS" start="2024-05-31T22:13:39.435209" elapsed="0.002089"/>
</iter>
<iter>
<kw name="Dictionary Should Contain Key" owner="Collections">
<msg time="2024-05-31T22:13:39.437972" level="INFO">False</msg>
<arg>${json_data['results'][0]}</arg>
<arg>${key}</arg>
<doc>Fails if ``key`` is not found from ``dictionary``.</doc>
<status status="PASS" start="2024-05-31T22:13:39.437587" elapsed="0.000423"/>
</kw>
<kw name="Log" owner="BuiltIn">
<msg time="2024-05-31T22:13:39.438666" level="INFO">{'gender': 'male', 'name': {'title': 'Mr', 'first': 'Kevin', 'last': 'Campbell'}, 'location': {'street': {'number': 6563, 'name': 'Westmoreland Street'}, 'city': 'Loughrea', 'state': 'Cork', 'country': 'Ireland', 'postcode': 52000, 'coordinates': {'latitude': '-0.1403', 'longitude': '-18.0861'}, 'timezone': {'offset': '-3:00', 'description': 'Brazil, Buenos Aires, Georgetown'}}, 'email': 'kevin.campbell@example.com', 'login': {'uuid': '915af917-0d93-42a6-84f7-9e6748e70af8', 'username': 'yellowkoala641', 'password': 'cornell', 'salt': 'a1KoiOyq', 'md5': '0b723d5e97405836c260122da03f2e13', 'sha1': '947ce2edda3ce65621dcd9dabf99e9f1b1d94f97', 'sha256': '44e5ad063c93ccf16dd772971784ecb202c11e34747549138875562230fcf625'}, 'dob': {'date': '1996-10-02T10:16:38.452Z', 'age': 27}, 'registered': {'date': '2010-03-27T09:09:25.772Z', 'age': 14}, 'phone': '031-594-0695', 'cell': '081-112-6787', 'id': {'name': 'PPS', 'value': '6388783T'}, 'picture': {'large': 'https://randomuser.me/api/portraits/men/45.jpg', 'medium': 'https://randomuser.me/api/portraits/med/men/45.jpg', 'thumbnail': 'https://randomuser.me/api/portraits/thumb/men/45.jpg'}, 'nat': 'IE'}</msg>
<arg>${json_data['results'][0]}</arg>
<doc>Logs the given message with the given level.</doc>
<status status="PASS" start="2024-05-31T22:13:39.438304" elapsed="0.000418"/>
</kw>
<kw name="Log" owner="BuiltIn">
<msg time="2024-05-31T22:13:39.439139" level="INFO">login</msg>
<arg>${key}</arg>
<doc>Logs the given message with the given level.</doc>
<status status="PASS" start="2024-05-31T22:13:39.439012" elapsed="0.000164"/>
</kw>
<var name="${key}">login</var>
<status status="PASS" start="2024-05-31T22:13:39.437474" elapsed="0.001978"/>
</iter>
<var>${key}</var>
<value>@{expected_keys}</value>
<status status="PASS" start="2024-05-31T22:13:39.428441" elapsed="0.011141"/>
</for>
<kw name="Create List" owner="BuiltIn">
<msg time="2024-05-31T22:13:39.439917" level="INFO">${expected_keysTwo} = ['username', 'password']</msg>
<var>${expected_keysTwo}</var>
<arg>username</arg>
<arg>password</arg>
<doc>Returns a list containing given items.</doc>
<status status="PASS" start="2024-05-31T22:13:39.439779" elapsed="0.000162"/>
</kw>
<for flavor="IN">
<iter>
<kw name="Dictionary Should Contain Key" owner="Collections">
<msg time="2024-05-31T22:13:39.440825" level="INFO">False</msg>
<arg>${json_data['results'][0]['login']}</arg>
<arg>${keyTwo}</arg>
<doc>Fails if ``key`` is not found from ``dictionary``.</doc>
<status status="PASS" start="2024-05-31T22:13:39.440448" elapsed="0.000414"/>
</kw>
<kw name="Dictionary Should Contain Key" owner="Collections">
<msg time="2024-05-31T22:13:39.441543" level="INFO">False</msg>
<arg>${json_data['results'][0]['login']}</arg>
<arg>${keyTwo}</arg>
<doc>Fails if ``key`` is not found from ``dictionary``.</doc>
<status status="PASS" start="2024-05-31T22:13:39.441160" elapsed="0.000420"/>
</kw>
<kw name="Log" owner="BuiltIn">
<msg time="2024-05-31T22:13:39.442005" level="INFO">username</msg>
<arg>${keyTwo}</arg>
<doc>Logs the given message with the given level.</doc>
<status status="PASS" start="2024-05-31T22:13:39.441878" elapsed="0.000163"/>
</kw>
<var name="${keyTwo}">username</var>
<status status="PASS" start="2024-05-31T22:13:39.440336" elapsed="0.001918"/>
</iter>
<iter>
<kw name="Dictionary Should Contain Key" owner="Collections">
<msg time="2024-05-31T22:13:39.442913" level="INFO">False</msg>
<arg>${json_data['results'][0]['login']}</arg>
<arg>${keyTwo}</arg>
<doc>Fails if ``key`` is not found from ``dictionary``.</doc>
<status status="PASS" start="2024-05-31T22:13:39.442537" elapsed="0.000412"/>
</kw>
<kw name="Dictionary Should Contain Key" owner="Collections">
<msg time="2024-05-31T22:13:39.443661" level="INFO">False</msg>
<arg>${json_data['results'][0]['login']}</arg>
<arg>${keyTwo}</arg>
<doc>Fails if ``key`` is not found from ``dictionary``.</doc>
<status status="PASS" start="2024-05-31T22:13:39.443261" elapsed="0.000437"/>
</kw>
<kw name="Log" owner="BuiltIn">
<msg time="2024-05-31T22:13:39.444120" level="INFO">password</msg>
<arg>${keyTwo}</arg>
<doc>Logs the given message with the given level.</doc>
<status status="PASS" start="2024-05-31T22:13:39.443994" elapsed="0.000164"/>
</kw>
<var name="${keyTwo}">password</var>
<status status="PASS" start="2024-05-31T22:13:39.442427" elapsed="0.001945"/>
</iter>
<var>${keyTwo}</var>
<value>@{expected_keysTwo}</value>
<status status="PASS" start="2024-05-31T22:13:39.440180" elapsed="0.004314"/>
</for>
<status status="PASS" start="2024-05-31T22:13:39.330258" elapsed="0.114379"/>
</kw>
<doc>Testa a estrutura da resposta da API.</doc>
<tag>testeEstruturaResposta</tag>
<status status="PASS" start="2024-05-31T22:13:39.329608" elapsed="0.115188"/>
</test>
<test id="s1-s1-t4" name="Validar tipos de dados" line="28">
<kw name="Teste de Tipos de Dados" owner="random-user-service">
<kw name="GET On Session" owner="RequestsLibrary">
<msg time="2024-05-31T22:13:39.539315" level="INFO">GET Request : url=https://randomuser.me/api 
 path_url=/api 
 headers={'User-Agent': 'python-requests/2.32.3', 'Accept-Encoding': 'gzip, deflate', 'Accept': '*/*', 'Connection': 'keep-alive'} 
 body=None 
 </msg>
<msg time="2024-05-31T22:13:39.539423" level="INFO">GET Response : url=https://randomuser.me/api 
 status=200, reason=OK 
 headers={'Date': 'Fri, 31 May 2024 22:13:39 GMT', 'Content-Type': 'application/json; charset=utf-8', 'Transfer-Encoding': 'chunked', 'Connection': 'keep-alive', 'X-Powered-By': 'Express', 'Access-Control-Allow-Origin': '*', 'Cache-Control': 'no-cache', 'ETag': 'W/"495-ndAdgaoIrpgyNWfkUWqLEu1+yJ8"', 'Vary': 'Accept-Encoding', 'Content-Encoding': 'gzip', 'CF-Cache-Status': 'DYNAMIC', 'Report-To': '{"endpoints":[{"url":"https:\\/\\/a.nel.cloudflare.com\\/report\\/v4?s=5gXyLx%2F2hR%2BkRbdey84l%2F7KnKTOC1ymPRi%2BGz2CkgDhog5R3xO0gJeZnDq6dy3WwEzqK6sTQn65wal8x9TEvYxsVTlEE3PRZ3u9MZddpKZCqno0ktDintSifbV%2BIB5cB"}],"group":"cf-nel","max_age":604800}', 'NEL': '{"success_fraction":0,"report_to":"cf-nel","max_age":604800}', 'Server': 'cloudflare', 'CF-RAY': '88ca4ff98c982d20-IAD', 'alt-svc': 'h3=":443"; ma=86400'} 
 body={"results":[{"gender":"male","name":{"title":"Mr","first":"Vist","last":"Ginzburg"},"location":{"street":{"number":3783,"name":"Provulok Panasa Mirnogo"},"city":"Baranivka","state":"Hersonska","country":"Ukraine","postcode":22471,"coordinates":{"latitude":"77.1877","longitude":"-90.2289"},"timezone":{"offset":"+11:00","description":"Magadan, Solomon Islands, New Caledonia"}},"email":"vist.ginzburg@example.com","login":{"uuid":"22f6a0d2-4a51-4c7b-ae75-4e4a957118b6","username":"heavygoose336","password":"swords","salt":"rNtfYETN","md5":"a279be07a64a7051d3d9b603ebd0e1e9","sha1":"d9ff92c5dc0bdf244ce2ff43152178eedff9581d","sha256":"f95eea7b2a7cd4bdaa9c3f6a913d944b30ef8ea09c2dd763f6f5d29d9b8f329d"},"dob":{"date":"1997-11-08T12:15:20.498Z","age":26},"registered":{"date":"2007-05-25T11:56:36.042Z","age":17},"phone":"(097) J40-0574","cell":"(097) V61-2596","id":{"name":"","value":null},"picture":{"large":"https://randomuser.me/api/portraits/men/67.jpg","medium":"https://randomuser.me/api/portraits/med/men/67.jpg","thumbnail":"https://randomuser.me/api/portraits/thumb/men/67.jpg"},"nat":"UA"}],"info":{"seed":"8e7eee6c6bfd732a","results":1,"page":1,"version":"1.4"}} 
 </msg>
<msg time="2024-05-31T22:13:39.539502" level="INFO">/opt/hostedtoolcache/Python/3.12.3/x64/lib/python3.12/site-packages/urllib3/connectionpool.py:1103: InsecureRequestWarning: Unverified HTTPS request is being made to host 'randomuser.me'. Adding certificate verification is strongly advised. See: https://urllib3.readthedocs.io/en/latest/advanced-usage.html#tls-warnings
  warnings.warn(</msg>
<msg time="2024-05-31T22:13:39.539648" level="INFO">${response} = &lt;Response [200]&gt;</msg>
<var>${response}</var>
<arg>consultarAPI</arg>
<arg>/api</arg>
<doc>Sends a GET request on a previously created HTTP Session.</doc>
<status status="PASS" start="2024-05-31T22:13:39.447423" elapsed="0.092268"/>
</kw>
<kw name="Set Variable" owner="BuiltIn">
<msg time="2024-05-31T22:13:39.540797" level="INFO">${json_data} = {'results': [{'gender': 'male', 'name': {'title': 'Mr', 'first': 'Vist', 'last': 'Ginzburg'}, 'location': {'street': {'number': 3783, 'name': 'Provulok Panasa Mirnogo'}, 'city': 'Baranivka', 'state': ...</msg>
<var>${json_data}</var>
<arg>${response.json()}</arg>
<doc>Returns the given values which can then be assigned to a variables.</doc>
<status status="PASS" start="2024-05-31T22:13:39.540234" elapsed="0.000593"/>
</kw>
<kw name="Log" owner="BuiltIn">
<msg time="2024-05-31T22:13:39.541354" level="INFO">{'results': [{'gender': 'male', 'name': {'title': 'Mr', 'first': 'Vist', 'last': 'Ginzburg'}, 'location': {'street': {'number': 3783, 'name': 'Provulok Panasa Mirnogo'}, 'city': 'Baranivka', 'state': 'Hersonska', 'country': 'Ukraine', 'postcode': 22471, 'coordinates': {'latitude': '77.1877', 'longitude': '-90.2289'}, 'timezone': {'offset': '+11:00', 'description': 'Magadan, Solomon Islands, New Caledonia'}}, 'email': 'vist.ginzburg@example.com', 'login': {'uuid': '22f6a0d2-4a51-4c7b-ae75-4e4a957118b6', 'username': 'heavygoose336', 'password': 'swords', 'salt': 'rNtfYETN', 'md5': 'a279be07a64a7051d3d9b603ebd0e1e9', 'sha1': 'd9ff92c5dc0bdf244ce2ff43152178eedff9581d', 'sha256': 'f95eea7b2a7cd4bdaa9c3f6a913d944b30ef8ea09c2dd763f6f5d29d9b8f329d'}, 'dob': {'date': '1997-11-08T12:15:20.498Z', 'age': 26}, 'registered': {'date': '2007-05-25T11:56:36.042Z', 'age': 17}, 'phone': '(097) J40-0574', 'cell': '(097) V61-2596', 'id': {'name': '', 'value': None}, 'picture': {'large': 'https://randomuser.me/api/portraits/men/67.jpg', 'medium': 'https://randomuser.me/api/portraits/med/men/67.jpg', 'thumbnail': 'https://randomuser.me/api/portraits/thumb/men/67.jpg'}, 'nat': 'UA'}], 'info': {'seed': '8e7eee6c6bfd732a', 'results': 1, 'page': 1, 'version': '1.4'}}</msg>
<arg>${json_data}</arg>
<doc>Logs the given message with the given level.</doc>
<status status="PASS" start="2024-05-31T22:13:39.541184" elapsed="0.000264"/>
</kw>
<kw name="Should Be String" owner="String">
<arg>${json_data['results'][0]['gender']}</arg>
<doc>Fails if the given ``item`` is not a string.</doc>
<status status="PASS" start="2024-05-31T22:13:39.541772" elapsed="0.000389"/>
</kw>
<kw name="Should Match Regexp" owner="BuiltIn">
<arg>${json_data['results'][0]['email']}</arg>
<arg>^[a-zA-Z0-9._%+-]+@[a-zA-Z0-9.-]+\.[a-zA-Z]{2,}$</arg>
<doc>Fails if ``string`` does not match ``pattern`` as a regular expression.</doc>
<status status="PASS" start="2024-05-31T22:13:39.542355" elapsed="0.000692"/>
</kw>
<kw name="Should Match Regexp" owner="BuiltIn">
<arg>${json_data['results'][0]['dob']['date']}</arg>
<arg>\\d{4}-\\d{2}-\\d{2}T\\d{2}:\\d{2}:\\d{2}\\.\\d{3}Z</arg>
<doc>Fails if ``string`` does not match ``pattern`` as a regular expression.</doc>
<status status="PASS" start="2024-05-31T22:13:39.543282" elapsed="0.000506"/>
</kw>
<kw name="Should Match Regexp" owner="BuiltIn">
<arg>${json_data['results'][0]['registered']['date']}</arg>
<arg>\\d{4}-\\d{2}-\\d{2}T\\d{2}:\\d{2}:\\d{2}\\.\\d{3}Z</arg>
<doc>Fails if ``string`` does not match ``pattern`` as a regular expression.</doc>
<status status="PASS" start="2024-05-31T22:13:39.543985" elapsed="0.000373"/>
</kw>
<kw name="Should Match Regexp" owner="BuiltIn">
<arg>${json_data['results'][0]['picture']['large']}</arg>
<arg>^https?://.*\.(?:png|jpe?g|gif|bmp)$</arg>
<doc>Fails if ``string`` does not match ``pattern`` as a regular expression.</doc>
<status status="PASS" start="2024-05-31T22:13:39.544549" elapsed="0.000471"/>
</kw>
<kw name="Should Match Regexp" owner="BuiltIn">
<arg>${json_data['results'][0]['picture']['medium']}</arg>
<arg>^https?://.*\.(?:png|jpe?g|gif|bmp)$</arg>
<doc>Fails if ``string`` does not match ``pattern`` as a regular expression.</doc>
<status status="PASS" start="2024-05-31T22:13:39.545210" elapsed="0.000350"/>
</kw>
<kw name="Should Match Regexp" owner="BuiltIn">
<arg>${json_data['results'][0]['picture']['thumbnail']}</arg>
<arg>^https?://.*\.(?:png|jpe?g|gif|bmp)$</arg>
<doc>Fails if ``string`` does not match ``pattern`` as a regular expression.</doc>
<status status="PASS" start="2024-05-31T22:13:39.545750" elapsed="0.000348"/>
</kw>
<kw name="Log" owner="BuiltIn">
<msg time="2024-05-31T22:13:39.546606" level="INFO">{'large': 'https://randomuser.me/api/portraits/men/67.jpg', 'medium': 'https://randomuser.me/api/portraits/med/men/67.jpg', 'thumbnail': 'https://randomuser.me/api/portraits/thumb/men/67.jpg'}</msg>
<arg>${json_data['results'][0]['picture']}</arg>
<doc>Logs the given message with the given level.</doc>
<status status="PASS" start="2024-05-31T22:13:39.546281" elapsed="0.000367"/>
</kw>
<status status="PASS" start="2024-05-31T22:13:39.447154" elapsed="0.099756"/>
</kw>
<kw name="Teste de Tipos de Dados - Postcode" owner="random-user-service">
<kw name="GET On Session" owner="RequestsLibrary">
<msg time="2024-05-31T22:13:39.659021" level="INFO">GET Request : url=https://randomuser.me/api 
 path_url=/api 
 headers={'User-Agent': 'python-requests/2.32.3', 'Accept-Encoding': 'gzip, deflate', 'Accept': '*/*', 'Connection': 'keep-alive'} 
 body=None 
 </msg>
<msg time="2024-05-31T22:13:39.659129" level="INFO">GET Response : url=https://randomuser.me/api 
 status=200, reason=OK 
 headers={'Date': 'Fri, 31 May 2024 22:13:39 GMT', 'Content-Type': 'application/json; charset=utf-8', 'Transfer-Encoding': 'chunked', 'Connection': 'keep-alive', 'X-Powered-By': 'Express', 'Access-Control-Allow-Origin': '*', 'Cache-Control': 'no-cache', 'ETag': 'W/"49b-j31v7Phrhu3pegNuQMfIxSoMDgM"', 'Vary': 'Accept-Encoding', 'Content-Encoding': 'gzip', 'CF-Cache-Status': 'DYNAMIC', 'Report-To': '{"endpoints":[{"url":"https:\\/\\/a.nel.cloudflare.com\\/report\\/v4?s=cMmzft4a62ZbbAxhkB9HraWeJDEEZXaPtw%2FubEw0%2FeYNVwd3LIuNoPefh0PXY%2BjxTApWlB6WZ15GDujYU5ee9Xke5lmK8Ft%2B6JSepW961QUnWNOZ5MIuwG%2BYK%2Bf52pPg"}],"group":"cf-nel","max_age":604800}', 'NEL': '{"success_fraction":0,"report_to":"cf-nel","max_age":604800}', 'Server': 'cloudflare', 'CF-RAY': '88ca4ffa2d312d20-IAD', 'alt-svc': 'h3=":443"; ma=86400'} 
 body={"results":[{"gender":"male","name":{"title":"Monsieur","first":"Adriano","last":"Menard"},"location":{"street":{"number":9895,"name":"Place du 8 Février 1962"},"city":"Märstetten","state":"Ticino","country":"Switzerland","postcode":4415,"coordinates":{"latitude":"-59.3211","longitude":"-79.7967"},"timezone":{"offset":"+9:30","description":"Adelaide, Darwin"}},"email":"adriano.menard@example.com","login":{"uuid":"0aef48c9-193c-4245-b687-b3f867b44f76","username":"orangeladybug727","password":"gambler","salt":"gMlVirul","md5":"f95244822073410922f5cec2b3848577","sha1":"0df785375c37c09b21067b592e158a6fcacc39bc","sha256":"6753b4ada0832b0b0d9fb0544255b80ac090e6ea54412d0370bd1a34ef4fd6bb"},"dob":{"date":"1955-10-21T08:49:08.225Z","age":68},"registered":{"date":"2021-09-15T13:32:46.916Z","age":2},"phone":"077 722 94 32","cell":"077 451 79 62","id":{"name":"AVS","value":"756.6590.8353.63"},"picture":{"large":"https://randomuser.me/api/portraits/men/54.jpg","medium":"https://randomuser.me/api/portraits/med/men/54.jpg","thumbnail":"https://randomuser.me/api/portraits/thumb/men/54.jpg"},"nat":"CH"}],"info":{"seed":"beea6e36bd2cda10","results":1,"page":1,"version":"1.4"}} 
 </msg>
<msg time="2024-05-31T22:13:39.659216" level="INFO">/opt/hostedtoolcache/Python/3.12.3/x64/lib/python3.12/site-packages/urllib3/connectionpool.py:1103: InsecureRequestWarning: Unverified HTTPS request is being made to host 'randomuser.me'. Adding certificate verification is strongly advised. See: https://urllib3.readthedocs.io/en/latest/advanced-usage.html#tls-warnings
  warnings.warn(</msg>
<msg time="2024-05-31T22:13:39.659391" level="INFO">${response} = &lt;Response [200]&gt;</msg>
<var>${response}</var>
<arg>consultarAPI</arg>
<arg>/api</arg>
<doc>Sends a GET request on a previously created HTTP Session.</doc>
<status status="PASS" start="2024-05-31T22:13:39.547407" elapsed="0.112027"/>
</kw>
<kw name="Set Variable" owner="BuiltIn">
<msg time="2024-05-31T22:13:39.660493" level="INFO">${json_data} = {'results': [{'gender': 'male', 'name': {'title': 'Monsieur', 'first': 'Adriano', 'last': 'Menard'}, 'location': {'street': {'number': 9895, 'name': 'Place du 8 Février 1962'}, 'city': 'Märstetten', '...</msg>
<var>${json_data}</var>
<arg>${response.json()}</arg>
<doc>Returns the given values which can then be assigned to a variables.</doc>
<status status="PASS" start="2024-05-31T22:13:39.659943" elapsed="0.000580"/>
</kw>
<kw name="Log" owner="BuiltIn">
<msg time="2024-05-31T22:13:39.661003" level="INFO">{'results': [{'gender': 'male', 'name': {'title': 'Monsieur', 'first': 'Adriano', 'last': 'Menard'}, 'location': {'street': {'number': 9895, 'name': 'Place du 8 Février 1962'}, 'city': 'Märstetten', 'state': 'Ticino', 'country': 'Switzerland', 'postcode': 4415, 'coordinates': {'latitude': '-59.3211', 'longitude': '-79.7967'}, 'timezone': {'offset': '+9:30', 'description': 'Adelaide, Darwin'}}, 'email': 'adriano.menard@example.com', 'login': {'uuid': '0aef48c9-193c-4245-b687-b3f867b44f76', 'username': 'orangeladybug727', 'password': 'gambler', 'salt': 'gMlVirul', 'md5': 'f95244822073410922f5cec2b3848577', 'sha1': '0df785375c37c09b21067b592e158a6fcacc39bc', 'sha256': '6753b4ada0832b0b0d9fb0544255b80ac090e6ea54412d0370bd1a34ef4fd6bb'}, 'dob': {'date': '1955-10-21T08:49:08.225Z', 'age': 68}, 'registered': {'date': '2021-09-15T13:32:46.916Z', 'age': 2}, 'phone': '077 722 94 32', 'cell': '077 451 79 62', 'id': {'name': 'AVS', 'value': '756.6590.8353.63'}, 'picture': {'large': 'https://randomuser.me/api/portraits/men/54.jpg', 'medium': 'https://randomuser.me/api/portraits/med/men/54.jpg', 'thumbnail': 'https://randomuser.me/api/portraits/thumb/men/54.jpg'}, 'nat': 'CH'}], 'info': {'seed': 'beea6e36bd2cda10', 'results': 1, 'page': 1, 'version': '1.4'}}</msg>
<arg>${json_data}</arg>
<doc>Logs the given message with the given level.</doc>
<status status="PASS" start="2024-05-31T22:13:39.660837" elapsed="0.000254"/>
</kw>
<kw name="Should Be Equal As Numbers" owner="BuiltIn">
<arg>${json_data['results'][0]['location']['postcode']}</arg>
<arg>${json_data['results'][0]['location']['postcode']}</arg>
<doc>Fails if objects are unequal after converting them to real numbers.</doc>
<status status="PASS" start="2024-05-31T22:13:39.661392" elapsed="0.000617"/>
</kw>
<kw name="Log" owner="BuiltIn">
<msg time="2024-05-31T22:13:39.662562" level="INFO">4415</msg>
<arg>${json_data['results'][0]['location']['postcode']}</arg>
<doc>Logs the given message with the given level.</doc>
<status status="PASS" start="2024-05-31T22:13:39.662199" elapsed="0.000403"/>
</kw>
<status status="PASS" start="2024-05-31T22:13:39.547145" elapsed="0.115714"/>
</kw>
<doc>Testa se os tipos de dados na resposta da API estão corretos.</doc>
<tag>testeTiposDados</tag>
<status status="PASS" start="2024-05-31T22:13:39.446562" elapsed="0.216468"/>
</test>
<test id="s1-s1-t5" name="Validar conteudo" line="35">
<kw name="Teste de Tipos de Conteudo" owner="random-user-service">
<kw name="GET On Session" owner="RequestsLibrary">
<msg time="2024-05-31T22:13:39.727353" level="INFO">GET Request : url=https://randomuser.me/api 
 path_url=/api 
 headers={'User-Agent': 'python-requests/2.32.3', 'Accept-Encoding': 'gzip, deflate', 'Accept': '*/*', 'Connection': 'keep-alive'} 
 body=None 
 </msg>
<msg time="2024-05-31T22:13:39.727435" level="INFO">GET Response : url=https://randomuser.me/api 
 status=200, reason=OK 
 headers={'Date': 'Fri, 31 May 2024 22:13:39 GMT', 'Content-Type': 'application/json; charset=utf-8', 'Transfer-Encoding': 'chunked', 'Connection': 'keep-alive', 'X-Powered-By': 'Express', 'Access-Control-Allow-Origin': '*', 'Cache-Control': 'no-cache', 'ETag': 'W/"4a3-GP/RWGlfavBTxM8rtaCAdSRSiJs"', 'Vary': 'Accept-Encoding', 'Content-Encoding': 'gzip', 'CF-Cache-Status': 'DYNAMIC', 'Report-To': '{"endpoints":[{"url":"https:\\/\\/a.nel.cloudflare.com\\/report\\/v4?s=C18iFIzeZPn68PvvUHTLnEuYmiHPZdd2O3YiCa6Gj1B3IZ2FiWrpQM8shETt5eT%2BJzCULIg%2FlbZkisgT2axvqjh7LaU4864shID11BF4TMXXJ%2F1260O8EfAs1xRJcO0C"}],"group":"cf-nel","max_age":604800}', 'NEL': '{"success_fraction":0,"report_to":"cf-nel","max_age":604800}', 'Server': 'cloudflare', 'CF-RAY': '88ca4ffaedff2d20-IAD', 'alt-svc': 'h3=":443"; ma=86400'} 
 body={"results":[{"gender":"male","name":{"title":"Monsieur","first":"Angelo","last":"Lefevre"},"location":{"street":{"number":1580,"name":"Esplanade du 9 Novembre 1989"},"city":"Dotzigen","state":"Thurgau","country":"Switzerland","postcode":5843,"coordinates":{"latitude":"-57.0577","longitude":"-54.1529"},"timezone":{"offset":"+2:00","description":"Kaliningrad, South Africa"}},"email":"angelo.lefevre@example.com","login":{"uuid":"188223c7-6378-4ae1-ad6d-698e8bb46936","username":"greenswan476","password":"stinker","salt":"zlEHQ3d6","md5":"0b855c70eb15092b4167c00c83a732ae","sha1":"14b342bf8d71b6b7266bc505267cddd59fa48737","sha256":"703a8459fead4b981a7c688b57f7e679dd5208c15849408f28e6aa5f5632f033"},"dob":{"date":"1977-04-17T16:20:07.693Z","age":47},"registered":{"date":"2012-09-22T19:47:25.998Z","age":11},"phone":"078 724 52 42","cell":"079 212 62 54","id":{"name":"AVS","value":"756.0931.1033.38"},"picture":{"large":"https://randomuser.me/api/portraits/men/90.jpg","medium":"https://randomuser.me/api/portraits/med/men/90.jpg","thumbnail":"https://randomuser.me/api/portraits/thumb/men/90.jpg"},"nat":"CH"}],"info":{"seed":"9037742cc7ee3ffe","results":1,"page":1,"version":"1.4"}} 
 </msg>
<msg time="2024-05-31T22:13:39.727511" level="INFO">/opt/hostedtoolcache/Python/3.12.3/x64/lib/python3.12/site-packages/urllib3/connectionpool.py:1103: InsecureRequestWarning: Unverified HTTPS request is being made to host 'randomuser.me'. Adding certificate verification is strongly advised. See: https://urllib3.readthedocs.io/en/latest/advanced-usage.html#tls-warnings
  warnings.warn(</msg>
<msg time="2024-05-31T22:13:39.727610" level="INFO">${response} = &lt;Response [200]&gt;</msg>
<var>${response}</var>
<arg>consultarAPI</arg>
<arg>/api</arg>
<doc>Sends a GET request on a previously created HTTP Session.</doc>
<status status="PASS" start="2024-05-31T22:13:39.666107" elapsed="0.061533"/>
</kw>
<kw name="Set Variable" owner="BuiltIn">
<msg time="2024-05-31T22:13:39.728617" level="INFO">${json_data} = {'results': [{'gender': 'male', 'name': {'title': 'Monsieur', 'first': 'Angelo', 'last': 'Lefevre'}, 'location': {'street': {'number': 1580, 'name': 'Esplanade du 9 Novembre 1989'}, 'city': 'Dotzigen'...</msg>
<var>${json_data}</var>
<arg>${response.json()}</arg>
<doc>Returns the given values which can then be assigned to a variables.</doc>
<status status="PASS" start="2024-05-31T22:13:39.728113" elapsed="0.000531"/>
</kw>
<kw name="Set Variable" owner="BuiltIn">
<msg time="2024-05-31T22:13:39.729330" level="INFO">${name_title} = Monsieur</msg>
<var>${name_title}</var>
<arg>${json_data["results"][0]["name"]["title"]}</arg>
<doc>Returns the given values which can then be assigned to a variables.</doc>
<status status="PASS" start="2024-05-31T22:13:39.728947" elapsed="0.000409"/>
</kw>
<kw name="Create List" owner="BuiltIn">
<msg time="2024-05-31T22:13:39.729808" level="INFO">${allowed_titles} = ['Mr', 'Ms', 'Miss', 'Mrs', 'Madame', 'Monsieur']</msg>
<var>${allowed_titles}</var>
<arg>Mr</arg>
<arg>Ms</arg>
<arg>Miss</arg>
<arg>Mrs</arg>
<arg>Madame</arg>
<arg>Monsieur</arg>
<doc>Returns a list containing given items.</doc>
<status status="PASS" start="2024-05-31T22:13:39.729659" elapsed="0.000174"/>
</kw>
<kw name="List Should Contain Value" owner="Collections">
<msg time="2024-05-31T22:13:39.730313" level="INFO">False</msg>
<arg>${allowed_titles}</arg>
<arg>${name_title}</arg>
<doc>Fails if the ``value`` is not found from ``list``.</doc>
<status status="PASS" start="2024-05-31T22:13:39.730137" elapsed="0.000212"/>
</kw>
<kw name="Set Variable" owner="BuiltIn">
<msg time="2024-05-31T22:13:39.731188" level="INFO">${name_country} = CH</msg>
<var>${name_country}</var>
<arg>${json_data["results"][0]["nat"]}</arg>
<doc>Returns the given values which can then be assigned to a variables.</doc>
<status status="PASS" start="2024-05-31T22:13:39.730642" elapsed="0.000573"/>
</kw>
<kw name="Create List" owner="BuiltIn">
<msg time="2024-05-31T22:13:39.732172" level="INFO">${list_country} = ['AD', 'AE', 'AF', 'AG', 'AI', 'AL', 'AM', 'AO', 'AQ', 'AR', 'AS', 'AT', 'AU', 'AW', 'AX', 'AZ', 'BA', 'BB', 'BD', 'BE', 'BF', 'BG', 'BH', 'BI', 'BJ', 'BL', 'BM', 'BN', 'BO', 'BQ', 'BR', 'BS', 'BT', '...</msg>
<var>${list_country}</var>
<arg>AD</arg>
<arg>AE</arg>
<arg>AF</arg>
<arg>AG</arg>
<arg>AI</arg>
<arg>AL</arg>
<arg>AM</arg>
<arg>AO</arg>
<arg>AQ</arg>
<arg>AR</arg>
<arg>AS</arg>
<arg>AT</arg>
<arg>AU</arg>
<arg>AW</arg>
<arg>AX</arg>
<arg>AZ</arg>
<arg>BA</arg>
<arg>BB</arg>
<arg>BD</arg>
<arg>BE</arg>
<arg>BF</arg>
<arg>BG</arg>
<arg>BH</arg>
<arg>BI</arg>
<arg>BJ</arg>
<arg>BL</arg>
<arg>BM</arg>
<arg>BN</arg>
<arg>BO</arg>
<arg>BQ</arg>
<arg>BR</arg>
<arg>BS</arg>
<arg>BT</arg>
<arg>BV</arg>
<arg>BW</arg>
<arg>BY</arg>
<arg>BZ</arg>
<arg>CA</arg>
<arg>CC</arg>
<arg>CD</arg>
<arg>CF</arg>
<arg>CG</arg>
<arg>CH</arg>
<arg>CI</arg>
<arg>CK</arg>
<arg>CL</arg>
<arg>CM</arg>
<arg>CN</arg>
<arg>CO</arg>
<arg>CR</arg>
<arg>CU</arg>
<arg>CV</arg>
<arg>CW</arg>
<arg>CX</arg>
<arg>CY</arg>
<arg>CZ</arg>
<arg>DE</arg>
<arg>DJ</arg>
<arg>DK</arg>
<arg>DM</arg>
<arg>DO</arg>
<arg>DZ</arg>
<arg>EC</arg>
<arg>EE</arg>
<arg>EG</arg>
<arg>EH</arg>
<arg>ER</arg>
<arg>ES</arg>
<arg>ET</arg>
<arg>FI</arg>
<arg>FJ</arg>
<arg>FK</arg>
<arg>FM</arg>
<arg>FO</arg>
<arg>FR</arg>
<arg>GA</arg>
<arg>GB</arg>
<arg>GD</arg>
<arg>GE</arg>
<arg>GF</arg>
<arg>GG</arg>
<arg>GH</arg>
<arg>GI</arg>
<arg>GL</arg>
<arg>GM</arg>
<arg>GN</arg>
<arg>GP</arg>
<arg>GQ</arg>
<arg>GR</arg>
<arg>GS</arg>
<arg>GT</arg>
<arg>GU</arg>
<arg>GW</arg>
<arg>GY</arg>
<arg>HK</arg>
<arg>HM</arg>
<arg>HN</arg>
<arg>HR</arg>
<arg>HT</arg>
<arg>HU</arg>
<arg>ID</arg>
<arg>IE</arg>
<arg>IL</arg>
<arg>IM</arg>
<arg>IN</arg>
<arg>IO</arg>
<arg>IQ</arg>
<arg>IR</arg>
<arg>IS</arg>
<arg>IT</arg>
<arg>JE</arg>
<arg>JM</arg>
<arg>JO</arg>
<arg>JP</arg>
<arg>KE</arg>
<arg>KG</arg>
<arg>KH</arg>
<arg>KI</arg>
<arg>KM</arg>
<arg>KN</arg>
<arg>KP</arg>
<arg>KR</arg>
<arg>KW</arg>
<arg>KY</arg>
<arg>KZ</arg>
<arg>LA</arg>
<arg>LB</arg>
<arg>LC</arg>
<arg>LI</arg>
<arg>LK</arg>
<arg>LR</arg>
<arg>LS</arg>
<arg>LT</arg>
<arg>LU</arg>
<arg>LV</arg>
<arg>LY</arg>
<arg>MA</arg>
<arg>MC</arg>
<arg>MD</arg>
<arg>ME</arg>
<arg>MF</arg>
<arg>MG</arg>
<arg>MH</arg>
<arg>MK</arg>
<arg>ML</arg>
<arg>MM</arg>
<arg>MN</arg>
<arg>MO</arg>
<arg>MP</arg>
<arg>MQ</arg>
<arg>MR</arg>
<arg>MS</arg>
<arg>MT</arg>
<arg>MU</arg>
<arg>MV</arg>
<arg>MW</arg>
<arg>MX</arg>
<arg>MY</arg>
<arg>MZ</arg>
<arg>NA</arg>
<arg>NC</arg>
<arg>NE</arg>
<arg>NF</arg>
<arg>NG</arg>
<arg>NI</arg>
<arg>NL</arg>
<arg>NO</arg>
<arg>NP</arg>
<arg>NR</arg>
<arg>NU</arg>
<arg>NZ</arg>
<arg>OM</arg>
<arg>PA</arg>
<arg>PE</arg>
<arg>PF</arg>
<arg>PG</arg>
<arg>PH</arg>
<arg>PK</arg>
<arg>PL</arg>
<arg>PM</arg>
<arg>PN</arg>
<arg>PR</arg>
<arg>PS</arg>
<arg>PT</arg>
<arg>PW</arg>
<arg>PY</arg>
<arg>QA</arg>
<arg>RE</arg>
<arg>RO</arg>
<arg>RS</arg>
<arg>RU</arg>
<arg>RW</arg>
<arg>SA</arg>
<arg>SB</arg>
<arg>SC</arg>
<arg>SD</arg>
<arg>SE</arg>
<arg>SG</arg>
<arg>SH</arg>
<arg>SI</arg>
<arg>SJ</arg>
<arg>SK</arg>
<arg>SL</arg>
<arg>SM</arg>
<arg>SN</arg>
<arg>SO</arg>
<arg>SR</arg>
<arg>SS</arg>
<arg>ST</arg>
<arg>SV</arg>
<arg>SX</arg>
<arg>SY</arg>
<arg>SZ</arg>
<arg>TC</arg>
<arg>TD</arg>
<arg>TF</arg>
<arg>TG</arg>
<arg>TH</arg>
<arg>TJ</arg>
<arg>TK</arg>
<arg>TL</arg>
<arg>TM</arg>
<arg>TN</arg>
<arg>TO</arg>
<arg>TR</arg>
<arg>TT</arg>
<arg>TV</arg>
<arg>TW</arg>
<arg>TZ</arg>
<arg>UA</arg>
<arg>UG</arg>
<arg>UM</arg>
<arg>US</arg>
<arg>UY</arg>
<arg>UZ</arg>
<arg>VA</arg>
<arg>VC</arg>
<arg>VE</arg>
<arg>VG</arg>
<arg>VI</arg>
<arg>VN</arg>
<arg>VU</arg>
<arg>WF</arg>
<arg>WS</arg>
<arg>XK</arg>
<arg>YE</arg>
<arg>YT</arg>
<arg>ZA</arg>
<arg>ZM</arg>
<arg>ZW</arg>
<doc>Returns a list containing given items.</doc>
<status status="PASS" start="2024-05-31T22:13:39.731576" elapsed="0.000621"/>
</kw>
<kw name="List Should Contain Value" owner="Collections">
<msg time="2024-05-31T22:13:39.733184" level="INFO">False</msg>
<arg>${list_country}</arg>
<arg>${name_country}</arg>
<doc>Fails if the ``value`` is not found from ``list``.</doc>
<status status="PASS" start="2024-05-31T22:13:39.732984" elapsed="0.000236"/>
</kw>
<kw name="Run Keyword If" owner="BuiltIn">
<kw name="Should Be True" owner="BuiltIn">
<arg>${True}</arg>
<doc>Fails if the given condition is not true.</doc>
<status status="PASS" start="2024-05-31T22:13:39.734300" elapsed="0.000142"/>
</kw>
<arg>${json_data["results"][0]["location"]["coordinates"]["latitude"]} &gt;= -90 and ${json_data["results"][0]["location"]["coordinates"]["latitude"]} &lt;= 90</arg>
<arg>Should Be True</arg>
<arg>${True}</arg>
<doc>Runs the given keyword with the given arguments, if ``condition`` is true.</doc>
<status status="PASS" start="2024-05-31T22:13:39.733540" elapsed="0.001028"/>
</kw>
<kw name="Run Keyword If" owner="BuiltIn">
<kw name="Should Be True" owner="BuiltIn">
<arg>${True}</arg>
<doc>Fails if the given condition is not true.</doc>
<status status="PASS" start="2024-05-31T22:13:39.735492" elapsed="0.000141"/>
</kw>
<arg>${json_data["results"][0]["location"]["coordinates"]["longitude"]} &gt;= -180 and ${json_data["results"][0]["location"]["coordinates"]["longitude"]} &lt;= 180</arg>
<arg>Should Be True</arg>
<arg>${True}</arg>
<doc>Runs the given keyword with the given arguments, if ``condition`` is true.</doc>
<status status="PASS" start="2024-05-31T22:13:39.734757" elapsed="0.001000"/>
</kw>
<status status="PASS" start="2024-05-31T22:13:39.665734" elapsed="0.070156"/>
</kw>
<doc>Testa o conteúdo específico dos campos retornados pela API.</doc>
<tag>testeConteudo</tag>
<status status="PASS" start="2024-05-31T22:13:39.665032" elapsed="0.071011"/>
</test>
<status status="PASS" start="2024-05-31T22:13:38.811370" elapsed="0.926628"/>
</suite>
<status status="PASS" start="2024-05-31T22:13:38.797523" elapsed="0.945620"/>
</suite>
<statistics>
<total>
<stat pass="5" fail="0" skip="0">All Tests</stat>
</total>
<tag>
<stat pass="1" fail="0" skip="0">testeConteudo</stat>
<stat pass="1" fail="0" skip="0">testeEstruturaResposta</stat>
<stat pass="1" fail="0" skip="0">testeRequisicaoBasica</stat>
<stat pass="1" fail="0" skip="0">testeTiposDados</stat>
</tag>
<suite>
<stat pass="5" fail="0" skip="0" id="s1" name="Tests">Tests</stat>
<stat pass="5" fail="0" skip="0" id="s1-s1" name="Random-User-Test">Tests.Random-User-Test</stat>
</suite>
</statistics>
<errors>
</errors>
</robot>
