<?xml version="1.0" encoding="UTF-8"?>
<robot generator="Robot 7.0 (Python 3.12.3 on linux)" generated="2024-04-27T18:16:05.898442" rpa="false" schemaversion="5">
<suite id="s1" name="Tests" source="/home/runner/work/DesafioQAItauRogerioJordao/DesafioQAItauRogerioJordao/RamdonUser/tests">
<suite id="s1-s1" name="Random-User-Test" source="/home/runner/work/DesafioQAItauRogerioJordao/DesafioQAItauRogerioJordao/RamdonUser/tests/random-user-test.robot">
<test id="s1-s1-t1" name="Conectar" line="13">
<kw name="Conectar API" owner="random-user-service">
<kw name="Create Session" owner="RequestsLibrary">
<msg time="2024-04-27T18:16:06.276106" level="INFO">Creating Session using : alias=consultarAPI, url=https://randomuser.me/, headers={},                     cookies={}, auth=None, timeout=None, proxies=None, verify=False,                     debug=0 </msg>
<arg>consultarAPI</arg>
<arg>${URL}</arg>
<doc>Create Session: create a HTTP session to a server</doc>
<status status="PASS" start="2024-04-27T18:16:06.275925" elapsed="0.000336"/>
</kw>
<status status="PASS" start="2024-04-27T18:16:06.275078" elapsed="0.001505"/>
</kw>
<status status="PASS" start="2024-04-27T18:16:06.274567" elapsed="0.002194"/>
</test>
<test id="s1-s1-t2" name="Validar retorno 200 e JSON Válido" line="16">
<kw name="Teste de Requisicao Basica" owner="random-user-service">
<kw name="GET On Session" owner="RequestsLibrary">
<msg time="2024-04-27T18:16:06.392624" level="INFO">GET Request : url=https://randomuser.me/api 
 path_url=/api 
 headers={'User-Agent': 'python-requests/2.31.0', 'Accept-Encoding': 'gzip, deflate', 'Accept': '*/*', 'Connection': 'keep-alive'} 
 body=None 
 </msg>
<msg time="2024-04-27T18:16:06.392726" level="INFO">GET Response : url=https://randomuser.me/api 
 status=200, reason=OK 
 headers={'Date': 'Sat, 27 Apr 2024 18:16:06 GMT', 'Content-Type': 'application/json; charset=utf-8', 'Transfer-Encoding': 'chunked', 'Connection': 'keep-alive', 'X-Powered-By': 'Express', 'Access-Control-Allow-Origin': '*', 'Cache-Control': 'no-cache', 'ETag': 'W/"48e-9/rZddatjMNgLU4D7V+llTRRmVE"', 'Vary': 'Accept-Encoding', 'Content-Encoding': 'gzip', 'CF-Cache-Status': 'DYNAMIC', 'Report-To': '{"endpoints":[{"url":"https:\\/\\/a.nel.cloudflare.com\\/report\\/v4?s=3FGQWzc18hSof8DKlSmFLhQdmbCOkCO%2FJme2Dn%2FSwDoykwBkMBLADLmunkk4FIeJUD5R%2B4wD7ECUmNwIw%2FFq7WcQOSqJARTt6OcKOVeK3U7ar1pzomOjfrekErnF4QZF"}],"group":"cf-nel","max_age":604800}', 'NEL': '{"success_fraction":0,"report_to":"cf-nel","max_age":604800}', 'Server': 'cloudflare', 'CF-RAY': '87b0cd3f6faefb50-SJC', 'alt-svc': 'h3=":443"; ma=86400'} 
 body={"results":[{"gender":"female","name":{"title":"Mrs","first":"Gül","last":"Kaplangı"},"location":{"street":{"number":945,"name":"Maçka Cd"},"city":"Gümüşhane","state":"Çorum","country":"Turkey","postcode":93058,"coordinates":{"latitude":"66.6732","longitude":"169.6968"},"timezone":{"offset":"+5:30","description":"Bombay, Calcutta, Madras, New Delhi"}},"email":"gul.kaplangi@example.com","login":{"uuid":"876b1b53-ec5f-4a0b-9e4c-7387e42b8003","username":"silverladybug311","password":"doughnut","salt":"Vv0PdRd6","md5":"fd40797124550674666b07c1fb1926f8","sha1":"94b1e930f3d84594065920f3d1c22fe250392f22","sha256":"24b6a3c51872f0c1dc2c853b69c40818e8f36f1bfd1c7cffa3dddcda1c16a358"},"dob":{"date":"1975-10-14T08:04:56.858Z","age":48},"registered":{"date":"2011-12-15T01:41:48.903Z","age":12},"phone":"(317)-500-1579","cell":"(382)-814-6788","id":{"name":"","value":null},"picture":{"large":"https://randomuser.me/api/portraits/women/86.jpg","medium":"https://randomuser.me/api/portraits/med/women/86.jpg","thumbnail":"https://randomuser.me/api/portraits/thumb/women/86.jpg"},"nat":"TR"}],"info":{"seed":"03fae4989c6aa506","results":1,"page":1,"version":"1.4"}} 
 </msg>
<msg time="2024-04-27T18:16:06.392796" level="INFO">/opt/hostedtoolcache/Python/3.12.3/x64/lib/python3.12/site-packages/urllib3/connectionpool.py:1103: InsecureRequestWarning: Unverified HTTPS request is being made to host 'randomuser.me'. Adding certificate verification is strongly advised. See: https://urllib3.readthedocs.io/en/latest/advanced-usage.html#tls-warnings
  warnings.warn(</msg>
<msg time="2024-04-27T18:16:06.392934" level="INFO">${response} = &lt;Response [200]&gt;</msg>
<var>${response}</var>
<arg>consultarAPI</arg>
<arg>/api</arg>
<doc>Sends a GET request on a previously created HTTP Session.</doc>
<status status="PASS" start="2024-04-27T18:16:06.279161" elapsed="0.113814"/>
</kw>
<kw name="Should Be Equal As Numbers" owner="BuiltIn">
<msg time="2024-04-27T18:16:06.393908" level="INFO">Argument types are:
&lt;class 'int'&gt;
&lt;class 'str'&gt;</msg>
<arg>${response.status_code}</arg>
<arg>200</arg>
<doc>Fails if objects are unequal after converting them to real numbers.</doc>
<status status="PASS" start="2024-04-27T18:16:06.393454" elapsed="0.000515"/>
</kw>
<kw name="Log" owner="BuiltIn">
<msg time="2024-04-27T18:16:06.394631" level="INFO">200</msg>
<arg>${response.status_code}</arg>
<doc>Logs the given message with the given level.</doc>
<status status="PASS" start="2024-04-27T18:16:06.394284" elapsed="0.000388"/>
</kw>
<kw name="Set Variable" owner="BuiltIn">
<msg time="2024-04-27T18:16:06.395410" level="INFO">${json_data} = {'results': [{'gender': 'female', 'name': {'title': 'Mrs', 'first': 'Gül', 'last': 'Kaplangı'}, 'location': {'street': {'number': 945, 'name': 'Maçka Cd'}, 'city': 'Gümüşhane', 'state': 'Çorum', 'coun...</msg>
<var>${json_data}</var>
<arg>${response.json()}</arg>
<doc>Returns the given values which can then be assigned to a variables.</doc>
<status status="PASS" start="2024-04-27T18:16:06.394971" elapsed="0.000469"/>
</kw>
<kw name="Dictionary Should Contain Key" owner="Collections">
<msg time="2024-04-27T18:16:06.395871" level="INFO">False</msg>
<arg>${json_data}</arg>
<arg>results</arg>
<doc>Fails if ``key`` is not found from ``dictionary``.</doc>
<status status="PASS" start="2024-04-27T18:16:06.395724" elapsed="0.000181"/>
</kw>
<status status="PASS" start="2024-04-27T18:16:06.278920" elapsed="0.117223"/>
</kw>
<doc>Testa se a API responde corretamente e retorna um objeto JSON válido.</doc>
<tag>testeRequisicaoBasica</tag>
<status status="PASS" start="2024-04-27T18:16:06.278478" elapsed="0.117817"/>
</test>
<test id="s1-s1-t3" name="Validar estrutura de resposta" line="22">
<kw name="Teste de Estrutura de Resposta" owner="random-user-service">
<kw name="GET On Session" owner="RequestsLibrary">
<msg time="2024-04-27T18:16:06.505094" level="INFO">GET Request : url=https://randomuser.me/api 
 path_url=/api 
 headers={'User-Agent': 'python-requests/2.31.0', 'Accept-Encoding': 'gzip, deflate', 'Accept': '*/*', 'Connection': 'keep-alive'} 
 body=None 
 </msg>
<msg time="2024-04-27T18:16:06.505183" level="INFO">GET Response : url=https://randomuser.me/api 
 status=200, reason=OK 
 headers={'Date': 'Sat, 27 Apr 2024 18:16:06 GMT', 'Content-Type': 'application/json; charset=utf-8', 'Transfer-Encoding': 'chunked', 'Connection': 'keep-alive', 'X-Powered-By': 'Express', 'Access-Control-Allow-Origin': '*', 'Cache-Control': 'no-cache', 'ETag': 'W/"471-8Ok7KfmSXlFy5VsgGnBx05+Xuyc"', 'Vary': 'Accept-Encoding', 'Content-Encoding': 'gzip', 'CF-Cache-Status': 'DYNAMIC', 'Report-To': '{"endpoints":[{"url":"https:\\/\\/a.nel.cloudflare.com\\/report\\/v4?s=jr0ho3DMmSBxGYUKSu9Vva4Urn82ILqw3aFxUrLoGka6dJyD6wGIPPL5ewoIdUL6FfUF6t87TJbrwOvY0hu6RMKheP0%2FiAV85bwlj8PN2Q5GjzltnvnxSUV3wJVyW%2F0k"}],"group":"cf-nel","max_age":604800}', 'NEL': '{"success_fraction":0,"report_to":"cf-nel","max_age":604800}', 'Server': 'cloudflare', 'CF-RAY': '87b0cd40082dfb50-SJC', 'alt-svc': 'h3=":443"; ma=86400'} 
 body={"results":[{"gender":"female","name":{"title":"Mrs","first":"Tijana","last":"Bajević"},"location":{"street":{"number":413,"name":"Banovdolska"},"city":"Arilje","state":"Zaječar","country":"Serbia","postcode":78119,"coordinates":{"latitude":"63.1390","longitude":"106.8595"},"timezone":{"offset":"+4:30","description":"Kabul"}},"email":"tijana.bajevic@example.com","login":{"uuid":"e05a000f-c405-428a-8bb5-e12a67a624d9","username":"goldentiger186","password":"raven","salt":"qaulHPrS","md5":"ca722c3dbac4b7a8150dd84780105b8d","sha1":"a6aabaac5a3f6490d46116a4b549bd2d51936112","sha256":"3c23956b8c14b9de20e4a294254686eb49a22a4255c9bee21d457526f6e2c193"},"dob":{"date":"1955-04-05T13:12:54.513Z","age":69},"registered":{"date":"2015-10-12T13:52:17.407Z","age":8},"phone":"026-4128-550","cell":"061-3243-247","id":{"name":"SID","value":"657274195"},"picture":{"large":"https://randomuser.me/api/portraits/women/38.jpg","medium":"https://randomuser.me/api/portraits/med/women/38.jpg","thumbnail":"https://randomuser.me/api/portraits/thumb/women/38.jpg"},"nat":"RS"}],"info":{"seed":"5ba32a8065905c58","results":1,"page":1,"version":"1.4"}} 
 </msg>
<msg time="2024-04-27T18:16:06.505311" level="INFO">/opt/hostedtoolcache/Python/3.12.3/x64/lib/python3.12/site-packages/urllib3/connectionpool.py:1103: InsecureRequestWarning: Unverified HTTPS request is being made to host 'randomuser.me'. Adding certificate verification is strongly advised. See: https://urllib3.readthedocs.io/en/latest/advanced-usage.html#tls-warnings
  warnings.warn(</msg>
<msg time="2024-04-27T18:16:06.505441" level="INFO">${response} = &lt;Response [200]&gt;</msg>
<var>${response}</var>
<arg>consultarAPI</arg>
<arg>/api</arg>
<doc>Sends a GET request on a previously created HTTP Session.</doc>
<status status="PASS" start="2024-04-27T18:16:06.398715" elapsed="0.106775"/>
</kw>
<kw name="Set Variable" owner="BuiltIn">
<msg time="2024-04-27T18:16:06.506320" level="INFO">${json_data} = {'results': [{'gender': 'female', 'name': {'title': 'Mrs', 'first': 'Tijana', 'last': 'Bajević'}, 'location': {'street': {'number': 413, 'name': 'Banovdolska'}, 'city': 'Arilje', 'state': 'Zaječar', '...</msg>
<var>${json_data}</var>
<arg>${response.json()}</arg>
<doc>Returns the given values which can then be assigned to a variables.</doc>
<status status="PASS" start="2024-04-27T18:16:06.505900" elapsed="0.000447"/>
</kw>
<kw name="Log" owner="BuiltIn">
<msg time="2024-04-27T18:16:06.506776" level="INFO">{'results': [{'gender': 'female', 'name': {'title': 'Mrs', 'first': 'Tijana', 'last': 'Bajević'}, 'location': {'street': {'number': 413, 'name': 'Banovdolska'}, 'city': 'Arilje', 'state': 'Zaječar', 'country': 'Serbia', 'postcode': 78119, 'coordinates': {'latitude': '63.1390', 'longitude': '106.8595'}, 'timezone': {'offset': '+4:30', 'description': 'Kabul'}}, 'email': 'tijana.bajevic@example.com', 'login': {'uuid': 'e05a000f-c405-428a-8bb5-e12a67a624d9', 'username': 'goldentiger186', 'password': 'raven', 'salt': 'qaulHPrS', 'md5': 'ca722c3dbac4b7a8150dd84780105b8d', 'sha1': 'a6aabaac5a3f6490d46116a4b549bd2d51936112', 'sha256': '3c23956b8c14b9de20e4a294254686eb49a22a4255c9bee21d457526f6e2c193'}, 'dob': {'date': '1955-04-05T13:12:54.513Z', 'age': 69}, 'registered': {'date': '2015-10-12T13:52:17.407Z', 'age': 8}, 'phone': '026-4128-550', 'cell': '061-3243-247', 'id': {'name': 'SID', 'value': '657274195'}, 'picture': {'large': 'https://randomuser.me/api/portraits/women/38.jpg', 'medium': 'https://randomuser.me/api/portraits/med/women/38.jpg', 'thumbnail': 'https://randomuser.me/api/portraits/thumb/women/38.jpg'}, 'nat': 'RS'}], 'info': {'seed': '5ba32a8065905c58', 'results': 1, 'page': 1, 'version': '1.4'}}</msg>
<arg>${json_data}</arg>
<doc>Logs the given message with the given level.</doc>
<status status="PASS" start="2024-04-27T18:16:06.506628" elapsed="0.000194"/>
</kw>
<kw name="Dictionary Should Contain Key" owner="Collections">
<msg time="2024-04-27T18:16:06.507237" level="INFO">False</msg>
<arg>${json_data}</arg>
<arg>results</arg>
<doc>Fails if ``key`` is not found from ``dictionary``.</doc>
<status status="PASS" start="2024-04-27T18:16:06.507097" elapsed="0.000173"/>
</kw>
<kw name="Should Not Be Empty" owner="BuiltIn">
<msg time="2024-04-27T18:16:06.507663" level="INFO">Length is 2.</msg>
<arg>${json_data}</arg>
<doc>Verifies that the given item is not empty.</doc>
<status status="PASS" start="2024-04-27T18:16:06.507538" elapsed="0.000159"/>
</kw>
<kw name="Create List" owner="BuiltIn">
<msg time="2024-04-27T18:16:06.508208" level="INFO">${expected_keys} = ['gender', 'name', 'location', 'email', 'login']</msg>
<var>${expected_keys}</var>
<arg>gender</arg>
<arg>name</arg>
<arg>location</arg>
<arg>email</arg>
<arg>login</arg>
<doc>Returns a list containing given items.</doc>
<status status="PASS" start="2024-04-27T18:16:06.507961" elapsed="0.000269"/>
</kw>
<for flavor="IN">
<iter>
<kw name="Dictionary Should Contain Key" owner="Collections">
<msg time="2024-04-27T18:16:06.509170" level="INFO">False</msg>
<arg>${json_data['results'][0]}</arg>
<arg>${key}</arg>
<doc>Fails if ``key`` is not found from ``dictionary``.</doc>
<status status="PASS" start="2024-04-27T18:16:06.508759" elapsed="0.000448"/>
</kw>
<kw name="Log" owner="BuiltIn">
<msg time="2024-04-27T18:16:06.509825" level="INFO">{'gender': 'female', 'name': {'title': 'Mrs', 'first': 'Tijana', 'last': 'Bajević'}, 'location': {'street': {'number': 413, 'name': 'Banovdolska'}, 'city': 'Arilje', 'state': 'Zaječar', 'country': 'Serbia', 'postcode': 78119, 'coordinates': {'latitude': '63.1390', 'longitude': '106.8595'}, 'timezone': {'offset': '+4:30', 'description': 'Kabul'}}, 'email': 'tijana.bajevic@example.com', 'login': {'uuid': 'e05a000f-c405-428a-8bb5-e12a67a624d9', 'username': 'goldentiger186', 'password': 'raven', 'salt': 'qaulHPrS', 'md5': 'ca722c3dbac4b7a8150dd84780105b8d', 'sha1': 'a6aabaac5a3f6490d46116a4b549bd2d51936112', 'sha256': '3c23956b8c14b9de20e4a294254686eb49a22a4255c9bee21d457526f6e2c193'}, 'dob': {'date': '1955-04-05T13:12:54.513Z', 'age': 69}, 'registered': {'date': '2015-10-12T13:52:17.407Z', 'age': 8}, 'phone': '026-4128-550', 'cell': '061-3243-247', 'id': {'name': 'SID', 'value': '657274195'}, 'picture': {'large': 'https://randomuser.me/api/portraits/women/38.jpg', 'medium': 'https://randomuser.me/api/portraits/med/women/38.jpg', 'thumbnail': 'https://randomuser.me/api/portraits/thumb/women/38.jpg'}, 'nat': 'RS'}</msg>
<arg>${json_data['results'][0]}</arg>
<doc>Logs the given message with the given level.</doc>
<status status="PASS" start="2024-04-27T18:16:06.509486" elapsed="0.000385"/>
</kw>
<kw name="Log" owner="BuiltIn">
<msg time="2024-04-27T18:16:06.510262" level="INFO">gender</msg>
<arg>${key}</arg>
<doc>Logs the given message with the given level.</doc>
<status status="PASS" start="2024-04-27T18:16:06.510145" elapsed="0.000150"/>
</kw>
<var name="${key}">gender</var>
<status status="PASS" start="2024-04-27T18:16:06.508643" elapsed="0.001853"/>
</iter>
<iter>
<kw name="Dictionary Should Contain Key" owner="Collections">
<msg time="2024-04-27T18:16:06.511124" level="INFO">False</msg>
<arg>${json_data['results'][0]}</arg>
<arg>${key}</arg>
<doc>Fails if ``key`` is not found from ``dictionary``.</doc>
<status status="PASS" start="2024-04-27T18:16:06.510773" elapsed="0.000384"/>
</kw>
<kw name="Log" owner="BuiltIn">
<msg time="2024-04-27T18:16:06.511797" level="INFO">{'gender': 'female', 'name': {'title': 'Mrs', 'first': 'Tijana', 'last': 'Bajević'}, 'location': {'street': {'number': 413, 'name': 'Banovdolska'}, 'city': 'Arilje', 'state': 'Zaječar', 'country': 'Serbia', 'postcode': 78119, 'coordinates': {'latitude': '63.1390', 'longitude': '106.8595'}, 'timezone': {'offset': '+4:30', 'description': 'Kabul'}}, 'email': 'tijana.bajevic@example.com', 'login': {'uuid': 'e05a000f-c405-428a-8bb5-e12a67a624d9', 'username': 'goldentiger186', 'password': 'raven', 'salt': 'qaulHPrS', 'md5': 'ca722c3dbac4b7a8150dd84780105b8d', 'sha1': 'a6aabaac5a3f6490d46116a4b549bd2d51936112', 'sha256': '3c23956b8c14b9de20e4a294254686eb49a22a4255c9bee21d457526f6e2c193'}, 'dob': {'date': '1955-04-05T13:12:54.513Z', 'age': 69}, 'registered': {'date': '2015-10-12T13:52:17.407Z', 'age': 8}, 'phone': '026-4128-550', 'cell': '061-3243-247', 'id': {'name': 'SID', 'value': '657274195'}, 'picture': {'large': 'https://randomuser.me/api/portraits/women/38.jpg', 'medium': 'https://randomuser.me/api/portraits/med/women/38.jpg', 'thumbnail': 'https://randomuser.me/api/portraits/thumb/women/38.jpg'}, 'nat': 'RS'}</msg>
<arg>${json_data['results'][0]}</arg>
<doc>Logs the given message with the given level.</doc>
<status status="PASS" start="2024-04-27T18:16:06.511450" elapsed="0.000395"/>
</kw>
<kw name="Log" owner="BuiltIn">
<msg time="2024-04-27T18:16:06.512265" level="INFO">name</msg>
<arg>${key}</arg>
<doc>Logs the given message with the given level.</doc>
<status status="PASS" start="2024-04-27T18:16:06.512139" elapsed="0.000161"/>
</kw>
<var name="${key}">name</var>
<status status="PASS" start="2024-04-27T18:16:06.510666" elapsed="0.001847"/>
</iter>
<iter>
<kw name="Dictionary Should Contain Key" owner="Collections">
<msg time="2024-04-27T18:16:06.513214" level="INFO">False</msg>
<arg>${json_data['results'][0]}</arg>
<arg>${key}</arg>
<doc>Fails if ``key`` is not found from ``dictionary``.</doc>
<status status="PASS" start="2024-04-27T18:16:06.512800" elapsed="0.000451"/>
</kw>
<kw name="Log" owner="BuiltIn">
<msg time="2024-04-27T18:16:06.513896" level="INFO">{'gender': 'female', 'name': {'title': 'Mrs', 'first': 'Tijana', 'last': 'Bajević'}, 'location': {'street': {'number': 413, 'name': 'Banovdolska'}, 'city': 'Arilje', 'state': 'Zaječar', 'country': 'Serbia', 'postcode': 78119, 'coordinates': {'latitude': '63.1390', 'longitude': '106.8595'}, 'timezone': {'offset': '+4:30', 'description': 'Kabul'}}, 'email': 'tijana.bajevic@example.com', 'login': {'uuid': 'e05a000f-c405-428a-8bb5-e12a67a624d9', 'username': 'goldentiger186', 'password': 'raven', 'salt': 'qaulHPrS', 'md5': 'ca722c3dbac4b7a8150dd84780105b8d', 'sha1': 'a6aabaac5a3f6490d46116a4b549bd2d51936112', 'sha256': '3c23956b8c14b9de20e4a294254686eb49a22a4255c9bee21d457526f6e2c193'}, 'dob': {'date': '1955-04-05T13:12:54.513Z', 'age': 69}, 'registered': {'date': '2015-10-12T13:52:17.407Z', 'age': 8}, 'phone': '026-4128-550', 'cell': '061-3243-247', 'id': {'name': 'SID', 'value': '657274195'}, 'picture': {'large': 'https://randomuser.me/api/portraits/women/38.jpg', 'medium': 'https://randomuser.me/api/portraits/med/women/38.jpg', 'thumbnail': 'https://randomuser.me/api/portraits/thumb/women/38.jpg'}, 'nat': 'RS'}</msg>
<arg>${json_data['results'][0]}</arg>
<doc>Logs the given message with the given level.</doc>
<status status="PASS" start="2024-04-27T18:16:06.513549" elapsed="0.000393"/>
</kw>
<kw name="Log" owner="BuiltIn">
<msg time="2024-04-27T18:16:06.514345" level="INFO">location</msg>
<arg>${key}</arg>
<doc>Logs the given message with the given level.</doc>
<status status="PASS" start="2024-04-27T18:16:06.514220" elapsed="0.000162"/>
</kw>
<var name="${key}">location</var>
<status status="PASS" start="2024-04-27T18:16:06.512689" elapsed="0.001906"/>
</iter>
<iter>
<kw name="Dictionary Should Contain Key" owner="Collections">
<msg time="2024-04-27T18:16:06.515256" level="INFO">False</msg>
<arg>${json_data['results'][0]}</arg>
<arg>${key}</arg>
<doc>Fails if ``key`` is not found from ``dictionary``.</doc>
<status status="PASS" start="2024-04-27T18:16:06.514879" elapsed="0.000413"/>
</kw>
<kw name="Log" owner="BuiltIn">
<msg time="2024-04-27T18:16:06.515951" level="INFO">{'gender': 'female', 'name': {'title': 'Mrs', 'first': 'Tijana', 'last': 'Bajević'}, 'location': {'street': {'number': 413, 'name': 'Banovdolska'}, 'city': 'Arilje', 'state': 'Zaječar', 'country': 'Serbia', 'postcode': 78119, 'coordinates': {'latitude': '63.1390', 'longitude': '106.8595'}, 'timezone': {'offset': '+4:30', 'description': 'Kabul'}}, 'email': 'tijana.bajevic@example.com', 'login': {'uuid': 'e05a000f-c405-428a-8bb5-e12a67a624d9', 'username': 'goldentiger186', 'password': 'raven', 'salt': 'qaulHPrS', 'md5': 'ca722c3dbac4b7a8150dd84780105b8d', 'sha1': 'a6aabaac5a3f6490d46116a4b549bd2d51936112', 'sha256': '3c23956b8c14b9de20e4a294254686eb49a22a4255c9bee21d457526f6e2c193'}, 'dob': {'date': '1955-04-05T13:12:54.513Z', 'age': 69}, 'registered': {'date': '2015-10-12T13:52:17.407Z', 'age': 8}, 'phone': '026-4128-550', 'cell': '061-3243-247', 'id': {'name': 'SID', 'value': '657274195'}, 'picture': {'large': 'https://randomuser.me/api/portraits/women/38.jpg', 'medium': 'https://randomuser.me/api/portraits/med/women/38.jpg', 'thumbnail': 'https://randomuser.me/api/portraits/thumb/women/38.jpg'}, 'nat': 'RS'}</msg>
<arg>${json_data['results'][0]}</arg>
<doc>Logs the given message with the given level.</doc>
<status status="PASS" start="2024-04-27T18:16:06.515587" elapsed="0.000412"/>
</kw>
<kw name="Log" owner="BuiltIn">
<msg time="2024-04-27T18:16:06.516415" level="INFO">email</msg>
<arg>${key}</arg>
<doc>Logs the given message with the given level.</doc>
<status status="PASS" start="2024-04-27T18:16:06.516291" elapsed="0.000160"/>
</kw>
<var name="${key}">email</var>
<status status="PASS" start="2024-04-27T18:16:06.514769" elapsed="0.001898"/>
</iter>
<iter>
<kw name="Dictionary Should Contain Key" owner="Collections">
<msg time="2024-04-27T18:16:06.517374" level="INFO">False</msg>
<arg>${json_data['results'][0]}</arg>
<arg>${key}</arg>
<doc>Fails if ``key`` is not found from ``dictionary``.</doc>
<status status="PASS" start="2024-04-27T18:16:06.516986" elapsed="0.000423"/>
</kw>
<kw name="Log" owner="BuiltIn">
<msg time="2024-04-27T18:16:06.518134" level="INFO">{'gender': 'female', 'name': {'title': 'Mrs', 'first': 'Tijana', 'last': 'Bajević'}, 'location': {'street': {'number': 413, 'name': 'Banovdolska'}, 'city': 'Arilje', 'state': 'Zaječar', 'country': 'Serbia', 'postcode': 78119, 'coordinates': {'latitude': '63.1390', 'longitude': '106.8595'}, 'timezone': {'offset': '+4:30', 'description': 'Kabul'}}, 'email': 'tijana.bajevic@example.com', 'login': {'uuid': 'e05a000f-c405-428a-8bb5-e12a67a624d9', 'username': 'goldentiger186', 'password': 'raven', 'salt': 'qaulHPrS', 'md5': 'ca722c3dbac4b7a8150dd84780105b8d', 'sha1': 'a6aabaac5a3f6490d46116a4b549bd2d51936112', 'sha256': '3c23956b8c14b9de20e4a294254686eb49a22a4255c9bee21d457526f6e2c193'}, 'dob': {'date': '1955-04-05T13:12:54.513Z', 'age': 69}, 'registered': {'date': '2015-10-12T13:52:17.407Z', 'age': 8}, 'phone': '026-4128-550', 'cell': '061-3243-247', 'id': {'name': 'SID', 'value': '657274195'}, 'picture': {'large': 'https://randomuser.me/api/portraits/women/38.jpg', 'medium': 'https://randomuser.me/api/portraits/med/women/38.jpg', 'thumbnail': 'https://randomuser.me/api/portraits/thumb/women/38.jpg'}, 'nat': 'RS'}</msg>
<arg>${json_data['results'][0]}</arg>
<doc>Logs the given message with the given level.</doc>
<status status="PASS" start="2024-04-27T18:16:06.517740" elapsed="0.000450"/>
</kw>
<kw name="Log" owner="BuiltIn">
<msg time="2024-04-27T18:16:06.518631" level="INFO">login</msg>
<arg>${key}</arg>
<doc>Logs the given message with the given level.</doc>
<status status="PASS" start="2024-04-27T18:16:06.518512" elapsed="0.000153"/>
</kw>
<var name="${key}">login</var>
<status status="PASS" start="2024-04-27T18:16:06.516854" elapsed="0.002011"/>
</iter>
<var>${key}</var>
<value>@{expected_keys}</value>
<status status="PASS" start="2024-04-27T18:16:06.508471" elapsed="0.010504"/>
</for>
<kw name="Create List" owner="BuiltIn">
<msg time="2024-04-27T18:16:06.519307" level="INFO">${expected_keysTwo} = ['username', 'password']</msg>
<var>${expected_keysTwo}</var>
<arg>username</arg>
<arg>password</arg>
<doc>Returns a list containing given items.</doc>
<status status="PASS" start="2024-04-27T18:16:06.519181" elapsed="0.000148"/>
</kw>
<for flavor="IN">
<iter>
<kw name="Dictionary Should Contain Key" owner="Collections">
<msg time="2024-04-27T18:16:06.520134" level="INFO">False</msg>
<arg>${json_data['results'][0]['login']}</arg>
<arg>${keyTwo}</arg>
<doc>Fails if ``key`` is not found from ``dictionary``.</doc>
<status status="PASS" start="2024-04-27T18:16:06.519784" elapsed="0.000383"/>
</kw>
<kw name="Dictionary Should Contain Key" owner="Collections">
<msg time="2024-04-27T18:16:06.520794" level="INFO">False</msg>
<arg>${json_data['results'][0]['login']}</arg>
<arg>${keyTwo}</arg>
<doc>Fails if ``key`` is not found from ``dictionary``.</doc>
<status status="PASS" start="2024-04-27T18:16:06.520435" elapsed="0.000392"/>
</kw>
<kw name="Log" owner="BuiltIn">
<msg time="2024-04-27T18:16:06.521234" level="INFO">username</msg>
<arg>${keyTwo}</arg>
<doc>Logs the given message with the given level.</doc>
<status status="PASS" start="2024-04-27T18:16:06.521116" elapsed="0.000156"/>
</kw>
<var name="${keyTwo}">username</var>
<status status="PASS" start="2024-04-27T18:16:06.519683" elapsed="0.001785"/>
</iter>
<iter>
<kw name="Dictionary Should Contain Key" owner="Collections">
<msg time="2024-04-27T18:16:06.522085" level="INFO">False</msg>
<arg>${json_data['results'][0]['login']}</arg>
<arg>${keyTwo}</arg>
<doc>Fails if ``key`` is not found from ``dictionary``.</doc>
<status status="PASS" start="2024-04-27T18:16:06.521727" elapsed="0.000395"/>
</kw>
<kw name="Dictionary Should Contain Key" owner="Collections">
<msg time="2024-04-27T18:16:06.522811" level="INFO">False</msg>
<arg>${json_data['results'][0]['login']}</arg>
<arg>${keyTwo}</arg>
<doc>Fails if ``key`` is not found from ``dictionary``.</doc>
<status status="PASS" start="2024-04-27T18:16:06.522391" elapsed="0.000455"/>
</kw>
<kw name="Log" owner="BuiltIn">
<msg time="2024-04-27T18:16:06.523235" level="INFO">password</msg>
<arg>${keyTwo}</arg>
<doc>Logs the given message with the given level.</doc>
<status status="PASS" start="2024-04-27T18:16:06.523120" elapsed="0.000149"/>
</kw>
<var name="${keyTwo}">password</var>
<status status="PASS" start="2024-04-27T18:16:06.521624" elapsed="0.001843"/>
</iter>
<var>${keyTwo}</var>
<value>@{expected_keysTwo}</value>
<status status="PASS" start="2024-04-27T18:16:06.519545" elapsed="0.004032"/>
</for>
<status status="PASS" start="2024-04-27T18:16:06.398504" elapsed="0.125199"/>
</kw>
<doc>Testa a estrutura da resposta da API.</doc>
<tag>testeEstruturaResposta</tag>
<status status="PASS" start="2024-04-27T18:16:06.398044" elapsed="0.125793"/>
</test>
<test id="s1-s1-t4" name="Validar tipos de dados" line="28">
<kw name="Teste de Tipos de Dados" owner="random-user-service">
<kw name="GET On Session" owner="RequestsLibrary">
<msg time="2024-04-27T18:16:06.613373" level="INFO">GET Request : url=https://randomuser.me/api 
 path_url=/api 
 headers={'User-Agent': 'python-requests/2.31.0', 'Accept-Encoding': 'gzip, deflate', 'Accept': '*/*', 'Connection': 'keep-alive'} 
 body=None 
 </msg>
<msg time="2024-04-27T18:16:06.613459" level="INFO">GET Response : url=https://randomuser.me/api 
 status=200, reason=OK 
 headers={'Date': 'Sat, 27 Apr 2024 18:16:06 GMT', 'Content-Type': 'application/json; charset=utf-8', 'Transfer-Encoding': 'chunked', 'Connection': 'keep-alive', 'X-Powered-By': 'Express', 'Access-Control-Allow-Origin': '*', 'Cache-Control': 'no-cache', 'ETag': 'W/"478-9dvzV8CEDx7L8cXp85V49AqXCAg"', 'Vary': 'Accept-Encoding', 'Content-Encoding': 'gzip', 'CF-Cache-Status': 'DYNAMIC', 'Report-To': '{"endpoints":[{"url":"https:\\/\\/a.nel.cloudflare.com\\/report\\/v4?s=BU%2Fdub3vONi%2BbXK5Sn7nBCiZEG6Mmw3ZKMXVJVsPS9xxU0oJ3o41Leou%2B6yNbGmeh5iSKgT%2FmEZ7a9gg%2Ft7%2F65tRbczoi2yP5LTt%2FtQK7Hwt0ej7Nc8Gt8SpBcXiv4Q2"}],"group":"cf-nel","max_age":604800}', 'NEL': '{"success_fraction":0,"report_to":"cf-nel","max_age":604800}', 'Server': 'cloudflare', 'CF-RAY': '87b0cd40c8b4fb50-SJC', 'alt-svc': 'h3=":443"; ma=86400'} 
 body={"results":[{"gender":"female","name":{"title":"Miss","first":"محیا","last":"رضاییان"},"location":{"street":{"number":3272,"name":"امام خمینی"},"city":"قدس","state":"اصفهان","country":"Iran","postcode":29155,"coordinates":{"latitude":"21.1764","longitude":"10.5716"},"timezone":{"offset":"+5:45","description":"Kathmandu"}},"email":"mhy.rdyyn@example.com","login":{"uuid":"931b51a1-3a28-44bd-ab08-106de90a6a35","username":"orangebird147","password":"1004","salt":"PjIrQYAS","md5":"dc1a9bb624d42095be0e574412b3593e","sha1":"2914c1658fe2c3a3413e486cddd9abc928fc999c","sha256":"264ac91622ab46dee9bd579b3fd3470a1d5de25aef82233486853c4b7a193771"},"dob":{"date":"1968-01-10T07:56:11.444Z","age":56},"registered":{"date":"2018-09-22T07:01:10.458Z","age":5},"phone":"050-64623764","cell":"0924-221-1566","id":{"name":"","value":null},"picture":{"large":"https://randomuser.me/api/portraits/women/86.jpg","medium":"https://randomuser.me/api/portraits/med/women/86.jpg","thumbnail":"https://randomuser.me/api/portraits/thumb/women/86.jpg"},"nat":"IR"}],"info":{"seed":"c28f98dab1334c23","results":1,"page":1,"version":"1.4"}} 
 </msg>
<msg time="2024-04-27T18:16:06.613535" level="INFO">/opt/hostedtoolcache/Python/3.12.3/x64/lib/python3.12/site-packages/urllib3/connectionpool.py:1103: InsecureRequestWarning: Unverified HTTPS request is being made to host 'randomuser.me'. Adding certificate verification is strongly advised. See: https://urllib3.readthedocs.io/en/latest/advanced-usage.html#tls-warnings
  warnings.warn(</msg>
<msg time="2024-04-27T18:16:06.613650" level="INFO">${response} = &lt;Response [200]&gt;</msg>
<var>${response}</var>
<arg>consultarAPI</arg>
<arg>/api</arg>
<doc>Sends a GET request on a previously created HTTP Session.</doc>
<status status="PASS" start="2024-04-27T18:16:06.526188" elapsed="0.087499"/>
</kw>
<kw name="Set Variable" owner="BuiltIn">
<msg time="2024-04-27T18:16:06.614692" level="INFO">${json_data} = {'results': [{'gender': 'female', 'name': {'title': 'Miss', 'first': 'محیا', 'last': 'رضاییان'}, 'location': {'street': {'number': 3272, 'name': 'امام خمینی'}, 'city': 'قدس', 'state': 'اصفهان', 'count...</msg>
<var>${json_data}</var>
<arg>${response.json()}</arg>
<doc>Returns the given values which can then be assigned to a variables.</doc>
<status status="PASS" start="2024-04-27T18:16:06.614256" elapsed="0.000464"/>
</kw>
<kw name="Log" owner="BuiltIn">
<msg time="2024-04-27T18:16:06.615180" level="INFO">{'results': [{'gender': 'female', 'name': {'title': 'Miss', 'first': 'محیا', 'last': 'رضاییان'}, 'location': {'street': {'number': 3272, 'name': 'امام خمینی'}, 'city': 'قدس', 'state': 'اصفهان', 'country': 'Iran', 'postcode': 29155, 'coordinates': {'latitude': '21.1764', 'longitude': '10.5716'}, 'timezone': {'offset': '+5:45', 'description': 'Kathmandu'}}, 'email': 'mhy.rdyyn@example.com', 'login': {'uuid': '931b51a1-3a28-44bd-ab08-106de90a6a35', 'username': 'orangebird147', 'password': '1004', 'salt': 'PjIrQYAS', 'md5': 'dc1a9bb624d42095be0e574412b3593e', 'sha1': '2914c1658fe2c3a3413e486cddd9abc928fc999c', 'sha256': '264ac91622ab46dee9bd579b3fd3470a1d5de25aef82233486853c4b7a193771'}, 'dob': {'date': '1968-01-10T07:56:11.444Z', 'age': 56}, 'registered': {'date': '2018-09-22T07:01:10.458Z', 'age': 5}, 'phone': '050-64623764', 'cell': '0924-221-1566', 'id': {'name': '', 'value': None}, 'picture': {'large': 'https://randomuser.me/api/portraits/women/86.jpg', 'medium': 'https://randomuser.me/api/portraits/med/women/86.jpg', 'thumbnail': 'https://randomuser.me/api/portraits/thumb/women/86.jpg'}, 'nat': 'IR'}], 'info': {'seed': 'c28f98dab1334c23', 'results': 1, 'page': 1, 'version': '1.4'}}</msg>
<arg>${json_data}</arg>
<doc>Logs the given message with the given level.</doc>
<status status="PASS" start="2024-04-27T18:16:06.615023" elapsed="0.000207"/>
</kw>
<kw name="Should Be String" owner="String">
<arg>${json_data['results'][0]['gender']}</arg>
<doc>Fails if the given ``item`` is not a string.</doc>
<status status="PASS" start="2024-04-27T18:16:06.615556" elapsed="0.000372"/>
</kw>
<kw name="Should Match Regexp" owner="BuiltIn">
<arg>${json_data['results'][0]['email']}</arg>
<arg>^[a-zA-Z0-9._%+-]+@[a-zA-Z0-9.-]+\.[a-zA-Z]{2,}$</arg>
<doc>Fails if ``string`` does not match ``pattern`` as a regular expression.</doc>
<status status="PASS" start="2024-04-27T18:16:06.616121" elapsed="0.000506"/>
</kw>
<kw name="Should Match Regexp" owner="BuiltIn">
<arg>${json_data['results'][0]['dob']['date']}</arg>
<arg>\\d{4}-\\d{2}-\\d{2}T\\d{2}:\\d{2}:\\d{2}\\.\\d{3}Z</arg>
<doc>Fails if ``string`` does not match ``pattern`` as a regular expression.</doc>
<status status="PASS" start="2024-04-27T18:16:06.616835" elapsed="0.000483"/>
</kw>
<kw name="Should Match Regexp" owner="BuiltIn">
<arg>${json_data['results'][0]['registered']['date']}</arg>
<arg>\\d{4}-\\d{2}-\\d{2}T\\d{2}:\\d{2}:\\d{2}\\.\\d{3}Z</arg>
<doc>Fails if ``string`` does not match ``pattern`` as a regular expression.</doc>
<status status="PASS" start="2024-04-27T18:16:06.617496" elapsed="0.000339"/>
</kw>
<kw name="Should Match Regexp" owner="BuiltIn">
<arg>${json_data['results'][0]['picture']['large']}</arg>
<arg>^https?://.*\.(?:png|jpe?g|gif|bmp)$</arg>
<doc>Fails if ``string`` does not match ``pattern`` as a regular expression.</doc>
<status status="PASS" start="2024-04-27T18:16:06.618009" elapsed="0.000422"/>
</kw>
<kw name="Should Match Regexp" owner="BuiltIn">
<arg>${json_data['results'][0]['picture']['medium']}</arg>
<arg>^https?://.*\.(?:png|jpe?g|gif|bmp)$</arg>
<doc>Fails if ``string`` does not match ``pattern`` as a regular expression.</doc>
<status status="PASS" start="2024-04-27T18:16:06.618618" elapsed="0.000332"/>
</kw>
<kw name="Should Match Regexp" owner="BuiltIn">
<arg>${json_data['results'][0]['picture']['thumbnail']}</arg>
<arg>^https?://.*\.(?:png|jpe?g|gif|bmp)$</arg>
<doc>Fails if ``string`` does not match ``pattern`` as a regular expression.</doc>
<status status="PASS" start="2024-04-27T18:16:06.619126" elapsed="0.000329"/>
</kw>
<kw name="Log" owner="BuiltIn">
<msg time="2024-04-27T18:16:06.619920" level="INFO">{'large': 'https://randomuser.me/api/portraits/women/86.jpg', 'medium': 'https://randomuser.me/api/portraits/med/women/86.jpg', 'thumbnail': 'https://randomuser.me/api/portraits/thumb/women/86.jpg'}</msg>
<arg>${json_data['results'][0]['picture']}</arg>
<doc>Logs the given message with the given level.</doc>
<status status="PASS" start="2024-04-27T18:16:06.619623" elapsed="0.000335"/>
</kw>
<status status="PASS" start="2024-04-27T18:16:06.525986" elapsed="0.094204"/>
</kw>
<kw name="Teste de Tipos de Dados - Postcode" owner="random-user-service">
<kw name="GET On Session" owner="RequestsLibrary">
<msg time="2024-04-27T18:16:06.729432" level="INFO">GET Request : url=https://randomuser.me/api 
 path_url=/api 
 headers={'User-Agent': 'python-requests/2.31.0', 'Accept-Encoding': 'gzip, deflate', 'Accept': '*/*', 'Connection': 'keep-alive'} 
 body=None 
 </msg>
<msg time="2024-04-27T18:16:06.729514" level="INFO">GET Response : url=https://randomuser.me/api 
 status=200, reason=OK 
 headers={'Date': 'Sat, 27 Apr 2024 18:16:06 GMT', 'Content-Type': 'application/json; charset=utf-8', 'Transfer-Encoding': 'chunked', 'Connection': 'keep-alive', 'X-Powered-By': 'Express', 'Access-Control-Allow-Origin': '*', 'Cache-Control': 'no-cache', 'ETag': 'W/"495-JL2ZCa49FWXF5j4bfd9LOUwppeA"', 'Vary': 'Accept-Encoding', 'Content-Encoding': 'gzip', 'CF-Cache-Status': 'DYNAMIC', 'Report-To': '{"endpoints":[{"url":"https:\\/\\/a.nel.cloudflare.com\\/report\\/v4?s=cXYMA1W3rvsaRyoqYMYYuU%2F3BZavXwuuCcDrOcFt1nT%2FK8FsbwbGctn%2FtdjBBD0JNm4xikkDryLM7EEiGblmofNJXRMTQdR13CNeM4f7XVJdmEZsT7F9rj2a0GXpwDMt"}],"group":"cf-nel","max_age":604800}', 'NEL': '{"success_fraction":0,"report_to":"cf-nel","max_age":604800}', 'Server': 'cloudflare', 'CF-RAY': '87b0cd416943fb50-SJC', 'alt-svc': 'h3=":443"; ma=86400'} 
 body={"results":[{"gender":"female","name":{"title":"Ms","first":"Diana","last":"Stone"},"location":{"street":{"number":7578,"name":"Lakeshore Rd"},"city":"Mildura","state":"New South Wales","country":"Australia","postcode":997,"coordinates":{"latitude":"-87.2111","longitude":"155.8887"},"timezone":{"offset":"+1:00","description":"Brussels, Copenhagen, Madrid, Paris"}},"email":"diana.stone@example.com","login":{"uuid":"4eb7c692-f568-4d3f-81ec-678cb2af523e","username":"smallgorilla513","password":"triton","salt":"uzF1m9Uf","md5":"53c7b57a359fe126ae6588a34ffc14d0","sha1":"aec9017dc9844ec3ccd54df6292aa8df19962d75","sha256":"675940e93056ef9f7ae499983d9395bc97cb246d5c23c83f5b15f6f4a5a9d1a9"},"dob":{"date":"1975-10-29T17:21:03.059Z","age":48},"registered":{"date":"2017-08-25T01:06:18.496Z","age":6},"phone":"01-6931-2969","cell":"0440-241-076","id":{"name":"TFN","value":"481818423"},"picture":{"large":"https://randomuser.me/api/portraits/women/68.jpg","medium":"https://randomuser.me/api/portraits/med/women/68.jpg","thumbnail":"https://randomuser.me/api/portraits/thumb/women/68.jpg"},"nat":"AU"}],"info":{"seed":"53f87085920e23ee","results":1,"page":1,"version":"1.4"}} 
 </msg>
<msg time="2024-04-27T18:16:06.729586" level="INFO">/opt/hostedtoolcache/Python/3.12.3/x64/lib/python3.12/site-packages/urllib3/connectionpool.py:1103: InsecureRequestWarning: Unverified HTTPS request is being made to host 'randomuser.me'. Adding certificate verification is strongly advised. See: https://urllib3.readthedocs.io/en/latest/advanced-usage.html#tls-warnings
  warnings.warn(</msg>
<msg time="2024-04-27T18:16:06.729712" level="INFO">${response} = &lt;Response [200]&gt;</msg>
<var>${response}</var>
<arg>consultarAPI</arg>
<arg>/api</arg>
<doc>Sends a GET request on a previously created HTTP Session.</doc>
<status status="PASS" start="2024-04-27T18:16:06.620591" elapsed="0.109170"/>
</kw>
<kw name="Set Variable" owner="BuiltIn">
<msg time="2024-04-27T18:16:06.730882" level="INFO">${json_data} = {'results': [{'gender': 'female', 'name': {'title': 'Ms', 'first': 'Diana', 'last': 'Stone'}, 'location': {'street': {'number': 7578, 'name': 'Lakeshore Rd'}, 'city': 'Mildura', 'state': 'New South Wa...</msg>
<var>${json_data}</var>
<arg>${response.json()}</arg>
<doc>Returns the given values which can then be assigned to a variables.</doc>
<status status="PASS" start="2024-04-27T18:16:06.730291" elapsed="0.000619"/>
</kw>
<kw name="Log" owner="BuiltIn">
<msg time="2024-04-27T18:16:06.731348" level="INFO">{'results': [{'gender': 'female', 'name': {'title': 'Ms', 'first': 'Diana', 'last': 'Stone'}, 'location': {'street': {'number': 7578, 'name': 'Lakeshore Rd'}, 'city': 'Mildura', 'state': 'New South Wales', 'country': 'Australia', 'postcode': 997, 'coordinates': {'latitude': '-87.2111', 'longitude': '155.8887'}, 'timezone': {'offset': '+1:00', 'description': 'Brussels, Copenhagen, Madrid, Paris'}}, 'email': 'diana.stone@example.com', 'login': {'uuid': '4eb7c692-f568-4d3f-81ec-678cb2af523e', 'username': 'smallgorilla513', 'password': 'triton', 'salt': 'uzF1m9Uf', 'md5': '53c7b57a359fe126ae6588a34ffc14d0', 'sha1': 'aec9017dc9844ec3ccd54df6292aa8df19962d75', 'sha256': '675940e93056ef9f7ae499983d9395bc97cb246d5c23c83f5b15f6f4a5a9d1a9'}, 'dob': {'date': '1975-10-29T17:21:03.059Z', 'age': 48}, 'registered': {'date': '2017-08-25T01:06:18.496Z', 'age': 6}, 'phone': '01-6931-2969', 'cell': '0440-241-076', 'id': {'name': 'TFN', 'value': '481818423'}, 'picture': {'large': 'https://randomuser.me/api/portraits/women/68.jpg', 'medium': 'https://randomuser.me/api/portraits/med/women/68.jpg', 'thumbnail': 'https://randomuser.me/api/portraits/thumb/women/68.jpg'}, 'nat': 'AU'}], 'info': {'seed': '53f87085920e23ee', 'results': 1, 'page': 1, 'version': '1.4'}}</msg>
<arg>${json_data}</arg>
<doc>Logs the given message with the given level.</doc>
<status status="PASS" start="2024-04-27T18:16:06.731210" elapsed="0.000180"/>
</kw>
<kw name="Should Be Equal As Numbers" owner="BuiltIn">
<arg>${json_data['results'][0]['location']['postcode']}</arg>
<arg>${json_data['results'][0]['location']['postcode']}</arg>
<doc>Fails if objects are unequal after converting them to real numbers.</doc>
<status status="PASS" start="2024-04-27T18:16:06.731657" elapsed="0.000705"/>
</kw>
<kw name="Log" owner="BuiltIn">
<msg time="2024-04-27T18:16:06.732849" level="INFO">997</msg>
<arg>${json_data['results'][0]['location']['postcode']}</arg>
<doc>Logs the given message with the given level.</doc>
<status status="PASS" start="2024-04-27T18:16:06.732539" elapsed="0.000346"/>
</kw>
<status status="PASS" start="2024-04-27T18:16:06.620385" elapsed="0.112764"/>
</kw>
<doc>Testa se os tipos de dados na resposta da API estão corretos.</doc>
<tag>testeTiposDados</tag>
<status status="PASS" start="2024-04-27T18:16:06.525592" elapsed="0.207698"/>
</test>
<test id="s1-s1-t5" name="Validar conteudo" line="35">
<kw name="Teste de Tipos de Conteudo" owner="random-user-service">
<kw name="GET On Session" owner="RequestsLibrary">
<msg time="2024-04-27T18:16:06.829374" level="INFO">GET Request : url=https://randomuser.me/api 
 path_url=/api 
 headers={'User-Agent': 'python-requests/2.31.0', 'Accept-Encoding': 'gzip, deflate', 'Accept': '*/*', 'Connection': 'keep-alive'} 
 body=None 
 </msg>
<msg time="2024-04-27T18:16:06.829437" level="INFO">GET Response : url=https://randomuser.me/api 
 status=200, reason=OK 
 headers={'Date': 'Sat, 27 Apr 2024 18:16:06 GMT', 'Content-Type': 'application/json; charset=utf-8', 'Transfer-Encoding': 'chunked', 'Connection': 'keep-alive', 'X-Powered-By': 'Express', 'Access-Control-Allow-Origin': '*', 'Cache-Control': 'no-cache', 'ETag': 'W/"492-A8fSzRkrBA1bmcGl1Vq97dnyhS0"', 'Vary': 'Accept-Encoding', 'Content-Encoding': 'gzip', 'CF-Cache-Status': 'DYNAMIC', 'Report-To': '{"endpoints":[{"url":"https:\\/\\/a.nel.cloudflare.com\\/report\\/v4?s=5zwHeS8PM4egWwr%2FqDvhDBwsMl93ObBrKy5%2BUQYDF3CQu0EGZwkHcWJnYs17eVBsL%2FgDLgztxZi9H0bOo0JPFDv1oXQDJWl9g%2BgqxyI5d6snU3uGF9q2WzJy0ub%2FtDlO"}],"group":"cf-nel","max_age":604800}', 'NEL': '{"success_fraction":0,"report_to":"cf-nel","max_age":604800}', 'Server': 'cloudflare', 'CF-RAY': '87b0cd4219effb50-SJC', 'alt-svc': 'h3=":443"; ma=86400'} 
 body={"results":[{"gender":"male","name":{"title":"Mr","first":"Adelmiro","last":"Almeida"},"location":{"street":{"number":8662,"name":"Rua Dezessete "},"city":"Ji-Paraná","state":"Pará","country":"Brazil","postcode":94690,"coordinates":{"latitude":"-78.3849","longitude":"-132.5455"},"timezone":{"offset":"+2:00","description":"Kaliningrad, South Africa"}},"email":"adelmiro.almeida@example.com","login":{"uuid":"008d479f-f991-4246-a159-1f45ab1056dc","username":"greenmeercat159","password":"angels","salt":"8JKfjpxO","md5":"5a1915843218359f03b820fafcc5b91a","sha1":"55aa45df837899eb4f2595f2809e37a8fb8e4bc6","sha256":"10d57ad7102ec061fdc4b99c513eda16991682d27d8028cd1b898c5fe99e089f"},"dob":{"date":"2000-08-07T10:47:14.329Z","age":23},"registered":{"date":"2007-05-03T13:41:49.551Z","age":16},"phone":"(67) 1034-8793","cell":"(76) 1449-4801","id":{"name":"CPF","value":"301.027.719-17"},"picture":{"large":"https://randomuser.me/api/portraits/men/33.jpg","medium":"https://randomuser.me/api/portraits/med/men/33.jpg","thumbnail":"https://randomuser.me/api/portraits/thumb/men/33.jpg"},"nat":"BR"}],"info":{"seed":"a6b57beea8a9edda","results":1,"page":1,"version":"1.4"}} 
 </msg>
<msg time="2024-04-27T18:16:06.829492" level="INFO">/opt/hostedtoolcache/Python/3.12.3/x64/lib/python3.12/site-packages/urllib3/connectionpool.py:1103: InsecureRequestWarning: Unverified HTTPS request is being made to host 'randomuser.me'. Adding certificate verification is strongly advised. See: https://urllib3.readthedocs.io/en/latest/advanced-usage.html#tls-warnings
  warnings.warn(</msg>
<msg time="2024-04-27T18:16:06.829575" level="INFO">${response} = &lt;Response [200]&gt;</msg>
<var>${response}</var>
<arg>consultarAPI</arg>
<arg>/api</arg>
<doc>Sends a GET request on a previously created HTTP Session.</doc>
<status status="PASS" start="2024-04-27T18:16:06.735648" elapsed="0.093964"/>
</kw>
<kw name="Set Variable" owner="BuiltIn">
<msg time="2024-04-27T18:16:06.830611" level="INFO">${json_data} = {'results': [{'gender': 'male', 'name': {'title': 'Mr', 'first': 'Adelmiro', 'last': 'Almeida'}, 'location': {'street': {'number': 8662, 'name': 'Rua Dezessete '}, 'city': 'Ji-Paraná', 'state': 'Pará'...</msg>
<var>${json_data}</var>
<arg>${response.json()}</arg>
<doc>Returns the given values which can then be assigned to a variables.</doc>
<status status="PASS" start="2024-04-27T18:16:06.830056" elapsed="0.000584"/>
</kw>
<kw name="Set Variable" owner="BuiltIn">
<msg time="2024-04-27T18:16:06.831323" level="INFO">${name_title} = Mr</msg>
<var>${name_title}</var>
<arg>${json_data["results"][0]["name"]["title"]}</arg>
<doc>Returns the given values which can then be assigned to a variables.</doc>
<status status="PASS" start="2024-04-27T18:16:06.830944" elapsed="0.000402"/>
</kw>
<kw name="Create List" owner="BuiltIn">
<msg time="2024-04-27T18:16:06.831752" level="INFO">${allowed_titles} = ['Mr', 'Ms', 'Miss', 'Mrs', 'Madame', 'Monsieur']</msg>
<var>${allowed_titles}</var>
<arg>Mr</arg>
<arg>Ms</arg>
<arg>Miss</arg>
<arg>Mrs</arg>
<arg>Madame</arg>
<arg>Monsieur</arg>
<doc>Returns a list containing given items.</doc>
<status status="PASS" start="2024-04-27T18:16:06.831617" elapsed="0.000157"/>
</kw>
<kw name="List Should Contain Value" owner="Collections">
<msg time="2024-04-27T18:16:06.832198" level="INFO">False</msg>
<arg>${allowed_titles}</arg>
<arg>${name_title}</arg>
<doc>Fails if the ``value`` is not found from ``list``.</doc>
<status status="PASS" start="2024-04-27T18:16:06.832047" elapsed="0.000183"/>
</kw>
<kw name="Set Variable" owner="BuiltIn">
<msg time="2024-04-27T18:16:06.832857" level="INFO">${name_country} = BR</msg>
<var>${name_country}</var>
<arg>${json_data["results"][0]["nat"]}</arg>
<doc>Returns the given values which can then be assigned to a variables.</doc>
<status status="PASS" start="2024-04-27T18:16:06.832491" elapsed="0.000390"/>
</kw>
<kw name="Create List" owner="BuiltIn">
<msg time="2024-04-27T18:16:06.833799" level="INFO">${list_country} = ['AD', 'AE', 'AF', 'AG', 'AI', 'AL', 'AM', 'AO', 'AQ', 'AR', 'AS', 'AT', 'AU', 'AW', 'AX', 'AZ', 'BA', 'BB', 'BD', 'BE', 'BF', 'BG', 'BH', 'BI', 'BJ', 'BL', 'BM', 'BN', 'BO', 'BQ', 'BR', 'BS', 'BT', '...</msg>
<var>${list_country}</var>
<arg>AD</arg>
<arg>AE</arg>
<arg>AF</arg>
<arg>AG</arg>
<arg>AI</arg>
<arg>AL</arg>
<arg>AM</arg>
<arg>AO</arg>
<arg>AQ</arg>
<arg>AR</arg>
<arg>AS</arg>
<arg>AT</arg>
<arg>AU</arg>
<arg>AW</arg>
<arg>AX</arg>
<arg>AZ</arg>
<arg>BA</arg>
<arg>BB</arg>
<arg>BD</arg>
<arg>BE</arg>
<arg>BF</arg>
<arg>BG</arg>
<arg>BH</arg>
<arg>BI</arg>
<arg>BJ</arg>
<arg>BL</arg>
<arg>BM</arg>
<arg>BN</arg>
<arg>BO</arg>
<arg>BQ</arg>
<arg>BR</arg>
<arg>BS</arg>
<arg>BT</arg>
<arg>BV</arg>
<arg>BW</arg>
<arg>BY</arg>
<arg>BZ</arg>
<arg>CA</arg>
<arg>CC</arg>
<arg>CD</arg>
<arg>CF</arg>
<arg>CG</arg>
<arg>CH</arg>
<arg>CI</arg>
<arg>CK</arg>
<arg>CL</arg>
<arg>CM</arg>
<arg>CN</arg>
<arg>CO</arg>
<arg>CR</arg>
<arg>CU</arg>
<arg>CV</arg>
<arg>CW</arg>
<arg>CX</arg>
<arg>CY</arg>
<arg>CZ</arg>
<arg>DE</arg>
<arg>DJ</arg>
<arg>DK</arg>
<arg>DM</arg>
<arg>DO</arg>
<arg>DZ</arg>
<arg>EC</arg>
<arg>EE</arg>
<arg>EG</arg>
<arg>EH</arg>
<arg>ER</arg>
<arg>ES</arg>
<arg>ET</arg>
<arg>FI</arg>
<arg>FJ</arg>
<arg>FK</arg>
<arg>FM</arg>
<arg>FO</arg>
<arg>FR</arg>
<arg>GA</arg>
<arg>GB</arg>
<arg>GD</arg>
<arg>GE</arg>
<arg>GF</arg>
<arg>GG</arg>
<arg>GH</arg>
<arg>GI</arg>
<arg>GL</arg>
<arg>GM</arg>
<arg>GN</arg>
<arg>GP</arg>
<arg>GQ</arg>
<arg>GR</arg>
<arg>GS</arg>
<arg>GT</arg>
<arg>GU</arg>
<arg>GW</arg>
<arg>GY</arg>
<arg>HK</arg>
<arg>HM</arg>
<arg>HN</arg>
<arg>HR</arg>
<arg>HT</arg>
<arg>HU</arg>
<arg>ID</arg>
<arg>IE</arg>
<arg>IL</arg>
<arg>IM</arg>
<arg>IN</arg>
<arg>IO</arg>
<arg>IQ</arg>
<arg>IR</arg>
<arg>IS</arg>
<arg>IT</arg>
<arg>JE</arg>
<arg>JM</arg>
<arg>JO</arg>
<arg>JP</arg>
<arg>KE</arg>
<arg>KG</arg>
<arg>KH</arg>
<arg>KI</arg>
<arg>KM</arg>
<arg>KN</arg>
<arg>KP</arg>
<arg>KR</arg>
<arg>KW</arg>
<arg>KY</arg>
<arg>KZ</arg>
<arg>LA</arg>
<arg>LB</arg>
<arg>LC</arg>
<arg>LI</arg>
<arg>LK</arg>
<arg>LR</arg>
<arg>LS</arg>
<arg>LT</arg>
<arg>LU</arg>
<arg>LV</arg>
<arg>LY</arg>
<arg>MA</arg>
<arg>MC</arg>
<arg>MD</arg>
<arg>ME</arg>
<arg>MF</arg>
<arg>MG</arg>
<arg>MH</arg>
<arg>MK</arg>
<arg>ML</arg>
<arg>MM</arg>
<arg>MN</arg>
<arg>MO</arg>
<arg>MP</arg>
<arg>MQ</arg>
<arg>MR</arg>
<arg>MS</arg>
<arg>MT</arg>
<arg>MU</arg>
<arg>MV</arg>
<arg>MW</arg>
<arg>MX</arg>
<arg>MY</arg>
<arg>MZ</arg>
<arg>NA</arg>
<arg>NC</arg>
<arg>NE</arg>
<arg>NF</arg>
<arg>NG</arg>
<arg>NI</arg>
<arg>NL</arg>
<arg>NO</arg>
<arg>NP</arg>
<arg>NR</arg>
<arg>NU</arg>
<arg>NZ</arg>
<arg>OM</arg>
<arg>PA</arg>
<arg>PE</arg>
<arg>PF</arg>
<arg>PG</arg>
<arg>PH</arg>
<arg>PK</arg>
<arg>PL</arg>
<arg>PM</arg>
<arg>PN</arg>
<arg>PR</arg>
<arg>PS</arg>
<arg>PT</arg>
<arg>PW</arg>
<arg>PY</arg>
<arg>QA</arg>
<arg>RE</arg>
<arg>RO</arg>
<arg>RS</arg>
<arg>RU</arg>
<arg>RW</arg>
<arg>SA</arg>
<arg>SB</arg>
<arg>SC</arg>
<arg>SD</arg>
<arg>SE</arg>
<arg>SG</arg>
<arg>SH</arg>
<arg>SI</arg>
<arg>SJ</arg>
<arg>SK</arg>
<arg>SL</arg>
<arg>SM</arg>
<arg>SN</arg>
<arg>SO</arg>
<arg>SR</arg>
<arg>SS</arg>
<arg>ST</arg>
<arg>SV</arg>
<arg>SX</arg>
<arg>SY</arg>
<arg>SZ</arg>
<arg>TC</arg>
<arg>TD</arg>
<arg>TF</arg>
<arg>TG</arg>
<arg>TH</arg>
<arg>TJ</arg>
<arg>TK</arg>
<arg>TL</arg>
<arg>TM</arg>
<arg>TN</arg>
<arg>TO</arg>
<arg>TR</arg>
<arg>TT</arg>
<arg>TV</arg>
<arg>TW</arg>
<arg>TZ</arg>
<arg>UA</arg>
<arg>UG</arg>
<arg>UM</arg>
<arg>US</arg>
<arg>UY</arg>
<arg>UZ</arg>
<arg>VA</arg>
<arg>VC</arg>
<arg>VE</arg>
<arg>VG</arg>
<arg>VI</arg>
<arg>VN</arg>
<arg>VU</arg>
<arg>WF</arg>
<arg>WS</arg>
<arg>XK</arg>
<arg>YE</arg>
<arg>YT</arg>
<arg>ZA</arg>
<arg>ZM</arg>
<arg>ZW</arg>
<doc>Returns a list containing given items.</doc>
<status status="PASS" start="2024-04-27T18:16:06.833220" elapsed="0.000604"/>
</kw>
<kw name="List Should Contain Value" owner="Collections">
<msg time="2024-04-27T18:16:06.834764" level="INFO">False</msg>
<arg>${list_country}</arg>
<arg>${name_country}</arg>
<doc>Fails if the ``value`` is not found from ``list``.</doc>
<status status="PASS" start="2024-04-27T18:16:06.834584" elapsed="0.000213"/>
</kw>
<kw name="Run Keyword If" owner="BuiltIn">
<kw name="Should Be True" owner="BuiltIn">
<arg>${True}</arg>
<doc>Fails if the given condition is not true.</doc>
<status status="PASS" start="2024-04-27T18:16:06.835772" elapsed="0.000140"/>
</kw>
<arg>${json_data["results"][0]["location"]["coordinates"]["latitude"]} &gt;= -90 and ${json_data["results"][0]["location"]["coordinates"]["latitude"]} &lt;= 90</arg>
<arg>Should Be True</arg>
<arg>${True}</arg>
<doc>Runs the given keyword with the given arguments, if ``condition`` is true.</doc>
<status status="PASS" start="2024-04-27T18:16:06.835077" elapsed="0.000958"/>
</kw>
<kw name="Run Keyword If" owner="BuiltIn">
<kw name="Should Be True" owner="BuiltIn">
<arg>${True}</arg>
<doc>Fails if the given condition is not true.</doc>
<status status="PASS" start="2024-04-27T18:16:06.836918" elapsed="0.000237"/>
</kw>
<arg>${json_data["results"][0]["location"]["coordinates"]["longitude"]} &gt;= -180 and ${json_data["results"][0]["location"]["coordinates"]["longitude"]} &lt;= 180</arg>
<arg>Should Be True</arg>
<arg>${True}</arg>
<doc>Runs the given keyword with the given arguments, if ``condition`` is true.</doc>
<status status="PASS" start="2024-04-27T18:16:06.836215" elapsed="0.001065"/>
</kw>
<status status="PASS" start="2024-04-27T18:16:06.735444" elapsed="0.101959"/>
</kw>
<doc>Testa o conteúdo específico dos campos retornados pela API.</doc>
<tag>testeConteudo</tag>
<status status="PASS" start="2024-04-27T18:16:06.735018" elapsed="0.102515"/>
</test>
<status status="PASS" start="2024-04-27T18:16:05.955213" elapsed="0.884061"/>
</suite>
<status status="PASS" start="2024-04-27T18:16:05.941942" elapsed="0.902075"/>
</suite>
<statistics>
<total>
<stat pass="5" fail="0" skip="0">All Tests</stat>
</total>
<tag>
<stat pass="1" fail="0" skip="0">testeConteudo</stat>
<stat pass="1" fail="0" skip="0">testeEstruturaResposta</stat>
<stat pass="1" fail="0" skip="0">testeRequisicaoBasica</stat>
<stat pass="1" fail="0" skip="0">testeTiposDados</stat>
</tag>
<suite>
<stat pass="5" fail="0" skip="0" id="s1" name="Tests">Tests</stat>
<stat pass="5" fail="0" skip="0" id="s1-s1" name="Random-User-Test">Tests.Random-User-Test</stat>
</suite>
</statistics>
<errors>
</errors>
</robot>
