<?xml version="1.0" encoding="UTF-8"?>
<robot generator="Robot 7.0 (Python 3.12.3 on linux)" generated="2024-06-05T22:14:09.349351" rpa="false" schemaversion="5">
<suite id="s1" name="Tests" source="/home/runner/work/ApiRandomUser/ApiRandomUser/RamdonUser/tests">
<suite id="s1-s1" name="Random-User-Test" source="/home/runner/work/ApiRandomUser/ApiRandomUser/RamdonUser/tests/random-user-test.robot">
<test id="s1-s1-t1" name="Conectar" line="13">
<kw name="Conectar API" owner="random-user-service">
<kw name="Create Session" owner="RequestsLibrary">
<msg time="2024-06-05T22:14:09.742446" level="INFO">Creating Session using : alias=consultarAPI, url=https://randomuser.me/, headers={},                     cookies={}, auth=None, timeout=None, proxies=None, verify=False,                     debug=0 </msg>
<arg>consultarAPI</arg>
<arg>${URL}</arg>
<doc>Create Session: create a HTTP session to a server</doc>
<status status="PASS" start="2024-06-05T22:14:09.742238" elapsed="0.000386"/>
</kw>
<status status="PASS" start="2024-06-05T22:14:09.741165" elapsed="0.001838"/>
</kw>
<status status="PASS" start="2024-06-05T22:14:09.740609" elapsed="0.002592"/>
</test>
<test id="s1-s1-t2" name="Validar retorno 200 e JSON Válido" line="16">
<kw name="Teste de Requisicao Basica" owner="random-user-service">
<kw name="GET On Session" owner="RequestsLibrary">
<msg time="2024-06-05T22:14:09.869606" level="INFO">GET Request : url=https://randomuser.me/api 
 path_url=/api 
 headers={'User-Agent': 'python-requests/2.32.3', 'Accept-Encoding': 'gzip, deflate', 'Accept': '*/*', 'Connection': 'keep-alive'} 
 body=None 
 </msg>
<msg time="2024-06-05T22:14:09.869737" level="INFO">GET Response : url=https://randomuser.me/api 
 status=200, reason=OK 
 headers={'Date': 'Wed, 05 Jun 2024 22:14:09 GMT', 'Content-Type': 'application/json; charset=utf-8', 'Transfer-Encoding': 'chunked', 'Connection': 'keep-alive', 'X-Powered-By': 'Express', 'Access-Control-Allow-Origin': '*', 'Cache-Control': 'no-cache', 'ETag': 'W/"471-jgp+U4+uSgTr0cBqLHmx0d1io10"', 'Vary': 'Accept-Encoding', 'Content-Encoding': 'gzip', 'CF-Cache-Status': 'DYNAMIC', 'Report-To': '{"endpoints":[{"url":"https:\\/\\/a.nel.cloudflare.com\\/report\\/v4?s=H2W86K4U98L2Y7VR1nAFNlLr8HfiKOpat47cshOYpY5%2Fi%2F65SdNzlr2sulj070S4EXjdpqUbT0JVwujV1SDQ783ncoOhhqmiTuD9kdypwssO1wtvSqTQ9I1uxzMVdyPu"}],"group":"cf-nel","max_age":604800}', 'NEL': '{"success_fraction":0,"report_to":"cf-nel","max_age":604800}', 'Server': 'cloudflare', 'CF-RAY': '88f383972a4117da-SJC', 'alt-svc': 'h3=":443"; ma=86400'} 
 body={"results":[{"gender":"male","name":{"title":"Mr","first":"Deniz","last":"Ilıcalı"},"location":{"street":{"number":4226,"name":"Filistin Cd"},"city":"Kilis","state":"Erzurum","country":"Turkey","postcode":77651,"coordinates":{"latitude":"69.5090","longitude":"-43.9559"},"timezone":{"offset":"+6:00","description":"Almaty, Dhaka, Colombo"}},"email":"deniz.ilicali@example.com","login":{"uuid":"37c69f4c-5975-4570-ac46-15e9613d87a2","username":"goldengoose181","password":"roses","salt":"uLBwuCdA","md5":"cd6fc9e3f608c3266b044bf2c42bc252","sha1":"7fc941098650e1e3c584508769bc456ca0cc156b","sha256":"9f59f37911d42425501c71242ceaa4f6fdd918b5777e81603f6d12a834d99c21"},"dob":{"date":"1962-10-12T18:25:26.813Z","age":61},"registered":{"date":"2020-06-26T02:30:20.600Z","age":3},"phone":"(402)-854-6196","cell":"(305)-465-2595","id":{"name":"","value":null},"picture":{"large":"https://randomuser.me/api/portraits/men/60.jpg","medium":"https://randomuser.me/api/portraits/med/men/60.jpg","thumbnail":"https://randomuser.me/api/portraits/thumb/men/60.jpg"},"nat":"TR"}],"info":{"seed":"ac56b67a9d72f14d","results":1,"page":1,"version":"1.4"}} 
 </msg>
<msg time="2024-06-05T22:14:09.869847" level="INFO">/opt/hostedtoolcache/Python/3.12.3/x64/lib/python3.12/site-packages/urllib3/connectionpool.py:1103: InsecureRequestWarning: Unverified HTTPS request is being made to host 'randomuser.me'. Adding certificate verification is strongly advised. See: https://urllib3.readthedocs.io/en/latest/advanced-usage.html#tls-warnings
  warnings.warn(</msg>
<msg time="2024-06-05T22:14:09.869998" level="INFO">${response} = &lt;Response [200]&gt;</msg>
<var>${response}</var>
<arg>consultarAPI</arg>
<arg>/api</arg>
<doc>Sends a GET request on a previously created HTTP Session.</doc>
<status status="PASS" start="2024-06-05T22:14:09.745980" elapsed="0.124065"/>
</kw>
<kw name="Should Be Equal As Numbers" owner="BuiltIn">
<msg time="2024-06-05T22:14:09.870941" level="INFO">Argument types are:
&lt;class 'int'&gt;
&lt;class 'str'&gt;</msg>
<arg>${response.status_code}</arg>
<arg>200</arg>
<doc>Fails if objects are unequal after converting them to real numbers.</doc>
<status status="PASS" start="2024-06-05T22:14:09.870501" elapsed="0.000505"/>
</kw>
<kw name="Log" owner="BuiltIn">
<msg time="2024-06-05T22:14:09.871725" level="INFO">200</msg>
<arg>${response.status_code}</arg>
<doc>Logs the given message with the given level.</doc>
<status status="PASS" start="2024-06-05T22:14:09.871360" elapsed="0.000428"/>
</kw>
<kw name="Set Variable" owner="BuiltIn">
<msg time="2024-06-05T22:14:09.872557" level="INFO">${json_data} = {'results': [{'gender': 'male', 'name': {'title': 'Mr', 'first': 'Deniz', 'last': 'Ilıcalı'}, 'location': {'street': {'number': 4226, 'name': 'Filistin Cd'}, 'city': 'Kilis', 'state': 'Erzurum', 'coun...</msg>
<var>${json_data}</var>
<arg>${response.json()}</arg>
<doc>Returns the given values which can then be assigned to a variables.</doc>
<status status="PASS" start="2024-06-05T22:14:09.872104" elapsed="0.000485"/>
</kw>
<kw name="Dictionary Should Contain Key" owner="Collections">
<msg time="2024-06-05T22:14:09.873074" level="INFO">False</msg>
<arg>${json_data}</arg>
<arg>results</arg>
<doc>Fails if ``key`` is not found from ``dictionary``.</doc>
<status status="PASS" start="2024-06-05T22:14:09.872897" elapsed="0.000366"/>
</kw>
<status status="PASS" start="2024-06-05T22:14:09.745706" elapsed="0.127829"/>
</kw>
<doc>Testa se a API responde corretamente e retorna um objeto JSON válido.</doc>
<tag>testeRequisicaoBasica</tag>
<status status="PASS" start="2024-06-05T22:14:09.745162" elapsed="0.128557"/>
</test>
<test id="s1-s1-t3" name="Validar estrutura de resposta" line="22">
<kw name="Teste de Estrutura de Resposta" owner="random-user-service">
<kw name="GET On Session" owner="RequestsLibrary">
<msg time="2024-06-05T22:14:10.239893" level="INFO">GET Request : url=https://randomuser.me/api 
 path_url=/api 
 headers={'User-Agent': 'python-requests/2.32.3', 'Accept-Encoding': 'gzip, deflate', 'Accept': '*/*', 'Connection': 'keep-alive'} 
 body=None 
 </msg>
<msg time="2024-06-05T22:14:10.240006" level="INFO">GET Response : url=https://randomuser.me/api 
 status=200, reason=OK 
 headers={'Date': 'Wed, 05 Jun 2024 22:14:10 GMT', 'Content-Type': 'application/json; charset=utf-8', 'Transfer-Encoding': 'chunked', 'Connection': 'keep-alive', 'X-Powered-By': 'Express', 'Access-Control-Allow-Origin': '*', 'Cache-Control': 'no-cache', 'ETag': 'W/"493-yuO53IYoP8XjojZ0WA5R5i9si7s"', 'Vary': 'Accept-Encoding', 'Content-Encoding': 'gzip', 'CF-Cache-Status': 'DYNAMIC', 'Report-To': '{"endpoints":[{"url":"https:\\/\\/a.nel.cloudflare.com\\/report\\/v4?s=Bah94tqZs5us%2BAyJrEXSW4jiHm2YYDOvmV1jE3jC2w1HsOnzSIvvr82TR%2BQeKKryrFuFu%2FhuQQhjrKH9uH7wwV8U60IpAFjfj7C3OUpkTRXxb33Q%2FvEi2GAVgJRcwLuM"}],"group":"cf-nel","max_age":604800}', 'NEL': '{"success_fraction":0,"report_to":"cf-nel","max_age":604800}', 'Server': 'cloudflare', 'CF-RAY': '88f38397cac417da-SJC', 'alt-svc': 'h3=":443"; ma=86400'} 
 body={"results":[{"gender":"female","name":{"title":"Mrs","first":"Latife","last":"Dizdar"},"location":{"street":{"number":7058,"name":"Kushimoto Sk"},"city":"Gaziantep","state":"Bayburt","country":"Turkey","postcode":87727,"coordinates":{"latitude":"72.7589","longitude":"6.2435"},"timezone":{"offset":"+11:00","description":"Magadan, Solomon Islands, New Caledonia"}},"email":"latife.dizdar@example.com","login":{"uuid":"845fb35d-d3e3-46ae-ace8-8794439bd443","username":"orangeleopard496","password":"threesom","salt":"o6nAM5xY","md5":"8396cab293dbcc34feb132d4ef6b529d","sha1":"fa0b938fc924fe5647cf054f064987c810eba7df","sha256":"379ba24df2729bc39cfd0567688f7ea031ea3a01b0115f7550cbc02792aacaa2"},"dob":{"date":"1978-04-27T20:40:06.264Z","age":46},"registered":{"date":"2007-06-21T23:09:14.342Z","age":16},"phone":"(267)-832-2251","cell":"(807)-948-0216","id":{"name":"","value":null},"picture":{"large":"https://randomuser.me/api/portraits/women/27.jpg","medium":"https://randomuser.me/api/portraits/med/women/27.jpg","thumbnail":"https://randomuser.me/api/portraits/thumb/women/27.jpg"},"nat":"TR"}],"info":{"seed":"905893efc13f00a8","results":1,"page":1,"version":"1.4"}} 
 </msg>
<msg time="2024-06-05T22:14:10.240152" level="INFO">/opt/hostedtoolcache/Python/3.12.3/x64/lib/python3.12/site-packages/urllib3/connectionpool.py:1103: InsecureRequestWarning: Unverified HTTPS request is being made to host 'randomuser.me'. Adding certificate verification is strongly advised. See: https://urllib3.readthedocs.io/en/latest/advanced-usage.html#tls-warnings
  warnings.warn(</msg>
<msg time="2024-06-05T22:14:10.240305" level="INFO">${response} = &lt;Response [200]&gt;</msg>
<var>${response}</var>
<arg>consultarAPI</arg>
<arg>/api</arg>
<doc>Sends a GET request on a previously created HTTP Session.</doc>
<status status="PASS" start="2024-06-05T22:14:09.876355" elapsed="0.364011"/>
</kw>
<kw name="Set Variable" owner="BuiltIn">
<msg time="2024-06-05T22:14:10.241370" level="INFO">${json_data} = {'results': [{'gender': 'female', 'name': {'title': 'Mrs', 'first': 'Latife', 'last': 'Dizdar'}, 'location': {'street': {'number': 7058, 'name': 'Kushimoto Sk'}, 'city': 'Gaziantep', 'state': 'Bayburt...</msg>
<var>${json_data}</var>
<arg>${response.json()}</arg>
<doc>Returns the given values which can then be assigned to a variables.</doc>
<status status="PASS" start="2024-06-05T22:14:10.240855" elapsed="0.000544"/>
</kw>
<kw name="Log" owner="BuiltIn">
<msg time="2024-06-05T22:14:10.241910" level="INFO">{'results': [{'gender': 'female', 'name': {'title': 'Mrs', 'first': 'Latife', 'last': 'Dizdar'}, 'location': {'street': {'number': 7058, 'name': 'Kushimoto Sk'}, 'city': 'Gaziantep', 'state': 'Bayburt', 'country': 'Turkey', 'postcode': 87727, 'coordinates': {'latitude': '72.7589', 'longitude': '6.2435'}, 'timezone': {'offset': '+11:00', 'description': 'Magadan, Solomon Islands, New Caledonia'}}, 'email': 'latife.dizdar@example.com', 'login': {'uuid': '845fb35d-d3e3-46ae-ace8-8794439bd443', 'username': 'orangeleopard496', 'password': 'threesom', 'salt': 'o6nAM5xY', 'md5': '8396cab293dbcc34feb132d4ef6b529d', 'sha1': 'fa0b938fc924fe5647cf054f064987c810eba7df', 'sha256': '379ba24df2729bc39cfd0567688f7ea031ea3a01b0115f7550cbc02792aacaa2'}, 'dob': {'date': '1978-04-27T20:40:06.264Z', 'age': 46}, 'registered': {'date': '2007-06-21T23:09:14.342Z', 'age': 16}, 'phone': '(267)-832-2251', 'cell': '(807)-948-0216', 'id': {'name': '', 'value': None}, 'picture': {'large': 'https://randomuser.me/api/portraits/women/27.jpg', 'medium': 'https://randomuser.me/api/portraits/med/women/27.jpg', 'thumbnail': 'https://randomuser.me/api/portraits/thumb/women/27.jpg'}, 'nat': 'TR'}], 'info': {'seed': '905893efc13f00a8', 'results': 1, 'page': 1, 'version': '1.4'}}</msg>
<arg>${json_data}</arg>
<doc>Logs the given message with the given level.</doc>
<status status="PASS" start="2024-06-05T22:14:10.241705" elapsed="0.000253"/>
</kw>
<kw name="Dictionary Should Contain Key" owner="Collections">
<msg time="2024-06-05T22:14:10.242414" level="INFO">False</msg>
<arg>${json_data}</arg>
<arg>results</arg>
<doc>Fails if ``key`` is not found from ``dictionary``.</doc>
<status status="PASS" start="2024-06-05T22:14:10.242254" elapsed="0.000196"/>
</kw>
<kw name="Should Not Be Empty" owner="BuiltIn">
<msg time="2024-06-05T22:14:10.242883" level="INFO">Length is 2.</msg>
<arg>${json_data}</arg>
<doc>Verifies that the given item is not empty.</doc>
<status status="PASS" start="2024-06-05T22:14:10.242742" elapsed="0.000178"/>
</kw>
<kw name="Create List" owner="BuiltIn">
<msg time="2024-06-05T22:14:10.243351" level="INFO">${expected_keys} = ['gender', 'name', 'location', 'email', 'login']</msg>
<var>${expected_keys}</var>
<arg>gender</arg>
<arg>name</arg>
<arg>location</arg>
<arg>email</arg>
<arg>login</arg>
<doc>Returns a list containing given items.</doc>
<status status="PASS" start="2024-06-05T22:14:10.243206" elapsed="0.000168"/>
</kw>
<for flavor="IN">
<iter>
<kw name="Dictionary Should Contain Key" owner="Collections">
<msg time="2024-06-05T22:14:10.244347" level="INFO">False</msg>
<arg>${json_data['results'][0]}</arg>
<arg>${key}</arg>
<doc>Fails if ``key`` is not found from ``dictionary``.</doc>
<status status="PASS" start="2024-06-05T22:14:10.243945" elapsed="0.000446"/>
</kw>
<kw name="Log" owner="BuiltIn">
<msg time="2024-06-05T22:14:10.245064" level="INFO">{'gender': 'female', 'name': {'title': 'Mrs', 'first': 'Latife', 'last': 'Dizdar'}, 'location': {'street': {'number': 7058, 'name': 'Kushimoto Sk'}, 'city': 'Gaziantep', 'state': 'Bayburt', 'country': 'Turkey', 'postcode': 87727, 'coordinates': {'latitude': '72.7589', 'longitude': '6.2435'}, 'timezone': {'offset': '+11:00', 'description': 'Magadan, Solomon Islands, New Caledonia'}}, 'email': 'latife.dizdar@example.com', 'login': {'uuid': '845fb35d-d3e3-46ae-ace8-8794439bd443', 'username': 'orangeleopard496', 'password': 'threesom', 'salt': 'o6nAM5xY', 'md5': '8396cab293dbcc34feb132d4ef6b529d', 'sha1': 'fa0b938fc924fe5647cf054f064987c810eba7df', 'sha256': '379ba24df2729bc39cfd0567688f7ea031ea3a01b0115f7550cbc02792aacaa2'}, 'dob': {'date': '1978-04-27T20:40:06.264Z', 'age': 46}, 'registered': {'date': '2007-06-21T23:09:14.342Z', 'age': 16}, 'phone': '(267)-832-2251', 'cell': '(807)-948-0216', 'id': {'name': '', 'value': None}, 'picture': {'large': 'https://randomuser.me/api/portraits/women/27.jpg', 'medium': 'https://randomuser.me/api/portraits/med/women/27.jpg', 'thumbnail': 'https://randomuser.me/api/portraits/thumb/women/27.jpg'}, 'nat': 'TR'}</msg>
<arg>${json_data['results'][0]}</arg>
<doc>Logs the given message with the given level.</doc>
<status status="PASS" start="2024-06-05T22:14:10.244687" elapsed="0.000428"/>
</kw>
<kw name="Log" owner="BuiltIn">
<msg time="2024-06-05T22:14:10.245561" level="INFO">gender</msg>
<arg>${key}</arg>
<doc>Logs the given message with the given level.</doc>
<status status="PASS" start="2024-06-05T22:14:10.245433" elapsed="0.000166"/>
</kw>
<var name="${key}">gender</var>
<status status="PASS" start="2024-06-05T22:14:10.243820" elapsed="0.002017"/>
</iter>
<iter>
<kw name="Dictionary Should Contain Key" owner="Collections">
<msg time="2024-06-05T22:14:10.246526" level="INFO">False</msg>
<arg>${json_data['results'][0]}</arg>
<arg>${key}</arg>
<doc>Fails if ``key`` is not found from ``dictionary``.</doc>
<status status="PASS" start="2024-06-05T22:14:10.246144" elapsed="0.000419"/>
</kw>
<kw name="Log" owner="BuiltIn">
<msg time="2024-06-05T22:14:10.247267" level="INFO">{'gender': 'female', 'name': {'title': 'Mrs', 'first': 'Latife', 'last': 'Dizdar'}, 'location': {'street': {'number': 7058, 'name': 'Kushimoto Sk'}, 'city': 'Gaziantep', 'state': 'Bayburt', 'country': 'Turkey', 'postcode': 87727, 'coordinates': {'latitude': '72.7589', 'longitude': '6.2435'}, 'timezone': {'offset': '+11:00', 'description': 'Magadan, Solomon Islands, New Caledonia'}}, 'email': 'latife.dizdar@example.com', 'login': {'uuid': '845fb35d-d3e3-46ae-ace8-8794439bd443', 'username': 'orangeleopard496', 'password': 'threesom', 'salt': 'o6nAM5xY', 'md5': '8396cab293dbcc34feb132d4ef6b529d', 'sha1': 'fa0b938fc924fe5647cf054f064987c810eba7df', 'sha256': '379ba24df2729bc39cfd0567688f7ea031ea3a01b0115f7550cbc02792aacaa2'}, 'dob': {'date': '1978-04-27T20:40:06.264Z', 'age': 46}, 'registered': {'date': '2007-06-21T23:09:14.342Z', 'age': 16}, 'phone': '(267)-832-2251', 'cell': '(807)-948-0216', 'id': {'name': '', 'value': None}, 'picture': {'large': 'https://randomuser.me/api/portraits/women/27.jpg', 'medium': 'https://randomuser.me/api/portraits/med/women/27.jpg', 'thumbnail': 'https://randomuser.me/api/portraits/thumb/women/27.jpg'}, 'nat': 'TR'}</msg>
<arg>${json_data['results'][0]}</arg>
<doc>Logs the given message with the given level.</doc>
<status status="PASS" start="2024-06-05T22:14:10.246880" elapsed="0.000454"/>
</kw>
<kw name="Log" owner="BuiltIn">
<msg time="2024-06-05T22:14:10.247777" level="INFO">name</msg>
<arg>${key}</arg>
<doc>Logs the given message with the given level.</doc>
<status status="PASS" start="2024-06-05T22:14:10.247650" elapsed="0.000163"/>
</kw>
<var name="${key}">name</var>
<status status="PASS" start="2024-06-05T22:14:10.246030" elapsed="0.002002"/>
</iter>
<iter>
<kw name="Dictionary Should Contain Key" owner="Collections">
<msg time="2024-06-05T22:14:10.248693" level="INFO">False</msg>
<arg>${json_data['results'][0]}</arg>
<arg>${key}</arg>
<doc>Fails if ``key`` is not found from ``dictionary``.</doc>
<status status="PASS" start="2024-06-05T22:14:10.248321" elapsed="0.000409"/>
</kw>
<kw name="Log" owner="BuiltIn">
<msg time="2024-06-05T22:14:10.249395" level="INFO">{'gender': 'female', 'name': {'title': 'Mrs', 'first': 'Latife', 'last': 'Dizdar'}, 'location': {'street': {'number': 7058, 'name': 'Kushimoto Sk'}, 'city': 'Gaziantep', 'state': 'Bayburt', 'country': 'Turkey', 'postcode': 87727, 'coordinates': {'latitude': '72.7589', 'longitude': '6.2435'}, 'timezone': {'offset': '+11:00', 'description': 'Magadan, Solomon Islands, New Caledonia'}}, 'email': 'latife.dizdar@example.com', 'login': {'uuid': '845fb35d-d3e3-46ae-ace8-8794439bd443', 'username': 'orangeleopard496', 'password': 'threesom', 'salt': 'o6nAM5xY', 'md5': '8396cab293dbcc34feb132d4ef6b529d', 'sha1': 'fa0b938fc924fe5647cf054f064987c810eba7df', 'sha256': '379ba24df2729bc39cfd0567688f7ea031ea3a01b0115f7550cbc02792aacaa2'}, 'dob': {'date': '1978-04-27T20:40:06.264Z', 'age': 46}, 'registered': {'date': '2007-06-21T23:09:14.342Z', 'age': 16}, 'phone': '(267)-832-2251', 'cell': '(807)-948-0216', 'id': {'name': '', 'value': None}, 'picture': {'large': 'https://randomuser.me/api/portraits/women/27.jpg', 'medium': 'https://randomuser.me/api/portraits/med/women/27.jpg', 'thumbnail': 'https://randomuser.me/api/portraits/thumb/women/27.jpg'}, 'nat': 'TR'}</msg>
<arg>${json_data['results'][0]}</arg>
<doc>Logs the given message with the given level.</doc>
<status status="PASS" start="2024-06-05T22:14:10.249035" elapsed="0.000408"/>
</kw>
<kw name="Log" owner="BuiltIn">
<msg time="2024-06-05T22:14:10.249895" level="INFO">location</msg>
<arg>${key}</arg>
<doc>Logs the given message with the given level.</doc>
<status status="PASS" start="2024-06-05T22:14:10.249737" elapsed="0.000196"/>
</kw>
<var name="${key}">location</var>
<status status="PASS" start="2024-06-05T22:14:10.248208" elapsed="0.001939"/>
</iter>
<iter>
<kw name="Dictionary Should Contain Key" owner="Collections">
<msg time="2024-06-05T22:14:10.250917" level="INFO">False</msg>
<arg>${json_data['results'][0]}</arg>
<arg>${key}</arg>
<doc>Fails if ``key`` is not found from ``dictionary``.</doc>
<status status="PASS" start="2024-06-05T22:14:10.250428" elapsed="0.000527"/>
</kw>
<kw name="Log" owner="BuiltIn">
<msg time="2024-06-05T22:14:10.251607" level="INFO">{'gender': 'female', 'name': {'title': 'Mrs', 'first': 'Latife', 'last': 'Dizdar'}, 'location': {'street': {'number': 7058, 'name': 'Kushimoto Sk'}, 'city': 'Gaziantep', 'state': 'Bayburt', 'country': 'Turkey', 'postcode': 87727, 'coordinates': {'latitude': '72.7589', 'longitude': '6.2435'}, 'timezone': {'offset': '+11:00', 'description': 'Magadan, Solomon Islands, New Caledonia'}}, 'email': 'latife.dizdar@example.com', 'login': {'uuid': '845fb35d-d3e3-46ae-ace8-8794439bd443', 'username': 'orangeleopard496', 'password': 'threesom', 'salt': 'o6nAM5xY', 'md5': '8396cab293dbcc34feb132d4ef6b529d', 'sha1': 'fa0b938fc924fe5647cf054f064987c810eba7df', 'sha256': '379ba24df2729bc39cfd0567688f7ea031ea3a01b0115f7550cbc02792aacaa2'}, 'dob': {'date': '1978-04-27T20:40:06.264Z', 'age': 46}, 'registered': {'date': '2007-06-21T23:09:14.342Z', 'age': 16}, 'phone': '(267)-832-2251', 'cell': '(807)-948-0216', 'id': {'name': '', 'value': None}, 'picture': {'large': 'https://randomuser.me/api/portraits/women/27.jpg', 'medium': 'https://randomuser.me/api/portraits/med/women/27.jpg', 'thumbnail': 'https://randomuser.me/api/portraits/thumb/women/27.jpg'}, 'nat': 'TR'}</msg>
<arg>${json_data['results'][0]}</arg>
<doc>Logs the given message with the given level.</doc>
<status status="PASS" start="2024-06-05T22:14:10.251253" elapsed="0.000412"/>
</kw>
<kw name="Log" owner="BuiltIn">
<msg time="2024-06-05T22:14:10.252086" level="INFO">email</msg>
<arg>${key}</arg>
<doc>Logs the given message with the given level.</doc>
<status status="PASS" start="2024-06-05T22:14:10.251957" elapsed="0.000166"/>
</kw>
<var name="${key}">email</var>
<status status="PASS" start="2024-06-05T22:14:10.250317" elapsed="0.002021"/>
</iter>
<iter>
<kw name="Dictionary Should Contain Key" owner="Collections">
<msg time="2024-06-05T22:14:10.252996" level="INFO">False</msg>
<arg>${json_data['results'][0]}</arg>
<arg>${key}</arg>
<doc>Fails if ``key`` is not found from ``dictionary``.</doc>
<status status="PASS" start="2024-06-05T22:14:10.252621" elapsed="0.000412"/>
</kw>
<kw name="Log" owner="BuiltIn">
<msg time="2024-06-05T22:14:10.253687" level="INFO">{'gender': 'female', 'name': {'title': 'Mrs', 'first': 'Latife', 'last': 'Dizdar'}, 'location': {'street': {'number': 7058, 'name': 'Kushimoto Sk'}, 'city': 'Gaziantep', 'state': 'Bayburt', 'country': 'Turkey', 'postcode': 87727, 'coordinates': {'latitude': '72.7589', 'longitude': '6.2435'}, 'timezone': {'offset': '+11:00', 'description': 'Magadan, Solomon Islands, New Caledonia'}}, 'email': 'latife.dizdar@example.com', 'login': {'uuid': '845fb35d-d3e3-46ae-ace8-8794439bd443', 'username': 'orangeleopard496', 'password': 'threesom', 'salt': 'o6nAM5xY', 'md5': '8396cab293dbcc34feb132d4ef6b529d', 'sha1': 'fa0b938fc924fe5647cf054f064987c810eba7df', 'sha256': '379ba24df2729bc39cfd0567688f7ea031ea3a01b0115f7550cbc02792aacaa2'}, 'dob': {'date': '1978-04-27T20:40:06.264Z', 'age': 46}, 'registered': {'date': '2007-06-21T23:09:14.342Z', 'age': 16}, 'phone': '(267)-832-2251', 'cell': '(807)-948-0216', 'id': {'name': '', 'value': None}, 'picture': {'large': 'https://randomuser.me/api/portraits/women/27.jpg', 'medium': 'https://randomuser.me/api/portraits/med/women/27.jpg', 'thumbnail': 'https://randomuser.me/api/portraits/thumb/women/27.jpg'}, 'nat': 'TR'}</msg>
<arg>${json_data['results'][0]}</arg>
<doc>Logs the given message with the given level.</doc>
<status status="PASS" start="2024-06-05T22:14:10.253323" elapsed="0.000420"/>
</kw>
<kw name="Log" owner="BuiltIn">
<msg time="2024-06-05T22:14:10.254190" level="INFO">login</msg>
<arg>${key}</arg>
<doc>Logs the given message with the given level.</doc>
<status status="PASS" start="2024-06-05T22:14:10.254063" elapsed="0.000164"/>
</kw>
<var name="${key}">login</var>
<status status="PASS" start="2024-06-05T22:14:10.252510" elapsed="0.001958"/>
</iter>
<var>${key}</var>
<value>@{expected_keys}</value>
<status status="PASS" start="2024-06-05T22:14:10.243630" elapsed="0.010964"/>
</for>
<kw name="Create List" owner="BuiltIn">
<msg time="2024-06-05T22:14:10.254925" level="INFO">${expected_keysTwo} = ['username', 'password']</msg>
<var>${expected_keysTwo}</var>
<arg>username</arg>
<arg>password</arg>
<doc>Returns a list containing given items.</doc>
<status status="PASS" start="2024-06-05T22:14:10.254786" elapsed="0.000163"/>
</kw>
<for flavor="IN">
<iter>
<kw name="Dictionary Should Contain Key" owner="Collections">
<msg time="2024-06-05T22:14:10.255823" level="INFO">False</msg>
<arg>${json_data['results'][0]['login']}</arg>
<arg>${keyTwo}</arg>
<doc>Fails if ``key`` is not found from ``dictionary``.</doc>
<status status="PASS" start="2024-06-05T22:14:10.255443" elapsed="0.000417"/>
</kw>
<kw name="Dictionary Should Contain Key" owner="Collections">
<msg time="2024-06-05T22:14:10.256525" level="INFO">False</msg>
<arg>${json_data['results'][0]['login']}</arg>
<arg>${keyTwo}</arg>
<doc>Fails if ``key`` is not found from ``dictionary``.</doc>
<status status="PASS" start="2024-06-05T22:14:10.256152" elapsed="0.000409"/>
</kw>
<kw name="Log" owner="BuiltIn">
<msg time="2024-06-05T22:14:10.256975" level="INFO">username</msg>
<arg>${keyTwo}</arg>
<doc>Logs the given message with the given level.</doc>
<status status="PASS" start="2024-06-05T22:14:10.256849" elapsed="0.000162"/>
</kw>
<var name="${keyTwo}">username</var>
<status status="PASS" start="2024-06-05T22:14:10.255335" elapsed="0.001895"/>
</iter>
<iter>
<kw name="Dictionary Should Contain Key" owner="Collections">
<msg time="2024-06-05T22:14:10.257920" level="INFO">False</msg>
<arg>${json_data['results'][0]['login']}</arg>
<arg>${keyTwo}</arg>
<doc>Fails if ``key`` is not found from ``dictionary``.</doc>
<status status="PASS" start="2024-06-05T22:14:10.257510" elapsed="0.000447"/>
</kw>
<kw name="Dictionary Should Contain Key" owner="Collections">
<msg time="2024-06-05T22:14:10.258631" level="INFO">False</msg>
<arg>${json_data['results'][0]['login']}</arg>
<arg>${keyTwo}</arg>
<doc>Fails if ``key`` is not found from ``dictionary``.</doc>
<status status="PASS" start="2024-06-05T22:14:10.258254" elapsed="0.000413"/>
</kw>
<kw name="Log" owner="BuiltIn">
<msg time="2024-06-05T22:14:10.259080" level="INFO">password</msg>
<arg>${keyTwo}</arg>
<doc>Logs the given message with the given level.</doc>
<status status="PASS" start="2024-06-05T22:14:10.258955" elapsed="0.000161"/>
</kw>
<var name="${keyTwo}">password</var>
<status status="PASS" start="2024-06-05T22:14:10.257401" elapsed="0.001926"/>
</iter>
<var>${keyTwo}</var>
<value>@{expected_keysTwo}</value>
<status status="PASS" start="2024-06-05T22:14:10.255184" elapsed="0.004260"/>
</for>
<status status="PASS" start="2024-06-05T22:14:09.876114" elapsed="0.383469"/>
</kw>
<doc>Testa a estrutura da resposta da API.</doc>
<tag>testeEstruturaResposta</tag>
<status status="PASS" start="2024-06-05T22:14:09.875594" elapsed="0.384144"/>
</test>
<test id="s1-s1-t4" name="Validar tipos de dados" line="28">
<kw name="Teste de Tipos de Dados" owner="random-user-service">
<kw name="GET On Session" owner="RequestsLibrary">
<msg time="2024-06-05T22:14:10.362439" level="INFO">GET Request : url=https://randomuser.me/api 
 path_url=/api 
 headers={'User-Agent': 'python-requests/2.32.3', 'Accept-Encoding': 'gzip, deflate', 'Accept': '*/*', 'Connection': 'keep-alive'} 
 body=None 
 </msg>
<msg time="2024-06-05T22:14:10.362524" level="INFO">GET Response : url=https://randomuser.me/api 
 status=200, reason=OK 
 headers={'Date': 'Wed, 05 Jun 2024 22:14:10 GMT', 'Content-Type': 'application/json; charset=utf-8', 'Transfer-Encoding': 'chunked', 'Connection': 'keep-alive', 'X-Powered-By': 'Express', 'Access-Control-Allow-Origin': '*', 'Cache-Control': 'no-cache', 'ETag': 'W/"492-+Dr8SAo643W0S2Z54HRV96ZSci0"', 'Vary': 'Accept-Encoding', 'Content-Encoding': 'gzip', 'CF-Cache-Status': 'DYNAMIC', 'Report-To': '{"endpoints":[{"url":"https:\\/\\/a.nel.cloudflare.com\\/report\\/v4?s=gxa1seOY9MGmwYEovRDpRcL0%2F0hIrcVArwE3mdBQ4tINgOB89U%2BGFucMjBDVjvPGASosXxrRd97WSvGiK0hjLr4BiW%2BFl2eao3WQyDu8%2FDtd5TgtBtsQSWe7qR4AfTok"}],"group":"cf-nel","max_age":604800}', 'NEL': '{"success_fraction":0,"report_to":"cf-nel","max_age":604800}', 'Server': 'cloudflare', 'CF-RAY': '88f3839a2d5417da-SJC', 'alt-svc': 'h3=":443"; ma=86400'} 
 body={"results":[{"gender":"female","name":{"title":"Miss","first":"Dania","last":"Baijens"},"location":{"street":{"number":8345,"name":"Brionhof"},"city":"Rumpen","state":"Utrecht","country":"Netherlands","postcode":"0411 TP","coordinates":{"latitude":"30.3180","longitude":"127.4844"},"timezone":{"offset":"+8:00","description":"Beijing, Perth, Singapore, Hong Kong"}},"email":"dania.baijens@example.com","login":{"uuid":"204dd3bc-7ab7-4264-b548-cf8e0d2e2a69","username":"orangerabbit972","password":"dogs","salt":"OUDizsCw","md5":"3e9dfcaa8308f24c7cac053e8641a045","sha1":"7df1d25ae61549f966d3f014ffef799e2d45c354","sha256":"3d542839b8a860c80a961d0b171ca07a0e310376a55965951bccf4b5cec9bb7d"},"dob":{"date":"1976-06-27T00:44:20.063Z","age":47},"registered":{"date":"2020-05-01T01:16:05.357Z","age":4},"phone":"(0972) 023820","cell":"(06) 39360993","id":{"name":"BSN","value":"23167255"},"picture":{"large":"https://randomuser.me/api/portraits/women/0.jpg","medium":"https://randomuser.me/api/portraits/med/women/0.jpg","thumbnail":"https://randomuser.me/api/portraits/thumb/women/0.jpg"},"nat":"NL"}],"info":{"seed":"4422b4fe601f7e1f","results":1,"page":1,"version":"1.4"}} 
 </msg>
<msg time="2024-06-05T22:14:10.362591" level="INFO">/opt/hostedtoolcache/Python/3.12.3/x64/lib/python3.12/site-packages/urllib3/connectionpool.py:1103: InsecureRequestWarning: Unverified HTTPS request is being made to host 'randomuser.me'. Adding certificate verification is strongly advised. See: https://urllib3.readthedocs.io/en/latest/advanced-usage.html#tls-warnings
  warnings.warn(</msg>
<msg time="2024-06-05T22:14:10.362704" level="INFO">${response} = &lt;Response [200]&gt;</msg>
<var>${response}</var>
<arg>consultarAPI</arg>
<arg>/api</arg>
<doc>Sends a GET request on a previously created HTTP Session.</doc>
<status status="PASS" start="2024-06-05T22:14:10.262286" elapsed="0.100457"/>
</kw>
<kw name="Set Variable" owner="BuiltIn">
<msg time="2024-06-05T22:14:10.363682" level="INFO">${json_data} = {'results': [{'gender': 'female', 'name': {'title': 'Miss', 'first': 'Dania', 'last': 'Baijens'}, 'location': {'street': {'number': 8345, 'name': 'Brionhof'}, 'city': 'Rumpen', 'state': 'Utrecht', 'co...</msg>
<var>${json_data}</var>
<arg>${response.json()}</arg>
<doc>Returns the given values which can then be assigned to a variables.</doc>
<status status="PASS" start="2024-06-05T22:14:10.363181" elapsed="0.000531"/>
</kw>
<kw name="Log" owner="BuiltIn">
<msg time="2024-06-05T22:14:10.364177" level="INFO">{'results': [{'gender': 'female', 'name': {'title': 'Miss', 'first': 'Dania', 'last': 'Baijens'}, 'location': {'street': {'number': 8345, 'name': 'Brionhof'}, 'city': 'Rumpen', 'state': 'Utrecht', 'country': 'Netherlands', 'postcode': '0411 TP', 'coordinates': {'latitude': '30.3180', 'longitude': '127.4844'}, 'timezone': {'offset': '+8:00', 'description': 'Beijing, Perth, Singapore, Hong Kong'}}, 'email': 'dania.baijens@example.com', 'login': {'uuid': '204dd3bc-7ab7-4264-b548-cf8e0d2e2a69', 'username': 'orangerabbit972', 'password': 'dogs', 'salt': 'OUDizsCw', 'md5': '3e9dfcaa8308f24c7cac053e8641a045', 'sha1': '7df1d25ae61549f966d3f014ffef799e2d45c354', 'sha256': '3d542839b8a860c80a961d0b171ca07a0e310376a55965951bccf4b5cec9bb7d'}, 'dob': {'date': '1976-06-27T00:44:20.063Z', 'age': 47}, 'registered': {'date': '2020-05-01T01:16:05.357Z', 'age': 4}, 'phone': '(0972) 023820', 'cell': '(06) 39360993', 'id': {'name': 'BSN', 'value': '23167255'}, 'picture': {'large': 'https://randomuser.me/api/portraits/women/0.jpg', 'medium': 'https://randomuser.me/api/portraits/med/women/0.jpg', 'thumbnail': 'https://randomuser.me/api/portraits/thumb/women/0.jpg'}, 'nat': 'NL'}], 'info': {'seed': '4422b4fe601f7e1f', 'results': 1, 'page': 1, 'version': '1.4'}}</msg>
<arg>${json_data}</arg>
<doc>Logs the given message with the given level.</doc>
<status status="PASS" start="2024-06-05T22:14:10.364018" elapsed="0.000255"/>
</kw>
<kw name="Should Be String" owner="String">
<arg>${json_data['results'][0]['gender']}</arg>
<doc>Fails if the given ``item`` is not a string.</doc>
<status status="PASS" start="2024-06-05T22:14:10.364571" elapsed="0.000371"/>
</kw>
<kw name="Should Match Regexp" owner="BuiltIn">
<arg>${json_data['results'][0]['email']}</arg>
<arg>^[a-zA-Z0-9._%+-]+@[a-zA-Z0-9.-]+\.[a-zA-Z]{2,}$</arg>
<doc>Fails if ``string`` does not match ``pattern`` as a regular expression.</doc>
<status status="PASS" start="2024-06-05T22:14:10.365134" elapsed="0.000680"/>
</kw>
<kw name="Should Match Regexp" owner="BuiltIn">
<arg>${json_data['results'][0]['dob']['date']}</arg>
<arg>\\d{4}-\\d{2}-\\d{2}T\\d{2}:\\d{2}:\\d{2}\\.\\d{3}Z</arg>
<doc>Fails if ``string`` does not match ``pattern`` as a regular expression.</doc>
<status status="PASS" start="2024-06-05T22:14:10.366016" elapsed="0.000484"/>
</kw>
<kw name="Should Match Regexp" owner="BuiltIn">
<arg>${json_data['results'][0]['registered']['date']}</arg>
<arg>\\d{4}-\\d{2}-\\d{2}T\\d{2}:\\d{2}:\\d{2}\\.\\d{3}Z</arg>
<doc>Fails if ``string`` does not match ``pattern`` as a regular expression.</doc>
<status status="PASS" start="2024-06-05T22:14:10.366695" elapsed="0.000366"/>
</kw>
<kw name="Should Match Regexp" owner="BuiltIn">
<arg>${json_data['results'][0]['picture']['large']}</arg>
<arg>^https?://.*\.(?:png|jpe?g|gif|bmp)$</arg>
<doc>Fails if ``string`` does not match ``pattern`` as a regular expression.</doc>
<status status="PASS" start="2024-06-05T22:14:10.367250" elapsed="0.000463"/>
</kw>
<kw name="Should Match Regexp" owner="BuiltIn">
<arg>${json_data['results'][0]['picture']['medium']}</arg>
<arg>^https?://.*\.(?:png|jpe?g|gif|bmp)$</arg>
<doc>Fails if ``string`` does not match ``pattern`` as a regular expression.</doc>
<status status="PASS" start="2024-06-05T22:14:10.367903" elapsed="0.000351"/>
</kw>
<kw name="Should Match Regexp" owner="BuiltIn">
<arg>${json_data['results'][0]['picture']['thumbnail']}</arg>
<arg>^https?://.*\.(?:png|jpe?g|gif|bmp)$</arg>
<doc>Fails if ``string`` does not match ``pattern`` as a regular expression.</doc>
<status status="PASS" start="2024-06-05T22:14:10.368443" elapsed="0.000348"/>
</kw>
<kw name="Log" owner="BuiltIn">
<msg time="2024-06-05T22:14:10.369292" level="INFO">{'large': 'https://randomuser.me/api/portraits/women/0.jpg', 'medium': 'https://randomuser.me/api/portraits/med/women/0.jpg', 'thumbnail': 'https://randomuser.me/api/portraits/thumb/women/0.jpg'}</msg>
<arg>${json_data['results'][0]['picture']}</arg>
<doc>Logs the given message with the given level.</doc>
<status status="PASS" start="2024-06-05T22:14:10.368973" elapsed="0.000360"/>
</kw>
<status status="PASS" start="2024-06-05T22:14:10.262051" elapsed="0.107559"/>
</kw>
<kw name="Teste de Tipos de Dados - Postcode" owner="random-user-service">
<kw name="GET On Session" owner="RequestsLibrary">
<msg time="2024-06-05T22:14:10.460572" level="INFO">GET Request : url=https://randomuser.me/api 
 path_url=/api 
 headers={'User-Agent': 'python-requests/2.32.3', 'Accept-Encoding': 'gzip, deflate', 'Accept': '*/*', 'Connection': 'keep-alive'} 
 body=None 
 </msg>
<msg time="2024-06-05T22:14:10.460656" level="INFO">GET Response : url=https://randomuser.me/api 
 status=200, reason=OK 
 headers={'Date': 'Wed, 05 Jun 2024 22:14:10 GMT', 'Content-Type': 'application/json; charset=utf-8', 'Transfer-Encoding': 'chunked', 'Connection': 'keep-alive', 'X-Powered-By': 'Express', 'Access-Control-Allow-Origin': '*', 'Cache-Control': 'no-cache', 'ETag': 'W/"474-i0gnPWLLi0Q/h6xJ4K7cxxaYmv4"', 'Vary': 'Accept-Encoding', 'Content-Encoding': 'gzip', 'CF-Cache-Status': 'DYNAMIC', 'Report-To': '{"endpoints":[{"url":"https:\\/\\/a.nel.cloudflare.com\\/report\\/v4?s=njQAoclEH8xUg5vmULqkWrCSchulKcyFZ49xDuF9Yku0VLuiP6UEhJyi8G2n%2Bwr%2FmWrDHoaa7Tb8kDUYQfXYA3u8NnNyb5qd7NypJBSNr76i%2Bnhi21FR7%2F3nNh9jcVZl"}],"group":"cf-nel","max_age":604800}', 'NEL': '{"success_fraction":0,"report_to":"cf-nel","max_age":604800}', 'Server': 'cloudflare', 'CF-RAY': '88f3839ade0517da-SJC', 'alt-svc': 'h3=":443"; ma=86400'} 
 body={"results":[{"gender":"male","name":{"title":"Mr","first":"Richard","last":"Kelley"},"location":{"street":{"number":2375,"name":"Valwood Pkwy"},"city":"Darwin","state":"Queensland","country":"Australia","postcode":3540,"coordinates":{"latitude":"-85.5654","longitude":"-32.9815"},"timezone":{"offset":"+5:45","description":"Kathmandu"}},"email":"richard.kelley@example.com","login":{"uuid":"c7c3d574-48de-437f-9fab-2440afbda2d6","username":"purpleostrich223","password":"vertigo","salt":"tI13mB0Z","md5":"51196c547d687b69c80d3c1549fc7ffa","sha1":"e47002c068b5629ded842b96f9089fa529b54cbd","sha256":"5082a13b7fd09dbe523fa72d85da99b1338f152310dd5f3182ec9b330dcc29d9"},"dob":{"date":"1962-05-08T22:44:56.042Z","age":62},"registered":{"date":"2008-01-01T18:50:32.575Z","age":16},"phone":"06-9786-1848","cell":"0466-547-668","id":{"name":"TFN","value":"993191568"},"picture":{"large":"https://randomuser.me/api/portraits/men/2.jpg","medium":"https://randomuser.me/api/portraits/med/men/2.jpg","thumbnail":"https://randomuser.me/api/portraits/thumb/men/2.jpg"},"nat":"AU"}],"info":{"seed":"4958e98adfa34083","results":1,"page":1,"version":"1.4"}} 
 </msg>
<msg time="2024-06-05T22:14:10.460715" level="INFO">/opt/hostedtoolcache/Python/3.12.3/x64/lib/python3.12/site-packages/urllib3/connectionpool.py:1103: InsecureRequestWarning: Unverified HTTPS request is being made to host 'randomuser.me'. Adding certificate verification is strongly advised. See: https://urllib3.readthedocs.io/en/latest/advanced-usage.html#tls-warnings
  warnings.warn(</msg>
<msg time="2024-06-05T22:14:10.460802" level="INFO">${response} = &lt;Response [200]&gt;</msg>
<var>${response}</var>
<arg>consultarAPI</arg>
<arg>/api</arg>
<doc>Sends a GET request on a previously created HTTP Session.</doc>
<status status="PASS" start="2024-06-05T22:14:10.370095" elapsed="0.090730"/>
</kw>
<kw name="Set Variable" owner="BuiltIn">
<msg time="2024-06-05T22:14:10.461706" level="INFO">${json_data} = {'results': [{'gender': 'male', 'name': {'title': 'Mr', 'first': 'Richard', 'last': 'Kelley'}, 'location': {'street': {'number': 2375, 'name': 'Valwood Pkwy'}, 'city': 'Darwin', 'state': 'Queensland',...</msg>
<var>${json_data}</var>
<arg>${response.json()}</arg>
<doc>Returns the given values which can then be assigned to a variables.</doc>
<status status="PASS" start="2024-06-05T22:14:10.461241" elapsed="0.000494"/>
</kw>
<kw name="Log" owner="BuiltIn">
<msg time="2024-06-05T22:14:10.462245" level="INFO">{'results': [{'gender': 'male', 'name': {'title': 'Mr', 'first': 'Richard', 'last': 'Kelley'}, 'location': {'street': {'number': 2375, 'name': 'Valwood Pkwy'}, 'city': 'Darwin', 'state': 'Queensland', 'country': 'Australia', 'postcode': 3540, 'coordinates': {'latitude': '-85.5654', 'longitude': '-32.9815'}, 'timezone': {'offset': '+5:45', 'description': 'Kathmandu'}}, 'email': 'richard.kelley@example.com', 'login': {'uuid': 'c7c3d574-48de-437f-9fab-2440afbda2d6', 'username': 'purpleostrich223', 'password': 'vertigo', 'salt': 'tI13mB0Z', 'md5': '51196c547d687b69c80d3c1549fc7ffa', 'sha1': 'e47002c068b5629ded842b96f9089fa529b54cbd', 'sha256': '5082a13b7fd09dbe523fa72d85da99b1338f152310dd5f3182ec9b330dcc29d9'}, 'dob': {'date': '1962-05-08T22:44:56.042Z', 'age': 62}, 'registered': {'date': '2008-01-01T18:50:32.575Z', 'age': 16}, 'phone': '06-9786-1848', 'cell': '0466-547-668', 'id': {'name': 'TFN', 'value': '993191568'}, 'picture': {'large': 'https://randomuser.me/api/portraits/men/2.jpg', 'medium': 'https://randomuser.me/api/portraits/med/men/2.jpg', 'thumbnail': 'https://randomuser.me/api/portraits/thumb/men/2.jpg'}, 'nat': 'AU'}], 'info': {'seed': '4958e98adfa34083', 'results': 1, 'page': 1, 'version': '1.4'}}</msg>
<arg>${json_data}</arg>
<doc>Logs the given message with the given level.</doc>
<status status="PASS" start="2024-06-05T22:14:10.462090" elapsed="0.000233"/>
</kw>
<kw name="Should Be Equal As Numbers" owner="BuiltIn">
<arg>${json_data['results'][0]['location']['postcode']}</arg>
<arg>${json_data['results'][0]['location']['postcode']}</arg>
<doc>Fails if objects are unequal after converting them to real numbers.</doc>
<status status="PASS" start="2024-06-05T22:14:10.462624" elapsed="0.000616"/>
</kw>
<kw name="Log" owner="BuiltIn">
<msg time="2024-06-05T22:14:10.463778" level="INFO">3540</msg>
<arg>${json_data['results'][0]['location']['postcode']}</arg>
<doc>Logs the given message with the given level.</doc>
<status status="PASS" start="2024-06-05T22:14:10.463437" elapsed="0.000382"/>
</kw>
<status status="PASS" start="2024-06-05T22:14:10.369862" elapsed="0.094206"/>
</kw>
<doc>Testa se os tipos de dados na resposta da API estão corretos.</doc>
<tag>testeTiposDados</tag>
<status status="PASS" start="2024-06-05T22:14:10.261510" elapsed="0.202722"/>
</test>
<test id="s1-s1-t5" name="Validar conteudo" line="35">
<kw name="Teste de Tipos de Conteudo" owner="random-user-service">
<kw name="GET On Session" owner="RequestsLibrary">
<msg time="2024-06-05T22:14:10.562137" level="INFO">GET Request : url=https://randomuser.me/api 
 path_url=/api 
 headers={'User-Agent': 'python-requests/2.32.3', 'Accept-Encoding': 'gzip, deflate', 'Accept': '*/*', 'Connection': 'keep-alive'} 
 body=None 
 </msg>
<msg time="2024-06-05T22:14:10.562225" level="INFO">GET Response : url=https://randomuser.me/api 
 status=200, reason=OK 
 headers={'Date': 'Wed, 05 Jun 2024 22:14:10 GMT', 'Content-Type': 'application/json; charset=utf-8', 'Transfer-Encoding': 'chunked', 'Connection': 'keep-alive', 'X-Powered-By': 'Express', 'Access-Control-Allow-Origin': '*', 'Cache-Control': 'no-cache', 'ETag': 'W/"4a3-7qhbugTKq7rjGjprnWp4iXtTi6s"', 'Vary': 'Accept-Encoding', 'Content-Encoding': 'gzip', 'CF-Cache-Status': 'DYNAMIC', 'Report-To': '{"endpoints":[{"url":"https:\\/\\/a.nel.cloudflare.com\\/report\\/v4?s=OHEacX%2BASEAz8Aj%2BqYDJV0Wp1gzGK4mj%2FEwoW0RKlJWxUN20b1o0qephr5GmzEnGCCStax5wJYVPK1f95A83%2FNKVrFTRD1Sqkv7elt0QrLsLcJRlBOskL5i0UW%2ButvLp"}],"group":"cf-nel","max_age":604800}', 'NEL': '{"success_fraction":0,"report_to":"cf-nel","max_age":604800}', 'Server': 'cloudflare', 'CF-RAY': '88f3839b7e8b17da-SJC', 'alt-svc': 'h3=":443"; ma=86400'} 
 body={"results":[{"gender":"female","name":{"title":"Madame","first":"Simona","last":"Nguyen"},"location":{"street":{"number":4743,"name":"Place de la Mairie"},"city":"Gonten","state":"Graubünden","country":"Switzerland","postcode":4053,"coordinates":{"latitude":"-59.8719","longitude":"111.2116"},"timezone":{"offset":"-1:00","description":"Azores, Cape Verde Islands"}},"email":"simona.nguyen@example.com","login":{"uuid":"eb367456-4a02-4d28-9e2a-deb73959ee0a","username":"purplesnake940","password":"blizzard","salt":"Mbk2iGZ3","md5":"a9bf4a1949092e01b1fdda7d01f6f779","sha1":"59137692f3ce03184b4a1020fcb2868829f055d6","sha256":"5676e2b768203d492e48d705e8e5418a2b200cd8c783460de9beb8541ce01860"},"dob":{"date":"1986-12-17T19:02:31.041Z","age":37},"registered":{"date":"2011-10-04T13:01:06.484Z","age":12},"phone":"078 980 69 79","cell":"079 541 55 30","id":{"name":"AVS","value":"756.4870.2823.43"},"picture":{"large":"https://randomuser.me/api/portraits/women/20.jpg","medium":"https://randomuser.me/api/portraits/med/women/20.jpg","thumbnail":"https://randomuser.me/api/portraits/thumb/women/20.jpg"},"nat":"CH"}],"info":{"seed":"d518132e6eb06500","results":1,"page":1,"version":"1.4"}} 
 </msg>
<msg time="2024-06-05T22:14:10.562301" level="INFO">/opt/hostedtoolcache/Python/3.12.3/x64/lib/python3.12/site-packages/urllib3/connectionpool.py:1103: InsecureRequestWarning: Unverified HTTPS request is being made to host 'randomuser.me'. Adding certificate verification is strongly advised. See: https://urllib3.readthedocs.io/en/latest/advanced-usage.html#tls-warnings
  warnings.warn(</msg>
<msg time="2024-06-05T22:14:10.562420" level="INFO">${response} = &lt;Response [200]&gt;</msg>
<var>${response}</var>
<arg>consultarAPI</arg>
<arg>/api</arg>
<doc>Sends a GET request on a previously created HTTP Session.</doc>
<status status="PASS" start="2024-06-05T22:14:10.466748" elapsed="0.095716"/>
</kw>
<kw name="Set Variable" owner="BuiltIn">
<msg time="2024-06-05T22:14:10.563470" level="INFO">${json_data} = {'results': [{'gender': 'female', 'name': {'title': 'Madame', 'first': 'Simona', 'last': 'Nguyen'}, 'location': {'street': {'number': 4743, 'name': 'Place de la Mairie'}, 'city': 'Gonten', 'state': 'G...</msg>
<var>${json_data}</var>
<arg>${response.json()}</arg>
<doc>Returns the given values which can then be assigned to a variables.</doc>
<status status="PASS" start="2024-06-05T22:14:10.563010" elapsed="0.000488"/>
</kw>
<kw name="Set Variable" owner="BuiltIn">
<msg time="2024-06-05T22:14:10.564177" level="INFO">${name_title} = Madame</msg>
<var>${name_title}</var>
<arg>${json_data["results"][0]["name"]["title"]}</arg>
<doc>Returns the given values which can then be assigned to a variables.</doc>
<status status="PASS" start="2024-06-05T22:14:10.563798" elapsed="0.000405"/>
</kw>
<kw name="Create List" owner="BuiltIn">
<msg time="2024-06-05T22:14:10.564648" level="INFO">${allowed_titles} = ['Mr', 'Ms', 'Miss', 'Mrs', 'Madame', 'Monsieur']</msg>
<var>${allowed_titles}</var>
<arg>Mr</arg>
<arg>Ms</arg>
<arg>Miss</arg>
<arg>Mrs</arg>
<arg>Madame</arg>
<arg>Monsieur</arg>
<doc>Returns a list containing given items.</doc>
<status status="PASS" start="2024-06-05T22:14:10.564499" elapsed="0.000173"/>
</kw>
<kw name="List Should Contain Value" owner="Collections">
<msg time="2024-06-05T22:14:10.565143" level="INFO">False</msg>
<arg>${allowed_titles}</arg>
<arg>${name_title}</arg>
<doc>Fails if the ``value`` is not found from ``list``.</doc>
<status status="PASS" start="2024-06-05T22:14:10.564969" elapsed="0.000210"/>
</kw>
<kw name="Set Variable" owner="BuiltIn">
<msg time="2024-06-05T22:14:10.566066" level="INFO">${name_country} = CH</msg>
<var>${name_country}</var>
<arg>${json_data["results"][0]["nat"]}</arg>
<doc>Returns the given values which can then be assigned to a variables.</doc>
<status status="PASS" start="2024-06-05T22:14:10.565468" elapsed="0.000624"/>
</kw>
<kw name="Create List" owner="BuiltIn">
<msg time="2024-06-05T22:14:10.567008" level="INFO">${list_country} = ['AD', 'AE', 'AF', 'AG', 'AI', 'AL', 'AM', 'AO', 'AQ', 'AR', 'AS', 'AT', 'AU', 'AW', 'AX', 'AZ', 'BA', 'BB', 'BD', 'BE', 'BF', 'BG', 'BH', 'BI', 'BJ', 'BL', 'BM', 'BN', 'BO', 'BQ', 'BR', 'BS', 'BT', '...</msg>
<var>${list_country}</var>
<arg>AD</arg>
<arg>AE</arg>
<arg>AF</arg>
<arg>AG</arg>
<arg>AI</arg>
<arg>AL</arg>
<arg>AM</arg>
<arg>AO</arg>
<arg>AQ</arg>
<arg>AR</arg>
<arg>AS</arg>
<arg>AT</arg>
<arg>AU</arg>
<arg>AW</arg>
<arg>AX</arg>
<arg>AZ</arg>
<arg>BA</arg>
<arg>BB</arg>
<arg>BD</arg>
<arg>BE</arg>
<arg>BF</arg>
<arg>BG</arg>
<arg>BH</arg>
<arg>BI</arg>
<arg>BJ</arg>
<arg>BL</arg>
<arg>BM</arg>
<arg>BN</arg>
<arg>BO</arg>
<arg>BQ</arg>
<arg>BR</arg>
<arg>BS</arg>
<arg>BT</arg>
<arg>BV</arg>
<arg>BW</arg>
<arg>BY</arg>
<arg>BZ</arg>
<arg>CA</arg>
<arg>CC</arg>
<arg>CD</arg>
<arg>CF</arg>
<arg>CG</arg>
<arg>CH</arg>
<arg>CI</arg>
<arg>CK</arg>
<arg>CL</arg>
<arg>CM</arg>
<arg>CN</arg>
<arg>CO</arg>
<arg>CR</arg>
<arg>CU</arg>
<arg>CV</arg>
<arg>CW</arg>
<arg>CX</arg>
<arg>CY</arg>
<arg>CZ</arg>
<arg>DE</arg>
<arg>DJ</arg>
<arg>DK</arg>
<arg>DM</arg>
<arg>DO</arg>
<arg>DZ</arg>
<arg>EC</arg>
<arg>EE</arg>
<arg>EG</arg>
<arg>EH</arg>
<arg>ER</arg>
<arg>ES</arg>
<arg>ET</arg>
<arg>FI</arg>
<arg>FJ</arg>
<arg>FK</arg>
<arg>FM</arg>
<arg>FO</arg>
<arg>FR</arg>
<arg>GA</arg>
<arg>GB</arg>
<arg>GD</arg>
<arg>GE</arg>
<arg>GF</arg>
<arg>GG</arg>
<arg>GH</arg>
<arg>GI</arg>
<arg>GL</arg>
<arg>GM</arg>
<arg>GN</arg>
<arg>GP</arg>
<arg>GQ</arg>
<arg>GR</arg>
<arg>GS</arg>
<arg>GT</arg>
<arg>GU</arg>
<arg>GW</arg>
<arg>GY</arg>
<arg>HK</arg>
<arg>HM</arg>
<arg>HN</arg>
<arg>HR</arg>
<arg>HT</arg>
<arg>HU</arg>
<arg>ID</arg>
<arg>IE</arg>
<arg>IL</arg>
<arg>IM</arg>
<arg>IN</arg>
<arg>IO</arg>
<arg>IQ</arg>
<arg>IR</arg>
<arg>IS</arg>
<arg>IT</arg>
<arg>JE</arg>
<arg>JM</arg>
<arg>JO</arg>
<arg>JP</arg>
<arg>KE</arg>
<arg>KG</arg>
<arg>KH</arg>
<arg>KI</arg>
<arg>KM</arg>
<arg>KN</arg>
<arg>KP</arg>
<arg>KR</arg>
<arg>KW</arg>
<arg>KY</arg>
<arg>KZ</arg>
<arg>LA</arg>
<arg>LB</arg>
<arg>LC</arg>
<arg>LI</arg>
<arg>LK</arg>
<arg>LR</arg>
<arg>LS</arg>
<arg>LT</arg>
<arg>LU</arg>
<arg>LV</arg>
<arg>LY</arg>
<arg>MA</arg>
<arg>MC</arg>
<arg>MD</arg>
<arg>ME</arg>
<arg>MF</arg>
<arg>MG</arg>
<arg>MH</arg>
<arg>MK</arg>
<arg>ML</arg>
<arg>MM</arg>
<arg>MN</arg>
<arg>MO</arg>
<arg>MP</arg>
<arg>MQ</arg>
<arg>MR</arg>
<arg>MS</arg>
<arg>MT</arg>
<arg>MU</arg>
<arg>MV</arg>
<arg>MW</arg>
<arg>MX</arg>
<arg>MY</arg>
<arg>MZ</arg>
<arg>NA</arg>
<arg>NC</arg>
<arg>NE</arg>
<arg>NF</arg>
<arg>NG</arg>
<arg>NI</arg>
<arg>NL</arg>
<arg>NO</arg>
<arg>NP</arg>
<arg>NR</arg>
<arg>NU</arg>
<arg>NZ</arg>
<arg>OM</arg>
<arg>PA</arg>
<arg>PE</arg>
<arg>PF</arg>
<arg>PG</arg>
<arg>PH</arg>
<arg>PK</arg>
<arg>PL</arg>
<arg>PM</arg>
<arg>PN</arg>
<arg>PR</arg>
<arg>PS</arg>
<arg>PT</arg>
<arg>PW</arg>
<arg>PY</arg>
<arg>QA</arg>
<arg>RE</arg>
<arg>RO</arg>
<arg>RS</arg>
<arg>RU</arg>
<arg>RW</arg>
<arg>SA</arg>
<arg>SB</arg>
<arg>SC</arg>
<arg>SD</arg>
<arg>SE</arg>
<arg>SG</arg>
<arg>SH</arg>
<arg>SI</arg>
<arg>SJ</arg>
<arg>SK</arg>
<arg>SL</arg>
<arg>SM</arg>
<arg>SN</arg>
<arg>SO</arg>
<arg>SR</arg>
<arg>SS</arg>
<arg>ST</arg>
<arg>SV</arg>
<arg>SX</arg>
<arg>SY</arg>
<arg>SZ</arg>
<arg>TC</arg>
<arg>TD</arg>
<arg>TF</arg>
<arg>TG</arg>
<arg>TH</arg>
<arg>TJ</arg>
<arg>TK</arg>
<arg>TL</arg>
<arg>TM</arg>
<arg>TN</arg>
<arg>TO</arg>
<arg>TR</arg>
<arg>TT</arg>
<arg>TV</arg>
<arg>TW</arg>
<arg>TZ</arg>
<arg>UA</arg>
<arg>UG</arg>
<arg>UM</arg>
<arg>US</arg>
<arg>UY</arg>
<arg>UZ</arg>
<arg>VA</arg>
<arg>VC</arg>
<arg>VE</arg>
<arg>VG</arg>
<arg>VI</arg>
<arg>VN</arg>
<arg>VU</arg>
<arg>WF</arg>
<arg>WS</arg>
<arg>XK</arg>
<arg>YE</arg>
<arg>YT</arg>
<arg>ZA</arg>
<arg>ZM</arg>
<arg>ZW</arg>
<doc>Returns a list containing given items.</doc>
<status status="PASS" start="2024-06-05T22:14:10.566404" elapsed="0.000630"/>
</kw>
<kw name="List Should Contain Value" owner="Collections">
<msg time="2024-06-05T22:14:10.568026" level="INFO">False</msg>
<arg>${list_country}</arg>
<arg>${name_country}</arg>
<doc>Fails if the ``value`` is not found from ``list``.</doc>
<status status="PASS" start="2024-06-05T22:14:10.567825" elapsed="0.000237"/>
</kw>
<kw name="Run Keyword If" owner="BuiltIn">
<kw name="Should Be True" owner="BuiltIn">
<arg>${True}</arg>
<doc>Fails if the given condition is not true.</doc>
<status status="PASS" start="2024-06-05T22:14:10.569120" elapsed="0.000151"/>
</kw>
<arg>${json_data["results"][0]["location"]["coordinates"]["latitude"]} &gt;= -90 and ${json_data["results"][0]["location"]["coordinates"]["latitude"]} &lt;= 90</arg>
<arg>Should Be True</arg>
<arg>${True}</arg>
<doc>Runs the given keyword with the given arguments, if ``condition`` is true.</doc>
<status status="PASS" start="2024-06-05T22:14:10.568373" elapsed="0.001024"/>
</kw>
<kw name="Run Keyword If" owner="BuiltIn">
<kw name="Should Be True" owner="BuiltIn">
<arg>${True}</arg>
<doc>Fails if the given condition is not true.</doc>
<status status="PASS" start="2024-06-05T22:14:10.570302" elapsed="0.000138"/>
</kw>
<arg>${json_data["results"][0]["location"]["coordinates"]["longitude"]} &gt;= -180 and ${json_data["results"][0]["location"]["coordinates"]["longitude"]} &lt;= 180</arg>
<arg>Should Be True</arg>
<arg>${True}</arg>
<doc>Runs the given keyword with the given arguments, if ``condition`` is true.</doc>
<status status="PASS" start="2024-06-05T22:14:10.569590" elapsed="0.000971"/>
</kw>
<status status="PASS" start="2024-06-05T22:14:10.466525" elapsed="0.104161"/>
</kw>
<doc>Testa o conteúdo específico dos campos retornados pela API.</doc>
<tag>testeConteudo</tag>
<status status="PASS" start="2024-06-05T22:14:10.465993" elapsed="0.104837"/>
</test>
<status status="PASS" start="2024-06-05T22:14:09.406982" elapsed="1.165705"/>
</suite>
<status status="PASS" start="2024-06-05T22:14:09.393516" elapsed="1.184293"/>
</suite>
<statistics>
<total>
<stat pass="5" fail="0" skip="0">All Tests</stat>
</total>
<tag>
<stat pass="1" fail="0" skip="0">testeConteudo</stat>
<stat pass="1" fail="0" skip="0">testeEstruturaResposta</stat>
<stat pass="1" fail="0" skip="0">testeRequisicaoBasica</stat>
<stat pass="1" fail="0" skip="0">testeTiposDados</stat>
</tag>
<suite>
<stat pass="5" fail="0" skip="0" id="s1" name="Tests">Tests</stat>
<stat pass="5" fail="0" skip="0" id="s1-s1" name="Random-User-Test">Tests.Random-User-Test</stat>
</suite>
</statistics>
<errors>
</errors>
</robot>
