<?xml version="1.0" encoding="UTF-8"?>
<robot generator="Robot 7.0 (Python 3.12.2 on linux)" generated="2024-04-11T21:13:29.221345" rpa="false" schemaversion="5">
<suite id="s1" name="Tests" source="/home/runner/work/DesafioQAItauRogerioJordao/DesafioQAItauRogerioJordao/RamdonUser/tests">
<suite id="s1-s1" name="Random-User-Test" source="/home/runner/work/DesafioQAItauRogerioJordao/DesafioQAItauRogerioJordao/RamdonUser/tests/random-user-test.robot">
<test id="s1-s1-t1" name="Conectar" line="13">
<kw name="Conectar API" owner="random-user-service">
<kw name="Create Session" owner="RequestsLibrary">
<msg time="2024-04-11T21:13:29.572936" level="INFO">Creating Session using : alias=consultarAPI, url=https://randomuser.me/, headers={},                     cookies={}, auth=None, timeout=None, proxies=None, verify=False,                     debug=0 </msg>
<arg>consultarAPI</arg>
<arg>${URL}</arg>
<doc>Create Session: create a HTTP session to a server</doc>
<status status="PASS" start="2024-04-11T21:13:29.572730" elapsed="0.000378"/>
</kw>
<status status="PASS" start="2024-04-11T21:13:29.571661" elapsed="0.001798"/>
</kw>
<status status="PASS" start="2024-04-11T21:13:29.570996" elapsed="0.002670"/>
</test>
<test id="s1-s1-t2" name="Validar retorno 200 e JSON Válido" line="16">
<kw name="Teste de Requisicao Basica" owner="random-user-service">
<kw name="GET On Session" owner="RequestsLibrary">
<msg time="2024-04-11T21:13:29.692274" level="INFO">GET Request : url=https://randomuser.me/api 
 path_url=/api 
 headers={'User-Agent': 'python-requests/2.31.0', 'Accept-Encoding': 'gzip, deflate', 'Accept': '*/*', 'Connection': 'keep-alive'} 
 body=None 
 </msg>
<msg time="2024-04-11T21:13:29.692431" level="INFO">GET Response : url=https://randomuser.me/api 
 status=200, reason=OK 
 headers={'Date': 'Thu, 11 Apr 2024 21:13:29 GMT', 'Content-Type': 'application/json; charset=utf-8', 'Transfer-Encoding': 'chunked', 'Connection': 'keep-alive', 'X-Powered-By': 'Express', 'Access-Control-Allow-Origin': '*', 'Cache-Control': 'no-cache', 'ETag': 'W/"48a-+CUpaP1rRloIeP/8mPvkVrz7zwU"', 'Vary': 'Accept-Encoding', 'Content-Encoding': 'gzip', 'CF-Cache-Status': 'DYNAMIC', 'Report-To': '{"endpoints":[{"url":"https:\\/\\/a.nel.cloudflare.com\\/report\\/v4?s=%2FbH8kQQHfgbKNJJQ7iO%2BtKHDBKMRIQzVNSFjDFDQmg48F%2FwvGIr3mzaoWhTCKsxfory3YL%2FV0eEiT13xhGPEDISfVmpYIV9HOkk57eQHXCiBhMu8yOZ5fZId5u98%2F5Bc"}],"group":"cf-nel","max_age":604800}', 'NEL': '{"success_fraction":0,"report_to":"cf-nel","max_age":604800}', 'Server': 'cloudflare', 'CF-RAY': '872dfb1808cdfa52-SJC', 'alt-svc': 'h3=":443"; ma=86400'} 
 body={"results":[{"gender":"female","name":{"title":"Ms","first":"Marilou","last":"Addy"},"location":{"street":{"number":85,"name":"York St"},"city":"Elgin","state":"Northwest Territories","country":"Canada","postcode":"R8G 7J1","coordinates":{"latitude":"-65.3300","longitude":"49.8671"},"timezone":{"offset":"-1:00","description":"Azores, Cape Verde Islands"}},"email":"marilou.addy@example.com","login":{"uuid":"c0f60f46-15ee-406f-999e-28895b732cf2","username":"whitedog579","password":"middle","salt":"w44cz0KL","md5":"3181d8bb42255f323ca38d52c9eeb131","sha1":"264610b657671467ffe29ac088e2a3415692d198","sha256":"3ab42df1b817b199151d8d63fa8a9152fcfbf9fe32d47b2201be56a2eaf2263f"},"dob":{"date":"1975-03-23T18:05:08.677Z","age":49},"registered":{"date":"2013-08-21T22:45:23.968Z","age":10},"phone":"T42 E79-1133","cell":"W44 O25-7500","id":{"name":"SIN","value":"523956613"},"picture":{"large":"https://randomuser.me/api/portraits/women/31.jpg","medium":"https://randomuser.me/api/portraits/med/women/31.jpg","thumbnail":"https://randomuser.me/api/portraits/thumb/women/31.jpg"},"nat":"CA"}],"info":{"seed":"5f3f7cf83e2d699b","results":1,"page":1,"version":"1.4"}} 
 </msg>
<msg time="2024-04-11T21:13:29.692506" level="INFO">/opt/hostedtoolcache/Python/3.12.2/x64/lib/python3.12/site-packages/urllib3/connectionpool.py:1103: InsecureRequestWarning: Unverified HTTPS request is being made to host 'randomuser.me'. Adding certificate verification is strongly advised. See: https://urllib3.readthedocs.io/en/latest/advanced-usage.html#tls-warnings
  warnings.warn(</msg>
<msg time="2024-04-11T21:13:29.692649" level="INFO">${response} = &lt;Response [200]&gt;</msg>
<var>${response}</var>
<arg>consultarAPI</arg>
<arg>/api</arg>
<doc>Sends a GET request on a previously created HTTP Session.</doc>
<status status="PASS" start="2024-04-11T21:13:29.576355" elapsed="0.116327"/>
</kw>
<kw name="Should Be Equal As Numbers" owner="BuiltIn">
<msg time="2024-04-11T21:13:29.693599" level="INFO">Argument types are:
&lt;class 'int'&gt;
&lt;class 'str'&gt;</msg>
<arg>${response.status_code}</arg>
<arg>200</arg>
<doc>Fails if objects are unequal after converting them to real numbers.</doc>
<status status="PASS" start="2024-04-11T21:13:29.693156" elapsed="0.000508"/>
</kw>
<kw name="Log" owner="BuiltIn">
<msg time="2024-04-11T21:13:29.694361" level="INFO">200</msg>
<arg>${response.status_code}</arg>
<doc>Logs the given message with the given level.</doc>
<status status="PASS" start="2024-04-11T21:13:29.694003" elapsed="0.000400"/>
</kw>
<kw name="Set Variable" owner="BuiltIn">
<msg time="2024-04-11T21:13:29.695178" level="INFO">${json_data} = {'results': [{'gender': 'female', 'name': {'title': 'Ms', 'first': 'Marilou', 'last': 'Addy'}, 'location': {'street': {'number': 85, 'name': 'York St'}, 'city': 'Elgin', 'state': 'Northwest Territorie...</msg>
<var>${json_data}</var>
<arg>${response.json()}</arg>
<doc>Returns the given values which can then be assigned to a variables.</doc>
<status status="PASS" start="2024-04-11T21:13:29.694739" elapsed="0.000466"/>
</kw>
<kw name="Dictionary Should Contain Key" owner="Collections">
<msg time="2024-04-11T21:13:29.695677" level="INFO">False</msg>
<arg>${json_data}</arg>
<arg>results</arg>
<doc>Fails if ``key`` is not found from ``dictionary``.</doc>
<status status="PASS" start="2024-04-11T21:13:29.695509" elapsed="0.000208"/>
</kw>
<status status="PASS" start="2024-04-11T21:13:29.576093" elapsed="0.119881"/>
</kw>
<doc>Testa se a API responde corretamente e retorna um objeto JSON válido.</doc>
<tag>testeRequisicaoBasica</tag>
<status status="PASS" start="2024-04-11T21:13:29.575512" elapsed="0.120693"/>
</test>
<test id="s1-s1-t3" name="Validar estrutura de resposta" line="22">
<kw name="Teste de Estrutura de Resposta" owner="random-user-service">
<kw name="GET On Session" owner="RequestsLibrary">
<msg time="2024-04-11T21:13:29.792145" level="INFO">GET Request : url=https://randomuser.me/api 
 path_url=/api 
 headers={'User-Agent': 'python-requests/2.31.0', 'Accept-Encoding': 'gzip, deflate', 'Accept': '*/*', 'Connection': 'keep-alive'} 
 body=None 
 </msg>
<msg time="2024-04-11T21:13:29.792234" level="INFO">GET Response : url=https://randomuser.me/api 
 status=200, reason=OK 
 headers={'Date': 'Thu, 11 Apr 2024 21:13:29 GMT', 'Content-Type': 'application/json; charset=utf-8', 'Transfer-Encoding': 'chunked', 'Connection': 'keep-alive', 'X-Powered-By': 'Express', 'Access-Control-Allow-Origin': '*', 'Cache-Control': 'no-cache', 'ETag': 'W/"487-9ukZ+fv/9hCgK/K/f7rkc2p+J5s"', 'Vary': 'Accept-Encoding', 'Content-Encoding': 'gzip', 'CF-Cache-Status': 'DYNAMIC', 'Report-To': '{"endpoints":[{"url":"https:\\/\\/a.nel.cloudflare.com\\/report\\/v4?s=y5mx7zJzdF9d6eD3v130eZPiXBzaL0QdoC3r4Vsu0nUiPf2OWZobQyR%2FN1L4mlLbLgZmlPuBW81522do2Mbv9ilMAx9P0tp5zFxyxXQ%2BTIM%2F6tpLEzrwVjwNQR7ZFgTz"}],"group":"cf-nel","max_age":604800}', 'NEL': '{"success_fraction":0,"report_to":"cf-nel","max_age":604800}', 'Server': 'cloudflare', 'CF-RAY': '872dfb18a93ffa52-SJC', 'alt-svc': 'h3=":443"; ma=86400'} 
 body={"results":[{"gender":"male","name":{"title":"Mr","first":"Jared","last":"Robinson"},"location":{"street":{"number":234,"name":"York Road"},"city":"Ballina","state":"Kerry","country":"Ireland","postcode":20646,"coordinates":{"latitude":"-0.4212","longitude":"-13.4451"},"timezone":{"offset":"+5:30","description":"Bombay, Calcutta, Madras, New Delhi"}},"email":"jared.robinson@example.com","login":{"uuid":"7cb0f151-c030-4380-90c1-e0f34d7c7126","username":"smallbutterfly917","password":"13131313","salt":"XaodnGcJ","md5":"986e4144f6c00325deabef6bfb395477","sha1":"63e65fa7e2ac4cb477dfd31ed45239ac5e0fb81b","sha256":"503ea82797f669d9894f2656ce5425204d1b3f329072769327f7eefdf5f09132"},"dob":{"date":"1944-12-14T21:42:09.791Z","age":79},"registered":{"date":"2022-01-08T07:04:38.250Z","age":2},"phone":"021-847-4113","cell":"081-243-3432","id":{"name":"PPS","value":"6017834T"},"picture":{"large":"https://randomuser.me/api/portraits/men/24.jpg","medium":"https://randomuser.me/api/portraits/med/men/24.jpg","thumbnail":"https://randomuser.me/api/portraits/thumb/men/24.jpg"},"nat":"IE"}],"info":{"seed":"a860a953e04e6910","results":1,"page":1,"version":"1.4"}} 
 </msg>
<msg time="2024-04-11T21:13:29.792381" level="INFO">/opt/hostedtoolcache/Python/3.12.2/x64/lib/python3.12/site-packages/urllib3/connectionpool.py:1103: InsecureRequestWarning: Unverified HTTPS request is being made to host 'randomuser.me'. Adding certificate verification is strongly advised. See: https://urllib3.readthedocs.io/en/latest/advanced-usage.html#tls-warnings
  warnings.warn(</msg>
<msg time="2024-04-11T21:13:29.792525" level="INFO">${response} = &lt;Response [200]&gt;</msg>
<var>${response}</var>
<arg>consultarAPI</arg>
<arg>/api</arg>
<doc>Sends a GET request on a previously created HTTP Session.</doc>
<status status="PASS" start="2024-04-11T21:13:29.698906" elapsed="0.093671"/>
</kw>
<kw name="Set Variable" owner="BuiltIn">
<msg time="2024-04-11T21:13:29.793498" level="INFO">${json_data} = {'results': [{'gender': 'male', 'name': {'title': 'Mr', 'first': 'Jared', 'last': 'Robinson'}, 'location': {'street': {'number': 234, 'name': 'York Road'}, 'city': 'Ballina', 'state': 'Kerry', 'countr...</msg>
<var>${json_data}</var>
<arg>${response.json()}</arg>
<doc>Returns the given values which can then be assigned to a variables.</doc>
<status status="PASS" start="2024-04-11T21:13:29.792992" elapsed="0.000536"/>
</kw>
<kw name="Log" owner="BuiltIn">
<msg time="2024-04-11T21:13:29.794018" level="INFO">{'results': [{'gender': 'male', 'name': {'title': 'Mr', 'first': 'Jared', 'last': 'Robinson'}, 'location': {'street': {'number': 234, 'name': 'York Road'}, 'city': 'Ballina', 'state': 'Kerry', 'country': 'Ireland', 'postcode': 20646, 'coordinates': {'latitude': '-0.4212', 'longitude': '-13.4451'}, 'timezone': {'offset': '+5:30', 'description': 'Bombay, Calcutta, Madras, New Delhi'}}, 'email': 'jared.robinson@example.com', 'login': {'uuid': '7cb0f151-c030-4380-90c1-e0f34d7c7126', 'username': 'smallbutterfly917', 'password': '13131313', 'salt': 'XaodnGcJ', 'md5': '986e4144f6c00325deabef6bfb395477', 'sha1': '63e65fa7e2ac4cb477dfd31ed45239ac5e0fb81b', 'sha256': '503ea82797f669d9894f2656ce5425204d1b3f329072769327f7eefdf5f09132'}, 'dob': {'date': '1944-12-14T21:42:09.791Z', 'age': 79}, 'registered': {'date': '2022-01-08T07:04:38.250Z', 'age': 2}, 'phone': '021-847-4113', 'cell': '081-243-3432', 'id': {'name': 'PPS', 'value': '6017834T'}, 'picture': {'large': 'https://randomuser.me/api/portraits/men/24.jpg', 'medium': 'https://randomuser.me/api/portraits/med/men/24.jpg', 'thumbnail': 'https://randomuser.me/api/portraits/thumb/men/24.jpg'}, 'nat': 'IE'}], 'info': {'seed': 'a860a953e04e6910', 'results': 1, 'page': 1, 'version': '1.4'}}</msg>
<arg>${json_data}</arg>
<doc>Logs the given message with the given level.</doc>
<status status="PASS" start="2024-04-11T21:13:29.793856" elapsed="0.000210"/>
</kw>
<kw name="Dictionary Should Contain Key" owner="Collections">
<msg time="2024-04-11T21:13:29.794526" level="INFO">False</msg>
<arg>${json_data}</arg>
<arg>results</arg>
<doc>Fails if ``key`` is not found from ``dictionary``.</doc>
<status status="PASS" start="2024-04-11T21:13:29.794368" elapsed="0.000197"/>
</kw>
<kw name="Should Not Be Empty" owner="BuiltIn">
<msg time="2024-04-11T21:13:29.795008" level="INFO">Length is 2.</msg>
<arg>${json_data}</arg>
<doc>Verifies that the given item is not empty.</doc>
<status status="PASS" start="2024-04-11T21:13:29.794873" elapsed="0.000174"/>
</kw>
<kw name="Create List" owner="BuiltIn">
<msg time="2024-04-11T21:13:29.795505" level="INFO">${expected_keys} = ['gender', 'name', 'location', 'email', 'login']</msg>
<var>${expected_keys}</var>
<arg>gender</arg>
<arg>name</arg>
<arg>location</arg>
<arg>email</arg>
<arg>login</arg>
<doc>Returns a list containing given items.</doc>
<status status="PASS" start="2024-04-11T21:13:29.795348" elapsed="0.000181"/>
</kw>
<for flavor="IN">
<iter>
<kw name="Dictionary Should Contain Key" owner="Collections">
<msg time="2024-04-11T21:13:29.796541" level="INFO">False</msg>
<arg>${json_data['results'][0]}</arg>
<arg>${key}</arg>
<doc>Fails if ``key`` is not found from ``dictionary``.</doc>
<status status="PASS" start="2024-04-11T21:13:29.796130" elapsed="0.000451"/>
</kw>
<kw name="Log" owner="BuiltIn">
<msg time="2024-04-11T21:13:29.797266" level="INFO">{'gender': 'male', 'name': {'title': 'Mr', 'first': 'Jared', 'last': 'Robinson'}, 'location': {'street': {'number': 234, 'name': 'York Road'}, 'city': 'Ballina', 'state': 'Kerry', 'country': 'Ireland', 'postcode': 20646, 'coordinates': {'latitude': '-0.4212', 'longitude': '-13.4451'}, 'timezone': {'offset': '+5:30', 'description': 'Bombay, Calcutta, Madras, New Delhi'}}, 'email': 'jared.robinson@example.com', 'login': {'uuid': '7cb0f151-c030-4380-90c1-e0f34d7c7126', 'username': 'smallbutterfly917', 'password': '13131313', 'salt': 'XaodnGcJ', 'md5': '986e4144f6c00325deabef6bfb395477', 'sha1': '63e65fa7e2ac4cb477dfd31ed45239ac5e0fb81b', 'sha256': '503ea82797f669d9894f2656ce5425204d1b3f329072769327f7eefdf5f09132'}, 'dob': {'date': '1944-12-14T21:42:09.791Z', 'age': 79}, 'registered': {'date': '2022-01-08T07:04:38.250Z', 'age': 2}, 'phone': '021-847-4113', 'cell': '081-243-3432', 'id': {'name': 'PPS', 'value': '6017834T'}, 'picture': {'large': 'https://randomuser.me/api/portraits/men/24.jpg', 'medium': 'https://randomuser.me/api/portraits/med/men/24.jpg', 'thumbnail': 'https://randomuser.me/api/portraits/thumb/men/24.jpg'}, 'nat': 'IE'}</msg>
<arg>${json_data['results'][0]}</arg>
<doc>Logs the given message with the given level.</doc>
<status status="PASS" start="2024-04-11T21:13:29.796895" elapsed="0.000419"/>
</kw>
<kw name="Log" owner="BuiltIn">
<msg time="2024-04-11T21:13:29.797750" level="INFO">gender</msg>
<arg>${key}</arg>
<doc>Logs the given message with the given level.</doc>
<status status="PASS" start="2024-04-11T21:13:29.797619" elapsed="0.000170"/>
</kw>
<var name="${key}">gender</var>
<status status="PASS" start="2024-04-11T21:13:29.795977" elapsed="0.002082"/>
</iter>
<iter>
<kw name="Dictionary Should Contain Key" owner="Collections">
<msg time="2024-04-11T21:13:29.799280" level="INFO">False</msg>
<arg>${json_data['results'][0]}</arg>
<arg>${key}</arg>
<doc>Fails if ``key`` is not found from ``dictionary``.</doc>
<status status="PASS" start="2024-04-11T21:13:29.798561" elapsed="0.000778"/>
</kw>
<kw name="Log" owner="BuiltIn">
<msg time="2024-04-11T21:13:29.800380" level="INFO">{'gender': 'male', 'name': {'title': 'Mr', 'first': 'Jared', 'last': 'Robinson'}, 'location': {'street': {'number': 234, 'name': 'York Road'}, 'city': 'Ballina', 'state': 'Kerry', 'country': 'Ireland', 'postcode': 20646, 'coordinates': {'latitude': '-0.4212', 'longitude': '-13.4451'}, 'timezone': {'offset': '+5:30', 'description': 'Bombay, Calcutta, Madras, New Delhi'}}, 'email': 'jared.robinson@example.com', 'login': {'uuid': '7cb0f151-c030-4380-90c1-e0f34d7c7126', 'username': 'smallbutterfly917', 'password': '13131313', 'salt': 'XaodnGcJ', 'md5': '986e4144f6c00325deabef6bfb395477', 'sha1': '63e65fa7e2ac4cb477dfd31ed45239ac5e0fb81b', 'sha256': '503ea82797f669d9894f2656ce5425204d1b3f329072769327f7eefdf5f09132'}, 'dob': {'date': '1944-12-14T21:42:09.791Z', 'age': 79}, 'registered': {'date': '2022-01-08T07:04:38.250Z', 'age': 2}, 'phone': '021-847-4113', 'cell': '081-243-3432', 'id': {'name': 'PPS', 'value': '6017834T'}, 'picture': {'large': 'https://randomuser.me/api/portraits/men/24.jpg', 'medium': 'https://randomuser.me/api/portraits/med/men/24.jpg', 'thumbnail': 'https://randomuser.me/api/portraits/thumb/men/24.jpg'}, 'nat': 'IE'}</msg>
<arg>${json_data['results'][0]}</arg>
<doc>Logs the given message with the given level.</doc>
<status status="PASS" start="2024-04-11T21:13:29.799801" elapsed="0.000652"/>
</kw>
<kw name="Log" owner="BuiltIn">
<msg time="2024-04-11T21:13:29.801069" level="INFO">name</msg>
<arg>${key}</arg>
<doc>Logs the given message with the given level.</doc>
<status status="PASS" start="2024-04-11T21:13:29.800887" elapsed="0.000225"/>
</kw>
<var name="${key}">name</var>
<status status="PASS" start="2024-04-11T21:13:29.798361" elapsed="0.002985"/>
</iter>
<iter>
<kw name="Dictionary Should Contain Key" owner="Collections">
<msg time="2024-04-11T21:13:29.802038" level="INFO">False</msg>
<arg>${json_data['results'][0]}</arg>
<arg>${key}</arg>
<doc>Fails if ``key`` is not found from ``dictionary``.</doc>
<status status="PASS" start="2024-04-11T21:13:29.801648" elapsed="0.000429"/>
</kw>
<kw name="Log" owner="BuiltIn">
<msg time="2024-04-11T21:13:29.802762" level="INFO">{'gender': 'male', 'name': {'title': 'Mr', 'first': 'Jared', 'last': 'Robinson'}, 'location': {'street': {'number': 234, 'name': 'York Road'}, 'city': 'Ballina', 'state': 'Kerry', 'country': 'Ireland', 'postcode': 20646, 'coordinates': {'latitude': '-0.4212', 'longitude': '-13.4451'}, 'timezone': {'offset': '+5:30', 'description': 'Bombay, Calcutta, Madras, New Delhi'}}, 'email': 'jared.robinson@example.com', 'login': {'uuid': '7cb0f151-c030-4380-90c1-e0f34d7c7126', 'username': 'smallbutterfly917', 'password': '13131313', 'salt': 'XaodnGcJ', 'md5': '986e4144f6c00325deabef6bfb395477', 'sha1': '63e65fa7e2ac4cb477dfd31ed45239ac5e0fb81b', 'sha256': '503ea82797f669d9894f2656ce5425204d1b3f329072769327f7eefdf5f09132'}, 'dob': {'date': '1944-12-14T21:42:09.791Z', 'age': 79}, 'registered': {'date': '2022-01-08T07:04:38.250Z', 'age': 2}, 'phone': '021-847-4113', 'cell': '081-243-3432', 'id': {'name': 'PPS', 'value': '6017834T'}, 'picture': {'large': 'https://randomuser.me/api/portraits/men/24.jpg', 'medium': 'https://randomuser.me/api/portraits/med/men/24.jpg', 'thumbnail': 'https://randomuser.me/api/portraits/thumb/men/24.jpg'}, 'nat': 'IE'}</msg>
<arg>${json_data['results'][0]}</arg>
<doc>Logs the given message with the given level.</doc>
<status status="PASS" start="2024-04-11T21:13:29.802388" elapsed="0.000426"/>
</kw>
<kw name="Log" owner="BuiltIn">
<msg time="2024-04-11T21:13:29.803246" level="INFO">location</msg>
<arg>${key}</arg>
<doc>Logs the given message with the given level.</doc>
<status status="PASS" start="2024-04-11T21:13:29.803115" elapsed="0.000170"/>
</kw>
<var name="${key}">location</var>
<status status="PASS" start="2024-04-11T21:13:29.801532" elapsed="0.001970"/>
</iter>
<iter>
<kw name="Dictionary Should Contain Key" owner="Collections">
<msg time="2024-04-11T21:13:29.804208" level="INFO">False</msg>
<arg>${json_data['results'][0]}</arg>
<arg>${key}</arg>
<doc>Fails if ``key`` is not found from ``dictionary``.</doc>
<status status="PASS" start="2024-04-11T21:13:29.803789" elapsed="0.000457"/>
</kw>
<kw name="Log" owner="BuiltIn">
<msg time="2024-04-11T21:13:29.804917" level="INFO">{'gender': 'male', 'name': {'title': 'Mr', 'first': 'Jared', 'last': 'Robinson'}, 'location': {'street': {'number': 234, 'name': 'York Road'}, 'city': 'Ballina', 'state': 'Kerry', 'country': 'Ireland', 'postcode': 20646, 'coordinates': {'latitude': '-0.4212', 'longitude': '-13.4451'}, 'timezone': {'offset': '+5:30', 'description': 'Bombay, Calcutta, Madras, New Delhi'}}, 'email': 'jared.robinson@example.com', 'login': {'uuid': '7cb0f151-c030-4380-90c1-e0f34d7c7126', 'username': 'smallbutterfly917', 'password': '13131313', 'salt': 'XaodnGcJ', 'md5': '986e4144f6c00325deabef6bfb395477', 'sha1': '63e65fa7e2ac4cb477dfd31ed45239ac5e0fb81b', 'sha256': '503ea82797f669d9894f2656ce5425204d1b3f329072769327f7eefdf5f09132'}, 'dob': {'date': '1944-12-14T21:42:09.791Z', 'age': 79}, 'registered': {'date': '2022-01-08T07:04:38.250Z', 'age': 2}, 'phone': '021-847-4113', 'cell': '081-243-3432', 'id': {'name': 'PPS', 'value': '6017834T'}, 'picture': {'large': 'https://randomuser.me/api/portraits/men/24.jpg', 'medium': 'https://randomuser.me/api/portraits/med/men/24.jpg', 'thumbnail': 'https://randomuser.me/api/portraits/thumb/men/24.jpg'}, 'nat': 'IE'}</msg>
<arg>${json_data['results'][0]}</arg>
<doc>Logs the given message with the given level.</doc>
<status status="PASS" start="2024-04-11T21:13:29.804552" elapsed="0.000413"/>
</kw>
<kw name="Log" owner="BuiltIn">
<msg time="2024-04-11T21:13:29.805405" level="INFO">email</msg>
<arg>${key}</arg>
<doc>Logs the given message with the given level.</doc>
<status status="PASS" start="2024-04-11T21:13:29.805277" elapsed="0.000166"/>
</kw>
<var name="${key}">email</var>
<status status="PASS" start="2024-04-11T21:13:29.803677" elapsed="0.001978"/>
</iter>
<iter>
<kw name="Dictionary Should Contain Key" owner="Collections">
<msg time="2024-04-11T21:13:29.806331" level="INFO">False</msg>
<arg>${json_data['results'][0]}</arg>
<arg>${key}</arg>
<doc>Fails if ``key`` is not found from ``dictionary``.</doc>
<status status="PASS" start="2024-04-11T21:13:29.805949" elapsed="0.000418"/>
</kw>
<kw name="Log" owner="BuiltIn">
<msg time="2024-04-11T21:13:29.807034" level="INFO">{'gender': 'male', 'name': {'title': 'Mr', 'first': 'Jared', 'last': 'Robinson'}, 'location': {'street': {'number': 234, 'name': 'York Road'}, 'city': 'Ballina', 'state': 'Kerry', 'country': 'Ireland', 'postcode': 20646, 'coordinates': {'latitude': '-0.4212', 'longitude': '-13.4451'}, 'timezone': {'offset': '+5:30', 'description': 'Bombay, Calcutta, Madras, New Delhi'}}, 'email': 'jared.robinson@example.com', 'login': {'uuid': '7cb0f151-c030-4380-90c1-e0f34d7c7126', 'username': 'smallbutterfly917', 'password': '13131313', 'salt': 'XaodnGcJ', 'md5': '986e4144f6c00325deabef6bfb395477', 'sha1': '63e65fa7e2ac4cb477dfd31ed45239ac5e0fb81b', 'sha256': '503ea82797f669d9894f2656ce5425204d1b3f329072769327f7eefdf5f09132'}, 'dob': {'date': '1944-12-14T21:42:09.791Z', 'age': 79}, 'registered': {'date': '2022-01-08T07:04:38.250Z', 'age': 2}, 'phone': '021-847-4113', 'cell': '081-243-3432', 'id': {'name': 'PPS', 'value': '6017834T'}, 'picture': {'large': 'https://randomuser.me/api/portraits/men/24.jpg', 'medium': 'https://randomuser.me/api/portraits/med/men/24.jpg', 'thumbnail': 'https://randomuser.me/api/portraits/thumb/men/24.jpg'}, 'nat': 'IE'}</msg>
<arg>${json_data['results'][0]}</arg>
<doc>Logs the given message with the given level.</doc>
<status status="PASS" start="2024-04-11T21:13:29.806664" elapsed="0.000417"/>
</kw>
<kw name="Log" owner="BuiltIn">
<msg time="2024-04-11T21:13:29.807505" level="INFO">login</msg>
<arg>${key}</arg>
<doc>Logs the given message with the given level.</doc>
<status status="PASS" start="2024-04-11T21:13:29.807379" elapsed="0.000164"/>
</kw>
<var name="${key}">login</var>
<status status="PASS" start="2024-04-11T21:13:29.805829" elapsed="0.001958"/>
</iter>
<var>${key}</var>
<value>@{expected_keys}</value>
<status status="PASS" start="2024-04-11T21:13:29.795789" elapsed="0.012125"/>
</for>
<kw name="Create List" owner="BuiltIn">
<msg time="2024-04-11T21:13:29.808284" level="INFO">${expected_keysTwo} = ['username', 'password']</msg>
<var>${expected_keysTwo}</var>
<arg>username</arg>
<arg>password</arg>
<doc>Returns a list containing given items.</doc>
<status status="PASS" start="2024-04-11T21:13:29.808143" elapsed="0.000165"/>
</kw>
<for flavor="IN">
<iter>
<kw name="Dictionary Should Contain Key" owner="Collections">
<msg time="2024-04-11T21:13:29.809311" level="INFO">False</msg>
<arg>${json_data['results'][0]['login']}</arg>
<arg>${keyTwo}</arg>
<doc>Fails if ``key`` is not found from ``dictionary``.</doc>
<status status="PASS" start="2024-04-11T21:13:29.808926" elapsed="0.000423"/>
</kw>
<kw name="Dictionary Should Contain Key" owner="Collections">
<msg time="2024-04-11T21:13:29.810028" level="INFO">False</msg>
<arg>${json_data['results'][0]['login']}</arg>
<arg>${keyTwo}</arg>
<doc>Fails if ``key`` is not found from ``dictionary``.</doc>
<status status="PASS" start="2024-04-11T21:13:29.809646" elapsed="0.000420"/>
</kw>
<kw name="Log" owner="BuiltIn">
<msg time="2024-04-11T21:13:29.810489" level="INFO">username</msg>
<arg>${keyTwo}</arg>
<doc>Logs the given message with the given level.</doc>
<status status="PASS" start="2024-04-11T21:13:29.810362" elapsed="0.000165"/>
</kw>
<var name="${keyTwo}">username</var>
<status status="PASS" start="2024-04-11T21:13:29.808811" elapsed="0.001928"/>
</iter>
<iter>
<kw name="Dictionary Should Contain Key" owner="Collections">
<msg time="2024-04-11T21:13:29.811396" level="INFO">False</msg>
<arg>${json_data['results'][0]['login']}</arg>
<arg>${keyTwo}</arg>
<doc>Fails if ``key`` is not found from ``dictionary``.</doc>
<status status="PASS" start="2024-04-11T21:13:29.811021" elapsed="0.000413"/>
</kw>
<kw name="Dictionary Should Contain Key" owner="Collections">
<msg time="2024-04-11T21:13:29.812143" level="INFO">False</msg>
<arg>${json_data['results'][0]['login']}</arg>
<arg>${keyTwo}</arg>
<doc>Fails if ``key`` is not found from ``dictionary``.</doc>
<status status="PASS" start="2024-04-11T21:13:29.811727" elapsed="0.000455"/>
</kw>
<kw name="Log" owner="BuiltIn">
<msg time="2024-04-11T21:13:29.812606" level="INFO">password</msg>
<arg>${keyTwo}</arg>
<doc>Logs the given message with the given level.</doc>
<status status="PASS" start="2024-04-11T21:13:29.812478" elapsed="0.000167"/>
</kw>
<var name="${keyTwo}">password</var>
<status status="PASS" start="2024-04-11T21:13:29.810912" elapsed="0.001959"/>
</iter>
<var>${keyTwo}</var>
<value>@{expected_keysTwo}</value>
<status status="PASS" start="2024-04-11T21:13:29.808553" elapsed="0.004441"/>
</for>
<status status="PASS" start="2024-04-11T21:13:29.698669" elapsed="0.114464"/>
</kw>
<doc>Testa a estrutura da resposta da API.</doc>
<tag>testeEstruturaResposta</tag>
<status status="PASS" start="2024-04-11T21:13:29.698026" elapsed="0.115264"/>
</test>
<test id="s1-s1-t4" name="Validar tipos de dados" line="28">
<kw name="Teste de Tipos de Dados" owner="random-user-service">
<kw name="GET On Session" owner="RequestsLibrary">
<msg time="2024-04-11T21:13:29.910659" level="INFO">GET Request : url=https://randomuser.me/api 
 path_url=/api 
 headers={'User-Agent': 'python-requests/2.31.0', 'Accept-Encoding': 'gzip, deflate', 'Accept': '*/*', 'Connection': 'keep-alive'} 
 body=None 
 </msg>
<msg time="2024-04-11T21:13:29.910753" level="INFO">GET Response : url=https://randomuser.me/api 
 status=200, reason=OK 
 headers={'Date': 'Thu, 11 Apr 2024 21:13:29 GMT', 'Content-Type': 'application/json; charset=utf-8', 'Transfer-Encoding': 'chunked', 'Connection': 'keep-alive', 'X-Powered-By': 'Express', 'Access-Control-Allow-Origin': '*', 'Cache-Control': 'no-cache', 'ETag': 'W/"486-WmjB0ZpPUr5wYiTzuZNadVqGzW0"', 'Vary': 'Accept-Encoding', 'Content-Encoding': 'gzip', 'CF-Cache-Status': 'DYNAMIC', 'Report-To': '{"endpoints":[{"url":"https:\\/\\/a.nel.cloudflare.com\\/report\\/v4?s=ovKtrBQfrHPuvVzJIX9Vy9yROzgsAw75B4LkRNiUBMqndONloA8pKRTWEWAC8NU0cFC9FsrQm4ad93RCGy3Ws9JsbrxikC8Bv6UyLkV0NlcxOyIjYeYFf%2FXN8OAAwcwH"}],"group":"cf-nel","max_age":604800}', 'NEL': '{"success_fraction":0,"report_to":"cf-nel","max_age":604800}', 'Server': 'cloudflare', 'CF-RAY': '872dfb1959ccfa52-SJC', 'alt-svc': 'h3=":443"; ma=86400'} 
 body={"results":[{"gender":"male","name":{"title":"Mr","first":"Eren","last":"Özbir"},"location":{"street":{"number":4565,"name":"Mevlana Cd"},"city":"Gümüşhane","state":"Diyarbakır","country":"Turkey","postcode":89587,"coordinates":{"latitude":"66.6305","longitude":"-102.9754"},"timezone":{"offset":"+5:30","description":"Bombay, Calcutta, Madras, New Delhi"}},"email":"eren.ozbir@example.com","login":{"uuid":"5fb7e54e-8c76-4d15-ba9d-c9ee5fee98b8","username":"organicsnake830","password":"ncc1701a","salt":"IXEzYev9","md5":"1f8fedf37c10c021c396dfa974b2e961","sha1":"f5a3638a53e900bee3a87ffc776a78f38ec01d85","sha256":"0d8af0646c0661770a6dd78dcec8226e7364125274ee178ceeeadb805606ab1f"},"dob":{"date":"1977-09-24T22:51:32.573Z","age":46},"registered":{"date":"2020-12-21T19:06:02.483Z","age":3},"phone":"(399)-955-7528","cell":"(049)-818-1449","id":{"name":"","value":null},"picture":{"large":"https://randomuser.me/api/portraits/men/90.jpg","medium":"https://randomuser.me/api/portraits/med/men/90.jpg","thumbnail":"https://randomuser.me/api/portraits/thumb/men/90.jpg"},"nat":"TR"}],"info":{"seed":"f090bc194c441a74","results":1,"page":1,"version":"1.4"}} 
 </msg>
<msg time="2024-04-11T21:13:29.910837" level="INFO">/opt/hostedtoolcache/Python/3.12.2/x64/lib/python3.12/site-packages/urllib3/connectionpool.py:1103: InsecureRequestWarning: Unverified HTTPS request is being made to host 'randomuser.me'. Adding certificate verification is strongly advised. See: https://urllib3.readthedocs.io/en/latest/advanced-usage.html#tls-warnings
  warnings.warn(</msg>
<msg time="2024-04-11T21:13:29.910953" level="INFO">${response} = &lt;Response [200]&gt;</msg>
<var>${response}</var>
<arg>consultarAPI</arg>
<arg>/api</arg>
<doc>Sends a GET request on a previously created HTTP Session.</doc>
<status status="PASS" start="2024-04-11T21:13:29.815671" elapsed="0.095324"/>
</kw>
<kw name="Set Variable" owner="BuiltIn">
<msg time="2024-04-11T21:13:29.911869" level="INFO">${json_data} = {'results': [{'gender': 'male', 'name': {'title': 'Mr', 'first': 'Eren', 'last': 'Özbir'}, 'location': {'street': {'number': 4565, 'name': 'Mevlana Cd'}, 'city': 'Gümüşhane', 'state': 'Diyarbakır', 'c...</msg>
<var>${json_data}</var>
<arg>${response.json()}</arg>
<doc>Returns the given values which can then be assigned to a variables.</doc>
<status status="PASS" start="2024-04-11T21:13:29.911386" elapsed="0.000514"/>
</kw>
<kw name="Log" owner="BuiltIn">
<msg time="2024-04-11T21:13:29.912430" level="INFO">{'results': [{'gender': 'male', 'name': {'title': 'Mr', 'first': 'Eren', 'last': 'Özbir'}, 'location': {'street': {'number': 4565, 'name': 'Mevlana Cd'}, 'city': 'Gümüşhane', 'state': 'Diyarbakır', 'country': 'Turkey', 'postcode': 89587, 'coordinates': {'latitude': '66.6305', 'longitude': '-102.9754'}, 'timezone': {'offset': '+5:30', 'description': 'Bombay, Calcutta, Madras, New Delhi'}}, 'email': 'eren.ozbir@example.com', 'login': {'uuid': '5fb7e54e-8c76-4d15-ba9d-c9ee5fee98b8', 'username': 'organicsnake830', 'password': 'ncc1701a', 'salt': 'IXEzYev9', 'md5': '1f8fedf37c10c021c396dfa974b2e961', 'sha1': 'f5a3638a53e900bee3a87ffc776a78f38ec01d85', 'sha256': '0d8af0646c0661770a6dd78dcec8226e7364125274ee178ceeeadb805606ab1f'}, 'dob': {'date': '1977-09-24T22:51:32.573Z', 'age': 46}, 'registered': {'date': '2020-12-21T19:06:02.483Z', 'age': 3}, 'phone': '(399)-955-7528', 'cell': '(049)-818-1449', 'id': {'name': '', 'value': None}, 'picture': {'large': 'https://randomuser.me/api/portraits/men/90.jpg', 'medium': 'https://randomuser.me/api/portraits/med/men/90.jpg', 'thumbnail': 'https://randomuser.me/api/portraits/thumb/men/90.jpg'}, 'nat': 'TR'}], 'info': {'seed': 'f090bc194c441a74', 'results': 1, 'page': 1, 'version': '1.4'}}</msg>
<arg>${json_data}</arg>
<doc>Logs the given message with the given level.</doc>
<status status="PASS" start="2024-04-11T21:13:29.912262" elapsed="0.000254"/>
</kw>
<kw name="Should Be String" owner="String">
<arg>${json_data['results'][0]['gender']}</arg>
<doc>Fails if the given ``item`` is not a string.</doc>
<status status="PASS" start="2024-04-11T21:13:29.912825" elapsed="0.000377"/>
</kw>
<kw name="Should Match Regexp" owner="BuiltIn">
<arg>${json_data['results'][0]['email']}</arg>
<arg>^[a-zA-Z0-9._%+-]+@[a-zA-Z0-9.-]+\.[a-zA-Z]{2,}$</arg>
<doc>Fails if ``string`` does not match ``pattern`` as a regular expression.</doc>
<status status="PASS" start="2024-04-11T21:13:29.913401" elapsed="0.000526"/>
</kw>
<kw name="Should Match Regexp" owner="BuiltIn">
<arg>${json_data['results'][0]['dob']['date']}</arg>
<arg>\\d{4}-\\d{2}-\\d{2}T\\d{2}:\\d{2}:\\d{2}\\.\\d{3}Z</arg>
<doc>Fails if ``string`` does not match ``pattern`` as a regular expression.</doc>
<status status="PASS" start="2024-04-11T21:13:29.914127" elapsed="0.000502"/>
</kw>
<kw name="Should Match Regexp" owner="BuiltIn">
<arg>${json_data['results'][0]['registered']['date']}</arg>
<arg>\\d{4}-\\d{2}-\\d{2}T\\d{2}:\\d{2}:\\d{2}\\.\\d{3}Z</arg>
<doc>Fails if ``string`` does not match ``pattern`` as a regular expression.</doc>
<status status="PASS" start="2024-04-11T21:13:29.914838" elapsed="0.000379"/>
</kw>
<kw name="Should Match Regexp" owner="BuiltIn">
<arg>${json_data['results'][0]['picture']['large']}</arg>
<arg>^https?://.*\.(?:png|jpe?g|gif|bmp)$</arg>
<doc>Fails if ``string`` does not match ``pattern`` as a regular expression.</doc>
<status status="PASS" start="2024-04-11T21:13:29.915407" elapsed="0.000464"/>
</kw>
<kw name="Should Match Regexp" owner="BuiltIn">
<arg>${json_data['results'][0]['picture']['medium']}</arg>
<arg>^https?://.*\.(?:png|jpe?g|gif|bmp)$</arg>
<doc>Fails if ``string`` does not match ``pattern`` as a regular expression.</doc>
<status status="PASS" start="2024-04-11T21:13:29.916097" elapsed="0.000390"/>
</kw>
<kw name="Should Match Regexp" owner="BuiltIn">
<arg>${json_data['results'][0]['picture']['thumbnail']}</arg>
<arg>^https?://.*\.(?:png|jpe?g|gif|bmp)$</arg>
<doc>Fails if ``string`` does not match ``pattern`` as a regular expression.</doc>
<status status="PASS" start="2024-04-11T21:13:29.916677" elapsed="0.000360"/>
</kw>
<kw name="Log" owner="BuiltIn">
<msg time="2024-04-11T21:13:29.917551" level="INFO">{'large': 'https://randomuser.me/api/portraits/men/90.jpg', 'medium': 'https://randomuser.me/api/portraits/med/men/90.jpg', 'thumbnail': 'https://randomuser.me/api/portraits/thumb/men/90.jpg'}</msg>
<arg>${json_data['results'][0]['picture']}</arg>
<doc>Logs the given message with the given level.</doc>
<status status="PASS" start="2024-04-11T21:13:29.917228" elapsed="0.000365"/>
</kw>
<status status="PASS" start="2024-04-11T21:13:29.815441" elapsed="0.102407"/>
</kw>
<kw name="Teste de Tipos de Dados - Postcode" owner="random-user-service">
<kw name="GET On Session" owner="RequestsLibrary">
<msg time="2024-04-11T21:13:30.010113" level="INFO">GET Request : url=https://randomuser.me/api 
 path_url=/api 
 headers={'User-Agent': 'python-requests/2.31.0', 'Accept-Encoding': 'gzip, deflate', 'Accept': '*/*', 'Connection': 'keep-alive'} 
 body=None 
 </msg>
<msg time="2024-04-11T21:13:30.010193" level="INFO">GET Response : url=https://randomuser.me/api 
 status=200, reason=OK 
 headers={'Date': 'Thu, 11 Apr 2024 21:13:30 GMT', 'Content-Type': 'application/json; charset=utf-8', 'Transfer-Encoding': 'chunked', 'Connection': 'keep-alive', 'X-Powered-By': 'Express', 'Access-Control-Allow-Origin': '*', 'Cache-Control': 'no-cache', 'ETag': 'W/"490-xjUZhRtGG5fTSqtrtrLEaej12sc"', 'Vary': 'Accept-Encoding', 'Content-Encoding': 'gzip', 'CF-Cache-Status': 'DYNAMIC', 'Report-To': '{"endpoints":[{"url":"https:\\/\\/a.nel.cloudflare.com\\/report\\/v4?s=ndJEDPKvBgMp9THevxqGydhPPs4IkqkI4rGXXhJi7d1B2deoZMXX6tz55BlQ6ldma0DD7CorZdDWoWl7e4wkpIaI2baBHfNwycQn4tX%2FnkIo9SYkxehfy5%2BKxId0OaPJ"}],"group":"cf-nel","max_age":604800}', 'NEL': '{"success_fraction":0,"report_to":"cf-nel","max_age":604800}', 'Server': 'cloudflare', 'CF-RAY': '872dfb1a0a46fa52-SJC', 'alt-svc': 'h3=":443"; ma=86400'} 
 body={"results":[{"gender":"female","name":{"title":"Mrs","first":"محیا","last":"کوتی"},"location":{"street":{"number":1441,"name":"واعظی"},"city":"بیرجند","state":"بوشهر","country":"Iran","postcode":97119,"coordinates":{"latitude":"17.3389","longitude":"161.0407"},"timezone":{"offset":"+3:00","description":"Baghdad, Riyadh, Moscow, St. Petersburg"}},"email":"mhy.khwty@example.com","login":{"uuid":"ae682d43-f7d5-4640-9ae9-1799b6efe086","username":"organicbird534","password":"vacation","salt":"CYtzqahQ","md5":"d6372f26dd5dac7c79bcf6b139775ac3","sha1":"6483bb9f832f9d3fa0f49c1e2425b35bf5afa319","sha256":"ff0469288dcba90951ba15afe95e3e97cb2e023f21470f91e674a46597dc0737"},"dob":{"date":"1977-09-18T14:10:57.427Z","age":46},"registered":{"date":"2014-06-09T23:51:39.388Z","age":9},"phone":"039-98053041","cell":"0946-139-1774","id":{"name":"","value":null},"picture":{"large":"https://randomuser.me/api/portraits/women/72.jpg","medium":"https://randomuser.me/api/portraits/med/women/72.jpg","thumbnail":"https://randomuser.me/api/portraits/thumb/women/72.jpg"},"nat":"IR"}],"info":{"seed":"48c38519ea664e29","results":1,"page":1,"version":"1.4"}} 
 </msg>
<msg time="2024-04-11T21:13:30.010273" level="INFO">/opt/hostedtoolcache/Python/3.12.2/x64/lib/python3.12/site-packages/urllib3/connectionpool.py:1103: InsecureRequestWarning: Unverified HTTPS request is being made to host 'randomuser.me'. Adding certificate verification is strongly advised. See: https://urllib3.readthedocs.io/en/latest/advanced-usage.html#tls-warnings
  warnings.warn(</msg>
<msg time="2024-04-11T21:13:30.010395" level="INFO">${response} = &lt;Response [200]&gt;</msg>
<var>${response}</var>
<arg>consultarAPI</arg>
<arg>/api</arg>
<doc>Sends a GET request on a previously created HTTP Session.</doc>
<status status="PASS" start="2024-04-11T21:13:29.918307" elapsed="0.092129"/>
</kw>
<kw name="Set Variable" owner="BuiltIn">
<msg time="2024-04-11T21:13:30.011399" level="INFO">${json_data} = {'results': [{'gender': 'female', 'name': {'title': 'Mrs', 'first': 'محیا', 'last': 'کوتی'}, 'location': {'street': {'number': 1441, 'name': 'واعظی'}, 'city': 'بیرجند', 'state': 'بوشهر', 'country': 'I...</msg>
<var>${json_data}</var>
<arg>${response.json()}</arg>
<doc>Returns the given values which can then be assigned to a variables.</doc>
<status status="PASS" start="2024-04-11T21:13:30.010917" elapsed="0.000512"/>
</kw>
<kw name="Log" owner="BuiltIn">
<msg time="2024-04-11T21:13:30.011898" level="INFO">{'results': [{'gender': 'female', 'name': {'title': 'Mrs', 'first': 'محیا', 'last': 'کوتی'}, 'location': {'street': {'number': 1441, 'name': 'واعظی'}, 'city': 'بیرجند', 'state': 'بوشهر', 'country': 'Iran', 'postcode': 97119, 'coordinates': {'latitude': '17.3389', 'longitude': '161.0407'}, 'timezone': {'offset': '+3:00', 'description': 'Baghdad, Riyadh, Moscow, St. Petersburg'}}, 'email': 'mhy.khwty@example.com', 'login': {'uuid': 'ae682d43-f7d5-4640-9ae9-1799b6efe086', 'username': 'organicbird534', 'password': 'vacation', 'salt': 'CYtzqahQ', 'md5': 'd6372f26dd5dac7c79bcf6b139775ac3', 'sha1': '6483bb9f832f9d3fa0f49c1e2425b35bf5afa319', 'sha256': 'ff0469288dcba90951ba15afe95e3e97cb2e023f21470f91e674a46597dc0737'}, 'dob': {'date': '1977-09-18T14:10:57.427Z', 'age': 46}, 'registered': {'date': '2014-06-09T23:51:39.388Z', 'age': 9}, 'phone': '039-98053041', 'cell': '0946-139-1774', 'id': {'name': '', 'value': None}, 'picture': {'large': 'https://randomuser.me/api/portraits/women/72.jpg', 'medium': 'https://randomuser.me/api/portraits/med/women/72.jpg', 'thumbnail': 'https://randomuser.me/api/portraits/thumb/women/72.jpg'}, 'nat': 'IR'}], 'info': {'seed': '48c38519ea664e29', 'results': 1, 'page': 1, 'version': '1.4'}}</msg>
<arg>${json_data}</arg>
<doc>Logs the given message with the given level.</doc>
<status status="PASS" start="2024-04-11T21:13:30.011739" elapsed="0.000241"/>
</kw>
<kw name="Should Be Equal As Numbers" owner="BuiltIn">
<arg>${json_data['results'][0]['location']['postcode']}</arg>
<arg>${json_data['results'][0]['location']['postcode']}</arg>
<doc>Fails if objects are unequal after converting them to real numbers.</doc>
<status status="PASS" start="2024-04-11T21:13:30.012331" elapsed="0.000632"/>
</kw>
<kw name="Log" owner="BuiltIn">
<msg time="2024-04-11T21:13:30.013499" level="INFO">97119</msg>
<arg>${json_data['results'][0]['location']['postcode']}</arg>
<doc>Logs the given message with the given level.</doc>
<status status="PASS" start="2024-04-11T21:13:30.013160" elapsed="0.000380"/>
</kw>
<status status="PASS" start="2024-04-11T21:13:29.918064" elapsed="0.095731"/>
</kw>
<doc>Testa se os tipos de dados na resposta da API estão corretos.</doc>
<tag>testeTiposDados</tag>
<status status="PASS" start="2024-04-11T21:13:29.815005" elapsed="0.198959"/>
</test>
<test id="s1-s1-t5" name="Validar conteudo" line="35">
<kw name="Teste de Tipos de Conteudo" owner="random-user-service">
<kw name="GET On Session" owner="RequestsLibrary">
<msg time="2024-04-11T21:13:30.105220" level="INFO">GET Request : url=https://randomuser.me/api 
 path_url=/api 
 headers={'User-Agent': 'python-requests/2.31.0', 'Accept-Encoding': 'gzip, deflate', 'Accept': '*/*', 'Connection': 'keep-alive'} 
 body=None 
 </msg>
<msg time="2024-04-11T21:13:30.105288" level="INFO">GET Response : url=https://randomuser.me/api 
 status=200, reason=OK 
 headers={'Date': 'Thu, 11 Apr 2024 21:13:30 GMT', 'Content-Type': 'application/json; charset=utf-8', 'Transfer-Encoding': 'chunked', 'Connection': 'keep-alive', 'X-Powered-By': 'Express', 'Access-Control-Allow-Origin': '*', 'Cache-Control': 'no-cache', 'ETag': 'W/"4aa-iSiqWlvZlpZvDmZyeRPSDd9C8CI"', 'Vary': 'Accept-Encoding', 'Content-Encoding': 'gzip', 'CF-Cache-Status': 'DYNAMIC', 'Report-To': '{"endpoints":[{"url":"https:\\/\\/a.nel.cloudflare.com\\/report\\/v4?s=lzTp8kFNteraSHSNfvRUfKIrGZzGDsxkJ47MAExRHyefyjnhn%2F9sjh9H6%2Fhzuskb29hF8IEbDMSJiNahF9uS00CGffdyg5GfCofH4HHGpbd8Xx%2BdZTpaYxCGKPOHsf1A"}],"group":"cf-nel","max_age":604800}', 'NEL': '{"success_fraction":0,"report_to":"cf-nel","max_age":604800}', 'Server': 'cloudflare', 'CF-RAY': '872dfb1aaac8fa52-SJC', 'alt-svc': 'h3=":443"; ma=86400'} 
 body={"results":[{"gender":"female","name":{"title":"Miss","first":"Albina","last":"Oliveira"},"location":{"street":{"number":3393,"name":"Rua Treze de Maio "},"city":"Cubatão","state":"Rio Grande do Norte","country":"Brazil","postcode":66939,"coordinates":{"latitude":"-76.4002","longitude":"162.7728"},"timezone":{"offset":"-7:00","description":"Mountain Time (US &amp; Canada)"}},"email":"albina.oliveira@example.com","login":{"uuid":"0b325d4b-aae9-4e3c-8817-0e76f755f6ad","username":"heavybird916","password":"anything","salt":"Q3M3mXbF","md5":"ca09427142d20544463e0dee7d0d64da","sha1":"4242618c0337c6f17b89fa6204173b7968e0536d","sha256":"f02e3b85c4082f08b2771118ccfd6fe98c6c27a52262e5cf681cce67a74ab7a8"},"dob":{"date":"1969-12-13T09:38:48.365Z","age":54},"registered":{"date":"2010-09-12T13:41:13.437Z","age":13},"phone":"(43) 3946-8759","cell":"(65) 1477-8753","id":{"name":"CPF","value":"145.060.276-40"},"picture":{"large":"https://randomuser.me/api/portraits/women/95.jpg","medium":"https://randomuser.me/api/portraits/med/women/95.jpg","thumbnail":"https://randomuser.me/api/portraits/thumb/women/95.jpg"},"nat":"BR"}],"info":{"seed":"ad4e1f98700d896f","results":1,"page":1,"version":"1.4"}} 
 </msg>
<msg time="2024-04-11T21:13:30.105349" level="INFO">/opt/hostedtoolcache/Python/3.12.2/x64/lib/python3.12/site-packages/urllib3/connectionpool.py:1103: InsecureRequestWarning: Unverified HTTPS request is being made to host 'randomuser.me'. Adding certificate verification is strongly advised. See: https://urllib3.readthedocs.io/en/latest/advanced-usage.html#tls-warnings
  warnings.warn(</msg>
<msg time="2024-04-11T21:13:30.105440" level="INFO">${response} = &lt;Response [200]&gt;</msg>
<var>${response}</var>
<arg>consultarAPI</arg>
<arg>/api</arg>
<doc>Sends a GET request on a previously created HTTP Session.</doc>
<status status="PASS" start="2024-04-11T21:13:30.017258" elapsed="0.088224"/>
</kw>
<kw name="Set Variable" owner="BuiltIn">
<msg time="2024-04-11T21:13:30.106522" level="INFO">${json_data} = {'results': [{'gender': 'female', 'name': {'title': 'Miss', 'first': 'Albina', 'last': 'Oliveira'}, 'location': {'street': {'number': 3393, 'name': 'Rua Treze de Maio '}, 'city': 'Cubatão', 'state': '...</msg>
<var>${json_data}</var>
<arg>${response.json()}</arg>
<doc>Returns the given values which can then be assigned to a variables.</doc>
<status status="PASS" start="2024-04-11T21:13:30.105959" elapsed="0.000593"/>
</kw>
<kw name="Set Variable" owner="BuiltIn">
<msg time="2024-04-11T21:13:30.107243" level="INFO">${name_title} = Miss</msg>
<var>${name_title}</var>
<arg>${json_data["results"][0]["name"]["title"]}</arg>
<doc>Returns the given values which can then be assigned to a variables.</doc>
<status status="PASS" start="2024-04-11T21:13:30.106861" elapsed="0.000407"/>
</kw>
<kw name="Create List" owner="BuiltIn">
<msg time="2024-04-11T21:13:30.107717" level="INFO">${allowed_titles} = ['Mr', 'Ms', 'Miss', 'Mrs', 'Madame', 'Monsieur']</msg>
<var>${allowed_titles}</var>
<arg>Mr</arg>
<arg>Ms</arg>
<arg>Miss</arg>
<arg>Mrs</arg>
<arg>Madame</arg>
<arg>Monsieur</arg>
<doc>Returns a list containing given items.</doc>
<status status="PASS" start="2024-04-11T21:13:30.107568" elapsed="0.000173"/>
</kw>
<kw name="List Should Contain Value" owner="Collections">
<msg time="2024-04-11T21:13:30.108293" level="INFO">False</msg>
<arg>${allowed_titles}</arg>
<arg>${name_title}</arg>
<doc>Fails if the ``value`` is not found from ``list``.</doc>
<status status="PASS" start="2024-04-11T21:13:30.108098" elapsed="0.000233"/>
</kw>
<kw name="Set Variable" owner="BuiltIn">
<msg time="2024-04-11T21:13:30.109006" level="INFO">${name_country} = BR</msg>
<var>${name_country}</var>
<arg>${json_data["results"][0]["nat"]}</arg>
<doc>Returns the given values which can then be assigned to a variables.</doc>
<status status="PASS" start="2024-04-11T21:13:30.108624" elapsed="0.000407"/>
</kw>
<kw name="Create List" owner="BuiltIn">
<msg time="2024-04-11T21:13:30.109938" level="INFO">${list_country} = ['AD', 'AE', 'AF', 'AG', 'AI', 'AL', 'AM', 'AO', 'AQ', 'AR', 'AS', 'AT', 'AU', 'AW', 'AX', 'AZ', 'BA', 'BB', 'BD', 'BE', 'BF', 'BG', 'BH', 'BI', 'BJ', 'BL', 'BM', 'BN', 'BO', 'BQ', 'BR', 'BS', 'BT', '...</msg>
<var>${list_country}</var>
<arg>AD</arg>
<arg>AE</arg>
<arg>AF</arg>
<arg>AG</arg>
<arg>AI</arg>
<arg>AL</arg>
<arg>AM</arg>
<arg>AO</arg>
<arg>AQ</arg>
<arg>AR</arg>
<arg>AS</arg>
<arg>AT</arg>
<arg>AU</arg>
<arg>AW</arg>
<arg>AX</arg>
<arg>AZ</arg>
<arg>BA</arg>
<arg>BB</arg>
<arg>BD</arg>
<arg>BE</arg>
<arg>BF</arg>
<arg>BG</arg>
<arg>BH</arg>
<arg>BI</arg>
<arg>BJ</arg>
<arg>BL</arg>
<arg>BM</arg>
<arg>BN</arg>
<arg>BO</arg>
<arg>BQ</arg>
<arg>BR</arg>
<arg>BS</arg>
<arg>BT</arg>
<arg>BV</arg>
<arg>BW</arg>
<arg>BY</arg>
<arg>BZ</arg>
<arg>CA</arg>
<arg>CC</arg>
<arg>CD</arg>
<arg>CF</arg>
<arg>CG</arg>
<arg>CH</arg>
<arg>CI</arg>
<arg>CK</arg>
<arg>CL</arg>
<arg>CM</arg>
<arg>CN</arg>
<arg>CO</arg>
<arg>CR</arg>
<arg>CU</arg>
<arg>CV</arg>
<arg>CW</arg>
<arg>CX</arg>
<arg>CY</arg>
<arg>CZ</arg>
<arg>DE</arg>
<arg>DJ</arg>
<arg>DK</arg>
<arg>DM</arg>
<arg>DO</arg>
<arg>DZ</arg>
<arg>EC</arg>
<arg>EE</arg>
<arg>EG</arg>
<arg>EH</arg>
<arg>ER</arg>
<arg>ES</arg>
<arg>ET</arg>
<arg>FI</arg>
<arg>FJ</arg>
<arg>FK</arg>
<arg>FM</arg>
<arg>FO</arg>
<arg>FR</arg>
<arg>GA</arg>
<arg>GB</arg>
<arg>GD</arg>
<arg>GE</arg>
<arg>GF</arg>
<arg>GG</arg>
<arg>GH</arg>
<arg>GI</arg>
<arg>GL</arg>
<arg>GM</arg>
<arg>GN</arg>
<arg>GP</arg>
<arg>GQ</arg>
<arg>GR</arg>
<arg>GS</arg>
<arg>GT</arg>
<arg>GU</arg>
<arg>GW</arg>
<arg>GY</arg>
<arg>HK</arg>
<arg>HM</arg>
<arg>HN</arg>
<arg>HR</arg>
<arg>HT</arg>
<arg>HU</arg>
<arg>ID</arg>
<arg>IE</arg>
<arg>IL</arg>
<arg>IM</arg>
<arg>IN</arg>
<arg>IO</arg>
<arg>IQ</arg>
<arg>IR</arg>
<arg>IS</arg>
<arg>IT</arg>
<arg>JE</arg>
<arg>JM</arg>
<arg>JO</arg>
<arg>JP</arg>
<arg>KE</arg>
<arg>KG</arg>
<arg>KH</arg>
<arg>KI</arg>
<arg>KM</arg>
<arg>KN</arg>
<arg>KP</arg>
<arg>KR</arg>
<arg>KW</arg>
<arg>KY</arg>
<arg>KZ</arg>
<arg>LA</arg>
<arg>LB</arg>
<arg>LC</arg>
<arg>LI</arg>
<arg>LK</arg>
<arg>LR</arg>
<arg>LS</arg>
<arg>LT</arg>
<arg>LU</arg>
<arg>LV</arg>
<arg>LY</arg>
<arg>MA</arg>
<arg>MC</arg>
<arg>MD</arg>
<arg>ME</arg>
<arg>MF</arg>
<arg>MG</arg>
<arg>MH</arg>
<arg>MK</arg>
<arg>ML</arg>
<arg>MM</arg>
<arg>MN</arg>
<arg>MO</arg>
<arg>MP</arg>
<arg>MQ</arg>
<arg>MR</arg>
<arg>MS</arg>
<arg>MT</arg>
<arg>MU</arg>
<arg>MV</arg>
<arg>MW</arg>
<arg>MX</arg>
<arg>MY</arg>
<arg>MZ</arg>
<arg>NA</arg>
<arg>NC</arg>
<arg>NE</arg>
<arg>NF</arg>
<arg>NG</arg>
<arg>NI</arg>
<arg>NL</arg>
<arg>NO</arg>
<arg>NP</arg>
<arg>NR</arg>
<arg>NU</arg>
<arg>NZ</arg>
<arg>OM</arg>
<arg>PA</arg>
<arg>PE</arg>
<arg>PF</arg>
<arg>PG</arg>
<arg>PH</arg>
<arg>PK</arg>
<arg>PL</arg>
<arg>PM</arg>
<arg>PN</arg>
<arg>PR</arg>
<arg>PS</arg>
<arg>PT</arg>
<arg>PW</arg>
<arg>PY</arg>
<arg>QA</arg>
<arg>RE</arg>
<arg>RO</arg>
<arg>RS</arg>
<arg>RU</arg>
<arg>RW</arg>
<arg>SA</arg>
<arg>SB</arg>
<arg>SC</arg>
<arg>SD</arg>
<arg>SE</arg>
<arg>SG</arg>
<arg>SH</arg>
<arg>SI</arg>
<arg>SJ</arg>
<arg>SK</arg>
<arg>SL</arg>
<arg>SM</arg>
<arg>SN</arg>
<arg>SO</arg>
<arg>SR</arg>
<arg>SS</arg>
<arg>ST</arg>
<arg>SV</arg>
<arg>SX</arg>
<arg>SY</arg>
<arg>SZ</arg>
<arg>TC</arg>
<arg>TD</arg>
<arg>TF</arg>
<arg>TG</arg>
<arg>TH</arg>
<arg>TJ</arg>
<arg>TK</arg>
<arg>TL</arg>
<arg>TM</arg>
<arg>TN</arg>
<arg>TO</arg>
<arg>TR</arg>
<arg>TT</arg>
<arg>TV</arg>
<arg>TW</arg>
<arg>TZ</arg>
<arg>UA</arg>
<arg>UG</arg>
<arg>UM</arg>
<arg>US</arg>
<arg>UY</arg>
<arg>UZ</arg>
<arg>VA</arg>
<arg>VC</arg>
<arg>VE</arg>
<arg>VG</arg>
<arg>VI</arg>
<arg>VN</arg>
<arg>VU</arg>
<arg>WF</arg>
<arg>WS</arg>
<arg>XK</arg>
<arg>YE</arg>
<arg>YT</arg>
<arg>ZA</arg>
<arg>ZM</arg>
<arg>ZW</arg>
<doc>Returns a list containing given items.</doc>
<status status="PASS" start="2024-04-11T21:13:30.109339" elapsed="0.000624"/>
</kw>
<kw name="List Should Contain Value" owner="Collections">
<msg time="2024-04-11T21:13:30.110942" level="INFO">False</msg>
<arg>${list_country}</arg>
<arg>${name_country}</arg>
<doc>Fails if the ``value`` is not found from ``list``.</doc>
<status status="PASS" start="2024-04-11T21:13:30.110742" elapsed="0.000237"/>
</kw>
<kw name="Run Keyword If" owner="BuiltIn">
<kw name="Should Be True" owner="BuiltIn">
<arg>${True}</arg>
<doc>Fails if the given condition is not true.</doc>
<status status="PASS" start="2024-04-11T21:13:30.112190" elapsed="0.000150"/>
</kw>
<arg>${json_data["results"][0]["location"]["coordinates"]["latitude"]} &gt;= -90 and ${json_data["results"][0]["location"]["coordinates"]["latitude"]} &lt;= 90</arg>
<arg>Should Be True</arg>
<arg>${True}</arg>
<doc>Runs the given keyword with the given arguments, if ``condition`` is true.</doc>
<status status="PASS" start="2024-04-11T21:13:30.111286" elapsed="0.001188"/>
</kw>
<kw name="Run Keyword If" owner="BuiltIn">
<kw name="Should Be True" owner="BuiltIn">
<arg>${True}</arg>
<doc>Fails if the given condition is not true.</doc>
<status status="PASS" start="2024-04-11T21:13:30.113378" elapsed="0.000140"/>
</kw>
<arg>${json_data["results"][0]["location"]["coordinates"]["longitude"]} &gt;= -180 and ${json_data["results"][0]["location"]["coordinates"]["longitude"]} &lt;= 180</arg>
<arg>Should Be True</arg>
<arg>${True}</arg>
<doc>Runs the given keyword with the given arguments, if ``condition`` is true.</doc>
<status status="PASS" start="2024-04-11T21:13:30.112663" elapsed="0.000979"/>
</kw>
<status status="PASS" start="2024-04-11T21:13:30.016870" elapsed="0.096908"/>
</kw>
<doc>Testa o conteúdo específico dos campos retornados pela API.</doc>
<tag>testeConteudo</tag>
<status status="PASS" start="2024-04-11T21:13:30.016154" elapsed="0.097778"/>
</test>
<status status="PASS" start="2024-04-11T21:13:29.273724" elapsed="0.842126"/>
</suite>
<status status="PASS" start="2024-04-11T21:13:29.260049" elapsed="0.861154"/>
</suite>
<statistics>
<total>
<stat pass="5" fail="0" skip="0">All Tests</stat>
</total>
<tag>
<stat pass="1" fail="0" skip="0">testeConteudo</stat>
<stat pass="1" fail="0" skip="0">testeEstruturaResposta</stat>
<stat pass="1" fail="0" skip="0">testeRequisicaoBasica</stat>
<stat pass="1" fail="0" skip="0">testeTiposDados</stat>
</tag>
<suite>
<stat pass="5" fail="0" skip="0" id="s1" name="Tests">Tests</stat>
<stat pass="5" fail="0" skip="0" id="s1-s1" name="Random-User-Test">Tests.Random-User-Test</stat>
</suite>
</statistics>
<errors>
</errors>
</robot>
