<?xml version="1.0" encoding="UTF-8"?>
<robot generator="Robot 7.0 (Python 3.12.3 on linux)" generated="2024-05-02T07:14:08.221515" rpa="false" schemaversion="5">
<suite id="s1" name="Tests" source="/home/runner/work/DesafioQAItauRogerioJordao/DesafioQAItauRogerioJordao/RamdonUser/tests">
<suite id="s1-s1" name="Random-User-Test" source="/home/runner/work/DesafioQAItauRogerioJordao/DesafioQAItauRogerioJordao/RamdonUser/tests/random-user-test.robot">
<test id="s1-s1-t1" name="Conectar" line="13">
<kw name="Conectar API" owner="random-user-service">
<kw name="Create Session" owner="RequestsLibrary">
<msg time="2024-05-02T07:14:08.585538" level="INFO">Creating Session using : alias=consultarAPI, url=https://randomuser.me/, headers={},                     cookies={}, auth=None, timeout=None, proxies=None, verify=False,                     debug=0 </msg>
<arg>consultarAPI</arg>
<arg>${URL}</arg>
<doc>Create Session: create a HTTP session to a server</doc>
<status status="PASS" start="2024-05-02T07:14:08.585334" elapsed="0.000453"/>
</kw>
<status status="PASS" start="2024-05-02T07:14:08.584331" elapsed="0.001831"/>
</kw>
<status status="PASS" start="2024-05-02T07:14:08.583663" elapsed="0.002697"/>
</test>
<test id="s1-s1-t2" name="Validar retorno 200 e JSON Válido" line="16">
<kw name="Teste de Requisicao Basica" owner="random-user-service">
<kw name="GET On Session" owner="RequestsLibrary">
<msg time="2024-05-02T07:14:08.673391" level="INFO">GET Request : url=https://randomuser.me/api 
 path_url=/api 
 headers={'User-Agent': 'python-requests/2.31.0', 'Accept-Encoding': 'gzip, deflate', 'Accept': '*/*', 'Connection': 'keep-alive'} 
 body=None 
 </msg>
<msg time="2024-05-02T07:14:08.673549" level="INFO">GET Response : url=https://randomuser.me/api 
 status=200, reason=OK 
 headers={'Date': 'Thu, 02 May 2024 07:14:08 GMT', 'Content-Type': 'application/json; charset=utf-8', 'Transfer-Encoding': 'chunked', 'Connection': 'keep-alive', 'X-Powered-By': 'Express', 'Access-Control-Allow-Origin': '*', 'Cache-Control': 'no-cache', 'ETag': 'W/"48c-a3583ha8Q0iSCq3/1iD6EIpBh/I"', 'Vary': 'Accept-Encoding', 'Content-Encoding': 'gzip', 'CF-Cache-Status': 'DYNAMIC', 'Report-To': '{"endpoints":[{"url":"https:\\/\\/a.nel.cloudflare.com\\/report\\/v4?s=qX2Kpf%2B%2FBwKwq8Y2zA4LzRwMAX%2B3lV4b6tyjdICBKAmTybgiWd0HOIhMxDXCc0VYJRhXjtLeIbk4eMEtVKHXIXr32SeWf314GsY%2BK3CO0IAVz51SeTP2FOQMIIN%2FPSnT"}],"group":"cf-nel","max_age":604800}', 'NEL': '{"success_fraction":0,"report_to":"cf-nel","max_age":604800}', 'Server': 'cloudflare', 'CF-RAY': '87d63673eec061f1-ORD', 'alt-svc': 'h3=":443"; ma=86400'} 
 body={"results":[{"gender":"female","name":{"title":"Miss","first":"Diana","last":"Horton"},"location":{"street":{"number":1318,"name":"Locust Rd"},"city":"Simi Valley","state":"Hawaii","country":"United States","postcode":73850,"coordinates":{"latitude":"82.1858","longitude":"32.4615"},"timezone":{"offset":"-11:00","description":"Midway Island, Samoa"}},"email":"diana.horton@example.com","login":{"uuid":"462127d3-ba89-4a6d-aa20-0007370269a7","username":"angrybear123","password":"bonjour","salt":"OFLNA2kP","md5":"d93e713e710d79268c6de10657c94fa7","sha1":"a3da4fe4303e23529bcab8e14037519323ce495c","sha256":"c93c7323e9bb40da9055d5fe6ade83f8efc007342c647b71cbb16e9b769f8057"},"dob":{"date":"1947-06-18T17:32:49.770Z","age":76},"registered":{"date":"2011-04-19T19:35:54.695Z","age":13},"phone":"(501) 566-4593","cell":"(739) 459-7750","id":{"name":"SSN","value":"567-01-4018"},"picture":{"large":"https://randomuser.me/api/portraits/women/20.jpg","medium":"https://randomuser.me/api/portraits/med/women/20.jpg","thumbnail":"https://randomuser.me/api/portraits/thumb/women/20.jpg"},"nat":"US"}],"info":{"seed":"a55767231d304f31","results":1,"page":1,"version":"1.4"}} 
 </msg>
<msg time="2024-05-02T07:14:08.673672" level="INFO">/opt/hostedtoolcache/Python/3.12.3/x64/lib/python3.12/site-packages/urllib3/connectionpool.py:1103: InsecureRequestWarning: Unverified HTTPS request is being made to host 'randomuser.me'. Adding certificate verification is strongly advised. See: https://urllib3.readthedocs.io/en/latest/advanced-usage.html#tls-warnings
  warnings.warn(</msg>
<msg time="2024-05-02T07:14:08.673843" level="INFO">${response} = &lt;Response [200]&gt;</msg>
<var>${response}</var>
<arg>consultarAPI</arg>
<arg>/api</arg>
<doc>Sends a GET request on a previously created HTTP Session.</doc>
<status status="PASS" start="2024-05-02T07:14:08.589060" elapsed="0.084830"/>
</kw>
<kw name="Should Be Equal As Numbers" owner="BuiltIn">
<msg time="2024-05-02T07:14:08.674906" level="INFO">Argument types are:
&lt;class 'int'&gt;
&lt;class 'str'&gt;</msg>
<arg>${response.status_code}</arg>
<arg>200</arg>
<doc>Fails if objects are unequal after converting them to real numbers.</doc>
<status status="PASS" start="2024-05-02T07:14:08.674436" elapsed="0.000538"/>
</kw>
<kw name="Log" owner="BuiltIn">
<msg time="2024-05-02T07:14:08.675681" level="INFO">200</msg>
<arg>${response.status_code}</arg>
<doc>Logs the given message with the given level.</doc>
<status status="PASS" start="2024-05-02T07:14:08.675318" elapsed="0.000407"/>
</kw>
<kw name="Set Variable" owner="BuiltIn">
<msg time="2024-05-02T07:14:08.676475" level="INFO">${json_data} = {'results': [{'gender': 'female', 'name': {'title': 'Miss', 'first': 'Diana', 'last': 'Horton'}, 'location': {'street': {'number': 1318, 'name': 'Locust Rd'}, 'city': 'Simi Valley', 'state': 'Hawaii',...</msg>
<var>${json_data}</var>
<arg>${response.json()}</arg>
<doc>Returns the given values which can then be assigned to a variables.</doc>
<status status="PASS" start="2024-05-02T07:14:08.676035" elapsed="0.000469"/>
</kw>
<kw name="Dictionary Should Contain Key" owner="Collections">
<msg time="2024-05-02T07:14:08.676987" level="INFO">False</msg>
<arg>${json_data}</arg>
<arg>results</arg>
<doc>Fails if ``key`` is not found from ``dictionary``.</doc>
<status status="PASS" start="2024-05-02T07:14:08.676811" elapsed="0.000218"/>
</kw>
<status status="PASS" start="2024-05-02T07:14:08.588818" elapsed="0.088473"/>
</kw>
<doc>Testa se a API responde corretamente e retorna um objeto JSON válido.</doc>
<tag>testeRequisicaoBasica</tag>
<status status="PASS" start="2024-05-02T07:14:08.588257" elapsed="0.089226"/>
</test>
<test id="s1-s1-t3" name="Validar estrutura de resposta" line="22">
<kw name="Teste de Estrutura de Resposta" owner="random-user-service">
<kw name="GET On Session" owner="RequestsLibrary">
<msg time="2024-05-02T07:14:08.767383" level="INFO">GET Request : url=https://randomuser.me/api 
 path_url=/api 
 headers={'User-Agent': 'python-requests/2.31.0', 'Accept-Encoding': 'gzip, deflate', 'Accept': '*/*', 'Connection': 'keep-alive'} 
 body=None 
 </msg>
<msg time="2024-05-02T07:14:08.767500" level="INFO">GET Response : url=https://randomuser.me/api 
 status=200, reason=OK 
 headers={'Date': 'Thu, 02 May 2024 07:14:08 GMT', 'Content-Type': 'application/json; charset=utf-8', 'Transfer-Encoding': 'chunked', 'Connection': 'keep-alive', 'X-Powered-By': 'Express', 'Access-Control-Allow-Origin': '*', 'Cache-Control': 'no-cache', 'ETag': 'W/"491-LjMGiW9ad+o0TxtuC3E0xnWvang"', 'Vary': 'Accept-Encoding', 'Content-Encoding': 'gzip', 'CF-Cache-Status': 'DYNAMIC', 'Report-To': '{"endpoints":[{"url":"https:\\/\\/a.nel.cloudflare.com\\/report\\/v4?s=KOfGm5Qua2JSg%2BxWBkot0I1ORTt8mMx58FrgF6whkO6R5gtQUHUMx0jUjRBkqZZl4hPJAPbml7%2BeSW6HYIMtJeMSugVGUekfeGK929A6m6hhVRq9r3UMSippOPvCKEDX"}],"group":"cf-nel","max_age":604800}', 'NEL': '{"success_fraction":0,"report_to":"cf-nel","max_age":604800}', 'Server': 'cloudflare', 'CF-RAY': '87d636744ef361f1-ORD', 'alt-svc': 'h3=":443"; ma=86400'} 
 body={"results":[{"gender":"male","name":{"title":"Mr","first":"Giani","last":"Castro"},"location":{"street":{"number":8340,"name":"Rua Espirito Santo "},"city":"Açailândia","state":"Paraíba","country":"Brazil","postcode":17838,"coordinates":{"latitude":"-76.3550","longitude":"-1.4063"},"timezone":{"offset":"-8:00","description":"Pacific Time (US &amp; Canada)"}},"email":"giani.castro@example.com","login":{"uuid":"622d5181-c920-4f81-a800-6637d4fd77c0","username":"angrybird481","password":"lillian","salt":"UJid8Hgz","md5":"dbf63d139e1eb1aa8bd7a434923c412e","sha1":"372967523f425f6c884734744679b7600000ad7a","sha256":"f4a71e931085c7b166e9ac88a4945e9e8bfd21de96556bfab6d32b2058dbdd9d"},"dob":{"date":"1968-05-04T12:29:33.245Z","age":55},"registered":{"date":"2006-09-02T06:12:35.331Z","age":17},"phone":"(82) 9844-7036","cell":"(22) 4905-7186","id":{"name":"CPF","value":"550.252.304-76"},"picture":{"large":"https://randomuser.me/api/portraits/men/45.jpg","medium":"https://randomuser.me/api/portraits/med/men/45.jpg","thumbnail":"https://randomuser.me/api/portraits/thumb/men/45.jpg"},"nat":"BR"}],"info":{"seed":"38a2eae943154194","results":1,"page":1,"version":"1.4"}} 
 </msg>
<msg time="2024-05-02T07:14:08.767640" level="INFO">/opt/hostedtoolcache/Python/3.12.3/x64/lib/python3.12/site-packages/urllib3/connectionpool.py:1103: InsecureRequestWarning: Unverified HTTPS request is being made to host 'randomuser.me'. Adding certificate verification is strongly advised. See: https://urllib3.readthedocs.io/en/latest/advanced-usage.html#tls-warnings
  warnings.warn(</msg>
<msg time="2024-05-02T07:14:08.767795" level="INFO">${response} = &lt;Response [200]&gt;</msg>
<var>${response}</var>
<arg>consultarAPI</arg>
<arg>/api</arg>
<doc>Sends a GET request on a previously created HTTP Session.</doc>
<status status="PASS" start="2024-05-02T07:14:08.680179" elapsed="0.087659"/>
</kw>
<kw name="Set Variable" owner="BuiltIn">
<msg time="2024-05-02T07:14:08.768894" level="INFO">${json_data} = {'results': [{'gender': 'male', 'name': {'title': 'Mr', 'first': 'Giani', 'last': 'Castro'}, 'location': {'street': {'number': 8340, 'name': 'Rua Espirito Santo '}, 'city': 'Açailândia', 'state': 'Par...</msg>
<var>${json_data}</var>
<arg>${response.json()}</arg>
<doc>Returns the given values which can then be assigned to a variables.</doc>
<status status="PASS" start="2024-05-02T07:14:08.768350" elapsed="0.000573"/>
</kw>
<kw name="Log" owner="BuiltIn">
<msg time="2024-05-02T07:14:08.769400" level="INFO">{'results': [{'gender': 'male', 'name': {'title': 'Mr', 'first': 'Giani', 'last': 'Castro'}, 'location': {'street': {'number': 8340, 'name': 'Rua Espirito Santo '}, 'city': 'Açailândia', 'state': 'Paraíba', 'country': 'Brazil', 'postcode': 17838, 'coordinates': {'latitude': '-76.3550', 'longitude': '-1.4063'}, 'timezone': {'offset': '-8:00', 'description': 'Pacific Time (US &amp; Canada)'}}, 'email': 'giani.castro@example.com', 'login': {'uuid': '622d5181-c920-4f81-a800-6637d4fd77c0', 'username': 'angrybird481', 'password': 'lillian', 'salt': 'UJid8Hgz', 'md5': 'dbf63d139e1eb1aa8bd7a434923c412e', 'sha1': '372967523f425f6c884734744679b7600000ad7a', 'sha256': 'f4a71e931085c7b166e9ac88a4945e9e8bfd21de96556bfab6d32b2058dbdd9d'}, 'dob': {'date': '1968-05-04T12:29:33.245Z', 'age': 55}, 'registered': {'date': '2006-09-02T06:12:35.331Z', 'age': 17}, 'phone': '(82) 9844-7036', 'cell': '(22) 4905-7186', 'id': {'name': 'CPF', 'value': '550.252.304-76'}, 'picture': {'large': 'https://randomuser.me/api/portraits/men/45.jpg', 'medium': 'https://randomuser.me/api/portraits/med/men/45.jpg', 'thumbnail': 'https://randomuser.me/api/portraits/thumb/men/45.jpg'}, 'nat': 'BR'}], 'info': {'seed': '38a2eae943154194', 'results': 1, 'page': 1, 'version': '1.4'}}</msg>
<arg>${json_data}</arg>
<doc>Logs the given message with the given level.</doc>
<status status="PASS" start="2024-05-02T07:14:08.769237" elapsed="0.000216"/>
</kw>
<kw name="Dictionary Should Contain Key" owner="Collections">
<msg time="2024-05-02T07:14:08.769960" level="INFO">False</msg>
<arg>${json_data}</arg>
<arg>results</arg>
<doc>Fails if ``key`` is not found from ``dictionary``.</doc>
<status status="PASS" start="2024-05-02T07:14:08.769791" elapsed="0.000207"/>
</kw>
<kw name="Should Not Be Empty" owner="BuiltIn">
<msg time="2024-05-02T07:14:08.770444" level="INFO">Length is 2.</msg>
<arg>${json_data}</arg>
<doc>Verifies that the given item is not empty.</doc>
<status status="PASS" start="2024-05-02T07:14:08.770303" elapsed="0.000348"/>
</kw>
<kw name="Create List" owner="BuiltIn">
<msg time="2024-05-02T07:14:08.771109" level="INFO">${expected_keys} = ['gender', 'name', 'location', 'email', 'login']</msg>
<var>${expected_keys}</var>
<arg>gender</arg>
<arg>name</arg>
<arg>location</arg>
<arg>email</arg>
<arg>login</arg>
<doc>Returns a list containing given items.</doc>
<status status="PASS" start="2024-05-02T07:14:08.770954" elapsed="0.000180"/>
</kw>
<for flavor="IN">
<iter>
<kw name="Dictionary Should Contain Key" owner="Collections">
<msg time="2024-05-02T07:14:08.772133" level="INFO">False</msg>
<arg>${json_data['results'][0]}</arg>
<arg>${key}</arg>
<doc>Fails if ``key`` is not found from ``dictionary``.</doc>
<status status="PASS" start="2024-05-02T07:14:08.771726" elapsed="0.000446"/>
</kw>
<kw name="Log" owner="BuiltIn">
<msg time="2024-05-02T07:14:08.772850" level="INFO">{'gender': 'male', 'name': {'title': 'Mr', 'first': 'Giani', 'last': 'Castro'}, 'location': {'street': {'number': 8340, 'name': 'Rua Espirito Santo '}, 'city': 'Açailândia', 'state': 'Paraíba', 'country': 'Brazil', 'postcode': 17838, 'coordinates': {'latitude': '-76.3550', 'longitude': '-1.4063'}, 'timezone': {'offset': '-8:00', 'description': 'Pacific Time (US &amp; Canada)'}}, 'email': 'giani.castro@example.com', 'login': {'uuid': '622d5181-c920-4f81-a800-6637d4fd77c0', 'username': 'angrybird481', 'password': 'lillian', 'salt': 'UJid8Hgz', 'md5': 'dbf63d139e1eb1aa8bd7a434923c412e', 'sha1': '372967523f425f6c884734744679b7600000ad7a', 'sha256': 'f4a71e931085c7b166e9ac88a4945e9e8bfd21de96556bfab6d32b2058dbdd9d'}, 'dob': {'date': '1968-05-04T12:29:33.245Z', 'age': 55}, 'registered': {'date': '2006-09-02T06:12:35.331Z', 'age': 17}, 'phone': '(82) 9844-7036', 'cell': '(22) 4905-7186', 'id': {'name': 'CPF', 'value': '550.252.304-76'}, 'picture': {'large': 'https://randomuser.me/api/portraits/men/45.jpg', 'medium': 'https://randomuser.me/api/portraits/med/men/45.jpg', 'thumbnail': 'https://randomuser.me/api/portraits/thumb/men/45.jpg'}, 'nat': 'BR'}</msg>
<arg>${json_data['results'][0]}</arg>
<doc>Logs the given message with the given level.</doc>
<status status="PASS" start="2024-05-02T07:14:08.772473" elapsed="0.000429"/>
</kw>
<kw name="Log" owner="BuiltIn">
<msg time="2024-05-02T07:14:08.773337" level="INFO">gender</msg>
<arg>${key}</arg>
<doc>Logs the given message with the given level.</doc>
<status status="PASS" start="2024-05-02T07:14:08.773206" elapsed="0.000168"/>
</kw>
<var name="${key}">gender</var>
<status status="PASS" start="2024-05-02T07:14:08.771598" elapsed="0.002012"/>
</iter>
<iter>
<kw name="Dictionary Should Contain Key" owner="Collections">
<msg time="2024-05-02T07:14:08.774304" level="INFO">False</msg>
<arg>${json_data['results'][0]}</arg>
<arg>${key}</arg>
<doc>Fails if ``key`` is not found from ``dictionary``.</doc>
<status status="PASS" start="2024-05-02T07:14:08.773922" elapsed="0.000420"/>
</kw>
<kw name="Log" owner="BuiltIn">
<msg time="2024-05-02T07:14:08.775036" level="INFO">{'gender': 'male', 'name': {'title': 'Mr', 'first': 'Giani', 'last': 'Castro'}, 'location': {'street': {'number': 8340, 'name': 'Rua Espirito Santo '}, 'city': 'Açailândia', 'state': 'Paraíba', 'country': 'Brazil', 'postcode': 17838, 'coordinates': {'latitude': '-76.3550', 'longitude': '-1.4063'}, 'timezone': {'offset': '-8:00', 'description': 'Pacific Time (US &amp; Canada)'}}, 'email': 'giani.castro@example.com', 'login': {'uuid': '622d5181-c920-4f81-a800-6637d4fd77c0', 'username': 'angrybird481', 'password': 'lillian', 'salt': 'UJid8Hgz', 'md5': 'dbf63d139e1eb1aa8bd7a434923c412e', 'sha1': '372967523f425f6c884734744679b7600000ad7a', 'sha256': 'f4a71e931085c7b166e9ac88a4945e9e8bfd21de96556bfab6d32b2058dbdd9d'}, 'dob': {'date': '1968-05-04T12:29:33.245Z', 'age': 55}, 'registered': {'date': '2006-09-02T06:12:35.331Z', 'age': 17}, 'phone': '(82) 9844-7036', 'cell': '(22) 4905-7186', 'id': {'name': 'CPF', 'value': '550.252.304-76'}, 'picture': {'large': 'https://randomuser.me/api/portraits/men/45.jpg', 'medium': 'https://randomuser.me/api/portraits/med/men/45.jpg', 'thumbnail': 'https://randomuser.me/api/portraits/thumb/men/45.jpg'}, 'nat': 'BR'}</msg>
<arg>${json_data['results'][0]}</arg>
<doc>Logs the given message with the given level.</doc>
<status status="PASS" start="2024-05-02T07:14:08.774667" elapsed="0.000420"/>
</kw>
<kw name="Log" owner="BuiltIn">
<msg time="2024-05-02T07:14:08.775516" level="INFO">name</msg>
<arg>${key}</arg>
<doc>Logs the given message with the given level.</doc>
<status status="PASS" start="2024-05-02T07:14:08.775387" elapsed="0.000166"/>
</kw>
<var name="${key}">name</var>
<status status="PASS" start="2024-05-02T07:14:08.773804" elapsed="0.001963"/>
</iter>
<iter>
<kw name="Dictionary Should Contain Key" owner="Collections">
<msg time="2024-05-02T07:14:08.776450" level="INFO">False</msg>
<arg>${json_data['results'][0]}</arg>
<arg>${key}</arg>
<doc>Fails if ``key`` is not found from ``dictionary``.</doc>
<status status="PASS" start="2024-05-02T07:14:08.776060" elapsed="0.000427"/>
</kw>
<kw name="Log" owner="BuiltIn">
<msg time="2024-05-02T07:14:08.777153" level="INFO">{'gender': 'male', 'name': {'title': 'Mr', 'first': 'Giani', 'last': 'Castro'}, 'location': {'street': {'number': 8340, 'name': 'Rua Espirito Santo '}, 'city': 'Açailândia', 'state': 'Paraíba', 'country': 'Brazil', 'postcode': 17838, 'coordinates': {'latitude': '-76.3550', 'longitude': '-1.4063'}, 'timezone': {'offset': '-8:00', 'description': 'Pacific Time (US &amp; Canada)'}}, 'email': 'giani.castro@example.com', 'login': {'uuid': '622d5181-c920-4f81-a800-6637d4fd77c0', 'username': 'angrybird481', 'password': 'lillian', 'salt': 'UJid8Hgz', 'md5': 'dbf63d139e1eb1aa8bd7a434923c412e', 'sha1': '372967523f425f6c884734744679b7600000ad7a', 'sha256': 'f4a71e931085c7b166e9ac88a4945e9e8bfd21de96556bfab6d32b2058dbdd9d'}, 'dob': {'date': '1968-05-04T12:29:33.245Z', 'age': 55}, 'registered': {'date': '2006-09-02T06:12:35.331Z', 'age': 17}, 'phone': '(82) 9844-7036', 'cell': '(22) 4905-7186', 'id': {'name': 'CPF', 'value': '550.252.304-76'}, 'picture': {'large': 'https://randomuser.me/api/portraits/men/45.jpg', 'medium': 'https://randomuser.me/api/portraits/med/men/45.jpg', 'thumbnail': 'https://randomuser.me/api/portraits/thumb/men/45.jpg'}, 'nat': 'BR'}</msg>
<arg>${json_data['results'][0]}</arg>
<doc>Logs the given message with the given level.</doc>
<status status="PASS" start="2024-05-02T07:14:08.776788" elapsed="0.000416"/>
</kw>
<kw name="Log" owner="BuiltIn">
<msg time="2024-05-02T07:14:08.777666" level="INFO">location</msg>
<arg>${key}</arg>
<doc>Logs the given message with the given level.</doc>
<status status="PASS" start="2024-05-02T07:14:08.777502" elapsed="0.000205"/>
</kw>
<var name="${key}">location</var>
<status status="PASS" start="2024-05-02T07:14:08.775947" elapsed="0.001984"/>
</iter>
<iter>
<kw name="Dictionary Should Contain Key" owner="Collections">
<msg time="2024-05-02T07:14:08.778603" level="INFO">False</msg>
<arg>${json_data['results'][0]}</arg>
<arg>${key}</arg>
<doc>Fails if ``key`` is not found from ``dictionary``.</doc>
<status status="PASS" start="2024-05-02T07:14:08.778218" elapsed="0.000423"/>
</kw>
<kw name="Log" owner="BuiltIn">
<msg time="2024-05-02T07:14:08.779311" level="INFO">{'gender': 'male', 'name': {'title': 'Mr', 'first': 'Giani', 'last': 'Castro'}, 'location': {'street': {'number': 8340, 'name': 'Rua Espirito Santo '}, 'city': 'Açailândia', 'state': 'Paraíba', 'country': 'Brazil', 'postcode': 17838, 'coordinates': {'latitude': '-76.3550', 'longitude': '-1.4063'}, 'timezone': {'offset': '-8:00', 'description': 'Pacific Time (US &amp; Canada)'}}, 'email': 'giani.castro@example.com', 'login': {'uuid': '622d5181-c920-4f81-a800-6637d4fd77c0', 'username': 'angrybird481', 'password': 'lillian', 'salt': 'UJid8Hgz', 'md5': 'dbf63d139e1eb1aa8bd7a434923c412e', 'sha1': '372967523f425f6c884734744679b7600000ad7a', 'sha256': 'f4a71e931085c7b166e9ac88a4945e9e8bfd21de96556bfab6d32b2058dbdd9d'}, 'dob': {'date': '1968-05-04T12:29:33.245Z', 'age': 55}, 'registered': {'date': '2006-09-02T06:12:35.331Z', 'age': 17}, 'phone': '(82) 9844-7036', 'cell': '(22) 4905-7186', 'id': {'name': 'CPF', 'value': '550.252.304-76'}, 'picture': {'large': 'https://randomuser.me/api/portraits/men/45.jpg', 'medium': 'https://randomuser.me/api/portraits/med/men/45.jpg', 'thumbnail': 'https://randomuser.me/api/portraits/thumb/men/45.jpg'}, 'nat': 'BR'}</msg>
<arg>${json_data['results'][0]}</arg>
<doc>Logs the given message with the given level.</doc>
<status status="PASS" start="2024-05-02T07:14:08.778940" elapsed="0.000423"/>
</kw>
<kw name="Log" owner="BuiltIn">
<msg time="2024-05-02T07:14:08.779788" level="INFO">email</msg>
<arg>${key}</arg>
<doc>Logs the given message with the given level.</doc>
<status status="PASS" start="2024-05-02T07:14:08.779661" elapsed="0.000164"/>
</kw>
<var name="${key}">email</var>
<status status="PASS" start="2024-05-02T07:14:08.778106" elapsed="0.001935"/>
</iter>
<iter>
<kw name="Dictionary Should Contain Key" owner="Collections">
<msg time="2024-05-02T07:14:08.780716" level="INFO">False</msg>
<arg>${json_data['results'][0]}</arg>
<arg>${key}</arg>
<doc>Fails if ``key`` is not found from ``dictionary``.</doc>
<status status="PASS" start="2024-05-02T07:14:08.780326" elapsed="0.000428"/>
</kw>
<kw name="Log" owner="BuiltIn">
<msg time="2024-05-02T07:14:08.781421" level="INFO">{'gender': 'male', 'name': {'title': 'Mr', 'first': 'Giani', 'last': 'Castro'}, 'location': {'street': {'number': 8340, 'name': 'Rua Espirito Santo '}, 'city': 'Açailândia', 'state': 'Paraíba', 'country': 'Brazil', 'postcode': 17838, 'coordinates': {'latitude': '-76.3550', 'longitude': '-1.4063'}, 'timezone': {'offset': '-8:00', 'description': 'Pacific Time (US &amp; Canada)'}}, 'email': 'giani.castro@example.com', 'login': {'uuid': '622d5181-c920-4f81-a800-6637d4fd77c0', 'username': 'angrybird481', 'password': 'lillian', 'salt': 'UJid8Hgz', 'md5': 'dbf63d139e1eb1aa8bd7a434923c412e', 'sha1': '372967523f425f6c884734744679b7600000ad7a', 'sha256': 'f4a71e931085c7b166e9ac88a4945e9e8bfd21de96556bfab6d32b2058dbdd9d'}, 'dob': {'date': '1968-05-04T12:29:33.245Z', 'age': 55}, 'registered': {'date': '2006-09-02T06:12:35.331Z', 'age': 17}, 'phone': '(82) 9844-7036', 'cell': '(22) 4905-7186', 'id': {'name': 'CPF', 'value': '550.252.304-76'}, 'picture': {'large': 'https://randomuser.me/api/portraits/men/45.jpg', 'medium': 'https://randomuser.me/api/portraits/med/men/45.jpg', 'thumbnail': 'https://randomuser.me/api/portraits/thumb/men/45.jpg'}, 'nat': 'BR'}</msg>
<arg>${json_data['results'][0]}</arg>
<doc>Logs the given message with the given level.</doc>
<status status="PASS" start="2024-05-02T07:14:08.781051" elapsed="0.000422"/>
</kw>
<kw name="Log" owner="BuiltIn">
<msg time="2024-05-02T07:14:08.781931" level="INFO">login</msg>
<arg>${key}</arg>
<doc>Logs the given message with the given level.</doc>
<status status="PASS" start="2024-05-02T07:14:08.781800" elapsed="0.000170"/>
</kw>
<var name="${key}">login</var>
<status status="PASS" start="2024-05-02T07:14:08.780216" elapsed="0.001999"/>
</iter>
<var>${key}</var>
<value>@{expected_keys}</value>
<status status="PASS" start="2024-05-02T07:14:08.771398" elapsed="0.010943"/>
</for>
<kw name="Create List" owner="BuiltIn">
<msg time="2024-05-02T07:14:08.782672" level="INFO">${expected_keysTwo} = ['username', 'password']</msg>
<var>${expected_keysTwo}</var>
<arg>username</arg>
<arg>password</arg>
<doc>Returns a list containing given items.</doc>
<status status="PASS" start="2024-05-02T07:14:08.782536" elapsed="0.000160"/>
</kw>
<for flavor="IN">
<iter>
<kw name="Dictionary Should Contain Key" owner="Collections">
<msg time="2024-05-02T07:14:08.783594" level="INFO">False</msg>
<arg>${json_data['results'][0]['login']}</arg>
<arg>${keyTwo}</arg>
<doc>Fails if ``key`` is not found from ``dictionary``.</doc>
<status status="PASS" start="2024-05-02T07:14:08.783194" elapsed="0.000437"/>
</kw>
<kw name="Dictionary Should Contain Key" owner="Collections">
<msg time="2024-05-02T07:14:08.784310" level="INFO">False</msg>
<arg>${json_data['results'][0]['login']}</arg>
<arg>${keyTwo}</arg>
<doc>Fails if ``key`` is not found from ``dictionary``.</doc>
<status status="PASS" start="2024-05-02T07:14:08.783926" elapsed="0.000422"/>
</kw>
<kw name="Log" owner="BuiltIn">
<msg time="2024-05-02T07:14:08.784769" level="INFO">username</msg>
<arg>${keyTwo}</arg>
<doc>Logs the given message with the given level.</doc>
<status status="PASS" start="2024-05-02T07:14:08.784642" elapsed="0.000170"/>
</kw>
<var name="${keyTwo}">username</var>
<status status="PASS" start="2024-05-02T07:14:08.783084" elapsed="0.001941"/>
</iter>
<iter>
<kw name="Dictionary Should Contain Key" owner="Collections">
<msg time="2024-05-02T07:14:08.785798" level="INFO">False</msg>
<arg>${json_data['results'][0]['login']}</arg>
<arg>${keyTwo}</arg>
<doc>Fails if ``key`` is not found from ``dictionary``.</doc>
<status status="PASS" start="2024-05-02T07:14:08.785307" elapsed="0.000532"/>
</kw>
<kw name="Dictionary Should Contain Key" owner="Collections">
<msg time="2024-05-02T07:14:08.786528" level="INFO">False</msg>
<arg>${json_data['results'][0]['login']}</arg>
<arg>${keyTwo}</arg>
<doc>Fails if ``key`` is not found from ``dictionary``.</doc>
<status status="PASS" start="2024-05-02T07:14:08.786143" elapsed="0.000423"/>
</kw>
<kw name="Log" owner="BuiltIn">
<msg time="2024-05-02T07:14:08.787036" level="INFO">password</msg>
<arg>${keyTwo}</arg>
<doc>Logs the given message with the given level.</doc>
<status status="PASS" start="2024-05-02T07:14:08.786901" elapsed="0.000175"/>
</kw>
<var name="${keyTwo}">password</var>
<status status="PASS" start="2024-05-02T07:14:08.785197" elapsed="0.002099"/>
</iter>
<var>${keyTwo}</var>
<value>@{expected_keysTwo}</value>
<status status="PASS" start="2024-05-02T07:14:08.782932" elapsed="0.004485"/>
</for>
<status status="PASS" start="2024-05-02T07:14:08.679940" elapsed="0.107620"/>
</kw>
<doc>Testa a estrutura da resposta da API.</doc>
<tag>testeEstruturaResposta</tag>
<status status="PASS" start="2024-05-02T07:14:08.679416" elapsed="0.108303"/>
</test>
<test id="s1-s1-t4" name="Validar tipos de dados" line="28">
<kw name="Teste de Tipos de Dados" owner="random-user-service">
<kw name="GET On Session" owner="RequestsLibrary">
<msg time="2024-05-02T07:14:08.865936" level="INFO">GET Request : url=https://randomuser.me/api 
 path_url=/api 
 headers={'User-Agent': 'python-requests/2.31.0', 'Accept-Encoding': 'gzip, deflate', 'Accept': '*/*', 'Connection': 'keep-alive'} 
 body=None 
 </msg>
<msg time="2024-05-02T07:14:08.866015" level="INFO">GET Response : url=https://randomuser.me/api 
 status=200, reason=OK 
 headers={'Date': 'Thu, 02 May 2024 07:14:08 GMT', 'Content-Type': 'application/json; charset=utf-8', 'Transfer-Encoding': 'chunked', 'Connection': 'keep-alive', 'X-Powered-By': 'Express', 'Access-Control-Allow-Origin': '*', 'Cache-Control': 'no-cache', 'ETag': 'W/"497-tnxgZl1LAaakz5VHbPqfTMO7Z6U"', 'Vary': 'Accept-Encoding', 'Content-Encoding': 'gzip', 'CF-Cache-Status': 'DYNAMIC', 'Report-To': '{"endpoints":[{"url":"https:\\/\\/a.nel.cloudflare.com\\/report\\/v4?s=MWmXX9UyRT4Edx8diHRcNg0jWu%2Feeb4d%2B2itDLCYH%2B6A68tUlrQY8jwgGYfiNYGoLW7wH2v0OmccMNAVIeYXsDBhv6xHedPpmU2JvNc0t7KVThfgEt4WpKPUdzv3pMKA"}],"group":"cf-nel","max_age":604800}', 'NEL': '{"success_fraction":0,"report_to":"cf-nel","max_age":604800}', 'Server': 'cloudflare', 'CF-RAY': '87d63674ff6561f1-ORD', 'alt-svc': 'h3=":443"; ma=86400'} 
 body={"results":[{"gender":"male","name":{"title":"Mr","first":"Hugo","last":"Roy"},"location":{"street":{"number":3158,"name":"Rue D'Abbeville"},"city":"Perpignan","state":"Hauts-de-Seine","country":"France","postcode":55765,"coordinates":{"latitude":"-16.1981","longitude":"-144.0340"},"timezone":{"offset":"+8:00","description":"Beijing, Perth, Singapore, Hong Kong"}},"email":"hugo.roy@example.com","login":{"uuid":"5fd57b78-e9d2-4eae-bf21-5dfe7cccbfdb","username":"blackbird424","password":"wingnut","salt":"4JZi5Q6D","md5":"0dce7e51886a6f1bd4f6abfdb088a079","sha1":"8e8445a295c94640a626b3acfb386d9e9cbdabfd","sha256":"9044d2a8a2337ccd9c4ca27613c13d13024edb55659894644fa895f139934e6e"},"dob":{"date":"1993-05-20T20:01:37.691Z","age":30},"registered":{"date":"2022-02-23T00:38:57.866Z","age":2},"phone":"03-77-77-98-70","cell":"06-47-63-85-12","id":{"name":"INSEE","value":"1930450908019 22"},"picture":{"large":"https://randomuser.me/api/portraits/men/89.jpg","medium":"https://randomuser.me/api/portraits/med/men/89.jpg","thumbnail":"https://randomuser.me/api/portraits/thumb/men/89.jpg"},"nat":"FR"}],"info":{"seed":"47aa78d76e5c4070","results":1,"page":1,"version":"1.4"}} 
 </msg>
<msg time="2024-05-02T07:14:08.866090" level="INFO">/opt/hostedtoolcache/Python/3.12.3/x64/lib/python3.12/site-packages/urllib3/connectionpool.py:1103: InsecureRequestWarning: Unverified HTTPS request is being made to host 'randomuser.me'. Adding certificate verification is strongly advised. See: https://urllib3.readthedocs.io/en/latest/advanced-usage.html#tls-warnings
  warnings.warn(</msg>
<msg time="2024-05-02T07:14:08.866218" level="INFO">${response} = &lt;Response [200]&gt;</msg>
<var>${response}</var>
<arg>consultarAPI</arg>
<arg>/api</arg>
<doc>Sends a GET request on a previously created HTTP Session.</doc>
<status status="PASS" start="2024-05-02T07:14:08.790308" elapsed="0.075946"/>
</kw>
<kw name="Set Variable" owner="BuiltIn">
<msg time="2024-05-02T07:14:08.867132" level="INFO">${json_data} = {'results': [{'gender': 'male', 'name': {'title': 'Mr', 'first': 'Hugo', 'last': 'Roy'}, 'location': {'street': {'number': 3158, 'name': "Rue D'Abbeville"}, 'city': 'Perpignan', 'state': 'Hauts-de-Sei...</msg>
<var>${json_data}</var>
<arg>${response.json()}</arg>
<doc>Returns the given values which can then be assigned to a variables.</doc>
<status status="PASS" start="2024-05-02T07:14:08.866673" elapsed="0.000488"/>
</kw>
<kw name="Log" owner="BuiltIn">
<msg time="2024-05-02T07:14:08.867684" level="INFO">{'results': [{'gender': 'male', 'name': {'title': 'Mr', 'first': 'Hugo', 'last': 'Roy'}, 'location': {'street': {'number': 3158, 'name': "Rue D'Abbeville"}, 'city': 'Perpignan', 'state': 'Hauts-de-Seine', 'country': 'France', 'postcode': 55765, 'coordinates': {'latitude': '-16.1981', 'longitude': '-144.0340'}, 'timezone': {'offset': '+8:00', 'description': 'Beijing, Perth, Singapore, Hong Kong'}}, 'email': 'hugo.roy@example.com', 'login': {'uuid': '5fd57b78-e9d2-4eae-bf21-5dfe7cccbfdb', 'username': 'blackbird424', 'password': 'wingnut', 'salt': '4JZi5Q6D', 'md5': '0dce7e51886a6f1bd4f6abfdb088a079', 'sha1': '8e8445a295c94640a626b3acfb386d9e9cbdabfd', 'sha256': '9044d2a8a2337ccd9c4ca27613c13d13024edb55659894644fa895f139934e6e'}, 'dob': {'date': '1993-05-20T20:01:37.691Z', 'age': 30}, 'registered': {'date': '2022-02-23T00:38:57.866Z', 'age': 2}, 'phone': '03-77-77-98-70', 'cell': '06-47-63-85-12', 'id': {'name': 'INSEE', 'value': '1930450908019 22'}, 'picture': {'large': 'https://randomuser.me/api/portraits/men/89.jpg', 'medium': 'https://randomuser.me/api/portraits/med/men/89.jpg', 'thumbnail': 'https://randomuser.me/api/portraits/thumb/men/89.jpg'}, 'nat': 'FR'}], 'info': {'seed': '47aa78d76e5c4070', 'results': 1, 'page': 1, 'version': '1.4'}}</msg>
<arg>${json_data}</arg>
<doc>Logs the given message with the given level.</doc>
<status status="PASS" start="2024-05-02T07:14:08.867466" elapsed="0.000303"/>
</kw>
<kw name="Should Be String" owner="String">
<arg>${json_data['results'][0]['gender']}</arg>
<doc>Fails if the given ``item`` is not a string.</doc>
<status status="PASS" start="2024-05-02T07:14:08.868076" elapsed="0.000380"/>
</kw>
<kw name="Should Match Regexp" owner="BuiltIn">
<arg>${json_data['results'][0]['email']}</arg>
<arg>^[a-zA-Z0-9._%+-]+@[a-zA-Z0-9.-]+\.[a-zA-Z]{2,}$</arg>
<doc>Fails if ``string`` does not match ``pattern`` as a regular expression.</doc>
<status status="PASS" start="2024-05-02T07:14:08.868649" elapsed="0.000512"/>
</kw>
<kw name="Should Match Regexp" owner="BuiltIn">
<arg>${json_data['results'][0]['dob']['date']}</arg>
<arg>\\d{4}-\\d{2}-\\d{2}T\\d{2}:\\d{2}:\\d{2}\\.\\d{3}Z</arg>
<doc>Fails if ``string`` does not match ``pattern`` as a regular expression.</doc>
<status status="PASS" start="2024-05-02T07:14:08.869353" elapsed="0.000538"/>
</kw>
<kw name="Should Match Regexp" owner="BuiltIn">
<arg>${json_data['results'][0]['registered']['date']}</arg>
<arg>\\d{4}-\\d{2}-\\d{2}T\\d{2}:\\d{2}:\\d{2}\\.\\d{3}Z</arg>
<doc>Fails if ``string`` does not match ``pattern`` as a regular expression.</doc>
<status status="PASS" start="2024-05-02T07:14:08.870084" elapsed="0.000370"/>
</kw>
<kw name="Should Match Regexp" owner="BuiltIn">
<arg>${json_data['results'][0]['picture']['large']}</arg>
<arg>^https?://.*\.(?:png|jpe?g|gif|bmp)$</arg>
<doc>Fails if ``string`` does not match ``pattern`` as a regular expression.</doc>
<status status="PASS" start="2024-05-02T07:14:08.870646" elapsed="0.000462"/>
</kw>
<kw name="Should Match Regexp" owner="BuiltIn">
<arg>${json_data['results'][0]['picture']['medium']}</arg>
<arg>^https?://.*\.(?:png|jpe?g|gif|bmp)$</arg>
<doc>Fails if ``string`` does not match ``pattern`` as a regular expression.</doc>
<status status="PASS" start="2024-05-02T07:14:08.871294" elapsed="0.000361"/>
</kw>
<kw name="Should Match Regexp" owner="BuiltIn">
<arg>${json_data['results'][0]['picture']['thumbnail']}</arg>
<arg>^https?://.*\.(?:png|jpe?g|gif|bmp)$</arg>
<doc>Fails if ``string`` does not match ``pattern`` as a regular expression.</doc>
<status status="PASS" start="2024-05-02T07:14:08.871842" elapsed="0.000359"/>
</kw>
<kw name="Log" owner="BuiltIn">
<msg time="2024-05-02T07:14:08.872701" level="INFO">{'large': 'https://randomuser.me/api/portraits/men/89.jpg', 'medium': 'https://randomuser.me/api/portraits/med/men/89.jpg', 'thumbnail': 'https://randomuser.me/api/portraits/thumb/men/89.jpg'}</msg>
<arg>${json_data['results'][0]['picture']}</arg>
<doc>Logs the given message with the given level.</doc>
<status status="PASS" start="2024-05-02T07:14:08.872380" elapsed="0.000363"/>
</kw>
<status status="PASS" start="2024-05-02T07:14:08.790078" elapsed="0.082926"/>
</kw>
<kw name="Teste de Tipos de Dados - Postcode" owner="random-user-service">
<kw name="GET On Session" owner="RequestsLibrary">
<msg time="2024-05-02T07:14:08.966799" level="INFO">GET Request : url=https://randomuser.me/api 
 path_url=/api 
 headers={'User-Agent': 'python-requests/2.31.0', 'Accept-Encoding': 'gzip, deflate', 'Accept': '*/*', 'Connection': 'keep-alive'} 
 body=None 
 </msg>
<msg time="2024-05-02T07:14:08.966907" level="INFO">GET Response : url=https://randomuser.me/api 
 status=200, reason=OK 
 headers={'Date': 'Thu, 02 May 2024 07:14:08 GMT', 'Content-Type': 'application/json; charset=utf-8', 'Transfer-Encoding': 'chunked', 'Connection': 'keep-alive', 'X-Powered-By': 'Express', 'Access-Control-Allow-Origin': '*', 'Cache-Control': 'no-cache', 'ETag': 'W/"495-ebrxycCytydqKHPgtflXP5w7lEE"', 'Vary': 'Accept-Encoding', 'Content-Encoding': 'gzip', 'CF-Cache-Status': 'DYNAMIC', 'Report-To': '{"endpoints":[{"url":"https:\\/\\/a.nel.cloudflare.com\\/report\\/v4?s=1Ab%2B4TINwk1VTfvcoVKZpYme5sOWpKQ1RBoYeRZK3MfzLYAWTmWjIjQhbRozOiAWETInD8dR6rSnj5QJh1cJTEv9ksrMTuoY4ODhamfebNYgWK4zyvQbp66ZDZ8mN1kv"}],"group":"cf-nel","max_age":604800}', 'NEL': '{"success_fraction":0,"report_to":"cf-nel","max_age":604800}', 'Server': 'cloudflare', 'CF-RAY': '87d636757faf61f1-ORD', 'alt-svc': 'h3=":443"; ma=86400'} 
 body={"results":[{"gender":"female","name":{"title":"Miss","first":"Branka","last":"Tomašević"},"location":{"street":{"number":5443,"name":"Komoranska"},"city":"Leposavić","state":"Braničevo","country":"Serbia","postcode":97200,"coordinates":{"latitude":"56.4943","longitude":"99.1586"},"timezone":{"offset":"-7:00","description":"Mountain Time (US &amp; Canada)"}},"email":"branka.tomasevic@example.com","login":{"uuid":"2d028660-f27c-4635-a337-1e4a5da0be76","username":"heavybutterfly890","password":"cable","salt":"iCYAoxAm","md5":"d37bd389feab51acfebe3cecf3773326","sha1":"e85e6cefb069ea90694702349cf19de6f9d0f414","sha256":"2e3288f5cc7599d9349beeeb5db65048980ba45eb8adeaa9bc4d229146208678"},"dob":{"date":"1960-09-27T12:50:01.557Z","age":63},"registered":{"date":"2015-12-25T01:29:10.136Z","age":8},"phone":"036-0784-345","cell":"065-9108-496","id":{"name":"SID","value":"812705384"},"picture":{"large":"https://randomuser.me/api/portraits/women/31.jpg","medium":"https://randomuser.me/api/portraits/med/women/31.jpg","thumbnail":"https://randomuser.me/api/portraits/thumb/women/31.jpg"},"nat":"RS"}],"info":{"seed":"d4b51ba75f2f7c51","results":1,"page":1,"version":"1.4"}} 
 </msg>
<msg time="2024-05-02T07:14:08.966986" level="INFO">/opt/hostedtoolcache/Python/3.12.3/x64/lib/python3.12/site-packages/urllib3/connectionpool.py:1103: InsecureRequestWarning: Unverified HTTPS request is being made to host 'randomuser.me'. Adding certificate verification is strongly advised. See: https://urllib3.readthedocs.io/en/latest/advanced-usage.html#tls-warnings
  warnings.warn(</msg>
<msg time="2024-05-02T07:14:08.967126" level="INFO">${response} = &lt;Response [200]&gt;</msg>
<var>${response}</var>
<arg>consultarAPI</arg>
<arg>/api</arg>
<doc>Sends a GET request on a previously created HTTP Session.</doc>
<status status="PASS" start="2024-05-02T07:14:08.873454" elapsed="0.093722"/>
</kw>
<kw name="Set Variable" owner="BuiltIn">
<msg time="2024-05-02T07:14:08.968266" level="INFO">${json_data} = {'results': [{'gender': 'female', 'name': {'title': 'Miss', 'first': 'Branka', 'last': 'Tomašević'}, 'location': {'street': {'number': 5443, 'name': 'Komoranska'}, 'city': 'Leposavić', 'state': 'Brani...</msg>
<var>${json_data}</var>
<arg>${response.json()}</arg>
<doc>Returns the given values which can then be assigned to a variables.</doc>
<status status="PASS" start="2024-05-02T07:14:08.967713" elapsed="0.000583"/>
</kw>
<kw name="Log" owner="BuiltIn">
<msg time="2024-05-02T07:14:08.968777" level="INFO">{'results': [{'gender': 'female', 'name': {'title': 'Miss', 'first': 'Branka', 'last': 'Tomašević'}, 'location': {'street': {'number': 5443, 'name': 'Komoranska'}, 'city': 'Leposavić', 'state': 'Braničevo', 'country': 'Serbia', 'postcode': 97200, 'coordinates': {'latitude': '56.4943', 'longitude': '99.1586'}, 'timezone': {'offset': '-7:00', 'description': 'Mountain Time (US &amp; Canada)'}}, 'email': 'branka.tomasevic@example.com', 'login': {'uuid': '2d028660-f27c-4635-a337-1e4a5da0be76', 'username': 'heavybutterfly890', 'password': 'cable', 'salt': 'iCYAoxAm', 'md5': 'd37bd389feab51acfebe3cecf3773326', 'sha1': 'e85e6cefb069ea90694702349cf19de6f9d0f414', 'sha256': '2e3288f5cc7599d9349beeeb5db65048980ba45eb8adeaa9bc4d229146208678'}, 'dob': {'date': '1960-09-27T12:50:01.557Z', 'age': 63}, 'registered': {'date': '2015-12-25T01:29:10.136Z', 'age': 8}, 'phone': '036-0784-345', 'cell': '065-9108-496', 'id': {'name': 'SID', 'value': '812705384'}, 'picture': {'large': 'https://randomuser.me/api/portraits/women/31.jpg', 'medium': 'https://randomuser.me/api/portraits/med/women/31.jpg', 'thumbnail': 'https://randomuser.me/api/portraits/thumb/women/31.jpg'}, 'nat': 'RS'}], 'info': {'seed': 'd4b51ba75f2f7c51', 'results': 1, 'page': 1, 'version': '1.4'}}</msg>
<arg>${json_data}</arg>
<doc>Logs the given message with the given level.</doc>
<status status="PASS" start="2024-05-02T07:14:08.968614" elapsed="0.000251"/>
</kw>
<kw name="Should Be Equal As Numbers" owner="BuiltIn">
<arg>${json_data['results'][0]['location']['postcode']}</arg>
<arg>${json_data['results'][0]['location']['postcode']}</arg>
<doc>Fails if objects are unequal after converting them to real numbers.</doc>
<status status="PASS" start="2024-05-02T07:14:08.969360" elapsed="0.000693"/>
</kw>
<kw name="Log" owner="BuiltIn">
<msg time="2024-05-02T07:14:08.970588" level="INFO">97200</msg>
<arg>${json_data['results'][0]['location']['postcode']}</arg>
<doc>Logs the given message with the given level.</doc>
<status status="PASS" start="2024-05-02T07:14:08.970247" elapsed="0.000382"/>
</kw>
<status status="PASS" start="2024-05-02T07:14:08.873227" elapsed="0.097662"/>
</kw>
<doc>Testa se os tipos de dados na resposta da API estão corretos.</doc>
<tag>testeTiposDados</tag>
<status status="PASS" start="2024-05-02T07:14:08.789558" elapsed="0.181506"/>
</test>
<test id="s1-s1-t5" name="Validar conteudo" line="35">
<kw name="Teste de Tipos de Conteudo" owner="random-user-service">
<kw name="GET On Session" owner="RequestsLibrary">
<msg time="2024-05-02T07:14:09.065347" level="INFO">GET Request : url=https://randomuser.me/api 
 path_url=/api 
 headers={'User-Agent': 'python-requests/2.31.0', 'Accept-Encoding': 'gzip, deflate', 'Accept': '*/*', 'Connection': 'keep-alive'} 
 body=None 
 </msg>
<msg time="2024-05-02T07:14:09.065449" level="INFO">GET Response : url=https://randomuser.me/api 
 status=200, reason=OK 
 headers={'Date': 'Thu, 02 May 2024 07:14:09 GMT', 'Content-Type': 'application/json; charset=utf-8', 'Transfer-Encoding': 'chunked', 'Connection': 'keep-alive', 'X-Powered-By': 'Express', 'Access-Control-Allow-Origin': '*', 'Cache-Control': 'no-cache', 'ETag': 'W/"478-12KYAdSTZPRX+maPjhpy6r4soy4"', 'Vary': 'Accept-Encoding', 'Content-Encoding': 'gzip', 'CF-Cache-Status': 'DYNAMIC', 'Report-To': '{"endpoints":[{"url":"https:\\/\\/a.nel.cloudflare.com\\/report\\/v4?s=1lkbXW3kqPE4i%2B0DB5iaf5St3c1nUzJ%2FEDy9W%2Bh6JPuCJG0jlLT3xKOw8fnCq9nyJN688umGRKRRyoEVDl7eJ8qa9c3WeUf0p7a7OauGW0Sv2QNFPqluetRZw4rOIBNz"}],"group":"cf-nel","max_age":604800}', 'NEL': '{"success_fraction":0,"report_to":"cf-nel","max_age":604800}', 'Server': 'cloudflare', 'CF-RAY': '87d63676180661f1-ORD', 'alt-svc': 'h3=":443"; ma=86400'} 
 body={"results":[{"gender":"female","name":{"title":"Miss","first":"Vildan","last":"Tuğluk"},"location":{"street":{"number":6497,"name":"Şehitler Cd"},"city":"Siirt","state":"Van","country":"Turkey","postcode":76991,"coordinates":{"latitude":"64.3870","longitude":"166.5889"},"timezone":{"offset":"-11:00","description":"Midway Island, Samoa"}},"email":"vildan.tugluk@example.com","login":{"uuid":"fd00a5bc-bf0f-4015-81f8-bf11f585dc9a","username":"orangepanda958","password":"vaughn","salt":"0d0cfwGe","md5":"525effc50e69a973f8af53b3f45463a2","sha1":"97d051f35c936c4d187c31cc30b253336b88b7cb","sha256":"8c7a3f46e5fd131d36e73d81c4e31cf93d24f1a45ad84e90972aae5617e1a38f"},"dob":{"date":"1949-09-29T19:46:08.144Z","age":74},"registered":{"date":"2004-03-06T18:08:46.781Z","age":20},"phone":"(353)-876-6686","cell":"(878)-938-7583","id":{"name":"","value":null},"picture":{"large":"https://randomuser.me/api/portraits/women/95.jpg","medium":"https://randomuser.me/api/portraits/med/women/95.jpg","thumbnail":"https://randomuser.me/api/portraits/thumb/women/95.jpg"},"nat":"TR"}],"info":{"seed":"0674651ccc7cc281","results":1,"page":1,"version":"1.4"}} 
 </msg>
<msg time="2024-05-02T07:14:09.065528" level="INFO">/opt/hostedtoolcache/Python/3.12.3/x64/lib/python3.12/site-packages/urllib3/connectionpool.py:1103: InsecureRequestWarning: Unverified HTTPS request is being made to host 'randomuser.me'. Adding certificate verification is strongly advised. See: https://urllib3.readthedocs.io/en/latest/advanced-usage.html#tls-warnings
  warnings.warn(</msg>
<msg time="2024-05-02T07:14:09.065695" level="INFO">${response} = &lt;Response [200]&gt;</msg>
<var>${response}</var>
<arg>consultarAPI</arg>
<arg>/api</arg>
<doc>Sends a GET request on a previously created HTTP Session.</doc>
<status status="PASS" start="2024-05-02T07:14:08.973660" elapsed="0.092078"/>
</kw>
<kw name="Set Variable" owner="BuiltIn">
<msg time="2024-05-02T07:14:09.066794" level="INFO">${json_data} = {'results': [{'gender': 'female', 'name': {'title': 'Miss', 'first': 'Vildan', 'last': 'Tuğluk'}, 'location': {'street': {'number': 6497, 'name': 'Şehitler Cd'}, 'city': 'Siirt', 'state': 'Van', 'coun...</msg>
<var>${json_data}</var>
<arg>${response.json()}</arg>
<doc>Returns the given values which can then be assigned to a variables.</doc>
<status status="PASS" start="2024-05-02T07:14:09.066261" elapsed="0.000564"/>
</kw>
<kw name="Set Variable" owner="BuiltIn">
<msg time="2024-05-02T07:14:09.067532" level="INFO">${name_title} = Miss</msg>
<var>${name_title}</var>
<arg>${json_data["results"][0]["name"]["title"]}</arg>
<doc>Returns the given values which can then be assigned to a variables.</doc>
<status status="PASS" start="2024-05-02T07:14:09.067138" elapsed="0.000419"/>
</kw>
<kw name="Create List" owner="BuiltIn">
<msg time="2024-05-02T07:14:09.068004" level="INFO">${allowed_titles} = ['Mr', 'Ms', 'Miss', 'Mrs', 'Madame', 'Monsieur']</msg>
<var>${allowed_titles}</var>
<arg>Mr</arg>
<arg>Ms</arg>
<arg>Miss</arg>
<arg>Mrs</arg>
<arg>Madame</arg>
<arg>Monsieur</arg>
<doc>Returns a list containing given items.</doc>
<status status="PASS" start="2024-05-02T07:14:09.067856" elapsed="0.000173"/>
</kw>
<kw name="List Should Contain Value" owner="Collections">
<msg time="2024-05-02T07:14:09.068503" level="INFO">False</msg>
<arg>${allowed_titles}</arg>
<arg>${name_title}</arg>
<doc>Fails if the ``value`` is not found from ``list``.</doc>
<status status="PASS" start="2024-05-02T07:14:09.068328" elapsed="0.000213"/>
</kw>
<kw name="Set Variable" owner="BuiltIn">
<msg time="2024-05-02T07:14:09.069213" level="INFO">${name_country} = TR</msg>
<var>${name_country}</var>
<arg>${json_data["results"][0]["nat"]}</arg>
<doc>Returns the given values which can then be assigned to a variables.</doc>
<status status="PASS" start="2024-05-02T07:14:09.068830" elapsed="0.000408"/>
</kw>
<kw name="Create List" owner="BuiltIn">
<msg time="2024-05-02T07:14:09.070178" level="INFO">${list_country} = ['AD', 'AE', 'AF', 'AG', 'AI', 'AL', 'AM', 'AO', 'AQ', 'AR', 'AS', 'AT', 'AU', 'AW', 'AX', 'AZ', 'BA', 'BB', 'BD', 'BE', 'BF', 'BG', 'BH', 'BI', 'BJ', 'BL', 'BM', 'BN', 'BO', 'BQ', 'BR', 'BS', 'BT', '...</msg>
<var>${list_country}</var>
<arg>AD</arg>
<arg>AE</arg>
<arg>AF</arg>
<arg>AG</arg>
<arg>AI</arg>
<arg>AL</arg>
<arg>AM</arg>
<arg>AO</arg>
<arg>AQ</arg>
<arg>AR</arg>
<arg>AS</arg>
<arg>AT</arg>
<arg>AU</arg>
<arg>AW</arg>
<arg>AX</arg>
<arg>AZ</arg>
<arg>BA</arg>
<arg>BB</arg>
<arg>BD</arg>
<arg>BE</arg>
<arg>BF</arg>
<arg>BG</arg>
<arg>BH</arg>
<arg>BI</arg>
<arg>BJ</arg>
<arg>BL</arg>
<arg>BM</arg>
<arg>BN</arg>
<arg>BO</arg>
<arg>BQ</arg>
<arg>BR</arg>
<arg>BS</arg>
<arg>BT</arg>
<arg>BV</arg>
<arg>BW</arg>
<arg>BY</arg>
<arg>BZ</arg>
<arg>CA</arg>
<arg>CC</arg>
<arg>CD</arg>
<arg>CF</arg>
<arg>CG</arg>
<arg>CH</arg>
<arg>CI</arg>
<arg>CK</arg>
<arg>CL</arg>
<arg>CM</arg>
<arg>CN</arg>
<arg>CO</arg>
<arg>CR</arg>
<arg>CU</arg>
<arg>CV</arg>
<arg>CW</arg>
<arg>CX</arg>
<arg>CY</arg>
<arg>CZ</arg>
<arg>DE</arg>
<arg>DJ</arg>
<arg>DK</arg>
<arg>DM</arg>
<arg>DO</arg>
<arg>DZ</arg>
<arg>EC</arg>
<arg>EE</arg>
<arg>EG</arg>
<arg>EH</arg>
<arg>ER</arg>
<arg>ES</arg>
<arg>ET</arg>
<arg>FI</arg>
<arg>FJ</arg>
<arg>FK</arg>
<arg>FM</arg>
<arg>FO</arg>
<arg>FR</arg>
<arg>GA</arg>
<arg>GB</arg>
<arg>GD</arg>
<arg>GE</arg>
<arg>GF</arg>
<arg>GG</arg>
<arg>GH</arg>
<arg>GI</arg>
<arg>GL</arg>
<arg>GM</arg>
<arg>GN</arg>
<arg>GP</arg>
<arg>GQ</arg>
<arg>GR</arg>
<arg>GS</arg>
<arg>GT</arg>
<arg>GU</arg>
<arg>GW</arg>
<arg>GY</arg>
<arg>HK</arg>
<arg>HM</arg>
<arg>HN</arg>
<arg>HR</arg>
<arg>HT</arg>
<arg>HU</arg>
<arg>ID</arg>
<arg>IE</arg>
<arg>IL</arg>
<arg>IM</arg>
<arg>IN</arg>
<arg>IO</arg>
<arg>IQ</arg>
<arg>IR</arg>
<arg>IS</arg>
<arg>IT</arg>
<arg>JE</arg>
<arg>JM</arg>
<arg>JO</arg>
<arg>JP</arg>
<arg>KE</arg>
<arg>KG</arg>
<arg>KH</arg>
<arg>KI</arg>
<arg>KM</arg>
<arg>KN</arg>
<arg>KP</arg>
<arg>KR</arg>
<arg>KW</arg>
<arg>KY</arg>
<arg>KZ</arg>
<arg>LA</arg>
<arg>LB</arg>
<arg>LC</arg>
<arg>LI</arg>
<arg>LK</arg>
<arg>LR</arg>
<arg>LS</arg>
<arg>LT</arg>
<arg>LU</arg>
<arg>LV</arg>
<arg>LY</arg>
<arg>MA</arg>
<arg>MC</arg>
<arg>MD</arg>
<arg>ME</arg>
<arg>MF</arg>
<arg>MG</arg>
<arg>MH</arg>
<arg>MK</arg>
<arg>ML</arg>
<arg>MM</arg>
<arg>MN</arg>
<arg>MO</arg>
<arg>MP</arg>
<arg>MQ</arg>
<arg>MR</arg>
<arg>MS</arg>
<arg>MT</arg>
<arg>MU</arg>
<arg>MV</arg>
<arg>MW</arg>
<arg>MX</arg>
<arg>MY</arg>
<arg>MZ</arg>
<arg>NA</arg>
<arg>NC</arg>
<arg>NE</arg>
<arg>NF</arg>
<arg>NG</arg>
<arg>NI</arg>
<arg>NL</arg>
<arg>NO</arg>
<arg>NP</arg>
<arg>NR</arg>
<arg>NU</arg>
<arg>NZ</arg>
<arg>OM</arg>
<arg>PA</arg>
<arg>PE</arg>
<arg>PF</arg>
<arg>PG</arg>
<arg>PH</arg>
<arg>PK</arg>
<arg>PL</arg>
<arg>PM</arg>
<arg>PN</arg>
<arg>PR</arg>
<arg>PS</arg>
<arg>PT</arg>
<arg>PW</arg>
<arg>PY</arg>
<arg>QA</arg>
<arg>RE</arg>
<arg>RO</arg>
<arg>RS</arg>
<arg>RU</arg>
<arg>RW</arg>
<arg>SA</arg>
<arg>SB</arg>
<arg>SC</arg>
<arg>SD</arg>
<arg>SE</arg>
<arg>SG</arg>
<arg>SH</arg>
<arg>SI</arg>
<arg>SJ</arg>
<arg>SK</arg>
<arg>SL</arg>
<arg>SM</arg>
<arg>SN</arg>
<arg>SO</arg>
<arg>SR</arg>
<arg>SS</arg>
<arg>ST</arg>
<arg>SV</arg>
<arg>SX</arg>
<arg>SY</arg>
<arg>SZ</arg>
<arg>TC</arg>
<arg>TD</arg>
<arg>TF</arg>
<arg>TG</arg>
<arg>TH</arg>
<arg>TJ</arg>
<arg>TK</arg>
<arg>TL</arg>
<arg>TM</arg>
<arg>TN</arg>
<arg>TO</arg>
<arg>TR</arg>
<arg>TT</arg>
<arg>TV</arg>
<arg>TW</arg>
<arg>TZ</arg>
<arg>UA</arg>
<arg>UG</arg>
<arg>UM</arg>
<arg>US</arg>
<arg>UY</arg>
<arg>UZ</arg>
<arg>VA</arg>
<arg>VC</arg>
<arg>VE</arg>
<arg>VG</arg>
<arg>VI</arg>
<arg>VN</arg>
<arg>VU</arg>
<arg>WF</arg>
<arg>WS</arg>
<arg>XK</arg>
<arg>YE</arg>
<arg>YT</arg>
<arg>ZA</arg>
<arg>ZM</arg>
<arg>ZW</arg>
<doc>Returns a list containing given items.</doc>
<status status="PASS" start="2024-05-02T07:14:09.069536" elapsed="0.000669"/>
</kw>
<kw name="List Should Contain Value" owner="Collections">
<msg time="2024-05-02T07:14:09.071214" level="INFO">False</msg>
<arg>${list_country}</arg>
<arg>${name_country}</arg>
<doc>Fails if the ``value`` is not found from ``list``.</doc>
<status status="PASS" start="2024-05-02T07:14:09.071009" elapsed="0.000242"/>
</kw>
<kw name="Run Keyword If" owner="BuiltIn">
<kw name="Should Be True" owner="BuiltIn">
<arg>${True}</arg>
<doc>Fails if the given condition is not true.</doc>
<status status="PASS" start="2024-05-02T07:14:09.072323" elapsed="0.000261"/>
</kw>
<arg>${json_data["results"][0]["location"]["coordinates"]["latitude"]} &gt;= -90 and ${json_data["results"][0]["location"]["coordinates"]["latitude"]} &lt;= 90</arg>
<arg>Should Be True</arg>
<arg>${True}</arg>
<doc>Runs the given keyword with the given arguments, if ``condition`` is true.</doc>
<status status="PASS" start="2024-05-02T07:14:09.071565" elapsed="0.001149"/>
</kw>
<kw name="Run Keyword If" owner="BuiltIn">
<kw name="Should Be True" owner="BuiltIn">
<arg>${True}</arg>
<doc>Fails if the given condition is not true.</doc>
<status status="PASS" start="2024-05-02T07:14:09.073646" elapsed="0.000149"/>
</kw>
<arg>${json_data["results"][0]["location"]["coordinates"]["longitude"]} &gt;= -180 and ${json_data["results"][0]["location"]["coordinates"]["longitude"]} &lt;= 180</arg>
<arg>Should Be True</arg>
<arg>${True}</arg>
<doc>Runs the given keyword with the given arguments, if ``condition`` is true.</doc>
<status status="PASS" start="2024-05-02T07:14:09.072911" elapsed="0.001007"/>
</kw>
<status status="PASS" start="2024-05-02T07:14:08.973390" elapsed="0.100661"/>
</kw>
<doc>Testa o conteúdo específico dos campos retornados pela API.</doc>
<tag>testeConteudo</tag>
<status status="PASS" start="2024-05-02T07:14:08.972903" elapsed="0.101300"/>
</test>
<status status="PASS" start="2024-05-02T07:14:08.278973" elapsed="0.797184"/>
</suite>
<status status="PASS" start="2024-05-02T07:14:08.265419" elapsed="0.815925"/>
</suite>
<statistics>
<total>
<stat pass="5" fail="0" skip="0">All Tests</stat>
</total>
<tag>
<stat pass="1" fail="0" skip="0">testeConteudo</stat>
<stat pass="1" fail="0" skip="0">testeEstruturaResposta</stat>
<stat pass="1" fail="0" skip="0">testeRequisicaoBasica</stat>
<stat pass="1" fail="0" skip="0">testeTiposDados</stat>
</tag>
<suite>
<stat pass="5" fail="0" skip="0" id="s1" name="Tests">Tests</stat>
<stat pass="5" fail="0" skip="0" id="s1-s1" name="Random-User-Test">Tests.Random-User-Test</stat>
</suite>
</statistics>
<errors>
</errors>
</robot>
