<?xml version="1.0" encoding="UTF-8"?>
<robot generator="Robot 7.0 (Python 3.12.2 on linux)" generated="2024-04-15T18:17:23.240738" rpa="false" schemaversion="5">
<suite id="s1" name="Tests" source="/home/runner/work/DesafioQAItauRogerioJordao/DesafioQAItauRogerioJordao/RamdonUser/tests">
<suite id="s1-s1" name="Random-User-Test" source="/home/runner/work/DesafioQAItauRogerioJordao/DesafioQAItauRogerioJordao/RamdonUser/tests/random-user-test.robot">
<test id="s1-s1-t1" name="Conectar" line="13">
<kw name="Conectar API" owner="random-user-service">
<kw name="Create Session" owner="RequestsLibrary">
<msg time="2024-04-15T18:17:23.605576" level="INFO">Creating Session using : alias=consultarAPI, url=https://randomuser.me/, headers={},                     cookies={}, auth=None, timeout=None, proxies=None, verify=False,                     debug=0 </msg>
<arg>consultarAPI</arg>
<arg>${URL}</arg>
<doc>Create Session: create a HTTP session to a server</doc>
<status status="PASS" start="2024-04-15T18:17:23.605331" elapsed="0.000446"/>
</kw>
<status status="PASS" start="2024-04-15T18:17:23.604267" elapsed="0.001880"/>
</kw>
<status status="PASS" start="2024-04-15T18:17:23.603708" elapsed="0.002642"/>
</test>
<test id="s1-s1-t2" name="Validar retorno 200 e JSON Válido" line="16">
<kw name="Teste de Requisicao Basica" owner="random-user-service">
<kw name="GET On Session" owner="RequestsLibrary">
<msg time="2024-04-15T18:17:23.810630" level="INFO">GET Request : url=https://randomuser.me/api 
 path_url=/api 
 headers={'User-Agent': 'python-requests/2.31.0', 'Accept-Encoding': 'gzip, deflate', 'Accept': '*/*', 'Connection': 'keep-alive'} 
 body=None 
 </msg>
<msg time="2024-04-15T18:17:23.810799" level="INFO">GET Response : url=https://randomuser.me/api 
 status=200, reason=OK 
 headers={'Date': 'Mon, 15 Apr 2024 18:17:23 GMT', 'Content-Type': 'application/json; charset=utf-8', 'Transfer-Encoding': 'chunked', 'Connection': 'keep-alive', 'X-Powered-By': 'Express', 'Access-Control-Allow-Origin': '*', 'Cache-Control': 'no-cache', 'ETag': 'W/"492-HNfiVclViOizIanb1vGFmlqQqiM"', 'Vary': 'Accept-Encoding', 'Content-Encoding': 'gzip', 'CF-Cache-Status': 'DYNAMIC', 'Report-To': '{"endpoints":[{"url":"https:\\/\\/a.nel.cloudflare.com\\/report\\/v4?s=L1U4IlNm%2FvR0%2FujofMnXTNi%2FqM881zoTvVzp7tK26r9h17b5stmQElXRFda6sw0w%2BObyNWut1TPcphLXvaFR09K2jEk41Gb%2FQLg6QEG3pKwYSsGwkm4R6Q8bSCZ8sLpR"}],"group":"cf-nel","max_age":604800}', 'NEL': '{"success_fraction":0,"report_to":"cf-nel","max_age":604800}', 'Server': 'cloudflare', 'CF-RAY': '874deea37fb2874f-ORD', 'alt-svc': 'h3=":443"; ma=86400'} 
 body={"results":[{"gender":"female","name":{"title":"Ms","first":"Esperanza","last":"Reyes"},"location":{"street":{"number":4046,"name":"Calle del Barquillo"},"city":"Sevilla","state":"Extremadura","country":"Spain","postcode":26076,"coordinates":{"latitude":"-31.5492","longitude":"24.3379"},"timezone":{"offset":"+2:00","description":"Kaliningrad, South Africa"}},"email":"esperanza.reyes@example.com","login":{"uuid":"5cf86cd9-2393-4e3d-b33b-ae1c782bc3b3","username":"sadostrich931","password":"chestnut","salt":"oKn6m2on","md5":"62db28c1ef634a319fd8478b6ee92606","sha1":"3d7ad3a47be03120cf382397f36091eb447dd9e6","sha256":"fb5f351777362957f447eadd6ea8188de95195795b4568bdc8f19424d2a1d381"},"dob":{"date":"1949-11-18T23:16:20.077Z","age":74},"registered":{"date":"2017-09-22T22:26:23.678Z","age":6},"phone":"951-772-720","cell":"647-346-092","id":{"name":"DNI","value":"38491845-H"},"picture":{"large":"https://randomuser.me/api/portraits/women/46.jpg","medium":"https://randomuser.me/api/portraits/med/women/46.jpg","thumbnail":"https://randomuser.me/api/portraits/thumb/women/46.jpg"},"nat":"ES"}],"info":{"seed":"5050aac50af45112","results":1,"page":1,"version":"1.4"}} 
 </msg>
<msg time="2024-04-15T18:17:23.810890" level="INFO">/opt/hostedtoolcache/Python/3.12.2/x64/lib/python3.12/site-packages/urllib3/connectionpool.py:1103: InsecureRequestWarning: Unverified HTTPS request is being made to host 'randomuser.me'. Adding certificate verification is strongly advised. See: https://urllib3.readthedocs.io/en/latest/advanced-usage.html#tls-warnings
  warnings.warn(</msg>
<msg time="2024-04-15T18:17:23.811059" level="INFO">${response} = &lt;Response [200]&gt;</msg>
<var>${response}</var>
<arg>consultarAPI</arg>
<arg>/api</arg>
<doc>Sends a GET request on a previously created HTTP Session.</doc>
<status status="PASS" start="2024-04-15T18:17:23.608947" elapsed="0.202144"/>
</kw>
<kw name="Should Be Equal As Numbers" owner="BuiltIn">
<msg time="2024-04-15T18:17:23.812101" level="INFO">Argument types are:
&lt;class 'int'&gt;
&lt;class 'str'&gt;</msg>
<arg>${response.status_code}</arg>
<arg>200</arg>
<doc>Fails if objects are unequal after converting them to real numbers.</doc>
<status status="PASS" start="2024-04-15T18:17:23.811639" elapsed="0.000540"/>
</kw>
<kw name="Log" owner="BuiltIn">
<msg time="2024-04-15T18:17:23.812889" level="INFO">200</msg>
<arg>${response.status_code}</arg>
<doc>Logs the given message with the given level.</doc>
<status status="PASS" start="2024-04-15T18:17:23.812530" elapsed="0.000403"/>
</kw>
<kw name="Set Variable" owner="BuiltIn">
<msg time="2024-04-15T18:17:23.813755" level="INFO">${json_data} = {'results': [{'gender': 'female', 'name': {'title': 'Ms', 'first': 'Esperanza', 'last': 'Reyes'}, 'location': {'street': {'number': 4046, 'name': 'Calle del Barquillo'}, 'city': 'Sevilla', 'state': 'E...</msg>
<var>${json_data}</var>
<arg>${response.json()}</arg>
<doc>Returns the given values which can then be assigned to a variables.</doc>
<status status="PASS" start="2024-04-15T18:17:23.813276" elapsed="0.000509"/>
</kw>
<kw name="Dictionary Should Contain Key" owner="Collections">
<msg time="2024-04-15T18:17:23.814271" level="INFO">False</msg>
<arg>${json_data}</arg>
<arg>results</arg>
<doc>Fails if ``key`` is not found from ``dictionary``.</doc>
<status status="PASS" start="2024-04-15T18:17:23.814100" elapsed="0.000216"/>
</kw>
<status status="PASS" start="2024-04-15T18:17:23.608690" elapsed="0.205899"/>
</kw>
<doc>Testa se a API responde corretamente e retorna um objeto JSON válido.</doc>
<tag>testeRequisicaoBasica</tag>
<status status="PASS" start="2024-04-15T18:17:23.608199" elapsed="0.206608"/>
</test>
<test id="s1-s1-t3" name="Validar estrutura de resposta" line="22">
<kw name="Teste de Estrutura de Resposta" owner="random-user-service">
<kw name="GET On Session" owner="RequestsLibrary">
<msg time="2024-04-15T18:17:23.897827" level="INFO">GET Request : url=https://randomuser.me/api 
 path_url=/api 
 headers={'User-Agent': 'python-requests/2.31.0', 'Accept-Encoding': 'gzip, deflate', 'Accept': '*/*', 'Connection': 'keep-alive'} 
 body=None 
 </msg>
<msg time="2024-04-15T18:17:23.897921" level="INFO">GET Response : url=https://randomuser.me/api 
 status=200, reason=OK 
 headers={'Date': 'Mon, 15 Apr 2024 18:17:23 GMT', 'Content-Type': 'application/json; charset=utf-8', 'Transfer-Encoding': 'chunked', 'Connection': 'keep-alive', 'X-Powered-By': 'Express', 'Access-Control-Allow-Origin': '*', 'Cache-Control': 'no-cache', 'ETag': 'W/"47f-/as/v2dU7/TyfjdXa1XeDG/pPAE"', 'Vary': 'Accept-Encoding', 'Content-Encoding': 'gzip', 'CF-Cache-Status': 'DYNAMIC', 'Report-To': '{"endpoints":[{"url":"https:\\/\\/a.nel.cloudflare.com\\/report\\/v4?s=7AIR%2Bgl8xAslgQxuHiI1TFTGA69qS%2BFdHL5E%2FtA3wsd5FXuDU5VYwWgZ5fIyFvkho3nIppacWpe6FPCcfkMJn2S3YbxBbg2OG7SqT1VQG5xXXwr1OUu%2Fzw4ugJfn3Fj2"}],"group":"cf-nel","max_age":604800}', 'NEL': '{"success_fraction":0,"report_to":"cf-nel","max_age":604800}', 'Server': 'cloudflare', 'CF-RAY': '874deea3e868874f-ORD', 'alt-svc': 'h3=":443"; ma=86400'} 
 body={"results":[{"gender":"male","name":{"title":"Mr","first":"Carlos","last":"Gutiérrez"},"location":{"street":{"number":7148,"name":"Paseo de Extremadura"},"city":"Oviedo","state":"Asturias","country":"Spain","postcode":49374,"coordinates":{"latitude":"-30.9236","longitude":"-131.7028"},"timezone":{"offset":"-2:00","description":"Mid-Atlantic"}},"email":"carlos.gutierrez@example.com","login":{"uuid":"366be916-b170-4b56-970c-dc2561405a0b","username":"angrypeacock880","password":"janet","salt":"ThDbRvze","md5":"ca4710bff449903008da784478b7a820","sha1":"a4f5e222d980e2149959c3a21a962316ce97228c","sha256":"f38962555d81fca5a032ad69cac5900ec8e24e6e6e7a0ab450626ecbf2aa8f56"},"dob":{"date":"1988-07-20T06:25:44.019Z","age":35},"registered":{"date":"2004-10-11T00:13:42.658Z","age":19},"phone":"941-303-607","cell":"696-187-363","id":{"name":"DNI","value":"60494883-D"},"picture":{"large":"https://randomuser.me/api/portraits/men/33.jpg","medium":"https://randomuser.me/api/portraits/med/men/33.jpg","thumbnail":"https://randomuser.me/api/portraits/thumb/men/33.jpg"},"nat":"ES"}],"info":{"seed":"75b1987a87911379","results":1,"page":1,"version":"1.4"}} 
 </msg>
<msg time="2024-04-15T18:17:23.898062" level="INFO">/opt/hostedtoolcache/Python/3.12.2/x64/lib/python3.12/site-packages/urllib3/connectionpool.py:1103: InsecureRequestWarning: Unverified HTTPS request is being made to host 'randomuser.me'. Adding certificate verification is strongly advised. See: https://urllib3.readthedocs.io/en/latest/advanced-usage.html#tls-warnings
  warnings.warn(</msg>
<msg time="2024-04-15T18:17:23.898204" level="INFO">${response} = &lt;Response [200]&gt;</msg>
<var>${response}</var>
<arg>consultarAPI</arg>
<arg>/api</arg>
<doc>Sends a GET request on a previously created HTTP Session.</doc>
<status status="PASS" start="2024-04-15T18:17:23.817635" elapsed="0.080613"/>
</kw>
<kw name="Set Variable" owner="BuiltIn">
<msg time="2024-04-15T18:17:23.899235" level="INFO">${json_data} = {'results': [{'gender': 'male', 'name': {'title': 'Mr', 'first': 'Carlos', 'last': 'Gutiérrez'}, 'location': {'street': {'number': 7148, 'name': 'Paseo de Extremadura'}, 'city': 'Oviedo', 'state': 'As...</msg>
<var>${json_data}</var>
<arg>${response.json()}</arg>
<doc>Returns the given values which can then be assigned to a variables.</doc>
<status status="PASS" start="2024-04-15T18:17:23.898719" elapsed="0.000546"/>
</kw>
<kw name="Log" owner="BuiltIn">
<msg time="2024-04-15T18:17:23.899751" level="INFO">{'results': [{'gender': 'male', 'name': {'title': 'Mr', 'first': 'Carlos', 'last': 'Gutiérrez'}, 'location': {'street': {'number': 7148, 'name': 'Paseo de Extremadura'}, 'city': 'Oviedo', 'state': 'Asturias', 'country': 'Spain', 'postcode': 49374, 'coordinates': {'latitude': '-30.9236', 'longitude': '-131.7028'}, 'timezone': {'offset': '-2:00', 'description': 'Mid-Atlantic'}}, 'email': 'carlos.gutierrez@example.com', 'login': {'uuid': '366be916-b170-4b56-970c-dc2561405a0b', 'username': 'angrypeacock880', 'password': 'janet', 'salt': 'ThDbRvze', 'md5': 'ca4710bff449903008da784478b7a820', 'sha1': 'a4f5e222d980e2149959c3a21a962316ce97228c', 'sha256': 'f38962555d81fca5a032ad69cac5900ec8e24e6e6e7a0ab450626ecbf2aa8f56'}, 'dob': {'date': '1988-07-20T06:25:44.019Z', 'age': 35}, 'registered': {'date': '2004-10-11T00:13:42.658Z', 'age': 19}, 'phone': '941-303-607', 'cell': '696-187-363', 'id': {'name': 'DNI', 'value': '60494883-D'}, 'picture': {'large': 'https://randomuser.me/api/portraits/men/33.jpg', 'medium': 'https://randomuser.me/api/portraits/med/men/33.jpg', 'thumbnail': 'https://randomuser.me/api/portraits/thumb/men/33.jpg'}, 'nat': 'ES'}], 'info': {'seed': '75b1987a87911379', 'results': 1, 'page': 1, 'version': '1.4'}}</msg>
<arg>${json_data}</arg>
<doc>Logs the given message with the given level.</doc>
<status status="PASS" start="2024-04-15T18:17:23.899585" elapsed="0.000224"/>
</kw>
<kw name="Dictionary Should Contain Key" owner="Collections">
<msg time="2024-04-15T18:17:23.900279" level="INFO">False</msg>
<arg>${json_data}</arg>
<arg>results</arg>
<doc>Fails if ``key`` is not found from ``dictionary``.</doc>
<status status="PASS" start="2024-04-15T18:17:23.900118" elapsed="0.000200"/>
</kw>
<kw name="Should Not Be Empty" owner="BuiltIn">
<msg time="2024-04-15T18:17:23.900764" level="INFO">Length is 2.</msg>
<arg>${json_data}</arg>
<doc>Verifies that the given item is not empty.</doc>
<status status="PASS" start="2024-04-15T18:17:23.900618" elapsed="0.000193"/>
</kw>
<kw name="Create List" owner="BuiltIn">
<msg time="2024-04-15T18:17:23.901256" level="INFO">${expected_keys} = ['gender', 'name', 'location', 'email', 'login']</msg>
<var>${expected_keys}</var>
<arg>gender</arg>
<arg>name</arg>
<arg>location</arg>
<arg>email</arg>
<arg>login</arg>
<doc>Returns a list containing given items.</doc>
<status status="PASS" start="2024-04-15T18:17:23.901107" elapsed="0.000174"/>
</kw>
<for flavor="IN">
<iter>
<kw name="Dictionary Should Contain Key" owner="Collections">
<msg time="2024-04-15T18:17:23.902329" level="INFO">False</msg>
<arg>${json_data['results'][0]}</arg>
<arg>${key}</arg>
<doc>Fails if ``key`` is not found from ``dictionary``.</doc>
<status status="PASS" start="2024-04-15T18:17:23.901921" elapsed="0.000447"/>
</kw>
<kw name="Log" owner="BuiltIn">
<msg time="2024-04-15T18:17:23.903047" level="INFO">{'gender': 'male', 'name': {'title': 'Mr', 'first': 'Carlos', 'last': 'Gutiérrez'}, 'location': {'street': {'number': 7148, 'name': 'Paseo de Extremadura'}, 'city': 'Oviedo', 'state': 'Asturias', 'country': 'Spain', 'postcode': 49374, 'coordinates': {'latitude': '-30.9236', 'longitude': '-131.7028'}, 'timezone': {'offset': '-2:00', 'description': 'Mid-Atlantic'}}, 'email': 'carlos.gutierrez@example.com', 'login': {'uuid': '366be916-b170-4b56-970c-dc2561405a0b', 'username': 'angrypeacock880', 'password': 'janet', 'salt': 'ThDbRvze', 'md5': 'ca4710bff449903008da784478b7a820', 'sha1': 'a4f5e222d980e2149959c3a21a962316ce97228c', 'sha256': 'f38962555d81fca5a032ad69cac5900ec8e24e6e6e7a0ab450626ecbf2aa8f56'}, 'dob': {'date': '1988-07-20T06:25:44.019Z', 'age': 35}, 'registered': {'date': '2004-10-11T00:13:42.658Z', 'age': 19}, 'phone': '941-303-607', 'cell': '696-187-363', 'id': {'name': 'DNI', 'value': '60494883-D'}, 'picture': {'large': 'https://randomuser.me/api/portraits/men/33.jpg', 'medium': 'https://randomuser.me/api/portraits/med/men/33.jpg', 'thumbnail': 'https://randomuser.me/api/portraits/thumb/men/33.jpg'}, 'nat': 'ES'}</msg>
<arg>${json_data['results'][0]}</arg>
<doc>Logs the given message with the given level.</doc>
<status status="PASS" start="2024-04-15T18:17:23.902675" elapsed="0.000423"/>
</kw>
<kw name="Log" owner="BuiltIn">
<msg time="2024-04-15T18:17:23.903536" level="INFO">gender</msg>
<arg>${key}</arg>
<doc>Logs the given message with the given level.</doc>
<status status="PASS" start="2024-04-15T18:17:23.903404" elapsed="0.000172"/>
</kw>
<var name="${key}">gender</var>
<status status="PASS" start="2024-04-15T18:17:23.901791" elapsed="0.002011"/>
</iter>
<iter>
<kw name="Dictionary Should Contain Key" owner="Collections">
<msg time="2024-04-15T18:17:23.904500" level="INFO">False</msg>
<arg>${json_data['results'][0]}</arg>
<arg>${key}</arg>
<doc>Fails if ``key`` is not found from ``dictionary``.</doc>
<status status="PASS" start="2024-04-15T18:17:23.904110" elapsed="0.000430"/>
</kw>
<kw name="Log" owner="BuiltIn">
<msg time="2024-04-15T18:17:23.905244" level="INFO">{'gender': 'male', 'name': {'title': 'Mr', 'first': 'Carlos', 'last': 'Gutiérrez'}, 'location': {'street': {'number': 7148, 'name': 'Paseo de Extremadura'}, 'city': 'Oviedo', 'state': 'Asturias', 'country': 'Spain', 'postcode': 49374, 'coordinates': {'latitude': '-30.9236', 'longitude': '-131.7028'}, 'timezone': {'offset': '-2:00', 'description': 'Mid-Atlantic'}}, 'email': 'carlos.gutierrez@example.com', 'login': {'uuid': '366be916-b170-4b56-970c-dc2561405a0b', 'username': 'angrypeacock880', 'password': 'janet', 'salt': 'ThDbRvze', 'md5': 'ca4710bff449903008da784478b7a820', 'sha1': 'a4f5e222d980e2149959c3a21a962316ce97228c', 'sha256': 'f38962555d81fca5a032ad69cac5900ec8e24e6e6e7a0ab450626ecbf2aa8f56'}, 'dob': {'date': '1988-07-20T06:25:44.019Z', 'age': 35}, 'registered': {'date': '2004-10-11T00:13:42.658Z', 'age': 19}, 'phone': '941-303-607', 'cell': '696-187-363', 'id': {'name': 'DNI', 'value': '60494883-D'}, 'picture': {'large': 'https://randomuser.me/api/portraits/men/33.jpg', 'medium': 'https://randomuser.me/api/portraits/med/men/33.jpg', 'thumbnail': 'https://randomuser.me/api/portraits/thumb/men/33.jpg'}, 'nat': 'ES'}</msg>
<arg>${json_data['results'][0]}</arg>
<doc>Logs the given message with the given level.</doc>
<status status="PASS" start="2024-04-15T18:17:23.904873" elapsed="0.000428"/>
</kw>
<kw name="Log" owner="BuiltIn">
<msg time="2024-04-15T18:17:23.905804" level="INFO">name</msg>
<arg>${key}</arg>
<doc>Logs the given message with the given level.</doc>
<status status="PASS" start="2024-04-15T18:17:23.905665" elapsed="0.000179"/>
</kw>
<var name="${key}">name</var>
<status status="PASS" start="2024-04-15T18:17:23.903992" elapsed="0.002077"/>
</iter>
<iter>
<kw name="Dictionary Should Contain Key" owner="Collections">
<msg time="2024-04-15T18:17:23.906759" level="INFO">False</msg>
<arg>${json_data['results'][0]}</arg>
<arg>${key}</arg>
<doc>Fails if ``key`` is not found from ``dictionary``.</doc>
<status status="PASS" start="2024-04-15T18:17:23.906367" elapsed="0.000433"/>
</kw>
<kw name="Log" owner="BuiltIn">
<msg time="2024-04-15T18:17:23.907466" level="INFO">{'gender': 'male', 'name': {'title': 'Mr', 'first': 'Carlos', 'last': 'Gutiérrez'}, 'location': {'street': {'number': 7148, 'name': 'Paseo de Extremadura'}, 'city': 'Oviedo', 'state': 'Asturias', 'country': 'Spain', 'postcode': 49374, 'coordinates': {'latitude': '-30.9236', 'longitude': '-131.7028'}, 'timezone': {'offset': '-2:00', 'description': 'Mid-Atlantic'}}, 'email': 'carlos.gutierrez@example.com', 'login': {'uuid': '366be916-b170-4b56-970c-dc2561405a0b', 'username': 'angrypeacock880', 'password': 'janet', 'salt': 'ThDbRvze', 'md5': 'ca4710bff449903008da784478b7a820', 'sha1': 'a4f5e222d980e2149959c3a21a962316ce97228c', 'sha256': 'f38962555d81fca5a032ad69cac5900ec8e24e6e6e7a0ab450626ecbf2aa8f56'}, 'dob': {'date': '1988-07-20T06:25:44.019Z', 'age': 35}, 'registered': {'date': '2004-10-11T00:13:42.658Z', 'age': 19}, 'phone': '941-303-607', 'cell': '696-187-363', 'id': {'name': 'DNI', 'value': '60494883-D'}, 'picture': {'large': 'https://randomuser.me/api/portraits/men/33.jpg', 'medium': 'https://randomuser.me/api/portraits/med/men/33.jpg', 'thumbnail': 'https://randomuser.me/api/portraits/thumb/men/33.jpg'}, 'nat': 'ES'}</msg>
<arg>${json_data['results'][0]}</arg>
<doc>Logs the given message with the given level.</doc>
<status status="PASS" start="2024-04-15T18:17:23.907102" elapsed="0.000414"/>
</kw>
<kw name="Log" owner="BuiltIn">
<msg time="2024-04-15T18:17:23.907944" level="INFO">location</msg>
<arg>${key}</arg>
<doc>Logs the given message with the given level.</doc>
<status status="PASS" start="2024-04-15T18:17:23.907817" elapsed="0.000166"/>
</kw>
<var name="${key}">location</var>
<status status="PASS" start="2024-04-15T18:17:23.906253" elapsed="0.001951"/>
</iter>
<iter>
<kw name="Dictionary Should Contain Key" owner="Collections">
<msg time="2024-04-15T18:17:23.908880" level="INFO">False</msg>
<arg>${json_data['results'][0]}</arg>
<arg>${key}</arg>
<doc>Fails if ``key`` is not found from ``dictionary``.</doc>
<status status="PASS" start="2024-04-15T18:17:23.908492" elapsed="0.000446"/>
</kw>
<kw name="Log" owner="BuiltIn">
<msg time="2024-04-15T18:17:23.909652" level="INFO">{'gender': 'male', 'name': {'title': 'Mr', 'first': 'Carlos', 'last': 'Gutiérrez'}, 'location': {'street': {'number': 7148, 'name': 'Paseo de Extremadura'}, 'city': 'Oviedo', 'state': 'Asturias', 'country': 'Spain', 'postcode': 49374, 'coordinates': {'latitude': '-30.9236', 'longitude': '-131.7028'}, 'timezone': {'offset': '-2:00', 'description': 'Mid-Atlantic'}}, 'email': 'carlos.gutierrez@example.com', 'login': {'uuid': '366be916-b170-4b56-970c-dc2561405a0b', 'username': 'angrypeacock880', 'password': 'janet', 'salt': 'ThDbRvze', 'md5': 'ca4710bff449903008da784478b7a820', 'sha1': 'a4f5e222d980e2149959c3a21a962316ce97228c', 'sha256': 'f38962555d81fca5a032ad69cac5900ec8e24e6e6e7a0ab450626ecbf2aa8f56'}, 'dob': {'date': '1988-07-20T06:25:44.019Z', 'age': 35}, 'registered': {'date': '2004-10-11T00:13:42.658Z', 'age': 19}, 'phone': '941-303-607', 'cell': '696-187-363', 'id': {'name': 'DNI', 'value': '60494883-D'}, 'picture': {'large': 'https://randomuser.me/api/portraits/men/33.jpg', 'medium': 'https://randomuser.me/api/portraits/med/men/33.jpg', 'thumbnail': 'https://randomuser.me/api/portraits/thumb/men/33.jpg'}, 'nat': 'ES'}</msg>
<arg>${json_data['results'][0]}</arg>
<doc>Logs the given message with the given level.</doc>
<status status="PASS" start="2024-04-15T18:17:23.909242" elapsed="0.000461"/>
</kw>
<kw name="Log" owner="BuiltIn">
<msg time="2024-04-15T18:17:23.910149" level="INFO">email</msg>
<arg>${key}</arg>
<doc>Logs the given message with the given level.</doc>
<status status="PASS" start="2024-04-15T18:17:23.910019" elapsed="0.000169"/>
</kw>
<var name="${key}">email</var>
<status status="PASS" start="2024-04-15T18:17:23.908378" elapsed="0.002032"/>
</iter>
<iter>
<kw name="Dictionary Should Contain Key" owner="Collections">
<msg time="2024-04-15T18:17:23.911088" level="INFO">False</msg>
<arg>${json_data['results'][0]}</arg>
<arg>${key}</arg>
<doc>Fails if ``key`` is not found from ``dictionary``.</doc>
<status status="PASS" start="2024-04-15T18:17:23.910698" elapsed="0.000429"/>
</kw>
<kw name="Log" owner="BuiltIn">
<msg time="2024-04-15T18:17:23.911793" level="INFO">{'gender': 'male', 'name': {'title': 'Mr', 'first': 'Carlos', 'last': 'Gutiérrez'}, 'location': {'street': {'number': 7148, 'name': 'Paseo de Extremadura'}, 'city': 'Oviedo', 'state': 'Asturias', 'country': 'Spain', 'postcode': 49374, 'coordinates': {'latitude': '-30.9236', 'longitude': '-131.7028'}, 'timezone': {'offset': '-2:00', 'description': 'Mid-Atlantic'}}, 'email': 'carlos.gutierrez@example.com', 'login': {'uuid': '366be916-b170-4b56-970c-dc2561405a0b', 'username': 'angrypeacock880', 'password': 'janet', 'salt': 'ThDbRvze', 'md5': 'ca4710bff449903008da784478b7a820', 'sha1': 'a4f5e222d980e2149959c3a21a962316ce97228c', 'sha256': 'f38962555d81fca5a032ad69cac5900ec8e24e6e6e7a0ab450626ecbf2aa8f56'}, 'dob': {'date': '1988-07-20T06:25:44.019Z', 'age': 35}, 'registered': {'date': '2004-10-11T00:13:42.658Z', 'age': 19}, 'phone': '941-303-607', 'cell': '696-187-363', 'id': {'name': 'DNI', 'value': '60494883-D'}, 'picture': {'large': 'https://randomuser.me/api/portraits/men/33.jpg', 'medium': 'https://randomuser.me/api/portraits/med/men/33.jpg', 'thumbnail': 'https://randomuser.me/api/portraits/thumb/men/33.jpg'}, 'nat': 'ES'}</msg>
<arg>${json_data['results'][0]}</arg>
<doc>Logs the given message with the given level.</doc>
<status status="PASS" start="2024-04-15T18:17:23.911429" elapsed="0.000413"/>
</kw>
<kw name="Log" owner="BuiltIn">
<msg time="2024-04-15T18:17:23.912263" level="INFO">login</msg>
<arg>${key}</arg>
<doc>Logs the given message with the given level.</doc>
<status status="PASS" start="2024-04-15T18:17:23.912138" elapsed="0.000164"/>
</kw>
<var name="${key}">login</var>
<status status="PASS" start="2024-04-15T18:17:23.910586" elapsed="0.001942"/>
</iter>
<var>${key}</var>
<value>@{expected_keys}</value>
<status status="PASS" start="2024-04-15T18:17:23.901590" elapsed="0.011098"/>
</for>
<kw name="Create List" owner="BuiltIn">
<msg time="2024-04-15T18:17:23.913035" level="INFO">${expected_keysTwo} = ['username', 'password']</msg>
<var>${expected_keysTwo}</var>
<arg>username</arg>
<arg>password</arg>
<doc>Returns a list containing given items.</doc>
<status status="PASS" start="2024-04-15T18:17:23.912896" elapsed="0.000164"/>
</kw>
<for flavor="IN">
<iter>
<kw name="Dictionary Should Contain Key" owner="Collections">
<msg time="2024-04-15T18:17:23.914121" level="INFO">False</msg>
<arg>${json_data['results'][0]['login']}</arg>
<arg>${keyTwo}</arg>
<doc>Fails if ``key`` is not found from ``dictionary``.</doc>
<status status="PASS" start="2024-04-15T18:17:23.913736" elapsed="0.000424"/>
</kw>
<kw name="Dictionary Should Contain Key" owner="Collections">
<msg time="2024-04-15T18:17:23.914841" level="INFO">False</msg>
<arg>${json_data['results'][0]['login']}</arg>
<arg>${keyTwo}</arg>
<doc>Fails if ``key`` is not found from ``dictionary``.</doc>
<status status="PASS" start="2024-04-15T18:17:23.914462" elapsed="0.000417"/>
</kw>
<kw name="Log" owner="BuiltIn">
<msg time="2024-04-15T18:17:23.915301" level="INFO">username</msg>
<arg>${keyTwo}</arg>
<doc>Logs the given message with the given level.</doc>
<status status="PASS" start="2024-04-15T18:17:23.915173" elapsed="0.000166"/>
</kw>
<var name="${keyTwo}">username</var>
<status status="PASS" start="2024-04-15T18:17:23.913618" elapsed="0.001944"/>
</iter>
<iter>
<kw name="Dictionary Should Contain Key" owner="Collections">
<msg time="2024-04-15T18:17:23.916222" level="INFO">False</msg>
<arg>${json_data['results'][0]['login']}</arg>
<arg>${keyTwo}</arg>
<doc>Fails if ``key`` is not found from ``dictionary``.</doc>
<status status="PASS" start="2024-04-15T18:17:23.915845" elapsed="0.000415"/>
</kw>
<kw name="Dictionary Should Contain Key" owner="Collections">
<msg time="2024-04-15T18:17:23.916933" level="INFO">False</msg>
<arg>${json_data['results'][0]['login']}</arg>
<arg>${keyTwo}</arg>
<doc>Fails if ``key`` is not found from ``dictionary``.</doc>
<status status="PASS" start="2024-04-15T18:17:23.916551" elapsed="0.000420"/>
</kw>
<kw name="Log" owner="BuiltIn">
<msg time="2024-04-15T18:17:23.917402" level="INFO">password</msg>
<arg>${keyTwo}</arg>
<doc>Logs the given message with the given level.</doc>
<status status="PASS" start="2024-04-15T18:17:23.917274" elapsed="0.000205"/>
</kw>
<var name="${keyTwo}">password</var>
<status status="PASS" start="2024-04-15T18:17:23.915735" elapsed="0.001975"/>
</iter>
<var>${keyTwo}</var>
<value>@{expected_keysTwo}</value>
<status status="PASS" start="2024-04-15T18:17:23.913319" elapsed="0.004512"/>
</for>
<status status="PASS" start="2024-04-15T18:17:23.817354" elapsed="0.100620"/>
</kw>
<doc>Testa a estrutura da resposta da API.</doc>
<tag>testeEstruturaResposta</tag>
<status status="PASS" start="2024-04-15T18:17:23.816688" elapsed="0.101453"/>
</test>
<test id="s1-s1-t4" name="Validar tipos de dados" line="28">
<kw name="Teste de Tipos de Dados" owner="random-user-service">
<kw name="GET On Session" owner="RequestsLibrary">
<msg time="2024-04-15T18:17:24.447570" level="INFO">GET Request : url=https://randomuser.me/api 
 path_url=/api 
 headers={'User-Agent': 'python-requests/2.31.0', 'Accept-Encoding': 'gzip, deflate', 'Accept': '*/*', 'Connection': 'keep-alive'} 
 body=None 
 </msg>
<msg time="2024-04-15T18:17:24.447685" level="INFO">GET Response : url=https://randomuser.me/api 
 status=200, reason=OK 
 headers={'Date': 'Mon, 15 Apr 2024 18:17:24 GMT', 'Content-Type': 'application/json; charset=utf-8', 'Transfer-Encoding': 'chunked', 'Connection': 'keep-alive', 'X-Powered-By': 'Express', 'Access-Control-Allow-Origin': '*', 'Cache-Control': 'no-cache', 'ETag': 'W/"488-cq0QdCFblM7kEzvRhNhQNcyDhN8"', 'Vary': 'Accept-Encoding', 'Content-Encoding': 'gzip', 'CF-Cache-Status': 'DYNAMIC', 'Report-To': '{"endpoints":[{"url":"https:\\/\\/a.nel.cloudflare.com\\/report\\/v4?s=AIrXZ%2B1%2BQPFMdVJ8dIoQAzzTIpG6KaHHp08D4HPlDe4TFq1e1FYXB0ILzpjDvwEPVANSZlYdd30rPqTe2z8jNSw7GJVmTr3AOLBG0iZcG%2BGQAETB0Btxri4pMIBRIFnB"}],"group":"cf-nel","max_age":604800}', 'NEL': '{"success_fraction":0,"report_to":"cf-nel","max_age":604800}', 'Server': 'cloudflare', 'CF-RAY': '874deea4894a874f-ORD', 'alt-svc': 'h3=":443"; ma=86400'} 
 body={"results":[{"gender":"female","name":{"title":"Ms","first":"Nalan","last":"Solmaz"},"location":{"street":{"number":2891,"name":"Filistin Cd"},"city":"Isparta","state":"Niğde","country":"Turkey","postcode":83441,"coordinates":{"latitude":"66.9667","longitude":"22.4823"},"timezone":{"offset":"+10:00","description":"Eastern Australia, Guam, Vladivostok"}},"email":"nalan.solmaz@example.com","login":{"uuid":"bbdf496a-d6e6-447a-9bed-9139500bd57f","username":"ticklishmeercat195","password":"titan","salt":"y6yqDPKU","md5":"2bd7134b28a04c40597fa245e4c93bcf","sha1":"b3be1c7bb6e791419f2d215580b4c710ba20cbd5","sha256":"0cb50be363dc65e2cb739716ce6de8d53d3ac914032ad60d88856c3e40cd2e5f"},"dob":{"date":"1957-01-21T22:01:32.364Z","age":67},"registered":{"date":"2014-10-18T12:16:35.452Z","age":9},"phone":"(007)-834-9634","cell":"(044)-846-4152","id":{"name":"","value":null},"picture":{"large":"https://randomuser.me/api/portraits/women/31.jpg","medium":"https://randomuser.me/api/portraits/med/women/31.jpg","thumbnail":"https://randomuser.me/api/portraits/thumb/women/31.jpg"},"nat":"TR"}],"info":{"seed":"2a55ec821f58021f","results":1,"page":1,"version":"1.4"}} 
 </msg>
<msg time="2024-04-15T18:17:24.447786" level="INFO">/opt/hostedtoolcache/Python/3.12.2/x64/lib/python3.12/site-packages/urllib3/connectionpool.py:1103: InsecureRequestWarning: Unverified HTTPS request is being made to host 'randomuser.me'. Adding certificate verification is strongly advised. See: https://urllib3.readthedocs.io/en/latest/advanced-usage.html#tls-warnings
  warnings.warn(</msg>
<msg time="2024-04-15T18:17:24.447938" level="INFO">${response} = &lt;Response [200]&gt;</msg>
<var>${response}</var>
<arg>consultarAPI</arg>
<arg>/api</arg>
<doc>Sends a GET request on a previously created HTTP Session.</doc>
<status status="PASS" start="2024-04-15T18:17:23.920592" elapsed="0.527525"/>
</kw>
<kw name="Set Variable" owner="BuiltIn">
<msg time="2024-04-15T18:17:24.449184" level="INFO">${json_data} = {'results': [{'gender': 'female', 'name': {'title': 'Ms', 'first': 'Nalan', 'last': 'Solmaz'}, 'location': {'street': {'number': 2891, 'name': 'Filistin Cd'}, 'city': 'Isparta', 'state': 'Niğde', 'cou...</msg>
<var>${json_data}</var>
<arg>${response.json()}</arg>
<doc>Returns the given values which can then be assigned to a variables.</doc>
<status status="PASS" start="2024-04-15T18:17:24.448654" elapsed="0.000560"/>
</kw>
<kw name="Log" owner="BuiltIn">
<msg time="2024-04-15T18:17:24.449759" level="INFO">{'results': [{'gender': 'female', 'name': {'title': 'Ms', 'first': 'Nalan', 'last': 'Solmaz'}, 'location': {'street': {'number': 2891, 'name': 'Filistin Cd'}, 'city': 'Isparta', 'state': 'Niğde', 'country': 'Turkey', 'postcode': 83441, 'coordinates': {'latitude': '66.9667', 'longitude': '22.4823'}, 'timezone': {'offset': '+10:00', 'description': 'Eastern Australia, Guam, Vladivostok'}}, 'email': 'nalan.solmaz@example.com', 'login': {'uuid': 'bbdf496a-d6e6-447a-9bed-9139500bd57f', 'username': 'ticklishmeercat195', 'password': 'titan', 'salt': 'y6yqDPKU', 'md5': '2bd7134b28a04c40597fa245e4c93bcf', 'sha1': 'b3be1c7bb6e791419f2d215580b4c710ba20cbd5', 'sha256': '0cb50be363dc65e2cb739716ce6de8d53d3ac914032ad60d88856c3e40cd2e5f'}, 'dob': {'date': '1957-01-21T22:01:32.364Z', 'age': 67}, 'registered': {'date': '2014-10-18T12:16:35.452Z', 'age': 9}, 'phone': '(007)-834-9634', 'cell': '(044)-846-4152', 'id': {'name': '', 'value': None}, 'picture': {'large': 'https://randomuser.me/api/portraits/women/31.jpg', 'medium': 'https://randomuser.me/api/portraits/med/women/31.jpg', 'thumbnail': 'https://randomuser.me/api/portraits/thumb/women/31.jpg'}, 'nat': 'TR'}], 'info': {'seed': '2a55ec821f58021f', 'results': 1, 'page': 1, 'version': '1.4'}}</msg>
<arg>${json_data}</arg>
<doc>Logs the given message with the given level.</doc>
<status status="PASS" start="2024-04-15T18:17:24.449587" elapsed="0.000264"/>
</kw>
<kw name="Should Be String" owner="String">
<arg>${json_data['results'][0]['gender']}</arg>
<doc>Fails if the given ``item`` is not a string.</doc>
<status status="PASS" start="2024-04-15T18:17:24.450162" elapsed="0.000365"/>
</kw>
<kw name="Should Match Regexp" owner="BuiltIn">
<arg>${json_data['results'][0]['email']}</arg>
<arg>^[a-zA-Z0-9._%+-]+@[a-zA-Z0-9.-]+\.[a-zA-Z]{2,}$</arg>
<doc>Fails if ``string`` does not match ``pattern`` as a regular expression.</doc>
<status status="PASS" start="2024-04-15T18:17:24.450721" elapsed="0.000516"/>
</kw>
<kw name="Should Match Regexp" owner="BuiltIn">
<arg>${json_data['results'][0]['dob']['date']}</arg>
<arg>\\d{4}-\\d{2}-\\d{2}T\\d{2}:\\d{2}:\\d{2}\\.\\d{3}Z</arg>
<doc>Fails if ``string`` does not match ``pattern`` as a regular expression.</doc>
<status status="PASS" start="2024-04-15T18:17:24.451435" elapsed="0.000499"/>
</kw>
<kw name="Should Match Regexp" owner="BuiltIn">
<arg>${json_data['results'][0]['registered']['date']}</arg>
<arg>\\d{4}-\\d{2}-\\d{2}T\\d{2}:\\d{2}:\\d{2}\\.\\d{3}Z</arg>
<doc>Fails if ``string`` does not match ``pattern`` as a regular expression.</doc>
<status status="PASS" start="2024-04-15T18:17:24.452145" elapsed="0.000376"/>
</kw>
<kw name="Should Match Regexp" owner="BuiltIn">
<arg>${json_data['results'][0]['picture']['large']}</arg>
<arg>^https?://.*\.(?:png|jpe?g|gif|bmp)$</arg>
<doc>Fails if ``string`` does not match ``pattern`` as a regular expression.</doc>
<status status="PASS" start="2024-04-15T18:17:24.452723" elapsed="0.000476"/>
</kw>
<kw name="Should Match Regexp" owner="BuiltIn">
<arg>${json_data['results'][0]['picture']['medium']}</arg>
<arg>^https?://.*\.(?:png|jpe?g|gif|bmp)$</arg>
<doc>Fails if ``string`` does not match ``pattern`` as a regular expression.</doc>
<status status="PASS" start="2024-04-15T18:17:24.453389" elapsed="0.000382"/>
</kw>
<kw name="Should Match Regexp" owner="BuiltIn">
<arg>${json_data['results'][0]['picture']['thumbnail']}</arg>
<arg>^https?://.*\.(?:png|jpe?g|gif|bmp)$</arg>
<doc>Fails if ``string`` does not match ``pattern`` as a regular expression.</doc>
<status status="PASS" start="2024-04-15T18:17:24.453957" elapsed="0.000426"/>
</kw>
<kw name="Log" owner="BuiltIn">
<msg time="2024-04-15T18:17:24.454904" level="INFO">{'large': 'https://randomuser.me/api/portraits/women/31.jpg', 'medium': 'https://randomuser.me/api/portraits/med/women/31.jpg', 'thumbnail': 'https://randomuser.me/api/portraits/thumb/women/31.jpg'}</msg>
<arg>${json_data['results'][0]['picture']}</arg>
<doc>Logs the given message with the given level.</doc>
<status status="PASS" start="2024-04-15T18:17:24.454567" elapsed="0.000378"/>
</kw>
<status status="PASS" start="2024-04-15T18:17:23.920354" elapsed="0.534851"/>
</kw>
<kw name="Teste de Tipos de Dados - Postcode" owner="random-user-service">
<kw name="GET On Session" owner="RequestsLibrary">
<msg time="2024-04-15T18:17:24.504204" level="INFO">GET Request : url=https://randomuser.me/api 
 path_url=/api 
 headers={'User-Agent': 'python-requests/2.31.0', 'Accept-Encoding': 'gzip, deflate', 'Accept': '*/*', 'Connection': 'keep-alive'} 
 body=None 
 </msg>
<msg time="2024-04-15T18:17:24.504299" level="INFO">GET Response : url=https://randomuser.me/api 
 status=200, reason=OK 
 headers={'Date': 'Mon, 15 Apr 2024 18:17:24 GMT', 'Content-Type': 'application/json; charset=utf-8', 'Transfer-Encoding': 'chunked', 'Connection': 'keep-alive', 'X-Powered-By': 'Express', 'Access-Control-Allow-Origin': '*', 'Cache-Control': 'no-cache', 'ETag': 'W/"484-3bibiXuJlI19E1IUHVPgMmJvJWY"', 'Vary': 'Accept-Encoding', 'Content-Encoding': 'gzip', 'CF-Cache-Status': 'DYNAMIC', 'Report-To': '{"endpoints":[{"url":"https:\\/\\/a.nel.cloudflare.com\\/report\\/v4?s=i%2BwxmhF6MAAAywclns2yrYf3WbSyOMiSH%2BjEYwhFN8GZUaTdMWyRR2QPK4taolmLRfIslXzdQ71gJOZ2AZOPgNEZaWO8M9N%2B0YylgOHLwdjiPgqvltECoSP2VBXBSrW1"}],"group":"cf-nel","max_age":604800}', 'NEL': '{"success_fraction":0,"report_to":"cf-nel","max_age":604800}', 'Server': 'cloudflare', 'CF-RAY': '874deea7de49874f-ORD', 'alt-svc': 'h3=":443"; ma=86400'} 
 body={"results":[{"gender":"female","name":{"title":"Mrs","first":"هستی","last":"کریمی"},"location":{"street":{"number":2742,"name":"امیرکبیر"},"city":"پاکدشت","state":"ایلام","country":"Iran","postcode":83957,"coordinates":{"latitude":"19.2866","longitude":"43.5898"},"timezone":{"offset":"-11:00","description":"Midway Island, Samoa"}},"email":"hsty.khrymy@example.com","login":{"uuid":"cd6142d2-de60-4276-a113-ae1748b2f640","username":"bluemouse935","password":"basset","salt":"5AdiCz4e","md5":"ba261a8392d47bd5881232ebd87e69c4","sha1":"438fe87ea8aaeafee862f5c2a4aad89a5c580e47","sha256":"8cdad64d2c26b3ce7e957ba20d7ba4c2117c38644af2bb32b66d380a7117375e"},"dob":{"date":"1950-10-14T01:44:33.472Z","age":73},"registered":{"date":"2012-04-05T18:08:53.067Z","age":12},"phone":"057-19320677","cell":"0964-293-9406","id":{"name":"","value":null},"picture":{"large":"https://randomuser.me/api/portraits/women/26.jpg","medium":"https://randomuser.me/api/portraits/med/women/26.jpg","thumbnail":"https://randomuser.me/api/portraits/thumb/women/26.jpg"},"nat":"IR"}],"info":{"seed":"efac37ae32a120a9","results":1,"page":1,"version":"1.4"}} 
 </msg>
<msg time="2024-04-15T18:17:24.504392" level="INFO">/opt/hostedtoolcache/Python/3.12.2/x64/lib/python3.12/site-packages/urllib3/connectionpool.py:1103: InsecureRequestWarning: Unverified HTTPS request is being made to host 'randomuser.me'. Adding certificate verification is strongly advised. See: https://urllib3.readthedocs.io/en/latest/advanced-usage.html#tls-warnings
  warnings.warn(</msg>
<msg time="2024-04-15T18:17:24.504528" level="INFO">${response} = &lt;Response [200]&gt;</msg>
<var>${response}</var>
<arg>consultarAPI</arg>
<arg>/api</arg>
<doc>Sends a GET request on a previously created HTTP Session.</doc>
<status status="PASS" start="2024-04-15T18:17:24.455687" elapsed="0.048882"/>
</kw>
<kw name="Set Variable" owner="BuiltIn">
<msg time="2024-04-15T18:17:24.505653" level="INFO">${json_data} = {'results': [{'gender': 'female', 'name': {'title': 'Mrs', 'first': 'هستی', 'last': 'کریمی'}, 'location': {'street': {'number': 2742, 'name': 'امیرکبیر'}, 'city': 'پاکدشت', 'state': 'ایلام', 'country'...</msg>
<var>${json_data}</var>
<arg>${response.json()}</arg>
<doc>Returns the given values which can then be assigned to a variables.</doc>
<status status="PASS" start="2024-04-15T18:17:24.505082" elapsed="0.000608"/>
</kw>
<kw name="Log" owner="BuiltIn">
<msg time="2024-04-15T18:17:24.506174" level="INFO">{'results': [{'gender': 'female', 'name': {'title': 'Mrs', 'first': 'هستی', 'last': 'کریمی'}, 'location': {'street': {'number': 2742, 'name': 'امیرکبیر'}, 'city': 'پاکدشت', 'state': 'ایلام', 'country': 'Iran', 'postcode': 83957, 'coordinates': {'latitude': '19.2866', 'longitude': '43.5898'}, 'timezone': {'offset': '-11:00', 'description': 'Midway Island, Samoa'}}, 'email': 'hsty.khrymy@example.com', 'login': {'uuid': 'cd6142d2-de60-4276-a113-ae1748b2f640', 'username': 'bluemouse935', 'password': 'basset', 'salt': '5AdiCz4e', 'md5': 'ba261a8392d47bd5881232ebd87e69c4', 'sha1': '438fe87ea8aaeafee862f5c2a4aad89a5c580e47', 'sha256': '8cdad64d2c26b3ce7e957ba20d7ba4c2117c38644af2bb32b66d380a7117375e'}, 'dob': {'date': '1950-10-14T01:44:33.472Z', 'age': 73}, 'registered': {'date': '2012-04-05T18:08:53.067Z', 'age': 12}, 'phone': '057-19320677', 'cell': '0964-293-9406', 'id': {'name': '', 'value': None}, 'picture': {'large': 'https://randomuser.me/api/portraits/women/26.jpg', 'medium': 'https://randomuser.me/api/portraits/med/women/26.jpg', 'thumbnail': 'https://randomuser.me/api/portraits/thumb/women/26.jpg'}, 'nat': 'IR'}], 'info': {'seed': 'efac37ae32a120a9', 'results': 1, 'page': 1, 'version': '1.4'}}</msg>
<arg>${json_data}</arg>
<doc>Logs the given message with the given level.</doc>
<status status="PASS" start="2024-04-15T18:17:24.506010" elapsed="0.000263"/>
</kw>
<kw name="Should Be Equal As Numbers" owner="BuiltIn">
<arg>${json_data['results'][0]['location']['postcode']}</arg>
<arg>${json_data['results'][0]['location']['postcode']}</arg>
<doc>Fails if objects are unequal after converting them to real numbers.</doc>
<status status="PASS" start="2024-04-15T18:17:24.506596" elapsed="0.000626"/>
</kw>
<kw name="Log" owner="BuiltIn">
<msg time="2024-04-15T18:17:24.507753" level="INFO">83957</msg>
<arg>${json_data['results'][0]['location']['postcode']}</arg>
<doc>Logs the given message with the given level.</doc>
<status status="PASS" start="2024-04-15T18:17:24.507414" elapsed="0.000379"/>
</kw>
<status status="PASS" start="2024-04-15T18:17:24.455444" elapsed="0.052606"/>
</kw>
<doc>Testa se os tipos de dados na resposta da API estão corretos.</doc>
<tag>testeTiposDados</tag>
<status status="PASS" start="2024-04-15T18:17:23.919912" elapsed="0.588311"/>
</test>
<test id="s1-s1-t5" name="Validar conteudo" line="35">
<kw name="Teste de Tipos de Conteudo" owner="random-user-service">
<kw name="GET On Session" owner="RequestsLibrary">
<msg time="2024-04-15T18:17:24.592488" level="INFO">GET Request : url=https://randomuser.me/api 
 path_url=/api 
 headers={'User-Agent': 'python-requests/2.31.0', 'Accept-Encoding': 'gzip, deflate', 'Accept': '*/*', 'Connection': 'keep-alive'} 
 body=None 
 </msg>
<msg time="2024-04-15T18:17:24.592594" level="INFO">GET Response : url=https://randomuser.me/api 
 status=200, reason=OK 
 headers={'Date': 'Mon, 15 Apr 2024 18:17:24 GMT', 'Content-Type': 'application/json; charset=utf-8', 'Transfer-Encoding': 'chunked', 'Connection': 'keep-alive', 'X-Powered-By': 'Express', 'Access-Control-Allow-Origin': '*', 'Cache-Control': 'no-cache', 'ETag': 'W/"486-Noga8DX2h2aGbpC87jEIR52rh4A"', 'Vary': 'Accept-Encoding', 'Content-Encoding': 'gzip', 'CF-Cache-Status': 'DYNAMIC', 'Report-To': '{"endpoints":[{"url":"https:\\/\\/a.nel.cloudflare.com\\/report\\/v4?s=5qiPjTchcP5%2FNHPoj%2Blptn5%2BQRnpp4VADr5a5DQ190h2%2BOdvDs%2BVp%2Bzt%2Buc4OJgRR22GgCTRMj%2FwADqS02nAdNaBZZb0zPJ6QTtSgvMDMedWbOMC3XGZ4k8Gk5N6ZWoM"}],"group":"cf-nel","max_age":604800}', 'NEL': '{"success_fraction":0,"report_to":"cf-nel","max_age":604800}', 'Server': 'cloudflare', 'CF-RAY': '874deea83ede874f-ORD', 'alt-svc': 'h3=":443"; ma=86400'} 
 body={"results":[{"gender":"male","name":{"title":"Mr","first":"Daniel","last":"Hansen"},"location":{"street":{"number":9831,"name":"Stadion Alle"},"city":"Overby Lyng","state":"Sjælland","country":"Denmark","postcode":11532,"coordinates":{"latitude":"-38.6022","longitude":"-6.2027"},"timezone":{"offset":"+1:00","description":"Brussels, Copenhagen, Madrid, Paris"}},"email":"daniel.hansen@example.com","login":{"uuid":"337fc9d0-084d-4a52-973b-96c8f5c495ea","username":"brownpanda632","password":"irish1","salt":"aGs2OwlZ","md5":"0bd90e06fc17fb728b33e071bf169e73","sha1":"b915e03ad9525557ebad470edbd8a2722c602191","sha256":"9faf4d4df55abae1c385ed598ee2135f8f4dd964ee6c44aa23e52bbaccbb25e9"},"dob":{"date":"1967-09-13T21:58:50.080Z","age":56},"registered":{"date":"2018-03-31T11:47:35.417Z","age":6},"phone":"93726396","cell":"51976757","id":{"name":"CPR","value":"130967-1119"},"picture":{"large":"https://randomuser.me/api/portraits/men/52.jpg","medium":"https://randomuser.me/api/portraits/med/men/52.jpg","thumbnail":"https://randomuser.me/api/portraits/thumb/men/52.jpg"},"nat":"DK"}],"info":{"seed":"ad7b6373d121dd53","results":1,"page":1,"version":"1.4"}} 
 </msg>
<msg time="2024-04-15T18:17:24.592679" level="INFO">/opt/hostedtoolcache/Python/3.12.2/x64/lib/python3.12/site-packages/urllib3/connectionpool.py:1103: InsecureRequestWarning: Unverified HTTPS request is being made to host 'randomuser.me'. Adding certificate verification is strongly advised. See: https://urllib3.readthedocs.io/en/latest/advanced-usage.html#tls-warnings
  warnings.warn(</msg>
<msg time="2024-04-15T18:17:24.592836" level="INFO">${response} = &lt;Response [200]&gt;</msg>
<var>${response}</var>
<arg>consultarAPI</arg>
<arg>/api</arg>
<doc>Sends a GET request on a previously created HTTP Session.</doc>
<status status="PASS" start="2024-04-15T18:17:24.510774" elapsed="0.082111"/>
</kw>
<kw name="Set Variable" owner="BuiltIn">
<msg time="2024-04-15T18:17:24.593976" level="INFO">${json_data} = {'results': [{'gender': 'male', 'name': {'title': 'Mr', 'first': 'Daniel', 'last': 'Hansen'}, 'location': {'street': {'number': 9831, 'name': 'Stadion Alle'}, 'city': 'Overby Lyng', 'state': 'Sjælland...</msg>
<var>${json_data}</var>
<arg>${response.json()}</arg>
<doc>Returns the given values which can then be assigned to a variables.</doc>
<status status="PASS" start="2024-04-15T18:17:24.593456" elapsed="0.000549"/>
</kw>
<kw name="Set Variable" owner="BuiltIn">
<msg time="2024-04-15T18:17:24.594701" level="INFO">${name_title} = Mr</msg>
<var>${name_title}</var>
<arg>${json_data["results"][0]["name"]["title"]}</arg>
<doc>Returns the given values which can then be assigned to a variables.</doc>
<status status="PASS" start="2024-04-15T18:17:24.594319" elapsed="0.000407"/>
</kw>
<kw name="Create List" owner="BuiltIn">
<msg time="2024-04-15T18:17:24.595180" level="INFO">${allowed_titles} = ['Mr', 'Ms', 'Miss', 'Mrs', 'Madame', 'Monsieur']</msg>
<var>${allowed_titles}</var>
<arg>Mr</arg>
<arg>Ms</arg>
<arg>Miss</arg>
<arg>Mrs</arg>
<arg>Madame</arg>
<arg>Monsieur</arg>
<doc>Returns a list containing given items.</doc>
<status status="PASS" start="2024-04-15T18:17:24.595030" elapsed="0.000176"/>
</kw>
<kw name="List Should Contain Value" owner="Collections">
<msg time="2024-04-15T18:17:24.595689" level="INFO">False</msg>
<arg>${allowed_titles}</arg>
<arg>${name_title}</arg>
<doc>Fails if the ``value`` is not found from ``list``.</doc>
<status status="PASS" start="2024-04-15T18:17:24.595515" elapsed="0.000213"/>
</kw>
<kw name="Set Variable" owner="BuiltIn">
<msg time="2024-04-15T18:17:24.596402" level="INFO">${name_country} = DK</msg>
<var>${name_country}</var>
<arg>${json_data["results"][0]["nat"]}</arg>
<doc>Returns the given values which can then be assigned to a variables.</doc>
<status status="PASS" start="2024-04-15T18:17:24.596022" elapsed="0.000405"/>
</kw>
<kw name="Create List" owner="BuiltIn">
<msg time="2024-04-15T18:17:24.597339" level="INFO">${list_country} = ['AD', 'AE', 'AF', 'AG', 'AI', 'AL', 'AM', 'AO', 'AQ', 'AR', 'AS', 'AT', 'AU', 'AW', 'AX', 'AZ', 'BA', 'BB', 'BD', 'BE', 'BF', 'BG', 'BH', 'BI', 'BJ', 'BL', 'BM', 'BN', 'BO', 'BQ', 'BR', 'BS', 'BT', '...</msg>
<var>${list_country}</var>
<arg>AD</arg>
<arg>AE</arg>
<arg>AF</arg>
<arg>AG</arg>
<arg>AI</arg>
<arg>AL</arg>
<arg>AM</arg>
<arg>AO</arg>
<arg>AQ</arg>
<arg>AR</arg>
<arg>AS</arg>
<arg>AT</arg>
<arg>AU</arg>
<arg>AW</arg>
<arg>AX</arg>
<arg>AZ</arg>
<arg>BA</arg>
<arg>BB</arg>
<arg>BD</arg>
<arg>BE</arg>
<arg>BF</arg>
<arg>BG</arg>
<arg>BH</arg>
<arg>BI</arg>
<arg>BJ</arg>
<arg>BL</arg>
<arg>BM</arg>
<arg>BN</arg>
<arg>BO</arg>
<arg>BQ</arg>
<arg>BR</arg>
<arg>BS</arg>
<arg>BT</arg>
<arg>BV</arg>
<arg>BW</arg>
<arg>BY</arg>
<arg>BZ</arg>
<arg>CA</arg>
<arg>CC</arg>
<arg>CD</arg>
<arg>CF</arg>
<arg>CG</arg>
<arg>CH</arg>
<arg>CI</arg>
<arg>CK</arg>
<arg>CL</arg>
<arg>CM</arg>
<arg>CN</arg>
<arg>CO</arg>
<arg>CR</arg>
<arg>CU</arg>
<arg>CV</arg>
<arg>CW</arg>
<arg>CX</arg>
<arg>CY</arg>
<arg>CZ</arg>
<arg>DE</arg>
<arg>DJ</arg>
<arg>DK</arg>
<arg>DM</arg>
<arg>DO</arg>
<arg>DZ</arg>
<arg>EC</arg>
<arg>EE</arg>
<arg>EG</arg>
<arg>EH</arg>
<arg>ER</arg>
<arg>ES</arg>
<arg>ET</arg>
<arg>FI</arg>
<arg>FJ</arg>
<arg>FK</arg>
<arg>FM</arg>
<arg>FO</arg>
<arg>FR</arg>
<arg>GA</arg>
<arg>GB</arg>
<arg>GD</arg>
<arg>GE</arg>
<arg>GF</arg>
<arg>GG</arg>
<arg>GH</arg>
<arg>GI</arg>
<arg>GL</arg>
<arg>GM</arg>
<arg>GN</arg>
<arg>GP</arg>
<arg>GQ</arg>
<arg>GR</arg>
<arg>GS</arg>
<arg>GT</arg>
<arg>GU</arg>
<arg>GW</arg>
<arg>GY</arg>
<arg>HK</arg>
<arg>HM</arg>
<arg>HN</arg>
<arg>HR</arg>
<arg>HT</arg>
<arg>HU</arg>
<arg>ID</arg>
<arg>IE</arg>
<arg>IL</arg>
<arg>IM</arg>
<arg>IN</arg>
<arg>IO</arg>
<arg>IQ</arg>
<arg>IR</arg>
<arg>IS</arg>
<arg>IT</arg>
<arg>JE</arg>
<arg>JM</arg>
<arg>JO</arg>
<arg>JP</arg>
<arg>KE</arg>
<arg>KG</arg>
<arg>KH</arg>
<arg>KI</arg>
<arg>KM</arg>
<arg>KN</arg>
<arg>KP</arg>
<arg>KR</arg>
<arg>KW</arg>
<arg>KY</arg>
<arg>KZ</arg>
<arg>LA</arg>
<arg>LB</arg>
<arg>LC</arg>
<arg>LI</arg>
<arg>LK</arg>
<arg>LR</arg>
<arg>LS</arg>
<arg>LT</arg>
<arg>LU</arg>
<arg>LV</arg>
<arg>LY</arg>
<arg>MA</arg>
<arg>MC</arg>
<arg>MD</arg>
<arg>ME</arg>
<arg>MF</arg>
<arg>MG</arg>
<arg>MH</arg>
<arg>MK</arg>
<arg>ML</arg>
<arg>MM</arg>
<arg>MN</arg>
<arg>MO</arg>
<arg>MP</arg>
<arg>MQ</arg>
<arg>MR</arg>
<arg>MS</arg>
<arg>MT</arg>
<arg>MU</arg>
<arg>MV</arg>
<arg>MW</arg>
<arg>MX</arg>
<arg>MY</arg>
<arg>MZ</arg>
<arg>NA</arg>
<arg>NC</arg>
<arg>NE</arg>
<arg>NF</arg>
<arg>NG</arg>
<arg>NI</arg>
<arg>NL</arg>
<arg>NO</arg>
<arg>NP</arg>
<arg>NR</arg>
<arg>NU</arg>
<arg>NZ</arg>
<arg>OM</arg>
<arg>PA</arg>
<arg>PE</arg>
<arg>PF</arg>
<arg>PG</arg>
<arg>PH</arg>
<arg>PK</arg>
<arg>PL</arg>
<arg>PM</arg>
<arg>PN</arg>
<arg>PR</arg>
<arg>PS</arg>
<arg>PT</arg>
<arg>PW</arg>
<arg>PY</arg>
<arg>QA</arg>
<arg>RE</arg>
<arg>RO</arg>
<arg>RS</arg>
<arg>RU</arg>
<arg>RW</arg>
<arg>SA</arg>
<arg>SB</arg>
<arg>SC</arg>
<arg>SD</arg>
<arg>SE</arg>
<arg>SG</arg>
<arg>SH</arg>
<arg>SI</arg>
<arg>SJ</arg>
<arg>SK</arg>
<arg>SL</arg>
<arg>SM</arg>
<arg>SN</arg>
<arg>SO</arg>
<arg>SR</arg>
<arg>SS</arg>
<arg>ST</arg>
<arg>SV</arg>
<arg>SX</arg>
<arg>SY</arg>
<arg>SZ</arg>
<arg>TC</arg>
<arg>TD</arg>
<arg>TF</arg>
<arg>TG</arg>
<arg>TH</arg>
<arg>TJ</arg>
<arg>TK</arg>
<arg>TL</arg>
<arg>TM</arg>
<arg>TN</arg>
<arg>TO</arg>
<arg>TR</arg>
<arg>TT</arg>
<arg>TV</arg>
<arg>TW</arg>
<arg>TZ</arg>
<arg>UA</arg>
<arg>UG</arg>
<arg>UM</arg>
<arg>US</arg>
<arg>UY</arg>
<arg>UZ</arg>
<arg>VA</arg>
<arg>VC</arg>
<arg>VE</arg>
<arg>VG</arg>
<arg>VI</arg>
<arg>VN</arg>
<arg>VU</arg>
<arg>WF</arg>
<arg>WS</arg>
<arg>XK</arg>
<arg>YE</arg>
<arg>YT</arg>
<arg>ZA</arg>
<arg>ZM</arg>
<arg>ZW</arg>
<doc>Returns a list containing given items.</doc>
<status status="PASS" start="2024-04-15T18:17:24.596733" elapsed="0.000632"/>
</kw>
<kw name="List Should Contain Value" owner="Collections">
<msg time="2024-04-15T18:17:24.598510" level="INFO">False</msg>
<arg>${list_country}</arg>
<arg>${name_country}</arg>
<doc>Fails if the ``value`` is not found from ``list``.</doc>
<status status="PASS" start="2024-04-15T18:17:24.598304" elapsed="0.000245"/>
</kw>
<kw name="Run Keyword If" owner="BuiltIn">
<kw name="Should Be True" owner="BuiltIn">
<arg>${True}</arg>
<doc>Fails if the given condition is not true.</doc>
<status status="PASS" start="2024-04-15T18:17:24.599780" elapsed="0.000148"/>
</kw>
<arg>${json_data["results"][0]["location"]["coordinates"]["latitude"]} &gt;= -90 and ${json_data["results"][0]["location"]["coordinates"]["latitude"]} &lt;= 90</arg>
<arg>Should Be True</arg>
<arg>${True}</arg>
<doc>Runs the given keyword with the given arguments, if ``condition`` is true.</doc>
<status status="PASS" start="2024-04-15T18:17:24.598874" elapsed="0.001207"/>
</kw>
<kw name="Run Keyword If" owner="BuiltIn">
<kw name="Should Be True" owner="BuiltIn">
<arg>${True}</arg>
<doc>Fails if the given condition is not true.</doc>
<status status="PASS" start="2024-04-15T18:17:24.600968" elapsed="0.000139"/>
</kw>
<arg>${json_data["results"][0]["location"]["coordinates"]["longitude"]} &gt;= -180 and ${json_data["results"][0]["location"]["coordinates"]["longitude"]} &lt;= 180</arg>
<arg>Should Be True</arg>
<arg>${True}</arg>
<doc>Runs the given keyword with the given arguments, if ``condition`` is true.</doc>
<status status="PASS" start="2024-04-15T18:17:24.600271" elapsed="0.000960"/>
</kw>
<status status="PASS" start="2024-04-15T18:17:24.510541" elapsed="0.090823"/>
</kw>
<doc>Testa o conteúdo específico dos campos retornados pela API.</doc>
<tag>testeConteudo</tag>
<status status="PASS" start="2024-04-15T18:17:24.509997" elapsed="0.091564"/>
</test>
<status status="PASS" start="2024-04-15T18:17:23.294916" elapsed="1.308582"/>
</suite>
<status status="PASS" start="2024-04-15T18:17:23.280273" elapsed="1.328566"/>
</suite>
<statistics>
<total>
<stat pass="5" fail="0" skip="0">All Tests</stat>
</total>
<tag>
<stat pass="1" fail="0" skip="0">testeConteudo</stat>
<stat pass="1" fail="0" skip="0">testeEstruturaResposta</stat>
<stat pass="1" fail="0" skip="0">testeRequisicaoBasica</stat>
<stat pass="1" fail="0" skip="0">testeTiposDados</stat>
</tag>
<suite>
<stat pass="5" fail="0" skip="0" id="s1" name="Tests">Tests</stat>
<stat pass="5" fail="0" skip="0" id="s1-s1" name="Random-User-Test">Tests.Random-User-Test</stat>
</suite>
</statistics>
<errors>
</errors>
</robot>
