<?xml version="1.0" encoding="UTF-8"?>
<robot generator="Robot 7.0.1 (Python 3.12.4 on linux)" generated="2024-07-30T20:15:07.869486" rpa="false" schemaversion="5">
<suite id="s1" name="Tests" source="/home/runner/work/ApiRandomUser/ApiRandomUser/RamdonUser/tests">
<suite id="s1-s1" name="Random-User-Test" source="/home/runner/work/ApiRandomUser/ApiRandomUser/RamdonUser/tests/random-user-test.robot">
<test id="s1-s1-t1" name="Conectar" line="13">
<kw name="Conectar API" owner="random-user-service">
<kw name="Create Session" owner="RequestsLibrary">
<msg time="2024-07-30T20:15:08.265315" level="INFO">Creating Session using : alias=consultarAPI, url=https://randomuser.me/, headers={},                     cookies={}, auth=None, timeout=None, proxies=None, verify=False,                     debug=0 </msg>
<arg>consultarAPI</arg>
<arg>${URL}</arg>
<doc>Create Session: create a HTTP session to a server</doc>
<status status="PASS" start="2024-07-30T20:15:08.265111" elapsed="0.000391"/>
</kw>
<status status="PASS" start="2024-07-30T20:15:08.264026" elapsed="0.001877"/>
</kw>
<status status="PASS" start="2024-07-30T20:15:08.263353" elapsed="0.002746"/>
</test>
<test id="s1-s1-t2" name="Validar retorno 200 e JSON Válido" line="16">
<kw name="Teste de Requisicao Basica" owner="random-user-service">
<kw name="GET On Session" owner="RequestsLibrary">
<msg time="2024-07-30T20:15:08.549863" level="INFO">GET Request : url=https://randomuser.me/api 
 path_url=/api 
 headers={'User-Agent': 'python-requests/2.32.3', 'Accept-Encoding': 'gzip, deflate', 'Accept': '*/*', 'Connection': 'keep-alive'} 
 body=None 
 </msg>
<msg time="2024-07-30T20:15:08.550022" level="INFO">GET Response : url=https://randomuser.me/api 
 status=200, reason=OK 
 headers={'Date': 'Tue, 30 Jul 2024 20:15:08 GMT', 'Content-Type': 'application/json; charset=utf-8', 'Transfer-Encoding': 'chunked', 'Connection': 'keep-alive', 'X-Powered-By': 'Express', 'Access-Control-Allow-Origin': '*', 'Cache-Control': 'no-cache', 'ETag': 'W/"48f-HXj5XJ6KIXNNXL8UhRBb45DhP+E"', 'Vary': 'Accept-Encoding', 'Content-Encoding': 'gzip', 'CF-Cache-Status': 'DYNAMIC', 'Report-To': '{"endpoints":[{"url":"https:\\/\\/a.nel.cloudflare.com\\/report\\/v4?s=emc1fwT%2FQYu2RQGnfjB1oW8QxrSoFu7Hl2JS9yL49ITbTR%2ByIUrGlfpnAbzfvjEdaVYoGRILx3zJYxx7WsMVAVahgRIEaHBcc5wEzqoiOKnuxP36Hlc5Elwio4hl95qL"}],"group":"cf-nel","max_age":604800}', 'NEL': '{"success_fraction":0,"report_to":"cf-nel","max_age":604800}', 'Server': 'cloudflare', 'CF-RAY': '8ab804ddbfb408f4-LAX', 'alt-svc': 'h3=":443"; ma=86400'} 
 body={"results":[{"gender":"male","name":{"title":"Mr","first":"Umut","last":"Numanoğlu"},"location":{"street":{"number":5032,"name":"Bağdat Cd"},"city":"Gümüşhane","state":"Nevşehir","country":"Turkey","postcode":26083,"coordinates":{"latitude":"70.6127","longitude":"-138.4352"},"timezone":{"offset":"-6:00","description":"Central Time (US &amp; Canada), Mexico City"}},"email":"umut.numanoglu@example.com","login":{"uuid":"ea38d592-b737-432a-8802-4d3b63695abd","username":"beautifulcat328","password":"loveme","salt":"UCnCmkNH","md5":"5cb3e74b83762dbdb89c949e7dd859c4","sha1":"ae4adf74827e7fe1a16c00585965f758c1602822","sha256":"5e4431bcff217ac27e7399eee9de979ca387dd7a47fa17ead8932f37384d4166"},"dob":{"date":"1991-03-19T17:38:19.967Z","age":33},"registered":{"date":"2006-09-12T06:53:40.728Z","age":17},"phone":"(324)-536-6807","cell":"(951)-147-6125","id":{"name":"","value":null},"picture":{"large":"https://randomuser.me/api/portraits/men/72.jpg","medium":"https://randomuser.me/api/portraits/med/men/72.jpg","thumbnail":"https://randomuser.me/api/portraits/thumb/men/72.jpg"},"nat":"TR"}],"info":{"seed":"d9520bbd41deb44f","results":1,"page":1,"version":"1.4"}} 
 </msg>
<msg time="2024-07-30T20:15:08.550105" level="INFO">/opt/hostedtoolcache/Python/3.12.4/x64/lib/python3.12/site-packages/urllib3/connectionpool.py:1099: InsecureRequestWarning: Unverified HTTPS request is being made to host 'randomuser.me'. Adding certificate verification is strongly advised. See: https://urllib3.readthedocs.io/en/latest/advanced-usage.html#tls-warnings
  warnings.warn(</msg>
<msg time="2024-07-30T20:15:08.550269" level="INFO">${response} = &lt;Response [200]&gt;</msg>
<var>${response}</var>
<arg>consultarAPI</arg>
<arg>/api</arg>
<doc>Sends a GET request on a previously created HTTP Session.</doc>
<status status="PASS" start="2024-07-30T20:15:08.268753" elapsed="0.281561"/>
</kw>
<kw name="Should Be Equal As Numbers" owner="BuiltIn">
<msg time="2024-07-30T20:15:08.551324" level="INFO">Argument types are:
&lt;class 'int'&gt;
&lt;class 'str'&gt;</msg>
<arg>${response.status_code}</arg>
<arg>200</arg>
<doc>Fails if objects are unequal after converting them to real numbers.</doc>
<status status="PASS" start="2024-07-30T20:15:08.550871" elapsed="0.000516"/>
</kw>
<kw name="Log" owner="BuiltIn">
<msg time="2024-07-30T20:15:08.552047" level="INFO">200</msg>
<arg>${response.status_code}</arg>
<doc>Logs the given message with the given level.</doc>
<status status="PASS" start="2024-07-30T20:15:08.551703" elapsed="0.000385"/>
</kw>
<kw name="Set Variable" owner="BuiltIn">
<msg time="2024-07-30T20:15:08.552830" level="INFO">${json_data} = {'results': [{'gender': 'male', 'name': {'title': 'Mr', 'first': 'Umut', 'last': 'Numanoğlu'}, 'location': {'street': {'number': 5032, 'name': 'Bağdat Cd'}, 'city': 'Gümüşhane', 'state': 'Nevşehir', '...</msg>
<var>${json_data}</var>
<arg>${response.json()}</arg>
<doc>Returns the given values which can then be assigned to a variables.</doc>
<status status="PASS" start="2024-07-30T20:15:08.552388" elapsed="0.000472"/>
</kw>
<kw name="Dictionary Should Contain Key" owner="Collections">
<arg>${json_data}</arg>
<arg>results</arg>
<doc>Fails if ``key`` is not found from ``dictionary``.</doc>
<status status="PASS" start="2024-07-30T20:15:08.553164" elapsed="0.000331"/>
</kw>
<status status="PASS" start="2024-07-30T20:15:08.268507" elapsed="0.285167"/>
</kw>
<doc>Testa se a API responde corretamente e retorna um objeto JSON válido.</doc>
<tag>testeRequisicaoBasica</tag>
<status status="PASS" start="2024-07-30T20:15:08.267969" elapsed="0.285878"/>
</test>
<test id="s1-s1-t3" name="Validar estrutura de resposta" line="22">
<kw name="Teste de Estrutura de Resposta" owner="random-user-service">
<kw name="GET On Session" owner="RequestsLibrary">
<msg time="2024-07-30T20:15:08.661331" level="INFO">GET Request : url=https://randomuser.me/api 
 path_url=/api 
 headers={'User-Agent': 'python-requests/2.32.3', 'Accept-Encoding': 'gzip, deflate', 'Accept': '*/*', 'Connection': 'keep-alive'} 
 body=None 
 </msg>
<msg time="2024-07-30T20:15:08.661428" level="INFO">GET Response : url=https://randomuser.me/api 
 status=200, reason=OK 
 headers={'Date': 'Tue, 30 Jul 2024 20:15:08 GMT', 'Content-Type': 'application/json; charset=utf-8', 'Transfer-Encoding': 'chunked', 'Connection': 'keep-alive', 'X-Powered-By': 'Express', 'Access-Control-Allow-Origin': '*', 'Cache-Control': 'no-cache', 'ETag': 'W/"4aa-hX3RK4oREhB3Bgn11wpUDwwo5yE"', 'Vary': 'Accept-Encoding', 'Content-Encoding': 'gzip', 'CF-Cache-Status': 'DYNAMIC', 'Report-To': '{"endpoints":[{"url":"https:\\/\\/a.nel.cloudflare.com\\/report\\/v4?s=m8pJ1pAbKaDlbqCKWIQ0QXmkTEVyIiDZ6v1XwWG6igFR3eNDzpPsQZzi3eW4xV6I8AF%2FsRVy0Ba%2FRh3neV46ykxS2kOB1mp%2FIC6PV0FzR5EJoqI5kyhAcuJfdn1w0fMU"}],"group":"cf-nel","max_age":604800}', 'NEL': '{"success_fraction":0,"report_to":"cf-nel","max_age":604800}', 'Server': 'cloudflare', 'CF-RAY': '8ab804de88c708f4-LAX', 'alt-svc': 'h3=":443"; ma=86400'} 
 body={"results":[{"gender":"female","name":{"title":"Mrs","first":"Linnea","last":"Aalto"},"location":{"street":{"number":858,"name":"Itsenäisyydenkatu"},"city":"Sund","state":"North Karelia","country":"Finland","postcode":19327,"coordinates":{"latitude":"-22.2241","longitude":"27.6315"},"timezone":{"offset":"-5:00","description":"Eastern Time (US &amp; Canada), Bogota, Lima"}},"email":"linnea.aalto@example.com","login":{"uuid":"708414d5-11d3-4b3c-b8f0-880357c49f7d","username":"beautifulleopard579","password":"vincent","salt":"f1nRnXBI","md5":"a282d23ff724c64c16c578604bfc2353","sha1":"7071713a9e15ec83fc057666d2ddf63a7c5ae0ef","sha256":"87bf3a581afd305ea271b93ee39943d3d95f4514d47bc5721b39232f7e50bc39"},"dob":{"date":"1945-09-15T04:05:38.080Z","age":78},"registered":{"date":"2006-07-09T08:09:41.130Z","age":18},"phone":"05-825-948","cell":"043-557-56-09","id":{"name":"HETU","value":"NaNNA232undefined"},"picture":{"large":"https://randomuser.me/api/portraits/women/34.jpg","medium":"https://randomuser.me/api/portraits/med/women/34.jpg","thumbnail":"https://randomuser.me/api/portraits/thumb/women/34.jpg"},"nat":"FI"}],"info":{"seed":"2bb80062e30332f6","results":1,"page":1,"version":"1.4"}} 
 </msg>
<msg time="2024-07-30T20:15:08.661598" level="INFO">/opt/hostedtoolcache/Python/3.12.4/x64/lib/python3.12/site-packages/urllib3/connectionpool.py:1099: InsecureRequestWarning: Unverified HTTPS request is being made to host 'randomuser.me'. Adding certificate verification is strongly advised. See: https://urllib3.readthedocs.io/en/latest/advanced-usage.html#tls-warnings
  warnings.warn(</msg>
<msg time="2024-07-30T20:15:08.661754" level="INFO">${response} = &lt;Response [200]&gt;</msg>
<var>${response}</var>
<arg>consultarAPI</arg>
<arg>/api</arg>
<doc>Sends a GET request on a previously created HTTP Session.</doc>
<status status="PASS" start="2024-07-30T20:15:08.556464" elapsed="0.105337"/>
</kw>
<kw name="Set Variable" owner="BuiltIn">
<msg time="2024-07-30T20:15:08.662648" level="INFO">${json_data} = {'results': [{'gender': 'female', 'name': {'title': 'Mrs', 'first': 'Linnea', 'last': 'Aalto'}, 'location': {'street': {'number': 858, 'name': 'Itsenäisyydenkatu'}, 'city': 'Sund', 'state': 'North Kar...</msg>
<var>${json_data}</var>
<arg>${response.json()}</arg>
<doc>Returns the given values which can then be assigned to a variables.</doc>
<status status="PASS" start="2024-07-30T20:15:08.662179" elapsed="0.000499"/>
</kw>
<kw name="Log" owner="BuiltIn">
<msg time="2024-07-30T20:15:08.663150" level="INFO">{'results': [{'gender': 'female', 'name': {'title': 'Mrs', 'first': 'Linnea', 'last': 'Aalto'}, 'location': {'street': {'number': 858, 'name': 'Itsenäisyydenkatu'}, 'city': 'Sund', 'state': 'North Karelia', 'country': 'Finland', 'postcode': 19327, 'coordinates': {'latitude': '-22.2241', 'longitude': '27.6315'}, 'timezone': {'offset': '-5:00', 'description': 'Eastern Time (US &amp; Canada), Bogota, Lima'}}, 'email': 'linnea.aalto@example.com', 'login': {'uuid': '708414d5-11d3-4b3c-b8f0-880357c49f7d', 'username': 'beautifulleopard579', 'password': 'vincent', 'salt': 'f1nRnXBI', 'md5': 'a282d23ff724c64c16c578604bfc2353', 'sha1': '7071713a9e15ec83fc057666d2ddf63a7c5ae0ef', 'sha256': '87bf3a581afd305ea271b93ee39943d3d95f4514d47bc5721b39232f7e50bc39'}, 'dob': {'date': '1945-09-15T04:05:38.080Z', 'age': 78}, 'registered': {'date': '2006-07-09T08:09:41.130Z', 'age': 18}, 'phone': '05-825-948', 'cell': '043-557-56-09', 'id': {'name': 'HETU', 'value': 'NaNNA232undefined'}, 'picture': {'large': 'https://randomuser.me/api/portraits/women/34.jpg', 'medium': 'https://randomuser.me/api/portraits/med/women/34.jpg', 'thumbnail': 'https://randomuser.me/api/portraits/thumb/women/34.jpg'}, 'nat': 'FI'}], 'info': {'seed': '2bb80062e30332f6', 'results': 1, 'page': 1, 'version': '1.4'}}</msg>
<arg>${json_data}</arg>
<doc>Logs the given message with the given level.</doc>
<status status="PASS" start="2024-07-30T20:15:08.662982" elapsed="0.000220"/>
</kw>
<kw name="Dictionary Should Contain Key" owner="Collections">
<arg>${json_data}</arg>
<arg>results</arg>
<doc>Fails if ``key`` is not found from ``dictionary``.</doc>
<status status="PASS" start="2024-07-30T20:15:08.663493" elapsed="0.000164"/>
</kw>
<kw name="Should Not Be Empty" owner="BuiltIn">
<msg time="2024-07-30T20:15:08.664003" level="INFO">Length is 2.</msg>
<arg>${json_data}</arg>
<doc>Verifies that the given item is not empty.</doc>
<status status="PASS" start="2024-07-30T20:15:08.663841" elapsed="0.000200"/>
</kw>
<kw name="Create List" owner="BuiltIn">
<msg time="2024-07-30T20:15:08.664482" level="INFO">${expected_keys} = ['gender', 'name', 'location', 'email', 'login']</msg>
<var>${expected_keys}</var>
<arg>gender</arg>
<arg>name</arg>
<arg>location</arg>
<arg>email</arg>
<arg>login</arg>
<doc>Returns a list containing given items.</doc>
<status status="PASS" start="2024-07-30T20:15:08.664327" elapsed="0.000179"/>
</kw>
<for flavor="IN">
<iter>
<kw name="Dictionary Should Contain Key" owner="Collections">
<arg>${json_data['results'][0]}</arg>
<arg>${key}</arg>
<doc>Fails if ``key`` is not found from ``dictionary``.</doc>
<status status="PASS" start="2024-07-30T20:15:08.665081" elapsed="0.000400"/>
</kw>
<kw name="Log" owner="BuiltIn">
<msg time="2024-07-30T20:15:08.666072" level="INFO">{'gender': 'female', 'name': {'title': 'Mrs', 'first': 'Linnea', 'last': 'Aalto'}, 'location': {'street': {'number': 858, 'name': 'Itsenäisyydenkatu'}, 'city': 'Sund', 'state': 'North Karelia', 'country': 'Finland', 'postcode': 19327, 'coordinates': {'latitude': '-22.2241', 'longitude': '27.6315'}, 'timezone': {'offset': '-5:00', 'description': 'Eastern Time (US &amp; Canada), Bogota, Lima'}}, 'email': 'linnea.aalto@example.com', 'login': {'uuid': '708414d5-11d3-4b3c-b8f0-880357c49f7d', 'username': 'beautifulleopard579', 'password': 'vincent', 'salt': 'f1nRnXBI', 'md5': 'a282d23ff724c64c16c578604bfc2353', 'sha1': '7071713a9e15ec83fc057666d2ddf63a7c5ae0ef', 'sha256': '87bf3a581afd305ea271b93ee39943d3d95f4514d47bc5721b39232f7e50bc39'}, 'dob': {'date': '1945-09-15T04:05:38.080Z', 'age': 78}, 'registered': {'date': '2006-07-09T08:09:41.130Z', 'age': 18}, 'phone': '05-825-948', 'cell': '043-557-56-09', 'id': {'name': 'HETU', 'value': 'NaNNA232undefined'}, 'picture': {'large': 'https://randomuser.me/api/portraits/women/34.jpg', 'medium': 'https://randomuser.me/api/portraits/med/women/34.jpg', 'thumbnail': 'https://randomuser.me/api/portraits/thumb/women/34.jpg'}, 'nat': 'FI'}</msg>
<arg>${json_data['results'][0]}</arg>
<doc>Logs the given message with the given level.</doc>
<status status="PASS" start="2024-07-30T20:15:08.665712" elapsed="0.000410"/>
</kw>
<kw name="Log" owner="BuiltIn">
<msg time="2024-07-30T20:15:08.666550" level="INFO">gender</msg>
<arg>${key}</arg>
<doc>Logs the given message with the given level.</doc>
<status status="PASS" start="2024-07-30T20:15:08.666419" elapsed="0.000169"/>
</kw>
<var name="${key}">gender</var>
<status status="PASS" start="2024-07-30T20:15:08.664957" elapsed="0.001847"/>
</iter>
<iter>
<kw name="Dictionary Should Contain Key" owner="Collections">
<arg>${json_data['results'][0]}</arg>
<arg>${key}</arg>
<doc>Fails if ``key`` is not found from ``dictionary``.</doc>
<status status="PASS" start="2024-07-30T20:15:08.667110" elapsed="0.000398"/>
</kw>
<kw name="Log" owner="BuiltIn">
<msg time="2024-07-30T20:15:08.668085" level="INFO">{'gender': 'female', 'name': {'title': 'Mrs', 'first': 'Linnea', 'last': 'Aalto'}, 'location': {'street': {'number': 858, 'name': 'Itsenäisyydenkatu'}, 'city': 'Sund', 'state': 'North Karelia', 'country': 'Finland', 'postcode': 19327, 'coordinates': {'latitude': '-22.2241', 'longitude': '27.6315'}, 'timezone': {'offset': '-5:00', 'description': 'Eastern Time (US &amp; Canada), Bogota, Lima'}}, 'email': 'linnea.aalto@example.com', 'login': {'uuid': '708414d5-11d3-4b3c-b8f0-880357c49f7d', 'username': 'beautifulleopard579', 'password': 'vincent', 'salt': 'f1nRnXBI', 'md5': 'a282d23ff724c64c16c578604bfc2353', 'sha1': '7071713a9e15ec83fc057666d2ddf63a7c5ae0ef', 'sha256': '87bf3a581afd305ea271b93ee39943d3d95f4514d47bc5721b39232f7e50bc39'}, 'dob': {'date': '1945-09-15T04:05:38.080Z', 'age': 78}, 'registered': {'date': '2006-07-09T08:09:41.130Z', 'age': 18}, 'phone': '05-825-948', 'cell': '043-557-56-09', 'id': {'name': 'HETU', 'value': 'NaNNA232undefined'}, 'picture': {'large': 'https://randomuser.me/api/portraits/women/34.jpg', 'medium': 'https://randomuser.me/api/portraits/med/women/34.jpg', 'thumbnail': 'https://randomuser.me/api/portraits/thumb/women/34.jpg'}, 'nat': 'FI'}</msg>
<arg>${json_data['results'][0]}</arg>
<doc>Logs the given message with the given level.</doc>
<status status="PASS" start="2024-07-30T20:15:08.667723" elapsed="0.000412"/>
</kw>
<kw name="Log" owner="BuiltIn">
<msg time="2024-07-30T20:15:08.668562" level="INFO">name</msg>
<arg>${key}</arg>
<doc>Logs the given message with the given level.</doc>
<status status="PASS" start="2024-07-30T20:15:08.668434" elapsed="0.000165"/>
</kw>
<var name="${key}">name</var>
<status status="PASS" start="2024-07-30T20:15:08.666998" elapsed="0.001815"/>
</iter>
<iter>
<kw name="Dictionary Should Contain Key" owner="Collections">
<arg>${json_data['results'][0]}</arg>
<arg>${key}</arg>
<doc>Fails if ``key`` is not found from ``dictionary``.</doc>
<status status="PASS" start="2024-07-30T20:15:08.669098" elapsed="0.000374"/>
</kw>
<kw name="Log" owner="BuiltIn">
<msg time="2024-07-30T20:15:08.670036" level="INFO">{'gender': 'female', 'name': {'title': 'Mrs', 'first': 'Linnea', 'last': 'Aalto'}, 'location': {'street': {'number': 858, 'name': 'Itsenäisyydenkatu'}, 'city': 'Sund', 'state': 'North Karelia', 'country': 'Finland', 'postcode': 19327, 'coordinates': {'latitude': '-22.2241', 'longitude': '27.6315'}, 'timezone': {'offset': '-5:00', 'description': 'Eastern Time (US &amp; Canada), Bogota, Lima'}}, 'email': 'linnea.aalto@example.com', 'login': {'uuid': '708414d5-11d3-4b3c-b8f0-880357c49f7d', 'username': 'beautifulleopard579', 'password': 'vincent', 'salt': 'f1nRnXBI', 'md5': 'a282d23ff724c64c16c578604bfc2353', 'sha1': '7071713a9e15ec83fc057666d2ddf63a7c5ae0ef', 'sha256': '87bf3a581afd305ea271b93ee39943d3d95f4514d47bc5721b39232f7e50bc39'}, 'dob': {'date': '1945-09-15T04:05:38.080Z', 'age': 78}, 'registered': {'date': '2006-07-09T08:09:41.130Z', 'age': 18}, 'phone': '05-825-948', 'cell': '043-557-56-09', 'id': {'name': 'HETU', 'value': 'NaNNA232undefined'}, 'picture': {'large': 'https://randomuser.me/api/portraits/women/34.jpg', 'medium': 'https://randomuser.me/api/portraits/med/women/34.jpg', 'thumbnail': 'https://randomuser.me/api/portraits/thumb/women/34.jpg'}, 'nat': 'FI'}</msg>
<arg>${json_data['results'][0]}</arg>
<doc>Logs the given message with the given level.</doc>
<status status="PASS" start="2024-07-30T20:15:08.669682" elapsed="0.000415"/>
</kw>
<kw name="Log" owner="BuiltIn">
<msg time="2024-07-30T20:15:08.670521" level="INFO">location</msg>
<arg>${key}</arg>
<doc>Logs the given message with the given level.</doc>
<status status="PASS" start="2024-07-30T20:15:08.670393" elapsed="0.000164"/>
</kw>
<var name="${key}">location</var>
<status status="PASS" start="2024-07-30T20:15:08.668990" elapsed="0.001781"/>
</iter>
<iter>
<kw name="Dictionary Should Contain Key" owner="Collections">
<arg>${json_data['results'][0]}</arg>
<arg>${key}</arg>
<doc>Fails if ``key`` is not found from ``dictionary``.</doc>
<status status="PASS" start="2024-07-30T20:15:08.671049" elapsed="0.000374"/>
</kw>
<kw name="Log" owner="BuiltIn">
<msg time="2024-07-30T20:15:08.672085" level="INFO">{'gender': 'female', 'name': {'title': 'Mrs', 'first': 'Linnea', 'last': 'Aalto'}, 'location': {'street': {'number': 858, 'name': 'Itsenäisyydenkatu'}, 'city': 'Sund', 'state': 'North Karelia', 'country': 'Finland', 'postcode': 19327, 'coordinates': {'latitude': '-22.2241', 'longitude': '27.6315'}, 'timezone': {'offset': '-5:00', 'description': 'Eastern Time (US &amp; Canada), Bogota, Lima'}}, 'email': 'linnea.aalto@example.com', 'login': {'uuid': '708414d5-11d3-4b3c-b8f0-880357c49f7d', 'username': 'beautifulleopard579', 'password': 'vincent', 'salt': 'f1nRnXBI', 'md5': 'a282d23ff724c64c16c578604bfc2353', 'sha1': '7071713a9e15ec83fc057666d2ddf63a7c5ae0ef', 'sha256': '87bf3a581afd305ea271b93ee39943d3d95f4514d47bc5721b39232f7e50bc39'}, 'dob': {'date': '1945-09-15T04:05:38.080Z', 'age': 78}, 'registered': {'date': '2006-07-09T08:09:41.130Z', 'age': 18}, 'phone': '05-825-948', 'cell': '043-557-56-09', 'id': {'name': 'HETU', 'value': 'NaNNA232undefined'}, 'picture': {'large': 'https://randomuser.me/api/portraits/women/34.jpg', 'medium': 'https://randomuser.me/api/portraits/med/women/34.jpg', 'thumbnail': 'https://randomuser.me/api/portraits/thumb/women/34.jpg'}, 'nat': 'FI'}</msg>
<arg>${json_data['results'][0]}</arg>
<doc>Logs the given message with the given level.</doc>
<status status="PASS" start="2024-07-30T20:15:08.671722" elapsed="0.000414"/>
</kw>
<kw name="Log" owner="BuiltIn">
<msg time="2024-07-30T20:15:08.672569" level="INFO">email</msg>
<arg>${key}</arg>
<doc>Logs the given message with the given level.</doc>
<status status="PASS" start="2024-07-30T20:15:08.672437" elapsed="0.000170"/>
</kw>
<var name="${key}">email</var>
<status status="PASS" start="2024-07-30T20:15:08.670942" elapsed="0.001879"/>
</iter>
<iter>
<kw name="Dictionary Should Contain Key" owner="Collections">
<arg>${json_data['results'][0]}</arg>
<arg>${key}</arg>
<doc>Fails if ``key`` is not found from ``dictionary``.</doc>
<status status="PASS" start="2024-07-30T20:15:08.673103" elapsed="0.000369"/>
</kw>
<kw name="Log" owner="BuiltIn">
<msg time="2024-07-30T20:15:08.674049" level="INFO">{'gender': 'female', 'name': {'title': 'Mrs', 'first': 'Linnea', 'last': 'Aalto'}, 'location': {'street': {'number': 858, 'name': 'Itsenäisyydenkatu'}, 'city': 'Sund', 'state': 'North Karelia', 'country': 'Finland', 'postcode': 19327, 'coordinates': {'latitude': '-22.2241', 'longitude': '27.6315'}, 'timezone': {'offset': '-5:00', 'description': 'Eastern Time (US &amp; Canada), Bogota, Lima'}}, 'email': 'linnea.aalto@example.com', 'login': {'uuid': '708414d5-11d3-4b3c-b8f0-880357c49f7d', 'username': 'beautifulleopard579', 'password': 'vincent', 'salt': 'f1nRnXBI', 'md5': 'a282d23ff724c64c16c578604bfc2353', 'sha1': '7071713a9e15ec83fc057666d2ddf63a7c5ae0ef', 'sha256': '87bf3a581afd305ea271b93ee39943d3d95f4514d47bc5721b39232f7e50bc39'}, 'dob': {'date': '1945-09-15T04:05:38.080Z', 'age': 78}, 'registered': {'date': '2006-07-09T08:09:41.130Z', 'age': 18}, 'phone': '05-825-948', 'cell': '043-557-56-09', 'id': {'name': 'HETU', 'value': 'NaNNA232undefined'}, 'picture': {'large': 'https://randomuser.me/api/portraits/women/34.jpg', 'medium': 'https://randomuser.me/api/portraits/med/women/34.jpg', 'thumbnail': 'https://randomuser.me/api/portraits/thumb/women/34.jpg'}, 'nat': 'FI'}</msg>
<arg>${json_data['results'][0]}</arg>
<doc>Logs the given message with the given level.</doc>
<status status="PASS" start="2024-07-30T20:15:08.673693" elapsed="0.000406"/>
</kw>
<kw name="Log" owner="BuiltIn">
<msg time="2024-07-30T20:15:08.674515" level="INFO">login</msg>
<arg>${key}</arg>
<doc>Logs the given message with the given level.</doc>
<status status="PASS" start="2024-07-30T20:15:08.674389" elapsed="0.000163"/>
</kw>
<var name="${key}">login</var>
<status status="PASS" start="2024-07-30T20:15:08.672994" elapsed="0.001770"/>
</iter>
<var>${key}</var>
<value>@{expected_keys}</value>
<status status="PASS" start="2024-07-30T20:15:08.664769" elapsed="0.010141"/>
</for>
<kw name="Create List" owner="BuiltIn">
<msg time="2024-07-30T20:15:08.675242" level="INFO">${expected_keysTwo} = ['username', 'password']</msg>
<var>${expected_keysTwo}</var>
<arg>username</arg>
<arg>password</arg>
<doc>Returns a list containing given items.</doc>
<status status="PASS" start="2024-07-30T20:15:08.675107" elapsed="0.000159"/>
</kw>
<for flavor="IN">
<iter>
<kw name="Dictionary Should Contain Key" owner="Collections">
<arg>${json_data['results'][0]['login']}</arg>
<arg>${keyTwo}</arg>
<doc>Fails if ``key`` is not found from ``dictionary``.</doc>
<status status="PASS" start="2024-07-30T20:15:08.675756" elapsed="0.000384"/>
</kw>
<kw name="Dictionary Should Contain Key" owner="Collections">
<arg>${json_data['results'][0]['login']}</arg>
<arg>${keyTwo}</arg>
<doc>Fails if ``key`` is not found from ``dictionary``.</doc>
<status status="PASS" start="2024-07-30T20:15:08.676319" elapsed="0.000370"/>
</kw>
<kw name="Log" owner="BuiltIn">
<msg time="2024-07-30T20:15:08.676989" level="INFO">username</msg>
<arg>${keyTwo}</arg>
<doc>Logs the given message with the given level.</doc>
<status status="PASS" start="2024-07-30T20:15:08.676869" elapsed="0.000157"/>
</kw>
<var name="${keyTwo}">username</var>
<status status="PASS" start="2024-07-30T20:15:08.675650" elapsed="0.001590"/>
</iter>
<iter>
<kw name="Dictionary Should Contain Key" owner="Collections">
<arg>${json_data['results'][0]['login']}</arg>
<arg>${keyTwo}</arg>
<doc>Fails if ``key`` is not found from ``dictionary``.</doc>
<status status="PASS" start="2024-07-30T20:15:08.677513" elapsed="0.000399"/>
</kw>
<kw name="Dictionary Should Contain Key" owner="Collections">
<arg>${json_data['results'][0]['login']}</arg>
<arg>${keyTwo}</arg>
<doc>Fails if ``key`` is not found from ``dictionary``.</doc>
<status status="PASS" start="2024-07-30T20:15:08.678086" elapsed="0.000370"/>
</kw>
<kw name="Log" owner="BuiltIn">
<msg time="2024-07-30T20:15:08.678758" level="INFO">password</msg>
<arg>${keyTwo}</arg>
<doc>Logs the given message with the given level.</doc>
<status status="PASS" start="2024-07-30T20:15:08.678635" elapsed="0.000160"/>
</kw>
<var name="${keyTwo}">password</var>
<status status="PASS" start="2024-07-30T20:15:08.677407" elapsed="0.001607"/>
</iter>
<var>${keyTwo}</var>
<value>@{expected_keysTwo}</value>
<status status="PASS" start="2024-07-30T20:15:08.675501" elapsed="0.003633"/>
</for>
<status status="PASS" start="2024-07-30T20:15:08.556227" elapsed="0.123046"/>
</kw>
<doc>Testa a estrutura da resposta da API.</doc>
<tag>testeEstruturaResposta</tag>
<status status="PASS" start="2024-07-30T20:15:08.555680" elapsed="0.123745"/>
</test>
<test id="s1-s1-t4" name="Validar tipos de dados" line="28">
<kw name="Teste de Tipos de Dados" owner="random-user-service">
<kw name="GET On Session" owner="RequestsLibrary">
<msg time="2024-07-30T20:15:08.823242" level="INFO">GET Request : url=https://randomuser.me/api 
 path_url=/api 
 headers={'User-Agent': 'python-requests/2.32.3', 'Accept-Encoding': 'gzip, deflate', 'Accept': '*/*', 'Connection': 'keep-alive'} 
 body=None 
 </msg>
<msg time="2024-07-30T20:15:08.823338" level="INFO">GET Response : url=https://randomuser.me/api 
 status=200, reason=OK 
 headers={'Date': 'Tue, 30 Jul 2024 20:15:08 GMT', 'Content-Type': 'application/json; charset=utf-8', 'Transfer-Encoding': 'chunked', 'Connection': 'keep-alive', 'X-Powered-By': 'Express', 'Access-Control-Allow-Origin': '*', 'Cache-Control': 'no-cache', 'ETag': 'W/"488-mDyrCF7EQYLos/6MK7rx44YZb0Q"', 'Vary': 'Accept-Encoding', 'Content-Encoding': 'gzip', 'CF-Cache-Status': 'DYNAMIC', 'Report-To': '{"endpoints":[{"url":"https:\\/\\/a.nel.cloudflare.com\\/report\\/v4?s=VVm4xF8A51nigaNKjMjN857jt2syHMgFQQwmIRHhnlLbqSn2kNQZUunuzNnfgoaio%2BIDH89ie9YLccf%2FortDRzVxAjMx%2BZ6P%2Bz74rVkkF1HUvYItVY7EYZgEE%2FCHdId%2B"}],"group":"cf-nel","max_age":604800}', 'NEL': '{"success_fraction":0,"report_to":"cf-nel","max_age":604800}', 'Server': 'cloudflare', 'CF-RAY': '8ab804df59b908f4-LAX', 'alt-svc': 'h3=":443"; ma=86400'} 
 body={"results":[{"gender":"female","name":{"title":"Miss","first":"Juana","last":"Lozano"},"location":{"street":{"number":9294,"name":"Avenida de Castilla"},"city":"Palma de Mallorca","state":"Cataluña","country":"Spain","postcode":39752,"coordinates":{"latitude":"-31.8438","longitude":"73.4343"},"timezone":{"offset":"-3:30","description":"Newfoundland"}},"email":"juana.lozano@example.com","login":{"uuid":"7745e1a6-5993-4dba-b4c8-f2025b10e1b4","username":"orangezebra261","password":"river","salt":"MJm2RNms","md5":"1679234b0082e5486b6a5827057999a2","sha1":"bb6b9439627bc89479d67920dea49dcd8263e4fd","sha256":"88a60644014603d41a3d4123f3c5ff2ce146fb5830f9200829fe2fafc9a27349"},"dob":{"date":"1944-11-29T07:21:44.359Z","age":79},"registered":{"date":"2005-12-03T11:35:36.554Z","age":18},"phone":"960-091-728","cell":"675-773-452","id":{"name":"DNI","value":"97676503-U"},"picture":{"large":"https://randomuser.me/api/portraits/women/34.jpg","medium":"https://randomuser.me/api/portraits/med/women/34.jpg","thumbnail":"https://randomuser.me/api/portraits/thumb/women/34.jpg"},"nat":"ES"}],"info":{"seed":"c2469ded3b541413","results":1,"page":1,"version":"1.4"}} 
 </msg>
<msg time="2024-07-30T20:15:08.823404" level="INFO">/opt/hostedtoolcache/Python/3.12.4/x64/lib/python3.12/site-packages/urllib3/connectionpool.py:1099: InsecureRequestWarning: Unverified HTTPS request is being made to host 'randomuser.me'. Adding certificate verification is strongly advised. See: https://urllib3.readthedocs.io/en/latest/advanced-usage.html#tls-warnings
  warnings.warn(</msg>
<msg time="2024-07-30T20:15:08.823531" level="INFO">${response} = &lt;Response [200]&gt;</msg>
<var>${response}</var>
<arg>consultarAPI</arg>
<arg>/api</arg>
<doc>Sends a GET request on a previously created HTTP Session.</doc>
<status status="PASS" start="2024-07-30T20:15:08.681851" elapsed="0.141721"/>
</kw>
<kw name="Set Variable" owner="BuiltIn">
<msg time="2024-07-30T20:15:08.824548" level="INFO">${json_data} = {'results': [{'gender': 'female', 'name': {'title': 'Miss', 'first': 'Juana', 'last': 'Lozano'}, 'location': {'street': {'number': 9294, 'name': 'Avenida de Castilla'}, 'city': 'Palma de Mallorca', 's...</msg>
<var>${json_data}</var>
<arg>${response.json()}</arg>
<doc>Returns the given values which can then be assigned to a variables.</doc>
<status status="PASS" start="2024-07-30T20:15:08.824045" elapsed="0.000531"/>
</kw>
<kw name="Log" owner="BuiltIn">
<msg time="2024-07-30T20:15:08.825031" level="INFO">{'results': [{'gender': 'female', 'name': {'title': 'Miss', 'first': 'Juana', 'last': 'Lozano'}, 'location': {'street': {'number': 9294, 'name': 'Avenida de Castilla'}, 'city': 'Palma de Mallorca', 'state': 'Cataluña', 'country': 'Spain', 'postcode': 39752, 'coordinates': {'latitude': '-31.8438', 'longitude': '73.4343'}, 'timezone': {'offset': '-3:30', 'description': 'Newfoundland'}}, 'email': 'juana.lozano@example.com', 'login': {'uuid': '7745e1a6-5993-4dba-b4c8-f2025b10e1b4', 'username': 'orangezebra261', 'password': 'river', 'salt': 'MJm2RNms', 'md5': '1679234b0082e5486b6a5827057999a2', 'sha1': 'bb6b9439627bc89479d67920dea49dcd8263e4fd', 'sha256': '88a60644014603d41a3d4123f3c5ff2ce146fb5830f9200829fe2fafc9a27349'}, 'dob': {'date': '1944-11-29T07:21:44.359Z', 'age': 79}, 'registered': {'date': '2005-12-03T11:35:36.554Z', 'age': 18}, 'phone': '960-091-728', 'cell': '675-773-452', 'id': {'name': 'DNI', 'value': '97676503-U'}, 'picture': {'large': 'https://randomuser.me/api/portraits/women/34.jpg', 'medium': 'https://randomuser.me/api/portraits/med/women/34.jpg', 'thumbnail': 'https://randomuser.me/api/portraits/thumb/women/34.jpg'}, 'nat': 'ES'}], 'info': {'seed': 'c2469ded3b541413', 'results': 1, 'page': 1, 'version': '1.4'}}</msg>
<arg>${json_data}</arg>
<doc>Logs the given message with the given level.</doc>
<status status="PASS" start="2024-07-30T20:15:08.824876" elapsed="0.000204"/>
</kw>
<kw name="Should Be String" owner="String">
<arg>${json_data['results'][0]['gender']}</arg>
<doc>Fails if the given ``item`` is not a string.</doc>
<status status="PASS" start="2024-07-30T20:15:08.825368" elapsed="0.000441"/>
</kw>
<kw name="Should Match Regexp" owner="BuiltIn">
<arg>${json_data['results'][0]['email']}</arg>
<arg>^[a-zA-Z0-9._%+-]+@[a-zA-Z0-9.-]+\.[a-zA-Z]{2,}$</arg>
<doc>Fails if ``string`` does not match ``pattern`` as a regular expression.</doc>
<status status="PASS" start="2024-07-30T20:15:08.825999" elapsed="0.000513"/>
</kw>
<kw name="Should Match Regexp" owner="BuiltIn">
<arg>${json_data['results'][0]['dob']['date']}</arg>
<arg>\\d{4}-\\d{2}-\\d{2}T\\d{2}:\\d{2}:\\d{2}\\.\\d{3}Z</arg>
<doc>Fails if ``string`` does not match ``pattern`` as a regular expression.</doc>
<status status="PASS" start="2024-07-30T20:15:08.826702" elapsed="0.000618"/>
</kw>
<kw name="Should Match Regexp" owner="BuiltIn">
<arg>${json_data['results'][0]['registered']['date']}</arg>
<arg>\\d{4}-\\d{2}-\\d{2}T\\d{2}:\\d{2}:\\d{2}\\.\\d{3}Z</arg>
<doc>Fails if ``string`` does not match ``pattern`` as a regular expression.</doc>
<status status="PASS" start="2024-07-30T20:15:08.827512" elapsed="0.000365"/>
</kw>
<kw name="Should Match Regexp" owner="BuiltIn">
<arg>${json_data['results'][0]['picture']['large']}</arg>
<arg>^https?://.*\.(?:png|jpe?g|gif|bmp)$</arg>
<doc>Fails if ``string`` does not match ``pattern`` as a regular expression.</doc>
<status status="PASS" start="2024-07-30T20:15:08.828059" elapsed="0.000452"/>
</kw>
<kw name="Should Match Regexp" owner="BuiltIn">
<arg>${json_data['results'][0]['picture']['medium']}</arg>
<arg>^https?://.*\.(?:png|jpe?g|gif|bmp)$</arg>
<doc>Fails if ``string`` does not match ``pattern`` as a regular expression.</doc>
<status status="PASS" start="2024-07-30T20:15:08.828697" elapsed="0.000345"/>
</kw>
<kw name="Should Match Regexp" owner="BuiltIn">
<arg>${json_data['results'][0]['picture']['thumbnail']}</arg>
<arg>^https?://.*\.(?:png|jpe?g|gif|bmp)$</arg>
<doc>Fails if ``string`` does not match ``pattern`` as a regular expression.</doc>
<status status="PASS" start="2024-07-30T20:15:08.829221" elapsed="0.000369"/>
</kw>
<kw name="Log" owner="BuiltIn">
<msg time="2024-07-30T20:15:08.830101" level="INFO">{'large': 'https://randomuser.me/api/portraits/women/34.jpg', 'medium': 'https://randomuser.me/api/portraits/med/women/34.jpg', 'thumbnail': 'https://randomuser.me/api/portraits/thumb/women/34.jpg'}</msg>
<arg>${json_data['results'][0]['picture']}</arg>
<doc>Logs the given message with the given level.</doc>
<status status="PASS" start="2024-07-30T20:15:08.829775" elapsed="0.000368"/>
</kw>
<status status="PASS" start="2024-07-30T20:15:08.681619" elapsed="0.148782"/>
</kw>
<kw name="Teste de Tipos de Dados - Postcode" owner="random-user-service">
<kw name="GET On Session" owner="RequestsLibrary">
<msg time="2024-07-30T20:15:08.949898" level="INFO">GET Request : url=https://randomuser.me/api 
 path_url=/api 
 headers={'User-Agent': 'python-requests/2.32.3', 'Accept-Encoding': 'gzip, deflate', 'Accept': '*/*', 'Connection': 'keep-alive'} 
 body=None 
 </msg>
<msg time="2024-07-30T20:15:08.949981" level="INFO">GET Response : url=https://randomuser.me/api 
 status=200, reason=OK 
 headers={'Date': 'Tue, 30 Jul 2024 20:15:08 GMT', 'Content-Type': 'application/json; charset=utf-8', 'Transfer-Encoding': 'chunked', 'Connection': 'keep-alive', 'X-Powered-By': 'Express', 'Access-Control-Allow-Origin': '*', 'Cache-Control': 'no-cache', 'ETag': 'W/"480-se0yrgXPJUVYczbKntstHymt50g"', 'Vary': 'Accept-Encoding', 'Content-Encoding': 'gzip', 'CF-Cache-Status': 'DYNAMIC', 'Report-To': '{"endpoints":[{"url":"https:\\/\\/a.nel.cloudflare.com\\/report\\/v4?s=D34N5broIzs3VkpPCkEoi5nw5VCZHKRGcC3jmf7AW4uqLm%2Flv1eYY22sdufD7BIR1El9E1orIuI8ffIIv5IIz8uQK2nF9MJanBb4sJOfcApzfMD8FmEwJbWRDNMygJ7V"}],"group":"cf-nel","max_age":604800}', 'NEL': '{"success_fraction":0,"report_to":"cf-nel","max_age":604800}', 'Server': 'cloudflare', 'CF-RAY': '8ab804e03ad408f4-LAX', 'alt-svc': 'h3=":443"; ma=86400'} 
 body={"results":[{"gender":"male","name":{"title":"Mr","first":"Adamastor","last":"Fogaça"},"location":{"street":{"number":247,"name":"Rua Onze "},"city":"Itabira","state":"Sergipe","country":"Brazil","postcode":56419,"coordinates":{"latitude":"-77.7372","longitude":"-15.1771"},"timezone":{"offset":"-12:00","description":"Eniwetok, Kwajalein"}},"email":"adamastor.fogaca@example.com","login":{"uuid":"070066e8-b9d5-4b05-b8a2-0d3e805421b3","username":"redcat134","password":"lucas1","salt":"RMZwScuR","md5":"d7a08cce49843f598c394d093649ed7c","sha1":"8fede75fbf1598412b33e68293351fa67a891003","sha256":"81176e2bfac5976cdf7ce3575a083598cf10170bb572c0abccf841126c1b6cc6"},"dob":{"date":"1992-10-03T13:01:11.263Z","age":31},"registered":{"date":"2006-08-11T08:38:49.507Z","age":17},"phone":"(50) 3210-7206","cell":"(16) 0941-2977","id":{"name":"CPF","value":"810.284.406-96"},"picture":{"large":"https://randomuser.me/api/portraits/men/91.jpg","medium":"https://randomuser.me/api/portraits/med/men/91.jpg","thumbnail":"https://randomuser.me/api/portraits/thumb/men/91.jpg"},"nat":"BR"}],"info":{"seed":"5502003ed245b803","results":1,"page":1,"version":"1.4"}} 
 </msg>
<msg time="2024-07-30T20:15:08.950052" level="INFO">/opt/hostedtoolcache/Python/3.12.4/x64/lib/python3.12/site-packages/urllib3/connectionpool.py:1099: InsecureRequestWarning: Unverified HTTPS request is being made to host 'randomuser.me'. Adding certificate verification is strongly advised. See: https://urllib3.readthedocs.io/en/latest/advanced-usage.html#tls-warnings
  warnings.warn(</msg>
<msg time="2024-07-30T20:15:08.950184" level="INFO">${response} = &lt;Response [200]&gt;</msg>
<var>${response}</var>
<arg>consultarAPI</arg>
<arg>/api</arg>
<doc>Sends a GET request on a previously created HTTP Session.</doc>
<status status="PASS" start="2024-07-30T20:15:08.830851" elapsed="0.119384"/>
</kw>
<kw name="Set Variable" owner="BuiltIn">
<msg time="2024-07-30T20:15:08.951080" level="INFO">${json_data} = {'results': [{'gender': 'male', 'name': {'title': 'Mr', 'first': 'Adamastor', 'last': 'Fogaça'}, 'location': {'street': {'number': 247, 'name': 'Rua Onze '}, 'city': 'Itabira', 'state': 'Sergipe', 'co...</msg>
<var>${json_data}</var>
<arg>${response.json()}</arg>
<doc>Returns the given values which can then be assigned to a variables.</doc>
<status status="PASS" start="2024-07-30T20:15:08.950624" elapsed="0.000486"/>
</kw>
<kw name="Log" owner="BuiltIn">
<msg time="2024-07-30T20:15:08.951579" level="INFO">{'results': [{'gender': 'male', 'name': {'title': 'Mr', 'first': 'Adamastor', 'last': 'Fogaça'}, 'location': {'street': {'number': 247, 'name': 'Rua Onze '}, 'city': 'Itabira', 'state': 'Sergipe', 'country': 'Brazil', 'postcode': 56419, 'coordinates': {'latitude': '-77.7372', 'longitude': '-15.1771'}, 'timezone': {'offset': '-12:00', 'description': 'Eniwetok, Kwajalein'}}, 'email': 'adamastor.fogaca@example.com', 'login': {'uuid': '070066e8-b9d5-4b05-b8a2-0d3e805421b3', 'username': 'redcat134', 'password': 'lucas1', 'salt': 'RMZwScuR', 'md5': 'd7a08cce49843f598c394d093649ed7c', 'sha1': '8fede75fbf1598412b33e68293351fa67a891003', 'sha256': '81176e2bfac5976cdf7ce3575a083598cf10170bb572c0abccf841126c1b6cc6'}, 'dob': {'date': '1992-10-03T13:01:11.263Z', 'age': 31}, 'registered': {'date': '2006-08-11T08:38:49.507Z', 'age': 17}, 'phone': '(50) 3210-7206', 'cell': '(16) 0941-2977', 'id': {'name': 'CPF', 'value': '810.284.406-96'}, 'picture': {'large': 'https://randomuser.me/api/portraits/men/91.jpg', 'medium': 'https://randomuser.me/api/portraits/med/men/91.jpg', 'thumbnail': 'https://randomuser.me/api/portraits/thumb/men/91.jpg'}, 'nat': 'BR'}], 'info': {'seed': '5502003ed245b803', 'results': 1, 'page': 1, 'version': '1.4'}}</msg>
<arg>${json_data}</arg>
<doc>Logs the given message with the given level.</doc>
<status status="PASS" start="2024-07-30T20:15:08.951417" elapsed="0.000210"/>
</kw>
<kw name="Should Be Equal As Numbers" owner="BuiltIn">
<arg>${json_data['results'][0]['location']['postcode']}</arg>
<arg>${json_data['results'][0]['location']['postcode']}</arg>
<doc>Fails if objects are unequal after converting them to real numbers.</doc>
<status status="PASS" start="2024-07-30T20:15:08.951918" elapsed="0.000612"/>
</kw>
<kw name="Log" owner="BuiltIn">
<msg time="2024-07-30T20:15:08.953088" level="INFO">56419</msg>
<arg>${json_data['results'][0]['location']['postcode']}</arg>
<doc>Logs the given message with the given level.</doc>
<status status="PASS" start="2024-07-30T20:15:08.952749" elapsed="0.000379"/>
</kw>
<status status="PASS" start="2024-07-30T20:15:08.830621" elapsed="0.122761"/>
</kw>
<doc>Testa se os tipos de dados na resposta da API estão corretos.</doc>
<tag>testeTiposDados</tag>
<status status="PASS" start="2024-07-30T20:15:08.681152" elapsed="0.272430"/>
</test>
<test id="s1-s1-t5" name="Validar conteudo" line="35">
<kw name="Teste de Tipos de Conteudo" owner="random-user-service">
<kw name="GET On Session" owner="RequestsLibrary">
<msg time="2024-07-30T20:15:09.503181" level="INFO">GET Request : url=https://randomuser.me/api 
 path_url=/api 
 headers={'User-Agent': 'python-requests/2.32.3', 'Accept-Encoding': 'gzip, deflate', 'Accept': '*/*', 'Connection': 'keep-alive'} 
 body=None 
 </msg>
<msg time="2024-07-30T20:15:09.503281" level="INFO">GET Response : url=https://randomuser.me/api 
 status=200, reason=OK 
 headers={'Date': 'Tue, 30 Jul 2024 20:15:09 GMT', 'Content-Type': 'application/json; charset=utf-8', 'Transfer-Encoding': 'chunked', 'Connection': 'keep-alive', 'X-Powered-By': 'Express', 'Access-Control-Allow-Origin': '*', 'Cache-Control': 'no-cache', 'ETag': 'W/"47f-P6oX4Sjtq3rywXOewfI49erB8SA"', 'Vary': 'Accept-Encoding', 'Content-Encoding': 'gzip', 'CF-Cache-Status': 'DYNAMIC', 'Report-To': '{"endpoints":[{"url":"https:\\/\\/a.nel.cloudflare.com\\/report\\/v4?s=qWuFVTdXPWmJO5KXmADMrWd%2BsOGnVJvQ%2FNf8yG0rLSz5STIgR36F%2FwWyhhG5mDoAShlHvVQNEZ%2Bb%2FMyd5YFOYQeFdu%2F9bUsLUdtryWZfppiYNlW%2FRUrr4sNmeyLsDJqX"}],"group":"cf-nel","max_age":604800}', 'NEL': '{"success_fraction":0,"report_to":"cf-nel","max_age":604800}', 'Server': 'cloudflare', 'CF-RAY': '8ab804e10bfe08f4-LAX', 'alt-svc': 'h3=":443"; ma=86400'} 
 body={"results":[{"gender":"male","name":{"title":"Mr","first":"Jacob","last":"Pedersen"},"location":{"street":{"number":8246,"name":"Rosenhaven"},"city":"Nr Åby","state":"Hovedstaden","country":"Denmark","postcode":30991,"coordinates":{"latitude":"-44.6210","longitude":"-119.1239"},"timezone":{"offset":"-1:00","description":"Azores, Cape Verde Islands"}},"email":"jacob.pedersen@example.com","login":{"uuid":"5b6da833-e4d2-410a-9747-636bf5bfedb7","username":"goldenladybug487","password":"info","salt":"4qYkgbOf","md5":"683efd910161d6212dc4e48e934547df","sha1":"c25645660a2e56290353ee3582308cf75cf99925","sha256":"f7904deaa325d00877196e713204506cb37e49d7bcbecbba937f76bc1a417716"},"dob":{"date":"1955-12-11T22:37:43.197Z","age":68},"registered":{"date":"2010-04-17T00:36:13.859Z","age":14},"phone":"93799874","cell":"90222468","id":{"name":"CPR","value":"111255-8264"},"picture":{"large":"https://randomuser.me/api/portraits/men/72.jpg","medium":"https://randomuser.me/api/portraits/med/men/72.jpg","thumbnail":"https://randomuser.me/api/portraits/thumb/men/72.jpg"},"nat":"DK"}],"info":{"seed":"f3ca1290951a9795","results":1,"page":1,"version":"1.4"}} 
 </msg>
<msg time="2024-07-30T20:15:09.503352" level="INFO">/opt/hostedtoolcache/Python/3.12.4/x64/lib/python3.12/site-packages/urllib3/connectionpool.py:1099: InsecureRequestWarning: Unverified HTTPS request is being made to host 'randomuser.me'. Adding certificate verification is strongly advised. See: https://urllib3.readthedocs.io/en/latest/advanced-usage.html#tls-warnings
  warnings.warn(</msg>
<msg time="2024-07-30T20:15:09.503493" level="INFO">${response} = &lt;Response [200]&gt;</msg>
<var>${response}</var>
<arg>consultarAPI</arg>
<arg>/api</arg>
<doc>Sends a GET request on a previously created HTTP Session.</doc>
<status status="PASS" start="2024-07-30T20:15:08.956251" elapsed="0.547284"/>
</kw>
<kw name="Set Variable" owner="BuiltIn">
<msg time="2024-07-30T20:15:09.504588" level="INFO">${json_data} = {'results': [{'gender': 'male', 'name': {'title': 'Mr', 'first': 'Jacob', 'last': 'Pedersen'}, 'location': {'street': {'number': 8246, 'name': 'Rosenhaven'}, 'city': 'Nr Åby', 'state': 'Hovedstaden', ...</msg>
<var>${json_data}</var>
<arg>${response.json()}</arg>
<doc>Returns the given values which can then be assigned to a variables.</doc>
<status status="PASS" start="2024-07-30T20:15:09.504060" elapsed="0.000557"/>
</kw>
<kw name="Set Variable" owner="BuiltIn">
<msg time="2024-07-30T20:15:09.505315" level="INFO">${name_title} = Mr</msg>
<var>${name_title}</var>
<arg>${json_data["results"][0]["name"]["title"]}</arg>
<doc>Returns the given values which can then be assigned to a variables.</doc>
<status status="PASS" start="2024-07-30T20:15:09.504928" elapsed="0.000414"/>
</kw>
<kw name="Create List" owner="BuiltIn">
<msg time="2024-07-30T20:15:09.505824" level="INFO">${allowed_titles} = ['Mr', 'Ms', 'Miss', 'Mrs', 'Madame', 'Monsieur']</msg>
<var>${allowed_titles}</var>
<arg>Mr</arg>
<arg>Ms</arg>
<arg>Miss</arg>
<arg>Mrs</arg>
<arg>Madame</arg>
<arg>Monsieur</arg>
<doc>Returns a list containing given items.</doc>
<status status="PASS" start="2024-07-30T20:15:09.505672" elapsed="0.000177"/>
</kw>
<kw name="List Should Contain Value" owner="Collections">
<arg>${allowed_titles}</arg>
<arg>${name_title}</arg>
<doc>Fails if the ``value`` is not found from ``list``.</doc>
<status status="PASS" start="2024-07-30T20:15:09.506153" elapsed="0.000182"/>
</kw>
<kw name="Set Variable" owner="BuiltIn">
<msg time="2024-07-30T20:15:09.506888" level="INFO">${name_country} = DK</msg>
<var>${name_country}</var>
<arg>${json_data["results"][0]["nat"]}</arg>
<doc>Returns the given values which can then be assigned to a variables.</doc>
<status status="PASS" start="2024-07-30T20:15:09.506513" elapsed="0.000400"/>
</kw>
<kw name="Create List" owner="BuiltIn">
<msg time="2024-07-30T20:15:09.507804" level="INFO">${list_country} = ['AD', 'AE', 'AF', 'AG', 'AI', 'AL', 'AM', 'AO', 'AQ', 'AR', 'AS', 'AT', 'AU', 'AW', 'AX', 'AZ', 'BA', 'BB', 'BD', 'BE', 'BF', 'BG', 'BH', 'BI', 'BJ', 'BL', 'BM', 'BN', 'BO', 'BQ', 'BR', 'BS', 'BT', '...</msg>
<var>${list_country}</var>
<arg>AD</arg>
<arg>AE</arg>
<arg>AF</arg>
<arg>AG</arg>
<arg>AI</arg>
<arg>AL</arg>
<arg>AM</arg>
<arg>AO</arg>
<arg>AQ</arg>
<arg>AR</arg>
<arg>AS</arg>
<arg>AT</arg>
<arg>AU</arg>
<arg>AW</arg>
<arg>AX</arg>
<arg>AZ</arg>
<arg>BA</arg>
<arg>BB</arg>
<arg>BD</arg>
<arg>BE</arg>
<arg>BF</arg>
<arg>BG</arg>
<arg>BH</arg>
<arg>BI</arg>
<arg>BJ</arg>
<arg>BL</arg>
<arg>BM</arg>
<arg>BN</arg>
<arg>BO</arg>
<arg>BQ</arg>
<arg>BR</arg>
<arg>BS</arg>
<arg>BT</arg>
<arg>BV</arg>
<arg>BW</arg>
<arg>BY</arg>
<arg>BZ</arg>
<arg>CA</arg>
<arg>CC</arg>
<arg>CD</arg>
<arg>CF</arg>
<arg>CG</arg>
<arg>CH</arg>
<arg>CI</arg>
<arg>CK</arg>
<arg>CL</arg>
<arg>CM</arg>
<arg>CN</arg>
<arg>CO</arg>
<arg>CR</arg>
<arg>CU</arg>
<arg>CV</arg>
<arg>CW</arg>
<arg>CX</arg>
<arg>CY</arg>
<arg>CZ</arg>
<arg>DE</arg>
<arg>DJ</arg>
<arg>DK</arg>
<arg>DM</arg>
<arg>DO</arg>
<arg>DZ</arg>
<arg>EC</arg>
<arg>EE</arg>
<arg>EG</arg>
<arg>EH</arg>
<arg>ER</arg>
<arg>ES</arg>
<arg>ET</arg>
<arg>FI</arg>
<arg>FJ</arg>
<arg>FK</arg>
<arg>FM</arg>
<arg>FO</arg>
<arg>FR</arg>
<arg>GA</arg>
<arg>GB</arg>
<arg>GD</arg>
<arg>GE</arg>
<arg>GF</arg>
<arg>GG</arg>
<arg>GH</arg>
<arg>GI</arg>
<arg>GL</arg>
<arg>GM</arg>
<arg>GN</arg>
<arg>GP</arg>
<arg>GQ</arg>
<arg>GR</arg>
<arg>GS</arg>
<arg>GT</arg>
<arg>GU</arg>
<arg>GW</arg>
<arg>GY</arg>
<arg>HK</arg>
<arg>HM</arg>
<arg>HN</arg>
<arg>HR</arg>
<arg>HT</arg>
<arg>HU</arg>
<arg>ID</arg>
<arg>IE</arg>
<arg>IL</arg>
<arg>IM</arg>
<arg>IN</arg>
<arg>IO</arg>
<arg>IQ</arg>
<arg>IR</arg>
<arg>IS</arg>
<arg>IT</arg>
<arg>JE</arg>
<arg>JM</arg>
<arg>JO</arg>
<arg>JP</arg>
<arg>KE</arg>
<arg>KG</arg>
<arg>KH</arg>
<arg>KI</arg>
<arg>KM</arg>
<arg>KN</arg>
<arg>KP</arg>
<arg>KR</arg>
<arg>KW</arg>
<arg>KY</arg>
<arg>KZ</arg>
<arg>LA</arg>
<arg>LB</arg>
<arg>LC</arg>
<arg>LI</arg>
<arg>LK</arg>
<arg>LR</arg>
<arg>LS</arg>
<arg>LT</arg>
<arg>LU</arg>
<arg>LV</arg>
<arg>LY</arg>
<arg>MA</arg>
<arg>MC</arg>
<arg>MD</arg>
<arg>ME</arg>
<arg>MF</arg>
<arg>MG</arg>
<arg>MH</arg>
<arg>MK</arg>
<arg>ML</arg>
<arg>MM</arg>
<arg>MN</arg>
<arg>MO</arg>
<arg>MP</arg>
<arg>MQ</arg>
<arg>MR</arg>
<arg>MS</arg>
<arg>MT</arg>
<arg>MU</arg>
<arg>MV</arg>
<arg>MW</arg>
<arg>MX</arg>
<arg>MY</arg>
<arg>MZ</arg>
<arg>NA</arg>
<arg>NC</arg>
<arg>NE</arg>
<arg>NF</arg>
<arg>NG</arg>
<arg>NI</arg>
<arg>NL</arg>
<arg>NO</arg>
<arg>NP</arg>
<arg>NR</arg>
<arg>NU</arg>
<arg>NZ</arg>
<arg>OM</arg>
<arg>PA</arg>
<arg>PE</arg>
<arg>PF</arg>
<arg>PG</arg>
<arg>PH</arg>
<arg>PK</arg>
<arg>PL</arg>
<arg>PM</arg>
<arg>PN</arg>
<arg>PR</arg>
<arg>PS</arg>
<arg>PT</arg>
<arg>PW</arg>
<arg>PY</arg>
<arg>QA</arg>
<arg>RE</arg>
<arg>RO</arg>
<arg>RS</arg>
<arg>RU</arg>
<arg>RW</arg>
<arg>SA</arg>
<arg>SB</arg>
<arg>SC</arg>
<arg>SD</arg>
<arg>SE</arg>
<arg>SG</arg>
<arg>SH</arg>
<arg>SI</arg>
<arg>SJ</arg>
<arg>SK</arg>
<arg>SL</arg>
<arg>SM</arg>
<arg>SN</arg>
<arg>SO</arg>
<arg>SR</arg>
<arg>SS</arg>
<arg>ST</arg>
<arg>SV</arg>
<arg>SX</arg>
<arg>SY</arg>
<arg>SZ</arg>
<arg>TC</arg>
<arg>TD</arg>
<arg>TF</arg>
<arg>TG</arg>
<arg>TH</arg>
<arg>TJ</arg>
<arg>TK</arg>
<arg>TL</arg>
<arg>TM</arg>
<arg>TN</arg>
<arg>TO</arg>
<arg>TR</arg>
<arg>TT</arg>
<arg>TV</arg>
<arg>TW</arg>
<arg>TZ</arg>
<arg>UA</arg>
<arg>UG</arg>
<arg>UM</arg>
<arg>US</arg>
<arg>UY</arg>
<arg>UZ</arg>
<arg>VA</arg>
<arg>VC</arg>
<arg>VE</arg>
<arg>VG</arg>
<arg>VI</arg>
<arg>VN</arg>
<arg>VU</arg>
<arg>WF</arg>
<arg>WS</arg>
<arg>XK</arg>
<arg>YE</arg>
<arg>YT</arg>
<arg>ZA</arg>
<arg>ZM</arg>
<arg>ZW</arg>
<doc>Returns a list containing given items.</doc>
<status status="PASS" start="2024-07-30T20:15:09.507206" elapsed="0.000623"/>
</kw>
<kw name="List Should Contain Value" owner="Collections">
<arg>${list_country}</arg>
<arg>${name_country}</arg>
<doc>Fails if the ``value`` is not found from ``list``.</doc>
<status status="PASS" start="2024-07-30T20:15:09.508809" elapsed="0.000209"/>
</kw>
<kw name="Run Keyword If" owner="BuiltIn">
<kw name="Should Be True" owner="BuiltIn">
<arg>${True}</arg>
<doc>Fails if the given condition is not true.</doc>
<status status="PASS" start="2024-07-30T20:15:09.510019" elapsed="0.000143"/>
</kw>
<arg>${json_data["results"][0]["location"]["coordinates"]["latitude"]} &gt;= -90 and ${json_data["results"][0]["location"]["coordinates"]["latitude"]} &lt;= 90</arg>
<arg>Should Be True</arg>
<arg>${True}</arg>
<doc>Runs the given keyword with the given arguments, if ``condition`` is true.</doc>
<status status="PASS" start="2024-07-30T20:15:09.509217" elapsed="0.001072"/>
</kw>
<kw name="Run Keyword If" owner="BuiltIn">
<kw name="Should Be True" owner="BuiltIn">
<arg>${True}</arg>
<doc>Fails if the given condition is not true.</doc>
<status status="PASS" start="2024-07-30T20:15:09.511161" elapsed="0.000144"/>
</kw>
<arg>${json_data["results"][0]["location"]["coordinates"]["longitude"]} &gt;= -180 and ${json_data["results"][0]["location"]["coordinates"]["longitude"]} &lt;= 180</arg>
<arg>Should Be True</arg>
<arg>${True}</arg>
<doc>Runs the given keyword with the given arguments, if ``condition`` is true.</doc>
<status status="PASS" start="2024-07-30T20:15:09.510473" elapsed="0.000955"/>
</kw>
<status status="PASS" start="2024-07-30T20:15:08.955931" elapsed="0.555626"/>
</kw>
<doc>Testa o conteúdo específico dos campos retornados pela API.</doc>
<tag>testeConteudo</tag>
<status status="PASS" start="2024-07-30T20:15:08.955329" elapsed="0.556380"/>
</test>
<status status="PASS" start="2024-07-30T20:15:07.929006" elapsed="1.584723"/>
</suite>
<status status="PASS" start="2024-07-30T20:15:07.914563" elapsed="1.605005"/>
</suite>
<statistics>
<total>
<stat pass="5" fail="0" skip="0">All Tests</stat>
</total>
<tag>
<stat pass="1" fail="0" skip="0">testeConteudo</stat>
<stat pass="1" fail="0" skip="0">testeEstruturaResposta</stat>
<stat pass="1" fail="0" skip="0">testeRequisicaoBasica</stat>
<stat pass="1" fail="0" skip="0">testeTiposDados</stat>
</tag>
<suite>
<stat pass="5" fail="0" skip="0" id="s1" name="Tests">Tests</stat>
<stat pass="5" fail="0" skip="0" id="s1-s1" name="Random-User-Test">Tests.Random-User-Test</stat>
</suite>
</statistics>
<errors>
</errors>
</robot>
