<?xml version="1.0" encoding="UTF-8"?>
<robot generator="Robot 7.0 (Python 3.12.3 on linux)" generated="2024-05-28T03:16:05.665659" rpa="false" schemaversion="5">
<suite id="s1" name="Tests" source="/home/runner/work/ApiRandomUser/ApiRandomUser/RamdonUser/tests">
<suite id="s1-s1" name="Random-User-Test" source="/home/runner/work/ApiRandomUser/ApiRandomUser/RamdonUser/tests/random-user-test.robot">
<test id="s1-s1-t1" name="Conectar" line="13">
<kw name="Conectar API" owner="random-user-service">
<kw name="Create Session" owner="RequestsLibrary">
<msg time="2024-05-28T03:16:06.054002" level="INFO">Creating Session using : alias=consultarAPI, url=https://randomuser.me/, headers={},                     cookies={}, auth=None, timeout=None, proxies=None, verify=False,                     debug=0 </msg>
<arg>consultarAPI</arg>
<arg>${URL}</arg>
<doc>Create Session: create a HTTP session to a server</doc>
<status status="PASS" start="2024-05-28T03:16:06.053799" elapsed="0.000396"/>
</kw>
<status status="PASS" start="2024-05-28T03:16:06.052745" elapsed="0.001814"/>
</kw>
<status status="PASS" start="2024-05-28T03:16:06.052091" elapsed="0.002660"/>
</test>
<test id="s1-s1-t2" name="Validar retorno 200 e JSON Válido" line="16">
<kw name="Teste de Requisicao Basica" owner="random-user-service">
<kw name="GET On Session" owner="RequestsLibrary">
<msg time="2024-05-28T03:16:06.306808" level="INFO">GET Request : url=https://randomuser.me/api 
 path_url=/api 
 headers={'User-Agent': 'python-requests/2.32.2', 'Accept-Encoding': 'gzip, deflate', 'Accept': '*/*', 'Connection': 'keep-alive'} 
 body=None 
 </msg>
<msg time="2024-05-28T03:16:06.306984" level="INFO">GET Response : url=https://randomuser.me/api 
 status=200, reason=OK 
 headers={'Date': 'Tue, 28 May 2024 03:16:06 GMT', 'Content-Type': 'application/json; charset=utf-8', 'Transfer-Encoding': 'chunked', 'Connection': 'keep-alive', 'X-Powered-By': 'Express', 'Access-Control-Allow-Origin': '*', 'Cache-Control': 'no-cache', 'ETag': 'W/"4a0-nCOiohpVJVFunEstSULezBzczYs"', 'Vary': 'Accept-Encoding', 'Content-Encoding': 'gzip', 'CF-Cache-Status': 'DYNAMIC', 'Report-To': '{"endpoints":[{"url":"https:\\/\\/a.nel.cloudflare.com\\/report\\/v4?s=ZxMwnkegpXrgQ3KB0CNnD7kHz4wq5U4L9tGActeneiTQvvGtt8DBdhXYp8evUW8jjgqGYiR5jKp9%2FpVNBqEG%2B7KJfu0TMMwHc88PzohrH%2BabhdWvwKi0H64wE2PuEuFy"}],"group":"cf-nel","max_age":604800}', 'NEL': '{"success_fraction":0,"report_to":"cf-nel","max_age":604800}', 'Server': 'cloudflare', 'CF-RAY': '88ab15832d232ade-ORD', 'alt-svc': 'h3=":443"; ma=86400'} 
 body={"results":[{"gender":"female","name":{"title":"Mrs","first":"Lenne","last":"Van Baardewijk"},"location":{"street":{"number":5341,"name":"Arsenaal"},"city":"Noordeinde Nh","state":"Friesland","country":"Netherlands","postcode":"6087 KI","coordinates":{"latitude":"32.7919","longitude":"52.4624"},"timezone":{"offset":"-1:00","description":"Azores, Cape Verde Islands"}},"email":"lenne.vanbaardewijk@example.com","login":{"uuid":"8b568193-b138-4044-8b57-8d4f2c463382","username":"lazyleopard875","password":"evelyn","salt":"goHarqFT","md5":"a38b30f826f89b270ab707bdd290d39d","sha1":"734409ed97de83e84c6d2cf11bf4ed6a18f12c28","sha256":"0dad23a146849f77797ddb33bf71500c79781c1bd3edd1a948ac29e5837b7cb4"},"dob":{"date":"1959-01-24T20:14:31.950Z","age":65},"registered":{"date":"2022-05-03T09:35:58.030Z","age":2},"phone":"(0892) 742384","cell":"(06) 99566314","id":{"name":"BSN","value":"02768241"},"picture":{"large":"https://randomuser.me/api/portraits/women/15.jpg","medium":"https://randomuser.me/api/portraits/med/women/15.jpg","thumbnail":"https://randomuser.me/api/portraits/thumb/women/15.jpg"},"nat":"NL"}],"info":{"seed":"f13ec0ceb7f15cc0","results":1,"page":1,"version":"1.4"}} 
 </msg>
<msg time="2024-05-28T03:16:06.307079" level="INFO">/opt/hostedtoolcache/Python/3.12.3/x64/lib/python3.12/site-packages/urllib3/connectionpool.py:1103: InsecureRequestWarning: Unverified HTTPS request is being made to host 'randomuser.me'. Adding certificate verification is strongly advised. See: https://urllib3.readthedocs.io/en/latest/advanced-usage.html#tls-warnings
  warnings.warn(</msg>
<msg time="2024-05-28T03:16:06.307249" level="INFO">${response} = &lt;Response [200]&gt;</msg>
<var>${response}</var>
<arg>consultarAPI</arg>
<arg>/api</arg>
<doc>Sends a GET request on a previously created HTTP Session.</doc>
<status status="PASS" start="2024-05-28T03:16:06.057432" elapsed="0.249858"/>
</kw>
<kw name="Should Be Equal As Numbers" owner="BuiltIn">
<msg time="2024-05-28T03:16:06.308338" level="INFO">Argument types are:
&lt;class 'int'&gt;
&lt;class 'str'&gt;</msg>
<arg>${response.status_code}</arg>
<arg>200</arg>
<doc>Fails if objects are unequal after converting them to real numbers.</doc>
<status status="PASS" start="2024-05-28T03:16:06.307840" elapsed="0.000568"/>
</kw>
<kw name="Log" owner="BuiltIn">
<msg time="2024-05-28T03:16:06.309108" level="INFO">200</msg>
<arg>${response.status_code}</arg>
<doc>Logs the given message with the given level.</doc>
<status status="PASS" start="2024-05-28T03:16:06.308754" elapsed="0.000404"/>
</kw>
<kw name="Set Variable" owner="BuiltIn">
<msg time="2024-05-28T03:16:06.309902" level="INFO">${json_data} = {'results': [{'gender': 'female', 'name': {'title': 'Mrs', 'first': 'Lenne', 'last': 'Van Baardewijk'}, 'location': {'street': {'number': 5341, 'name': 'Arsenaal'}, 'city': 'Noordeinde Nh', 'state': '...</msg>
<var>${json_data}</var>
<arg>${response.json()}</arg>
<doc>Returns the given values which can then be assigned to a variables.</doc>
<status status="PASS" start="2024-05-28T03:16:06.309469" elapsed="0.000462"/>
</kw>
<kw name="Dictionary Should Contain Key" owner="Collections">
<msg time="2024-05-28T03:16:06.310410" level="INFO">False</msg>
<arg>${json_data}</arg>
<arg>results</arg>
<doc>Fails if ``key`` is not found from ``dictionary``.</doc>
<status status="PASS" start="2024-05-28T03:16:06.310235" elapsed="0.000382"/>
</kw>
<status status="PASS" start="2024-05-28T03:16:06.057183" elapsed="0.253702"/>
</kw>
<doc>Testa se a API responde corretamente e retorna um objeto JSON válido.</doc>
<tag>testeRequisicaoBasica</tag>
<status status="PASS" start="2024-05-28T03:16:06.056694" elapsed="0.254379"/>
</test>
<test id="s1-s1-t3" name="Validar estrutura de resposta" line="22">
<kw name="Teste de Estrutura de Resposta" owner="random-user-service">
<kw name="GET On Session" owner="RequestsLibrary">
<msg time="2024-05-28T03:16:06.415233" level="INFO">GET Request : url=https://randomuser.me/api 
 path_url=/api 
 headers={'User-Agent': 'python-requests/2.32.2', 'Accept-Encoding': 'gzip, deflate', 'Accept': '*/*', 'Connection': 'keep-alive'} 
 body=None 
 </msg>
<msg time="2024-05-28T03:16:06.415346" level="INFO">GET Response : url=https://randomuser.me/api 
 status=200, reason=OK 
 headers={'Date': 'Tue, 28 May 2024 03:16:06 GMT', 'Content-Type': 'application/json; charset=utf-8', 'Transfer-Encoding': 'chunked', 'Connection': 'keep-alive', 'X-Powered-By': 'Express', 'Access-Control-Allow-Origin': '*', 'Cache-Control': 'no-cache', 'ETag': 'W/"4ac-FVvADi09sW234p7lX61SypMLBIg"', 'Vary': 'Accept-Encoding', 'Content-Encoding': 'gzip', 'CF-Cache-Status': 'DYNAMIC', 'Report-To': '{"endpoints":[{"url":"https:\\/\\/a.nel.cloudflare.com\\/report\\/v4?s=B2htvJB4U7OoA0c9Cilmw8yhfpLF35DRcgPXSPon92D1y2tgXuW5QR4F3xgRJyODzTE4noSTJic8qdJR1RQRsTZW4KjuCR3lihznILtd7F8gqNixYoE5JuDIcNcNILkK"}],"group":"cf-nel","max_age":604800}', 'NEL': '{"success_fraction":0,"report_to":"cf-nel","max_age":604800}', 'Server': 'cloudflare', 'CF-RAY': '88ab15837d5f2ade-ORD', 'alt-svc': 'h3=":443"; ma=86400'} 
 body={"results":[{"gender":"female","name":{"title":"Mrs","first":"Stefaniya","last":"Modzalevskiy"},"location":{"street":{"number":7491,"name":"Petra Sagaydachnogo"},"city":"Hmelnickiy","state":"Zakarpatska","country":"Ukraine","postcode":90515,"coordinates":{"latitude":"80.3900","longitude":"114.8053"},"timezone":{"offset":"+1:00","description":"Brussels, Copenhagen, Madrid, Paris"}},"email":"stefaniya.modzalevskiy@example.com","login":{"uuid":"d957bce4-e64d-4b7e-99e8-b994e7268672","username":"orangepeacock626","password":"union","salt":"ysZSB4gL","md5":"9614dee71d69c32fd12621dcd16b7e03","sha1":"7325290e5b52c840472930777bda168db3802a7c","sha256":"9cb82b3e9d52cb39cce8801e55e7ce925cb05f158e3671beb31da033d9f4c8c4"},"dob":{"date":"1977-09-02T13:26:01.895Z","age":46},"registered":{"date":"2007-07-19T23:33:24.111Z","age":16},"phone":"(096) D45-4415","cell":"(068) W94-2869","id":{"name":"","value":null},"picture":{"large":"https://randomuser.me/api/portraits/women/89.jpg","medium":"https://randomuser.me/api/portraits/med/women/89.jpg","thumbnail":"https://randomuser.me/api/portraits/thumb/women/89.jpg"},"nat":"UA"}],"info":{"seed":"3d050fd5616c06a3","results":1,"page":1,"version":"1.4"}} 
 </msg>
<msg time="2024-05-28T03:16:06.415482" level="INFO">/opt/hostedtoolcache/Python/3.12.3/x64/lib/python3.12/site-packages/urllib3/connectionpool.py:1103: InsecureRequestWarning: Unverified HTTPS request is being made to host 'randomuser.me'. Adding certificate verification is strongly advised. See: https://urllib3.readthedocs.io/en/latest/advanced-usage.html#tls-warnings
  warnings.warn(</msg>
<msg time="2024-05-28T03:16:06.415605" level="INFO">${response} = &lt;Response [200]&gt;</msg>
<var>${response}</var>
<arg>consultarAPI</arg>
<arg>/api</arg>
<doc>Sends a GET request on a previously created HTTP Session.</doc>
<status status="PASS" start="2024-05-28T03:16:06.313713" elapsed="0.101929"/>
</kw>
<kw name="Set Variable" owner="BuiltIn">
<msg time="2024-05-28T03:16:06.416682" level="INFO">${json_data} = {'results': [{'gender': 'female', 'name': {'title': 'Mrs', 'first': 'Stefaniya', 'last': 'Modzalevskiy'}, 'location': {'street': {'number': 7491, 'name': 'Petra Sagaydachnogo'}, 'city': 'Hmelnickiy', ...</msg>
<var>${json_data}</var>
<arg>${response.json()}</arg>
<doc>Returns the given values which can then be assigned to a variables.</doc>
<status status="PASS" start="2024-05-28T03:16:06.416147" elapsed="0.000566"/>
</kw>
<kw name="Log" owner="BuiltIn">
<msg time="2024-05-28T03:16:06.417201" level="INFO">{'results': [{'gender': 'female', 'name': {'title': 'Mrs', 'first': 'Stefaniya', 'last': 'Modzalevskiy'}, 'location': {'street': {'number': 7491, 'name': 'Petra Sagaydachnogo'}, 'city': 'Hmelnickiy', 'state': 'Zakarpatska', 'country': 'Ukraine', 'postcode': 90515, 'coordinates': {'latitude': '80.3900', 'longitude': '114.8053'}, 'timezone': {'offset': '+1:00', 'description': 'Brussels, Copenhagen, Madrid, Paris'}}, 'email': 'stefaniya.modzalevskiy@example.com', 'login': {'uuid': 'd957bce4-e64d-4b7e-99e8-b994e7268672', 'username': 'orangepeacock626', 'password': 'union', 'salt': 'ysZSB4gL', 'md5': '9614dee71d69c32fd12621dcd16b7e03', 'sha1': '7325290e5b52c840472930777bda168db3802a7c', 'sha256': '9cb82b3e9d52cb39cce8801e55e7ce925cb05f158e3671beb31da033d9f4c8c4'}, 'dob': {'date': '1977-09-02T13:26:01.895Z', 'age': 46}, 'registered': {'date': '2007-07-19T23:33:24.111Z', 'age': 16}, 'phone': '(096) D45-4415', 'cell': '(068) W94-2869', 'id': {'name': '', 'value': None}, 'picture': {'large': 'https://randomuser.me/api/portraits/women/89.jpg', 'medium': 'https://randomuser.me/api/portraits/med/women/89.jpg', 'thumbnail': 'https://randomuser.me/api/portraits/thumb/women/89.jpg'}, 'nat': 'UA'}], 'info': {'seed': '3d050fd5616c06a3', 'results': 1, 'page': 1, 'version': '1.4'}}</msg>
<arg>${json_data}</arg>
<doc>Logs the given message with the given level.</doc>
<status status="PASS" start="2024-05-28T03:16:06.417042" elapsed="0.000207"/>
</kw>
<kw name="Dictionary Should Contain Key" owner="Collections">
<msg time="2024-05-28T03:16:06.417697" level="INFO">False</msg>
<arg>${json_data}</arg>
<arg>results</arg>
<doc>Fails if ``key`` is not found from ``dictionary``.</doc>
<status status="PASS" start="2024-05-28T03:16:06.417543" elapsed="0.000190"/>
</kw>
<kw name="Should Not Be Empty" owner="BuiltIn">
<msg time="2024-05-28T03:16:06.418169" level="INFO">Length is 2.</msg>
<arg>${json_data}</arg>
<doc>Verifies that the given item is not empty.</doc>
<status status="PASS" start="2024-05-28T03:16:06.418027" elapsed="0.000188"/>
</kw>
<kw name="Create List" owner="BuiltIn">
<msg time="2024-05-28T03:16:06.418660" level="INFO">${expected_keys} = ['gender', 'name', 'location', 'email', 'login']</msg>
<var>${expected_keys}</var>
<arg>gender</arg>
<arg>name</arg>
<arg>location</arg>
<arg>email</arg>
<arg>login</arg>
<doc>Returns a list containing given items.</doc>
<status status="PASS" start="2024-05-28T03:16:06.418514" elapsed="0.000169"/>
</kw>
<for flavor="IN">
<iter>
<kw name="Dictionary Should Contain Key" owner="Collections">
<msg time="2024-05-28T03:16:06.419681" level="INFO">False</msg>
<arg>${json_data['results'][0]}</arg>
<arg>${key}</arg>
<doc>Fails if ``key`` is not found from ``dictionary``.</doc>
<status status="PASS" start="2024-05-28T03:16:06.419273" elapsed="0.000449"/>
</kw>
<kw name="Log" owner="BuiltIn">
<msg time="2024-05-28T03:16:06.420418" level="INFO">{'gender': 'female', 'name': {'title': 'Mrs', 'first': 'Stefaniya', 'last': 'Modzalevskiy'}, 'location': {'street': {'number': 7491, 'name': 'Petra Sagaydachnogo'}, 'city': 'Hmelnickiy', 'state': 'Zakarpatska', 'country': 'Ukraine', 'postcode': 90515, 'coordinates': {'latitude': '80.3900', 'longitude': '114.8053'}, 'timezone': {'offset': '+1:00', 'description': 'Brussels, Copenhagen, Madrid, Paris'}}, 'email': 'stefaniya.modzalevskiy@example.com', 'login': {'uuid': 'd957bce4-e64d-4b7e-99e8-b994e7268672', 'username': 'orangepeacock626', 'password': 'union', 'salt': 'ysZSB4gL', 'md5': '9614dee71d69c32fd12621dcd16b7e03', 'sha1': '7325290e5b52c840472930777bda168db3802a7c', 'sha256': '9cb82b3e9d52cb39cce8801e55e7ce925cb05f158e3671beb31da033d9f4c8c4'}, 'dob': {'date': '1977-09-02T13:26:01.895Z', 'age': 46}, 'registered': {'date': '2007-07-19T23:33:24.111Z', 'age': 16}, 'phone': '(096) D45-4415', 'cell': '(068) W94-2869', 'id': {'name': '', 'value': None}, 'picture': {'large': 'https://randomuser.me/api/portraits/women/89.jpg', 'medium': 'https://randomuser.me/api/portraits/med/women/89.jpg', 'thumbnail': 'https://randomuser.me/api/portraits/thumb/women/89.jpg'}, 'nat': 'UA'}</msg>
<arg>${json_data['results'][0]}</arg>
<doc>Logs the given message with the given level.</doc>
<status status="PASS" start="2024-05-28T03:16:06.420022" elapsed="0.000456"/>
</kw>
<kw name="Log" owner="BuiltIn">
<msg time="2024-05-28T03:16:06.420910" level="INFO">gender</msg>
<arg>${key}</arg>
<doc>Logs the given message with the given level.</doc>
<status status="PASS" start="2024-05-28T03:16:06.420780" elapsed="0.000168"/>
</kw>
<var name="${key}">gender</var>
<status status="PASS" start="2024-05-28T03:16:06.419146" elapsed="0.002015"/>
</iter>
<iter>
<kw name="Dictionary Should Contain Key" owner="Collections">
<msg time="2024-05-28T03:16:06.421852" level="INFO">False</msg>
<arg>${json_data['results'][0]}</arg>
<arg>${key}</arg>
<doc>Fails if ``key`` is not found from ``dictionary``.</doc>
<status status="PASS" start="2024-05-28T03:16:06.421466" elapsed="0.000458"/>
</kw>
<kw name="Log" owner="BuiltIn">
<msg time="2024-05-28T03:16:06.422602" level="INFO">{'gender': 'female', 'name': {'title': 'Mrs', 'first': 'Stefaniya', 'last': 'Modzalevskiy'}, 'location': {'street': {'number': 7491, 'name': 'Petra Sagaydachnogo'}, 'city': 'Hmelnickiy', 'state': 'Zakarpatska', 'country': 'Ukraine', 'postcode': 90515, 'coordinates': {'latitude': '80.3900', 'longitude': '114.8053'}, 'timezone': {'offset': '+1:00', 'description': 'Brussels, Copenhagen, Madrid, Paris'}}, 'email': 'stefaniya.modzalevskiy@example.com', 'login': {'uuid': 'd957bce4-e64d-4b7e-99e8-b994e7268672', 'username': 'orangepeacock626', 'password': 'union', 'salt': 'ysZSB4gL', 'md5': '9614dee71d69c32fd12621dcd16b7e03', 'sha1': '7325290e5b52c840472930777bda168db3802a7c', 'sha256': '9cb82b3e9d52cb39cce8801e55e7ce925cb05f158e3671beb31da033d9f4c8c4'}, 'dob': {'date': '1977-09-02T13:26:01.895Z', 'age': 46}, 'registered': {'date': '2007-07-19T23:33:24.111Z', 'age': 16}, 'phone': '(096) D45-4415', 'cell': '(068) W94-2869', 'id': {'name': '', 'value': None}, 'picture': {'large': 'https://randomuser.me/api/portraits/women/89.jpg', 'medium': 'https://randomuser.me/api/portraits/med/women/89.jpg', 'thumbnail': 'https://randomuser.me/api/portraits/thumb/women/89.jpg'}, 'nat': 'UA'}</msg>
<arg>${json_data['results'][0]}</arg>
<doc>Logs the given message with the given level.</doc>
<status status="PASS" start="2024-05-28T03:16:06.422231" elapsed="0.000419"/>
</kw>
<kw name="Log" owner="BuiltIn">
<msg time="2024-05-28T03:16:06.423096" level="INFO">name</msg>
<arg>${key}</arg>
<doc>Logs the given message with the given level.</doc>
<status status="PASS" start="2024-05-28T03:16:06.422969" elapsed="0.000164"/>
</kw>
<var name="${key}">name</var>
<status status="PASS" start="2024-05-28T03:16:06.421350" elapsed="0.002002"/>
</iter>
<iter>
<kw name="Dictionary Should Contain Key" owner="Collections">
<msg time="2024-05-28T03:16:06.424016" level="INFO">False</msg>
<arg>${json_data['results'][0]}</arg>
<arg>${key}</arg>
<doc>Fails if ``key`` is not found from ``dictionary``.</doc>
<status status="PASS" start="2024-05-28T03:16:06.423645" elapsed="0.000408"/>
</kw>
<kw name="Log" owner="BuiltIn">
<msg time="2024-05-28T03:16:06.424758" level="INFO">{'gender': 'female', 'name': {'title': 'Mrs', 'first': 'Stefaniya', 'last': 'Modzalevskiy'}, 'location': {'street': {'number': 7491, 'name': 'Petra Sagaydachnogo'}, 'city': 'Hmelnickiy', 'state': 'Zakarpatska', 'country': 'Ukraine', 'postcode': 90515, 'coordinates': {'latitude': '80.3900', 'longitude': '114.8053'}, 'timezone': {'offset': '+1:00', 'description': 'Brussels, Copenhagen, Madrid, Paris'}}, 'email': 'stefaniya.modzalevskiy@example.com', 'login': {'uuid': 'd957bce4-e64d-4b7e-99e8-b994e7268672', 'username': 'orangepeacock626', 'password': 'union', 'salt': 'ysZSB4gL', 'md5': '9614dee71d69c32fd12621dcd16b7e03', 'sha1': '7325290e5b52c840472930777bda168db3802a7c', 'sha256': '9cb82b3e9d52cb39cce8801e55e7ce925cb05f158e3671beb31da033d9f4c8c4'}, 'dob': {'date': '1977-09-02T13:26:01.895Z', 'age': 46}, 'registered': {'date': '2007-07-19T23:33:24.111Z', 'age': 16}, 'phone': '(096) D45-4415', 'cell': '(068) W94-2869', 'id': {'name': '', 'value': None}, 'picture': {'large': 'https://randomuser.me/api/portraits/women/89.jpg', 'medium': 'https://randomuser.me/api/portraits/med/women/89.jpg', 'thumbnail': 'https://randomuser.me/api/portraits/thumb/women/89.jpg'}, 'nat': 'UA'}</msg>
<arg>${json_data['results'][0]}</arg>
<doc>Logs the given message with the given level.</doc>
<status status="PASS" start="2024-05-28T03:16:06.424376" elapsed="0.000431"/>
</kw>
<kw name="Log" owner="BuiltIn">
<msg time="2024-05-28T03:16:06.425230" level="INFO">location</msg>
<arg>${key}</arg>
<doc>Logs the given message with the given level.</doc>
<status status="PASS" start="2024-05-28T03:16:06.425103" elapsed="0.000164"/>
</kw>
<var name="${key}">location</var>
<status status="PASS" start="2024-05-28T03:16:06.423533" elapsed="0.001947"/>
</iter>
<iter>
<kw name="Dictionary Should Contain Key" owner="Collections">
<msg time="2024-05-28T03:16:06.426253" level="INFO">False</msg>
<arg>${json_data['results'][0]}</arg>
<arg>${key}</arg>
<doc>Fails if ``key`` is not found from ``dictionary``.</doc>
<status status="PASS" start="2024-05-28T03:16:06.425763" elapsed="0.000527"/>
</kw>
<kw name="Log" owner="BuiltIn">
<msg time="2024-05-28T03:16:06.426944" level="INFO">{'gender': 'female', 'name': {'title': 'Mrs', 'first': 'Stefaniya', 'last': 'Modzalevskiy'}, 'location': {'street': {'number': 7491, 'name': 'Petra Sagaydachnogo'}, 'city': 'Hmelnickiy', 'state': 'Zakarpatska', 'country': 'Ukraine', 'postcode': 90515, 'coordinates': {'latitude': '80.3900', 'longitude': '114.8053'}, 'timezone': {'offset': '+1:00', 'description': 'Brussels, Copenhagen, Madrid, Paris'}}, 'email': 'stefaniya.modzalevskiy@example.com', 'login': {'uuid': 'd957bce4-e64d-4b7e-99e8-b994e7268672', 'username': 'orangepeacock626', 'password': 'union', 'salt': 'ysZSB4gL', 'md5': '9614dee71d69c32fd12621dcd16b7e03', 'sha1': '7325290e5b52c840472930777bda168db3802a7c', 'sha256': '9cb82b3e9d52cb39cce8801e55e7ce925cb05f158e3671beb31da033d9f4c8c4'}, 'dob': {'date': '1977-09-02T13:26:01.895Z', 'age': 46}, 'registered': {'date': '2007-07-19T23:33:24.111Z', 'age': 16}, 'phone': '(096) D45-4415', 'cell': '(068) W94-2869', 'id': {'name': '', 'value': None}, 'picture': {'large': 'https://randomuser.me/api/portraits/women/89.jpg', 'medium': 'https://randomuser.me/api/portraits/med/women/89.jpg', 'thumbnail': 'https://randomuser.me/api/portraits/thumb/women/89.jpg'}, 'nat': 'UA'}</msg>
<arg>${json_data['results'][0]}</arg>
<doc>Logs the given message with the given level.</doc>
<status status="PASS" start="2024-05-28T03:16:06.426590" elapsed="0.000402"/>
</kw>
<kw name="Log" owner="BuiltIn">
<msg time="2024-05-28T03:16:06.427410" level="INFO">email</msg>
<arg>${key}</arg>
<doc>Logs the given message with the given level.</doc>
<status status="PASS" start="2024-05-28T03:16:06.427283" elapsed="0.000164"/>
</kw>
<var name="${key}">email</var>
<status status="PASS" start="2024-05-28T03:16:06.425652" elapsed="0.002020"/>
</iter>
<iter>
<kw name="Dictionary Should Contain Key" owner="Collections">
<msg time="2024-05-28T03:16:06.428383" level="INFO">False</msg>
<arg>${json_data['results'][0]}</arg>
<arg>${key}</arg>
<doc>Fails if ``key`` is not found from ``dictionary``.</doc>
<status status="PASS" start="2024-05-28T03:16:06.427970" elapsed="0.000450"/>
</kw>
<kw name="Log" owner="BuiltIn">
<msg time="2024-05-28T03:16:06.429070" level="INFO">{'gender': 'female', 'name': {'title': 'Mrs', 'first': 'Stefaniya', 'last': 'Modzalevskiy'}, 'location': {'street': {'number': 7491, 'name': 'Petra Sagaydachnogo'}, 'city': 'Hmelnickiy', 'state': 'Zakarpatska', 'country': 'Ukraine', 'postcode': 90515, 'coordinates': {'latitude': '80.3900', 'longitude': '114.8053'}, 'timezone': {'offset': '+1:00', 'description': 'Brussels, Copenhagen, Madrid, Paris'}}, 'email': 'stefaniya.modzalevskiy@example.com', 'login': {'uuid': 'd957bce4-e64d-4b7e-99e8-b994e7268672', 'username': 'orangepeacock626', 'password': 'union', 'salt': 'ysZSB4gL', 'md5': '9614dee71d69c32fd12621dcd16b7e03', 'sha1': '7325290e5b52c840472930777bda168db3802a7c', 'sha256': '9cb82b3e9d52cb39cce8801e55e7ce925cb05f158e3671beb31da033d9f4c8c4'}, 'dob': {'date': '1977-09-02T13:26:01.895Z', 'age': 46}, 'registered': {'date': '2007-07-19T23:33:24.111Z', 'age': 16}, 'phone': '(096) D45-4415', 'cell': '(068) W94-2869', 'id': {'name': '', 'value': None}, 'picture': {'large': 'https://randomuser.me/api/portraits/women/89.jpg', 'medium': 'https://randomuser.me/api/portraits/med/women/89.jpg', 'thumbnail': 'https://randomuser.me/api/portraits/thumb/women/89.jpg'}, 'nat': 'UA'}</msg>
<arg>${json_data['results'][0]}</arg>
<doc>Logs the given message with the given level.</doc>
<status status="PASS" start="2024-05-28T03:16:06.428716" elapsed="0.000404"/>
</kw>
<kw name="Log" owner="BuiltIn">
<msg time="2024-05-28T03:16:06.429538" level="INFO">login</msg>
<arg>${key}</arg>
<doc>Logs the given message with the given level.</doc>
<status status="PASS" start="2024-05-28T03:16:06.429412" elapsed="0.000195"/>
</kw>
<var name="${key}">login</var>
<status status="PASS" start="2024-05-28T03:16:06.427846" elapsed="0.001980"/>
</iter>
<var>${key}</var>
<value>@{expected_keys}</value>
<status status="PASS" start="2024-05-28T03:16:06.418950" elapsed="0.010998"/>
</for>
<kw name="Create List" owner="BuiltIn">
<msg time="2024-05-28T03:16:06.430281" level="INFO">${expected_keysTwo} = ['username', 'password']</msg>
<var>${expected_keysTwo}</var>
<arg>username</arg>
<arg>password</arg>
<doc>Returns a list containing given items.</doc>
<status status="PASS" start="2024-05-28T03:16:06.430145" elapsed="0.000159"/>
</kw>
<for flavor="IN">
<iter>
<kw name="Dictionary Should Contain Key" owner="Collections">
<msg time="2024-05-28T03:16:06.431184" level="INFO">False</msg>
<arg>${json_data['results'][0]['login']}</arg>
<arg>${keyTwo}</arg>
<doc>Fails if ``key`` is not found from ``dictionary``.</doc>
<status status="PASS" start="2024-05-28T03:16:06.430804" elapsed="0.000416"/>
</kw>
<kw name="Dictionary Should Contain Key" owner="Collections">
<msg time="2024-05-28T03:16:06.431891" level="INFO">False</msg>
<arg>${json_data['results'][0]['login']}</arg>
<arg>${keyTwo}</arg>
<doc>Fails if ``key`` is not found from ``dictionary``.</doc>
<status status="PASS" start="2024-05-28T03:16:06.431513" elapsed="0.000415"/>
</kw>
<kw name="Log" owner="BuiltIn">
<msg time="2024-05-28T03:16:06.432371" level="INFO">username</msg>
<arg>${keyTwo}</arg>
<doc>Logs the given message with the given level.</doc>
<status status="PASS" start="2024-05-28T03:16:06.432240" elapsed="0.000168"/>
</kw>
<var name="${keyTwo}">username</var>
<status status="PASS" start="2024-05-28T03:16:06.430694" elapsed="0.001956"/>
</iter>
<iter>
<kw name="Dictionary Should Contain Key" owner="Collections">
<msg time="2024-05-28T03:16:06.433313" level="INFO">False</msg>
<arg>${json_data['results'][0]['login']}</arg>
<arg>${keyTwo}</arg>
<doc>Fails if ``key`` is not found from ``dictionary``.</doc>
<status status="PASS" start="2024-05-28T03:16:06.432940" elapsed="0.000410"/>
</kw>
<kw name="Dictionary Should Contain Key" owner="Collections">
<msg time="2024-05-28T03:16:06.434011" level="INFO">False</msg>
<arg>${json_data['results'][0]['login']}</arg>
<arg>${keyTwo}</arg>
<doc>Fails if ``key`` is not found from ``dictionary``.</doc>
<status status="PASS" start="2024-05-28T03:16:06.433641" elapsed="0.000406"/>
</kw>
<kw name="Log" owner="BuiltIn">
<msg time="2024-05-28T03:16:06.434460" level="INFO">password</msg>
<arg>${keyTwo}</arg>
<doc>Logs the given message with the given level.</doc>
<status status="PASS" start="2024-05-28T03:16:06.434335" elapsed="0.000161"/>
</kw>
<var name="${keyTwo}">password</var>
<status status="PASS" start="2024-05-28T03:16:06.432820" elapsed="0.001888"/>
</iter>
<var>${keyTwo}</var>
<value>@{expected_keysTwo}</value>
<status status="PASS" start="2024-05-28T03:16:06.430542" elapsed="0.004285"/>
</for>
<status status="PASS" start="2024-05-28T03:16:06.313472" elapsed="0.121495"/>
</kw>
<doc>Testa a estrutura da resposta da API.</doc>
<tag>testeEstruturaResposta</tag>
<status status="PASS" start="2024-05-28T03:16:06.312948" elapsed="0.122174"/>
</test>
<test id="s1-s1-t4" name="Validar tipos de dados" line="28">
<kw name="Teste de Tipos de Dados" owner="random-user-service">
<kw name="GET On Session" owner="RequestsLibrary">
<msg time="2024-05-28T03:16:06.507807" level="INFO">GET Request : url=https://randomuser.me/api 
 path_url=/api 
 headers={'User-Agent': 'python-requests/2.32.2', 'Accept-Encoding': 'gzip, deflate', 'Accept': '*/*', 'Connection': 'keep-alive'} 
 body=None 
 </msg>
<msg time="2024-05-28T03:16:06.507895" level="INFO">GET Response : url=https://randomuser.me/api 
 status=200, reason=OK 
 headers={'Date': 'Tue, 28 May 2024 03:16:06 GMT', 'Content-Type': 'application/json; charset=utf-8', 'Transfer-Encoding': 'chunked', 'Connection': 'keep-alive', 'X-Powered-By': 'Express', 'Access-Control-Allow-Origin': '*', 'Cache-Control': 'no-cache', 'ETag': 'W/"467-7xIL7ZPJr9qz0pqXE6TMicEbha0"', 'Vary': 'Accept-Encoding', 'Content-Encoding': 'gzip', 'CF-Cache-Status': 'DYNAMIC', 'Report-To': '{"endpoints":[{"url":"https:\\/\\/a.nel.cloudflare.com\\/report\\/v4?s=EwDkp2VByYfUYyNP5jleoMlC4TTOh%2BtJ%2BD7ykwgLUDQpxPx3H5HKSyEoGgJ4%2FNiaF8Ij0psHdOX1rlGvYkks7Q6QshiIWdFLvyo5%2Bfmu48TIRKkFNlyhZwa%2FL2wvtu2o"}],"group":"cf-nel","max_age":604800}', 'NEL': '{"success_fraction":0,"report_to":"cf-nel","max_age":604800}', 'Server': 'cloudflare', 'CF-RAY': '88ab15843e202ade-ORD', 'alt-svc': 'h3=":443"; ma=86400'} 
 body={"results":[{"gender":"male","name":{"title":"Mr","first":"Jeppe","last":"Jensen"},"location":{"street":{"number":1101,"name":"Gefionsvej"},"city":"Sørvad","state":"Midtjylland","country":"Denmark","postcode":52100,"coordinates":{"latitude":"-43.7095","longitude":"-94.5894"},"timezone":{"offset":"+5:45","description":"Kathmandu"}},"email":"jeppe.jensen@example.com","login":{"uuid":"63b13d57-c4ac-4cbd-bf50-5033c3d3d768","username":"greenbear432","password":"woody1","salt":"UtMXXT2B","md5":"a30004c4829cbb57f3364f7326f1cd6d","sha1":"7c851ed69710ba15750837f83c66a2835f13904f","sha256":"053d5bf08239fbe0f13ee0841b23e461e5a5786afbaa2e395cedefcca721771c"},"dob":{"date":"1946-08-09T12:08:27.745Z","age":77},"registered":{"date":"2006-04-04T20:58:44.224Z","age":18},"phone":"72828435","cell":"22574955","id":{"name":"CPR","value":"090846-3798"},"picture":{"large":"https://randomuser.me/api/portraits/men/20.jpg","medium":"https://randomuser.me/api/portraits/med/men/20.jpg","thumbnail":"https://randomuser.me/api/portraits/thumb/men/20.jpg"},"nat":"DK"}],"info":{"seed":"dd1540c4de921167","results":1,"page":1,"version":"1.4"}} 
 </msg>
<msg time="2024-05-28T03:16:06.507961" level="INFO">/opt/hostedtoolcache/Python/3.12.3/x64/lib/python3.12/site-packages/urllib3/connectionpool.py:1103: InsecureRequestWarning: Unverified HTTPS request is being made to host 'randomuser.me'. Adding certificate verification is strongly advised. See: https://urllib3.readthedocs.io/en/latest/advanced-usage.html#tls-warnings
  warnings.warn(</msg>
<msg time="2024-05-28T03:16:06.508081" level="INFO">${response} = &lt;Response [200]&gt;</msg>
<var>${response}</var>
<arg>consultarAPI</arg>
<arg>/api</arg>
<doc>Sends a GET request on a previously created HTTP Session.</doc>
<status status="PASS" start="2024-05-28T03:16:06.437650" elapsed="0.070474"/>
</kw>
<kw name="Set Variable" owner="BuiltIn">
<msg time="2024-05-28T03:16:06.509286" level="INFO">${json_data} = {'results': [{'gender': 'male', 'name': {'title': 'Mr', 'first': 'Jeppe', 'last': 'Jensen'}, 'location': {'street': {'number': 1101, 'name': 'Gefionsvej'}, 'city': 'Sørvad', 'state': 'Midtjylland', 'c...</msg>
<var>${json_data}</var>
<arg>${response.json()}</arg>
<doc>Returns the given values which can then be assigned to a variables.</doc>
<status status="PASS" start="2024-05-28T03:16:06.508725" elapsed="0.000591"/>
</kw>
<kw name="Log" owner="BuiltIn">
<msg time="2024-05-28T03:16:06.509782" level="INFO">{'results': [{'gender': 'male', 'name': {'title': 'Mr', 'first': 'Jeppe', 'last': 'Jensen'}, 'location': {'street': {'number': 1101, 'name': 'Gefionsvej'}, 'city': 'Sørvad', 'state': 'Midtjylland', 'country': 'Denmark', 'postcode': 52100, 'coordinates': {'latitude': '-43.7095', 'longitude': '-94.5894'}, 'timezone': {'offset': '+5:45', 'description': 'Kathmandu'}}, 'email': 'jeppe.jensen@example.com', 'login': {'uuid': '63b13d57-c4ac-4cbd-bf50-5033c3d3d768', 'username': 'greenbear432', 'password': 'woody1', 'salt': 'UtMXXT2B', 'md5': 'a30004c4829cbb57f3364f7326f1cd6d', 'sha1': '7c851ed69710ba15750837f83c66a2835f13904f', 'sha256': '053d5bf08239fbe0f13ee0841b23e461e5a5786afbaa2e395cedefcca721771c'}, 'dob': {'date': '1946-08-09T12:08:27.745Z', 'age': 77}, 'registered': {'date': '2006-04-04T20:58:44.224Z', 'age': 18}, 'phone': '72828435', 'cell': '22574955', 'id': {'name': 'CPR', 'value': '090846-3798'}, 'picture': {'large': 'https://randomuser.me/api/portraits/men/20.jpg', 'medium': 'https://randomuser.me/api/portraits/med/men/20.jpg', 'thumbnail': 'https://randomuser.me/api/portraits/thumb/men/20.jpg'}, 'nat': 'DK'}], 'info': {'seed': 'dd1540c4de921167', 'results': 1, 'page': 1, 'version': '1.4'}}</msg>
<arg>${json_data}</arg>
<doc>Logs the given message with the given level.</doc>
<status status="PASS" start="2024-05-28T03:16:06.509623" elapsed="0.000244"/>
</kw>
<kw name="Should Be String" owner="String">
<arg>${json_data['results'][0]['gender']}</arg>
<doc>Fails if the given ``item`` is not a string.</doc>
<status status="PASS" start="2024-05-28T03:16:06.510174" elapsed="0.000372"/>
</kw>
<kw name="Should Match Regexp" owner="BuiltIn">
<arg>${json_data['results'][0]['email']}</arg>
<arg>^[a-zA-Z0-9._%+-]+@[a-zA-Z0-9.-]+\.[a-zA-Z]{2,}$</arg>
<doc>Fails if ``string`` does not match ``pattern`` as a regular expression.</doc>
<status status="PASS" start="2024-05-28T03:16:06.510740" elapsed="0.000661"/>
</kw>
<kw name="Should Match Regexp" owner="BuiltIn">
<arg>${json_data['results'][0]['dob']['date']}</arg>
<arg>\\d{4}-\\d{2}-\\d{2}T\\d{2}:\\d{2}:\\d{2}\\.\\d{3}Z</arg>
<doc>Fails if ``string`` does not match ``pattern`` as a regular expression.</doc>
<status status="PASS" start="2024-05-28T03:16:06.511600" elapsed="0.000494"/>
</kw>
<kw name="Should Match Regexp" owner="BuiltIn">
<arg>${json_data['results'][0]['registered']['date']}</arg>
<arg>\\d{4}-\\d{2}-\\d{2}T\\d{2}:\\d{2}:\\d{2}\\.\\d{3}Z</arg>
<doc>Fails if ``string`` does not match ``pattern`` as a regular expression.</doc>
<status status="PASS" start="2024-05-28T03:16:06.512320" elapsed="0.000368"/>
</kw>
<kw name="Should Match Regexp" owner="BuiltIn">
<arg>${json_data['results'][0]['picture']['large']}</arg>
<arg>^https?://.*\.(?:png|jpe?g|gif|bmp)$</arg>
<doc>Fails if ``string`` does not match ``pattern`` as a regular expression.</doc>
<status status="PASS" start="2024-05-28T03:16:06.512876" elapsed="0.000456"/>
</kw>
<kw name="Should Match Regexp" owner="BuiltIn">
<arg>${json_data['results'][0]['picture']['medium']}</arg>
<arg>^https?://.*\.(?:png|jpe?g|gif|bmp)$</arg>
<doc>Fails if ``string`` does not match ``pattern`` as a regular expression.</doc>
<status status="PASS" start="2024-05-28T03:16:06.513521" elapsed="0.000348"/>
</kw>
<kw name="Should Match Regexp" owner="BuiltIn">
<arg>${json_data['results'][0]['picture']['thumbnail']}</arg>
<arg>^https?://.*\.(?:png|jpe?g|gif|bmp)$</arg>
<doc>Fails if ``string`` does not match ``pattern`` as a regular expression.</doc>
<status status="PASS" start="2024-05-28T03:16:06.514055" elapsed="0.000345"/>
</kw>
<kw name="Log" owner="BuiltIn">
<msg time="2024-05-28T03:16:06.514900" level="INFO">{'large': 'https://randomuser.me/api/portraits/men/20.jpg', 'medium': 'https://randomuser.me/api/portraits/med/men/20.jpg', 'thumbnail': 'https://randomuser.me/api/portraits/thumb/men/20.jpg'}</msg>
<arg>${json_data['results'][0]['picture']}</arg>
<doc>Logs the given message with the given level.</doc>
<status status="PASS" start="2024-05-28T03:16:06.514579" elapsed="0.000363"/>
</kw>
<status status="PASS" start="2024-05-28T03:16:06.437417" elapsed="0.077781"/>
</kw>
<kw name="Teste de Tipos de Dados - Postcode" owner="random-user-service">
<kw name="GET On Session" owner="RequestsLibrary">
<msg time="2024-05-28T03:16:06.610480" level="INFO">GET Request : url=https://randomuser.me/api 
 path_url=/api 
 headers={'User-Agent': 'python-requests/2.32.2', 'Accept-Encoding': 'gzip, deflate', 'Accept': '*/*', 'Connection': 'keep-alive'} 
 body=None 
 </msg>
<msg time="2024-05-28T03:16:06.610580" level="INFO">GET Response : url=https://randomuser.me/api 
 status=200, reason=OK 
 headers={'Date': 'Tue, 28 May 2024 03:16:06 GMT', 'Content-Type': 'application/json; charset=utf-8', 'Transfer-Encoding': 'chunked', 'Connection': 'keep-alive', 'X-Powered-By': 'Express', 'Access-Control-Allow-Origin': '*', 'Cache-Control': 'no-cache', 'ETag': 'W/"49e-kiLQ/yFeJEYtNkrlgwoMYGRF2Pc"', 'Vary': 'Accept-Encoding', 'Content-Encoding': 'gzip', 'CF-Cache-Status': 'DYNAMIC', 'Report-To': '{"endpoints":[{"url":"https:\\/\\/a.nel.cloudflare.com\\/report\\/v4?s=vaGD186ObVXktwNlWGcQCBxXrA96Ni8c17gByjKw8bOheL%2FBaHAUWH5FTzF%2FhV5gehrMAtdnlO8bZVo8rttrYJZ5pASW1VimyK87p%2BC6J6jknu%2BuNCF8BG6lFT4vcYts"}],"group":"cf-nel","max_age":604800}', 'NEL': '{"success_fraction":0,"report_to":"cf-nel","max_age":604800}', 'Server': 'cloudflare', 'CF-RAY': '88ab1584beb22ade-ORD', 'alt-svc': 'h3=":443"; ma=86400'} 
 body={"results":[{"gender":"female","name":{"title":"Mrs","first":"Wendy","last":"Espinoza"},"location":{"street":{"number":6770,"name":"Avenida Hidalgo"},"city":"Santa Ana de Allende","state":"Yucatan","country":"Mexico","postcode":37358,"coordinates":{"latitude":"27.7458","longitude":"86.9866"},"timezone":{"offset":"+2:00","description":"Kaliningrad, South Africa"}},"email":"wendy.espinoza@example.com","login":{"uuid":"f598a1cf-4b8b-4c48-9190-27a2a6466c3d","username":"angrycat506","password":"mouser","salt":"SGQVqFZe","md5":"5051b0799c36ecc8107d0b814f9c40e3","sha1":"029e549186712bf097aa2ce8f59bce5a6eebc248","sha256":"0e195b169a3c19a69c4606844d60afe69481ff455f2ceea05aad1aacccbf714f"},"dob":{"date":"1982-05-30T22:04:41.620Z","age":41},"registered":{"date":"2004-10-28T06:40:21.079Z","age":19},"phone":"(632) 437 2848","cell":"(616) 525 1899","id":{"name":"NSS","value":"78 31 20 4464 8"},"picture":{"large":"https://randomuser.me/api/portraits/women/63.jpg","medium":"https://randomuser.me/api/portraits/med/women/63.jpg","thumbnail":"https://randomuser.me/api/portraits/thumb/women/63.jpg"},"nat":"MX"}],"info":{"seed":"1c208bb162265dd8","results":1,"page":1,"version":"1.4"}} 
 </msg>
<msg time="2024-05-28T03:16:06.610658" level="INFO">/opt/hostedtoolcache/Python/3.12.3/x64/lib/python3.12/site-packages/urllib3/connectionpool.py:1103: InsecureRequestWarning: Unverified HTTPS request is being made to host 'randomuser.me'. Adding certificate verification is strongly advised. See: https://urllib3.readthedocs.io/en/latest/advanced-usage.html#tls-warnings
  warnings.warn(</msg>
<msg time="2024-05-28T03:16:06.610801" level="INFO">${response} = &lt;Response [200]&gt;</msg>
<var>${response}</var>
<arg>consultarAPI</arg>
<arg>/api</arg>
<doc>Sends a GET request on a previously created HTTP Session.</doc>
<status status="PASS" start="2024-05-28T03:16:06.515650" elapsed="0.095195"/>
</kw>
<kw name="Set Variable" owner="BuiltIn">
<msg time="2024-05-28T03:16:06.612025" level="INFO">${json_data} = {'results': [{'gender': 'female', 'name': {'title': 'Mrs', 'first': 'Wendy', 'last': 'Espinoza'}, 'location': {'street': {'number': 6770, 'name': 'Avenida Hidalgo'}, 'city': 'Santa Ana de Allende', 's...</msg>
<var>${json_data}</var>
<arg>${response.json()}</arg>
<doc>Returns the given values which can then be assigned to a variables.</doc>
<status status="PASS" start="2024-05-28T03:16:06.611442" elapsed="0.000610"/>
</kw>
<kw name="Log" owner="BuiltIn">
<msg time="2024-05-28T03:16:06.612557" level="INFO">{'results': [{'gender': 'female', 'name': {'title': 'Mrs', 'first': 'Wendy', 'last': 'Espinoza'}, 'location': {'street': {'number': 6770, 'name': 'Avenida Hidalgo'}, 'city': 'Santa Ana de Allende', 'state': 'Yucatan', 'country': 'Mexico', 'postcode': 37358, 'coordinates': {'latitude': '27.7458', 'longitude': '86.9866'}, 'timezone': {'offset': '+2:00', 'description': 'Kaliningrad, South Africa'}}, 'email': 'wendy.espinoza@example.com', 'login': {'uuid': 'f598a1cf-4b8b-4c48-9190-27a2a6466c3d', 'username': 'angrycat506', 'password': 'mouser', 'salt': 'SGQVqFZe', 'md5': '5051b0799c36ecc8107d0b814f9c40e3', 'sha1': '029e549186712bf097aa2ce8f59bce5a6eebc248', 'sha256': '0e195b169a3c19a69c4606844d60afe69481ff455f2ceea05aad1aacccbf714f'}, 'dob': {'date': '1982-05-30T22:04:41.620Z', 'age': 41}, 'registered': {'date': '2004-10-28T06:40:21.079Z', 'age': 19}, 'phone': '(632) 437 2848', 'cell': '(616) 525 1899', 'id': {'name': 'NSS', 'value': '78 31 20 4464 8'}, 'picture': {'large': 'https://randomuser.me/api/portraits/women/63.jpg', 'medium': 'https://randomuser.me/api/portraits/med/women/63.jpg', 'thumbnail': 'https://randomuser.me/api/portraits/thumb/women/63.jpg'}, 'nat': 'MX'}], 'info': {'seed': '1c208bb162265dd8', 'results': 1, 'page': 1, 'version': '1.4'}}</msg>
<arg>${json_data}</arg>
<doc>Logs the given message with the given level.</doc>
<status status="PASS" start="2024-05-28T03:16:06.612398" elapsed="0.000240"/>
</kw>
<kw name="Should Be Equal As Numbers" owner="BuiltIn">
<arg>${json_data['results'][0]['location']['postcode']}</arg>
<arg>${json_data['results'][0]['location']['postcode']}</arg>
<doc>Fails if objects are unequal after converting them to real numbers.</doc>
<status status="PASS" start="2024-05-28T03:16:06.612943" elapsed="0.000613"/>
</kw>
<kw name="Log" owner="BuiltIn">
<msg time="2024-05-28T03:16:06.614087" level="INFO">37358</msg>
<arg>${json_data['results'][0]['location']['postcode']}</arg>
<doc>Logs the given message with the given level.</doc>
<status status="PASS" start="2024-05-28T03:16:06.613752" elapsed="0.000374"/>
</kw>
<status status="PASS" start="2024-05-28T03:16:06.515419" elapsed="0.098960"/>
</kw>
<doc>Testa se os tipos de dados na resposta da API estão corretos.</doc>
<tag>testeTiposDados</tag>
<status status="PASS" start="2024-05-28T03:16:06.436931" elapsed="0.177615"/>
</test>
<test id="s1-s1-t5" name="Validar conteudo" line="35">
<kw name="Teste de Tipos de Conteudo" owner="random-user-service">
<kw name="GET On Session" owner="RequestsLibrary">
<msg time="2024-05-28T03:16:06.718103" level="INFO">GET Request : url=https://randomuser.me/api 
 path_url=/api 
 headers={'User-Agent': 'python-requests/2.32.2', 'Accept-Encoding': 'gzip, deflate', 'Accept': '*/*', 'Connection': 'keep-alive'} 
 body=None 
 </msg>
<msg time="2024-05-28T03:16:06.718177" level="INFO">GET Response : url=https://randomuser.me/api 
 status=200, reason=OK 
 headers={'Date': 'Tue, 28 May 2024 03:16:06 GMT', 'Content-Type': 'application/json; charset=utf-8', 'Transfer-Encoding': 'chunked', 'Connection': 'keep-alive', 'X-Powered-By': 'Express', 'Access-Control-Allow-Origin': '*', 'Cache-Control': 'no-cache', 'ETag': 'W/"49f-KfUHjiFho+OmWQH0VCEDbzWTTbI"', 'Vary': 'Accept-Encoding', 'Content-Encoding': 'gzip', 'CF-Cache-Status': 'DYNAMIC', 'Report-To': '{"endpoints":[{"url":"https:\\/\\/a.nel.cloudflare.com\\/report\\/v4?s=na2hP8floR%2FdIjgmN2uGFSj%2FfBWtotS99QEM06PBu7EeA31FGrKj0xlGvrQww0J9ob1iglrf8jY5CnZeDCR5daHpmr54J8MbctHMVBinArmSdbTNOCOAMfJYe1M92j5U"}],"group":"cf-nel","max_age":604800}', 'NEL': '{"success_fraction":0,"report_to":"cf-nel","max_age":604800}', 'Server': 'cloudflare', 'CF-RAY': '88ab15855f472ade-ORD', 'alt-svc': 'h3=":443"; ma=86400'} 
 body={"results":[{"gender":"male","name":{"title":"Mr","first":"Joe","last":"Henderson"},"location":{"street":{"number":5690,"name":"Brick Kiln Road"},"city":"Worcester","state":"Humberside","country":"United Kingdom","postcode":"SA1L 6PD","coordinates":{"latitude":"-5.0470","longitude":"-67.9561"},"timezone":{"offset":"+5:30","description":"Bombay, Calcutta, Madras, New Delhi"}},"email":"joe.henderson@example.com","login":{"uuid":"86b90f8d-f103-44e8-ac29-27ff815e7224","username":"blackmouse256","password":"shawn","salt":"7faoq4HQ","md5":"a92d21f9d874be925c659286e8c8eac8","sha1":"0df252e7c044adbb48713bcd7a03db77f1f169e0","sha256":"ee31d9a90dbe058019ed6ec005bdad7f48a4fa7843e7d0899606b7509eb7efd1"},"dob":{"date":"1972-06-11T20:00:01.378Z","age":51},"registered":{"date":"2021-07-16T00:25:28.162Z","age":2},"phone":"023 2213 9928","cell":"07763 802741","id":{"name":"NINO","value":"RN 46 30 01 S"},"picture":{"large":"https://randomuser.me/api/portraits/men/97.jpg","medium":"https://randomuser.me/api/portraits/med/men/97.jpg","thumbnail":"https://randomuser.me/api/portraits/thumb/men/97.jpg"},"nat":"GB"}],"info":{"seed":"50f9709a835b10e6","results":1,"page":1,"version":"1.4"}} 
 </msg>
<msg time="2024-05-28T03:16:06.718239" level="INFO">/opt/hostedtoolcache/Python/3.12.3/x64/lib/python3.12/site-packages/urllib3/connectionpool.py:1103: InsecureRequestWarning: Unverified HTTPS request is being made to host 'randomuser.me'. Adding certificate verification is strongly advised. See: https://urllib3.readthedocs.io/en/latest/advanced-usage.html#tls-warnings
  warnings.warn(</msg>
<msg time="2024-05-28T03:16:06.718335" level="INFO">${response} = &lt;Response [200]&gt;</msg>
<var>${response}</var>
<arg>consultarAPI</arg>
<arg>/api</arg>
<doc>Sends a GET request on a previously created HTTP Session.</doc>
<status status="PASS" start="2024-05-28T03:16:06.617062" elapsed="0.101312"/>
</kw>
<kw name="Set Variable" owner="BuiltIn">
<msg time="2024-05-28T03:16:06.719474" level="INFO">${json_data} = {'results': [{'gender': 'male', 'name': {'title': 'Mr', 'first': 'Joe', 'last': 'Henderson'}, 'location': {'street': {'number': 5690, 'name': 'Brick Kiln Road'}, 'city': 'Worcester', 'state': 'Humbers...</msg>
<var>${json_data}</var>
<arg>${response.json()}</arg>
<doc>Returns the given values which can then be assigned to a variables.</doc>
<status status="PASS" start="2024-05-28T03:16:06.718901" elapsed="0.000601"/>
</kw>
<kw name="Set Variable" owner="BuiltIn">
<msg time="2024-05-28T03:16:06.720226" level="INFO">${name_title} = Mr</msg>
<var>${name_title}</var>
<arg>${json_data["results"][0]["name"]["title"]}</arg>
<doc>Returns the given values which can then be assigned to a variables.</doc>
<status status="PASS" start="2024-05-28T03:16:06.719807" elapsed="0.000447"/>
</kw>
<kw name="Create List" owner="BuiltIn">
<msg time="2024-05-28T03:16:06.720707" level="INFO">${allowed_titles} = ['Mr', 'Ms', 'Miss', 'Mrs', 'Madame', 'Monsieur']</msg>
<var>${allowed_titles}</var>
<arg>Mr</arg>
<arg>Ms</arg>
<arg>Miss</arg>
<arg>Mrs</arg>
<arg>Madame</arg>
<arg>Monsieur</arg>
<doc>Returns a list containing given items.</doc>
<status status="PASS" start="2024-05-28T03:16:06.720560" elapsed="0.000171"/>
</kw>
<kw name="List Should Contain Value" owner="Collections">
<msg time="2024-05-28T03:16:06.721208" level="INFO">False</msg>
<arg>${allowed_titles}</arg>
<arg>${name_title}</arg>
<doc>Fails if the ``value`` is not found from ``list``.</doc>
<status status="PASS" start="2024-05-28T03:16:06.721032" elapsed="0.000214"/>
</kw>
<kw name="Set Variable" owner="BuiltIn">
<msg time="2024-05-28T03:16:06.722068" level="INFO">${name_country} = GB</msg>
<var>${name_country}</var>
<arg>${json_data["results"][0]["nat"]}</arg>
<doc>Returns the given values which can then be assigned to a variables.</doc>
<status status="PASS" start="2024-05-28T03:16:06.721535" elapsed="0.000559"/>
</kw>
<kw name="Create List" owner="BuiltIn">
<msg time="2024-05-28T03:16:06.723005" level="INFO">${list_country} = ['AD', 'AE', 'AF', 'AG', 'AI', 'AL', 'AM', 'AO', 'AQ', 'AR', 'AS', 'AT', 'AU', 'AW', 'AX', 'AZ', 'BA', 'BB', 'BD', 'BE', 'BF', 'BG', 'BH', 'BI', 'BJ', 'BL', 'BM', 'BN', 'BO', 'BQ', 'BR', 'BS', 'BT', '...</msg>
<var>${list_country}</var>
<arg>AD</arg>
<arg>AE</arg>
<arg>AF</arg>
<arg>AG</arg>
<arg>AI</arg>
<arg>AL</arg>
<arg>AM</arg>
<arg>AO</arg>
<arg>AQ</arg>
<arg>AR</arg>
<arg>AS</arg>
<arg>AT</arg>
<arg>AU</arg>
<arg>AW</arg>
<arg>AX</arg>
<arg>AZ</arg>
<arg>BA</arg>
<arg>BB</arg>
<arg>BD</arg>
<arg>BE</arg>
<arg>BF</arg>
<arg>BG</arg>
<arg>BH</arg>
<arg>BI</arg>
<arg>BJ</arg>
<arg>BL</arg>
<arg>BM</arg>
<arg>BN</arg>
<arg>BO</arg>
<arg>BQ</arg>
<arg>BR</arg>
<arg>BS</arg>
<arg>BT</arg>
<arg>BV</arg>
<arg>BW</arg>
<arg>BY</arg>
<arg>BZ</arg>
<arg>CA</arg>
<arg>CC</arg>
<arg>CD</arg>
<arg>CF</arg>
<arg>CG</arg>
<arg>CH</arg>
<arg>CI</arg>
<arg>CK</arg>
<arg>CL</arg>
<arg>CM</arg>
<arg>CN</arg>
<arg>CO</arg>
<arg>CR</arg>
<arg>CU</arg>
<arg>CV</arg>
<arg>CW</arg>
<arg>CX</arg>
<arg>CY</arg>
<arg>CZ</arg>
<arg>DE</arg>
<arg>DJ</arg>
<arg>DK</arg>
<arg>DM</arg>
<arg>DO</arg>
<arg>DZ</arg>
<arg>EC</arg>
<arg>EE</arg>
<arg>EG</arg>
<arg>EH</arg>
<arg>ER</arg>
<arg>ES</arg>
<arg>ET</arg>
<arg>FI</arg>
<arg>FJ</arg>
<arg>FK</arg>
<arg>FM</arg>
<arg>FO</arg>
<arg>FR</arg>
<arg>GA</arg>
<arg>GB</arg>
<arg>GD</arg>
<arg>GE</arg>
<arg>GF</arg>
<arg>GG</arg>
<arg>GH</arg>
<arg>GI</arg>
<arg>GL</arg>
<arg>GM</arg>
<arg>GN</arg>
<arg>GP</arg>
<arg>GQ</arg>
<arg>GR</arg>
<arg>GS</arg>
<arg>GT</arg>
<arg>GU</arg>
<arg>GW</arg>
<arg>GY</arg>
<arg>HK</arg>
<arg>HM</arg>
<arg>HN</arg>
<arg>HR</arg>
<arg>HT</arg>
<arg>HU</arg>
<arg>ID</arg>
<arg>IE</arg>
<arg>IL</arg>
<arg>IM</arg>
<arg>IN</arg>
<arg>IO</arg>
<arg>IQ</arg>
<arg>IR</arg>
<arg>IS</arg>
<arg>IT</arg>
<arg>JE</arg>
<arg>JM</arg>
<arg>JO</arg>
<arg>JP</arg>
<arg>KE</arg>
<arg>KG</arg>
<arg>KH</arg>
<arg>KI</arg>
<arg>KM</arg>
<arg>KN</arg>
<arg>KP</arg>
<arg>KR</arg>
<arg>KW</arg>
<arg>KY</arg>
<arg>KZ</arg>
<arg>LA</arg>
<arg>LB</arg>
<arg>LC</arg>
<arg>LI</arg>
<arg>LK</arg>
<arg>LR</arg>
<arg>LS</arg>
<arg>LT</arg>
<arg>LU</arg>
<arg>LV</arg>
<arg>LY</arg>
<arg>MA</arg>
<arg>MC</arg>
<arg>MD</arg>
<arg>ME</arg>
<arg>MF</arg>
<arg>MG</arg>
<arg>MH</arg>
<arg>MK</arg>
<arg>ML</arg>
<arg>MM</arg>
<arg>MN</arg>
<arg>MO</arg>
<arg>MP</arg>
<arg>MQ</arg>
<arg>MR</arg>
<arg>MS</arg>
<arg>MT</arg>
<arg>MU</arg>
<arg>MV</arg>
<arg>MW</arg>
<arg>MX</arg>
<arg>MY</arg>
<arg>MZ</arg>
<arg>NA</arg>
<arg>NC</arg>
<arg>NE</arg>
<arg>NF</arg>
<arg>NG</arg>
<arg>NI</arg>
<arg>NL</arg>
<arg>NO</arg>
<arg>NP</arg>
<arg>NR</arg>
<arg>NU</arg>
<arg>NZ</arg>
<arg>OM</arg>
<arg>PA</arg>
<arg>PE</arg>
<arg>PF</arg>
<arg>PG</arg>
<arg>PH</arg>
<arg>PK</arg>
<arg>PL</arg>
<arg>PM</arg>
<arg>PN</arg>
<arg>PR</arg>
<arg>PS</arg>
<arg>PT</arg>
<arg>PW</arg>
<arg>PY</arg>
<arg>QA</arg>
<arg>RE</arg>
<arg>RO</arg>
<arg>RS</arg>
<arg>RU</arg>
<arg>RW</arg>
<arg>SA</arg>
<arg>SB</arg>
<arg>SC</arg>
<arg>SD</arg>
<arg>SE</arg>
<arg>SG</arg>
<arg>SH</arg>
<arg>SI</arg>
<arg>SJ</arg>
<arg>SK</arg>
<arg>SL</arg>
<arg>SM</arg>
<arg>SN</arg>
<arg>SO</arg>
<arg>SR</arg>
<arg>SS</arg>
<arg>ST</arg>
<arg>SV</arg>
<arg>SX</arg>
<arg>SY</arg>
<arg>SZ</arg>
<arg>TC</arg>
<arg>TD</arg>
<arg>TF</arg>
<arg>TG</arg>
<arg>TH</arg>
<arg>TJ</arg>
<arg>TK</arg>
<arg>TL</arg>
<arg>TM</arg>
<arg>TN</arg>
<arg>TO</arg>
<arg>TR</arg>
<arg>TT</arg>
<arg>TV</arg>
<arg>TW</arg>
<arg>TZ</arg>
<arg>UA</arg>
<arg>UG</arg>
<arg>UM</arg>
<arg>US</arg>
<arg>UY</arg>
<arg>UZ</arg>
<arg>VA</arg>
<arg>VC</arg>
<arg>VE</arg>
<arg>VG</arg>
<arg>VI</arg>
<arg>VN</arg>
<arg>VU</arg>
<arg>WF</arg>
<arg>WS</arg>
<arg>XK</arg>
<arg>YE</arg>
<arg>YT</arg>
<arg>ZA</arg>
<arg>ZM</arg>
<arg>ZW</arg>
<doc>Returns a list containing given items.</doc>
<status status="PASS" start="2024-05-28T03:16:06.722406" elapsed="0.000623"/>
</kw>
<kw name="List Should Contain Value" owner="Collections">
<msg time="2024-05-28T03:16:06.724007" level="INFO">False</msg>
<arg>${list_country}</arg>
<arg>${name_country}</arg>
<doc>Fails if the ``value`` is not found from ``list``.</doc>
<status status="PASS" start="2024-05-28T03:16:06.723808" elapsed="0.000234"/>
</kw>
<kw name="Run Keyword If" owner="BuiltIn">
<kw name="Should Be True" owner="BuiltIn">
<arg>${True}</arg>
<doc>Fails if the given condition is not true.</doc>
<status status="PASS" start="2024-05-28T03:16:06.725136" elapsed="0.000143"/>
</kw>
<arg>${json_data["results"][0]["location"]["coordinates"]["latitude"]} &gt;= -90 and ${json_data["results"][0]["location"]["coordinates"]["latitude"]} &lt;= 90</arg>
<arg>Should Be True</arg>
<arg>${True}</arg>
<doc>Runs the given keyword with the given arguments, if ``condition`` is true.</doc>
<status status="PASS" start="2024-05-28T03:16:06.724382" elapsed="0.001023"/>
</kw>
<kw name="Run Keyword If" owner="BuiltIn">
<kw name="Should Be True" owner="BuiltIn">
<arg>${True}</arg>
<doc>Fails if the given condition is not true.</doc>
<status status="PASS" start="2024-05-28T03:16:06.726275" elapsed="0.000134"/>
</kw>
<arg>${json_data["results"][0]["location"]["coordinates"]["longitude"]} &gt;= -180 and ${json_data["results"][0]["location"]["coordinates"]["longitude"]} &lt;= 180</arg>
<arg>Should Be True</arg>
<arg>${True}</arg>
<doc>Runs the given keyword with the given arguments, if ``condition`` is true.</doc>
<status status="PASS" start="2024-05-28T03:16:06.725588" elapsed="0.000942"/>
</kw>
<status status="PASS" start="2024-05-28T03:16:06.616828" elapsed="0.109828"/>
</kw>
<doc>Testa o conteúdo específico dos campos retornados pela API.</doc>
<tag>testeConteudo</tag>
<status status="PASS" start="2024-05-28T03:16:06.616300" elapsed="0.110498"/>
</test>
<status status="PASS" start="2024-05-28T03:16:05.723891" elapsed="1.004911"/>
</suite>
<status status="PASS" start="2024-05-28T03:16:05.710244" elapsed="1.023741"/>
</suite>
<statistics>
<total>
<stat pass="5" fail="0" skip="0">All Tests</stat>
</total>
<tag>
<stat pass="1" fail="0" skip="0">testeConteudo</stat>
<stat pass="1" fail="0" skip="0">testeEstruturaResposta</stat>
<stat pass="1" fail="0" skip="0">testeRequisicaoBasica</stat>
<stat pass="1" fail="0" skip="0">testeTiposDados</stat>
</tag>
<suite>
<stat pass="5" fail="0" skip="0" id="s1" name="Tests">Tests</stat>
<stat pass="5" fail="0" skip="0" id="s1-s1" name="Random-User-Test">Tests.Random-User-Test</stat>
</suite>
</statistics>
<errors>
</errors>
</robot>
