<?xml version="1.0" encoding="UTF-8"?>
<robot generator="Robot 7.0 (Python 3.12.2 on linux)" generated="2024-03-22T20:13:47.601257" rpa="false" schemaversion="5">
<suite id="s1" name="Tests" source="/home/runner/work/DesafioQAItauRogerioJordao/DesafioQAItauRogerioJordao/RamdonUser/tests">
<suite id="s1-s1" name="Random-User-Test" source="/home/runner/work/DesafioQAItauRogerioJordao/DesafioQAItauRogerioJordao/RamdonUser/tests/random-user-test.robot">
<test id="s1-s1-t1" name="Conectar" line="13">
<kw name="Conectar API" owner="random-user-service">
<kw name="Create Session" owner="RequestsLibrary">
<msg time="2024-03-22T20:13:47.986905" level="INFO">Creating Session using : alias=consultarAPI, url=https://randomuser.me/, headers={},                     cookies={}, auth=None, timeout=None, proxies=None, verify=False,                     debug=0 </msg>
<arg>consultarAPI</arg>
<arg>${URL}</arg>
<doc>Create Session: create a HTTP session to a server</doc>
<status status="PASS" start="2024-03-22T20:13:47.986668" elapsed="0.000444"/>
</kw>
<status status="PASS" start="2024-03-22T20:13:47.985531" elapsed="0.001985"/>
</kw>
<status status="PASS" start="2024-03-22T20:13:47.984843" elapsed="0.002889"/>
</test>
<test id="s1-s1-t2" name="Validar retorno 200 e JSON Válido" line="16">
<kw name="Teste de Requisicao Basica" owner="random-user-service">
<kw name="GET On Session" owner="RequestsLibrary">
<msg time="2024-03-22T20:13:48.063790" level="INFO">GET Request : url=https://randomuser.me/api 
 path_url=/api 
 headers={'User-Agent': 'python-requests/2.31.0', 'Accept-Encoding': 'gzip, deflate', 'Accept': '*/*', 'Connection': 'keep-alive'} 
 body=None 
 </msg>
<msg time="2024-03-22T20:13:48.063982" level="INFO">GET Response : url=https://randomuser.me/api 
 status=200, reason=OK 
 headers={'Date': 'Fri, 22 Mar 2024 20:13:48 GMT', 'Content-Type': 'application/json; charset=utf-8', 'Transfer-Encoding': 'chunked', 'Connection': 'keep-alive', 'X-Powered-By': 'Express', 'Access-Control-Allow-Origin': '*', 'Cache-Control': 'no-cache', 'ETag': 'W/"497-3uFRnwjFScTGm8uQzHAbcCHeGwE"', 'Vary': 'Accept-Encoding', 'Content-Encoding': 'gzip', 'CF-Cache-Status': 'DYNAMIC', 'Report-To': '{"endpoints":[{"url":"https:\\/\\/a.nel.cloudflare.com\\/report\\/v4?s=onOT78%2FX6zOQ4hKjtFkZdH3HM3Qqs%2BrDG6C0BCYgUlAMEwHMOKlXhyYSRvOxi13IX%2Bni6yjqeKXY5ED1OtDlk6eAvwBzYI6zH4XLec4%2BH%2FM%2BhR1UhjsH2TFd4BvQHg0H"}],"group":"cf-nel","max_age":604800}', 'NEL': '{"success_fraction":0,"report_to":"cf-nel","max_age":604800}', 'Server': 'cloudflare', 'CF-RAY': '8688d8271fb22057-IAD', 'alt-svc': 'h3=":443"; ma=86400'} 
 body={"results":[{"gender":"male","name":{"title":"Mr","first":"Gabriel","last":"Moura"},"location":{"street":{"number":1638,"name":"Rua Treze "},"city":"Botucatu","state":"Mato Grosso","country":"Brazil","postcode":55707,"coordinates":{"latitude":"-77.5573","longitude":"-160.7865"},"timezone":{"offset":"+8:00","description":"Beijing, Perth, Singapore, Hong Kong"}},"email":"gabriel.moura@example.com","login":{"uuid":"6ad2d268-d11e-439c-ae93-ad96b6d53e89","username":"purpleelephant705","password":"trash","salt":"Zge4nKXQ","md5":"4c589d294d91d49e3efa9313dad18cf4","sha1":"7b2053c73d3319d8d52cbf015edcca72770efc35","sha256":"0a81ff4db094191aa615c619af513107e5c23f396879fc827fbd875150a1f336"},"dob":{"date":"1992-04-13T22:33:56.931Z","age":31},"registered":{"date":"2014-07-26T15:31:51.188Z","age":9},"phone":"(73) 8329-5651","cell":"(26) 4304-3497","id":{"name":"CPF","value":"137.598.075-21"},"picture":{"large":"https://randomuser.me/api/portraits/men/43.jpg","medium":"https://randomuser.me/api/portraits/med/men/43.jpg","thumbnail":"https://randomuser.me/api/portraits/thumb/men/43.jpg"},"nat":"BR"}],"info":{"seed":"8b54d2a00560b997","results":1,"page":1,"version":"1.4"}} 
 </msg>
<msg time="2024-03-22T20:13:48.064126" level="INFO">/opt/hostedtoolcache/Python/3.12.2/x64/lib/python3.12/site-packages/urllib3/connectionpool.py:1103: InsecureRequestWarning: Unverified HTTPS request is being made to host 'randomuser.me'. Adding certificate verification is strongly advised. See: https://urllib3.readthedocs.io/en/latest/advanced-usage.html#tls-warnings
  warnings.warn(</msg>
<msg time="2024-03-22T20:13:48.064331" level="INFO">${response} = &lt;Response [200]&gt;</msg>
<var>${response}</var>
<arg>consultarAPI</arg>
<arg>/api</arg>
<doc>Sends a GET request on a previously created HTTP Session.</doc>
<status status="PASS" start="2024-03-22T20:13:47.990450" elapsed="0.073943"/>
</kw>
<kw name="Should Be Equal As Numbers" owner="BuiltIn">
<msg time="2024-03-22T20:13:48.065555" level="INFO">Argument types are:
&lt;class 'int'&gt;
&lt;class 'str'&gt;</msg>
<arg>${response.status_code}</arg>
<arg>200</arg>
<doc>Fails if objects are unequal after converting them to real numbers.</doc>
<status status="PASS" start="2024-03-22T20:13:48.065057" elapsed="0.000572"/>
</kw>
<kw name="Log" owner="BuiltIn">
<msg time="2024-03-22T20:13:48.066433" level="INFO">200</msg>
<arg>${response.status_code}</arg>
<doc>Logs the given message with the given level.</doc>
<status status="PASS" start="2024-03-22T20:13:48.066027" elapsed="0.000454"/>
</kw>
<kw name="Set Variable" owner="BuiltIn">
<msg time="2024-03-22T20:13:48.067351" level="INFO">${json_data} = {'results': [{'gender': 'male', 'name': {'title': 'Mr', 'first': 'Gabriel', 'last': 'Moura'}, 'location': {'street': {'number': 1638, 'name': 'Rua Treze '}, 'city': 'Botucatu', 'state': 'Mato Grosso',...</msg>
<var>${json_data}</var>
<arg>${response.json()}</arg>
<doc>Returns the given values which can then be assigned to a variables.</doc>
<status status="PASS" start="2024-03-22T20:13:48.066868" elapsed="0.000513"/>
</kw>
<kw name="Dictionary Should Contain Key" owner="Collections">
<msg time="2024-03-22T20:13:48.067905" level="INFO">False</msg>
<arg>${json_data}</arg>
<arg>results</arg>
<doc>Fails if ``key`` is not found from ``dictionary``.</doc>
<status status="PASS" start="2024-03-22T20:13:48.067718" elapsed="0.000230"/>
</kw>
<status status="PASS" start="2024-03-22T20:13:47.990175" elapsed="0.078044"/>
</kw>
<doc>Testa se a API responde corretamente e retorna um objeto JSON válido.</doc>
<tag>testeRequisicaoBasica</tag>
<status status="PASS" start="2024-03-22T20:13:47.989660" elapsed="0.078757"/>
</test>
<test id="s1-s1-t3" name="Validar estrutura de resposta" line="22">
<kw name="Teste de Estrutura de Resposta" owner="random-user-service">
<kw name="GET On Session" owner="RequestsLibrary">
<msg time="2024-03-22T20:13:48.164851" level="INFO">GET Request : url=https://randomuser.me/api 
 path_url=/api 
 headers={'User-Agent': 'python-requests/2.31.0', 'Accept-Encoding': 'gzip, deflate', 'Accept': '*/*', 'Connection': 'keep-alive'} 
 body=None 
 </msg>
<msg time="2024-03-22T20:13:48.164977" level="INFO">GET Response : url=https://randomuser.me/api 
 status=200, reason=OK 
 headers={'Date': 'Fri, 22 Mar 2024 20:13:48 GMT', 'Content-Type': 'application/json; charset=utf-8', 'Transfer-Encoding': 'chunked', 'Connection': 'keep-alive', 'X-Powered-By': 'Express', 'Access-Control-Allow-Origin': '*', 'Cache-Control': 'no-cache', 'ETag': 'W/"48e-u06W/iazJ6jvh7Nfm42g+XTbCz0"', 'Vary': 'Accept-Encoding', 'Content-Encoding': 'gzip', 'CF-Cache-Status': 'DYNAMIC', 'Report-To': '{"endpoints":[{"url":"https:\\/\\/a.nel.cloudflare.com\\/report\\/v4?s=gMlaRIypvObQObvpebH%2BBbtL2rxR19eOO5iNm5XkQ1qfHfzyRg0rxu1BRcdVTKS53Rk46AI%2Fd0hMkOD%2BC6EWJWVoLBy%2F587PPh%2FU8gGBGteuMqGNcmZ7eAvZKOZ2TOPZ"}],"group":"cf-nel","max_age":604800}', 'NEL': '{"success_fraction":0,"report_to":"cf-nel","max_age":604800}', 'Server': 'cloudflare', 'CF-RAY': '8688d82778192057-IAD', 'alt-svc': 'h3=":443"; ma=86400'} 
 body={"results":[{"gender":"male","name":{"title":"Mr","first":"Juan","last":"Bravo"},"location":{"street":{"number":7962,"name":"Calle de Segovia"},"city":"Pozuelo de Alarcón","state":"Comunidad Valenciana","country":"Spain","postcode":70170,"coordinates":{"latitude":"-37.9370","longitude":"-134.1206"},"timezone":{"offset":"+9:30","description":"Adelaide, Darwin"}},"email":"juan.bravo@example.com","login":{"uuid":"a1ec9b8a-2569-462e-960f-9e26579c7782","username":"beautifulwolf656","password":"hewlett","salt":"kwyLAi3g","md5":"a4f5b6dd4f11ab737a7a44ae7860bf15","sha1":"edb5db0604d9bef50175e2a472262763847565f3","sha256":"a22c68d246b78e92da90ab6d6a4faeb13e99d764ba076ccec9f7730b2031c5a1"},"dob":{"date":"1995-11-06T08:05:27.341Z","age":28},"registered":{"date":"2004-12-07T19:13:29.102Z","age":19},"phone":"934-574-451","cell":"665-699-231","id":{"name":"DNI","value":"69768555-N"},"picture":{"large":"https://randomuser.me/api/portraits/men/42.jpg","medium":"https://randomuser.me/api/portraits/med/men/42.jpg","thumbnail":"https://randomuser.me/api/portraits/thumb/men/42.jpg"},"nat":"ES"}],"info":{"seed":"ea55277a45e7fda1","results":1,"page":1,"version":"1.4"}} 
 </msg>
<msg time="2024-03-22T20:13:48.165142" level="INFO">/opt/hostedtoolcache/Python/3.12.2/x64/lib/python3.12/site-packages/urllib3/connectionpool.py:1103: InsecureRequestWarning: Unverified HTTPS request is being made to host 'randomuser.me'. Adding certificate verification is strongly advised. See: https://urllib3.readthedocs.io/en/latest/advanced-usage.html#tls-warnings
  warnings.warn(</msg>
<msg time="2024-03-22T20:13:48.165301" level="INFO">${response} = &lt;Response [200]&gt;</msg>
<var>${response}</var>
<arg>consultarAPI</arg>
<arg>/api</arg>
<doc>Sends a GET request on a previously created HTTP Session.</doc>
<status status="PASS" start="2024-03-22T20:13:48.071387" elapsed="0.093958"/>
</kw>
<kw name="Set Variable" owner="BuiltIn">
<msg time="2024-03-22T20:13:48.166442" level="INFO">${json_data} = {'results': [{'gender': 'male', 'name': {'title': 'Mr', 'first': 'Juan', 'last': 'Bravo'}, 'location': {'street': {'number': 7962, 'name': 'Calle de Segovia'}, 'city': 'Pozuelo de Alarcón', 'state': '...</msg>
<var>${json_data}</var>
<arg>${response.json()}</arg>
<doc>Returns the given values which can then be assigned to a variables.</doc>
<status status="PASS" start="2024-03-22T20:13:48.165885" elapsed="0.000587"/>
</kw>
<kw name="Log" owner="BuiltIn">
<msg time="2024-03-22T20:13:48.167048" level="INFO">{'results': [{'gender': 'male', 'name': {'title': 'Mr', 'first': 'Juan', 'last': 'Bravo'}, 'location': {'street': {'number': 7962, 'name': 'Calle de Segovia'}, 'city': 'Pozuelo de Alarcón', 'state': 'Comunidad Valenciana', 'country': 'Spain', 'postcode': 70170, 'coordinates': {'latitude': '-37.9370', 'longitude': '-134.1206'}, 'timezone': {'offset': '+9:30', 'description': 'Adelaide, Darwin'}}, 'email': 'juan.bravo@example.com', 'login': {'uuid': 'a1ec9b8a-2569-462e-960f-9e26579c7782', 'username': 'beautifulwolf656', 'password': 'hewlett', 'salt': 'kwyLAi3g', 'md5': 'a4f5b6dd4f11ab737a7a44ae7860bf15', 'sha1': 'edb5db0604d9bef50175e2a472262763847565f3', 'sha256': 'a22c68d246b78e92da90ab6d6a4faeb13e99d764ba076ccec9f7730b2031c5a1'}, 'dob': {'date': '1995-11-06T08:05:27.341Z', 'age': 28}, 'registered': {'date': '2004-12-07T19:13:29.102Z', 'age': 19}, 'phone': '934-574-451', 'cell': '665-699-231', 'id': {'name': 'DNI', 'value': '69768555-N'}, 'picture': {'large': 'https://randomuser.me/api/portraits/men/42.jpg', 'medium': 'https://randomuser.me/api/portraits/med/men/42.jpg', 'thumbnail': 'https://randomuser.me/api/portraits/thumb/men/42.jpg'}, 'nat': 'ES'}], 'info': {'seed': 'ea55277a45e7fda1', 'results': 1, 'page': 1, 'version': '1.4'}}</msg>
<arg>${json_data}</arg>
<doc>Logs the given message with the given level.</doc>
<status status="PASS" start="2024-03-22T20:13:48.166855" elapsed="0.000245"/>
</kw>
<kw name="Dictionary Should Contain Key" owner="Collections">
<msg time="2024-03-22T20:13:48.167605" level="INFO">False</msg>
<arg>${json_data}</arg>
<arg>results</arg>
<doc>Fails if ``key`` is not found from ``dictionary``.</doc>
<status status="PASS" start="2024-03-22T20:13:48.167436" elapsed="0.000219"/>
</kw>
<kw name="Should Not Be Empty" owner="BuiltIn">
<msg time="2024-03-22T20:13:48.168111" level="INFO">Length is 2.</msg>
<arg>${json_data}</arg>
<doc>Verifies that the given item is not empty.</doc>
<status status="PASS" start="2024-03-22T20:13:48.167972" elapsed="0.000178"/>
</kw>
<kw name="Create List" owner="BuiltIn">
<msg time="2024-03-22T20:13:48.168609" level="INFO">${expected_keys} = ['gender', 'name', 'location', 'email', 'login']</msg>
<var>${expected_keys}</var>
<arg>gender</arg>
<arg>name</arg>
<arg>location</arg>
<arg>email</arg>
<arg>login</arg>
<doc>Returns a list containing given items.</doc>
<status status="PASS" start="2024-03-22T20:13:48.168448" elapsed="0.000187"/>
</kw>
<for flavor="IN">
<iter>
<kw name="Dictionary Should Contain Key" owner="Collections">
<msg time="2024-03-22T20:13:48.169708" level="INFO">False</msg>
<arg>${json_data['results'][0]}</arg>
<arg>${key}</arg>
<doc>Fails if ``key`` is not found from ``dictionary``.</doc>
<status status="PASS" start="2024-03-22T20:13:48.169272" elapsed="0.000477"/>
</kw>
<kw name="Log" owner="BuiltIn">
<msg time="2024-03-22T20:13:48.170458" level="INFO">{'gender': 'male', 'name': {'title': 'Mr', 'first': 'Juan', 'last': 'Bravo'}, 'location': {'street': {'number': 7962, 'name': 'Calle de Segovia'}, 'city': 'Pozuelo de Alarcón', 'state': 'Comunidad Valenciana', 'country': 'Spain', 'postcode': 70170, 'coordinates': {'latitude': '-37.9370', 'longitude': '-134.1206'}, 'timezone': {'offset': '+9:30', 'description': 'Adelaide, Darwin'}}, 'email': 'juan.bravo@example.com', 'login': {'uuid': 'a1ec9b8a-2569-462e-960f-9e26579c7782', 'username': 'beautifulwolf656', 'password': 'hewlett', 'salt': 'kwyLAi3g', 'md5': 'a4f5b6dd4f11ab737a7a44ae7860bf15', 'sha1': 'edb5db0604d9bef50175e2a472262763847565f3', 'sha256': 'a22c68d246b78e92da90ab6d6a4faeb13e99d764ba076ccec9f7730b2031c5a1'}, 'dob': {'date': '1995-11-06T08:05:27.341Z', 'age': 28}, 'registered': {'date': '2004-12-07T19:13:29.102Z', 'age': 19}, 'phone': '934-574-451', 'cell': '665-699-231', 'id': {'name': 'DNI', 'value': '69768555-N'}, 'picture': {'large': 'https://randomuser.me/api/portraits/men/42.jpg', 'medium': 'https://randomuser.me/api/portraits/med/men/42.jpg', 'thumbnail': 'https://randomuser.me/api/portraits/thumb/men/42.jpg'}, 'nat': 'ES'}</msg>
<arg>${json_data['results'][0]}</arg>
<doc>Logs the given message with the given level.</doc>
<status status="PASS" start="2024-03-22T20:13:48.170064" elapsed="0.000450"/>
</kw>
<kw name="Log" owner="BuiltIn">
<msg time="2024-03-22T20:13:48.170958" level="INFO">gender</msg>
<arg>${key}</arg>
<doc>Logs the given message with the given level.</doc>
<status status="PASS" start="2024-03-22T20:13:48.170823" elapsed="0.000174"/>
</kw>
<var name="${key}">gender</var>
<status status="PASS" start="2024-03-22T20:13:48.169138" elapsed="0.002120"/>
</iter>
<iter>
<kw name="Dictionary Should Contain Key" owner="Collections">
<msg time="2024-03-22T20:13:48.172366" level="INFO">False</msg>
<arg>${json_data['results'][0]}</arg>
<arg>${key}</arg>
<doc>Fails if ``key`` is not found from ``dictionary``.</doc>
<status status="PASS" start="2024-03-22T20:13:48.171730" elapsed="0.000697"/>
</kw>
<kw name="Log" owner="BuiltIn">
<msg time="2024-03-22T20:13:48.173666" level="INFO">{'gender': 'male', 'name': {'title': 'Mr', 'first': 'Juan', 'last': 'Bravo'}, 'location': {'street': {'number': 7962, 'name': 'Calle de Segovia'}, 'city': 'Pozuelo de Alarcón', 'state': 'Comunidad Valenciana', 'country': 'Spain', 'postcode': 70170, 'coordinates': {'latitude': '-37.9370', 'longitude': '-134.1206'}, 'timezone': {'offset': '+9:30', 'description': 'Adelaide, Darwin'}}, 'email': 'juan.bravo@example.com', 'login': {'uuid': 'a1ec9b8a-2569-462e-960f-9e26579c7782', 'username': 'beautifulwolf656', 'password': 'hewlett', 'salt': 'kwyLAi3g', 'md5': 'a4f5b6dd4f11ab737a7a44ae7860bf15', 'sha1': 'edb5db0604d9bef50175e2a472262763847565f3', 'sha256': 'a22c68d246b78e92da90ab6d6a4faeb13e99d764ba076ccec9f7730b2031c5a1'}, 'dob': {'date': '1995-11-06T08:05:27.341Z', 'age': 28}, 'registered': {'date': '2004-12-07T19:13:29.102Z', 'age': 19}, 'phone': '934-574-451', 'cell': '665-699-231', 'id': {'name': 'DNI', 'value': '69768555-N'}, 'picture': {'large': 'https://randomuser.me/api/portraits/men/42.jpg', 'medium': 'https://randomuser.me/api/portraits/med/men/42.jpg', 'thumbnail': 'https://randomuser.me/api/portraits/thumb/men/42.jpg'}, 'nat': 'ES'}</msg>
<arg>${json_data['results'][0]}</arg>
<doc>Logs the given message with the given level.</doc>
<status status="PASS" start="2024-03-22T20:13:48.173034" elapsed="0.000710"/>
</kw>
<kw name="Log" owner="BuiltIn">
<msg time="2024-03-22T20:13:48.174398" level="INFO">name</msg>
<arg>${key}</arg>
<doc>Logs the given message with the given level.</doc>
<status status="PASS" start="2024-03-22T20:13:48.174189" elapsed="0.000274"/>
</kw>
<var name="${key}">name</var>
<status status="PASS" start="2024-03-22T20:13:48.171554" elapsed="0.003246"/>
</iter>
<iter>
<kw name="Dictionary Should Contain Key" owner="Collections">
<msg time="2024-03-22T20:13:48.175932" level="INFO">False</msg>
<arg>${json_data['results'][0]}</arg>
<arg>${key}</arg>
<doc>Fails if ``key`` is not found from ``dictionary``.</doc>
<status status="PASS" start="2024-03-22T20:13:48.175293" elapsed="0.000717"/>
</kw>
<kw name="Log" owner="BuiltIn">
<msg time="2024-03-22T20:13:48.177093" level="INFO">{'gender': 'male', 'name': {'title': 'Mr', 'first': 'Juan', 'last': 'Bravo'}, 'location': {'street': {'number': 7962, 'name': 'Calle de Segovia'}, 'city': 'Pozuelo de Alarcón', 'state': 'Comunidad Valenciana', 'country': 'Spain', 'postcode': 70170, 'coordinates': {'latitude': '-37.9370', 'longitude': '-134.1206'}, 'timezone': {'offset': '+9:30', 'description': 'Adelaide, Darwin'}}, 'email': 'juan.bravo@example.com', 'login': {'uuid': 'a1ec9b8a-2569-462e-960f-9e26579c7782', 'username': 'beautifulwolf656', 'password': 'hewlett', 'salt': 'kwyLAi3g', 'md5': 'a4f5b6dd4f11ab737a7a44ae7860bf15', 'sha1': 'edb5db0604d9bef50175e2a472262763847565f3', 'sha256': 'a22c68d246b78e92da90ab6d6a4faeb13e99d764ba076ccec9f7730b2031c5a1'}, 'dob': {'date': '1995-11-06T08:05:27.341Z', 'age': 28}, 'registered': {'date': '2004-12-07T19:13:29.102Z', 'age': 19}, 'phone': '934-574-451', 'cell': '665-699-231', 'id': {'name': 'DNI', 'value': '69768555-N'}, 'picture': {'large': 'https://randomuser.me/api/portraits/men/42.jpg', 'medium': 'https://randomuser.me/api/portraits/med/men/42.jpg', 'thumbnail': 'https://randomuser.me/api/portraits/thumb/men/42.jpg'}, 'nat': 'ES'}</msg>
<arg>${json_data['results'][0]}</arg>
<doc>Logs the given message with the given level.</doc>
<status status="PASS" start="2024-03-22T20:13:48.176484" elapsed="0.000692"/>
</kw>
<kw name="Log" owner="BuiltIn">
<msg time="2024-03-22T20:13:48.177853" level="INFO">location</msg>
<arg>${key}</arg>
<doc>Logs the given message with the given level.</doc>
<status status="PASS" start="2024-03-22T20:13:48.177651" elapsed="0.000264"/>
</kw>
<var name="${key}">location</var>
<status status="PASS" start="2024-03-22T20:13:48.175117" elapsed="0.003160"/>
</iter>
<iter>
<kw name="Dictionary Should Contain Key" owner="Collections">
<msg time="2024-03-22T20:13:48.179436" level="INFO">False</msg>
<arg>${json_data['results'][0]}</arg>
<arg>${key}</arg>
<doc>Fails if ``key`` is not found from ``dictionary``.</doc>
<status status="PASS" start="2024-03-22T20:13:48.178792" elapsed="0.000712"/>
</kw>
<kw name="Log" owner="BuiltIn">
<msg time="2024-03-22T20:13:48.180619" level="INFO">{'gender': 'male', 'name': {'title': 'Mr', 'first': 'Juan', 'last': 'Bravo'}, 'location': {'street': {'number': 7962, 'name': 'Calle de Segovia'}, 'city': 'Pozuelo de Alarcón', 'state': 'Comunidad Valenciana', 'country': 'Spain', 'postcode': 70170, 'coordinates': {'latitude': '-37.9370', 'longitude': '-134.1206'}, 'timezone': {'offset': '+9:30', 'description': 'Adelaide, Darwin'}}, 'email': 'juan.bravo@example.com', 'login': {'uuid': 'a1ec9b8a-2569-462e-960f-9e26579c7782', 'username': 'beautifulwolf656', 'password': 'hewlett', 'salt': 'kwyLAi3g', 'md5': 'a4f5b6dd4f11ab737a7a44ae7860bf15', 'sha1': 'edb5db0604d9bef50175e2a472262763847565f3', 'sha256': 'a22c68d246b78e92da90ab6d6a4faeb13e99d764ba076ccec9f7730b2031c5a1'}, 'dob': {'date': '1995-11-06T08:05:27.341Z', 'age': 28}, 'registered': {'date': '2004-12-07T19:13:29.102Z', 'age': 19}, 'phone': '934-574-451', 'cell': '665-699-231', 'id': {'name': 'DNI', 'value': '69768555-N'}, 'picture': {'large': 'https://randomuser.me/api/portraits/men/42.jpg', 'medium': 'https://randomuser.me/api/portraits/med/men/42.jpg', 'thumbnail': 'https://randomuser.me/api/portraits/thumb/men/42.jpg'}, 'nat': 'ES'}</msg>
<arg>${json_data['results'][0]}</arg>
<doc>Logs the given message with the given level.</doc>
<status status="PASS" start="2024-03-22T20:13:48.180001" elapsed="0.000695"/>
</kw>
<kw name="Log" owner="BuiltIn">
<msg time="2024-03-22T20:13:48.181346" level="INFO">email</msg>
<arg>${key}</arg>
<doc>Logs the given message with the given level.</doc>
<status status="PASS" start="2024-03-22T20:13:48.181161" elapsed="0.000244"/>
</kw>
<var name="${key}">email</var>
<status status="PASS" start="2024-03-22T20:13:48.178586" elapsed="0.003135"/>
</iter>
<iter>
<kw name="Dictionary Should Contain Key" owner="Collections">
<msg time="2024-03-22T20:13:48.182738" level="INFO">False</msg>
<arg>${json_data['results'][0]}</arg>
<arg>${key}</arg>
<doc>Fails if ``key`` is not found from ``dictionary``.</doc>
<status status="PASS" start="2024-03-22T20:13:48.182174" elapsed="0.000606"/>
</kw>
<kw name="Log" owner="BuiltIn">
<msg time="2024-03-22T20:13:48.183486" level="INFO">{'gender': 'male', 'name': {'title': 'Mr', 'first': 'Juan', 'last': 'Bravo'}, 'location': {'street': {'number': 7962, 'name': 'Calle de Segovia'}, 'city': 'Pozuelo de Alarcón', 'state': 'Comunidad Valenciana', 'country': 'Spain', 'postcode': 70170, 'coordinates': {'latitude': '-37.9370', 'longitude': '-134.1206'}, 'timezone': {'offset': '+9:30', 'description': 'Adelaide, Darwin'}}, 'email': 'juan.bravo@example.com', 'login': {'uuid': 'a1ec9b8a-2569-462e-960f-9e26579c7782', 'username': 'beautifulwolf656', 'password': 'hewlett', 'salt': 'kwyLAi3g', 'md5': 'a4f5b6dd4f11ab737a7a44ae7860bf15', 'sha1': 'edb5db0604d9bef50175e2a472262763847565f3', 'sha256': 'a22c68d246b78e92da90ab6d6a4faeb13e99d764ba076ccec9f7730b2031c5a1'}, 'dob': {'date': '1995-11-06T08:05:27.341Z', 'age': 28}, 'registered': {'date': '2004-12-07T19:13:29.102Z', 'age': 19}, 'phone': '934-574-451', 'cell': '665-699-231', 'id': {'name': 'DNI', 'value': '69768555-N'}, 'picture': {'large': 'https://randomuser.me/api/portraits/men/42.jpg', 'medium': 'https://randomuser.me/api/portraits/med/men/42.jpg', 'thumbnail': 'https://randomuser.me/api/portraits/thumb/men/42.jpg'}, 'nat': 'ES'}</msg>
<arg>${json_data['results'][0]}</arg>
<doc>Logs the given message with the given level.</doc>
<status status="PASS" start="2024-03-22T20:13:48.183100" elapsed="0.000438"/>
</kw>
<kw name="Log" owner="BuiltIn">
<msg time="2024-03-22T20:13:48.183991" level="INFO">login</msg>
<arg>${key}</arg>
<doc>Logs the given message with the given level.</doc>
<status status="PASS" start="2024-03-22T20:13:48.183856" elapsed="0.000308"/>
</kw>
<var name="${key}">login</var>
<status status="PASS" start="2024-03-22T20:13:48.181984" elapsed="0.002437"/>
</iter>
<var>${key}</var>
<value>@{expected_keys}</value>
<status status="PASS" start="2024-03-22T20:13:48.168932" elapsed="0.015636"/>
</for>
<kw name="Create List" owner="BuiltIn">
<msg time="2024-03-22T20:13:48.184968" level="INFO">${expected_keysTwo} = ['username', 'password']</msg>
<var>${expected_keysTwo}</var>
<arg>username</arg>
<arg>password</arg>
<doc>Returns a list containing given items.</doc>
<status status="PASS" start="2024-03-22T20:13:48.184813" elapsed="0.000180"/>
</kw>
<for flavor="IN">
<iter>
<kw name="Dictionary Should Contain Key" owner="Collections">
<msg time="2024-03-22T20:13:48.185927" level="INFO">False</msg>
<arg>${json_data['results'][0]['login']}</arg>
<arg>${keyTwo}</arg>
<doc>Fails if ``key`` is not found from ``dictionary``.</doc>
<status status="PASS" start="2024-03-22T20:13:48.185529" elapsed="0.000438"/>
</kw>
<kw name="Dictionary Should Contain Key" owner="Collections">
<msg time="2024-03-22T20:13:48.186659" level="INFO">False</msg>
<arg>${json_data['results'][0]['login']}</arg>
<arg>${keyTwo}</arg>
<doc>Fails if ``key`` is not found from ``dictionary``.</doc>
<status status="PASS" start="2024-03-22T20:13:48.186273" elapsed="0.000425"/>
</kw>
<kw name="Log" owner="BuiltIn">
<msg time="2024-03-22T20:13:48.187130" level="INFO">username</msg>
<arg>${keyTwo}</arg>
<doc>Logs the given message with the given level.</doc>
<status status="PASS" start="2024-03-22T20:13:48.186996" elapsed="0.000173"/>
</kw>
<var name="${keyTwo}">username</var>
<status status="PASS" start="2024-03-22T20:13:48.185414" elapsed="0.001974"/>
</iter>
<iter>
<kw name="Dictionary Should Contain Key" owner="Collections">
<msg time="2024-03-22T20:13:48.188063" level="INFO">False</msg>
<arg>${json_data['results'][0]['login']}</arg>
<arg>${keyTwo}</arg>
<doc>Fails if ``key`` is not found from ``dictionary``.</doc>
<status status="PASS" start="2024-03-22T20:13:48.187678" elapsed="0.000426"/>
</kw>
<kw name="Dictionary Should Contain Key" owner="Collections">
<msg time="2024-03-22T20:13:48.189049" level="INFO">False</msg>
<arg>${json_data['results'][0]['login']}</arg>
<arg>${keyTwo}</arg>
<doc>Fails if ``key`` is not found from ``dictionary``.</doc>
<status status="PASS" start="2024-03-22T20:13:48.188415" elapsed="0.000700"/>
</kw>
<kw name="Log" owner="BuiltIn">
<msg time="2024-03-22T20:13:48.189810" level="INFO">password</msg>
<arg>${keyTwo}</arg>
<doc>Logs the given message with the given level.</doc>
<status status="PASS" start="2024-03-22T20:13:48.189605" elapsed="0.000266"/>
</kw>
<var name="${keyTwo}">password</var>
<status status="PASS" start="2024-03-22T20:13:48.187567" elapsed="0.002633"/>
</iter>
<var>${keyTwo}</var>
<value>@{expected_keysTwo}</value>
<status status="PASS" start="2024-03-22T20:13:48.185248" elapsed="0.005104"/>
</for>
<status status="PASS" start="2024-03-22T20:13:48.071118" elapsed="0.119431"/>
</kw>
<doc>Testa a estrutura da resposta da API.</doc>
<tag>testeEstruturaResposta</tag>
<status status="PASS" start="2024-03-22T20:13:48.070368" elapsed="0.120364"/>
</test>
<test id="s1-s1-t4" name="Validar tipos de dados" line="28">
<kw name="Teste de Tipos de Dados" owner="random-user-service">
<kw name="GET On Session" owner="RequestsLibrary">
<msg time="2024-03-22T20:13:48.274582" level="INFO">GET Request : url=https://randomuser.me/api 
 path_url=/api 
 headers={'User-Agent': 'python-requests/2.31.0', 'Accept-Encoding': 'gzip, deflate', 'Accept': '*/*', 'Connection': 'keep-alive'} 
 body=None 
 </msg>
<msg time="2024-03-22T20:13:48.274739" level="INFO">GET Response : url=https://randomuser.me/api 
 status=200, reason=OK 
 headers={'Date': 'Fri, 22 Mar 2024 20:13:48 GMT', 'Content-Type': 'application/json; charset=utf-8', 'Transfer-Encoding': 'chunked', 'Connection': 'keep-alive', 'X-Powered-By': 'Express', 'Access-Control-Allow-Origin': '*', 'Cache-Control': 'no-cache', 'ETag': 'W/"495-TH35OE9sg6hnwojV3JPZfKG+9jY"', 'Vary': 'Accept-Encoding', 'Content-Encoding': 'gzip', 'CF-Cache-Status': 'DYNAMIC', 'Report-To': '{"endpoints":[{"url":"https:\\/\\/a.nel.cloudflare.com\\/report\\/v4?s=Ju9hinkth%2F5wwuZWpOMvk20RdQToeom8FpVSKwKm1SPACz46bLk7%2BxCmmduFEEk1j0dBR%2B2XvnpWP1cSA%2BMaJjhvadqiQbJHXulzheH1yKVdXZY580XBPq6a6kEfTSAn"}],"group":"cf-nel","max_age":604800}', 'NEL': '{"success_fraction":0,"report_to":"cf-nel","max_age":604800}', 'Server': 'cloudflare', 'CF-RAY': '8688d82839252057-IAD', 'alt-svc': 'h3=":443"; ma=86400'} 
 body={"results":[{"gender":"male","name":{"title":"Mr","first":"Daniel","last":"Iglesias"},"location":{"street":{"number":1213,"name":"Avenida de Andalucía"},"city":"Gijón","state":"Ceuta","country":"Spain","postcode":72484,"coordinates":{"latitude":"-32.8144","longitude":"-139.3481"},"timezone":{"offset":"+11:00","description":"Magadan, Solomon Islands, New Caledonia"}},"email":"daniel.iglesias@example.com","login":{"uuid":"47f1057b-692d-4e04-b336-16cc2716d070","username":"bluegorilla157","password":"carina","salt":"zJj15atD","md5":"692e97b7ae686fb70218c432b26d0786","sha1":"7346c1b76a800a9de9901862a7605ddecb102077","sha256":"02b69a222625b80d0afbbc3492a09f456f127163f5342a812230c2e61e776d71"},"dob":{"date":"1968-01-12T13:45:56.151Z","age":56},"registered":{"date":"2017-12-14T11:58:02.305Z","age":6},"phone":"914-038-040","cell":"660-294-921","id":{"name":"DNI","value":"94019116-G"},"picture":{"large":"https://randomuser.me/api/portraits/men/81.jpg","medium":"https://randomuser.me/api/portraits/med/men/81.jpg","thumbnail":"https://randomuser.me/api/portraits/thumb/men/81.jpg"},"nat":"ES"}],"info":{"seed":"6e28e15d2338e44e","results":1,"page":1,"version":"1.4"}} 
 </msg>
<msg time="2024-03-22T20:13:48.274846" level="INFO">/opt/hostedtoolcache/Python/3.12.2/x64/lib/python3.12/site-packages/urllib3/connectionpool.py:1103: InsecureRequestWarning: Unverified HTTPS request is being made to host 'randomuser.me'. Adding certificate verification is strongly advised. See: https://urllib3.readthedocs.io/en/latest/advanced-usage.html#tls-warnings
  warnings.warn(</msg>
<msg time="2024-03-22T20:13:48.275022" level="INFO">${response} = &lt;Response [200]&gt;</msg>
<var>${response}</var>
<arg>consultarAPI</arg>
<arg>/api</arg>
<doc>Sends a GET request on a previously created HTTP Session.</doc>
<status status="PASS" start="2024-03-22T20:13:48.193327" elapsed="0.081741"/>
</kw>
<kw name="Set Variable" owner="BuiltIn">
<msg time="2024-03-22T20:13:48.276212" level="INFO">${json_data} = {'results': [{'gender': 'male', 'name': {'title': 'Mr', 'first': 'Daniel', 'last': 'Iglesias'}, 'location': {'street': {'number': 1213, 'name': 'Avenida de Andalucía'}, 'city': 'Gijón', 'state': 'Ceut...</msg>
<var>${json_data}</var>
<arg>${response.json()}</arg>
<doc>Returns the given values which can then be assigned to a variables.</doc>
<status status="PASS" start="2024-03-22T20:13:48.275636" elapsed="0.000608"/>
</kw>
<kw name="Log" owner="BuiltIn">
<msg time="2024-03-22T20:13:48.276873" level="INFO">{'results': [{'gender': 'male', 'name': {'title': 'Mr', 'first': 'Daniel', 'last': 'Iglesias'}, 'location': {'street': {'number': 1213, 'name': 'Avenida de Andalucía'}, 'city': 'Gijón', 'state': 'Ceuta', 'country': 'Spain', 'postcode': 72484, 'coordinates': {'latitude': '-32.8144', 'longitude': '-139.3481'}, 'timezone': {'offset': '+11:00', 'description': 'Magadan, Solomon Islands, New Caledonia'}}, 'email': 'daniel.iglesias@example.com', 'login': {'uuid': '47f1057b-692d-4e04-b336-16cc2716d070', 'username': 'bluegorilla157', 'password': 'carina', 'salt': 'zJj15atD', 'md5': '692e97b7ae686fb70218c432b26d0786', 'sha1': '7346c1b76a800a9de9901862a7605ddecb102077', 'sha256': '02b69a222625b80d0afbbc3492a09f456f127163f5342a812230c2e61e776d71'}, 'dob': {'date': '1968-01-12T13:45:56.151Z', 'age': 56}, 'registered': {'date': '2017-12-14T11:58:02.305Z', 'age': 6}, 'phone': '914-038-040', 'cell': '660-294-921', 'id': {'name': 'DNI', 'value': '94019116-G'}, 'picture': {'large': 'https://randomuser.me/api/portraits/men/81.jpg', 'medium': 'https://randomuser.me/api/portraits/med/men/81.jpg', 'thumbnail': 'https://randomuser.me/api/portraits/thumb/men/81.jpg'}, 'nat': 'ES'}], 'info': {'seed': '6e28e15d2338e44e', 'results': 1, 'page': 1, 'version': '1.4'}}</msg>
<arg>${json_data}</arg>
<doc>Logs the given message with the given level.</doc>
<status status="PASS" start="2024-03-22T20:13:48.276645" elapsed="0.000327"/>
</kw>
<kw name="Should Be String" owner="String">
<arg>${json_data['results'][0]['gender']}</arg>
<doc>Fails if the given ``item`` is not a string.</doc>
<status status="PASS" start="2024-03-22T20:13:48.277316" elapsed="0.000403"/>
</kw>
<kw name="Should Match Regexp" owner="BuiltIn">
<arg>${json_data['results'][0]['email']}</arg>
<arg>^[a-zA-Z0-9._%+-]+@[a-zA-Z0-9.-]+\.[a-zA-Z]{2,}$</arg>
<doc>Fails if ``string`` does not match ``pattern`` as a regular expression.</doc>
<status status="PASS" start="2024-03-22T20:13:48.277925" elapsed="0.000543"/>
</kw>
<kw name="Should Match Regexp" owner="BuiltIn">
<arg>${json_data['results'][0]['dob']['date']}</arg>
<arg>\\d{4}-\\d{2}-\\d{2}T\\d{2}:\\d{2}:\\d{2}\\.\\d{3}Z</arg>
<doc>Fails if ``string`` does not match ``pattern`` as a regular expression.</doc>
<status status="PASS" start="2024-03-22T20:13:48.278673" elapsed="0.000518"/>
</kw>
<kw name="Should Match Regexp" owner="BuiltIn">
<arg>${json_data['results'][0]['registered']['date']}</arg>
<arg>\\d{4}-\\d{2}-\\d{2}T\\d{2}:\\d{2}:\\d{2}\\.\\d{3}Z</arg>
<doc>Fails if ``string`` does not match ``pattern`` as a regular expression.</doc>
<status status="PASS" start="2024-03-22T20:13:48.279391" elapsed="0.000403"/>
</kw>
<kw name="Should Match Regexp" owner="BuiltIn">
<arg>${json_data['results'][0]['picture']['large']}</arg>
<arg>^https?://.*\.(?:png|jpe?g|gif|bmp)$</arg>
<doc>Fails if ``string`` does not match ``pattern`` as a regular expression.</doc>
<status status="PASS" start="2024-03-22T20:13:48.279985" elapsed="0.000479"/>
</kw>
<kw name="Should Match Regexp" owner="BuiltIn">
<arg>${json_data['results'][0]['picture']['medium']}</arg>
<arg>^https?://.*\.(?:png|jpe?g|gif|bmp)$</arg>
<doc>Fails if ``string`` does not match ``pattern`` as a regular expression.</doc>
<status status="PASS" start="2024-03-22T20:13:48.280665" elapsed="0.000394"/>
</kw>
<kw name="Should Match Regexp" owner="BuiltIn">
<arg>${json_data['results'][0]['picture']['thumbnail']}</arg>
<arg>^https?://.*\.(?:png|jpe?g|gif|bmp)$</arg>
<doc>Fails if ``string`` does not match ``pattern`` as a regular expression.</doc>
<status status="PASS" start="2024-03-22T20:13:48.281250" elapsed="0.000352"/>
</kw>
<kw name="Log" owner="BuiltIn">
<msg time="2024-03-22T20:13:48.282151" level="INFO">{'large': 'https://randomuser.me/api/portraits/men/81.jpg', 'medium': 'https://randomuser.me/api/portraits/med/men/81.jpg', 'thumbnail': 'https://randomuser.me/api/portraits/thumb/men/81.jpg'}</msg>
<arg>${json_data['results'][0]['picture']}</arg>
<doc>Logs the given message with the given level.</doc>
<status status="PASS" start="2024-03-22T20:13:48.281788" elapsed="0.000411"/>
</kw>
<status status="PASS" start="2024-03-22T20:13:48.193089" elapsed="0.089398"/>
</kw>
<kw name="Teste de Tipos de Dados - Postcode" owner="random-user-service">
<kw name="GET On Session" owner="RequestsLibrary">
<msg time="2024-03-22T20:13:48.365274" level="INFO">GET Request : url=https://randomuser.me/api 
 path_url=/api 
 headers={'User-Agent': 'python-requests/2.31.0', 'Accept-Encoding': 'gzip, deflate', 'Accept': '*/*', 'Connection': 'keep-alive'} 
 body=None 
 </msg>
<msg time="2024-03-22T20:13:48.365393" level="INFO">GET Response : url=https://randomuser.me/api 
 status=200, reason=OK 
 headers={'Date': 'Fri, 22 Mar 2024 20:13:48 GMT', 'Content-Type': 'application/json; charset=utf-8', 'Transfer-Encoding': 'chunked', 'Connection': 'keep-alive', 'X-Powered-By': 'Express', 'Access-Control-Allow-Origin': '*', 'Cache-Control': 'no-cache', 'ETag': 'W/"490-V8nh8XGmRsrGj5xg1SvFPIPL1/o"', 'Vary': 'Accept-Encoding', 'Content-Encoding': 'gzip', 'CF-Cache-Status': 'DYNAMIC', 'Report-To': '{"endpoints":[{"url":"https:\\/\\/a.nel.cloudflare.com\\/report\\/v4?s=NEUImI5jXAVnou8grMovUg%2B%2BXGQDPtUiWBWM1Eut9bYPH7ylX%2BNFz91YsFXrLu39oFCLhEPb6yb1iq9%2BnI30ydhezr0vg2lhp3OgjRBB0gx8XYZNuHNjuEwc%2Btuw7dge"}],"group":"cf-nel","max_age":604800}', 'NEL': '{"success_fraction":0,"report_to":"cf-nel","max_age":604800}', 'Server': 'cloudflare', 'CF-RAY': '8688d828c9fa2057-IAD', 'alt-svc': 'h3=":443"; ma=86400'} 
 body={"results":[{"gender":"male","name":{"title":"Mr","first":"Kevin","last":"Patzer"},"location":{"street":{"number":5423,"name":"Kirchplatz"},"city":"St. Ingbert","state":"Nordrhein-Westfalen","country":"Germany","postcode":64552,"coordinates":{"latitude":"-48.9776","longitude":"-51.6381"},"timezone":{"offset":"+2:00","description":"Kaliningrad, South Africa"}},"email":"kevin.patzer@example.com","login":{"uuid":"9a888d99-c882-4262-af68-a84c931b0377","username":"greenlion670","password":"yahoo1","salt":"WIGkkxl6","md5":"905558d9d0cf32c874b8178bda80bbf4","sha1":"0b941087c03120b88d6b6ee9e391df57098b9c2b","sha256":"c67dad903d2a54a623e9d665146b974fd8d95c80927f6fdd716ca786feef1425"},"dob":{"date":"1974-08-18T14:58:01.449Z","age":49},"registered":{"date":"2007-07-21T12:28:37.494Z","age":16},"phone":"0621-7024401","cell":"0172-3750449","id":{"name":"SVNR","value":"71 180874 P 460"},"picture":{"large":"https://randomuser.me/api/portraits/men/77.jpg","medium":"https://randomuser.me/api/portraits/med/men/77.jpg","thumbnail":"https://randomuser.me/api/portraits/thumb/men/77.jpg"},"nat":"DE"}],"info":{"seed":"11ada7ea413639a7","results":1,"page":1,"version":"1.4"}} 
 </msg>
<msg time="2024-03-22T20:13:48.365488" level="INFO">/opt/hostedtoolcache/Python/3.12.2/x64/lib/python3.12/site-packages/urllib3/connectionpool.py:1103: InsecureRequestWarning: Unverified HTTPS request is being made to host 'randomuser.me'. Adding certificate verification is strongly advised. See: https://urllib3.readthedocs.io/en/latest/advanced-usage.html#tls-warnings
  warnings.warn(</msg>
<msg time="2024-03-22T20:13:48.365637" level="INFO">${response} = &lt;Response [200]&gt;</msg>
<var>${response}</var>
<arg>consultarAPI</arg>
<arg>/api</arg>
<doc>Sends a GET request on a previously created HTTP Session.</doc>
<status status="PASS" start="2024-03-22T20:13:48.283148" elapsed="0.082534"/>
</kw>
<kw name="Set Variable" owner="BuiltIn">
<msg time="2024-03-22T20:13:48.366800" level="INFO">${json_data} = {'results': [{'gender': 'male', 'name': {'title': 'Mr', 'first': 'Kevin', 'last': 'Patzer'}, 'location': {'street': {'number': 5423, 'name': 'Kirchplatz'}, 'city': 'St. Ingbert', 'state': 'Nordrhein-W...</msg>
<var>${json_data}</var>
<arg>${response.json()}</arg>
<doc>Returns the given values which can then be assigned to a variables.</doc>
<status status="PASS" start="2024-03-22T20:13:48.366232" elapsed="0.000597"/>
</kw>
<kw name="Log" owner="BuiltIn">
<msg time="2024-03-22T20:13:48.367403" level="INFO">{'results': [{'gender': 'male', 'name': {'title': 'Mr', 'first': 'Kevin', 'last': 'Patzer'}, 'location': {'street': {'number': 5423, 'name': 'Kirchplatz'}, 'city': 'St. Ingbert', 'state': 'Nordrhein-Westfalen', 'country': 'Germany', 'postcode': 64552, 'coordinates': {'latitude': '-48.9776', 'longitude': '-51.6381'}, 'timezone': {'offset': '+2:00', 'description': 'Kaliningrad, South Africa'}}, 'email': 'kevin.patzer@example.com', 'login': {'uuid': '9a888d99-c882-4262-af68-a84c931b0377', 'username': 'greenlion670', 'password': 'yahoo1', 'salt': 'WIGkkxl6', 'md5': '905558d9d0cf32c874b8178bda80bbf4', 'sha1': '0b941087c03120b88d6b6ee9e391df57098b9c2b', 'sha256': 'c67dad903d2a54a623e9d665146b974fd8d95c80927f6fdd716ca786feef1425'}, 'dob': {'date': '1974-08-18T14:58:01.449Z', 'age': 49}, 'registered': {'date': '2007-07-21T12:28:37.494Z', 'age': 16}, 'phone': '0621-7024401', 'cell': '0172-3750449', 'id': {'name': 'SVNR', 'value': '71 180874 P 460'}, 'picture': {'large': 'https://randomuser.me/api/portraits/men/77.jpg', 'medium': 'https://randomuser.me/api/portraits/med/men/77.jpg', 'thumbnail': 'https://randomuser.me/api/portraits/thumb/men/77.jpg'}, 'nat': 'DE'}], 'info': {'seed': '11ada7ea413639a7', 'results': 1, 'page': 1, 'version': '1.4'}}</msg>
<arg>${json_data}</arg>
<doc>Logs the given message with the given level.</doc>
<status status="PASS" start="2024-03-22T20:13:48.367217" elapsed="0.000273"/>
</kw>
<kw name="Should Be Equal As Numbers" owner="BuiltIn">
<arg>${json_data['results'][0]['location']['postcode']}</arg>
<arg>${json_data['results'][0]['location']['postcode']}</arg>
<doc>Fails if objects are unequal after converting them to real numbers.</doc>
<status status="PASS" start="2024-03-22T20:13:48.367859" elapsed="0.000703"/>
</kw>
<kw name="Log" owner="BuiltIn">
<msg time="2024-03-22T20:13:48.369197" level="INFO">64552</msg>
<arg>${json_data['results'][0]['location']['postcode']}</arg>
<doc>Logs the given message with the given level.</doc>
<status status="PASS" start="2024-03-22T20:13:48.368815" elapsed="0.000427"/>
</kw>
<status status="PASS" start="2024-03-22T20:13:48.282731" elapsed="0.086794"/>
</kw>
<doc>Testa se os tipos de dados na resposta da API estão corretos.</doc>
<tag>testeTiposDados</tag>
<status status="PASS" start="2024-03-22T20:13:48.192591" elapsed="0.177122"/>
</test>
<test id="s1-s1-t5" name="Validar conteudo" line="35">
<kw name="Teste de Tipos de Conteudo" owner="random-user-service">
<kw name="GET On Session" owner="RequestsLibrary">
<msg time="2024-03-22T20:13:48.449601" level="INFO">GET Request : url=https://randomuser.me/api 
 path_url=/api 
 headers={'User-Agent': 'python-requests/2.31.0', 'Accept-Encoding': 'gzip, deflate', 'Accept': '*/*', 'Connection': 'keep-alive'} 
 body=None 
 </msg>
<msg time="2024-03-22T20:13:48.449715" level="INFO">GET Response : url=https://randomuser.me/api 
 status=200, reason=OK 
 headers={'Date': 'Fri, 22 Mar 2024 20:13:48 GMT', 'Content-Type': 'application/json; charset=utf-8', 'Transfer-Encoding': 'chunked', 'Connection': 'keep-alive', 'X-Powered-By': 'Express', 'Access-Control-Allow-Origin': '*', 'Cache-Control': 'no-cache', 'ETag': 'W/"476-rZ7LYErD+2sscGKIE5FaoOKTPbU"', 'Vary': 'Accept-Encoding', 'Content-Encoding': 'gzip', 'CF-Cache-Status': 'DYNAMIC', 'Report-To': '{"endpoints":[{"url":"https:\\/\\/a.nel.cloudflare.com\\/report\\/v4?s=zwz6vDF3iyrAPsJPOUKD5UkLfWBqQPMnvM9qA6h3SbQuXmbXDFYYvB624o3Q%2BhG5RCnYOU93%2FCZcZzIsjp8cwekPLvab39gMlNAZGVIpSCOm3SsGM7BrkhTV7AVckYQW"}],"group":"cf-nel","max_age":604800}', 'NEL': '{"success_fraction":0,"report_to":"cf-nel","max_age":604800}', 'Server': 'cloudflare', 'CF-RAY': '8688d8295acc2057-IAD', 'alt-svc': 'h3=":443"; ma=86400'} 
 body={"results":[{"gender":"male","name":{"title":"Mr","first":"Tristan","last":"Larsen"},"location":{"street":{"number":2384,"name":"Hedevej"},"city":"Kvistgaard","state":"Sjælland","country":"Denmark","postcode":32630,"coordinates":{"latitude":"-41.5717","longitude":"-171.7614"},"timezone":{"offset":"-12:00","description":"Eniwetok, Kwajalein"}},"email":"tristan.larsen@example.com","login":{"uuid":"e60346c4-dc33-449e-8870-206e997798b2","username":"heavybird222","password":"leonard","salt":"2VlmpJ5d","md5":"1c593aabe62e2fceb03f6f0fb2f6e33b","sha1":"71d93c31211a32da9dcf197f9166d34d52857fc9","sha256":"e830202f3a5be6a716f2f85050995b782242a558d5ee9d4e9efee494809f627a"},"dob":{"date":"1945-06-12T05:05:35.731Z","age":78},"registered":{"date":"2010-12-15T05:46:45.288Z","age":13},"phone":"56445571","cell":"68349198","id":{"name":"CPR","value":"120645-5681"},"picture":{"large":"https://randomuser.me/api/portraits/men/91.jpg","medium":"https://randomuser.me/api/portraits/med/men/91.jpg","thumbnail":"https://randomuser.me/api/portraits/thumb/men/91.jpg"},"nat":"DK"}],"info":{"seed":"b2e6274c3751ab6e","results":1,"page":1,"version":"1.4"}} 
 </msg>
<msg time="2024-03-22T20:13:48.449792" level="INFO">/opt/hostedtoolcache/Python/3.12.2/x64/lib/python3.12/site-packages/urllib3/connectionpool.py:1103: InsecureRequestWarning: Unverified HTTPS request is being made to host 'randomuser.me'. Adding certificate verification is strongly advised. See: https://urllib3.readthedocs.io/en/latest/advanced-usage.html#tls-warnings
  warnings.warn(</msg>
<msg time="2024-03-22T20:13:48.449949" level="INFO">${response} = &lt;Response [200]&gt;</msg>
<var>${response}</var>
<arg>consultarAPI</arg>
<arg>/api</arg>
<doc>Sends a GET request on a previously created HTTP Session.</doc>
<status status="PASS" start="2024-03-22T20:13:48.372321" elapsed="0.077669"/>
</kw>
<kw name="Set Variable" owner="BuiltIn">
<msg time="2024-03-22T20:13:48.451148" level="INFO">${json_data} = {'results': [{'gender': 'male', 'name': {'title': 'Mr', 'first': 'Tristan', 'last': 'Larsen'}, 'location': {'street': {'number': 2384, 'name': 'Hedevej'}, 'city': 'Kvistgaard', 'state': 'Sjælland', 'c...</msg>
<var>${json_data}</var>
<arg>${response.json()}</arg>
<doc>Returns the given values which can then be assigned to a variables.</doc>
<status status="PASS" start="2024-03-22T20:13:48.450550" elapsed="0.000630"/>
</kw>
<kw name="Set Variable" owner="BuiltIn">
<msg time="2024-03-22T20:13:48.452049" level="INFO">${name_title} = Mr</msg>
<var>${name_title}</var>
<arg>${json_data["results"][0]["name"]["title"]}</arg>
<doc>Returns the given values which can then be assigned to a variables.</doc>
<status status="PASS" start="2024-03-22T20:13:48.451597" elapsed="0.000479"/>
</kw>
<kw name="Create List" owner="BuiltIn">
<msg time="2024-03-22T20:13:48.452634" level="INFO">${allowed_titles} = ['Mr', 'Ms', 'Miss', 'Mrs', 'Madame', 'Monsieur']</msg>
<var>${allowed_titles}</var>
<arg>Mr</arg>
<arg>Ms</arg>
<arg>Miss</arg>
<arg>Mrs</arg>
<arg>Madame</arg>
<arg>Monsieur</arg>
<doc>Returns a list containing given items.</doc>
<status status="PASS" start="2024-03-22T20:13:48.452455" elapsed="0.000205"/>
</kw>
<kw name="List Should Contain Value" owner="Collections">
<msg time="2024-03-22T20:13:48.453255" level="INFO">False</msg>
<arg>${allowed_titles}</arg>
<arg>${name_title}</arg>
<doc>Fails if the ``value`` is not found from ``list``.</doc>
<status status="PASS" start="2024-03-22T20:13:48.453045" elapsed="0.000250"/>
</kw>
<kw name="Set Variable" owner="BuiltIn">
<msg time="2024-03-22T20:13:48.454049" level="INFO">${name_country} = DK</msg>
<var>${name_country}</var>
<arg>${json_data["results"][0]["nat"]}</arg>
<doc>Returns the given values which can then be assigned to a variables.</doc>
<status status="PASS" start="2024-03-22T20:13:48.453631" elapsed="0.000445"/>
</kw>
<kw name="Create List" owner="BuiltIn">
<msg time="2024-03-22T20:13:48.455028" level="INFO">${list_country} = ['AD', 'AE', 'AF', 'AG', 'AI', 'AL', 'AM', 'AO', 'AQ', 'AR', 'AS', 'AT', 'AU', 'AW', 'AX', 'AZ', 'BA', 'BB', 'BD', 'BE', 'BF', 'BG', 'BH', 'BI', 'BJ', 'BL', 'BM', 'BN', 'BO', 'BQ', 'BR', 'BS', 'BT', '...</msg>
<var>${list_country}</var>
<arg>AD</arg>
<arg>AE</arg>
<arg>AF</arg>
<arg>AG</arg>
<arg>AI</arg>
<arg>AL</arg>
<arg>AM</arg>
<arg>AO</arg>
<arg>AQ</arg>
<arg>AR</arg>
<arg>AS</arg>
<arg>AT</arg>
<arg>AU</arg>
<arg>AW</arg>
<arg>AX</arg>
<arg>AZ</arg>
<arg>BA</arg>
<arg>BB</arg>
<arg>BD</arg>
<arg>BE</arg>
<arg>BF</arg>
<arg>BG</arg>
<arg>BH</arg>
<arg>BI</arg>
<arg>BJ</arg>
<arg>BL</arg>
<arg>BM</arg>
<arg>BN</arg>
<arg>BO</arg>
<arg>BQ</arg>
<arg>BR</arg>
<arg>BS</arg>
<arg>BT</arg>
<arg>BV</arg>
<arg>BW</arg>
<arg>BY</arg>
<arg>BZ</arg>
<arg>CA</arg>
<arg>CC</arg>
<arg>CD</arg>
<arg>CF</arg>
<arg>CG</arg>
<arg>CH</arg>
<arg>CI</arg>
<arg>CK</arg>
<arg>CL</arg>
<arg>CM</arg>
<arg>CN</arg>
<arg>CO</arg>
<arg>CR</arg>
<arg>CU</arg>
<arg>CV</arg>
<arg>CW</arg>
<arg>CX</arg>
<arg>CY</arg>
<arg>CZ</arg>
<arg>DE</arg>
<arg>DJ</arg>
<arg>DK</arg>
<arg>DM</arg>
<arg>DO</arg>
<arg>DZ</arg>
<arg>EC</arg>
<arg>EE</arg>
<arg>EG</arg>
<arg>EH</arg>
<arg>ER</arg>
<arg>ES</arg>
<arg>ET</arg>
<arg>FI</arg>
<arg>FJ</arg>
<arg>FK</arg>
<arg>FM</arg>
<arg>FO</arg>
<arg>FR</arg>
<arg>GA</arg>
<arg>GB</arg>
<arg>GD</arg>
<arg>GE</arg>
<arg>GF</arg>
<arg>GG</arg>
<arg>GH</arg>
<arg>GI</arg>
<arg>GL</arg>
<arg>GM</arg>
<arg>GN</arg>
<arg>GP</arg>
<arg>GQ</arg>
<arg>GR</arg>
<arg>GS</arg>
<arg>GT</arg>
<arg>GU</arg>
<arg>GW</arg>
<arg>GY</arg>
<arg>HK</arg>
<arg>HM</arg>
<arg>HN</arg>
<arg>HR</arg>
<arg>HT</arg>
<arg>HU</arg>
<arg>ID</arg>
<arg>IE</arg>
<arg>IL</arg>
<arg>IM</arg>
<arg>IN</arg>
<arg>IO</arg>
<arg>IQ</arg>
<arg>IR</arg>
<arg>IS</arg>
<arg>IT</arg>
<arg>JE</arg>
<arg>JM</arg>
<arg>JO</arg>
<arg>JP</arg>
<arg>KE</arg>
<arg>KG</arg>
<arg>KH</arg>
<arg>KI</arg>
<arg>KM</arg>
<arg>KN</arg>
<arg>KP</arg>
<arg>KR</arg>
<arg>KW</arg>
<arg>KY</arg>
<arg>KZ</arg>
<arg>LA</arg>
<arg>LB</arg>
<arg>LC</arg>
<arg>LI</arg>
<arg>LK</arg>
<arg>LR</arg>
<arg>LS</arg>
<arg>LT</arg>
<arg>LU</arg>
<arg>LV</arg>
<arg>LY</arg>
<arg>MA</arg>
<arg>MC</arg>
<arg>MD</arg>
<arg>ME</arg>
<arg>MF</arg>
<arg>MG</arg>
<arg>MH</arg>
<arg>MK</arg>
<arg>ML</arg>
<arg>MM</arg>
<arg>MN</arg>
<arg>MO</arg>
<arg>MP</arg>
<arg>MQ</arg>
<arg>MR</arg>
<arg>MS</arg>
<arg>MT</arg>
<arg>MU</arg>
<arg>MV</arg>
<arg>MW</arg>
<arg>MX</arg>
<arg>MY</arg>
<arg>MZ</arg>
<arg>NA</arg>
<arg>NC</arg>
<arg>NE</arg>
<arg>NF</arg>
<arg>NG</arg>
<arg>NI</arg>
<arg>NL</arg>
<arg>NO</arg>
<arg>NP</arg>
<arg>NR</arg>
<arg>NU</arg>
<arg>NZ</arg>
<arg>OM</arg>
<arg>PA</arg>
<arg>PE</arg>
<arg>PF</arg>
<arg>PG</arg>
<arg>PH</arg>
<arg>PK</arg>
<arg>PL</arg>
<arg>PM</arg>
<arg>PN</arg>
<arg>PR</arg>
<arg>PS</arg>
<arg>PT</arg>
<arg>PW</arg>
<arg>PY</arg>
<arg>QA</arg>
<arg>RE</arg>
<arg>RO</arg>
<arg>RS</arg>
<arg>RU</arg>
<arg>RW</arg>
<arg>SA</arg>
<arg>SB</arg>
<arg>SC</arg>
<arg>SD</arg>
<arg>SE</arg>
<arg>SG</arg>
<arg>SH</arg>
<arg>SI</arg>
<arg>SJ</arg>
<arg>SK</arg>
<arg>SL</arg>
<arg>SM</arg>
<arg>SN</arg>
<arg>SO</arg>
<arg>SR</arg>
<arg>SS</arg>
<arg>ST</arg>
<arg>SV</arg>
<arg>SX</arg>
<arg>SY</arg>
<arg>SZ</arg>
<arg>TC</arg>
<arg>TD</arg>
<arg>TF</arg>
<arg>TG</arg>
<arg>TH</arg>
<arg>TJ</arg>
<arg>TK</arg>
<arg>TL</arg>
<arg>TM</arg>
<arg>TN</arg>
<arg>TO</arg>
<arg>TR</arg>
<arg>TT</arg>
<arg>TV</arg>
<arg>TW</arg>
<arg>TZ</arg>
<arg>UA</arg>
<arg>UG</arg>
<arg>UM</arg>
<arg>US</arg>
<arg>UY</arg>
<arg>UZ</arg>
<arg>VA</arg>
<arg>VC</arg>
<arg>VE</arg>
<arg>VG</arg>
<arg>VI</arg>
<arg>VN</arg>
<arg>VU</arg>
<arg>WF</arg>
<arg>WS</arg>
<arg>XK</arg>
<arg>YE</arg>
<arg>YT</arg>
<arg>ZA</arg>
<arg>ZM</arg>
<arg>ZW</arg>
<doc>Returns a list containing given items.</doc>
<status status="PASS" start="2024-03-22T20:13:48.454411" elapsed="0.000643"/>
</kw>
<kw name="List Should Contain Value" owner="Collections">
<msg time="2024-03-22T20:13:48.456227" level="INFO">False</msg>
<arg>${list_country}</arg>
<arg>${name_country}</arg>
<doc>Fails if the ``value`` is not found from ``list``.</doc>
<status status="PASS" start="2024-03-22T20:13:48.456011" elapsed="0.000256"/>
</kw>
<kw name="Run Keyword If" owner="BuiltIn">
<kw name="Should Be True" owner="BuiltIn">
<arg>${True}</arg>
<doc>Fails if the given condition is not true.</doc>
<status status="PASS" start="2024-03-22T20:13:48.457407" elapsed="0.000151"/>
</kw>
<arg>${json_data["results"][0]["location"]["coordinates"]["latitude"]} &gt;= -90 and ${json_data["results"][0]["location"]["coordinates"]["latitude"]} &lt;= 90</arg>
<arg>Should Be True</arg>
<arg>${True}</arg>
<doc>Runs the given keyword with the given arguments, if ``condition`` is true.</doc>
<status status="PASS" start="2024-03-22T20:13:48.456590" elapsed="0.001101"/>
</kw>
<kw name="Run Keyword If" owner="BuiltIn">
<kw name="Should Be True" owner="BuiltIn">
<arg>${True}</arg>
<doc>Fails if the given condition is not true.</doc>
<status status="PASS" start="2024-03-22T20:13:48.458599" elapsed="0.000142"/>
</kw>
<arg>${json_data["results"][0]["location"]["coordinates"]["longitude"]} &gt;= -180 and ${json_data["results"][0]["location"]["coordinates"]["longitude"]} &lt;= 180</arg>
<arg>Should Be True</arg>
<arg>${True}</arg>
<doc>Runs the given keyword with the given arguments, if ``condition`` is true.</doc>
<status status="PASS" start="2024-03-22T20:13:48.457884" elapsed="0.000985"/>
</kw>
<status status="PASS" start="2024-03-22T20:13:48.372064" elapsed="0.086941"/>
</kw>
<doc>Testa o conteúdo específico dos campos retornados pela API.</doc>
<tag>testeConteudo</tag>
<status status="PASS" start="2024-03-22T20:13:48.371544" elapsed="0.087628"/>
</test>
<status status="PASS" start="2024-03-22T20:13:47.657024" elapsed="0.804117"/>
</suite>
<status status="PASS" start="2024-03-22T20:13:47.642454" elapsed="0.824181"/>
</suite>
<statistics>
<total>
<stat pass="5" fail="0" skip="0">All Tests</stat>
</total>
<tag>
<stat pass="1" fail="0" skip="0">testeConteudo</stat>
<stat pass="1" fail="0" skip="0">testeEstruturaResposta</stat>
<stat pass="1" fail="0" skip="0">testeRequisicaoBasica</stat>
<stat pass="1" fail="0" skip="0">testeTiposDados</stat>
</tag>
<suite>
<stat pass="5" fail="0" skip="0" id="s1" name="Tests">Tests</stat>
<stat pass="5" fail="0" skip="0" id="s1-s1" name="Random-User-Test">Tests.Random-User-Test</stat>
</suite>
</statistics>
<errors>
</errors>
</robot>
