<?xml version="1.0" encoding="UTF-8"?>
<robot generator="Robot 7.0.1 (Python 3.12.4 on linux)" generated="2024-06-22T02:28:35.417287" rpa="false" schemaversion="5">
<suite id="s1" name="Tests" source="/home/runner/work/ApiRandomUser/ApiRandomUser/RamdonUser/tests">
<suite id="s1-s1" name="Random-User-Test" source="/home/runner/work/ApiRandomUser/ApiRandomUser/RamdonUser/tests/random-user-test.robot">
<test id="s1-s1-t1" name="Conectar" line="13">
<kw name="Conectar API" owner="random-user-service">
<kw name="Create Session" owner="RequestsLibrary">
<msg time="2024-06-22T02:28:35.826205" level="INFO">Creating Session using : alias=consultarAPI, url=https://randomuser.me/, headers={},                     cookies={}, auth=None, timeout=None, proxies=None, verify=False,                     debug=0 </msg>
<arg>consultarAPI</arg>
<arg>${URL}</arg>
<doc>Create Session: create a HTTP session to a server</doc>
<status status="PASS" start="2024-06-22T02:28:35.825994" elapsed="0.000398"/>
</kw>
<status status="PASS" start="2024-06-22T02:28:35.825013" elapsed="0.001772"/>
</kw>
<status status="PASS" start="2024-06-22T02:28:35.824360" elapsed="0.002619"/>
</test>
<test id="s1-s1-t2" name="Validar retorno 200 e JSON Válido" line="16">
<kw name="Teste de Requisicao Basica" owner="random-user-service">
<kw name="GET On Session" owner="RequestsLibrary">
<msg time="2024-06-22T02:28:36.025821" level="INFO">GET Request : url=https://randomuser.me/api 
 path_url=/api 
 headers={'User-Agent': 'python-requests/2.32.3', 'Accept-Encoding': 'gzip, deflate', 'Accept': '*/*', 'Connection': 'keep-alive'} 
 body=None 
 </msg>
<msg time="2024-06-22T02:28:36.025993" level="INFO">GET Response : url=https://randomuser.me/api 
 status=200, reason=OK 
 headers={'Date': 'Sat, 22 Jun 2024 02:28:36 GMT', 'Content-Type': 'application/json; charset=utf-8', 'Transfer-Encoding': 'chunked', 'Connection': 'keep-alive', 'X-Powered-By': 'Express', 'Access-Control-Allow-Origin': '*', 'Cache-Control': 'no-cache', 'ETag': 'W/"47b-hB5oeNWkv5xY3ANB/rgBVnGH9rM"', 'Vary': 'Accept-Encoding', 'Content-Encoding': 'gzip', 'CF-Cache-Status': 'DYNAMIC', 'Report-To': '{"endpoints":[{"url":"https:\\/\\/a.nel.cloudflare.com\\/report\\/v4?s=kU%2F%2Fu0PEa%2FEyv%2BecE1H1sGh3eKUYPWc3L%2FzcaGDROkMzT2bxhj%2BnJ2fminIxhez14MvZ4mB2KWimC0mWtCHXy15bBCpGdwROMgvSv1wvtLu5CQnr66vrWCoXZ34UJGeJ"}],"group":"cf-nel","max_age":604800}', 'NEL': '{"success_fraction":0,"report_to":"cf-nel","max_age":604800}', 'Server': 'cloudflare', 'CF-RAY': '8978ce4ccc0a00f8-ORD', 'alt-svc': 'h3=":443"; ma=86400'} 
 body={"results":[{"gender":"female","name":{"title":"Ms","first":"Alina","last":"Nau"},"location":{"street":{"number":735,"name":"Gartenstraße"},"city":"Gelnhausen","state":"Sachsen-Anhalt","country":"Germany","postcode":24089,"coordinates":{"latitude":"-47.7849","longitude":"68.1254"},"timezone":{"offset":"+4:30","description":"Kabul"}},"email":"alina.nau@example.com","login":{"uuid":"09ea154d-20bf-48cd-b8d2-c083e1b064c7","username":"blackrabbit144","password":"slick1","salt":"cS8HW19I","md5":"df8a138a8918706db4754bbda18fefb6","sha1":"8648330e8cfa9323bda62c6a59956d096246d3f3","sha256":"1bdaa0db18c957d946bea8b15f932cc6efb267dc636a9a75ee9b7c70f16da77f"},"dob":{"date":"1973-12-19T05:59:03.829Z","age":50},"registered":{"date":"2006-09-17T10:58:59.588Z","age":17},"phone":"0060-3274623","cell":"0177-4851447","id":{"name":"SVNR","value":"21 181273 N 654"},"picture":{"large":"https://randomuser.me/api/portraits/women/86.jpg","medium":"https://randomuser.me/api/portraits/med/women/86.jpg","thumbnail":"https://randomuser.me/api/portraits/thumb/women/86.jpg"},"nat":"DE"}],"info":{"seed":"e7e9542ddcff104a","results":1,"page":1,"version":"1.4"}} 
 </msg>
<msg time="2024-06-22T02:28:36.026077" level="INFO">/opt/hostedtoolcache/Python/3.12.4/x64/lib/python3.12/site-packages/urllib3/connectionpool.py:1099: InsecureRequestWarning: Unverified HTTPS request is being made to host 'randomuser.me'. Adding certificate verification is strongly advised. See: https://urllib3.readthedocs.io/en/latest/advanced-usage.html#tls-warnings
  warnings.warn(</msg>
<msg time="2024-06-22T02:28:36.026215" level="INFO">${response} = &lt;Response [200]&gt;</msg>
<var>${response}</var>
<arg>consultarAPI</arg>
<arg>/api</arg>
<doc>Sends a GET request on a previously created HTTP Session.</doc>
<status status="PASS" start="2024-06-22T02:28:35.829571" elapsed="0.196680"/>
</kw>
<kw name="Should Be Equal As Numbers" owner="BuiltIn">
<msg time="2024-06-22T02:28:36.027305" level="INFO">Argument types are:
&lt;class 'int'&gt;
&lt;class 'str'&gt;</msg>
<arg>${response.status_code}</arg>
<arg>200</arg>
<doc>Fails if objects are unequal after converting them to real numbers.</doc>
<status status="PASS" start="2024-06-22T02:28:36.026833" elapsed="0.000541"/>
</kw>
<kw name="Log" owner="BuiltIn">
<msg time="2024-06-22T02:28:36.028045" level="INFO">200</msg>
<arg>${response.status_code}</arg>
<doc>Logs the given message with the given level.</doc>
<status status="PASS" start="2024-06-22T02:28:36.027694" elapsed="0.000394"/>
</kw>
<kw name="Set Variable" owner="BuiltIn">
<msg time="2024-06-22T02:28:36.028840" level="INFO">${json_data} = {'results': [{'gender': 'female', 'name': {'title': 'Ms', 'first': 'Alina', 'last': 'Nau'}, 'location': {'street': {'number': 735, 'name': 'Gartenstraße'}, 'city': 'Gelnhausen', 'state': 'Sachsen-Anha...</msg>
<var>${json_data}</var>
<arg>${response.json()}</arg>
<doc>Returns the given values which can then be assigned to a variables.</doc>
<status status="PASS" start="2024-06-22T02:28:36.028394" elapsed="0.000475"/>
</kw>
<kw name="Dictionary Should Contain Key" owner="Collections">
<arg>${json_data}</arg>
<arg>results</arg>
<doc>Fails if ``key`` is not found from ``dictionary``.</doc>
<status status="PASS" start="2024-06-22T02:28:36.029165" elapsed="0.000166"/>
</kw>
<status status="PASS" start="2024-06-22T02:28:35.829330" elapsed="0.200152"/>
</kw>
<doc>Testa se a API responde corretamente e retorna um objeto JSON válido.</doc>
<tag>testeRequisicaoBasica</tag>
<status status="PASS" start="2024-06-22T02:28:35.828845" elapsed="0.200816"/>
</test>
<test id="s1-s1-t3" name="Validar estrutura de resposta" line="22">
<kw name="Teste de Estrutura de Resposta" owner="random-user-service">
<kw name="GET On Session" owner="RequestsLibrary">
<msg time="2024-06-22T02:28:36.116385" level="INFO">GET Request : url=https://randomuser.me/api 
 path_url=/api 
 headers={'User-Agent': 'python-requests/2.32.3', 'Accept-Encoding': 'gzip, deflate', 'Accept': '*/*', 'Connection': 'keep-alive'} 
 body=None 
 </msg>
<msg time="2024-06-22T02:28:36.116488" level="INFO">GET Response : url=https://randomuser.me/api 
 status=200, reason=OK 
 headers={'Date': 'Sat, 22 Jun 2024 02:28:36 GMT', 'Content-Type': 'application/json; charset=utf-8', 'Transfer-Encoding': 'chunked', 'Connection': 'keep-alive', 'X-Powered-By': 'Express', 'Access-Control-Allow-Origin': '*', 'Cache-Control': 'no-cache', 'ETag': 'W/"486-CxRkCPdrX+OsnPh335GZ1bCjGus"', 'Vary': 'Accept-Encoding', 'Content-Encoding': 'gzip', 'CF-Cache-Status': 'DYNAMIC', 'Report-To': '{"endpoints":[{"url":"https:\\/\\/a.nel.cloudflare.com\\/report\\/v4?s=oWhuchRJMIr5JHaYjPldCbj5rgrh0fXqnLcDyEw%2FGFYfvQNbo0yA%2BRP4Wp82TCOxNZQ5td%2F2t54hfjS2Kc7F2tUVHWMXKvqSbvqgR4K1gdZc%2Bxs3d7xlB57oSneK2pUH"}],"group":"cf-nel","max_age":604800}', 'NEL': '{"success_fraction":0,"report_to":"cf-nel","max_age":604800}', 'Server': 'cloudflare', 'CF-RAY': '8978ce4d3c8200f8-ORD', 'alt-svc': 'h3=":443"; ma=86400'} 
 body={"results":[{"gender":"female","name":{"title":"Mrs","first":"Milagros","last":"Vázquez"},"location":{"street":{"number":9262,"name":"Calle de Toledo"},"city":"Córdoba","state":"Extremadura","country":"Spain","postcode":10263,"coordinates":{"latitude":"-36.1704","longitude":"7.8788"},"timezone":{"offset":"+9:30","description":"Adelaide, Darwin"}},"email":"milagros.vazquez@example.com","login":{"uuid":"af9eea39-0997-4d6c-87e3-3d7abd2b1bd6","username":"brownduck881","password":"talbot","salt":"KKDZyWWD","md5":"b23d34c217b13a55d407f84a0bed1b39","sha1":"a2e5f97d086a7545b0bffcde7a96bcb0d6cef0fe","sha256":"a75bb8f3ac22c0a47114a7dd44368994121113354bb7e9eaa81f1f870a5eb68b"},"dob":{"date":"1970-07-18T15:36:05.499Z","age":53},"registered":{"date":"2014-12-10T21:11:33.909Z","age":9},"phone":"981-707-836","cell":"622-181-098","id":{"name":"DNI","value":"76655397-E"},"picture":{"large":"https://randomuser.me/api/portraits/women/71.jpg","medium":"https://randomuser.me/api/portraits/med/women/71.jpg","thumbnail":"https://randomuser.me/api/portraits/thumb/women/71.jpg"},"nat":"ES"}],"info":{"seed":"68b26e5ca980fd4a","results":1,"page":1,"version":"1.4"}} 
 </msg>
<msg time="2024-06-22T02:28:36.116632" level="INFO">/opt/hostedtoolcache/Python/3.12.4/x64/lib/python3.12/site-packages/urllib3/connectionpool.py:1099: InsecureRequestWarning: Unverified HTTPS request is being made to host 'randomuser.me'. Adding certificate verification is strongly advised. See: https://urllib3.readthedocs.io/en/latest/advanced-usage.html#tls-warnings
  warnings.warn(</msg>
<msg time="2024-06-22T02:28:36.116763" level="INFO">${response} = &lt;Response [200]&gt;</msg>
<var>${response}</var>
<arg>consultarAPI</arg>
<arg>/api</arg>
<doc>Sends a GET request on a previously created HTTP Session.</doc>
<status status="PASS" start="2024-06-22T02:28:36.032322" elapsed="0.084473"/>
</kw>
<kw name="Set Variable" owner="BuiltIn">
<msg time="2024-06-22T02:28:36.117867" level="INFO">${json_data} = {'results': [{'gender': 'female', 'name': {'title': 'Mrs', 'first': 'Milagros', 'last': 'Vázquez'}, 'location': {'street': {'number': 9262, 'name': 'Calle de Toledo'}, 'city': 'Córdoba', 'state': 'Ext...</msg>
<var>${json_data}</var>
<arg>${response.json()}</arg>
<doc>Returns the given values which can then be assigned to a variables.</doc>
<status status="PASS" start="2024-06-22T02:28:36.117343" elapsed="0.000556"/>
</kw>
<kw name="Log" owner="BuiltIn">
<msg time="2024-06-22T02:28:36.118370" level="INFO">{'results': [{'gender': 'female', 'name': {'title': 'Mrs', 'first': 'Milagros', 'last': 'Vázquez'}, 'location': {'street': {'number': 9262, 'name': 'Calle de Toledo'}, 'city': 'Córdoba', 'state': 'Extremadura', 'country': 'Spain', 'postcode': 10263, 'coordinates': {'latitude': '-36.1704', 'longitude': '7.8788'}, 'timezone': {'offset': '+9:30', 'description': 'Adelaide, Darwin'}}, 'email': 'milagros.vazquez@example.com', 'login': {'uuid': 'af9eea39-0997-4d6c-87e3-3d7abd2b1bd6', 'username': 'brownduck881', 'password': 'talbot', 'salt': 'KKDZyWWD', 'md5': 'b23d34c217b13a55d407f84a0bed1b39', 'sha1': 'a2e5f97d086a7545b0bffcde7a96bcb0d6cef0fe', 'sha256': 'a75bb8f3ac22c0a47114a7dd44368994121113354bb7e9eaa81f1f870a5eb68b'}, 'dob': {'date': '1970-07-18T15:36:05.499Z', 'age': 53}, 'registered': {'date': '2014-12-10T21:11:33.909Z', 'age': 9}, 'phone': '981-707-836', 'cell': '622-181-098', 'id': {'name': 'DNI', 'value': '76655397-E'}, 'picture': {'large': 'https://randomuser.me/api/portraits/women/71.jpg', 'medium': 'https://randomuser.me/api/portraits/med/women/71.jpg', 'thumbnail': 'https://randomuser.me/api/portraits/thumb/women/71.jpg'}, 'nat': 'ES'}], 'info': {'seed': '68b26e5ca980fd4a', 'results': 1, 'page': 1, 'version': '1.4'}}</msg>
<arg>${json_data}</arg>
<doc>Logs the given message with the given level.</doc>
<status status="PASS" start="2024-06-22T02:28:36.118210" elapsed="0.000218"/>
</kw>
<kw name="Dictionary Should Contain Key" owner="Collections">
<arg>${json_data}</arg>
<arg>results</arg>
<doc>Fails if ``key`` is not found from ``dictionary``.</doc>
<status status="PASS" start="2024-06-22T02:28:36.118762" elapsed="0.000159"/>
</kw>
<kw name="Should Not Be Empty" owner="BuiltIn">
<msg time="2024-06-22T02:28:36.119238" level="INFO">Length is 2.</msg>
<arg>${json_data}</arg>
<doc>Verifies that the given item is not empty.</doc>
<status status="PASS" start="2024-06-22T02:28:36.119106" elapsed="0.000170"/>
</kw>
<kw name="Create List" owner="BuiltIn">
<msg time="2024-06-22T02:28:36.119882" level="INFO">${expected_keys} = ['gender', 'name', 'location', 'email', 'login']</msg>
<var>${expected_keys}</var>
<arg>gender</arg>
<arg>name</arg>
<arg>location</arg>
<arg>email</arg>
<arg>login</arg>
<doc>Returns a list containing given items.</doc>
<status status="PASS" start="2024-06-22T02:28:36.119565" elapsed="0.000342"/>
</kw>
<for flavor="IN">
<iter>
<kw name="Dictionary Should Contain Key" owner="Collections">
<arg>${json_data['results'][0]}</arg>
<arg>${key}</arg>
<doc>Fails if ``key`` is not found from ``dictionary``.</doc>
<status status="PASS" start="2024-06-22T02:28:36.120499" elapsed="0.000406"/>
</kw>
<kw name="Log" owner="BuiltIn">
<msg time="2024-06-22T02:28:36.121455" level="INFO">{'gender': 'female', 'name': {'title': 'Mrs', 'first': 'Milagros', 'last': 'Vázquez'}, 'location': {'street': {'number': 9262, 'name': 'Calle de Toledo'}, 'city': 'Córdoba', 'state': 'Extremadura', 'country': 'Spain', 'postcode': 10263, 'coordinates': {'latitude': '-36.1704', 'longitude': '7.8788'}, 'timezone': {'offset': '+9:30', 'description': 'Adelaide, Darwin'}}, 'email': 'milagros.vazquez@example.com', 'login': {'uuid': 'af9eea39-0997-4d6c-87e3-3d7abd2b1bd6', 'username': 'brownduck881', 'password': 'talbot', 'salt': 'KKDZyWWD', 'md5': 'b23d34c217b13a55d407f84a0bed1b39', 'sha1': 'a2e5f97d086a7545b0bffcde7a96bcb0d6cef0fe', 'sha256': 'a75bb8f3ac22c0a47114a7dd44368994121113354bb7e9eaa81f1f870a5eb68b'}, 'dob': {'date': '1970-07-18T15:36:05.499Z', 'age': 53}, 'registered': {'date': '2014-12-10T21:11:33.909Z', 'age': 9}, 'phone': '981-707-836', 'cell': '622-181-098', 'id': {'name': 'DNI', 'value': '76655397-E'}, 'picture': {'large': 'https://randomuser.me/api/portraits/women/71.jpg', 'medium': 'https://randomuser.me/api/portraits/med/women/71.jpg', 'thumbnail': 'https://randomuser.me/api/portraits/thumb/women/71.jpg'}, 'nat': 'ES'}</msg>
<arg>${json_data['results'][0]}</arg>
<doc>Logs the given message with the given level.</doc>
<status status="PASS" start="2024-06-22T02:28:36.121095" elapsed="0.000410"/>
</kw>
<kw name="Log" owner="BuiltIn">
<msg time="2024-06-22T02:28:36.121941" level="INFO">gender</msg>
<arg>${key}</arg>
<doc>Logs the given message with the given level.</doc>
<status status="PASS" start="2024-06-22T02:28:36.121813" elapsed="0.000167"/>
</kw>
<var name="${key}">gender</var>
<status status="PASS" start="2024-06-22T02:28:36.120374" elapsed="0.001826"/>
</iter>
<iter>
<kw name="Dictionary Should Contain Key" owner="Collections">
<arg>${json_data['results'][0]}</arg>
<arg>${key}</arg>
<doc>Fails if ``key`` is not found from ``dictionary``.</doc>
<status status="PASS" start="2024-06-22T02:28:36.122523" elapsed="0.000399"/>
</kw>
<kw name="Log" owner="BuiltIn">
<msg time="2024-06-22T02:28:36.123473" level="INFO">{'gender': 'female', 'name': {'title': 'Mrs', 'first': 'Milagros', 'last': 'Vázquez'}, 'location': {'street': {'number': 9262, 'name': 'Calle de Toledo'}, 'city': 'Córdoba', 'state': 'Extremadura', 'country': 'Spain', 'postcode': 10263, 'coordinates': {'latitude': '-36.1704', 'longitude': '7.8788'}, 'timezone': {'offset': '+9:30', 'description': 'Adelaide, Darwin'}}, 'email': 'milagros.vazquez@example.com', 'login': {'uuid': 'af9eea39-0997-4d6c-87e3-3d7abd2b1bd6', 'username': 'brownduck881', 'password': 'talbot', 'salt': 'KKDZyWWD', 'md5': 'b23d34c217b13a55d407f84a0bed1b39', 'sha1': 'a2e5f97d086a7545b0bffcde7a96bcb0d6cef0fe', 'sha256': 'a75bb8f3ac22c0a47114a7dd44368994121113354bb7e9eaa81f1f870a5eb68b'}, 'dob': {'date': '1970-07-18T15:36:05.499Z', 'age': 53}, 'registered': {'date': '2014-12-10T21:11:33.909Z', 'age': 9}, 'phone': '981-707-836', 'cell': '622-181-098', 'id': {'name': 'DNI', 'value': '76655397-E'}, 'picture': {'large': 'https://randomuser.me/api/portraits/women/71.jpg', 'medium': 'https://randomuser.me/api/portraits/med/women/71.jpg', 'thumbnail': 'https://randomuser.me/api/portraits/thumb/women/71.jpg'}, 'nat': 'ES'}</msg>
<arg>${json_data['results'][0]}</arg>
<doc>Logs the given message with the given level.</doc>
<status status="PASS" start="2024-06-22T02:28:36.123108" elapsed="0.000448"/>
</kw>
<kw name="Log" owner="BuiltIn">
<msg time="2024-06-22T02:28:36.123986" level="INFO">name</msg>
<arg>${key}</arg>
<doc>Logs the given message with the given level.</doc>
<status status="PASS" start="2024-06-22T02:28:36.123858" elapsed="0.000166"/>
</kw>
<var name="${key}">name</var>
<status status="PASS" start="2024-06-22T02:28:36.122386" elapsed="0.001856"/>
</iter>
<iter>
<kw name="Dictionary Should Contain Key" owner="Collections">
<arg>${json_data['results'][0]}</arg>
<arg>${key}</arg>
<doc>Fails if ``key`` is not found from ``dictionary``.</doc>
<status status="PASS" start="2024-06-22T02:28:36.124525" elapsed="0.000383"/>
</kw>
<kw name="Log" owner="BuiltIn">
<msg time="2024-06-22T02:28:36.125450" level="INFO">{'gender': 'female', 'name': {'title': 'Mrs', 'first': 'Milagros', 'last': 'Vázquez'}, 'location': {'street': {'number': 9262, 'name': 'Calle de Toledo'}, 'city': 'Córdoba', 'state': 'Extremadura', 'country': 'Spain', 'postcode': 10263, 'coordinates': {'latitude': '-36.1704', 'longitude': '7.8788'}, 'timezone': {'offset': '+9:30', 'description': 'Adelaide, Darwin'}}, 'email': 'milagros.vazquez@example.com', 'login': {'uuid': 'af9eea39-0997-4d6c-87e3-3d7abd2b1bd6', 'username': 'brownduck881', 'password': 'talbot', 'salt': 'KKDZyWWD', 'md5': 'b23d34c217b13a55d407f84a0bed1b39', 'sha1': 'a2e5f97d086a7545b0bffcde7a96bcb0d6cef0fe', 'sha256': 'a75bb8f3ac22c0a47114a7dd44368994121113354bb7e9eaa81f1f870a5eb68b'}, 'dob': {'date': '1970-07-18T15:36:05.499Z', 'age': 53}, 'registered': {'date': '2014-12-10T21:11:33.909Z', 'age': 9}, 'phone': '981-707-836', 'cell': '622-181-098', 'id': {'name': 'DNI', 'value': '76655397-E'}, 'picture': {'large': 'https://randomuser.me/api/portraits/women/71.jpg', 'medium': 'https://randomuser.me/api/portraits/med/women/71.jpg', 'thumbnail': 'https://randomuser.me/api/portraits/thumb/women/71.jpg'}, 'nat': 'ES'}</msg>
<arg>${json_data['results'][0]}</arg>
<doc>Logs the given message with the given level.</doc>
<status status="PASS" start="2024-06-22T02:28:36.125091" elapsed="0.000410"/>
</kw>
<kw name="Log" owner="BuiltIn">
<msg time="2024-06-22T02:28:36.125930" level="INFO">location</msg>
<arg>${key}</arg>
<doc>Logs the given message with the given level.</doc>
<status status="PASS" start="2024-06-22T02:28:36.125798" elapsed="0.000173"/>
</kw>
<var name="${key}">location</var>
<status status="PASS" start="2024-06-22T02:28:36.124419" elapsed="0.001771"/>
</iter>
<iter>
<kw name="Dictionary Should Contain Key" owner="Collections">
<arg>${json_data['results'][0]}</arg>
<arg>${key}</arg>
<doc>Fails if ``key`` is not found from ``dictionary``.</doc>
<status status="PASS" start="2024-06-22T02:28:36.126495" elapsed="0.000396"/>
</kw>
<kw name="Log" owner="BuiltIn">
<msg time="2024-06-22T02:28:36.127432" level="INFO">{'gender': 'female', 'name': {'title': 'Mrs', 'first': 'Milagros', 'last': 'Vázquez'}, 'location': {'street': {'number': 9262, 'name': 'Calle de Toledo'}, 'city': 'Córdoba', 'state': 'Extremadura', 'country': 'Spain', 'postcode': 10263, 'coordinates': {'latitude': '-36.1704', 'longitude': '7.8788'}, 'timezone': {'offset': '+9:30', 'description': 'Adelaide, Darwin'}}, 'email': 'milagros.vazquez@example.com', 'login': {'uuid': 'af9eea39-0997-4d6c-87e3-3d7abd2b1bd6', 'username': 'brownduck881', 'password': 'talbot', 'salt': 'KKDZyWWD', 'md5': 'b23d34c217b13a55d407f84a0bed1b39', 'sha1': 'a2e5f97d086a7545b0bffcde7a96bcb0d6cef0fe', 'sha256': 'a75bb8f3ac22c0a47114a7dd44368994121113354bb7e9eaa81f1f870a5eb68b'}, 'dob': {'date': '1970-07-18T15:36:05.499Z', 'age': 53}, 'registered': {'date': '2014-12-10T21:11:33.909Z', 'age': 9}, 'phone': '981-707-836', 'cell': '622-181-098', 'id': {'name': 'DNI', 'value': '76655397-E'}, 'picture': {'large': 'https://randomuser.me/api/portraits/women/71.jpg', 'medium': 'https://randomuser.me/api/portraits/med/women/71.jpg', 'thumbnail': 'https://randomuser.me/api/portraits/thumb/women/71.jpg'}, 'nat': 'ES'}</msg>
<arg>${json_data['results'][0]}</arg>
<doc>Logs the given message with the given level.</doc>
<status status="PASS" start="2024-06-22T02:28:36.127077" elapsed="0.000411"/>
</kw>
<kw name="Log" owner="BuiltIn">
<msg time="2024-06-22T02:28:36.127909" level="INFO">email</msg>
<arg>${key}</arg>
<doc>Logs the given message with the given level.</doc>
<status status="PASS" start="2024-06-22T02:28:36.127784" elapsed="0.000163"/>
</kw>
<var name="${key}">email</var>
<status status="PASS" start="2024-06-22T02:28:36.126363" elapsed="0.001795"/>
</iter>
<iter>
<kw name="Dictionary Should Contain Key" owner="Collections">
<arg>${json_data['results'][0]}</arg>
<arg>${key}</arg>
<doc>Fails if ``key`` is not found from ``dictionary``.</doc>
<status status="PASS" start="2024-06-22T02:28:36.128430" elapsed="0.000387"/>
</kw>
<kw name="Log" owner="BuiltIn">
<msg time="2024-06-22T02:28:36.129346" level="INFO">{'gender': 'female', 'name': {'title': 'Mrs', 'first': 'Milagros', 'last': 'Vázquez'}, 'location': {'street': {'number': 9262, 'name': 'Calle de Toledo'}, 'city': 'Córdoba', 'state': 'Extremadura', 'country': 'Spain', 'postcode': 10263, 'coordinates': {'latitude': '-36.1704', 'longitude': '7.8788'}, 'timezone': {'offset': '+9:30', 'description': 'Adelaide, Darwin'}}, 'email': 'milagros.vazquez@example.com', 'login': {'uuid': 'af9eea39-0997-4d6c-87e3-3d7abd2b1bd6', 'username': 'brownduck881', 'password': 'talbot', 'salt': 'KKDZyWWD', 'md5': 'b23d34c217b13a55d407f84a0bed1b39', 'sha1': 'a2e5f97d086a7545b0bffcde7a96bcb0d6cef0fe', 'sha256': 'a75bb8f3ac22c0a47114a7dd44368994121113354bb7e9eaa81f1f870a5eb68b'}, 'dob': {'date': '1970-07-18T15:36:05.499Z', 'age': 53}, 'registered': {'date': '2014-12-10T21:11:33.909Z', 'age': 9}, 'phone': '981-707-836', 'cell': '622-181-098', 'id': {'name': 'DNI', 'value': '76655397-E'}, 'picture': {'large': 'https://randomuser.me/api/portraits/women/71.jpg', 'medium': 'https://randomuser.me/api/portraits/med/women/71.jpg', 'thumbnail': 'https://randomuser.me/api/portraits/thumb/women/71.jpg'}, 'nat': 'ES'}</msg>
<arg>${json_data['results'][0]}</arg>
<doc>Logs the given message with the given level.</doc>
<status status="PASS" start="2024-06-22T02:28:36.128999" elapsed="0.000396"/>
</kw>
<kw name="Log" owner="BuiltIn">
<msg time="2024-06-22T02:28:36.129818" level="INFO">login</msg>
<arg>${key}</arg>
<doc>Logs the given message with the given level.</doc>
<status status="PASS" start="2024-06-22T02:28:36.129690" elapsed="0.000166"/>
</kw>
<var name="${key}">login</var>
<status status="PASS" start="2024-06-22T02:28:36.128325" elapsed="0.001745"/>
</iter>
<var>${key}</var>
<value>@{expected_keys}</value>
<status status="PASS" start="2024-06-22T02:28:36.120171" elapsed="0.010018"/>
</for>
<kw name="Create List" owner="BuiltIn">
<msg time="2024-06-22T02:28:36.130553" level="INFO">${expected_keysTwo} = ['username', 'password']</msg>
<var>${expected_keysTwo}</var>
<arg>username</arg>
<arg>password</arg>
<doc>Returns a list containing given items.</doc>
<status status="PASS" start="2024-06-22T02:28:36.130382" elapsed="0.000195"/>
</kw>
<for flavor="IN">
<iter>
<kw name="Dictionary Should Contain Key" owner="Collections">
<arg>${json_data['results'][0]['login']}</arg>
<arg>${keyTwo}</arg>
<doc>Fails if ``key`` is not found from ``dictionary``.</doc>
<status status="PASS" start="2024-06-22T02:28:36.131096" elapsed="0.000380"/>
</kw>
<kw name="Dictionary Should Contain Key" owner="Collections">
<arg>${json_data['results'][0]['login']}</arg>
<arg>${keyTwo}</arg>
<doc>Fails if ``key`` is not found from ``dictionary``.</doc>
<status status="PASS" start="2024-06-22T02:28:36.131660" elapsed="0.000371"/>
</kw>
<kw name="Log" owner="BuiltIn">
<msg time="2024-06-22T02:28:36.132334" level="INFO">username</msg>
<arg>${keyTwo}</arg>
<doc>Logs the given message with the given level.</doc>
<status status="PASS" start="2024-06-22T02:28:36.132211" elapsed="0.000160"/>
</kw>
<var name="${keyTwo}">username</var>
<status status="PASS" start="2024-06-22T02:28:36.130991" elapsed="0.001607"/>
</iter>
<iter>
<kw name="Dictionary Should Contain Key" owner="Collections">
<arg>${json_data['results'][0]['login']}</arg>
<arg>${keyTwo}</arg>
<doc>Fails if ``key`` is not found from ``dictionary``.</doc>
<status status="PASS" start="2024-06-22T02:28:36.132869" elapsed="0.000370"/>
</kw>
<kw name="Dictionary Should Contain Key" owner="Collections">
<arg>${json_data['results'][0]['login']}</arg>
<arg>${keyTwo}</arg>
<doc>Fails if ``key`` is not found from ``dictionary``.</doc>
<status status="PASS" start="2024-06-22T02:28:36.133415" elapsed="0.000374"/>
</kw>
<kw name="Log" owner="BuiltIn">
<msg time="2024-06-22T02:28:36.134094" level="INFO">password</msg>
<arg>${keyTwo}</arg>
<doc>Logs the given message with the given level.</doc>
<status status="PASS" start="2024-06-22T02:28:36.133967" elapsed="0.000164"/>
</kw>
<var name="${keyTwo}">password</var>
<status status="PASS" start="2024-06-22T02:28:36.132766" elapsed="0.001702"/>
</iter>
<var>${keyTwo}</var>
<value>@{expected_keysTwo}</value>
<status status="PASS" start="2024-06-22T02:28:36.130838" elapsed="0.003763"/>
</for>
<status status="PASS" start="2024-06-22T02:28:36.032087" elapsed="0.102665"/>
</kw>
<doc>Testa a estrutura da resposta da API.</doc>
<tag>testeEstruturaResposta</tag>
<status status="PASS" start="2024-06-22T02:28:36.031556" elapsed="0.103354"/>
</test>
<test id="s1-s1-t4" name="Validar tipos de dados" line="28">
<kw name="Teste de Tipos de Dados" owner="random-user-service">
<kw name="GET On Session" owner="RequestsLibrary">
<msg time="2024-06-22T02:28:36.220392" level="INFO">GET Request : url=https://randomuser.me/api 
 path_url=/api 
 headers={'User-Agent': 'python-requests/2.32.3', 'Accept-Encoding': 'gzip, deflate', 'Accept': '*/*', 'Connection': 'keep-alive'} 
 body=None 
 </msg>
<msg time="2024-06-22T02:28:36.220489" level="INFO">GET Response : url=https://randomuser.me/api 
 status=200, reason=OK 
 headers={'Date': 'Sat, 22 Jun 2024 02:28:36 GMT', 'Content-Type': 'application/json; charset=utf-8', 'Transfer-Encoding': 'chunked', 'Connection': 'keep-alive', 'X-Powered-By': 'Express', 'Access-Control-Allow-Origin': '*', 'Cache-Control': 'no-cache', 'ETag': 'W/"484-IusJx4BJGJSto1Zu/rRbUcYsXwo"', 'Vary': 'Accept-Encoding', 'Content-Encoding': 'gzip', 'CF-Cache-Status': 'DYNAMIC', 'Report-To': '{"endpoints":[{"url":"https:\\/\\/a.nel.cloudflare.com\\/report\\/v4?s=u%2BJ550kTeRy8FUgkpKCHiYt6pnoflZ4RNvYMBSw5m0sxvCaAYY19aiuHq29TaMr%2BQs2aRKqwQ%2FNjz0RIlvoO847vAELioHZepRhvu1CNdda7L1PkAzflPOLeAeHbi7Hq"}],"group":"cf-nel","max_age":604800}', 'NEL': '{"success_fraction":0,"report_to":"cf-nel","max_age":604800}', 'Server': 'cloudflare', 'CF-RAY': '8978ce4ddd5600f8-ORD', 'alt-svc': 'h3=":443"; ma=86400'} 
 body={"results":[{"gender":"male","name":{"title":"Mr","first":"Sohan","last":"Nguyen"},"location":{"street":{"number":9534,"name":"Place de la Mairie"},"city":"Caen","state":"Val-D'Oise","country":"France","postcode":14697,"coordinates":{"latitude":"-16.7424","longitude":"-45.9418"},"timezone":{"offset":"+9:30","description":"Adelaide, Darwin"}},"email":"sohan.nguyen@example.com","login":{"uuid":"ebef43e0-2075-4699-808b-7346b7f0b5bc","username":"lazypanda500","password":"818181","salt":"ibDuxJIF","md5":"abb7a485d1de3f184503066dd2fc1f3d","sha1":"db571415a482c79d53d407b1b15dc6db0e9edeb0","sha256":"96777f08aaa00bfeadd84b36a4b5dd9d3ad23d2ccd0e2f573caf8ce6048f568a"},"dob":{"date":"1958-04-01T10:04:27.472Z","age":66},"registered":{"date":"2007-08-19T07:51:00.561Z","age":16},"phone":"04-49-07-37-72","cell":"06-75-88-57-60","id":{"name":"INSEE","value":"1580317970895 70"},"picture":{"large":"https://randomuser.me/api/portraits/men/42.jpg","medium":"https://randomuser.me/api/portraits/med/men/42.jpg","thumbnail":"https://randomuser.me/api/portraits/thumb/men/42.jpg"},"nat":"FR"}],"info":{"seed":"b6e8b912460dba57","results":1,"page":1,"version":"1.4"}} 
 </msg>
<msg time="2024-06-22T02:28:36.220561" level="INFO">/opt/hostedtoolcache/Python/3.12.4/x64/lib/python3.12/site-packages/urllib3/connectionpool.py:1099: InsecureRequestWarning: Unverified HTTPS request is being made to host 'randomuser.me'. Adding certificate verification is strongly advised. See: https://urllib3.readthedocs.io/en/latest/advanced-usage.html#tls-warnings
  warnings.warn(</msg>
<msg time="2024-06-22T02:28:36.220682" level="INFO">${response} = &lt;Response [200]&gt;</msg>
<var>${response}</var>
<arg>consultarAPI</arg>
<arg>/api</arg>
<doc>Sends a GET request on a previously created HTTP Session.</doc>
<status status="PASS" start="2024-06-22T02:28:36.137553" elapsed="0.083157"/>
</kw>
<kw name="Set Variable" owner="BuiltIn">
<msg time="2024-06-22T02:28:36.221774" level="INFO">${json_data} = {'results': [{'gender': 'male', 'name': {'title': 'Mr', 'first': 'Sohan', 'last': 'Nguyen'}, 'location': {'street': {'number': 9534, 'name': 'Place de la Mairie'}, 'city': 'Caen', 'state': "Val-D'Oise...</msg>
<var>${json_data}</var>
<arg>${response.json()}</arg>
<doc>Returns the given values which can then be assigned to a variables.</doc>
<status status="PASS" start="2024-06-22T02:28:36.221266" elapsed="0.000535"/>
</kw>
<kw name="Log" owner="BuiltIn">
<msg time="2024-06-22T02:28:36.222255" level="INFO">{'results': [{'gender': 'male', 'name': {'title': 'Mr', 'first': 'Sohan', 'last': 'Nguyen'}, 'location': {'street': {'number': 9534, 'name': 'Place de la Mairie'}, 'city': 'Caen', 'state': "Val-D'Oise", 'country': 'France', 'postcode': 14697, 'coordinates': {'latitude': '-16.7424', 'longitude': '-45.9418'}, 'timezone': {'offset': '+9:30', 'description': 'Adelaide, Darwin'}}, 'email': 'sohan.nguyen@example.com', 'login': {'uuid': 'ebef43e0-2075-4699-808b-7346b7f0b5bc', 'username': 'lazypanda500', 'password': '818181', 'salt': 'ibDuxJIF', 'md5': 'abb7a485d1de3f184503066dd2fc1f3d', 'sha1': 'db571415a482c79d53d407b1b15dc6db0e9edeb0', 'sha256': '96777f08aaa00bfeadd84b36a4b5dd9d3ad23d2ccd0e2f573caf8ce6048f568a'}, 'dob': {'date': '1958-04-01T10:04:27.472Z', 'age': 66}, 'registered': {'date': '2007-08-19T07:51:00.561Z', 'age': 16}, 'phone': '04-49-07-37-72', 'cell': '06-75-88-57-60', 'id': {'name': 'INSEE', 'value': '1580317970895 70'}, 'picture': {'large': 'https://randomuser.me/api/portraits/men/42.jpg', 'medium': 'https://randomuser.me/api/portraits/med/men/42.jpg', 'thumbnail': 'https://randomuser.me/api/portraits/thumb/men/42.jpg'}, 'nat': 'FR'}], 'info': {'seed': 'b6e8b912460dba57', 'results': 1, 'page': 1, 'version': '1.4'}}</msg>
<arg>${json_data}</arg>
<doc>Logs the given message with the given level.</doc>
<status status="PASS" start="2024-06-22T02:28:36.222103" elapsed="0.000199"/>
</kw>
<kw name="Should Be String" owner="String">
<arg>${json_data['results'][0]['gender']}</arg>
<doc>Fails if the given ``item`` is not a string.</doc>
<status status="PASS" start="2024-06-22T02:28:36.222647" elapsed="0.000379"/>
</kw>
<kw name="Should Match Regexp" owner="BuiltIn">
<arg>${json_data['results'][0]['email']}</arg>
<arg>^[a-zA-Z0-9._%+-]+@[a-zA-Z0-9.-]+\.[a-zA-Z]{2,}$</arg>
<doc>Fails if ``string`` does not match ``pattern`` as a regular expression.</doc>
<status status="PASS" start="2024-06-22T02:28:36.223218" elapsed="0.000523"/>
</kw>
<kw name="Should Match Regexp" owner="BuiltIn">
<arg>${json_data['results'][0]['dob']['date']}</arg>
<arg>\\d{4}-\\d{2}-\\d{2}T\\d{2}:\\d{2}:\\d{2}\\.\\d{3}Z</arg>
<doc>Fails if ``string`` does not match ``pattern`` as a regular expression.</doc>
<status status="PASS" start="2024-06-22T02:28:36.223973" elapsed="0.000490"/>
</kw>
<kw name="Should Match Regexp" owner="BuiltIn">
<arg>${json_data['results'][0]['registered']['date']}</arg>
<arg>\\d{4}-\\d{2}-\\d{2}T\\d{2}:\\d{2}:\\d{2}\\.\\d{3}Z</arg>
<doc>Fails if ``string`` does not match ``pattern`` as a regular expression.</doc>
<status status="PASS" start="2024-06-22T02:28:36.224651" elapsed="0.000365"/>
</kw>
<kw name="Should Match Regexp" owner="BuiltIn">
<arg>${json_data['results'][0]['picture']['large']}</arg>
<arg>^https?://.*\.(?:png|jpe?g|gif|bmp)$</arg>
<doc>Fails if ``string`` does not match ``pattern`` as a regular expression.</doc>
<status status="PASS" start="2024-06-22T02:28:36.225198" elapsed="0.000453"/>
</kw>
<kw name="Should Match Regexp" owner="BuiltIn">
<arg>${json_data['results'][0]['picture']['medium']}</arg>
<arg>^https?://.*\.(?:png|jpe?g|gif|bmp)$</arg>
<doc>Fails if ``string`` does not match ``pattern`` as a regular expression.</doc>
<status status="PASS" start="2024-06-22T02:28:36.225835" elapsed="0.000352"/>
</kw>
<kw name="Should Match Regexp" owner="BuiltIn">
<arg>${json_data['results'][0]['picture']['thumbnail']}</arg>
<arg>^https?://.*\.(?:png|jpe?g|gif|bmp)$</arg>
<doc>Fails if ``string`` does not match ``pattern`` as a regular expression.</doc>
<status status="PASS" start="2024-06-22T02:28:36.226368" elapsed="0.000386"/>
</kw>
<kw name="Log" owner="BuiltIn">
<msg time="2024-06-22T02:28:36.227256" level="INFO">{'large': 'https://randomuser.me/api/portraits/men/42.jpg', 'medium': 'https://randomuser.me/api/portraits/med/men/42.jpg', 'thumbnail': 'https://randomuser.me/api/portraits/thumb/men/42.jpg'}</msg>
<arg>${json_data['results'][0]['picture']}</arg>
<doc>Logs the given message with the given level.</doc>
<status status="PASS" start="2024-06-22T02:28:36.226935" elapsed="0.000364"/>
</kw>
<status status="PASS" start="2024-06-22T02:28:36.137327" elapsed="0.090236"/>
</kw>
<kw name="Teste de Tipos de Dados - Postcode" owner="random-user-service">
<kw name="GET On Session" owner="RequestsLibrary">
<msg time="2024-06-22T02:28:36.315920" level="INFO">GET Request : url=https://randomuser.me/api 
 path_url=/api 
 headers={'User-Agent': 'python-requests/2.32.3', 'Accept-Encoding': 'gzip, deflate', 'Accept': '*/*', 'Connection': 'keep-alive'} 
 body=None 
 </msg>
<msg time="2024-06-22T02:28:36.316028" level="INFO">GET Response : url=https://randomuser.me/api 
 status=200, reason=OK 
 headers={'Date': 'Sat, 22 Jun 2024 02:28:36 GMT', 'Content-Type': 'application/json; charset=utf-8', 'Transfer-Encoding': 'chunked', 'Connection': 'keep-alive', 'X-Powered-By': 'Express', 'Access-Control-Allow-Origin': '*', 'Cache-Control': 'no-cache', 'ETag': 'W/"479-38yAJEbgvqFs6FyWAmwxaQeLtds"', 'Vary': 'Accept-Encoding', 'Content-Encoding': 'gzip', 'CF-Cache-Status': 'DYNAMIC', 'Report-To': '{"endpoints":[{"url":"https:\\/\\/a.nel.cloudflare.com\\/report\\/v4?s=EV3Ai00rLUKyJ%2Fwl5AggRoQT5Cwn%2FANR6S9Kkzapp6VtCBK62fTTX%2BkrDJdN1GgDYnVPmphwBqIDgiuNneUevzyeXJ7TRFk1j3%2B4Sp%2F7xub4Yq8Bd7%2Fu5TI1Qo2XpIFz"}],"group":"cf-nel","max_age":604800}', 'NEL': '{"success_fraction":0,"report_to":"cf-nel","max_age":604800}', 'Server': 'cloudflare', 'CF-RAY': '8978ce4e6e3200f8-ORD', 'alt-svc': 'h3=":443"; ma=86400'} 
 body={"results":[{"gender":"female","name":{"title":"Mrs","first":"Sahar","last":"Seglem"},"location":{"street":{"number":5034,"name":"Hegermanns gate"},"city":"Svinndal","state":"Oppland","country":"Norway","postcode":"8880","coordinates":{"latitude":"38.7685","longitude":"8.5314"},"timezone":{"offset":"-12:00","description":"Eniwetok, Kwajalein"}},"email":"sahar.seglem@example.com","login":{"uuid":"db7085c8-b4e0-4929-a789-e13e368e6114","username":"orangetiger207","password":"lotus","salt":"r6aLjKhD","md5":"1a5e7c1c96799d5b0455e324aed68c0b","sha1":"966a3b339d01dc6261c26359f39de13aec680587","sha256":"5305c70c7152d2a3bb3e2f475675ddfbf612db5f75486b1f6d402a711cc1209e"},"dob":{"date":"1956-08-08T00:02:47.063Z","age":67},"registered":{"date":"2019-12-10T10:54:19.609Z","age":4},"phone":"55930136","cell":"93199882","id":{"name":"FN","value":"08085642899"},"picture":{"large":"https://randomuser.me/api/portraits/women/18.jpg","medium":"https://randomuser.me/api/portraits/med/women/18.jpg","thumbnail":"https://randomuser.me/api/portraits/thumb/women/18.jpg"},"nat":"NO"}],"info":{"seed":"dc2f00e702a35d55","results":1,"page":1,"version":"1.4"}} 
 </msg>
<msg time="2024-06-22T02:28:36.316113" level="INFO">/opt/hostedtoolcache/Python/3.12.4/x64/lib/python3.12/site-packages/urllib3/connectionpool.py:1099: InsecureRequestWarning: Unverified HTTPS request is being made to host 'randomuser.me'. Adding certificate verification is strongly advised. See: https://urllib3.readthedocs.io/en/latest/advanced-usage.html#tls-warnings
  warnings.warn(</msg>
<msg time="2024-06-22T02:28:36.316249" level="INFO">${response} = &lt;Response [200]&gt;</msg>
<var>${response}</var>
<arg>consultarAPI</arg>
<arg>/api</arg>
<doc>Sends a GET request on a previously created HTTP Session.</doc>
<status status="PASS" start="2024-06-22T02:28:36.228024" elapsed="0.088276"/>
</kw>
<kw name="Set Variable" owner="BuiltIn">
<msg time="2024-06-22T02:28:36.317372" level="INFO">${json_data} = {'results': [{'gender': 'female', 'name': {'title': 'Mrs', 'first': 'Sahar', 'last': 'Seglem'}, 'location': {'street': {'number': 5034, 'name': 'Hegermanns gate'}, 'city': 'Svinndal', 'state': 'Opplan...</msg>
<var>${json_data}</var>
<arg>${response.json()}</arg>
<doc>Returns the given values which can then be assigned to a variables.</doc>
<status status="PASS" start="2024-06-22T02:28:36.316855" elapsed="0.000550"/>
</kw>
<kw name="Log" owner="BuiltIn">
<msg time="2024-06-22T02:28:36.317855" level="INFO">{'results': [{'gender': 'female', 'name': {'title': 'Mrs', 'first': 'Sahar', 'last': 'Seglem'}, 'location': {'street': {'number': 5034, 'name': 'Hegermanns gate'}, 'city': 'Svinndal', 'state': 'Oppland', 'country': 'Norway', 'postcode': '8880', 'coordinates': {'latitude': '38.7685', 'longitude': '8.5314'}, 'timezone': {'offset': '-12:00', 'description': 'Eniwetok, Kwajalein'}}, 'email': 'sahar.seglem@example.com', 'login': {'uuid': 'db7085c8-b4e0-4929-a789-e13e368e6114', 'username': 'orangetiger207', 'password': 'lotus', 'salt': 'r6aLjKhD', 'md5': '1a5e7c1c96799d5b0455e324aed68c0b', 'sha1': '966a3b339d01dc6261c26359f39de13aec680587', 'sha256': '5305c70c7152d2a3bb3e2f475675ddfbf612db5f75486b1f6d402a711cc1209e'}, 'dob': {'date': '1956-08-08T00:02:47.063Z', 'age': 67}, 'registered': {'date': '2019-12-10T10:54:19.609Z', 'age': 4}, 'phone': '55930136', 'cell': '93199882', 'id': {'name': 'FN', 'value': '08085642899'}, 'picture': {'large': 'https://randomuser.me/api/portraits/women/18.jpg', 'medium': 'https://randomuser.me/api/portraits/med/women/18.jpg', 'thumbnail': 'https://randomuser.me/api/portraits/thumb/women/18.jpg'}, 'nat': 'NO'}], 'info': {'seed': 'dc2f00e702a35d55', 'results': 1, 'page': 1, 'version': '1.4'}}</msg>
<arg>${json_data}</arg>
<doc>Logs the given message with the given level.</doc>
<status status="PASS" start="2024-06-22T02:28:36.317705" elapsed="0.000197"/>
</kw>
<kw name="Should Be Equal As Numbers" owner="BuiltIn">
<arg>${json_data['results'][0]['location']['postcode']}</arg>
<arg>${json_data['results'][0]['location']['postcode']}</arg>
<doc>Fails if objects are unequal after converting them to real numbers.</doc>
<status status="PASS" start="2024-06-22T02:28:36.318195" elapsed="0.000655"/>
</kw>
<kw name="Log" owner="BuiltIn">
<msg time="2024-06-22T02:28:36.319548" level="INFO">8880</msg>
<arg>${json_data['results'][0]['location']['postcode']}</arg>
<doc>Logs the given message with the given level.</doc>
<status status="PASS" start="2024-06-22T02:28:36.319035" elapsed="0.000554"/>
</kw>
<status status="PASS" start="2024-06-22T02:28:36.227794" elapsed="0.092083"/>
</kw>
<doc>Testa se os tipos de dados na resposta da API estão corretos.</doc>
<tag>testeTiposDados</tag>
<status status="PASS" start="2024-06-22T02:28:36.136827" elapsed="0.183221"/>
</test>
<test id="s1-s1-t5" name="Validar conteudo" line="35">
<kw name="Teste de Tipos de Conteudo" owner="random-user-service">
<kw name="GET On Session" owner="RequestsLibrary">
<msg time="2024-06-22T02:28:36.413852" level="INFO">GET Request : url=https://randomuser.me/api 
 path_url=/api 
 headers={'User-Agent': 'python-requests/2.32.3', 'Accept-Encoding': 'gzip, deflate', 'Accept': '*/*', 'Connection': 'keep-alive'} 
 body=None 
 </msg>
<msg time="2024-06-22T02:28:36.413948" level="INFO">GET Response : url=https://randomuser.me/api 
 status=200, reason=OK 
 headers={'Date': 'Sat, 22 Jun 2024 02:28:36 GMT', 'Content-Type': 'application/json; charset=utf-8', 'Transfer-Encoding': 'chunked', 'Connection': 'keep-alive', 'X-Powered-By': 'Express', 'Access-Control-Allow-Origin': '*', 'Cache-Control': 'no-cache', 'ETag': 'W/"477-40R10tCD8RQhHa1DxQxSCWBT8Rg"', 'Vary': 'Accept-Encoding', 'Content-Encoding': 'gzip', 'CF-Cache-Status': 'DYNAMIC', 'Report-To': '{"endpoints":[{"url":"https:\\/\\/a.nel.cloudflare.com\\/report\\/v4?s=k0Xd9gssSQ8%2BMloaasUvcsmxfRsVCvy2FQN7E5U4ovp%2Fc9Xpaqlkd5FaaSHIGloqj3rlCG8LhJYfBsplOYOddqIib7KV7G6kBLgIrYsqoVFDNgGOen9%2BUYEfQLgUeS67"}],"group":"cf-nel","max_age":604800}', 'NEL': '{"success_fraction":0,"report_to":"cf-nel","max_age":604800}', 'Server': 'cloudflare', 'CF-RAY': '8978ce4f0eed00f8-ORD', 'alt-svc': 'h3=":443"; ma=86400'} 
 body={"results":[{"gender":"male","name":{"title":"Mr","first":"Ian","last":"Matthews"},"location":{"street":{"number":6713,"name":"Depaul Dr"},"city":"San Francisco","state":"Arizona","country":"United States","postcode":89326,"coordinates":{"latitude":"89.8053","longitude":"-154.0719"},"timezone":{"offset":"+4:30","description":"Kabul"}},"email":"ian.matthews@example.com","login":{"uuid":"68aa2c0e-6c7a-435a-89f5-145de7e7fed5","username":"yellowfrog197","password":"murray","salt":"zYCOouNs","md5":"d1f2f4ad97b6a50ab2e0e2422f6c8de1","sha1":"b3638466fe527100b8f05ee280d105029fbcab65","sha256":"2b27a2e260da595cc16585b7cce0fb53a7e32db279432680ea7e8d5c81b292dc"},"dob":{"date":"1959-09-05T16:49:41.988Z","age":64},"registered":{"date":"2008-12-19T20:56:42.962Z","age":15},"phone":"(949) 598-8392","cell":"(516) 250-8363","id":{"name":"SSN","value":"374-26-2754"},"picture":{"large":"https://randomuser.me/api/portraits/men/82.jpg","medium":"https://randomuser.me/api/portraits/med/men/82.jpg","thumbnail":"https://randomuser.me/api/portraits/thumb/men/82.jpg"},"nat":"US"}],"info":{"seed":"1c47fb1e07bee0ff","results":1,"page":1,"version":"1.4"}} 
 </msg>
<msg time="2024-06-22T02:28:36.414021" level="INFO">/opt/hostedtoolcache/Python/3.12.4/x64/lib/python3.12/site-packages/urllib3/connectionpool.py:1099: InsecureRequestWarning: Unverified HTTPS request is being made to host 'randomuser.me'. Adding certificate verification is strongly advised. See: https://urllib3.readthedocs.io/en/latest/advanced-usage.html#tls-warnings
  warnings.warn(</msg>
<msg time="2024-06-22T02:28:36.414142" level="INFO">${response} = &lt;Response [200]&gt;</msg>
<var>${response}</var>
<arg>consultarAPI</arg>
<arg>/api</arg>
<doc>Sends a GET request on a previously created HTTP Session.</doc>
<status status="PASS" start="2024-06-22T02:28:36.322535" elapsed="0.091640"/>
</kw>
<kw name="Set Variable" owner="BuiltIn">
<msg time="2024-06-22T02:28:36.415232" level="INFO">${json_data} = {'results': [{'gender': 'male', 'name': {'title': 'Mr', 'first': 'Ian', 'last': 'Matthews'}, 'location': {'street': {'number': 6713, 'name': 'Depaul Dr'}, 'city': 'San Francisco', 'state': 'Arizona', ...</msg>
<var>${json_data}</var>
<arg>${response.json()}</arg>
<doc>Returns the given values which can then be assigned to a variables.</doc>
<status status="PASS" start="2024-06-22T02:28:36.414728" elapsed="0.000534"/>
</kw>
<kw name="Set Variable" owner="BuiltIn">
<msg time="2024-06-22T02:28:36.415944" level="INFO">${name_title} = Mr</msg>
<var>${name_title}</var>
<arg>${json_data["results"][0]["name"]["title"]}</arg>
<doc>Returns the given values which can then be assigned to a variables.</doc>
<status status="PASS" start="2024-06-22T02:28:36.415563" elapsed="0.000406"/>
</kw>
<kw name="Create List" owner="BuiltIn">
<msg time="2024-06-22T02:28:36.416406" level="INFO">${allowed_titles} = ['Mr', 'Ms', 'Miss', 'Mrs', 'Madame', 'Monsieur']</msg>
<var>${allowed_titles}</var>
<arg>Mr</arg>
<arg>Ms</arg>
<arg>Miss</arg>
<arg>Mrs</arg>
<arg>Madame</arg>
<arg>Monsieur</arg>
<doc>Returns a list containing given items.</doc>
<status status="PASS" start="2024-06-22T02:28:36.416258" elapsed="0.000171"/>
</kw>
<kw name="List Should Contain Value" owner="Collections">
<arg>${allowed_titles}</arg>
<arg>${name_title}</arg>
<doc>Fails if the ``value`` is not found from ``list``.</doc>
<status status="PASS" start="2024-06-22T02:28:36.416724" elapsed="0.000177"/>
</kw>
<kw name="Set Variable" owner="BuiltIn">
<msg time="2024-06-22T02:28:36.417453" level="INFO">${name_country} = US</msg>
<var>${name_country}</var>
<arg>${json_data["results"][0]["nat"]}</arg>
<doc>Returns the given values which can then be assigned to a variables.</doc>
<status status="PASS" start="2024-06-22T02:28:36.417079" elapsed="0.000400"/>
</kw>
<kw name="Create List" owner="BuiltIn">
<msg time="2024-06-22T02:28:36.418351" level="INFO">${list_country} = ['AD', 'AE', 'AF', 'AG', 'AI', 'AL', 'AM', 'AO', 'AQ', 'AR', 'AS', 'AT', 'AU', 'AW', 'AX', 'AZ', 'BA', 'BB', 'BD', 'BE', 'BF', 'BG', 'BH', 'BI', 'BJ', 'BL', 'BM', 'BN', 'BO', 'BQ', 'BR', 'BS', 'BT', '...</msg>
<var>${list_country}</var>
<arg>AD</arg>
<arg>AE</arg>
<arg>AF</arg>
<arg>AG</arg>
<arg>AI</arg>
<arg>AL</arg>
<arg>AM</arg>
<arg>AO</arg>
<arg>AQ</arg>
<arg>AR</arg>
<arg>AS</arg>
<arg>AT</arg>
<arg>AU</arg>
<arg>AW</arg>
<arg>AX</arg>
<arg>AZ</arg>
<arg>BA</arg>
<arg>BB</arg>
<arg>BD</arg>
<arg>BE</arg>
<arg>BF</arg>
<arg>BG</arg>
<arg>BH</arg>
<arg>BI</arg>
<arg>BJ</arg>
<arg>BL</arg>
<arg>BM</arg>
<arg>BN</arg>
<arg>BO</arg>
<arg>BQ</arg>
<arg>BR</arg>
<arg>BS</arg>
<arg>BT</arg>
<arg>BV</arg>
<arg>BW</arg>
<arg>BY</arg>
<arg>BZ</arg>
<arg>CA</arg>
<arg>CC</arg>
<arg>CD</arg>
<arg>CF</arg>
<arg>CG</arg>
<arg>CH</arg>
<arg>CI</arg>
<arg>CK</arg>
<arg>CL</arg>
<arg>CM</arg>
<arg>CN</arg>
<arg>CO</arg>
<arg>CR</arg>
<arg>CU</arg>
<arg>CV</arg>
<arg>CW</arg>
<arg>CX</arg>
<arg>CY</arg>
<arg>CZ</arg>
<arg>DE</arg>
<arg>DJ</arg>
<arg>DK</arg>
<arg>DM</arg>
<arg>DO</arg>
<arg>DZ</arg>
<arg>EC</arg>
<arg>EE</arg>
<arg>EG</arg>
<arg>EH</arg>
<arg>ER</arg>
<arg>ES</arg>
<arg>ET</arg>
<arg>FI</arg>
<arg>FJ</arg>
<arg>FK</arg>
<arg>FM</arg>
<arg>FO</arg>
<arg>FR</arg>
<arg>GA</arg>
<arg>GB</arg>
<arg>GD</arg>
<arg>GE</arg>
<arg>GF</arg>
<arg>GG</arg>
<arg>GH</arg>
<arg>GI</arg>
<arg>GL</arg>
<arg>GM</arg>
<arg>GN</arg>
<arg>GP</arg>
<arg>GQ</arg>
<arg>GR</arg>
<arg>GS</arg>
<arg>GT</arg>
<arg>GU</arg>
<arg>GW</arg>
<arg>GY</arg>
<arg>HK</arg>
<arg>HM</arg>
<arg>HN</arg>
<arg>HR</arg>
<arg>HT</arg>
<arg>HU</arg>
<arg>ID</arg>
<arg>IE</arg>
<arg>IL</arg>
<arg>IM</arg>
<arg>IN</arg>
<arg>IO</arg>
<arg>IQ</arg>
<arg>IR</arg>
<arg>IS</arg>
<arg>IT</arg>
<arg>JE</arg>
<arg>JM</arg>
<arg>JO</arg>
<arg>JP</arg>
<arg>KE</arg>
<arg>KG</arg>
<arg>KH</arg>
<arg>KI</arg>
<arg>KM</arg>
<arg>KN</arg>
<arg>KP</arg>
<arg>KR</arg>
<arg>KW</arg>
<arg>KY</arg>
<arg>KZ</arg>
<arg>LA</arg>
<arg>LB</arg>
<arg>LC</arg>
<arg>LI</arg>
<arg>LK</arg>
<arg>LR</arg>
<arg>LS</arg>
<arg>LT</arg>
<arg>LU</arg>
<arg>LV</arg>
<arg>LY</arg>
<arg>MA</arg>
<arg>MC</arg>
<arg>MD</arg>
<arg>ME</arg>
<arg>MF</arg>
<arg>MG</arg>
<arg>MH</arg>
<arg>MK</arg>
<arg>ML</arg>
<arg>MM</arg>
<arg>MN</arg>
<arg>MO</arg>
<arg>MP</arg>
<arg>MQ</arg>
<arg>MR</arg>
<arg>MS</arg>
<arg>MT</arg>
<arg>MU</arg>
<arg>MV</arg>
<arg>MW</arg>
<arg>MX</arg>
<arg>MY</arg>
<arg>MZ</arg>
<arg>NA</arg>
<arg>NC</arg>
<arg>NE</arg>
<arg>NF</arg>
<arg>NG</arg>
<arg>NI</arg>
<arg>NL</arg>
<arg>NO</arg>
<arg>NP</arg>
<arg>NR</arg>
<arg>NU</arg>
<arg>NZ</arg>
<arg>OM</arg>
<arg>PA</arg>
<arg>PE</arg>
<arg>PF</arg>
<arg>PG</arg>
<arg>PH</arg>
<arg>PK</arg>
<arg>PL</arg>
<arg>PM</arg>
<arg>PN</arg>
<arg>PR</arg>
<arg>PS</arg>
<arg>PT</arg>
<arg>PW</arg>
<arg>PY</arg>
<arg>QA</arg>
<arg>RE</arg>
<arg>RO</arg>
<arg>RS</arg>
<arg>RU</arg>
<arg>RW</arg>
<arg>SA</arg>
<arg>SB</arg>
<arg>SC</arg>
<arg>SD</arg>
<arg>SE</arg>
<arg>SG</arg>
<arg>SH</arg>
<arg>SI</arg>
<arg>SJ</arg>
<arg>SK</arg>
<arg>SL</arg>
<arg>SM</arg>
<arg>SN</arg>
<arg>SO</arg>
<arg>SR</arg>
<arg>SS</arg>
<arg>ST</arg>
<arg>SV</arg>
<arg>SX</arg>
<arg>SY</arg>
<arg>SZ</arg>
<arg>TC</arg>
<arg>TD</arg>
<arg>TF</arg>
<arg>TG</arg>
<arg>TH</arg>
<arg>TJ</arg>
<arg>TK</arg>
<arg>TL</arg>
<arg>TM</arg>
<arg>TN</arg>
<arg>TO</arg>
<arg>TR</arg>
<arg>TT</arg>
<arg>TV</arg>
<arg>TW</arg>
<arg>TZ</arg>
<arg>UA</arg>
<arg>UG</arg>
<arg>UM</arg>
<arg>US</arg>
<arg>UY</arg>
<arg>UZ</arg>
<arg>VA</arg>
<arg>VC</arg>
<arg>VE</arg>
<arg>VG</arg>
<arg>VI</arg>
<arg>VN</arg>
<arg>VU</arg>
<arg>WF</arg>
<arg>WS</arg>
<arg>XK</arg>
<arg>YE</arg>
<arg>YT</arg>
<arg>ZA</arg>
<arg>ZM</arg>
<arg>ZW</arg>
<doc>Returns a list containing given items.</doc>
<status status="PASS" start="2024-06-22T02:28:36.417761" elapsed="0.000616"/>
</kw>
<kw name="List Should Contain Value" owner="Collections">
<arg>${list_country}</arg>
<arg>${name_country}</arg>
<doc>Fails if the ``value`` is not found from ``list``.</doc>
<status status="PASS" start="2024-06-22T02:28:36.419199" elapsed="0.000198"/>
</kw>
<kw name="Run Keyword If" owner="BuiltIn">
<kw name="Should Be True" owner="BuiltIn">
<arg>${True}</arg>
<doc>Fails if the given condition is not true.</doc>
<status status="PASS" start="2024-06-22T02:28:36.420334" elapsed="0.000140"/>
</kw>
<arg>${json_data["results"][0]["location"]["coordinates"]["latitude"]} &gt;= -90 and ${json_data["results"][0]["location"]["coordinates"]["latitude"]} &lt;= 90</arg>
<arg>Should Be True</arg>
<arg>${True}</arg>
<doc>Runs the given keyword with the given arguments, if ``condition`` is true.</doc>
<status status="PASS" start="2024-06-22T02:28:36.419596" elapsed="0.001003"/>
</kw>
<kw name="Run Keyword If" owner="BuiltIn">
<kw name="Should Be True" owner="BuiltIn">
<arg>${True}</arg>
<doc>Fails if the given condition is not true.</doc>
<status status="PASS" start="2024-06-22T02:28:36.421458" elapsed="0.000240"/>
</kw>
<arg>${json_data["results"][0]["location"]["coordinates"]["longitude"]} &gt;= -180 and ${json_data["results"][0]["location"]["coordinates"]["longitude"]} &lt;= 180</arg>
<arg>Should Be True</arg>
<arg>${True}</arg>
<doc>Runs the given keyword with the given arguments, if ``condition`` is true.</doc>
<status status="PASS" start="2024-06-22T02:28:36.420774" elapsed="0.001050"/>
</kw>
<status status="PASS" start="2024-06-22T02:28:36.322279" elapsed="0.099676"/>
</kw>
<doc>Testa o conteúdo específico dos campos retornados pela API.</doc>
<tag>testeConteudo</tag>
<status status="PASS" start="2024-06-22T02:28:36.321808" elapsed="0.100298"/>
</test>
<status status="PASS" start="2024-06-22T02:28:35.476873" elapsed="0.947182"/>
</suite>
<status status="PASS" start="2024-06-22T02:28:35.462035" elapsed="0.967089"/>
</suite>
<statistics>
<total>
<stat pass="5" fail="0" skip="0">All Tests</stat>
</total>
<tag>
<stat pass="1" fail="0" skip="0">testeConteudo</stat>
<stat pass="1" fail="0" skip="0">testeEstruturaResposta</stat>
<stat pass="1" fail="0" skip="0">testeRequisicaoBasica</stat>
<stat pass="1" fail="0" skip="0">testeTiposDados</stat>
</tag>
<suite>
<stat pass="5" fail="0" skip="0" id="s1" name="Tests">Tests</stat>
<stat pass="5" fail="0" skip="0" id="s1-s1" name="Random-User-Test">Tests.Random-User-Test</stat>
</suite>
</statistics>
<errors>
</errors>
</robot>
