<?xml version="1.0" encoding="UTF-8"?>
<robot generator="Robot 7.0 (Python 3.12.2 on linux)" generated="2024-04-09T21:13:28.924194" rpa="false" schemaversion="5">
<suite id="s1" name="Tests" source="/home/runner/work/DesafioQAItauRogerioJordao/DesafioQAItauRogerioJordao/RamdonUser/tests">
<suite id="s1-s1" name="Random-User-Test" source="/home/runner/work/DesafioQAItauRogerioJordao/DesafioQAItauRogerioJordao/RamdonUser/tests/random-user-test.robot">
<test id="s1-s1-t1" name="Conectar" line="13">
<kw name="Conectar API" owner="random-user-service">
<kw name="Create Session" owner="RequestsLibrary">
<msg time="2024-04-09T21:13:29.286586" level="INFO">Creating Session using : alias=consultarAPI, url=https://randomuser.me/, headers={},                     cookies={}, auth=None, timeout=None, proxies=None, verify=False,                     debug=0 </msg>
<arg>consultarAPI</arg>
<arg>${URL}</arg>
<doc>Create Session: create a HTTP session to a server</doc>
<status status="PASS" start="2024-04-09T21:13:29.286368" elapsed="0.000411"/>
</kw>
<status status="PASS" start="2024-04-09T21:13:29.285284" elapsed="0.001876"/>
</kw>
<status status="PASS" start="2024-04-09T21:13:29.284699" elapsed="0.002668"/>
</test>
<test id="s1-s1-t2" name="Validar retorno 200 e JSON Válido" line="16">
<kw name="Teste de Requisicao Basica" owner="random-user-service">
<kw name="GET On Session" owner="RequestsLibrary">
<msg time="2024-04-09T21:13:29.543492" level="INFO">GET Request : url=https://randomuser.me/api 
 path_url=/api 
 headers={'User-Agent': 'python-requests/2.31.0', 'Accept-Encoding': 'gzip, deflate', 'Accept': '*/*', 'Connection': 'keep-alive'} 
 body=None 
 </msg>
<msg time="2024-04-09T21:13:29.543655" level="INFO">GET Response : url=https://randomuser.me/api 
 status=200, reason=OK 
 headers={'Date': 'Tue, 09 Apr 2024 21:13:29 GMT', 'Content-Type': 'application/json; charset=utf-8', 'Transfer-Encoding': 'chunked', 'Connection': 'keep-alive', 'X-Powered-By': 'Express', 'Access-Control-Allow-Origin': '*', 'Cache-Control': 'no-cache', 'ETag': 'W/"486-dTq0YygyCr/sOs6sM6wsY0cXGqg"', 'Vary': 'Accept-Encoding', 'Content-Encoding': 'gzip', 'CF-Cache-Status': 'DYNAMIC', 'Report-To': '{"endpoints":[{"url":"https:\\/\\/a.nel.cloudflare.com\\/report\\/v4?s=mtNPhyNHH%2BLJloPK%2FCxEDIIVVNdRczNACEPVNPD%2F7WQV4rckhwDmI7HHytH80ghUFZkmDt3KjW6rg%2Bu0VOlSRWhR35k1XMHeJ5y0uHr2jlHt3PDAnF7pKJyEko1s0MY9"}],"group":"cf-nel","max_age":604800}', 'NEL': '{"success_fraction":0,"report_to":"cf-nel","max_age":604800}', 'Server': 'cloudflare', 'CF-RAY': '871d80574e0405fb-IAD', 'alt-svc': 'h3=":443"; ma=86400'} 
 body={"results":[{"gender":"female","name":{"title":"Mrs","first":"Ángela","last":"Urbina"},"location":{"street":{"number":402,"name":"Eje vial Qatar"},"city":"La Excusa","state":"Nayarit","country":"Mexico","postcode":95790,"coordinates":{"latitude":"26.6558","longitude":"167.6880"},"timezone":{"offset":"+5:45","description":"Kathmandu"}},"email":"angela.urbina@example.com","login":{"uuid":"1e6c0a68-fcc8-48e3-91c2-8ae61265ea5e","username":"blackleopard674","password":"roberta","salt":"WWFH5m1f","md5":"b46dc7cb60724815161c85e25168fda9","sha1":"1c48d3282892184fceacb369557f4fa6dfb4894b","sha256":"7569219191c16a69e0ba0ce23c391eac7e6da1a5d20c2ec9775d0dafd2c08be8"},"dob":{"date":"1996-02-16T11:04:15.418Z","age":28},"registered":{"date":"2010-11-27T06:41:46.520Z","age":13},"phone":"(613) 386 3999","cell":"(648) 508 2044","id":{"name":"NSS","value":"91 96 65 7315 4"},"picture":{"large":"https://randomuser.me/api/portraits/women/10.jpg","medium":"https://randomuser.me/api/portraits/med/women/10.jpg","thumbnail":"https://randomuser.me/api/portraits/thumb/women/10.jpg"},"nat":"MX"}],"info":{"seed":"8224d97ff5a6c7b4","results":1,"page":1,"version":"1.4"}} 
 </msg>
<msg time="2024-04-09T21:13:29.543751" level="INFO">/opt/hostedtoolcache/Python/3.12.2/x64/lib/python3.12/site-packages/urllib3/connectionpool.py:1103: InsecureRequestWarning: Unverified HTTPS request is being made to host 'randomuser.me'. Adding certificate verification is strongly advised. See: https://urllib3.readthedocs.io/en/latest/advanced-usage.html#tls-warnings
  warnings.warn(</msg>
<msg time="2024-04-09T21:13:29.543899" level="INFO">${response} = &lt;Response [200]&gt;</msg>
<var>${response}</var>
<arg>consultarAPI</arg>
<arg>/api</arg>
<doc>Sends a GET request on a previously created HTTP Session.</doc>
<status status="PASS" start="2024-04-09T21:13:29.289998" elapsed="0.253936"/>
</kw>
<kw name="Should Be Equal As Numbers" owner="BuiltIn">
<msg time="2024-04-09T21:13:29.545302" level="INFO">Argument types are:
&lt;class 'int'&gt;
&lt;class 'str'&gt;</msg>
<arg>${response.status_code}</arg>
<arg>200</arg>
<doc>Fails if objects are unequal after converting them to real numbers.</doc>
<status status="PASS" start="2024-04-09T21:13:29.544736" elapsed="0.000634"/>
</kw>
<kw name="Log" owner="BuiltIn">
<msg time="2024-04-09T21:13:29.546068" level="INFO">200</msg>
<arg>${response.status_code}</arg>
<doc>Logs the given message with the given level.</doc>
<status status="PASS" start="2024-04-09T21:13:29.545707" elapsed="0.000406"/>
</kw>
<kw name="Set Variable" owner="BuiltIn">
<msg time="2024-04-09T21:13:29.546881" level="INFO">${json_data} = {'results': [{'gender': 'female', 'name': {'title': 'Mrs', 'first': 'Ángela', 'last': 'Urbina'}, 'location': {'street': {'number': 402, 'name': 'Eje vial Qatar'}, 'city': 'La Excusa', 'state': 'Nayari...</msg>
<var>${json_data}</var>
<arg>${response.json()}</arg>
<doc>Returns the given values which can then be assigned to a variables.</doc>
<status status="PASS" start="2024-04-09T21:13:29.546429" elapsed="0.000482"/>
</kw>
<kw name="Dictionary Should Contain Key" owner="Collections">
<msg time="2024-04-09T21:13:29.547404" level="INFO">False</msg>
<arg>${json_data}</arg>
<arg>results</arg>
<doc>Fails if ``key`` is not found from ``dictionary``.</doc>
<status status="PASS" start="2024-04-09T21:13:29.547232" elapsed="0.000212"/>
</kw>
<status status="PASS" start="2024-04-09T21:13:29.289745" elapsed="0.257965"/>
</kw>
<doc>Testa se a API responde corretamente e retorna um objeto JSON válido.</doc>
<tag>testeRequisicaoBasica</tag>
<status status="PASS" start="2024-04-09T21:13:29.289262" elapsed="0.258645"/>
</test>
<test id="s1-s1-t3" name="Validar estrutura de resposta" line="22">
<kw name="Teste de Estrutura de Resposta" owner="random-user-service">
<kw name="GET On Session" owner="RequestsLibrary">
<msg time="2024-04-09T21:13:29.629130" level="INFO">GET Request : url=https://randomuser.me/api 
 path_url=/api 
 headers={'User-Agent': 'python-requests/2.31.0', 'Accept-Encoding': 'gzip, deflate', 'Accept': '*/*', 'Connection': 'keep-alive'} 
 body=None 
 </msg>
<msg time="2024-04-09T21:13:29.629242" level="INFO">GET Response : url=https://randomuser.me/api 
 status=200, reason=OK 
 headers={'Date': 'Tue, 09 Apr 2024 21:13:29 GMT', 'Content-Type': 'application/json; charset=utf-8', 'Transfer-Encoding': 'chunked', 'Connection': 'keep-alive', 'X-Powered-By': 'Express', 'Access-Control-Allow-Origin': '*', 'Cache-Control': 'no-cache', 'ETag': 'W/"47d-ihSDlHsktVMQYOheOxiC1YSrfoU"', 'Vary': 'Accept-Encoding', 'Content-Encoding': 'gzip', 'CF-Cache-Status': 'DYNAMIC', 'Report-To': '{"endpoints":[{"url":"https:\\/\\/a.nel.cloudflare.com\\/report\\/v4?s=Oi0UcstvmTD6c2jvrOVwngkI7dggT0TNlTgjsEG%2F%2ByB9Os0iRBXkmDoMhm3pU0NKg%2FnnepgF%2FWn9NB2m6%2F2m7pwGDwATEQGAP4Rw9S5WSK%2FwRej2Xv7v2FyAOsYv060I"}],"group":"cf-nel","max_age":604800}', 'NEL': '{"success_fraction":0,"report_to":"cf-nel","max_age":604800}', 'Server': 'cloudflare', 'CF-RAY': '871d8057bebc05fb-IAD', 'alt-svc': 'h3=":443"; ma=86400'} 
 body={"results":[{"gender":"male","name":{"title":"Mr","first":"Valdemar","last":"da Paz"},"location":{"street":{"number":2374,"name":"Rua Vinte E Um"},"city":"Belford Roxo","state":"Alagoas","country":"Brazil","postcode":79472,"coordinates":{"latitude":"-77.2596","longitude":"-62.6020"},"timezone":{"offset":"+3:30","description":"Tehran"}},"email":"valdemar.dapaz@example.com","login":{"uuid":"e493f10c-84e8-47dc-b3d2-4264f2beaa61","username":"ticklishcat355","password":"chuai","salt":"Gp7GD1V9","md5":"f01d3d4fbe76e1d771e5585b0a0b7c5b","sha1":"683ac32bb083ea658203a35f467bd182445021d1","sha256":"77478c6868d0908148971745186a35d7190e26f315c014a77de584d1413eb275"},"dob":{"date":"1955-01-28T05:49:12.539Z","age":69},"registered":{"date":"2009-11-07T14:41:25.508Z","age":14},"phone":"(91) 7866-4058","cell":"(59) 7148-4955","id":{"name":"CPF","value":"505.975.143-69"},"picture":{"large":"https://randomuser.me/api/portraits/men/27.jpg","medium":"https://randomuser.me/api/portraits/med/men/27.jpg","thumbnail":"https://randomuser.me/api/portraits/thumb/men/27.jpg"},"nat":"BR"}],"info":{"seed":"72adc1ea432e5302","results":1,"page":1,"version":"1.4"}} 
 </msg>
<msg time="2024-04-09T21:13:29.629407" level="INFO">/opt/hostedtoolcache/Python/3.12.2/x64/lib/python3.12/site-packages/urllib3/connectionpool.py:1103: InsecureRequestWarning: Unverified HTTPS request is being made to host 'randomuser.me'. Adding certificate verification is strongly advised. See: https://urllib3.readthedocs.io/en/latest/advanced-usage.html#tls-warnings
  warnings.warn(</msg>
<msg time="2024-04-09T21:13:29.629548" level="INFO">${response} = &lt;Response [200]&gt;</msg>
<var>${response}</var>
<arg>consultarAPI</arg>
<arg>/api</arg>
<doc>Sends a GET request on a previously created HTTP Session.</doc>
<status status="PASS" start="2024-04-09T21:13:29.550939" elapsed="0.078652"/>
</kw>
<kw name="Set Variable" owner="BuiltIn">
<msg time="2024-04-09T21:13:29.630968" level="INFO">${json_data} = {'results': [{'gender': 'male', 'name': {'title': 'Mr', 'first': 'Valdemar', 'last': 'da Paz'}, 'location': {'street': {'number': 2374, 'name': 'Rua Vinte E Um'}, 'city': 'Belford Roxo', 'state': 'Ala...</msg>
<var>${json_data}</var>
<arg>${response.json()}</arg>
<doc>Returns the given values which can then be assigned to a variables.</doc>
<status status="PASS" start="2024-04-09T21:13:29.630321" elapsed="0.000678"/>
</kw>
<kw name="Log" owner="BuiltIn">
<msg time="2024-04-09T21:13:29.631548" level="INFO">{'results': [{'gender': 'male', 'name': {'title': 'Mr', 'first': 'Valdemar', 'last': 'da Paz'}, 'location': {'street': {'number': 2374, 'name': 'Rua Vinte E Um'}, 'city': 'Belford Roxo', 'state': 'Alagoas', 'country': 'Brazil', 'postcode': 79472, 'coordinates': {'latitude': '-77.2596', 'longitude': '-62.6020'}, 'timezone': {'offset': '+3:30', 'description': 'Tehran'}}, 'email': 'valdemar.dapaz@example.com', 'login': {'uuid': 'e493f10c-84e8-47dc-b3d2-4264f2beaa61', 'username': 'ticklishcat355', 'password': 'chuai', 'salt': 'Gp7GD1V9', 'md5': 'f01d3d4fbe76e1d771e5585b0a0b7c5b', 'sha1': '683ac32bb083ea658203a35f467bd182445021d1', 'sha256': '77478c6868d0908148971745186a35d7190e26f315c014a77de584d1413eb275'}, 'dob': {'date': '1955-01-28T05:49:12.539Z', 'age': 69}, 'registered': {'date': '2009-11-07T14:41:25.508Z', 'age': 14}, 'phone': '(91) 7866-4058', 'cell': '(59) 7148-4955', 'id': {'name': 'CPF', 'value': '505.975.143-69'}, 'picture': {'large': 'https://randomuser.me/api/portraits/men/27.jpg', 'medium': 'https://randomuser.me/api/portraits/med/men/27.jpg', 'thumbnail': 'https://randomuser.me/api/portraits/thumb/men/27.jpg'}, 'nat': 'BR'}], 'info': {'seed': '72adc1ea432e5302', 'results': 1, 'page': 1, 'version': '1.4'}}</msg>
<arg>${json_data}</arg>
<doc>Logs the given message with the given level.</doc>
<status status="PASS" start="2024-04-09T21:13:29.631357" elapsed="0.000245"/>
</kw>
<kw name="Dictionary Should Contain Key" owner="Collections">
<msg time="2024-04-09T21:13:29.632172" level="INFO">False</msg>
<arg>${json_data}</arg>
<arg>results</arg>
<doc>Fails if ``key`` is not found from ``dictionary``.</doc>
<status status="PASS" start="2024-04-09T21:13:29.631919" elapsed="0.000310"/>
</kw>
<kw name="Should Not Be Empty" owner="BuiltIn">
<msg time="2024-04-09T21:13:29.632688" level="INFO">Length is 2.</msg>
<arg>${json_data}</arg>
<doc>Verifies that the given item is not empty.</doc>
<status status="PASS" start="2024-04-09T21:13:29.632544" elapsed="0.000184"/>
</kw>
<kw name="Create List" owner="BuiltIn">
<msg time="2024-04-09T21:13:29.633188" level="INFO">${expected_keys} = ['gender', 'name', 'location', 'email', 'login']</msg>
<var>${expected_keys}</var>
<arg>gender</arg>
<arg>name</arg>
<arg>location</arg>
<arg>email</arg>
<arg>login</arg>
<doc>Returns a list containing given items.</doc>
<status status="PASS" start="2024-04-09T21:13:29.633031" elapsed="0.000183"/>
</kw>
<for flavor="IN">
<iter>
<kw name="Dictionary Should Contain Key" owner="Collections">
<msg time="2024-04-09T21:13:29.634264" level="INFO">False</msg>
<arg>${json_data['results'][0]}</arg>
<arg>${key}</arg>
<doc>Fails if ``key`` is not found from ``dictionary``.</doc>
<status status="PASS" start="2024-04-09T21:13:29.633829" elapsed="0.000482"/>
</kw>
<kw name="Log" owner="BuiltIn">
<msg time="2024-04-09T21:13:29.634998" level="INFO">{'gender': 'male', 'name': {'title': 'Mr', 'first': 'Valdemar', 'last': 'da Paz'}, 'location': {'street': {'number': 2374, 'name': 'Rua Vinte E Um'}, 'city': 'Belford Roxo', 'state': 'Alagoas', 'country': 'Brazil', 'postcode': 79472, 'coordinates': {'latitude': '-77.2596', 'longitude': '-62.6020'}, 'timezone': {'offset': '+3:30', 'description': 'Tehran'}}, 'email': 'valdemar.dapaz@example.com', 'login': {'uuid': 'e493f10c-84e8-47dc-b3d2-4264f2beaa61', 'username': 'ticklishcat355', 'password': 'chuai', 'salt': 'Gp7GD1V9', 'md5': 'f01d3d4fbe76e1d771e5585b0a0b7c5b', 'sha1': '683ac32bb083ea658203a35f467bd182445021d1', 'sha256': '77478c6868d0908148971745186a35d7190e26f315c014a77de584d1413eb275'}, 'dob': {'date': '1955-01-28T05:49:12.539Z', 'age': 69}, 'registered': {'date': '2009-11-07T14:41:25.508Z', 'age': 14}, 'phone': '(91) 7866-4058', 'cell': '(59) 7148-4955', 'id': {'name': 'CPF', 'value': '505.975.143-69'}, 'picture': {'large': 'https://randomuser.me/api/portraits/men/27.jpg', 'medium': 'https://randomuser.me/api/portraits/med/men/27.jpg', 'thumbnail': 'https://randomuser.me/api/portraits/thumb/men/27.jpg'}, 'nat': 'BR'}</msg>
<arg>${json_data['results'][0]}</arg>
<doc>Logs the given message with the given level.</doc>
<status status="PASS" start="2024-04-09T21:13:29.634627" elapsed="0.000426"/>
</kw>
<kw name="Log" owner="BuiltIn">
<msg time="2024-04-09T21:13:29.635498" level="INFO">gender</msg>
<arg>${key}</arg>
<doc>Logs the given message with the given level.</doc>
<status status="PASS" start="2024-04-09T21:13:29.635362" elapsed="0.000176"/>
</kw>
<var name="${key}">gender</var>
<status status="PASS" start="2024-04-09T21:13:29.633693" elapsed="0.002074"/>
</iter>
<iter>
<kw name="Dictionary Should Contain Key" owner="Collections">
<msg time="2024-04-09T21:13:29.636528" level="INFO">False</msg>
<arg>${json_data['results'][0]}</arg>
<arg>${key}</arg>
<doc>Fails if ``key`` is not found from ``dictionary``.</doc>
<status status="PASS" start="2024-04-09T21:13:29.636087" elapsed="0.000481"/>
</kw>
<kw name="Log" owner="BuiltIn">
<msg time="2024-04-09T21:13:29.637295" level="INFO">{'gender': 'male', 'name': {'title': 'Mr', 'first': 'Valdemar', 'last': 'da Paz'}, 'location': {'street': {'number': 2374, 'name': 'Rua Vinte E Um'}, 'city': 'Belford Roxo', 'state': 'Alagoas', 'country': 'Brazil', 'postcode': 79472, 'coordinates': {'latitude': '-77.2596', 'longitude': '-62.6020'}, 'timezone': {'offset': '+3:30', 'description': 'Tehran'}}, 'email': 'valdemar.dapaz@example.com', 'login': {'uuid': 'e493f10c-84e8-47dc-b3d2-4264f2beaa61', 'username': 'ticklishcat355', 'password': 'chuai', 'salt': 'Gp7GD1V9', 'md5': 'f01d3d4fbe76e1d771e5585b0a0b7c5b', 'sha1': '683ac32bb083ea658203a35f467bd182445021d1', 'sha256': '77478c6868d0908148971745186a35d7190e26f315c014a77de584d1413eb275'}, 'dob': {'date': '1955-01-28T05:49:12.539Z', 'age': 69}, 'registered': {'date': '2009-11-07T14:41:25.508Z', 'age': 14}, 'phone': '(91) 7866-4058', 'cell': '(59) 7148-4955', 'id': {'name': 'CPF', 'value': '505.975.143-69'}, 'picture': {'large': 'https://randomuser.me/api/portraits/men/27.jpg', 'medium': 'https://randomuser.me/api/portraits/med/men/27.jpg', 'thumbnail': 'https://randomuser.me/api/portraits/thumb/men/27.jpg'}, 'nat': 'BR'}</msg>
<arg>${json_data['results'][0]}</arg>
<doc>Logs the given message with the given level.</doc>
<status status="PASS" start="2024-04-09T21:13:29.636902" elapsed="0.000451"/>
</kw>
<kw name="Log" owner="BuiltIn">
<msg time="2024-04-09T21:13:29.637831" level="INFO">name</msg>
<arg>${key}</arg>
<doc>Logs the given message with the given level.</doc>
<status status="PASS" start="2024-04-09T21:13:29.637664" elapsed="0.000213"/>
</kw>
<var name="${key}">name</var>
<status status="PASS" start="2024-04-09T21:13:29.635969" elapsed="0.002179"/>
</iter>
<iter>
<kw name="Dictionary Should Contain Key" owner="Collections">
<msg time="2024-04-09T21:13:29.639219" level="INFO">False</msg>
<arg>${json_data['results'][0]}</arg>
<arg>${key}</arg>
<doc>Fails if ``key`` is not found from ``dictionary``.</doc>
<status status="PASS" start="2024-04-09T21:13:29.638607" elapsed="0.000680"/>
</kw>
<kw name="Log" owner="BuiltIn">
<msg time="2024-04-09T21:13:29.640234" level="INFO">{'gender': 'male', 'name': {'title': 'Mr', 'first': 'Valdemar', 'last': 'da Paz'}, 'location': {'street': {'number': 2374, 'name': 'Rua Vinte E Um'}, 'city': 'Belford Roxo', 'state': 'Alagoas', 'country': 'Brazil', 'postcode': 79472, 'coordinates': {'latitude': '-77.2596', 'longitude': '-62.6020'}, 'timezone': {'offset': '+3:30', 'description': 'Tehran'}}, 'email': 'valdemar.dapaz@example.com', 'login': {'uuid': 'e493f10c-84e8-47dc-b3d2-4264f2beaa61', 'username': 'ticklishcat355', 'password': 'chuai', 'salt': 'Gp7GD1V9', 'md5': 'f01d3d4fbe76e1d771e5585b0a0b7c5b', 'sha1': '683ac32bb083ea658203a35f467bd182445021d1', 'sha256': '77478c6868d0908148971745186a35d7190e26f315c014a77de584d1413eb275'}, 'dob': {'date': '1955-01-28T05:49:12.539Z', 'age': 69}, 'registered': {'date': '2009-11-07T14:41:25.508Z', 'age': 14}, 'phone': '(91) 7866-4058', 'cell': '(59) 7148-4955', 'id': {'name': 'CPF', 'value': '505.975.143-69'}, 'picture': {'large': 'https://randomuser.me/api/portraits/men/27.jpg', 'medium': 'https://randomuser.me/api/portraits/med/men/27.jpg', 'thumbnail': 'https://randomuser.me/api/portraits/thumb/men/27.jpg'}, 'nat': 'BR'}</msg>
<arg>${json_data['results'][0]}</arg>
<doc>Logs the given message with the given level.</doc>
<status status="PASS" start="2024-04-09T21:13:29.639769" elapsed="0.000524"/>
</kw>
<kw name="Log" owner="BuiltIn">
<msg time="2024-04-09T21:13:29.640750" level="INFO">location</msg>
<arg>${key}</arg>
<doc>Logs the given message with the given level.</doc>
<status status="PASS" start="2024-04-09T21:13:29.640614" elapsed="0.000177"/>
</kw>
<var name="${key}">location</var>
<status status="PASS" start="2024-04-09T21:13:29.638437" elapsed="0.002588"/>
</iter>
<iter>
<kw name="Dictionary Should Contain Key" owner="Collections">
<msg time="2024-04-09T21:13:29.641747" level="INFO">False</msg>
<arg>${json_data['results'][0]}</arg>
<arg>${key}</arg>
<doc>Fails if ``key`` is not found from ``dictionary``.</doc>
<status status="PASS" start="2024-04-09T21:13:29.641342" elapsed="0.000444"/>
</kw>
<kw name="Log" owner="BuiltIn">
<msg time="2024-04-09T21:13:29.642461" level="INFO">{'gender': 'male', 'name': {'title': 'Mr', 'first': 'Valdemar', 'last': 'da Paz'}, 'location': {'street': {'number': 2374, 'name': 'Rua Vinte E Um'}, 'city': 'Belford Roxo', 'state': 'Alagoas', 'country': 'Brazil', 'postcode': 79472, 'coordinates': {'latitude': '-77.2596', 'longitude': '-62.6020'}, 'timezone': {'offset': '+3:30', 'description': 'Tehran'}}, 'email': 'valdemar.dapaz@example.com', 'login': {'uuid': 'e493f10c-84e8-47dc-b3d2-4264f2beaa61', 'username': 'ticklishcat355', 'password': 'chuai', 'salt': 'Gp7GD1V9', 'md5': 'f01d3d4fbe76e1d771e5585b0a0b7c5b', 'sha1': '683ac32bb083ea658203a35f467bd182445021d1', 'sha256': '77478c6868d0908148971745186a35d7190e26f315c014a77de584d1413eb275'}, 'dob': {'date': '1955-01-28T05:49:12.539Z', 'age': 69}, 'registered': {'date': '2009-11-07T14:41:25.508Z', 'age': 14}, 'phone': '(91) 7866-4058', 'cell': '(59) 7148-4955', 'id': {'name': 'CPF', 'value': '505.975.143-69'}, 'picture': {'large': 'https://randomuser.me/api/portraits/men/27.jpg', 'medium': 'https://randomuser.me/api/portraits/med/men/27.jpg', 'thumbnail': 'https://randomuser.me/api/portraits/thumb/men/27.jpg'}, 'nat': 'BR'}</msg>
<arg>${json_data['results'][0]}</arg>
<doc>Logs the given message with the given level.</doc>
<status status="PASS" start="2024-04-09T21:13:29.642099" elapsed="0.000411"/>
</kw>
<kw name="Log" owner="BuiltIn">
<msg time="2024-04-09T21:13:29.643006" level="INFO">email</msg>
<arg>${key}</arg>
<doc>Logs the given message with the given level.</doc>
<status status="PASS" start="2024-04-09T21:13:29.642820" elapsed="0.000248"/>
</kw>
<var name="${key}">email</var>
<status status="PASS" start="2024-04-09T21:13:29.641208" elapsed="0.002155"/>
</iter>
<iter>
<kw name="Dictionary Should Contain Key" owner="Collections">
<msg time="2024-04-09T21:13:29.644269" level="INFO">False</msg>
<arg>${json_data['results'][0]}</arg>
<arg>${key}</arg>
<doc>Fails if ``key`` is not found from ``dictionary``.</doc>
<status status="PASS" start="2024-04-09T21:13:29.643798" elapsed="0.000536"/>
</kw>
<kw name="Log" owner="BuiltIn">
<msg time="2024-04-09T21:13:29.645044" level="INFO">{'gender': 'male', 'name': {'title': 'Mr', 'first': 'Valdemar', 'last': 'da Paz'}, 'location': {'street': {'number': 2374, 'name': 'Rua Vinte E Um'}, 'city': 'Belford Roxo', 'state': 'Alagoas', 'country': 'Brazil', 'postcode': 79472, 'coordinates': {'latitude': '-77.2596', 'longitude': '-62.6020'}, 'timezone': {'offset': '+3:30', 'description': 'Tehran'}}, 'email': 'valdemar.dapaz@example.com', 'login': {'uuid': 'e493f10c-84e8-47dc-b3d2-4264f2beaa61', 'username': 'ticklishcat355', 'password': 'chuai', 'salt': 'Gp7GD1V9', 'md5': 'f01d3d4fbe76e1d771e5585b0a0b7c5b', 'sha1': '683ac32bb083ea658203a35f467bd182445021d1', 'sha256': '77478c6868d0908148971745186a35d7190e26f315c014a77de584d1413eb275'}, 'dob': {'date': '1955-01-28T05:49:12.539Z', 'age': 69}, 'registered': {'date': '2009-11-07T14:41:25.508Z', 'age': 14}, 'phone': '(91) 7866-4058', 'cell': '(59) 7148-4955', 'id': {'name': 'CPF', 'value': '505.975.143-69'}, 'picture': {'large': 'https://randomuser.me/api/portraits/men/27.jpg', 'medium': 'https://randomuser.me/api/portraits/med/men/27.jpg', 'thumbnail': 'https://randomuser.me/api/portraits/thumb/men/27.jpg'}, 'nat': 'BR'}</msg>
<arg>${json_data['results'][0]}</arg>
<doc>Logs the given message with the given level.</doc>
<status status="PASS" start="2024-04-09T21:13:29.644645" elapsed="0.000448"/>
</kw>
<kw name="Log" owner="BuiltIn">
<msg time="2024-04-09T21:13:29.645524" level="INFO">login</msg>
<arg>${key}</arg>
<doc>Logs the given message with the given level.</doc>
<status status="PASS" start="2024-04-09T21:13:29.645394" elapsed="0.000179"/>
</kw>
<var name="${key}">login</var>
<status status="PASS" start="2024-04-09T21:13:29.643626" elapsed="0.002176"/>
</iter>
<var>${key}</var>
<value>@{expected_keys}</value>
<status status="PASS" start="2024-04-09T21:13:29.633489" elapsed="0.012466"/>
</for>
<kw name="Create List" owner="BuiltIn">
<msg time="2024-04-09T21:13:29.646319" level="INFO">${expected_keysTwo} = ['username', 'password']</msg>
<var>${expected_keysTwo}</var>
<arg>username</arg>
<arg>password</arg>
<doc>Returns a list containing given items.</doc>
<status status="PASS" start="2024-04-09T21:13:29.646175" elapsed="0.000169"/>
</kw>
<for flavor="IN">
<iter>
<kw name="Dictionary Should Contain Key" owner="Collections">
<msg time="2024-04-09T21:13:29.647440" level="INFO">False</msg>
<arg>${json_data['results'][0]['login']}</arg>
<arg>${keyTwo}</arg>
<doc>Fails if ``key`` is not found from ``dictionary``.</doc>
<status status="PASS" start="2024-04-09T21:13:29.647031" elapsed="0.000448"/>
</kw>
<kw name="Dictionary Should Contain Key" owner="Collections">
<msg time="2024-04-09T21:13:29.648199" level="INFO">False</msg>
<arg>${json_data['results'][0]['login']}</arg>
<arg>${keyTwo}</arg>
<doc>Fails if ``key`` is not found from ``dictionary``.</doc>
<status status="PASS" start="2024-04-09T21:13:29.647783" elapsed="0.000455"/>
</kw>
<kw name="Log" owner="BuiltIn">
<msg time="2024-04-09T21:13:29.648674" level="INFO">username</msg>
<arg>${keyTwo}</arg>
<doc>Logs the given message with the given level.</doc>
<status status="PASS" start="2024-04-09T21:13:29.648543" elapsed="0.000170"/>
</kw>
<var name="${keyTwo}">username</var>
<status status="PASS" start="2024-04-09T21:13:29.646915" elapsed="0.002024"/>
</iter>
<iter>
<kw name="Dictionary Should Contain Key" owner="Collections">
<msg time="2024-04-09T21:13:29.649607" level="INFO">False</msg>
<arg>${json_data['results'][0]['login']}</arg>
<arg>${keyTwo}</arg>
<doc>Fails if ``key`` is not found from ``dictionary``.</doc>
<status status="PASS" start="2024-04-09T21:13:29.649225" elapsed="0.000420"/>
</kw>
<kw name="Dictionary Should Contain Key" owner="Collections">
<msg time="2024-04-09T21:13:29.650394" level="INFO">False</msg>
<arg>${json_data['results'][0]['login']}</arg>
<arg>${keyTwo}</arg>
<doc>Fails if ``key`` is not found from ``dictionary``.</doc>
<status status="PASS" start="2024-04-09T21:13:29.649955" elapsed="0.000482"/>
</kw>
<kw name="Log" owner="BuiltIn">
<msg time="2024-04-09T21:13:29.650867" level="INFO">password</msg>
<arg>${keyTwo}</arg>
<doc>Logs the given message with the given level.</doc>
<status status="PASS" start="2024-04-09T21:13:29.650737" elapsed="0.000170"/>
</kw>
<var name="${keyTwo}">password</var>
<status status="PASS" start="2024-04-09T21:13:29.649115" elapsed="0.002014"/>
</iter>
<var>${keyTwo}</var>
<value>@{expected_keysTwo}</value>
<status status="PASS" start="2024-04-09T21:13:29.646607" elapsed="0.004648"/>
</for>
<status status="PASS" start="2024-04-09T21:13:29.550690" elapsed="0.100711"/>
</kw>
<doc>Testa a estrutura da resposta da API.</doc>
<tag>testeEstruturaResposta</tag>
<status status="PASS" start="2024-04-09T21:13:29.549823" elapsed="0.101750"/>
</test>
<test id="s1-s1-t4" name="Validar tipos de dados" line="28">
<kw name="Teste de Tipos de Dados" owner="random-user-service">
<kw name="GET On Session" owner="RequestsLibrary">
<msg time="2024-04-09T21:13:29.737435" level="INFO">GET Request : url=https://randomuser.me/api 
 path_url=/api 
 headers={'User-Agent': 'python-requests/2.31.0', 'Accept-Encoding': 'gzip, deflate', 'Accept': '*/*', 'Connection': 'keep-alive'} 
 body=None 
 </msg>
<msg time="2024-04-09T21:13:29.737533" level="INFO">GET Response : url=https://randomuser.me/api 
 status=200, reason=OK 
 headers={'Date': 'Tue, 09 Apr 2024 21:13:29 GMT', 'Content-Type': 'application/json; charset=utf-8', 'Transfer-Encoding': 'chunked', 'Connection': 'keep-alive', 'X-Powered-By': 'Express', 'Access-Control-Allow-Origin': '*', 'Cache-Control': 'no-cache', 'ETag': 'W/"494-onKM1VK639Ws/rohKXHz/ghvV0E"', 'Vary': 'Accept-Encoding', 'Content-Encoding': 'gzip', 'CF-Cache-Status': 'DYNAMIC', 'Report-To': '{"endpoints":[{"url":"https:\\/\\/a.nel.cloudflare.com\\/report\\/v4?s=C%2F4QAhlGlNZx6a7qsJTgcWCXsvkxVHte6D%2F%2BB9R2C3IeHkynM4PB2WoEv1pH48%2Ft468sQ%2FW3qB%2B92J9RoUxhTjTWUrN1Shs0wryAxosO6uZajnr07ZdtjJFN2X8pOk0y"}],"group":"cf-nel","max_age":604800}', 'NEL': '{"success_fraction":0,"report_to":"cf-nel","max_age":604800}', 'Server': 'cloudflare', 'CF-RAY': '871d80585f4205fb-IAD', 'alt-svc': 'h3=":443"; ma=86400'} 
 body={"results":[{"gender":"female","name":{"title":"Miss","first":"Antonida","last":"Ivasyuk"},"location":{"street":{"number":7611,"name":"Pidgirna"},"city":"Tatarbunari","state":"Hersonska","country":"Ukraine","postcode":47717,"coordinates":{"latitude":"80.0199","longitude":"85.8059"},"timezone":{"offset":"-4:00","description":"Atlantic Time (Canada), Caracas, La Paz"}},"email":"antonida.ivasyuk@example.com","login":{"uuid":"1504cbdd-6d29-4bc6-b1d3-600ad447c3ba","username":"brownkoala147","password":"simon","salt":"1kMTXxEg","md5":"6d0613490e1e30899557049ebbe81dd2","sha1":"28c8cfc77b491800940cec464e6c42dc8d751218","sha256":"1d7c90b9672ded8f34fea6f8da6583650fea09fdbd41a9d32b1c1667172670aa"},"dob":{"date":"1945-02-16T23:00:40.106Z","age":79},"registered":{"date":"2015-09-28T19:20:04.264Z","age":8},"phone":"(068) H47-2766","cell":"(068) P35-5332","id":{"name":"","value":null},"picture":{"large":"https://randomuser.me/api/portraits/women/81.jpg","medium":"https://randomuser.me/api/portraits/med/women/81.jpg","thumbnail":"https://randomuser.me/api/portraits/thumb/women/81.jpg"},"nat":"UA"}],"info":{"seed":"d3d638fde9a9f93a","results":1,"page":1,"version":"1.4"}} 
 </msg>
<msg time="2024-04-09T21:13:29.737608" level="INFO">/opt/hostedtoolcache/Python/3.12.2/x64/lib/python3.12/site-packages/urllib3/connectionpool.py:1103: InsecureRequestWarning: Unverified HTTPS request is being made to host 'randomuser.me'. Adding certificate verification is strongly advised. See: https://urllib3.readthedocs.io/en/latest/advanced-usage.html#tls-warnings
  warnings.warn(</msg>
<msg time="2024-04-09T21:13:29.737728" level="INFO">${response} = &lt;Response [200]&gt;</msg>
<var>${response}</var>
<arg>consultarAPI</arg>
<arg>/api</arg>
<doc>Sends a GET request on a previously created HTTP Session.</doc>
<status status="PASS" start="2024-04-09T21:13:29.654234" elapsed="0.083533"/>
</kw>
<kw name="Set Variable" owner="BuiltIn">
<msg time="2024-04-09T21:13:29.738813" level="INFO">${json_data} = {'results': [{'gender': 'female', 'name': {'title': 'Miss', 'first': 'Antonida', 'last': 'Ivasyuk'}, 'location': {'street': {'number': 7611, 'name': 'Pidgirna'}, 'city': 'Tatarbunari', 'state': 'Herso...</msg>
<var>${json_data}</var>
<arg>${response.json()}</arg>
<doc>Returns the given values which can then be assigned to a variables.</doc>
<status status="PASS" start="2024-04-09T21:13:29.738292" elapsed="0.000551"/>
</kw>
<kw name="Log" owner="BuiltIn">
<msg time="2024-04-09T21:13:29.739324" level="INFO">{'results': [{'gender': 'female', 'name': {'title': 'Miss', 'first': 'Antonida', 'last': 'Ivasyuk'}, 'location': {'street': {'number': 7611, 'name': 'Pidgirna'}, 'city': 'Tatarbunari', 'state': 'Hersonska', 'country': 'Ukraine', 'postcode': 47717, 'coordinates': {'latitude': '80.0199', 'longitude': '85.8059'}, 'timezone': {'offset': '-4:00', 'description': 'Atlantic Time (Canada), Caracas, La Paz'}}, 'email': 'antonida.ivasyuk@example.com', 'login': {'uuid': '1504cbdd-6d29-4bc6-b1d3-600ad447c3ba', 'username': 'brownkoala147', 'password': 'simon', 'salt': '1kMTXxEg', 'md5': '6d0613490e1e30899557049ebbe81dd2', 'sha1': '28c8cfc77b491800940cec464e6c42dc8d751218', 'sha256': '1d7c90b9672ded8f34fea6f8da6583650fea09fdbd41a9d32b1c1667172670aa'}, 'dob': {'date': '1945-02-16T23:00:40.106Z', 'age': 79}, 'registered': {'date': '2015-09-28T19:20:04.264Z', 'age': 8}, 'phone': '(068) H47-2766', 'cell': '(068) P35-5332', 'id': {'name': '', 'value': None}, 'picture': {'large': 'https://randomuser.me/api/portraits/women/81.jpg', 'medium': 'https://randomuser.me/api/portraits/med/women/81.jpg', 'thumbnail': 'https://randomuser.me/api/portraits/thumb/women/81.jpg'}, 'nat': 'UA'}], 'info': {'seed': 'd3d638fde9a9f93a', 'results': 1, 'page': 1, 'version': '1.4'}}</msg>
<arg>${json_data}</arg>
<doc>Logs the given message with the given level.</doc>
<status status="PASS" start="2024-04-09T21:13:29.739160" elapsed="0.000254"/>
</kw>
<kw name="Should Be String" owner="String">
<arg>${json_data['results'][0]['gender']}</arg>
<doc>Fails if the given ``item`` is not a string.</doc>
<status status="PASS" start="2024-04-09T21:13:29.739723" elapsed="0.000369"/>
</kw>
<kw name="Should Match Regexp" owner="BuiltIn">
<arg>${json_data['results'][0]['email']}</arg>
<arg>^[a-zA-Z0-9._%+-]+@[a-zA-Z0-9.-]+\.[a-zA-Z]{2,}$</arg>
<doc>Fails if ``string`` does not match ``pattern`` as a regular expression.</doc>
<status status="PASS" start="2024-04-09T21:13:29.740332" elapsed="0.000523"/>
</kw>
<kw name="Should Match Regexp" owner="BuiltIn">
<arg>${json_data['results'][0]['dob']['date']}</arg>
<arg>\\d{4}-\\d{2}-\\d{2}T\\d{2}:\\d{2}:\\d{2}\\.\\d{3}Z</arg>
<doc>Fails if ``string`` does not match ``pattern`` as a regular expression.</doc>
<status status="PASS" start="2024-04-09T21:13:29.741056" elapsed="0.000498"/>
</kw>
<kw name="Should Match Regexp" owner="BuiltIn">
<arg>${json_data['results'][0]['registered']['date']}</arg>
<arg>\\d{4}-\\d{2}-\\d{2}T\\d{2}:\\d{2}:\\d{2}\\.\\d{3}Z</arg>
<doc>Fails if ``string`` does not match ``pattern`` as a regular expression.</doc>
<status status="PASS" start="2024-04-09T21:13:29.741757" elapsed="0.000379"/>
</kw>
<kw name="Should Match Regexp" owner="BuiltIn">
<arg>${json_data['results'][0]['picture']['large']}</arg>
<arg>^https?://.*\.(?:png|jpe?g|gif|bmp)$</arg>
<doc>Fails if ``string`` does not match ``pattern`` as a regular expression.</doc>
<status status="PASS" start="2024-04-09T21:13:29.742325" elapsed="0.000459"/>
</kw>
<kw name="Should Match Regexp" owner="BuiltIn">
<arg>${json_data['results'][0]['picture']['medium']}</arg>
<arg>^https?://.*\.(?:png|jpe?g|gif|bmp)$</arg>
<doc>Fails if ``string`` does not match ``pattern`` as a regular expression.</doc>
<status status="PASS" start="2024-04-09T21:13:29.742977" elapsed="0.000361"/>
</kw>
<kw name="Should Match Regexp" owner="BuiltIn">
<arg>${json_data['results'][0]['picture']['thumbnail']}</arg>
<arg>^https?://.*\.(?:png|jpe?g|gif|bmp)$</arg>
<doc>Fails if ``string`` does not match ``pattern`` as a regular expression.</doc>
<status status="PASS" start="2024-04-09T21:13:29.743524" elapsed="0.000355"/>
</kw>
<kw name="Log" owner="BuiltIn">
<msg time="2024-04-09T21:13:29.744431" level="INFO">{'large': 'https://randomuser.me/api/portraits/women/81.jpg', 'medium': 'https://randomuser.me/api/portraits/med/women/81.jpg', 'thumbnail': 'https://randomuser.me/api/portraits/thumb/women/81.jpg'}</msg>
<arg>${json_data['results'][0]['picture']}</arg>
<doc>Logs the given message with the given level.</doc>
<status status="PASS" start="2024-04-09T21:13:29.744062" elapsed="0.000412"/>
</kw>
<status status="PASS" start="2024-04-09T21:13:29.653990" elapsed="0.090749"/>
</kw>
<kw name="Teste de Tipos de Dados - Postcode" owner="random-user-service">
<kw name="GET On Session" owner="RequestsLibrary">
<msg time="2024-04-09T21:13:29.828538" level="INFO">GET Request : url=https://randomuser.me/api 
 path_url=/api 
 headers={'User-Agent': 'python-requests/2.31.0', 'Accept-Encoding': 'gzip, deflate', 'Accept': '*/*', 'Connection': 'keep-alive'} 
 body=None 
 </msg>
<msg time="2024-04-09T21:13:29.828637" level="INFO">GET Response : url=https://randomuser.me/api 
 status=200, reason=OK 
 headers={'Date': 'Tue, 09 Apr 2024 21:13:29 GMT', 'Content-Type': 'application/json; charset=utf-8', 'Transfer-Encoding': 'chunked', 'Connection': 'keep-alive', 'X-Powered-By': 'Express', 'Access-Control-Allow-Origin': '*', 'Cache-Control': 'no-cache', 'ETag': 'W/"49d-aICN5UzRGj+HK82TBAkZdBsasHI"', 'Vary': 'Accept-Encoding', 'Content-Encoding': 'gzip', 'CF-Cache-Status': 'DYNAMIC', 'Report-To': '{"endpoints":[{"url":"https:\\/\\/a.nel.cloudflare.com\\/report\\/v4?s=pYe55cI%2BKEFn9tMMVVrbL0S6sSuOm8TvLd5uYzEvRtUw2qchqbcPiDQGvb9TziqDkYp7rUQtqNgaVa%2F50EZAztFnYFOADHfgOHHS6s1BYzRGZzYyHcWUt5vZAWU%2FYRKT"}],"group":"cf-nel","max_age":604800}', 'NEL': '{"success_fraction":0,"report_to":"cf-nel","max_age":604800}', 'Server': 'cloudflare', 'CF-RAY': '871d8058efb905fb-IAD', 'alt-svc': 'h3=":443"; ma=86400'} 
 body={"results":[{"gender":"female","name":{"title":"Mrs","first":"Odara","last":"da Rosa"},"location":{"street":{"number":3282,"name":"Rua Pernambuco "},"city":"Lauro de Freitas","state":"Paraíba","country":"Brazil","postcode":30899,"coordinates":{"latitude":"-75.8801","longitude":"163.2675"},"timezone":{"offset":"-7:00","description":"Mountain Time (US &amp; Canada)"}},"email":"odara.darosa@example.com","login":{"uuid":"c5a35878-3d5e-4d44-a2a9-3a9afbeb3d1d","username":"purpleduck714","password":"newyear","salt":"1v53sqNj","md5":"dcf0ed5bce6bb8d59fb3b5e2631b9c8e","sha1":"18955b13e3cff3dd905bc4a6f7907f15c9b124ba","sha256":"344908a3c6da7f406a8ca32f7dce0ac061e210437e1ea16c532685b72601f118"},"dob":{"date":"1978-07-22T18:44:06.097Z","age":45},"registered":{"date":"2015-12-01T17:09:42.190Z","age":8},"phone":"(78) 7280-8069","cell":"(82) 2242-5707","id":{"name":"CPF","value":"538.977.454-32"},"picture":{"large":"https://randomuser.me/api/portraits/women/96.jpg","medium":"https://randomuser.me/api/portraits/med/women/96.jpg","thumbnail":"https://randomuser.me/api/portraits/thumb/women/96.jpg"},"nat":"BR"}],"info":{"seed":"fc95c71cd9c1cea3","results":1,"page":1,"version":"1.4"}} 
 </msg>
<msg time="2024-04-09T21:13:29.828735" level="INFO">/opt/hostedtoolcache/Python/3.12.2/x64/lib/python3.12/site-packages/urllib3/connectionpool.py:1103: InsecureRequestWarning: Unverified HTTPS request is being made to host 'randomuser.me'. Adding certificate verification is strongly advised. See: https://urllib3.readthedocs.io/en/latest/advanced-usage.html#tls-warnings
  warnings.warn(</msg>
<msg time="2024-04-09T21:13:29.828855" level="INFO">${response} = &lt;Response [200]&gt;</msg>
<var>${response}</var>
<arg>consultarAPI</arg>
<arg>/api</arg>
<doc>Sends a GET request on a previously created HTTP Session.</doc>
<status status="PASS" start="2024-04-09T21:13:29.745212" elapsed="0.083678"/>
</kw>
<kw name="Set Variable" owner="BuiltIn">
<msg time="2024-04-09T21:13:29.829945" level="INFO">${json_data} = {'results': [{'gender': 'female', 'name': {'title': 'Mrs', 'first': 'Odara', 'last': 'da Rosa'}, 'location': {'street': {'number': 3282, 'name': 'Rua Pernambuco '}, 'city': 'Lauro de Freitas', 'state'...</msg>
<var>${json_data}</var>
<arg>${response.json()}</arg>
<doc>Returns the given values which can then be assigned to a variables.</doc>
<status status="PASS" start="2024-04-09T21:13:29.829426" elapsed="0.000547"/>
</kw>
<kw name="Log" owner="BuiltIn">
<msg time="2024-04-09T21:13:29.830443" level="INFO">{'results': [{'gender': 'female', 'name': {'title': 'Mrs', 'first': 'Odara', 'last': 'da Rosa'}, 'location': {'street': {'number': 3282, 'name': 'Rua Pernambuco '}, 'city': 'Lauro de Freitas', 'state': 'Paraíba', 'country': 'Brazil', 'postcode': 30899, 'coordinates': {'latitude': '-75.8801', 'longitude': '163.2675'}, 'timezone': {'offset': '-7:00', 'description': 'Mountain Time (US &amp; Canada)'}}, 'email': 'odara.darosa@example.com', 'login': {'uuid': 'c5a35878-3d5e-4d44-a2a9-3a9afbeb3d1d', 'username': 'purpleduck714', 'password': 'newyear', 'salt': '1v53sqNj', 'md5': 'dcf0ed5bce6bb8d59fb3b5e2631b9c8e', 'sha1': '18955b13e3cff3dd905bc4a6f7907f15c9b124ba', 'sha256': '344908a3c6da7f406a8ca32f7dce0ac061e210437e1ea16c532685b72601f118'}, 'dob': {'date': '1978-07-22T18:44:06.097Z', 'age': 45}, 'registered': {'date': '2015-12-01T17:09:42.190Z', 'age': 8}, 'phone': '(78) 7280-8069', 'cell': '(82) 2242-5707', 'id': {'name': 'CPF', 'value': '538.977.454-32'}, 'picture': {'large': 'https://randomuser.me/api/portraits/women/96.jpg', 'medium': 'https://randomuser.me/api/portraits/med/women/96.jpg', 'thumbnail': 'https://randomuser.me/api/portraits/thumb/women/96.jpg'}, 'nat': 'BR'}], 'info': {'seed': 'fc95c71cd9c1cea3', 'results': 1, 'page': 1, 'version': '1.4'}}</msg>
<arg>${json_data}</arg>
<doc>Logs the given message with the given level.</doc>
<status status="PASS" start="2024-04-09T21:13:29.830284" elapsed="0.000243"/>
</kw>
<kw name="Should Be Equal As Numbers" owner="BuiltIn">
<arg>${json_data['results'][0]['location']['postcode']}</arg>
<arg>${json_data['results'][0]['location']['postcode']}</arg>
<doc>Fails if objects are unequal after converting them to real numbers.</doc>
<status status="PASS" start="2024-04-09T21:13:29.830835" elapsed="0.000631"/>
</kw>
<kw name="Log" owner="BuiltIn">
<msg time="2024-04-09T21:13:29.832034" level="INFO">30899</msg>
<arg>${json_data['results'][0]['location']['postcode']}</arg>
<doc>Logs the given message with the given level.</doc>
<status status="PASS" start="2024-04-09T21:13:29.831660" elapsed="0.000416"/>
</kw>
<status status="PASS" start="2024-04-09T21:13:29.744971" elapsed="0.087406"/>
</kw>
<doc>Testa se os tipos de dados na resposta da API estão corretos.</doc>
<tag>testeTiposDados</tag>
<status status="PASS" start="2024-04-09T21:13:29.653407" elapsed="0.179145"/>
</test>
<test id="s1-s1-t5" name="Validar conteudo" line="35">
<kw name="Teste de Tipos de Conteudo" owner="random-user-service">
<kw name="GET On Session" owner="RequestsLibrary">
<msg time="2024-04-09T21:13:29.956832" level="INFO">GET Request : url=https://randomuser.me/api 
 path_url=/api 
 headers={'User-Agent': 'python-requests/2.31.0', 'Accept-Encoding': 'gzip, deflate', 'Accept': '*/*', 'Connection': 'keep-alive'} 
 body=None 
 </msg>
<msg time="2024-04-09T21:13:29.956935" level="INFO">GET Response : url=https://randomuser.me/api 
 status=200, reason=OK 
 headers={'Date': 'Tue, 09 Apr 2024 21:13:29 GMT', 'Content-Type': 'application/json; charset=utf-8', 'Transfer-Encoding': 'chunked', 'Connection': 'keep-alive', 'X-Powered-By': 'Express', 'Access-Control-Allow-Origin': '*', 'Cache-Control': 'no-cache', 'ETag': 'W/"48e-CmeqXlr0/k8OYvxWDRGVyhpxwMo"', 'Vary': 'Accept-Encoding', 'Content-Encoding': 'gzip', 'CF-Cache-Status': 'DYNAMIC', 'Report-To': '{"endpoints":[{"url":"https:\\/\\/a.nel.cloudflare.com\\/report\\/v4?s=Zewf%2FVUTbtbm2j5KHYVfuj0v4wR7tzYperOIMASj58kLMx57rdM6G3FZBteOG06bX8qFqsupT4sDSqaVaTFpBubVwLJMWSS1DxnOST0z18AwGa9q%2BTk9yNn6L9KlMS8g"}],"group":"cf-nel","max_age":604800}', 'NEL': '{"success_fraction":0,"report_to":"cf-nel","max_age":604800}', 'Server': 'cloudflare', 'CF-RAY': '871d8059782905fb-IAD', 'alt-svc': 'h3=":443"; ma=86400'} 
 body={"results":[{"gender":"male","name":{"title":"Mr","first":"Gumesindo","last":"Gomes"},"location":{"street":{"number":3685,"name":"Rua Vinte E Um"},"city":"Hortolândia","state":"Acre","country":"Brazil","postcode":55450,"coordinates":{"latitude":"-76.6425","longitude":"-156.8025"},"timezone":{"offset":"-7:00","description":"Mountain Time (US &amp; Canada)"}},"email":"gumesindo.gomes@example.com","login":{"uuid":"7725f508-0ff9-49ca-9172-03acce761ad8","username":"lazycat115","password":"austin1","salt":"b80LJVPe","md5":"327f1f5ac0e43305f6f556d285874e0a","sha1":"802ac4979be1d10bedbd7e037406239a535bb595","sha256":"9a37979f87e67a63885e793a1aa9e9578b2d0c5a175a889bfce0ac4665282f37"},"dob":{"date":"1958-07-01T08:55:13.433Z","age":65},"registered":{"date":"2015-11-21T09:05:37.734Z","age":8},"phone":"(88) 4306-8539","cell":"(55) 9950-6849","id":{"name":"CPF","value":"908.721.067-75"},"picture":{"large":"https://randomuser.me/api/portraits/men/77.jpg","medium":"https://randomuser.me/api/portraits/med/men/77.jpg","thumbnail":"https://randomuser.me/api/portraits/thumb/men/77.jpg"},"nat":"BR"}],"info":{"seed":"eb298bd1f61ea880","results":1,"page":1,"version":"1.4"}} 
 </msg>
<msg time="2024-04-09T21:13:29.957014" level="INFO">/opt/hostedtoolcache/Python/3.12.2/x64/lib/python3.12/site-packages/urllib3/connectionpool.py:1103: InsecureRequestWarning: Unverified HTTPS request is being made to host 'randomuser.me'. Adding certificate verification is strongly advised. See: https://urllib3.readthedocs.io/en/latest/advanced-usage.html#tls-warnings
  warnings.warn(</msg>
<msg time="2024-04-09T21:13:29.957143" level="INFO">${response} = &lt;Response [200]&gt;</msg>
<var>${response}</var>
<arg>consultarAPI</arg>
<arg>/api</arg>
<doc>Sends a GET request on a previously created HTTP Session.</doc>
<status status="PASS" start="2024-04-09T21:13:29.834991" elapsed="0.122193"/>
</kw>
<kw name="Set Variable" owner="BuiltIn">
<msg time="2024-04-09T21:13:29.958256" level="INFO">${json_data} = {'results': [{'gender': 'male', 'name': {'title': 'Mr', 'first': 'Gumesindo', 'last': 'Gomes'}, 'location': {'street': {'number': 3685, 'name': 'Rua Vinte E Um'}, 'city': 'Hortolândia', 'state': 'Acre...</msg>
<var>${json_data}</var>
<arg>${response.json()}</arg>
<doc>Returns the given values which can then be assigned to a variables.</doc>
<status status="PASS" start="2024-04-09T21:13:29.957717" elapsed="0.000569"/>
</kw>
<kw name="Set Variable" owner="BuiltIn">
<msg time="2024-04-09T21:13:29.958984" level="INFO">${name_title} = Mr</msg>
<var>${name_title}</var>
<arg>${json_data["results"][0]["name"]["title"]}</arg>
<doc>Returns the given values which can then be assigned to a variables.</doc>
<status status="PASS" start="2024-04-09T21:13:29.958598" elapsed="0.000411"/>
</kw>
<kw name="Create List" owner="BuiltIn">
<msg time="2024-04-09T21:13:29.959457" level="INFO">${allowed_titles} = ['Mr', 'Ms', 'Miss', 'Mrs', 'Madame', 'Monsieur']</msg>
<var>${allowed_titles}</var>
<arg>Mr</arg>
<arg>Ms</arg>
<arg>Miss</arg>
<arg>Mrs</arg>
<arg>Madame</arg>
<arg>Monsieur</arg>
<doc>Returns a list containing given items.</doc>
<status status="PASS" start="2024-04-09T21:13:29.959307" elapsed="0.000174"/>
</kw>
<kw name="List Should Contain Value" owner="Collections">
<msg time="2024-04-09T21:13:29.959961" level="INFO">False</msg>
<arg>${allowed_titles}</arg>
<arg>${name_title}</arg>
<doc>Fails if the ``value`` is not found from ``list``.</doc>
<status status="PASS" start="2024-04-09T21:13:29.959784" elapsed="0.000215"/>
</kw>
<kw name="Set Variable" owner="BuiltIn">
<msg time="2024-04-09T21:13:29.960712" level="INFO">${name_country} = BR</msg>
<var>${name_country}</var>
<arg>${json_data["results"][0]["nat"]}</arg>
<doc>Returns the given values which can then be assigned to a variables.</doc>
<status status="PASS" start="2024-04-09T21:13:29.960327" elapsed="0.000411"/>
</kw>
<kw name="Create List" owner="BuiltIn">
<msg time="2024-04-09T21:13:29.961649" level="INFO">${list_country} = ['AD', 'AE', 'AF', 'AG', 'AI', 'AL', 'AM', 'AO', 'AQ', 'AR', 'AS', 'AT', 'AU', 'AW', 'AX', 'AZ', 'BA', 'BB', 'BD', 'BE', 'BF', 'BG', 'BH', 'BI', 'BJ', 'BL', 'BM', 'BN', 'BO', 'BQ', 'BR', 'BS', 'BT', '...</msg>
<var>${list_country}</var>
<arg>AD</arg>
<arg>AE</arg>
<arg>AF</arg>
<arg>AG</arg>
<arg>AI</arg>
<arg>AL</arg>
<arg>AM</arg>
<arg>AO</arg>
<arg>AQ</arg>
<arg>AR</arg>
<arg>AS</arg>
<arg>AT</arg>
<arg>AU</arg>
<arg>AW</arg>
<arg>AX</arg>
<arg>AZ</arg>
<arg>BA</arg>
<arg>BB</arg>
<arg>BD</arg>
<arg>BE</arg>
<arg>BF</arg>
<arg>BG</arg>
<arg>BH</arg>
<arg>BI</arg>
<arg>BJ</arg>
<arg>BL</arg>
<arg>BM</arg>
<arg>BN</arg>
<arg>BO</arg>
<arg>BQ</arg>
<arg>BR</arg>
<arg>BS</arg>
<arg>BT</arg>
<arg>BV</arg>
<arg>BW</arg>
<arg>BY</arg>
<arg>BZ</arg>
<arg>CA</arg>
<arg>CC</arg>
<arg>CD</arg>
<arg>CF</arg>
<arg>CG</arg>
<arg>CH</arg>
<arg>CI</arg>
<arg>CK</arg>
<arg>CL</arg>
<arg>CM</arg>
<arg>CN</arg>
<arg>CO</arg>
<arg>CR</arg>
<arg>CU</arg>
<arg>CV</arg>
<arg>CW</arg>
<arg>CX</arg>
<arg>CY</arg>
<arg>CZ</arg>
<arg>DE</arg>
<arg>DJ</arg>
<arg>DK</arg>
<arg>DM</arg>
<arg>DO</arg>
<arg>DZ</arg>
<arg>EC</arg>
<arg>EE</arg>
<arg>EG</arg>
<arg>EH</arg>
<arg>ER</arg>
<arg>ES</arg>
<arg>ET</arg>
<arg>FI</arg>
<arg>FJ</arg>
<arg>FK</arg>
<arg>FM</arg>
<arg>FO</arg>
<arg>FR</arg>
<arg>GA</arg>
<arg>GB</arg>
<arg>GD</arg>
<arg>GE</arg>
<arg>GF</arg>
<arg>GG</arg>
<arg>GH</arg>
<arg>GI</arg>
<arg>GL</arg>
<arg>GM</arg>
<arg>GN</arg>
<arg>GP</arg>
<arg>GQ</arg>
<arg>GR</arg>
<arg>GS</arg>
<arg>GT</arg>
<arg>GU</arg>
<arg>GW</arg>
<arg>GY</arg>
<arg>HK</arg>
<arg>HM</arg>
<arg>HN</arg>
<arg>HR</arg>
<arg>HT</arg>
<arg>HU</arg>
<arg>ID</arg>
<arg>IE</arg>
<arg>IL</arg>
<arg>IM</arg>
<arg>IN</arg>
<arg>IO</arg>
<arg>IQ</arg>
<arg>IR</arg>
<arg>IS</arg>
<arg>IT</arg>
<arg>JE</arg>
<arg>JM</arg>
<arg>JO</arg>
<arg>JP</arg>
<arg>KE</arg>
<arg>KG</arg>
<arg>KH</arg>
<arg>KI</arg>
<arg>KM</arg>
<arg>KN</arg>
<arg>KP</arg>
<arg>KR</arg>
<arg>KW</arg>
<arg>KY</arg>
<arg>KZ</arg>
<arg>LA</arg>
<arg>LB</arg>
<arg>LC</arg>
<arg>LI</arg>
<arg>LK</arg>
<arg>LR</arg>
<arg>LS</arg>
<arg>LT</arg>
<arg>LU</arg>
<arg>LV</arg>
<arg>LY</arg>
<arg>MA</arg>
<arg>MC</arg>
<arg>MD</arg>
<arg>ME</arg>
<arg>MF</arg>
<arg>MG</arg>
<arg>MH</arg>
<arg>MK</arg>
<arg>ML</arg>
<arg>MM</arg>
<arg>MN</arg>
<arg>MO</arg>
<arg>MP</arg>
<arg>MQ</arg>
<arg>MR</arg>
<arg>MS</arg>
<arg>MT</arg>
<arg>MU</arg>
<arg>MV</arg>
<arg>MW</arg>
<arg>MX</arg>
<arg>MY</arg>
<arg>MZ</arg>
<arg>NA</arg>
<arg>NC</arg>
<arg>NE</arg>
<arg>NF</arg>
<arg>NG</arg>
<arg>NI</arg>
<arg>NL</arg>
<arg>NO</arg>
<arg>NP</arg>
<arg>NR</arg>
<arg>NU</arg>
<arg>NZ</arg>
<arg>OM</arg>
<arg>PA</arg>
<arg>PE</arg>
<arg>PF</arg>
<arg>PG</arg>
<arg>PH</arg>
<arg>PK</arg>
<arg>PL</arg>
<arg>PM</arg>
<arg>PN</arg>
<arg>PR</arg>
<arg>PS</arg>
<arg>PT</arg>
<arg>PW</arg>
<arg>PY</arg>
<arg>QA</arg>
<arg>RE</arg>
<arg>RO</arg>
<arg>RS</arg>
<arg>RU</arg>
<arg>RW</arg>
<arg>SA</arg>
<arg>SB</arg>
<arg>SC</arg>
<arg>SD</arg>
<arg>SE</arg>
<arg>SG</arg>
<arg>SH</arg>
<arg>SI</arg>
<arg>SJ</arg>
<arg>SK</arg>
<arg>SL</arg>
<arg>SM</arg>
<arg>SN</arg>
<arg>SO</arg>
<arg>SR</arg>
<arg>SS</arg>
<arg>ST</arg>
<arg>SV</arg>
<arg>SX</arg>
<arg>SY</arg>
<arg>SZ</arg>
<arg>TC</arg>
<arg>TD</arg>
<arg>TF</arg>
<arg>TG</arg>
<arg>TH</arg>
<arg>TJ</arg>
<arg>TK</arg>
<arg>TL</arg>
<arg>TM</arg>
<arg>TN</arg>
<arg>TO</arg>
<arg>TR</arg>
<arg>TT</arg>
<arg>TV</arg>
<arg>TW</arg>
<arg>TZ</arg>
<arg>UA</arg>
<arg>UG</arg>
<arg>UM</arg>
<arg>US</arg>
<arg>UY</arg>
<arg>UZ</arg>
<arg>VA</arg>
<arg>VC</arg>
<arg>VE</arg>
<arg>VG</arg>
<arg>VI</arg>
<arg>VN</arg>
<arg>VU</arg>
<arg>WF</arg>
<arg>WS</arg>
<arg>XK</arg>
<arg>YE</arg>
<arg>YT</arg>
<arg>ZA</arg>
<arg>ZM</arg>
<arg>ZW</arg>
<doc>Returns a list containing given items.</doc>
<status status="PASS" start="2024-04-09T21:13:29.961050" elapsed="0.000624"/>
</kw>
<kw name="List Should Contain Value" owner="Collections">
<msg time="2024-04-09T21:13:29.962707" level="INFO">False</msg>
<arg>${list_country}</arg>
<arg>${name_country}</arg>
<doc>Fails if the ``value`` is not found from ``list``.</doc>
<status status="PASS" start="2024-04-09T21:13:29.962505" elapsed="0.000239"/>
</kw>
<kw name="Run Keyword If" owner="BuiltIn">
<kw name="Should Be True" owner="BuiltIn">
<arg>${True}</arg>
<doc>Fails if the given condition is not true.</doc>
<status status="PASS" start="2024-04-09T21:13:29.963983" elapsed="0.000179"/>
</kw>
<arg>${json_data["results"][0]["location"]["coordinates"]["latitude"]} &gt;= -90 and ${json_data["results"][0]["location"]["coordinates"]["latitude"]} &lt;= 90</arg>
<arg>Should Be True</arg>
<arg>${True}</arg>
<doc>Runs the given keyword with the given arguments, if ``condition`` is true.</doc>
<status status="PASS" start="2024-04-09T21:13:29.963079" elapsed="0.001216"/>
</kw>
<kw name="Run Keyword If" owner="BuiltIn">
<kw name="Should Be True" owner="BuiltIn">
<arg>${True}</arg>
<doc>Fails if the given condition is not true.</doc>
<status status="PASS" start="2024-04-09T21:13:29.965189" elapsed="0.000141"/>
</kw>
<arg>${json_data["results"][0]["location"]["coordinates"]["longitude"]} &gt;= -180 and ${json_data["results"][0]["location"]["coordinates"]["longitude"]} &lt;= 180</arg>
<arg>Should Be True</arg>
<arg>${True}</arg>
<doc>Runs the given keyword with the given arguments, if ``condition`` is true.</doc>
<status status="PASS" start="2024-04-09T21:13:29.964482" elapsed="0.000972"/>
</kw>
<status status="PASS" start="2024-04-09T21:13:29.834759" elapsed="0.130829"/>
</kw>
<doc>Testa o conteúdo específico dos campos retornados pela API.</doc>
<tag>testeConteudo</tag>
<status status="PASS" start="2024-04-09T21:13:29.834297" elapsed="0.131450"/>
</test>
<status status="PASS" start="2024-04-09T21:13:28.978896" elapsed="0.988778"/>
</suite>
<status status="PASS" start="2024-04-09T21:13:28.964639" elapsed="1.008484"/>
</suite>
<statistics>
<total>
<stat pass="5" fail="0" skip="0">All Tests</stat>
</total>
<tag>
<stat pass="1" fail="0" skip="0">testeConteudo</stat>
<stat pass="1" fail="0" skip="0">testeEstruturaResposta</stat>
<stat pass="1" fail="0" skip="0">testeRequisicaoBasica</stat>
<stat pass="1" fail="0" skip="0">testeTiposDados</stat>
</tag>
<suite>
<stat pass="5" fail="0" skip="0" id="s1" name="Tests">Tests</stat>
<stat pass="5" fail="0" skip="0" id="s1-s1" name="Random-User-Test">Tests.Random-User-Test</stat>
</suite>
</statistics>
<errors>
</errors>
</robot>
