<?xml version="1.0" encoding="UTF-8"?>
<robot generator="Robot 7.0 (Python 3.12.2 on linux)" generated="2024-03-22T07:13:11.335534" rpa="false" schemaversion="5">
<suite id="s1" name="Tests" source="/home/runner/work/DesafioQAItauRogerioJordao/DesafioQAItauRogerioJordao/RamdonUser/tests">
<suite id="s1-s1" name="Random-User-Test" source="/home/runner/work/DesafioQAItauRogerioJordao/DesafioQAItauRogerioJordao/RamdonUser/tests/random-user-test.robot">
<test id="s1-s1-t1" name="Conectar" line="13">
<kw name="Conectar API" owner="random-user-service">
<kw name="Create Session" owner="RequestsLibrary">
<msg time="2024-03-22T07:13:11.714171" level="INFO">Creating Session using : alias=consultarAPI, url=https://randomuser.me/, headers={},                     cookies={}, auth=None, timeout=None, proxies=None, verify=False,                     debug=0 </msg>
<arg>consultarAPI</arg>
<arg>${URL}</arg>
<doc>Create Session: create a HTTP session to a server</doc>
<status status="PASS" start="2024-03-22T07:13:11.713944" elapsed="0.000434"/>
</kw>
<status status="PASS" start="2024-03-22T07:13:11.712824" elapsed="0.002002"/>
</kw>
<status status="PASS" start="2024-03-22T07:13:11.712227" elapsed="0.002809"/>
</test>
<test id="s1-s1-t2" name="Validar retorno 200 e JSON Válido" line="16">
<kw name="Teste de Requisicao Basica" owner="random-user-service">
<kw name="GET On Session" owner="RequestsLibrary">
<msg time="2024-03-22T07:13:11.784346" level="INFO">GET Request : url=https://randomuser.me/api 
 path_url=/api 
 headers={'User-Agent': 'python-requests/2.31.0', 'Accept-Encoding': 'gzip, deflate', 'Accept': '*/*', 'Connection': 'keep-alive'} 
 body=None 
 </msg>
<msg time="2024-03-22T07:13:11.784506" level="INFO">GET Response : url=https://randomuser.me/api 
 status=200, reason=OK 
 headers={'Date': 'Fri, 22 Mar 2024 07:13:11 GMT', 'Content-Type': 'application/json; charset=utf-8', 'Transfer-Encoding': 'chunked', 'Connection': 'keep-alive', 'X-Powered-By': 'Express', 'Access-Control-Allow-Origin': '*', 'Cache-Control': 'no-cache', 'ETag': 'W/"47e-sGNDLZZTBynHsTa1TPRBXVnKlMg"', 'Vary': 'Accept-Encoding', 'Content-Encoding': 'gzip', 'CF-Cache-Status': 'DYNAMIC', 'Report-To': '{"endpoints":[{"url":"https:\\/\\/a.nel.cloudflare.com\\/report\\/v4?s=CpAx3fj%2BtsWTR9zSjPjWGkF%2B%2FWa8pgIYJ%2BFKws1LFyZOE%2FQC6MVEEQLUpg5NY%2BaH77Y%2F66GSLl8PEu8TbICjkfL4XzPF%2Biqw0M7HBgiOuwOGkiBvfJWoMSEJ%2Be%2BLp1%2Fl"}],"group":"cf-nel","max_age":604800}', 'NEL': '{"success_fraction":0,"report_to":"cf-nel","max_age":604800}', 'Server': 'cloudflare', 'CF-RAY': '868460b0787807e1-IAD', 'alt-svc': 'h3=":443"; ma=86400'} 
 body={"results":[{"gender":"male","name":{"title":"Mr","first":"Michael","last":"Johnson"},"location":{"street":{"number":664,"name":"Weymouth Road"},"city":"Rotorua","state":"Marlborough","country":"New Zealand","postcode":65643,"coordinates":{"latitude":"51.9698","longitude":"-104.4993"},"timezone":{"offset":"-11:00","description":"Midway Island, Samoa"}},"email":"michael.johnson@example.com","login":{"uuid":"c511fb69-4ab0-4e1b-bb68-1381cbd9df3a","username":"happylion181","password":"pinetree","salt":"rPSa6eSE","md5":"2d3062553a9b67aea9fdf0ff9167a0d9","sha1":"0fe9650daeb792c49d628299b3702a0d194c7893","sha256":"5c655fb1427490c6a96f5eed8800ec3e5a7c643765ae8452ad0aa21f0c34cb27"},"dob":{"date":"1956-09-27T15:26:42.385Z","age":67},"registered":{"date":"2012-11-20T12:28:05.991Z","age":11},"phone":"(778)-589-1678","cell":"(305)-376-6603","id":{"name":"","value":null},"picture":{"large":"https://randomuser.me/api/portraits/men/6.jpg","medium":"https://randomuser.me/api/portraits/med/men/6.jpg","thumbnail":"https://randomuser.me/api/portraits/thumb/men/6.jpg"},"nat":"NZ"}],"info":{"seed":"4c16b9dccbadba59","results":1,"page":1,"version":"1.4"}} 
 </msg>
<msg time="2024-03-22T07:13:11.784615" level="INFO">/opt/hostedtoolcache/Python/3.12.2/x64/lib/python3.12/site-packages/urllib3/connectionpool.py:1103: InsecureRequestWarning: Unverified HTTPS request is being made to host 'randomuser.me'. Adding certificate verification is strongly advised. See: https://urllib3.readthedocs.io/en/latest/advanced-usage.html#tls-warnings
  warnings.warn(</msg>
<msg time="2024-03-22T07:13:11.784784" level="INFO">${response} = &lt;Response [200]&gt;</msg>
<var>${response}</var>
<arg>consultarAPI</arg>
<arg>/api</arg>
<doc>Sends a GET request on a previously created HTTP Session.</doc>
<status status="PASS" start="2024-03-22T07:13:11.717646" elapsed="0.067178"/>
</kw>
<kw name="Should Be Equal As Numbers" owner="BuiltIn">
<msg time="2024-03-22T07:13:11.785866" level="INFO">Argument types are:
&lt;class 'int'&gt;
&lt;class 'str'&gt;</msg>
<arg>${response.status_code}</arg>
<arg>200</arg>
<doc>Fails if objects are unequal after converting them to real numbers.</doc>
<status status="PASS" start="2024-03-22T07:13:11.785385" elapsed="0.000549"/>
</kw>
<kw name="Log" owner="BuiltIn">
<msg time="2024-03-22T07:13:11.786675" level="INFO">200</msg>
<arg>${response.status_code}</arg>
<doc>Logs the given message with the given level.</doc>
<status status="PASS" start="2024-03-22T07:13:11.786262" elapsed="0.000457"/>
</kw>
<kw name="Set Variable" owner="BuiltIn">
<msg time="2024-03-22T07:13:11.787518" level="INFO">${json_data} = {'results': [{'gender': 'male', 'name': {'title': 'Mr', 'first': 'Michael', 'last': 'Johnson'}, 'location': {'street': {'number': 664, 'name': 'Weymouth Road'}, 'city': 'Rotorua', 'state': 'Marlboroug...</msg>
<var>${json_data}</var>
<arg>${response.json()}</arg>
<doc>Returns the given values which can then be assigned to a variables.</doc>
<status status="PASS" start="2024-03-22T07:13:11.787069" elapsed="0.000477"/>
</kw>
<kw name="Dictionary Should Contain Key" owner="Collections">
<msg time="2024-03-22T07:13:11.788022" level="INFO">False</msg>
<arg>${json_data}</arg>
<arg>results</arg>
<doc>Fails if ``key`` is not found from ``dictionary``.</doc>
<status status="PASS" start="2024-03-22T07:13:11.787850" elapsed="0.000212"/>
</kw>
<status status="PASS" start="2024-03-22T07:13:11.717384" elapsed="0.070947"/>
</kw>
<doc>Testa se a API responde corretamente e retorna um objeto JSON válido.</doc>
<tag>testeRequisicaoBasica</tag>
<status status="PASS" start="2024-03-22T07:13:11.716911" elapsed="0.071618"/>
</test>
<test id="s1-s1-t3" name="Validar estrutura de resposta" line="22">
<kw name="Teste de Estrutura de Resposta" owner="random-user-service">
<kw name="GET On Session" owner="RequestsLibrary">
<msg time="2024-03-22T07:13:11.890316" level="INFO">GET Request : url=https://randomuser.me/api 
 path_url=/api 
 headers={'User-Agent': 'python-requests/2.31.0', 'Accept-Encoding': 'gzip, deflate', 'Accept': '*/*', 'Connection': 'keep-alive'} 
 body=None 
 </msg>
<msg time="2024-03-22T07:13:11.890455" level="INFO">GET Response : url=https://randomuser.me/api 
 status=200, reason=OK 
 headers={'Date': 'Fri, 22 Mar 2024 07:13:11 GMT', 'Content-Type': 'application/json; charset=utf-8', 'Transfer-Encoding': 'chunked', 'Connection': 'keep-alive', 'X-Powered-By': 'Express', 'Access-Control-Allow-Origin': '*', 'Cache-Control': 'no-cache', 'ETag': 'W/"478-eLTMSGaQQ9AfmxhYGvSIrndxydE"', 'Vary': 'Accept-Encoding', 'Content-Encoding': 'gzip', 'CF-Cache-Status': 'DYNAMIC', 'Report-To': '{"endpoints":[{"url":"https:\\/\\/a.nel.cloudflare.com\\/report\\/v4?s=w64Noh0ZAqHrGvHZhP1%2F0a7m8K%2BIJxkX%2B5mhAxBTF97sTxWrRlU%2FC0Gg%2FJmOKamTAvpMm90YtO%2BrSZ5XsHXPqDaQezYevFOCqpHbOCPupqoEMsT37YwJPcqvC9o4TI%2Fg"}],"group":"cf-nel","max_age":604800}', 'NEL': '{"success_fraction":0,"report_to":"cf-nel","max_age":604800}', 'Server': 'cloudflare', 'CF-RAY': '868460b0b89a07e1-IAD', 'alt-svc': 'h3=":443"; ma=86400'} 
 body={"results":[{"gender":"female","name":{"title":"Miss","first":"Katrine","last":"Nissen"},"location":{"street":{"number":4519,"name":"Kongshavnveien"},"city":"Bryggja","state":"Rogaland","country":"Norway","postcode":"5506","coordinates":{"latitude":"40.7303","longitude":"21.8446"},"timezone":{"offset":"+9:30","description":"Adelaide, Darwin"}},"email":"katrine.nissen@example.com","login":{"uuid":"791e771a-4671-457e-a8e6-e40a9b01c3a1","username":"happywolf327","password":"vader","salt":"zEftE34H","md5":"4c19712a6e8315521811b8cde8c3d281","sha1":"e52154505f38d071e8e27545674eec1914d8b54c","sha256":"7bf068a41861ca00fafe52ed53512f41a18a5a0c171b98bdd9c6e7cb66966e98"},"dob":{"date":"1944-09-17T13:17:33.556Z","age":79},"registered":{"date":"2015-10-31T11:52:34.056Z","age":8},"phone":"70082601","cell":"91174652","id":{"name":"FN","value":"17094419689"},"picture":{"large":"https://randomuser.me/api/portraits/women/55.jpg","medium":"https://randomuser.me/api/portraits/med/women/55.jpg","thumbnail":"https://randomuser.me/api/portraits/thumb/women/55.jpg"},"nat":"NO"}],"info":{"seed":"b25c54db9ee79233","results":1,"page":1,"version":"1.4"}} 
 </msg>
<msg time="2024-03-22T07:13:11.890611" level="INFO">/opt/hostedtoolcache/Python/3.12.2/x64/lib/python3.12/site-packages/urllib3/connectionpool.py:1103: InsecureRequestWarning: Unverified HTTPS request is being made to host 'randomuser.me'. Adding certificate verification is strongly advised. See: https://urllib3.readthedocs.io/en/latest/advanced-usage.html#tls-warnings
  warnings.warn(</msg>
<msg time="2024-03-22T07:13:11.890763" level="INFO">${response} = &lt;Response [200]&gt;</msg>
<var>${response}</var>
<arg>consultarAPI</arg>
<arg>/api</arg>
<doc>Sends a GET request on a previously created HTTP Session.</doc>
<status status="PASS" start="2024-03-22T07:13:11.791318" elapsed="0.099492"/>
</kw>
<kw name="Set Variable" owner="BuiltIn">
<msg time="2024-03-22T07:13:11.891929" level="INFO">${json_data} = {'results': [{'gender': 'female', 'name': {'title': 'Miss', 'first': 'Katrine', 'last': 'Nissen'}, 'location': {'street': {'number': 4519, 'name': 'Kongshavnveien'}, 'city': 'Bryggja', 'state': 'Rogal...</msg>
<var>${json_data}</var>
<arg>${response.json()}</arg>
<doc>Returns the given values which can then be assigned to a variables.</doc>
<status status="PASS" start="2024-03-22T07:13:11.891369" elapsed="0.000591"/>
</kw>
<kw name="Log" owner="BuiltIn">
<msg time="2024-03-22T07:13:11.892470" level="INFO">{'results': [{'gender': 'female', 'name': {'title': 'Miss', 'first': 'Katrine', 'last': 'Nissen'}, 'location': {'street': {'number': 4519, 'name': 'Kongshavnveien'}, 'city': 'Bryggja', 'state': 'Rogaland', 'country': 'Norway', 'postcode': '5506', 'coordinates': {'latitude': '40.7303', 'longitude': '21.8446'}, 'timezone': {'offset': '+9:30', 'description': 'Adelaide, Darwin'}}, 'email': 'katrine.nissen@example.com', 'login': {'uuid': '791e771a-4671-457e-a8e6-e40a9b01c3a1', 'username': 'happywolf327', 'password': 'vader', 'salt': 'zEftE34H', 'md5': '4c19712a6e8315521811b8cde8c3d281', 'sha1': 'e52154505f38d071e8e27545674eec1914d8b54c', 'sha256': '7bf068a41861ca00fafe52ed53512f41a18a5a0c171b98bdd9c6e7cb66966e98'}, 'dob': {'date': '1944-09-17T13:17:33.556Z', 'age': 79}, 'registered': {'date': '2015-10-31T11:52:34.056Z', 'age': 8}, 'phone': '70082601', 'cell': '91174652', 'id': {'name': 'FN', 'value': '17094419689'}, 'picture': {'large': 'https://randomuser.me/api/portraits/women/55.jpg', 'medium': 'https://randomuser.me/api/portraits/med/women/55.jpg', 'thumbnail': 'https://randomuser.me/api/portraits/thumb/women/55.jpg'}, 'nat': 'NO'}], 'info': {'seed': 'b25c54db9ee79233', 'results': 1, 'page': 1, 'version': '1.4'}}</msg>
<arg>${json_data}</arg>
<doc>Logs the given message with the given level.</doc>
<status status="PASS" start="2024-03-22T07:13:11.892298" elapsed="0.000221"/>
</kw>
<kw name="Dictionary Should Contain Key" owner="Collections">
<msg time="2024-03-22T07:13:11.892991" level="INFO">False</msg>
<arg>${json_data}</arg>
<arg>results</arg>
<doc>Fails if ``key`` is not found from ``dictionary``.</doc>
<status status="PASS" start="2024-03-22T07:13:11.892825" elapsed="0.000205"/>
</kw>
<kw name="Should Not Be Empty" owner="BuiltIn">
<msg time="2024-03-22T07:13:11.893467" level="INFO">Length is 2.</msg>
<arg>${json_data}</arg>
<doc>Verifies that the given item is not empty.</doc>
<status status="PASS" start="2024-03-22T07:13:11.893333" elapsed="0.000173"/>
</kw>
<kw name="Create List" owner="BuiltIn">
<msg time="2024-03-22T07:13:11.893967" level="INFO">${expected_keys} = ['gender', 'name', 'location', 'email', 'login']</msg>
<var>${expected_keys}</var>
<arg>gender</arg>
<arg>name</arg>
<arg>location</arg>
<arg>email</arg>
<arg>login</arg>
<doc>Returns a list containing given items.</doc>
<status status="PASS" start="2024-03-22T07:13:11.893804" elapsed="0.000187"/>
</kw>
<for flavor="IN">
<iter>
<kw name="Dictionary Should Contain Key" owner="Collections">
<msg time="2024-03-22T07:13:11.895048" level="INFO">False</msg>
<arg>${json_data['results'][0]}</arg>
<arg>${key}</arg>
<doc>Fails if ``key`` is not found from ``dictionary``.</doc>
<status status="PASS" start="2024-03-22T07:13:11.894633" elapsed="0.000455"/>
</kw>
<kw name="Log" owner="BuiltIn">
<msg time="2024-03-22T07:13:11.895769" level="INFO">{'gender': 'female', 'name': {'title': 'Miss', 'first': 'Katrine', 'last': 'Nissen'}, 'location': {'street': {'number': 4519, 'name': 'Kongshavnveien'}, 'city': 'Bryggja', 'state': 'Rogaland', 'country': 'Norway', 'postcode': '5506', 'coordinates': {'latitude': '40.7303', 'longitude': '21.8446'}, 'timezone': {'offset': '+9:30', 'description': 'Adelaide, Darwin'}}, 'email': 'katrine.nissen@example.com', 'login': {'uuid': '791e771a-4671-457e-a8e6-e40a9b01c3a1', 'username': 'happywolf327', 'password': 'vader', 'salt': 'zEftE34H', 'md5': '4c19712a6e8315521811b8cde8c3d281', 'sha1': 'e52154505f38d071e8e27545674eec1914d8b54c', 'sha256': '7bf068a41861ca00fafe52ed53512f41a18a5a0c171b98bdd9c6e7cb66966e98'}, 'dob': {'date': '1944-09-17T13:17:33.556Z', 'age': 79}, 'registered': {'date': '2015-10-31T11:52:34.056Z', 'age': 8}, 'phone': '70082601', 'cell': '91174652', 'id': {'name': 'FN', 'value': '17094419689'}, 'picture': {'large': 'https://randomuser.me/api/portraits/women/55.jpg', 'medium': 'https://randomuser.me/api/portraits/med/women/55.jpg', 'thumbnail': 'https://randomuser.me/api/portraits/thumb/women/55.jpg'}, 'nat': 'NO'}</msg>
<arg>${json_data['results'][0]}</arg>
<doc>Logs the given message with the given level.</doc>
<status status="PASS" start="2024-03-22T07:13:11.895398" elapsed="0.000425"/>
</kw>
<kw name="Log" owner="BuiltIn">
<msg time="2024-03-22T07:13:11.896264" level="INFO">gender</msg>
<arg>${key}</arg>
<doc>Logs the given message with the given level.</doc>
<status status="PASS" start="2024-03-22T07:13:11.896131" elapsed="0.000172"/>
</kw>
<var name="${key}">gender</var>
<status status="PASS" start="2024-03-22T07:13:11.894500" elapsed="0.002030"/>
</iter>
<iter>
<kw name="Dictionary Should Contain Key" owner="Collections">
<msg time="2024-03-22T07:13:11.897223" level="INFO">False</msg>
<arg>${json_data['results'][0]}</arg>
<arg>${key}</arg>
<doc>Fails if ``key`` is not found from ``dictionary``.</doc>
<status status="PASS" start="2024-03-22T07:13:11.896839" elapsed="0.000422"/>
</kw>
<kw name="Log" owner="BuiltIn">
<msg time="2024-03-22T07:13:11.897969" level="INFO">{'gender': 'female', 'name': {'title': 'Miss', 'first': 'Katrine', 'last': 'Nissen'}, 'location': {'street': {'number': 4519, 'name': 'Kongshavnveien'}, 'city': 'Bryggja', 'state': 'Rogaland', 'country': 'Norway', 'postcode': '5506', 'coordinates': {'latitude': '40.7303', 'longitude': '21.8446'}, 'timezone': {'offset': '+9:30', 'description': 'Adelaide, Darwin'}}, 'email': 'katrine.nissen@example.com', 'login': {'uuid': '791e771a-4671-457e-a8e6-e40a9b01c3a1', 'username': 'happywolf327', 'password': 'vader', 'salt': 'zEftE34H', 'md5': '4c19712a6e8315521811b8cde8c3d281', 'sha1': 'e52154505f38d071e8e27545674eec1914d8b54c', 'sha256': '7bf068a41861ca00fafe52ed53512f41a18a5a0c171b98bdd9c6e7cb66966e98'}, 'dob': {'date': '1944-09-17T13:17:33.556Z', 'age': 79}, 'registered': {'date': '2015-10-31T11:52:34.056Z', 'age': 8}, 'phone': '70082601', 'cell': '91174652', 'id': {'name': 'FN', 'value': '17094419689'}, 'picture': {'large': 'https://randomuser.me/api/portraits/women/55.jpg', 'medium': 'https://randomuser.me/api/portraits/med/women/55.jpg', 'thumbnail': 'https://randomuser.me/api/portraits/thumb/women/55.jpg'}, 'nat': 'NO'}</msg>
<arg>${json_data['results'][0]}</arg>
<doc>Logs the given message with the given level.</doc>
<status status="PASS" start="2024-03-22T07:13:11.897601" elapsed="0.000416"/>
</kw>
<kw name="Log" owner="BuiltIn">
<msg time="2024-03-22T07:13:11.898474" level="INFO">name</msg>
<arg>${key}</arg>
<doc>Logs the given message with the given level.</doc>
<status status="PASS" start="2024-03-22T07:13:11.898320" elapsed="0.000193"/>
</kw>
<var name="${key}">name</var>
<status status="PASS" start="2024-03-22T07:13:11.896724" elapsed="0.002010"/>
</iter>
<iter>
<kw name="Dictionary Should Contain Key" owner="Collections">
<msg time="2024-03-22T07:13:11.899423" level="INFO">False</msg>
<arg>${json_data['results'][0]}</arg>
<arg>${key}</arg>
<doc>Fails if ``key`` is not found from ``dictionary``.</doc>
<status status="PASS" start="2024-03-22T07:13:11.899036" elapsed="0.000426"/>
</kw>
<kw name="Log" owner="BuiltIn">
<msg time="2024-03-22T07:13:11.900127" level="INFO">{'gender': 'female', 'name': {'title': 'Miss', 'first': 'Katrine', 'last': 'Nissen'}, 'location': {'street': {'number': 4519, 'name': 'Kongshavnveien'}, 'city': 'Bryggja', 'state': 'Rogaland', 'country': 'Norway', 'postcode': '5506', 'coordinates': {'latitude': '40.7303', 'longitude': '21.8446'}, 'timezone': {'offset': '+9:30', 'description': 'Adelaide, Darwin'}}, 'email': 'katrine.nissen@example.com', 'login': {'uuid': '791e771a-4671-457e-a8e6-e40a9b01c3a1', 'username': 'happywolf327', 'password': 'vader', 'salt': 'zEftE34H', 'md5': '4c19712a6e8315521811b8cde8c3d281', 'sha1': 'e52154505f38d071e8e27545674eec1914d8b54c', 'sha256': '7bf068a41861ca00fafe52ed53512f41a18a5a0c171b98bdd9c6e7cb66966e98'}, 'dob': {'date': '1944-09-17T13:17:33.556Z', 'age': 79}, 'registered': {'date': '2015-10-31T11:52:34.056Z', 'age': 8}, 'phone': '70082601', 'cell': '91174652', 'id': {'name': 'FN', 'value': '17094419689'}, 'picture': {'large': 'https://randomuser.me/api/portraits/women/55.jpg', 'medium': 'https://randomuser.me/api/portraits/med/women/55.jpg', 'thumbnail': 'https://randomuser.me/api/portraits/thumb/women/55.jpg'}, 'nat': 'NO'}</msg>
<arg>${json_data['results'][0]}</arg>
<doc>Logs the given message with the given level.</doc>
<status status="PASS" start="2024-03-22T07:13:11.899762" elapsed="0.000417"/>
</kw>
<kw name="Log" owner="BuiltIn">
<msg time="2024-03-22T07:13:11.900602" level="INFO">location</msg>
<arg>${key}</arg>
<doc>Logs the given message with the given level.</doc>
<status status="PASS" start="2024-03-22T07:13:11.900475" elapsed="0.000166"/>
</kw>
<var name="${key}">location</var>
<status status="PASS" start="2024-03-22T07:13:11.898923" elapsed="0.001938"/>
</iter>
<iter>
<kw name="Dictionary Should Contain Key" owner="Collections">
<msg time="2024-03-22T07:13:11.901524" level="INFO">False</msg>
<arg>${json_data['results'][0]}</arg>
<arg>${key}</arg>
<doc>Fails if ``key`` is not found from ``dictionary``.</doc>
<status status="PASS" start="2024-03-22T07:13:11.901149" elapsed="0.000413"/>
</kw>
<kw name="Log" owner="BuiltIn">
<msg time="2024-03-22T07:13:11.902221" level="INFO">{'gender': 'female', 'name': {'title': 'Miss', 'first': 'Katrine', 'last': 'Nissen'}, 'location': {'street': {'number': 4519, 'name': 'Kongshavnveien'}, 'city': 'Bryggja', 'state': 'Rogaland', 'country': 'Norway', 'postcode': '5506', 'coordinates': {'latitude': '40.7303', 'longitude': '21.8446'}, 'timezone': {'offset': '+9:30', 'description': 'Adelaide, Darwin'}}, 'email': 'katrine.nissen@example.com', 'login': {'uuid': '791e771a-4671-457e-a8e6-e40a9b01c3a1', 'username': 'happywolf327', 'password': 'vader', 'salt': 'zEftE34H', 'md5': '4c19712a6e8315521811b8cde8c3d281', 'sha1': 'e52154505f38d071e8e27545674eec1914d8b54c', 'sha256': '7bf068a41861ca00fafe52ed53512f41a18a5a0c171b98bdd9c6e7cb66966e98'}, 'dob': {'date': '1944-09-17T13:17:33.556Z', 'age': 79}, 'registered': {'date': '2015-10-31T11:52:34.056Z', 'age': 8}, 'phone': '70082601', 'cell': '91174652', 'id': {'name': 'FN', 'value': '17094419689'}, 'picture': {'large': 'https://randomuser.me/api/portraits/women/55.jpg', 'medium': 'https://randomuser.me/api/portraits/med/women/55.jpg', 'thumbnail': 'https://randomuser.me/api/portraits/thumb/women/55.jpg'}, 'nat': 'NO'}</msg>
<arg>${json_data['results'][0]}</arg>
<doc>Logs the given message with the given level.</doc>
<status status="PASS" start="2024-03-22T07:13:11.901863" elapsed="0.000405"/>
</kw>
<kw name="Log" owner="BuiltIn">
<msg time="2024-03-22T07:13:11.902732" level="INFO">email</msg>
<arg>${key}</arg>
<doc>Logs the given message with the given level.</doc>
<status status="PASS" start="2024-03-22T07:13:11.902601" elapsed="0.000171"/>
</kw>
<var name="${key}">email</var>
<status status="PASS" start="2024-03-22T07:13:11.901039" elapsed="0.001954"/>
</iter>
<iter>
<kw name="Dictionary Should Contain Key" owner="Collections">
<msg time="2024-03-22T07:13:11.903672" level="INFO">False</msg>
<arg>${json_data['results'][0]}</arg>
<arg>${key}</arg>
<doc>Fails if ``key`` is not found from ``dictionary``.</doc>
<status status="PASS" start="2024-03-22T07:13:11.903286" elapsed="0.000423"/>
</kw>
<kw name="Log" owner="BuiltIn">
<msg time="2024-03-22T07:13:11.904377" level="INFO">{'gender': 'female', 'name': {'title': 'Miss', 'first': 'Katrine', 'last': 'Nissen'}, 'location': {'street': {'number': 4519, 'name': 'Kongshavnveien'}, 'city': 'Bryggja', 'state': 'Rogaland', 'country': 'Norway', 'postcode': '5506', 'coordinates': {'latitude': '40.7303', 'longitude': '21.8446'}, 'timezone': {'offset': '+9:30', 'description': 'Adelaide, Darwin'}}, 'email': 'katrine.nissen@example.com', 'login': {'uuid': '791e771a-4671-457e-a8e6-e40a9b01c3a1', 'username': 'happywolf327', 'password': 'vader', 'salt': 'zEftE34H', 'md5': '4c19712a6e8315521811b8cde8c3d281', 'sha1': 'e52154505f38d071e8e27545674eec1914d8b54c', 'sha256': '7bf068a41861ca00fafe52ed53512f41a18a5a0c171b98bdd9c6e7cb66966e98'}, 'dob': {'date': '1944-09-17T13:17:33.556Z', 'age': 79}, 'registered': {'date': '2015-10-31T11:52:34.056Z', 'age': 8}, 'phone': '70082601', 'cell': '91174652', 'id': {'name': 'FN', 'value': '17094419689'}, 'picture': {'large': 'https://randomuser.me/api/portraits/women/55.jpg', 'medium': 'https://randomuser.me/api/portraits/med/women/55.jpg', 'thumbnail': 'https://randomuser.me/api/portraits/thumb/women/55.jpg'}, 'nat': 'NO'}</msg>
<arg>${json_data['results'][0]}</arg>
<doc>Logs the given message with the given level.</doc>
<status status="PASS" start="2024-03-22T07:13:11.904009" elapsed="0.000415"/>
</kw>
<kw name="Log" owner="BuiltIn">
<msg time="2024-03-22T07:13:11.904845" level="INFO">login</msg>
<arg>${key}</arg>
<doc>Logs the given message with the given level.</doc>
<status status="PASS" start="2024-03-22T07:13:11.904717" elapsed="0.000289"/>
</kw>
<var name="${key}">login</var>
<status status="PASS" start="2024-03-22T07:13:11.903170" elapsed="0.002066"/>
</iter>
<var>${key}</var>
<value>@{expected_keys}</value>
<status status="PASS" start="2024-03-22T07:13:11.894260" elapsed="0.011127"/>
</for>
<kw name="Create List" owner="BuiltIn">
<msg time="2024-03-22T07:13:11.905739" level="INFO">${expected_keysTwo} = ['username', 'password']</msg>
<var>${expected_keysTwo}</var>
<arg>username</arg>
<arg>password</arg>
<doc>Returns a list containing given items.</doc>
<status status="PASS" start="2024-03-22T07:13:11.905598" elapsed="0.000165"/>
</kw>
<for flavor="IN">
<iter>
<kw name="Dictionary Should Contain Key" owner="Collections">
<msg time="2024-03-22T07:13:11.906677" level="INFO">False</msg>
<arg>${json_data['results'][0]['login']}</arg>
<arg>${keyTwo}</arg>
<doc>Fails if ``key`` is not found from ``dictionary``.</doc>
<status status="PASS" start="2024-03-22T07:13:11.906273" elapsed="0.000441"/>
</kw>
<kw name="Dictionary Should Contain Key" owner="Collections">
<msg time="2024-03-22T07:13:11.907387" level="INFO">False</msg>
<arg>${json_data['results'][0]['login']}</arg>
<arg>${keyTwo}</arg>
<doc>Fails if ``key`` is not found from ``dictionary``.</doc>
<status status="PASS" start="2024-03-22T07:13:11.907010" elapsed="0.000414"/>
</kw>
<kw name="Log" owner="BuiltIn">
<msg time="2024-03-22T07:13:11.907850" level="INFO">username</msg>
<arg>${keyTwo}</arg>
<doc>Logs the given message with the given level.</doc>
<status status="PASS" start="2024-03-22T07:13:11.907720" elapsed="0.000168"/>
</kw>
<var name="${keyTwo}">username</var>
<status status="PASS" start="2024-03-22T07:13:11.906164" elapsed="0.001939"/>
</iter>
<iter>
<kw name="Dictionary Should Contain Key" owner="Collections">
<msg time="2024-03-22T07:13:11.908764" level="INFO">False</msg>
<arg>${json_data['results'][0]['login']}</arg>
<arg>${keyTwo}</arg>
<doc>Fails if ``key`` is not found from ``dictionary``.</doc>
<status status="PASS" start="2024-03-22T07:13:11.908390" elapsed="0.000417"/>
</kw>
<kw name="Dictionary Should Contain Key" owner="Collections">
<msg time="2024-03-22T07:13:11.909487" level="INFO">False</msg>
<arg>${json_data['results'][0]['login']}</arg>
<arg>${keyTwo}</arg>
<doc>Fails if ``key`` is not found from ``dictionary``.</doc>
<status status="PASS" start="2024-03-22T07:13:11.909105" elapsed="0.000420"/>
</kw>
<kw name="Log" owner="BuiltIn">
<msg time="2024-03-22T07:13:11.909943" level="INFO">password</msg>
<arg>${keyTwo}</arg>
<doc>Logs the given message with the given level.</doc>
<status status="PASS" start="2024-03-22T07:13:11.909817" elapsed="0.000164"/>
</kw>
<var name="${keyTwo}">password</var>
<status status="PASS" start="2024-03-22T07:13:11.908280" elapsed="0.001917"/>
</iter>
<var>${keyTwo}</var>
<value>@{expected_keysTwo}</value>
<status status="PASS" start="2024-03-22T07:13:11.906006" elapsed="0.004313"/>
</for>
<status status="PASS" start="2024-03-22T07:13:11.791079" elapsed="0.119433"/>
</kw>
<doc>Testa a estrutura da resposta da API.</doc>
<tag>testeEstruturaResposta</tag>
<status status="PASS" start="2024-03-22T07:13:11.790376" elapsed="0.120309"/>
</test>
<test id="s1-s1-t4" name="Validar tipos de dados" line="28">
<kw name="Teste de Tipos de Dados" owner="random-user-service">
<kw name="GET On Session" owner="RequestsLibrary">
<msg time="2024-03-22T07:13:11.991252" level="INFO">GET Request : url=https://randomuser.me/api 
 path_url=/api 
 headers={'User-Agent': 'python-requests/2.31.0', 'Accept-Encoding': 'gzip, deflate', 'Accept': '*/*', 'Connection': 'keep-alive'} 
 body=None 
 </msg>
<msg time="2024-03-22T07:13:11.991363" level="INFO">GET Response : url=https://randomuser.me/api 
 status=200, reason=OK 
 headers={'Date': 'Fri, 22 Mar 2024 07:13:11 GMT', 'Content-Type': 'application/json; charset=utf-8', 'Transfer-Encoding': 'chunked', 'Connection': 'keep-alive', 'X-Powered-By': 'Express', 'Access-Control-Allow-Origin': '*', 'Cache-Control': 'no-cache', 'ETag': 'W/"48f-KzwjSXtd8GVqFBmvDALFxL0l6Ck"', 'Vary': 'Accept-Encoding', 'Content-Encoding': 'gzip', 'CF-Cache-Status': 'DYNAMIC', 'Report-To': '{"endpoints":[{"url":"https:\\/\\/a.nel.cloudflare.com\\/report\\/v4?s=A9e6Viws7FThML6I1bvdyWNcNmMJbRcZx8PNk84ka1SxtvowmYJng%2BOde9zkrQqKRt%2BqKwvPUBq%2Bha9Fhi6S%2FVR9%2FeiBlNjBV%2BbkhuUikwwN%2FNOXegxP9Jcck%2FrhlWqI"}],"group":"cf-nel","max_age":604800}', 'NEL': '{"success_fraction":0,"report_to":"cf-nel","max_age":604800}', 'Server': 'cloudflare', 'CF-RAY': '868460b1790d07e1-IAD', 'alt-svc': 'h3=":443"; ma=86400'} 
 body={"results":[{"gender":"female","name":{"title":"Miss","first":"Emma","last":"Madsen"},"location":{"street":{"number":6235,"name":"Saturnvej"},"city":"Aarhus N","state":"Midtjylland","country":"Denmark","postcode":78993,"coordinates":{"latitude":"-44.4180","longitude":"131.0338"},"timezone":{"offset":"+10:00","description":"Eastern Australia, Guam, Vladivostok"}},"email":"emma.madsen@example.com","login":{"uuid":"471e9b05-c15d-4fdc-9d81-fff3d248e75c","username":"beautifulzebra993","password":"lobo","salt":"gtZ82WeY","md5":"73f41afdffdae711f64fd8b295ab9428","sha1":"428dc1c43f4b4a58660fce72f4b32765bea1c379","sha256":"8f93198d9ada02cda9160045386b1fca691804807aa5db715511ac35b2e04d80"},"dob":{"date":"2000-02-24T08:00:33.381Z","age":24},"registered":{"date":"2006-03-24T20:13:11.461Z","age":17},"phone":"13594378","cell":"62464483","id":{"name":"CPR","value":"2402100-2737"},"picture":{"large":"https://randomuser.me/api/portraits/women/81.jpg","medium":"https://randomuser.me/api/portraits/med/women/81.jpg","thumbnail":"https://randomuser.me/api/portraits/thumb/women/81.jpg"},"nat":"DK"}],"info":{"seed":"09d814eed8b89522","results":1,"page":1,"version":"1.4"}} 
 </msg>
<msg time="2024-03-22T07:13:11.991442" level="INFO">/opt/hostedtoolcache/Python/3.12.2/x64/lib/python3.12/site-packages/urllib3/connectionpool.py:1103: InsecureRequestWarning: Unverified HTTPS request is being made to host 'randomuser.me'. Adding certificate verification is strongly advised. See: https://urllib3.readthedocs.io/en/latest/advanced-usage.html#tls-warnings
  warnings.warn(</msg>
<msg time="2024-03-22T07:13:11.991572" level="INFO">${response} = &lt;Response [200]&gt;</msg>
<var>${response}</var>
<arg>consultarAPI</arg>
<arg>/api</arg>
<doc>Sends a GET request on a previously created HTTP Session.</doc>
<status status="PASS" start="2024-03-22T07:13:11.913291" elapsed="0.078320"/>
</kw>
<kw name="Set Variable" owner="BuiltIn">
<msg time="2024-03-22T07:13:11.992833" level="INFO">${json_data} = {'results': [{'gender': 'female', 'name': {'title': 'Miss', 'first': 'Emma', 'last': 'Madsen'}, 'location': {'street': {'number': 6235, 'name': 'Saturnvej'}, 'city': 'Aarhus N', 'state': 'Midtjylland'...</msg>
<var>${json_data}</var>
<arg>${response.json()}</arg>
<doc>Returns the given values which can then be assigned to a variables.</doc>
<status status="PASS" start="2024-03-22T07:13:11.992260" elapsed="0.000602"/>
</kw>
<kw name="Log" owner="BuiltIn">
<msg time="2024-03-22T07:13:11.993345" level="INFO">{'results': [{'gender': 'female', 'name': {'title': 'Miss', 'first': 'Emma', 'last': 'Madsen'}, 'location': {'street': {'number': 6235, 'name': 'Saturnvej'}, 'city': 'Aarhus N', 'state': 'Midtjylland', 'country': 'Denmark', 'postcode': 78993, 'coordinates': {'latitude': '-44.4180', 'longitude': '131.0338'}, 'timezone': {'offset': '+10:00', 'description': 'Eastern Australia, Guam, Vladivostok'}}, 'email': 'emma.madsen@example.com', 'login': {'uuid': '471e9b05-c15d-4fdc-9d81-fff3d248e75c', 'username': 'beautifulzebra993', 'password': 'lobo', 'salt': 'gtZ82WeY', 'md5': '73f41afdffdae711f64fd8b295ab9428', 'sha1': '428dc1c43f4b4a58660fce72f4b32765bea1c379', 'sha256': '8f93198d9ada02cda9160045386b1fca691804807aa5db715511ac35b2e04d80'}, 'dob': {'date': '2000-02-24T08:00:33.381Z', 'age': 24}, 'registered': {'date': '2006-03-24T20:13:11.461Z', 'age': 17}, 'phone': '13594378', 'cell': '62464483', 'id': {'name': 'CPR', 'value': '2402100-2737'}, 'picture': {'large': 'https://randomuser.me/api/portraits/women/81.jpg', 'medium': 'https://randomuser.me/api/portraits/med/women/81.jpg', 'thumbnail': 'https://randomuser.me/api/portraits/thumb/women/81.jpg'}, 'nat': 'DK'}], 'info': {'seed': '09d814eed8b89522', 'results': 1, 'page': 1, 'version': '1.4'}}</msg>
<arg>${json_data}</arg>
<doc>Logs the given message with the given level.</doc>
<status status="PASS" start="2024-03-22T07:13:11.993186" elapsed="0.000215"/>
</kw>
<kw name="Should Be String" owner="String">
<arg>${json_data['results'][0]['gender']}</arg>
<doc>Fails if the given ``item`` is not a string.</doc>
<status status="PASS" start="2024-03-22T07:13:11.993732" elapsed="0.000363"/>
</kw>
<kw name="Should Match Regexp" owner="BuiltIn">
<arg>${json_data['results'][0]['email']}</arg>
<arg>^[a-zA-Z0-9._%+-]+@[a-zA-Z0-9.-]+\.[a-zA-Z]{2,}$</arg>
<doc>Fails if ``string`` does not match ``pattern`` as a regular expression.</doc>
<status status="PASS" start="2024-03-22T07:13:11.994290" elapsed="0.000576"/>
</kw>
<kw name="Should Match Regexp" owner="BuiltIn">
<arg>${json_data['results'][0]['dob']['date']}</arg>
<arg>\\d{4}-\\d{2}-\\d{2}T\\d{2}:\\d{2}:\\d{2}\\.\\d{3}Z</arg>
<doc>Fails if ``string`` does not match ``pattern`` as a regular expression.</doc>
<status status="PASS" start="2024-03-22T07:13:11.995068" elapsed="0.000488"/>
</kw>
<kw name="Should Match Regexp" owner="BuiltIn">
<arg>${json_data['results'][0]['registered']['date']}</arg>
<arg>\\d{4}-\\d{2}-\\d{2}T\\d{2}:\\d{2}:\\d{2}\\.\\d{3}Z</arg>
<doc>Fails if ``string`` does not match ``pattern`` as a regular expression.</doc>
<status status="PASS" start="2024-03-22T07:13:11.995750" elapsed="0.000372"/>
</kw>
<kw name="Should Match Regexp" owner="BuiltIn">
<arg>${json_data['results'][0]['picture']['large']}</arg>
<arg>^https?://.*\.(?:png|jpe?g|gif|bmp)$</arg>
<doc>Fails if ``string`` does not match ``pattern`` as a regular expression.</doc>
<status status="PASS" start="2024-03-22T07:13:11.996312" elapsed="0.000462"/>
</kw>
<kw name="Should Match Regexp" owner="BuiltIn">
<arg>${json_data['results'][0]['picture']['medium']}</arg>
<arg>^https?://.*\.(?:png|jpe?g|gif|bmp)$</arg>
<doc>Fails if ``string`` does not match ``pattern`` as a regular expression.</doc>
<status status="PASS" start="2024-03-22T07:13:11.996963" elapsed="0.000359"/>
</kw>
<kw name="Should Match Regexp" owner="BuiltIn">
<arg>${json_data['results'][0]['picture']['thumbnail']}</arg>
<arg>^https?://.*\.(?:png|jpe?g|gif|bmp)$</arg>
<doc>Fails if ``string`` does not match ``pattern`` as a regular expression.</doc>
<status status="PASS" start="2024-03-22T07:13:11.997507" elapsed="0.000344"/>
</kw>
<kw name="Log" owner="BuiltIn">
<msg time="2024-03-22T07:13:11.998359" level="INFO">{'large': 'https://randomuser.me/api/portraits/women/81.jpg', 'medium': 'https://randomuser.me/api/portraits/med/women/81.jpg', 'thumbnail': 'https://randomuser.me/api/portraits/thumb/women/81.jpg'}</msg>
<arg>${json_data['results'][0]['picture']}</arg>
<doc>Logs the given message with the given level.</doc>
<status status="PASS" start="2024-03-22T07:13:11.998030" elapsed="0.000403"/>
</kw>
<status status="PASS" start="2024-03-22T07:13:11.913056" elapsed="0.085651"/>
</kw>
<kw name="Teste de Tipos de Dados - Postcode" owner="random-user-service">
<kw name="GET On Session" owner="RequestsLibrary">
<msg time="2024-03-22T07:13:12.084426" level="INFO">GET Request : url=https://randomuser.me/api 
 path_url=/api 
 headers={'User-Agent': 'python-requests/2.31.0', 'Accept-Encoding': 'gzip, deflate', 'Accept': '*/*', 'Connection': 'keep-alive'} 
 body=None 
 </msg>
<msg time="2024-03-22T07:13:12.084543" level="INFO">GET Response : url=https://randomuser.me/api 
 status=200, reason=OK 
 headers={'Date': 'Fri, 22 Mar 2024 07:13:12 GMT', 'Content-Type': 'application/json; charset=utf-8', 'Transfer-Encoding': 'chunked', 'Connection': 'keep-alive', 'X-Powered-By': 'Express', 'Access-Control-Allow-Origin': '*', 'Cache-Control': 'no-cache', 'ETag': 'W/"484-auA8Q0lfZQyI1aGCIoJXtx5G2Yo"', 'Vary': 'Accept-Encoding', 'Content-Encoding': 'gzip', 'CF-Cache-Status': 'DYNAMIC', 'Report-To': '{"endpoints":[{"url":"https:\\/\\/a.nel.cloudflare.com\\/report\\/v4?s=nYoxsSlpONwldZy2cPuQ3%2Bg8e3SmcKWQPPG%2FjX0PnIfwdL6qg4PT5IwuYW3y4t%2B0l1L717ZAgRInJVVxaDBbiv5hquPoD8ENT5DSDUHtUaeXwbAtnLsG7LNiwaezu5lt"}],"group":"cf-nel","max_age":604800}', 'NEL': '{"success_fraction":0,"report_to":"cf-nel","max_age":604800}', 'Server': 'cloudflare', 'CF-RAY': '868460b2095b07e1-IAD', 'alt-svc': 'h3=":443"; ma=86400'} 
 body={"results":[{"gender":"male","name":{"title":"Mr","first":"Estéban","last":"Simon"},"location":{"street":{"number":1020,"name":"Rue Saint-Georges"},"city":"Aubervilliers","state":"Haut-Rhin","country":"France","postcode":10811,"coordinates":{"latitude":"-18.4324","longitude":"-80.2042"},"timezone":{"offset":"-10:00","description":"Hawaii"}},"email":"esteban.simon@example.com","login":{"uuid":"4f11f150-c558-43c6-9417-85946cc8ac45","username":"bigkoala593","password":"custom","salt":"XuvGlWxJ","md5":"42a16d49584e116baaff1a6988a1d3f9","sha1":"9ade72fd8cb9b01215e94caec600f3ea7fa538bb","sha256":"d2aa6584232d6f215a96ebb3ee17df644962c3607997ee573128a99516a64c37"},"dob":{"date":"1962-11-28T07:11:11.506Z","age":61},"registered":{"date":"2014-02-22T09:19:04.554Z","age":10},"phone":"03-77-56-72-37","cell":"06-43-16-51-91","id":{"name":"INSEE","value":"1621021412775 54"},"picture":{"large":"https://randomuser.me/api/portraits/men/29.jpg","medium":"https://randomuser.me/api/portraits/med/men/29.jpg","thumbnail":"https://randomuser.me/api/portraits/thumb/men/29.jpg"},"nat":"FR"}],"info":{"seed":"f6922f82dfc682d1","results":1,"page":1,"version":"1.4"}} 
 </msg>
<msg time="2024-03-22T07:13:12.084649" level="INFO">/opt/hostedtoolcache/Python/3.12.2/x64/lib/python3.12/site-packages/urllib3/connectionpool.py:1103: InsecureRequestWarning: Unverified HTTPS request is being made to host 'randomuser.me'. Adding certificate verification is strongly advised. See: https://urllib3.readthedocs.io/en/latest/advanced-usage.html#tls-warnings
  warnings.warn(</msg>
<msg time="2024-03-22T07:13:12.084799" level="INFO">${response} = &lt;Response [200]&gt;</msg>
<var>${response}</var>
<arg>consultarAPI</arg>
<arg>/api</arg>
<doc>Sends a GET request on a previously created HTTP Session.</doc>
<status status="PASS" start="2024-03-22T07:13:11.999334" elapsed="0.085515"/>
</kw>
<kw name="Set Variable" owner="BuiltIn">
<msg time="2024-03-22T07:13:12.086143" level="INFO">${json_data} = {'results': [{'gender': 'male', 'name': {'title': 'Mr', 'first': 'Estéban', 'last': 'Simon'}, 'location': {'street': {'number': 1020, 'name': 'Rue Saint-Georges'}, 'city': 'Aubervilliers', 'state': 'H...</msg>
<var>${json_data}</var>
<arg>${response.json()}</arg>
<doc>Returns the given values which can then be assigned to a variables.</doc>
<status status="PASS" start="2024-03-22T07:13:12.085544" elapsed="0.000629"/>
</kw>
<kw name="Log" owner="BuiltIn">
<msg time="2024-03-22T07:13:12.086755" level="INFO">{'results': [{'gender': 'male', 'name': {'title': 'Mr', 'first': 'Estéban', 'last': 'Simon'}, 'location': {'street': {'number': 1020, 'name': 'Rue Saint-Georges'}, 'city': 'Aubervilliers', 'state': 'Haut-Rhin', 'country': 'France', 'postcode': 10811, 'coordinates': {'latitude': '-18.4324', 'longitude': '-80.2042'}, 'timezone': {'offset': '-10:00', 'description': 'Hawaii'}}, 'email': 'esteban.simon@example.com', 'login': {'uuid': '4f11f150-c558-43c6-9417-85946cc8ac45', 'username': 'bigkoala593', 'password': 'custom', 'salt': 'XuvGlWxJ', 'md5': '42a16d49584e116baaff1a6988a1d3f9', 'sha1': '9ade72fd8cb9b01215e94caec600f3ea7fa538bb', 'sha256': 'd2aa6584232d6f215a96ebb3ee17df644962c3607997ee573128a99516a64c37'}, 'dob': {'date': '1962-11-28T07:11:11.506Z', 'age': 61}, 'registered': {'date': '2014-02-22T09:19:04.554Z', 'age': 10}, 'phone': '03-77-56-72-37', 'cell': '06-43-16-51-91', 'id': {'name': 'INSEE', 'value': '1621021412775 54'}, 'picture': {'large': 'https://randomuser.me/api/portraits/men/29.jpg', 'medium': 'https://randomuser.me/api/portraits/med/men/29.jpg', 'thumbnail': 'https://randomuser.me/api/portraits/thumb/men/29.jpg'}, 'nat': 'FR'}], 'info': {'seed': 'f6922f82dfc682d1', 'results': 1, 'page': 1, 'version': '1.4'}}</msg>
<arg>${json_data}</arg>
<doc>Logs the given message with the given level.</doc>
<status status="PASS" start="2024-03-22T07:13:12.086583" elapsed="0.000223"/>
</kw>
<kw name="Should Be Equal As Numbers" owner="BuiltIn">
<arg>${json_data['results'][0]['location']['postcode']}</arg>
<arg>${json_data['results'][0]['location']['postcode']}</arg>
<doc>Fails if objects are unequal after converting them to real numbers.</doc>
<status status="PASS" start="2024-03-22T07:13:12.087131" elapsed="0.000702"/>
</kw>
<kw name="Log" owner="BuiltIn">
<msg time="2024-03-22T07:13:12.088371" level="INFO">10811</msg>
<arg>${json_data['results'][0]['location']['postcode']}</arg>
<doc>Logs the given message with the given level.</doc>
<status status="PASS" start="2024-03-22T07:13:12.088033" elapsed="0.000380"/>
</kw>
<status status="PASS" start="2024-03-22T07:13:11.998943" elapsed="0.089733"/>
</kw>
<doc>Testa se os tipos de dados na resposta da API estão corretos.</doc>
<tag>testeTiposDados</tag>
<status status="PASS" start="2024-03-22T07:13:11.912455" elapsed="0.176396"/>
</test>
<test id="s1-s1-t5" name="Validar conteudo" line="35">
<kw name="Teste de Tipos de Conteudo" owner="random-user-service">
<kw name="GET On Session" owner="RequestsLibrary">
<msg time="2024-03-22T07:13:12.183918" level="INFO">GET Request : url=https://randomuser.me/api 
 path_url=/api 
 headers={'User-Agent': 'python-requests/2.31.0', 'Accept-Encoding': 'gzip, deflate', 'Accept': '*/*', 'Connection': 'keep-alive'} 
 body=None 
 </msg>
<msg time="2024-03-22T07:13:12.184019" level="INFO">GET Response : url=https://randomuser.me/api 
 status=200, reason=OK 
 headers={'Date': 'Fri, 22 Mar 2024 07:13:12 GMT', 'Content-Type': 'application/json; charset=utf-8', 'Transfer-Encoding': 'chunked', 'Connection': 'keep-alive', 'X-Powered-By': 'Express', 'Access-Control-Allow-Origin': '*', 'Cache-Control': 'no-cache', 'ETag': 'W/"48d-9NarFe+JFUPgQYOnvqraXsE+YIk"', 'Vary': 'Accept-Encoding', 'Content-Encoding': 'gzip', 'CF-Cache-Status': 'DYNAMIC', 'Report-To': '{"endpoints":[{"url":"https:\\/\\/a.nel.cloudflare.com\\/report\\/v4?s=HDhtR8YJh%2BJzf6rkVKBB4jC8G3jj1QdVCeMhiEEDM%2Bn3O36pMlzwCQeCGFvm2C0RieBg%2FE4fjZU%2F3EQsJ%2BS5lVX%2Bh4UGPAf0NqWCGbXV1V%2BLij8svqvQemBpaJ33FKJK"}],"group":"cf-nel","max_age":604800}', 'NEL': '{"success_fraction":0,"report_to":"cf-nel","max_age":604800}', 'Server': 'cloudflare', 'CF-RAY': '868460b299b407e1-IAD', 'alt-svc': 'h3=":443"; ma=86400'} 
 body={"results":[{"gender":"female","name":{"title":"Mrs","first":"Nanna","last":"Andersen"},"location":{"street":{"number":1765,"name":"Vesterbro"},"city":"Sønder Stenderup","state":"Midtjylland","country":"Denmark","postcode":53874,"coordinates":{"latitude":"-41.3598","longitude":"137.1048"},"timezone":{"offset":"-11:00","description":"Midway Island, Samoa"}},"email":"nanna.andersen@example.com","login":{"uuid":"b0602ed6-7279-47b2-b513-607f6c421567","username":"browngorilla140","password":"angelina","salt":"iEMDRhox","md5":"05550c661f38abe9237d6a1884dbaa0b","sha1":"5ea8db26f1b8f7ad72977bbcffed173465a1a5dc","sha256":"e3aca40528a32c6e439e4cfb123cc10804ebdb6461dbfeca35f09506b51dfab3"},"dob":{"date":"1972-05-15T17:18:06.647Z","age":51},"registered":{"date":"2021-09-03T05:57:28.427Z","age":2},"phone":"73113341","cell":"82322870","id":{"name":"CPR","value":"150572-9591"},"picture":{"large":"https://randomuser.me/api/portraits/women/40.jpg","medium":"https://randomuser.me/api/portraits/med/women/40.jpg","thumbnail":"https://randomuser.me/api/portraits/thumb/women/40.jpg"},"nat":"DK"}],"info":{"seed":"b90762079334b040","results":1,"page":1,"version":"1.4"}} 
 </msg>
<msg time="2024-03-22T07:13:12.184090" level="INFO">/opt/hostedtoolcache/Python/3.12.2/x64/lib/python3.12/site-packages/urllib3/connectionpool.py:1103: InsecureRequestWarning: Unverified HTTPS request is being made to host 'randomuser.me'. Adding certificate verification is strongly advised. See: https://urllib3.readthedocs.io/en/latest/advanced-usage.html#tls-warnings
  warnings.warn(</msg>
<msg time="2024-03-22T07:13:12.184215" level="INFO">${response} = &lt;Response [200]&gt;</msg>
<var>${response}</var>
<arg>consultarAPI</arg>
<arg>/api</arg>
<doc>Sends a GET request on a previously created HTTP Session.</doc>
<status status="PASS" start="2024-03-22T07:13:12.091474" elapsed="0.092780"/>
</kw>
<kw name="Set Variable" owner="BuiltIn">
<msg time="2024-03-22T07:13:12.185624" level="INFO">${json_data} = {'results': [{'gender': 'female', 'name': {'title': 'Mrs', 'first': 'Nanna', 'last': 'Andersen'}, 'location': {'street': {'number': 1765, 'name': 'Vesterbro'}, 'city': 'Sønder Stenderup', 'state': 'Mi...</msg>
<var>${json_data}</var>
<arg>${response.json()}</arg>
<doc>Returns the given values which can then be assigned to a variables.</doc>
<status status="PASS" start="2024-03-22T07:13:12.184920" elapsed="0.000734"/>
</kw>
<kw name="Set Variable" owner="BuiltIn">
<msg time="2024-03-22T07:13:12.186436" level="INFO">${name_title} = Mrs</msg>
<var>${name_title}</var>
<arg>${json_data["results"][0]["name"]["title"]}</arg>
<doc>Returns the given values which can then be assigned to a variables.</doc>
<status status="PASS" start="2024-03-22T07:13:12.185996" elapsed="0.000470"/>
</kw>
<kw name="Create List" owner="BuiltIn">
<msg time="2024-03-22T07:13:12.186933" level="INFO">${allowed_titles} = ['Mr', 'Ms', 'Miss', 'Mrs', 'Madame', 'Monsieur']</msg>
<var>${allowed_titles}</var>
<arg>Mr</arg>
<arg>Ms</arg>
<arg>Miss</arg>
<arg>Mrs</arg>
<arg>Madame</arg>
<arg>Monsieur</arg>
<doc>Returns a list containing given items.</doc>
<status status="PASS" start="2024-03-22T07:13:12.186780" elapsed="0.000183"/>
</kw>
<kw name="List Should Contain Value" owner="Collections">
<msg time="2024-03-22T07:13:12.187457" level="INFO">False</msg>
<arg>${allowed_titles}</arg>
<arg>${name_title}</arg>
<doc>Fails if the ``value`` is not found from ``list``.</doc>
<status status="PASS" start="2024-03-22T07:13:12.187273" elapsed="0.000223"/>
</kw>
<kw name="Set Variable" owner="BuiltIn">
<msg time="2024-03-22T07:13:12.188178" level="INFO">${name_country} = DK</msg>
<var>${name_country}</var>
<arg>${json_data["results"][0]["nat"]}</arg>
<doc>Returns the given values which can then be assigned to a variables.</doc>
<status status="PASS" start="2024-03-22T07:13:12.187790" elapsed="0.000413"/>
</kw>
<kw name="Create List" owner="BuiltIn">
<msg time="2024-03-22T07:13:12.189153" level="INFO">${list_country} = ['AD', 'AE', 'AF', 'AG', 'AI', 'AL', 'AM', 'AO', 'AQ', 'AR', 'AS', 'AT', 'AU', 'AW', 'AX', 'AZ', 'BA', 'BB', 'BD', 'BE', 'BF', 'BG', 'BH', 'BI', 'BJ', 'BL', 'BM', 'BN', 'BO', 'BQ', 'BR', 'BS', 'BT', '...</msg>
<var>${list_country}</var>
<arg>AD</arg>
<arg>AE</arg>
<arg>AF</arg>
<arg>AG</arg>
<arg>AI</arg>
<arg>AL</arg>
<arg>AM</arg>
<arg>AO</arg>
<arg>AQ</arg>
<arg>AR</arg>
<arg>AS</arg>
<arg>AT</arg>
<arg>AU</arg>
<arg>AW</arg>
<arg>AX</arg>
<arg>AZ</arg>
<arg>BA</arg>
<arg>BB</arg>
<arg>BD</arg>
<arg>BE</arg>
<arg>BF</arg>
<arg>BG</arg>
<arg>BH</arg>
<arg>BI</arg>
<arg>BJ</arg>
<arg>BL</arg>
<arg>BM</arg>
<arg>BN</arg>
<arg>BO</arg>
<arg>BQ</arg>
<arg>BR</arg>
<arg>BS</arg>
<arg>BT</arg>
<arg>BV</arg>
<arg>BW</arg>
<arg>BY</arg>
<arg>BZ</arg>
<arg>CA</arg>
<arg>CC</arg>
<arg>CD</arg>
<arg>CF</arg>
<arg>CG</arg>
<arg>CH</arg>
<arg>CI</arg>
<arg>CK</arg>
<arg>CL</arg>
<arg>CM</arg>
<arg>CN</arg>
<arg>CO</arg>
<arg>CR</arg>
<arg>CU</arg>
<arg>CV</arg>
<arg>CW</arg>
<arg>CX</arg>
<arg>CY</arg>
<arg>CZ</arg>
<arg>DE</arg>
<arg>DJ</arg>
<arg>DK</arg>
<arg>DM</arg>
<arg>DO</arg>
<arg>DZ</arg>
<arg>EC</arg>
<arg>EE</arg>
<arg>EG</arg>
<arg>EH</arg>
<arg>ER</arg>
<arg>ES</arg>
<arg>ET</arg>
<arg>FI</arg>
<arg>FJ</arg>
<arg>FK</arg>
<arg>FM</arg>
<arg>FO</arg>
<arg>FR</arg>
<arg>GA</arg>
<arg>GB</arg>
<arg>GD</arg>
<arg>GE</arg>
<arg>GF</arg>
<arg>GG</arg>
<arg>GH</arg>
<arg>GI</arg>
<arg>GL</arg>
<arg>GM</arg>
<arg>GN</arg>
<arg>GP</arg>
<arg>GQ</arg>
<arg>GR</arg>
<arg>GS</arg>
<arg>GT</arg>
<arg>GU</arg>
<arg>GW</arg>
<arg>GY</arg>
<arg>HK</arg>
<arg>HM</arg>
<arg>HN</arg>
<arg>HR</arg>
<arg>HT</arg>
<arg>HU</arg>
<arg>ID</arg>
<arg>IE</arg>
<arg>IL</arg>
<arg>IM</arg>
<arg>IN</arg>
<arg>IO</arg>
<arg>IQ</arg>
<arg>IR</arg>
<arg>IS</arg>
<arg>IT</arg>
<arg>JE</arg>
<arg>JM</arg>
<arg>JO</arg>
<arg>JP</arg>
<arg>KE</arg>
<arg>KG</arg>
<arg>KH</arg>
<arg>KI</arg>
<arg>KM</arg>
<arg>KN</arg>
<arg>KP</arg>
<arg>KR</arg>
<arg>KW</arg>
<arg>KY</arg>
<arg>KZ</arg>
<arg>LA</arg>
<arg>LB</arg>
<arg>LC</arg>
<arg>LI</arg>
<arg>LK</arg>
<arg>LR</arg>
<arg>LS</arg>
<arg>LT</arg>
<arg>LU</arg>
<arg>LV</arg>
<arg>LY</arg>
<arg>MA</arg>
<arg>MC</arg>
<arg>MD</arg>
<arg>ME</arg>
<arg>MF</arg>
<arg>MG</arg>
<arg>MH</arg>
<arg>MK</arg>
<arg>ML</arg>
<arg>MM</arg>
<arg>MN</arg>
<arg>MO</arg>
<arg>MP</arg>
<arg>MQ</arg>
<arg>MR</arg>
<arg>MS</arg>
<arg>MT</arg>
<arg>MU</arg>
<arg>MV</arg>
<arg>MW</arg>
<arg>MX</arg>
<arg>MY</arg>
<arg>MZ</arg>
<arg>NA</arg>
<arg>NC</arg>
<arg>NE</arg>
<arg>NF</arg>
<arg>NG</arg>
<arg>NI</arg>
<arg>NL</arg>
<arg>NO</arg>
<arg>NP</arg>
<arg>NR</arg>
<arg>NU</arg>
<arg>NZ</arg>
<arg>OM</arg>
<arg>PA</arg>
<arg>PE</arg>
<arg>PF</arg>
<arg>PG</arg>
<arg>PH</arg>
<arg>PK</arg>
<arg>PL</arg>
<arg>PM</arg>
<arg>PN</arg>
<arg>PR</arg>
<arg>PS</arg>
<arg>PT</arg>
<arg>PW</arg>
<arg>PY</arg>
<arg>QA</arg>
<arg>RE</arg>
<arg>RO</arg>
<arg>RS</arg>
<arg>RU</arg>
<arg>RW</arg>
<arg>SA</arg>
<arg>SB</arg>
<arg>SC</arg>
<arg>SD</arg>
<arg>SE</arg>
<arg>SG</arg>
<arg>SH</arg>
<arg>SI</arg>
<arg>SJ</arg>
<arg>SK</arg>
<arg>SL</arg>
<arg>SM</arg>
<arg>SN</arg>
<arg>SO</arg>
<arg>SR</arg>
<arg>SS</arg>
<arg>ST</arg>
<arg>SV</arg>
<arg>SX</arg>
<arg>SY</arg>
<arg>SZ</arg>
<arg>TC</arg>
<arg>TD</arg>
<arg>TF</arg>
<arg>TG</arg>
<arg>TH</arg>
<arg>TJ</arg>
<arg>TK</arg>
<arg>TL</arg>
<arg>TM</arg>
<arg>TN</arg>
<arg>TO</arg>
<arg>TR</arg>
<arg>TT</arg>
<arg>TV</arg>
<arg>TW</arg>
<arg>TZ</arg>
<arg>UA</arg>
<arg>UG</arg>
<arg>UM</arg>
<arg>US</arg>
<arg>UY</arg>
<arg>UZ</arg>
<arg>VA</arg>
<arg>VC</arg>
<arg>VE</arg>
<arg>VG</arg>
<arg>VI</arg>
<arg>VN</arg>
<arg>VU</arg>
<arg>WF</arg>
<arg>WS</arg>
<arg>XK</arg>
<arg>YE</arg>
<arg>YT</arg>
<arg>ZA</arg>
<arg>ZM</arg>
<arg>ZW</arg>
<doc>Returns a list containing given items.</doc>
<status status="PASS" start="2024-03-22T07:13:12.188538" elapsed="0.000640"/>
</kw>
<kw name="List Should Contain Value" owner="Collections">
<msg time="2024-03-22T07:13:12.190349" level="INFO">False</msg>
<arg>${list_country}</arg>
<arg>${name_country}</arg>
<doc>Fails if the ``value`` is not found from ``list``.</doc>
<status status="PASS" start="2024-03-22T07:13:12.190138" elapsed="0.000278"/>
</kw>
<kw name="Run Keyword If" owner="BuiltIn">
<kw name="Should Be True" owner="BuiltIn">
<arg>${True}</arg>
<doc>Fails if the given condition is not true.</doc>
<status status="PASS" start="2024-03-22T07:13:12.191507" elapsed="0.000148"/>
</kw>
<arg>${json_data["results"][0]["location"]["coordinates"]["latitude"]} &gt;= -90 and ${json_data["results"][0]["location"]["coordinates"]["latitude"]} &lt;= 90</arg>
<arg>Should Be True</arg>
<arg>${True}</arg>
<doc>Runs the given keyword with the given arguments, if ``condition`` is true.</doc>
<status status="PASS" start="2024-03-22T07:13:12.190742" elapsed="0.001042"/>
</kw>
<kw name="Run Keyword If" owner="BuiltIn">
<kw name="Should Be True" owner="BuiltIn">
<arg>${True}</arg>
<doc>Fails if the given condition is not true.</doc>
<status status="PASS" start="2024-03-22T07:13:12.192679" elapsed="0.000139"/>
</kw>
<arg>${json_data["results"][0]["location"]["coordinates"]["longitude"]} &gt;= -180 and ${json_data["results"][0]["location"]["coordinates"]["longitude"]} &lt;= 180</arg>
<arg>Should Be True</arg>
<arg>${True}</arg>
<doc>Runs the given keyword with the given arguments, if ``condition`` is true.</doc>
<status status="PASS" start="2024-03-22T07:13:12.191969" elapsed="0.000972"/>
</kw>
<status status="PASS" start="2024-03-22T07:13:12.091241" elapsed="0.101837"/>
</kw>
<doc>Testa o conteúdo específico dos campos retornados pela API.</doc>
<tag>testeConteudo</tag>
<status status="PASS" start="2024-03-22T07:13:12.090669" elapsed="0.102580"/>
</test>
<status status="PASS" start="2024-03-22T07:13:11.393259" elapsed="0.802047"/>
</suite>
<status status="PASS" start="2024-03-22T07:13:11.378799" elapsed="0.822223"/>
</suite>
<statistics>
<total>
<stat pass="5" fail="0" skip="0">All Tests</stat>
</total>
<tag>
<stat pass="1" fail="0" skip="0">testeConteudo</stat>
<stat pass="1" fail="0" skip="0">testeEstruturaResposta</stat>
<stat pass="1" fail="0" skip="0">testeRequisicaoBasica</stat>
<stat pass="1" fail="0" skip="0">testeTiposDados</stat>
</tag>
<suite>
<stat pass="5" fail="0" skip="0" id="s1" name="Tests">Tests</stat>
<stat pass="5" fail="0" skip="0" id="s1-s1" name="Random-User-Test">Tests.Random-User-Test</stat>
</suite>
</statistics>
<errors>
</errors>
</robot>
