<?xml version="1.0" encoding="UTF-8"?>
<robot generator="Robot 7.0.1 (Python 3.12.4 on linux)" generated="2024-07-11T07:16:02.664785" rpa="false" schemaversion="5">
<suite id="s1" name="Tests" source="/home/runner/work/ApiRandomUser/ApiRandomUser/RamdonUser/tests">
<suite id="s1-s1" name="Random-User-Test" source="/home/runner/work/ApiRandomUser/ApiRandomUser/RamdonUser/tests/random-user-test.robot">
<test id="s1-s1-t1" name="Conectar" line="13">
<kw name="Conectar API" owner="random-user-service">
<kw name="Create Session" owner="RequestsLibrary">
<msg time="2024-07-11T07:16:03.064270" level="INFO">Creating Session using : alias=consultarAPI, url=https://randomuser.me/, headers={},                     cookies={}, auth=None, timeout=None, proxies=None, verify=False,                     debug=0 </msg>
<arg>consultarAPI</arg>
<arg>${URL}</arg>
<doc>Create Session: create a HTTP session to a server</doc>
<status status="PASS" start="2024-07-11T07:16:03.064053" elapsed="0.000396"/>
</kw>
<status status="PASS" start="2024-07-11T07:16:03.063059" elapsed="0.001761"/>
</kw>
<status status="PASS" start="2024-07-11T07:16:03.062406" elapsed="0.002613"/>
</test>
<test id="s1-s1-t2" name="Validar retorno 200 e JSON Válido" line="16">
<kw name="Teste de Requisicao Basica" owner="random-user-service">
<kw name="GET On Session" owner="RequestsLibrary">
<msg time="2024-07-11T07:16:03.244212" level="INFO">GET Request : url=https://randomuser.me/api 
 path_url=/api 
 headers={'User-Agent': 'python-requests/2.32.3', 'Accept-Encoding': 'gzip, deflate', 'Accept': '*/*', 'Connection': 'keep-alive'} 
 body=None 
 </msg>
<msg time="2024-07-11T07:16:03.244371" level="INFO">GET Response : url=https://randomuser.me/api 
 status=200, reason=OK 
 headers={'Date': 'Thu, 11 Jul 2024 07:16:03 GMT', 'Content-Type': 'application/json; charset=utf-8', 'Transfer-Encoding': 'chunked', 'Connection': 'keep-alive', 'X-Powered-By': 'Express', 'Access-Control-Allow-Origin': '*', 'Cache-Control': 'no-cache', 'ETag': 'W/"472-PVe+3XjKpFabnHKIPQOx/UdmwvM"', 'Vary': 'Accept-Encoding', 'Content-Encoding': 'gzip', 'CF-Cache-Status': 'DYNAMIC', 'Report-To': '{"endpoints":[{"url":"https:\\/\\/a.nel.cloudflare.com\\/report\\/v4?s=ZUXl%2B%2F9stHo2w6APc8dsjmp2018xeJ7TMchGoBKL84fTpRozLDC5qREM1KMbnDkbN85JC6DEcbanDYV8PnRg%2BDmnB6FxQtY1CZibTR3hEfagXoHLg6riCPfvlRllYJSc"}],"group":"cf-nel","max_age":604800}', 'NEL': '{"success_fraction":0,"report_to":"cf-nel","max_age":604800}', 'Server': 'cloudflare', 'CF-RAY': '8a1701800b785b41-IAD', 'alt-svc': 'h3=":443"; ma=86400'} 
 body={"results":[{"gender":"male","name":{"title":"Mr","first":"Vselyud","last":"Gubriy"},"location":{"street":{"number":5508,"name":"Velika Naberezhna"},"city":"Radomishl","state":"Poltavska","country":"Ukraine","postcode":31392,"coordinates":{"latitude":"77.1288","longitude":"-34.7034"},"timezone":{"offset":"+5:45","description":"Kathmandu"}},"email":"vselyud.gubriy@example.com","login":{"uuid":"33c81ba3-02f9-4515-a680-bc367190388c","username":"orangebird724","password":"hiking","salt":"bk9KvfuQ","md5":"ed1394a0863a316a32dc2c4662026971","sha1":"69c26b1dacfad8cb809d6a04589734a377d72149","sha256":"f3409d69e7e363420d0c07659e8f9f66817c75ebee9cbe54066f0838568b5b50"},"dob":{"date":"1987-06-12T01:06:09.422Z","age":37},"registered":{"date":"2006-08-13T21:24:29.924Z","age":17},"phone":"(096) C50-2557","cell":"(097) P62-7721","id":{"name":"","value":null},"picture":{"large":"https://randomuser.me/api/portraits/men/41.jpg","medium":"https://randomuser.me/api/portraits/med/men/41.jpg","thumbnail":"https://randomuser.me/api/portraits/thumb/men/41.jpg"},"nat":"UA"}],"info":{"seed":"b2ec20bb1d2ddb92","results":1,"page":1,"version":"1.4"}} 
 </msg>
<msg time="2024-07-11T07:16:03.244463" level="INFO">/opt/hostedtoolcache/Python/3.12.4/x64/lib/python3.12/site-packages/urllib3/connectionpool.py:1099: InsecureRequestWarning: Unverified HTTPS request is being made to host 'randomuser.me'. Adding certificate verification is strongly advised. See: https://urllib3.readthedocs.io/en/latest/advanced-usage.html#tls-warnings
  warnings.warn(</msg>
<msg time="2024-07-11T07:16:03.244630" level="INFO">${response} = &lt;Response [200]&gt;</msg>
<var>${response}</var>
<arg>consultarAPI</arg>
<arg>/api</arg>
<doc>Sends a GET request on a previously created HTTP Session.</doc>
<status status="PASS" start="2024-07-11T07:16:03.067709" elapsed="0.176968"/>
</kw>
<kw name="Should Be Equal As Numbers" owner="BuiltIn">
<msg time="2024-07-11T07:16:03.245720" level="INFO">Argument types are:
&lt;class 'int'&gt;
&lt;class 'str'&gt;</msg>
<arg>${response.status_code}</arg>
<arg>200</arg>
<doc>Fails if objects are unequal after converting them to real numbers.</doc>
<status status="PASS" start="2024-07-11T07:16:03.245241" elapsed="0.000546"/>
</kw>
<kw name="Log" owner="BuiltIn">
<msg time="2024-07-11T07:16:03.246485" level="INFO">200</msg>
<arg>${response.status_code}</arg>
<doc>Logs the given message with the given level.</doc>
<status status="PASS" start="2024-07-11T07:16:03.246126" elapsed="0.000402"/>
</kw>
<kw name="Set Variable" owner="BuiltIn">
<msg time="2024-07-11T07:16:03.247278" level="INFO">${json_data} = {'results': [{'gender': 'male', 'name': {'title': 'Mr', 'first': 'Vselyud', 'last': 'Gubriy'}, 'location': {'street': {'number': 5508, 'name': 'Velika Naberezhna'}, 'city': 'Radomishl', 'state': 'Polt...</msg>
<var>${json_data}</var>
<arg>${response.json()}</arg>
<doc>Returns the given values which can then be assigned to a variables.</doc>
<status status="PASS" start="2024-07-11T07:16:03.246835" elapsed="0.000473"/>
</kw>
<kw name="Dictionary Should Contain Key" owner="Collections">
<arg>${json_data}</arg>
<arg>results</arg>
<doc>Fails if ``key`` is not found from ``dictionary``.</doc>
<status status="PASS" start="2024-07-11T07:16:03.247615" elapsed="0.000173"/>
</kw>
<status status="PASS" start="2024-07-11T07:16:03.067455" elapsed="0.180488"/>
</kw>
<doc>Testa se a API responde corretamente e retorna um objeto JSON válido.</doc>
<tag>testeRequisicaoBasica</tag>
<status status="PASS" start="2024-07-11T07:16:03.066909" elapsed="0.181221"/>
</test>
<test id="s1-s1-t3" name="Validar estrutura de resposta" line="22">
<kw name="Teste de Estrutura de Resposta" owner="random-user-service">
<kw name="GET On Session" owner="RequestsLibrary">
<msg time="2024-07-11T07:16:03.351790" level="INFO">GET Request : url=https://randomuser.me/api 
 path_url=/api 
 headers={'User-Agent': 'python-requests/2.32.3', 'Accept-Encoding': 'gzip, deflate', 'Accept': '*/*', 'Connection': 'keep-alive'} 
 body=None 
 </msg>
<msg time="2024-07-11T07:16:03.351903" level="INFO">GET Response : url=https://randomuser.me/api 
 status=200, reason=OK 
 headers={'Date': 'Thu, 11 Jul 2024 07:16:03 GMT', 'Content-Type': 'application/json; charset=utf-8', 'Transfer-Encoding': 'chunked', 'Connection': 'keep-alive', 'X-Powered-By': 'Express', 'Access-Control-Allow-Origin': '*', 'Cache-Control': 'no-cache', 'ETag': 'W/"483-Ce4tCh5yMekET1k8mDhNT1KCdNI"', 'Vary': 'Accept-Encoding', 'Content-Encoding': 'gzip', 'CF-Cache-Status': 'DYNAMIC', 'Report-To': '{"endpoints":[{"url":"https:\\/\\/a.nel.cloudflare.com\\/report\\/v4?s=1HRgRNrIiqDRHDUHOgWWyr8UTHyLg3BXMHjoOPu13B7rICHMAMjbHR6Uuoo8IFWBqlzrEu4tItBthOAK3laB%2BuCt80DPUMHGOSmcHF%2FayH32M5YCrIj5E5Vt3uOdEMAk"}],"group":"cf-nel","max_age":604800}', 'NEL': '{"success_fraction":0,"report_to":"cf-nel","max_age":604800}', 'Server': 'cloudflare', 'CF-RAY': '8a1701805b9a5b41-IAD', 'alt-svc': 'h3=":443"; ma=86400'} 
 body={"results":[{"gender":"male","name":{"title":"Mr","first":"Eli","last":"Turner"},"location":{"street":{"number":8319,"name":"Main North Road"},"city":"Napier","state":"West Coast","country":"New Zealand","postcode":84961,"coordinates":{"latitude":"51.7099","longitude":"-125.9683"},"timezone":{"offset":"-3:00","description":"Brazil, Buenos Aires, Georgetown"}},"email":"eli.turner@example.com","login":{"uuid":"4c5d77fd-7c06-4808-a940-e258572e2ef8","username":"goldenbird914","password":"members","salt":"CUayGbFi","md5":"a750e63877eb8db99909d87269272128","sha1":"18dde045cfd71c73bd6d152f389468476e0eda9b","sha256":"6192b4b45428bfba86f799625600cdb438082c4a65329c74db00aa210cd2802d"},"dob":{"date":"1954-06-15T01:04:26.179Z","age":70},"registered":{"date":"2009-06-09T20:50:52.810Z","age":15},"phone":"(341)-918-9508","cell":"(351)-926-2920","id":{"name":"","value":null},"picture":{"large":"https://randomuser.me/api/portraits/men/52.jpg","medium":"https://randomuser.me/api/portraits/med/men/52.jpg","thumbnail":"https://randomuser.me/api/portraits/thumb/men/52.jpg"},"nat":"NZ"}],"info":{"seed":"2d0d28b4c07ed9c6","results":1,"page":1,"version":"1.4"}} 
 </msg>
<msg time="2024-07-11T07:16:03.352049" level="INFO">/opt/hostedtoolcache/Python/3.12.4/x64/lib/python3.12/site-packages/urllib3/connectionpool.py:1099: InsecureRequestWarning: Unverified HTTPS request is being made to host 'randomuser.me'. Adding certificate verification is strongly advised. See: https://urllib3.readthedocs.io/en/latest/advanced-usage.html#tls-warnings
  warnings.warn(</msg>
<msg time="2024-07-11T07:16:03.352196" level="INFO">${response} = &lt;Response [200]&gt;</msg>
<var>${response}</var>
<arg>consultarAPI</arg>
<arg>/api</arg>
<doc>Sends a GET request on a previously created HTTP Session.</doc>
<status status="PASS" start="2024-07-11T07:16:03.250824" elapsed="0.101421"/>
</kw>
<kw name="Set Variable" owner="BuiltIn">
<msg time="2024-07-11T07:16:03.353307" level="INFO">${json_data} = {'results': [{'gender': 'male', 'name': {'title': 'Mr', 'first': 'Eli', 'last': 'Turner'}, 'location': {'street': {'number': 8319, 'name': 'Main North Road'}, 'city': 'Napier', 'state': 'West Coast', ...</msg>
<var>${json_data}</var>
<arg>${response.json()}</arg>
<doc>Returns the given values which can then be assigned to a variables.</doc>
<status status="PASS" start="2024-07-11T07:16:03.352732" elapsed="0.000605"/>
</kw>
<kw name="Log" owner="BuiltIn">
<msg time="2024-07-11T07:16:03.353854" level="INFO">{'results': [{'gender': 'male', 'name': {'title': 'Mr', 'first': 'Eli', 'last': 'Turner'}, 'location': {'street': {'number': 8319, 'name': 'Main North Road'}, 'city': 'Napier', 'state': 'West Coast', 'country': 'New Zealand', 'postcode': 84961, 'coordinates': {'latitude': '51.7099', 'longitude': '-125.9683'}, 'timezone': {'offset': '-3:00', 'description': 'Brazil, Buenos Aires, Georgetown'}}, 'email': 'eli.turner@example.com', 'login': {'uuid': '4c5d77fd-7c06-4808-a940-e258572e2ef8', 'username': 'goldenbird914', 'password': 'members', 'salt': 'CUayGbFi', 'md5': 'a750e63877eb8db99909d87269272128', 'sha1': '18dde045cfd71c73bd6d152f389468476e0eda9b', 'sha256': '6192b4b45428bfba86f799625600cdb438082c4a65329c74db00aa210cd2802d'}, 'dob': {'date': '1954-06-15T01:04:26.179Z', 'age': 70}, 'registered': {'date': '2009-06-09T20:50:52.810Z', 'age': 15}, 'phone': '(341)-918-9508', 'cell': '(351)-926-2920', 'id': {'name': '', 'value': None}, 'picture': {'large': 'https://randomuser.me/api/portraits/men/52.jpg', 'medium': 'https://randomuser.me/api/portraits/med/men/52.jpg', 'thumbnail': 'https://randomuser.me/api/portraits/thumb/men/52.jpg'}, 'nat': 'NZ'}], 'info': {'seed': '2d0d28b4c07ed9c6', 'results': 1, 'page': 1, 'version': '1.4'}}</msg>
<arg>${json_data}</arg>
<doc>Logs the given message with the given level.</doc>
<status status="PASS" start="2024-07-11T07:16:03.353685" elapsed="0.000227"/>
</kw>
<kw name="Dictionary Should Contain Key" owner="Collections">
<arg>${json_data}</arg>
<arg>results</arg>
<doc>Fails if ``key`` is not found from ``dictionary``.</doc>
<status status="PASS" start="2024-07-11T07:16:03.354220" elapsed="0.000169"/>
</kw>
<kw name="Should Not Be Empty" owner="BuiltIn">
<msg time="2024-07-11T07:16:03.354713" level="INFO">Length is 2.</msg>
<arg>${json_data}</arg>
<doc>Verifies that the given item is not empty.</doc>
<status status="PASS" start="2024-07-11T07:16:03.354579" elapsed="0.000173"/>
</kw>
<kw name="Create List" owner="BuiltIn">
<msg time="2024-07-11T07:16:03.355377" level="INFO">${expected_keys} = ['gender', 'name', 'location', 'email', 'login']</msg>
<var>${expected_keys}</var>
<arg>gender</arg>
<arg>name</arg>
<arg>location</arg>
<arg>email</arg>
<arg>login</arg>
<doc>Returns a list containing given items.</doc>
<status status="PASS" start="2024-07-11T07:16:03.355052" elapsed="0.000350"/>
</kw>
<for flavor="IN">
<iter>
<kw name="Dictionary Should Contain Key" owner="Collections">
<arg>${json_data['results'][0]}</arg>
<arg>${key}</arg>
<doc>Fails if ``key`` is not found from ``dictionary``.</doc>
<status status="PASS" start="2024-07-11T07:16:03.355991" elapsed="0.000416"/>
</kw>
<kw name="Log" owner="BuiltIn">
<msg time="2024-07-11T07:16:03.356949" level="INFO">{'gender': 'male', 'name': {'title': 'Mr', 'first': 'Eli', 'last': 'Turner'}, 'location': {'street': {'number': 8319, 'name': 'Main North Road'}, 'city': 'Napier', 'state': 'West Coast', 'country': 'New Zealand', 'postcode': 84961, 'coordinates': {'latitude': '51.7099', 'longitude': '-125.9683'}, 'timezone': {'offset': '-3:00', 'description': 'Brazil, Buenos Aires, Georgetown'}}, 'email': 'eli.turner@example.com', 'login': {'uuid': '4c5d77fd-7c06-4808-a940-e258572e2ef8', 'username': 'goldenbird914', 'password': 'members', 'salt': 'CUayGbFi', 'md5': 'a750e63877eb8db99909d87269272128', 'sha1': '18dde045cfd71c73bd6d152f389468476e0eda9b', 'sha256': '6192b4b45428bfba86f799625600cdb438082c4a65329c74db00aa210cd2802d'}, 'dob': {'date': '1954-06-15T01:04:26.179Z', 'age': 70}, 'registered': {'date': '2009-06-09T20:50:52.810Z', 'age': 15}, 'phone': '(341)-918-9508', 'cell': '(351)-926-2920', 'id': {'name': '', 'value': None}, 'picture': {'large': 'https://randomuser.me/api/portraits/men/52.jpg', 'medium': 'https://randomuser.me/api/portraits/med/men/52.jpg', 'thumbnail': 'https://randomuser.me/api/portraits/thumb/men/52.jpg'}, 'nat': 'NZ'}</msg>
<arg>${json_data['results'][0]}</arg>
<doc>Logs the given message with the given level.</doc>
<status status="PASS" start="2024-07-11T07:16:03.356596" elapsed="0.000403"/>
</kw>
<kw name="Log" owner="BuiltIn">
<msg time="2024-07-11T07:16:03.357449" level="INFO">gender</msg>
<arg>${key}</arg>
<doc>Logs the given message with the given level.</doc>
<status status="PASS" start="2024-07-11T07:16:03.357321" elapsed="0.000166"/>
</kw>
<var name="${key}">gender</var>
<status status="PASS" start="2024-07-11T07:16:03.355865" elapsed="0.001838"/>
</iter>
<iter>
<kw name="Dictionary Should Contain Key" owner="Collections">
<arg>${json_data['results'][0]}</arg>
<arg>${key}</arg>
<doc>Fails if ``key`` is not found from ``dictionary``.</doc>
<status status="PASS" start="2024-07-11T07:16:03.358002" elapsed="0.000390"/>
</kw>
<kw name="Log" owner="BuiltIn">
<msg time="2024-07-11T07:16:03.358923" level="INFO">{'gender': 'male', 'name': {'title': 'Mr', 'first': 'Eli', 'last': 'Turner'}, 'location': {'street': {'number': 8319, 'name': 'Main North Road'}, 'city': 'Napier', 'state': 'West Coast', 'country': 'New Zealand', 'postcode': 84961, 'coordinates': {'latitude': '51.7099', 'longitude': '-125.9683'}, 'timezone': {'offset': '-3:00', 'description': 'Brazil, Buenos Aires, Georgetown'}}, 'email': 'eli.turner@example.com', 'login': {'uuid': '4c5d77fd-7c06-4808-a940-e258572e2ef8', 'username': 'goldenbird914', 'password': 'members', 'salt': 'CUayGbFi', 'md5': 'a750e63877eb8db99909d87269272128', 'sha1': '18dde045cfd71c73bd6d152f389468476e0eda9b', 'sha256': '6192b4b45428bfba86f799625600cdb438082c4a65329c74db00aa210cd2802d'}, 'dob': {'date': '1954-06-15T01:04:26.179Z', 'age': 70}, 'registered': {'date': '2009-06-09T20:50:52.810Z', 'age': 15}, 'phone': '(341)-918-9508', 'cell': '(351)-926-2920', 'id': {'name': '', 'value': None}, 'picture': {'large': 'https://randomuser.me/api/portraits/men/52.jpg', 'medium': 'https://randomuser.me/api/portraits/med/men/52.jpg', 'thumbnail': 'https://randomuser.me/api/portraits/thumb/men/52.jpg'}, 'nat': 'NZ'}</msg>
<arg>${json_data['results'][0]}</arg>
<doc>Logs the given message with the given level.</doc>
<status status="PASS" start="2024-07-11T07:16:03.358573" elapsed="0.000429"/>
</kw>
<kw name="Log" owner="BuiltIn">
<msg time="2024-07-11T07:16:03.359425" level="INFO">name</msg>
<arg>${key}</arg>
<doc>Logs the given message with the given level.</doc>
<status status="PASS" start="2024-07-11T07:16:03.359298" elapsed="0.000164"/>
</kw>
<var name="${key}">name</var>
<status status="PASS" start="2024-07-11T07:16:03.357890" elapsed="0.001799"/>
</iter>
<iter>
<kw name="Dictionary Should Contain Key" owner="Collections">
<arg>${json_data['results'][0]}</arg>
<arg>${key}</arg>
<doc>Fails if ``key`` is not found from ``dictionary``.</doc>
<status status="PASS" start="2024-07-11T07:16:03.359971" elapsed="0.000376"/>
</kw>
<kw name="Log" owner="BuiltIn">
<msg time="2024-07-11T07:16:03.360871" level="INFO">{'gender': 'male', 'name': {'title': 'Mr', 'first': 'Eli', 'last': 'Turner'}, 'location': {'street': {'number': 8319, 'name': 'Main North Road'}, 'city': 'Napier', 'state': 'West Coast', 'country': 'New Zealand', 'postcode': 84961, 'coordinates': {'latitude': '51.7099', 'longitude': '-125.9683'}, 'timezone': {'offset': '-3:00', 'description': 'Brazil, Buenos Aires, Georgetown'}}, 'email': 'eli.turner@example.com', 'login': {'uuid': '4c5d77fd-7c06-4808-a940-e258572e2ef8', 'username': 'goldenbird914', 'password': 'members', 'salt': 'CUayGbFi', 'md5': 'a750e63877eb8db99909d87269272128', 'sha1': '18dde045cfd71c73bd6d152f389468476e0eda9b', 'sha256': '6192b4b45428bfba86f799625600cdb438082c4a65329c74db00aa210cd2802d'}, 'dob': {'date': '1954-06-15T01:04:26.179Z', 'age': 70}, 'registered': {'date': '2009-06-09T20:50:52.810Z', 'age': 15}, 'phone': '(341)-918-9508', 'cell': '(351)-926-2920', 'id': {'name': '', 'value': None}, 'picture': {'large': 'https://randomuser.me/api/portraits/men/52.jpg', 'medium': 'https://randomuser.me/api/portraits/med/men/52.jpg', 'thumbnail': 'https://randomuser.me/api/portraits/thumb/men/52.jpg'}, 'nat': 'NZ'}</msg>
<arg>${json_data['results'][0]}</arg>
<doc>Logs the given message with the given level.</doc>
<status status="PASS" start="2024-07-11T07:16:03.360526" elapsed="0.000392"/>
</kw>
<kw name="Log" owner="BuiltIn">
<msg time="2024-07-11T07:16:03.361398" level="INFO">location</msg>
<arg>${key}</arg>
<doc>Logs the given message with the given level.</doc>
<status status="PASS" start="2024-07-11T07:16:03.361255" elapsed="0.000181"/>
</kw>
<var name="${key}">location</var>
<status status="PASS" start="2024-07-11T07:16:03.359864" elapsed="0.001811"/>
</iter>
<iter>
<kw name="Dictionary Should Contain Key" owner="Collections">
<arg>${json_data['results'][0]}</arg>
<arg>${key}</arg>
<doc>Fails if ``key`` is not found from ``dictionary``.</doc>
<status status="PASS" start="2024-07-11T07:16:03.361951" elapsed="0.000382"/>
</kw>
<kw name="Log" owner="BuiltIn">
<msg time="2024-07-11T07:16:03.362869" level="INFO">{'gender': 'male', 'name': {'title': 'Mr', 'first': 'Eli', 'last': 'Turner'}, 'location': {'street': {'number': 8319, 'name': 'Main North Road'}, 'city': 'Napier', 'state': 'West Coast', 'country': 'New Zealand', 'postcode': 84961, 'coordinates': {'latitude': '51.7099', 'longitude': '-125.9683'}, 'timezone': {'offset': '-3:00', 'description': 'Brazil, Buenos Aires, Georgetown'}}, 'email': 'eli.turner@example.com', 'login': {'uuid': '4c5d77fd-7c06-4808-a940-e258572e2ef8', 'username': 'goldenbird914', 'password': 'members', 'salt': 'CUayGbFi', 'md5': 'a750e63877eb8db99909d87269272128', 'sha1': '18dde045cfd71c73bd6d152f389468476e0eda9b', 'sha256': '6192b4b45428bfba86f799625600cdb438082c4a65329c74db00aa210cd2802d'}, 'dob': {'date': '1954-06-15T01:04:26.179Z', 'age': 70}, 'registered': {'date': '2009-06-09T20:50:52.810Z', 'age': 15}, 'phone': '(341)-918-9508', 'cell': '(351)-926-2920', 'id': {'name': '', 'value': None}, 'picture': {'large': 'https://randomuser.me/api/portraits/men/52.jpg', 'medium': 'https://randomuser.me/api/portraits/med/men/52.jpg', 'thumbnail': 'https://randomuser.me/api/portraits/thumb/men/52.jpg'}, 'nat': 'NZ'}</msg>
<arg>${json_data['results'][0]}</arg>
<doc>Logs the given message with the given level.</doc>
<status status="PASS" start="2024-07-11T07:16:03.362514" elapsed="0.000404"/>
</kw>
<kw name="Log" owner="BuiltIn">
<msg time="2024-07-11T07:16:03.363377" level="INFO">email</msg>
<arg>${key}</arg>
<doc>Logs the given message with the given level.</doc>
<status status="PASS" start="2024-07-11T07:16:03.363246" elapsed="0.000170"/>
</kw>
<var name="${key}">email</var>
<status status="PASS" start="2024-07-11T07:16:03.361843" elapsed="0.001795"/>
</iter>
<iter>
<kw name="Dictionary Should Contain Key" owner="Collections">
<arg>${json_data['results'][0]}</arg>
<arg>${key}</arg>
<doc>Fails if ``key`` is not found from ``dictionary``.</doc>
<status status="PASS" start="2024-07-11T07:16:03.363924" elapsed="0.000387"/>
</kw>
<kw name="Log" owner="BuiltIn">
<msg time="2024-07-11T07:16:03.364833" level="INFO">{'gender': 'male', 'name': {'title': 'Mr', 'first': 'Eli', 'last': 'Turner'}, 'location': {'street': {'number': 8319, 'name': 'Main North Road'}, 'city': 'Napier', 'state': 'West Coast', 'country': 'New Zealand', 'postcode': 84961, 'coordinates': {'latitude': '51.7099', 'longitude': '-125.9683'}, 'timezone': {'offset': '-3:00', 'description': 'Brazil, Buenos Aires, Georgetown'}}, 'email': 'eli.turner@example.com', 'login': {'uuid': '4c5d77fd-7c06-4808-a940-e258572e2ef8', 'username': 'goldenbird914', 'password': 'members', 'salt': 'CUayGbFi', 'md5': 'a750e63877eb8db99909d87269272128', 'sha1': '18dde045cfd71c73bd6d152f389468476e0eda9b', 'sha256': '6192b4b45428bfba86f799625600cdb438082c4a65329c74db00aa210cd2802d'}, 'dob': {'date': '1954-06-15T01:04:26.179Z', 'age': 70}, 'registered': {'date': '2009-06-09T20:50:52.810Z', 'age': 15}, 'phone': '(341)-918-9508', 'cell': '(351)-926-2920', 'id': {'name': '', 'value': None}, 'picture': {'large': 'https://randomuser.me/api/portraits/men/52.jpg', 'medium': 'https://randomuser.me/api/portraits/med/men/52.jpg', 'thumbnail': 'https://randomuser.me/api/portraits/thumb/men/52.jpg'}, 'nat': 'NZ'}</msg>
<arg>${json_data['results'][0]}</arg>
<doc>Logs the given message with the given level.</doc>
<status status="PASS" start="2024-07-11T07:16:03.364492" elapsed="0.000390"/>
</kw>
<kw name="Log" owner="BuiltIn">
<msg time="2024-07-11T07:16:03.365353" level="INFO">login</msg>
<arg>${key}</arg>
<doc>Logs the given message with the given level.</doc>
<status status="PASS" start="2024-07-11T07:16:03.365212" elapsed="0.000177"/>
</kw>
<var name="${key}">login</var>
<status status="PASS" start="2024-07-11T07:16:03.363806" elapsed="0.001799"/>
</iter>
<var>${key}</var>
<value>@{expected_keys}</value>
<status status="PASS" start="2024-07-11T07:16:03.355667" elapsed="0.010059"/>
</for>
<kw name="Create List" owner="BuiltIn">
<msg time="2024-07-11T07:16:03.366072" level="INFO">${expected_keysTwo} = ['username', 'password']</msg>
<var>${expected_keysTwo}</var>
<arg>username</arg>
<arg>password</arg>
<doc>Returns a list containing given items.</doc>
<status status="PASS" start="2024-07-11T07:16:03.365933" elapsed="0.000163"/>
</kw>
<for flavor="IN">
<iter>
<kw name="Dictionary Should Contain Key" owner="Collections">
<arg>${json_data['results'][0]['login']}</arg>
<arg>${keyTwo}</arg>
<doc>Fails if ``key`` is not found from ``dictionary``.</doc>
<status status="PASS" start="2024-07-11T07:16:03.366628" elapsed="0.000389"/>
</kw>
<kw name="Dictionary Should Contain Key" owner="Collections">
<arg>${json_data['results'][0]['login']}</arg>
<arg>${keyTwo}</arg>
<doc>Fails if ``key`` is not found from ``dictionary``.</doc>
<status status="PASS" start="2024-07-11T07:16:03.367196" elapsed="0.000370"/>
</kw>
<kw name="Log" owner="BuiltIn">
<msg time="2024-07-11T07:16:03.367864" level="INFO">username</msg>
<arg>${keyTwo}</arg>
<doc>Logs the given message with the given level.</doc>
<status status="PASS" start="2024-07-11T07:16:03.367746" elapsed="0.000155"/>
</kw>
<var name="${keyTwo}">username</var>
<status status="PASS" start="2024-07-11T07:16:03.366523" elapsed="0.001592"/>
</iter>
<iter>
<kw name="Dictionary Should Contain Key" owner="Collections">
<arg>${json_data['results'][0]['login']}</arg>
<arg>${keyTwo}</arg>
<doc>Fails if ``key`` is not found from ``dictionary``.</doc>
<status status="PASS" start="2024-07-11T07:16:03.368389" elapsed="0.000383"/>
</kw>
<kw name="Dictionary Should Contain Key" owner="Collections">
<arg>${json_data['results'][0]['login']}</arg>
<arg>${keyTwo}</arg>
<doc>Fails if ``key`` is not found from ``dictionary``.</doc>
<status status="PASS" start="2024-07-11T07:16:03.368953" elapsed="0.000422"/>
</kw>
<kw name="Log" owner="BuiltIn">
<msg time="2024-07-11T07:16:03.369677" level="INFO">password</msg>
<arg>${keyTwo}</arg>
<doc>Logs the given message with the given level.</doc>
<status status="PASS" start="2024-07-11T07:16:03.369556" elapsed="0.000162"/>
</kw>
<var name="${keyTwo}">password</var>
<status status="PASS" start="2024-07-11T07:16:03.368283" elapsed="0.001749"/>
</iter>
<var>${keyTwo}</var>
<value>@{expected_keysTwo}</value>
<status status="PASS" start="2024-07-11T07:16:03.366366" elapsed="0.003785"/>
</for>
<status status="PASS" start="2024-07-11T07:16:03.250574" elapsed="0.119720"/>
</kw>
<doc>Testa a estrutura da resposta da API.</doc>
<tag>testeEstruturaResposta</tag>
<status status="PASS" start="2024-07-11T07:16:03.250063" elapsed="0.120390"/>
</test>
<test id="s1-s1-t4" name="Validar tipos de dados" line="28">
<kw name="Teste de Tipos de Dados" owner="random-user-service">
<kw name="GET On Session" owner="RequestsLibrary">
<msg time="2024-07-11T07:16:03.468775" level="INFO">GET Request : url=https://randomuser.me/api 
 path_url=/api 
 headers={'User-Agent': 'python-requests/2.32.3', 'Accept-Encoding': 'gzip, deflate', 'Accept': '*/*', 'Connection': 'keep-alive'} 
 body=None 
 </msg>
<msg time="2024-07-11T07:16:03.468886" level="INFO">GET Response : url=https://randomuser.me/api 
 status=200, reason=OK 
 headers={'Date': 'Thu, 11 Jul 2024 07:16:03 GMT', 'Content-Type': 'application/json; charset=utf-8', 'Transfer-Encoding': 'chunked', 'Connection': 'keep-alive', 'X-Powered-By': 'Express', 'Access-Control-Allow-Origin': '*', 'Cache-Control': 'no-cache', 'ETag': 'W/"486-jPsGTER/a7AAYRDHka0fKIPMo68"', 'Vary': 'Accept-Encoding', 'Content-Encoding': 'gzip', 'CF-Cache-Status': 'DYNAMIC', 'Report-To': '{"endpoints":[{"url":"https:\\/\\/a.nel.cloudflare.com\\/report\\/v4?s=yqBbatXtorUFFTT3vijeA27vggxllsLwKCjApI5rB1p7TdSPV0vBvELYLJZ8xx%2BQD9lmzjrjQNjjUVfkK8UIeBbefhAroy2%2BcrDYY6plJ1DwjlGEaU3lRBg7ZKE7SP3I"}],"group":"cf-nel","max_age":604800}', 'NEL': '{"success_fraction":0,"report_to":"cf-nel","max_age":604800}', 'Server': 'cloudflare', 'CF-RAY': '8a1701811c105b41-IAD', 'alt-svc': 'h3=":443"; ma=86400'} 
 body={"results":[{"gender":"male","name":{"title":"Mr","first":"Nooa","last":"Kalm"},"location":{"street":{"number":2270,"name":"Mechelininkatu"},"city":"Riihimäki","state":"Åland","country":"Finland","postcode":56759,"coordinates":{"latitude":"-23.3958","longitude":"-49.7132"},"timezone":{"offset":"+7:00","description":"Bangkok, Hanoi, Jakarta"}},"email":"nooa.kalm@example.com","login":{"uuid":"a3c36bf8-700d-4c0b-9708-33b79d352c60","username":"beautifulleopard273","password":"huskies","salt":"BbdZXcSd","md5":"29c443d72cc291e152ab804e8efd6a29","sha1":"1ee6922fa273c506111688f33558c1eefcdcc775","sha256":"969e8322b112b5faa559544807de81fc25ddad0a64cc86762127427702e45b02"},"dob":{"date":"1956-12-30T13:27:09.703Z","age":67},"registered":{"date":"2017-01-08T14:09:56.183Z","age":7},"phone":"06-813-173","cell":"040-565-15-72","id":{"name":"HETU","value":"NaNNA189undefined"},"picture":{"large":"https://randomuser.me/api/portraits/men/45.jpg","medium":"https://randomuser.me/api/portraits/med/men/45.jpg","thumbnail":"https://randomuser.me/api/portraits/thumb/men/45.jpg"},"nat":"FI"}],"info":{"seed":"8138a23bda988f50","results":1,"page":1,"version":"1.4"}} 
 </msg>
<msg time="2024-07-11T07:16:03.468971" level="INFO">/opt/hostedtoolcache/Python/3.12.4/x64/lib/python3.12/site-packages/urllib3/connectionpool.py:1099: InsecureRequestWarning: Unverified HTTPS request is being made to host 'randomuser.me'. Adding certificate verification is strongly advised. See: https://urllib3.readthedocs.io/en/latest/advanced-usage.html#tls-warnings
  warnings.warn(</msg>
<msg time="2024-07-11T07:16:03.469129" level="INFO">${response} = &lt;Response [200]&gt;</msg>
<var>${response}</var>
<arg>consultarAPI</arg>
<arg>/api</arg>
<doc>Sends a GET request on a previously created HTTP Session.</doc>
<status status="PASS" start="2024-07-11T07:16:03.373003" elapsed="0.096246"/>
</kw>
<kw name="Set Variable" owner="BuiltIn">
<msg time="2024-07-11T07:16:03.470330" level="INFO">${json_data} = {'results': [{'gender': 'male', 'name': {'title': 'Mr', 'first': 'Nooa', 'last': 'Kalm'}, 'location': {'street': {'number': 2270, 'name': 'Mechelininkatu'}, 'city': 'Riihimäki', 'state': 'Åland', 'cou...</msg>
<var>${json_data}</var>
<arg>${response.json()}</arg>
<doc>Returns the given values which can then be assigned to a variables.</doc>
<status status="PASS" start="2024-07-11T07:16:03.469779" elapsed="0.000584"/>
</kw>
<kw name="Log" owner="BuiltIn">
<msg time="2024-07-11T07:16:03.470863" level="INFO">{'results': [{'gender': 'male', 'name': {'title': 'Mr', 'first': 'Nooa', 'last': 'Kalm'}, 'location': {'street': {'number': 2270, 'name': 'Mechelininkatu'}, 'city': 'Riihimäki', 'state': 'Åland', 'country': 'Finland', 'postcode': 56759, 'coordinates': {'latitude': '-23.3958', 'longitude': '-49.7132'}, 'timezone': {'offset': '+7:00', 'description': 'Bangkok, Hanoi, Jakarta'}}, 'email': 'nooa.kalm@example.com', 'login': {'uuid': 'a3c36bf8-700d-4c0b-9708-33b79d352c60', 'username': 'beautifulleopard273', 'password': 'huskies', 'salt': 'BbdZXcSd', 'md5': '29c443d72cc291e152ab804e8efd6a29', 'sha1': '1ee6922fa273c506111688f33558c1eefcdcc775', 'sha256': '969e8322b112b5faa559544807de81fc25ddad0a64cc86762127427702e45b02'}, 'dob': {'date': '1956-12-30T13:27:09.703Z', 'age': 67}, 'registered': {'date': '2017-01-08T14:09:56.183Z', 'age': 7}, 'phone': '06-813-173', 'cell': '040-565-15-72', 'id': {'name': 'HETU', 'value': 'NaNNA189undefined'}, 'picture': {'large': 'https://randomuser.me/api/portraits/men/45.jpg', 'medium': 'https://randomuser.me/api/portraits/med/men/45.jpg', 'thumbnail': 'https://randomuser.me/api/portraits/thumb/men/45.jpg'}, 'nat': 'FI'}], 'info': {'seed': '8138a23bda988f50', 'results': 1, 'page': 1, 'version': '1.4'}}</msg>
<arg>${json_data}</arg>
<doc>Logs the given message with the given level.</doc>
<status status="PASS" start="2024-07-11T07:16:03.470700" elapsed="0.000213"/>
</kw>
<kw name="Should Be String" owner="String">
<arg>${json_data['results'][0]['gender']}</arg>
<doc>Fails if the given ``item`` is not a string.</doc>
<status status="PASS" start="2024-07-11T07:16:03.471215" elapsed="0.000370"/>
</kw>
<kw name="Should Match Regexp" owner="BuiltIn">
<arg>${json_data['results'][0]['email']}</arg>
<arg>^[a-zA-Z0-9._%+-]+@[a-zA-Z0-9.-]+\.[a-zA-Z]{2,}$</arg>
<doc>Fails if ``string`` does not match ``pattern`` as a regular expression.</doc>
<status status="PASS" start="2024-07-11T07:16:03.471778" elapsed="0.000515"/>
</kw>
<kw name="Should Match Regexp" owner="BuiltIn">
<arg>${json_data['results'][0]['dob']['date']}</arg>
<arg>\\d{4}-\\d{2}-\\d{2}T\\d{2}:\\d{2}:\\d{2}\\.\\d{3}Z</arg>
<doc>Fails if ``string`` does not match ``pattern`` as a regular expression.</doc>
<status status="PASS" start="2024-07-11T07:16:03.472527" elapsed="0.000492"/>
</kw>
<kw name="Should Match Regexp" owner="BuiltIn">
<arg>${json_data['results'][0]['registered']['date']}</arg>
<arg>\\d{4}-\\d{2}-\\d{2}T\\d{2}:\\d{2}:\\d{2}\\.\\d{3}Z</arg>
<doc>Fails if ``string`` does not match ``pattern`` as a regular expression.</doc>
<status status="PASS" start="2024-07-11T07:16:03.473261" elapsed="0.000380"/>
</kw>
<kw name="Should Match Regexp" owner="BuiltIn">
<arg>${json_data['results'][0]['picture']['large']}</arg>
<arg>^https?://.*\.(?:png|jpe?g|gif|bmp)$</arg>
<doc>Fails if ``string`` does not match ``pattern`` as a regular expression.</doc>
<status status="PASS" start="2024-07-11T07:16:03.473827" elapsed="0.000456"/>
</kw>
<kw name="Should Match Regexp" owner="BuiltIn">
<arg>${json_data['results'][0]['picture']['medium']}</arg>
<arg>^https?://.*\.(?:png|jpe?g|gif|bmp)$</arg>
<doc>Fails if ``string`` does not match ``pattern`` as a regular expression.</doc>
<status status="PASS" start="2024-07-11T07:16:03.474471" elapsed="0.000349"/>
</kw>
<kw name="Should Match Regexp" owner="BuiltIn">
<arg>${json_data['results'][0]['picture']['thumbnail']}</arg>
<arg>^https?://.*\.(?:png|jpe?g|gif|bmp)$</arg>
<doc>Fails if ``string`` does not match ``pattern`` as a regular expression.</doc>
<status status="PASS" start="2024-07-11T07:16:03.475000" elapsed="0.000355"/>
</kw>
<kw name="Log" owner="BuiltIn">
<msg time="2024-07-11T07:16:03.475866" level="INFO">{'large': 'https://randomuser.me/api/portraits/men/45.jpg', 'medium': 'https://randomuser.me/api/portraits/med/men/45.jpg', 'thumbnail': 'https://randomuser.me/api/portraits/thumb/men/45.jpg'}</msg>
<arg>${json_data['results'][0]['picture']}</arg>
<doc>Logs the given message with the given level.</doc>
<status status="PASS" start="2024-07-11T07:16:03.475538" elapsed="0.000371"/>
</kw>
<status status="PASS" start="2024-07-11T07:16:03.372779" elapsed="0.103390"/>
</kw>
<kw name="Teste de Tipos de Dados - Postcode" owner="random-user-service">
<kw name="GET On Session" owner="RequestsLibrary">
<msg time="2024-07-11T07:16:03.573243" level="INFO">GET Request : url=https://randomuser.me/api 
 path_url=/api 
 headers={'User-Agent': 'python-requests/2.32.3', 'Accept-Encoding': 'gzip, deflate', 'Accept': '*/*', 'Connection': 'keep-alive'} 
 body=None 
 </msg>
<msg time="2024-07-11T07:16:03.573346" level="INFO">GET Response : url=https://randomuser.me/api 
 status=200, reason=OK 
 headers={'Date': 'Thu, 11 Jul 2024 07:16:03 GMT', 'Content-Type': 'application/json; charset=utf-8', 'Transfer-Encoding': 'chunked', 'Connection': 'keep-alive', 'X-Powered-By': 'Express', 'Access-Control-Allow-Origin': '*', 'Cache-Control': 'no-cache', 'ETag': 'W/"474-FxjZ+563dXX3TKdfLvZrcNE71ds"', 'Vary': 'Accept-Encoding', 'Content-Encoding': 'gzip', 'CF-Cache-Status': 'DYNAMIC', 'Report-To': '{"endpoints":[{"url":"https:\\/\\/a.nel.cloudflare.com\\/report\\/v4?s=NMXGZUNI%2BaiyNTH5wsRmPVuEbUzfhKoxV80Mbr5l1BLHhZeu%2BZKGBayt4TYYPzoWK2kVmyJlf0dRg22PWID2AnkUd4QfJl0NrKhQLOB95SfKsdVRRcOPT%2FNXmACU3ZHA"}],"group":"cf-nel","max_age":604800}', 'NEL': '{"success_fraction":0,"report_to":"cf-nel","max_age":604800}', 'Server': 'cloudflare', 'CF-RAY': '8a170181bc655b41-IAD', 'alt-svc': 'h3=":443"; ma=86400'} 
 body={"results":[{"gender":"female","name":{"title":"Ms","first":"Hetal","last":"Kini"},"location":{"street":{"number":2430,"name":"Camac St"},"city":"Agra","state":"Delhi","country":"India","postcode":89862,"coordinates":{"latitude":"8.9083","longitude":"174.7974"},"timezone":{"offset":"+2:00","description":"Kaliningrad, South Africa"}},"email":"hetal.kini@example.com","login":{"uuid":"46c83104-e232-45f0-9425-877de7c7e004","username":"greenleopard543","password":"betty","salt":"knjt9bfr","md5":"a53af69e911c485d4ca0d0e629e9e36c","sha1":"4f2d1a756ca14ab8e1513a327cabe4db192c8be3","sha256":"4ce4bf2c1446706845b34725ccf7a6dcc29011db456b4dc18033c821bcedbeed"},"dob":{"date":"1972-12-30T21:15:15.834Z","age":51},"registered":{"date":"2019-02-07T19:35:41.003Z","age":5},"phone":"8748002749","cell":"9605880564","id":{"name":"UIDAI","value":"386576585185"},"picture":{"large":"https://randomuser.me/api/portraits/women/89.jpg","medium":"https://randomuser.me/api/portraits/med/women/89.jpg","thumbnail":"https://randomuser.me/api/portraits/thumb/women/89.jpg"},"nat":"IN"}],"info":{"seed":"5b58700290dda7e1","results":1,"page":1,"version":"1.4"}} 
 </msg>
<msg time="2024-07-11T07:16:03.573426" level="INFO">/opt/hostedtoolcache/Python/3.12.4/x64/lib/python3.12/site-packages/urllib3/connectionpool.py:1099: InsecureRequestWarning: Unverified HTTPS request is being made to host 'randomuser.me'. Adding certificate verification is strongly advised. See: https://urllib3.readthedocs.io/en/latest/advanced-usage.html#tls-warnings
  warnings.warn(</msg>
<msg time="2024-07-11T07:16:03.573554" level="INFO">${response} = &lt;Response [200]&gt;</msg>
<var>${response}</var>
<arg>consultarAPI</arg>
<arg>/api</arg>
<doc>Sends a GET request on a previously created HTTP Session.</doc>
<status status="PASS" start="2024-07-11T07:16:03.476630" elapsed="0.096968"/>
</kw>
<kw name="Set Variable" owner="BuiltIn">
<msg time="2024-07-11T07:16:03.574560" level="INFO">${json_data} = {'results': [{'gender': 'female', 'name': {'title': 'Ms', 'first': 'Hetal', 'last': 'Kini'}, 'location': {'street': {'number': 2430, 'name': 'Camac St'}, 'city': 'Agra', 'state': 'Delhi', 'country': '...</msg>
<var>${json_data}</var>
<arg>${response.json()}</arg>
<doc>Returns the given values which can then be assigned to a variables.</doc>
<status status="PASS" start="2024-07-11T07:16:03.574063" elapsed="0.000527"/>
</kw>
<kw name="Log" owner="BuiltIn">
<msg time="2024-07-11T07:16:03.575053" level="INFO">{'results': [{'gender': 'female', 'name': {'title': 'Ms', 'first': 'Hetal', 'last': 'Kini'}, 'location': {'street': {'number': 2430, 'name': 'Camac St'}, 'city': 'Agra', 'state': 'Delhi', 'country': 'India', 'postcode': 89862, 'coordinates': {'latitude': '8.9083', 'longitude': '174.7974'}, 'timezone': {'offset': '+2:00', 'description': 'Kaliningrad, South Africa'}}, 'email': 'hetal.kini@example.com', 'login': {'uuid': '46c83104-e232-45f0-9425-877de7c7e004', 'username': 'greenleopard543', 'password': 'betty', 'salt': 'knjt9bfr', 'md5': 'a53af69e911c485d4ca0d0e629e9e36c', 'sha1': '4f2d1a756ca14ab8e1513a327cabe4db192c8be3', 'sha256': '4ce4bf2c1446706845b34725ccf7a6dcc29011db456b4dc18033c821bcedbeed'}, 'dob': {'date': '1972-12-30T21:15:15.834Z', 'age': 51}, 'registered': {'date': '2019-02-07T19:35:41.003Z', 'age': 5}, 'phone': '8748002749', 'cell': '9605880564', 'id': {'name': 'UIDAI', 'value': '386576585185'}, 'picture': {'large': 'https://randomuser.me/api/portraits/women/89.jpg', 'medium': 'https://randomuser.me/api/portraits/med/women/89.jpg', 'thumbnail': 'https://randomuser.me/api/portraits/thumb/women/89.jpg'}, 'nat': 'IN'}], 'info': {'seed': '5b58700290dda7e1', 'results': 1, 'page': 1, 'version': '1.4'}}</msg>
<arg>${json_data}</arg>
<doc>Logs the given message with the given level.</doc>
<status status="PASS" start="2024-07-11T07:16:03.574896" elapsed="0.000203"/>
</kw>
<kw name="Should Be Equal As Numbers" owner="BuiltIn">
<arg>${json_data['results'][0]['location']['postcode']}</arg>
<arg>${json_data['results'][0]['location']['postcode']}</arg>
<doc>Fails if objects are unequal after converting them to real numbers.</doc>
<status status="PASS" start="2024-07-11T07:16:03.575385" elapsed="0.000613"/>
</kw>
<kw name="Log" owner="BuiltIn">
<msg time="2024-07-11T07:16:03.576689" level="INFO">89862</msg>
<arg>${json_data['results'][0]['location']['postcode']}</arg>
<doc>Logs the given message with the given level.</doc>
<status status="PASS" start="2024-07-11T07:16:03.576185" elapsed="0.000545"/>
</kw>
<status status="PASS" start="2024-07-11T07:16:03.476401" elapsed="0.100613"/>
</kw>
<doc>Testa se os tipos de dados na resposta da API estão corretos.</doc>
<tag>testeTiposDados</tag>
<status status="PASS" start="2024-07-11T07:16:03.372233" elapsed="0.204990"/>
</test>
<test id="s1-s1-t5" name="Validar conteudo" line="35">
<kw name="Teste de Tipos de Conteudo" owner="random-user-service">
<kw name="GET On Session" owner="RequestsLibrary">
<msg time="2024-07-11T07:16:03.649366" level="INFO">GET Request : url=https://randomuser.me/api 
 path_url=/api 
 headers={'User-Agent': 'python-requests/2.32.3', 'Accept-Encoding': 'gzip, deflate', 'Accept': '*/*', 'Connection': 'keep-alive'} 
 body=None 
 </msg>
<msg time="2024-07-11T07:16:03.649466" level="INFO">GET Response : url=https://randomuser.me/api 
 status=200, reason=OK 
 headers={'Date': 'Thu, 11 Jul 2024 07:16:03 GMT', 'Content-Type': 'application/json; charset=utf-8', 'Transfer-Encoding': 'chunked', 'Connection': 'keep-alive', 'X-Powered-By': 'Express', 'Access-Control-Allow-Origin': '*', 'Cache-Control': 'no-cache', 'ETag': 'W/"48e-5gDIy75xhCasCNL3OykedgpEZ1E"', 'Vary': 'Accept-Encoding', 'Content-Encoding': 'gzip', 'CF-Cache-Status': 'DYNAMIC', 'Report-To': '{"endpoints":[{"url":"https:\\/\\/a.nel.cloudflare.com\\/report\\/v4?s=vnSjXtDQvKmPy4fA5QOGtlxFJtqkN99ikjbbEhQYuA6ivo9SOCI7oWFs0X%2FKQYOq5fgr1Nj%2FLFLySc%2F%2B6AJw2MT347t0gzg8FlOQqlJIm9ik71ZTXLQvGk2yxe%2BpuCiF"}],"group":"cf-nel","max_age":604800}', 'NEL': '{"success_fraction":0,"report_to":"cf-nel","max_age":604800}', 'Server': 'cloudflare', 'CF-RAY': '8a1701826cc85b41-IAD', 'alt-svc': 'h3=":443"; ma=86400'} 
 body={"results":[{"gender":"male","name":{"title":"Mr","first":"Larry","last":"Kelley"},"location":{"street":{"number":337,"name":"Locust Rd"},"city":"Wagga Wagga","state":"Queensland","country":"Australia","postcode":6238,"coordinates":{"latitude":"-87.4662","longitude":"-77.0253"},"timezone":{"offset":"0:00","description":"Western Europe Time, London, Lisbon, Casablanca"}},"email":"larry.kelley@example.com","login":{"uuid":"97707e74-bead-409f-a3b2-8bf014072328","username":"sadcat601","password":"butcher","salt":"T6P1dL7i","md5":"b11ef66355c6ab8f5113f6c76539d845","sha1":"107b03c5b184540415097f69947dd79cc03ed93d","sha256":"6b357b65f3e35c144e1657ad3013f60fe1156eac0591fad73e01150117543a36"},"dob":{"date":"1985-07-07T18:16:23.627Z","age":39},"registered":{"date":"2021-11-18T02:08:13.224Z","age":2},"phone":"01-2041-2151","cell":"0434-798-942","id":{"name":"TFN","value":"724551900"},"picture":{"large":"https://randomuser.me/api/portraits/men/4.jpg","medium":"https://randomuser.me/api/portraits/med/men/4.jpg","thumbnail":"https://randomuser.me/api/portraits/thumb/men/4.jpg"},"nat":"AU"}],"info":{"seed":"8f22dc6f41fa7066","results":1,"page":1,"version":"1.4"}} 
 </msg>
<msg time="2024-07-11T07:16:03.649544" level="INFO">/opt/hostedtoolcache/Python/3.12.4/x64/lib/python3.12/site-packages/urllib3/connectionpool.py:1099: InsecureRequestWarning: Unverified HTTPS request is being made to host 'randomuser.me'. Adding certificate verification is strongly advised. See: https://urllib3.readthedocs.io/en/latest/advanced-usage.html#tls-warnings
  warnings.warn(</msg>
<msg time="2024-07-11T07:16:03.649674" level="INFO">${response} = &lt;Response [200]&gt;</msg>
<var>${response}</var>
<arg>consultarAPI</arg>
<arg>/api</arg>
<doc>Sends a GET request on a previously created HTTP Session.</doc>
<status status="PASS" start="2024-07-11T07:16:03.579646" elapsed="0.070068"/>
</kw>
<kw name="Set Variable" owner="BuiltIn">
<msg time="2024-07-11T07:16:03.650689" level="INFO">${json_data} = {'results': [{'gender': 'male', 'name': {'title': 'Mr', 'first': 'Larry', 'last': 'Kelley'}, 'location': {'street': {'number': 337, 'name': 'Locust Rd'}, 'city': 'Wagga Wagga', 'state': 'Queensland', ...</msg>
<var>${json_data}</var>
<arg>${response.json()}</arg>
<doc>Returns the given values which can then be assigned to a variables.</doc>
<status status="PASS" start="2024-07-11T07:16:03.650197" elapsed="0.000521"/>
</kw>
<kw name="Set Variable" owner="BuiltIn">
<msg time="2024-07-11T07:16:03.651404" level="INFO">${name_title} = Mr</msg>
<var>${name_title}</var>
<arg>${json_data["results"][0]["name"]["title"]}</arg>
<doc>Returns the given values which can then be assigned to a variables.</doc>
<status status="PASS" start="2024-07-11T07:16:03.651018" elapsed="0.000412"/>
</kw>
<kw name="Create List" owner="BuiltIn">
<msg time="2024-07-11T07:16:03.651869" level="INFO">${allowed_titles} = ['Mr', 'Ms', 'Miss', 'Mrs', 'Madame', 'Monsieur']</msg>
<var>${allowed_titles}</var>
<arg>Mr</arg>
<arg>Ms</arg>
<arg>Miss</arg>
<arg>Mrs</arg>
<arg>Madame</arg>
<arg>Monsieur</arg>
<doc>Returns a list containing given items.</doc>
<status status="PASS" start="2024-07-11T07:16:03.651723" elapsed="0.000170"/>
</kw>
<kw name="List Should Contain Value" owner="Collections">
<arg>${allowed_titles}</arg>
<arg>${name_title}</arg>
<doc>Fails if the ``value`` is not found from ``list``.</doc>
<status status="PASS" start="2024-07-11T07:16:03.652189" elapsed="0.000174"/>
</kw>
<kw name="Set Variable" owner="BuiltIn">
<msg time="2024-07-11T07:16:03.652901" level="INFO">${name_country} = AU</msg>
<var>${name_country}</var>
<arg>${json_data["results"][0]["nat"]}</arg>
<doc>Returns the given values which can then be assigned to a variables.</doc>
<status status="PASS" start="2024-07-11T07:16:03.652539" elapsed="0.000387"/>
</kw>
<kw name="Create List" owner="BuiltIn">
<msg time="2024-07-11T07:16:03.653842" level="INFO">${list_country} = ['AD', 'AE', 'AF', 'AG', 'AI', 'AL', 'AM', 'AO', 'AQ', 'AR', 'AS', 'AT', 'AU', 'AW', 'AX', 'AZ', 'BA', 'BB', 'BD', 'BE', 'BF', 'BG', 'BH', 'BI', 'BJ', 'BL', 'BM', 'BN', 'BO', 'BQ', 'BR', 'BS', 'BT', '...</msg>
<var>${list_country}</var>
<arg>AD</arg>
<arg>AE</arg>
<arg>AF</arg>
<arg>AG</arg>
<arg>AI</arg>
<arg>AL</arg>
<arg>AM</arg>
<arg>AO</arg>
<arg>AQ</arg>
<arg>AR</arg>
<arg>AS</arg>
<arg>AT</arg>
<arg>AU</arg>
<arg>AW</arg>
<arg>AX</arg>
<arg>AZ</arg>
<arg>BA</arg>
<arg>BB</arg>
<arg>BD</arg>
<arg>BE</arg>
<arg>BF</arg>
<arg>BG</arg>
<arg>BH</arg>
<arg>BI</arg>
<arg>BJ</arg>
<arg>BL</arg>
<arg>BM</arg>
<arg>BN</arg>
<arg>BO</arg>
<arg>BQ</arg>
<arg>BR</arg>
<arg>BS</arg>
<arg>BT</arg>
<arg>BV</arg>
<arg>BW</arg>
<arg>BY</arg>
<arg>BZ</arg>
<arg>CA</arg>
<arg>CC</arg>
<arg>CD</arg>
<arg>CF</arg>
<arg>CG</arg>
<arg>CH</arg>
<arg>CI</arg>
<arg>CK</arg>
<arg>CL</arg>
<arg>CM</arg>
<arg>CN</arg>
<arg>CO</arg>
<arg>CR</arg>
<arg>CU</arg>
<arg>CV</arg>
<arg>CW</arg>
<arg>CX</arg>
<arg>CY</arg>
<arg>CZ</arg>
<arg>DE</arg>
<arg>DJ</arg>
<arg>DK</arg>
<arg>DM</arg>
<arg>DO</arg>
<arg>DZ</arg>
<arg>EC</arg>
<arg>EE</arg>
<arg>EG</arg>
<arg>EH</arg>
<arg>ER</arg>
<arg>ES</arg>
<arg>ET</arg>
<arg>FI</arg>
<arg>FJ</arg>
<arg>FK</arg>
<arg>FM</arg>
<arg>FO</arg>
<arg>FR</arg>
<arg>GA</arg>
<arg>GB</arg>
<arg>GD</arg>
<arg>GE</arg>
<arg>GF</arg>
<arg>GG</arg>
<arg>GH</arg>
<arg>GI</arg>
<arg>GL</arg>
<arg>GM</arg>
<arg>GN</arg>
<arg>GP</arg>
<arg>GQ</arg>
<arg>GR</arg>
<arg>GS</arg>
<arg>GT</arg>
<arg>GU</arg>
<arg>GW</arg>
<arg>GY</arg>
<arg>HK</arg>
<arg>HM</arg>
<arg>HN</arg>
<arg>HR</arg>
<arg>HT</arg>
<arg>HU</arg>
<arg>ID</arg>
<arg>IE</arg>
<arg>IL</arg>
<arg>IM</arg>
<arg>IN</arg>
<arg>IO</arg>
<arg>IQ</arg>
<arg>IR</arg>
<arg>IS</arg>
<arg>IT</arg>
<arg>JE</arg>
<arg>JM</arg>
<arg>JO</arg>
<arg>JP</arg>
<arg>KE</arg>
<arg>KG</arg>
<arg>KH</arg>
<arg>KI</arg>
<arg>KM</arg>
<arg>KN</arg>
<arg>KP</arg>
<arg>KR</arg>
<arg>KW</arg>
<arg>KY</arg>
<arg>KZ</arg>
<arg>LA</arg>
<arg>LB</arg>
<arg>LC</arg>
<arg>LI</arg>
<arg>LK</arg>
<arg>LR</arg>
<arg>LS</arg>
<arg>LT</arg>
<arg>LU</arg>
<arg>LV</arg>
<arg>LY</arg>
<arg>MA</arg>
<arg>MC</arg>
<arg>MD</arg>
<arg>ME</arg>
<arg>MF</arg>
<arg>MG</arg>
<arg>MH</arg>
<arg>MK</arg>
<arg>ML</arg>
<arg>MM</arg>
<arg>MN</arg>
<arg>MO</arg>
<arg>MP</arg>
<arg>MQ</arg>
<arg>MR</arg>
<arg>MS</arg>
<arg>MT</arg>
<arg>MU</arg>
<arg>MV</arg>
<arg>MW</arg>
<arg>MX</arg>
<arg>MY</arg>
<arg>MZ</arg>
<arg>NA</arg>
<arg>NC</arg>
<arg>NE</arg>
<arg>NF</arg>
<arg>NG</arg>
<arg>NI</arg>
<arg>NL</arg>
<arg>NO</arg>
<arg>NP</arg>
<arg>NR</arg>
<arg>NU</arg>
<arg>NZ</arg>
<arg>OM</arg>
<arg>PA</arg>
<arg>PE</arg>
<arg>PF</arg>
<arg>PG</arg>
<arg>PH</arg>
<arg>PK</arg>
<arg>PL</arg>
<arg>PM</arg>
<arg>PN</arg>
<arg>PR</arg>
<arg>PS</arg>
<arg>PT</arg>
<arg>PW</arg>
<arg>PY</arg>
<arg>QA</arg>
<arg>RE</arg>
<arg>RO</arg>
<arg>RS</arg>
<arg>RU</arg>
<arg>RW</arg>
<arg>SA</arg>
<arg>SB</arg>
<arg>SC</arg>
<arg>SD</arg>
<arg>SE</arg>
<arg>SG</arg>
<arg>SH</arg>
<arg>SI</arg>
<arg>SJ</arg>
<arg>SK</arg>
<arg>SL</arg>
<arg>SM</arg>
<arg>SN</arg>
<arg>SO</arg>
<arg>SR</arg>
<arg>SS</arg>
<arg>ST</arg>
<arg>SV</arg>
<arg>SX</arg>
<arg>SY</arg>
<arg>SZ</arg>
<arg>TC</arg>
<arg>TD</arg>
<arg>TF</arg>
<arg>TG</arg>
<arg>TH</arg>
<arg>TJ</arg>
<arg>TK</arg>
<arg>TL</arg>
<arg>TM</arg>
<arg>TN</arg>
<arg>TO</arg>
<arg>TR</arg>
<arg>TT</arg>
<arg>TV</arg>
<arg>TW</arg>
<arg>TZ</arg>
<arg>UA</arg>
<arg>UG</arg>
<arg>UM</arg>
<arg>US</arg>
<arg>UY</arg>
<arg>UZ</arg>
<arg>VA</arg>
<arg>VC</arg>
<arg>VE</arg>
<arg>VG</arg>
<arg>VI</arg>
<arg>VN</arg>
<arg>VU</arg>
<arg>WF</arg>
<arg>WS</arg>
<arg>XK</arg>
<arg>YE</arg>
<arg>YT</arg>
<arg>ZA</arg>
<arg>ZM</arg>
<arg>ZW</arg>
<doc>Returns a list containing given items.</doc>
<status status="PASS" start="2024-07-11T07:16:03.653248" elapsed="0.000622"/>
</kw>
<kw name="List Should Contain Value" owner="Collections">
<arg>${list_country}</arg>
<arg>${name_country}</arg>
<doc>Fails if the ``value`` is not found from ``list``.</doc>
<status status="PASS" start="2024-07-11T07:16:03.654670" elapsed="0.000197"/>
</kw>
<kw name="Run Keyword If" owner="BuiltIn">
<kw name="Should Be True" owner="BuiltIn">
<arg>${True}</arg>
<doc>Fails if the given condition is not true.</doc>
<status status="PASS" start="2024-07-11T07:16:03.655786" elapsed="0.000138"/>
</kw>
<arg>${json_data["results"][0]["location"]["coordinates"]["latitude"]} &gt;= -90 and ${json_data["results"][0]["location"]["coordinates"]["latitude"]} &lt;= 90</arg>
<arg>Should Be True</arg>
<arg>${True}</arg>
<doc>Runs the given keyword with the given arguments, if ``condition`` is true.</doc>
<status status="PASS" start="2024-07-11T07:16:03.655058" elapsed="0.000987"/>
</kw>
<kw name="Run Keyword If" owner="BuiltIn">
<kw name="Should Be True" owner="BuiltIn">
<arg>${True}</arg>
<doc>Fails if the given condition is not true.</doc>
<status status="PASS" start="2024-07-11T07:16:03.656909" elapsed="0.000257"/>
</kw>
<arg>${json_data["results"][0]["location"]["coordinates"]["longitude"]} &gt;= -180 and ${json_data["results"][0]["location"]["coordinates"]["longitude"]} &lt;= 180</arg>
<arg>Should Be True</arg>
<arg>${True}</arg>
<doc>Runs the given keyword with the given arguments, if ``condition`` is true.</doc>
<status status="PASS" start="2024-07-11T07:16:03.656222" elapsed="0.001076"/>
</kw>
<status status="PASS" start="2024-07-11T07:16:03.579430" elapsed="0.078002"/>
</kw>
<doc>Testa o conteúdo específico dos campos retornados pela API.</doc>
<tag>testeConteudo</tag>
<status status="PASS" start="2024-07-11T07:16:03.578990" elapsed="0.078592"/>
</test>
<status status="PASS" start="2024-07-11T07:16:02.722848" elapsed="0.936633"/>
</suite>
<status status="PASS" start="2024-07-11T07:16:02.708598" elapsed="0.955848"/>
</suite>
<statistics>
<total>
<stat pass="5" fail="0" skip="0">All Tests</stat>
</total>
<tag>
<stat pass="1" fail="0" skip="0">testeConteudo</stat>
<stat pass="1" fail="0" skip="0">testeEstruturaResposta</stat>
<stat pass="1" fail="0" skip="0">testeRequisicaoBasica</stat>
<stat pass="1" fail="0" skip="0">testeTiposDados</stat>
</tag>
<suite>
<stat pass="5" fail="0" skip="0" id="s1" name="Tests">Tests</stat>
<stat pass="5" fail="0" skip="0" id="s1-s1" name="Random-User-Test">Tests.Random-User-Test</stat>
</suite>
</statistics>
<errors>
</errors>
</robot>
