<?xml version="1.0" encoding="UTF-8"?>
<robot generator="Robot 7.0 (Python 3.12.2 on linux)" generated="2024-04-15T10:13:19.153369" rpa="false" schemaversion="5">
<suite id="s1" name="Tests" source="/home/runner/work/DesafioQAItauRogerioJordao/DesafioQAItauRogerioJordao/RamdonUser/tests">
<suite id="s1-s1" name="Random-User-Test" source="/home/runner/work/DesafioQAItauRogerioJordao/DesafioQAItauRogerioJordao/RamdonUser/tests/random-user-test.robot">
<test id="s1-s1-t1" name="Conectar" line="13">
<kw name="Conectar API" owner="random-user-service">
<kw name="Create Session" owner="RequestsLibrary">
<msg time="2024-04-15T10:13:19.516618" level="INFO">Creating Session using : alias=consultarAPI, url=https://randomuser.me/, headers={},                     cookies={}, auth=None, timeout=None, proxies=None, verify=False,                     debug=0 </msg>
<arg>consultarAPI</arg>
<arg>${URL}</arg>
<doc>Create Session: create a HTTP session to a server</doc>
<status status="PASS" start="2024-04-15T10:13:19.516402" elapsed="0.000403"/>
</kw>
<status status="PASS" start="2024-04-15T10:13:19.515336" elapsed="0.001832"/>
</kw>
<status status="PASS" start="2024-04-15T10:13:19.514680" elapsed="0.002696"/>
</test>
<test id="s1-s1-t2" name="Validar retorno 200 e JSON Válido" line="16">
<kw name="Teste de Requisicao Basica" owner="random-user-service">
<kw name="GET On Session" owner="RequestsLibrary">
<msg time="2024-04-15T10:13:19.705442" level="INFO">GET Request : url=https://randomuser.me/api 
 path_url=/api 
 headers={'User-Agent': 'python-requests/2.31.0', 'Accept-Encoding': 'gzip, deflate', 'Accept': '*/*', 'Connection': 'keep-alive'} 
 body=None 
 </msg>
<msg time="2024-04-15T10:13:19.705594" level="INFO">GET Response : url=https://randomuser.me/api 
 status=200, reason=OK 
 headers={'Date': 'Mon, 15 Apr 2024 10:13:19 GMT', 'Content-Type': 'application/json; charset=utf-8', 'Transfer-Encoding': 'chunked', 'Connection': 'keep-alive', 'X-Powered-By': 'Express', 'Access-Control-Allow-Origin': '*', 'Cache-Control': 'no-cache', 'ETag': 'W/"49d-LYW6Z+0eEWEkEpex+FZzS0N48pQ"', 'Vary': 'Accept-Encoding', 'Content-Encoding': 'gzip', 'CF-Cache-Status': 'DYNAMIC', 'Report-To': '{"endpoints":[{"url":"https:\\/\\/a.nel.cloudflare.com\\/report\\/v4?s=cv94ilUpy6x2uw%2F2XfEQjjgLuvjdhK6HkQ8WvdaZSsKAc1B8uHQpK0%2FKnno8mlDhzVgWAaW7kzVrSJX6T7lju5nErRmIja3OUT9VMCsupL693nvjVcv0Ly%2BXhHRa5Gn%2F"}],"group":"cf-nel","max_age":604800}', 'NEL': '{"success_fraction":0,"report_to":"cf-nel","max_age":604800}', 'Server': 'cloudflare', 'CF-RAY': '874b298deb202f19-IAD', 'alt-svc': 'h3=":443"; ma=86400'} 
 body={"results":[{"gender":"male","name":{"title":"Mr","first":"Baptista","last":"Barbosa"},"location":{"street":{"number":1382,"name":"Rua Vinte E Quatro de Outubro"},"city":"Duque de Caxias","state":"Rio de Janeiro","country":"Brazil","postcode":34384,"coordinates":{"latitude":"-81.2252","longitude":"-22.5402"},"timezone":{"offset":"-3:30","description":"Newfoundland"}},"email":"baptista.barbosa@example.com","login":{"uuid":"2052f4a4-e8dd-4720-a22f-884f373eab41","username":"blackzebra573","password":"boyz","salt":"4G2YDkc4","md5":"57c9368742ab1112cd904f96edff9547","sha1":"d4fb5b27606d4055e437279e6f671de2a5548d80","sha256":"94ca45995e9ef0a8e2dbf26ebde6d9b3a8ff181db5243dcde9a7c370f1ce51d7"},"dob":{"date":"1973-04-15T22:21:25.763Z","age":50},"registered":{"date":"2007-06-15T14:26:51.942Z","age":16},"phone":"(24) 2867-2150","cell":"(02) 8565-5409","id":{"name":"CPF","value":"604.243.624-25"},"picture":{"large":"https://randomuser.me/api/portraits/men/95.jpg","medium":"https://randomuser.me/api/portraits/med/men/95.jpg","thumbnail":"https://randomuser.me/api/portraits/thumb/men/95.jpg"},"nat":"BR"}],"info":{"seed":"70d689ead78d9230","results":1,"page":1,"version":"1.4"}} 
 </msg>
<msg time="2024-04-15T10:13:19.705699" level="INFO">/opt/hostedtoolcache/Python/3.12.2/x64/lib/python3.12/site-packages/urllib3/connectionpool.py:1103: InsecureRequestWarning: Unverified HTTPS request is being made to host 'randomuser.me'. Adding certificate verification is strongly advised. See: https://urllib3.readthedocs.io/en/latest/advanced-usage.html#tls-warnings
  warnings.warn(</msg>
<msg time="2024-04-15T10:13:19.705862" level="INFO">${response} = &lt;Response [200]&gt;</msg>
<var>${response}</var>
<arg>consultarAPI</arg>
<arg>/api</arg>
<doc>Sends a GET request on a previously created HTTP Session.</doc>
<status status="PASS" start="2024-04-15T10:13:19.520105" elapsed="0.185804"/>
</kw>
<kw name="Should Be Equal As Numbers" owner="BuiltIn">
<msg time="2024-04-15T10:13:19.706910" level="INFO">Argument types are:
&lt;class 'int'&gt;
&lt;class 'str'&gt;</msg>
<arg>${response.status_code}</arg>
<arg>200</arg>
<doc>Fails if objects are unequal after converting them to real numbers.</doc>
<status status="PASS" start="2024-04-15T10:13:19.706432" elapsed="0.000546"/>
</kw>
<kw name="Log" owner="BuiltIn">
<msg time="2024-04-15T10:13:19.707712" level="INFO">200</msg>
<arg>${response.status_code}</arg>
<doc>Logs the given message with the given level.</doc>
<status status="PASS" start="2024-04-15T10:13:19.707339" elapsed="0.000417"/>
</kw>
<kw name="Set Variable" owner="BuiltIn">
<msg time="2024-04-15T10:13:19.708545" level="INFO">${json_data} = {'results': [{'gender': 'male', 'name': {'title': 'Mr', 'first': 'Baptista', 'last': 'Barbosa'}, 'location': {'street': {'number': 1382, 'name': 'Rua Vinte E Quatro de Outubro'}, 'city': 'Duque de Cax...</msg>
<var>${json_data}</var>
<arg>${response.json()}</arg>
<doc>Returns the given values which can then be assigned to a variables.</doc>
<status status="PASS" start="2024-04-15T10:13:19.708090" elapsed="0.000484"/>
</kw>
<kw name="Dictionary Should Contain Key" owner="Collections">
<msg time="2024-04-15T10:13:19.709066" level="INFO">False</msg>
<arg>${json_data}</arg>
<arg>results</arg>
<doc>Fails if ``key`` is not found from ``dictionary``.</doc>
<status status="PASS" start="2024-04-15T10:13:19.708890" elapsed="0.000221"/>
</kw>
<status status="PASS" start="2024-04-15T10:13:19.519849" elapsed="0.189530"/>
</kw>
<doc>Testa se a API responde corretamente e retorna um objeto JSON válido.</doc>
<tag>testeRequisicaoBasica</tag>
<status status="PASS" start="2024-04-15T10:13:19.519279" elapsed="0.190294"/>
</test>
<test id="s1-s1-t3" name="Validar estrutura de resposta" line="22">
<kw name="Teste de Estrutura de Resposta" owner="random-user-service">
<kw name="GET On Session" owner="RequestsLibrary">
<msg time="2024-04-15T10:13:19.826461" level="INFO">GET Request : url=https://randomuser.me/api 
 path_url=/api 
 headers={'User-Agent': 'python-requests/2.31.0', 'Accept-Encoding': 'gzip, deflate', 'Accept': '*/*', 'Connection': 'keep-alive'} 
 body=None 
 </msg>
<msg time="2024-04-15T10:13:19.826572" level="INFO">GET Response : url=https://randomuser.me/api 
 status=200, reason=OK 
 headers={'Date': 'Mon, 15 Apr 2024 10:13:19 GMT', 'Content-Type': 'application/json; charset=utf-8', 'Transfer-Encoding': 'chunked', 'Connection': 'keep-alive', 'X-Powered-By': 'Express', 'Access-Control-Allow-Origin': '*', 'Cache-Control': 'no-cache', 'ETag': 'W/"4b7-Dh9wOFaeljT1+QRUoCWhcDBKaDs"', 'Vary': 'Accept-Encoding', 'Content-Encoding': 'gzip', 'CF-Cache-Status': 'DYNAMIC', 'Report-To': '{"endpoints":[{"url":"https:\\/\\/a.nel.cloudflare.com\\/report\\/v4?s=nrm7Kn4LEF6AacqcOF6OqB1bTt6xrLHwOC5aRGjwG7WWRkCgvhLkebkcCBBvdoqZBJGZthwJ%2F%2FObXRsN395aEBqcgqS%2FROUSXUQMkzuQhKchg4UbSPBE%2BoUhSIBSsw2a"}],"group":"cf-nel","max_age":604800}', 'NEL': '{"success_fraction":0,"report_to":"cf-nel","max_age":604800}', 'Server': 'cloudflare', 'CF-RAY': '874b298e4b6e2f19-IAD', 'alt-svc': 'h3=":443"; ma=86400'} 
 body={"results":[{"gender":"female","name":{"title":"Mrs","first":"Laurine","last":"Arnaud"},"location":{"street":{"number":8422,"name":"Rue des Jardins"},"city":"Vitry-sur-Seine","state":"Haute-Loire","country":"France","postcode":56464,"coordinates":{"latitude":"-16.4531","longitude":"73.0221"},"timezone":{"offset":"+3:00","description":"Baghdad, Riyadh, Moscow, St. Petersburg"}},"email":"laurine.arnaud@example.com","login":{"uuid":"80a9dbf6-80ad-4884-ba99-992446167c2e","username":"organicmeercat633","password":"maryland","salt":"cQZGGrnQ","md5":"36d2bc9e30841767e63abfe33d12072d","sha1":"292caf22b0410d29e841e3dbd3662c5c3df21734","sha256":"f3080d523d7fac1ffd13b7fb3f28a739b48e57112dcc11fc1d62b6dbb7ecb6b2"},"dob":{"date":"1952-04-15T09:14:24.668Z","age":72},"registered":{"date":"2007-09-29T17:07:16.595Z","age":16},"phone":"03-14-47-19-08","cell":"06-82-64-11-14","id":{"name":"INSEE","value":"2520328166407 84"},"picture":{"large":"https://randomuser.me/api/portraits/women/27.jpg","medium":"https://randomuser.me/api/portraits/med/women/27.jpg","thumbnail":"https://randomuser.me/api/portraits/thumb/women/27.jpg"},"nat":"FR"}],"info":{"seed":"e77024628126f09f","results":1,"page":1,"version":"1.4"}} 
 </msg>
<msg time="2024-04-15T10:13:19.826722" level="INFO">/opt/hostedtoolcache/Python/3.12.2/x64/lib/python3.12/site-packages/urllib3/connectionpool.py:1103: InsecureRequestWarning: Unverified HTTPS request is being made to host 'randomuser.me'. Adding certificate verification is strongly advised. See: https://urllib3.readthedocs.io/en/latest/advanced-usage.html#tls-warnings
  warnings.warn(</msg>
<msg time="2024-04-15T10:13:19.826872" level="INFO">${response} = &lt;Response [200]&gt;</msg>
<var>${response}</var>
<arg>consultarAPI</arg>
<arg>/api</arg>
<doc>Sends a GET request on a previously created HTTP Session.</doc>
<status status="PASS" start="2024-04-15T10:13:19.712422" elapsed="0.114484"/>
</kw>
<kw name="Set Variable" owner="BuiltIn">
<msg time="2024-04-15T10:13:19.827985" level="INFO">${json_data} = {'results': [{'gender': 'female', 'name': {'title': 'Mrs', 'first': 'Laurine', 'last': 'Arnaud'}, 'location': {'street': {'number': 8422, 'name': 'Rue des Jardins'}, 'city': 'Vitry-sur-Seine', 'state'...</msg>
<var>${json_data}</var>
<arg>${response.json()}</arg>
<doc>Returns the given values which can then be assigned to a variables.</doc>
<status status="PASS" start="2024-04-15T10:13:19.827429" elapsed="0.000586"/>
</kw>
<kw name="Log" owner="BuiltIn">
<msg time="2024-04-15T10:13:19.828552" level="INFO">{'results': [{'gender': 'female', 'name': {'title': 'Mrs', 'first': 'Laurine', 'last': 'Arnaud'}, 'location': {'street': {'number': 8422, 'name': 'Rue des Jardins'}, 'city': 'Vitry-sur-Seine', 'state': 'Haute-Loire', 'country': 'France', 'postcode': 56464, 'coordinates': {'latitude': '-16.4531', 'longitude': '73.0221'}, 'timezone': {'offset': '+3:00', 'description': 'Baghdad, Riyadh, Moscow, St. Petersburg'}}, 'email': 'laurine.arnaud@example.com', 'login': {'uuid': '80a9dbf6-80ad-4884-ba99-992446167c2e', 'username': 'organicmeercat633', 'password': 'maryland', 'salt': 'cQZGGrnQ', 'md5': '36d2bc9e30841767e63abfe33d12072d', 'sha1': '292caf22b0410d29e841e3dbd3662c5c3df21734', 'sha256': 'f3080d523d7fac1ffd13b7fb3f28a739b48e57112dcc11fc1d62b6dbb7ecb6b2'}, 'dob': {'date': '1952-04-15T09:14:24.668Z', 'age': 72}, 'registered': {'date': '2007-09-29T17:07:16.595Z', 'age': 16}, 'phone': '03-14-47-19-08', 'cell': '06-82-64-11-14', 'id': {'name': 'INSEE', 'value': '2520328166407 84'}, 'picture': {'large': 'https://randomuser.me/api/portraits/women/27.jpg', 'medium': 'https://randomuser.me/api/portraits/med/women/27.jpg', 'thumbnail': 'https://randomuser.me/api/portraits/thumb/women/27.jpg'}, 'nat': 'FR'}], 'info': {'seed': 'e77024628126f09f', 'results': 1, 'page': 1, 'version': '1.4'}}</msg>
<arg>${json_data}</arg>
<doc>Logs the given message with the given level.</doc>
<status status="PASS" start="2024-04-15T10:13:19.828372" elapsed="0.000230"/>
</kw>
<kw name="Dictionary Should Contain Key" owner="Collections">
<msg time="2024-04-15T10:13:19.829091" level="INFO">False</msg>
<arg>${json_data}</arg>
<arg>results</arg>
<doc>Fails if ``key`` is not found from ``dictionary``.</doc>
<status status="PASS" start="2024-04-15T10:13:19.828922" elapsed="0.000207"/>
</kw>
<kw name="Should Not Be Empty" owner="BuiltIn">
<msg time="2024-04-15T10:13:19.829576" level="INFO">Length is 2.</msg>
<arg>${json_data}</arg>
<doc>Verifies that the given item is not empty.</doc>
<status status="PASS" start="2024-04-15T10:13:19.829433" elapsed="0.000184"/>
</kw>
<kw name="Create List" owner="BuiltIn">
<msg time="2024-04-15T10:13:19.830130" level="INFO">${expected_keys} = ['gender', 'name', 'location', 'email', 'login']</msg>
<var>${expected_keys}</var>
<arg>gender</arg>
<arg>name</arg>
<arg>location</arg>
<arg>email</arg>
<arg>login</arg>
<doc>Returns a list containing given items.</doc>
<status status="PASS" start="2024-04-15T10:13:19.829971" elapsed="0.000184"/>
</kw>
<for flavor="IN">
<iter>
<kw name="Dictionary Should Contain Key" owner="Collections">
<msg time="2024-04-15T10:13:19.831202" level="INFO">False</msg>
<arg>${json_data['results'][0]}</arg>
<arg>${key}</arg>
<doc>Fails if ``key`` is not found from ``dictionary``.</doc>
<status status="PASS" start="2024-04-15T10:13:19.830775" elapsed="0.000466"/>
</kw>
<kw name="Log" owner="BuiltIn">
<msg time="2024-04-15T10:13:19.831929" level="INFO">{'gender': 'female', 'name': {'title': 'Mrs', 'first': 'Laurine', 'last': 'Arnaud'}, 'location': {'street': {'number': 8422, 'name': 'Rue des Jardins'}, 'city': 'Vitry-sur-Seine', 'state': 'Haute-Loire', 'country': 'France', 'postcode': 56464, 'coordinates': {'latitude': '-16.4531', 'longitude': '73.0221'}, 'timezone': {'offset': '+3:00', 'description': 'Baghdad, Riyadh, Moscow, St. Petersburg'}}, 'email': 'laurine.arnaud@example.com', 'login': {'uuid': '80a9dbf6-80ad-4884-ba99-992446167c2e', 'username': 'organicmeercat633', 'password': 'maryland', 'salt': 'cQZGGrnQ', 'md5': '36d2bc9e30841767e63abfe33d12072d', 'sha1': '292caf22b0410d29e841e3dbd3662c5c3df21734', 'sha256': 'f3080d523d7fac1ffd13b7fb3f28a739b48e57112dcc11fc1d62b6dbb7ecb6b2'}, 'dob': {'date': '1952-04-15T09:14:24.668Z', 'age': 72}, 'registered': {'date': '2007-09-29T17:07:16.595Z', 'age': 16}, 'phone': '03-14-47-19-08', 'cell': '06-82-64-11-14', 'id': {'name': 'INSEE', 'value': '2520328166407 84'}, 'picture': {'large': 'https://randomuser.me/api/portraits/women/27.jpg', 'medium': 'https://randomuser.me/api/portraits/med/women/27.jpg', 'thumbnail': 'https://randomuser.me/api/portraits/thumb/women/27.jpg'}, 'nat': 'FR'}</msg>
<arg>${json_data['results'][0]}</arg>
<doc>Logs the given message with the given level.</doc>
<status status="PASS" start="2024-04-15T10:13:19.831552" elapsed="0.000427"/>
</kw>
<kw name="Log" owner="BuiltIn">
<msg time="2024-04-15T10:13:19.832412" level="INFO">gender</msg>
<arg>${key}</arg>
<doc>Logs the given message with the given level.</doc>
<status status="PASS" start="2024-04-15T10:13:19.832281" elapsed="0.000170"/>
</kw>
<var name="${key}">gender</var>
<status status="PASS" start="2024-04-15T10:13:19.830642" elapsed="0.002033"/>
</iter>
<iter>
<kw name="Dictionary Should Contain Key" owner="Collections">
<msg time="2024-04-15T10:13:19.833385" level="INFO">False</msg>
<arg>${json_data['results'][0]}</arg>
<arg>${key}</arg>
<doc>Fails if ``key`` is not found from ``dictionary``.</doc>
<status status="PASS" start="2024-04-15T10:13:19.832991" elapsed="0.000466"/>
</kw>
<kw name="Log" owner="BuiltIn">
<msg time="2024-04-15T10:13:19.834159" level="INFO">{'gender': 'female', 'name': {'title': 'Mrs', 'first': 'Laurine', 'last': 'Arnaud'}, 'location': {'street': {'number': 8422, 'name': 'Rue des Jardins'}, 'city': 'Vitry-sur-Seine', 'state': 'Haute-Loire', 'country': 'France', 'postcode': 56464, 'coordinates': {'latitude': '-16.4531', 'longitude': '73.0221'}, 'timezone': {'offset': '+3:00', 'description': 'Baghdad, Riyadh, Moscow, St. Petersburg'}}, 'email': 'laurine.arnaud@example.com', 'login': {'uuid': '80a9dbf6-80ad-4884-ba99-992446167c2e', 'username': 'organicmeercat633', 'password': 'maryland', 'salt': 'cQZGGrnQ', 'md5': '36d2bc9e30841767e63abfe33d12072d', 'sha1': '292caf22b0410d29e841e3dbd3662c5c3df21734', 'sha256': 'f3080d523d7fac1ffd13b7fb3f28a739b48e57112dcc11fc1d62b6dbb7ecb6b2'}, 'dob': {'date': '1952-04-15T09:14:24.668Z', 'age': 72}, 'registered': {'date': '2007-09-29T17:07:16.595Z', 'age': 16}, 'phone': '03-14-47-19-08', 'cell': '06-82-64-11-14', 'id': {'name': 'INSEE', 'value': '2520328166407 84'}, 'picture': {'large': 'https://randomuser.me/api/portraits/women/27.jpg', 'medium': 'https://randomuser.me/api/portraits/med/women/27.jpg', 'thumbnail': 'https://randomuser.me/api/portraits/thumb/women/27.jpg'}, 'nat': 'FR'}</msg>
<arg>${json_data['results'][0]}</arg>
<doc>Logs the given message with the given level.</doc>
<status status="PASS" start="2024-04-15T10:13:19.833783" elapsed="0.000429"/>
</kw>
<kw name="Log" owner="BuiltIn">
<msg time="2024-04-15T10:13:19.834653" level="INFO">name</msg>
<arg>${key}</arg>
<doc>Logs the given message with the given level.</doc>
<status status="PASS" start="2024-04-15T10:13:19.834519" elapsed="0.000172"/>
</kw>
<var name="${key}">name</var>
<status status="PASS" start="2024-04-15T10:13:19.832874" elapsed="0.002041"/>
</iter>
<iter>
<kw name="Dictionary Should Contain Key" owner="Collections">
<msg time="2024-04-15T10:13:19.835595" level="INFO">False</msg>
<arg>${json_data['results'][0]}</arg>
<arg>${key}</arg>
<doc>Fails if ``key`` is not found from ``dictionary``.</doc>
<status status="PASS" start="2024-04-15T10:13:19.835217" elapsed="0.000416"/>
</kw>
<kw name="Log" owner="BuiltIn">
<msg time="2024-04-15T10:13:19.836301" level="INFO">{'gender': 'female', 'name': {'title': 'Mrs', 'first': 'Laurine', 'last': 'Arnaud'}, 'location': {'street': {'number': 8422, 'name': 'Rue des Jardins'}, 'city': 'Vitry-sur-Seine', 'state': 'Haute-Loire', 'country': 'France', 'postcode': 56464, 'coordinates': {'latitude': '-16.4531', 'longitude': '73.0221'}, 'timezone': {'offset': '+3:00', 'description': 'Baghdad, Riyadh, Moscow, St. Petersburg'}}, 'email': 'laurine.arnaud@example.com', 'login': {'uuid': '80a9dbf6-80ad-4884-ba99-992446167c2e', 'username': 'organicmeercat633', 'password': 'maryland', 'salt': 'cQZGGrnQ', 'md5': '36d2bc9e30841767e63abfe33d12072d', 'sha1': '292caf22b0410d29e841e3dbd3662c5c3df21734', 'sha256': 'f3080d523d7fac1ffd13b7fb3f28a739b48e57112dcc11fc1d62b6dbb7ecb6b2'}, 'dob': {'date': '1952-04-15T09:14:24.668Z', 'age': 72}, 'registered': {'date': '2007-09-29T17:07:16.595Z', 'age': 16}, 'phone': '03-14-47-19-08', 'cell': '06-82-64-11-14', 'id': {'name': 'INSEE', 'value': '2520328166407 84'}, 'picture': {'large': 'https://randomuser.me/api/portraits/women/27.jpg', 'medium': 'https://randomuser.me/api/portraits/med/women/27.jpg', 'thumbnail': 'https://randomuser.me/api/portraits/thumb/women/27.jpg'}, 'nat': 'FR'}</msg>
<arg>${json_data['results'][0]}</arg>
<doc>Logs the given message with the given level.</doc>
<status status="PASS" start="2024-04-15T10:13:19.835931" elapsed="0.000418"/>
</kw>
<kw name="Log" owner="BuiltIn">
<msg time="2024-04-15T10:13:19.836775" level="INFO">location</msg>
<arg>${key}</arg>
<doc>Logs the given message with the given level.</doc>
<status status="PASS" start="2024-04-15T10:13:19.836646" elapsed="0.000168"/>
</kw>
<var name="${key}">location</var>
<status status="PASS" start="2024-04-15T10:13:19.835102" elapsed="0.001933"/>
</iter>
<iter>
<kw name="Dictionary Should Contain Key" owner="Collections">
<msg time="2024-04-15T10:13:19.837775" level="INFO">False</msg>
<arg>${json_data['results'][0]}</arg>
<arg>${key}</arg>
<doc>Fails if ``key`` is not found from ``dictionary``.</doc>
<status status="PASS" start="2024-04-15T10:13:19.837328" elapsed="0.000487"/>
</kw>
<kw name="Log" owner="BuiltIn">
<msg time="2024-04-15T10:13:19.838491" level="INFO">{'gender': 'female', 'name': {'title': 'Mrs', 'first': 'Laurine', 'last': 'Arnaud'}, 'location': {'street': {'number': 8422, 'name': 'Rue des Jardins'}, 'city': 'Vitry-sur-Seine', 'state': 'Haute-Loire', 'country': 'France', 'postcode': 56464, 'coordinates': {'latitude': '-16.4531', 'longitude': '73.0221'}, 'timezone': {'offset': '+3:00', 'description': 'Baghdad, Riyadh, Moscow, St. Petersburg'}}, 'email': 'laurine.arnaud@example.com', 'login': {'uuid': '80a9dbf6-80ad-4884-ba99-992446167c2e', 'username': 'organicmeercat633', 'password': 'maryland', 'salt': 'cQZGGrnQ', 'md5': '36d2bc9e30841767e63abfe33d12072d', 'sha1': '292caf22b0410d29e841e3dbd3662c5c3df21734', 'sha256': 'f3080d523d7fac1ffd13b7fb3f28a739b48e57112dcc11fc1d62b6dbb7ecb6b2'}, 'dob': {'date': '1952-04-15T09:14:24.668Z', 'age': 72}, 'registered': {'date': '2007-09-29T17:07:16.595Z', 'age': 16}, 'phone': '03-14-47-19-08', 'cell': '06-82-64-11-14', 'id': {'name': 'INSEE', 'value': '2520328166407 84'}, 'picture': {'large': 'https://randomuser.me/api/portraits/women/27.jpg', 'medium': 'https://randomuser.me/api/portraits/med/women/27.jpg', 'thumbnail': 'https://randomuser.me/api/portraits/thumb/women/27.jpg'}, 'nat': 'FR'}</msg>
<arg>${json_data['results'][0]}</arg>
<doc>Logs the given message with the given level.</doc>
<status status="PASS" start="2024-04-15T10:13:19.838123" elapsed="0.000416"/>
</kw>
<kw name="Log" owner="BuiltIn">
<msg time="2024-04-15T10:13:19.838974" level="INFO">email</msg>
<arg>${key}</arg>
<doc>Logs the given message with the given level.</doc>
<status status="PASS" start="2024-04-15T10:13:19.838843" elapsed="0.000170"/>
</kw>
<var name="${key}">email</var>
<status status="PASS" start="2024-04-15T10:13:19.837209" elapsed="0.002018"/>
</iter>
<iter>
<kw name="Dictionary Should Contain Key" owner="Collections">
<msg time="2024-04-15T10:13:19.839897" level="INFO">False</msg>
<arg>${json_data['results'][0]}</arg>
<arg>${key}</arg>
<doc>Fails if ``key`` is not found from ``dictionary``.</doc>
<status status="PASS" start="2024-04-15T10:13:19.839514" elapsed="0.000421"/>
</kw>
<kw name="Log" owner="BuiltIn">
<msg time="2024-04-15T10:13:19.840590" level="INFO">{'gender': 'female', 'name': {'title': 'Mrs', 'first': 'Laurine', 'last': 'Arnaud'}, 'location': {'street': {'number': 8422, 'name': 'Rue des Jardins'}, 'city': 'Vitry-sur-Seine', 'state': 'Haute-Loire', 'country': 'France', 'postcode': 56464, 'coordinates': {'latitude': '-16.4531', 'longitude': '73.0221'}, 'timezone': {'offset': '+3:00', 'description': 'Baghdad, Riyadh, Moscow, St. Petersburg'}}, 'email': 'laurine.arnaud@example.com', 'login': {'uuid': '80a9dbf6-80ad-4884-ba99-992446167c2e', 'username': 'organicmeercat633', 'password': 'maryland', 'salt': 'cQZGGrnQ', 'md5': '36d2bc9e30841767e63abfe33d12072d', 'sha1': '292caf22b0410d29e841e3dbd3662c5c3df21734', 'sha256': 'f3080d523d7fac1ffd13b7fb3f28a739b48e57112dcc11fc1d62b6dbb7ecb6b2'}, 'dob': {'date': '1952-04-15T09:14:24.668Z', 'age': 72}, 'registered': {'date': '2007-09-29T17:07:16.595Z', 'age': 16}, 'phone': '03-14-47-19-08', 'cell': '06-82-64-11-14', 'id': {'name': 'INSEE', 'value': '2520328166407 84'}, 'picture': {'large': 'https://randomuser.me/api/portraits/women/27.jpg', 'medium': 'https://randomuser.me/api/portraits/med/women/27.jpg', 'thumbnail': 'https://randomuser.me/api/portraits/thumb/women/27.jpg'}, 'nat': 'FR'}</msg>
<arg>${json_data['results'][0]}</arg>
<doc>Logs the given message with the given level.</doc>
<status status="PASS" start="2024-04-15T10:13:19.840234" elapsed="0.000404"/>
</kw>
<kw name="Log" owner="BuiltIn">
<msg time="2024-04-15T10:13:19.841092" level="INFO">login</msg>
<arg>${key}</arg>
<doc>Logs the given message with the given level.</doc>
<status status="PASS" start="2024-04-15T10:13:19.840961" elapsed="0.000170"/>
</kw>
<var name="${key}">login</var>
<status status="PASS" start="2024-04-15T10:13:19.839403" elapsed="0.001947"/>
</iter>
<var>${key}</var>
<value>@{expected_keys}</value>
<status status="PASS" start="2024-04-15T10:13:19.830434" elapsed="0.011041"/>
</for>
<kw name="Create List" owner="BuiltIn">
<msg time="2024-04-15T10:13:19.841844" level="INFO">${expected_keysTwo} = ['username', 'password']</msg>
<var>${expected_keysTwo}</var>
<arg>username</arg>
<arg>password</arg>
<doc>Returns a list containing given items.</doc>
<status status="PASS" start="2024-04-15T10:13:19.841701" elapsed="0.000167"/>
</kw>
<for flavor="IN">
<iter>
<kw name="Dictionary Should Contain Key" owner="Collections">
<msg time="2024-04-15T10:13:19.842873" level="INFO">False</msg>
<arg>${json_data['results'][0]['login']}</arg>
<arg>${keyTwo}</arg>
<doc>Fails if ``key`` is not found from ``dictionary``.</doc>
<status status="PASS" start="2024-04-15T10:13:19.842488" elapsed="0.000423"/>
</kw>
<kw name="Dictionary Should Contain Key" owner="Collections">
<msg time="2024-04-15T10:13:19.843587" level="INFO">False</msg>
<arg>${json_data['results'][0]['login']}</arg>
<arg>${keyTwo}</arg>
<doc>Fails if ``key`` is not found from ``dictionary``.</doc>
<status status="PASS" start="2024-04-15T10:13:19.843211" elapsed="0.000413"/>
</kw>
<kw name="Log" owner="BuiltIn">
<msg time="2024-04-15T10:13:19.844055" level="INFO">username</msg>
<arg>${keyTwo}</arg>
<doc>Logs the given message with the given level.</doc>
<status status="PASS" start="2024-04-15T10:13:19.843923" elapsed="0.000170"/>
</kw>
<var name="${keyTwo}">username</var>
<status status="PASS" start="2024-04-15T10:13:19.842374" elapsed="0.001935"/>
</iter>
<iter>
<kw name="Dictionary Should Contain Key" owner="Collections">
<msg time="2024-04-15T10:13:19.844976" level="INFO">False</msg>
<arg>${json_data['results'][0]['login']}</arg>
<arg>${keyTwo}</arg>
<doc>Fails if ``key`` is not found from ``dictionary``.</doc>
<status status="PASS" start="2024-04-15T10:13:19.844602" elapsed="0.000413"/>
</kw>
<kw name="Dictionary Should Contain Key" owner="Collections">
<msg time="2024-04-15T10:13:19.845734" level="INFO">False</msg>
<arg>${json_data['results'][0]['login']}</arg>
<arg>${keyTwo}</arg>
<doc>Fails if ``key`` is not found from ``dictionary``.</doc>
<status status="PASS" start="2024-04-15T10:13:19.845311" elapsed="0.000462"/>
</kw>
<kw name="Log" owner="BuiltIn">
<msg time="2024-04-15T10:13:19.846208" level="INFO">password</msg>
<arg>${keyTwo}</arg>
<doc>Logs the given message with the given level.</doc>
<status status="PASS" start="2024-04-15T10:13:19.846077" elapsed="0.000169"/>
</kw>
<var name="${keyTwo}">password</var>
<status status="PASS" start="2024-04-15T10:13:19.844488" elapsed="0.002011"/>
</iter>
<var>${keyTwo}</var>
<value>@{expected_keysTwo}</value>
<status status="PASS" start="2024-04-15T10:13:19.842110" elapsed="0.004576"/>
</for>
<status status="PASS" start="2024-04-15T10:13:19.712172" elapsed="0.134751"/>
</kw>
<doc>Testa a estrutura da resposta da API.</doc>
<tag>testeEstruturaResposta</tag>
<status status="PASS" start="2024-04-15T10:13:19.711478" elapsed="0.135657"/>
</test>
<test id="s1-s1-t4" name="Validar tipos de dados" line="28">
<kw name="Teste de Tipos de Dados" owner="random-user-service">
<kw name="GET On Session" owner="RequestsLibrary">
<msg time="2024-04-15T10:13:19.893930" level="INFO">GET Request : url=https://randomuser.me/api 
 path_url=/api 
 headers={'User-Agent': 'python-requests/2.31.0', 'Accept-Encoding': 'gzip, deflate', 'Accept': '*/*', 'Connection': 'keep-alive'} 
 body=None 
 </msg>
<msg time="2024-04-15T10:13:19.894011" level="INFO">GET Response : url=https://randomuser.me/api 
 status=200, reason=OK 
 headers={'Date': 'Mon, 15 Apr 2024 10:13:19 GMT', 'Content-Type': 'application/json; charset=utf-8', 'Transfer-Encoding': 'chunked', 'Connection': 'keep-alive', 'X-Powered-By': 'Express', 'Access-Control-Allow-Origin': '*', 'Cache-Control': 'no-cache', 'ETag': 'W/"4a1-J6xY/8PudPuEl0Tv+mB2nvlT1GE"', 'Vary': 'Accept-Encoding', 'Content-Encoding': 'gzip', 'CF-Cache-Status': 'DYNAMIC', 'Report-To': '{"endpoints":[{"url":"https:\\/\\/a.nel.cloudflare.com\\/report\\/v4?s=%2Fh3kUR2Vj%2BBvN1UPbikazA35Ygh%2Fh%2BQ%2FbjxG8X8jsqE3d0HCyKZasGJFN4k1dg%2FSB5ZNk7DWkU%2BD6bo6KW%2FQYlLnrSVD4QD%2F5XiikPgw2LlEeSdTQnH62YsKD8bVYrX%2F"}],"group":"cf-nel","max_age":604800}', 'NEL': '{"success_fraction":0,"report_to":"cf-nel","max_age":604800}', 'Server': 'cloudflare', 'CF-RAY': '874b298f1c302f19-IAD', 'alt-svc': 'h3=":443"; ma=86400'} 
 body={"results":[{"gender":"female","name":{"title":"Mademoiselle","first":"Käthi","last":"Leroy"},"location":{"street":{"number":8027,"name":"Rue Baraban"},"city":"Cadempino","state":"Ticino","country":"Switzerland","postcode":4434,"coordinates":{"latitude":"-60.1703","longitude":"17.5288"},"timezone":{"offset":"+8:00","description":"Beijing, Perth, Singapore, Hong Kong"}},"email":"kathi.leroy@example.com","login":{"uuid":"896dc62c-4a2a-49e6-a17b-a833756b683c","username":"sadmouse594","password":"hurley","salt":"PiQM5xzg","md5":"8d3c223dc6768d4f3858dfc570876fb6","sha1":"bf8406b831145f4271883a249f7675e8236bbb24","sha256":"8c4cc3406d9a6010aa0fea7dbce39a08855a02aff49a08fa60b65d3e82d9693b"},"dob":{"date":"1956-03-13T04:01:19.474Z","age":68},"registered":{"date":"2006-01-26T06:25:28.322Z","age":18},"phone":"078 452 73 06","cell":"076 248 75 59","id":{"name":"AVS","value":"756.7324.9738.91"},"picture":{"large":"https://randomuser.me/api/portraits/women/46.jpg","medium":"https://randomuser.me/api/portraits/med/women/46.jpg","thumbnail":"https://randomuser.me/api/portraits/thumb/women/46.jpg"},"nat":"CH"}],"info":{"seed":"32247c4b3f98e947","results":1,"page":1,"version":"1.4"}} 
 </msg>
<msg time="2024-04-15T10:13:19.894078" level="INFO">/opt/hostedtoolcache/Python/3.12.2/x64/lib/python3.12/site-packages/urllib3/connectionpool.py:1103: InsecureRequestWarning: Unverified HTTPS request is being made to host 'randomuser.me'. Adding certificate verification is strongly advised. See: https://urllib3.readthedocs.io/en/latest/advanced-usage.html#tls-warnings
  warnings.warn(</msg>
<msg time="2024-04-15T10:13:19.894200" level="INFO">${response} = &lt;Response [200]&gt;</msg>
<var>${response}</var>
<arg>consultarAPI</arg>
<arg>/api</arg>
<doc>Sends a GET request on a previously created HTTP Session.</doc>
<status status="PASS" start="2024-04-15T10:13:19.849788" elapsed="0.044453"/>
</kw>
<kw name="Set Variable" owner="BuiltIn">
<msg time="2024-04-15T10:13:19.895250" level="INFO">${json_data} = {'results': [{'gender': 'female', 'name': {'title': 'Mademoiselle', 'first': 'Käthi', 'last': 'Leroy'}, 'location': {'street': {'number': 8027, 'name': 'Rue Baraban'}, 'city': 'Cadempino', 'state': 'T...</msg>
<var>${json_data}</var>
<arg>${response.json()}</arg>
<doc>Returns the given values which can then be assigned to a variables.</doc>
<status status="PASS" start="2024-04-15T10:13:19.894734" elapsed="0.000545"/>
</kw>
<kw name="Log" owner="BuiltIn">
<msg time="2024-04-15T10:13:19.895774" level="INFO">{'results': [{'gender': 'female', 'name': {'title': 'Mademoiselle', 'first': 'Käthi', 'last': 'Leroy'}, 'location': {'street': {'number': 8027, 'name': 'Rue Baraban'}, 'city': 'Cadempino', 'state': 'Ticino', 'country': 'Switzerland', 'postcode': 4434, 'coordinates': {'latitude': '-60.1703', 'longitude': '17.5288'}, 'timezone': {'offset': '+8:00', 'description': 'Beijing, Perth, Singapore, Hong Kong'}}, 'email': 'kathi.leroy@example.com', 'login': {'uuid': '896dc62c-4a2a-49e6-a17b-a833756b683c', 'username': 'sadmouse594', 'password': 'hurley', 'salt': 'PiQM5xzg', 'md5': '8d3c223dc6768d4f3858dfc570876fb6', 'sha1': 'bf8406b831145f4271883a249f7675e8236bbb24', 'sha256': '8c4cc3406d9a6010aa0fea7dbce39a08855a02aff49a08fa60b65d3e82d9693b'}, 'dob': {'date': '1956-03-13T04:01:19.474Z', 'age': 68}, 'registered': {'date': '2006-01-26T06:25:28.322Z', 'age': 18}, 'phone': '078 452 73 06', 'cell': '076 248 75 59', 'id': {'name': 'AVS', 'value': '756.7324.9738.91'}, 'picture': {'large': 'https://randomuser.me/api/portraits/women/46.jpg', 'medium': 'https://randomuser.me/api/portraits/med/women/46.jpg', 'thumbnail': 'https://randomuser.me/api/portraits/thumb/women/46.jpg'}, 'nat': 'CH'}], 'info': {'seed': '32247c4b3f98e947', 'results': 1, 'page': 1, 'version': '1.4'}}</msg>
<arg>${json_data}</arg>
<doc>Logs the given message with the given level.</doc>
<status status="PASS" start="2024-04-15T10:13:19.895608" elapsed="0.000255"/>
</kw>
<kw name="Should Be String" owner="String">
<arg>${json_data['results'][0]['gender']}</arg>
<doc>Fails if the given ``item`` is not a string.</doc>
<status status="PASS" start="2024-04-15T10:13:19.896174" elapsed="0.000377"/>
</kw>
<kw name="Should Match Regexp" owner="BuiltIn">
<arg>${json_data['results'][0]['email']}</arg>
<arg>^[a-zA-Z0-9._%+-]+@[a-zA-Z0-9.-]+\.[a-zA-Z]{2,}$</arg>
<doc>Fails if ``string`` does not match ``pattern`` as a regular expression.</doc>
<status status="PASS" start="2024-04-15T10:13:19.896748" elapsed="0.000535"/>
</kw>
<kw name="Should Match Regexp" owner="BuiltIn">
<arg>${json_data['results'][0]['dob']['date']}</arg>
<arg>\\d{4}-\\d{2}-\\d{2}T\\d{2}:\\d{2}:\\d{2}\\.\\d{3}Z</arg>
<doc>Fails if ``string`` does not match ``pattern`` as a regular expression.</doc>
<status status="PASS" start="2024-04-15T10:13:19.897484" elapsed="0.000547"/>
</kw>
<kw name="Should Match Regexp" owner="BuiltIn">
<arg>${json_data['results'][0]['registered']['date']}</arg>
<arg>\\d{4}-\\d{2}-\\d{2}T\\d{2}:\\d{2}:\\d{2}\\.\\d{3}Z</arg>
<doc>Fails if ``string`` does not match ``pattern`` as a regular expression.</doc>
<status status="PASS" start="2024-04-15T10:13:19.898235" elapsed="0.000371"/>
</kw>
<kw name="Should Match Regexp" owner="BuiltIn">
<arg>${json_data['results'][0]['picture']['large']}</arg>
<arg>^https?://.*\.(?:png|jpe?g|gif|bmp)$</arg>
<doc>Fails if ``string`` does not match ``pattern`` as a regular expression.</doc>
<status status="PASS" start="2024-04-15T10:13:19.898801" elapsed="0.000467"/>
</kw>
<kw name="Should Match Regexp" owner="BuiltIn">
<arg>${json_data['results'][0]['picture']['medium']}</arg>
<arg>^https?://.*\.(?:png|jpe?g|gif|bmp)$</arg>
<doc>Fails if ``string`` does not match ``pattern`` as a regular expression.</doc>
<status status="PASS" start="2024-04-15T10:13:19.899460" elapsed="0.000358"/>
</kw>
<kw name="Should Match Regexp" owner="BuiltIn">
<arg>${json_data['results'][0]['picture']['thumbnail']}</arg>
<arg>^https?://.*\.(?:png|jpe?g|gif|bmp)$</arg>
<doc>Fails if ``string`` does not match ``pattern`` as a regular expression.</doc>
<status status="PASS" start="2024-04-15T10:13:19.900007" elapsed="0.000361"/>
</kw>
<kw name="Log" owner="BuiltIn">
<msg time="2024-04-15T10:13:19.900884" level="INFO">{'large': 'https://randomuser.me/api/portraits/women/46.jpg', 'medium': 'https://randomuser.me/api/portraits/med/women/46.jpg', 'thumbnail': 'https://randomuser.me/api/portraits/thumb/women/46.jpg'}</msg>
<arg>${json_data['results'][0]['picture']}</arg>
<doc>Logs the given message with the given level.</doc>
<status status="PASS" start="2024-04-15T10:13:19.900551" elapsed="0.000375"/>
</kw>
<status status="PASS" start="2024-04-15T10:13:19.849502" elapsed="0.051686"/>
</kw>
<kw name="Teste de Tipos de Dados - Postcode" owner="random-user-service">
<kw name="GET On Session" owner="RequestsLibrary">
<msg time="2024-04-15T10:13:19.999374" level="INFO">GET Request : url=https://randomuser.me/api 
 path_url=/api 
 headers={'User-Agent': 'python-requests/2.31.0', 'Accept-Encoding': 'gzip, deflate', 'Accept': '*/*', 'Connection': 'keep-alive'} 
 body=None 
 </msg>
<msg time="2024-04-15T10:13:19.999460" level="INFO">GET Response : url=https://randomuser.me/api 
 status=200, reason=OK 
 headers={'Date': 'Mon, 15 Apr 2024 10:13:20 GMT', 'Content-Type': 'application/json; charset=utf-8', 'Transfer-Encoding': 'chunked', 'Connection': 'keep-alive', 'X-Powered-By': 'Express', 'Access-Control-Allow-Origin': '*', 'Cache-Control': 'no-cache', 'ETag': 'W/"4a2-EqdRC3HxRRcNg42mXlU878gnMm8"', 'Vary': 'Accept-Encoding', 'Content-Encoding': 'gzip', 'CF-Cache-Status': 'DYNAMIC', 'Report-To': '{"endpoints":[{"url":"https:\\/\\/a.nel.cloudflare.com\\/report\\/v4?s=TThR%2FhOLGhN95pbXi%2B7jUvjCtRAwXqKyoL7jLIIsLK4Q%2F5LEDmyZ40h9%2FUoSdnm2X3HGHn%2F%2BOEHAB7%2Fm5UjNHWS0KYBAxvgKd9lXZunU3Qv6LPu7m2DoZTnSsdP0ndGl"}],"group":"cf-nel","max_age":604800}', 'NEL': '{"success_fraction":0,"report_to":"cf-nel","max_age":604800}', 'Server': 'cloudflare', 'CF-RAY': '874b298f7c992f19-IAD', 'alt-svc': 'h3=":443"; ma=86400'} 
 body={"results":[{"gender":"female","name":{"title":"Ms","first":"Naomi","last":"Aubert"},"location":{"street":{"number":7579,"name":"Rue Abel-Gance"},"city":"Aix-En-Provence","state":"Manche","country":"France","postcode":32988,"coordinates":{"latitude":"-17.2943","longitude":"140.4354"},"timezone":{"offset":"+1:00","description":"Brussels, Copenhagen, Madrid, Paris"}},"email":"naomi.aubert@example.com","login":{"uuid":"d0b7c50a-4546-4f0f-9073-63d27d0d18c3","username":"bluekoala277","password":"isaiah","salt":"urA7a82a","md5":"f50f6b5bfe2a63ba0bd9be0e2e573654","sha1":"dea451212b57efe5c4f71f5df72bf6fe1554492d","sha256":"3abad158fada48f0b4be21212726a38ae9f51d8aec6d8050c47ebac74d12c69c"},"dob":{"date":"1993-09-17T22:52:28.025Z","age":30},"registered":{"date":"2005-12-29T02:51:50.715Z","age":18},"phone":"05-08-05-72-00","cell":"06-76-85-30-51","id":{"name":"INSEE","value":"2930872900690 78"},"picture":{"large":"https://randomuser.me/api/portraits/women/47.jpg","medium":"https://randomuser.me/api/portraits/med/women/47.jpg","thumbnail":"https://randomuser.me/api/portraits/thumb/women/47.jpg"},"nat":"FR"}],"info":{"seed":"7752ee20c2dd7244","results":1,"page":1,"version":"1.4"}} 
 </msg>
<msg time="2024-04-15T10:13:19.999544" level="INFO">/opt/hostedtoolcache/Python/3.12.2/x64/lib/python3.12/site-packages/urllib3/connectionpool.py:1103: InsecureRequestWarning: Unverified HTTPS request is being made to host 'randomuser.me'. Adding certificate verification is strongly advised. See: https://urllib3.readthedocs.io/en/latest/advanced-usage.html#tls-warnings
  warnings.warn(</msg>
<msg time="2024-04-15T10:13:19.999655" level="INFO">${response} = &lt;Response [200]&gt;</msg>
<var>${response}</var>
<arg>consultarAPI</arg>
<arg>/api</arg>
<doc>Sends a GET request on a previously created HTTP Session.</doc>
<status status="PASS" start="2024-04-15T10:13:19.901692" elapsed="0.098003"/>
</kw>
<kw name="Set Variable" owner="BuiltIn">
<msg time="2024-04-15T10:13:20.000673" level="INFO">${json_data} = {'results': [{'gender': 'female', 'name': {'title': 'Ms', 'first': 'Naomi', 'last': 'Aubert'}, 'location': {'street': {'number': 7579, 'name': 'Rue Abel-Gance'}, 'city': 'Aix-En-Provence', 'state': 'M...</msg>
<var>${json_data}</var>
<arg>${response.json()}</arg>
<doc>Returns the given values which can then be assigned to a variables.</doc>
<status status="PASS" start="2024-04-15T10:13:20.000159" elapsed="0.000544"/>
</kw>
<kw name="Log" owner="BuiltIn">
<msg time="2024-04-15T10:13:20.001202" level="INFO">{'results': [{'gender': 'female', 'name': {'title': 'Ms', 'first': 'Naomi', 'last': 'Aubert'}, 'location': {'street': {'number': 7579, 'name': 'Rue Abel-Gance'}, 'city': 'Aix-En-Provence', 'state': 'Manche', 'country': 'France', 'postcode': 32988, 'coordinates': {'latitude': '-17.2943', 'longitude': '140.4354'}, 'timezone': {'offset': '+1:00', 'description': 'Brussels, Copenhagen, Madrid, Paris'}}, 'email': 'naomi.aubert@example.com', 'login': {'uuid': 'd0b7c50a-4546-4f0f-9073-63d27d0d18c3', 'username': 'bluekoala277', 'password': 'isaiah', 'salt': 'urA7a82a', 'md5': 'f50f6b5bfe2a63ba0bd9be0e2e573654', 'sha1': 'dea451212b57efe5c4f71f5df72bf6fe1554492d', 'sha256': '3abad158fada48f0b4be21212726a38ae9f51d8aec6d8050c47ebac74d12c69c'}, 'dob': {'date': '1993-09-17T22:52:28.025Z', 'age': 30}, 'registered': {'date': '2005-12-29T02:51:50.715Z', 'age': 18}, 'phone': '05-08-05-72-00', 'cell': '06-76-85-30-51', 'id': {'name': 'INSEE', 'value': '2930872900690 78'}, 'picture': {'large': 'https://randomuser.me/api/portraits/women/47.jpg', 'medium': 'https://randomuser.me/api/portraits/med/women/47.jpg', 'thumbnail': 'https://randomuser.me/api/portraits/thumb/women/47.jpg'}, 'nat': 'FR'}], 'info': {'seed': '7752ee20c2dd7244', 'results': 1, 'page': 1, 'version': '1.4'}}</msg>
<arg>${json_data}</arg>
<doc>Logs the given message with the given level.</doc>
<status status="PASS" start="2024-04-15T10:13:20.001035" elapsed="0.000250"/>
</kw>
<kw name="Should Be Equal As Numbers" owner="BuiltIn">
<arg>${json_data['results'][0]['location']['postcode']}</arg>
<arg>${json_data['results'][0]['location']['postcode']}</arg>
<doc>Fails if objects are unequal after converting them to real numbers.</doc>
<status status="PASS" start="2024-04-15T10:13:20.001601" elapsed="0.000682"/>
</kw>
<kw name="Log" owner="BuiltIn">
<msg time="2024-04-15T10:13:20.002834" level="INFO">32988</msg>
<arg>${json_data['results'][0]['location']['postcode']}</arg>
<doc>Logs the given message with the given level.</doc>
<status status="PASS" start="2024-04-15T10:13:20.002483" elapsed="0.000393"/>
</kw>
<status status="PASS" start="2024-04-15T10:13:19.901424" elapsed="0.101717"/>
</kw>
<doc>Testa se os tipos de dados na resposta da API estão corretos.</doc>
<tag>testeTiposDados</tag>
<status status="PASS" start="2024-04-15T10:13:19.848933" elapsed="0.154385"/>
</test>
<test id="s1-s1-t5" name="Validar conteudo" line="35">
<kw name="Teste de Tipos de Conteudo" owner="random-user-service">
<kw name="GET On Session" owner="RequestsLibrary">
<msg time="2024-04-15T10:13:20.099660" level="INFO">GET Request : url=https://randomuser.me/api 
 path_url=/api 
 headers={'User-Agent': 'python-requests/2.31.0', 'Accept-Encoding': 'gzip, deflate', 'Accept': '*/*', 'Connection': 'keep-alive'} 
 body=None 
 </msg>
<msg time="2024-04-15T10:13:20.099750" level="INFO">GET Response : url=https://randomuser.me/api 
 status=200, reason=OK 
 headers={'Date': 'Mon, 15 Apr 2024 10:13:20 GMT', 'Content-Type': 'application/json; charset=utf-8', 'Transfer-Encoding': 'chunked', 'Connection': 'keep-alive', 'X-Powered-By': 'Express', 'Access-Control-Allow-Origin': '*', 'Cache-Control': 'no-cache', 'ETag': 'W/"474-/2lPjvAiVpjSBJjdQhFmRoc8xR8"', 'Vary': 'Accept-Encoding', 'Content-Encoding': 'gzip', 'CF-Cache-Status': 'DYNAMIC', 'Report-To': '{"endpoints":[{"url":"https:\\/\\/a.nel.cloudflare.com\\/report\\/v4?s=kc%2Buer4TTXWomsBIptIkKiPv6Crxn9VHlF8qN8jnZrH8Vy%2FqZ1TOmLbKuJW43PYJpikzCz9beqjG2YN7M4oLu4F19HKHkZ4OeySE0yPizrk4BrJK6ize4Euuoy6P8LYV"}],"group":"cf-nel","max_age":604800}', 'NEL': '{"success_fraction":0,"report_to":"cf-nel","max_age":604800}', 'Server': 'cloudflare', 'CF-RAY': '874b29901d232f19-IAD', 'alt-svc': 'h3=":443"; ma=86400'} 
 body={"results":[{"gender":"female","name":{"title":"Miss","first":"Dona","last":"Saha"},"location":{"street":{"number":9638,"name":"S.A Rd"},"city":"Tumkur","state":"Mizoram","country":"India","postcode":34227,"coordinates":{"latitude":"8.6158","longitude":"11.2355"},"timezone":{"offset":"+7:00","description":"Bangkok, Hanoi, Jakarta"}},"email":"dona.saha@example.com","login":{"uuid":"3c3dfcfa-477f-4146-87ba-e0f74c502161","username":"purpletiger123","password":"regina","salt":"EB0gtyVD","md5":"08e860eb60c6231a4bd254b30348f442","sha1":"19715d7fab075d344bea0443ec198473a7a2f22f","sha256":"f38a19224cdcd067ce99c3789545efb0fdd3236076c2e4b72cc22f66bc72e7f4"},"dob":{"date":"1999-12-01T11:01:45.531Z","age":24},"registered":{"date":"2011-06-07T03:18:35.936Z","age":12},"phone":"9301041541","cell":"9120999783","id":{"name":"UIDAI","value":"806703140542"},"picture":{"large":"https://randomuser.me/api/portraits/women/28.jpg","medium":"https://randomuser.me/api/portraits/med/women/28.jpg","thumbnail":"https://randomuser.me/api/portraits/thumb/women/28.jpg"},"nat":"IN"}],"info":{"seed":"67468e5333a3b55c","results":1,"page":1,"version":"1.4"}} 
 </msg>
<msg time="2024-04-15T10:13:20.099824" level="INFO">/opt/hostedtoolcache/Python/3.12.2/x64/lib/python3.12/site-packages/urllib3/connectionpool.py:1103: InsecureRequestWarning: Unverified HTTPS request is being made to host 'randomuser.me'. Adding certificate verification is strongly advised. See: https://urllib3.readthedocs.io/en/latest/advanced-usage.html#tls-warnings
  warnings.warn(</msg>
<msg time="2024-04-15T10:13:20.099951" level="INFO">${response} = &lt;Response [200]&gt;</msg>
<var>${response}</var>
<arg>consultarAPI</arg>
<arg>/api</arg>
<doc>Sends a GET request on a previously created HTTP Session.</doc>
<status status="PASS" start="2024-04-15T10:13:20.005942" elapsed="0.094060"/>
</kw>
<kw name="Set Variable" owner="BuiltIn">
<msg time="2024-04-15T10:13:20.101096" level="INFO">${json_data} = {'results': [{'gender': 'female', 'name': {'title': 'Miss', 'first': 'Dona', 'last': 'Saha'}, 'location': {'street': {'number': 9638, 'name': 'S.A Rd'}, 'city': 'Tumkur', 'state': 'Mizoram', 'country'...</msg>
<var>${json_data}</var>
<arg>${response.json()}</arg>
<doc>Returns the given values which can then be assigned to a variables.</doc>
<status status="PASS" start="2024-04-15T10:13:20.100534" elapsed="0.000590"/>
</kw>
<kw name="Set Variable" owner="BuiltIn">
<msg time="2024-04-15T10:13:20.101876" level="INFO">${name_title} = Miss</msg>
<var>${name_title}</var>
<arg>${json_data["results"][0]["name"]["title"]}</arg>
<doc>Returns the given values which can then be assigned to a variables.</doc>
<status status="PASS" start="2024-04-15T10:13:20.101451" elapsed="0.000456"/>
</kw>
<kw name="Create List" owner="BuiltIn">
<msg time="2024-04-15T10:13:20.102368" level="INFO">${allowed_titles} = ['Mr', 'Ms', 'Miss', 'Mrs', 'Madame', 'Monsieur']</msg>
<var>${allowed_titles}</var>
<arg>Mr</arg>
<arg>Ms</arg>
<arg>Miss</arg>
<arg>Mrs</arg>
<arg>Madame</arg>
<arg>Monsieur</arg>
<doc>Returns a list containing given items.</doc>
<status status="PASS" start="2024-04-15T10:13:20.102216" elapsed="0.000177"/>
</kw>
<kw name="List Should Contain Value" owner="Collections">
<msg time="2024-04-15T10:13:20.102888" level="INFO">False</msg>
<arg>${allowed_titles}</arg>
<arg>${name_title}</arg>
<doc>Fails if the ``value`` is not found from ``list``.</doc>
<status status="PASS" start="2024-04-15T10:13:20.102701" elapsed="0.000228"/>
</kw>
<kw name="Set Variable" owner="BuiltIn">
<msg time="2024-04-15T10:13:20.103616" level="INFO">${name_country} = IN</msg>
<var>${name_country}</var>
<arg>${json_data["results"][0]["nat"]}</arg>
<doc>Returns the given values which can then be assigned to a variables.</doc>
<status status="PASS" start="2024-04-15T10:13:20.103230" elapsed="0.000411"/>
</kw>
<kw name="Create List" owner="BuiltIn">
<msg time="2024-04-15T10:13:20.104555" level="INFO">${list_country} = ['AD', 'AE', 'AF', 'AG', 'AI', 'AL', 'AM', 'AO', 'AQ', 'AR', 'AS', 'AT', 'AU', 'AW', 'AX', 'AZ', 'BA', 'BB', 'BD', 'BE', 'BF', 'BG', 'BH', 'BI', 'BJ', 'BL', 'BM', 'BN', 'BO', 'BQ', 'BR', 'BS', 'BT', '...</msg>
<var>${list_country}</var>
<arg>AD</arg>
<arg>AE</arg>
<arg>AF</arg>
<arg>AG</arg>
<arg>AI</arg>
<arg>AL</arg>
<arg>AM</arg>
<arg>AO</arg>
<arg>AQ</arg>
<arg>AR</arg>
<arg>AS</arg>
<arg>AT</arg>
<arg>AU</arg>
<arg>AW</arg>
<arg>AX</arg>
<arg>AZ</arg>
<arg>BA</arg>
<arg>BB</arg>
<arg>BD</arg>
<arg>BE</arg>
<arg>BF</arg>
<arg>BG</arg>
<arg>BH</arg>
<arg>BI</arg>
<arg>BJ</arg>
<arg>BL</arg>
<arg>BM</arg>
<arg>BN</arg>
<arg>BO</arg>
<arg>BQ</arg>
<arg>BR</arg>
<arg>BS</arg>
<arg>BT</arg>
<arg>BV</arg>
<arg>BW</arg>
<arg>BY</arg>
<arg>BZ</arg>
<arg>CA</arg>
<arg>CC</arg>
<arg>CD</arg>
<arg>CF</arg>
<arg>CG</arg>
<arg>CH</arg>
<arg>CI</arg>
<arg>CK</arg>
<arg>CL</arg>
<arg>CM</arg>
<arg>CN</arg>
<arg>CO</arg>
<arg>CR</arg>
<arg>CU</arg>
<arg>CV</arg>
<arg>CW</arg>
<arg>CX</arg>
<arg>CY</arg>
<arg>CZ</arg>
<arg>DE</arg>
<arg>DJ</arg>
<arg>DK</arg>
<arg>DM</arg>
<arg>DO</arg>
<arg>DZ</arg>
<arg>EC</arg>
<arg>EE</arg>
<arg>EG</arg>
<arg>EH</arg>
<arg>ER</arg>
<arg>ES</arg>
<arg>ET</arg>
<arg>FI</arg>
<arg>FJ</arg>
<arg>FK</arg>
<arg>FM</arg>
<arg>FO</arg>
<arg>FR</arg>
<arg>GA</arg>
<arg>GB</arg>
<arg>GD</arg>
<arg>GE</arg>
<arg>GF</arg>
<arg>GG</arg>
<arg>GH</arg>
<arg>GI</arg>
<arg>GL</arg>
<arg>GM</arg>
<arg>GN</arg>
<arg>GP</arg>
<arg>GQ</arg>
<arg>GR</arg>
<arg>GS</arg>
<arg>GT</arg>
<arg>GU</arg>
<arg>GW</arg>
<arg>GY</arg>
<arg>HK</arg>
<arg>HM</arg>
<arg>HN</arg>
<arg>HR</arg>
<arg>HT</arg>
<arg>HU</arg>
<arg>ID</arg>
<arg>IE</arg>
<arg>IL</arg>
<arg>IM</arg>
<arg>IN</arg>
<arg>IO</arg>
<arg>IQ</arg>
<arg>IR</arg>
<arg>IS</arg>
<arg>IT</arg>
<arg>JE</arg>
<arg>JM</arg>
<arg>JO</arg>
<arg>JP</arg>
<arg>KE</arg>
<arg>KG</arg>
<arg>KH</arg>
<arg>KI</arg>
<arg>KM</arg>
<arg>KN</arg>
<arg>KP</arg>
<arg>KR</arg>
<arg>KW</arg>
<arg>KY</arg>
<arg>KZ</arg>
<arg>LA</arg>
<arg>LB</arg>
<arg>LC</arg>
<arg>LI</arg>
<arg>LK</arg>
<arg>LR</arg>
<arg>LS</arg>
<arg>LT</arg>
<arg>LU</arg>
<arg>LV</arg>
<arg>LY</arg>
<arg>MA</arg>
<arg>MC</arg>
<arg>MD</arg>
<arg>ME</arg>
<arg>MF</arg>
<arg>MG</arg>
<arg>MH</arg>
<arg>MK</arg>
<arg>ML</arg>
<arg>MM</arg>
<arg>MN</arg>
<arg>MO</arg>
<arg>MP</arg>
<arg>MQ</arg>
<arg>MR</arg>
<arg>MS</arg>
<arg>MT</arg>
<arg>MU</arg>
<arg>MV</arg>
<arg>MW</arg>
<arg>MX</arg>
<arg>MY</arg>
<arg>MZ</arg>
<arg>NA</arg>
<arg>NC</arg>
<arg>NE</arg>
<arg>NF</arg>
<arg>NG</arg>
<arg>NI</arg>
<arg>NL</arg>
<arg>NO</arg>
<arg>NP</arg>
<arg>NR</arg>
<arg>NU</arg>
<arg>NZ</arg>
<arg>OM</arg>
<arg>PA</arg>
<arg>PE</arg>
<arg>PF</arg>
<arg>PG</arg>
<arg>PH</arg>
<arg>PK</arg>
<arg>PL</arg>
<arg>PM</arg>
<arg>PN</arg>
<arg>PR</arg>
<arg>PS</arg>
<arg>PT</arg>
<arg>PW</arg>
<arg>PY</arg>
<arg>QA</arg>
<arg>RE</arg>
<arg>RO</arg>
<arg>RS</arg>
<arg>RU</arg>
<arg>RW</arg>
<arg>SA</arg>
<arg>SB</arg>
<arg>SC</arg>
<arg>SD</arg>
<arg>SE</arg>
<arg>SG</arg>
<arg>SH</arg>
<arg>SI</arg>
<arg>SJ</arg>
<arg>SK</arg>
<arg>SL</arg>
<arg>SM</arg>
<arg>SN</arg>
<arg>SO</arg>
<arg>SR</arg>
<arg>SS</arg>
<arg>ST</arg>
<arg>SV</arg>
<arg>SX</arg>
<arg>SY</arg>
<arg>SZ</arg>
<arg>TC</arg>
<arg>TD</arg>
<arg>TF</arg>
<arg>TG</arg>
<arg>TH</arg>
<arg>TJ</arg>
<arg>TK</arg>
<arg>TL</arg>
<arg>TM</arg>
<arg>TN</arg>
<arg>TO</arg>
<arg>TR</arg>
<arg>TT</arg>
<arg>TV</arg>
<arg>TW</arg>
<arg>TZ</arg>
<arg>UA</arg>
<arg>UG</arg>
<arg>UM</arg>
<arg>US</arg>
<arg>UY</arg>
<arg>UZ</arg>
<arg>VA</arg>
<arg>VC</arg>
<arg>VE</arg>
<arg>VG</arg>
<arg>VI</arg>
<arg>VN</arg>
<arg>VU</arg>
<arg>WF</arg>
<arg>WS</arg>
<arg>XK</arg>
<arg>YE</arg>
<arg>YT</arg>
<arg>ZA</arg>
<arg>ZM</arg>
<arg>ZW</arg>
<doc>Returns a list containing given items.</doc>
<status status="PASS" start="2024-04-15T10:13:20.103953" elapsed="0.000628"/>
</kw>
<kw name="List Should Contain Value" owner="Collections">
<msg time="2024-04-15T10:13:20.105582" level="INFO">False</msg>
<arg>${list_country}</arg>
<arg>${name_country}</arg>
<doc>Fails if the ``value`` is not found from ``list``.</doc>
<status status="PASS" start="2024-04-15T10:13:20.105370" elapsed="0.000251"/>
</kw>
<kw name="Run Keyword If" owner="BuiltIn">
<kw name="Should Be True" owner="BuiltIn">
<arg>${True}</arg>
<doc>Fails if the given condition is not true.</doc>
<status status="PASS" start="2024-04-15T10:13:20.106874" elapsed="0.000148"/>
</kw>
<arg>${json_data["results"][0]["location"]["coordinates"]["latitude"]} &gt;= -90 and ${json_data["results"][0]["location"]["coordinates"]["latitude"]} &lt;= 90</arg>
<arg>Should Be True</arg>
<arg>${True}</arg>
<doc>Runs the given keyword with the given arguments, if ``condition`` is true.</doc>
<status status="PASS" start="2024-04-15T10:13:20.105978" elapsed="0.001175"/>
</kw>
<kw name="Run Keyword If" owner="BuiltIn">
<kw name="Should Be True" owner="BuiltIn">
<arg>${True}</arg>
<doc>Fails if the given condition is not true.</doc>
<status status="PASS" start="2024-04-15T10:13:20.108044" elapsed="0.000140"/>
</kw>
<arg>${json_data["results"][0]["location"]["coordinates"]["longitude"]} &gt;= -180 and ${json_data["results"][0]["location"]["coordinates"]["longitude"]} &lt;= 180</arg>
<arg>Should Be True</arg>
<arg>${True}</arg>
<doc>Runs the given keyword with the given arguments, if ``condition`` is true.</doc>
<status status="PASS" start="2024-04-15T10:13:20.107343" elapsed="0.000967"/>
</kw>
<status status="PASS" start="2024-04-15T10:13:20.005700" elapsed="0.102743"/>
</kw>
<doc>Testa o conteúdo específico dos campos retornados pela API.</doc>
<tag>testeConteudo</tag>
<status status="PASS" start="2024-04-15T10:13:20.005103" elapsed="0.103504"/>
</test>
<status status="PASS" start="2024-04-15T10:13:19.206053" elapsed="0.904615"/>
</suite>
<status status="PASS" start="2024-04-15T10:13:19.192321" elapsed="0.923798"/>
</suite>
<statistics>
<total>
<stat pass="5" fail="0" skip="0">All Tests</stat>
</total>
<tag>
<stat pass="1" fail="0" skip="0">testeConteudo</stat>
<stat pass="1" fail="0" skip="0">testeEstruturaResposta</stat>
<stat pass="1" fail="0" skip="0">testeRequisicaoBasica</stat>
<stat pass="1" fail="0" skip="0">testeTiposDados</stat>
</tag>
<suite>
<stat pass="5" fail="0" skip="0" id="s1" name="Tests">Tests</stat>
<stat pass="5" fail="0" skip="0" id="s1-s1" name="Random-User-Test">Tests.Random-User-Test</stat>
</suite>
</statistics>
<errors>
</errors>
</robot>
