<?xml version="1.0" encoding="UTF-8"?>
<robot generator="Robot 7.0.1 (Python 3.12.3 on linux)" generated="2024-06-19T10:16:46.519617" rpa="false" schemaversion="5">
<suite id="s1" name="Tests" source="/home/runner/work/ApiRandomUser/ApiRandomUser/RamdonUser/tests">
<suite id="s1-s1" name="Random-User-Test" source="/home/runner/work/ApiRandomUser/ApiRandomUser/RamdonUser/tests/random-user-test.robot">
<test id="s1-s1-t1" name="Conectar" line="13">
<kw name="Conectar API" owner="random-user-service">
<kw name="Create Session" owner="RequestsLibrary">
<msg time="2024-06-19T10:16:46.904824" level="INFO">Creating Session using : alias=consultarAPI, url=https://randomuser.me/, headers={},                     cookies={}, auth=None, timeout=None, proxies=None, verify=False,                     debug=0 </msg>
<arg>consultarAPI</arg>
<arg>${URL}</arg>
<doc>Create Session: create a HTTP session to a server</doc>
<status status="PASS" start="2024-06-19T10:16:46.904619" elapsed="0.000398"/>
</kw>
<status status="PASS" start="2024-06-19T10:16:46.903554" elapsed="0.001849"/>
</kw>
<status status="PASS" start="2024-06-19T10:16:46.902986" elapsed="0.002648"/>
</test>
<test id="s1-s1-t2" name="Validar retorno 200 e JSON Válido" line="16">
<kw name="Teste de Requisicao Basica" owner="random-user-service">
<kw name="GET On Session" owner="RequestsLibrary">
<msg time="2024-06-19T10:16:47.215431" level="INFO">GET Request : url=https://randomuser.me/api 
 path_url=/api 
 headers={'User-Agent': 'python-requests/2.32.3', 'Accept-Encoding': 'gzip, deflate', 'Accept': '*/*', 'Connection': 'keep-alive'} 
 body=None 
 </msg>
<msg time="2024-06-19T10:16:47.215584" level="INFO">GET Response : url=https://randomuser.me/api 
 status=200, reason=OK 
 headers={'Date': 'Wed, 19 Jun 2024 10:16:47 GMT', 'Content-Type': 'application/json; charset=utf-8', 'Transfer-Encoding': 'chunked', 'Connection': 'keep-alive', 'X-Powered-By': 'Express', 'Access-Control-Allow-Origin': '*', 'Cache-Control': 'no-cache', 'ETag': 'W/"489-9KKQMkHeItI82bPcO2ZkBwNdw/0"', 'Vary': 'Accept-Encoding', 'Content-Encoding': 'gzip', 'CF-Cache-Status': 'DYNAMIC', 'Report-To': '{"endpoints":[{"url":"https:\\/\\/a.nel.cloudflare.com\\/report\\/v4?s=8N99%2FUEmLHtLip4g%2Bu9YY4Xsb1uCFYirx2nCaO8jnKPM4ZEmg7FBE9kvGCDkwxEoA7Ntfz0FTgplUag%2BWJxdYFOXG6m11BbAPV%2B%2Bw6Z%2BDxp%2FG%2BR2cAuPVhoo4UKLWR9W"}],"group":"cf-nel","max_age":604800}', 'NEL': '{"success_fraction":0,"report_to":"cf-nel","max_age":604800}', 'Server': 'cloudflare', 'CF-RAY': '8962c3fe2c1314da-LAX', 'alt-svc': 'h3=":443"; ma=86400'} 
 body={"results":[{"gender":"male","name":{"title":"Mr","first":"Xavier","last":"Ginnish"},"location":{"street":{"number":9696,"name":"22nd Ave"},"city":"Westport","state":"Saskatchewan","country":"Canada","postcode":"C3P 6L6","coordinates":{"latitude":"-67.9188","longitude":"-11.9918"},"timezone":{"offset":"-7:00","description":"Mountain Time (US &amp; Canada)"}},"email":"xavier.ginnish@example.com","login":{"uuid":"f52f0fef-fc45-46de-8f6f-4631fa541b81","username":"happyzebra339","password":"williams","salt":"8YrwzY6d","md5":"c670fb086a73bcc7dcbd634ef2ce0989","sha1":"7ef27d6b9c67610ff0aca017ea8b4738a727c1e8","sha256":"643d6281314df7dd1999264dc106609e04bc32041a88b4dbbc9942c636f5e9be"},"dob":{"date":"1967-01-30T10:33:06.574Z","age":57},"registered":{"date":"2006-04-01T15:51:54.421Z","age":18},"phone":"Y63 H07-5152","cell":"U62 K03-8479","id":{"name":"SIN","value":"296015068"},"picture":{"large":"https://randomuser.me/api/portraits/men/11.jpg","medium":"https://randomuser.me/api/portraits/med/men/11.jpg","thumbnail":"https://randomuser.me/api/portraits/thumb/men/11.jpg"},"nat":"CA"}],"info":{"seed":"0c9b1813384fea99","results":1,"page":1,"version":"1.4"}} 
 </msg>
<msg time="2024-06-19T10:16:47.215669" level="INFO">/opt/hostedtoolcache/Python/3.12.3/x64/lib/python3.12/site-packages/urllib3/connectionpool.py:1099: InsecureRequestWarning: Unverified HTTPS request is being made to host 'randomuser.me'. Adding certificate verification is strongly advised. See: https://urllib3.readthedocs.io/en/latest/advanced-usage.html#tls-warnings
  warnings.warn(</msg>
<msg time="2024-06-19T10:16:47.215805" level="INFO">${response} = &lt;Response [200]&gt;</msg>
<var>${response}</var>
<arg>consultarAPI</arg>
<arg>/api</arg>
<doc>Sends a GET request on a previously created HTTP Session.</doc>
<status status="PASS" start="2024-06-19T10:16:46.908612" elapsed="0.307234"/>
</kw>
<kw name="Should Be Equal As Numbers" owner="BuiltIn">
<msg time="2024-06-19T10:16:47.216824" level="INFO">Argument types are:
&lt;class 'int'&gt;
&lt;class 'str'&gt;</msg>
<arg>${response.status_code}</arg>
<arg>200</arg>
<doc>Fails if objects are unequal after converting them to real numbers.</doc>
<status status="PASS" start="2024-06-19T10:16:47.216369" elapsed="0.000520"/>
</kw>
<kw name="Log" owner="BuiltIn">
<msg time="2024-06-19T10:16:47.217606" level="INFO">200</msg>
<arg>${response.status_code}</arg>
<doc>Logs the given message with the given level.</doc>
<status status="PASS" start="2024-06-19T10:16:47.217240" elapsed="0.000413"/>
</kw>
<kw name="Set Variable" owner="BuiltIn">
<msg time="2024-06-19T10:16:47.218417" level="INFO">${json_data} = {'results': [{'gender': 'male', 'name': {'title': 'Mr', 'first': 'Xavier', 'last': 'Ginnish'}, 'location': {'street': {'number': 9696, 'name': '22nd Ave'}, 'city': 'Westport', 'state': 'Saskatchewan',...</msg>
<var>${json_data}</var>
<arg>${response.json()}</arg>
<doc>Returns the given values which can then be assigned to a variables.</doc>
<status status="PASS" start="2024-06-19T10:16:47.217977" elapsed="0.000469"/>
</kw>
<kw name="Dictionary Should Contain Key" owner="Collections">
<arg>${json_data}</arg>
<arg>results</arg>
<doc>Fails if ``key`` is not found from ``dictionary``.</doc>
<status status="PASS" start="2024-06-19T10:16:47.218745" elapsed="0.000164"/>
</kw>
<status status="PASS" start="2024-06-19T10:16:46.908361" elapsed="0.310700"/>
</kw>
<doc>Testa se a API responde corretamente e retorna um objeto JSON válido.</doc>
<tag>testeRequisicaoBasica</tag>
<status status="PASS" start="2024-06-19T10:16:46.907848" elapsed="0.311387"/>
</test>
<test id="s1-s1-t3" name="Validar estrutura de resposta" line="22">
<kw name="Teste de Estrutura de Resposta" owner="random-user-service">
<kw name="GET On Session" owner="RequestsLibrary">
<msg time="2024-06-19T10:16:47.347976" level="INFO">GET Request : url=https://randomuser.me/api 
 path_url=/api 
 headers={'User-Agent': 'python-requests/2.32.3', 'Accept-Encoding': 'gzip, deflate', 'Accept': '*/*', 'Connection': 'keep-alive'} 
 body=None 
 </msg>
<msg time="2024-06-19T10:16:47.348082" level="INFO">GET Response : url=https://randomuser.me/api 
 status=200, reason=OK 
 headers={'Date': 'Wed, 19 Jun 2024 10:16:47 GMT', 'Content-Type': 'application/json; charset=utf-8', 'Transfer-Encoding': 'chunked', 'Connection': 'keep-alive', 'X-Powered-By': 'Express', 'Access-Control-Allow-Origin': '*', 'Cache-Control': 'no-cache', 'ETag': 'W/"4a4-FkqaBg23SKPX+w/RO8XkwgqPS8w"', 'Vary': 'Accept-Encoding', 'Content-Encoding': 'gzip', 'CF-Cache-Status': 'DYNAMIC', 'Report-To': '{"endpoints":[{"url":"https:\\/\\/a.nel.cloudflare.com\\/report\\/v4?s=ZA%2BJzPZgbCa7RaMvQPz7hHnvac29qec1lcsf87%2Btzok1V4M7o8H6y55CwrEhOCfVaRMoCJ3QW1EaU18XoFogtYQ2PMyWQKHTu4r4Bgn7yr2onMgQE7CemyPOuvAEwQrm"}],"group":"cf-nel","max_age":604800}', 'NEL': '{"success_fraction":0,"report_to":"cf-nel","max_age":604800}', 'Server': 'cloudflare', 'CF-RAY': '8962c3ff2d5514da-LAX', 'alt-svc': 'h3=":443"; ma=86400'} 
 body={"results":[{"gender":"female","name":{"title":"Mademoiselle","first":"Susanna","last":"Carpentier"},"location":{"street":{"number":6802,"name":"Place des 44 Enfants D'Izieu"},"city":"Bözen","state":"Schwyz","country":"Switzerland","postcode":3502,"coordinates":{"latitude":"-60.3832","longitude":"20.9412"},"timezone":{"offset":"+5:45","description":"Kathmandu"}},"email":"susanna.carpentier@example.com","login":{"uuid":"e24ca41a-0b88-4c9e-9668-b217504e38f2","username":"lazypeacock225","password":"goalie","salt":"QHIVK5Ix","md5":"e9b9907e8d872e43eaf7590628e8e701","sha1":"d214b02ca475e964fec26a9cdadcd8d22da7b8a6","sha256":"9696432e761f7fc3a7a44ab4193c98c3ab29ee52b8f7bb46f9e51e690329fd2a"},"dob":{"date":"1950-05-28T23:10:54.265Z","age":74},"registered":{"date":"2011-12-07T18:08:27.141Z","age":12},"phone":"079 259 18 18","cell":"075 908 93 12","id":{"name":"AVS","value":"756.2207.0712.49"},"picture":{"large":"https://randomuser.me/api/portraits/women/33.jpg","medium":"https://randomuser.me/api/portraits/med/women/33.jpg","thumbnail":"https://randomuser.me/api/portraits/thumb/women/33.jpg"},"nat":"CH"}],"info":{"seed":"8230bb71523c1c4f","results":1,"page":1,"version":"1.4"}} 
 </msg>
<msg time="2024-06-19T10:16:47.348239" level="INFO">/opt/hostedtoolcache/Python/3.12.3/x64/lib/python3.12/site-packages/urllib3/connectionpool.py:1099: InsecureRequestWarning: Unverified HTTPS request is being made to host 'randomuser.me'. Adding certificate verification is strongly advised. See: https://urllib3.readthedocs.io/en/latest/advanced-usage.html#tls-warnings
  warnings.warn(</msg>
<msg time="2024-06-19T10:16:47.348370" level="INFO">${response} = &lt;Response [200]&gt;</msg>
<var>${response}</var>
<arg>consultarAPI</arg>
<arg>/api</arg>
<doc>Sends a GET request on a previously created HTTP Session.</doc>
<status status="PASS" start="2024-06-19T10:16:47.222014" elapsed="0.126397"/>
</kw>
<kw name="Set Variable" owner="BuiltIn">
<msg time="2024-06-19T10:16:47.349492" level="INFO">${json_data} = {'results': [{'gender': 'female', 'name': {'title': 'Mademoiselle', 'first': 'Susanna', 'last': 'Carpentier'}, 'location': {'street': {'number': 6802, 'name': "Place des 44 Enfants D'Izieu"}, 'city': ...</msg>
<var>${json_data}</var>
<arg>${response.json()}</arg>
<doc>Returns the given values which can then be assigned to a variables.</doc>
<status status="PASS" start="2024-06-19T10:16:47.348955" elapsed="0.000566"/>
</kw>
<kw name="Log" owner="BuiltIn">
<msg time="2024-06-19T10:16:47.350055" level="INFO">{'results': [{'gender': 'female', 'name': {'title': 'Mademoiselle', 'first': 'Susanna', 'last': 'Carpentier'}, 'location': {'street': {'number': 6802, 'name': "Place des 44 Enfants D'Izieu"}, 'city': 'Bözen', 'state': 'Schwyz', 'country': 'Switzerland', 'postcode': 3502, 'coordinates': {'latitude': '-60.3832', 'longitude': '20.9412'}, 'timezone': {'offset': '+5:45', 'description': 'Kathmandu'}}, 'email': 'susanna.carpentier@example.com', 'login': {'uuid': 'e24ca41a-0b88-4c9e-9668-b217504e38f2', 'username': 'lazypeacock225', 'password': 'goalie', 'salt': 'QHIVK5Ix', 'md5': 'e9b9907e8d872e43eaf7590628e8e701', 'sha1': 'd214b02ca475e964fec26a9cdadcd8d22da7b8a6', 'sha256': '9696432e761f7fc3a7a44ab4193c98c3ab29ee52b8f7bb46f9e51e690329fd2a'}, 'dob': {'date': '1950-05-28T23:10:54.265Z', 'age': 74}, 'registered': {'date': '2011-12-07T18:08:27.141Z', 'age': 12}, 'phone': '079 259 18 18', 'cell': '075 908 93 12', 'id': {'name': 'AVS', 'value': '756.2207.0712.49'}, 'picture': {'large': 'https://randomuser.me/api/portraits/women/33.jpg', 'medium': 'https://randomuser.me/api/portraits/med/women/33.jpg', 'thumbnail': 'https://randomuser.me/api/portraits/thumb/women/33.jpg'}, 'nat': 'CH'}], 'info': {'seed': '8230bb71523c1c4f', 'results': 1, 'page': 1, 'version': '1.4'}}</msg>
<arg>${json_data}</arg>
<doc>Logs the given message with the given level.</doc>
<status status="PASS" start="2024-06-19T10:16:47.349883" elapsed="0.000222"/>
</kw>
<kw name="Dictionary Should Contain Key" owner="Collections">
<arg>${json_data}</arg>
<arg>results</arg>
<doc>Fails if ``key`` is not found from ``dictionary``.</doc>
<status status="PASS" start="2024-06-19T10:16:47.350405" elapsed="0.000163"/>
</kw>
<kw name="Should Not Be Empty" owner="BuiltIn">
<msg time="2024-06-19T10:16:47.350878" level="INFO">Length is 2.</msg>
<arg>${json_data}</arg>
<doc>Verifies that the given item is not empty.</doc>
<status status="PASS" start="2024-06-19T10:16:47.350753" elapsed="0.000163"/>
</kw>
<kw name="Create List" owner="BuiltIn">
<msg time="2024-06-19T10:16:47.351359" level="INFO">${expected_keys} = ['gender', 'name', 'location', 'email', 'login']</msg>
<var>${expected_keys}</var>
<arg>gender</arg>
<arg>name</arg>
<arg>location</arg>
<arg>email</arg>
<arg>login</arg>
<doc>Returns a list containing given items.</doc>
<status status="PASS" start="2024-06-19T10:16:47.351210" elapsed="0.000174"/>
</kw>
<for flavor="IN">
<iter>
<kw name="Dictionary Should Contain Key" owner="Collections">
<arg>${json_data['results'][0]}</arg>
<arg>${key}</arg>
<doc>Fails if ``key`` is not found from ``dictionary``.</doc>
<status status="PASS" start="2024-06-19T10:16:47.352035" elapsed="0.000407"/>
</kw>
<kw name="Log" owner="BuiltIn">
<msg time="2024-06-19T10:16:47.353000" level="INFO">{'gender': 'female', 'name': {'title': 'Mademoiselle', 'first': 'Susanna', 'last': 'Carpentier'}, 'location': {'street': {'number': 6802, 'name': "Place des 44 Enfants D'Izieu"}, 'city': 'Bözen', 'state': 'Schwyz', 'country': 'Switzerland', 'postcode': 3502, 'coordinates': {'latitude': '-60.3832', 'longitude': '20.9412'}, 'timezone': {'offset': '+5:45', 'description': 'Kathmandu'}}, 'email': 'susanna.carpentier@example.com', 'login': {'uuid': 'e24ca41a-0b88-4c9e-9668-b217504e38f2', 'username': 'lazypeacock225', 'password': 'goalie', 'salt': 'QHIVK5Ix', 'md5': 'e9b9907e8d872e43eaf7590628e8e701', 'sha1': 'd214b02ca475e964fec26a9cdadcd8d22da7b8a6', 'sha256': '9696432e761f7fc3a7a44ab4193c98c3ab29ee52b8f7bb46f9e51e690329fd2a'}, 'dob': {'date': '1950-05-28T23:10:54.265Z', 'age': 74}, 'registered': {'date': '2011-12-07T18:08:27.141Z', 'age': 12}, 'phone': '079 259 18 18', 'cell': '075 908 93 12', 'id': {'name': 'AVS', 'value': '756.2207.0712.49'}, 'picture': {'large': 'https://randomuser.me/api/portraits/women/33.jpg', 'medium': 'https://randomuser.me/api/portraits/med/women/33.jpg', 'thumbnail': 'https://randomuser.me/api/portraits/thumb/women/33.jpg'}, 'nat': 'CH'}</msg>
<arg>${json_data['results'][0]}</arg>
<doc>Logs the given message with the given level.</doc>
<status status="PASS" start="2024-06-19T10:16:47.352634" elapsed="0.000418"/>
</kw>
<kw name="Log" owner="BuiltIn">
<msg time="2024-06-19T10:16:47.353482" level="INFO">gender</msg>
<arg>${key}</arg>
<doc>Logs the given message with the given level.</doc>
<status status="PASS" start="2024-06-19T10:16:47.353352" elapsed="0.000168"/>
</kw>
<var name="${key}">gender</var>
<status status="PASS" start="2024-06-19T10:16:47.351901" elapsed="0.001877"/>
</iter>
<iter>
<kw name="Dictionary Should Contain Key" owner="Collections">
<arg>${json_data['results'][0]}</arg>
<arg>${key}</arg>
<doc>Fails if ``key`` is not found from ``dictionary``.</doc>
<status status="PASS" start="2024-06-19T10:16:47.354081" elapsed="0.000402"/>
</kw>
<kw name="Log" owner="BuiltIn">
<msg time="2024-06-19T10:16:47.355072" level="INFO">{'gender': 'female', 'name': {'title': 'Mademoiselle', 'first': 'Susanna', 'last': 'Carpentier'}, 'location': {'street': {'number': 6802, 'name': "Place des 44 Enfants D'Izieu"}, 'city': 'Bözen', 'state': 'Schwyz', 'country': 'Switzerland', 'postcode': 3502, 'coordinates': {'latitude': '-60.3832', 'longitude': '20.9412'}, 'timezone': {'offset': '+5:45', 'description': 'Kathmandu'}}, 'email': 'susanna.carpentier@example.com', 'login': {'uuid': 'e24ca41a-0b88-4c9e-9668-b217504e38f2', 'username': 'lazypeacock225', 'password': 'goalie', 'salt': 'QHIVK5Ix', 'md5': 'e9b9907e8d872e43eaf7590628e8e701', 'sha1': 'd214b02ca475e964fec26a9cdadcd8d22da7b8a6', 'sha256': '9696432e761f7fc3a7a44ab4193c98c3ab29ee52b8f7bb46f9e51e690329fd2a'}, 'dob': {'date': '1950-05-28T23:10:54.265Z', 'age': 74}, 'registered': {'date': '2011-12-07T18:08:27.141Z', 'age': 12}, 'phone': '079 259 18 18', 'cell': '075 908 93 12', 'id': {'name': 'AVS', 'value': '756.2207.0712.49'}, 'picture': {'large': 'https://randomuser.me/api/portraits/women/33.jpg', 'medium': 'https://randomuser.me/api/portraits/med/women/33.jpg', 'thumbnail': 'https://randomuser.me/api/portraits/thumb/women/33.jpg'}, 'nat': 'CH'}</msg>
<arg>${json_data['results'][0]}</arg>
<doc>Logs the given message with the given level.</doc>
<status status="PASS" start="2024-06-19T10:16:47.354668" elapsed="0.000455"/>
</kw>
<kw name="Log" owner="BuiltIn">
<msg time="2024-06-19T10:16:47.355555" level="INFO">name</msg>
<arg>${key}</arg>
<doc>Logs the given message with the given level.</doc>
<status status="PASS" start="2024-06-19T10:16:47.355427" elapsed="0.000165"/>
</kw>
<var name="${key}">name</var>
<status status="PASS" start="2024-06-19T10:16:47.353967" elapsed="0.001849"/>
</iter>
<iter>
<kw name="Dictionary Should Contain Key" owner="Collections">
<arg>${json_data['results'][0]}</arg>
<arg>${key}</arg>
<doc>Fails if ``key`` is not found from ``dictionary``.</doc>
<status status="PASS" start="2024-06-19T10:16:47.356104" elapsed="0.000381"/>
</kw>
<kw name="Log" owner="BuiltIn">
<msg time="2024-06-19T10:16:47.357019" level="INFO">{'gender': 'female', 'name': {'title': 'Mademoiselle', 'first': 'Susanna', 'last': 'Carpentier'}, 'location': {'street': {'number': 6802, 'name': "Place des 44 Enfants D'Izieu"}, 'city': 'Bözen', 'state': 'Schwyz', 'country': 'Switzerland', 'postcode': 3502, 'coordinates': {'latitude': '-60.3832', 'longitude': '20.9412'}, 'timezone': {'offset': '+5:45', 'description': 'Kathmandu'}}, 'email': 'susanna.carpentier@example.com', 'login': {'uuid': 'e24ca41a-0b88-4c9e-9668-b217504e38f2', 'username': 'lazypeacock225', 'password': 'goalie', 'salt': 'QHIVK5Ix', 'md5': 'e9b9907e8d872e43eaf7590628e8e701', 'sha1': 'd214b02ca475e964fec26a9cdadcd8d22da7b8a6', 'sha256': '9696432e761f7fc3a7a44ab4193c98c3ab29ee52b8f7bb46f9e51e690329fd2a'}, 'dob': {'date': '1950-05-28T23:10:54.265Z', 'age': 74}, 'registered': {'date': '2011-12-07T18:08:27.141Z', 'age': 12}, 'phone': '079 259 18 18', 'cell': '075 908 93 12', 'id': {'name': 'AVS', 'value': '756.2207.0712.49'}, 'picture': {'large': 'https://randomuser.me/api/portraits/women/33.jpg', 'medium': 'https://randomuser.me/api/portraits/med/women/33.jpg', 'thumbnail': 'https://randomuser.me/api/portraits/thumb/women/33.jpg'}, 'nat': 'CH'}</msg>
<arg>${json_data['results'][0]}</arg>
<doc>Logs the given message with the given level.</doc>
<status status="PASS" start="2024-06-19T10:16:47.356669" elapsed="0.000399"/>
</kw>
<kw name="Log" owner="BuiltIn">
<msg time="2024-06-19T10:16:47.357490" level="INFO">location</msg>
<arg>${key}</arg>
<doc>Logs the given message with the given level.</doc>
<status status="PASS" start="2024-06-19T10:16:47.357364" elapsed="0.000163"/>
</kw>
<var name="${key}">location</var>
<status status="PASS" start="2024-06-19T10:16:47.355994" elapsed="0.001790"/>
</iter>
<iter>
<kw name="Dictionary Should Contain Key" owner="Collections">
<arg>${json_data['results'][0]}</arg>
<arg>${key}</arg>
<doc>Fails if ``key`` is not found from ``dictionary``.</doc>
<status status="PASS" start="2024-06-19T10:16:47.358063" elapsed="0.000384"/>
</kw>
<kw name="Log" owner="BuiltIn">
<msg time="2024-06-19T10:16:47.358983" level="INFO">{'gender': 'female', 'name': {'title': 'Mademoiselle', 'first': 'Susanna', 'last': 'Carpentier'}, 'location': {'street': {'number': 6802, 'name': "Place des 44 Enfants D'Izieu"}, 'city': 'Bözen', 'state': 'Schwyz', 'country': 'Switzerland', 'postcode': 3502, 'coordinates': {'latitude': '-60.3832', 'longitude': '20.9412'}, 'timezone': {'offset': '+5:45', 'description': 'Kathmandu'}}, 'email': 'susanna.carpentier@example.com', 'login': {'uuid': 'e24ca41a-0b88-4c9e-9668-b217504e38f2', 'username': 'lazypeacock225', 'password': 'goalie', 'salt': 'QHIVK5Ix', 'md5': 'e9b9907e8d872e43eaf7590628e8e701', 'sha1': 'd214b02ca475e964fec26a9cdadcd8d22da7b8a6', 'sha256': '9696432e761f7fc3a7a44ab4193c98c3ab29ee52b8f7bb46f9e51e690329fd2a'}, 'dob': {'date': '1950-05-28T23:10:54.265Z', 'age': 74}, 'registered': {'date': '2011-12-07T18:08:27.141Z', 'age': 12}, 'phone': '079 259 18 18', 'cell': '075 908 93 12', 'id': {'name': 'AVS', 'value': '756.2207.0712.49'}, 'picture': {'large': 'https://randomuser.me/api/portraits/women/33.jpg', 'medium': 'https://randomuser.me/api/portraits/med/women/33.jpg', 'thumbnail': 'https://randomuser.me/api/portraits/thumb/women/33.jpg'}, 'nat': 'CH'}</msg>
<arg>${json_data['results'][0]}</arg>
<doc>Logs the given message with the given level.</doc>
<status status="PASS" start="2024-06-19T10:16:47.358628" elapsed="0.000412"/>
</kw>
<kw name="Log" owner="BuiltIn">
<msg time="2024-06-19T10:16:47.359470" level="INFO">email</msg>
<arg>${key}</arg>
<doc>Logs the given message with the given level.</doc>
<status status="PASS" start="2024-06-19T10:16:47.359341" elapsed="0.000167"/>
</kw>
<var name="${key}">email</var>
<status status="PASS" start="2024-06-19T10:16:47.357955" elapsed="0.001768"/>
</iter>
<iter>
<kw name="Dictionary Should Contain Key" owner="Collections">
<arg>${json_data['results'][0]}</arg>
<arg>${key}</arg>
<doc>Fails if ``key`` is not found from ``dictionary``.</doc>
<status status="PASS" start="2024-06-19T10:16:47.360002" elapsed="0.000374"/>
</kw>
<kw name="Log" owner="BuiltIn">
<msg time="2024-06-19T10:16:47.360906" level="INFO">{'gender': 'female', 'name': {'title': 'Mademoiselle', 'first': 'Susanna', 'last': 'Carpentier'}, 'location': {'street': {'number': 6802, 'name': "Place des 44 Enfants D'Izieu"}, 'city': 'Bözen', 'state': 'Schwyz', 'country': 'Switzerland', 'postcode': 3502, 'coordinates': {'latitude': '-60.3832', 'longitude': '20.9412'}, 'timezone': {'offset': '+5:45', 'description': 'Kathmandu'}}, 'email': 'susanna.carpentier@example.com', 'login': {'uuid': 'e24ca41a-0b88-4c9e-9668-b217504e38f2', 'username': 'lazypeacock225', 'password': 'goalie', 'salt': 'QHIVK5Ix', 'md5': 'e9b9907e8d872e43eaf7590628e8e701', 'sha1': 'd214b02ca475e964fec26a9cdadcd8d22da7b8a6', 'sha256': '9696432e761f7fc3a7a44ab4193c98c3ab29ee52b8f7bb46f9e51e690329fd2a'}, 'dob': {'date': '1950-05-28T23:10:54.265Z', 'age': 74}, 'registered': {'date': '2011-12-07T18:08:27.141Z', 'age': 12}, 'phone': '079 259 18 18', 'cell': '075 908 93 12', 'id': {'name': 'AVS', 'value': '756.2207.0712.49'}, 'picture': {'large': 'https://randomuser.me/api/portraits/women/33.jpg', 'medium': 'https://randomuser.me/api/portraits/med/women/33.jpg', 'thumbnail': 'https://randomuser.me/api/portraits/thumb/women/33.jpg'}, 'nat': 'CH'}</msg>
<arg>${json_data['results'][0]}</arg>
<doc>Logs the given message with the given level.</doc>
<status status="PASS" start="2024-06-19T10:16:47.360557" elapsed="0.000397"/>
</kw>
<kw name="Log" owner="BuiltIn">
<msg time="2024-06-19T10:16:47.361484" level="INFO">login</msg>
<arg>${key}</arg>
<doc>Logs the given message with the given level.</doc>
<status status="PASS" start="2024-06-19T10:16:47.361250" elapsed="0.000272"/>
</kw>
<var name="${key}">login</var>
<status status="PASS" start="2024-06-19T10:16:47.359894" elapsed="0.001889"/>
</iter>
<var>${key}</var>
<value>@{expected_keys}</value>
<status status="PASS" start="2024-06-19T10:16:47.351698" elapsed="0.010206"/>
</for>
<kw name="Create List" owner="BuiltIn">
<msg time="2024-06-19T10:16:47.362263" level="INFO">${expected_keysTwo} = ['username', 'password']</msg>
<var>${expected_keysTwo}</var>
<arg>username</arg>
<arg>password</arg>
<doc>Returns a list containing given items.</doc>
<status status="PASS" start="2024-06-19T10:16:47.362125" elapsed="0.000162"/>
</kw>
<for flavor="IN">
<iter>
<kw name="Dictionary Should Contain Key" owner="Collections">
<arg>${json_data['results'][0]['login']}</arg>
<arg>${keyTwo}</arg>
<doc>Fails if ``key`` is not found from ``dictionary``.</doc>
<status status="PASS" start="2024-06-19T10:16:47.362789" elapsed="0.000382"/>
</kw>
<kw name="Dictionary Should Contain Key" owner="Collections">
<arg>${json_data['results'][0]['login']}</arg>
<arg>${keyTwo}</arg>
<doc>Fails if ``key`` is not found from ``dictionary``.</doc>
<status status="PASS" start="2024-06-19T10:16:47.363354" elapsed="0.000379"/>
</kw>
<kw name="Log" owner="BuiltIn">
<msg time="2024-06-19T10:16:47.364031" level="INFO">username</msg>
<arg>${keyTwo}</arg>
<doc>Logs the given message with the given level.</doc>
<status status="PASS" start="2024-06-19T10:16:47.363911" elapsed="0.000157"/>
</kw>
<var name="${keyTwo}">username</var>
<status status="PASS" start="2024-06-19T10:16:47.362680" elapsed="0.001607"/>
</iter>
<iter>
<kw name="Dictionary Should Contain Key" owner="Collections">
<arg>${json_data['results'][0]['login']}</arg>
<arg>${keyTwo}</arg>
<doc>Fails if ``key`` is not found from ``dictionary``.</doc>
<status status="PASS" start="2024-06-19T10:16:47.364565" elapsed="0.000378"/>
</kw>
<kw name="Dictionary Should Contain Key" owner="Collections">
<arg>${json_data['results'][0]['login']}</arg>
<arg>${keyTwo}</arg>
<doc>Fails if ``key`` is not found from ``dictionary``.</doc>
<status status="PASS" start="2024-06-19T10:16:47.365122" elapsed="0.000361"/>
</kw>
<kw name="Log" owner="BuiltIn">
<msg time="2024-06-19T10:16:47.365816" level="INFO">password</msg>
<arg>${keyTwo}</arg>
<doc>Logs the given message with the given level.</doc>
<status status="PASS" start="2024-06-19T10:16:47.365686" elapsed="0.000166"/>
</kw>
<var name="${keyTwo}">password</var>
<status status="PASS" start="2024-06-19T10:16:47.364459" elapsed="0.001612"/>
</iter>
<var>${keyTwo}</var>
<value>@{expected_keysTwo}</value>
<status status="PASS" start="2024-06-19T10:16:47.362523" elapsed="0.003664"/>
</for>
<status status="PASS" start="2024-06-19T10:16:47.221778" elapsed="0.144547"/>
</kw>
<doc>Testa a estrutura da resposta da API.</doc>
<tag>testeEstruturaResposta</tag>
<status status="PASS" start="2024-06-19T10:16:47.221073" elapsed="0.145408"/>
</test>
<test id="s1-s1-t4" name="Validar tipos de dados" line="28">
<kw name="Teste de Tipos de Dados" owner="random-user-service">
<kw name="GET On Session" owner="RequestsLibrary">
<msg time="2024-06-19T10:16:47.512861" level="INFO">GET Request : url=https://randomuser.me/api 
 path_url=/api 
 headers={'User-Agent': 'python-requests/2.32.3', 'Accept-Encoding': 'gzip, deflate', 'Accept': '*/*', 'Connection': 'keep-alive'} 
 body=None 
 </msg>
<msg time="2024-06-19T10:16:47.512971" level="INFO">GET Response : url=https://randomuser.me/api 
 status=200, reason=OK 
 headers={'Date': 'Wed, 19 Jun 2024 10:16:47 GMT', 'Content-Type': 'application/json; charset=utf-8', 'Transfer-Encoding': 'chunked', 'Connection': 'keep-alive', 'X-Powered-By': 'Express', 'Access-Control-Allow-Origin': '*', 'Cache-Control': 'no-cache', 'ETag': 'W/"46d-6lVu7HnzLqISTtJSbQxm6AGUhN8"', 'Vary': 'Accept-Encoding', 'Content-Encoding': 'gzip', 'CF-Cache-Status': 'DYNAMIC', 'Report-To': '{"endpoints":[{"url":"https:\\/\\/a.nel.cloudflare.com\\/report\\/v4?s=oI3MbOm31Zaqyw9jxfMaQq9RAhYq%2FK4b5iHt0dyhNRTJ1TXETB6pklDBQj5bOi77viWQithY4f1GEDtruOYeEZ6laI0XR8GM3KlB9xz9PTCQbFde8%2FQi7z%2FAjtPGfzdU"}],"group":"cf-nel","max_age":604800}', 'NEL': '{"success_fraction":0,"report_to":"cf-nel","max_age":604800}', 'Server': 'cloudflare', 'CF-RAY': '8962c4001e4314da-LAX', 'alt-svc': 'h3=":443"; ma=86400'} 
 body={"results":[{"gender":"male","name":{"title":"Mr","first":"Xavier","last":"Lévesque"},"location":{"street":{"number":2148,"name":"Duke St"},"city":"Winfield","state":"Nunavut","country":"Canada","postcode":"X6Z 2R6","coordinates":{"latitude":"-70.3636","longitude":"-66.2933"},"timezone":{"offset":"-10:00","description":"Hawaii"}},"email":"xavier.levesque@example.com","login":{"uuid":"f9136f93-bf5d-426b-8969-66d7028c4604","username":"happylion476","password":"moore","salt":"T9uYkASq","md5":"8afc633cdb24c98fb27cbaa1370886b0","sha1":"842111f43b5117a1edc7e818bd8f37629698bc35","sha256":"d5684dc273ea91446a17bcdcbeff503924c289258da5cbfbd172071be5aaf30a"},"dob":{"date":"1966-08-28T08:40:57.148Z","age":57},"registered":{"date":"2019-01-10T01:08:16.119Z","age":5},"phone":"B15 U23-0330","cell":"Z40 U67-2865","id":{"name":"SIN","value":"547499582"},"picture":{"large":"https://randomuser.me/api/portraits/men/44.jpg","medium":"https://randomuser.me/api/portraits/med/men/44.jpg","thumbnail":"https://randomuser.me/api/portraits/thumb/men/44.jpg"},"nat":"CA"}],"info":{"seed":"6dcdbdad9e502688","results":1,"page":1,"version":"1.4"}} 
 </msg>
<msg time="2024-06-19T10:16:47.513055" level="INFO">/opt/hostedtoolcache/Python/3.12.3/x64/lib/python3.12/site-packages/urllib3/connectionpool.py:1099: InsecureRequestWarning: Unverified HTTPS request is being made to host 'randomuser.me'. Adding certificate verification is strongly advised. See: https://urllib3.readthedocs.io/en/latest/advanced-usage.html#tls-warnings
  warnings.warn(</msg>
<msg time="2024-06-19T10:16:47.513176" level="INFO">${response} = &lt;Response [200]&gt;</msg>
<var>${response}</var>
<arg>consultarAPI</arg>
<arg>/api</arg>
<doc>Sends a GET request on a previously created HTTP Session.</doc>
<status status="PASS" start="2024-06-19T10:16:47.368983" elapsed="0.144233"/>
</kw>
<kw name="Set Variable" owner="BuiltIn">
<msg time="2024-06-19T10:16:47.514313" level="INFO">${json_data} = {'results': [{'gender': 'male', 'name': {'title': 'Mr', 'first': 'Xavier', 'last': 'Lévesque'}, 'location': {'street': {'number': 2148, 'name': 'Duke St'}, 'city': 'Winfield', 'state': 'Nunavut', 'cou...</msg>
<var>${json_data}</var>
<arg>${response.json()}</arg>
<doc>Returns the given values which can then be assigned to a variables.</doc>
<status status="PASS" start="2024-06-19T10:16:47.513789" elapsed="0.000554"/>
</kw>
<kw name="Log" owner="BuiltIn">
<msg time="2024-06-19T10:16:47.514805" level="INFO">{'results': [{'gender': 'male', 'name': {'title': 'Mr', 'first': 'Xavier', 'last': 'Lévesque'}, 'location': {'street': {'number': 2148, 'name': 'Duke St'}, 'city': 'Winfield', 'state': 'Nunavut', 'country': 'Canada', 'postcode': 'X6Z 2R6', 'coordinates': {'latitude': '-70.3636', 'longitude': '-66.2933'}, 'timezone': {'offset': '-10:00', 'description': 'Hawaii'}}, 'email': 'xavier.levesque@example.com', 'login': {'uuid': 'f9136f93-bf5d-426b-8969-66d7028c4604', 'username': 'happylion476', 'password': 'moore', 'salt': 'T9uYkASq', 'md5': '8afc633cdb24c98fb27cbaa1370886b0', 'sha1': '842111f43b5117a1edc7e818bd8f37629698bc35', 'sha256': 'd5684dc273ea91446a17bcdcbeff503924c289258da5cbfbd172071be5aaf30a'}, 'dob': {'date': '1966-08-28T08:40:57.148Z', 'age': 57}, 'registered': {'date': '2019-01-10T01:08:16.119Z', 'age': 5}, 'phone': 'B15 U23-0330', 'cell': 'Z40 U67-2865', 'id': {'name': 'SIN', 'value': '547499582'}, 'picture': {'large': 'https://randomuser.me/api/portraits/men/44.jpg', 'medium': 'https://randomuser.me/api/portraits/med/men/44.jpg', 'thumbnail': 'https://randomuser.me/api/portraits/thumb/men/44.jpg'}, 'nat': 'CA'}], 'info': {'seed': '6dcdbdad9e502688', 'results': 1, 'page': 1, 'version': '1.4'}}</msg>
<arg>${json_data}</arg>
<doc>Logs the given message with the given level.</doc>
<status status="PASS" start="2024-06-19T10:16:47.514646" elapsed="0.000207"/>
</kw>
<kw name="Should Be String" owner="String">
<arg>${json_data['results'][0]['gender']}</arg>
<doc>Fails if the given ``item`` is not a string.</doc>
<status status="PASS" start="2024-06-19T10:16:47.515150" elapsed="0.000362"/>
</kw>
<kw name="Should Match Regexp" owner="BuiltIn">
<arg>${json_data['results'][0]['email']}</arg>
<arg>^[a-zA-Z0-9._%+-]+@[a-zA-Z0-9.-]+\.[a-zA-Z]{2,}$</arg>
<doc>Fails if ``string`` does not match ``pattern`` as a regular expression.</doc>
<status status="PASS" start="2024-06-19T10:16:47.515740" elapsed="0.000524"/>
</kw>
<kw name="Should Match Regexp" owner="BuiltIn">
<arg>${json_data['results'][0]['dob']['date']}</arg>
<arg>\\d{4}-\\d{2}-\\d{2}T\\d{2}:\\d{2}:\\d{2}\\.\\d{3}Z</arg>
<doc>Fails if ``string`` does not match ``pattern`` as a regular expression.</doc>
<status status="PASS" start="2024-06-19T10:16:47.516461" elapsed="0.000489"/>
</kw>
<kw name="Should Match Regexp" owner="BuiltIn">
<arg>${json_data['results'][0]['registered']['date']}</arg>
<arg>\\d{4}-\\d{2}-\\d{2}T\\d{2}:\\d{2}:\\d{2}\\.\\d{3}Z</arg>
<doc>Fails if ``string`` does not match ``pattern`` as a regular expression.</doc>
<status status="PASS" start="2024-06-19T10:16:47.517145" elapsed="0.000365"/>
</kw>
<kw name="Should Match Regexp" owner="BuiltIn">
<arg>${json_data['results'][0]['picture']['large']}</arg>
<arg>^https?://.*\.(?:png|jpe?g|gif|bmp)$</arg>
<doc>Fails if ``string`` does not match ``pattern`` as a regular expression.</doc>
<status status="PASS" start="2024-06-19T10:16:47.517736" elapsed="0.000464"/>
</kw>
<kw name="Should Match Regexp" owner="BuiltIn">
<arg>${json_data['results'][0]['picture']['medium']}</arg>
<arg>^https?://.*\.(?:png|jpe?g|gif|bmp)$</arg>
<doc>Fails if ``string`` does not match ``pattern`` as a regular expression.</doc>
<status status="PASS" start="2024-06-19T10:16:47.518391" elapsed="0.000354"/>
</kw>
<kw name="Should Match Regexp" owner="BuiltIn">
<arg>${json_data['results'][0]['picture']['thumbnail']}</arg>
<arg>^https?://.*\.(?:png|jpe?g|gif|bmp)$</arg>
<doc>Fails if ``string`` does not match ``pattern`` as a regular expression.</doc>
<status status="PASS" start="2024-06-19T10:16:47.518930" elapsed="0.000348"/>
</kw>
<kw name="Log" owner="BuiltIn">
<msg time="2024-06-19T10:16:47.519776" level="INFO">{'large': 'https://randomuser.me/api/portraits/men/44.jpg', 'medium': 'https://randomuser.me/api/portraits/med/men/44.jpg', 'thumbnail': 'https://randomuser.me/api/portraits/thumb/men/44.jpg'}</msg>
<arg>${json_data['results'][0]['picture']}</arg>
<doc>Logs the given message with the given level.</doc>
<status status="PASS" start="2024-06-19T10:16:47.519457" elapsed="0.000360"/>
</kw>
<status status="PASS" start="2024-06-19T10:16:47.368706" elapsed="0.151372"/>
</kw>
<kw name="Teste de Tipos de Dados - Postcode" owner="random-user-service">
<kw name="GET On Session" owner="RequestsLibrary">
<msg time="2024-06-19T10:16:47.625303" level="INFO">GET Request : url=https://randomuser.me/api 
 path_url=/api 
 headers={'User-Agent': 'python-requests/2.32.3', 'Accept-Encoding': 'gzip, deflate', 'Accept': '*/*', 'Connection': 'keep-alive'} 
 body=None 
 </msg>
<msg time="2024-06-19T10:16:47.625393" level="INFO">GET Response : url=https://randomuser.me/api 
 status=200, reason=OK 
 headers={'Date': 'Wed, 19 Jun 2024 10:16:47 GMT', 'Content-Type': 'application/json; charset=utf-8', 'Transfer-Encoding': 'chunked', 'Connection': 'keep-alive', 'X-Powered-By': 'Express', 'Access-Control-Allow-Origin': '*', 'Cache-Control': 'no-cache', 'ETag': 'W/"49c-558yX4Mv1HyDdu+y3GjlwUBur+A"', 'Vary': 'Accept-Encoding', 'Content-Encoding': 'gzip', 'CF-Cache-Status': 'DYNAMIC', 'Report-To': '{"endpoints":[{"url":"https:\\/\\/a.nel.cloudflare.com\\/report\\/v4?s=akudrskuCyR5qHoxtcPaTG6TWe37lGnEBXZ11wp%2Bs7eyI0IGwFdTR1%2FsogcD7TJix4dcUtO83Ik9THzroSiS03jkEzAa%2B%2BDU%2BEx0FPWYHG9BWC8iRWQnFFGEU85oHFoN"}],"group":"cf-nel","max_age":604800}', 'NEL': '{"success_fraction":0,"report_to":"cf-nel","max_age":604800}', 'Server': 'cloudflare', 'CF-RAY': '8962c4010f0d14da-LAX', 'alt-svc': 'h3=":443"; ma=86400'} 
 body={"results":[{"gender":"female","name":{"title":"Mrs","first":"سوگند","last":"علیزاده"},"location":{"street":{"number":9510,"name":"فلسطین"},"city":"سیرجان","state":"یزد","country":"Iran","postcode":61338,"coordinates":{"latitude":"17.2176","longitude":"117.4832"},"timezone":{"offset":"+5:00","description":"Ekaterinburg, Islamabad, Karachi, Tashkent"}},"email":"swgnd.aalyzdh@example.com","login":{"uuid":"878af99f-92c4-4474-85e3-5645ecfff44b","username":"browngoose487","password":"taylor1","salt":"iXrsCqsu","md5":"ce524b834da4500b04fdf6b48dfae022","sha1":"fbef196f696d1c19e6fe6bd173234c0736de027f","sha256":"45da9b805f9e54145f84f4ab3914af1be578176498a10a28674640f188ffffe1"},"dob":{"date":"1960-01-25T20:58:06.514Z","age":64},"registered":{"date":"2009-09-07T20:01:11.724Z","age":14},"phone":"079-99226344","cell":"0943-619-3354","id":{"name":"","value":null},"picture":{"large":"https://randomuser.me/api/portraits/women/88.jpg","medium":"https://randomuser.me/api/portraits/med/women/88.jpg","thumbnail":"https://randomuser.me/api/portraits/thumb/women/88.jpg"},"nat":"IR"}],"info":{"seed":"24945eca2c603313","results":1,"page":1,"version":"1.4"}} 
 </msg>
<msg time="2024-06-19T10:16:47.625482" level="INFO">/opt/hostedtoolcache/Python/3.12.3/x64/lib/python3.12/site-packages/urllib3/connectionpool.py:1099: InsecureRequestWarning: Unverified HTTPS request is being made to host 'randomuser.me'. Adding certificate verification is strongly advised. See: https://urllib3.readthedocs.io/en/latest/advanced-usage.html#tls-warnings
  warnings.warn(</msg>
<msg time="2024-06-19T10:16:47.625650" level="INFO">${response} = &lt;Response [200]&gt;</msg>
<var>${response}</var>
<arg>consultarAPI</arg>
<arg>/api</arg>
<doc>Sends a GET request on a previously created HTTP Session.</doc>
<status status="PASS" start="2024-06-19T10:16:47.520537" elapsed="0.105162"/>
</kw>
<kw name="Set Variable" owner="BuiltIn">
<msg time="2024-06-19T10:16:47.626701" level="INFO">${json_data} = {'results': [{'gender': 'female', 'name': {'title': 'Mrs', 'first': 'سوگند', 'last': 'علیزاده'}, 'location': {'street': {'number': 9510, 'name': 'فلسطین'}, 'city': 'سیرجان', 'state': 'یزد', 'country':...</msg>
<var>${json_data}</var>
<arg>${response.json()}</arg>
<doc>Returns the given values which can then be assigned to a variables.</doc>
<status status="PASS" start="2024-06-19T10:16:47.626193" elapsed="0.000541"/>
</kw>
<kw name="Log" owner="BuiltIn">
<msg time="2024-06-19T10:16:47.627197" level="INFO">{'results': [{'gender': 'female', 'name': {'title': 'Mrs', 'first': 'سوگند', 'last': 'علیزاده'}, 'location': {'street': {'number': 9510, 'name': 'فلسطین'}, 'city': 'سیرجان', 'state': 'یزد', 'country': 'Iran', 'postcode': 61338, 'coordinates': {'latitude': '17.2176', 'longitude': '117.4832'}, 'timezone': {'offset': '+5:00', 'description': 'Ekaterinburg, Islamabad, Karachi, Tashkent'}}, 'email': 'swgnd.aalyzdh@example.com', 'login': {'uuid': '878af99f-92c4-4474-85e3-5645ecfff44b', 'username': 'browngoose487', 'password': 'taylor1', 'salt': 'iXrsCqsu', 'md5': 'ce524b834da4500b04fdf6b48dfae022', 'sha1': 'fbef196f696d1c19e6fe6bd173234c0736de027f', 'sha256': '45da9b805f9e54145f84f4ab3914af1be578176498a10a28674640f188ffffe1'}, 'dob': {'date': '1960-01-25T20:58:06.514Z', 'age': 64}, 'registered': {'date': '2009-09-07T20:01:11.724Z', 'age': 14}, 'phone': '079-99226344', 'cell': '0943-619-3354', 'id': {'name': '', 'value': None}, 'picture': {'large': 'https://randomuser.me/api/portraits/women/88.jpg', 'medium': 'https://randomuser.me/api/portraits/med/women/88.jpg', 'thumbnail': 'https://randomuser.me/api/portraits/thumb/women/88.jpg'}, 'nat': 'IR'}], 'info': {'seed': '24945eca2c603313', 'results': 1, 'page': 1, 'version': '1.4'}}</msg>
<arg>${json_data}</arg>
<doc>Logs the given message with the given level.</doc>
<status status="PASS" start="2024-06-19T10:16:47.627038" elapsed="0.000207"/>
</kw>
<kw name="Should Be Equal As Numbers" owner="BuiltIn">
<arg>${json_data['results'][0]['location']['postcode']}</arg>
<arg>${json_data['results'][0]['location']['postcode']}</arg>
<doc>Fails if objects are unequal after converting them to real numbers.</doc>
<status status="PASS" start="2024-06-19T10:16:47.627538" elapsed="0.000630"/>
</kw>
<kw name="Log" owner="BuiltIn">
<msg time="2024-06-19T10:16:47.628732" level="INFO">61338</msg>
<arg>${json_data['results'][0]['location']['postcode']}</arg>
<doc>Logs the given message with the given level.</doc>
<status status="PASS" start="2024-06-19T10:16:47.628391" elapsed="0.000381"/>
</kw>
<status status="PASS" start="2024-06-19T10:16:47.520303" elapsed="0.108724"/>
</kw>
<doc>Testa se os tipos de dados na resposta da API estão corretos.</doc>
<tag>testeTiposDados</tag>
<status status="PASS" start="2024-06-19T10:16:47.368255" elapsed="0.260940"/>
</test>
<test id="s1-s1-t5" name="Validar conteudo" line="35">
<kw name="Teste de Tipos de Conteudo" owner="random-user-service">
<kw name="GET On Session" owner="RequestsLibrary">
<msg time="2024-06-19T10:16:47.789198" level="INFO">GET Request : url=https://randomuser.me/api 
 path_url=/api 
 headers={'User-Agent': 'python-requests/2.32.3', 'Accept-Encoding': 'gzip, deflate', 'Accept': '*/*', 'Connection': 'keep-alive'} 
 body=None 
 </msg>
<msg time="2024-06-19T10:16:47.789309" level="INFO">GET Response : url=https://randomuser.me/api 
 status=200, reason=OK 
 headers={'Date': 'Wed, 19 Jun 2024 10:16:47 GMT', 'Content-Type': 'application/json; charset=utf-8', 'Transfer-Encoding': 'chunked', 'Connection': 'keep-alive', 'X-Powered-By': 'Express', 'Access-Control-Allow-Origin': '*', 'Cache-Control': 'no-cache', 'ETag': 'W/"483-LttbCI9q/X/pIDSZAzuHSULJp5U"', 'Vary': 'Accept-Encoding', 'Content-Encoding': 'gzip', 'CF-Cache-Status': 'DYNAMIC', 'Report-To': '{"endpoints":[{"url":"https:\\/\\/a.nel.cloudflare.com\\/report\\/v4?s=lALHs%2FyWzP1VuXpaUZxJGBUgN8pNjSeiyfMPBsJQuOmCcwpDSPCkdJ%2BvkP8ujwfRkn%2BFr1mAKWsMBqSD3%2FKgbGmK1Whnq3d9Td3gZOY37VYXkfXoxv1FdKc4ncJGF2eU"}],"group":"cf-nel","max_age":604800}', 'NEL': '{"success_fraction":0,"report_to":"cf-nel","max_age":604800}', 'Server': 'cloudflare', 'CF-RAY': '8962c401bfb514da-LAX', 'alt-svc': 'h3=":443"; ma=86400'} 
 body={"results":[{"gender":"male","name":{"title":"Mr","first":"Frederik","last":"Pedersen"},"location":{"street":{"number":7289,"name":"Kirkevænget"},"city":"Nr Åby","state":"Syddanmark","country":"Denmark","postcode":48868,"coordinates":{"latitude":"-43.6675","longitude":"-23.2945"},"timezone":{"offset":"+2:00","description":"Kaliningrad, South Africa"}},"email":"frederik.pedersen@example.com","login":{"uuid":"5b8b68e6-9d01-46b3-98c5-c9fc5ac0508c","username":"silverfrog781","password":"lespaul","salt":"KYafxUoL","md5":"23be46e0960f184636d739b282c60f46","sha1":"e3951e26c87c60006292b83892fae9d01ce0b464","sha256":"ec11aec7b6ea950eeb7be91bc362e7e86f698ab916335ee57321b5a2e409fec5"},"dob":{"date":"1978-04-01T20:10:41.940Z","age":46},"registered":{"date":"2021-03-20T07:38:54.076Z","age":3},"phone":"36703057","cell":"64736927","id":{"name":"CPR","value":"010478-6605"},"picture":{"large":"https://randomuser.me/api/portraits/men/78.jpg","medium":"https://randomuser.me/api/portraits/med/men/78.jpg","thumbnail":"https://randomuser.me/api/portraits/thumb/men/78.jpg"},"nat":"DK"}],"info":{"seed":"35fd23f543be8795","results":1,"page":1,"version":"1.4"}} 
 </msg>
<msg time="2024-06-19T10:16:47.789390" level="INFO">/opt/hostedtoolcache/Python/3.12.3/x64/lib/python3.12/site-packages/urllib3/connectionpool.py:1099: InsecureRequestWarning: Unverified HTTPS request is being made to host 'randomuser.me'. Adding certificate verification is strongly advised. See: https://urllib3.readthedocs.io/en/latest/advanced-usage.html#tls-warnings
  warnings.warn(</msg>
<msg time="2024-06-19T10:16:47.789532" level="INFO">${response} = &lt;Response [200]&gt;</msg>
<var>${response}</var>
<arg>consultarAPI</arg>
<arg>/api</arg>
<doc>Sends a GET request on a previously created HTTP Session.</doc>
<status status="PASS" start="2024-06-19T10:16:47.632155" elapsed="0.157461"/>
</kw>
<kw name="Set Variable" owner="BuiltIn">
<msg time="2024-06-19T10:16:47.790662" level="INFO">${json_data} = {'results': [{'gender': 'male', 'name': {'title': 'Mr', 'first': 'Frederik', 'last': 'Pedersen'}, 'location': {'street': {'number': 7289, 'name': 'Kirkevænget'}, 'city': 'Nr Åby', 'state': 'Syddanmark...</msg>
<var>${json_data}</var>
<arg>${response.json()}</arg>
<doc>Returns the given values which can then be assigned to a variables.</doc>
<status status="PASS" start="2024-06-19T10:16:47.790134" elapsed="0.000559"/>
</kw>
<kw name="Set Variable" owner="BuiltIn">
<msg time="2024-06-19T10:16:47.791392" level="INFO">${name_title} = Mr</msg>
<var>${name_title}</var>
<arg>${json_data["results"][0]["name"]["title"]}</arg>
<doc>Returns the given values which can then be assigned to a variables.</doc>
<status status="PASS" start="2024-06-19T10:16:47.791008" elapsed="0.000409"/>
</kw>
<kw name="Create List" owner="BuiltIn">
<msg time="2024-06-19T10:16:47.791871" level="INFO">${allowed_titles} = ['Mr', 'Ms', 'Miss', 'Mrs', 'Madame', 'Monsieur']</msg>
<var>${allowed_titles}</var>
<arg>Mr</arg>
<arg>Ms</arg>
<arg>Miss</arg>
<arg>Mrs</arg>
<arg>Madame</arg>
<arg>Monsieur</arg>
<doc>Returns a list containing given items.</doc>
<status status="PASS" start="2024-06-19T10:16:47.791721" elapsed="0.000174"/>
</kw>
<kw name="List Should Contain Value" owner="Collections">
<arg>${allowed_titles}</arg>
<arg>${name_title}</arg>
<doc>Fails if the ``value`` is not found from ``list``.</doc>
<status status="PASS" start="2024-06-19T10:16:47.792193" elapsed="0.000175"/>
</kw>
<kw name="Set Variable" owner="BuiltIn">
<msg time="2024-06-19T10:16:47.792924" level="INFO">${name_country} = DK</msg>
<var>${name_country}</var>
<arg>${json_data["results"][0]["nat"]}</arg>
<doc>Returns the given values which can then be assigned to a variables.</doc>
<status status="PASS" start="2024-06-19T10:16:47.792548" elapsed="0.000401"/>
</kw>
<kw name="Create List" owner="BuiltIn">
<msg time="2024-06-19T10:16:47.793870" level="INFO">${list_country} = ['AD', 'AE', 'AF', 'AG', 'AI', 'AL', 'AM', 'AO', 'AQ', 'AR', 'AS', 'AT', 'AU', 'AW', 'AX', 'AZ', 'BA', 'BB', 'BD', 'BE', 'BF', 'BG', 'BH', 'BI', 'BJ', 'BL', 'BM', 'BN', 'BO', 'BQ', 'BR', 'BS', 'BT', '...</msg>
<var>${list_country}</var>
<arg>AD</arg>
<arg>AE</arg>
<arg>AF</arg>
<arg>AG</arg>
<arg>AI</arg>
<arg>AL</arg>
<arg>AM</arg>
<arg>AO</arg>
<arg>AQ</arg>
<arg>AR</arg>
<arg>AS</arg>
<arg>AT</arg>
<arg>AU</arg>
<arg>AW</arg>
<arg>AX</arg>
<arg>AZ</arg>
<arg>BA</arg>
<arg>BB</arg>
<arg>BD</arg>
<arg>BE</arg>
<arg>BF</arg>
<arg>BG</arg>
<arg>BH</arg>
<arg>BI</arg>
<arg>BJ</arg>
<arg>BL</arg>
<arg>BM</arg>
<arg>BN</arg>
<arg>BO</arg>
<arg>BQ</arg>
<arg>BR</arg>
<arg>BS</arg>
<arg>BT</arg>
<arg>BV</arg>
<arg>BW</arg>
<arg>BY</arg>
<arg>BZ</arg>
<arg>CA</arg>
<arg>CC</arg>
<arg>CD</arg>
<arg>CF</arg>
<arg>CG</arg>
<arg>CH</arg>
<arg>CI</arg>
<arg>CK</arg>
<arg>CL</arg>
<arg>CM</arg>
<arg>CN</arg>
<arg>CO</arg>
<arg>CR</arg>
<arg>CU</arg>
<arg>CV</arg>
<arg>CW</arg>
<arg>CX</arg>
<arg>CY</arg>
<arg>CZ</arg>
<arg>DE</arg>
<arg>DJ</arg>
<arg>DK</arg>
<arg>DM</arg>
<arg>DO</arg>
<arg>DZ</arg>
<arg>EC</arg>
<arg>EE</arg>
<arg>EG</arg>
<arg>EH</arg>
<arg>ER</arg>
<arg>ES</arg>
<arg>ET</arg>
<arg>FI</arg>
<arg>FJ</arg>
<arg>FK</arg>
<arg>FM</arg>
<arg>FO</arg>
<arg>FR</arg>
<arg>GA</arg>
<arg>GB</arg>
<arg>GD</arg>
<arg>GE</arg>
<arg>GF</arg>
<arg>GG</arg>
<arg>GH</arg>
<arg>GI</arg>
<arg>GL</arg>
<arg>GM</arg>
<arg>GN</arg>
<arg>GP</arg>
<arg>GQ</arg>
<arg>GR</arg>
<arg>GS</arg>
<arg>GT</arg>
<arg>GU</arg>
<arg>GW</arg>
<arg>GY</arg>
<arg>HK</arg>
<arg>HM</arg>
<arg>HN</arg>
<arg>HR</arg>
<arg>HT</arg>
<arg>HU</arg>
<arg>ID</arg>
<arg>IE</arg>
<arg>IL</arg>
<arg>IM</arg>
<arg>IN</arg>
<arg>IO</arg>
<arg>IQ</arg>
<arg>IR</arg>
<arg>IS</arg>
<arg>IT</arg>
<arg>JE</arg>
<arg>JM</arg>
<arg>JO</arg>
<arg>JP</arg>
<arg>KE</arg>
<arg>KG</arg>
<arg>KH</arg>
<arg>KI</arg>
<arg>KM</arg>
<arg>KN</arg>
<arg>KP</arg>
<arg>KR</arg>
<arg>KW</arg>
<arg>KY</arg>
<arg>KZ</arg>
<arg>LA</arg>
<arg>LB</arg>
<arg>LC</arg>
<arg>LI</arg>
<arg>LK</arg>
<arg>LR</arg>
<arg>LS</arg>
<arg>LT</arg>
<arg>LU</arg>
<arg>LV</arg>
<arg>LY</arg>
<arg>MA</arg>
<arg>MC</arg>
<arg>MD</arg>
<arg>ME</arg>
<arg>MF</arg>
<arg>MG</arg>
<arg>MH</arg>
<arg>MK</arg>
<arg>ML</arg>
<arg>MM</arg>
<arg>MN</arg>
<arg>MO</arg>
<arg>MP</arg>
<arg>MQ</arg>
<arg>MR</arg>
<arg>MS</arg>
<arg>MT</arg>
<arg>MU</arg>
<arg>MV</arg>
<arg>MW</arg>
<arg>MX</arg>
<arg>MY</arg>
<arg>MZ</arg>
<arg>NA</arg>
<arg>NC</arg>
<arg>NE</arg>
<arg>NF</arg>
<arg>NG</arg>
<arg>NI</arg>
<arg>NL</arg>
<arg>NO</arg>
<arg>NP</arg>
<arg>NR</arg>
<arg>NU</arg>
<arg>NZ</arg>
<arg>OM</arg>
<arg>PA</arg>
<arg>PE</arg>
<arg>PF</arg>
<arg>PG</arg>
<arg>PH</arg>
<arg>PK</arg>
<arg>PL</arg>
<arg>PM</arg>
<arg>PN</arg>
<arg>PR</arg>
<arg>PS</arg>
<arg>PT</arg>
<arg>PW</arg>
<arg>PY</arg>
<arg>QA</arg>
<arg>RE</arg>
<arg>RO</arg>
<arg>RS</arg>
<arg>RU</arg>
<arg>RW</arg>
<arg>SA</arg>
<arg>SB</arg>
<arg>SC</arg>
<arg>SD</arg>
<arg>SE</arg>
<arg>SG</arg>
<arg>SH</arg>
<arg>SI</arg>
<arg>SJ</arg>
<arg>SK</arg>
<arg>SL</arg>
<arg>SM</arg>
<arg>SN</arg>
<arg>SO</arg>
<arg>SR</arg>
<arg>SS</arg>
<arg>ST</arg>
<arg>SV</arg>
<arg>SX</arg>
<arg>SY</arg>
<arg>SZ</arg>
<arg>TC</arg>
<arg>TD</arg>
<arg>TF</arg>
<arg>TG</arg>
<arg>TH</arg>
<arg>TJ</arg>
<arg>TK</arg>
<arg>TL</arg>
<arg>TM</arg>
<arg>TN</arg>
<arg>TO</arg>
<arg>TR</arg>
<arg>TT</arg>
<arg>TV</arg>
<arg>TW</arg>
<arg>TZ</arg>
<arg>UA</arg>
<arg>UG</arg>
<arg>UM</arg>
<arg>US</arg>
<arg>UY</arg>
<arg>UZ</arg>
<arg>VA</arg>
<arg>VC</arg>
<arg>VE</arg>
<arg>VG</arg>
<arg>VI</arg>
<arg>VN</arg>
<arg>VU</arg>
<arg>WF</arg>
<arg>WS</arg>
<arg>XK</arg>
<arg>YE</arg>
<arg>YT</arg>
<arg>ZA</arg>
<arg>ZM</arg>
<arg>ZW</arg>
<doc>Returns a list containing given items.</doc>
<status status="PASS" start="2024-06-19T10:16:47.793237" elapsed="0.000659"/>
</kw>
<kw name="List Should Contain Value" owner="Collections">
<arg>${list_country}</arg>
<arg>${name_country}</arg>
<doc>Fails if the ``value`` is not found from ``list``.</doc>
<status status="PASS" start="2024-06-19T10:16:47.794695" elapsed="0.000203"/>
</kw>
<kw name="Run Keyword If" owner="BuiltIn">
<kw name="Should Be True" owner="BuiltIn">
<arg>${True}</arg>
<doc>Fails if the given condition is not true.</doc>
<status status="PASS" start="2024-06-19T10:16:47.795965" elapsed="0.000143"/>
</kw>
<arg>${json_data["results"][0]["location"]["coordinates"]["latitude"]} &gt;= -90 and ${json_data["results"][0]["location"]["coordinates"]["latitude"]} &lt;= 90</arg>
<arg>Should Be True</arg>
<arg>${True}</arg>
<doc>Runs the given keyword with the given arguments, if ``condition`` is true.</doc>
<status status="PASS" start="2024-06-19T10:16:47.795095" elapsed="0.001138"/>
</kw>
<kw name="Run Keyword If" owner="BuiltIn">
<kw name="Should Be True" owner="BuiltIn">
<arg>${True}</arg>
<doc>Fails if the given condition is not true.</doc>
<status status="PASS" start="2024-06-19T10:16:47.797097" elapsed="0.000138"/>
</kw>
<arg>${json_data["results"][0]["location"]["coordinates"]["longitude"]} &gt;= -180 and ${json_data["results"][0]["location"]["coordinates"]["longitude"]} &lt;= 180</arg>
<arg>Should Be True</arg>
<arg>${True}</arg>
<doc>Runs the given keyword with the given arguments, if ``condition`` is true.</doc>
<status status="PASS" start="2024-06-19T10:16:47.796415" elapsed="0.000943"/>
</kw>
<status status="PASS" start="2024-06-19T10:16:47.631782" elapsed="0.165706"/>
</kw>
<doc>Testa o conteúdo específico dos campos retornados pela API.</doc>
<tag>testeConteudo</tag>
<status status="PASS" start="2024-06-19T10:16:47.631091" elapsed="0.166577"/>
</test>
<status status="PASS" start="2024-06-19T10:16:46.577273" elapsed="1.222312"/>
</suite>
<status status="PASS" start="2024-06-19T10:16:46.563636" elapsed="1.240985"/>
</suite>
<statistics>
<total>
<stat pass="5" fail="0" skip="0">All Tests</stat>
</total>
<tag>
<stat pass="1" fail="0" skip="0">testeConteudo</stat>
<stat pass="1" fail="0" skip="0">testeEstruturaResposta</stat>
<stat pass="1" fail="0" skip="0">testeRequisicaoBasica</stat>
<stat pass="1" fail="0" skip="0">testeTiposDados</stat>
</tag>
<suite>
<stat pass="5" fail="0" skip="0" id="s1" name="Tests">Tests</stat>
<stat pass="5" fail="0" skip="0" id="s1-s1" name="Random-User-Test">Tests.Random-User-Test</stat>
</suite>
</statistics>
<errors>
</errors>
</robot>
