<?xml version="1.0" encoding="UTF-8"?>
<robot generator="Robot 7.0 (Python 3.12.2 on linux)" generated="2024-04-11T19:11:19.759968" rpa="false" schemaversion="5">
<suite id="s1" name="Tests" source="/home/runner/work/DesafioQAItauRogerioJordao/DesafioQAItauRogerioJordao/RamdonUser/tests">
<suite id="s1-s1" name="Random-User-Test" source="/home/runner/work/DesafioQAItauRogerioJordao/DesafioQAItauRogerioJordao/RamdonUser/tests/random-user-test.robot">
<test id="s1-s1-t1" name="Conectar" line="13">
<kw name="Conectar API" owner="random-user-service">
<kw name="Create Session" owner="RequestsLibrary">
<msg time="2024-04-11T19:11:20.117745" level="INFO">Creating Session using : alias=consultarAPI, url=https://randomuser.me/, headers={},                     cookies={}, auth=None, timeout=None, proxies=None, verify=False,                     debug=0 </msg>
<arg>consultarAPI</arg>
<arg>${URL}</arg>
<doc>Create Session: create a HTTP session to a server</doc>
<status status="PASS" start="2024-04-11T19:11:20.117534" elapsed="0.000375"/>
</kw>
<status status="PASS" start="2024-04-11T19:11:20.116497" elapsed="0.001764"/>
</kw>
<status status="PASS" start="2024-04-11T19:11:20.115902" elapsed="0.002563"/>
</test>
<test id="s1-s1-t2" name="Validar retorno 200 e JSON Válido" line="16">
<kw name="Teste de Requisicao Basica" owner="random-user-service">
<kw name="GET On Session" owner="RequestsLibrary">
<msg time="2024-04-11T19:11:20.345103" level="INFO">GET Request : url=https://randomuser.me/api 
 path_url=/api 
 headers={'User-Agent': 'python-requests/2.31.0', 'Accept-Encoding': 'gzip, deflate', 'Accept': '*/*', 'Connection': 'keep-alive'} 
 body=None 
 </msg>
<msg time="2024-04-11T19:11:20.345252" level="INFO">GET Response : url=https://randomuser.me/api 
 status=200, reason=OK 
 headers={'Date': 'Thu, 11 Apr 2024 19:11:20 GMT', 'Content-Type': 'application/json; charset=utf-8', 'Transfer-Encoding': 'chunked', 'Connection': 'keep-alive', 'X-Powered-By': 'Express', 'Access-Control-Allow-Origin': '*', 'Cache-Control': 'no-cache', 'ETag': 'W/"480-qEG1jxl2QQG2fXPg58+xzbBNfgU"', 'Vary': 'Accept-Encoding', 'Content-Encoding': 'gzip', 'CF-Cache-Status': 'DYNAMIC', 'Report-To': '{"endpoints":[{"url":"https:\\/\\/a.nel.cloudflare.com\\/report\\/v4?s=4xwOKPRzdfNANGlbg8vYeuz4LZsV4IuijsifmCIqxPrTmle3DIMiOEHZmkOTvIgSNAS414Xq2lCr6ePsbnIlgBCLfgj65Jrh7NIAoiyG1VLyIBFZZCE%2Fu1zrt%2BdX0j38"}],"group":"cf-nel","max_age":604800}', 'NEL': '{"success_fraction":0,"report_to":"cf-nel","max_age":604800}', 'Server': 'cloudflare', 'CF-RAY': '872d4827899067d1-SJC', 'alt-svc': 'h3=":443"; ma=86400'} 
 body={"results":[{"gender":"female","name":{"title":"Ms","first":"Molly","last":"Wright"},"location":{"street":{"number":9227,"name":"Clyde Street"},"city":"Upper Hutt","state":"Waikato","country":"New Zealand","postcode":17463,"coordinates":{"latitude":"55.5965","longitude":"73.4457"},"timezone":{"offset":"+2:00","description":"Kaliningrad, South Africa"}},"email":"molly.wright@example.com","login":{"uuid":"bfd8e2dd-1e8f-4f86-9606-e0b85fb20e9b","username":"happyswan152","password":"1948","salt":"6F88GxtA","md5":"987c35bc36d4788bcfe48d3831a8df53","sha1":"11da3a9192d8075825be4d2acfafd6376453f390","sha256":"9549ff065016842676c00ec15514a6940dadcaa401dcddfa96761781ed3c0020"},"dob":{"date":"1986-05-25T09:07:07.543Z","age":37},"registered":{"date":"2012-06-28T16:23:37.755Z","age":11},"phone":"(971)-095-6763","cell":"(175)-609-6997","id":{"name":"","value":null},"picture":{"large":"https://randomuser.me/api/portraits/women/36.jpg","medium":"https://randomuser.me/api/portraits/med/women/36.jpg","thumbnail":"https://randomuser.me/api/portraits/thumb/women/36.jpg"},"nat":"NZ"}],"info":{"seed":"2da72097a4f2153f","results":1,"page":1,"version":"1.4"}} 
 </msg>
<msg time="2024-04-11T19:11:20.345340" level="INFO">/opt/hostedtoolcache/Python/3.12.2/x64/lib/python3.12/site-packages/urllib3/connectionpool.py:1103: InsecureRequestWarning: Unverified HTTPS request is being made to host 'randomuser.me'. Adding certificate verification is strongly advised. See: https://urllib3.readthedocs.io/en/latest/advanced-usage.html#tls-warnings
  warnings.warn(</msg>
<msg time="2024-04-11T19:11:20.345534" level="INFO">${response} = &lt;Response [200]&gt;</msg>
<var>${response}</var>
<arg>consultarAPI</arg>
<arg>/api</arg>
<doc>Sends a GET request on a previously created HTTP Session.</doc>
<status status="PASS" start="2024-04-11T19:11:20.121088" elapsed="0.224489"/>
</kw>
<kw name="Should Be Equal As Numbers" owner="BuiltIn">
<msg time="2024-04-11T19:11:20.346510" level="INFO">Argument types are:
&lt;class 'int'&gt;
&lt;class 'str'&gt;</msg>
<arg>${response.status_code}</arg>
<arg>200</arg>
<doc>Fails if objects are unequal after converting them to real numbers.</doc>
<status status="PASS" start="2024-04-11T19:11:20.346065" elapsed="0.000511"/>
</kw>
<kw name="Log" owner="BuiltIn">
<msg time="2024-04-11T19:11:20.347267" level="INFO">200</msg>
<arg>${response.status_code}</arg>
<doc>Logs the given message with the given level.</doc>
<status status="PASS" start="2024-04-11T19:11:20.346907" elapsed="0.000404"/>
</kw>
<kw name="Set Variable" owner="BuiltIn">
<msg time="2024-04-11T19:11:20.348076" level="INFO">${json_data} = {'results': [{'gender': 'female', 'name': {'title': 'Ms', 'first': 'Molly', 'last': 'Wright'}, 'location': {'street': {'number': 9227, 'name': 'Clyde Street'}, 'city': 'Upper Hutt', 'state': 'Waikato'...</msg>
<var>${json_data}</var>
<arg>${response.json()}</arg>
<doc>Returns the given values which can then be assigned to a variables.</doc>
<status status="PASS" start="2024-04-11T19:11:20.347634" elapsed="0.000470"/>
</kw>
<kw name="Dictionary Should Contain Key" owner="Collections">
<msg time="2024-04-11T19:11:20.348578" level="INFO">False</msg>
<arg>${json_data}</arg>
<arg>results</arg>
<doc>Fails if ``key`` is not found from ``dictionary``.</doc>
<status status="PASS" start="2024-04-11T19:11:20.348410" elapsed="0.000208"/>
</kw>
<status status="PASS" start="2024-04-11T19:11:20.120840" elapsed="0.228037"/>
</kw>
<doc>Testa se a API responde corretamente e retorna um objeto JSON válido.</doc>
<tag>testeRequisicaoBasica</tag>
<status status="PASS" start="2024-04-11T19:11:20.120321" elapsed="0.228741"/>
</test>
<test id="s1-s1-t3" name="Validar estrutura de resposta" line="22">
<kw name="Teste de Estrutura de Resposta" owner="random-user-service">
<kw name="GET On Session" owner="RequestsLibrary">
<msg time="2024-04-11T19:11:20.449955" level="INFO">GET Request : url=https://randomuser.me/api 
 path_url=/api 
 headers={'User-Agent': 'python-requests/2.31.0', 'Accept-Encoding': 'gzip, deflate', 'Accept': '*/*', 'Connection': 'keep-alive'} 
 body=None 
 </msg>
<msg time="2024-04-11T19:11:20.450035" level="INFO">GET Response : url=https://randomuser.me/api 
 status=200, reason=OK 
 headers={'Date': 'Thu, 11 Apr 2024 19:11:20 GMT', 'Content-Type': 'application/json; charset=utf-8', 'Transfer-Encoding': 'chunked', 'Connection': 'keep-alive', 'X-Powered-By': 'Express', 'Access-Control-Allow-Origin': '*', 'Cache-Control': 'no-cache', 'ETag': 'W/"48b-0d2aKKnVuqCjTm0aXfUN4ckQAJM"', 'Vary': 'Accept-Encoding', 'Content-Encoding': 'gzip', 'CF-Cache-Status': 'DYNAMIC', 'Report-To': '{"endpoints":[{"url":"https:\\/\\/a.nel.cloudflare.com\\/report\\/v4?s=he4LikFmKI8GpaMRYBGQzYTXhHHhUpdiikGoquKQzevPArUWt97U3zYkbY6C3y9ZxCUdwy3Hb2Fd3h%2Bx%2FyYNHrkx34KxCgfYsGOBEZt8ngLPw0taLCNR0EOK9qnRnVFz"}],"group":"cf-nel","max_age":604800}', 'NEL': '{"success_fraction":0,"report_to":"cf-nel","max_age":604800}', 'Server': 'cloudflare', 'CF-RAY': '872d48283a2267d1-SJC', 'alt-svc': 'h3=":443"; ma=86400'} 
 body={"results":[{"gender":"female","name":{"title":"Mrs","first":"Emanuela","last":"Schop"},"location":{"street":{"number":4331,"name":"It Aldlan"},"city":"Maarn","state":"Drenthe","country":"Netherlands","postcode":"9171 QQ","coordinates":{"latitude":"33.6064","longitude":"20.4750"},"timezone":{"offset":"-1:00","description":"Azores, Cape Verde Islands"}},"email":"emanuela.schop@example.com","login":{"uuid":"49666c80-c068-486b-b3af-3246ff3f4760","username":"whiteduck239","password":"ninja1","salt":"azFHAT7n","md5":"4823a7bba295c246869b68d671bb010d","sha1":"2e2e1725eba39bc3f3e02fb5b80663648938cb01","sha256":"f4a1b8418f68267ec0ed9230ae3cc7afab645027bde38cc837adb1ff7d4c7481"},"dob":{"date":"1960-07-28T00:28:24.761Z","age":63},"registered":{"date":"2010-12-09T23:22:14.835Z","age":13},"phone":"(0634) 311603","cell":"(06) 89934057","id":{"name":"BSN","value":"70644329"},"picture":{"large":"https://randomuser.me/api/portraits/women/95.jpg","medium":"https://randomuser.me/api/portraits/med/women/95.jpg","thumbnail":"https://randomuser.me/api/portraits/thumb/women/95.jpg"},"nat":"NL"}],"info":{"seed":"58e1cad7172a7816","results":1,"page":1,"version":"1.4"}} 
 </msg>
<msg time="2024-04-11T19:11:20.450150" level="INFO">/opt/hostedtoolcache/Python/3.12.2/x64/lib/python3.12/site-packages/urllib3/connectionpool.py:1103: InsecureRequestWarning: Unverified HTTPS request is being made to host 'randomuser.me'. Adding certificate verification is strongly advised. See: https://urllib3.readthedocs.io/en/latest/advanced-usage.html#tls-warnings
  warnings.warn(</msg>
<msg time="2024-04-11T19:11:20.450265" level="INFO">${response} = &lt;Response [200]&gt;</msg>
<var>${response}</var>
<arg>consultarAPI</arg>
<arg>/api</arg>
<doc>Sends a GET request on a previously created HTTP Session.</doc>
<status status="PASS" start="2024-04-11T19:11:20.351844" elapsed="0.098463"/>
</kw>
<kw name="Set Variable" owner="BuiltIn">
<msg time="2024-04-11T19:11:20.451126" level="INFO">${json_data} = {'results': [{'gender': 'female', 'name': {'title': 'Mrs', 'first': 'Emanuela', 'last': 'Schop'}, 'location': {'street': {'number': 4331, 'name': 'It Aldlan'}, 'city': 'Maarn', 'state': 'Drenthe', 'co...</msg>
<var>${json_data}</var>
<arg>${response.json()}</arg>
<doc>Returns the given values which can then be assigned to a variables.</doc>
<status status="PASS" start="2024-04-11T19:11:20.450666" elapsed="0.000489"/>
</kw>
<kw name="Log" owner="BuiltIn">
<msg time="2024-04-11T19:11:20.451698" level="INFO">{'results': [{'gender': 'female', 'name': {'title': 'Mrs', 'first': 'Emanuela', 'last': 'Schop'}, 'location': {'street': {'number': 4331, 'name': 'It Aldlan'}, 'city': 'Maarn', 'state': 'Drenthe', 'country': 'Netherlands', 'postcode': '9171 QQ', 'coordinates': {'latitude': '33.6064', 'longitude': '20.4750'}, 'timezone': {'offset': '-1:00', 'description': 'Azores, Cape Verde Islands'}}, 'email': 'emanuela.schop@example.com', 'login': {'uuid': '49666c80-c068-486b-b3af-3246ff3f4760', 'username': 'whiteduck239', 'password': 'ninja1', 'salt': 'azFHAT7n', 'md5': '4823a7bba295c246869b68d671bb010d', 'sha1': '2e2e1725eba39bc3f3e02fb5b80663648938cb01', 'sha256': 'f4a1b8418f68267ec0ed9230ae3cc7afab645027bde38cc837adb1ff7d4c7481'}, 'dob': {'date': '1960-07-28T00:28:24.761Z', 'age': 63}, 'registered': {'date': '2010-12-09T23:22:14.835Z', 'age': 13}, 'phone': '(0634) 311603', 'cell': '(06) 89934057', 'id': {'name': 'BSN', 'value': '70644329'}, 'picture': {'large': 'https://randomuser.me/api/portraits/women/95.jpg', 'medium': 'https://randomuser.me/api/portraits/med/women/95.jpg', 'thumbnail': 'https://randomuser.me/api/portraits/thumb/women/95.jpg'}, 'nat': 'NL'}], 'info': {'seed': '58e1cad7172a7816', 'results': 1, 'page': 1, 'version': '1.4'}}</msg>
<arg>${json_data}</arg>
<doc>Logs the given message with the given level.</doc>
<status status="PASS" start="2024-04-11T19:11:20.451496" elapsed="0.000253"/>
</kw>
<kw name="Dictionary Should Contain Key" owner="Collections">
<msg time="2024-04-11T19:11:20.452214" level="INFO">False</msg>
<arg>${json_data}</arg>
<arg>results</arg>
<doc>Fails if ``key`` is not found from ``dictionary``.</doc>
<status status="PASS" start="2024-04-11T19:11:20.452057" elapsed="0.000196"/>
</kw>
<kw name="Should Not Be Empty" owner="BuiltIn">
<msg time="2024-04-11T19:11:20.452687" level="INFO">Length is 2.</msg>
<arg>${json_data}</arg>
<doc>Verifies that the given item is not empty.</doc>
<status status="PASS" start="2024-04-11T19:11:20.452552" elapsed="0.000175"/>
</kw>
<kw name="Create List" owner="BuiltIn">
<msg time="2024-04-11T19:11:20.453176" level="INFO">${expected_keys} = ['gender', 'name', 'location', 'email', 'login']</msg>
<var>${expected_keys}</var>
<arg>gender</arg>
<arg>name</arg>
<arg>location</arg>
<arg>email</arg>
<arg>login</arg>
<doc>Returns a list containing given items.</doc>
<status status="PASS" start="2024-04-11T19:11:20.453025" elapsed="0.000175"/>
</kw>
<for flavor="IN">
<iter>
<kw name="Dictionary Should Contain Key" owner="Collections">
<msg time="2024-04-11T19:11:20.454217" level="INFO">False</msg>
<arg>${json_data['results'][0]}</arg>
<arg>${key}</arg>
<doc>Fails if ``key`` is not found from ``dictionary``.</doc>
<status status="PASS" start="2024-04-11T19:11:20.453804" elapsed="0.000454"/>
</kw>
<kw name="Log" owner="BuiltIn">
<msg time="2024-04-11T19:11:20.454945" level="INFO">{'gender': 'female', 'name': {'title': 'Mrs', 'first': 'Emanuela', 'last': 'Schop'}, 'location': {'street': {'number': 4331, 'name': 'It Aldlan'}, 'city': 'Maarn', 'state': 'Drenthe', 'country': 'Netherlands', 'postcode': '9171 QQ', 'coordinates': {'latitude': '33.6064', 'longitude': '20.4750'}, 'timezone': {'offset': '-1:00', 'description': 'Azores, Cape Verde Islands'}}, 'email': 'emanuela.schop@example.com', 'login': {'uuid': '49666c80-c068-486b-b3af-3246ff3f4760', 'username': 'whiteduck239', 'password': 'ninja1', 'salt': 'azFHAT7n', 'md5': '4823a7bba295c246869b68d671bb010d', 'sha1': '2e2e1725eba39bc3f3e02fb5b80663648938cb01', 'sha256': 'f4a1b8418f68267ec0ed9230ae3cc7afab645027bde38cc837adb1ff7d4c7481'}, 'dob': {'date': '1960-07-28T00:28:24.761Z', 'age': 63}, 'registered': {'date': '2010-12-09T23:22:14.835Z', 'age': 13}, 'phone': '(0634) 311603', 'cell': '(06) 89934057', 'id': {'name': 'BSN', 'value': '70644329'}, 'picture': {'large': 'https://randomuser.me/api/portraits/women/95.jpg', 'medium': 'https://randomuser.me/api/portraits/med/women/95.jpg', 'thumbnail': 'https://randomuser.me/api/portraits/thumb/women/95.jpg'}, 'nat': 'NL'}</msg>
<arg>${json_data['results'][0]}</arg>
<doc>Logs the given message with the given level.</doc>
<status status="PASS" start="2024-04-11T19:11:20.454571" elapsed="0.000423"/>
</kw>
<kw name="Log" owner="BuiltIn">
<msg time="2024-04-11T19:11:20.455428" level="INFO">gender</msg>
<arg>${key}</arg>
<doc>Logs the given message with the given level.</doc>
<status status="PASS" start="2024-04-11T19:11:20.455298" elapsed="0.000169"/>
</kw>
<var name="${key}">gender</var>
<status status="PASS" start="2024-04-11T19:11:20.453680" elapsed="0.002005"/>
</iter>
<iter>
<kw name="Dictionary Should Contain Key" owner="Collections">
<msg time="2024-04-11T19:11:20.456379" level="INFO">False</msg>
<arg>${json_data['results'][0]}</arg>
<arg>${key}</arg>
<doc>Fails if ``key`` is not found from ``dictionary``.</doc>
<status status="PASS" start="2024-04-11T19:11:20.455990" elapsed="0.000427"/>
</kw>
<kw name="Log" owner="BuiltIn">
<msg time="2024-04-11T19:11:20.457120" level="INFO">{'gender': 'female', 'name': {'title': 'Mrs', 'first': 'Emanuela', 'last': 'Schop'}, 'location': {'street': {'number': 4331, 'name': 'It Aldlan'}, 'city': 'Maarn', 'state': 'Drenthe', 'country': 'Netherlands', 'postcode': '9171 QQ', 'coordinates': {'latitude': '33.6064', 'longitude': '20.4750'}, 'timezone': {'offset': '-1:00', 'description': 'Azores, Cape Verde Islands'}}, 'email': 'emanuela.schop@example.com', 'login': {'uuid': '49666c80-c068-486b-b3af-3246ff3f4760', 'username': 'whiteduck239', 'password': 'ninja1', 'salt': 'azFHAT7n', 'md5': '4823a7bba295c246869b68d671bb010d', 'sha1': '2e2e1725eba39bc3f3e02fb5b80663648938cb01', 'sha256': 'f4a1b8418f68267ec0ed9230ae3cc7afab645027bde38cc837adb1ff7d4c7481'}, 'dob': {'date': '1960-07-28T00:28:24.761Z', 'age': 63}, 'registered': {'date': '2010-12-09T23:22:14.835Z', 'age': 13}, 'phone': '(0634) 311603', 'cell': '(06) 89934057', 'id': {'name': 'BSN', 'value': '70644329'}, 'picture': {'large': 'https://randomuser.me/api/portraits/women/95.jpg', 'medium': 'https://randomuser.me/api/portraits/med/women/95.jpg', 'thumbnail': 'https://randomuser.me/api/portraits/thumb/women/95.jpg'}, 'nat': 'NL'}</msg>
<arg>${json_data['results'][0]}</arg>
<doc>Logs the given message with the given level.</doc>
<status status="PASS" start="2024-04-11T19:11:20.456758" elapsed="0.000410"/>
</kw>
<kw name="Log" owner="BuiltIn">
<msg time="2024-04-11T19:11:20.457638" level="INFO">name</msg>
<arg>${key}</arg>
<doc>Logs the given message with the given level.</doc>
<status status="PASS" start="2024-04-11T19:11:20.457508" elapsed="0.000168"/>
</kw>
<var name="${key}">name</var>
<status status="PASS" start="2024-04-11T19:11:20.455875" elapsed="0.002020"/>
</iter>
<iter>
<kw name="Dictionary Should Contain Key" owner="Collections">
<msg time="2024-04-11T19:11:20.458566" level="INFO">False</msg>
<arg>${json_data['results'][0]}</arg>
<arg>${key}</arg>
<doc>Fails if ``key`` is not found from ``dictionary``.</doc>
<status status="PASS" start="2024-04-11T19:11:20.458186" elapsed="0.000418"/>
</kw>
<kw name="Log" owner="BuiltIn">
<msg time="2024-04-11T19:11:20.459268" level="INFO">{'gender': 'female', 'name': {'title': 'Mrs', 'first': 'Emanuela', 'last': 'Schop'}, 'location': {'street': {'number': 4331, 'name': 'It Aldlan'}, 'city': 'Maarn', 'state': 'Drenthe', 'country': 'Netherlands', 'postcode': '9171 QQ', 'coordinates': {'latitude': '33.6064', 'longitude': '20.4750'}, 'timezone': {'offset': '-1:00', 'description': 'Azores, Cape Verde Islands'}}, 'email': 'emanuela.schop@example.com', 'login': {'uuid': '49666c80-c068-486b-b3af-3246ff3f4760', 'username': 'whiteduck239', 'password': 'ninja1', 'salt': 'azFHAT7n', 'md5': '4823a7bba295c246869b68d671bb010d', 'sha1': '2e2e1725eba39bc3f3e02fb5b80663648938cb01', 'sha256': 'f4a1b8418f68267ec0ed9230ae3cc7afab645027bde38cc837adb1ff7d4c7481'}, 'dob': {'date': '1960-07-28T00:28:24.761Z', 'age': 63}, 'registered': {'date': '2010-12-09T23:22:14.835Z', 'age': 13}, 'phone': '(0634) 311603', 'cell': '(06) 89934057', 'id': {'name': 'BSN', 'value': '70644329'}, 'picture': {'large': 'https://randomuser.me/api/portraits/women/95.jpg', 'medium': 'https://randomuser.me/api/portraits/med/women/95.jpg', 'thumbnail': 'https://randomuser.me/api/portraits/thumb/women/95.jpg'}, 'nat': 'NL'}</msg>
<arg>${json_data['results'][0]}</arg>
<doc>Logs the given message with the given level.</doc>
<status status="PASS" start="2024-04-11T19:11:20.458904" elapsed="0.000417"/>
</kw>
<kw name="Log" owner="BuiltIn">
<msg time="2024-04-11T19:11:20.459741" level="INFO">location</msg>
<arg>${key}</arg>
<doc>Logs the given message with the given level.</doc>
<status status="PASS" start="2024-04-11T19:11:20.459615" elapsed="0.000164"/>
</kw>
<var name="${key}">location</var>
<status status="PASS" start="2024-04-11T19:11:20.458075" elapsed="0.001918"/>
</iter>
<iter>
<kw name="Dictionary Should Contain Key" owner="Collections">
<msg time="2024-04-11T19:11:20.460668" level="INFO">False</msg>
<arg>${json_data['results'][0]}</arg>
<arg>${key}</arg>
<doc>Fails if ``key`` is not found from ``dictionary``.</doc>
<status status="PASS" start="2024-04-11T19:11:20.460289" elapsed="0.000417"/>
</kw>
<kw name="Log" owner="BuiltIn">
<msg time="2024-04-11T19:11:20.461374" level="INFO">{'gender': 'female', 'name': {'title': 'Mrs', 'first': 'Emanuela', 'last': 'Schop'}, 'location': {'street': {'number': 4331, 'name': 'It Aldlan'}, 'city': 'Maarn', 'state': 'Drenthe', 'country': 'Netherlands', 'postcode': '9171 QQ', 'coordinates': {'latitude': '33.6064', 'longitude': '20.4750'}, 'timezone': {'offset': '-1:00', 'description': 'Azores, Cape Verde Islands'}}, 'email': 'emanuela.schop@example.com', 'login': {'uuid': '49666c80-c068-486b-b3af-3246ff3f4760', 'username': 'whiteduck239', 'password': 'ninja1', 'salt': 'azFHAT7n', 'md5': '4823a7bba295c246869b68d671bb010d', 'sha1': '2e2e1725eba39bc3f3e02fb5b80663648938cb01', 'sha256': 'f4a1b8418f68267ec0ed9230ae3cc7afab645027bde38cc837adb1ff7d4c7481'}, 'dob': {'date': '1960-07-28T00:28:24.761Z', 'age': 63}, 'registered': {'date': '2010-12-09T23:22:14.835Z', 'age': 13}, 'phone': '(0634) 311603', 'cell': '(06) 89934057', 'id': {'name': 'BSN', 'value': '70644329'}, 'picture': {'large': 'https://randomuser.me/api/portraits/women/95.jpg', 'medium': 'https://randomuser.me/api/portraits/med/women/95.jpg', 'thumbnail': 'https://randomuser.me/api/portraits/thumb/women/95.jpg'}, 'nat': 'NL'}</msg>
<arg>${json_data['results'][0]}</arg>
<doc>Logs the given message with the given level.</doc>
<status status="PASS" start="2024-04-11T19:11:20.461013" elapsed="0.000434"/>
</kw>
<kw name="Log" owner="BuiltIn">
<msg time="2024-04-11T19:11:20.461889" level="INFO">email</msg>
<arg>${key}</arg>
<doc>Logs the given message with the given level.</doc>
<status status="PASS" start="2024-04-11T19:11:20.461759" elapsed="0.000168"/>
</kw>
<var name="${key}">email</var>
<status status="PASS" start="2024-04-11T19:11:20.460178" elapsed="0.001967"/>
</iter>
<iter>
<kw name="Dictionary Should Contain Key" owner="Collections">
<msg time="2024-04-11T19:11:20.462839" level="INFO">False</msg>
<arg>${json_data['results'][0]}</arg>
<arg>${key}</arg>
<doc>Fails if ``key`` is not found from ``dictionary``.</doc>
<status status="PASS" start="2024-04-11T19:11:20.462453" elapsed="0.000423"/>
</kw>
<kw name="Log" owner="BuiltIn">
<msg time="2024-04-11T19:11:20.463536" level="INFO">{'gender': 'female', 'name': {'title': 'Mrs', 'first': 'Emanuela', 'last': 'Schop'}, 'location': {'street': {'number': 4331, 'name': 'It Aldlan'}, 'city': 'Maarn', 'state': 'Drenthe', 'country': 'Netherlands', 'postcode': '9171 QQ', 'coordinates': {'latitude': '33.6064', 'longitude': '20.4750'}, 'timezone': {'offset': '-1:00', 'description': 'Azores, Cape Verde Islands'}}, 'email': 'emanuela.schop@example.com', 'login': {'uuid': '49666c80-c068-486b-b3af-3246ff3f4760', 'username': 'whiteduck239', 'password': 'ninja1', 'salt': 'azFHAT7n', 'md5': '4823a7bba295c246869b68d671bb010d', 'sha1': '2e2e1725eba39bc3f3e02fb5b80663648938cb01', 'sha256': 'f4a1b8418f68267ec0ed9230ae3cc7afab645027bde38cc837adb1ff7d4c7481'}, 'dob': {'date': '1960-07-28T00:28:24.761Z', 'age': 63}, 'registered': {'date': '2010-12-09T23:22:14.835Z', 'age': 13}, 'phone': '(0634) 311603', 'cell': '(06) 89934057', 'id': {'name': 'BSN', 'value': '70644329'}, 'picture': {'large': 'https://randomuser.me/api/portraits/women/95.jpg', 'medium': 'https://randomuser.me/api/portraits/med/women/95.jpg', 'thumbnail': 'https://randomuser.me/api/portraits/thumb/women/95.jpg'}, 'nat': 'NL'}</msg>
<arg>${json_data['results'][0]}</arg>
<doc>Logs the given message with the given level.</doc>
<status status="PASS" start="2024-04-11T19:11:20.463173" elapsed="0.000410"/>
</kw>
<kw name="Log" owner="BuiltIn">
<msg time="2024-04-11T19:11:20.464016" level="INFO">login</msg>
<arg>${key}</arg>
<doc>Logs the given message with the given level.</doc>
<status status="PASS" start="2024-04-11T19:11:20.463882" elapsed="0.000173"/>
</kw>
<var name="${key}">login</var>
<status status="PASS" start="2024-04-11T19:11:20.462338" elapsed="0.001958"/>
</iter>
<var>${key}</var>
<value>@{expected_keys}</value>
<status status="PASS" start="2024-04-11T19:11:20.453484" elapsed="0.010939"/>
</for>
<kw name="Create List" owner="BuiltIn">
<msg time="2024-04-11T19:11:20.464758" level="INFO">${expected_keysTwo} = ['username', 'password']</msg>
<var>${expected_keysTwo}</var>
<arg>username</arg>
<arg>password</arg>
<doc>Returns a list containing given items.</doc>
<status status="PASS" start="2024-04-11T19:11:20.464618" elapsed="0.000164"/>
</kw>
<for flavor="IN">
<iter>
<kw name="Dictionary Should Contain Key" owner="Collections">
<msg time="2024-04-11T19:11:20.465812" level="INFO">False</msg>
<arg>${json_data['results'][0]['login']}</arg>
<arg>${keyTwo}</arg>
<doc>Fails if ``key`` is not found from ``dictionary``.</doc>
<status status="PASS" start="2024-04-11T19:11:20.465414" elapsed="0.000437"/>
</kw>
<kw name="Dictionary Should Contain Key" owner="Collections">
<msg time="2024-04-11T19:11:20.466530" level="INFO">False</msg>
<arg>${json_data['results'][0]['login']}</arg>
<arg>${keyTwo}</arg>
<doc>Fails if ``key`` is not found from ``dictionary``.</doc>
<status status="PASS" start="2024-04-11T19:11:20.466149" elapsed="0.000420"/>
</kw>
<kw name="Log" owner="BuiltIn">
<msg time="2024-04-11T19:11:20.466995" level="INFO">username</msg>
<arg>${keyTwo}</arg>
<doc>Logs the given message with the given level.</doc>
<status status="PASS" start="2024-04-11T19:11:20.466867" elapsed="0.000165"/>
</kw>
<var name="${keyTwo}">username</var>
<status status="PASS" start="2024-04-11T19:11:20.465276" elapsed="0.001970"/>
</iter>
<iter>
<kw name="Dictionary Should Contain Key" owner="Collections">
<msg time="2024-04-11T19:11:20.467903" level="INFO">False</msg>
<arg>${json_data['results'][0]['login']}</arg>
<arg>${keyTwo}</arg>
<doc>Fails if ``key`` is not found from ``dictionary``.</doc>
<status status="PASS" start="2024-04-11T19:11:20.467528" elapsed="0.000413"/>
</kw>
<kw name="Dictionary Should Contain Key" owner="Collections">
<msg time="2024-04-11T19:11:20.468861" level="INFO">False</msg>
<arg>${json_data['results'][0]['login']}</arg>
<arg>${keyTwo}</arg>
<doc>Fails if ``key`` is not found from ``dictionary``.</doc>
<status status="PASS" start="2024-04-11T19:11:20.468241" elapsed="0.000688"/>
</kw>
<kw name="Log" owner="BuiltIn">
<msg time="2024-04-11T19:11:20.469685" level="INFO">password</msg>
<arg>${keyTwo}</arg>
<doc>Logs the given message with the given level.</doc>
<status status="PASS" start="2024-04-11T19:11:20.469466" elapsed="0.000289"/>
</kw>
<var name="${keyTwo}">password</var>
<status status="PASS" start="2024-04-11T19:11:20.467420" elapsed="0.002700"/>
</iter>
<var>${keyTwo}</var>
<value>@{expected_keysTwo}</value>
<status status="PASS" start="2024-04-11T19:11:20.465021" elapsed="0.005301"/>
</for>
<status status="PASS" start="2024-04-11T19:11:20.351607" elapsed="0.118942"/>
</kw>
<doc>Testa a estrutura da resposta da API.</doc>
<tag>testeEstruturaResposta</tag>
<status status="PASS" start="2024-04-11T19:11:20.350965" elapsed="0.119831"/>
</test>
<test id="s1-s1-t4" name="Validar tipos de dados" line="28">
<kw name="Teste de Tipos de Dados" owner="random-user-service">
<kw name="GET On Session" owner="RequestsLibrary">
<msg time="2024-04-11T19:11:20.581759" level="INFO">GET Request : url=https://randomuser.me/api 
 path_url=/api 
 headers={'User-Agent': 'python-requests/2.31.0', 'Accept-Encoding': 'gzip, deflate', 'Accept': '*/*', 'Connection': 'keep-alive'} 
 body=None 
 </msg>
<msg time="2024-04-11T19:11:20.581839" level="INFO">GET Response : url=https://randomuser.me/api 
 status=200, reason=OK 
 headers={'Date': 'Thu, 11 Apr 2024 19:11:20 GMT', 'Content-Type': 'application/json; charset=utf-8', 'Transfer-Encoding': 'chunked', 'Connection': 'keep-alive', 'X-Powered-By': 'Express', 'Access-Control-Allow-Origin': '*', 'Cache-Control': 'no-cache', 'ETag': 'W/"492-c+Ohtl3HFMkyaWm3Ad5G2lyQ+OE"', 'Vary': 'Accept-Encoding', 'Content-Encoding': 'gzip', 'CF-Cache-Status': 'DYNAMIC', 'Report-To': '{"endpoints":[{"url":"https:\\/\\/a.nel.cloudflare.com\\/report\\/v4?s=HMoZwQjmnhiz7gD378UvcSjL4DXJ9yhY%2F2K0P%2FNt0rZ98hkDhMBhijZQ6%2F2iUM3SJmLwyWUvVELNhkyN2Xh2bi3FrEKW276pVRZ7fxYMjyFbtkBq4J%2BiqijbvmKntHF7"}],"group":"cf-nel","max_age":604800}', 'NEL': '{"success_fraction":0,"report_to":"cf-nel","max_age":604800}', 'Server': 'cloudflare', 'CF-RAY': '872d4828faf267d1-SJC', 'alt-svc': 'h3=":443"; ma=86400'} 
 body={"results":[{"gender":"male","name":{"title":"Mr","first":"Danial","last":"Vikene"},"location":{"street":{"number":9425,"name":"Veksthusfløtten"},"city":"Fredrikstad","state":"Hedmark","country":"Norway","postcode":"4001","coordinates":{"latitude":"40.5105","longitude":"-77.6599"},"timezone":{"offset":"0:00","description":"Western Europe Time, London, Lisbon, Casablanca"}},"email":"danial.vikene@example.com","login":{"uuid":"2e7fe348-91b4-4700-89d8-f421c8beca9a","username":"smallleopard959","password":"meadow","salt":"JfRqBadW","md5":"12ffbe6a71533622036e94ba191fae93","sha1":"ffb8db6d0e87c9628cdace0f073020c55e8e912c","sha256":"b82cb989dcc52ce2eb3a83297301b1b9d91854a1e8edc2f86778c403f49be7bc"},"dob":{"date":"1961-09-24T11:39:18.976Z","age":62},"registered":{"date":"2005-01-21T00:57:59.803Z","age":19},"phone":"75697656","cell":"95275158","id":{"name":"FN","value":"24096108709"},"picture":{"large":"https://randomuser.me/api/portraits/men/8.jpg","medium":"https://randomuser.me/api/portraits/med/men/8.jpg","thumbnail":"https://randomuser.me/api/portraits/thumb/men/8.jpg"},"nat":"NO"}],"info":{"seed":"b6bc09aaf8cbf5bb","results":1,"page":1,"version":"1.4"}} 
 </msg>
<msg time="2024-04-11T19:11:20.581912" level="INFO">/opt/hostedtoolcache/Python/3.12.2/x64/lib/python3.12/site-packages/urllib3/connectionpool.py:1103: InsecureRequestWarning: Unverified HTTPS request is being made to host 'randomuser.me'. Adding certificate verification is strongly advised. See: https://urllib3.readthedocs.io/en/latest/advanced-usage.html#tls-warnings
  warnings.warn(</msg>
<msg time="2024-04-11T19:11:20.582017" level="INFO">${response} = &lt;Response [200]&gt;</msg>
<var>${response}</var>
<arg>consultarAPI</arg>
<arg>/api</arg>
<doc>Sends a GET request on a previously created HTTP Session.</doc>
<status status="PASS" start="2024-04-11T19:11:20.473544" elapsed="0.108509"/>
</kw>
<kw name="Set Variable" owner="BuiltIn">
<msg time="2024-04-11T19:11:20.582953" level="INFO">${json_data} = {'results': [{'gender': 'male', 'name': {'title': 'Mr', 'first': 'Danial', 'last': 'Vikene'}, 'location': {'street': {'number': 9425, 'name': 'Veksthusfløtten'}, 'city': 'Fredrikstad', 'state': 'Hedma...</msg>
<var>${json_data}</var>
<arg>${response.json()}</arg>
<doc>Returns the given values which can then be assigned to a variables.</doc>
<status status="PASS" start="2024-04-11T19:11:20.582491" elapsed="0.000492"/>
</kw>
<kw name="Log" owner="BuiltIn">
<msg time="2024-04-11T19:11:20.583453" level="INFO">{'results': [{'gender': 'male', 'name': {'title': 'Mr', 'first': 'Danial', 'last': 'Vikene'}, 'location': {'street': {'number': 9425, 'name': 'Veksthusfløtten'}, 'city': 'Fredrikstad', 'state': 'Hedmark', 'country': 'Norway', 'postcode': '4001', 'coordinates': {'latitude': '40.5105', 'longitude': '-77.6599'}, 'timezone': {'offset': '0:00', 'description': 'Western Europe Time, London, Lisbon, Casablanca'}}, 'email': 'danial.vikene@example.com', 'login': {'uuid': '2e7fe348-91b4-4700-89d8-f421c8beca9a', 'username': 'smallleopard959', 'password': 'meadow', 'salt': 'JfRqBadW', 'md5': '12ffbe6a71533622036e94ba191fae93', 'sha1': 'ffb8db6d0e87c9628cdace0f073020c55e8e912c', 'sha256': 'b82cb989dcc52ce2eb3a83297301b1b9d91854a1e8edc2f86778c403f49be7bc'}, 'dob': {'date': '1961-09-24T11:39:18.976Z', 'age': 62}, 'registered': {'date': '2005-01-21T00:57:59.803Z', 'age': 19}, 'phone': '75697656', 'cell': '95275158', 'id': {'name': 'FN', 'value': '24096108709'}, 'picture': {'large': 'https://randomuser.me/api/portraits/men/8.jpg', 'medium': 'https://randomuser.me/api/portraits/med/men/8.jpg', 'thumbnail': 'https://randomuser.me/api/portraits/thumb/men/8.jpg'}, 'nat': 'NO'}], 'info': {'seed': 'b6bc09aaf8cbf5bb', 'results': 1, 'page': 1, 'version': '1.4'}}</msg>
<arg>${json_data}</arg>
<doc>Logs the given message with the given level.</doc>
<status status="PASS" start="2024-04-11T19:11:20.583292" elapsed="0.000244"/>
</kw>
<kw name="Should Be String" owner="String">
<arg>${json_data['results'][0]['gender']}</arg>
<doc>Fails if the given ``item`` is not a string.</doc>
<status status="PASS" start="2024-04-11T19:11:20.583843" elapsed="0.000370"/>
</kw>
<kw name="Should Match Regexp" owner="BuiltIn">
<arg>${json_data['results'][0]['email']}</arg>
<arg>^[a-zA-Z0-9._%+-]+@[a-zA-Z0-9.-]+\.[a-zA-Z]{2,}$</arg>
<doc>Fails if ``string`` does not match ``pattern`` as a regular expression.</doc>
<status status="PASS" start="2024-04-11T19:11:20.584410" elapsed="0.000512"/>
</kw>
<kw name="Should Match Regexp" owner="BuiltIn">
<arg>${json_data['results'][0]['dob']['date']}</arg>
<arg>\\d{4}-\\d{2}-\\d{2}T\\d{2}:\\d{2}:\\d{2}\\.\\d{3}Z</arg>
<doc>Fails if ``string`` does not match ``pattern`` as a regular expression.</doc>
<status status="PASS" start="2024-04-11T19:11:20.585118" elapsed="0.000533"/>
</kw>
<kw name="Should Match Regexp" owner="BuiltIn">
<arg>${json_data['results'][0]['registered']['date']}</arg>
<arg>\\d{4}-\\d{2}-\\d{2}T\\d{2}:\\d{2}:\\d{2}\\.\\d{3}Z</arg>
<doc>Fails if ``string`` does not match ``pattern`` as a regular expression.</doc>
<status status="PASS" start="2024-04-11T19:11:20.585847" elapsed="0.000382"/>
</kw>
<kw name="Should Match Regexp" owner="BuiltIn">
<arg>${json_data['results'][0]['picture']['large']}</arg>
<arg>^https?://.*\.(?:png|jpe?g|gif|bmp)$</arg>
<doc>Fails if ``string`` does not match ``pattern`` as a regular expression.</doc>
<status status="PASS" start="2024-04-11T19:11:20.586420" elapsed="0.000461"/>
</kw>
<kw name="Should Match Regexp" owner="BuiltIn">
<arg>${json_data['results'][0]['picture']['medium']}</arg>
<arg>^https?://.*\.(?:png|jpe?g|gif|bmp)$</arg>
<doc>Fails if ``string`` does not match ``pattern`` as a regular expression.</doc>
<status status="PASS" start="2024-04-11T19:11:20.587069" elapsed="0.000360"/>
</kw>
<kw name="Should Match Regexp" owner="BuiltIn">
<arg>${json_data['results'][0]['picture']['thumbnail']}</arg>
<arg>^https?://.*\.(?:png|jpe?g|gif|bmp)$</arg>
<doc>Fails if ``string`` does not match ``pattern`` as a regular expression.</doc>
<status status="PASS" start="2024-04-11T19:11:20.587616" elapsed="0.000348"/>
</kw>
<kw name="Log" owner="BuiltIn">
<msg time="2024-04-11T19:11:20.588489" level="INFO">{'large': 'https://randomuser.me/api/portraits/men/8.jpg', 'medium': 'https://randomuser.me/api/portraits/med/men/8.jpg', 'thumbnail': 'https://randomuser.me/api/portraits/thumb/men/8.jpg'}</msg>
<arg>${json_data['results'][0]['picture']}</arg>
<doc>Logs the given message with the given level.</doc>
<status status="PASS" start="2024-04-11T19:11:20.588157" elapsed="0.000374"/>
</kw>
<status status="PASS" start="2024-04-11T19:11:20.473265" elapsed="0.115516"/>
</kw>
<kw name="Teste de Tipos de Dados - Postcode" owner="random-user-service">
<kw name="GET On Session" owner="RequestsLibrary">
<msg time="2024-04-11T19:11:20.684995" level="INFO">GET Request : url=https://randomuser.me/api 
 path_url=/api 
 headers={'User-Agent': 'python-requests/2.31.0', 'Accept-Encoding': 'gzip, deflate', 'Accept': '*/*', 'Connection': 'keep-alive'} 
 body=None 
 </msg>
<msg time="2024-04-11T19:11:20.685077" level="INFO">GET Response : url=https://randomuser.me/api 
 status=200, reason=OK 
 headers={'Date': 'Thu, 11 Apr 2024 19:11:20 GMT', 'Content-Type': 'application/json; charset=utf-8', 'Transfer-Encoding': 'chunked', 'Connection': 'keep-alive', 'X-Powered-By': 'Express', 'Access-Control-Allow-Origin': '*', 'Cache-Control': 'no-cache', 'ETag': 'W/"4b2-LR7GMGIKZVAHVcrV26u33xR42nk"', 'Vary': 'Accept-Encoding', 'Content-Encoding': 'gzip', 'CF-Cache-Status': 'DYNAMIC', 'Report-To': '{"endpoints":[{"url":"https:\\/\\/a.nel.cloudflare.com\\/report\\/v4?s=O1L67g2QcMpUtqxwZfVMGPET%2Bl4xjIFF3%2B9lEgTmQVRuzi41KQhxJyKCTKTYSsTY7LwXALsUdOPnm0j66SHE1MPmHEb871Jjbh%2FC8EaD6RGeXGqm40DDzHSPrOnOwG36"}],"group":"cf-nel","max_age":604800}', 'NEL': '{"success_fraction":0,"report_to":"cf-nel","max_age":604800}', 'Server': 'cloudflare', 'CF-RAY': '872d4829bbdc67d1-SJC', 'alt-svc': 'h3=":443"; ma=86400'} 
 body={"results":[{"gender":"female","name":{"title":"Miss","first":"Bertha","last":"Vargas"},"location":{"street":{"number":3798,"name":"Mcclellan Rd"},"city":"Coffs Harbour","state":"Australian Capital Territory","country":"Australia","postcode":5211,"coordinates":{"latitude":"-86.2047","longitude":"43.9138"},"timezone":{"offset":"+3:00","description":"Baghdad, Riyadh, Moscow, St. Petersburg"}},"email":"bertha.vargas@example.com","login":{"uuid":"1e386741-45c2-49f1-8c7a-ee7ae1ba84ee","username":"redtiger932","password":"housewifes","salt":"uXiJ8fVX","md5":"97f7d4e7d39516e7979965dcb29b551a","sha1":"84dbe6d4027d966aafe5afd7fb8256b3c401a30d","sha256":"9c176fb6fb6144f06e1367d46d364584de84f66840e6b61ab3d064d6fa4c8248"},"dob":{"date":"1972-03-31T21:33:01.289Z","age":52},"registered":{"date":"2015-10-20T21:17:07.423Z","age":8},"phone":"01-7652-8937","cell":"0449-955-859","id":{"name":"TFN","value":"816461097"},"picture":{"large":"https://randomuser.me/api/portraits/women/87.jpg","medium":"https://randomuser.me/api/portraits/med/women/87.jpg","thumbnail":"https://randomuser.me/api/portraits/thumb/women/87.jpg"},"nat":"AU"}],"info":{"seed":"eaccb4922b5e0b32","results":1,"page":1,"version":"1.4"}} 
 </msg>
<msg time="2024-04-11T19:11:20.685164" level="INFO">/opt/hostedtoolcache/Python/3.12.2/x64/lib/python3.12/site-packages/urllib3/connectionpool.py:1103: InsecureRequestWarning: Unverified HTTPS request is being made to host 'randomuser.me'. Adding certificate verification is strongly advised. See: https://urllib3.readthedocs.io/en/latest/advanced-usage.html#tls-warnings
  warnings.warn(</msg>
<msg time="2024-04-11T19:11:20.685280" level="INFO">${response} = &lt;Response [200]&gt;</msg>
<var>${response}</var>
<arg>consultarAPI</arg>
<arg>/api</arg>
<doc>Sends a GET request on a previously created HTTP Session.</doc>
<status status="PASS" start="2024-04-11T19:11:20.589224" elapsed="0.096094"/>
</kw>
<kw name="Set Variable" owner="BuiltIn">
<msg time="2024-04-11T19:11:20.686202" level="INFO">${json_data} = {'results': [{'gender': 'female', 'name': {'title': 'Miss', 'first': 'Bertha', 'last': 'Vargas'}, 'location': {'street': {'number': 3798, 'name': 'Mcclellan Rd'}, 'city': 'Coffs Harbour', 'state': 'Au...</msg>
<var>${json_data}</var>
<arg>${response.json()}</arg>
<doc>Returns the given values which can then be assigned to a variables.</doc>
<status status="PASS" start="2024-04-11T19:11:20.685767" elapsed="0.000463"/>
</kw>
<kw name="Log" owner="BuiltIn">
<msg time="2024-04-11T19:11:20.686680" level="INFO">{'results': [{'gender': 'female', 'name': {'title': 'Miss', 'first': 'Bertha', 'last': 'Vargas'}, 'location': {'street': {'number': 3798, 'name': 'Mcclellan Rd'}, 'city': 'Coffs Harbour', 'state': 'Australian Capital Territory', 'country': 'Australia', 'postcode': 5211, 'coordinates': {'latitude': '-86.2047', 'longitude': '43.9138'}, 'timezone': {'offset': '+3:00', 'description': 'Baghdad, Riyadh, Moscow, St. Petersburg'}}, 'email': 'bertha.vargas@example.com', 'login': {'uuid': '1e386741-45c2-49f1-8c7a-ee7ae1ba84ee', 'username': 'redtiger932', 'password': 'housewifes', 'salt': 'uXiJ8fVX', 'md5': '97f7d4e7d39516e7979965dcb29b551a', 'sha1': '84dbe6d4027d966aafe5afd7fb8256b3c401a30d', 'sha256': '9c176fb6fb6144f06e1367d46d364584de84f66840e6b61ab3d064d6fa4c8248'}, 'dob': {'date': '1972-03-31T21:33:01.289Z', 'age': 52}, 'registered': {'date': '2015-10-20T21:17:07.423Z', 'age': 8}, 'phone': '01-7652-8937', 'cell': '0449-955-859', 'id': {'name': 'TFN', 'value': '816461097'}, 'picture': {'large': 'https://randomuser.me/api/portraits/women/87.jpg', 'medium': 'https://randomuser.me/api/portraits/med/women/87.jpg', 'thumbnail': 'https://randomuser.me/api/portraits/thumb/women/87.jpg'}, 'nat': 'AU'}], 'info': {'seed': 'eaccb4922b5e0b32', 'results': 1, 'page': 1, 'version': '1.4'}}</msg>
<arg>${json_data}</arg>
<doc>Logs the given message with the given level.</doc>
<status status="PASS" start="2024-04-11T19:11:20.686529" elapsed="0.000228"/>
</kw>
<kw name="Should Be Equal As Numbers" owner="BuiltIn">
<arg>${json_data['results'][0]['location']['postcode']}</arg>
<arg>${json_data['results'][0]['location']['postcode']}</arg>
<doc>Fails if objects are unequal after converting them to real numbers.</doc>
<status status="PASS" start="2024-04-11T19:11:20.687054" elapsed="0.000622"/>
</kw>
<kw name="Log" owner="BuiltIn">
<msg time="2024-04-11T19:11:20.688206" level="INFO">5211</msg>
<arg>${json_data['results'][0]['location']['postcode']}</arg>
<doc>Logs the given message with the given level.</doc>
<status status="PASS" start="2024-04-11T19:11:20.687872" elapsed="0.000374"/>
</kw>
<status status="PASS" start="2024-04-11T19:11:20.588996" elapsed="0.099502"/>
</kw>
<doc>Testa se os tipos de dados na resposta da API estão corretos.</doc>
<tag>testeTiposDados</tag>
<status status="PASS" start="2024-04-11T19:11:20.472832" elapsed="0.215827"/>
</test>
<test id="s1-s1-t5" name="Validar conteudo" line="35">
<kw name="Teste de Tipos de Conteudo" owner="random-user-service">
<kw name="GET On Session" owner="RequestsLibrary">
<msg time="2024-04-11T19:11:20.781123" level="INFO">GET Request : url=https://randomuser.me/api 
 path_url=/api 
 headers={'User-Agent': 'python-requests/2.31.0', 'Accept-Encoding': 'gzip, deflate', 'Accept': '*/*', 'Connection': 'keep-alive'} 
 body=None 
 </msg>
<msg time="2024-04-11T19:11:20.781212" level="INFO">GET Response : url=https://randomuser.me/api 
 status=200, reason=OK 
 headers={'Date': 'Thu, 11 Apr 2024 19:11:20 GMT', 'Content-Type': 'application/json; charset=utf-8', 'Transfer-Encoding': 'chunked', 'Connection': 'keep-alive', 'X-Powered-By': 'Express', 'Access-Control-Allow-Origin': '*', 'Cache-Control': 'no-cache', 'ETag': 'W/"485-OLYwiQANOloGbPV6NyqJ5L+CNXs"', 'Vary': 'Accept-Encoding', 'Content-Encoding': 'gzip', 'CF-Cache-Status': 'DYNAMIC', 'Report-To': '{"endpoints":[{"url":"https:\\/\\/a.nel.cloudflare.com\\/report\\/v4?s=JduqrxvSnwAPirtB6SPYFBp%2BF9R71afxRCrZhE6XP5XASzL1q7BjaTqjnwsycN1ZU7VfFvdpt0ko9KiILhBePHb%2FUa4hDI7xJgwndIWMRAuNOcSxZfermhvCeXbA%2BuKx"}],"group":"cf-nel","max_age":604800}', 'NEL': '{"success_fraction":0,"report_to":"cf-nel","max_age":604800}', 'Server': 'cloudflare', 'CF-RAY': '872d482a5c7d67d1-SJC', 'alt-svc': 'h3=":443"; ma=86400'} 
 body={"results":[{"gender":"male","name":{"title":"Mr","first":"Stepan","last":"Semchuk"},"location":{"street":{"number":5289,"name":"Bulvar Shevchenka"},"city":"Selidove","state":"Vinnicka","country":"Ukraine","postcode":46068,"coordinates":{"latitude":"74.7684","longitude":"-119.5711"},"timezone":{"offset":"+4:00","description":"Abu Dhabi, Muscat, Baku, Tbilisi"}},"email":"stepan.semchuk@example.com","login":{"uuid":"dc98fc16-d574-4533-a245-5a1051c14aec","username":"browngoose421","password":"bowler","salt":"ZtCsvmmA","md5":"90ea4b2634abed052df73d92dfbb37d1","sha1":"c3ee418c4a1557a89ca5d3716cd4edaa1d667c1b","sha256":"7cbcdc63658d21ab6cd09294259e93a5c892fa54988009404ec9d1dbc93e0c3f"},"dob":{"date":"1982-06-03T03:33:53.531Z","age":41},"registered":{"date":"2004-07-14T06:58:56.646Z","age":19},"phone":"(068) C71-2687","cell":"(097) V10-8881","id":{"name":"","value":null},"picture":{"large":"https://randomuser.me/api/portraits/men/2.jpg","medium":"https://randomuser.me/api/portraits/med/men/2.jpg","thumbnail":"https://randomuser.me/api/portraits/thumb/men/2.jpg"},"nat":"UA"}],"info":{"seed":"d454776bbb934b5e","results":1,"page":1,"version":"1.4"}} 
 </msg>
<msg time="2024-04-11T19:11:20.781299" level="INFO">/opt/hostedtoolcache/Python/3.12.2/x64/lib/python3.12/site-packages/urllib3/connectionpool.py:1103: InsecureRequestWarning: Unverified HTTPS request is being made to host 'randomuser.me'. Adding certificate verification is strongly advised. See: https://urllib3.readthedocs.io/en/latest/advanced-usage.html#tls-warnings
  warnings.warn(</msg>
<msg time="2024-04-11T19:11:20.781447" level="INFO">${response} = &lt;Response [200]&gt;</msg>
<var>${response}</var>
<arg>consultarAPI</arg>
<arg>/api</arg>
<doc>Sends a GET request on a previously created HTTP Session.</doc>
<status status="PASS" start="2024-04-11T19:11:20.691048" elapsed="0.090445"/>
</kw>
<kw name="Set Variable" owner="BuiltIn">
<msg time="2024-04-11T19:11:20.782715" level="INFO">${json_data} = {'results': [{'gender': 'male', 'name': {'title': 'Mr', 'first': 'Stepan', 'last': 'Semchuk'}, 'location': {'street': {'number': 5289, 'name': 'Bulvar Shevchenka'}, 'city': 'Selidove', 'state': 'Vinni...</msg>
<var>${json_data}</var>
<arg>${response.json()}</arg>
<doc>Returns the given values which can then be assigned to a variables.</doc>
<status status="PASS" start="2024-04-11T19:11:20.782002" elapsed="0.000756"/>
</kw>
<kw name="Set Variable" owner="BuiltIn">
<msg time="2024-04-11T19:11:20.783872" level="INFO">${name_title} = Mr</msg>
<var>${name_title}</var>
<arg>${json_data["results"][0]["name"]["title"]}</arg>
<doc>Returns the given values which can then be assigned to a variables.</doc>
<status status="PASS" start="2024-04-11T19:11:20.783227" elapsed="0.000690"/>
</kw>
<kw name="Create List" owner="BuiltIn">
<msg time="2024-04-11T19:11:20.784647" level="INFO">${allowed_titles} = ['Mr', 'Ms', 'Miss', 'Mrs', 'Madame', 'Monsieur']</msg>
<var>${allowed_titles}</var>
<arg>Mr</arg>
<arg>Ms</arg>
<arg>Miss</arg>
<arg>Mrs</arg>
<arg>Madame</arg>
<arg>Monsieur</arg>
<doc>Returns a list containing given items.</doc>
<status status="PASS" start="2024-04-11T19:11:20.784401" elapsed="0.000290"/>
</kw>
<kw name="List Should Contain Value" owner="Collections">
<msg time="2024-04-11T19:11:20.785466" level="INFO">False</msg>
<arg>${allowed_titles}</arg>
<arg>${name_title}</arg>
<doc>Fails if the ``value`` is not found from ``list``.</doc>
<status status="PASS" start="2024-04-11T19:11:20.785164" elapsed="0.000378"/>
</kw>
<kw name="Set Variable" owner="BuiltIn">
<msg time="2024-04-11T19:11:20.786612" level="INFO">${name_country} = UA</msg>
<var>${name_country}</var>
<arg>${json_data["results"][0]["nat"]}</arg>
<doc>Returns the given values which can then be assigned to a variables.</doc>
<status status="PASS" start="2024-04-11T19:11:20.786009" elapsed="0.000647"/>
</kw>
<kw name="Create List" owner="BuiltIn">
<msg time="2024-04-11T19:11:20.788330" level="INFO">${list_country} = ['AD', 'AE', 'AF', 'AG', 'AI', 'AL', 'AM', 'AO', 'AQ', 'AR', 'AS', 'AT', 'AU', 'AW', 'AX', 'AZ', 'BA', 'BB', 'BD', 'BE', 'BF', 'BG', 'BH', 'BI', 'BJ', 'BL', 'BM', 'BN', 'BO', 'BQ', 'BR', 'BS', 'BT', '...</msg>
<var>${list_country}</var>
<arg>AD</arg>
<arg>AE</arg>
<arg>AF</arg>
<arg>AG</arg>
<arg>AI</arg>
<arg>AL</arg>
<arg>AM</arg>
<arg>AO</arg>
<arg>AQ</arg>
<arg>AR</arg>
<arg>AS</arg>
<arg>AT</arg>
<arg>AU</arg>
<arg>AW</arg>
<arg>AX</arg>
<arg>AZ</arg>
<arg>BA</arg>
<arg>BB</arg>
<arg>BD</arg>
<arg>BE</arg>
<arg>BF</arg>
<arg>BG</arg>
<arg>BH</arg>
<arg>BI</arg>
<arg>BJ</arg>
<arg>BL</arg>
<arg>BM</arg>
<arg>BN</arg>
<arg>BO</arg>
<arg>BQ</arg>
<arg>BR</arg>
<arg>BS</arg>
<arg>BT</arg>
<arg>BV</arg>
<arg>BW</arg>
<arg>BY</arg>
<arg>BZ</arg>
<arg>CA</arg>
<arg>CC</arg>
<arg>CD</arg>
<arg>CF</arg>
<arg>CG</arg>
<arg>CH</arg>
<arg>CI</arg>
<arg>CK</arg>
<arg>CL</arg>
<arg>CM</arg>
<arg>CN</arg>
<arg>CO</arg>
<arg>CR</arg>
<arg>CU</arg>
<arg>CV</arg>
<arg>CW</arg>
<arg>CX</arg>
<arg>CY</arg>
<arg>CZ</arg>
<arg>DE</arg>
<arg>DJ</arg>
<arg>DK</arg>
<arg>DM</arg>
<arg>DO</arg>
<arg>DZ</arg>
<arg>EC</arg>
<arg>EE</arg>
<arg>EG</arg>
<arg>EH</arg>
<arg>ER</arg>
<arg>ES</arg>
<arg>ET</arg>
<arg>FI</arg>
<arg>FJ</arg>
<arg>FK</arg>
<arg>FM</arg>
<arg>FO</arg>
<arg>FR</arg>
<arg>GA</arg>
<arg>GB</arg>
<arg>GD</arg>
<arg>GE</arg>
<arg>GF</arg>
<arg>GG</arg>
<arg>GH</arg>
<arg>GI</arg>
<arg>GL</arg>
<arg>GM</arg>
<arg>GN</arg>
<arg>GP</arg>
<arg>GQ</arg>
<arg>GR</arg>
<arg>GS</arg>
<arg>GT</arg>
<arg>GU</arg>
<arg>GW</arg>
<arg>GY</arg>
<arg>HK</arg>
<arg>HM</arg>
<arg>HN</arg>
<arg>HR</arg>
<arg>HT</arg>
<arg>HU</arg>
<arg>ID</arg>
<arg>IE</arg>
<arg>IL</arg>
<arg>IM</arg>
<arg>IN</arg>
<arg>IO</arg>
<arg>IQ</arg>
<arg>IR</arg>
<arg>IS</arg>
<arg>IT</arg>
<arg>JE</arg>
<arg>JM</arg>
<arg>JO</arg>
<arg>JP</arg>
<arg>KE</arg>
<arg>KG</arg>
<arg>KH</arg>
<arg>KI</arg>
<arg>KM</arg>
<arg>KN</arg>
<arg>KP</arg>
<arg>KR</arg>
<arg>KW</arg>
<arg>KY</arg>
<arg>KZ</arg>
<arg>LA</arg>
<arg>LB</arg>
<arg>LC</arg>
<arg>LI</arg>
<arg>LK</arg>
<arg>LR</arg>
<arg>LS</arg>
<arg>LT</arg>
<arg>LU</arg>
<arg>LV</arg>
<arg>LY</arg>
<arg>MA</arg>
<arg>MC</arg>
<arg>MD</arg>
<arg>ME</arg>
<arg>MF</arg>
<arg>MG</arg>
<arg>MH</arg>
<arg>MK</arg>
<arg>ML</arg>
<arg>MM</arg>
<arg>MN</arg>
<arg>MO</arg>
<arg>MP</arg>
<arg>MQ</arg>
<arg>MR</arg>
<arg>MS</arg>
<arg>MT</arg>
<arg>MU</arg>
<arg>MV</arg>
<arg>MW</arg>
<arg>MX</arg>
<arg>MY</arg>
<arg>MZ</arg>
<arg>NA</arg>
<arg>NC</arg>
<arg>NE</arg>
<arg>NF</arg>
<arg>NG</arg>
<arg>NI</arg>
<arg>NL</arg>
<arg>NO</arg>
<arg>NP</arg>
<arg>NR</arg>
<arg>NU</arg>
<arg>NZ</arg>
<arg>OM</arg>
<arg>PA</arg>
<arg>PE</arg>
<arg>PF</arg>
<arg>PG</arg>
<arg>PH</arg>
<arg>PK</arg>
<arg>PL</arg>
<arg>PM</arg>
<arg>PN</arg>
<arg>PR</arg>
<arg>PS</arg>
<arg>PT</arg>
<arg>PW</arg>
<arg>PY</arg>
<arg>QA</arg>
<arg>RE</arg>
<arg>RO</arg>
<arg>RS</arg>
<arg>RU</arg>
<arg>RW</arg>
<arg>SA</arg>
<arg>SB</arg>
<arg>SC</arg>
<arg>SD</arg>
<arg>SE</arg>
<arg>SG</arg>
<arg>SH</arg>
<arg>SI</arg>
<arg>SJ</arg>
<arg>SK</arg>
<arg>SL</arg>
<arg>SM</arg>
<arg>SN</arg>
<arg>SO</arg>
<arg>SR</arg>
<arg>SS</arg>
<arg>ST</arg>
<arg>SV</arg>
<arg>SX</arg>
<arg>SY</arg>
<arg>SZ</arg>
<arg>TC</arg>
<arg>TD</arg>
<arg>TF</arg>
<arg>TG</arg>
<arg>TH</arg>
<arg>TJ</arg>
<arg>TK</arg>
<arg>TL</arg>
<arg>TM</arg>
<arg>TN</arg>
<arg>TO</arg>
<arg>TR</arg>
<arg>TT</arg>
<arg>TV</arg>
<arg>TW</arg>
<arg>TZ</arg>
<arg>UA</arg>
<arg>UG</arg>
<arg>UM</arg>
<arg>US</arg>
<arg>UY</arg>
<arg>UZ</arg>
<arg>VA</arg>
<arg>VC</arg>
<arg>VE</arg>
<arg>VG</arg>
<arg>VI</arg>
<arg>VN</arg>
<arg>VU</arg>
<arg>WF</arg>
<arg>WS</arg>
<arg>XK</arg>
<arg>YE</arg>
<arg>YT</arg>
<arg>ZA</arg>
<arg>ZM</arg>
<arg>ZW</arg>
<doc>Returns a list containing given items.</doc>
<status status="PASS" start="2024-04-11T19:11:20.787160" elapsed="0.001216"/>
</kw>
<kw name="List Should Contain Value" owner="Collections">
<msg time="2024-04-11T19:11:20.790175" level="INFO">False</msg>
<arg>${list_country}</arg>
<arg>${name_country}</arg>
<doc>Fails if the ``value`` is not found from ``list``.</doc>
<status status="PASS" start="2024-04-11T19:11:20.789838" elapsed="0.000408"/>
</kw>
<kw name="Run Keyword If" owner="BuiltIn">
<kw name="Should Be True" owner="BuiltIn">
<arg>${True}</arg>
<doc>Fails if the given condition is not true.</doc>
<status status="PASS" start="2024-04-11T19:11:20.792214" elapsed="0.000237"/>
</kw>
<arg>${json_data["results"][0]["location"]["coordinates"]["latitude"]} &gt;= -90 and ${json_data["results"][0]["location"]["coordinates"]["latitude"]} &lt;= 90</arg>
<arg>Should Be True</arg>
<arg>${True}</arg>
<doc>Runs the given keyword with the given arguments, if ``condition`` is true.</doc>
<status status="PASS" start="2024-04-11T19:11:20.790747" elapsed="0.001941"/>
</kw>
<kw name="Run Keyword If" owner="BuiltIn">
<kw name="Should Be True" owner="BuiltIn">
<arg>${True}</arg>
<doc>Fails if the given condition is not true.</doc>
<status status="PASS" start="2024-04-11T19:11:20.794291" elapsed="0.000237"/>
</kw>
<arg>${json_data["results"][0]["location"]["coordinates"]["longitude"]} &gt;= -180 and ${json_data["results"][0]["location"]["coordinates"]["longitude"]} &lt;= 180</arg>
<arg>Should Be True</arg>
<arg>${True}</arg>
<doc>Runs the given keyword with the given arguments, if ``condition`` is true.</doc>
<status status="PASS" start="2024-04-11T19:11:20.793009" elapsed="0.001728"/>
</kw>
<status status="PASS" start="2024-04-11T19:11:20.690832" elapsed="0.104145"/>
</kw>
<doc>Testa o conteúdo específico dos campos retornados pela API.</doc>
<tag>testeConteudo</tag>
<status status="PASS" start="2024-04-11T19:11:20.690406" elapsed="0.104856"/>
</test>
<status status="PASS" start="2024-04-11T19:11:19.813436" elapsed="0.985209"/>
</suite>
<status status="PASS" start="2024-04-11T19:11:19.799720" elapsed="1.008256"/>
</suite>
<statistics>
<total>
<stat pass="5" fail="0" skip="0">All Tests</stat>
</total>
<tag>
<stat pass="1" fail="0" skip="0">testeConteudo</stat>
<stat pass="1" fail="0" skip="0">testeEstruturaResposta</stat>
<stat pass="1" fail="0" skip="0">testeRequisicaoBasica</stat>
<stat pass="1" fail="0" skip="0">testeTiposDados</stat>
</tag>
<suite>
<stat pass="5" fail="0" skip="0" id="s1" name="Tests">Tests</stat>
<stat pass="5" fail="0" skip="0" id="s1-s1" name="Random-User-Test">Tests.Random-User-Test</stat>
</suite>
</statistics>
<errors>
</errors>
</robot>
