<?xml version="1.0" encoding="UTF-8"?>
<robot generator="Robot 7.0.1 (Python 3.12.4 on linux)" generated="2024-06-20T08:20:00.650072" rpa="false" schemaversion="5">
<suite id="s1" name="Tests" source="/home/runner/work/ApiRandomUser/ApiRandomUser/RamdonUser/tests">
<suite id="s1-s1" name="Random-User-Test" source="/home/runner/work/ApiRandomUser/ApiRandomUser/RamdonUser/tests/random-user-test.robot">
<test id="s1-s1-t1" name="Conectar" line="13">
<kw name="Conectar API" owner="random-user-service">
<kw name="Create Session" owner="RequestsLibrary">
<msg time="2024-06-20T08:20:01.121522" level="INFO">Creating Session using : alias=consultarAPI, url=https://randomuser.me/, headers={},                     cookies={}, auth=None, timeout=None, proxies=None, verify=False,                     debug=0 </msg>
<arg>consultarAPI</arg>
<arg>${URL}</arg>
<doc>Create Session: create a HTTP session to a server</doc>
<status status="PASS" start="2024-06-20T08:20:01.121323" elapsed="0.000376"/>
</kw>
<status status="PASS" start="2024-06-20T08:20:01.120352" elapsed="0.001742"/>
</kw>
<status status="PASS" start="2024-06-20T08:20:01.119790" elapsed="0.002494"/>
</test>
<test id="s1-s1-t2" name="Validar retorno 200 e JSON Válido" line="16">
<kw name="Teste de Requisicao Basica" owner="random-user-service">
<kw name="GET On Session" owner="RequestsLibrary">
<msg time="2024-06-20T08:20:01.645640" level="INFO">GET Request : url=https://randomuser.me/api 
 path_url=/api 
 headers={'User-Agent': 'python-requests/2.32.3', 'Accept-Encoding': 'gzip, deflate', 'Accept': '*/*', 'Connection': 'keep-alive'} 
 body=None 
 </msg>
<msg time="2024-06-20T08:20:01.645793" level="INFO">GET Response : url=https://randomuser.me/api 
 status=200, reason=OK 
 headers={'Date': 'Thu, 20 Jun 2024 08:20:01 GMT', 'Content-Type': 'application/json; charset=utf-8', 'Transfer-Encoding': 'chunked', 'Connection': 'keep-alive', 'X-Powered-By': 'Express', 'Access-Control-Allow-Origin': '*', 'Cache-Control': 'no-cache', 'ETag': 'W/"4a7-f6z0Bjfx0IJKU3pX3ZFARIrFCXc"', 'Vary': 'Accept-Encoding', 'Content-Encoding': 'gzip', 'CF-Cache-Status': 'DYNAMIC', 'Report-To': '{"endpoints":[{"url":"https:\\/\\/a.nel.cloudflare.com\\/report\\/v4?s=sdadU18LNY3U8CROiLg%2FQWUGBp3o44U9uwmmvSd32IKOQ3syeVC%2F8pHTZ3r4286odEcAfQnxXzEx9RlVRd6WkrUkFvRgZb6ksrdpkq5c93qHOl%2FlAt5l8oQP3fcGWabf"}],"group":"cf-nel","max_age":604800}', 'NEL': '{"success_fraction":0,"report_to":"cf-nel","max_age":604800}', 'Server': 'cloudflare', 'CF-RAY': '896a56541c73983d-SJC', 'alt-svc': 'h3=":443"; ma=86400'} 
 body={"results":[{"gender":"female","name":{"title":"Ms","first":"Nellie","last":"Johnson"},"location":{"street":{"number":3148,"name":"Hickory Creek Dr"},"city":"Billings","state":"Mississippi","country":"United States","postcode":76778,"coordinates":{"latitude":"84.1538","longitude":"71.2464"},"timezone":{"offset":"-3:00","description":"Brazil, Buenos Aires, Georgetown"}},"email":"nellie.johnson@example.com","login":{"uuid":"b7e55517-b375-4e29-aaec-7f15f6b41947","username":"silverladybug976","password":"thuglife","salt":"oEu5jKNP","md5":"11260b380f65aefbd2eadba1b98ea511","sha1":"fc4723dba4d5dc9b9c6c967b6d234248554ebbd4","sha256":"76e0976c7762480c1d7888d403266521630a346040e824f818ed831c353bb039"},"dob":{"date":"1951-09-14T15:37:45.375Z","age":72},"registered":{"date":"2009-05-19T05:29:50.597Z","age":15},"phone":"(562) 252-4997","cell":"(865) 584-5703","id":{"name":"SSN","value":"100-46-4107"},"picture":{"large":"https://randomuser.me/api/portraits/women/92.jpg","medium":"https://randomuser.me/api/portraits/med/women/92.jpg","thumbnail":"https://randomuser.me/api/portraits/thumb/women/92.jpg"},"nat":"US"}],"info":{"seed":"dcd97669ca0bfb95","results":1,"page":1,"version":"1.4"}} 
 </msg>
<msg time="2024-06-20T08:20:01.645910" level="INFO">/opt/hostedtoolcache/Python/3.12.4/x64/lib/python3.12/site-packages/urllib3/connectionpool.py:1099: InsecureRequestWarning: Unverified HTTPS request is being made to host 'randomuser.me'. Adding certificate verification is strongly advised. See: https://urllib3.readthedocs.io/en/latest/advanced-usage.html#tls-warnings
  warnings.warn(</msg>
<msg time="2024-06-20T08:20:01.646067" level="INFO">${response} = &lt;Response [200]&gt;</msg>
<var>${response}</var>
<arg>consultarAPI</arg>
<arg>/api</arg>
<doc>Sends a GET request on a previously created HTTP Session.</doc>
<status status="PASS" start="2024-06-20T08:20:01.124880" elapsed="0.521231"/>
</kw>
<kw name="Should Be Equal As Numbers" owner="BuiltIn">
<msg time="2024-06-20T08:20:01.647097" level="INFO">Argument types are:
&lt;class 'int'&gt;
&lt;class 'str'&gt;</msg>
<arg>${response.status_code}</arg>
<arg>200</arg>
<doc>Fails if objects are unequal after converting them to real numbers.</doc>
<status status="PASS" start="2024-06-20T08:20:01.646641" elapsed="0.000525"/>
</kw>
<kw name="Log" owner="BuiltIn">
<msg time="2024-06-20T08:20:01.647813" level="INFO">200</msg>
<arg>${response.status_code}</arg>
<doc>Logs the given message with the given level.</doc>
<status status="PASS" start="2024-06-20T08:20:01.647479" elapsed="0.000375"/>
</kw>
<kw name="Set Variable" owner="BuiltIn">
<msg time="2024-06-20T08:20:01.648570" level="INFO">${json_data} = {'results': [{'gender': 'female', 'name': {'title': 'Ms', 'first': 'Nellie', 'last': 'Johnson'}, 'location': {'street': {'number': 3148, 'name': 'Hickory Creek Dr'}, 'city': 'Billings', 'state': 'Miss...</msg>
<var>${json_data}</var>
<arg>${response.json()}</arg>
<doc>Returns the given values which can then be assigned to a variables.</doc>
<status status="PASS" start="2024-06-20T08:20:01.648147" elapsed="0.000451"/>
</kw>
<kw name="Dictionary Should Contain Key" owner="Collections">
<arg>${json_data}</arg>
<arg>results</arg>
<doc>Fails if ``key`` is not found from ``dictionary``.</doc>
<status status="PASS" start="2024-06-20T08:20:01.648885" elapsed="0.000163"/>
</kw>
<status status="PASS" start="2024-06-20T08:20:01.124635" elapsed="0.524558"/>
</kw>
<doc>Testa se a API responde corretamente e retorna um objeto JSON válido.</doc>
<tag>testeRequisicaoBasica</tag>
<status status="PASS" start="2024-06-20T08:20:01.124184" elapsed="0.525178"/>
</test>
<test id="s1-s1-t3" name="Validar estrutura de resposta" line="22">
<kw name="Teste de Estrutura de Resposta" owner="random-user-service">
<kw name="GET On Session" owner="RequestsLibrary">
<msg time="2024-06-20T08:20:02.004238" level="INFO">GET Request : url=https://randomuser.me/api 
 path_url=/api 
 headers={'User-Agent': 'python-requests/2.32.3', 'Accept-Encoding': 'gzip, deflate', 'Accept': '*/*', 'Connection': 'keep-alive'} 
 body=None 
 </msg>
<msg time="2024-06-20T08:20:02.004338" level="INFO">GET Response : url=https://randomuser.me/api 
 status=200, reason=OK 
 headers={'Date': 'Thu, 20 Jun 2024 08:20:02 GMT', 'Content-Type': 'application/json; charset=utf-8', 'Transfer-Encoding': 'chunked', 'Connection': 'keep-alive', 'X-Powered-By': 'Express', 'Access-Control-Allow-Origin': '*', 'Cache-Control': 'no-cache', 'ETag': 'W/"483-5z+OS7hJEJyn3xSEWZGSGaLjG+w"', 'Vary': 'Accept-Encoding', 'Content-Encoding': 'gzip', 'CF-Cache-Status': 'DYNAMIC', 'Report-To': '{"endpoints":[{"url":"https:\\/\\/a.nel.cloudflare.com\\/report\\/v4?s=XrF9IwVYoSPRBFoGDEn9PWuInR0S5fgYw%2B9tfwM8zmixFI8bUZ5kJXKyV%2FuN6BNIBWp%2F5DTUyS0611qtymwJ5oZFP7QsdLvt5rzFoL9qAkpmLNpZCAH3LT9%2BxN2GNXEW"}],"group":"cf-nel","max_age":604800}', 'NEL': '{"success_fraction":0,"report_to":"cf-nel","max_age":604800}', 'Server': 'cloudflare', 'CF-RAY': '896a56565d50983d-SJC', 'alt-svc': 'h3=":443"; ma=86400'} 
 body={"results":[{"gender":"male","name":{"title":"Mr","first":"Tomas","last":"Maier"},"location":{"street":{"number":4839,"name":"Birkenweg"},"city":"Stühlingen","state":"Saarland","country":"Germany","postcode":67368,"coordinates":{"latitude":"-52.1676","longitude":"-3.6513"},"timezone":{"offset":"+2:00","description":"Kaliningrad, South Africa"}},"email":"tomas.maier@example.com","login":{"uuid":"e8872dba-5567-4b57-a7f5-9d37601b32bb","username":"yellowfrog641","password":"jabroni","salt":"uuzBUuDl","md5":"59927405a1f795faa754d4c3c04b9635","sha1":"542531d409fa6e7ec013d4485b0f21bf470194fe","sha256":"27e76b30b23555a043f51751cff624e48013b82afbe32e04e1e35a2c60057be5"},"dob":{"date":"1992-12-23T06:38:59.223Z","age":31},"registered":{"date":"2006-09-28T04:18:06.062Z","age":17},"phone":"0300-7117655","cell":"0178-3879642","id":{"name":"SVNR","value":"70 231292 M 451"},"picture":{"large":"https://randomuser.me/api/portraits/men/43.jpg","medium":"https://randomuser.me/api/portraits/med/men/43.jpg","thumbnail":"https://randomuser.me/api/portraits/thumb/men/43.jpg"},"nat":"DE"}],"info":{"seed":"7ade6176bd603fe7","results":1,"page":1,"version":"1.4"}} 
 </msg>
<msg time="2024-06-20T08:20:02.004470" level="INFO">/opt/hostedtoolcache/Python/3.12.4/x64/lib/python3.12/site-packages/urllib3/connectionpool.py:1099: InsecureRequestWarning: Unverified HTTPS request is being made to host 'randomuser.me'. Adding certificate verification is strongly advised. See: https://urllib3.readthedocs.io/en/latest/advanced-usage.html#tls-warnings
  warnings.warn(</msg>
<msg time="2024-06-20T08:20:02.004615" level="INFO">${response} = &lt;Response [200]&gt;</msg>
<var>${response}</var>
<arg>consultarAPI</arg>
<arg>/api</arg>
<doc>Sends a GET request on a previously created HTTP Session.</doc>
<status status="PASS" start="2024-06-20T08:20:01.651918" elapsed="0.352741"/>
</kw>
<kw name="Set Variable" owner="BuiltIn">
<msg time="2024-06-20T08:20:02.005671" level="INFO">${json_data} = {'results': [{'gender': 'male', 'name': {'title': 'Mr', 'first': 'Tomas', 'last': 'Maier'}, 'location': {'street': {'number': 4839, 'name': 'Birkenweg'}, 'city': 'Stühlingen', 'state': 'Saarland', 'co...</msg>
<var>${json_data}</var>
<arg>${response.json()}</arg>
<doc>Returns the given values which can then be assigned to a variables.</doc>
<status status="PASS" start="2024-06-20T08:20:02.005154" elapsed="0.000546"/>
</kw>
<kw name="Log" owner="BuiltIn">
<msg time="2024-06-20T08:20:02.006223" level="INFO">{'results': [{'gender': 'male', 'name': {'title': 'Mr', 'first': 'Tomas', 'last': 'Maier'}, 'location': {'street': {'number': 4839, 'name': 'Birkenweg'}, 'city': 'Stühlingen', 'state': 'Saarland', 'country': 'Germany', 'postcode': 67368, 'coordinates': {'latitude': '-52.1676', 'longitude': '-3.6513'}, 'timezone': {'offset': '+2:00', 'description': 'Kaliningrad, South Africa'}}, 'email': 'tomas.maier@example.com', 'login': {'uuid': 'e8872dba-5567-4b57-a7f5-9d37601b32bb', 'username': 'yellowfrog641', 'password': 'jabroni', 'salt': 'uuzBUuDl', 'md5': '59927405a1f795faa754d4c3c04b9635', 'sha1': '542531d409fa6e7ec013d4485b0f21bf470194fe', 'sha256': '27e76b30b23555a043f51751cff624e48013b82afbe32e04e1e35a2c60057be5'}, 'dob': {'date': '1992-12-23T06:38:59.223Z', 'age': 31}, 'registered': {'date': '2006-09-28T04:18:06.062Z', 'age': 17}, 'phone': '0300-7117655', 'cell': '0178-3879642', 'id': {'name': 'SVNR', 'value': '70 231292 M 451'}, 'picture': {'large': 'https://randomuser.me/api/portraits/men/43.jpg', 'medium': 'https://randomuser.me/api/portraits/med/men/43.jpg', 'thumbnail': 'https://randomuser.me/api/portraits/thumb/men/43.jpg'}, 'nat': 'DE'}], 'info': {'seed': '7ade6176bd603fe7', 'results': 1, 'page': 1, 'version': '1.4'}}</msg>
<arg>${json_data}</arg>
<doc>Logs the given message with the given level.</doc>
<status status="PASS" start="2024-06-20T08:20:02.006057" elapsed="0.000215"/>
</kw>
<kw name="Dictionary Should Contain Key" owner="Collections">
<arg>${json_data}</arg>
<arg>results</arg>
<doc>Fails if ``key`` is not found from ``dictionary``.</doc>
<status status="PASS" start="2024-06-20T08:20:02.006573" elapsed="0.000155"/>
</kw>
<kw name="Should Not Be Empty" owner="BuiltIn">
<msg time="2024-06-20T08:20:02.007043" level="INFO">Length is 2.</msg>
<arg>${json_data}</arg>
<doc>Verifies that the given item is not empty.</doc>
<status status="PASS" start="2024-06-20T08:20:02.006912" elapsed="0.000169"/>
</kw>
<kw name="Create List" owner="BuiltIn">
<msg time="2024-06-20T08:20:02.007663" level="INFO">${expected_keys} = ['gender', 'name', 'location', 'email', 'login']</msg>
<var>${expected_keys}</var>
<arg>gender</arg>
<arg>name</arg>
<arg>location</arg>
<arg>email</arg>
<arg>login</arg>
<doc>Returns a list containing given items.</doc>
<status status="PASS" start="2024-06-20T08:20:02.007362" elapsed="0.000325"/>
</kw>
<for flavor="IN">
<iter>
<kw name="Dictionary Should Contain Key" owner="Collections">
<arg>${json_data['results'][0]}</arg>
<arg>${key}</arg>
<doc>Fails if ``key`` is not found from ``dictionary``.</doc>
<status status="PASS" start="2024-06-20T08:20:02.008264" elapsed="0.000389"/>
</kw>
<kw name="Log" owner="BuiltIn">
<msg time="2024-06-20T08:20:02.009190" level="INFO">{'gender': 'male', 'name': {'title': 'Mr', 'first': 'Tomas', 'last': 'Maier'}, 'location': {'street': {'number': 4839, 'name': 'Birkenweg'}, 'city': 'Stühlingen', 'state': 'Saarland', 'country': 'Germany', 'postcode': 67368, 'coordinates': {'latitude': '-52.1676', 'longitude': '-3.6513'}, 'timezone': {'offset': '+2:00', 'description': 'Kaliningrad, South Africa'}}, 'email': 'tomas.maier@example.com', 'login': {'uuid': 'e8872dba-5567-4b57-a7f5-9d37601b32bb', 'username': 'yellowfrog641', 'password': 'jabroni', 'salt': 'uuzBUuDl', 'md5': '59927405a1f795faa754d4c3c04b9635', 'sha1': '542531d409fa6e7ec013d4485b0f21bf470194fe', 'sha256': '27e76b30b23555a043f51751cff624e48013b82afbe32e04e1e35a2c60057be5'}, 'dob': {'date': '1992-12-23T06:38:59.223Z', 'age': 31}, 'registered': {'date': '2006-09-28T04:18:06.062Z', 'age': 17}, 'phone': '0300-7117655', 'cell': '0178-3879642', 'id': {'name': 'SVNR', 'value': '70 231292 M 451'}, 'picture': {'large': 'https://randomuser.me/api/portraits/men/43.jpg', 'medium': 'https://randomuser.me/api/portraits/med/men/43.jpg', 'thumbnail': 'https://randomuser.me/api/portraits/thumb/men/43.jpg'}, 'nat': 'DE'}</msg>
<arg>${json_data['results'][0]}</arg>
<doc>Logs the given message with the given level.</doc>
<status status="PASS" start="2024-06-20T08:20:02.008837" elapsed="0.000404"/>
</kw>
<kw name="Log" owner="BuiltIn">
<msg time="2024-06-20T08:20:02.009664" level="INFO">gender</msg>
<arg>${key}</arg>
<doc>Logs the given message with the given level.</doc>
<status status="PASS" start="2024-06-20T08:20:02.009539" elapsed="0.000161"/>
</kw>
<var name="${key}">gender</var>
<status status="PASS" start="2024-06-20T08:20:02.008140" elapsed="0.001803"/>
</iter>
<iter>
<kw name="Dictionary Should Contain Key" owner="Collections">
<arg>${json_data['results'][0]}</arg>
<arg>${key}</arg>
<doc>Fails if ``key`` is not found from ``dictionary``.</doc>
<status status="PASS" start="2024-06-20T08:20:02.010232" elapsed="0.000378"/>
</kw>
<kw name="Log" owner="BuiltIn">
<msg time="2024-06-20T08:20:02.011135" level="INFO">{'gender': 'male', 'name': {'title': 'Mr', 'first': 'Tomas', 'last': 'Maier'}, 'location': {'street': {'number': 4839, 'name': 'Birkenweg'}, 'city': 'Stühlingen', 'state': 'Saarland', 'country': 'Germany', 'postcode': 67368, 'coordinates': {'latitude': '-52.1676', 'longitude': '-3.6513'}, 'timezone': {'offset': '+2:00', 'description': 'Kaliningrad, South Africa'}}, 'email': 'tomas.maier@example.com', 'login': {'uuid': 'e8872dba-5567-4b57-a7f5-9d37601b32bb', 'username': 'yellowfrog641', 'password': 'jabroni', 'salt': 'uuzBUuDl', 'md5': '59927405a1f795faa754d4c3c04b9635', 'sha1': '542531d409fa6e7ec013d4485b0f21bf470194fe', 'sha256': '27e76b30b23555a043f51751cff624e48013b82afbe32e04e1e35a2c60057be5'}, 'dob': {'date': '1992-12-23T06:38:59.223Z', 'age': 31}, 'registered': {'date': '2006-09-28T04:18:06.062Z', 'age': 17}, 'phone': '0300-7117655', 'cell': '0178-3879642', 'id': {'name': 'SVNR', 'value': '70 231292 M 451'}, 'picture': {'large': 'https://randomuser.me/api/portraits/men/43.jpg', 'medium': 'https://randomuser.me/api/portraits/med/men/43.jpg', 'thumbnail': 'https://randomuser.me/api/portraits/thumb/men/43.jpg'}, 'nat': 'DE'}</msg>
<arg>${json_data['results'][0]}</arg>
<doc>Logs the given message with the given level.</doc>
<status status="PASS" start="2024-06-20T08:20:02.010791" elapsed="0.000429"/>
</kw>
<kw name="Log" owner="BuiltIn">
<msg time="2024-06-20T08:20:02.011636" level="INFO">name</msg>
<arg>${key}</arg>
<doc>Logs the given message with the given level.</doc>
<status status="PASS" start="2024-06-20T08:20:02.011512" elapsed="0.000160"/>
</kw>
<var name="${key}">name</var>
<status status="PASS" start="2024-06-20T08:20:02.010121" elapsed="0.001770"/>
</iter>
<iter>
<kw name="Dictionary Should Contain Key" owner="Collections">
<arg>${json_data['results'][0]}</arg>
<arg>${key}</arg>
<doc>Fails if ``key`` is not found from ``dictionary``.</doc>
<status status="PASS" start="2024-06-20T08:20:02.012170" elapsed="0.000378"/>
</kw>
<kw name="Log" owner="BuiltIn">
<msg time="2024-06-20T08:20:02.013076" level="INFO">{'gender': 'male', 'name': {'title': 'Mr', 'first': 'Tomas', 'last': 'Maier'}, 'location': {'street': {'number': 4839, 'name': 'Birkenweg'}, 'city': 'Stühlingen', 'state': 'Saarland', 'country': 'Germany', 'postcode': 67368, 'coordinates': {'latitude': '-52.1676', 'longitude': '-3.6513'}, 'timezone': {'offset': '+2:00', 'description': 'Kaliningrad, South Africa'}}, 'email': 'tomas.maier@example.com', 'login': {'uuid': 'e8872dba-5567-4b57-a7f5-9d37601b32bb', 'username': 'yellowfrog641', 'password': 'jabroni', 'salt': 'uuzBUuDl', 'md5': '59927405a1f795faa754d4c3c04b9635', 'sha1': '542531d409fa6e7ec013d4485b0f21bf470194fe', 'sha256': '27e76b30b23555a043f51751cff624e48013b82afbe32e04e1e35a2c60057be5'}, 'dob': {'date': '1992-12-23T06:38:59.223Z', 'age': 31}, 'registered': {'date': '2006-09-28T04:18:06.062Z', 'age': 17}, 'phone': '0300-7117655', 'cell': '0178-3879642', 'id': {'name': 'SVNR', 'value': '70 231292 M 451'}, 'picture': {'large': 'https://randomuser.me/api/portraits/men/43.jpg', 'medium': 'https://randomuser.me/api/portraits/med/men/43.jpg', 'thumbnail': 'https://randomuser.me/api/portraits/thumb/men/43.jpg'}, 'nat': 'DE'}</msg>
<arg>${json_data['results'][0]}</arg>
<doc>Logs the given message with the given level.</doc>
<status status="PASS" start="2024-06-20T08:20:02.012724" elapsed="0.000402"/>
</kw>
<kw name="Log" owner="BuiltIn">
<msg time="2024-06-20T08:20:02.013532" level="INFO">location</msg>
<arg>${key}</arg>
<doc>Logs the given message with the given level.</doc>
<status status="PASS" start="2024-06-20T08:20:02.013410" elapsed="0.000157"/>
</kw>
<var name="${key}">location</var>
<status status="PASS" start="2024-06-20T08:20:02.012065" elapsed="0.001712"/>
</iter>
<iter>
<kw name="Dictionary Should Contain Key" owner="Collections">
<arg>${json_data['results'][0]}</arg>
<arg>${key}</arg>
<doc>Fails if ``key`` is not found from ``dictionary``.</doc>
<status status="PASS" start="2024-06-20T08:20:02.014081" elapsed="0.000378"/>
</kw>
<kw name="Log" owner="BuiltIn">
<msg time="2024-06-20T08:20:02.014989" level="INFO">{'gender': 'male', 'name': {'title': 'Mr', 'first': 'Tomas', 'last': 'Maier'}, 'location': {'street': {'number': 4839, 'name': 'Birkenweg'}, 'city': 'Stühlingen', 'state': 'Saarland', 'country': 'Germany', 'postcode': 67368, 'coordinates': {'latitude': '-52.1676', 'longitude': '-3.6513'}, 'timezone': {'offset': '+2:00', 'description': 'Kaliningrad, South Africa'}}, 'email': 'tomas.maier@example.com', 'login': {'uuid': 'e8872dba-5567-4b57-a7f5-9d37601b32bb', 'username': 'yellowfrog641', 'password': 'jabroni', 'salt': 'uuzBUuDl', 'md5': '59927405a1f795faa754d4c3c04b9635', 'sha1': '542531d409fa6e7ec013d4485b0f21bf470194fe', 'sha256': '27e76b30b23555a043f51751cff624e48013b82afbe32e04e1e35a2c60057be5'}, 'dob': {'date': '1992-12-23T06:38:59.223Z', 'age': 31}, 'registered': {'date': '2006-09-28T04:18:06.062Z', 'age': 17}, 'phone': '0300-7117655', 'cell': '0178-3879642', 'id': {'name': 'SVNR', 'value': '70 231292 M 451'}, 'picture': {'large': 'https://randomuser.me/api/portraits/men/43.jpg', 'medium': 'https://randomuser.me/api/portraits/med/men/43.jpg', 'thumbnail': 'https://randomuser.me/api/portraits/thumb/men/43.jpg'}, 'nat': 'DE'}</msg>
<arg>${json_data['results'][0]}</arg>
<doc>Logs the given message with the given level.</doc>
<status status="PASS" start="2024-06-20T08:20:02.014641" elapsed="0.000402"/>
</kw>
<kw name="Log" owner="BuiltIn">
<msg time="2024-06-20T08:20:02.015470" level="INFO">email</msg>
<arg>${key}</arg>
<doc>Logs the given message with the given level.</doc>
<status status="PASS" start="2024-06-20T08:20:02.015344" elapsed="0.000163"/>
</kw>
<var name="${key}">email</var>
<status status="PASS" start="2024-06-20T08:20:02.013976" elapsed="0.001742"/>
</iter>
<iter>
<kw name="Dictionary Should Contain Key" owner="Collections">
<arg>${json_data['results'][0]}</arg>
<arg>${key}</arg>
<doc>Fails if ``key`` is not found from ``dictionary``.</doc>
<status status="PASS" start="2024-06-20T08:20:02.015999" elapsed="0.000392"/>
</kw>
<kw name="Log" owner="BuiltIn">
<msg time="2024-06-20T08:20:02.016916" level="INFO">{'gender': 'male', 'name': {'title': 'Mr', 'first': 'Tomas', 'last': 'Maier'}, 'location': {'street': {'number': 4839, 'name': 'Birkenweg'}, 'city': 'Stühlingen', 'state': 'Saarland', 'country': 'Germany', 'postcode': 67368, 'coordinates': {'latitude': '-52.1676', 'longitude': '-3.6513'}, 'timezone': {'offset': '+2:00', 'description': 'Kaliningrad, South Africa'}}, 'email': 'tomas.maier@example.com', 'login': {'uuid': 'e8872dba-5567-4b57-a7f5-9d37601b32bb', 'username': 'yellowfrog641', 'password': 'jabroni', 'salt': 'uuzBUuDl', 'md5': '59927405a1f795faa754d4c3c04b9635', 'sha1': '542531d409fa6e7ec013d4485b0f21bf470194fe', 'sha256': '27e76b30b23555a043f51751cff624e48013b82afbe32e04e1e35a2c60057be5'}, 'dob': {'date': '1992-12-23T06:38:59.223Z', 'age': 31}, 'registered': {'date': '2006-09-28T04:18:06.062Z', 'age': 17}, 'phone': '0300-7117655', 'cell': '0178-3879642', 'id': {'name': 'SVNR', 'value': '70 231292 M 451'}, 'picture': {'large': 'https://randomuser.me/api/portraits/men/43.jpg', 'medium': 'https://randomuser.me/api/portraits/med/men/43.jpg', 'thumbnail': 'https://randomuser.me/api/portraits/thumb/men/43.jpg'}, 'nat': 'DE'}</msg>
<arg>${json_data['results'][0]}</arg>
<doc>Logs the given message with the given level.</doc>
<status status="PASS" start="2024-06-20T08:20:02.016570" elapsed="0.000395"/>
</kw>
<kw name="Log" owner="BuiltIn">
<msg time="2024-06-20T08:20:02.017385" level="INFO">login</msg>
<arg>${key}</arg>
<doc>Logs the given message with the given level.</doc>
<status status="PASS" start="2024-06-20T08:20:02.017260" elapsed="0.000162"/>
</kw>
<var name="${key}">login</var>
<status status="PASS" start="2024-06-20T08:20:02.015887" elapsed="0.001745"/>
</iter>
<var>${key}</var>
<value>@{expected_keys}</value>
<status status="PASS" start="2024-06-20T08:20:02.007944" elapsed="0.009806"/>
</for>
<kw name="Create List" owner="BuiltIn">
<msg time="2024-06-20T08:20:02.018103" level="INFO">${expected_keysTwo} = ['username', 'password']</msg>
<var>${expected_keysTwo}</var>
<arg>username</arg>
<arg>password</arg>
<doc>Returns a list containing given items.</doc>
<status status="PASS" start="2024-06-20T08:20:02.017961" elapsed="0.000165"/>
</kw>
<for flavor="IN">
<iter>
<kw name="Dictionary Should Contain Key" owner="Collections">
<arg>${json_data['results'][0]['login']}</arg>
<arg>${keyTwo}</arg>
<doc>Fails if ``key`` is not found from ``dictionary``.</doc>
<status status="PASS" start="2024-06-20T08:20:02.018642" elapsed="0.000377"/>
</kw>
<kw name="Dictionary Should Contain Key" owner="Collections">
<arg>${json_data['results'][0]['login']}</arg>
<arg>${keyTwo}</arg>
<doc>Fails if ``key`` is not found from ``dictionary``.</doc>
<status status="PASS" start="2024-06-20T08:20:02.019199" elapsed="0.000362"/>
</kw>
<kw name="Log" owner="BuiltIn">
<msg time="2024-06-20T08:20:02.019851" level="INFO">username</msg>
<arg>${keyTwo}</arg>
<doc>Logs the given message with the given level.</doc>
<status status="PASS" start="2024-06-20T08:20:02.019735" elapsed="0.000152"/>
</kw>
<var name="${keyTwo}">username</var>
<status status="PASS" start="2024-06-20T08:20:02.018536" elapsed="0.001570"/>
</iter>
<iter>
<kw name="Dictionary Should Contain Key" owner="Collections">
<arg>${json_data['results'][0]['login']}</arg>
<arg>${keyTwo}</arg>
<doc>Fails if ``key`` is not found from ``dictionary``.</doc>
<status status="PASS" start="2024-06-20T08:20:02.020376" elapsed="0.000371"/>
</kw>
<kw name="Dictionary Should Contain Key" owner="Collections">
<arg>${json_data['results'][0]['login']}</arg>
<arg>${keyTwo}</arg>
<doc>Fails if ``key`` is not found from ``dictionary``.</doc>
<status status="PASS" start="2024-06-20T08:20:02.020922" elapsed="0.000369"/>
</kw>
<kw name="Log" owner="BuiltIn">
<msg time="2024-06-20T08:20:02.021582" level="INFO">password</msg>
<arg>${keyTwo}</arg>
<doc>Logs the given message with the given level.</doc>
<status status="PASS" start="2024-06-20T08:20:02.021465" elapsed="0.000152"/>
</kw>
<var name="${keyTwo}">password</var>
<status status="PASS" start="2024-06-20T08:20:02.020272" elapsed="0.001685"/>
</iter>
<var>${keyTwo}</var>
<value>@{expected_keysTwo}</value>
<status status="PASS" start="2024-06-20T08:20:02.018382" elapsed="0.003696"/>
</for>
<status status="PASS" start="2024-06-20T08:20:01.651688" elapsed="0.370529"/>
</kw>
<doc>Testa a estrutura da resposta da API.</doc>
<tag>testeEstruturaResposta</tag>
<status status="PASS" start="2024-06-20T08:20:01.651187" elapsed="0.371184"/>
</test>
<test id="s1-s1-t4" name="Validar tipos de dados" line="28">
<kw name="Teste de Tipos de Dados" owner="random-user-service">
<kw name="GET On Session" owner="RequestsLibrary">
<msg time="2024-06-20T08:20:02.238166" level="INFO">GET Request : url=https://randomuser.me/api 
 path_url=/api 
 headers={'User-Agent': 'python-requests/2.32.3', 'Accept-Encoding': 'gzip, deflate', 'Accept': '*/*', 'Connection': 'keep-alive'} 
 body=None 
 </msg>
<msg time="2024-06-20T08:20:02.238275" level="INFO">GET Response : url=https://randomuser.me/api 
 status=200, reason=OK 
 headers={'Date': 'Thu, 20 Jun 2024 08:20:02 GMT', 'Content-Type': 'application/json; charset=utf-8', 'Transfer-Encoding': 'chunked', 'Connection': 'keep-alive', 'X-Powered-By': 'Express', 'Access-Control-Allow-Origin': '*', 'Cache-Control': 'no-cache', 'ETag': 'W/"49e-+RQoCMcxElZiBJLas7aiyRrhDCQ"', 'Vary': 'Accept-Encoding', 'Content-Encoding': 'gzip', 'CF-Cache-Status': 'DYNAMIC', 'Report-To': '{"endpoints":[{"url":"https:\\/\\/a.nel.cloudflare.com\\/report\\/v4?s=QKkzfdcBUJ1s1f1KVEb028NwaWr62pkS%2BteVT1OkNrEbjYvb1RRp%2BTpZxknjmGefRvVpY4UYad6TOjMUNq0jkYoGi8n6pSbT9%2FlL6hRVYqlC%2B9mAkaHL1kqrbWxAdF78"}],"group":"cf-nel","max_age":604800}', 'NEL': '{"success_fraction":0,"report_to":"cf-nel","max_age":604800}', 'Server': 'cloudflare', 'CF-RAY': '896a5658ae53983d-SJC', 'alt-svc': 'h3=":443"; ma=86400'} 
 body={"results":[{"gender":"female","name":{"title":"Ms","first":"Bazhana","last":"Pauchenko"},"location":{"street":{"number":1130,"name":"Vasilya Shchavinskogo"},"city":"Skalat","state":"Chernivecka","country":"Ukraine","postcode":21238,"coordinates":{"latitude":"73.9767","longitude":"113.5401"},"timezone":{"offset":"+8:00","description":"Beijing, Perth, Singapore, Hong Kong"}},"email":"bazhana.pauchenko@example.com","login":{"uuid":"1afd1fcf-1e3b-47dc-893f-eee2b74f7364","username":"yellowtiger913","password":"coach","salt":"3oRD1VqL","md5":"e024506966d023537a1db0a8868769a6","sha1":"324a92bd2559b1866c85ac8bfc66557466f3f7de","sha256":"e3b5faf6602c83497242240a51bbd839ae0580264e71cb9a86f2a2dacdb7029b"},"dob":{"date":"1996-04-10T22:33:48.483Z","age":28},"registered":{"date":"2004-12-29T17:28:14.259Z","age":19},"phone":"(096) H94-2423","cell":"(068) I32-0199","id":{"name":"","value":null},"picture":{"large":"https://randomuser.me/api/portraits/women/68.jpg","medium":"https://randomuser.me/api/portraits/med/women/68.jpg","thumbnail":"https://randomuser.me/api/portraits/thumb/women/68.jpg"},"nat":"UA"}],"info":{"seed":"ef4864e9f84b272b","results":1,"page":1,"version":"1.4"}} 
 </msg>
<msg time="2024-06-20T08:20:02.238358" level="INFO">/opt/hostedtoolcache/Python/3.12.4/x64/lib/python3.12/site-packages/urllib3/connectionpool.py:1099: InsecureRequestWarning: Unverified HTTPS request is being made to host 'randomuser.me'. Adding certificate verification is strongly advised. See: https://urllib3.readthedocs.io/en/latest/advanced-usage.html#tls-warnings
  warnings.warn(</msg>
<msg time="2024-06-20T08:20:02.238524" level="INFO">${response} = &lt;Response [200]&gt;</msg>
<var>${response}</var>
<arg>consultarAPI</arg>
<arg>/api</arg>
<doc>Sends a GET request on a previously created HTTP Session.</doc>
<status status="PASS" start="2024-06-20T08:20:02.024768" elapsed="0.213808"/>
</kw>
<kw name="Set Variable" owner="BuiltIn">
<msg time="2024-06-20T08:20:02.239578" level="INFO">${json_data} = {'results': [{'gender': 'female', 'name': {'title': 'Ms', 'first': 'Bazhana', 'last': 'Pauchenko'}, 'location': {'street': {'number': 1130, 'name': 'Vasilya Shchavinskogo'}, 'city': 'Skalat', 'state':...</msg>
<var>${json_data}</var>
<arg>${response.json()}</arg>
<doc>Returns the given values which can then be assigned to a variables.</doc>
<status status="PASS" start="2024-06-20T08:20:02.239069" elapsed="0.000537"/>
</kw>
<kw name="Log" owner="BuiltIn">
<msg time="2024-06-20T08:20:02.240053" level="INFO">{'results': [{'gender': 'female', 'name': {'title': 'Ms', 'first': 'Bazhana', 'last': 'Pauchenko'}, 'location': {'street': {'number': 1130, 'name': 'Vasilya Shchavinskogo'}, 'city': 'Skalat', 'state': 'Chernivecka', 'country': 'Ukraine', 'postcode': 21238, 'coordinates': {'latitude': '73.9767', 'longitude': '113.5401'}, 'timezone': {'offset': '+8:00', 'description': 'Beijing, Perth, Singapore, Hong Kong'}}, 'email': 'bazhana.pauchenko@example.com', 'login': {'uuid': '1afd1fcf-1e3b-47dc-893f-eee2b74f7364', 'username': 'yellowtiger913', 'password': 'coach', 'salt': '3oRD1VqL', 'md5': 'e024506966d023537a1db0a8868769a6', 'sha1': '324a92bd2559b1866c85ac8bfc66557466f3f7de', 'sha256': 'e3b5faf6602c83497242240a51bbd839ae0580264e71cb9a86f2a2dacdb7029b'}, 'dob': {'date': '1996-04-10T22:33:48.483Z', 'age': 28}, 'registered': {'date': '2004-12-29T17:28:14.259Z', 'age': 19}, 'phone': '(096) H94-2423', 'cell': '(068) I32-0199', 'id': {'name': '', 'value': None}, 'picture': {'large': 'https://randomuser.me/api/portraits/women/68.jpg', 'medium': 'https://randomuser.me/api/portraits/med/women/68.jpg', 'thumbnail': 'https://randomuser.me/api/portraits/thumb/women/68.jpg'}, 'nat': 'UA'}], 'info': {'seed': 'ef4864e9f84b272b', 'results': 1, 'page': 1, 'version': '1.4'}}</msg>
<arg>${json_data}</arg>
<doc>Logs the given message with the given level.</doc>
<status status="PASS" start="2024-06-20T08:20:02.239902" elapsed="0.000198"/>
</kw>
<kw name="Should Be String" owner="String">
<arg>${json_data['results'][0]['gender']}</arg>
<doc>Fails if the given ``item`` is not a string.</doc>
<status status="PASS" start="2024-06-20T08:20:02.240378" elapsed="0.000357"/>
</kw>
<kw name="Should Match Regexp" owner="BuiltIn">
<arg>${json_data['results'][0]['email']}</arg>
<arg>^[a-zA-Z0-9._%+-]+@[a-zA-Z0-9.-]+\.[a-zA-Z]{2,}$</arg>
<doc>Fails if ``string`` does not match ``pattern`` as a regular expression.</doc>
<status status="PASS" start="2024-06-20T08:20:02.240922" elapsed="0.000514"/>
</kw>
<kw name="Should Match Regexp" owner="BuiltIn">
<arg>${json_data['results'][0]['dob']['date']}</arg>
<arg>\\d{4}-\\d{2}-\\d{2}T\\d{2}:\\d{2}:\\d{2}\\.\\d{3}Z</arg>
<doc>Fails if ``string`` does not match ``pattern`` as a regular expression.</doc>
<status status="PASS" start="2024-06-20T08:20:02.241664" elapsed="0.000520"/>
</kw>
<kw name="Should Match Regexp" owner="BuiltIn">
<arg>${json_data['results'][0]['registered']['date']}</arg>
<arg>\\d{4}-\\d{2}-\\d{2}T\\d{2}:\\d{2}:\\d{2}\\.\\d{3}Z</arg>
<doc>Fails if ``string`` does not match ``pattern`` as a regular expression.</doc>
<status status="PASS" start="2024-06-20T08:20:02.242373" elapsed="0.000361"/>
</kw>
<kw name="Should Match Regexp" owner="BuiltIn">
<arg>${json_data['results'][0]['picture']['large']}</arg>
<arg>^https?://.*\.(?:png|jpe?g|gif|bmp)$</arg>
<doc>Fails if ``string`` does not match ``pattern`` as a regular expression.</doc>
<status status="PASS" start="2024-06-20T08:20:02.242918" elapsed="0.000464"/>
</kw>
<kw name="Should Match Regexp" owner="BuiltIn">
<arg>${json_data['results'][0]['picture']['medium']}</arg>
<arg>^https?://.*\.(?:png|jpe?g|gif|bmp)$</arg>
<doc>Fails if ``string`` does not match ``pattern`` as a regular expression.</doc>
<status status="PASS" start="2024-06-20T08:20:02.243564" elapsed="0.000350"/>
</kw>
<kw name="Should Match Regexp" owner="BuiltIn">
<arg>${json_data['results'][0]['picture']['thumbnail']}</arg>
<arg>^https?://.*\.(?:png|jpe?g|gif|bmp)$</arg>
<doc>Fails if ``string`` does not match ``pattern`` as a regular expression.</doc>
<status status="PASS" start="2024-06-20T08:20:02.244092" elapsed="0.000341"/>
</kw>
<kw name="Log" owner="BuiltIn">
<msg time="2024-06-20T08:20:02.244927" level="INFO">{'large': 'https://randomuser.me/api/portraits/women/68.jpg', 'medium': 'https://randomuser.me/api/portraits/med/women/68.jpg', 'thumbnail': 'https://randomuser.me/api/portraits/thumb/women/68.jpg'}</msg>
<arg>${json_data['results'][0]['picture']}</arg>
<doc>Logs the given message with the given level.</doc>
<status status="PASS" start="2024-06-20T08:20:02.244612" elapsed="0.000356"/>
</kw>
<status status="PASS" start="2024-06-20T08:20:02.024549" elapsed="0.220673"/>
</kw>
<kw name="Teste de Tipos de Dados - Postcode" owner="random-user-service">
<kw name="GET On Session" owner="RequestsLibrary">
<msg time="2024-06-20T08:20:02.530501" level="INFO">GET Request : url=https://randomuser.me/api 
 path_url=/api 
 headers={'User-Agent': 'python-requests/2.32.3', 'Accept-Encoding': 'gzip, deflate', 'Accept': '*/*', 'Connection': 'keep-alive'} 
 body=None 
 </msg>
<msg time="2024-06-20T08:20:02.530613" level="INFO">GET Response : url=https://randomuser.me/api 
 status=200, reason=OK 
 headers={'Date': 'Thu, 20 Jun 2024 08:20:02 GMT', 'Content-Type': 'application/json; charset=utf-8', 'Transfer-Encoding': 'chunked', 'Connection': 'keep-alive', 'X-Powered-By': 'Express', 'Access-Control-Allow-Origin': '*', 'Cache-Control': 'no-cache', 'ETag': 'W/"486-0VgIJl81XmQgy0VmEI/+OBu2O/M"', 'Vary': 'Accept-Encoding', 'Content-Encoding': 'gzip', 'CF-Cache-Status': 'DYNAMIC', 'Report-To': '{"endpoints":[{"url":"https:\\/\\/a.nel.cloudflare.com\\/report\\/v4?s=Y9%2B8LTFYH9yuDrQeBQu8l3g2V%2FqVzFWXiDDe%2FmiTd6incQ1JW9NVGIhcSdyE9V4uI1m2824TdyKVNTvVGnB7R5sKQgXLS%2FQsFwhRkzW9X1LGVIPJZT8XLfqWlvj4Zvp%2B"}],"group":"cf-nel","max_age":604800}', 'NEL': '{"success_fraction":0,"report_to":"cf-nel","max_age":604800}', 'Server': 'cloudflare', 'CF-RAY': '896a565a0ed7983d-SJC', 'alt-svc': 'h3=":443"; ma=86400'} 
 body={"results":[{"gender":"male","name":{"title":"Mr","first":"آرمین","last":"گلشن"},"location":{"street":{"number":8035,"name":"استاد قریب"},"city":"بوشهر","state":"زنجان","country":"Iran","postcode":70433,"coordinates":{"latitude":"16.6205","longitude":"-90.6758"},"timezone":{"offset":"-7:00","description":"Mountain Time (US &amp; Canada)"}},"email":"armyn.glshn@example.com","login":{"uuid":"1f2c146a-ae2d-4fe5-9e50-2c95777a8e0d","username":"goldenbird245","password":"terminal","salt":"Q5l276ww","md5":"e6b25a1aade0431b7401c496d9550fea","sha1":"bcda39434c81914f2336caad07578dc3d8015e60","sha256":"e007d444f43bfa1bb41a8a875b0682958c6abe83736be8b2b420b8e3b2949322"},"dob":{"date":"1989-07-12T05:46:34.293Z","age":34},"registered":{"date":"2014-02-24T09:34:06.016Z","age":10},"phone":"044-46580828","cell":"0978-941-3254","id":{"name":"","value":null},"picture":{"large":"https://randomuser.me/api/portraits/men/36.jpg","medium":"https://randomuser.me/api/portraits/med/men/36.jpg","thumbnail":"https://randomuser.me/api/portraits/thumb/men/36.jpg"},"nat":"IR"}],"info":{"seed":"feb0bfe7c4a72033","results":1,"page":1,"version":"1.4"}} 
 </msg>
<msg time="2024-06-20T08:20:02.530709" level="INFO">/opt/hostedtoolcache/Python/3.12.4/x64/lib/python3.12/site-packages/urllib3/connectionpool.py:1099: InsecureRequestWarning: Unverified HTTPS request is being made to host 'randomuser.me'. Adding certificate verification is strongly advised. See: https://urllib3.readthedocs.io/en/latest/advanced-usage.html#tls-warnings
  warnings.warn(</msg>
<msg time="2024-06-20T08:20:02.530870" level="INFO">${response} = &lt;Response [200]&gt;</msg>
<var>${response}</var>
<arg>consultarAPI</arg>
<arg>/api</arg>
<doc>Sends a GET request on a previously created HTTP Session.</doc>
<status status="PASS" start="2024-06-20T08:20:02.245668" elapsed="0.285262"/>
</kw>
<kw name="Set Variable" owner="BuiltIn">
<msg time="2024-06-20T08:20:02.531971" level="INFO">${json_data} = {'results': [{'gender': 'male', 'name': {'title': 'Mr', 'first': 'آرمین', 'last': 'گلشن'}, 'location': {'street': {'number': 8035, 'name': 'استاد قریب'}, 'city': 'بوشهر', 'state': 'زنجان', 'country': ...</msg>
<var>${json_data}</var>
<arg>${response.json()}</arg>
<doc>Returns the given values which can then be assigned to a variables.</doc>
<status status="PASS" start="2024-06-20T08:20:02.531435" elapsed="0.000567"/>
</kw>
<kw name="Log" owner="BuiltIn">
<msg time="2024-06-20T08:20:02.532487" level="INFO">{'results': [{'gender': 'male', 'name': {'title': 'Mr', 'first': 'آرمین', 'last': 'گلشن'}, 'location': {'street': {'number': 8035, 'name': 'استاد قریب'}, 'city': 'بوشهر', 'state': 'زنجان', 'country': 'Iran', 'postcode': 70433, 'coordinates': {'latitude': '16.6205', 'longitude': '-90.6758'}, 'timezone': {'offset': '-7:00', 'description': 'Mountain Time (US &amp; Canada)'}}, 'email': 'armyn.glshn@example.com', 'login': {'uuid': '1f2c146a-ae2d-4fe5-9e50-2c95777a8e0d', 'username': 'goldenbird245', 'password': 'terminal', 'salt': 'Q5l276ww', 'md5': 'e6b25a1aade0431b7401c496d9550fea', 'sha1': 'bcda39434c81914f2336caad07578dc3d8015e60', 'sha256': 'e007d444f43bfa1bb41a8a875b0682958c6abe83736be8b2b420b8e3b2949322'}, 'dob': {'date': '1989-07-12T05:46:34.293Z', 'age': 34}, 'registered': {'date': '2014-02-24T09:34:06.016Z', 'age': 10}, 'phone': '044-46580828', 'cell': '0978-941-3254', 'id': {'name': '', 'value': None}, 'picture': {'large': 'https://randomuser.me/api/portraits/men/36.jpg', 'medium': 'https://randomuser.me/api/portraits/med/men/36.jpg', 'thumbnail': 'https://randomuser.me/api/portraits/thumb/men/36.jpg'}, 'nat': 'IR'}], 'info': {'seed': 'feb0bfe7c4a72033', 'results': 1, 'page': 1, 'version': '1.4'}}</msg>
<arg>${json_data}</arg>
<doc>Logs the given message with the given level.</doc>
<status status="PASS" start="2024-06-20T08:20:02.532312" elapsed="0.000227"/>
</kw>
<kw name="Should Be Equal As Numbers" owner="BuiltIn">
<arg>${json_data['results'][0]['location']['postcode']}</arg>
<arg>${json_data['results'][0]['location']['postcode']}</arg>
<doc>Fails if objects are unequal after converting them to real numbers.</doc>
<status status="PASS" start="2024-06-20T08:20:02.532840" elapsed="0.000616"/>
</kw>
<kw name="Log" owner="BuiltIn">
<msg time="2024-06-20T08:20:02.534173" level="INFO">70433</msg>
<arg>${json_data['results'][0]['location']['postcode']}</arg>
<doc>Logs the given message with the given level.</doc>
<status status="PASS" start="2024-06-20T08:20:02.533637" elapsed="0.000576"/>
</kw>
<status status="PASS" start="2024-06-20T08:20:02.245447" elapsed="0.289048"/>
</kw>
<doc>Testa se os tipos de dados na resposta da API estão corretos.</doc>
<tag>testeTiposDados</tag>
<status status="PASS" start="2024-06-20T08:20:02.024098" elapsed="0.510562"/>
</test>
<test id="s1-s1-t5" name="Validar conteudo" line="35">
<kw name="Teste de Tipos de Conteudo" owner="random-user-service">
<kw name="GET On Session" owner="RequestsLibrary">
<msg time="2024-06-20T08:20:02.802247" level="INFO">GET Request : url=https://randomuser.me/api 
 path_url=/api 
 headers={'User-Agent': 'python-requests/2.32.3', 'Accept-Encoding': 'gzip, deflate', 'Accept': '*/*', 'Connection': 'keep-alive'} 
 body=None 
 </msg>
<msg time="2024-06-20T08:20:02.802362" level="INFO">GET Response : url=https://randomuser.me/api 
 status=200, reason=OK 
 headers={'Date': 'Thu, 20 Jun 2024 08:20:02 GMT', 'Content-Type': 'application/json; charset=utf-8', 'Transfer-Encoding': 'chunked', 'Connection': 'keep-alive', 'X-Powered-By': 'Express', 'Access-Control-Allow-Origin': '*', 'Cache-Control': 'no-cache', 'ETag': 'W/"4a1-du//fbqVgYAfMNlQ+msQbYIakp0"', 'Vary': 'Accept-Encoding', 'Content-Encoding': 'gzip', 'CF-Cache-Status': 'DYNAMIC', 'Report-To': '{"endpoints":[{"url":"https:\\/\\/a.nel.cloudflare.com\\/report\\/v4?s=S%2FuSpaNqI2kN7pM2es0j21%2BluCuGbWDAxXVtCcsfK2GkL9GKnEndWtRJzWt%2BozBSrlf6RS1QN5V1zOJDiRfgt9aDZ9f%2FDfW3mW%2BCrL7gAgKj7Z%2FHoR3mgl4n6B1ov%2B35"}],"group":"cf-nel","max_age":604800}', 'NEL': '{"success_fraction":0,"report_to":"cf-nel","max_age":604800}', 'Server': 'cloudflare', 'CF-RAY': '896a565bdf7c983d-SJC', 'alt-svc': 'h3=":443"; ma=86400'} 
 body={"results":[{"gender":"female","name":{"title":"Mrs","first":"Ustina","last":"Kindratenko"},"location":{"street":{"number":9088,"name":"Ploshcha Povstalih"},"city":"Derazhnya","state":"Volinska","country":"Ukraine","postcode":76549,"coordinates":{"latitude":"77.6073","longitude":"95.8794"},"timezone":{"offset":"-5:00","description":"Eastern Time (US &amp; Canada), Bogota, Lima"}},"email":"ustina.kindratenko@example.com","login":{"uuid":"e663eb31-bb18-45d9-914c-1f952ad2f3e8","username":"smallbird951","password":"desiree","salt":"SgFvZLKg","md5":"dd8fe3998aa2818f4f7c34857999246b","sha1":"f498b73cc4d5d2fac521444d0b144a09efbb06cc","sha256":"c243f9de74c7ca9b647568b2e8cc4ae7ce318f86c9d8ebe7a9ded478615bd1e7"},"dob":{"date":"1978-06-14T10:27:14.830Z","age":46},"registered":{"date":"2008-11-11T06:47:45.780Z","age":15},"phone":"(097) V19-2951","cell":"(098) Q59-4879","id":{"name":"","value":null},"picture":{"large":"https://randomuser.me/api/portraits/women/17.jpg","medium":"https://randomuser.me/api/portraits/med/women/17.jpg","thumbnail":"https://randomuser.me/api/portraits/thumb/women/17.jpg"},"nat":"UA"}],"info":{"seed":"8319947d9b1333a7","results":1,"page":1,"version":"1.4"}} 
 </msg>
<msg time="2024-06-20T08:20:02.802446" level="INFO">/opt/hostedtoolcache/Python/3.12.4/x64/lib/python3.12/site-packages/urllib3/connectionpool.py:1099: InsecureRequestWarning: Unverified HTTPS request is being made to host 'randomuser.me'. Adding certificate verification is strongly advised. See: https://urllib3.readthedocs.io/en/latest/advanced-usage.html#tls-warnings
  warnings.warn(</msg>
<msg time="2024-06-20T08:20:02.802591" level="INFO">${response} = &lt;Response [200]&gt;</msg>
<var>${response}</var>
<arg>consultarAPI</arg>
<arg>/api</arg>
<doc>Sends a GET request on a previously created HTTP Session.</doc>
<status status="PASS" start="2024-06-20T08:20:02.537158" elapsed="0.265477"/>
</kw>
<kw name="Set Variable" owner="BuiltIn">
<msg time="2024-06-20T08:20:02.803617" level="INFO">${json_data} = {'results': [{'gender': 'female', 'name': {'title': 'Mrs', 'first': 'Ustina', 'last': 'Kindratenko'}, 'location': {'street': {'number': 9088, 'name': 'Ploshcha Povstalih'}, 'city': 'Derazhnya', 'state...</msg>
<var>${json_data}</var>
<arg>${response.json()}</arg>
<doc>Returns the given values which can then be assigned to a variables.</doc>
<status status="PASS" start="2024-06-20T08:20:02.803126" elapsed="0.000520"/>
</kw>
<kw name="Set Variable" owner="BuiltIn">
<msg time="2024-06-20T08:20:02.804321" level="INFO">${name_title} = Mrs</msg>
<var>${name_title}</var>
<arg>${json_data["results"][0]["name"]["title"]}</arg>
<doc>Returns the given values which can then be assigned to a variables.</doc>
<status status="PASS" start="2024-06-20T08:20:02.803941" elapsed="0.000404"/>
</kw>
<kw name="Create List" owner="BuiltIn">
<msg time="2024-06-20T08:20:02.804779" level="INFO">${allowed_titles} = ['Mr', 'Ms', 'Miss', 'Mrs', 'Madame', 'Monsieur']</msg>
<var>${allowed_titles}</var>
<arg>Mr</arg>
<arg>Ms</arg>
<arg>Miss</arg>
<arg>Mrs</arg>
<arg>Madame</arg>
<arg>Monsieur</arg>
<doc>Returns a list containing given items.</doc>
<status status="PASS" start="2024-06-20T08:20:02.804634" elapsed="0.000168"/>
</kw>
<kw name="List Should Contain Value" owner="Collections">
<arg>${allowed_titles}</arg>
<arg>${name_title}</arg>
<doc>Fails if the ``value`` is not found from ``list``.</doc>
<status status="PASS" start="2024-06-20T08:20:02.805098" elapsed="0.000171"/>
</kw>
<kw name="Set Variable" owner="BuiltIn">
<msg time="2024-06-20T08:20:02.805803" level="INFO">${name_country} = UA</msg>
<var>${name_country}</var>
<arg>${json_data["results"][0]["nat"]}</arg>
<doc>Returns the given values which can then be assigned to a variables.</doc>
<status status="PASS" start="2024-06-20T08:20:02.805439" elapsed="0.000425"/>
</kw>
<kw name="Create List" owner="BuiltIn">
<msg time="2024-06-20T08:20:02.806751" level="INFO">${list_country} = ['AD', 'AE', 'AF', 'AG', 'AI', 'AL', 'AM', 'AO', 'AQ', 'AR', 'AS', 'AT', 'AU', 'AW', 'AX', 'AZ', 'BA', 'BB', 'BD', 'BE', 'BF', 'BG', 'BH', 'BI', 'BJ', 'BL', 'BM', 'BN', 'BO', 'BQ', 'BR', 'BS', 'BT', '...</msg>
<var>${list_country}</var>
<arg>AD</arg>
<arg>AE</arg>
<arg>AF</arg>
<arg>AG</arg>
<arg>AI</arg>
<arg>AL</arg>
<arg>AM</arg>
<arg>AO</arg>
<arg>AQ</arg>
<arg>AR</arg>
<arg>AS</arg>
<arg>AT</arg>
<arg>AU</arg>
<arg>AW</arg>
<arg>AX</arg>
<arg>AZ</arg>
<arg>BA</arg>
<arg>BB</arg>
<arg>BD</arg>
<arg>BE</arg>
<arg>BF</arg>
<arg>BG</arg>
<arg>BH</arg>
<arg>BI</arg>
<arg>BJ</arg>
<arg>BL</arg>
<arg>BM</arg>
<arg>BN</arg>
<arg>BO</arg>
<arg>BQ</arg>
<arg>BR</arg>
<arg>BS</arg>
<arg>BT</arg>
<arg>BV</arg>
<arg>BW</arg>
<arg>BY</arg>
<arg>BZ</arg>
<arg>CA</arg>
<arg>CC</arg>
<arg>CD</arg>
<arg>CF</arg>
<arg>CG</arg>
<arg>CH</arg>
<arg>CI</arg>
<arg>CK</arg>
<arg>CL</arg>
<arg>CM</arg>
<arg>CN</arg>
<arg>CO</arg>
<arg>CR</arg>
<arg>CU</arg>
<arg>CV</arg>
<arg>CW</arg>
<arg>CX</arg>
<arg>CY</arg>
<arg>CZ</arg>
<arg>DE</arg>
<arg>DJ</arg>
<arg>DK</arg>
<arg>DM</arg>
<arg>DO</arg>
<arg>DZ</arg>
<arg>EC</arg>
<arg>EE</arg>
<arg>EG</arg>
<arg>EH</arg>
<arg>ER</arg>
<arg>ES</arg>
<arg>ET</arg>
<arg>FI</arg>
<arg>FJ</arg>
<arg>FK</arg>
<arg>FM</arg>
<arg>FO</arg>
<arg>FR</arg>
<arg>GA</arg>
<arg>GB</arg>
<arg>GD</arg>
<arg>GE</arg>
<arg>GF</arg>
<arg>GG</arg>
<arg>GH</arg>
<arg>GI</arg>
<arg>GL</arg>
<arg>GM</arg>
<arg>GN</arg>
<arg>GP</arg>
<arg>GQ</arg>
<arg>GR</arg>
<arg>GS</arg>
<arg>GT</arg>
<arg>GU</arg>
<arg>GW</arg>
<arg>GY</arg>
<arg>HK</arg>
<arg>HM</arg>
<arg>HN</arg>
<arg>HR</arg>
<arg>HT</arg>
<arg>HU</arg>
<arg>ID</arg>
<arg>IE</arg>
<arg>IL</arg>
<arg>IM</arg>
<arg>IN</arg>
<arg>IO</arg>
<arg>IQ</arg>
<arg>IR</arg>
<arg>IS</arg>
<arg>IT</arg>
<arg>JE</arg>
<arg>JM</arg>
<arg>JO</arg>
<arg>JP</arg>
<arg>KE</arg>
<arg>KG</arg>
<arg>KH</arg>
<arg>KI</arg>
<arg>KM</arg>
<arg>KN</arg>
<arg>KP</arg>
<arg>KR</arg>
<arg>KW</arg>
<arg>KY</arg>
<arg>KZ</arg>
<arg>LA</arg>
<arg>LB</arg>
<arg>LC</arg>
<arg>LI</arg>
<arg>LK</arg>
<arg>LR</arg>
<arg>LS</arg>
<arg>LT</arg>
<arg>LU</arg>
<arg>LV</arg>
<arg>LY</arg>
<arg>MA</arg>
<arg>MC</arg>
<arg>MD</arg>
<arg>ME</arg>
<arg>MF</arg>
<arg>MG</arg>
<arg>MH</arg>
<arg>MK</arg>
<arg>ML</arg>
<arg>MM</arg>
<arg>MN</arg>
<arg>MO</arg>
<arg>MP</arg>
<arg>MQ</arg>
<arg>MR</arg>
<arg>MS</arg>
<arg>MT</arg>
<arg>MU</arg>
<arg>MV</arg>
<arg>MW</arg>
<arg>MX</arg>
<arg>MY</arg>
<arg>MZ</arg>
<arg>NA</arg>
<arg>NC</arg>
<arg>NE</arg>
<arg>NF</arg>
<arg>NG</arg>
<arg>NI</arg>
<arg>NL</arg>
<arg>NO</arg>
<arg>NP</arg>
<arg>NR</arg>
<arg>NU</arg>
<arg>NZ</arg>
<arg>OM</arg>
<arg>PA</arg>
<arg>PE</arg>
<arg>PF</arg>
<arg>PG</arg>
<arg>PH</arg>
<arg>PK</arg>
<arg>PL</arg>
<arg>PM</arg>
<arg>PN</arg>
<arg>PR</arg>
<arg>PS</arg>
<arg>PT</arg>
<arg>PW</arg>
<arg>PY</arg>
<arg>QA</arg>
<arg>RE</arg>
<arg>RO</arg>
<arg>RS</arg>
<arg>RU</arg>
<arg>RW</arg>
<arg>SA</arg>
<arg>SB</arg>
<arg>SC</arg>
<arg>SD</arg>
<arg>SE</arg>
<arg>SG</arg>
<arg>SH</arg>
<arg>SI</arg>
<arg>SJ</arg>
<arg>SK</arg>
<arg>SL</arg>
<arg>SM</arg>
<arg>SN</arg>
<arg>SO</arg>
<arg>SR</arg>
<arg>SS</arg>
<arg>ST</arg>
<arg>SV</arg>
<arg>SX</arg>
<arg>SY</arg>
<arg>SZ</arg>
<arg>TC</arg>
<arg>TD</arg>
<arg>TF</arg>
<arg>TG</arg>
<arg>TH</arg>
<arg>TJ</arg>
<arg>TK</arg>
<arg>TL</arg>
<arg>TM</arg>
<arg>TN</arg>
<arg>TO</arg>
<arg>TR</arg>
<arg>TT</arg>
<arg>TV</arg>
<arg>TW</arg>
<arg>TZ</arg>
<arg>UA</arg>
<arg>UG</arg>
<arg>UM</arg>
<arg>US</arg>
<arg>UY</arg>
<arg>UZ</arg>
<arg>VA</arg>
<arg>VC</arg>
<arg>VE</arg>
<arg>VG</arg>
<arg>VI</arg>
<arg>VN</arg>
<arg>VU</arg>
<arg>WF</arg>
<arg>WS</arg>
<arg>XK</arg>
<arg>YE</arg>
<arg>YT</arg>
<arg>ZA</arg>
<arg>ZM</arg>
<arg>ZW</arg>
<doc>Returns a list containing given items.</doc>
<status status="PASS" start="2024-06-20T08:20:02.806162" elapsed="0.000614"/>
</kw>
<kw name="List Should Contain Value" owner="Collections">
<arg>${list_country}</arg>
<arg>${name_country}</arg>
<doc>Fails if the ``value`` is not found from ``list``.</doc>
<status status="PASS" start="2024-06-20T08:20:02.807557" elapsed="0.000206"/>
</kw>
<kw name="Run Keyword If" owner="BuiltIn">
<kw name="Should Be True" owner="BuiltIn">
<arg>${True}</arg>
<doc>Fails if the given condition is not true.</doc>
<status status="PASS" start="2024-06-20T08:20:02.808695" elapsed="0.000137"/>
</kw>
<arg>${json_data["results"][0]["location"]["coordinates"]["latitude"]} &gt;= -90 and ${json_data["results"][0]["location"]["coordinates"]["latitude"]} &lt;= 90</arg>
<arg>Should Be True</arg>
<arg>${True}</arg>
<doc>Runs the given keyword with the given arguments, if ``condition`` is true.</doc>
<status status="PASS" start="2024-06-20T08:20:02.807957" elapsed="0.000997"/>
</kw>
<kw name="Run Keyword If" owner="BuiltIn">
<kw name="Should Be True" owner="BuiltIn">
<arg>${True}</arg>
<doc>Fails if the given condition is not true.</doc>
<status status="PASS" start="2024-06-20T08:20:02.809837" elapsed="0.000256"/>
</kw>
<arg>${json_data["results"][0]["location"]["coordinates"]["longitude"]} &gt;= -180 and ${json_data["results"][0]["location"]["coordinates"]["longitude"]} &lt;= 180</arg>
<arg>Should Be True</arg>
<arg>${True}</arg>
<doc>Runs the given keyword with the given arguments, if ``condition`` is true.</doc>
<status status="PASS" start="2024-06-20T08:20:02.809129" elapsed="0.001091"/>
</kw>
<status status="PASS" start="2024-06-20T08:20:02.536937" elapsed="0.273415"/>
</kw>
<doc>Testa o conteúdo específico dos campos retornados pela API.</doc>
<tag>testeConteudo</tag>
<status status="PASS" start="2024-06-20T08:20:02.536392" elapsed="0.274110"/>
</test>
<status status="PASS" start="2024-06-20T08:20:00.709781" elapsed="2.102647"/>
</suite>
<status status="PASS" start="2024-06-20T08:20:00.695251" elapsed="2.122213"/>
</suite>
<statistics>
<total>
<stat pass="5" fail="0" skip="0">All Tests</stat>
</total>
<tag>
<stat pass="1" fail="0" skip="0">testeConteudo</stat>
<stat pass="1" fail="0" skip="0">testeEstruturaResposta</stat>
<stat pass="1" fail="0" skip="0">testeRequisicaoBasica</stat>
<stat pass="1" fail="0" skip="0">testeTiposDados</stat>
</tag>
<suite>
<stat pass="5" fail="0" skip="0" id="s1" name="Tests">Tests</stat>
<stat pass="5" fail="0" skip="0" id="s1-s1" name="Random-User-Test">Tests.Random-User-Test</stat>
</suite>
</statistics>
<errors>
</errors>
</robot>
