<?xml version="1.0" encoding="UTF-8"?>
<robot generator="Robot 7.0.1 (Python 3.12.4 on linux)" generated="2024-07-16T06:21:44.027444" rpa="false" schemaversion="5">
<suite id="s1" name="Tests" source="/home/runner/work/ApiRandomUser/ApiRandomUser/RamdonUser/tests">
<suite id="s1-s1" name="Random-User-Test" source="/home/runner/work/ApiRandomUser/ApiRandomUser/RamdonUser/tests/random-user-test.robot">
<test id="s1-s1-t1" name="Conectar" line="13">
<kw name="Conectar API" owner="random-user-service">
<kw name="Create Session" owner="RequestsLibrary">
<msg time="2024-07-16T06:21:44.436528" level="INFO">Creating Session using : alias=consultarAPI, url=https://randomuser.me/, headers={},                     cookies={}, auth=None, timeout=None, proxies=None, verify=False,                     debug=0 </msg>
<arg>consultarAPI</arg>
<arg>${URL}</arg>
<doc>Create Session: create a HTTP session to a server</doc>
<status status="PASS" start="2024-07-16T06:21:44.436333" elapsed="0.000361"/>
</kw>
<status status="PASS" start="2024-07-16T06:21:44.435402" elapsed="0.001641"/>
</kw>
<status status="PASS" start="2024-07-16T06:21:44.434880" elapsed="0.002348"/>
</test>
<test id="s1-s1-t2" name="Validar retorno 200 e JSON Válido" line="16">
<kw name="Teste de Requisicao Basica" owner="random-user-service">
<kw name="GET On Session" owner="RequestsLibrary">
<msg time="2024-07-16T06:21:44.520289" level="INFO">GET Request : url=https://randomuser.me/api 
 path_url=/api 
 headers={'User-Agent': 'python-requests/2.32.3', 'Accept-Encoding': 'gzip, deflate', 'Accept': '*/*', 'Connection': 'keep-alive'} 
 body=None 
 </msg>
<msg time="2024-07-16T06:21:44.520392" level="INFO">GET Response : url=https://randomuser.me/api 
 status=200, reason=OK 
 headers={'Date': 'Tue, 16 Jul 2024 06:21:44 GMT', 'Content-Type': 'application/json; charset=utf-8', 'Transfer-Encoding': 'chunked', 'Connection': 'keep-alive', 'X-Powered-By': 'Express', 'Access-Control-Allow-Origin': '*', 'Cache-Control': 'no-cache', 'ETag': 'W/"487-QAVLHGYStFBxVfow/0Z9OD4rIAU"', 'Vary': 'Accept-Encoding', 'Content-Encoding': 'gzip', 'CF-Cache-Status': 'DYNAMIC', 'Report-To': '{"endpoints":[{"url":"https:\\/\\/a.nel.cloudflare.com\\/report\\/v4?s=bypA9pRiMs%2FuFEc8YfBayJ%2FEu8bTtufC09Il%2BR0ADsT7KnMRUXgzOXU80QCAnfocmgyhTScBFuazgEDFi2LR6QMHej%2BUswrB44UbKXu%2FTLgXe%2FwoL6EjfiJ1Tgi%2Bq95I"}],"group":"cf-nel","max_age":604800}', 'NEL': '{"success_fraction":0,"report_to":"cf-nel","max_age":604800}', 'Server': 'cloudflare', 'CF-RAY': '8a3fe4d0fb0b876c-ORD', 'alt-svc': 'h3=":443"; ma=86400'} 
 body={"results":[{"gender":"female","name":{"title":"Miss","first":"Diana","last":"Scott"},"location":{"street":{"number":7797,"name":"Stevens Creek Blvd"},"city":"Albany","state":"South Australia","country":"Australia","postcode":6857,"coordinates":{"latitude":"-83.9831","longitude":"94.1092"},"timezone":{"offset":"+9:30","description":"Adelaide, Darwin"}},"email":"diana.scott@example.com","login":{"uuid":"4d0ecc09-9f42-483b-9b64-db428fa0b032","username":"crazysnake725","password":"heels","salt":"8sjFmUKS","md5":"a6426d848ea5c712187d1d609362410f","sha1":"0e9aab7c5705ba8d344bdc2d28a4b4770aec8cb2","sha256":"60c335357f8c0fa13af3de0e642e0d116ef613fc0d52d1b83b3259ef8e092b27"},"dob":{"date":"1959-04-18T09:01:57.388Z","age":65},"registered":{"date":"2005-05-07T10:56:52.842Z","age":19},"phone":"09-6070-2178","cell":"0431-588-129","id":{"name":"TFN","value":"649062975"},"picture":{"large":"https://randomuser.me/api/portraits/women/54.jpg","medium":"https://randomuser.me/api/portraits/med/women/54.jpg","thumbnail":"https://randomuser.me/api/portraits/thumb/women/54.jpg"},"nat":"AU"}],"info":{"seed":"aaa94603580668c7","results":1,"page":1,"version":"1.4"}} 
 </msg>
<msg time="2024-07-16T06:21:44.520462" level="INFO">/opt/hostedtoolcache/Python/3.12.4/x64/lib/python3.12/site-packages/urllib3/connectionpool.py:1099: InsecureRequestWarning: Unverified HTTPS request is being made to host 'randomuser.me'. Adding certificate verification is strongly advised. See: https://urllib3.readthedocs.io/en/latest/advanced-usage.html#tls-warnings
  warnings.warn(</msg>
<msg time="2024-07-16T06:21:44.520593" level="INFO">${response} = &lt;Response [200]&gt;</msg>
<var>${response}</var>
<arg>consultarAPI</arg>
<arg>/api</arg>
<doc>Sends a GET request on a previously created HTTP Session.</doc>
<status status="PASS" start="2024-07-16T06:21:44.439784" elapsed="0.080860"/>
</kw>
<kw name="Should Be Equal As Numbers" owner="BuiltIn">
<msg time="2024-07-16T06:21:44.521441" level="INFO">Argument types are:
&lt;class 'int'&gt;
&lt;class 'str'&gt;</msg>
<arg>${response.status_code}</arg>
<arg>200</arg>
<doc>Fails if objects are unequal after converting them to real numbers.</doc>
<status status="PASS" start="2024-07-16T06:21:44.521038" elapsed="0.000465"/>
</kw>
<kw name="Log" owner="BuiltIn">
<msg time="2024-07-16T06:21:44.522209" level="INFO">200</msg>
<arg>${response.status_code}</arg>
<doc>Logs the given message with the given level.</doc>
<status status="PASS" start="2024-07-16T06:21:44.521821" elapsed="0.000434"/>
</kw>
<kw name="Set Variable" owner="BuiltIn">
<msg time="2024-07-16T06:21:44.522989" level="INFO">${json_data} = {'results': [{'gender': 'female', 'name': {'title': 'Miss', 'first': 'Diana', 'last': 'Scott'}, 'location': {'street': {'number': 7797, 'name': 'Stevens Creek Blvd'}, 'city': 'Albany', 'state': 'South...</msg>
<var>${json_data}</var>
<arg>${response.json()}</arg>
<doc>Returns the given values which can then be assigned to a variables.</doc>
<status status="PASS" start="2024-07-16T06:21:44.522562" elapsed="0.000456"/>
</kw>
<kw name="Dictionary Should Contain Key" owner="Collections">
<arg>${json_data}</arg>
<arg>results</arg>
<doc>Fails if ``key`` is not found from ``dictionary``.</doc>
<status status="PASS" start="2024-07-16T06:21:44.523308" elapsed="0.000163"/>
</kw>
<status status="PASS" start="2024-07-16T06:21:44.439533" elapsed="0.084086"/>
</kw>
<doc>Testa se a API responde corretamente e retorna um objeto JSON válido.</doc>
<tag>testeRequisicaoBasica</tag>
<status status="PASS" start="2024-07-16T06:21:44.439090" elapsed="0.084693"/>
</test>
<test id="s1-s1-t3" name="Validar estrutura de resposta" line="22">
<kw name="Teste de Estrutura de Resposta" owner="random-user-service">
<kw name="GET On Session" owner="RequestsLibrary">
<msg time="2024-07-16T06:21:44.620966" level="INFO">GET Request : url=https://randomuser.me/api 
 path_url=/api 
 headers={'User-Agent': 'python-requests/2.32.3', 'Accept-Encoding': 'gzip, deflate', 'Accept': '*/*', 'Connection': 'keep-alive'} 
 body=None 
 </msg>
<msg time="2024-07-16T06:21:44.621088" level="INFO">GET Response : url=https://randomuser.me/api 
 status=200, reason=OK 
 headers={'Date': 'Tue, 16 Jul 2024 06:21:44 GMT', 'Content-Type': 'application/json; charset=utf-8', 'Transfer-Encoding': 'chunked', 'Connection': 'keep-alive', 'X-Powered-By': 'Express', 'Access-Control-Allow-Origin': '*', 'Cache-Control': 'no-cache', 'ETag': 'W/"4a2-Wto+yl7fYqySWFTZxOduWgZUIXc"', 'Vary': 'Accept-Encoding', 'Content-Encoding': 'gzip', 'CF-Cache-Status': 'DYNAMIC', 'Report-To': '{"endpoints":[{"url":"https:\\/\\/a.nel.cloudflare.com\\/report\\/v4?s=3WifZmspwi4%2FTOXm509eptnnSaaLB0Qn7zwmuDYmxuK0rkjj82PvCtqmjhvDAyjVFJMHO7mcvPNmrGZ%2FIJVRpfD%2BI8bgXHBdQYuyR8z4vbBZ8sE6%2BFh4s8Uw30DYI%2Fgv"}],"group":"cf-nel","max_age":604800}', 'NEL': '{"success_fraction":0,"report_to":"cf-nel","max_age":604800}', 'Server': 'cloudflare', 'CF-RAY': '8a3fe4d14b39876c-ORD', 'alt-svc': 'h3=":443"; ma=86400'} 
 body={"results":[{"gender":"female","name":{"title":"Miss","first":"Alani","last":"Novaes"},"location":{"street":{"number":3626,"name":"Rua Dom Pedro Ii "},"city":"Ribeirão das Neves","state":"Amazonas","country":"Brazil","postcode":13987,"coordinates":{"latitude":"-78.5432","longitude":"159.0840"},"timezone":{"offset":"-7:00","description":"Mountain Time (US &amp; Canada)"}},"email":"alani.novaes@example.com","login":{"uuid":"0b1254b1-0dba-4b91-b57a-834d49e988e6","username":"purplelion281","password":"indiana","salt":"2QQRJg9w","md5":"4577851abd47e69e84f66000964ba852","sha1":"8d9abc1fd910d8ab8308408cf38d76f27d89532e","sha256":"adccad16ce42f1271c1215f06b2dcad02f02c1d805ba37bcca556fa8697c94da"},"dob":{"date":"1960-12-16T15:53:07.940Z","age":63},"registered":{"date":"2019-01-17T07:34:45.363Z","age":5},"phone":"(58) 6558-4162","cell":"(78) 3022-6673","id":{"name":"CPF","value":"053.475.348-08"},"picture":{"large":"https://randomuser.me/api/portraits/women/27.jpg","medium":"https://randomuser.me/api/portraits/med/women/27.jpg","thumbnail":"https://randomuser.me/api/portraits/thumb/women/27.jpg"},"nat":"BR"}],"info":{"seed":"912938a5280561e3","results":1,"page":1,"version":"1.4"}} 
 </msg>
<msg time="2024-07-16T06:21:44.621249" level="INFO">/opt/hostedtoolcache/Python/3.12.4/x64/lib/python3.12/site-packages/urllib3/connectionpool.py:1099: InsecureRequestWarning: Unverified HTTPS request is being made to host 'randomuser.me'. Adding certificate verification is strongly advised. See: https://urllib3.readthedocs.io/en/latest/advanced-usage.html#tls-warnings
  warnings.warn(</msg>
<msg time="2024-07-16T06:21:44.621396" level="INFO">${response} = &lt;Response [200]&gt;</msg>
<var>${response}</var>
<arg>consultarAPI</arg>
<arg>/api</arg>
<doc>Sends a GET request on a previously created HTTP Session.</doc>
<status status="PASS" start="2024-07-16T06:21:44.526642" elapsed="0.094799"/>
</kw>
<kw name="Set Variable" owner="BuiltIn">
<msg time="2024-07-16T06:21:44.622486" level="INFO">${json_data} = {'results': [{'gender': 'female', 'name': {'title': 'Miss', 'first': 'Alani', 'last': 'Novaes'}, 'location': {'street': {'number': 3626, 'name': 'Rua Dom Pedro Ii '}, 'city': 'Ribeirão das Neves', 'st...</msg>
<var>${json_data}</var>
<arg>${response.json()}</arg>
<doc>Returns the given values which can then be assigned to a variables.</doc>
<status status="PASS" start="2024-07-16T06:21:44.621928" elapsed="0.000588"/>
</kw>
<kw name="Log" owner="BuiltIn">
<msg time="2024-07-16T06:21:44.622990" level="INFO">{'results': [{'gender': 'female', 'name': {'title': 'Miss', 'first': 'Alani', 'last': 'Novaes'}, 'location': {'street': {'number': 3626, 'name': 'Rua Dom Pedro Ii '}, 'city': 'Ribeirão das Neves', 'state': 'Amazonas', 'country': 'Brazil', 'postcode': 13987, 'coordinates': {'latitude': '-78.5432', 'longitude': '159.0840'}, 'timezone': {'offset': '-7:00', 'description': 'Mountain Time (US &amp; Canada)'}}, 'email': 'alani.novaes@example.com', 'login': {'uuid': '0b1254b1-0dba-4b91-b57a-834d49e988e6', 'username': 'purplelion281', 'password': 'indiana', 'salt': '2QQRJg9w', 'md5': '4577851abd47e69e84f66000964ba852', 'sha1': '8d9abc1fd910d8ab8308408cf38d76f27d89532e', 'sha256': 'adccad16ce42f1271c1215f06b2dcad02f02c1d805ba37bcca556fa8697c94da'}, 'dob': {'date': '1960-12-16T15:53:07.940Z', 'age': 63}, 'registered': {'date': '2019-01-17T07:34:45.363Z', 'age': 5}, 'phone': '(58) 6558-4162', 'cell': '(78) 3022-6673', 'id': {'name': 'CPF', 'value': '053.475.348-08'}, 'picture': {'large': 'https://randomuser.me/api/portraits/women/27.jpg', 'medium': 'https://randomuser.me/api/portraits/med/women/27.jpg', 'thumbnail': 'https://randomuser.me/api/portraits/thumb/women/27.jpg'}, 'nat': 'BR'}], 'info': {'seed': '912938a5280561e3', 'results': 1, 'page': 1, 'version': '1.4'}}</msg>
<arg>${json_data}</arg>
<doc>Logs the given message with the given level.</doc>
<status status="PASS" start="2024-07-16T06:21:44.622825" elapsed="0.000216"/>
</kw>
<kw name="Dictionary Should Contain Key" owner="Collections">
<arg>${json_data}</arg>
<arg>results</arg>
<doc>Fails if ``key`` is not found from ``dictionary``.</doc>
<status status="PASS" start="2024-07-16T06:21:44.623339" elapsed="0.000162"/>
</kw>
<kw name="Should Not Be Empty" owner="BuiltIn">
<msg time="2024-07-16T06:21:44.623811" level="INFO">Length is 2.</msg>
<arg>${json_data}</arg>
<doc>Verifies that the given item is not empty.</doc>
<status status="PASS" start="2024-07-16T06:21:44.623683" elapsed="0.000166"/>
</kw>
<kw name="Create List" owner="BuiltIn">
<msg time="2024-07-16T06:21:44.624281" level="INFO">${expected_keys} = ['gender', 'name', 'location', 'email', 'login']</msg>
<var>${expected_keys}</var>
<arg>gender</arg>
<arg>name</arg>
<arg>location</arg>
<arg>email</arg>
<arg>login</arg>
<doc>Returns a list containing given items.</doc>
<status status="PASS" start="2024-07-16T06:21:44.624135" elapsed="0.000170"/>
</kw>
<for flavor="IN">
<iter>
<kw name="Dictionary Should Contain Key" owner="Collections">
<arg>${json_data['results'][0]}</arg>
<arg>${key}</arg>
<doc>Fails if ``key`` is not found from ``dictionary``.</doc>
<status status="PASS" start="2024-07-16T06:21:44.625041" elapsed="0.000396"/>
</kw>
<kw name="Log" owner="BuiltIn">
<msg time="2024-07-16T06:21:44.626003" level="INFO">{'gender': 'female', 'name': {'title': 'Miss', 'first': 'Alani', 'last': 'Novaes'}, 'location': {'street': {'number': 3626, 'name': 'Rua Dom Pedro Ii '}, 'city': 'Ribeirão das Neves', 'state': 'Amazonas', 'country': 'Brazil', 'postcode': 13987, 'coordinates': {'latitude': '-78.5432', 'longitude': '159.0840'}, 'timezone': {'offset': '-7:00', 'description': 'Mountain Time (US &amp; Canada)'}}, 'email': 'alani.novaes@example.com', 'login': {'uuid': '0b1254b1-0dba-4b91-b57a-834d49e988e6', 'username': 'purplelion281', 'password': 'indiana', 'salt': '2QQRJg9w', 'md5': '4577851abd47e69e84f66000964ba852', 'sha1': '8d9abc1fd910d8ab8308408cf38d76f27d89532e', 'sha256': 'adccad16ce42f1271c1215f06b2dcad02f02c1d805ba37bcca556fa8697c94da'}, 'dob': {'date': '1960-12-16T15:53:07.940Z', 'age': 63}, 'registered': {'date': '2019-01-17T07:34:45.363Z', 'age': 5}, 'phone': '(58) 6558-4162', 'cell': '(78) 3022-6673', 'id': {'name': 'CPF', 'value': '053.475.348-08'}, 'picture': {'large': 'https://randomuser.me/api/portraits/women/27.jpg', 'medium': 'https://randomuser.me/api/portraits/med/women/27.jpg', 'thumbnail': 'https://randomuser.me/api/portraits/thumb/women/27.jpg'}, 'nat': 'BR'}</msg>
<arg>${json_data['results'][0]}</arg>
<doc>Logs the given message with the given level.</doc>
<status status="PASS" start="2024-07-16T06:21:44.625638" elapsed="0.000417"/>
</kw>
<kw name="Log" owner="BuiltIn">
<msg time="2024-07-16T06:21:44.626524" level="INFO">gender</msg>
<arg>${key}</arg>
<doc>Logs the given message with the given level.</doc>
<status status="PASS" start="2024-07-16T06:21:44.626394" elapsed="0.000168"/>
</kw>
<var name="${key}">gender</var>
<status status="PASS" start="2024-07-16T06:21:44.624917" elapsed="0.001860"/>
</iter>
<iter>
<kw name="Dictionary Should Contain Key" owner="Collections">
<arg>${json_data['results'][0]}</arg>
<arg>${key}</arg>
<doc>Fails if ``key`` is not found from ``dictionary``.</doc>
<status status="PASS" start="2024-07-16T06:21:44.627070" elapsed="0.000389"/>
</kw>
<kw name="Log" owner="BuiltIn">
<msg time="2024-07-16T06:21:44.628035" level="INFO">{'gender': 'female', 'name': {'title': 'Miss', 'first': 'Alani', 'last': 'Novaes'}, 'location': {'street': {'number': 3626, 'name': 'Rua Dom Pedro Ii '}, 'city': 'Ribeirão das Neves', 'state': 'Amazonas', 'country': 'Brazil', 'postcode': 13987, 'coordinates': {'latitude': '-78.5432', 'longitude': '159.0840'}, 'timezone': {'offset': '-7:00', 'description': 'Mountain Time (US &amp; Canada)'}}, 'email': 'alani.novaes@example.com', 'login': {'uuid': '0b1254b1-0dba-4b91-b57a-834d49e988e6', 'username': 'purplelion281', 'password': 'indiana', 'salt': '2QQRJg9w', 'md5': '4577851abd47e69e84f66000964ba852', 'sha1': '8d9abc1fd910d8ab8308408cf38d76f27d89532e', 'sha256': 'adccad16ce42f1271c1215f06b2dcad02f02c1d805ba37bcca556fa8697c94da'}, 'dob': {'date': '1960-12-16T15:53:07.940Z', 'age': 63}, 'registered': {'date': '2019-01-17T07:34:45.363Z', 'age': 5}, 'phone': '(58) 6558-4162', 'cell': '(78) 3022-6673', 'id': {'name': 'CPF', 'value': '053.475.348-08'}, 'picture': {'large': 'https://randomuser.me/api/portraits/women/27.jpg', 'medium': 'https://randomuser.me/api/portraits/med/women/27.jpg', 'thumbnail': 'https://randomuser.me/api/portraits/thumb/women/27.jpg'}, 'nat': 'BR'}</msg>
<arg>${json_data['results'][0]}</arg>
<doc>Logs the given message with the given level.</doc>
<status status="PASS" start="2024-07-16T06:21:44.627673" elapsed="0.000415"/>
</kw>
<kw name="Log" owner="BuiltIn">
<msg time="2024-07-16T06:21:44.628510" level="INFO">name</msg>
<arg>${key}</arg>
<doc>Logs the given message with the given level.</doc>
<status status="PASS" start="2024-07-16T06:21:44.628381" elapsed="0.000165"/>
</kw>
<var name="${key}">name</var>
<status status="PASS" start="2024-07-16T06:21:44.626961" elapsed="0.001801"/>
</iter>
<iter>
<kw name="Dictionary Should Contain Key" owner="Collections">
<arg>${json_data['results'][0]}</arg>
<arg>${key}</arg>
<doc>Fails if ``key`` is not found from ``dictionary``.</doc>
<status status="PASS" start="2024-07-16T06:21:44.629044" elapsed="0.000380"/>
</kw>
<kw name="Log" owner="BuiltIn">
<msg time="2024-07-16T06:21:44.629951" level="INFO">{'gender': 'female', 'name': {'title': 'Miss', 'first': 'Alani', 'last': 'Novaes'}, 'location': {'street': {'number': 3626, 'name': 'Rua Dom Pedro Ii '}, 'city': 'Ribeirão das Neves', 'state': 'Amazonas', 'country': 'Brazil', 'postcode': 13987, 'coordinates': {'latitude': '-78.5432', 'longitude': '159.0840'}, 'timezone': {'offset': '-7:00', 'description': 'Mountain Time (US &amp; Canada)'}}, 'email': 'alani.novaes@example.com', 'login': {'uuid': '0b1254b1-0dba-4b91-b57a-834d49e988e6', 'username': 'purplelion281', 'password': 'indiana', 'salt': '2QQRJg9w', 'md5': '4577851abd47e69e84f66000964ba852', 'sha1': '8d9abc1fd910d8ab8308408cf38d76f27d89532e', 'sha256': 'adccad16ce42f1271c1215f06b2dcad02f02c1d805ba37bcca556fa8697c94da'}, 'dob': {'date': '1960-12-16T15:53:07.940Z', 'age': 63}, 'registered': {'date': '2019-01-17T07:34:45.363Z', 'age': 5}, 'phone': '(58) 6558-4162', 'cell': '(78) 3022-6673', 'id': {'name': 'CPF', 'value': '053.475.348-08'}, 'picture': {'large': 'https://randomuser.me/api/portraits/women/27.jpg', 'medium': 'https://randomuser.me/api/portraits/med/women/27.jpg', 'thumbnail': 'https://randomuser.me/api/portraits/thumb/women/27.jpg'}, 'nat': 'BR'}</msg>
<arg>${json_data['results'][0]}</arg>
<doc>Logs the given message with the given level.</doc>
<status status="PASS" start="2024-07-16T06:21:44.629604" elapsed="0.000399"/>
</kw>
<kw name="Log" owner="BuiltIn">
<msg time="2024-07-16T06:21:44.630469" level="INFO">location</msg>
<arg>${key}</arg>
<doc>Logs the given message with the given level.</doc>
<status status="PASS" start="2024-07-16T06:21:44.630339" elapsed="0.000167"/>
</kw>
<var name="${key}">location</var>
<status status="PASS" start="2024-07-16T06:21:44.628937" elapsed="0.001783"/>
</iter>
<iter>
<kw name="Dictionary Should Contain Key" owner="Collections">
<arg>${json_data['results'][0]}</arg>
<arg>${key}</arg>
<doc>Fails if ``key`` is not found from ``dictionary``.</doc>
<status status="PASS" start="2024-07-16T06:21:44.630997" elapsed="0.000386"/>
</kw>
<kw name="Log" owner="BuiltIn">
<msg time="2024-07-16T06:21:44.631921" level="INFO">{'gender': 'female', 'name': {'title': 'Miss', 'first': 'Alani', 'last': 'Novaes'}, 'location': {'street': {'number': 3626, 'name': 'Rua Dom Pedro Ii '}, 'city': 'Ribeirão das Neves', 'state': 'Amazonas', 'country': 'Brazil', 'postcode': 13987, 'coordinates': {'latitude': '-78.5432', 'longitude': '159.0840'}, 'timezone': {'offset': '-7:00', 'description': 'Mountain Time (US &amp; Canada)'}}, 'email': 'alani.novaes@example.com', 'login': {'uuid': '0b1254b1-0dba-4b91-b57a-834d49e988e6', 'username': 'purplelion281', 'password': 'indiana', 'salt': '2QQRJg9w', 'md5': '4577851abd47e69e84f66000964ba852', 'sha1': '8d9abc1fd910d8ab8308408cf38d76f27d89532e', 'sha256': 'adccad16ce42f1271c1215f06b2dcad02f02c1d805ba37bcca556fa8697c94da'}, 'dob': {'date': '1960-12-16T15:53:07.940Z', 'age': 63}, 'registered': {'date': '2019-01-17T07:34:45.363Z', 'age': 5}, 'phone': '(58) 6558-4162', 'cell': '(78) 3022-6673', 'id': {'name': 'CPF', 'value': '053.475.348-08'}, 'picture': {'large': 'https://randomuser.me/api/portraits/women/27.jpg', 'medium': 'https://randomuser.me/api/portraits/med/women/27.jpg', 'thumbnail': 'https://randomuser.me/api/portraits/thumb/women/27.jpg'}, 'nat': 'BR'}</msg>
<arg>${json_data['results'][0]}</arg>
<doc>Logs the given message with the given level.</doc>
<status status="PASS" start="2024-07-16T06:21:44.631571" elapsed="0.000400"/>
</kw>
<kw name="Log" owner="BuiltIn">
<msg time="2024-07-16T06:21:44.632387" level="INFO">email</msg>
<arg>${key}</arg>
<doc>Logs the given message with the given level.</doc>
<status status="PASS" start="2024-07-16T06:21:44.632261" elapsed="0.000163"/>
</kw>
<var name="${key}">email</var>
<status status="PASS" start="2024-07-16T06:21:44.630891" elapsed="0.001743"/>
</iter>
<iter>
<kw name="Dictionary Should Contain Key" owner="Collections">
<arg>${json_data['results'][0]}</arg>
<arg>${key}</arg>
<doc>Fails if ``key`` is not found from ``dictionary``.</doc>
<status status="PASS" start="2024-07-16T06:21:44.632915" elapsed="0.000389"/>
</kw>
<kw name="Log" owner="BuiltIn">
<msg time="2024-07-16T06:21:44.633828" level="INFO">{'gender': 'female', 'name': {'title': 'Miss', 'first': 'Alani', 'last': 'Novaes'}, 'location': {'street': {'number': 3626, 'name': 'Rua Dom Pedro Ii '}, 'city': 'Ribeirão das Neves', 'state': 'Amazonas', 'country': 'Brazil', 'postcode': 13987, 'coordinates': {'latitude': '-78.5432', 'longitude': '159.0840'}, 'timezone': {'offset': '-7:00', 'description': 'Mountain Time (US &amp; Canada)'}}, 'email': 'alani.novaes@example.com', 'login': {'uuid': '0b1254b1-0dba-4b91-b57a-834d49e988e6', 'username': 'purplelion281', 'password': 'indiana', 'salt': '2QQRJg9w', 'md5': '4577851abd47e69e84f66000964ba852', 'sha1': '8d9abc1fd910d8ab8308408cf38d76f27d89532e', 'sha256': 'adccad16ce42f1271c1215f06b2dcad02f02c1d805ba37bcca556fa8697c94da'}, 'dob': {'date': '1960-12-16T15:53:07.940Z', 'age': 63}, 'registered': {'date': '2019-01-17T07:34:45.363Z', 'age': 5}, 'phone': '(58) 6558-4162', 'cell': '(78) 3022-6673', 'id': {'name': 'CPF', 'value': '053.475.348-08'}, 'picture': {'large': 'https://randomuser.me/api/portraits/women/27.jpg', 'medium': 'https://randomuser.me/api/portraits/med/women/27.jpg', 'thumbnail': 'https://randomuser.me/api/portraits/thumb/women/27.jpg'}, 'nat': 'BR'}</msg>
<arg>${json_data['results'][0]}</arg>
<doc>Logs the given message with the given level.</doc>
<status status="PASS" start="2024-07-16T06:21:44.633483" elapsed="0.000396"/>
</kw>
<kw name="Log" owner="BuiltIn">
<msg time="2024-07-16T06:21:44.634322" level="INFO">login</msg>
<arg>${key}</arg>
<doc>Logs the given message with the given level.</doc>
<status status="PASS" start="2024-07-16T06:21:44.634193" elapsed="0.000167"/>
</kw>
<var name="${key}">login</var>
<status status="PASS" start="2024-07-16T06:21:44.632803" elapsed="0.001773"/>
</iter>
<var>${key}</var>
<value>@{expected_keys}</value>
<status status="PASS" start="2024-07-16T06:21:44.624723" elapsed="0.009972"/>
</for>
<kw name="Create List" owner="BuiltIn">
<msg time="2024-07-16T06:21:44.635049" level="INFO">${expected_keysTwo} = ['username', 'password']</msg>
<var>${expected_keysTwo}</var>
<arg>username</arg>
<arg>password</arg>
<doc>Returns a list containing given items.</doc>
<status status="PASS" start="2024-07-16T06:21:44.634910" elapsed="0.000163"/>
</kw>
<for flavor="IN">
<iter>
<kw name="Dictionary Should Contain Key" owner="Collections">
<arg>${json_data['results'][0]['login']}</arg>
<arg>${keyTwo}</arg>
<doc>Fails if ``key`` is not found from ``dictionary``.</doc>
<status status="PASS" start="2024-07-16T06:21:44.635567" elapsed="0.000384"/>
</kw>
<kw name="Dictionary Should Contain Key" owner="Collections">
<arg>${json_data['results'][0]['login']}</arg>
<arg>${keyTwo}</arg>
<doc>Fails if ``key`` is not found from ``dictionary``.</doc>
<status status="PASS" start="2024-07-16T06:21:44.636129" elapsed="0.000370"/>
</kw>
<kw name="Log" owner="BuiltIn">
<msg time="2024-07-16T06:21:44.636802" level="INFO">username</msg>
<arg>${keyTwo}</arg>
<doc>Logs the given message with the given level.</doc>
<status status="PASS" start="2024-07-16T06:21:44.636681" elapsed="0.000159"/>
</kw>
<var name="${keyTwo}">username</var>
<status status="PASS" start="2024-07-16T06:21:44.635460" elapsed="0.001600"/>
</iter>
<iter>
<kw name="Dictionary Should Contain Key" owner="Collections">
<arg>${json_data['results'][0]['login']}</arg>
<arg>${keyTwo}</arg>
<doc>Fails if ``key`` is not found from ``dictionary``.</doc>
<status status="PASS" start="2024-07-16T06:21:44.637339" elapsed="0.000382"/>
</kw>
<kw name="Dictionary Should Contain Key" owner="Collections">
<arg>${json_data['results'][0]['login']}</arg>
<arg>${keyTwo}</arg>
<doc>Fails if ``key`` is not found from ``dictionary``.</doc>
<status status="PASS" start="2024-07-16T06:21:44.637896" elapsed="0.000417"/>
</kw>
<kw name="Log" owner="BuiltIn">
<msg time="2024-07-16T06:21:44.638614" level="INFO">password</msg>
<arg>${keyTwo}</arg>
<doc>Logs the given message with the given level.</doc>
<status status="PASS" start="2024-07-16T06:21:44.638493" elapsed="0.000164"/>
</kw>
<var name="${keyTwo}">password</var>
<status status="PASS" start="2024-07-16T06:21:44.637233" elapsed="0.001645"/>
</iter>
<var>${keyTwo}</var>
<value>@{expected_keysTwo}</value>
<status status="PASS" start="2024-07-16T06:21:44.635308" elapsed="0.003689"/>
</for>
<status status="PASS" start="2024-07-16T06:21:44.526303" elapsed="0.112832"/>
</kw>
<doc>Testa a estrutura da resposta da API.</doc>
<tag>testeEstruturaResposta</tag>
<status status="PASS" start="2024-07-16T06:21:44.525563" elapsed="0.113730"/>
</test>
<test id="s1-s1-t4" name="Validar tipos de dados" line="28">
<kw name="Teste de Tipos de Dados" owner="random-user-service">
<kw name="GET On Session" owner="RequestsLibrary">
<msg time="2024-07-16T06:21:44.722715" level="INFO">GET Request : url=https://randomuser.me/api 
 path_url=/api 
 headers={'User-Agent': 'python-requests/2.32.3', 'Accept-Encoding': 'gzip, deflate', 'Accept': '*/*', 'Connection': 'keep-alive'} 
 body=None 
 </msg>
<msg time="2024-07-16T06:21:44.722802" level="INFO">GET Response : url=https://randomuser.me/api 
 status=200, reason=OK 
 headers={'Date': 'Tue, 16 Jul 2024 06:21:44 GMT', 'Content-Type': 'application/json; charset=utf-8', 'Transfer-Encoding': 'chunked', 'Connection': 'keep-alive', 'X-Powered-By': 'Express', 'Access-Control-Allow-Origin': '*', 'Cache-Control': 'no-cache', 'ETag': 'W/"489-XK/XpZOylFOEz+GhiqIIe2z6Fjc"', 'Vary': 'Accept-Encoding', 'Content-Encoding': 'gzip', 'CF-Cache-Status': 'DYNAMIC', 'Report-To': '{"endpoints":[{"url":"https:\\/\\/a.nel.cloudflare.com\\/report\\/v4?s=f%2Bx42FVd6ROdTocvT1RQ8bb%2B212dWKBzmcUUvEGmVCuqLPyPM6Ik7MN5OPuVtK0rm4vWFQ0fn4vqK8AOzxA9qh4w%2BnsJM%2FrHl2Yow3VnX1USUS5T0lMQg7nnO4P%2Bdvrs"}],"group":"cf-nel","max_age":604800}', 'NEL': '{"success_fraction":0,"report_to":"cf-nel","max_age":604800}', 'Server': 'cloudflare', 'CF-RAY': '8a3fe4d20ba5876c-ORD', 'alt-svc': 'h3=":443"; ma=86400'} 
 body={"results":[{"gender":"female","name":{"title":"Mrs","first":"Meral","last":"Kahveci"},"location":{"street":{"number":4333,"name":"Istiklal Cd"},"city":"Giresun","state":"Kocaeli","country":"Turkey","postcode":17097,"coordinates":{"latitude":"66.6801","longitude":"20.3864"},"timezone":{"offset":"+8:00","description":"Beijing, Perth, Singapore, Hong Kong"}},"email":"meral.kahveci@example.com","login":{"uuid":"a7ad6758-149a-4108-bdd7-c82746bb4d5e","username":"heavyrabbit566","password":"susana","salt":"sLNgbIS1","md5":"5a56938f459ccd941ae3b1c3ba27c4c9","sha1":"19d16814ed06569dab05582fc10706e3a8f3c890","sha256":"acc5e5d4739aa76af4319401bbd5d4df2110a378b905e390237ad834a16d081a"},"dob":{"date":"1954-07-08T19:01:31.548Z","age":70},"registered":{"date":"2011-03-24T10:04:26.934Z","age":13},"phone":"(477)-283-8570","cell":"(041)-653-6231","id":{"name":"","value":null},"picture":{"large":"https://randomuser.me/api/portraits/women/26.jpg","medium":"https://randomuser.me/api/portraits/med/women/26.jpg","thumbnail":"https://randomuser.me/api/portraits/thumb/women/26.jpg"},"nat":"TR"}],"info":{"seed":"68af9ce9e60621c4","results":1,"page":1,"version":"1.4"}} 
 </msg>
<msg time="2024-07-16T06:21:44.722880" level="INFO">/opt/hostedtoolcache/Python/3.12.4/x64/lib/python3.12/site-packages/urllib3/connectionpool.py:1099: InsecureRequestWarning: Unverified HTTPS request is being made to host 'randomuser.me'. Adding certificate verification is strongly advised. See: https://urllib3.readthedocs.io/en/latest/advanced-usage.html#tls-warnings
  warnings.warn(</msg>
<msg time="2024-07-16T06:21:44.723023" level="INFO">${response} = &lt;Response [200]&gt;</msg>
<var>${response}</var>
<arg>consultarAPI</arg>
<arg>/api</arg>
<doc>Sends a GET request on a previously created HTTP Session.</doc>
<status status="PASS" start="2024-07-16T06:21:44.641805" elapsed="0.081283"/>
</kw>
<kw name="Set Variable" owner="BuiltIn">
<msg time="2024-07-16T06:21:44.723996" level="INFO">${json_data} = {'results': [{'gender': 'female', 'name': {'title': 'Mrs', 'first': 'Meral', 'last': 'Kahveci'}, 'location': {'street': {'number': 4333, 'name': 'Istiklal Cd'}, 'city': 'Giresun', 'state': 'Kocaeli', ...</msg>
<var>${json_data}</var>
<arg>${response.json()}</arg>
<doc>Returns the given values which can then be assigned to a variables.</doc>
<status status="PASS" start="2024-07-16T06:21:44.723527" elapsed="0.000499"/>
</kw>
<kw name="Log" owner="BuiltIn">
<msg time="2024-07-16T06:21:44.724486" level="INFO">{'results': [{'gender': 'female', 'name': {'title': 'Mrs', 'first': 'Meral', 'last': 'Kahveci'}, 'location': {'street': {'number': 4333, 'name': 'Istiklal Cd'}, 'city': 'Giresun', 'state': 'Kocaeli', 'country': 'Turkey', 'postcode': 17097, 'coordinates': {'latitude': '66.6801', 'longitude': '20.3864'}, 'timezone': {'offset': '+8:00', 'description': 'Beijing, Perth, Singapore, Hong Kong'}}, 'email': 'meral.kahveci@example.com', 'login': {'uuid': 'a7ad6758-149a-4108-bdd7-c82746bb4d5e', 'username': 'heavyrabbit566', 'password': 'susana', 'salt': 'sLNgbIS1', 'md5': '5a56938f459ccd941ae3b1c3ba27c4c9', 'sha1': '19d16814ed06569dab05582fc10706e3a8f3c890', 'sha256': 'acc5e5d4739aa76af4319401bbd5d4df2110a378b905e390237ad834a16d081a'}, 'dob': {'date': '1954-07-08T19:01:31.548Z', 'age': 70}, 'registered': {'date': '2011-03-24T10:04:26.934Z', 'age': 13}, 'phone': '(477)-283-8570', 'cell': '(041)-653-6231', 'id': {'name': '', 'value': None}, 'picture': {'large': 'https://randomuser.me/api/portraits/women/26.jpg', 'medium': 'https://randomuser.me/api/portraits/med/women/26.jpg', 'thumbnail': 'https://randomuser.me/api/portraits/thumb/women/26.jpg'}, 'nat': 'TR'}], 'info': {'seed': '68af9ce9e60621c4', 'results': 1, 'page': 1, 'version': '1.4'}}</msg>
<arg>${json_data}</arg>
<doc>Logs the given message with the given level.</doc>
<status status="PASS" start="2024-07-16T06:21:44.724332" elapsed="0.000202"/>
</kw>
<kw name="Should Be String" owner="String">
<arg>${json_data['results'][0]['gender']}</arg>
<doc>Fails if the given ``item`` is not a string.</doc>
<status status="PASS" start="2024-07-16T06:21:44.724828" elapsed="0.000371"/>
</kw>
<kw name="Should Match Regexp" owner="BuiltIn">
<arg>${json_data['results'][0]['email']}</arg>
<arg>^[a-zA-Z0-9._%+-]+@[a-zA-Z0-9.-]+\.[a-zA-Z]{2,}$</arg>
<doc>Fails if ``string`` does not match ``pattern`` as a regular expression.</doc>
<status status="PASS" start="2024-07-16T06:21:44.725423" elapsed="0.000520"/>
</kw>
<kw name="Should Match Regexp" owner="BuiltIn">
<arg>${json_data['results'][0]['dob']['date']}</arg>
<arg>\\d{4}-\\d{2}-\\d{2}T\\d{2}:\\d{2}:\\d{2}\\.\\d{3}Z</arg>
<doc>Fails if ``string`` does not match ``pattern`` as a regular expression.</doc>
<status status="PASS" start="2024-07-16T06:21:44.726185" elapsed="0.000496"/>
</kw>
<kw name="Should Match Regexp" owner="BuiltIn">
<arg>${json_data['results'][0]['registered']['date']}</arg>
<arg>\\d{4}-\\d{2}-\\d{2}T\\d{2}:\\d{2}:\\d{2}\\.\\d{3}Z</arg>
<doc>Fails if ``string`` does not match ``pattern`` as a regular expression.</doc>
<status status="PASS" start="2024-07-16T06:21:44.726876" elapsed="0.000378"/>
</kw>
<kw name="Should Match Regexp" owner="BuiltIn">
<arg>${json_data['results'][0]['picture']['large']}</arg>
<arg>^https?://.*\.(?:png|jpe?g|gif|bmp)$</arg>
<doc>Fails if ``string`` does not match ``pattern`` as a regular expression.</doc>
<status status="PASS" start="2024-07-16T06:21:44.727484" elapsed="0.000491"/>
</kw>
<kw name="Should Match Regexp" owner="BuiltIn">
<arg>${json_data['results'][0]['picture']['medium']}</arg>
<arg>^https?://.*\.(?:png|jpe?g|gif|bmp)$</arg>
<doc>Fails if ``string`` does not match ``pattern`` as a regular expression.</doc>
<status status="PASS" start="2024-07-16T06:21:44.728166" elapsed="0.000365"/>
</kw>
<kw name="Should Match Regexp" owner="BuiltIn">
<arg>${json_data['results'][0]['picture']['thumbnail']}</arg>
<arg>^https?://.*\.(?:png|jpe?g|gif|bmp)$</arg>
<doc>Fails if ``string`` does not match ``pattern`` as a regular expression.</doc>
<status status="PASS" start="2024-07-16T06:21:44.728717" elapsed="0.000347"/>
</kw>
<kw name="Log" owner="BuiltIn">
<msg time="2024-07-16T06:21:44.729584" level="INFO">{'large': 'https://randomuser.me/api/portraits/women/26.jpg', 'medium': 'https://randomuser.me/api/portraits/med/women/26.jpg', 'thumbnail': 'https://randomuser.me/api/portraits/thumb/women/26.jpg'}</msg>
<arg>${json_data['results'][0]['picture']}</arg>
<doc>Logs the given message with the given level.</doc>
<status status="PASS" start="2024-07-16T06:21:44.729250" elapsed="0.000385"/>
</kw>
<status status="PASS" start="2024-07-16T06:21:44.641581" elapsed="0.088306"/>
</kw>
<kw name="Teste de Tipos de Dados - Postcode" owner="random-user-service">
<kw name="GET On Session" owner="RequestsLibrary">
<msg time="2024-07-16T06:21:44.843667" level="INFO">GET Request : url=https://randomuser.me/api 
 path_url=/api 
 headers={'User-Agent': 'python-requests/2.32.3', 'Accept-Encoding': 'gzip, deflate', 'Accept': '*/*', 'Connection': 'keep-alive'} 
 body=None 
 </msg>
<msg time="2024-07-16T06:21:44.843731" level="INFO">GET Response : url=https://randomuser.me/api 
 status=200, reason=OK 
 headers={'Date': 'Tue, 16 Jul 2024 06:21:44 GMT', 'Content-Type': 'application/json; charset=utf-8', 'Transfer-Encoding': 'chunked', 'Connection': 'keep-alive', 'X-Powered-By': 'Express', 'Access-Control-Allow-Origin': '*', 'Cache-Control': 'no-cache', 'ETag': 'W/"482-fvk24VqZHGCQfnSkg6/ne58gsQM"', 'Vary': 'Accept-Encoding', 'Content-Encoding': 'gzip', 'CF-Cache-Status': 'DYNAMIC', 'Report-To': '{"endpoints":[{"url":"https:\\/\\/a.nel.cloudflare.com\\/report\\/v4?s=T5IaMW2%2Bhm%2BwnfAsJMKRf98NiPOUVgn9oMLqQjSfUypCVwz3A%2FfMZN5sxuDd8njlVFc0hHqxIBQ2SlaqYyNhKvdDMFpdX%2FaPSyOw6LyVxZa8yuaw0zf3%2FagKbbM4B2cH"}],"group":"cf-nel","max_age":604800}', 'NEL': '{"success_fraction":0,"report_to":"cf-nel","max_age":604800}', 'Server': 'cloudflare', 'CF-RAY': '8a3fe4d29bf2876c-ORD', 'alt-svc': 'h3=":443"; ma=86400'} 
 body={"results":[{"gender":"female","name":{"title":"Miss","first":"Elsa","last":"Mikkola"},"location":{"street":{"number":6425,"name":"Mechelininkatu"},"city":"Vaala","state":"Uusimaa","country":"Finland","postcode":48960,"coordinates":{"latitude":"-27.4260","longitude":"90.1104"},"timezone":{"offset":"+9:30","description":"Adelaide, Darwin"}},"email":"elsa.mikkola@example.com","login":{"uuid":"390ea6ee-62ce-4889-a934-95376aa3fff5","username":"crazymouse382","password":"caca","salt":"iW6FFKNM","md5":"432bcca86565682e0862844da219b782","sha1":"f7c641d3cc3a0d3acd9a095ba664a95624f6720f","sha256":"fd5eea666ddd75d8fcd60307b2bc0024ae4e2df6277cd919bfd6dfac69d28514"},"dob":{"date":"1956-11-07T22:43:17.835Z","age":67},"registered":{"date":"2012-03-22T04:33:23.638Z","age":12},"phone":"07-629-993","cell":"046-429-44-72","id":{"name":"HETU","value":"NaNNA428undefined"},"picture":{"large":"https://randomuser.me/api/portraits/women/40.jpg","medium":"https://randomuser.me/api/portraits/med/women/40.jpg","thumbnail":"https://randomuser.me/api/portraits/thumb/women/40.jpg"},"nat":"FI"}],"info":{"seed":"69a388a9fe0866d1","results":1,"page":1,"version":"1.4"}} 
 </msg>
<msg time="2024-07-16T06:21:44.843786" level="INFO">/opt/hostedtoolcache/Python/3.12.4/x64/lib/python3.12/site-packages/urllib3/connectionpool.py:1099: InsecureRequestWarning: Unverified HTTPS request is being made to host 'randomuser.me'. Adding certificate verification is strongly advised. See: https://urllib3.readthedocs.io/en/latest/advanced-usage.html#tls-warnings
  warnings.warn(</msg>
<msg time="2024-07-16T06:21:44.843894" level="INFO">${response} = &lt;Response [200]&gt;</msg>
<var>${response}</var>
<arg>consultarAPI</arg>
<arg>/api</arg>
<doc>Sends a GET request on a previously created HTTP Session.</doc>
<status status="PASS" start="2024-07-16T06:21:44.730336" elapsed="0.113600"/>
</kw>
<kw name="Set Variable" owner="BuiltIn">
<msg time="2024-07-16T06:21:44.844723" level="INFO">${json_data} = {'results': [{'gender': 'female', 'name': {'title': 'Miss', 'first': 'Elsa', 'last': 'Mikkola'}, 'location': {'street': {'number': 6425, 'name': 'Mechelininkatu'}, 'city': 'Vaala', 'state': 'Uusimaa',...</msg>
<var>${json_data}</var>
<arg>${response.json()}</arg>
<doc>Returns the given values which can then be assigned to a variables.</doc>
<status status="PASS" start="2024-07-16T06:21:44.844286" elapsed="0.000469"/>
</kw>
<kw name="Log" owner="BuiltIn">
<msg time="2024-07-16T06:21:44.845220" level="INFO">{'results': [{'gender': 'female', 'name': {'title': 'Miss', 'first': 'Elsa', 'last': 'Mikkola'}, 'location': {'street': {'number': 6425, 'name': 'Mechelininkatu'}, 'city': 'Vaala', 'state': 'Uusimaa', 'country': 'Finland', 'postcode': 48960, 'coordinates': {'latitude': '-27.4260', 'longitude': '90.1104'}, 'timezone': {'offset': '+9:30', 'description': 'Adelaide, Darwin'}}, 'email': 'elsa.mikkola@example.com', 'login': {'uuid': '390ea6ee-62ce-4889-a934-95376aa3fff5', 'username': 'crazymouse382', 'password': 'caca', 'salt': 'iW6FFKNM', 'md5': '432bcca86565682e0862844da219b782', 'sha1': 'f7c641d3cc3a0d3acd9a095ba664a95624f6720f', 'sha256': 'fd5eea666ddd75d8fcd60307b2bc0024ae4e2df6277cd919bfd6dfac69d28514'}, 'dob': {'date': '1956-11-07T22:43:17.835Z', 'age': 67}, 'registered': {'date': '2012-03-22T04:33:23.638Z', 'age': 12}, 'phone': '07-629-993', 'cell': '046-429-44-72', 'id': {'name': 'HETU', 'value': 'NaNNA428undefined'}, 'picture': {'large': 'https://randomuser.me/api/portraits/women/40.jpg', 'medium': 'https://randomuser.me/api/portraits/med/women/40.jpg', 'thumbnail': 'https://randomuser.me/api/portraits/thumb/women/40.jpg'}, 'nat': 'FI'}], 'info': {'seed': '69a388a9fe0866d1', 'results': 1, 'page': 1, 'version': '1.4'}}</msg>
<arg>${json_data}</arg>
<doc>Logs the given message with the given level.</doc>
<status status="PASS" start="2024-07-16T06:21:44.845063" elapsed="0.000204"/>
</kw>
<kw name="Should Be Equal As Numbers" owner="BuiltIn">
<arg>${json_data['results'][0]['location']['postcode']}</arg>
<arg>${json_data['results'][0]['location']['postcode']}</arg>
<doc>Fails if objects are unequal after converting them to real numbers.</doc>
<status status="PASS" start="2024-07-16T06:21:44.845558" elapsed="0.000711"/>
</kw>
<kw name="Log" owner="BuiltIn">
<msg time="2024-07-16T06:21:44.846864" level="INFO">48960</msg>
<arg>${json_data['results'][0]['location']['postcode']}</arg>
<doc>Logs the given message with the given level.</doc>
<status status="PASS" start="2024-07-16T06:21:44.846480" elapsed="0.000425"/>
</kw>
<status status="PASS" start="2024-07-16T06:21:44.730097" elapsed="0.117061"/>
</kw>
<doc>Testa se os tipos de dados na resposta da API estão corretos.</doc>
<tag>testeTiposDados</tag>
<status status="PASS" start="2024-07-16T06:21:44.641029" elapsed="0.206287"/>
</test>
<test id="s1-s1-t5" name="Validar conteudo" line="35">
<kw name="Teste de Tipos de Conteudo" owner="random-user-service">
<kw name="GET On Session" owner="RequestsLibrary">
<msg time="2024-07-16T06:21:44.942627" level="INFO">GET Request : url=https://randomuser.me/api 
 path_url=/api 
 headers={'User-Agent': 'python-requests/2.32.3', 'Accept-Encoding': 'gzip, deflate', 'Accept': '*/*', 'Connection': 'keep-alive'} 
 body=None 
 </msg>
<msg time="2024-07-16T06:21:44.942707" level="INFO">GET Response : url=https://randomuser.me/api 
 status=200, reason=OK 
 headers={'Date': 'Tue, 16 Jul 2024 06:21:44 GMT', 'Content-Type': 'application/json; charset=utf-8', 'Transfer-Encoding': 'chunked', 'Connection': 'keep-alive', 'X-Powered-By': 'Express', 'Access-Control-Allow-Origin': '*', 'Cache-Control': 'no-cache', 'ETag': 'W/"473-I7/hylhuuSYa+jSxZGZU9c7ggb4"', 'Vary': 'Accept-Encoding', 'Content-Encoding': 'gzip', 'CF-Cache-Status': 'DYNAMIC', 'Report-To': '{"endpoints":[{"url":"https:\\/\\/a.nel.cloudflare.com\\/report\\/v4?s=CA5QJ8E6MoJQHqZB%2BQ0f3RWcp3NfJKHtIQwntf4gGlQ9xhH%2Bquos3gU5X2BQD%2Br%2FLtMVOIbYE%2B0n4FhuKenwkHf5DcVrELHuq%2Fktw4tI0gQNf2cqxNExs9U4ZLDnPm4Y"}],"group":"cf-nel","max_age":604800}', 'NEL': '{"success_fraction":0,"report_to":"cf-nel","max_age":604800}', 'Server': 'cloudflare', 'CF-RAY': '8a3fe4d35c78876c-ORD', 'alt-svc': 'h3=":443"; ma=86400'} 
 body={"results":[{"gender":"male","name":{"title":"Mr","first":"Aćim","last":"Malešević"},"location":{"street":{"number":9053,"name":"Lokvička"},"city":"Bojnik","state":"Pomoravlje","country":"Serbia","postcode":72172,"coordinates":{"latitude":"60.8027","longitude":"-94.0132"},"timezone":{"offset":"-2:00","description":"Mid-Atlantic"}},"email":"acim.malesevic@example.com","login":{"uuid":"066e729b-9862-498a-aec4-4c9fb227356f","username":"silverfish327","password":"tigers","salt":"LFAhJGNQ","md5":"ee675c1257d0ee0adce62cadc004990d","sha1":"f048f2f420fc85bfed047d9d6a278a753ae9e252","sha256":"68d0b89ffe65a307c510e1ada8f7424e3ada483400830bda82b2f7fffc4de6c0"},"dob":{"date":"1989-11-29T02:30:10.944Z","age":34},"registered":{"date":"2014-05-21T18:43:01.218Z","age":10},"phone":"031-1423-496","cell":"062-5857-775","id":{"name":"SID","value":"503270705"},"picture":{"large":"https://randomuser.me/api/portraits/men/94.jpg","medium":"https://randomuser.me/api/portraits/med/men/94.jpg","thumbnail":"https://randomuser.me/api/portraits/thumb/men/94.jpg"},"nat":"RS"}],"info":{"seed":"69002f4f2aff8fde","results":1,"page":1,"version":"1.4"}} 
 </msg>
<msg time="2024-07-16T06:21:44.942792" level="INFO">/opt/hostedtoolcache/Python/3.12.4/x64/lib/python3.12/site-packages/urllib3/connectionpool.py:1099: InsecureRequestWarning: Unverified HTTPS request is being made to host 'randomuser.me'. Adding certificate verification is strongly advised. See: https://urllib3.readthedocs.io/en/latest/advanced-usage.html#tls-warnings
  warnings.warn(</msg>
<msg time="2024-07-16T06:21:44.942888" level="INFO">${response} = &lt;Response [200]&gt;</msg>
<var>${response}</var>
<arg>consultarAPI</arg>
<arg>/api</arg>
<doc>Sends a GET request on a previously created HTTP Session.</doc>
<status status="PASS" start="2024-07-16T06:21:44.850743" elapsed="0.092180"/>
</kw>
<kw name="Set Variable" owner="BuiltIn">
<msg time="2024-07-16T06:21:44.943767" level="INFO">${json_data} = {'results': [{'gender': 'male', 'name': {'title': 'Mr', 'first': 'Aćim', 'last': 'Malešević'}, 'location': {'street': {'number': 9053, 'name': 'Lokvička'}, 'city': 'Bojnik', 'state': 'Pomoravlje', 'co...</msg>
<var>${json_data}</var>
<arg>${response.json()}</arg>
<doc>Returns the given values which can then be assigned to a variables.</doc>
<status status="PASS" start="2024-07-16T06:21:44.943308" elapsed="0.000490"/>
</kw>
<kw name="Set Variable" owner="BuiltIn">
<msg time="2024-07-16T06:21:44.944488" level="INFO">${name_title} = Mr</msg>
<var>${name_title}</var>
<arg>${json_data["results"][0]["name"]["title"]}</arg>
<doc>Returns the given values which can then be assigned to a variables.</doc>
<status status="PASS" start="2024-07-16T06:21:44.944103" elapsed="0.000412"/>
</kw>
<kw name="Create List" owner="BuiltIn">
<msg time="2024-07-16T06:21:44.944967" level="INFO">${allowed_titles} = ['Mr', 'Ms', 'Miss', 'Mrs', 'Madame', 'Monsieur']</msg>
<var>${allowed_titles}</var>
<arg>Mr</arg>
<arg>Ms</arg>
<arg>Miss</arg>
<arg>Mrs</arg>
<arg>Madame</arg>
<arg>Monsieur</arg>
<doc>Returns a list containing given items.</doc>
<status status="PASS" start="2024-07-16T06:21:44.944816" elapsed="0.000176"/>
</kw>
<kw name="List Should Contain Value" owner="Collections">
<arg>${allowed_titles}</arg>
<arg>${name_title}</arg>
<doc>Fails if the ``value`` is not found from ``list``.</doc>
<status status="PASS" start="2024-07-16T06:21:44.945289" elapsed="0.000175"/>
</kw>
<kw name="Set Variable" owner="BuiltIn">
<msg time="2024-07-16T06:21:44.946013" level="INFO">${name_country} = RS</msg>
<var>${name_country}</var>
<arg>${json_data["results"][0]["nat"]}</arg>
<doc>Returns the given values which can then be assigned to a variables.</doc>
<status status="PASS" start="2024-07-16T06:21:44.945644" elapsed="0.000394"/>
</kw>
<kw name="Create List" owner="BuiltIn">
<msg time="2024-07-16T06:21:44.946968" level="INFO">${list_country} = ['AD', 'AE', 'AF', 'AG', 'AI', 'AL', 'AM', 'AO', 'AQ', 'AR', 'AS', 'AT', 'AU', 'AW', 'AX', 'AZ', 'BA', 'BB', 'BD', 'BE', 'BF', 'BG', 'BH', 'BI', 'BJ', 'BL', 'BM', 'BN', 'BO', 'BQ', 'BR', 'BS', 'BT', '...</msg>
<var>${list_country}</var>
<arg>AD</arg>
<arg>AE</arg>
<arg>AF</arg>
<arg>AG</arg>
<arg>AI</arg>
<arg>AL</arg>
<arg>AM</arg>
<arg>AO</arg>
<arg>AQ</arg>
<arg>AR</arg>
<arg>AS</arg>
<arg>AT</arg>
<arg>AU</arg>
<arg>AW</arg>
<arg>AX</arg>
<arg>AZ</arg>
<arg>BA</arg>
<arg>BB</arg>
<arg>BD</arg>
<arg>BE</arg>
<arg>BF</arg>
<arg>BG</arg>
<arg>BH</arg>
<arg>BI</arg>
<arg>BJ</arg>
<arg>BL</arg>
<arg>BM</arg>
<arg>BN</arg>
<arg>BO</arg>
<arg>BQ</arg>
<arg>BR</arg>
<arg>BS</arg>
<arg>BT</arg>
<arg>BV</arg>
<arg>BW</arg>
<arg>BY</arg>
<arg>BZ</arg>
<arg>CA</arg>
<arg>CC</arg>
<arg>CD</arg>
<arg>CF</arg>
<arg>CG</arg>
<arg>CH</arg>
<arg>CI</arg>
<arg>CK</arg>
<arg>CL</arg>
<arg>CM</arg>
<arg>CN</arg>
<arg>CO</arg>
<arg>CR</arg>
<arg>CU</arg>
<arg>CV</arg>
<arg>CW</arg>
<arg>CX</arg>
<arg>CY</arg>
<arg>CZ</arg>
<arg>DE</arg>
<arg>DJ</arg>
<arg>DK</arg>
<arg>DM</arg>
<arg>DO</arg>
<arg>DZ</arg>
<arg>EC</arg>
<arg>EE</arg>
<arg>EG</arg>
<arg>EH</arg>
<arg>ER</arg>
<arg>ES</arg>
<arg>ET</arg>
<arg>FI</arg>
<arg>FJ</arg>
<arg>FK</arg>
<arg>FM</arg>
<arg>FO</arg>
<arg>FR</arg>
<arg>GA</arg>
<arg>GB</arg>
<arg>GD</arg>
<arg>GE</arg>
<arg>GF</arg>
<arg>GG</arg>
<arg>GH</arg>
<arg>GI</arg>
<arg>GL</arg>
<arg>GM</arg>
<arg>GN</arg>
<arg>GP</arg>
<arg>GQ</arg>
<arg>GR</arg>
<arg>GS</arg>
<arg>GT</arg>
<arg>GU</arg>
<arg>GW</arg>
<arg>GY</arg>
<arg>HK</arg>
<arg>HM</arg>
<arg>HN</arg>
<arg>HR</arg>
<arg>HT</arg>
<arg>HU</arg>
<arg>ID</arg>
<arg>IE</arg>
<arg>IL</arg>
<arg>IM</arg>
<arg>IN</arg>
<arg>IO</arg>
<arg>IQ</arg>
<arg>IR</arg>
<arg>IS</arg>
<arg>IT</arg>
<arg>JE</arg>
<arg>JM</arg>
<arg>JO</arg>
<arg>JP</arg>
<arg>KE</arg>
<arg>KG</arg>
<arg>KH</arg>
<arg>KI</arg>
<arg>KM</arg>
<arg>KN</arg>
<arg>KP</arg>
<arg>KR</arg>
<arg>KW</arg>
<arg>KY</arg>
<arg>KZ</arg>
<arg>LA</arg>
<arg>LB</arg>
<arg>LC</arg>
<arg>LI</arg>
<arg>LK</arg>
<arg>LR</arg>
<arg>LS</arg>
<arg>LT</arg>
<arg>LU</arg>
<arg>LV</arg>
<arg>LY</arg>
<arg>MA</arg>
<arg>MC</arg>
<arg>MD</arg>
<arg>ME</arg>
<arg>MF</arg>
<arg>MG</arg>
<arg>MH</arg>
<arg>MK</arg>
<arg>ML</arg>
<arg>MM</arg>
<arg>MN</arg>
<arg>MO</arg>
<arg>MP</arg>
<arg>MQ</arg>
<arg>MR</arg>
<arg>MS</arg>
<arg>MT</arg>
<arg>MU</arg>
<arg>MV</arg>
<arg>MW</arg>
<arg>MX</arg>
<arg>MY</arg>
<arg>MZ</arg>
<arg>NA</arg>
<arg>NC</arg>
<arg>NE</arg>
<arg>NF</arg>
<arg>NG</arg>
<arg>NI</arg>
<arg>NL</arg>
<arg>NO</arg>
<arg>NP</arg>
<arg>NR</arg>
<arg>NU</arg>
<arg>NZ</arg>
<arg>OM</arg>
<arg>PA</arg>
<arg>PE</arg>
<arg>PF</arg>
<arg>PG</arg>
<arg>PH</arg>
<arg>PK</arg>
<arg>PL</arg>
<arg>PM</arg>
<arg>PN</arg>
<arg>PR</arg>
<arg>PS</arg>
<arg>PT</arg>
<arg>PW</arg>
<arg>PY</arg>
<arg>QA</arg>
<arg>RE</arg>
<arg>RO</arg>
<arg>RS</arg>
<arg>RU</arg>
<arg>RW</arg>
<arg>SA</arg>
<arg>SB</arg>
<arg>SC</arg>
<arg>SD</arg>
<arg>SE</arg>
<arg>SG</arg>
<arg>SH</arg>
<arg>SI</arg>
<arg>SJ</arg>
<arg>SK</arg>
<arg>SL</arg>
<arg>SM</arg>
<arg>SN</arg>
<arg>SO</arg>
<arg>SR</arg>
<arg>SS</arg>
<arg>ST</arg>
<arg>SV</arg>
<arg>SX</arg>
<arg>SY</arg>
<arg>SZ</arg>
<arg>TC</arg>
<arg>TD</arg>
<arg>TF</arg>
<arg>TG</arg>
<arg>TH</arg>
<arg>TJ</arg>
<arg>TK</arg>
<arg>TL</arg>
<arg>TM</arg>
<arg>TN</arg>
<arg>TO</arg>
<arg>TR</arg>
<arg>TT</arg>
<arg>TV</arg>
<arg>TW</arg>
<arg>TZ</arg>
<arg>UA</arg>
<arg>UG</arg>
<arg>UM</arg>
<arg>US</arg>
<arg>UY</arg>
<arg>UZ</arg>
<arg>VA</arg>
<arg>VC</arg>
<arg>VE</arg>
<arg>VG</arg>
<arg>VI</arg>
<arg>VN</arg>
<arg>VU</arg>
<arg>WF</arg>
<arg>WS</arg>
<arg>XK</arg>
<arg>YE</arg>
<arg>YT</arg>
<arg>ZA</arg>
<arg>ZM</arg>
<arg>ZW</arg>
<doc>Returns a list containing given items.</doc>
<status status="PASS" start="2024-07-16T06:21:44.946381" elapsed="0.000612"/>
</kw>
<kw name="List Should Contain Value" owner="Collections">
<arg>${list_country}</arg>
<arg>${name_country}</arg>
<doc>Fails if the ``value`` is not found from ``list``.</doc>
<status status="PASS" start="2024-07-16T06:21:44.947779" elapsed="0.000202"/>
</kw>
<kw name="Run Keyword If" owner="BuiltIn">
<kw name="Should Be True" owner="BuiltIn">
<arg>${True}</arg>
<doc>Fails if the given condition is not true.</doc>
<status status="PASS" start="2024-07-16T06:21:44.948917" elapsed="0.000143"/>
</kw>
<arg>${json_data["results"][0]["location"]["coordinates"]["latitude"]} &gt;= -90 and ${json_data["results"][0]["location"]["coordinates"]["latitude"]} &lt;= 90</arg>
<arg>Should Be True</arg>
<arg>${True}</arg>
<doc>Runs the given keyword with the given arguments, if ``condition`` is true.</doc>
<status status="PASS" start="2024-07-16T06:21:44.948176" elapsed="0.001011"/>
</kw>
<kw name="Run Keyword If" owner="BuiltIn">
<kw name="Should Be True" owner="BuiltIn">
<arg>${True}</arg>
<doc>Fails if the given condition is not true.</doc>
<status status="PASS" start="2024-07-16T06:21:44.950067" elapsed="0.000189"/>
</kw>
<arg>${json_data["results"][0]["location"]["coordinates"]["longitude"]} &gt;= -180 and ${json_data["results"][0]["location"]["coordinates"]["longitude"]} &lt;= 180</arg>
<arg>Should Be True</arg>
<arg>${True}</arg>
<doc>Runs the given keyword with the given arguments, if ``condition`` is true.</doc>
<status status="PASS" start="2024-07-16T06:21:44.949370" elapsed="0.001015"/>
</kw>
<status status="PASS" start="2024-07-16T06:21:44.850190" elapsed="0.100326"/>
</kw>
<doc>Testa o conteúdo específico dos campos retornados pela API.</doc>
<tag>testeConteudo</tag>
<status status="PASS" start="2024-07-16T06:21:44.849486" elapsed="0.101172"/>
</test>
<status status="PASS" start="2024-07-16T06:21:44.086163" elapsed="0.866460"/>
</suite>
<status status="PASS" start="2024-07-16T06:21:44.071715" elapsed="0.886135"/>
</suite>
<statistics>
<total>
<stat pass="5" fail="0" skip="0">All Tests</stat>
</total>
<tag>
<stat pass="1" fail="0" skip="0">testeConteudo</stat>
<stat pass="1" fail="0" skip="0">testeEstruturaResposta</stat>
<stat pass="1" fail="0" skip="0">testeRequisicaoBasica</stat>
<stat pass="1" fail="0" skip="0">testeTiposDados</stat>
</tag>
<suite>
<stat pass="5" fail="0" skip="0" id="s1" name="Tests">Tests</stat>
<stat pass="5" fail="0" skip="0" id="s1-s1" name="Random-User-Test">Tests.Random-User-Test</stat>
</suite>
</statistics>
<errors>
</errors>
</robot>
