<?xml version="1.0" encoding="UTF-8"?>
<robot generator="Robot 7.0.1 (Python 3.12.4 on linux)" generated="2024-07-22T14:15:10.067623" rpa="false" schemaversion="5">
<suite id="s1" name="Tests" source="/home/runner/work/ApiRandomUser/ApiRandomUser/RamdonUser/tests">
<suite id="s1-s1" name="Random-User-Test" source="/home/runner/work/ApiRandomUser/ApiRandomUser/RamdonUser/tests/random-user-test.robot">
<test id="s1-s1-t1" name="Conectar" line="13">
<kw name="Conectar API" owner="random-user-service">
<kw name="Create Session" owner="RequestsLibrary">
<msg time="2024-07-22T14:15:10.495092" level="INFO">Creating Session using : alias=consultarAPI, url=https://randomuser.me/, headers={},                     cookies={}, auth=None, timeout=None, proxies=None, verify=False,                     debug=0 </msg>
<arg>consultarAPI</arg>
<arg>${URL}</arg>
<doc>Create Session: create a HTTP session to a server</doc>
<status status="PASS" start="2024-07-22T14:15:10.494865" elapsed="0.000444"/>
</kw>
<status status="PASS" start="2024-07-22T14:15:10.493729" elapsed="0.002003"/>
</kw>
<status status="PASS" start="2024-07-22T14:15:10.493076" elapsed="0.002860"/>
</test>
<test id="s1-s1-t2" name="Validar retorno 200 e JSON Válido" line="16">
<kw name="Teste de Requisicao Basica" owner="random-user-service">
<kw name="GET On Session" owner="RequestsLibrary">
<msg time="2024-07-22T14:15:10.776241" level="INFO">GET Request : url=https://randomuser.me/api 
 path_url=/api 
 headers={'User-Agent': 'python-requests/2.32.3', 'Accept-Encoding': 'gzip, deflate', 'Accept': '*/*', 'Connection': 'keep-alive'} 
 body=None 
 </msg>
<msg time="2024-07-22T14:15:10.776419" level="INFO">GET Response : url=https://randomuser.me/api 
 status=200, reason=OK 
 headers={'Date': 'Mon, 22 Jul 2024 14:15:10 GMT', 'Content-Type': 'application/json; charset=utf-8', 'Transfer-Encoding': 'chunked', 'Connection': 'keep-alive', 'X-Powered-By': 'Express', 'Access-Control-Allow-Origin': '*', 'Cache-Control': 'no-cache', 'ETag': 'W/"493-ZtbMmk0ldqkv/dVWb2YlGBOAt8o"', 'Vary': 'Accept-Encoding', 'Content-Encoding': 'gzip', 'CF-Cache-Status': 'DYNAMIC', 'Report-To': '{"endpoints":[{"url":"https:\\/\\/a.nel.cloudflare.com\\/report\\/v4?s=BE%2F%2Fx%2FWwhMFU52%2FUWPZNLFKrhQWuNTN8O0xMVHqtXbjPDPpKck6Hk26WOrIlXhd8SqW3Zs%2FLp9ffAyH%2Bny7BybGlRlHnrPBdLQdqWtWUTWi%2B5%2BLSmgJ5vFxqzkaKZyEa"}],"group":"cf-nel","max_age":604800}', 'NEL': '{"success_fraction":0,"report_to":"cf-nel","max_age":604800}', 'Server': 'cloudflare', 'CF-RAY': '8a740a93c82b110e-ORD', 'alt-svc': 'h3=":443"; ma=86400'} 
 body={"results":[{"gender":"female","name":{"title":"Miss","first":"Ambre","last":"Morin"},"location":{"street":{"number":8082,"name":"Rue de L'Abbé-Patureau"},"city":"Le Havre","state":"Aisne","country":"France","postcode":48105,"coordinates":{"latitude":"-17.5714","longitude":"57.4535"},"timezone":{"offset":"-11:00","description":"Midway Island, Samoa"}},"email":"ambre.morin@example.com","login":{"uuid":"1b10c960-6beb-48f2-a0c7-e5fc5991a675","username":"heavyswan436","password":"sahara","salt":"T5RF9jjc","md5":"468afcb116f1471343b982ed1f7f4aba","sha1":"80ce7e65549c5860c6d209fc1a24f2cdb63b1855","sha256":"9877bbc3202fb3e65d1276521c33c317672f4ecdfe44ade182035cb09bfb2cbe"},"dob":{"date":"1999-07-21T08:06:55.662Z","age":25},"registered":{"date":"2018-03-17T19:01:31.992Z","age":6},"phone":"04-51-64-43-96","cell":"06-07-07-97-06","id":{"name":"INSEE","value":"2990625192099 57"},"picture":{"large":"https://randomuser.me/api/portraits/women/30.jpg","medium":"https://randomuser.me/api/portraits/med/women/30.jpg","thumbnail":"https://randomuser.me/api/portraits/thumb/women/30.jpg"},"nat":"FR"}],"info":{"seed":"6409d35660d4a616","results":1,"page":1,"version":"1.4"}} 
 </msg>
<msg time="2024-07-22T14:15:10.776520" level="INFO">/opt/hostedtoolcache/Python/3.12.4/x64/lib/python3.12/site-packages/urllib3/connectionpool.py:1099: InsecureRequestWarning: Unverified HTTPS request is being made to host 'randomuser.me'. Adding certificate verification is strongly advised. See: https://urllib3.readthedocs.io/en/latest/advanced-usage.html#tls-warnings
  warnings.warn(</msg>
<msg time="2024-07-22T14:15:10.776666" level="INFO">${response} = &lt;Response [200]&gt;</msg>
<var>${response}</var>
<arg>consultarAPI</arg>
<arg>/api</arg>
<doc>Sends a GET request on a previously created HTTP Session.</doc>
<status status="PASS" start="2024-07-22T14:15:10.498762" elapsed="0.277939"/>
</kw>
<kw name="Should Be Equal As Numbers" owner="BuiltIn">
<msg time="2024-07-22T14:15:10.777871" level="INFO">Argument types are:
&lt;class 'int'&gt;
&lt;class 'str'&gt;</msg>
<arg>${response.status_code}</arg>
<arg>200</arg>
<doc>Fails if objects are unequal after converting them to real numbers.</doc>
<status status="PASS" start="2024-07-22T14:15:10.777368" elapsed="0.000575"/>
</kw>
<kw name="Log" owner="BuiltIn">
<msg time="2024-07-22T14:15:10.778743" level="INFO">200</msg>
<arg>${response.status_code}</arg>
<doc>Logs the given message with the given level.</doc>
<status status="PASS" start="2024-07-22T14:15:10.778338" elapsed="0.000452"/>
</kw>
<kw name="Set Variable" owner="BuiltIn">
<msg time="2024-07-22T14:15:10.779663" level="INFO">${json_data} = {'results': [{'gender': 'female', 'name': {'title': 'Miss', 'first': 'Ambre', 'last': 'Morin'}, 'location': {'street': {'number': 8082, 'name': "Rue de L'Abbé-Patureau"}, 'city': 'Le Havre', 'state': ...</msg>
<var>${json_data}</var>
<arg>${response.json()}</arg>
<doc>Returns the given values which can then be assigned to a variables.</doc>
<status status="PASS" start="2024-07-22T14:15:10.779157" elapsed="0.000543"/>
</kw>
<kw name="Dictionary Should Contain Key" owner="Collections">
<arg>${json_data}</arg>
<arg>results</arg>
<doc>Fails if ``key`` is not found from ``dictionary``.</doc>
<status status="PASS" start="2024-07-22T14:15:10.780048" elapsed="0.000359"/>
</kw>
<status status="PASS" start="2024-07-22T14:15:10.498489" elapsed="0.282079"/>
</kw>
<doc>Testa se a API responde corretamente e retorna um objeto JSON válido.</doc>
<tag>testeRequisicaoBasica</tag>
<status status="PASS" start="2024-07-22T14:15:10.497933" elapsed="0.282815"/>
</test>
<test id="s1-s1-t3" name="Validar estrutura de resposta" line="22">
<kw name="Teste de Estrutura de Resposta" owner="random-user-service">
<kw name="GET On Session" owner="RequestsLibrary">
<msg time="2024-07-22T14:15:10.844018" level="INFO">GET Request : url=https://randomuser.me/api 
 path_url=/api 
 headers={'User-Agent': 'python-requests/2.32.3', 'Accept-Encoding': 'gzip, deflate', 'Accept': '*/*', 'Connection': 'keep-alive'} 
 body=None 
 </msg>
<msg time="2024-07-22T14:15:10.844132" level="INFO">GET Response : url=https://randomuser.me/api 
 status=200, reason=OK 
 headers={'Date': 'Mon, 22 Jul 2024 14:15:10 GMT', 'Content-Type': 'application/json; charset=utf-8', 'Transfer-Encoding': 'chunked', 'Connection': 'keep-alive', 'X-Powered-By': 'Express', 'Access-Control-Allow-Origin': '*', 'Cache-Control': 'no-cache', 'ETag': 'W/"493-c0mC0L8Qie27DohzuDst74y+xZQ"', 'Vary': 'Accept-Encoding', 'Content-Encoding': 'gzip', 'CF-Cache-Status': 'DYNAMIC', 'Report-To': '{"endpoints":[{"url":"https:\\/\\/a.nel.cloudflare.com\\/report\\/v4?s=8wWSgKXjnJosI2AuyO51A%2B%2FBJ8KhFmmr1w%2Bz4nEPiocwsNtUric0Ck1W9Vg2WBb0d5Ti%2BV7vvq5%2BxcqnNpmQRP9ygrOpeYJ9%2Fb2c0ZMHfLJ%2Fj%2FIfhEsq8lm0LZntXTF5"}],"group":"cf-nel","max_age":604800}', 'NEL': '{"success_fraction":0,"report_to":"cf-nel","max_age":604800}', 'Server': 'cloudflare', 'CF-RAY': '8a740a94690e110e-ORD', 'alt-svc': 'h3=":443"; ma=86400'} 
 body={"results":[{"gender":"female","name":{"title":"Ms","first":"Lenira","last":"da Luz"},"location":{"street":{"number":8568,"name":"Rua Castro Alves "},"city":"Salvador","state":"Rio Grande do Norte","country":"Brazil","postcode":41151,"coordinates":{"latitude":"-73.7275","longitude":"71.1799"},"timezone":{"offset":"-2:00","description":"Mid-Atlantic"}},"email":"lenira.daluz@example.com","login":{"uuid":"84e5d3cb-5b47-4c7d-8a9a-b22ac8d80c7a","username":"purplepeacock265","password":"marlon","salt":"UqEVC1IN","md5":"985e196535fa5e8d9cbf4875b391c17e","sha1":"5551cafffe3b32ca94a8b8d3f1418c0ed3fd19b2","sha256":"88a35f1fb5b62b7836ea41f57f73356809383575716f7ad7ce779650e93ec8f7"},"dob":{"date":"1953-11-18T14:55:28.825Z","age":70},"registered":{"date":"2015-04-07T02:57:32.576Z","age":9},"phone":"(58) 5074-6891","cell":"(56) 7661-7545","id":{"name":"CPF","value":"769.434.531-32"},"picture":{"large":"https://randomuser.me/api/portraits/women/78.jpg","medium":"https://randomuser.me/api/portraits/med/women/78.jpg","thumbnail":"https://randomuser.me/api/portraits/thumb/women/78.jpg"},"nat":"BR"}],"info":{"seed":"23f684a3573a523f","results":1,"page":1,"version":"1.4"}} 
 </msg>
<msg time="2024-07-22T14:15:10.844281" level="INFO">/opt/hostedtoolcache/Python/3.12.4/x64/lib/python3.12/site-packages/urllib3/connectionpool.py:1099: InsecureRequestWarning: Unverified HTTPS request is being made to host 'randomuser.me'. Adding certificate verification is strongly advised. See: https://urllib3.readthedocs.io/en/latest/advanced-usage.html#tls-warnings
  warnings.warn(</msg>
<msg time="2024-07-22T14:15:10.844421" level="INFO">${response} = &lt;Response [200]&gt;</msg>
<var>${response}</var>
<arg>consultarAPI</arg>
<arg>/api</arg>
<doc>Sends a GET request on a previously created HTTP Session.</doc>
<status status="PASS" start="2024-07-22T14:15:10.783746" elapsed="0.060704"/>
</kw>
<kw name="Set Variable" owner="BuiltIn">
<msg time="2024-07-22T14:15:10.845627" level="INFO">${json_data} = {'results': [{'gender': 'female', 'name': {'title': 'Ms', 'first': 'Lenira', 'last': 'da Luz'}, 'location': {'street': {'number': 8568, 'name': 'Rua Castro Alves '}, 'city': 'Salvador', 'state': 'Rio ...</msg>
<var>${json_data}</var>
<arg>${response.json()}</arg>
<doc>Returns the given values which can then be assigned to a variables.</doc>
<status status="PASS" start="2024-07-22T14:15:10.845073" elapsed="0.000584"/>
</kw>
<kw name="Log" owner="BuiltIn">
<msg time="2024-07-22T14:15:10.846234" level="INFO">{'results': [{'gender': 'female', 'name': {'title': 'Ms', 'first': 'Lenira', 'last': 'da Luz'}, 'location': {'street': {'number': 8568, 'name': 'Rua Castro Alves '}, 'city': 'Salvador', 'state': 'Rio Grande do Norte', 'country': 'Brazil', 'postcode': 41151, 'coordinates': {'latitude': '-73.7275', 'longitude': '71.1799'}, 'timezone': {'offset': '-2:00', 'description': 'Mid-Atlantic'}}, 'email': 'lenira.daluz@example.com', 'login': {'uuid': '84e5d3cb-5b47-4c7d-8a9a-b22ac8d80c7a', 'username': 'purplepeacock265', 'password': 'marlon', 'salt': 'UqEVC1IN', 'md5': '985e196535fa5e8d9cbf4875b391c17e', 'sha1': '5551cafffe3b32ca94a8b8d3f1418c0ed3fd19b2', 'sha256': '88a35f1fb5b62b7836ea41f57f73356809383575716f7ad7ce779650e93ec8f7'}, 'dob': {'date': '1953-11-18T14:55:28.825Z', 'age': 70}, 'registered': {'date': '2015-04-07T02:57:32.576Z', 'age': 9}, 'phone': '(58) 5074-6891', 'cell': '(56) 7661-7545', 'id': {'name': 'CPF', 'value': '769.434.531-32'}, 'picture': {'large': 'https://randomuser.me/api/portraits/women/78.jpg', 'medium': 'https://randomuser.me/api/portraits/med/women/78.jpg', 'thumbnail': 'https://randomuser.me/api/portraits/thumb/women/78.jpg'}, 'nat': 'BR'}], 'info': {'seed': '23f684a3573a523f', 'results': 1, 'page': 1, 'version': '1.4'}}</msg>
<arg>${json_data}</arg>
<doc>Logs the given message with the given level.</doc>
<status status="PASS" start="2024-07-22T14:15:10.846040" elapsed="0.000248"/>
</kw>
<kw name="Dictionary Should Contain Key" owner="Collections">
<arg>${json_data}</arg>
<arg>results</arg>
<doc>Fails if ``key`` is not found from ``dictionary``.</doc>
<status status="PASS" start="2024-07-22T14:15:10.846625" elapsed="0.000175"/>
</kw>
<kw name="Should Not Be Empty" owner="BuiltIn">
<msg time="2024-07-22T14:15:10.847130" level="INFO">Length is 2.</msg>
<arg>${json_data}</arg>
<doc>Verifies that the given item is not empty.</doc>
<status status="PASS" start="2024-07-22T14:15:10.846994" elapsed="0.000175"/>
</kw>
<kw name="Create List" owner="BuiltIn">
<msg time="2024-07-22T14:15:10.847658" level="INFO">${expected_keys} = ['gender', 'name', 'location', 'email', 'login']</msg>
<var>${expected_keys}</var>
<arg>gender</arg>
<arg>name</arg>
<arg>location</arg>
<arg>email</arg>
<arg>login</arg>
<doc>Returns a list containing given items.</doc>
<status status="PASS" start="2024-07-22T14:15:10.847468" elapsed="0.000216"/>
</kw>
<for flavor="IN">
<iter>
<kw name="Dictionary Should Contain Key" owner="Collections">
<arg>${json_data['results'][0]}</arg>
<arg>${key}</arg>
<doc>Fails if ``key`` is not found from ``dictionary``.</doc>
<status status="PASS" start="2024-07-22T14:15:10.848312" elapsed="0.000454"/>
</kw>
<kw name="Log" owner="BuiltIn">
<msg time="2024-07-22T14:15:10.849383" level="INFO">{'gender': 'female', 'name': {'title': 'Ms', 'first': 'Lenira', 'last': 'da Luz'}, 'location': {'street': {'number': 8568, 'name': 'Rua Castro Alves '}, 'city': 'Salvador', 'state': 'Rio Grande do Norte', 'country': 'Brazil', 'postcode': 41151, 'coordinates': {'latitude': '-73.7275', 'longitude': '71.1799'}, 'timezone': {'offset': '-2:00', 'description': 'Mid-Atlantic'}}, 'email': 'lenira.daluz@example.com', 'login': {'uuid': '84e5d3cb-5b47-4c7d-8a9a-b22ac8d80c7a', 'username': 'purplepeacock265', 'password': 'marlon', 'salt': 'UqEVC1IN', 'md5': '985e196535fa5e8d9cbf4875b391c17e', 'sha1': '5551cafffe3b32ca94a8b8d3f1418c0ed3fd19b2', 'sha256': '88a35f1fb5b62b7836ea41f57f73356809383575716f7ad7ce779650e93ec8f7'}, 'dob': {'date': '1953-11-18T14:55:28.825Z', 'age': 70}, 'registered': {'date': '2015-04-07T02:57:32.576Z', 'age': 9}, 'phone': '(58) 5074-6891', 'cell': '(56) 7661-7545', 'id': {'name': 'CPF', 'value': '769.434.531-32'}, 'picture': {'large': 'https://randomuser.me/api/portraits/women/78.jpg', 'medium': 'https://randomuser.me/api/portraits/med/women/78.jpg', 'thumbnail': 'https://randomuser.me/api/portraits/thumb/women/78.jpg'}, 'nat': 'BR'}</msg>
<arg>${json_data['results'][0]}</arg>
<doc>Logs the given message with the given level.</doc>
<status status="PASS" start="2024-07-22T14:15:10.848981" elapsed="0.000453"/>
</kw>
<kw name="Log" owner="BuiltIn">
<msg time="2024-07-22T14:15:10.849885" level="INFO">gender</msg>
<arg>${key}</arg>
<doc>Logs the given message with the given level.</doc>
<status status="PASS" start="2024-07-22T14:15:10.849751" elapsed="0.000174"/>
</kw>
<var name="${key}">gender</var>
<status status="PASS" start="2024-07-22T14:15:10.848175" elapsed="0.001977"/>
</iter>
<iter>
<kw name="Dictionary Should Contain Key" owner="Collections">
<arg>${json_data['results'][0]}</arg>
<arg>${key}</arg>
<doc>Fails if ``key`` is not found from ``dictionary``.</doc>
<status status="PASS" start="2024-07-22T14:15:10.850473" elapsed="0.000416"/>
</kw>
<kw name="Log" owner="BuiltIn">
<msg time="2024-07-22T14:15:10.851570" level="INFO">{'gender': 'female', 'name': {'title': 'Ms', 'first': 'Lenira', 'last': 'da Luz'}, 'location': {'street': {'number': 8568, 'name': 'Rua Castro Alves '}, 'city': 'Salvador', 'state': 'Rio Grande do Norte', 'country': 'Brazil', 'postcode': 41151, 'coordinates': {'latitude': '-73.7275', 'longitude': '71.1799'}, 'timezone': {'offset': '-2:00', 'description': 'Mid-Atlantic'}}, 'email': 'lenira.daluz@example.com', 'login': {'uuid': '84e5d3cb-5b47-4c7d-8a9a-b22ac8d80c7a', 'username': 'purplepeacock265', 'password': 'marlon', 'salt': 'UqEVC1IN', 'md5': '985e196535fa5e8d9cbf4875b391c17e', 'sha1': '5551cafffe3b32ca94a8b8d3f1418c0ed3fd19b2', 'sha256': '88a35f1fb5b62b7836ea41f57f73356809383575716f7ad7ce779650e93ec8f7'}, 'dob': {'date': '1953-11-18T14:55:28.825Z', 'age': 70}, 'registered': {'date': '2015-04-07T02:57:32.576Z', 'age': 9}, 'phone': '(58) 5074-6891', 'cell': '(56) 7661-7545', 'id': {'name': 'CPF', 'value': '769.434.531-32'}, 'picture': {'large': 'https://randomuser.me/api/portraits/women/78.jpg', 'medium': 'https://randomuser.me/api/portraits/med/women/78.jpg', 'thumbnail': 'https://randomuser.me/api/portraits/thumb/women/78.jpg'}, 'nat': 'BR'}</msg>
<arg>${json_data['results'][0]}</arg>
<doc>Logs the given message with the given level.</doc>
<status status="PASS" start="2024-07-22T14:15:10.851091" elapsed="0.000619"/>
</kw>
<kw name="Log" owner="BuiltIn">
<msg time="2024-07-22T14:15:10.852260" level="INFO">name</msg>
<arg>${key}</arg>
<doc>Logs the given message with the given level.</doc>
<status status="PASS" start="2024-07-22T14:15:10.852125" elapsed="0.000180"/>
</kw>
<var name="${key}">name</var>
<status status="PASS" start="2024-07-22T14:15:10.850354" elapsed="0.002182"/>
</iter>
<iter>
<kw name="Dictionary Should Contain Key" owner="Collections">
<arg>${json_data['results'][0]}</arg>
<arg>${key}</arg>
<doc>Fails if ``key`` is not found from ``dictionary``.</doc>
<status status="PASS" start="2024-07-22T14:15:10.852843" elapsed="0.000409"/>
</kw>
<kw name="Log" owner="BuiltIn">
<msg time="2024-07-22T14:15:10.853809" level="INFO">{'gender': 'female', 'name': {'title': 'Ms', 'first': 'Lenira', 'last': 'da Luz'}, 'location': {'street': {'number': 8568, 'name': 'Rua Castro Alves '}, 'city': 'Salvador', 'state': 'Rio Grande do Norte', 'country': 'Brazil', 'postcode': 41151, 'coordinates': {'latitude': '-73.7275', 'longitude': '71.1799'}, 'timezone': {'offset': '-2:00', 'description': 'Mid-Atlantic'}}, 'email': 'lenira.daluz@example.com', 'login': {'uuid': '84e5d3cb-5b47-4c7d-8a9a-b22ac8d80c7a', 'username': 'purplepeacock265', 'password': 'marlon', 'salt': 'UqEVC1IN', 'md5': '985e196535fa5e8d9cbf4875b391c17e', 'sha1': '5551cafffe3b32ca94a8b8d3f1418c0ed3fd19b2', 'sha256': '88a35f1fb5b62b7836ea41f57f73356809383575716f7ad7ce779650e93ec8f7'}, 'dob': {'date': '1953-11-18T14:55:28.825Z', 'age': 70}, 'registered': {'date': '2015-04-07T02:57:32.576Z', 'age': 9}, 'phone': '(58) 5074-6891', 'cell': '(56) 7661-7545', 'id': {'name': 'CPF', 'value': '769.434.531-32'}, 'picture': {'large': 'https://randomuser.me/api/portraits/women/78.jpg', 'medium': 'https://randomuser.me/api/portraits/med/women/78.jpg', 'thumbnail': 'https://randomuser.me/api/portraits/thumb/women/78.jpg'}, 'nat': 'BR'}</msg>
<arg>${json_data['results'][0]}</arg>
<doc>Logs the given message with the given level.</doc>
<status status="PASS" start="2024-07-22T14:15:10.853445" elapsed="0.000411"/>
</kw>
<kw name="Log" owner="BuiltIn">
<msg time="2024-07-22T14:15:10.854288" level="INFO">location</msg>
<arg>${key}</arg>
<doc>Logs the given message with the given level.</doc>
<status status="PASS" start="2024-07-22T14:15:10.854161" elapsed="0.000165"/>
</kw>
<var name="${key}">location</var>
<status status="PASS" start="2024-07-22T14:15:10.852730" elapsed="0.001811"/>
</iter>
<iter>
<kw name="Dictionary Should Contain Key" owner="Collections">
<arg>${json_data['results'][0]}</arg>
<arg>${key}</arg>
<doc>Fails if ``key`` is not found from ``dictionary``.</doc>
<status status="PASS" start="2024-07-22T14:15:10.854830" elapsed="0.000396"/>
</kw>
<kw name="Log" owner="BuiltIn">
<msg time="2024-07-22T14:15:10.855963" level="INFO">{'gender': 'female', 'name': {'title': 'Ms', 'first': 'Lenira', 'last': 'da Luz'}, 'location': {'street': {'number': 8568, 'name': 'Rua Castro Alves '}, 'city': 'Salvador', 'state': 'Rio Grande do Norte', 'country': 'Brazil', 'postcode': 41151, 'coordinates': {'latitude': '-73.7275', 'longitude': '71.1799'}, 'timezone': {'offset': '-2:00', 'description': 'Mid-Atlantic'}}, 'email': 'lenira.daluz@example.com', 'login': {'uuid': '84e5d3cb-5b47-4c7d-8a9a-b22ac8d80c7a', 'username': 'purplepeacock265', 'password': 'marlon', 'salt': 'UqEVC1IN', 'md5': '985e196535fa5e8d9cbf4875b391c17e', 'sha1': '5551cafffe3b32ca94a8b8d3f1418c0ed3fd19b2', 'sha256': '88a35f1fb5b62b7836ea41f57f73356809383575716f7ad7ce779650e93ec8f7'}, 'dob': {'date': '1953-11-18T14:55:28.825Z', 'age': 70}, 'registered': {'date': '2015-04-07T02:57:32.576Z', 'age': 9}, 'phone': '(58) 5074-6891', 'cell': '(56) 7661-7545', 'id': {'name': 'CPF', 'value': '769.434.531-32'}, 'picture': {'large': 'https://randomuser.me/api/portraits/women/78.jpg', 'medium': 'https://randomuser.me/api/portraits/med/women/78.jpg', 'thumbnail': 'https://randomuser.me/api/portraits/thumb/women/78.jpg'}, 'nat': 'BR'}</msg>
<arg>${json_data['results'][0]}</arg>
<doc>Logs the given message with the given level.</doc>
<status status="PASS" start="2024-07-22T14:15:10.855592" elapsed="0.000420"/>
</kw>
<kw name="Log" owner="BuiltIn">
<msg time="2024-07-22T14:15:10.856442" level="INFO">email</msg>
<arg>${key}</arg>
<doc>Logs the given message with the given level.</doc>
<status status="PASS" start="2024-07-22T14:15:10.856312" elapsed="0.000176"/>
</kw>
<var name="${key}">email</var>
<status status="PASS" start="2024-07-22T14:15:10.854720" elapsed="0.001986"/>
</iter>
<iter>
<kw name="Dictionary Should Contain Key" owner="Collections">
<arg>${json_data['results'][0]}</arg>
<arg>${key}</arg>
<doc>Fails if ``key`` is not found from ``dictionary``.</doc>
<status status="PASS" start="2024-07-22T14:15:10.856991" elapsed="0.000380"/>
</kw>
<kw name="Log" owner="BuiltIn">
<msg time="2024-07-22T14:15:10.857909" level="INFO">{'gender': 'female', 'name': {'title': 'Ms', 'first': 'Lenira', 'last': 'da Luz'}, 'location': {'street': {'number': 8568, 'name': 'Rua Castro Alves '}, 'city': 'Salvador', 'state': 'Rio Grande do Norte', 'country': 'Brazil', 'postcode': 41151, 'coordinates': {'latitude': '-73.7275', 'longitude': '71.1799'}, 'timezone': {'offset': '-2:00', 'description': 'Mid-Atlantic'}}, 'email': 'lenira.daluz@example.com', 'login': {'uuid': '84e5d3cb-5b47-4c7d-8a9a-b22ac8d80c7a', 'username': 'purplepeacock265', 'password': 'marlon', 'salt': 'UqEVC1IN', 'md5': '985e196535fa5e8d9cbf4875b391c17e', 'sha1': '5551cafffe3b32ca94a8b8d3f1418c0ed3fd19b2', 'sha256': '88a35f1fb5b62b7836ea41f57f73356809383575716f7ad7ce779650e93ec8f7'}, 'dob': {'date': '1953-11-18T14:55:28.825Z', 'age': 70}, 'registered': {'date': '2015-04-07T02:57:32.576Z', 'age': 9}, 'phone': '(58) 5074-6891', 'cell': '(56) 7661-7545', 'id': {'name': 'CPF', 'value': '769.434.531-32'}, 'picture': {'large': 'https://randomuser.me/api/portraits/women/78.jpg', 'medium': 'https://randomuser.me/api/portraits/med/women/78.jpg', 'thumbnail': 'https://randomuser.me/api/portraits/thumb/women/78.jpg'}, 'nat': 'BR'}</msg>
<arg>${json_data['results'][0]}</arg>
<doc>Logs the given message with the given level.</doc>
<status status="PASS" start="2024-07-22T14:15:10.857554" elapsed="0.000403"/>
</kw>
<kw name="Log" owner="BuiltIn">
<msg time="2024-07-22T14:15:10.858377" level="INFO">login</msg>
<arg>${key}</arg>
<doc>Logs the given message with the given level.</doc>
<status status="PASS" start="2024-07-22T14:15:10.858250" elapsed="0.000164"/>
</kw>
<var name="${key}">login</var>
<status status="PASS" start="2024-07-22T14:15:10.856882" elapsed="0.001744"/>
</iter>
<var>${key}</var>
<value>@{expected_keys}</value>
<status status="PASS" start="2024-07-22T14:15:10.847968" elapsed="0.010778"/>
</for>
<kw name="Create List" owner="BuiltIn">
<msg time="2024-07-22T14:15:10.859078" level="INFO">${expected_keysTwo} = ['username', 'password']</msg>
<var>${expected_keysTwo}</var>
<arg>username</arg>
<arg>password</arg>
<doc>Returns a list containing given items.</doc>
<status status="PASS" start="2024-07-22T14:15:10.858941" elapsed="0.000190"/>
</kw>
<for flavor="IN">
<iter>
<kw name="Dictionary Should Contain Key" owner="Collections">
<arg>${json_data['results'][0]['login']}</arg>
<arg>${keyTwo}</arg>
<doc>Fails if ``key`` is not found from ``dictionary``.</doc>
<status status="PASS" start="2024-07-22T14:15:10.859696" elapsed="0.000392"/>
</kw>
<kw name="Dictionary Should Contain Key" owner="Collections">
<arg>${json_data['results'][0]['login']}</arg>
<arg>${keyTwo}</arg>
<doc>Fails if ``key`` is not found from ``dictionary``.</doc>
<status status="PASS" start="2024-07-22T14:15:10.860271" elapsed="0.000373"/>
</kw>
<kw name="Log" owner="BuiltIn">
<msg time="2024-07-22T14:15:10.860942" level="INFO">username</msg>
<arg>${keyTwo}</arg>
<doc>Logs the given message with the given level.</doc>
<status status="PASS" start="2024-07-22T14:15:10.860822" elapsed="0.000158"/>
</kw>
<var name="${keyTwo}">username</var>
<status status="PASS" start="2024-07-22T14:15:10.859576" elapsed="0.001624"/>
</iter>
<iter>
<kw name="Dictionary Should Contain Key" owner="Collections">
<arg>${json_data['results'][0]['login']}</arg>
<arg>${keyTwo}</arg>
<doc>Fails if ``key`` is not found from ``dictionary``.</doc>
<status status="PASS" start="2024-07-22T14:15:10.861489" elapsed="0.000389"/>
</kw>
<kw name="Dictionary Should Contain Key" owner="Collections">
<arg>${json_data['results'][0]['login']}</arg>
<arg>${keyTwo}</arg>
<doc>Fails if ``key`` is not found from ``dictionary``.</doc>
<status status="PASS" start="2024-07-22T14:15:10.862057" elapsed="0.000374"/>
</kw>
<kw name="Log" owner="BuiltIn">
<msg time="2024-07-22T14:15:10.862734" level="INFO">password</msg>
<arg>${keyTwo}</arg>
<doc>Logs the given message with the given level.</doc>
<status status="PASS" start="2024-07-22T14:15:10.862608" elapsed="0.000164"/>
</kw>
<var name="${keyTwo}">password</var>
<status status="PASS" start="2024-07-22T14:15:10.861375" elapsed="0.001618"/>
</iter>
<var>${keyTwo}</var>
<value>@{expected_keysTwo}</value>
<status status="PASS" start="2024-07-22T14:15:10.859381" elapsed="0.003735"/>
</for>
<status status="PASS" start="2024-07-22T14:15:10.783383" elapsed="0.079880"/>
</kw>
<doc>Testa a estrutura da resposta da API.</doc>
<tag>testeEstruturaResposta</tag>
<status status="PASS" start="2024-07-22T14:15:10.782705" elapsed="0.080721"/>
</test>
<test id="s1-s1-t4" name="Validar tipos de dados" line="28">
<kw name="Teste de Tipos de Dados" owner="random-user-service">
<kw name="GET On Session" owner="RequestsLibrary">
<msg time="2024-07-22T14:15:10.945738" level="INFO">GET Request : url=https://randomuser.me/api 
 path_url=/api 
 headers={'User-Agent': 'python-requests/2.32.3', 'Accept-Encoding': 'gzip, deflate', 'Accept': '*/*', 'Connection': 'keep-alive'} 
 body=None 
 </msg>
<msg time="2024-07-22T14:15:10.945860" level="INFO">GET Response : url=https://randomuser.me/api 
 status=200, reason=OK 
 headers={'Date': 'Mon, 22 Jul 2024 14:15:10 GMT', 'Content-Type': 'application/json; charset=utf-8', 'Transfer-Encoding': 'chunked', 'Connection': 'keep-alive', 'X-Powered-By': 'Express', 'Access-Control-Allow-Origin': '*', 'Cache-Control': 'no-cache', 'ETag': 'W/"483-VjNHFA+EhQo09YtiSIcwxJzPLak"', 'Vary': 'Accept-Encoding', 'Content-Encoding': 'gzip', 'CF-Cache-Status': 'DYNAMIC', 'Report-To': '{"endpoints":[{"url":"https:\\/\\/a.nel.cloudflare.com\\/report\\/v4?s=5f2TviBtxLASbXsll0aOcZtLMOoWNnp1cjCtTi8e%2B3FyIMUA9IYPvwdxmOi5sd3X%2BCRTFrcgovABwhsDt8emhECGf%2Fo8qB0W6uQu%2FSAN%2FYB25u2Z0NzmAClQ4A2XFOWA"}],"group":"cf-nel","max_age":604800}', 'NEL': '{"success_fraction":0,"report_to":"cf-nel","max_age":604800}', 'Server': 'cloudflare', 'CF-RAY': '8a740a94e9c6110e-ORD', 'alt-svc': 'h3=":443"; ma=86400'} 
 body={"results":[{"gender":"male","name":{"title":"Mr","first":"Dharmesh","last":"Dsouza"},"location":{"street":{"number":6875,"name":"Commercial St"},"city":"Kochi","state":"Rajasthan","country":"India","postcode":62344,"coordinates":{"latitude":"12.0055","longitude":"-1.6461"},"timezone":{"offset":"+2:00","description":"Kaliningrad, South Africa"}},"email":"dharmesh.dsouza@example.com","login":{"uuid":"548b38d9-a1a1-42ea-9048-228ea0463997","username":"crazyleopard235","password":"0.0.000","salt":"NhNgk6Nf","md5":"d01788a57e5cd7ad590c2869028dfd39","sha1":"5196db6ee257dd4e03b7415fd438a6a6c5e46555","sha256":"c67aa79a6b92a9f6f66a6f46440de2339812d1b414468ed2f4de504cc6eb921d"},"dob":{"date":"1953-11-20T07:20:24.260Z","age":70},"registered":{"date":"2013-07-25T19:32:27.766Z","age":10},"phone":"8024255401","cell":"8140057305","id":{"name":"UIDAI","value":"224385558274"},"picture":{"large":"https://randomuser.me/api/portraits/men/88.jpg","medium":"https://randomuser.me/api/portraits/med/men/88.jpg","thumbnail":"https://randomuser.me/api/portraits/thumb/men/88.jpg"},"nat":"IN"}],"info":{"seed":"dfc5012107a0da60","results":1,"page":1,"version":"1.4"}} 
 </msg>
<msg time="2024-07-22T14:15:10.945948" level="INFO">/opt/hostedtoolcache/Python/3.12.4/x64/lib/python3.12/site-packages/urllib3/connectionpool.py:1099: InsecureRequestWarning: Unverified HTTPS request is being made to host 'randomuser.me'. Adding certificate verification is strongly advised. See: https://urllib3.readthedocs.io/en/latest/advanced-usage.html#tls-warnings
  warnings.warn(</msg>
<msg time="2024-07-22T14:15:10.946088" level="INFO">${response} = &lt;Response [200]&gt;</msg>
<var>${response}</var>
<arg>consultarAPI</arg>
<arg>/api</arg>
<doc>Sends a GET request on a previously created HTTP Session.</doc>
<status status="PASS" start="2024-07-22T14:15:10.866082" elapsed="0.080042"/>
</kw>
<kw name="Set Variable" owner="BuiltIn">
<msg time="2024-07-22T14:15:10.947313" level="INFO">${json_data} = {'results': [{'gender': 'male', 'name': {'title': 'Mr', 'first': 'Dharmesh', 'last': 'Dsouza'}, 'location': {'street': {'number': 6875, 'name': 'Commercial St'}, 'city': 'Kochi', 'state': 'Rajasthan',...</msg>
<var>${json_data}</var>
<arg>${response.json()}</arg>
<doc>Returns the given values which can then be assigned to a variables.</doc>
<status status="PASS" start="2024-07-22T14:15:10.946723" elapsed="0.000619"/>
</kw>
<kw name="Log" owner="BuiltIn">
<msg time="2024-07-22T14:15:10.947941" level="INFO">{'results': [{'gender': 'male', 'name': {'title': 'Mr', 'first': 'Dharmesh', 'last': 'Dsouza'}, 'location': {'street': {'number': 6875, 'name': 'Commercial St'}, 'city': 'Kochi', 'state': 'Rajasthan', 'country': 'India', 'postcode': 62344, 'coordinates': {'latitude': '12.0055', 'longitude': '-1.6461'}, 'timezone': {'offset': '+2:00', 'description': 'Kaliningrad, South Africa'}}, 'email': 'dharmesh.dsouza@example.com', 'login': {'uuid': '548b38d9-a1a1-42ea-9048-228ea0463997', 'username': 'crazyleopard235', 'password': '0.0.000', 'salt': 'NhNgk6Nf', 'md5': 'd01788a57e5cd7ad590c2869028dfd39', 'sha1': '5196db6ee257dd4e03b7415fd438a6a6c5e46555', 'sha256': 'c67aa79a6b92a9f6f66a6f46440de2339812d1b414468ed2f4de504cc6eb921d'}, 'dob': {'date': '1953-11-20T07:20:24.260Z', 'age': 70}, 'registered': {'date': '2013-07-25T19:32:27.766Z', 'age': 10}, 'phone': '8024255401', 'cell': '8140057305', 'id': {'name': 'UIDAI', 'value': '224385558274'}, 'picture': {'large': 'https://randomuser.me/api/portraits/men/88.jpg', 'medium': 'https://randomuser.me/api/portraits/med/men/88.jpg', 'thumbnail': 'https://randomuser.me/api/portraits/thumb/men/88.jpg'}, 'nat': 'IN'}], 'info': {'seed': 'dfc5012107a0da60', 'results': 1, 'page': 1, 'version': '1.4'}}</msg>
<arg>${json_data}</arg>
<doc>Logs the given message with the given level.</doc>
<status status="PASS" start="2024-07-22T14:15:10.947756" elapsed="0.000237"/>
</kw>
<kw name="Should Be String" owner="String">
<arg>${json_data['results'][0]['gender']}</arg>
<doc>Fails if the given ``item`` is not a string.</doc>
<status status="PASS" start="2024-07-22T14:15:10.948389" elapsed="0.000473"/>
</kw>
<kw name="Should Match Regexp" owner="BuiltIn">
<arg>${json_data['results'][0]['email']}</arg>
<arg>^[a-zA-Z0-9._%+-]+@[a-zA-Z0-9.-]+\.[a-zA-Z]{2,}$</arg>
<doc>Fails if ``string`` does not match ``pattern`` as a regular expression.</doc>
<status status="PASS" start="2024-07-22T14:15:10.949078" elapsed="0.000572"/>
</kw>
<kw name="Should Match Regexp" owner="BuiltIn">
<arg>${json_data['results'][0]['dob']['date']}</arg>
<arg>\\d{4}-\\d{2}-\\d{2}T\\d{2}:\\d{2}:\\d{2}\\.\\d{3}Z</arg>
<doc>Fails if ``string`` does not match ``pattern`` as a regular expression.</doc>
<status status="PASS" start="2024-07-22T14:15:10.949907" elapsed="0.000699"/>
</kw>
<kw name="Should Match Regexp" owner="BuiltIn">
<arg>${json_data['results'][0]['registered']['date']}</arg>
<arg>\\d{4}-\\d{2}-\\d{2}T\\d{2}:\\d{2}:\\d{2}\\.\\d{3}Z</arg>
<doc>Fails if ``string`` does not match ``pattern`` as a regular expression.</doc>
<status status="PASS" start="2024-07-22T14:15:10.950814" elapsed="0.000395"/>
</kw>
<kw name="Should Match Regexp" owner="BuiltIn">
<arg>${json_data['results'][0]['picture']['large']}</arg>
<arg>^https?://.*\.(?:png|jpe?g|gif|bmp)$</arg>
<doc>Fails if ``string`` does not match ``pattern`` as a regular expression.</doc>
<status status="PASS" start="2024-07-22T14:15:10.951405" elapsed="0.000540"/>
</kw>
<kw name="Should Match Regexp" owner="BuiltIn">
<arg>${json_data['results'][0]['picture']['medium']}</arg>
<arg>^https?://.*\.(?:png|jpe?g|gif|bmp)$</arg>
<doc>Fails if ``string`` does not match ``pattern`` as a regular expression.</doc>
<status status="PASS" start="2024-07-22T14:15:10.952155" elapsed="0.000388"/>
</kw>
<kw name="Should Match Regexp" owner="BuiltIn">
<arg>${json_data['results'][0]['picture']['thumbnail']}</arg>
<arg>^https?://.*\.(?:png|jpe?g|gif|bmp)$</arg>
<doc>Fails if ``string`` does not match ``pattern`` as a regular expression.</doc>
<status status="PASS" start="2024-07-22T14:15:10.952740" elapsed="0.000406"/>
</kw>
<kw name="Log" owner="BuiltIn">
<msg time="2024-07-22T14:15:10.953677" level="INFO">{'large': 'https://randomuser.me/api/portraits/men/88.jpg', 'medium': 'https://randomuser.me/api/portraits/med/men/88.jpg', 'thumbnail': 'https://randomuser.me/api/portraits/thumb/men/88.jpg'}</msg>
<arg>${json_data['results'][0]['picture']}</arg>
<doc>Logs the given message with the given level.</doc>
<status status="PASS" start="2024-07-22T14:15:10.953337" elapsed="0.000387"/>
</kw>
<status status="PASS" start="2024-07-22T14:15:10.865844" elapsed="0.088219"/>
</kw>
<kw name="Teste de Tipos de Dados - Postcode" owner="random-user-service">
<kw name="GET On Session" owner="RequestsLibrary">
<msg time="2024-07-22T14:15:11.043387" level="INFO">GET Request : url=https://randomuser.me/api 
 path_url=/api 
 headers={'User-Agent': 'python-requests/2.32.3', 'Accept-Encoding': 'gzip, deflate', 'Accept': '*/*', 'Connection': 'keep-alive'} 
 body=None 
 </msg>
<msg time="2024-07-22T14:15:11.043496" level="INFO">GET Response : url=https://randomuser.me/api 
 status=200, reason=OK 
 headers={'Date': 'Mon, 22 Jul 2024 14:15:11 GMT', 'Content-Type': 'application/json; charset=utf-8', 'Transfer-Encoding': 'chunked', 'Connection': 'keep-alive', 'X-Powered-By': 'Express', 'Access-Control-Allow-Origin': '*', 'Cache-Control': 'no-cache', 'ETag': 'W/"49a-8Qze0gOwX/MEsh2p/hpO16aTXuo"', 'Vary': 'Accept-Encoding', 'Content-Encoding': 'gzip', 'CF-Cache-Status': 'DYNAMIC', 'Report-To': '{"endpoints":[{"url":"https:\\/\\/a.nel.cloudflare.com\\/report\\/v4?s=1WKk%2BBesTH3j5YxmnEjXqxeZI21MU23U5F4UaLtZHCuXQHVKvt%2F7DF%2FVJ0gk8QMplDOLgMprwpjPZ5Q1NclkiAukGwh7PwzOTwRiPb%2Bgxk5yhG19QyxA%2BfKJL5vZvRvz"}],"group":"cf-nel","max_age":604800}', 'NEL': '{"success_fraction":0,"report_to":"cf-nel","max_age":604800}', 'Server': 'cloudflare', 'CF-RAY': '8a740a957a84110e-ORD', 'alt-svc': 'h3=":443"; ma=86400'} 
 body={"results":[{"gender":"female","name":{"title":"Madame","first":"Eliana","last":"Bertrand"},"location":{"street":{"number":3347,"name":"Rue de Cuire"},"city":"Riviera","state":"Basel-Stadt","country":"Switzerland","postcode":2058,"coordinates":{"latitude":"-56.6344","longitude":"173.2164"},"timezone":{"offset":"-11:00","description":"Midway Island, Samoa"}},"email":"eliana.bertrand@example.com","login":{"uuid":"407057b3-02ee-4475-ae4e-985f981bff7c","username":"tinymeercat554","password":"deaths","salt":"i66rBwj3","md5":"b4a21774261dba5a07b127a178cd737b","sha1":"4cd1f7e20cffe0f08b8bbbaadab6a902c7a19985","sha256":"507765027e5dfdd989cd9d747d2f8be7f75178cdad765ebbe21a3f951f9b7ea9"},"dob":{"date":"1963-12-24T02:49:16.776Z","age":60},"registered":{"date":"2021-10-15T13:28:44.070Z","age":2},"phone":"078 994 76 78","cell":"079 453 83 22","id":{"name":"AVS","value":"756.9059.4784.54"},"picture":{"large":"https://randomuser.me/api/portraits/women/56.jpg","medium":"https://randomuser.me/api/portraits/med/women/56.jpg","thumbnail":"https://randomuser.me/api/portraits/thumb/women/56.jpg"},"nat":"CH"}],"info":{"seed":"c520f1d6b13a72f8","results":1,"page":1,"version":"1.4"}} 
 </msg>
<msg time="2024-07-22T14:15:11.043632" level="INFO">/opt/hostedtoolcache/Python/3.12.4/x64/lib/python3.12/site-packages/urllib3/connectionpool.py:1099: InsecureRequestWarning: Unverified HTTPS request is being made to host 'randomuser.me'. Adding certificate verification is strongly advised. See: https://urllib3.readthedocs.io/en/latest/advanced-usage.html#tls-warnings
  warnings.warn(</msg>
<msg time="2024-07-22T14:15:11.043764" level="INFO">${response} = &lt;Response [200]&gt;</msg>
<var>${response}</var>
<arg>consultarAPI</arg>
<arg>/api</arg>
<doc>Sends a GET request on a previously created HTTP Session.</doc>
<status status="PASS" start="2024-07-22T14:15:10.954561" elapsed="0.089231"/>
</kw>
<kw name="Set Variable" owner="BuiltIn">
<msg time="2024-07-22T14:15:11.044993" level="INFO">${json_data} = {'results': [{'gender': 'female', 'name': {'title': 'Madame', 'first': 'Eliana', 'last': 'Bertrand'}, 'location': {'street': {'number': 3347, 'name': 'Rue de Cuire'}, 'city': 'Riviera', 'state': 'Base...</msg>
<var>${json_data}</var>
<arg>${response.json()}</arg>
<doc>Returns the given values which can then be assigned to a variables.</doc>
<status status="PASS" start="2024-07-22T14:15:11.044435" elapsed="0.000588"/>
</kw>
<kw name="Log" owner="BuiltIn">
<msg time="2024-07-22T14:15:11.045612" level="INFO">{'results': [{'gender': 'female', 'name': {'title': 'Madame', 'first': 'Eliana', 'last': 'Bertrand'}, 'location': {'street': {'number': 3347, 'name': 'Rue de Cuire'}, 'city': 'Riviera', 'state': 'Basel-Stadt', 'country': 'Switzerland', 'postcode': 2058, 'coordinates': {'latitude': '-56.6344', 'longitude': '173.2164'}, 'timezone': {'offset': '-11:00', 'description': 'Midway Island, Samoa'}}, 'email': 'eliana.bertrand@example.com', 'login': {'uuid': '407057b3-02ee-4475-ae4e-985f981bff7c', 'username': 'tinymeercat554', 'password': 'deaths', 'salt': 'i66rBwj3', 'md5': 'b4a21774261dba5a07b127a178cd737b', 'sha1': '4cd1f7e20cffe0f08b8bbbaadab6a902c7a19985', 'sha256': '507765027e5dfdd989cd9d747d2f8be7f75178cdad765ebbe21a3f951f9b7ea9'}, 'dob': {'date': '1963-12-24T02:49:16.776Z', 'age': 60}, 'registered': {'date': '2021-10-15T13:28:44.070Z', 'age': 2}, 'phone': '078 994 76 78', 'cell': '079 453 83 22', 'id': {'name': 'AVS', 'value': '756.9059.4784.54'}, 'picture': {'large': 'https://randomuser.me/api/portraits/women/56.jpg', 'medium': 'https://randomuser.me/api/portraits/med/women/56.jpg', 'thumbnail': 'https://randomuser.me/api/portraits/thumb/women/56.jpg'}, 'nat': 'CH'}], 'info': {'seed': 'c520f1d6b13a72f8', 'results': 1, 'page': 1, 'version': '1.4'}}</msg>
<arg>${json_data}</arg>
<doc>Logs the given message with the given level.</doc>
<status status="PASS" start="2024-07-22T14:15:11.045422" elapsed="0.000242"/>
</kw>
<kw name="Should Be Equal As Numbers" owner="BuiltIn">
<arg>${json_data['results'][0]['location']['postcode']}</arg>
<arg>${json_data['results'][0]['location']['postcode']}</arg>
<doc>Fails if objects are unequal after converting them to real numbers.</doc>
<status status="PASS" start="2024-07-22T14:15:11.046019" elapsed="0.000698"/>
</kw>
<kw name="Log" owner="BuiltIn">
<msg time="2024-07-22T14:15:11.047313" level="INFO">2058</msg>
<arg>${json_data['results'][0]['location']['postcode']}</arg>
<doc>Logs the given message with the given level.</doc>
<status status="PASS" start="2024-07-22T14:15:11.046951" elapsed="0.000407"/>
</kw>
<status status="PASS" start="2024-07-22T14:15:10.954309" elapsed="0.093413"/>
</kw>
<doc>Testa se os tipos de dados na resposta da API estão corretos.</doc>
<tag>testeTiposDados</tag>
<status status="PASS" start="2024-07-22T14:15:10.865254" elapsed="0.182680"/>
</test>
<test id="s1-s1-t5" name="Validar conteudo" line="35">
<kw name="Teste de Tipos de Conteudo" owner="random-user-service">
<kw name="GET On Session" owner="RequestsLibrary">
<msg time="2024-07-22T14:15:11.142811" level="INFO">GET Request : url=https://randomuser.me/api 
 path_url=/api 
 headers={'User-Agent': 'python-requests/2.32.3', 'Accept-Encoding': 'gzip, deflate', 'Accept': '*/*', 'Connection': 'keep-alive'} 
 body=None 
 </msg>
<msg time="2024-07-22T14:15:11.142916" level="INFO">GET Response : url=https://randomuser.me/api 
 status=200, reason=OK 
 headers={'Date': 'Mon, 22 Jul 2024 14:15:11 GMT', 'Content-Type': 'application/json; charset=utf-8', 'Transfer-Encoding': 'chunked', 'Connection': 'keep-alive', 'X-Powered-By': 'Express', 'Access-Control-Allow-Origin': '*', 'Cache-Control': 'no-cache', 'ETag': 'W/"47f-t5n13JenyoCxWo163A5ZwUZ2M9A"', 'Vary': 'Accept-Encoding', 'Content-Encoding': 'gzip', 'CF-Cache-Status': 'DYNAMIC', 'Report-To': '{"endpoints":[{"url":"https:\\/\\/a.nel.cloudflare.com\\/report\\/v4?s=xFGCqHIzDf9%2FdnFWvDMgYS%2FyU6ZyS59znu78x%2Bk0qCSSAD5ulwINnM9J3knFCb4SrFrhAz0TvaUhtvdWtjlhBgM7PHztYRC4SNGn76cDOn8JKCvkZs9gBpL1kWQQrVGQ"}],"group":"cf-nel","max_age":604800}', 'NEL': '{"success_fraction":0,"report_to":"cf-nel","max_age":604800}', 'Server': 'cloudflare', 'CF-RAY': '8a740a961ba1110e-ORD', 'alt-svc': 'h3=":443"; ma=86400'} 
 body={"results":[{"gender":"male","name":{"title":"Mr","first":"سام","last":"حسینی"},"location":{"street":{"number":601,"name":"دیباجی"},"city":"بیرجند","state":"بوشهر","country":"Iran","postcode":70889,"coordinates":{"latitude":"19.0432","longitude":"-101.4847"},"timezone":{"offset":"+5:30","description":"Bombay, Calcutta, Madras, New Delhi"}},"email":"sm.hsyny@example.com","login":{"uuid":"61b0443a-62c4-4bf8-aee2-fac31f981758","username":"whitedog951","password":"tenchi","salt":"xhXrS8HA","md5":"106c35fdd293ee46ee53eb96737600a3","sha1":"fcaddcf63c8a00c2af9077f03f74c72475107a30","sha256":"9388c87457762491f36aa836be8d1365cd299cd917130cf79f444f57db2d802b"},"dob":{"date":"1981-05-28T17:13:05.355Z","age":43},"registered":{"date":"2017-12-02T19:45:21.565Z","age":6},"phone":"009-55043564","cell":"0932-845-5661","id":{"name":"","value":null},"picture":{"large":"https://randomuser.me/api/portraits/men/20.jpg","medium":"https://randomuser.me/api/portraits/med/men/20.jpg","thumbnail":"https://randomuser.me/api/portraits/thumb/men/20.jpg"},"nat":"IR"}],"info":{"seed":"8fb388b6c30c6114","results":1,"page":1,"version":"1.4"}} 
 </msg>
<msg time="2024-07-22T14:15:11.142996" level="INFO">/opt/hostedtoolcache/Python/3.12.4/x64/lib/python3.12/site-packages/urllib3/connectionpool.py:1099: InsecureRequestWarning: Unverified HTTPS request is being made to host 'randomuser.me'. Adding certificate verification is strongly advised. See: https://urllib3.readthedocs.io/en/latest/advanced-usage.html#tls-warnings
  warnings.warn(</msg>
<msg time="2024-07-22T14:15:11.143123" level="INFO">${response} = &lt;Response [200]&gt;</msg>
<var>${response}</var>
<arg>consultarAPI</arg>
<arg>/api</arg>
<doc>Sends a GET request on a previously created HTTP Session.</doc>
<status status="PASS" start="2024-07-22T14:15:11.050632" elapsed="0.092517"/>
</kw>
<kw name="Set Variable" owner="BuiltIn">
<msg time="2024-07-22T14:15:11.144324" level="INFO">${json_data} = {'results': [{'gender': 'male', 'name': {'title': 'Mr', 'first': 'سام', 'last': 'حسینی'}, 'location': {'street': {'number': 601, 'name': 'دیباجی'}, 'city': 'بیرجند', 'state': 'بوشهر', 'country': 'Iran...</msg>
<var>${json_data}</var>
<arg>${response.json()}</arg>
<doc>Returns the given values which can then be assigned to a variables.</doc>
<status status="PASS" start="2024-07-22T14:15:11.143759" elapsed="0.000598"/>
</kw>
<kw name="Set Variable" owner="BuiltIn">
<msg time="2024-07-22T14:15:11.145107" level="INFO">${name_title} = Mr</msg>
<var>${name_title}</var>
<arg>${json_data["results"][0]["name"]["title"]}</arg>
<doc>Returns the given values which can then be assigned to a variables.</doc>
<status status="PASS" start="2024-07-22T14:15:11.144700" elapsed="0.000434"/>
</kw>
<kw name="Create List" owner="BuiltIn">
<msg time="2024-07-22T14:15:11.145587" level="INFO">${allowed_titles} = ['Mr', 'Ms', 'Miss', 'Mrs', 'Madame', 'Monsieur']</msg>
<var>${allowed_titles}</var>
<arg>Mr</arg>
<arg>Ms</arg>
<arg>Miss</arg>
<arg>Mrs</arg>
<arg>Madame</arg>
<arg>Monsieur</arg>
<doc>Returns a list containing given items.</doc>
<status status="PASS" start="2024-07-22T14:15:11.145437" elapsed="0.000176"/>
</kw>
<kw name="List Should Contain Value" owner="Collections">
<arg>${allowed_titles}</arg>
<arg>${name_title}</arg>
<doc>Fails if the ``value`` is not found from ``list``.</doc>
<status status="PASS" start="2024-07-22T14:15:11.145911" elapsed="0.000187"/>
</kw>
<kw name="Set Variable" owner="BuiltIn">
<msg time="2024-07-22T14:15:11.146660" level="INFO">${name_country} = IR</msg>
<var>${name_country}</var>
<arg>${json_data["results"][0]["nat"]}</arg>
<doc>Returns the given values which can then be assigned to a variables.</doc>
<status status="PASS" start="2024-07-22T14:15:11.146279" elapsed="0.000406"/>
</kw>
<kw name="Create List" owner="BuiltIn">
<msg time="2024-07-22T14:15:11.147739" level="INFO">${list_country} = ['AD', 'AE', 'AF', 'AG', 'AI', 'AL', 'AM', 'AO', 'AQ', 'AR', 'AS', 'AT', 'AU', 'AW', 'AX', 'AZ', 'BA', 'BB', 'BD', 'BE', 'BF', 'BG', 'BH', 'BI', 'BJ', 'BL', 'BM', 'BN', 'BO', 'BQ', 'BR', 'BS', 'BT', '...</msg>
<var>${list_country}</var>
<arg>AD</arg>
<arg>AE</arg>
<arg>AF</arg>
<arg>AG</arg>
<arg>AI</arg>
<arg>AL</arg>
<arg>AM</arg>
<arg>AO</arg>
<arg>AQ</arg>
<arg>AR</arg>
<arg>AS</arg>
<arg>AT</arg>
<arg>AU</arg>
<arg>AW</arg>
<arg>AX</arg>
<arg>AZ</arg>
<arg>BA</arg>
<arg>BB</arg>
<arg>BD</arg>
<arg>BE</arg>
<arg>BF</arg>
<arg>BG</arg>
<arg>BH</arg>
<arg>BI</arg>
<arg>BJ</arg>
<arg>BL</arg>
<arg>BM</arg>
<arg>BN</arg>
<arg>BO</arg>
<arg>BQ</arg>
<arg>BR</arg>
<arg>BS</arg>
<arg>BT</arg>
<arg>BV</arg>
<arg>BW</arg>
<arg>BY</arg>
<arg>BZ</arg>
<arg>CA</arg>
<arg>CC</arg>
<arg>CD</arg>
<arg>CF</arg>
<arg>CG</arg>
<arg>CH</arg>
<arg>CI</arg>
<arg>CK</arg>
<arg>CL</arg>
<arg>CM</arg>
<arg>CN</arg>
<arg>CO</arg>
<arg>CR</arg>
<arg>CU</arg>
<arg>CV</arg>
<arg>CW</arg>
<arg>CX</arg>
<arg>CY</arg>
<arg>CZ</arg>
<arg>DE</arg>
<arg>DJ</arg>
<arg>DK</arg>
<arg>DM</arg>
<arg>DO</arg>
<arg>DZ</arg>
<arg>EC</arg>
<arg>EE</arg>
<arg>EG</arg>
<arg>EH</arg>
<arg>ER</arg>
<arg>ES</arg>
<arg>ET</arg>
<arg>FI</arg>
<arg>FJ</arg>
<arg>FK</arg>
<arg>FM</arg>
<arg>FO</arg>
<arg>FR</arg>
<arg>GA</arg>
<arg>GB</arg>
<arg>GD</arg>
<arg>GE</arg>
<arg>GF</arg>
<arg>GG</arg>
<arg>GH</arg>
<arg>GI</arg>
<arg>GL</arg>
<arg>GM</arg>
<arg>GN</arg>
<arg>GP</arg>
<arg>GQ</arg>
<arg>GR</arg>
<arg>GS</arg>
<arg>GT</arg>
<arg>GU</arg>
<arg>GW</arg>
<arg>GY</arg>
<arg>HK</arg>
<arg>HM</arg>
<arg>HN</arg>
<arg>HR</arg>
<arg>HT</arg>
<arg>HU</arg>
<arg>ID</arg>
<arg>IE</arg>
<arg>IL</arg>
<arg>IM</arg>
<arg>IN</arg>
<arg>IO</arg>
<arg>IQ</arg>
<arg>IR</arg>
<arg>IS</arg>
<arg>IT</arg>
<arg>JE</arg>
<arg>JM</arg>
<arg>JO</arg>
<arg>JP</arg>
<arg>KE</arg>
<arg>KG</arg>
<arg>KH</arg>
<arg>KI</arg>
<arg>KM</arg>
<arg>KN</arg>
<arg>KP</arg>
<arg>KR</arg>
<arg>KW</arg>
<arg>KY</arg>
<arg>KZ</arg>
<arg>LA</arg>
<arg>LB</arg>
<arg>LC</arg>
<arg>LI</arg>
<arg>LK</arg>
<arg>LR</arg>
<arg>LS</arg>
<arg>LT</arg>
<arg>LU</arg>
<arg>LV</arg>
<arg>LY</arg>
<arg>MA</arg>
<arg>MC</arg>
<arg>MD</arg>
<arg>ME</arg>
<arg>MF</arg>
<arg>MG</arg>
<arg>MH</arg>
<arg>MK</arg>
<arg>ML</arg>
<arg>MM</arg>
<arg>MN</arg>
<arg>MO</arg>
<arg>MP</arg>
<arg>MQ</arg>
<arg>MR</arg>
<arg>MS</arg>
<arg>MT</arg>
<arg>MU</arg>
<arg>MV</arg>
<arg>MW</arg>
<arg>MX</arg>
<arg>MY</arg>
<arg>MZ</arg>
<arg>NA</arg>
<arg>NC</arg>
<arg>NE</arg>
<arg>NF</arg>
<arg>NG</arg>
<arg>NI</arg>
<arg>NL</arg>
<arg>NO</arg>
<arg>NP</arg>
<arg>NR</arg>
<arg>NU</arg>
<arg>NZ</arg>
<arg>OM</arg>
<arg>PA</arg>
<arg>PE</arg>
<arg>PF</arg>
<arg>PG</arg>
<arg>PH</arg>
<arg>PK</arg>
<arg>PL</arg>
<arg>PM</arg>
<arg>PN</arg>
<arg>PR</arg>
<arg>PS</arg>
<arg>PT</arg>
<arg>PW</arg>
<arg>PY</arg>
<arg>QA</arg>
<arg>RE</arg>
<arg>RO</arg>
<arg>RS</arg>
<arg>RU</arg>
<arg>RW</arg>
<arg>SA</arg>
<arg>SB</arg>
<arg>SC</arg>
<arg>SD</arg>
<arg>SE</arg>
<arg>SG</arg>
<arg>SH</arg>
<arg>SI</arg>
<arg>SJ</arg>
<arg>SK</arg>
<arg>SL</arg>
<arg>SM</arg>
<arg>SN</arg>
<arg>SO</arg>
<arg>SR</arg>
<arg>SS</arg>
<arg>ST</arg>
<arg>SV</arg>
<arg>SX</arg>
<arg>SY</arg>
<arg>SZ</arg>
<arg>TC</arg>
<arg>TD</arg>
<arg>TF</arg>
<arg>TG</arg>
<arg>TH</arg>
<arg>TJ</arg>
<arg>TK</arg>
<arg>TL</arg>
<arg>TM</arg>
<arg>TN</arg>
<arg>TO</arg>
<arg>TR</arg>
<arg>TT</arg>
<arg>TV</arg>
<arg>TW</arg>
<arg>TZ</arg>
<arg>UA</arg>
<arg>UG</arg>
<arg>UM</arg>
<arg>US</arg>
<arg>UY</arg>
<arg>UZ</arg>
<arg>VA</arg>
<arg>VC</arg>
<arg>VE</arg>
<arg>VG</arg>
<arg>VI</arg>
<arg>VN</arg>
<arg>VU</arg>
<arg>WF</arg>
<arg>WS</arg>
<arg>XK</arg>
<arg>YE</arg>
<arg>YT</arg>
<arg>ZA</arg>
<arg>ZM</arg>
<arg>ZW</arg>
<doc>Returns a list containing given items.</doc>
<status status="PASS" start="2024-07-22T14:15:11.147006" elapsed="0.000761"/>
</kw>
<kw name="List Should Contain Value" owner="Collections">
<arg>${list_country}</arg>
<arg>${name_country}</arg>
<doc>Fails if the ``value`` is not found from ``list``.</doc>
<status status="PASS" start="2024-07-22T14:15:11.148799" elapsed="0.000246"/>
</kw>
<kw name="Run Keyword If" owner="BuiltIn">
<kw name="Should Be True" owner="BuiltIn">
<arg>${True}</arg>
<doc>Fails if the given condition is not true.</doc>
<status status="PASS" start="2024-07-22T14:15:11.150053" elapsed="0.000144"/>
</kw>
<arg>${json_data["results"][0]["location"]["coordinates"]["latitude"]} &gt;= -90 and ${json_data["results"][0]["location"]["coordinates"]["latitude"]} &lt;= 90</arg>
<arg>Should Be True</arg>
<arg>${True}</arg>
<doc>Runs the given keyword with the given arguments, if ``condition`` is true.</doc>
<status status="PASS" start="2024-07-22T14:15:11.149273" elapsed="0.001048"/>
</kw>
<kw name="Run Keyword If" owner="BuiltIn">
<kw name="Should Be True" owner="BuiltIn">
<arg>${True}</arg>
<doc>Fails if the given condition is not true.</doc>
<status status="PASS" start="2024-07-22T14:15:11.151206" elapsed="0.000140"/>
</kw>
<arg>${json_data["results"][0]["location"]["coordinates"]["longitude"]} &gt;= -180 and ${json_data["results"][0]["location"]["coordinates"]["longitude"]} &lt;= 180</arg>
<arg>Should Be True</arg>
<arg>${True}</arg>
<doc>Runs the given keyword with the given arguments, if ``condition`` is true.</doc>
<status status="PASS" start="2024-07-22T14:15:11.150503" elapsed="0.000968"/>
</kw>
<status status="PASS" start="2024-07-22T14:15:11.050352" elapsed="0.101303"/>
</kw>
<doc>Testa o conteúdo específico dos campos retornados pela API.</doc>
<tag>testeConteudo</tag>
<status status="PASS" start="2024-07-22T14:15:11.049776" elapsed="0.102039"/>
</test>
<status status="PASS" start="2024-07-22T14:15:10.130131" elapsed="1.023697"/>
</suite>
<status status="PASS" start="2024-07-22T14:15:10.115073" elapsed="1.043984"/>
</suite>
<statistics>
<total>
<stat pass="5" fail="0" skip="0">All Tests</stat>
</total>
<tag>
<stat pass="1" fail="0" skip="0">testeConteudo</stat>
<stat pass="1" fail="0" skip="0">testeEstruturaResposta</stat>
<stat pass="1" fail="0" skip="0">testeRequisicaoBasica</stat>
<stat pass="1" fail="0" skip="0">testeTiposDados</stat>
</tag>
<suite>
<stat pass="5" fail="0" skip="0" id="s1" name="Tests">Tests</stat>
<stat pass="5" fail="0" skip="0" id="s1-s1" name="Random-User-Test">Tests.Random-User-Test</stat>
</suite>
</statistics>
<errors>
</errors>
</robot>
