<?xml version="1.0" encoding="UTF-8"?>
<robot generator="Robot 7.0.1 (Python 3.12.4 on linux)" generated="2024-08-02T22:15:22.834067" rpa="false" schemaversion="5">
<suite id="s1" name="Tests" source="/home/runner/work/ApiRandomUser/ApiRandomUser/RamdonUser/tests">
<suite id="s1-s1" name="Random-User-Test" source="/home/runner/work/ApiRandomUser/ApiRandomUser/RamdonUser/tests/random-user-test.robot">
<test id="s1-s1-t1" name="Conectar" line="13">
<kw name="Conectar API" owner="random-user-service">
<kw name="Create Session" owner="RequestsLibrary">
<msg time="2024-08-02T22:15:23.260317" level="INFO">Creating Session using : alias=consultarAPI, url=https://randomuser.me/, headers={},                     cookies={}, auth=None, timeout=None, proxies=None, verify=False,                     debug=0 </msg>
<arg>consultarAPI</arg>
<arg>${URL}</arg>
<doc>Create Session: create a HTTP session to a server</doc>
<status status="PASS" start="2024-08-02T22:15:23.260128" elapsed="0.000390"/>
</kw>
<status status="PASS" start="2024-08-02T22:15:23.259156" elapsed="0.001706"/>
</kw>
<status status="PASS" start="2024-08-02T22:15:23.258639" elapsed="0.002416"/>
</test>
<test id="s1-s1-t2" name="Validar retorno 200 e JSON Válido" line="16">
<kw name="Teste de Requisicao Basica" owner="random-user-service">
<kw name="GET On Session" owner="RequestsLibrary">
<msg time="2024-08-02T22:15:23.343160" level="INFO">GET Request : url=https://randomuser.me/api 
 path_url=/api 
 headers={'User-Agent': 'python-requests/2.32.3', 'Accept-Encoding': 'gzip, deflate', 'Accept': '*/*', 'Connection': 'keep-alive'} 
 body=None 
 </msg>
<msg time="2024-08-02T22:15:23.343296" level="INFO">GET Response : url=https://randomuser.me/api 
 status=200, reason=OK 
 headers={'Date': 'Fri, 02 Aug 2024 22:15:23 GMT', 'Content-Type': 'application/json; charset=utf-8', 'Transfer-Encoding': 'chunked', 'Connection': 'keep-alive', 'X-Powered-By': 'Express', 'Access-Control-Allow-Origin': '*', 'Cache-Control': 'no-cache', 'ETag': 'W/"497-rYzPU0JKTn9ei7fphn5jIZf/B3w"', 'Vary': 'Accept-Encoding', 'Content-Encoding': 'gzip', 'CF-Cache-Status': 'DYNAMIC', 'Report-To': '{"endpoints":[{"url":"https:\\/\\/a.nel.cloudflare.com\\/report\\/v4?s=ni%2By%2FgyYztfAMvypfr2hRQHWNHA6gUUtrMVg4d2WGD4otc%2BoYLJMV9fPRuxHB8Ty7Xyo7aFVUkNvWF0IN4D9FpGBeRtwxJmP2VIAjsi5Ak4x%2B89atDThhSGQvDB3zNbO"}],"group":"cf-nel","max_age":604800}', 'NEL': '{"success_fraction":0,"report_to":"cf-nel","max_age":604800}', 'Server': 'cloudflare', 'CF-RAY': '8ad16d22ac7e6332-ORD', 'alt-svc': 'h3=":443"; ma=86400'} 
 body={"results":[{"gender":"male","name":{"title":"Mr","first":"Yunnuel","last":"Cedillo"},"location":{"street":{"number":1757,"name":"Circuito Ledesma"},"city":"Dieciocho de Marzo","state":"Sonora","country":"Mexico","postcode":62048,"coordinates":{"latitude":"28.0711","longitude":"-87.3999"},"timezone":{"offset":"+7:00","description":"Bangkok, Hanoi, Jakarta"}},"email":"yunnuel.cedillo@example.com","login":{"uuid":"f3c253c9-8991-42cc-87a6-8c7df916b769","username":"redgorilla553","password":"ilikeit","salt":"GKJflYWW","md5":"23e528acc206bfd7cd2a005d5a50ca2c","sha1":"ba0f17aa77c1ac71a22a6606c20450b5a12b3f46","sha256":"0c180b2435988008042b6e9af10c2c3c810f75cd6b96864acf5efb769e91f3f2"},"dob":{"date":"1989-06-15T20:30:55.283Z","age":35},"registered":{"date":"2012-02-02T21:33:34.684Z","age":12},"phone":"(695) 036 4369","cell":"(662) 677 5492","id":{"name":"NSS","value":"14 66 02 7506 1"},"picture":{"large":"https://randomuser.me/api/portraits/men/84.jpg","medium":"https://randomuser.me/api/portraits/med/men/84.jpg","thumbnail":"https://randomuser.me/api/portraits/thumb/men/84.jpg"},"nat":"MX"}],"info":{"seed":"b0be4a13d24aa761","results":1,"page":1,"version":"1.4"}} 
 </msg>
<msg time="2024-08-02T22:15:23.343383" level="INFO">/opt/hostedtoolcache/Python/3.12.4/x64/lib/python3.12/site-packages/urllib3/connectionpool.py:1099: InsecureRequestWarning: Unverified HTTPS request is being made to host 'randomuser.me'. Adding certificate verification is strongly advised. See: https://urllib3.readthedocs.io/en/latest/advanced-usage.html#tls-warnings
  warnings.warn(</msg>
<msg time="2024-08-02T22:15:23.343503" level="INFO">${response} = &lt;Response [200]&gt;</msg>
<var>${response}</var>
<arg>consultarAPI</arg>
<arg>/api</arg>
<doc>Sends a GET request on a previously created HTTP Session.</doc>
<status status="PASS" start="2024-08-02T22:15:23.263608" elapsed="0.079935"/>
</kw>
<kw name="Should Be Equal As Numbers" owner="BuiltIn">
<msg time="2024-08-02T22:15:23.344713" level="INFO">Argument types are:
&lt;class 'int'&gt;
&lt;class 'str'&gt;</msg>
<arg>${response.status_code}</arg>
<arg>200</arg>
<doc>Fails if objects are unequal after converting them to real numbers.</doc>
<status status="PASS" start="2024-08-02T22:15:23.344065" elapsed="0.000733"/>
</kw>
<kw name="Log" owner="BuiltIn">
<msg time="2024-08-02T22:15:23.345557" level="INFO">200</msg>
<arg>${response.status_code}</arg>
<doc>Logs the given message with the given level.</doc>
<status status="PASS" start="2024-08-02T22:15:23.345185" elapsed="0.000415"/>
</kw>
<kw name="Set Variable" owner="BuiltIn">
<msg time="2024-08-02T22:15:23.346343" level="INFO">${json_data} = {'results': [{'gender': 'male', 'name': {'title': 'Mr', 'first': 'Yunnuel', 'last': 'Cedillo'}, 'location': {'street': {'number': 1757, 'name': 'Circuito Ledesma'}, 'city': 'Dieciocho de Marzo', 'stat...</msg>
<var>${json_data}</var>
<arg>${response.json()}</arg>
<doc>Returns the given values which can then be assigned to a variables.</doc>
<status status="PASS" start="2024-08-02T22:15:23.345909" elapsed="0.000462"/>
</kw>
<kw name="Dictionary Should Contain Key" owner="Collections">
<arg>${json_data}</arg>
<arg>results</arg>
<doc>Fails if ``key`` is not found from ``dictionary``.</doc>
<status status="PASS" start="2024-08-02T22:15:23.346677" elapsed="0.000301"/>
</kw>
<status status="PASS" start="2024-08-02T22:15:23.263363" elapsed="0.083767"/>
</kw>
<doc>Testa se a API responde corretamente e retorna um objeto JSON válido.</doc>
<tag>testeRequisicaoBasica</tag>
<status status="PASS" start="2024-08-02T22:15:23.262893" elapsed="0.084398"/>
</test>
<test id="s1-s1-t3" name="Validar estrutura de resposta" line="22">
<kw name="Teste de Estrutura de Resposta" owner="random-user-service">
<kw name="GET On Session" owner="RequestsLibrary">
<msg time="2024-08-02T22:15:23.442562" level="INFO">GET Request : url=https://randomuser.me/api 
 path_url=/api 
 headers={'User-Agent': 'python-requests/2.32.3', 'Accept-Encoding': 'gzip, deflate', 'Accept': '*/*', 'Connection': 'keep-alive'} 
 body=None 
 </msg>
<msg time="2024-08-02T22:15:23.442628" level="INFO">GET Response : url=https://randomuser.me/api 
 status=200, reason=OK 
 headers={'Date': 'Fri, 02 Aug 2024 22:15:23 GMT', 'Content-Type': 'application/json; charset=utf-8', 'Transfer-Encoding': 'chunked', 'Connection': 'keep-alive', 'X-Powered-By': 'Express', 'Access-Control-Allow-Origin': '*', 'Cache-Control': 'no-cache', 'ETag': 'W/"491-hK4j5SuL21RE75PdFVYAaNApdq4"', 'Vary': 'Accept-Encoding', 'Content-Encoding': 'gzip', 'CF-Cache-Status': 'DYNAMIC', 'Report-To': '{"endpoints":[{"url":"https:\\/\\/a.nel.cloudflare.com\\/report\\/v4?s=4eXz0BFT0lyVD%2BCvll%2BU5KkZF4Da9j6tyZi42gE01xUZ9NM9jIohwG1uF4K3AvMCnmQ3OuWKaDBfDgJ6NzLGBYXH48UnXGfbVIgbW4fSkpqgvF%2FGzGFW4tFDEm0rkVDK"}],"group":"cf-nel","max_age":604800}', 'NEL': '{"success_fraction":0,"report_to":"cf-nel","max_age":604800}', 'Server': 'cloudflare', 'CF-RAY': '8ad16d22fcd06332-ORD', 'alt-svc': 'h3=":443"; ma=86400'} 
 body={"results":[{"gender":"male","name":{"title":"Mr","first":"Rachit","last":"Dawangave"},"location":{"street":{"number":3383,"name":"Santhekatte"},"city":"Srikakulam","state":"Dadra and Nagar Haveli","country":"India","postcode":54211,"coordinates":{"latitude":"11.5227","longitude":"-94.8856"},"timezone":{"offset":"-1:00","description":"Azores, Cape Verde Islands"}},"email":"rachit.dawangave@example.com","login":{"uuid":"b465de37-e22b-490f-9eb5-cf8e397aec4b","username":"redfrog799","password":"tennis","salt":"4jjQJd0w","md5":"b74196922b09de8ff885fe796b10a58e","sha1":"78ea49f1faaccaf6c4f84e4a9f7402c69bbf79c5","sha256":"85a88165535d41f91db54738c2b2e870d5101b2adf5a4dea5c793bfc332a17b9"},"dob":{"date":"2000-04-09T22:12:25.038Z","age":24},"registered":{"date":"2012-05-04T19:48:28.640Z","age":12},"phone":"7546972739","cell":"7202612751","id":{"name":"UIDAI","value":"959975080211"},"picture":{"large":"https://randomuser.me/api/portraits/men/92.jpg","medium":"https://randomuser.me/api/portraits/med/men/92.jpg","thumbnail":"https://randomuser.me/api/portraits/thumb/men/92.jpg"},"nat":"IN"}],"info":{"seed":"54ebc7c09d09137d","results":1,"page":1,"version":"1.4"}} 
 </msg>
<msg time="2024-08-02T22:15:23.442727" level="INFO">/opt/hostedtoolcache/Python/3.12.4/x64/lib/python3.12/site-packages/urllib3/connectionpool.py:1099: InsecureRequestWarning: Unverified HTTPS request is being made to host 'randomuser.me'. Adding certificate verification is strongly advised. See: https://urllib3.readthedocs.io/en/latest/advanced-usage.html#tls-warnings
  warnings.warn(</msg>
<msg time="2024-08-02T22:15:23.442820" level="INFO">${response} = &lt;Response [200]&gt;</msg>
<var>${response}</var>
<arg>consultarAPI</arg>
<arg>/api</arg>
<doc>Sends a GET request on a previously created HTTP Session.</doc>
<status status="PASS" start="2024-08-02T22:15:23.350232" elapsed="0.092622"/>
</kw>
<kw name="Set Variable" owner="BuiltIn">
<msg time="2024-08-02T22:15:23.443666" level="INFO">${json_data} = {'results': [{'gender': 'male', 'name': {'title': 'Mr', 'first': 'Rachit', 'last': 'Dawangave'}, 'location': {'street': {'number': 3383, 'name': 'Santhekatte'}, 'city': 'Srikakulam', 'state': 'Dadra a...</msg>
<var>${json_data}</var>
<arg>${response.json()}</arg>
<doc>Returns the given values which can then be assigned to a variables.</doc>
<status status="PASS" start="2024-08-02T22:15:23.443213" elapsed="0.000492"/>
</kw>
<kw name="Log" owner="BuiltIn">
<msg time="2024-08-02T22:15:23.444202" level="INFO">{'results': [{'gender': 'male', 'name': {'title': 'Mr', 'first': 'Rachit', 'last': 'Dawangave'}, 'location': {'street': {'number': 3383, 'name': 'Santhekatte'}, 'city': 'Srikakulam', 'state': 'Dadra and Nagar Haveli', 'country': 'India', 'postcode': 54211, 'coordinates': {'latitude': '11.5227', 'longitude': '-94.8856'}, 'timezone': {'offset': '-1:00', 'description': 'Azores, Cape Verde Islands'}}, 'email': 'rachit.dawangave@example.com', 'login': {'uuid': 'b465de37-e22b-490f-9eb5-cf8e397aec4b', 'username': 'redfrog799', 'password': 'tennis', 'salt': '4jjQJd0w', 'md5': 'b74196922b09de8ff885fe796b10a58e', 'sha1': '78ea49f1faaccaf6c4f84e4a9f7402c69bbf79c5', 'sha256': '85a88165535d41f91db54738c2b2e870d5101b2adf5a4dea5c793bfc332a17b9'}, 'dob': {'date': '2000-04-09T22:12:25.038Z', 'age': 24}, 'registered': {'date': '2012-05-04T19:48:28.640Z', 'age': 12}, 'phone': '7546972739', 'cell': '7202612751', 'id': {'name': 'UIDAI', 'value': '959975080211'}, 'picture': {'large': 'https://randomuser.me/api/portraits/men/92.jpg', 'medium': 'https://randomuser.me/api/portraits/med/men/92.jpg', 'thumbnail': 'https://randomuser.me/api/portraits/thumb/men/92.jpg'}, 'nat': 'IN'}], 'info': {'seed': '54ebc7c09d09137d', 'results': 1, 'page': 1, 'version': '1.4'}}</msg>
<arg>${json_data}</arg>
<doc>Logs the given message with the given level.</doc>
<status status="PASS" start="2024-08-02T22:15:23.444032" elapsed="0.000218"/>
</kw>
<kw name="Dictionary Should Contain Key" owner="Collections">
<arg>${json_data}</arg>
<arg>results</arg>
<doc>Fails if ``key`` is not found from ``dictionary``.</doc>
<status status="PASS" start="2024-08-02T22:15:23.444582" elapsed="0.000164"/>
</kw>
<kw name="Should Not Be Empty" owner="BuiltIn">
<msg time="2024-08-02T22:15:23.445066" level="INFO">Length is 2.</msg>
<arg>${json_data}</arg>
<doc>Verifies that the given item is not empty.</doc>
<status status="PASS" start="2024-08-02T22:15:23.444934" elapsed="0.000172"/>
</kw>
<kw name="Create List" owner="BuiltIn">
<msg time="2024-08-02T22:15:23.445560" level="INFO">${expected_keys} = ['gender', 'name', 'location', 'email', 'login']</msg>
<var>${expected_keys}</var>
<arg>gender</arg>
<arg>name</arg>
<arg>location</arg>
<arg>email</arg>
<arg>login</arg>
<doc>Returns a list containing given items.</doc>
<status status="PASS" start="2024-08-02T22:15:23.445402" elapsed="0.000183"/>
</kw>
<for flavor="IN">
<iter>
<kw name="Dictionary Should Contain Key" owner="Collections">
<arg>${json_data['results'][0]}</arg>
<arg>${key}</arg>
<doc>Fails if ``key`` is not found from ``dictionary``.</doc>
<status status="PASS" start="2024-08-02T22:15:23.446160" elapsed="0.000410"/>
</kw>
<kw name="Log" owner="BuiltIn">
<msg time="2024-08-02T22:15:23.447111" level="INFO">{'gender': 'male', 'name': {'title': 'Mr', 'first': 'Rachit', 'last': 'Dawangave'}, 'location': {'street': {'number': 3383, 'name': 'Santhekatte'}, 'city': 'Srikakulam', 'state': 'Dadra and Nagar Haveli', 'country': 'India', 'postcode': 54211, 'coordinates': {'latitude': '11.5227', 'longitude': '-94.8856'}, 'timezone': {'offset': '-1:00', 'description': 'Azores, Cape Verde Islands'}}, 'email': 'rachit.dawangave@example.com', 'login': {'uuid': 'b465de37-e22b-490f-9eb5-cf8e397aec4b', 'username': 'redfrog799', 'password': 'tennis', 'salt': '4jjQJd0w', 'md5': 'b74196922b09de8ff885fe796b10a58e', 'sha1': '78ea49f1faaccaf6c4f84e4a9f7402c69bbf79c5', 'sha256': '85a88165535d41f91db54738c2b2e870d5101b2adf5a4dea5c793bfc332a17b9'}, 'dob': {'date': '2000-04-09T22:12:25.038Z', 'age': 24}, 'registered': {'date': '2012-05-04T19:48:28.640Z', 'age': 12}, 'phone': '7546972739', 'cell': '7202612751', 'id': {'name': 'UIDAI', 'value': '959975080211'}, 'picture': {'large': 'https://randomuser.me/api/portraits/men/92.jpg', 'medium': 'https://randomuser.me/api/portraits/med/men/92.jpg', 'thumbnail': 'https://randomuser.me/api/portraits/thumb/men/92.jpg'}, 'nat': 'IN'}</msg>
<arg>${json_data['results'][0]}</arg>
<doc>Logs the given message with the given level.</doc>
<status status="PASS" start="2024-08-02T22:15:23.446760" elapsed="0.000401"/>
</kw>
<kw name="Log" owner="BuiltIn">
<msg time="2024-08-02T22:15:23.447595" level="INFO">gender</msg>
<arg>${key}</arg>
<doc>Logs the given message with the given level.</doc>
<status status="PASS" start="2024-08-02T22:15:23.447464" elapsed="0.000169"/>
</kw>
<var name="${key}">gender</var>
<status status="PASS" start="2024-08-02T22:15:23.446025" elapsed="0.001826"/>
</iter>
<iter>
<kw name="Dictionary Should Contain Key" owner="Collections">
<arg>${json_data['results'][0]}</arg>
<arg>${key}</arg>
<doc>Fails if ``key`` is not found from ``dictionary``.</doc>
<status status="PASS" start="2024-08-02T22:15:23.448154" elapsed="0.000415"/>
</kw>
<kw name="Log" owner="BuiltIn">
<msg time="2024-08-02T22:15:23.449115" level="INFO">{'gender': 'male', 'name': {'title': 'Mr', 'first': 'Rachit', 'last': 'Dawangave'}, 'location': {'street': {'number': 3383, 'name': 'Santhekatte'}, 'city': 'Srikakulam', 'state': 'Dadra and Nagar Haveli', 'country': 'India', 'postcode': 54211, 'coordinates': {'latitude': '11.5227', 'longitude': '-94.8856'}, 'timezone': {'offset': '-1:00', 'description': 'Azores, Cape Verde Islands'}}, 'email': 'rachit.dawangave@example.com', 'login': {'uuid': 'b465de37-e22b-490f-9eb5-cf8e397aec4b', 'username': 'redfrog799', 'password': 'tennis', 'salt': '4jjQJd0w', 'md5': 'b74196922b09de8ff885fe796b10a58e', 'sha1': '78ea49f1faaccaf6c4f84e4a9f7402c69bbf79c5', 'sha256': '85a88165535d41f91db54738c2b2e870d5101b2adf5a4dea5c793bfc332a17b9'}, 'dob': {'date': '2000-04-09T22:12:25.038Z', 'age': 24}, 'registered': {'date': '2012-05-04T19:48:28.640Z', 'age': 12}, 'phone': '7546972739', 'cell': '7202612751', 'id': {'name': 'UIDAI', 'value': '959975080211'}, 'picture': {'large': 'https://randomuser.me/api/portraits/men/92.jpg', 'medium': 'https://randomuser.me/api/portraits/med/men/92.jpg', 'thumbnail': 'https://randomuser.me/api/portraits/thumb/men/92.jpg'}, 'nat': 'IN'}</msg>
<arg>${json_data['results'][0]}</arg>
<doc>Logs the given message with the given level.</doc>
<status status="PASS" start="2024-08-02T22:15:23.448756" elapsed="0.000440"/>
</kw>
<kw name="Log" owner="BuiltIn">
<msg time="2024-08-02T22:15:23.449628" level="INFO">name</msg>
<arg>${key}</arg>
<doc>Logs the given message with the given level.</doc>
<status status="PASS" start="2024-08-02T22:15:23.449495" elapsed="0.000172"/>
</kw>
<var name="${key}">name</var>
<status status="PASS" start="2024-08-02T22:15:23.448041" elapsed="0.001844"/>
</iter>
<iter>
<kw name="Dictionary Should Contain Key" owner="Collections">
<arg>${json_data['results'][0]}</arg>
<arg>${key}</arg>
<doc>Fails if ``key`` is not found from ``dictionary``.</doc>
<status status="PASS" start="2024-08-02T22:15:23.450173" elapsed="0.000378"/>
</kw>
<kw name="Log" owner="BuiltIn">
<msg time="2024-08-02T22:15:23.451086" level="INFO">{'gender': 'male', 'name': {'title': 'Mr', 'first': 'Rachit', 'last': 'Dawangave'}, 'location': {'street': {'number': 3383, 'name': 'Santhekatte'}, 'city': 'Srikakulam', 'state': 'Dadra and Nagar Haveli', 'country': 'India', 'postcode': 54211, 'coordinates': {'latitude': '11.5227', 'longitude': '-94.8856'}, 'timezone': {'offset': '-1:00', 'description': 'Azores, Cape Verde Islands'}}, 'email': 'rachit.dawangave@example.com', 'login': {'uuid': 'b465de37-e22b-490f-9eb5-cf8e397aec4b', 'username': 'redfrog799', 'password': 'tennis', 'salt': '4jjQJd0w', 'md5': 'b74196922b09de8ff885fe796b10a58e', 'sha1': '78ea49f1faaccaf6c4f84e4a9f7402c69bbf79c5', 'sha256': '85a88165535d41f91db54738c2b2e870d5101b2adf5a4dea5c793bfc332a17b9'}, 'dob': {'date': '2000-04-09T22:12:25.038Z', 'age': 24}, 'registered': {'date': '2012-05-04T19:48:28.640Z', 'age': 12}, 'phone': '7546972739', 'cell': '7202612751', 'id': {'name': 'UIDAI', 'value': '959975080211'}, 'picture': {'large': 'https://randomuser.me/api/portraits/men/92.jpg', 'medium': 'https://randomuser.me/api/portraits/med/men/92.jpg', 'thumbnail': 'https://randomuser.me/api/portraits/thumb/men/92.jpg'}, 'nat': 'IN'}</msg>
<arg>${json_data['results'][0]}</arg>
<doc>Logs the given message with the given level.</doc>
<status status="PASS" start="2024-08-02T22:15:23.450741" elapsed="0.000392"/>
</kw>
<kw name="Log" owner="BuiltIn">
<msg time="2024-08-02T22:15:23.451560" level="INFO">location</msg>
<arg>${key}</arg>
<doc>Logs the given message with the given level.</doc>
<status status="PASS" start="2024-08-02T22:15:23.451431" elapsed="0.000167"/>
</kw>
<var name="${key}">location</var>
<status status="PASS" start="2024-08-02T22:15:23.450064" elapsed="0.001751"/>
</iter>
<iter>
<kw name="Dictionary Should Contain Key" owner="Collections">
<arg>${json_data['results'][0]}</arg>
<arg>${key}</arg>
<doc>Fails if ``key`` is not found from ``dictionary``.</doc>
<status status="PASS" start="2024-08-02T22:15:23.452100" elapsed="0.000422"/>
</kw>
<kw name="Log" owner="BuiltIn">
<msg time="2024-08-02T22:15:23.453175" level="INFO">{'gender': 'male', 'name': {'title': 'Mr', 'first': 'Rachit', 'last': 'Dawangave'}, 'location': {'street': {'number': 3383, 'name': 'Santhekatte'}, 'city': 'Srikakulam', 'state': 'Dadra and Nagar Haveli', 'country': 'India', 'postcode': 54211, 'coordinates': {'latitude': '11.5227', 'longitude': '-94.8856'}, 'timezone': {'offset': '-1:00', 'description': 'Azores, Cape Verde Islands'}}, 'email': 'rachit.dawangave@example.com', 'login': {'uuid': 'b465de37-e22b-490f-9eb5-cf8e397aec4b', 'username': 'redfrog799', 'password': 'tennis', 'salt': '4jjQJd0w', 'md5': 'b74196922b09de8ff885fe796b10a58e', 'sha1': '78ea49f1faaccaf6c4f84e4a9f7402c69bbf79c5', 'sha256': '85a88165535d41f91db54738c2b2e870d5101b2adf5a4dea5c793bfc332a17b9'}, 'dob': {'date': '2000-04-09T22:12:25.038Z', 'age': 24}, 'registered': {'date': '2012-05-04T19:48:28.640Z', 'age': 12}, 'phone': '7546972739', 'cell': '7202612751', 'id': {'name': 'UIDAI', 'value': '959975080211'}, 'picture': {'large': 'https://randomuser.me/api/portraits/men/92.jpg', 'medium': 'https://randomuser.me/api/portraits/med/men/92.jpg', 'thumbnail': 'https://randomuser.me/api/portraits/thumb/men/92.jpg'}, 'nat': 'IN'}</msg>
<arg>${json_data['results'][0]}</arg>
<doc>Logs the given message with the given level.</doc>
<status status="PASS" start="2024-08-02T22:15:23.452823" elapsed="0.000403"/>
</kw>
<kw name="Log" owner="BuiltIn">
<msg time="2024-08-02T22:15:23.453657" level="INFO">email</msg>
<arg>${key}</arg>
<doc>Logs the given message with the given level.</doc>
<status status="PASS" start="2024-08-02T22:15:23.453524" elapsed="0.000172"/>
</kw>
<var name="${key}">email</var>
<status status="PASS" start="2024-08-02T22:15:23.451992" elapsed="0.001930"/>
</iter>
<iter>
<kw name="Dictionary Should Contain Key" owner="Collections">
<arg>${json_data['results'][0]}</arg>
<arg>${key}</arg>
<doc>Fails if ``key`` is not found from ``dictionary``.</doc>
<status status="PASS" start="2024-08-02T22:15:23.454207" elapsed="0.000378"/>
</kw>
<kw name="Log" owner="BuiltIn">
<msg time="2024-08-02T22:15:23.455111" level="INFO">{'gender': 'male', 'name': {'title': 'Mr', 'first': 'Rachit', 'last': 'Dawangave'}, 'location': {'street': {'number': 3383, 'name': 'Santhekatte'}, 'city': 'Srikakulam', 'state': 'Dadra and Nagar Haveli', 'country': 'India', 'postcode': 54211, 'coordinates': {'latitude': '11.5227', 'longitude': '-94.8856'}, 'timezone': {'offset': '-1:00', 'description': 'Azores, Cape Verde Islands'}}, 'email': 'rachit.dawangave@example.com', 'login': {'uuid': 'b465de37-e22b-490f-9eb5-cf8e397aec4b', 'username': 'redfrog799', 'password': 'tennis', 'salt': '4jjQJd0w', 'md5': 'b74196922b09de8ff885fe796b10a58e', 'sha1': '78ea49f1faaccaf6c4f84e4a9f7402c69bbf79c5', 'sha256': '85a88165535d41f91db54738c2b2e870d5101b2adf5a4dea5c793bfc332a17b9'}, 'dob': {'date': '2000-04-09T22:12:25.038Z', 'age': 24}, 'registered': {'date': '2012-05-04T19:48:28.640Z', 'age': 12}, 'phone': '7546972739', 'cell': '7202612751', 'id': {'name': 'UIDAI', 'value': '959975080211'}, 'picture': {'large': 'https://randomuser.me/api/portraits/men/92.jpg', 'medium': 'https://randomuser.me/api/portraits/med/men/92.jpg', 'thumbnail': 'https://randomuser.me/api/portraits/thumb/men/92.jpg'}, 'nat': 'IN'}</msg>
<arg>${json_data['results'][0]}</arg>
<doc>Logs the given message with the given level.</doc>
<status status="PASS" start="2024-08-02T22:15:23.454768" elapsed="0.000390"/>
</kw>
<kw name="Log" owner="BuiltIn">
<msg time="2024-08-02T22:15:23.455578" level="INFO">login</msg>
<arg>${key}</arg>
<doc>Logs the given message with the given level.</doc>
<status status="PASS" start="2024-08-02T22:15:23.455450" elapsed="0.000166"/>
</kw>
<var name="${key}">login</var>
<status status="PASS" start="2024-08-02T22:15:23.454097" elapsed="0.001734"/>
</iter>
<var>${key}</var>
<value>@{expected_keys}</value>
<status status="PASS" start="2024-08-02T22:15:23.445846" elapsed="0.010107"/>
</for>
<kw name="Create List" owner="BuiltIn">
<msg time="2024-08-02T22:15:23.456290" level="INFO">${expected_keysTwo} = ['username', 'password']</msg>
<var>${expected_keysTwo}</var>
<arg>username</arg>
<arg>password</arg>
<doc>Returns a list containing given items.</doc>
<status status="PASS" start="2024-08-02T22:15:23.456143" elapsed="0.000201"/>
</kw>
<for flavor="IN">
<iter>
<kw name="Dictionary Should Contain Key" owner="Collections">
<arg>${json_data['results'][0]['login']}</arg>
<arg>${keyTwo}</arg>
<doc>Fails if ``key`` is not found from ``dictionary``.</doc>
<status status="PASS" start="2024-08-02T22:15:23.456875" elapsed="0.000380"/>
</kw>
<kw name="Dictionary Should Contain Key" owner="Collections">
<arg>${json_data['results'][0]['login']}</arg>
<arg>${keyTwo}</arg>
<doc>Fails if ``key`` is not found from ``dictionary``.</doc>
<status status="PASS" start="2024-08-02T22:15:23.457438" elapsed="0.000370"/>
</kw>
<kw name="Log" owner="BuiltIn">
<msg time="2024-08-02T22:15:23.458105" level="INFO">username</msg>
<arg>${keyTwo}</arg>
<doc>Logs the given message with the given level.</doc>
<status status="PASS" start="2024-08-02T22:15:23.457986" elapsed="0.000156"/>
</kw>
<var name="${keyTwo}">username</var>
<status status="PASS" start="2024-08-02T22:15:23.456767" elapsed="0.001593"/>
</iter>
<iter>
<kw name="Dictionary Should Contain Key" owner="Collections">
<arg>${json_data['results'][0]['login']}</arg>
<arg>${keyTwo}</arg>
<doc>Fails if ``key`` is not found from ``dictionary``.</doc>
<status status="PASS" start="2024-08-02T22:15:23.458648" elapsed="0.000378"/>
</kw>
<kw name="Dictionary Should Contain Key" owner="Collections">
<arg>${json_data['results'][0]['login']}</arg>
<arg>${keyTwo}</arg>
<doc>Fails if ``key`` is not found from ``dictionary``.</doc>
<status status="PASS" start="2024-08-02T22:15:23.459205" elapsed="0.000365"/>
</kw>
<kw name="Log" owner="BuiltIn">
<msg time="2024-08-02T22:15:23.459869" level="INFO">password</msg>
<arg>${keyTwo}</arg>
<doc>Logs the given message with the given level.</doc>
<status status="PASS" start="2024-08-02T22:15:23.459744" elapsed="0.000162"/>
</kw>
<var name="${keyTwo}">password</var>
<status status="PASS" start="2024-08-02T22:15:23.458533" elapsed="0.001591"/>
</iter>
<var>${keyTwo}</var>
<value>@{expected_keysTwo}</value>
<status status="PASS" start="2024-08-02T22:15:23.456614" elapsed="0.003633"/>
</for>
<status status="PASS" start="2024-08-02T22:15:23.349896" elapsed="0.110489"/>
</kw>
<doc>Testa a estrutura da resposta da API.</doc>
<tag>testeEstruturaResposta</tag>
<status status="PASS" start="2024-08-02T22:15:23.349149" elapsed="0.111414"/>
</test>
<test id="s1-s1-t4" name="Validar tipos de dados" line="28">
<kw name="Teste de Tipos de Dados" owner="random-user-service">
<kw name="GET On Session" owner="RequestsLibrary">
<msg time="2024-08-02T22:15:23.546554" level="INFO">GET Request : url=https://randomuser.me/api 
 path_url=/api 
 headers={'User-Agent': 'python-requests/2.32.3', 'Accept-Encoding': 'gzip, deflate', 'Accept': '*/*', 'Connection': 'keep-alive'} 
 body=None 
 </msg>
<msg time="2024-08-02T22:15:23.546634" level="INFO">GET Response : url=https://randomuser.me/api 
 status=200, reason=OK 
 headers={'Date': 'Fri, 02 Aug 2024 22:15:23 GMT', 'Content-Type': 'application/json; charset=utf-8', 'Transfer-Encoding': 'chunked', 'Connection': 'keep-alive', 'X-Powered-By': 'Express', 'Access-Control-Allow-Origin': '*', 'Cache-Control': 'no-cache', 'ETag': 'W/"4b1-z5jZSyJ9n2go6Hlw4j6JK8CvnvY"', 'Vary': 'Accept-Encoding', 'Content-Encoding': 'gzip', 'CF-Cache-Status': 'DYNAMIC', 'Report-To': '{"endpoints":[{"url":"https:\\/\\/a.nel.cloudflare.com\\/report\\/v4?s=GPwqIhOcduVN%2BwYZYyASM4U47N6MDPxT3jomHcN1ru%2Bnvl52NZ5SQ2ATsikq%2BMDeBo0BqlmmP8Rs5xUMDM3PrQgPZrO9u%2BIL6Wrj9wF3GSzWJK12e0YSYoVNgK37jmi4"}],"group":"cf-nel","max_age":604800}', 'NEL': '{"success_fraction":0,"report_to":"cf-nel","max_age":604800}', 'Server': 'cloudflare', 'CF-RAY': '8ad16d23ad8f6332-ORD', 'alt-svc': 'h3=":443"; ma=86400'} 
 body={"results":[{"gender":"male","name":{"title":"Monsieur","first":"Nikolaus","last":"Da Silva"},"location":{"street":{"number":4608,"name":"Rue du Château"},"city":"Burgdorf","state":"Appenzell Ausserrhoden","country":"Switzerland","postcode":3897,"coordinates":{"latitude":"-63.0169","longitude":"-6.7293"},"timezone":{"offset":"+5:30","description":"Bombay, Calcutta, Madras, New Delhi"}},"email":"nikolaus.dasilva@example.com","login":{"uuid":"b2b7c20c-5b68-4f30-98a6-2b32548ae7c4","username":"redgorilla228","password":"lynn","salt":"wRAF9ndY","md5":"e3e3951c34442ef3b4813010bdbe8337","sha1":"bb0883495965d3e5a9ab513f8a575f9bb26ac804","sha256":"d35218f9da5dc7b5038e6f6d905e19c8a818f3cb2f820286323593d7c520d1b2"},"dob":{"date":"1987-01-13T07:46:46.495Z","age":37},"registered":{"date":"2006-03-30T09:46:13.366Z","age":18},"phone":"076 569 47 37","cell":"079 666 42 99","id":{"name":"AVS","value":"756.0589.3354.24"},"picture":{"large":"https://randomuser.me/api/portraits/men/13.jpg","medium":"https://randomuser.me/api/portraits/med/men/13.jpg","thumbnail":"https://randomuser.me/api/portraits/thumb/men/13.jpg"},"nat":"CH"}],"info":{"seed":"25d745c4c9c8a0c1","results":1,"page":1,"version":"1.4"}} 
 </msg>
<msg time="2024-08-02T22:15:23.546705" level="INFO">/opt/hostedtoolcache/Python/3.12.4/x64/lib/python3.12/site-packages/urllib3/connectionpool.py:1099: InsecureRequestWarning: Unverified HTTPS request is being made to host 'randomuser.me'. Adding certificate verification is strongly advised. See: https://urllib3.readthedocs.io/en/latest/advanced-usage.html#tls-warnings
  warnings.warn(</msg>
<msg time="2024-08-02T22:15:23.546813" level="INFO">${response} = &lt;Response [200]&gt;</msg>
<var>${response}</var>
<arg>consultarAPI</arg>
<arg>/api</arg>
<doc>Sends a GET request on a previously created HTTP Session.</doc>
<status status="PASS" start="2024-08-02T22:15:23.462910" elapsed="0.083947"/>
</kw>
<kw name="Set Variable" owner="BuiltIn">
<msg time="2024-08-02T22:15:23.547864" level="INFO">${json_data} = {'results': [{'gender': 'male', 'name': {'title': 'Monsieur', 'first': 'Nikolaus', 'last': 'Da Silva'}, 'location': {'street': {'number': 4608, 'name': 'Rue du Château'}, 'city': 'Burgdorf', 'state': ...</msg>
<var>${json_data}</var>
<arg>${response.json()}</arg>
<doc>Returns the given values which can then be assigned to a variables.</doc>
<status status="PASS" start="2024-08-02T22:15:23.547305" elapsed="0.000590"/>
</kw>
<kw name="Log" owner="BuiltIn">
<msg time="2024-08-02T22:15:23.548377" level="INFO">{'results': [{'gender': 'male', 'name': {'title': 'Monsieur', 'first': 'Nikolaus', 'last': 'Da Silva'}, 'location': {'street': {'number': 4608, 'name': 'Rue du Château'}, 'city': 'Burgdorf', 'state': 'Appenzell Ausserrhoden', 'country': 'Switzerland', 'postcode': 3897, 'coordinates': {'latitude': '-63.0169', 'longitude': '-6.7293'}, 'timezone': {'offset': '+5:30', 'description': 'Bombay, Calcutta, Madras, New Delhi'}}, 'email': 'nikolaus.dasilva@example.com', 'login': {'uuid': 'b2b7c20c-5b68-4f30-98a6-2b32548ae7c4', 'username': 'redgorilla228', 'password': 'lynn', 'salt': 'wRAF9ndY', 'md5': 'e3e3951c34442ef3b4813010bdbe8337', 'sha1': 'bb0883495965d3e5a9ab513f8a575f9bb26ac804', 'sha256': 'd35218f9da5dc7b5038e6f6d905e19c8a818f3cb2f820286323593d7c520d1b2'}, 'dob': {'date': '1987-01-13T07:46:46.495Z', 'age': 37}, 'registered': {'date': '2006-03-30T09:46:13.366Z', 'age': 18}, 'phone': '076 569 47 37', 'cell': '079 666 42 99', 'id': {'name': 'AVS', 'value': '756.0589.3354.24'}, 'picture': {'large': 'https://randomuser.me/api/portraits/men/13.jpg', 'medium': 'https://randomuser.me/api/portraits/med/men/13.jpg', 'thumbnail': 'https://randomuser.me/api/portraits/thumb/men/13.jpg'}, 'nat': 'CH'}], 'info': {'seed': '25d745c4c9c8a0c1', 'results': 1, 'page': 1, 'version': '1.4'}}</msg>
<arg>${json_data}</arg>
<doc>Logs the given message with the given level.</doc>
<status status="PASS" start="2024-08-02T22:15:23.548209" elapsed="0.000244"/>
</kw>
<kw name="Should Be String" owner="String">
<arg>${json_data['results'][0]['gender']}</arg>
<doc>Fails if the given ``item`` is not a string.</doc>
<status status="PASS" start="2024-08-02T22:15:23.548769" elapsed="0.000365"/>
</kw>
<kw name="Should Match Regexp" owner="BuiltIn">
<arg>${json_data['results'][0]['email']}</arg>
<arg>^[a-zA-Z0-9._%+-]+@[a-zA-Z0-9.-]+\.[a-zA-Z]{2,}$</arg>
<doc>Fails if ``string`` does not match ``pattern`` as a regular expression.</doc>
<status status="PASS" start="2024-08-02T22:15:23.549360" elapsed="0.000512"/>
</kw>
<kw name="Should Match Regexp" owner="BuiltIn">
<arg>${json_data['results'][0]['dob']['date']}</arg>
<arg>\\d{4}-\\d{2}-\\d{2}T\\d{2}:\\d{2}:\\d{2}\\.\\d{3}Z</arg>
<doc>Fails if ``string`` does not match ``pattern`` as a regular expression.</doc>
<status status="PASS" start="2024-08-02T22:15:23.550078" elapsed="0.000590"/>
</kw>
<kw name="Should Match Regexp" owner="BuiltIn">
<arg>${json_data['results'][0]['registered']['date']}</arg>
<arg>\\d{4}-\\d{2}-\\d{2}T\\d{2}:\\d{2}:\\d{2}\\.\\d{3}Z</arg>
<doc>Fails if ``string`` does not match ``pattern`` as a regular expression.</doc>
<status status="PASS" start="2024-08-02T22:15:23.550867" elapsed="0.000374"/>
</kw>
<kw name="Should Match Regexp" owner="BuiltIn">
<arg>${json_data['results'][0]['picture']['large']}</arg>
<arg>^https?://.*\.(?:png|jpe?g|gif|bmp)$</arg>
<doc>Fails if ``string`` does not match ``pattern`` as a regular expression.</doc>
<status status="PASS" start="2024-08-02T22:15:23.551431" elapsed="0.000461"/>
</kw>
<kw name="Should Match Regexp" owner="BuiltIn">
<arg>${json_data['results'][0]['picture']['medium']}</arg>
<arg>^https?://.*\.(?:png|jpe?g|gif|bmp)$</arg>
<doc>Fails if ``string`` does not match ``pattern`` as a regular expression.</doc>
<status status="PASS" start="2024-08-02T22:15:23.552081" elapsed="0.000373"/>
</kw>
<kw name="Should Match Regexp" owner="BuiltIn">
<arg>${json_data['results'][0]['picture']['thumbnail']}</arg>
<arg>^https?://.*\.(?:png|jpe?g|gif|bmp)$</arg>
<doc>Fails if ``string`` does not match ``pattern`` as a regular expression.</doc>
<status status="PASS" start="2024-08-02T22:15:23.552641" elapsed="0.000350"/>
</kw>
<kw name="Log" owner="BuiltIn">
<msg time="2024-08-02T22:15:23.553495" level="INFO">{'large': 'https://randomuser.me/api/portraits/men/13.jpg', 'medium': 'https://randomuser.me/api/portraits/med/men/13.jpg', 'thumbnail': 'https://randomuser.me/api/portraits/thumb/men/13.jpg'}</msg>
<arg>${json_data['results'][0]['picture']}</arg>
<doc>Logs the given message with the given level.</doc>
<status status="PASS" start="2024-08-02T22:15:23.553175" elapsed="0.000363"/>
</kw>
<status status="PASS" start="2024-08-02T22:15:23.462695" elapsed="0.091099"/>
</kw>
<kw name="Teste de Tipos de Dados - Postcode" owner="random-user-service">
<kw name="GET On Session" owner="RequestsLibrary">
<msg time="2024-08-02T22:15:23.745312" level="INFO">GET Request : url=https://randomuser.me/api 
 path_url=/api 
 headers={'User-Agent': 'python-requests/2.32.3', 'Accept-Encoding': 'gzip, deflate', 'Accept': '*/*', 'Connection': 'keep-alive'} 
 body=None 
 </msg>
<msg time="2024-08-02T22:15:23.745410" level="INFO">GET Response : url=https://randomuser.me/api 
 status=200, reason=OK 
 headers={'Date': 'Fri, 02 Aug 2024 22:15:23 GMT', 'Content-Type': 'application/json; charset=utf-8', 'Transfer-Encoding': 'chunked', 'Connection': 'keep-alive', 'X-Powered-By': 'Express', 'Access-Control-Allow-Origin': '*', 'Cache-Control': 'no-cache', 'ETag': 'W/"496-GnMYP2/vBoukGgSwHzjJ+VYCaqk"', 'Vary': 'Accept-Encoding', 'Content-Encoding': 'gzip', 'CF-Cache-Status': 'DYNAMIC', 'Report-To': '{"endpoints":[{"url":"https:\\/\\/a.nel.cloudflare.com\\/report\\/v4?s=3y%2FPvh9jP6SD6Jdz8HmRmyeKeU3%2BR0LsvBUAQ3Wyf3hqKMoEXHE1jXSJL8PnbFpZZ6oLLJjv0YI2Dm90%2FflOZIuCcu6AW0yzZMsM8%2BbtiMQ56j2HvOg9Ic5P%2BgpgHY8t"}],"group":"cf-nel","max_age":604800}', 'NEL': '{"success_fraction":0,"report_to":"cf-nel","max_age":604800}', 'Server': 'cloudflare', 'CF-RAY': '8ad16d243e1e6332-ORD', 'alt-svc': 'h3=":443"; ma=86400'} 
 body={"results":[{"gender":"male","name":{"title":"Mr","first":"Matias","last":"Souza"},"location":{"street":{"number":3374,"name":"Rua Quinze de Novembro "},"city":"Lages","state":"Rio Grande do Sul","country":"Brazil","postcode":29231,"coordinates":{"latitude":"-75.6304","longitude":"-127.2741"},"timezone":{"offset":"+7:00","description":"Bangkok, Hanoi, Jakarta"}},"email":"matias.souza@example.com","login":{"uuid":"afd597c3-75d8-47f1-a0f0-20b70a81ba0b","username":"whitebird248","password":"151nxjmt","salt":"Dv1IB0g3","md5":"d0ead5c4e0605c1d614d1e917ea83d7e","sha1":"b8504baf9940438a545ee8a504cfd73f0f11582f","sha256":"45de2553d68a7d822b47f55e885fe172a4879e1229a00245bb1e6ed128d396d3"},"dob":{"date":"1944-11-21T13:51:33.190Z","age":79},"registered":{"date":"2016-06-23T23:03:24.945Z","age":8},"phone":"(06) 5076-0760","cell":"(62) 3552-3649","id":{"name":"CPF","value":"582.333.916-48"},"picture":{"large":"https://randomuser.me/api/portraits/men/44.jpg","medium":"https://randomuser.me/api/portraits/med/men/44.jpg","thumbnail":"https://randomuser.me/api/portraits/thumb/men/44.jpg"},"nat":"BR"}],"info":{"seed":"3207379415358d34","results":1,"page":1,"version":"1.4"}} 
 </msg>
<msg time="2024-08-02T22:15:23.745479" level="INFO">/opt/hostedtoolcache/Python/3.12.4/x64/lib/python3.12/site-packages/urllib3/connectionpool.py:1099: InsecureRequestWarning: Unverified HTTPS request is being made to host 'randomuser.me'. Adding certificate verification is strongly advised. See: https://urllib3.readthedocs.io/en/latest/advanced-usage.html#tls-warnings
  warnings.warn(</msg>
<msg time="2024-08-02T22:15:23.745603" level="INFO">${response} = &lt;Response [200]&gt;</msg>
<var>${response}</var>
<arg>consultarAPI</arg>
<arg>/api</arg>
<doc>Sends a GET request on a previously created HTTP Session.</doc>
<status status="PASS" start="2024-08-02T22:15:23.554225" elapsed="0.191416"/>
</kw>
<kw name="Set Variable" owner="BuiltIn">
<msg time="2024-08-02T22:15:23.746793" level="INFO">${json_data} = {'results': [{'gender': 'male', 'name': {'title': 'Mr', 'first': 'Matias', 'last': 'Souza'}, 'location': {'street': {'number': 3374, 'name': 'Rua Quinze de Novembro '}, 'city': 'Lages', 'state': 'Rio ...</msg>
<var>${json_data}</var>
<arg>${response.json()}</arg>
<doc>Returns the given values which can then be assigned to a variables.</doc>
<status status="PASS" start="2024-08-02T22:15:23.746241" elapsed="0.000580"/>
</kw>
<kw name="Log" owner="BuiltIn">
<msg time="2024-08-02T22:15:23.747310" level="INFO">{'results': [{'gender': 'male', 'name': {'title': 'Mr', 'first': 'Matias', 'last': 'Souza'}, 'location': {'street': {'number': 3374, 'name': 'Rua Quinze de Novembro '}, 'city': 'Lages', 'state': 'Rio Grande do Sul', 'country': 'Brazil', 'postcode': 29231, 'coordinates': {'latitude': '-75.6304', 'longitude': '-127.2741'}, 'timezone': {'offset': '+7:00', 'description': 'Bangkok, Hanoi, Jakarta'}}, 'email': 'matias.souza@example.com', 'login': {'uuid': 'afd597c3-75d8-47f1-a0f0-20b70a81ba0b', 'username': 'whitebird248', 'password': '151nxjmt', 'salt': 'Dv1IB0g3', 'md5': 'd0ead5c4e0605c1d614d1e917ea83d7e', 'sha1': 'b8504baf9940438a545ee8a504cfd73f0f11582f', 'sha256': '45de2553d68a7d822b47f55e885fe172a4879e1229a00245bb1e6ed128d396d3'}, 'dob': {'date': '1944-11-21T13:51:33.190Z', 'age': 79}, 'registered': {'date': '2016-06-23T23:03:24.945Z', 'age': 8}, 'phone': '(06) 5076-0760', 'cell': '(62) 3552-3649', 'id': {'name': 'CPF', 'value': '582.333.916-48'}, 'picture': {'large': 'https://randomuser.me/api/portraits/men/44.jpg', 'medium': 'https://randomuser.me/api/portraits/med/men/44.jpg', 'thumbnail': 'https://randomuser.me/api/portraits/thumb/men/44.jpg'}, 'nat': 'BR'}], 'info': {'seed': '3207379415358d34', 'results': 1, 'page': 1, 'version': '1.4'}}</msg>
<arg>${json_data}</arg>
<doc>Logs the given message with the given level.</doc>
<status status="PASS" start="2024-08-02T22:15:23.747134" elapsed="0.000223"/>
</kw>
<kw name="Should Be Equal As Numbers" owner="BuiltIn">
<arg>${json_data['results'][0]['location']['postcode']}</arg>
<arg>${json_data['results'][0]['location']['postcode']}</arg>
<doc>Fails if objects are unequal after converting them to real numbers.</doc>
<status status="PASS" start="2024-08-02T22:15:23.747653" elapsed="0.000620"/>
</kw>
<kw name="Log" owner="BuiltIn">
<msg time="2024-08-02T22:15:23.748881" level="INFO">29231</msg>
<arg>${json_data['results'][0]['location']['postcode']}</arg>
<doc>Logs the given message with the given level.</doc>
<status status="PASS" start="2024-08-02T22:15:23.748539" elapsed="0.000384"/>
</kw>
<status status="PASS" start="2024-08-02T22:15:23.554006" elapsed="0.195174"/>
</kw>
<doc>Testa se os tipos de dados na resposta da API estão corretos.</doc>
<tag>testeTiposDados</tag>
<status status="PASS" start="2024-08-02T22:15:23.462263" elapsed="0.287090"/>
</test>
<test id="s1-s1-t5" name="Validar conteudo" line="35">
<kw name="Teste de Tipos de Conteudo" owner="random-user-service">
<kw name="GET On Session" owner="RequestsLibrary">
<msg time="2024-08-02T22:15:23.800805" level="INFO">GET Request : url=https://randomuser.me/api 
 path_url=/api 
 headers={'User-Agent': 'python-requests/2.32.3', 'Accept-Encoding': 'gzip, deflate', 'Accept': '*/*', 'Connection': 'keep-alive'} 
 body=None 
 </msg>
<msg time="2024-08-02T22:15:23.800891" level="INFO">GET Response : url=https://randomuser.me/api 
 status=200, reason=OK 
 headers={'Date': 'Fri, 02 Aug 2024 22:15:23 GMT', 'Content-Type': 'application/json; charset=utf-8', 'Transfer-Encoding': 'chunked', 'Connection': 'keep-alive', 'X-Powered-By': 'Express', 'Access-Control-Allow-Origin': '*', 'Cache-Control': 'no-cache', 'ETag': 'W/"477-5j9dfpr3Gj3ekz4W+R4aAMDfsyc"', 'Vary': 'Accept-Encoding', 'Content-Encoding': 'gzip', 'CF-Cache-Status': 'DYNAMIC', 'Report-To': '{"endpoints":[{"url":"https:\\/\\/a.nel.cloudflare.com\\/report\\/v4?s=3I1HDuw4D8edlPzjZOPUrnIZ3NZ0j2dY7w%2BLT8t%2B%2FkRtAhIcWCcR%2BJPTJLlsdvTzhRNFDIgtU%2BXM%2Fzzt345hrCYR4otlvakv%2BlW98Ut2jOWy87JiAVOpqb43tOwxAhhg"}],"group":"cf-nel","max_age":604800}', 'NEL': '{"success_fraction":0,"report_to":"cf-nel","max_age":604800}', 'Server': 'cloudflare', 'CF-RAY': '8ad16d257f226332-ORD', 'alt-svc': 'h3=":443"; ma=86400'} 
 body={"results":[{"gender":"female","name":{"title":"Miss","first":"Asta","last":"Madsen"},"location":{"street":{"number":1217,"name":"Helgesvej"},"city":"Snertinge","state":"Syddanmark","country":"Denmark","postcode":11214,"coordinates":{"latitude":"-41.6991","longitude":"139.7027"},"timezone":{"offset":"-11:00","description":"Midway Island, Samoa"}},"email":"asta.madsen@example.com","login":{"uuid":"173014ce-0768-4a55-9f06-7d35194709e7","username":"happykoala859","password":"1120","salt":"CxFQwxY7","md5":"506016b79ec80346c06e5e1566089a5a","sha1":"3fccb582d84016ad351a0c4e889636f815ff19fe","sha256":"1ad4a5d3437f5ad00af083af7d71589dd4707bb6258c7e26cab832603835a774"},"dob":{"date":"1958-04-13T14:47:10.018Z","age":66},"registered":{"date":"2009-03-29T13:11:47.903Z","age":15},"phone":"52405846","cell":"61621183","id":{"name":"CPR","value":"130458-9883"},"picture":{"large":"https://randomuser.me/api/portraits/women/9.jpg","medium":"https://randomuser.me/api/portraits/med/women/9.jpg","thumbnail":"https://randomuser.me/api/portraits/thumb/women/9.jpg"},"nat":"DK"}],"info":{"seed":"bc70811c9375f2bd","results":1,"page":1,"version":"1.4"}} 
 </msg>
<msg time="2024-08-02T22:15:23.800970" level="INFO">/opt/hostedtoolcache/Python/3.12.4/x64/lib/python3.12/site-packages/urllib3/connectionpool.py:1099: InsecureRequestWarning: Unverified HTTPS request is being made to host 'randomuser.me'. Adding certificate verification is strongly advised. See: https://urllib3.readthedocs.io/en/latest/advanced-usage.html#tls-warnings
  warnings.warn(</msg>
<msg time="2024-08-02T22:15:23.801092" level="INFO">${response} = &lt;Response [200]&gt;</msg>
<var>${response}</var>
<arg>consultarAPI</arg>
<arg>/api</arg>
<doc>Sends a GET request on a previously created HTTP Session.</doc>
<status status="PASS" start="2024-08-02T22:15:23.751871" elapsed="0.049278"/>
</kw>
<kw name="Set Variable" owner="BuiltIn">
<msg time="2024-08-02T22:15:23.802288" level="INFO">${json_data} = {'results': [{'gender': 'female', 'name': {'title': 'Miss', 'first': 'Asta', 'last': 'Madsen'}, 'location': {'street': {'number': 1217, 'name': 'Helgesvej'}, 'city': 'Snertinge', 'state': 'Syddanmark'...</msg>
<var>${json_data}</var>
<arg>${response.json()}</arg>
<doc>Returns the given values which can then be assigned to a variables.</doc>
<status status="PASS" start="2024-08-02T22:15:23.801668" elapsed="0.000650"/>
</kw>
<kw name="Set Variable" owner="BuiltIn">
<msg time="2024-08-02T22:15:23.803027" level="INFO">${name_title} = Miss</msg>
<var>${name_title}</var>
<arg>${json_data["results"][0]["name"]["title"]}</arg>
<doc>Returns the given values which can then be assigned to a variables.</doc>
<status status="PASS" start="2024-08-02T22:15:23.802633" elapsed="0.000421"/>
</kw>
<kw name="Create List" owner="BuiltIn">
<msg time="2024-08-02T22:15:23.803516" level="INFO">${allowed_titles} = ['Mr', 'Ms', 'Miss', 'Mrs', 'Madame', 'Monsieur']</msg>
<var>${allowed_titles}</var>
<arg>Mr</arg>
<arg>Ms</arg>
<arg>Miss</arg>
<arg>Mrs</arg>
<arg>Madame</arg>
<arg>Monsieur</arg>
<doc>Returns a list containing given items.</doc>
<status status="PASS" start="2024-08-02T22:15:23.803356" elapsed="0.000185"/>
</kw>
<kw name="List Should Contain Value" owner="Collections">
<arg>${allowed_titles}</arg>
<arg>${name_title}</arg>
<doc>Fails if the ``value`` is not found from ``list``.</doc>
<status status="PASS" start="2024-08-02T22:15:23.803850" elapsed="0.000183"/>
</kw>
<kw name="Set Variable" owner="BuiltIn">
<msg time="2024-08-02T22:15:23.804632" level="INFO">${name_country} = DK</msg>
<var>${name_country}</var>
<arg>${json_data["results"][0]["nat"]}</arg>
<doc>Returns the given values which can then be assigned to a variables.</doc>
<status status="PASS" start="2024-08-02T22:15:23.804222" elapsed="0.000436"/>
</kw>
<kw name="Create List" owner="BuiltIn">
<msg time="2024-08-02T22:15:23.805561" level="INFO">${list_country} = ['AD', 'AE', 'AF', 'AG', 'AI', 'AL', 'AM', 'AO', 'AQ', 'AR', 'AS', 'AT', 'AU', 'AW', 'AX', 'AZ', 'BA', 'BB', 'BD', 'BE', 'BF', 'BG', 'BH', 'BI', 'BJ', 'BL', 'BM', 'BN', 'BO', 'BQ', 'BR', 'BS', 'BT', '...</msg>
<var>${list_country}</var>
<arg>AD</arg>
<arg>AE</arg>
<arg>AF</arg>
<arg>AG</arg>
<arg>AI</arg>
<arg>AL</arg>
<arg>AM</arg>
<arg>AO</arg>
<arg>AQ</arg>
<arg>AR</arg>
<arg>AS</arg>
<arg>AT</arg>
<arg>AU</arg>
<arg>AW</arg>
<arg>AX</arg>
<arg>AZ</arg>
<arg>BA</arg>
<arg>BB</arg>
<arg>BD</arg>
<arg>BE</arg>
<arg>BF</arg>
<arg>BG</arg>
<arg>BH</arg>
<arg>BI</arg>
<arg>BJ</arg>
<arg>BL</arg>
<arg>BM</arg>
<arg>BN</arg>
<arg>BO</arg>
<arg>BQ</arg>
<arg>BR</arg>
<arg>BS</arg>
<arg>BT</arg>
<arg>BV</arg>
<arg>BW</arg>
<arg>BY</arg>
<arg>BZ</arg>
<arg>CA</arg>
<arg>CC</arg>
<arg>CD</arg>
<arg>CF</arg>
<arg>CG</arg>
<arg>CH</arg>
<arg>CI</arg>
<arg>CK</arg>
<arg>CL</arg>
<arg>CM</arg>
<arg>CN</arg>
<arg>CO</arg>
<arg>CR</arg>
<arg>CU</arg>
<arg>CV</arg>
<arg>CW</arg>
<arg>CX</arg>
<arg>CY</arg>
<arg>CZ</arg>
<arg>DE</arg>
<arg>DJ</arg>
<arg>DK</arg>
<arg>DM</arg>
<arg>DO</arg>
<arg>DZ</arg>
<arg>EC</arg>
<arg>EE</arg>
<arg>EG</arg>
<arg>EH</arg>
<arg>ER</arg>
<arg>ES</arg>
<arg>ET</arg>
<arg>FI</arg>
<arg>FJ</arg>
<arg>FK</arg>
<arg>FM</arg>
<arg>FO</arg>
<arg>FR</arg>
<arg>GA</arg>
<arg>GB</arg>
<arg>GD</arg>
<arg>GE</arg>
<arg>GF</arg>
<arg>GG</arg>
<arg>GH</arg>
<arg>GI</arg>
<arg>GL</arg>
<arg>GM</arg>
<arg>GN</arg>
<arg>GP</arg>
<arg>GQ</arg>
<arg>GR</arg>
<arg>GS</arg>
<arg>GT</arg>
<arg>GU</arg>
<arg>GW</arg>
<arg>GY</arg>
<arg>HK</arg>
<arg>HM</arg>
<arg>HN</arg>
<arg>HR</arg>
<arg>HT</arg>
<arg>HU</arg>
<arg>ID</arg>
<arg>IE</arg>
<arg>IL</arg>
<arg>IM</arg>
<arg>IN</arg>
<arg>IO</arg>
<arg>IQ</arg>
<arg>IR</arg>
<arg>IS</arg>
<arg>IT</arg>
<arg>JE</arg>
<arg>JM</arg>
<arg>JO</arg>
<arg>JP</arg>
<arg>KE</arg>
<arg>KG</arg>
<arg>KH</arg>
<arg>KI</arg>
<arg>KM</arg>
<arg>KN</arg>
<arg>KP</arg>
<arg>KR</arg>
<arg>KW</arg>
<arg>KY</arg>
<arg>KZ</arg>
<arg>LA</arg>
<arg>LB</arg>
<arg>LC</arg>
<arg>LI</arg>
<arg>LK</arg>
<arg>LR</arg>
<arg>LS</arg>
<arg>LT</arg>
<arg>LU</arg>
<arg>LV</arg>
<arg>LY</arg>
<arg>MA</arg>
<arg>MC</arg>
<arg>MD</arg>
<arg>ME</arg>
<arg>MF</arg>
<arg>MG</arg>
<arg>MH</arg>
<arg>MK</arg>
<arg>ML</arg>
<arg>MM</arg>
<arg>MN</arg>
<arg>MO</arg>
<arg>MP</arg>
<arg>MQ</arg>
<arg>MR</arg>
<arg>MS</arg>
<arg>MT</arg>
<arg>MU</arg>
<arg>MV</arg>
<arg>MW</arg>
<arg>MX</arg>
<arg>MY</arg>
<arg>MZ</arg>
<arg>NA</arg>
<arg>NC</arg>
<arg>NE</arg>
<arg>NF</arg>
<arg>NG</arg>
<arg>NI</arg>
<arg>NL</arg>
<arg>NO</arg>
<arg>NP</arg>
<arg>NR</arg>
<arg>NU</arg>
<arg>NZ</arg>
<arg>OM</arg>
<arg>PA</arg>
<arg>PE</arg>
<arg>PF</arg>
<arg>PG</arg>
<arg>PH</arg>
<arg>PK</arg>
<arg>PL</arg>
<arg>PM</arg>
<arg>PN</arg>
<arg>PR</arg>
<arg>PS</arg>
<arg>PT</arg>
<arg>PW</arg>
<arg>PY</arg>
<arg>QA</arg>
<arg>RE</arg>
<arg>RO</arg>
<arg>RS</arg>
<arg>RU</arg>
<arg>RW</arg>
<arg>SA</arg>
<arg>SB</arg>
<arg>SC</arg>
<arg>SD</arg>
<arg>SE</arg>
<arg>SG</arg>
<arg>SH</arg>
<arg>SI</arg>
<arg>SJ</arg>
<arg>SK</arg>
<arg>SL</arg>
<arg>SM</arg>
<arg>SN</arg>
<arg>SO</arg>
<arg>SR</arg>
<arg>SS</arg>
<arg>ST</arg>
<arg>SV</arg>
<arg>SX</arg>
<arg>SY</arg>
<arg>SZ</arg>
<arg>TC</arg>
<arg>TD</arg>
<arg>TF</arg>
<arg>TG</arg>
<arg>TH</arg>
<arg>TJ</arg>
<arg>TK</arg>
<arg>TL</arg>
<arg>TM</arg>
<arg>TN</arg>
<arg>TO</arg>
<arg>TR</arg>
<arg>TT</arg>
<arg>TV</arg>
<arg>TW</arg>
<arg>TZ</arg>
<arg>UA</arg>
<arg>UG</arg>
<arg>UM</arg>
<arg>US</arg>
<arg>UY</arg>
<arg>UZ</arg>
<arg>VA</arg>
<arg>VC</arg>
<arg>VE</arg>
<arg>VG</arg>
<arg>VI</arg>
<arg>VN</arg>
<arg>VU</arg>
<arg>WF</arg>
<arg>WS</arg>
<arg>XK</arg>
<arg>YE</arg>
<arg>YT</arg>
<arg>ZA</arg>
<arg>ZM</arg>
<arg>ZW</arg>
<doc>Returns a list containing given items.</doc>
<status status="PASS" start="2024-08-02T22:15:23.804955" elapsed="0.000633"/>
</kw>
<kw name="List Should Contain Value" owner="Collections">
<arg>${list_country}</arg>
<arg>${name_country}</arg>
<doc>Fails if the ``value`` is not found from ``list``.</doc>
<status status="PASS" start="2024-08-02T22:15:23.806546" elapsed="0.000214"/>
</kw>
<kw name="Run Keyword If" owner="BuiltIn">
<kw name="Should Be True" owner="BuiltIn">
<arg>${True}</arg>
<doc>Fails if the given condition is not true.</doc>
<status status="PASS" start="2024-08-02T22:15:23.807705" elapsed="0.000144"/>
</kw>
<arg>${json_data["results"][0]["location"]["coordinates"]["latitude"]} &gt;= -90 and ${json_data["results"][0]["location"]["coordinates"]["latitude"]} &lt;= 90</arg>
<arg>Should Be True</arg>
<arg>${True}</arg>
<doc>Runs the given keyword with the given arguments, if ``condition`` is true.</doc>
<status status="PASS" start="2024-08-02T22:15:23.806963" elapsed="0.001014"/>
</kw>
<kw name="Run Keyword If" owner="BuiltIn">
<kw name="Should Be True" owner="BuiltIn">
<arg>${True}</arg>
<doc>Fails if the given condition is not true.</doc>
<status status="PASS" start="2024-08-02T22:15:23.808876" elapsed="0.000142"/>
</kw>
<arg>${json_data["results"][0]["location"]["coordinates"]["longitude"]} &gt;= -180 and ${json_data["results"][0]["location"]["coordinates"]["longitude"]} &lt;= 180</arg>
<arg>Should Be True</arg>
<arg>${True}</arg>
<doc>Runs the given keyword with the given arguments, if ``condition`` is true.</doc>
<status status="PASS" start="2024-08-02T22:15:23.808162" elapsed="0.000983"/>
</kw>
<status status="PASS" start="2024-08-02T22:15:23.751634" elapsed="0.057641"/>
</kw>
<doc>Testa o conteúdo específico dos campos retornados pela API.</doc>
<tag>testeConteudo</tag>
<status status="PASS" start="2024-08-02T22:15:23.751083" elapsed="0.058338"/>
</test>
<status status="PASS" start="2024-08-02T22:15:22.892514" elapsed="0.919215"/>
</suite>
<status status="PASS" start="2024-08-02T22:15:22.878099" elapsed="0.938690"/>
</suite>
<statistics>
<total>
<stat pass="5" fail="0" skip="0">All Tests</stat>
</total>
<tag>
<stat pass="1" fail="0" skip="0">testeConteudo</stat>
<stat pass="1" fail="0" skip="0">testeEstruturaResposta</stat>
<stat pass="1" fail="0" skip="0">testeRequisicaoBasica</stat>
<stat pass="1" fail="0" skip="0">testeTiposDados</stat>
</tag>
<suite>
<stat pass="5" fail="0" skip="0" id="s1" name="Tests">Tests</stat>
<stat pass="5" fail="0" skip="0" id="s1-s1" name="Random-User-Test">Tests.Random-User-Test</stat>
</suite>
</statistics>
<errors>
</errors>
</robot>
