<?xml version="1.0" encoding="UTF-8"?>
<robot generator="Robot 7.0 (Python 3.12.3 on linux)" generated="2024-05-10T22:14:26.919929" rpa="false" schemaversion="5">
<suite id="s1" name="Tests" source="/home/runner/work/DesafioQAItauRogerioJordao/DesafioQAItauRogerioJordao/RamdonUser/tests">
<suite id="s1-s1" name="Random-User-Test" source="/home/runner/work/DesafioQAItauRogerioJordao/DesafioQAItauRogerioJordao/RamdonUser/tests/random-user-test.robot">
<test id="s1-s1-t1" name="Conectar" line="13">
<kw name="Conectar API" owner="random-user-service">
<kw name="Create Session" owner="RequestsLibrary">
<msg time="2024-05-10T22:14:27.293947" level="INFO">Creating Session using : alias=consultarAPI, url=https://randomuser.me/, headers={},                     cookies={}, auth=None, timeout=None, proxies=None, verify=False,                     debug=0 </msg>
<arg>consultarAPI</arg>
<arg>${URL}</arg>
<doc>Create Session: create a HTTP session to a server</doc>
<status status="PASS" start="2024-05-10T22:14:27.293745" elapsed="0.000392"/>
</kw>
<status status="PASS" start="2024-05-10T22:14:27.292742" elapsed="0.001782"/>
</kw>
<status status="PASS" start="2024-05-10T22:14:27.292145" elapsed="0.002575"/>
</test>
<test id="s1-s1-t2" name="Validar retorno 200 e JSON Válido" line="16">
<kw name="Teste de Requisicao Basica" owner="random-user-service">
<kw name="GET On Session" owner="RequestsLibrary">
<msg time="2024-05-10T22:14:27.426441" level="INFO">GET Request : url=https://randomuser.me/api 
 path_url=/api 
 headers={'User-Agent': 'python-requests/2.31.0', 'Accept-Encoding': 'gzip, deflate', 'Accept': '*/*', 'Connection': 'keep-alive'} 
 body=None 
 </msg>
<msg time="2024-05-10T22:14:27.426615" level="INFO">GET Response : url=https://randomuser.me/api 
 status=200, reason=OK 
 headers={'Date': 'Fri, 10 May 2024 22:14:27 GMT', 'Content-Type': 'application/json; charset=utf-8', 'Transfer-Encoding': 'chunked', 'Connection': 'keep-alive', 'X-Powered-By': 'Express', 'Access-Control-Allow-Origin': '*', 'Cache-Control': 'no-cache', 'ETag': 'W/"4a4-m9bmzfhNCWWG9n5QxB63k2Sjq5M"', 'Vary': 'Accept-Encoding', 'Content-Encoding': 'gzip', 'CF-Cache-Status': 'DYNAMIC', 'Report-To': '{"endpoints":[{"url":"https:\\/\\/a.nel.cloudflare.com\\/report\\/v4?s=GSchmwHglgS42sbsymh3aInTiQB68Luo5kS7JLc1XExCR3Zqaegwyq9Behzz1MYdjye%2BlumRVaHOSQBYp%2ByQeQIzxJ%2B8IbjIde6uNzL9ZQI43s%2BEcNUJmRaAxJ4CvP%2Ft"}],"group":"cf-nel","max_age":604800}', 'NEL': '{"success_fraction":0,"report_to":"cf-nel","max_age":604800}', 'Server': 'cloudflare', 'CF-RAY': '881d4844cb65176d-SJC', 'alt-svc': 'h3=":443"; ma=86400'} 
 body={"results":[{"gender":"female","name":{"title":"Mrs","first":"Natasha","last":"Beukhof"},"location":{"street":{"number":511,"name":"Baas Huisweg"},"city":"Veeningen","state":"Flevoland","country":"Netherlands","postcode":"2319 LS","coordinates":{"latitude":"37.9143","longitude":"167.5108"},"timezone":{"offset":"+11:00","description":"Magadan, Solomon Islands, New Caledonia"}},"email":"natasha.beukhof@example.com","login":{"uuid":"b09f01d2-0935-493a-a0e3-7e5e74dc16e3","username":"brownkoala899","password":"valdez","salt":"LnuMoP6a","md5":"a1edd214cc838c9d436eabe13eb80230","sha1":"0d896aa789028e9e02f4f4ee0342be4e4e11abdb","sha256":"d7985b193b16f06943a779fad6fa7a370ea92f9eefd68b2171181123a12fbd13"},"dob":{"date":"1962-07-25T08:11:09.246Z","age":61},"registered":{"date":"2020-01-29T11:16:39.122Z","age":4},"phone":"(038) 7149279","cell":"(06) 78050118","id":{"name":"BSN","value":"79002283"},"picture":{"large":"https://randomuser.me/api/portraits/women/43.jpg","medium":"https://randomuser.me/api/portraits/med/women/43.jpg","thumbnail":"https://randomuser.me/api/portraits/thumb/women/43.jpg"},"nat":"NL"}],"info":{"seed":"fedcb16531ceda71","results":1,"page":1,"version":"1.4"}} 
 </msg>
<msg time="2024-05-10T22:14:27.426711" level="INFO">/opt/hostedtoolcache/Python/3.12.3/x64/lib/python3.12/site-packages/urllib3/connectionpool.py:1103: InsecureRequestWarning: Unverified HTTPS request is being made to host 'randomuser.me'. Adding certificate verification is strongly advised. See: https://urllib3.readthedocs.io/en/latest/advanced-usage.html#tls-warnings
  warnings.warn(</msg>
<msg time="2024-05-10T22:14:27.426862" level="INFO">${response} = &lt;Response [200]&gt;</msg>
<var>${response}</var>
<arg>consultarAPI</arg>
<arg>/api</arg>
<doc>Sends a GET request on a previously created HTTP Session.</doc>
<status status="PASS" start="2024-05-10T22:14:27.297351" elapsed="0.129555"/>
</kw>
<kw name="Should Be Equal As Numbers" owner="BuiltIn">
<msg time="2024-05-10T22:14:27.428055" level="INFO">Argument types are:
&lt;class 'int'&gt;
&lt;class 'str'&gt;</msg>
<arg>${response.status_code}</arg>
<arg>200</arg>
<doc>Fails if objects are unequal after converting them to real numbers.</doc>
<status status="PASS" start="2024-05-10T22:14:27.427568" elapsed="0.000554"/>
</kw>
<kw name="Log" owner="BuiltIn">
<msg time="2024-05-10T22:14:27.428818" level="INFO">200</msg>
<arg>${response.status_code}</arg>
<doc>Logs the given message with the given level.</doc>
<status status="PASS" start="2024-05-10T22:14:27.428466" elapsed="0.000395"/>
</kw>
<kw name="Set Variable" owner="BuiltIn">
<msg time="2024-05-10T22:14:27.429612" level="INFO">${json_data} = {'results': [{'gender': 'female', 'name': {'title': 'Mrs', 'first': 'Natasha', 'last': 'Beukhof'}, 'location': {'street': {'number': 511, 'name': 'Baas Huisweg'}, 'city': 'Veeningen', 'state': 'Flevol...</msg>
<var>${json_data}</var>
<arg>${response.json()}</arg>
<doc>Returns the given values which can then be assigned to a variables.</doc>
<status status="PASS" start="2024-05-10T22:14:27.429169" elapsed="0.000471"/>
</kw>
<kw name="Dictionary Should Contain Key" owner="Collections">
<msg time="2024-05-10T22:14:27.430104" level="INFO">False</msg>
<arg>${json_data}</arg>
<arg>results</arg>
<doc>Fails if ``key`` is not found from ``dictionary``.</doc>
<status status="PASS" start="2024-05-10T22:14:27.429938" elapsed="0.000205"/>
</kw>
<status status="PASS" start="2024-05-10T22:14:27.297102" elapsed="0.133337"/>
</kw>
<doc>Testa se a API responde corretamente e retorna um objeto JSON válido.</doc>
<tag>testeRequisicaoBasica</tag>
<status status="PASS" start="2024-05-10T22:14:27.296631" elapsed="0.133997"/>
</test>
<test id="s1-s1-t3" name="Validar estrutura de resposta" line="22">
<kw name="Teste de Estrutura de Resposta" owner="random-user-service">
<kw name="GET On Session" owner="RequestsLibrary">
<msg time="2024-05-10T22:14:27.523980" level="INFO">GET Request : url=https://randomuser.me/api 
 path_url=/api 
 headers={'User-Agent': 'python-requests/2.31.0', 'Accept-Encoding': 'gzip, deflate', 'Accept': '*/*', 'Connection': 'keep-alive'} 
 body=None 
 </msg>
<msg time="2024-05-10T22:14:27.524093" level="INFO">GET Response : url=https://randomuser.me/api 
 status=200, reason=OK 
 headers={'Date': 'Fri, 10 May 2024 22:14:27 GMT', 'Content-Type': 'application/json; charset=utf-8', 'Transfer-Encoding': 'chunked', 'Connection': 'keep-alive', 'X-Powered-By': 'Express', 'Access-Control-Allow-Origin': '*', 'Cache-Control': 'no-cache', 'ETag': 'W/"475-mJje2I5CXnQ6EXD8hrP3Hz8esHU"', 'Vary': 'Accept-Encoding', 'Content-Encoding': 'gzip', 'CF-Cache-Status': 'DYNAMIC', 'Report-To': '{"endpoints":[{"url":"https:\\/\\/a.nel.cloudflare.com\\/report\\/v4?s=Lr3yN8P6JyyOMDKobwgJLlCbUFL2A6cl8Eb%2BAOxEDlWsC2qW8rXg1399eFcdJUg43%2FBL2iDugv43gpGzdvZcwO2nyJf%2FqzfREBn%2BLd7tTw4lu05ouVrF3HtfI3pDv4MX"}],"group":"cf-nel","max_age":604800}', 'NEL': '{"success_fraction":0,"report_to":"cf-nel","max_age":604800}', 'Server': 'cloudflare', 'CF-RAY': '881d48457bfb176d-SJC', 'alt-svc': 'h3=":443"; ma=86400'} 
 body={"results":[{"gender":"female","name":{"title":"Ms","first":"Tilde","last":"Nielsen"},"location":{"street":{"number":9106,"name":"Ridderhatten"},"city":"Esbjerg V","state":"Sjælland","country":"Denmark","postcode":71866,"coordinates":{"latitude":"-44.9806","longitude":"168.7154"},"timezone":{"offset":"-2:00","description":"Mid-Atlantic"}},"email":"tilde.nielsen@example.com","login":{"uuid":"f9d6ea2c-a1ef-479a-90f6-4195b0f56a02","username":"happyfish187","password":"whale","salt":"f69DMP2b","md5":"d2856ae60ff0e028db136ca873819661","sha1":"333cce5cc86282027edc6ce4af62506fe7497aae","sha256":"b73e8bb9aec135177c6284a8a94d8c471dc6c8bc4437afca2171d939f689288c"},"dob":{"date":"1977-07-21T22:35:02.580Z","age":46},"registered":{"date":"2009-02-05T19:38:52.314Z","age":15},"phone":"09336017","cell":"85303264","id":{"name":"CPR","value":"210777-5348"},"picture":{"large":"https://randomuser.me/api/portraits/women/70.jpg","medium":"https://randomuser.me/api/portraits/med/women/70.jpg","thumbnail":"https://randomuser.me/api/portraits/thumb/women/70.jpg"},"nat":"DK"}],"info":{"seed":"107632cdd6cc4d5e","results":1,"page":1,"version":"1.4"}} 
 </msg>
<msg time="2024-05-10T22:14:27.524238" level="INFO">/opt/hostedtoolcache/Python/3.12.3/x64/lib/python3.12/site-packages/urllib3/connectionpool.py:1103: InsecureRequestWarning: Unverified HTTPS request is being made to host 'randomuser.me'. Adding certificate verification is strongly advised. See: https://urllib3.readthedocs.io/en/latest/advanced-usage.html#tls-warnings
  warnings.warn(</msg>
<msg time="2024-05-10T22:14:27.524383" level="INFO">${response} = &lt;Response [200]&gt;</msg>
<var>${response}</var>
<arg>consultarAPI</arg>
<arg>/api</arg>
<doc>Sends a GET request on a previously created HTTP Session.</doc>
<status status="PASS" start="2024-05-10T22:14:27.433312" elapsed="0.091112"/>
</kw>
<kw name="Set Variable" owner="BuiltIn">
<msg time="2024-05-10T22:14:27.525609" level="INFO">${json_data} = {'results': [{'gender': 'female', 'name': {'title': 'Ms', 'first': 'Tilde', 'last': 'Nielsen'}, 'location': {'street': {'number': 9106, 'name': 'Ridderhatten'}, 'city': 'Esbjerg V', 'state': 'Sjælland...</msg>
<var>${json_data}</var>
<arg>${response.json()}</arg>
<doc>Returns the given values which can then be assigned to a variables.</doc>
<status status="PASS" start="2024-05-10T22:14:27.525003" elapsed="0.000637"/>
</kw>
<kw name="Log" owner="BuiltIn">
<msg time="2024-05-10T22:14:27.526120" level="INFO">{'results': [{'gender': 'female', 'name': {'title': 'Ms', 'first': 'Tilde', 'last': 'Nielsen'}, 'location': {'street': {'number': 9106, 'name': 'Ridderhatten'}, 'city': 'Esbjerg V', 'state': 'Sjælland', 'country': 'Denmark', 'postcode': 71866, 'coordinates': {'latitude': '-44.9806', 'longitude': '168.7154'}, 'timezone': {'offset': '-2:00', 'description': 'Mid-Atlantic'}}, 'email': 'tilde.nielsen@example.com', 'login': {'uuid': 'f9d6ea2c-a1ef-479a-90f6-4195b0f56a02', 'username': 'happyfish187', 'password': 'whale', 'salt': 'f69DMP2b', 'md5': 'd2856ae60ff0e028db136ca873819661', 'sha1': '333cce5cc86282027edc6ce4af62506fe7497aae', 'sha256': 'b73e8bb9aec135177c6284a8a94d8c471dc6c8bc4437afca2171d939f689288c'}, 'dob': {'date': '1977-07-21T22:35:02.580Z', 'age': 46}, 'registered': {'date': '2009-02-05T19:38:52.314Z', 'age': 15}, 'phone': '09336017', 'cell': '85303264', 'id': {'name': 'CPR', 'value': '210777-5348'}, 'picture': {'large': 'https://randomuser.me/api/portraits/women/70.jpg', 'medium': 'https://randomuser.me/api/portraits/med/women/70.jpg', 'thumbnail': 'https://randomuser.me/api/portraits/thumb/women/70.jpg'}, 'nat': 'DK'}], 'info': {'seed': '107632cdd6cc4d5e', 'results': 1, 'page': 1, 'version': '1.4'}}</msg>
<arg>${json_data}</arg>
<doc>Logs the given message with the given level.</doc>
<status status="PASS" start="2024-05-10T22:14:27.525954" elapsed="0.000217"/>
</kw>
<kw name="Dictionary Should Contain Key" owner="Collections">
<msg time="2024-05-10T22:14:27.526671" level="INFO">False</msg>
<arg>${json_data}</arg>
<arg>results</arg>
<doc>Fails if ``key`` is not found from ``dictionary``.</doc>
<status status="PASS" start="2024-05-10T22:14:27.526512" elapsed="0.000198"/>
</kw>
<kw name="Should Not Be Empty" owner="BuiltIn">
<msg time="2024-05-10T22:14:27.527134" level="INFO">Length is 2.</msg>
<arg>${json_data}</arg>
<doc>Verifies that the given item is not empty.</doc>
<status status="PASS" start="2024-05-10T22:14:27.527003" elapsed="0.000169"/>
</kw>
<kw name="Create List" owner="BuiltIn">
<msg time="2024-05-10T22:14:27.527773" level="INFO">${expected_keys} = ['gender', 'name', 'location', 'email', 'login']</msg>
<var>${expected_keys}</var>
<arg>gender</arg>
<arg>name</arg>
<arg>location</arg>
<arg>email</arg>
<arg>login</arg>
<doc>Returns a list containing given items.</doc>
<status status="PASS" start="2024-05-10T22:14:27.527470" elapsed="0.000328"/>
</kw>
<for flavor="IN">
<iter>
<kw name="Dictionary Should Contain Key" owner="Collections">
<msg time="2024-05-10T22:14:27.528784" level="INFO">False</msg>
<arg>${json_data['results'][0]}</arg>
<arg>${key}</arg>
<doc>Fails if ``key`` is not found from ``dictionary``.</doc>
<status status="PASS" start="2024-05-10T22:14:27.528386" elapsed="0.000437"/>
</kw>
<kw name="Log" owner="BuiltIn">
<msg time="2024-05-10T22:14:27.529493" level="INFO">{'gender': 'female', 'name': {'title': 'Ms', 'first': 'Tilde', 'last': 'Nielsen'}, 'location': {'street': {'number': 9106, 'name': 'Ridderhatten'}, 'city': 'Esbjerg V', 'state': 'Sjælland', 'country': 'Denmark', 'postcode': 71866, 'coordinates': {'latitude': '-44.9806', 'longitude': '168.7154'}, 'timezone': {'offset': '-2:00', 'description': 'Mid-Atlantic'}}, 'email': 'tilde.nielsen@example.com', 'login': {'uuid': 'f9d6ea2c-a1ef-479a-90f6-4195b0f56a02', 'username': 'happyfish187', 'password': 'whale', 'salt': 'f69DMP2b', 'md5': 'd2856ae60ff0e028db136ca873819661', 'sha1': '333cce5cc86282027edc6ce4af62506fe7497aae', 'sha256': 'b73e8bb9aec135177c6284a8a94d8c471dc6c8bc4437afca2171d939f689288c'}, 'dob': {'date': '1977-07-21T22:35:02.580Z', 'age': 46}, 'registered': {'date': '2009-02-05T19:38:52.314Z', 'age': 15}, 'phone': '09336017', 'cell': '85303264', 'id': {'name': 'CPR', 'value': '210777-5348'}, 'picture': {'large': 'https://randomuser.me/api/portraits/women/70.jpg', 'medium': 'https://randomuser.me/api/portraits/med/women/70.jpg', 'thumbnail': 'https://randomuser.me/api/portraits/thumb/women/70.jpg'}, 'nat': 'DK'}</msg>
<arg>${json_data['results'][0]}</arg>
<doc>Logs the given message with the given level.</doc>
<status status="PASS" start="2024-05-10T22:14:27.529123" elapsed="0.000419"/>
</kw>
<kw name="Log" owner="BuiltIn">
<msg time="2024-05-10T22:14:27.529968" level="INFO">gender</msg>
<arg>${key}</arg>
<doc>Logs the given message with the given level.</doc>
<status status="PASS" start="2024-05-10T22:14:27.529841" elapsed="0.000164"/>
</kw>
<var name="${key}">gender</var>
<status status="PASS" start="2024-05-10T22:14:27.528259" elapsed="0.001959"/>
</iter>
<iter>
<kw name="Dictionary Should Contain Key" owner="Collections">
<msg time="2024-05-10T22:14:27.530932" level="INFO">False</msg>
<arg>${json_data['results'][0]}</arg>
<arg>${key}</arg>
<doc>Fails if ``key`` is not found from ``dictionary``.</doc>
<status status="PASS" start="2024-05-10T22:14:27.530545" elapsed="0.000424"/>
</kw>
<kw name="Log" owner="BuiltIn">
<msg time="2024-05-10T22:14:27.531658" level="INFO">{'gender': 'female', 'name': {'title': 'Ms', 'first': 'Tilde', 'last': 'Nielsen'}, 'location': {'street': {'number': 9106, 'name': 'Ridderhatten'}, 'city': 'Esbjerg V', 'state': 'Sjælland', 'country': 'Denmark', 'postcode': 71866, 'coordinates': {'latitude': '-44.9806', 'longitude': '168.7154'}, 'timezone': {'offset': '-2:00', 'description': 'Mid-Atlantic'}}, 'email': 'tilde.nielsen@example.com', 'login': {'uuid': 'f9d6ea2c-a1ef-479a-90f6-4195b0f56a02', 'username': 'happyfish187', 'password': 'whale', 'salt': 'f69DMP2b', 'md5': 'd2856ae60ff0e028db136ca873819661', 'sha1': '333cce5cc86282027edc6ce4af62506fe7497aae', 'sha256': 'b73e8bb9aec135177c6284a8a94d8c471dc6c8bc4437afca2171d939f689288c'}, 'dob': {'date': '1977-07-21T22:35:02.580Z', 'age': 46}, 'registered': {'date': '2009-02-05T19:38:52.314Z', 'age': 15}, 'phone': '09336017', 'cell': '85303264', 'id': {'name': 'CPR', 'value': '210777-5348'}, 'picture': {'large': 'https://randomuser.me/api/portraits/women/70.jpg', 'medium': 'https://randomuser.me/api/portraits/med/women/70.jpg', 'thumbnail': 'https://randomuser.me/api/portraits/thumb/women/70.jpg'}, 'nat': 'DK'}</msg>
<arg>${json_data['results'][0]}</arg>
<doc>Logs the given message with the given level.</doc>
<status status="PASS" start="2024-05-10T22:14:27.531291" elapsed="0.000417"/>
</kw>
<kw name="Log" owner="BuiltIn">
<msg time="2024-05-10T22:14:27.532133" level="INFO">name</msg>
<arg>${key}</arg>
<doc>Logs the given message with the given level.</doc>
<status status="PASS" start="2024-05-10T22:14:27.532006" elapsed="0.000165"/>
</kw>
<var name="${key}">name</var>
<status status="PASS" start="2024-05-10T22:14:27.530430" elapsed="0.001957"/>
</iter>
<iter>
<kw name="Dictionary Should Contain Key" owner="Collections">
<msg time="2024-05-10T22:14:27.533061" level="INFO">False</msg>
<arg>${json_data['results'][0]}</arg>
<arg>${key}</arg>
<doc>Fails if ``key`` is not found from ``dictionary``.</doc>
<status status="PASS" start="2024-05-10T22:14:27.532677" elapsed="0.000422"/>
</kw>
<kw name="Log" owner="BuiltIn">
<msg time="2024-05-10T22:14:27.533763" level="INFO">{'gender': 'female', 'name': {'title': 'Ms', 'first': 'Tilde', 'last': 'Nielsen'}, 'location': {'street': {'number': 9106, 'name': 'Ridderhatten'}, 'city': 'Esbjerg V', 'state': 'Sjælland', 'country': 'Denmark', 'postcode': 71866, 'coordinates': {'latitude': '-44.9806', 'longitude': '168.7154'}, 'timezone': {'offset': '-2:00', 'description': 'Mid-Atlantic'}}, 'email': 'tilde.nielsen@example.com', 'login': {'uuid': 'f9d6ea2c-a1ef-479a-90f6-4195b0f56a02', 'username': 'happyfish187', 'password': 'whale', 'salt': 'f69DMP2b', 'md5': 'd2856ae60ff0e028db136ca873819661', 'sha1': '333cce5cc86282027edc6ce4af62506fe7497aae', 'sha256': 'b73e8bb9aec135177c6284a8a94d8c471dc6c8bc4437afca2171d939f689288c'}, 'dob': {'date': '1977-07-21T22:35:02.580Z', 'age': 46}, 'registered': {'date': '2009-02-05T19:38:52.314Z', 'age': 15}, 'phone': '09336017', 'cell': '85303264', 'id': {'name': 'CPR', 'value': '210777-5348'}, 'picture': {'large': 'https://randomuser.me/api/portraits/women/70.jpg', 'medium': 'https://randomuser.me/api/portraits/med/women/70.jpg', 'thumbnail': 'https://randomuser.me/api/portraits/thumb/women/70.jpg'}, 'nat': 'DK'}</msg>
<arg>${json_data['results'][0]}</arg>
<doc>Logs the given message with the given level.</doc>
<status status="PASS" start="2024-05-10T22:14:27.533396" elapsed="0.000417"/>
</kw>
<kw name="Log" owner="BuiltIn">
<msg time="2024-05-10T22:14:27.534231" level="INFO">location</msg>
<arg>${key}</arg>
<doc>Logs the given message with the given level.</doc>
<status status="PASS" start="2024-05-10T22:14:27.534106" elapsed="0.000163"/>
</kw>
<var name="${key}">location</var>
<status status="PASS" start="2024-05-10T22:14:27.532566" elapsed="0.001957"/>
</iter>
<iter>
<kw name="Dictionary Should Contain Key" owner="Collections">
<msg time="2024-05-10T22:14:27.535191" level="INFO">False</msg>
<arg>${json_data['results'][0]}</arg>
<arg>${key}</arg>
<doc>Fails if ``key`` is not found from ``dictionary``.</doc>
<status status="PASS" start="2024-05-10T22:14:27.534809" elapsed="0.000419"/>
</kw>
<kw name="Log" owner="BuiltIn">
<msg time="2024-05-10T22:14:27.535900" level="INFO">{'gender': 'female', 'name': {'title': 'Ms', 'first': 'Tilde', 'last': 'Nielsen'}, 'location': {'street': {'number': 9106, 'name': 'Ridderhatten'}, 'city': 'Esbjerg V', 'state': 'Sjælland', 'country': 'Denmark', 'postcode': 71866, 'coordinates': {'latitude': '-44.9806', 'longitude': '168.7154'}, 'timezone': {'offset': '-2:00', 'description': 'Mid-Atlantic'}}, 'email': 'tilde.nielsen@example.com', 'login': {'uuid': 'f9d6ea2c-a1ef-479a-90f6-4195b0f56a02', 'username': 'happyfish187', 'password': 'whale', 'salt': 'f69DMP2b', 'md5': 'd2856ae60ff0e028db136ca873819661', 'sha1': '333cce5cc86282027edc6ce4af62506fe7497aae', 'sha256': 'b73e8bb9aec135177c6284a8a94d8c471dc6c8bc4437afca2171d939f689288c'}, 'dob': {'date': '1977-07-21T22:35:02.580Z', 'age': 46}, 'registered': {'date': '2009-02-05T19:38:52.314Z', 'age': 15}, 'phone': '09336017', 'cell': '85303264', 'id': {'name': 'CPR', 'value': '210777-5348'}, 'picture': {'large': 'https://randomuser.me/api/portraits/women/70.jpg', 'medium': 'https://randomuser.me/api/portraits/med/women/70.jpg', 'thumbnail': 'https://randomuser.me/api/portraits/thumb/women/70.jpg'}, 'nat': 'DK'}</msg>
<arg>${json_data['results'][0]}</arg>
<doc>Logs the given message with the given level.</doc>
<status status="PASS" start="2024-05-10T22:14:27.535539" elapsed="0.000410"/>
</kw>
<kw name="Log" owner="BuiltIn">
<msg time="2024-05-10T22:14:27.536365" level="INFO">email</msg>
<arg>${key}</arg>
<doc>Logs the given message with the given level.</doc>
<status status="PASS" start="2024-05-10T22:14:27.536240" elapsed="0.000161"/>
</kw>
<var name="${key}">email</var>
<status status="PASS" start="2024-05-10T22:14:27.534697" elapsed="0.001918"/>
</iter>
<iter>
<kw name="Dictionary Should Contain Key" owner="Collections">
<msg time="2024-05-10T22:14:27.537274" level="INFO">False</msg>
<arg>${json_data['results'][0]}</arg>
<arg>${key}</arg>
<doc>Fails if ``key`` is not found from ``dictionary``.</doc>
<status status="PASS" start="2024-05-10T22:14:27.536895" elapsed="0.000415"/>
</kw>
<kw name="Log" owner="BuiltIn">
<msg time="2024-05-10T22:14:27.537979" level="INFO">{'gender': 'female', 'name': {'title': 'Ms', 'first': 'Tilde', 'last': 'Nielsen'}, 'location': {'street': {'number': 9106, 'name': 'Ridderhatten'}, 'city': 'Esbjerg V', 'state': 'Sjælland', 'country': 'Denmark', 'postcode': 71866, 'coordinates': {'latitude': '-44.9806', 'longitude': '168.7154'}, 'timezone': {'offset': '-2:00', 'description': 'Mid-Atlantic'}}, 'email': 'tilde.nielsen@example.com', 'login': {'uuid': 'f9d6ea2c-a1ef-479a-90f6-4195b0f56a02', 'username': 'happyfish187', 'password': 'whale', 'salt': 'f69DMP2b', 'md5': 'd2856ae60ff0e028db136ca873819661', 'sha1': '333cce5cc86282027edc6ce4af62506fe7497aae', 'sha256': 'b73e8bb9aec135177c6284a8a94d8c471dc6c8bc4437afca2171d939f689288c'}, 'dob': {'date': '1977-07-21T22:35:02.580Z', 'age': 46}, 'registered': {'date': '2009-02-05T19:38:52.314Z', 'age': 15}, 'phone': '09336017', 'cell': '85303264', 'id': {'name': 'CPR', 'value': '210777-5348'}, 'picture': {'large': 'https://randomuser.me/api/portraits/women/70.jpg', 'medium': 'https://randomuser.me/api/portraits/med/women/70.jpg', 'thumbnail': 'https://randomuser.me/api/portraits/thumb/women/70.jpg'}, 'nat': 'DK'}</msg>
<arg>${json_data['results'][0]}</arg>
<doc>Logs the given message with the given level.</doc>
<status status="PASS" start="2024-05-10T22:14:27.537610" elapsed="0.000416"/>
</kw>
<kw name="Log" owner="BuiltIn">
<msg time="2024-05-10T22:14:27.538473" level="INFO">login</msg>
<arg>${key}</arg>
<doc>Logs the given message with the given level.</doc>
<status status="PASS" start="2024-05-10T22:14:27.538323" elapsed="0.000187"/>
</kw>
<var name="${key}">login</var>
<status status="PASS" start="2024-05-10T22:14:27.536786" elapsed="0.001936"/>
</iter>
<var>${key}</var>
<value>@{expected_keys}</value>
<status status="PASS" start="2024-05-10T22:14:27.528068" elapsed="0.010772"/>
</for>
<kw name="Create List" owner="BuiltIn">
<msg time="2024-05-10T22:14:27.539208" level="INFO">${expected_keysTwo} = ['username', 'password']</msg>
<var>${expected_keysTwo}</var>
<arg>username</arg>
<arg>password</arg>
<doc>Returns a list containing given items.</doc>
<status status="PASS" start="2024-05-10T22:14:27.539066" elapsed="0.000165"/>
</kw>
<for flavor="IN">
<iter>
<kw name="Dictionary Should Contain Key" owner="Collections">
<msg time="2024-05-10T22:14:27.540105" level="INFO">False</msg>
<arg>${json_data['results'][0]['login']}</arg>
<arg>${keyTwo}</arg>
<doc>Fails if ``key`` is not found from ``dictionary``.</doc>
<status status="PASS" start="2024-05-10T22:14:27.539722" elapsed="0.000419"/>
</kw>
<kw name="Dictionary Should Contain Key" owner="Collections">
<msg time="2024-05-10T22:14:27.540803" level="INFO">False</msg>
<arg>${json_data['results'][0]['login']}</arg>
<arg>${keyTwo}</arg>
<doc>Fails if ``key`` is not found from ``dictionary``.</doc>
<status status="PASS" start="2024-05-10T22:14:27.540431" elapsed="0.000408"/>
</kw>
<kw name="Log" owner="BuiltIn">
<msg time="2024-05-10T22:14:27.541253" level="INFO">username</msg>
<arg>${keyTwo}</arg>
<doc>Logs the given message with the given level.</doc>
<status status="PASS" start="2024-05-10T22:14:27.541128" elapsed="0.000166"/>
</kw>
<var name="${keyTwo}">username</var>
<status status="PASS" start="2024-05-10T22:14:27.539614" elapsed="0.001892"/>
</iter>
<iter>
<kw name="Dictionary Should Contain Key" owner="Collections">
<msg time="2024-05-10T22:14:27.542159" level="INFO">False</msg>
<arg>${json_data['results'][0]['login']}</arg>
<arg>${keyTwo}</arg>
<doc>Fails if ``key`` is not found from ``dictionary``.</doc>
<status status="PASS" start="2024-05-10T22:14:27.541783" elapsed="0.000412"/>
</kw>
<kw name="Dictionary Should Contain Key" owner="Collections">
<msg time="2024-05-10T22:14:27.542968" level="INFO">False</msg>
<arg>${json_data['results'][0]['login']}</arg>
<arg>${keyTwo}</arg>
<doc>Fails if ``key`` is not found from ``dictionary``.</doc>
<status status="PASS" start="2024-05-10T22:14:27.542504" elapsed="0.000503"/>
</kw>
<kw name="Log" owner="BuiltIn">
<msg time="2024-05-10T22:14:27.543428" level="INFO">password</msg>
<arg>${keyTwo}</arg>
<doc>Logs the given message with the given level.</doc>
<status status="PASS" start="2024-05-10T22:14:27.543300" elapsed="0.000165"/>
</kw>
<var name="${keyTwo}">password</var>
<status status="PASS" start="2024-05-10T22:14:27.541676" elapsed="0.002001"/>
</iter>
<var>${keyTwo}</var>
<value>@{expected_keysTwo}</value>
<status status="PASS" start="2024-05-10T22:14:27.539463" elapsed="0.004333"/>
</for>
<status status="PASS" start="2024-05-10T22:14:27.433051" elapsed="0.110885"/>
</kw>
<doc>Testa a estrutura da resposta da API.</doc>
<tag>testeEstruturaResposta</tag>
<status status="PASS" start="2024-05-10T22:14:27.432475" elapsed="0.111616"/>
</test>
<test id="s1-s1-t4" name="Validar tipos de dados" line="28">
<kw name="Teste de Tipos de Dados" owner="random-user-service">
<kw name="GET On Session" owner="RequestsLibrary">
<msg time="2024-05-10T22:14:27.638682" level="INFO">GET Request : url=https://randomuser.me/api 
 path_url=/api 
 headers={'User-Agent': 'python-requests/2.31.0', 'Accept-Encoding': 'gzip, deflate', 'Accept': '*/*', 'Connection': 'keep-alive'} 
 body=None 
 </msg>
<msg time="2024-05-10T22:14:27.638753" level="INFO">GET Response : url=https://randomuser.me/api 
 status=200, reason=OK 
 headers={'Date': 'Fri, 10 May 2024 22:14:27 GMT', 'Content-Type': 'application/json; charset=utf-8', 'Transfer-Encoding': 'chunked', 'Connection': 'keep-alive', 'X-Powered-By': 'Express', 'Access-Control-Allow-Origin': '*', 'Cache-Control': 'no-cache', 'ETag': 'W/"46b-9ohiYwf+kpDClSKB/RoVyS8BD0Y"', 'Vary': 'Accept-Encoding', 'Content-Encoding': 'gzip', 'CF-Cache-Status': 'DYNAMIC', 'Report-To': '{"endpoints":[{"url":"https:\\/\\/a.nel.cloudflare.com\\/report\\/v4?s=l8fW5J9sqGHw3vKcqXIeN2Y45tNGfsddS69ZclmPyI0M6%2FwTrdqKOxy4lUfygWx9xIgh2EBcUjF7jkekOIOHZU5as9ZJKLzRXc49rvT5umCz8cRFDtcY1gIrLJ19i%2Byk"}],"group":"cf-nel","max_age":604800}', 'NEL': '{"success_fraction":0,"report_to":"cf-nel","max_age":604800}', 'Server': 'cloudflare', 'CF-RAY': '881d48462c9d176d-SJC', 'alt-svc': 'h3=":443"; ma=86400'} 
 body={"results":[{"gender":"male","name":{"title":"Mr","first":"Yatin","last":"Raval"},"location":{"street":{"number":4664,"name":"Ashoka Rd"},"city":"Vijayawada","state":"Goa","country":"India","postcode":98081,"coordinates":{"latitude":"6.8247","longitude":"-23.8958"},"timezone":{"offset":"-3:30","description":"Newfoundland"}},"email":"yatin.raval@example.com","login":{"uuid":"fc570f4f-4545-4160-b107-0ebe580b8359","username":"beautifulkoala116","password":"airborne","salt":"qtpwfycE","md5":"e8911cbe0e1e3c24c70df166cd98eeb1","sha1":"6dbeb90e46dda5a9422e3dd6b26345a545cae255","sha256":"58136c2120eff476b88565e8204d32a121dea3cf42dbf3324659e748dcf81132"},"dob":{"date":"1995-03-09T21:30:19.329Z","age":29},"registered":{"date":"2016-05-26T16:39:59.286Z","age":7},"phone":"7507523582","cell":"7256621546","id":{"name":"UIDAI","value":"587338100903"},"picture":{"large":"https://randomuser.me/api/portraits/men/87.jpg","medium":"https://randomuser.me/api/portraits/med/men/87.jpg","thumbnail":"https://randomuser.me/api/portraits/thumb/men/87.jpg"},"nat":"IN"}],"info":{"seed":"cd27799c9a5f2704","results":1,"page":1,"version":"1.4"}} 
 </msg>
<msg time="2024-05-10T22:14:27.638813" level="INFO">/opt/hostedtoolcache/Python/3.12.3/x64/lib/python3.12/site-packages/urllib3/connectionpool.py:1103: InsecureRequestWarning: Unverified HTTPS request is being made to host 'randomuser.me'. Adding certificate verification is strongly advised. See: https://urllib3.readthedocs.io/en/latest/advanced-usage.html#tls-warnings
  warnings.warn(</msg>
<msg time="2024-05-10T22:14:27.638917" level="INFO">${response} = &lt;Response [200]&gt;</msg>
<var>${response}</var>
<arg>consultarAPI</arg>
<arg>/api</arg>
<doc>Sends a GET request on a previously created HTTP Session.</doc>
<status status="PASS" start="2024-05-10T22:14:27.546591" elapsed="0.092365"/>
</kw>
<kw name="Set Variable" owner="BuiltIn">
<msg time="2024-05-10T22:14:27.640023" level="INFO">${json_data} = {'results': [{'gender': 'male', 'name': {'title': 'Mr', 'first': 'Yatin', 'last': 'Raval'}, 'location': {'street': {'number': 4664, 'name': 'Ashoka Rd'}, 'city': 'Vijayawada', 'state': 'Goa', 'country...</msg>
<var>${json_data}</var>
<arg>${response.json()}</arg>
<doc>Returns the given values which can then be assigned to a variables.</doc>
<status status="PASS" start="2024-05-10T22:14:27.639453" elapsed="0.000598"/>
</kw>
<kw name="Log" owner="BuiltIn">
<msg time="2024-05-10T22:14:27.640508" level="INFO">{'results': [{'gender': 'male', 'name': {'title': 'Mr', 'first': 'Yatin', 'last': 'Raval'}, 'location': {'street': {'number': 4664, 'name': 'Ashoka Rd'}, 'city': 'Vijayawada', 'state': 'Goa', 'country': 'India', 'postcode': 98081, 'coordinates': {'latitude': '6.8247', 'longitude': '-23.8958'}, 'timezone': {'offset': '-3:30', 'description': 'Newfoundland'}}, 'email': 'yatin.raval@example.com', 'login': {'uuid': 'fc570f4f-4545-4160-b107-0ebe580b8359', 'username': 'beautifulkoala116', 'password': 'airborne', 'salt': 'qtpwfycE', 'md5': 'e8911cbe0e1e3c24c70df166cd98eeb1', 'sha1': '6dbeb90e46dda5a9422e3dd6b26345a545cae255', 'sha256': '58136c2120eff476b88565e8204d32a121dea3cf42dbf3324659e748dcf81132'}, 'dob': {'date': '1995-03-09T21:30:19.329Z', 'age': 29}, 'registered': {'date': '2016-05-26T16:39:59.286Z', 'age': 7}, 'phone': '7507523582', 'cell': '7256621546', 'id': {'name': 'UIDAI', 'value': '587338100903'}, 'picture': {'large': 'https://randomuser.me/api/portraits/men/87.jpg', 'medium': 'https://randomuser.me/api/portraits/med/men/87.jpg', 'thumbnail': 'https://randomuser.me/api/portraits/thumb/men/87.jpg'}, 'nat': 'IN'}], 'info': {'seed': 'cd27799c9a5f2704', 'results': 1, 'page': 1, 'version': '1.4'}}</msg>
<arg>${json_data}</arg>
<doc>Logs the given message with the given level.</doc>
<status status="PASS" start="2024-05-10T22:14:27.640353" elapsed="0.000201"/>
</kw>
<kw name="Should Be String" owner="String">
<arg>${json_data['results'][0]['gender']}</arg>
<doc>Fails if the given ``item`` is not a string.</doc>
<status status="PASS" start="2024-05-10T22:14:27.640874" elapsed="0.000366"/>
</kw>
<kw name="Should Match Regexp" owner="BuiltIn">
<arg>${json_data['results'][0]['email']}</arg>
<arg>^[a-zA-Z0-9._%+-]+@[a-zA-Z0-9.-]+\.[a-zA-Z]{2,}$</arg>
<doc>Fails if ``string`` does not match ``pattern`` as a regular expression.</doc>
<status status="PASS" start="2024-05-10T22:14:27.641431" elapsed="0.000512"/>
</kw>
<kw name="Should Match Regexp" owner="BuiltIn">
<arg>${json_data['results'][0]['dob']['date']}</arg>
<arg>\\d{4}-\\d{2}-\\d{2}T\\d{2}:\\d{2}:\\d{2}\\.\\d{3}Z</arg>
<doc>Fails if ``string`` does not match ``pattern`` as a regular expression.</doc>
<status status="PASS" start="2024-05-10T22:14:27.642136" elapsed="0.000526"/>
</kw>
<kw name="Should Match Regexp" owner="BuiltIn">
<arg>${json_data['results'][0]['registered']['date']}</arg>
<arg>\\d{4}-\\d{2}-\\d{2}T\\d{2}:\\d{2}:\\d{2}\\.\\d{3}Z</arg>
<doc>Fails if ``string`` does not match ``pattern`` as a regular expression.</doc>
<status status="PASS" start="2024-05-10T22:14:27.642854" elapsed="0.000365"/>
</kw>
<kw name="Should Match Regexp" owner="BuiltIn">
<arg>${json_data['results'][0]['picture']['large']}</arg>
<arg>^https?://.*\.(?:png|jpe?g|gif|bmp)$</arg>
<doc>Fails if ``string`` does not match ``pattern`` as a regular expression.</doc>
<status status="PASS" start="2024-05-10T22:14:27.643402" elapsed="0.000458"/>
</kw>
<kw name="Should Match Regexp" owner="BuiltIn">
<arg>${json_data['results'][0]['picture']['medium']}</arg>
<arg>^https?://.*\.(?:png|jpe?g|gif|bmp)$</arg>
<doc>Fails if ``string`` does not match ``pattern`` as a regular expression.</doc>
<status status="PASS" start="2024-05-10T22:14:27.644045" elapsed="0.000352"/>
</kw>
<kw name="Should Match Regexp" owner="BuiltIn">
<arg>${json_data['results'][0]['picture']['thumbnail']}</arg>
<arg>^https?://.*\.(?:png|jpe?g|gif|bmp)$</arg>
<doc>Fails if ``string`` does not match ``pattern`` as a regular expression.</doc>
<status status="PASS" start="2024-05-10T22:14:27.644584" elapsed="0.000364"/>
</kw>
<kw name="Log" owner="BuiltIn">
<msg time="2024-05-10T22:14:27.645441" level="INFO">{'large': 'https://randomuser.me/api/portraits/men/87.jpg', 'medium': 'https://randomuser.me/api/portraits/med/men/87.jpg', 'thumbnail': 'https://randomuser.me/api/portraits/thumb/men/87.jpg'}</msg>
<arg>${json_data['results'][0]['picture']}</arg>
<doc>Logs the given message with the given level.</doc>
<status status="PASS" start="2024-05-10T22:14:27.645124" elapsed="0.000357"/>
</kw>
<status status="PASS" start="2024-05-10T22:14:27.546360" elapsed="0.099373"/>
</kw>
<kw name="Teste de Tipos de Dados - Postcode" owner="random-user-service">
<kw name="GET On Session" owner="RequestsLibrary">
<msg time="2024-05-10T22:14:27.753388" level="INFO">GET Request : url=https://randomuser.me/api 
 path_url=/api 
 headers={'User-Agent': 'python-requests/2.31.0', 'Accept-Encoding': 'gzip, deflate', 'Accept': '*/*', 'Connection': 'keep-alive'} 
 body=None 
 </msg>
<msg time="2024-05-10T22:14:27.753476" level="INFO">GET Response : url=https://randomuser.me/api 
 status=200, reason=OK 
 headers={'Date': 'Fri, 10 May 2024 22:14:27 GMT', 'Content-Type': 'application/json; charset=utf-8', 'Transfer-Encoding': 'chunked', 'Connection': 'keep-alive', 'X-Powered-By': 'Express', 'Access-Control-Allow-Origin': '*', 'Cache-Control': 'no-cache', 'ETag': 'W/"479-r5X5UtOOvDAighqdG3s2y/cHCMY"', 'Vary': 'Accept-Encoding', 'Content-Encoding': 'gzip', 'CF-Cache-Status': 'DYNAMIC', 'Report-To': '{"endpoints":[{"url":"https:\\/\\/a.nel.cloudflare.com\\/report\\/v4?s=%2Fz9cY0%2Fze0rzLeig9VkxkKBwAmmMbz2MKspmQAV%2BE9%2FsN8zLjt1cgHYJDJuhS4%2BgvOEWesVeQhB3YdUde6BzNX%2B%2B5k%2FkA93uqqA%2BjFR0DE91qbJcyQzN36%2BQCv5B8td5"}],"group":"cf-nel","max_age":604800}', 'NEL': '{"success_fraction":0,"report_to":"cf-nel","max_age":604800}', 'Server': 'cloudflare', 'CF-RAY': '881d4846cd1c176d-SJC', 'alt-svc': 'h3=":443"; ma=86400'} 
 body={"results":[{"gender":"male","name":{"title":"Mr","first":"كيان","last":"محمدخان"},"location":{"street":{"number":3894,"name":"پارک 17 شهریور"},"city":"قدس","state":"لرستان","country":"Iran","postcode":57946,"coordinates":{"latitude":"21.1399","longitude":"-57.3889"},"timezone":{"offset":"+3:30","description":"Tehran"}},"email":"kyn.mhmdkhn@example.com","login":{"uuid":"a996ea98-3b0f-41ab-ba86-d41fe6f52be3","username":"orangegorilla850","password":"payday","salt":"mSc7eNRT","md5":"ee748fac44a70c38eec62fbbee6d8923","sha1":"b493457b133250bf1c6d2b85a75f1a63e5567f2d","sha256":"63e07774f731453d3990c47a3d8773498cdca2cb2b2b08cf0b3beb12ed293965"},"dob":{"date":"1961-02-09T02:19:25.287Z","age":63},"registered":{"date":"2004-03-26T20:13:43.932Z","age":20},"phone":"094-93169233","cell":"0916-918-9170","id":{"name":"","value":null},"picture":{"large":"https://randomuser.me/api/portraits/men/95.jpg","medium":"https://randomuser.me/api/portraits/med/men/95.jpg","thumbnail":"https://randomuser.me/api/portraits/thumb/men/95.jpg"},"nat":"IR"}],"info":{"seed":"4119a75a00b482fa","results":1,"page":1,"version":"1.4"}} 
 </msg>
<msg time="2024-05-10T22:14:27.753556" level="INFO">/opt/hostedtoolcache/Python/3.12.3/x64/lib/python3.12/site-packages/urllib3/connectionpool.py:1103: InsecureRequestWarning: Unverified HTTPS request is being made to host 'randomuser.me'. Adding certificate verification is strongly advised. See: https://urllib3.readthedocs.io/en/latest/advanced-usage.html#tls-warnings
  warnings.warn(</msg>
<msg time="2024-05-10T22:14:27.753675" level="INFO">${response} = &lt;Response [200]&gt;</msg>
<var>${response}</var>
<arg>consultarAPI</arg>
<arg>/api</arg>
<doc>Sends a GET request on a previously created HTTP Session.</doc>
<status status="PASS" start="2024-05-10T22:14:27.646178" elapsed="0.107552"/>
</kw>
<kw name="Set Variable" owner="BuiltIn">
<msg time="2024-05-10T22:14:27.754863" level="INFO">${json_data} = {'results': [{'gender': 'male', 'name': {'title': 'Mr', 'first': 'كيان', 'last': 'محمدخان'}, 'location': {'street': {'number': 3894, 'name': 'پارک 17 شهریور'}, 'city': 'قدس', 'state': 'لرستان', 'count...</msg>
<var>${json_data}</var>
<arg>${response.json()}</arg>
<doc>Returns the given values which can then be assigned to a variables.</doc>
<status status="PASS" start="2024-05-10T22:14:27.754243" elapsed="0.000650"/>
</kw>
<kw name="Log" owner="BuiltIn">
<msg time="2024-05-10T22:14:27.755369" level="INFO">{'results': [{'gender': 'male', 'name': {'title': 'Mr', 'first': 'كيان', 'last': 'محمدخان'}, 'location': {'street': {'number': 3894, 'name': 'پارک 17 شهریور'}, 'city': 'قدس', 'state': 'لرستان', 'country': 'Iran', 'postcode': 57946, 'coordinates': {'latitude': '21.1399', 'longitude': '-57.3889'}, 'timezone': {'offset': '+3:30', 'description': 'Tehran'}}, 'email': 'kyn.mhmdkhn@example.com', 'login': {'uuid': 'a996ea98-3b0f-41ab-ba86-d41fe6f52be3', 'username': 'orangegorilla850', 'password': 'payday', 'salt': 'mSc7eNRT', 'md5': 'ee748fac44a70c38eec62fbbee6d8923', 'sha1': 'b493457b133250bf1c6d2b85a75f1a63e5567f2d', 'sha256': '63e07774f731453d3990c47a3d8773498cdca2cb2b2b08cf0b3beb12ed293965'}, 'dob': {'date': '1961-02-09T02:19:25.287Z', 'age': 63}, 'registered': {'date': '2004-03-26T20:13:43.932Z', 'age': 20}, 'phone': '094-93169233', 'cell': '0916-918-9170', 'id': {'name': '', 'value': None}, 'picture': {'large': 'https://randomuser.me/api/portraits/men/95.jpg', 'medium': 'https://randomuser.me/api/portraits/med/men/95.jpg', 'thumbnail': 'https://randomuser.me/api/portraits/thumb/men/95.jpg'}, 'nat': 'IR'}], 'info': {'seed': '4119a75a00b482fa', 'results': 1, 'page': 1, 'version': '1.4'}}</msg>
<arg>${json_data}</arg>
<doc>Logs the given message with the given level.</doc>
<status status="PASS" start="2024-05-10T22:14:27.755214" elapsed="0.000204"/>
</kw>
<kw name="Should Be Equal As Numbers" owner="BuiltIn">
<arg>${json_data['results'][0]['location']['postcode']}</arg>
<arg>${json_data['results'][0]['location']['postcode']}</arg>
<doc>Fails if objects are unequal after converting them to real numbers.</doc>
<status status="PASS" start="2024-05-10T22:14:27.755715" elapsed="0.000762"/>
</kw>
<kw name="Log" owner="BuiltIn">
<msg time="2024-05-10T22:14:27.757042" level="INFO">57946</msg>
<arg>${json_data['results'][0]['location']['postcode']}</arg>
<doc>Logs the given message with the given level.</doc>
<status status="PASS" start="2024-05-10T22:14:27.756704" elapsed="0.000377"/>
</kw>
<status status="PASS" start="2024-05-10T22:14:27.645953" elapsed="0.111378"/>
</kw>
<doc>Testa se os tipos de dados na resposta da API estão corretos.</doc>
<tag>testeTiposDados</tag>
<status status="PASS" start="2024-05-10T22:14:27.545890" elapsed="0.211604"/>
</test>
<test id="s1-s1-t5" name="Validar conteudo" line="35">
<kw name="Teste de Tipos de Conteudo" owner="random-user-service">
<kw name="GET On Session" owner="RequestsLibrary">
<msg time="2024-05-10T22:14:27.850244" level="INFO">GET Request : url=https://randomuser.me/api 
 path_url=/api 
 headers={'User-Agent': 'python-requests/2.31.0', 'Accept-Encoding': 'gzip, deflate', 'Accept': '*/*', 'Connection': 'keep-alive'} 
 body=None 
 </msg>
<msg time="2024-05-10T22:14:27.850383" level="INFO">GET Response : url=https://randomuser.me/api 
 status=200, reason=OK 
 headers={'Date': 'Fri, 10 May 2024 22:14:27 GMT', 'Content-Type': 'application/json; charset=utf-8', 'Transfer-Encoding': 'chunked', 'Connection': 'keep-alive', 'X-Powered-By': 'Express', 'Access-Control-Allow-Origin': '*', 'Cache-Control': 'no-cache', 'ETag': 'W/"490-clEJbdUQPz18gE9kWeD3dg/u8qw"', 'Vary': 'Accept-Encoding', 'Content-Encoding': 'gzip', 'CF-Cache-Status': 'DYNAMIC', 'Report-To': '{"endpoints":[{"url":"https:\\/\\/a.nel.cloudflare.com\\/report\\/v4?s=gh2TMR1xJK9SuQtRchpj9n3MXNgng2YruyRl%2FcsYEW4wzwa8WfUBUukIjnAnXlr3umZAEieMY6FqwcQS%2FzW5BoiShBtDXk6DypGi0gTQRG9XE4dswTOWho4kkUB5xLYa"}],"group":"cf-nel","max_age":604800}', 'NEL': '{"success_fraction":0,"report_to":"cf-nel","max_age":604800}', 'Server': 'cloudflare', 'CF-RAY': '881d48478def176d-SJC', 'alt-svc': 'h3=":443"; ma=86400'} 
 body={"results":[{"gender":"male","name":{"title":"Mr","first":"Daniel","last":"Fowler"},"location":{"street":{"number":7008,"name":"Lakeview St"},"city":"Coffs Harbour","state":"Victoria","country":"Australia","postcode":4564,"coordinates":{"latitude":"-84.4025","longitude":"-111.2947"},"timezone":{"offset":"+4:00","description":"Abu Dhabi, Muscat, Baku, Tbilisi"}},"email":"daniel.fowler@example.com","login":{"uuid":"34ab74de-25af-482e-9359-02e3f084a3de","username":"greenmeercat126","password":"chelsea1","salt":"jwP8Fi32","md5":"2b2669eb370445451fc5ae71ad74300c","sha1":"ed6004357c4a1526748b2c07022a70fac3b72c37","sha256":"27412eba9f733d530ae54c92a6552f2f2f0230aa483f2a59e9fc2908143eb71e"},"dob":{"date":"1952-10-28T20:50:51.225Z","age":71},"registered":{"date":"2019-12-20T08:54:08.506Z","age":4},"phone":"09-0536-2890","cell":"0476-448-252","id":{"name":"TFN","value":"147766886"},"picture":{"large":"https://randomuser.me/api/portraits/men/21.jpg","medium":"https://randomuser.me/api/portraits/med/men/21.jpg","thumbnail":"https://randomuser.me/api/portraits/thumb/men/21.jpg"},"nat":"AU"}],"info":{"seed":"06932f6f29ac3a0d","results":1,"page":1,"version":"1.4"}} 
 </msg>
<msg time="2024-05-10T22:14:27.850472" level="INFO">/opt/hostedtoolcache/Python/3.12.3/x64/lib/python3.12/site-packages/urllib3/connectionpool.py:1103: InsecureRequestWarning: Unverified HTTPS request is being made to host 'randomuser.me'. Adding certificate verification is strongly advised. See: https://urllib3.readthedocs.io/en/latest/advanced-usage.html#tls-warnings
  warnings.warn(</msg>
<msg time="2024-05-10T22:14:27.850603" level="INFO">${response} = &lt;Response [200]&gt;</msg>
<var>${response}</var>
<arg>consultarAPI</arg>
<arg>/api</arg>
<doc>Sends a GET request on a previously created HTTP Session.</doc>
<status status="PASS" start="2024-05-10T22:14:27.760339" elapsed="0.090317"/>
</kw>
<kw name="Set Variable" owner="BuiltIn">
<msg time="2024-05-10T22:14:27.851847" level="INFO">${json_data} = {'results': [{'gender': 'male', 'name': {'title': 'Mr', 'first': 'Daniel', 'last': 'Fowler'}, 'location': {'street': {'number': 7008, 'name': 'Lakeview St'}, 'city': 'Coffs Harbour', 'state': 'Victori...</msg>
<var>${json_data}</var>
<arg>${response.json()}</arg>
<doc>Returns the given values which can then be assigned to a variables.</doc>
<status status="PASS" start="2024-05-10T22:14:27.851268" elapsed="0.000607"/>
</kw>
<kw name="Set Variable" owner="BuiltIn">
<msg time="2024-05-10T22:14:27.852564" level="INFO">${name_title} = Mr</msg>
<var>${name_title}</var>
<arg>${json_data["results"][0]["name"]["title"]}</arg>
<doc>Returns the given values which can then be assigned to a variables.</doc>
<status status="PASS" start="2024-05-10T22:14:27.852184" elapsed="0.000405"/>
</kw>
<kw name="Create List" owner="BuiltIn">
<msg time="2024-05-10T22:14:27.853028" level="INFO">${allowed_titles} = ['Mr', 'Ms', 'Miss', 'Mrs', 'Madame', 'Monsieur']</msg>
<var>${allowed_titles}</var>
<arg>Mr</arg>
<arg>Ms</arg>
<arg>Miss</arg>
<arg>Mrs</arg>
<arg>Madame</arg>
<arg>Monsieur</arg>
<doc>Returns a list containing given items.</doc>
<status status="PASS" start="2024-05-10T22:14:27.852884" elapsed="0.000168"/>
</kw>
<kw name="List Should Contain Value" owner="Collections">
<msg time="2024-05-10T22:14:27.853521" level="INFO">False</msg>
<arg>${allowed_titles}</arg>
<arg>${name_title}</arg>
<doc>Fails if the ``value`` is not found from ``list``.</doc>
<status status="PASS" start="2024-05-10T22:14:27.853351" elapsed="0.000206"/>
</kw>
<kw name="Set Variable" owner="BuiltIn">
<msg time="2024-05-10T22:14:27.854218" level="INFO">${name_country} = AU</msg>
<var>${name_country}</var>
<arg>${json_data["results"][0]["nat"]}</arg>
<doc>Returns the given values which can then be assigned to a variables.</doc>
<status status="PASS" start="2024-05-10T22:14:27.853846" elapsed="0.000396"/>
</kw>
<kw name="Create List" owner="BuiltIn">
<msg time="2024-05-10T22:14:27.855160" level="INFO">${list_country} = ['AD', 'AE', 'AF', 'AG', 'AI', 'AL', 'AM', 'AO', 'AQ', 'AR', 'AS', 'AT', 'AU', 'AW', 'AX', 'AZ', 'BA', 'BB', 'BD', 'BE', 'BF', 'BG', 'BH', 'BI', 'BJ', 'BL', 'BM', 'BN', 'BO', 'BQ', 'BR', 'BS', 'BT', '...</msg>
<var>${list_country}</var>
<arg>AD</arg>
<arg>AE</arg>
<arg>AF</arg>
<arg>AG</arg>
<arg>AI</arg>
<arg>AL</arg>
<arg>AM</arg>
<arg>AO</arg>
<arg>AQ</arg>
<arg>AR</arg>
<arg>AS</arg>
<arg>AT</arg>
<arg>AU</arg>
<arg>AW</arg>
<arg>AX</arg>
<arg>AZ</arg>
<arg>BA</arg>
<arg>BB</arg>
<arg>BD</arg>
<arg>BE</arg>
<arg>BF</arg>
<arg>BG</arg>
<arg>BH</arg>
<arg>BI</arg>
<arg>BJ</arg>
<arg>BL</arg>
<arg>BM</arg>
<arg>BN</arg>
<arg>BO</arg>
<arg>BQ</arg>
<arg>BR</arg>
<arg>BS</arg>
<arg>BT</arg>
<arg>BV</arg>
<arg>BW</arg>
<arg>BY</arg>
<arg>BZ</arg>
<arg>CA</arg>
<arg>CC</arg>
<arg>CD</arg>
<arg>CF</arg>
<arg>CG</arg>
<arg>CH</arg>
<arg>CI</arg>
<arg>CK</arg>
<arg>CL</arg>
<arg>CM</arg>
<arg>CN</arg>
<arg>CO</arg>
<arg>CR</arg>
<arg>CU</arg>
<arg>CV</arg>
<arg>CW</arg>
<arg>CX</arg>
<arg>CY</arg>
<arg>CZ</arg>
<arg>DE</arg>
<arg>DJ</arg>
<arg>DK</arg>
<arg>DM</arg>
<arg>DO</arg>
<arg>DZ</arg>
<arg>EC</arg>
<arg>EE</arg>
<arg>EG</arg>
<arg>EH</arg>
<arg>ER</arg>
<arg>ES</arg>
<arg>ET</arg>
<arg>FI</arg>
<arg>FJ</arg>
<arg>FK</arg>
<arg>FM</arg>
<arg>FO</arg>
<arg>FR</arg>
<arg>GA</arg>
<arg>GB</arg>
<arg>GD</arg>
<arg>GE</arg>
<arg>GF</arg>
<arg>GG</arg>
<arg>GH</arg>
<arg>GI</arg>
<arg>GL</arg>
<arg>GM</arg>
<arg>GN</arg>
<arg>GP</arg>
<arg>GQ</arg>
<arg>GR</arg>
<arg>GS</arg>
<arg>GT</arg>
<arg>GU</arg>
<arg>GW</arg>
<arg>GY</arg>
<arg>HK</arg>
<arg>HM</arg>
<arg>HN</arg>
<arg>HR</arg>
<arg>HT</arg>
<arg>HU</arg>
<arg>ID</arg>
<arg>IE</arg>
<arg>IL</arg>
<arg>IM</arg>
<arg>IN</arg>
<arg>IO</arg>
<arg>IQ</arg>
<arg>IR</arg>
<arg>IS</arg>
<arg>IT</arg>
<arg>JE</arg>
<arg>JM</arg>
<arg>JO</arg>
<arg>JP</arg>
<arg>KE</arg>
<arg>KG</arg>
<arg>KH</arg>
<arg>KI</arg>
<arg>KM</arg>
<arg>KN</arg>
<arg>KP</arg>
<arg>KR</arg>
<arg>KW</arg>
<arg>KY</arg>
<arg>KZ</arg>
<arg>LA</arg>
<arg>LB</arg>
<arg>LC</arg>
<arg>LI</arg>
<arg>LK</arg>
<arg>LR</arg>
<arg>LS</arg>
<arg>LT</arg>
<arg>LU</arg>
<arg>LV</arg>
<arg>LY</arg>
<arg>MA</arg>
<arg>MC</arg>
<arg>MD</arg>
<arg>ME</arg>
<arg>MF</arg>
<arg>MG</arg>
<arg>MH</arg>
<arg>MK</arg>
<arg>ML</arg>
<arg>MM</arg>
<arg>MN</arg>
<arg>MO</arg>
<arg>MP</arg>
<arg>MQ</arg>
<arg>MR</arg>
<arg>MS</arg>
<arg>MT</arg>
<arg>MU</arg>
<arg>MV</arg>
<arg>MW</arg>
<arg>MX</arg>
<arg>MY</arg>
<arg>MZ</arg>
<arg>NA</arg>
<arg>NC</arg>
<arg>NE</arg>
<arg>NF</arg>
<arg>NG</arg>
<arg>NI</arg>
<arg>NL</arg>
<arg>NO</arg>
<arg>NP</arg>
<arg>NR</arg>
<arg>NU</arg>
<arg>NZ</arg>
<arg>OM</arg>
<arg>PA</arg>
<arg>PE</arg>
<arg>PF</arg>
<arg>PG</arg>
<arg>PH</arg>
<arg>PK</arg>
<arg>PL</arg>
<arg>PM</arg>
<arg>PN</arg>
<arg>PR</arg>
<arg>PS</arg>
<arg>PT</arg>
<arg>PW</arg>
<arg>PY</arg>
<arg>QA</arg>
<arg>RE</arg>
<arg>RO</arg>
<arg>RS</arg>
<arg>RU</arg>
<arg>RW</arg>
<arg>SA</arg>
<arg>SB</arg>
<arg>SC</arg>
<arg>SD</arg>
<arg>SE</arg>
<arg>SG</arg>
<arg>SH</arg>
<arg>SI</arg>
<arg>SJ</arg>
<arg>SK</arg>
<arg>SL</arg>
<arg>SM</arg>
<arg>SN</arg>
<arg>SO</arg>
<arg>SR</arg>
<arg>SS</arg>
<arg>ST</arg>
<arg>SV</arg>
<arg>SX</arg>
<arg>SY</arg>
<arg>SZ</arg>
<arg>TC</arg>
<arg>TD</arg>
<arg>TF</arg>
<arg>TG</arg>
<arg>TH</arg>
<arg>TJ</arg>
<arg>TK</arg>
<arg>TL</arg>
<arg>TM</arg>
<arg>TN</arg>
<arg>TO</arg>
<arg>TR</arg>
<arg>TT</arg>
<arg>TV</arg>
<arg>TW</arg>
<arg>TZ</arg>
<arg>UA</arg>
<arg>UG</arg>
<arg>UM</arg>
<arg>US</arg>
<arg>UY</arg>
<arg>UZ</arg>
<arg>VA</arg>
<arg>VC</arg>
<arg>VE</arg>
<arg>VG</arg>
<arg>VI</arg>
<arg>VN</arg>
<arg>VU</arg>
<arg>WF</arg>
<arg>WS</arg>
<arg>XK</arg>
<arg>YE</arg>
<arg>YT</arg>
<arg>ZA</arg>
<arg>ZM</arg>
<arg>ZW</arg>
<doc>Returns a list containing given items.</doc>
<status status="PASS" start="2024-05-10T22:14:27.854581" elapsed="0.000604"/>
</kw>
<kw name="List Should Contain Value" owner="Collections">
<msg time="2024-05-10T22:14:27.856167" level="INFO">False</msg>
<arg>${list_country}</arg>
<arg>${name_country}</arg>
<doc>Fails if the ``value`` is not found from ``list``.</doc>
<status status="PASS" start="2024-05-10T22:14:27.855972" elapsed="0.000231"/>
</kw>
<kw name="Run Keyword If" owner="BuiltIn">
<kw name="Should Be True" owner="BuiltIn">
<arg>${True}</arg>
<doc>Fails if the given condition is not true.</doc>
<status status="PASS" start="2024-05-10T22:14:27.857262" elapsed="0.000141"/>
</kw>
<arg>${json_data["results"][0]["location"]["coordinates"]["latitude"]} &gt;= -90 and ${json_data["results"][0]["location"]["coordinates"]["latitude"]} &lt;= 90</arg>
<arg>Should Be True</arg>
<arg>${True}</arg>
<doc>Runs the given keyword with the given arguments, if ``condition`` is true.</doc>
<status status="PASS" start="2024-05-10T22:14:27.856514" elapsed="0.001013"/>
</kw>
<kw name="Run Keyword If" owner="BuiltIn">
<kw name="Should Be True" owner="BuiltIn">
<arg>${True}</arg>
<doc>Fails if the given condition is not true.</doc>
<status status="PASS" start="2024-05-10T22:14:27.858431" elapsed="0.000248"/>
</kw>
<arg>${json_data["results"][0]["location"]["coordinates"]["longitude"]} &gt;= -180 and ${json_data["results"][0]["location"]["coordinates"]["longitude"]} &lt;= 180</arg>
<arg>Should Be True</arg>
<arg>${True}</arg>
<doc>Runs the given keyword with the given arguments, if ``condition`` is true.</doc>
<status status="PASS" start="2024-05-10T22:14:27.857711" elapsed="0.001094"/>
</kw>
<status status="PASS" start="2024-05-10T22:14:27.759968" elapsed="0.098969"/>
</kw>
<doc>Testa o conteúdo específico dos campos retornados pela API.</doc>
<tag>testeConteudo</tag>
<status status="PASS" start="2024-05-10T22:14:27.759306" elapsed="0.099780"/>
</test>
<status status="PASS" start="2024-05-10T22:14:26.979355" elapsed="0.881722"/>
</suite>
<status status="PASS" start="2024-05-10T22:14:26.965860" elapsed="0.900347"/>
</suite>
<statistics>
<total>
<stat pass="5" fail="0" skip="0">All Tests</stat>
</total>
<tag>
<stat pass="1" fail="0" skip="0">testeConteudo</stat>
<stat pass="1" fail="0" skip="0">testeEstruturaResposta</stat>
<stat pass="1" fail="0" skip="0">testeRequisicaoBasica</stat>
<stat pass="1" fail="0" skip="0">testeTiposDados</stat>
</tag>
<suite>
<stat pass="5" fail="0" skip="0" id="s1" name="Tests">Tests</stat>
<stat pass="5" fail="0" skip="0" id="s1-s1" name="Random-User-Test">Tests.Random-User-Test</stat>
</suite>
</statistics>
<errors>
</errors>
</robot>
