<?xml version="1.0" encoding="UTF-8"?>
<robot generator="Robot 7.0 (Python 3.12.3 on linux)" generated="2024-06-07T20:15:20.779072" rpa="false" schemaversion="5">
<suite id="s1" name="Tests" source="/home/runner/work/ApiRandomUser/ApiRandomUser/RamdonUser/tests">
<suite id="s1-s1" name="Random-User-Test" source="/home/runner/work/ApiRandomUser/ApiRandomUser/RamdonUser/tests/random-user-test.robot">
<test id="s1-s1-t1" name="Conectar" line="13">
<kw name="Conectar API" owner="random-user-service">
<kw name="Create Session" owner="RequestsLibrary">
<msg time="2024-06-07T20:15:21.181504" level="INFO">Creating Session using : alias=consultarAPI, url=https://randomuser.me/, headers={},                     cookies={}, auth=None, timeout=None, proxies=None, verify=False,                     debug=0 </msg>
<arg>consultarAPI</arg>
<arg>${URL}</arg>
<doc>Create Session: create a HTTP session to a server</doc>
<status status="PASS" start="2024-06-07T20:15:21.181289" elapsed="0.000407"/>
</kw>
<status status="PASS" start="2024-06-07T20:15:21.180207" elapsed="0.001869"/>
</kw>
<status status="PASS" start="2024-06-07T20:15:21.179542" elapsed="0.002735"/>
</test>
<test id="s1-s1-t2" name="Validar retorno 200 e JSON Válido" line="16">
<kw name="Teste de Requisicao Basica" owner="random-user-service">
<kw name="GET On Session" owner="RequestsLibrary">
<msg time="2024-06-07T20:15:21.375396" level="INFO">GET Request : url=https://randomuser.me/api 
 path_url=/api 
 headers={'User-Agent': 'python-requests/2.32.3', 'Accept-Encoding': 'gzip, deflate', 'Accept': '*/*', 'Connection': 'keep-alive'} 
 body=None 
 </msg>
<msg time="2024-06-07T20:15:21.375556" level="INFO">GET Response : url=https://randomuser.me/api 
 status=200, reason=OK 
 headers={'Date': 'Fri, 07 Jun 2024 20:15:21 GMT', 'Content-Type': 'application/json; charset=utf-8', 'Transfer-Encoding': 'chunked', 'Connection': 'keep-alive', 'X-Powered-By': 'Express', 'Access-Control-Allow-Origin': '*', 'Cache-Control': 'no-cache', 'ETag': 'W/"4a5-sVrW0hB1jFT8YhrnH8DdSc1xe6s"', 'Vary': 'Accept-Encoding', 'Content-Encoding': 'gzip', 'CF-Cache-Status': 'DYNAMIC', 'Report-To': '{"endpoints":[{"url":"https:\\/\\/a.nel.cloudflare.com\\/report\\/v4?s=bR0cfdy1OCrNGGpXtsGZTZImIAocMw4U%2FqX9RqGTIgOOs4Bj1qPx9s0w5ZZCDlB5EMxZsQ5BH%2FXk8QcmAUvt9Eu%2FqlvwMdDQClVHMwgT1sxs5CKNZd3oiYn5RWTsunO8"}],"group":"cf-nel","max_age":604800}', 'NEL': '{"success_fraction":0,"report_to":"cf-nel","max_age":604800}', 'Server': 'cloudflare', 'CF-RAY': '8903504e4ffde249-ORD', 'alt-svc': 'h3=":443"; ma=86400'} 
 body={"results":[{"gender":"male","name":{"title":"Mr","first":"Julian","last":"Ocampo"},"location":{"street":{"number":6882,"name":"Continuación Mares"},"city":"San Rafael de Arriba","state":"Coahuila","country":"Mexico","postcode":14526,"coordinates":{"latitude":"28.2125","longitude":"-122.5890"},"timezone":{"offset":"-3:00","description":"Brazil, Buenos Aires, Georgetown"}},"email":"julian.ocampo@example.com","login":{"uuid":"995b7c30-3be7-4933-ad2c-6cb92a1d1dd2","username":"bluepeacock492","password":"spitfire","salt":"oT6CJnnP","md5":"bd251226f2a2f7d2b984565054f5d13c","sha1":"3719d317c35db4a50be5d2ac84b49129a58ff4ff","sha256":"974d3f9469238cad25f2d636a961ad403d8c1573e55ac1bcca5d45e870838d58"},"dob":{"date":"1988-04-28T00:39:25.001Z","age":36},"registered":{"date":"2017-01-22T11:35:52.178Z","age":7},"phone":"(616) 181 8814","cell":"(612) 784 3197","id":{"name":"NSS","value":"94 81 43 2373 7"},"picture":{"large":"https://randomuser.me/api/portraits/men/58.jpg","medium":"https://randomuser.me/api/portraits/med/men/58.jpg","thumbnail":"https://randomuser.me/api/portraits/thumb/men/58.jpg"},"nat":"MX"}],"info":{"seed":"9999177c8d6d3a3c","results":1,"page":1,"version":"1.4"}} 
 </msg>
<msg time="2024-06-07T20:15:21.375673" level="INFO">/opt/hostedtoolcache/Python/3.12.3/x64/lib/python3.12/site-packages/urllib3/connectionpool.py:1103: InsecureRequestWarning: Unverified HTTPS request is being made to host 'randomuser.me'. Adding certificate verification is strongly advised. See: https://urllib3.readthedocs.io/en/latest/advanced-usage.html#tls-warnings
  warnings.warn(</msg>
<msg time="2024-06-07T20:15:21.375833" level="INFO">${response} = &lt;Response [200]&gt;</msg>
<var>${response}</var>
<arg>consultarAPI</arg>
<arg>/api</arg>
<doc>Sends a GET request on a previously created HTTP Session.</doc>
<status status="PASS" start="2024-06-07T20:15:21.185028" elapsed="0.190837"/>
</kw>
<kw name="Should Be Equal As Numbers" owner="BuiltIn">
<msg time="2024-06-07T20:15:21.376866" level="INFO">Argument types are:
&lt;class 'int'&gt;
&lt;class 'str'&gt;</msg>
<arg>${response.status_code}</arg>
<arg>200</arg>
<doc>Fails if objects are unequal after converting them to real numbers.</doc>
<status status="PASS" start="2024-06-07T20:15:21.376393" elapsed="0.000543"/>
</kw>
<kw name="Log" owner="BuiltIn">
<msg time="2024-06-07T20:15:21.377689" level="INFO">200</msg>
<arg>${response.status_code}</arg>
<doc>Logs the given message with the given level.</doc>
<status status="PASS" start="2024-06-07T20:15:21.377322" elapsed="0.000417"/>
</kw>
<kw name="Set Variable" owner="BuiltIn">
<msg time="2024-06-07T20:15:21.378520" level="INFO">${json_data} = {'results': [{'gender': 'male', 'name': {'title': 'Mr', 'first': 'Julian', 'last': 'Ocampo'}, 'location': {'street': {'number': 6882, 'name': 'Continuación Mares'}, 'city': 'San Rafael de Arriba', 'st...</msg>
<var>${json_data}</var>
<arg>${response.json()}</arg>
<doc>Returns the given values which can then be assigned to a variables.</doc>
<status status="PASS" start="2024-06-07T20:15:21.378066" elapsed="0.000484"/>
</kw>
<kw name="Dictionary Should Contain Key" owner="Collections">
<msg time="2024-06-07T20:15:21.379037" level="INFO">False</msg>
<arg>${json_data}</arg>
<arg>results</arg>
<doc>Fails if ``key`` is not found from ``dictionary``.</doc>
<status status="PASS" start="2024-06-07T20:15:21.378867" elapsed="0.000378"/>
</kw>
<status status="PASS" start="2024-06-07T20:15:21.184772" elapsed="0.194746"/>
</kw>
<doc>Testa se a API responde corretamente e retorna um objeto JSON válido.</doc>
<tag>testeRequisicaoBasica</tag>
<status status="PASS" start="2024-06-07T20:15:21.184228" elapsed="0.195529"/>
</test>
<test id="s1-s1-t3" name="Validar estrutura de resposta" line="22">
<kw name="Teste de Estrutura de Resposta" owner="random-user-service">
<kw name="GET On Session" owner="RequestsLibrary">
<msg time="2024-06-07T20:15:21.474187" level="INFO">GET Request : url=https://randomuser.me/api 
 path_url=/api 
 headers={'User-Agent': 'python-requests/2.32.3', 'Accept-Encoding': 'gzip, deflate', 'Accept': '*/*', 'Connection': 'keep-alive'} 
 body=None 
 </msg>
<msg time="2024-06-07T20:15:21.474293" level="INFO">GET Response : url=https://randomuser.me/api 
 status=200, reason=OK 
 headers={'Date': 'Fri, 07 Jun 2024 20:15:21 GMT', 'Content-Type': 'application/json; charset=utf-8', 'Transfer-Encoding': 'chunked', 'Connection': 'keep-alive', 'X-Powered-By': 'Express', 'Access-Control-Allow-Origin': '*', 'Cache-Control': 'no-cache', 'ETag': 'W/"493-VwI960NbRbZ72YZ9LGtAy5Dr0IY"', 'Vary': 'Accept-Encoding', 'Content-Encoding': 'gzip', 'CF-Cache-Status': 'DYNAMIC', 'Report-To': '{"endpoints":[{"url":"https:\\/\\/a.nel.cloudflare.com\\/report\\/v4?s=9kxrojjS5KHnUA%2F1MHtvDH7dOwq6y2YKW9SHat7g%2B%2BhfuwjhtnIIqfKqVEPdAk320sNSXVpkdz%2FRBp16neBxZJ6e3tddieICOYYidC4DGilsEGoy21JdV87WbPWEC9Fo"}],"group":"cf-nel","max_age":604800}', 'NEL': '{"success_fraction":0,"report_to":"cf-nel","max_age":604800}', 'Server': 'cloudflare', 'CF-RAY': '8903504ea862e249-ORD', 'alt-svc': 'h3=":443"; ma=86400'} 
 body={"results":[{"gender":"female","name":{"title":"Ms","first":"Clara","last":"Ross"},"location":{"street":{"number":205,"name":"Lakeview Ave"},"city":"Melbourne","state":"Saskatchewan","country":"Canada","postcode":"S8I 9B9","coordinates":{"latitude":"-66.3326","longitude":"113.4861"},"timezone":{"offset":"+1:00","description":"Brussels, Copenhagen, Madrid, Paris"}},"email":"clara.ross@example.com","login":{"uuid":"5cb7099d-2637-4d93-9714-53791908a15e","username":"crazygoose281","password":"alfredo","salt":"zoE1JoYD","md5":"f4fdb5f8ca18c783508f8a752820f1d5","sha1":"7bf96aaff42fde2036853ff1298ae55a66e842ee","sha256":"704e5030aa9ff504304d6fab2509bd0a18ea9af16c300ea183854d2806611913"},"dob":{"date":"1970-05-31T01:24:37.029Z","age":54},"registered":{"date":"2014-08-12T14:29:43.536Z","age":9},"phone":"O05 Q13-8741","cell":"N31 A17-4081","id":{"name":"SIN","value":"911241297"},"picture":{"large":"https://randomuser.me/api/portraits/women/10.jpg","medium":"https://randomuser.me/api/portraits/med/women/10.jpg","thumbnail":"https://randomuser.me/api/portraits/thumb/women/10.jpg"},"nat":"CA"}],"info":{"seed":"ed022e8dbbe3060c","results":1,"page":1,"version":"1.4"}} 
 </msg>
<msg time="2024-06-07T20:15:21.474422" level="INFO">/opt/hostedtoolcache/Python/3.12.3/x64/lib/python3.12/site-packages/urllib3/connectionpool.py:1103: InsecureRequestWarning: Unverified HTTPS request is being made to host 'randomuser.me'. Adding certificate verification is strongly advised. See: https://urllib3.readthedocs.io/en/latest/advanced-usage.html#tls-warnings
  warnings.warn(</msg>
<msg time="2024-06-07T20:15:21.474576" level="INFO">${response} = &lt;Response [200]&gt;</msg>
<var>${response}</var>
<arg>consultarAPI</arg>
<arg>/api</arg>
<doc>Sends a GET request on a previously created HTTP Session.</doc>
<status status="PASS" start="2024-06-07T20:15:21.382415" elapsed="0.092205"/>
</kw>
<kw name="Set Variable" owner="BuiltIn">
<msg time="2024-06-07T20:15:21.475755" level="INFO">${json_data} = {'results': [{'gender': 'female', 'name': {'title': 'Ms', 'first': 'Clara', 'last': 'Ross'}, 'location': {'street': {'number': 205, 'name': 'Lakeview Ave'}, 'city': 'Melbourne', 'state': 'Saskatchewan...</msg>
<var>${json_data}</var>
<arg>${response.json()}</arg>
<doc>Returns the given values which can then be assigned to a variables.</doc>
<status status="PASS" start="2024-06-07T20:15:21.475161" elapsed="0.000625"/>
</kw>
<kw name="Log" owner="BuiltIn">
<msg time="2024-06-07T20:15:21.476295" level="INFO">{'results': [{'gender': 'female', 'name': {'title': 'Ms', 'first': 'Clara', 'last': 'Ross'}, 'location': {'street': {'number': 205, 'name': 'Lakeview Ave'}, 'city': 'Melbourne', 'state': 'Saskatchewan', 'country': 'Canada', 'postcode': 'S8I 9B9', 'coordinates': {'latitude': '-66.3326', 'longitude': '113.4861'}, 'timezone': {'offset': '+1:00', 'description': 'Brussels, Copenhagen, Madrid, Paris'}}, 'email': 'clara.ross@example.com', 'login': {'uuid': '5cb7099d-2637-4d93-9714-53791908a15e', 'username': 'crazygoose281', 'password': 'alfredo', 'salt': 'zoE1JoYD', 'md5': 'f4fdb5f8ca18c783508f8a752820f1d5', 'sha1': '7bf96aaff42fde2036853ff1298ae55a66e842ee', 'sha256': '704e5030aa9ff504304d6fab2509bd0a18ea9af16c300ea183854d2806611913'}, 'dob': {'date': '1970-05-31T01:24:37.029Z', 'age': 54}, 'registered': {'date': '2014-08-12T14:29:43.536Z', 'age': 9}, 'phone': 'O05 Q13-8741', 'cell': 'N31 A17-4081', 'id': {'name': 'SIN', 'value': '911241297'}, 'picture': {'large': 'https://randomuser.me/api/portraits/women/10.jpg', 'medium': 'https://randomuser.me/api/portraits/med/women/10.jpg', 'thumbnail': 'https://randomuser.me/api/portraits/thumb/women/10.jpg'}, 'nat': 'CA'}], 'info': {'seed': 'ed022e8dbbe3060c', 'results': 1, 'page': 1, 'version': '1.4'}}</msg>
<arg>${json_data}</arg>
<doc>Logs the given message with the given level.</doc>
<status status="PASS" start="2024-06-07T20:15:21.476130" elapsed="0.000213"/>
</kw>
<kw name="Dictionary Should Contain Key" owner="Collections">
<msg time="2024-06-07T20:15:21.476819" level="INFO">False</msg>
<arg>${json_data}</arg>
<arg>results</arg>
<doc>Fails if ``key`` is not found from ``dictionary``.</doc>
<status status="PASS" start="2024-06-07T20:15:21.476653" elapsed="0.000203"/>
</kw>
<kw name="Should Not Be Empty" owner="BuiltIn">
<msg time="2024-06-07T20:15:21.477289" level="INFO">Length is 2.</msg>
<arg>${json_data}</arg>
<doc>Verifies that the given item is not empty.</doc>
<status status="PASS" start="2024-06-07T20:15:21.477156" elapsed="0.000171"/>
</kw>
<kw name="Create List" owner="BuiltIn">
<msg time="2024-06-07T20:15:21.477778" level="INFO">${expected_keys} = ['gender', 'name', 'location', 'email', 'login']</msg>
<var>${expected_keys}</var>
<arg>gender</arg>
<arg>name</arg>
<arg>location</arg>
<arg>email</arg>
<arg>login</arg>
<doc>Returns a list containing given items.</doc>
<status status="PASS" start="2024-06-07T20:15:21.477628" elapsed="0.000174"/>
</kw>
<for flavor="IN">
<iter>
<kw name="Dictionary Should Contain Key" owner="Collections">
<msg time="2024-06-07T20:15:21.478808" level="INFO">False</msg>
<arg>${json_data['results'][0]}</arg>
<arg>${key}</arg>
<doc>Fails if ``key`` is not found from ``dictionary``.</doc>
<status status="PASS" start="2024-06-07T20:15:21.478395" elapsed="0.000457"/>
</kw>
<kw name="Log" owner="BuiltIn">
<msg time="2024-06-07T20:15:21.479529" level="INFO">{'gender': 'female', 'name': {'title': 'Ms', 'first': 'Clara', 'last': 'Ross'}, 'location': {'street': {'number': 205, 'name': 'Lakeview Ave'}, 'city': 'Melbourne', 'state': 'Saskatchewan', 'country': 'Canada', 'postcode': 'S8I 9B9', 'coordinates': {'latitude': '-66.3326', 'longitude': '113.4861'}, 'timezone': {'offset': '+1:00', 'description': 'Brussels, Copenhagen, Madrid, Paris'}}, 'email': 'clara.ross@example.com', 'login': {'uuid': '5cb7099d-2637-4d93-9714-53791908a15e', 'username': 'crazygoose281', 'password': 'alfredo', 'salt': 'zoE1JoYD', 'md5': 'f4fdb5f8ca18c783508f8a752820f1d5', 'sha1': '7bf96aaff42fde2036853ff1298ae55a66e842ee', 'sha256': '704e5030aa9ff504304d6fab2509bd0a18ea9af16c300ea183854d2806611913'}, 'dob': {'date': '1970-05-31T01:24:37.029Z', 'age': 54}, 'registered': {'date': '2014-08-12T14:29:43.536Z', 'age': 9}, 'phone': 'O05 Q13-8741', 'cell': 'N31 A17-4081', 'id': {'name': 'SIN', 'value': '911241297'}, 'picture': {'large': 'https://randomuser.me/api/portraits/women/10.jpg', 'medium': 'https://randomuser.me/api/portraits/med/women/10.jpg', 'thumbnail': 'https://randomuser.me/api/portraits/thumb/women/10.jpg'}, 'nat': 'CA'}</msg>
<arg>${json_data['results'][0]}</arg>
<doc>Logs the given message with the given level.</doc>
<status status="PASS" start="2024-06-07T20:15:21.479159" elapsed="0.000420"/>
</kw>
<kw name="Log" owner="BuiltIn">
<msg time="2024-06-07T20:15:21.480045" level="INFO">gender</msg>
<arg>${key}</arg>
<doc>Logs the given message with the given level.</doc>
<status status="PASS" start="2024-06-07T20:15:21.479914" elapsed="0.000169"/>
</kw>
<var name="${key}">gender</var>
<status status="PASS" start="2024-06-07T20:15:21.478266" elapsed="0.002038"/>
</iter>
<iter>
<kw name="Dictionary Should Contain Key" owner="Collections">
<msg time="2024-06-07T20:15:21.480996" level="INFO">False</msg>
<arg>${json_data['results'][0]}</arg>
<arg>${key}</arg>
<doc>Fails if ``key`` is not found from ``dictionary``.</doc>
<status status="PASS" start="2024-06-07T20:15:21.480611" elapsed="0.000423"/>
</kw>
<kw name="Log" owner="BuiltIn">
<msg time="2024-06-07T20:15:21.481729" level="INFO">{'gender': 'female', 'name': {'title': 'Ms', 'first': 'Clara', 'last': 'Ross'}, 'location': {'street': {'number': 205, 'name': 'Lakeview Ave'}, 'city': 'Melbourne', 'state': 'Saskatchewan', 'country': 'Canada', 'postcode': 'S8I 9B9', 'coordinates': {'latitude': '-66.3326', 'longitude': '113.4861'}, 'timezone': {'offset': '+1:00', 'description': 'Brussels, Copenhagen, Madrid, Paris'}}, 'email': 'clara.ross@example.com', 'login': {'uuid': '5cb7099d-2637-4d93-9714-53791908a15e', 'username': 'crazygoose281', 'password': 'alfredo', 'salt': 'zoE1JoYD', 'md5': 'f4fdb5f8ca18c783508f8a752820f1d5', 'sha1': '7bf96aaff42fde2036853ff1298ae55a66e842ee', 'sha256': '704e5030aa9ff504304d6fab2509bd0a18ea9af16c300ea183854d2806611913'}, 'dob': {'date': '1970-05-31T01:24:37.029Z', 'age': 54}, 'registered': {'date': '2014-08-12T14:29:43.536Z', 'age': 9}, 'phone': 'O05 Q13-8741', 'cell': 'N31 A17-4081', 'id': {'name': 'SIN', 'value': '911241297'}, 'picture': {'large': 'https://randomuser.me/api/portraits/women/10.jpg', 'medium': 'https://randomuser.me/api/portraits/med/women/10.jpg', 'thumbnail': 'https://randomuser.me/api/portraits/thumb/women/10.jpg'}, 'nat': 'CA'}</msg>
<arg>${json_data['results'][0]}</arg>
<doc>Logs the given message with the given level.</doc>
<status status="PASS" start="2024-06-07T20:15:21.481369" elapsed="0.000410"/>
</kw>
<kw name="Log" owner="BuiltIn">
<msg time="2024-06-07T20:15:21.482211" level="INFO">name</msg>
<arg>${key}</arg>
<doc>Logs the given message with the given level.</doc>
<status status="PASS" start="2024-06-07T20:15:21.482082" elapsed="0.000166"/>
</kw>
<var name="${key}">name</var>
<status status="PASS" start="2024-06-07T20:15:21.480495" elapsed="0.001974"/>
</iter>
<iter>
<kw name="Dictionary Should Contain Key" owner="Collections">
<msg time="2024-06-07T20:15:21.483136" level="INFO">False</msg>
<arg>${json_data['results'][0]}</arg>
<arg>${key}</arg>
<doc>Fails if ``key`` is not found from ``dictionary``.</doc>
<status status="PASS" start="2024-06-07T20:15:21.482761" elapsed="0.000413"/>
</kw>
<kw name="Log" owner="BuiltIn">
<msg time="2024-06-07T20:15:21.483882" level="INFO">{'gender': 'female', 'name': {'title': 'Ms', 'first': 'Clara', 'last': 'Ross'}, 'location': {'street': {'number': 205, 'name': 'Lakeview Ave'}, 'city': 'Melbourne', 'state': 'Saskatchewan', 'country': 'Canada', 'postcode': 'S8I 9B9', 'coordinates': {'latitude': '-66.3326', 'longitude': '113.4861'}, 'timezone': {'offset': '+1:00', 'description': 'Brussels, Copenhagen, Madrid, Paris'}}, 'email': 'clara.ross@example.com', 'login': {'uuid': '5cb7099d-2637-4d93-9714-53791908a15e', 'username': 'crazygoose281', 'password': 'alfredo', 'salt': 'zoE1JoYD', 'md5': 'f4fdb5f8ca18c783508f8a752820f1d5', 'sha1': '7bf96aaff42fde2036853ff1298ae55a66e842ee', 'sha256': '704e5030aa9ff504304d6fab2509bd0a18ea9af16c300ea183854d2806611913'}, 'dob': {'date': '1970-05-31T01:24:37.029Z', 'age': 54}, 'registered': {'date': '2014-08-12T14:29:43.536Z', 'age': 9}, 'phone': 'O05 Q13-8741', 'cell': 'N31 A17-4081', 'id': {'name': 'SIN', 'value': '911241297'}, 'picture': {'large': 'https://randomuser.me/api/portraits/women/10.jpg', 'medium': 'https://randomuser.me/api/portraits/med/women/10.jpg', 'thumbnail': 'https://randomuser.me/api/portraits/thumb/women/10.jpg'}, 'nat': 'CA'}</msg>
<arg>${json_data['results'][0]}</arg>
<doc>Logs the given message with the given level.</doc>
<status status="PASS" start="2024-06-07T20:15:21.483485" elapsed="0.000447"/>
</kw>
<kw name="Log" owner="BuiltIn">
<msg time="2024-06-07T20:15:21.484366" level="INFO">location</msg>
<arg>${key}</arg>
<doc>Logs the given message with the given level.</doc>
<status status="PASS" start="2024-06-07T20:15:21.484239" elapsed="0.000165"/>
</kw>
<var name="${key}">location</var>
<status status="PASS" start="2024-06-07T20:15:21.482647" elapsed="0.001973"/>
</iter>
<iter>
<kw name="Dictionary Should Contain Key" owner="Collections">
<msg time="2024-06-07T20:15:21.485412" level="INFO">False</msg>
<arg>${json_data['results'][0]}</arg>
<arg>${key}</arg>
<doc>Fails if ``key`` is not found from ``dictionary``.</doc>
<status status="PASS" start="2024-06-07T20:15:21.484905" elapsed="0.000547"/>
</kw>
<kw name="Log" owner="BuiltIn">
<msg time="2024-06-07T20:15:21.486115" level="INFO">{'gender': 'female', 'name': {'title': 'Ms', 'first': 'Clara', 'last': 'Ross'}, 'location': {'street': {'number': 205, 'name': 'Lakeview Ave'}, 'city': 'Melbourne', 'state': 'Saskatchewan', 'country': 'Canada', 'postcode': 'S8I 9B9', 'coordinates': {'latitude': '-66.3326', 'longitude': '113.4861'}, 'timezone': {'offset': '+1:00', 'description': 'Brussels, Copenhagen, Madrid, Paris'}}, 'email': 'clara.ross@example.com', 'login': {'uuid': '5cb7099d-2637-4d93-9714-53791908a15e', 'username': 'crazygoose281', 'password': 'alfredo', 'salt': 'zoE1JoYD', 'md5': 'f4fdb5f8ca18c783508f8a752820f1d5', 'sha1': '7bf96aaff42fde2036853ff1298ae55a66e842ee', 'sha256': '704e5030aa9ff504304d6fab2509bd0a18ea9af16c300ea183854d2806611913'}, 'dob': {'date': '1970-05-31T01:24:37.029Z', 'age': 54}, 'registered': {'date': '2014-08-12T14:29:43.536Z', 'age': 9}, 'phone': 'O05 Q13-8741', 'cell': 'N31 A17-4081', 'id': {'name': 'SIN', 'value': '911241297'}, 'picture': {'large': 'https://randomuser.me/api/portraits/women/10.jpg', 'medium': 'https://randomuser.me/api/portraits/med/women/10.jpg', 'thumbnail': 'https://randomuser.me/api/portraits/thumb/women/10.jpg'}, 'nat': 'CA'}</msg>
<arg>${json_data['results'][0]}</arg>
<doc>Logs the given message with the given level.</doc>
<status status="PASS" start="2024-06-07T20:15:21.485756" elapsed="0.000417"/>
</kw>
<kw name="Log" owner="BuiltIn">
<msg time="2024-06-07T20:15:21.486600" level="INFO">email</msg>
<arg>${key}</arg>
<doc>Logs the given message with the given level.</doc>
<status status="PASS" start="2024-06-07T20:15:21.486472" elapsed="0.000166"/>
</kw>
<var name="${key}">email</var>
<status status="PASS" start="2024-06-07T20:15:21.484793" elapsed="0.002063"/>
</iter>
<iter>
<kw name="Dictionary Should Contain Key" owner="Collections">
<msg time="2024-06-07T20:15:21.487524" level="INFO">False</msg>
<arg>${json_data['results'][0]}</arg>
<arg>${key}</arg>
<doc>Fails if ``key`` is not found from ``dictionary``.</doc>
<status status="PASS" start="2024-06-07T20:15:21.487141" elapsed="0.000420"/>
</kw>
<kw name="Log" owner="BuiltIn">
<msg time="2024-06-07T20:15:21.488246" level="INFO">{'gender': 'female', 'name': {'title': 'Ms', 'first': 'Clara', 'last': 'Ross'}, 'location': {'street': {'number': 205, 'name': 'Lakeview Ave'}, 'city': 'Melbourne', 'state': 'Saskatchewan', 'country': 'Canada', 'postcode': 'S8I 9B9', 'coordinates': {'latitude': '-66.3326', 'longitude': '113.4861'}, 'timezone': {'offset': '+1:00', 'description': 'Brussels, Copenhagen, Madrid, Paris'}}, 'email': 'clara.ross@example.com', 'login': {'uuid': '5cb7099d-2637-4d93-9714-53791908a15e', 'username': 'crazygoose281', 'password': 'alfredo', 'salt': 'zoE1JoYD', 'md5': 'f4fdb5f8ca18c783508f8a752820f1d5', 'sha1': '7bf96aaff42fde2036853ff1298ae55a66e842ee', 'sha256': '704e5030aa9ff504304d6fab2509bd0a18ea9af16c300ea183854d2806611913'}, 'dob': {'date': '1970-05-31T01:24:37.029Z', 'age': 54}, 'registered': {'date': '2014-08-12T14:29:43.536Z', 'age': 9}, 'phone': 'O05 Q13-8741', 'cell': 'N31 A17-4081', 'id': {'name': 'SIN', 'value': '911241297'}, 'picture': {'large': 'https://randomuser.me/api/portraits/women/10.jpg', 'medium': 'https://randomuser.me/api/portraits/med/women/10.jpg', 'thumbnail': 'https://randomuser.me/api/portraits/thumb/women/10.jpg'}, 'nat': 'CA'}</msg>
<arg>${json_data['results'][0]}</arg>
<doc>Logs the given message with the given level.</doc>
<status status="PASS" start="2024-06-07T20:15:21.487889" elapsed="0.000406"/>
</kw>
<kw name="Log" owner="BuiltIn">
<msg time="2024-06-07T20:15:21.488716" level="INFO">login</msg>
<arg>${key}</arg>
<doc>Logs the given message with the given level.</doc>
<status status="PASS" start="2024-06-07T20:15:21.488590" elapsed="0.000164"/>
</kw>
<var name="${key}">login</var>
<status status="PASS" start="2024-06-07T20:15:21.487030" elapsed="0.001968"/>
</iter>
<var>${key}</var>
<value>@{expected_keys}</value>
<status status="PASS" start="2024-06-07T20:15:21.478066" elapsed="0.011061"/>
</for>
<kw name="Create List" owner="BuiltIn">
<msg time="2024-06-07T20:15:21.489462" level="INFO">${expected_keysTwo} = ['username', 'password']</msg>
<var>${expected_keysTwo}</var>
<arg>username</arg>
<arg>password</arg>
<doc>Returns a list containing given items.</doc>
<status status="PASS" start="2024-06-07T20:15:21.489323" elapsed="0.000162"/>
</kw>
<for flavor="IN">
<iter>
<kw name="Dictionary Should Contain Key" owner="Collections">
<msg time="2024-06-07T20:15:21.490387" level="INFO">False</msg>
<arg>${json_data['results'][0]['login']}</arg>
<arg>${keyTwo}</arg>
<doc>Fails if ``key`` is not found from ``dictionary``.</doc>
<status status="PASS" start="2024-06-07T20:15:21.490004" elapsed="0.000421"/>
</kw>
<kw name="Dictionary Should Contain Key" owner="Collections">
<msg time="2024-06-07T20:15:21.491154" level="INFO">False</msg>
<arg>${json_data['results'][0]['login']}</arg>
<arg>${keyTwo}</arg>
<doc>Fails if ``key`` is not found from ``dictionary``.</doc>
<status status="PASS" start="2024-06-07T20:15:21.490752" elapsed="0.000441"/>
</kw>
<kw name="Log" owner="BuiltIn">
<msg time="2024-06-07T20:15:21.491664" level="INFO">username</msg>
<arg>${keyTwo}</arg>
<doc>Logs the given message with the given level.</doc>
<status status="PASS" start="2024-06-07T20:15:21.491498" elapsed="0.000227"/>
</kw>
<var name="${keyTwo}">username</var>
<status status="PASS" start="2024-06-07T20:15:21.489892" elapsed="0.002158"/>
</iter>
<iter>
<kw name="Dictionary Should Contain Key" owner="Collections">
<msg time="2024-06-07T20:15:21.492929" level="INFO">False</msg>
<arg>${json_data['results'][0]['login']}</arg>
<arg>${keyTwo}</arg>
<doc>Fails if ``key`` is not found from ``dictionary``.</doc>
<status status="PASS" start="2024-06-07T20:15:21.492427" elapsed="0.000549"/>
</kw>
<kw name="Dictionary Should Contain Key" owner="Collections">
<msg time="2024-06-07T20:15:21.493871" level="INFO">False</msg>
<arg>${json_data['results'][0]['login']}</arg>
<arg>${keyTwo}</arg>
<doc>Fails if ``key`` is not found from ``dictionary``.</doc>
<status status="PASS" start="2024-06-07T20:15:21.493348" elapsed="0.000572"/>
</kw>
<kw name="Log" owner="BuiltIn">
<msg time="2024-06-07T20:15:21.494448" level="INFO">password</msg>
<arg>${keyTwo}</arg>
<doc>Logs the given message with the given level.</doc>
<status status="PASS" start="2024-06-07T20:15:21.494293" elapsed="0.000205"/>
</kw>
<var name="${keyTwo}">password</var>
<status status="PASS" start="2024-06-07T20:15:21.492286" elapsed="0.002486"/>
</iter>
<var>${keyTwo}</var>
<value>@{expected_keysTwo}</value>
<status status="PASS" start="2024-06-07T20:15:21.489735" elapsed="0.005163"/>
</for>
<status status="PASS" start="2024-06-07T20:15:21.382168" elapsed="0.112877"/>
</kw>
<doc>Testa a estrutura da resposta da API.</doc>
<tag>testeEstruturaResposta</tag>
<status status="PASS" start="2024-06-07T20:15:21.381653" elapsed="0.113563"/>
</test>
<test id="s1-s1-t4" name="Validar tipos de dados" line="28">
<kw name="Teste de Tipos de Dados" owner="random-user-service">
<kw name="GET On Session" owner="RequestsLibrary">
<msg time="2024-06-07T20:15:21.578945" level="INFO">GET Request : url=https://randomuser.me/api 
 path_url=/api 
 headers={'User-Agent': 'python-requests/2.32.3', 'Accept-Encoding': 'gzip, deflate', 'Accept': '*/*', 'Connection': 'keep-alive'} 
 body=None 
 </msg>
<msg time="2024-06-07T20:15:21.579045" level="INFO">GET Response : url=https://randomuser.me/api 
 status=200, reason=OK 
 headers={'Date': 'Fri, 07 Jun 2024 20:15:21 GMT', 'Content-Type': 'application/json; charset=utf-8', 'Transfer-Encoding': 'chunked', 'Connection': 'keep-alive', 'X-Powered-By': 'Express', 'Access-Control-Allow-Origin': '*', 'Cache-Control': 'no-cache', 'ETag': 'W/"489-MaXZeF082lcQMOrR1F9tLrV/OfQ"', 'Vary': 'Accept-Encoding', 'Content-Encoding': 'gzip', 'CF-Cache-Status': 'DYNAMIC', 'Report-To': '{"endpoints":[{"url":"https:\\/\\/a.nel.cloudflare.com\\/report\\/v4?s=VN6FEQzMUy8B2gwaXIjEX1XovE3TziNQme6XNvm1SinZFRG7ymhZEu3d124kx%2Bg5lquHgx264DrqHM2NAudpin77q4DkFnu%2FPElnNYGHtfeC%2Fedi%2F1JCV4tYZI9J1t2Y"}],"group":"cf-nel","max_age":604800}', 'NEL': '{"success_fraction":0,"report_to":"cf-nel","max_age":604800}', 'Server': 'cloudflare', 'CF-RAY': '8903504f6913e249-ORD', 'alt-svc': 'h3=":443"; ma=86400'} 
 body={"results":[{"gender":"male","name":{"title":"Mr","first":"سینا","last":"نكو نظر"},"location":{"street":{"number":9328,"name":"میدان قیام"},"city":"تهران","state":"قم","country":"Iran","postcode":21543,"coordinates":{"latitude":"17.4958","longitude":"-168.1312"},"timezone":{"offset":"+11:00","description":"Magadan, Solomon Islands, New Caledonia"}},"email":"syn.nkwnzr@example.com","login":{"uuid":"8bfec582-f6bd-44f3-88b4-da0c0eaa937c","username":"sadfish850","password":"long","salt":"8xU1q9pb","md5":"b958f61653811870b153c042ca220b36","sha1":"749f917bec14b1c748421757e1f8d93de58b7c1a","sha256":"43d0ad8c1e24762b9ee346417bd42138f38ea010633460f6c7644a7fabb660df"},"dob":{"date":"1982-06-02T21:05:54.212Z","age":42},"registered":{"date":"2003-05-10T02:21:39.162Z","age":21},"phone":"009-66624706","cell":"0920-471-5094","id":{"name":"","value":null},"picture":{"large":"https://randomuser.me/api/portraits/men/75.jpg","medium":"https://randomuser.me/api/portraits/med/men/75.jpg","thumbnail":"https://randomuser.me/api/portraits/thumb/men/75.jpg"},"nat":"IR"}],"info":{"seed":"043940409ca7b83d","results":1,"page":1,"version":"1.4"}} 
 </msg>
<msg time="2024-06-07T20:15:21.579127" level="INFO">/opt/hostedtoolcache/Python/3.12.3/x64/lib/python3.12/site-packages/urllib3/connectionpool.py:1103: InsecureRequestWarning: Unverified HTTPS request is being made to host 'randomuser.me'. Adding certificate verification is strongly advised. See: https://urllib3.readthedocs.io/en/latest/advanced-usage.html#tls-warnings
  warnings.warn(</msg>
<msg time="2024-06-07T20:15:21.579270" level="INFO">${response} = &lt;Response [200]&gt;</msg>
<var>${response}</var>
<arg>consultarAPI</arg>
<arg>/api</arg>
<doc>Sends a GET request on a previously created HTTP Session.</doc>
<status status="PASS" start="2024-06-07T20:15:21.497786" elapsed="0.081560"/>
</kw>
<kw name="Set Variable" owner="BuiltIn">
<msg time="2024-06-07T20:15:21.580354" level="INFO">${json_data} = {'results': [{'gender': 'male', 'name': {'title': 'Mr', 'first': 'سینا', 'last': 'نكو نظر'}, 'location': {'street': {'number': 9328, 'name': 'میدان قیام'}, 'city': 'تهران', 'state': 'قم', 'country': '...</msg>
<var>${json_data}</var>
<arg>${response.json()}</arg>
<doc>Returns the given values which can then be assigned to a variables.</doc>
<status status="PASS" start="2024-06-07T20:15:21.579843" elapsed="0.000542"/>
</kw>
<kw name="Log" owner="BuiltIn">
<msg time="2024-06-07T20:15:21.580860" level="INFO">{'results': [{'gender': 'male', 'name': {'title': 'Mr', 'first': 'سینا', 'last': 'نكو نظر'}, 'location': {'street': {'number': 9328, 'name': 'میدان قیام'}, 'city': 'تهران', 'state': 'قم', 'country': 'Iran', 'postcode': 21543, 'coordinates': {'latitude': '17.4958', 'longitude': '-168.1312'}, 'timezone': {'offset': '+11:00', 'description': 'Magadan, Solomon Islands, New Caledonia'}}, 'email': 'syn.nkwnzr@example.com', 'login': {'uuid': '8bfec582-f6bd-44f3-88b4-da0c0eaa937c', 'username': 'sadfish850', 'password': 'long', 'salt': '8xU1q9pb', 'md5': 'b958f61653811870b153c042ca220b36', 'sha1': '749f917bec14b1c748421757e1f8d93de58b7c1a', 'sha256': '43d0ad8c1e24762b9ee346417bd42138f38ea010633460f6c7644a7fabb660df'}, 'dob': {'date': '1982-06-02T21:05:54.212Z', 'age': 42}, 'registered': {'date': '2003-05-10T02:21:39.162Z', 'age': 21}, 'phone': '009-66624706', 'cell': '0920-471-5094', 'id': {'name': '', 'value': None}, 'picture': {'large': 'https://randomuser.me/api/portraits/men/75.jpg', 'medium': 'https://randomuser.me/api/portraits/med/men/75.jpg', 'thumbnail': 'https://randomuser.me/api/portraits/thumb/men/75.jpg'}, 'nat': 'IR'}], 'info': {'seed': '043940409ca7b83d', 'results': 1, 'page': 1, 'version': '1.4'}}</msg>
<arg>${json_data}</arg>
<doc>Logs the given message with the given level.</doc>
<status status="PASS" start="2024-06-07T20:15:21.580700" elapsed="0.000257"/>
</kw>
<kw name="Should Be String" owner="String">
<arg>${json_data['results'][0]['gender']}</arg>
<doc>Fails if the given ``item`` is not a string.</doc>
<status status="PASS" start="2024-06-07T20:15:21.581259" elapsed="0.000363"/>
</kw>
<kw name="Should Match Regexp" owner="BuiltIn">
<arg>${json_data['results'][0]['email']}</arg>
<arg>^[a-zA-Z0-9._%+-]+@[a-zA-Z0-9.-]+\.[a-zA-Z]{2,}$</arg>
<doc>Fails if ``string`` does not match ``pattern`` as a regular expression.</doc>
<status status="PASS" start="2024-06-07T20:15:21.581816" elapsed="0.000656"/>
</kw>
<kw name="Should Match Regexp" owner="BuiltIn">
<arg>${json_data['results'][0]['dob']['date']}</arg>
<arg>\\d{4}-\\d{2}-\\d{2}T\\d{2}:\\d{2}:\\d{2}\\.\\d{3}Z</arg>
<doc>Fails if ``string`` does not match ``pattern`` as a regular expression.</doc>
<status status="PASS" start="2024-06-07T20:15:21.582671" elapsed="0.000484"/>
</kw>
<kw name="Should Match Regexp" owner="BuiltIn">
<arg>${json_data['results'][0]['registered']['date']}</arg>
<arg>\\d{4}-\\d{2}-\\d{2}T\\d{2}:\\d{2}:\\d{2}\\.\\d{3}Z</arg>
<doc>Fails if ``string`` does not match ``pattern`` as a regular expression.</doc>
<status status="PASS" start="2024-06-07T20:15:21.583352" elapsed="0.000422"/>
</kw>
<kw name="Should Match Regexp" owner="BuiltIn">
<arg>${json_data['results'][0]['picture']['large']}</arg>
<arg>^https?://.*\.(?:png|jpe?g|gif|bmp)$</arg>
<doc>Fails if ``string`` does not match ``pattern`` as a regular expression.</doc>
<status status="PASS" start="2024-06-07T20:15:21.583967" elapsed="0.000466"/>
</kw>
<kw name="Should Match Regexp" owner="BuiltIn">
<arg>${json_data['results'][0]['picture']['medium']}</arg>
<arg>^https?://.*\.(?:png|jpe?g|gif|bmp)$</arg>
<doc>Fails if ``string`` does not match ``pattern`` as a regular expression.</doc>
<status status="PASS" start="2024-06-07T20:15:21.584634" elapsed="0.000355"/>
</kw>
<kw name="Should Match Regexp" owner="BuiltIn">
<arg>${json_data['results'][0]['picture']['thumbnail']}</arg>
<arg>^https?://.*\.(?:png|jpe?g|gif|bmp)$</arg>
<doc>Fails if ``string`` does not match ``pattern`` as a regular expression.</doc>
<status status="PASS" start="2024-06-07T20:15:21.585179" elapsed="0.000349"/>
</kw>
<kw name="Log" owner="BuiltIn">
<msg time="2024-06-07T20:15:21.586037" level="INFO">{'large': 'https://randomuser.me/api/portraits/men/75.jpg', 'medium': 'https://randomuser.me/api/portraits/med/men/75.jpg', 'thumbnail': 'https://randomuser.me/api/portraits/thumb/men/75.jpg'}</msg>
<arg>${json_data['results'][0]['picture']}</arg>
<doc>Logs the given message with the given level.</doc>
<status status="PASS" start="2024-06-07T20:15:21.585715" elapsed="0.000364"/>
</kw>
<status status="PASS" start="2024-06-07T20:15:21.497535" elapsed="0.088804"/>
</kw>
<kw name="Teste de Tipos de Dados - Postcode" owner="random-user-service">
<kw name="GET On Session" owner="RequestsLibrary">
<msg time="2024-06-07T20:15:21.674177" level="INFO">GET Request : url=https://randomuser.me/api 
 path_url=/api 
 headers={'User-Agent': 'python-requests/2.32.3', 'Accept-Encoding': 'gzip, deflate', 'Accept': '*/*', 'Connection': 'keep-alive'} 
 body=None 
 </msg>
<msg time="2024-06-07T20:15:21.674323" level="INFO">GET Response : url=https://randomuser.me/api 
 status=200, reason=OK 
 headers={'Date': 'Fri, 07 Jun 2024 20:15:21 GMT', 'Content-Type': 'application/json; charset=utf-8', 'Transfer-Encoding': 'chunked', 'Connection': 'keep-alive', 'X-Powered-By': 'Express', 'Access-Control-Allow-Origin': '*', 'Cache-Control': 'no-cache', 'ETag': 'W/"49d-qf9ZCKnCJXa/f0sDkb6JiOHrpe0"', 'Vary': 'Accept-Encoding', 'Content-Encoding': 'gzip', 'CF-Cache-Status': 'DYNAMIC', 'Report-To': '{"endpoints":[{"url":"https:\\/\\/a.nel.cloudflare.com\\/report\\/v4?s=b68ms7A7ZQ4GxX8JPA6%2BmAsdG2Pno63P6UEu994Wqrut9hywfpOOtdVGoCNflYoiSU5qTNjuMJip0eEQozgBA%2BmZeBpsUyuOzRtp9Ylp6GGJcM%2FTMG4y%2Fe9ljptMedis"}],"group":"cf-nel","max_age":604800}', 'NEL': '{"success_fraction":0,"report_to":"cf-nel","max_age":604800}', 'Server': 'cloudflare', 'CF-RAY': '8903504ff9c9e249-ORD', 'alt-svc': 'h3=":443"; ma=86400'} 
 body={"results":[{"gender":"male","name":{"title":"Monsieur","first":"Viktor","last":"Nicolas"},"location":{"street":{"number":2218,"name":"Rue de la Barre"},"city":"Berolle","state":"Luzern","country":"Switzerland","postcode":8078,"coordinates":{"latitude":"-58.3479","longitude":"-45.4352"},"timezone":{"offset":"+8:00","description":"Beijing, Perth, Singapore, Hong Kong"}},"email":"viktor.nicolas@example.com","login":{"uuid":"fcd3a174-2505-41ef-b301-6ed4c99b580f","username":"angrycat474","password":"chillin","salt":"jtdue398","md5":"2ee730f12498d3afe5c0be035764620d","sha1":"fe07e72804562275dbba384642af2d5ed8407515","sha256":"ff93cd5843a630e4d1edebf2073034265bed524af95afd36f8a7c95efe39589c"},"dob":{"date":"1996-07-19T05:54:27.630Z","age":27},"registered":{"date":"2019-08-22T05:32:03.657Z","age":4},"phone":"078 673 50 94","cell":"078 583 91 74","id":{"name":"AVS","value":"756.4806.0083.72"},"picture":{"large":"https://randomuser.me/api/portraits/men/26.jpg","medium":"https://randomuser.me/api/portraits/med/men/26.jpg","thumbnail":"https://randomuser.me/api/portraits/thumb/men/26.jpg"},"nat":"CH"}],"info":{"seed":"e74b0d215d05af8f","results":1,"page":1,"version":"1.4"}} 
 </msg>
<msg time="2024-06-07T20:15:21.674440" level="INFO">/opt/hostedtoolcache/Python/3.12.3/x64/lib/python3.12/site-packages/urllib3/connectionpool.py:1103: InsecureRequestWarning: Unverified HTTPS request is being made to host 'randomuser.me'. Adding certificate verification is strongly advised. See: https://urllib3.readthedocs.io/en/latest/advanced-usage.html#tls-warnings
  warnings.warn(</msg>
<msg time="2024-06-07T20:15:21.674616" level="INFO">${response} = &lt;Response [200]&gt;</msg>
<var>${response}</var>
<arg>consultarAPI</arg>
<arg>/api</arg>
<doc>Sends a GET request on a previously created HTTP Session.</doc>
<status status="PASS" start="2024-06-07T20:15:21.586791" elapsed="0.087866"/>
</kw>
<kw name="Set Variable" owner="BuiltIn">
<msg time="2024-06-07T20:15:21.675961" level="INFO">${json_data} = {'results': [{'gender': 'male', 'name': {'title': 'Monsieur', 'first': 'Viktor', 'last': 'Nicolas'}, 'location': {'street': {'number': 2218, 'name': 'Rue de la Barre'}, 'city': 'Berolle', 'state': 'Lu...</msg>
<var>${json_data}</var>
<arg>${response.json()}</arg>
<doc>Returns the given values which can then be assigned to a variables.</doc>
<status status="PASS" start="2024-06-07T20:15:21.675323" elapsed="0.000669"/>
</kw>
<kw name="Log" owner="BuiltIn">
<msg time="2024-06-07T20:15:21.676483" level="INFO">{'results': [{'gender': 'male', 'name': {'title': 'Monsieur', 'first': 'Viktor', 'last': 'Nicolas'}, 'location': {'street': {'number': 2218, 'name': 'Rue de la Barre'}, 'city': 'Berolle', 'state': 'Luzern', 'country': 'Switzerland', 'postcode': 8078, 'coordinates': {'latitude': '-58.3479', 'longitude': '-45.4352'}, 'timezone': {'offset': '+8:00', 'description': 'Beijing, Perth, Singapore, Hong Kong'}}, 'email': 'viktor.nicolas@example.com', 'login': {'uuid': 'fcd3a174-2505-41ef-b301-6ed4c99b580f', 'username': 'angrycat474', 'password': 'chillin', 'salt': 'jtdue398', 'md5': '2ee730f12498d3afe5c0be035764620d', 'sha1': 'fe07e72804562275dbba384642af2d5ed8407515', 'sha256': 'ff93cd5843a630e4d1edebf2073034265bed524af95afd36f8a7c95efe39589c'}, 'dob': {'date': '1996-07-19T05:54:27.630Z', 'age': 27}, 'registered': {'date': '2019-08-22T05:32:03.657Z', 'age': 4}, 'phone': '078 673 50 94', 'cell': '078 583 91 74', 'id': {'name': 'AVS', 'value': '756.4806.0083.72'}, 'picture': {'large': 'https://randomuser.me/api/portraits/men/26.jpg', 'medium': 'https://randomuser.me/api/portraits/med/men/26.jpg', 'thumbnail': 'https://randomuser.me/api/portraits/thumb/men/26.jpg'}, 'nat': 'CH'}], 'info': {'seed': 'e74b0d215d05af8f', 'results': 1, 'page': 1, 'version': '1.4'}}</msg>
<arg>${json_data}</arg>
<doc>Logs the given message with the given level.</doc>
<status status="PASS" start="2024-06-07T20:15:21.676321" elapsed="0.000248"/>
</kw>
<kw name="Should Be Equal As Numbers" owner="BuiltIn">
<arg>${json_data['results'][0]['location']['postcode']}</arg>
<arg>${json_data['results'][0]['location']['postcode']}</arg>
<doc>Fails if objects are unequal after converting them to real numbers.</doc>
<status status="PASS" start="2024-06-07T20:15:21.676887" elapsed="0.000641"/>
</kw>
<kw name="Log" owner="BuiltIn">
<msg time="2024-06-07T20:15:21.678079" level="INFO">8078</msg>
<arg>${json_data['results'][0]['location']['postcode']}</arg>
<doc>Logs the given message with the given level.</doc>
<status status="PASS" start="2024-06-07T20:15:21.677735" elapsed="0.000387"/>
</kw>
<status status="PASS" start="2024-06-07T20:15:21.586564" elapsed="0.091821"/>
</kw>
<doc>Testa se os tipos de dados na resposta da API estão corretos.</doc>
<tag>testeTiposDados</tag>
<status status="PASS" start="2024-06-07T20:15:21.497059" elapsed="0.181505"/>
</test>
<test id="s1-s1-t5" name="Validar conteudo" line="35">
<kw name="Teste de Tipos de Conteudo" owner="random-user-service">
<kw name="GET On Session" owner="RequestsLibrary">
<msg time="2024-06-07T20:15:21.779011" level="INFO">GET Request : url=https://randomuser.me/api 
 path_url=/api 
 headers={'User-Agent': 'python-requests/2.32.3', 'Accept-Encoding': 'gzip, deflate', 'Accept': '*/*', 'Connection': 'keep-alive'} 
 body=None 
 </msg>
<msg time="2024-06-07T20:15:21.779112" level="INFO">GET Response : url=https://randomuser.me/api 
 status=200, reason=OK 
 headers={'Date': 'Fri, 07 Jun 2024 20:15:21 GMT', 'Content-Type': 'application/json; charset=utf-8', 'Transfer-Encoding': 'chunked', 'Connection': 'keep-alive', 'X-Powered-By': 'Express', 'Access-Control-Allow-Origin': '*', 'Cache-Control': 'no-cache', 'ETag': 'W/"470-OGebX16e56eyDMz4YDdmVcRCzvM"', 'Vary': 'Accept-Encoding', 'Content-Encoding': 'gzip', 'CF-Cache-Status': 'DYNAMIC', 'Report-To': '{"endpoints":[{"url":"https:\\/\\/a.nel.cloudflare.com\\/report\\/v4?s=WWZtG%2Bx23wl4IaTpB%2FLj%2F4hr7IGHVU7T7khDwFQt%2BhqqwDSdCBv8rlQWpu9PhmaZpD1UtE1oRxoy8GBhGrFkE6Ur0MBRd4%2BPpVs1Pg83oa8GbsziE95i5Qlo7byj30yf"}],"group":"cf-nel","max_age":604800}', 'NEL': '{"success_fraction":0,"report_to":"cf-nel","max_age":604800}', 'Server': 'cloudflare', 'CF-RAY': '890350508a8de249-ORD', 'alt-svc': 'h3=":443"; ma=86400'} 
 body={"results":[{"gender":"male","name":{"title":"Mr","first":"Philip","last":"Thomsen"},"location":{"street":{"number":3266,"name":"Toftevej"},"city":"Nørre Sundby","state":"Midtjylland","country":"Denmark","postcode":95271,"coordinates":{"latitude":"-39.9015","longitude":"-58.0100"},"timezone":{"offset":"+5:45","description":"Kathmandu"}},"email":"philip.thomsen@example.com","login":{"uuid":"cfc5d86f-5168-450b-8b8d-1c9144021dad","username":"orangesnake206","password":"raistlin","salt":"xhxIvbSd","md5":"5a8532e2df190409c41c05bb4233a797","sha1":"4d1af40db9f6835e669d7194237dabb318beb5ea","sha256":"13601e67f1cd07d5c9c0a4f8018a30a11fa79749f5cc94a6afe54ed9b9b69fc3"},"dob":{"date":"1988-02-05T00:04:00.132Z","age":36},"registered":{"date":"2014-04-12T10:29:23.391Z","age":10},"phone":"22010868","cell":"52753169","id":{"name":"CPR","value":"040288-1267"},"picture":{"large":"https://randomuser.me/api/portraits/men/8.jpg","medium":"https://randomuser.me/api/portraits/med/men/8.jpg","thumbnail":"https://randomuser.me/api/portraits/thumb/men/8.jpg"},"nat":"DK"}],"info":{"seed":"81e91bbc2ee3a1f8","results":1,"page":1,"version":"1.4"}} 
 </msg>
<msg time="2024-06-07T20:15:21.779184" level="INFO">/opt/hostedtoolcache/Python/3.12.3/x64/lib/python3.12/site-packages/urllib3/connectionpool.py:1103: InsecureRequestWarning: Unverified HTTPS request is being made to host 'randomuser.me'. Adding certificate verification is strongly advised. See: https://urllib3.readthedocs.io/en/latest/advanced-usage.html#tls-warnings
  warnings.warn(</msg>
<msg time="2024-06-07T20:15:21.779314" level="INFO">${response} = &lt;Response [200]&gt;</msg>
<var>${response}</var>
<arg>consultarAPI</arg>
<arg>/api</arg>
<doc>Sends a GET request on a previously created HTTP Session.</doc>
<status status="PASS" start="2024-06-07T20:15:21.681142" elapsed="0.098217"/>
</kw>
<kw name="Set Variable" owner="BuiltIn">
<msg time="2024-06-07T20:15:21.780448" level="INFO">${json_data} = {'results': [{'gender': 'male', 'name': {'title': 'Mr', 'first': 'Philip', 'last': 'Thomsen'}, 'location': {'street': {'number': 3266, 'name': 'Toftevej'}, 'city': 'Nørre Sundby', 'state': 'Midtjyllan...</msg>
<var>${json_data}</var>
<arg>${response.json()}</arg>
<doc>Returns the given values which can then be assigned to a variables.</doc>
<status status="PASS" start="2024-06-07T20:15:21.779917" elapsed="0.000562"/>
</kw>
<kw name="Set Variable" owner="BuiltIn">
<msg time="2024-06-07T20:15:21.781187" level="INFO">${name_title} = Mr</msg>
<var>${name_title}</var>
<arg>${json_data["results"][0]["name"]["title"]}</arg>
<doc>Returns the given values which can then be assigned to a variables.</doc>
<status status="PASS" start="2024-06-07T20:15:21.780795" elapsed="0.000418"/>
</kw>
<kw name="Create List" owner="BuiltIn">
<msg time="2024-06-07T20:15:21.781679" level="INFO">${allowed_titles} = ['Mr', 'Ms', 'Miss', 'Mrs', 'Madame', 'Monsieur']</msg>
<var>${allowed_titles}</var>
<arg>Mr</arg>
<arg>Ms</arg>
<arg>Miss</arg>
<arg>Mrs</arg>
<arg>Madame</arg>
<arg>Monsieur</arg>
<doc>Returns a list containing given items.</doc>
<status status="PASS" start="2024-06-07T20:15:21.781522" elapsed="0.000184"/>
</kw>
<kw name="List Should Contain Value" owner="Collections">
<msg time="2024-06-07T20:15:21.782201" level="INFO">False</msg>
<arg>${allowed_titles}</arg>
<arg>${name_title}</arg>
<doc>Fails if the ``value`` is not found from ``list``.</doc>
<status status="PASS" start="2024-06-07T20:15:21.782020" elapsed="0.000219"/>
</kw>
<kw name="Set Variable" owner="BuiltIn">
<msg time="2024-06-07T20:15:21.783121" level="INFO">${name_country} = DK</msg>
<var>${name_country}</var>
<arg>${json_data["results"][0]["nat"]}</arg>
<doc>Returns the given values which can then be assigned to a variables.</doc>
<status status="PASS" start="2024-06-07T20:15:21.782546" elapsed="0.000603"/>
</kw>
<kw name="Create List" owner="BuiltIn">
<msg time="2024-06-07T20:15:21.784112" level="INFO">${list_country} = ['AD', 'AE', 'AF', 'AG', 'AI', 'AL', 'AM', 'AO', 'AQ', 'AR', 'AS', 'AT', 'AU', 'AW', 'AX', 'AZ', 'BA', 'BB', 'BD', 'BE', 'BF', 'BG', 'BH', 'BI', 'BJ', 'BL', 'BM', 'BN', 'BO', 'BQ', 'BR', 'BS', 'BT', '...</msg>
<var>${list_country}</var>
<arg>AD</arg>
<arg>AE</arg>
<arg>AF</arg>
<arg>AG</arg>
<arg>AI</arg>
<arg>AL</arg>
<arg>AM</arg>
<arg>AO</arg>
<arg>AQ</arg>
<arg>AR</arg>
<arg>AS</arg>
<arg>AT</arg>
<arg>AU</arg>
<arg>AW</arg>
<arg>AX</arg>
<arg>AZ</arg>
<arg>BA</arg>
<arg>BB</arg>
<arg>BD</arg>
<arg>BE</arg>
<arg>BF</arg>
<arg>BG</arg>
<arg>BH</arg>
<arg>BI</arg>
<arg>BJ</arg>
<arg>BL</arg>
<arg>BM</arg>
<arg>BN</arg>
<arg>BO</arg>
<arg>BQ</arg>
<arg>BR</arg>
<arg>BS</arg>
<arg>BT</arg>
<arg>BV</arg>
<arg>BW</arg>
<arg>BY</arg>
<arg>BZ</arg>
<arg>CA</arg>
<arg>CC</arg>
<arg>CD</arg>
<arg>CF</arg>
<arg>CG</arg>
<arg>CH</arg>
<arg>CI</arg>
<arg>CK</arg>
<arg>CL</arg>
<arg>CM</arg>
<arg>CN</arg>
<arg>CO</arg>
<arg>CR</arg>
<arg>CU</arg>
<arg>CV</arg>
<arg>CW</arg>
<arg>CX</arg>
<arg>CY</arg>
<arg>CZ</arg>
<arg>DE</arg>
<arg>DJ</arg>
<arg>DK</arg>
<arg>DM</arg>
<arg>DO</arg>
<arg>DZ</arg>
<arg>EC</arg>
<arg>EE</arg>
<arg>EG</arg>
<arg>EH</arg>
<arg>ER</arg>
<arg>ES</arg>
<arg>ET</arg>
<arg>FI</arg>
<arg>FJ</arg>
<arg>FK</arg>
<arg>FM</arg>
<arg>FO</arg>
<arg>FR</arg>
<arg>GA</arg>
<arg>GB</arg>
<arg>GD</arg>
<arg>GE</arg>
<arg>GF</arg>
<arg>GG</arg>
<arg>GH</arg>
<arg>GI</arg>
<arg>GL</arg>
<arg>GM</arg>
<arg>GN</arg>
<arg>GP</arg>
<arg>GQ</arg>
<arg>GR</arg>
<arg>GS</arg>
<arg>GT</arg>
<arg>GU</arg>
<arg>GW</arg>
<arg>GY</arg>
<arg>HK</arg>
<arg>HM</arg>
<arg>HN</arg>
<arg>HR</arg>
<arg>HT</arg>
<arg>HU</arg>
<arg>ID</arg>
<arg>IE</arg>
<arg>IL</arg>
<arg>IM</arg>
<arg>IN</arg>
<arg>IO</arg>
<arg>IQ</arg>
<arg>IR</arg>
<arg>IS</arg>
<arg>IT</arg>
<arg>JE</arg>
<arg>JM</arg>
<arg>JO</arg>
<arg>JP</arg>
<arg>KE</arg>
<arg>KG</arg>
<arg>KH</arg>
<arg>KI</arg>
<arg>KM</arg>
<arg>KN</arg>
<arg>KP</arg>
<arg>KR</arg>
<arg>KW</arg>
<arg>KY</arg>
<arg>KZ</arg>
<arg>LA</arg>
<arg>LB</arg>
<arg>LC</arg>
<arg>LI</arg>
<arg>LK</arg>
<arg>LR</arg>
<arg>LS</arg>
<arg>LT</arg>
<arg>LU</arg>
<arg>LV</arg>
<arg>LY</arg>
<arg>MA</arg>
<arg>MC</arg>
<arg>MD</arg>
<arg>ME</arg>
<arg>MF</arg>
<arg>MG</arg>
<arg>MH</arg>
<arg>MK</arg>
<arg>ML</arg>
<arg>MM</arg>
<arg>MN</arg>
<arg>MO</arg>
<arg>MP</arg>
<arg>MQ</arg>
<arg>MR</arg>
<arg>MS</arg>
<arg>MT</arg>
<arg>MU</arg>
<arg>MV</arg>
<arg>MW</arg>
<arg>MX</arg>
<arg>MY</arg>
<arg>MZ</arg>
<arg>NA</arg>
<arg>NC</arg>
<arg>NE</arg>
<arg>NF</arg>
<arg>NG</arg>
<arg>NI</arg>
<arg>NL</arg>
<arg>NO</arg>
<arg>NP</arg>
<arg>NR</arg>
<arg>NU</arg>
<arg>NZ</arg>
<arg>OM</arg>
<arg>PA</arg>
<arg>PE</arg>
<arg>PF</arg>
<arg>PG</arg>
<arg>PH</arg>
<arg>PK</arg>
<arg>PL</arg>
<arg>PM</arg>
<arg>PN</arg>
<arg>PR</arg>
<arg>PS</arg>
<arg>PT</arg>
<arg>PW</arg>
<arg>PY</arg>
<arg>QA</arg>
<arg>RE</arg>
<arg>RO</arg>
<arg>RS</arg>
<arg>RU</arg>
<arg>RW</arg>
<arg>SA</arg>
<arg>SB</arg>
<arg>SC</arg>
<arg>SD</arg>
<arg>SE</arg>
<arg>SG</arg>
<arg>SH</arg>
<arg>SI</arg>
<arg>SJ</arg>
<arg>SK</arg>
<arg>SL</arg>
<arg>SM</arg>
<arg>SN</arg>
<arg>SO</arg>
<arg>SR</arg>
<arg>SS</arg>
<arg>ST</arg>
<arg>SV</arg>
<arg>SX</arg>
<arg>SY</arg>
<arg>SZ</arg>
<arg>TC</arg>
<arg>TD</arg>
<arg>TF</arg>
<arg>TG</arg>
<arg>TH</arg>
<arg>TJ</arg>
<arg>TK</arg>
<arg>TL</arg>
<arg>TM</arg>
<arg>TN</arg>
<arg>TO</arg>
<arg>TR</arg>
<arg>TT</arg>
<arg>TV</arg>
<arg>TW</arg>
<arg>TZ</arg>
<arg>UA</arg>
<arg>UG</arg>
<arg>UM</arg>
<arg>US</arg>
<arg>UY</arg>
<arg>UZ</arg>
<arg>VA</arg>
<arg>VC</arg>
<arg>VE</arg>
<arg>VG</arg>
<arg>VI</arg>
<arg>VN</arg>
<arg>VU</arg>
<arg>WF</arg>
<arg>WS</arg>
<arg>XK</arg>
<arg>YE</arg>
<arg>YT</arg>
<arg>ZA</arg>
<arg>ZM</arg>
<arg>ZW</arg>
<doc>Returns a list containing given items.</doc>
<status status="PASS" start="2024-06-07T20:15:21.783471" elapsed="0.000669"/>
</kw>
<kw name="List Should Contain Value" owner="Collections">
<msg time="2024-06-07T20:15:21.785150" level="INFO">False</msg>
<arg>${list_country}</arg>
<arg>${name_country}</arg>
<doc>Fails if the ``value`` is not found from ``list``.</doc>
<status status="PASS" start="2024-06-07T20:15:21.784942" elapsed="0.000246"/>
</kw>
<kw name="Run Keyword If" owner="BuiltIn">
<kw name="Should Be True" owner="BuiltIn">
<arg>${True}</arg>
<doc>Fails if the given condition is not true.</doc>
<status status="PASS" start="2024-06-07T20:15:21.786272" elapsed="0.000147"/>
</kw>
<arg>${json_data["results"][0]["location"]["coordinates"]["latitude"]} &gt;= -90 and ${json_data["results"][0]["location"]["coordinates"]["latitude"]} &lt;= 90</arg>
<arg>Should Be True</arg>
<arg>${True}</arg>
<doc>Runs the given keyword with the given arguments, if ``condition`` is true.</doc>
<status status="PASS" start="2024-06-07T20:15:21.785515" elapsed="0.001035"/>
</kw>
<kw name="Run Keyword If" owner="BuiltIn">
<kw name="Should Be True" owner="BuiltIn">
<arg>${True}</arg>
<doc>Fails if the given condition is not true.</doc>
<status status="PASS" start="2024-06-07T20:15:21.787437" elapsed="0.000138"/>
</kw>
<arg>${json_data["results"][0]["location"]["coordinates"]["longitude"]} &gt;= -180 and ${json_data["results"][0]["location"]["coordinates"]["longitude"]} &lt;= 180</arg>
<arg>Should Be True</arg>
<arg>${True}</arg>
<doc>Runs the given keyword with the given arguments, if ``condition`` is true.</doc>
<status status="PASS" start="2024-06-07T20:15:21.786747" elapsed="0.000985"/>
</kw>
<status status="PASS" start="2024-06-07T20:15:21.680894" elapsed="0.106977"/>
</kw>
<doc>Testa o conteúdo específico dos campos retornados pela API.</doc>
<tag>testeConteudo</tag>
<status status="PASS" start="2024-06-07T20:15:21.680423" elapsed="0.107606"/>
</test>
<status status="PASS" start="2024-06-07T20:15:20.839569" elapsed="0.950423"/>
</suite>
<status status="PASS" start="2024-06-07T20:15:20.825661" elapsed="0.969576"/>
</suite>
<statistics>
<total>
<stat pass="5" fail="0" skip="0">All Tests</stat>
</total>
<tag>
<stat pass="1" fail="0" skip="0">testeConteudo</stat>
<stat pass="1" fail="0" skip="0">testeEstruturaResposta</stat>
<stat pass="1" fail="0" skip="0">testeRequisicaoBasica</stat>
<stat pass="1" fail="0" skip="0">testeTiposDados</stat>
</tag>
<suite>
<stat pass="5" fail="0" skip="0" id="s1" name="Tests">Tests</stat>
<stat pass="5" fail="0" skip="0" id="s1-s1" name="Random-User-Test">Tests.Random-User-Test</stat>
</suite>
</statistics>
<errors>
</errors>
</robot>
