<?xml version="1.0" encoding="UTF-8"?>
<robot generator="Robot 7.0.1 (Python 3.12.4 on linux)" generated="2024-08-02T11:12:55.070993" rpa="false" schemaversion="5">
<suite id="s1" name="Tests" source="/home/runner/work/ApiRandomUser/ApiRandomUser/RamdonUser/tests">
<suite id="s1-s1" name="Random-User-Test" source="/home/runner/work/ApiRandomUser/ApiRandomUser/RamdonUser/tests/random-user-test.robot">
<test id="s1-s1-t1" name="Conectar" line="13">
<kw name="Conectar API" owner="random-user-service">
<kw name="Create Session" owner="RequestsLibrary">
<msg time="2024-08-02T11:12:55.497079" level="INFO">Creating Session using : alias=consultarAPI, url=https://randomuser.me/, headers={},                     cookies={}, auth=None, timeout=None, proxies=None, verify=False,                     debug=0 </msg>
<arg>consultarAPI</arg>
<arg>${URL}</arg>
<doc>Create Session: create a HTTP session to a server</doc>
<status status="PASS" start="2024-08-02T11:12:55.496867" elapsed="0.000411"/>
</kw>
<status status="PASS" start="2024-08-02T11:12:55.495752" elapsed="0.001909"/>
</kw>
<status status="PASS" start="2024-08-02T11:12:55.495098" elapsed="0.002766"/>
</test>
<test id="s1-s1-t2" name="Validar retorno 200 e JSON Válido" line="16">
<kw name="Teste de Requisicao Basica" owner="random-user-service">
<kw name="GET On Session" owner="RequestsLibrary">
<msg time="2024-08-02T11:12:55.719593" level="INFO">GET Request : url=https://randomuser.me/api 
 path_url=/api 
 headers={'User-Agent': 'python-requests/2.32.3', 'Accept-Encoding': 'gzip, deflate', 'Accept': '*/*', 'Connection': 'keep-alive'} 
 body=None 
 </msg>
<msg time="2024-08-02T11:12:55.719750" level="INFO">GET Response : url=https://randomuser.me/api 
 status=200, reason=OK 
 headers={'Date': 'Fri, 02 Aug 2024 11:12:55 GMT', 'Content-Type': 'application/json; charset=utf-8', 'Transfer-Encoding': 'chunked', 'Connection': 'keep-alive', 'X-Powered-By': 'Express', 'Access-Control-Allow-Origin': '*', 'Cache-Control': 'no-cache', 'ETag': 'W/"4ae-+mpGzI9dwVjKicWv8Op70jK/Yx8"', 'Vary': 'Accept-Encoding', 'Content-Encoding': 'gzip', 'CF-Cache-Status': 'DYNAMIC', 'Report-To': '{"endpoints":[{"url":"https:\\/\\/a.nel.cloudflare.com\\/report\\/v4?s=m6RYd70Ub%2F7pYtzQV5ddonzcqnlSUv4ojbrY5UeLdY73uyE5%2Fxnh2cBcQBRal0Zj1xe48ZsbZbudgI3UtUhQ6tRBIPThg3hYxuVbpBKp3LpjUUKLVrCED3P0KId4p8CB"}],"group":"cf-nel","max_age":604800}', 'NEL': '{"success_fraction":0,"report_to":"cf-nel","max_age":604800}', 'Server': 'cloudflare', 'CF-RAY': '8acda2bc0e20c943-IAD', 'alt-svc': 'h3=":443"; ma=86400'} 
 body={"results":[{"gender":"male","name":{"title":"Mr","first":"Daniel","last":"Armstrong"},"location":{"street":{"number":214,"name":"Alexander Road"},"city":"Westminster","state":"Cambridgeshire","country":"United Kingdom","postcode":"I8A 4YE","coordinates":{"latitude":"-9.4330","longitude":"-53.0691"},"timezone":{"offset":"+10:00","description":"Eastern Australia, Guam, Vladivostok"}},"email":"daniel.armstrong@example.com","login":{"uuid":"30f00e19-6ed3-4b86-bb58-aa2b0d915e23","username":"greenleopard665","password":"qqqqqqq","salt":"y43oSFA0","md5":"b76a239bdbae6576e5128e2fa82b00e2","sha1":"d410214a4096dad47e73eb5c45cd9ea29aa4ccef","sha256":"4e8860ef4906080cb298561dd65af144a5c1f14b29e78a9218ba3587f1ea0840"},"dob":{"date":"1981-12-08T14:09:39.822Z","age":42},"registered":{"date":"2005-07-28T17:02:20.151Z","age":19},"phone":"015242 19492","cell":"07233 085897","id":{"name":"NINO","value":"OW 43 08 05 A"},"picture":{"large":"https://randomuser.me/api/portraits/men/69.jpg","medium":"https://randomuser.me/api/portraits/med/men/69.jpg","thumbnail":"https://randomuser.me/api/portraits/thumb/men/69.jpg"},"nat":"GB"}],"info":{"seed":"645553c6b1e547e8","results":1,"page":1,"version":"1.4"}} 
 </msg>
<msg time="2024-08-02T11:12:55.719831" level="INFO">/opt/hostedtoolcache/Python/3.12.4/x64/lib/python3.12/site-packages/urllib3/connectionpool.py:1099: InsecureRequestWarning: Unverified HTTPS request is being made to host 'randomuser.me'. Adding certificate verification is strongly advised. See: https://urllib3.readthedocs.io/en/latest/advanced-usage.html#tls-warnings
  warnings.warn(</msg>
<msg time="2024-08-02T11:12:55.719978" level="INFO">${response} = &lt;Response [200]&gt;</msg>
<var>${response}</var>
<arg>consultarAPI</arg>
<arg>/api</arg>
<doc>Sends a GET request on a previously created HTTP Session.</doc>
<status status="PASS" start="2024-08-02T11:12:55.500578" elapsed="0.219440"/>
</kw>
<kw name="Should Be Equal As Numbers" owner="BuiltIn">
<msg time="2024-08-02T11:12:55.721025" level="INFO">Argument types are:
&lt;class 'int'&gt;
&lt;class 'str'&gt;</msg>
<arg>${response.status_code}</arg>
<arg>200</arg>
<doc>Fails if objects are unequal after converting them to real numbers.</doc>
<status status="PASS" start="2024-08-02T11:12:55.720557" elapsed="0.000535"/>
</kw>
<kw name="Log" owner="BuiltIn">
<msg time="2024-08-02T11:12:55.721767" level="INFO">200</msg>
<arg>${response.status_code}</arg>
<doc>Logs the given message with the given level.</doc>
<status status="PASS" start="2024-08-02T11:12:55.721412" elapsed="0.000399"/>
</kw>
<kw name="Set Variable" owner="BuiltIn">
<msg time="2024-08-02T11:12:55.722558" level="INFO">${json_data} = {'results': [{'gender': 'male', 'name': {'title': 'Mr', 'first': 'Daniel', 'last': 'Armstrong'}, 'location': {'street': {'number': 214, 'name': 'Alexander Road'}, 'city': 'Westminster', 'state': 'Camb...</msg>
<var>${json_data}</var>
<arg>${response.json()}</arg>
<doc>Returns the given values which can then be assigned to a variables.</doc>
<status status="PASS" start="2024-08-02T11:12:55.722121" elapsed="0.000465"/>
</kw>
<kw name="Dictionary Should Contain Key" owner="Collections">
<arg>${json_data}</arg>
<arg>results</arg>
<doc>Fails if ``key`` is not found from ``dictionary``.</doc>
<status status="PASS" start="2024-08-02T11:12:55.722892" elapsed="0.000333"/>
</kw>
<status status="PASS" start="2024-08-02T11:12:55.500294" elapsed="0.223086"/>
</kw>
<doc>Testa se a API responde corretamente e retorna um objeto JSON válido.</doc>
<tag>testeRequisicaoBasica</tag>
<status status="PASS" start="2024-08-02T11:12:55.499759" elapsed="0.223799"/>
</test>
<test id="s1-s1-t3" name="Validar estrutura de resposta" line="22">
<kw name="Teste de Estrutura de Resposta" owner="random-user-service">
<kw name="GET On Session" owner="RequestsLibrary">
<msg time="2024-08-02T11:12:55.849859" level="INFO">GET Request : url=https://randomuser.me/api 
 path_url=/api 
 headers={'User-Agent': 'python-requests/2.32.3', 'Accept-Encoding': 'gzip, deflate', 'Accept': '*/*', 'Connection': 'keep-alive'} 
 body=None 
 </msg>
<msg time="2024-08-02T11:12:55.849961" level="INFO">GET Response : url=https://randomuser.me/api 
 status=200, reason=OK 
 headers={'Date': 'Fri, 02 Aug 2024 11:12:55 GMT', 'Content-Type': 'application/json; charset=utf-8', 'Transfer-Encoding': 'chunked', 'Connection': 'keep-alive', 'X-Powered-By': 'Express', 'Access-Control-Allow-Origin': '*', 'Cache-Control': 'no-cache', 'ETag': 'W/"49c-TIxSegNpPKN+CIUZnxCpISRMNqk"', 'Vary': 'Accept-Encoding', 'Content-Encoding': 'gzip', 'CF-Cache-Status': 'DYNAMIC', 'Report-To': '{"endpoints":[{"url":"https:\\/\\/a.nel.cloudflare.com\\/report\\/v4?s=kcrm8riWZ7TI2S86Dh3T41%2B%2B2lsBK6h6b58lUlB3fdEgUnBnwlQUNH4kqSTV8tt2H5pZMFOKDYGr9xJoCkGtjjAhGNYtv9TWu8HfLsXYazshOM8h9c%2FIX%2BAKn9Ptg1lC"}],"group":"cf-nel","max_age":604800}', 'NEL': '{"success_fraction":0,"report_to":"cf-nel","max_age":604800}', 'Server': 'cloudflare', 'CF-RAY': '8acda2bc4eb5c943-IAD', 'alt-svc': 'h3=":443"; ma=86400'} 
 body={"results":[{"gender":"female","name":{"title":"Miss","first":"Madison","last":"Gutierrez"},"location":{"street":{"number":5368,"name":"Edwards Rd"},"city":"Utica","state":"Massachusetts","country":"United States","postcode":52634,"coordinates":{"latitude":"85.6602","longitude":"37.4543"},"timezone":{"offset":"-7:00","description":"Mountain Time (US &amp; Canada)"}},"email":"madison.gutierrez@example.com","login":{"uuid":"a54283e6-758c-440c-bdc0-8a5f01464a70","username":"angryleopard686","password":"roger1","salt":"wGXrbUSZ","md5":"198f8e46123e8051cf8c5e2d97eece9f","sha1":"debb7e78c1d7a06c005af7121ecf75be86f762fd","sha256":"af672e801f6f9f645d2fa606ce3c4201f773e063c04819f9fedc1db0d6f57301"},"dob":{"date":"1962-08-09T09:46:29.093Z","age":61},"registered":{"date":"2022-03-13T05:19:48.164Z","age":2},"phone":"(234) 464-0853","cell":"(586) 340-6315","id":{"name":"SSN","value":"892-13-2824"},"picture":{"large":"https://randomuser.me/api/portraits/women/5.jpg","medium":"https://randomuser.me/api/portraits/med/women/5.jpg","thumbnail":"https://randomuser.me/api/portraits/thumb/women/5.jpg"},"nat":"US"}],"info":{"seed":"01d6cc61952199c7","results":1,"page":1,"version":"1.4"}} 
 </msg>
<msg time="2024-08-02T11:12:55.850092" level="INFO">/opt/hostedtoolcache/Python/3.12.4/x64/lib/python3.12/site-packages/urllib3/connectionpool.py:1099: InsecureRequestWarning: Unverified HTTPS request is being made to host 'randomuser.me'. Adding certificate verification is strongly advised. See: https://urllib3.readthedocs.io/en/latest/advanced-usage.html#tls-warnings
  warnings.warn(</msg>
<msg time="2024-08-02T11:12:55.850224" level="INFO">${response} = &lt;Response [200]&gt;</msg>
<var>${response}</var>
<arg>consultarAPI</arg>
<arg>/api</arg>
<doc>Sends a GET request on a previously created HTTP Session.</doc>
<status status="PASS" start="2024-08-02T11:12:55.726356" elapsed="0.123909"/>
</kw>
<kw name="Set Variable" owner="BuiltIn">
<msg time="2024-08-02T11:12:55.851452" level="INFO">${json_data} = {'results': [{'gender': 'female', 'name': {'title': 'Miss', 'first': 'Madison', 'last': 'Gutierrez'}, 'location': {'street': {'number': 5368, 'name': 'Edwards Rd'}, 'city': 'Utica', 'state': 'Massachu...</msg>
<var>${json_data}</var>
<arg>${response.json()}</arg>
<doc>Returns the given values which can then be assigned to a variables.</doc>
<status status="PASS" start="2024-08-02T11:12:55.850876" elapsed="0.000605"/>
</kw>
<kw name="Log" owner="BuiltIn">
<msg time="2024-08-02T11:12:55.851956" level="INFO">{'results': [{'gender': 'female', 'name': {'title': 'Miss', 'first': 'Madison', 'last': 'Gutierrez'}, 'location': {'street': {'number': 5368, 'name': 'Edwards Rd'}, 'city': 'Utica', 'state': 'Massachusetts', 'country': 'United States', 'postcode': 52634, 'coordinates': {'latitude': '85.6602', 'longitude': '37.4543'}, 'timezone': {'offset': '-7:00', 'description': 'Mountain Time (US &amp; Canada)'}}, 'email': 'madison.gutierrez@example.com', 'login': {'uuid': 'a54283e6-758c-440c-bdc0-8a5f01464a70', 'username': 'angryleopard686', 'password': 'roger1', 'salt': 'wGXrbUSZ', 'md5': '198f8e46123e8051cf8c5e2d97eece9f', 'sha1': 'debb7e78c1d7a06c005af7121ecf75be86f762fd', 'sha256': 'af672e801f6f9f645d2fa606ce3c4201f773e063c04819f9fedc1db0d6f57301'}, 'dob': {'date': '1962-08-09T09:46:29.093Z', 'age': 61}, 'registered': {'date': '2022-03-13T05:19:48.164Z', 'age': 2}, 'phone': '(234) 464-0853', 'cell': '(586) 340-6315', 'id': {'name': 'SSN', 'value': '892-13-2824'}, 'picture': {'large': 'https://randomuser.me/api/portraits/women/5.jpg', 'medium': 'https://randomuser.me/api/portraits/med/women/5.jpg', 'thumbnail': 'https://randomuser.me/api/portraits/thumb/women/5.jpg'}, 'nat': 'US'}], 'info': {'seed': '01d6cc61952199c7', 'results': 1, 'page': 1, 'version': '1.4'}}</msg>
<arg>${json_data}</arg>
<doc>Logs the given message with the given level.</doc>
<status status="PASS" start="2024-08-02T11:12:55.851791" elapsed="0.000215"/>
</kw>
<kw name="Dictionary Should Contain Key" owner="Collections">
<arg>${json_data}</arg>
<arg>results</arg>
<doc>Fails if ``key`` is not found from ``dictionary``.</doc>
<status status="PASS" start="2024-08-02T11:12:55.852295" elapsed="0.000205"/>
</kw>
<kw name="Should Not Be Empty" owner="BuiltIn">
<msg time="2024-08-02T11:12:55.852815" level="INFO">Length is 2.</msg>
<arg>${json_data}</arg>
<doc>Verifies that the given item is not empty.</doc>
<status status="PASS" start="2024-08-02T11:12:55.852685" elapsed="0.000166"/>
</kw>
<kw name="Create List" owner="BuiltIn">
<msg time="2024-08-02T11:12:55.853407" level="INFO">${expected_keys} = ['gender', 'name', 'location', 'email', 'login']</msg>
<var>${expected_keys}</var>
<arg>gender</arg>
<arg>name</arg>
<arg>location</arg>
<arg>email</arg>
<arg>login</arg>
<doc>Returns a list containing given items.</doc>
<status status="PASS" start="2024-08-02T11:12:55.853180" elapsed="0.000267"/>
</kw>
<for flavor="IN">
<iter>
<kw name="Dictionary Should Contain Key" owner="Collections">
<arg>${json_data['results'][0]}</arg>
<arg>${key}</arg>
<doc>Fails if ``key`` is not found from ``dictionary``.</doc>
<status status="PASS" start="2024-08-02T11:12:55.854080" elapsed="0.000399"/>
</kw>
<kw name="Log" owner="BuiltIn">
<msg time="2024-08-02T11:12:55.855047" level="INFO">{'gender': 'female', 'name': {'title': 'Miss', 'first': 'Madison', 'last': 'Gutierrez'}, 'location': {'street': {'number': 5368, 'name': 'Edwards Rd'}, 'city': 'Utica', 'state': 'Massachusetts', 'country': 'United States', 'postcode': 52634, 'coordinates': {'latitude': '85.6602', 'longitude': '37.4543'}, 'timezone': {'offset': '-7:00', 'description': 'Mountain Time (US &amp; Canada)'}}, 'email': 'madison.gutierrez@example.com', 'login': {'uuid': 'a54283e6-758c-440c-bdc0-8a5f01464a70', 'username': 'angryleopard686', 'password': 'roger1', 'salt': 'wGXrbUSZ', 'md5': '198f8e46123e8051cf8c5e2d97eece9f', 'sha1': 'debb7e78c1d7a06c005af7121ecf75be86f762fd', 'sha256': 'af672e801f6f9f645d2fa606ce3c4201f773e063c04819f9fedc1db0d6f57301'}, 'dob': {'date': '1962-08-09T09:46:29.093Z', 'age': 61}, 'registered': {'date': '2022-03-13T05:19:48.164Z', 'age': 2}, 'phone': '(234) 464-0853', 'cell': '(586) 340-6315', 'id': {'name': 'SSN', 'value': '892-13-2824'}, 'picture': {'large': 'https://randomuser.me/api/portraits/women/5.jpg', 'medium': 'https://randomuser.me/api/portraits/med/women/5.jpg', 'thumbnail': 'https://randomuser.me/api/portraits/thumb/women/5.jpg'}, 'nat': 'US'}</msg>
<arg>${json_data['results'][0]}</arg>
<doc>Logs the given message with the given level.</doc>
<status status="PASS" start="2024-08-02T11:12:55.854665" elapsed="0.000433"/>
</kw>
<kw name="Log" owner="BuiltIn">
<msg time="2024-08-02T11:12:55.855526" level="INFO">gender</msg>
<arg>${key}</arg>
<doc>Logs the given message with the given level.</doc>
<status status="PASS" start="2024-08-02T11:12:55.855398" elapsed="0.000166"/>
</kw>
<var name="${key}">gender</var>
<status status="PASS" start="2024-08-02T11:12:55.853951" elapsed="0.001825"/>
</iter>
<iter>
<kw name="Dictionary Should Contain Key" owner="Collections">
<arg>${json_data['results'][0]}</arg>
<arg>${key}</arg>
<doc>Fails if ``key`` is not found from ``dictionary``.</doc>
<status status="PASS" start="2024-08-02T11:12:55.856071" elapsed="0.000418"/>
</kw>
<kw name="Log" owner="BuiltIn">
<msg time="2024-08-02T11:12:55.857066" level="INFO">{'gender': 'female', 'name': {'title': 'Miss', 'first': 'Madison', 'last': 'Gutierrez'}, 'location': {'street': {'number': 5368, 'name': 'Edwards Rd'}, 'city': 'Utica', 'state': 'Massachusetts', 'country': 'United States', 'postcode': 52634, 'coordinates': {'latitude': '85.6602', 'longitude': '37.4543'}, 'timezone': {'offset': '-7:00', 'description': 'Mountain Time (US &amp; Canada)'}}, 'email': 'madison.gutierrez@example.com', 'login': {'uuid': 'a54283e6-758c-440c-bdc0-8a5f01464a70', 'username': 'angryleopard686', 'password': 'roger1', 'salt': 'wGXrbUSZ', 'md5': '198f8e46123e8051cf8c5e2d97eece9f', 'sha1': 'debb7e78c1d7a06c005af7121ecf75be86f762fd', 'sha256': 'af672e801f6f9f645d2fa606ce3c4201f773e063c04819f9fedc1db0d6f57301'}, 'dob': {'date': '1962-08-09T09:46:29.093Z', 'age': 61}, 'registered': {'date': '2022-03-13T05:19:48.164Z', 'age': 2}, 'phone': '(234) 464-0853', 'cell': '(586) 340-6315', 'id': {'name': 'SSN', 'value': '892-13-2824'}, 'picture': {'large': 'https://randomuser.me/api/portraits/women/5.jpg', 'medium': 'https://randomuser.me/api/portraits/med/women/5.jpg', 'thumbnail': 'https://randomuser.me/api/portraits/thumb/women/5.jpg'}, 'nat': 'US'}</msg>
<arg>${json_data['results'][0]}</arg>
<doc>Logs the given message with the given level.</doc>
<status status="PASS" start="2024-08-02T11:12:55.856672" elapsed="0.000444"/>
</kw>
<kw name="Log" owner="BuiltIn">
<msg time="2024-08-02T11:12:55.857537" level="INFO">name</msg>
<arg>${key}</arg>
<doc>Logs the given message with the given level.</doc>
<status status="PASS" start="2024-08-02T11:12:55.857409" elapsed="0.000166"/>
</kw>
<var name="${key}">name</var>
<status status="PASS" start="2024-08-02T11:12:55.855960" elapsed="0.001839"/>
</iter>
<iter>
<kw name="Dictionary Should Contain Key" owner="Collections">
<arg>${json_data['results'][0]}</arg>
<arg>${key}</arg>
<doc>Fails if ``key`` is not found from ``dictionary``.</doc>
<status status="PASS" start="2024-08-02T11:12:55.858078" elapsed="0.000382"/>
</kw>
<kw name="Log" owner="BuiltIn">
<msg time="2024-08-02T11:12:55.859007" level="INFO">{'gender': 'female', 'name': {'title': 'Miss', 'first': 'Madison', 'last': 'Gutierrez'}, 'location': {'street': {'number': 5368, 'name': 'Edwards Rd'}, 'city': 'Utica', 'state': 'Massachusetts', 'country': 'United States', 'postcode': 52634, 'coordinates': {'latitude': '85.6602', 'longitude': '37.4543'}, 'timezone': {'offset': '-7:00', 'description': 'Mountain Time (US &amp; Canada)'}}, 'email': 'madison.gutierrez@example.com', 'login': {'uuid': 'a54283e6-758c-440c-bdc0-8a5f01464a70', 'username': 'angryleopard686', 'password': 'roger1', 'salt': 'wGXrbUSZ', 'md5': '198f8e46123e8051cf8c5e2d97eece9f', 'sha1': 'debb7e78c1d7a06c005af7121ecf75be86f762fd', 'sha256': 'af672e801f6f9f645d2fa606ce3c4201f773e063c04819f9fedc1db0d6f57301'}, 'dob': {'date': '1962-08-09T09:46:29.093Z', 'age': 61}, 'registered': {'date': '2022-03-13T05:19:48.164Z', 'age': 2}, 'phone': '(234) 464-0853', 'cell': '(586) 340-6315', 'id': {'name': 'SSN', 'value': '892-13-2824'}, 'picture': {'large': 'https://randomuser.me/api/portraits/women/5.jpg', 'medium': 'https://randomuser.me/api/portraits/med/women/5.jpg', 'thumbnail': 'https://randomuser.me/api/portraits/thumb/women/5.jpg'}, 'nat': 'US'}</msg>
<arg>${json_data['results'][0]}</arg>
<doc>Logs the given message with the given level.</doc>
<status status="PASS" start="2024-08-02T11:12:55.858646" elapsed="0.000410"/>
</kw>
<kw name="Log" owner="BuiltIn">
<msg time="2024-08-02T11:12:55.859480" level="INFO">location</msg>
<arg>${key}</arg>
<doc>Logs the given message with the given level.</doc>
<status status="PASS" start="2024-08-02T11:12:55.859353" elapsed="0.000164"/>
</kw>
<var name="${key}">location</var>
<status status="PASS" start="2024-08-02T11:12:55.857972" elapsed="0.001758"/>
</iter>
<iter>
<kw name="Dictionary Should Contain Key" owner="Collections">
<arg>${json_data['results'][0]}</arg>
<arg>${key}</arg>
<doc>Fails if ``key`` is not found from ``dictionary``.</doc>
<status status="PASS" start="2024-08-02T11:12:55.860009" elapsed="0.000407"/>
</kw>
<kw name="Log" owner="BuiltIn">
<msg time="2024-08-02T11:12:55.861085" level="INFO">{'gender': 'female', 'name': {'title': 'Miss', 'first': 'Madison', 'last': 'Gutierrez'}, 'location': {'street': {'number': 5368, 'name': 'Edwards Rd'}, 'city': 'Utica', 'state': 'Massachusetts', 'country': 'United States', 'postcode': 52634, 'coordinates': {'latitude': '85.6602', 'longitude': '37.4543'}, 'timezone': {'offset': '-7:00', 'description': 'Mountain Time (US &amp; Canada)'}}, 'email': 'madison.gutierrez@example.com', 'login': {'uuid': 'a54283e6-758c-440c-bdc0-8a5f01464a70', 'username': 'angryleopard686', 'password': 'roger1', 'salt': 'wGXrbUSZ', 'md5': '198f8e46123e8051cf8c5e2d97eece9f', 'sha1': 'debb7e78c1d7a06c005af7121ecf75be86f762fd', 'sha256': 'af672e801f6f9f645d2fa606ce3c4201f773e063c04819f9fedc1db0d6f57301'}, 'dob': {'date': '1962-08-09T09:46:29.093Z', 'age': 61}, 'registered': {'date': '2022-03-13T05:19:48.164Z', 'age': 2}, 'phone': '(234) 464-0853', 'cell': '(586) 340-6315', 'id': {'name': 'SSN', 'value': '892-13-2824'}, 'picture': {'large': 'https://randomuser.me/api/portraits/women/5.jpg', 'medium': 'https://randomuser.me/api/portraits/med/women/5.jpg', 'thumbnail': 'https://randomuser.me/api/portraits/thumb/women/5.jpg'}, 'nat': 'US'}</msg>
<arg>${json_data['results'][0]}</arg>
<doc>Logs the given message with the given level.</doc>
<status status="PASS" start="2024-08-02T11:12:55.860730" elapsed="0.000403"/>
</kw>
<kw name="Log" owner="BuiltIn">
<msg time="2024-08-02T11:12:55.861565" level="INFO">email</msg>
<arg>${key}</arg>
<doc>Logs the given message with the given level.</doc>
<status status="PASS" start="2024-08-02T11:12:55.861435" elapsed="0.000168"/>
</kw>
<var name="${key}">email</var>
<status status="PASS" start="2024-08-02T11:12:55.859903" elapsed="0.001915"/>
</iter>
<iter>
<kw name="Dictionary Should Contain Key" owner="Collections">
<arg>${json_data['results'][0]}</arg>
<arg>${key}</arg>
<doc>Fails if ``key`` is not found from ``dictionary``.</doc>
<status status="PASS" start="2024-08-02T11:12:55.862101" elapsed="0.000374"/>
</kw>
<kw name="Log" owner="BuiltIn">
<msg time="2024-08-02T11:12:55.863005" level="INFO">{'gender': 'female', 'name': {'title': 'Miss', 'first': 'Madison', 'last': 'Gutierrez'}, 'location': {'street': {'number': 5368, 'name': 'Edwards Rd'}, 'city': 'Utica', 'state': 'Massachusetts', 'country': 'United States', 'postcode': 52634, 'coordinates': {'latitude': '85.6602', 'longitude': '37.4543'}, 'timezone': {'offset': '-7:00', 'description': 'Mountain Time (US &amp; Canada)'}}, 'email': 'madison.gutierrez@example.com', 'login': {'uuid': 'a54283e6-758c-440c-bdc0-8a5f01464a70', 'username': 'angryleopard686', 'password': 'roger1', 'salt': 'wGXrbUSZ', 'md5': '198f8e46123e8051cf8c5e2d97eece9f', 'sha1': 'debb7e78c1d7a06c005af7121ecf75be86f762fd', 'sha256': 'af672e801f6f9f645d2fa606ce3c4201f773e063c04819f9fedc1db0d6f57301'}, 'dob': {'date': '1962-08-09T09:46:29.093Z', 'age': 61}, 'registered': {'date': '2022-03-13T05:19:48.164Z', 'age': 2}, 'phone': '(234) 464-0853', 'cell': '(586) 340-6315', 'id': {'name': 'SSN', 'value': '892-13-2824'}, 'picture': {'large': 'https://randomuser.me/api/portraits/women/5.jpg', 'medium': 'https://randomuser.me/api/portraits/med/women/5.jpg', 'thumbnail': 'https://randomuser.me/api/portraits/thumb/women/5.jpg'}, 'nat': 'US'}</msg>
<arg>${json_data['results'][0]}</arg>
<doc>Logs the given message with the given level.</doc>
<status status="PASS" start="2024-08-02T11:12:55.862655" elapsed="0.000397"/>
</kw>
<kw name="Log" owner="BuiltIn">
<msg time="2024-08-02T11:12:55.863471" level="INFO">login</msg>
<arg>${key}</arg>
<doc>Logs the given message with the given level.</doc>
<status status="PASS" start="2024-08-02T11:12:55.863344" elapsed="0.000164"/>
</kw>
<var name="${key}">login</var>
<status status="PASS" start="2024-08-02T11:12:55.861993" elapsed="0.001729"/>
</iter>
<var>${key}</var>
<value>@{expected_keys}</value>
<status status="PASS" start="2024-08-02T11:12:55.853758" elapsed="0.010084"/>
</for>
<kw name="Create List" owner="BuiltIn">
<msg time="2024-08-02T11:12:55.864200" level="INFO">${expected_keysTwo} = ['username', 'password']</msg>
<var>${expected_keysTwo}</var>
<arg>username</arg>
<arg>password</arg>
<doc>Returns a list containing given items.</doc>
<status status="PASS" start="2024-08-02T11:12:55.864060" elapsed="0.000164"/>
</kw>
<for flavor="IN">
<iter>
<kw name="Dictionary Should Contain Key" owner="Collections">
<arg>${json_data['results'][0]['login']}</arg>
<arg>${keyTwo}</arg>
<doc>Fails if ``key`` is not found from ``dictionary``.</doc>
<status status="PASS" start="2024-08-02T11:12:55.864755" elapsed="0.000381"/>
</kw>
<kw name="Dictionary Should Contain Key" owner="Collections">
<arg>${json_data['results'][0]['login']}</arg>
<arg>${keyTwo}</arg>
<doc>Fails if ``key`` is not found from ``dictionary``.</doc>
<status status="PASS" start="2024-08-02T11:12:55.865313" elapsed="0.000379"/>
</kw>
<kw name="Log" owner="BuiltIn">
<msg time="2024-08-02T11:12:55.865995" level="INFO">username</msg>
<arg>${keyTwo}</arg>
<doc>Logs the given message with the given level.</doc>
<status status="PASS" start="2024-08-02T11:12:55.865873" elapsed="0.000160"/>
</kw>
<var name="${keyTwo}">username</var>
<status status="PASS" start="2024-08-02T11:12:55.864647" elapsed="0.001606"/>
</iter>
<iter>
<kw name="Dictionary Should Contain Key" owner="Collections">
<arg>${json_data['results'][0]['login']}</arg>
<arg>${keyTwo}</arg>
<doc>Fails if ``key`` is not found from ``dictionary``.</doc>
<status status="PASS" start="2024-08-02T11:12:55.866534" elapsed="0.000379"/>
</kw>
<kw name="Dictionary Should Contain Key" owner="Collections">
<arg>${json_data['results'][0]['login']}</arg>
<arg>${keyTwo}</arg>
<doc>Fails if ``key`` is not found from ``dictionary``.</doc>
<status status="PASS" start="2024-08-02T11:12:55.867088" elapsed="0.000366"/>
</kw>
<kw name="Log" owner="BuiltIn">
<msg time="2024-08-02T11:12:55.867757" level="INFO">password</msg>
<arg>${keyTwo}</arg>
<doc>Logs the given message with the given level.</doc>
<status status="PASS" start="2024-08-02T11:12:55.867626" elapsed="0.000169"/>
</kw>
<var name="${keyTwo}">password</var>
<status status="PASS" start="2024-08-02T11:12:55.866426" elapsed="0.001592"/>
</iter>
<var>${keyTwo}</var>
<value>@{expected_keysTwo}</value>
<status status="PASS" start="2024-08-02T11:12:55.864488" elapsed="0.003651"/>
</for>
<status status="PASS" start="2024-08-02T11:12:55.726117" elapsed="0.142166"/>
</kw>
<doc>Testa a estrutura da resposta da API.</doc>
<tag>testeEstruturaResposta</tag>
<status status="PASS" start="2024-08-02T11:12:55.725528" elapsed="0.142969"/>
</test>
<test id="s1-s1-t4" name="Validar tipos de dados" line="28">
<kw name="Teste de Tipos de Dados" owner="random-user-service">
<kw name="GET On Session" owner="RequestsLibrary">
<msg time="2024-08-02T11:12:55.907375" level="INFO">GET Request : url=https://randomuser.me/api 
 path_url=/api 
 headers={'User-Agent': 'python-requests/2.32.3', 'Accept-Encoding': 'gzip, deflate', 'Accept': '*/*', 'Connection': 'keep-alive'} 
 body=None 
 </msg>
<msg time="2024-08-02T11:12:55.907488" level="INFO">GET Response : url=https://randomuser.me/api 
 status=200, reason=OK 
 headers={'Date': 'Fri, 02 Aug 2024 11:12:55 GMT', 'Content-Type': 'application/json; charset=utf-8', 'Transfer-Encoding': 'chunked', 'Connection': 'keep-alive', 'X-Powered-By': 'Express', 'Access-Control-Allow-Origin': '*', 'Cache-Control': 'no-cache', 'ETag': 'W/"489-fr1zFiGJygd0yCnBBYhoPTBCidk"', 'Vary': 'Accept-Encoding', 'Content-Encoding': 'gzip', 'CF-Cache-Status': 'DYNAMIC', 'Report-To': '{"endpoints":[{"url":"https:\\/\\/a.nel.cloudflare.com\\/report\\/v4?s=lMtEtLkBD67MzwKKbGWEhlxwZ2esfiea88rDdVxANEDTDYKTlW6VUU0UNPLaJP4wk2%2BPJhhnibwNB7dPA2gdKyxbVjvKHNU4vy0ybjdNo0PiD%2Bjjax2k%2FH%2FlT37WB5bl"}],"group":"cf-nel","max_age":604800}', 'NEL': '{"success_fraction":0,"report_to":"cf-nel","max_age":604800}', 'Server': 'cloudflare', 'CF-RAY': '8acda2bd3871c943-IAD', 'alt-svc': 'h3=":443"; ma=86400'} 
 body={"results":[{"gender":"female","name":{"title":"Ms","first":"Heidi","last":"Steward"},"location":{"street":{"number":2057,"name":"E Pecan St"},"city":"Busselton","state":"South Australia","country":"Australia","postcode":9323,"coordinates":{"latitude":"-83.8856","longitude":"0.1342"},"timezone":{"offset":"+7:00","description":"Bangkok, Hanoi, Jakarta"}},"email":"heidi.steward@example.com","login":{"uuid":"6dfd3339-94ca-4428-a36a-84860fddcb51","username":"purpleleopard351","password":"here","salt":"qVNsjG4o","md5":"bc8ea14cab4d7495478b0020b1c4f8a0","sha1":"312d9a6a65d3b134619f341147ad4bc954cc4865","sha256":"95a71c264e353e1d09cce2e870f81732de9966c91f631a7284926c377981d973"},"dob":{"date":"1974-11-29T00:58:42.235Z","age":49},"registered":{"date":"2010-03-20T19:37:50.185Z","age":14},"phone":"09-8876-3058","cell":"0468-428-426","id":{"name":"TFN","value":"927925141"},"picture":{"large":"https://randomuser.me/api/portraits/women/0.jpg","medium":"https://randomuser.me/api/portraits/med/women/0.jpg","thumbnail":"https://randomuser.me/api/portraits/thumb/women/0.jpg"},"nat":"AU"}],"info":{"seed":"7d0dd425d7b0956a","results":1,"page":1,"version":"1.4"}} 
 </msg>
<msg time="2024-08-02T11:12:55.907568" level="INFO">/opt/hostedtoolcache/Python/3.12.4/x64/lib/python3.12/site-packages/urllib3/connectionpool.py:1099: InsecureRequestWarning: Unverified HTTPS request is being made to host 'randomuser.me'. Adding certificate verification is strongly advised. See: https://urllib3.readthedocs.io/en/latest/advanced-usage.html#tls-warnings
  warnings.warn(</msg>
<msg time="2024-08-02T11:12:55.907712" level="INFO">${response} = &lt;Response [200]&gt;</msg>
<var>${response}</var>
<arg>consultarAPI</arg>
<arg>/api</arg>
<doc>Sends a GET request on a previously created HTTP Session.</doc>
<status status="PASS" start="2024-08-02T11:12:55.871111" elapsed="0.036651"/>
</kw>
<kw name="Set Variable" owner="BuiltIn">
<msg time="2024-08-02T11:12:55.909017" level="INFO">${json_data} = {'results': [{'gender': 'female', 'name': {'title': 'Ms', 'first': 'Heidi', 'last': 'Steward'}, 'location': {'street': {'number': 2057, 'name': 'E Pecan St'}, 'city': 'Busselton', 'state': 'South Aust...</msg>
<var>${json_data}</var>
<arg>${response.json()}</arg>
<doc>Returns the given values which can then be assigned to a variables.</doc>
<status status="PASS" start="2024-08-02T11:12:55.908430" elapsed="0.000617"/>
</kw>
<kw name="Log" owner="BuiltIn">
<msg time="2024-08-02T11:12:55.909525" level="INFO">{'results': [{'gender': 'female', 'name': {'title': 'Ms', 'first': 'Heidi', 'last': 'Steward'}, 'location': {'street': {'number': 2057, 'name': 'E Pecan St'}, 'city': 'Busselton', 'state': 'South Australia', 'country': 'Australia', 'postcode': 9323, 'coordinates': {'latitude': '-83.8856', 'longitude': '0.1342'}, 'timezone': {'offset': '+7:00', 'description': 'Bangkok, Hanoi, Jakarta'}}, 'email': 'heidi.steward@example.com', 'login': {'uuid': '6dfd3339-94ca-4428-a36a-84860fddcb51', 'username': 'purpleleopard351', 'password': 'here', 'salt': 'qVNsjG4o', 'md5': 'bc8ea14cab4d7495478b0020b1c4f8a0', 'sha1': '312d9a6a65d3b134619f341147ad4bc954cc4865', 'sha256': '95a71c264e353e1d09cce2e870f81732de9966c91f631a7284926c377981d973'}, 'dob': {'date': '1974-11-29T00:58:42.235Z', 'age': 49}, 'registered': {'date': '2010-03-20T19:37:50.185Z', 'age': 14}, 'phone': '09-8876-3058', 'cell': '0468-428-426', 'id': {'name': 'TFN', 'value': '927925141'}, 'picture': {'large': 'https://randomuser.me/api/portraits/women/0.jpg', 'medium': 'https://randomuser.me/api/portraits/med/women/0.jpg', 'thumbnail': 'https://randomuser.me/api/portraits/thumb/women/0.jpg'}, 'nat': 'AU'}], 'info': {'seed': '7d0dd425d7b0956a', 'results': 1, 'page': 1, 'version': '1.4'}}</msg>
<arg>${json_data}</arg>
<doc>Logs the given message with the given level.</doc>
<status status="PASS" start="2024-08-02T11:12:55.909367" elapsed="0.000208"/>
</kw>
<kw name="Should Be String" owner="String">
<arg>${json_data['results'][0]['gender']}</arg>
<doc>Fails if the given ``item`` is not a string.</doc>
<status status="PASS" start="2024-08-02T11:12:55.909868" elapsed="0.000367"/>
</kw>
<kw name="Should Match Regexp" owner="BuiltIn">
<arg>${json_data['results'][0]['email']}</arg>
<arg>^[a-zA-Z0-9._%+-]+@[a-zA-Z0-9.-]+\.[a-zA-Z]{2,}$</arg>
<doc>Fails if ``string`` does not match ``pattern`` as a regular expression.</doc>
<status status="PASS" start="2024-08-02T11:12:55.910459" elapsed="0.000523"/>
</kw>
<kw name="Should Match Regexp" owner="BuiltIn">
<arg>${json_data['results'][0]['dob']['date']}</arg>
<arg>\\d{4}-\\d{2}-\\d{2}T\\d{2}:\\d{2}:\\d{2}\\.\\d{3}Z</arg>
<doc>Fails if ``string`` does not match ``pattern`` as a regular expression.</doc>
<status status="PASS" start="2024-08-02T11:12:55.911187" elapsed="0.000661"/>
</kw>
<kw name="Should Match Regexp" owner="BuiltIn">
<arg>${json_data['results'][0]['registered']['date']}</arg>
<arg>\\d{4}-\\d{2}-\\d{2}T\\d{2}:\\d{2}:\\d{2}\\.\\d{3}Z</arg>
<doc>Fails if ``string`` does not match ``pattern`` as a regular expression.</doc>
<status status="PASS" start="2024-08-02T11:12:55.912049" elapsed="0.000434"/>
</kw>
<kw name="Should Match Regexp" owner="BuiltIn">
<arg>${json_data['results'][0]['picture']['large']}</arg>
<arg>^https?://.*\.(?:png|jpe?g|gif|bmp)$</arg>
<doc>Fails if ``string`` does not match ``pattern`` as a regular expression.</doc>
<status status="PASS" start="2024-08-02T11:12:55.912679" elapsed="0.000469"/>
</kw>
<kw name="Should Match Regexp" owner="BuiltIn">
<arg>${json_data['results'][0]['picture']['medium']}</arg>
<arg>^https?://.*\.(?:png|jpe?g|gif|bmp)$</arg>
<doc>Fails if ``string`` does not match ``pattern`` as a regular expression.</doc>
<status status="PASS" start="2024-08-02T11:12:55.913337" elapsed="0.000386"/>
</kw>
<kw name="Should Match Regexp" owner="BuiltIn">
<arg>${json_data['results'][0]['picture']['thumbnail']}</arg>
<arg>^https?://.*\.(?:png|jpe?g|gif|bmp)$</arg>
<doc>Fails if ``string`` does not match ``pattern`` as a regular expression.</doc>
<status status="PASS" start="2024-08-02T11:12:55.913933" elapsed="0.000362"/>
</kw>
<kw name="Log" owner="BuiltIn">
<msg time="2024-08-02T11:12:55.914801" level="INFO">{'large': 'https://randomuser.me/api/portraits/women/0.jpg', 'medium': 'https://randomuser.me/api/portraits/med/women/0.jpg', 'thumbnail': 'https://randomuser.me/api/portraits/thumb/women/0.jpg'}</msg>
<arg>${json_data['results'][0]['picture']}</arg>
<doc>Logs the given message with the given level.</doc>
<status status="PASS" start="2024-08-02T11:12:55.914477" elapsed="0.000367"/>
</kw>
<status status="PASS" start="2024-08-02T11:12:55.870881" elapsed="0.044244"/>
</kw>
<kw name="Teste de Tipos de Dados - Postcode" owner="random-user-service">
<kw name="GET On Session" owner="RequestsLibrary">
<msg time="2024-08-02T11:12:56.066732" level="INFO">GET Request : url=https://randomuser.me/api 
 path_url=/api 
 headers={'User-Agent': 'python-requests/2.32.3', 'Accept-Encoding': 'gzip, deflate', 'Accept': '*/*', 'Connection': 'keep-alive'} 
 body=None 
 </msg>
<msg time="2024-08-02T11:12:56.066845" level="INFO">GET Response : url=https://randomuser.me/api 
 status=200, reason=OK 
 headers={'Date': 'Fri, 02 Aug 2024 11:12:56 GMT', 'Content-Type': 'application/json; charset=utf-8', 'Transfer-Encoding': 'chunked', 'Connection': 'keep-alive', 'X-Powered-By': 'Express', 'Access-Control-Allow-Origin': '*', 'Cache-Control': 'no-cache', 'ETag': 'W/"4a1-o7GTIF/iRRyEjLXBZ8U+aHz+y8E"', 'Vary': 'Accept-Encoding', 'Content-Encoding': 'gzip', 'CF-Cache-Status': 'DYNAMIC', 'Report-To': '{"endpoints":[{"url":"https:\\/\\/a.nel.cloudflare.com\\/report\\/v4?s=%2Fgao%2Fs5MA34MZeQPEuCy6IhVQQktS4K7w36dqcXkBp3wjkm0NSWqt%2F1Gksvnd8GeBSdtcVgc2FM5d5YXzfkqRJrQDxrevSspxU%2BHbG6eOQxN%2F%2BF752BcgMpL7rdN8F%2FS"}],"group":"cf-nel","max_age":604800}', 'NEL': '{"success_fraction":0,"report_to":"cf-nel","max_age":604800}', 'Server': 'cloudflare', 'CF-RAY': '8acda2bd78f3c943-IAD', 'alt-svc': 'h3=":443"; ma=86400'} 
 body={"results":[{"gender":"female","name":{"title":"Ms","first":"Loni","last":"Paulsen"},"location":{"street":{"number":9884,"name":"Am Sportplatz"},"city":"Blankenhain","state":"Niedersachsen","country":"Germany","postcode":90222,"coordinates":{"latitude":"-49.6757","longitude":"47.2934"},"timezone":{"offset":"-6:00","description":"Central Time (US &amp; Canada), Mexico City"}},"email":"loni.paulsen@example.com","login":{"uuid":"9ab3f018-e42c-4a35-873a-f1fd37fbabb7","username":"redzebra157","password":"calvin1","salt":"siVQmwGE","md5":"1a9de9902ea9b2cba302c64d5013ff16","sha1":"f933532e71f9c775abf3405e94c0eb30e3407113","sha256":"a976ced5f0903ce3f30b5f6e296161fccdf8169ac9fc2b06aaf71863c6a9a682"},"dob":{"date":"1998-06-30T00:27:51.216Z","age":26},"registered":{"date":"2018-11-26T19:22:24.632Z","age":5},"phone":"0497-6674601","cell":"0174-0532040","id":{"name":"SVNR","value":"80 290698 P 585"},"picture":{"large":"https://randomuser.me/api/portraits/women/19.jpg","medium":"https://randomuser.me/api/portraits/med/women/19.jpg","thumbnail":"https://randomuser.me/api/portraits/thumb/women/19.jpg"},"nat":"DE"}],"info":{"seed":"1707fb71c63e6d2a","results":1,"page":1,"version":"1.4"}} 
 </msg>
<msg time="2024-08-02T11:12:56.066928" level="INFO">/opt/hostedtoolcache/Python/3.12.4/x64/lib/python3.12/site-packages/urllib3/connectionpool.py:1099: InsecureRequestWarning: Unverified HTTPS request is being made to host 'randomuser.me'. Adding certificate verification is strongly advised. See: https://urllib3.readthedocs.io/en/latest/advanced-usage.html#tls-warnings
  warnings.warn(</msg>
<msg time="2024-08-02T11:12:56.067065" level="INFO">${response} = &lt;Response [200]&gt;</msg>
<var>${response}</var>
<arg>consultarAPI</arg>
<arg>/api</arg>
<doc>Sends a GET request on a previously created HTTP Session.</doc>
<status status="PASS" start="2024-08-02T11:12:55.915590" elapsed="0.151509"/>
</kw>
<kw name="Set Variable" owner="BuiltIn">
<msg time="2024-08-02T11:12:56.068258" level="INFO">${json_data} = {'results': [{'gender': 'female', 'name': {'title': 'Ms', 'first': 'Loni', 'last': 'Paulsen'}, 'location': {'street': {'number': 9884, 'name': 'Am Sportplatz'}, 'city': 'Blankenhain', 'state': 'Nieder...</msg>
<var>${json_data}</var>
<arg>${response.json()}</arg>
<doc>Returns the given values which can then be assigned to a variables.</doc>
<status status="PASS" start="2024-08-02T11:12:56.067722" elapsed="0.000568"/>
</kw>
<kw name="Log" owner="BuiltIn">
<msg time="2024-08-02T11:12:56.068848" level="INFO">{'results': [{'gender': 'female', 'name': {'title': 'Ms', 'first': 'Loni', 'last': 'Paulsen'}, 'location': {'street': {'number': 9884, 'name': 'Am Sportplatz'}, 'city': 'Blankenhain', 'state': 'Niedersachsen', 'country': 'Germany', 'postcode': 90222, 'coordinates': {'latitude': '-49.6757', 'longitude': '47.2934'}, 'timezone': {'offset': '-6:00', 'description': 'Central Time (US &amp; Canada), Mexico City'}}, 'email': 'loni.paulsen@example.com', 'login': {'uuid': '9ab3f018-e42c-4a35-873a-f1fd37fbabb7', 'username': 'redzebra157', 'password': 'calvin1', 'salt': 'siVQmwGE', 'md5': '1a9de9902ea9b2cba302c64d5013ff16', 'sha1': 'f933532e71f9c775abf3405e94c0eb30e3407113', 'sha256': 'a976ced5f0903ce3f30b5f6e296161fccdf8169ac9fc2b06aaf71863c6a9a682'}, 'dob': {'date': '1998-06-30T00:27:51.216Z', 'age': 26}, 'registered': {'date': '2018-11-26T19:22:24.632Z', 'age': 5}, 'phone': '0497-6674601', 'cell': '0174-0532040', 'id': {'name': 'SVNR', 'value': '80 290698 P 585'}, 'picture': {'large': 'https://randomuser.me/api/portraits/women/19.jpg', 'medium': 'https://randomuser.me/api/portraits/med/women/19.jpg', 'thumbnail': 'https://randomuser.me/api/portraits/thumb/women/19.jpg'}, 'nat': 'DE'}], 'info': {'seed': '1707fb71c63e6d2a', 'results': 1, 'page': 1, 'version': '1.4'}}</msg>
<arg>${json_data}</arg>
<doc>Logs the given message with the given level.</doc>
<status status="PASS" start="2024-08-02T11:12:56.068685" elapsed="0.000216"/>
</kw>
<kw name="Should Be Equal As Numbers" owner="BuiltIn">
<arg>${json_data['results'][0]['location']['postcode']}</arg>
<arg>${json_data['results'][0]['location']['postcode']}</arg>
<doc>Fails if objects are unequal after converting them to real numbers.</doc>
<status status="PASS" start="2024-08-02T11:12:56.069199" elapsed="0.000643"/>
</kw>
<kw name="Log" owner="BuiltIn">
<msg time="2024-08-02T11:12:56.070451" level="INFO">90222</msg>
<arg>${json_data['results'][0]['location']['postcode']}</arg>
<doc>Logs the given message with the given level.</doc>
<status status="PASS" start="2024-08-02T11:12:56.070069" elapsed="0.000431"/>
</kw>
<status status="PASS" start="2024-08-02T11:12:55.915352" elapsed="0.155462"/>
</kw>
<doc>Testa se os tipos de dados na resposta da API estão corretos.</doc>
<tag>testeTiposDados</tag>
<status status="PASS" start="2024-08-02T11:12:55.870292" elapsed="0.200712"/>
</test>
<test id="s1-s1-t5" name="Validar conteudo" line="35">
<kw name="Teste de Tipos de Conteudo" owner="random-user-service">
<kw name="GET On Session" owner="RequestsLibrary">
<msg time="2024-08-02T11:12:56.114390" level="INFO">GET Request : url=https://randomuser.me/api 
 path_url=/api 
 headers={'User-Agent': 'python-requests/2.32.3', 'Accept-Encoding': 'gzip, deflate', 'Accept': '*/*', 'Connection': 'keep-alive'} 
 body=None 
 </msg>
<msg time="2024-08-02T11:12:56.114490" level="INFO">GET Response : url=https://randomuser.me/api 
 status=200, reason=OK 
 headers={'Date': 'Fri, 02 Aug 2024 11:12:56 GMT', 'Content-Type': 'application/json; charset=utf-8', 'Transfer-Encoding': 'chunked', 'Connection': 'keep-alive', 'X-Powered-By': 'Express', 'Access-Control-Allow-Origin': '*', 'Cache-Control': 'no-cache', 'ETag': 'W/"4b2-PkuoZbGwjuprUm7u1Kiii9/levI"', 'Vary': 'Accept-Encoding', 'Content-Encoding': 'gzip', 'CF-Cache-Status': 'DYNAMIC', 'Report-To': '{"endpoints":[{"url":"https:\\/\\/a.nel.cloudflare.com\\/report\\/v4?s=vpwZXP2Sgq0H24m%2B8ilFCsET6rM%2FW3oZfkNQo2KxnKw0OZZI7oxr6mFEWSZUBGrJq%2FC8L%2BD1metj4oagiOaTgCTSX7yjF2xY5d0zeeAt8UEv6LAws0HQpFKuTYh%2BtNTq"}],"group":"cf-nel","max_age":604800}', 'NEL': '{"success_fraction":0,"report_to":"cf-nel","max_age":604800}', 'Server': 'cloudflare', 'CF-RAY': '8acda2be7ad7c943-IAD', 'alt-svc': 'h3=":443"; ma=86400'} 
 body={"results":[{"gender":"female","name":{"title":"Ms","first":"Tania","last":"Marrero"},"location":{"street":{"number":7279,"name":"Prolongación Tlaxcala"},"city":"Entronque Congregación Hgo.","state":"Guanajuato","country":"Mexico","postcode":12495,"coordinates":{"latitude":"29.0039","longitude":"3.8028"},"timezone":{"offset":"-3:00","description":"Brazil, Buenos Aires, Georgetown"}},"email":"tania.marrero@example.com","login":{"uuid":"e8d5be45-0f5a-46e5-9c14-be1a0987e2c2","username":"crazypanda926","password":"asterix","salt":"7tNy3vvX","md5":"6299f7a917d9e595e52ccc0a600a34fb","sha1":"a29ce742970acd64becdbc6e69127545f77076ca","sha256":"f2332de5c54e649cd2e9b60c2d7e8f2e334ba3b2fce4e11acb5ffeb82a3006a0"},"dob":{"date":"1951-02-08T17:38:48.491Z","age":73},"registered":{"date":"2014-12-28T03:03:17.798Z","age":9},"phone":"(655) 491 8118","cell":"(646) 227 8710","id":{"name":"NSS","value":"68 97 89 4498 2"},"picture":{"large":"https://randomuser.me/api/portraits/women/2.jpg","medium":"https://randomuser.me/api/portraits/med/women/2.jpg","thumbnail":"https://randomuser.me/api/portraits/thumb/women/2.jpg"},"nat":"MX"}],"info":{"seed":"a2ac1462a14ec4eb","results":1,"page":1,"version":"1.4"}} 
 </msg>
<msg time="2024-08-02T11:12:56.114563" level="INFO">/opt/hostedtoolcache/Python/3.12.4/x64/lib/python3.12/site-packages/urllib3/connectionpool.py:1099: InsecureRequestWarning: Unverified HTTPS request is being made to host 'randomuser.me'. Adding certificate verification is strongly advised. See: https://urllib3.readthedocs.io/en/latest/advanced-usage.html#tls-warnings
  warnings.warn(</msg>
<msg time="2024-08-02T11:12:56.114678" level="INFO">${response} = &lt;Response [200]&gt;</msg>
<var>${response}</var>
<arg>consultarAPI</arg>
<arg>/api</arg>
<doc>Sends a GET request on a previously created HTTP Session.</doc>
<status status="PASS" start="2024-08-02T11:12:56.073716" elapsed="0.041001"/>
</kw>
<kw name="Set Variable" owner="BuiltIn">
<msg time="2024-08-02T11:12:56.115773" level="INFO">${json_data} = {'results': [{'gender': 'female', 'name': {'title': 'Ms', 'first': 'Tania', 'last': 'Marrero'}, 'location': {'street': {'number': 7279, 'name': 'Prolongación Tlaxcala'}, 'city': 'Entronque Congregació...</msg>
<var>${json_data}</var>
<arg>${response.json()}</arg>
<doc>Returns the given values which can then be assigned to a variables.</doc>
<status status="PASS" start="2024-08-02T11:12:56.115238" elapsed="0.000565"/>
</kw>
<kw name="Set Variable" owner="BuiltIn">
<msg time="2024-08-02T11:12:56.116585" level="INFO">${name_title} = Ms</msg>
<var>${name_title}</var>
<arg>${json_data["results"][0]["name"]["title"]}</arg>
<doc>Returns the given values which can then be assigned to a variables.</doc>
<status status="PASS" start="2024-08-02T11:12:56.116145" elapsed="0.000466"/>
</kw>
<kw name="Create List" owner="BuiltIn">
<msg time="2024-08-02T11:12:56.117094" level="INFO">${allowed_titles} = ['Mr', 'Ms', 'Miss', 'Mrs', 'Madame', 'Monsieur']</msg>
<var>${allowed_titles}</var>
<arg>Mr</arg>
<arg>Ms</arg>
<arg>Miss</arg>
<arg>Mrs</arg>
<arg>Madame</arg>
<arg>Monsieur</arg>
<doc>Returns a list containing given items.</doc>
<status status="PASS" start="2024-08-02T11:12:56.116922" elapsed="0.000198"/>
</kw>
<kw name="List Should Contain Value" owner="Collections">
<arg>${allowed_titles}</arg>
<arg>${name_title}</arg>
<doc>Fails if the ``value`` is not found from ``list``.</doc>
<status status="PASS" start="2024-08-02T11:12:56.117430" elapsed="0.000181"/>
</kw>
<kw name="Set Variable" owner="BuiltIn">
<msg time="2024-08-02T11:12:56.118175" level="INFO">${name_country} = MX</msg>
<var>${name_country}</var>
<arg>${json_data["results"][0]["nat"]}</arg>
<doc>Returns the given values which can then be assigned to a variables.</doc>
<status status="PASS" start="2024-08-02T11:12:56.117800" elapsed="0.000400"/>
</kw>
<kw name="Create List" owner="BuiltIn">
<msg time="2024-08-02T11:12:56.119094" level="INFO">${list_country} = ['AD', 'AE', 'AF', 'AG', 'AI', 'AL', 'AM', 'AO', 'AQ', 'AR', 'AS', 'AT', 'AU', 'AW', 'AX', 'AZ', 'BA', 'BB', 'BD', 'BE', 'BF', 'BG', 'BH', 'BI', 'BJ', 'BL', 'BM', 'BN', 'BO', 'BQ', 'BR', 'BS', 'BT', '...</msg>
<var>${list_country}</var>
<arg>AD</arg>
<arg>AE</arg>
<arg>AF</arg>
<arg>AG</arg>
<arg>AI</arg>
<arg>AL</arg>
<arg>AM</arg>
<arg>AO</arg>
<arg>AQ</arg>
<arg>AR</arg>
<arg>AS</arg>
<arg>AT</arg>
<arg>AU</arg>
<arg>AW</arg>
<arg>AX</arg>
<arg>AZ</arg>
<arg>BA</arg>
<arg>BB</arg>
<arg>BD</arg>
<arg>BE</arg>
<arg>BF</arg>
<arg>BG</arg>
<arg>BH</arg>
<arg>BI</arg>
<arg>BJ</arg>
<arg>BL</arg>
<arg>BM</arg>
<arg>BN</arg>
<arg>BO</arg>
<arg>BQ</arg>
<arg>BR</arg>
<arg>BS</arg>
<arg>BT</arg>
<arg>BV</arg>
<arg>BW</arg>
<arg>BY</arg>
<arg>BZ</arg>
<arg>CA</arg>
<arg>CC</arg>
<arg>CD</arg>
<arg>CF</arg>
<arg>CG</arg>
<arg>CH</arg>
<arg>CI</arg>
<arg>CK</arg>
<arg>CL</arg>
<arg>CM</arg>
<arg>CN</arg>
<arg>CO</arg>
<arg>CR</arg>
<arg>CU</arg>
<arg>CV</arg>
<arg>CW</arg>
<arg>CX</arg>
<arg>CY</arg>
<arg>CZ</arg>
<arg>DE</arg>
<arg>DJ</arg>
<arg>DK</arg>
<arg>DM</arg>
<arg>DO</arg>
<arg>DZ</arg>
<arg>EC</arg>
<arg>EE</arg>
<arg>EG</arg>
<arg>EH</arg>
<arg>ER</arg>
<arg>ES</arg>
<arg>ET</arg>
<arg>FI</arg>
<arg>FJ</arg>
<arg>FK</arg>
<arg>FM</arg>
<arg>FO</arg>
<arg>FR</arg>
<arg>GA</arg>
<arg>GB</arg>
<arg>GD</arg>
<arg>GE</arg>
<arg>GF</arg>
<arg>GG</arg>
<arg>GH</arg>
<arg>GI</arg>
<arg>GL</arg>
<arg>GM</arg>
<arg>GN</arg>
<arg>GP</arg>
<arg>GQ</arg>
<arg>GR</arg>
<arg>GS</arg>
<arg>GT</arg>
<arg>GU</arg>
<arg>GW</arg>
<arg>GY</arg>
<arg>HK</arg>
<arg>HM</arg>
<arg>HN</arg>
<arg>HR</arg>
<arg>HT</arg>
<arg>HU</arg>
<arg>ID</arg>
<arg>IE</arg>
<arg>IL</arg>
<arg>IM</arg>
<arg>IN</arg>
<arg>IO</arg>
<arg>IQ</arg>
<arg>IR</arg>
<arg>IS</arg>
<arg>IT</arg>
<arg>JE</arg>
<arg>JM</arg>
<arg>JO</arg>
<arg>JP</arg>
<arg>KE</arg>
<arg>KG</arg>
<arg>KH</arg>
<arg>KI</arg>
<arg>KM</arg>
<arg>KN</arg>
<arg>KP</arg>
<arg>KR</arg>
<arg>KW</arg>
<arg>KY</arg>
<arg>KZ</arg>
<arg>LA</arg>
<arg>LB</arg>
<arg>LC</arg>
<arg>LI</arg>
<arg>LK</arg>
<arg>LR</arg>
<arg>LS</arg>
<arg>LT</arg>
<arg>LU</arg>
<arg>LV</arg>
<arg>LY</arg>
<arg>MA</arg>
<arg>MC</arg>
<arg>MD</arg>
<arg>ME</arg>
<arg>MF</arg>
<arg>MG</arg>
<arg>MH</arg>
<arg>MK</arg>
<arg>ML</arg>
<arg>MM</arg>
<arg>MN</arg>
<arg>MO</arg>
<arg>MP</arg>
<arg>MQ</arg>
<arg>MR</arg>
<arg>MS</arg>
<arg>MT</arg>
<arg>MU</arg>
<arg>MV</arg>
<arg>MW</arg>
<arg>MX</arg>
<arg>MY</arg>
<arg>MZ</arg>
<arg>NA</arg>
<arg>NC</arg>
<arg>NE</arg>
<arg>NF</arg>
<arg>NG</arg>
<arg>NI</arg>
<arg>NL</arg>
<arg>NO</arg>
<arg>NP</arg>
<arg>NR</arg>
<arg>NU</arg>
<arg>NZ</arg>
<arg>OM</arg>
<arg>PA</arg>
<arg>PE</arg>
<arg>PF</arg>
<arg>PG</arg>
<arg>PH</arg>
<arg>PK</arg>
<arg>PL</arg>
<arg>PM</arg>
<arg>PN</arg>
<arg>PR</arg>
<arg>PS</arg>
<arg>PT</arg>
<arg>PW</arg>
<arg>PY</arg>
<arg>QA</arg>
<arg>RE</arg>
<arg>RO</arg>
<arg>RS</arg>
<arg>RU</arg>
<arg>RW</arg>
<arg>SA</arg>
<arg>SB</arg>
<arg>SC</arg>
<arg>SD</arg>
<arg>SE</arg>
<arg>SG</arg>
<arg>SH</arg>
<arg>SI</arg>
<arg>SJ</arg>
<arg>SK</arg>
<arg>SL</arg>
<arg>SM</arg>
<arg>SN</arg>
<arg>SO</arg>
<arg>SR</arg>
<arg>SS</arg>
<arg>ST</arg>
<arg>SV</arg>
<arg>SX</arg>
<arg>SY</arg>
<arg>SZ</arg>
<arg>TC</arg>
<arg>TD</arg>
<arg>TF</arg>
<arg>TG</arg>
<arg>TH</arg>
<arg>TJ</arg>
<arg>TK</arg>
<arg>TL</arg>
<arg>TM</arg>
<arg>TN</arg>
<arg>TO</arg>
<arg>TR</arg>
<arg>TT</arg>
<arg>TV</arg>
<arg>TW</arg>
<arg>TZ</arg>
<arg>UA</arg>
<arg>UG</arg>
<arg>UM</arg>
<arg>US</arg>
<arg>UY</arg>
<arg>UZ</arg>
<arg>VA</arg>
<arg>VC</arg>
<arg>VE</arg>
<arg>VG</arg>
<arg>VI</arg>
<arg>VN</arg>
<arg>VU</arg>
<arg>WF</arg>
<arg>WS</arg>
<arg>XK</arg>
<arg>YE</arg>
<arg>YT</arg>
<arg>ZA</arg>
<arg>ZM</arg>
<arg>ZW</arg>
<doc>Returns a list containing given items.</doc>
<status status="PASS" start="2024-08-02T11:12:56.118491" elapsed="0.000629"/>
</kw>
<kw name="List Should Contain Value" owner="Collections">
<arg>${list_country}</arg>
<arg>${name_country}</arg>
<doc>Fails if the ``value`` is not found from ``list``.</doc>
<status status="PASS" start="2024-08-02T11:12:56.120116" elapsed="0.000216"/>
</kw>
<kw name="Run Keyword If" owner="BuiltIn">
<kw name="Should Be True" owner="BuiltIn">
<arg>${True}</arg>
<doc>Fails if the given condition is not true.</doc>
<status status="PASS" start="2024-08-02T11:12:56.121327" elapsed="0.000145"/>
</kw>
<arg>${json_data["results"][0]["location"]["coordinates"]["latitude"]} &gt;= -90 and ${json_data["results"][0]["location"]["coordinates"]["latitude"]} &lt;= 90</arg>
<arg>Should Be True</arg>
<arg>${True}</arg>
<doc>Runs the given keyword with the given arguments, if ``condition`` is true.</doc>
<status status="PASS" start="2024-08-02T11:12:56.120568" elapsed="0.001034"/>
</kw>
<kw name="Run Keyword If" owner="BuiltIn">
<kw name="Should Be True" owner="BuiltIn">
<arg>${True}</arg>
<doc>Fails if the given condition is not true.</doc>
<status status="PASS" start="2024-08-02T11:12:56.122483" elapsed="0.000141"/>
</kw>
<arg>${json_data["results"][0]["location"]["coordinates"]["longitude"]} &gt;= -180 and ${json_data["results"][0]["location"]["coordinates"]["longitude"]} &lt;= 180</arg>
<arg>Should Be True</arg>
<arg>${True}</arg>
<doc>Runs the given keyword with the given arguments, if ``condition`` is true.</doc>
<status status="PASS" start="2024-08-02T11:12:56.121788" elapsed="0.000961"/>
</kw>
<status status="PASS" start="2024-08-02T11:12:56.073437" elapsed="0.049447"/>
</kw>
<doc>Testa o conteúdo específico dos campos retornados pela API.</doc>
<tag>testeConteudo</tag>
<status status="PASS" start="2024-08-02T11:12:56.072886" elapsed="0.050154"/>
</test>
<status status="PASS" start="2024-08-02T11:12:55.131742" elapsed="0.993316"/>
</suite>
<status status="PASS" start="2024-08-02T11:12:55.116983" elapsed="1.013160"/>
</suite>
<statistics>
<total>
<stat pass="5" fail="0" skip="0">All Tests</stat>
</total>
<tag>
<stat pass="1" fail="0" skip="0">testeConteudo</stat>
<stat pass="1" fail="0" skip="0">testeEstruturaResposta</stat>
<stat pass="1" fail="0" skip="0">testeRequisicaoBasica</stat>
<stat pass="1" fail="0" skip="0">testeTiposDados</stat>
</tag>
<suite>
<stat pass="5" fail="0" skip="0" id="s1" name="Tests">Tests</stat>
<stat pass="5" fail="0" skip="0" id="s1-s1" name="Random-User-Test">Tests.Random-User-Test</stat>
</suite>
</statistics>
<errors>
</errors>
</robot>
