<?xml version="1.0" encoding="UTF-8"?>
<robot generator="Robot 7.0.1 (Python 3.12.4 on linux)" generated="2024-07-25T14:14:00.424306" rpa="false" schemaversion="5">
<suite id="s1" name="Tests" source="/home/runner/work/ApiRandomUser/ApiRandomUser/RamdonUser/tests">
<suite id="s1-s1" name="Random-User-Test" source="/home/runner/work/ApiRandomUser/ApiRandomUser/RamdonUser/tests/random-user-test.robot">
<test id="s1-s1-t1" name="Conectar" line="13">
<kw name="Conectar API" owner="random-user-service">
<kw name="Create Session" owner="RequestsLibrary">
<msg time="2024-07-25T14:14:00.823562" level="INFO">Creating Session using : alias=consultarAPI, url=https://randomuser.me/, headers={},                     cookies={}, auth=None, timeout=None, proxies=None, verify=False,                     debug=0 </msg>
<arg>consultarAPI</arg>
<arg>${URL}</arg>
<doc>Create Session: create a HTTP session to a server</doc>
<status status="PASS" start="2024-07-25T14:14:00.823350" elapsed="0.000405"/>
</kw>
<status status="PASS" start="2024-07-25T14:14:00.822272" elapsed="0.001849"/>
</kw>
<status status="PASS" start="2024-07-25T14:14:00.821693" elapsed="0.002626"/>
</test>
<test id="s1-s1-t2" name="Validar retorno 200 e JSON Válido" line="16">
<kw name="Teste de Requisicao Basica" owner="random-user-service">
<kw name="GET On Session" owner="RequestsLibrary">
<msg time="2024-07-25T14:14:01.185829" level="INFO">GET Request : url=https://randomuser.me/api 
 path_url=/api 
 headers={'User-Agent': 'python-requests/2.32.3', 'Accept-Encoding': 'gzip, deflate', 'Accept': '*/*', 'Connection': 'keep-alive'} 
 body=None 
 </msg>
<msg time="2024-07-25T14:14:01.185986" level="INFO">GET Response : url=https://randomuser.me/api 
 status=200, reason=OK 
 headers={'Date': 'Thu, 25 Jul 2024 14:14:01 GMT', 'Content-Type': 'application/json; charset=utf-8', 'Transfer-Encoding': 'chunked', 'Connection': 'keep-alive', 'X-Powered-By': 'Express', 'Access-Control-Allow-Origin': '*', 'Cache-Control': 'no-cache', 'ETag': 'W/"491-kDVgkGyNtiOpFC3ENnwGHlWRMW8"', 'Vary': 'Accept-Encoding', 'Content-Encoding': 'gzip', 'CF-Cache-Status': 'DYNAMIC', 'Report-To': '{"endpoints":[{"url":"https:\\/\\/a.nel.cloudflare.com\\/report\\/v4?s=KW5V10kWVw2%2FoPuBiB556iheaW%2FGQYEydouazl8XMrYTqeUMQctd7aTuvfrW44BjoyCnaelZmBOyEG7QY1NznlP0D5zJYnhO7K08RacCqFuyjBnQ40lqahD9pMNF6J6Z"}],"group":"cf-nel","max_age":604800}', 'NEL': '{"success_fraction":0,"report_to":"cf-nel","max_age":604800}', 'Server': 'cloudflare', 'CF-RAY': '8a8cc1001b993adc-IAD', 'alt-svc': 'h3=":443"; ma=86400'} 
 body={"results":[{"gender":"male","name":{"title":"Mr","first":"Kenneth","last":"Røste"},"location":{"street":{"number":4249,"name":"Magnus Barfots gate"},"city":"Narvik","state":"Akershus","country":"Norway","postcode":"2316","coordinates":{"latitude":"39.1450","longitude":"-101.6316"},"timezone":{"offset":"-5:00","description":"Eastern Time (US &amp; Canada), Bogota, Lima"}},"email":"kenneth.roste@example.com","login":{"uuid":"7b36880b-dde0-49b4-87ac-ca4b676fb96d","username":"purplerabbit801","password":"iiiiiii","salt":"Z24cKSsq","md5":"cb08862e1b21ec2097817acf62f00a53","sha1":"d42d9a772e6c3cb47d8607cfaace0e2aa44845a6","sha256":"8a8c60077e9c67ed48ccea430360a71496388b38fb54102889978c51e2c960ac"},"dob":{"date":"1980-10-24T03:59:18.851Z","age":43},"registered":{"date":"2008-06-08T13:51:46.444Z","age":16},"phone":"54397538","cell":"97860513","id":{"name":"FN","value":"24108005978"},"picture":{"large":"https://randomuser.me/api/portraits/men/72.jpg","medium":"https://randomuser.me/api/portraits/med/men/72.jpg","thumbnail":"https://randomuser.me/api/portraits/thumb/men/72.jpg"},"nat":"NO"}],"info":{"seed":"e8dc25a1884c46c1","results":1,"page":1,"version":"1.4"}} 
 </msg>
<msg time="2024-07-25T14:14:01.186070" level="INFO">/opt/hostedtoolcache/Python/3.12.4/x64/lib/python3.12/site-packages/urllib3/connectionpool.py:1099: InsecureRequestWarning: Unverified HTTPS request is being made to host 'randomuser.me'. Adding certificate verification is strongly advised. See: https://urllib3.readthedocs.io/en/latest/advanced-usage.html#tls-warnings
  warnings.warn(</msg>
<msg time="2024-07-25T14:14:01.186209" level="INFO">${response} = &lt;Response [200]&gt;</msg>
<var>${response}</var>
<arg>consultarAPI</arg>
<arg>/api</arg>
<doc>Sends a GET request on a previously created HTTP Session.</doc>
<status status="PASS" start="2024-07-25T14:14:00.826902" elapsed="0.359348"/>
</kw>
<kw name="Should Be Equal As Numbers" owner="BuiltIn">
<msg time="2024-07-25T14:14:01.187426" level="INFO">Argument types are:
&lt;class 'int'&gt;
&lt;class 'str'&gt;</msg>
<arg>${response.status_code}</arg>
<arg>200</arg>
<doc>Fails if objects are unequal after converting them to real numbers.</doc>
<status status="PASS" start="2024-07-25T14:14:01.186900" elapsed="0.000592"/>
</kw>
<kw name="Log" owner="BuiltIn">
<msg time="2024-07-25T14:14:01.188155" level="INFO">200</msg>
<arg>${response.status_code}</arg>
<doc>Logs the given message with the given level.</doc>
<status status="PASS" start="2024-07-25T14:14:01.187806" elapsed="0.000397"/>
</kw>
<kw name="Set Variable" owner="BuiltIn">
<msg time="2024-07-25T14:14:01.188960" level="INFO">${json_data} = {'results': [{'gender': 'male', 'name': {'title': 'Mr', 'first': 'Kenneth', 'last': 'Røste'}, 'location': {'street': {'number': 4249, 'name': 'Magnus Barfots gate'}, 'city': 'Narvik', 'state': 'Akersh...</msg>
<var>${json_data}</var>
<arg>${response.json()}</arg>
<doc>Returns the given values which can then be assigned to a variables.</doc>
<status status="PASS" start="2024-07-25T14:14:01.188525" elapsed="0.000464"/>
</kw>
<kw name="Dictionary Should Contain Key" owner="Collections">
<arg>${json_data}</arg>
<arg>results</arg>
<doc>Fails if ``key`` is not found from ``dictionary``.</doc>
<status status="PASS" start="2024-07-25T14:14:01.189291" elapsed="0.000324"/>
</kw>
<status status="PASS" start="2024-07-25T14:14:00.826658" elapsed="0.363113"/>
</kw>
<doc>Testa se a API responde corretamente e retorna um objeto JSON válido.</doc>
<tag>testeRequisicaoBasica</tag>
<status status="PASS" start="2024-07-25T14:14:00.826188" elapsed="0.363756"/>
</test>
<test id="s1-s1-t3" name="Validar estrutura de resposta" line="22">
<kw name="Teste de Estrutura de Resposta" owner="random-user-service">
<kw name="GET On Session" owner="RequestsLibrary">
<msg time="2024-07-25T14:14:01.349292" level="INFO">GET Request : url=https://randomuser.me/api 
 path_url=/api 
 headers={'User-Agent': 'python-requests/2.32.3', 'Accept-Encoding': 'gzip, deflate', 'Accept': '*/*', 'Connection': 'keep-alive'} 
 body=None 
 </msg>
<msg time="2024-07-25T14:14:01.349411" level="INFO">GET Response : url=https://randomuser.me/api 
 status=200, reason=OK 
 headers={'Date': 'Thu, 25 Jul 2024 14:14:01 GMT', 'Content-Type': 'application/json; charset=utf-8', 'Transfer-Encoding': 'chunked', 'Connection': 'keep-alive', 'X-Powered-By': 'Express', 'Access-Control-Allow-Origin': '*', 'Cache-Control': 'no-cache', 'ETag': 'W/"49d-CezppABn+GED8bVouS5r52Zhk+U"', 'Vary': 'Accept-Encoding', 'Content-Encoding': 'gzip', 'CF-Cache-Status': 'DYNAMIC', 'Report-To': '{"endpoints":[{"url":"https:\\/\\/a.nel.cloudflare.com\\/report\\/v4?s=ca9BXPMv37GbmT8u62Lbh2xZaGr9iAEg7UDr3M3b%2FnCyLNOmKxHsfNTpM54vi8YrOboA2XBHP72Wwvn2Ep9AHYJf6IrJFrNee1qF1IYwkg4blAjJKM8rzadn3jr6xK1V"}],"group":"cf-nel","max_age":604800}', 'NEL': '{"success_fraction":0,"report_to":"cf-nel","max_age":604800}', 'Server': 'cloudflare', 'CF-RAY': '8a8cc1017d133adc-IAD', 'alt-svc': 'h3=":443"; ma=86400'} 
 body={"results":[{"gender":"female","name":{"title":"Ms","first":"Rosenira","last":"Viana"},"location":{"street":{"number":8141,"name":"Rua Dezessete "},"city":"Itabira","state":"Pernambuco","country":"Brazil","postcode":24226,"coordinates":{"latitude":"-73.5228","longitude":"104.4714"},"timezone":{"offset":"+5:30","description":"Bombay, Calcutta, Madras, New Delhi"}},"email":"rosenira.viana@example.com","login":{"uuid":"dfbbd469-270e-4ec0-852a-f663193cfe91","username":"redzebra471","password":"bowman","salt":"Bc36XbWu","md5":"b27a47fd28839f18ed8d6f4c7529099d","sha1":"7e955a060af0ff5745fcc97162f595362be986c3","sha256":"cae731c8daf68d25e329ef75d502800274bf6ce3c3cbaf74df38f5b868d4fe5a"},"dob":{"date":"1967-12-17T10:08:38.936Z","age":56},"registered":{"date":"2006-08-11T09:37:56.278Z","age":17},"phone":"(52) 8996-0579","cell":"(22) 9947-3495","id":{"name":"CPF","value":"461.907.744-34"},"picture":{"large":"https://randomuser.me/api/portraits/women/10.jpg","medium":"https://randomuser.me/api/portraits/med/women/10.jpg","thumbnail":"https://randomuser.me/api/portraits/thumb/women/10.jpg"},"nat":"BR"}],"info":{"seed":"57f81fcfb5164ad5","results":1,"page":1,"version":"1.4"}} 
 </msg>
<msg time="2024-07-25T14:14:01.349555" level="INFO">/opt/hostedtoolcache/Python/3.12.4/x64/lib/python3.12/site-packages/urllib3/connectionpool.py:1099: InsecureRequestWarning: Unverified HTTPS request is being made to host 'randomuser.me'. Adding certificate verification is strongly advised. See: https://urllib3.readthedocs.io/en/latest/advanced-usage.html#tls-warnings
  warnings.warn(</msg>
<msg time="2024-07-25T14:14:01.349707" level="INFO">${response} = &lt;Response [200]&gt;</msg>
<var>${response}</var>
<arg>consultarAPI</arg>
<arg>/api</arg>
<doc>Sends a GET request on a previously created HTTP Session.</doc>
<status status="PASS" start="2024-07-25T14:14:01.192545" elapsed="0.157215"/>
</kw>
<kw name="Set Variable" owner="BuiltIn">
<msg time="2024-07-25T14:14:01.350816" level="INFO">${json_data} = {'results': [{'gender': 'female', 'name': {'title': 'Ms', 'first': 'Rosenira', 'last': 'Viana'}, 'location': {'street': {'number': 8141, 'name': 'Rua Dezessete '}, 'city': 'Itabira', 'state': 'Pernamb...</msg>
<var>${json_data}</var>
<arg>${response.json()}</arg>
<doc>Returns the given values which can then be assigned to a variables.</doc>
<status status="PASS" start="2024-07-25T14:14:01.350278" elapsed="0.000567"/>
</kw>
<kw name="Log" owner="BuiltIn">
<msg time="2024-07-25T14:14:01.351412" level="INFO">{'results': [{'gender': 'female', 'name': {'title': 'Ms', 'first': 'Rosenira', 'last': 'Viana'}, 'location': {'street': {'number': 8141, 'name': 'Rua Dezessete '}, 'city': 'Itabira', 'state': 'Pernambuco', 'country': 'Brazil', 'postcode': 24226, 'coordinates': {'latitude': '-73.5228', 'longitude': '104.4714'}, 'timezone': {'offset': '+5:30', 'description': 'Bombay, Calcutta, Madras, New Delhi'}}, 'email': 'rosenira.viana@example.com', 'login': {'uuid': 'dfbbd469-270e-4ec0-852a-f663193cfe91', 'username': 'redzebra471', 'password': 'bowman', 'salt': 'Bc36XbWu', 'md5': 'b27a47fd28839f18ed8d6f4c7529099d', 'sha1': '7e955a060af0ff5745fcc97162f595362be986c3', 'sha256': 'cae731c8daf68d25e329ef75d502800274bf6ce3c3cbaf74df38f5b868d4fe5a'}, 'dob': {'date': '1967-12-17T10:08:38.936Z', 'age': 56}, 'registered': {'date': '2006-08-11T09:37:56.278Z', 'age': 17}, 'phone': '(52) 8996-0579', 'cell': '(22) 9947-3495', 'id': {'name': 'CPF', 'value': '461.907.744-34'}, 'picture': {'large': 'https://randomuser.me/api/portraits/women/10.jpg', 'medium': 'https://randomuser.me/api/portraits/med/women/10.jpg', 'thumbnail': 'https://randomuser.me/api/portraits/thumb/women/10.jpg'}, 'nat': 'BR'}], 'info': {'seed': '57f81fcfb5164ad5', 'results': 1, 'page': 1, 'version': '1.4'}}</msg>
<arg>${json_data}</arg>
<doc>Logs the given message with the given level.</doc>
<status status="PASS" start="2024-07-25T14:14:01.351228" elapsed="0.000235"/>
</kw>
<kw name="Dictionary Should Contain Key" owner="Collections">
<arg>${json_data}</arg>
<arg>results</arg>
<doc>Fails if ``key`` is not found from ``dictionary``.</doc>
<status status="PASS" start="2024-07-25T14:14:01.351772" elapsed="0.000170"/>
</kw>
<kw name="Should Not Be Empty" owner="BuiltIn">
<msg time="2024-07-25T14:14:01.352268" level="INFO">Length is 2.</msg>
<arg>${json_data}</arg>
<doc>Verifies that the given item is not empty.</doc>
<status status="PASS" start="2024-07-25T14:14:01.352133" elapsed="0.000175"/>
</kw>
<kw name="Create List" owner="BuiltIn">
<msg time="2024-07-25T14:14:01.352775" level="INFO">${expected_keys} = ['gender', 'name', 'location', 'email', 'login']</msg>
<var>${expected_keys}</var>
<arg>gender</arg>
<arg>name</arg>
<arg>location</arg>
<arg>email</arg>
<arg>login</arg>
<doc>Returns a list containing given items.</doc>
<status status="PASS" start="2024-07-25T14:14:01.352609" elapsed="0.000199"/>
</kw>
<for flavor="IN">
<iter>
<kw name="Dictionary Should Contain Key" owner="Collections">
<arg>${json_data['results'][0]}</arg>
<arg>${key}</arg>
<doc>Fails if ``key`` is not found from ``dictionary``.</doc>
<status status="PASS" start="2024-07-25T14:14:01.353414" elapsed="0.000443"/>
</kw>
<kw name="Log" owner="BuiltIn">
<msg time="2024-07-25T14:14:01.354411" level="INFO">{'gender': 'female', 'name': {'title': 'Ms', 'first': 'Rosenira', 'last': 'Viana'}, 'location': {'street': {'number': 8141, 'name': 'Rua Dezessete '}, 'city': 'Itabira', 'state': 'Pernambuco', 'country': 'Brazil', 'postcode': 24226, 'coordinates': {'latitude': '-73.5228', 'longitude': '104.4714'}, 'timezone': {'offset': '+5:30', 'description': 'Bombay, Calcutta, Madras, New Delhi'}}, 'email': 'rosenira.viana@example.com', 'login': {'uuid': 'dfbbd469-270e-4ec0-852a-f663193cfe91', 'username': 'redzebra471', 'password': 'bowman', 'salt': 'Bc36XbWu', 'md5': 'b27a47fd28839f18ed8d6f4c7529099d', 'sha1': '7e955a060af0ff5745fcc97162f595362be986c3', 'sha256': 'cae731c8daf68d25e329ef75d502800274bf6ce3c3cbaf74df38f5b868d4fe5a'}, 'dob': {'date': '1967-12-17T10:08:38.936Z', 'age': 56}, 'registered': {'date': '2006-08-11T09:37:56.278Z', 'age': 17}, 'phone': '(52) 8996-0579', 'cell': '(22) 9947-3495', 'id': {'name': 'CPF', 'value': '461.907.744-34'}, 'picture': {'large': 'https://randomuser.me/api/portraits/women/10.jpg', 'medium': 'https://randomuser.me/api/portraits/med/women/10.jpg', 'thumbnail': 'https://randomuser.me/api/portraits/thumb/women/10.jpg'}, 'nat': 'BR'}</msg>
<arg>${json_data['results'][0]}</arg>
<doc>Logs the given message with the given level.</doc>
<status status="PASS" start="2024-07-25T14:14:01.354048" elapsed="0.000413"/>
</kw>
<kw name="Log" owner="BuiltIn">
<msg time="2024-07-25T14:14:01.354900" level="INFO">gender</msg>
<arg>${key}</arg>
<doc>Logs the given message with the given level.</doc>
<status status="PASS" start="2024-07-25T14:14:01.354767" elapsed="0.000173"/>
</kw>
<var name="${key}">gender</var>
<status status="PASS" start="2024-07-25T14:14:01.353285" elapsed="0.001897"/>
</iter>
<iter>
<kw name="Dictionary Should Contain Key" owner="Collections">
<arg>${json_data['results'][0]}</arg>
<arg>${key}</arg>
<doc>Fails if ``key`` is not found from ``dictionary``.</doc>
<status status="PASS" start="2024-07-25T14:14:01.355485" elapsed="0.000399"/>
</kw>
<kw name="Log" owner="BuiltIn">
<msg time="2024-07-25T14:14:01.356428" level="INFO">{'gender': 'female', 'name': {'title': 'Ms', 'first': 'Rosenira', 'last': 'Viana'}, 'location': {'street': {'number': 8141, 'name': 'Rua Dezessete '}, 'city': 'Itabira', 'state': 'Pernambuco', 'country': 'Brazil', 'postcode': 24226, 'coordinates': {'latitude': '-73.5228', 'longitude': '104.4714'}, 'timezone': {'offset': '+5:30', 'description': 'Bombay, Calcutta, Madras, New Delhi'}}, 'email': 'rosenira.viana@example.com', 'login': {'uuid': 'dfbbd469-270e-4ec0-852a-f663193cfe91', 'username': 'redzebra471', 'password': 'bowman', 'salt': 'Bc36XbWu', 'md5': 'b27a47fd28839f18ed8d6f4c7529099d', 'sha1': '7e955a060af0ff5745fcc97162f595362be986c3', 'sha256': 'cae731c8daf68d25e329ef75d502800274bf6ce3c3cbaf74df38f5b868d4fe5a'}, 'dob': {'date': '1967-12-17T10:08:38.936Z', 'age': 56}, 'registered': {'date': '2006-08-11T09:37:56.278Z', 'age': 17}, 'phone': '(52) 8996-0579', 'cell': '(22) 9947-3495', 'id': {'name': 'CPF', 'value': '461.907.744-34'}, 'picture': {'large': 'https://randomuser.me/api/portraits/women/10.jpg', 'medium': 'https://randomuser.me/api/portraits/med/women/10.jpg', 'thumbnail': 'https://randomuser.me/api/portraits/thumb/women/10.jpg'}, 'nat': 'BR'}</msg>
<arg>${json_data['results'][0]}</arg>
<doc>Logs the given message with the given level.</doc>
<status status="PASS" start="2024-07-25T14:14:01.356069" elapsed="0.000452"/>
</kw>
<kw name="Log" owner="BuiltIn">
<msg time="2024-07-25T14:14:01.356947" level="INFO">name</msg>
<arg>${key}</arg>
<doc>Logs the given message with the given level.</doc>
<status status="PASS" start="2024-07-25T14:14:01.356818" elapsed="0.000166"/>
</kw>
<var name="${key}">name</var>
<status status="PASS" start="2024-07-25T14:14:01.355373" elapsed="0.001831"/>
</iter>
<iter>
<kw name="Dictionary Should Contain Key" owner="Collections">
<arg>${json_data['results'][0]}</arg>
<arg>${key}</arg>
<doc>Fails if ``key`` is not found from ``dictionary``.</doc>
<status status="PASS" start="2024-07-25T14:14:01.357490" elapsed="0.000384"/>
</kw>
<kw name="Log" owner="BuiltIn">
<msg time="2024-07-25T14:14:01.358417" level="INFO">{'gender': 'female', 'name': {'title': 'Ms', 'first': 'Rosenira', 'last': 'Viana'}, 'location': {'street': {'number': 8141, 'name': 'Rua Dezessete '}, 'city': 'Itabira', 'state': 'Pernambuco', 'country': 'Brazil', 'postcode': 24226, 'coordinates': {'latitude': '-73.5228', 'longitude': '104.4714'}, 'timezone': {'offset': '+5:30', 'description': 'Bombay, Calcutta, Madras, New Delhi'}}, 'email': 'rosenira.viana@example.com', 'login': {'uuid': 'dfbbd469-270e-4ec0-852a-f663193cfe91', 'username': 'redzebra471', 'password': 'bowman', 'salt': 'Bc36XbWu', 'md5': 'b27a47fd28839f18ed8d6f4c7529099d', 'sha1': '7e955a060af0ff5745fcc97162f595362be986c3', 'sha256': 'cae731c8daf68d25e329ef75d502800274bf6ce3c3cbaf74df38f5b868d4fe5a'}, 'dob': {'date': '1967-12-17T10:08:38.936Z', 'age': 56}, 'registered': {'date': '2006-08-11T09:37:56.278Z', 'age': 17}, 'phone': '(52) 8996-0579', 'cell': '(22) 9947-3495', 'id': {'name': 'CPF', 'value': '461.907.744-34'}, 'picture': {'large': 'https://randomuser.me/api/portraits/women/10.jpg', 'medium': 'https://randomuser.me/api/portraits/med/women/10.jpg', 'thumbnail': 'https://randomuser.me/api/portraits/thumb/women/10.jpg'}, 'nat': 'BR'}</msg>
<arg>${json_data['results'][0]}</arg>
<doc>Logs the given message with the given level.</doc>
<status status="PASS" start="2024-07-25T14:14:01.358061" elapsed="0.000405"/>
</kw>
<kw name="Log" owner="BuiltIn">
<msg time="2024-07-25T14:14:01.358895" level="INFO">location</msg>
<arg>${key}</arg>
<doc>Logs the given message with the given level.</doc>
<status status="PASS" start="2024-07-25T14:14:01.358764" elapsed="0.000169"/>
</kw>
<var name="${key}">location</var>
<status status="PASS" start="2024-07-25T14:14:01.357381" elapsed="0.001788"/>
</iter>
<iter>
<kw name="Dictionary Should Contain Key" owner="Collections">
<arg>${json_data['results'][0]}</arg>
<arg>${key}</arg>
<doc>Fails if ``key`` is not found from ``dictionary``.</doc>
<status status="PASS" start="2024-07-25T14:14:01.359451" elapsed="0.000379"/>
</kw>
<kw name="Log" owner="BuiltIn">
<msg time="2024-07-25T14:14:01.360502" level="INFO">{'gender': 'female', 'name': {'title': 'Ms', 'first': 'Rosenira', 'last': 'Viana'}, 'location': {'street': {'number': 8141, 'name': 'Rua Dezessete '}, 'city': 'Itabira', 'state': 'Pernambuco', 'country': 'Brazil', 'postcode': 24226, 'coordinates': {'latitude': '-73.5228', 'longitude': '104.4714'}, 'timezone': {'offset': '+5:30', 'description': 'Bombay, Calcutta, Madras, New Delhi'}}, 'email': 'rosenira.viana@example.com', 'login': {'uuid': 'dfbbd469-270e-4ec0-852a-f663193cfe91', 'username': 'redzebra471', 'password': 'bowman', 'salt': 'Bc36XbWu', 'md5': 'b27a47fd28839f18ed8d6f4c7529099d', 'sha1': '7e955a060af0ff5745fcc97162f595362be986c3', 'sha256': 'cae731c8daf68d25e329ef75d502800274bf6ce3c3cbaf74df38f5b868d4fe5a'}, 'dob': {'date': '1967-12-17T10:08:38.936Z', 'age': 56}, 'registered': {'date': '2006-08-11T09:37:56.278Z', 'age': 17}, 'phone': '(52) 8996-0579', 'cell': '(22) 9947-3495', 'id': {'name': 'CPF', 'value': '461.907.744-34'}, 'picture': {'large': 'https://randomuser.me/api/portraits/women/10.jpg', 'medium': 'https://randomuser.me/api/portraits/med/women/10.jpg', 'thumbnail': 'https://randomuser.me/api/portraits/thumb/women/10.jpg'}, 'nat': 'BR'}</msg>
<arg>${json_data['results'][0]}</arg>
<doc>Logs the given message with the given level.</doc>
<status status="PASS" start="2024-07-25T14:14:01.360146" elapsed="0.000404"/>
</kw>
<kw name="Log" owner="BuiltIn">
<msg time="2024-07-25T14:14:01.360977" level="INFO">email</msg>
<arg>${key}</arg>
<doc>Logs the given message with the given level.</doc>
<status status="PASS" start="2024-07-25T14:14:01.360845" elapsed="0.000188"/>
</kw>
<var name="${key}">email</var>
<status status="PASS" start="2024-07-25T14:14:01.359343" elapsed="0.001905"/>
</iter>
<iter>
<kw name="Dictionary Should Contain Key" owner="Collections">
<arg>${json_data['results'][0]}</arg>
<arg>${key}</arg>
<doc>Fails if ``key`` is not found from ``dictionary``.</doc>
<status status="PASS" start="2024-07-25T14:14:01.361525" elapsed="0.000377"/>
</kw>
<kw name="Log" owner="BuiltIn">
<msg time="2024-07-25T14:14:01.362426" level="INFO">{'gender': 'female', 'name': {'title': 'Ms', 'first': 'Rosenira', 'last': 'Viana'}, 'location': {'street': {'number': 8141, 'name': 'Rua Dezessete '}, 'city': 'Itabira', 'state': 'Pernambuco', 'country': 'Brazil', 'postcode': 24226, 'coordinates': {'latitude': '-73.5228', 'longitude': '104.4714'}, 'timezone': {'offset': '+5:30', 'description': 'Bombay, Calcutta, Madras, New Delhi'}}, 'email': 'rosenira.viana@example.com', 'login': {'uuid': 'dfbbd469-270e-4ec0-852a-f663193cfe91', 'username': 'redzebra471', 'password': 'bowman', 'salt': 'Bc36XbWu', 'md5': 'b27a47fd28839f18ed8d6f4c7529099d', 'sha1': '7e955a060af0ff5745fcc97162f595362be986c3', 'sha256': 'cae731c8daf68d25e329ef75d502800274bf6ce3c3cbaf74df38f5b868d4fe5a'}, 'dob': {'date': '1967-12-17T10:08:38.936Z', 'age': 56}, 'registered': {'date': '2006-08-11T09:37:56.278Z', 'age': 17}, 'phone': '(52) 8996-0579', 'cell': '(22) 9947-3495', 'id': {'name': 'CPF', 'value': '461.907.744-34'}, 'picture': {'large': 'https://randomuser.me/api/portraits/women/10.jpg', 'medium': 'https://randomuser.me/api/portraits/med/women/10.jpg', 'thumbnail': 'https://randomuser.me/api/portraits/thumb/women/10.jpg'}, 'nat': 'BR'}</msg>
<arg>${json_data['results'][0]}</arg>
<doc>Logs the given message with the given level.</doc>
<status status="PASS" start="2024-07-25T14:14:01.362083" elapsed="0.000391"/>
</kw>
<kw name="Log" owner="BuiltIn">
<msg time="2024-07-25T14:14:01.362898" level="INFO">login</msg>
<arg>${key}</arg>
<doc>Logs the given message with the given level.</doc>
<status status="PASS" start="2024-07-25T14:14:01.362770" elapsed="0.000165"/>
</kw>
<var name="${key}">login</var>
<status status="PASS" start="2024-07-25T14:14:01.361418" elapsed="0.001753"/>
</iter>
<var>${key}</var>
<value>@{expected_keys}</value>
<status status="PASS" start="2024-07-25T14:14:01.353083" elapsed="0.010210"/>
</for>
<kw name="Create List" owner="BuiltIn">
<msg time="2024-07-25T14:14:01.363657" level="INFO">${expected_keysTwo} = ['username', 'password']</msg>
<var>${expected_keysTwo}</var>
<arg>username</arg>
<arg>password</arg>
<doc>Returns a list containing given items.</doc>
<status status="PASS" start="2024-07-25T14:14:01.363485" elapsed="0.000197"/>
</kw>
<for flavor="IN">
<iter>
<kw name="Dictionary Should Contain Key" owner="Collections">
<arg>${json_data['results'][0]['login']}</arg>
<arg>${keyTwo}</arg>
<doc>Fails if ``key`` is not found from ``dictionary``.</doc>
<status status="PASS" start="2024-07-25T14:14:01.364189" elapsed="0.000387"/>
</kw>
<kw name="Dictionary Should Contain Key" owner="Collections">
<arg>${json_data['results'][0]['login']}</arg>
<arg>${keyTwo}</arg>
<doc>Fails if ``key`` is not found from ``dictionary``.</doc>
<status status="PASS" start="2024-07-25T14:14:01.364759" elapsed="0.000377"/>
</kw>
<kw name="Log" owner="BuiltIn">
<msg time="2024-07-25T14:14:01.365433" level="INFO">username</msg>
<arg>${keyTwo}</arg>
<doc>Logs the given message with the given level.</doc>
<status status="PASS" start="2024-07-25T14:14:01.365314" elapsed="0.000157"/>
</kw>
<var name="${keyTwo}">username</var>
<status status="PASS" start="2024-07-25T14:14:01.364081" elapsed="0.001609"/>
</iter>
<iter>
<kw name="Dictionary Should Contain Key" owner="Collections">
<arg>${json_data['results'][0]['login']}</arg>
<arg>${keyTwo}</arg>
<doc>Fails if ``key`` is not found from ``dictionary``.</doc>
<status status="PASS" start="2024-07-25T14:14:01.365976" elapsed="0.000372"/>
</kw>
<kw name="Dictionary Should Contain Key" owner="Collections">
<arg>${json_data['results'][0]['login']}</arg>
<arg>${keyTwo}</arg>
<doc>Fails if ``key`` is not found from ``dictionary``.</doc>
<status status="PASS" start="2024-07-25T14:14:01.366525" elapsed="0.000372"/>
</kw>
<kw name="Log" owner="BuiltIn">
<msg time="2024-07-25T14:14:01.367217" level="INFO">password</msg>
<arg>${keyTwo}</arg>
<doc>Logs the given message with the given level.</doc>
<status status="PASS" start="2024-07-25T14:14:01.367073" elapsed="0.000181"/>
</kw>
<var name="${keyTwo}">password</var>
<status status="PASS" start="2024-07-25T14:14:01.365865" elapsed="0.001613"/>
</iter>
<var>${keyTwo}</var>
<value>@{expected_keysTwo}</value>
<status status="PASS" start="2024-07-25T14:14:01.363924" elapsed="0.003675"/>
</for>
<status status="PASS" start="2024-07-25T14:14:01.192307" elapsed="0.175434"/>
</kw>
<doc>Testa a estrutura da resposta da API.</doc>
<tag>testeEstruturaResposta</tag>
<status status="PASS" start="2024-07-25T14:14:01.191810" elapsed="0.176089"/>
</test>
<test id="s1-s1-t4" name="Validar tipos de dados" line="28">
<kw name="Teste de Tipos de Dados" owner="random-user-service">
<kw name="GET On Session" owner="RequestsLibrary">
<msg time="2024-07-25T14:14:01.531423" level="INFO">GET Request : url=https://randomuser.me/api 
 path_url=/api 
 headers={'User-Agent': 'python-requests/2.32.3', 'Accept-Encoding': 'gzip, deflate', 'Accept': '*/*', 'Connection': 'keep-alive'} 
 body=None 
 </msg>
<msg time="2024-07-25T14:14:01.531522" level="INFO">GET Response : url=https://randomuser.me/api 
 status=200, reason=OK 
 headers={'Date': 'Thu, 25 Jul 2024 14:14:01 GMT', 'Content-Type': 'application/json; charset=utf-8', 'Transfer-Encoding': 'chunked', 'Connection': 'keep-alive', 'X-Powered-By': 'Express', 'Access-Control-Allow-Origin': '*', 'Cache-Control': 'no-cache', 'ETag': 'W/"476-f4D/XugO0Ui/IjUBsoS5svJ9yYw"', 'Vary': 'Accept-Encoding', 'Content-Encoding': 'gzip', 'CF-Cache-Status': 'DYNAMIC', 'Report-To': '{"endpoints":[{"url":"https:\\/\\/a.nel.cloudflare.com\\/report\\/v4?s=7uHCNwOpjtebZSePS6mEk7VGadX1Fad5TZZGEFpv4VM3hvfOG2ES3B8fseBWimiyAbDLExQjy7rEbExzGDCHVvatfy2ABUMBNq%2B73PXjZAZHDc6vg19HtdxQMBTnvNEI"}],"group":"cf-nel","max_age":604800}', 'NEL': '{"success_fraction":0,"report_to":"cf-nel","max_age":604800}', 'Server': 'cloudflare', 'CF-RAY': '8a8cc1029e653adc-IAD', 'alt-svc': 'h3=":443"; ma=86400'} 
 body={"results":[{"gender":"female","name":{"title":"Ms","first":"Jasmine","last":"Scott"},"location":{"street":{"number":8906,"name":"Victoria Ave"},"city":"Maitland","state":"Québec","country":"Canada","postcode":"I8G 4G6","coordinates":{"latitude":"-67.3390","longitude":"1.8019"},"timezone":{"offset":"+4:30","description":"Kabul"}},"email":"jasmine.scott@example.com","login":{"uuid":"9daaee9d-d528-42a0-9e33-65b457e3f0d9","username":"browngorilla435","password":"candle","salt":"uiFjPd14","md5":"53fa8a0cb64db0f28d8eb54e863c28e4","sha1":"b8d2865ce8e0997035c043fecb8eb8e8507c2a73","sha256":"52aa24246d333b1073b096ba838362bb442f43ebe1bd12f1920a32266544a938"},"dob":{"date":"1983-12-27T09:08:30.695Z","age":40},"registered":{"date":"2007-05-22T16:06:44.618Z","age":17},"phone":"M82 Y08-6576","cell":"S29 L09-7581","id":{"name":"SIN","value":"916768328"},"picture":{"large":"https://randomuser.me/api/portraits/women/34.jpg","medium":"https://randomuser.me/api/portraits/med/women/34.jpg","thumbnail":"https://randomuser.me/api/portraits/thumb/women/34.jpg"},"nat":"CA"}],"info":{"seed":"29f5089bbbb85791","results":1,"page":1,"version":"1.4"}} 
 </msg>
<msg time="2024-07-25T14:14:01.531596" level="INFO">/opt/hostedtoolcache/Python/3.12.4/x64/lib/python3.12/site-packages/urllib3/connectionpool.py:1099: InsecureRequestWarning: Unverified HTTPS request is being made to host 'randomuser.me'. Adding certificate verification is strongly advised. See: https://urllib3.readthedocs.io/en/latest/advanced-usage.html#tls-warnings
  warnings.warn(</msg>
<msg time="2024-07-25T14:14:01.531728" level="INFO">${response} = &lt;Response [200]&gt;</msg>
<var>${response}</var>
<arg>consultarAPI</arg>
<arg>/api</arg>
<doc>Sends a GET request on a previously created HTTP Session.</doc>
<status status="PASS" start="2024-07-25T14:14:01.370320" elapsed="0.161450"/>
</kw>
<kw name="Set Variable" owner="BuiltIn">
<msg time="2024-07-25T14:14:01.532986" level="INFO">${json_data} = {'results': [{'gender': 'female', 'name': {'title': 'Ms', 'first': 'Jasmine', 'last': 'Scott'}, 'location': {'street': {'number': 8906, 'name': 'Victoria Ave'}, 'city': 'Maitland', 'state': 'Québec', ...</msg>
<var>${json_data}</var>
<arg>${response.json()}</arg>
<doc>Returns the given values which can then be assigned to a variables.</doc>
<status status="PASS" start="2024-07-25T14:14:01.532404" elapsed="0.000614"/>
</kw>
<kw name="Log" owner="BuiltIn">
<msg time="2024-07-25T14:14:01.533571" level="INFO">{'results': [{'gender': 'female', 'name': {'title': 'Ms', 'first': 'Jasmine', 'last': 'Scott'}, 'location': {'street': {'number': 8906, 'name': 'Victoria Ave'}, 'city': 'Maitland', 'state': 'Québec', 'country': 'Canada', 'postcode': 'I8G 4G6', 'coordinates': {'latitude': '-67.3390', 'longitude': '1.8019'}, 'timezone': {'offset': '+4:30', 'description': 'Kabul'}}, 'email': 'jasmine.scott@example.com', 'login': {'uuid': '9daaee9d-d528-42a0-9e33-65b457e3f0d9', 'username': 'browngorilla435', 'password': 'candle', 'salt': 'uiFjPd14', 'md5': '53fa8a0cb64db0f28d8eb54e863c28e4', 'sha1': 'b8d2865ce8e0997035c043fecb8eb8e8507c2a73', 'sha256': '52aa24246d333b1073b096ba838362bb442f43ebe1bd12f1920a32266544a938'}, 'dob': {'date': '1983-12-27T09:08:30.695Z', 'age': 40}, 'registered': {'date': '2007-05-22T16:06:44.618Z', 'age': 17}, 'phone': 'M82 Y08-6576', 'cell': 'S29 L09-7581', 'id': {'name': 'SIN', 'value': '916768328'}, 'picture': {'large': 'https://randomuser.me/api/portraits/women/34.jpg', 'medium': 'https://randomuser.me/api/portraits/med/women/34.jpg', 'thumbnail': 'https://randomuser.me/api/portraits/thumb/women/34.jpg'}, 'nat': 'CA'}], 'info': {'seed': '29f5089bbbb85791', 'results': 1, 'page': 1, 'version': '1.4'}}</msg>
<arg>${json_data}</arg>
<doc>Logs the given message with the given level.</doc>
<status status="PASS" start="2024-07-25T14:14:01.533395" elapsed="0.000229"/>
</kw>
<kw name="Should Be String" owner="String">
<arg>${json_data['results'][0]['gender']}</arg>
<doc>Fails if the given ``item`` is not a string.</doc>
<status status="PASS" start="2024-07-25T14:14:01.533950" elapsed="0.000391"/>
</kw>
<kw name="Should Match Regexp" owner="BuiltIn">
<arg>${json_data['results'][0]['email']}</arg>
<arg>^[a-zA-Z0-9._%+-]+@[a-zA-Z0-9.-]+\.[a-zA-Z]{2,}$</arg>
<doc>Fails if ``string`` does not match ``pattern`` as a regular expression.</doc>
<status status="PASS" start="2024-07-25T14:14:01.534556" elapsed="0.000528"/>
</kw>
<kw name="Should Match Regexp" owner="BuiltIn">
<arg>${json_data['results'][0]['dob']['date']}</arg>
<arg>\\d{4}-\\d{2}-\\d{2}T\\d{2}:\\d{2}:\\d{2}\\.\\d{3}Z</arg>
<doc>Fails if ``string`` does not match ``pattern`` as a regular expression.</doc>
<status status="PASS" start="2024-07-25T14:14:01.535371" elapsed="0.000662"/>
</kw>
<kw name="Should Match Regexp" owner="BuiltIn">
<arg>${json_data['results'][0]['registered']['date']}</arg>
<arg>\\d{4}-\\d{2}-\\d{2}T\\d{2}:\\d{2}:\\d{2}\\.\\d{3}Z</arg>
<doc>Fails if ``string`` does not match ``pattern`` as a regular expression.</doc>
<status status="PASS" start="2024-07-25T14:14:01.536232" elapsed="0.000377"/>
</kw>
<kw name="Should Match Regexp" owner="BuiltIn">
<arg>${json_data['results'][0]['picture']['large']}</arg>
<arg>^https?://.*\.(?:png|jpe?g|gif|bmp)$</arg>
<doc>Fails if ``string`` does not match ``pattern`` as a regular expression.</doc>
<status status="PASS" start="2024-07-25T14:14:01.536801" elapsed="0.000464"/>
</kw>
<kw name="Should Match Regexp" owner="BuiltIn">
<arg>${json_data['results'][0]['picture']['medium']}</arg>
<arg>^https?://.*\.(?:png|jpe?g|gif|bmp)$</arg>
<doc>Fails if ``string`` does not match ``pattern`` as a regular expression.</doc>
<status status="PASS" start="2024-07-25T14:14:01.537454" elapsed="0.000359"/>
</kw>
<kw name="Should Match Regexp" owner="BuiltIn">
<arg>${json_data['results'][0]['picture']['thumbnail']}</arg>
<arg>^https?://.*\.(?:png|jpe?g|gif|bmp)$</arg>
<doc>Fails if ``string`` does not match ``pattern`` as a regular expression.</doc>
<status status="PASS" start="2024-07-25T14:14:01.538000" elapsed="0.000352"/>
</kw>
<kw name="Log" owner="BuiltIn">
<msg time="2024-07-25T14:14:01.538857" level="INFO">{'large': 'https://randomuser.me/api/portraits/women/34.jpg', 'medium': 'https://randomuser.me/api/portraits/med/women/34.jpg', 'thumbnail': 'https://randomuser.me/api/portraits/thumb/women/34.jpg'}</msg>
<arg>${json_data['results'][0]['picture']}</arg>
<doc>Logs the given message with the given level.</doc>
<status status="PASS" start="2024-07-25T14:14:01.538534" elapsed="0.000367"/>
</kw>
<status status="PASS" start="2024-07-25T14:14:01.370095" elapsed="0.169098"/>
</kw>
<kw name="Teste de Tipos de Dados - Postcode" owner="random-user-service">
<kw name="GET On Session" owner="RequestsLibrary">
<msg time="2024-07-25T14:14:01.857337" level="INFO">GET Request : url=https://randomuser.me/api 
 path_url=/api 
 headers={'User-Agent': 'python-requests/2.32.3', 'Accept-Encoding': 'gzip, deflate', 'Accept': '*/*', 'Connection': 'keep-alive'} 
 body=None 
 </msg>
<msg time="2024-07-25T14:14:01.857446" level="INFO">GET Response : url=https://randomuser.me/api 
 status=200, reason=OK 
 headers={'Date': 'Thu, 25 Jul 2024 14:14:01 GMT', 'Content-Type': 'application/json; charset=utf-8', 'Transfer-Encoding': 'chunked', 'Connection': 'keep-alive', 'X-Powered-By': 'Express', 'Access-Control-Allow-Origin': '*', 'Cache-Control': 'no-cache', 'ETag': 'W/"472-YNtm+ly+6TTPM7bmg81Fzs42c1U"', 'Vary': 'Accept-Encoding', 'Content-Encoding': 'gzip', 'CF-Cache-Status': 'DYNAMIC', 'Report-To': '{"endpoints":[{"url":"https:\\/\\/a.nel.cloudflare.com\\/report\\/v4?s=Kvrf89jED%2BVGNXf9k2xpvK7OMlf6phfoa%2FP2mjbq%2Bz0vK0w1CYpoKToCbCvK1nr0H1%2BvgLFnZrSoDhY6RlTrrr1m7vrKbZmcv4tUguhNi7VpxuNYknRuEDXj72gLgjyr"}],"group":"cf-nel","max_age":604800}', 'NEL': '{"success_fraction":0,"report_to":"cf-nel","max_age":604800}', 'Server': 'cloudflare', 'CF-RAY': '8a8cc103af8f3adc-IAD', 'alt-svc': 'h3=":443"; ma=86400'} 
 body={"results":[{"gender":"male","name":{"title":"Mr","first":"Milo","last":"Liverød"},"location":{"street":{"number":9473,"name":"Haavard Martinsens vei"},"city":"Brårud","state":"Buskerud","country":"Norway","postcode":"4846","coordinates":{"latitude":"45.4069","longitude":"-130.5929"},"timezone":{"offset":"+5:45","description":"Kathmandu"}},"email":"milo.liverod@example.com","login":{"uuid":"a7bf612d-477e-430d-b9d5-160886d50848","username":"ticklishfrog162","password":"mannn","salt":"rCB4ob1B","md5":"bf54a8ae35b56f852bcfe68b696a9954","sha1":"f0310e2c126ea2218046ee1c07e418c4e21d376d","sha256":"f3a748ebd58e7c5cdfa91800b8e4b9d99b36338bb4e188c24014b9e3260f0926"},"dob":{"date":"1966-12-30T21:02:46.610Z","age":57},"registered":{"date":"2002-09-22T22:26:39.212Z","age":21},"phone":"64830525","cell":"96275464","id":{"name":"FN","value":"30126610331"},"picture":{"large":"https://randomuser.me/api/portraits/men/50.jpg","medium":"https://randomuser.me/api/portraits/med/men/50.jpg","thumbnail":"https://randomuser.me/api/portraits/thumb/men/50.jpg"},"nat":"NO"}],"info":{"seed":"fca22c1a2ccb40ca","results":1,"page":1,"version":"1.4"}} 
 </msg>
<msg time="2024-07-25T14:14:01.857530" level="INFO">/opt/hostedtoolcache/Python/3.12.4/x64/lib/python3.12/site-packages/urllib3/connectionpool.py:1099: InsecureRequestWarning: Unverified HTTPS request is being made to host 'randomuser.me'. Adding certificate verification is strongly advised. See: https://urllib3.readthedocs.io/en/latest/advanced-usage.html#tls-warnings
  warnings.warn(</msg>
<msg time="2024-07-25T14:14:01.857665" level="INFO">${response} = &lt;Response [200]&gt;</msg>
<var>${response}</var>
<arg>consultarAPI</arg>
<arg>/api</arg>
<doc>Sends a GET request on a previously created HTTP Session.</doc>
<status status="PASS" start="2024-07-25T14:14:01.539666" elapsed="0.318049"/>
</kw>
<kw name="Set Variable" owner="BuiltIn">
<msg time="2024-07-25T14:14:01.858747" level="INFO">${json_data} = {'results': [{'gender': 'male', 'name': {'title': 'Mr', 'first': 'Milo', 'last': 'Liverød'}, 'location': {'street': {'number': 9473, 'name': 'Haavard Martinsens vei'}, 'city': 'Brårud', 'state': 'Busk...</msg>
<var>${json_data}</var>
<arg>${response.json()}</arg>
<doc>Returns the given values which can then be assigned to a variables.</doc>
<status status="PASS" start="2024-07-25T14:14:01.858228" elapsed="0.000548"/>
</kw>
<kw name="Log" owner="BuiltIn">
<msg time="2024-07-25T14:14:01.859302" level="INFO">{'results': [{'gender': 'male', 'name': {'title': 'Mr', 'first': 'Milo', 'last': 'Liverød'}, 'location': {'street': {'number': 9473, 'name': 'Haavard Martinsens vei'}, 'city': 'Brårud', 'state': 'Buskerud', 'country': 'Norway', 'postcode': '4846', 'coordinates': {'latitude': '45.4069', 'longitude': '-130.5929'}, 'timezone': {'offset': '+5:45', 'description': 'Kathmandu'}}, 'email': 'milo.liverod@example.com', 'login': {'uuid': 'a7bf612d-477e-430d-b9d5-160886d50848', 'username': 'ticklishfrog162', 'password': 'mannn', 'salt': 'rCB4ob1B', 'md5': 'bf54a8ae35b56f852bcfe68b696a9954', 'sha1': 'f0310e2c126ea2218046ee1c07e418c4e21d376d', 'sha256': 'f3a748ebd58e7c5cdfa91800b8e4b9d99b36338bb4e188c24014b9e3260f0926'}, 'dob': {'date': '1966-12-30T21:02:46.610Z', 'age': 57}, 'registered': {'date': '2002-09-22T22:26:39.212Z', 'age': 21}, 'phone': '64830525', 'cell': '96275464', 'id': {'name': 'FN', 'value': '30126610331'}, 'picture': {'large': 'https://randomuser.me/api/portraits/men/50.jpg', 'medium': 'https://randomuser.me/api/portraits/med/men/50.jpg', 'thumbnail': 'https://randomuser.me/api/portraits/thumb/men/50.jpg'}, 'nat': 'NO'}], 'info': {'seed': 'fca22c1a2ccb40ca', 'results': 1, 'page': 1, 'version': '1.4'}}</msg>
<arg>${json_data}</arg>
<doc>Logs the given message with the given level.</doc>
<status status="PASS" start="2024-07-25T14:14:01.859091" elapsed="0.000259"/>
</kw>
<kw name="Should Be Equal As Numbers" owner="BuiltIn">
<arg>${json_data['results'][0]['location']['postcode']}</arg>
<arg>${json_data['results'][0]['location']['postcode']}</arg>
<doc>Fails if objects are unequal after converting them to real numbers.</doc>
<status status="PASS" start="2024-07-25T14:14:01.859651" elapsed="0.000621"/>
</kw>
<kw name="Log" owner="BuiltIn">
<msg time="2024-07-25T14:14:01.860797" level="INFO">4846</msg>
<arg>${json_data['results'][0]['location']['postcode']}</arg>
<doc>Logs the given message with the given level.</doc>
<status status="PASS" start="2024-07-25T14:14:01.860466" elapsed="0.000371"/>
</kw>
<status status="PASS" start="2024-07-25T14:14:01.539422" elapsed="0.321700"/>
</kw>
<doc>Testa se os tipos de dados na resposta da API estão corretos.</doc>
<tag>testeTiposDados</tag>
<status status="PASS" start="2024-07-25T14:14:01.369640" elapsed="0.491652"/>
</test>
<test id="s1-s1-t5" name="Validar conteudo" line="35">
<kw name="Teste de Tipos de Conteudo" owner="random-user-service">
<kw name="GET On Session" owner="RequestsLibrary">
<msg time="2024-07-25T14:14:02.233607" level="INFO">GET Request : url=https://randomuser.me/api 
 path_url=/api 
 headers={'User-Agent': 'python-requests/2.32.3', 'Accept-Encoding': 'gzip, deflate', 'Accept': '*/*', 'Connection': 'keep-alive'} 
 body=None 
 </msg>
<msg time="2024-07-25T14:14:02.233721" level="INFO">GET Response : url=https://randomuser.me/api 
 status=200, reason=OK 
 headers={'Date': 'Thu, 25 Jul 2024 14:14:02 GMT', 'Content-Type': 'application/json; charset=utf-8', 'Transfer-Encoding': 'chunked', 'Connection': 'keep-alive', 'X-Powered-By': 'Express', 'Access-Control-Allow-Origin': '*', 'Cache-Control': 'no-cache', 'ETag': 'W/"482-cSOp3t38kg4Yf524CgIcfQlrsV4"', 'Vary': 'Accept-Encoding', 'Content-Encoding': 'gzip', 'CF-Cache-Status': 'DYNAMIC', 'Report-To': '{"endpoints":[{"url":"https:\\/\\/a.nel.cloudflare.com\\/report\\/v4?s=VvukDbB%2FuLV6Wzr4z3vb8lTWIi%2Fi%2B5xNGOedAJ0gfXd%2FqlBc4h434Yub%2BlDjS121ZNMqo9JcWeeBEpJGz6NZw8Utr4LlGj11y8JS0TtMTjEalrWzHHJhCA%2BVvKxiciGF"}],"group":"cf-nel","max_age":604800}', 'NEL': '{"success_fraction":0,"report_to":"cf-nel","max_age":604800}', 'Server': 'cloudflare', 'CF-RAY': '8a8cc105a9ae3adc-IAD', 'alt-svc': 'h3=":443"; ma=86400'} 
 body={"results":[{"gender":"male","name":{"title":"Mr","first":"مانی","last":"احمدی"},"location":{"street":{"number":284,"name":"استاد قریب"},"city":"بابل","state":"کرمان","country":"Iran","postcode":59184,"coordinates":{"latitude":"15.4317","longitude":"-123.7127"},"timezone":{"offset":"-8:00","description":"Pacific Time (US &amp; Canada)"}},"email":"mny.hmdy@example.com","login":{"uuid":"b02012d8-dd8b-4e33-9197-2539b145a064","username":"organicladybug239","password":"avenue","salt":"22FT4mmI","md5":"8f8eddc184d6885b574cd4e26d951faa","sha1":"24ec3cd05a63d376c7fd15e02cb42eabb904163a","sha256":"b05f09d50c5a90d8ede9667e3e3ff59d9ee1a35bd5e4cc588090990c2f5706d7"},"dob":{"date":"1965-09-20T22:16:01.757Z","age":58},"registered":{"date":"2006-05-11T08:52:58.799Z","age":18},"phone":"071-23603222","cell":"0963-648-5530","id":{"name":"","value":null},"picture":{"large":"https://randomuser.me/api/portraits/men/57.jpg","medium":"https://randomuser.me/api/portraits/med/men/57.jpg","thumbnail":"https://randomuser.me/api/portraits/thumb/men/57.jpg"},"nat":"IR"}],"info":{"seed":"6545ed5ef700366f","results":1,"page":1,"version":"1.4"}} 
 </msg>
<msg time="2024-07-25T14:14:02.233809" level="INFO">/opt/hostedtoolcache/Python/3.12.4/x64/lib/python3.12/site-packages/urllib3/connectionpool.py:1099: InsecureRequestWarning: Unverified HTTPS request is being made to host 'randomuser.me'. Adding certificate verification is strongly advised. See: https://urllib3.readthedocs.io/en/latest/advanced-usage.html#tls-warnings
  warnings.warn(</msg>
<msg time="2024-07-25T14:14:02.233946" level="INFO">${response} = &lt;Response [200]&gt;</msg>
<var>${response}</var>
<arg>consultarAPI</arg>
<arg>/api</arg>
<doc>Sends a GET request on a previously created HTTP Session.</doc>
<status status="PASS" start="2024-07-25T14:14:01.864131" elapsed="0.369863"/>
</kw>
<kw name="Set Variable" owner="BuiltIn">
<msg time="2024-07-25T14:14:02.235350" level="INFO">${json_data} = {'results': [{'gender': 'male', 'name': {'title': 'Mr', 'first': 'مانی', 'last': 'احمدی'}, 'location': {'street': {'number': 284, 'name': 'استاد قریب'}, 'city': 'بابل', 'state': 'کرمان', 'country': 'I...</msg>
<var>${json_data}</var>
<arg>${response.json()}</arg>
<doc>Returns the given values which can then be assigned to a variables.</doc>
<status status="PASS" start="2024-07-25T14:14:02.234663" elapsed="0.000719"/>
</kw>
<kw name="Set Variable" owner="BuiltIn">
<msg time="2024-07-25T14:14:02.236086" level="INFO">${name_title} = Mr</msg>
<var>${name_title}</var>
<arg>${json_data["results"][0]["name"]["title"]}</arg>
<doc>Returns the given values which can then be assigned to a variables.</doc>
<status status="PASS" start="2024-07-25T14:14:02.235695" elapsed="0.000418"/>
</kw>
<kw name="Create List" owner="BuiltIn">
<msg time="2024-07-25T14:14:02.236559" level="INFO">${allowed_titles} = ['Mr', 'Ms', 'Miss', 'Mrs', 'Madame', 'Monsieur']</msg>
<var>${allowed_titles}</var>
<arg>Mr</arg>
<arg>Ms</arg>
<arg>Miss</arg>
<arg>Mrs</arg>
<arg>Madame</arg>
<arg>Monsieur</arg>
<doc>Returns a list containing given items.</doc>
<status status="PASS" start="2024-07-25T14:14:02.236410" elapsed="0.000174"/>
</kw>
<kw name="List Should Contain Value" owner="Collections">
<arg>${allowed_titles}</arg>
<arg>${name_title}</arg>
<doc>Fails if the ``value`` is not found from ``list``.</doc>
<status status="PASS" start="2024-07-25T14:14:02.236882" elapsed="0.000185"/>
</kw>
<kw name="Set Variable" owner="BuiltIn">
<msg time="2024-07-25T14:14:02.237628" level="INFO">${name_country} = IR</msg>
<var>${name_country}</var>
<arg>${json_data["results"][0]["nat"]}</arg>
<doc>Returns the given values which can then be assigned to a variables.</doc>
<status status="PASS" start="2024-07-25T14:14:02.237249" elapsed="0.000405"/>
</kw>
<kw name="Create List" owner="BuiltIn">
<msg time="2024-07-25T14:14:02.238540" level="INFO">${list_country} = ['AD', 'AE', 'AF', 'AG', 'AI', 'AL', 'AM', 'AO', 'AQ', 'AR', 'AS', 'AT', 'AU', 'AW', 'AX', 'AZ', 'BA', 'BB', 'BD', 'BE', 'BF', 'BG', 'BH', 'BI', 'BJ', 'BL', 'BM', 'BN', 'BO', 'BQ', 'BR', 'BS', 'BT', '...</msg>
<var>${list_country}</var>
<arg>AD</arg>
<arg>AE</arg>
<arg>AF</arg>
<arg>AG</arg>
<arg>AI</arg>
<arg>AL</arg>
<arg>AM</arg>
<arg>AO</arg>
<arg>AQ</arg>
<arg>AR</arg>
<arg>AS</arg>
<arg>AT</arg>
<arg>AU</arg>
<arg>AW</arg>
<arg>AX</arg>
<arg>AZ</arg>
<arg>BA</arg>
<arg>BB</arg>
<arg>BD</arg>
<arg>BE</arg>
<arg>BF</arg>
<arg>BG</arg>
<arg>BH</arg>
<arg>BI</arg>
<arg>BJ</arg>
<arg>BL</arg>
<arg>BM</arg>
<arg>BN</arg>
<arg>BO</arg>
<arg>BQ</arg>
<arg>BR</arg>
<arg>BS</arg>
<arg>BT</arg>
<arg>BV</arg>
<arg>BW</arg>
<arg>BY</arg>
<arg>BZ</arg>
<arg>CA</arg>
<arg>CC</arg>
<arg>CD</arg>
<arg>CF</arg>
<arg>CG</arg>
<arg>CH</arg>
<arg>CI</arg>
<arg>CK</arg>
<arg>CL</arg>
<arg>CM</arg>
<arg>CN</arg>
<arg>CO</arg>
<arg>CR</arg>
<arg>CU</arg>
<arg>CV</arg>
<arg>CW</arg>
<arg>CX</arg>
<arg>CY</arg>
<arg>CZ</arg>
<arg>DE</arg>
<arg>DJ</arg>
<arg>DK</arg>
<arg>DM</arg>
<arg>DO</arg>
<arg>DZ</arg>
<arg>EC</arg>
<arg>EE</arg>
<arg>EG</arg>
<arg>EH</arg>
<arg>ER</arg>
<arg>ES</arg>
<arg>ET</arg>
<arg>FI</arg>
<arg>FJ</arg>
<arg>FK</arg>
<arg>FM</arg>
<arg>FO</arg>
<arg>FR</arg>
<arg>GA</arg>
<arg>GB</arg>
<arg>GD</arg>
<arg>GE</arg>
<arg>GF</arg>
<arg>GG</arg>
<arg>GH</arg>
<arg>GI</arg>
<arg>GL</arg>
<arg>GM</arg>
<arg>GN</arg>
<arg>GP</arg>
<arg>GQ</arg>
<arg>GR</arg>
<arg>GS</arg>
<arg>GT</arg>
<arg>GU</arg>
<arg>GW</arg>
<arg>GY</arg>
<arg>HK</arg>
<arg>HM</arg>
<arg>HN</arg>
<arg>HR</arg>
<arg>HT</arg>
<arg>HU</arg>
<arg>ID</arg>
<arg>IE</arg>
<arg>IL</arg>
<arg>IM</arg>
<arg>IN</arg>
<arg>IO</arg>
<arg>IQ</arg>
<arg>IR</arg>
<arg>IS</arg>
<arg>IT</arg>
<arg>JE</arg>
<arg>JM</arg>
<arg>JO</arg>
<arg>JP</arg>
<arg>KE</arg>
<arg>KG</arg>
<arg>KH</arg>
<arg>KI</arg>
<arg>KM</arg>
<arg>KN</arg>
<arg>KP</arg>
<arg>KR</arg>
<arg>KW</arg>
<arg>KY</arg>
<arg>KZ</arg>
<arg>LA</arg>
<arg>LB</arg>
<arg>LC</arg>
<arg>LI</arg>
<arg>LK</arg>
<arg>LR</arg>
<arg>LS</arg>
<arg>LT</arg>
<arg>LU</arg>
<arg>LV</arg>
<arg>LY</arg>
<arg>MA</arg>
<arg>MC</arg>
<arg>MD</arg>
<arg>ME</arg>
<arg>MF</arg>
<arg>MG</arg>
<arg>MH</arg>
<arg>MK</arg>
<arg>ML</arg>
<arg>MM</arg>
<arg>MN</arg>
<arg>MO</arg>
<arg>MP</arg>
<arg>MQ</arg>
<arg>MR</arg>
<arg>MS</arg>
<arg>MT</arg>
<arg>MU</arg>
<arg>MV</arg>
<arg>MW</arg>
<arg>MX</arg>
<arg>MY</arg>
<arg>MZ</arg>
<arg>NA</arg>
<arg>NC</arg>
<arg>NE</arg>
<arg>NF</arg>
<arg>NG</arg>
<arg>NI</arg>
<arg>NL</arg>
<arg>NO</arg>
<arg>NP</arg>
<arg>NR</arg>
<arg>NU</arg>
<arg>NZ</arg>
<arg>OM</arg>
<arg>PA</arg>
<arg>PE</arg>
<arg>PF</arg>
<arg>PG</arg>
<arg>PH</arg>
<arg>PK</arg>
<arg>PL</arg>
<arg>PM</arg>
<arg>PN</arg>
<arg>PR</arg>
<arg>PS</arg>
<arg>PT</arg>
<arg>PW</arg>
<arg>PY</arg>
<arg>QA</arg>
<arg>RE</arg>
<arg>RO</arg>
<arg>RS</arg>
<arg>RU</arg>
<arg>RW</arg>
<arg>SA</arg>
<arg>SB</arg>
<arg>SC</arg>
<arg>SD</arg>
<arg>SE</arg>
<arg>SG</arg>
<arg>SH</arg>
<arg>SI</arg>
<arg>SJ</arg>
<arg>SK</arg>
<arg>SL</arg>
<arg>SM</arg>
<arg>SN</arg>
<arg>SO</arg>
<arg>SR</arg>
<arg>SS</arg>
<arg>ST</arg>
<arg>SV</arg>
<arg>SX</arg>
<arg>SY</arg>
<arg>SZ</arg>
<arg>TC</arg>
<arg>TD</arg>
<arg>TF</arg>
<arg>TG</arg>
<arg>TH</arg>
<arg>TJ</arg>
<arg>TK</arg>
<arg>TL</arg>
<arg>TM</arg>
<arg>TN</arg>
<arg>TO</arg>
<arg>TR</arg>
<arg>TT</arg>
<arg>TV</arg>
<arg>TW</arg>
<arg>TZ</arg>
<arg>UA</arg>
<arg>UG</arg>
<arg>UM</arg>
<arg>US</arg>
<arg>UY</arg>
<arg>UZ</arg>
<arg>VA</arg>
<arg>VC</arg>
<arg>VE</arg>
<arg>VG</arg>
<arg>VI</arg>
<arg>VN</arg>
<arg>VU</arg>
<arg>WF</arg>
<arg>WS</arg>
<arg>XK</arg>
<arg>YE</arg>
<arg>YT</arg>
<arg>ZA</arg>
<arg>ZM</arg>
<arg>ZW</arg>
<doc>Returns a list containing given items.</doc>
<status status="PASS" start="2024-07-25T14:14:02.237946" elapsed="0.000619"/>
</kw>
<kw name="List Should Contain Value" owner="Collections">
<arg>${list_country}</arg>
<arg>${name_country}</arg>
<doc>Fails if the ``value`` is not found from ``list``.</doc>
<status status="PASS" start="2024-07-25T14:14:02.239582" elapsed="0.000211"/>
</kw>
<kw name="Run Keyword If" owner="BuiltIn">
<kw name="Should Be True" owner="BuiltIn">
<arg>${True}</arg>
<doc>Fails if the given condition is not true.</doc>
<status status="PASS" start="2024-07-25T14:14:02.240736" elapsed="0.000143"/>
</kw>
<arg>${json_data["results"][0]["location"]["coordinates"]["latitude"]} &gt;= -90 and ${json_data["results"][0]["location"]["coordinates"]["latitude"]} &lt;= 90</arg>
<arg>Should Be True</arg>
<arg>${True}</arg>
<doc>Runs the given keyword with the given arguments, if ``condition`` is true.</doc>
<status status="PASS" start="2024-07-25T14:14:02.239991" elapsed="0.001014"/>
</kw>
<kw name="Run Keyword If" owner="BuiltIn">
<kw name="Should Be True" owner="BuiltIn">
<arg>${True}</arg>
<doc>Fails if the given condition is not true.</doc>
<status status="PASS" start="2024-07-25T14:14:02.241872" elapsed="0.000135"/>
</kw>
<arg>${json_data["results"][0]["location"]["coordinates"]["longitude"]} &gt;= -180 and ${json_data["results"][0]["location"]["coordinates"]["longitude"]} &lt;= 180</arg>
<arg>Should Be True</arg>
<arg>${True}</arg>
<doc>Runs the given keyword with the given arguments, if ``condition`` is true.</doc>
<status status="PASS" start="2024-07-25T14:14:02.241186" elapsed="0.000941"/>
</kw>
<status status="PASS" start="2024-07-25T14:14:01.863750" elapsed="0.378505"/>
</kw>
<doc>Testa o conteúdo específico dos campos retornados pela API.</doc>
<tag>testeConteudo</tag>
<status status="PASS" start="2024-07-25T14:14:01.863056" elapsed="0.379349"/>
</test>
<status status="PASS" start="2024-07-25T14:14:00.484211" elapsed="1.760183"/>
</suite>
<status status="PASS" start="2024-07-25T14:14:00.469080" elapsed="1.780383"/>
</suite>
<statistics>
<total>
<stat pass="5" fail="0" skip="0">All Tests</stat>
</total>
<tag>
<stat pass="1" fail="0" skip="0">testeConteudo</stat>
<stat pass="1" fail="0" skip="0">testeEstruturaResposta</stat>
<stat pass="1" fail="0" skip="0">testeRequisicaoBasica</stat>
<stat pass="1" fail="0" skip="0">testeTiposDados</stat>
</tag>
<suite>
<stat pass="5" fail="0" skip="0" id="s1" name="Tests">Tests</stat>
<stat pass="5" fail="0" skip="0" id="s1-s1" name="Random-User-Test">Tests.Random-User-Test</stat>
</suite>
</statistics>
<errors>
</errors>
</robot>
