<?xml version="1.0" encoding="UTF-8"?>
<robot generator="Robot 7.0 (Python 3.12.3 on linux)" generated="2024-04-30T12:25:35.124104" rpa="false" schemaversion="5">
<suite id="s1" name="Tests" source="/home/runner/work/DesafioQAItauRogerioJordao/DesafioQAItauRogerioJordao/RamdonUser/tests">
<suite id="s1-s1" name="Random-User-Test" source="/home/runner/work/DesafioQAItauRogerioJordao/DesafioQAItauRogerioJordao/RamdonUser/tests/random-user-test.robot">
<test id="s1-s1-t1" name="Conectar" line="13">
<kw name="Conectar API" owner="random-user-service">
<kw name="Create Session" owner="RequestsLibrary">
<msg time="2024-04-30T12:25:35.489471" level="INFO">Creating Session using : alias=consultarAPI, url=https://randomuser.me/, headers={},                     cookies={}, auth=None, timeout=None, proxies=None, verify=False,                     debug=0 </msg>
<arg>consultarAPI</arg>
<arg>${URL}</arg>
<doc>Create Session: create a HTTP session to a server</doc>
<status status="PASS" start="2024-04-30T12:25:35.489270" elapsed="0.000384"/>
</kw>
<status status="PASS" start="2024-04-30T12:25:35.488287" elapsed="0.001819"/>
</kw>
<status status="PASS" start="2024-04-30T12:25:35.487743" elapsed="0.002559"/>
</test>
<test id="s1-s1-t2" name="Validar retorno 200 e JSON Válido" line="16">
<kw name="Teste de Requisicao Basica" owner="random-user-service">
<kw name="GET On Session" owner="RequestsLibrary">
<msg time="2024-04-30T12:25:35.596535" level="INFO">GET Request : url=https://randomuser.me/api 
 path_url=/api 
 headers={'User-Agent': 'python-requests/2.31.0', 'Accept-Encoding': 'gzip, deflate', 'Accept': '*/*', 'Connection': 'keep-alive'} 
 body=None 
 </msg>
<msg time="2024-04-30T12:25:35.596715" level="INFO">GET Response : url=https://randomuser.me/api 
 status=200, reason=OK 
 headers={'Date': 'Tue, 30 Apr 2024 12:25:35 GMT', 'Content-Type': 'application/json; charset=utf-8', 'Transfer-Encoding': 'chunked', 'Connection': 'keep-alive', 'X-Powered-By': 'Express', 'Access-Control-Allow-Origin': '*', 'Cache-Control': 'no-cache', 'ETag': 'W/"47a-aLnXIth/asmLoDyR7wuFeUKAcZY"', 'Vary': 'Accept-Encoding', 'Content-Encoding': 'gzip', 'CF-Cache-Status': 'DYNAMIC', 'Report-To': '{"endpoints":[{"url":"https:\\/\\/a.nel.cloudflare.com\\/report\\/v4?s=OUnFGYaKuS2smn5YsTCh3pu12yhja0B6YXd8WmKfUO4kuqyAES9jJfK3H4cc4XZ3dxsYM2041oyth9sikdaqlRKJqexgoKBl7e%2Fbxw16MocVRCWvMrhe89%2B%2FZqajN8Ji"}],"group":"cf-nel","max_age":604800}', 'NEL': '{"success_fraction":0,"report_to":"cf-nel","max_age":604800}', 'Server': 'cloudflare', 'CF-RAY': '87c783ed1f952abe-ORD', 'alt-svc': 'h3=":443"; ma=86400'} 
 body={"results":[{"gender":"male","name":{"title":"Mr","first":"Jerome","last":"Thomas"},"location":{"street":{"number":5780,"name":"Photinia Ave"},"city":"Nowra","state":"Victoria","country":"Australia","postcode":7122,"coordinates":{"latitude":"-89.5144","longitude":"-93.8712"},"timezone":{"offset":"+6:00","description":"Almaty, Dhaka, Colombo"}},"email":"jerome.thomas@example.com","login":{"uuid":"7ec9a9dd-f0be-4ef4-baf5-0bbf88fddf72","username":"yellowfrog145","password":"norman","salt":"8bS647tD","md5":"a6d7db91bc5cc3aed055f5dda9f33ba9","sha1":"49c3e81e6c66067576e8e74bdaa56abe24c13bd3","sha256":"26dee4d1a490e411432f83240015a6002d69fad07816923ed35bc23bed8c0d0b"},"dob":{"date":"1986-09-26T04:34:56.257Z","age":37},"registered":{"date":"2016-08-06T16:45:10.092Z","age":7},"phone":"05-5988-9413","cell":"0408-272-588","id":{"name":"TFN","value":"078567719"},"picture":{"large":"https://randomuser.me/api/portraits/men/98.jpg","medium":"https://randomuser.me/api/portraits/med/men/98.jpg","thumbnail":"https://randomuser.me/api/portraits/thumb/men/98.jpg"},"nat":"AU"}],"info":{"seed":"34cda11dcc2a1b9f","results":1,"page":1,"version":"1.4"}} 
 </msg>
<msg time="2024-04-30T12:25:35.596803" level="INFO">/opt/hostedtoolcache/Python/3.12.3/x64/lib/python3.12/site-packages/urllib3/connectionpool.py:1103: InsecureRequestWarning: Unverified HTTPS request is being made to host 'randomuser.me'. Adding certificate verification is strongly advised. See: https://urllib3.readthedocs.io/en/latest/advanced-usage.html#tls-warnings
  warnings.warn(</msg>
<msg time="2024-04-30T12:25:35.596960" level="INFO">${response} = &lt;Response [200]&gt;</msg>
<var>${response}</var>
<arg>consultarAPI</arg>
<arg>/api</arg>
<doc>Sends a GET request on a previously created HTTP Session.</doc>
<status status="PASS" start="2024-04-30T12:25:35.492904" elapsed="0.104097"/>
</kw>
<kw name="Should Be Equal As Numbers" owner="BuiltIn">
<msg time="2024-04-30T12:25:35.598215" level="INFO">Argument types are:
&lt;class 'int'&gt;
&lt;class 'str'&gt;</msg>
<arg>${response.status_code}</arg>
<arg>200</arg>
<doc>Fails if objects are unequal after converting them to real numbers.</doc>
<status status="PASS" start="2024-04-30T12:25:35.597687" elapsed="0.000596"/>
</kw>
<kw name="Log" owner="BuiltIn">
<msg time="2024-04-30T12:25:35.598996" level="INFO">200</msg>
<arg>${response.status_code}</arg>
<doc>Logs the given message with the given level.</doc>
<status status="PASS" start="2024-04-30T12:25:35.598639" elapsed="0.000400"/>
</kw>
<kw name="Set Variable" owner="BuiltIn">
<msg time="2024-04-30T12:25:35.599782" level="INFO">${json_data} = {'results': [{'gender': 'male', 'name': {'title': 'Mr', 'first': 'Jerome', 'last': 'Thomas'}, 'location': {'street': {'number': 5780, 'name': 'Photinia Ave'}, 'city': 'Nowra', 'state': 'Victoria', 'co...</msg>
<var>${json_data}</var>
<arg>${response.json()}</arg>
<doc>Returns the given values which can then be assigned to a variables.</doc>
<status status="PASS" start="2024-04-30T12:25:35.599343" elapsed="0.000467"/>
</kw>
<kw name="Dictionary Should Contain Key" owner="Collections">
<msg time="2024-04-30T12:25:35.600307" level="INFO">False</msg>
<arg>${json_data}</arg>
<arg>results</arg>
<doc>Fails if ``key`` is not found from ``dictionary``.</doc>
<status status="PASS" start="2024-04-30T12:25:35.600122" elapsed="0.000228"/>
</kw>
<status status="PASS" start="2024-04-30T12:25:35.492663" elapsed="0.107946"/>
</kw>
<doc>Testa se a API responde corretamente e retorna um objeto JSON válido.</doc>
<tag>testeRequisicaoBasica</tag>
<status status="PASS" start="2024-04-30T12:25:35.492186" elapsed="0.108613"/>
</test>
<test id="s1-s1-t3" name="Validar estrutura de resposta" line="22">
<kw name="Teste de Estrutura de Resposta" owner="random-user-service">
<kw name="GET On Session" owner="RequestsLibrary">
<msg time="2024-04-30T12:25:35.686566" level="INFO">GET Request : url=https://randomuser.me/api 
 path_url=/api 
 headers={'User-Agent': 'python-requests/2.31.0', 'Accept-Encoding': 'gzip, deflate', 'Accept': '*/*', 'Connection': 'keep-alive'} 
 body=None 
 </msg>
<msg time="2024-04-30T12:25:35.686663" level="INFO">GET Response : url=https://randomuser.me/api 
 status=200, reason=OK 
 headers={'Date': 'Tue, 30 Apr 2024 12:25:35 GMT', 'Content-Type': 'application/json; charset=utf-8', 'Transfer-Encoding': 'chunked', 'Connection': 'keep-alive', 'X-Powered-By': 'Express', 'Access-Control-Allow-Origin': '*', 'Cache-Control': 'no-cache', 'ETag': 'W/"486-uuPBy6AguLHMRYy74JD4qRQHmE4"', 'Vary': 'Accept-Encoding', 'Content-Encoding': 'gzip', 'CF-Cache-Status': 'DYNAMIC', 'Report-To': '{"endpoints":[{"url":"https:\\/\\/a.nel.cloudflare.com\\/report\\/v4?s=vmTepkKcfuLi36Kta9E0R9ayS7CPHzlq%2B8%2F2EAMmbPHS2zRSJeAZA18hCw%2FYU1Rhq5f%2BKGYp7oXJkiGcqwWkCXDHmDmZ6tnTpUURTQ11dnQYz1%2Fjp4PjVLnFxzewhjbI"}],"group":"cf-nel","max_age":604800}', 'NEL': '{"success_fraction":0,"report_to":"cf-nel","max_age":604800}', 'Server': 'cloudflare', 'CF-RAY': '87c783ed8fe72abe-ORD', 'alt-svc': 'h3=":443"; ma=86400'} 
 body={"results":[{"gender":"male","name":{"title":"Mr","first":"Flavio","last":"Rocha"},"location":{"street":{"number":4861,"name":"Eje vial Sur Borrego"},"city":"El Moralillo","state":"Nuevo Leon","country":"Mexico","postcode":91070,"coordinates":{"latitude":"29.6163","longitude":"-95.1991"},"timezone":{"offset":"+5:45","description":"Kathmandu"}},"email":"flavio.rocha@example.com","login":{"uuid":"4cc7a49e-ce8a-46e4-a95f-e168def29dd9","username":"goldenzebra906","password":"muffin1","salt":"Y4HPz4sN","md5":"bfe4cc37b4012867c6cc1d1b1788142a","sha1":"1446618be5000b3f46363849f6f9e0168bf81010","sha256":"7773d7a1c47bdf643956ccabf0a0cdec868b0c9fc25cacb991993eeb8239a656"},"dob":{"date":"1949-07-05T01:09:44.371Z","age":74},"registered":{"date":"2009-12-20T05:43:15.137Z","age":14},"phone":"(688) 916 8862","cell":"(672) 910 3288","id":{"name":"NSS","value":"01 19 34 5067 6"},"picture":{"large":"https://randomuser.me/api/portraits/men/51.jpg","medium":"https://randomuser.me/api/portraits/med/men/51.jpg","thumbnail":"https://randomuser.me/api/portraits/thumb/men/51.jpg"},"nat":"MX"}],"info":{"seed":"f77dcae35304f0d3","results":1,"page":1,"version":"1.4"}} 
 </msg>
<msg time="2024-04-30T12:25:35.686799" level="INFO">/opt/hostedtoolcache/Python/3.12.3/x64/lib/python3.12/site-packages/urllib3/connectionpool.py:1103: InsecureRequestWarning: Unverified HTTPS request is being made to host 'randomuser.me'. Adding certificate verification is strongly advised. See: https://urllib3.readthedocs.io/en/latest/advanced-usage.html#tls-warnings
  warnings.warn(</msg>
<msg time="2024-04-30T12:25:35.686939" level="INFO">${response} = &lt;Response [200]&gt;</msg>
<var>${response}</var>
<arg>consultarAPI</arg>
<arg>/api</arg>
<doc>Sends a GET request on a previously created HTTP Session.</doc>
<status status="PASS" start="2024-04-30T12:25:35.603606" elapsed="0.083373"/>
</kw>
<kw name="Set Variable" owner="BuiltIn">
<msg time="2024-04-30T12:25:35.688079" level="INFO">${json_data} = {'results': [{'gender': 'male', 'name': {'title': 'Mr', 'first': 'Flavio', 'last': 'Rocha'}, 'location': {'street': {'number': 4861, 'name': 'Eje vial Sur Borrego'}, 'city': 'El Moralillo', 'state': '...</msg>
<var>${json_data}</var>
<arg>${response.json()}</arg>
<doc>Returns the given values which can then be assigned to a variables.</doc>
<status status="PASS" start="2024-04-30T12:25:35.687514" elapsed="0.000594"/>
</kw>
<kw name="Log" owner="BuiltIn">
<msg time="2024-04-30T12:25:35.688579" level="INFO">{'results': [{'gender': 'male', 'name': {'title': 'Mr', 'first': 'Flavio', 'last': 'Rocha'}, 'location': {'street': {'number': 4861, 'name': 'Eje vial Sur Borrego'}, 'city': 'El Moralillo', 'state': 'Nuevo Leon', 'country': 'Mexico', 'postcode': 91070, 'coordinates': {'latitude': '29.6163', 'longitude': '-95.1991'}, 'timezone': {'offset': '+5:45', 'description': 'Kathmandu'}}, 'email': 'flavio.rocha@example.com', 'login': {'uuid': '4cc7a49e-ce8a-46e4-a95f-e168def29dd9', 'username': 'goldenzebra906', 'password': 'muffin1', 'salt': 'Y4HPz4sN', 'md5': 'bfe4cc37b4012867c6cc1d1b1788142a', 'sha1': '1446618be5000b3f46363849f6f9e0168bf81010', 'sha256': '7773d7a1c47bdf643956ccabf0a0cdec868b0c9fc25cacb991993eeb8239a656'}, 'dob': {'date': '1949-07-05T01:09:44.371Z', 'age': 74}, 'registered': {'date': '2009-12-20T05:43:15.137Z', 'age': 14}, 'phone': '(688) 916 8862', 'cell': '(672) 910 3288', 'id': {'name': 'NSS', 'value': '01 19 34 5067 6'}, 'picture': {'large': 'https://randomuser.me/api/portraits/men/51.jpg', 'medium': 'https://randomuser.me/api/portraits/med/men/51.jpg', 'thumbnail': 'https://randomuser.me/api/portraits/thumb/men/51.jpg'}, 'nat': 'MX'}], 'info': {'seed': 'f77dcae35304f0d3', 'results': 1, 'page': 1, 'version': '1.4'}}</msg>
<arg>${json_data}</arg>
<doc>Logs the given message with the given level.</doc>
<status status="PASS" start="2024-04-30T12:25:35.688417" elapsed="0.000211"/>
</kw>
<kw name="Dictionary Should Contain Key" owner="Collections">
<msg time="2024-04-30T12:25:35.689085" level="INFO">False</msg>
<arg>${json_data}</arg>
<arg>results</arg>
<doc>Fails if ``key`` is not found from ``dictionary``.</doc>
<status status="PASS" start="2024-04-30T12:25:35.688924" elapsed="0.000198"/>
</kw>
<kw name="Should Not Be Empty" owner="BuiltIn">
<msg time="2024-04-30T12:25:35.689553" level="INFO">Length is 2.</msg>
<arg>${json_data}</arg>
<doc>Verifies that the given item is not empty.</doc>
<status status="PASS" start="2024-04-30T12:25:35.689416" elapsed="0.000368"/>
</kw>
<kw name="Create List" owner="BuiltIn">
<msg time="2024-04-30T12:25:35.690246" level="INFO">${expected_keys} = ['gender', 'name', 'location', 'email', 'login']</msg>
<var>${expected_keys}</var>
<arg>gender</arg>
<arg>name</arg>
<arg>location</arg>
<arg>email</arg>
<arg>login</arg>
<doc>Returns a list containing given items.</doc>
<status status="PASS" start="2024-04-30T12:25:35.690096" elapsed="0.000175"/>
</kw>
<for flavor="IN">
<iter>
<kw name="Dictionary Should Contain Key" owner="Collections">
<msg time="2024-04-30T12:25:35.691275" level="INFO">False</msg>
<arg>${json_data['results'][0]}</arg>
<arg>${key}</arg>
<doc>Fails if ``key`` is not found from ``dictionary``.</doc>
<status status="PASS" start="2024-04-30T12:25:35.690861" elapsed="0.000453"/>
</kw>
<kw name="Log" owner="BuiltIn">
<msg time="2024-04-30T12:25:35.691995" level="INFO">{'gender': 'male', 'name': {'title': 'Mr', 'first': 'Flavio', 'last': 'Rocha'}, 'location': {'street': {'number': 4861, 'name': 'Eje vial Sur Borrego'}, 'city': 'El Moralillo', 'state': 'Nuevo Leon', 'country': 'Mexico', 'postcode': 91070, 'coordinates': {'latitude': '29.6163', 'longitude': '-95.1991'}, 'timezone': {'offset': '+5:45', 'description': 'Kathmandu'}}, 'email': 'flavio.rocha@example.com', 'login': {'uuid': '4cc7a49e-ce8a-46e4-a95f-e168def29dd9', 'username': 'goldenzebra906', 'password': 'muffin1', 'salt': 'Y4HPz4sN', 'md5': 'bfe4cc37b4012867c6cc1d1b1788142a', 'sha1': '1446618be5000b3f46363849f6f9e0168bf81010', 'sha256': '7773d7a1c47bdf643956ccabf0a0cdec868b0c9fc25cacb991993eeb8239a656'}, 'dob': {'date': '1949-07-05T01:09:44.371Z', 'age': 74}, 'registered': {'date': '2009-12-20T05:43:15.137Z', 'age': 14}, 'phone': '(688) 916 8862', 'cell': '(672) 910 3288', 'id': {'name': 'NSS', 'value': '01 19 34 5067 6'}, 'picture': {'large': 'https://randomuser.me/api/portraits/men/51.jpg', 'medium': 'https://randomuser.me/api/portraits/med/men/51.jpg', 'thumbnail': 'https://randomuser.me/api/portraits/thumb/men/51.jpg'}, 'nat': 'MX'}</msg>
<arg>${json_data['results'][0]}</arg>
<doc>Logs the given message with the given level.</doc>
<status status="PASS" start="2024-04-30T12:25:35.691628" elapsed="0.000415"/>
</kw>
<kw name="Log" owner="BuiltIn">
<msg time="2024-04-30T12:25:35.692464" level="INFO">gender</msg>
<arg>${key}</arg>
<doc>Logs the given message with the given level.</doc>
<status status="PASS" start="2024-04-30T12:25:35.692336" elapsed="0.000166"/>
</kw>
<var name="${key}">gender</var>
<status status="PASS" start="2024-04-30T12:25:35.690734" elapsed="0.001981"/>
</iter>
<iter>
<kw name="Dictionary Should Contain Key" owner="Collections">
<msg time="2024-04-30T12:25:35.693406" level="INFO">False</msg>
<arg>${json_data['results'][0]}</arg>
<arg>${key}</arg>
<doc>Fails if ``key`` is not found from ``dictionary``.</doc>
<status status="PASS" start="2024-04-30T12:25:35.693020" elapsed="0.000422"/>
</kw>
<kw name="Log" owner="BuiltIn">
<msg time="2024-04-30T12:25:35.694156" level="INFO">{'gender': 'male', 'name': {'title': 'Mr', 'first': 'Flavio', 'last': 'Rocha'}, 'location': {'street': {'number': 4861, 'name': 'Eje vial Sur Borrego'}, 'city': 'El Moralillo', 'state': 'Nuevo Leon', 'country': 'Mexico', 'postcode': 91070, 'coordinates': {'latitude': '29.6163', 'longitude': '-95.1991'}, 'timezone': {'offset': '+5:45', 'description': 'Kathmandu'}}, 'email': 'flavio.rocha@example.com', 'login': {'uuid': '4cc7a49e-ce8a-46e4-a95f-e168def29dd9', 'username': 'goldenzebra906', 'password': 'muffin1', 'salt': 'Y4HPz4sN', 'md5': 'bfe4cc37b4012867c6cc1d1b1788142a', 'sha1': '1446618be5000b3f46363849f6f9e0168bf81010', 'sha256': '7773d7a1c47bdf643956ccabf0a0cdec868b0c9fc25cacb991993eeb8239a656'}, 'dob': {'date': '1949-07-05T01:09:44.371Z', 'age': 74}, 'registered': {'date': '2009-12-20T05:43:15.137Z', 'age': 14}, 'phone': '(688) 916 8862', 'cell': '(672) 910 3288', 'id': {'name': 'NSS', 'value': '01 19 34 5067 6'}, 'picture': {'large': 'https://randomuser.me/api/portraits/men/51.jpg', 'medium': 'https://randomuser.me/api/portraits/med/men/51.jpg', 'thumbnail': 'https://randomuser.me/api/portraits/thumb/men/51.jpg'}, 'nat': 'MX'}</msg>
<arg>${json_data['results'][0]}</arg>
<doc>Logs the given message with the given level.</doc>
<status status="PASS" start="2024-04-30T12:25:35.693790" elapsed="0.000414"/>
</kw>
<kw name="Log" owner="BuiltIn">
<msg time="2024-04-30T12:25:35.694632" level="INFO">name</msg>
<arg>${key}</arg>
<doc>Logs the given message with the given level.</doc>
<status status="PASS" start="2024-04-30T12:25:35.694506" elapsed="0.000163"/>
</kw>
<var name="${key}">name</var>
<status status="PASS" start="2024-04-30T12:25:35.692903" elapsed="0.001979"/>
</iter>
<iter>
<kw name="Dictionary Should Contain Key" owner="Collections">
<msg time="2024-04-30T12:25:35.695553" level="INFO">False</msg>
<arg>${json_data['results'][0]}</arg>
<arg>${key}</arg>
<doc>Fails if ``key`` is not found from ``dictionary``.</doc>
<status status="PASS" start="2024-04-30T12:25:35.695171" elapsed="0.000420"/>
</kw>
<kw name="Log" owner="BuiltIn">
<msg time="2024-04-30T12:25:35.696250" level="INFO">{'gender': 'male', 'name': {'title': 'Mr', 'first': 'Flavio', 'last': 'Rocha'}, 'location': {'street': {'number': 4861, 'name': 'Eje vial Sur Borrego'}, 'city': 'El Moralillo', 'state': 'Nuevo Leon', 'country': 'Mexico', 'postcode': 91070, 'coordinates': {'latitude': '29.6163', 'longitude': '-95.1991'}, 'timezone': {'offset': '+5:45', 'description': 'Kathmandu'}}, 'email': 'flavio.rocha@example.com', 'login': {'uuid': '4cc7a49e-ce8a-46e4-a95f-e168def29dd9', 'username': 'goldenzebra906', 'password': 'muffin1', 'salt': 'Y4HPz4sN', 'md5': 'bfe4cc37b4012867c6cc1d1b1788142a', 'sha1': '1446618be5000b3f46363849f6f9e0168bf81010', 'sha256': '7773d7a1c47bdf643956ccabf0a0cdec868b0c9fc25cacb991993eeb8239a656'}, 'dob': {'date': '1949-07-05T01:09:44.371Z', 'age': 74}, 'registered': {'date': '2009-12-20T05:43:15.137Z', 'age': 14}, 'phone': '(688) 916 8862', 'cell': '(672) 910 3288', 'id': {'name': 'NSS', 'value': '01 19 34 5067 6'}, 'picture': {'large': 'https://randomuser.me/api/portraits/men/51.jpg', 'medium': 'https://randomuser.me/api/portraits/med/men/51.jpg', 'thumbnail': 'https://randomuser.me/api/portraits/thumb/men/51.jpg'}, 'nat': 'MX'}</msg>
<arg>${json_data['results'][0]}</arg>
<doc>Logs the given message with the given level.</doc>
<status status="PASS" start="2024-04-30T12:25:35.695891" elapsed="0.000406"/>
</kw>
<kw name="Log" owner="BuiltIn">
<msg time="2024-04-30T12:25:35.696711" level="INFO">location</msg>
<arg>${key}</arg>
<doc>Logs the given message with the given level.</doc>
<status status="PASS" start="2024-04-30T12:25:35.696586" elapsed="0.000163"/>
</kw>
<var name="${key}">location</var>
<status status="PASS" start="2024-04-30T12:25:35.695060" elapsed="0.001901"/>
</iter>
<iter>
<kw name="Dictionary Should Contain Key" owner="Collections">
<msg time="2024-04-30T12:25:35.697630" level="INFO">False</msg>
<arg>${json_data['results'][0]}</arg>
<arg>${key}</arg>
<doc>Fails if ``key`` is not found from ``dictionary``.</doc>
<status status="PASS" start="2024-04-30T12:25:35.697244" elapsed="0.000423"/>
</kw>
<kw name="Log" owner="BuiltIn">
<msg time="2024-04-30T12:25:35.698362" level="INFO">{'gender': 'male', 'name': {'title': 'Mr', 'first': 'Flavio', 'last': 'Rocha'}, 'location': {'street': {'number': 4861, 'name': 'Eje vial Sur Borrego'}, 'city': 'El Moralillo', 'state': 'Nuevo Leon', 'country': 'Mexico', 'postcode': 91070, 'coordinates': {'latitude': '29.6163', 'longitude': '-95.1991'}, 'timezone': {'offset': '+5:45', 'description': 'Kathmandu'}}, 'email': 'flavio.rocha@example.com', 'login': {'uuid': '4cc7a49e-ce8a-46e4-a95f-e168def29dd9', 'username': 'goldenzebra906', 'password': 'muffin1', 'salt': 'Y4HPz4sN', 'md5': 'bfe4cc37b4012867c6cc1d1b1788142a', 'sha1': '1446618be5000b3f46363849f6f9e0168bf81010', 'sha256': '7773d7a1c47bdf643956ccabf0a0cdec868b0c9fc25cacb991993eeb8239a656'}, 'dob': {'date': '1949-07-05T01:09:44.371Z', 'age': 74}, 'registered': {'date': '2009-12-20T05:43:15.137Z', 'age': 14}, 'phone': '(688) 916 8862', 'cell': '(672) 910 3288', 'id': {'name': 'NSS', 'value': '01 19 34 5067 6'}, 'picture': {'large': 'https://randomuser.me/api/portraits/men/51.jpg', 'medium': 'https://randomuser.me/api/portraits/med/men/51.jpg', 'thumbnail': 'https://randomuser.me/api/portraits/thumb/men/51.jpg'}, 'nat': 'MX'}</msg>
<arg>${json_data['results'][0]}</arg>
<doc>Logs the given message with the given level.</doc>
<status status="PASS" start="2024-04-30T12:25:35.698001" elapsed="0.000410"/>
</kw>
<kw name="Log" owner="BuiltIn">
<msg time="2024-04-30T12:25:35.698828" level="INFO">email</msg>
<arg>${key}</arg>
<doc>Logs the given message with the given level.</doc>
<status status="PASS" start="2024-04-30T12:25:35.698703" elapsed="0.000163"/>
</kw>
<var name="${key}">email</var>
<status status="PASS" start="2024-04-30T12:25:35.697133" elapsed="0.001943"/>
</iter>
<iter>
<kw name="Dictionary Should Contain Key" owner="Collections">
<msg time="2024-04-30T12:25:35.699741" level="INFO">False</msg>
<arg>${json_data['results'][0]}</arg>
<arg>${key}</arg>
<doc>Fails if ``key`` is not found from ``dictionary``.</doc>
<status status="PASS" start="2024-04-30T12:25:35.699356" elapsed="0.000423"/>
</kw>
<kw name="Log" owner="BuiltIn">
<msg time="2024-04-30T12:25:35.700439" level="INFO">{'gender': 'male', 'name': {'title': 'Mr', 'first': 'Flavio', 'last': 'Rocha'}, 'location': {'street': {'number': 4861, 'name': 'Eje vial Sur Borrego'}, 'city': 'El Moralillo', 'state': 'Nuevo Leon', 'country': 'Mexico', 'postcode': 91070, 'coordinates': {'latitude': '29.6163', 'longitude': '-95.1991'}, 'timezone': {'offset': '+5:45', 'description': 'Kathmandu'}}, 'email': 'flavio.rocha@example.com', 'login': {'uuid': '4cc7a49e-ce8a-46e4-a95f-e168def29dd9', 'username': 'goldenzebra906', 'password': 'muffin1', 'salt': 'Y4HPz4sN', 'md5': 'bfe4cc37b4012867c6cc1d1b1788142a', 'sha1': '1446618be5000b3f46363849f6f9e0168bf81010', 'sha256': '7773d7a1c47bdf643956ccabf0a0cdec868b0c9fc25cacb991993eeb8239a656'}, 'dob': {'date': '1949-07-05T01:09:44.371Z', 'age': 74}, 'registered': {'date': '2009-12-20T05:43:15.137Z', 'age': 14}, 'phone': '(688) 916 8862', 'cell': '(672) 910 3288', 'id': {'name': 'NSS', 'value': '01 19 34 5067 6'}, 'picture': {'large': 'https://randomuser.me/api/portraits/men/51.jpg', 'medium': 'https://randomuser.me/api/portraits/med/men/51.jpg', 'thumbnail': 'https://randomuser.me/api/portraits/thumb/men/51.jpg'}, 'nat': 'MX'}</msg>
<arg>${json_data['results'][0]}</arg>
<doc>Logs the given message with the given level.</doc>
<status status="PASS" start="2024-04-30T12:25:35.700071" elapsed="0.000416"/>
</kw>
<kw name="Log" owner="BuiltIn">
<msg time="2024-04-30T12:25:35.700907" level="INFO">login</msg>
<arg>${key}</arg>
<doc>Logs the given message with the given level.</doc>
<status status="PASS" start="2024-04-30T12:25:35.700782" elapsed="0.000164"/>
</kw>
<var name="${key}">login</var>
<status status="PASS" start="2024-04-30T12:25:35.699247" elapsed="0.001909"/>
</iter>
<var>${key}</var>
<value>@{expected_keys}</value>
<status status="PASS" start="2024-04-30T12:25:35.690535" elapsed="0.010767"/>
</for>
<kw name="Create List" owner="BuiltIn">
<msg time="2024-04-30T12:25:35.701645" level="INFO">${expected_keysTwo} = ['username', 'password']</msg>
<var>${expected_keysTwo}</var>
<arg>username</arg>
<arg>password</arg>
<doc>Returns a list containing given items.</doc>
<status status="PASS" start="2024-04-30T12:25:35.701508" elapsed="0.000162"/>
</kw>
<for flavor="IN">
<iter>
<kw name="Dictionary Should Contain Key" owner="Collections">
<msg time="2024-04-30T12:25:35.702602" level="INFO">False</msg>
<arg>${json_data['results'][0]['login']}</arg>
<arg>${keyTwo}</arg>
<doc>Fails if ``key`` is not found from ``dictionary``.</doc>
<status status="PASS" start="2024-04-30T12:25:35.702210" elapsed="0.000431"/>
</kw>
<kw name="Dictionary Should Contain Key" owner="Collections">
<msg time="2024-04-30T12:25:35.703311" level="INFO">False</msg>
<arg>${json_data['results'][0]['login']}</arg>
<arg>${keyTwo}</arg>
<doc>Fails if ``key`` is not found from ``dictionary``.</doc>
<status status="PASS" start="2024-04-30T12:25:35.702930" elapsed="0.000419"/>
</kw>
<kw name="Log" owner="BuiltIn">
<msg time="2024-04-30T12:25:35.703763" level="INFO">username</msg>
<arg>${keyTwo}</arg>
<doc>Logs the given message with the given level.</doc>
<status status="PASS" start="2024-04-30T12:25:35.703637" elapsed="0.000169"/>
</kw>
<var name="${keyTwo}">username</var>
<status status="PASS" start="2024-04-30T12:25:35.702098" elapsed="0.001924"/>
</iter>
<iter>
<kw name="Dictionary Should Contain Key" owner="Collections">
<msg time="2024-04-30T12:25:35.704773" level="INFO">False</msg>
<arg>${json_data['results'][0]['login']}</arg>
<arg>${keyTwo}</arg>
<doc>Fails if ``key`` is not found from ``dictionary``.</doc>
<status status="PASS" start="2024-04-30T12:25:35.704313" elapsed="0.000499"/>
</kw>
<kw name="Dictionary Should Contain Key" owner="Collections">
<msg time="2024-04-30T12:25:35.705486" level="INFO">False</msg>
<arg>${json_data['results'][0]['login']}</arg>
<arg>${keyTwo}</arg>
<doc>Fails if ``key`` is not found from ``dictionary``.</doc>
<status status="PASS" start="2024-04-30T12:25:35.705109" elapsed="0.000414"/>
</kw>
<kw name="Log" owner="BuiltIn">
<msg time="2024-04-30T12:25:35.705977" level="INFO">password</msg>
<arg>${keyTwo}</arg>
<doc>Logs the given message with the given level.</doc>
<status status="PASS" start="2024-04-30T12:25:35.705846" elapsed="0.000169"/>
</kw>
<var name="${keyTwo}">password</var>
<status status="PASS" start="2024-04-30T12:25:35.704204" elapsed="0.002028"/>
</iter>
<var>${keyTwo}</var>
<value>@{expected_keysTwo}</value>
<status status="PASS" start="2024-04-30T12:25:35.701942" elapsed="0.004410"/>
</for>
<status status="PASS" start="2024-04-30T12:25:35.603369" elapsed="0.103123"/>
</kw>
<doc>Testa a estrutura da resposta da API.</doc>
<tag>testeEstruturaResposta</tag>
<status status="PASS" start="2024-04-30T12:25:35.602748" elapsed="0.103900"/>
</test>
<test id="s1-s1-t4" name="Validar tipos de dados" line="28">
<kw name="Teste de Tipos de Dados" owner="random-user-service">
<kw name="GET On Session" owner="RequestsLibrary">
<msg time="2024-04-30T12:25:35.790676" level="INFO">GET Request : url=https://randomuser.me/api 
 path_url=/api 
 headers={'User-Agent': 'python-requests/2.31.0', 'Accept-Encoding': 'gzip, deflate', 'Accept': '*/*', 'Connection': 'keep-alive'} 
 body=None 
 </msg>
<msg time="2024-04-30T12:25:35.790765" level="INFO">GET Response : url=https://randomuser.me/api 
 status=200, reason=OK 
 headers={'Date': 'Tue, 30 Apr 2024 12:25:35 GMT', 'Content-Type': 'application/json; charset=utf-8', 'Transfer-Encoding': 'chunked', 'Connection': 'keep-alive', 'X-Powered-By': 'Express', 'Access-Control-Allow-Origin': '*', 'Cache-Control': 'no-cache', 'ETag': 'W/"49e-EMtlXLJEy9FRaFcX1ARkfQDVqec"', 'Vary': 'Accept-Encoding', 'Content-Encoding': 'gzip', 'CF-Cache-Status': 'DYNAMIC', 'Report-To': '{"endpoints":[{"url":"https:\\/\\/a.nel.cloudflare.com\\/report\\/v4?s=ik4bs9NUgtvwVgWz9MiFX1LcS152bmFH0M5GiviCMjKlHo9HBTj72U%2FojxFx7sc4mNfNoDt0%2FO5st8KVQKyggk7HlueB6LONqz0eCm1jpQK9J6XNvEWdtBpE2LnFXAsR"}],"group":"cf-nel","max_age":604800}', 'NEL': '{"success_fraction":0,"report_to":"cf-nel","max_age":604800}', 'Server': 'cloudflare', 'CF-RAY': '87c783ee28722abe-ORD', 'alt-svc': 'h3=":443"; ma=86400'} 
 body={"results":[{"gender":"male","name":{"title":"Mr","first":"Staniša","last":"Radivojević"},"location":{"street":{"number":3490,"name":"Porodice Mihailović"},"city":"Vranje","state":"North Bačka","country":"Serbia","postcode":97406,"coordinates":{"latitude":"57.8567","longitude":"-48.0224"},"timezone":{"offset":"+10:00","description":"Eastern Australia, Guam, Vladivostok"}},"email":"stanisa.radivojevic@example.com","login":{"uuid":"c9e5ae7f-8e9f-4fc6-9032-845dd7331ae6","username":"browndog598","password":"1988","salt":"G6K88VBL","md5":"ca09e8bf2a8b37b090ea013d67eb98f6","sha1":"a5784a1cef1207970e9e2e8854f4d28d7fad33d5","sha256":"6cdcfd4578e6a157dc73951cd755873c192469729fa2a038b07094b12b8baa2e"},"dob":{"date":"1960-02-18T02:31:10.285Z","age":64},"registered":{"date":"2008-11-12T22:54:43.819Z","age":15},"phone":"034-2216-842","cell":"064-0081-133","id":{"name":"SID","value":"370435209"},"picture":{"large":"https://randomuser.me/api/portraits/men/85.jpg","medium":"https://randomuser.me/api/portraits/med/men/85.jpg","thumbnail":"https://randomuser.me/api/portraits/thumb/men/85.jpg"},"nat":"RS"}],"info":{"seed":"e67fd2c078a24f45","results":1,"page":1,"version":"1.4"}} 
 </msg>
<msg time="2024-04-30T12:25:35.790841" level="INFO">/opt/hostedtoolcache/Python/3.12.3/x64/lib/python3.12/site-packages/urllib3/connectionpool.py:1103: InsecureRequestWarning: Unverified HTTPS request is being made to host 'randomuser.me'. Adding certificate verification is strongly advised. See: https://urllib3.readthedocs.io/en/latest/advanced-usage.html#tls-warnings
  warnings.warn(</msg>
<msg time="2024-04-30T12:25:35.790957" level="INFO">${response} = &lt;Response [200]&gt;</msg>
<var>${response}</var>
<arg>consultarAPI</arg>
<arg>/api</arg>
<doc>Sends a GET request on a previously created HTTP Session.</doc>
<status status="PASS" start="2024-04-30T12:25:35.709220" elapsed="0.081784"/>
</kw>
<kw name="Set Variable" owner="BuiltIn">
<msg time="2024-04-30T12:25:35.791928" level="INFO">${json_data} = {'results': [{'gender': 'male', 'name': {'title': 'Mr', 'first': 'Staniša', 'last': 'Radivojević'}, 'location': {'street': {'number': 3490, 'name': 'Porodice Mihailović'}, 'city': 'Vranje', 'state': '...</msg>
<var>${json_data}</var>
<arg>${response.json()}</arg>
<doc>Returns the given values which can then be assigned to a variables.</doc>
<status status="PASS" start="2024-04-30T12:25:35.791441" elapsed="0.000518"/>
</kw>
<kw name="Log" owner="BuiltIn">
<msg time="2024-04-30T12:25:35.792427" level="INFO">{'results': [{'gender': 'male', 'name': {'title': 'Mr', 'first': 'Staniša', 'last': 'Radivojević'}, 'location': {'street': {'number': 3490, 'name': 'Porodice Mihailović'}, 'city': 'Vranje', 'state': 'North Bačka', 'country': 'Serbia', 'postcode': 97406, 'coordinates': {'latitude': '57.8567', 'longitude': '-48.0224'}, 'timezone': {'offset': '+10:00', 'description': 'Eastern Australia, Guam, Vladivostok'}}, 'email': 'stanisa.radivojevic@example.com', 'login': {'uuid': 'c9e5ae7f-8e9f-4fc6-9032-845dd7331ae6', 'username': 'browndog598', 'password': '1988', 'salt': 'G6K88VBL', 'md5': 'ca09e8bf2a8b37b090ea013d67eb98f6', 'sha1': 'a5784a1cef1207970e9e2e8854f4d28d7fad33d5', 'sha256': '6cdcfd4578e6a157dc73951cd755873c192469729fa2a038b07094b12b8baa2e'}, 'dob': {'date': '1960-02-18T02:31:10.285Z', 'age': 64}, 'registered': {'date': '2008-11-12T22:54:43.819Z', 'age': 15}, 'phone': '034-2216-842', 'cell': '064-0081-133', 'id': {'name': 'SID', 'value': '370435209'}, 'picture': {'large': 'https://randomuser.me/api/portraits/men/85.jpg', 'medium': 'https://randomuser.me/api/portraits/med/men/85.jpg', 'thumbnail': 'https://randomuser.me/api/portraits/thumb/men/85.jpg'}, 'nat': 'RS'}], 'info': {'seed': 'e67fd2c078a24f45', 'results': 1, 'page': 1, 'version': '1.4'}}</msg>
<arg>${json_data}</arg>
<doc>Logs the given message with the given level.</doc>
<status status="PASS" start="2024-04-30T12:25:35.792266" elapsed="0.000246"/>
</kw>
<kw name="Should Be String" owner="String">
<arg>${json_data['results'][0]['gender']}</arg>
<doc>Fails if the given ``item`` is not a string.</doc>
<status status="PASS" start="2024-04-30T12:25:35.792813" elapsed="0.000368"/>
</kw>
<kw name="Should Match Regexp" owner="BuiltIn">
<arg>${json_data['results'][0]['email']}</arg>
<arg>^[a-zA-Z0-9._%+-]+@[a-zA-Z0-9.-]+\.[a-zA-Z]{2,}$</arg>
<doc>Fails if ``string`` does not match ``pattern`` as a regular expression.</doc>
<status status="PASS" start="2024-04-30T12:25:35.793373" elapsed="0.000555"/>
</kw>
<kw name="Should Match Regexp" owner="BuiltIn">
<arg>${json_data['results'][0]['dob']['date']}</arg>
<arg>\\d{4}-\\d{2}-\\d{2}T\\d{2}:\\d{2}:\\d{2}\\.\\d{3}Z</arg>
<doc>Fails if ``string`` does not match ``pattern`` as a regular expression.</doc>
<status status="PASS" start="2024-04-30T12:25:35.794130" elapsed="0.000494"/>
</kw>
<kw name="Should Match Regexp" owner="BuiltIn">
<arg>${json_data['results'][0]['registered']['date']}</arg>
<arg>\\d{4}-\\d{2}-\\d{2}T\\d{2}:\\d{2}:\\d{2}\\.\\d{3}Z</arg>
<doc>Fails if ``string`` does not match ``pattern`` as a regular expression.</doc>
<status status="PASS" start="2024-04-30T12:25:35.794815" elapsed="0.000364"/>
</kw>
<kw name="Should Match Regexp" owner="BuiltIn">
<arg>${json_data['results'][0]['picture']['large']}</arg>
<arg>^https?://.*\.(?:png|jpe?g|gif|bmp)$</arg>
<doc>Fails if ``string`` does not match ``pattern`` as a regular expression.</doc>
<status status="PASS" start="2024-04-30T12:25:35.795363" elapsed="0.000458"/>
</kw>
<kw name="Should Match Regexp" owner="BuiltIn">
<arg>${json_data['results'][0]['picture']['medium']}</arg>
<arg>^https?://.*\.(?:png|jpe?g|gif|bmp)$</arg>
<doc>Fails if ``string`` does not match ``pattern`` as a regular expression.</doc>
<status status="PASS" start="2024-04-30T12:25:35.796006" elapsed="0.000365"/>
</kw>
<kw name="Should Match Regexp" owner="BuiltIn">
<arg>${json_data['results'][0]['picture']['thumbnail']}</arg>
<arg>^https?://.*\.(?:png|jpe?g|gif|bmp)$</arg>
<doc>Fails if ``string`` does not match ``pattern`` as a regular expression.</doc>
<status status="PASS" start="2024-04-30T12:25:35.796560" elapsed="0.000349"/>
</kw>
<kw name="Log" owner="BuiltIn">
<msg time="2024-04-30T12:25:35.797409" level="INFO">{'large': 'https://randomuser.me/api/portraits/men/85.jpg', 'medium': 'https://randomuser.me/api/portraits/med/men/85.jpg', 'thumbnail': 'https://randomuser.me/api/portraits/thumb/men/85.jpg'}</msg>
<arg>${json_data['results'][0]['picture']}</arg>
<doc>Logs the given message with the given level.</doc>
<status status="PASS" start="2024-04-30T12:25:35.797088" elapsed="0.000362"/>
</kw>
<status status="PASS" start="2024-04-30T12:25:35.708994" elapsed="0.088715"/>
</kw>
<kw name="Teste de Tipos de Dados - Postcode" owner="random-user-service">
<kw name="GET On Session" owner="RequestsLibrary">
<msg time="2024-04-30T12:25:35.890157" level="INFO">GET Request : url=https://randomuser.me/api 
 path_url=/api 
 headers={'User-Agent': 'python-requests/2.31.0', 'Accept-Encoding': 'gzip, deflate', 'Accept': '*/*', 'Connection': 'keep-alive'} 
 body=None 
 </msg>
<msg time="2024-04-30T12:25:35.890271" level="INFO">GET Response : url=https://randomuser.me/api 
 status=200, reason=OK 
 headers={'Date': 'Tue, 30 Apr 2024 12:25:35 GMT', 'Content-Type': 'application/json; charset=utf-8', 'Transfer-Encoding': 'chunked', 'Connection': 'keep-alive', 'X-Powered-By': 'Express', 'Access-Control-Allow-Origin': '*', 'Cache-Control': 'no-cache', 'ETag': 'W/"4a6-MeBroGNoWv/OlI2BskKRBqw08jk"', 'Vary': 'Accept-Encoding', 'Content-Encoding': 'gzip', 'CF-Cache-Status': 'DYNAMIC', 'Report-To': '{"endpoints":[{"url":"https:\\/\\/a.nel.cloudflare.com\\/report\\/v4?s=jzAP1vZN2Hzmnk6MuerOGZnsqWpPiXScxjTHlyAnxL%2Fwq%2FpyEti3lOKoSU6SWbpo7Sza%2B8vNtdPgbBukF5AOmhd%2B7%2B3bXUGDsA9p0ujCpcWNSMHZlje7Q7o4fkbYD7Vj"}],"group":"cf-nel","max_age":604800}', 'NEL': '{"success_fraction":0,"report_to":"cf-nel","max_age":604800}', 'Server': 'cloudflare', 'CF-RAY': '87c783eeb8f02abe-ORD', 'alt-svc': 'h3=":443"; ma=86400'} 
 body={"results":[{"gender":"male","name":{"title":"Mr","first":"نيما","last":"سهيلي راد"},"location":{"street":{"number":686,"name":"میرداماد"},"city":"همدان","state":"چهارمحال و بختیاری","country":"Iran","postcode":46536,"coordinates":{"latitude":"15.2864","longitude":"-100.4290"},"timezone":{"offset":"-8:00","description":"Pacific Time (US &amp; Canada)"}},"email":"nym.shylyrd@example.com","login":{"uuid":"e621ccb6-d0f5-4f73-ab1c-471396b176ed","username":"beautifulrabbit342","password":"portland","salt":"Zb9t0BpM","md5":"41260ae36490c97d3e3c3dcda7342b0e","sha1":"bee5c7a2a833a5a89ce9176acfa5e0fce83fccf5","sha256":"724506f4cdeebd82b8a778659256810a61708d7884c74b2449218988de2c3a56"},"dob":{"date":"1971-12-15T20:45:18.215Z","age":52},"registered":{"date":"2003-06-29T16:50:08.762Z","age":20},"phone":"054-70439847","cell":"0934-305-9119","id":{"name":"","value":null},"picture":{"large":"https://randomuser.me/api/portraits/men/19.jpg","medium":"https://randomuser.me/api/portraits/med/men/19.jpg","thumbnail":"https://randomuser.me/api/portraits/thumb/men/19.jpg"},"nat":"IR"}],"info":{"seed":"acd9b1d78a845711","results":1,"page":1,"version":"1.4"}} 
 </msg>
<msg time="2024-04-30T12:25:35.890348" level="INFO">/opt/hostedtoolcache/Python/3.12.3/x64/lib/python3.12/site-packages/urllib3/connectionpool.py:1103: InsecureRequestWarning: Unverified HTTPS request is being made to host 'randomuser.me'. Adding certificate verification is strongly advised. See: https://urllib3.readthedocs.io/en/latest/advanced-usage.html#tls-warnings
  warnings.warn(</msg>
<msg time="2024-04-30T12:25:35.890465" level="INFO">${response} = &lt;Response [200]&gt;</msg>
<var>${response}</var>
<arg>consultarAPI</arg>
<arg>/api</arg>
<doc>Sends a GET request on a previously created HTTP Session.</doc>
<status status="PASS" start="2024-04-30T12:25:35.798209" elapsed="0.092293"/>
</kw>
<kw name="Set Variable" owner="BuiltIn">
<msg time="2024-04-30T12:25:35.891522" level="INFO">${json_data} = {'results': [{'gender': 'male', 'name': {'title': 'Mr', 'first': 'نيما', 'last': 'سهيلي راد'}, 'location': {'street': {'number': 686, 'name': 'میرداماد'}, 'city': 'همدان', 'state': 'چهارمحال و بختیاری...</msg>
<var>${json_data}</var>
<arg>${response.json()}</arg>
<doc>Returns the given values which can then be assigned to a variables.</doc>
<status status="PASS" start="2024-04-30T12:25:35.890997" elapsed="0.000557"/>
</kw>
<kw name="Log" owner="BuiltIn">
<msg time="2024-04-30T12:25:35.892039" level="INFO">{'results': [{'gender': 'male', 'name': {'title': 'Mr', 'first': 'نيما', 'last': 'سهيلي راد'}, 'location': {'street': {'number': 686, 'name': 'میرداماد'}, 'city': 'همدان', 'state': 'چهارمحال و بختیاری', 'country': 'Iran', 'postcode': 46536, 'coordinates': {'latitude': '15.2864', 'longitude': '-100.4290'}, 'timezone': {'offset': '-8:00', 'description': 'Pacific Time (US &amp; Canada)'}}, 'email': 'nym.shylyrd@example.com', 'login': {'uuid': 'e621ccb6-d0f5-4f73-ab1c-471396b176ed', 'username': 'beautifulrabbit342', 'password': 'portland', 'salt': 'Zb9t0BpM', 'md5': '41260ae36490c97d3e3c3dcda7342b0e', 'sha1': 'bee5c7a2a833a5a89ce9176acfa5e0fce83fccf5', 'sha256': '724506f4cdeebd82b8a778659256810a61708d7884c74b2449218988de2c3a56'}, 'dob': {'date': '1971-12-15T20:45:18.215Z', 'age': 52}, 'registered': {'date': '2003-06-29T16:50:08.762Z', 'age': 20}, 'phone': '054-70439847', 'cell': '0934-305-9119', 'id': {'name': '', 'value': None}, 'picture': {'large': 'https://randomuser.me/api/portraits/men/19.jpg', 'medium': 'https://randomuser.me/api/portraits/med/men/19.jpg', 'thumbnail': 'https://randomuser.me/api/portraits/thumb/men/19.jpg'}, 'nat': 'IR'}], 'info': {'seed': 'acd9b1d78a845711', 'results': 1, 'page': 1, 'version': '1.4'}}</msg>
<arg>${json_data}</arg>
<doc>Logs the given message with the given level.</doc>
<status status="PASS" start="2024-04-30T12:25:35.891873" elapsed="0.000254"/>
</kw>
<kw name="Should Be Equal As Numbers" owner="BuiltIn">
<arg>${json_data['results'][0]['location']['postcode']}</arg>
<arg>${json_data['results'][0]['location']['postcode']}</arg>
<doc>Fails if objects are unequal after converting them to real numbers.</doc>
<status status="PASS" start="2024-04-30T12:25:35.892611" elapsed="0.000636"/>
</kw>
<kw name="Log" owner="BuiltIn">
<msg time="2024-04-30T12:25:35.893817" level="INFO">46536</msg>
<arg>${json_data['results'][0]['location']['postcode']}</arg>
<doc>Logs the given message with the given level.</doc>
<status status="PASS" start="2024-04-30T12:25:35.893439" elapsed="0.000422"/>
</kw>
<status status="PASS" start="2024-04-30T12:25:35.797978" elapsed="0.096147"/>
</kw>
<doc>Testa se os tipos de dados na resposta da API estão corretos.</doc>
<tag>testeTiposDados</tag>
<status status="PASS" start="2024-04-30T12:25:35.708445" elapsed="0.185852"/>
</test>
<test id="s1-s1-t5" name="Validar conteudo" line="35">
<kw name="Teste de Tipos de Conteudo" owner="random-user-service">
<kw name="GET On Session" owner="RequestsLibrary">
<msg time="2024-04-30T12:25:35.996718" level="INFO">GET Request : url=https://randomuser.me/api 
 path_url=/api 
 headers={'User-Agent': 'python-requests/2.31.0', 'Accept-Encoding': 'gzip, deflate', 'Accept': '*/*', 'Connection': 'keep-alive'} 
 body=None 
 </msg>
<msg time="2024-04-30T12:25:35.996812" level="INFO">GET Response : url=https://randomuser.me/api 
 status=200, reason=OK 
 headers={'Date': 'Tue, 30 Apr 2024 12:25:35 GMT', 'Content-Type': 'application/json; charset=utf-8', 'Transfer-Encoding': 'chunked', 'Connection': 'keep-alive', 'X-Powered-By': 'Express', 'Access-Control-Allow-Origin': '*', 'Cache-Control': 'no-cache', 'ETag': 'W/"496-nnmf66y0NbtGllzOrwc7TVwe9lo"', 'Vary': 'Accept-Encoding', 'Content-Encoding': 'gzip', 'CF-Cache-Status': 'DYNAMIC', 'Report-To': '{"endpoints":[{"url":"https:\\/\\/a.nel.cloudflare.com\\/report\\/v4?s=qewNML0%2BRe5Onima8Z2XPgW3Ho7V%2FpCEzGdvMVAlg6QiE%2FQP5wfmDbBXD6pouh366gnNlTaArBNYE63nNl1YqM5xa%2BiQ5bURLWaS9%2BFECM71RifqXqwoPwtCws8Zy8i4"}],"group":"cf-nel","max_age":604800}', 'NEL': '{"success_fraction":0,"report_to":"cf-nel","max_age":604800}', 'Server': 'cloudflare', 'CF-RAY': '87c783ef59db2abe-ORD', 'alt-svc': 'h3=":443"; ma=86400'} 
 body={"results":[{"gender":"male","name":{"title":"Mr","first":"Marco","last":"Diez"},"location":{"street":{"number":7968,"name":"Calle de Alberto Aguilera"},"city":"Elche","state":"Navarra","country":"Spain","postcode":59767,"coordinates":{"latitude":"-35.0116","longitude":"-155.3993"},"timezone":{"offset":"0:00","description":"Western Europe Time, London, Lisbon, Casablanca"}},"email":"marco.diez@example.com","login":{"uuid":"b37c43d8-61d7-459f-bed8-74490d8420b9","username":"ticklishlion513","password":"toby","salt":"xe2CxL0R","md5":"15289942dd9d12d0086cdf907517f5f2","sha1":"6eca632c55cfedb790b423417ad7d81b5dc2a173","sha256":"5553c296e53fa316204d9b32cba3ab3a8cc1bb3d66536e9178c9001bede63533"},"dob":{"date":"1959-07-26T07:55:50.757Z","age":64},"registered":{"date":"2008-03-03T16:30:09.805Z","age":16},"phone":"908-521-075","cell":"698-408-673","id":{"name":"DNI","value":"96009439-Q"},"picture":{"large":"https://randomuser.me/api/portraits/men/60.jpg","medium":"https://randomuser.me/api/portraits/med/men/60.jpg","thumbnail":"https://randomuser.me/api/portraits/thumb/men/60.jpg"},"nat":"ES"}],"info":{"seed":"a2ec398099ec9750","results":1,"page":1,"version":"1.4"}} 
 </msg>
<msg time="2024-04-30T12:25:35.996884" level="INFO">/opt/hostedtoolcache/Python/3.12.3/x64/lib/python3.12/site-packages/urllib3/connectionpool.py:1103: InsecureRequestWarning: Unverified HTTPS request is being made to host 'randomuser.me'. Adding certificate verification is strongly advised. See: https://urllib3.readthedocs.io/en/latest/advanced-usage.html#tls-warnings
  warnings.warn(</msg>
<msg time="2024-04-30T12:25:35.997000" level="INFO">${response} = &lt;Response [200]&gt;</msg>
<var>${response}</var>
<arg>consultarAPI</arg>
<arg>/api</arg>
<doc>Sends a GET request on a previously created HTTP Session.</doc>
<status status="PASS" start="2024-04-30T12:25:35.896749" elapsed="0.100296"/>
</kw>
<kw name="Set Variable" owner="BuiltIn">
<msg time="2024-04-30T12:25:35.998086" level="INFO">${json_data} = {'results': [{'gender': 'male', 'name': {'title': 'Mr', 'first': 'Marco', 'last': 'Diez'}, 'location': {'street': {'number': 7968, 'name': 'Calle de Alberto Aguilera'}, 'city': 'Elche', 'state': 'Nava...</msg>
<var>${json_data}</var>
<arg>${response.json()}</arg>
<doc>Returns the given values which can then be assigned to a variables.</doc>
<status status="PASS" start="2024-04-30T12:25:35.997562" elapsed="0.000553"/>
</kw>
<kw name="Set Variable" owner="BuiltIn">
<msg time="2024-04-30T12:25:35.998804" level="INFO">${name_title} = Mr</msg>
<var>${name_title}</var>
<arg>${json_data["results"][0]["name"]["title"]}</arg>
<doc>Returns the given values which can then be assigned to a variables.</doc>
<status status="PASS" start="2024-04-30T12:25:35.998426" elapsed="0.000402"/>
</kw>
<kw name="Create List" owner="BuiltIn">
<msg time="2024-04-30T12:25:35.999264" level="INFO">${allowed_titles} = ['Mr', 'Ms', 'Miss', 'Mrs', 'Madame', 'Monsieur']</msg>
<var>${allowed_titles}</var>
<arg>Mr</arg>
<arg>Ms</arg>
<arg>Miss</arg>
<arg>Mrs</arg>
<arg>Madame</arg>
<arg>Monsieur</arg>
<doc>Returns a list containing given items.</doc>
<status status="PASS" start="2024-04-30T12:25:35.999120" elapsed="0.000168"/>
</kw>
<kw name="List Should Contain Value" owner="Collections">
<msg time="2024-04-30T12:25:35.999751" level="INFO">False</msg>
<arg>${allowed_titles}</arg>
<arg>${name_title}</arg>
<doc>Fails if the ``value`` is not found from ``list``.</doc>
<status status="PASS" start="2024-04-30T12:25:35.999580" elapsed="0.000208"/>
</kw>
<kw name="Set Variable" owner="BuiltIn">
<msg time="2024-04-30T12:25:36.000445" level="INFO">${name_country} = ES</msg>
<var>${name_country}</var>
<arg>${json_data["results"][0]["nat"]}</arg>
<doc>Returns the given values which can then be assigned to a variables.</doc>
<status status="PASS" start="2024-04-30T12:25:36.000071" elapsed="0.000399"/>
</kw>
<kw name="Create List" owner="BuiltIn">
<msg time="2024-04-30T12:25:36.001351" level="INFO">${list_country} = ['AD', 'AE', 'AF', 'AG', 'AI', 'AL', 'AM', 'AO', 'AQ', 'AR', 'AS', 'AT', 'AU', 'AW', 'AX', 'AZ', 'BA', 'BB', 'BD', 'BE', 'BF', 'BG', 'BH', 'BI', 'BJ', 'BL', 'BM', 'BN', 'BO', 'BQ', 'BR', 'BS', 'BT', '...</msg>
<var>${list_country}</var>
<arg>AD</arg>
<arg>AE</arg>
<arg>AF</arg>
<arg>AG</arg>
<arg>AI</arg>
<arg>AL</arg>
<arg>AM</arg>
<arg>AO</arg>
<arg>AQ</arg>
<arg>AR</arg>
<arg>AS</arg>
<arg>AT</arg>
<arg>AU</arg>
<arg>AW</arg>
<arg>AX</arg>
<arg>AZ</arg>
<arg>BA</arg>
<arg>BB</arg>
<arg>BD</arg>
<arg>BE</arg>
<arg>BF</arg>
<arg>BG</arg>
<arg>BH</arg>
<arg>BI</arg>
<arg>BJ</arg>
<arg>BL</arg>
<arg>BM</arg>
<arg>BN</arg>
<arg>BO</arg>
<arg>BQ</arg>
<arg>BR</arg>
<arg>BS</arg>
<arg>BT</arg>
<arg>BV</arg>
<arg>BW</arg>
<arg>BY</arg>
<arg>BZ</arg>
<arg>CA</arg>
<arg>CC</arg>
<arg>CD</arg>
<arg>CF</arg>
<arg>CG</arg>
<arg>CH</arg>
<arg>CI</arg>
<arg>CK</arg>
<arg>CL</arg>
<arg>CM</arg>
<arg>CN</arg>
<arg>CO</arg>
<arg>CR</arg>
<arg>CU</arg>
<arg>CV</arg>
<arg>CW</arg>
<arg>CX</arg>
<arg>CY</arg>
<arg>CZ</arg>
<arg>DE</arg>
<arg>DJ</arg>
<arg>DK</arg>
<arg>DM</arg>
<arg>DO</arg>
<arg>DZ</arg>
<arg>EC</arg>
<arg>EE</arg>
<arg>EG</arg>
<arg>EH</arg>
<arg>ER</arg>
<arg>ES</arg>
<arg>ET</arg>
<arg>FI</arg>
<arg>FJ</arg>
<arg>FK</arg>
<arg>FM</arg>
<arg>FO</arg>
<arg>FR</arg>
<arg>GA</arg>
<arg>GB</arg>
<arg>GD</arg>
<arg>GE</arg>
<arg>GF</arg>
<arg>GG</arg>
<arg>GH</arg>
<arg>GI</arg>
<arg>GL</arg>
<arg>GM</arg>
<arg>GN</arg>
<arg>GP</arg>
<arg>GQ</arg>
<arg>GR</arg>
<arg>GS</arg>
<arg>GT</arg>
<arg>GU</arg>
<arg>GW</arg>
<arg>GY</arg>
<arg>HK</arg>
<arg>HM</arg>
<arg>HN</arg>
<arg>HR</arg>
<arg>HT</arg>
<arg>HU</arg>
<arg>ID</arg>
<arg>IE</arg>
<arg>IL</arg>
<arg>IM</arg>
<arg>IN</arg>
<arg>IO</arg>
<arg>IQ</arg>
<arg>IR</arg>
<arg>IS</arg>
<arg>IT</arg>
<arg>JE</arg>
<arg>JM</arg>
<arg>JO</arg>
<arg>JP</arg>
<arg>KE</arg>
<arg>KG</arg>
<arg>KH</arg>
<arg>KI</arg>
<arg>KM</arg>
<arg>KN</arg>
<arg>KP</arg>
<arg>KR</arg>
<arg>KW</arg>
<arg>KY</arg>
<arg>KZ</arg>
<arg>LA</arg>
<arg>LB</arg>
<arg>LC</arg>
<arg>LI</arg>
<arg>LK</arg>
<arg>LR</arg>
<arg>LS</arg>
<arg>LT</arg>
<arg>LU</arg>
<arg>LV</arg>
<arg>LY</arg>
<arg>MA</arg>
<arg>MC</arg>
<arg>MD</arg>
<arg>ME</arg>
<arg>MF</arg>
<arg>MG</arg>
<arg>MH</arg>
<arg>MK</arg>
<arg>ML</arg>
<arg>MM</arg>
<arg>MN</arg>
<arg>MO</arg>
<arg>MP</arg>
<arg>MQ</arg>
<arg>MR</arg>
<arg>MS</arg>
<arg>MT</arg>
<arg>MU</arg>
<arg>MV</arg>
<arg>MW</arg>
<arg>MX</arg>
<arg>MY</arg>
<arg>MZ</arg>
<arg>NA</arg>
<arg>NC</arg>
<arg>NE</arg>
<arg>NF</arg>
<arg>NG</arg>
<arg>NI</arg>
<arg>NL</arg>
<arg>NO</arg>
<arg>NP</arg>
<arg>NR</arg>
<arg>NU</arg>
<arg>NZ</arg>
<arg>OM</arg>
<arg>PA</arg>
<arg>PE</arg>
<arg>PF</arg>
<arg>PG</arg>
<arg>PH</arg>
<arg>PK</arg>
<arg>PL</arg>
<arg>PM</arg>
<arg>PN</arg>
<arg>PR</arg>
<arg>PS</arg>
<arg>PT</arg>
<arg>PW</arg>
<arg>PY</arg>
<arg>QA</arg>
<arg>RE</arg>
<arg>RO</arg>
<arg>RS</arg>
<arg>RU</arg>
<arg>RW</arg>
<arg>SA</arg>
<arg>SB</arg>
<arg>SC</arg>
<arg>SD</arg>
<arg>SE</arg>
<arg>SG</arg>
<arg>SH</arg>
<arg>SI</arg>
<arg>SJ</arg>
<arg>SK</arg>
<arg>SL</arg>
<arg>SM</arg>
<arg>SN</arg>
<arg>SO</arg>
<arg>SR</arg>
<arg>SS</arg>
<arg>ST</arg>
<arg>SV</arg>
<arg>SX</arg>
<arg>SY</arg>
<arg>SZ</arg>
<arg>TC</arg>
<arg>TD</arg>
<arg>TF</arg>
<arg>TG</arg>
<arg>TH</arg>
<arg>TJ</arg>
<arg>TK</arg>
<arg>TL</arg>
<arg>TM</arg>
<arg>TN</arg>
<arg>TO</arg>
<arg>TR</arg>
<arg>TT</arg>
<arg>TV</arg>
<arg>TW</arg>
<arg>TZ</arg>
<arg>UA</arg>
<arg>UG</arg>
<arg>UM</arg>
<arg>US</arg>
<arg>UY</arg>
<arg>UZ</arg>
<arg>VA</arg>
<arg>VC</arg>
<arg>VE</arg>
<arg>VG</arg>
<arg>VI</arg>
<arg>VN</arg>
<arg>VU</arg>
<arg>WF</arg>
<arg>WS</arg>
<arg>XK</arg>
<arg>YE</arg>
<arg>YT</arg>
<arg>ZA</arg>
<arg>ZM</arg>
<arg>ZW</arg>
<doc>Returns a list containing given items.</doc>
<status status="PASS" start="2024-04-30T12:25:36.000768" elapsed="0.000608"/>
</kw>
<kw name="List Should Contain Value" owner="Collections">
<msg time="2024-04-30T12:25:36.002385" level="INFO">False</msg>
<arg>${list_country}</arg>
<arg>${name_country}</arg>
<doc>Fails if the ``value`` is not found from ``list``.</doc>
<status status="PASS" start="2024-04-30T12:25:36.002189" elapsed="0.000233"/>
</kw>
<kw name="Run Keyword If" owner="BuiltIn">
<kw name="Should Be True" owner="BuiltIn">
<arg>${True}</arg>
<doc>Fails if the given condition is not true.</doc>
<status status="PASS" start="2024-04-30T12:25:36.003481" elapsed="0.000249"/>
</kw>
<arg>${json_data["results"][0]["location"]["coordinates"]["latitude"]} &gt;= -90 and ${json_data["results"][0]["location"]["coordinates"]["latitude"]} &lt;= 90</arg>
<arg>Should Be True</arg>
<arg>${True}</arg>
<doc>Runs the given keyword with the given arguments, if ``condition`` is true.</doc>
<status status="PASS" start="2024-04-30T12:25:36.002731" elapsed="0.001128"/>
</kw>
<kw name="Run Keyword If" owner="BuiltIn">
<kw name="Should Be True" owner="BuiltIn">
<arg>${True}</arg>
<doc>Fails if the given condition is not true.</doc>
<status status="PASS" start="2024-04-30T12:25:36.004731" elapsed="0.000134"/>
</kw>
<arg>${json_data["results"][0]["location"]["coordinates"]["longitude"]} &gt;= -180 and ${json_data["results"][0]["location"]["coordinates"]["longitude"]} &lt;= 180</arg>
<arg>Should Be True</arg>
<arg>${True}</arg>
<doc>Runs the given keyword with the given arguments, if ``condition`` is true.</doc>
<status status="PASS" start="2024-04-30T12:25:36.004043" elapsed="0.000944"/>
</kw>
<status status="PASS" start="2024-04-30T12:25:35.896523" elapsed="0.108591"/>
</kw>
<doc>Testa o conteúdo específico dos campos retornados pela API.</doc>
<tag>testeConteudo</tag>
<status status="PASS" start="2024-04-30T12:25:35.896056" elapsed="0.109207"/>
</test>
<status status="PASS" start="2024-04-30T12:25:35.189619" elapsed="0.817596"/>
</suite>
<status status="PASS" start="2024-04-30T12:25:35.175877" elapsed="0.836450"/>
</suite>
<statistics>
<total>
<stat pass="5" fail="0" skip="0">All Tests</stat>
</total>
<tag>
<stat pass="1" fail="0" skip="0">testeConteudo</stat>
<stat pass="1" fail="0" skip="0">testeEstruturaResposta</stat>
<stat pass="1" fail="0" skip="0">testeRequisicaoBasica</stat>
<stat pass="1" fail="0" skip="0">testeTiposDados</stat>
</tag>
<suite>
<stat pass="5" fail="0" skip="0" id="s1" name="Tests">Tests</stat>
<stat pass="5" fail="0" skip="0" id="s1-s1" name="Random-User-Test">Tests.Random-User-Test</stat>
</suite>
</statistics>
<errors>
</errors>
</robot>
