<?xml version="1.0" encoding="UTF-8"?>
<robot generator="Robot 7.0 (Python 3.12.3 on linux)" generated="2024-05-25T04:16:52.172541" rpa="false" schemaversion="5">
<suite id="s1" name="Tests" source="/home/runner/work/DesafioQAItauRogerioJordao/DesafioQAItauRogerioJordao/RamdonUser/tests">
<suite id="s1-s1" name="Random-User-Test" source="/home/runner/work/DesafioQAItauRogerioJordao/DesafioQAItauRogerioJordao/RamdonUser/tests/random-user-test.robot">
<test id="s1-s1-t1" name="Conectar" line="13">
<kw name="Conectar API" owner="random-user-service">
<kw name="Create Session" owner="RequestsLibrary">
<msg time="2024-05-25T04:16:52.622506" level="INFO">Creating Session using : alias=consultarAPI, url=https://randomuser.me/, headers={},                     cookies={}, auth=None, timeout=None, proxies=None, verify=False,                     debug=0 </msg>
<arg>consultarAPI</arg>
<arg>${URL}</arg>
<doc>Create Session: create a HTTP session to a server</doc>
<status status="PASS" start="2024-05-25T04:16:52.622301" elapsed="0.000383"/>
</kw>
<status status="PASS" start="2024-05-25T04:16:52.621219" elapsed="0.001848"/>
</kw>
<status status="PASS" start="2024-05-25T04:16:52.620662" elapsed="0.002604"/>
</test>
<test id="s1-s1-t2" name="Validar retorno 200 e JSON Válido" line="16">
<kw name="Teste de Requisicao Basica" owner="random-user-service">
<kw name="GET On Session" owner="RequestsLibrary">
<msg time="2024-05-25T04:16:52.675761" level="INFO">GET Request : url=https://randomuser.me/api 
 path_url=/api 
 headers={'User-Agent': 'python-requests/2.32.2', 'Accept-Encoding': 'gzip, deflate', 'Accept': '*/*', 'Connection': 'keep-alive'} 
 body=None 
 </msg>
<msg time="2024-05-25T04:16:52.675902" level="INFO">GET Response : url=https://randomuser.me/api 
 status=200, reason=OK 
 headers={'Date': 'Sat, 25 May 2024 04:16:52 GMT', 'Content-Type': 'application/json; charset=utf-8', 'Transfer-Encoding': 'chunked', 'Connection': 'keep-alive', 'X-Powered-By': 'Express', 'Access-Control-Allow-Origin': '*', 'Cache-Control': 'no-cache', 'ETag': 'W/"495-cegn4/jN+f4b3H48QBbs5TIzvs4"', 'Vary': 'Accept-Encoding', 'Content-Encoding': 'gzip', 'CF-Cache-Status': 'DYNAMIC', 'Report-To': '{"endpoints":[{"url":"https:\\/\\/a.nel.cloudflare.com\\/report\\/v4?s=5indNuv57B5mOhHdZTt2Kfy5CfgijN6nsQvGD2tyfOCjxAdrI2VvBsFhLmso80CwL8jvRbvZ57yd3s%2B1E2b1Y17sMEutyvQYIE%2Fzlwq7P122b8Ogo5FqRE0SanF60c9c"}],"group":"cf-nel","max_age":604800}', 'NEL': '{"success_fraction":0,"report_to":"cf-nel","max_age":604800}', 'Server': 'cloudflare', 'CF-RAY': '8892b6690b1682f0-IAD', 'alt-svc': 'h3=":443"; ma=86400'} 
 body={"results":[{"gender":"female","name":{"title":"Mrs","first":"Adrijana","last":"Jakovljević"},"location":{"street":{"number":9060,"name":"Krečanska"},"city":"Srbobran","state":"North Bačka","country":"Serbia","postcode":99334,"coordinates":{"latitude":"61.2373","longitude":"154.1719"},"timezone":{"offset":"+7:00","description":"Bangkok, Hanoi, Jakarta"}},"email":"adrijana.jakovljevic@example.com","login":{"uuid":"035de6c7-f5ee-4913-88f3-73cb9061eb6a","username":"brownkoala317","password":"xerxes","salt":"x54LgmcI","md5":"74c45f1d0c06ba8ffc3e1f714f43346c","sha1":"cc82ee3e5e8fcdaa0da4a38adf047c353ef55232","sha256":"33a1a208377827873ae94d1e8e1577674a3037a21332749e6ee1844a7b8e4ab5"},"dob":{"date":"1988-05-25T22:07:11.169Z","age":35},"registered":{"date":"2016-10-21T20:58:23.749Z","age":7},"phone":"014-1874-617","cell":"069-8687-032","id":{"name":"SID","value":"315528422"},"picture":{"large":"https://randomuser.me/api/portraits/women/56.jpg","medium":"https://randomuser.me/api/portraits/med/women/56.jpg","thumbnail":"https://randomuser.me/api/portraits/thumb/women/56.jpg"},"nat":"RS"}],"info":{"seed":"3f34799d9d4c23b1","results":1,"page":1,"version":"1.4"}} 
 </msg>
<msg time="2024-05-25T04:16:52.675975" level="INFO">/opt/hostedtoolcache/Python/3.12.3/x64/lib/python3.12/site-packages/urllib3/connectionpool.py:1103: InsecureRequestWarning: Unverified HTTPS request is being made to host 'randomuser.me'. Adding certificate verification is strongly advised. See: https://urllib3.readthedocs.io/en/latest/advanced-usage.html#tls-warnings
  warnings.warn(</msg>
<msg time="2024-05-25T04:16:52.676105" level="INFO">${response} = &lt;Response [200]&gt;</msg>
<var>${response}</var>
<arg>consultarAPI</arg>
<arg>/api</arg>
<doc>Sends a GET request on a previously created HTTP Session.</doc>
<status status="PASS" start="2024-05-25T04:16:52.625939" elapsed="0.050209"/>
</kw>
<kw name="Should Be Equal As Numbers" owner="BuiltIn">
<msg time="2024-05-25T04:16:52.677007" level="INFO">Argument types are:
&lt;class 'int'&gt;
&lt;class 'str'&gt;</msg>
<arg>${response.status_code}</arg>
<arg>200</arg>
<doc>Fails if objects are unequal after converting them to real numbers.</doc>
<status status="PASS" start="2024-05-25T04:16:52.676560" elapsed="0.000512"/>
</kw>
<kw name="Log" owner="BuiltIn">
<msg time="2024-05-25T04:16:52.677773" level="INFO">200</msg>
<arg>${response.status_code}</arg>
<doc>Logs the given message with the given level.</doc>
<status status="PASS" start="2024-05-25T04:16:52.677422" elapsed="0.000398"/>
</kw>
<kw name="Set Variable" owner="BuiltIn">
<msg time="2024-05-25T04:16:52.678570" level="INFO">${json_data} = {'results': [{'gender': 'female', 'name': {'title': 'Mrs', 'first': 'Adrijana', 'last': 'Jakovljević'}, 'location': {'street': {'number': 9060, 'name': 'Krečanska'}, 'city': 'Srbobran', 'state': 'Nort...</msg>
<var>${json_data}</var>
<arg>${response.json()}</arg>
<doc>Returns the given values which can then be assigned to a variables.</doc>
<status status="PASS" start="2024-05-25T04:16:52.678128" elapsed="0.000473"/>
</kw>
<kw name="Dictionary Should Contain Key" owner="Collections">
<msg time="2024-05-25T04:16:52.679078" level="INFO">False</msg>
<arg>${json_data}</arg>
<arg>results</arg>
<doc>Fails if ``key`` is not found from ``dictionary``.</doc>
<status status="PASS" start="2024-05-25T04:16:52.678909" elapsed="0.000345"/>
</kw>
<status status="PASS" start="2024-05-25T04:16:52.625684" elapsed="0.053834"/>
</kw>
<doc>Testa se a API responde corretamente e retorna um objeto JSON válido.</doc>
<tag>testeRequisicaoBasica</tag>
<status status="PASS" start="2024-05-25T04:16:52.625214" elapsed="0.054480"/>
</test>
<test id="s1-s1-t3" name="Validar estrutura de resposta" line="22">
<kw name="Teste de Estrutura de Resposta" owner="random-user-service">
<kw name="GET On Session" owner="RequestsLibrary">
<msg time="2024-05-25T04:16:52.781165" level="INFO">GET Request : url=https://randomuser.me/api 
 path_url=/api 
 headers={'User-Agent': 'python-requests/2.32.2', 'Accept-Encoding': 'gzip, deflate', 'Accept': '*/*', 'Connection': 'keep-alive'} 
 body=None 
 </msg>
<msg time="2024-05-25T04:16:52.781255" level="INFO">GET Response : url=https://randomuser.me/api 
 status=200, reason=OK 
 headers={'Date': 'Sat, 25 May 2024 04:16:52 GMT', 'Content-Type': 'application/json; charset=utf-8', 'Transfer-Encoding': 'chunked', 'Connection': 'keep-alive', 'X-Powered-By': 'Express', 'Access-Control-Allow-Origin': '*', 'Cache-Control': 'no-cache', 'ETag': 'W/"47d-UaQOt7esaY3me+LdvafG6q0YtU8"', 'Vary': 'Accept-Encoding', 'Content-Encoding': 'gzip', 'CF-Cache-Status': 'DYNAMIC', 'Report-To': '{"endpoints":[{"url":"https:\\/\\/a.nel.cloudflare.com\\/report\\/v4?s=y1r%2FIBcTqJ1WMmgKy%2FiEGlkC%2Fj%2FvNsQ6OW9ST%2BPPQNCPrPF9Rnwlb6G0uKY%2BuNNw%2BR1QBDSaBYUPOuhGGbfENrTqYL1dS89CnQOYxy1y5%2F%2B7WTnhQVMKx4SswLnAZVhK"}],"group":"cf-nel","max_age":604800}', 'NEL': '{"success_fraction":0,"report_to":"cf-nel","max_age":604800}', 'Server': 'cloudflare', 'CF-RAY': '8892b6694b5682f0-IAD', 'alt-svc': 'h3=":443"; ma=86400'} 
 body={"results":[{"gender":"female","name":{"title":"Ms","first":"Ljubica","last":"Ognjanović"},"location":{"street":{"number":3076,"name":"Marije Milutinović"},"city":"Novi Sad","state":"Prizren","country":"Serbia","postcode":24204,"coordinates":{"latitude":"58.0544","longitude":"80.4309"},"timezone":{"offset":"-9:00","description":"Alaska"}},"email":"ljubica.ognjanovic@example.com","login":{"uuid":"77c14789-261d-42d8-8fcb-d0070bd03044","username":"redswan117","password":"shells","salt":"AfZj2Fq8","md5":"432d281dcdcca0b396586fbb7e6b1711","sha1":"eef179f5ea15d2ac4a925c11ed22a5529f580742","sha256":"39bdaea5c33a34c055df98b59d4ee87642c1aae1618701d6f173ec3c96d5f4b3"},"dob":{"date":"1947-07-30T08:07:46.685Z","age":76},"registered":{"date":"2011-06-29T05:26:58.299Z","age":12},"phone":"038-0202-288","cell":"066-1832-529","id":{"name":"SID","value":"475398525"},"picture":{"large":"https://randomuser.me/api/portraits/women/5.jpg","medium":"https://randomuser.me/api/portraits/med/women/5.jpg","thumbnail":"https://randomuser.me/api/portraits/thumb/women/5.jpg"},"nat":"RS"}],"info":{"seed":"a0f0385a8bebd68f","results":1,"page":1,"version":"1.4"}} 
 </msg>
<msg time="2024-05-25T04:16:52.781370" level="INFO">/opt/hostedtoolcache/Python/3.12.3/x64/lib/python3.12/site-packages/urllib3/connectionpool.py:1103: InsecureRequestWarning: Unverified HTTPS request is being made to host 'randomuser.me'. Adding certificate verification is strongly advised. See: https://urllib3.readthedocs.io/en/latest/advanced-usage.html#tls-warnings
  warnings.warn(</msg>
<msg time="2024-05-25T04:16:52.781507" level="INFO">${response} = &lt;Response [200]&gt;</msg>
<var>${response}</var>
<arg>consultarAPI</arg>
<arg>/api</arg>
<doc>Sends a GET request on a previously created HTTP Session.</doc>
<status status="PASS" start="2024-05-25T04:16:52.682398" elapsed="0.099149"/>
</kw>
<kw name="Set Variable" owner="BuiltIn">
<msg time="2024-05-25T04:16:52.782521" level="INFO">${json_data} = {'results': [{'gender': 'female', 'name': {'title': 'Ms', 'first': 'Ljubica', 'last': 'Ognjanović'}, 'location': {'street': {'number': 3076, 'name': 'Marije Milutinović'}, 'city': 'Novi Sad', 'state':...</msg>
<var>${json_data}</var>
<arg>${response.json()}</arg>
<doc>Returns the given values which can then be assigned to a variables.</doc>
<status status="PASS" start="2024-05-25T04:16:52.782008" elapsed="0.000545"/>
</kw>
<kw name="Log" owner="BuiltIn">
<msg time="2024-05-25T04:16:52.783023" level="INFO">{'results': [{'gender': 'female', 'name': {'title': 'Ms', 'first': 'Ljubica', 'last': 'Ognjanović'}, 'location': {'street': {'number': 3076, 'name': 'Marije Milutinović'}, 'city': 'Novi Sad', 'state': 'Prizren', 'country': 'Serbia', 'postcode': 24204, 'coordinates': {'latitude': '58.0544', 'longitude': '80.4309'}, 'timezone': {'offset': '-9:00', 'description': 'Alaska'}}, 'email': 'ljubica.ognjanovic@example.com', 'login': {'uuid': '77c14789-261d-42d8-8fcb-d0070bd03044', 'username': 'redswan117', 'password': 'shells', 'salt': 'AfZj2Fq8', 'md5': '432d281dcdcca0b396586fbb7e6b1711', 'sha1': 'eef179f5ea15d2ac4a925c11ed22a5529f580742', 'sha256': '39bdaea5c33a34c055df98b59d4ee87642c1aae1618701d6f173ec3c96d5f4b3'}, 'dob': {'date': '1947-07-30T08:07:46.685Z', 'age': 76}, 'registered': {'date': '2011-06-29T05:26:58.299Z', 'age': 12}, 'phone': '038-0202-288', 'cell': '066-1832-529', 'id': {'name': 'SID', 'value': '475398525'}, 'picture': {'large': 'https://randomuser.me/api/portraits/women/5.jpg', 'medium': 'https://randomuser.me/api/portraits/med/women/5.jpg', 'thumbnail': 'https://randomuser.me/api/portraits/thumb/women/5.jpg'}, 'nat': 'RS'}], 'info': {'seed': 'a0f0385a8bebd68f', 'results': 1, 'page': 1, 'version': '1.4'}}</msg>
<arg>${json_data}</arg>
<doc>Logs the given message with the given level.</doc>
<status status="PASS" start="2024-05-25T04:16:52.782862" elapsed="0.000221"/>
</kw>
<kw name="Dictionary Should Contain Key" owner="Collections">
<msg time="2024-05-25T04:16:52.783538" level="INFO">False</msg>
<arg>${json_data}</arg>
<arg>results</arg>
<doc>Fails if ``key`` is not found from ``dictionary``.</doc>
<status status="PASS" start="2024-05-25T04:16:52.783384" elapsed="0.000193"/>
</kw>
<kw name="Should Not Be Empty" owner="BuiltIn">
<msg time="2024-05-25T04:16:52.784001" level="INFO">Length is 2.</msg>
<arg>${json_data}</arg>
<doc>Verifies that the given item is not empty.</doc>
<status status="PASS" start="2024-05-25T04:16:52.783870" elapsed="0.000168"/>
</kw>
<kw name="Create List" owner="BuiltIn">
<msg time="2024-05-25T04:16:52.784485" level="INFO">${expected_keys} = ['gender', 'name', 'location', 'email', 'login']</msg>
<var>${expected_keys}</var>
<arg>gender</arg>
<arg>name</arg>
<arg>location</arg>
<arg>email</arg>
<arg>login</arg>
<doc>Returns a list containing given items.</doc>
<status status="PASS" start="2024-05-25T04:16:52.784333" elapsed="0.000175"/>
</kw>
<for flavor="IN">
<iter>
<kw name="Dictionary Should Contain Key" owner="Collections">
<msg time="2024-05-25T04:16:52.785542" level="INFO">False</msg>
<arg>${json_data['results'][0]}</arg>
<arg>${key}</arg>
<doc>Fails if ``key`` is not found from ``dictionary``.</doc>
<status status="PASS" start="2024-05-25T04:16:52.785129" elapsed="0.000454"/>
</kw>
<kw name="Log" owner="BuiltIn">
<msg time="2024-05-25T04:16:52.786250" level="INFO">{'gender': 'female', 'name': {'title': 'Ms', 'first': 'Ljubica', 'last': 'Ognjanović'}, 'location': {'street': {'number': 3076, 'name': 'Marije Milutinović'}, 'city': 'Novi Sad', 'state': 'Prizren', 'country': 'Serbia', 'postcode': 24204, 'coordinates': {'latitude': '58.0544', 'longitude': '80.4309'}, 'timezone': {'offset': '-9:00', 'description': 'Alaska'}}, 'email': 'ljubica.ognjanovic@example.com', 'login': {'uuid': '77c14789-261d-42d8-8fcb-d0070bd03044', 'username': 'redswan117', 'password': 'shells', 'salt': 'AfZj2Fq8', 'md5': '432d281dcdcca0b396586fbb7e6b1711', 'sha1': 'eef179f5ea15d2ac4a925c11ed22a5529f580742', 'sha256': '39bdaea5c33a34c055df98b59d4ee87642c1aae1618701d6f173ec3c96d5f4b3'}, 'dob': {'date': '1947-07-30T08:07:46.685Z', 'age': 76}, 'registered': {'date': '2011-06-29T05:26:58.299Z', 'age': 12}, 'phone': '038-0202-288', 'cell': '066-1832-529', 'id': {'name': 'SID', 'value': '475398525'}, 'picture': {'large': 'https://randomuser.me/api/portraits/women/5.jpg', 'medium': 'https://randomuser.me/api/portraits/med/women/5.jpg', 'thumbnail': 'https://randomuser.me/api/portraits/thumb/women/5.jpg'}, 'nat': 'RS'}</msg>
<arg>${json_data['results'][0]}</arg>
<doc>Logs the given message with the given level.</doc>
<status status="PASS" start="2024-05-25T04:16:52.785882" elapsed="0.000420"/>
</kw>
<kw name="Log" owner="BuiltIn">
<msg time="2024-05-25T04:16:52.786726" level="INFO">gender</msg>
<arg>${key}</arg>
<doc>Logs the given message with the given level.</doc>
<status status="PASS" start="2024-05-25T04:16:52.786599" elapsed="0.000163"/>
</kw>
<var name="${key}">gender</var>
<status status="PASS" start="2024-05-25T04:16:52.785003" elapsed="0.001977"/>
</iter>
<iter>
<kw name="Dictionary Should Contain Key" owner="Collections">
<msg time="2024-05-25T04:16:52.787666" level="INFO">False</msg>
<arg>${json_data['results'][0]}</arg>
<arg>${key}</arg>
<doc>Fails if ``key`` is not found from ``dictionary``.</doc>
<status status="PASS" start="2024-05-25T04:16:52.787278" elapsed="0.000425"/>
</kw>
<kw name="Log" owner="BuiltIn">
<msg time="2024-05-25T04:16:52.788387" level="INFO">{'gender': 'female', 'name': {'title': 'Ms', 'first': 'Ljubica', 'last': 'Ognjanović'}, 'location': {'street': {'number': 3076, 'name': 'Marije Milutinović'}, 'city': 'Novi Sad', 'state': 'Prizren', 'country': 'Serbia', 'postcode': 24204, 'coordinates': {'latitude': '58.0544', 'longitude': '80.4309'}, 'timezone': {'offset': '-9:00', 'description': 'Alaska'}}, 'email': 'ljubica.ognjanovic@example.com', 'login': {'uuid': '77c14789-261d-42d8-8fcb-d0070bd03044', 'username': 'redswan117', 'password': 'shells', 'salt': 'AfZj2Fq8', 'md5': '432d281dcdcca0b396586fbb7e6b1711', 'sha1': 'eef179f5ea15d2ac4a925c11ed22a5529f580742', 'sha256': '39bdaea5c33a34c055df98b59d4ee87642c1aae1618701d6f173ec3c96d5f4b3'}, 'dob': {'date': '1947-07-30T08:07:46.685Z', 'age': 76}, 'registered': {'date': '2011-06-29T05:26:58.299Z', 'age': 12}, 'phone': '038-0202-288', 'cell': '066-1832-529', 'id': {'name': 'SID', 'value': '475398525'}, 'picture': {'large': 'https://randomuser.me/api/portraits/women/5.jpg', 'medium': 'https://randomuser.me/api/portraits/med/women/5.jpg', 'thumbnail': 'https://randomuser.me/api/portraits/thumb/women/5.jpg'}, 'nat': 'RS'}</msg>
<arg>${json_data['results'][0]}</arg>
<doc>Logs the given message with the given level.</doc>
<status status="PASS" start="2024-05-25T04:16:52.788028" elapsed="0.000409"/>
</kw>
<kw name="Log" owner="BuiltIn">
<msg time="2024-05-25T04:16:52.788900" level="INFO">name</msg>
<arg>${key}</arg>
<doc>Logs the given message with the given level.</doc>
<status status="PASS" start="2024-05-25T04:16:52.788765" elapsed="0.000175"/>
</kw>
<var name="${key}">name</var>
<status status="PASS" start="2024-05-25T04:16:52.787165" elapsed="0.001993"/>
</iter>
<iter>
<kw name="Dictionary Should Contain Key" owner="Collections">
<msg time="2024-05-25T04:16:52.789826" level="INFO">False</msg>
<arg>${json_data['results'][0]}</arg>
<arg>${key}</arg>
<doc>Fails if ``key`` is not found from ``dictionary``.</doc>
<status status="PASS" start="2024-05-25T04:16:52.789447" elapsed="0.000417"/>
</kw>
<kw name="Log" owner="BuiltIn">
<msg time="2024-05-25T04:16:52.790544" level="INFO">{'gender': 'female', 'name': {'title': 'Ms', 'first': 'Ljubica', 'last': 'Ognjanović'}, 'location': {'street': {'number': 3076, 'name': 'Marije Milutinović'}, 'city': 'Novi Sad', 'state': 'Prizren', 'country': 'Serbia', 'postcode': 24204, 'coordinates': {'latitude': '58.0544', 'longitude': '80.4309'}, 'timezone': {'offset': '-9:00', 'description': 'Alaska'}}, 'email': 'ljubica.ognjanovic@example.com', 'login': {'uuid': '77c14789-261d-42d8-8fcb-d0070bd03044', 'username': 'redswan117', 'password': 'shells', 'salt': 'AfZj2Fq8', 'md5': '432d281dcdcca0b396586fbb7e6b1711', 'sha1': 'eef179f5ea15d2ac4a925c11ed22a5529f580742', 'sha256': '39bdaea5c33a34c055df98b59d4ee87642c1aae1618701d6f173ec3c96d5f4b3'}, 'dob': {'date': '1947-07-30T08:07:46.685Z', 'age': 76}, 'registered': {'date': '2011-06-29T05:26:58.299Z', 'age': 12}, 'phone': '038-0202-288', 'cell': '066-1832-529', 'id': {'name': 'SID', 'value': '475398525'}, 'picture': {'large': 'https://randomuser.me/api/portraits/women/5.jpg', 'medium': 'https://randomuser.me/api/portraits/med/women/5.jpg', 'thumbnail': 'https://randomuser.me/api/portraits/thumb/women/5.jpg'}, 'nat': 'RS'}</msg>
<arg>${json_data['results'][0]}</arg>
<doc>Logs the given message with the given level.</doc>
<status status="PASS" start="2024-05-25T04:16:52.790161" elapsed="0.000434"/>
</kw>
<kw name="Log" owner="BuiltIn">
<msg time="2024-05-25T04:16:52.791035" level="INFO">location</msg>
<arg>${key}</arg>
<doc>Logs the given message with the given level.</doc>
<status status="PASS" start="2024-05-25T04:16:52.790907" elapsed="0.000166"/>
</kw>
<var name="${key}">location</var>
<status status="PASS" start="2024-05-25T04:16:52.789336" elapsed="0.001956"/>
</iter>
<iter>
<kw name="Dictionary Should Contain Key" owner="Collections">
<msg time="2024-05-25T04:16:52.792060" level="INFO">False</msg>
<arg>${json_data['results'][0]}</arg>
<arg>${key}</arg>
<doc>Fails if ``key`` is not found from ``dictionary``.</doc>
<status status="PASS" start="2024-05-25T04:16:52.791572" elapsed="0.000525"/>
</kw>
<kw name="Log" owner="BuiltIn">
<msg time="2024-05-25T04:16:52.792800" level="INFO">{'gender': 'female', 'name': {'title': 'Ms', 'first': 'Ljubica', 'last': 'Ognjanović'}, 'location': {'street': {'number': 3076, 'name': 'Marije Milutinović'}, 'city': 'Novi Sad', 'state': 'Prizren', 'country': 'Serbia', 'postcode': 24204, 'coordinates': {'latitude': '58.0544', 'longitude': '80.4309'}, 'timezone': {'offset': '-9:00', 'description': 'Alaska'}}, 'email': 'ljubica.ognjanovic@example.com', 'login': {'uuid': '77c14789-261d-42d8-8fcb-d0070bd03044', 'username': 'redswan117', 'password': 'shells', 'salt': 'AfZj2Fq8', 'md5': '432d281dcdcca0b396586fbb7e6b1711', 'sha1': 'eef179f5ea15d2ac4a925c11ed22a5529f580742', 'sha256': '39bdaea5c33a34c055df98b59d4ee87642c1aae1618701d6f173ec3c96d5f4b3'}, 'dob': {'date': '1947-07-30T08:07:46.685Z', 'age': 76}, 'registered': {'date': '2011-06-29T05:26:58.299Z', 'age': 12}, 'phone': '038-0202-288', 'cell': '066-1832-529', 'id': {'name': 'SID', 'value': '475398525'}, 'picture': {'large': 'https://randomuser.me/api/portraits/women/5.jpg', 'medium': 'https://randomuser.me/api/portraits/med/women/5.jpg', 'thumbnail': 'https://randomuser.me/api/portraits/thumb/women/5.jpg'}, 'nat': 'RS'}</msg>
<arg>${json_data['results'][0]}</arg>
<doc>Logs the given message with the given level.</doc>
<status status="PASS" start="2024-05-25T04:16:52.792399" elapsed="0.000451"/>
</kw>
<kw name="Log" owner="BuiltIn">
<msg time="2024-05-25T04:16:52.793285" level="INFO">email</msg>
<arg>${key}</arg>
<doc>Logs the given message with the given level.</doc>
<status status="PASS" start="2024-05-25T04:16:52.793158" elapsed="0.000163"/>
</kw>
<var name="${key}">email</var>
<status status="PASS" start="2024-05-25T04:16:52.791463" elapsed="0.002073"/>
</iter>
<iter>
<kw name="Dictionary Should Contain Key" owner="Collections">
<msg time="2024-05-25T04:16:52.794196" level="INFO">False</msg>
<arg>${json_data['results'][0]}</arg>
<arg>${key}</arg>
<doc>Fails if ``key`` is not found from ``dictionary``.</doc>
<status status="PASS" start="2024-05-25T04:16:52.793820" elapsed="0.000412"/>
</kw>
<kw name="Log" owner="BuiltIn">
<msg time="2024-05-25T04:16:52.794900" level="INFO">{'gender': 'female', 'name': {'title': 'Ms', 'first': 'Ljubica', 'last': 'Ognjanović'}, 'location': {'street': {'number': 3076, 'name': 'Marije Milutinović'}, 'city': 'Novi Sad', 'state': 'Prizren', 'country': 'Serbia', 'postcode': 24204, 'coordinates': {'latitude': '58.0544', 'longitude': '80.4309'}, 'timezone': {'offset': '-9:00', 'description': 'Alaska'}}, 'email': 'ljubica.ognjanovic@example.com', 'login': {'uuid': '77c14789-261d-42d8-8fcb-d0070bd03044', 'username': 'redswan117', 'password': 'shells', 'salt': 'AfZj2Fq8', 'md5': '432d281dcdcca0b396586fbb7e6b1711', 'sha1': 'eef179f5ea15d2ac4a925c11ed22a5529f580742', 'sha256': '39bdaea5c33a34c055df98b59d4ee87642c1aae1618701d6f173ec3c96d5f4b3'}, 'dob': {'date': '1947-07-30T08:07:46.685Z', 'age': 76}, 'registered': {'date': '2011-06-29T05:26:58.299Z', 'age': 12}, 'phone': '038-0202-288', 'cell': '066-1832-529', 'id': {'name': 'SID', 'value': '475398525'}, 'picture': {'large': 'https://randomuser.me/api/portraits/women/5.jpg', 'medium': 'https://randomuser.me/api/portraits/med/women/5.jpg', 'thumbnail': 'https://randomuser.me/api/portraits/thumb/women/5.jpg'}, 'nat': 'RS'}</msg>
<arg>${json_data['results'][0]}</arg>
<doc>Logs the given message with the given level.</doc>
<status status="PASS" start="2024-05-25T04:16:52.794541" elapsed="0.000410"/>
</kw>
<kw name="Log" owner="BuiltIn">
<msg time="2024-05-25T04:16:52.795372" level="INFO">login</msg>
<arg>${key}</arg>
<doc>Logs the given message with the given level.</doc>
<status status="PASS" start="2024-05-25T04:16:52.795248" elapsed="0.000161"/>
</kw>
<var name="${key}">login</var>
<status status="PASS" start="2024-05-25T04:16:52.793709" elapsed="0.001917"/>
</iter>
<var>${key}</var>
<value>@{expected_keys}</value>
<status status="PASS" start="2024-05-25T04:16:52.784813" elapsed="0.010960"/>
</for>
<kw name="Create List" owner="BuiltIn">
<msg time="2024-05-25T04:16:52.796110" level="INFO">${expected_keysTwo} = ['username', 'password']</msg>
<var>${expected_keysTwo}</var>
<arg>username</arg>
<arg>password</arg>
<doc>Returns a list containing given items.</doc>
<status status="PASS" start="2024-05-25T04:16:52.795974" elapsed="0.000160"/>
</kw>
<for flavor="IN">
<iter>
<kw name="Dictionary Should Contain Key" owner="Collections">
<msg time="2024-05-25T04:16:52.797050" level="INFO">False</msg>
<arg>${json_data['results'][0]['login']}</arg>
<arg>${keyTwo}</arg>
<doc>Fails if ``key`` is not found from ``dictionary``.</doc>
<status status="PASS" start="2024-05-25T04:16:52.796652" elapsed="0.000434"/>
</kw>
<kw name="Dictionary Should Contain Key" owner="Collections">
<msg time="2024-05-25T04:16:52.797764" level="INFO">False</msg>
<arg>${json_data['results'][0]['login']}</arg>
<arg>${keyTwo}</arg>
<doc>Fails if ``key`` is not found from ``dictionary``.</doc>
<status status="PASS" start="2024-05-25T04:16:52.797390" elapsed="0.000410"/>
</kw>
<kw name="Log" owner="BuiltIn">
<msg time="2024-05-25T04:16:52.798216" level="INFO">username</msg>
<arg>${keyTwo}</arg>
<doc>Logs the given message with the given level.</doc>
<status status="PASS" start="2024-05-25T04:16:52.798091" elapsed="0.000161"/>
</kw>
<var name="${keyTwo}">username</var>
<status status="PASS" start="2024-05-25T04:16:52.796521" elapsed="0.001943"/>
</iter>
<iter>
<kw name="Dictionary Should Contain Key" owner="Collections">
<msg time="2024-05-25T04:16:52.799119" level="INFO">False</msg>
<arg>${json_data['results'][0]['login']}</arg>
<arg>${keyTwo}</arg>
<doc>Fails if ``key`` is not found from ``dictionary``.</doc>
<status status="PASS" start="2024-05-25T04:16:52.798742" elapsed="0.000414"/>
</kw>
<kw name="Dictionary Should Contain Key" owner="Collections">
<msg time="2024-05-25T04:16:52.799821" level="INFO">False</msg>
<arg>${json_data['results'][0]['login']}</arg>
<arg>${keyTwo}</arg>
<doc>Fails if ``key`` is not found from ``dictionary``.</doc>
<status status="PASS" start="2024-05-25T04:16:52.799451" elapsed="0.000406"/>
</kw>
<kw name="Log" owner="BuiltIn">
<msg time="2024-05-25T04:16:52.800277" level="INFO">password</msg>
<arg>${keyTwo}</arg>
<doc>Logs the given message with the given level.</doc>
<status status="PASS" start="2024-05-25T04:16:52.800152" elapsed="0.000160"/>
</kw>
<var name="${keyTwo}">password</var>
<status status="PASS" start="2024-05-25T04:16:52.798634" elapsed="0.001894"/>
</iter>
<var>${keyTwo}</var>
<value>@{expected_keysTwo}</value>
<status status="PASS" start="2024-05-25T04:16:52.796370" elapsed="0.004317"/>
</for>
<status status="PASS" start="2024-05-25T04:16:52.682159" elapsed="0.118676"/>
</kw>
<doc>Testa a estrutura da resposta da API.</doc>
<tag>testeEstruturaResposta</tag>
<status status="PASS" start="2024-05-25T04:16:52.681570" elapsed="0.119423"/>
</test>
<test id="s1-s1-t4" name="Validar tipos de dados" line="28">
<kw name="Teste de Tipos de Dados" owner="random-user-service">
<kw name="GET On Session" owner="RequestsLibrary">
<msg time="2024-05-25T04:16:52.880887" level="INFO">GET Request : url=https://randomuser.me/api 
 path_url=/api 
 headers={'User-Agent': 'python-requests/2.32.2', 'Accept-Encoding': 'gzip, deflate', 'Accept': '*/*', 'Connection': 'keep-alive'} 
 body=None 
 </msg>
<msg time="2024-05-25T04:16:52.880977" level="INFO">GET Response : url=https://randomuser.me/api 
 status=200, reason=OK 
 headers={'Date': 'Sat, 25 May 2024 04:16:52 GMT', 'Content-Type': 'application/json; charset=utf-8', 'Transfer-Encoding': 'chunked', 'Connection': 'keep-alive', 'X-Powered-By': 'Express', 'Access-Control-Allow-Origin': '*', 'Cache-Control': 'no-cache', 'ETag': 'W/"48d-e2eZwu1mfNT08MG55GU9nr5VcAY"', 'Vary': 'Accept-Encoding', 'Content-Encoding': 'gzip', 'CF-Cache-Status': 'DYNAMIC', 'Report-To': '{"endpoints":[{"url":"https:\\/\\/a.nel.cloudflare.com\\/report\\/v4?s=T9KPkeI%2F36bliJr9tIIh1C%2FaCvREIph5zTAwVRbPyv0KwWc69LRsF4F3RAAXmX5rrxK4vE2inTodJrTA%2BirCrP4k3oWbu70ZnjIUSqKLj13%2B8PO2V%2B5iFRVtertJXf8i"}],"group":"cf-nel","max_age":604800}', 'NEL': '{"success_fraction":0,"report_to":"cf-nel","max_age":604800}', 'Server': 'cloudflare', 'CF-RAY': '8892b66a0be682f0-IAD', 'alt-svc': 'h3=":443"; ma=86400'} 
 body={"results":[{"gender":"female","name":{"title":"Miss","first":"Sophie","last":"Roberts"},"location":{"street":{"number":7476,"name":"The Green"},"city":"Tuam","state":"Cork","country":"Ireland","postcode":75617,"coordinates":{"latitude":"-2.7063","longitude":"30.2676"},"timezone":{"offset":"-6:00","description":"Central Time (US &amp; Canada), Mexico City"}},"email":"sophie.roberts@example.com","login":{"uuid":"ec03bee1-b455-41c9-8a5e-59c09e4d7e68","username":"whitegoose631","password":"finance","salt":"svvgWLaN","md5":"a297c8f81c4855c71691e84d12c71251","sha1":"80918310035d6adc78f9291a3ed092eb766ada98","sha256":"6480c4b4de8efc9ad793a7409f1ebd8d5c7b4b69a214fbda5b10e48d14372d4d"},"dob":{"date":"1988-12-08T10:04:04.182Z","age":35},"registered":{"date":"2002-11-07T03:37:46.054Z","age":21},"phone":"071-284-8453","cell":"081-832-5309","id":{"name":"PPS","value":"2210097T"},"picture":{"large":"https://randomuser.me/api/portraits/women/56.jpg","medium":"https://randomuser.me/api/portraits/med/women/56.jpg","thumbnail":"https://randomuser.me/api/portraits/thumb/women/56.jpg"},"nat":"IE"}],"info":{"seed":"adaec554a08fae12","results":1,"page":1,"version":"1.4"}} 
 </msg>
<msg time="2024-05-25T04:16:52.881054" level="INFO">/opt/hostedtoolcache/Python/3.12.3/x64/lib/python3.12/site-packages/urllib3/connectionpool.py:1103: InsecureRequestWarning: Unverified HTTPS request is being made to host 'randomuser.me'. Adding certificate verification is strongly advised. See: https://urllib3.readthedocs.io/en/latest/advanced-usage.html#tls-warnings
  warnings.warn(</msg>
<msg time="2024-05-25T04:16:52.881204" level="INFO">${response} = &lt;Response [200]&gt;</msg>
<var>${response}</var>
<arg>consultarAPI</arg>
<arg>/api</arg>
<doc>Sends a GET request on a previously created HTTP Session.</doc>
<status status="PASS" start="2024-05-25T04:16:52.803539" elapsed="0.077717"/>
</kw>
<kw name="Set Variable" owner="BuiltIn">
<msg time="2024-05-25T04:16:52.882133" level="INFO">${json_data} = {'results': [{'gender': 'female', 'name': {'title': 'Miss', 'first': 'Sophie', 'last': 'Roberts'}, 'location': {'street': {'number': 7476, 'name': 'The Green'}, 'city': 'Tuam', 'state': 'Cork', 'count...</msg>
<var>${json_data}</var>
<arg>${response.json()}</arg>
<doc>Returns the given values which can then be assigned to a variables.</doc>
<status status="PASS" start="2024-05-25T04:16:52.881661" elapsed="0.000500"/>
</kw>
<kw name="Log" owner="BuiltIn">
<msg time="2024-05-25T04:16:52.882658" level="INFO">{'results': [{'gender': 'female', 'name': {'title': 'Miss', 'first': 'Sophie', 'last': 'Roberts'}, 'location': {'street': {'number': 7476, 'name': 'The Green'}, 'city': 'Tuam', 'state': 'Cork', 'country': 'Ireland', 'postcode': 75617, 'coordinates': {'latitude': '-2.7063', 'longitude': '30.2676'}, 'timezone': {'offset': '-6:00', 'description': 'Central Time (US &amp; Canada), Mexico City'}}, 'email': 'sophie.roberts@example.com', 'login': {'uuid': 'ec03bee1-b455-41c9-8a5e-59c09e4d7e68', 'username': 'whitegoose631', 'password': 'finance', 'salt': 'svvgWLaN', 'md5': 'a297c8f81c4855c71691e84d12c71251', 'sha1': '80918310035d6adc78f9291a3ed092eb766ada98', 'sha256': '6480c4b4de8efc9ad793a7409f1ebd8d5c7b4b69a214fbda5b10e48d14372d4d'}, 'dob': {'date': '1988-12-08T10:04:04.182Z', 'age': 35}, 'registered': {'date': '2002-11-07T03:37:46.054Z', 'age': 21}, 'phone': '071-284-8453', 'cell': '081-832-5309', 'id': {'name': 'PPS', 'value': '2210097T'}, 'picture': {'large': 'https://randomuser.me/api/portraits/women/56.jpg', 'medium': 'https://randomuser.me/api/portraits/med/women/56.jpg', 'thumbnail': 'https://randomuser.me/api/portraits/thumb/women/56.jpg'}, 'nat': 'IE'}], 'info': {'seed': 'adaec554a08fae12', 'results': 1, 'page': 1, 'version': '1.4'}}</msg>
<arg>${json_data}</arg>
<doc>Logs the given message with the given level.</doc>
<status status="PASS" start="2024-05-25T04:16:52.882500" elapsed="0.000241"/>
</kw>
<kw name="Should Be String" owner="String">
<arg>${json_data['results'][0]['gender']}</arg>
<doc>Fails if the given ``item`` is not a string.</doc>
<status status="PASS" start="2024-05-25T04:16:52.883049" elapsed="0.000363"/>
</kw>
<kw name="Should Match Regexp" owner="BuiltIn">
<arg>${json_data['results'][0]['email']}</arg>
<arg>^[a-zA-Z0-9._%+-]+@[a-zA-Z0-9.-]+\.[a-zA-Z]{2,}$</arg>
<doc>Fails if ``string`` does not match ``pattern`` as a regular expression.</doc>
<status status="PASS" start="2024-05-25T04:16:52.883607" elapsed="0.000664"/>
</kw>
<kw name="Should Match Regexp" owner="BuiltIn">
<arg>${json_data['results'][0]['dob']['date']}</arg>
<arg>\\d{4}-\\d{2}-\\d{2}T\\d{2}:\\d{2}:\\d{2}\\.\\d{3}Z</arg>
<doc>Fails if ``string`` does not match ``pattern`` as a regular expression.</doc>
<status status="PASS" start="2024-05-25T04:16:52.884472" elapsed="0.000553"/>
</kw>
<kw name="Should Match Regexp" owner="BuiltIn">
<arg>${json_data['results'][0]['registered']['date']}</arg>
<arg>\\d{4}-\\d{2}-\\d{2}T\\d{2}:\\d{2}:\\d{2}\\.\\d{3}Z</arg>
<doc>Fails if ``string`` does not match ``pattern`` as a regular expression.</doc>
<status status="PASS" start="2024-05-25T04:16:52.885221" elapsed="0.000368"/>
</kw>
<kw name="Should Match Regexp" owner="BuiltIn">
<arg>${json_data['results'][0]['picture']['large']}</arg>
<arg>^https?://.*\.(?:png|jpe?g|gif|bmp)$</arg>
<doc>Fails if ``string`` does not match ``pattern`` as a regular expression.</doc>
<status status="PASS" start="2024-05-25T04:16:52.885776" elapsed="0.000456"/>
</kw>
<kw name="Should Match Regexp" owner="BuiltIn">
<arg>${json_data['results'][0]['picture']['medium']}</arg>
<arg>^https?://.*\.(?:png|jpe?g|gif|bmp)$</arg>
<doc>Fails if ``string`` does not match ``pattern`` as a regular expression.</doc>
<status status="PASS" start="2024-05-25T04:16:52.886424" elapsed="0.000355"/>
</kw>
<kw name="Should Match Regexp" owner="BuiltIn">
<arg>${json_data['results'][0]['picture']['thumbnail']}</arg>
<arg>^https?://.*\.(?:png|jpe?g|gif|bmp)$</arg>
<doc>Fails if ``string`` does not match ``pattern`` as a regular expression.</doc>
<status status="PASS" start="2024-05-25T04:16:52.886966" elapsed="0.000348"/>
</kw>
<kw name="Log" owner="BuiltIn">
<msg time="2024-05-25T04:16:52.887817" level="INFO">{'large': 'https://randomuser.me/api/portraits/women/56.jpg', 'medium': 'https://randomuser.me/api/portraits/med/women/56.jpg', 'thumbnail': 'https://randomuser.me/api/portraits/thumb/women/56.jpg'}</msg>
<arg>${json_data['results'][0]['picture']}</arg>
<doc>Logs the given message with the given level.</doc>
<status status="PASS" start="2024-05-25T04:16:52.887497" elapsed="0.000362"/>
</kw>
<status status="PASS" start="2024-05-25T04:16:52.803301" elapsed="0.084817"/>
</kw>
<kw name="Teste de Tipos de Dados - Postcode" owner="random-user-service">
<kw name="GET On Session" owner="RequestsLibrary">
<msg time="2024-05-25T04:16:52.987329" level="INFO">GET Request : url=https://randomuser.me/api 
 path_url=/api 
 headers={'User-Agent': 'python-requests/2.32.2', 'Accept-Encoding': 'gzip, deflate', 'Accept': '*/*', 'Connection': 'keep-alive'} 
 body=None 
 </msg>
<msg time="2024-05-25T04:16:52.987404" level="INFO">GET Response : url=https://randomuser.me/api 
 status=200, reason=OK 
 headers={'Date': 'Sat, 25 May 2024 04:16:52 GMT', 'Content-Type': 'application/json; charset=utf-8', 'Transfer-Encoding': 'chunked', 'Connection': 'keep-alive', 'X-Powered-By': 'Express', 'Access-Control-Allow-Origin': '*', 'Cache-Control': 'no-cache', 'ETag': 'W/"4ae-h0ETWpmpacdMRSjpLLcXkjC42+o"', 'Vary': 'Accept-Encoding', 'Content-Encoding': 'gzip', 'CF-Cache-Status': 'DYNAMIC', 'Report-To': '{"endpoints":[{"url":"https:\\/\\/a.nel.cloudflare.com\\/report\\/v4?s=QpMikf3h%2BlzaBVZeYReWGMumPFna777gwMEt0V71Ewaa5veMLlDnn8bGi7nL5qERG4GDPAJ2CuHDlPe564bPoi2ZbvBOy1Y3wApNTafm2VAlCDU4a8RMt%2B5WAKWD6jr7"}],"group":"cf-nel","max_age":604800}', 'NEL': '{"success_fraction":0,"report_to":"cf-nel","max_age":604800}', 'Server': 'cloudflare', 'CF-RAY': '8892b66a8c6582f0-IAD', 'alt-svc': 'h3=":443"; ma=86400'} 
 body={"results":[{"gender":"male","name":{"title":"Monsieur","first":"Clemens","last":"Bourgeois"},"location":{"street":{"number":8772,"name":"Rue de L'Abbé-Soulange-Bodin"},"city":"Sévaz","state":"Schwyz","country":"Switzerland","postcode":5616,"coordinates":{"latitude":"-57.8609","longitude":"-139.5159"},"timezone":{"offset":"+5:30","description":"Bombay, Calcutta, Madras, New Delhi"}},"email":"clemens.bourgeois@example.com","login":{"uuid":"21be9ca0-9ea2-4571-89f2-a6e58d911bfe","username":"yellowdog694","password":"momo","salt":"M6PivEer","md5":"fac14da86e66caad76ef670259245056","sha1":"b2718445559825d76458b9df236bd5fb1eae39c4","sha256":"df27c722c399cc3629eb4f94e3cde8cd64fa8acd71066c451d0734d532d45036"},"dob":{"date":"1966-05-27T02:18:04.189Z","age":57},"registered":{"date":"2019-11-24T14:35:58.618Z","age":4},"phone":"079 600 79 91","cell":"079 344 06 74","id":{"name":"AVS","value":"756.2848.4319.76"},"picture":{"large":"https://randomuser.me/api/portraits/men/36.jpg","medium":"https://randomuser.me/api/portraits/med/men/36.jpg","thumbnail":"https://randomuser.me/api/portraits/thumb/men/36.jpg"},"nat":"CH"}],"info":{"seed":"0b9e0ea8446775b6","results":1,"page":1,"version":"1.4"}} 
 </msg>
<msg time="2024-05-25T04:16:52.987467" level="INFO">/opt/hostedtoolcache/Python/3.12.3/x64/lib/python3.12/site-packages/urllib3/connectionpool.py:1103: InsecureRequestWarning: Unverified HTTPS request is being made to host 'randomuser.me'. Adding certificate verification is strongly advised. See: https://urllib3.readthedocs.io/en/latest/advanced-usage.html#tls-warnings
  warnings.warn(</msg>
<msg time="2024-05-25T04:16:52.987584" level="INFO">${response} = &lt;Response [200]&gt;</msg>
<var>${response}</var>
<arg>consultarAPI</arg>
<arg>/api</arg>
<doc>Sends a GET request on a previously created HTTP Session.</doc>
<status status="PASS" start="2024-05-25T04:16:52.888607" elapsed="0.099017"/>
</kw>
<kw name="Set Variable" owner="BuiltIn">
<msg time="2024-05-25T04:16:52.988521" level="INFO">${json_data} = {'results': [{'gender': 'male', 'name': {'title': 'Monsieur', 'first': 'Clemens', 'last': 'Bourgeois'}, 'location': {'street': {'number': 8772, 'name': "Rue de L'Abbé-Soulange-Bodin"}, 'city': 'Sévaz'...</msg>
<var>${json_data}</var>
<arg>${response.json()}</arg>
<doc>Returns the given values which can then be assigned to a variables.</doc>
<status status="PASS" start="2024-05-25T04:16:52.988041" elapsed="0.000513"/>
</kw>
<kw name="Log" owner="BuiltIn">
<msg time="2024-05-25T04:16:52.989084" level="INFO">{'results': [{'gender': 'male', 'name': {'title': 'Monsieur', 'first': 'Clemens', 'last': 'Bourgeois'}, 'location': {'street': {'number': 8772, 'name': "Rue de L'Abbé-Soulange-Bodin"}, 'city': 'Sévaz', 'state': 'Schwyz', 'country': 'Switzerland', 'postcode': 5616, 'coordinates': {'latitude': '-57.8609', 'longitude': '-139.5159'}, 'timezone': {'offset': '+5:30', 'description': 'Bombay, Calcutta, Madras, New Delhi'}}, 'email': 'clemens.bourgeois@example.com', 'login': {'uuid': '21be9ca0-9ea2-4571-89f2-a6e58d911bfe', 'username': 'yellowdog694', 'password': 'momo', 'salt': 'M6PivEer', 'md5': 'fac14da86e66caad76ef670259245056', 'sha1': 'b2718445559825d76458b9df236bd5fb1eae39c4', 'sha256': 'df27c722c399cc3629eb4f94e3cde8cd64fa8acd71066c451d0734d532d45036'}, 'dob': {'date': '1966-05-27T02:18:04.189Z', 'age': 57}, 'registered': {'date': '2019-11-24T14:35:58.618Z', 'age': 4}, 'phone': '079 600 79 91', 'cell': '079 344 06 74', 'id': {'name': 'AVS', 'value': '756.2848.4319.76'}, 'picture': {'large': 'https://randomuser.me/api/portraits/men/36.jpg', 'medium': 'https://randomuser.me/api/portraits/med/men/36.jpg', 'thumbnail': 'https://randomuser.me/api/portraits/thumb/men/36.jpg'}, 'nat': 'CH'}], 'info': {'seed': '0b9e0ea8446775b6', 'results': 1, 'page': 1, 'version': '1.4'}}</msg>
<arg>${json_data}</arg>
<doc>Logs the given message with the given level.</doc>
<status status="PASS" start="2024-05-25T04:16:52.988927" elapsed="0.000238"/>
</kw>
<kw name="Should Be Equal As Numbers" owner="BuiltIn">
<arg>${json_data['results'][0]['location']['postcode']}</arg>
<arg>${json_data['results'][0]['location']['postcode']}</arg>
<doc>Fails if objects are unequal after converting them to real numbers.</doc>
<status status="PASS" start="2024-05-25T04:16:52.989469" elapsed="0.000613"/>
</kw>
<kw name="Log" owner="BuiltIn">
<msg time="2024-05-25T04:16:52.990603" level="INFO">5616</msg>
<arg>${json_data['results'][0]['location']['postcode']}</arg>
<doc>Logs the given message with the given level.</doc>
<status status="PASS" start="2024-05-25T04:16:52.990275" elapsed="0.000368"/>
</kw>
<status status="PASS" start="2024-05-25T04:16:52.888343" elapsed="0.102555"/>
</kw>
<doc>Testa se os tipos de dados na resposta da API estão corretos.</doc>
<tag>testeTiposDados</tag>
<status status="PASS" start="2024-05-25T04:16:52.802750" elapsed="0.188313"/>
</test>
<test id="s1-s1-t5" name="Validar conteudo" line="35">
<kw name="Teste de Tipos de Conteudo" owner="random-user-service">
<kw name="GET On Session" owner="RequestsLibrary">
<msg time="2024-05-25T04:16:53.074804" level="INFO">GET Request : url=https://randomuser.me/api 
 path_url=/api 
 headers={'User-Agent': 'python-requests/2.32.2', 'Accept-Encoding': 'gzip, deflate', 'Accept': '*/*', 'Connection': 'keep-alive'} 
 body=None 
 </msg>
<msg time="2024-05-25T04:16:53.074904" level="INFO">GET Response : url=https://randomuser.me/api 
 status=200, reason=OK 
 headers={'Date': 'Sat, 25 May 2024 04:16:53 GMT', 'Content-Type': 'application/json; charset=utf-8', 'Transfer-Encoding': 'chunked', 'Connection': 'keep-alive', 'X-Powered-By': 'Express', 'Access-Control-Allow-Origin': '*', 'Cache-Control': 'no-cache', 'ETag': 'W/"485-v1acNDbP9z2igw/KHVcNO8QjVe4"', 'Vary': 'Accept-Encoding', 'Content-Encoding': 'gzip', 'CF-Cache-Status': 'DYNAMIC', 'Report-To': '{"endpoints":[{"url":"https:\\/\\/a.nel.cloudflare.com\\/report\\/v4?s=mx25AFL1ZjVQsKXmX%2B4uE9%2FORkTs3zPbQ9pkKV5sSreIFSTN6XkoLkN7sRdBiMjZCF5gfNiATaavVX5jWSggoAXd5QaD2M%2FLm0slE%2FOLANgH6U8Z5pgEODQllPn7jnWS"}],"group":"cf-nel","max_age":604800}', 'NEL': '{"success_fraction":0,"report_to":"cf-nel","max_age":604800}', 'Server': 'cloudflare', 'CF-RAY': '8892b66b3ce382f0-IAD', 'alt-svc': 'h3=":443"; ma=86400'} 
 body={"results":[{"gender":"female","name":{"title":"Mrs","first":"دینا","last":"یاسمی"},"location":{"street":{"number":3922,"name":"دکتر مفتح"},"city":"نیشابور","state":"قم","country":"Iran","postcode":59257,"coordinates":{"latitude":"16.2268","longitude":"120.6597"},"timezone":{"offset":"-1:00","description":"Azores, Cape Verde Islands"}},"email":"dyn.ysmy@example.com","login":{"uuid":"5f6664c9-8bc7-4639-85eb-486247999533","username":"sadelephant565","password":"terry","salt":"SYCznKXt","md5":"46878cd5030dc38034c721573045c977","sha1":"74dce0ae8d2aac8d2361a2aac38f153a7e5fa248","sha256":"c0acf1614af7a069ee09d5838f3f720f3ae979c053bd9b555c0d08e69de767f4"},"dob":{"date":"1968-04-14T04:10:24.525Z","age":56},"registered":{"date":"2005-01-26T20:14:54.699Z","age":19},"phone":"045-56322966","cell":"0955-589-5807","id":{"name":"","value":null},"picture":{"large":"https://randomuser.me/api/portraits/women/24.jpg","medium":"https://randomuser.me/api/portraits/med/women/24.jpg","thumbnail":"https://randomuser.me/api/portraits/thumb/women/24.jpg"},"nat":"IR"}],"info":{"seed":"911640ee07e73809","results":1,"page":1,"version":"1.4"}} 
 </msg>
<msg time="2024-05-25T04:16:53.074978" level="INFO">/opt/hostedtoolcache/Python/3.12.3/x64/lib/python3.12/site-packages/urllib3/connectionpool.py:1103: InsecureRequestWarning: Unverified HTTPS request is being made to host 'randomuser.me'. Adding certificate verification is strongly advised. See: https://urllib3.readthedocs.io/en/latest/advanced-usage.html#tls-warnings
  warnings.warn(</msg>
<msg time="2024-05-25T04:16:53.075128" level="INFO">${response} = &lt;Response [200]&gt;</msg>
<var>${response}</var>
<arg>consultarAPI</arg>
<arg>/api</arg>
<doc>Sends a GET request on a previously created HTTP Session.</doc>
<status status="PASS" start="2024-05-25T04:16:52.993505" elapsed="0.081665"/>
</kw>
<kw name="Set Variable" owner="BuiltIn">
<msg time="2024-05-25T04:16:53.076235" level="INFO">${json_data} = {'results': [{'gender': 'female', 'name': {'title': 'Mrs', 'first': 'دینا', 'last': 'یاسمی'}, 'location': {'street': {'number': 3922, 'name': 'دکتر مفتح'}, 'city': 'نیشابور', 'state': 'قم', 'country':...</msg>
<var>${json_data}</var>
<arg>${response.json()}</arg>
<doc>Returns the given values which can then be assigned to a variables.</doc>
<status status="PASS" start="2024-05-25T04:16:53.075708" elapsed="0.000559"/>
</kw>
<kw name="Set Variable" owner="BuiltIn">
<msg time="2024-05-25T04:16:53.077022" level="INFO">${name_title} = Mrs</msg>
<var>${name_title}</var>
<arg>${json_data["results"][0]["name"]["title"]}</arg>
<doc>Returns the given values which can then be assigned to a variables.</doc>
<status status="PASS" start="2024-05-25T04:16:53.076619" elapsed="0.000429"/>
</kw>
<kw name="Create List" owner="BuiltIn">
<msg time="2024-05-25T04:16:53.077504" level="INFO">${allowed_titles} = ['Mr', 'Ms', 'Miss', 'Mrs', 'Madame', 'Monsieur']</msg>
<var>${allowed_titles}</var>
<arg>Mr</arg>
<arg>Ms</arg>
<arg>Miss</arg>
<arg>Mrs</arg>
<arg>Madame</arg>
<arg>Monsieur</arg>
<doc>Returns a list containing given items.</doc>
<status status="PASS" start="2024-05-25T04:16:53.077353" elapsed="0.000176"/>
</kw>
<kw name="List Should Contain Value" owner="Collections">
<msg time="2024-05-25T04:16:53.078010" level="INFO">False</msg>
<arg>${allowed_titles}</arg>
<arg>${name_title}</arg>
<doc>Fails if the ``value`` is not found from ``list``.</doc>
<status status="PASS" start="2024-05-25T04:16:53.077832" elapsed="0.000215"/>
</kw>
<kw name="Set Variable" owner="BuiltIn">
<msg time="2024-05-25T04:16:53.078931" level="INFO">${name_country} = IR</msg>
<var>${name_country}</var>
<arg>${json_data["results"][0]["nat"]}</arg>
<doc>Returns the given values which can then be assigned to a variables.</doc>
<status status="PASS" start="2024-05-25T04:16:53.078339" elapsed="0.000617"/>
</kw>
<kw name="Create List" owner="BuiltIn">
<msg time="2024-05-25T04:16:53.079855" level="INFO">${list_country} = ['AD', 'AE', 'AF', 'AG', 'AI', 'AL', 'AM', 'AO', 'AQ', 'AR', 'AS', 'AT', 'AU', 'AW', 'AX', 'AZ', 'BA', 'BB', 'BD', 'BE', 'BF', 'BG', 'BH', 'BI', 'BJ', 'BL', 'BM', 'BN', 'BO', 'BQ', 'BR', 'BS', 'BT', '...</msg>
<var>${list_country}</var>
<arg>AD</arg>
<arg>AE</arg>
<arg>AF</arg>
<arg>AG</arg>
<arg>AI</arg>
<arg>AL</arg>
<arg>AM</arg>
<arg>AO</arg>
<arg>AQ</arg>
<arg>AR</arg>
<arg>AS</arg>
<arg>AT</arg>
<arg>AU</arg>
<arg>AW</arg>
<arg>AX</arg>
<arg>AZ</arg>
<arg>BA</arg>
<arg>BB</arg>
<arg>BD</arg>
<arg>BE</arg>
<arg>BF</arg>
<arg>BG</arg>
<arg>BH</arg>
<arg>BI</arg>
<arg>BJ</arg>
<arg>BL</arg>
<arg>BM</arg>
<arg>BN</arg>
<arg>BO</arg>
<arg>BQ</arg>
<arg>BR</arg>
<arg>BS</arg>
<arg>BT</arg>
<arg>BV</arg>
<arg>BW</arg>
<arg>BY</arg>
<arg>BZ</arg>
<arg>CA</arg>
<arg>CC</arg>
<arg>CD</arg>
<arg>CF</arg>
<arg>CG</arg>
<arg>CH</arg>
<arg>CI</arg>
<arg>CK</arg>
<arg>CL</arg>
<arg>CM</arg>
<arg>CN</arg>
<arg>CO</arg>
<arg>CR</arg>
<arg>CU</arg>
<arg>CV</arg>
<arg>CW</arg>
<arg>CX</arg>
<arg>CY</arg>
<arg>CZ</arg>
<arg>DE</arg>
<arg>DJ</arg>
<arg>DK</arg>
<arg>DM</arg>
<arg>DO</arg>
<arg>DZ</arg>
<arg>EC</arg>
<arg>EE</arg>
<arg>EG</arg>
<arg>EH</arg>
<arg>ER</arg>
<arg>ES</arg>
<arg>ET</arg>
<arg>FI</arg>
<arg>FJ</arg>
<arg>FK</arg>
<arg>FM</arg>
<arg>FO</arg>
<arg>FR</arg>
<arg>GA</arg>
<arg>GB</arg>
<arg>GD</arg>
<arg>GE</arg>
<arg>GF</arg>
<arg>GG</arg>
<arg>GH</arg>
<arg>GI</arg>
<arg>GL</arg>
<arg>GM</arg>
<arg>GN</arg>
<arg>GP</arg>
<arg>GQ</arg>
<arg>GR</arg>
<arg>GS</arg>
<arg>GT</arg>
<arg>GU</arg>
<arg>GW</arg>
<arg>GY</arg>
<arg>HK</arg>
<arg>HM</arg>
<arg>HN</arg>
<arg>HR</arg>
<arg>HT</arg>
<arg>HU</arg>
<arg>ID</arg>
<arg>IE</arg>
<arg>IL</arg>
<arg>IM</arg>
<arg>IN</arg>
<arg>IO</arg>
<arg>IQ</arg>
<arg>IR</arg>
<arg>IS</arg>
<arg>IT</arg>
<arg>JE</arg>
<arg>JM</arg>
<arg>JO</arg>
<arg>JP</arg>
<arg>KE</arg>
<arg>KG</arg>
<arg>KH</arg>
<arg>KI</arg>
<arg>KM</arg>
<arg>KN</arg>
<arg>KP</arg>
<arg>KR</arg>
<arg>KW</arg>
<arg>KY</arg>
<arg>KZ</arg>
<arg>LA</arg>
<arg>LB</arg>
<arg>LC</arg>
<arg>LI</arg>
<arg>LK</arg>
<arg>LR</arg>
<arg>LS</arg>
<arg>LT</arg>
<arg>LU</arg>
<arg>LV</arg>
<arg>LY</arg>
<arg>MA</arg>
<arg>MC</arg>
<arg>MD</arg>
<arg>ME</arg>
<arg>MF</arg>
<arg>MG</arg>
<arg>MH</arg>
<arg>MK</arg>
<arg>ML</arg>
<arg>MM</arg>
<arg>MN</arg>
<arg>MO</arg>
<arg>MP</arg>
<arg>MQ</arg>
<arg>MR</arg>
<arg>MS</arg>
<arg>MT</arg>
<arg>MU</arg>
<arg>MV</arg>
<arg>MW</arg>
<arg>MX</arg>
<arg>MY</arg>
<arg>MZ</arg>
<arg>NA</arg>
<arg>NC</arg>
<arg>NE</arg>
<arg>NF</arg>
<arg>NG</arg>
<arg>NI</arg>
<arg>NL</arg>
<arg>NO</arg>
<arg>NP</arg>
<arg>NR</arg>
<arg>NU</arg>
<arg>NZ</arg>
<arg>OM</arg>
<arg>PA</arg>
<arg>PE</arg>
<arg>PF</arg>
<arg>PG</arg>
<arg>PH</arg>
<arg>PK</arg>
<arg>PL</arg>
<arg>PM</arg>
<arg>PN</arg>
<arg>PR</arg>
<arg>PS</arg>
<arg>PT</arg>
<arg>PW</arg>
<arg>PY</arg>
<arg>QA</arg>
<arg>RE</arg>
<arg>RO</arg>
<arg>RS</arg>
<arg>RU</arg>
<arg>RW</arg>
<arg>SA</arg>
<arg>SB</arg>
<arg>SC</arg>
<arg>SD</arg>
<arg>SE</arg>
<arg>SG</arg>
<arg>SH</arg>
<arg>SI</arg>
<arg>SJ</arg>
<arg>SK</arg>
<arg>SL</arg>
<arg>SM</arg>
<arg>SN</arg>
<arg>SO</arg>
<arg>SR</arg>
<arg>SS</arg>
<arg>ST</arg>
<arg>SV</arg>
<arg>SX</arg>
<arg>SY</arg>
<arg>SZ</arg>
<arg>TC</arg>
<arg>TD</arg>
<arg>TF</arg>
<arg>TG</arg>
<arg>TH</arg>
<arg>TJ</arg>
<arg>TK</arg>
<arg>TL</arg>
<arg>TM</arg>
<arg>TN</arg>
<arg>TO</arg>
<arg>TR</arg>
<arg>TT</arg>
<arg>TV</arg>
<arg>TW</arg>
<arg>TZ</arg>
<arg>UA</arg>
<arg>UG</arg>
<arg>UM</arg>
<arg>US</arg>
<arg>UY</arg>
<arg>UZ</arg>
<arg>VA</arg>
<arg>VC</arg>
<arg>VE</arg>
<arg>VG</arg>
<arg>VI</arg>
<arg>VN</arg>
<arg>VU</arg>
<arg>WF</arg>
<arg>WS</arg>
<arg>XK</arg>
<arg>YE</arg>
<arg>YT</arg>
<arg>ZA</arg>
<arg>ZM</arg>
<arg>ZW</arg>
<doc>Returns a list containing given items.</doc>
<status status="PASS" start="2024-05-25T04:16:53.079262" elapsed="0.000619"/>
</kw>
<kw name="List Should Contain Value" owner="Collections">
<msg time="2024-05-25T04:16:53.080903" level="INFO">False</msg>
<arg>${list_country}</arg>
<arg>${name_country}</arg>
<doc>Fails if the ``value`` is not found from ``list``.</doc>
<status status="PASS" start="2024-05-25T04:16:53.080688" elapsed="0.000251"/>
</kw>
<kw name="Run Keyword If" owner="BuiltIn">
<kw name="Should Be True" owner="BuiltIn">
<arg>${True}</arg>
<doc>Fails if the given condition is not true.</doc>
<status status="PASS" start="2024-05-25T04:16:53.082014" elapsed="0.000146"/>
</kw>
<arg>${json_data["results"][0]["location"]["coordinates"]["latitude"]} &gt;= -90 and ${json_data["results"][0]["location"]["coordinates"]["latitude"]} &lt;= 90</arg>
<arg>Should Be True</arg>
<arg>${True}</arg>
<doc>Runs the given keyword with the given arguments, if ``condition`` is true.</doc>
<status status="PASS" start="2024-05-25T04:16:53.081252" elapsed="0.001036"/>
</kw>
<kw name="Run Keyword If" owner="BuiltIn">
<kw name="Should Be True" owner="BuiltIn">
<arg>${True}</arg>
<doc>Fails if the given condition is not true.</doc>
<status status="PASS" start="2024-05-25T04:16:53.083171" elapsed="0.000137"/>
</kw>
<arg>${json_data["results"][0]["location"]["coordinates"]["longitude"]} &gt;= -180 and ${json_data["results"][0]["location"]["coordinates"]["longitude"]} &lt;= 180</arg>
<arg>Should Be True</arg>
<arg>${True}</arg>
<doc>Runs the given keyword with the given arguments, if ``condition`` is true.</doc>
<status status="PASS" start="2024-05-25T04:16:53.082474" elapsed="0.000959"/>
</kw>
<status status="PASS" start="2024-05-25T04:16:52.993281" elapsed="0.090288"/>
</kw>
<doc>Testa o conteúdo específico dos campos retornados pela API.</doc>
<tag>testeConteudo</tag>
<status status="PASS" start="2024-05-25T04:16:52.992831" elapsed="0.090894"/>
</test>
<status status="PASS" start="2024-05-25T04:16:52.230660" elapsed="0.855065"/>
</suite>
<status status="PASS" start="2024-05-25T04:16:52.217169" elapsed="0.873732"/>
</suite>
<statistics>
<total>
<stat pass="5" fail="0" skip="0">All Tests</stat>
</total>
<tag>
<stat pass="1" fail="0" skip="0">testeConteudo</stat>
<stat pass="1" fail="0" skip="0">testeEstruturaResposta</stat>
<stat pass="1" fail="0" skip="0">testeRequisicaoBasica</stat>
<stat pass="1" fail="0" skip="0">testeTiposDados</stat>
</tag>
<suite>
<stat pass="5" fail="0" skip="0" id="s1" name="Tests">Tests</stat>
<stat pass="5" fail="0" skip="0" id="s1-s1" name="Random-User-Test">Tests.Random-User-Test</stat>
</suite>
</statistics>
<errors>
</errors>
</robot>
