<?xml version="1.0" encoding="UTF-8"?>
<robot generator="Robot 7.0.1 (Python 3.12.3 on linux)" generated="2024-06-15T19:12:25.966140" rpa="false" schemaversion="5">
<suite id="s1" name="Tests" source="/home/runner/work/ApiRandomUser/ApiRandomUser/RamdonUser/tests">
<suite id="s1-s1" name="Random-User-Test" source="/home/runner/work/ApiRandomUser/ApiRandomUser/RamdonUser/tests/random-user-test.robot">
<test id="s1-s1-t1" name="Conectar" line="13">
<kw name="Conectar API" owner="random-user-service">
<kw name="Create Session" owner="RequestsLibrary">
<msg time="2024-06-15T19:12:26.360638" level="INFO">Creating Session using : alias=consultarAPI, url=https://randomuser.me/, headers={},                     cookies={}, auth=None, timeout=None, proxies=None, verify=False,                     debug=0 </msg>
<arg>consultarAPI</arg>
<arg>${URL}</arg>
<doc>Create Session: create a HTTP session to a server</doc>
<status status="PASS" start="2024-06-15T19:12:26.360428" elapsed="0.000409"/>
</kw>
<status status="PASS" start="2024-06-15T19:12:26.359343" elapsed="0.001860"/>
</kw>
<status status="PASS" start="2024-06-15T19:12:26.358608" elapsed="0.002790"/>
</test>
<test id="s1-s1-t2" name="Validar retorno 200 e JSON Válido" line="16">
<kw name="Teste de Requisicao Basica" owner="random-user-service">
<kw name="GET On Session" owner="RequestsLibrary">
<msg time="2024-06-15T19:12:26.438999" level="INFO">GET Request : url=https://randomuser.me/api 
 path_url=/api 
 headers={'User-Agent': 'python-requests/2.32.3', 'Accept-Encoding': 'gzip, deflate', 'Accept': '*/*', 'Connection': 'keep-alive'} 
 body=None 
 </msg>
<msg time="2024-06-15T19:12:26.439163" level="INFO">GET Response : url=https://randomuser.me/api 
 status=200, reason=OK 
 headers={'Date': 'Sat, 15 Jun 2024 19:12:26 GMT', 'Content-Type': 'application/json; charset=utf-8', 'Transfer-Encoding': 'chunked', 'Connection': 'keep-alive', 'X-Powered-By': 'Express', 'Access-Control-Allow-Origin': '*', 'Cache-Control': 'no-cache', 'ETag': 'W/"473-Senn1INQ5WCFhAAvC2EkWNRd6/s"', 'Vary': 'Accept-Encoding', 'Content-Encoding': 'gzip', 'CF-Cache-Status': 'DYNAMIC', 'Report-To': '{"endpoints":[{"url":"https:\\/\\/a.nel.cloudflare.com\\/report\\/v4?s=KLzfndfVnvVfzwgmZsuCnaNoeamty7zRcnEfhsNGE83ie%2F2gX%2BPqjTP4ByMBt3P471mur4l8XQWbwLNiBfft3%2BJ3d9sGhVAmVyLdBdxSJoGVEuz%2BYwOqT6YrmbCE7kW5"}],"group":"cf-nel","max_age":604800}', 'NEL': '{"success_fraction":0,"report_to":"cf-nel","max_age":604800}', 'Server': 'cloudflare', 'CF-RAY': '8944df250f9c49f1-ORD', 'alt-svc': 'h3=":443"; ma=86400'} 
 body={"results":[{"gender":"male","name":{"title":"Mr","first":"Marcus","last":"Pedersen"},"location":{"street":{"number":2641,"name":"Diget"},"city":"Aaborg Øst","state":"Syddanmark","country":"Denmark","postcode":54970,"coordinates":{"latitude":"-39.9511","longitude":"-4.1333"},"timezone":{"offset":"-11:00","description":"Midway Island, Samoa"}},"email":"marcus.pedersen@example.com","login":{"uuid":"8b0410d7-727f-432d-bdb2-3623474d39ff","username":"sadcat291","password":"submit","salt":"DjC0lj28","md5":"aae543b9f657382ef33a9cf0e05b5504","sha1":"7b35dce1b5af250dceae121d8d557c675e87c1c0","sha256":"111ef762a3bc88b88fab3ab6c5c53d82fcdf075723a3f0927a2476e1f057edce"},"dob":{"date":"1966-11-30T14:30:59.603Z","age":57},"registered":{"date":"2005-05-18T06:13:27.200Z","age":19},"phone":"34282699","cell":"25799608","id":{"name":"CPR","value":"301166-8241"},"picture":{"large":"https://randomuser.me/api/portraits/men/24.jpg","medium":"https://randomuser.me/api/portraits/med/men/24.jpg","thumbnail":"https://randomuser.me/api/portraits/thumb/men/24.jpg"},"nat":"DK"}],"info":{"seed":"37c2fb9cf8b27d73","results":1,"page":1,"version":"1.4"}} 
 </msg>
<msg time="2024-06-15T19:12:26.439245" level="INFO">/opt/hostedtoolcache/Python/3.12.3/x64/lib/python3.12/site-packages/urllib3/connectionpool.py:1103: InsecureRequestWarning: Unverified HTTPS request is being made to host 'randomuser.me'. Adding certificate verification is strongly advised. See: https://urllib3.readthedocs.io/en/latest/advanced-usage.html#tls-warnings
  warnings.warn(</msg>
<msg time="2024-06-15T19:12:26.439404" level="INFO">${response} = &lt;Response [200]&gt;</msg>
<var>${response}</var>
<arg>consultarAPI</arg>
<arg>/api</arg>
<doc>Sends a GET request on a previously created HTTP Session.</doc>
<status status="PASS" start="2024-06-15T19:12:26.364010" elapsed="0.075436"/>
</kw>
<kw name="Should Be Equal As Numbers" owner="BuiltIn">
<msg time="2024-06-15T19:12:26.440421" level="INFO">Argument types are:
&lt;class 'int'&gt;
&lt;class 'str'&gt;</msg>
<arg>${response.status_code}</arg>
<arg>200</arg>
<doc>Fails if objects are unequal after converting them to real numbers.</doc>
<status status="PASS" start="2024-06-15T19:12:26.439962" elapsed="0.000523"/>
</kw>
<kw name="Log" owner="BuiltIn">
<msg time="2024-06-15T19:12:26.441186" level="INFO">200</msg>
<arg>${response.status_code}</arg>
<doc>Logs the given message with the given level.</doc>
<status status="PASS" start="2024-06-15T19:12:26.440838" elapsed="0.000397"/>
</kw>
<kw name="Set Variable" owner="BuiltIn">
<msg time="2024-06-15T19:12:26.441976" level="INFO">${json_data} = {'results': [{'gender': 'male', 'name': {'title': 'Mr', 'first': 'Marcus', 'last': 'Pedersen'}, 'location': {'street': {'number': 2641, 'name': 'Diget'}, 'city': 'Aaborg Øst', 'state': 'Syddanmark', '...</msg>
<var>${json_data}</var>
<arg>${response.json()}</arg>
<doc>Returns the given values which can then be assigned to a variables.</doc>
<status status="PASS" start="2024-06-15T19:12:26.441541" elapsed="0.000466"/>
</kw>
<kw name="Dictionary Should Contain Key" owner="Collections">
<arg>${json_data}</arg>
<arg>results</arg>
<doc>Fails if ``key`` is not found from ``dictionary``.</doc>
<status status="PASS" start="2024-06-15T19:12:26.442306" elapsed="0.000170"/>
</kw>
<status status="PASS" start="2024-06-15T19:12:26.363772" elapsed="0.078904"/>
</kw>
<doc>Testa se a API responde corretamente e retorna um objeto JSON válido.</doc>
<tag>testeRequisicaoBasica</tag>
<status status="PASS" start="2024-06-15T19:12:26.363307" elapsed="0.079550"/>
</test>
<test id="s1-s1-t3" name="Validar estrutura de resposta" line="22">
<kw name="Teste de Estrutura de Resposta" owner="random-user-service">
<kw name="GET On Session" owner="RequestsLibrary">
<msg time="2024-06-15T19:12:26.539949" level="INFO">GET Request : url=https://randomuser.me/api 
 path_url=/api 
 headers={'User-Agent': 'python-requests/2.32.3', 'Accept-Encoding': 'gzip, deflate', 'Accept': '*/*', 'Connection': 'keep-alive'} 
 body=None 
 </msg>
<msg time="2024-06-15T19:12:26.540075" level="INFO">GET Response : url=https://randomuser.me/api 
 status=200, reason=OK 
 headers={'Date': 'Sat, 15 Jun 2024 19:12:26 GMT', 'Content-Type': 'application/json; charset=utf-8', 'Transfer-Encoding': 'chunked', 'Connection': 'keep-alive', 'X-Powered-By': 'Express', 'Access-Control-Allow-Origin': '*', 'Cache-Control': 'no-cache', 'ETag': 'W/"498-nDe639T5ksZ/HBaEqTq9XKJr2s0"', 'Vary': 'Accept-Encoding', 'Content-Encoding': 'gzip', 'CF-Cache-Status': 'DYNAMIC', 'Report-To': '{"endpoints":[{"url":"https:\\/\\/a.nel.cloudflare.com\\/report\\/v4?s=HCpkiAEa8cKKbyyCs4uozIJlL4G%2FQ6ok1R2XLU%2BJ8%2FNm097Asa6Fy9xJLfmqwWLJ%2BrQFmYq7QJz2TNrIh8GiYXdfakABOcVmhjftomJddZlaFKA5KyUh4TQEmpwzVUi2"}],"group":"cf-nel","max_age":604800}', 'NEL': '{"success_fraction":0,"report_to":"cf-nel","max_age":604800}', 'Server': 'cloudflare', 'CF-RAY': '8944df254fd349f1-ORD', 'alt-svc': 'h3=":443"; ma=86400'} 
 body={"results":[{"gender":"female","name":{"title":"Miss","first":"Verónica","last":"Gómez"},"location":{"street":{"number":7779,"name":"Calle Mota"},"city":"Mérida","state":"Aragón","country":"Spain","postcode":58727,"coordinates":{"latitude":"-33.8895","longitude":"118.0175"},"timezone":{"offset":"-4:00","description":"Atlantic Time (Canada), Caracas, La Paz"}},"email":"veronica.gomez@example.com","login":{"uuid":"f504cd81-8489-4e39-81c1-ef617de13cf7","username":"beautifultiger958","password":"rolex","salt":"rGM4oMFe","md5":"14163e540b5a3734b018a861c36652af","sha1":"6f02573b0746f2083f5c0e8f4a9d39925a90aaab","sha256":"6b4b6e4ee594ccb460b4a47d5e1d7cb0ed9943814f67f7704f321e81c7d49d22"},"dob":{"date":"1967-01-25T18:25:27.269Z","age":57},"registered":{"date":"2004-04-15T00:49:24.081Z","age":20},"phone":"989-027-949","cell":"601-749-181","id":{"name":"DNI","value":"00592170-Z"},"picture":{"large":"https://randomuser.me/api/portraits/women/47.jpg","medium":"https://randomuser.me/api/portraits/med/women/47.jpg","thumbnail":"https://randomuser.me/api/portraits/thumb/women/47.jpg"},"nat":"ES"}],"info":{"seed":"1407fa348f3267ed","results":1,"page":1,"version":"1.4"}} 
 </msg>
<msg time="2024-06-15T19:12:26.540249" level="INFO">/opt/hostedtoolcache/Python/3.12.3/x64/lib/python3.12/site-packages/urllib3/connectionpool.py:1103: InsecureRequestWarning: Unverified HTTPS request is being made to host 'randomuser.me'. Adding certificate verification is strongly advised. See: https://urllib3.readthedocs.io/en/latest/advanced-usage.html#tls-warnings
  warnings.warn(</msg>
<msg time="2024-06-15T19:12:26.540403" level="INFO">${response} = &lt;Response [200]&gt;</msg>
<var>${response}</var>
<arg>consultarAPI</arg>
<arg>/api</arg>
<doc>Sends a GET request on a previously created HTTP Session.</doc>
<status status="PASS" start="2024-06-15T19:12:26.446644" elapsed="0.093802"/>
</kw>
<kw name="Set Variable" owner="BuiltIn">
<msg time="2024-06-15T19:12:26.541508" level="INFO">${json_data} = {'results': [{'gender': 'female', 'name': {'title': 'Miss', 'first': 'Verónica', 'last': 'Gómez'}, 'location': {'street': {'number': 7779, 'name': 'Calle Mota'}, 'city': 'Mérida', 'state': 'Aragón', '...</msg>
<var>${json_data}</var>
<arg>${response.json()}</arg>
<doc>Returns the given values which can then be assigned to a variables.</doc>
<status status="PASS" start="2024-06-15T19:12:26.540963" elapsed="0.000576"/>
</kw>
<kw name="Log" owner="BuiltIn">
<msg time="2024-06-15T19:12:26.542033" level="INFO">{'results': [{'gender': 'female', 'name': {'title': 'Miss', 'first': 'Verónica', 'last': 'Gómez'}, 'location': {'street': {'number': 7779, 'name': 'Calle Mota'}, 'city': 'Mérida', 'state': 'Aragón', 'country': 'Spain', 'postcode': 58727, 'coordinates': {'latitude': '-33.8895', 'longitude': '118.0175'}, 'timezone': {'offset': '-4:00', 'description': 'Atlantic Time (Canada), Caracas, La Paz'}}, 'email': 'veronica.gomez@example.com', 'login': {'uuid': 'f504cd81-8489-4e39-81c1-ef617de13cf7', 'username': 'beautifultiger958', 'password': 'rolex', 'salt': 'rGM4oMFe', 'md5': '14163e540b5a3734b018a861c36652af', 'sha1': '6f02573b0746f2083f5c0e8f4a9d39925a90aaab', 'sha256': '6b4b6e4ee594ccb460b4a47d5e1d7cb0ed9943814f67f7704f321e81c7d49d22'}, 'dob': {'date': '1967-01-25T18:25:27.269Z', 'age': 57}, 'registered': {'date': '2004-04-15T00:49:24.081Z', 'age': 20}, 'phone': '989-027-949', 'cell': '601-749-181', 'id': {'name': 'DNI', 'value': '00592170-Z'}, 'picture': {'large': 'https://randomuser.me/api/portraits/women/47.jpg', 'medium': 'https://randomuser.me/api/portraits/med/women/47.jpg', 'thumbnail': 'https://randomuser.me/api/portraits/thumb/women/47.jpg'}, 'nat': 'ES'}], 'info': {'seed': '1407fa348f3267ed', 'results': 1, 'page': 1, 'version': '1.4'}}</msg>
<arg>${json_data}</arg>
<doc>Logs the given message with the given level.</doc>
<status status="PASS" start="2024-06-15T19:12:26.541855" elapsed="0.000232"/>
</kw>
<kw name="Dictionary Should Contain Key" owner="Collections">
<arg>${json_data}</arg>
<arg>results</arg>
<doc>Fails if ``key`` is not found from ``dictionary``.</doc>
<status status="PASS" start="2024-06-15T19:12:26.542390" elapsed="0.000206"/>
</kw>
<kw name="Should Not Be Empty" owner="BuiltIn">
<msg time="2024-06-15T19:12:26.542925" level="INFO">Length is 2.</msg>
<arg>${json_data}</arg>
<doc>Verifies that the given item is not empty.</doc>
<status status="PASS" start="2024-06-15T19:12:26.542796" elapsed="0.000169"/>
</kw>
<kw name="Create List" owner="BuiltIn">
<msg time="2024-06-15T19:12:26.543412" level="INFO">${expected_keys} = ['gender', 'name', 'location', 'email', 'login']</msg>
<var>${expected_keys}</var>
<arg>gender</arg>
<arg>name</arg>
<arg>location</arg>
<arg>email</arg>
<arg>login</arg>
<doc>Returns a list containing given items.</doc>
<status status="PASS" start="2024-06-15T19:12:26.543261" elapsed="0.000175"/>
</kw>
<for flavor="IN">
<iter>
<kw name="Dictionary Should Contain Key" owner="Collections">
<arg>${json_data['results'][0]}</arg>
<arg>${key}</arg>
<doc>Fails if ``key`` is not found from ``dictionary``.</doc>
<status status="PASS" start="2024-06-15T19:12:26.544028" elapsed="0.000407"/>
</kw>
<kw name="Log" owner="BuiltIn">
<msg time="2024-06-15T19:12:26.545003" level="INFO">{'gender': 'female', 'name': {'title': 'Miss', 'first': 'Verónica', 'last': 'Gómez'}, 'location': {'street': {'number': 7779, 'name': 'Calle Mota'}, 'city': 'Mérida', 'state': 'Aragón', 'country': 'Spain', 'postcode': 58727, 'coordinates': {'latitude': '-33.8895', 'longitude': '118.0175'}, 'timezone': {'offset': '-4:00', 'description': 'Atlantic Time (Canada), Caracas, La Paz'}}, 'email': 'veronica.gomez@example.com', 'login': {'uuid': 'f504cd81-8489-4e39-81c1-ef617de13cf7', 'username': 'beautifultiger958', 'password': 'rolex', 'salt': 'rGM4oMFe', 'md5': '14163e540b5a3734b018a861c36652af', 'sha1': '6f02573b0746f2083f5c0e8f4a9d39925a90aaab', 'sha256': '6b4b6e4ee594ccb460b4a47d5e1d7cb0ed9943814f67f7704f321e81c7d49d22'}, 'dob': {'date': '1967-01-25T18:25:27.269Z', 'age': 57}, 'registered': {'date': '2004-04-15T00:49:24.081Z', 'age': 20}, 'phone': '989-027-949', 'cell': '601-749-181', 'id': {'name': 'DNI', 'value': '00592170-Z'}, 'picture': {'large': 'https://randomuser.me/api/portraits/women/47.jpg', 'medium': 'https://randomuser.me/api/portraits/med/women/47.jpg', 'thumbnail': 'https://randomuser.me/api/portraits/thumb/women/47.jpg'}, 'nat': 'ES'}</msg>
<arg>${json_data['results'][0]}</arg>
<doc>Logs the given message with the given level.</doc>
<status status="PASS" start="2024-06-15T19:12:26.544631" elapsed="0.000424"/>
</kw>
<kw name="Log" owner="BuiltIn">
<msg time="2024-06-15T19:12:26.545487" level="INFO">gender</msg>
<arg>${key}</arg>
<doc>Logs the given message with the given level.</doc>
<status status="PASS" start="2024-06-15T19:12:26.545357" elapsed="0.000169"/>
</kw>
<var name="${key}">gender</var>
<status status="PASS" start="2024-06-15T19:12:26.543895" elapsed="0.001859"/>
</iter>
<iter>
<kw name="Dictionary Should Contain Key" owner="Collections">
<arg>${json_data['results'][0]}</arg>
<arg>${key}</arg>
<doc>Fails if ``key`` is not found from ``dictionary``.</doc>
<status status="PASS" start="2024-06-15T19:12:26.546063" elapsed="0.000392"/>
</kw>
<kw name="Log" owner="BuiltIn">
<msg time="2024-06-15T19:12:26.547046" level="INFO">{'gender': 'female', 'name': {'title': 'Miss', 'first': 'Verónica', 'last': 'Gómez'}, 'location': {'street': {'number': 7779, 'name': 'Calle Mota'}, 'city': 'Mérida', 'state': 'Aragón', 'country': 'Spain', 'postcode': 58727, 'coordinates': {'latitude': '-33.8895', 'longitude': '118.0175'}, 'timezone': {'offset': '-4:00', 'description': 'Atlantic Time (Canada), Caracas, La Paz'}}, 'email': 'veronica.gomez@example.com', 'login': {'uuid': 'f504cd81-8489-4e39-81c1-ef617de13cf7', 'username': 'beautifultiger958', 'password': 'rolex', 'salt': 'rGM4oMFe', 'md5': '14163e540b5a3734b018a861c36652af', 'sha1': '6f02573b0746f2083f5c0e8f4a9d39925a90aaab', 'sha256': '6b4b6e4ee594ccb460b4a47d5e1d7cb0ed9943814f67f7704f321e81c7d49d22'}, 'dob': {'date': '1967-01-25T18:25:27.269Z', 'age': 57}, 'registered': {'date': '2004-04-15T00:49:24.081Z', 'age': 20}, 'phone': '989-027-949', 'cell': '601-749-181', 'id': {'name': 'DNI', 'value': '00592170-Z'}, 'picture': {'large': 'https://randomuser.me/api/portraits/women/47.jpg', 'medium': 'https://randomuser.me/api/portraits/med/women/47.jpg', 'thumbnail': 'https://randomuser.me/api/portraits/thumb/women/47.jpg'}, 'nat': 'ES'}</msg>
<arg>${json_data['results'][0]}</arg>
<doc>Logs the given message with the given level.</doc>
<status status="PASS" start="2024-06-15T19:12:26.546680" elapsed="0.000450"/>
</kw>
<kw name="Log" owner="BuiltIn">
<msg time="2024-06-15T19:12:26.547572" level="INFO">name</msg>
<arg>${key}</arg>
<doc>Logs the given message with the given level.</doc>
<status status="PASS" start="2024-06-15T19:12:26.547439" elapsed="0.000173"/>
</kw>
<var name="${key}">name</var>
<status status="PASS" start="2024-06-15T19:12:26.545949" elapsed="0.001884"/>
</iter>
<iter>
<kw name="Dictionary Should Contain Key" owner="Collections">
<arg>${json_data['results'][0]}</arg>
<arg>${key}</arg>
<doc>Fails if ``key`` is not found from ``dictionary``.</doc>
<status status="PASS" start="2024-06-15T19:12:26.548130" elapsed="0.000382"/>
</kw>
<kw name="Log" owner="BuiltIn">
<msg time="2024-06-15T19:12:26.549063" level="INFO">{'gender': 'female', 'name': {'title': 'Miss', 'first': 'Verónica', 'last': 'Gómez'}, 'location': {'street': {'number': 7779, 'name': 'Calle Mota'}, 'city': 'Mérida', 'state': 'Aragón', 'country': 'Spain', 'postcode': 58727, 'coordinates': {'latitude': '-33.8895', 'longitude': '118.0175'}, 'timezone': {'offset': '-4:00', 'description': 'Atlantic Time (Canada), Caracas, La Paz'}}, 'email': 'veronica.gomez@example.com', 'login': {'uuid': 'f504cd81-8489-4e39-81c1-ef617de13cf7', 'username': 'beautifultiger958', 'password': 'rolex', 'salt': 'rGM4oMFe', 'md5': '14163e540b5a3734b018a861c36652af', 'sha1': '6f02573b0746f2083f5c0e8f4a9d39925a90aaab', 'sha256': '6b4b6e4ee594ccb460b4a47d5e1d7cb0ed9943814f67f7704f321e81c7d49d22'}, 'dob': {'date': '1967-01-25T18:25:27.269Z', 'age': 57}, 'registered': {'date': '2004-04-15T00:49:24.081Z', 'age': 20}, 'phone': '989-027-949', 'cell': '601-749-181', 'id': {'name': 'DNI', 'value': '00592170-Z'}, 'picture': {'large': 'https://randomuser.me/api/portraits/women/47.jpg', 'medium': 'https://randomuser.me/api/portraits/med/women/47.jpg', 'thumbnail': 'https://randomuser.me/api/portraits/thumb/women/47.jpg'}, 'nat': 'ES'}</msg>
<arg>${json_data['results'][0]}</arg>
<doc>Logs the given message with the given level.</doc>
<status status="PASS" start="2024-06-15T19:12:26.548711" elapsed="0.000412"/>
</kw>
<kw name="Log" owner="BuiltIn">
<msg time="2024-06-15T19:12:26.549548" level="INFO">location</msg>
<arg>${key}</arg>
<doc>Logs the given message with the given level.</doc>
<status status="PASS" start="2024-06-15T19:12:26.549420" elapsed="0.000167"/>
</kw>
<var name="${key}">location</var>
<status status="PASS" start="2024-06-15T19:12:26.548018" elapsed="0.001798"/>
</iter>
<iter>
<kw name="Dictionary Should Contain Key" owner="Collections">
<arg>${json_data['results'][0]}</arg>
<arg>${key}</arg>
<doc>Fails if ``key`` is not found from ``dictionary``.</doc>
<status status="PASS" start="2024-06-15T19:12:26.550099" elapsed="0.000384"/>
</kw>
<kw name="Log" owner="BuiltIn">
<msg time="2024-06-15T19:12:26.551077" level="INFO">{'gender': 'female', 'name': {'title': 'Miss', 'first': 'Verónica', 'last': 'Gómez'}, 'location': {'street': {'number': 7779, 'name': 'Calle Mota'}, 'city': 'Mérida', 'state': 'Aragón', 'country': 'Spain', 'postcode': 58727, 'coordinates': {'latitude': '-33.8895', 'longitude': '118.0175'}, 'timezone': {'offset': '-4:00', 'description': 'Atlantic Time (Canada), Caracas, La Paz'}}, 'email': 'veronica.gomez@example.com', 'login': {'uuid': 'f504cd81-8489-4e39-81c1-ef617de13cf7', 'username': 'beautifultiger958', 'password': 'rolex', 'salt': 'rGM4oMFe', 'md5': '14163e540b5a3734b018a861c36652af', 'sha1': '6f02573b0746f2083f5c0e8f4a9d39925a90aaab', 'sha256': '6b4b6e4ee594ccb460b4a47d5e1d7cb0ed9943814f67f7704f321e81c7d49d22'}, 'dob': {'date': '1967-01-25T18:25:27.269Z', 'age': 57}, 'registered': {'date': '2004-04-15T00:49:24.081Z', 'age': 20}, 'phone': '989-027-949', 'cell': '601-749-181', 'id': {'name': 'DNI', 'value': '00592170-Z'}, 'picture': {'large': 'https://randomuser.me/api/portraits/women/47.jpg', 'medium': 'https://randomuser.me/api/portraits/med/women/47.jpg', 'thumbnail': 'https://randomuser.me/api/portraits/thumb/women/47.jpg'}, 'nat': 'ES'}</msg>
<arg>${json_data['results'][0]}</arg>
<doc>Logs the given message with the given level.</doc>
<status status="PASS" start="2024-06-15T19:12:26.550711" elapsed="0.000425"/>
</kw>
<kw name="Log" owner="BuiltIn">
<msg time="2024-06-15T19:12:26.551572" level="INFO">email</msg>
<arg>${key}</arg>
<doc>Logs the given message with the given level.</doc>
<status status="PASS" start="2024-06-15T19:12:26.551445" elapsed="0.000166"/>
</kw>
<var name="${key}">email</var>
<status status="PASS" start="2024-06-15T19:12:26.549991" elapsed="0.001835"/>
</iter>
<iter>
<kw name="Dictionary Should Contain Key" owner="Collections">
<arg>${json_data['results'][0]}</arg>
<arg>${key}</arg>
<doc>Fails if ``key`` is not found from ``dictionary``.</doc>
<status status="PASS" start="2024-06-15T19:12:26.552113" elapsed="0.000378"/>
</kw>
<kw name="Log" owner="BuiltIn">
<msg time="2024-06-15T19:12:26.553048" level="INFO">{'gender': 'female', 'name': {'title': 'Miss', 'first': 'Verónica', 'last': 'Gómez'}, 'location': {'street': {'number': 7779, 'name': 'Calle Mota'}, 'city': 'Mérida', 'state': 'Aragón', 'country': 'Spain', 'postcode': 58727, 'coordinates': {'latitude': '-33.8895', 'longitude': '118.0175'}, 'timezone': {'offset': '-4:00', 'description': 'Atlantic Time (Canada), Caracas, La Paz'}}, 'email': 'veronica.gomez@example.com', 'login': {'uuid': 'f504cd81-8489-4e39-81c1-ef617de13cf7', 'username': 'beautifultiger958', 'password': 'rolex', 'salt': 'rGM4oMFe', 'md5': '14163e540b5a3734b018a861c36652af', 'sha1': '6f02573b0746f2083f5c0e8f4a9d39925a90aaab', 'sha256': '6b4b6e4ee594ccb460b4a47d5e1d7cb0ed9943814f67f7704f321e81c7d49d22'}, 'dob': {'date': '1967-01-25T18:25:27.269Z', 'age': 57}, 'registered': {'date': '2004-04-15T00:49:24.081Z', 'age': 20}, 'phone': '989-027-949', 'cell': '601-749-181', 'id': {'name': 'DNI', 'value': '00592170-Z'}, 'picture': {'large': 'https://randomuser.me/api/portraits/women/47.jpg', 'medium': 'https://randomuser.me/api/portraits/med/women/47.jpg', 'thumbnail': 'https://randomuser.me/api/portraits/thumb/women/47.jpg'}, 'nat': 'ES'}</msg>
<arg>${json_data['results'][0]}</arg>
<doc>Logs the given message with the given level.</doc>
<status status="PASS" start="2024-06-15T19:12:26.552690" elapsed="0.000408"/>
</kw>
<kw name="Log" owner="BuiltIn">
<msg time="2024-06-15T19:12:26.553633" level="INFO">login</msg>
<arg>${key}</arg>
<doc>Logs the given message with the given level.</doc>
<status status="PASS" start="2024-06-15T19:12:26.553394" elapsed="0.000278"/>
</kw>
<var name="${key}">login</var>
<status status="PASS" start="2024-06-15T19:12:26.552004" elapsed="0.001888"/>
</iter>
<var>${key}</var>
<value>@{expected_keys}</value>
<status status="PASS" start="2024-06-15T19:12:26.543698" elapsed="0.010317"/>
</for>
<kw name="Create List" owner="BuiltIn">
<msg time="2024-06-15T19:12:26.554342" level="INFO">${expected_keysTwo} = ['username', 'password']</msg>
<var>${expected_keysTwo}</var>
<arg>username</arg>
<arg>password</arg>
<doc>Returns a list containing given items.</doc>
<status status="PASS" start="2024-06-15T19:12:26.554207" elapsed="0.000188"/>
</kw>
<for flavor="IN">
<iter>
<kw name="Dictionary Should Contain Key" owner="Collections">
<arg>${json_data['results'][0]['login']}</arg>
<arg>${keyTwo}</arg>
<doc>Fails if ``key`` is not found from ``dictionary``.</doc>
<status status="PASS" start="2024-06-15T19:12:26.554929" elapsed="0.000383"/>
</kw>
<kw name="Dictionary Should Contain Key" owner="Collections">
<arg>${json_data['results'][0]['login']}</arg>
<arg>${keyTwo}</arg>
<doc>Fails if ``key`` is not found from ``dictionary``.</doc>
<status status="PASS" start="2024-06-15T19:12:26.555496" elapsed="0.000384"/>
</kw>
<kw name="Log" owner="BuiltIn">
<msg time="2024-06-15T19:12:26.556179" level="INFO">username</msg>
<arg>${keyTwo}</arg>
<doc>Logs the given message with the given level.</doc>
<status status="PASS" start="2024-06-15T19:12:26.556059" elapsed="0.000157"/>
</kw>
<var name="${keyTwo}">username</var>
<status status="PASS" start="2024-06-15T19:12:26.554822" elapsed="0.001614"/>
</iter>
<iter>
<kw name="Dictionary Should Contain Key" owner="Collections">
<arg>${json_data['results'][0]['login']}</arg>
<arg>${keyTwo}</arg>
<doc>Fails if ``key`` is not found from ``dictionary``.</doc>
<status status="PASS" start="2024-06-15T19:12:26.556733" elapsed="0.000374"/>
</kw>
<kw name="Dictionary Should Contain Key" owner="Collections">
<arg>${json_data['results'][0]['login']}</arg>
<arg>${keyTwo}</arg>
<doc>Fails if ``key`` is not found from ``dictionary``.</doc>
<status status="PASS" start="2024-06-15T19:12:26.557286" elapsed="0.000366"/>
</kw>
<kw name="Log" owner="BuiltIn">
<msg time="2024-06-15T19:12:26.557952" level="INFO">password</msg>
<arg>${keyTwo}</arg>
<doc>Logs the given message with the given level.</doc>
<status status="PASS" start="2024-06-15T19:12:26.557833" elapsed="0.000157"/>
</kw>
<var name="${keyTwo}">password</var>
<status status="PASS" start="2024-06-15T19:12:26.556615" elapsed="0.001595"/>
</iter>
<var>${keyTwo}</var>
<value>@{expected_keysTwo}</value>
<status status="PASS" start="2024-06-15T19:12:26.554664" elapsed="0.003674"/>
</for>
<status status="PASS" start="2024-06-15T19:12:26.446282" elapsed="0.112199"/>
</kw>
<doc>Testa a estrutura da resposta da API.</doc>
<tag>testeEstruturaResposta</tag>
<status status="PASS" start="2024-06-15T19:12:26.445311" elapsed="0.113379"/>
</test>
<test id="s1-s1-t4" name="Validar tipos de dados" line="28">
<kw name="Teste de Tipos de Dados" owner="random-user-service">
<kw name="GET On Session" owner="RequestsLibrary">
<msg time="2024-06-15T19:12:26.649207" level="INFO">GET Request : url=https://randomuser.me/api 
 path_url=/api 
 headers={'User-Agent': 'python-requests/2.32.3', 'Accept-Encoding': 'gzip, deflate', 'Accept': '*/*', 'Connection': 'keep-alive'} 
 body=None 
 </msg>
<msg time="2024-06-15T19:12:26.649299" level="INFO">GET Response : url=https://randomuser.me/api 
 status=200, reason=OK 
 headers={'Date': 'Sat, 15 Jun 2024 19:12:26 GMT', 'Content-Type': 'application/json; charset=utf-8', 'Transfer-Encoding': 'chunked', 'Connection': 'keep-alive', 'X-Powered-By': 'Express', 'Access-Control-Allow-Origin': '*', 'Cache-Control': 'no-cache', 'ETag': 'W/"48c-jG/u6hJVKNj1kGrIFYvCI7wOKhs"', 'Vary': 'Accept-Encoding', 'Content-Encoding': 'gzip', 'CF-Cache-Status': 'DYNAMIC', 'Report-To': '{"endpoints":[{"url":"https:\\/\\/a.nel.cloudflare.com\\/report\\/v4?s=gYf4IksEkUcVBDIuDhdIvlvSiMLIZpC%2FmeZsbu5kqViCFUnuXPCQsmRzxSAV%2BpBwh2JjybhJY4gT%2FHkTrpOekSDiejWfo5yqSqesEv5BJgMMqDZD1KZKdGXe1MbzpC6c"}],"group":"cf-nel","max_age":604800}', 'NEL': '{"success_fraction":0,"report_to":"cf-nel","max_age":604800}', 'Server': 'cloudflare', 'CF-RAY': '8944df26086b49f1-ORD', 'alt-svc': 'h3=":443"; ma=86400'} 
 body={"results":[{"gender":"male","name":{"title":"Mr","first":"Parv","last":"Padmanabha"},"location":{"street":{"number":3897,"name":"Bhootnath Rd"},"city":"Kulti","state":"Punjab","country":"India","postcode":19750,"coordinates":{"latitude":"5.3924","longitude":"-18.1900"},"timezone":{"offset":"+5:00","description":"Ekaterinburg, Islamabad, Karachi, Tashkent"}},"email":"parv.padmanabha@example.com","login":{"uuid":"baa618c1-82c9-4550-893b-261e5616834f","username":"bluepanda219","password":"mooses","salt":"FjWKwtcY","md5":"fc22e9c351e3a77a17d38e1c7519321f","sha1":"b41ff5793c1da8691816ccd98d19281964240c3d","sha256":"dd63c14ce33b5cd28dc5a2cb7bfe6fd03dbb2256d477ba352c358689bf146acf"},"dob":{"date":"1968-04-08T17:46:54.059Z","age":56},"registered":{"date":"2003-10-24T05:01:31.224Z","age":20},"phone":"8314523987","cell":"9379471627","id":{"name":"UIDAI","value":"357191450596"},"picture":{"large":"https://randomuser.me/api/portraits/men/87.jpg","medium":"https://randomuser.me/api/portraits/med/men/87.jpg","thumbnail":"https://randomuser.me/api/portraits/thumb/men/87.jpg"},"nat":"IN"}],"info":{"seed":"8d88f20441df232e","results":1,"page":1,"version":"1.4"}} 
 </msg>
<msg time="2024-06-15T19:12:26.649374" level="INFO">/opt/hostedtoolcache/Python/3.12.3/x64/lib/python3.12/site-packages/urllib3/connectionpool.py:1103: InsecureRequestWarning: Unverified HTTPS request is being made to host 'randomuser.me'. Adding certificate verification is strongly advised. See: https://urllib3.readthedocs.io/en/latest/advanced-usage.html#tls-warnings
  warnings.warn(</msg>
<msg time="2024-06-15T19:12:26.649512" level="INFO">${response} = &lt;Response [200]&gt;</msg>
<var>${response}</var>
<arg>consultarAPI</arg>
<arg>/api</arg>
<doc>Sends a GET request on a previously created HTTP Session.</doc>
<status status="PASS" start="2024-06-15T19:12:26.561138" elapsed="0.088419"/>
</kw>
<kw name="Set Variable" owner="BuiltIn">
<msg time="2024-06-15T19:12:26.650497" level="INFO">${json_data} = {'results': [{'gender': 'male', 'name': {'title': 'Mr', 'first': 'Parv', 'last': 'Padmanabha'}, 'location': {'street': {'number': 3897, 'name': 'Bhootnath Rd'}, 'city': 'Kulti', 'state': 'Punjab', 'co...</msg>
<var>${json_data}</var>
<arg>${response.json()}</arg>
<doc>Returns the given values which can then be assigned to a variables.</doc>
<status status="PASS" start="2024-06-15T19:12:26.650013" elapsed="0.000566"/>
</kw>
<kw name="Log" owner="BuiltIn">
<msg time="2024-06-15T19:12:26.651050" level="INFO">{'results': [{'gender': 'male', 'name': {'title': 'Mr', 'first': 'Parv', 'last': 'Padmanabha'}, 'location': {'street': {'number': 3897, 'name': 'Bhootnath Rd'}, 'city': 'Kulti', 'state': 'Punjab', 'country': 'India', 'postcode': 19750, 'coordinates': {'latitude': '5.3924', 'longitude': '-18.1900'}, 'timezone': {'offset': '+5:00', 'description': 'Ekaterinburg, Islamabad, Karachi, Tashkent'}}, 'email': 'parv.padmanabha@example.com', 'login': {'uuid': 'baa618c1-82c9-4550-893b-261e5616834f', 'username': 'bluepanda219', 'password': 'mooses', 'salt': 'FjWKwtcY', 'md5': 'fc22e9c351e3a77a17d38e1c7519321f', 'sha1': 'b41ff5793c1da8691816ccd98d19281964240c3d', 'sha256': 'dd63c14ce33b5cd28dc5a2cb7bfe6fd03dbb2256d477ba352c358689bf146acf'}, 'dob': {'date': '1968-04-08T17:46:54.059Z', 'age': 56}, 'registered': {'date': '2003-10-24T05:01:31.224Z', 'age': 20}, 'phone': '8314523987', 'cell': '9379471627', 'id': {'name': 'UIDAI', 'value': '357191450596'}, 'picture': {'large': 'https://randomuser.me/api/portraits/men/87.jpg', 'medium': 'https://randomuser.me/api/portraits/med/men/87.jpg', 'thumbnail': 'https://randomuser.me/api/portraits/thumb/men/87.jpg'}, 'nat': 'IN'}], 'info': {'seed': '8d88f20441df232e', 'results': 1, 'page': 1, 'version': '1.4'}}</msg>
<arg>${json_data}</arg>
<doc>Logs the given message with the given level.</doc>
<status status="PASS" start="2024-06-15T19:12:26.650899" elapsed="0.000198"/>
</kw>
<kw name="Should Be String" owner="String">
<arg>${json_data['results'][0]['gender']}</arg>
<doc>Fails if the given ``item`` is not a string.</doc>
<status status="PASS" start="2024-06-15T19:12:26.651387" elapsed="0.000362"/>
</kw>
<kw name="Should Match Regexp" owner="BuiltIn">
<arg>${json_data['results'][0]['email']}</arg>
<arg>^[a-zA-Z0-9._%+-]+@[a-zA-Z0-9.-]+\.[a-zA-Z]{2,}$</arg>
<doc>Fails if ``string`` does not match ``pattern`` as a regular expression.</doc>
<status status="PASS" start="2024-06-15T19:12:26.651944" elapsed="0.000518"/>
</kw>
<kw name="Should Match Regexp" owner="BuiltIn">
<arg>${json_data['results'][0]['dob']['date']}</arg>
<arg>\\d{4}-\\d{2}-\\d{2}T\\d{2}:\\d{2}:\\d{2}\\.\\d{3}Z</arg>
<doc>Fails if ``string`` does not match ``pattern`` as a regular expression.</doc>
<status status="PASS" start="2024-06-15T19:12:26.652705" elapsed="0.000497"/>
</kw>
<kw name="Should Match Regexp" owner="BuiltIn">
<arg>${json_data['results'][0]['registered']['date']}</arg>
<arg>\\d{4}-\\d{2}-\\d{2}T\\d{2}:\\d{2}:\\d{2}\\.\\d{3}Z</arg>
<doc>Fails if ``string`` does not match ``pattern`` as a regular expression.</doc>
<status status="PASS" start="2024-06-15T19:12:26.653397" elapsed="0.000372"/>
</kw>
<kw name="Should Match Regexp" owner="BuiltIn">
<arg>${json_data['results'][0]['picture']['large']}</arg>
<arg>^https?://.*\.(?:png|jpe?g|gif|bmp)$</arg>
<doc>Fails if ``string`` does not match ``pattern`` as a regular expression.</doc>
<status status="PASS" start="2024-06-15T19:12:26.653959" elapsed="0.000459"/>
</kw>
<kw name="Should Match Regexp" owner="BuiltIn">
<arg>${json_data['results'][0]['picture']['medium']}</arg>
<arg>^https?://.*\.(?:png|jpe?g|gif|bmp)$</arg>
<doc>Fails if ``string`` does not match ``pattern`` as a regular expression.</doc>
<status status="PASS" start="2024-06-15T19:12:26.654636" elapsed="0.000361"/>
</kw>
<kw name="Should Match Regexp" owner="BuiltIn">
<arg>${json_data['results'][0]['picture']['thumbnail']}</arg>
<arg>^https?://.*\.(?:png|jpe?g|gif|bmp)$</arg>
<doc>Fails if ``string`` does not match ``pattern`` as a regular expression.</doc>
<status status="PASS" start="2024-06-15T19:12:26.655191" elapsed="0.000354"/>
</kw>
<kw name="Log" owner="BuiltIn">
<msg time="2024-06-15T19:12:26.656061" level="INFO">{'large': 'https://randomuser.me/api/portraits/men/87.jpg', 'medium': 'https://randomuser.me/api/portraits/med/men/87.jpg', 'thumbnail': 'https://randomuser.me/api/portraits/thumb/men/87.jpg'}</msg>
<arg>${json_data['results'][0]['picture']}</arg>
<doc>Logs the given message with the given level.</doc>
<status status="PASS" start="2024-06-15T19:12:26.655730" elapsed="0.000375"/>
</kw>
<status status="PASS" start="2024-06-15T19:12:26.560908" elapsed="0.095451"/>
</kw>
<kw name="Teste de Tipos de Dados - Postcode" owner="random-user-service">
<kw name="GET On Session" owner="RequestsLibrary">
<msg time="2024-06-15T19:12:26.746721" level="INFO">GET Request : url=https://randomuser.me/api 
 path_url=/api 
 headers={'User-Agent': 'python-requests/2.32.3', 'Accept-Encoding': 'gzip, deflate', 'Accept': '*/*', 'Connection': 'keep-alive'} 
 body=None 
 </msg>
<msg time="2024-06-15T19:12:26.746817" level="INFO">GET Response : url=https://randomuser.me/api 
 status=200, reason=OK 
 headers={'Date': 'Sat, 15 Jun 2024 19:12:26 GMT', 'Content-Type': 'application/json; charset=utf-8', 'Transfer-Encoding': 'chunked', 'Connection': 'keep-alive', 'X-Powered-By': 'Express', 'Access-Control-Allow-Origin': '*', 'Cache-Control': 'no-cache', 'ETag': 'W/"47e-Ix9Mjlwi9i0eSeEHflTU3Mz66Mk"', 'Vary': 'Accept-Encoding', 'Content-Encoding': 'gzip', 'CF-Cache-Status': 'DYNAMIC', 'Report-To': '{"endpoints":[{"url":"https:\\/\\/a.nel.cloudflare.com\\/report\\/v4?s=T2LrlBQcPXEP4j05J0R3%2FkFzc8K3fw3uNPYqUbkJhf2tOOrnx21JlsnrmJiWQM2VnUE9QxVTZGLYnhViLtm%2Bkl0zSbqwmRVhrf5mYeD24lKgg71UleRSyqIpvxIMVwLq"}],"group":"cf-nel","max_age":604800}', 'NEL': '{"success_fraction":0,"report_to":"cf-nel","max_age":604800}', 'Server': 'cloudflare', 'CF-RAY': '8944df26990f49f1-ORD', 'alt-svc': 'h3=":443"; ma=86400'} 
 body={"results":[{"gender":"male","name":{"title":"Mr","first":"Boban","last":"Sekulić"},"location":{"street":{"number":2444,"name":"Androvačka"},"city":"Novi Sad","state":"Kolubara","country":"Serbia","postcode":61372,"coordinates":{"latitude":"58.9900","longitude":"-102.6119"},"timezone":{"offset":"-1:00","description":"Azores, Cape Verde Islands"}},"email":"boban.sekulic@example.com","login":{"uuid":"0a630929-95c5-41b7-b977-1dacc50e92de","username":"heavykoala175","password":"mindy","salt":"JvXwgUEp","md5":"d46b5b198f4d48e2909a386ca1ff9abc","sha1":"c5ae29e7289375381d7d666c2c62eab2e47cfa39","sha256":"137d11d8ed517445b7f9613669e0fbe484cc61862531e3713f6f89532e040795"},"dob":{"date":"1990-12-12T06:20:57.362Z","age":33},"registered":{"date":"2015-05-12T18:28:24.264Z","age":9},"phone":"033-0961-895","cell":"062-0527-631","id":{"name":"SID","value":"822003886"},"picture":{"large":"https://randomuser.me/api/portraits/men/75.jpg","medium":"https://randomuser.me/api/portraits/med/men/75.jpg","thumbnail":"https://randomuser.me/api/portraits/thumb/men/75.jpg"},"nat":"RS"}],"info":{"seed":"5fb0a7ebf78254e7","results":1,"page":1,"version":"1.4"}} 
 </msg>
<msg time="2024-06-15T19:12:26.746909" level="INFO">/opt/hostedtoolcache/Python/3.12.3/x64/lib/python3.12/site-packages/urllib3/connectionpool.py:1103: InsecureRequestWarning: Unverified HTTPS request is being made to host 'randomuser.me'. Adding certificate verification is strongly advised. See: https://urllib3.readthedocs.io/en/latest/advanced-usage.html#tls-warnings
  warnings.warn(</msg>
<msg time="2024-06-15T19:12:26.747042" level="INFO">${response} = &lt;Response [200]&gt;</msg>
<var>${response}</var>
<arg>consultarAPI</arg>
<arg>/api</arg>
<doc>Sends a GET request on a previously created HTTP Session.</doc>
<status status="PASS" start="2024-06-15T19:12:26.656823" elapsed="0.090260"/>
</kw>
<kw name="Set Variable" owner="BuiltIn">
<msg time="2024-06-15T19:12:26.748099" level="INFO">${json_data} = {'results': [{'gender': 'male', 'name': {'title': 'Mr', 'first': 'Boban', 'last': 'Sekulić'}, 'location': {'street': {'number': 2444, 'name': 'Androvačka'}, 'city': 'Novi Sad', 'state': 'Kolubara', 'c...</msg>
<var>${json_data}</var>
<arg>${response.json()}</arg>
<doc>Returns the given values which can then be assigned to a variables.</doc>
<status status="PASS" start="2024-06-15T19:12:26.747595" elapsed="0.000534"/>
</kw>
<kw name="Log" owner="BuiltIn">
<msg time="2024-06-15T19:12:26.748600" level="INFO">{'results': [{'gender': 'male', 'name': {'title': 'Mr', 'first': 'Boban', 'last': 'Sekulić'}, 'location': {'street': {'number': 2444, 'name': 'Androvačka'}, 'city': 'Novi Sad', 'state': 'Kolubara', 'country': 'Serbia', 'postcode': 61372, 'coordinates': {'latitude': '58.9900', 'longitude': '-102.6119'}, 'timezone': {'offset': '-1:00', 'description': 'Azores, Cape Verde Islands'}}, 'email': 'boban.sekulic@example.com', 'login': {'uuid': '0a630929-95c5-41b7-b977-1dacc50e92de', 'username': 'heavykoala175', 'password': 'mindy', 'salt': 'JvXwgUEp', 'md5': 'd46b5b198f4d48e2909a386ca1ff9abc', 'sha1': 'c5ae29e7289375381d7d666c2c62eab2e47cfa39', 'sha256': '137d11d8ed517445b7f9613669e0fbe484cc61862531e3713f6f89532e040795'}, 'dob': {'date': '1990-12-12T06:20:57.362Z', 'age': 33}, 'registered': {'date': '2015-05-12T18:28:24.264Z', 'age': 9}, 'phone': '033-0961-895', 'cell': '062-0527-631', 'id': {'name': 'SID', 'value': '822003886'}, 'picture': {'large': 'https://randomuser.me/api/portraits/men/75.jpg', 'medium': 'https://randomuser.me/api/portraits/med/men/75.jpg', 'thumbnail': 'https://randomuser.me/api/portraits/thumb/men/75.jpg'}, 'nat': 'RS'}], 'info': {'seed': '5fb0a7ebf78254e7', 'results': 1, 'page': 1, 'version': '1.4'}}</msg>
<arg>${json_data}</arg>
<doc>Logs the given message with the given level.</doc>
<status status="PASS" start="2024-06-15T19:12:26.748439" elapsed="0.000213"/>
</kw>
<kw name="Should Be Equal As Numbers" owner="BuiltIn">
<arg>${json_data['results'][0]['location']['postcode']}</arg>
<arg>${json_data['results'][0]['location']['postcode']}</arg>
<doc>Fails if objects are unequal after converting them to real numbers.</doc>
<status status="PASS" start="2024-06-15T19:12:26.748963" elapsed="0.000637"/>
</kw>
<kw name="Log" owner="BuiltIn">
<msg time="2024-06-15T19:12:26.750133" level="INFO">61372</msg>
<arg>${json_data['results'][0]['location']['postcode']}</arg>
<doc>Logs the given message with the given level.</doc>
<status status="PASS" start="2024-06-15T19:12:26.749796" elapsed="0.000378"/>
</kw>
<status status="PASS" start="2024-06-15T19:12:26.656584" elapsed="0.093876"/>
</kw>
<doc>Testa se os tipos de dados na resposta da API estão corretos.</doc>
<tag>testeTiposDados</tag>
<status status="PASS" start="2024-06-15T19:12:26.560463" elapsed="0.190232"/>
</test>
<test id="s1-s1-t5" name="Validar conteudo" line="35">
<kw name="Teste de Tipos de Conteudo" owner="random-user-service">
<kw name="GET On Session" owner="RequestsLibrary">
<msg time="2024-06-15T19:12:26.840826" level="INFO">GET Request : url=https://randomuser.me/api 
 path_url=/api 
 headers={'User-Agent': 'python-requests/2.32.3', 'Accept-Encoding': 'gzip, deflate', 'Accept': '*/*', 'Connection': 'keep-alive'} 
 body=None 
 </msg>
<msg time="2024-06-15T19:12:26.840897" level="INFO">GET Response : url=https://randomuser.me/api 
 status=200, reason=OK 
 headers={'Date': 'Sat, 15 Jun 2024 19:12:26 GMT', 'Content-Type': 'application/json; charset=utf-8', 'Transfer-Encoding': 'chunked', 'Connection': 'keep-alive', 'X-Powered-By': 'Express', 'Access-Control-Allow-Origin': '*', 'Cache-Control': 'no-cache', 'ETag': 'W/"48b-GDwK6LVBY9+swcyehIta9nAxeLo"', 'Vary': 'Accept-Encoding', 'Content-Encoding': 'gzip', 'CF-Cache-Status': 'DYNAMIC', 'Report-To': '{"endpoints":[{"url":"https:\\/\\/a.nel.cloudflare.com\\/report\\/v4?s=e03creFBDOlF8xSfO0maDh5t7PqjuaxcUl3j%2Bz5gsXQ45zkqgBrwAcR%2FaMtYXtsf5PVK83sHI5bg332DnYpqK68T6M01AUArRr3eYh7xtY5Zbv6GtvTVbd81fzltpJ%2FO"}],"group":"cf-nel","max_age":604800}', 'NEL': '{"success_fraction":0,"report_to":"cf-nel","max_age":604800}', 'Server': 'cloudflare', 'CF-RAY': '8944df2739cf49f1-ORD', 'alt-svc': 'h3=":443"; ma=86400'} 
 body={"results":[{"gender":"female","name":{"title":"Mrs","first":"Amanda","last":"Baker"},"location":{"street":{"number":1067,"name":"Denny Street"},"city":"Tralee","state":"Galway City","country":"Ireland","postcode":74726,"coordinates":{"latitude":"-0.6646","longitude":"86.0109"},"timezone":{"offset":"-3:00","description":"Brazil, Buenos Aires, Georgetown"}},"email":"amanda.baker@example.com","login":{"uuid":"00a512e5-ba77-48f0-b830-036692d2f8bf","username":"angrybear320","password":"cayman","salt":"NBBI7aQH","md5":"b5aff7783203b47a9dceca1c85f53771","sha1":"61701fc65b9ca4342cd3025cc469e96c0d44e980","sha256":"58b5930f251f561ac72af692bd72ba678123e8eb05d4137813081632ad9a72a4"},"dob":{"date":"1968-04-02T15:32:55.662Z","age":56},"registered":{"date":"2010-12-08T12:52:42.157Z","age":13},"phone":"011-819-5796","cell":"081-778-4907","id":{"name":"PPS","value":"3619074T"},"picture":{"large":"https://randomuser.me/api/portraits/women/58.jpg","medium":"https://randomuser.me/api/portraits/med/women/58.jpg","thumbnail":"https://randomuser.me/api/portraits/thumb/women/58.jpg"},"nat":"IE"}],"info":{"seed":"1ef85804340ea0cd","results":1,"page":1,"version":"1.4"}} 
 </msg>
<msg time="2024-06-15T19:12:26.840956" level="INFO">/opt/hostedtoolcache/Python/3.12.3/x64/lib/python3.12/site-packages/urllib3/connectionpool.py:1103: InsecureRequestWarning: Unverified HTTPS request is being made to host 'randomuser.me'. Adding certificate verification is strongly advised. See: https://urllib3.readthedocs.io/en/latest/advanced-usage.html#tls-warnings
  warnings.warn(</msg>
<msg time="2024-06-15T19:12:26.841064" level="INFO">${response} = &lt;Response [200]&gt;</msg>
<var>${response}</var>
<arg>consultarAPI</arg>
<arg>/api</arg>
<doc>Sends a GET request on a previously created HTTP Session.</doc>
<status status="PASS" start="2024-06-15T19:12:26.753244" elapsed="0.087862"/>
</kw>
<kw name="Set Variable" owner="BuiltIn">
<msg time="2024-06-15T19:12:26.841980" level="INFO">${json_data} = {'results': [{'gender': 'female', 'name': {'title': 'Mrs', 'first': 'Amanda', 'last': 'Baker'}, 'location': {'street': {'number': 1067, 'name': 'Denny Street'}, 'city': 'Tralee', 'state': 'Galway City...</msg>
<var>${json_data}</var>
<arg>${response.json()}</arg>
<doc>Returns the given values which can then be assigned to a variables.</doc>
<status status="PASS" start="2024-06-15T19:12:26.841517" elapsed="0.000491"/>
</kw>
<kw name="Set Variable" owner="BuiltIn">
<msg time="2024-06-15T19:12:26.842747" level="INFO">${name_title} = Mrs</msg>
<var>${name_title}</var>
<arg>${json_data["results"][0]["name"]["title"]}</arg>
<doc>Returns the given values which can then be assigned to a variables.</doc>
<status status="PASS" start="2024-06-15T19:12:26.842307" elapsed="0.000465"/>
</kw>
<kw name="Create List" owner="BuiltIn">
<msg time="2024-06-15T19:12:26.843225" level="INFO">${allowed_titles} = ['Mr', 'Ms', 'Miss', 'Mrs', 'Madame', 'Monsieur']</msg>
<var>${allowed_titles}</var>
<arg>Mr</arg>
<arg>Ms</arg>
<arg>Miss</arg>
<arg>Mrs</arg>
<arg>Madame</arg>
<arg>Monsieur</arg>
<doc>Returns a list containing given items.</doc>
<status status="PASS" start="2024-06-15T19:12:26.843075" elapsed="0.000173"/>
</kw>
<kw name="List Should Contain Value" owner="Collections">
<arg>${allowed_titles}</arg>
<arg>${name_title}</arg>
<doc>Fails if the ``value`` is not found from ``list``.</doc>
<status status="PASS" start="2024-06-15T19:12:26.843550" elapsed="0.000176"/>
</kw>
<kw name="Set Variable" owner="BuiltIn">
<msg time="2024-06-15T19:12:26.844274" level="INFO">${name_country} = IE</msg>
<var>${name_country}</var>
<arg>${json_data["results"][0]["nat"]}</arg>
<doc>Returns the given values which can then be assigned to a variables.</doc>
<status status="PASS" start="2024-06-15T19:12:26.843904" elapsed="0.000395"/>
</kw>
<kw name="Create List" owner="BuiltIn">
<msg time="2024-06-15T19:12:26.845191" level="INFO">${list_country} = ['AD', 'AE', 'AF', 'AG', 'AI', 'AL', 'AM', 'AO', 'AQ', 'AR', 'AS', 'AT', 'AU', 'AW', 'AX', 'AZ', 'BA', 'BB', 'BD', 'BE', 'BF', 'BG', 'BH', 'BI', 'BJ', 'BL', 'BM', 'BN', 'BO', 'BQ', 'BR', 'BS', 'BT', '...</msg>
<var>${list_country}</var>
<arg>AD</arg>
<arg>AE</arg>
<arg>AF</arg>
<arg>AG</arg>
<arg>AI</arg>
<arg>AL</arg>
<arg>AM</arg>
<arg>AO</arg>
<arg>AQ</arg>
<arg>AR</arg>
<arg>AS</arg>
<arg>AT</arg>
<arg>AU</arg>
<arg>AW</arg>
<arg>AX</arg>
<arg>AZ</arg>
<arg>BA</arg>
<arg>BB</arg>
<arg>BD</arg>
<arg>BE</arg>
<arg>BF</arg>
<arg>BG</arg>
<arg>BH</arg>
<arg>BI</arg>
<arg>BJ</arg>
<arg>BL</arg>
<arg>BM</arg>
<arg>BN</arg>
<arg>BO</arg>
<arg>BQ</arg>
<arg>BR</arg>
<arg>BS</arg>
<arg>BT</arg>
<arg>BV</arg>
<arg>BW</arg>
<arg>BY</arg>
<arg>BZ</arg>
<arg>CA</arg>
<arg>CC</arg>
<arg>CD</arg>
<arg>CF</arg>
<arg>CG</arg>
<arg>CH</arg>
<arg>CI</arg>
<arg>CK</arg>
<arg>CL</arg>
<arg>CM</arg>
<arg>CN</arg>
<arg>CO</arg>
<arg>CR</arg>
<arg>CU</arg>
<arg>CV</arg>
<arg>CW</arg>
<arg>CX</arg>
<arg>CY</arg>
<arg>CZ</arg>
<arg>DE</arg>
<arg>DJ</arg>
<arg>DK</arg>
<arg>DM</arg>
<arg>DO</arg>
<arg>DZ</arg>
<arg>EC</arg>
<arg>EE</arg>
<arg>EG</arg>
<arg>EH</arg>
<arg>ER</arg>
<arg>ES</arg>
<arg>ET</arg>
<arg>FI</arg>
<arg>FJ</arg>
<arg>FK</arg>
<arg>FM</arg>
<arg>FO</arg>
<arg>FR</arg>
<arg>GA</arg>
<arg>GB</arg>
<arg>GD</arg>
<arg>GE</arg>
<arg>GF</arg>
<arg>GG</arg>
<arg>GH</arg>
<arg>GI</arg>
<arg>GL</arg>
<arg>GM</arg>
<arg>GN</arg>
<arg>GP</arg>
<arg>GQ</arg>
<arg>GR</arg>
<arg>GS</arg>
<arg>GT</arg>
<arg>GU</arg>
<arg>GW</arg>
<arg>GY</arg>
<arg>HK</arg>
<arg>HM</arg>
<arg>HN</arg>
<arg>HR</arg>
<arg>HT</arg>
<arg>HU</arg>
<arg>ID</arg>
<arg>IE</arg>
<arg>IL</arg>
<arg>IM</arg>
<arg>IN</arg>
<arg>IO</arg>
<arg>IQ</arg>
<arg>IR</arg>
<arg>IS</arg>
<arg>IT</arg>
<arg>JE</arg>
<arg>JM</arg>
<arg>JO</arg>
<arg>JP</arg>
<arg>KE</arg>
<arg>KG</arg>
<arg>KH</arg>
<arg>KI</arg>
<arg>KM</arg>
<arg>KN</arg>
<arg>KP</arg>
<arg>KR</arg>
<arg>KW</arg>
<arg>KY</arg>
<arg>KZ</arg>
<arg>LA</arg>
<arg>LB</arg>
<arg>LC</arg>
<arg>LI</arg>
<arg>LK</arg>
<arg>LR</arg>
<arg>LS</arg>
<arg>LT</arg>
<arg>LU</arg>
<arg>LV</arg>
<arg>LY</arg>
<arg>MA</arg>
<arg>MC</arg>
<arg>MD</arg>
<arg>ME</arg>
<arg>MF</arg>
<arg>MG</arg>
<arg>MH</arg>
<arg>MK</arg>
<arg>ML</arg>
<arg>MM</arg>
<arg>MN</arg>
<arg>MO</arg>
<arg>MP</arg>
<arg>MQ</arg>
<arg>MR</arg>
<arg>MS</arg>
<arg>MT</arg>
<arg>MU</arg>
<arg>MV</arg>
<arg>MW</arg>
<arg>MX</arg>
<arg>MY</arg>
<arg>MZ</arg>
<arg>NA</arg>
<arg>NC</arg>
<arg>NE</arg>
<arg>NF</arg>
<arg>NG</arg>
<arg>NI</arg>
<arg>NL</arg>
<arg>NO</arg>
<arg>NP</arg>
<arg>NR</arg>
<arg>NU</arg>
<arg>NZ</arg>
<arg>OM</arg>
<arg>PA</arg>
<arg>PE</arg>
<arg>PF</arg>
<arg>PG</arg>
<arg>PH</arg>
<arg>PK</arg>
<arg>PL</arg>
<arg>PM</arg>
<arg>PN</arg>
<arg>PR</arg>
<arg>PS</arg>
<arg>PT</arg>
<arg>PW</arg>
<arg>PY</arg>
<arg>QA</arg>
<arg>RE</arg>
<arg>RO</arg>
<arg>RS</arg>
<arg>RU</arg>
<arg>RW</arg>
<arg>SA</arg>
<arg>SB</arg>
<arg>SC</arg>
<arg>SD</arg>
<arg>SE</arg>
<arg>SG</arg>
<arg>SH</arg>
<arg>SI</arg>
<arg>SJ</arg>
<arg>SK</arg>
<arg>SL</arg>
<arg>SM</arg>
<arg>SN</arg>
<arg>SO</arg>
<arg>SR</arg>
<arg>SS</arg>
<arg>ST</arg>
<arg>SV</arg>
<arg>SX</arg>
<arg>SY</arg>
<arg>SZ</arg>
<arg>TC</arg>
<arg>TD</arg>
<arg>TF</arg>
<arg>TG</arg>
<arg>TH</arg>
<arg>TJ</arg>
<arg>TK</arg>
<arg>TL</arg>
<arg>TM</arg>
<arg>TN</arg>
<arg>TO</arg>
<arg>TR</arg>
<arg>TT</arg>
<arg>TV</arg>
<arg>TW</arg>
<arg>TZ</arg>
<arg>UA</arg>
<arg>UG</arg>
<arg>UM</arg>
<arg>US</arg>
<arg>UY</arg>
<arg>UZ</arg>
<arg>VA</arg>
<arg>VC</arg>
<arg>VE</arg>
<arg>VG</arg>
<arg>VI</arg>
<arg>VN</arg>
<arg>VU</arg>
<arg>WF</arg>
<arg>WS</arg>
<arg>XK</arg>
<arg>YE</arg>
<arg>YT</arg>
<arg>ZA</arg>
<arg>ZM</arg>
<arg>ZW</arg>
<doc>Returns a list containing given items.</doc>
<status status="PASS" start="2024-06-15T19:12:26.844596" elapsed="0.000620"/>
</kw>
<kw name="List Should Contain Value" owner="Collections">
<arg>${list_country}</arg>
<arg>${name_country}</arg>
<doc>Fails if the ``value`` is not found from ``list``.</doc>
<status status="PASS" start="2024-06-15T19:12:26.846013" elapsed="0.000204"/>
</kw>
<kw name="Run Keyword If" owner="BuiltIn">
<kw name="Should Be True" owner="BuiltIn">
<arg>${True}</arg>
<doc>Fails if the given condition is not true.</doc>
<status status="PASS" start="2024-06-15T19:12:26.847304" elapsed="0.000145"/>
</kw>
<arg>${json_data["results"][0]["location"]["coordinates"]["latitude"]} &gt;= -90 and ${json_data["results"][0]["location"]["coordinates"]["latitude"]} &lt;= 90</arg>
<arg>Should Be True</arg>
<arg>${True}</arg>
<doc>Runs the given keyword with the given arguments, if ``condition`` is true.</doc>
<status status="PASS" start="2024-06-15T19:12:26.846413" elapsed="0.001162"/>
</kw>
<kw name="Run Keyword If" owner="BuiltIn">
<kw name="Should Be True" owner="BuiltIn">
<arg>${True}</arg>
<doc>Fails if the given condition is not true.</doc>
<status status="PASS" start="2024-06-15T19:12:26.848445" elapsed="0.000135"/>
</kw>
<arg>${json_data["results"][0]["location"]["coordinates"]["longitude"]} &gt;= -180 and ${json_data["results"][0]["location"]["coordinates"]["longitude"]} &lt;= 180</arg>
<arg>Should Be True</arg>
<arg>${True}</arg>
<doc>Runs the given keyword with the given arguments, if ``condition`` is true.</doc>
<status status="PASS" start="2024-06-15T19:12:26.847757" elapsed="0.000944"/>
</kw>
<status status="PASS" start="2024-06-15T19:12:26.753016" elapsed="0.095813"/>
</kw>
<doc>Testa o conteúdo específico dos campos retornados pela API.</doc>
<tag>testeConteudo</tag>
<status status="PASS" start="2024-06-15T19:12:26.752472" elapsed="0.096504"/>
</test>
<status status="PASS" start="2024-06-15T19:12:26.022948" elapsed="0.828045"/>
</suite>
<status status="PASS" start="2024-06-15T19:12:26.009576" elapsed="0.846539"/>
</suite>
<statistics>
<total>
<stat pass="5" fail="0" skip="0">All Tests</stat>
</total>
<tag>
<stat pass="1" fail="0" skip="0">testeConteudo</stat>
<stat pass="1" fail="0" skip="0">testeEstruturaResposta</stat>
<stat pass="1" fail="0" skip="0">testeRequisicaoBasica</stat>
<stat pass="1" fail="0" skip="0">testeTiposDados</stat>
</tag>
<suite>
<stat pass="5" fail="0" skip="0" id="s1" name="Tests">Tests</stat>
<stat pass="5" fail="0" skip="0" id="s1-s1" name="Random-User-Test">Tests.Random-User-Test</stat>
</suite>
</statistics>
<errors>
</errors>
</robot>
