<?xml version="1.0" encoding="UTF-8"?>
<robot generator="Robot 7.0 (Python 3.12.3 on linux)" generated="2024-06-09T16:17:18.641411" rpa="false" schemaversion="5">
<suite id="s1" name="Tests" source="/home/runner/work/ApiRandomUser/ApiRandomUser/RamdonUser/tests">
<suite id="s1-s1" name="Random-User-Test" source="/home/runner/work/ApiRandomUser/ApiRandomUser/RamdonUser/tests/random-user-test.robot">
<test id="s1-s1-t1" name="Conectar" line="13">
<kw name="Conectar API" owner="random-user-service">
<kw name="Create Session" owner="RequestsLibrary">
<msg time="2024-06-09T16:17:19.039597" level="INFO">Creating Session using : alias=consultarAPI, url=https://randomuser.me/, headers={},                     cookies={}, auth=None, timeout=None, proxies=None, verify=False,                     debug=0 </msg>
<arg>consultarAPI</arg>
<arg>${URL}</arg>
<doc>Create Session: create a HTTP session to a server</doc>
<status status="PASS" start="2024-06-09T16:17:19.039372" elapsed="0.000420"/>
</kw>
<status status="PASS" start="2024-06-09T16:17:19.038231" elapsed="0.001946"/>
</kw>
<status status="PASS" start="2024-06-09T16:17:19.037595" elapsed="0.002785"/>
</test>
<test id="s1-s1-t2" name="Validar retorno 200 e JSON Válido" line="16">
<kw name="Teste de Requisicao Basica" owner="random-user-service">
<kw name="GET On Session" owner="RequestsLibrary">
<msg time="2024-06-09T16:17:19.158457" level="INFO">GET Request : url=https://randomuser.me/api 
 path_url=/api 
 headers={'User-Agent': 'python-requests/2.32.3', 'Accept-Encoding': 'gzip, deflate', 'Accept': '*/*', 'Connection': 'keep-alive'} 
 body=None 
 </msg>
<msg time="2024-06-09T16:17:19.158616" level="INFO">GET Response : url=https://randomuser.me/api 
 status=200, reason=OK 
 headers={'Date': 'Sun, 09 Jun 2024 16:17:19 GMT', 'Content-Type': 'application/json; charset=utf-8', 'Transfer-Encoding': 'chunked', 'Connection': 'keep-alive', 'X-Powered-By': 'Express', 'Access-Control-Allow-Origin': '*', 'Cache-Control': 'no-cache', 'ETag': 'W/"483-Ewz7d/lZcjHVn1m3QMa8OgEh194"', 'Vary': 'Accept-Encoding', 'Content-Encoding': 'gzip', 'CF-Cache-Status': 'DYNAMIC', 'Report-To': '{"endpoints":[{"url":"https:\\/\\/a.nel.cloudflare.com\\/report\\/v4?s=VOksnROsKmWm%2Fq2ZEcBHI70hTIXrDgZvw3gz6wMDb%2BOnFm9l%2BFWRErgLJFRyHlCyqAhHO3GgBJMDrnSBttBSH2C3FtK4WueRN2ul7kDSXXG1U9QbBU3w03%2Bq5QKtfBV1"}],"group":"cf-nel","max_age":604800}', 'NEL': '{"success_fraction":0,"report_to":"cf-nel","max_age":604800}', 'Server': 'cloudflare', 'CF-RAY': '89126e5e387824de-SJC', 'alt-svc': 'h3=":443"; ma=86400'} 
 body={"results":[{"gender":"male","name":{"title":"Mr","first":"Frederik","last":"Larsen"},"location":{"street":{"number":2061,"name":"Bygaden"},"city":"Kvistgaard","state":"Hovedstaden","country":"Denmark","postcode":11951,"coordinates":{"latitude":"-40.0210","longitude":"-166.9034"},"timezone":{"offset":"-1:00","description":"Azores, Cape Verde Islands"}},"email":"frederik.larsen@example.com","login":{"uuid":"56631630-f8cf-48ef-b5fd-4d962b61a947","username":"yellowsnake342","password":"emmanuel","salt":"9FW7I37p","md5":"4c7205e67d547fdf4810d9bf74f47541","sha1":"d9cfc5c3a89733300be7ab588524066fd41b981c","sha256":"935c13905136f2a42d932088df92315f18c6c699b943ee293177807ccf588550"},"dob":{"date":"1993-01-29T08:36:03.755Z","age":31},"registered":{"date":"2013-11-22T21:49:47.281Z","age":10},"phone":"17416524","cell":"49159846","id":{"name":"CPR","value":"290193-8009"},"picture":{"large":"https://randomuser.me/api/portraits/men/37.jpg","medium":"https://randomuser.me/api/portraits/med/men/37.jpg","thumbnail":"https://randomuser.me/api/portraits/thumb/men/37.jpg"},"nat":"DK"}],"info":{"seed":"22a2dc6ef99a5181","results":1,"page":1,"version":"1.4"}} 
 </msg>
<msg time="2024-06-09T16:17:19.158701" level="INFO">/opt/hostedtoolcache/Python/3.12.3/x64/lib/python3.12/site-packages/urllib3/connectionpool.py:1103: InsecureRequestWarning: Unverified HTTPS request is being made to host 'randomuser.me'. Adding certificate verification is strongly advised. See: https://urllib3.readthedocs.io/en/latest/advanced-usage.html#tls-warnings
  warnings.warn(</msg>
<msg time="2024-06-09T16:17:19.158884" level="INFO">${response} = &lt;Response [200]&gt;</msg>
<var>${response}</var>
<arg>consultarAPI</arg>
<arg>/api</arg>
<doc>Sends a GET request on a previously created HTTP Session.</doc>
<status status="PASS" start="2024-06-09T16:17:19.043202" elapsed="0.115725"/>
</kw>
<kw name="Should Be Equal As Numbers" owner="BuiltIn">
<msg time="2024-06-09T16:17:19.160078" level="INFO">Argument types are:
&lt;class 'int'&gt;
&lt;class 'str'&gt;</msg>
<arg>${response.status_code}</arg>
<arg>200</arg>
<doc>Fails if objects are unequal after converting them to real numbers.</doc>
<status status="PASS" start="2024-06-09T16:17:19.159591" elapsed="0.000555"/>
</kw>
<kw name="Log" owner="BuiltIn">
<msg time="2024-06-09T16:17:19.160856" level="INFO">200</msg>
<arg>${response.status_code}</arg>
<doc>Logs the given message with the given level.</doc>
<status status="PASS" start="2024-06-09T16:17:19.160509" elapsed="0.000394"/>
</kw>
<kw name="Set Variable" owner="BuiltIn">
<msg time="2024-06-09T16:17:19.161644" level="INFO">${json_data} = {'results': [{'gender': 'male', 'name': {'title': 'Mr', 'first': 'Frederik', 'last': 'Larsen'}, 'location': {'street': {'number': 2061, 'name': 'Bygaden'}, 'city': 'Kvistgaard', 'state': 'Hovedstaden'...</msg>
<var>${json_data}</var>
<arg>${response.json()}</arg>
<doc>Returns the given values which can then be assigned to a variables.</doc>
<status status="PASS" start="2024-06-09T16:17:19.161213" elapsed="0.000458"/>
</kw>
<kw name="Dictionary Should Contain Key" owner="Collections">
<msg time="2024-06-09T16:17:19.162149" level="INFO">False</msg>
<arg>${json_data}</arg>
<arg>results</arg>
<doc>Fails if ``key`` is not found from ``dictionary``.</doc>
<status status="PASS" start="2024-06-09T16:17:19.161978" elapsed="0.000372"/>
</kw>
<status status="PASS" start="2024-06-09T16:17:19.042935" elapsed="0.119686"/>
</kw>
<doc>Testa se a API responde corretamente e retorna um objeto JSON válido.</doc>
<tag>testeRequisicaoBasica</tag>
<status status="PASS" start="2024-06-09T16:17:19.042330" elapsed="0.120474"/>
</test>
<test id="s1-s1-t3" name="Validar estrutura de resposta" line="22">
<kw name="Teste de Estrutura de Resposta" owner="random-user-service">
<kw name="GET On Session" owner="RequestsLibrary">
<msg time="2024-06-09T16:17:19.256047" level="INFO">GET Request : url=https://randomuser.me/api 
 path_url=/api 
 headers={'User-Agent': 'python-requests/2.32.3', 'Accept-Encoding': 'gzip, deflate', 'Accept': '*/*', 'Connection': 'keep-alive'} 
 body=None 
 </msg>
<msg time="2024-06-09T16:17:19.256163" level="INFO">GET Response : url=https://randomuser.me/api 
 status=200, reason=OK 
 headers={'Date': 'Sun, 09 Jun 2024 16:17:19 GMT', 'Content-Type': 'application/json; charset=utf-8', 'Transfer-Encoding': 'chunked', 'Connection': 'keep-alive', 'X-Powered-By': 'Express', 'Access-Control-Allow-Origin': '*', 'Cache-Control': 'no-cache', 'ETag': 'W/"4b1-CDJuyhm9kaAh3+W3LFbmaBzw+nc"', 'Vary': 'Accept-Encoding', 'Content-Encoding': 'gzip', 'CF-Cache-Status': 'DYNAMIC', 'Report-To': '{"endpoints":[{"url":"https:\\/\\/a.nel.cloudflare.com\\/report\\/v4?s=5Qk7ctG%2BI%2Bt9zYTt%2FO04i0C2HE86VGYqRAbWzW6Fdv0O9XMEHI8riWMavW6qo6%2F9UlsfzPPXAey3weznROTUMsRyvQgqynI4jJZZGYCovdE0unhswsCKNK40ykLR6Uk5"}],"group":"cf-nel","max_age":604800}', 'NEL': '{"success_fraction":0,"report_to":"cf-nel","max_age":604800}', 'Server': 'cloudflare', 'CF-RAY': '89126e5ec8c724de-SJC', 'alt-svc': 'h3=":443"; ma=86400'} 
 body={"results":[{"gender":"male","name":{"title":"Monsieur","first":"Paulo","last":"Robert"},"location":{"street":{"number":1879,"name":"Rue de L'Abbé-Roger-Derry"},"city":"Niederbüren","state":"Appenzell Innerrhoden","country":"Switzerland","postcode":2086,"coordinates":{"latitude":"-56.3934","longitude":"-97.8980"},"timezone":{"offset":"-1:00","description":"Azores, Cape Verde Islands"}},"email":"paulo.robert@example.com","login":{"uuid":"cd63991f-1b60-4546-90d5-0845154d3753","username":"ticklishgoose117","password":"7777","salt":"eRybtrzw","md5":"c5eeb7d9ac8f139029171037bb989054","sha1":"84321c8fb5927f1658f934d68adcecd1ab900eea","sha256":"9b0aa25a525c74b7dabf8b421e700d42490d0c29e07841634f344bc829ba32a1"},"dob":{"date":"1975-11-09T16:30:40.828Z","age":48},"registered":{"date":"2008-01-26T10:15:42.052Z","age":16},"phone":"076 281 43 27","cell":"075 209 59 96","id":{"name":"AVS","value":"756.4069.8911.88"},"picture":{"large":"https://randomuser.me/api/portraits/men/31.jpg","medium":"https://randomuser.me/api/portraits/med/men/31.jpg","thumbnail":"https://randomuser.me/api/portraits/thumb/men/31.jpg"},"nat":"CH"}],"info":{"seed":"fef2776017006adf","results":1,"page":1,"version":"1.4"}} 
 </msg>
<msg time="2024-06-09T16:17:19.256294" level="INFO">/opt/hostedtoolcache/Python/3.12.3/x64/lib/python3.12/site-packages/urllib3/connectionpool.py:1103: InsecureRequestWarning: Unverified HTTPS request is being made to host 'randomuser.me'. Adding certificate verification is strongly advised. See: https://urllib3.readthedocs.io/en/latest/advanced-usage.html#tls-warnings
  warnings.warn(</msg>
<msg time="2024-06-09T16:17:19.256428" level="INFO">${response} = &lt;Response [200]&gt;</msg>
<var>${response}</var>
<arg>consultarAPI</arg>
<arg>/api</arg>
<doc>Sends a GET request on a previously created HTTP Session.</doc>
<status status="PASS" start="2024-06-09T16:17:19.165422" elapsed="0.091047"/>
</kw>
<kw name="Set Variable" owner="BuiltIn">
<msg time="2024-06-09T16:17:19.257504" level="INFO">${json_data} = {'results': [{'gender': 'male', 'name': {'title': 'Monsieur', 'first': 'Paulo', 'last': 'Robert'}, 'location': {'street': {'number': 1879, 'name': "Rue de L'Abbé-Roger-Derry"}, 'city': 'Niederbüren', ...</msg>
<var>${json_data}</var>
<arg>${response.json()}</arg>
<doc>Returns the given values which can then be assigned to a variables.</doc>
<status status="PASS" start="2024-06-09T16:17:19.256981" elapsed="0.000553"/>
</kw>
<kw name="Log" owner="BuiltIn">
<msg time="2024-06-09T16:17:19.258019" level="INFO">{'results': [{'gender': 'male', 'name': {'title': 'Monsieur', 'first': 'Paulo', 'last': 'Robert'}, 'location': {'street': {'number': 1879, 'name': "Rue de L'Abbé-Roger-Derry"}, 'city': 'Niederbüren', 'state': 'Appenzell Innerrhoden', 'country': 'Switzerland', 'postcode': 2086, 'coordinates': {'latitude': '-56.3934', 'longitude': '-97.8980'}, 'timezone': {'offset': '-1:00', 'description': 'Azores, Cape Verde Islands'}}, 'email': 'paulo.robert@example.com', 'login': {'uuid': 'cd63991f-1b60-4546-90d5-0845154d3753', 'username': 'ticklishgoose117', 'password': '7777', 'salt': 'eRybtrzw', 'md5': 'c5eeb7d9ac8f139029171037bb989054', 'sha1': '84321c8fb5927f1658f934d68adcecd1ab900eea', 'sha256': '9b0aa25a525c74b7dabf8b421e700d42490d0c29e07841634f344bc829ba32a1'}, 'dob': {'date': '1975-11-09T16:30:40.828Z', 'age': 48}, 'registered': {'date': '2008-01-26T10:15:42.052Z', 'age': 16}, 'phone': '076 281 43 27', 'cell': '075 209 59 96', 'id': {'name': 'AVS', 'value': '756.4069.8911.88'}, 'picture': {'large': 'https://randomuser.me/api/portraits/men/31.jpg', 'medium': 'https://randomuser.me/api/portraits/med/men/31.jpg', 'thumbnail': 'https://randomuser.me/api/portraits/thumb/men/31.jpg'}, 'nat': 'CH'}], 'info': {'seed': 'fef2776017006adf', 'results': 1, 'page': 1, 'version': '1.4'}}</msg>
<arg>${json_data}</arg>
<doc>Logs the given message with the given level.</doc>
<status status="PASS" start="2024-06-09T16:17:19.257855" elapsed="0.000214"/>
</kw>
<kw name="Dictionary Should Contain Key" owner="Collections">
<msg time="2024-06-09T16:17:19.258534" level="INFO">False</msg>
<arg>${json_data}</arg>
<arg>results</arg>
<doc>Fails if ``key`` is not found from ``dictionary``.</doc>
<status status="PASS" start="2024-06-09T16:17:19.258375" elapsed="0.000196"/>
</kw>
<kw name="Should Not Be Empty" owner="BuiltIn">
<msg time="2024-06-09T16:17:19.259064" level="INFO">Length is 2.</msg>
<arg>${json_data}</arg>
<doc>Verifies that the given item is not empty.</doc>
<status status="PASS" start="2024-06-09T16:17:19.258922" elapsed="0.000181"/>
</kw>
<kw name="Create List" owner="BuiltIn">
<msg time="2024-06-09T16:17:19.259557" level="INFO">${expected_keys} = ['gender', 'name', 'location', 'email', 'login']</msg>
<var>${expected_keys}</var>
<arg>gender</arg>
<arg>name</arg>
<arg>location</arg>
<arg>email</arg>
<arg>login</arg>
<doc>Returns a list containing given items.</doc>
<status status="PASS" start="2024-06-09T16:17:19.259403" elapsed="0.000179"/>
</kw>
<for flavor="IN">
<iter>
<kw name="Dictionary Should Contain Key" owner="Collections">
<msg time="2024-06-09T16:17:19.260617" level="INFO">False</msg>
<arg>${json_data['results'][0]}</arg>
<arg>${key}</arg>
<doc>Fails if ``key`` is not found from ``dictionary``.</doc>
<status status="PASS" start="2024-06-09T16:17:19.260177" elapsed="0.000484"/>
</kw>
<kw name="Log" owner="BuiltIn">
<msg time="2024-06-09T16:17:19.261344" level="INFO">{'gender': 'male', 'name': {'title': 'Monsieur', 'first': 'Paulo', 'last': 'Robert'}, 'location': {'street': {'number': 1879, 'name': "Rue de L'Abbé-Roger-Derry"}, 'city': 'Niederbüren', 'state': 'Appenzell Innerrhoden', 'country': 'Switzerland', 'postcode': 2086, 'coordinates': {'latitude': '-56.3934', 'longitude': '-97.8980'}, 'timezone': {'offset': '-1:00', 'description': 'Azores, Cape Verde Islands'}}, 'email': 'paulo.robert@example.com', 'login': {'uuid': 'cd63991f-1b60-4546-90d5-0845154d3753', 'username': 'ticklishgoose117', 'password': '7777', 'salt': 'eRybtrzw', 'md5': 'c5eeb7d9ac8f139029171037bb989054', 'sha1': '84321c8fb5927f1658f934d68adcecd1ab900eea', 'sha256': '9b0aa25a525c74b7dabf8b421e700d42490d0c29e07841634f344bc829ba32a1'}, 'dob': {'date': '1975-11-09T16:30:40.828Z', 'age': 48}, 'registered': {'date': '2008-01-26T10:15:42.052Z', 'age': 16}, 'phone': '076 281 43 27', 'cell': '075 209 59 96', 'id': {'name': 'AVS', 'value': '756.4069.8911.88'}, 'picture': {'large': 'https://randomuser.me/api/portraits/men/31.jpg', 'medium': 'https://randomuser.me/api/portraits/med/men/31.jpg', 'thumbnail': 'https://randomuser.me/api/portraits/thumb/men/31.jpg'}, 'nat': 'CH'}</msg>
<arg>${json_data['results'][0]}</arg>
<doc>Logs the given message with the given level.</doc>
<status status="PASS" start="2024-06-09T16:17:19.260974" elapsed="0.000421"/>
</kw>
<kw name="Log" owner="BuiltIn">
<msg time="2024-06-09T16:17:19.261833" level="INFO">gender</msg>
<arg>${key}</arg>
<doc>Logs the given message with the given level.</doc>
<status status="PASS" start="2024-06-09T16:17:19.261702" elapsed="0.000169"/>
</kw>
<var name="${key}">gender</var>
<status status="PASS" start="2024-06-09T16:17:19.260047" elapsed="0.002049"/>
</iter>
<iter>
<kw name="Dictionary Should Contain Key" owner="Collections">
<msg time="2024-06-09T16:17:19.262796" level="INFO">False</msg>
<arg>${json_data['results'][0]}</arg>
<arg>${key}</arg>
<doc>Fails if ``key`` is not found from ``dictionary``.</doc>
<status status="PASS" start="2024-06-09T16:17:19.262407" elapsed="0.000492"/>
</kw>
<kw name="Log" owner="BuiltIn">
<msg time="2024-06-09T16:17:19.263583" level="INFO">{'gender': 'male', 'name': {'title': 'Monsieur', 'first': 'Paulo', 'last': 'Robert'}, 'location': {'street': {'number': 1879, 'name': "Rue de L'Abbé-Roger-Derry"}, 'city': 'Niederbüren', 'state': 'Appenzell Innerrhoden', 'country': 'Switzerland', 'postcode': 2086, 'coordinates': {'latitude': '-56.3934', 'longitude': '-97.8980'}, 'timezone': {'offset': '-1:00', 'description': 'Azores, Cape Verde Islands'}}, 'email': 'paulo.robert@example.com', 'login': {'uuid': 'cd63991f-1b60-4546-90d5-0845154d3753', 'username': 'ticklishgoose117', 'password': '7777', 'salt': 'eRybtrzw', 'md5': 'c5eeb7d9ac8f139029171037bb989054', 'sha1': '84321c8fb5927f1658f934d68adcecd1ab900eea', 'sha256': '9b0aa25a525c74b7dabf8b421e700d42490d0c29e07841634f344bc829ba32a1'}, 'dob': {'date': '1975-11-09T16:30:40.828Z', 'age': 48}, 'registered': {'date': '2008-01-26T10:15:42.052Z', 'age': 16}, 'phone': '076 281 43 27', 'cell': '075 209 59 96', 'id': {'name': 'AVS', 'value': '756.4069.8911.88'}, 'picture': {'large': 'https://randomuser.me/api/portraits/men/31.jpg', 'medium': 'https://randomuser.me/api/portraits/med/men/31.jpg', 'thumbnail': 'https://randomuser.me/api/portraits/thumb/men/31.jpg'}, 'nat': 'CH'}</msg>
<arg>${json_data['results'][0]}</arg>
<doc>Logs the given message with the given level.</doc>
<status status="PASS" start="2024-06-09T16:17:19.263213" elapsed="0.000420"/>
</kw>
<kw name="Log" owner="BuiltIn">
<msg time="2024-06-09T16:17:19.264069" level="INFO">name</msg>
<arg>${key}</arg>
<doc>Logs the given message with the given level.</doc>
<status status="PASS" start="2024-06-09T16:17:19.263940" elapsed="0.000168"/>
</kw>
<var name="${key}">name</var>
<status status="PASS" start="2024-06-09T16:17:19.262289" elapsed="0.002045"/>
</iter>
<iter>
<kw name="Dictionary Should Contain Key" owner="Collections">
<msg time="2024-06-09T16:17:19.265013" level="INFO">False</msg>
<arg>${json_data['results'][0]}</arg>
<arg>${key}</arg>
<doc>Fails if ``key`` is not found from ``dictionary``.</doc>
<status status="PASS" start="2024-06-09T16:17:19.264634" elapsed="0.000416"/>
</kw>
<kw name="Log" owner="BuiltIn">
<msg time="2024-06-09T16:17:19.265731" level="INFO">{'gender': 'male', 'name': {'title': 'Monsieur', 'first': 'Paulo', 'last': 'Robert'}, 'location': {'street': {'number': 1879, 'name': "Rue de L'Abbé-Roger-Derry"}, 'city': 'Niederbüren', 'state': 'Appenzell Innerrhoden', 'country': 'Switzerland', 'postcode': 2086, 'coordinates': {'latitude': '-56.3934', 'longitude': '-97.8980'}, 'timezone': {'offset': '-1:00', 'description': 'Azores, Cape Verde Islands'}}, 'email': 'paulo.robert@example.com', 'login': {'uuid': 'cd63991f-1b60-4546-90d5-0845154d3753', 'username': 'ticklishgoose117', 'password': '7777', 'salt': 'eRybtrzw', 'md5': 'c5eeb7d9ac8f139029171037bb989054', 'sha1': '84321c8fb5927f1658f934d68adcecd1ab900eea', 'sha256': '9b0aa25a525c74b7dabf8b421e700d42490d0c29e07841634f344bc829ba32a1'}, 'dob': {'date': '1975-11-09T16:30:40.828Z', 'age': 48}, 'registered': {'date': '2008-01-26T10:15:42.052Z', 'age': 16}, 'phone': '076 281 43 27', 'cell': '075 209 59 96', 'id': {'name': 'AVS', 'value': '756.4069.8911.88'}, 'picture': {'large': 'https://randomuser.me/api/portraits/men/31.jpg', 'medium': 'https://randomuser.me/api/portraits/med/men/31.jpg', 'thumbnail': 'https://randomuser.me/api/portraits/thumb/men/31.jpg'}, 'nat': 'CH'}</msg>
<arg>${json_data['results'][0]}</arg>
<doc>Logs the given message with the given level.</doc>
<status status="PASS" start="2024-06-09T16:17:19.265363" elapsed="0.000419"/>
</kw>
<kw name="Log" owner="BuiltIn">
<msg time="2024-06-09T16:17:19.266211" level="INFO">location</msg>
<arg>${key}</arg>
<doc>Logs the given message with the given level.</doc>
<status status="PASS" start="2024-06-09T16:17:19.266083" elapsed="0.000166"/>
</kw>
<var name="${key}">location</var>
<status status="PASS" start="2024-06-09T16:17:19.264518" elapsed="0.001950"/>
</iter>
<iter>
<kw name="Dictionary Should Contain Key" owner="Collections">
<msg time="2024-06-09T16:17:19.267303" level="INFO">False</msg>
<arg>${json_data['results'][0]}</arg>
<arg>${key}</arg>
<doc>Fails if ``key`` is not found from ``dictionary``.</doc>
<status status="PASS" start="2024-06-09T16:17:19.266757" elapsed="0.000586"/>
</kw>
<kw name="Log" owner="BuiltIn">
<msg time="2024-06-09T16:17:19.268014" level="INFO">{'gender': 'male', 'name': {'title': 'Monsieur', 'first': 'Paulo', 'last': 'Robert'}, 'location': {'street': {'number': 1879, 'name': "Rue de L'Abbé-Roger-Derry"}, 'city': 'Niederbüren', 'state': 'Appenzell Innerrhoden', 'country': 'Switzerland', 'postcode': 2086, 'coordinates': {'latitude': '-56.3934', 'longitude': '-97.8980'}, 'timezone': {'offset': '-1:00', 'description': 'Azores, Cape Verde Islands'}}, 'email': 'paulo.robert@example.com', 'login': {'uuid': 'cd63991f-1b60-4546-90d5-0845154d3753', 'username': 'ticklishgoose117', 'password': '7777', 'salt': 'eRybtrzw', 'md5': 'c5eeb7d9ac8f139029171037bb989054', 'sha1': '84321c8fb5927f1658f934d68adcecd1ab900eea', 'sha256': '9b0aa25a525c74b7dabf8b421e700d42490d0c29e07841634f344bc829ba32a1'}, 'dob': {'date': '1975-11-09T16:30:40.828Z', 'age': 48}, 'registered': {'date': '2008-01-26T10:15:42.052Z', 'age': 16}, 'phone': '076 281 43 27', 'cell': '075 209 59 96', 'id': {'name': 'AVS', 'value': '756.4069.8911.88'}, 'picture': {'large': 'https://randomuser.me/api/portraits/men/31.jpg', 'medium': 'https://randomuser.me/api/portraits/med/men/31.jpg', 'thumbnail': 'https://randomuser.me/api/portraits/thumb/men/31.jpg'}, 'nat': 'CH'}</msg>
<arg>${json_data['results'][0]}</arg>
<doc>Logs the given message with the given level.</doc>
<status status="PASS" start="2024-06-09T16:17:19.267652" elapsed="0.000414"/>
</kw>
<kw name="Log" owner="BuiltIn">
<msg time="2024-06-09T16:17:19.268526" level="INFO">email</msg>
<arg>${key}</arg>
<doc>Logs the given message with the given level.</doc>
<status status="PASS" start="2024-06-09T16:17:19.268375" elapsed="0.000199"/>
</kw>
<var name="${key}">email</var>
<status status="PASS" start="2024-06-09T16:17:19.266643" elapsed="0.002201"/>
</iter>
<iter>
<kw name="Dictionary Should Contain Key" owner="Collections">
<msg time="2024-06-09T16:17:19.269530" level="INFO">False</msg>
<arg>${json_data['results'][0]}</arg>
<arg>${key}</arg>
<doc>Fails if ``key`` is not found from ``dictionary``.</doc>
<status status="PASS" start="2024-06-09T16:17:19.269142" elapsed="0.000425"/>
</kw>
<kw name="Log" owner="BuiltIn">
<msg time="2024-06-09T16:17:19.270223" level="INFO">{'gender': 'male', 'name': {'title': 'Monsieur', 'first': 'Paulo', 'last': 'Robert'}, 'location': {'street': {'number': 1879, 'name': "Rue de L'Abbé-Roger-Derry"}, 'city': 'Niederbüren', 'state': 'Appenzell Innerrhoden', 'country': 'Switzerland', 'postcode': 2086, 'coordinates': {'latitude': '-56.3934', 'longitude': '-97.8980'}, 'timezone': {'offset': '-1:00', 'description': 'Azores, Cape Verde Islands'}}, 'email': 'paulo.robert@example.com', 'login': {'uuid': 'cd63991f-1b60-4546-90d5-0845154d3753', 'username': 'ticklishgoose117', 'password': '7777', 'salt': 'eRybtrzw', 'md5': 'c5eeb7d9ac8f139029171037bb989054', 'sha1': '84321c8fb5927f1658f934d68adcecd1ab900eea', 'sha256': '9b0aa25a525c74b7dabf8b421e700d42490d0c29e07841634f344bc829ba32a1'}, 'dob': {'date': '1975-11-09T16:30:40.828Z', 'age': 48}, 'registered': {'date': '2008-01-26T10:15:42.052Z', 'age': 16}, 'phone': '076 281 43 27', 'cell': '075 209 59 96', 'id': {'name': 'AVS', 'value': '756.4069.8911.88'}, 'picture': {'large': 'https://randomuser.me/api/portraits/men/31.jpg', 'medium': 'https://randomuser.me/api/portraits/med/men/31.jpg', 'thumbnail': 'https://randomuser.me/api/portraits/thumb/men/31.jpg'}, 'nat': 'CH'}</msg>
<arg>${json_data['results'][0]}</arg>
<doc>Logs the given message with the given level.</doc>
<status status="PASS" start="2024-06-09T16:17:19.269866" elapsed="0.000407"/>
</kw>
<kw name="Log" owner="BuiltIn">
<msg time="2024-06-09T16:17:19.270732" level="INFO">login</msg>
<arg>${key}</arg>
<doc>Logs the given message with the given level.</doc>
<status status="PASS" start="2024-06-09T16:17:19.270600" elapsed="0.000170"/>
</kw>
<var name="${key}">login</var>
<status status="PASS" start="2024-06-09T16:17:19.269026" elapsed="0.001989"/>
</iter>
<var>${key}</var>
<value>@{expected_keys}</value>
<status status="PASS" start="2024-06-09T16:17:19.259847" elapsed="0.011292"/>
</for>
<kw name="Create List" owner="BuiltIn">
<msg time="2024-06-09T16:17:19.271481" level="INFO">${expected_keysTwo} = ['username', 'password']</msg>
<var>${expected_keysTwo}</var>
<arg>username</arg>
<arg>password</arg>
<doc>Returns a list containing given items.</doc>
<status status="PASS" start="2024-06-09T16:17:19.271341" elapsed="0.000163"/>
</kw>
<for flavor="IN">
<iter>
<kw name="Dictionary Should Contain Key" owner="Collections">
<msg time="2024-06-09T16:17:19.272404" level="INFO">False</msg>
<arg>${json_data['results'][0]['login']}</arg>
<arg>${keyTwo}</arg>
<doc>Fails if ``key`` is not found from ``dictionary``.</doc>
<status status="PASS" start="2024-06-09T16:17:19.272012" elapsed="0.000430"/>
</kw>
<kw name="Dictionary Should Contain Key" owner="Collections">
<msg time="2024-06-09T16:17:19.273121" level="INFO">False</msg>
<arg>${json_data['results'][0]['login']}</arg>
<arg>${keyTwo}</arg>
<doc>Fails if ``key`` is not found from ``dictionary``.</doc>
<status status="PASS" start="2024-06-09T16:17:19.272741" elapsed="0.000418"/>
</kw>
<kw name="Log" owner="BuiltIn">
<msg time="2024-06-09T16:17:19.273583" level="INFO">username</msg>
<arg>${keyTwo}</arg>
<doc>Logs the given message with the given level.</doc>
<status status="PASS" start="2024-06-09T16:17:19.273455" elapsed="0.000165"/>
</kw>
<var name="${keyTwo}">username</var>
<status status="PASS" start="2024-06-09T16:17:19.271902" elapsed="0.001931"/>
</iter>
<iter>
<kw name="Dictionary Should Contain Key" owner="Collections">
<msg time="2024-06-09T16:17:19.274500" level="INFO">False</msg>
<arg>${json_data['results'][0]['login']}</arg>
<arg>${keyTwo}</arg>
<doc>Fails if ``key`` is not found from ``dictionary``.</doc>
<status status="PASS" start="2024-06-09T16:17:19.274119" elapsed="0.000418"/>
</kw>
<kw name="Dictionary Should Contain Key" owner="Collections">
<msg time="2024-06-09T16:17:19.275254" level="INFO">False</msg>
<arg>${json_data['results'][0]['login']}</arg>
<arg>${keyTwo}</arg>
<doc>Fails if ``key`` is not found from ``dictionary``.</doc>
<status status="PASS" start="2024-06-09T16:17:19.274832" elapsed="0.000460"/>
</kw>
<kw name="Log" owner="BuiltIn">
<msg time="2024-06-09T16:17:19.275720" level="INFO">password</msg>
<arg>${keyTwo}</arg>
<doc>Logs the given message with the given level.</doc>
<status status="PASS" start="2024-06-09T16:17:19.275591" elapsed="0.000166"/>
</kw>
<var name="${keyTwo}">password</var>
<status status="PASS" start="2024-06-09T16:17:19.274007" elapsed="0.001969"/>
</iter>
<var>${keyTwo}</var>
<value>@{expected_keysTwo}</value>
<status status="PASS" start="2024-06-09T16:17:19.271745" elapsed="0.004351"/>
</for>
<status status="PASS" start="2024-06-09T16:17:19.165175" elapsed="0.111064"/>
</kw>
<doc>Testa a estrutura da resposta da API.</doc>
<tag>testeEstruturaResposta</tag>
<status status="PASS" start="2024-06-09T16:17:19.164658" elapsed="0.111740"/>
</test>
<test id="s1-s1-t4" name="Validar tipos de dados" line="28">
<kw name="Teste de Tipos de Dados" owner="random-user-service">
<kw name="GET On Session" owner="RequestsLibrary">
<msg time="2024-06-09T16:17:19.366372" level="INFO">GET Request : url=https://randomuser.me/api 
 path_url=/api 
 headers={'User-Agent': 'python-requests/2.32.3', 'Accept-Encoding': 'gzip, deflate', 'Accept': '*/*', 'Connection': 'keep-alive'} 
 body=None 
 </msg>
<msg time="2024-06-09T16:17:19.366473" level="INFO">GET Response : url=https://randomuser.me/api 
 status=200, reason=OK 
 headers={'Date': 'Sun, 09 Jun 2024 16:17:19 GMT', 'Content-Type': 'application/json; charset=utf-8', 'Transfer-Encoding': 'chunked', 'Connection': 'keep-alive', 'X-Powered-By': 'Express', 'Access-Control-Allow-Origin': '*', 'Cache-Control': 'no-cache', 'ETag': 'W/"49f-RA6fL69KcGQx/xwt07HvzCOTlNI"', 'Vary': 'Accept-Encoding', 'Content-Encoding': 'gzip', 'CF-Cache-Status': 'DYNAMIC', 'Report-To': '{"endpoints":[{"url":"https:\\/\\/a.nel.cloudflare.com\\/report\\/v4?s=uXGbziEGZD72V3MkhtNqT4WGdxLKjz5evaKbYM4%2BpzVwIsS%2BBTH4fndR0Uqz3c2P4FQHMmnPK4McKWFtFyZkqCE6e239y8qt96FVekkAdUgg28eCIzydVf6gU7TwzKXB"}],"group":"cf-nel","max_age":604800}', 'NEL': '{"success_fraction":0,"report_to":"cf-nel","max_age":604800}', 'Server': 'cloudflare', 'CF-RAY': '89126e5f892924de-SJC', 'alt-svc': 'h3=":443"; ma=86400'} 
 body={"results":[{"gender":"male","name":{"title":"Mr","first":"Alpoim","last":"Aragão"},"location":{"street":{"number":294,"name":"Rua Carlos Gomes"},"city":"Salvador","state":"Mato Grosso do Sul","country":"Brazil","postcode":20022,"coordinates":{"latitude":"-73.5629","longitude":"-46.0857"},"timezone":{"offset":"+8:00","description":"Beijing, Perth, Singapore, Hong Kong"}},"email":"alpoim.aragao@example.com","login":{"uuid":"10d02c61-ba3f-4ca2-a3cd-77967c3376b5","username":"smallsnake494","password":"cathy","salt":"ROm0WOhP","md5":"8bb8b60507286e4b5ca2b85d32ab3ede","sha1":"bfecfce3e588963f82cda685ea922b04c8fd21c0","sha256":"914d797d1485e1841781191497ebfa47ca851a9665e96c1e50cf027754e160a9"},"dob":{"date":"1970-02-09T22:57:15.387Z","age":54},"registered":{"date":"2014-08-02T19:49:05.328Z","age":9},"phone":"(47) 2244-7346","cell":"(28) 2308-3531","id":{"name":"CPF","value":"786.661.606-42"},"picture":{"large":"https://randomuser.me/api/portraits/men/43.jpg","medium":"https://randomuser.me/api/portraits/med/men/43.jpg","thumbnail":"https://randomuser.me/api/portraits/thumb/men/43.jpg"},"nat":"BR"}],"info":{"seed":"c63442f1152945c3","results":1,"page":1,"version":"1.4"}} 
 </msg>
<msg time="2024-06-09T16:17:19.366548" level="INFO">/opt/hostedtoolcache/Python/3.12.3/x64/lib/python3.12/site-packages/urllib3/connectionpool.py:1103: InsecureRequestWarning: Unverified HTTPS request is being made to host 'randomuser.me'. Adding certificate verification is strongly advised. See: https://urllib3.readthedocs.io/en/latest/advanced-usage.html#tls-warnings
  warnings.warn(</msg>
<msg time="2024-06-09T16:17:19.366674" level="INFO">${response} = &lt;Response [200]&gt;</msg>
<var>${response}</var>
<arg>consultarAPI</arg>
<arg>/api</arg>
<doc>Sends a GET request on a previously created HTTP Session.</doc>
<status status="PASS" start="2024-06-09T16:17:19.278917" elapsed="0.087796"/>
</kw>
<kw name="Set Variable" owner="BuiltIn">
<msg time="2024-06-09T16:17:19.368033" level="INFO">${json_data} = {'results': [{'gender': 'male', 'name': {'title': 'Mr', 'first': 'Alpoim', 'last': 'Aragão'}, 'location': {'street': {'number': 294, 'name': 'Rua Carlos Gomes'}, 'city': 'Salvador', 'state': 'Mato Gro...</msg>
<var>${json_data}</var>
<arg>${response.json()}</arg>
<doc>Returns the given values which can then be assigned to a variables.</doc>
<status status="PASS" start="2024-06-09T16:17:19.367420" elapsed="0.000645"/>
</kw>
<kw name="Log" owner="BuiltIn">
<msg time="2024-06-09T16:17:19.368574" level="INFO">{'results': [{'gender': 'male', 'name': {'title': 'Mr', 'first': 'Alpoim', 'last': 'Aragão'}, 'location': {'street': {'number': 294, 'name': 'Rua Carlos Gomes'}, 'city': 'Salvador', 'state': 'Mato Grosso do Sul', 'country': 'Brazil', 'postcode': 20022, 'coordinates': {'latitude': '-73.5629', 'longitude': '-46.0857'}, 'timezone': {'offset': '+8:00', 'description': 'Beijing, Perth, Singapore, Hong Kong'}}, 'email': 'alpoim.aragao@example.com', 'login': {'uuid': '10d02c61-ba3f-4ca2-a3cd-77967c3376b5', 'username': 'smallsnake494', 'password': 'cathy', 'salt': 'ROm0WOhP', 'md5': '8bb8b60507286e4b5ca2b85d32ab3ede', 'sha1': 'bfecfce3e588963f82cda685ea922b04c8fd21c0', 'sha256': '914d797d1485e1841781191497ebfa47ca851a9665e96c1e50cf027754e160a9'}, 'dob': {'date': '1970-02-09T22:57:15.387Z', 'age': 54}, 'registered': {'date': '2014-08-02T19:49:05.328Z', 'age': 9}, 'phone': '(47) 2244-7346', 'cell': '(28) 2308-3531', 'id': {'name': 'CPF', 'value': '786.661.606-42'}, 'picture': {'large': 'https://randomuser.me/api/portraits/men/43.jpg', 'medium': 'https://randomuser.me/api/portraits/med/men/43.jpg', 'thumbnail': 'https://randomuser.me/api/portraits/thumb/men/43.jpg'}, 'nat': 'BR'}], 'info': {'seed': 'c63442f1152945c3', 'results': 1, 'page': 1, 'version': '1.4'}}</msg>
<arg>${json_data}</arg>
<doc>Logs the given message with the given level.</doc>
<status status="PASS" start="2024-06-09T16:17:19.368405" elapsed="0.000259"/>
</kw>
<kw name="Should Be String" owner="String">
<arg>${json_data['results'][0]['gender']}</arg>
<doc>Fails if the given ``item`` is not a string.</doc>
<status status="PASS" start="2024-06-09T16:17:19.368980" elapsed="0.000376"/>
</kw>
<kw name="Should Match Regexp" owner="BuiltIn">
<arg>${json_data['results'][0]['email']}</arg>
<arg>^[a-zA-Z0-9._%+-]+@[a-zA-Z0-9.-]+\.[a-zA-Z]{2,}$</arg>
<doc>Fails if ``string`` does not match ``pattern`` as a regular expression.</doc>
<status status="PASS" start="2024-06-09T16:17:19.369558" elapsed="0.000675"/>
</kw>
<kw name="Should Match Regexp" owner="BuiltIn">
<arg>${json_data['results'][0]['dob']['date']}</arg>
<arg>\\d{4}-\\d{2}-\\d{2}T\\d{2}:\\d{2}:\\d{2}\\.\\d{3}Z</arg>
<doc>Fails if ``string`` does not match ``pattern`` as a regular expression.</doc>
<status status="PASS" start="2024-06-09T16:17:19.370439" elapsed="0.000544"/>
</kw>
<kw name="Should Match Regexp" owner="BuiltIn">
<arg>${json_data['results'][0]['registered']['date']}</arg>
<arg>\\d{4}-\\d{2}-\\d{2}T\\d{2}:\\d{2}:\\d{2}\\.\\d{3}Z</arg>
<doc>Fails if ``string`` does not match ``pattern`` as a regular expression.</doc>
<status status="PASS" start="2024-06-09T16:17:19.371185" elapsed="0.000375"/>
</kw>
<kw name="Should Match Regexp" owner="BuiltIn">
<arg>${json_data['results'][0]['picture']['large']}</arg>
<arg>^https?://.*\.(?:png|jpe?g|gif|bmp)$</arg>
<doc>Fails if ``string`` does not match ``pattern`` as a regular expression.</doc>
<status status="PASS" start="2024-06-09T16:17:19.371753" elapsed="0.000467"/>
</kw>
<kw name="Should Match Regexp" owner="BuiltIn">
<arg>${json_data['results'][0]['picture']['medium']}</arg>
<arg>^https?://.*\.(?:png|jpe?g|gif|bmp)$</arg>
<doc>Fails if ``string`` does not match ``pattern`` as a regular expression.</doc>
<status status="PASS" start="2024-06-09T16:17:19.372414" elapsed="0.000438"/>
</kw>
<kw name="Should Match Regexp" owner="BuiltIn">
<arg>${json_data['results'][0]['picture']['thumbnail']}</arg>
<arg>^https?://.*\.(?:png|jpe?g|gif|bmp)$</arg>
<doc>Fails if ``string`` does not match ``pattern`` as a regular expression.</doc>
<status status="PASS" start="2024-06-09T16:17:19.373046" elapsed="0.000363"/>
</kw>
<kw name="Log" owner="BuiltIn">
<msg time="2024-06-09T16:17:19.373942" level="INFO">{'large': 'https://randomuser.me/api/portraits/men/43.jpg', 'medium': 'https://randomuser.me/api/portraits/med/men/43.jpg', 'thumbnail': 'https://randomuser.me/api/portraits/thumb/men/43.jpg'}</msg>
<arg>${json_data['results'][0]['picture']}</arg>
<doc>Logs the given message with the given level.</doc>
<status status="PASS" start="2024-06-09T16:17:19.373597" elapsed="0.000388"/>
</kw>
<status status="PASS" start="2024-06-09T16:17:19.278656" elapsed="0.095608"/>
</kw>
<kw name="Teste de Tipos de Dados - Postcode" owner="random-user-service">
<kw name="GET On Session" owner="RequestsLibrary">
<msg time="2024-06-09T16:17:19.697828" level="INFO">GET Request : url=https://randomuser.me/api 
 path_url=/api 
 headers={'User-Agent': 'python-requests/2.32.3', 'Accept-Encoding': 'gzip, deflate', 'Accept': '*/*', 'Connection': 'keep-alive'} 
 body=None 
 </msg>
<msg time="2024-06-09T16:17:19.697941" level="INFO">GET Response : url=https://randomuser.me/api 
 status=200, reason=OK 
 headers={'Date': 'Sun, 09 Jun 2024 16:17:19 GMT', 'Content-Type': 'application/json; charset=utf-8', 'Transfer-Encoding': 'chunked', 'Connection': 'keep-alive', 'X-Powered-By': 'Express', 'Access-Control-Allow-Origin': '*', 'Cache-Control': 'no-cache', 'ETag': 'W/"4b9-0nmdSYpsW/NRPyoLeQtu60RDLgo"', 'Vary': 'Accept-Encoding', 'Content-Encoding': 'gzip', 'CF-Cache-Status': 'DYNAMIC', 'Report-To': '{"endpoints":[{"url":"https:\\/\\/a.nel.cloudflare.com\\/report\\/v4?s=sZbAGt6NaJxQPHUYiHER%2F8m0ui8Gt%2BT5XHOXYxggZo05OOtoxEZofJmUieHkfrsGHZSkTWRbGy5gToRyKlYshZ8NHSRmiF9aic%2Fx6zlhqF6VyU9rcBv93X1PV1L5iW%2BW"}],"group":"cf-nel","max_age":604800}', 'NEL': '{"success_fraction":0,"report_to":"cf-nel","max_age":604800}', 'Server': 'cloudflare', 'CF-RAY': '89126e60198524de-SJC', 'alt-svc': 'h3=":443"; ma=86400'} 
 body={"results":[{"gender":"male","name":{"title":"Mr","first":"Patricio","last":"Valladares"},"location":{"street":{"number":3962,"name":"Continuación Yucatán"},"city":"San Miguel de Allende","state":"Michoacan","country":"Mexico","postcode":27624,"coordinates":{"latitude":"29.6000","longitude":"-11.5207"},"timezone":{"offset":"-5:00","description":"Eastern Time (US &amp; Canada), Bogota, Lima"}},"email":"patricio.valladares@example.com","login":{"uuid":"ce367b73-cf25-4dc2-bf23-e3532d3a0507","username":"blueduck906","password":"wowwow","salt":"Y9hw1Wkp","md5":"d493398c087793773e076fb46babc14c","sha1":"319af38a12f87ee5002e99ee8d85e714dbb70c6c","sha256":"f350b35d4a65b7d2705872f9bbd70a20996153a1728909598fa1e48091ad9bd1"},"dob":{"date":"1955-12-31T22:31:10.777Z","age":68},"registered":{"date":"2009-01-19T09:11:18.066Z","age":15},"phone":"(618) 260 3041","cell":"(693) 240 9116","id":{"name":"NSS","value":"23 02 46 1826 6"},"picture":{"large":"https://randomuser.me/api/portraits/men/22.jpg","medium":"https://randomuser.me/api/portraits/med/men/22.jpg","thumbnail":"https://randomuser.me/api/portraits/thumb/men/22.jpg"},"nat":"MX"}],"info":{"seed":"ee7555e6c45b99cd","results":1,"page":1,"version":"1.4"}} 
 </msg>
<msg time="2024-06-09T16:17:19.698029" level="INFO">/opt/hostedtoolcache/Python/3.12.3/x64/lib/python3.12/site-packages/urllib3/connectionpool.py:1103: InsecureRequestWarning: Unverified HTTPS request is being made to host 'randomuser.me'. Adding certificate verification is strongly advised. See: https://urllib3.readthedocs.io/en/latest/advanced-usage.html#tls-warnings
  warnings.warn(</msg>
<msg time="2024-06-09T16:17:19.698156" level="INFO">${response} = &lt;Response [200]&gt;</msg>
<var>${response}</var>
<arg>consultarAPI</arg>
<arg>/api</arg>
<doc>Sends a GET request on a previously created HTTP Session.</doc>
<status status="PASS" start="2024-06-09T16:17:19.374735" elapsed="0.323462"/>
</kw>
<kw name="Set Variable" owner="BuiltIn">
<msg time="2024-06-09T16:17:19.699497" level="INFO">${json_data} = {'results': [{'gender': 'male', 'name': {'title': 'Mr', 'first': 'Patricio', 'last': 'Valladares'}, 'location': {'street': {'number': 3962, 'name': 'Continuación Yucatán'}, 'city': 'San Miguel de Alle...</msg>
<var>${json_data}</var>
<arg>${response.json()}</arg>
<doc>Returns the given values which can then be assigned to a variables.</doc>
<status status="PASS" start="2024-06-09T16:17:19.698887" elapsed="0.000640"/>
</kw>
<kw name="Log" owner="BuiltIn">
<msg time="2024-06-09T16:17:19.700013" level="INFO">{'results': [{'gender': 'male', 'name': {'title': 'Mr', 'first': 'Patricio', 'last': 'Valladares'}, 'location': {'street': {'number': 3962, 'name': 'Continuación Yucatán'}, 'city': 'San Miguel de Allende', 'state': 'Michoacan', 'country': 'Mexico', 'postcode': 27624, 'coordinates': {'latitude': '29.6000', 'longitude': '-11.5207'}, 'timezone': {'offset': '-5:00', 'description': 'Eastern Time (US &amp; Canada), Bogota, Lima'}}, 'email': 'patricio.valladares@example.com', 'login': {'uuid': 'ce367b73-cf25-4dc2-bf23-e3532d3a0507', 'username': 'blueduck906', 'password': 'wowwow', 'salt': 'Y9hw1Wkp', 'md5': 'd493398c087793773e076fb46babc14c', 'sha1': '319af38a12f87ee5002e99ee8d85e714dbb70c6c', 'sha256': 'f350b35d4a65b7d2705872f9bbd70a20996153a1728909598fa1e48091ad9bd1'}, 'dob': {'date': '1955-12-31T22:31:10.777Z', 'age': 68}, 'registered': {'date': '2009-01-19T09:11:18.066Z', 'age': 15}, 'phone': '(618) 260 3041', 'cell': '(693) 240 9116', 'id': {'name': 'NSS', 'value': '23 02 46 1826 6'}, 'picture': {'large': 'https://randomuser.me/api/portraits/men/22.jpg', 'medium': 'https://randomuser.me/api/portraits/med/men/22.jpg', 'thumbnail': 'https://randomuser.me/api/portraits/thumb/men/22.jpg'}, 'nat': 'MX'}], 'info': {'seed': 'ee7555e6c45b99cd', 'results': 1, 'page': 1, 'version': '1.4'}}</msg>
<arg>${json_data}</arg>
<doc>Logs the given message with the given level.</doc>
<status status="PASS" start="2024-06-09T16:17:19.699850" elapsed="0.000249"/>
</kw>
<kw name="Should Be Equal As Numbers" owner="BuiltIn">
<arg>${json_data['results'][0]['location']['postcode']}</arg>
<arg>${json_data['results'][0]['location']['postcode']}</arg>
<doc>Fails if objects are unequal after converting them to real numbers.</doc>
<status status="PASS" start="2024-06-09T16:17:19.700404" elapsed="0.000632"/>
</kw>
<kw name="Log" owner="BuiltIn">
<msg time="2024-06-09T16:17:19.701567" level="INFO">27624</msg>
<arg>${json_data['results'][0]['location']['postcode']}</arg>
<doc>Logs the given message with the given level.</doc>
<status status="PASS" start="2024-06-09T16:17:19.701231" elapsed="0.000377"/>
</kw>
<status status="PASS" start="2024-06-09T16:17:19.374498" elapsed="0.327370"/>
</kw>
<doc>Testa se os tipos de dados na resposta da API estão corretos.</doc>
<tag>testeTiposDados</tag>
<status status="PASS" start="2024-06-09T16:17:19.278168" elapsed="0.423876"/>
</test>
<test id="s1-s1-t5" name="Validar conteudo" line="35">
<kw name="Teste de Tipos de Conteudo" owner="random-user-service">
<kw name="GET On Session" owner="RequestsLibrary">
<msg time="2024-06-09T16:17:19.790323" level="INFO">GET Request : url=https://randomuser.me/api 
 path_url=/api 
 headers={'User-Agent': 'python-requests/2.32.3', 'Accept-Encoding': 'gzip, deflate', 'Accept': '*/*', 'Connection': 'keep-alive'} 
 body=None 
 </msg>
<msg time="2024-06-09T16:17:19.790422" level="INFO">GET Response : url=https://randomuser.me/api 
 status=200, reason=OK 
 headers={'Date': 'Sun, 09 Jun 2024 16:17:19 GMT', 'Content-Type': 'application/json; charset=utf-8', 'Transfer-Encoding': 'chunked', 'Connection': 'keep-alive', 'X-Powered-By': 'Express', 'Access-Control-Allow-Origin': '*', 'Cache-Control': 'no-cache', 'ETag': 'W/"478-/XJhtYmvqNFt7q23Zm4UK4zb0aU"', 'Vary': 'Accept-Encoding', 'Content-Encoding': 'gzip', 'CF-Cache-Status': 'DYNAMIC', 'Report-To': '{"endpoints":[{"url":"https:\\/\\/a.nel.cloudflare.com\\/report\\/v4?s=dVqMEX0CRxp7B9swk5kIzQNgfYYIGI97y29dJY3GtTdfAESXZqUXW7elpjZvit63Y%2BFkSebQkvrib%2BIu%2BVrQJftf6VGBjhwiay3vlvh0w%2FZ9i%2BWUPxMklORtcurZcQAQ"}],"group":"cf-nel","max_age":604800}', 'NEL': '{"success_fraction":0,"report_to":"cf-nel","max_age":604800}', 'Server': 'cloudflare', 'CF-RAY': '89126e622ab724de-SJC', 'alt-svc': 'h3=":443"; ma=86400'} 
 body={"results":[{"gender":"female","name":{"title":"Miss","first":"Ege","last":"Karadaş"},"location":{"street":{"number":7179,"name":"Doktorlar Cd"},"city":"Giresun","state":"Trabzon","country":"Turkey","postcode":37971,"coordinates":{"latitude":"65.4280","longitude":"0.0607"},"timezone":{"offset":"+6:00","description":"Almaty, Dhaka, Colombo"}},"email":"ege.karadas@example.com","login":{"uuid":"471cb25c-435b-4f4f-a386-510e5ee6505f","username":"greenfrog203","password":"macdaddy","salt":"luR8r76m","md5":"9dee70f15f93922030f6101f3149d690","sha1":"4142c1af17e65c7cf0397798fca1ef4f09b39f95","sha256":"e0e0633f9cb766e87e351c4261ac58500d01d91bc8fb8e60986d085e1d1b0b9f"},"dob":{"date":"1945-07-13T13:39:38.874Z","age":78},"registered":{"date":"2021-01-07T20:41:39.802Z","age":3},"phone":"(883)-303-9054","cell":"(429)-267-2668","id":{"name":"","value":null},"picture":{"large":"https://randomuser.me/api/portraits/women/33.jpg","medium":"https://randomuser.me/api/portraits/med/women/33.jpg","thumbnail":"https://randomuser.me/api/portraits/thumb/women/33.jpg"},"nat":"TR"}],"info":{"seed":"909f49c20e5009a0","results":1,"page":1,"version":"1.4"}} 
 </msg>
<msg time="2024-06-09T16:17:19.790497" level="INFO">/opt/hostedtoolcache/Python/3.12.3/x64/lib/python3.12/site-packages/urllib3/connectionpool.py:1103: InsecureRequestWarning: Unverified HTTPS request is being made to host 'randomuser.me'. Adding certificate verification is strongly advised. See: https://urllib3.readthedocs.io/en/latest/advanced-usage.html#tls-warnings
  warnings.warn(</msg>
<msg time="2024-06-09T16:17:19.790622" level="INFO">${response} = &lt;Response [200]&gt;</msg>
<var>${response}</var>
<arg>consultarAPI</arg>
<arg>/api</arg>
<doc>Sends a GET request on a previously created HTTP Session.</doc>
<status status="PASS" start="2024-06-09T16:17:19.705367" elapsed="0.085293"/>
</kw>
<kw name="Set Variable" owner="BuiltIn">
<msg time="2024-06-09T16:17:19.791758" level="INFO">${json_data} = {'results': [{'gender': 'female', 'name': {'title': 'Miss', 'first': 'Ege', 'last': 'Karadaş'}, 'location': {'street': {'number': 7179, 'name': 'Doktorlar Cd'}, 'city': 'Giresun', 'state': 'Trabzon', ...</msg>
<var>${json_data}</var>
<arg>${response.json()}</arg>
<doc>Returns the given values which can then be assigned to a variables.</doc>
<status status="PASS" start="2024-06-09T16:17:19.791228" elapsed="0.000563"/>
</kw>
<kw name="Set Variable" owner="BuiltIn">
<msg time="2024-06-09T16:17:19.792498" level="INFO">${name_title} = Miss</msg>
<var>${name_title}</var>
<arg>${json_data["results"][0]["name"]["title"]}</arg>
<doc>Returns the given values which can then be assigned to a variables.</doc>
<status status="PASS" start="2024-06-09T16:17:19.792109" elapsed="0.000415"/>
</kw>
<kw name="Create List" owner="BuiltIn">
<msg time="2024-06-09T16:17:19.792978" level="INFO">${allowed_titles} = ['Mr', 'Ms', 'Miss', 'Mrs', 'Madame', 'Monsieur']</msg>
<var>${allowed_titles}</var>
<arg>Mr</arg>
<arg>Ms</arg>
<arg>Miss</arg>
<arg>Mrs</arg>
<arg>Madame</arg>
<arg>Monsieur</arg>
<doc>Returns a list containing given items.</doc>
<status status="PASS" start="2024-06-09T16:17:19.792827" elapsed="0.000175"/>
</kw>
<kw name="List Should Contain Value" owner="Collections">
<msg time="2024-06-09T16:17:19.793488" level="INFO">False</msg>
<arg>${allowed_titles}</arg>
<arg>${name_title}</arg>
<doc>Fails if the ``value`` is not found from ``list``.</doc>
<status status="PASS" start="2024-06-09T16:17:19.793311" elapsed="0.000213"/>
</kw>
<kw name="Set Variable" owner="BuiltIn">
<msg time="2024-06-09T16:17:19.794383" level="INFO">${name_country} = TR</msg>
<var>${name_country}</var>
<arg>${json_data["results"][0]["nat"]}</arg>
<doc>Returns the given values which can then be assigned to a variables.</doc>
<status status="PASS" start="2024-06-09T16:17:19.793818" elapsed="0.000590"/>
</kw>
<kw name="Create List" owner="BuiltIn">
<msg time="2024-06-09T16:17:19.795346" level="INFO">${list_country} = ['AD', 'AE', 'AF', 'AG', 'AI', 'AL', 'AM', 'AO', 'AQ', 'AR', 'AS', 'AT', 'AU', 'AW', 'AX', 'AZ', 'BA', 'BB', 'BD', 'BE', 'BF', 'BG', 'BH', 'BI', 'BJ', 'BL', 'BM', 'BN', 'BO', 'BQ', 'BR', 'BS', 'BT', '...</msg>
<var>${list_country}</var>
<arg>AD</arg>
<arg>AE</arg>
<arg>AF</arg>
<arg>AG</arg>
<arg>AI</arg>
<arg>AL</arg>
<arg>AM</arg>
<arg>AO</arg>
<arg>AQ</arg>
<arg>AR</arg>
<arg>AS</arg>
<arg>AT</arg>
<arg>AU</arg>
<arg>AW</arg>
<arg>AX</arg>
<arg>AZ</arg>
<arg>BA</arg>
<arg>BB</arg>
<arg>BD</arg>
<arg>BE</arg>
<arg>BF</arg>
<arg>BG</arg>
<arg>BH</arg>
<arg>BI</arg>
<arg>BJ</arg>
<arg>BL</arg>
<arg>BM</arg>
<arg>BN</arg>
<arg>BO</arg>
<arg>BQ</arg>
<arg>BR</arg>
<arg>BS</arg>
<arg>BT</arg>
<arg>BV</arg>
<arg>BW</arg>
<arg>BY</arg>
<arg>BZ</arg>
<arg>CA</arg>
<arg>CC</arg>
<arg>CD</arg>
<arg>CF</arg>
<arg>CG</arg>
<arg>CH</arg>
<arg>CI</arg>
<arg>CK</arg>
<arg>CL</arg>
<arg>CM</arg>
<arg>CN</arg>
<arg>CO</arg>
<arg>CR</arg>
<arg>CU</arg>
<arg>CV</arg>
<arg>CW</arg>
<arg>CX</arg>
<arg>CY</arg>
<arg>CZ</arg>
<arg>DE</arg>
<arg>DJ</arg>
<arg>DK</arg>
<arg>DM</arg>
<arg>DO</arg>
<arg>DZ</arg>
<arg>EC</arg>
<arg>EE</arg>
<arg>EG</arg>
<arg>EH</arg>
<arg>ER</arg>
<arg>ES</arg>
<arg>ET</arg>
<arg>FI</arg>
<arg>FJ</arg>
<arg>FK</arg>
<arg>FM</arg>
<arg>FO</arg>
<arg>FR</arg>
<arg>GA</arg>
<arg>GB</arg>
<arg>GD</arg>
<arg>GE</arg>
<arg>GF</arg>
<arg>GG</arg>
<arg>GH</arg>
<arg>GI</arg>
<arg>GL</arg>
<arg>GM</arg>
<arg>GN</arg>
<arg>GP</arg>
<arg>GQ</arg>
<arg>GR</arg>
<arg>GS</arg>
<arg>GT</arg>
<arg>GU</arg>
<arg>GW</arg>
<arg>GY</arg>
<arg>HK</arg>
<arg>HM</arg>
<arg>HN</arg>
<arg>HR</arg>
<arg>HT</arg>
<arg>HU</arg>
<arg>ID</arg>
<arg>IE</arg>
<arg>IL</arg>
<arg>IM</arg>
<arg>IN</arg>
<arg>IO</arg>
<arg>IQ</arg>
<arg>IR</arg>
<arg>IS</arg>
<arg>IT</arg>
<arg>JE</arg>
<arg>JM</arg>
<arg>JO</arg>
<arg>JP</arg>
<arg>KE</arg>
<arg>KG</arg>
<arg>KH</arg>
<arg>KI</arg>
<arg>KM</arg>
<arg>KN</arg>
<arg>KP</arg>
<arg>KR</arg>
<arg>KW</arg>
<arg>KY</arg>
<arg>KZ</arg>
<arg>LA</arg>
<arg>LB</arg>
<arg>LC</arg>
<arg>LI</arg>
<arg>LK</arg>
<arg>LR</arg>
<arg>LS</arg>
<arg>LT</arg>
<arg>LU</arg>
<arg>LV</arg>
<arg>LY</arg>
<arg>MA</arg>
<arg>MC</arg>
<arg>MD</arg>
<arg>ME</arg>
<arg>MF</arg>
<arg>MG</arg>
<arg>MH</arg>
<arg>MK</arg>
<arg>ML</arg>
<arg>MM</arg>
<arg>MN</arg>
<arg>MO</arg>
<arg>MP</arg>
<arg>MQ</arg>
<arg>MR</arg>
<arg>MS</arg>
<arg>MT</arg>
<arg>MU</arg>
<arg>MV</arg>
<arg>MW</arg>
<arg>MX</arg>
<arg>MY</arg>
<arg>MZ</arg>
<arg>NA</arg>
<arg>NC</arg>
<arg>NE</arg>
<arg>NF</arg>
<arg>NG</arg>
<arg>NI</arg>
<arg>NL</arg>
<arg>NO</arg>
<arg>NP</arg>
<arg>NR</arg>
<arg>NU</arg>
<arg>NZ</arg>
<arg>OM</arg>
<arg>PA</arg>
<arg>PE</arg>
<arg>PF</arg>
<arg>PG</arg>
<arg>PH</arg>
<arg>PK</arg>
<arg>PL</arg>
<arg>PM</arg>
<arg>PN</arg>
<arg>PR</arg>
<arg>PS</arg>
<arg>PT</arg>
<arg>PW</arg>
<arg>PY</arg>
<arg>QA</arg>
<arg>RE</arg>
<arg>RO</arg>
<arg>RS</arg>
<arg>RU</arg>
<arg>RW</arg>
<arg>SA</arg>
<arg>SB</arg>
<arg>SC</arg>
<arg>SD</arg>
<arg>SE</arg>
<arg>SG</arg>
<arg>SH</arg>
<arg>SI</arg>
<arg>SJ</arg>
<arg>SK</arg>
<arg>SL</arg>
<arg>SM</arg>
<arg>SN</arg>
<arg>SO</arg>
<arg>SR</arg>
<arg>SS</arg>
<arg>ST</arg>
<arg>SV</arg>
<arg>SX</arg>
<arg>SY</arg>
<arg>SZ</arg>
<arg>TC</arg>
<arg>TD</arg>
<arg>TF</arg>
<arg>TG</arg>
<arg>TH</arg>
<arg>TJ</arg>
<arg>TK</arg>
<arg>TL</arg>
<arg>TM</arg>
<arg>TN</arg>
<arg>TO</arg>
<arg>TR</arg>
<arg>TT</arg>
<arg>TV</arg>
<arg>TW</arg>
<arg>TZ</arg>
<arg>UA</arg>
<arg>UG</arg>
<arg>UM</arg>
<arg>US</arg>
<arg>UY</arg>
<arg>UZ</arg>
<arg>VA</arg>
<arg>VC</arg>
<arg>VE</arg>
<arg>VG</arg>
<arg>VI</arg>
<arg>VN</arg>
<arg>VU</arg>
<arg>WF</arg>
<arg>WS</arg>
<arg>XK</arg>
<arg>YE</arg>
<arg>YT</arg>
<arg>ZA</arg>
<arg>ZM</arg>
<arg>ZW</arg>
<doc>Returns a list containing given items.</doc>
<status status="PASS" start="2024-06-09T16:17:19.794720" elapsed="0.000651"/>
</kw>
<kw name="List Should Contain Value" owner="Collections">
<msg time="2024-06-09T16:17:19.796377" level="INFO">False</msg>
<arg>${list_country}</arg>
<arg>${name_country}</arg>
<doc>Fails if the ``value`` is not found from ``list``.</doc>
<status status="PASS" start="2024-06-09T16:17:19.796168" elapsed="0.000245"/>
</kw>
<kw name="Run Keyword If" owner="BuiltIn">
<kw name="Should Be True" owner="BuiltIn">
<arg>${True}</arg>
<doc>Fails if the given condition is not true.</doc>
<status status="PASS" start="2024-06-09T16:17:19.797567" elapsed="0.000163"/>
</kw>
<arg>${json_data["results"][0]["location"]["coordinates"]["latitude"]} &gt;= -90 and ${json_data["results"][0]["location"]["coordinates"]["latitude"]} &lt;= 90</arg>
<arg>Should Be True</arg>
<arg>${True}</arg>
<doc>Runs the given keyword with the given arguments, if ``condition`` is true.</doc>
<status status="PASS" start="2024-06-09T16:17:19.796730" elapsed="0.001131"/>
</kw>
<kw name="Run Keyword If" owner="BuiltIn">
<kw name="Should Be True" owner="BuiltIn">
<arg>${True}</arg>
<doc>Fails if the given condition is not true.</doc>
<status status="PASS" start="2024-06-09T16:17:19.798760" elapsed="0.000183"/>
</kw>
<arg>${json_data["results"][0]["location"]["coordinates"]["longitude"]} &gt;= -180 and ${json_data["results"][0]["location"]["coordinates"]["longitude"]} &lt;= 180</arg>
<arg>Should Be True</arg>
<arg>${True}</arg>
<doc>Runs the given keyword with the given arguments, if ``condition`` is true.</doc>
<status status="PASS" start="2024-06-09T16:17:19.798060" elapsed="0.001010"/>
</kw>
<status status="PASS" start="2024-06-09T16:17:19.704988" elapsed="0.094216"/>
</kw>
<doc>Testa o conteúdo específico dos campos retornados pela API.</doc>
<tag>testeConteudo</tag>
<status status="PASS" start="2024-06-09T16:17:19.704257" elapsed="0.095100"/>
</test>
<status status="PASS" start="2024-06-09T16:17:18.700456" elapsed="1.100818"/>
</suite>
<status status="PASS" start="2024-06-09T16:17:18.686675" elapsed="1.119845"/>
</suite>
<statistics>
<total>
<stat pass="5" fail="0" skip="0">All Tests</stat>
</total>
<tag>
<stat pass="1" fail="0" skip="0">testeConteudo</stat>
<stat pass="1" fail="0" skip="0">testeEstruturaResposta</stat>
<stat pass="1" fail="0" skip="0">testeRequisicaoBasica</stat>
<stat pass="1" fail="0" skip="0">testeTiposDados</stat>
</tag>
<suite>
<stat pass="5" fail="0" skip="0" id="s1" name="Tests">Tests</stat>
<stat pass="5" fail="0" skip="0" id="s1-s1" name="Random-User-Test">Tests.Random-User-Test</stat>
</suite>
</statistics>
<errors>
</errors>
</robot>
