<?xml version="1.0" encoding="UTF-8"?>
<robot generator="Robot 7.0 (Python 3.12.3 on linux)" generated="2024-05-09T18:18:01.070110" rpa="false" schemaversion="5">
<suite id="s1" name="Tests" source="/home/runner/work/DesafioQAItauRogerioJordao/DesafioQAItauRogerioJordao/RamdonUser/tests">
<suite id="s1-s1" name="Random-User-Test" source="/home/runner/work/DesafioQAItauRogerioJordao/DesafioQAItauRogerioJordao/RamdonUser/tests/random-user-test.robot">
<test id="s1-s1-t1" name="Conectar" line="13">
<kw name="Conectar API" owner="random-user-service">
<kw name="Create Session" owner="RequestsLibrary">
<msg time="2024-05-09T18:18:01.434663" level="INFO">Creating Session using : alias=consultarAPI, url=https://randomuser.me/, headers={},                     cookies={}, auth=None, timeout=None, proxies=None, verify=False,                     debug=0 </msg>
<arg>consultarAPI</arg>
<arg>${URL}</arg>
<doc>Create Session: create a HTTP session to a server</doc>
<status status="PASS" start="2024-05-09T18:18:01.434456" elapsed="0.000386"/>
</kw>
<status status="PASS" start="2024-05-09T18:18:01.433455" elapsed="0.001752"/>
</kw>
<status status="PASS" start="2024-05-09T18:18:01.432923" elapsed="0.002479"/>
</test>
<test id="s1-s1-t2" name="Validar retorno 200 e JSON Válido" line="16">
<kw name="Teste de Requisicao Basica" owner="random-user-service">
<kw name="GET On Session" owner="RequestsLibrary">
<msg time="2024-05-09T18:18:01.698964" level="INFO">GET Request : url=https://randomuser.me/api 
 path_url=/api 
 headers={'User-Agent': 'python-requests/2.31.0', 'Accept-Encoding': 'gzip, deflate', 'Accept': '*/*', 'Connection': 'keep-alive'} 
 body=None 
 </msg>
<msg time="2024-05-09T18:18:01.699094" level="INFO">GET Response : url=https://randomuser.me/api 
 status=200, reason=OK 
 headers={'Date': 'Thu, 09 May 2024 18:18:01 GMT', 'Content-Type': 'application/json; charset=utf-8', 'Transfer-Encoding': 'chunked', 'Connection': 'keep-alive', 'X-Powered-By': 'Express', 'Access-Control-Allow-Origin': '*', 'Cache-Control': 'no-cache', 'ETag': 'W/"46d-q5abH6TY3/zDwHL7mgzcaiibh2U"', 'Vary': 'Accept-Encoding', 'Content-Encoding': 'gzip', 'CF-Cache-Status': 'DYNAMIC', 'Report-To': '{"endpoints":[{"url":"https:\\/\\/a.nel.cloudflare.com\\/report\\/v4?s=1ctiGQKJb9G5NGMX0fUQ%2FpbixTubLBCAXo5oInpEgC6lKvdxLSmHM%2B%2BmdzVDZELPSq5JXj4pZnu6evhUxcziFy4BPu7SXpEvRgEv5ZKxzPDLD%2Fm4bdqrGzHKL0SsnBNM"}],"group":"cf-nel","max_age":604800}', 'NEL': '{"success_fraction":0,"report_to":"cf-nel","max_age":604800}', 'Server': 'cloudflare', 'CF-RAY': '8813b08fddb45806-IAD', 'alt-svc': 'h3=":443"; ma=86400'} 
 body={"results":[{"gender":"male","name":{"title":"Mr","first":"Vedat","last":"Erbulak"},"location":{"street":{"number":7728,"name":"Tunalı Hilmi Cd"},"city":"Ardahan","state":"Samsun","country":"Turkey","postcode":54198,"coordinates":{"latitude":"64.3348","longitude":"-44.0512"},"timezone":{"offset":"-2:00","description":"Mid-Atlantic"}},"email":"vedat.erbulak@example.com","login":{"uuid":"f56caea7-3211-44bc-99aa-58abf5ce9359","username":"purplemouse406","password":"morales","salt":"mlfesTU1","md5":"b91b6374074177491acb82edf7d5ac0f","sha1":"1c1ed460d317df2afec5f00524997206f5b62688","sha256":"3e865b6cabc20c4354a02e099788a7a552a9417906a49e3f49224565383c05ef"},"dob":{"date":"1975-08-22T13:40:14.590Z","age":48},"registered":{"date":"2016-01-31T21:54:02.343Z","age":8},"phone":"(938)-952-3526","cell":"(925)-292-4161","id":{"name":"","value":null},"picture":{"large":"https://randomuser.me/api/portraits/men/69.jpg","medium":"https://randomuser.me/api/portraits/med/men/69.jpg","thumbnail":"https://randomuser.me/api/portraits/thumb/men/69.jpg"},"nat":"TR"}],"info":{"seed":"ea0677a41334edb2","results":1,"page":1,"version":"1.4"}} 
 </msg>
<msg time="2024-05-09T18:18:01.699183" level="INFO">/opt/hostedtoolcache/Python/3.12.3/x64/lib/python3.12/site-packages/urllib3/connectionpool.py:1103: InsecureRequestWarning: Unverified HTTPS request is being made to host 'randomuser.me'. Adding certificate verification is strongly advised. See: https://urllib3.readthedocs.io/en/latest/advanced-usage.html#tls-warnings
  warnings.warn(</msg>
<msg time="2024-05-09T18:18:01.699331" level="INFO">${response} = &lt;Response [200]&gt;</msg>
<var>${response}</var>
<arg>consultarAPI</arg>
<arg>/api</arg>
<doc>Sends a GET request on a previously created HTTP Session.</doc>
<status status="PASS" start="2024-05-09T18:18:01.437963" elapsed="0.261419"/>
</kw>
<kw name="Should Be Equal As Numbers" owner="BuiltIn">
<msg time="2024-05-09T18:18:01.700429" level="INFO">Argument types are:
&lt;class 'int'&gt;
&lt;class 'str'&gt;</msg>
<arg>${response.status_code}</arg>
<arg>200</arg>
<doc>Fails if objects are unequal after converting them to real numbers.</doc>
<status status="PASS" start="2024-05-09T18:18:01.699926" elapsed="0.000566"/>
</kw>
<kw name="Log" owner="BuiltIn">
<msg time="2024-05-09T18:18:01.701186" level="INFO">200</msg>
<arg>${response.status_code}</arg>
<doc>Logs the given message with the given level.</doc>
<status status="PASS" start="2024-05-09T18:18:01.700831" elapsed="0.000396"/>
</kw>
<kw name="Set Variable" owner="BuiltIn">
<msg time="2024-05-09T18:18:01.701965" level="INFO">${json_data} = {'results': [{'gender': 'male', 'name': {'title': 'Mr', 'first': 'Vedat', 'last': 'Erbulak'}, 'location': {'street': {'number': 7728, 'name': 'Tunalı Hilmi Cd'}, 'city': 'Ardahan', 'state': 'Samsun', ...</msg>
<var>${json_data}</var>
<arg>${response.json()}</arg>
<doc>Returns the given values which can then be assigned to a variables.</doc>
<status status="PASS" start="2024-05-09T18:18:01.701529" elapsed="0.000465"/>
</kw>
<kw name="Dictionary Should Contain Key" owner="Collections">
<msg time="2024-05-09T18:18:01.702493" level="INFO">False</msg>
<arg>${json_data}</arg>
<arg>results</arg>
<doc>Fails if ``key`` is not found from ``dictionary``.</doc>
<status status="PASS" start="2024-05-09T18:18:01.702298" elapsed="0.000236"/>
</kw>
<status status="PASS" start="2024-05-09T18:18:01.437718" elapsed="0.265070"/>
</kw>
<doc>Testa se a API responde corretamente e retorna um objeto JSON válido.</doc>
<tag>testeRequisicaoBasica</tag>
<status status="PASS" start="2024-05-09T18:18:01.437254" elapsed="0.265701"/>
</test>
<test id="s1-s1-t3" name="Validar estrutura de resposta" line="22">
<kw name="Teste de Estrutura de Resposta" owner="random-user-service">
<kw name="GET On Session" owner="RequestsLibrary">
<msg time="2024-05-09T18:18:01.752277" level="INFO">GET Request : url=https://randomuser.me/api 
 path_url=/api 
 headers={'User-Agent': 'python-requests/2.31.0', 'Accept-Encoding': 'gzip, deflate', 'Accept': '*/*', 'Connection': 'keep-alive'} 
 body=None 
 </msg>
<msg time="2024-05-09T18:18:01.752363" level="INFO">GET Response : url=https://randomuser.me/api 
 status=200, reason=OK 
 headers={'Date': 'Thu, 09 May 2024 18:18:01 GMT', 'Content-Type': 'application/json; charset=utf-8', 'Transfer-Encoding': 'chunked', 'Connection': 'keep-alive', 'X-Powered-By': 'Express', 'Access-Control-Allow-Origin': '*', 'Cache-Control': 'no-cache', 'ETag': 'W/"49c-bPUOOoFTZ7/RhmW9s8qB/DRqzqc"', 'Vary': 'Accept-Encoding', 'Content-Encoding': 'gzip', 'CF-Cache-Status': 'DYNAMIC', 'Report-To': '{"endpoints":[{"url":"https:\\/\\/a.nel.cloudflare.com\\/report\\/v4?s=1I667arEI5xEhkRcds2ZaGD0ypFQw7WQUAK3JcluHUHFbEtkDl21R1XnqcvVBn2EBbKSjon%2BgnF1UYjYQPT2kQVAIa1xbVsqPF3g6qIPI%2Fi%2FZ0jOJuz49PrHiNoC9Ns%2B"}],"group":"cf-nel","max_age":604800}', 'NEL': '{"success_fraction":0,"report_to":"cf-nel","max_age":604800}', 'Server': 'cloudflare', 'CF-RAY': '8813b090be9b5806-IAD', 'alt-svc': 'h3=":443"; ma=86400'} 
 body={"results":[{"gender":"male","name":{"title":"Mr","first":"Jim","last":"Nijzink"},"location":{"street":{"number":5798,"name":"Bisschop van Zoesstraat"},"city":"Terschuur","state":"Friesland","country":"Netherlands","postcode":"7144 JT","coordinates":{"latitude":"30.8484","longitude":"-99.5553"},"timezone":{"offset":"+11:00","description":"Magadan, Solomon Islands, New Caledonia"}},"email":"jim.nijzink@example.com","login":{"uuid":"78f92d30-81be-4511-80e8-c3d9e87f0240","username":"whitelion820","password":"5424","salt":"HeR5wehs","md5":"b821b2f4d2208c2462665632131cf4ee","sha1":"7d4292da84598fd9388031f128eef7fa08e780fb","sha256":"0ed4068c8af041f663a40d2d46fe5182c1da38a2acd6b4dea592d5bd689de047"},"dob":{"date":"1955-12-04T22:08:10.195Z","age":68},"registered":{"date":"2019-05-13T12:29:51.070Z","age":4},"phone":"(0904) 366035","cell":"(06) 00232681","id":{"name":"BSN","value":"02855634"},"picture":{"large":"https://randomuser.me/api/portraits/men/59.jpg","medium":"https://randomuser.me/api/portraits/med/men/59.jpg","thumbnail":"https://randomuser.me/api/portraits/thumb/men/59.jpg"},"nat":"NL"}],"info":{"seed":"d36ec6559a3ada15","results":1,"page":1,"version":"1.4"}} 
 </msg>
<msg time="2024-05-09T18:18:01.752485" level="INFO">/opt/hostedtoolcache/Python/3.12.3/x64/lib/python3.12/site-packages/urllib3/connectionpool.py:1103: InsecureRequestWarning: Unverified HTTPS request is being made to host 'randomuser.me'. Adding certificate verification is strongly advised. See: https://urllib3.readthedocs.io/en/latest/advanced-usage.html#tls-warnings
  warnings.warn(</msg>
<msg time="2024-05-09T18:18:01.752625" level="INFO">${response} = &lt;Response [200]&gt;</msg>
<var>${response}</var>
<arg>consultarAPI</arg>
<arg>/api</arg>
<doc>Sends a GET request on a previously created HTTP Session.</doc>
<status status="PASS" start="2024-05-09T18:18:01.705404" elapsed="0.047261"/>
</kw>
<kw name="Set Variable" owner="BuiltIn">
<msg time="2024-05-09T18:18:01.753706" level="INFO">${json_data} = {'results': [{'gender': 'male', 'name': {'title': 'Mr', 'first': 'Jim', 'last': 'Nijzink'}, 'location': {'street': {'number': 5798, 'name': 'Bisschop van Zoesstraat'}, 'city': 'Terschuur', 'state': 'F...</msg>
<var>${json_data}</var>
<arg>${response.json()}</arg>
<doc>Returns the given values which can then be assigned to a variables.</doc>
<status status="PASS" start="2024-05-09T18:18:01.753115" elapsed="0.000619"/>
</kw>
<kw name="Log" owner="BuiltIn">
<msg time="2024-05-09T18:18:01.754195" level="INFO">{'results': [{'gender': 'male', 'name': {'title': 'Mr', 'first': 'Jim', 'last': 'Nijzink'}, 'location': {'street': {'number': 5798, 'name': 'Bisschop van Zoesstraat'}, 'city': 'Terschuur', 'state': 'Friesland', 'country': 'Netherlands', 'postcode': '7144 JT', 'coordinates': {'latitude': '30.8484', 'longitude': '-99.5553'}, 'timezone': {'offset': '+11:00', 'description': 'Magadan, Solomon Islands, New Caledonia'}}, 'email': 'jim.nijzink@example.com', 'login': {'uuid': '78f92d30-81be-4511-80e8-c3d9e87f0240', 'username': 'whitelion820', 'password': '5424', 'salt': 'HeR5wehs', 'md5': 'b821b2f4d2208c2462665632131cf4ee', 'sha1': '7d4292da84598fd9388031f128eef7fa08e780fb', 'sha256': '0ed4068c8af041f663a40d2d46fe5182c1da38a2acd6b4dea592d5bd689de047'}, 'dob': {'date': '1955-12-04T22:08:10.195Z', 'age': 68}, 'registered': {'date': '2019-05-13T12:29:51.070Z', 'age': 4}, 'phone': '(0904) 366035', 'cell': '(06) 00232681', 'id': {'name': 'BSN', 'value': '02855634'}, 'picture': {'large': 'https://randomuser.me/api/portraits/men/59.jpg', 'medium': 'https://randomuser.me/api/portraits/med/men/59.jpg', 'thumbnail': 'https://randomuser.me/api/portraits/thumb/men/59.jpg'}, 'nat': 'NL'}], 'info': {'seed': 'd36ec6559a3ada15', 'results': 1, 'page': 1, 'version': '1.4'}}</msg>
<arg>${json_data}</arg>
<doc>Logs the given message with the given level.</doc>
<status status="PASS" start="2024-05-09T18:18:01.754040" elapsed="0.000202"/>
</kw>
<kw name="Dictionary Should Contain Key" owner="Collections">
<msg time="2024-05-09T18:18:01.754731" level="INFO">False</msg>
<arg>${json_data}</arg>
<arg>results</arg>
<doc>Fails if ``key`` is not found from ``dictionary``.</doc>
<status status="PASS" start="2024-05-09T18:18:01.754572" elapsed="0.000196"/>
</kw>
<kw name="Should Not Be Empty" owner="BuiltIn">
<msg time="2024-05-09T18:18:01.755198" level="INFO">Length is 2.</msg>
<arg>${json_data}</arg>
<doc>Verifies that the given item is not empty.</doc>
<status status="PASS" start="2024-05-09T18:18:01.755061" elapsed="0.000302"/>
</kw>
<kw name="Create List" owner="BuiltIn">
<msg time="2024-05-09T18:18:01.755818" level="INFO">${expected_keys} = ['gender', 'name', 'location', 'email', 'login']</msg>
<var>${expected_keys}</var>
<arg>gender</arg>
<arg>name</arg>
<arg>location</arg>
<arg>email</arg>
<arg>login</arg>
<doc>Returns a list containing given items.</doc>
<status status="PASS" start="2024-05-09T18:18:01.755663" elapsed="0.000180"/>
</kw>
<for flavor="IN">
<iter>
<kw name="Dictionary Should Contain Key" owner="Collections">
<msg time="2024-05-09T18:18:01.756800" level="INFO">False</msg>
<arg>${json_data['results'][0]}</arg>
<arg>${key}</arg>
<doc>Fails if ``key`` is not found from ``dictionary``.</doc>
<status status="PASS" start="2024-05-09T18:18:01.756399" elapsed="0.000438"/>
</kw>
<kw name="Log" owner="BuiltIn">
<msg time="2024-05-09T18:18:01.757493" level="INFO">{'gender': 'male', 'name': {'title': 'Mr', 'first': 'Jim', 'last': 'Nijzink'}, 'location': {'street': {'number': 5798, 'name': 'Bisschop van Zoesstraat'}, 'city': 'Terschuur', 'state': 'Friesland', 'country': 'Netherlands', 'postcode': '7144 JT', 'coordinates': {'latitude': '30.8484', 'longitude': '-99.5553'}, 'timezone': {'offset': '+11:00', 'description': 'Magadan, Solomon Islands, New Caledonia'}}, 'email': 'jim.nijzink@example.com', 'login': {'uuid': '78f92d30-81be-4511-80e8-c3d9e87f0240', 'username': 'whitelion820', 'password': '5424', 'salt': 'HeR5wehs', 'md5': 'b821b2f4d2208c2462665632131cf4ee', 'sha1': '7d4292da84598fd9388031f128eef7fa08e780fb', 'sha256': '0ed4068c8af041f663a40d2d46fe5182c1da38a2acd6b4dea592d5bd689de047'}, 'dob': {'date': '1955-12-04T22:08:10.195Z', 'age': 68}, 'registered': {'date': '2019-05-13T12:29:51.070Z', 'age': 4}, 'phone': '(0904) 366035', 'cell': '(06) 00232681', 'id': {'name': 'BSN', 'value': '02855634'}, 'picture': {'large': 'https://randomuser.me/api/portraits/men/59.jpg', 'medium': 'https://randomuser.me/api/portraits/med/men/59.jpg', 'thumbnail': 'https://randomuser.me/api/portraits/thumb/men/59.jpg'}, 'nat': 'NL'}</msg>
<arg>${json_data['results'][0]}</arg>
<doc>Logs the given message with the given level.</doc>
<status status="PASS" start="2024-05-09T18:18:01.757132" elapsed="0.000409"/>
</kw>
<kw name="Log" owner="BuiltIn">
<msg time="2024-05-09T18:18:01.757962" level="INFO">gender</msg>
<arg>${key}</arg>
<doc>Logs the given message with the given level.</doc>
<status status="PASS" start="2024-05-09T18:18:01.757836" elapsed="0.000163"/>
</kw>
<var name="${key}">gender</var>
<status status="PASS" start="2024-05-09T18:18:01.756276" elapsed="0.001937"/>
</iter>
<iter>
<kw name="Dictionary Should Contain Key" owner="Collections">
<msg time="2024-05-09T18:18:01.758920" level="INFO">False</msg>
<arg>${json_data['results'][0]}</arg>
<arg>${key}</arg>
<doc>Fails if ``key`` is not found from ``dictionary``.</doc>
<status status="PASS" start="2024-05-09T18:18:01.758547" elapsed="0.000410"/>
</kw>
<kw name="Log" owner="BuiltIn">
<msg time="2024-05-09T18:18:01.759644" level="INFO">{'gender': 'male', 'name': {'title': 'Mr', 'first': 'Jim', 'last': 'Nijzink'}, 'location': {'street': {'number': 5798, 'name': 'Bisschop van Zoesstraat'}, 'city': 'Terschuur', 'state': 'Friesland', 'country': 'Netherlands', 'postcode': '7144 JT', 'coordinates': {'latitude': '30.8484', 'longitude': '-99.5553'}, 'timezone': {'offset': '+11:00', 'description': 'Magadan, Solomon Islands, New Caledonia'}}, 'email': 'jim.nijzink@example.com', 'login': {'uuid': '78f92d30-81be-4511-80e8-c3d9e87f0240', 'username': 'whitelion820', 'password': '5424', 'salt': 'HeR5wehs', 'md5': 'b821b2f4d2208c2462665632131cf4ee', 'sha1': '7d4292da84598fd9388031f128eef7fa08e780fb', 'sha256': '0ed4068c8af041f663a40d2d46fe5182c1da38a2acd6b4dea592d5bd689de047'}, 'dob': {'date': '1955-12-04T22:08:10.195Z', 'age': 68}, 'registered': {'date': '2019-05-13T12:29:51.070Z', 'age': 4}, 'phone': '(0904) 366035', 'cell': '(06) 00232681', 'id': {'name': 'BSN', 'value': '02855634'}, 'picture': {'large': 'https://randomuser.me/api/portraits/men/59.jpg', 'medium': 'https://randomuser.me/api/portraits/med/men/59.jpg', 'thumbnail': 'https://randomuser.me/api/portraits/thumb/men/59.jpg'}, 'nat': 'NL'}</msg>
<arg>${json_data['results'][0]}</arg>
<doc>Logs the given message with the given level.</doc>
<status status="PASS" start="2024-05-09T18:18:01.759277" elapsed="0.000414"/>
</kw>
<kw name="Log" owner="BuiltIn">
<msg time="2024-05-09T18:18:01.760110" level="INFO">name</msg>
<arg>${key}</arg>
<doc>Logs the given message with the given level.</doc>
<status status="PASS" start="2024-05-09T18:18:01.759984" elapsed="0.000172"/>
</kw>
<var name="${key}">name</var>
<status status="PASS" start="2024-05-09T18:18:01.758427" elapsed="0.001942"/>
</iter>
<iter>
<kw name="Dictionary Should Contain Key" owner="Collections">
<msg time="2024-05-09T18:18:01.761043" level="INFO">False</msg>
<arg>${json_data['results'][0]}</arg>
<arg>${key}</arg>
<doc>Fails if ``key`` is not found from ``dictionary``.</doc>
<status status="PASS" start="2024-05-09T18:18:01.760657" elapsed="0.000422"/>
</kw>
<kw name="Log" owner="BuiltIn">
<msg time="2024-05-09T18:18:01.761739" level="INFO">{'gender': 'male', 'name': {'title': 'Mr', 'first': 'Jim', 'last': 'Nijzink'}, 'location': {'street': {'number': 5798, 'name': 'Bisschop van Zoesstraat'}, 'city': 'Terschuur', 'state': 'Friesland', 'country': 'Netherlands', 'postcode': '7144 JT', 'coordinates': {'latitude': '30.8484', 'longitude': '-99.5553'}, 'timezone': {'offset': '+11:00', 'description': 'Magadan, Solomon Islands, New Caledonia'}}, 'email': 'jim.nijzink@example.com', 'login': {'uuid': '78f92d30-81be-4511-80e8-c3d9e87f0240', 'username': 'whitelion820', 'password': '5424', 'salt': 'HeR5wehs', 'md5': 'b821b2f4d2208c2462665632131cf4ee', 'sha1': '7d4292da84598fd9388031f128eef7fa08e780fb', 'sha256': '0ed4068c8af041f663a40d2d46fe5182c1da38a2acd6b4dea592d5bd689de047'}, 'dob': {'date': '1955-12-04T22:08:10.195Z', 'age': 68}, 'registered': {'date': '2019-05-13T12:29:51.070Z', 'age': 4}, 'phone': '(0904) 366035', 'cell': '(06) 00232681', 'id': {'name': 'BSN', 'value': '02855634'}, 'picture': {'large': 'https://randomuser.me/api/portraits/men/59.jpg', 'medium': 'https://randomuser.me/api/portraits/med/men/59.jpg', 'thumbnail': 'https://randomuser.me/api/portraits/thumb/men/59.jpg'}, 'nat': 'NL'}</msg>
<arg>${json_data['results'][0]}</arg>
<doc>Logs the given message with the given level.</doc>
<status status="PASS" start="2024-05-09T18:18:01.761376" elapsed="0.000410"/>
</kw>
<kw name="Log" owner="BuiltIn">
<msg time="2024-05-09T18:18:01.762203" level="INFO">location</msg>
<arg>${key}</arg>
<doc>Logs the given message with the given level.</doc>
<status status="PASS" start="2024-05-09T18:18:01.762079" elapsed="0.000161"/>
</kw>
<var name="${key}">location</var>
<status status="PASS" start="2024-05-09T18:18:01.760546" elapsed="0.001931"/>
</iter>
<iter>
<kw name="Dictionary Should Contain Key" owner="Collections">
<msg time="2024-05-09T18:18:01.763148" level="INFO">False</msg>
<arg>${json_data['results'][0]}</arg>
<arg>${key}</arg>
<doc>Fails if ``key`` is not found from ``dictionary``.</doc>
<status status="PASS" start="2024-05-09T18:18:01.762763" elapsed="0.000422"/>
</kw>
<kw name="Log" owner="BuiltIn">
<msg time="2024-05-09T18:18:01.763837" level="INFO">{'gender': 'male', 'name': {'title': 'Mr', 'first': 'Jim', 'last': 'Nijzink'}, 'location': {'street': {'number': 5798, 'name': 'Bisschop van Zoesstraat'}, 'city': 'Terschuur', 'state': 'Friesland', 'country': 'Netherlands', 'postcode': '7144 JT', 'coordinates': {'latitude': '30.8484', 'longitude': '-99.5553'}, 'timezone': {'offset': '+11:00', 'description': 'Magadan, Solomon Islands, New Caledonia'}}, 'email': 'jim.nijzink@example.com', 'login': {'uuid': '78f92d30-81be-4511-80e8-c3d9e87f0240', 'username': 'whitelion820', 'password': '5424', 'salt': 'HeR5wehs', 'md5': 'b821b2f4d2208c2462665632131cf4ee', 'sha1': '7d4292da84598fd9388031f128eef7fa08e780fb', 'sha256': '0ed4068c8af041f663a40d2d46fe5182c1da38a2acd6b4dea592d5bd689de047'}, 'dob': {'date': '1955-12-04T22:08:10.195Z', 'age': 68}, 'registered': {'date': '2019-05-13T12:29:51.070Z', 'age': 4}, 'phone': '(0904) 366035', 'cell': '(06) 00232681', 'id': {'name': 'BSN', 'value': '02855634'}, 'picture': {'large': 'https://randomuser.me/api/portraits/men/59.jpg', 'medium': 'https://randomuser.me/api/portraits/med/men/59.jpg', 'thumbnail': 'https://randomuser.me/api/portraits/thumb/men/59.jpg'}, 'nat': 'NL'}</msg>
<arg>${json_data['results'][0]}</arg>
<doc>Logs the given message with the given level.</doc>
<status status="PASS" start="2024-05-09T18:18:01.763483" elapsed="0.000401"/>
</kw>
<kw name="Log" owner="BuiltIn">
<msg time="2024-05-09T18:18:01.764298" level="INFO">email</msg>
<arg>${key}</arg>
<doc>Logs the given message with the given level.</doc>
<status status="PASS" start="2024-05-09T18:18:01.764172" elapsed="0.000163"/>
</kw>
<var name="${key}">email</var>
<status status="PASS" start="2024-05-09T18:18:01.762652" elapsed="0.001895"/>
</iter>
<iter>
<kw name="Dictionary Should Contain Key" owner="Collections">
<msg time="2024-05-09T18:18:01.765219" level="INFO">False</msg>
<arg>${json_data['results'][0]}</arg>
<arg>${key}</arg>
<doc>Fails if ``key`` is not found from ``dictionary``.</doc>
<status status="PASS" start="2024-05-09T18:18:01.764828" elapsed="0.000428"/>
</kw>
<kw name="Log" owner="BuiltIn">
<msg time="2024-05-09T18:18:01.765915" level="INFO">{'gender': 'male', 'name': {'title': 'Mr', 'first': 'Jim', 'last': 'Nijzink'}, 'location': {'street': {'number': 5798, 'name': 'Bisschop van Zoesstraat'}, 'city': 'Terschuur', 'state': 'Friesland', 'country': 'Netherlands', 'postcode': '7144 JT', 'coordinates': {'latitude': '30.8484', 'longitude': '-99.5553'}, 'timezone': {'offset': '+11:00', 'description': 'Magadan, Solomon Islands, New Caledonia'}}, 'email': 'jim.nijzink@example.com', 'login': {'uuid': '78f92d30-81be-4511-80e8-c3d9e87f0240', 'username': 'whitelion820', 'password': '5424', 'salt': 'HeR5wehs', 'md5': 'b821b2f4d2208c2462665632131cf4ee', 'sha1': '7d4292da84598fd9388031f128eef7fa08e780fb', 'sha256': '0ed4068c8af041f663a40d2d46fe5182c1da38a2acd6b4dea592d5bd689de047'}, 'dob': {'date': '1955-12-04T22:08:10.195Z', 'age': 68}, 'registered': {'date': '2019-05-13T12:29:51.070Z', 'age': 4}, 'phone': '(0904) 366035', 'cell': '(06) 00232681', 'id': {'name': 'BSN', 'value': '02855634'}, 'picture': {'large': 'https://randomuser.me/api/portraits/men/59.jpg', 'medium': 'https://randomuser.me/api/portraits/med/men/59.jpg', 'thumbnail': 'https://randomuser.me/api/portraits/thumb/men/59.jpg'}, 'nat': 'NL'}</msg>
<arg>${json_data['results'][0]}</arg>
<doc>Logs the given message with the given level.</doc>
<status status="PASS" start="2024-05-09T18:18:01.765548" elapsed="0.000414"/>
</kw>
<kw name="Log" owner="BuiltIn">
<msg time="2024-05-09T18:18:01.766414" level="INFO">login</msg>
<arg>${key}</arg>
<doc>Logs the given message with the given level.</doc>
<status status="PASS" start="2024-05-09T18:18:01.766255" elapsed="0.000200"/>
</kw>
<var name="${key}">login</var>
<status status="PASS" start="2024-05-09T18:18:01.764719" elapsed="0.001983"/>
</iter>
<var>${key}</var>
<value>@{expected_keys}</value>
<status status="PASS" start="2024-05-09T18:18:01.756095" elapsed="0.010730"/>
</for>
<kw name="Create List" owner="BuiltIn">
<msg time="2024-05-09T18:18:01.767153" level="INFO">${expected_keysTwo} = ['username', 'password']</msg>
<var>${expected_keysTwo}</var>
<arg>username</arg>
<arg>password</arg>
<doc>Returns a list containing given items.</doc>
<status status="PASS" start="2024-05-09T18:18:01.767016" elapsed="0.000160"/>
</kw>
<for flavor="IN">
<iter>
<kw name="Dictionary Should Contain Key" owner="Collections">
<msg time="2024-05-09T18:18:01.768052" level="INFO">False</msg>
<arg>${json_data['results'][0]['login']}</arg>
<arg>${keyTwo}</arg>
<doc>Fails if ``key`` is not found from ``dictionary``.</doc>
<status status="PASS" start="2024-05-09T18:18:01.767669" elapsed="0.000419"/>
</kw>
<kw name="Dictionary Should Contain Key" owner="Collections">
<msg time="2024-05-09T18:18:01.768754" level="INFO">False</msg>
<arg>${json_data['results'][0]['login']}</arg>
<arg>${keyTwo}</arg>
<doc>Fails if ``key`` is not found from ``dictionary``.</doc>
<status status="PASS" start="2024-05-09T18:18:01.768380" elapsed="0.000410"/>
</kw>
<kw name="Log" owner="BuiltIn">
<msg time="2024-05-09T18:18:01.769207" level="INFO">username</msg>
<arg>${keyTwo}</arg>
<doc>Logs the given message with the given level.</doc>
<status status="PASS" start="2024-05-09T18:18:01.769081" elapsed="0.000167"/>
</kw>
<var name="${keyTwo}">username</var>
<status status="PASS" start="2024-05-09T18:18:01.767563" elapsed="0.001898"/>
</iter>
<iter>
<kw name="Dictionary Should Contain Key" owner="Collections">
<msg time="2024-05-09T18:18:01.770211" level="INFO">False</msg>
<arg>${json_data['results'][0]['login']}</arg>
<arg>${keyTwo}</arg>
<doc>Fails if ``key`` is not found from ``dictionary``.</doc>
<status status="PASS" start="2024-05-09T18:18:01.769746" elapsed="0.000504"/>
</kw>
<kw name="Dictionary Should Contain Key" owner="Collections">
<msg time="2024-05-09T18:18:01.770957" level="INFO">False</msg>
<arg>${json_data['results'][0]['login']}</arg>
<arg>${keyTwo}</arg>
<doc>Fails if ``key`` is not found from ``dictionary``.</doc>
<status status="PASS" start="2024-05-09T18:18:01.770577" elapsed="0.000417"/>
</kw>
<kw name="Log" owner="BuiltIn">
<msg time="2024-05-09T18:18:01.771411" level="INFO">password</msg>
<arg>${keyTwo}</arg>
<doc>Logs the given message with the given level.</doc>
<status status="PASS" start="2024-05-09T18:18:01.771284" elapsed="0.000169"/>
</kw>
<var name="${keyTwo}">password</var>
<status status="PASS" start="2024-05-09T18:18:01.769632" elapsed="0.002035"/>
</iter>
<var>${keyTwo}</var>
<value>@{expected_keysTwo}</value>
<status status="PASS" start="2024-05-09T18:18:01.767411" elapsed="0.004374"/>
</for>
<status status="PASS" start="2024-05-09T18:18:01.705173" elapsed="0.066746"/>
</kw>
<doc>Testa a estrutura da resposta da API.</doc>
<tag>testeEstruturaResposta</tag>
<status status="PASS" start="2024-05-09T18:18:01.704703" elapsed="0.067363"/>
</test>
<test id="s1-s1-t4" name="Validar tipos de dados" line="28">
<kw name="Teste de Tipos de Dados" owner="random-user-service">
<kw name="GET On Session" owner="RequestsLibrary">
<msg time="2024-05-09T18:18:01.881648" level="INFO">GET Request : url=https://randomuser.me/api 
 path_url=/api 
 headers={'User-Agent': 'python-requests/2.31.0', 'Accept-Encoding': 'gzip, deflate', 'Accept': '*/*', 'Connection': 'keep-alive'} 
 body=None 
 </msg>
<msg time="2024-05-09T18:18:01.881733" level="INFO">GET Response : url=https://randomuser.me/api 
 status=200, reason=OK 
 headers={'Date': 'Thu, 09 May 2024 18:18:01 GMT', 'Content-Type': 'application/json; charset=utf-8', 'Transfer-Encoding': 'chunked', 'Connection': 'keep-alive', 'X-Powered-By': 'Express', 'Access-Control-Allow-Origin': '*', 'Cache-Control': 'no-cache', 'ETag': 'W/"48c-+GZuSrmugIQvzEX9o3WpiFX/l8o"', 'Vary': 'Accept-Encoding', 'Content-Encoding': 'gzip', 'CF-Cache-Status': 'DYNAMIC', 'Report-To': '{"endpoints":[{"url":"https:\\/\\/a.nel.cloudflare.com\\/report\\/v4?s=97UiP8HnHmyQaCnUFOp0s4iZweMRAO0%2B0b6SitTqKiaiEaIbyW5QHkpcE3%2Bu%2Fm7gz%2FKBEC29iGoi%2B2uGHi%2FPdjLJu0tRW92ONaqGJrNAycYGapsar3Bp04nlpb%2BPOTT8"}],"group":"cf-nel","max_age":604800}', 'NEL': '{"success_fraction":0,"report_to":"cf-nel","max_age":604800}', 'Server': 'cloudflare', 'CF-RAY': '8813b0911f115806-IAD', 'alt-svc': 'h3=":443"; ma=86400'} 
 body={"results":[{"gender":"female","name":{"title":"Miss","first":"Frida","last":"Rasmussen"},"location":{"street":{"number":9151,"name":"Gefionsvej"},"city":"Brøndby Strand","state":"Nordjylland","country":"Denmark","postcode":61884,"coordinates":{"latitude":"-39.6246","longitude":"173.6794"},"timezone":{"offset":"-12:00","description":"Eniwetok, Kwajalein"}},"email":"frida.rasmussen@example.com","login":{"uuid":"5e00e328-9a24-49f8-ae29-7d3b9fa5849e","username":"organickoala857","password":"blue42","salt":"NitJ8Iz5","md5":"10934c907c4bc7138ff8f2dd5aae9810","sha1":"bfc62180e21b207c4daf27e78b70957e1dff1313","sha256":"e442e2889e570900ffbadd44aa1b217639e3ea356c5f9c4741edd4b120c1d009"},"dob":{"date":"1958-02-07T20:10:53.580Z","age":66},"registered":{"date":"2016-07-22T07:26:27.302Z","age":7},"phone":"96353596","cell":"82471143","id":{"name":"CPR","value":"070258-2892"},"picture":{"large":"https://randomuser.me/api/portraits/women/58.jpg","medium":"https://randomuser.me/api/portraits/med/women/58.jpg","thumbnail":"https://randomuser.me/api/portraits/thumb/women/58.jpg"},"nat":"DK"}],"info":{"seed":"495b52709db541dc","results":1,"page":1,"version":"1.4"}} 
 </msg>
<msg time="2024-05-09T18:18:01.881808" level="INFO">/opt/hostedtoolcache/Python/3.12.3/x64/lib/python3.12/site-packages/urllib3/connectionpool.py:1103: InsecureRequestWarning: Unverified HTTPS request is being made to host 'randomuser.me'. Adding certificate verification is strongly advised. See: https://urllib3.readthedocs.io/en/latest/advanced-usage.html#tls-warnings
  warnings.warn(</msg>
<msg time="2024-05-09T18:18:01.881904" level="INFO">${response} = &lt;Response [200]&gt;</msg>
<var>${response}</var>
<arg>consultarAPI</arg>
<arg>/api</arg>
<doc>Sends a GET request on a previously created HTTP Session.</doc>
<status status="PASS" start="2024-05-09T18:18:01.774436" elapsed="0.107509"/>
</kw>
<kw name="Set Variable" owner="BuiltIn">
<msg time="2024-05-09T18:18:01.882993" level="INFO">${json_data} = {'results': [{'gender': 'female', 'name': {'title': 'Miss', 'first': 'Frida', 'last': 'Rasmussen'}, 'location': {'street': {'number': 9151, 'name': 'Gefionsvej'}, 'city': 'Brøndby Strand', 'state': 'N...</msg>
<var>${json_data}</var>
<arg>${response.json()}</arg>
<doc>Returns the given values which can then be assigned to a variables.</doc>
<status status="PASS" start="2024-05-09T18:18:01.882428" elapsed="0.000594"/>
</kw>
<kw name="Log" owner="BuiltIn">
<msg time="2024-05-09T18:18:01.883483" level="INFO">{'results': [{'gender': 'female', 'name': {'title': 'Miss', 'first': 'Frida', 'last': 'Rasmussen'}, 'location': {'street': {'number': 9151, 'name': 'Gefionsvej'}, 'city': 'Brøndby Strand', 'state': 'Nordjylland', 'country': 'Denmark', 'postcode': 61884, 'coordinates': {'latitude': '-39.6246', 'longitude': '173.6794'}, 'timezone': {'offset': '-12:00', 'description': 'Eniwetok, Kwajalein'}}, 'email': 'frida.rasmussen@example.com', 'login': {'uuid': '5e00e328-9a24-49f8-ae29-7d3b9fa5849e', 'username': 'organickoala857', 'password': 'blue42', 'salt': 'NitJ8Iz5', 'md5': '10934c907c4bc7138ff8f2dd5aae9810', 'sha1': 'bfc62180e21b207c4daf27e78b70957e1dff1313', 'sha256': 'e442e2889e570900ffbadd44aa1b217639e3ea356c5f9c4741edd4b120c1d009'}, 'dob': {'date': '1958-02-07T20:10:53.580Z', 'age': 66}, 'registered': {'date': '2016-07-22T07:26:27.302Z', 'age': 7}, 'phone': '96353596', 'cell': '82471143', 'id': {'name': 'CPR', 'value': '070258-2892'}, 'picture': {'large': 'https://randomuser.me/api/portraits/women/58.jpg', 'medium': 'https://randomuser.me/api/portraits/med/women/58.jpg', 'thumbnail': 'https://randomuser.me/api/portraits/thumb/women/58.jpg'}, 'nat': 'DK'}], 'info': {'seed': '495b52709db541dc', 'results': 1, 'page': 1, 'version': '1.4'}}</msg>
<arg>${json_data}</arg>
<doc>Logs the given message with the given level.</doc>
<status status="PASS" start="2024-05-09T18:18:01.883329" elapsed="0.000235"/>
</kw>
<kw name="Should Be String" owner="String">
<arg>${json_data['results'][0]['gender']}</arg>
<doc>Fails if the given ``item`` is not a string.</doc>
<status status="PASS" start="2024-05-09T18:18:01.883859" elapsed="0.000360"/>
</kw>
<kw name="Should Match Regexp" owner="BuiltIn">
<arg>${json_data['results'][0]['email']}</arg>
<arg>^[a-zA-Z0-9._%+-]+@[a-zA-Z0-9.-]+\.[a-zA-Z]{2,}$</arg>
<doc>Fails if ``string`` does not match ``pattern`` as a regular expression.</doc>
<status status="PASS" start="2024-05-09T18:18:01.884411" elapsed="0.000498"/>
</kw>
<kw name="Should Match Regexp" owner="BuiltIn">
<arg>${json_data['results'][0]['dob']['date']}</arg>
<arg>\\d{4}-\\d{2}-\\d{2}T\\d{2}:\\d{2}:\\d{2}\\.\\d{3}Z</arg>
<doc>Fails if ``string`` does not match ``pattern`` as a regular expression.</doc>
<status status="PASS" start="2024-05-09T18:18:01.885112" elapsed="0.000478"/>
</kw>
<kw name="Should Match Regexp" owner="BuiltIn">
<arg>${json_data['results'][0]['registered']['date']}</arg>
<arg>\\d{4}-\\d{2}-\\d{2}T\\d{2}:\\d{2}:\\d{2}\\.\\d{3}Z</arg>
<doc>Fails if ``string`` does not match ``pattern`` as a regular expression.</doc>
<status status="PASS" start="2024-05-09T18:18:01.885778" elapsed="0.000370"/>
</kw>
<kw name="Should Match Regexp" owner="BuiltIn">
<arg>${json_data['results'][0]['picture']['large']}</arg>
<arg>^https?://.*\.(?:png|jpe?g|gif|bmp)$</arg>
<doc>Fails if ``string`` does not match ``pattern`` as a regular expression.</doc>
<status status="PASS" start="2024-05-09T18:18:01.886337" elapsed="0.000502"/>
</kw>
<kw name="Should Match Regexp" owner="BuiltIn">
<arg>${json_data['results'][0]['picture']['medium']}</arg>
<arg>^https?://.*\.(?:png|jpe?g|gif|bmp)$</arg>
<doc>Fails if ``string`` does not match ``pattern`` as a regular expression.</doc>
<status status="PASS" start="2024-05-09T18:18:01.887028" elapsed="0.000365"/>
</kw>
<kw name="Should Match Regexp" owner="BuiltIn">
<arg>${json_data['results'][0]['picture']['thumbnail']}</arg>
<arg>^https?://.*\.(?:png|jpe?g|gif|bmp)$</arg>
<doc>Fails if ``string`` does not match ``pattern`` as a regular expression.</doc>
<status status="PASS" start="2024-05-09T18:18:01.887581" elapsed="0.000351"/>
</kw>
<kw name="Log" owner="BuiltIn">
<msg time="2024-05-09T18:18:01.888432" level="INFO">{'large': 'https://randomuser.me/api/portraits/women/58.jpg', 'medium': 'https://randomuser.me/api/portraits/med/women/58.jpg', 'thumbnail': 'https://randomuser.me/api/portraits/thumb/women/58.jpg'}</msg>
<arg>${json_data['results'][0]['picture']}</arg>
<doc>Logs the given message with the given level.</doc>
<status status="PASS" start="2024-05-09T18:18:01.888108" elapsed="0.000365"/>
</kw>
<status status="PASS" start="2024-05-09T18:18:01.774196" elapsed="0.114526"/>
</kw>
<kw name="Teste de Tipos de Dados - Postcode" owner="random-user-service">
<kw name="GET On Session" owner="RequestsLibrary">
<msg time="2024-05-09T18:18:01.955619" level="INFO">GET Request : url=https://randomuser.me/api 
 path_url=/api 
 headers={'User-Agent': 'python-requests/2.31.0', 'Accept-Encoding': 'gzip, deflate', 'Accept': '*/*', 'Connection': 'keep-alive'} 
 body=None 
 </msg>
<msg time="2024-05-09T18:18:01.955701" level="INFO">GET Response : url=https://randomuser.me/api 
 status=200, reason=OK 
 headers={'Date': 'Thu, 09 May 2024 18:18:01 GMT', 'Content-Type': 'application/json; charset=utf-8', 'Transfer-Encoding': 'chunked', 'Connection': 'keep-alive', 'X-Powered-By': 'Express', 'Access-Control-Allow-Origin': '*', 'Cache-Control': 'no-cache', 'ETag': 'W/"48d-+VU96zTZVYD3I1qc91j2BT5q6CU"', 'Vary': 'Accept-Encoding', 'Content-Encoding': 'gzip', 'CF-Cache-Status': 'DYNAMIC', 'Report-To': '{"endpoints":[{"url":"https:\\/\\/a.nel.cloudflare.com\\/report\\/v4?s=n0KAtIdVmWC%2FWazsW7oiuaN4M724mC19Y87H1OMFCzSKIB6hUL1eFa2lJ%2BFCt0Wq2%2F3YuQPSdEMoIlbyfj5Upz%2Fz0AWkDj0Z3J3oyZ2XR7ZyJ3T7W5thaI%2FrHHvkmVGy"}],"group":"cf-nel","max_age":604800}', 'NEL': '{"success_fraction":0,"report_to":"cf-nel","max_age":604800}', 'Server': 'cloudflare', 'CF-RAY': '8813b091d8055806-IAD', 'alt-svc': 'h3=":443"; ma=86400'} 
 body={"results":[{"gender":"male","name":{"title":"Mr","first":"Bastian","last":"Kielland"},"location":{"street":{"number":8880,"name":"Åsaveien"},"city":"Oslo","state":"Møre og Romsdal","country":"Norway","postcode":"0881","coordinates":{"latitude":"41.0944","longitude":"-8.7386"},"timezone":{"offset":"+3:00","description":"Baghdad, Riyadh, Moscow, St. Petersburg"}},"email":"bastian.kielland@example.com","login":{"uuid":"168ef963-9c24-4a17-8411-f570db32c5c6","username":"beautifulbird964","password":"destiny","salt":"KWiqOhDH","md5":"e053be4e354bbd12556be654b92d68aa","sha1":"9a79cbbddc529a38979fd45523d5cbfc44997731","sha256":"56294c49eba4978c900086cd42353b09f17e5b18fc0fe777845f2013f8f57964"},"dob":{"date":"1963-02-13T13:28:33.437Z","age":61},"registered":{"date":"2011-03-27T10:48:59.437Z","age":13},"phone":"87218384","cell":"97492866","id":{"name":"FN","value":"13026332332"},"picture":{"large":"https://randomuser.me/api/portraits/men/5.jpg","medium":"https://randomuser.me/api/portraits/med/men/5.jpg","thumbnail":"https://randomuser.me/api/portraits/thumb/men/5.jpg"},"nat":"NO"}],"info":{"seed":"17b9eee9305bb575","results":1,"page":1,"version":"1.4"}} 
 </msg>
<msg time="2024-05-09T18:18:01.955774" level="INFO">/opt/hostedtoolcache/Python/3.12.3/x64/lib/python3.12/site-packages/urllib3/connectionpool.py:1103: InsecureRequestWarning: Unverified HTTPS request is being made to host 'randomuser.me'. Adding certificate verification is strongly advised. See: https://urllib3.readthedocs.io/en/latest/advanced-usage.html#tls-warnings
  warnings.warn(</msg>
<msg time="2024-05-09T18:18:01.955887" level="INFO">${response} = &lt;Response [200]&gt;</msg>
<var>${response}</var>
<arg>consultarAPI</arg>
<arg>/api</arg>
<doc>Sends a GET request on a previously created HTTP Session.</doc>
<status status="PASS" start="2024-05-09T18:18:01.889148" elapsed="0.066792"/>
</kw>
<kw name="Set Variable" owner="BuiltIn">
<msg time="2024-05-09T18:18:01.957013" level="INFO">${json_data} = {'results': [{'gender': 'male', 'name': {'title': 'Mr', 'first': 'Bastian', 'last': 'Kielland'}, 'location': {'street': {'number': 8880, 'name': 'Åsaveien'}, 'city': 'Oslo', 'state': 'Møre og Romsdal'...</msg>
<var>${json_data}</var>
<arg>${response.json()}</arg>
<doc>Returns the given values which can then be assigned to a variables.</doc>
<status status="PASS" start="2024-05-09T18:18:01.956422" elapsed="0.000620"/>
</kw>
<kw name="Log" owner="BuiltIn">
<msg time="2024-05-09T18:18:01.957506" level="INFO">{'results': [{'gender': 'male', 'name': {'title': 'Mr', 'first': 'Bastian', 'last': 'Kielland'}, 'location': {'street': {'number': 8880, 'name': 'Åsaveien'}, 'city': 'Oslo', 'state': 'Møre og Romsdal', 'country': 'Norway', 'postcode': '0881', 'coordinates': {'latitude': '41.0944', 'longitude': '-8.7386'}, 'timezone': {'offset': '+3:00', 'description': 'Baghdad, Riyadh, Moscow, St. Petersburg'}}, 'email': 'bastian.kielland@example.com', 'login': {'uuid': '168ef963-9c24-4a17-8411-f570db32c5c6', 'username': 'beautifulbird964', 'password': 'destiny', 'salt': 'KWiqOhDH', 'md5': 'e053be4e354bbd12556be654b92d68aa', 'sha1': '9a79cbbddc529a38979fd45523d5cbfc44997731', 'sha256': '56294c49eba4978c900086cd42353b09f17e5b18fc0fe777845f2013f8f57964'}, 'dob': {'date': '1963-02-13T13:28:33.437Z', 'age': 61}, 'registered': {'date': '2011-03-27T10:48:59.437Z', 'age': 13}, 'phone': '87218384', 'cell': '97492866', 'id': {'name': 'FN', 'value': '13026332332'}, 'picture': {'large': 'https://randomuser.me/api/portraits/men/5.jpg', 'medium': 'https://randomuser.me/api/portraits/med/men/5.jpg', 'thumbnail': 'https://randomuser.me/api/portraits/thumb/men/5.jpg'}, 'nat': 'NO'}], 'info': {'seed': '17b9eee9305bb575', 'results': 1, 'page': 1, 'version': '1.4'}}</msg>
<arg>${json_data}</arg>
<doc>Logs the given message with the given level.</doc>
<status status="PASS" start="2024-05-09T18:18:01.957351" elapsed="0.000234"/>
</kw>
<kw name="Should Be Equal As Numbers" owner="BuiltIn">
<arg>${json_data['results'][0]['location']['postcode']}</arg>
<arg>${json_data['results'][0]['location']['postcode']}</arg>
<doc>Fails if objects are unequal after converting them to real numbers.</doc>
<status status="PASS" start="2024-05-09T18:18:01.958006" elapsed="0.000658"/>
</kw>
<kw name="Log" owner="BuiltIn">
<msg time="2024-05-09T18:18:01.959195" level="INFO">0881</msg>
<arg>${json_data['results'][0]['location']['postcode']}</arg>
<doc>Logs the given message with the given level.</doc>
<status status="PASS" start="2024-05-09T18:18:01.958858" elapsed="0.000376"/>
</kw>
<status status="PASS" start="2024-05-09T18:18:01.888931" elapsed="0.070554"/>
</kw>
<doc>Testa se os tipos de dados na resposta da API estão corretos.</doc>
<tag>testeTiposDados</tag>
<status status="PASS" start="2024-05-09T18:18:01.773779" elapsed="0.185861"/>
</test>
<test id="s1-s1-t5" name="Validar conteudo" line="35">
<kw name="Teste de Tipos de Conteudo" owner="random-user-service">
<kw name="GET On Session" owner="RequestsLibrary">
<msg time="2024-05-09T18:18:02.084828" level="INFO">GET Request : url=https://randomuser.me/api 
 path_url=/api 
 headers={'User-Agent': 'python-requests/2.31.0', 'Accept-Encoding': 'gzip, deflate', 'Accept': '*/*', 'Connection': 'keep-alive'} 
 body=None 
 </msg>
<msg time="2024-05-09T18:18:02.084909" level="INFO">GET Response : url=https://randomuser.me/api 
 status=200, reason=OK 
 headers={'Date': 'Thu, 09 May 2024 18:18:02 GMT', 'Content-Type': 'application/json; charset=utf-8', 'Transfer-Encoding': 'chunked', 'Connection': 'keep-alive', 'X-Powered-By': 'Express', 'Access-Control-Allow-Origin': '*', 'Cache-Control': 'no-cache', 'ETag': 'W/"46e-HfhCqzCeI57ZIF/kWDbZuNnNXL8"', 'Vary': 'Accept-Encoding', 'Content-Encoding': 'gzip', 'CF-Cache-Status': 'DYNAMIC', 'Report-To': '{"endpoints":[{"url":"https:\\/\\/a.nel.cloudflare.com\\/report\\/v4?s=grwi96IiM%2FQNPChkWXNfN0yAefokS7I7VQkgzLSVCbvllceZZSC%2FwJKBsGdGbsvCJwv9XT%2BhLOzgKA%2BSb9qtGZ7ezWpxc%2BYxLkfgSYlyMRLS6ipX%2FnOcmWEXpModzUkq"}],"group":"cf-nel","max_age":604800}', 'NEL': '{"success_fraction":0,"report_to":"cf-nel","max_age":604800}', 'Server': 'cloudflare', 'CF-RAY': '8813b092489c5806-IAD', 'alt-svc': 'h3=":443"; ma=86400'} 
 body={"results":[{"gender":"female","name":{"title":"Ms","first":"Susie","last":"May"},"location":{"street":{"number":7394,"name":"High Street"},"city":"Carrick-on-Shannon","state":"Meath","country":"Ireland","postcode":94286,"coordinates":{"latitude":"-0.4856","longitude":"145.4280"},"timezone":{"offset":"+4:30","description":"Kabul"}},"email":"susie.may@example.com","login":{"uuid":"e9dab52a-e5c4-4b65-b348-f6ccf49f6dd6","username":"orangezebra485","password":"dana","salt":"wXsQxxRn","md5":"b283240b32d54af363d008a6b714709c","sha1":"73f84004e4a4872505ab8432ee3bc6c382cbc7a8","sha256":"9b3bc8bb339ea300f9545870261da5ab1c26833be955920d014ede888024a0e8"},"dob":{"date":"1990-07-19T16:12:15.467Z","age":33},"registered":{"date":"2018-04-06T04:19:48.658Z","age":6},"phone":"031-694-8846","cell":"081-375-7908","id":{"name":"PPS","value":"4051054T"},"picture":{"large":"https://randomuser.me/api/portraits/women/92.jpg","medium":"https://randomuser.me/api/portraits/med/women/92.jpg","thumbnail":"https://randomuser.me/api/portraits/thumb/women/92.jpg"},"nat":"IE"}],"info":{"seed":"566ceedc5f0d824c","results":1,"page":1,"version":"1.4"}} 
 </msg>
<msg time="2024-05-09T18:18:02.084975" level="INFO">/opt/hostedtoolcache/Python/3.12.3/x64/lib/python3.12/site-packages/urllib3/connectionpool.py:1103: InsecureRequestWarning: Unverified HTTPS request is being made to host 'randomuser.me'. Adding certificate verification is strongly advised. See: https://urllib3.readthedocs.io/en/latest/advanced-usage.html#tls-warnings
  warnings.warn(</msg>
<msg time="2024-05-09T18:18:02.085086" level="INFO">${response} = &lt;Response [200]&gt;</msg>
<var>${response}</var>
<arg>consultarAPI</arg>
<arg>/api</arg>
<doc>Sends a GET request on a previously created HTTP Session.</doc>
<status status="PASS" start="2024-05-09T18:18:01.962405" elapsed="0.122729"/>
</kw>
<kw name="Set Variable" owner="BuiltIn">
<msg time="2024-05-09T18:18:02.086190" level="INFO">${json_data} = {'results': [{'gender': 'female', 'name': {'title': 'Ms', 'first': 'Susie', 'last': 'May'}, 'location': {'street': {'number': 7394, 'name': 'High Street'}, 'city': 'Carrick-on-Shannon', 'state': 'Meat...</msg>
<var>${json_data}</var>
<arg>${response.json()}</arg>
<doc>Returns the given values which can then be assigned to a variables.</doc>
<status status="PASS" start="2024-05-09T18:18:02.085623" elapsed="0.000596"/>
</kw>
<kw name="Set Variable" owner="BuiltIn">
<msg time="2024-05-09T18:18:02.086958" level="INFO">${name_title} = Ms</msg>
<var>${name_title}</var>
<arg>${json_data["results"][0]["name"]["title"]}</arg>
<doc>Returns the given values which can then be assigned to a variables.</doc>
<status status="PASS" start="2024-05-09T18:18:02.086572" elapsed="0.000411"/>
</kw>
<kw name="Create List" owner="BuiltIn">
<msg time="2024-05-09T18:18:02.087433" level="INFO">${allowed_titles} = ['Mr', 'Ms', 'Miss', 'Mrs', 'Madame', 'Monsieur']</msg>
<var>${allowed_titles}</var>
<arg>Mr</arg>
<arg>Ms</arg>
<arg>Miss</arg>
<arg>Mrs</arg>
<arg>Madame</arg>
<arg>Monsieur</arg>
<doc>Returns a list containing given items.</doc>
<status status="PASS" start="2024-05-09T18:18:02.087285" elapsed="0.000171"/>
</kw>
<kw name="List Should Contain Value" owner="Collections">
<msg time="2024-05-09T18:18:02.087927" level="INFO">False</msg>
<arg>${allowed_titles}</arg>
<arg>${name_title}</arg>
<doc>Fails if the ``value`` is not found from ``list``.</doc>
<status status="PASS" start="2024-05-09T18:18:02.087758" elapsed="0.000206"/>
</kw>
<kw name="Set Variable" owner="BuiltIn">
<msg time="2024-05-09T18:18:02.088645" level="INFO">${name_country} = IE</msg>
<var>${name_country}</var>
<arg>${json_data["results"][0]["nat"]}</arg>
<doc>Returns the given values which can then be assigned to a variables.</doc>
<status status="PASS" start="2024-05-09T18:18:02.088266" elapsed="0.000404"/>
</kw>
<kw name="Create List" owner="BuiltIn">
<msg time="2024-05-09T18:18:02.089557" level="INFO">${list_country} = ['AD', 'AE', 'AF', 'AG', 'AI', 'AL', 'AM', 'AO', 'AQ', 'AR', 'AS', 'AT', 'AU', 'AW', 'AX', 'AZ', 'BA', 'BB', 'BD', 'BE', 'BF', 'BG', 'BH', 'BI', 'BJ', 'BL', 'BM', 'BN', 'BO', 'BQ', 'BR', 'BS', 'BT', '...</msg>
<var>${list_country}</var>
<arg>AD</arg>
<arg>AE</arg>
<arg>AF</arg>
<arg>AG</arg>
<arg>AI</arg>
<arg>AL</arg>
<arg>AM</arg>
<arg>AO</arg>
<arg>AQ</arg>
<arg>AR</arg>
<arg>AS</arg>
<arg>AT</arg>
<arg>AU</arg>
<arg>AW</arg>
<arg>AX</arg>
<arg>AZ</arg>
<arg>BA</arg>
<arg>BB</arg>
<arg>BD</arg>
<arg>BE</arg>
<arg>BF</arg>
<arg>BG</arg>
<arg>BH</arg>
<arg>BI</arg>
<arg>BJ</arg>
<arg>BL</arg>
<arg>BM</arg>
<arg>BN</arg>
<arg>BO</arg>
<arg>BQ</arg>
<arg>BR</arg>
<arg>BS</arg>
<arg>BT</arg>
<arg>BV</arg>
<arg>BW</arg>
<arg>BY</arg>
<arg>BZ</arg>
<arg>CA</arg>
<arg>CC</arg>
<arg>CD</arg>
<arg>CF</arg>
<arg>CG</arg>
<arg>CH</arg>
<arg>CI</arg>
<arg>CK</arg>
<arg>CL</arg>
<arg>CM</arg>
<arg>CN</arg>
<arg>CO</arg>
<arg>CR</arg>
<arg>CU</arg>
<arg>CV</arg>
<arg>CW</arg>
<arg>CX</arg>
<arg>CY</arg>
<arg>CZ</arg>
<arg>DE</arg>
<arg>DJ</arg>
<arg>DK</arg>
<arg>DM</arg>
<arg>DO</arg>
<arg>DZ</arg>
<arg>EC</arg>
<arg>EE</arg>
<arg>EG</arg>
<arg>EH</arg>
<arg>ER</arg>
<arg>ES</arg>
<arg>ET</arg>
<arg>FI</arg>
<arg>FJ</arg>
<arg>FK</arg>
<arg>FM</arg>
<arg>FO</arg>
<arg>FR</arg>
<arg>GA</arg>
<arg>GB</arg>
<arg>GD</arg>
<arg>GE</arg>
<arg>GF</arg>
<arg>GG</arg>
<arg>GH</arg>
<arg>GI</arg>
<arg>GL</arg>
<arg>GM</arg>
<arg>GN</arg>
<arg>GP</arg>
<arg>GQ</arg>
<arg>GR</arg>
<arg>GS</arg>
<arg>GT</arg>
<arg>GU</arg>
<arg>GW</arg>
<arg>GY</arg>
<arg>HK</arg>
<arg>HM</arg>
<arg>HN</arg>
<arg>HR</arg>
<arg>HT</arg>
<arg>HU</arg>
<arg>ID</arg>
<arg>IE</arg>
<arg>IL</arg>
<arg>IM</arg>
<arg>IN</arg>
<arg>IO</arg>
<arg>IQ</arg>
<arg>IR</arg>
<arg>IS</arg>
<arg>IT</arg>
<arg>JE</arg>
<arg>JM</arg>
<arg>JO</arg>
<arg>JP</arg>
<arg>KE</arg>
<arg>KG</arg>
<arg>KH</arg>
<arg>KI</arg>
<arg>KM</arg>
<arg>KN</arg>
<arg>KP</arg>
<arg>KR</arg>
<arg>KW</arg>
<arg>KY</arg>
<arg>KZ</arg>
<arg>LA</arg>
<arg>LB</arg>
<arg>LC</arg>
<arg>LI</arg>
<arg>LK</arg>
<arg>LR</arg>
<arg>LS</arg>
<arg>LT</arg>
<arg>LU</arg>
<arg>LV</arg>
<arg>LY</arg>
<arg>MA</arg>
<arg>MC</arg>
<arg>MD</arg>
<arg>ME</arg>
<arg>MF</arg>
<arg>MG</arg>
<arg>MH</arg>
<arg>MK</arg>
<arg>ML</arg>
<arg>MM</arg>
<arg>MN</arg>
<arg>MO</arg>
<arg>MP</arg>
<arg>MQ</arg>
<arg>MR</arg>
<arg>MS</arg>
<arg>MT</arg>
<arg>MU</arg>
<arg>MV</arg>
<arg>MW</arg>
<arg>MX</arg>
<arg>MY</arg>
<arg>MZ</arg>
<arg>NA</arg>
<arg>NC</arg>
<arg>NE</arg>
<arg>NF</arg>
<arg>NG</arg>
<arg>NI</arg>
<arg>NL</arg>
<arg>NO</arg>
<arg>NP</arg>
<arg>NR</arg>
<arg>NU</arg>
<arg>NZ</arg>
<arg>OM</arg>
<arg>PA</arg>
<arg>PE</arg>
<arg>PF</arg>
<arg>PG</arg>
<arg>PH</arg>
<arg>PK</arg>
<arg>PL</arg>
<arg>PM</arg>
<arg>PN</arg>
<arg>PR</arg>
<arg>PS</arg>
<arg>PT</arg>
<arg>PW</arg>
<arg>PY</arg>
<arg>QA</arg>
<arg>RE</arg>
<arg>RO</arg>
<arg>RS</arg>
<arg>RU</arg>
<arg>RW</arg>
<arg>SA</arg>
<arg>SB</arg>
<arg>SC</arg>
<arg>SD</arg>
<arg>SE</arg>
<arg>SG</arg>
<arg>SH</arg>
<arg>SI</arg>
<arg>SJ</arg>
<arg>SK</arg>
<arg>SL</arg>
<arg>SM</arg>
<arg>SN</arg>
<arg>SO</arg>
<arg>SR</arg>
<arg>SS</arg>
<arg>ST</arg>
<arg>SV</arg>
<arg>SX</arg>
<arg>SY</arg>
<arg>SZ</arg>
<arg>TC</arg>
<arg>TD</arg>
<arg>TF</arg>
<arg>TG</arg>
<arg>TH</arg>
<arg>TJ</arg>
<arg>TK</arg>
<arg>TL</arg>
<arg>TM</arg>
<arg>TN</arg>
<arg>TO</arg>
<arg>TR</arg>
<arg>TT</arg>
<arg>TV</arg>
<arg>TW</arg>
<arg>TZ</arg>
<arg>UA</arg>
<arg>UG</arg>
<arg>UM</arg>
<arg>US</arg>
<arg>UY</arg>
<arg>UZ</arg>
<arg>VA</arg>
<arg>VC</arg>
<arg>VE</arg>
<arg>VG</arg>
<arg>VI</arg>
<arg>VN</arg>
<arg>VU</arg>
<arg>WF</arg>
<arg>WS</arg>
<arg>XK</arg>
<arg>YE</arg>
<arg>YT</arg>
<arg>ZA</arg>
<arg>ZM</arg>
<arg>ZW</arg>
<doc>Returns a list containing given items.</doc>
<status status="PASS" start="2024-05-09T18:18:02.088969" elapsed="0.000614"/>
</kw>
<kw name="List Should Contain Value" owner="Collections">
<msg time="2024-05-09T18:18:02.090600" level="INFO">False</msg>
<arg>${list_country}</arg>
<arg>${name_country}</arg>
<doc>Fails if the ``value`` is not found from ``list``.</doc>
<status status="PASS" start="2024-05-09T18:18:02.090393" elapsed="0.000243"/>
</kw>
<kw name="Run Keyword If" owner="BuiltIn">
<kw name="Should Be True" owner="BuiltIn">
<arg>${True}</arg>
<doc>Fails if the given condition is not true.</doc>
<status status="PASS" start="2024-05-09T18:18:02.091694" elapsed="0.000246"/>
</kw>
<arg>${json_data["results"][0]["location"]["coordinates"]["latitude"]} &gt;= -90 and ${json_data["results"][0]["location"]["coordinates"]["latitude"]} &lt;= 90</arg>
<arg>Should Be True</arg>
<arg>${True}</arg>
<doc>Runs the given keyword with the given arguments, if ``condition`` is true.</doc>
<status status="PASS" start="2024-05-09T18:18:02.090946" elapsed="0.001123"/>
</kw>
<kw name="Run Keyword If" owner="BuiltIn">
<kw name="Should Be True" owner="BuiltIn">
<arg>${True}</arg>
<doc>Fails if the given condition is not true.</doc>
<status status="PASS" start="2024-05-09T18:18:02.092949" elapsed="0.000137"/>
</kw>
<arg>${json_data["results"][0]["location"]["coordinates"]["longitude"]} &gt;= -180 and ${json_data["results"][0]["location"]["coordinates"]["longitude"]} &lt;= 180</arg>
<arg>Should Be True</arg>
<arg>${True}</arg>
<doc>Runs the given keyword with the given arguments, if ``condition`` is true.</doc>
<status status="PASS" start="2024-05-09T18:18:02.092255" elapsed="0.000967"/>
</kw>
<status status="PASS" start="2024-05-09T18:18:01.962009" elapsed="0.131353"/>
</kw>
<doc>Testa o conteúdo específico dos campos retornados pela API.</doc>
<tag>testeConteudo</tag>
<status status="PASS" start="2024-05-09T18:18:01.961366" elapsed="0.132138"/>
</test>
<status status="PASS" start="2024-05-09T18:18:01.127787" elapsed="0.967696"/>
</suite>
<status status="PASS" start="2024-05-09T18:18:01.114226" elapsed="0.986553"/>
</suite>
<statistics>
<total>
<stat pass="5" fail="0" skip="0">All Tests</stat>
</total>
<tag>
<stat pass="1" fail="0" skip="0">testeConteudo</stat>
<stat pass="1" fail="0" skip="0">testeEstruturaResposta</stat>
<stat pass="1" fail="0" skip="0">testeRequisicaoBasica</stat>
<stat pass="1" fail="0" skip="0">testeTiposDados</stat>
</tag>
<suite>
<stat pass="5" fail="0" skip="0" id="s1" name="Tests">Tests</stat>
<stat pass="5" fail="0" skip="0" id="s1-s1" name="Random-User-Test">Tests.Random-User-Test</stat>
</suite>
</statistics>
<errors>
</errors>
</robot>
