<?xml version="1.0" encoding="UTF-8"?>
<robot generator="Robot 7.0 (Python 3.12.3 on linux)" generated="2024-05-28T09:15:15.332033" rpa="false" schemaversion="5">
<suite id="s1" name="Tests" source="/home/runner/work/ApiRandomUser/ApiRandomUser/RamdonUser/tests">
<suite id="s1-s1" name="Random-User-Test" source="/home/runner/work/ApiRandomUser/ApiRandomUser/RamdonUser/tests/random-user-test.robot">
<test id="s1-s1-t1" name="Conectar" line="13">
<kw name="Conectar API" owner="random-user-service">
<kw name="Create Session" owner="RequestsLibrary">
<msg time="2024-05-28T09:15:15.717054" level="INFO">Creating Session using : alias=consultarAPI, url=https://randomuser.me/, headers={},                     cookies={}, auth=None, timeout=None, proxies=None, verify=False,                     debug=0 </msg>
<arg>consultarAPI</arg>
<arg>${URL}</arg>
<doc>Create Session: create a HTTP session to a server</doc>
<status status="PASS" start="2024-05-28T09:15:15.716849" elapsed="0.000385"/>
</kw>
<status status="PASS" start="2024-05-28T09:15:15.715769" elapsed="0.001830"/>
</kw>
<status status="PASS" start="2024-05-28T09:15:15.715188" elapsed="0.002605"/>
</test>
<test id="s1-s1-t2" name="Validar retorno 200 e JSON Válido" line="16">
<kw name="Teste de Requisicao Basica" owner="random-user-service">
<kw name="GET On Session" owner="RequestsLibrary">
<msg time="2024-05-28T09:15:15.789096" level="INFO">GET Request : url=https://randomuser.me/api 
 path_url=/api 
 headers={'User-Agent': 'python-requests/2.32.2', 'Accept-Encoding': 'gzip, deflate', 'Accept': '*/*', 'Connection': 'keep-alive'} 
 body=None 
 </msg>
<msg time="2024-05-28T09:15:15.789236" level="INFO">GET Response : url=https://randomuser.me/api 
 status=200, reason=OK 
 headers={'Date': 'Tue, 28 May 2024 09:15:15 GMT', 'Content-Type': 'application/json; charset=utf-8', 'Transfer-Encoding': 'chunked', 'Connection': 'keep-alive', 'X-Powered-By': 'Express', 'Access-Control-Allow-Origin': '*', 'Cache-Control': 'no-cache', 'ETag': 'W/"494-V0armiy0PYytoRMy/3tdbQRg7Nw"', 'Vary': 'Accept-Encoding', 'Content-Encoding': 'gzip', 'CF-Cache-Status': 'DYNAMIC', 'Report-To': '{"endpoints":[{"url":"https:\\/\\/a.nel.cloudflare.com\\/report\\/v4?s=U2sztQ0zF62f%2BOzdBsA3a%2BX3PpxuhrW2wnpYrfKrlHy3r2DAtqhSsyyDKEjH%2F%2Fsq8Rmr7pVKhcppbSYitl50sM709gJpzEF0V%2BDtosLBgTOnIFns02QN8yRTSEOHwYDg"}],"group":"cf-nel","max_age":604800}', 'NEL': '{"success_fraction":0,"report_to":"cf-nel","max_age":604800}', 'Server': 'cloudflare', 'CF-RAY': '88ad239f5da22084-IAD', 'alt-svc': 'h3=":443"; ma=86400'} 
 body={"results":[{"gender":"female","name":{"title":"Miss","first":"Özsu","last":"Çatalbaş"},"location":{"street":{"number":5538,"name":"Vatan Cd"},"city":"Kayseri","state":"Şanlıurfa","country":"Turkey","postcode":64061,"coordinates":{"latitude":"67.1125","longitude":"23.8172"},"timezone":{"offset":"-5:00","description":"Eastern Time (US &amp; Canada), Bogota, Lima"}},"email":"ozsu.catalbas@example.com","login":{"uuid":"de438f7c-9b4d-41e4-9aa8-50376ede838b","username":"orangegoose152","password":"pa55w0rd","salt":"Rq2f5rvN","md5":"7796d6569ec7d0fe41bac9e185ee966e","sha1":"0cdbed4cd61f361eab5c5c4d6350cd18e99029fb","sha256":"8be5ae6a87599711879e92e6c87eb47d732e82826a38387bcb9990f5d9f91269"},"dob":{"date":"1958-06-12T06:18:27.046Z","age":65},"registered":{"date":"2011-01-27T07:00:46.156Z","age":13},"phone":"(889)-525-7700","cell":"(868)-452-7521","id":{"name":"","value":null},"picture":{"large":"https://randomuser.me/api/portraits/women/37.jpg","medium":"https://randomuser.me/api/portraits/med/women/37.jpg","thumbnail":"https://randomuser.me/api/portraits/thumb/women/37.jpg"},"nat":"TR"}],"info":{"seed":"649f4fa7c621f7f3","results":1,"page":1,"version":"1.4"}} 
 </msg>
<msg time="2024-05-28T09:15:15.789327" level="INFO">/opt/hostedtoolcache/Python/3.12.3/x64/lib/python3.12/site-packages/urllib3/connectionpool.py:1103: InsecureRequestWarning: Unverified HTTPS request is being made to host 'randomuser.me'. Adding certificate verification is strongly advised. See: https://urllib3.readthedocs.io/en/latest/advanced-usage.html#tls-warnings
  warnings.warn(</msg>
<msg time="2024-05-28T09:15:15.789458" level="INFO">${response} = &lt;Response [200]&gt;</msg>
<var>${response}</var>
<arg>consultarAPI</arg>
<arg>/api</arg>
<doc>Sends a GET request on a previously created HTTP Session.</doc>
<status status="PASS" start="2024-05-28T09:15:15.720436" elapsed="0.069063"/>
</kw>
<kw name="Should Be Equal As Numbers" owner="BuiltIn">
<msg time="2024-05-28T09:15:15.790375" level="INFO">Argument types are:
&lt;class 'int'&gt;
&lt;class 'str'&gt;</msg>
<arg>${response.status_code}</arg>
<arg>200</arg>
<doc>Fails if objects are unequal after converting them to real numbers.</doc>
<status status="PASS" start="2024-05-28T09:15:15.789972" elapsed="0.000467"/>
</kw>
<kw name="Log" owner="BuiltIn">
<msg time="2024-05-28T09:15:15.791127" level="INFO">200</msg>
<arg>${response.status_code}</arg>
<doc>Logs the given message with the given level.</doc>
<status status="PASS" start="2024-05-28T09:15:15.790780" elapsed="0.000394"/>
</kw>
<kw name="Set Variable" owner="BuiltIn">
<msg time="2024-05-28T09:15:15.791944" level="INFO">${json_data} = {'results': [{'gender': 'female', 'name': {'title': 'Miss', 'first': 'Özsu', 'last': 'Çatalbaş'}, 'location': {'street': {'number': 5538, 'name': 'Vatan Cd'}, 'city': 'Kayseri', 'state': 'Şanlıurfa', ...</msg>
<var>${json_data}</var>
<arg>${response.json()}</arg>
<doc>Returns the given values which can then be assigned to a variables.</doc>
<status status="PASS" start="2024-05-28T09:15:15.791495" elapsed="0.000479"/>
</kw>
<kw name="Dictionary Should Contain Key" owner="Collections">
<msg time="2024-05-28T09:15:15.792472" level="INFO">False</msg>
<arg>${json_data}</arg>
<arg>results</arg>
<doc>Fails if ``key`` is not found from ``dictionary``.</doc>
<status status="PASS" start="2024-05-28T09:15:15.792306" elapsed="0.000342"/>
</kw>
<status status="PASS" start="2024-05-28T09:15:15.720156" elapsed="0.072763"/>
</kw>
<doc>Testa se a API responde corretamente e retorna um objeto JSON válido.</doc>
<tag>testeRequisicaoBasica</tag>
<status status="PASS" start="2024-05-28T09:15:15.719692" elapsed="0.073400"/>
</test>
<test id="s1-s1-t3" name="Validar estrutura de resposta" line="22">
<kw name="Teste de Estrutura de Resposta" owner="random-user-service">
<kw name="GET On Session" owner="RequestsLibrary">
<msg time="2024-05-28T09:15:15.881000" level="INFO">GET Request : url=https://randomuser.me/api 
 path_url=/api 
 headers={'User-Agent': 'python-requests/2.32.2', 'Accept-Encoding': 'gzip, deflate', 'Accept': '*/*', 'Connection': 'keep-alive'} 
 body=None 
 </msg>
<msg time="2024-05-28T09:15:15.881083" level="INFO">GET Response : url=https://randomuser.me/api 
 status=200, reason=OK 
 headers={'Date': 'Tue, 28 May 2024 09:15:15 GMT', 'Content-Type': 'application/json; charset=utf-8', 'Transfer-Encoding': 'chunked', 'Connection': 'keep-alive', 'X-Powered-By': 'Express', 'Access-Control-Allow-Origin': '*', 'Cache-Control': 'no-cache', 'ETag': 'W/"497-bNL9JF6De2Qc+hj3Yygao/h4SUY"', 'Vary': 'Accept-Encoding', 'Content-Encoding': 'gzip', 'CF-Cache-Status': 'DYNAMIC', 'Report-To': '{"endpoints":[{"url":"https:\\/\\/a.nel.cloudflare.com\\/report\\/v4?s=3mO3lok2CcH29gG%2FP0Vs56PCU8BMiL5IrZ02%2F8ho5mgfb8QwR1tnhZ%2BMVy648ilgUanlMqLoBKf3M3nwPh4SjxwnkCVj46gk%2FVmDP0i6o3qvtEzrjx2jiU3IhvmluSE9"}],"group":"cf-nel","max_age":604800}', 'NEL': '{"success_fraction":0,"report_to":"cf-nel","max_age":604800}', 'Server': 'cloudflare', 'CF-RAY': '88ad239fbe042084-IAD', 'alt-svc': 'h3=":443"; ma=86400'} 
 body={"results":[{"gender":"male","name":{"title":"Mr","first":"Théo","last":"Nicolas"},"location":{"street":{"number":7364,"name":"Rue Dugas-Montbel"},"city":"Clermont-Ferrand","state":"Aube","country":"France","postcode":18132,"coordinates":{"latitude":"-18.0773","longitude":"-130.0039"},"timezone":{"offset":"+7:00","description":"Bangkok, Hanoi, Jakarta"}},"email":"theo.nicolas@example.com","login":{"uuid":"ecdbd411-5a7f-459a-8941-583fd8f12f5f","username":"brownbutterfly392","password":"michel","salt":"vQC7uIPV","md5":"d24e878f7f25765eb9b345f8a3e65427","sha1":"3ef68abf4efacab99eb765d2b98147f086f72734","sha256":"32a64c4ad2f09f7f5a8554a84c8e13c46719f36e7300fa2113b1930792793c58"},"dob":{"date":"1976-01-25T00:29:16.743Z","age":48},"registered":{"date":"2006-02-16T15:36:38.875Z","age":18},"phone":"05-59-01-93-93","cell":"06-87-99-64-19","id":{"name":"INSEE","value":"1760061142324 83"},"picture":{"large":"https://randomuser.me/api/portraits/men/94.jpg","medium":"https://randomuser.me/api/portraits/med/men/94.jpg","thumbnail":"https://randomuser.me/api/portraits/thumb/men/94.jpg"},"nat":"FR"}],"info":{"seed":"6b96922525888beb","results":1,"page":1,"version":"1.4"}} 
 </msg>
<msg time="2024-05-28T09:15:15.881191" level="INFO">/opt/hostedtoolcache/Python/3.12.3/x64/lib/python3.12/site-packages/urllib3/connectionpool.py:1103: InsecureRequestWarning: Unverified HTTPS request is being made to host 'randomuser.me'. Adding certificate verification is strongly advised. See: https://urllib3.readthedocs.io/en/latest/advanced-usage.html#tls-warnings
  warnings.warn(</msg>
<msg time="2024-05-28T09:15:15.881315" level="INFO">${response} = &lt;Response [200]&gt;</msg>
<var>${response}</var>
<arg>consultarAPI</arg>
<arg>/api</arg>
<doc>Sends a GET request on a previously created HTTP Session.</doc>
<status status="PASS" start="2024-05-28T09:15:15.795944" elapsed="0.085411"/>
</kw>
<kw name="Set Variable" owner="BuiltIn">
<msg time="2024-05-28T09:15:15.882434" level="INFO">${json_data} = {'results': [{'gender': 'male', 'name': {'title': 'Mr', 'first': 'Théo', 'last': 'Nicolas'}, 'location': {'street': {'number': 7364, 'name': 'Rue Dugas-Montbel'}, 'city': 'Clermont-Ferrand', 'state': ...</msg>
<var>${json_data}</var>
<arg>${response.json()}</arg>
<doc>Returns the given values which can then be assigned to a variables.</doc>
<status status="PASS" start="2024-05-28T09:15:15.881884" elapsed="0.000580"/>
</kw>
<kw name="Log" owner="BuiltIn">
<msg time="2024-05-28T09:15:15.882963" level="INFO">{'results': [{'gender': 'male', 'name': {'title': 'Mr', 'first': 'Théo', 'last': 'Nicolas'}, 'location': {'street': {'number': 7364, 'name': 'Rue Dugas-Montbel'}, 'city': 'Clermont-Ferrand', 'state': 'Aube', 'country': 'France', 'postcode': 18132, 'coordinates': {'latitude': '-18.0773', 'longitude': '-130.0039'}, 'timezone': {'offset': '+7:00', 'description': 'Bangkok, Hanoi, Jakarta'}}, 'email': 'theo.nicolas@example.com', 'login': {'uuid': 'ecdbd411-5a7f-459a-8941-583fd8f12f5f', 'username': 'brownbutterfly392', 'password': 'michel', 'salt': 'vQC7uIPV', 'md5': 'd24e878f7f25765eb9b345f8a3e65427', 'sha1': '3ef68abf4efacab99eb765d2b98147f086f72734', 'sha256': '32a64c4ad2f09f7f5a8554a84c8e13c46719f36e7300fa2113b1930792793c58'}, 'dob': {'date': '1976-01-25T00:29:16.743Z', 'age': 48}, 'registered': {'date': '2006-02-16T15:36:38.875Z', 'age': 18}, 'phone': '05-59-01-93-93', 'cell': '06-87-99-64-19', 'id': {'name': 'INSEE', 'value': '1760061142324 83'}, 'picture': {'large': 'https://randomuser.me/api/portraits/men/94.jpg', 'medium': 'https://randomuser.me/api/portraits/med/men/94.jpg', 'thumbnail': 'https://randomuser.me/api/portraits/thumb/men/94.jpg'}, 'nat': 'FR'}], 'info': {'seed': '6b96922525888beb', 'results': 1, 'page': 1, 'version': '1.4'}}</msg>
<arg>${json_data}</arg>
<doc>Logs the given message with the given level.</doc>
<status status="PASS" start="2024-05-28T09:15:15.882785" elapsed="0.000228"/>
</kw>
<kw name="Dictionary Should Contain Key" owner="Collections">
<msg time="2024-05-28T09:15:15.883486" level="INFO">False</msg>
<arg>${json_data}</arg>
<arg>results</arg>
<doc>Fails if ``key`` is not found from ``dictionary``.</doc>
<status status="PASS" start="2024-05-28T09:15:15.883312" elapsed="0.000217"/>
</kw>
<kw name="Should Not Be Empty" owner="BuiltIn">
<msg time="2024-05-28T09:15:15.883959" level="INFO">Length is 2.</msg>
<arg>${json_data}</arg>
<doc>Verifies that the given item is not empty.</doc>
<status status="PASS" start="2024-05-28T09:15:15.883823" elapsed="0.000175"/>
</kw>
<kw name="Create List" owner="BuiltIn">
<msg time="2024-05-28T09:15:15.884482" level="INFO">${expected_keys} = ['gender', 'name', 'location', 'email', 'login']</msg>
<var>${expected_keys}</var>
<arg>gender</arg>
<arg>name</arg>
<arg>location</arg>
<arg>email</arg>
<arg>login</arg>
<doc>Returns a list containing given items.</doc>
<status status="PASS" start="2024-05-28T09:15:15.884331" elapsed="0.000174"/>
</kw>
<for flavor="IN">
<iter>
<kw name="Dictionary Should Contain Key" owner="Collections">
<msg time="2024-05-28T09:15:15.885531" level="INFO">False</msg>
<arg>${json_data['results'][0]}</arg>
<arg>${key}</arg>
<doc>Fails if ``key`` is not found from ``dictionary``.</doc>
<status status="PASS" start="2024-05-28T09:15:15.885110" elapsed="0.000460"/>
</kw>
<kw name="Log" owner="BuiltIn">
<msg time="2024-05-28T09:15:15.886255" level="INFO">{'gender': 'male', 'name': {'title': 'Mr', 'first': 'Théo', 'last': 'Nicolas'}, 'location': {'street': {'number': 7364, 'name': 'Rue Dugas-Montbel'}, 'city': 'Clermont-Ferrand', 'state': 'Aube', 'country': 'France', 'postcode': 18132, 'coordinates': {'latitude': '-18.0773', 'longitude': '-130.0039'}, 'timezone': {'offset': '+7:00', 'description': 'Bangkok, Hanoi, Jakarta'}}, 'email': 'theo.nicolas@example.com', 'login': {'uuid': 'ecdbd411-5a7f-459a-8941-583fd8f12f5f', 'username': 'brownbutterfly392', 'password': 'michel', 'salt': 'vQC7uIPV', 'md5': 'd24e878f7f25765eb9b345f8a3e65427', 'sha1': '3ef68abf4efacab99eb765d2b98147f086f72734', 'sha256': '32a64c4ad2f09f7f5a8554a84c8e13c46719f36e7300fa2113b1930792793c58'}, 'dob': {'date': '1976-01-25T00:29:16.743Z', 'age': 48}, 'registered': {'date': '2006-02-16T15:36:38.875Z', 'age': 18}, 'phone': '05-59-01-93-93', 'cell': '06-87-99-64-19', 'id': {'name': 'INSEE', 'value': '1760061142324 83'}, 'picture': {'large': 'https://randomuser.me/api/portraits/men/94.jpg', 'medium': 'https://randomuser.me/api/portraits/med/men/94.jpg', 'thumbnail': 'https://randomuser.me/api/portraits/thumb/men/94.jpg'}, 'nat': 'FR'}</msg>
<arg>${json_data['results'][0]}</arg>
<doc>Logs the given message with the given level.</doc>
<status status="PASS" start="2024-05-28T09:15:15.885889" elapsed="0.000417"/>
</kw>
<kw name="Log" owner="BuiltIn">
<msg time="2024-05-28T09:15:15.886738" level="INFO">gender</msg>
<arg>${key}</arg>
<doc>Logs the given message with the given level.</doc>
<status status="PASS" start="2024-05-28T09:15:15.886608" elapsed="0.000168"/>
</kw>
<var name="${key}">gender</var>
<status status="PASS" start="2024-05-28T09:15:15.884966" elapsed="0.002024"/>
</iter>
<iter>
<kw name="Dictionary Should Contain Key" owner="Collections">
<msg time="2024-05-28T09:15:15.887675" level="INFO">False</msg>
<arg>${json_data['results'][0]}</arg>
<arg>${key}</arg>
<doc>Fails if ``key`` is not found from ``dictionary``.</doc>
<status status="PASS" start="2024-05-28T09:15:15.887290" elapsed="0.000421"/>
</kw>
<kw name="Log" owner="BuiltIn">
<msg time="2024-05-28T09:15:15.888444" level="INFO">{'gender': 'male', 'name': {'title': 'Mr', 'first': 'Théo', 'last': 'Nicolas'}, 'location': {'street': {'number': 7364, 'name': 'Rue Dugas-Montbel'}, 'city': 'Clermont-Ferrand', 'state': 'Aube', 'country': 'France', 'postcode': 18132, 'coordinates': {'latitude': '-18.0773', 'longitude': '-130.0039'}, 'timezone': {'offset': '+7:00', 'description': 'Bangkok, Hanoi, Jakarta'}}, 'email': 'theo.nicolas@example.com', 'login': {'uuid': 'ecdbd411-5a7f-459a-8941-583fd8f12f5f', 'username': 'brownbutterfly392', 'password': 'michel', 'salt': 'vQC7uIPV', 'md5': 'd24e878f7f25765eb9b345f8a3e65427', 'sha1': '3ef68abf4efacab99eb765d2b98147f086f72734', 'sha256': '32a64c4ad2f09f7f5a8554a84c8e13c46719f36e7300fa2113b1930792793c58'}, 'dob': {'date': '1976-01-25T00:29:16.743Z', 'age': 48}, 'registered': {'date': '2006-02-16T15:36:38.875Z', 'age': 18}, 'phone': '05-59-01-93-93', 'cell': '06-87-99-64-19', 'id': {'name': 'INSEE', 'value': '1760061142324 83'}, 'picture': {'large': 'https://randomuser.me/api/portraits/men/94.jpg', 'medium': 'https://randomuser.me/api/portraits/med/men/94.jpg', 'thumbnail': 'https://randomuser.me/api/portraits/thumb/men/94.jpg'}, 'nat': 'FR'}</msg>
<arg>${json_data['results'][0]}</arg>
<doc>Logs the given message with the given level.</doc>
<status status="PASS" start="2024-05-28T09:15:15.888036" elapsed="0.000458"/>
</kw>
<kw name="Log" owner="BuiltIn">
<msg time="2024-05-28T09:15:15.888921" level="INFO">name</msg>
<arg>${key}</arg>
<doc>Logs the given message with the given level.</doc>
<status status="PASS" start="2024-05-28T09:15:15.888795" elapsed="0.000163"/>
</kw>
<var name="${key}">name</var>
<status status="PASS" start="2024-05-28T09:15:15.887176" elapsed="0.002000"/>
</iter>
<iter>
<kw name="Dictionary Should Contain Key" owner="Collections">
<msg time="2024-05-28T09:15:15.889850" level="INFO">False</msg>
<arg>${json_data['results'][0]}</arg>
<arg>${key}</arg>
<doc>Fails if ``key`` is not found from ``dictionary``.</doc>
<status status="PASS" start="2024-05-28T09:15:15.889467" elapsed="0.000420"/>
</kw>
<kw name="Log" owner="BuiltIn">
<msg time="2024-05-28T09:15:15.890560" level="INFO">{'gender': 'male', 'name': {'title': 'Mr', 'first': 'Théo', 'last': 'Nicolas'}, 'location': {'street': {'number': 7364, 'name': 'Rue Dugas-Montbel'}, 'city': 'Clermont-Ferrand', 'state': 'Aube', 'country': 'France', 'postcode': 18132, 'coordinates': {'latitude': '-18.0773', 'longitude': '-130.0039'}, 'timezone': {'offset': '+7:00', 'description': 'Bangkok, Hanoi, Jakarta'}}, 'email': 'theo.nicolas@example.com', 'login': {'uuid': 'ecdbd411-5a7f-459a-8941-583fd8f12f5f', 'username': 'brownbutterfly392', 'password': 'michel', 'salt': 'vQC7uIPV', 'md5': 'd24e878f7f25765eb9b345f8a3e65427', 'sha1': '3ef68abf4efacab99eb765d2b98147f086f72734', 'sha256': '32a64c4ad2f09f7f5a8554a84c8e13c46719f36e7300fa2113b1930792793c58'}, 'dob': {'date': '1976-01-25T00:29:16.743Z', 'age': 48}, 'registered': {'date': '2006-02-16T15:36:38.875Z', 'age': 18}, 'phone': '05-59-01-93-93', 'cell': '06-87-99-64-19', 'id': {'name': 'INSEE', 'value': '1760061142324 83'}, 'picture': {'large': 'https://randomuser.me/api/portraits/men/94.jpg', 'medium': 'https://randomuser.me/api/portraits/med/men/94.jpg', 'thumbnail': 'https://randomuser.me/api/portraits/thumb/men/94.jpg'}, 'nat': 'FR'}</msg>
<arg>${json_data['results'][0]}</arg>
<doc>Logs the given message with the given level.</doc>
<status status="PASS" start="2024-05-28T09:15:15.890192" elapsed="0.000419"/>
</kw>
<kw name="Log" owner="BuiltIn">
<msg time="2024-05-28T09:15:15.891041" level="INFO">location</msg>
<arg>${key}</arg>
<doc>Logs the given message with the given level.</doc>
<status status="PASS" start="2024-05-28T09:15:15.890913" elapsed="0.000165"/>
</kw>
<var name="${key}">location</var>
<status status="PASS" start="2024-05-28T09:15:15.889353" elapsed="0.001951"/>
</iter>
<iter>
<kw name="Dictionary Should Contain Key" owner="Collections">
<msg time="2024-05-28T09:15:15.892123" level="INFO">False</msg>
<arg>${json_data['results'][0]}</arg>
<arg>${key}</arg>
<doc>Fails if ``key`` is not found from ``dictionary``.</doc>
<status status="PASS" start="2024-05-28T09:15:15.891593" elapsed="0.000570"/>
</kw>
<kw name="Log" owner="BuiltIn">
<msg time="2024-05-28T09:15:15.892881" level="INFO">{'gender': 'male', 'name': {'title': 'Mr', 'first': 'Théo', 'last': 'Nicolas'}, 'location': {'street': {'number': 7364, 'name': 'Rue Dugas-Montbel'}, 'city': 'Clermont-Ferrand', 'state': 'Aube', 'country': 'France', 'postcode': 18132, 'coordinates': {'latitude': '-18.0773', 'longitude': '-130.0039'}, 'timezone': {'offset': '+7:00', 'description': 'Bangkok, Hanoi, Jakarta'}}, 'email': 'theo.nicolas@example.com', 'login': {'uuid': 'ecdbd411-5a7f-459a-8941-583fd8f12f5f', 'username': 'brownbutterfly392', 'password': 'michel', 'salt': 'vQC7uIPV', 'md5': 'd24e878f7f25765eb9b345f8a3e65427', 'sha1': '3ef68abf4efacab99eb765d2b98147f086f72734', 'sha256': '32a64c4ad2f09f7f5a8554a84c8e13c46719f36e7300fa2113b1930792793c58'}, 'dob': {'date': '1976-01-25T00:29:16.743Z', 'age': 48}, 'registered': {'date': '2006-02-16T15:36:38.875Z', 'age': 18}, 'phone': '05-59-01-93-93', 'cell': '06-87-99-64-19', 'id': {'name': 'INSEE', 'value': '1760061142324 83'}, 'picture': {'large': 'https://randomuser.me/api/portraits/men/94.jpg', 'medium': 'https://randomuser.me/api/portraits/med/men/94.jpg', 'thumbnail': 'https://randomuser.me/api/portraits/thumb/men/94.jpg'}, 'nat': 'FR'}</msg>
<arg>${json_data['results'][0]}</arg>
<doc>Logs the given message with the given level.</doc>
<status status="PASS" start="2024-05-28T09:15:15.892514" elapsed="0.000424"/>
</kw>
<kw name="Log" owner="BuiltIn">
<msg time="2024-05-28T09:15:15.893372" level="INFO">email</msg>
<arg>${key}</arg>
<doc>Logs the given message with the given level.</doc>
<status status="PASS" start="2024-05-28T09:15:15.893244" elapsed="0.000165"/>
</kw>
<var name="${key}">email</var>
<status status="PASS" start="2024-05-28T09:15:15.891480" elapsed="0.002144"/>
</iter>
<iter>
<kw name="Dictionary Should Contain Key" owner="Collections">
<msg time="2024-05-28T09:15:15.894290" level="INFO">False</msg>
<arg>${json_data['results'][0]}</arg>
<arg>${key}</arg>
<doc>Fails if ``key`` is not found from ``dictionary``.</doc>
<status status="PASS" start="2024-05-28T09:15:15.893908" elapsed="0.000420"/>
</kw>
<kw name="Log" owner="BuiltIn">
<msg time="2024-05-28T09:15:15.895007" level="INFO">{'gender': 'male', 'name': {'title': 'Mr', 'first': 'Théo', 'last': 'Nicolas'}, 'location': {'street': {'number': 7364, 'name': 'Rue Dugas-Montbel'}, 'city': 'Clermont-Ferrand', 'state': 'Aube', 'country': 'France', 'postcode': 18132, 'coordinates': {'latitude': '-18.0773', 'longitude': '-130.0039'}, 'timezone': {'offset': '+7:00', 'description': 'Bangkok, Hanoi, Jakarta'}}, 'email': 'theo.nicolas@example.com', 'login': {'uuid': 'ecdbd411-5a7f-459a-8941-583fd8f12f5f', 'username': 'brownbutterfly392', 'password': 'michel', 'salt': 'vQC7uIPV', 'md5': 'd24e878f7f25765eb9b345f8a3e65427', 'sha1': '3ef68abf4efacab99eb765d2b98147f086f72734', 'sha256': '32a64c4ad2f09f7f5a8554a84c8e13c46719f36e7300fa2113b1930792793c58'}, 'dob': {'date': '1976-01-25T00:29:16.743Z', 'age': 48}, 'registered': {'date': '2006-02-16T15:36:38.875Z', 'age': 18}, 'phone': '05-59-01-93-93', 'cell': '06-87-99-64-19', 'id': {'name': 'INSEE', 'value': '1760061142324 83'}, 'picture': {'large': 'https://randomuser.me/api/portraits/men/94.jpg', 'medium': 'https://randomuser.me/api/portraits/med/men/94.jpg', 'thumbnail': 'https://randomuser.me/api/portraits/thumb/men/94.jpg'}, 'nat': 'FR'}</msg>
<arg>${json_data['results'][0]}</arg>
<doc>Logs the given message with the given level.</doc>
<status status="PASS" start="2024-05-28T09:15:15.894621" elapsed="0.000447"/>
</kw>
<kw name="Log" owner="BuiltIn">
<msg time="2024-05-28T09:15:15.895518" level="INFO">login</msg>
<arg>${key}</arg>
<doc>Logs the given message with the given level.</doc>
<status status="PASS" start="2024-05-28T09:15:15.895384" elapsed="0.000171"/>
</kw>
<var name="${key}">login</var>
<status status="PASS" start="2024-05-28T09:15:15.893796" elapsed="0.002000"/>
</iter>
<var>${key}</var>
<value>@{expected_keys}</value>
<status status="PASS" start="2024-05-28T09:15:15.884770" elapsed="0.011151"/>
</for>
<kw name="Create List" owner="BuiltIn">
<msg time="2024-05-28T09:15:15.896296" level="INFO">${expected_keysTwo} = ['username', 'password']</msg>
<var>${expected_keysTwo}</var>
<arg>username</arg>
<arg>password</arg>
<doc>Returns a list containing given items.</doc>
<status status="PASS" start="2024-05-28T09:15:15.896117" elapsed="0.000204"/>
</kw>
<for flavor="IN">
<iter>
<kw name="Dictionary Should Contain Key" owner="Collections">
<msg time="2024-05-28T09:15:15.897205" level="INFO">False</msg>
<arg>${json_data['results'][0]['login']}</arg>
<arg>${keyTwo}</arg>
<doc>Fails if ``key`` is not found from ``dictionary``.</doc>
<status status="PASS" start="2024-05-28T09:15:15.896826" elapsed="0.000416"/>
</kw>
<kw name="Dictionary Should Contain Key" owner="Collections">
<msg time="2024-05-28T09:15:15.897912" level="INFO">False</msg>
<arg>${json_data['results'][0]['login']}</arg>
<arg>${keyTwo}</arg>
<doc>Fails if ``key`` is not found from ``dictionary``.</doc>
<status status="PASS" start="2024-05-28T09:15:15.897539" elapsed="0.000411"/>
</kw>
<kw name="Log" owner="BuiltIn">
<msg time="2024-05-28T09:15:15.898370" level="INFO">username</msg>
<arg>${keyTwo}</arg>
<doc>Logs the given message with the given level.</doc>
<status status="PASS" start="2024-05-28T09:15:15.898243" elapsed="0.000164"/>
</kw>
<var name="${keyTwo}">username</var>
<status status="PASS" start="2024-05-28T09:15:15.896717" elapsed="0.001903"/>
</iter>
<iter>
<kw name="Dictionary Should Contain Key" owner="Collections">
<msg time="2024-05-28T09:15:15.899277" level="INFO">False</msg>
<arg>${json_data['results'][0]['login']}</arg>
<arg>${keyTwo}</arg>
<doc>Fails if ``key`` is not found from ``dictionary``.</doc>
<status status="PASS" start="2024-05-28T09:15:15.898896" elapsed="0.000418"/>
</kw>
<kw name="Dictionary Should Contain Key" owner="Collections">
<msg time="2024-05-28T09:15:15.899983" level="INFO">False</msg>
<arg>${json_data['results'][0]['login']}</arg>
<arg>${keyTwo}</arg>
<doc>Fails if ``key`` is not found from ``dictionary``.</doc>
<status status="PASS" start="2024-05-28T09:15:15.899606" elapsed="0.000413"/>
</kw>
<kw name="Log" owner="BuiltIn">
<msg time="2024-05-28T09:15:15.900488" level="INFO">password</msg>
<arg>${keyTwo}</arg>
<doc>Logs the given message with the given level.</doc>
<status status="PASS" start="2024-05-28T09:15:15.900355" elapsed="0.000171"/>
</kw>
<var name="${keyTwo}">password</var>
<status status="PASS" start="2024-05-28T09:15:15.898788" elapsed="0.001955"/>
</iter>
<var>${keyTwo}</var>
<value>@{expected_keysTwo}</value>
<status status="PASS" start="2024-05-28T09:15:15.896565" elapsed="0.004298"/>
</for>
<status status="PASS" start="2024-05-28T09:15:15.795608" elapsed="0.105394"/>
</kw>
<doc>Testa a estrutura da resposta da API.</doc>
<tag>testeEstruturaResposta</tag>
<status status="PASS" start="2024-05-28T09:15:15.794877" elapsed="0.106280"/>
</test>
<test id="s1-s1-t4" name="Validar tipos de dados" line="28">
<kw name="Teste de Tipos de Dados" owner="random-user-service">
<kw name="GET On Session" owner="RequestsLibrary">
<msg time="2024-05-28T09:15:15.970759" level="INFO">GET Request : url=https://randomuser.me/api 
 path_url=/api 
 headers={'User-Agent': 'python-requests/2.32.2', 'Accept-Encoding': 'gzip, deflate', 'Accept': '*/*', 'Connection': 'keep-alive'} 
 body=None 
 </msg>
<msg time="2024-05-28T09:15:15.970857" level="INFO">GET Response : url=https://randomuser.me/api 
 status=200, reason=OK 
 headers={'Date': 'Tue, 28 May 2024 09:15:15 GMT', 'Content-Type': 'application/json; charset=utf-8', 'Transfer-Encoding': 'chunked', 'Connection': 'keep-alive', 'X-Powered-By': 'Express', 'Access-Control-Allow-Origin': '*', 'Cache-Control': 'no-cache', 'ETag': 'W/"492-lkoSi4LZTdiCQANnXlyDzHsR3Jo"', 'Vary': 'Accept-Encoding', 'Content-Encoding': 'gzip', 'CF-Cache-Status': 'DYNAMIC', 'Report-To': '{"endpoints":[{"url":"https:\\/\\/a.nel.cloudflare.com\\/report\\/v4?s=3ITolZUKCfs9eggxCePnuyIhVg9RmQRPbl%2BXL%2BuUiuIYkBMG11Ms5tOoy%2BkiCFiDLT7%2FhhxwpICOxF5x11S5oNjYxXFbTrCSQTzvbxPw6XDqB4cQxgNXRYXmRykVtkWj"}],"group":"cf-nel","max_age":604800}', 'NEL': '{"success_fraction":0,"report_to":"cf-nel","max_age":604800}', 'Server': 'cloudflare', 'CF-RAY': '88ad23a06e8f2084-IAD', 'alt-svc': 'h3=":443"; ma=86400'} 
 body={"results":[{"gender":"female","name":{"title":"Ms","first":"Renee","last":"Mason"},"location":{"street":{"number":592,"name":"W Gray St"},"city":"Pittsburgh","state":"New York","country":"United States","postcode":70557,"coordinates":{"latitude":"89.6262","longitude":"113.3636"},"timezone":{"offset":"-3:00","description":"Brazil, Buenos Aires, Georgetown"}},"email":"renee.mason@example.com","login":{"uuid":"c8f50eaa-a51a-4b35-840e-6cc645ee1b96","username":"whitegoose830","password":"7777","salt":"ugNSotUp","md5":"76ce993a8d411ff44b4df55fb6c4aa22","sha1":"9048166b8b095d599ff7ce9672bbbf87520a0b38","sha256":"55e7acb1296b9fdcd16e1a16992308e7f00a9bde5301ab1663171e78fbe78fc8"},"dob":{"date":"1988-11-26T10:49:28.327Z","age":35},"registered":{"date":"2010-06-25T04:40:39.090Z","age":13},"phone":"(499) 275-4174","cell":"(478) 379-5273","id":{"name":"SSN","value":"074-49-9466"},"picture":{"large":"https://randomuser.me/api/portraits/women/28.jpg","medium":"https://randomuser.me/api/portraits/med/women/28.jpg","thumbnail":"https://randomuser.me/api/portraits/thumb/women/28.jpg"},"nat":"US"}],"info":{"seed":"fa57693764252813","results":1,"page":1,"version":"1.4"}} 
 </msg>
<msg time="2024-05-28T09:15:15.970926" level="INFO">/opt/hostedtoolcache/Python/3.12.3/x64/lib/python3.12/site-packages/urllib3/connectionpool.py:1103: InsecureRequestWarning: Unverified HTTPS request is being made to host 'randomuser.me'. Adding certificate verification is strongly advised. See: https://urllib3.readthedocs.io/en/latest/advanced-usage.html#tls-warnings
  warnings.warn(</msg>
<msg time="2024-05-28T09:15:15.971056" level="INFO">${response} = &lt;Response [200]&gt;</msg>
<var>${response}</var>
<arg>consultarAPI</arg>
<arg>/api</arg>
<doc>Sends a GET request on a previously created HTTP Session.</doc>
<status status="PASS" start="2024-05-28T09:15:15.903705" elapsed="0.067390"/>
</kw>
<kw name="Set Variable" owner="BuiltIn">
<msg time="2024-05-28T09:15:15.972286" level="INFO">${json_data} = {'results': [{'gender': 'female', 'name': {'title': 'Ms', 'first': 'Renee', 'last': 'Mason'}, 'location': {'street': {'number': 592, 'name': 'W Gray St'}, 'city': 'Pittsburgh', 'state': 'New York', 'c...</msg>
<var>${json_data}</var>
<arg>${response.json()}</arg>
<doc>Returns the given values which can then be assigned to a variables.</doc>
<status status="PASS" start="2024-05-28T09:15:15.971698" elapsed="0.000620"/>
</kw>
<kw name="Log" owner="BuiltIn">
<msg time="2024-05-28T09:15:15.972802" level="INFO">{'results': [{'gender': 'female', 'name': {'title': 'Ms', 'first': 'Renee', 'last': 'Mason'}, 'location': {'street': {'number': 592, 'name': 'W Gray St'}, 'city': 'Pittsburgh', 'state': 'New York', 'country': 'United States', 'postcode': 70557, 'coordinates': {'latitude': '89.6262', 'longitude': '113.3636'}, 'timezone': {'offset': '-3:00', 'description': 'Brazil, Buenos Aires, Georgetown'}}, 'email': 'renee.mason@example.com', 'login': {'uuid': 'c8f50eaa-a51a-4b35-840e-6cc645ee1b96', 'username': 'whitegoose830', 'password': '7777', 'salt': 'ugNSotUp', 'md5': '76ce993a8d411ff44b4df55fb6c4aa22', 'sha1': '9048166b8b095d599ff7ce9672bbbf87520a0b38', 'sha256': '55e7acb1296b9fdcd16e1a16992308e7f00a9bde5301ab1663171e78fbe78fc8'}, 'dob': {'date': '1988-11-26T10:49:28.327Z', 'age': 35}, 'registered': {'date': '2010-06-25T04:40:39.090Z', 'age': 13}, 'phone': '(499) 275-4174', 'cell': '(478) 379-5273', 'id': {'name': 'SSN', 'value': '074-49-9466'}, 'picture': {'large': 'https://randomuser.me/api/portraits/women/28.jpg', 'medium': 'https://randomuser.me/api/portraits/med/women/28.jpg', 'thumbnail': 'https://randomuser.me/api/portraits/thumb/women/28.jpg'}, 'nat': 'US'}], 'info': {'seed': 'fa57693764252813', 'results': 1, 'page': 1, 'version': '1.4'}}</msg>
<arg>${json_data}</arg>
<doc>Logs the given message with the given level.</doc>
<status status="PASS" start="2024-05-28T09:15:15.972640" elapsed="0.000249"/>
</kw>
<kw name="Should Be String" owner="String">
<arg>${json_data['results'][0]['gender']}</arg>
<doc>Fails if the given ``item`` is not a string.</doc>
<status status="PASS" start="2024-05-28T09:15:15.973196" elapsed="0.000365"/>
</kw>
<kw name="Should Match Regexp" owner="BuiltIn">
<arg>${json_data['results'][0]['email']}</arg>
<arg>^[a-zA-Z0-9._%+-]+@[a-zA-Z0-9.-]+\.[a-zA-Z]{2,}$</arg>
<doc>Fails if ``string`` does not match ``pattern`` as a regular expression.</doc>
<status status="PASS" start="2024-05-28T09:15:15.973757" elapsed="0.000908"/>
</kw>
<kw name="Should Match Regexp" owner="BuiltIn">
<arg>${json_data['results'][0]['dob']['date']}</arg>
<arg>\\d{4}-\\d{2}-\\d{2}T\\d{2}:\\d{2}:\\d{2}\\.\\d{3}Z</arg>
<doc>Fails if ``string`` does not match ``pattern`` as a regular expression.</doc>
<status status="PASS" start="2024-05-28T09:15:15.974959" elapsed="0.000516"/>
</kw>
<kw name="Should Match Regexp" owner="BuiltIn">
<arg>${json_data['results'][0]['registered']['date']}</arg>
<arg>\\d{4}-\\d{2}-\\d{2}T\\d{2}:\\d{2}:\\d{2}\\.\\d{3}Z</arg>
<doc>Fails if ``string`` does not match ``pattern`` as a regular expression.</doc>
<status status="PASS" start="2024-05-28T09:15:15.975675" elapsed="0.000370"/>
</kw>
<kw name="Should Match Regexp" owner="BuiltIn">
<arg>${json_data['results'][0]['picture']['large']}</arg>
<arg>^https?://.*\.(?:png|jpe?g|gif|bmp)$</arg>
<doc>Fails if ``string`` does not match ``pattern`` as a regular expression.</doc>
<status status="PASS" start="2024-05-28T09:15:15.976276" elapsed="0.000486"/>
</kw>
<kw name="Should Match Regexp" owner="BuiltIn">
<arg>${json_data['results'][0]['picture']['medium']}</arg>
<arg>^https?://.*\.(?:png|jpe?g|gif|bmp)$</arg>
<doc>Fails if ``string`` does not match ``pattern`` as a regular expression.</doc>
<status status="PASS" start="2024-05-28T09:15:15.976962" elapsed="0.000362"/>
</kw>
<kw name="Should Match Regexp" owner="BuiltIn">
<arg>${json_data['results'][0]['picture']['thumbnail']}</arg>
<arg>^https?://.*\.(?:png|jpe?g|gif|bmp)$</arg>
<doc>Fails if ``string`` does not match ``pattern`` as a regular expression.</doc>
<status status="PASS" start="2024-05-28T09:15:15.977524" elapsed="0.000350"/>
</kw>
<kw name="Log" owner="BuiltIn">
<msg time="2024-05-28T09:15:15.978381" level="INFO">{'large': 'https://randomuser.me/api/portraits/women/28.jpg', 'medium': 'https://randomuser.me/api/portraits/med/women/28.jpg', 'thumbnail': 'https://randomuser.me/api/portraits/thumb/women/28.jpg'}</msg>
<arg>${json_data['results'][0]['picture']}</arg>
<doc>Logs the given message with the given level.</doc>
<status status="PASS" start="2024-05-28T09:15:15.978058" elapsed="0.000365"/>
</kw>
<status status="PASS" start="2024-05-28T09:15:15.903471" elapsed="0.075210"/>
</kw>
<kw name="Teste de Tipos de Dados - Postcode" owner="random-user-service">
<kw name="GET On Session" owner="RequestsLibrary">
<msg time="2024-05-28T09:15:16.073567" level="INFO">GET Request : url=https://randomuser.me/api 
 path_url=/api 
 headers={'User-Agent': 'python-requests/2.32.2', 'Accept-Encoding': 'gzip, deflate', 'Accept': '*/*', 'Connection': 'keep-alive'} 
 body=None 
 </msg>
<msg time="2024-05-28T09:15:16.073669" level="INFO">GET Response : url=https://randomuser.me/api 
 status=200, reason=OK 
 headers={'Date': 'Tue, 28 May 2024 09:15:16 GMT', 'Content-Type': 'application/json; charset=utf-8', 'Transfer-Encoding': 'chunked', 'Connection': 'keep-alive', 'X-Powered-By': 'Express', 'Access-Control-Allow-Origin': '*', 'Cache-Control': 'no-cache', 'ETag': 'W/"495-xJ6j2XJrrr6PXkuYJzAAFVth0Xg"', 'Vary': 'Accept-Encoding', 'Content-Encoding': 'gzip', 'CF-Cache-Status': 'DYNAMIC', 'Report-To': '{"endpoints":[{"url":"https:\\/\\/a.nel.cloudflare.com\\/report\\/v4?s=OZA6hd4eN2hBYruTE6yZZvLTxVcSDMojWpUU990wSKjhQ0b0Hry%2FVFvk298jT0a8y3lVfiAJEgONk64hNX1R9vuAHCtJ37wEp2wBGujQtei4xBT5%2FDe7BJbwvXG8TrmU"}],"group":"cf-nel","max_age":604800}', 'NEL': '{"success_fraction":0,"report_to":"cf-nel","max_age":604800}', 'Server': 'cloudflare', 'CF-RAY': '88ad23a0ef062084-IAD', 'alt-svc': 'h3=":443"; ma=86400'} 
 body={"results":[{"gender":"male","name":{"title":"Mr","first":"Bryan","last":"Perry"},"location":{"street":{"number":9215,"name":"E North St"},"city":"Port Macquarie","state":"Northern Territory","country":"Australia","postcode":9946,"coordinates":{"latitude":"-84.7631","longitude":"-82.9046"},"timezone":{"offset":"+8:00","description":"Beijing, Perth, Singapore, Hong Kong"}},"email":"bryan.perry@example.com","login":{"uuid":"2bde3a56-0abd-499d-9562-fead5942c882","username":"happycat952","password":"enforcer","salt":"cNSYJJZe","md5":"4a23542b50b46caefe85ff94a3f82a74","sha1":"e6910fce7821d18ec9556fce8db06c525f33645e","sha256":"704c2871c7f36a061687f4e46d9fa964c5e1d2d6fc0bc2a8eee4992a5f797249"},"dob":{"date":"1997-08-31T17:48:44.471Z","age":26},"registered":{"date":"2016-01-04T14:59:13.487Z","age":8},"phone":"03-5217-5512","cell":"0445-377-816","id":{"name":"TFN","value":"169860647"},"picture":{"large":"https://randomuser.me/api/portraits/men/86.jpg","medium":"https://randomuser.me/api/portraits/med/men/86.jpg","thumbnail":"https://randomuser.me/api/portraits/thumb/men/86.jpg"},"nat":"AU"}],"info":{"seed":"6e33a4e423ff8d32","results":1,"page":1,"version":"1.4"}} 
 </msg>
<msg time="2024-05-28T09:15:16.073763" level="INFO">/opt/hostedtoolcache/Python/3.12.3/x64/lib/python3.12/site-packages/urllib3/connectionpool.py:1103: InsecureRequestWarning: Unverified HTTPS request is being made to host 'randomuser.me'. Adding certificate verification is strongly advised. See: https://urllib3.readthedocs.io/en/latest/advanced-usage.html#tls-warnings
  warnings.warn(</msg>
<msg time="2024-05-28T09:15:16.073921" level="INFO">${response} = &lt;Response [200]&gt;</msg>
<var>${response}</var>
<arg>consultarAPI</arg>
<arg>/api</arg>
<doc>Sends a GET request on a previously created HTTP Session.</doc>
<status status="PASS" start="2024-05-28T09:15:15.979151" elapsed="0.094812"/>
</kw>
<kw name="Set Variable" owner="BuiltIn">
<msg time="2024-05-28T09:15:16.074983" level="INFO">${json_data} = {'results': [{'gender': 'male', 'name': {'title': 'Mr', 'first': 'Bryan', 'last': 'Perry'}, 'location': {'street': {'number': 9215, 'name': 'E North St'}, 'city': 'Port Macquarie', 'state': 'Northern ...</msg>
<var>${json_data}</var>
<arg>${response.json()}</arg>
<doc>Returns the given values which can then be assigned to a variables.</doc>
<status status="PASS" start="2024-05-28T09:15:16.074419" elapsed="0.000596"/>
</kw>
<kw name="Log" owner="BuiltIn">
<msg time="2024-05-28T09:15:16.075563" level="INFO">{'results': [{'gender': 'male', 'name': {'title': 'Mr', 'first': 'Bryan', 'last': 'Perry'}, 'location': {'street': {'number': 9215, 'name': 'E North St'}, 'city': 'Port Macquarie', 'state': 'Northern Territory', 'country': 'Australia', 'postcode': 9946, 'coordinates': {'latitude': '-84.7631', 'longitude': '-82.9046'}, 'timezone': {'offset': '+8:00', 'description': 'Beijing, Perth, Singapore, Hong Kong'}}, 'email': 'bryan.perry@example.com', 'login': {'uuid': '2bde3a56-0abd-499d-9562-fead5942c882', 'username': 'happycat952', 'password': 'enforcer', 'salt': 'cNSYJJZe', 'md5': '4a23542b50b46caefe85ff94a3f82a74', 'sha1': 'e6910fce7821d18ec9556fce8db06c525f33645e', 'sha256': '704c2871c7f36a061687f4e46d9fa964c5e1d2d6fc0bc2a8eee4992a5f797249'}, 'dob': {'date': '1997-08-31T17:48:44.471Z', 'age': 26}, 'registered': {'date': '2016-01-04T14:59:13.487Z', 'age': 8}, 'phone': '03-5217-5512', 'cell': '0445-377-816', 'id': {'name': 'TFN', 'value': '169860647'}, 'picture': {'large': 'https://randomuser.me/api/portraits/men/86.jpg', 'medium': 'https://randomuser.me/api/portraits/med/men/86.jpg', 'thumbnail': 'https://randomuser.me/api/portraits/thumb/men/86.jpg'}, 'nat': 'AU'}], 'info': {'seed': '6e33a4e423ff8d32', 'results': 1, 'page': 1, 'version': '1.4'}}</msg>
<arg>${json_data}</arg>
<doc>Logs the given message with the given level.</doc>
<status status="PASS" start="2024-05-28T09:15:16.075378" elapsed="0.000295"/>
</kw>
<kw name="Should Be Equal As Numbers" owner="BuiltIn">
<arg>${json_data['results'][0]['location']['postcode']}</arg>
<arg>${json_data['results'][0]['location']['postcode']}</arg>
<doc>Fails if objects are unequal after converting them to real numbers.</doc>
<status status="PASS" start="2024-05-28T09:15:16.076046" elapsed="0.000682"/>
</kw>
<kw name="Log" owner="BuiltIn">
<msg time="2024-05-28T09:15:16.077272" level="INFO">9946</msg>
<arg>${json_data['results'][0]['location']['postcode']}</arg>
<doc>Logs the given message with the given level.</doc>
<status status="PASS" start="2024-05-28T09:15:16.076931" elapsed="0.000383"/>
</kw>
<status status="PASS" start="2024-05-28T09:15:15.978911" elapsed="0.098659"/>
</kw>
<doc>Testa se os tipos de dados na resposta da API estão corretos.</doc>
<tag>testeTiposDados</tag>
<status status="PASS" start="2024-05-28T09:15:15.902916" elapsed="0.174822"/>
</test>
<test id="s1-s1-t5" name="Validar conteudo" line="35">
<kw name="Teste de Tipos de Conteudo" owner="random-user-service">
<kw name="GET On Session" owner="RequestsLibrary">
<msg time="2024-05-28T09:15:16.174415" level="INFO">GET Request : url=https://randomuser.me/api 
 path_url=/api 
 headers={'User-Agent': 'python-requests/2.32.2', 'Accept-Encoding': 'gzip, deflate', 'Accept': '*/*', 'Connection': 'keep-alive'} 
 body=None 
 </msg>
<msg time="2024-05-28T09:15:16.174518" level="INFO">GET Response : url=https://randomuser.me/api 
 status=200, reason=OK 
 headers={'Date': 'Tue, 28 May 2024 09:15:16 GMT', 'Content-Type': 'application/json; charset=utf-8', 'Transfer-Encoding': 'chunked', 'Connection': 'keep-alive', 'X-Powered-By': 'Express', 'Access-Control-Allow-Origin': '*', 'Cache-Control': 'no-cache', 'ETag': 'W/"463-TMMrPgELejXU5YGyRd1wenz3Rm8"', 'Vary': 'Accept-Encoding', 'Content-Encoding': 'gzip', 'CF-Cache-Status': 'DYNAMIC', 'Report-To': '{"endpoints":[{"url":"https:\\/\\/a.nel.cloudflare.com\\/report\\/v4?s=lBdM5be7N5O2wE26sshRxbLZjMaGxQSKWwetEsiJk6vp0ZQEhmlsCKmC490otZGRTVXCL8oXK4%2FymlKU%2FPFm3JoIy5tY7ZANm1pJfbVu17nkwmueWGVKhEE3QYfi9omZ"}],"group":"cf-nel","max_age":604800}', 'NEL': '{"success_fraction":0,"report_to":"cf-nel","max_age":604800}', 'Server': 'cloudflare', 'CF-RAY': '88ad23a18f882084-IAD', 'alt-svc': 'h3=":443"; ma=86400'} 
 body={"results":[{"gender":"male","name":{"title":"Mr","first":"Mons","last":"Sletvold"},"location":{"street":{"number":957,"name":"Løvåsveien"},"city":"Myra","state":"Telemark","country":"Norway","postcode":"1815","coordinates":{"latitude":"43.7336","longitude":"-14.1483"},"timezone":{"offset":"+3:30","description":"Tehran"}},"email":"mons.sletvold@example.com","login":{"uuid":"ac9188ca-15b7-4b99-844a-c85f02d0f3dd","username":"brownostrich818","password":"dogbert","salt":"fuRDTJJq","md5":"2f1c86a74ae04852aac60b55efa11209","sha1":"bacbe5f695cf60d728298ca18aded64bf2a08206","sha256":"643999b7a76a6ea50fc7498e5488fa9fe3d0440fc2245b289ca7cf820bb07886"},"dob":{"date":"1973-04-04T19:17:48.174Z","age":51},"registered":{"date":"2009-01-30T06:49:40.700Z","age":15},"phone":"21809288","cell":"92618336","id":{"name":"FN","value":"04047327313"},"picture":{"large":"https://randomuser.me/api/portraits/men/96.jpg","medium":"https://randomuser.me/api/portraits/med/men/96.jpg","thumbnail":"https://randomuser.me/api/portraits/thumb/men/96.jpg"},"nat":"NO"}],"info":{"seed":"ab722a6b5925fe52","results":1,"page":1,"version":"1.4"}} 
 </msg>
<msg time="2024-05-28T09:15:16.174590" level="INFO">/opt/hostedtoolcache/Python/3.12.3/x64/lib/python3.12/site-packages/urllib3/connectionpool.py:1103: InsecureRequestWarning: Unverified HTTPS request is being made to host 'randomuser.me'. Adding certificate verification is strongly advised. See: https://urllib3.readthedocs.io/en/latest/advanced-usage.html#tls-warnings
  warnings.warn(</msg>
<msg time="2024-05-28T09:15:16.174855" level="INFO">${response} = &lt;Response [200]&gt;</msg>
<var>${response}</var>
<arg>consultarAPI</arg>
<arg>/api</arg>
<doc>Sends a GET request on a previously created HTTP Session.</doc>
<status status="PASS" start="2024-05-28T09:15:16.080221" elapsed="0.094680"/>
</kw>
<kw name="Set Variable" owner="BuiltIn">
<msg time="2024-05-28T09:15:16.176060" level="INFO">${json_data} = {'results': [{'gender': 'male', 'name': {'title': 'Mr', 'first': 'Mons', 'last': 'Sletvold'}, 'location': {'street': {'number': 957, 'name': 'Løvåsveien'}, 'city': 'Myra', 'state': 'Telemark', 'countr...</msg>
<var>${json_data}</var>
<arg>${response.json()}</arg>
<doc>Returns the given values which can then be assigned to a variables.</doc>
<status status="PASS" start="2024-05-28T09:15:16.175534" elapsed="0.000556"/>
</kw>
<kw name="Set Variable" owner="BuiltIn">
<msg time="2024-05-28T09:15:16.176836" level="INFO">${name_title} = Mr</msg>
<var>${name_title}</var>
<arg>${json_data["results"][0]["name"]["title"]}</arg>
<doc>Returns the given values which can then be assigned to a variables.</doc>
<status status="PASS" start="2024-05-28T09:15:16.176441" elapsed="0.000422"/>
</kw>
<kw name="Create List" owner="BuiltIn">
<msg time="2024-05-28T09:15:16.177325" level="INFO">${allowed_titles} = ['Mr', 'Ms', 'Miss', 'Mrs', 'Madame', 'Monsieur']</msg>
<var>${allowed_titles}</var>
<arg>Mr</arg>
<arg>Ms</arg>
<arg>Miss</arg>
<arg>Mrs</arg>
<arg>Madame</arg>
<arg>Monsieur</arg>
<doc>Returns a list containing given items.</doc>
<status status="PASS" start="2024-05-28T09:15:16.177171" elapsed="0.000179"/>
</kw>
<kw name="List Should Contain Value" owner="Collections">
<msg time="2024-05-28T09:15:16.177840" level="INFO">False</msg>
<arg>${allowed_titles}</arg>
<arg>${name_title}</arg>
<doc>Fails if the ``value`` is not found from ``list``.</doc>
<status status="PASS" start="2024-05-28T09:15:16.177658" elapsed="0.000220"/>
</kw>
<kw name="Set Variable" owner="BuiltIn">
<msg time="2024-05-28T09:15:16.178761" level="INFO">${name_country} = NO</msg>
<var>${name_country}</var>
<arg>${json_data["results"][0]["nat"]}</arg>
<doc>Returns the given values which can then be assigned to a variables.</doc>
<status status="PASS" start="2024-05-28T09:15:16.178184" elapsed="0.000604"/>
</kw>
<kw name="Create List" owner="BuiltIn">
<msg time="2024-05-28T09:15:16.179703" level="INFO">${list_country} = ['AD', 'AE', 'AF', 'AG', 'AI', 'AL', 'AM', 'AO', 'AQ', 'AR', 'AS', 'AT', 'AU', 'AW', 'AX', 'AZ', 'BA', 'BB', 'BD', 'BE', 'BF', 'BG', 'BH', 'BI', 'BJ', 'BL', 'BM', 'BN', 'BO', 'BQ', 'BR', 'BS', 'BT', '...</msg>
<var>${list_country}</var>
<arg>AD</arg>
<arg>AE</arg>
<arg>AF</arg>
<arg>AG</arg>
<arg>AI</arg>
<arg>AL</arg>
<arg>AM</arg>
<arg>AO</arg>
<arg>AQ</arg>
<arg>AR</arg>
<arg>AS</arg>
<arg>AT</arg>
<arg>AU</arg>
<arg>AW</arg>
<arg>AX</arg>
<arg>AZ</arg>
<arg>BA</arg>
<arg>BB</arg>
<arg>BD</arg>
<arg>BE</arg>
<arg>BF</arg>
<arg>BG</arg>
<arg>BH</arg>
<arg>BI</arg>
<arg>BJ</arg>
<arg>BL</arg>
<arg>BM</arg>
<arg>BN</arg>
<arg>BO</arg>
<arg>BQ</arg>
<arg>BR</arg>
<arg>BS</arg>
<arg>BT</arg>
<arg>BV</arg>
<arg>BW</arg>
<arg>BY</arg>
<arg>BZ</arg>
<arg>CA</arg>
<arg>CC</arg>
<arg>CD</arg>
<arg>CF</arg>
<arg>CG</arg>
<arg>CH</arg>
<arg>CI</arg>
<arg>CK</arg>
<arg>CL</arg>
<arg>CM</arg>
<arg>CN</arg>
<arg>CO</arg>
<arg>CR</arg>
<arg>CU</arg>
<arg>CV</arg>
<arg>CW</arg>
<arg>CX</arg>
<arg>CY</arg>
<arg>CZ</arg>
<arg>DE</arg>
<arg>DJ</arg>
<arg>DK</arg>
<arg>DM</arg>
<arg>DO</arg>
<arg>DZ</arg>
<arg>EC</arg>
<arg>EE</arg>
<arg>EG</arg>
<arg>EH</arg>
<arg>ER</arg>
<arg>ES</arg>
<arg>ET</arg>
<arg>FI</arg>
<arg>FJ</arg>
<arg>FK</arg>
<arg>FM</arg>
<arg>FO</arg>
<arg>FR</arg>
<arg>GA</arg>
<arg>GB</arg>
<arg>GD</arg>
<arg>GE</arg>
<arg>GF</arg>
<arg>GG</arg>
<arg>GH</arg>
<arg>GI</arg>
<arg>GL</arg>
<arg>GM</arg>
<arg>GN</arg>
<arg>GP</arg>
<arg>GQ</arg>
<arg>GR</arg>
<arg>GS</arg>
<arg>GT</arg>
<arg>GU</arg>
<arg>GW</arg>
<arg>GY</arg>
<arg>HK</arg>
<arg>HM</arg>
<arg>HN</arg>
<arg>HR</arg>
<arg>HT</arg>
<arg>HU</arg>
<arg>ID</arg>
<arg>IE</arg>
<arg>IL</arg>
<arg>IM</arg>
<arg>IN</arg>
<arg>IO</arg>
<arg>IQ</arg>
<arg>IR</arg>
<arg>IS</arg>
<arg>IT</arg>
<arg>JE</arg>
<arg>JM</arg>
<arg>JO</arg>
<arg>JP</arg>
<arg>KE</arg>
<arg>KG</arg>
<arg>KH</arg>
<arg>KI</arg>
<arg>KM</arg>
<arg>KN</arg>
<arg>KP</arg>
<arg>KR</arg>
<arg>KW</arg>
<arg>KY</arg>
<arg>KZ</arg>
<arg>LA</arg>
<arg>LB</arg>
<arg>LC</arg>
<arg>LI</arg>
<arg>LK</arg>
<arg>LR</arg>
<arg>LS</arg>
<arg>LT</arg>
<arg>LU</arg>
<arg>LV</arg>
<arg>LY</arg>
<arg>MA</arg>
<arg>MC</arg>
<arg>MD</arg>
<arg>ME</arg>
<arg>MF</arg>
<arg>MG</arg>
<arg>MH</arg>
<arg>MK</arg>
<arg>ML</arg>
<arg>MM</arg>
<arg>MN</arg>
<arg>MO</arg>
<arg>MP</arg>
<arg>MQ</arg>
<arg>MR</arg>
<arg>MS</arg>
<arg>MT</arg>
<arg>MU</arg>
<arg>MV</arg>
<arg>MW</arg>
<arg>MX</arg>
<arg>MY</arg>
<arg>MZ</arg>
<arg>NA</arg>
<arg>NC</arg>
<arg>NE</arg>
<arg>NF</arg>
<arg>NG</arg>
<arg>NI</arg>
<arg>NL</arg>
<arg>NO</arg>
<arg>NP</arg>
<arg>NR</arg>
<arg>NU</arg>
<arg>NZ</arg>
<arg>OM</arg>
<arg>PA</arg>
<arg>PE</arg>
<arg>PF</arg>
<arg>PG</arg>
<arg>PH</arg>
<arg>PK</arg>
<arg>PL</arg>
<arg>PM</arg>
<arg>PN</arg>
<arg>PR</arg>
<arg>PS</arg>
<arg>PT</arg>
<arg>PW</arg>
<arg>PY</arg>
<arg>QA</arg>
<arg>RE</arg>
<arg>RO</arg>
<arg>RS</arg>
<arg>RU</arg>
<arg>RW</arg>
<arg>SA</arg>
<arg>SB</arg>
<arg>SC</arg>
<arg>SD</arg>
<arg>SE</arg>
<arg>SG</arg>
<arg>SH</arg>
<arg>SI</arg>
<arg>SJ</arg>
<arg>SK</arg>
<arg>SL</arg>
<arg>SM</arg>
<arg>SN</arg>
<arg>SO</arg>
<arg>SR</arg>
<arg>SS</arg>
<arg>ST</arg>
<arg>SV</arg>
<arg>SX</arg>
<arg>SY</arg>
<arg>SZ</arg>
<arg>TC</arg>
<arg>TD</arg>
<arg>TF</arg>
<arg>TG</arg>
<arg>TH</arg>
<arg>TJ</arg>
<arg>TK</arg>
<arg>TL</arg>
<arg>TM</arg>
<arg>TN</arg>
<arg>TO</arg>
<arg>TR</arg>
<arg>TT</arg>
<arg>TV</arg>
<arg>TW</arg>
<arg>TZ</arg>
<arg>UA</arg>
<arg>UG</arg>
<arg>UM</arg>
<arg>US</arg>
<arg>UY</arg>
<arg>UZ</arg>
<arg>VA</arg>
<arg>VC</arg>
<arg>VE</arg>
<arg>VG</arg>
<arg>VI</arg>
<arg>VN</arg>
<arg>VU</arg>
<arg>WF</arg>
<arg>WS</arg>
<arg>XK</arg>
<arg>YE</arg>
<arg>YT</arg>
<arg>ZA</arg>
<arg>ZM</arg>
<arg>ZW</arg>
<doc>Returns a list containing given items.</doc>
<status status="PASS" start="2024-05-28T09:15:16.179101" elapsed="0.000627"/>
</kw>
<kw name="List Should Contain Value" owner="Collections">
<msg time="2024-05-28T09:15:16.180769" level="INFO">False</msg>
<arg>${list_country}</arg>
<arg>${name_country}</arg>
<doc>Fails if the ``value`` is not found from ``list``.</doc>
<status status="PASS" start="2024-05-28T09:15:16.180560" elapsed="0.000246"/>
</kw>
<kw name="Run Keyword If" owner="BuiltIn">
<kw name="Should Be True" owner="BuiltIn">
<arg>${True}</arg>
<doc>Fails if the given condition is not true.</doc>
<status status="PASS" start="2024-05-28T09:15:16.181893" elapsed="0.000146"/>
</kw>
<arg>${json_data["results"][0]["location"]["coordinates"]["latitude"]} &gt;= -90 and ${json_data["results"][0]["location"]["coordinates"]["latitude"]} &lt;= 90</arg>
<arg>Should Be True</arg>
<arg>${True}</arg>
<doc>Runs the given keyword with the given arguments, if ``condition`` is true.</doc>
<status status="PASS" start="2024-05-28T09:15:16.181130" elapsed="0.001038"/>
</kw>
<kw name="Run Keyword If" owner="BuiltIn">
<kw name="Should Be True" owner="BuiltIn">
<arg>${True}</arg>
<doc>Fails if the given condition is not true.</doc>
<status status="PASS" start="2024-05-28T09:15:16.183062" elapsed="0.000139"/>
</kw>
<arg>${json_data["results"][0]["location"]["coordinates"]["longitude"]} &gt;= -180 and ${json_data["results"][0]["location"]["coordinates"]["longitude"]} &lt;= 180</arg>
<arg>Should Be True</arg>
<arg>${True}</arg>
<doc>Runs the given keyword with the given arguments, if ``condition`` is true.</doc>
<status status="PASS" start="2024-05-28T09:15:16.182354" elapsed="0.000972"/>
</kw>
<status status="PASS" start="2024-05-28T09:15:16.079955" elapsed="0.103503"/>
</kw>
<doc>Testa o conteúdo específico dos campos retornados pela API.</doc>
<tag>testeConteudo</tag>
<status status="PASS" start="2024-05-28T09:15:16.079502" elapsed="0.104111"/>
</test>
<status status="PASS" start="2024-05-28T09:15:15.389222" elapsed="0.796460"/>
</suite>
<status status="PASS" start="2024-05-28T09:15:15.375681" elapsed="0.815238"/>
</suite>
<statistics>
<total>
<stat pass="5" fail="0" skip="0">All Tests</stat>
</total>
<tag>
<stat pass="1" fail="0" skip="0">testeConteudo</stat>
<stat pass="1" fail="0" skip="0">testeEstruturaResposta</stat>
<stat pass="1" fail="0" skip="0">testeRequisicaoBasica</stat>
<stat pass="1" fail="0" skip="0">testeTiposDados</stat>
</tag>
<suite>
<stat pass="5" fail="0" skip="0" id="s1" name="Tests">Tests</stat>
<stat pass="5" fail="0" skip="0" id="s1-s1" name="Random-User-Test">Tests.Random-User-Test</stat>
</suite>
</statistics>
<errors>
</errors>
</robot>
