<?xml version="1.0" encoding="UTF-8"?>
<robot generator="Robot 7.0 (Python 3.12.3 on linux)" generated="2024-05-27T03:17:05.439845" rpa="false" schemaversion="5">
<suite id="s1" name="Tests" source="/home/runner/work/ApiRandomUser/ApiRandomUser/RamdonUser/tests">
<suite id="s1-s1" name="Random-User-Test" source="/home/runner/work/ApiRandomUser/ApiRandomUser/RamdonUser/tests/random-user-test.robot">
<test id="s1-s1-t1" name="Conectar" line="13">
<kw name="Conectar API" owner="random-user-service">
<kw name="Create Session" owner="RequestsLibrary">
<msg time="2024-05-27T03:17:05.857895" level="INFO">Creating Session using : alias=consultarAPI, url=https://randomuser.me/, headers={},                     cookies={}, auth=None, timeout=None, proxies=None, verify=False,                     debug=0 </msg>
<arg>consultarAPI</arg>
<arg>${URL}</arg>
<doc>Create Session: create a HTTP session to a server</doc>
<status status="PASS" start="2024-05-27T03:17:05.857679" elapsed="0.000414"/>
</kw>
<status status="PASS" start="2024-05-27T03:17:05.856563" elapsed="0.001917"/>
</kw>
<status status="PASS" start="2024-05-27T03:17:05.855931" elapsed="0.002750"/>
</test>
<test id="s1-s1-t2" name="Validar retorno 200 e JSON Válido" line="16">
<kw name="Teste de Requisicao Basica" owner="random-user-service">
<kw name="GET On Session" owner="RequestsLibrary">
<msg time="2024-05-27T03:17:05.982347" level="INFO">GET Request : url=https://randomuser.me/api 
 path_url=/api 
 headers={'User-Agent': 'python-requests/2.32.2', 'Accept-Encoding': 'gzip, deflate', 'Accept': '*/*', 'Connection': 'keep-alive'} 
 body=None 
 </msg>
<msg time="2024-05-27T03:17:05.982536" level="INFO">GET Response : url=https://randomuser.me/api 
 status=200, reason=OK 
 headers={'Date': 'Mon, 27 May 2024 03:17:05 GMT', 'Content-Type': 'application/json; charset=utf-8', 'Transfer-Encoding': 'chunked', 'Connection': 'keep-alive', 'X-Powered-By': 'Express', 'Access-Control-Allow-Origin': '*', 'Cache-Control': 'no-cache', 'ETag': 'W/"492-FYWhKi9vre4Z9eezWV1WL3w6Z/U"', 'Vary': 'Accept-Encoding', 'Content-Encoding': 'gzip', 'CF-Cache-Status': 'DYNAMIC', 'Report-To': '{"endpoints":[{"url":"https:\\/\\/a.nel.cloudflare.com\\/report\\/v4?s=GQmbbChSlkDsHFQZ903zP8RqU5C8eZ7HPqJ1HY0C3NorN7LFk%2Bmj7ea77exSnXHcQK78FYiQC9hxU9XNMZTupjwZBlXrt61u2NZ4ODXL82M6WY0vNFsOGJRFDN3eVlRJ"}],"group":"cf-nel","max_age":604800}', 'NEL': '{"success_fraction":0,"report_to":"cf-nel","max_age":604800}', 'Server': 'cloudflare', 'CF-RAY': '88a2d997de1115df-SJC', 'alt-svc': 'h3=":443"; ma=86400'} 
 body={"results":[{"gender":"female","name":{"title":"Miss","first":"Katie","last":"Rodriquez"},"location":{"street":{"number":1303,"name":"Westheimer Rd"},"city":"Thornton","state":"Indiana","country":"United States","postcode":20722,"coordinates":{"latitude":"86.1742","longitude":"13.5456"},"timezone":{"offset":"-12:00","description":"Eniwetok, Kwajalein"}},"email":"katie.rodriquez@example.com","login":{"uuid":"8c002fe4-1133-4097-a235-46103e8d9e1e","username":"goldenfish469","password":"butts","salt":"epmaKB6i","md5":"4d50ba6227d686db38b5643826ed45b5","sha1":"e803f9433c701bf36e48cbabbbb196d7b64996c6","sha256":"0625d2d0f1e50ecaa2e5ef01102bb266f473fc0e09b42d6d40065e1320c10e75"},"dob":{"date":"1949-11-22T12:40:27.397Z","age":74},"registered":{"date":"2002-07-11T02:09:13.501Z","age":21},"phone":"(958) 690-9100","cell":"(982) 961-9596","id":{"name":"SSN","value":"422-31-4094"},"picture":{"large":"https://randomuser.me/api/portraits/women/23.jpg","medium":"https://randomuser.me/api/portraits/med/women/23.jpg","thumbnail":"https://randomuser.me/api/portraits/thumb/women/23.jpg"},"nat":"US"}],"info":{"seed":"97a418a133bac513","results":1,"page":1,"version":"1.4"}} 
 </msg>
<msg time="2024-05-27T03:17:05.982644" level="INFO">/opt/hostedtoolcache/Python/3.12.3/x64/lib/python3.12/site-packages/urllib3/connectionpool.py:1103: InsecureRequestWarning: Unverified HTTPS request is being made to host 'randomuser.me'. Adding certificate verification is strongly advised. See: https://urllib3.readthedocs.io/en/latest/advanced-usage.html#tls-warnings
  warnings.warn(</msg>
<msg time="2024-05-27T03:17:05.982822" level="INFO">${response} = &lt;Response [200]&gt;</msg>
<var>${response}</var>
<arg>consultarAPI</arg>
<arg>/api</arg>
<doc>Sends a GET request on a previously created HTTP Session.</doc>
<status status="PASS" start="2024-05-27T03:17:05.861442" elapsed="0.121416"/>
</kw>
<kw name="Should Be Equal As Numbers" owner="BuiltIn">
<msg time="2024-05-27T03:17:05.983954" level="INFO">Argument types are:
&lt;class 'int'&gt;
&lt;class 'str'&gt;</msg>
<arg>${response.status_code}</arg>
<arg>200</arg>
<doc>Fails if objects are unequal after converting them to real numbers.</doc>
<status status="PASS" start="2024-05-27T03:17:05.983436" elapsed="0.000590"/>
</kw>
<kw name="Log" owner="BuiltIn">
<msg time="2024-05-27T03:17:05.984828" level="INFO">200</msg>
<arg>${response.status_code}</arg>
<doc>Logs the given message with the given level.</doc>
<status status="PASS" start="2024-05-27T03:17:05.984438" elapsed="0.000442"/>
</kw>
<kw name="Set Variable" owner="BuiltIn">
<msg time="2024-05-27T03:17:05.985664" level="INFO">${json_data} = {'results': [{'gender': 'female', 'name': {'title': 'Miss', 'first': 'Katie', 'last': 'Rodriquez'}, 'location': {'street': {'number': 1303, 'name': 'Westheimer Rd'}, 'city': 'Thornton', 'state': 'Indi...</msg>
<var>${json_data}</var>
<arg>${response.json()}</arg>
<doc>Returns the given values which can then be assigned to a variables.</doc>
<status status="PASS" start="2024-05-27T03:17:05.985209" elapsed="0.000484"/>
</kw>
<kw name="Dictionary Should Contain Key" owner="Collections">
<msg time="2024-05-27T03:17:05.986186" level="INFO">False</msg>
<arg>${json_data}</arg>
<arg>results</arg>
<doc>Fails if ``key`` is not found from ``dictionary``.</doc>
<status status="PASS" start="2024-05-27T03:17:05.986006" elapsed="0.000397"/>
</kw>
<status status="PASS" start="2024-05-27T03:17:05.861080" elapsed="0.125596"/>
</kw>
<doc>Testa se a API responde corretamente e retorna um objeto JSON válido.</doc>
<tag>testeRequisicaoBasica</tag>
<status status="PASS" start="2024-05-27T03:17:05.860597" elapsed="0.126270"/>
</test>
<test id="s1-s1-t3" name="Validar estrutura de resposta" line="22">
<kw name="Teste de Estrutura de Resposta" owner="random-user-service">
<kw name="GET On Session" owner="RequestsLibrary">
<msg time="2024-05-27T03:17:06.092322" level="INFO">GET Request : url=https://randomuser.me/api 
 path_url=/api 
 headers={'User-Agent': 'python-requests/2.32.2', 'Accept-Encoding': 'gzip, deflate', 'Accept': '*/*', 'Connection': 'keep-alive'} 
 body=None 
 </msg>
<msg time="2024-05-27T03:17:06.092491" level="INFO">GET Response : url=https://randomuser.me/api 
 status=200, reason=OK 
 headers={'Date': 'Mon, 27 May 2024 03:17:06 GMT', 'Content-Type': 'application/json; charset=utf-8', 'Transfer-Encoding': 'chunked', 'Connection': 'keep-alive', 'X-Powered-By': 'Express', 'Access-Control-Allow-Origin': '*', 'Cache-Control': 'no-cache', 'ETag': 'W/"498-RxQNs3u+XYOXa8JVEQLhq+Xa+SY"', 'Vary': 'Accept-Encoding', 'Content-Encoding': 'gzip', 'CF-Cache-Status': 'DYNAMIC', 'Report-To': '{"endpoints":[{"url":"https:\\/\\/a.nel.cloudflare.com\\/report\\/v4?s=p8wSRgrur%2FjIghwLjAov70w2of2Knv1o9UlCVn5aD6IddTenpRrrZnHv%2BqcbHqKOK5OaJttt4RNzmOmi%2FS7AVz%2BhpfrBwtOs3IfmItAZmsv%2FxgKKMo0kJu1RZ6iY156N"}],"group":"cf-nel","max_age":604800}', 'NEL': '{"success_fraction":0,"report_to":"cf-nel","max_age":604800}', 'Server': 'cloudflare', 'CF-RAY': '88a2d9987ecb15df-SJC', 'alt-svc': 'h3=":443"; ma=86400'} 
 body={"results":[{"gender":"male","name":{"title":"Mr","first":"علی رضا","last":"محمدخان"},"location":{"street":{"number":4833,"name":"پیروزی"},"city":"شیراز","state":"خراسان شمالی","country":"Iran","postcode":12165,"coordinates":{"latitude":"20.0739","longitude":"-144.8447"},"timezone":{"offset":"-7:00","description":"Mountain Time (US &amp; Canada)"}},"email":"aalyrd.mhmdkhn@example.com","login":{"uuid":"a927f950-b8cb-46ba-bd79-b0539c9e8498","username":"heavylion726","password":"steelers","salt":"THWSyTN9","md5":"c8624e80ee3ac7593df5c9a28a4e651b","sha1":"dcee406551f24b8fb26c27a2c8170ce7186f64b0","sha256":"086ea6846474a58b57ce3c5482f3f0a81980778d85a42aeb94cb4b13fc7f8dc8"},"dob":{"date":"1945-04-24T03:14:34.593Z","age":79},"registered":{"date":"2009-09-11T09:53:56.026Z","age":14},"phone":"067-68525527","cell":"0935-258-9321","id":{"name":"","value":null},"picture":{"large":"https://randomuser.me/api/portraits/men/21.jpg","medium":"https://randomuser.me/api/portraits/med/men/21.jpg","thumbnail":"https://randomuser.me/api/portraits/thumb/men/21.jpg"},"nat":"IR"}],"info":{"seed":"e55034314ba732e7","results":1,"page":1,"version":"1.4"}} 
 </msg>
<msg time="2024-05-27T03:17:06.092664" level="INFO">/opt/hostedtoolcache/Python/3.12.3/x64/lib/python3.12/site-packages/urllib3/connectionpool.py:1103: InsecureRequestWarning: Unverified HTTPS request is being made to host 'randomuser.me'. Adding certificate verification is strongly advised. See: https://urllib3.readthedocs.io/en/latest/advanced-usage.html#tls-warnings
  warnings.warn(</msg>
<msg time="2024-05-27T03:17:06.092843" level="INFO">${response} = &lt;Response [200]&gt;</msg>
<var>${response}</var>
<arg>consultarAPI</arg>
<arg>/api</arg>
<doc>Sends a GET request on a previously created HTTP Session.</doc>
<status status="PASS" start="2024-05-27T03:17:05.989539" elapsed="0.103350"/>
</kw>
<kw name="Set Variable" owner="BuiltIn">
<msg time="2024-05-27T03:17:06.094054" level="INFO">${json_data} = {'results': [{'gender': 'male', 'name': {'title': 'Mr', 'first': 'علی رضا', 'last': 'محمدخان'}, 'location': {'street': {'number': 4833, 'name': 'پیروزی'}, 'city': 'شیراز', 'state': 'خراسان شمالی', 'co...</msg>
<var>${json_data}</var>
<arg>${response.json()}</arg>
<doc>Returns the given values which can then be assigned to a variables.</doc>
<status status="PASS" start="2024-05-27T03:17:06.093455" elapsed="0.000632"/>
</kw>
<kw name="Log" owner="BuiltIn">
<msg time="2024-05-27T03:17:06.094634" level="INFO">{'results': [{'gender': 'male', 'name': {'title': 'Mr', 'first': 'علی رضا', 'last': 'محمدخان'}, 'location': {'street': {'number': 4833, 'name': 'پیروزی'}, 'city': 'شیراز', 'state': 'خراسان شمالی', 'country': 'Iran', 'postcode': 12165, 'coordinates': {'latitude': '20.0739', 'longitude': '-144.8447'}, 'timezone': {'offset': '-7:00', 'description': 'Mountain Time (US &amp; Canada)'}}, 'email': 'aalyrd.mhmdkhn@example.com', 'login': {'uuid': 'a927f950-b8cb-46ba-bd79-b0539c9e8498', 'username': 'heavylion726', 'password': 'steelers', 'salt': 'THWSyTN9', 'md5': 'c8624e80ee3ac7593df5c9a28a4e651b', 'sha1': 'dcee406551f24b8fb26c27a2c8170ce7186f64b0', 'sha256': '086ea6846474a58b57ce3c5482f3f0a81980778d85a42aeb94cb4b13fc7f8dc8'}, 'dob': {'date': '1945-04-24T03:14:34.593Z', 'age': 79}, 'registered': {'date': '2009-09-11T09:53:56.026Z', 'age': 14}, 'phone': '067-68525527', 'cell': '0935-258-9321', 'id': {'name': '', 'value': None}, 'picture': {'large': 'https://randomuser.me/api/portraits/men/21.jpg', 'medium': 'https://randomuser.me/api/portraits/med/men/21.jpg', 'thumbnail': 'https://randomuser.me/api/portraits/thumb/men/21.jpg'}, 'nat': 'IR'}], 'info': {'seed': 'e55034314ba732e7', 'results': 1, 'page': 1, 'version': '1.4'}}</msg>
<arg>${json_data}</arg>
<doc>Logs the given message with the given level.</doc>
<status status="PASS" start="2024-05-27T03:17:06.094455" elapsed="0.000236"/>
</kw>
<kw name="Dictionary Should Contain Key" owner="Collections">
<msg time="2024-05-27T03:17:06.095179" level="INFO">False</msg>
<arg>${json_data}</arg>
<arg>results</arg>
<doc>Fails if ``key`` is not found from ``dictionary``.</doc>
<status status="PASS" start="2024-05-27T03:17:06.095010" elapsed="0.000208"/>
</kw>
<kw name="Should Not Be Empty" owner="BuiltIn">
<msg time="2024-05-27T03:17:06.095666" level="INFO">Length is 2.</msg>
<arg>${json_data}</arg>
<doc>Verifies that the given item is not empty.</doc>
<status status="PASS" start="2024-05-27T03:17:06.095523" elapsed="0.000183"/>
</kw>
<kw name="Create List" owner="BuiltIn">
<msg time="2024-05-27T03:17:06.096166" level="INFO">${expected_keys} = ['gender', 'name', 'location', 'email', 'login']</msg>
<var>${expected_keys}</var>
<arg>gender</arg>
<arg>name</arg>
<arg>location</arg>
<arg>email</arg>
<arg>login</arg>
<doc>Returns a list containing given items.</doc>
<status status="PASS" start="2024-05-27T03:17:06.096014" elapsed="0.000175"/>
</kw>
<for flavor="IN">
<iter>
<kw name="Dictionary Should Contain Key" owner="Collections">
<msg time="2024-05-27T03:17:06.097269" level="INFO">False</msg>
<arg>${json_data['results'][0]}</arg>
<arg>${key}</arg>
<doc>Fails if ``key`` is not found from ``dictionary``.</doc>
<status status="PASS" start="2024-05-27T03:17:06.096830" elapsed="0.000480"/>
</kw>
<kw name="Log" owner="BuiltIn">
<msg time="2024-05-27T03:17:06.097988" level="INFO">{'gender': 'male', 'name': {'title': 'Mr', 'first': 'علی رضا', 'last': 'محمدخان'}, 'location': {'street': {'number': 4833, 'name': 'پیروزی'}, 'city': 'شیراز', 'state': 'خراسان شمالی', 'country': 'Iran', 'postcode': 12165, 'coordinates': {'latitude': '20.0739', 'longitude': '-144.8447'}, 'timezone': {'offset': '-7:00', 'description': 'Mountain Time (US &amp; Canada)'}}, 'email': 'aalyrd.mhmdkhn@example.com', 'login': {'uuid': 'a927f950-b8cb-46ba-bd79-b0539c9e8498', 'username': 'heavylion726', 'password': 'steelers', 'salt': 'THWSyTN9', 'md5': 'c8624e80ee3ac7593df5c9a28a4e651b', 'sha1': 'dcee406551f24b8fb26c27a2c8170ce7186f64b0', 'sha256': '086ea6846474a58b57ce3c5482f3f0a81980778d85a42aeb94cb4b13fc7f8dc8'}, 'dob': {'date': '1945-04-24T03:14:34.593Z', 'age': 79}, 'registered': {'date': '2009-09-11T09:53:56.026Z', 'age': 14}, 'phone': '067-68525527', 'cell': '0935-258-9321', 'id': {'name': '', 'value': None}, 'picture': {'large': 'https://randomuser.me/api/portraits/men/21.jpg', 'medium': 'https://randomuser.me/api/portraits/med/men/21.jpg', 'thumbnail': 'https://randomuser.me/api/portraits/thumb/men/21.jpg'}, 'nat': 'IR'}</msg>
<arg>${json_data['results'][0]}</arg>
<doc>Logs the given message with the given level.</doc>
<status status="PASS" start="2024-05-27T03:17:06.097612" elapsed="0.000440"/>
</kw>
<kw name="Log" owner="BuiltIn">
<msg time="2024-05-27T03:17:06.098486" level="INFO">gender</msg>
<arg>${key}</arg>
<doc>Logs the given message with the given level.</doc>
<status status="PASS" start="2024-05-27T03:17:06.098356" elapsed="0.000170"/>
</kw>
<var name="${key}">gender</var>
<status status="PASS" start="2024-05-27T03:17:06.096701" elapsed="0.002042"/>
</iter>
<iter>
<kw name="Dictionary Should Contain Key" owner="Collections">
<msg time="2024-05-27T03:17:06.099436" level="INFO">False</msg>
<arg>${json_data['results'][0]}</arg>
<arg>${key}</arg>
<doc>Fails if ``key`` is not found from ``dictionary``.</doc>
<status status="PASS" start="2024-05-27T03:17:06.099049" elapsed="0.000425"/>
</kw>
<kw name="Log" owner="BuiltIn">
<msg time="2024-05-27T03:17:06.100177" level="INFO">{'gender': 'male', 'name': {'title': 'Mr', 'first': 'علی رضا', 'last': 'محمدخان'}, 'location': {'street': {'number': 4833, 'name': 'پیروزی'}, 'city': 'شیراز', 'state': 'خراسان شمالی', 'country': 'Iran', 'postcode': 12165, 'coordinates': {'latitude': '20.0739', 'longitude': '-144.8447'}, 'timezone': {'offset': '-7:00', 'description': 'Mountain Time (US &amp; Canada)'}}, 'email': 'aalyrd.mhmdkhn@example.com', 'login': {'uuid': 'a927f950-b8cb-46ba-bd79-b0539c9e8498', 'username': 'heavylion726', 'password': 'steelers', 'salt': 'THWSyTN9', 'md5': 'c8624e80ee3ac7593df5c9a28a4e651b', 'sha1': 'dcee406551f24b8fb26c27a2c8170ce7186f64b0', 'sha256': '086ea6846474a58b57ce3c5482f3f0a81980778d85a42aeb94cb4b13fc7f8dc8'}, 'dob': {'date': '1945-04-24T03:14:34.593Z', 'age': 79}, 'registered': {'date': '2009-09-11T09:53:56.026Z', 'age': 14}, 'phone': '067-68525527', 'cell': '0935-258-9321', 'id': {'name': '', 'value': None}, 'picture': {'large': 'https://randomuser.me/api/portraits/men/21.jpg', 'medium': 'https://randomuser.me/api/portraits/med/men/21.jpg', 'thumbnail': 'https://randomuser.me/api/portraits/thumb/men/21.jpg'}, 'nat': 'IR'}</msg>
<arg>${json_data['results'][0]}</arg>
<doc>Logs the given message with the given level.</doc>
<status status="PASS" start="2024-05-27T03:17:06.099807" elapsed="0.000435"/>
</kw>
<kw name="Log" owner="BuiltIn">
<msg time="2024-05-27T03:17:06.100709" level="INFO">name</msg>
<arg>${key}</arg>
<doc>Logs the given message with the given level.</doc>
<status status="PASS" start="2024-05-27T03:17:06.100580" elapsed="0.000167"/>
</kw>
<var name="${key}">name</var>
<status status="PASS" start="2024-05-27T03:17:06.098933" elapsed="0.002046"/>
</iter>
<iter>
<kw name="Dictionary Should Contain Key" owner="Collections">
<msg time="2024-05-27T03:17:06.101652" level="INFO">False</msg>
<arg>${json_data['results'][0]}</arg>
<arg>${key}</arg>
<doc>Fails if ``key`` is not found from ``dictionary``.</doc>
<status status="PASS" start="2024-05-27T03:17:06.101272" elapsed="0.000419"/>
</kw>
<kw name="Log" owner="BuiltIn">
<msg time="2024-05-27T03:17:06.102360" level="INFO">{'gender': 'male', 'name': {'title': 'Mr', 'first': 'علی رضا', 'last': 'محمدخان'}, 'location': {'street': {'number': 4833, 'name': 'پیروزی'}, 'city': 'شیراز', 'state': 'خراسان شمالی', 'country': 'Iran', 'postcode': 12165, 'coordinates': {'latitude': '20.0739', 'longitude': '-144.8447'}, 'timezone': {'offset': '-7:00', 'description': 'Mountain Time (US &amp; Canada)'}}, 'email': 'aalyrd.mhmdkhn@example.com', 'login': {'uuid': 'a927f950-b8cb-46ba-bd79-b0539c9e8498', 'username': 'heavylion726', 'password': 'steelers', 'salt': 'THWSyTN9', 'md5': 'c8624e80ee3ac7593df5c9a28a4e651b', 'sha1': 'dcee406551f24b8fb26c27a2c8170ce7186f64b0', 'sha256': '086ea6846474a58b57ce3c5482f3f0a81980778d85a42aeb94cb4b13fc7f8dc8'}, 'dob': {'date': '1945-04-24T03:14:34.593Z', 'age': 79}, 'registered': {'date': '2009-09-11T09:53:56.026Z', 'age': 14}, 'phone': '067-68525527', 'cell': '0935-258-9321', 'id': {'name': '', 'value': None}, 'picture': {'large': 'https://randomuser.me/api/portraits/men/21.jpg', 'medium': 'https://randomuser.me/api/portraits/med/men/21.jpg', 'thumbnail': 'https://randomuser.me/api/portraits/thumb/men/21.jpg'}, 'nat': 'IR'}</msg>
<arg>${json_data['results'][0]}</arg>
<doc>Logs the given message with the given level.</doc>
<status status="PASS" start="2024-05-27T03:17:06.101992" elapsed="0.000423"/>
</kw>
<kw name="Log" owner="BuiltIn">
<msg time="2024-05-27T03:17:06.102945" level="INFO">location</msg>
<arg>${key}</arg>
<doc>Logs the given message with the given level.</doc>
<status status="PASS" start="2024-05-27T03:17:06.102777" elapsed="0.000230"/>
</kw>
<var name="${key}">location</var>
<status status="PASS" start="2024-05-27T03:17:06.101161" elapsed="0.002175"/>
</iter>
<iter>
<kw name="Dictionary Should Contain Key" owner="Collections">
<msg time="2024-05-27T03:17:06.104662" level="INFO">False</msg>
<arg>${json_data['results'][0]}</arg>
<arg>${key}</arg>
<doc>Fails if ``key`` is not found from ``dictionary``.</doc>
<status status="PASS" start="2024-05-27T03:17:06.103821" elapsed="0.000904"/>
</kw>
<kw name="Log" owner="BuiltIn">
<msg time="2024-05-27T03:17:06.105710" level="INFO">{'gender': 'male', 'name': {'title': 'Mr', 'first': 'علی رضا', 'last': 'محمدخان'}, 'location': {'street': {'number': 4833, 'name': 'پیروزی'}, 'city': 'شیراز', 'state': 'خراسان شمالی', 'country': 'Iran', 'postcode': 12165, 'coordinates': {'latitude': '20.0739', 'longitude': '-144.8447'}, 'timezone': {'offset': '-7:00', 'description': 'Mountain Time (US &amp; Canada)'}}, 'email': 'aalyrd.mhmdkhn@example.com', 'login': {'uuid': 'a927f950-b8cb-46ba-bd79-b0539c9e8498', 'username': 'heavylion726', 'password': 'steelers', 'salt': 'THWSyTN9', 'md5': 'c8624e80ee3ac7593df5c9a28a4e651b', 'sha1': 'dcee406551f24b8fb26c27a2c8170ce7186f64b0', 'sha256': '086ea6846474a58b57ce3c5482f3f0a81980778d85a42aeb94cb4b13fc7f8dc8'}, 'dob': {'date': '1945-04-24T03:14:34.593Z', 'age': 79}, 'registered': {'date': '2009-09-11T09:53:56.026Z', 'age': 14}, 'phone': '067-68525527', 'cell': '0935-258-9321', 'id': {'name': '', 'value': None}, 'picture': {'large': 'https://randomuser.me/api/portraits/men/21.jpg', 'medium': 'https://randomuser.me/api/portraits/med/men/21.jpg', 'thumbnail': 'https://randomuser.me/api/portraits/thumb/men/21.jpg'}, 'nat': 'IR'}</msg>
<arg>${json_data['results'][0]}</arg>
<doc>Logs the given message with the given level.</doc>
<status status="PASS" start="2024-05-27T03:17:06.105152" elapsed="0.000642"/>
</kw>
<kw name="Log" owner="BuiltIn">
<msg time="2024-05-27T03:17:06.106407" level="INFO">email</msg>
<arg>${key}</arg>
<doc>Logs the given message with the given level.</doc>
<status status="PASS" start="2024-05-27T03:17:06.106224" elapsed="0.000240"/>
</kw>
<var name="${key}">email</var>
<status status="PASS" start="2024-05-27T03:17:06.103622" elapsed="0.003149"/>
</iter>
<iter>
<kw name="Dictionary Should Contain Key" owner="Collections">
<msg time="2024-05-27T03:17:06.107870" level="INFO">False</msg>
<arg>${json_data['results'][0]}</arg>
<arg>${key}</arg>
<doc>Fails if ``key`` is not found from ``dictionary``.</doc>
<status status="PASS" start="2024-05-27T03:17:06.107238" elapsed="0.000690"/>
</kw>
<kw name="Log" owner="BuiltIn">
<msg time="2024-05-27T03:17:06.109055" level="INFO">{'gender': 'male', 'name': {'title': 'Mr', 'first': 'علی رضا', 'last': 'محمدخان'}, 'location': {'street': {'number': 4833, 'name': 'پیروزی'}, 'city': 'شیراز', 'state': 'خراسان شمالی', 'country': 'Iran', 'postcode': 12165, 'coordinates': {'latitude': '20.0739', 'longitude': '-144.8447'}, 'timezone': {'offset': '-7:00', 'description': 'Mountain Time (US &amp; Canada)'}}, 'email': 'aalyrd.mhmdkhn@example.com', 'login': {'uuid': 'a927f950-b8cb-46ba-bd79-b0539c9e8498', 'username': 'heavylion726', 'password': 'steelers', 'salt': 'THWSyTN9', 'md5': 'c8624e80ee3ac7593df5c9a28a4e651b', 'sha1': 'dcee406551f24b8fb26c27a2c8170ce7186f64b0', 'sha256': '086ea6846474a58b57ce3c5482f3f0a81980778d85a42aeb94cb4b13fc7f8dc8'}, 'dob': {'date': '1945-04-24T03:14:34.593Z', 'age': 79}, 'registered': {'date': '2009-09-11T09:53:56.026Z', 'age': 14}, 'phone': '067-68525527', 'cell': '0935-258-9321', 'id': {'name': '', 'value': None}, 'picture': {'large': 'https://randomuser.me/api/portraits/men/21.jpg', 'medium': 'https://randomuser.me/api/portraits/med/men/21.jpg', 'thumbnail': 'https://randomuser.me/api/portraits/thumb/men/21.jpg'}, 'nat': 'IR'}</msg>
<arg>${json_data['results'][0]}</arg>
<doc>Logs the given message with the given level.</doc>
<status status="PASS" start="2024-05-27T03:17:06.108415" elapsed="0.000734"/>
</kw>
<kw name="Log" owner="BuiltIn">
<msg time="2024-05-27T03:17:06.109842" level="INFO">login</msg>
<arg>${key}</arg>
<doc>Logs the given message with the given level.</doc>
<status status="PASS" start="2024-05-27T03:17:06.109639" elapsed="0.000274"/>
</kw>
<var name="${key}">login</var>
<status status="PASS" start="2024-05-27T03:17:06.107049" elapsed="0.003271"/>
</iter>
<var>${key}</var>
<value>@{expected_keys}</value>
<status status="PASS" start="2024-05-27T03:17:06.096490" elapsed="0.014049"/>
</for>
<kw name="Create List" owner="BuiltIn">
<msg time="2024-05-27T03:17:06.111098" level="INFO">${expected_keysTwo} = ['username', 'password']</msg>
<var>${expected_keysTwo}</var>
<arg>username</arg>
<arg>password</arg>
<doc>Returns a list containing given items.</doc>
<status status="PASS" start="2024-05-27T03:17:06.110880" elapsed="0.000255"/>
</kw>
<for flavor="IN">
<iter>
<kw name="Dictionary Should Contain Key" owner="Collections">
<msg time="2024-05-27T03:17:06.112484" level="INFO">False</msg>
<arg>${json_data['results'][0]['login']}</arg>
<arg>${keyTwo}</arg>
<doc>Fails if ``key`` is not found from ``dictionary``.</doc>
<status status="PASS" start="2024-05-27T03:17:06.111871" elapsed="0.000678"/>
</kw>
<kw name="Dictionary Should Contain Key" owner="Collections">
<msg time="2024-05-27T03:17:06.113629" level="INFO">False</msg>
<arg>${json_data['results'][0]['login']}</arg>
<arg>${keyTwo}</arg>
<doc>Fails if ``key`` is not found from ``dictionary``.</doc>
<status status="PASS" start="2024-05-27T03:17:06.112979" elapsed="0.000718"/>
</kw>
<kw name="Log" owner="BuiltIn">
<msg time="2024-05-27T03:17:06.114397" level="INFO">username</msg>
<arg>${keyTwo}</arg>
<doc>Logs the given message with the given level.</doc>
<status status="PASS" start="2024-05-27T03:17:06.114183" elapsed="0.000286"/>
</kw>
<var name="${keyTwo}">username</var>
<status status="PASS" start="2024-05-27T03:17:06.111708" elapsed="0.003106"/>
</iter>
<iter>
<kw name="Dictionary Should Contain Key" owner="Collections">
<msg time="2024-05-27T03:17:06.115860" level="INFO">False</msg>
<arg>${json_data['results'][0]['login']}</arg>
<arg>${keyTwo}</arg>
<doc>Fails if ``key`` is not found from ``dictionary``.</doc>
<status status="PASS" start="2024-05-27T03:17:06.115274" elapsed="0.000646"/>
</kw>
<kw name="Dictionary Should Contain Key" owner="Collections">
<msg time="2024-05-27T03:17:06.116930" level="INFO">False</msg>
<arg>${json_data['results'][0]['login']}</arg>
<arg>${keyTwo}</arg>
<doc>Fails if ``key`` is not found from ``dictionary``.</doc>
<status status="PASS" start="2024-05-27T03:17:06.116344" elapsed="0.000629"/>
</kw>
<kw name="Log" owner="BuiltIn">
<msg time="2024-05-27T03:17:06.117447" level="INFO">password</msg>
<arg>${keyTwo}</arg>
<doc>Logs the given message with the given level.</doc>
<status status="PASS" start="2024-05-27T03:17:06.117308" elapsed="0.000180"/>
</kw>
<var name="${keyTwo}">password</var>
<status status="PASS" start="2024-05-27T03:17:06.115096" elapsed="0.002622"/>
</iter>
<var>${keyTwo}</var>
<value>@{expected_keysTwo}</value>
<status status="PASS" start="2024-05-27T03:17:06.111474" elapsed="0.006371"/>
</for>
<status status="PASS" start="2024-05-27T03:17:05.989287" elapsed="0.128705"/>
</kw>
<doc>Testa a estrutura da resposta da API.</doc>
<tag>testeEstruturaResposta</tag>
<status status="PASS" start="2024-05-27T03:17:05.988740" elapsed="0.129415"/>
</test>
<test id="s1-s1-t4" name="Validar tipos de dados" line="28">
<kw name="Teste de Tipos de Dados" owner="random-user-service">
<kw name="GET On Session" owner="RequestsLibrary">
<msg time="2024-05-27T03:17:06.205680" level="INFO">GET Request : url=https://randomuser.me/api 
 path_url=/api 
 headers={'User-Agent': 'python-requests/2.32.2', 'Accept-Encoding': 'gzip, deflate', 'Accept': '*/*', 'Connection': 'keep-alive'} 
 body=None 
 </msg>
<msg time="2024-05-27T03:17:06.205794" level="INFO">GET Response : url=https://randomuser.me/api 
 status=200, reason=OK 
 headers={'Date': 'Mon, 27 May 2024 03:17:06 GMT', 'Content-Type': 'application/json; charset=utf-8', 'Transfer-Encoding': 'chunked', 'Connection': 'keep-alive', 'X-Powered-By': 'Express', 'Access-Control-Allow-Origin': '*', 'Cache-Control': 'no-cache', 'ETag': 'W/"46d-pVZbUnYOyhfTZ1cD/y1mCqQRdJc"', 'Vary': 'Accept-Encoding', 'Content-Encoding': 'gzip', 'CF-Cache-Status': 'DYNAMIC', 'Report-To': '{"endpoints":[{"url":"https:\\/\\/a.nel.cloudflare.com\\/report\\/v4?s=AZsSn24ade8IyLwijXeFxEtjJ45eV6MFO3VgDJZ9JgcED0OVuLERMTcrfqczUF3oWfUNFmbPysky7z4y8XcB0Wh%2FT2VAW4BhFaMLn%2BIp%2F%2BozWDyPaDW1ulQjD1iqZrNk"}],"group":"cf-nel","max_age":604800}', 'NEL': '{"success_fraction":0,"report_to":"cf-nel","max_age":604800}', 'Server': 'cloudflare', 'CF-RAY': '88a2d9994f9315df-SJC', 'alt-svc': 'h3=":443"; ma=86400'} 
 body={"results":[{"gender":"male","name":{"title":"Mr","first":"Barış","last":"Karaböcek"},"location":{"street":{"number":5595,"name":"Kushimoto Sk"},"city":"Bitlis","state":"Tokat","country":"Turkey","postcode":80332,"coordinates":{"latitude":"65.6482","longitude":"-134.0787"},"timezone":{"offset":"-2:00","description":"Mid-Atlantic"}},"email":"baris.karabocek@example.com","login":{"uuid":"276832bc-591c-469d-b000-94137d32b405","username":"angrybird650","password":"999999","salt":"uJfYzL2C","md5":"db678713e7af4e99d18cc1f458790f8c","sha1":"308ec9ff3003b118645a07d2b51403cd68356cac","sha256":"d13e7d4d702af51692dcb592d162e50dbcf1c098d51f15f11ed7f99ff5414000"},"dob":{"date":"1961-02-16T00:09:24.756Z","age":63},"registered":{"date":"2004-08-13T02:46:48.987Z","age":19},"phone":"(482)-173-0305","cell":"(680)-853-0400","id":{"name":"","value":null},"picture":{"large":"https://randomuser.me/api/portraits/men/20.jpg","medium":"https://randomuser.me/api/portraits/med/men/20.jpg","thumbnail":"https://randomuser.me/api/portraits/thumb/men/20.jpg"},"nat":"TR"}],"info":{"seed":"d29a7327df4d5ee1","results":1,"page":1,"version":"1.4"}} 
 </msg>
<msg time="2024-05-27T03:17:06.205887" level="INFO">/opt/hostedtoolcache/Python/3.12.3/x64/lib/python3.12/site-packages/urllib3/connectionpool.py:1103: InsecureRequestWarning: Unverified HTTPS request is being made to host 'randomuser.me'. Adding certificate verification is strongly advised. See: https://urllib3.readthedocs.io/en/latest/advanced-usage.html#tls-warnings
  warnings.warn(</msg>
<msg time="2024-05-27T03:17:06.206047" level="INFO">${response} = &lt;Response [200]&gt;</msg>
<var>${response}</var>
<arg>consultarAPI</arg>
<arg>/api</arg>
<doc>Sends a GET request on a previously created HTTP Session.</doc>
<status status="PASS" start="2024-05-27T03:17:06.120728" elapsed="0.085368"/>
</kw>
<kw name="Set Variable" owner="BuiltIn">
<msg time="2024-05-27T03:17:06.207485" level="INFO">${json_data} = {'results': [{'gender': 'male', 'name': {'title': 'Mr', 'first': 'Barış', 'last': 'Karaböcek'}, 'location': {'street': {'number': 5595, 'name': 'Kushimoto Sk'}, 'city': 'Bitlis', 'state': 'Tokat', 'co...</msg>
<var>${json_data}</var>
<arg>${response.json()}</arg>
<doc>Returns the given values which can then be assigned to a variables.</doc>
<status status="PASS" start="2024-05-27T03:17:06.206821" elapsed="0.000695"/>
</kw>
<kw name="Log" owner="BuiltIn">
<msg time="2024-05-27T03:17:06.208006" level="INFO">{'results': [{'gender': 'male', 'name': {'title': 'Mr', 'first': 'Barış', 'last': 'Karaböcek'}, 'location': {'street': {'number': 5595, 'name': 'Kushimoto Sk'}, 'city': 'Bitlis', 'state': 'Tokat', 'country': 'Turkey', 'postcode': 80332, 'coordinates': {'latitude': '65.6482', 'longitude': '-134.0787'}, 'timezone': {'offset': '-2:00', 'description': 'Mid-Atlantic'}}, 'email': 'baris.karabocek@example.com', 'login': {'uuid': '276832bc-591c-469d-b000-94137d32b405', 'username': 'angrybird650', 'password': '999999', 'salt': 'uJfYzL2C', 'md5': 'db678713e7af4e99d18cc1f458790f8c', 'sha1': '308ec9ff3003b118645a07d2b51403cd68356cac', 'sha256': 'd13e7d4d702af51692dcb592d162e50dbcf1c098d51f15f11ed7f99ff5414000'}, 'dob': {'date': '1961-02-16T00:09:24.756Z', 'age': 63}, 'registered': {'date': '2004-08-13T02:46:48.987Z', 'age': 19}, 'phone': '(482)-173-0305', 'cell': '(680)-853-0400', 'id': {'name': '', 'value': None}, 'picture': {'large': 'https://randomuser.me/api/portraits/men/20.jpg', 'medium': 'https://randomuser.me/api/portraits/med/men/20.jpg', 'thumbnail': 'https://randomuser.me/api/portraits/thumb/men/20.jpg'}, 'nat': 'TR'}], 'info': {'seed': 'd29a7327df4d5ee1', 'results': 1, 'page': 1, 'version': '1.4'}}</msg>
<arg>${json_data}</arg>
<doc>Logs the given message with the given level.</doc>
<status status="PASS" start="2024-05-27T03:17:06.207843" elapsed="0.000251"/>
</kw>
<kw name="Should Be String" owner="String">
<arg>${json_data['results'][0]['gender']}</arg>
<doc>Fails if the given ``item`` is not a string.</doc>
<status status="PASS" start="2024-05-27T03:17:06.208455" elapsed="0.000379"/>
</kw>
<kw name="Should Match Regexp" owner="BuiltIn">
<arg>${json_data['results'][0]['email']}</arg>
<arg>^[a-zA-Z0-9._%+-]+@[a-zA-Z0-9.-]+\.[a-zA-Z]{2,}$</arg>
<doc>Fails if ``string`` does not match ``pattern`` as a regular expression.</doc>
<status status="PASS" start="2024-05-27T03:17:06.209030" elapsed="0.000694"/>
</kw>
<kw name="Should Match Regexp" owner="BuiltIn">
<arg>${json_data['results'][0]['dob']['date']}</arg>
<arg>\\d{4}-\\d{2}-\\d{2}T\\d{2}:\\d{2}:\\d{2}\\.\\d{3}Z</arg>
<doc>Fails if ``string`` does not match ``pattern`` as a regular expression.</doc>
<status status="PASS" start="2024-05-27T03:17:06.209923" elapsed="0.000485"/>
</kw>
<kw name="Should Match Regexp" owner="BuiltIn">
<arg>${json_data['results'][0]['registered']['date']}</arg>
<arg>\\d{4}-\\d{2}-\\d{2}T\\d{2}:\\d{2}:\\d{2}\\.\\d{3}Z</arg>
<doc>Fails if ``string`` does not match ``pattern`` as a regular expression.</doc>
<status status="PASS" start="2024-05-27T03:17:06.210599" elapsed="0.000365"/>
</kw>
<kw name="Should Match Regexp" owner="BuiltIn">
<arg>${json_data['results'][0]['picture']['large']}</arg>
<arg>^https?://.*\.(?:png|jpe?g|gif|bmp)$</arg>
<doc>Fails if ``string`` does not match ``pattern`` as a regular expression.</doc>
<status status="PASS" start="2024-05-27T03:17:06.211148" elapsed="0.000459"/>
</kw>
<kw name="Should Match Regexp" owner="BuiltIn">
<arg>${json_data['results'][0]['picture']['medium']}</arg>
<arg>^https?://.*\.(?:png|jpe?g|gif|bmp)$</arg>
<doc>Fails if ``string`` does not match ``pattern`` as a regular expression.</doc>
<status status="PASS" start="2024-05-27T03:17:06.211803" elapsed="0.000352"/>
</kw>
<kw name="Should Match Regexp" owner="BuiltIn">
<arg>${json_data['results'][0]['picture']['thumbnail']}</arg>
<arg>^https?://.*\.(?:png|jpe?g|gif|bmp)$</arg>
<doc>Fails if ``string`` does not match ``pattern`` as a regular expression.</doc>
<status status="PASS" start="2024-05-27T03:17:06.212341" elapsed="0.000375"/>
</kw>
<kw name="Log" owner="BuiltIn">
<msg time="2024-05-27T03:17:06.213229" level="INFO">{'large': 'https://randomuser.me/api/portraits/men/20.jpg', 'medium': 'https://randomuser.me/api/portraits/med/men/20.jpg', 'thumbnail': 'https://randomuser.me/api/portraits/thumb/men/20.jpg'}</msg>
<arg>${json_data['results'][0]['picture']}</arg>
<doc>Logs the given message with the given level.</doc>
<status status="PASS" start="2024-05-27T03:17:06.212901" elapsed="0.000371"/>
</kw>
<status status="PASS" start="2024-05-27T03:17:06.120483" elapsed="0.093060"/>
</kw>
<kw name="Teste de Tipos de Dados - Postcode" owner="random-user-service">
<kw name="GET On Session" owner="RequestsLibrary">
<msg time="2024-05-27T03:17:06.325259" level="INFO">GET Request : url=https://randomuser.me/api 
 path_url=/api 
 headers={'User-Agent': 'python-requests/2.32.2', 'Accept-Encoding': 'gzip, deflate', 'Accept': '*/*', 'Connection': 'keep-alive'} 
 body=None 
 </msg>
<msg time="2024-05-27T03:17:06.325363" level="INFO">GET Response : url=https://randomuser.me/api 
 status=200, reason=OK 
 headers={'Date': 'Mon, 27 May 2024 03:17:06 GMT', 'Content-Type': 'application/json; charset=utf-8', 'Transfer-Encoding': 'chunked', 'Connection': 'keep-alive', 'X-Powered-By': 'Express', 'Access-Control-Allow-Origin': '*', 'Cache-Control': 'no-cache', 'ETag': 'W/"485-lOQMBySlQGHwBspDpVHrYXz8f9o"', 'Vary': 'Accept-Encoding', 'Content-Encoding': 'gzip', 'CF-Cache-Status': 'DYNAMIC', 'Report-To': '{"endpoints":[{"url":"https:\\/\\/a.nel.cloudflare.com\\/report\\/v4?s=JYlLbkr9MX4GDCOOTPyfch1%2F5Dq%2BlIgup68Sh8PPKUnEK0M2b3Vh9craz%2FT2fg7QwX9jNWZ6uIcQWDioqsVUMgtYFaA8SA1TDEOqFQK5hnR%2FIUWmdRyBZeIsLrV%2Fu1S0"}],"group":"cf-nel","max_age":604800}', 'NEL': '{"success_fraction":0,"report_to":"cf-nel","max_age":604800}', 'Server': 'cloudflare', 'CF-RAY': '88a2d999d80915df-SJC', 'alt-svc': 'h3=":443"; ma=86400'} 
 body={"results":[{"gender":"female","name":{"title":"Miss","first":"Artemisiya","last":"Buhalo"},"location":{"street":{"number":5730,"name":"Bratnya"},"city":"Dzhankoy","state":"Avtonomna Respublika Krim","country":"Ukraine","postcode":83954,"coordinates":{"latitude":"79.3634","longitude":"146.9835"},"timezone":{"offset":"-10:00","description":"Hawaii"}},"email":"artemisiya.buhalo@example.com","login":{"uuid":"11119140-d338-467a-8208-4da7400359ed","username":"orangefish885","password":"111222","salt":"lpGxDNXk","md5":"673f927b05340ef72323b7d62c656785","sha1":"71acd0d9feca693bdcdf894c99628a2eb9e3e510","sha256":"b1396a501dbccfe282871976d8bfc80c68b34f74d19edab5b3b0c00750af82c2"},"dob":{"date":"1981-11-13T03:24:28.674Z","age":42},"registered":{"date":"2011-10-20T15:53:07.508Z","age":12},"phone":"(066) A13-6886","cell":"(066) D73-8880","id":{"name":"","value":null},"picture":{"large":"https://randomuser.me/api/portraits/women/24.jpg","medium":"https://randomuser.me/api/portraits/med/women/24.jpg","thumbnail":"https://randomuser.me/api/portraits/thumb/women/24.jpg"},"nat":"UA"}],"info":{"seed":"9b4c26cba3901b45","results":1,"page":1,"version":"1.4"}} 
 </msg>
<msg time="2024-05-27T03:17:06.325443" level="INFO">/opt/hostedtoolcache/Python/3.12.3/x64/lib/python3.12/site-packages/urllib3/connectionpool.py:1103: InsecureRequestWarning: Unverified HTTPS request is being made to host 'randomuser.me'. Adding certificate verification is strongly advised. See: https://urllib3.readthedocs.io/en/latest/advanced-usage.html#tls-warnings
  warnings.warn(</msg>
<msg time="2024-05-27T03:17:06.325566" level="INFO">${response} = &lt;Response [200]&gt;</msg>
<var>${response}</var>
<arg>consultarAPI</arg>
<arg>/api</arg>
<doc>Sends a GET request on a previously created HTTP Session.</doc>
<status status="PASS" start="2024-05-27T03:17:06.214015" elapsed="0.111590"/>
</kw>
<kw name="Set Variable" owner="BuiltIn">
<msg time="2024-05-27T03:17:06.326972" level="INFO">${json_data} = {'results': [{'gender': 'female', 'name': {'title': 'Miss', 'first': 'Artemisiya', 'last': 'Buhalo'}, 'location': {'street': {'number': 5730, 'name': 'Bratnya'}, 'city': 'Dzhankoy', 'state': 'Avtonomn...</msg>
<var>${json_data}</var>
<arg>${response.json()}</arg>
<doc>Returns the given values which can then be assigned to a variables.</doc>
<status status="PASS" start="2024-05-27T03:17:06.326320" elapsed="0.000683"/>
</kw>
<kw name="Log" owner="BuiltIn">
<msg time="2024-05-27T03:17:06.327470" level="INFO">{'results': [{'gender': 'female', 'name': {'title': 'Miss', 'first': 'Artemisiya', 'last': 'Buhalo'}, 'location': {'street': {'number': 5730, 'name': 'Bratnya'}, 'city': 'Dzhankoy', 'state': 'Avtonomna Respublika Krim', 'country': 'Ukraine', 'postcode': 83954, 'coordinates': {'latitude': '79.3634', 'longitude': '146.9835'}, 'timezone': {'offset': '-10:00', 'description': 'Hawaii'}}, 'email': 'artemisiya.buhalo@example.com', 'login': {'uuid': '11119140-d338-467a-8208-4da7400359ed', 'username': 'orangefish885', 'password': '111222', 'salt': 'lpGxDNXk', 'md5': '673f927b05340ef72323b7d62c656785', 'sha1': '71acd0d9feca693bdcdf894c99628a2eb9e3e510', 'sha256': 'b1396a501dbccfe282871976d8bfc80c68b34f74d19edab5b3b0c00750af82c2'}, 'dob': {'date': '1981-11-13T03:24:28.674Z', 'age': 42}, 'registered': {'date': '2011-10-20T15:53:07.508Z', 'age': 12}, 'phone': '(066) A13-6886', 'cell': '(066) D73-8880', 'id': {'name': '', 'value': None}, 'picture': {'large': 'https://randomuser.me/api/portraits/women/24.jpg', 'medium': 'https://randomuser.me/api/portraits/med/women/24.jpg', 'thumbnail': 'https://randomuser.me/api/portraits/thumb/women/24.jpg'}, 'nat': 'UA'}], 'info': {'seed': '9b4c26cba3901b45', 'results': 1, 'page': 1, 'version': '1.4'}}</msg>
<arg>${json_data}</arg>
<doc>Logs the given message with the given level.</doc>
<status status="PASS" start="2024-05-27T03:17:06.327315" elapsed="0.000240"/>
</kw>
<kw name="Should Be Equal As Numbers" owner="BuiltIn">
<arg>${json_data['results'][0]['location']['postcode']}</arg>
<arg>${json_data['results'][0]['location']['postcode']}</arg>
<doc>Fails if objects are unequal after converting them to real numbers.</doc>
<status status="PASS" start="2024-05-27T03:17:06.327854" elapsed="0.000686"/>
</kw>
<kw name="Log" owner="BuiltIn">
<msg time="2024-05-27T03:17:06.329069" level="INFO">83954</msg>
<arg>${json_data['results'][0]['location']['postcode']}</arg>
<doc>Logs the given message with the given level.</doc>
<status status="PASS" start="2024-05-27T03:17:06.328735" elapsed="0.000375"/>
</kw>
<status status="PASS" start="2024-05-27T03:17:06.213776" elapsed="0.115601"/>
</kw>
<doc>Testa se os tipos de dados na resposta da API estão corretos.</doc>
<tag>testeTiposDados</tag>
<status status="PASS" start="2024-05-27T03:17:06.119900" elapsed="0.209652"/>
</test>
<test id="s1-s1-t5" name="Validar conteudo" line="35">
<kw name="Teste de Tipos de Conteudo" owner="random-user-service">
<kw name="GET On Session" owner="RequestsLibrary">
<msg time="2024-05-27T03:17:06.434278" level="INFO">GET Request : url=https://randomuser.me/api 
 path_url=/api 
 headers={'User-Agent': 'python-requests/2.32.2', 'Accept-Encoding': 'gzip, deflate', 'Accept': '*/*', 'Connection': 'keep-alive'} 
 body=None 
 </msg>
<msg time="2024-05-27T03:17:06.434399" level="INFO">GET Response : url=https://randomuser.me/api 
 status=200, reason=OK 
 headers={'Date': 'Mon, 27 May 2024 03:17:06 GMT', 'Content-Type': 'application/json; charset=utf-8', 'Transfer-Encoding': 'chunked', 'Connection': 'keep-alive', 'X-Powered-By': 'Express', 'Access-Control-Allow-Origin': '*', 'Cache-Control': 'no-cache', 'ETag': 'W/"4aa-l3GliA4UTYUMgmNtcl9O508TYWo"', 'Vary': 'Accept-Encoding', 'Content-Encoding': 'gzip', 'CF-Cache-Status': 'DYNAMIC', 'Report-To': '{"endpoints":[{"url":"https:\\/\\/a.nel.cloudflare.com\\/report\\/v4?s=XkMr6nhlDeW93Be82dRqB9CZIoxKjbuywDiRQJrXlAWYR6Lm2H1zn4Vq0MY8bazyTdBypLqNjkPapRlUuZ%2FNYLMcX%2B4v3AdviNe1AipK6P6GEWe3k4G5U0h2gSuDN%2BkJ"}],"group":"cf-nel","max_age":604800}', 'NEL': '{"success_fraction":0,"report_to":"cf-nel","max_age":604800}', 'Server': 'cloudflare', 'CF-RAY': '88a2d99a98f315df-SJC', 'alt-svc': 'h3=":443"; ma=86400'} 
 body={"results":[{"gender":"male","name":{"title":"Monsieur","first":"Hanspeter","last":"Adam"},"location":{"street":{"number":5923,"name":"Cours Charlemagne"},"city":"Roggwil (Be)","state":"Luzern","country":"Switzerland","postcode":5706,"coordinates":{"latitude":"-61.2316","longitude":"-83.5213"},"timezone":{"offset":"-5:00","description":"Eastern Time (US &amp; Canada), Bogota, Lima"}},"email":"hanspeter.adam@example.com","login":{"uuid":"60492b7d-35c6-4da6-8733-a23e88082e1d","username":"bluedog703","password":"idontknow","salt":"nvUAZNxF","md5":"a67cceb639f482264c3aeaf879e64a16","sha1":"eaf9c47ec5f2a7a7535803297ce1a5f0d1d20dcc","sha256":"b35e02fff3a3fb626749580214c30fbbb58b30cb65d9b205582fa7e610b5f826"},"dob":{"date":"1951-10-19T20:31:26.975Z","age":72},"registered":{"date":"2006-09-30T00:49:30.661Z","age":17},"phone":"077 051 80 81","cell":"079 402 04 57","id":{"name":"AVS","value":"756.2850.6508.41"},"picture":{"large":"https://randomuser.me/api/portraits/men/89.jpg","medium":"https://randomuser.me/api/portraits/med/men/89.jpg","thumbnail":"https://randomuser.me/api/portraits/thumb/men/89.jpg"},"nat":"CH"}],"info":{"seed":"238280b5c76c200c","results":1,"page":1,"version":"1.4"}} 
 </msg>
<msg time="2024-05-27T03:17:06.434498" level="INFO">/opt/hostedtoolcache/Python/3.12.3/x64/lib/python3.12/site-packages/urllib3/connectionpool.py:1103: InsecureRequestWarning: Unverified HTTPS request is being made to host 'randomuser.me'. Adding certificate verification is strongly advised. See: https://urllib3.readthedocs.io/en/latest/advanced-usage.html#tls-warnings
  warnings.warn(</msg>
<msg time="2024-05-27T03:17:06.434640" level="INFO">${response} = &lt;Response [200]&gt;</msg>
<var>${response}</var>
<arg>consultarAPI</arg>
<arg>/api</arg>
<doc>Sends a GET request on a previously created HTTP Session.</doc>
<status status="PASS" start="2024-05-27T03:17:06.332195" elapsed="0.102479"/>
</kw>
<kw name="Set Variable" owner="BuiltIn">
<msg time="2024-05-27T03:17:06.435846" level="INFO">${json_data} = {'results': [{'gender': 'male', 'name': {'title': 'Monsieur', 'first': 'Hanspeter', 'last': 'Adam'}, 'location': {'street': {'number': 5923, 'name': 'Cours Charlemagne'}, 'city': 'Roggwil (Be)', 'stat...</msg>
<var>${json_data}</var>
<arg>${response.json()}</arg>
<doc>Returns the given values which can then be assigned to a variables.</doc>
<status status="PASS" start="2024-05-27T03:17:06.435247" elapsed="0.000628"/>
</kw>
<kw name="Set Variable" owner="BuiltIn">
<msg time="2024-05-27T03:17:06.436648" level="INFO">${name_title} = Monsieur</msg>
<var>${name_title}</var>
<arg>${json_data["results"][0]["name"]["title"]}</arg>
<doc>Returns the given values which can then be assigned to a variables.</doc>
<status status="PASS" start="2024-05-27T03:17:06.436194" elapsed="0.000480"/>
</kw>
<kw name="Create List" owner="BuiltIn">
<msg time="2024-05-27T03:17:06.437127" level="INFO">${allowed_titles} = ['Mr', 'Ms', 'Miss', 'Mrs', 'Madame', 'Monsieur']</msg>
<var>${allowed_titles}</var>
<arg>Mr</arg>
<arg>Ms</arg>
<arg>Miss</arg>
<arg>Mrs</arg>
<arg>Madame</arg>
<arg>Monsieur</arg>
<doc>Returns a list containing given items.</doc>
<status status="PASS" start="2024-05-27T03:17:06.436976" elapsed="0.000175"/>
</kw>
<kw name="List Should Contain Value" owner="Collections">
<msg time="2024-05-27T03:17:06.437635" level="INFO">False</msg>
<arg>${allowed_titles}</arg>
<arg>${name_title}</arg>
<doc>Fails if the ``value`` is not found from ``list``.</doc>
<status status="PASS" start="2024-05-27T03:17:06.437455" elapsed="0.000217"/>
</kw>
<kw name="Set Variable" owner="BuiltIn">
<msg time="2024-05-27T03:17:06.438539" level="INFO">${name_country} = CH</msg>
<var>${name_country}</var>
<arg>${json_data["results"][0]["nat"]}</arg>
<doc>Returns the given values which can then be assigned to a variables.</doc>
<status status="PASS" start="2024-05-27T03:17:06.437964" elapsed="0.000600"/>
</kw>
<kw name="Create List" owner="BuiltIn">
<msg time="2024-05-27T03:17:06.439484" level="INFO">${list_country} = ['AD', 'AE', 'AF', 'AG', 'AI', 'AL', 'AM', 'AO', 'AQ', 'AR', 'AS', 'AT', 'AU', 'AW', 'AX', 'AZ', 'BA', 'BB', 'BD', 'BE', 'BF', 'BG', 'BH', 'BI', 'BJ', 'BL', 'BM', 'BN', 'BO', 'BQ', 'BR', 'BS', 'BT', '...</msg>
<var>${list_country}</var>
<arg>AD</arg>
<arg>AE</arg>
<arg>AF</arg>
<arg>AG</arg>
<arg>AI</arg>
<arg>AL</arg>
<arg>AM</arg>
<arg>AO</arg>
<arg>AQ</arg>
<arg>AR</arg>
<arg>AS</arg>
<arg>AT</arg>
<arg>AU</arg>
<arg>AW</arg>
<arg>AX</arg>
<arg>AZ</arg>
<arg>BA</arg>
<arg>BB</arg>
<arg>BD</arg>
<arg>BE</arg>
<arg>BF</arg>
<arg>BG</arg>
<arg>BH</arg>
<arg>BI</arg>
<arg>BJ</arg>
<arg>BL</arg>
<arg>BM</arg>
<arg>BN</arg>
<arg>BO</arg>
<arg>BQ</arg>
<arg>BR</arg>
<arg>BS</arg>
<arg>BT</arg>
<arg>BV</arg>
<arg>BW</arg>
<arg>BY</arg>
<arg>BZ</arg>
<arg>CA</arg>
<arg>CC</arg>
<arg>CD</arg>
<arg>CF</arg>
<arg>CG</arg>
<arg>CH</arg>
<arg>CI</arg>
<arg>CK</arg>
<arg>CL</arg>
<arg>CM</arg>
<arg>CN</arg>
<arg>CO</arg>
<arg>CR</arg>
<arg>CU</arg>
<arg>CV</arg>
<arg>CW</arg>
<arg>CX</arg>
<arg>CY</arg>
<arg>CZ</arg>
<arg>DE</arg>
<arg>DJ</arg>
<arg>DK</arg>
<arg>DM</arg>
<arg>DO</arg>
<arg>DZ</arg>
<arg>EC</arg>
<arg>EE</arg>
<arg>EG</arg>
<arg>EH</arg>
<arg>ER</arg>
<arg>ES</arg>
<arg>ET</arg>
<arg>FI</arg>
<arg>FJ</arg>
<arg>FK</arg>
<arg>FM</arg>
<arg>FO</arg>
<arg>FR</arg>
<arg>GA</arg>
<arg>GB</arg>
<arg>GD</arg>
<arg>GE</arg>
<arg>GF</arg>
<arg>GG</arg>
<arg>GH</arg>
<arg>GI</arg>
<arg>GL</arg>
<arg>GM</arg>
<arg>GN</arg>
<arg>GP</arg>
<arg>GQ</arg>
<arg>GR</arg>
<arg>GS</arg>
<arg>GT</arg>
<arg>GU</arg>
<arg>GW</arg>
<arg>GY</arg>
<arg>HK</arg>
<arg>HM</arg>
<arg>HN</arg>
<arg>HR</arg>
<arg>HT</arg>
<arg>HU</arg>
<arg>ID</arg>
<arg>IE</arg>
<arg>IL</arg>
<arg>IM</arg>
<arg>IN</arg>
<arg>IO</arg>
<arg>IQ</arg>
<arg>IR</arg>
<arg>IS</arg>
<arg>IT</arg>
<arg>JE</arg>
<arg>JM</arg>
<arg>JO</arg>
<arg>JP</arg>
<arg>KE</arg>
<arg>KG</arg>
<arg>KH</arg>
<arg>KI</arg>
<arg>KM</arg>
<arg>KN</arg>
<arg>KP</arg>
<arg>KR</arg>
<arg>KW</arg>
<arg>KY</arg>
<arg>KZ</arg>
<arg>LA</arg>
<arg>LB</arg>
<arg>LC</arg>
<arg>LI</arg>
<arg>LK</arg>
<arg>LR</arg>
<arg>LS</arg>
<arg>LT</arg>
<arg>LU</arg>
<arg>LV</arg>
<arg>LY</arg>
<arg>MA</arg>
<arg>MC</arg>
<arg>MD</arg>
<arg>ME</arg>
<arg>MF</arg>
<arg>MG</arg>
<arg>MH</arg>
<arg>MK</arg>
<arg>ML</arg>
<arg>MM</arg>
<arg>MN</arg>
<arg>MO</arg>
<arg>MP</arg>
<arg>MQ</arg>
<arg>MR</arg>
<arg>MS</arg>
<arg>MT</arg>
<arg>MU</arg>
<arg>MV</arg>
<arg>MW</arg>
<arg>MX</arg>
<arg>MY</arg>
<arg>MZ</arg>
<arg>NA</arg>
<arg>NC</arg>
<arg>NE</arg>
<arg>NF</arg>
<arg>NG</arg>
<arg>NI</arg>
<arg>NL</arg>
<arg>NO</arg>
<arg>NP</arg>
<arg>NR</arg>
<arg>NU</arg>
<arg>NZ</arg>
<arg>OM</arg>
<arg>PA</arg>
<arg>PE</arg>
<arg>PF</arg>
<arg>PG</arg>
<arg>PH</arg>
<arg>PK</arg>
<arg>PL</arg>
<arg>PM</arg>
<arg>PN</arg>
<arg>PR</arg>
<arg>PS</arg>
<arg>PT</arg>
<arg>PW</arg>
<arg>PY</arg>
<arg>QA</arg>
<arg>RE</arg>
<arg>RO</arg>
<arg>RS</arg>
<arg>RU</arg>
<arg>RW</arg>
<arg>SA</arg>
<arg>SB</arg>
<arg>SC</arg>
<arg>SD</arg>
<arg>SE</arg>
<arg>SG</arg>
<arg>SH</arg>
<arg>SI</arg>
<arg>SJ</arg>
<arg>SK</arg>
<arg>SL</arg>
<arg>SM</arg>
<arg>SN</arg>
<arg>SO</arg>
<arg>SR</arg>
<arg>SS</arg>
<arg>ST</arg>
<arg>SV</arg>
<arg>SX</arg>
<arg>SY</arg>
<arg>SZ</arg>
<arg>TC</arg>
<arg>TD</arg>
<arg>TF</arg>
<arg>TG</arg>
<arg>TH</arg>
<arg>TJ</arg>
<arg>TK</arg>
<arg>TL</arg>
<arg>TM</arg>
<arg>TN</arg>
<arg>TO</arg>
<arg>TR</arg>
<arg>TT</arg>
<arg>TV</arg>
<arg>TW</arg>
<arg>TZ</arg>
<arg>UA</arg>
<arg>UG</arg>
<arg>UM</arg>
<arg>US</arg>
<arg>UY</arg>
<arg>UZ</arg>
<arg>VA</arg>
<arg>VC</arg>
<arg>VE</arg>
<arg>VG</arg>
<arg>VI</arg>
<arg>VN</arg>
<arg>VU</arg>
<arg>WF</arg>
<arg>WS</arg>
<arg>XK</arg>
<arg>YE</arg>
<arg>YT</arg>
<arg>ZA</arg>
<arg>ZM</arg>
<arg>ZW</arg>
<doc>Returns a list containing given items.</doc>
<status status="PASS" start="2024-05-27T03:17:06.438886" elapsed="0.000624"/>
</kw>
<kw name="List Should Contain Value" owner="Collections">
<msg time="2024-05-27T03:17:06.440521" level="INFO">False</msg>
<arg>${list_country}</arg>
<arg>${name_country}</arg>
<doc>Fails if the ``value`` is not found from ``list``.</doc>
<status status="PASS" start="2024-05-27T03:17:06.440292" elapsed="0.000265"/>
</kw>
<kw name="Run Keyword If" owner="BuiltIn">
<kw name="Should Be True" owner="BuiltIn">
<arg>${True}</arg>
<doc>Fails if the given condition is not true.</doc>
<status status="PASS" start="2024-05-27T03:17:06.441636" elapsed="0.000143"/>
</kw>
<arg>${json_data["results"][0]["location"]["coordinates"]["latitude"]} &gt;= -90 and ${json_data["results"][0]["location"]["coordinates"]["latitude"]} &lt;= 90</arg>
<arg>Should Be True</arg>
<arg>${True}</arg>
<doc>Runs the given keyword with the given arguments, if ``condition`` is true.</doc>
<status status="PASS" start="2024-05-27T03:17:06.440873" elapsed="0.001029"/>
</kw>
<kw name="Run Keyword If" owner="BuiltIn">
<kw name="Should Be True" owner="BuiltIn">
<arg>${True}</arg>
<doc>Fails if the given condition is not true.</doc>
<status status="PASS" start="2024-05-27T03:17:06.442791" elapsed="0.000137"/>
</kw>
<arg>${json_data["results"][0]["location"]["coordinates"]["longitude"]} &gt;= -180 and ${json_data["results"][0]["location"]["coordinates"]["longitude"]} &lt;= 180</arg>
<arg>Should Be True</arg>
<arg>${True}</arg>
<doc>Runs the given keyword with the given arguments, if ``condition`` is true.</doc>
<status status="PASS" start="2024-05-27T03:17:06.442091" elapsed="0.000963"/>
</kw>
<status status="PASS" start="2024-05-27T03:17:06.331890" elapsed="0.111296"/>
</kw>
<doc>Testa o conteúdo específico dos campos retornados pela API.</doc>
<tag>testeConteudo</tag>
<status status="PASS" start="2024-05-27T03:17:06.331331" elapsed="0.112010"/>
</test>
<status status="PASS" start="2024-05-27T03:17:05.498664" elapsed="0.946716"/>
</suite>
<status status="PASS" start="2024-05-27T03:17:05.485025" elapsed="0.965617"/>
</suite>
<statistics>
<total>
<stat pass="5" fail="0" skip="0">All Tests</stat>
</total>
<tag>
<stat pass="1" fail="0" skip="0">testeConteudo</stat>
<stat pass="1" fail="0" skip="0">testeEstruturaResposta</stat>
<stat pass="1" fail="0" skip="0">testeRequisicaoBasica</stat>
<stat pass="1" fail="0" skip="0">testeTiposDados</stat>
</tag>
<suite>
<stat pass="5" fail="0" skip="0" id="s1" name="Tests">Tests</stat>
<stat pass="5" fail="0" skip="0" id="s1-s1" name="Random-User-Test">Tests.Random-User-Test</stat>
</suite>
</statistics>
<errors>
</errors>
</robot>
