<?xml version="1.0" encoding="UTF-8"?>
<robot generator="Robot 7.0.1 (Python 3.12.4 on linux)" generated="2024-07-09T01:07:25.839945" rpa="false" schemaversion="5">
<suite id="s1" name="Tests" source="/home/runner/work/ApiRandomUser/ApiRandomUser/RamdonUser/tests">
<suite id="s1-s1" name="Random-User-Test" source="/home/runner/work/ApiRandomUser/ApiRandomUser/RamdonUser/tests/random-user-test.robot">
<test id="s1-s1-t1" name="Conectar" line="13">
<kw name="Conectar API" owner="random-user-service">
<kw name="Create Session" owner="RequestsLibrary">
<msg time="2024-07-09T01:07:26.254133" level="INFO">Creating Session using : alias=consultarAPI, url=https://randomuser.me/, headers={},                     cookies={}, auth=None, timeout=None, proxies=None, verify=False,                     debug=0 </msg>
<arg>consultarAPI</arg>
<arg>${URL}</arg>
<doc>Create Session: create a HTTP session to a server</doc>
<status status="PASS" start="2024-07-09T01:07:26.253927" elapsed="0.000383"/>
</kw>
<status status="PASS" start="2024-07-09T01:07:26.252963" elapsed="0.001705"/>
</kw>
<status status="PASS" start="2024-07-09T01:07:26.252399" elapsed="0.002457"/>
</test>
<test id="s1-s1-t2" name="Validar retorno 200 e JSON Válido" line="16">
<kw name="Teste de Requisicao Basica" owner="random-user-service">
<kw name="GET On Session" owner="RequestsLibrary">
<msg time="2024-07-09T01:07:26.425368" level="INFO">GET Request : url=https://randomuser.me/api 
 path_url=/api 
 headers={'User-Agent': 'python-requests/2.32.3', 'Accept-Encoding': 'gzip, deflate', 'Accept': '*/*', 'Connection': 'keep-alive'} 
 body=None 
 </msg>
<msg time="2024-07-09T01:07:26.425523" level="INFO">GET Response : url=https://randomuser.me/api 
 status=200, reason=OK 
 headers={'Date': 'Tue, 09 Jul 2024 01:07:26 GMT', 'Content-Type': 'application/json; charset=utf-8', 'Transfer-Encoding': 'chunked', 'Connection': 'keep-alive', 'X-Powered-By': 'Express', 'Access-Control-Allow-Origin': '*', 'Cache-Control': 'no-cache', 'ETag': 'W/"49f-MbTAq5cY2ltK8pzFPp8wd8QSMkA"', 'Vary': 'Accept-Encoding', 'Content-Encoding': 'gzip', 'CF-Cache-Status': 'DYNAMIC', 'Report-To': '{"endpoints":[{"url":"https:\\/\\/a.nel.cloudflare.com\\/report\\/v4?s=WwFGzj9gViHjacHs9u%2BEZeBYbPXhYDN7Z0lWI%2BDfeHgrZR46TX6WzhQIMVnlQSYEMqMvCDbfwz9IzSzVJ9sO7k1ifJKX7Zg4we2EAAIaznsJL1xhc1L2Oe8l7jNO31sZ"}],"group":"cf-nel","max_age":604800}', 'NEL': '{"success_fraction":0,"report_to":"cf-nel","max_age":604800}', 'Server': 'cloudflare', 'CF-RAY': '8a046ac9f92a387a-IAD', 'alt-svc': 'h3=":443"; ma=86400'} 
 body={"results":[{"gender":"female","name":{"title":"Mrs","first":"Milka","last":"Kaluza"},"location":{"street":{"number":3509,"name":"Mühlweg"},"city":"Donau-Ries","state":"Rheinland-Pfalz","country":"Germany","postcode":66898,"coordinates":{"latitude":"-55.0198","longitude":"51.3936"},"timezone":{"offset":"+8:00","description":"Beijing, Perth, Singapore, Hong Kong"}},"email":"milka.kaluza@example.com","login":{"uuid":"b66d5b3a-a7c5-4613-b5e0-cde753ea33b3","username":"angryrabbit837","password":"terrell","salt":"BWuAho8w","md5":"0995711d8ab15d7536fdb44c17b97682","sha1":"701bb3e2850ecaa723d5610f39c1c4b755e15ebe","sha256":"30ebc0fff378d2925f61f9d38b658bb0456f461013d4fbefd4ac55733bd511d7"},"dob":{"date":"1995-07-01T04:08:36.818Z","age":29},"registered":{"date":"2012-04-11T01:40:53.096Z","age":12},"phone":"0286-1271244","cell":"0177-9429152","id":{"name":"SVNR","value":"51 300695 K 843"},"picture":{"large":"https://randomuser.me/api/portraits/women/32.jpg","medium":"https://randomuser.me/api/portraits/med/women/32.jpg","thumbnail":"https://randomuser.me/api/portraits/thumb/women/32.jpg"},"nat":"DE"}],"info":{"seed":"7a2af32baa939d80","results":1,"page":1,"version":"1.4"}} 
 </msg>
<msg time="2024-07-09T01:07:26.425617" level="INFO">/opt/hostedtoolcache/Python/3.12.4/x64/lib/python3.12/site-packages/urllib3/connectionpool.py:1099: InsecureRequestWarning: Unverified HTTPS request is being made to host 'randomuser.me'. Adding certificate verification is strongly advised. See: https://urllib3.readthedocs.io/en/latest/advanced-usage.html#tls-warnings
  warnings.warn(</msg>
<msg time="2024-07-09T01:07:26.425767" level="INFO">${response} = &lt;Response [200]&gt;</msg>
<var>${response}</var>
<arg>consultarAPI</arg>
<arg>/api</arg>
<doc>Sends a GET request on a previously created HTTP Session.</doc>
<status status="PASS" start="2024-07-09T01:07:26.257494" elapsed="0.168313"/>
</kw>
<kw name="Should Be Equal As Numbers" owner="BuiltIn">
<msg time="2024-07-09T01:07:26.426925" level="INFO">Argument types are:
&lt;class 'int'&gt;
&lt;class 'str'&gt;</msg>
<arg>${response.status_code}</arg>
<arg>200</arg>
<doc>Fails if objects are unequal after converting them to real numbers.</doc>
<status status="PASS" start="2024-07-09T01:07:26.426421" elapsed="0.000570"/>
</kw>
<kw name="Log" owner="BuiltIn">
<msg time="2024-07-09T01:07:26.427683" level="INFO">200</msg>
<arg>${response.status_code}</arg>
<doc>Logs the given message with the given level.</doc>
<status status="PASS" start="2024-07-09T01:07:26.427334" elapsed="0.000391"/>
</kw>
<kw name="Set Variable" owner="BuiltIn">
<msg time="2024-07-09T01:07:26.428469" level="INFO">${json_data} = {'results': [{'gender': 'female', 'name': {'title': 'Mrs', 'first': 'Milka', 'last': 'Kaluza'}, 'location': {'street': {'number': 3509, 'name': 'Mühlweg'}, 'city': 'Donau-Ries', 'state': 'Rheinland-Pf...</msg>
<var>${json_data}</var>
<arg>${response.json()}</arg>
<doc>Returns the given values which can then be assigned to a variables.</doc>
<status status="PASS" start="2024-07-09T01:07:26.428027" elapsed="0.000471"/>
</kw>
<kw name="Dictionary Should Contain Key" owner="Collections">
<arg>${json_data}</arg>
<arg>results</arg>
<doc>Fails if ``key`` is not found from ``dictionary``.</doc>
<status status="PASS" start="2024-07-09T01:07:26.428797" elapsed="0.000164"/>
</kw>
<status status="PASS" start="2024-07-09T01:07:26.257247" elapsed="0.171869"/>
</kw>
<doc>Testa se a API responde corretamente e retorna um objeto JSON válido.</doc>
<tag>testeRequisicaoBasica</tag>
<status status="PASS" start="2024-07-09T01:07:26.256774" elapsed="0.172521"/>
</test>
<test id="s1-s1-t3" name="Validar estrutura de resposta" line="22">
<kw name="Teste de Estrutura de Resposta" owner="random-user-service">
<kw name="GET On Session" owner="RequestsLibrary">
<msg time="2024-07-09T01:07:26.521024" level="INFO">GET Request : url=https://randomuser.me/api 
 path_url=/api 
 headers={'User-Agent': 'python-requests/2.32.3', 'Accept-Encoding': 'gzip, deflate', 'Accept': '*/*', 'Connection': 'keep-alive'} 
 body=None 
 </msg>
<msg time="2024-07-09T01:07:26.521110" level="INFO">GET Response : url=https://randomuser.me/api 
 status=200, reason=OK 
 headers={'Date': 'Tue, 09 Jul 2024 01:07:26 GMT', 'Content-Type': 'application/json; charset=utf-8', 'Transfer-Encoding': 'chunked', 'Connection': 'keep-alive', 'X-Powered-By': 'Express', 'Access-Control-Allow-Origin': '*', 'Cache-Control': 'no-cache', 'ETag': 'W/"474-yTZlumaxkYDbWgR7awb2R2XzxN0"', 'Vary': 'Accept-Encoding', 'Content-Encoding': 'gzip', 'CF-Cache-Status': 'DYNAMIC', 'Report-To': '{"endpoints":[{"url":"https:\\/\\/a.nel.cloudflare.com\\/report\\/v4?s=MN5rPD2gHH7%2BJkXrR1ggj6WTTb487g78elv%2FtEZHSTs3iZH6OVQ%2F2L4uP2VxHeCdftAiOl0JcuzxXF7blXIRrTCvYbLZgp4L8%2B6uxHf88tmwy8KQZS1TQ%2Fa8oUxvckC6"}],"group":"cf-nel","max_age":604800}', 'NEL': '{"success_fraction":0,"report_to":"cf-nel","max_age":604800}', 'Server': 'cloudflare', 'CF-RAY': '8a046aca396f387a-IAD', 'alt-svc': 'h3=":443"; ma=86400'} 
 body={"results":[{"gender":"male","name":{"title":"Mr","first":"Andrew","last":"Lucas"},"location":{"street":{"number":4043,"name":"Alexander Road"},"city":"Leixlip","state":"Kerry","country":"Ireland","postcode":81028,"coordinates":{"latitude":"2.6829","longitude":"-140.3189"},"timezone":{"offset":"+9:30","description":"Adelaide, Darwin"}},"email":"andrew.lucas@example.com","login":{"uuid":"08e6085c-594c-4014-894c-fc3a9520c9e6","username":"brownrabbit961","password":"mariposa","salt":"tJtUcepX","md5":"4171cd288ed2fbedf9a49d221df26019","sha1":"02df25f72ab396ff36c1401b9fc90c9acbef7659","sha256":"e3f476b951948d1a44f2215227ac939622a35d30b0089f5a5f9503e2bd6c1d51"},"dob":{"date":"1988-09-21T09:07:35.324Z","age":35},"registered":{"date":"2006-08-29T07:09:22.501Z","age":17},"phone":"051-310-7583","cell":"081-212-6934","id":{"name":"PPS","value":"3640210T"},"picture":{"large":"https://randomuser.me/api/portraits/men/68.jpg","medium":"https://randomuser.me/api/portraits/med/men/68.jpg","thumbnail":"https://randomuser.me/api/portraits/thumb/men/68.jpg"},"nat":"IE"}],"info":{"seed":"49ac4a855b9e35c1","results":1,"page":1,"version":"1.4"}} 
 </msg>
<msg time="2024-07-09T01:07:26.521226" level="INFO">/opt/hostedtoolcache/Python/3.12.4/x64/lib/python3.12/site-packages/urllib3/connectionpool.py:1099: InsecureRequestWarning: Unverified HTTPS request is being made to host 'randomuser.me'. Adding certificate verification is strongly advised. See: https://urllib3.readthedocs.io/en/latest/advanced-usage.html#tls-warnings
  warnings.warn(</msg>
<msg time="2024-07-09T01:07:26.521350" level="INFO">${response} = &lt;Response [200]&gt;</msg>
<var>${response}</var>
<arg>consultarAPI</arg>
<arg>/api</arg>
<doc>Sends a GET request on a previously created HTTP Session.</doc>
<status status="PASS" start="2024-07-09T01:07:26.431995" elapsed="0.089397"/>
</kw>
<kw name="Set Variable" owner="BuiltIn">
<msg time="2024-07-09T01:07:26.522469" level="INFO">${json_data} = {'results': [{'gender': 'male', 'name': {'title': 'Mr', 'first': 'Andrew', 'last': 'Lucas'}, 'location': {'street': {'number': 4043, 'name': 'Alexander Road'}, 'city': 'Leixlip', 'state': 'Kerry', 'co...</msg>
<var>${json_data}</var>
<arg>${response.json()}</arg>
<doc>Returns the given values which can then be assigned to a variables.</doc>
<status status="PASS" start="2024-07-09T01:07:26.521918" elapsed="0.000579"/>
</kw>
<kw name="Log" owner="BuiltIn">
<msg time="2024-07-09T01:07:26.522964" level="INFO">{'results': [{'gender': 'male', 'name': {'title': 'Mr', 'first': 'Andrew', 'last': 'Lucas'}, 'location': {'street': {'number': 4043, 'name': 'Alexander Road'}, 'city': 'Leixlip', 'state': 'Kerry', 'country': 'Ireland', 'postcode': 81028, 'coordinates': {'latitude': '2.6829', 'longitude': '-140.3189'}, 'timezone': {'offset': '+9:30', 'description': 'Adelaide, Darwin'}}, 'email': 'andrew.lucas@example.com', 'login': {'uuid': '08e6085c-594c-4014-894c-fc3a9520c9e6', 'username': 'brownrabbit961', 'password': 'mariposa', 'salt': 'tJtUcepX', 'md5': '4171cd288ed2fbedf9a49d221df26019', 'sha1': '02df25f72ab396ff36c1401b9fc90c9acbef7659', 'sha256': 'e3f476b951948d1a44f2215227ac939622a35d30b0089f5a5f9503e2bd6c1d51'}, 'dob': {'date': '1988-09-21T09:07:35.324Z', 'age': 35}, 'registered': {'date': '2006-08-29T07:09:22.501Z', 'age': 17}, 'phone': '051-310-7583', 'cell': '081-212-6934', 'id': {'name': 'PPS', 'value': '3640210T'}, 'picture': {'large': 'https://randomuser.me/api/portraits/men/68.jpg', 'medium': 'https://randomuser.me/api/portraits/med/men/68.jpg', 'thumbnail': 'https://randomuser.me/api/portraits/thumb/men/68.jpg'}, 'nat': 'IE'}], 'info': {'seed': '49ac4a855b9e35c1', 'results': 1, 'page': 1, 'version': '1.4'}}</msg>
<arg>${json_data}</arg>
<doc>Logs the given message with the given level.</doc>
<status status="PASS" start="2024-07-09T01:07:26.522805" elapsed="0.000206"/>
</kw>
<kw name="Dictionary Should Contain Key" owner="Collections">
<arg>${json_data}</arg>
<arg>results</arg>
<doc>Fails if ``key`` is not found from ``dictionary``.</doc>
<status status="PASS" start="2024-07-09T01:07:26.523336" elapsed="0.000168"/>
</kw>
<kw name="Should Not Be Empty" owner="BuiltIn">
<msg time="2024-07-09T01:07:26.523823" level="INFO">Length is 2.</msg>
<arg>${json_data}</arg>
<doc>Verifies that the given item is not empty.</doc>
<status status="PASS" start="2024-07-09T01:07:26.523692" elapsed="0.000170"/>
</kw>
<kw name="Create List" owner="BuiltIn">
<msg time="2024-07-09T01:07:26.524312" level="INFO">${expected_keys} = ['gender', 'name', 'location', 'email', 'login']</msg>
<var>${expected_keys}</var>
<arg>gender</arg>
<arg>name</arg>
<arg>location</arg>
<arg>email</arg>
<arg>login</arg>
<doc>Returns a list containing given items.</doc>
<status status="PASS" start="2024-07-09T01:07:26.524165" elapsed="0.000171"/>
</kw>
<for flavor="IN">
<iter>
<kw name="Dictionary Should Contain Key" owner="Collections">
<arg>${json_data['results'][0]}</arg>
<arg>${key}</arg>
<doc>Fails if ``key`` is not found from ``dictionary``.</doc>
<status status="PASS" start="2024-07-09T01:07:26.525073" elapsed="0.000409"/>
</kw>
<kw name="Log" owner="BuiltIn">
<msg time="2024-07-09T01:07:26.526034" level="INFO">{'gender': 'male', 'name': {'title': 'Mr', 'first': 'Andrew', 'last': 'Lucas'}, 'location': {'street': {'number': 4043, 'name': 'Alexander Road'}, 'city': 'Leixlip', 'state': 'Kerry', 'country': 'Ireland', 'postcode': 81028, 'coordinates': {'latitude': '2.6829', 'longitude': '-140.3189'}, 'timezone': {'offset': '+9:30', 'description': 'Adelaide, Darwin'}}, 'email': 'andrew.lucas@example.com', 'login': {'uuid': '08e6085c-594c-4014-894c-fc3a9520c9e6', 'username': 'brownrabbit961', 'password': 'mariposa', 'salt': 'tJtUcepX', 'md5': '4171cd288ed2fbedf9a49d221df26019', 'sha1': '02df25f72ab396ff36c1401b9fc90c9acbef7659', 'sha256': 'e3f476b951948d1a44f2215227ac939622a35d30b0089f5a5f9503e2bd6c1d51'}, 'dob': {'date': '1988-09-21T09:07:35.324Z', 'age': 35}, 'registered': {'date': '2006-08-29T07:09:22.501Z', 'age': 17}, 'phone': '051-310-7583', 'cell': '081-212-6934', 'id': {'name': 'PPS', 'value': '3640210T'}, 'picture': {'large': 'https://randomuser.me/api/portraits/men/68.jpg', 'medium': 'https://randomuser.me/api/portraits/med/men/68.jpg', 'thumbnail': 'https://randomuser.me/api/portraits/thumb/men/68.jpg'}, 'nat': 'IE'}</msg>
<arg>${json_data['results'][0]}</arg>
<doc>Logs the given message with the given level.</doc>
<status status="PASS" start="2024-07-09T01:07:26.525677" elapsed="0.000408"/>
</kw>
<kw name="Log" owner="BuiltIn">
<msg time="2024-07-09T01:07:26.526509" level="INFO">gender</msg>
<arg>${key}</arg>
<doc>Logs the given message with the given level.</doc>
<status status="PASS" start="2024-07-09T01:07:26.526382" elapsed="0.000166"/>
</kw>
<var name="${key}">gender</var>
<status status="PASS" start="2024-07-09T01:07:26.524949" elapsed="0.001812"/>
</iter>
<iter>
<kw name="Dictionary Should Contain Key" owner="Collections">
<arg>${json_data['results'][0]}</arg>
<arg>${key}</arg>
<doc>Fails if ``key`` is not found from ``dictionary``.</doc>
<status status="PASS" start="2024-07-09T01:07:26.527054" elapsed="0.000434"/>
</kw>
<kw name="Log" owner="BuiltIn">
<msg time="2024-07-09T01:07:26.528019" level="INFO">{'gender': 'male', 'name': {'title': 'Mr', 'first': 'Andrew', 'last': 'Lucas'}, 'location': {'street': {'number': 4043, 'name': 'Alexander Road'}, 'city': 'Leixlip', 'state': 'Kerry', 'country': 'Ireland', 'postcode': 81028, 'coordinates': {'latitude': '2.6829', 'longitude': '-140.3189'}, 'timezone': {'offset': '+9:30', 'description': 'Adelaide, Darwin'}}, 'email': 'andrew.lucas@example.com', 'login': {'uuid': '08e6085c-594c-4014-894c-fc3a9520c9e6', 'username': 'brownrabbit961', 'password': 'mariposa', 'salt': 'tJtUcepX', 'md5': '4171cd288ed2fbedf9a49d221df26019', 'sha1': '02df25f72ab396ff36c1401b9fc90c9acbef7659', 'sha256': 'e3f476b951948d1a44f2215227ac939622a35d30b0089f5a5f9503e2bd6c1d51'}, 'dob': {'date': '1988-09-21T09:07:35.324Z', 'age': 35}, 'registered': {'date': '2006-08-29T07:09:22.501Z', 'age': 17}, 'phone': '051-310-7583', 'cell': '081-212-6934', 'id': {'name': 'PPS', 'value': '3640210T'}, 'picture': {'large': 'https://randomuser.me/api/portraits/men/68.jpg', 'medium': 'https://randomuser.me/api/portraits/med/men/68.jpg', 'thumbnail': 'https://randomuser.me/api/portraits/thumb/men/68.jpg'}, 'nat': 'IE'}</msg>
<arg>${json_data['results'][0]}</arg>
<doc>Logs the given message with the given level.</doc>
<status status="PASS" start="2024-07-09T01:07:26.527672" elapsed="0.000429"/>
</kw>
<kw name="Log" owner="BuiltIn">
<msg time="2024-07-09T01:07:26.528526" level="INFO">name</msg>
<arg>${key}</arg>
<doc>Logs the given message with the given level.</doc>
<status status="PASS" start="2024-07-09T01:07:26.528398" elapsed="0.000166"/>
</kw>
<var name="${key}">name</var>
<status status="PASS" start="2024-07-09T01:07:26.526943" elapsed="0.001836"/>
</iter>
<iter>
<kw name="Dictionary Should Contain Key" owner="Collections">
<arg>${json_data['results'][0]}</arg>
<arg>${key}</arg>
<doc>Fails if ``key`` is not found from ``dictionary``.</doc>
<status status="PASS" start="2024-07-09T01:07:26.529063" elapsed="0.000376"/>
</kw>
<kw name="Log" owner="BuiltIn">
<msg time="2024-07-09T01:07:26.529961" level="INFO">{'gender': 'male', 'name': {'title': 'Mr', 'first': 'Andrew', 'last': 'Lucas'}, 'location': {'street': {'number': 4043, 'name': 'Alexander Road'}, 'city': 'Leixlip', 'state': 'Kerry', 'country': 'Ireland', 'postcode': 81028, 'coordinates': {'latitude': '2.6829', 'longitude': '-140.3189'}, 'timezone': {'offset': '+9:30', 'description': 'Adelaide, Darwin'}}, 'email': 'andrew.lucas@example.com', 'login': {'uuid': '08e6085c-594c-4014-894c-fc3a9520c9e6', 'username': 'brownrabbit961', 'password': 'mariposa', 'salt': 'tJtUcepX', 'md5': '4171cd288ed2fbedf9a49d221df26019', 'sha1': '02df25f72ab396ff36c1401b9fc90c9acbef7659', 'sha256': 'e3f476b951948d1a44f2215227ac939622a35d30b0089f5a5f9503e2bd6c1d51'}, 'dob': {'date': '1988-09-21T09:07:35.324Z', 'age': 35}, 'registered': {'date': '2006-08-29T07:09:22.501Z', 'age': 17}, 'phone': '051-310-7583', 'cell': '081-212-6934', 'id': {'name': 'PPS', 'value': '3640210T'}, 'picture': {'large': 'https://randomuser.me/api/portraits/men/68.jpg', 'medium': 'https://randomuser.me/api/portraits/med/men/68.jpg', 'thumbnail': 'https://randomuser.me/api/portraits/thumb/men/68.jpg'}, 'nat': 'IE'}</msg>
<arg>${json_data['results'][0]}</arg>
<doc>Logs the given message with the given level.</doc>
<status status="PASS" start="2024-07-09T01:07:26.529619" elapsed="0.000390"/>
</kw>
<kw name="Log" owner="BuiltIn">
<msg time="2024-07-09T01:07:26.530427" level="INFO">location</msg>
<arg>${key}</arg>
<doc>Logs the given message with the given level.</doc>
<status status="PASS" start="2024-07-09T01:07:26.530300" elapsed="0.000165"/>
</kw>
<var name="${key}">location</var>
<status status="PASS" start="2024-07-09T01:07:26.528956" elapsed="0.001720"/>
</iter>
<iter>
<kw name="Dictionary Should Contain Key" owner="Collections">
<arg>${json_data['results'][0]}</arg>
<arg>${key}</arg>
<doc>Fails if ``key`` is not found from ``dictionary``.</doc>
<status status="PASS" start="2024-07-09T01:07:26.530950" elapsed="0.000431"/>
</kw>
<kw name="Log" owner="BuiltIn">
<msg time="2024-07-09T01:07:26.531910" level="INFO">{'gender': 'male', 'name': {'title': 'Mr', 'first': 'Andrew', 'last': 'Lucas'}, 'location': {'street': {'number': 4043, 'name': 'Alexander Road'}, 'city': 'Leixlip', 'state': 'Kerry', 'country': 'Ireland', 'postcode': 81028, 'coordinates': {'latitude': '2.6829', 'longitude': '-140.3189'}, 'timezone': {'offset': '+9:30', 'description': 'Adelaide, Darwin'}}, 'email': 'andrew.lucas@example.com', 'login': {'uuid': '08e6085c-594c-4014-894c-fc3a9520c9e6', 'username': 'brownrabbit961', 'password': 'mariposa', 'salt': 'tJtUcepX', 'md5': '4171cd288ed2fbedf9a49d221df26019', 'sha1': '02df25f72ab396ff36c1401b9fc90c9acbef7659', 'sha256': 'e3f476b951948d1a44f2215227ac939622a35d30b0089f5a5f9503e2bd6c1d51'}, 'dob': {'date': '1988-09-21T09:07:35.324Z', 'age': 35}, 'registered': {'date': '2006-08-29T07:09:22.501Z', 'age': 17}, 'phone': '051-310-7583', 'cell': '081-212-6934', 'id': {'name': 'PPS', 'value': '3640210T'}, 'picture': {'large': 'https://randomuser.me/api/portraits/men/68.jpg', 'medium': 'https://randomuser.me/api/portraits/med/men/68.jpg', 'thumbnail': 'https://randomuser.me/api/portraits/thumb/men/68.jpg'}, 'nat': 'IE'}</msg>
<arg>${json_data['results'][0]}</arg>
<doc>Logs the given message with the given level.</doc>
<status status="PASS" start="2024-07-09T01:07:26.531562" elapsed="0.000395"/>
</kw>
<kw name="Log" owner="BuiltIn">
<msg time="2024-07-09T01:07:26.532377" level="INFO">email</msg>
<arg>${key}</arg>
<doc>Logs the given message with the given level.</doc>
<status status="PASS" start="2024-07-09T01:07:26.532251" elapsed="0.000164"/>
</kw>
<var name="${key}">email</var>
<status status="PASS" start="2024-07-09T01:07:26.530844" elapsed="0.001786"/>
</iter>
<iter>
<kw name="Dictionary Should Contain Key" owner="Collections">
<arg>${json_data['results'][0]}</arg>
<arg>${key}</arg>
<doc>Fails if ``key`` is not found from ``dictionary``.</doc>
<status status="PASS" start="2024-07-09T01:07:26.532909" elapsed="0.000384"/>
</kw>
<kw name="Log" owner="BuiltIn">
<msg time="2024-07-09T01:07:26.533823" level="INFO">{'gender': 'male', 'name': {'title': 'Mr', 'first': 'Andrew', 'last': 'Lucas'}, 'location': {'street': {'number': 4043, 'name': 'Alexander Road'}, 'city': 'Leixlip', 'state': 'Kerry', 'country': 'Ireland', 'postcode': 81028, 'coordinates': {'latitude': '2.6829', 'longitude': '-140.3189'}, 'timezone': {'offset': '+9:30', 'description': 'Adelaide, Darwin'}}, 'email': 'andrew.lucas@example.com', 'login': {'uuid': '08e6085c-594c-4014-894c-fc3a9520c9e6', 'username': 'brownrabbit961', 'password': 'mariposa', 'salt': 'tJtUcepX', 'md5': '4171cd288ed2fbedf9a49d221df26019', 'sha1': '02df25f72ab396ff36c1401b9fc90c9acbef7659', 'sha256': 'e3f476b951948d1a44f2215227ac939622a35d30b0089f5a5f9503e2bd6c1d51'}, 'dob': {'date': '1988-09-21T09:07:35.324Z', 'age': 35}, 'registered': {'date': '2006-08-29T07:09:22.501Z', 'age': 17}, 'phone': '051-310-7583', 'cell': '081-212-6934', 'id': {'name': 'PPS', 'value': '3640210T'}, 'picture': {'large': 'https://randomuser.me/api/portraits/men/68.jpg', 'medium': 'https://randomuser.me/api/portraits/med/men/68.jpg', 'thumbnail': 'https://randomuser.me/api/portraits/thumb/men/68.jpg'}, 'nat': 'IE'}</msg>
<arg>${json_data['results'][0]}</arg>
<doc>Logs the given message with the given level.</doc>
<status status="PASS" start="2024-07-09T01:07:26.533472" elapsed="0.000409"/>
</kw>
<kw name="Log" owner="BuiltIn">
<msg time="2024-07-09T01:07:26.534296" level="INFO">login</msg>
<arg>${key}</arg>
<doc>Logs the given message with the given level.</doc>
<status status="PASS" start="2024-07-09T01:07:26.534170" elapsed="0.000169"/>
</kw>
<var name="${key}">login</var>
<status status="PASS" start="2024-07-09T01:07:26.532797" elapsed="0.001757"/>
</iter>
<var>${key}</var>
<value>@{expected_keys}</value>
<status status="PASS" start="2024-07-09T01:07:26.524755" elapsed="0.009919"/>
</for>
<kw name="Create List" owner="BuiltIn">
<msg time="2024-07-09T01:07:26.534995" level="INFO">${expected_keysTwo} = ['username', 'password']</msg>
<var>${expected_keysTwo}</var>
<arg>username</arg>
<arg>password</arg>
<doc>Returns a list containing given items.</doc>
<status status="PASS" start="2024-07-09T01:07:26.534862" elapsed="0.000158"/>
</kw>
<for flavor="IN">
<iter>
<kw name="Dictionary Should Contain Key" owner="Collections">
<arg>${json_data['results'][0]['login']}</arg>
<arg>${keyTwo}</arg>
<doc>Fails if ``key`` is not found from ``dictionary``.</doc>
<status status="PASS" start="2024-07-09T01:07:26.535597" elapsed="0.000381"/>
</kw>
<kw name="Dictionary Should Contain Key" owner="Collections">
<arg>${json_data['results'][0]['login']}</arg>
<arg>${keyTwo}</arg>
<doc>Fails if ``key`` is not found from ``dictionary``.</doc>
<status status="PASS" start="2024-07-09T01:07:26.536161" elapsed="0.000381"/>
</kw>
<kw name="Log" owner="BuiltIn">
<msg time="2024-07-09T01:07:26.536842" level="INFO">username</msg>
<arg>${keyTwo}</arg>
<doc>Logs the given message with the given level.</doc>
<status status="PASS" start="2024-07-09T01:07:26.536723" elapsed="0.000168"/>
</kw>
<var name="${keyTwo}">username</var>
<status status="PASS" start="2024-07-09T01:07:26.535486" elapsed="0.001627"/>
</iter>
<iter>
<kw name="Dictionary Should Contain Key" owner="Collections">
<arg>${json_data['results'][0]['login']}</arg>
<arg>${keyTwo}</arg>
<doc>Fails if ``key`` is not found from ``dictionary``.</doc>
<status status="PASS" start="2024-07-09T01:07:26.537386" elapsed="0.000378"/>
</kw>
<kw name="Dictionary Should Contain Key" owner="Collections">
<arg>${json_data['results'][0]['login']}</arg>
<arg>${keyTwo}</arg>
<doc>Fails if ``key`` is not found from ``dictionary``.</doc>
<status status="PASS" start="2024-07-09T01:07:26.537941" elapsed="0.000362"/>
</kw>
<kw name="Log" owner="BuiltIn">
<msg time="2024-07-09T01:07:26.538601" level="INFO">password</msg>
<arg>${keyTwo}</arg>
<doc>Logs the given message with the given level.</doc>
<status status="PASS" start="2024-07-09T01:07:26.538486" elapsed="0.000152"/>
</kw>
<var name="${keyTwo}">password</var>
<status status="PASS" start="2024-07-09T01:07:26.537282" elapsed="0.001570"/>
</iter>
<var>${keyTwo}</var>
<value>@{expected_keysTwo}</value>
<status status="PASS" start="2024-07-09T01:07:26.535323" elapsed="0.003647"/>
</for>
<status status="PASS" start="2024-07-09T01:07:26.431762" elapsed="0.107350"/>
</kw>
<doc>Testa a estrutura da resposta da API.</doc>
<tag>testeEstruturaResposta</tag>
<status status="PASS" start="2024-07-09T01:07:26.431168" elapsed="0.108144"/>
</test>
<test id="s1-s1-t4" name="Validar tipos de dados" line="28">
<kw name="Teste de Tipos de Dados" owner="random-user-service">
<kw name="GET On Session" owner="RequestsLibrary">
<msg time="2024-07-09T01:07:26.629633" level="INFO">GET Request : url=https://randomuser.me/api 
 path_url=/api 
 headers={'User-Agent': 'python-requests/2.32.3', 'Accept-Encoding': 'gzip, deflate', 'Accept': '*/*', 'Connection': 'keep-alive'} 
 body=None 
 </msg>
<msg time="2024-07-09T01:07:26.629713" level="INFO">GET Response : url=https://randomuser.me/api 
 status=200, reason=OK 
 headers={'Date': 'Tue, 09 Jul 2024 01:07:26 GMT', 'Content-Type': 'application/json; charset=utf-8', 'Transfer-Encoding': 'chunked', 'Connection': 'keep-alive', 'X-Powered-By': 'Express', 'Access-Control-Allow-Origin': '*', 'Cache-Control': 'no-cache', 'ETag': 'W/"479-TsKUBPivgKaIUwjpb0lLpe7lsUs"', 'Vary': 'Accept-Encoding', 'Content-Encoding': 'gzip', 'CF-Cache-Status': 'DYNAMIC', 'Report-To': '{"endpoints":[{"url":"https:\\/\\/a.nel.cloudflare.com\\/report\\/v4?s=TfsHuq2s%2B8%2BFA%2Fso%2FwCPnov8LvsqgRzmhI0DFM2sMdgrb3tP9yFm69JELzX1C4PvOWj9LwrdXuQuh%2B%2F2z7f7OWLsAerXvk9c7SqJU3cVYq5K8lvrJYrcJa6Cy8j%2FyAQp"}],"group":"cf-nel","max_age":604800}', 'NEL': '{"success_fraction":0,"report_to":"cf-nel","max_age":604800}', 'Server': 'cloudflare', 'CF-RAY': '8a046acaea4c387a-IAD', 'alt-svc': 'h3=":443"; ma=86400'} 
 body={"results":[{"gender":"male","name":{"title":"Mr","first":"Erik","last":"Crawford"},"location":{"street":{"number":4373,"name":"Robinson Rd"},"city":"Seattle","state":"South Dakota","country":"United States","postcode":33279,"coordinates":{"latitude":"86.6979","longitude":"-51.1464"},"timezone":{"offset":"+4:30","description":"Kabul"}},"email":"erik.crawford@example.com","login":{"uuid":"42a6bdc4-58cd-4ed7-94ef-09bb72b3afc3","username":"whitezebra103","password":"doggies","salt":"uFW242C1","md5":"5614d43be520c64dfdd99f94f352284b","sha1":"b637969b7fcafd8328b15c5bf6822843221b73ae","sha256":"28696f5b963b7ab4111d21ff349623ab75756a30335ec918112682fe4a831a6a"},"dob":{"date":"1979-12-08T08:17:09.194Z","age":44},"registered":{"date":"2016-09-16T10:52:18.916Z","age":7},"phone":"(517) 369-7236","cell":"(545) 359-6212","id":{"name":"SSN","value":"724-69-0882"},"picture":{"large":"https://randomuser.me/api/portraits/men/74.jpg","medium":"https://randomuser.me/api/portraits/med/men/74.jpg","thumbnail":"https://randomuser.me/api/portraits/thumb/men/74.jpg"},"nat":"US"}],"info":{"seed":"8fb085e08d8bce9c","results":1,"page":1,"version":"1.4"}} 
 </msg>
<msg time="2024-07-09T01:07:26.629774" level="INFO">/opt/hostedtoolcache/Python/3.12.4/x64/lib/python3.12/site-packages/urllib3/connectionpool.py:1099: InsecureRequestWarning: Unverified HTTPS request is being made to host 'randomuser.me'. Adding certificate verification is strongly advised. See: https://urllib3.readthedocs.io/en/latest/advanced-usage.html#tls-warnings
  warnings.warn(</msg>
<msg time="2024-07-09T01:07:26.629880" level="INFO">${response} = &lt;Response [200]&gt;</msg>
<var>${response}</var>
<arg>consultarAPI</arg>
<arg>/api</arg>
<doc>Sends a GET request on a previously created HTTP Session.</doc>
<status status="PASS" start="2024-07-09T01:07:26.541944" elapsed="0.087977"/>
</kw>
<kw name="Set Variable" owner="BuiltIn">
<msg time="2024-07-09T01:07:26.630999" level="INFO">${json_data} = {'results': [{'gender': 'male', 'name': {'title': 'Mr', 'first': 'Erik', 'last': 'Crawford'}, 'location': {'street': {'number': 4373, 'name': 'Robinson Rd'}, 'city': 'Seattle', 'state': 'South Dakota'...</msg>
<var>${json_data}</var>
<arg>${response.json()}</arg>
<doc>Returns the given values which can then be assigned to a variables.</doc>
<status status="PASS" start="2024-07-09T01:07:26.630450" elapsed="0.000581"/>
</kw>
<kw name="Log" owner="BuiltIn">
<msg time="2024-07-09T01:07:26.631540" level="INFO">{'results': [{'gender': 'male', 'name': {'title': 'Mr', 'first': 'Erik', 'last': 'Crawford'}, 'location': {'street': {'number': 4373, 'name': 'Robinson Rd'}, 'city': 'Seattle', 'state': 'South Dakota', 'country': 'United States', 'postcode': 33279, 'coordinates': {'latitude': '86.6979', 'longitude': '-51.1464'}, 'timezone': {'offset': '+4:30', 'description': 'Kabul'}}, 'email': 'erik.crawford@example.com', 'login': {'uuid': '42a6bdc4-58cd-4ed7-94ef-09bb72b3afc3', 'username': 'whitezebra103', 'password': 'doggies', 'salt': 'uFW242C1', 'md5': '5614d43be520c64dfdd99f94f352284b', 'sha1': 'b637969b7fcafd8328b15c5bf6822843221b73ae', 'sha256': '28696f5b963b7ab4111d21ff349623ab75756a30335ec918112682fe4a831a6a'}, 'dob': {'date': '1979-12-08T08:17:09.194Z', 'age': 44}, 'registered': {'date': '2016-09-16T10:52:18.916Z', 'age': 7}, 'phone': '(517) 369-7236', 'cell': '(545) 359-6212', 'id': {'name': 'SSN', 'value': '724-69-0882'}, 'picture': {'large': 'https://randomuser.me/api/portraits/men/74.jpg', 'medium': 'https://randomuser.me/api/portraits/med/men/74.jpg', 'thumbnail': 'https://randomuser.me/api/portraits/thumb/men/74.jpg'}, 'nat': 'US'}], 'info': {'seed': '8fb085e08d8bce9c', 'results': 1, 'page': 1, 'version': '1.4'}}</msg>
<arg>${json_data}</arg>
<doc>Logs the given message with the given level.</doc>
<status status="PASS" start="2024-07-09T01:07:26.631386" elapsed="0.000202"/>
</kw>
<kw name="Should Be String" owner="String">
<arg>${json_data['results'][0]['gender']}</arg>
<doc>Fails if the given ``item`` is not a string.</doc>
<status status="PASS" start="2024-07-09T01:07:26.631889" elapsed="0.000359"/>
</kw>
<kw name="Should Match Regexp" owner="BuiltIn">
<arg>${json_data['results'][0]['email']}</arg>
<arg>^[a-zA-Z0-9._%+-]+@[a-zA-Z0-9.-]+\.[a-zA-Z]{2,}$</arg>
<doc>Fails if ``string`` does not match ``pattern`` as a regular expression.</doc>
<status status="PASS" start="2024-07-09T01:07:26.632435" elapsed="0.000524"/>
</kw>
<kw name="Should Match Regexp" owner="BuiltIn">
<arg>${json_data['results'][0]['dob']['date']}</arg>
<arg>\\d{4}-\\d{2}-\\d{2}T\\d{2}:\\d{2}:\\d{2}\\.\\d{3}Z</arg>
<doc>Fails if ``string`` does not match ``pattern`` as a regular expression.</doc>
<status status="PASS" start="2024-07-09T01:07:26.633188" elapsed="0.000487"/>
</kw>
<kw name="Should Match Regexp" owner="BuiltIn">
<arg>${json_data['results'][0]['registered']['date']}</arg>
<arg>\\d{4}-\\d{2}-\\d{2}T\\d{2}:\\d{2}:\\d{2}\\.\\d{3}Z</arg>
<doc>Fails if ``string`` does not match ``pattern`` as a regular expression.</doc>
<status status="PASS" start="2024-07-09T01:07:26.633867" elapsed="0.000375"/>
</kw>
<kw name="Should Match Regexp" owner="BuiltIn">
<arg>${json_data['results'][0]['picture']['large']}</arg>
<arg>^https?://.*\.(?:png|jpe?g|gif|bmp)$</arg>
<doc>Fails if ``string`` does not match ``pattern`` as a regular expression.</doc>
<status status="PASS" start="2024-07-09T01:07:26.634425" elapsed="0.000454"/>
</kw>
<kw name="Should Match Regexp" owner="BuiltIn">
<arg>${json_data['results'][0]['picture']['medium']}</arg>
<arg>^https?://.*\.(?:png|jpe?g|gif|bmp)$</arg>
<doc>Fails if ``string`` does not match ``pattern`` as a regular expression.</doc>
<status status="PASS" start="2024-07-09T01:07:26.635064" elapsed="0.000383"/>
</kw>
<kw name="Should Match Regexp" owner="BuiltIn">
<arg>${json_data['results'][0]['picture']['thumbnail']}</arg>
<arg>^https?://.*\.(?:png|jpe?g|gif|bmp)$</arg>
<doc>Fails if ``string`` does not match ``pattern`` as a regular expression.</doc>
<status status="PASS" start="2024-07-09T01:07:26.635630" elapsed="0.000353"/>
</kw>
<kw name="Log" owner="BuiltIn">
<msg time="2024-07-09T01:07:26.636489" level="INFO">{'large': 'https://randomuser.me/api/portraits/men/74.jpg', 'medium': 'https://randomuser.me/api/portraits/med/men/74.jpg', 'thumbnail': 'https://randomuser.me/api/portraits/thumb/men/74.jpg'}</msg>
<arg>${json_data['results'][0]['picture']}</arg>
<doc>Logs the given message with the given level.</doc>
<status status="PASS" start="2024-07-09T01:07:26.636164" elapsed="0.000366"/>
</kw>
<status status="PASS" start="2024-07-09T01:07:26.541717" elapsed="0.095066"/>
</kw>
<kw name="Teste de Tipos de Dados - Postcode" owner="random-user-service">
<kw name="GET On Session" owner="RequestsLibrary">
<msg time="2024-07-09T01:07:26.758209" level="INFO">GET Request : url=https://randomuser.me/api 
 path_url=/api 
 headers={'User-Agent': 'python-requests/2.32.3', 'Accept-Encoding': 'gzip, deflate', 'Accept': '*/*', 'Connection': 'keep-alive'} 
 body=None 
 </msg>
<msg time="2024-07-09T01:07:26.758301" level="INFO">GET Response : url=https://randomuser.me/api 
 status=200, reason=OK 
 headers={'Date': 'Tue, 09 Jul 2024 01:07:26 GMT', 'Content-Type': 'application/json; charset=utf-8', 'Transfer-Encoding': 'chunked', 'Connection': 'keep-alive', 'X-Powered-By': 'Express', 'Access-Control-Allow-Origin': '*', 'Cache-Control': 'no-cache', 'ETag': 'W/"47f-3MMi+VQNMvr52fsMzspm7cTLt7c"', 'Vary': 'Accept-Encoding', 'Content-Encoding': 'gzip', 'CF-Cache-Status': 'DYNAMIC', 'Report-To': '{"endpoints":[{"url":"https:\\/\\/a.nel.cloudflare.com\\/report\\/v4?s=FGWxBx6T4T4QW3DYVCBDxpXMfujT4lfEH79LSwlCu1unJvsfNBqJ9TVd4M1vZLQJ9WHYL36iBR2taVuf0kmQqwwG4IOMPUlMpeyGh6MmfEnMfcgH%2FgPq1ZrcppiFxBRW"}],"group":"cf-nel","max_age":604800}', 'NEL': '{"success_fraction":0,"report_to":"cf-nel","max_age":604800}', 'Server': 'cloudflare', 'CF-RAY': '8a046acb7b1e387a-IAD', 'alt-svc': 'h3=":443"; ma=86400'} 
 body={"results":[{"gender":"female","name":{"title":"Miss","first":"Wilma","last":"Barrett"},"location":{"street":{"number":8800,"name":"James St"},"city":"Bendigo","state":"New South Wales","country":"Australia","postcode":9841,"coordinates":{"latitude":"-83.0174","longitude":"73.5193"},"timezone":{"offset":"-2:00","description":"Mid-Atlantic"}},"email":"wilma.barrett@example.com","login":{"uuid":"f036e623-80ef-4bb7-8cee-bfe0e5e25dae","username":"tinypanda954","password":"teacher","salt":"a69RRCFY","md5":"03f0bce1d9688d0cd39c83555172ddd2","sha1":"1432935bd4356abda47403ad8693e6a97051ee3f","sha256":"c485a7e3bccf504e671167ef9c231a0eb756b4b26c7055093b4bdeaafde2ec9f"},"dob":{"date":"1996-05-06T23:31:05.893Z","age":28},"registered":{"date":"2002-11-20T20:04:26.294Z","age":21},"phone":"03-8138-6981","cell":"0471-356-887","id":{"name":"TFN","value":"151343182"},"picture":{"large":"https://randomuser.me/api/portraits/women/88.jpg","medium":"https://randomuser.me/api/portraits/med/women/88.jpg","thumbnail":"https://randomuser.me/api/portraits/thumb/women/88.jpg"},"nat":"AU"}],"info":{"seed":"74578dfaf265fa11","results":1,"page":1,"version":"1.4"}} 
 </msg>
<msg time="2024-07-09T01:07:26.758388" level="INFO">/opt/hostedtoolcache/Python/3.12.4/x64/lib/python3.12/site-packages/urllib3/connectionpool.py:1099: InsecureRequestWarning: Unverified HTTPS request is being made to host 'randomuser.me'. Adding certificate verification is strongly advised. See: https://urllib3.readthedocs.io/en/latest/advanced-usage.html#tls-warnings
  warnings.warn(</msg>
<msg time="2024-07-09T01:07:26.758503" level="INFO">${response} = &lt;Response [200]&gt;</msg>
<var>${response}</var>
<arg>consultarAPI</arg>
<arg>/api</arg>
<doc>Sends a GET request on a previously created HTTP Session.</doc>
<status status="PASS" start="2024-07-09T01:07:26.637226" elapsed="0.121317"/>
</kw>
<kw name="Set Variable" owner="BuiltIn">
<msg time="2024-07-09T01:07:26.759580" level="INFO">${json_data} = {'results': [{'gender': 'female', 'name': {'title': 'Miss', 'first': 'Wilma', 'last': 'Barrett'}, 'location': {'street': {'number': 8800, 'name': 'James St'}, 'city': 'Bendigo', 'state': 'New South Wa...</msg>
<var>${json_data}</var>
<arg>${response.json()}</arg>
<doc>Returns the given values which can then be assigned to a variables.</doc>
<status status="PASS" start="2024-07-09T01:07:26.759053" elapsed="0.000556"/>
</kw>
<kw name="Log" owner="BuiltIn">
<msg time="2024-07-09T01:07:26.760068" level="INFO">{'results': [{'gender': 'female', 'name': {'title': 'Miss', 'first': 'Wilma', 'last': 'Barrett'}, 'location': {'street': {'number': 8800, 'name': 'James St'}, 'city': 'Bendigo', 'state': 'New South Wales', 'country': 'Australia', 'postcode': 9841, 'coordinates': {'latitude': '-83.0174', 'longitude': '73.5193'}, 'timezone': {'offset': '-2:00', 'description': 'Mid-Atlantic'}}, 'email': 'wilma.barrett@example.com', 'login': {'uuid': 'f036e623-80ef-4bb7-8cee-bfe0e5e25dae', 'username': 'tinypanda954', 'password': 'teacher', 'salt': 'a69RRCFY', 'md5': '03f0bce1d9688d0cd39c83555172ddd2', 'sha1': '1432935bd4356abda47403ad8693e6a97051ee3f', 'sha256': 'c485a7e3bccf504e671167ef9c231a0eb756b4b26c7055093b4bdeaafde2ec9f'}, 'dob': {'date': '1996-05-06T23:31:05.893Z', 'age': 28}, 'registered': {'date': '2002-11-20T20:04:26.294Z', 'age': 21}, 'phone': '03-8138-6981', 'cell': '0471-356-887', 'id': {'name': 'TFN', 'value': '151343182'}, 'picture': {'large': 'https://randomuser.me/api/portraits/women/88.jpg', 'medium': 'https://randomuser.me/api/portraits/med/women/88.jpg', 'thumbnail': 'https://randomuser.me/api/portraits/thumb/women/88.jpg'}, 'nat': 'AU'}], 'info': {'seed': '74578dfaf265fa11', 'results': 1, 'page': 1, 'version': '1.4'}}</msg>
<arg>${json_data}</arg>
<doc>Logs the given message with the given level.</doc>
<status status="PASS" start="2024-07-09T01:07:26.759917" elapsed="0.000203"/>
</kw>
<kw name="Should Be Equal As Numbers" owner="BuiltIn">
<arg>${json_data['results'][0]['location']['postcode']}</arg>
<arg>${json_data['results'][0]['location']['postcode']}</arg>
<doc>Fails if objects are unequal after converting them to real numbers.</doc>
<status status="PASS" start="2024-07-09T01:07:26.760438" elapsed="0.000620"/>
</kw>
<kw name="Log" owner="BuiltIn">
<msg time="2024-07-09T01:07:26.761571" level="INFO">9841</msg>
<arg>${json_data['results'][0]['location']['postcode']}</arg>
<doc>Logs the given message with the given level.</doc>
<status status="PASS" start="2024-07-09T01:07:26.761241" elapsed="0.000369"/>
</kw>
<status status="PASS" start="2024-07-09T01:07:26.637002" elapsed="0.124856"/>
</kw>
<doc>Testa se os tipos de dados na resposta da API estão corretos.</doc>
<tag>testeTiposDados</tag>
<status status="PASS" start="2024-07-09T01:07:26.541077" elapsed="0.220974"/>
</test>
<test id="s1-s1-t5" name="Validar conteudo" line="35">
<kw name="Teste de Tipos de Conteudo" owner="random-user-service">
<kw name="GET On Session" owner="RequestsLibrary">
<msg time="2024-07-09T01:07:26.837406" level="INFO">GET Request : url=https://randomuser.me/api 
 path_url=/api 
 headers={'User-Agent': 'python-requests/2.32.3', 'Accept-Encoding': 'gzip, deflate', 'Accept': '*/*', 'Connection': 'keep-alive'} 
 body=None 
 </msg>
<msg time="2024-07-09T01:07:26.837507" level="INFO">GET Response : url=https://randomuser.me/api 
 status=200, reason=OK 
 headers={'Date': 'Tue, 09 Jul 2024 01:07:26 GMT', 'Content-Type': 'application/json; charset=utf-8', 'Transfer-Encoding': 'chunked', 'Connection': 'keep-alive', 'X-Powered-By': 'Express', 'Access-Control-Allow-Origin': '*', 'Cache-Control': 'no-cache', 'ETag': 'W/"4b2-unzqRMZVdXJGAiPA95WbriAoVcs"', 'Vary': 'Accept-Encoding', 'Content-Encoding': 'gzip', 'CF-Cache-Status': 'DYNAMIC', 'Report-To': '{"endpoints":[{"url":"https:\\/\\/a.nel.cloudflare.com\\/report\\/v4?s=yNcUOAMoDWD%2B2JDk23w8mYPYZydIuN%2BOsi3wGteXr8YCt38bycQ0D%2BlZkmYWIYkftq4ik%2FiVGHIay7CEeOpyC3MWZ86nw1lK%2FR0UBzFzUZpR5EhW%2B4jkLUk1UWbqOv0F"}],"group":"cf-nel","max_age":604800}', 'NEL': '{"success_fraction":0,"report_to":"cf-nel","max_age":604800}', 'Server': 'cloudflare', 'CF-RAY': '8a046acc4c2a387a-IAD', 'alt-svc': 'h3=":443"; ma=86400'} 
 body={"results":[{"gender":"female","name":{"title":"Mrs","first":"Menke","last":"Kampers"},"location":{"street":{"number":7677,"name":"Gerardus de Valkstraat"},"city":"Moergestel","state":"Groningen","country":"Netherlands","postcode":"5364 XT","coordinates":{"latitude":"34.5741","longitude":"161.1942"},"timezone":{"offset":"0:00","description":"Western Europe Time, London, Lisbon, Casablanca"}},"email":"menke.kampers@example.com","login":{"uuid":"a596c985-7a52-488a-aee5-2bd3cf35c540","username":"greencat761","password":"trooper","salt":"PxiIIQh5","md5":"6347ab199357151fdffd9fe0326bd06a","sha1":"89d8cdb72cc5e38243021f761278eb138d141646","sha256":"4612fff757da717a0d2d8514dcdcc1283082f4a558fffda53b64b671c218907a"},"dob":{"date":"1992-01-06T09:40:18.679Z","age":32},"registered":{"date":"2007-02-28T16:35:02.577Z","age":17},"phone":"(092) 3832033","cell":"(06) 18674324","id":{"name":"BSN","value":"11126809"},"picture":{"large":"https://randomuser.me/api/portraits/women/74.jpg","medium":"https://randomuser.me/api/portraits/med/women/74.jpg","thumbnail":"https://randomuser.me/api/portraits/thumb/women/74.jpg"},"nat":"NL"}],"info":{"seed":"e810252bf81ab785","results":1,"page":1,"version":"1.4"}} 
 </msg>
<msg time="2024-07-09T01:07:26.837600" level="INFO">/opt/hostedtoolcache/Python/3.12.4/x64/lib/python3.12/site-packages/urllib3/connectionpool.py:1099: InsecureRequestWarning: Unverified HTTPS request is being made to host 'randomuser.me'. Adding certificate verification is strongly advised. See: https://urllib3.readthedocs.io/en/latest/advanced-usage.html#tls-warnings
  warnings.warn(</msg>
<msg time="2024-07-09T01:07:26.837726" level="INFO">${response} = &lt;Response [200]&gt;</msg>
<var>${response}</var>
<arg>consultarAPI</arg>
<arg>/api</arg>
<doc>Sends a GET request on a previously created HTTP Session.</doc>
<status status="PASS" start="2024-07-09T01:07:26.765008" elapsed="0.072765"/>
</kw>
<kw name="Set Variable" owner="BuiltIn">
<msg time="2024-07-09T01:07:26.838781" level="INFO">${json_data} = {'results': [{'gender': 'female', 'name': {'title': 'Mrs', 'first': 'Menke', 'last': 'Kampers'}, 'location': {'street': {'number': 7677, 'name': 'Gerardus de Valkstraat'}, 'city': 'Moergestel', 'state...</msg>
<var>${json_data}</var>
<arg>${response.json()}</arg>
<doc>Returns the given values which can then be assigned to a variables.</doc>
<status status="PASS" start="2024-07-09T01:07:26.838282" elapsed="0.000528"/>
</kw>
<kw name="Set Variable" owner="BuiltIn">
<msg time="2024-07-09T01:07:26.839517" level="INFO">${name_title} = Mrs</msg>
<var>${name_title}</var>
<arg>${json_data["results"][0]["name"]["title"]}</arg>
<doc>Returns the given values which can then be assigned to a variables.</doc>
<status status="PASS" start="2024-07-09T01:07:26.839108" elapsed="0.000434"/>
</kw>
<kw name="Create List" owner="BuiltIn">
<msg time="2024-07-09T01:07:26.839984" level="INFO">${allowed_titles} = ['Mr', 'Ms', 'Miss', 'Mrs', 'Madame', 'Monsieur']</msg>
<var>${allowed_titles}</var>
<arg>Mr</arg>
<arg>Ms</arg>
<arg>Miss</arg>
<arg>Mrs</arg>
<arg>Madame</arg>
<arg>Monsieur</arg>
<doc>Returns a list containing given items.</doc>
<status status="PASS" start="2024-07-09T01:07:26.839833" elapsed="0.000174"/>
</kw>
<kw name="List Should Contain Value" owner="Collections">
<arg>${allowed_titles}</arg>
<arg>${name_title}</arg>
<doc>Fails if the ``value`` is not found from ``list``.</doc>
<status status="PASS" start="2024-07-09T01:07:26.840303" elapsed="0.000178"/>
</kw>
<kw name="Set Variable" owner="BuiltIn">
<msg time="2024-07-09T01:07:26.841028" level="INFO">${name_country} = NL</msg>
<var>${name_country}</var>
<arg>${json_data["results"][0]["nat"]}</arg>
<doc>Returns the given values which can then be assigned to a variables.</doc>
<status status="PASS" start="2024-07-09T01:07:26.840669" elapsed="0.000383"/>
</kw>
<kw name="Create List" owner="BuiltIn">
<msg time="2024-07-09T01:07:26.841928" level="INFO">${list_country} = ['AD', 'AE', 'AF', 'AG', 'AI', 'AL', 'AM', 'AO', 'AQ', 'AR', 'AS', 'AT', 'AU', 'AW', 'AX', 'AZ', 'BA', 'BB', 'BD', 'BE', 'BF', 'BG', 'BH', 'BI', 'BJ', 'BL', 'BM', 'BN', 'BO', 'BQ', 'BR', 'BS', 'BT', '...</msg>
<var>${list_country}</var>
<arg>AD</arg>
<arg>AE</arg>
<arg>AF</arg>
<arg>AG</arg>
<arg>AI</arg>
<arg>AL</arg>
<arg>AM</arg>
<arg>AO</arg>
<arg>AQ</arg>
<arg>AR</arg>
<arg>AS</arg>
<arg>AT</arg>
<arg>AU</arg>
<arg>AW</arg>
<arg>AX</arg>
<arg>AZ</arg>
<arg>BA</arg>
<arg>BB</arg>
<arg>BD</arg>
<arg>BE</arg>
<arg>BF</arg>
<arg>BG</arg>
<arg>BH</arg>
<arg>BI</arg>
<arg>BJ</arg>
<arg>BL</arg>
<arg>BM</arg>
<arg>BN</arg>
<arg>BO</arg>
<arg>BQ</arg>
<arg>BR</arg>
<arg>BS</arg>
<arg>BT</arg>
<arg>BV</arg>
<arg>BW</arg>
<arg>BY</arg>
<arg>BZ</arg>
<arg>CA</arg>
<arg>CC</arg>
<arg>CD</arg>
<arg>CF</arg>
<arg>CG</arg>
<arg>CH</arg>
<arg>CI</arg>
<arg>CK</arg>
<arg>CL</arg>
<arg>CM</arg>
<arg>CN</arg>
<arg>CO</arg>
<arg>CR</arg>
<arg>CU</arg>
<arg>CV</arg>
<arg>CW</arg>
<arg>CX</arg>
<arg>CY</arg>
<arg>CZ</arg>
<arg>DE</arg>
<arg>DJ</arg>
<arg>DK</arg>
<arg>DM</arg>
<arg>DO</arg>
<arg>DZ</arg>
<arg>EC</arg>
<arg>EE</arg>
<arg>EG</arg>
<arg>EH</arg>
<arg>ER</arg>
<arg>ES</arg>
<arg>ET</arg>
<arg>FI</arg>
<arg>FJ</arg>
<arg>FK</arg>
<arg>FM</arg>
<arg>FO</arg>
<arg>FR</arg>
<arg>GA</arg>
<arg>GB</arg>
<arg>GD</arg>
<arg>GE</arg>
<arg>GF</arg>
<arg>GG</arg>
<arg>GH</arg>
<arg>GI</arg>
<arg>GL</arg>
<arg>GM</arg>
<arg>GN</arg>
<arg>GP</arg>
<arg>GQ</arg>
<arg>GR</arg>
<arg>GS</arg>
<arg>GT</arg>
<arg>GU</arg>
<arg>GW</arg>
<arg>GY</arg>
<arg>HK</arg>
<arg>HM</arg>
<arg>HN</arg>
<arg>HR</arg>
<arg>HT</arg>
<arg>HU</arg>
<arg>ID</arg>
<arg>IE</arg>
<arg>IL</arg>
<arg>IM</arg>
<arg>IN</arg>
<arg>IO</arg>
<arg>IQ</arg>
<arg>IR</arg>
<arg>IS</arg>
<arg>IT</arg>
<arg>JE</arg>
<arg>JM</arg>
<arg>JO</arg>
<arg>JP</arg>
<arg>KE</arg>
<arg>KG</arg>
<arg>KH</arg>
<arg>KI</arg>
<arg>KM</arg>
<arg>KN</arg>
<arg>KP</arg>
<arg>KR</arg>
<arg>KW</arg>
<arg>KY</arg>
<arg>KZ</arg>
<arg>LA</arg>
<arg>LB</arg>
<arg>LC</arg>
<arg>LI</arg>
<arg>LK</arg>
<arg>LR</arg>
<arg>LS</arg>
<arg>LT</arg>
<arg>LU</arg>
<arg>LV</arg>
<arg>LY</arg>
<arg>MA</arg>
<arg>MC</arg>
<arg>MD</arg>
<arg>ME</arg>
<arg>MF</arg>
<arg>MG</arg>
<arg>MH</arg>
<arg>MK</arg>
<arg>ML</arg>
<arg>MM</arg>
<arg>MN</arg>
<arg>MO</arg>
<arg>MP</arg>
<arg>MQ</arg>
<arg>MR</arg>
<arg>MS</arg>
<arg>MT</arg>
<arg>MU</arg>
<arg>MV</arg>
<arg>MW</arg>
<arg>MX</arg>
<arg>MY</arg>
<arg>MZ</arg>
<arg>NA</arg>
<arg>NC</arg>
<arg>NE</arg>
<arg>NF</arg>
<arg>NG</arg>
<arg>NI</arg>
<arg>NL</arg>
<arg>NO</arg>
<arg>NP</arg>
<arg>NR</arg>
<arg>NU</arg>
<arg>NZ</arg>
<arg>OM</arg>
<arg>PA</arg>
<arg>PE</arg>
<arg>PF</arg>
<arg>PG</arg>
<arg>PH</arg>
<arg>PK</arg>
<arg>PL</arg>
<arg>PM</arg>
<arg>PN</arg>
<arg>PR</arg>
<arg>PS</arg>
<arg>PT</arg>
<arg>PW</arg>
<arg>PY</arg>
<arg>QA</arg>
<arg>RE</arg>
<arg>RO</arg>
<arg>RS</arg>
<arg>RU</arg>
<arg>RW</arg>
<arg>SA</arg>
<arg>SB</arg>
<arg>SC</arg>
<arg>SD</arg>
<arg>SE</arg>
<arg>SG</arg>
<arg>SH</arg>
<arg>SI</arg>
<arg>SJ</arg>
<arg>SK</arg>
<arg>SL</arg>
<arg>SM</arg>
<arg>SN</arg>
<arg>SO</arg>
<arg>SR</arg>
<arg>SS</arg>
<arg>ST</arg>
<arg>SV</arg>
<arg>SX</arg>
<arg>SY</arg>
<arg>SZ</arg>
<arg>TC</arg>
<arg>TD</arg>
<arg>TF</arg>
<arg>TG</arg>
<arg>TH</arg>
<arg>TJ</arg>
<arg>TK</arg>
<arg>TL</arg>
<arg>TM</arg>
<arg>TN</arg>
<arg>TO</arg>
<arg>TR</arg>
<arg>TT</arg>
<arg>TV</arg>
<arg>TW</arg>
<arg>TZ</arg>
<arg>UA</arg>
<arg>UG</arg>
<arg>UM</arg>
<arg>US</arg>
<arg>UY</arg>
<arg>UZ</arg>
<arg>VA</arg>
<arg>VC</arg>
<arg>VE</arg>
<arg>VG</arg>
<arg>VI</arg>
<arg>VN</arg>
<arg>VU</arg>
<arg>WF</arg>
<arg>WS</arg>
<arg>XK</arg>
<arg>YE</arg>
<arg>YT</arg>
<arg>ZA</arg>
<arg>ZM</arg>
<arg>ZW</arg>
<doc>Returns a list containing given items.</doc>
<status status="PASS" start="2024-07-09T01:07:26.841336" elapsed="0.000617"/>
</kw>
<kw name="List Should Contain Value" owner="Collections">
<arg>${list_country}</arg>
<arg>${name_country}</arg>
<doc>Fails if the ``value`` is not found from ``list``.</doc>
<status status="PASS" start="2024-07-09T01:07:26.842736" elapsed="0.000201"/>
</kw>
<kw name="Run Keyword If" owner="BuiltIn">
<kw name="Should Be True" owner="BuiltIn">
<arg>${True}</arg>
<doc>Fails if the given condition is not true.</doc>
<status status="PASS" start="2024-07-09T01:07:26.843904" elapsed="0.000140"/>
</kw>
<arg>${json_data["results"][0]["location"]["coordinates"]["latitude"]} &gt;= -90 and ${json_data["results"][0]["location"]["coordinates"]["latitude"]} &lt;= 90</arg>
<arg>Should Be True</arg>
<arg>${True}</arg>
<doc>Runs the given keyword with the given arguments, if ``condition`` is true.</doc>
<status status="PASS" start="2024-07-09T01:07:26.843159" elapsed="0.001007"/>
</kw>
<kw name="Run Keyword If" owner="BuiltIn">
<kw name="Should Be True" owner="BuiltIn">
<arg>${True}</arg>
<doc>Fails if the given condition is not true.</doc>
<status status="PASS" start="2024-07-09T01:07:26.845024" elapsed="0.000137"/>
</kw>
<arg>${json_data["results"][0]["location"]["coordinates"]["longitude"]} &gt;= -180 and ${json_data["results"][0]["location"]["coordinates"]["longitude"]} &lt;= 180</arg>
<arg>Should Be True</arg>
<arg>${True}</arg>
<doc>Runs the given keyword with the given arguments, if ``condition`` is true.</doc>
<status status="PASS" start="2024-07-09T01:07:26.844342" elapsed="0.000940"/>
</kw>
<status status="PASS" start="2024-07-09T01:07:26.764432" elapsed="0.080983"/>
</kw>
<doc>Testa o conteúdo específico dos campos retornados pela API.</doc>
<tag>testeConteudo</tag>
<status status="PASS" start="2024-07-09T01:07:26.763804" elapsed="0.081760"/>
</test>
<status status="PASS" start="2024-07-09T01:07:25.898259" elapsed="0.949258"/>
</suite>
<status status="PASS" start="2024-07-09T01:07:25.884064" elapsed="0.968522"/>
</suite>
<statistics>
<total>
<stat pass="5" fail="0" skip="0">All Tests</stat>
</total>
<tag>
<stat pass="1" fail="0" skip="0">testeConteudo</stat>
<stat pass="1" fail="0" skip="0">testeEstruturaResposta</stat>
<stat pass="1" fail="0" skip="0">testeRequisicaoBasica</stat>
<stat pass="1" fail="0" skip="0">testeTiposDados</stat>
</tag>
<suite>
<stat pass="5" fail="0" skip="0" id="s1" name="Tests">Tests</stat>
<stat pass="5" fail="0" skip="0" id="s1-s1" name="Random-User-Test">Tests.Random-User-Test</stat>
</suite>
</statistics>
<errors>
</errors>
</robot>
