<?xml version="1.0" encoding="UTF-8"?>
<robot generator="Robot 7.0.1 (Python 3.12.4 on linux)" generated="2024-06-28T09:16:07.954354" rpa="false" schemaversion="5">
<suite id="s1" name="Tests" source="/home/runner/work/ApiRandomUser/ApiRandomUser/RamdonUser/tests">
<suite id="s1-s1" name="Random-User-Test" source="/home/runner/work/ApiRandomUser/ApiRandomUser/RamdonUser/tests/random-user-test.robot">
<test id="s1-s1-t1" name="Conectar" line="13">
<kw name="Conectar API" owner="random-user-service">
<kw name="Create Session" owner="RequestsLibrary">
<msg time="2024-06-28T09:16:08.347224" level="INFO">Creating Session using : alias=consultarAPI, url=https://randomuser.me/, headers={},                     cookies={}, auth=None, timeout=None, proxies=None, verify=False,                     debug=0 </msg>
<arg>consultarAPI</arg>
<arg>${URL}</arg>
<doc>Create Session: create a HTTP session to a server</doc>
<status status="PASS" start="2024-06-28T09:16:08.347001" elapsed="0.000422"/>
</kw>
<status status="PASS" start="2024-06-28T09:16:08.345955" elapsed="0.001835"/>
</kw>
<status status="PASS" start="2024-06-28T09:16:08.345299" elapsed="0.002689"/>
</test>
<test id="s1-s1-t2" name="Validar retorno 200 e JSON Válido" line="16">
<kw name="Teste de Requisicao Basica" owner="random-user-service">
<kw name="GET On Session" owner="RequestsLibrary">
<msg time="2024-06-28T09:16:08.514157" level="INFO">GET Request : url=https://randomuser.me/api 
 path_url=/api 
 headers={'User-Agent': 'python-requests/2.32.3', 'Accept-Encoding': 'gzip, deflate', 'Accept': '*/*', 'Connection': 'keep-alive'} 
 body=None 
 </msg>
<msg time="2024-06-28T09:16:08.514306" level="INFO">GET Response : url=https://randomuser.me/api 
 status=200, reason=OK 
 headers={'Date': 'Fri, 28 Jun 2024 09:16:08 GMT', 'Content-Type': 'application/json; charset=utf-8', 'Transfer-Encoding': 'chunked', 'Connection': 'keep-alive', 'X-Powered-By': 'Express', 'Access-Control-Allow-Origin': '*', 'Cache-Control': 'no-cache', 'ETag': 'W/"490-7INiO8lC9iyCyCJdWHzalJn8Bvw"', 'Vary': 'Accept-Encoding', 'Content-Encoding': 'gzip', 'CF-Cache-Status': 'DYNAMIC', 'Report-To': '{"endpoints":[{"url":"https:\\/\\/a.nel.cloudflare.com\\/report\\/v4?s=W3%2B3Lz8fiVialCE4oGsNGcYc2SbOll%2Fo9lLhmos3f6VXiKVGS%2BA6EPHv%2BRBRngWCPevjp%2FNU2H9sRyzlxsHfFQp%2BsRq9AzE5fLtFDcnH0VHR0LfWxhBn6JdIWTzCh9%2FN"}],"group":"cf-nel","max_age":604800}', 'NEL': '{"success_fraction":0,"report_to":"cf-nel","max_age":604800}', 'Server': 'cloudflare', 'CF-RAY': '89ac93890b6e5b34-IAD', 'alt-svc': 'h3=":443"; ma=86400'} 
 body={"results":[{"gender":"female","name":{"title":"Ms","first":"Matilda","last":"Mattila"},"location":{"street":{"number":253,"name":"Visiokatu"},"city":"Kauhava","state":"North Karelia","country":"Finland","postcode":19114,"coordinates":{"latitude":"-22.0835","longitude":"132.2720"},"timezone":{"offset":"-11:00","description":"Midway Island, Samoa"}},"email":"matilda.mattila@example.com","login":{"uuid":"89d00f45-14c7-44cb-a948-d0b91d1d17ae","username":"orangeswan140","password":"design","salt":"rVEsUT4K","md5":"6338594197e257135cbe118974ebca1d","sha1":"a682aff4f63fc12cebb305a1b76728c98874bc1f","sha256":"fea4cda5e8c3ccfa3ea5a6ae89399d748f71bed12b5b6d54af5e4f062f17a2f2"},"dob":{"date":"1984-09-14T01:19:11.606Z","age":39},"registered":{"date":"2014-01-17T02:27:49.863Z","age":10},"phone":"08-080-469","cell":"049-470-66-44","id":{"name":"HETU","value":"NaNNA624undefined"},"picture":{"large":"https://randomuser.me/api/portraits/women/10.jpg","medium":"https://randomuser.me/api/portraits/med/women/10.jpg","thumbnail":"https://randomuser.me/api/portraits/thumb/women/10.jpg"},"nat":"FI"}],"info":{"seed":"371f19132c83308f","results":1,"page":1,"version":"1.4"}} 
 </msg>
<msg time="2024-06-28T09:16:08.514414" level="INFO">/opt/hostedtoolcache/Python/3.12.4/x64/lib/python3.12/site-packages/urllib3/connectionpool.py:1099: InsecureRequestWarning: Unverified HTTPS request is being made to host 'randomuser.me'. Adding certificate verification is strongly advised. See: https://urllib3.readthedocs.io/en/latest/advanced-usage.html#tls-warnings
  warnings.warn(</msg>
<msg time="2024-06-28T09:16:08.514562" level="INFO">${response} = &lt;Response [200]&gt;</msg>
<var>${response}</var>
<arg>consultarAPI</arg>
<arg>/api</arg>
<doc>Sends a GET request on a previously created HTTP Session.</doc>
<status status="PASS" start="2024-06-28T09:16:08.350676" elapsed="0.163929"/>
</kw>
<kw name="Should Be Equal As Numbers" owner="BuiltIn">
<msg time="2024-06-28T09:16:08.515599" level="INFO">Argument types are:
&lt;class 'int'&gt;
&lt;class 'str'&gt;</msg>
<arg>${response.status_code}</arg>
<arg>200</arg>
<doc>Fails if objects are unequal after converting them to real numbers.</doc>
<status status="PASS" start="2024-06-28T09:16:08.515122" elapsed="0.000545"/>
</kw>
<kw name="Log" owner="BuiltIn">
<msg time="2024-06-28T09:16:08.516363" level="INFO">200</msg>
<arg>${response.status_code}</arg>
<doc>Logs the given message with the given level.</doc>
<status status="PASS" start="2024-06-28T09:16:08.516004" elapsed="0.000403"/>
</kw>
<kw name="Set Variable" owner="BuiltIn">
<msg time="2024-06-28T09:16:08.517156" level="INFO">${json_data} = {'results': [{'gender': 'female', 'name': {'title': 'Ms', 'first': 'Matilda', 'last': 'Mattila'}, 'location': {'street': {'number': 253, 'name': 'Visiokatu'}, 'city': 'Kauhava', 'state': 'North Kareli...</msg>
<var>${json_data}</var>
<arg>${response.json()}</arg>
<doc>Returns the given values which can then be assigned to a variables.</doc>
<status status="PASS" start="2024-06-28T09:16:08.516715" elapsed="0.000469"/>
</kw>
<kw name="Dictionary Should Contain Key" owner="Collections">
<arg>${json_data}</arg>
<arg>results</arg>
<doc>Fails if ``key`` is not found from ``dictionary``.</doc>
<status status="PASS" start="2024-06-28T09:16:08.517482" elapsed="0.000171"/>
</kw>
<status status="PASS" start="2024-06-28T09:16:08.350418" elapsed="0.167385"/>
</kw>
<doc>Testa se a API responde corretamente e retorna um objeto JSON válido.</doc>
<tag>testeRequisicaoBasica</tag>
<status status="PASS" start="2024-06-28T09:16:08.349854" elapsed="0.168130"/>
</test>
<test id="s1-s1-t3" name="Validar estrutura de resposta" line="22">
<kw name="Teste de Estrutura de Resposta" owner="random-user-service">
<kw name="GET On Session" owner="RequestsLibrary">
<msg time="2024-06-28T09:16:08.611370" level="INFO">GET Request : url=https://randomuser.me/api 
 path_url=/api 
 headers={'User-Agent': 'python-requests/2.32.3', 'Accept-Encoding': 'gzip, deflate', 'Accept': '*/*', 'Connection': 'keep-alive'} 
 body=None 
 </msg>
<msg time="2024-06-28T09:16:08.611448" level="INFO">GET Response : url=https://randomuser.me/api 
 status=200, reason=OK 
 headers={'Date': 'Fri, 28 Jun 2024 09:16:08 GMT', 'Content-Type': 'application/json; charset=utf-8', 'Transfer-Encoding': 'chunked', 'Connection': 'keep-alive', 'X-Powered-By': 'Express', 'Access-Control-Allow-Origin': '*', 'Cache-Control': 'no-cache', 'ETag': 'W/"47d-g5lQYCTlYodoBe/sVB1Q1hGI/0U"', 'Vary': 'Accept-Encoding', 'Content-Encoding': 'gzip', 'CF-Cache-Status': 'DYNAMIC', 'Report-To': '{"endpoints":[{"url":"https:\\/\\/a.nel.cloudflare.com\\/report\\/v4?s=qvRbvcaTUN9U8rMrF3TVcnwRF%2BbCstFZsCJePf8RyEIsqjDVa15cUHC%2BhwCs%2B%2FBbwyiVPJ0AOR8ixSpfqTDt2GnoOI5MuOQ5T0ggYY7gDHmLc%2FkaUmYCAJ9F6dNRtbrg"}],"group":"cf-nel","max_age":604800}', 'NEL': '{"success_fraction":0,"report_to":"cf-nel","max_age":604800}', 'Server': 'cloudflare', 'CF-RAY': '89ac93894b8c5b34-IAD', 'alt-svc': 'h3=":443"; ma=86400'} 
 body={"results":[{"gender":"female","name":{"title":"Ms","first":"Lara","last":"Raja"},"location":{"street":{"number":9912,"name":"Husebybakken"},"city":"Bremanger","state":"Sogn og Fjordane","country":"Norway","postcode":"4519","coordinates":{"latitude":"44.5191","longitude":"121.2769"},"timezone":{"offset":"+6:00","description":"Almaty, Dhaka, Colombo"}},"email":"lara.raja@example.com","login":{"uuid":"8aecf51b-446a-479c-a1d8-199bd422e386","username":"orangebird649","password":"sprite","salt":"qxODJVxh","md5":"4748058dfab843bbf09b793bfca9dad2","sha1":"212f64dee8dff207d659f0da09a5c59189a8fbac","sha256":"4d1ba2b142f47f481e07ee80d0cee2ab837d73f0026e9c613a0b07559bf74a40"},"dob":{"date":"1978-03-04T15:35:53.216Z","age":46},"registered":{"date":"2016-10-29T10:32:58.801Z","age":7},"phone":"31192540","cell":"95838746","id":{"name":"FN","value":"04037833873"},"picture":{"large":"https://randomuser.me/api/portraits/women/83.jpg","medium":"https://randomuser.me/api/portraits/med/women/83.jpg","thumbnail":"https://randomuser.me/api/portraits/thumb/women/83.jpg"},"nat":"NO"}],"info":{"seed":"a519ec97e295d513","results":1,"page":1,"version":"1.4"}} 
 </msg>
<msg time="2024-06-28T09:16:08.611549" level="INFO">/opt/hostedtoolcache/Python/3.12.4/x64/lib/python3.12/site-packages/urllib3/connectionpool.py:1099: InsecureRequestWarning: Unverified HTTPS request is being made to host 'randomuser.me'. Adding certificate verification is strongly advised. See: https://urllib3.readthedocs.io/en/latest/advanced-usage.html#tls-warnings
  warnings.warn(</msg>
<msg time="2024-06-28T09:16:08.611652" level="INFO">${response} = &lt;Response [200]&gt;</msg>
<var>${response}</var>
<arg>consultarAPI</arg>
<arg>/api</arg>
<doc>Sends a GET request on a previously created HTTP Session.</doc>
<status status="PASS" start="2024-06-28T09:16:08.520709" elapsed="0.090986"/>
</kw>
<kw name="Set Variable" owner="BuiltIn">
<msg time="2024-06-28T09:16:08.612742" level="INFO">${json_data} = {'results': [{'gender': 'female', 'name': {'title': 'Ms', 'first': 'Lara', 'last': 'Raja'}, 'location': {'street': {'number': 9912, 'name': 'Husebybakken'}, 'city': 'Bremanger', 'state': 'Sogn og Fjor...</msg>
<var>${json_data}</var>
<arg>${response.json()}</arg>
<doc>Returns the given values which can then be assigned to a variables.</doc>
<status status="PASS" start="2024-06-28T09:16:08.612174" elapsed="0.000597"/>
</kw>
<kw name="Log" owner="BuiltIn">
<msg time="2024-06-28T09:16:08.613238" level="INFO">{'results': [{'gender': 'female', 'name': {'title': 'Ms', 'first': 'Lara', 'last': 'Raja'}, 'location': {'street': {'number': 9912, 'name': 'Husebybakken'}, 'city': 'Bremanger', 'state': 'Sogn og Fjordane', 'country': 'Norway', 'postcode': '4519', 'coordinates': {'latitude': '44.5191', 'longitude': '121.2769'}, 'timezone': {'offset': '+6:00', 'description': 'Almaty, Dhaka, Colombo'}}, 'email': 'lara.raja@example.com', 'login': {'uuid': '8aecf51b-446a-479c-a1d8-199bd422e386', 'username': 'orangebird649', 'password': 'sprite', 'salt': 'qxODJVxh', 'md5': '4748058dfab843bbf09b793bfca9dad2', 'sha1': '212f64dee8dff207d659f0da09a5c59189a8fbac', 'sha256': '4d1ba2b142f47f481e07ee80d0cee2ab837d73f0026e9c613a0b07559bf74a40'}, 'dob': {'date': '1978-03-04T15:35:53.216Z', 'age': 46}, 'registered': {'date': '2016-10-29T10:32:58.801Z', 'age': 7}, 'phone': '31192540', 'cell': '95838746', 'id': {'name': 'FN', 'value': '04037833873'}, 'picture': {'large': 'https://randomuser.me/api/portraits/women/83.jpg', 'medium': 'https://randomuser.me/api/portraits/med/women/83.jpg', 'thumbnail': 'https://randomuser.me/api/portraits/thumb/women/83.jpg'}, 'nat': 'NO'}], 'info': {'seed': 'a519ec97e295d513', 'results': 1, 'page': 1, 'version': '1.4'}}</msg>
<arg>${json_data}</arg>
<doc>Logs the given message with the given level.</doc>
<status status="PASS" start="2024-06-28T09:16:08.613082" elapsed="0.000204"/>
</kw>
<kw name="Dictionary Should Contain Key" owner="Collections">
<arg>${json_data}</arg>
<arg>results</arg>
<doc>Fails if ``key`` is not found from ``dictionary``.</doc>
<status status="PASS" start="2024-06-28T09:16:08.613577" elapsed="0.000161"/>
</kw>
<kw name="Should Not Be Empty" owner="BuiltIn">
<msg time="2024-06-28T09:16:08.614053" level="INFO">Length is 2.</msg>
<arg>${json_data}</arg>
<doc>Verifies that the given item is not empty.</doc>
<status status="PASS" start="2024-06-28T09:16:08.613920" elapsed="0.000171"/>
</kw>
<kw name="Create List" owner="BuiltIn">
<msg time="2024-06-28T09:16:08.614721" level="INFO">${expected_keys} = ['gender', 'name', 'location', 'email', 'login']</msg>
<var>${expected_keys}</var>
<arg>gender</arg>
<arg>name</arg>
<arg>location</arg>
<arg>email</arg>
<arg>login</arg>
<doc>Returns a list containing given items.</doc>
<status status="PASS" start="2024-06-28T09:16:08.614414" elapsed="0.000332"/>
</kw>
<for flavor="IN">
<iter>
<kw name="Dictionary Should Contain Key" owner="Collections">
<arg>${json_data['results'][0]}</arg>
<arg>${key}</arg>
<doc>Fails if ``key`` is not found from ``dictionary``.</doc>
<status status="PASS" start="2024-06-28T09:16:08.615329" elapsed="0.000400"/>
</kw>
<kw name="Log" owner="BuiltIn">
<msg time="2024-06-28T09:16:08.616276" level="INFO">{'gender': 'female', 'name': {'title': 'Ms', 'first': 'Lara', 'last': 'Raja'}, 'location': {'street': {'number': 9912, 'name': 'Husebybakken'}, 'city': 'Bremanger', 'state': 'Sogn og Fjordane', 'country': 'Norway', 'postcode': '4519', 'coordinates': {'latitude': '44.5191', 'longitude': '121.2769'}, 'timezone': {'offset': '+6:00', 'description': 'Almaty, Dhaka, Colombo'}}, 'email': 'lara.raja@example.com', 'login': {'uuid': '8aecf51b-446a-479c-a1d8-199bd422e386', 'username': 'orangebird649', 'password': 'sprite', 'salt': 'qxODJVxh', 'md5': '4748058dfab843bbf09b793bfca9dad2', 'sha1': '212f64dee8dff207d659f0da09a5c59189a8fbac', 'sha256': '4d1ba2b142f47f481e07ee80d0cee2ab837d73f0026e9c613a0b07559bf74a40'}, 'dob': {'date': '1978-03-04T15:35:53.216Z', 'age': 46}, 'registered': {'date': '2016-10-29T10:32:58.801Z', 'age': 7}, 'phone': '31192540', 'cell': '95838746', 'id': {'name': 'FN', 'value': '04037833873'}, 'picture': {'large': 'https://randomuser.me/api/portraits/women/83.jpg', 'medium': 'https://randomuser.me/api/portraits/med/women/83.jpg', 'thumbnail': 'https://randomuser.me/api/portraits/thumb/women/83.jpg'}, 'nat': 'NO'}</msg>
<arg>${json_data['results'][0]}</arg>
<doc>Logs the given message with the given level.</doc>
<status status="PASS" start="2024-06-28T09:16:08.615914" elapsed="0.000409"/>
</kw>
<kw name="Log" owner="BuiltIn">
<msg time="2024-06-28T09:16:08.616748" level="INFO">gender</msg>
<arg>${key}</arg>
<doc>Logs the given message with the given level.</doc>
<status status="PASS" start="2024-06-28T09:16:08.616621" elapsed="0.000165"/>
</kw>
<var name="${key}">gender</var>
<status status="PASS" start="2024-06-28T09:16:08.615205" elapsed="0.001794"/>
</iter>
<iter>
<kw name="Dictionary Should Contain Key" owner="Collections">
<arg>${json_data['results'][0]}</arg>
<arg>${key}</arg>
<doc>Fails if ``key`` is not found from ``dictionary``.</doc>
<status status="PASS" start="2024-06-28T09:16:08.617289" elapsed="0.000389"/>
</kw>
<kw name="Log" owner="BuiltIn">
<msg time="2024-06-28T09:16:08.618200" level="INFO">{'gender': 'female', 'name': {'title': 'Ms', 'first': 'Lara', 'last': 'Raja'}, 'location': {'street': {'number': 9912, 'name': 'Husebybakken'}, 'city': 'Bremanger', 'state': 'Sogn og Fjordane', 'country': 'Norway', 'postcode': '4519', 'coordinates': {'latitude': '44.5191', 'longitude': '121.2769'}, 'timezone': {'offset': '+6:00', 'description': 'Almaty, Dhaka, Colombo'}}, 'email': 'lara.raja@example.com', 'login': {'uuid': '8aecf51b-446a-479c-a1d8-199bd422e386', 'username': 'orangebird649', 'password': 'sprite', 'salt': 'qxODJVxh', 'md5': '4748058dfab843bbf09b793bfca9dad2', 'sha1': '212f64dee8dff207d659f0da09a5c59189a8fbac', 'sha256': '4d1ba2b142f47f481e07ee80d0cee2ab837d73f0026e9c613a0b07559bf74a40'}, 'dob': {'date': '1978-03-04T15:35:53.216Z', 'age': 46}, 'registered': {'date': '2016-10-29T10:32:58.801Z', 'age': 7}, 'phone': '31192540', 'cell': '95838746', 'id': {'name': 'FN', 'value': '04037833873'}, 'picture': {'large': 'https://randomuser.me/api/portraits/women/83.jpg', 'medium': 'https://randomuser.me/api/portraits/med/women/83.jpg', 'thumbnail': 'https://randomuser.me/api/portraits/thumb/women/83.jpg'}, 'nat': 'NO'}</msg>
<arg>${json_data['results'][0]}</arg>
<doc>Logs the given message with the given level.</doc>
<status status="PASS" start="2024-06-28T09:16:08.617858" elapsed="0.000420"/>
</kw>
<kw name="Log" owner="BuiltIn">
<msg time="2024-06-28T09:16:08.618736" level="INFO">name</msg>
<arg>${key}</arg>
<doc>Logs the given message with the given level.</doc>
<status status="PASS" start="2024-06-28T09:16:08.618607" elapsed="0.000166"/>
</kw>
<var name="${key}">name</var>
<status status="PASS" start="2024-06-28T09:16:08.617180" elapsed="0.001811"/>
</iter>
<iter>
<kw name="Dictionary Should Contain Key" owner="Collections">
<arg>${json_data['results'][0]}</arg>
<arg>${key}</arg>
<doc>Fails if ``key`` is not found from ``dictionary``.</doc>
<status status="PASS" start="2024-06-28T09:16:08.619271" elapsed="0.000379"/>
</kw>
<kw name="Log" owner="BuiltIn">
<msg time="2024-06-28T09:16:08.620175" level="INFO">{'gender': 'female', 'name': {'title': 'Ms', 'first': 'Lara', 'last': 'Raja'}, 'location': {'street': {'number': 9912, 'name': 'Husebybakken'}, 'city': 'Bremanger', 'state': 'Sogn og Fjordane', 'country': 'Norway', 'postcode': '4519', 'coordinates': {'latitude': '44.5191', 'longitude': '121.2769'}, 'timezone': {'offset': '+6:00', 'description': 'Almaty, Dhaka, Colombo'}}, 'email': 'lara.raja@example.com', 'login': {'uuid': '8aecf51b-446a-479c-a1d8-199bd422e386', 'username': 'orangebird649', 'password': 'sprite', 'salt': 'qxODJVxh', 'md5': '4748058dfab843bbf09b793bfca9dad2', 'sha1': '212f64dee8dff207d659f0da09a5c59189a8fbac', 'sha256': '4d1ba2b142f47f481e07ee80d0cee2ab837d73f0026e9c613a0b07559bf74a40'}, 'dob': {'date': '1978-03-04T15:35:53.216Z', 'age': 46}, 'registered': {'date': '2016-10-29T10:32:58.801Z', 'age': 7}, 'phone': '31192540', 'cell': '95838746', 'id': {'name': 'FN', 'value': '04037833873'}, 'picture': {'large': 'https://randomuser.me/api/portraits/women/83.jpg', 'medium': 'https://randomuser.me/api/portraits/med/women/83.jpg', 'thumbnail': 'https://randomuser.me/api/portraits/thumb/women/83.jpg'}, 'nat': 'NO'}</msg>
<arg>${json_data['results'][0]}</arg>
<doc>Logs the given message with the given level.</doc>
<status status="PASS" start="2024-06-28T09:16:08.619829" elapsed="0.000393"/>
</kw>
<kw name="Log" owner="BuiltIn">
<msg time="2024-06-28T09:16:08.620643" level="INFO">location</msg>
<arg>${key}</arg>
<doc>Logs the given message with the given level.</doc>
<status status="PASS" start="2024-06-28T09:16:08.620518" elapsed="0.000162"/>
</kw>
<var name="${key}">location</var>
<status status="PASS" start="2024-06-28T09:16:08.619166" elapsed="0.001728"/>
</iter>
<iter>
<kw name="Dictionary Should Contain Key" owner="Collections">
<arg>${json_data['results'][0]}</arg>
<arg>${key}</arg>
<doc>Fails if ``key`` is not found from ``dictionary``.</doc>
<status status="PASS" start="2024-06-28T09:16:08.621165" elapsed="0.000386"/>
</kw>
<kw name="Log" owner="BuiltIn">
<msg time="2024-06-28T09:16:08.622080" level="INFO">{'gender': 'female', 'name': {'title': 'Ms', 'first': 'Lara', 'last': 'Raja'}, 'location': {'street': {'number': 9912, 'name': 'Husebybakken'}, 'city': 'Bremanger', 'state': 'Sogn og Fjordane', 'country': 'Norway', 'postcode': '4519', 'coordinates': {'latitude': '44.5191', 'longitude': '121.2769'}, 'timezone': {'offset': '+6:00', 'description': 'Almaty, Dhaka, Colombo'}}, 'email': 'lara.raja@example.com', 'login': {'uuid': '8aecf51b-446a-479c-a1d8-199bd422e386', 'username': 'orangebird649', 'password': 'sprite', 'salt': 'qxODJVxh', 'md5': '4748058dfab843bbf09b793bfca9dad2', 'sha1': '212f64dee8dff207d659f0da09a5c59189a8fbac', 'sha256': '4d1ba2b142f47f481e07ee80d0cee2ab837d73f0026e9c613a0b07559bf74a40'}, 'dob': {'date': '1978-03-04T15:35:53.216Z', 'age': 46}, 'registered': {'date': '2016-10-29T10:32:58.801Z', 'age': 7}, 'phone': '31192540', 'cell': '95838746', 'id': {'name': 'FN', 'value': '04037833873'}, 'picture': {'large': 'https://randomuser.me/api/portraits/women/83.jpg', 'medium': 'https://randomuser.me/api/portraits/med/women/83.jpg', 'thumbnail': 'https://randomuser.me/api/portraits/thumb/women/83.jpg'}, 'nat': 'NO'}</msg>
<arg>${json_data['results'][0]}</arg>
<doc>Logs the given message with the given level.</doc>
<status status="PASS" start="2024-06-28T09:16:08.621734" elapsed="0.000393"/>
</kw>
<kw name="Log" owner="BuiltIn">
<msg time="2024-06-28T09:16:08.622587" level="INFO">email</msg>
<arg>${key}</arg>
<doc>Logs the given message with the given level.</doc>
<status status="PASS" start="2024-06-28T09:16:08.622447" elapsed="0.000178"/>
</kw>
<var name="${key}">email</var>
<status status="PASS" start="2024-06-28T09:16:08.621062" elapsed="0.001777"/>
</iter>
<iter>
<kw name="Dictionary Should Contain Key" owner="Collections">
<arg>${json_data['results'][0]}</arg>
<arg>${key}</arg>
<doc>Fails if ``key`` is not found from ``dictionary``.</doc>
<status status="PASS" start="2024-06-28T09:16:08.623121" elapsed="0.000389"/>
</kw>
<kw name="Log" owner="BuiltIn">
<msg time="2024-06-28T09:16:08.624036" level="INFO">{'gender': 'female', 'name': {'title': 'Ms', 'first': 'Lara', 'last': 'Raja'}, 'location': {'street': {'number': 9912, 'name': 'Husebybakken'}, 'city': 'Bremanger', 'state': 'Sogn og Fjordane', 'country': 'Norway', 'postcode': '4519', 'coordinates': {'latitude': '44.5191', 'longitude': '121.2769'}, 'timezone': {'offset': '+6:00', 'description': 'Almaty, Dhaka, Colombo'}}, 'email': 'lara.raja@example.com', 'login': {'uuid': '8aecf51b-446a-479c-a1d8-199bd422e386', 'username': 'orangebird649', 'password': 'sprite', 'salt': 'qxODJVxh', 'md5': '4748058dfab843bbf09b793bfca9dad2', 'sha1': '212f64dee8dff207d659f0da09a5c59189a8fbac', 'sha256': '4d1ba2b142f47f481e07ee80d0cee2ab837d73f0026e9c613a0b07559bf74a40'}, 'dob': {'date': '1978-03-04T15:35:53.216Z', 'age': 46}, 'registered': {'date': '2016-10-29T10:32:58.801Z', 'age': 7}, 'phone': '31192540', 'cell': '95838746', 'id': {'name': 'FN', 'value': '04037833873'}, 'picture': {'large': 'https://randomuser.me/api/portraits/women/83.jpg', 'medium': 'https://randomuser.me/api/portraits/med/women/83.jpg', 'thumbnail': 'https://randomuser.me/api/portraits/thumb/women/83.jpg'}, 'nat': 'NO'}</msg>
<arg>${json_data['results'][0]}</arg>
<doc>Logs the given message with the given level.</doc>
<status status="PASS" start="2024-06-28T09:16:08.623692" elapsed="0.000391"/>
</kw>
<kw name="Log" owner="BuiltIn">
<msg time="2024-06-28T09:16:08.624501" level="INFO">login</msg>
<arg>${key}</arg>
<doc>Logs the given message with the given level.</doc>
<status status="PASS" start="2024-06-28T09:16:08.624376" elapsed="0.000162"/>
</kw>
<var name="${key}">login</var>
<status status="PASS" start="2024-06-28T09:16:08.623007" elapsed="0.001744"/>
</iter>
<var>${key}</var>
<value>@{expected_keys}</value>
<status status="PASS" start="2024-06-28T09:16:08.615013" elapsed="0.009857"/>
</for>
<kw name="Create List" owner="BuiltIn">
<msg time="2024-06-28T09:16:08.625199" level="INFO">${expected_keysTwo} = ['username', 'password']</msg>
<var>${expected_keysTwo}</var>
<arg>username</arg>
<arg>password</arg>
<doc>Returns a list containing given items.</doc>
<status status="PASS" start="2024-06-28T09:16:08.625060" elapsed="0.000163"/>
</kw>
<for flavor="IN">
<iter>
<kw name="Dictionary Should Contain Key" owner="Collections">
<arg>${json_data['results'][0]['login']}</arg>
<arg>${keyTwo}</arg>
<doc>Fails if ``key`` is not found from ``dictionary``.</doc>
<status status="PASS" start="2024-06-28T09:16:08.625745" elapsed="0.000386"/>
</kw>
<kw name="Dictionary Should Contain Key" owner="Collections">
<arg>${json_data['results'][0]['login']}</arg>
<arg>${keyTwo}</arg>
<doc>Fails if ``key`` is not found from ``dictionary``.</doc>
<status status="PASS" start="2024-06-28T09:16:08.626311" elapsed="0.000410"/>
</kw>
<kw name="Log" owner="BuiltIn">
<msg time="2024-06-28T09:16:08.627028" level="INFO">username</msg>
<arg>${keyTwo}</arg>
<doc>Logs the given message with the given level.</doc>
<status status="PASS" start="2024-06-28T09:16:08.626905" elapsed="0.000160"/>
</kw>
<var name="${keyTwo}">username</var>
<status status="PASS" start="2024-06-28T09:16:08.625639" elapsed="0.001650"/>
</iter>
<iter>
<kw name="Dictionary Should Contain Key" owner="Collections">
<arg>${json_data['results'][0]['login']}</arg>
<arg>${keyTwo}</arg>
<doc>Fails if ``key`` is not found from ``dictionary``.</doc>
<status status="PASS" start="2024-06-28T09:16:08.627567" elapsed="0.000381"/>
</kw>
<kw name="Dictionary Should Contain Key" owner="Collections">
<arg>${json_data['results'][0]['login']}</arg>
<arg>${keyTwo}</arg>
<doc>Fails if ``key`` is not found from ``dictionary``.</doc>
<status status="PASS" start="2024-06-28T09:16:08.628126" elapsed="0.000380"/>
</kw>
<kw name="Log" owner="BuiltIn">
<msg time="2024-06-28T09:16:08.628798" level="INFO">password</msg>
<arg>${keyTwo}</arg>
<doc>Logs the given message with the given level.</doc>
<status status="PASS" start="2024-06-28T09:16:08.628680" elapsed="0.000162"/>
</kw>
<var name="${keyTwo}">password</var>
<status status="PASS" start="2024-06-28T09:16:08.627461" elapsed="0.001695"/>
</iter>
<var>${keyTwo}</var>
<value>@{expected_keysTwo}</value>
<status status="PASS" start="2024-06-28T09:16:08.625486" elapsed="0.003789"/>
</for>
<status status="PASS" start="2024-06-28T09:16:08.520469" elapsed="0.108945"/>
</kw>
<doc>Testa a estrutura da resposta da API.</doc>
<tag>testeEstruturaResposta</tag>
<status status="PASS" start="2024-06-28T09:16:08.519877" elapsed="0.109684"/>
</test>
<test id="s1-s1-t4" name="Validar tipos de dados" line="28">
<kw name="Teste de Tipos de Dados" owner="random-user-service">
<kw name="GET On Session" owner="RequestsLibrary">
<msg time="2024-06-28T09:16:08.708677" level="INFO">GET Request : url=https://randomuser.me/api 
 path_url=/api 
 headers={'User-Agent': 'python-requests/2.32.3', 'Accept-Encoding': 'gzip, deflate', 'Accept': '*/*', 'Connection': 'keep-alive'} 
 body=None 
 </msg>
<msg time="2024-06-28T09:16:08.708747" level="INFO">GET Response : url=https://randomuser.me/api 
 status=200, reason=OK 
 headers={'Date': 'Fri, 28 Jun 2024 09:16:08 GMT', 'Content-Type': 'application/json; charset=utf-8', 'Transfer-Encoding': 'chunked', 'Connection': 'keep-alive', 'X-Powered-By': 'Express', 'Access-Control-Allow-Origin': '*', 'Cache-Control': 'no-cache', 'ETag': 'W/"49f-SgHQrhp9sdGd2aCWNJF2iGgNIzQ"', 'Vary': 'Accept-Encoding', 'Content-Encoding': 'gzip', 'CF-Cache-Status': 'DYNAMIC', 'Report-To': '{"endpoints":[{"url":"https:\\/\\/a.nel.cloudflare.com\\/report\\/v4?s=UmTBPdlh4FH5776iqR%2BU0l6MCEgk4CIlgT1MyS9Fd%2F5TXH1WCpQorjiVG28zT0arn7zlkE%2BmOI1x6IXp6C2D2ApNW6LuhCy6TZTZiF2I7ItZJVQ4S2qukWooWKGAqiLQ"}],"group":"cf-nel","max_age":604800}', 'NEL': '{"success_fraction":0,"report_to":"cf-nel","max_age":604800}', 'Server': 'cloudflare', 'CF-RAY': '89ac9389fbe25b34-IAD', 'alt-svc': 'h3=":443"; ma=86400'} 
 body={"results":[{"gender":"female","name":{"title":"Mrs","first":"Asena","last":"Kranenborg"},"location":{"street":{"number":9317,"name":"Kleine Veer"},"city":"Havelterberg","state":"Noord-Brabant","country":"Netherlands","postcode":"9477 SL","coordinates":{"latitude":"33.1111","longitude":"166.9742"},"timezone":{"offset":"-8:00","description":"Pacific Time (US &amp; Canada)"}},"email":"asena.kranenborg@example.com","login":{"uuid":"1692ee58-c154-48a9-ae37-58ba69bae2cd","username":"lazyfrog571","password":"clevelan","salt":"ewqIOMN3","md5":"555d99393766c0d3bb66f670db645020","sha1":"55c73010339dc5933562eea9d63493c34a0452f6","sha256":"4e1de45854d0da5bec1f89830e00cc13a4f2814ccf5e2bcfc8d6df6d20f36d44"},"dob":{"date":"1986-02-25T05:36:51.781Z","age":38},"registered":{"date":"2015-09-30T12:15:44.568Z","age":8},"phone":"(0983) 428880","cell":"(06) 69626806","id":{"name":"BSN","value":"81079287"},"picture":{"large":"https://randomuser.me/api/portraits/women/36.jpg","medium":"https://randomuser.me/api/portraits/med/women/36.jpg","thumbnail":"https://randomuser.me/api/portraits/thumb/women/36.jpg"},"nat":"NL"}],"info":{"seed":"f240d5513a0b1ea0","results":1,"page":1,"version":"1.4"}} 
 </msg>
<msg time="2024-06-28T09:16:08.708808" level="INFO">/opt/hostedtoolcache/Python/3.12.4/x64/lib/python3.12/site-packages/urllib3/connectionpool.py:1099: InsecureRequestWarning: Unverified HTTPS request is being made to host 'randomuser.me'. Adding certificate verification is strongly advised. See: https://urllib3.readthedocs.io/en/latest/advanced-usage.html#tls-warnings
  warnings.warn(</msg>
<msg time="2024-06-28T09:16:08.708910" level="INFO">${response} = &lt;Response [200]&gt;</msg>
<var>${response}</var>
<arg>consultarAPI</arg>
<arg>/api</arg>
<doc>Sends a GET request on a previously created HTTP Session.</doc>
<status status="PASS" start="2024-06-28T09:16:08.632124" elapsed="0.076826"/>
</kw>
<kw name="Set Variable" owner="BuiltIn">
<msg time="2024-06-28T09:16:08.709983" level="INFO">${json_data} = {'results': [{'gender': 'female', 'name': {'title': 'Mrs', 'first': 'Asena', 'last': 'Kranenborg'}, 'location': {'street': {'number': 9317, 'name': 'Kleine Veer'}, 'city': 'Havelterberg', 'state': 'No...</msg>
<var>${json_data}</var>
<arg>${response.json()}</arg>
<doc>Returns the given values which can then be assigned to a variables.</doc>
<status status="PASS" start="2024-06-28T09:16:08.709415" elapsed="0.000596"/>
</kw>
<kw name="Log" owner="BuiltIn">
<msg time="2024-06-28T09:16:08.710509" level="INFO">{'results': [{'gender': 'female', 'name': {'title': 'Mrs', 'first': 'Asena', 'last': 'Kranenborg'}, 'location': {'street': {'number': 9317, 'name': 'Kleine Veer'}, 'city': 'Havelterberg', 'state': 'Noord-Brabant', 'country': 'Netherlands', 'postcode': '9477 SL', 'coordinates': {'latitude': '33.1111', 'longitude': '166.9742'}, 'timezone': {'offset': '-8:00', 'description': 'Pacific Time (US &amp; Canada)'}}, 'email': 'asena.kranenborg@example.com', 'login': {'uuid': '1692ee58-c154-48a9-ae37-58ba69bae2cd', 'username': 'lazyfrog571', 'password': 'clevelan', 'salt': 'ewqIOMN3', 'md5': '555d99393766c0d3bb66f670db645020', 'sha1': '55c73010339dc5933562eea9d63493c34a0452f6', 'sha256': '4e1de45854d0da5bec1f89830e00cc13a4f2814ccf5e2bcfc8d6df6d20f36d44'}, 'dob': {'date': '1986-02-25T05:36:51.781Z', 'age': 38}, 'registered': {'date': '2015-09-30T12:15:44.568Z', 'age': 8}, 'phone': '(0983) 428880', 'cell': '(06) 69626806', 'id': {'name': 'BSN', 'value': '81079287'}, 'picture': {'large': 'https://randomuser.me/api/portraits/women/36.jpg', 'medium': 'https://randomuser.me/api/portraits/med/women/36.jpg', 'thumbnail': 'https://randomuser.me/api/portraits/thumb/women/36.jpg'}, 'nat': 'NL'}], 'info': {'seed': 'f240d5513a0b1ea0', 'results': 1, 'page': 1, 'version': '1.4'}}</msg>
<arg>${json_data}</arg>
<doc>Logs the given message with the given level.</doc>
<status status="PASS" start="2024-06-28T09:16:08.710321" elapsed="0.000239"/>
</kw>
<kw name="Should Be String" owner="String">
<arg>${json_data['results'][0]['gender']}</arg>
<doc>Fails if the given ``item`` is not a string.</doc>
<status status="PASS" start="2024-06-28T09:16:08.710850" elapsed="0.000365"/>
</kw>
<kw name="Should Match Regexp" owner="BuiltIn">
<arg>${json_data['results'][0]['email']}</arg>
<arg>^[a-zA-Z0-9._%+-]+@[a-zA-Z0-9.-]+\.[a-zA-Z]{2,}$</arg>
<doc>Fails if ``string`` does not match ``pattern`` as a regular expression.</doc>
<status status="PASS" start="2024-06-28T09:16:08.711400" elapsed="0.000506"/>
</kw>
<kw name="Should Match Regexp" owner="BuiltIn">
<arg>${json_data['results'][0]['dob']['date']}</arg>
<arg>\\d{4}-\\d{2}-\\d{2}T\\d{2}:\\d{2}:\\d{2}\\.\\d{3}Z</arg>
<doc>Fails if ``string`` does not match ``pattern`` as a regular expression.</doc>
<status status="PASS" start="2024-06-28T09:16:08.712132" elapsed="0.000486"/>
</kw>
<kw name="Should Match Regexp" owner="BuiltIn">
<arg>${json_data['results'][0]['registered']['date']}</arg>
<arg>\\d{4}-\\d{2}-\\d{2}T\\d{2}:\\d{2}:\\d{2}\\.\\d{3}Z</arg>
<doc>Fails if ``string`` does not match ``pattern`` as a regular expression.</doc>
<status status="PASS" start="2024-06-28T09:16:08.712813" elapsed="0.000370"/>
</kw>
<kw name="Should Match Regexp" owner="BuiltIn">
<arg>${json_data['results'][0]['picture']['large']}</arg>
<arg>^https?://.*\.(?:png|jpe?g|gif|bmp)$</arg>
<doc>Fails if ``string`` does not match ``pattern`` as a regular expression.</doc>
<status status="PASS" start="2024-06-28T09:16:08.713366" elapsed="0.000451"/>
</kw>
<kw name="Should Match Regexp" owner="BuiltIn">
<arg>${json_data['results'][0]['picture']['medium']}</arg>
<arg>^https?://.*\.(?:png|jpe?g|gif|bmp)$</arg>
<doc>Fails if ``string`` does not match ``pattern`` as a regular expression.</doc>
<status status="PASS" start="2024-06-28T09:16:08.714001" elapsed="0.000349"/>
</kw>
<kw name="Should Match Regexp" owner="BuiltIn">
<arg>${json_data['results'][0]['picture']['thumbnail']}</arg>
<arg>^https?://.*\.(?:png|jpe?g|gif|bmp)$</arg>
<doc>Fails if ``string`` does not match ``pattern`` as a regular expression.</doc>
<status status="PASS" start="2024-06-28T09:16:08.714578" elapsed="0.000354"/>
</kw>
<kw name="Log" owner="BuiltIn">
<msg time="2024-06-28T09:16:08.715450" level="INFO">{'large': 'https://randomuser.me/api/portraits/women/36.jpg', 'medium': 'https://randomuser.me/api/portraits/med/women/36.jpg', 'thumbnail': 'https://randomuser.me/api/portraits/thumb/women/36.jpg'}</msg>
<arg>${json_data['results'][0]['picture']}</arg>
<doc>Logs the given message with the given level.</doc>
<status status="PASS" start="2024-06-28T09:16:08.715117" elapsed="0.000374"/>
</kw>
<status status="PASS" start="2024-06-28T09:16:08.631898" elapsed="0.083849"/>
</kw>
<kw name="Teste de Tipos de Dados - Postcode" owner="random-user-service">
<kw name="GET On Session" owner="RequestsLibrary">
<msg time="2024-06-28T09:16:08.817608" level="INFO">GET Request : url=https://randomuser.me/api 
 path_url=/api 
 headers={'User-Agent': 'python-requests/2.32.3', 'Accept-Encoding': 'gzip, deflate', 'Accept': '*/*', 'Connection': 'keep-alive'} 
 body=None 
 </msg>
<msg time="2024-06-28T09:16:08.817677" level="INFO">GET Response : url=https://randomuser.me/api 
 status=200, reason=OK 
 headers={'Date': 'Fri, 28 Jun 2024 09:16:08 GMT', 'Content-Type': 'application/json; charset=utf-8', 'Transfer-Encoding': 'chunked', 'Connection': 'keep-alive', 'X-Powered-By': 'Express', 'Access-Control-Allow-Origin': '*', 'Cache-Control': 'no-cache', 'ETag': 'W/"498-5C83DSI/LvZ7kAaFVfw/rQSpZjA"', 'Vary': 'Accept-Encoding', 'Content-Encoding': 'gzip', 'CF-Cache-Status': 'DYNAMIC', 'Report-To': '{"endpoints":[{"url":"https:\\/\\/a.nel.cloudflare.com\\/report\\/v4?s=UoRyt05uMvUWdeDLPANFnD294la%2FFB%2Bfe3jJgb%2BICbdadEl1ooqQcUU3VFCW%2FwvsI86lamwuZfGI%2Fa%2BsMXokEFliwIjPuASfLF8RwX%2BFaSze8LMhln1hcPfSEv%2BinWOK"}],"group":"cf-nel","max_age":604800}', 'NEL': '{"success_fraction":0,"report_to":"cf-nel","max_age":604800}', 'Server': 'cloudflare', 'CF-RAY': '89ac938a7c235b34-IAD', 'alt-svc': 'h3=":443"; ma=86400'} 
 body={"results":[{"gender":"male","name":{"title":"Mr","first":"Léandro","last":"Lemoine"},"location":{"street":{"number":7540,"name":"Rue du Bât-D'Argent"},"city":"Avignon","state":"Seine-et-Marne","country":"France","postcode":67246,"coordinates":{"latitude":"-17.8205","longitude":"-161.9695"},"timezone":{"offset":"-11:00","description":"Midway Island, Samoa"}},"email":"leandro.lemoine@example.com","login":{"uuid":"881cc2da-4c8a-46ab-9bc2-51519362321c","username":"smallcat428","password":"ralph","salt":"sXHNyPQv","md5":"5a771d9128a4570afad46fd1f95941e8","sha1":"70f1e3e3ad7be376aba5534ae7ef6c3e04672db1","sha256":"dd691a1aab77a7f3199a2a1e2efaefd204ea662b8523e2b2e222c2439a55ab77"},"dob":{"date":"1950-01-15T23:06:01.375Z","age":74},"registered":{"date":"2009-08-28T07:47:01.051Z","age":14},"phone":"04-24-12-10-74","cell":"06-50-96-31-76","id":{"name":"INSEE","value":"1500032261810 24"},"picture":{"large":"https://randomuser.me/api/portraits/men/11.jpg","medium":"https://randomuser.me/api/portraits/med/men/11.jpg","thumbnail":"https://randomuser.me/api/portraits/thumb/men/11.jpg"},"nat":"FR"}],"info":{"seed":"ca5587a6dc814d91","results":1,"page":1,"version":"1.4"}} 
 </msg>
<msg time="2024-06-28T09:16:08.817739" level="INFO">/opt/hostedtoolcache/Python/3.12.4/x64/lib/python3.12/site-packages/urllib3/connectionpool.py:1099: InsecureRequestWarning: Unverified HTTPS request is being made to host 'randomuser.me'. Adding certificate verification is strongly advised. See: https://urllib3.readthedocs.io/en/latest/advanced-usage.html#tls-warnings
  warnings.warn(</msg>
<msg time="2024-06-28T09:16:08.817842" level="INFO">${response} = &lt;Response [200]&gt;</msg>
<var>${response}</var>
<arg>consultarAPI</arg>
<arg>/api</arg>
<doc>Sends a GET request on a previously created HTTP Session.</doc>
<status status="PASS" start="2024-06-28T09:16:08.716181" elapsed="0.101701"/>
</kw>
<kw name="Set Variable" owner="BuiltIn">
<msg time="2024-06-28T09:16:08.818984" level="INFO">${json_data} = {'results': [{'gender': 'male', 'name': {'title': 'Mr', 'first': 'Léandro', 'last': 'Lemoine'}, 'location': {'street': {'number': 7540, 'name': "Rue du Bât-D'Argent"}, 'city': 'Avignon', 'state': 'Sei...</msg>
<var>${json_data}</var>
<arg>${response.json()}</arg>
<doc>Returns the given values which can then be assigned to a variables.</doc>
<status status="PASS" start="2024-06-28T09:16:08.818349" elapsed="0.000664"/>
</kw>
<kw name="Log" owner="BuiltIn">
<msg time="2024-06-28T09:16:08.819486" level="INFO">{'results': [{'gender': 'male', 'name': {'title': 'Mr', 'first': 'Léandro', 'last': 'Lemoine'}, 'location': {'street': {'number': 7540, 'name': "Rue du Bât-D'Argent"}, 'city': 'Avignon', 'state': 'Seine-et-Marne', 'country': 'France', 'postcode': 67246, 'coordinates': {'latitude': '-17.8205', 'longitude': '-161.9695'}, 'timezone': {'offset': '-11:00', 'description': 'Midway Island, Samoa'}}, 'email': 'leandro.lemoine@example.com', 'login': {'uuid': '881cc2da-4c8a-46ab-9bc2-51519362321c', 'username': 'smallcat428', 'password': 'ralph', 'salt': 'sXHNyPQv', 'md5': '5a771d9128a4570afad46fd1f95941e8', 'sha1': '70f1e3e3ad7be376aba5534ae7ef6c3e04672db1', 'sha256': 'dd691a1aab77a7f3199a2a1e2efaefd204ea662b8523e2b2e222c2439a55ab77'}, 'dob': {'date': '1950-01-15T23:06:01.375Z', 'age': 74}, 'registered': {'date': '2009-08-28T07:47:01.051Z', 'age': 14}, 'phone': '04-24-12-10-74', 'cell': '06-50-96-31-76', 'id': {'name': 'INSEE', 'value': '1500032261810 24'}, 'picture': {'large': 'https://randomuser.me/api/portraits/men/11.jpg', 'medium': 'https://randomuser.me/api/portraits/med/men/11.jpg', 'thumbnail': 'https://randomuser.me/api/portraits/thumb/men/11.jpg'}, 'nat': 'FR'}], 'info': {'seed': 'ca5587a6dc814d91', 'results': 1, 'page': 1, 'version': '1.4'}}</msg>
<arg>${json_data}</arg>
<doc>Logs the given message with the given level.</doc>
<status status="PASS" start="2024-06-28T09:16:08.819326" elapsed="0.000207"/>
</kw>
<kw name="Should Be Equal As Numbers" owner="BuiltIn">
<arg>${json_data['results'][0]['location']['postcode']}</arg>
<arg>${json_data['results'][0]['location']['postcode']}</arg>
<doc>Fails if objects are unequal after converting them to real numbers.</doc>
<status status="PASS" start="2024-06-28T09:16:08.819825" elapsed="0.000609"/>
</kw>
<kw name="Log" owner="BuiltIn">
<msg time="2024-06-28T09:16:08.821091" level="INFO">67246</msg>
<arg>${json_data['results'][0]['location']['postcode']}</arg>
<doc>Logs the given message with the given level.</doc>
<status status="PASS" start="2024-06-28T09:16:08.820622" elapsed="0.000510"/>
</kw>
<status status="PASS" start="2024-06-28T09:16:08.715962" elapsed="0.105445"/>
</kw>
<doc>Testa se os tipos de dados na resposta da API estão corretos.</doc>
<tag>testeTiposDados</tag>
<status status="PASS" start="2024-06-28T09:16:08.631341" elapsed="0.190226"/>
</test>
<test id="s1-s1-t5" name="Validar conteudo" line="35">
<kw name="Teste de Tipos de Conteudo" owner="random-user-service">
<kw name="GET On Session" owner="RequestsLibrary">
<msg time="2024-06-28T09:16:08.921164" level="INFO">GET Request : url=https://randomuser.me/api 
 path_url=/api 
 headers={'User-Agent': 'python-requests/2.32.3', 'Accept-Encoding': 'gzip, deflate', 'Accept': '*/*', 'Connection': 'keep-alive'} 
 body=None 
 </msg>
<msg time="2024-06-28T09:16:08.921273" level="INFO">GET Response : url=https://randomuser.me/api 
 status=200, reason=OK 
 headers={'Date': 'Fri, 28 Jun 2024 09:16:08 GMT', 'Content-Type': 'application/json; charset=utf-8', 'Transfer-Encoding': 'chunked', 'Connection': 'keep-alive', 'X-Powered-By': 'Express', 'Access-Control-Allow-Origin': '*', 'Cache-Control': 'no-cache', 'ETag': 'W/"4af-EKT3fGasgRkb7h5lj3koHtSooWE"', 'Vary': 'Accept-Encoding', 'Content-Encoding': 'gzip', 'CF-Cache-Status': 'DYNAMIC', 'Report-To': '{"endpoints":[{"url":"https:\\/\\/a.nel.cloudflare.com\\/report\\/v4?s=i33lyeVsPwvofvOmVKgRLJpgfYvMvsctMyOXmzj6938SuvycxQjjhvgGATyWLolog%2BzT4V2wiB0mHgx1dpIMCwX0kqr8VqxskPmZFnt5B2fsqfVqH%2FiE0dftHC1zMyrB"}],"group":"cf-nel","max_age":604800}', 'NEL': '{"success_fraction":0,"report_to":"cf-nel","max_age":604800}', 'Server': 'cloudflare', 'CF-RAY': '89ac938b2c7a5b34-IAD', 'alt-svc': 'h3=":443"; ma=86400'} 
 body={"results":[{"gender":"female","name":{"title":"Ms","first":"Nesrine","last":"Van der Arend"},"location":{"street":{"number":8044,"name":"Bedelaarspad"},"city":"Jannum","state":"Groningen","country":"Netherlands","postcode":"2912 WZ","coordinates":{"latitude":"35.9253","longitude":"48.5687"},"timezone":{"offset":"+5:00","description":"Ekaterinburg, Islamabad, Karachi, Tashkent"}},"email":"nesrine.vanderarend@example.com","login":{"uuid":"bcfac166-e3a6-48dd-be80-c64453e62d6a","username":"angryrabbit481","password":"justine","salt":"nPzHZYn5","md5":"c18fd3d85b802d9bd14a2cf9c5e11d93","sha1":"9b430ec5edb943eef328b437feec0e4b8d4f62f6","sha256":"0978b793bf4ee92784ee23f7e640df149962e6cc7a062737f6adbaebcda75f88"},"dob":{"date":"1959-02-20T13:34:06.826Z","age":65},"registered":{"date":"2007-07-03T14:38:02.909Z","age":16},"phone":"(0529) 887176","cell":"(06) 65620636","id":{"name":"BSN","value":"48857367"},"picture":{"large":"https://randomuser.me/api/portraits/women/32.jpg","medium":"https://randomuser.me/api/portraits/med/women/32.jpg","thumbnail":"https://randomuser.me/api/portraits/thumb/women/32.jpg"},"nat":"NL"}],"info":{"seed":"8a96c8b3116bd815","results":1,"page":1,"version":"1.4"}} 
 </msg>
<msg time="2024-06-28T09:16:08.921354" level="INFO">/opt/hostedtoolcache/Python/3.12.4/x64/lib/python3.12/site-packages/urllib3/connectionpool.py:1099: InsecureRequestWarning: Unverified HTTPS request is being made to host 'randomuser.me'. Adding certificate verification is strongly advised. See: https://urllib3.readthedocs.io/en/latest/advanced-usage.html#tls-warnings
  warnings.warn(</msg>
<msg time="2024-06-28T09:16:08.921505" level="INFO">${response} = &lt;Response [200]&gt;</msg>
<var>${response}</var>
<arg>consultarAPI</arg>
<arg>/api</arg>
<doc>Sends a GET request on a previously created HTTP Session.</doc>
<status status="PASS" start="2024-06-28T09:16:08.824076" elapsed="0.097477"/>
</kw>
<kw name="Set Variable" owner="BuiltIn">
<msg time="2024-06-28T09:16:08.922755" level="INFO">${json_data} = {'results': [{'gender': 'female', 'name': {'title': 'Ms', 'first': 'Nesrine', 'last': 'Van der Arend'}, 'location': {'street': {'number': 8044, 'name': 'Bedelaarspad'}, 'city': 'Jannum', 'state': 'Gro...</msg>
<var>${json_data}</var>
<arg>${response.json()}</arg>
<doc>Returns the given values which can then be assigned to a variables.</doc>
<status status="PASS" start="2024-06-28T09:16:08.922176" elapsed="0.000607"/>
</kw>
<kw name="Set Variable" owner="BuiltIn">
<msg time="2024-06-28T09:16:08.923465" level="INFO">${name_title} = Ms</msg>
<var>${name_title}</var>
<arg>${json_data["results"][0]["name"]["title"]}</arg>
<doc>Returns the given values which can then be assigned to a variables.</doc>
<status status="PASS" start="2024-06-28T09:16:08.923085" elapsed="0.000405"/>
</kw>
<kw name="Create List" owner="BuiltIn">
<msg time="2024-06-28T09:16:08.923923" level="INFO">${allowed_titles} = ['Mr', 'Ms', 'Miss', 'Mrs', 'Madame', 'Monsieur']</msg>
<var>${allowed_titles}</var>
<arg>Mr</arg>
<arg>Ms</arg>
<arg>Miss</arg>
<arg>Mrs</arg>
<arg>Madame</arg>
<arg>Monsieur</arg>
<doc>Returns a list containing given items.</doc>
<status status="PASS" start="2024-06-28T09:16:08.923777" elapsed="0.000170"/>
</kw>
<kw name="List Should Contain Value" owner="Collections">
<arg>${allowed_titles}</arg>
<arg>${name_title}</arg>
<doc>Fails if the ``value`` is not found from ``list``.</doc>
<status status="PASS" start="2024-06-28T09:16:08.924238" elapsed="0.000178"/>
</kw>
<kw name="Set Variable" owner="BuiltIn">
<msg time="2024-06-28T09:16:08.924963" level="INFO">${name_country} = NL</msg>
<var>${name_country}</var>
<arg>${json_data["results"][0]["nat"]}</arg>
<doc>Returns the given values which can then be assigned to a variables.</doc>
<status status="PASS" start="2024-06-28T09:16:08.924599" elapsed="0.000389"/>
</kw>
<kw name="Create List" owner="BuiltIn">
<msg time="2024-06-28T09:16:08.925867" level="INFO">${list_country} = ['AD', 'AE', 'AF', 'AG', 'AI', 'AL', 'AM', 'AO', 'AQ', 'AR', 'AS', 'AT', 'AU', 'AW', 'AX', 'AZ', 'BA', 'BB', 'BD', 'BE', 'BF', 'BG', 'BH', 'BI', 'BJ', 'BL', 'BM', 'BN', 'BO', 'BQ', 'BR', 'BS', 'BT', '...</msg>
<var>${list_country}</var>
<arg>AD</arg>
<arg>AE</arg>
<arg>AF</arg>
<arg>AG</arg>
<arg>AI</arg>
<arg>AL</arg>
<arg>AM</arg>
<arg>AO</arg>
<arg>AQ</arg>
<arg>AR</arg>
<arg>AS</arg>
<arg>AT</arg>
<arg>AU</arg>
<arg>AW</arg>
<arg>AX</arg>
<arg>AZ</arg>
<arg>BA</arg>
<arg>BB</arg>
<arg>BD</arg>
<arg>BE</arg>
<arg>BF</arg>
<arg>BG</arg>
<arg>BH</arg>
<arg>BI</arg>
<arg>BJ</arg>
<arg>BL</arg>
<arg>BM</arg>
<arg>BN</arg>
<arg>BO</arg>
<arg>BQ</arg>
<arg>BR</arg>
<arg>BS</arg>
<arg>BT</arg>
<arg>BV</arg>
<arg>BW</arg>
<arg>BY</arg>
<arg>BZ</arg>
<arg>CA</arg>
<arg>CC</arg>
<arg>CD</arg>
<arg>CF</arg>
<arg>CG</arg>
<arg>CH</arg>
<arg>CI</arg>
<arg>CK</arg>
<arg>CL</arg>
<arg>CM</arg>
<arg>CN</arg>
<arg>CO</arg>
<arg>CR</arg>
<arg>CU</arg>
<arg>CV</arg>
<arg>CW</arg>
<arg>CX</arg>
<arg>CY</arg>
<arg>CZ</arg>
<arg>DE</arg>
<arg>DJ</arg>
<arg>DK</arg>
<arg>DM</arg>
<arg>DO</arg>
<arg>DZ</arg>
<arg>EC</arg>
<arg>EE</arg>
<arg>EG</arg>
<arg>EH</arg>
<arg>ER</arg>
<arg>ES</arg>
<arg>ET</arg>
<arg>FI</arg>
<arg>FJ</arg>
<arg>FK</arg>
<arg>FM</arg>
<arg>FO</arg>
<arg>FR</arg>
<arg>GA</arg>
<arg>GB</arg>
<arg>GD</arg>
<arg>GE</arg>
<arg>GF</arg>
<arg>GG</arg>
<arg>GH</arg>
<arg>GI</arg>
<arg>GL</arg>
<arg>GM</arg>
<arg>GN</arg>
<arg>GP</arg>
<arg>GQ</arg>
<arg>GR</arg>
<arg>GS</arg>
<arg>GT</arg>
<arg>GU</arg>
<arg>GW</arg>
<arg>GY</arg>
<arg>HK</arg>
<arg>HM</arg>
<arg>HN</arg>
<arg>HR</arg>
<arg>HT</arg>
<arg>HU</arg>
<arg>ID</arg>
<arg>IE</arg>
<arg>IL</arg>
<arg>IM</arg>
<arg>IN</arg>
<arg>IO</arg>
<arg>IQ</arg>
<arg>IR</arg>
<arg>IS</arg>
<arg>IT</arg>
<arg>JE</arg>
<arg>JM</arg>
<arg>JO</arg>
<arg>JP</arg>
<arg>KE</arg>
<arg>KG</arg>
<arg>KH</arg>
<arg>KI</arg>
<arg>KM</arg>
<arg>KN</arg>
<arg>KP</arg>
<arg>KR</arg>
<arg>KW</arg>
<arg>KY</arg>
<arg>KZ</arg>
<arg>LA</arg>
<arg>LB</arg>
<arg>LC</arg>
<arg>LI</arg>
<arg>LK</arg>
<arg>LR</arg>
<arg>LS</arg>
<arg>LT</arg>
<arg>LU</arg>
<arg>LV</arg>
<arg>LY</arg>
<arg>MA</arg>
<arg>MC</arg>
<arg>MD</arg>
<arg>ME</arg>
<arg>MF</arg>
<arg>MG</arg>
<arg>MH</arg>
<arg>MK</arg>
<arg>ML</arg>
<arg>MM</arg>
<arg>MN</arg>
<arg>MO</arg>
<arg>MP</arg>
<arg>MQ</arg>
<arg>MR</arg>
<arg>MS</arg>
<arg>MT</arg>
<arg>MU</arg>
<arg>MV</arg>
<arg>MW</arg>
<arg>MX</arg>
<arg>MY</arg>
<arg>MZ</arg>
<arg>NA</arg>
<arg>NC</arg>
<arg>NE</arg>
<arg>NF</arg>
<arg>NG</arg>
<arg>NI</arg>
<arg>NL</arg>
<arg>NO</arg>
<arg>NP</arg>
<arg>NR</arg>
<arg>NU</arg>
<arg>NZ</arg>
<arg>OM</arg>
<arg>PA</arg>
<arg>PE</arg>
<arg>PF</arg>
<arg>PG</arg>
<arg>PH</arg>
<arg>PK</arg>
<arg>PL</arg>
<arg>PM</arg>
<arg>PN</arg>
<arg>PR</arg>
<arg>PS</arg>
<arg>PT</arg>
<arg>PW</arg>
<arg>PY</arg>
<arg>QA</arg>
<arg>RE</arg>
<arg>RO</arg>
<arg>RS</arg>
<arg>RU</arg>
<arg>RW</arg>
<arg>SA</arg>
<arg>SB</arg>
<arg>SC</arg>
<arg>SD</arg>
<arg>SE</arg>
<arg>SG</arg>
<arg>SH</arg>
<arg>SI</arg>
<arg>SJ</arg>
<arg>SK</arg>
<arg>SL</arg>
<arg>SM</arg>
<arg>SN</arg>
<arg>SO</arg>
<arg>SR</arg>
<arg>SS</arg>
<arg>ST</arg>
<arg>SV</arg>
<arg>SX</arg>
<arg>SY</arg>
<arg>SZ</arg>
<arg>TC</arg>
<arg>TD</arg>
<arg>TF</arg>
<arg>TG</arg>
<arg>TH</arg>
<arg>TJ</arg>
<arg>TK</arg>
<arg>TL</arg>
<arg>TM</arg>
<arg>TN</arg>
<arg>TO</arg>
<arg>TR</arg>
<arg>TT</arg>
<arg>TV</arg>
<arg>TW</arg>
<arg>TZ</arg>
<arg>UA</arg>
<arg>UG</arg>
<arg>UM</arg>
<arg>US</arg>
<arg>UY</arg>
<arg>UZ</arg>
<arg>VA</arg>
<arg>VC</arg>
<arg>VE</arg>
<arg>VG</arg>
<arg>VI</arg>
<arg>VN</arg>
<arg>VU</arg>
<arg>WF</arg>
<arg>WS</arg>
<arg>XK</arg>
<arg>YE</arg>
<arg>YT</arg>
<arg>ZA</arg>
<arg>ZM</arg>
<arg>ZW</arg>
<doc>Returns a list containing given items.</doc>
<status status="PASS" start="2024-06-28T09:16:08.925277" elapsed="0.000615"/>
</kw>
<kw name="List Should Contain Value" owner="Collections">
<arg>${list_country}</arg>
<arg>${name_country}</arg>
<doc>Fails if the ``value`` is not found from ``list``.</doc>
<status status="PASS" start="2024-06-28T09:16:08.926716" elapsed="0.000202"/>
</kw>
<kw name="Run Keyword If" owner="BuiltIn">
<kw name="Should Be True" owner="BuiltIn">
<arg>${True}</arg>
<doc>Fails if the given condition is not true.</doc>
<status status="PASS" start="2024-06-28T09:16:08.927846" elapsed="0.000142"/>
</kw>
<arg>${json_data["results"][0]["location"]["coordinates"]["latitude"]} &gt;= -90 and ${json_data["results"][0]["location"]["coordinates"]["latitude"]} &lt;= 90</arg>
<arg>Should Be True</arg>
<arg>${True}</arg>
<doc>Runs the given keyword with the given arguments, if ``condition`` is true.</doc>
<status status="PASS" start="2024-06-28T09:16:08.927110" elapsed="0.001001"/>
</kw>
<kw name="Run Keyword If" owner="BuiltIn">
<kw name="Should Be True" owner="BuiltIn">
<arg>${True}</arg>
<doc>Fails if the given condition is not true.</doc>
<status status="PASS" start="2024-06-28T09:16:08.928970" elapsed="0.000235"/>
</kw>
<arg>${json_data["results"][0]["location"]["coordinates"]["longitude"]} &gt;= -180 and ${json_data["results"][0]["location"]["coordinates"]["longitude"]} &lt;= 180</arg>
<arg>Should Be True</arg>
<arg>${True}</arg>
<doc>Runs the given keyword with the given arguments, if ``condition`` is true.</doc>
<status status="PASS" start="2024-06-28T09:16:08.928287" elapsed="0.001045"/>
</kw>
<status status="PASS" start="2024-06-28T09:16:08.823855" elapsed="0.105607"/>
</kw>
<doc>Testa o conteúdo específico dos campos retornados pela API.</doc>
<tag>testeConteudo</tag>
<status status="PASS" start="2024-06-28T09:16:08.823347" elapsed="0.106265"/>
</test>
<status status="PASS" start="2024-06-28T09:16:08.012544" elapsed="0.919074"/>
</suite>
<status status="PASS" start="2024-06-28T09:16:07.998184" elapsed="0.938467"/>
</suite>
<statistics>
<total>
<stat pass="5" fail="0" skip="0">All Tests</stat>
</total>
<tag>
<stat pass="1" fail="0" skip="0">testeConteudo</stat>
<stat pass="1" fail="0" skip="0">testeEstruturaResposta</stat>
<stat pass="1" fail="0" skip="0">testeRequisicaoBasica</stat>
<stat pass="1" fail="0" skip="0">testeTiposDados</stat>
</tag>
<suite>
<stat pass="5" fail="0" skip="0" id="s1" name="Tests">Tests</stat>
<stat pass="5" fail="0" skip="0" id="s1-s1" name="Random-User-Test">Tests.Random-User-Test</stat>
</suite>
</statistics>
<errors>
</errors>
</robot>
