<?xml version="1.0" encoding="UTF-8"?>
<robot generator="Robot 7.0.1 (Python 3.12.4 on linux)" generated="2024-07-21T10:15:39.724992" rpa="false" schemaversion="5">
<suite id="s1" name="Tests" source="/home/runner/work/ApiRandomUser/ApiRandomUser/RamdonUser/tests">
<suite id="s1-s1" name="Random-User-Test" source="/home/runner/work/ApiRandomUser/ApiRandomUser/RamdonUser/tests/random-user-test.robot">
<test id="s1-s1-t1" name="Conectar" line="13">
<kw name="Conectar API" owner="random-user-service">
<kw name="Create Session" owner="RequestsLibrary">
<msg time="2024-07-21T10:15:40.115920" level="INFO">Creating Session using : alias=consultarAPI, url=https://randomuser.me/, headers={},                     cookies={}, auth=None, timeout=None, proxies=None, verify=False,                     debug=0 </msg>
<arg>consultarAPI</arg>
<arg>${URL}</arg>
<doc>Create Session: create a HTTP session to a server</doc>
<status status="PASS" start="2024-07-21T10:15:40.115737" elapsed="0.000346"/>
</kw>
<status status="PASS" start="2024-07-21T10:15:40.114792" elapsed="0.001652"/>
</kw>
<status status="PASS" start="2024-07-21T10:15:40.114337" elapsed="0.002295"/>
</test>
<test id="s1-s1-t2" name="Validar retorno 200 e JSON Válido" line="16">
<kw name="Teste de Requisicao Basica" owner="random-user-service">
<kw name="GET On Session" owner="RequestsLibrary">
<msg time="2024-07-21T10:15:40.399600" level="INFO">GET Request : url=https://randomuser.me/api 
 path_url=/api 
 headers={'User-Agent': 'python-requests/2.32.3', 'Accept-Encoding': 'gzip, deflate', 'Accept': '*/*', 'Connection': 'keep-alive'} 
 body=None 
 </msg>
<msg time="2024-07-21T10:15:40.399749" level="INFO">GET Response : url=https://randomuser.me/api 
 status=200, reason=OK 
 headers={'Date': 'Sun, 21 Jul 2024 10:15:40 GMT', 'Content-Type': 'application/json; charset=utf-8', 'Transfer-Encoding': 'chunked', 'Connection': 'keep-alive', 'X-Powered-By': 'Express', 'Access-Control-Allow-Origin': '*', 'Cache-Control': 'no-cache', 'ETag': 'W/"4ab-keaO7dFjSkQEP7d15R4Qjvd50Wc"', 'Vary': 'Accept-Encoding', 'Content-Encoding': 'gzip', 'CF-Cache-Status': 'DYNAMIC', 'Report-To': '{"endpoints":[{"url":"https:\\/\\/a.nel.cloudflare.com\\/report\\/v4?s=pT8Pm%2FMR5pUkdpImBAfO9KriIzkUqDIPA6290K2of3MLEFOZwk16urf8R%2FJsTJqS67dnGhFAEQjllRM9uuZIogBdvyI2M%2FOu6hx2yWGjf22bNAywYD14tIkdfPT4JYGu"}],"group":"cf-nel","max_age":604800}', 'NEL': '{"success_fraction":0,"report_to":"cf-nel","max_age":604800}', 'Server': 'cloudflare', 'CF-RAY': '8a6a6e5cfb07e836-DFW', 'alt-svc': 'h3=":443"; ma=86400'} 
 body={"results":[{"gender":"female","name":{"title":"Ms","first":"Katharina","last":"Molitor"},"location":{"street":{"number":915,"name":"Im Winkel"},"city":"Schorndorf","state":"Mecklenburg-Vorpommern","country":"Germany","postcode":63361,"coordinates":{"latitude":"-48.6008","longitude":"108.5451"},"timezone":{"offset":"+5:30","description":"Bombay, Calcutta, Madras, New Delhi"}},"email":"katharina.molitor@example.com","login":{"uuid":"89db16c7-9666-4204-952b-a6a6987e3ea6","username":"redostrich481","password":"bian","salt":"yyAicqMw","md5":"fe8335497ba9861235899caf22f6e92b","sha1":"dd47f9815463b116680dbfc3b9ab8b8725127481","sha256":"5da9aac6d2846feb62840452314e7231f0407bdaade3da23020d046267c1a8ed"},"dob":{"date":"1983-03-28T03:58:04.873Z","age":41},"registered":{"date":"2009-12-28T14:41:20.947Z","age":14},"phone":"0549-2963436","cell":"0174-7783178","id":{"name":"SVNR","value":"46 270383 M 996"},"picture":{"large":"https://randomuser.me/api/portraits/women/59.jpg","medium":"https://randomuser.me/api/portraits/med/women/59.jpg","thumbnail":"https://randomuser.me/api/portraits/thumb/women/59.jpg"},"nat":"DE"}],"info":{"seed":"9bfcdc975179683e","results":1,"page":1,"version":"1.4"}} 
 </msg>
<msg time="2024-07-21T10:15:40.399821" level="INFO">/opt/hostedtoolcache/Python/3.12.4/x64/lib/python3.12/site-packages/urllib3/connectionpool.py:1099: InsecureRequestWarning: Unverified HTTPS request is being made to host 'randomuser.me'. Adding certificate verification is strongly advised. See: https://urllib3.readthedocs.io/en/latest/advanced-usage.html#tls-warnings
  warnings.warn(</msg>
<msg time="2024-07-21T10:15:40.399942" level="INFO">${response} = &lt;Response [200]&gt;</msg>
<var>${response}</var>
<arg>consultarAPI</arg>
<arg>/api</arg>
<doc>Sends a GET request on a previously created HTTP Session.</doc>
<status status="PASS" start="2024-07-21T10:15:40.119146" elapsed="0.280841"/>
</kw>
<kw name="Should Be Equal As Numbers" owner="BuiltIn">
<msg time="2024-07-21T10:15:40.401002" level="INFO">Argument types are:
&lt;class 'int'&gt;
&lt;class 'str'&gt;</msg>
<arg>${response.status_code}</arg>
<arg>200</arg>
<doc>Fails if objects are unequal after converting them to real numbers.</doc>
<status status="PASS" start="2024-07-21T10:15:40.400529" elapsed="0.000537"/>
</kw>
<kw name="Log" owner="BuiltIn">
<msg time="2024-07-21T10:15:40.401736" level="INFO">200</msg>
<arg>${response.status_code}</arg>
<doc>Logs the given message with the given level.</doc>
<status status="PASS" start="2024-07-21T10:15:40.401381" elapsed="0.000398"/>
</kw>
<kw name="Set Variable" owner="BuiltIn">
<msg time="2024-07-21T10:15:40.402506" level="INFO">${json_data} = {'results': [{'gender': 'female', 'name': {'title': 'Ms', 'first': 'Katharina', 'last': 'Molitor'}, 'location': {'street': {'number': 915, 'name': 'Im Winkel'}, 'city': 'Schorndorf', 'state': 'Mecklen...</msg>
<var>${json_data}</var>
<arg>${response.json()}</arg>
<doc>Returns the given values which can then be assigned to a variables.</doc>
<status status="PASS" start="2024-07-21T10:15:40.402081" elapsed="0.000454"/>
</kw>
<kw name="Dictionary Should Contain Key" owner="Collections">
<arg>${json_data}</arg>
<arg>results</arg>
<doc>Fails if ``key`` is not found from ``dictionary``.</doc>
<status status="PASS" start="2024-07-21T10:15:40.402834" elapsed="0.000296"/>
</kw>
<status status="PASS" start="2024-07-21T10:15:40.118907" elapsed="0.284371"/>
</kw>
<doc>Testa se a API responde corretamente e retorna um objeto JSON válido.</doc>
<tag>testeRequisicaoBasica</tag>
<status status="PASS" start="2024-07-21T10:15:40.118437" elapsed="0.285006"/>
</test>
<test id="s1-s1-t3" name="Validar estrutura de resposta" line="22">
<kw name="Teste de Estrutura de Resposta" owner="random-user-service">
<kw name="GET On Session" owner="RequestsLibrary">
<msg time="2024-07-21T10:15:40.493968" level="INFO">GET Request : url=https://randomuser.me/api 
 path_url=/api 
 headers={'User-Agent': 'python-requests/2.32.3', 'Accept-Encoding': 'gzip, deflate', 'Accept': '*/*', 'Connection': 'keep-alive'} 
 body=None 
 </msg>
<msg time="2024-07-21T10:15:40.494036" level="INFO">GET Response : url=https://randomuser.me/api 
 status=200, reason=OK 
 headers={'Date': 'Sun, 21 Jul 2024 10:15:40 GMT', 'Content-Type': 'application/json; charset=utf-8', 'Transfer-Encoding': 'chunked', 'Connection': 'keep-alive', 'X-Powered-By': 'Express', 'Access-Control-Allow-Origin': '*', 'Cache-Control': 'no-cache', 'ETag': 'W/"47d-X2IZAvW11bneS7aN81vqo10H8PY"', 'Vary': 'Accept-Encoding', 'Content-Encoding': 'gzip', 'CF-Cache-Status': 'DYNAMIC', 'Report-To': '{"endpoints":[{"url":"https:\\/\\/a.nel.cloudflare.com\\/report\\/v4?s=%2BXH%2FQyTFlGCTDHo7I%2FoLzVB8us0DqaLSB93rbBi1zFGfMp32pxn2nBoMSs4oZIKZJbX0SYSq66zr50kRUCLBHRySZJJR29OKGQklYWWKBjuLwuhzF3CpjYKo4mamAGt5"}],"group":"cf-nel","max_age":604800}', 'NEL': '{"success_fraction":0,"report_to":"cf-nel","max_age":604800}', 'Server': 'cloudflare', 'CF-RAY': '8a6a6e5d9b50e836-DFW', 'alt-svc': 'h3=":443"; ma=86400'} 
 body={"results":[{"gender":"male","name":{"title":"Mr","first":"حامد","last":"کریمی"},"location":{"street":{"number":3649,"name":"امام خمینی"},"city":"اراک","state":"قزوین","country":"Iran","postcode":52915,"coordinates":{"latitude":"16.2823","longitude":"-116.7156"},"timezone":{"offset":"-11:00","description":"Midway Island, Samoa"}},"email":"hmd.khrymy@example.com","login":{"uuid":"5d051087-11d3-4410-893f-ef2221eef0d7","username":"brownzebra897","password":"medical","salt":"heZoqecX","md5":"10f0d1b824891a36e147149c6210983b","sha1":"54b951b8f71448ea9e1f59f2cebbb25d5fb1aeb2","sha256":"7094ac648bf4f6cfa81def8c7ef53d82141a255dc97e745eeac23cfa94131f2c"},"dob":{"date":"2000-07-22T18:32:31.416Z","age":23},"registered":{"date":"2005-12-20T22:52:54.582Z","age":18},"phone":"011-99908465","cell":"0935-594-2346","id":{"name":"","value":null},"picture":{"large":"https://randomuser.me/api/portraits/men/16.jpg","medium":"https://randomuser.me/api/portraits/med/men/16.jpg","thumbnail":"https://randomuser.me/api/portraits/thumb/men/16.jpg"},"nat":"IR"}],"info":{"seed":"de2d44f995829b27","results":1,"page":1,"version":"1.4"}} 
 </msg>
<msg time="2024-07-21T10:15:40.494150" level="INFO">/opt/hostedtoolcache/Python/3.12.4/x64/lib/python3.12/site-packages/urllib3/connectionpool.py:1099: InsecureRequestWarning: Unverified HTTPS request is being made to host 'randomuser.me'. Adding certificate verification is strongly advised. See: https://urllib3.readthedocs.io/en/latest/advanced-usage.html#tls-warnings
  warnings.warn(</msg>
<msg time="2024-07-21T10:15:40.494301" level="INFO">${response} = &lt;Response [200]&gt;</msg>
<var>${response}</var>
<arg>consultarAPI</arg>
<arg>/api</arg>
<doc>Sends a GET request on a previously created HTTP Session.</doc>
<status status="PASS" start="2024-07-21T10:15:40.406104" elapsed="0.088255"/>
</kw>
<kw name="Set Variable" owner="BuiltIn">
<msg time="2024-07-21T10:15:40.495587" level="INFO">${json_data} = {'results': [{'gender': 'male', 'name': {'title': 'Mr', 'first': 'حامد', 'last': 'کریمی'}, 'location': {'street': {'number': 3649, 'name': 'امام خمینی'}, 'city': 'اراک', 'state': 'قزوین', 'country': '...</msg>
<var>${json_data}</var>
<arg>${response.json()}</arg>
<doc>Returns the given values which can then be assigned to a variables.</doc>
<status status="PASS" start="2024-07-21T10:15:40.494975" elapsed="0.000643"/>
</kw>
<kw name="Log" owner="BuiltIn">
<msg time="2024-07-21T10:15:40.496072" level="INFO">{'results': [{'gender': 'male', 'name': {'title': 'Mr', 'first': 'حامد', 'last': 'کریمی'}, 'location': {'street': {'number': 3649, 'name': 'امام خمینی'}, 'city': 'اراک', 'state': 'قزوین', 'country': 'Iran', 'postcode': 52915, 'coordinates': {'latitude': '16.2823', 'longitude': '-116.7156'}, 'timezone': {'offset': '-11:00', 'description': 'Midway Island, Samoa'}}, 'email': 'hmd.khrymy@example.com', 'login': {'uuid': '5d051087-11d3-4410-893f-ef2221eef0d7', 'username': 'brownzebra897', 'password': 'medical', 'salt': 'heZoqecX', 'md5': '10f0d1b824891a36e147149c6210983b', 'sha1': '54b951b8f71448ea9e1f59f2cebbb25d5fb1aeb2', 'sha256': '7094ac648bf4f6cfa81def8c7ef53d82141a255dc97e745eeac23cfa94131f2c'}, 'dob': {'date': '2000-07-22T18:32:31.416Z', 'age': 23}, 'registered': {'date': '2005-12-20T22:52:54.582Z', 'age': 18}, 'phone': '011-99908465', 'cell': '0935-594-2346', 'id': {'name': '', 'value': None}, 'picture': {'large': 'https://randomuser.me/api/portraits/men/16.jpg', 'medium': 'https://randomuser.me/api/portraits/med/men/16.jpg', 'thumbnail': 'https://randomuser.me/api/portraits/thumb/men/16.jpg'}, 'nat': 'IR'}], 'info': {'seed': 'de2d44f995829b27', 'results': 1, 'page': 1, 'version': '1.4'}}</msg>
<arg>${json_data}</arg>
<doc>Logs the given message with the given level.</doc>
<status status="PASS" start="2024-07-21T10:15:40.495922" elapsed="0.000198"/>
</kw>
<kw name="Dictionary Should Contain Key" owner="Collections">
<arg>${json_data}</arg>
<arg>results</arg>
<doc>Fails if ``key`` is not found from ``dictionary``.</doc>
<status status="PASS" start="2024-07-21T10:15:40.496416" elapsed="0.000145"/>
</kw>
<kw name="Should Not Be Empty" owner="BuiltIn">
<msg time="2024-07-21T10:15:40.496856" level="INFO">Length is 2.</msg>
<arg>${json_data}</arg>
<doc>Verifies that the given item is not empty.</doc>
<status status="PASS" start="2024-07-21T10:15:40.496728" elapsed="0.000166"/>
</kw>
<kw name="Create List" owner="BuiltIn">
<msg time="2024-07-21T10:15:40.497347" level="INFO">${expected_keys} = ['gender', 'name', 'location', 'email', 'login']</msg>
<var>${expected_keys}</var>
<arg>gender</arg>
<arg>name</arg>
<arg>location</arg>
<arg>email</arg>
<arg>login</arg>
<doc>Returns a list containing given items.</doc>
<status status="PASS" start="2024-07-21T10:15:40.497196" elapsed="0.000175"/>
</kw>
<for flavor="IN">
<iter>
<kw name="Dictionary Should Contain Key" owner="Collections">
<arg>${json_data['results'][0]}</arg>
<arg>${key}</arg>
<doc>Fails if ``key`` is not found from ``dictionary``.</doc>
<status status="PASS" start="2024-07-21T10:15:40.497923" elapsed="0.000405"/>
</kw>
<kw name="Log" owner="BuiltIn">
<msg time="2024-07-21T10:15:40.498865" level="INFO">{'gender': 'male', 'name': {'title': 'Mr', 'first': 'حامد', 'last': 'کریمی'}, 'location': {'street': {'number': 3649, 'name': 'امام خمینی'}, 'city': 'اراک', 'state': 'قزوین', 'country': 'Iran', 'postcode': 52915, 'coordinates': {'latitude': '16.2823', 'longitude': '-116.7156'}, 'timezone': {'offset': '-11:00', 'description': 'Midway Island, Samoa'}}, 'email': 'hmd.khrymy@example.com', 'login': {'uuid': '5d051087-11d3-4410-893f-ef2221eef0d7', 'username': 'brownzebra897', 'password': 'medical', 'salt': 'heZoqecX', 'md5': '10f0d1b824891a36e147149c6210983b', 'sha1': '54b951b8f71448ea9e1f59f2cebbb25d5fb1aeb2', 'sha256': '7094ac648bf4f6cfa81def8c7ef53d82141a255dc97e745eeac23cfa94131f2c'}, 'dob': {'date': '2000-07-22T18:32:31.416Z', 'age': 23}, 'registered': {'date': '2005-12-20T22:52:54.582Z', 'age': 18}, 'phone': '011-99908465', 'cell': '0935-594-2346', 'id': {'name': '', 'value': None}, 'picture': {'large': 'https://randomuser.me/api/portraits/men/16.jpg', 'medium': 'https://randomuser.me/api/portraits/med/men/16.jpg', 'thumbnail': 'https://randomuser.me/api/portraits/thumb/men/16.jpg'}, 'nat': 'IR'}</msg>
<arg>${json_data['results'][0]}</arg>
<doc>Logs the given message with the given level.</doc>
<status status="PASS" start="2024-07-21T10:15:40.498512" elapsed="0.000406"/>
</kw>
<kw name="Log" owner="BuiltIn">
<msg time="2024-07-21T10:15:40.499318" level="INFO">gender</msg>
<arg>${key}</arg>
<doc>Logs the given message with the given level.</doc>
<status status="PASS" start="2024-07-21T10:15:40.499196" elapsed="0.000159"/>
</kw>
<var name="${key}">gender</var>
<status status="PASS" start="2024-07-21T10:15:40.497799" elapsed="0.001767"/>
</iter>
<iter>
<kw name="Dictionary Should Contain Key" owner="Collections">
<arg>${json_data['results'][0]}</arg>
<arg>${key}</arg>
<doc>Fails if ``key`` is not found from ``dictionary``.</doc>
<status status="PASS" start="2024-07-21T10:15:40.499855" elapsed="0.000387"/>
</kw>
<kw name="Log" owner="BuiltIn">
<msg time="2024-07-21T10:15:40.500827" level="INFO">{'gender': 'male', 'name': {'title': 'Mr', 'first': 'حامد', 'last': 'کریمی'}, 'location': {'street': {'number': 3649, 'name': 'امام خمینی'}, 'city': 'اراک', 'state': 'قزوین', 'country': 'Iran', 'postcode': 52915, 'coordinates': {'latitude': '16.2823', 'longitude': '-116.7156'}, 'timezone': {'offset': '-11:00', 'description': 'Midway Island, Samoa'}}, 'email': 'hmd.khrymy@example.com', 'login': {'uuid': '5d051087-11d3-4410-893f-ef2221eef0d7', 'username': 'brownzebra897', 'password': 'medical', 'salt': 'heZoqecX', 'md5': '10f0d1b824891a36e147149c6210983b', 'sha1': '54b951b8f71448ea9e1f59f2cebbb25d5fb1aeb2', 'sha256': '7094ac648bf4f6cfa81def8c7ef53d82141a255dc97e745eeac23cfa94131f2c'}, 'dob': {'date': '2000-07-22T18:32:31.416Z', 'age': 23}, 'registered': {'date': '2005-12-20T22:52:54.582Z', 'age': 18}, 'phone': '011-99908465', 'cell': '0935-594-2346', 'id': {'name': '', 'value': None}, 'picture': {'large': 'https://randomuser.me/api/portraits/men/16.jpg', 'medium': 'https://randomuser.me/api/portraits/med/men/16.jpg', 'thumbnail': 'https://randomuser.me/api/portraits/thumb/men/16.jpg'}, 'nat': 'IR'}</msg>
<arg>${json_data['results'][0]}</arg>
<doc>Logs the given message with the given level.</doc>
<status status="PASS" start="2024-07-21T10:15:40.500468" elapsed="0.000444"/>
</kw>
<kw name="Log" owner="BuiltIn">
<msg time="2024-07-21T10:15:40.501335" level="INFO">name</msg>
<arg>${key}</arg>
<doc>Logs the given message with the given level.</doc>
<status status="PASS" start="2024-07-21T10:15:40.501209" elapsed="0.000163"/>
</kw>
<var name="${key}">name</var>
<status status="PASS" start="2024-07-21T10:15:40.499745" elapsed="0.001839"/>
</iter>
<iter>
<kw name="Dictionary Should Contain Key" owner="Collections">
<arg>${json_data['results'][0]}</arg>
<arg>${key}</arg>
<doc>Fails if ``key`` is not found from ``dictionary``.</doc>
<status status="PASS" start="2024-07-21T10:15:40.501861" elapsed="0.000388"/>
</kw>
<kw name="Log" owner="BuiltIn">
<msg time="2024-07-21T10:15:40.502784" level="INFO">{'gender': 'male', 'name': {'title': 'Mr', 'first': 'حامد', 'last': 'کریمی'}, 'location': {'street': {'number': 3649, 'name': 'امام خمینی'}, 'city': 'اراک', 'state': 'قزوین', 'country': 'Iran', 'postcode': 52915, 'coordinates': {'latitude': '16.2823', 'longitude': '-116.7156'}, 'timezone': {'offset': '-11:00', 'description': 'Midway Island, Samoa'}}, 'email': 'hmd.khrymy@example.com', 'login': {'uuid': '5d051087-11d3-4410-893f-ef2221eef0d7', 'username': 'brownzebra897', 'password': 'medical', 'salt': 'heZoqecX', 'md5': '10f0d1b824891a36e147149c6210983b', 'sha1': '54b951b8f71448ea9e1f59f2cebbb25d5fb1aeb2', 'sha256': '7094ac648bf4f6cfa81def8c7ef53d82141a255dc97e745eeac23cfa94131f2c'}, 'dob': {'date': '2000-07-22T18:32:31.416Z', 'age': 23}, 'registered': {'date': '2005-12-20T22:52:54.582Z', 'age': 18}, 'phone': '011-99908465', 'cell': '0935-594-2346', 'id': {'name': '', 'value': None}, 'picture': {'large': 'https://randomuser.me/api/portraits/men/16.jpg', 'medium': 'https://randomuser.me/api/portraits/med/men/16.jpg', 'thumbnail': 'https://randomuser.me/api/portraits/thumb/men/16.jpg'}, 'nat': 'IR'}</msg>
<arg>${json_data['results'][0]}</arg>
<doc>Logs the given message with the given level.</doc>
<status status="PASS" start="2024-07-21T10:15:40.502434" elapsed="0.000402"/>
</kw>
<kw name="Log" owner="BuiltIn">
<msg time="2024-07-21T10:15:40.503223" level="INFO">location</msg>
<arg>${key}</arg>
<doc>Logs the given message with the given level.</doc>
<status status="PASS" start="2024-07-21T10:15:40.503110" elapsed="0.000146"/>
</kw>
<var name="${key}">location</var>
<status status="PASS" start="2024-07-21T10:15:40.501755" elapsed="0.001693"/>
</iter>
<iter>
<kw name="Dictionary Should Contain Key" owner="Collections">
<arg>${json_data['results'][0]}</arg>
<arg>${key}</arg>
<doc>Fails if ``key`` is not found from ``dictionary``.</doc>
<status status="PASS" start="2024-07-21T10:15:40.503696" elapsed="0.000341"/>
</kw>
<kw name="Log" owner="BuiltIn">
<msg time="2024-07-21T10:15:40.504675" level="INFO">{'gender': 'male', 'name': {'title': 'Mr', 'first': 'حامد', 'last': 'کریمی'}, 'location': {'street': {'number': 3649, 'name': 'امام خمینی'}, 'city': 'اراک', 'state': 'قزوین', 'country': 'Iran', 'postcode': 52915, 'coordinates': {'latitude': '16.2823', 'longitude': '-116.7156'}, 'timezone': {'offset': '-11:00', 'description': 'Midway Island, Samoa'}}, 'email': 'hmd.khrymy@example.com', 'login': {'uuid': '5d051087-11d3-4410-893f-ef2221eef0d7', 'username': 'brownzebra897', 'password': 'medical', 'salt': 'heZoqecX', 'md5': '10f0d1b824891a36e147149c6210983b', 'sha1': '54b951b8f71448ea9e1f59f2cebbb25d5fb1aeb2', 'sha256': '7094ac648bf4f6cfa81def8c7ef53d82141a255dc97e745eeac23cfa94131f2c'}, 'dob': {'date': '2000-07-22T18:32:31.416Z', 'age': 23}, 'registered': {'date': '2005-12-20T22:52:54.582Z', 'age': 18}, 'phone': '011-99908465', 'cell': '0935-594-2346', 'id': {'name': '', 'value': None}, 'picture': {'large': 'https://randomuser.me/api/portraits/men/16.jpg', 'medium': 'https://randomuser.me/api/portraits/med/men/16.jpg', 'thumbnail': 'https://randomuser.me/api/portraits/thumb/men/16.jpg'}, 'nat': 'IR'}</msg>
<arg>${json_data['results'][0]}</arg>
<doc>Logs the given message with the given level.</doc>
<status status="PASS" start="2024-07-21T10:15:40.504331" elapsed="0.000391"/>
</kw>
<kw name="Log" owner="BuiltIn">
<msg time="2024-07-21T10:15:40.505107" level="INFO">email</msg>
<arg>${key}</arg>
<doc>Logs the given message with the given level.</doc>
<status status="PASS" start="2024-07-21T10:15:40.504992" elapsed="0.000148"/>
</kw>
<var name="${key}">email</var>
<status status="PASS" start="2024-07-21T10:15:40.503600" elapsed="0.001734"/>
</iter>
<iter>
<kw name="Dictionary Should Contain Key" owner="Collections">
<arg>${json_data['results'][0]}</arg>
<arg>${key}</arg>
<doc>Fails if ``key`` is not found from ``dictionary``.</doc>
<status status="PASS" start="2024-07-21T10:15:40.505588" elapsed="0.000339"/>
</kw>
<kw name="Log" owner="BuiltIn">
<msg time="2024-07-21T10:15:40.506407" level="INFO">{'gender': 'male', 'name': {'title': 'Mr', 'first': 'حامد', 'last': 'کریمی'}, 'location': {'street': {'number': 3649, 'name': 'امام خمینی'}, 'city': 'اراک', 'state': 'قزوین', 'country': 'Iran', 'postcode': 52915, 'coordinates': {'latitude': '16.2823', 'longitude': '-116.7156'}, 'timezone': {'offset': '-11:00', 'description': 'Midway Island, Samoa'}}, 'email': 'hmd.khrymy@example.com', 'login': {'uuid': '5d051087-11d3-4410-893f-ef2221eef0d7', 'username': 'brownzebra897', 'password': 'medical', 'salt': 'heZoqecX', 'md5': '10f0d1b824891a36e147149c6210983b', 'sha1': '54b951b8f71448ea9e1f59f2cebbb25d5fb1aeb2', 'sha256': '7094ac648bf4f6cfa81def8c7ef53d82141a255dc97e745eeac23cfa94131f2c'}, 'dob': {'date': '2000-07-22T18:32:31.416Z', 'age': 23}, 'registered': {'date': '2005-12-20T22:52:54.582Z', 'age': 18}, 'phone': '011-99908465', 'cell': '0935-594-2346', 'id': {'name': '', 'value': None}, 'picture': {'large': 'https://randomuser.me/api/portraits/men/16.jpg', 'medium': 'https://randomuser.me/api/portraits/med/men/16.jpg', 'thumbnail': 'https://randomuser.me/api/portraits/thumb/men/16.jpg'}, 'nat': 'IR'}</msg>
<arg>${json_data['results'][0]}</arg>
<doc>Logs the given message with the given level.</doc>
<status status="PASS" start="2024-07-21T10:15:40.506091" elapsed="0.000362"/>
</kw>
<kw name="Log" owner="BuiltIn">
<msg time="2024-07-21T10:15:40.506828" level="INFO">login</msg>
<arg>${key}</arg>
<doc>Logs the given message with the given level.</doc>
<status status="PASS" start="2024-07-21T10:15:40.506716" elapsed="0.000145"/>
</kw>
<var name="${key}">login</var>
<status status="PASS" start="2024-07-21T10:15:40.505490" elapsed="0.001565"/>
</iter>
<var>${key}</var>
<value>@{expected_keys}</value>
<status status="PASS" start="2024-07-21T10:15:40.497624" elapsed="0.009539"/>
</for>
<kw name="Create List" owner="BuiltIn">
<msg time="2024-07-21T10:15:40.507449" level="INFO">${expected_keysTwo} = ['username', 'password']</msg>
<var>${expected_keysTwo}</var>
<arg>username</arg>
<arg>password</arg>
<doc>Returns a list containing given items.</doc>
<status status="PASS" start="2024-07-21T10:15:40.507329" elapsed="0.000141"/>
</kw>
<for flavor="IN">
<iter>
<kw name="Dictionary Should Contain Key" owner="Collections">
<arg>${json_data['results'][0]['login']}</arg>
<arg>${keyTwo}</arg>
<doc>Fails if ``key`` is not found from ``dictionary``.</doc>
<status status="PASS" start="2024-07-21T10:15:40.507980" elapsed="0.000416"/>
</kw>
<kw name="Dictionary Should Contain Key" owner="Collections">
<arg>${json_data['results'][0]['login']}</arg>
<arg>${keyTwo}</arg>
<doc>Fails if ``key`` is not found from ``dictionary``.</doc>
<status status="PASS" start="2024-07-21T10:15:40.508581" elapsed="0.000373"/>
</kw>
<kw name="Log" owner="BuiltIn">
<msg time="2024-07-21T10:15:40.509227" level="INFO">username</msg>
<arg>${keyTwo}</arg>
<doc>Logs the given message with the given level.</doc>
<status status="PASS" start="2024-07-21T10:15:40.509117" elapsed="0.000144"/>
</kw>
<var name="${keyTwo}">username</var>
<status status="PASS" start="2024-07-21T10:15:40.507876" elapsed="0.001586"/>
</iter>
<iter>
<kw name="Dictionary Should Contain Key" owner="Collections">
<arg>${json_data['results'][0]['login']}</arg>
<arg>${keyTwo}</arg>
<doc>Fails if ``key`` is not found from ``dictionary``.</doc>
<status status="PASS" start="2024-07-21T10:15:40.509718" elapsed="0.000345"/>
</kw>
<kw name="Dictionary Should Contain Key" owner="Collections">
<arg>${json_data['results'][0]['login']}</arg>
<arg>${keyTwo}</arg>
<doc>Fails if ``key`` is not found from ``dictionary``.</doc>
<status status="PASS" start="2024-07-21T10:15:40.510224" elapsed="0.000330"/>
</kw>
<kw name="Log" owner="BuiltIn">
<msg time="2024-07-21T10:15:40.510830" level="INFO">password</msg>
<arg>${keyTwo}</arg>
<doc>Logs the given message with the given level.</doc>
<status status="PASS" start="2024-07-21T10:15:40.510712" elapsed="0.000154"/>
</kw>
<var name="${keyTwo}">password</var>
<status status="PASS" start="2024-07-21T10:15:40.509617" elapsed="0.001465"/>
</iter>
<var>${keyTwo}</var>
<value>@{expected_keysTwo}</value>
<status status="PASS" start="2024-07-21T10:15:40.507728" elapsed="0.003472"/>
</for>
<status status="PASS" start="2024-07-21T10:15:40.405875" elapsed="0.105460"/>
</kw>
<doc>Testa a estrutura da resposta da API.</doc>
<tag>testeEstruturaResposta</tag>
<status status="PASS" start="2024-07-21T10:15:40.405296" elapsed="0.106181"/>
</test>
<test id="s1-s1-t4" name="Validar tipos de dados" line="28">
<kw name="Teste de Tipos de Dados" owner="random-user-service">
<kw name="GET On Session" owner="RequestsLibrary">
<msg time="2024-07-21T10:15:40.627536" level="INFO">GET Request : url=https://randomuser.me/api 
 path_url=/api 
 headers={'User-Agent': 'python-requests/2.32.3', 'Accept-Encoding': 'gzip, deflate', 'Accept': '*/*', 'Connection': 'keep-alive'} 
 body=None 
 </msg>
<msg time="2024-07-21T10:15:40.627621" level="INFO">GET Response : url=https://randomuser.me/api 
 status=200, reason=OK 
 headers={'Date': 'Sun, 21 Jul 2024 10:15:40 GMT', 'Content-Type': 'application/json; charset=utf-8', 'Transfer-Encoding': 'chunked', 'Connection': 'keep-alive', 'X-Powered-By': 'Express', 'Access-Control-Allow-Origin': '*', 'Cache-Control': 'no-cache', 'ETag': 'W/"4a0-djB8XX6gXHq+T/v+txtZfnOr6LY"', 'Vary': 'Accept-Encoding', 'Content-Encoding': 'gzip', 'CF-Cache-Status': 'DYNAMIC', 'Report-To': '{"endpoints":[{"url":"https:\\/\\/a.nel.cloudflare.com\\/report\\/v4?s=pyR4hRbnERIMrC2WhYulSHD5U9%2F7krT2lD52JPjDTVwGJJxVtV3k7p1BXFplHTuTvlCLATPDEQF9TO84kImw4LL2Syzj4dQkwgCw9MvsHv%2BtzCOiwHrTnku9pVZMeIC3"}],"group":"cf-nel","max_age":604800}', 'NEL': '{"success_fraction":0,"report_to":"cf-nel","max_age":604800}', 'Server': 'cloudflare', 'CF-RAY': '8a6a6e5e4b91e836-DFW', 'alt-svc': 'h3=":443"; ma=86400'} 
 body={"results":[{"gender":"female","name":{"title":"Mrs","first":"María","last":"Rodríguez"},"location":{"street":{"number":6306,"name":"Calle de Téllez"},"city":"Gijón","state":"Castilla y León","country":"Spain","postcode":80824,"coordinates":{"latitude":"-35.8094","longitude":"103.2445"},"timezone":{"offset":"+8:00","description":"Beijing, Perth, Singapore, Hong Kong"}},"email":"maria.rodriguez@example.com","login":{"uuid":"ac8dab55-c6f3-4123-8d0d-25f93ea8a2da","username":"ticklishdog421","password":"1958","salt":"y9oflmc2","md5":"8eb45af167593b9faafcdd71ac913e57","sha1":"d040ac229450491be7ce54f180d398ce50aa382a","sha256":"8db6fc45ff30639fd21eccdf1842601e7e9f00ac77e5f69a4c24f38060d88608"},"dob":{"date":"2000-08-28T21:35:23.878Z","age":23},"registered":{"date":"2014-06-11T22:38:59.023Z","age":10},"phone":"986-561-869","cell":"632-636-642","id":{"name":"DNI","value":"78868951-L"},"picture":{"large":"https://randomuser.me/api/portraits/women/21.jpg","medium":"https://randomuser.me/api/portraits/med/women/21.jpg","thumbnail":"https://randomuser.me/api/portraits/thumb/women/21.jpg"},"nat":"ES"}],"info":{"seed":"e9bf434eb1c2e625","results":1,"page":1,"version":"1.4"}} 
 </msg>
<msg time="2024-07-21T10:15:40.627694" level="INFO">/opt/hostedtoolcache/Python/3.12.4/x64/lib/python3.12/site-packages/urllib3/connectionpool.py:1099: InsecureRequestWarning: Unverified HTTPS request is being made to host 'randomuser.me'. Adding certificate verification is strongly advised. See: https://urllib3.readthedocs.io/en/latest/advanced-usage.html#tls-warnings
  warnings.warn(</msg>
<msg time="2024-07-21T10:15:40.627805" level="INFO">${response} = &lt;Response [200]&gt;</msg>
<var>${response}</var>
<arg>consultarAPI</arg>
<arg>/api</arg>
<doc>Sends a GET request on a previously created HTTP Session.</doc>
<status status="PASS" start="2024-07-21T10:15:40.513942" elapsed="0.113906"/>
</kw>
<kw name="Set Variable" owner="BuiltIn">
<msg time="2024-07-21T10:15:40.628778" level="INFO">${json_data} = {'results': [{'gender': 'female', 'name': {'title': 'Mrs', 'first': 'María', 'last': 'Rodríguez'}, 'location': {'street': {'number': 6306, 'name': 'Calle de Téllez'}, 'city': 'Gijón', 'state': 'Castil...</msg>
<var>${json_data}</var>
<arg>${response.json()}</arg>
<doc>Returns the given values which can then be assigned to a variables.</doc>
<status status="PASS" start="2024-07-21T10:15:40.628323" elapsed="0.000485"/>
</kw>
<kw name="Log" owner="BuiltIn">
<msg time="2024-07-21T10:15:40.629258" level="INFO">{'results': [{'gender': 'female', 'name': {'title': 'Mrs', 'first': 'María', 'last': 'Rodríguez'}, 'location': {'street': {'number': 6306, 'name': 'Calle de Téllez'}, 'city': 'Gijón', 'state': 'Castilla y León', 'country': 'Spain', 'postcode': 80824, 'coordinates': {'latitude': '-35.8094', 'longitude': '103.2445'}, 'timezone': {'offset': '+8:00', 'description': 'Beijing, Perth, Singapore, Hong Kong'}}, 'email': 'maria.rodriguez@example.com', 'login': {'uuid': 'ac8dab55-c6f3-4123-8d0d-25f93ea8a2da', 'username': 'ticklishdog421', 'password': '1958', 'salt': 'y9oflmc2', 'md5': '8eb45af167593b9faafcdd71ac913e57', 'sha1': 'd040ac229450491be7ce54f180d398ce50aa382a', 'sha256': '8db6fc45ff30639fd21eccdf1842601e7e9f00ac77e5f69a4c24f38060d88608'}, 'dob': {'date': '2000-08-28T21:35:23.878Z', 'age': 23}, 'registered': {'date': '2014-06-11T22:38:59.023Z', 'age': 10}, 'phone': '986-561-869', 'cell': '632-636-642', 'id': {'name': 'DNI', 'value': '78868951-L'}, 'picture': {'large': 'https://randomuser.me/api/portraits/women/21.jpg', 'medium': 'https://randomuser.me/api/portraits/med/women/21.jpg', 'thumbnail': 'https://randomuser.me/api/portraits/thumb/women/21.jpg'}, 'nat': 'ES'}], 'info': {'seed': 'e9bf434eb1c2e625', 'results': 1, 'page': 1, 'version': '1.4'}}</msg>
<arg>${json_data}</arg>
<doc>Logs the given message with the given level.</doc>
<status status="PASS" start="2024-07-21T10:15:40.629106" elapsed="0.000202"/>
</kw>
<kw name="Should Be String" owner="String">
<arg>${json_data['results'][0]['gender']}</arg>
<doc>Fails if the given ``item`` is not a string.</doc>
<status status="PASS" start="2024-07-21T10:15:40.629592" elapsed="0.000358"/>
</kw>
<kw name="Should Match Regexp" owner="BuiltIn">
<arg>${json_data['results'][0]['email']}</arg>
<arg>^[a-zA-Z0-9._%+-]+@[a-zA-Z0-9.-]+\.[a-zA-Z]{2,}$</arg>
<doc>Fails if ``string`` does not match ``pattern`` as a regular expression.</doc>
<status status="PASS" start="2024-07-21T10:15:40.630132" elapsed="0.000488"/>
</kw>
<kw name="Should Match Regexp" owner="BuiltIn">
<arg>${json_data['results'][0]['dob']['date']}</arg>
<arg>\\d{4}-\\d{2}-\\d{2}T\\d{2}:\\d{2}:\\d{2}\\.\\d{3}Z</arg>
<doc>Fails if ``string`` does not match ``pattern`` as a regular expression.</doc>
<status status="PASS" start="2024-07-21T10:15:40.630843" elapsed="0.000588"/>
</kw>
<kw name="Should Match Regexp" owner="BuiltIn">
<arg>${json_data['results'][0]['registered']['date']}</arg>
<arg>\\d{4}-\\d{2}-\\d{2}T\\d{2}:\\d{2}:\\d{2}\\.\\d{3}Z</arg>
<doc>Fails if ``string`` does not match ``pattern`` as a regular expression.</doc>
<status status="PASS" start="2024-07-21T10:15:40.631621" elapsed="0.000367"/>
</kw>
<kw name="Should Match Regexp" owner="BuiltIn">
<arg>${json_data['results'][0]['picture']['large']}</arg>
<arg>^https?://.*\.(?:png|jpe?g|gif|bmp)$</arg>
<doc>Fails if ``string`` does not match ``pattern`` as a regular expression.</doc>
<status status="PASS" start="2024-07-21T10:15:40.632169" elapsed="0.000508"/>
</kw>
<kw name="Should Match Regexp" owner="BuiltIn">
<arg>${json_data['results'][0]['picture']['medium']}</arg>
<arg>^https?://.*\.(?:png|jpe?g|gif|bmp)$</arg>
<doc>Fails if ``string`` does not match ``pattern`` as a regular expression.</doc>
<status status="PASS" start="2024-07-21T10:15:40.632870" elapsed="0.000356"/>
</kw>
<kw name="Should Match Regexp" owner="BuiltIn">
<arg>${json_data['results'][0]['picture']['thumbnail']}</arg>
<arg>^https?://.*\.(?:png|jpe?g|gif|bmp)$</arg>
<doc>Fails if ``string`` does not match ``pattern`` as a regular expression.</doc>
<status status="PASS" start="2024-07-21T10:15:40.633407" elapsed="0.000350"/>
</kw>
<kw name="Log" owner="BuiltIn">
<msg time="2024-07-21T10:15:40.634253" level="INFO">{'large': 'https://randomuser.me/api/portraits/women/21.jpg', 'medium': 'https://randomuser.me/api/portraits/med/women/21.jpg', 'thumbnail': 'https://randomuser.me/api/portraits/thumb/women/21.jpg'}</msg>
<arg>${json_data['results'][0]['picture']}</arg>
<doc>Logs the given message with the given level.</doc>
<status status="PASS" start="2024-07-21T10:15:40.633934" elapsed="0.000360"/>
</kw>
<status status="PASS" start="2024-07-21T10:15:40.513729" elapsed="0.120814"/>
</kw>
<kw name="Teste de Tipos de Dados - Postcode" owner="random-user-service">
<kw name="GET On Session" owner="RequestsLibrary">
<msg time="2024-07-21T10:15:40.726230" level="INFO">GET Request : url=https://randomuser.me/api 
 path_url=/api 
 headers={'User-Agent': 'python-requests/2.32.3', 'Accept-Encoding': 'gzip, deflate', 'Accept': '*/*', 'Connection': 'keep-alive'} 
 body=None 
 </msg>
<msg time="2024-07-21T10:15:40.726319" level="INFO">GET Response : url=https://randomuser.me/api 
 status=200, reason=OK 
 headers={'Date': 'Sun, 21 Jul 2024 10:15:40 GMT', 'Content-Type': 'application/json; charset=utf-8', 'Transfer-Encoding': 'chunked', 'Connection': 'keep-alive', 'X-Powered-By': 'Express', 'Access-Control-Allow-Origin': '*', 'Cache-Control': 'no-cache', 'ETag': 'W/"482-UEuacG3QPVhUxSbyCuc+OWbQdU8"', 'Vary': 'Accept-Encoding', 'Content-Encoding': 'gzip', 'CF-Cache-Status': 'DYNAMIC', 'Report-To': '{"endpoints":[{"url":"https:\\/\\/a.nel.cloudflare.com\\/report\\/v4?s=giQ4rbfQGexz47wDvz8BqrIYx6%2BuV4y41wWXV5phAzHdcjxmxaSiBFd3c0dVmswbpFgURfewNJqusgpkNkT%2FoPYu0msX%2FZIZe2meT9gw7Y8kuhOP%2F98Ix%2FvVYgDw5CWv"}],"group":"cf-nel","max_age":604800}', 'NEL': '{"success_fraction":0,"report_to":"cf-nel","max_age":604800}', 'Server': 'cloudflare', 'CF-RAY': '8a6a6e5f0bdce836-DFW', 'alt-svc': 'h3=":443"; ma=86400'} 
 body={"results":[{"gender":"male","name":{"title":"Mr","first":"Larry","last":"Snyder"},"location":{"street":{"number":8836,"name":"Mockingbird Hill"},"city":"Bunbury","state":"New South Wales","country":"Australia","postcode":3826,"coordinates":{"latitude":"-88.4264","longitude":"-157.8630"},"timezone":{"offset":"+9:30","description":"Adelaide, Darwin"}},"email":"larry.snyder@example.com","login":{"uuid":"9dee832f-20c7-4c57-b86c-c686b393dda2","username":"happyrabbit823","password":"lorena","salt":"laUDWvD9","md5":"40a7ecb4cfe9b85639619bca3f89980d","sha1":"493eb5816edbae932ad368c8f85baa8b1e6bda9c","sha256":"d0f518f5aa02006b3e5dc1563b4fc495cb9f74f20d6a7c19400b05150d8d71fe"},"dob":{"date":"1968-05-27T04:24:24.145Z","age":56},"registered":{"date":"2012-05-11T03:34:31.476Z","age":12},"phone":"07-2628-8612","cell":"0435-657-772","id":{"name":"TFN","value":"344165197"},"picture":{"large":"https://randomuser.me/api/portraits/men/38.jpg","medium":"https://randomuser.me/api/portraits/med/men/38.jpg","thumbnail":"https://randomuser.me/api/portraits/thumb/men/38.jpg"},"nat":"AU"}],"info":{"seed":"a6b4e20ae7158c8c","results":1,"page":1,"version":"1.4"}} 
 </msg>
<msg time="2024-07-21T10:15:40.726381" level="INFO">/opt/hostedtoolcache/Python/3.12.4/x64/lib/python3.12/site-packages/urllib3/connectionpool.py:1099: InsecureRequestWarning: Unverified HTTPS request is being made to host 'randomuser.me'. Adding certificate verification is strongly advised. See: https://urllib3.readthedocs.io/en/latest/advanced-usage.html#tls-warnings
  warnings.warn(</msg>
<msg time="2024-07-21T10:15:40.726463" level="INFO">${response} = &lt;Response [200]&gt;</msg>
<var>${response}</var>
<arg>consultarAPI</arg>
<arg>/api</arg>
<doc>Sends a GET request on a previously created HTTP Session.</doc>
<status status="PASS" start="2024-07-21T10:15:40.634960" elapsed="0.091533"/>
</kw>
<kw name="Set Variable" owner="BuiltIn">
<msg time="2024-07-21T10:15:40.727283" level="INFO">${json_data} = {'results': [{'gender': 'male', 'name': {'title': 'Mr', 'first': 'Larry', 'last': 'Snyder'}, 'location': {'street': {'number': 8836, 'name': 'Mockingbird Hill'}, 'city': 'Bunbury', 'state': 'New South...</msg>
<var>${json_data}</var>
<arg>${response.json()}</arg>
<doc>Returns the given values which can then be assigned to a variables.</doc>
<status status="PASS" start="2024-07-21T10:15:40.726852" elapsed="0.000460"/>
</kw>
<kw name="Log" owner="BuiltIn">
<msg time="2024-07-21T10:15:40.727754" level="INFO">{'results': [{'gender': 'male', 'name': {'title': 'Mr', 'first': 'Larry', 'last': 'Snyder'}, 'location': {'street': {'number': 8836, 'name': 'Mockingbird Hill'}, 'city': 'Bunbury', 'state': 'New South Wales', 'country': 'Australia', 'postcode': 3826, 'coordinates': {'latitude': '-88.4264', 'longitude': '-157.8630'}, 'timezone': {'offset': '+9:30', 'description': 'Adelaide, Darwin'}}, 'email': 'larry.snyder@example.com', 'login': {'uuid': '9dee832f-20c7-4c57-b86c-c686b393dda2', 'username': 'happyrabbit823', 'password': 'lorena', 'salt': 'laUDWvD9', 'md5': '40a7ecb4cfe9b85639619bca3f89980d', 'sha1': '493eb5816edbae932ad368c8f85baa8b1e6bda9c', 'sha256': 'd0f518f5aa02006b3e5dc1563b4fc495cb9f74f20d6a7c19400b05150d8d71fe'}, 'dob': {'date': '1968-05-27T04:24:24.145Z', 'age': 56}, 'registered': {'date': '2012-05-11T03:34:31.476Z', 'age': 12}, 'phone': '07-2628-8612', 'cell': '0435-657-772', 'id': {'name': 'TFN', 'value': '344165197'}, 'picture': {'large': 'https://randomuser.me/api/portraits/men/38.jpg', 'medium': 'https://randomuser.me/api/portraits/med/men/38.jpg', 'thumbnail': 'https://randomuser.me/api/portraits/thumb/men/38.jpg'}, 'nat': 'AU'}], 'info': {'seed': 'a6b4e20ae7158c8c', 'results': 1, 'page': 1, 'version': '1.4'}}</msg>
<arg>${json_data}</arg>
<doc>Logs the given message with the given level.</doc>
<status status="PASS" start="2024-07-21T10:15:40.727606" elapsed="0.000193"/>
</kw>
<kw name="Should Be Equal As Numbers" owner="BuiltIn">
<arg>${json_data['results'][0]['location']['postcode']}</arg>
<arg>${json_data['results'][0]['location']['postcode']}</arg>
<doc>Fails if objects are unequal after converting them to real numbers.</doc>
<status status="PASS" start="2024-07-21T10:15:40.728082" elapsed="0.000624"/>
</kw>
<kw name="Log" owner="BuiltIn">
<msg time="2024-07-21T10:15:40.729236" level="INFO">3826</msg>
<arg>${json_data['results'][0]['location']['postcode']}</arg>
<doc>Logs the given message with the given level.</doc>
<status status="PASS" start="2024-07-21T10:15:40.728903" elapsed="0.000373"/>
</kw>
<status status="PASS" start="2024-07-21T10:15:40.634744" elapsed="0.094804"/>
</kw>
<doc>Testa se os tipos de dados na resposta da API estão corretos.</doc>
<tag>testeTiposDados</tag>
<status status="PASS" start="2024-07-21T10:15:40.513210" elapsed="0.216493"/>
</test>
<test id="s1-s1-t5" name="Validar conteudo" line="35">
<kw name="Teste de Tipos de Conteudo" owner="random-user-service">
<kw name="GET On Session" owner="RequestsLibrary">
<msg time="2024-07-21T10:15:40.823035" level="INFO">GET Request : url=https://randomuser.me/api 
 path_url=/api 
 headers={'User-Agent': 'python-requests/2.32.3', 'Accept-Encoding': 'gzip, deflate', 'Accept': '*/*', 'Connection': 'keep-alive'} 
 body=None 
 </msg>
<msg time="2024-07-21T10:15:40.823120" level="INFO">GET Response : url=https://randomuser.me/api 
 status=200, reason=OK 
 headers={'Date': 'Sun, 21 Jul 2024 10:15:40 GMT', 'Content-Type': 'application/json; charset=utf-8', 'Transfer-Encoding': 'chunked', 'Connection': 'keep-alive', 'X-Powered-By': 'Express', 'Access-Control-Allow-Origin': '*', 'Cache-Control': 'no-cache', 'ETag': 'W/"479-aZy+PGEUZOmJz6QiK5Ji+RIlT/g"', 'Vary': 'Accept-Encoding', 'Content-Encoding': 'gzip', 'CF-Cache-Status': 'DYNAMIC', 'Report-To': '{"endpoints":[{"url":"https:\\/\\/a.nel.cloudflare.com\\/report\\/v4?s=Q6ZoyhISqoXNKBrQ1VZjDTWBUYvKhyYM6N4Vw4wN5w5x3siWmX6BCqUcs9XDb7tt7Dmb8ReqB2CEJH8rawm60%2FucidOnq8n3jHNU8IV9S6SpdA2t24PQar19qeLug%2Bmo"}],"group":"cf-nel","max_age":604800}', 'NEL': '{"success_fraction":0,"report_to":"cf-nel","max_age":604800}', 'Server': 'cloudflare', 'CF-RAY': '8a6a6e5fac28e836-DFW', 'alt-svc': 'h3=":443"; ma=86400'} 
 body={"results":[{"gender":"male","name":{"title":"Mr","first":"David","last":"Van Troost"},"location":{"street":{"number":3526,"name":"Het Halster"},"city":"Wormer","state":"Friesland","country":"Netherlands","postcode":"3884 MI","coordinates":{"latitude":"37.8489","longitude":"-113.4472"},"timezone":{"offset":"+4:30","description":"Kabul"}},"email":"david.vantroost@example.com","login":{"uuid":"2ea5bf35-42e2-4834-902b-93c5bb177de8","username":"bigostrich647","password":"99999999","salt":"qj6kHnsw","md5":"1a58c4460b99a90defa9d707f81fa031","sha1":"97be4bdd59f8121d301c68942d2c78aa6c1e9153","sha256":"f5a679d1425db807bc8b539849de11063f05e0fae2eb34e8f1e2bb72eabe5bac"},"dob":{"date":"1957-12-26T14:52:34.730Z","age":66},"registered":{"date":"2018-03-09T03:34:32.090Z","age":6},"phone":"(0556) 624127","cell":"(06) 71987893","id":{"name":"BSN","value":"63248491"},"picture":{"large":"https://randomuser.me/api/portraits/men/37.jpg","medium":"https://randomuser.me/api/portraits/med/men/37.jpg","thumbnail":"https://randomuser.me/api/portraits/thumb/men/37.jpg"},"nat":"NL"}],"info":{"seed":"7bbb648cad2d2b30","results":1,"page":1,"version":"1.4"}} 
 </msg>
<msg time="2024-07-21T10:15:40.823194" level="INFO">/opt/hostedtoolcache/Python/3.12.4/x64/lib/python3.12/site-packages/urllib3/connectionpool.py:1099: InsecureRequestWarning: Unverified HTTPS request is being made to host 'randomuser.me'. Adding certificate verification is strongly advised. See: https://urllib3.readthedocs.io/en/latest/advanced-usage.html#tls-warnings
  warnings.warn(</msg>
<msg time="2024-07-21T10:15:40.823307" level="INFO">${response} = &lt;Response [200]&gt;</msg>
<var>${response}</var>
<arg>consultarAPI</arg>
<arg>/api</arg>
<doc>Sends a GET request on a previously created HTTP Session.</doc>
<status status="PASS" start="2024-07-21T10:15:40.731990" elapsed="0.091363"/>
</kw>
<kw name="Set Variable" owner="BuiltIn">
<msg time="2024-07-21T10:15:40.824218" level="INFO">${json_data} = {'results': [{'gender': 'male', 'name': {'title': 'Mr', 'first': 'David', 'last': 'Van Troost'}, 'location': {'street': {'number': 3526, 'name': 'Het Halster'}, 'city': 'Wormer', 'state': 'Friesland',...</msg>
<var>${json_data}</var>
<arg>${response.json()}</arg>
<doc>Returns the given values which can then be assigned to a variables.</doc>
<status status="PASS" start="2024-07-21T10:15:40.823756" elapsed="0.000492"/>
</kw>
<kw name="Set Variable" owner="BuiltIn">
<msg time="2024-07-21T10:15:40.824982" level="INFO">${name_title} = Mr</msg>
<var>${name_title}</var>
<arg>${json_data["results"][0]["name"]["title"]}</arg>
<doc>Returns the given values which can then be assigned to a variables.</doc>
<status status="PASS" start="2024-07-21T10:15:40.824591" elapsed="0.000417"/>
</kw>
<kw name="Create List" owner="BuiltIn">
<msg time="2024-07-21T10:15:40.825457" level="INFO">${allowed_titles} = ['Mr', 'Ms', 'Miss', 'Mrs', 'Madame', 'Monsieur']</msg>
<var>${allowed_titles}</var>
<arg>Mr</arg>
<arg>Ms</arg>
<arg>Miss</arg>
<arg>Mrs</arg>
<arg>Madame</arg>
<arg>Monsieur</arg>
<doc>Returns a list containing given items.</doc>
<status status="PASS" start="2024-07-21T10:15:40.825307" elapsed="0.000176"/>
</kw>
<kw name="List Should Contain Value" owner="Collections">
<arg>${allowed_titles}</arg>
<arg>${name_title}</arg>
<doc>Fails if the ``value`` is not found from ``list``.</doc>
<status status="PASS" start="2024-07-21T10:15:40.825782" elapsed="0.000173"/>
</kw>
<kw name="Set Variable" owner="BuiltIn">
<msg time="2024-07-21T10:15:40.826527" level="INFO">${name_country} = NL</msg>
<var>${name_country}</var>
<arg>${json_data["results"][0]["nat"]}</arg>
<doc>Returns the given values which can then be assigned to a variables.</doc>
<status status="PASS" start="2024-07-21T10:15:40.826142" elapsed="0.000411"/>
</kw>
<kw name="Create List" owner="BuiltIn">
<msg time="2024-07-21T10:15:40.827438" level="INFO">${list_country} = ['AD', 'AE', 'AF', 'AG', 'AI', 'AL', 'AM', 'AO', 'AQ', 'AR', 'AS', 'AT', 'AU', 'AW', 'AX', 'AZ', 'BA', 'BB', 'BD', 'BE', 'BF', 'BG', 'BH', 'BI', 'BJ', 'BL', 'BM', 'BN', 'BO', 'BQ', 'BR', 'BS', 'BT', '...</msg>
<var>${list_country}</var>
<arg>AD</arg>
<arg>AE</arg>
<arg>AF</arg>
<arg>AG</arg>
<arg>AI</arg>
<arg>AL</arg>
<arg>AM</arg>
<arg>AO</arg>
<arg>AQ</arg>
<arg>AR</arg>
<arg>AS</arg>
<arg>AT</arg>
<arg>AU</arg>
<arg>AW</arg>
<arg>AX</arg>
<arg>AZ</arg>
<arg>BA</arg>
<arg>BB</arg>
<arg>BD</arg>
<arg>BE</arg>
<arg>BF</arg>
<arg>BG</arg>
<arg>BH</arg>
<arg>BI</arg>
<arg>BJ</arg>
<arg>BL</arg>
<arg>BM</arg>
<arg>BN</arg>
<arg>BO</arg>
<arg>BQ</arg>
<arg>BR</arg>
<arg>BS</arg>
<arg>BT</arg>
<arg>BV</arg>
<arg>BW</arg>
<arg>BY</arg>
<arg>BZ</arg>
<arg>CA</arg>
<arg>CC</arg>
<arg>CD</arg>
<arg>CF</arg>
<arg>CG</arg>
<arg>CH</arg>
<arg>CI</arg>
<arg>CK</arg>
<arg>CL</arg>
<arg>CM</arg>
<arg>CN</arg>
<arg>CO</arg>
<arg>CR</arg>
<arg>CU</arg>
<arg>CV</arg>
<arg>CW</arg>
<arg>CX</arg>
<arg>CY</arg>
<arg>CZ</arg>
<arg>DE</arg>
<arg>DJ</arg>
<arg>DK</arg>
<arg>DM</arg>
<arg>DO</arg>
<arg>DZ</arg>
<arg>EC</arg>
<arg>EE</arg>
<arg>EG</arg>
<arg>EH</arg>
<arg>ER</arg>
<arg>ES</arg>
<arg>ET</arg>
<arg>FI</arg>
<arg>FJ</arg>
<arg>FK</arg>
<arg>FM</arg>
<arg>FO</arg>
<arg>FR</arg>
<arg>GA</arg>
<arg>GB</arg>
<arg>GD</arg>
<arg>GE</arg>
<arg>GF</arg>
<arg>GG</arg>
<arg>GH</arg>
<arg>GI</arg>
<arg>GL</arg>
<arg>GM</arg>
<arg>GN</arg>
<arg>GP</arg>
<arg>GQ</arg>
<arg>GR</arg>
<arg>GS</arg>
<arg>GT</arg>
<arg>GU</arg>
<arg>GW</arg>
<arg>GY</arg>
<arg>HK</arg>
<arg>HM</arg>
<arg>HN</arg>
<arg>HR</arg>
<arg>HT</arg>
<arg>HU</arg>
<arg>ID</arg>
<arg>IE</arg>
<arg>IL</arg>
<arg>IM</arg>
<arg>IN</arg>
<arg>IO</arg>
<arg>IQ</arg>
<arg>IR</arg>
<arg>IS</arg>
<arg>IT</arg>
<arg>JE</arg>
<arg>JM</arg>
<arg>JO</arg>
<arg>JP</arg>
<arg>KE</arg>
<arg>KG</arg>
<arg>KH</arg>
<arg>KI</arg>
<arg>KM</arg>
<arg>KN</arg>
<arg>KP</arg>
<arg>KR</arg>
<arg>KW</arg>
<arg>KY</arg>
<arg>KZ</arg>
<arg>LA</arg>
<arg>LB</arg>
<arg>LC</arg>
<arg>LI</arg>
<arg>LK</arg>
<arg>LR</arg>
<arg>LS</arg>
<arg>LT</arg>
<arg>LU</arg>
<arg>LV</arg>
<arg>LY</arg>
<arg>MA</arg>
<arg>MC</arg>
<arg>MD</arg>
<arg>ME</arg>
<arg>MF</arg>
<arg>MG</arg>
<arg>MH</arg>
<arg>MK</arg>
<arg>ML</arg>
<arg>MM</arg>
<arg>MN</arg>
<arg>MO</arg>
<arg>MP</arg>
<arg>MQ</arg>
<arg>MR</arg>
<arg>MS</arg>
<arg>MT</arg>
<arg>MU</arg>
<arg>MV</arg>
<arg>MW</arg>
<arg>MX</arg>
<arg>MY</arg>
<arg>MZ</arg>
<arg>NA</arg>
<arg>NC</arg>
<arg>NE</arg>
<arg>NF</arg>
<arg>NG</arg>
<arg>NI</arg>
<arg>NL</arg>
<arg>NO</arg>
<arg>NP</arg>
<arg>NR</arg>
<arg>NU</arg>
<arg>NZ</arg>
<arg>OM</arg>
<arg>PA</arg>
<arg>PE</arg>
<arg>PF</arg>
<arg>PG</arg>
<arg>PH</arg>
<arg>PK</arg>
<arg>PL</arg>
<arg>PM</arg>
<arg>PN</arg>
<arg>PR</arg>
<arg>PS</arg>
<arg>PT</arg>
<arg>PW</arg>
<arg>PY</arg>
<arg>QA</arg>
<arg>RE</arg>
<arg>RO</arg>
<arg>RS</arg>
<arg>RU</arg>
<arg>RW</arg>
<arg>SA</arg>
<arg>SB</arg>
<arg>SC</arg>
<arg>SD</arg>
<arg>SE</arg>
<arg>SG</arg>
<arg>SH</arg>
<arg>SI</arg>
<arg>SJ</arg>
<arg>SK</arg>
<arg>SL</arg>
<arg>SM</arg>
<arg>SN</arg>
<arg>SO</arg>
<arg>SR</arg>
<arg>SS</arg>
<arg>ST</arg>
<arg>SV</arg>
<arg>SX</arg>
<arg>SY</arg>
<arg>SZ</arg>
<arg>TC</arg>
<arg>TD</arg>
<arg>TF</arg>
<arg>TG</arg>
<arg>TH</arg>
<arg>TJ</arg>
<arg>TK</arg>
<arg>TL</arg>
<arg>TM</arg>
<arg>TN</arg>
<arg>TO</arg>
<arg>TR</arg>
<arg>TT</arg>
<arg>TV</arg>
<arg>TW</arg>
<arg>TZ</arg>
<arg>UA</arg>
<arg>UG</arg>
<arg>UM</arg>
<arg>US</arg>
<arg>UY</arg>
<arg>UZ</arg>
<arg>VA</arg>
<arg>VC</arg>
<arg>VE</arg>
<arg>VG</arg>
<arg>VI</arg>
<arg>VN</arg>
<arg>VU</arg>
<arg>WF</arg>
<arg>WS</arg>
<arg>XK</arg>
<arg>YE</arg>
<arg>YT</arg>
<arg>ZA</arg>
<arg>ZM</arg>
<arg>ZW</arg>
<doc>Returns a list containing given items.</doc>
<status status="PASS" start="2024-07-21T10:15:40.826843" elapsed="0.000622"/>
</kw>
<kw name="List Should Contain Value" owner="Collections">
<arg>${list_country}</arg>
<arg>${name_country}</arg>
<doc>Fails if the ``value`` is not found from ``list``.</doc>
<status status="PASS" start="2024-07-21T10:15:40.828432" elapsed="0.000211"/>
</kw>
<kw name="Run Keyword If" owner="BuiltIn">
<kw name="Should Be True" owner="BuiltIn">
<arg>${True}</arg>
<doc>Fails if the given condition is not true.</doc>
<status status="PASS" start="2024-07-21T10:15:40.829573" elapsed="0.000141"/>
</kw>
<arg>${json_data["results"][0]["location"]["coordinates"]["latitude"]} &gt;= -90 and ${json_data["results"][0]["location"]["coordinates"]["latitude"]} &lt;= 90</arg>
<arg>Should Be True</arg>
<arg>${True}</arg>
<doc>Runs the given keyword with the given arguments, if ``condition`` is true.</doc>
<status status="PASS" start="2024-07-21T10:15:40.828841" elapsed="0.001005"/>
</kw>
<kw name="Run Keyword If" owner="BuiltIn">
<kw name="Should Be True" owner="BuiltIn">
<arg>${True}</arg>
<doc>Fails if the given condition is not true.</doc>
<status status="PASS" start="2024-07-21T10:15:40.830726" elapsed="0.000135"/>
</kw>
<arg>${json_data["results"][0]["location"]["coordinates"]["longitude"]} &gt;= -180 and ${json_data["results"][0]["location"]["coordinates"]["longitude"]} &lt;= 180</arg>
<arg>Should Be True</arg>
<arg>${True}</arg>
<doc>Runs the given keyword with the given arguments, if ``condition`` is true.</doc>
<status status="PASS" start="2024-07-21T10:15:40.830028" elapsed="0.000956"/>
</kw>
<status status="PASS" start="2024-07-21T10:15:40.731762" elapsed="0.099350"/>
</kw>
<doc>Testa o conteúdo específico dos campos retornados pela API.</doc>
<tag>testeConteudo</tag>
<status status="PASS" start="2024-07-21T10:15:40.731354" elapsed="0.099900"/>
</test>
<status status="PASS" start="2024-07-21T10:15:39.787700" elapsed="1.045460"/>
</suite>
<status status="PASS" start="2024-07-21T10:15:39.773378" elapsed="1.064616"/>
</suite>
<statistics>
<total>
<stat pass="5" fail="0" skip="0">All Tests</stat>
</total>
<tag>
<stat pass="1" fail="0" skip="0">testeConteudo</stat>
<stat pass="1" fail="0" skip="0">testeEstruturaResposta</stat>
<stat pass="1" fail="0" skip="0">testeRequisicaoBasica</stat>
<stat pass="1" fail="0" skip="0">testeTiposDados</stat>
</tag>
<suite>
<stat pass="5" fail="0" skip="0" id="s1" name="Tests">Tests</stat>
<stat pass="5" fail="0" skip="0" id="s1-s1" name="Random-User-Test">Tests.Random-User-Test</stat>
</suite>
</statistics>
<errors>
</errors>
</robot>
