<?xml version="1.0" encoding="UTF-8"?>
<robot generator="Robot 7.0.1 (Python 3.12.4 on linux)" generated="2024-08-08T15:16:52.719138" rpa="false" schemaversion="5">
<suite id="s1" name="Tests" source="/home/runner/work/ApiRandomUser/ApiRandomUser/RamdonUser/tests">
<suite id="s1-s1" name="Random-User-Test" source="/home/runner/work/ApiRandomUser/ApiRandomUser/RamdonUser/tests/random-user-test.robot">
<test id="s1-s1-t1" name="Conectar" line="13">
<kw name="Conectar API" owner="random-user-service">
<kw name="Create Session" owner="RequestsLibrary">
<msg time="2024-08-08T15:16:53.123092" level="INFO">Creating Session using : alias=consultarAPI, url=https://randomuser.me/, headers={},                     cookies={}, auth=None, timeout=None, proxies=None, verify=False,                     debug=0 </msg>
<arg>consultarAPI</arg>
<arg>${URL}</arg>
<doc>Create Session: create a HTTP session to a server</doc>
<status status="PASS" start="2024-08-08T15:16:53.122890" elapsed="0.000384"/>
</kw>
<status status="PASS" start="2024-08-08T15:16:53.121825" elapsed="0.001816"/>
</kw>
<status status="PASS" start="2024-08-08T15:16:53.121170" elapsed="0.002669"/>
</test>
<test id="s1-s1-t2" name="Validar retorno 200 e JSON Válido" line="16">
<kw name="Teste de Requisicao Basica" owner="random-user-service">
<kw name="GET On Session" owner="RequestsLibrary">
<msg time="2024-08-08T15:16:55.494576" level="INFO">GET Request : url=https://randomuser.me/api 
 path_url=/api 
 headers={'User-Agent': 'python-requests/2.32.3', 'Accept-Encoding': 'gzip, deflate', 'Accept': '*/*', 'Connection': 'keep-alive'} 
 body=None 
 </msg>
<msg time="2024-08-08T15:16:55.494752" level="INFO">GET Response : url=https://randomuser.me/api 
 status=200, reason=OK 
 headers={'Date': 'Thu, 08 Aug 2024 15:16:55 GMT', 'Content-Type': 'application/json; charset=utf-8', 'Transfer-Encoding': 'chunked', 'Connection': 'keep-alive', 'X-Powered-By': 'Express', 'Access-Control-Allow-Origin': '*', 'Cache-Control': 'no-cache', 'ETag': 'W/"464-0vHP/NT9JLBzje+ykaPIhjf6PDA"', 'Vary': 'Accept-Encoding', 'Content-Encoding': 'gzip', 'CF-Cache-Status': 'DYNAMIC', 'Report-To': '{"endpoints":[{"url":"https:\\/\\/a.nel.cloudflare.com\\/report\\/v4?s=h9AsVyAfc6HSKc%2FUOFkDBK2Y8PVMvCxtnAPL5aDK%2Fd5CfDSko5gxK6%2FFC9rvSR5QoOlf1%2FqFAWGCIC1pF2dm0KzcCHd4t2qBD1X6iPNdq5%2BeZZIuiPKk4o%2Br5vB1hu27"}],"group":"cf-nel","max_age":604800}', 'NEL': '{"success_fraction":0,"report_to":"cf-nel","max_age":604800}', 'Server': 'cloudflare', 'CF-RAY': '8b0078584b23c96f-IAD', 'alt-svc': 'h3=":443"; ma=86400'} 
 body={"results":[{"gender":"male","name":{"title":"Mr","first":"سپهر","last":"نجاتی"},"location":{"street":{"number":1917,"name":"حجاب"},"city":"سیرجان","state":"همدان","country":"Iran","postcode":72085,"coordinates":{"latitude":"15.9826","longitude":"-29.7720"},"timezone":{"offset":"-2:00","description":"Mid-Atlantic"}},"email":"sphr.njty@example.com","login":{"uuid":"7b6339bb-f2f9-4609-acb5-a4e9873c4119","username":"sadfrog712","password":"seng","salt":"8i0LycLP","md5":"151e7af3899084056e1d9c35d4619386","sha1":"8c4ff3f9cb4db55afe9c8ad8f94d94dddf863543","sha256":"2ce924787abbedbe4599891b4f29f1556aa7f8affabad8aaf6b6f0181f13f709"},"dob":{"date":"1959-06-29T15:58:56.336Z","age":65},"registered":{"date":"2020-11-25T09:41:19.546Z","age":3},"phone":"054-27200500","cell":"0954-174-5800","id":{"name":"","value":null},"picture":{"large":"https://randomuser.me/api/portraits/men/58.jpg","medium":"https://randomuser.me/api/portraits/med/men/58.jpg","thumbnail":"https://randomuser.me/api/portraits/thumb/men/58.jpg"},"nat":"IR"}],"info":{"seed":"29135b9fbb7bb8bb","results":1,"page":1,"version":"1.4"}} 
 </msg>
<msg time="2024-08-08T15:16:55.494848" level="INFO">/opt/hostedtoolcache/Python/3.12.4/x64/lib/python3.12/site-packages/urllib3/connectionpool.py:1099: InsecureRequestWarning: Unverified HTTPS request is being made to host 'randomuser.me'. Adding certificate verification is strongly advised. See: https://urllib3.readthedocs.io/en/latest/advanced-usage.html#tls-warnings
  warnings.warn(</msg>
<msg time="2024-08-08T15:16:55.494992" level="INFO">${response} = &lt;Response [200]&gt;</msg>
<var>${response}</var>
<arg>consultarAPI</arg>
<arg>/api</arg>
<doc>Sends a GET request on a previously created HTTP Session.</doc>
<status status="PASS" start="2024-08-08T15:16:53.126547" elapsed="2.368487"/>
</kw>
<kw name="Should Be Equal As Numbers" owner="BuiltIn">
<msg time="2024-08-08T15:16:55.496235" level="INFO">Argument types are:
&lt;class 'int'&gt;
&lt;class 'str'&gt;</msg>
<arg>${response.status_code}</arg>
<arg>200</arg>
<doc>Fails if objects are unequal after converting them to real numbers.</doc>
<status status="PASS" start="2024-08-08T15:16:55.495734" elapsed="0.000566"/>
</kw>
<kw name="Log" owner="BuiltIn">
<msg time="2024-08-08T15:16:55.497026" level="INFO">200</msg>
<arg>${response.status_code}</arg>
<doc>Logs the given message with the given level.</doc>
<status status="PASS" start="2024-08-08T15:16:55.496659" elapsed="0.000408"/>
</kw>
<kw name="Set Variable" owner="BuiltIn">
<msg time="2024-08-08T15:16:55.497816" level="INFO">${json_data} = {'results': [{'gender': 'male', 'name': {'title': 'Mr', 'first': 'سپهر', 'last': 'نجاتی'}, 'location': {'street': {'number': 1917, 'name': 'حجاب'}, 'city': 'سیرجان', 'state': 'همدان', 'country': 'Iran...</msg>
<var>${json_data}</var>
<arg>${response.json()}</arg>
<doc>Returns the given values which can then be assigned to a variables.</doc>
<status status="PASS" start="2024-08-08T15:16:55.497375" elapsed="0.000471"/>
</kw>
<kw name="Dictionary Should Contain Key" owner="Collections">
<arg>${json_data}</arg>
<arg>results</arg>
<doc>Fails if ``key`` is not found from ``dictionary``.</doc>
<status status="PASS" start="2024-08-08T15:16:55.498151" elapsed="0.000331"/>
</kw>
<status status="PASS" start="2024-08-08T15:16:53.126298" elapsed="2.372338"/>
</kw>
<doc>Testa se a API responde corretamente e retorna um objeto JSON válido.</doc>
<tag>testeRequisicaoBasica</tag>
<status status="PASS" start="2024-08-08T15:16:53.125783" elapsed="2.373030"/>
</test>
<test id="s1-s1-t3" name="Validar estrutura de resposta" line="22">
<kw name="Teste de Estrutura de Resposta" owner="random-user-service">
<kw name="GET On Session" owner="RequestsLibrary">
<msg time="2024-08-08T15:16:57.397761" level="INFO">GET Request : url=https://randomuser.me/api 
 path_url=/api 
 headers={'User-Agent': 'python-requests/2.32.3', 'Accept-Encoding': 'gzip, deflate', 'Accept': '*/*', 'Connection': 'keep-alive'} 
 body=None 
 </msg>
<msg time="2024-08-08T15:16:57.397863" level="INFO">GET Response : url=https://randomuser.me/api 
 status=200, reason=OK 
 headers={'Date': 'Thu, 08 Aug 2024 15:16:57 GMT', 'Content-Type': 'application/json; charset=utf-8', 'Transfer-Encoding': 'chunked', 'Connection': 'keep-alive', 'X-Powered-By': 'Express', 'Access-Control-Allow-Origin': '*', 'Cache-Control': 'no-cache', 'ETag': 'W/"47d-MUU0j/OdrVHOQpUd7mxujpi6Kkk"', 'Vary': 'Accept-Encoding', 'Content-Encoding': 'gzip', 'CF-Cache-Status': 'DYNAMIC', 'Report-To': '{"endpoints":[{"url":"https:\\/\\/a.nel.cloudflare.com\\/report\\/v4?s=DYB%2FYpPemgB0mEBRpqTXIUhH9C3nzjoJEN6%2FRxQkSzU7j29O1v4amKMyKFxHR2O51KXDoy0gWYetdS7hXxEqKvyYKod%2B4FbdBWzi5QgPrICmhZ29K3iJEQWmliNpfiCF"}],"group":"cf-nel","max_age":604800}', 'NEL': '{"success_fraction":0,"report_to":"cf-nel","max_age":604800}', 'Server': 'cloudflare', 'CF-RAY': '8b007866ec40c96f-IAD', 'alt-svc': 'h3=":443"; ma=86400'} 
 body={"results":[{"gender":"female","name":{"title":"Miss","first":"Elvira","last":"Løvlien"},"location":{"street":{"number":7943,"name":"Oskar Braatens gate"},"city":"Heggenes","state":"Description","country":"Norway","postcode":"5305","coordinates":{"latitude":"43.1208","longitude":"41.6185"},"timezone":{"offset":"-10:00","description":"Hawaii"}},"email":"elvira.lovlien@example.com","login":{"uuid":"4811ca43-bf33-4119-abc4-7d48e9d64016","username":"crazykoala843","password":"sebring","salt":"7ooghLPU","md5":"80afc0b50e93674e587386eba5e0f9fd","sha1":"59f9930d85196c26f3f373679d8e1d1457615ae6","sha256":"982495cc1cd3e3d6290983cbc9b3e5c3da278d04737eac92f00b4e0f942cf5b1"},"dob":{"date":"1960-05-19T04:04:17.839Z","age":64},"registered":{"date":"2012-09-24T13:05:02.314Z","age":11},"phone":"68420032","cell":"99856580","id":{"name":"FN","value":"19056042418"},"picture":{"large":"https://randomuser.me/api/portraits/women/88.jpg","medium":"https://randomuser.me/api/portraits/med/women/88.jpg","thumbnail":"https://randomuser.me/api/portraits/thumb/women/88.jpg"},"nat":"NO"}],"info":{"seed":"a6cbed9d8c1b0217","results":1,"page":1,"version":"1.4"}} 
 </msg>
<msg time="2024-08-08T15:16:57.397994" level="INFO">/opt/hostedtoolcache/Python/3.12.4/x64/lib/python3.12/site-packages/urllib3/connectionpool.py:1099: InsecureRequestWarning: Unverified HTTPS request is being made to host 'randomuser.me'. Adding certificate verification is strongly advised. See: https://urllib3.readthedocs.io/en/latest/advanced-usage.html#tls-warnings
  warnings.warn(</msg>
<msg time="2024-08-08T15:16:57.398123" level="INFO">${response} = &lt;Response [200]&gt;</msg>
<var>${response}</var>
<arg>consultarAPI</arg>
<arg>/api</arg>
<doc>Sends a GET request on a previously created HTTP Session.</doc>
<status status="PASS" start="2024-08-08T15:16:55.501506" elapsed="1.896660"/>
</kw>
<kw name="Set Variable" owner="BuiltIn">
<msg time="2024-08-08T15:16:57.399199" level="INFO">${json_data} = {'results': [{'gender': 'female', 'name': {'title': 'Miss', 'first': 'Elvira', 'last': 'Løvlien'}, 'location': {'street': {'number': 7943, 'name': 'Oskar Braatens gate'}, 'city': 'Heggenes', 'state': ...</msg>
<var>${json_data}</var>
<arg>${response.json()}</arg>
<doc>Returns the given values which can then be assigned to a variables.</doc>
<status status="PASS" start="2024-08-08T15:16:57.398667" elapsed="0.000561"/>
</kw>
<kw name="Log" owner="BuiltIn">
<msg time="2024-08-08T15:16:57.399692" level="INFO">{'results': [{'gender': 'female', 'name': {'title': 'Miss', 'first': 'Elvira', 'last': 'Løvlien'}, 'location': {'street': {'number': 7943, 'name': 'Oskar Braatens gate'}, 'city': 'Heggenes', 'state': 'Description', 'country': 'Norway', 'postcode': '5305', 'coordinates': {'latitude': '43.1208', 'longitude': '41.6185'}, 'timezone': {'offset': '-10:00', 'description': 'Hawaii'}}, 'email': 'elvira.lovlien@example.com', 'login': {'uuid': '4811ca43-bf33-4119-abc4-7d48e9d64016', 'username': 'crazykoala843', 'password': 'sebring', 'salt': '7ooghLPU', 'md5': '80afc0b50e93674e587386eba5e0f9fd', 'sha1': '59f9930d85196c26f3f373679d8e1d1457615ae6', 'sha256': '982495cc1cd3e3d6290983cbc9b3e5c3da278d04737eac92f00b4e0f942cf5b1'}, 'dob': {'date': '1960-05-19T04:04:17.839Z', 'age': 64}, 'registered': {'date': '2012-09-24T13:05:02.314Z', 'age': 11}, 'phone': '68420032', 'cell': '99856580', 'id': {'name': 'FN', 'value': '19056042418'}, 'picture': {'large': 'https://randomuser.me/api/portraits/women/88.jpg', 'medium': 'https://randomuser.me/api/portraits/med/women/88.jpg', 'thumbnail': 'https://randomuser.me/api/portraits/thumb/women/88.jpg'}, 'nat': 'NO'}], 'info': {'seed': 'a6cbed9d8c1b0217', 'results': 1, 'page': 1, 'version': '1.4'}}</msg>
<arg>${json_data}</arg>
<doc>Logs the given message with the given level.</doc>
<status status="PASS" start="2024-08-08T15:16:57.399532" elapsed="0.000209"/>
</kw>
<kw name="Dictionary Should Contain Key" owner="Collections">
<arg>${json_data}</arg>
<arg>results</arg>
<doc>Fails if ``key`` is not found from ``dictionary``.</doc>
<status status="PASS" start="2024-08-08T15:16:57.400033" elapsed="0.000166"/>
</kw>
<kw name="Should Not Be Empty" owner="BuiltIn">
<msg time="2024-08-08T15:16:57.400502" level="INFO">Length is 2.</msg>
<arg>${json_data}</arg>
<doc>Verifies that the given item is not empty.</doc>
<status status="PASS" start="2024-08-08T15:16:57.400379" elapsed="0.000161"/>
</kw>
<kw name="Create List" owner="BuiltIn">
<msg time="2024-08-08T15:16:57.401056" level="INFO">${expected_keys} = ['gender', 'name', 'location', 'email', 'login']</msg>
<var>${expected_keys}</var>
<arg>gender</arg>
<arg>name</arg>
<arg>location</arg>
<arg>email</arg>
<arg>login</arg>
<doc>Returns a list containing given items.</doc>
<status status="PASS" start="2024-08-08T15:16:57.400902" elapsed="0.000178"/>
</kw>
<for flavor="IN">
<iter>
<kw name="Dictionary Should Contain Key" owner="Collections">
<arg>${json_data['results'][0]}</arg>
<arg>${key}</arg>
<doc>Fails if ``key`` is not found from ``dictionary``.</doc>
<status status="PASS" start="2024-08-08T15:16:57.401657" elapsed="0.000405"/>
</kw>
<kw name="Log" owner="BuiltIn">
<msg time="2024-08-08T15:16:57.402608" level="INFO">{'gender': 'female', 'name': {'title': 'Miss', 'first': 'Elvira', 'last': 'Løvlien'}, 'location': {'street': {'number': 7943, 'name': 'Oskar Braatens gate'}, 'city': 'Heggenes', 'state': 'Description', 'country': 'Norway', 'postcode': '5305', 'coordinates': {'latitude': '43.1208', 'longitude': '41.6185'}, 'timezone': {'offset': '-10:00', 'description': 'Hawaii'}}, 'email': 'elvira.lovlien@example.com', 'login': {'uuid': '4811ca43-bf33-4119-abc4-7d48e9d64016', 'username': 'crazykoala843', 'password': 'sebring', 'salt': '7ooghLPU', 'md5': '80afc0b50e93674e587386eba5e0f9fd', 'sha1': '59f9930d85196c26f3f373679d8e1d1457615ae6', 'sha256': '982495cc1cd3e3d6290983cbc9b3e5c3da278d04737eac92f00b4e0f942cf5b1'}, 'dob': {'date': '1960-05-19T04:04:17.839Z', 'age': 64}, 'registered': {'date': '2012-09-24T13:05:02.314Z', 'age': 11}, 'phone': '68420032', 'cell': '99856580', 'id': {'name': 'FN', 'value': '19056042418'}, 'picture': {'large': 'https://randomuser.me/api/portraits/women/88.jpg', 'medium': 'https://randomuser.me/api/portraits/med/women/88.jpg', 'thumbnail': 'https://randomuser.me/api/portraits/thumb/women/88.jpg'}, 'nat': 'NO'}</msg>
<arg>${json_data['results'][0]}</arg>
<doc>Logs the given message with the given level.</doc>
<status status="PASS" start="2024-08-08T15:16:57.402251" elapsed="0.000408"/>
</kw>
<kw name="Log" owner="BuiltIn">
<msg time="2024-08-08T15:16:57.403082" level="INFO">gender</msg>
<arg>${key}</arg>
<doc>Logs the given message with the given level.</doc>
<status status="PASS" start="2024-08-08T15:16:57.402954" elapsed="0.000166"/>
</kw>
<var name="${key}">gender</var>
<status status="PASS" start="2024-08-08T15:16:57.401534" elapsed="0.001801"/>
</iter>
<iter>
<kw name="Dictionary Should Contain Key" owner="Collections">
<arg>${json_data['results'][0]}</arg>
<arg>${key}</arg>
<doc>Fails if ``key`` is not found from ``dictionary``.</doc>
<status status="PASS" start="2024-08-08T15:16:57.403636" elapsed="0.000388"/>
</kw>
<kw name="Log" owner="BuiltIn">
<msg time="2024-08-08T15:16:57.404582" level="INFO">{'gender': 'female', 'name': {'title': 'Miss', 'first': 'Elvira', 'last': 'Løvlien'}, 'location': {'street': {'number': 7943, 'name': 'Oskar Braatens gate'}, 'city': 'Heggenes', 'state': 'Description', 'country': 'Norway', 'postcode': '5305', 'coordinates': {'latitude': '43.1208', 'longitude': '41.6185'}, 'timezone': {'offset': '-10:00', 'description': 'Hawaii'}}, 'email': 'elvira.lovlien@example.com', 'login': {'uuid': '4811ca43-bf33-4119-abc4-7d48e9d64016', 'username': 'crazykoala843', 'password': 'sebring', 'salt': '7ooghLPU', 'md5': '80afc0b50e93674e587386eba5e0f9fd', 'sha1': '59f9930d85196c26f3f373679d8e1d1457615ae6', 'sha256': '982495cc1cd3e3d6290983cbc9b3e5c3da278d04737eac92f00b4e0f942cf5b1'}, 'dob': {'date': '1960-05-19T04:04:17.839Z', 'age': 64}, 'registered': {'date': '2012-09-24T13:05:02.314Z', 'age': 11}, 'phone': '68420032', 'cell': '99856580', 'id': {'name': 'FN', 'value': '19056042418'}, 'picture': {'large': 'https://randomuser.me/api/portraits/women/88.jpg', 'medium': 'https://randomuser.me/api/portraits/med/women/88.jpg', 'thumbnail': 'https://randomuser.me/api/portraits/thumb/women/88.jpg'}, 'nat': 'NO'}</msg>
<arg>${json_data['results'][0]}</arg>
<doc>Logs the given message with the given level.</doc>
<status status="PASS" start="2024-08-08T15:16:57.404206" elapsed="0.000460"/>
</kw>
<kw name="Log" owner="BuiltIn">
<msg time="2024-08-08T15:16:57.405101" level="INFO">name</msg>
<arg>${key}</arg>
<doc>Logs the given message with the given level.</doc>
<status status="PASS" start="2024-08-08T15:16:57.404974" elapsed="0.000164"/>
</kw>
<var name="${key}">name</var>
<status status="PASS" start="2024-08-08T15:16:57.403519" elapsed="0.001834"/>
</iter>
<iter>
<kw name="Dictionary Should Contain Key" owner="Collections">
<arg>${json_data['results'][0]}</arg>
<arg>${key}</arg>
<doc>Fails if ``key`` is not found from ``dictionary``.</doc>
<status status="PASS" start="2024-08-08T15:16:57.405652" elapsed="0.000383"/>
</kw>
<kw name="Log" owner="BuiltIn">
<msg time="2024-08-08T15:16:57.406560" level="INFO">{'gender': 'female', 'name': {'title': 'Miss', 'first': 'Elvira', 'last': 'Løvlien'}, 'location': {'street': {'number': 7943, 'name': 'Oskar Braatens gate'}, 'city': 'Heggenes', 'state': 'Description', 'country': 'Norway', 'postcode': '5305', 'coordinates': {'latitude': '43.1208', 'longitude': '41.6185'}, 'timezone': {'offset': '-10:00', 'description': 'Hawaii'}}, 'email': 'elvira.lovlien@example.com', 'login': {'uuid': '4811ca43-bf33-4119-abc4-7d48e9d64016', 'username': 'crazykoala843', 'password': 'sebring', 'salt': '7ooghLPU', 'md5': '80afc0b50e93674e587386eba5e0f9fd', 'sha1': '59f9930d85196c26f3f373679d8e1d1457615ae6', 'sha256': '982495cc1cd3e3d6290983cbc9b3e5c3da278d04737eac92f00b4e0f942cf5b1'}, 'dob': {'date': '1960-05-19T04:04:17.839Z', 'age': 64}, 'registered': {'date': '2012-09-24T13:05:02.314Z', 'age': 11}, 'phone': '68420032', 'cell': '99856580', 'id': {'name': 'FN', 'value': '19056042418'}, 'picture': {'large': 'https://randomuser.me/api/portraits/women/88.jpg', 'medium': 'https://randomuser.me/api/portraits/med/women/88.jpg', 'thumbnail': 'https://randomuser.me/api/portraits/thumb/women/88.jpg'}, 'nat': 'NO'}</msg>
<arg>${json_data['results'][0]}</arg>
<doc>Logs the given message with the given level.</doc>
<status status="PASS" start="2024-08-08T15:16:57.406215" elapsed="0.000395"/>
</kw>
<kw name="Log" owner="BuiltIn">
<msg time="2024-08-08T15:16:57.407038" level="INFO">location</msg>
<arg>${key}</arg>
<doc>Logs the given message with the given level.</doc>
<status status="PASS" start="2024-08-08T15:16:57.406911" elapsed="0.000164"/>
</kw>
<var name="${key}">location</var>
<status status="PASS" start="2024-08-08T15:16:57.405528" elapsed="0.001769"/>
</iter>
<iter>
<kw name="Dictionary Should Contain Key" owner="Collections">
<arg>${json_data['results'][0]}</arg>
<arg>${key}</arg>
<doc>Fails if ``key`` is not found from ``dictionary``.</doc>
<status status="PASS" start="2024-08-08T15:16:57.407570" elapsed="0.000381"/>
</kw>
<kw name="Log" owner="BuiltIn">
<msg time="2024-08-08T15:16:57.408622" level="INFO">{'gender': 'female', 'name': {'title': 'Miss', 'first': 'Elvira', 'last': 'Løvlien'}, 'location': {'street': {'number': 7943, 'name': 'Oskar Braatens gate'}, 'city': 'Heggenes', 'state': 'Description', 'country': 'Norway', 'postcode': '5305', 'coordinates': {'latitude': '43.1208', 'longitude': '41.6185'}, 'timezone': {'offset': '-10:00', 'description': 'Hawaii'}}, 'email': 'elvira.lovlien@example.com', 'login': {'uuid': '4811ca43-bf33-4119-abc4-7d48e9d64016', 'username': 'crazykoala843', 'password': 'sebring', 'salt': '7ooghLPU', 'md5': '80afc0b50e93674e587386eba5e0f9fd', 'sha1': '59f9930d85196c26f3f373679d8e1d1457615ae6', 'sha256': '982495cc1cd3e3d6290983cbc9b3e5c3da278d04737eac92f00b4e0f942cf5b1'}, 'dob': {'date': '1960-05-19T04:04:17.839Z', 'age': 64}, 'registered': {'date': '2012-09-24T13:05:02.314Z', 'age': 11}, 'phone': '68420032', 'cell': '99856580', 'id': {'name': 'FN', 'value': '19056042418'}, 'picture': {'large': 'https://randomuser.me/api/portraits/women/88.jpg', 'medium': 'https://randomuser.me/api/portraits/med/women/88.jpg', 'thumbnail': 'https://randomuser.me/api/portraits/thumb/women/88.jpg'}, 'nat': 'NO'}</msg>
<arg>${json_data['results'][0]}</arg>
<doc>Logs the given message with the given level.</doc>
<status status="PASS" start="2024-08-08T15:16:57.408248" elapsed="0.000436"/>
</kw>
<kw name="Log" owner="BuiltIn">
<msg time="2024-08-08T15:16:57.409112" level="INFO">email</msg>
<arg>${key}</arg>
<doc>Logs the given message with the given level.</doc>
<status status="PASS" start="2024-08-08T15:16:57.408983" elapsed="0.000167"/>
</kw>
<var name="${key}">email</var>
<status status="PASS" start="2024-08-08T15:16:57.407465" elapsed="0.001902"/>
</iter>
<iter>
<kw name="Dictionary Should Contain Key" owner="Collections">
<arg>${json_data['results'][0]}</arg>
<arg>${key}</arg>
<doc>Fails if ``key`` is not found from ``dictionary``.</doc>
<status status="PASS" start="2024-08-08T15:16:57.409649" elapsed="0.000375"/>
</kw>
<kw name="Log" owner="BuiltIn">
<msg time="2024-08-08T15:16:57.410550" level="INFO">{'gender': 'female', 'name': {'title': 'Miss', 'first': 'Elvira', 'last': 'Løvlien'}, 'location': {'street': {'number': 7943, 'name': 'Oskar Braatens gate'}, 'city': 'Heggenes', 'state': 'Description', 'country': 'Norway', 'postcode': '5305', 'coordinates': {'latitude': '43.1208', 'longitude': '41.6185'}, 'timezone': {'offset': '-10:00', 'description': 'Hawaii'}}, 'email': 'elvira.lovlien@example.com', 'login': {'uuid': '4811ca43-bf33-4119-abc4-7d48e9d64016', 'username': 'crazykoala843', 'password': 'sebring', 'salt': '7ooghLPU', 'md5': '80afc0b50e93674e587386eba5e0f9fd', 'sha1': '59f9930d85196c26f3f373679d8e1d1457615ae6', 'sha256': '982495cc1cd3e3d6290983cbc9b3e5c3da278d04737eac92f00b4e0f942cf5b1'}, 'dob': {'date': '1960-05-19T04:04:17.839Z', 'age': 64}, 'registered': {'date': '2012-09-24T13:05:02.314Z', 'age': 11}, 'phone': '68420032', 'cell': '99856580', 'id': {'name': 'FN', 'value': '19056042418'}, 'picture': {'large': 'https://randomuser.me/api/portraits/women/88.jpg', 'medium': 'https://randomuser.me/api/portraits/med/women/88.jpg', 'thumbnail': 'https://randomuser.me/api/portraits/thumb/women/88.jpg'}, 'nat': 'NO'}</msg>
<arg>${json_data['results'][0]}</arg>
<doc>Logs the given message with the given level.</doc>
<status status="PASS" start="2024-08-08T15:16:57.410204" elapsed="0.000395"/>
</kw>
<kw name="Log" owner="BuiltIn">
<msg time="2024-08-08T15:16:57.411030" level="INFO">login</msg>
<arg>${key}</arg>
<doc>Logs the given message with the given level.</doc>
<status status="PASS" start="2024-08-08T15:16:57.410890" elapsed="0.000177"/>
</kw>
<var name="${key}">login</var>
<status status="PASS" start="2024-08-08T15:16:57.409541" elapsed="0.001739"/>
</iter>
<var>${key}</var>
<value>@{expected_keys}</value>
<status status="PASS" start="2024-08-08T15:16:57.401339" elapsed="0.010059"/>
</for>
<kw name="Create List" owner="BuiltIn">
<msg time="2024-08-08T15:16:57.411721" level="INFO">${expected_keysTwo} = ['username', 'password']</msg>
<var>${expected_keysTwo}</var>
<arg>username</arg>
<arg>password</arg>
<doc>Returns a list containing given items.</doc>
<status status="PASS" start="2024-08-08T15:16:57.411587" elapsed="0.000157"/>
</kw>
<for flavor="IN">
<iter>
<kw name="Dictionary Should Contain Key" owner="Collections">
<arg>${json_data['results'][0]['login']}</arg>
<arg>${keyTwo}</arg>
<doc>Fails if ``key`` is not found from ``dictionary``.</doc>
<status status="PASS" start="2024-08-08T15:16:57.412265" elapsed="0.000431"/>
</kw>
<kw name="Dictionary Should Contain Key" owner="Collections">
<arg>${json_data['results'][0]['login']}</arg>
<arg>${keyTwo}</arg>
<doc>Fails if ``key`` is not found from ``dictionary``.</doc>
<status status="PASS" start="2024-08-08T15:16:57.412880" elapsed="0.000371"/>
</kw>
<kw name="Log" owner="BuiltIn">
<msg time="2024-08-08T15:16:57.413547" level="INFO">username</msg>
<arg>${keyTwo}</arg>
<doc>Logs the given message with the given level.</doc>
<status status="PASS" start="2024-08-08T15:16:57.413428" elapsed="0.000157"/>
</kw>
<var name="${keyTwo}">username</var>
<status status="PASS" start="2024-08-08T15:16:57.412159" elapsed="0.001645"/>
</iter>
<iter>
<kw name="Dictionary Should Contain Key" owner="Collections">
<arg>${json_data['results'][0]['login']}</arg>
<arg>${keyTwo}</arg>
<doc>Fails if ``key`` is not found from ``dictionary``.</doc>
<status status="PASS" start="2024-08-08T15:16:57.414081" elapsed="0.000389"/>
</kw>
<kw name="Dictionary Should Contain Key" owner="Collections">
<arg>${json_data['results'][0]['login']}</arg>
<arg>${keyTwo}</arg>
<doc>Fails if ``key`` is not found from ``dictionary``.</doc>
<status status="PASS" start="2024-08-08T15:16:57.414648" elapsed="0.000381"/>
</kw>
<kw name="Log" owner="BuiltIn">
<msg time="2024-08-08T15:16:57.415324" level="INFO">password</msg>
<arg>${keyTwo}</arg>
<doc>Logs the given message with the given level.</doc>
<status status="PASS" start="2024-08-08T15:16:57.415205" elapsed="0.000155"/>
</kw>
<var name="${keyTwo}">password</var>
<status status="PASS" start="2024-08-08T15:16:57.413975" elapsed="0.001604"/>
</iter>
<var>${keyTwo}</var>
<value>@{expected_keysTwo}</value>
<status status="PASS" start="2024-08-08T15:16:57.412008" elapsed="0.003691"/>
</for>
<status status="PASS" start="2024-08-08T15:16:55.501273" elapsed="1.914566"/>
</kw>
<doc>Testa a estrutura da resposta da API.</doc>
<tag>testeEstruturaResposta</tag>
<status status="PASS" start="2024-08-08T15:16:55.500670" elapsed="1.915326"/>
</test>
<test id="s1-s1-t4" name="Validar tipos de dados" line="28">
<kw name="Teste de Tipos de Dados" owner="random-user-service">
<kw name="GET On Session" owner="RequestsLibrary">
<msg time="2024-08-08T15:16:58.346162" level="INFO">GET Request : url=https://randomuser.me/api 
 path_url=/api 
 headers={'User-Agent': 'python-requests/2.32.3', 'Accept-Encoding': 'gzip, deflate', 'Accept': '*/*', 'Connection': 'keep-alive'} 
 body=None 
 </msg>
<msg time="2024-08-08T15:16:58.346264" level="INFO">GET Response : url=https://randomuser.me/api 
 status=200, reason=OK 
 headers={'Date': 'Thu, 08 Aug 2024 15:16:58 GMT', 'Content-Type': 'application/json; charset=utf-8', 'Transfer-Encoding': 'chunked', 'Connection': 'keep-alive', 'X-Powered-By': 'Express', 'Access-Control-Allow-Origin': '*', 'Cache-Control': 'no-cache', 'ETag': 'W/"46e-OJ3IQJ8tiAbpN2lh8sELzA9Ou+8"', 'Vary': 'Accept-Encoding', 'Content-Encoding': 'gzip', 'CF-Cache-Status': 'DYNAMIC', 'Report-To': '{"endpoints":[{"url":"https:\\/\\/a.nel.cloudflare.com\\/report\\/v4?s=A41Kqmc9e0O%2FskLw1qDVR6XkOXuxNd4g7SBLwVH2MsT1nFiELngtEZQM81BdN%2BIP1YIcrOuyFTOyvyyTxLMp22%2FkEDU1uEG8bj6rd7qLl83HMqlk8lRpXOVFFJUGAgXo"}],"group":"cf-nel","max_age":604800}', 'NEL': '{"success_fraction":0,"report_to":"cf-nel","max_age":604800}', 'Server': 'cloudflare', 'CF-RAY': '8b007872ee92c96f-IAD', 'alt-svc': 'h3=":443"; ma=86400'} 
 body={"results":[{"gender":"male","name":{"title":"Mr","first":"پوریا","last":"سالاری"},"location":{"street":{"number":1044,"name":"واعظی"},"city":"بجنورد","state":"گیلان","country":"Iran","postcode":28245,"coordinates":{"latitude":"15.6908","longitude":"-105.9854"},"timezone":{"offset":"-2:00","description":"Mid-Atlantic"}},"email":"pwry.slry@example.com","login":{"uuid":"f451d3f3-e35e-4e63-b3f5-ff518edffdcd","username":"yellowgoose954","password":"chloe","salt":"4lu44zo7","md5":"2c36daac9b073f47be2ffc70a95a8950","sha1":"d9f2b40e11a86085aa23df0cf177d0d67b438f70","sha256":"7894992eb6a1a73e1eed58da580bd1718fc7774158a65512f0ce20687f735bda"},"dob":{"date":"1999-08-11T07:03:12.334Z","age":24},"registered":{"date":"2009-04-05T12:00:51.517Z","age":15},"phone":"058-89987829","cell":"0993-489-6077","id":{"name":"","value":null},"picture":{"large":"https://randomuser.me/api/portraits/men/7.jpg","medium":"https://randomuser.me/api/portraits/med/men/7.jpg","thumbnail":"https://randomuser.me/api/portraits/thumb/men/7.jpg"},"nat":"IR"}],"info":{"seed":"fe0f77334fabdd9b","results":1,"page":1,"version":"1.4"}} 
 </msg>
<msg time="2024-08-08T15:16:58.346340" level="INFO">/opt/hostedtoolcache/Python/3.12.4/x64/lib/python3.12/site-packages/urllib3/connectionpool.py:1099: InsecureRequestWarning: Unverified HTTPS request is being made to host 'randomuser.me'. Adding certificate verification is strongly advised. See: https://urllib3.readthedocs.io/en/latest/advanced-usage.html#tls-warnings
  warnings.warn(</msg>
<msg time="2024-08-08T15:16:58.346461" level="INFO">${response} = &lt;Response [200]&gt;</msg>
<var>${response}</var>
<arg>consultarAPI</arg>
<arg>/api</arg>
<doc>Sends a GET request on a previously created HTTP Session.</doc>
<status status="PASS" start="2024-08-08T15:16:57.418487" elapsed="0.928000"/>
</kw>
<kw name="Set Variable" owner="BuiltIn">
<msg time="2024-08-08T15:16:58.347599" level="INFO">${json_data} = {'results': [{'gender': 'male', 'name': {'title': 'Mr', 'first': 'پوریا', 'last': 'سالاری'}, 'location': {'street': {'number': 1044, 'name': 'واعظی'}, 'city': 'بجنورد', 'state': 'گیلان', 'country': 'I...</msg>
<var>${json_data}</var>
<arg>${response.json()}</arg>
<doc>Returns the given values which can then be assigned to a variables.</doc>
<status status="PASS" start="2024-08-08T15:16:58.347061" elapsed="0.000568"/>
</kw>
<kw name="Log" owner="BuiltIn">
<msg time="2024-08-08T15:16:58.348109" level="INFO">{'results': [{'gender': 'male', 'name': {'title': 'Mr', 'first': 'پوریا', 'last': 'سالاری'}, 'location': {'street': {'number': 1044, 'name': 'واعظی'}, 'city': 'بجنورد', 'state': 'گیلان', 'country': 'Iran', 'postcode': 28245, 'coordinates': {'latitude': '15.6908', 'longitude': '-105.9854'}, 'timezone': {'offset': '-2:00', 'description': 'Mid-Atlantic'}}, 'email': 'pwry.slry@example.com', 'login': {'uuid': 'f451d3f3-e35e-4e63-b3f5-ff518edffdcd', 'username': 'yellowgoose954', 'password': 'chloe', 'salt': '4lu44zo7', 'md5': '2c36daac9b073f47be2ffc70a95a8950', 'sha1': 'd9f2b40e11a86085aa23df0cf177d0d67b438f70', 'sha256': '7894992eb6a1a73e1eed58da580bd1718fc7774158a65512f0ce20687f735bda'}, 'dob': {'date': '1999-08-11T07:03:12.334Z', 'age': 24}, 'registered': {'date': '2009-04-05T12:00:51.517Z', 'age': 15}, 'phone': '058-89987829', 'cell': '0993-489-6077', 'id': {'name': '', 'value': None}, 'picture': {'large': 'https://randomuser.me/api/portraits/men/7.jpg', 'medium': 'https://randomuser.me/api/portraits/med/men/7.jpg', 'thumbnail': 'https://randomuser.me/api/portraits/thumb/men/7.jpg'}, 'nat': 'IR'}], 'info': {'seed': 'fe0f77334fabdd9b', 'results': 1, 'page': 1, 'version': '1.4'}}</msg>
<arg>${json_data}</arg>
<doc>Logs the given message with the given level.</doc>
<status status="PASS" start="2024-08-08T15:16:58.347946" elapsed="0.000212"/>
</kw>
<kw name="Should Be String" owner="String">
<arg>${json_data['results'][0]['gender']}</arg>
<doc>Fails if the given ``item`` is not a string.</doc>
<status status="PASS" start="2024-08-08T15:16:58.348450" elapsed="0.000404"/>
</kw>
<kw name="Should Match Regexp" owner="BuiltIn">
<arg>${json_data['results'][0]['email']}</arg>
<arg>^[a-zA-Z0-9._%+-]+@[a-zA-Z0-9.-]+\.[a-zA-Z]{2,}$</arg>
<doc>Fails if ``string`` does not match ``pattern`` as a regular expression.</doc>
<status status="PASS" start="2024-08-08T15:16:58.349049" elapsed="0.000518"/>
</kw>
<kw name="Should Match Regexp" owner="BuiltIn">
<arg>${json_data['results'][0]['dob']['date']}</arg>
<arg>\\d{4}-\\d{2}-\\d{2}T\\d{2}:\\d{2}:\\d{2}\\.\\d{3}Z</arg>
<doc>Fails if ``string`` does not match ``pattern`` as a regular expression.</doc>
<status status="PASS" start="2024-08-08T15:16:58.349802" elapsed="0.000638"/>
</kw>
<kw name="Should Match Regexp" owner="BuiltIn">
<arg>${json_data['results'][0]['registered']['date']}</arg>
<arg>\\d{4}-\\d{2}-\\d{2}T\\d{2}:\\d{2}:\\d{2}\\.\\d{3}Z</arg>
<doc>Fails if ``string`` does not match ``pattern`` as a regular expression.</doc>
<status status="PASS" start="2024-08-08T15:16:58.350636" elapsed="0.000369"/>
</kw>
<kw name="Should Match Regexp" owner="BuiltIn">
<arg>${json_data['results'][0]['picture']['large']}</arg>
<arg>^https?://.*\.(?:png|jpe?g|gif|bmp)$</arg>
<doc>Fails if ``string`` does not match ``pattern`` as a regular expression.</doc>
<status status="PASS" start="2024-08-08T15:16:58.351190" elapsed="0.000459"/>
</kw>
<kw name="Should Match Regexp" owner="BuiltIn">
<arg>${json_data['results'][0]['picture']['medium']}</arg>
<arg>^https?://.*\.(?:png|jpe?g|gif|bmp)$</arg>
<doc>Fails if ``string`` does not match ``pattern`` as a regular expression.</doc>
<status status="PASS" start="2024-08-08T15:16:58.351836" elapsed="0.000351"/>
</kw>
<kw name="Should Match Regexp" owner="BuiltIn">
<arg>${json_data['results'][0]['picture']['thumbnail']}</arg>
<arg>^https?://.*\.(?:png|jpe?g|gif|bmp)$</arg>
<doc>Fails if ``string`` does not match ``pattern`` as a regular expression.</doc>
<status status="PASS" start="2024-08-08T15:16:58.352368" elapsed="0.000382"/>
</kw>
<kw name="Log" owner="BuiltIn">
<msg time="2024-08-08T15:16:58.353251" level="INFO">{'large': 'https://randomuser.me/api/portraits/men/7.jpg', 'medium': 'https://randomuser.me/api/portraits/med/men/7.jpg', 'thumbnail': 'https://randomuser.me/api/portraits/thumb/men/7.jpg'}</msg>
<arg>${json_data['results'][0]['picture']}</arg>
<doc>Logs the given message with the given level.</doc>
<status status="PASS" start="2024-08-08T15:16:58.352930" elapsed="0.000364"/>
</kw>
<status status="PASS" start="2024-08-08T15:16:57.418252" elapsed="0.935303"/>
</kw>
<kw name="Teste de Tipos de Dados - Postcode" owner="random-user-service">
<kw name="GET On Session" owner="RequestsLibrary">
<msg time="2024-08-08T15:16:58.840708" level="INFO">GET Request : url=https://randomuser.me/api 
 path_url=/api 
 headers={'User-Agent': 'python-requests/2.32.3', 'Accept-Encoding': 'gzip, deflate', 'Accept': '*/*', 'Connection': 'keep-alive'} 
 body=None 
 </msg>
<msg time="2024-08-08T15:16:58.840818" level="INFO">GET Response : url=https://randomuser.me/api 
 status=200, reason=OK 
 headers={'Date': 'Thu, 08 Aug 2024 15:16:58 GMT', 'Content-Type': 'application/json; charset=utf-8', 'Transfer-Encoding': 'chunked', 'Connection': 'keep-alive', 'X-Powered-By': 'Express', 'Access-Control-Allow-Origin': '*', 'Cache-Control': 'no-cache', 'ETag': 'W/"49e-n9yUgJTmc4nB9LUV/5c2GiWIB38"', 'Vary': 'Accept-Encoding', 'Content-Encoding': 'gzip', 'CF-Cache-Status': 'DYNAMIC', 'Report-To': '{"endpoints":[{"url":"https:\\/\\/a.nel.cloudflare.com\\/report\\/v4?s=0%2FqAeXAqc5g9xRbvuF4GG%2FVs7mdyQmWBkuDi2NcrdnfvceBppxnQ446lBXJO5O6CQqZ%2FnHJ%2FH2QSqDHX13MAigK5coSQmQVqtDkXbkr4KYdgPVE%2FGnWocS4UH3oMOUmu"}],"group":"cf-nel","max_age":604800}', 'NEL': '{"success_fraction":0,"report_to":"cf-nel","max_age":604800}', 'Server': 'cloudflare', 'CF-RAY': '8b007878bde0c96f-IAD', 'alt-svc': 'h3=":443"; ma=86400'} 
 body={"results":[{"gender":"female","name":{"title":"Mrs","first":"Marisela","last":"Fonseca"},"location":{"street":{"number":2980,"name":"Corredor Vera"},"city":"Jecopaco","state":"Zacatecas","country":"Mexico","postcode":56282,"coordinates":{"latitude":"27.6158","longitude":"176.8011"},"timezone":{"offset":"-3:00","description":"Brazil, Buenos Aires, Georgetown"}},"email":"marisela.fonseca@example.com","login":{"uuid":"a555486f-890d-4061-980b-82d3212b0d29","username":"sadleopard264","password":"0815","salt":"Jb2aAewH","md5":"5500873602761cff9fe687b20d26d4ca","sha1":"d68357ad7dcfe23bc78ef3bc7a2bfa672cc1deb2","sha256":"6270a16a57a53598c72fb93bab953ce4586ab1c745bcffee0a9c4257264bc8a2"},"dob":{"date":"1994-04-02T02:49:50.813Z","age":30},"registered":{"date":"2006-04-01T05:14:51.958Z","age":18},"phone":"(601) 708 1605","cell":"(655) 817 8241","id":{"name":"NSS","value":"29 04 34 6545 1"},"picture":{"large":"https://randomuser.me/api/portraits/women/13.jpg","medium":"https://randomuser.me/api/portraits/med/women/13.jpg","thumbnail":"https://randomuser.me/api/portraits/thumb/women/13.jpg"},"nat":"MX"}],"info":{"seed":"aa5e427d7d53f303","results":1,"page":1,"version":"1.4"}} 
 </msg>
<msg time="2024-08-08T15:16:58.840905" level="INFO">/opt/hostedtoolcache/Python/3.12.4/x64/lib/python3.12/site-packages/urllib3/connectionpool.py:1099: InsecureRequestWarning: Unverified HTTPS request is being made to host 'randomuser.me'. Adding certificate verification is strongly advised. See: https://urllib3.readthedocs.io/en/latest/advanced-usage.html#tls-warnings
  warnings.warn(</msg>
<msg time="2024-08-08T15:16:58.841036" level="INFO">${response} = &lt;Response [200]&gt;</msg>
<var>${response}</var>
<arg>consultarAPI</arg>
<arg>/api</arg>
<doc>Sends a GET request on a previously created HTTP Session.</doc>
<status status="PASS" start="2024-08-08T15:16:58.354014" elapsed="0.487077"/>
</kw>
<kw name="Set Variable" owner="BuiltIn">
<msg time="2024-08-08T15:16:58.842115" level="INFO">${json_data} = {'results': [{'gender': 'female', 'name': {'title': 'Mrs', 'first': 'Marisela', 'last': 'Fonseca'}, 'location': {'street': {'number': 2980, 'name': 'Corredor Vera'}, 'city': 'Jecopaco', 'state': 'Zaca...</msg>
<var>${json_data}</var>
<arg>${response.json()}</arg>
<doc>Returns the given values which can then be assigned to a variables.</doc>
<status status="PASS" start="2024-08-08T15:16:58.841590" elapsed="0.000553"/>
</kw>
<kw name="Log" owner="BuiltIn">
<msg time="2024-08-08T15:16:58.842602" level="INFO">{'results': [{'gender': 'female', 'name': {'title': 'Mrs', 'first': 'Marisela', 'last': 'Fonseca'}, 'location': {'street': {'number': 2980, 'name': 'Corredor Vera'}, 'city': 'Jecopaco', 'state': 'Zacatecas', 'country': 'Mexico', 'postcode': 56282, 'coordinates': {'latitude': '27.6158', 'longitude': '176.8011'}, 'timezone': {'offset': '-3:00', 'description': 'Brazil, Buenos Aires, Georgetown'}}, 'email': 'marisela.fonseca@example.com', 'login': {'uuid': 'a555486f-890d-4061-980b-82d3212b0d29', 'username': 'sadleopard264', 'password': '0815', 'salt': 'Jb2aAewH', 'md5': '5500873602761cff9fe687b20d26d4ca', 'sha1': 'd68357ad7dcfe23bc78ef3bc7a2bfa672cc1deb2', 'sha256': '6270a16a57a53598c72fb93bab953ce4586ab1c745bcffee0a9c4257264bc8a2'}, 'dob': {'date': '1994-04-02T02:49:50.813Z', 'age': 30}, 'registered': {'date': '2006-04-01T05:14:51.958Z', 'age': 18}, 'phone': '(601) 708 1605', 'cell': '(655) 817 8241', 'id': {'name': 'NSS', 'value': '29 04 34 6545 1'}, 'picture': {'large': 'https://randomuser.me/api/portraits/women/13.jpg', 'medium': 'https://randomuser.me/api/portraits/med/women/13.jpg', 'thumbnail': 'https://randomuser.me/api/portraits/thumb/women/13.jpg'}, 'nat': 'MX'}], 'info': {'seed': 'aa5e427d7d53f303', 'results': 1, 'page': 1, 'version': '1.4'}}</msg>
<arg>${json_data}</arg>
<doc>Logs the given message with the given level.</doc>
<status status="PASS" start="2024-08-08T15:16:58.842445" elapsed="0.000204"/>
</kw>
<kw name="Should Be Equal As Numbers" owner="BuiltIn">
<arg>${json_data['results'][0]['location']['postcode']}</arg>
<arg>${json_data['results'][0]['location']['postcode']}</arg>
<doc>Fails if objects are unequal after converting them to real numbers.</doc>
<status status="PASS" start="2024-08-08T15:16:58.842941" elapsed="0.000619"/>
</kw>
<kw name="Log" owner="BuiltIn">
<msg time="2024-08-08T15:16:58.844086" level="INFO">56282</msg>
<arg>${json_data['results'][0]['location']['postcode']}</arg>
<doc>Logs the given message with the given level.</doc>
<status status="PASS" start="2024-08-08T15:16:58.843749" elapsed="0.000379"/>
</kw>
<status status="PASS" start="2024-08-08T15:16:58.353786" elapsed="0.490632"/>
</kw>
<doc>Testa se os tipos de dados na resposta da API estão corretos.</doc>
<tag>testeTiposDados</tag>
<status status="PASS" start="2024-08-08T15:16:57.417778" elapsed="1.426842"/>
</test>
<test id="s1-s1-t5" name="Validar conteudo" line="35">
<kw name="Teste de Tipos de Conteudo" owner="random-user-service">
<kw name="GET On Session" owner="RequestsLibrary">
<msg time="2024-08-08T15:16:59.381836" level="INFO">GET Request : url=https://randomuser.me/api 
 path_url=/api 
 headers={'User-Agent': 'python-requests/2.32.3', 'Accept-Encoding': 'gzip, deflate', 'Accept': '*/*', 'Connection': 'keep-alive'} 
 body=None 
 </msg>
<msg time="2024-08-08T15:16:59.381951" level="INFO">GET Response : url=https://randomuser.me/api 
 status=200, reason=OK 
 headers={'Date': 'Thu, 08 Aug 2024 15:16:59 GMT', 'Content-Type': 'application/json; charset=utf-8', 'Transfer-Encoding': 'chunked', 'Connection': 'keep-alive', 'X-Powered-By': 'Express', 'Access-Control-Allow-Origin': '*', 'Cache-Control': 'no-cache', 'ETag': 'W/"49c-/vbkFi7SqorkjhZoPPjoSoWYMQg"', 'Vary': 'Accept-Encoding', 'Content-Encoding': 'gzip', 'CF-Cache-Status': 'DYNAMIC', 'Report-To': '{"endpoints":[{"url":"https:\\/\\/a.nel.cloudflare.com\\/report\\/v4?s=pYH1dxrTXgVlMLjMgcm9trjn8gnhxSLzw1tXYDlybbBJiI1B6LhPStHZq1CdKIzYUzfM3HBrIgU4HAt1quKZz8F3hHFSiL3Bhx0oJBOYIE09zXS3ThLufOavsYDr34g%2F"}],"group":"cf-nel","max_age":604800}', 'NEL': '{"success_fraction":0,"report_to":"cf-nel","max_age":604800}', 'Server': 'cloudflare', 'CF-RAY': '8b00787bde92c96f-IAD', 'alt-svc': 'h3=":443"; ma=86400'} 
 body={"results":[{"gender":"male","name":{"title":"Mr","first":"Vorotislav","last":"Ignatyuk"},"location":{"street":{"number":8717,"name":"Goncha"},"city":"Krasnogorivka","state":"Zhitomirska","country":"Ukraine","postcode":86961,"coordinates":{"latitude":"80.4678","longitude":"-101.1478"},"timezone":{"offset":"0:00","description":"Western Europe Time, London, Lisbon, Casablanca"}},"email":"vorotislav.ignatyuk@example.com","login":{"uuid":"356d473d-2b69-479e-b49d-22ff4e8ca12a","username":"purpleswan265","password":"common","salt":"jUxKBJ5T","md5":"d678afbee97c0610bb00040f5a56622e","sha1":"aca6327268bcf7630a5aacfe5af50b9df7edac1f","sha256":"98305bcc3577a47929b3707eda61fdcba0b977ba06241237316e968798465633"},"dob":{"date":"1952-04-04T00:11:36.309Z","age":72},"registered":{"date":"2021-04-03T05:26:40.896Z","age":3},"phone":"(067) X57-6016","cell":"(096) Y96-2976","id":{"name":"","value":null},"picture":{"large":"https://randomuser.me/api/portraits/men/99.jpg","medium":"https://randomuser.me/api/portraits/med/men/99.jpg","thumbnail":"https://randomuser.me/api/portraits/thumb/men/99.jpg"},"nat":"UA"}],"info":{"seed":"779692ef3bf118d0","results":1,"page":1,"version":"1.4"}} 
 </msg>
<msg time="2024-08-08T15:16:59.382036" level="INFO">/opt/hostedtoolcache/Python/3.12.4/x64/lib/python3.12/site-packages/urllib3/connectionpool.py:1099: InsecureRequestWarning: Unverified HTTPS request is being made to host 'randomuser.me'. Adding certificate verification is strongly advised. See: https://urllib3.readthedocs.io/en/latest/advanced-usage.html#tls-warnings
  warnings.warn(</msg>
<msg time="2024-08-08T15:16:59.382164" level="INFO">${response} = &lt;Response [200]&gt;</msg>
<var>${response}</var>
<arg>consultarAPI</arg>
<arg>/api</arg>
<doc>Sends a GET request on a previously created HTTP Session.</doc>
<status status="PASS" start="2024-08-08T15:16:58.847380" elapsed="0.534821"/>
</kw>
<kw name="Set Variable" owner="BuiltIn">
<msg time="2024-08-08T15:16:59.383262" level="INFO">${json_data} = {'results': [{'gender': 'male', 'name': {'title': 'Mr', 'first': 'Vorotislav', 'last': 'Ignatyuk'}, 'location': {'street': {'number': 8717, 'name': 'Goncha'}, 'city': 'Krasnogorivka', 'state': 'Zhitom...</msg>
<var>${json_data}</var>
<arg>${response.json()}</arg>
<doc>Returns the given values which can then be assigned to a variables.</doc>
<status status="PASS" start="2024-08-08T15:16:59.382740" elapsed="0.000552"/>
</kw>
<kw name="Set Variable" owner="BuiltIn">
<msg time="2024-08-08T15:16:59.383980" level="INFO">${name_title} = Mr</msg>
<var>${name_title}</var>
<arg>${json_data["results"][0]["name"]["title"]}</arg>
<doc>Returns the given values which can then be assigned to a variables.</doc>
<status status="PASS" start="2024-08-08T15:16:59.383596" elapsed="0.000411"/>
</kw>
<kw name="Create List" owner="BuiltIn">
<msg time="2024-08-08T15:16:59.384454" level="INFO">${allowed_titles} = ['Mr', 'Ms', 'Miss', 'Mrs', 'Madame', 'Monsieur']</msg>
<var>${allowed_titles}</var>
<arg>Mr</arg>
<arg>Ms</arg>
<arg>Miss</arg>
<arg>Mrs</arg>
<arg>Madame</arg>
<arg>Monsieur</arg>
<doc>Returns a list containing given items.</doc>
<status status="PASS" start="2024-08-08T15:16:59.384302" elapsed="0.000177"/>
</kw>
<kw name="List Should Contain Value" owner="Collections">
<arg>${allowed_titles}</arg>
<arg>${name_title}</arg>
<doc>Fails if the ``value`` is not found from ``list``.</doc>
<status status="PASS" start="2024-08-08T15:16:59.384821" elapsed="0.000179"/>
</kw>
<kw name="Set Variable" owner="BuiltIn">
<msg time="2024-08-08T15:16:59.385560" level="INFO">${name_country} = UA</msg>
<var>${name_country}</var>
<arg>${json_data["results"][0]["nat"]}</arg>
<doc>Returns the given values which can then be assigned to a variables.</doc>
<status status="PASS" start="2024-08-08T15:16:59.385183" elapsed="0.000403"/>
</kw>
<kw name="Create List" owner="BuiltIn">
<msg time="2024-08-08T15:16:59.386495" level="INFO">${list_country} = ['AD', 'AE', 'AF', 'AG', 'AI', 'AL', 'AM', 'AO', 'AQ', 'AR', 'AS', 'AT', 'AU', 'AW', 'AX', 'AZ', 'BA', 'BB', 'BD', 'BE', 'BF', 'BG', 'BH', 'BI', 'BJ', 'BL', 'BM', 'BN', 'BO', 'BQ', 'BR', 'BS', 'BT', '...</msg>
<var>${list_country}</var>
<arg>AD</arg>
<arg>AE</arg>
<arg>AF</arg>
<arg>AG</arg>
<arg>AI</arg>
<arg>AL</arg>
<arg>AM</arg>
<arg>AO</arg>
<arg>AQ</arg>
<arg>AR</arg>
<arg>AS</arg>
<arg>AT</arg>
<arg>AU</arg>
<arg>AW</arg>
<arg>AX</arg>
<arg>AZ</arg>
<arg>BA</arg>
<arg>BB</arg>
<arg>BD</arg>
<arg>BE</arg>
<arg>BF</arg>
<arg>BG</arg>
<arg>BH</arg>
<arg>BI</arg>
<arg>BJ</arg>
<arg>BL</arg>
<arg>BM</arg>
<arg>BN</arg>
<arg>BO</arg>
<arg>BQ</arg>
<arg>BR</arg>
<arg>BS</arg>
<arg>BT</arg>
<arg>BV</arg>
<arg>BW</arg>
<arg>BY</arg>
<arg>BZ</arg>
<arg>CA</arg>
<arg>CC</arg>
<arg>CD</arg>
<arg>CF</arg>
<arg>CG</arg>
<arg>CH</arg>
<arg>CI</arg>
<arg>CK</arg>
<arg>CL</arg>
<arg>CM</arg>
<arg>CN</arg>
<arg>CO</arg>
<arg>CR</arg>
<arg>CU</arg>
<arg>CV</arg>
<arg>CW</arg>
<arg>CX</arg>
<arg>CY</arg>
<arg>CZ</arg>
<arg>DE</arg>
<arg>DJ</arg>
<arg>DK</arg>
<arg>DM</arg>
<arg>DO</arg>
<arg>DZ</arg>
<arg>EC</arg>
<arg>EE</arg>
<arg>EG</arg>
<arg>EH</arg>
<arg>ER</arg>
<arg>ES</arg>
<arg>ET</arg>
<arg>FI</arg>
<arg>FJ</arg>
<arg>FK</arg>
<arg>FM</arg>
<arg>FO</arg>
<arg>FR</arg>
<arg>GA</arg>
<arg>GB</arg>
<arg>GD</arg>
<arg>GE</arg>
<arg>GF</arg>
<arg>GG</arg>
<arg>GH</arg>
<arg>GI</arg>
<arg>GL</arg>
<arg>GM</arg>
<arg>GN</arg>
<arg>GP</arg>
<arg>GQ</arg>
<arg>GR</arg>
<arg>GS</arg>
<arg>GT</arg>
<arg>GU</arg>
<arg>GW</arg>
<arg>GY</arg>
<arg>HK</arg>
<arg>HM</arg>
<arg>HN</arg>
<arg>HR</arg>
<arg>HT</arg>
<arg>HU</arg>
<arg>ID</arg>
<arg>IE</arg>
<arg>IL</arg>
<arg>IM</arg>
<arg>IN</arg>
<arg>IO</arg>
<arg>IQ</arg>
<arg>IR</arg>
<arg>IS</arg>
<arg>IT</arg>
<arg>JE</arg>
<arg>JM</arg>
<arg>JO</arg>
<arg>JP</arg>
<arg>KE</arg>
<arg>KG</arg>
<arg>KH</arg>
<arg>KI</arg>
<arg>KM</arg>
<arg>KN</arg>
<arg>KP</arg>
<arg>KR</arg>
<arg>KW</arg>
<arg>KY</arg>
<arg>KZ</arg>
<arg>LA</arg>
<arg>LB</arg>
<arg>LC</arg>
<arg>LI</arg>
<arg>LK</arg>
<arg>LR</arg>
<arg>LS</arg>
<arg>LT</arg>
<arg>LU</arg>
<arg>LV</arg>
<arg>LY</arg>
<arg>MA</arg>
<arg>MC</arg>
<arg>MD</arg>
<arg>ME</arg>
<arg>MF</arg>
<arg>MG</arg>
<arg>MH</arg>
<arg>MK</arg>
<arg>ML</arg>
<arg>MM</arg>
<arg>MN</arg>
<arg>MO</arg>
<arg>MP</arg>
<arg>MQ</arg>
<arg>MR</arg>
<arg>MS</arg>
<arg>MT</arg>
<arg>MU</arg>
<arg>MV</arg>
<arg>MW</arg>
<arg>MX</arg>
<arg>MY</arg>
<arg>MZ</arg>
<arg>NA</arg>
<arg>NC</arg>
<arg>NE</arg>
<arg>NF</arg>
<arg>NG</arg>
<arg>NI</arg>
<arg>NL</arg>
<arg>NO</arg>
<arg>NP</arg>
<arg>NR</arg>
<arg>NU</arg>
<arg>NZ</arg>
<arg>OM</arg>
<arg>PA</arg>
<arg>PE</arg>
<arg>PF</arg>
<arg>PG</arg>
<arg>PH</arg>
<arg>PK</arg>
<arg>PL</arg>
<arg>PM</arg>
<arg>PN</arg>
<arg>PR</arg>
<arg>PS</arg>
<arg>PT</arg>
<arg>PW</arg>
<arg>PY</arg>
<arg>QA</arg>
<arg>RE</arg>
<arg>RO</arg>
<arg>RS</arg>
<arg>RU</arg>
<arg>RW</arg>
<arg>SA</arg>
<arg>SB</arg>
<arg>SC</arg>
<arg>SD</arg>
<arg>SE</arg>
<arg>SG</arg>
<arg>SH</arg>
<arg>SI</arg>
<arg>SJ</arg>
<arg>SK</arg>
<arg>SL</arg>
<arg>SM</arg>
<arg>SN</arg>
<arg>SO</arg>
<arg>SR</arg>
<arg>SS</arg>
<arg>ST</arg>
<arg>SV</arg>
<arg>SX</arg>
<arg>SY</arg>
<arg>SZ</arg>
<arg>TC</arg>
<arg>TD</arg>
<arg>TF</arg>
<arg>TG</arg>
<arg>TH</arg>
<arg>TJ</arg>
<arg>TK</arg>
<arg>TL</arg>
<arg>TM</arg>
<arg>TN</arg>
<arg>TO</arg>
<arg>TR</arg>
<arg>TT</arg>
<arg>TV</arg>
<arg>TW</arg>
<arg>TZ</arg>
<arg>UA</arg>
<arg>UG</arg>
<arg>UM</arg>
<arg>US</arg>
<arg>UY</arg>
<arg>UZ</arg>
<arg>VA</arg>
<arg>VC</arg>
<arg>VE</arg>
<arg>VG</arg>
<arg>VI</arg>
<arg>VN</arg>
<arg>VU</arg>
<arg>WF</arg>
<arg>WS</arg>
<arg>XK</arg>
<arg>YE</arg>
<arg>YT</arg>
<arg>ZA</arg>
<arg>ZM</arg>
<arg>ZW</arg>
<doc>Returns a list containing given items.</doc>
<status status="PASS" start="2024-08-08T15:16:59.385878" elapsed="0.000643"/>
</kw>
<kw name="List Should Contain Value" owner="Collections">
<arg>${list_country}</arg>
<arg>${name_country}</arg>
<doc>Fails if the ``value`` is not found from ``list``.</doc>
<status status="PASS" start="2024-08-08T15:16:59.387504" elapsed="0.000211"/>
</kw>
<kw name="Run Keyword If" owner="BuiltIn">
<kw name="Should Be True" owner="BuiltIn">
<arg>${True}</arg>
<doc>Fails if the given condition is not true.</doc>
<status status="PASS" start="2024-08-08T15:16:59.388693" elapsed="0.000150"/>
</kw>
<arg>${json_data["results"][0]["location"]["coordinates"]["latitude"]} &gt;= -90 and ${json_data["results"][0]["location"]["coordinates"]["latitude"]} &lt;= 90</arg>
<arg>Should Be True</arg>
<arg>${True}</arg>
<doc>Runs the given keyword with the given arguments, if ``condition`` is true.</doc>
<status status="PASS" start="2024-08-08T15:16:59.387913" elapsed="0.001056"/>
</kw>
<kw name="Run Keyword If" owner="BuiltIn">
<kw name="Should Be True" owner="BuiltIn">
<arg>${True}</arg>
<doc>Fails if the given condition is not true.</doc>
<status status="PASS" start="2024-08-08T15:16:59.389837" elapsed="0.000139"/>
</kw>
<arg>${json_data["results"][0]["location"]["coordinates"]["longitude"]} &gt;= -180 and ${json_data["results"][0]["location"]["coordinates"]["longitude"]} &lt;= 180</arg>
<arg>Should Be True</arg>
<arg>${True}</arg>
<doc>Runs the given keyword with the given arguments, if ``condition`` is true.</doc>
<status status="PASS" start="2024-08-08T15:16:59.389148" elapsed="0.000951"/>
</kw>
<status status="PASS" start="2024-08-08T15:16:58.847008" elapsed="0.543234"/>
</kw>
<doc>Testa o conteúdo específico dos campos retornados pela API.</doc>
<tag>testeConteudo</tag>
<status status="PASS" start="2024-08-08T15:16:58.846372" elapsed="0.544025"/>
</test>
<status status="PASS" start="2024-08-08T15:16:52.779270" elapsed="6.613038"/>
</suite>
<status status="PASS" start="2024-08-08T15:16:52.764666" elapsed="6.632820"/>
</suite>
<statistics>
<total>
<stat pass="5" fail="0" skip="0">All Tests</stat>
</total>
<tag>
<stat pass="1" fail="0" skip="0">testeConteudo</stat>
<stat pass="1" fail="0" skip="0">testeEstruturaResposta</stat>
<stat pass="1" fail="0" skip="0">testeRequisicaoBasica</stat>
<stat pass="1" fail="0" skip="0">testeTiposDados</stat>
</tag>
<suite>
<stat pass="5" fail="0" skip="0" id="s1" name="Tests">Tests</stat>
<stat pass="5" fail="0" skip="0" id="s1-s1" name="Random-User-Test">Tests.Random-User-Test</stat>
</suite>
</statistics>
<errors>
</errors>
</robot>
