<?xml version="1.0" encoding="UTF-8"?>
<robot generator="Robot 7.0 (Python 3.12.2 on linux)" generated="2024-03-22T12:24:25.015326" rpa="false" schemaversion="5">
<suite id="s1" name="Tests" source="/home/runner/work/DesafioQAItauRogerioJordao/DesafioQAItauRogerioJordao/RamdonUser/tests">
<suite id="s1-s1" name="Random-User-Test" source="/home/runner/work/DesafioQAItauRogerioJordao/DesafioQAItauRogerioJordao/RamdonUser/tests/random-user-test.robot">
<test id="s1-s1-t1" name="Conectar" line="13">
<kw name="Conectar API" owner="random-user-service">
<kw name="Create Session" owner="RequestsLibrary">
<msg time="2024-03-22T12:24:25.399800" level="INFO">Creating Session using : alias=consultarAPI, url=https://randomuser.me/, headers={},                     cookies={}, auth=None, timeout=None, proxies=None, verify=False,                     debug=0 </msg>
<arg>consultarAPI</arg>
<arg>${URL}</arg>
<doc>Create Session: create a HTTP session to a server</doc>
<status status="PASS" start="2024-03-22T12:24:25.399584" elapsed="0.000410"/>
</kw>
<status status="PASS" start="2024-03-22T12:24:25.398511" elapsed="0.001901"/>
</kw>
<status status="PASS" start="2024-03-22T12:24:25.397897" elapsed="0.002838"/>
</test>
<test id="s1-s1-t2" name="Validar retorno 200 e JSON Válido" line="16">
<kw name="Teste de Requisicao Basica" owner="random-user-service">
<kw name="GET On Session" owner="RequestsLibrary">
<msg time="2024-03-22T12:24:25.669163" level="INFO">GET Request : url=https://randomuser.me/api 
 path_url=/api 
 headers={'User-Agent': 'python-requests/2.31.0', 'Accept-Encoding': 'gzip, deflate', 'Accept': '*/*', 'Connection': 'keep-alive'} 
 body=None 
 </msg>
<msg time="2024-03-22T12:24:25.669328" level="INFO">GET Response : url=https://randomuser.me/api 
 status=200, reason=OK 
 headers={'Date': 'Fri, 22 Mar 2024 12:24:25 GMT', 'Content-Type': 'application/json; charset=utf-8', 'Transfer-Encoding': 'chunked', 'Connection': 'keep-alive', 'X-Powered-By': 'Express', 'Access-Control-Allow-Origin': '*', 'Cache-Control': 'no-cache', 'ETag': 'W/"48c-zYf6Da7MZhyEhke3cfhZ4GlkvcU"', 'Vary': 'Accept-Encoding', 'Content-Encoding': 'gzip', 'CF-Cache-Status': 'DYNAMIC', 'Report-To': '{"endpoints":[{"url":"https:\\/\\/a.nel.cloudflare.com\\/report\\/v4?s=eysU3h1Z86tA%2BuEOFcGiGH0RhYnSHNs0VpmWXV%2FveQIjokuugtiOHD%2BFreUM5mTnog8UgKv%2FK9GWFLF5l1vXyej2Prf8Gy%2F3lDYOIdJL9YvbarZYMRAfOHLe%2BChNbK8J"}],"group":"cf-nel","max_age":604800}', 'NEL': '{"success_fraction":0,"report_to":"cf-nel","max_age":604800}', 'Server': 'cloudflare', 'CF-RAY': '86862897df5df9e0-SJC', 'alt-svc': 'h3=":443"; ma=86400'} 
 body={"results":[{"gender":"male","name":{"title":"Mr","first":"Sergio","last":"Ramos"},"location":{"street":{"number":1662,"name":"Green Rd"},"city":"Toowoomba","state":"Tasmania","country":"Australia","postcode":8773,"coordinates":{"latitude":"-89.7752","longitude":"-171.8488"},"timezone":{"offset":"+11:00","description":"Magadan, Solomon Islands, New Caledonia"}},"email":"sergio.ramos@example.com","login":{"uuid":"dbf25dbc-f646-446e-b00e-6118de233b63","username":"angrytiger485","password":"232323","salt":"8ysxsy4B","md5":"12ac4c09b7fde1550fe040e1b022c947","sha1":"741c0abc5a7df05f84c06b4753da048de9938e92","sha256":"11c97ecf30feca41f25250d1ed571de3d4d3ffaf0a9a83160f39672a2494d87f"},"dob":{"date":"1950-12-23T05:14:43.316Z","age":73},"registered":{"date":"2003-10-07T11:23:03.471Z","age":20},"phone":"08-9122-7320","cell":"0488-935-994","id":{"name":"TFN","value":"867831273"},"picture":{"large":"https://randomuser.me/api/portraits/men/54.jpg","medium":"https://randomuser.me/api/portraits/med/men/54.jpg","thumbnail":"https://randomuser.me/api/portraits/thumb/men/54.jpg"},"nat":"AU"}],"info":{"seed":"df858e51a4b5b9c9","results":1,"page":1,"version":"1.4"}} 
 </msg>
<msg time="2024-03-22T12:24:25.669448" level="INFO">/opt/hostedtoolcache/Python/3.12.2/x64/lib/python3.12/site-packages/urllib3/connectionpool.py:1103: InsecureRequestWarning: Unverified HTTPS request is being made to host 'randomuser.me'. Adding certificate verification is strongly advised. See: https://urllib3.readthedocs.io/en/latest/advanced-usage.html#tls-warnings
  warnings.warn(</msg>
<msg time="2024-03-22T12:24:25.669607" level="INFO">${response} = &lt;Response [200]&gt;</msg>
<var>${response}</var>
<arg>consultarAPI</arg>
<arg>/api</arg>
<doc>Sends a GET request on a previously created HTTP Session.</doc>
<status status="PASS" start="2024-03-22T12:24:25.403583" elapsed="0.266067"/>
</kw>
<kw name="Should Be Equal As Numbers" owner="BuiltIn">
<msg time="2024-03-22T12:24:25.670800" level="INFO">Argument types are:
&lt;class 'int'&gt;
&lt;class 'str'&gt;</msg>
<arg>${response.status_code}</arg>
<arg>200</arg>
<doc>Fails if objects are unequal after converting them to real numbers.</doc>
<status status="PASS" start="2024-03-22T12:24:25.670300" elapsed="0.000568"/>
</kw>
<kw name="Log" owner="BuiltIn">
<msg time="2024-03-22T12:24:25.671557" level="INFO">200</msg>
<arg>${response.status_code}</arg>
<doc>Logs the given message with the given level.</doc>
<status status="PASS" start="2024-03-22T12:24:25.671199" elapsed="0.000402"/>
</kw>
<kw name="Set Variable" owner="BuiltIn">
<msg time="2024-03-22T12:24:25.672394" level="INFO">${json_data} = {'results': [{'gender': 'male', 'name': {'title': 'Mr', 'first': 'Sergio', 'last': 'Ramos'}, 'location': {'street': {'number': 1662, 'name': 'Green Rd'}, 'city': 'Toowoomba', 'state': 'Tasmania', 'cou...</msg>
<var>${json_data}</var>
<arg>${response.json()}</arg>
<doc>Returns the given values which can then be assigned to a variables.</doc>
<status status="PASS" start="2024-03-22T12:24:25.671945" elapsed="0.000477"/>
</kw>
<kw name="Dictionary Should Contain Key" owner="Collections">
<msg time="2024-03-22T12:24:25.672902" level="INFO">False</msg>
<arg>${json_data}</arg>
<arg>results</arg>
<doc>Fails if ``key`` is not found from ``dictionary``.</doc>
<status status="PASS" start="2024-03-22T12:24:25.672731" elapsed="0.000211"/>
</kw>
<status status="PASS" start="2024-03-22T12:24:25.403328" elapsed="0.269882"/>
</kw>
<doc>Testa se a API responde corretamente e retorna um objeto JSON válido.</doc>
<tag>testeRequisicaoBasica</tag>
<status status="PASS" start="2024-03-22T12:24:25.402860" elapsed="0.270547"/>
</test>
<test id="s1-s1-t3" name="Validar estrutura de resposta" line="22">
<kw name="Teste de Estrutura de Resposta" owner="random-user-service">
<kw name="GET On Session" owner="RequestsLibrary">
<msg time="2024-03-22T12:24:25.767576" level="INFO">GET Request : url=https://randomuser.me/api 
 path_url=/api 
 headers={'User-Agent': 'python-requests/2.31.0', 'Accept-Encoding': 'gzip, deflate', 'Accept': '*/*', 'Connection': 'keep-alive'} 
 body=None 
 </msg>
<msg time="2024-03-22T12:24:25.767682" level="INFO">GET Response : url=https://randomuser.me/api 
 status=200, reason=OK 
 headers={'Date': 'Fri, 22 Mar 2024 12:24:25 GMT', 'Content-Type': 'application/json; charset=utf-8', 'Transfer-Encoding': 'chunked', 'Connection': 'keep-alive', 'X-Powered-By': 'Express', 'Access-Control-Allow-Origin': '*', 'Cache-Control': 'no-cache', 'ETag': 'W/"48d-l6ypxjBoATC90XMaJuq5A0zaUH8"', 'Vary': 'Accept-Encoding', 'Content-Encoding': 'gzip', 'CF-Cache-Status': 'DYNAMIC', 'Report-To': '{"endpoints":[{"url":"https:\\/\\/a.nel.cloudflare.com\\/report\\/v4?s=4kUeg85PMQToD1NF2vcOblxyG6NpwLQlxWMNegQAHqeVpnXEVw9CAXg2xUhP0KR%2BDWfnuRv5rIOSROvq%2FWcXsxcjlnZCDxNNYkg1DTq7yVeydAV6diFmQg1Q2qgATywX"}],"group":"cf-nel","max_age":604800}', 'NEL': '{"success_fraction":0,"report_to":"cf-nel","max_age":604800}', 'Server': 'cloudflare', 'CF-RAY': '868628987fcef9e0-SJC', 'alt-svc': 'h3=":443"; ma=86400'} 
 body={"results":[{"gender":"male","name":{"title":"Mr","first":"Mirobog","last":"Rizhuk"},"location":{"street":{"number":2957,"name":"Provulok Vishneviy"},"city":"Arciz","state":"Zaporizka","country":"Ukraine","postcode":90753,"coordinates":{"latitude":"80.0322","longitude":"-29.0975"},"timezone":{"offset":"+3:00","description":"Baghdad, Riyadh, Moscow, St. Petersburg"}},"email":"mirobog.rizhuk@example.com","login":{"uuid":"9b84204e-9bdd-4ae4-ae66-94c90b01eb69","username":"happygorilla631","password":"track","salt":"JTY2N6sj","md5":"d3a086511fd21c3a682d58caab1adc7e","sha1":"eff5c6a23db2788183d17a312d357d8b59907172","sha256":"73344321bb27f011726c0f1203650e107071a5046226c437f0f0369fe0f4415e"},"dob":{"date":"1958-12-12T03:56:32.042Z","age":65},"registered":{"date":"2017-09-28T09:58:40.252Z","age":6},"phone":"(066) T01-9745","cell":"(097) X74-6481","id":{"name":"","value":null},"picture":{"large":"https://randomuser.me/api/portraits/men/58.jpg","medium":"https://randomuser.me/api/portraits/med/men/58.jpg","thumbnail":"https://randomuser.me/api/portraits/thumb/men/58.jpg"},"nat":"UA"}],"info":{"seed":"fc9d320bc0ac46d3","results":1,"page":1,"version":"1.4"}} 
 </msg>
<msg time="2024-03-22T12:24:25.767837" level="INFO">/opt/hostedtoolcache/Python/3.12.2/x64/lib/python3.12/site-packages/urllib3/connectionpool.py:1103: InsecureRequestWarning: Unverified HTTPS request is being made to host 'randomuser.me'. Adding certificate verification is strongly advised. See: https://urllib3.readthedocs.io/en/latest/advanced-usage.html#tls-warnings
  warnings.warn(</msg>
<msg time="2024-03-22T12:24:25.767972" level="INFO">${response} = &lt;Response [200]&gt;</msg>
<var>${response}</var>
<arg>consultarAPI</arg>
<arg>/api</arg>
<doc>Sends a GET request on a previously created HTTP Session.</doc>
<status status="PASS" start="2024-03-22T12:24:25.676232" elapsed="0.091780"/>
</kw>
<kw name="Set Variable" owner="BuiltIn">
<msg time="2024-03-22T12:24:25.769103" level="INFO">${json_data} = {'results': [{'gender': 'male', 'name': {'title': 'Mr', 'first': 'Mirobog', 'last': 'Rizhuk'}, 'location': {'street': {'number': 2957, 'name': 'Provulok Vishneviy'}, 'city': 'Arciz', 'state': 'Zaporiz...</msg>
<var>${json_data}</var>
<arg>${response.json()}</arg>
<doc>Returns the given values which can then be assigned to a variables.</doc>
<status status="PASS" start="2024-03-22T12:24:25.768562" elapsed="0.000571"/>
</kw>
<kw name="Log" owner="BuiltIn">
<msg time="2024-03-22T12:24:25.769627" level="INFO">{'results': [{'gender': 'male', 'name': {'title': 'Mr', 'first': 'Mirobog', 'last': 'Rizhuk'}, 'location': {'street': {'number': 2957, 'name': 'Provulok Vishneviy'}, 'city': 'Arciz', 'state': 'Zaporizka', 'country': 'Ukraine', 'postcode': 90753, 'coordinates': {'latitude': '80.0322', 'longitude': '-29.0975'}, 'timezone': {'offset': '+3:00', 'description': 'Baghdad, Riyadh, Moscow, St. Petersburg'}}, 'email': 'mirobog.rizhuk@example.com', 'login': {'uuid': '9b84204e-9bdd-4ae4-ae66-94c90b01eb69', 'username': 'happygorilla631', 'password': 'track', 'salt': 'JTY2N6sj', 'md5': 'd3a086511fd21c3a682d58caab1adc7e', 'sha1': 'eff5c6a23db2788183d17a312d357d8b59907172', 'sha256': '73344321bb27f011726c0f1203650e107071a5046226c437f0f0369fe0f4415e'}, 'dob': {'date': '1958-12-12T03:56:32.042Z', 'age': 65}, 'registered': {'date': '2017-09-28T09:58:40.252Z', 'age': 6}, 'phone': '(066) T01-9745', 'cell': '(097) X74-6481', 'id': {'name': '', 'value': None}, 'picture': {'large': 'https://randomuser.me/api/portraits/men/58.jpg', 'medium': 'https://randomuser.me/api/portraits/med/men/58.jpg', 'thumbnail': 'https://randomuser.me/api/portraits/thumb/men/58.jpg'}, 'nat': 'UA'}], 'info': {'seed': 'fc9d320bc0ac46d3', 'results': 1, 'page': 1, 'version': '1.4'}}</msg>
<arg>${json_data}</arg>
<doc>Logs the given message with the given level.</doc>
<status status="PASS" start="2024-03-22T12:24:25.769458" elapsed="0.000219"/>
</kw>
<kw name="Dictionary Should Contain Key" owner="Collections">
<msg time="2024-03-22T12:24:25.770148" level="INFO">False</msg>
<arg>${json_data}</arg>
<arg>results</arg>
<doc>Fails if ``key`` is not found from ``dictionary``.</doc>
<status status="PASS" start="2024-03-22T12:24:25.769983" elapsed="0.000203"/>
</kw>
<kw name="Should Not Be Empty" owner="BuiltIn">
<msg time="2024-03-22T12:24:25.770698" level="INFO">Length is 2.</msg>
<arg>${json_data}</arg>
<doc>Verifies that the given item is not empty.</doc>
<status status="PASS" start="2024-03-22T12:24:25.770558" elapsed="0.000181"/>
</kw>
<kw name="Create List" owner="BuiltIn">
<msg time="2024-03-22T12:24:25.771197" level="INFO">${expected_keys} = ['gender', 'name', 'location', 'email', 'login']</msg>
<var>${expected_keys}</var>
<arg>gender</arg>
<arg>name</arg>
<arg>location</arg>
<arg>email</arg>
<arg>login</arg>
<doc>Returns a list containing given items.</doc>
<status status="PASS" start="2024-03-22T12:24:25.771042" elapsed="0.000181"/>
</kw>
<for flavor="IN">
<iter>
<kw name="Dictionary Should Contain Key" owner="Collections">
<msg time="2024-03-22T12:24:25.772276" level="INFO">False</msg>
<arg>${json_data['results'][0]}</arg>
<arg>${key}</arg>
<doc>Fails if ``key`` is not found from ``dictionary``.</doc>
<status status="PASS" start="2024-03-22T12:24:25.771842" elapsed="0.000474"/>
</kw>
<kw name="Log" owner="BuiltIn">
<msg time="2024-03-22T12:24:25.773017" level="INFO">{'gender': 'male', 'name': {'title': 'Mr', 'first': 'Mirobog', 'last': 'Rizhuk'}, 'location': {'street': {'number': 2957, 'name': 'Provulok Vishneviy'}, 'city': 'Arciz', 'state': 'Zaporizka', 'country': 'Ukraine', 'postcode': 90753, 'coordinates': {'latitude': '80.0322', 'longitude': '-29.0975'}, 'timezone': {'offset': '+3:00', 'description': 'Baghdad, Riyadh, Moscow, St. Petersburg'}}, 'email': 'mirobog.rizhuk@example.com', 'login': {'uuid': '9b84204e-9bdd-4ae4-ae66-94c90b01eb69', 'username': 'happygorilla631', 'password': 'track', 'salt': 'JTY2N6sj', 'md5': 'd3a086511fd21c3a682d58caab1adc7e', 'sha1': 'eff5c6a23db2788183d17a312d357d8b59907172', 'sha256': '73344321bb27f011726c0f1203650e107071a5046226c437f0f0369fe0f4415e'}, 'dob': {'date': '1958-12-12T03:56:32.042Z', 'age': 65}, 'registered': {'date': '2017-09-28T09:58:40.252Z', 'age': 6}, 'phone': '(066) T01-9745', 'cell': '(097) X74-6481', 'id': {'name': '', 'value': None}, 'picture': {'large': 'https://randomuser.me/api/portraits/men/58.jpg', 'medium': 'https://randomuser.me/api/portraits/med/men/58.jpg', 'thumbnail': 'https://randomuser.me/api/portraits/thumb/men/58.jpg'}, 'nat': 'UA'}</msg>
<arg>${json_data['results'][0]}</arg>
<doc>Logs the given message with the given level.</doc>
<status status="PASS" start="2024-03-22T12:24:25.772642" elapsed="0.000431"/>
</kw>
<kw name="Log" owner="BuiltIn">
<msg time="2024-03-22T12:24:25.773523" level="INFO">gender</msg>
<arg>${key}</arg>
<doc>Logs the given message with the given level.</doc>
<status status="PASS" start="2024-03-22T12:24:25.773388" elapsed="0.000175"/>
</kw>
<var name="${key}">gender</var>
<status status="PASS" start="2024-03-22T12:24:25.771712" elapsed="0.002080"/>
</iter>
<iter>
<kw name="Dictionary Should Contain Key" owner="Collections">
<msg time="2024-03-22T12:24:25.774536" level="INFO">False</msg>
<arg>${json_data['results'][0]}</arg>
<arg>${key}</arg>
<doc>Fails if ``key`` is not found from ``dictionary``.</doc>
<status status="PASS" start="2024-03-22T12:24:25.774108" elapsed="0.000468"/>
</kw>
<kw name="Log" owner="BuiltIn">
<msg time="2024-03-22T12:24:25.775281" level="INFO">{'gender': 'male', 'name': {'title': 'Mr', 'first': 'Mirobog', 'last': 'Rizhuk'}, 'location': {'street': {'number': 2957, 'name': 'Provulok Vishneviy'}, 'city': 'Arciz', 'state': 'Zaporizka', 'country': 'Ukraine', 'postcode': 90753, 'coordinates': {'latitude': '80.0322', 'longitude': '-29.0975'}, 'timezone': {'offset': '+3:00', 'description': 'Baghdad, Riyadh, Moscow, St. Petersburg'}}, 'email': 'mirobog.rizhuk@example.com', 'login': {'uuid': '9b84204e-9bdd-4ae4-ae66-94c90b01eb69', 'username': 'happygorilla631', 'password': 'track', 'salt': 'JTY2N6sj', 'md5': 'd3a086511fd21c3a682d58caab1adc7e', 'sha1': 'eff5c6a23db2788183d17a312d357d8b59907172', 'sha256': '73344321bb27f011726c0f1203650e107071a5046226c437f0f0369fe0f4415e'}, 'dob': {'date': '1958-12-12T03:56:32.042Z', 'age': 65}, 'registered': {'date': '2017-09-28T09:58:40.252Z', 'age': 6}, 'phone': '(066) T01-9745', 'cell': '(097) X74-6481', 'id': {'name': '', 'value': None}, 'picture': {'large': 'https://randomuser.me/api/portraits/men/58.jpg', 'medium': 'https://randomuser.me/api/portraits/med/men/58.jpg', 'thumbnail': 'https://randomuser.me/api/portraits/thumb/men/58.jpg'}, 'nat': 'UA'}</msg>
<arg>${json_data['results'][0]}</arg>
<doc>Logs the given message with the given level.</doc>
<status status="PASS" start="2024-03-22T12:24:25.774916" elapsed="0.000414"/>
</kw>
<kw name="Log" owner="BuiltIn">
<msg time="2024-03-22T12:24:25.775770" level="INFO">name</msg>
<arg>${key}</arg>
<doc>Logs the given message with the given level.</doc>
<status status="PASS" start="2024-03-22T12:24:25.775636" elapsed="0.000173"/>
</kw>
<var name="${key}">name</var>
<status status="PASS" start="2024-03-22T12:24:25.773991" elapsed="0.002041"/>
</iter>
<iter>
<kw name="Dictionary Should Contain Key" owner="Collections">
<msg time="2024-03-22T12:24:25.776711" level="INFO">False</msg>
<arg>${json_data['results'][0]}</arg>
<arg>${key}</arg>
<doc>Fails if ``key`` is not found from ``dictionary``.</doc>
<status status="PASS" start="2024-03-22T12:24:25.776331" elapsed="0.000419"/>
</kw>
<kw name="Log" owner="BuiltIn">
<msg time="2024-03-22T12:24:25.777426" level="INFO">{'gender': 'male', 'name': {'title': 'Mr', 'first': 'Mirobog', 'last': 'Rizhuk'}, 'location': {'street': {'number': 2957, 'name': 'Provulok Vishneviy'}, 'city': 'Arciz', 'state': 'Zaporizka', 'country': 'Ukraine', 'postcode': 90753, 'coordinates': {'latitude': '80.0322', 'longitude': '-29.0975'}, 'timezone': {'offset': '+3:00', 'description': 'Baghdad, Riyadh, Moscow, St. Petersburg'}}, 'email': 'mirobog.rizhuk@example.com', 'login': {'uuid': '9b84204e-9bdd-4ae4-ae66-94c90b01eb69', 'username': 'happygorilla631', 'password': 'track', 'salt': 'JTY2N6sj', 'md5': 'd3a086511fd21c3a682d58caab1adc7e', 'sha1': 'eff5c6a23db2788183d17a312d357d8b59907172', 'sha256': '73344321bb27f011726c0f1203650e107071a5046226c437f0f0369fe0f4415e'}, 'dob': {'date': '1958-12-12T03:56:32.042Z', 'age': 65}, 'registered': {'date': '2017-09-28T09:58:40.252Z', 'age': 6}, 'phone': '(066) T01-9745', 'cell': '(097) X74-6481', 'id': {'name': '', 'value': None}, 'picture': {'large': 'https://randomuser.me/api/portraits/men/58.jpg', 'medium': 'https://randomuser.me/api/portraits/med/men/58.jpg', 'thumbnail': 'https://randomuser.me/api/portraits/thumb/men/58.jpg'}, 'nat': 'UA'}</msg>
<arg>${json_data['results'][0]}</arg>
<doc>Logs the given message with the given level.</doc>
<status status="PASS" start="2024-03-22T12:24:25.777055" elapsed="0.000423"/>
</kw>
<kw name="Log" owner="BuiltIn">
<msg time="2024-03-22T12:24:25.777905" level="INFO">location</msg>
<arg>${key}</arg>
<doc>Logs the given message with the given level.</doc>
<status status="PASS" start="2024-03-22T12:24:25.777776" elapsed="0.000168"/>
</kw>
<var name="${key}">location</var>
<status status="PASS" start="2024-03-22T12:24:25.776217" elapsed="0.001946"/>
</iter>
<iter>
<kw name="Dictionary Should Contain Key" owner="Collections">
<msg time="2024-03-22T12:24:25.778857" level="INFO">False</msg>
<arg>${json_data['results'][0]}</arg>
<arg>${key}</arg>
<doc>Fails if ``key`` is not found from ``dictionary``.</doc>
<status status="PASS" start="2024-03-22T12:24:25.778482" elapsed="0.000413"/>
</kw>
<kw name="Log" owner="BuiltIn">
<msg time="2024-03-22T12:24:25.779554" level="INFO">{'gender': 'male', 'name': {'title': 'Mr', 'first': 'Mirobog', 'last': 'Rizhuk'}, 'location': {'street': {'number': 2957, 'name': 'Provulok Vishneviy'}, 'city': 'Arciz', 'state': 'Zaporizka', 'country': 'Ukraine', 'postcode': 90753, 'coordinates': {'latitude': '80.0322', 'longitude': '-29.0975'}, 'timezone': {'offset': '+3:00', 'description': 'Baghdad, Riyadh, Moscow, St. Petersburg'}}, 'email': 'mirobog.rizhuk@example.com', 'login': {'uuid': '9b84204e-9bdd-4ae4-ae66-94c90b01eb69', 'username': 'happygorilla631', 'password': 'track', 'salt': 'JTY2N6sj', 'md5': 'd3a086511fd21c3a682d58caab1adc7e', 'sha1': 'eff5c6a23db2788183d17a312d357d8b59907172', 'sha256': '73344321bb27f011726c0f1203650e107071a5046226c437f0f0369fe0f4415e'}, 'dob': {'date': '1958-12-12T03:56:32.042Z', 'age': 65}, 'registered': {'date': '2017-09-28T09:58:40.252Z', 'age': 6}, 'phone': '(066) T01-9745', 'cell': '(097) X74-6481', 'id': {'name': '', 'value': None}, 'picture': {'large': 'https://randomuser.me/api/portraits/men/58.jpg', 'medium': 'https://randomuser.me/api/portraits/med/men/58.jpg', 'thumbnail': 'https://randomuser.me/api/portraits/thumb/men/58.jpg'}, 'nat': 'UA'}</msg>
<arg>${json_data['results'][0]}</arg>
<doc>Logs the given message with the given level.</doc>
<status status="PASS" start="2024-03-22T12:24:25.779197" elapsed="0.000405"/>
</kw>
<kw name="Log" owner="BuiltIn">
<msg time="2024-03-22T12:24:25.780026" level="INFO">email</msg>
<arg>${key}</arg>
<doc>Logs the given message with the given level.</doc>
<status status="PASS" start="2024-03-22T12:24:25.779897" elapsed="0.000168"/>
</kw>
<var name="${key}">email</var>
<status status="PASS" start="2024-03-22T12:24:25.778370" elapsed="0.001913"/>
</iter>
<iter>
<kw name="Dictionary Should Contain Key" owner="Collections">
<msg time="2024-03-22T12:24:25.780974" level="INFO">False</msg>
<arg>${json_data['results'][0]}</arg>
<arg>${key}</arg>
<doc>Fails if ``key`` is not found from ``dictionary``.</doc>
<status status="PASS" start="2024-03-22T12:24:25.780575" elapsed="0.000438"/>
</kw>
<kw name="Log" owner="BuiltIn">
<msg time="2024-03-22T12:24:25.781690" level="INFO">{'gender': 'male', 'name': {'title': 'Mr', 'first': 'Mirobog', 'last': 'Rizhuk'}, 'location': {'street': {'number': 2957, 'name': 'Provulok Vishneviy'}, 'city': 'Arciz', 'state': 'Zaporizka', 'country': 'Ukraine', 'postcode': 90753, 'coordinates': {'latitude': '80.0322', 'longitude': '-29.0975'}, 'timezone': {'offset': '+3:00', 'description': 'Baghdad, Riyadh, Moscow, St. Petersburg'}}, 'email': 'mirobog.rizhuk@example.com', 'login': {'uuid': '9b84204e-9bdd-4ae4-ae66-94c90b01eb69', 'username': 'happygorilla631', 'password': 'track', 'salt': 'JTY2N6sj', 'md5': 'd3a086511fd21c3a682d58caab1adc7e', 'sha1': 'eff5c6a23db2788183d17a312d357d8b59907172', 'sha256': '73344321bb27f011726c0f1203650e107071a5046226c437f0f0369fe0f4415e'}, 'dob': {'date': '1958-12-12T03:56:32.042Z', 'age': 65}, 'registered': {'date': '2017-09-28T09:58:40.252Z', 'age': 6}, 'phone': '(066) T01-9745', 'cell': '(097) X74-6481', 'id': {'name': '', 'value': None}, 'picture': {'large': 'https://randomuser.me/api/portraits/men/58.jpg', 'medium': 'https://randomuser.me/api/portraits/med/men/58.jpg', 'thumbnail': 'https://randomuser.me/api/portraits/thumb/men/58.jpg'}, 'nat': 'UA'}</msg>
<arg>${json_data['results'][0]}</arg>
<doc>Logs the given message with the given level.</doc>
<status status="PASS" start="2024-03-22T12:24:25.781309" elapsed="0.000430"/>
</kw>
<kw name="Log" owner="BuiltIn">
<msg time="2024-03-22T12:24:25.782162" level="INFO">login</msg>
<arg>${key}</arg>
<doc>Logs the given message with the given level.</doc>
<status status="PASS" start="2024-03-22T12:24:25.782035" elapsed="0.000318"/>
</kw>
<var name="${key}">login</var>
<status status="PASS" start="2024-03-22T12:24:25.780459" elapsed="0.002154"/>
</iter>
<var>${key}</var>
<value>@{expected_keys}</value>
<status status="PASS" start="2024-03-22T12:24:25.771503" elapsed="0.011241"/>
</for>
<kw name="Create List" owner="BuiltIn">
<msg time="2024-03-22T12:24:25.783085" level="INFO">${expected_keysTwo} = ['username', 'password']</msg>
<var>${expected_keysTwo}</var>
<arg>username</arg>
<arg>password</arg>
<doc>Returns a list containing given items.</doc>
<status status="PASS" start="2024-03-22T12:24:25.782944" elapsed="0.000166"/>
</kw>
<for flavor="IN">
<iter>
<kw name="Dictionary Should Contain Key" owner="Collections">
<msg time="2024-03-22T12:24:25.784005" level="INFO">False</msg>
<arg>${json_data['results'][0]['login']}</arg>
<arg>${keyTwo}</arg>
<doc>Fails if ``key`` is not found from ``dictionary``.</doc>
<status status="PASS" start="2024-03-22T12:24:25.783624" elapsed="0.000419"/>
</kw>
<kw name="Dictionary Should Contain Key" owner="Collections">
<msg time="2024-03-22T12:24:25.784720" level="INFO">False</msg>
<arg>${json_data['results'][0]['login']}</arg>
<arg>${keyTwo}</arg>
<doc>Fails if ``key`` is not found from ``dictionary``.</doc>
<status status="PASS" start="2024-03-22T12:24:25.784339" elapsed="0.000419"/>
</kw>
<kw name="Log" owner="BuiltIn">
<msg time="2024-03-22T12:24:25.785187" level="INFO">username</msg>
<arg>${keyTwo}</arg>
<doc>Logs the given message with the given level.</doc>
<status status="PASS" start="2024-03-22T12:24:25.785056" elapsed="0.000170"/>
</kw>
<var name="${keyTwo}">username</var>
<status status="PASS" start="2024-03-22T12:24:25.783513" elapsed="0.001933"/>
</iter>
<iter>
<kw name="Dictionary Should Contain Key" owner="Collections">
<msg time="2024-03-22T12:24:25.786118" level="INFO">False</msg>
<arg>${json_data['results'][0]['login']}</arg>
<arg>${keyTwo}</arg>
<doc>Fails if ``key`` is not found from ``dictionary``.</doc>
<status status="PASS" start="2024-03-22T12:24:25.785732" elapsed="0.000425"/>
</kw>
<kw name="Dictionary Should Contain Key" owner="Collections">
<msg time="2024-03-22T12:24:25.786863" level="INFO">False</msg>
<arg>${json_data['results'][0]['login']}</arg>
<arg>${keyTwo}</arg>
<doc>Fails if ``key`` is not found from ``dictionary``.</doc>
<status status="PASS" start="2024-03-22T12:24:25.786486" elapsed="0.000415"/>
</kw>
<kw name="Log" owner="BuiltIn">
<msg time="2024-03-22T12:24:25.787328" level="INFO">password</msg>
<arg>${keyTwo}</arg>
<doc>Logs the given message with the given level.</doc>
<status status="PASS" start="2024-03-22T12:24:25.787197" elapsed="0.000177"/>
</kw>
<var name="${keyTwo}">password</var>
<status status="PASS" start="2024-03-22T12:24:25.785623" elapsed="0.001978"/>
</iter>
<var>${keyTwo}</var>
<value>@{expected_keysTwo}</value>
<status status="PASS" start="2024-03-22T12:24:25.783356" elapsed="0.004373"/>
</for>
<status status="PASS" start="2024-03-22T12:24:25.675988" elapsed="0.111888"/>
</kw>
<doc>Testa a estrutura da resposta da API.</doc>
<tag>testeEstruturaResposta</tag>
<status status="PASS" start="2024-03-22T12:24:25.675321" elapsed="0.112721"/>
</test>
<test id="s1-s1-t4" name="Validar tipos de dados" line="28">
<kw name="Teste de Tipos de Dados" owner="random-user-service">
<kw name="GET On Session" owner="RequestsLibrary">
<msg time="2024-03-22T12:24:25.874753" level="INFO">GET Request : url=https://randomuser.me/api 
 path_url=/api 
 headers={'User-Agent': 'python-requests/2.31.0', 'Accept-Encoding': 'gzip, deflate', 'Accept': '*/*', 'Connection': 'keep-alive'} 
 body=None 
 </msg>
<msg time="2024-03-22T12:24:25.874856" level="INFO">GET Response : url=https://randomuser.me/api 
 status=200, reason=OK 
 headers={'Date': 'Fri, 22 Mar 2024 12:24:25 GMT', 'Content-Type': 'application/json; charset=utf-8', 'Transfer-Encoding': 'chunked', 'Connection': 'keep-alive', 'X-Powered-By': 'Express', 'Access-Control-Allow-Origin': '*', 'Cache-Control': 'no-cache', 'ETag': 'W/"466-2+qyzQlWN014ttt4kZGFsbBMqy0"', 'Vary': 'Accept-Encoding', 'Content-Encoding': 'gzip', 'CF-Cache-Status': 'DYNAMIC', 'Report-To': '{"endpoints":[{"url":"https:\\/\\/a.nel.cloudflare.com\\/report\\/v4?s=Rp3nm3PpeqnjDYRcIm8Ko36CtPzenv3mgXSrd1WxJlCmaO%2FRcJd3qoXDoT2u5muqt%2Fzu62qlXC2tYr62PIAtgsHcGef0QT%2BdZiWvMhUSKvUVZ452lpXQ54qM6IfaI7Z0"}],"group":"cf-nel","max_age":604800}', 'NEL': '{"success_fraction":0,"report_to":"cf-nel","max_age":604800}', 'Server': 'cloudflare', 'CF-RAY': '868628993853f9e0-SJC', 'alt-svc': 'h3=":443"; ma=86400'} 
 body={"results":[{"gender":"male","name":{"title":"Mr","first":"Olav","last":"Eidem"},"location":{"street":{"number":8924,"name":"Haugakollveien"},"city":"Tynset","state":"Oslo","country":"Norway","postcode":"5440","coordinates":{"latitude":"38.9674","longitude":"-17.0078"},"timezone":{"offset":"-11:00","description":"Midway Island, Samoa"}},"email":"olav.eidem@example.com","login":{"uuid":"b20e5e9b-8cc1-4d3a-84a0-fcc472e98648","username":"redbear970","password":"condor","salt":"HWXe1lPX","md5":"1fb830a3628d18d3dad8cda94be7a7d0","sha1":"8edec20a88377f0dd3579f235568dab4b49e03ba","sha256":"8c8db9defe0ee4d4457c6aa309c7048740a9196f9fee8e71ad5a6134ffe2a5a5"},"dob":{"date":"1990-09-15T08:23:26.359Z","age":33},"registered":{"date":"2017-05-20T10:21:15.324Z","age":6},"phone":"51955425","cell":"98257498","id":{"name":"FN","value":"15099002546"},"picture":{"large":"https://randomuser.me/api/portraits/men/29.jpg","medium":"https://randomuser.me/api/portraits/med/men/29.jpg","thumbnail":"https://randomuser.me/api/portraits/thumb/men/29.jpg"},"nat":"NO"}],"info":{"seed":"385ed1c21c005eb8","results":1,"page":1,"version":"1.4"}} 
 </msg>
<msg time="2024-03-22T12:24:25.874927" level="INFO">/opt/hostedtoolcache/Python/3.12.2/x64/lib/python3.12/site-packages/urllib3/connectionpool.py:1103: InsecureRequestWarning: Unverified HTTPS request is being made to host 'randomuser.me'. Adding certificate verification is strongly advised. See: https://urllib3.readthedocs.io/en/latest/advanced-usage.html#tls-warnings
  warnings.warn(</msg>
<msg time="2024-03-22T12:24:25.875057" level="INFO">${response} = &lt;Response [200]&gt;</msg>
<var>${response}</var>
<arg>consultarAPI</arg>
<arg>/api</arg>
<doc>Sends a GET request on a previously created HTTP Session.</doc>
<status status="PASS" start="2024-03-22T12:24:25.790574" elapsed="0.084524"/>
</kw>
<kw name="Set Variable" owner="BuiltIn">
<msg time="2024-03-22T12:24:25.876330" level="INFO">${json_data} = {'results': [{'gender': 'male', 'name': {'title': 'Mr', 'first': 'Olav', 'last': 'Eidem'}, 'location': {'street': {'number': 8924, 'name': 'Haugakollveien'}, 'city': 'Tynset', 'state': 'Oslo', 'countr...</msg>
<var>${json_data}</var>
<arg>${response.json()}</arg>
<doc>Returns the given values which can then be assigned to a variables.</doc>
<status status="PASS" start="2024-03-22T12:24:25.875765" elapsed="0.000594"/>
</kw>
<kw name="Log" owner="BuiltIn">
<msg time="2024-03-22T12:24:25.876847" level="INFO">{'results': [{'gender': 'male', 'name': {'title': 'Mr', 'first': 'Olav', 'last': 'Eidem'}, 'location': {'street': {'number': 8924, 'name': 'Haugakollveien'}, 'city': 'Tynset', 'state': 'Oslo', 'country': 'Norway', 'postcode': '5440', 'coordinates': {'latitude': '38.9674', 'longitude': '-17.0078'}, 'timezone': {'offset': '-11:00', 'description': 'Midway Island, Samoa'}}, 'email': 'olav.eidem@example.com', 'login': {'uuid': 'b20e5e9b-8cc1-4d3a-84a0-fcc472e98648', 'username': 'redbear970', 'password': 'condor', 'salt': 'HWXe1lPX', 'md5': '1fb830a3628d18d3dad8cda94be7a7d0', 'sha1': '8edec20a88377f0dd3579f235568dab4b49e03ba', 'sha256': '8c8db9defe0ee4d4457c6aa309c7048740a9196f9fee8e71ad5a6134ffe2a5a5'}, 'dob': {'date': '1990-09-15T08:23:26.359Z', 'age': 33}, 'registered': {'date': '2017-05-20T10:21:15.324Z', 'age': 6}, 'phone': '51955425', 'cell': '98257498', 'id': {'name': 'FN', 'value': '15099002546'}, 'picture': {'large': 'https://randomuser.me/api/portraits/men/29.jpg', 'medium': 'https://randomuser.me/api/portraits/med/men/29.jpg', 'thumbnail': 'https://randomuser.me/api/portraits/thumb/men/29.jpg'}, 'nat': 'NO'}], 'info': {'seed': '385ed1c21c005eb8', 'results': 1, 'page': 1, 'version': '1.4'}}</msg>
<arg>${json_data}</arg>
<doc>Logs the given message with the given level.</doc>
<status status="PASS" start="2024-03-22T12:24:25.876685" elapsed="0.000254"/>
</kw>
<kw name="Should Be String" owner="String">
<arg>${json_data['results'][0]['gender']}</arg>
<doc>Fails if the given ``item`` is not a string.</doc>
<status status="PASS" start="2024-03-22T12:24:25.877244" elapsed="0.000367"/>
</kw>
<kw name="Should Match Regexp" owner="BuiltIn">
<arg>${json_data['results'][0]['email']}</arg>
<arg>^[a-zA-Z0-9._%+-]+@[a-zA-Z0-9.-]+\.[a-zA-Z]{2,}$</arg>
<doc>Fails if ``string`` does not match ``pattern`` as a regular expression.</doc>
<status status="PASS" start="2024-03-22T12:24:25.877806" elapsed="0.000564"/>
</kw>
<kw name="Should Match Regexp" owner="BuiltIn">
<arg>${json_data['results'][0]['dob']['date']}</arg>
<arg>\\d{4}-\\d{2}-\\d{2}T\\d{2}:\\d{2}:\\d{2}\\.\\d{3}Z</arg>
<doc>Fails if ``string`` does not match ``pattern`` as a regular expression.</doc>
<status status="PASS" start="2024-03-22T12:24:25.878587" elapsed="0.000500"/>
</kw>
<kw name="Should Match Regexp" owner="BuiltIn">
<arg>${json_data['results'][0]['registered']['date']}</arg>
<arg>\\d{4}-\\d{2}-\\d{2}T\\d{2}:\\d{2}:\\d{2}\\.\\d{3}Z</arg>
<doc>Fails if ``string`` does not match ``pattern`` as a regular expression.</doc>
<status status="PASS" start="2024-03-22T12:24:25.879282" elapsed="0.000371"/>
</kw>
<kw name="Should Match Regexp" owner="BuiltIn">
<arg>${json_data['results'][0]['picture']['large']}</arg>
<arg>^https?://.*\.(?:png|jpe?g|gif|bmp)$</arg>
<doc>Fails if ``string`` does not match ``pattern`` as a regular expression.</doc>
<status status="PASS" start="2024-03-22T12:24:25.879843" elapsed="0.000460"/>
</kw>
<kw name="Should Match Regexp" owner="BuiltIn">
<arg>${json_data['results'][0]['picture']['medium']}</arg>
<arg>^https?://.*\.(?:png|jpe?g|gif|bmp)$</arg>
<doc>Fails if ``string`` does not match ``pattern`` as a regular expression.</doc>
<status status="PASS" start="2024-03-22T12:24:25.880493" elapsed="0.000356"/>
</kw>
<kw name="Should Match Regexp" owner="BuiltIn">
<arg>${json_data['results'][0]['picture']['thumbnail']}</arg>
<arg>^https?://.*\.(?:png|jpe?g|gif|bmp)$</arg>
<doc>Fails if ``string`` does not match ``pattern`` as a regular expression.</doc>
<status status="PASS" start="2024-03-22T12:24:25.881039" elapsed="0.000363"/>
</kw>
<kw name="Log" owner="BuiltIn">
<msg time="2024-03-22T12:24:25.881923" level="INFO">{'large': 'https://randomuser.me/api/portraits/men/29.jpg', 'medium': 'https://randomuser.me/api/portraits/med/men/29.jpg', 'thumbnail': 'https://randomuser.me/api/portraits/thumb/men/29.jpg'}</msg>
<arg>${json_data['results'][0]['picture']}</arg>
<doc>Logs the given message with the given level.</doc>
<status status="PASS" start="2024-03-22T12:24:25.881587" elapsed="0.000383"/>
</kw>
<status status="PASS" start="2024-03-22T12:24:25.790326" elapsed="0.091908"/>
</kw>
<kw name="Teste de Tipos de Dados - Postcode" owner="random-user-service">
<kw name="GET On Session" owner="RequestsLibrary">
<msg time="2024-03-22T12:24:25.974966" level="INFO">GET Request : url=https://randomuser.me/api 
 path_url=/api 
 headers={'User-Agent': 'python-requests/2.31.0', 'Accept-Encoding': 'gzip, deflate', 'Accept': '*/*', 'Connection': 'keep-alive'} 
 body=None 
 </msg>
<msg time="2024-03-22T12:24:25.975087" level="INFO">GET Response : url=https://randomuser.me/api 
 status=200, reason=OK 
 headers={'Date': 'Fri, 22 Mar 2024 12:24:25 GMT', 'Content-Type': 'application/json; charset=utf-8', 'Transfer-Encoding': 'chunked', 'Connection': 'keep-alive', 'X-Powered-By': 'Express', 'Access-Control-Allow-Origin': '*', 'Cache-Control': 'no-cache', 'ETag': 'W/"487-xUmoB72jHq1NUzou4EoMvZAKP1o"', 'Vary': 'Accept-Encoding', 'Content-Encoding': 'gzip', 'CF-Cache-Status': 'DYNAMIC', 'Report-To': '{"endpoints":[{"url":"https:\\/\\/a.nel.cloudflare.com\\/report\\/v4?s=W3NXGnmv2DR0JTQEvZl%2B59a3hu6xZbVA6pVSfBSmqVIK74E5UYdga1nz9F4n%2BCKdcsRKzlYNZ17qEoPYh4%2FIjrACGhIKUbUM4WhV0IzyXo5bBTVlzf7380etYiyCuyGC"}],"group":"cf-nel","max_age":604800}', 'NEL': '{"success_fraction":0,"report_to":"cf-nel","max_age":604800}', 'Server': 'cloudflare', 'CF-RAY': '86862899c8e2f9e0-SJC', 'alt-svc': 'h3=":443"; ma=86400'} 
 body={"results":[{"gender":"male","name":{"title":"Mr","first":"Ümit","last":"Balaban"},"location":{"street":{"number":5933,"name":"Istiklal Cd"},"city":"Afyonkarahisar","state":"Karaman","country":"Turkey","postcode":58127,"coordinates":{"latitude":"72.5459","longitude":"-164.9454"},"timezone":{"offset":"+11:00","description":"Magadan, Solomon Islands, New Caledonia"}},"email":"umit.balaban@example.com","login":{"uuid":"f3f970d8-813d-4811-88f1-31003db59899","username":"yellowcat324","password":"loser1","salt":"Igm1Hgga","md5":"2717e66d159bf0f8a08c5a5afe1aa43d","sha1":"6902137236775f30d3543cc83d7110aaa4aa2eb1","sha256":"328e49d044e3b46c78b49cf031c9550ed48c79459c241c4b92c0485ae652b1c9"},"dob":{"date":"1948-09-16T19:52:49.222Z","age":75},"registered":{"date":"2002-09-29T09:37:21.963Z","age":21},"phone":"(287)-355-5668","cell":"(985)-880-4785","id":{"name":"","value":null},"picture":{"large":"https://randomuser.me/api/portraits/men/5.jpg","medium":"https://randomuser.me/api/portraits/med/men/5.jpg","thumbnail":"https://randomuser.me/api/portraits/thumb/men/5.jpg"},"nat":"TR"}],"info":{"seed":"f5bb988565f3e624","results":1,"page":1,"version":"1.4"}} 
 </msg>
<msg time="2024-03-22T12:24:25.975186" level="INFO">/opt/hostedtoolcache/Python/3.12.2/x64/lib/python3.12/site-packages/urllib3/connectionpool.py:1103: InsecureRequestWarning: Unverified HTTPS request is being made to host 'randomuser.me'. Adding certificate verification is strongly advised. See: https://urllib3.readthedocs.io/en/latest/advanced-usage.html#tls-warnings
  warnings.warn(</msg>
<msg time="2024-03-22T12:24:25.975326" level="INFO">${response} = &lt;Response [200]&gt;</msg>
<var>${response}</var>
<arg>consultarAPI</arg>
<arg>/api</arg>
<doc>Sends a GET request on a previously created HTTP Session.</doc>
<status status="PASS" start="2024-03-22T12:24:25.882904" elapsed="0.092463"/>
</kw>
<kw name="Set Variable" owner="BuiltIn">
<msg time="2024-03-22T12:24:25.976618" level="INFO">${json_data} = {'results': [{'gender': 'male', 'name': {'title': 'Mr', 'first': 'Ümit', 'last': 'Balaban'}, 'location': {'street': {'number': 5933, 'name': 'Istiklal Cd'}, 'city': 'Afyonkarahisar', 'state': 'Karaman...</msg>
<var>${json_data}</var>
<arg>${response.json()}</arg>
<doc>Returns the given values which can then be assigned to a variables.</doc>
<status status="PASS" start="2024-03-22T12:24:25.976064" elapsed="0.000584"/>
</kw>
<kw name="Log" owner="BuiltIn">
<msg time="2024-03-22T12:24:25.977141" level="INFO">{'results': [{'gender': 'male', 'name': {'title': 'Mr', 'first': 'Ümit', 'last': 'Balaban'}, 'location': {'street': {'number': 5933, 'name': 'Istiklal Cd'}, 'city': 'Afyonkarahisar', 'state': 'Karaman', 'country': 'Turkey', 'postcode': 58127, 'coordinates': {'latitude': '72.5459', 'longitude': '-164.9454'}, 'timezone': {'offset': '+11:00', 'description': 'Magadan, Solomon Islands, New Caledonia'}}, 'email': 'umit.balaban@example.com', 'login': {'uuid': 'f3f970d8-813d-4811-88f1-31003db59899', 'username': 'yellowcat324', 'password': 'loser1', 'salt': 'Igm1Hgga', 'md5': '2717e66d159bf0f8a08c5a5afe1aa43d', 'sha1': '6902137236775f30d3543cc83d7110aaa4aa2eb1', 'sha256': '328e49d044e3b46c78b49cf031c9550ed48c79459c241c4b92c0485ae652b1c9'}, 'dob': {'date': '1948-09-16T19:52:49.222Z', 'age': 75}, 'registered': {'date': '2002-09-29T09:37:21.963Z', 'age': 21}, 'phone': '(287)-355-5668', 'cell': '(985)-880-4785', 'id': {'name': '', 'value': None}, 'picture': {'large': 'https://randomuser.me/api/portraits/men/5.jpg', 'medium': 'https://randomuser.me/api/portraits/med/men/5.jpg', 'thumbnail': 'https://randomuser.me/api/portraits/thumb/men/5.jpg'}, 'nat': 'TR'}], 'info': {'seed': 'f5bb988565f3e624', 'results': 1, 'page': 1, 'version': '1.4'}}</msg>
<arg>${json_data}</arg>
<doc>Logs the given message with the given level.</doc>
<status status="PASS" start="2024-03-22T12:24:25.976975" elapsed="0.000251"/>
</kw>
<kw name="Should Be Equal As Numbers" owner="BuiltIn">
<arg>${json_data['results'][0]['location']['postcode']}</arg>
<arg>${json_data['results'][0]['location']['postcode']}</arg>
<doc>Fails if objects are unequal after converting them to real numbers.</doc>
<status status="PASS" start="2024-03-22T12:24:25.977539" elapsed="0.000644"/>
</kw>
<kw name="Log" owner="BuiltIn">
<msg time="2024-03-22T12:24:25.978769" level="INFO">58127</msg>
<arg>${json_data['results'][0]['location']['postcode']}</arg>
<doc>Logs the given message with the given level.</doc>
<status status="PASS" start="2024-03-22T12:24:25.978427" elapsed="0.000385"/>
</kw>
<status status="PASS" start="2024-03-22T12:24:25.882504" elapsed="0.096575"/>
</kw>
<doc>Testa se os tipos de dados na resposta da API estão corretos.</doc>
<tag>testeTiposDados</tag>
<status status="PASS" start="2024-03-22T12:24:25.789820" elapsed="0.189439"/>
</test>
<test id="s1-s1-t5" name="Validar conteudo" line="35">
<kw name="Teste de Tipos de Conteudo" owner="random-user-service">
<kw name="GET On Session" owner="RequestsLibrary">
<msg time="2024-03-22T12:24:26.075468" level="INFO">GET Request : url=https://randomuser.me/api 
 path_url=/api 
 headers={'User-Agent': 'python-requests/2.31.0', 'Accept-Encoding': 'gzip, deflate', 'Accept': '*/*', 'Connection': 'keep-alive'} 
 body=None 
 </msg>
<msg time="2024-03-22T12:24:26.075573" level="INFO">GET Response : url=https://randomuser.me/api 
 status=200, reason=OK 
 headers={'Date': 'Fri, 22 Mar 2024 12:24:26 GMT', 'Content-Type': 'application/json; charset=utf-8', 'Transfer-Encoding': 'chunked', 'Connection': 'keep-alive', 'X-Powered-By': 'Express', 'Access-Control-Allow-Origin': '*', 'Cache-Control': 'no-cache', 'ETag': 'W/"494-wy3s+3tdwdGeLFvMrTMT21TQ96Q"', 'Vary': 'Accept-Encoding', 'Content-Encoding': 'gzip', 'CF-Cache-Status': 'DYNAMIC', 'Report-To': '{"endpoints":[{"url":"https:\\/\\/a.nel.cloudflare.com\\/report\\/v4?s=H8Tef7O4PBhJZK%2BiCpxrzCDT94OzAbEbfcafYKG2oQcdcDAbweGsQ%2FLrweOWBQPrb50nyvUWKPvWfcMu6c%2Bws3JwoxYmo0uBNLgNnu2dLkNecJhUTUIxlN4594NkICuO"}],"group":"cf-nel","max_age":604800}', 'NEL': '{"success_fraction":0,"report_to":"cf-nel","max_age":604800}', 'Server': 'cloudflare', 'CF-RAY': '8686289a696df9e0-SJC', 'alt-svc': 'h3=":443"; ma=86400'} 
 body={"results":[{"gender":"male","name":{"title":"Monsieur","first":"Nelson","last":"Legrand"},"location":{"street":{"number":2653,"name":"Avenue Jean-Jaurès"},"city":"Rietheim","state":"Zürich","country":"Switzerland","postcode":1360,"coordinates":{"latitude":"-63.4507","longitude":"-96.0196"},"timezone":{"offset":"-12:00","description":"Eniwetok, Kwajalein"}},"email":"nelson.legrand@example.com","login":{"uuid":"b8041bfd-104f-4f80-8453-05c301c4c575","username":"goldenduck133","password":"death1","salt":"gas98HaW","md5":"167b2e29039e2efc7264bea8c9351853","sha1":"94671bdbcea40eddebd58adfec04fa90034a3518","sha256":"d12b6ae0194a506ef24843bf2b187b5cc149f6b90de998eed5ff4193ba95f6ae"},"dob":{"date":"1965-06-04T07:22:06.972Z","age":58},"registered":{"date":"2017-09-15T15:23:26.812Z","age":6},"phone":"075 738 34 39","cell":"078 755 53 14","id":{"name":"AVS","value":"756.4047.6137.54"},"picture":{"large":"https://randomuser.me/api/portraits/men/20.jpg","medium":"https://randomuser.me/api/portraits/med/men/20.jpg","thumbnail":"https://randomuser.me/api/portraits/thumb/men/20.jpg"},"nat":"CH"}],"info":{"seed":"f695871eed0f4e90","results":1,"page":1,"version":"1.4"}} 
 </msg>
<msg time="2024-03-22T12:24:26.075648" level="INFO">/opt/hostedtoolcache/Python/3.12.2/x64/lib/python3.12/site-packages/urllib3/connectionpool.py:1103: InsecureRequestWarning: Unverified HTTPS request is being made to host 'randomuser.me'. Adding certificate verification is strongly advised. See: https://urllib3.readthedocs.io/en/latest/advanced-usage.html#tls-warnings
  warnings.warn(</msg>
<msg time="2024-03-22T12:24:26.075779" level="INFO">${response} = &lt;Response [200]&gt;</msg>
<var>${response}</var>
<arg>consultarAPI</arg>
<arg>/api</arg>
<doc>Sends a GET request on a previously created HTTP Session.</doc>
<status status="PASS" start="2024-03-22T12:24:25.981848" elapsed="0.093972"/>
</kw>
<kw name="Set Variable" owner="BuiltIn">
<msg time="2024-03-22T12:24:26.077114" level="INFO">${json_data} = {'results': [{'gender': 'male', 'name': {'title': 'Monsieur', 'first': 'Nelson', 'last': 'Legrand'}, 'location': {'street': {'number': 2653, 'name': 'Avenue Jean-Jaurès'}, 'city': 'Rietheim', 'state':...</msg>
<var>${json_data}</var>
<arg>${response.json()}</arg>
<doc>Returns the given values which can then be assigned to a variables.</doc>
<status status="PASS" start="2024-03-22T12:24:26.076510" elapsed="0.000634"/>
</kw>
<kw name="Set Variable" owner="BuiltIn">
<msg time="2024-03-22T12:24:26.077843" level="INFO">${name_title} = Monsieur</msg>
<var>${name_title}</var>
<arg>${json_data["results"][0]["name"]["title"]}</arg>
<doc>Returns the given values which can then be assigned to a variables.</doc>
<status status="PASS" start="2024-03-22T12:24:26.077460" elapsed="0.000409"/>
</kw>
<kw name="Create List" owner="BuiltIn">
<msg time="2024-03-22T12:24:26.078373" level="INFO">${allowed_titles} = ['Mr', 'Ms', 'Miss', 'Mrs', 'Madame', 'Monsieur']</msg>
<var>${allowed_titles}</var>
<arg>Mr</arg>
<arg>Ms</arg>
<arg>Miss</arg>
<arg>Mrs</arg>
<arg>Madame</arg>
<arg>Monsieur</arg>
<doc>Returns a list containing given items.</doc>
<status status="PASS" start="2024-03-22T12:24:26.078175" elapsed="0.000232"/>
</kw>
<kw name="List Should Contain Value" owner="Collections">
<msg time="2024-03-22T12:24:26.078910" level="INFO">False</msg>
<arg>${allowed_titles}</arg>
<arg>${name_title}</arg>
<doc>Fails if the ``value`` is not found from ``list``.</doc>
<status status="PASS" start="2024-03-22T12:24:26.078723" elapsed="0.000225"/>
</kw>
<kw name="Set Variable" owner="BuiltIn">
<msg time="2024-03-22T12:24:26.079634" level="INFO">${name_country} = CH</msg>
<var>${name_country}</var>
<arg>${json_data["results"][0]["nat"]}</arg>
<doc>Returns the given values which can then be assigned to a variables.</doc>
<status status="PASS" start="2024-03-22T12:24:26.079249" elapsed="0.000411"/>
</kw>
<kw name="Create List" owner="BuiltIn">
<msg time="2024-03-22T12:24:26.080596" level="INFO">${list_country} = ['AD', 'AE', 'AF', 'AG', 'AI', 'AL', 'AM', 'AO', 'AQ', 'AR', 'AS', 'AT', 'AU', 'AW', 'AX', 'AZ', 'BA', 'BB', 'BD', 'BE', 'BF', 'BG', 'BH', 'BI', 'BJ', 'BL', 'BM', 'BN', 'BO', 'BQ', 'BR', 'BS', 'BT', '...</msg>
<var>${list_country}</var>
<arg>AD</arg>
<arg>AE</arg>
<arg>AF</arg>
<arg>AG</arg>
<arg>AI</arg>
<arg>AL</arg>
<arg>AM</arg>
<arg>AO</arg>
<arg>AQ</arg>
<arg>AR</arg>
<arg>AS</arg>
<arg>AT</arg>
<arg>AU</arg>
<arg>AW</arg>
<arg>AX</arg>
<arg>AZ</arg>
<arg>BA</arg>
<arg>BB</arg>
<arg>BD</arg>
<arg>BE</arg>
<arg>BF</arg>
<arg>BG</arg>
<arg>BH</arg>
<arg>BI</arg>
<arg>BJ</arg>
<arg>BL</arg>
<arg>BM</arg>
<arg>BN</arg>
<arg>BO</arg>
<arg>BQ</arg>
<arg>BR</arg>
<arg>BS</arg>
<arg>BT</arg>
<arg>BV</arg>
<arg>BW</arg>
<arg>BY</arg>
<arg>BZ</arg>
<arg>CA</arg>
<arg>CC</arg>
<arg>CD</arg>
<arg>CF</arg>
<arg>CG</arg>
<arg>CH</arg>
<arg>CI</arg>
<arg>CK</arg>
<arg>CL</arg>
<arg>CM</arg>
<arg>CN</arg>
<arg>CO</arg>
<arg>CR</arg>
<arg>CU</arg>
<arg>CV</arg>
<arg>CW</arg>
<arg>CX</arg>
<arg>CY</arg>
<arg>CZ</arg>
<arg>DE</arg>
<arg>DJ</arg>
<arg>DK</arg>
<arg>DM</arg>
<arg>DO</arg>
<arg>DZ</arg>
<arg>EC</arg>
<arg>EE</arg>
<arg>EG</arg>
<arg>EH</arg>
<arg>ER</arg>
<arg>ES</arg>
<arg>ET</arg>
<arg>FI</arg>
<arg>FJ</arg>
<arg>FK</arg>
<arg>FM</arg>
<arg>FO</arg>
<arg>FR</arg>
<arg>GA</arg>
<arg>GB</arg>
<arg>GD</arg>
<arg>GE</arg>
<arg>GF</arg>
<arg>GG</arg>
<arg>GH</arg>
<arg>GI</arg>
<arg>GL</arg>
<arg>GM</arg>
<arg>GN</arg>
<arg>GP</arg>
<arg>GQ</arg>
<arg>GR</arg>
<arg>GS</arg>
<arg>GT</arg>
<arg>GU</arg>
<arg>GW</arg>
<arg>GY</arg>
<arg>HK</arg>
<arg>HM</arg>
<arg>HN</arg>
<arg>HR</arg>
<arg>HT</arg>
<arg>HU</arg>
<arg>ID</arg>
<arg>IE</arg>
<arg>IL</arg>
<arg>IM</arg>
<arg>IN</arg>
<arg>IO</arg>
<arg>IQ</arg>
<arg>IR</arg>
<arg>IS</arg>
<arg>IT</arg>
<arg>JE</arg>
<arg>JM</arg>
<arg>JO</arg>
<arg>JP</arg>
<arg>KE</arg>
<arg>KG</arg>
<arg>KH</arg>
<arg>KI</arg>
<arg>KM</arg>
<arg>KN</arg>
<arg>KP</arg>
<arg>KR</arg>
<arg>KW</arg>
<arg>KY</arg>
<arg>KZ</arg>
<arg>LA</arg>
<arg>LB</arg>
<arg>LC</arg>
<arg>LI</arg>
<arg>LK</arg>
<arg>LR</arg>
<arg>LS</arg>
<arg>LT</arg>
<arg>LU</arg>
<arg>LV</arg>
<arg>LY</arg>
<arg>MA</arg>
<arg>MC</arg>
<arg>MD</arg>
<arg>ME</arg>
<arg>MF</arg>
<arg>MG</arg>
<arg>MH</arg>
<arg>MK</arg>
<arg>ML</arg>
<arg>MM</arg>
<arg>MN</arg>
<arg>MO</arg>
<arg>MP</arg>
<arg>MQ</arg>
<arg>MR</arg>
<arg>MS</arg>
<arg>MT</arg>
<arg>MU</arg>
<arg>MV</arg>
<arg>MW</arg>
<arg>MX</arg>
<arg>MY</arg>
<arg>MZ</arg>
<arg>NA</arg>
<arg>NC</arg>
<arg>NE</arg>
<arg>NF</arg>
<arg>NG</arg>
<arg>NI</arg>
<arg>NL</arg>
<arg>NO</arg>
<arg>NP</arg>
<arg>NR</arg>
<arg>NU</arg>
<arg>NZ</arg>
<arg>OM</arg>
<arg>PA</arg>
<arg>PE</arg>
<arg>PF</arg>
<arg>PG</arg>
<arg>PH</arg>
<arg>PK</arg>
<arg>PL</arg>
<arg>PM</arg>
<arg>PN</arg>
<arg>PR</arg>
<arg>PS</arg>
<arg>PT</arg>
<arg>PW</arg>
<arg>PY</arg>
<arg>QA</arg>
<arg>RE</arg>
<arg>RO</arg>
<arg>RS</arg>
<arg>RU</arg>
<arg>RW</arg>
<arg>SA</arg>
<arg>SB</arg>
<arg>SC</arg>
<arg>SD</arg>
<arg>SE</arg>
<arg>SG</arg>
<arg>SH</arg>
<arg>SI</arg>
<arg>SJ</arg>
<arg>SK</arg>
<arg>SL</arg>
<arg>SM</arg>
<arg>SN</arg>
<arg>SO</arg>
<arg>SR</arg>
<arg>SS</arg>
<arg>ST</arg>
<arg>SV</arg>
<arg>SX</arg>
<arg>SY</arg>
<arg>SZ</arg>
<arg>TC</arg>
<arg>TD</arg>
<arg>TF</arg>
<arg>TG</arg>
<arg>TH</arg>
<arg>TJ</arg>
<arg>TK</arg>
<arg>TL</arg>
<arg>TM</arg>
<arg>TN</arg>
<arg>TO</arg>
<arg>TR</arg>
<arg>TT</arg>
<arg>TV</arg>
<arg>TW</arg>
<arg>TZ</arg>
<arg>UA</arg>
<arg>UG</arg>
<arg>UM</arg>
<arg>US</arg>
<arg>UY</arg>
<arg>UZ</arg>
<arg>VA</arg>
<arg>VC</arg>
<arg>VE</arg>
<arg>VG</arg>
<arg>VI</arg>
<arg>VN</arg>
<arg>VU</arg>
<arg>WF</arg>
<arg>WS</arg>
<arg>XK</arg>
<arg>YE</arg>
<arg>YT</arg>
<arg>ZA</arg>
<arg>ZM</arg>
<arg>ZW</arg>
<doc>Returns a list containing given items.</doc>
<status status="PASS" start="2024-03-22T12:24:26.079977" elapsed="0.000645"/>
</kw>
<kw name="List Should Contain Value" owner="Collections">
<msg time="2024-03-22T12:24:26.081779" level="INFO">False</msg>
<arg>${list_country}</arg>
<arg>${name_country}</arg>
<doc>Fails if the ``value`` is not found from ``list``.</doc>
<status status="PASS" start="2024-03-22T12:24:26.081573" elapsed="0.000244"/>
</kw>
<kw name="Run Keyword If" owner="BuiltIn">
<kw name="Should Be True" owner="BuiltIn">
<arg>${True}</arg>
<doc>Fails if the given condition is not true.</doc>
<status status="PASS" start="2024-03-22T12:24:26.082948" elapsed="0.000150"/>
</kw>
<arg>${json_data["results"][0]["location"]["coordinates"]["latitude"]} &gt;= -90 and ${json_data["results"][0]["location"]["coordinates"]["latitude"]} &lt;= 90</arg>
<arg>Should Be True</arg>
<arg>${True}</arg>
<doc>Runs the given keyword with the given arguments, if ``condition`` is true.</doc>
<status status="PASS" start="2024-03-22T12:24:26.082138" elapsed="0.001101"/>
</kw>
<kw name="Run Keyword If" owner="BuiltIn">
<kw name="Should Be True" owner="BuiltIn">
<arg>${True}</arg>
<doc>Fails if the given condition is not true.</doc>
<status status="PASS" start="2024-03-22T12:24:26.084123" elapsed="0.000149"/>
</kw>
<arg>${json_data["results"][0]["location"]["coordinates"]["longitude"]} &gt;= -180 and ${json_data["results"][0]["location"]["coordinates"]["longitude"]} &lt;= 180</arg>
<arg>Should Be True</arg>
<arg>${True}</arg>
<doc>Runs the given keyword with the given arguments, if ``condition`` is true.</doc>
<status status="PASS" start="2024-03-22T12:24:26.083429" elapsed="0.000971"/>
</kw>
<status status="PASS" start="2024-03-22T12:24:25.981610" elapsed="0.102925"/>
</kw>
<doc>Testa o conteúdo específico dos campos retornados pela API.</doc>
<tag>testeConteudo</tag>
<status status="PASS" start="2024-03-22T12:24:25.981032" elapsed="0.103662"/>
</test>
<status status="PASS" start="2024-03-22T12:24:25.069918" elapsed="1.016812"/>
</suite>
<status status="PASS" start="2024-03-22T12:24:25.055795" elapsed="1.036380"/>
</suite>
<statistics>
<total>
<stat pass="5" fail="0" skip="0">All Tests</stat>
</total>
<tag>
<stat pass="1" fail="0" skip="0">testeConteudo</stat>
<stat pass="1" fail="0" skip="0">testeEstruturaResposta</stat>
<stat pass="1" fail="0" skip="0">testeRequisicaoBasica</stat>
<stat pass="1" fail="0" skip="0">testeTiposDados</stat>
</tag>
<suite>
<stat pass="5" fail="0" skip="0" id="s1" name="Tests">Tests</stat>
<stat pass="5" fail="0" skip="0" id="s1-s1" name="Random-User-Test">Tests.Random-User-Test</stat>
</suite>
</statistics>
<errors>
</errors>
</robot>
