<?xml version="1.0" encoding="UTF-8"?>
<robot generator="Robot 7.0.1 (Python 3.12.4 on linux)" generated="2024-07-09T08:18:16.777345" rpa="false" schemaversion="5">
<suite id="s1" name="Tests" source="/home/runner/work/ApiRandomUser/ApiRandomUser/RamdonUser/tests">
<suite id="s1-s1" name="Random-User-Test" source="/home/runner/work/ApiRandomUser/ApiRandomUser/RamdonUser/tests/random-user-test.robot">
<test id="s1-s1-t1" name="Conectar" line="13">
<kw name="Conectar API" owner="random-user-service">
<kw name="Create Session" owner="RequestsLibrary">
<msg time="2024-07-09T08:18:17.175144" level="INFO">Creating Session using : alias=consultarAPI, url=https://randomuser.me/, headers={},                     cookies={}, auth=None, timeout=None, proxies=None, verify=False,                     debug=0 </msg>
<arg>consultarAPI</arg>
<arg>${URL}</arg>
<doc>Create Session: create a HTTP session to a server</doc>
<status status="PASS" start="2024-07-09T08:18:17.174939" elapsed="0.000388"/>
</kw>
<status status="PASS" start="2024-07-09T08:18:17.173956" elapsed="0.001734"/>
</kw>
<status status="PASS" start="2024-07-09T08:18:17.173315" elapsed="0.002568"/>
</test>
<test id="s1-s1-t2" name="Validar retorno 200 e JSON Válido" line="16">
<kw name="Teste de Requisicao Basica" owner="random-user-service">
<kw name="GET On Session" owner="RequestsLibrary">
<msg time="2024-07-09T08:18:17.300082" level="INFO">GET Request : url=https://randomuser.me/api 
 path_url=/api 
 headers={'User-Agent': 'python-requests/2.32.3', 'Accept-Encoding': 'gzip, deflate', 'Accept': '*/*', 'Connection': 'keep-alive'} 
 body=None 
 </msg>
<msg time="2024-07-09T08:18:17.300258" level="INFO">GET Response : url=https://randomuser.me/api 
 status=200, reason=OK 
 headers={'Date': 'Tue, 09 Jul 2024 08:18:17 GMT', 'Content-Type': 'application/json; charset=utf-8', 'Transfer-Encoding': 'chunked', 'Connection': 'keep-alive', 'X-Powered-By': 'Express', 'Access-Control-Allow-Origin': '*', 'Cache-Control': 'no-cache', 'ETag': 'W/"4a8-YP4dRmxpuJRTpc94N92ShDl0Vgk"', 'Vary': 'Accept-Encoding', 'Content-Encoding': 'gzip', 'CF-Cache-Status': 'DYNAMIC', 'Report-To': '{"endpoints":[{"url":"https:\\/\\/a.nel.cloudflare.com\\/report\\/v4?s=l9DgmDqCOTspKSj5xfeNtfTMB6nGYsxeA9r7KER76xMhaBRW1Q1wkjZO1hbiKzRmZAiAhvGy5pmdefBC96L11quKQXpg32MRUIzlc38B1QJCGwkiVK5cNGAKqWNQRa18"}],"group":"cf-nel","max_age":604800}', 'NEL': '{"success_fraction":0,"report_to":"cf-nel","max_age":604800}', 'Server': 'cloudflare', 'CF-RAY': '8a06e1e99a859e70-SJC', 'alt-svc': 'h3=":443"; ma=86400'} 
 body={"results":[{"gender":"male","name":{"title":"Mr","first":"Steven","last":"Freeman"},"location":{"street":{"number":684,"name":"Thornridge Cir"},"city":"Hervey Bay","state":"Australian Capital Territory","country":"Australia","postcode":951,"coordinates":{"latitude":"-86.2113","longitude":"-179.2893"},"timezone":{"offset":"+9:00","description":"Tokyo, Seoul, Osaka, Sapporo, Yakutsk"}},"email":"steven.freeman@example.com","login":{"uuid":"e4e1d70e-57c7-48f9-8e78-f67d9ddf8d2a","username":"heavyleopard999","password":"thekid","salt":"vEXBI9Lc","md5":"919e3b11f1ddd8016d4ae7619f874742","sha1":"e10dfa6ade305daa7ab504376a57c63d8c611add","sha256":"ec0608291940b595c018a2fa41e6ef4c9eb2d5664b34b871630f08d2090a87e8"},"dob":{"date":"1967-08-04T09:23:04.560Z","age":56},"registered":{"date":"2012-04-10T05:37:37.714Z","age":12},"phone":"05-8895-8164","cell":"0474-954-076","id":{"name":"TFN","value":"151379215"},"picture":{"large":"https://randomuser.me/api/portraits/men/82.jpg","medium":"https://randomuser.me/api/portraits/med/men/82.jpg","thumbnail":"https://randomuser.me/api/portraits/thumb/men/82.jpg"},"nat":"AU"}],"info":{"seed":"7c27a130e2bf64bb","results":1,"page":1,"version":"1.4"}} 
 </msg>
<msg time="2024-07-09T08:18:17.300343" level="INFO">/opt/hostedtoolcache/Python/3.12.4/x64/lib/python3.12/site-packages/urllib3/connectionpool.py:1099: InsecureRequestWarning: Unverified HTTPS request is being made to host 'randomuser.me'. Adding certificate verification is strongly advised. See: https://urllib3.readthedocs.io/en/latest/advanced-usage.html#tls-warnings
  warnings.warn(</msg>
<msg time="2024-07-09T08:18:17.300506" level="INFO">${response} = &lt;Response [200]&gt;</msg>
<var>${response}</var>
<arg>consultarAPI</arg>
<arg>/api</arg>
<doc>Sends a GET request on a previously created HTTP Session.</doc>
<status status="PASS" start="2024-07-09T08:18:17.178607" elapsed="0.121947"/>
</kw>
<kw name="Should Be Equal As Numbers" owner="BuiltIn">
<msg time="2024-07-09T08:18:17.301619" level="INFO">Argument types are:
&lt;class 'int'&gt;
&lt;class 'str'&gt;</msg>
<arg>${response.status_code}</arg>
<arg>200</arg>
<doc>Fails if objects are unequal after converting them to real numbers.</doc>
<status status="PASS" start="2024-07-09T08:18:17.301146" elapsed="0.000537"/>
</kw>
<kw name="Log" owner="BuiltIn">
<msg time="2024-07-09T08:18:17.302353" level="INFO">200</msg>
<arg>${response.status_code}</arg>
<doc>Logs the given message with the given level.</doc>
<status status="PASS" start="2024-07-09T08:18:17.302006" elapsed="0.000389"/>
</kw>
<kw name="Set Variable" owner="BuiltIn">
<msg time="2024-07-09T08:18:17.303135" level="INFO">${json_data} = {'results': [{'gender': 'male', 'name': {'title': 'Mr', 'first': 'Steven', 'last': 'Freeman'}, 'location': {'street': {'number': 684, 'name': 'Thornridge Cir'}, 'city': 'Hervey Bay', 'state': 'Austral...</msg>
<var>${json_data}</var>
<arg>${response.json()}</arg>
<doc>Returns the given values which can then be assigned to a variables.</doc>
<status status="PASS" start="2024-07-09T08:18:17.302701" elapsed="0.000462"/>
</kw>
<kw name="Dictionary Should Contain Key" owner="Collections">
<arg>${json_data}</arg>
<arg>results</arg>
<doc>Fails if ``key`` is not found from ``dictionary``.</doc>
<status status="PASS" start="2024-07-09T08:18:17.303461" elapsed="0.000168"/>
</kw>
<status status="PASS" start="2024-07-09T08:18:17.178356" elapsed="0.125431"/>
</kw>
<doc>Testa se a API responde corretamente e retorna um objeto JSON válido.</doc>
<tag>testeRequisicaoBasica</tag>
<status status="PASS" start="2024-07-09T08:18:17.177804" elapsed="0.126159"/>
</test>
<test id="s1-s1-t3" name="Validar estrutura de resposta" line="22">
<kw name="Teste de Estrutura de Resposta" owner="random-user-service">
<kw name="GET On Session" owner="RequestsLibrary">
<msg time="2024-07-09T08:18:17.399520" level="INFO">GET Request : url=https://randomuser.me/api 
 path_url=/api 
 headers={'User-Agent': 'python-requests/2.32.3', 'Accept-Encoding': 'gzip, deflate', 'Accept': '*/*', 'Connection': 'keep-alive'} 
 body=None 
 </msg>
<msg time="2024-07-09T08:18:17.399615" level="INFO">GET Response : url=https://randomuser.me/api 
 status=200, reason=OK 
 headers={'Date': 'Tue, 09 Jul 2024 08:18:17 GMT', 'Content-Type': 'application/json; charset=utf-8', 'Transfer-Encoding': 'chunked', 'Connection': 'keep-alive', 'X-Powered-By': 'Express', 'Access-Control-Allow-Origin': '*', 'Cache-Control': 'no-cache', 'ETag': 'W/"4a1-DHnegErv/zemt1PhlV5XQyt7u7E"', 'Vary': 'Accept-Encoding', 'Content-Encoding': 'gzip', 'CF-Cache-Status': 'DYNAMIC', 'Report-To': '{"endpoints":[{"url":"https:\\/\\/a.nel.cloudflare.com\\/report\\/v4?s=RzrsP1Jkz1RQ9qZUMXf%2Bv1c8ekztufHymbkoPmzioxB9adrqAJX5mdwjBhHdSZyD14%2Fb055SAkuqi%2Bdr1WtGy6Gf3msidtXkXGE%2FBcT%2BIRvaD6AMOLNQ3aWzjMDxELjm"}],"group":"cf-nel","max_age":604800}', 'NEL': '{"success_fraction":0,"report_to":"cf-nel","max_age":604800}', 'Server': 'cloudflare', 'CF-RAY': '8a06e1ea2ac39e70-SJC', 'alt-svc': 'h3=":443"; ma=86400'} 
 body={"results":[{"gender":"male","name":{"title":"Mr","first":"Terrance","last":"Little"},"location":{"street":{"number":5805,"name":"Stanley Road"},"city":"Hereford","state":"Norfolk","country":"United Kingdom","postcode":"S53 3ZF","coordinates":{"latitude":"-7.7645","longitude":"-23.4683"},"timezone":{"offset":"-4:00","description":"Atlantic Time (Canada), Caracas, La Paz"}},"email":"terrance.little@example.com","login":{"uuid":"e849c6a8-6efb-4dce-b5de-820bbc45a56c","username":"smalltiger564","password":"fender1","salt":"y68Q2W6C","md5":"de31652d5851e8b8ccf84dd816827e7c","sha1":"0269cec6942cc1fd587508d682339d2b91118d04","sha256":"6c053099106155805386303a0cff5e00c2e3c9319f7829f823fc4ea63a3e9a13"},"dob":{"date":"1952-09-15T20:16:11.803Z","age":71},"registered":{"date":"2002-04-04T03:00:13.963Z","age":22},"phone":"015396 05754","cell":"07524 774907","id":{"name":"NINO","value":"TC 03 33 25 O"},"picture":{"large":"https://randomuser.me/api/portraits/men/71.jpg","medium":"https://randomuser.me/api/portraits/med/men/71.jpg","thumbnail":"https://randomuser.me/api/portraits/thumb/men/71.jpg"},"nat":"GB"}],"info":{"seed":"7aa0ab45b37b5176","results":1,"page":1,"version":"1.4"}} 
 </msg>
<msg time="2024-07-09T08:18:17.399742" level="INFO">/opt/hostedtoolcache/Python/3.12.4/x64/lib/python3.12/site-packages/urllib3/connectionpool.py:1099: InsecureRequestWarning: Unverified HTTPS request is being made to host 'randomuser.me'. Adding certificate verification is strongly advised. See: https://urllib3.readthedocs.io/en/latest/advanced-usage.html#tls-warnings
  warnings.warn(</msg>
<msg time="2024-07-09T08:18:17.399885" level="INFO">${response} = &lt;Response [200]&gt;</msg>
<var>${response}</var>
<arg>consultarAPI</arg>
<arg>/api</arg>
<doc>Sends a GET request on a previously created HTTP Session.</doc>
<status status="PASS" start="2024-07-09T08:18:17.306574" elapsed="0.093354"/>
</kw>
<kw name="Set Variable" owner="BuiltIn">
<msg time="2024-07-09T08:18:17.400942" level="INFO">${json_data} = {'results': [{'gender': 'male', 'name': {'title': 'Mr', 'first': 'Terrance', 'last': 'Little'}, 'location': {'street': {'number': 5805, 'name': 'Stanley Road'}, 'city': 'Hereford', 'state': 'Norfolk',...</msg>
<var>${json_data}</var>
<arg>${response.json()}</arg>
<doc>Returns the given values which can then be assigned to a variables.</doc>
<status status="PASS" start="2024-07-09T08:18:17.400408" elapsed="0.000570"/>
</kw>
<kw name="Log" owner="BuiltIn">
<msg time="2024-07-09T08:18:17.401469" level="INFO">{'results': [{'gender': 'male', 'name': {'title': 'Mr', 'first': 'Terrance', 'last': 'Little'}, 'location': {'street': {'number': 5805, 'name': 'Stanley Road'}, 'city': 'Hereford', 'state': 'Norfolk', 'country': 'United Kingdom', 'postcode': 'S53 3ZF', 'coordinates': {'latitude': '-7.7645', 'longitude': '-23.4683'}, 'timezone': {'offset': '-4:00', 'description': 'Atlantic Time (Canada), Caracas, La Paz'}}, 'email': 'terrance.little@example.com', 'login': {'uuid': 'e849c6a8-6efb-4dce-b5de-820bbc45a56c', 'username': 'smalltiger564', 'password': 'fender1', 'salt': 'y68Q2W6C', 'md5': 'de31652d5851e8b8ccf84dd816827e7c', 'sha1': '0269cec6942cc1fd587508d682339d2b91118d04', 'sha256': '6c053099106155805386303a0cff5e00c2e3c9319f7829f823fc4ea63a3e9a13'}, 'dob': {'date': '1952-09-15T20:16:11.803Z', 'age': 71}, 'registered': {'date': '2002-04-04T03:00:13.963Z', 'age': 22}, 'phone': '015396 05754', 'cell': '07524 774907', 'id': {'name': 'NINO', 'value': 'TC 03 33 25 O'}, 'picture': {'large': 'https://randomuser.me/api/portraits/men/71.jpg', 'medium': 'https://randomuser.me/api/portraits/med/men/71.jpg', 'thumbnail': 'https://randomuser.me/api/portraits/thumb/men/71.jpg'}, 'nat': 'GB'}], 'info': {'seed': '7aa0ab45b37b5176', 'results': 1, 'page': 1, 'version': '1.4'}}</msg>
<arg>${json_data}</arg>
<doc>Logs the given message with the given level.</doc>
<status status="PASS" start="2024-07-09T08:18:17.401310" elapsed="0.000211"/>
</kw>
<kw name="Dictionary Should Contain Key" owner="Collections">
<arg>${json_data}</arg>
<arg>results</arg>
<doc>Fails if ``key`` is not found from ``dictionary``.</doc>
<status status="PASS" start="2024-07-09T08:18:17.401817" elapsed="0.000159"/>
</kw>
<kw name="Should Not Be Empty" owner="BuiltIn">
<msg time="2024-07-09T08:18:17.402302" level="INFO">Length is 2.</msg>
<arg>${json_data}</arg>
<doc>Verifies that the given item is not empty.</doc>
<status status="PASS" start="2024-07-09T08:18:17.402171" elapsed="0.000170"/>
</kw>
<kw name="Create List" owner="BuiltIn">
<msg time="2024-07-09T08:18:17.402942" level="INFO">${expected_keys} = ['gender', 'name', 'location', 'email', 'login']</msg>
<var>${expected_keys}</var>
<arg>gender</arg>
<arg>name</arg>
<arg>location</arg>
<arg>email</arg>
<arg>login</arg>
<doc>Returns a list containing given items.</doc>
<status status="PASS" start="2024-07-09T08:18:17.402637" elapsed="0.000330"/>
</kw>
<for flavor="IN">
<iter>
<kw name="Dictionary Should Contain Key" owner="Collections">
<arg>${json_data['results'][0]}</arg>
<arg>${key}</arg>
<doc>Fails if ``key`` is not found from ``dictionary``.</doc>
<status status="PASS" start="2024-07-09T08:18:17.403547" elapsed="0.000398"/>
</kw>
<kw name="Log" owner="BuiltIn">
<msg time="2024-07-09T08:18:17.404492" level="INFO">{'gender': 'male', 'name': {'title': 'Mr', 'first': 'Terrance', 'last': 'Little'}, 'location': {'street': {'number': 5805, 'name': 'Stanley Road'}, 'city': 'Hereford', 'state': 'Norfolk', 'country': 'United Kingdom', 'postcode': 'S53 3ZF', 'coordinates': {'latitude': '-7.7645', 'longitude': '-23.4683'}, 'timezone': {'offset': '-4:00', 'description': 'Atlantic Time (Canada), Caracas, La Paz'}}, 'email': 'terrance.little@example.com', 'login': {'uuid': 'e849c6a8-6efb-4dce-b5de-820bbc45a56c', 'username': 'smalltiger564', 'password': 'fender1', 'salt': 'y68Q2W6C', 'md5': 'de31652d5851e8b8ccf84dd816827e7c', 'sha1': '0269cec6942cc1fd587508d682339d2b91118d04', 'sha256': '6c053099106155805386303a0cff5e00c2e3c9319f7829f823fc4ea63a3e9a13'}, 'dob': {'date': '1952-09-15T20:16:11.803Z', 'age': 71}, 'registered': {'date': '2002-04-04T03:00:13.963Z', 'age': 22}, 'phone': '015396 05754', 'cell': '07524 774907', 'id': {'name': 'NINO', 'value': 'TC 03 33 25 O'}, 'picture': {'large': 'https://randomuser.me/api/portraits/men/71.jpg', 'medium': 'https://randomuser.me/api/portraits/med/men/71.jpg', 'thumbnail': 'https://randomuser.me/api/portraits/thumb/men/71.jpg'}, 'nat': 'GB'}</msg>
<arg>${json_data['results'][0]}</arg>
<doc>Logs the given message with the given level.</doc>
<status status="PASS" start="2024-07-09T08:18:17.404134" elapsed="0.000408"/>
</kw>
<kw name="Log" owner="BuiltIn">
<msg time="2024-07-09T08:18:17.404993" level="INFO">gender</msg>
<arg>${key}</arg>
<doc>Logs the given message with the given level.</doc>
<status status="PASS" start="2024-07-09T08:18:17.404843" elapsed="0.000189"/>
</kw>
<var name="${key}">gender</var>
<status status="PASS" start="2024-07-09T08:18:17.403421" elapsed="0.001837"/>
</iter>
<iter>
<kw name="Dictionary Should Contain Key" owner="Collections">
<arg>${json_data['results'][0]}</arg>
<arg>${key}</arg>
<doc>Fails if ``key`` is not found from ``dictionary``.</doc>
<status status="PASS" start="2024-07-09T08:18:17.405554" elapsed="0.000390"/>
</kw>
<kw name="Log" owner="BuiltIn">
<msg time="2024-07-09T08:18:17.406515" level="INFO">{'gender': 'male', 'name': {'title': 'Mr', 'first': 'Terrance', 'last': 'Little'}, 'location': {'street': {'number': 5805, 'name': 'Stanley Road'}, 'city': 'Hereford', 'state': 'Norfolk', 'country': 'United Kingdom', 'postcode': 'S53 3ZF', 'coordinates': {'latitude': '-7.7645', 'longitude': '-23.4683'}, 'timezone': {'offset': '-4:00', 'description': 'Atlantic Time (Canada), Caracas, La Paz'}}, 'email': 'terrance.little@example.com', 'login': {'uuid': 'e849c6a8-6efb-4dce-b5de-820bbc45a56c', 'username': 'smalltiger564', 'password': 'fender1', 'salt': 'y68Q2W6C', 'md5': 'de31652d5851e8b8ccf84dd816827e7c', 'sha1': '0269cec6942cc1fd587508d682339d2b91118d04', 'sha256': '6c053099106155805386303a0cff5e00c2e3c9319f7829f823fc4ea63a3e9a13'}, 'dob': {'date': '1952-09-15T20:16:11.803Z', 'age': 71}, 'registered': {'date': '2002-04-04T03:00:13.963Z', 'age': 22}, 'phone': '015396 05754', 'cell': '07524 774907', 'id': {'name': 'NINO', 'value': 'TC 03 33 25 O'}, 'picture': {'large': 'https://randomuser.me/api/portraits/men/71.jpg', 'medium': 'https://randomuser.me/api/portraits/med/men/71.jpg', 'thumbnail': 'https://randomuser.me/api/portraits/thumb/men/71.jpg'}, 'nat': 'GB'}</msg>
<arg>${json_data['results'][0]}</arg>
<doc>Logs the given message with the given level.</doc>
<status status="PASS" start="2024-07-09T08:18:17.406128" elapsed="0.000462"/>
</kw>
<kw name="Log" owner="BuiltIn">
<msg time="2024-07-09T08:18:17.407063" level="INFO">name</msg>
<arg>${key}</arg>
<doc>Logs the given message with the given level.</doc>
<status status="PASS" start="2024-07-09T08:18:17.406924" elapsed="0.000178"/>
</kw>
<var name="${key}">name</var>
<status status="PASS" start="2024-07-09T08:18:17.405442" elapsed="0.001884"/>
</iter>
<iter>
<kw name="Dictionary Should Contain Key" owner="Collections">
<arg>${json_data['results'][0]}</arg>
<arg>${key}</arg>
<doc>Fails if ``key`` is not found from ``dictionary``.</doc>
<status status="PASS" start="2024-07-09T08:18:17.407621" elapsed="0.000386"/>
</kw>
<kw name="Log" owner="BuiltIn">
<msg time="2024-07-09T08:18:17.408547" level="INFO">{'gender': 'male', 'name': {'title': 'Mr', 'first': 'Terrance', 'last': 'Little'}, 'location': {'street': {'number': 5805, 'name': 'Stanley Road'}, 'city': 'Hereford', 'state': 'Norfolk', 'country': 'United Kingdom', 'postcode': 'S53 3ZF', 'coordinates': {'latitude': '-7.7645', 'longitude': '-23.4683'}, 'timezone': {'offset': '-4:00', 'description': 'Atlantic Time (Canada), Caracas, La Paz'}}, 'email': 'terrance.little@example.com', 'login': {'uuid': 'e849c6a8-6efb-4dce-b5de-820bbc45a56c', 'username': 'smalltiger564', 'password': 'fender1', 'salt': 'y68Q2W6C', 'md5': 'de31652d5851e8b8ccf84dd816827e7c', 'sha1': '0269cec6942cc1fd587508d682339d2b91118d04', 'sha256': '6c053099106155805386303a0cff5e00c2e3c9319f7829f823fc4ea63a3e9a13'}, 'dob': {'date': '1952-09-15T20:16:11.803Z', 'age': 71}, 'registered': {'date': '2002-04-04T03:00:13.963Z', 'age': 22}, 'phone': '015396 05754', 'cell': '07524 774907', 'id': {'name': 'NINO', 'value': 'TC 03 33 25 O'}, 'picture': {'large': 'https://randomuser.me/api/portraits/men/71.jpg', 'medium': 'https://randomuser.me/api/portraits/med/men/71.jpg', 'thumbnail': 'https://randomuser.me/api/portraits/thumb/men/71.jpg'}, 'nat': 'GB'}</msg>
<arg>${json_data['results'][0]}</arg>
<doc>Logs the given message with the given level.</doc>
<status status="PASS" start="2024-07-09T08:18:17.408193" elapsed="0.000402"/>
</kw>
<kw name="Log" owner="BuiltIn">
<msg time="2024-07-09T08:18:17.409078" level="INFO">location</msg>
<arg>${key}</arg>
<doc>Logs the given message with the given level.</doc>
<status status="PASS" start="2024-07-09T08:18:17.408898" elapsed="0.000219"/>
</kw>
<var name="${key}">location</var>
<status status="PASS" start="2024-07-09T08:18:17.407504" elapsed="0.001835"/>
</iter>
<iter>
<kw name="Dictionary Should Contain Key" owner="Collections">
<arg>${json_data['results'][0]}</arg>
<arg>${key}</arg>
<doc>Fails if ``key`` is not found from ``dictionary``.</doc>
<status status="PASS" start="2024-07-09T08:18:17.409623" elapsed="0.000391"/>
</kw>
<kw name="Log" owner="BuiltIn">
<msg time="2024-07-09T08:18:17.410554" level="INFO">{'gender': 'male', 'name': {'title': 'Mr', 'first': 'Terrance', 'last': 'Little'}, 'location': {'street': {'number': 5805, 'name': 'Stanley Road'}, 'city': 'Hereford', 'state': 'Norfolk', 'country': 'United Kingdom', 'postcode': 'S53 3ZF', 'coordinates': {'latitude': '-7.7645', 'longitude': '-23.4683'}, 'timezone': {'offset': '-4:00', 'description': 'Atlantic Time (Canada), Caracas, La Paz'}}, 'email': 'terrance.little@example.com', 'login': {'uuid': 'e849c6a8-6efb-4dce-b5de-820bbc45a56c', 'username': 'smalltiger564', 'password': 'fender1', 'salt': 'y68Q2W6C', 'md5': 'de31652d5851e8b8ccf84dd816827e7c', 'sha1': '0269cec6942cc1fd587508d682339d2b91118d04', 'sha256': '6c053099106155805386303a0cff5e00c2e3c9319f7829f823fc4ea63a3e9a13'}, 'dob': {'date': '1952-09-15T20:16:11.803Z', 'age': 71}, 'registered': {'date': '2002-04-04T03:00:13.963Z', 'age': 22}, 'phone': '015396 05754', 'cell': '07524 774907', 'id': {'name': 'NINO', 'value': 'TC 03 33 25 O'}, 'picture': {'large': 'https://randomuser.me/api/portraits/men/71.jpg', 'medium': 'https://randomuser.me/api/portraits/med/men/71.jpg', 'thumbnail': 'https://randomuser.me/api/portraits/thumb/men/71.jpg'}, 'nat': 'GB'}</msg>
<arg>${json_data['results'][0]}</arg>
<doc>Logs the given message with the given level.</doc>
<status status="PASS" start="2024-07-09T08:18:17.410199" elapsed="0.000404"/>
</kw>
<kw name="Log" owner="BuiltIn">
<msg time="2024-07-09T08:18:17.411037" level="INFO">email</msg>
<arg>${key}</arg>
<doc>Logs the given message with the given level.</doc>
<status status="PASS" start="2024-07-09T08:18:17.410908" elapsed="0.000169"/>
</kw>
<var name="${key}">email</var>
<status status="PASS" start="2024-07-09T08:18:17.409513" elapsed="0.001780"/>
</iter>
<iter>
<kw name="Dictionary Should Contain Key" owner="Collections">
<arg>${json_data['results'][0]}</arg>
<arg>${key}</arg>
<doc>Fails if ``key`` is not found from ``dictionary``.</doc>
<status status="PASS" start="2024-07-09T08:18:17.411583" elapsed="0.000392"/>
</kw>
<kw name="Log" owner="BuiltIn">
<msg time="2024-07-09T08:18:17.412508" level="INFO">{'gender': 'male', 'name': {'title': 'Mr', 'first': 'Terrance', 'last': 'Little'}, 'location': {'street': {'number': 5805, 'name': 'Stanley Road'}, 'city': 'Hereford', 'state': 'Norfolk', 'country': 'United Kingdom', 'postcode': 'S53 3ZF', 'coordinates': {'latitude': '-7.7645', 'longitude': '-23.4683'}, 'timezone': {'offset': '-4:00', 'description': 'Atlantic Time (Canada), Caracas, La Paz'}}, 'email': 'terrance.little@example.com', 'login': {'uuid': 'e849c6a8-6efb-4dce-b5de-820bbc45a56c', 'username': 'smalltiger564', 'password': 'fender1', 'salt': 'y68Q2W6C', 'md5': 'de31652d5851e8b8ccf84dd816827e7c', 'sha1': '0269cec6942cc1fd587508d682339d2b91118d04', 'sha256': '6c053099106155805386303a0cff5e00c2e3c9319f7829f823fc4ea63a3e9a13'}, 'dob': {'date': '1952-09-15T20:16:11.803Z', 'age': 71}, 'registered': {'date': '2002-04-04T03:00:13.963Z', 'age': 22}, 'phone': '015396 05754', 'cell': '07524 774907', 'id': {'name': 'NINO', 'value': 'TC 03 33 25 O'}, 'picture': {'large': 'https://randomuser.me/api/portraits/men/71.jpg', 'medium': 'https://randomuser.me/api/portraits/med/men/71.jpg', 'thumbnail': 'https://randomuser.me/api/portraits/thumb/men/71.jpg'}, 'nat': 'GB'}</msg>
<arg>${json_data['results'][0]}</arg>
<doc>Logs the given message with the given level.</doc>
<status status="PASS" start="2024-07-09T08:18:17.412158" elapsed="0.000398"/>
</kw>
<kw name="Log" owner="BuiltIn">
<msg time="2024-07-09T08:18:17.412998" level="INFO">login</msg>
<arg>${key}</arg>
<doc>Logs the given message with the given level.</doc>
<status status="PASS" start="2024-07-09T08:18:17.412846" elapsed="0.000200"/>
</kw>
<var name="${key}">login</var>
<status status="PASS" start="2024-07-09T08:18:17.411464" elapsed="0.001798"/>
</iter>
<var>${key}</var>
<value>@{expected_keys}</value>
<status status="PASS" start="2024-07-09T08:18:17.403232" elapsed="0.010153"/>
</for>
<kw name="Create List" owner="BuiltIn">
<msg time="2024-07-09T08:18:17.413752" level="INFO">${expected_keysTwo} = ['username', 'password']</msg>
<var>${expected_keysTwo}</var>
<arg>username</arg>
<arg>password</arg>
<doc>Returns a list containing given items.</doc>
<status status="PASS" start="2024-07-09T08:18:17.413607" elapsed="0.000169"/>
</kw>
<for flavor="IN">
<iter>
<kw name="Dictionary Should Contain Key" owner="Collections">
<arg>${json_data['results'][0]['login']}</arg>
<arg>${keyTwo}</arg>
<doc>Fails if ``key`` is not found from ``dictionary``.</doc>
<status status="PASS" start="2024-07-09T08:18:17.414297" elapsed="0.000389"/>
</kw>
<kw name="Dictionary Should Contain Key" owner="Collections">
<arg>${json_data['results'][0]['login']}</arg>
<arg>${keyTwo}</arg>
<doc>Fails if ``key`` is not found from ``dictionary``.</doc>
<status status="PASS" start="2024-07-09T08:18:17.414867" elapsed="0.000365"/>
</kw>
<kw name="Log" owner="BuiltIn">
<msg time="2024-07-09T08:18:17.415534" level="INFO">username</msg>
<arg>${keyTwo}</arg>
<doc>Logs the given message with the given level.</doc>
<status status="PASS" start="2024-07-09T08:18:17.415414" elapsed="0.000156"/>
</kw>
<var name="${keyTwo}">username</var>
<status status="PASS" start="2024-07-09T08:18:17.414187" elapsed="0.001600"/>
</iter>
<iter>
<kw name="Dictionary Should Contain Key" owner="Collections">
<arg>${json_data['results'][0]['login']}</arg>
<arg>${keyTwo}</arg>
<doc>Fails if ``key`` is not found from ``dictionary``.</doc>
<status status="PASS" start="2024-07-09T08:18:17.416066" elapsed="0.000388"/>
</kw>
<kw name="Dictionary Should Contain Key" owner="Collections">
<arg>${json_data['results'][0]['login']}</arg>
<arg>${keyTwo}</arg>
<doc>Fails if ``key`` is not found from ``dictionary``.</doc>
<status status="PASS" start="2024-07-09T08:18:17.416636" elapsed="0.000420"/>
</kw>
<kw name="Log" owner="BuiltIn">
<msg time="2024-07-09T08:18:17.417369" level="INFO">password</msg>
<arg>${keyTwo}</arg>
<doc>Logs the given message with the given level.</doc>
<status status="PASS" start="2024-07-09T08:18:17.417245" elapsed="0.000168"/>
</kw>
<var name="${keyTwo}">password</var>
<status status="PASS" start="2024-07-09T08:18:17.415959" elapsed="0.001775"/>
</iter>
<var>${keyTwo}</var>
<value>@{expected_keysTwo}</value>
<status status="PASS" start="2024-07-09T08:18:17.414033" elapsed="0.003823"/>
</for>
<status status="PASS" start="2024-07-09T08:18:17.306338" elapsed="0.111662"/>
</kw>
<doc>Testa a estrutura da resposta da API.</doc>
<tag>testeEstruturaResposta</tag>
<status status="PASS" start="2024-07-09T08:18:17.305831" elapsed="0.112325"/>
</test>
<test id="s1-s1-t4" name="Validar tipos de dados" line="28">
<kw name="Teste de Tipos de Dados" owner="random-user-service">
<kw name="GET On Session" owner="RequestsLibrary">
<msg time="2024-07-09T08:18:17.518672" level="INFO">GET Request : url=https://randomuser.me/api 
 path_url=/api 
 headers={'User-Agent': 'python-requests/2.32.3', 'Accept-Encoding': 'gzip, deflate', 'Accept': '*/*', 'Connection': 'keep-alive'} 
 body=None 
 </msg>
<msg time="2024-07-09T08:18:17.518779" level="INFO">GET Response : url=https://randomuser.me/api 
 status=200, reason=OK 
 headers={'Date': 'Tue, 09 Jul 2024 08:18:17 GMT', 'Content-Type': 'application/json; charset=utf-8', 'Transfer-Encoding': 'chunked', 'Connection': 'keep-alive', 'X-Powered-By': 'Express', 'Access-Control-Allow-Origin': '*', 'Cache-Control': 'no-cache', 'ETag': 'W/"4b6-5asQ3j+w2Bg3bjI4xBpwBToZQJg"', 'Vary': 'Accept-Encoding', 'Content-Encoding': 'gzip', 'CF-Cache-Status': 'DYNAMIC', 'Report-To': '{"endpoints":[{"url":"https:\\/\\/a.nel.cloudflare.com\\/report\\/v4?s=WioimTNNmcbMwKgO7GljqCiqCHMXjrB2WdA%2F1n8WV6JT6l%2FX7lOrrkwrq0rh5SQiOKFMarTqIg0gEZBz7pguhK99X7rQ4U%2Fnu3pFzlVBn7mLzPYvVPhIa2C3vf8IQKDv"}],"group":"cf-nel","max_age":604800}', 'NEL': '{"success_fraction":0,"report_to":"cf-nel","max_age":604800}', 'Server': 'cloudflare', 'CF-RAY': '8a06e1eaeb139e70-SJC', 'alt-svc': 'h3=":443"; ma=86400'} 
 body={"results":[{"gender":"female","name":{"title":"Madame","first":"Cécile","last":"Petit"},"location":{"street":{"number":9868,"name":"Avenue Goerges Clémenceau"},"city":"Saubraz","state":"Fribourg","country":"Switzerland","postcode":4613,"coordinates":{"latitude":"-61.6786","longitude":"72.7357"},"timezone":{"offset":"-5:00","description":"Eastern Time (US &amp; Canada), Bogota, Lima"}},"email":"cecile.petit@example.com","login":{"uuid":"2cc4f1c3-bd34-4303-a677-1079ca6a2a02","username":"heavybutterfly116","password":"jammin","salt":"2mqlco7A","md5":"89a2c0332cc7b85aa7eb3a54ae407e39","sha1":"93c4e079943f9740f99f9adc6e070239683a3c0c","sha256":"f18fc7b5edcd69f7e7609f797f0af8710ff7c1d44232b6245b8815983070ca98"},"dob":{"date":"1971-02-01T21:16:09.177Z","age":53},"registered":{"date":"2013-10-20T09:36:41.254Z","age":10},"phone":"078 160 15 64","cell":"077 294 31 07","id":{"name":"AVS","value":"756.7060.3245.63"},"picture":{"large":"https://randomuser.me/api/portraits/women/75.jpg","medium":"https://randomuser.me/api/portraits/med/women/75.jpg","thumbnail":"https://randomuser.me/api/portraits/thumb/women/75.jpg"},"nat":"CH"}],"info":{"seed":"e35cbf8e14c13f43","results":1,"page":1,"version":"1.4"}} 
 </msg>
<msg time="2024-07-09T08:18:17.518864" level="INFO">/opt/hostedtoolcache/Python/3.12.4/x64/lib/python3.12/site-packages/urllib3/connectionpool.py:1099: InsecureRequestWarning: Unverified HTTPS request is being made to host 'randomuser.me'. Adding certificate verification is strongly advised. See: https://urllib3.readthedocs.io/en/latest/advanced-usage.html#tls-warnings
  warnings.warn(</msg>
<msg time="2024-07-09T08:18:17.518996" level="INFO">${response} = &lt;Response [200]&gt;</msg>
<var>${response}</var>
<arg>consultarAPI</arg>
<arg>/api</arg>
<doc>Sends a GET request on a previously created HTTP Session.</doc>
<status status="PASS" start="2024-07-09T08:18:17.420737" elapsed="0.098302"/>
</kw>
<kw name="Set Variable" owner="BuiltIn">
<msg time="2024-07-09T08:18:17.520407" level="INFO">${json_data} = {'results': [{'gender': 'female', 'name': {'title': 'Madame', 'first': 'Cécile', 'last': 'Petit'}, 'location': {'street': {'number': 9868, 'name': 'Avenue Goerges Clémenceau'}, 'city': 'Saubraz', 'sta...</msg>
<var>${json_data}</var>
<arg>${response.json()}</arg>
<doc>Returns the given values which can then be assigned to a variables.</doc>
<status status="PASS" start="2024-07-09T08:18:17.519777" elapsed="0.000662"/>
</kw>
<kw name="Log" owner="BuiltIn">
<msg time="2024-07-09T08:18:17.521056" level="INFO">{'results': [{'gender': 'female', 'name': {'title': 'Madame', 'first': 'Cécile', 'last': 'Petit'}, 'location': {'street': {'number': 9868, 'name': 'Avenue Goerges Clémenceau'}, 'city': 'Saubraz', 'state': 'Fribourg', 'country': 'Switzerland', 'postcode': 4613, 'coordinates': {'latitude': '-61.6786', 'longitude': '72.7357'}, 'timezone': {'offset': '-5:00', 'description': 'Eastern Time (US &amp; Canada), Bogota, Lima'}}, 'email': 'cecile.petit@example.com', 'login': {'uuid': '2cc4f1c3-bd34-4303-a677-1079ca6a2a02', 'username': 'heavybutterfly116', 'password': 'jammin', 'salt': '2mqlco7A', 'md5': '89a2c0332cc7b85aa7eb3a54ae407e39', 'sha1': '93c4e079943f9740f99f9adc6e070239683a3c0c', 'sha256': 'f18fc7b5edcd69f7e7609f797f0af8710ff7c1d44232b6245b8815983070ca98'}, 'dob': {'date': '1971-02-01T21:16:09.177Z', 'age': 53}, 'registered': {'date': '2013-10-20T09:36:41.254Z', 'age': 10}, 'phone': '078 160 15 64', 'cell': '077 294 31 07', 'id': {'name': 'AVS', 'value': '756.7060.3245.63'}, 'picture': {'large': 'https://randomuser.me/api/portraits/women/75.jpg', 'medium': 'https://randomuser.me/api/portraits/med/women/75.jpg', 'thumbnail': 'https://randomuser.me/api/portraits/thumb/women/75.jpg'}, 'nat': 'CH'}], 'info': {'seed': 'e35cbf8e14c13f43', 'results': 1, 'page': 1, 'version': '1.4'}}</msg>
<arg>${json_data}</arg>
<doc>Logs the given message with the given level.</doc>
<status status="PASS" start="2024-07-09T08:18:17.520824" elapsed="0.000289"/>
</kw>
<kw name="Should Be String" owner="String">
<arg>${json_data['results'][0]['gender']}</arg>
<doc>Fails if the given ``item`` is not a string.</doc>
<status status="PASS" start="2024-07-09T08:18:17.521456" elapsed="0.000398"/>
</kw>
<kw name="Should Match Regexp" owner="BuiltIn">
<arg>${json_data['results'][0]['email']}</arg>
<arg>^[a-zA-Z0-9._%+-]+@[a-zA-Z0-9.-]+\.[a-zA-Z]{2,}$</arg>
<doc>Fails if ``string`` does not match ``pattern`` as a regular expression.</doc>
<status status="PASS" start="2024-07-09T08:18:17.522098" elapsed="0.000552"/>
</kw>
<kw name="Should Match Regexp" owner="BuiltIn">
<arg>${json_data['results'][0]['dob']['date']}</arg>
<arg>\\d{4}-\\d{2}-\\d{2}T\\d{2}:\\d{2}:\\d{2}\\.\\d{3}Z</arg>
<doc>Fails if ``string`` does not match ``pattern`` as a regular expression.</doc>
<status status="PASS" start="2024-07-09T08:18:17.522859" elapsed="0.000506"/>
</kw>
<kw name="Should Match Regexp" owner="BuiltIn">
<arg>${json_data['results'][0]['registered']['date']}</arg>
<arg>\\d{4}-\\d{2}-\\d{2}T\\d{2}:\\d{2}:\\d{2}\\.\\d{3}Z</arg>
<doc>Fails if ``string`` does not match ``pattern`` as a regular expression.</doc>
<status status="PASS" start="2024-07-09T08:18:17.523565" elapsed="0.000374"/>
</kw>
<kw name="Should Match Regexp" owner="BuiltIn">
<arg>${json_data['results'][0]['picture']['large']}</arg>
<arg>^https?://.*\.(?:png|jpe?g|gif|bmp)$</arg>
<doc>Fails if ``string`` does not match ``pattern`` as a regular expression.</doc>
<status status="PASS" start="2024-07-09T08:18:17.524126" elapsed="0.000474"/>
</kw>
<kw name="Should Match Regexp" owner="BuiltIn">
<arg>${json_data['results'][0]['picture']['medium']}</arg>
<arg>^https?://.*\.(?:png|jpe?g|gif|bmp)$</arg>
<doc>Fails if ``string`` does not match ``pattern`` as a regular expression.</doc>
<status status="PASS" start="2024-07-09T08:18:17.524791" elapsed="0.000389"/>
</kw>
<kw name="Should Match Regexp" owner="BuiltIn">
<arg>${json_data['results'][0]['picture']['thumbnail']}</arg>
<arg>^https?://.*\.(?:png|jpe?g|gif|bmp)$</arg>
<doc>Fails if ``string`` does not match ``pattern`` as a regular expression.</doc>
<status status="PASS" start="2024-07-09T08:18:17.525366" elapsed="0.000351"/>
</kw>
<kw name="Log" owner="BuiltIn">
<msg time="2024-07-09T08:18:17.526236" level="INFO">{'large': 'https://randomuser.me/api/portraits/women/75.jpg', 'medium': 'https://randomuser.me/api/portraits/med/women/75.jpg', 'thumbnail': 'https://randomuser.me/api/portraits/thumb/women/75.jpg'}</msg>
<arg>${json_data['results'][0]['picture']}</arg>
<doc>Logs the given message with the given level.</doc>
<status status="PASS" start="2024-07-09T08:18:17.525903" elapsed="0.000376"/>
</kw>
<status status="PASS" start="2024-07-09T08:18:17.420500" elapsed="0.106052"/>
</kw>
<kw name="Teste de Tipos de Dados - Postcode" owner="random-user-service">
<kw name="GET On Session" owner="RequestsLibrary">
<msg time="2024-07-09T08:18:17.614065" level="INFO">GET Request : url=https://randomuser.me/api 
 path_url=/api 
 headers={'User-Agent': 'python-requests/2.32.3', 'Accept-Encoding': 'gzip, deflate', 'Accept': '*/*', 'Connection': 'keep-alive'} 
 body=None 
 </msg>
<msg time="2024-07-09T08:18:17.614170" level="INFO">GET Response : url=https://randomuser.me/api 
 status=200, reason=OK 
 headers={'Date': 'Tue, 09 Jul 2024 08:18:17 GMT', 'Content-Type': 'application/json; charset=utf-8', 'Transfer-Encoding': 'chunked', 'Connection': 'keep-alive', 'X-Powered-By': 'Express', 'Access-Control-Allow-Origin': '*', 'Cache-Control': 'no-cache', 'ETag': 'W/"486-UUym1gJsPmcX+W4dzB+0YtYAAIM"', 'Vary': 'Accept-Encoding', 'Content-Encoding': 'gzip', 'CF-Cache-Status': 'DYNAMIC', 'Report-To': '{"endpoints":[{"url":"https:\\/\\/a.nel.cloudflare.com\\/report\\/v4?s=uZyyXO5CqP4yQHLS0lIQd35WuVULiVkdgPa8Xh4lqrGRoUv%2Fx6vX2%2FJeMG55U0tIUsBizn50tdhf%2FoF%2FMpO1bR6gc73HQZVawpPD%2BLujAs94P9YxJ8HKDWBTugNaQBGx"}],"group":"cf-nel","max_age":604800}', 'NEL': '{"success_fraction":0,"report_to":"cf-nel","max_age":604800}', 'Server': 'cloudflare', 'CF-RAY': '8a06e1eb8b5c9e70-SJC', 'alt-svc': 'h3=":443"; ma=86400'} 
 body={"results":[{"gender":"male","name":{"title":"Mr","first":"Storm","last":"Poulsen"},"location":{"street":{"number":8772,"name":"Åkandevej"},"city":"Roedovre","state":"Sjælland","country":"Denmark","postcode":15462,"coordinates":{"latitude":"-46.9919","longitude":"-108.6484"},"timezone":{"offset":"+11:00","description":"Magadan, Solomon Islands, New Caledonia"}},"email":"storm.poulsen@example.com","login":{"uuid":"edfefaa0-f8c3-4a8a-8b3c-adb2604fe19b","username":"bluerabbit703","password":"punk","salt":"8GVlNIOs","md5":"0dee5aceec46e4e2a6c84e6853fa8a54","sha1":"d03ce44aaaec7800b5366b81752754b002ee151f","sha256":"471ec99a0d96936cc7c218322d749d6c3b09e805c870975513da27349ca20345"},"dob":{"date":"1992-11-07T17:25:51.387Z","age":31},"registered":{"date":"2016-08-06T13:23:38.730Z","age":7},"phone":"30299067","cell":"16223491","id":{"name":"CPR","value":"071192-2797"},"picture":{"large":"https://randomuser.me/api/portraits/men/17.jpg","medium":"https://randomuser.me/api/portraits/med/men/17.jpg","thumbnail":"https://randomuser.me/api/portraits/thumb/men/17.jpg"},"nat":"DK"}],"info":{"seed":"b237f9293b9ec74a","results":1,"page":1,"version":"1.4"}} 
 </msg>
<msg time="2024-07-09T08:18:17.614249" level="INFO">/opt/hostedtoolcache/Python/3.12.4/x64/lib/python3.12/site-packages/urllib3/connectionpool.py:1099: InsecureRequestWarning: Unverified HTTPS request is being made to host 'randomuser.me'. Adding certificate verification is strongly advised. See: https://urllib3.readthedocs.io/en/latest/advanced-usage.html#tls-warnings
  warnings.warn(</msg>
<msg time="2024-07-09T08:18:17.614373" level="INFO">${response} = &lt;Response [200]&gt;</msg>
<var>${response}</var>
<arg>consultarAPI</arg>
<arg>/api</arg>
<doc>Sends a GET request on a previously created HTTP Session.</doc>
<status status="PASS" start="2024-07-09T08:18:17.527018" elapsed="0.087396"/>
</kw>
<kw name="Set Variable" owner="BuiltIn">
<msg time="2024-07-09T08:18:17.615725" level="INFO">${json_data} = {'results': [{'gender': 'male', 'name': {'title': 'Mr', 'first': 'Storm', 'last': 'Poulsen'}, 'location': {'street': {'number': 8772, 'name': 'Åkandevej'}, 'city': 'Roedovre', 'state': 'Sjælland', 'co...</msg>
<var>${json_data}</var>
<arg>${response.json()}</arg>
<doc>Returns the given values which can then be assigned to a variables.</doc>
<status status="PASS" start="2024-07-09T08:18:17.615108" elapsed="0.000649"/>
</kw>
<kw name="Log" owner="BuiltIn">
<msg time="2024-07-09T08:18:17.616294" level="INFO">{'results': [{'gender': 'male', 'name': {'title': 'Mr', 'first': 'Storm', 'last': 'Poulsen'}, 'location': {'street': {'number': 8772, 'name': 'Åkandevej'}, 'city': 'Roedovre', 'state': 'Sjælland', 'country': 'Denmark', 'postcode': 15462, 'coordinates': {'latitude': '-46.9919', 'longitude': '-108.6484'}, 'timezone': {'offset': '+11:00', 'description': 'Magadan, Solomon Islands, New Caledonia'}}, 'email': 'storm.poulsen@example.com', 'login': {'uuid': 'edfefaa0-f8c3-4a8a-8b3c-adb2604fe19b', 'username': 'bluerabbit703', 'password': 'punk', 'salt': '8GVlNIOs', 'md5': '0dee5aceec46e4e2a6c84e6853fa8a54', 'sha1': 'd03ce44aaaec7800b5366b81752754b002ee151f', 'sha256': '471ec99a0d96936cc7c218322d749d6c3b09e805c870975513da27349ca20345'}, 'dob': {'date': '1992-11-07T17:25:51.387Z', 'age': 31}, 'registered': {'date': '2016-08-06T13:23:38.730Z', 'age': 7}, 'phone': '30299067', 'cell': '16223491', 'id': {'name': 'CPR', 'value': '071192-2797'}, 'picture': {'large': 'https://randomuser.me/api/portraits/men/17.jpg', 'medium': 'https://randomuser.me/api/portraits/med/men/17.jpg', 'thumbnail': 'https://randomuser.me/api/portraits/thumb/men/17.jpg'}, 'nat': 'DK'}], 'info': {'seed': 'b237f9293b9ec74a', 'results': 1, 'page': 1, 'version': '1.4'}}</msg>
<arg>${json_data}</arg>
<doc>Logs the given message with the given level.</doc>
<status status="PASS" start="2024-07-09T08:18:17.616117" elapsed="0.000230"/>
</kw>
<kw name="Should Be Equal As Numbers" owner="BuiltIn">
<arg>${json_data['results'][0]['location']['postcode']}</arg>
<arg>${json_data['results'][0]['location']['postcode']}</arg>
<doc>Fails if objects are unequal after converting them to real numbers.</doc>
<status status="PASS" start="2024-07-09T08:18:17.616751" elapsed="0.001008"/>
</kw>
<kw name="Log" owner="BuiltIn">
<msg time="2024-07-09T08:18:17.618640" level="INFO">15462</msg>
<arg>${json_data['results'][0]['location']['postcode']}</arg>
<doc>Logs the given message with the given level.</doc>
<status status="PASS" start="2024-07-09T08:18:17.618093" elapsed="0.000589"/>
</kw>
<status status="PASS" start="2024-07-09T08:18:17.526787" elapsed="0.092166"/>
</kw>
<doc>Testa se os tipos de dados na resposta da API estão corretos.</doc>
<tag>testeTiposDados</tag>
<status status="PASS" start="2024-07-09T08:18:17.419926" elapsed="0.199198"/>
</test>
<test id="s1-s1-t5" name="Validar conteudo" line="35">
<kw name="Teste de Tipos de Conteudo" owner="random-user-service">
<kw name="GET On Session" owner="RequestsLibrary">
<msg time="2024-07-09T08:18:17.731824" level="INFO">GET Request : url=https://randomuser.me/api 
 path_url=/api 
 headers={'User-Agent': 'python-requests/2.32.3', 'Accept-Encoding': 'gzip, deflate', 'Accept': '*/*', 'Connection': 'keep-alive'} 
 body=None 
 </msg>
<msg time="2024-07-09T08:18:17.731937" level="INFO">GET Response : url=https://randomuser.me/api 
 status=200, reason=OK 
 headers={'Date': 'Tue, 09 Jul 2024 08:18:17 GMT', 'Content-Type': 'application/json; charset=utf-8', 'Transfer-Encoding': 'chunked', 'Connection': 'keep-alive', 'X-Powered-By': 'Express', 'Access-Control-Allow-Origin': '*', 'Cache-Control': 'no-cache', 'ETag': 'W/"498-Z6vrVPA8KxSvVCUdLrHBZRlPU/M"', 'Vary': 'Accept-Encoding', 'Content-Encoding': 'gzip', 'CF-Cache-Status': 'DYNAMIC', 'Report-To': '{"endpoints":[{"url":"https:\\/\\/a.nel.cloudflare.com\\/report\\/v4?s=VKWo6ATPflAZKwnFpY010z1UPFtLvGudVid%2B%2BZfGQHVVWajMH%2BOQphQLEWZv7r2t4APe2ITqKSGvG2Dz8iEXuzfQufCsdF4oAQJ2WaKXo3B6LncxAMO4GBTHJJGuZfcT"}],"group":"cf-nel","max_age":604800}', 'NEL': '{"success_fraction":0,"report_to":"cf-nel","max_age":604800}', 'Server': 'cloudflare', 'CF-RAY': '8a06e1ec2b9a9e70-SJC', 'alt-svc': 'h3=":443"; ma=86400'} 
 body={"results":[{"gender":"female","name":{"title":"Miss","first":"Emily","last":"Harper"},"location":{"street":{"number":5344,"name":"Karen Dr"},"city":"Tacoma","state":"Wyoming","country":"United States","postcode":65283,"coordinates":{"latitude":"82.6120","longitude":"6.2867"},"timezone":{"offset":"+1:00","description":"Brussels, Copenhagen, Madrid, Paris"}},"email":"emily.harper@example.com","login":{"uuid":"451786ef-908c-4397-acad-55ed49392fa6","username":"ticklishgoose430","password":"newyork1","salt":"bHVnKEyW","md5":"e948ed3dd7508701f0fc99d9f2106389","sha1":"96b2ac215fab37934442b5bdad732355f4d82f24","sha256":"dfde269d2568d80ef621c5f96d27686169ab64df5a2d5662e09ccf66a54a8150"},"dob":{"date":"1997-03-11T00:59:56.354Z","age":27},"registered":{"date":"2019-05-28T06:42:25.567Z","age":5},"phone":"(625) 396-4269","cell":"(317) 758-5555","id":{"name":"SSN","value":"407-78-8229"},"picture":{"large":"https://randomuser.me/api/portraits/women/28.jpg","medium":"https://randomuser.me/api/portraits/med/women/28.jpg","thumbnail":"https://randomuser.me/api/portraits/thumb/women/28.jpg"},"nat":"US"}],"info":{"seed":"38c52673a62483d8","results":1,"page":1,"version":"1.4"}} 
 </msg>
<msg time="2024-07-09T08:18:17.732024" level="INFO">/opt/hostedtoolcache/Python/3.12.4/x64/lib/python3.12/site-packages/urllib3/connectionpool.py:1099: InsecureRequestWarning: Unverified HTTPS request is being made to host 'randomuser.me'. Adding certificate verification is strongly advised. See: https://urllib3.readthedocs.io/en/latest/advanced-usage.html#tls-warnings
  warnings.warn(</msg>
<msg time="2024-07-09T08:18:17.732157" level="INFO">${response} = &lt;Response [200]&gt;</msg>
<var>${response}</var>
<arg>consultarAPI</arg>
<arg>/api</arg>
<doc>Sends a GET request on a previously created HTTP Session.</doc>
<status status="PASS" start="2024-07-09T08:18:17.621700" elapsed="0.110497"/>
</kw>
<kw name="Set Variable" owner="BuiltIn">
<msg time="2024-07-09T08:18:17.733533" level="INFO">${json_data} = {'results': [{'gender': 'female', 'name': {'title': 'Miss', 'first': 'Emily', 'last': 'Harper'}, 'location': {'street': {'number': 5344, 'name': 'Karen Dr'}, 'city': 'Tacoma', 'state': 'Wyoming', 'cou...</msg>
<var>${json_data}</var>
<arg>${response.json()}</arg>
<doc>Returns the given values which can then be assigned to a variables.</doc>
<status status="PASS" start="2024-07-09T08:18:17.732888" elapsed="0.000674"/>
</kw>
<kw name="Set Variable" owner="BuiltIn">
<msg time="2024-07-09T08:18:17.734267" level="INFO">${name_title} = Miss</msg>
<var>${name_title}</var>
<arg>${json_data["results"][0]["name"]["title"]}</arg>
<doc>Returns the given values which can then be assigned to a variables.</doc>
<status status="PASS" start="2024-07-09T08:18:17.733882" elapsed="0.000411"/>
</kw>
<kw name="Create List" owner="BuiltIn">
<msg time="2024-07-09T08:18:17.734740" level="INFO">${allowed_titles} = ['Mr', 'Ms', 'Miss', 'Mrs', 'Madame', 'Monsieur']</msg>
<var>${allowed_titles}</var>
<arg>Mr</arg>
<arg>Ms</arg>
<arg>Miss</arg>
<arg>Mrs</arg>
<arg>Madame</arg>
<arg>Monsieur</arg>
<doc>Returns a list containing given items.</doc>
<status status="PASS" start="2024-07-09T08:18:17.734589" elapsed="0.000175"/>
</kw>
<kw name="List Should Contain Value" owner="Collections">
<arg>${allowed_titles}</arg>
<arg>${name_title}</arg>
<doc>Fails if the ``value`` is not found from ``list``.</doc>
<status status="PASS" start="2024-07-09T08:18:17.735065" elapsed="0.000175"/>
</kw>
<kw name="Set Variable" owner="BuiltIn">
<msg time="2024-07-09T08:18:17.735781" level="INFO">${name_country} = US</msg>
<var>${name_country}</var>
<arg>${json_data["results"][0]["nat"]}</arg>
<doc>Returns the given values which can then be assigned to a variables.</doc>
<status status="PASS" start="2024-07-09T08:18:17.735414" elapsed="0.000392"/>
</kw>
<kw name="Create List" owner="BuiltIn">
<msg time="2024-07-09T08:18:17.736781" level="INFO">${list_country} = ['AD', 'AE', 'AF', 'AG', 'AI', 'AL', 'AM', 'AO', 'AQ', 'AR', 'AS', 'AT', 'AU', 'AW', 'AX', 'AZ', 'BA', 'BB', 'BD', 'BE', 'BF', 'BG', 'BH', 'BI', 'BJ', 'BL', 'BM', 'BN', 'BO', 'BQ', 'BR', 'BS', 'BT', '...</msg>
<var>${list_country}</var>
<arg>AD</arg>
<arg>AE</arg>
<arg>AF</arg>
<arg>AG</arg>
<arg>AI</arg>
<arg>AL</arg>
<arg>AM</arg>
<arg>AO</arg>
<arg>AQ</arg>
<arg>AR</arg>
<arg>AS</arg>
<arg>AT</arg>
<arg>AU</arg>
<arg>AW</arg>
<arg>AX</arg>
<arg>AZ</arg>
<arg>BA</arg>
<arg>BB</arg>
<arg>BD</arg>
<arg>BE</arg>
<arg>BF</arg>
<arg>BG</arg>
<arg>BH</arg>
<arg>BI</arg>
<arg>BJ</arg>
<arg>BL</arg>
<arg>BM</arg>
<arg>BN</arg>
<arg>BO</arg>
<arg>BQ</arg>
<arg>BR</arg>
<arg>BS</arg>
<arg>BT</arg>
<arg>BV</arg>
<arg>BW</arg>
<arg>BY</arg>
<arg>BZ</arg>
<arg>CA</arg>
<arg>CC</arg>
<arg>CD</arg>
<arg>CF</arg>
<arg>CG</arg>
<arg>CH</arg>
<arg>CI</arg>
<arg>CK</arg>
<arg>CL</arg>
<arg>CM</arg>
<arg>CN</arg>
<arg>CO</arg>
<arg>CR</arg>
<arg>CU</arg>
<arg>CV</arg>
<arg>CW</arg>
<arg>CX</arg>
<arg>CY</arg>
<arg>CZ</arg>
<arg>DE</arg>
<arg>DJ</arg>
<arg>DK</arg>
<arg>DM</arg>
<arg>DO</arg>
<arg>DZ</arg>
<arg>EC</arg>
<arg>EE</arg>
<arg>EG</arg>
<arg>EH</arg>
<arg>ER</arg>
<arg>ES</arg>
<arg>ET</arg>
<arg>FI</arg>
<arg>FJ</arg>
<arg>FK</arg>
<arg>FM</arg>
<arg>FO</arg>
<arg>FR</arg>
<arg>GA</arg>
<arg>GB</arg>
<arg>GD</arg>
<arg>GE</arg>
<arg>GF</arg>
<arg>GG</arg>
<arg>GH</arg>
<arg>GI</arg>
<arg>GL</arg>
<arg>GM</arg>
<arg>GN</arg>
<arg>GP</arg>
<arg>GQ</arg>
<arg>GR</arg>
<arg>GS</arg>
<arg>GT</arg>
<arg>GU</arg>
<arg>GW</arg>
<arg>GY</arg>
<arg>HK</arg>
<arg>HM</arg>
<arg>HN</arg>
<arg>HR</arg>
<arg>HT</arg>
<arg>HU</arg>
<arg>ID</arg>
<arg>IE</arg>
<arg>IL</arg>
<arg>IM</arg>
<arg>IN</arg>
<arg>IO</arg>
<arg>IQ</arg>
<arg>IR</arg>
<arg>IS</arg>
<arg>IT</arg>
<arg>JE</arg>
<arg>JM</arg>
<arg>JO</arg>
<arg>JP</arg>
<arg>KE</arg>
<arg>KG</arg>
<arg>KH</arg>
<arg>KI</arg>
<arg>KM</arg>
<arg>KN</arg>
<arg>KP</arg>
<arg>KR</arg>
<arg>KW</arg>
<arg>KY</arg>
<arg>KZ</arg>
<arg>LA</arg>
<arg>LB</arg>
<arg>LC</arg>
<arg>LI</arg>
<arg>LK</arg>
<arg>LR</arg>
<arg>LS</arg>
<arg>LT</arg>
<arg>LU</arg>
<arg>LV</arg>
<arg>LY</arg>
<arg>MA</arg>
<arg>MC</arg>
<arg>MD</arg>
<arg>ME</arg>
<arg>MF</arg>
<arg>MG</arg>
<arg>MH</arg>
<arg>MK</arg>
<arg>ML</arg>
<arg>MM</arg>
<arg>MN</arg>
<arg>MO</arg>
<arg>MP</arg>
<arg>MQ</arg>
<arg>MR</arg>
<arg>MS</arg>
<arg>MT</arg>
<arg>MU</arg>
<arg>MV</arg>
<arg>MW</arg>
<arg>MX</arg>
<arg>MY</arg>
<arg>MZ</arg>
<arg>NA</arg>
<arg>NC</arg>
<arg>NE</arg>
<arg>NF</arg>
<arg>NG</arg>
<arg>NI</arg>
<arg>NL</arg>
<arg>NO</arg>
<arg>NP</arg>
<arg>NR</arg>
<arg>NU</arg>
<arg>NZ</arg>
<arg>OM</arg>
<arg>PA</arg>
<arg>PE</arg>
<arg>PF</arg>
<arg>PG</arg>
<arg>PH</arg>
<arg>PK</arg>
<arg>PL</arg>
<arg>PM</arg>
<arg>PN</arg>
<arg>PR</arg>
<arg>PS</arg>
<arg>PT</arg>
<arg>PW</arg>
<arg>PY</arg>
<arg>QA</arg>
<arg>RE</arg>
<arg>RO</arg>
<arg>RS</arg>
<arg>RU</arg>
<arg>RW</arg>
<arg>SA</arg>
<arg>SB</arg>
<arg>SC</arg>
<arg>SD</arg>
<arg>SE</arg>
<arg>SG</arg>
<arg>SH</arg>
<arg>SI</arg>
<arg>SJ</arg>
<arg>SK</arg>
<arg>SL</arg>
<arg>SM</arg>
<arg>SN</arg>
<arg>SO</arg>
<arg>SR</arg>
<arg>SS</arg>
<arg>ST</arg>
<arg>SV</arg>
<arg>SX</arg>
<arg>SY</arg>
<arg>SZ</arg>
<arg>TC</arg>
<arg>TD</arg>
<arg>TF</arg>
<arg>TG</arg>
<arg>TH</arg>
<arg>TJ</arg>
<arg>TK</arg>
<arg>TL</arg>
<arg>TM</arg>
<arg>TN</arg>
<arg>TO</arg>
<arg>TR</arg>
<arg>TT</arg>
<arg>TV</arg>
<arg>TW</arg>
<arg>TZ</arg>
<arg>UA</arg>
<arg>UG</arg>
<arg>UM</arg>
<arg>US</arg>
<arg>UY</arg>
<arg>UZ</arg>
<arg>VA</arg>
<arg>VC</arg>
<arg>VE</arg>
<arg>VG</arg>
<arg>VI</arg>
<arg>VN</arg>
<arg>VU</arg>
<arg>WF</arg>
<arg>WS</arg>
<arg>XK</arg>
<arg>YE</arg>
<arg>YT</arg>
<arg>ZA</arg>
<arg>ZM</arg>
<arg>ZW</arg>
<doc>Returns a list containing given items.</doc>
<status status="PASS" start="2024-07-09T08:18:17.736177" elapsed="0.000630"/>
</kw>
<kw name="List Should Contain Value" owner="Collections">
<arg>${list_country}</arg>
<arg>${name_country}</arg>
<doc>Fails if the ``value`` is not found from ``list``.</doc>
<status status="PASS" start="2024-07-09T08:18:17.737623" elapsed="0.000202"/>
</kw>
<kw name="Run Keyword If" owner="BuiltIn">
<kw name="Should Be True" owner="BuiltIn">
<arg>${True}</arg>
<doc>Fails if the given condition is not true.</doc>
<status status="PASS" start="2024-07-09T08:18:17.738751" elapsed="0.000140"/>
</kw>
<arg>${json_data["results"][0]["location"]["coordinates"]["latitude"]} &gt;= -90 and ${json_data["results"][0]["location"]["coordinates"]["latitude"]} &lt;= 90</arg>
<arg>Should Be True</arg>
<arg>${True}</arg>
<doc>Runs the given keyword with the given arguments, if ``condition`` is true.</doc>
<status status="PASS" start="2024-07-09T08:18:17.738020" elapsed="0.000994"/>
</kw>
<kw name="Run Keyword If" owner="BuiltIn">
<kw name="Should Be True" owner="BuiltIn">
<arg>${True}</arg>
<doc>Fails if the given condition is not true.</doc>
<status status="PASS" start="2024-07-09T08:18:17.739878" elapsed="0.000241"/>
</kw>
<arg>${json_data["results"][0]["location"]["coordinates"]["longitude"]} &gt;= -180 and ${json_data["results"][0]["location"]["coordinates"]["longitude"]} &lt;= 180</arg>
<arg>Should Be True</arg>
<arg>${True}</arg>
<doc>Runs the given keyword with the given arguments, if ``condition`` is true.</doc>
<status status="PASS" start="2024-07-09T08:18:17.739192" elapsed="0.001054"/>
</kw>
<status status="PASS" start="2024-07-09T08:18:17.621469" elapsed="0.118909"/>
</kw>
<doc>Testa o conteúdo específico dos campos retornados pela API.</doc>
<tag>testeConteudo</tag>
<status status="PASS" start="2024-07-09T08:18:17.620895" elapsed="0.119633"/>
</test>
<status status="PASS" start="2024-07-09T08:18:16.836221" elapsed="0.906352"/>
</suite>
<status status="PASS" start="2024-07-09T08:18:16.821858" elapsed="0.925804"/>
</suite>
<statistics>
<total>
<stat pass="5" fail="0" skip="0">All Tests</stat>
</total>
<tag>
<stat pass="1" fail="0" skip="0">testeConteudo</stat>
<stat pass="1" fail="0" skip="0">testeEstruturaResposta</stat>
<stat pass="1" fail="0" skip="0">testeRequisicaoBasica</stat>
<stat pass="1" fail="0" skip="0">testeTiposDados</stat>
</tag>
<suite>
<stat pass="5" fail="0" skip="0" id="s1" name="Tests">Tests</stat>
<stat pass="5" fail="0" skip="0" id="s1-s1" name="Random-User-Test">Tests.Random-User-Test</stat>
</suite>
</statistics>
<errors>
</errors>
</robot>
