<?xml version="1.0" encoding="UTF-8"?>
<robot generator="Robot 7.0 (Python 3.12.2 on linux)" generated="2024-03-22T15:13:27.270673" rpa="false" schemaversion="5">
<suite id="s1" name="Tests" source="/home/runner/work/DesafioQAItauRogerioJordao/DesafioQAItauRogerioJordao/RamdonUser/tests">
<suite id="s1-s1" name="Random-User-Test" source="/home/runner/work/DesafioQAItauRogerioJordao/DesafioQAItauRogerioJordao/RamdonUser/tests/random-user-test.robot">
<test id="s1-s1-t1" name="Conectar" line="13">
<kw name="Conectar API" owner="random-user-service">
<kw name="Create Session" owner="RequestsLibrary">
<msg time="2024-03-22T15:13:27.641880" level="INFO">Creating Session using : alias=consultarAPI, url=https://randomuser.me/, headers={},                     cookies={}, auth=None, timeout=None, proxies=None, verify=False,                     debug=0 </msg>
<arg>consultarAPI</arg>
<arg>${URL}</arg>
<doc>Create Session: create a HTTP session to a server</doc>
<status status="PASS" start="2024-03-22T15:13:27.641679" elapsed="0.000372"/>
</kw>
<status status="PASS" start="2024-03-22T15:13:27.640662" elapsed="0.001749"/>
</kw>
<status status="PASS" start="2024-03-22T15:13:27.640055" elapsed="0.002563"/>
</test>
<test id="s1-s1-t2" name="Validar retorno 200 e JSON Válido" line="16">
<kw name="Teste de Requisicao Basica" owner="random-user-service">
<kw name="GET On Session" owner="RequestsLibrary">
<msg time="2024-03-22T15:13:27.753114" level="INFO">GET Request : url=https://randomuser.me/api 
 path_url=/api 
 headers={'User-Agent': 'python-requests/2.31.0', 'Accept-Encoding': 'gzip, deflate', 'Accept': '*/*', 'Connection': 'keep-alive'} 
 body=None 
 </msg>
<msg time="2024-03-22T15:13:27.753264" level="INFO">GET Response : url=https://randomuser.me/api 
 status=200, reason=OK 
 headers={'Date': 'Fri, 22 Mar 2024 15:13:27 GMT', 'Content-Type': 'application/json; charset=utf-8', 'Transfer-Encoding': 'chunked', 'Connection': 'keep-alive', 'X-Powered-By': 'Express', 'Access-Control-Allow-Origin': '*', 'Cache-Control': 'no-cache', 'ETag': 'W/"47a-+f80g3nPrUm9iYJ6FkrfIvb0t6o"', 'Vary': 'Accept-Encoding', 'Content-Encoding': 'gzip', 'CF-Cache-Status': 'DYNAMIC', 'Report-To': '{"endpoints":[{"url":"https:\\/\\/a.nel.cloudflare.com\\/report\\/v4?s=ENitdSmSRUwU8TcN%2BHtN1EGwdTKW%2FGiWmODhtVNmi6RmjmVvIIIKNWIaodQzHy01nOL3DrgXDbNvSackfwghcdEzBh86zMsZ8PinZffuuO9nSvtmrgcZ1nbngbJvCiaf"}],"group":"cf-nel","max_age":604800}', 'NEL': '{"success_fraction":0,"report_to":"cf-nel","max_age":604800}', 'Server': 'cloudflare', 'CF-RAY': '86872033ec77251c-SJC', 'alt-svc': 'h3=":443"; ma=86400'} 
 body={"results":[{"gender":"female","name":{"title":"Mrs","first":"Natalia","last":"Rubio"},"location":{"street":{"number":3858,"name":"Avenida de América"},"city":"Lorca","state":"Aragón","country":"Spain","postcode":49970,"coordinates":{"latitude":"-37.3267","longitude":"67.7827"},"timezone":{"offset":"-3:30","description":"Newfoundland"}},"email":"natalia.rubio@example.com","login":{"uuid":"bc656071-7c72-427a-879e-78016719935d","username":"tinyladybug579","password":"mmmm","salt":"WElkCPqD","md5":"25b7eb6768cde6b1353932ab6e27525a","sha1":"8cfdd377433538bb0a0ba38c3f23add426681d0f","sha256":"aecb345caca3dfad93d7486add5c71dc17b879231cc4e79391392e032dc04d92"},"dob":{"date":"1947-08-10T15:49:55.942Z","age":76},"registered":{"date":"2004-04-30T02:14:17.420Z","age":19},"phone":"940-662-386","cell":"632-953-617","id":{"name":"DNI","value":"75436553-W"},"picture":{"large":"https://randomuser.me/api/portraits/women/40.jpg","medium":"https://randomuser.me/api/portraits/med/women/40.jpg","thumbnail":"https://randomuser.me/api/portraits/thumb/women/40.jpg"},"nat":"ES"}],"info":{"seed":"eee797bdf02ae73f","results":1,"page":1,"version":"1.4"}} 
 </msg>
<msg time="2024-03-22T15:13:27.753382" level="INFO">/opt/hostedtoolcache/Python/3.12.2/x64/lib/python3.12/site-packages/urllib3/connectionpool.py:1103: InsecureRequestWarning: Unverified HTTPS request is being made to host 'randomuser.me'. Adding certificate verification is strongly advised. See: https://urllib3.readthedocs.io/en/latest/advanced-usage.html#tls-warnings
  warnings.warn(</msg>
<msg time="2024-03-22T15:13:27.753544" level="INFO">${response} = &lt;Response [200]&gt;</msg>
<var>${response}</var>
<arg>consultarAPI</arg>
<arg>/api</arg>
<doc>Sends a GET request on a previously created HTTP Session.</doc>
<status status="PASS" start="2024-03-22T15:13:27.645306" elapsed="0.108280"/>
</kw>
<kw name="Should Be Equal As Numbers" owner="BuiltIn">
<msg time="2024-03-22T15:13:27.754603" level="INFO">Argument types are:
&lt;class 'int'&gt;
&lt;class 'str'&gt;</msg>
<arg>${response.status_code}</arg>
<arg>200</arg>
<doc>Fails if objects are unequal after converting them to real numbers.</doc>
<status status="PASS" start="2024-03-22T15:13:27.754133" elapsed="0.000539"/>
</kw>
<kw name="Log" owner="BuiltIn">
<msg time="2024-03-22T15:13:27.755414" level="INFO">200</msg>
<arg>${response.status_code}</arg>
<doc>Logs the given message with the given level.</doc>
<status status="PASS" start="2024-03-22T15:13:27.755033" elapsed="0.000425"/>
</kw>
<kw name="Set Variable" owner="BuiltIn">
<msg time="2024-03-22T15:13:27.756353" level="INFO">${json_data} = {'results': [{'gender': 'female', 'name': {'title': 'Mrs', 'first': 'Natalia', 'last': 'Rubio'}, 'location': {'street': {'number': 3858, 'name': 'Avenida de América'}, 'city': 'Lorca', 'state': 'Aragó...</msg>
<var>${json_data}</var>
<arg>${response.json()}</arg>
<doc>Returns the given values which can then be assigned to a variables.</doc>
<status status="PASS" start="2024-03-22T15:13:27.755875" elapsed="0.000507"/>
</kw>
<kw name="Dictionary Should Contain Key" owner="Collections">
<msg time="2024-03-22T15:13:27.756876" level="INFO">False</msg>
<arg>${json_data}</arg>
<arg>results</arg>
<doc>Fails if ``key`` is not found from ``dictionary``.</doc>
<status status="PASS" start="2024-03-22T15:13:27.756701" elapsed="0.000214"/>
</kw>
<status status="PASS" start="2024-03-22T15:13:27.645046" elapsed="0.112136"/>
</kw>
<doc>Testa se a API responde corretamente e retorna um objeto JSON válido.</doc>
<tag>testeRequisicaoBasica</tag>
<status status="PASS" start="2024-03-22T15:13:27.644490" elapsed="0.112881"/>
</test>
<test id="s1-s1-t3" name="Validar estrutura de resposta" line="22">
<kw name="Teste de Estrutura de Resposta" owner="random-user-service">
<kw name="GET On Session" owner="RequestsLibrary">
<msg time="2024-03-22T15:13:27.858577" level="INFO">GET Request : url=https://randomuser.me/api 
 path_url=/api 
 headers={'User-Agent': 'python-requests/2.31.0', 'Accept-Encoding': 'gzip, deflate', 'Accept': '*/*', 'Connection': 'keep-alive'} 
 body=None 
 </msg>
<msg time="2024-03-22T15:13:27.858687" level="INFO">GET Response : url=https://randomuser.me/api 
 status=200, reason=OK 
 headers={'Date': 'Fri, 22 Mar 2024 15:13:27 GMT', 'Content-Type': 'application/json; charset=utf-8', 'Transfer-Encoding': 'chunked', 'Connection': 'keep-alive', 'X-Powered-By': 'Express', 'Access-Control-Allow-Origin': '*', 'Cache-Control': 'no-cache', 'ETag': 'W/"47b-bI6dLj+MAA+FLg0Euxeu4+a6rvU"', 'Vary': 'Accept-Encoding', 'Content-Encoding': 'gzip', 'CF-Cache-Status': 'DYNAMIC', 'Report-To': '{"endpoints":[{"url":"https:\\/\\/a.nel.cloudflare.com\\/report\\/v4?s=ImcQysMeKyxVz5kF9yNcSPubBGSKLC6PW7OPpSNnruB%2Bnf%2B0f1ktm7xKMk5T2t%2B7Bv6WhUvsCuIytUA6SLeOAM1QgpTv21OggnMuIa%2BMi0NfPRUZ3388tD5uD8bA%2B59%2B"}],"group":"cf-nel","max_age":604800}', 'NEL': '{"success_fraction":0,"report_to":"cf-nel","max_age":604800}', 'Server': 'cloudflare', 'CF-RAY': '868720348d22251c-SJC', 'alt-svc': 'h3=":443"; ma=86400'} 
 body={"results":[{"gender":"male","name":{"title":"Mr","first":"Ismail","last":"Espeseth"},"location":{"street":{"number":9496,"name":"Borger Withs gate"},"city":"Skoge","state":"Oppland","country":"Norway","postcode":"2770","coordinates":{"latitude":"44.6531","longitude":"-49.5232"},"timezone":{"offset":"-1:00","description":"Azores, Cape Verde Islands"}},"email":"ismail.espeseth@example.com","login":{"uuid":"626f1b8e-4fd8-4caa-af42-a71ee43d18a7","username":"crazycat704","password":"waldo","salt":"q7YHWQPy","md5":"b347ada1398b4232822035925f8b0439","sha1":"07f13bd6ab782c0b93ad66783006795676b75264","sha256":"3b7a1b00f23321e6ef24d19f8cd9e774e3d845110d0b556c8c8e2c9c9509c28f"},"dob":{"date":"1971-12-10T17:32:32.160Z","age":52},"registered":{"date":"2004-08-12T00:07:48.463Z","age":19},"phone":"83181564","cell":"98023838","id":{"name":"FN","value":"10127147995"},"picture":{"large":"https://randomuser.me/api/portraits/men/93.jpg","medium":"https://randomuser.me/api/portraits/med/men/93.jpg","thumbnail":"https://randomuser.me/api/portraits/thumb/men/93.jpg"},"nat":"NO"}],"info":{"seed":"04fe8babfedf43de","results":1,"page":1,"version":"1.4"}} 
 </msg>
<msg time="2024-03-22T15:13:27.858845" level="INFO">/opt/hostedtoolcache/Python/3.12.2/x64/lib/python3.12/site-packages/urllib3/connectionpool.py:1103: InsecureRequestWarning: Unverified HTTPS request is being made to host 'randomuser.me'. Adding certificate verification is strongly advised. See: https://urllib3.readthedocs.io/en/latest/advanced-usage.html#tls-warnings
  warnings.warn(</msg>
<msg time="2024-03-22T15:13:27.858982" level="INFO">${response} = &lt;Response [200]&gt;</msg>
<var>${response}</var>
<arg>consultarAPI</arg>
<arg>/api</arg>
<doc>Sends a GET request on a previously created HTTP Session.</doc>
<status status="PASS" start="2024-03-22T15:13:27.760309" elapsed="0.098715"/>
</kw>
<kw name="Set Variable" owner="BuiltIn">
<msg time="2024-03-22T15:13:27.860263" level="INFO">${json_data} = {'results': [{'gender': 'male', 'name': {'title': 'Mr', 'first': 'Ismail', 'last': 'Espeseth'}, 'location': {'street': {'number': 9496, 'name': 'Borger Withs gate'}, 'city': 'Skoge', 'state': 'Oppland...</msg>
<var>${json_data}</var>
<arg>${response.json()}</arg>
<doc>Returns the given values which can then be assigned to a variables.</doc>
<status status="PASS" start="2024-03-22T15:13:27.859675" elapsed="0.000617"/>
</kw>
<kw name="Log" owner="BuiltIn">
<msg time="2024-03-22T15:13:27.860774" level="INFO">{'results': [{'gender': 'male', 'name': {'title': 'Mr', 'first': 'Ismail', 'last': 'Espeseth'}, 'location': {'street': {'number': 9496, 'name': 'Borger Withs gate'}, 'city': 'Skoge', 'state': 'Oppland', 'country': 'Norway', 'postcode': '2770', 'coordinates': {'latitude': '44.6531', 'longitude': '-49.5232'}, 'timezone': {'offset': '-1:00', 'description': 'Azores, Cape Verde Islands'}}, 'email': 'ismail.espeseth@example.com', 'login': {'uuid': '626f1b8e-4fd8-4caa-af42-a71ee43d18a7', 'username': 'crazycat704', 'password': 'waldo', 'salt': 'q7YHWQPy', 'md5': 'b347ada1398b4232822035925f8b0439', 'sha1': '07f13bd6ab782c0b93ad66783006795676b75264', 'sha256': '3b7a1b00f23321e6ef24d19f8cd9e774e3d845110d0b556c8c8e2c9c9509c28f'}, 'dob': {'date': '1971-12-10T17:32:32.160Z', 'age': 52}, 'registered': {'date': '2004-08-12T00:07:48.463Z', 'age': 19}, 'phone': '83181564', 'cell': '98023838', 'id': {'name': 'FN', 'value': '10127147995'}, 'picture': {'large': 'https://randomuser.me/api/portraits/men/93.jpg', 'medium': 'https://randomuser.me/api/portraits/med/men/93.jpg', 'thumbnail': 'https://randomuser.me/api/portraits/thumb/men/93.jpg'}, 'nat': 'NO'}], 'info': {'seed': '04fe8babfedf43de', 'results': 1, 'page': 1, 'version': '1.4'}}</msg>
<arg>${json_data}</arg>
<doc>Logs the given message with the given level.</doc>
<status status="PASS" start="2024-03-22T15:13:27.860613" elapsed="0.000208"/>
</kw>
<kw name="Dictionary Should Contain Key" owner="Collections">
<msg time="2024-03-22T15:13:27.861278" level="INFO">False</msg>
<arg>${json_data}</arg>
<arg>results</arg>
<doc>Fails if ``key`` is not found from ``dictionary``.</doc>
<status status="PASS" start="2024-03-22T15:13:27.861120" elapsed="0.000195"/>
</kw>
<kw name="Should Not Be Empty" owner="BuiltIn">
<msg time="2024-03-22T15:13:27.861746" level="INFO">Length is 2.</msg>
<arg>${json_data}</arg>
<doc>Verifies that the given item is not empty.</doc>
<status status="PASS" start="2024-03-22T15:13:27.861613" elapsed="0.000179"/>
</kw>
<kw name="Create List" owner="BuiltIn">
<msg time="2024-03-22T15:13:27.862230" level="INFO">${expected_keys} = ['gender', 'name', 'location', 'email', 'login']</msg>
<var>${expected_keys}</var>
<arg>gender</arg>
<arg>name</arg>
<arg>location</arg>
<arg>email</arg>
<arg>login</arg>
<doc>Returns a list containing given items.</doc>
<status status="PASS" start="2024-03-22T15:13:27.862082" elapsed="0.000172"/>
</kw>
<for flavor="IN">
<iter>
<kw name="Dictionary Should Contain Key" owner="Collections">
<msg time="2024-03-22T15:13:27.863236" level="INFO">False</msg>
<arg>${json_data['results'][0]}</arg>
<arg>${key}</arg>
<doc>Fails if ``key`` is not found from ``dictionary``.</doc>
<status status="PASS" start="2024-03-22T15:13:27.862836" elapsed="0.000438"/>
</kw>
<kw name="Log" owner="BuiltIn">
<msg time="2024-03-22T15:13:27.863986" level="INFO">{'gender': 'male', 'name': {'title': 'Mr', 'first': 'Ismail', 'last': 'Espeseth'}, 'location': {'street': {'number': 9496, 'name': 'Borger Withs gate'}, 'city': 'Skoge', 'state': 'Oppland', 'country': 'Norway', 'postcode': '2770', 'coordinates': {'latitude': '44.6531', 'longitude': '-49.5232'}, 'timezone': {'offset': '-1:00', 'description': 'Azores, Cape Verde Islands'}}, 'email': 'ismail.espeseth@example.com', 'login': {'uuid': '626f1b8e-4fd8-4caa-af42-a71ee43d18a7', 'username': 'crazycat704', 'password': 'waldo', 'salt': 'q7YHWQPy', 'md5': 'b347ada1398b4232822035925f8b0439', 'sha1': '07f13bd6ab782c0b93ad66783006795676b75264', 'sha256': '3b7a1b00f23321e6ef24d19f8cd9e774e3d845110d0b556c8c8e2c9c9509c28f'}, 'dob': {'date': '1971-12-10T17:32:32.160Z', 'age': 52}, 'registered': {'date': '2004-08-12T00:07:48.463Z', 'age': 19}, 'phone': '83181564', 'cell': '98023838', 'id': {'name': 'FN', 'value': '10127147995'}, 'picture': {'large': 'https://randomuser.me/api/portraits/men/93.jpg', 'medium': 'https://randomuser.me/api/portraits/med/men/93.jpg', 'thumbnail': 'https://randomuser.me/api/portraits/thumb/men/93.jpg'}, 'nat': 'NO'}</msg>
<arg>${json_data['results'][0]}</arg>
<doc>Logs the given message with the given level.</doc>
<status status="PASS" start="2024-03-22T15:13:27.863610" elapsed="0.000429"/>
</kw>
<kw name="Log" owner="BuiltIn">
<msg time="2024-03-22T15:13:27.864476" level="INFO">gender</msg>
<arg>${key}</arg>
<doc>Logs the given message with the given level.</doc>
<status status="PASS" start="2024-03-22T15:13:27.864343" elapsed="0.000171"/>
</kw>
<var name="${key}">gender</var>
<status status="PASS" start="2024-03-22T15:13:27.862711" elapsed="0.002026"/>
</iter>
<iter>
<kw name="Dictionary Should Contain Key" owner="Collections">
<msg time="2024-03-22T15:13:27.865424" level="INFO">False</msg>
<arg>${json_data['results'][0]}</arg>
<arg>${key}</arg>
<doc>Fails if ``key`` is not found from ``dictionary``.</doc>
<status status="PASS" start="2024-03-22T15:13:27.865042" elapsed="0.000419"/>
</kw>
<kw name="Log" owner="BuiltIn">
<msg time="2024-03-22T15:13:27.866152" level="INFO">{'gender': 'male', 'name': {'title': 'Mr', 'first': 'Ismail', 'last': 'Espeseth'}, 'location': {'street': {'number': 9496, 'name': 'Borger Withs gate'}, 'city': 'Skoge', 'state': 'Oppland', 'country': 'Norway', 'postcode': '2770', 'coordinates': {'latitude': '44.6531', 'longitude': '-49.5232'}, 'timezone': {'offset': '-1:00', 'description': 'Azores, Cape Verde Islands'}}, 'email': 'ismail.espeseth@example.com', 'login': {'uuid': '626f1b8e-4fd8-4caa-af42-a71ee43d18a7', 'username': 'crazycat704', 'password': 'waldo', 'salt': 'q7YHWQPy', 'md5': 'b347ada1398b4232822035925f8b0439', 'sha1': '07f13bd6ab782c0b93ad66783006795676b75264', 'sha256': '3b7a1b00f23321e6ef24d19f8cd9e774e3d845110d0b556c8c8e2c9c9509c28f'}, 'dob': {'date': '1971-12-10T17:32:32.160Z', 'age': 52}, 'registered': {'date': '2004-08-12T00:07:48.463Z', 'age': 19}, 'phone': '83181564', 'cell': '98023838', 'id': {'name': 'FN', 'value': '10127147995'}, 'picture': {'large': 'https://randomuser.me/api/portraits/men/93.jpg', 'medium': 'https://randomuser.me/api/portraits/med/men/93.jpg', 'thumbnail': 'https://randomuser.me/api/portraits/thumb/men/93.jpg'}, 'nat': 'NO'}</msg>
<arg>${json_data['results'][0]}</arg>
<doc>Logs the given message with the given level.</doc>
<status status="PASS" start="2024-03-22T15:13:27.865793" elapsed="0.000406"/>
</kw>
<kw name="Log" owner="BuiltIn">
<msg time="2024-03-22T15:13:27.866624" level="INFO">name</msg>
<arg>${key}</arg>
<doc>Logs the given message with the given level.</doc>
<status status="PASS" start="2024-03-22T15:13:27.866495" elapsed="0.000166"/>
</kw>
<var name="${key}">name</var>
<status status="PASS" start="2024-03-22T15:13:27.864926" elapsed="0.001950"/>
</iter>
<iter>
<kw name="Dictionary Should Contain Key" owner="Collections">
<msg time="2024-03-22T15:13:27.867568" level="INFO">False</msg>
<arg>${json_data['results'][0]}</arg>
<arg>${key}</arg>
<doc>Fails if ``key`` is not found from ``dictionary``.</doc>
<status status="PASS" start="2024-03-22T15:13:27.867166" elapsed="0.000443"/>
</kw>
<kw name="Log" owner="BuiltIn">
<msg time="2024-03-22T15:13:27.868285" level="INFO">{'gender': 'male', 'name': {'title': 'Mr', 'first': 'Ismail', 'last': 'Espeseth'}, 'location': {'street': {'number': 9496, 'name': 'Borger Withs gate'}, 'city': 'Skoge', 'state': 'Oppland', 'country': 'Norway', 'postcode': '2770', 'coordinates': {'latitude': '44.6531', 'longitude': '-49.5232'}, 'timezone': {'offset': '-1:00', 'description': 'Azores, Cape Verde Islands'}}, 'email': 'ismail.espeseth@example.com', 'login': {'uuid': '626f1b8e-4fd8-4caa-af42-a71ee43d18a7', 'username': 'crazycat704', 'password': 'waldo', 'salt': 'q7YHWQPy', 'md5': 'b347ada1398b4232822035925f8b0439', 'sha1': '07f13bd6ab782c0b93ad66783006795676b75264', 'sha256': '3b7a1b00f23321e6ef24d19f8cd9e774e3d845110d0b556c8c8e2c9c9509c28f'}, 'dob': {'date': '1971-12-10T17:32:32.160Z', 'age': 52}, 'registered': {'date': '2004-08-12T00:07:48.463Z', 'age': 19}, 'phone': '83181564', 'cell': '98023838', 'id': {'name': 'FN', 'value': '10127147995'}, 'picture': {'large': 'https://randomuser.me/api/portraits/men/93.jpg', 'medium': 'https://randomuser.me/api/portraits/med/men/93.jpg', 'thumbnail': 'https://randomuser.me/api/portraits/thumb/men/93.jpg'}, 'nat': 'NO'}</msg>
<arg>${json_data['results'][0]}</arg>
<doc>Logs the given message with the given level.</doc>
<status status="PASS" start="2024-03-22T15:13:27.867914" elapsed="0.000425"/>
</kw>
<kw name="Log" owner="BuiltIn">
<msg time="2024-03-22T15:13:27.868757" level="INFO">location</msg>
<arg>${key}</arg>
<doc>Logs the given message with the given level.</doc>
<status status="PASS" start="2024-03-22T15:13:27.868632" elapsed="0.000163"/>
</kw>
<var name="${key}">location</var>
<status status="PASS" start="2024-03-22T15:13:27.867054" elapsed="0.001955"/>
</iter>
<iter>
<kw name="Dictionary Should Contain Key" owner="Collections">
<msg time="2024-03-22T15:13:27.869671" level="INFO">False</msg>
<arg>${json_data['results'][0]}</arg>
<arg>${key}</arg>
<doc>Fails if ``key`` is not found from ``dictionary``.</doc>
<status status="PASS" start="2024-03-22T15:13:27.869293" elapsed="0.000415"/>
</kw>
<kw name="Log" owner="BuiltIn">
<msg time="2024-03-22T15:13:27.870370" level="INFO">{'gender': 'male', 'name': {'title': 'Mr', 'first': 'Ismail', 'last': 'Espeseth'}, 'location': {'street': {'number': 9496, 'name': 'Borger Withs gate'}, 'city': 'Skoge', 'state': 'Oppland', 'country': 'Norway', 'postcode': '2770', 'coordinates': {'latitude': '44.6531', 'longitude': '-49.5232'}, 'timezone': {'offset': '-1:00', 'description': 'Azores, Cape Verde Islands'}}, 'email': 'ismail.espeseth@example.com', 'login': {'uuid': '626f1b8e-4fd8-4caa-af42-a71ee43d18a7', 'username': 'crazycat704', 'password': 'waldo', 'salt': 'q7YHWQPy', 'md5': 'b347ada1398b4232822035925f8b0439', 'sha1': '07f13bd6ab782c0b93ad66783006795676b75264', 'sha256': '3b7a1b00f23321e6ef24d19f8cd9e774e3d845110d0b556c8c8e2c9c9509c28f'}, 'dob': {'date': '1971-12-10T17:32:32.160Z', 'age': 52}, 'registered': {'date': '2004-08-12T00:07:48.463Z', 'age': 19}, 'phone': '83181564', 'cell': '98023838', 'id': {'name': 'FN', 'value': '10127147995'}, 'picture': {'large': 'https://randomuser.me/api/portraits/men/93.jpg', 'medium': 'https://randomuser.me/api/portraits/med/men/93.jpg', 'thumbnail': 'https://randomuser.me/api/portraits/thumb/men/93.jpg'}, 'nat': 'NO'}</msg>
<arg>${json_data['results'][0]}</arg>
<doc>Logs the given message with the given level.</doc>
<status status="PASS" start="2024-03-22T15:13:27.870011" elapsed="0.000406"/>
</kw>
<kw name="Log" owner="BuiltIn">
<msg time="2024-03-22T15:13:27.870833" level="INFO">email</msg>
<arg>${key}</arg>
<doc>Logs the given message with the given level.</doc>
<status status="PASS" start="2024-03-22T15:13:27.870708" elapsed="0.000161"/>
</kw>
<var name="${key}">email</var>
<status status="PASS" start="2024-03-22T15:13:27.869182" elapsed="0.001896"/>
</iter>
<iter>
<kw name="Dictionary Should Contain Key" owner="Collections">
<msg time="2024-03-22T15:13:27.871767" level="INFO">False</msg>
<arg>${json_data['results'][0]}</arg>
<arg>${key}</arg>
<doc>Fails if ``key`` is not found from ``dictionary``.</doc>
<status status="PASS" start="2024-03-22T15:13:27.871356" elapsed="0.000449"/>
</kw>
<kw name="Log" owner="BuiltIn">
<msg time="2024-03-22T15:13:27.872453" level="INFO">{'gender': 'male', 'name': {'title': 'Mr', 'first': 'Ismail', 'last': 'Espeseth'}, 'location': {'street': {'number': 9496, 'name': 'Borger Withs gate'}, 'city': 'Skoge', 'state': 'Oppland', 'country': 'Norway', 'postcode': '2770', 'coordinates': {'latitude': '44.6531', 'longitude': '-49.5232'}, 'timezone': {'offset': '-1:00', 'description': 'Azores, Cape Verde Islands'}}, 'email': 'ismail.espeseth@example.com', 'login': {'uuid': '626f1b8e-4fd8-4caa-af42-a71ee43d18a7', 'username': 'crazycat704', 'password': 'waldo', 'salt': 'q7YHWQPy', 'md5': 'b347ada1398b4232822035925f8b0439', 'sha1': '07f13bd6ab782c0b93ad66783006795676b75264', 'sha256': '3b7a1b00f23321e6ef24d19f8cd9e774e3d845110d0b556c8c8e2c9c9509c28f'}, 'dob': {'date': '1971-12-10T17:32:32.160Z', 'age': 52}, 'registered': {'date': '2004-08-12T00:07:48.463Z', 'age': 19}, 'phone': '83181564', 'cell': '98023838', 'id': {'name': 'FN', 'value': '10127147995'}, 'picture': {'large': 'https://randomuser.me/api/portraits/men/93.jpg', 'medium': 'https://randomuser.me/api/portraits/med/men/93.jpg', 'thumbnail': 'https://randomuser.me/api/portraits/thumb/men/93.jpg'}, 'nat': 'NO'}</msg>
<arg>${json_data['results'][0]}</arg>
<doc>Logs the given message with the given level.</doc>
<status status="PASS" start="2024-03-22T15:13:27.872097" elapsed="0.000403"/>
</kw>
<kw name="Log" owner="BuiltIn">
<msg time="2024-03-22T15:13:27.872916" level="INFO">login</msg>
<arg>${key}</arg>
<doc>Logs the given message with the given level.</doc>
<status status="PASS" start="2024-03-22T15:13:27.872789" elapsed="0.000271"/>
</kw>
<var name="${key}">login</var>
<status status="PASS" start="2024-03-22T15:13:27.871248" elapsed="0.002039"/>
</iter>
<var>${key}</var>
<value>@{expected_keys}</value>
<status status="PASS" start="2024-03-22T15:13:27.862518" elapsed="0.010915"/>
</for>
<kw name="Create List" owner="BuiltIn">
<msg time="2024-03-22T15:13:27.873769" level="INFO">${expected_keysTwo} = ['username', 'password']</msg>
<var>${expected_keysTwo}</var>
<arg>username</arg>
<arg>password</arg>
<doc>Returns a list containing given items.</doc>
<status status="PASS" start="2024-03-22T15:13:27.873635" elapsed="0.000157"/>
</kw>
<for flavor="IN">
<iter>
<kw name="Dictionary Should Contain Key" owner="Collections">
<msg time="2024-03-22T15:13:27.874663" level="INFO">False</msg>
<arg>${json_data['results'][0]['login']}</arg>
<arg>${keyTwo}</arg>
<doc>Fails if ``key`` is not found from ``dictionary``.</doc>
<status status="PASS" start="2024-03-22T15:13:27.874285" elapsed="0.000414"/>
</kw>
<kw name="Dictionary Should Contain Key" owner="Collections">
<msg time="2024-03-22T15:13:27.875376" level="INFO">False</msg>
<arg>${json_data['results'][0]['login']}</arg>
<arg>${keyTwo}</arg>
<doc>Fails if ``key`` is not found from ``dictionary``.</doc>
<status status="PASS" start="2024-03-22T15:13:27.874995" elapsed="0.000418"/>
</kw>
<kw name="Log" owner="BuiltIn">
<msg time="2024-03-22T15:13:27.875867" level="INFO">username</msg>
<arg>${keyTwo}</arg>
<doc>Logs the given message with the given level.</doc>
<status status="PASS" start="2024-03-22T15:13:27.875738" elapsed="0.000166"/>
</kw>
<var name="${keyTwo}">username</var>
<status status="PASS" start="2024-03-22T15:13:27.874176" elapsed="0.001945"/>
</iter>
<iter>
<kw name="Dictionary Should Contain Key" owner="Collections">
<msg time="2024-03-22T15:13:27.876781" level="INFO">False</msg>
<arg>${json_data['results'][0]['login']}</arg>
<arg>${keyTwo}</arg>
<doc>Fails if ``key`` is not found from ``dictionary``.</doc>
<status status="PASS" start="2024-03-22T15:13:27.876405" elapsed="0.000412"/>
</kw>
<kw name="Dictionary Should Contain Key" owner="Collections">
<msg time="2024-03-22T15:13:27.877477" level="INFO">False</msg>
<arg>${json_data['results'][0]['login']}</arg>
<arg>${keyTwo}</arg>
<doc>Fails if ``key`` is not found from ``dictionary``.</doc>
<status status="PASS" start="2024-03-22T15:13:27.877105" elapsed="0.000408"/>
</kw>
<kw name="Log" owner="BuiltIn">
<msg time="2024-03-22T15:13:27.877926" level="INFO">password</msg>
<arg>${keyTwo}</arg>
<doc>Logs the given message with the given level.</doc>
<status status="PASS" start="2024-03-22T15:13:27.877799" elapsed="0.000164"/>
</kw>
<var name="${keyTwo}">password</var>
<status status="PASS" start="2024-03-22T15:13:27.876296" elapsed="0.001878"/>
</iter>
<var>${keyTwo}</var>
<value>@{expected_keysTwo}</value>
<status status="PASS" start="2024-03-22T15:13:27.874028" elapsed="0.004265"/>
</for>
<status status="PASS" start="2024-03-22T15:13:27.760059" elapsed="0.118375"/>
</kw>
<doc>Testa a estrutura da resposta da API.</doc>
<tag>testeEstruturaResposta</tag>
<status status="PASS" start="2024-03-22T15:13:27.759261" elapsed="0.119335"/>
</test>
<test id="s1-s1-t4" name="Validar tipos de dados" line="28">
<kw name="Teste de Tipos de Dados" owner="random-user-service">
<kw name="GET On Session" owner="RequestsLibrary">
<msg time="2024-03-22T15:13:27.970689" level="INFO">GET Request : url=https://randomuser.me/api 
 path_url=/api 
 headers={'User-Agent': 'python-requests/2.31.0', 'Accept-Encoding': 'gzip, deflate', 'Accept': '*/*', 'Connection': 'keep-alive'} 
 body=None 
 </msg>
<msg time="2024-03-22T15:13:27.970782" level="INFO">GET Response : url=https://randomuser.me/api 
 status=200, reason=OK 
 headers={'Date': 'Fri, 22 Mar 2024 15:13:27 GMT', 'Content-Type': 'application/json; charset=utf-8', 'Transfer-Encoding': 'chunked', 'Connection': 'keep-alive', 'X-Powered-By': 'Express', 'Access-Control-Allow-Origin': '*', 'Cache-Control': 'no-cache', 'ETag': 'W/"490-mRY23HZuQBzva5wLVvINQ8rA2Nc"', 'Vary': 'Accept-Encoding', 'Content-Encoding': 'gzip', 'CF-Cache-Status': 'DYNAMIC', 'Report-To': '{"endpoints":[{"url":"https:\\/\\/a.nel.cloudflare.com\\/report\\/v4?s=QUUmlvbsswPS52UVupx4MX7zlY0CCruWR1DlR0ZRYq2DEFZ1LMIaoCPNSYm%2FXcchh9%2BpAzeucL6USOBZatzWf7Bv%2BQUQN%2BHAkpOTQzsMNw7VovPykIwDekFo5%2BDTLMYi"}],"group":"cf-nel","max_age":604800}', 'NEL': '{"success_fraction":0,"report_to":"cf-nel","max_age":604800}', 'Server': 'cloudflare', 'CF-RAY': '868720354de4251c-SJC', 'alt-svc': 'h3=":443"; ma=86400'} 
 body={"results":[{"gender":"female","name":{"title":"Mrs","first":"Aci","last":"Mendes"},"location":{"street":{"number":611,"name":"Rua Treze "},"city":"Bauru","state":"Tocantins","country":"Brazil","postcode":45331,"coordinates":{"latitude":"-78.3440","longitude":"147.9423"},"timezone":{"offset":"-3:00","description":"Brazil, Buenos Aires, Georgetown"}},"email":"aci.mendes@example.com","login":{"uuid":"09650d1f-68b6-4584-8308-4881da927adc","username":"orangeelephant564","password":"*****","salt":"ITyuIqXn","md5":"40110a7c44498813ada831ec37474513","sha1":"413099fafe58bf2654e01631754b893586942b1b","sha256":"b55989525d098a9b2a8b74f2102b7feb7014b440291fa3ab5d830fd356657084"},"dob":{"date":"1974-10-19T17:11:14.297Z","age":49},"registered":{"date":"2004-08-12T12:49:22.607Z","age":19},"phone":"(65) 1468-8760","cell":"(61) 0392-0166","id":{"name":"CPF","value":"628.665.066-28"},"picture":{"large":"https://randomuser.me/api/portraits/women/83.jpg","medium":"https://randomuser.me/api/portraits/med/women/83.jpg","thumbnail":"https://randomuser.me/api/portraits/thumb/women/83.jpg"},"nat":"BR"}],"info":{"seed":"23638efd93272a44","results":1,"page":1,"version":"1.4"}} 
 </msg>
<msg time="2024-03-22T15:13:27.970856" level="INFO">/opt/hostedtoolcache/Python/3.12.2/x64/lib/python3.12/site-packages/urllib3/connectionpool.py:1103: InsecureRequestWarning: Unverified HTTPS request is being made to host 'randomuser.me'. Adding certificate verification is strongly advised. See: https://urllib3.readthedocs.io/en/latest/advanced-usage.html#tls-warnings
  warnings.warn(</msg>
<msg time="2024-03-22T15:13:27.970984" level="INFO">${response} = &lt;Response [200]&gt;</msg>
<var>${response}</var>
<arg>consultarAPI</arg>
<arg>/api</arg>
<doc>Sends a GET request on a previously created HTTP Session.</doc>
<status status="PASS" start="2024-03-22T15:13:27.881177" elapsed="0.089852"/>
</kw>
<kw name="Set Variable" owner="BuiltIn">
<msg time="2024-03-22T15:13:27.971986" level="INFO">${json_data} = {'results': [{'gender': 'female', 'name': {'title': 'Mrs', 'first': 'Aci', 'last': 'Mendes'}, 'location': {'street': {'number': 611, 'name': 'Rua Treze '}, 'city': 'Bauru', 'state': 'Tocantins', 'coun...</msg>
<var>${json_data}</var>
<arg>${response.json()}</arg>
<doc>Returns the given values which can then be assigned to a variables.</doc>
<status status="PASS" start="2024-03-22T15:13:27.971463" elapsed="0.000552"/>
</kw>
<kw name="Log" owner="BuiltIn">
<msg time="2024-03-22T15:13:27.972502" level="INFO">{'results': [{'gender': 'female', 'name': {'title': 'Mrs', 'first': 'Aci', 'last': 'Mendes'}, 'location': {'street': {'number': 611, 'name': 'Rua Treze '}, 'city': 'Bauru', 'state': 'Tocantins', 'country': 'Brazil', 'postcode': 45331, 'coordinates': {'latitude': '-78.3440', 'longitude': '147.9423'}, 'timezone': {'offset': '-3:00', 'description': 'Brazil, Buenos Aires, Georgetown'}}, 'email': 'aci.mendes@example.com', 'login': {'uuid': '09650d1f-68b6-4584-8308-4881da927adc', 'username': 'orangeelephant564', 'password': '*****', 'salt': 'ITyuIqXn', 'md5': '40110a7c44498813ada831ec37474513', 'sha1': '413099fafe58bf2654e01631754b893586942b1b', 'sha256': 'b55989525d098a9b2a8b74f2102b7feb7014b440291fa3ab5d830fd356657084'}, 'dob': {'date': '1974-10-19T17:11:14.297Z', 'age': 49}, 'registered': {'date': '2004-08-12T12:49:22.607Z', 'age': 19}, 'phone': '(65) 1468-8760', 'cell': '(61) 0392-0166', 'id': {'name': 'CPF', 'value': '628.665.066-28'}, 'picture': {'large': 'https://randomuser.me/api/portraits/women/83.jpg', 'medium': 'https://randomuser.me/api/portraits/med/women/83.jpg', 'thumbnail': 'https://randomuser.me/api/portraits/thumb/women/83.jpg'}, 'nat': 'BR'}], 'info': {'seed': '23638efd93272a44', 'results': 1, 'page': 1, 'version': '1.4'}}</msg>
<arg>${json_data}</arg>
<doc>Logs the given message with the given level.</doc>
<status status="PASS" start="2024-03-22T15:13:27.972344" elapsed="0.000241"/>
</kw>
<kw name="Should Be String" owner="String">
<arg>${json_data['results'][0]['gender']}</arg>
<doc>Fails if the given ``item`` is not a string.</doc>
<status status="PASS" start="2024-03-22T15:13:27.972895" elapsed="0.000362"/>
</kw>
<kw name="Should Match Regexp" owner="BuiltIn">
<arg>${json_data['results'][0]['email']}</arg>
<arg>^[a-zA-Z0-9._%+-]+@[a-zA-Z0-9.-]+\.[a-zA-Z]{2,}$</arg>
<doc>Fails if ``string`` does not match ``pattern`` as a regular expression.</doc>
<status status="PASS" start="2024-03-22T15:13:27.973449" elapsed="0.000521"/>
</kw>
<kw name="Should Match Regexp" owner="BuiltIn">
<arg>${json_data['results'][0]['dob']['date']}</arg>
<arg>\\d{4}-\\d{2}-\\d{2}T\\d{2}:\\d{2}:\\d{2}\\.\\d{3}Z</arg>
<doc>Fails if ``string`` does not match ``pattern`` as a regular expression.</doc>
<status status="PASS" start="2024-03-22T15:13:27.974169" elapsed="0.000488"/>
</kw>
<kw name="Should Match Regexp" owner="BuiltIn">
<arg>${json_data['results'][0]['registered']['date']}</arg>
<arg>\\d{4}-\\d{2}-\\d{2}T\\d{2}:\\d{2}:\\d{2}\\.\\d{3}Z</arg>
<doc>Fails if ``string`` does not match ``pattern`` as a regular expression.</doc>
<status status="PASS" start="2024-03-22T15:13:27.974850" elapsed="0.000366"/>
</kw>
<kw name="Should Match Regexp" owner="BuiltIn">
<arg>${json_data['results'][0]['picture']['large']}</arg>
<arg>^https?://.*\.(?:png|jpe?g|gif|bmp)$</arg>
<doc>Fails if ``string`` does not match ``pattern`` as a regular expression.</doc>
<status status="PASS" start="2024-03-22T15:13:27.975404" elapsed="0.000494"/>
</kw>
<kw name="Should Match Regexp" owner="BuiltIn">
<arg>${json_data['results'][0]['picture']['medium']}</arg>
<arg>^https?://.*\.(?:png|jpe?g|gif|bmp)$</arg>
<doc>Fails if ``string`` does not match ``pattern`` as a regular expression.</doc>
<status status="PASS" start="2024-03-22T15:13:27.976091" elapsed="0.000361"/>
</kw>
<kw name="Should Match Regexp" owner="BuiltIn">
<arg>${json_data['results'][0]['picture']['thumbnail']}</arg>
<arg>^https?://.*\.(?:png|jpe?g|gif|bmp)$</arg>
<doc>Fails if ``string`` does not match ``pattern`` as a regular expression.</doc>
<status status="PASS" start="2024-03-22T15:13:27.976636" elapsed="0.000345"/>
</kw>
<kw name="Log" owner="BuiltIn">
<msg time="2024-03-22T15:13:27.977484" level="INFO">{'large': 'https://randomuser.me/api/portraits/women/83.jpg', 'medium': 'https://randomuser.me/api/portraits/med/women/83.jpg', 'thumbnail': 'https://randomuser.me/api/portraits/thumb/women/83.jpg'}</msg>
<arg>${json_data['results'][0]['picture']}</arg>
<doc>Logs the given message with the given level.</doc>
<status status="PASS" start="2024-03-22T15:13:27.977159" elapsed="0.000374"/>
</kw>
<status status="PASS" start="2024-03-22T15:13:27.880946" elapsed="0.096883"/>
</kw>
<kw name="Teste de Tipos de Dados - Postcode" owner="random-user-service">
<kw name="GET On Session" owner="RequestsLibrary">
<msg time="2024-03-22T15:13:28.087881" level="INFO">GET Request : url=https://randomuser.me/api 
 path_url=/api 
 headers={'User-Agent': 'python-requests/2.31.0', 'Accept-Encoding': 'gzip, deflate', 'Accept': '*/*', 'Connection': 'keep-alive'} 
 body=None 
 </msg>
<msg time="2024-03-22T15:13:28.087988" level="INFO">GET Response : url=https://randomuser.me/api 
 status=200, reason=OK 
 headers={'Date': 'Fri, 22 Mar 2024 15:13:28 GMT', 'Content-Type': 'application/json; charset=utf-8', 'Transfer-Encoding': 'chunked', 'Connection': 'keep-alive', 'X-Powered-By': 'Express', 'Access-Control-Allow-Origin': '*', 'Cache-Control': 'no-cache', 'ETag': 'W/"494-n3/eOOlFMztnemzQcmf2t7esy14"', 'Vary': 'Accept-Encoding', 'Content-Encoding': 'gzip', 'CF-Cache-Status': 'DYNAMIC', 'Report-To': '{"endpoints":[{"url":"https:\\/\\/a.nel.cloudflare.com\\/report\\/v4?s=gzF4KDJPA3UEYG48oPF%2BQ7uSdfghxhzqoN93rJL2QIGbXm26IdmAfzoOwdWb6TnFJ5qtxfuik2%2FO5QEf7PRGUaJeoiumwMQdG34kix%2BE%2BTcOaUYZYZf0YlSLF5l1cALn"}],"group":"cf-nel","max_age":604800}', 'NEL': '{"success_fraction":0,"report_to":"cf-nel","max_age":604800}', 'Server': 'cloudflare', 'CF-RAY': '86872035eeae251c-SJC', 'alt-svc': 'h3=":443"; ma=86400'} 
 body={"results":[{"gender":"female","name":{"title":"Mrs","first":"Kimaya","last":"Ramesh"},"location":{"street":{"number":5434,"name":"Bhavani Peth"},"city":"Ongole","state":"Uttar Pradesh","country":"India","postcode":57795,"coordinates":{"latitude":"5.5249","longitude":"124.9549"},"timezone":{"offset":"+8:00","description":"Beijing, Perth, Singapore, Hong Kong"}},"email":"kimaya.ramesh@example.com","login":{"uuid":"5b6d81bf-8ba7-4e89-b510-39bd412639d2","username":"angryduck647","password":"babyface","salt":"UOC3FKTw","md5":"5975123412458b0588e097d3b98b0337","sha1":"ceb54f1a05caa412ff8f5db6e7a988b4db5833de","sha256":"d74b1a149135724618d8706893e33b2999b2c3f07f650aed752dda0c037c0b0a"},"dob":{"date":"1983-11-21T21:59:18.327Z","age":40},"registered":{"date":"2018-08-17T06:09:24.848Z","age":5},"phone":"7142581217","cell":"8145875739","id":{"name":"UIDAI","value":"799882849883"},"picture":{"large":"https://randomuser.me/api/portraits/women/26.jpg","medium":"https://randomuser.me/api/portraits/med/women/26.jpg","thumbnail":"https://randomuser.me/api/portraits/thumb/women/26.jpg"},"nat":"IN"}],"info":{"seed":"3f34b65d3a088e6f","results":1,"page":1,"version":"1.4"}} 
 </msg>
<msg time="2024-03-22T15:13:28.088089" level="INFO">/opt/hostedtoolcache/Python/3.12.2/x64/lib/python3.12/site-packages/urllib3/connectionpool.py:1103: InsecureRequestWarning: Unverified HTTPS request is being made to host 'randomuser.me'. Adding certificate verification is strongly advised. See: https://urllib3.readthedocs.io/en/latest/advanced-usage.html#tls-warnings
  warnings.warn(</msg>
<msg time="2024-03-22T15:13:28.088222" level="INFO">${response} = &lt;Response [200]&gt;</msg>
<var>${response}</var>
<arg>consultarAPI</arg>
<arg>/api</arg>
<doc>Sends a GET request on a previously created HTTP Session.</doc>
<status status="PASS" start="2024-03-22T15:13:27.978432" elapsed="0.109839"/>
</kw>
<kw name="Set Variable" owner="BuiltIn">
<msg time="2024-03-22T15:13:28.089293" level="INFO">${json_data} = {'results': [{'gender': 'female', 'name': {'title': 'Mrs', 'first': 'Kimaya', 'last': 'Ramesh'}, 'location': {'street': {'number': 5434, 'name': 'Bhavani Peth'}, 'city': 'Ongole', 'state': 'Uttar Prad...</msg>
<var>${json_data}</var>
<arg>${response.json()}</arg>
<doc>Returns the given values which can then be assigned to a variables.</doc>
<status status="PASS" start="2024-03-22T15:13:28.088783" elapsed="0.000538"/>
</kw>
<kw name="Log" owner="BuiltIn">
<msg time="2024-03-22T15:13:28.089789" level="INFO">{'results': [{'gender': 'female', 'name': {'title': 'Mrs', 'first': 'Kimaya', 'last': 'Ramesh'}, 'location': {'street': {'number': 5434, 'name': 'Bhavani Peth'}, 'city': 'Ongole', 'state': 'Uttar Pradesh', 'country': 'India', 'postcode': 57795, 'coordinates': {'latitude': '5.5249', 'longitude': '124.9549'}, 'timezone': {'offset': '+8:00', 'description': 'Beijing, Perth, Singapore, Hong Kong'}}, 'email': 'kimaya.ramesh@example.com', 'login': {'uuid': '5b6d81bf-8ba7-4e89-b510-39bd412639d2', 'username': 'angryduck647', 'password': 'babyface', 'salt': 'UOC3FKTw', 'md5': '5975123412458b0588e097d3b98b0337', 'sha1': 'ceb54f1a05caa412ff8f5db6e7a988b4db5833de', 'sha256': 'd74b1a149135724618d8706893e33b2999b2c3f07f650aed752dda0c037c0b0a'}, 'dob': {'date': '1983-11-21T21:59:18.327Z', 'age': 40}, 'registered': {'date': '2018-08-17T06:09:24.848Z', 'age': 5}, 'phone': '7142581217', 'cell': '8145875739', 'id': {'name': 'UIDAI', 'value': '799882849883'}, 'picture': {'large': 'https://randomuser.me/api/portraits/women/26.jpg', 'medium': 'https://randomuser.me/api/portraits/med/women/26.jpg', 'thumbnail': 'https://randomuser.me/api/portraits/thumb/women/26.jpg'}, 'nat': 'IN'}], 'info': {'seed': '3f34b65d3a088e6f', 'results': 1, 'page': 1, 'version': '1.4'}}</msg>
<arg>${json_data}</arg>
<doc>Logs the given message with the given level.</doc>
<status status="PASS" start="2024-03-22T15:13:28.089633" elapsed="0.000237"/>
</kw>
<kw name="Should Be Equal As Numbers" owner="BuiltIn">
<arg>${json_data['results'][0]['location']['postcode']}</arg>
<arg>${json_data['results'][0]['location']['postcode']}</arg>
<doc>Fails if objects are unequal after converting them to real numbers.</doc>
<status status="PASS" start="2024-03-22T15:13:28.090176" elapsed="0.000624"/>
</kw>
<kw name="Log" owner="BuiltIn">
<msg time="2024-03-22T15:13:28.091321" level="INFO">57795</msg>
<arg>${json_data['results'][0]['location']['postcode']}</arg>
<doc>Logs the given message with the given level.</doc>
<status status="PASS" start="2024-03-22T15:13:28.090991" elapsed="0.000371"/>
</kw>
<status status="PASS" start="2024-03-22T15:13:27.978056" elapsed="0.113596"/>
</kw>
<doc>Testa se os tipos de dados na resposta da API estão corretos.</doc>
<tag>testeTiposDados</tag>
<status status="PASS" start="2024-03-22T15:13:27.880398" elapsed="0.211426"/>
</test>
<test id="s1-s1-t5" name="Validar conteudo" line="35">
<kw name="Teste de Tipos de Conteudo" owner="random-user-service">
<kw name="GET On Session" owner="RequestsLibrary">
<msg time="2024-03-22T15:13:28.180775" level="INFO">GET Request : url=https://randomuser.me/api 
 path_url=/api 
 headers={'User-Agent': 'python-requests/2.31.0', 'Accept-Encoding': 'gzip, deflate', 'Accept': '*/*', 'Connection': 'keep-alive'} 
 body=None 
 </msg>
<msg time="2024-03-22T15:13:28.180880" level="INFO">GET Response : url=https://randomuser.me/api 
 status=200, reason=OK 
 headers={'Date': 'Fri, 22 Mar 2024 15:13:28 GMT', 'Content-Type': 'application/json; charset=utf-8', 'Transfer-Encoding': 'chunked', 'Connection': 'keep-alive', 'X-Powered-By': 'Express', 'Access-Control-Allow-Origin': '*', 'Cache-Control': 'no-cache', 'ETag': 'W/"479-i3qJNz7hiT9DDxK0u9eQ/3rJtbk"', 'Vary': 'Accept-Encoding', 'Content-Encoding': 'gzip', 'CF-Cache-Status': 'DYNAMIC', 'Report-To': '{"endpoints":[{"url":"https:\\/\\/a.nel.cloudflare.com\\/report\\/v4?s=3yX85bv8udB2t39vmpnNsNy7re2YHY0CtYaAIN8Q5TRvUahfSSWMdrEfnPgAmaqYRksLe%2FIYPyLcfCHVbNUJyJ%2B4jy3tA1rnYKwiM7H1qGFl3j14DU6u3rGhKdE996kE"}],"group":"cf-nel","max_age":604800}', 'NEL': '{"success_fraction":0,"report_to":"cf-nel","max_age":604800}', 'Server': 'cloudflare', 'CF-RAY': '868720369fa6251c-SJC', 'alt-svc': 'h3=":443"; ma=86400'} 
 body={"results":[{"gender":"male","name":{"title":"Mr","first":"Dobrivoje","last":"Vasić"},"location":{"street":{"number":2486,"name":"Porodice Gajić"},"city":"Mionica","state":"South Bačka","country":"Serbia","postcode":53887,"coordinates":{"latitude":"63.9322","longitude":"-26.5173"},"timezone":{"offset":"-3:30","description":"Newfoundland"}},"email":"dobrivoje.vasic@example.com","login":{"uuid":"3e53a8c7-6a2c-4682-9b1b-5f2ffc0f3533","username":"bigpanda395","password":"poiuy","salt":"yMkVyHkv","md5":"d2fe344f0d5960f7506cd0d0af28a565","sha1":"c874303f01e9335266a5e6532dadc563893f5f9c","sha256":"dbae3f5eeb7889126e554b70fbbbf31fd67a8b781bcd8f843e19d47e6d477803"},"dob":{"date":"1998-10-20T09:26:52.614Z","age":25},"registered":{"date":"2005-07-13T09:56:13.765Z","age":18},"phone":"037-0923-229","cell":"069-5243-460","id":{"name":"SID","value":"648077848"},"picture":{"large":"https://randomuser.me/api/portraits/men/99.jpg","medium":"https://randomuser.me/api/portraits/med/men/99.jpg","thumbnail":"https://randomuser.me/api/portraits/thumb/men/99.jpg"},"nat":"RS"}],"info":{"seed":"9f15311920abec2d","results":1,"page":1,"version":"1.4"}} 
 </msg>
<msg time="2024-03-22T15:13:28.180964" level="INFO">/opt/hostedtoolcache/Python/3.12.2/x64/lib/python3.12/site-packages/urllib3/connectionpool.py:1103: InsecureRequestWarning: Unverified HTTPS request is being made to host 'randomuser.me'. Adding certificate verification is strongly advised. See: https://urllib3.readthedocs.io/en/latest/advanced-usage.html#tls-warnings
  warnings.warn(</msg>
<msg time="2024-03-22T15:13:28.181101" level="INFO">${response} = &lt;Response [200]&gt;</msg>
<var>${response}</var>
<arg>consultarAPI</arg>
<arg>/api</arg>
<doc>Sends a GET request on a previously created HTTP Session.</doc>
<status status="PASS" start="2024-03-22T15:13:28.094287" elapsed="0.086863"/>
</kw>
<kw name="Set Variable" owner="BuiltIn">
<msg time="2024-03-22T15:13:28.182428" level="INFO">${json_data} = {'results': [{'gender': 'male', 'name': {'title': 'Mr', 'first': 'Dobrivoje', 'last': 'Vasić'}, 'location': {'street': {'number': 2486, 'name': 'Porodice Gajić'}, 'city': 'Mionica', 'state': 'South Ba...</msg>
<var>${json_data}</var>
<arg>${response.json()}</arg>
<doc>Returns the given values which can then be assigned to a variables.</doc>
<status status="PASS" start="2024-03-22T15:13:28.181814" elapsed="0.000645"/>
</kw>
<kw name="Set Variable" owner="BuiltIn">
<msg time="2024-03-22T15:13:28.183158" level="INFO">${name_title} = Mr</msg>
<var>${name_title}</var>
<arg>${json_data["results"][0]["name"]["title"]}</arg>
<doc>Returns the given values which can then be assigned to a variables.</doc>
<status status="PASS" start="2024-03-22T15:13:28.182774" elapsed="0.000409"/>
</kw>
<kw name="Create List" owner="BuiltIn">
<msg time="2024-03-22T15:13:28.183681" level="INFO">${allowed_titles} = ['Mr', 'Ms', 'Miss', 'Mrs', 'Madame', 'Monsieur']</msg>
<var>${allowed_titles}</var>
<arg>Mr</arg>
<arg>Ms</arg>
<arg>Miss</arg>
<arg>Mrs</arg>
<arg>Madame</arg>
<arg>Monsieur</arg>
<doc>Returns a list containing given items.</doc>
<status status="PASS" start="2024-03-22T15:13:28.183490" elapsed="0.000218"/>
</kw>
<kw name="List Should Contain Value" owner="Collections">
<msg time="2024-03-22T15:13:28.184193" level="INFO">False</msg>
<arg>${allowed_titles}</arg>
<arg>${name_title}</arg>
<doc>Fails if the ``value`` is not found from ``list``.</doc>
<status status="PASS" start="2024-03-22T15:13:28.184017" elapsed="0.000213"/>
</kw>
<kw name="Set Variable" owner="BuiltIn">
<msg time="2024-03-22T15:13:28.184913" level="INFO">${name_country} = RS</msg>
<var>${name_country}</var>
<arg>${json_data["results"][0]["nat"]}</arg>
<doc>Returns the given values which can then be assigned to a variables.</doc>
<status status="PASS" start="2024-03-22T15:13:28.184537" elapsed="0.000402"/>
</kw>
<kw name="Create List" owner="BuiltIn">
<msg time="2024-03-22T15:13:28.185851" level="INFO">${list_country} = ['AD', 'AE', 'AF', 'AG', 'AI', 'AL', 'AM', 'AO', 'AQ', 'AR', 'AS', 'AT', 'AU', 'AW', 'AX', 'AZ', 'BA', 'BB', 'BD', 'BE', 'BF', 'BG', 'BH', 'BI', 'BJ', 'BL', 'BM', 'BN', 'BO', 'BQ', 'BR', 'BS', 'BT', '...</msg>
<var>${list_country}</var>
<arg>AD</arg>
<arg>AE</arg>
<arg>AF</arg>
<arg>AG</arg>
<arg>AI</arg>
<arg>AL</arg>
<arg>AM</arg>
<arg>AO</arg>
<arg>AQ</arg>
<arg>AR</arg>
<arg>AS</arg>
<arg>AT</arg>
<arg>AU</arg>
<arg>AW</arg>
<arg>AX</arg>
<arg>AZ</arg>
<arg>BA</arg>
<arg>BB</arg>
<arg>BD</arg>
<arg>BE</arg>
<arg>BF</arg>
<arg>BG</arg>
<arg>BH</arg>
<arg>BI</arg>
<arg>BJ</arg>
<arg>BL</arg>
<arg>BM</arg>
<arg>BN</arg>
<arg>BO</arg>
<arg>BQ</arg>
<arg>BR</arg>
<arg>BS</arg>
<arg>BT</arg>
<arg>BV</arg>
<arg>BW</arg>
<arg>BY</arg>
<arg>BZ</arg>
<arg>CA</arg>
<arg>CC</arg>
<arg>CD</arg>
<arg>CF</arg>
<arg>CG</arg>
<arg>CH</arg>
<arg>CI</arg>
<arg>CK</arg>
<arg>CL</arg>
<arg>CM</arg>
<arg>CN</arg>
<arg>CO</arg>
<arg>CR</arg>
<arg>CU</arg>
<arg>CV</arg>
<arg>CW</arg>
<arg>CX</arg>
<arg>CY</arg>
<arg>CZ</arg>
<arg>DE</arg>
<arg>DJ</arg>
<arg>DK</arg>
<arg>DM</arg>
<arg>DO</arg>
<arg>DZ</arg>
<arg>EC</arg>
<arg>EE</arg>
<arg>EG</arg>
<arg>EH</arg>
<arg>ER</arg>
<arg>ES</arg>
<arg>ET</arg>
<arg>FI</arg>
<arg>FJ</arg>
<arg>FK</arg>
<arg>FM</arg>
<arg>FO</arg>
<arg>FR</arg>
<arg>GA</arg>
<arg>GB</arg>
<arg>GD</arg>
<arg>GE</arg>
<arg>GF</arg>
<arg>GG</arg>
<arg>GH</arg>
<arg>GI</arg>
<arg>GL</arg>
<arg>GM</arg>
<arg>GN</arg>
<arg>GP</arg>
<arg>GQ</arg>
<arg>GR</arg>
<arg>GS</arg>
<arg>GT</arg>
<arg>GU</arg>
<arg>GW</arg>
<arg>GY</arg>
<arg>HK</arg>
<arg>HM</arg>
<arg>HN</arg>
<arg>HR</arg>
<arg>HT</arg>
<arg>HU</arg>
<arg>ID</arg>
<arg>IE</arg>
<arg>IL</arg>
<arg>IM</arg>
<arg>IN</arg>
<arg>IO</arg>
<arg>IQ</arg>
<arg>IR</arg>
<arg>IS</arg>
<arg>IT</arg>
<arg>JE</arg>
<arg>JM</arg>
<arg>JO</arg>
<arg>JP</arg>
<arg>KE</arg>
<arg>KG</arg>
<arg>KH</arg>
<arg>KI</arg>
<arg>KM</arg>
<arg>KN</arg>
<arg>KP</arg>
<arg>KR</arg>
<arg>KW</arg>
<arg>KY</arg>
<arg>KZ</arg>
<arg>LA</arg>
<arg>LB</arg>
<arg>LC</arg>
<arg>LI</arg>
<arg>LK</arg>
<arg>LR</arg>
<arg>LS</arg>
<arg>LT</arg>
<arg>LU</arg>
<arg>LV</arg>
<arg>LY</arg>
<arg>MA</arg>
<arg>MC</arg>
<arg>MD</arg>
<arg>ME</arg>
<arg>MF</arg>
<arg>MG</arg>
<arg>MH</arg>
<arg>MK</arg>
<arg>ML</arg>
<arg>MM</arg>
<arg>MN</arg>
<arg>MO</arg>
<arg>MP</arg>
<arg>MQ</arg>
<arg>MR</arg>
<arg>MS</arg>
<arg>MT</arg>
<arg>MU</arg>
<arg>MV</arg>
<arg>MW</arg>
<arg>MX</arg>
<arg>MY</arg>
<arg>MZ</arg>
<arg>NA</arg>
<arg>NC</arg>
<arg>NE</arg>
<arg>NF</arg>
<arg>NG</arg>
<arg>NI</arg>
<arg>NL</arg>
<arg>NO</arg>
<arg>NP</arg>
<arg>NR</arg>
<arg>NU</arg>
<arg>NZ</arg>
<arg>OM</arg>
<arg>PA</arg>
<arg>PE</arg>
<arg>PF</arg>
<arg>PG</arg>
<arg>PH</arg>
<arg>PK</arg>
<arg>PL</arg>
<arg>PM</arg>
<arg>PN</arg>
<arg>PR</arg>
<arg>PS</arg>
<arg>PT</arg>
<arg>PW</arg>
<arg>PY</arg>
<arg>QA</arg>
<arg>RE</arg>
<arg>RO</arg>
<arg>RS</arg>
<arg>RU</arg>
<arg>RW</arg>
<arg>SA</arg>
<arg>SB</arg>
<arg>SC</arg>
<arg>SD</arg>
<arg>SE</arg>
<arg>SG</arg>
<arg>SH</arg>
<arg>SI</arg>
<arg>SJ</arg>
<arg>SK</arg>
<arg>SL</arg>
<arg>SM</arg>
<arg>SN</arg>
<arg>SO</arg>
<arg>SR</arg>
<arg>SS</arg>
<arg>ST</arg>
<arg>SV</arg>
<arg>SX</arg>
<arg>SY</arg>
<arg>SZ</arg>
<arg>TC</arg>
<arg>TD</arg>
<arg>TF</arg>
<arg>TG</arg>
<arg>TH</arg>
<arg>TJ</arg>
<arg>TK</arg>
<arg>TL</arg>
<arg>TM</arg>
<arg>TN</arg>
<arg>TO</arg>
<arg>TR</arg>
<arg>TT</arg>
<arg>TV</arg>
<arg>TW</arg>
<arg>TZ</arg>
<arg>UA</arg>
<arg>UG</arg>
<arg>UM</arg>
<arg>US</arg>
<arg>UY</arg>
<arg>UZ</arg>
<arg>VA</arg>
<arg>VC</arg>
<arg>VE</arg>
<arg>VG</arg>
<arg>VI</arg>
<arg>VN</arg>
<arg>VU</arg>
<arg>WF</arg>
<arg>WS</arg>
<arg>XK</arg>
<arg>YE</arg>
<arg>YT</arg>
<arg>ZA</arg>
<arg>ZM</arg>
<arg>ZW</arg>
<doc>Returns a list containing given items.</doc>
<status status="PASS" start="2024-03-22T15:13:28.185249" elapsed="0.000628"/>
</kw>
<kw name="List Should Contain Value" owner="Collections">
<msg time="2024-03-22T15:13:28.186997" level="INFO">False</msg>
<arg>${list_country}</arg>
<arg>${name_country}</arg>
<doc>Fails if the ``value`` is not found from ``list``.</doc>
<status status="PASS" start="2024-03-22T15:13:28.186792" elapsed="0.000242"/>
</kw>
<kw name="Run Keyword If" owner="BuiltIn">
<kw name="Should Be True" owner="BuiltIn">
<arg>${True}</arg>
<doc>Fails if the given condition is not true.</doc>
<status status="PASS" start="2024-03-22T15:13:28.188147" elapsed="0.000146"/>
</kw>
<arg>${json_data["results"][0]["location"]["coordinates"]["latitude"]} &gt;= -90 and ${json_data["results"][0]["location"]["coordinates"]["latitude"]} &lt;= 90</arg>
<arg>Should Be True</arg>
<arg>${True}</arg>
<doc>Runs the given keyword with the given arguments, if ``condition`` is true.</doc>
<status status="PASS" start="2024-03-22T15:13:28.187346" elapsed="0.001076"/>
</kw>
<kw name="Run Keyword If" owner="BuiltIn">
<kw name="Should Be True" owner="BuiltIn">
<arg>${True}</arg>
<doc>Fails if the given condition is not true.</doc>
<status status="PASS" start="2024-03-22T15:13:28.189311" elapsed="0.000138"/>
</kw>
<arg>${json_data["results"][0]["location"]["coordinates"]["longitude"]} &gt;= -180 and ${json_data["results"][0]["location"]["coordinates"]["longitude"]} &lt;= 180</arg>
<arg>Should Be True</arg>
<arg>${True}</arg>
<doc>Runs the given keyword with the given arguments, if ``condition`` is true.</doc>
<status status="PASS" start="2024-03-22T15:13:28.188606" elapsed="0.000967"/>
</kw>
<status status="PASS" start="2024-03-22T15:13:28.094049" elapsed="0.095659"/>
</kw>
<doc>Testa o conteúdo específico dos campos retornados pela API.</doc>
<tag>testeConteudo</tag>
<status status="PASS" start="2024-03-22T15:13:28.093544" elapsed="0.096316"/>
</test>
<status status="PASS" start="2024-03-22T15:13:27.323466" elapsed="0.868318"/>
</suite>
<status status="PASS" start="2024-03-22T15:13:27.309642" elapsed="0.887505"/>
</suite>
<statistics>
<total>
<stat pass="5" fail="0" skip="0">All Tests</stat>
</total>
<tag>
<stat pass="1" fail="0" skip="0">testeConteudo</stat>
<stat pass="1" fail="0" skip="0">testeEstruturaResposta</stat>
<stat pass="1" fail="0" skip="0">testeRequisicaoBasica</stat>
<stat pass="1" fail="0" skip="0">testeTiposDados</stat>
</tag>
<suite>
<stat pass="5" fail="0" skip="0" id="s1" name="Tests">Tests</stat>
<stat pass="5" fail="0" skip="0" id="s1-s1" name="Random-User-Test">Tests.Random-User-Test</stat>
</suite>
</statistics>
<errors>
</errors>
</robot>
