<?xml version="1.0" encoding="UTF-8"?>
<robot generator="Robot 7.0.1 (Python 3.12.4 on linux)" generated="2024-07-20T22:14:20.774503" rpa="false" schemaversion="5">
<suite id="s1" name="Tests" source="/home/runner/work/ApiRandomUser/ApiRandomUser/RamdonUser/tests">
<suite id="s1-s1" name="Random-User-Test" source="/home/runner/work/ApiRandomUser/ApiRandomUser/RamdonUser/tests/random-user-test.robot">
<test id="s1-s1-t1" name="Conectar" line="13">
<kw name="Conectar API" owner="random-user-service">
<kw name="Create Session" owner="RequestsLibrary">
<msg time="2024-07-20T22:14:21.162821" level="INFO">Creating Session using : alias=consultarAPI, url=https://randomuser.me/, headers={},                     cookies={}, auth=None, timeout=None, proxies=None, verify=False,                     debug=0 </msg>
<arg>consultarAPI</arg>
<arg>${URL}</arg>
<doc>Create Session: create a HTTP session to a server</doc>
<status status="PASS" start="2024-07-20T22:14:21.162629" elapsed="0.000361"/>
</kw>
<status status="PASS" start="2024-07-20T22:14:21.161642" elapsed="0.001736"/>
</kw>
<status status="PASS" start="2024-07-20T22:14:21.161121" elapsed="0.002452"/>
</test>
<test id="s1-s1-t2" name="Validar retorno 200 e JSON Válido" line="16">
<kw name="Teste de Requisicao Basica" owner="random-user-service">
<kw name="GET On Session" owner="RequestsLibrary">
<msg time="2024-07-20T22:14:21.465752" level="INFO">GET Request : url=https://randomuser.me/api 
 path_url=/api 
 headers={'User-Agent': 'python-requests/2.32.3', 'Accept-Encoding': 'gzip, deflate', 'Accept': '*/*', 'Connection': 'keep-alive'} 
 body=None 
 </msg>
<msg time="2024-07-20T22:14:21.465897" level="INFO">GET Response : url=https://randomuser.me/api 
 status=200, reason=OK 
 headers={'Date': 'Sat, 20 Jul 2024 22:14:21 GMT', 'Content-Type': 'application/json; charset=utf-8', 'Transfer-Encoding': 'chunked', 'Connection': 'keep-alive', 'X-Powered-By': 'Express', 'Access-Control-Allow-Origin': '*', 'Cache-Control': 'no-cache', 'ETag': 'W/"46c-xJRslenxsZax0z4s+GCAUOFnmAA"', 'Vary': 'Accept-Encoding', 'Content-Encoding': 'gzip', 'CF-Cache-Status': 'DYNAMIC', 'Report-To': '{"endpoints":[{"url":"https:\\/\\/a.nel.cloudflare.com\\/report\\/v4?s=Dr%2BznB%2BxP568bLp78JlgoIfX0nx%2BiKKCVuKIYX1Lyb9fZ%2F0IBHxShhJjSTCz43lYRdi6uDkmo0dfRcJA%2Fy9hHCX5Qc1Csi8pfLbfKikcQkuHuYsBYOvvES%2BFPlr9jdUP"}],"group":"cf-nel","max_age":604800}', 'NEL': '{"success_fraction":0,"report_to":"cf-nel","max_age":604800}', 'Server': 'cloudflare', 'CF-RAY': '8a664dbf8ec9eaac-DFW', 'alt-svc': 'h3=":443"; ma=86400'} 
 body={"results":[{"gender":"male","name":{"title":"Mr","first":"Roman","last":"Morris"},"location":{"street":{"number":1050,"name":"Tennent Drive"},"city":"Timaru","state":"Bay of Plenty","country":"New Zealand","postcode":36286,"coordinates":{"latitude":"48.4397","longitude":"-97.1454"},"timezone":{"offset":"-9:00","description":"Alaska"}},"email":"roman.morris@example.com","login":{"uuid":"d821dd14-8913-4fa9-af63-49ef0b72b9c2","username":"greenduck335","password":"woodwork","salt":"GJgl9NKA","md5":"db660df27a03db8e9797c662063a8619","sha1":"de2e27bd099157c2f26747290f33c04e6ac34299","sha256":"06dd240bf5b88e221fe96fe876e12b8137ae5795169cc034f263c86dcb249d57"},"dob":{"date":"1979-12-23T09:36:26.558Z","age":44},"registered":{"date":"2020-06-16T12:11:26.637Z","age":4},"phone":"(074)-176-7101","cell":"(411)-678-0995","id":{"name":"","value":null},"picture":{"large":"https://randomuser.me/api/portraits/men/99.jpg","medium":"https://randomuser.me/api/portraits/med/men/99.jpg","thumbnail":"https://randomuser.me/api/portraits/thumb/men/99.jpg"},"nat":"NZ"}],"info":{"seed":"70f2b26b670e4fdd","results":1,"page":1,"version":"1.4"}} 
 </msg>
<msg time="2024-07-20T22:14:21.465979" level="INFO">/opt/hostedtoolcache/Python/3.12.4/x64/lib/python3.12/site-packages/urllib3/connectionpool.py:1099: InsecureRequestWarning: Unverified HTTPS request is being made to host 'randomuser.me'. Adding certificate verification is strongly advised. See: https://urllib3.readthedocs.io/en/latest/advanced-usage.html#tls-warnings
  warnings.warn(</msg>
<msg time="2024-07-20T22:14:21.466084" level="INFO">${response} = &lt;Response [200]&gt;</msg>
<var>${response}</var>
<arg>consultarAPI</arg>
<arg>/api</arg>
<doc>Sends a GET request on a previously created HTTP Session.</doc>
<status status="PASS" start="2024-07-20T22:14:21.166122" elapsed="0.300004"/>
</kw>
<kw name="Should Be Equal As Numbers" owner="BuiltIn">
<msg time="2024-07-20T22:14:21.466958" level="INFO">Argument types are:
&lt;class 'int'&gt;
&lt;class 'str'&gt;</msg>
<arg>${response.status_code}</arg>
<arg>200</arg>
<doc>Fails if objects are unequal after converting them to real numbers.</doc>
<status status="PASS" start="2024-07-20T22:14:21.466541" elapsed="0.000481"/>
</kw>
<kw name="Log" owner="BuiltIn">
<msg time="2024-07-20T22:14:21.467769" level="INFO">200</msg>
<arg>${response.status_code}</arg>
<doc>Logs the given message with the given level.</doc>
<status status="PASS" start="2024-07-20T22:14:21.467404" elapsed="0.000411"/>
</kw>
<kw name="Set Variable" owner="BuiltIn">
<msg time="2024-07-20T22:14:21.468566" level="INFO">${json_data} = {'results': [{'gender': 'male', 'name': {'title': 'Mr', 'first': 'Roman', 'last': 'Morris'}, 'location': {'street': {'number': 1050, 'name': 'Tennent Drive'}, 'city': 'Timaru', 'state': 'Bay of Plenty...</msg>
<var>${json_data}</var>
<arg>${response.json()}</arg>
<doc>Returns the given values which can then be assigned to a variables.</doc>
<status status="PASS" start="2024-07-20T22:14:21.468127" elapsed="0.000469"/>
</kw>
<kw name="Dictionary Should Contain Key" owner="Collections">
<arg>${json_data}</arg>
<arg>results</arg>
<doc>Fails if ``key`` is not found from ``dictionary``.</doc>
<status status="PASS" start="2024-07-20T22:14:21.468899" elapsed="0.000294"/>
</kw>
<status status="PASS" start="2024-07-20T22:14:21.165877" elapsed="0.303467"/>
</kw>
<doc>Testa se a API responde corretamente e retorna um objeto JSON válido.</doc>
<tag>testeRequisicaoBasica</tag>
<status status="PASS" start="2024-07-20T22:14:21.165421" elapsed="0.304087"/>
</test>
<test id="s1-s1-t3" name="Validar estrutura de resposta" line="22">
<kw name="Teste de Estrutura de Resposta" owner="random-user-service">
<kw name="GET On Session" owner="RequestsLibrary">
<msg time="2024-07-20T22:14:21.578309" level="INFO">GET Request : url=https://randomuser.me/api 
 path_url=/api 
 headers={'User-Agent': 'python-requests/2.32.3', 'Accept-Encoding': 'gzip, deflate', 'Accept': '*/*', 'Connection': 'keep-alive'} 
 body=None 
 </msg>
<msg time="2024-07-20T22:14:21.578395" level="INFO">GET Response : url=https://randomuser.me/api 
 status=200, reason=OK 
 headers={'Date': 'Sat, 20 Jul 2024 22:14:21 GMT', 'Content-Type': 'application/json; charset=utf-8', 'Transfer-Encoding': 'chunked', 'Connection': 'keep-alive', 'X-Powered-By': 'Express', 'Access-Control-Allow-Origin': '*', 'Cache-Control': 'no-cache', 'ETag': 'W/"4af-GvMpL8key93d9uRZN/caMyw4vfY"', 'Vary': 'Accept-Encoding', 'Content-Encoding': 'gzip', 'CF-Cache-Status': 'DYNAMIC', 'Report-To': '{"endpoints":[{"url":"https:\\/\\/a.nel.cloudflare.com\\/report\\/v4?s=I4y6stZg3XtSVcd%2B5KJ%2B9EGF1yAErdc3J6zXg2Va8FU7Ou8szfH8N5Nk11vRHB%2FrkuL7rF8fTls35PgB%2BBExDhWkHGpp1azydMfA3mWUgiylSVb5iP5bIJblk5ezv5mz"}],"group":"cf-nel","max_age":604800}', 'NEL': '{"success_fraction":0,"report_to":"cf-nel","max_age":604800}', 'Server': 'cloudflare', 'CF-RAY': '8a664dc04fb1eaac-DFW', 'alt-svc': 'h3=":443"; ma=86400'} 
 body={"results":[{"gender":"male","name":{"title":"Mr","first":"Karl-Dieter","last":"Haustein"},"location":{"street":{"number":197,"name":"Rosenweg"},"city":"Oelsnitz/Vogtl.","state":"Sachsen-Anhalt","country":"Germany","postcode":98663,"coordinates":{"latitude":"-48.9033","longitude":"-66.9277"},"timezone":{"offset":"+5:00","description":"Ekaterinburg, Islamabad, Karachi, Tashkent"}},"email":"karl-dieter.haustein@example.com","login":{"uuid":"94a0cadf-9456-4cb2-a0dd-bf018304e56c","username":"ticklishsnake766","password":"1987","salt":"JpvBXTj5","md5":"a064a613357571bca97e09e21b19bb4d","sha1":"0214c51ab4b608dc4d55293e3122470760930e84","sha256":"2052f6b57631927b7f159512653724e3cfdbf4942a05b22948f7e0784626dcbb"},"dob":{"date":"1998-01-16T20:38:01.139Z","age":26},"registered":{"date":"2002-07-08T02:51:39.095Z","age":22},"phone":"0510-2834730","cell":"0171-3392669","id":{"name":"SVNR","value":"47 160198 H 413"},"picture":{"large":"https://randomuser.me/api/portraits/men/12.jpg","medium":"https://randomuser.me/api/portraits/med/men/12.jpg","thumbnail":"https://randomuser.me/api/portraits/thumb/men/12.jpg"},"nat":"DE"}],"info":{"seed":"4a29b9922709db9b","results":1,"page":1,"version":"1.4"}} 
 </msg>
<msg time="2024-07-20T22:14:21.578516" level="INFO">/opt/hostedtoolcache/Python/3.12.4/x64/lib/python3.12/site-packages/urllib3/connectionpool.py:1099: InsecureRequestWarning: Unverified HTTPS request is being made to host 'randomuser.me'. Adding certificate verification is strongly advised. See: https://urllib3.readthedocs.io/en/latest/advanced-usage.html#tls-warnings
  warnings.warn(</msg>
<msg time="2024-07-20T22:14:21.578637" level="INFO">${response} = &lt;Response [200]&gt;</msg>
<var>${response}</var>
<arg>consultarAPI</arg>
<arg>/api</arg>
<doc>Sends a GET request on a previously created HTTP Session.</doc>
<status status="PASS" start="2024-07-20T22:14:21.472120" elapsed="0.106560"/>
</kw>
<kw name="Set Variable" owner="BuiltIn">
<msg time="2024-07-20T22:14:21.579598" level="INFO">${json_data} = {'results': [{'gender': 'male', 'name': {'title': 'Mr', 'first': 'Karl-Dieter', 'last': 'Haustein'}, 'location': {'street': {'number': 197, 'name': 'Rosenweg'}, 'city': 'Oelsnitz/Vogtl.', 'state': 'Sa...</msg>
<var>${json_data}</var>
<arg>${response.json()}</arg>
<doc>Returns the given values which can then be assigned to a variables.</doc>
<status status="PASS" start="2024-07-20T22:14:21.579167" elapsed="0.000459"/>
</kw>
<kw name="Log" owner="BuiltIn">
<msg time="2024-07-20T22:14:21.580084" level="INFO">{'results': [{'gender': 'male', 'name': {'title': 'Mr', 'first': 'Karl-Dieter', 'last': 'Haustein'}, 'location': {'street': {'number': 197, 'name': 'Rosenweg'}, 'city': 'Oelsnitz/Vogtl.', 'state': 'Sachsen-Anhalt', 'country': 'Germany', 'postcode': 98663, 'coordinates': {'latitude': '-48.9033', 'longitude': '-66.9277'}, 'timezone': {'offset': '+5:00', 'description': 'Ekaterinburg, Islamabad, Karachi, Tashkent'}}, 'email': 'karl-dieter.haustein@example.com', 'login': {'uuid': '94a0cadf-9456-4cb2-a0dd-bf018304e56c', 'username': 'ticklishsnake766', 'password': '1987', 'salt': 'JpvBXTj5', 'md5': 'a064a613357571bca97e09e21b19bb4d', 'sha1': '0214c51ab4b608dc4d55293e3122470760930e84', 'sha256': '2052f6b57631927b7f159512653724e3cfdbf4942a05b22948f7e0784626dcbb'}, 'dob': {'date': '1998-01-16T20:38:01.139Z', 'age': 26}, 'registered': {'date': '2002-07-08T02:51:39.095Z', 'age': 22}, 'phone': '0510-2834730', 'cell': '0171-3392669', 'id': {'name': 'SVNR', 'value': '47 160198 H 413'}, 'picture': {'large': 'https://randomuser.me/api/portraits/men/12.jpg', 'medium': 'https://randomuser.me/api/portraits/med/men/12.jpg', 'thumbnail': 'https://randomuser.me/api/portraits/thumb/men/12.jpg'}, 'nat': 'DE'}], 'info': {'seed': '4a29b9922709db9b', 'results': 1, 'page': 1, 'version': '1.4'}}</msg>
<arg>${json_data}</arg>
<doc>Logs the given message with the given level.</doc>
<status status="PASS" start="2024-07-20T22:14:21.579926" elapsed="0.000207"/>
</kw>
<kw name="Dictionary Should Contain Key" owner="Collections">
<arg>${json_data}</arg>
<arg>results</arg>
<doc>Fails if ``key`` is not found from ``dictionary``.</doc>
<status status="PASS" start="2024-07-20T22:14:21.580418" elapsed="0.000154"/>
</kw>
<kw name="Should Not Be Empty" owner="BuiltIn">
<msg time="2024-07-20T22:14:21.580882" level="INFO">Length is 2.</msg>
<arg>${json_data}</arg>
<doc>Verifies that the given item is not empty.</doc>
<status status="PASS" start="2024-07-20T22:14:21.580753" elapsed="0.000166"/>
</kw>
<kw name="Create List" owner="BuiltIn">
<msg time="2024-07-20T22:14:21.581343" level="INFO">${expected_keys} = ['gender', 'name', 'location', 'email', 'login']</msg>
<var>${expected_keys}</var>
<arg>gender</arg>
<arg>name</arg>
<arg>location</arg>
<arg>email</arg>
<arg>login</arg>
<doc>Returns a list containing given items.</doc>
<status status="PASS" start="2024-07-20T22:14:21.581196" elapsed="0.000170"/>
</kw>
<for flavor="IN">
<iter>
<kw name="Dictionary Should Contain Key" owner="Collections">
<arg>${json_data['results'][0]}</arg>
<arg>${key}</arg>
<doc>Fails if ``key`` is not found from ``dictionary``.</doc>
<status status="PASS" start="2024-07-20T22:14:21.581926" elapsed="0.000401"/>
</kw>
<kw name="Log" owner="BuiltIn">
<msg time="2024-07-20T22:14:21.582858" level="INFO">{'gender': 'male', 'name': {'title': 'Mr', 'first': 'Karl-Dieter', 'last': 'Haustein'}, 'location': {'street': {'number': 197, 'name': 'Rosenweg'}, 'city': 'Oelsnitz/Vogtl.', 'state': 'Sachsen-Anhalt', 'country': 'Germany', 'postcode': 98663, 'coordinates': {'latitude': '-48.9033', 'longitude': '-66.9277'}, 'timezone': {'offset': '+5:00', 'description': 'Ekaterinburg, Islamabad, Karachi, Tashkent'}}, 'email': 'karl-dieter.haustein@example.com', 'login': {'uuid': '94a0cadf-9456-4cb2-a0dd-bf018304e56c', 'username': 'ticklishsnake766', 'password': '1987', 'salt': 'JpvBXTj5', 'md5': 'a064a613357571bca97e09e21b19bb4d', 'sha1': '0214c51ab4b608dc4d55293e3122470760930e84', 'sha256': '2052f6b57631927b7f159512653724e3cfdbf4942a05b22948f7e0784626dcbb'}, 'dob': {'date': '1998-01-16T20:38:01.139Z', 'age': 26}, 'registered': {'date': '2002-07-08T02:51:39.095Z', 'age': 22}, 'phone': '0510-2834730', 'cell': '0171-3392669', 'id': {'name': 'SVNR', 'value': '47 160198 H 413'}, 'picture': {'large': 'https://randomuser.me/api/portraits/men/12.jpg', 'medium': 'https://randomuser.me/api/portraits/med/men/12.jpg', 'thumbnail': 'https://randomuser.me/api/portraits/thumb/men/12.jpg'}, 'nat': 'DE'}</msg>
<arg>${json_data['results'][0]}</arg>
<doc>Logs the given message with the given level.</doc>
<status status="PASS" start="2024-07-20T22:14:21.582510" elapsed="0.000398"/>
</kw>
<kw name="Log" owner="BuiltIn">
<msg time="2024-07-20T22:14:21.583360" level="INFO">gender</msg>
<arg>${key}</arg>
<doc>Logs the given message with the given level.</doc>
<status status="PASS" start="2024-07-20T22:14:21.583233" elapsed="0.000166"/>
</kw>
<var name="${key}">gender</var>
<status status="PASS" start="2024-07-20T22:14:21.581803" elapsed="0.001807"/>
</iter>
<iter>
<kw name="Dictionary Should Contain Key" owner="Collections">
<arg>${json_data['results'][0]}</arg>
<arg>${key}</arg>
<doc>Fails if ``key`` is not found from ``dictionary``.</doc>
<status status="PASS" start="2024-07-20T22:14:21.583900" elapsed="0.000387"/>
</kw>
<kw name="Log" owner="BuiltIn">
<msg time="2024-07-20T22:14:21.584857" level="INFO">{'gender': 'male', 'name': {'title': 'Mr', 'first': 'Karl-Dieter', 'last': 'Haustein'}, 'location': {'street': {'number': 197, 'name': 'Rosenweg'}, 'city': 'Oelsnitz/Vogtl.', 'state': 'Sachsen-Anhalt', 'country': 'Germany', 'postcode': 98663, 'coordinates': {'latitude': '-48.9033', 'longitude': '-66.9277'}, 'timezone': {'offset': '+5:00', 'description': 'Ekaterinburg, Islamabad, Karachi, Tashkent'}}, 'email': 'karl-dieter.haustein@example.com', 'login': {'uuid': '94a0cadf-9456-4cb2-a0dd-bf018304e56c', 'username': 'ticklishsnake766', 'password': '1987', 'salt': 'JpvBXTj5', 'md5': 'a064a613357571bca97e09e21b19bb4d', 'sha1': '0214c51ab4b608dc4d55293e3122470760930e84', 'sha256': '2052f6b57631927b7f159512653724e3cfdbf4942a05b22948f7e0784626dcbb'}, 'dob': {'date': '1998-01-16T20:38:01.139Z', 'age': 26}, 'registered': {'date': '2002-07-08T02:51:39.095Z', 'age': 22}, 'phone': '0510-2834730', 'cell': '0171-3392669', 'id': {'name': 'SVNR', 'value': '47 160198 H 413'}, 'picture': {'large': 'https://randomuser.me/api/portraits/men/12.jpg', 'medium': 'https://randomuser.me/api/portraits/med/men/12.jpg', 'thumbnail': 'https://randomuser.me/api/portraits/thumb/men/12.jpg'}, 'nat': 'DE'}</msg>
<arg>${json_data['results'][0]}</arg>
<doc>Logs the given message with the given level.</doc>
<status status="PASS" start="2024-07-20T22:14:21.584498" elapsed="0.000407"/>
</kw>
<kw name="Log" owner="BuiltIn">
<msg time="2024-07-20T22:14:21.585325" level="INFO">name</msg>
<arg>${key}</arg>
<doc>Logs the given message with the given level.</doc>
<status status="PASS" start="2024-07-20T22:14:21.585201" elapsed="0.000161"/>
</kw>
<var name="${key}">name</var>
<status status="PASS" start="2024-07-20T22:14:21.583789" elapsed="0.001785"/>
</iter>
<iter>
<kw name="Dictionary Should Contain Key" owner="Collections">
<arg>${json_data['results'][0]}</arg>
<arg>${key}</arg>
<doc>Fails if ``key`` is not found from ``dictionary``.</doc>
<status status="PASS" start="2024-07-20T22:14:21.585852" elapsed="0.000376"/>
</kw>
<kw name="Log" owner="BuiltIn">
<msg time="2024-07-20T22:14:21.586761" level="INFO">{'gender': 'male', 'name': {'title': 'Mr', 'first': 'Karl-Dieter', 'last': 'Haustein'}, 'location': {'street': {'number': 197, 'name': 'Rosenweg'}, 'city': 'Oelsnitz/Vogtl.', 'state': 'Sachsen-Anhalt', 'country': 'Germany', 'postcode': 98663, 'coordinates': {'latitude': '-48.9033', 'longitude': '-66.9277'}, 'timezone': {'offset': '+5:00', 'description': 'Ekaterinburg, Islamabad, Karachi, Tashkent'}}, 'email': 'karl-dieter.haustein@example.com', 'login': {'uuid': '94a0cadf-9456-4cb2-a0dd-bf018304e56c', 'username': 'ticklishsnake766', 'password': '1987', 'salt': 'JpvBXTj5', 'md5': 'a064a613357571bca97e09e21b19bb4d', 'sha1': '0214c51ab4b608dc4d55293e3122470760930e84', 'sha256': '2052f6b57631927b7f159512653724e3cfdbf4942a05b22948f7e0784626dcbb'}, 'dob': {'date': '1998-01-16T20:38:01.139Z', 'age': 26}, 'registered': {'date': '2002-07-08T02:51:39.095Z', 'age': 22}, 'phone': '0510-2834730', 'cell': '0171-3392669', 'id': {'name': 'SVNR', 'value': '47 160198 H 413'}, 'picture': {'large': 'https://randomuser.me/api/portraits/men/12.jpg', 'medium': 'https://randomuser.me/api/portraits/med/men/12.jpg', 'thumbnail': 'https://randomuser.me/api/portraits/thumb/men/12.jpg'}, 'nat': 'DE'}</msg>
<arg>${json_data['results'][0]}</arg>
<doc>Logs the given message with the given level.</doc>
<status status="PASS" start="2024-07-20T22:14:21.586414" elapsed="0.000393"/>
</kw>
<kw name="Log" owner="BuiltIn">
<msg time="2024-07-20T22:14:21.587280" level="INFO">location</msg>
<arg>${key}</arg>
<doc>Logs the given message with the given level.</doc>
<status status="PASS" start="2024-07-20T22:14:21.587147" elapsed="0.000171"/>
</kw>
<var name="${key}">location</var>
<status status="PASS" start="2024-07-20T22:14:21.585746" elapsed="0.001787"/>
</iter>
<iter>
<kw name="Dictionary Should Contain Key" owner="Collections">
<arg>${json_data['results'][0]}</arg>
<arg>${key}</arg>
<doc>Fails if ``key`` is not found from ``dictionary``.</doc>
<status status="PASS" start="2024-07-20T22:14:21.587809" elapsed="0.000383"/>
</kw>
<kw name="Log" owner="BuiltIn">
<msg time="2024-07-20T22:14:21.588837" level="INFO">{'gender': 'male', 'name': {'title': 'Mr', 'first': 'Karl-Dieter', 'last': 'Haustein'}, 'location': {'street': {'number': 197, 'name': 'Rosenweg'}, 'city': 'Oelsnitz/Vogtl.', 'state': 'Sachsen-Anhalt', 'country': 'Germany', 'postcode': 98663, 'coordinates': {'latitude': '-48.9033', 'longitude': '-66.9277'}, 'timezone': {'offset': '+5:00', 'description': 'Ekaterinburg, Islamabad, Karachi, Tashkent'}}, 'email': 'karl-dieter.haustein@example.com', 'login': {'uuid': '94a0cadf-9456-4cb2-a0dd-bf018304e56c', 'username': 'ticklishsnake766', 'password': '1987', 'salt': 'JpvBXTj5', 'md5': 'a064a613357571bca97e09e21b19bb4d', 'sha1': '0214c51ab4b608dc4d55293e3122470760930e84', 'sha256': '2052f6b57631927b7f159512653724e3cfdbf4942a05b22948f7e0784626dcbb'}, 'dob': {'date': '1998-01-16T20:38:01.139Z', 'age': 26}, 'registered': {'date': '2002-07-08T02:51:39.095Z', 'age': 22}, 'phone': '0510-2834730', 'cell': '0171-3392669', 'id': {'name': 'SVNR', 'value': '47 160198 H 413'}, 'picture': {'large': 'https://randomuser.me/api/portraits/men/12.jpg', 'medium': 'https://randomuser.me/api/portraits/med/men/12.jpg', 'thumbnail': 'https://randomuser.me/api/portraits/thumb/men/12.jpg'}, 'nat': 'DE'}</msg>
<arg>${json_data['results'][0]}</arg>
<doc>Logs the given message with the given level.</doc>
<status status="PASS" start="2024-07-20T22:14:21.588486" elapsed="0.000399"/>
</kw>
<kw name="Log" owner="BuiltIn">
<msg time="2024-07-20T22:14:21.589308" level="INFO">email</msg>
<arg>${key}</arg>
<doc>Logs the given message with the given level.</doc>
<status status="PASS" start="2024-07-20T22:14:21.589180" elapsed="0.000166"/>
</kw>
<var name="${key}">email</var>
<status status="PASS" start="2024-07-20T22:14:21.587703" elapsed="0.001855"/>
</iter>
<iter>
<kw name="Dictionary Should Contain Key" owner="Collections">
<arg>${json_data['results'][0]}</arg>
<arg>${key}</arg>
<doc>Fails if ``key`` is not found from ``dictionary``.</doc>
<status status="PASS" start="2024-07-20T22:14:21.589836" elapsed="0.000371"/>
</kw>
<kw name="Log" owner="BuiltIn">
<msg time="2024-07-20T22:14:21.590732" level="INFO">{'gender': 'male', 'name': {'title': 'Mr', 'first': 'Karl-Dieter', 'last': 'Haustein'}, 'location': {'street': {'number': 197, 'name': 'Rosenweg'}, 'city': 'Oelsnitz/Vogtl.', 'state': 'Sachsen-Anhalt', 'country': 'Germany', 'postcode': 98663, 'coordinates': {'latitude': '-48.9033', 'longitude': '-66.9277'}, 'timezone': {'offset': '+5:00', 'description': 'Ekaterinburg, Islamabad, Karachi, Tashkent'}}, 'email': 'karl-dieter.haustein@example.com', 'login': {'uuid': '94a0cadf-9456-4cb2-a0dd-bf018304e56c', 'username': 'ticklishsnake766', 'password': '1987', 'salt': 'JpvBXTj5', 'md5': 'a064a613357571bca97e09e21b19bb4d', 'sha1': '0214c51ab4b608dc4d55293e3122470760930e84', 'sha256': '2052f6b57631927b7f159512653724e3cfdbf4942a05b22948f7e0784626dcbb'}, 'dob': {'date': '1998-01-16T20:38:01.139Z', 'age': 26}, 'registered': {'date': '2002-07-08T02:51:39.095Z', 'age': 22}, 'phone': '0510-2834730', 'cell': '0171-3392669', 'id': {'name': 'SVNR', 'value': '47 160198 H 413'}, 'picture': {'large': 'https://randomuser.me/api/portraits/men/12.jpg', 'medium': 'https://randomuser.me/api/portraits/med/men/12.jpg', 'thumbnail': 'https://randomuser.me/api/portraits/thumb/men/12.jpg'}, 'nat': 'DE'}</msg>
<arg>${json_data['results'][0]}</arg>
<doc>Logs the given message with the given level.</doc>
<status status="PASS" start="2024-07-20T22:14:21.590385" elapsed="0.000395"/>
</kw>
<kw name="Log" owner="BuiltIn">
<msg time="2024-07-20T22:14:21.591222" level="INFO">login</msg>
<arg>${key}</arg>
<doc>Logs the given message with the given level.</doc>
<status status="PASS" start="2024-07-20T22:14:21.591092" elapsed="0.000175"/>
</kw>
<var name="${key}">login</var>
<status status="PASS" start="2024-07-20T22:14:21.589729" elapsed="0.001752"/>
</iter>
<var>${key}</var>
<value>@{expected_keys}</value>
<status status="PASS" start="2024-07-20T22:14:21.581623" elapsed="0.010002"/>
</for>
<kw name="Create List" owner="BuiltIn">
<msg time="2024-07-20T22:14:21.591950" level="INFO">${expected_keysTwo} = ['username', 'password']</msg>
<var>${expected_keysTwo}</var>
<arg>username</arg>
<arg>password</arg>
<doc>Returns a list containing given items.</doc>
<status status="PASS" start="2024-07-20T22:14:21.591816" elapsed="0.000158"/>
</kw>
<for flavor="IN">
<iter>
<kw name="Dictionary Should Contain Key" owner="Collections">
<arg>${json_data['results'][0]['login']}</arg>
<arg>${keyTwo}</arg>
<doc>Fails if ``key`` is not found from ``dictionary``.</doc>
<status status="PASS" start="2024-07-20T22:14:21.592463" elapsed="0.000382"/>
</kw>
<kw name="Dictionary Should Contain Key" owner="Collections">
<arg>${json_data['results'][0]['login']}</arg>
<arg>${keyTwo}</arg>
<doc>Fails if ``key`` is not found from ``dictionary``.</doc>
<status status="PASS" start="2024-07-20T22:14:21.593022" elapsed="0.000368"/>
</kw>
<kw name="Log" owner="BuiltIn">
<msg time="2024-07-20T22:14:21.593682" level="INFO">username</msg>
<arg>${keyTwo}</arg>
<doc>Logs the given message with the given level.</doc>
<status status="PASS" start="2024-07-20T22:14:21.593564" elapsed="0.000155"/>
</kw>
<var name="${keyTwo}">username</var>
<status status="PASS" start="2024-07-20T22:14:21.592359" elapsed="0.001574"/>
</iter>
<iter>
<kw name="Dictionary Should Contain Key" owner="Collections">
<arg>${json_data['results'][0]['login']}</arg>
<arg>${keyTwo}</arg>
<doc>Fails if ``key`` is not found from ``dictionary``.</doc>
<status status="PASS" start="2024-07-20T22:14:21.594211" elapsed="0.000374"/>
</kw>
<kw name="Dictionary Should Contain Key" owner="Collections">
<arg>${json_data['results'][0]['login']}</arg>
<arg>${keyTwo}</arg>
<doc>Fails if ``key`` is not found from ``dictionary``.</doc>
<status status="PASS" start="2024-07-20T22:14:21.594760" elapsed="0.000434"/>
</kw>
<kw name="Log" owner="BuiltIn">
<msg time="2024-07-20T22:14:21.595509" level="INFO">password</msg>
<arg>${keyTwo}</arg>
<doc>Logs the given message with the given level.</doc>
<status status="PASS" start="2024-07-20T22:14:21.595380" elapsed="0.000167"/>
</kw>
<var name="${keyTwo}">password</var>
<status status="PASS" start="2024-07-20T22:14:21.594101" elapsed="0.001666"/>
</iter>
<var>${keyTwo}</var>
<value>@{expected_keysTwo}</value>
<status status="PASS" start="2024-07-20T22:14:21.592210" elapsed="0.003676"/>
</for>
<status status="PASS" start="2024-07-20T22:14:21.471883" elapsed="0.124138"/>
</kw>
<doc>Testa a estrutura da resposta da API.</doc>
<tag>testeEstruturaResposta</tag>
<status status="PASS" start="2024-07-20T22:14:21.471386" elapsed="0.124779"/>
</test>
<test id="s1-s1-t4" name="Validar tipos de dados" line="28">
<kw name="Teste de Tipos de Dados" owner="random-user-service">
<kw name="GET On Session" owner="RequestsLibrary">
<msg time="2024-07-20T22:14:21.688983" level="INFO">GET Request : url=https://randomuser.me/api 
 path_url=/api 
 headers={'User-Agent': 'python-requests/2.32.3', 'Accept-Encoding': 'gzip, deflate', 'Accept': '*/*', 'Connection': 'keep-alive'} 
 body=None 
 </msg>
<msg time="2024-07-20T22:14:21.689057" level="INFO">GET Response : url=https://randomuser.me/api 
 status=200, reason=OK 
 headers={'Date': 'Sat, 20 Jul 2024 22:14:21 GMT', 'Content-Type': 'application/json; charset=utf-8', 'Transfer-Encoding': 'chunked', 'Connection': 'keep-alive', 'X-Powered-By': 'Express', 'Access-Control-Allow-Origin': '*', 'Cache-Control': 'no-cache', 'ETag': 'W/"48e-BhWVaIXsAW2ErnJ8qMF35le8c+U"', 'Vary': 'Accept-Encoding', 'Content-Encoding': 'gzip', 'CF-Cache-Status': 'DYNAMIC', 'Report-To': '{"endpoints":[{"url":"https:\\/\\/a.nel.cloudflare.com\\/report\\/v4?s=tnHmlLTZ5B4qAEEsnzdmVPJS3qJ949nDZuOevXhWbBsSfxjEwZL3Z%2B4afbL79DGIP9KMUuWYozuIzO0F2QmjBN9i0rYmYa10%2FrGVq9NG%2BaaNRGD1k93P5ItZJPm7IcED"}],"group":"cf-nel","max_age":604800}', 'NEL': '{"success_fraction":0,"report_to":"cf-nel","max_age":604800}', 'Server': 'cloudflare', 'CF-RAY': '8a664dc118b6eaac-DFW', 'alt-svc': 'h3=":443"; ma=86400'} 
 body={"results":[{"gender":"female","name":{"title":"Miss","first":"Hannah","last":"Miller"},"location":{"street":{"number":4667,"name":"West Ave"},"city":"Lumsden","state":"Québec","country":"Canada","postcode":"O4G 6L2","coordinates":{"latitude":"-64.8938","longitude":"59.8413"},"timezone":{"offset":"-3:00","description":"Brazil, Buenos Aires, Georgetown"}},"email":"hannah.miller@example.com","login":{"uuid":"8a357f8c-e05b-4f0e-9f29-5395c0c86e0e","username":"organicgoose317","password":"belle","salt":"dwQ7a4L9","md5":"19a7ed1b769486ab20b94af5f7664666","sha1":"d78a1f0ef5515e95d31d9af804d0e78f9ec019e2","sha256":"2d6e5b1ebbe51d18dd97badc22b8fe9400b6ec63cdf66c58aca431276bd01533"},"dob":{"date":"1977-09-20T06:34:47.389Z","age":46},"registered":{"date":"2009-04-16T18:03:41.544Z","age":15},"phone":"B75 K90-8645","cell":"J82 C59-2463","id":{"name":"SIN","value":"100103019"},"picture":{"large":"https://randomuser.me/api/portraits/women/76.jpg","medium":"https://randomuser.me/api/portraits/med/women/76.jpg","thumbnail":"https://randomuser.me/api/portraits/thumb/women/76.jpg"},"nat":"CA"}],"info":{"seed":"2a3d1f5a856ef083","results":1,"page":1,"version":"1.4"}} 
 </msg>
<msg time="2024-07-20T22:14:21.689123" level="INFO">/opt/hostedtoolcache/Python/3.12.4/x64/lib/python3.12/site-packages/urllib3/connectionpool.py:1099: InsecureRequestWarning: Unverified HTTPS request is being made to host 'randomuser.me'. Adding certificate verification is strongly advised. See: https://urllib3.readthedocs.io/en/latest/advanced-usage.html#tls-warnings
  warnings.warn(</msg>
<msg time="2024-07-20T22:14:21.689211" level="INFO">${response} = &lt;Response [200]&gt;</msg>
<var>${response}</var>
<arg>consultarAPI</arg>
<arg>/api</arg>
<doc>Sends a GET request on a previously created HTTP Session.</doc>
<status status="PASS" start="2024-07-20T22:14:21.598566" elapsed="0.090675"/>
</kw>
<kw name="Set Variable" owner="BuiltIn">
<msg time="2024-07-20T22:14:21.690075" level="INFO">${json_data} = {'results': [{'gender': 'female', 'name': {'title': 'Miss', 'first': 'Hannah', 'last': 'Miller'}, 'location': {'street': {'number': 4667, 'name': 'West Ave'}, 'city': 'Lumsden', 'state': 'Québec', 'co...</msg>
<var>${json_data}</var>
<arg>${response.json()}</arg>
<doc>Returns the given values which can then be assigned to a variables.</doc>
<status status="PASS" start="2024-07-20T22:14:21.689615" elapsed="0.000488"/>
</kw>
<kw name="Log" owner="BuiltIn">
<msg time="2024-07-20T22:14:21.690556" level="INFO">{'results': [{'gender': 'female', 'name': {'title': 'Miss', 'first': 'Hannah', 'last': 'Miller'}, 'location': {'street': {'number': 4667, 'name': 'West Ave'}, 'city': 'Lumsden', 'state': 'Québec', 'country': 'Canada', 'postcode': 'O4G 6L2', 'coordinates': {'latitude': '-64.8938', 'longitude': '59.8413'}, 'timezone': {'offset': '-3:00', 'description': 'Brazil, Buenos Aires, Georgetown'}}, 'email': 'hannah.miller@example.com', 'login': {'uuid': '8a357f8c-e05b-4f0e-9f29-5395c0c86e0e', 'username': 'organicgoose317', 'password': 'belle', 'salt': 'dwQ7a4L9', 'md5': '19a7ed1b769486ab20b94af5f7664666', 'sha1': 'd78a1f0ef5515e95d31d9af804d0e78f9ec019e2', 'sha256': '2d6e5b1ebbe51d18dd97badc22b8fe9400b6ec63cdf66c58aca431276bd01533'}, 'dob': {'date': '1977-09-20T06:34:47.389Z', 'age': 46}, 'registered': {'date': '2009-04-16T18:03:41.544Z', 'age': 15}, 'phone': 'B75 K90-8645', 'cell': 'J82 C59-2463', 'id': {'name': 'SIN', 'value': '100103019'}, 'picture': {'large': 'https://randomuser.me/api/portraits/women/76.jpg', 'medium': 'https://randomuser.me/api/portraits/med/women/76.jpg', 'thumbnail': 'https://randomuser.me/api/portraits/thumb/women/76.jpg'}, 'nat': 'CA'}], 'info': {'seed': '2a3d1f5a856ef083', 'results': 1, 'page': 1, 'version': '1.4'}}</msg>
<arg>${json_data}</arg>
<doc>Logs the given message with the given level.</doc>
<status status="PASS" start="2024-07-20T22:14:21.690404" elapsed="0.000202"/>
</kw>
<kw name="Should Be String" owner="String">
<arg>${json_data['results'][0]['gender']}</arg>
<doc>Fails if the given ``item`` is not a string.</doc>
<status status="PASS" start="2024-07-20T22:14:21.690894" elapsed="0.000442"/>
</kw>
<kw name="Should Match Regexp" owner="BuiltIn">
<arg>${json_data['results'][0]['email']}</arg>
<arg>^[a-zA-Z0-9._%+-]+@[a-zA-Z0-9.-]+\.[a-zA-Z]{2,}$</arg>
<doc>Fails if ``string`` does not match ``pattern`` as a regular expression.</doc>
<status status="PASS" start="2024-07-20T22:14:21.691527" elapsed="0.000504"/>
</kw>
<kw name="Should Match Regexp" owner="BuiltIn">
<arg>${json_data['results'][0]['dob']['date']}</arg>
<arg>\\d{4}-\\d{2}-\\d{2}T\\d{2}:\\d{2}:\\d{2}\\.\\d{3}Z</arg>
<doc>Fails if ``string`` does not match ``pattern`` as a regular expression.</doc>
<status status="PASS" start="2024-07-20T22:14:21.692223" elapsed="0.000626"/>
</kw>
<kw name="Should Match Regexp" owner="BuiltIn">
<arg>${json_data['results'][0]['registered']['date']}</arg>
<arg>\\d{4}-\\d{2}-\\d{2}T\\d{2}:\\d{2}:\\d{2}\\.\\d{3}Z</arg>
<doc>Fails if ``string`` does not match ``pattern`` as a regular expression.</doc>
<status status="PASS" start="2024-07-20T22:14:21.693041" elapsed="0.000371"/>
</kw>
<kw name="Should Match Regexp" owner="BuiltIn">
<arg>${json_data['results'][0]['picture']['large']}</arg>
<arg>^https?://.*\.(?:png|jpe?g|gif|bmp)$</arg>
<doc>Fails if ``string`` does not match ``pattern`` as a regular expression.</doc>
<status status="PASS" start="2024-07-20T22:14:21.693597" elapsed="0.000463"/>
</kw>
<kw name="Should Match Regexp" owner="BuiltIn">
<arg>${json_data['results'][0]['picture']['medium']}</arg>
<arg>^https?://.*\.(?:png|jpe?g|gif|bmp)$</arg>
<doc>Fails if ``string`` does not match ``pattern`` as a regular expression.</doc>
<status status="PASS" start="2024-07-20T22:14:21.694248" elapsed="0.000352"/>
</kw>
<kw name="Should Match Regexp" owner="BuiltIn">
<arg>${json_data['results'][0]['picture']['thumbnail']}</arg>
<arg>^https?://.*\.(?:png|jpe?g|gif|bmp)$</arg>
<doc>Fails if ``string`` does not match ``pattern`` as a regular expression.</doc>
<status status="PASS" start="2024-07-20T22:14:21.694783" elapsed="0.000387"/>
</kw>
<kw name="Log" owner="BuiltIn">
<msg time="2024-07-20T22:14:21.695673" level="INFO">{'large': 'https://randomuser.me/api/portraits/women/76.jpg', 'medium': 'https://randomuser.me/api/portraits/med/women/76.jpg', 'thumbnail': 'https://randomuser.me/api/portraits/thumb/women/76.jpg'}</msg>
<arg>${json_data['results'][0]['picture']}</arg>
<doc>Logs the given message with the given level.</doc>
<status status="PASS" start="2024-07-20T22:14:21.695350" elapsed="0.000365"/>
</kw>
<status status="PASS" start="2024-07-20T22:14:21.598352" elapsed="0.097617"/>
</kw>
<kw name="Teste de Tipos de Dados - Postcode" owner="random-user-service">
<kw name="GET On Session" owner="RequestsLibrary">
<msg time="2024-07-20T22:14:21.779733" level="INFO">GET Request : url=https://randomuser.me/api 
 path_url=/api 
 headers={'User-Agent': 'python-requests/2.32.3', 'Accept-Encoding': 'gzip, deflate', 'Accept': '*/*', 'Connection': 'keep-alive'} 
 body=None 
 </msg>
<msg time="2024-07-20T22:14:21.779816" level="INFO">GET Response : url=https://randomuser.me/api 
 status=200, reason=OK 
 headers={'Date': 'Sat, 20 Jul 2024 22:14:21 GMT', 'Content-Type': 'application/json; charset=utf-8', 'Transfer-Encoding': 'chunked', 'Connection': 'keep-alive', 'X-Powered-By': 'Express', 'Access-Control-Allow-Origin': '*', 'Cache-Control': 'no-cache', 'ETag': 'W/"488-PG7anpghE7D8QbcMvs/Qghfo9WY"', 'Vary': 'Accept-Encoding', 'Content-Encoding': 'gzip', 'CF-Cache-Status': 'DYNAMIC', 'Report-To': '{"endpoints":[{"url":"https:\\/\\/a.nel.cloudflare.com\\/report\\/v4?s=kLzzcSP09XzBxPpeay63ZvPFNHoRof1YB9o1JqPHLp4jpuxsF5SL0%2BX4NINciArHaJrlZf7eZLBKTRVF84XGdEToisRHNIfTJIZeqFlDJL0zsOqUYh0bYQJE0FtxwDhw"}],"group":"cf-nel","max_age":604800}', 'NEL': '{"success_fraction":0,"report_to":"cf-nel","max_age":604800}', 'Server': 'cloudflare', 'CF-RAY': '8a664dc1b980eaac-DFW', 'alt-svc': 'h3=":443"; ma=86400'} 
 body={"results":[{"gender":"female","name":{"title":"Ms","first":"Mariamna","last":"Vakulenko"},"location":{"street":{"number":8342,"name":"Bandrivskogo"},"city":"Prip'yat","state":"Donecka","country":"Ukraine","postcode":24556,"coordinates":{"latitude":"74.9610","longitude":"54.8993"},"timezone":{"offset":"+2:00","description":"Kaliningrad, South Africa"}},"email":"mariamna.vakulenko@example.com","login":{"uuid":"81c8d0b2-2c2c-445e-a1d0-f2ae263c2fb9","username":"angryzebra258","password":"street","salt":"ViWqt56e","md5":"25c08dd23f67893b035dc340fad27e0a","sha1":"03c2c12c3af9f7cefeab04feb7b11580e9b023ed","sha256":"f13470b9fa21d6583f054c331242042ec7dcc26a8bd2693545f03e92c3284d31"},"dob":{"date":"1980-05-02T15:27:42.234Z","age":44},"registered":{"date":"2020-02-08T16:44:59.270Z","age":4},"phone":"(068) F71-9758","cell":"(098) U74-7296","id":{"name":"","value":null},"picture":{"large":"https://randomuser.me/api/portraits/women/12.jpg","medium":"https://randomuser.me/api/portraits/med/women/12.jpg","thumbnail":"https://randomuser.me/api/portraits/thumb/women/12.jpg"},"nat":"UA"}],"info":{"seed":"437147c67edb2f9e","results":1,"page":1,"version":"1.4"}} 
 </msg>
<msg time="2024-07-20T22:14:21.779887" level="INFO">/opt/hostedtoolcache/Python/3.12.4/x64/lib/python3.12/site-packages/urllib3/connectionpool.py:1099: InsecureRequestWarning: Unverified HTTPS request is being made to host 'randomuser.me'. Adding certificate verification is strongly advised. See: https://urllib3.readthedocs.io/en/latest/advanced-usage.html#tls-warnings
  warnings.warn(</msg>
<msg time="2024-07-20T22:14:21.779996" level="INFO">${response} = &lt;Response [200]&gt;</msg>
<var>${response}</var>
<arg>consultarAPI</arg>
<arg>/api</arg>
<doc>Sends a GET request on a previously created HTTP Session.</doc>
<status status="PASS" start="2024-07-20T22:14:21.696392" elapsed="0.083645"/>
</kw>
<kw name="Set Variable" owner="BuiltIn">
<msg time="2024-07-20T22:14:21.780916" level="INFO">${json_data} = {'results': [{'gender': 'female', 'name': {'title': 'Ms', 'first': 'Mariamna', 'last': 'Vakulenko'}, 'location': {'street': {'number': 8342, 'name': 'Bandrivskogo'}, 'city': "Prip'yat", 'state': 'Done...</msg>
<var>${json_data}</var>
<arg>${response.json()}</arg>
<doc>Returns the given values which can then be assigned to a variables.</doc>
<status status="PASS" start="2024-07-20T22:14:21.780482" elapsed="0.000462"/>
</kw>
<kw name="Log" owner="BuiltIn">
<msg time="2024-07-20T22:14:21.781421" level="INFO">{'results': [{'gender': 'female', 'name': {'title': 'Ms', 'first': 'Mariamna', 'last': 'Vakulenko'}, 'location': {'street': {'number': 8342, 'name': 'Bandrivskogo'}, 'city': "Prip'yat", 'state': 'Donecka', 'country': 'Ukraine', 'postcode': 24556, 'coordinates': {'latitude': '74.9610', 'longitude': '54.8993'}, 'timezone': {'offset': '+2:00', 'description': 'Kaliningrad, South Africa'}}, 'email': 'mariamna.vakulenko@example.com', 'login': {'uuid': '81c8d0b2-2c2c-445e-a1d0-f2ae263c2fb9', 'username': 'angryzebra258', 'password': 'street', 'salt': 'ViWqt56e', 'md5': '25c08dd23f67893b035dc340fad27e0a', 'sha1': '03c2c12c3af9f7cefeab04feb7b11580e9b023ed', 'sha256': 'f13470b9fa21d6583f054c331242042ec7dcc26a8bd2693545f03e92c3284d31'}, 'dob': {'date': '1980-05-02T15:27:42.234Z', 'age': 44}, 'registered': {'date': '2020-02-08T16:44:59.270Z', 'age': 4}, 'phone': '(068) F71-9758', 'cell': '(098) U74-7296', 'id': {'name': '', 'value': None}, 'picture': {'large': 'https://randomuser.me/api/portraits/women/12.jpg', 'medium': 'https://randomuser.me/api/portraits/med/women/12.jpg', 'thumbnail': 'https://randomuser.me/api/portraits/thumb/women/12.jpg'}, 'nat': 'UA'}], 'info': {'seed': '437147c67edb2f9e', 'results': 1, 'page': 1, 'version': '1.4'}}</msg>
<arg>${json_data}</arg>
<doc>Logs the given message with the given level.</doc>
<status status="PASS" start="2024-07-20T22:14:21.781246" elapsed="0.000223"/>
</kw>
<kw name="Should Be Equal As Numbers" owner="BuiltIn">
<arg>${json_data['results'][0]['location']['postcode']}</arg>
<arg>${json_data['results'][0]['location']['postcode']}</arg>
<doc>Fails if objects are unequal after converting them to real numbers.</doc>
<status status="PASS" start="2024-07-20T22:14:21.781763" elapsed="0.000605"/>
</kw>
<kw name="Log" owner="BuiltIn">
<msg time="2024-07-20T22:14:21.782931" level="INFO">24556</msg>
<arg>${json_data['results'][0]['location']['postcode']}</arg>
<doc>Logs the given message with the given level.</doc>
<status status="PASS" start="2024-07-20T22:14:21.782586" elapsed="0.000385"/>
</kw>
<status status="PASS" start="2024-07-20T22:14:21.696173" elapsed="0.087107"/>
</kw>
<doc>Testa se os tipos de dados na resposta da API estão corretos.</doc>
<tag>testeTiposDados</tag>
<status status="PASS" start="2024-07-20T22:14:21.597910" elapsed="0.185528"/>
</test>
<test id="s1-s1-t5" name="Validar conteudo" line="35">
<kw name="Teste de Tipos de Conteudo" owner="random-user-service">
<kw name="GET On Session" owner="RequestsLibrary">
<msg time="2024-07-20T22:14:21.891566" level="INFO">GET Request : url=https://randomuser.me/api 
 path_url=/api 
 headers={'User-Agent': 'python-requests/2.32.3', 'Accept-Encoding': 'gzip, deflate', 'Accept': '*/*', 'Connection': 'keep-alive'} 
 body=None 
 </msg>
<msg time="2024-07-20T22:14:21.891627" level="INFO">GET Response : url=https://randomuser.me/api 
 status=200, reason=OK 
 headers={'Date': 'Sat, 20 Jul 2024 22:14:21 GMT', 'Content-Type': 'application/json; charset=utf-8', 'Transfer-Encoding': 'chunked', 'Connection': 'keep-alive', 'X-Powered-By': 'Express', 'Access-Control-Allow-Origin': '*', 'Cache-Control': 'no-cache', 'ETag': 'W/"47e-GPUKOb6J++Gi/ReJxeBmCjDnpnI"', 'Vary': 'Accept-Encoding', 'Content-Encoding': 'gzip', 'CF-Cache-Status': 'DYNAMIC', 'Report-To': '{"endpoints":[{"url":"https:\\/\\/a.nel.cloudflare.com\\/report\\/v4?s=FWTRde2HtqrfuLx1utg5SrAwYvJmSV7rLtabils5HbN4IMKtKu%2BPIKYGIk4r5BWcaSuPfjOZxGD7iX8MisDqsaHhpUgYArO8wo6sy6Mu2P%2FPpa3UydnOQHh3e9GC4tEm"}],"group":"cf-nel","max_age":604800}', 'NEL': '{"success_fraction":0,"report_to":"cf-nel","max_age":604800}', 'Server': 'cloudflare', 'CF-RAY': '8a664dc24a1aeaac-DFW', 'alt-svc': 'h3=":443"; ma=86400'} 
 body={"results":[{"gender":"male","name":{"title":"Mr","first":"Jordan","last":"Beck"},"location":{"street":{"number":9893,"name":"E North St"},"city":"St. Louis","state":"Arkansas","country":"United States","postcode":73213,"coordinates":{"latitude":"86.8730","longitude":"-12.0700"},"timezone":{"offset":"-3:30","description":"Newfoundland"}},"email":"jordan.beck@example.com","login":{"uuid":"805f3d1b-c278-47f9-a613-ea17cc875fdb","username":"beautifulduck923","password":"getmoney","salt":"XjEIC8Kx","md5":"cb3f2c7b670f99b11fa530140da64503","sha1":"2fe926736c68b580e155f6293c58ee0438566338","sha256":"5e558f42945c5be60eefa218a478f0831229897f923026496d1460785676be0e"},"dob":{"date":"1981-03-04T13:01:55.929Z","age":43},"registered":{"date":"2003-07-03T15:51:57.989Z","age":21},"phone":"(875) 539-8760","cell":"(200) 444-6464","id":{"name":"SSN","value":"442-40-9857"},"picture":{"large":"https://randomuser.me/api/portraits/men/49.jpg","medium":"https://randomuser.me/api/portraits/med/men/49.jpg","thumbnail":"https://randomuser.me/api/portraits/thumb/men/49.jpg"},"nat":"US"}],"info":{"seed":"f52b95e08d69b3b5","results":1,"page":1,"version":"1.4"}} 
 </msg>
<msg time="2024-07-20T22:14:21.891680" level="INFO">/opt/hostedtoolcache/Python/3.12.4/x64/lib/python3.12/site-packages/urllib3/connectionpool.py:1099: InsecureRequestWarning: Unverified HTTPS request is being made to host 'randomuser.me'. Adding certificate verification is strongly advised. See: https://urllib3.readthedocs.io/en/latest/advanced-usage.html#tls-warnings
  warnings.warn(</msg>
<msg time="2024-07-20T22:14:21.891763" level="INFO">${response} = &lt;Response [200]&gt;</msg>
<var>${response}</var>
<arg>consultarAPI</arg>
<arg>/api</arg>
<doc>Sends a GET request on a previously created HTTP Session.</doc>
<status status="PASS" start="2024-07-20T22:14:21.785804" elapsed="0.105991"/>
</kw>
<kw name="Set Variable" owner="BuiltIn">
<msg time="2024-07-20T22:14:21.892592" level="INFO">${json_data} = {'results': [{'gender': 'male', 'name': {'title': 'Mr', 'first': 'Jordan', 'last': 'Beck'}, 'location': {'street': {'number': 9893, 'name': 'E North St'}, 'city': 'St. Louis', 'state': 'Arkansas', 'co...</msg>
<var>${json_data}</var>
<arg>${response.json()}</arg>
<doc>Returns the given values which can then be assigned to a variables.</doc>
<status status="PASS" start="2024-07-20T22:14:21.892155" elapsed="0.000465"/>
</kw>
<kw name="Set Variable" owner="BuiltIn">
<msg time="2024-07-20T22:14:21.893293" level="INFO">${name_title} = Mr</msg>
<var>${name_title}</var>
<arg>${json_data["results"][0]["name"]["title"]}</arg>
<doc>Returns the given values which can then be assigned to a variables.</doc>
<status status="PASS" start="2024-07-20T22:14:21.892920" elapsed="0.000399"/>
</kw>
<kw name="Create List" owner="BuiltIn">
<msg time="2024-07-20T22:14:21.893757" level="INFO">${allowed_titles} = ['Mr', 'Ms', 'Miss', 'Mrs', 'Madame', 'Monsieur']</msg>
<var>${allowed_titles}</var>
<arg>Mr</arg>
<arg>Ms</arg>
<arg>Miss</arg>
<arg>Mrs</arg>
<arg>Madame</arg>
<arg>Monsieur</arg>
<doc>Returns a list containing given items.</doc>
<status status="PASS" start="2024-07-20T22:14:21.893611" elapsed="0.000171"/>
</kw>
<kw name="List Should Contain Value" owner="Collections">
<arg>${allowed_titles}</arg>
<arg>${name_title}</arg>
<doc>Fails if the ``value`` is not found from ``list``.</doc>
<status status="PASS" start="2024-07-20T22:14:21.894071" elapsed="0.000179"/>
</kw>
<kw name="Set Variable" owner="BuiltIn">
<msg time="2024-07-20T22:14:21.894803" level="INFO">${name_country} = US</msg>
<var>${name_country}</var>
<arg>${json_data["results"][0]["nat"]}</arg>
<doc>Returns the given values which can then be assigned to a variables.</doc>
<status status="PASS" start="2024-07-20T22:14:21.894428" elapsed="0.000399"/>
</kw>
<kw name="Create List" owner="BuiltIn">
<msg time="2024-07-20T22:14:21.895755" level="INFO">${list_country} = ['AD', 'AE', 'AF', 'AG', 'AI', 'AL', 'AM', 'AO', 'AQ', 'AR', 'AS', 'AT', 'AU', 'AW', 'AX', 'AZ', 'BA', 'BB', 'BD', 'BE', 'BF', 'BG', 'BH', 'BI', 'BJ', 'BL', 'BM', 'BN', 'BO', 'BQ', 'BR', 'BS', 'BT', '...</msg>
<var>${list_country}</var>
<arg>AD</arg>
<arg>AE</arg>
<arg>AF</arg>
<arg>AG</arg>
<arg>AI</arg>
<arg>AL</arg>
<arg>AM</arg>
<arg>AO</arg>
<arg>AQ</arg>
<arg>AR</arg>
<arg>AS</arg>
<arg>AT</arg>
<arg>AU</arg>
<arg>AW</arg>
<arg>AX</arg>
<arg>AZ</arg>
<arg>BA</arg>
<arg>BB</arg>
<arg>BD</arg>
<arg>BE</arg>
<arg>BF</arg>
<arg>BG</arg>
<arg>BH</arg>
<arg>BI</arg>
<arg>BJ</arg>
<arg>BL</arg>
<arg>BM</arg>
<arg>BN</arg>
<arg>BO</arg>
<arg>BQ</arg>
<arg>BR</arg>
<arg>BS</arg>
<arg>BT</arg>
<arg>BV</arg>
<arg>BW</arg>
<arg>BY</arg>
<arg>BZ</arg>
<arg>CA</arg>
<arg>CC</arg>
<arg>CD</arg>
<arg>CF</arg>
<arg>CG</arg>
<arg>CH</arg>
<arg>CI</arg>
<arg>CK</arg>
<arg>CL</arg>
<arg>CM</arg>
<arg>CN</arg>
<arg>CO</arg>
<arg>CR</arg>
<arg>CU</arg>
<arg>CV</arg>
<arg>CW</arg>
<arg>CX</arg>
<arg>CY</arg>
<arg>CZ</arg>
<arg>DE</arg>
<arg>DJ</arg>
<arg>DK</arg>
<arg>DM</arg>
<arg>DO</arg>
<arg>DZ</arg>
<arg>EC</arg>
<arg>EE</arg>
<arg>EG</arg>
<arg>EH</arg>
<arg>ER</arg>
<arg>ES</arg>
<arg>ET</arg>
<arg>FI</arg>
<arg>FJ</arg>
<arg>FK</arg>
<arg>FM</arg>
<arg>FO</arg>
<arg>FR</arg>
<arg>GA</arg>
<arg>GB</arg>
<arg>GD</arg>
<arg>GE</arg>
<arg>GF</arg>
<arg>GG</arg>
<arg>GH</arg>
<arg>GI</arg>
<arg>GL</arg>
<arg>GM</arg>
<arg>GN</arg>
<arg>GP</arg>
<arg>GQ</arg>
<arg>GR</arg>
<arg>GS</arg>
<arg>GT</arg>
<arg>GU</arg>
<arg>GW</arg>
<arg>GY</arg>
<arg>HK</arg>
<arg>HM</arg>
<arg>HN</arg>
<arg>HR</arg>
<arg>HT</arg>
<arg>HU</arg>
<arg>ID</arg>
<arg>IE</arg>
<arg>IL</arg>
<arg>IM</arg>
<arg>IN</arg>
<arg>IO</arg>
<arg>IQ</arg>
<arg>IR</arg>
<arg>IS</arg>
<arg>IT</arg>
<arg>JE</arg>
<arg>JM</arg>
<arg>JO</arg>
<arg>JP</arg>
<arg>KE</arg>
<arg>KG</arg>
<arg>KH</arg>
<arg>KI</arg>
<arg>KM</arg>
<arg>KN</arg>
<arg>KP</arg>
<arg>KR</arg>
<arg>KW</arg>
<arg>KY</arg>
<arg>KZ</arg>
<arg>LA</arg>
<arg>LB</arg>
<arg>LC</arg>
<arg>LI</arg>
<arg>LK</arg>
<arg>LR</arg>
<arg>LS</arg>
<arg>LT</arg>
<arg>LU</arg>
<arg>LV</arg>
<arg>LY</arg>
<arg>MA</arg>
<arg>MC</arg>
<arg>MD</arg>
<arg>ME</arg>
<arg>MF</arg>
<arg>MG</arg>
<arg>MH</arg>
<arg>MK</arg>
<arg>ML</arg>
<arg>MM</arg>
<arg>MN</arg>
<arg>MO</arg>
<arg>MP</arg>
<arg>MQ</arg>
<arg>MR</arg>
<arg>MS</arg>
<arg>MT</arg>
<arg>MU</arg>
<arg>MV</arg>
<arg>MW</arg>
<arg>MX</arg>
<arg>MY</arg>
<arg>MZ</arg>
<arg>NA</arg>
<arg>NC</arg>
<arg>NE</arg>
<arg>NF</arg>
<arg>NG</arg>
<arg>NI</arg>
<arg>NL</arg>
<arg>NO</arg>
<arg>NP</arg>
<arg>NR</arg>
<arg>NU</arg>
<arg>NZ</arg>
<arg>OM</arg>
<arg>PA</arg>
<arg>PE</arg>
<arg>PF</arg>
<arg>PG</arg>
<arg>PH</arg>
<arg>PK</arg>
<arg>PL</arg>
<arg>PM</arg>
<arg>PN</arg>
<arg>PR</arg>
<arg>PS</arg>
<arg>PT</arg>
<arg>PW</arg>
<arg>PY</arg>
<arg>QA</arg>
<arg>RE</arg>
<arg>RO</arg>
<arg>RS</arg>
<arg>RU</arg>
<arg>RW</arg>
<arg>SA</arg>
<arg>SB</arg>
<arg>SC</arg>
<arg>SD</arg>
<arg>SE</arg>
<arg>SG</arg>
<arg>SH</arg>
<arg>SI</arg>
<arg>SJ</arg>
<arg>SK</arg>
<arg>SL</arg>
<arg>SM</arg>
<arg>SN</arg>
<arg>SO</arg>
<arg>SR</arg>
<arg>SS</arg>
<arg>ST</arg>
<arg>SV</arg>
<arg>SX</arg>
<arg>SY</arg>
<arg>SZ</arg>
<arg>TC</arg>
<arg>TD</arg>
<arg>TF</arg>
<arg>TG</arg>
<arg>TH</arg>
<arg>TJ</arg>
<arg>TK</arg>
<arg>TL</arg>
<arg>TM</arg>
<arg>TN</arg>
<arg>TO</arg>
<arg>TR</arg>
<arg>TT</arg>
<arg>TV</arg>
<arg>TW</arg>
<arg>TZ</arg>
<arg>UA</arg>
<arg>UG</arg>
<arg>UM</arg>
<arg>US</arg>
<arg>UY</arg>
<arg>UZ</arg>
<arg>VA</arg>
<arg>VC</arg>
<arg>VE</arg>
<arg>VG</arg>
<arg>VI</arg>
<arg>VN</arg>
<arg>VU</arg>
<arg>WF</arg>
<arg>WS</arg>
<arg>XK</arg>
<arg>YE</arg>
<arg>YT</arg>
<arg>ZA</arg>
<arg>ZM</arg>
<arg>ZW</arg>
<doc>Returns a list containing given items.</doc>
<status status="PASS" start="2024-07-20T22:14:21.895166" elapsed="0.000614"/>
</kw>
<kw name="List Should Contain Value" owner="Collections">
<arg>${list_country}</arg>
<arg>${name_country}</arg>
<doc>Fails if the ``value`` is not found from ``list``.</doc>
<status status="PASS" start="2024-07-20T22:14:21.896714" elapsed="0.000214"/>
</kw>
<kw name="Run Keyword If" owner="BuiltIn">
<kw name="Should Be True" owner="BuiltIn">
<arg>${True}</arg>
<doc>Fails if the given condition is not true.</doc>
<status status="PASS" start="2024-07-20T22:14:21.897890" elapsed="0.000141"/>
</kw>
<arg>${json_data["results"][0]["location"]["coordinates"]["latitude"]} &gt;= -90 and ${json_data["results"][0]["location"]["coordinates"]["latitude"]} &lt;= 90</arg>
<arg>Should Be True</arg>
<arg>${True}</arg>
<doc>Runs the given keyword with the given arguments, if ``condition`` is true.</doc>
<status status="PASS" start="2024-07-20T22:14:21.897154" elapsed="0.001002"/>
</kw>
<kw name="Run Keyword If" owner="BuiltIn">
<kw name="Should Be True" owner="BuiltIn">
<arg>${True}</arg>
<doc>Fails if the given condition is not true.</doc>
<status status="PASS" start="2024-07-20T22:14:21.899020" elapsed="0.000166"/>
</kw>
<arg>${json_data["results"][0]["location"]["coordinates"]["longitude"]} &gt;= -180 and ${json_data["results"][0]["location"]["coordinates"]["longitude"]} &lt;= 180</arg>
<arg>Should Be True</arg>
<arg>${True}</arg>
<doc>Runs the given keyword with the given arguments, if ``condition`` is true.</doc>
<status status="PASS" start="2024-07-20T22:14:21.898337" elapsed="0.000971"/>
</kw>
<status status="PASS" start="2024-07-20T22:14:21.785589" elapsed="0.113851"/>
</kw>
<doc>Testa o conteúdo específico dos campos retornados pela API.</doc>
<tag>testeConteudo</tag>
<status status="PASS" start="2024-07-20T22:14:21.785169" elapsed="0.114413"/>
</test>
<status status="PASS" start="2024-07-20T22:14:20.834025" elapsed="1.067466"/>
</suite>
<status status="PASS" start="2024-07-20T22:14:20.819804" elapsed="1.086639"/>
</suite>
<statistics>
<total>
<stat pass="5" fail="0" skip="0">All Tests</stat>
</total>
<tag>
<stat pass="1" fail="0" skip="0">testeConteudo</stat>
<stat pass="1" fail="0" skip="0">testeEstruturaResposta</stat>
<stat pass="1" fail="0" skip="0">testeRequisicaoBasica</stat>
<stat pass="1" fail="0" skip="0">testeTiposDados</stat>
</tag>
<suite>
<stat pass="5" fail="0" skip="0" id="s1" name="Tests">Tests</stat>
<stat pass="5" fail="0" skip="0" id="s1-s1" name="Random-User-Test">Tests.Random-User-Test</stat>
</suite>
</statistics>
<errors>
</errors>
</robot>
