<?xml version="1.0" encoding="UTF-8"?>
<robot generator="Robot 7.0 (Python 3.12.2 on linux)" generated="2024-03-27T03:15:10.818546" rpa="false" schemaversion="5">
<suite id="s1" name="Tests" source="/home/runner/work/DesafioQAItauRogerioJordao/DesafioQAItauRogerioJordao/RamdonUser/tests">
<suite id="s1-s1" name="Random-User-Test" source="/home/runner/work/DesafioQAItauRogerioJordao/DesafioQAItauRogerioJordao/RamdonUser/tests/random-user-test.robot">
<test id="s1-s1-t1" name="Conectar" line="13">
<kw name="Conectar API" owner="random-user-service">
<kw name="Create Session" owner="RequestsLibrary">
<msg time="2024-03-27T03:15:11.200033" level="INFO">Creating Session using : alias=consultarAPI, url=https://randomuser.me/, headers={},                     cookies={}, auth=None, timeout=None, proxies=None, verify=False,                     debug=0 </msg>
<arg>consultarAPI</arg>
<arg>${URL}</arg>
<doc>Create Session: create a HTTP session to a server</doc>
<status status="PASS" start="2024-03-27T03:15:11.199834" elapsed="0.000369"/>
</kw>
<status status="PASS" start="2024-03-27T03:15:11.198849" elapsed="0.001702"/>
</kw>
<status status="PASS" start="2024-03-27T03:15:11.198250" elapsed="0.002505"/>
</test>
<test id="s1-s1-t2" name="Validar retorno 200 e JSON Válido" line="16">
<kw name="Teste de Requisicao Basica" owner="random-user-service">
<kw name="GET On Session" owner="RequestsLibrary">
<msg time="2024-03-27T03:15:11.550508" level="INFO">GET Request : url=https://randomuser.me/api 
 path_url=/api 
 headers={'User-Agent': 'python-requests/2.31.0', 'Accept-Encoding': 'gzip, deflate', 'Accept': '*/*', 'Connection': 'keep-alive'} 
 body=None 
 </msg>
<msg time="2024-03-27T03:15:11.550674" level="INFO">GET Response : url=https://randomuser.me/api 
 status=200, reason=OK 
 headers={'Date': 'Wed, 27 Mar 2024 03:15:11 GMT', 'Content-Type': 'application/json; charset=utf-8', 'Transfer-Encoding': 'chunked', 'Connection': 'keep-alive', 'X-Powered-By': 'Express', 'Access-Control-Allow-Origin': '*', 'Cache-Control': 'no-cache', 'ETag': 'W/"483-z+IwshIqrc0RIsQmwcdgbzAY67Y"', 'Vary': 'Accept-Encoding', 'Content-Encoding': 'gzip', 'CF-Cache-Status': 'DYNAMIC', 'Report-To': '{"endpoints":[{"url":"https:\\/\\/a.nel.cloudflare.com\\/report\\/v4?s=6IUQPXKkPCQXNJ%2BjsrbtObqomv3HydcQrJebvTVgKk%2B0DB7zmf89ud0i6PCLMeFiVAreeH714A46Lw80CbP5yGvju1neTzYVPC%2B5xsIcg1Utjwgwc05YKZ1UJ2EW1%2B3A"}],"group":"cf-nel","max_age":604800}', 'NEL': '{"success_fraction":0,"report_to":"cf-nel","max_age":604800}', 'Server': 'cloudflare', 'CF-RAY': '86ac36ecfbd072ef-IAD', 'alt-svc': 'h3=":443"; ma=86400'} 
 body={"results":[{"gender":"male","name":{"title":"Mr","first":"Dick","last":"Mitchelle"},"location":{"street":{"number":5505,"name":"The Grove"},"city":"Carrick-on-Shannon","state":"Dún Laoghaire–Rathdown","country":"Ireland","postcode":29977,"coordinates":{"latitude":"-2.3698","longitude":"-24.4623"},"timezone":{"offset":"+4:30","description":"Kabul"}},"email":"dick.mitchelle@example.com","login":{"uuid":"39a8e233-82cd-4254-82c5-914f60203c2a","username":"smallfrog640","password":"biggun","salt":"HhU1ivqc","md5":"b5c06d674fe941feac2cf292fa0a3a34","sha1":"ab3729f2cd74d0beea24f9351aeeee30e47b01b4","sha256":"c16f5030d4a5741fa8ca2387564df764cb6ebf662eaca981f90026187e90a938"},"dob":{"date":"1951-07-14T12:35:26.696Z","age":72},"registered":{"date":"2008-05-18T10:30:01.665Z","age":15},"phone":"031-010-2716","cell":"081-609-4714","id":{"name":"PPS","value":"1460300T"},"picture":{"large":"https://randomuser.me/api/portraits/men/94.jpg","medium":"https://randomuser.me/api/portraits/med/men/94.jpg","thumbnail":"https://randomuser.me/api/portraits/thumb/men/94.jpg"},"nat":"IE"}],"info":{"seed":"8a0b3250ab07fae6","results":1,"page":1,"version":"1.4"}} 
 </msg>
<msg time="2024-03-27T03:15:11.550787" level="INFO">/opt/hostedtoolcache/Python/3.12.2/x64/lib/python3.12/site-packages/urllib3/connectionpool.py:1103: InsecureRequestWarning: Unverified HTTPS request is being made to host 'randomuser.me'. Adding certificate verification is strongly advised. See: https://urllib3.readthedocs.io/en/latest/advanced-usage.html#tls-warnings
  warnings.warn(</msg>
<msg time="2024-03-27T03:15:11.550918" level="INFO">${response} = &lt;Response [200]&gt;</msg>
<var>${response}</var>
<arg>consultarAPI</arg>
<arg>/api</arg>
<doc>Sends a GET request on a previously created HTTP Session.</doc>
<status status="PASS" start="2024-03-27T03:15:11.203378" elapsed="0.347597"/>
</kw>
<kw name="Should Be Equal As Numbers" owner="BuiltIn">
<msg time="2024-03-27T03:15:11.551903" level="INFO">Argument types are:
&lt;class 'int'&gt;
&lt;class 'str'&gt;</msg>
<arg>${response.status_code}</arg>
<arg>200</arg>
<doc>Fails if objects are unequal after converting them to real numbers.</doc>
<status status="PASS" start="2024-03-27T03:15:11.551460" elapsed="0.000507"/>
</kw>
<kw name="Log" owner="BuiltIn">
<msg time="2024-03-27T03:15:11.552643" level="INFO">200</msg>
<arg>${response.status_code}</arg>
<doc>Logs the given message with the given level.</doc>
<status status="PASS" start="2024-03-27T03:15:11.552288" elapsed="0.000398"/>
</kw>
<kw name="Set Variable" owner="BuiltIn">
<msg time="2024-03-27T03:15:11.553484" level="INFO">${json_data} = {'results': [{'gender': 'male', 'name': {'title': 'Mr', 'first': 'Dick', 'last': 'Mitchelle'}, 'location': {'street': {'number': 5505, 'name': 'The Grove'}, 'city': 'Carrick-on-Shannon', 'state': 'Dún...</msg>
<var>${json_data}</var>
<arg>${response.json()}</arg>
<doc>Returns the given values which can then be assigned to a variables.</doc>
<status status="PASS" start="2024-03-27T03:15:11.553032" elapsed="0.000482"/>
</kw>
<kw name="Dictionary Should Contain Key" owner="Collections">
<msg time="2024-03-27T03:15:11.553989" level="INFO">False</msg>
<arg>${json_data}</arg>
<arg>results</arg>
<doc>Fails if ``key`` is not found from ``dictionary``.</doc>
<status status="PASS" start="2024-03-27T03:15:11.553818" elapsed="0.000211"/>
</kw>
<status status="PASS" start="2024-03-27T03:15:11.203128" elapsed="0.351163"/>
</kw>
<doc>Testa se a API responde corretamente e retorna um objeto JSON válido.</doc>
<tag>testeRequisicaoBasica</tag>
<status status="PASS" start="2024-03-27T03:15:11.202573" elapsed="0.351902"/>
</test>
<test id="s1-s1-t3" name="Validar estrutura de resposta" line="22">
<kw name="Teste de Estrutura de Resposta" owner="random-user-service">
<kw name="GET On Session" owner="RequestsLibrary">
<msg time="2024-03-27T03:15:11.655972" level="INFO">GET Request : url=https://randomuser.me/api 
 path_url=/api 
 headers={'User-Agent': 'python-requests/2.31.0', 'Accept-Encoding': 'gzip, deflate', 'Accept': '*/*', 'Connection': 'keep-alive'} 
 body=None 
 </msg>
<msg time="2024-03-27T03:15:11.656071" level="INFO">GET Response : url=https://randomuser.me/api 
 status=200, reason=OK 
 headers={'Date': 'Wed, 27 Mar 2024 03:15:11 GMT', 'Content-Type': 'application/json; charset=utf-8', 'Transfer-Encoding': 'chunked', 'Connection': 'keep-alive', 'X-Powered-By': 'Express', 'Access-Control-Allow-Origin': '*', 'Cache-Control': 'no-cache', 'ETag': 'W/"486-BsTVSYQbfPFvaXWPYVcmIMfsxa0"', 'Vary': 'Accept-Encoding', 'Content-Encoding': 'gzip', 'CF-Cache-Status': 'DYNAMIC', 'Report-To': '{"endpoints":[{"url":"https:\\/\\/a.nel.cloudflare.com\\/report\\/v4?s=dhGvHQhDqg1fLUdppnLMVc9o%2Bf4pXcDpPCVsFqKZZRA%2FXLnazKTs4wrAKzRM9ldhHadRcAOcupOU6sntXV%2FeMP3FBDjnJvej1CIc%2Fss4cTLLYTJ1oD8nREcB3gcc4hRU"}],"group":"cf-nel","max_age":604800}', 'NEL': '{"success_fraction":0,"report_to":"cf-nel","max_age":604800}', 'Server': 'cloudflare', 'CF-RAY': '86ac36ed4ca572ef-IAD', 'alt-svc': 'h3=":443"; ma=86400'} 
 body={"results":[{"gender":"male","name":{"title":"Mr","first":"Aapo","last":"Justi"},"location":{"street":{"number":8359,"name":"Myllypuronkatu"},"city":"Lohja","state":"North Karelia","country":"Finland","postcode":87404,"coordinates":{"latitude":"-22.4913","longitude":"-82.5368"},"timezone":{"offset":"+6:00","description":"Almaty, Dhaka, Colombo"}},"email":"aapo.justi@example.com","login":{"uuid":"03cd775d-7628-466d-858b-b48f9a2a2f1a","username":"orangepeacock731","password":"flicks","salt":"BziFAxZd","md5":"cb48fa3a8f15e96fd13d04b7b4c549ea","sha1":"b92444e4520425d4711b157dfa34082fe8731b12","sha256":"70d785d78396963566a6fd77b5e73d2e39bdb182001fadd45bbebc46568aaef8"},"dob":{"date":"1959-12-05T14:03:25.930Z","age":64},"registered":{"date":"2012-10-01T14:06:05.423Z","age":11},"phone":"06-616-190","cell":"046-379-58-15","id":{"name":"HETU","value":"NaNNA139undefined"},"picture":{"large":"https://randomuser.me/api/portraits/men/97.jpg","medium":"https://randomuser.me/api/portraits/med/men/97.jpg","thumbnail":"https://randomuser.me/api/portraits/thumb/men/97.jpg"},"nat":"FI"}],"info":{"seed":"d410cc33e358ecc1","results":1,"page":1,"version":"1.4"}} 
 </msg>
<msg time="2024-03-27T03:15:11.656223" level="INFO">/opt/hostedtoolcache/Python/3.12.2/x64/lib/python3.12/site-packages/urllib3/connectionpool.py:1103: InsecureRequestWarning: Unverified HTTPS request is being made to host 'randomuser.me'. Adding certificate verification is strongly advised. See: https://urllib3.readthedocs.io/en/latest/advanced-usage.html#tls-warnings
  warnings.warn(</msg>
<msg time="2024-03-27T03:15:11.656362" level="INFO">${response} = &lt;Response [200]&gt;</msg>
<var>${response}</var>
<arg>consultarAPI</arg>
<arg>/api</arg>
<doc>Sends a GET request on a previously created HTTP Session.</doc>
<status status="PASS" start="2024-03-27T03:15:11.557618" elapsed="0.098782"/>
</kw>
<kw name="Set Variable" owner="BuiltIn">
<msg time="2024-03-27T03:15:11.657283" level="INFO">${json_data} = {'results': [{'gender': 'male', 'name': {'title': 'Mr', 'first': 'Aapo', 'last': 'Justi'}, 'location': {'street': {'number': 8359, 'name': 'Myllypuronkatu'}, 'city': 'Lohja', 'state': 'North Karelia',...</msg>
<var>${json_data}</var>
<arg>${response.json()}</arg>
<doc>Returns the given values which can then be assigned to a variables.</doc>
<status status="PASS" start="2024-03-27T03:15:11.656810" elapsed="0.000502"/>
</kw>
<kw name="Log" owner="BuiltIn">
<msg time="2024-03-27T03:15:11.657777" level="INFO">{'results': [{'gender': 'male', 'name': {'title': 'Mr', 'first': 'Aapo', 'last': 'Justi'}, 'location': {'street': {'number': 8359, 'name': 'Myllypuronkatu'}, 'city': 'Lohja', 'state': 'North Karelia', 'country': 'Finland', 'postcode': 87404, 'coordinates': {'latitude': '-22.4913', 'longitude': '-82.5368'}, 'timezone': {'offset': '+6:00', 'description': 'Almaty, Dhaka, Colombo'}}, 'email': 'aapo.justi@example.com', 'login': {'uuid': '03cd775d-7628-466d-858b-b48f9a2a2f1a', 'username': 'orangepeacock731', 'password': 'flicks', 'salt': 'BziFAxZd', 'md5': 'cb48fa3a8f15e96fd13d04b7b4c549ea', 'sha1': 'b92444e4520425d4711b157dfa34082fe8731b12', 'sha256': '70d785d78396963566a6fd77b5e73d2e39bdb182001fadd45bbebc46568aaef8'}, 'dob': {'date': '1959-12-05T14:03:25.930Z', 'age': 64}, 'registered': {'date': '2012-10-01T14:06:05.423Z', 'age': 11}, 'phone': '06-616-190', 'cell': '046-379-58-15', 'id': {'name': 'HETU', 'value': 'NaNNA139undefined'}, 'picture': {'large': 'https://randomuser.me/api/portraits/men/97.jpg', 'medium': 'https://randomuser.me/api/portraits/med/men/97.jpg', 'thumbnail': 'https://randomuser.me/api/portraits/thumb/men/97.jpg'}, 'nat': 'FI'}], 'info': {'seed': 'd410cc33e358ecc1', 'results': 1, 'page': 1, 'version': '1.4'}}</msg>
<arg>${json_data}</arg>
<doc>Logs the given message with the given level.</doc>
<status status="PASS" start="2024-03-27T03:15:11.657619" elapsed="0.000205"/>
</kw>
<kw name="Dictionary Should Contain Key" owner="Collections">
<msg time="2024-03-27T03:15:11.658272" level="INFO">False</msg>
<arg>${json_data}</arg>
<arg>results</arg>
<doc>Fails if ``key`` is not found from ``dictionary``.</doc>
<status status="PASS" start="2024-03-27T03:15:11.658116" elapsed="0.000193"/>
</kw>
<kw name="Should Not Be Empty" owner="BuiltIn">
<msg time="2024-03-27T03:15:11.658774" level="INFO">Length is 2.</msg>
<arg>${json_data}</arg>
<doc>Verifies that the given item is not empty.</doc>
<status status="PASS" start="2024-03-27T03:15:11.658633" elapsed="0.000179"/>
</kw>
<kw name="Create List" owner="BuiltIn">
<msg time="2024-03-27T03:15:11.659264" level="INFO">${expected_keys} = ['gender', 'name', 'location', 'email', 'login']</msg>
<var>${expected_keys}</var>
<arg>gender</arg>
<arg>name</arg>
<arg>location</arg>
<arg>email</arg>
<arg>login</arg>
<doc>Returns a list containing given items.</doc>
<status status="PASS" start="2024-03-27T03:15:11.659112" elapsed="0.000176"/>
</kw>
<for flavor="IN">
<iter>
<kw name="Dictionary Should Contain Key" owner="Collections">
<msg time="2024-03-27T03:15:11.660278" level="INFO">False</msg>
<arg>${json_data['results'][0]}</arg>
<arg>${key}</arg>
<doc>Fails if ``key`` is not found from ``dictionary``.</doc>
<status status="PASS" start="2024-03-27T03:15:11.659859" elapsed="0.000459"/>
</kw>
<kw name="Log" owner="BuiltIn">
<msg time="2024-03-27T03:15:11.660996" level="INFO">{'gender': 'male', 'name': {'title': 'Mr', 'first': 'Aapo', 'last': 'Justi'}, 'location': {'street': {'number': 8359, 'name': 'Myllypuronkatu'}, 'city': 'Lohja', 'state': 'North Karelia', 'country': 'Finland', 'postcode': 87404, 'coordinates': {'latitude': '-22.4913', 'longitude': '-82.5368'}, 'timezone': {'offset': '+6:00', 'description': 'Almaty, Dhaka, Colombo'}}, 'email': 'aapo.justi@example.com', 'login': {'uuid': '03cd775d-7628-466d-858b-b48f9a2a2f1a', 'username': 'orangepeacock731', 'password': 'flicks', 'salt': 'BziFAxZd', 'md5': 'cb48fa3a8f15e96fd13d04b7b4c549ea', 'sha1': 'b92444e4520425d4711b157dfa34082fe8731b12', 'sha256': '70d785d78396963566a6fd77b5e73d2e39bdb182001fadd45bbebc46568aaef8'}, 'dob': {'date': '1959-12-05T14:03:25.930Z', 'age': 64}, 'registered': {'date': '2012-10-01T14:06:05.423Z', 'age': 11}, 'phone': '06-616-190', 'cell': '046-379-58-15', 'id': {'name': 'HETU', 'value': 'NaNNA139undefined'}, 'picture': {'large': 'https://randomuser.me/api/portraits/men/97.jpg', 'medium': 'https://randomuser.me/api/portraits/med/men/97.jpg', 'thumbnail': 'https://randomuser.me/api/portraits/thumb/men/97.jpg'}, 'nat': 'FI'}</msg>
<arg>${json_data['results'][0]}</arg>
<doc>Logs the given message with the given level.</doc>
<status status="PASS" start="2024-03-27T03:15:11.660621" elapsed="0.000429"/>
</kw>
<kw name="Log" owner="BuiltIn">
<msg time="2024-03-27T03:15:11.661502" level="INFO">gender</msg>
<arg>${key}</arg>
<doc>Logs the given message with the given level.</doc>
<status status="PASS" start="2024-03-27T03:15:11.661368" elapsed="0.000172"/>
</kw>
<var name="${key}">gender</var>
<status status="PASS" start="2024-03-27T03:15:11.659733" elapsed="0.002031"/>
</iter>
<iter>
<kw name="Dictionary Should Contain Key" owner="Collections">
<msg time="2024-03-27T03:15:11.662445" level="INFO">False</msg>
<arg>${json_data['results'][0]}</arg>
<arg>${key}</arg>
<doc>Fails if ``key`` is not found from ``dictionary``.</doc>
<status status="PASS" start="2024-03-27T03:15:11.662066" elapsed="0.000417"/>
</kw>
<kw name="Log" owner="BuiltIn">
<msg time="2024-03-27T03:15:11.663286" level="INFO">{'gender': 'male', 'name': {'title': 'Mr', 'first': 'Aapo', 'last': 'Justi'}, 'location': {'street': {'number': 8359, 'name': 'Myllypuronkatu'}, 'city': 'Lohja', 'state': 'North Karelia', 'country': 'Finland', 'postcode': 87404, 'coordinates': {'latitude': '-22.4913', 'longitude': '-82.5368'}, 'timezone': {'offset': '+6:00', 'description': 'Almaty, Dhaka, Colombo'}}, 'email': 'aapo.justi@example.com', 'login': {'uuid': '03cd775d-7628-466d-858b-b48f9a2a2f1a', 'username': 'orangepeacock731', 'password': 'flicks', 'salt': 'BziFAxZd', 'md5': 'cb48fa3a8f15e96fd13d04b7b4c549ea', 'sha1': 'b92444e4520425d4711b157dfa34082fe8731b12', 'sha256': '70d785d78396963566a6fd77b5e73d2e39bdb182001fadd45bbebc46568aaef8'}, 'dob': {'date': '1959-12-05T14:03:25.930Z', 'age': 64}, 'registered': {'date': '2012-10-01T14:06:05.423Z', 'age': 11}, 'phone': '06-616-190', 'cell': '046-379-58-15', 'id': {'name': 'HETU', 'value': 'NaNNA139undefined'}, 'picture': {'large': 'https://randomuser.me/api/portraits/men/97.jpg', 'medium': 'https://randomuser.me/api/portraits/med/men/97.jpg', 'thumbnail': 'https://randomuser.me/api/portraits/thumb/men/97.jpg'}, 'nat': 'FI'}</msg>
<arg>${json_data['results'][0]}</arg>
<doc>Logs the given message with the given level.</doc>
<status status="PASS" start="2024-03-27T03:15:11.662899" elapsed="0.000436"/>
</kw>
<kw name="Log" owner="BuiltIn">
<msg time="2024-03-27T03:15:11.663774" level="INFO">name</msg>
<arg>${key}</arg>
<doc>Logs the given message with the given level.</doc>
<status status="PASS" start="2024-03-27T03:15:11.663645" elapsed="0.000168"/>
</kw>
<var name="${key}">name</var>
<status status="PASS" start="2024-03-27T03:15:11.661950" elapsed="0.002082"/>
</iter>
<iter>
<kw name="Dictionary Should Contain Key" owner="Collections">
<msg time="2024-03-27T03:15:11.664703" level="INFO">False</msg>
<arg>${json_data['results'][0]}</arg>
<arg>${key}</arg>
<doc>Fails if ``key`` is not found from ``dictionary``.</doc>
<status status="PASS" start="2024-03-27T03:15:11.664320" elapsed="0.000420"/>
</kw>
<kw name="Log" owner="BuiltIn">
<msg time="2024-03-27T03:15:11.665397" level="INFO">{'gender': 'male', 'name': {'title': 'Mr', 'first': 'Aapo', 'last': 'Justi'}, 'location': {'street': {'number': 8359, 'name': 'Myllypuronkatu'}, 'city': 'Lohja', 'state': 'North Karelia', 'country': 'Finland', 'postcode': 87404, 'coordinates': {'latitude': '-22.4913', 'longitude': '-82.5368'}, 'timezone': {'offset': '+6:00', 'description': 'Almaty, Dhaka, Colombo'}}, 'email': 'aapo.justi@example.com', 'login': {'uuid': '03cd775d-7628-466d-858b-b48f9a2a2f1a', 'username': 'orangepeacock731', 'password': 'flicks', 'salt': 'BziFAxZd', 'md5': 'cb48fa3a8f15e96fd13d04b7b4c549ea', 'sha1': 'b92444e4520425d4711b157dfa34082fe8731b12', 'sha256': '70d785d78396963566a6fd77b5e73d2e39bdb182001fadd45bbebc46568aaef8'}, 'dob': {'date': '1959-12-05T14:03:25.930Z', 'age': 64}, 'registered': {'date': '2012-10-01T14:06:05.423Z', 'age': 11}, 'phone': '06-616-190', 'cell': '046-379-58-15', 'id': {'name': 'HETU', 'value': 'NaNNA139undefined'}, 'picture': {'large': 'https://randomuser.me/api/portraits/men/97.jpg', 'medium': 'https://randomuser.me/api/portraits/med/men/97.jpg', 'thumbnail': 'https://randomuser.me/api/portraits/thumb/men/97.jpg'}, 'nat': 'FI'}</msg>
<arg>${json_data['results'][0]}</arg>
<doc>Logs the given message with the given level.</doc>
<status status="PASS" start="2024-03-27T03:15:11.665039" elapsed="0.000410"/>
</kw>
<kw name="Log" owner="BuiltIn">
<msg time="2024-03-27T03:15:11.665869" level="INFO">location</msg>
<arg>${key}</arg>
<doc>Logs the given message with the given level.</doc>
<status status="PASS" start="2024-03-27T03:15:11.665743" elapsed="0.000164"/>
</kw>
<var name="${key}">location</var>
<status status="PASS" start="2024-03-27T03:15:11.664209" elapsed="0.001917"/>
</iter>
<iter>
<kw name="Dictionary Should Contain Key" owner="Collections">
<msg time="2024-03-27T03:15:11.666830" level="INFO">False</msg>
<arg>${json_data['results'][0]}</arg>
<arg>${key}</arg>
<doc>Fails if ``key`` is not found from ``dictionary``.</doc>
<status status="PASS" start="2024-03-27T03:15:11.666413" elapsed="0.000455"/>
</kw>
<kw name="Log" owner="BuiltIn">
<msg time="2024-03-27T03:15:11.667534" level="INFO">{'gender': 'male', 'name': {'title': 'Mr', 'first': 'Aapo', 'last': 'Justi'}, 'location': {'street': {'number': 8359, 'name': 'Myllypuronkatu'}, 'city': 'Lohja', 'state': 'North Karelia', 'country': 'Finland', 'postcode': 87404, 'coordinates': {'latitude': '-22.4913', 'longitude': '-82.5368'}, 'timezone': {'offset': '+6:00', 'description': 'Almaty, Dhaka, Colombo'}}, 'email': 'aapo.justi@example.com', 'login': {'uuid': '03cd775d-7628-466d-858b-b48f9a2a2f1a', 'username': 'orangepeacock731', 'password': 'flicks', 'salt': 'BziFAxZd', 'md5': 'cb48fa3a8f15e96fd13d04b7b4c549ea', 'sha1': 'b92444e4520425d4711b157dfa34082fe8731b12', 'sha256': '70d785d78396963566a6fd77b5e73d2e39bdb182001fadd45bbebc46568aaef8'}, 'dob': {'date': '1959-12-05T14:03:25.930Z', 'age': 64}, 'registered': {'date': '2012-10-01T14:06:05.423Z', 'age': 11}, 'phone': '06-616-190', 'cell': '046-379-58-15', 'id': {'name': 'HETU', 'value': 'NaNNA139undefined'}, 'picture': {'large': 'https://randomuser.me/api/portraits/men/97.jpg', 'medium': 'https://randomuser.me/api/portraits/med/men/97.jpg', 'thumbnail': 'https://randomuser.me/api/portraits/thumb/men/97.jpg'}, 'nat': 'FI'}</msg>
<arg>${json_data['results'][0]}</arg>
<doc>Logs the given message with the given level.</doc>
<status status="PASS" start="2024-03-27T03:15:11.667167" elapsed="0.000414"/>
</kw>
<kw name="Log" owner="BuiltIn">
<msg time="2024-03-27T03:15:11.667997" level="INFO">email</msg>
<arg>${key}</arg>
<doc>Logs the given message with the given level.</doc>
<status status="PASS" start="2024-03-27T03:15:11.667871" elapsed="0.000163"/>
</kw>
<var name="${key}">email</var>
<status status="PASS" start="2024-03-27T03:15:11.666298" elapsed="0.001952"/>
</iter>
<iter>
<kw name="Dictionary Should Contain Key" owner="Collections">
<msg time="2024-03-27T03:15:11.668921" level="INFO">False</msg>
<arg>${json_data['results'][0]}</arg>
<arg>${key}</arg>
<doc>Fails if ``key`` is not found from ``dictionary``.</doc>
<status status="PASS" start="2024-03-27T03:15:11.668536" elapsed="0.000423"/>
</kw>
<kw name="Log" owner="BuiltIn">
<msg time="2024-03-27T03:15:11.669614" level="INFO">{'gender': 'male', 'name': {'title': 'Mr', 'first': 'Aapo', 'last': 'Justi'}, 'location': {'street': {'number': 8359, 'name': 'Myllypuronkatu'}, 'city': 'Lohja', 'state': 'North Karelia', 'country': 'Finland', 'postcode': 87404, 'coordinates': {'latitude': '-22.4913', 'longitude': '-82.5368'}, 'timezone': {'offset': '+6:00', 'description': 'Almaty, Dhaka, Colombo'}}, 'email': 'aapo.justi@example.com', 'login': {'uuid': '03cd775d-7628-466d-858b-b48f9a2a2f1a', 'username': 'orangepeacock731', 'password': 'flicks', 'salt': 'BziFAxZd', 'md5': 'cb48fa3a8f15e96fd13d04b7b4c549ea', 'sha1': 'b92444e4520425d4711b157dfa34082fe8731b12', 'sha256': '70d785d78396963566a6fd77b5e73d2e39bdb182001fadd45bbebc46568aaef8'}, 'dob': {'date': '1959-12-05T14:03:25.930Z', 'age': 64}, 'registered': {'date': '2012-10-01T14:06:05.423Z', 'age': 11}, 'phone': '06-616-190', 'cell': '046-379-58-15', 'id': {'name': 'HETU', 'value': 'NaNNA139undefined'}, 'picture': {'large': 'https://randomuser.me/api/portraits/men/97.jpg', 'medium': 'https://randomuser.me/api/portraits/med/men/97.jpg', 'thumbnail': 'https://randomuser.me/api/portraits/thumb/men/97.jpg'}, 'nat': 'FI'}</msg>
<arg>${json_data['results'][0]}</arg>
<doc>Logs the given message with the given level.</doc>
<status status="PASS" start="2024-03-27T03:15:11.669253" elapsed="0.000408"/>
</kw>
<kw name="Log" owner="BuiltIn">
<msg time="2024-03-27T03:15:11.670078" level="INFO">login</msg>
<arg>${key}</arg>
<doc>Logs the given message with the given level.</doc>
<status status="PASS" start="2024-03-27T03:15:11.669951" elapsed="0.000267"/>
</kw>
<var name="${key}">login</var>
<status status="PASS" start="2024-03-27T03:15:11.668423" elapsed="0.002025"/>
</iter>
<var>${key}</var>
<value>@{expected_keys}</value>
<status status="PASS" start="2024-03-27T03:15:11.659549" elapsed="0.011090"/>
</for>
<kw name="Create List" owner="BuiltIn">
<msg time="2024-03-27T03:15:11.670992" level="INFO">${expected_keysTwo} = ['username', 'password']</msg>
<var>${expected_keysTwo}</var>
<arg>username</arg>
<arg>password</arg>
<doc>Returns a list containing given items.</doc>
<status status="PASS" start="2024-03-27T03:15:11.670851" elapsed="0.000166"/>
</kw>
<for flavor="IN">
<iter>
<kw name="Dictionary Should Contain Key" owner="Collections">
<msg time="2024-03-27T03:15:11.671907" level="INFO">False</msg>
<arg>${json_data['results'][0]['login']}</arg>
<arg>${keyTwo}</arg>
<doc>Fails if ``key`` is not found from ``dictionary``.</doc>
<status status="PASS" start="2024-03-27T03:15:11.671525" elapsed="0.000419"/>
</kw>
<kw name="Dictionary Should Contain Key" owner="Collections">
<msg time="2024-03-27T03:15:11.672631" level="INFO">False</msg>
<arg>${json_data['results'][0]['login']}</arg>
<arg>${keyTwo}</arg>
<doc>Fails if ``key`` is not found from ``dictionary``.</doc>
<status status="PASS" start="2024-03-27T03:15:11.672239" elapsed="0.000429"/>
</kw>
<kw name="Log" owner="BuiltIn">
<msg time="2024-03-27T03:15:11.673092" level="INFO">username</msg>
<arg>${keyTwo}</arg>
<doc>Logs the given message with the given level.</doc>
<status status="PASS" start="2024-03-27T03:15:11.672961" elapsed="0.000168"/>
</kw>
<var name="${keyTwo}">username</var>
<status status="PASS" start="2024-03-27T03:15:11.671415" elapsed="0.001930"/>
</iter>
<iter>
<kw name="Dictionary Should Contain Key" owner="Collections">
<msg time="2024-03-27T03:15:11.674009" level="INFO">False</msg>
<arg>${json_data['results'][0]['login']}</arg>
<arg>${keyTwo}</arg>
<doc>Fails if ``key`` is not found from ``dictionary``.</doc>
<status status="PASS" start="2024-03-27T03:15:11.673635" elapsed="0.000411"/>
</kw>
<kw name="Dictionary Should Contain Key" owner="Collections">
<msg time="2024-03-27T03:15:11.674754" level="INFO">False</msg>
<arg>${json_data['results'][0]['login']}</arg>
<arg>${keyTwo}</arg>
<doc>Fails if ``key`` is not found from ``dictionary``.</doc>
<status status="PASS" start="2024-03-27T03:15:11.674337" elapsed="0.000455"/>
</kw>
<kw name="Log" owner="BuiltIn">
<msg time="2024-03-27T03:15:11.675214" level="INFO">password</msg>
<arg>${keyTwo}</arg>
<doc>Logs the given message with the given level.</doc>
<status status="PASS" start="2024-03-27T03:15:11.675086" elapsed="0.000166"/>
</kw>
<var name="${keyTwo}">password</var>
<status status="PASS" start="2024-03-27T03:15:11.673523" elapsed="0.001947"/>
</iter>
<var>${keyTwo}</var>
<value>@{expected_keysTwo}</value>
<status status="PASS" start="2024-03-27T03:15:11.671265" elapsed="0.004328"/>
</for>
<status status="PASS" start="2024-03-27T03:15:11.557309" elapsed="0.118426"/>
</kw>
<doc>Testa a estrutura da resposta da API.</doc>
<tag>testeEstruturaResposta</tag>
<status status="PASS" start="2024-03-27T03:15:11.556342" elapsed="0.119552"/>
</test>
<test id="s1-s1-t4" name="Validar tipos de dados" line="28">
<kw name="Teste de Tipos de Dados" owner="random-user-service">
<kw name="GET On Session" owner="RequestsLibrary">
<msg time="2024-03-27T03:15:11.744751" level="INFO">GET Request : url=https://randomuser.me/api 
 path_url=/api 
 headers={'User-Agent': 'python-requests/2.31.0', 'Accept-Encoding': 'gzip, deflate', 'Accept': '*/*', 'Connection': 'keep-alive'} 
 body=None 
 </msg>
<msg time="2024-03-27T03:15:11.744812" level="INFO">GET Response : url=https://randomuser.me/api 
 status=200, reason=OK 
 headers={'Date': 'Wed, 27 Mar 2024 03:15:11 GMT', 'Content-Type': 'application/json; charset=utf-8', 'Transfer-Encoding': 'chunked', 'Connection': 'keep-alive', 'X-Powered-By': 'Express', 'Access-Control-Allow-Origin': '*', 'Cache-Control': 'no-cache', 'ETag': 'W/"49e-m2N3x0nlOb36Z20Njx0+iofFtGQ"', 'Vary': 'Accept-Encoding', 'Content-Encoding': 'gzip', 'CF-Cache-Status': 'DYNAMIC', 'Report-To': '{"endpoints":[{"url":"https:\\/\\/a.nel.cloudflare.com\\/report\\/v4?s=2F4p5yRd%2FJcrBNrLyCU16A3z%2Fe9nIwK8yi9JekBY36BgYoSDDeo6RrTF%2BTx486iSnkfN0fvAbwEG8HPZi%2FGHLNqeHeJSK6C0JYwBiHOWAQy%2FDLF9W4zCjaWvgqFpVk%2FF"}],"group":"cf-nel","max_age":604800}', 'NEL': '{"success_fraction":0,"report_to":"cf-nel","max_age":604800}', 'Server': 'cloudflare', 'CF-RAY': '86ac36ee0e9b72ef-IAD', 'alt-svc': 'h3=":443"; ma=86400'} 
 body={"results":[{"gender":"male","name":{"title":"Monsieur","first":"Karim","last":"Da Silva"},"location":{"street":{"number":6993,"name":"Rue du Cardinal-Gerlier"},"city":"Champtauroz","state":"Obwalden","country":"Switzerland","postcode":1910,"coordinates":{"latitude":"-57.0952","longitude":"-137.9969"},"timezone":{"offset":"+7:00","description":"Bangkok, Hanoi, Jakarta"}},"email":"karim.dasilva@example.com","login":{"uuid":"82dbc28f-258a-417b-9f32-2a6518c4cb60","username":"bluedog255","password":"ventura","salt":"lwIOfCQK","md5":"42ff3f5a9accf748865a85a2e6fe8c75","sha1":"722bd289affcdee3208f9b09354150c6742dfcc9","sha256":"dcd3ac63ae3a69bd3bf4033f3ccdcb35178231c44a1c400097a29bb3b9b36688"},"dob":{"date":"1981-07-24T05:55:06.524Z","age":42},"registered":{"date":"2010-12-07T03:38:27.472Z","age":13},"phone":"077 727 74 06","cell":"076 523 66 13","id":{"name":"AVS","value":"756.5068.7905.97"},"picture":{"large":"https://randomuser.me/api/portraits/men/35.jpg","medium":"https://randomuser.me/api/portraits/med/men/35.jpg","thumbnail":"https://randomuser.me/api/portraits/thumb/men/35.jpg"},"nat":"CH"}],"info":{"seed":"8f39447798cbde2c","results":1,"page":1,"version":"1.4"}} 
 </msg>
<msg time="2024-03-27T03:15:11.744867" level="INFO">/opt/hostedtoolcache/Python/3.12.2/x64/lib/python3.12/site-packages/urllib3/connectionpool.py:1103: InsecureRequestWarning: Unverified HTTPS request is being made to host 'randomuser.me'. Adding certificate verification is strongly advised. See: https://urllib3.readthedocs.io/en/latest/advanced-usage.html#tls-warnings
  warnings.warn(</msg>
<msg time="2024-03-27T03:15:11.744950" level="INFO">${response} = &lt;Response [200]&gt;</msg>
<var>${response}</var>
<arg>consultarAPI</arg>
<arg>/api</arg>
<doc>Sends a GET request on a previously created HTTP Session.</doc>
<status status="PASS" start="2024-03-27T03:15:11.678293" elapsed="0.066681"/>
</kw>
<kw name="Set Variable" owner="BuiltIn">
<msg time="2024-03-27T03:15:11.745792" level="INFO">${json_data} = {'results': [{'gender': 'male', 'name': {'title': 'Monsieur', 'first': 'Karim', 'last': 'Da Silva'}, 'location': {'street': {'number': 6993, 'name': 'Rue du Cardinal-Gerlier'}, 'city': 'Champtauroz', ...</msg>
<var>${json_data}</var>
<arg>${response.json()}</arg>
<doc>Returns the given values which can then be assigned to a variables.</doc>
<status status="PASS" start="2024-03-27T03:15:11.745353" elapsed="0.000467"/>
</kw>
<kw name="Log" owner="BuiltIn">
<msg time="2024-03-27T03:15:11.746276" level="INFO">{'results': [{'gender': 'male', 'name': {'title': 'Monsieur', 'first': 'Karim', 'last': 'Da Silva'}, 'location': {'street': {'number': 6993, 'name': 'Rue du Cardinal-Gerlier'}, 'city': 'Champtauroz', 'state': 'Obwalden', 'country': 'Switzerland', 'postcode': 1910, 'coordinates': {'latitude': '-57.0952', 'longitude': '-137.9969'}, 'timezone': {'offset': '+7:00', 'description': 'Bangkok, Hanoi, Jakarta'}}, 'email': 'karim.dasilva@example.com', 'login': {'uuid': '82dbc28f-258a-417b-9f32-2a6518c4cb60', 'username': 'bluedog255', 'password': 'ventura', 'salt': 'lwIOfCQK', 'md5': '42ff3f5a9accf748865a85a2e6fe8c75', 'sha1': '722bd289affcdee3208f9b09354150c6742dfcc9', 'sha256': 'dcd3ac63ae3a69bd3bf4033f3ccdcb35178231c44a1c400097a29bb3b9b36688'}, 'dob': {'date': '1981-07-24T05:55:06.524Z', 'age': 42}, 'registered': {'date': '2010-12-07T03:38:27.472Z', 'age': 13}, 'phone': '077 727 74 06', 'cell': '076 523 66 13', 'id': {'name': 'AVS', 'value': '756.5068.7905.97'}, 'picture': {'large': 'https://randomuser.me/api/portraits/men/35.jpg', 'medium': 'https://randomuser.me/api/portraits/med/men/35.jpg', 'thumbnail': 'https://randomuser.me/api/portraits/thumb/men/35.jpg'}, 'nat': 'CH'}], 'info': {'seed': '8f39447798cbde2c', 'results': 1, 'page': 1, 'version': '1.4'}}</msg>
<arg>${json_data}</arg>
<doc>Logs the given message with the given level.</doc>
<status status="PASS" start="2024-03-27T03:15:11.746124" elapsed="0.000230"/>
</kw>
<kw name="Should Be String" owner="String">
<arg>${json_data['results'][0]['gender']}</arg>
<doc>Fails if the given ``item`` is not a string.</doc>
<status status="PASS" start="2024-03-27T03:15:11.746695" elapsed="0.000362"/>
</kw>
<kw name="Should Match Regexp" owner="BuiltIn">
<arg>${json_data['results'][0]['email']}</arg>
<arg>^[a-zA-Z0-9._%+-]+@[a-zA-Z0-9.-]+\.[a-zA-Z]{2,}$</arg>
<doc>Fails if ``string`` does not match ``pattern`` as a regular expression.</doc>
<status status="PASS" start="2024-03-27T03:15:11.747250" elapsed="0.000518"/>
</kw>
<kw name="Should Match Regexp" owner="BuiltIn">
<arg>${json_data['results'][0]['dob']['date']}</arg>
<arg>\\d{4}-\\d{2}-\\d{2}T\\d{2}:\\d{2}:\\d{2}\\.\\d{3}Z</arg>
<doc>Fails if ``string`` does not match ``pattern`` as a regular expression.</doc>
<status status="PASS" start="2024-03-27T03:15:11.747967" elapsed="0.000491"/>
</kw>
<kw name="Should Match Regexp" owner="BuiltIn">
<arg>${json_data['results'][0]['registered']['date']}</arg>
<arg>\\d{4}-\\d{2}-\\d{2}T\\d{2}:\\d{2}:\\d{2}\\.\\d{3}Z</arg>
<doc>Fails if ``string`` does not match ``pattern`` as a regular expression.</doc>
<status status="PASS" start="2024-03-27T03:15:11.748653" elapsed="0.000364"/>
</kw>
<kw name="Should Match Regexp" owner="BuiltIn">
<arg>${json_data['results'][0]['picture']['large']}</arg>
<arg>^https?://.*\.(?:png|jpe?g|gif|bmp)$</arg>
<doc>Fails if ``string`` does not match ``pattern`` as a regular expression.</doc>
<status status="PASS" start="2024-03-27T03:15:11.749204" elapsed="0.000462"/>
</kw>
<kw name="Should Match Regexp" owner="BuiltIn">
<arg>${json_data['results'][0]['picture']['medium']}</arg>
<arg>^https?://.*\.(?:png|jpe?g|gif|bmp)$</arg>
<doc>Fails if ``string`` does not match ``pattern`` as a regular expression.</doc>
<status status="PASS" start="2024-03-27T03:15:11.749858" elapsed="0.000358"/>
</kw>
<kw name="Should Match Regexp" owner="BuiltIn">
<arg>${json_data['results'][0]['picture']['thumbnail']}</arg>
<arg>^https?://.*\.(?:png|jpe?g|gif|bmp)$</arg>
<doc>Fails if ``string`` does not match ``pattern`` as a regular expression.</doc>
<status status="PASS" start="2024-03-27T03:15:11.750402" elapsed="0.000384"/>
</kw>
<kw name="Log" owner="BuiltIn">
<msg time="2024-03-27T03:15:11.751295" level="INFO">{'large': 'https://randomuser.me/api/portraits/men/35.jpg', 'medium': 'https://randomuser.me/api/portraits/med/men/35.jpg', 'thumbnail': 'https://randomuser.me/api/portraits/thumb/men/35.jpg'}</msg>
<arg>${json_data['results'][0]['picture']}</arg>
<doc>Logs the given message with the given level.</doc>
<status status="PASS" start="2024-03-27T03:15:11.750968" elapsed="0.000374"/>
</kw>
<status status="PASS" start="2024-03-27T03:15:11.678069" elapsed="0.073523"/>
</kw>
<kw name="Teste de Tipos de Dados - Postcode" owner="random-user-service">
<kw name="GET On Session" owner="RequestsLibrary">
<msg time="2024-03-27T03:15:11.842804" level="INFO">GET Request : url=https://randomuser.me/api 
 path_url=/api 
 headers={'User-Agent': 'python-requests/2.31.0', 'Accept-Encoding': 'gzip, deflate', 'Accept': '*/*', 'Connection': 'keep-alive'} 
 body=None 
 </msg>
<msg time="2024-03-27T03:15:11.842870" level="INFO">GET Response : url=https://randomuser.me/api 
 status=200, reason=OK 
 headers={'Date': 'Wed, 27 Mar 2024 03:15:11 GMT', 'Content-Type': 'application/json; charset=utf-8', 'Transfer-Encoding': 'chunked', 'Connection': 'keep-alive', 'X-Powered-By': 'Express', 'Access-Control-Allow-Origin': '*', 'Cache-Control': 'no-cache', 'ETag': 'W/"48d-QplJpFPoTvr+TaILeiWhgC3g7Dc"', 'Vary': 'Accept-Encoding', 'Content-Encoding': 'gzip', 'CF-Cache-Status': 'DYNAMIC', 'Report-To': '{"endpoints":[{"url":"https:\\/\\/a.nel.cloudflare.com\\/report\\/v4?s=8EpMAjF0rkZejT9XUqs%2BfpGDliwQEizCCrPCppAASR3n%2BssPL8b%2BdbM9mFejHkFDbZZYdUz4UBcNP2wFAnnHbyNXK7rPVdsx%2FyFmIoZt4Z%2Fg9jYLcOtS3AXSXhnQPKzR"}],"group":"cf-nel","max_age":604800}', 'NEL': '{"success_fraction":0,"report_to":"cf-nel","max_age":604800}', 'Server': 'cloudflare', 'CF-RAY': '86ac36ee7fa272ef-IAD', 'alt-svc': 'h3=":443"; ma=86400'} 
 body={"results":[{"gender":"female","name":{"title":"Mrs","first":"Tamara","last":"Paunović"},"location":{"street":{"number":8911,"name":"Liparska"},"city":"Ruma","state":"Peć","country":"Serbia","postcode":60633,"coordinates":{"latitude":"56.8966","longitude":"72.2611"},"timezone":{"offset":"-4:00","description":"Atlantic Time (Canada), Caracas, La Paz"}},"email":"tamara.paunovic@example.com","login":{"uuid":"d864e6b7-9deb-41a3-b5da-9f987d71dd36","username":"purplelion947","password":"stumpy","salt":"23SgPoRw","md5":"8ea8e5122608bf3cb93704d87b2cae79","sha1":"dc75a2ec9a28042b8aa1e163e7afcaf52f8d2140","sha256":"5fe0f424196d4a5466b3df11c86f53f99dda4843eff2890fbf9efb097d2d85e5"},"dob":{"date":"1977-04-12T18:56:06.879Z","age":46},"registered":{"date":"2013-04-20T16:45:02.711Z","age":10},"phone":"034-0882-451","cell":"062-5780-257","id":{"name":"SID","value":"017086937"},"picture":{"large":"https://randomuser.me/api/portraits/women/45.jpg","medium":"https://randomuser.me/api/portraits/med/women/45.jpg","thumbnail":"https://randomuser.me/api/portraits/thumb/women/45.jpg"},"nat":"RS"}],"info":{"seed":"d05dbdb31515dd3b","results":1,"page":1,"version":"1.4"}} 
 </msg>
<msg time="2024-03-27T03:15:11.842943" level="INFO">/opt/hostedtoolcache/Python/3.12.2/x64/lib/python3.12/site-packages/urllib3/connectionpool.py:1103: InsecureRequestWarning: Unverified HTTPS request is being made to host 'randomuser.me'. Adding certificate verification is strongly advised. See: https://urllib3.readthedocs.io/en/latest/advanced-usage.html#tls-warnings
  warnings.warn(</msg>
<msg time="2024-03-27T03:15:11.843032" level="INFO">${response} = &lt;Response [200]&gt;</msg>
<var>${response}</var>
<arg>consultarAPI</arg>
<arg>/api</arg>
<doc>Sends a GET request on a previously created HTTP Session.</doc>
<status status="PASS" start="2024-03-27T03:15:11.752141" elapsed="0.090918"/>
</kw>
<kw name="Set Variable" owner="BuiltIn">
<msg time="2024-03-27T03:15:11.843926" level="INFO">${json_data} = {'results': [{'gender': 'female', 'name': {'title': 'Mrs', 'first': 'Tamara', 'last': 'Paunović'}, 'location': {'street': {'number': 8911, 'name': 'Liparska'}, 'city': 'Ruma', 'state': 'Peć', 'country...</msg>
<var>${json_data}</var>
<arg>${response.json()}</arg>
<doc>Returns the given values which can then be assigned to a variables.</doc>
<status status="PASS" start="2024-03-27T03:15:11.843457" elapsed="0.000500"/>
</kw>
<kw name="Log" owner="BuiltIn">
<msg time="2024-03-27T03:15:11.844447" level="INFO">{'results': [{'gender': 'female', 'name': {'title': 'Mrs', 'first': 'Tamara', 'last': 'Paunović'}, 'location': {'street': {'number': 8911, 'name': 'Liparska'}, 'city': 'Ruma', 'state': 'Peć', 'country': 'Serbia', 'postcode': 60633, 'coordinates': {'latitude': '56.8966', 'longitude': '72.2611'}, 'timezone': {'offset': '-4:00', 'description': 'Atlantic Time (Canada), Caracas, La Paz'}}, 'email': 'tamara.paunovic@example.com', 'login': {'uuid': 'd864e6b7-9deb-41a3-b5da-9f987d71dd36', 'username': 'purplelion947', 'password': 'stumpy', 'salt': '23SgPoRw', 'md5': '8ea8e5122608bf3cb93704d87b2cae79', 'sha1': 'dc75a2ec9a28042b8aa1e163e7afcaf52f8d2140', 'sha256': '5fe0f424196d4a5466b3df11c86f53f99dda4843eff2890fbf9efb097d2d85e5'}, 'dob': {'date': '1977-04-12T18:56:06.879Z', 'age': 46}, 'registered': {'date': '2013-04-20T16:45:02.711Z', 'age': 10}, 'phone': '034-0882-451', 'cell': '062-5780-257', 'id': {'name': 'SID', 'value': '017086937'}, 'picture': {'large': 'https://randomuser.me/api/portraits/women/45.jpg', 'medium': 'https://randomuser.me/api/portraits/med/women/45.jpg', 'thumbnail': 'https://randomuser.me/api/portraits/thumb/women/45.jpg'}, 'nat': 'RS'}], 'info': {'seed': 'd05dbdb31515dd3b', 'results': 1, 'page': 1, 'version': '1.4'}}</msg>
<arg>${json_data}</arg>
<doc>Logs the given message with the given level.</doc>
<status status="PASS" start="2024-03-27T03:15:11.844267" elapsed="0.000262"/>
</kw>
<kw name="Should Be Equal As Numbers" owner="BuiltIn">
<arg>${json_data['results'][0]['location']['postcode']}</arg>
<arg>${json_data['results'][0]['location']['postcode']}</arg>
<doc>Fails if objects are unequal after converting them to real numbers.</doc>
<status status="PASS" start="2024-03-27T03:15:11.844835" elapsed="0.000639"/>
</kw>
<kw name="Log" owner="BuiltIn">
<msg time="2024-03-27T03:15:11.846017" level="INFO">60633</msg>
<arg>${json_data['results'][0]['location']['postcode']}</arg>
<doc>Logs the given message with the given level.</doc>
<status status="PASS" start="2024-03-27T03:15:11.845678" elapsed="0.000380"/>
</kw>
<status status="PASS" start="2024-03-27T03:15:11.751804" elapsed="0.094509"/>
</kw>
<doc>Testa se os tipos de dados na resposta da API estão corretos.</doc>
<tag>testeTiposDados</tag>
<status status="PASS" start="2024-03-27T03:15:11.677629" elapsed="0.168848"/>
</test>
<test id="s1-s1-t5" name="Validar conteudo" line="35">
<kw name="Teste de Tipos de Conteudo" owner="random-user-service">
<kw name="GET On Session" owner="RequestsLibrary">
<msg time="2024-03-27T03:15:11.943984" level="INFO">GET Request : url=https://randomuser.me/api 
 path_url=/api 
 headers={'User-Agent': 'python-requests/2.31.0', 'Accept-Encoding': 'gzip, deflate', 'Accept': '*/*', 'Connection': 'keep-alive'} 
 body=None 
 </msg>
<msg time="2024-03-27T03:15:11.944047" level="INFO">GET Response : url=https://randomuser.me/api 
 status=200, reason=OK 
 headers={'Date': 'Wed, 27 Mar 2024 03:15:11 GMT', 'Content-Type': 'application/json; charset=utf-8', 'Transfer-Encoding': 'chunked', 'Connection': 'keep-alive', 'X-Powered-By': 'Express', 'Access-Control-Allow-Origin': '*', 'Cache-Control': 'no-cache', 'ETag': 'W/"489-9KDiQd9QR4XGyi+gH+ztYmOosWw"', 'Vary': 'Accept-Encoding', 'Content-Encoding': 'gzip', 'CF-Cache-Status': 'DYNAMIC', 'Report-To': '{"endpoints":[{"url":"https:\\/\\/a.nel.cloudflare.com\\/report\\/v4?s=mFMj5wyja%2ByvwdR8bn0fLQoMzYUzCNikPyYpnw1geonMx6X3u0A8SgSsoUfk6n1XSXETYGzuVjJk%2Bk6eofFyWGrN%2FkbWaCUAIWzQjjkKaVMIoF2CXkyaz2CcShJ20oVx"}],"group":"cf-nel","max_age":604800}', 'NEL': '{"success_fraction":0,"report_to":"cf-nel","max_age":604800}', 'Server': 'cloudflare', 'CF-RAY': '86ac36ef190f72ef-IAD', 'alt-svc': 'h3=":443"; ma=86400'} 
 body={"results":[{"gender":"male","name":{"title":"Mr","first":"Deepak","last":"Banerjee"},"location":{"street":{"number":9248,"name":"Bannerghatta Rd"},"city":"Panvel","state":"Jammu and Kashmir","country":"India","postcode":85330,"coordinates":{"latitude":"12.0437","longitude":"-8.1933"},"timezone":{"offset":"-11:00","description":"Midway Island, Samoa"}},"email":"deepak.banerjee@example.com","login":{"uuid":"410e0b6d-7590-4e71-a295-015c72d2c479","username":"organicfrog118","password":"bermuda","salt":"EvKa4Dg6","md5":"b6586830a5f5f3d80296f0957734c2ee","sha1":"3c1d9dce7b63df8bea0e1541117d67cb2f2354f7","sha256":"e1a4e21d664825e5fc8d8eb71246100d05a8b0abd1b377d3d4a6e490cf9431f3"},"dob":{"date":"1948-10-14T15:32:54.495Z","age":75},"registered":{"date":"2009-09-11T17:15:43.489Z","age":14},"phone":"8181724675","cell":"9781633642","id":{"name":"UIDAI","value":"879362877660"},"picture":{"large":"https://randomuser.me/api/portraits/men/75.jpg","medium":"https://randomuser.me/api/portraits/med/men/75.jpg","thumbnail":"https://randomuser.me/api/portraits/thumb/men/75.jpg"},"nat":"IN"}],"info":{"seed":"e2791046a6dccd70","results":1,"page":1,"version":"1.4"}} 
 </msg>
<msg time="2024-03-27T03:15:11.944102" level="INFO">/opt/hostedtoolcache/Python/3.12.2/x64/lib/python3.12/site-packages/urllib3/connectionpool.py:1103: InsecureRequestWarning: Unverified HTTPS request is being made to host 'randomuser.me'. Adding certificate verification is strongly advised. See: https://urllib3.readthedocs.io/en/latest/advanced-usage.html#tls-warnings
  warnings.warn(</msg>
<msg time="2024-03-27T03:15:11.944188" level="INFO">${response} = &lt;Response [200]&gt;</msg>
<var>${response}</var>
<arg>consultarAPI</arg>
<arg>/api</arg>
<doc>Sends a GET request on a previously created HTTP Session.</doc>
<status status="PASS" start="2024-03-27T03:15:11.849318" elapsed="0.094894"/>
</kw>
<kw name="Set Variable" owner="BuiltIn">
<msg time="2024-03-27T03:15:11.945047" level="INFO">${json_data} = {'results': [{'gender': 'male', 'name': {'title': 'Mr', 'first': 'Deepak', 'last': 'Banerjee'}, 'location': {'street': {'number': 9248, 'name': 'Bannerghatta Rd'}, 'city': 'Panvel', 'state': 'Jammu an...</msg>
<var>${json_data}</var>
<arg>${response.json()}</arg>
<doc>Returns the given values which can then be assigned to a variables.</doc>
<status status="PASS" start="2024-03-27T03:15:11.944595" elapsed="0.000479"/>
</kw>
<kw name="Set Variable" owner="BuiltIn">
<msg time="2024-03-27T03:15:11.945755" level="INFO">${name_title} = Mr</msg>
<var>${name_title}</var>
<arg>${json_data["results"][0]["name"]["title"]}</arg>
<doc>Returns the given values which can then be assigned to a variables.</doc>
<status status="PASS" start="2024-03-27T03:15:11.945377" elapsed="0.000403"/>
</kw>
<kw name="Create List" owner="BuiltIn">
<msg time="2024-03-27T03:15:11.946225" level="INFO">${allowed_titles} = ['Mr', 'Ms', 'Miss', 'Mrs', 'Madame', 'Monsieur']</msg>
<var>${allowed_titles}</var>
<arg>Mr</arg>
<arg>Ms</arg>
<arg>Miss</arg>
<arg>Mrs</arg>
<arg>Madame</arg>
<arg>Monsieur</arg>
<doc>Returns a list containing given items.</doc>
<status status="PASS" start="2024-03-27T03:15:11.946076" elapsed="0.000174"/>
</kw>
<kw name="List Should Contain Value" owner="Collections">
<msg time="2024-03-27T03:15:11.946786" level="INFO">False</msg>
<arg>${allowed_titles}</arg>
<arg>${name_title}</arg>
<doc>Fails if the ``value`` is not found from ``list``.</doc>
<status status="PASS" start="2024-03-27T03:15:11.946563" elapsed="0.000269"/>
</kw>
<kw name="Set Variable" owner="BuiltIn">
<msg time="2024-03-27T03:15:11.947508" level="INFO">${name_country} = IN</msg>
<var>${name_country}</var>
<arg>${json_data["results"][0]["nat"]}</arg>
<doc>Returns the given values which can then be assigned to a variables.</doc>
<status status="PASS" start="2024-03-27T03:15:11.947128" elapsed="0.000405"/>
</kw>
<kw name="Create List" owner="BuiltIn">
<msg time="2024-03-27T03:15:11.948439" level="INFO">${list_country} = ['AD', 'AE', 'AF', 'AG', 'AI', 'AL', 'AM', 'AO', 'AQ', 'AR', 'AS', 'AT', 'AU', 'AW', 'AX', 'AZ', 'BA', 'BB', 'BD', 'BE', 'BF', 'BG', 'BH', 'BI', 'BJ', 'BL', 'BM', 'BN', 'BO', 'BQ', 'BR', 'BS', 'BT', '...</msg>
<var>${list_country}</var>
<arg>AD</arg>
<arg>AE</arg>
<arg>AF</arg>
<arg>AG</arg>
<arg>AI</arg>
<arg>AL</arg>
<arg>AM</arg>
<arg>AO</arg>
<arg>AQ</arg>
<arg>AR</arg>
<arg>AS</arg>
<arg>AT</arg>
<arg>AU</arg>
<arg>AW</arg>
<arg>AX</arg>
<arg>AZ</arg>
<arg>BA</arg>
<arg>BB</arg>
<arg>BD</arg>
<arg>BE</arg>
<arg>BF</arg>
<arg>BG</arg>
<arg>BH</arg>
<arg>BI</arg>
<arg>BJ</arg>
<arg>BL</arg>
<arg>BM</arg>
<arg>BN</arg>
<arg>BO</arg>
<arg>BQ</arg>
<arg>BR</arg>
<arg>BS</arg>
<arg>BT</arg>
<arg>BV</arg>
<arg>BW</arg>
<arg>BY</arg>
<arg>BZ</arg>
<arg>CA</arg>
<arg>CC</arg>
<arg>CD</arg>
<arg>CF</arg>
<arg>CG</arg>
<arg>CH</arg>
<arg>CI</arg>
<arg>CK</arg>
<arg>CL</arg>
<arg>CM</arg>
<arg>CN</arg>
<arg>CO</arg>
<arg>CR</arg>
<arg>CU</arg>
<arg>CV</arg>
<arg>CW</arg>
<arg>CX</arg>
<arg>CY</arg>
<arg>CZ</arg>
<arg>DE</arg>
<arg>DJ</arg>
<arg>DK</arg>
<arg>DM</arg>
<arg>DO</arg>
<arg>DZ</arg>
<arg>EC</arg>
<arg>EE</arg>
<arg>EG</arg>
<arg>EH</arg>
<arg>ER</arg>
<arg>ES</arg>
<arg>ET</arg>
<arg>FI</arg>
<arg>FJ</arg>
<arg>FK</arg>
<arg>FM</arg>
<arg>FO</arg>
<arg>FR</arg>
<arg>GA</arg>
<arg>GB</arg>
<arg>GD</arg>
<arg>GE</arg>
<arg>GF</arg>
<arg>GG</arg>
<arg>GH</arg>
<arg>GI</arg>
<arg>GL</arg>
<arg>GM</arg>
<arg>GN</arg>
<arg>GP</arg>
<arg>GQ</arg>
<arg>GR</arg>
<arg>GS</arg>
<arg>GT</arg>
<arg>GU</arg>
<arg>GW</arg>
<arg>GY</arg>
<arg>HK</arg>
<arg>HM</arg>
<arg>HN</arg>
<arg>HR</arg>
<arg>HT</arg>
<arg>HU</arg>
<arg>ID</arg>
<arg>IE</arg>
<arg>IL</arg>
<arg>IM</arg>
<arg>IN</arg>
<arg>IO</arg>
<arg>IQ</arg>
<arg>IR</arg>
<arg>IS</arg>
<arg>IT</arg>
<arg>JE</arg>
<arg>JM</arg>
<arg>JO</arg>
<arg>JP</arg>
<arg>KE</arg>
<arg>KG</arg>
<arg>KH</arg>
<arg>KI</arg>
<arg>KM</arg>
<arg>KN</arg>
<arg>KP</arg>
<arg>KR</arg>
<arg>KW</arg>
<arg>KY</arg>
<arg>KZ</arg>
<arg>LA</arg>
<arg>LB</arg>
<arg>LC</arg>
<arg>LI</arg>
<arg>LK</arg>
<arg>LR</arg>
<arg>LS</arg>
<arg>LT</arg>
<arg>LU</arg>
<arg>LV</arg>
<arg>LY</arg>
<arg>MA</arg>
<arg>MC</arg>
<arg>MD</arg>
<arg>ME</arg>
<arg>MF</arg>
<arg>MG</arg>
<arg>MH</arg>
<arg>MK</arg>
<arg>ML</arg>
<arg>MM</arg>
<arg>MN</arg>
<arg>MO</arg>
<arg>MP</arg>
<arg>MQ</arg>
<arg>MR</arg>
<arg>MS</arg>
<arg>MT</arg>
<arg>MU</arg>
<arg>MV</arg>
<arg>MW</arg>
<arg>MX</arg>
<arg>MY</arg>
<arg>MZ</arg>
<arg>NA</arg>
<arg>NC</arg>
<arg>NE</arg>
<arg>NF</arg>
<arg>NG</arg>
<arg>NI</arg>
<arg>NL</arg>
<arg>NO</arg>
<arg>NP</arg>
<arg>NR</arg>
<arg>NU</arg>
<arg>NZ</arg>
<arg>OM</arg>
<arg>PA</arg>
<arg>PE</arg>
<arg>PF</arg>
<arg>PG</arg>
<arg>PH</arg>
<arg>PK</arg>
<arg>PL</arg>
<arg>PM</arg>
<arg>PN</arg>
<arg>PR</arg>
<arg>PS</arg>
<arg>PT</arg>
<arg>PW</arg>
<arg>PY</arg>
<arg>QA</arg>
<arg>RE</arg>
<arg>RO</arg>
<arg>RS</arg>
<arg>RU</arg>
<arg>RW</arg>
<arg>SA</arg>
<arg>SB</arg>
<arg>SC</arg>
<arg>SD</arg>
<arg>SE</arg>
<arg>SG</arg>
<arg>SH</arg>
<arg>SI</arg>
<arg>SJ</arg>
<arg>SK</arg>
<arg>SL</arg>
<arg>SM</arg>
<arg>SN</arg>
<arg>SO</arg>
<arg>SR</arg>
<arg>SS</arg>
<arg>ST</arg>
<arg>SV</arg>
<arg>SX</arg>
<arg>SY</arg>
<arg>SZ</arg>
<arg>TC</arg>
<arg>TD</arg>
<arg>TF</arg>
<arg>TG</arg>
<arg>TH</arg>
<arg>TJ</arg>
<arg>TK</arg>
<arg>TL</arg>
<arg>TM</arg>
<arg>TN</arg>
<arg>TO</arg>
<arg>TR</arg>
<arg>TT</arg>
<arg>TV</arg>
<arg>TW</arg>
<arg>TZ</arg>
<arg>UA</arg>
<arg>UG</arg>
<arg>UM</arg>
<arg>US</arg>
<arg>UY</arg>
<arg>UZ</arg>
<arg>VA</arg>
<arg>VC</arg>
<arg>VE</arg>
<arg>VG</arg>
<arg>VI</arg>
<arg>VN</arg>
<arg>VU</arg>
<arg>WF</arg>
<arg>WS</arg>
<arg>XK</arg>
<arg>YE</arg>
<arg>YT</arg>
<arg>ZA</arg>
<arg>ZM</arg>
<arg>ZW</arg>
<doc>Returns a list containing given items.</doc>
<status status="PASS" start="2024-03-27T03:15:11.947841" elapsed="0.000624"/>
</kw>
<kw name="List Should Contain Value" owner="Collections">
<msg time="2024-03-27T03:15:11.949572" level="INFO">False</msg>
<arg>${list_country}</arg>
<arg>${name_country}</arg>
<doc>Fails if the ``value`` is not found from ``list``.</doc>
<status status="PASS" start="2024-03-27T03:15:11.949368" elapsed="0.000241"/>
</kw>
<kw name="Run Keyword If" owner="BuiltIn">
<kw name="Should Be True" owner="BuiltIn">
<arg>${True}</arg>
<doc>Fails if the given condition is not true.</doc>
<status status="PASS" start="2024-03-27T03:15:11.950699" elapsed="0.000148"/>
</kw>
<arg>${json_data["results"][0]["location"]["coordinates"]["latitude"]} &gt;= -90 and ${json_data["results"][0]["location"]["coordinates"]["latitude"]} &lt;= 90</arg>
<arg>Should Be True</arg>
<arg>${True}</arg>
<doc>Runs the given keyword with the given arguments, if ``condition`` is true.</doc>
<status status="PASS" start="2024-03-27T03:15:11.949921" elapsed="0.001054"/>
</kw>
<kw name="Run Keyword If" owner="BuiltIn">
<kw name="Should Be True" owner="BuiltIn">
<arg>${True}</arg>
<doc>Fails if the given condition is not true.</doc>
<status status="PASS" start="2024-03-27T03:15:11.951862" elapsed="0.000138"/>
</kw>
<arg>${json_data["results"][0]["location"]["coordinates"]["longitude"]} &gt;= -180 and ${json_data["results"][0]["location"]["coordinates"]["longitude"]} &lt;= 180</arg>
<arg>Should Be True</arg>
<arg>${True}</arg>
<doc>Runs the given keyword with the given arguments, if ``condition`` is true.</doc>
<status status="PASS" start="2024-03-27T03:15:11.951160" elapsed="0.000964"/>
</kw>
<status status="PASS" start="2024-03-27T03:15:11.848938" elapsed="0.103313"/>
</kw>
<doc>Testa o conteúdo específico dos campos retornados pela API.</doc>
<tag>testeConteudo</tag>
<status status="PASS" start="2024-03-27T03:15:11.848243" elapsed="0.104153"/>
</test>
<status status="PASS" start="2024-03-27T03:15:10.883886" elapsed="1.070383"/>
</suite>
<status status="PASS" start="2024-03-27T03:15:10.869494" elapsed="1.090029"/>
</suite>
<statistics>
<total>
<stat pass="5" fail="0" skip="0">All Tests</stat>
</total>
<tag>
<stat pass="1" fail="0" skip="0">testeConteudo</stat>
<stat pass="1" fail="0" skip="0">testeEstruturaResposta</stat>
<stat pass="1" fail="0" skip="0">testeRequisicaoBasica</stat>
<stat pass="1" fail="0" skip="0">testeTiposDados</stat>
</tag>
<suite>
<stat pass="5" fail="0" skip="0" id="s1" name="Tests">Tests</stat>
<stat pass="5" fail="0" skip="0" id="s1-s1" name="Random-User-Test">Tests.Random-User-Test</stat>
</suite>
</statistics>
<errors>
</errors>
</robot>
