<?xml version="1.0" encoding="UTF-8"?>
<robot generator="Robot 7.0 (Python 3.12.3 on linux)" generated="2024-05-04T20:15:20.018939" rpa="false" schemaversion="5">
<suite id="s1" name="Tests" source="/home/runner/work/DesafioQAItauRogerioJordao/DesafioQAItauRogerioJordao/RamdonUser/tests">
<suite id="s1-s1" name="Random-User-Test" source="/home/runner/work/DesafioQAItauRogerioJordao/DesafioQAItauRogerioJordao/RamdonUser/tests/random-user-test.robot">
<test id="s1-s1-t1" name="Conectar" line="13">
<kw name="Conectar API" owner="random-user-service">
<kw name="Create Session" owner="RequestsLibrary">
<msg time="2024-05-04T20:15:20.371164" level="INFO">Creating Session using : alias=consultarAPI, url=https://randomuser.me/, headers={},                     cookies={}, auth=None, timeout=None, proxies=None, verify=False,                     debug=0 </msg>
<arg>consultarAPI</arg>
<arg>${URL}</arg>
<doc>Create Session: create a HTTP session to a server</doc>
<status status="PASS" start="2024-05-04T20:15:20.370975" elapsed="0.000366"/>
</kw>
<status status="PASS" start="2024-05-04T20:15:20.370043" elapsed="0.001638"/>
</kw>
<status status="PASS" start="2024-05-04T20:15:20.369470" elapsed="0.002402"/>
</test>
<test id="s1-s1-t2" name="Validar retorno 200 e JSON Válido" line="16">
<kw name="Teste de Requisicao Basica" owner="random-user-service">
<kw name="GET On Session" owner="RequestsLibrary">
<msg time="2024-05-04T20:15:20.617357" level="INFO">GET Request : url=https://randomuser.me/api 
 path_url=/api 
 headers={'User-Agent': 'python-requests/2.31.0', 'Accept-Encoding': 'gzip, deflate', 'Accept': '*/*', 'Connection': 'keep-alive'} 
 body=None 
 </msg>
<msg time="2024-05-04T20:15:20.617461" level="INFO">GET Response : url=https://randomuser.me/api 
 status=200, reason=OK 
 headers={'Date': 'Sat, 04 May 2024 20:15:20 GMT', 'Content-Type': 'application/json; charset=utf-8', 'Transfer-Encoding': 'chunked', 'Connection': 'keep-alive', 'X-Powered-By': 'Express', 'Access-Control-Allow-Origin': '*', 'Cache-Control': 'no-cache', 'ETag': 'W/"4a0-i7mpa0SeE/doCsGRNSWmt1zb4nM"', 'Vary': 'Accept-Encoding', 'Content-Encoding': 'gzip', 'CF-Cache-Status': 'DYNAMIC', 'Report-To': '{"endpoints":[{"url":"https:\\/\\/a.nel.cloudflare.com\\/report\\/v4?s=qpsSw5Jo0ajGr%2BqiCywVoibKr%2BP9AQheDxS6EVTwJYHk72dy%2F%2Byjf1eqbCrp1ZxhDdqQHyHKm0eg1qmneY5pAogtkSCFoaRdY3uBPjJJpuaipa4wNxB8Jh%2Bt3376wLB0"}],"group":"cf-nel","max_age":604800}', 'NEL': '{"success_fraction":0,"report_to":"cf-nel","max_age":604800}', 'Server': 'cloudflare', 'CF-RAY': '87eb29898b9889fb-ORD', 'alt-svc': 'h3=":443"; ma=86400'} 
 body={"results":[{"gender":"male","name":{"title":"Mr","first":"ایلیا","last":"سلطانی نژاد"},"location":{"street":{"number":8102,"name":"میدان رسالت"},"city":"بابل","state":"مازندران","country":"Iran","postcode":20729,"coordinates":{"latitude":"13.2046","longitude":"-88.1859"},"timezone":{"offset":"-4:00","description":"Atlantic Time (Canada), Caracas, La Paz"}},"email":"yly.sltnynjd@example.com","login":{"uuid":"454cb391-139c-46fa-b319-98d5d848d632","username":"biglion657","password":"chunky","salt":"fmKUy0OB","md5":"274beee95281372ab36bbf3a4f8d9bff","sha1":"47d1b9e18d112334f65f5fe7419a06d4627584d0","sha256":"0503b32db8e1c729b89f23fd8f63a5cac04348af55ba3178f1c91fd0a2dc37f8"},"dob":{"date":"1975-07-17T07:02:47.379Z","age":48},"registered":{"date":"2018-12-22T18:12:06.657Z","age":5},"phone":"085-25841137","cell":"0980-675-3540","id":{"name":"","value":null},"picture":{"large":"https://randomuser.me/api/portraits/men/32.jpg","medium":"https://randomuser.me/api/portraits/med/men/32.jpg","thumbnail":"https://randomuser.me/api/portraits/thumb/men/32.jpg"},"nat":"IR"}],"info":{"seed":"aecc1446547c8946","results":1,"page":1,"version":"1.4"}} 
 </msg>
<msg time="2024-05-04T20:15:20.617532" level="INFO">/opt/hostedtoolcache/Python/3.12.3/x64/lib/python3.12/site-packages/urllib3/connectionpool.py:1103: InsecureRequestWarning: Unverified HTTPS request is being made to host 'randomuser.me'. Adding certificate verification is strongly advised. See: https://urllib3.readthedocs.io/en/latest/advanced-usage.html#tls-warnings
  warnings.warn(</msg>
<msg time="2024-05-04T20:15:20.617664" level="INFO">${response} = &lt;Response [200]&gt;</msg>
<var>${response}</var>
<arg>consultarAPI</arg>
<arg>/api</arg>
<doc>Sends a GET request on a previously created HTTP Session.</doc>
<status status="PASS" start="2024-05-04T20:15:20.374535" elapsed="0.243174"/>
</kw>
<kw name="Should Be Equal As Numbers" owner="BuiltIn">
<msg time="2024-05-04T20:15:20.618508" level="INFO">Argument types are:
&lt;class 'int'&gt;
&lt;class 'str'&gt;</msg>
<arg>${response.status_code}</arg>
<arg>200</arg>
<doc>Fails if objects are unequal after converting them to real numbers.</doc>
<status status="PASS" start="2024-05-04T20:15:20.618095" elapsed="0.000477"/>
</kw>
<kw name="Log" owner="BuiltIn">
<msg time="2024-05-04T20:15:20.619279" level="INFO">200</msg>
<arg>${response.status_code}</arg>
<doc>Logs the given message with the given level.</doc>
<status status="PASS" start="2024-05-04T20:15:20.618910" elapsed="0.000413"/>
</kw>
<kw name="Set Variable" owner="BuiltIn">
<msg time="2024-05-04T20:15:20.620090" level="INFO">${json_data} = {'results': [{'gender': 'male', 'name': {'title': 'Mr', 'first': 'ایلیا', 'last': 'سلطانی نژاد'}, 'location': {'street': {'number': 8102, 'name': 'میدان رسالت'}, 'city': 'بابل', 'state': 'مازندران', '...</msg>
<var>${json_data}</var>
<arg>${response.json()}</arg>
<doc>Returns the given values which can then be assigned to a variables.</doc>
<status status="PASS" start="2024-05-04T20:15:20.619632" elapsed="0.000489"/>
</kw>
<kw name="Dictionary Should Contain Key" owner="Collections">
<msg time="2024-05-04T20:15:20.620631" level="INFO">False</msg>
<arg>${json_data}</arg>
<arg>results</arg>
<doc>Fails if ``key`` is not found from ``dictionary``.</doc>
<status status="PASS" start="2024-05-04T20:15:20.620466" elapsed="0.000210"/>
</kw>
<status status="PASS" start="2024-05-04T20:15:20.374294" elapsed="0.246633"/>
</kw>
<doc>Testa se a API responde corretamente e retorna um objeto JSON válido.</doc>
<tag>testeRequisicaoBasica</tag>
<status status="PASS" start="2024-05-04T20:15:20.373782" elapsed="0.247315"/>
</test>
<test id="s1-s1-t3" name="Validar estrutura de resposta" line="22">
<kw name="Teste de Estrutura de Resposta" owner="random-user-service">
<kw name="GET On Session" owner="RequestsLibrary">
<msg time="2024-05-04T20:15:20.714046" level="INFO">GET Request : url=https://randomuser.me/api 
 path_url=/api 
 headers={'User-Agent': 'python-requests/2.31.0', 'Accept-Encoding': 'gzip, deflate', 'Accept': '*/*', 'Connection': 'keep-alive'} 
 body=None 
 </msg>
<msg time="2024-05-04T20:15:20.714132" level="INFO">GET Response : url=https://randomuser.me/api 
 status=200, reason=OK 
 headers={'Date': 'Sat, 04 May 2024 20:15:20 GMT', 'Content-Type': 'application/json; charset=utf-8', 'Transfer-Encoding': 'chunked', 'Connection': 'keep-alive', 'X-Powered-By': 'Express', 'Access-Control-Allow-Origin': '*', 'Cache-Control': 'no-cache', 'ETag': 'W/"479-4nPalnVvnryhyKbOLOgPZtbnO90"', 'Vary': 'Accept-Encoding', 'Content-Encoding': 'gzip', 'CF-Cache-Status': 'DYNAMIC', 'Report-To': '{"endpoints":[{"url":"https:\\/\\/a.nel.cloudflare.com\\/report\\/v4?s=A6Ggghry4G1jIh6dFpOwux7g9H%2Bm5xRDURSUyGeSVfODSrqnJ9WWV6cxyTypzZ3RlRLYdXO%2FyJ0I9YzarBx9OGYbu33V6kLQfko5AODvTssYgVLOogxFmWoJsIJ%2FcLT3"}],"group":"cf-nel","max_age":604800}', 'NEL': '{"success_fraction":0,"report_to":"cf-nel","max_age":604800}', 'Server': 'cloudflare', 'CF-RAY': '87eb2989ebf889fb-ORD', 'alt-svc': 'h3=":443"; ma=86400'} 
 body={"results":[{"gender":"male","name":{"title":"Mr","first":"Boško","last":"Šotra"},"location":{"street":{"number":6114,"name":"Porodice Dimić"},"city":"Opovo","state":"Toplica","country":"Serbia","postcode":78460,"coordinates":{"latitude":"56.4832","longitude":"-57.9217"},"timezone":{"offset":"+2:00","description":"Kaliningrad, South Africa"}},"email":"bosko.sotra@example.com","login":{"uuid":"1b89a9ec-fefb-41b8-bfa5-76dd4e1ff73a","username":"purplegoose524","password":"vbnm","salt":"039RhRFT","md5":"41919a07311f3ab3e2b4d6908dc4cdbc","sha1":"f1f6b055a0f950045edba70a6663e8784d8d4aba","sha256":"54983791a39804d389a68d525db519ed2cd2c7a5b3dd1415df73c4c73b97110c"},"dob":{"date":"1965-12-14T07:45:09.942Z","age":58},"registered":{"date":"2018-08-15T10:27:26.242Z","age":5},"phone":"018-0994-266","cell":"060-6463-005","id":{"name":"SID","value":"900028338"},"picture":{"large":"https://randomuser.me/api/portraits/men/81.jpg","medium":"https://randomuser.me/api/portraits/med/men/81.jpg","thumbnail":"https://randomuser.me/api/portraits/thumb/men/81.jpg"},"nat":"RS"}],"info":{"seed":"d88fa6d0501e8bf0","results":1,"page":1,"version":"1.4"}} 
 </msg>
<msg time="2024-05-04T20:15:20.714245" level="INFO">/opt/hostedtoolcache/Python/3.12.3/x64/lib/python3.12/site-packages/urllib3/connectionpool.py:1103: InsecureRequestWarning: Unverified HTTPS request is being made to host 'randomuser.me'. Adding certificate verification is strongly advised. See: https://urllib3.readthedocs.io/en/latest/advanced-usage.html#tls-warnings
  warnings.warn(</msg>
<msg time="2024-05-04T20:15:20.714356" level="INFO">${response} = &lt;Response [200]&gt;</msg>
<var>${response}</var>
<arg>consultarAPI</arg>
<arg>/api</arg>
<doc>Sends a GET request on a previously created HTTP Session.</doc>
<status status="PASS" start="2024-05-04T20:15:20.623728" elapsed="0.090672"/>
</kw>
<kw name="Set Variable" owner="BuiltIn">
<msg time="2024-05-04T20:15:20.715227" level="INFO">${json_data} = {'results': [{'gender': 'male', 'name': {'title': 'Mr', 'first': 'Boško', 'last': 'Šotra'}, 'location': {'street': {'number': 6114, 'name': 'Porodice Dimić'}, 'city': 'Opovo', 'state': 'Toplica', 'cou...</msg>
<var>${json_data}</var>
<arg>${response.json()}</arg>
<doc>Returns the given values which can then be assigned to a variables.</doc>
<status status="PASS" start="2024-05-04T20:15:20.714759" elapsed="0.000498"/>
</kw>
<kw name="Log" owner="BuiltIn">
<msg time="2024-05-04T20:15:20.715727" level="INFO">{'results': [{'gender': 'male', 'name': {'title': 'Mr', 'first': 'Boško', 'last': 'Šotra'}, 'location': {'street': {'number': 6114, 'name': 'Porodice Dimić'}, 'city': 'Opovo', 'state': 'Toplica', 'country': 'Serbia', 'postcode': 78460, 'coordinates': {'latitude': '56.4832', 'longitude': '-57.9217'}, 'timezone': {'offset': '+2:00', 'description': 'Kaliningrad, South Africa'}}, 'email': 'bosko.sotra@example.com', 'login': {'uuid': '1b89a9ec-fefb-41b8-bfa5-76dd4e1ff73a', 'username': 'purplegoose524', 'password': 'vbnm', 'salt': '039RhRFT', 'md5': '41919a07311f3ab3e2b4d6908dc4cdbc', 'sha1': 'f1f6b055a0f950045edba70a6663e8784d8d4aba', 'sha256': '54983791a39804d389a68d525db519ed2cd2c7a5b3dd1415df73c4c73b97110c'}, 'dob': {'date': '1965-12-14T07:45:09.942Z', 'age': 58}, 'registered': {'date': '2018-08-15T10:27:26.242Z', 'age': 5}, 'phone': '018-0994-266', 'cell': '060-6463-005', 'id': {'name': 'SID', 'value': '900028338'}, 'picture': {'large': 'https://randomuser.me/api/portraits/men/81.jpg', 'medium': 'https://randomuser.me/api/portraits/med/men/81.jpg', 'thumbnail': 'https://randomuser.me/api/portraits/thumb/men/81.jpg'}, 'nat': 'RS'}], 'info': {'seed': 'd88fa6d0501e8bf0', 'results': 1, 'page': 1, 'version': '1.4'}}</msg>
<arg>${json_data}</arg>
<doc>Logs the given message with the given level.</doc>
<status status="PASS" start="2024-05-04T20:15:20.715563" elapsed="0.000215"/>
</kw>
<kw name="Dictionary Should Contain Key" owner="Collections">
<msg time="2024-05-04T20:15:20.716224" level="INFO">False</msg>
<arg>${json_data}</arg>
<arg>results</arg>
<doc>Fails if ``key`` is not found from ``dictionary``.</doc>
<status status="PASS" start="2024-05-04T20:15:20.716070" elapsed="0.000192"/>
</kw>
<kw name="Should Not Be Empty" owner="BuiltIn">
<msg time="2024-05-04T20:15:20.716736" level="INFO">Length is 2.</msg>
<arg>${json_data}</arg>
<doc>Verifies that the given item is not empty.</doc>
<status status="PASS" start="2024-05-04T20:15:20.716604" elapsed="0.000293"/>
</kw>
<kw name="Create List" owner="BuiltIn">
<msg time="2024-05-04T20:15:20.717337" level="INFO">${expected_keys} = ['gender', 'name', 'location', 'email', 'login']</msg>
<var>${expected_keys}</var>
<arg>gender</arg>
<arg>name</arg>
<arg>location</arg>
<arg>email</arg>
<arg>login</arg>
<doc>Returns a list containing given items.</doc>
<status status="PASS" start="2024-05-04T20:15:20.717190" elapsed="0.000172"/>
</kw>
<for flavor="IN">
<iter>
<kw name="Dictionary Should Contain Key" owner="Collections">
<msg time="2024-05-04T20:15:20.718325" level="INFO">False</msg>
<arg>${json_data['results'][0]}</arg>
<arg>${key}</arg>
<doc>Fails if ``key`` is not found from ``dictionary``.</doc>
<status status="PASS" start="2024-05-04T20:15:20.717926" elapsed="0.000437"/>
</kw>
<kw name="Log" owner="BuiltIn">
<msg time="2024-05-04T20:15:20.719030" level="INFO">{'gender': 'male', 'name': {'title': 'Mr', 'first': 'Boško', 'last': 'Šotra'}, 'location': {'street': {'number': 6114, 'name': 'Porodice Dimić'}, 'city': 'Opovo', 'state': 'Toplica', 'country': 'Serbia', 'postcode': 78460, 'coordinates': {'latitude': '56.4832', 'longitude': '-57.9217'}, 'timezone': {'offset': '+2:00', 'description': 'Kaliningrad, South Africa'}}, 'email': 'bosko.sotra@example.com', 'login': {'uuid': '1b89a9ec-fefb-41b8-bfa5-76dd4e1ff73a', 'username': 'purplegoose524', 'password': 'vbnm', 'salt': '039RhRFT', 'md5': '41919a07311f3ab3e2b4d6908dc4cdbc', 'sha1': 'f1f6b055a0f950045edba70a6663e8784d8d4aba', 'sha256': '54983791a39804d389a68d525db519ed2cd2c7a5b3dd1415df73c4c73b97110c'}, 'dob': {'date': '1965-12-14T07:45:09.942Z', 'age': 58}, 'registered': {'date': '2018-08-15T10:27:26.242Z', 'age': 5}, 'phone': '018-0994-266', 'cell': '060-6463-005', 'id': {'name': 'SID', 'value': '900028338'}, 'picture': {'large': 'https://randomuser.me/api/portraits/men/81.jpg', 'medium': 'https://randomuser.me/api/portraits/med/men/81.jpg', 'thumbnail': 'https://randomuser.me/api/portraits/thumb/men/81.jpg'}, 'nat': 'RS'}</msg>
<arg>${json_data['results'][0]}</arg>
<doc>Logs the given message with the given level.</doc>
<status status="PASS" start="2024-05-04T20:15:20.718664" elapsed="0.000416"/>
</kw>
<kw name="Log" owner="BuiltIn">
<msg time="2024-05-04T20:15:20.719505" level="INFO">gender</msg>
<arg>${key}</arg>
<doc>Logs the given message with the given level.</doc>
<status status="PASS" start="2024-05-04T20:15:20.719380" elapsed="0.000163"/>
</kw>
<var name="${key}">gender</var>
<status status="PASS" start="2024-05-04T20:15:20.717803" elapsed="0.001950"/>
</iter>
<iter>
<kw name="Dictionary Should Contain Key" owner="Collections">
<msg time="2024-05-04T20:15:20.720488" level="INFO">False</msg>
<arg>${json_data['results'][0]}</arg>
<arg>${key}</arg>
<doc>Fails if ``key`` is not found from ``dictionary``.</doc>
<status status="PASS" start="2024-05-04T20:15:20.720054" elapsed="0.000473"/>
</kw>
<kw name="Log" owner="BuiltIn">
<msg time="2024-05-04T20:15:20.721224" level="INFO">{'gender': 'male', 'name': {'title': 'Mr', 'first': 'Boško', 'last': 'Šotra'}, 'location': {'street': {'number': 6114, 'name': 'Porodice Dimić'}, 'city': 'Opovo', 'state': 'Toplica', 'country': 'Serbia', 'postcode': 78460, 'coordinates': {'latitude': '56.4832', 'longitude': '-57.9217'}, 'timezone': {'offset': '+2:00', 'description': 'Kaliningrad, South Africa'}}, 'email': 'bosko.sotra@example.com', 'login': {'uuid': '1b89a9ec-fefb-41b8-bfa5-76dd4e1ff73a', 'username': 'purplegoose524', 'password': 'vbnm', 'salt': '039RhRFT', 'md5': '41919a07311f3ab3e2b4d6908dc4cdbc', 'sha1': 'f1f6b055a0f950045edba70a6663e8784d8d4aba', 'sha256': '54983791a39804d389a68d525db519ed2cd2c7a5b3dd1415df73c4c73b97110c'}, 'dob': {'date': '1965-12-14T07:45:09.942Z', 'age': 58}, 'registered': {'date': '2018-08-15T10:27:26.242Z', 'age': 5}, 'phone': '018-0994-266', 'cell': '060-6463-005', 'id': {'name': 'SID', 'value': '900028338'}, 'picture': {'large': 'https://randomuser.me/api/portraits/men/81.jpg', 'medium': 'https://randomuser.me/api/portraits/med/men/81.jpg', 'thumbnail': 'https://randomuser.me/api/portraits/thumb/men/81.jpg'}, 'nat': 'RS'}</msg>
<arg>${json_data['results'][0]}</arg>
<doc>Logs the given message with the given level.</doc>
<status status="PASS" start="2024-05-04T20:15:20.720852" elapsed="0.000421"/>
</kw>
<kw name="Log" owner="BuiltIn">
<msg time="2024-05-04T20:15:20.721695" level="INFO">name</msg>
<arg>${key}</arg>
<doc>Logs the given message with the given level.</doc>
<status status="PASS" start="2024-05-04T20:15:20.721571" elapsed="0.000161"/>
</kw>
<var name="${key}">name</var>
<status status="PASS" start="2024-05-04T20:15:20.719940" elapsed="0.002004"/>
</iter>
<iter>
<kw name="Dictionary Should Contain Key" owner="Collections">
<msg time="2024-05-04T20:15:20.722614" level="INFO">False</msg>
<arg>${json_data['results'][0]}</arg>
<arg>${key}</arg>
<doc>Fails if ``key`` is not found from ``dictionary``.</doc>
<status status="PASS" start="2024-05-04T20:15:20.722230" elapsed="0.000420"/>
</kw>
<kw name="Log" owner="BuiltIn">
<msg time="2024-05-04T20:15:20.723308" level="INFO">{'gender': 'male', 'name': {'title': 'Mr', 'first': 'Boško', 'last': 'Šotra'}, 'location': {'street': {'number': 6114, 'name': 'Porodice Dimić'}, 'city': 'Opovo', 'state': 'Toplica', 'country': 'Serbia', 'postcode': 78460, 'coordinates': {'latitude': '56.4832', 'longitude': '-57.9217'}, 'timezone': {'offset': '+2:00', 'description': 'Kaliningrad, South Africa'}}, 'email': 'bosko.sotra@example.com', 'login': {'uuid': '1b89a9ec-fefb-41b8-bfa5-76dd4e1ff73a', 'username': 'purplegoose524', 'password': 'vbnm', 'salt': '039RhRFT', 'md5': '41919a07311f3ab3e2b4d6908dc4cdbc', 'sha1': 'f1f6b055a0f950045edba70a6663e8784d8d4aba', 'sha256': '54983791a39804d389a68d525db519ed2cd2c7a5b3dd1415df73c4c73b97110c'}, 'dob': {'date': '1965-12-14T07:45:09.942Z', 'age': 58}, 'registered': {'date': '2018-08-15T10:27:26.242Z', 'age': 5}, 'phone': '018-0994-266', 'cell': '060-6463-005', 'id': {'name': 'SID', 'value': '900028338'}, 'picture': {'large': 'https://randomuser.me/api/portraits/men/81.jpg', 'medium': 'https://randomuser.me/api/portraits/med/men/81.jpg', 'thumbnail': 'https://randomuser.me/api/portraits/thumb/men/81.jpg'}, 'nat': 'RS'}</msg>
<arg>${json_data['results'][0]}</arg>
<doc>Logs the given message with the given level.</doc>
<status status="PASS" start="2024-05-04T20:15:20.722945" elapsed="0.000412"/>
</kw>
<kw name="Log" owner="BuiltIn">
<msg time="2024-05-04T20:15:20.723779" level="INFO">location</msg>
<arg>${key}</arg>
<doc>Logs the given message with the given level.</doc>
<status status="PASS" start="2024-05-04T20:15:20.723655" elapsed="0.000161"/>
</kw>
<var name="${key}">location</var>
<status status="PASS" start="2024-05-04T20:15:20.722119" elapsed="0.001911"/>
</iter>
<iter>
<kw name="Dictionary Should Contain Key" owner="Collections">
<msg time="2024-05-04T20:15:20.724739" level="INFO">False</msg>
<arg>${json_data['results'][0]}</arg>
<arg>${key}</arg>
<doc>Fails if ``key`` is not found from ``dictionary``.</doc>
<status status="PASS" start="2024-05-04T20:15:20.724337" elapsed="0.000439"/>
</kw>
<kw name="Log" owner="BuiltIn">
<msg time="2024-05-04T20:15:20.725442" level="INFO">{'gender': 'male', 'name': {'title': 'Mr', 'first': 'Boško', 'last': 'Šotra'}, 'location': {'street': {'number': 6114, 'name': 'Porodice Dimić'}, 'city': 'Opovo', 'state': 'Toplica', 'country': 'Serbia', 'postcode': 78460, 'coordinates': {'latitude': '56.4832', 'longitude': '-57.9217'}, 'timezone': {'offset': '+2:00', 'description': 'Kaliningrad, South Africa'}}, 'email': 'bosko.sotra@example.com', 'login': {'uuid': '1b89a9ec-fefb-41b8-bfa5-76dd4e1ff73a', 'username': 'purplegoose524', 'password': 'vbnm', 'salt': '039RhRFT', 'md5': '41919a07311f3ab3e2b4d6908dc4cdbc', 'sha1': 'f1f6b055a0f950045edba70a6663e8784d8d4aba', 'sha256': '54983791a39804d389a68d525db519ed2cd2c7a5b3dd1415df73c4c73b97110c'}, 'dob': {'date': '1965-12-14T07:45:09.942Z', 'age': 58}, 'registered': {'date': '2018-08-15T10:27:26.242Z', 'age': 5}, 'phone': '018-0994-266', 'cell': '060-6463-005', 'id': {'name': 'SID', 'value': '900028338'}, 'picture': {'large': 'https://randomuser.me/api/portraits/men/81.jpg', 'medium': 'https://randomuser.me/api/portraits/med/men/81.jpg', 'thumbnail': 'https://randomuser.me/api/portraits/thumb/men/81.jpg'}, 'nat': 'RS'}</msg>
<arg>${json_data['results'][0]}</arg>
<doc>Logs the given message with the given level.</doc>
<status status="PASS" start="2024-05-04T20:15:20.725075" elapsed="0.000417"/>
</kw>
<kw name="Log" owner="BuiltIn">
<msg time="2024-05-04T20:15:20.725913" level="INFO">email</msg>
<arg>${key}</arg>
<doc>Logs the given message with the given level.</doc>
<status status="PASS" start="2024-05-04T20:15:20.725786" elapsed="0.000165"/>
</kw>
<var name="${key}">email</var>
<status status="PASS" start="2024-05-04T20:15:20.724203" elapsed="0.001961"/>
</iter>
<iter>
<kw name="Dictionary Should Contain Key" owner="Collections">
<msg time="2024-05-04T20:15:20.726823" level="INFO">False</msg>
<arg>${json_data['results'][0]}</arg>
<arg>${key}</arg>
<doc>Fails if ``key`` is not found from ``dictionary``.</doc>
<status status="PASS" start="2024-05-04T20:15:20.726445" elapsed="0.000416"/>
</kw>
<kw name="Log" owner="BuiltIn">
<msg time="2024-05-04T20:15:20.727532" level="INFO">{'gender': 'male', 'name': {'title': 'Mr', 'first': 'Boško', 'last': 'Šotra'}, 'location': {'street': {'number': 6114, 'name': 'Porodice Dimić'}, 'city': 'Opovo', 'state': 'Toplica', 'country': 'Serbia', 'postcode': 78460, 'coordinates': {'latitude': '56.4832', 'longitude': '-57.9217'}, 'timezone': {'offset': '+2:00', 'description': 'Kaliningrad, South Africa'}}, 'email': 'bosko.sotra@example.com', 'login': {'uuid': '1b89a9ec-fefb-41b8-bfa5-76dd4e1ff73a', 'username': 'purplegoose524', 'password': 'vbnm', 'salt': '039RhRFT', 'md5': '41919a07311f3ab3e2b4d6908dc4cdbc', 'sha1': 'f1f6b055a0f950045edba70a6663e8784d8d4aba', 'sha256': '54983791a39804d389a68d525db519ed2cd2c7a5b3dd1415df73c4c73b97110c'}, 'dob': {'date': '1965-12-14T07:45:09.942Z', 'age': 58}, 'registered': {'date': '2018-08-15T10:27:26.242Z', 'age': 5}, 'phone': '018-0994-266', 'cell': '060-6463-005', 'id': {'name': 'SID', 'value': '900028338'}, 'picture': {'large': 'https://randomuser.me/api/portraits/men/81.jpg', 'medium': 'https://randomuser.me/api/portraits/med/men/81.jpg', 'thumbnail': 'https://randomuser.me/api/portraits/thumb/men/81.jpg'}, 'nat': 'RS'}</msg>
<arg>${json_data['results'][0]}</arg>
<doc>Logs the given message with the given level.</doc>
<status status="PASS" start="2024-05-04T20:15:20.727159" elapsed="0.000422"/>
</kw>
<kw name="Log" owner="BuiltIn">
<msg time="2024-05-04T20:15:20.728009" level="INFO">login</msg>
<arg>${key}</arg>
<doc>Logs the given message with the given level.</doc>
<status status="PASS" start="2024-05-04T20:15:20.727883" elapsed="0.000164"/>
</kw>
<var name="${key}">login</var>
<status status="PASS" start="2024-05-04T20:15:20.726334" elapsed="0.001930"/>
</iter>
<var>${key}</var>
<value>@{expected_keys}</value>
<status status="PASS" start="2024-05-04T20:15:20.717624" elapsed="0.010824"/>
</for>
<kw name="Create List" owner="BuiltIn">
<msg time="2024-05-04T20:15:20.728787" level="INFO">${expected_keysTwo} = ['username', 'password']</msg>
<var>${expected_keysTwo}</var>
<arg>username</arg>
<arg>password</arg>
<doc>Returns a list containing given items.</doc>
<status status="PASS" start="2024-05-04T20:15:20.728651" elapsed="0.000160"/>
</kw>
<for flavor="IN">
<iter>
<kw name="Dictionary Should Contain Key" owner="Collections">
<msg time="2024-05-04T20:15:20.729692" level="INFO">False</msg>
<arg>${json_data['results'][0]['login']}</arg>
<arg>${keyTwo}</arg>
<doc>Fails if ``key`` is not found from ``dictionary``.</doc>
<status status="PASS" start="2024-05-04T20:15:20.729306" elapsed="0.000423"/>
</kw>
<kw name="Dictionary Should Contain Key" owner="Collections">
<msg time="2024-05-04T20:15:20.730409" level="INFO">False</msg>
<arg>${json_data['results'][0]['login']}</arg>
<arg>${keyTwo}</arg>
<doc>Fails if ``key`` is not found from ``dictionary``.</doc>
<status status="PASS" start="2024-05-04T20:15:20.730023" elapsed="0.000422"/>
</kw>
<kw name="Log" owner="BuiltIn">
<msg time="2024-05-04T20:15:20.730862" level="INFO">username</msg>
<arg>${keyTwo}</arg>
<doc>Logs the given message with the given level.</doc>
<status status="PASS" start="2024-05-04T20:15:20.730736" elapsed="0.000163"/>
</kw>
<var name="${keyTwo}">username</var>
<status status="PASS" start="2024-05-04T20:15:20.729197" elapsed="0.001914"/>
</iter>
<iter>
<kw name="Dictionary Should Contain Key" owner="Collections">
<msg time="2024-05-04T20:15:20.731863" level="INFO">False</msg>
<arg>${json_data['results'][0]['login']}</arg>
<arg>${keyTwo}</arg>
<doc>Fails if ``key`` is not found from ``dictionary``.</doc>
<status status="PASS" start="2024-05-04T20:15:20.731390" elapsed="0.000513"/>
</kw>
<kw name="Dictionary Should Contain Key" owner="Collections">
<msg time="2024-05-04T20:15:20.732607" level="INFO">False</msg>
<arg>${json_data['results'][0]['login']}</arg>
<arg>${keyTwo}</arg>
<doc>Fails if ``key`` is not found from ``dictionary``.</doc>
<status status="PASS" start="2024-05-04T20:15:20.732197" elapsed="0.000446"/>
</kw>
<kw name="Log" owner="BuiltIn">
<msg time="2024-05-04T20:15:20.733061" level="INFO">password</msg>
<arg>${keyTwo}</arg>
<doc>Logs the given message with the given level.</doc>
<status status="PASS" start="2024-05-04T20:15:20.732935" elapsed="0.000164"/>
</kw>
<var name="${keyTwo}">password</var>
<status status="PASS" start="2024-05-04T20:15:20.731281" elapsed="0.002032"/>
</iter>
<var>${keyTwo}</var>
<value>@{expected_keysTwo}</value>
<status status="PASS" start="2024-05-04T20:15:20.729047" elapsed="0.004386"/>
</for>
<status status="PASS" start="2024-05-04T20:15:20.623495" elapsed="0.110075"/>
</kw>
<doc>Testa a estrutura da resposta da API.</doc>
<tag>testeEstruturaResposta</tag>
<status status="PASS" start="2024-05-04T20:15:20.622912" elapsed="0.110803"/>
</test>
<test id="s1-s1-t4" name="Validar tipos de dados" line="28">
<kw name="Teste de Tipos de Dados" owner="random-user-service">
<kw name="GET On Session" owner="RequestsLibrary">
<msg time="2024-05-04T20:15:20.831809" level="INFO">GET Request : url=https://randomuser.me/api 
 path_url=/api 
 headers={'User-Agent': 'python-requests/2.31.0', 'Accept-Encoding': 'gzip, deflate', 'Accept': '*/*', 'Connection': 'keep-alive'} 
 body=None 
 </msg>
<msg time="2024-05-04T20:15:20.831891" level="INFO">GET Response : url=https://randomuser.me/api 
 status=200, reason=OK 
 headers={'Date': 'Sat, 04 May 2024 20:15:20 GMT', 'Content-Type': 'application/json; charset=utf-8', 'Transfer-Encoding': 'chunked', 'Connection': 'keep-alive', 'X-Powered-By': 'Express', 'Access-Control-Allow-Origin': '*', 'Cache-Control': 'no-cache', 'ETag': 'W/"496-mlHdMn+vZUjivmm556/s/J1Cfg8"', 'Vary': 'Accept-Encoding', 'Content-Encoding': 'gzip', 'CF-Cache-Status': 'DYNAMIC', 'Report-To': '{"endpoints":[{"url":"https:\\/\\/a.nel.cloudflare.com\\/report\\/v4?s=zon6lO9BaXGUPjPJMtSZCFJHrJE1XNJywE%2FBjza4bDKX1e8y7oz99RFr1vLju9gdEh2x%2B%2Bm7iqq6dxgqv0gnTHrA6D60OlkxgtUSUOF7cjtqhXbeB%2FyQSxFR4Np2ukgD"}],"group":"cf-nel","max_age":604800}', 'NEL': '{"success_fraction":0,"report_to":"cf-nel","max_age":604800}', 'Server': 'cloudflare', 'CF-RAY': '87eb298a9ca789fb-ORD', 'alt-svc': 'h3=":443"; ma=86400'} 
 body={"results":[{"gender":"female","name":{"title":"Miss","first":"Ellen","last":"Leppanen"},"location":{"street":{"number":9124,"name":"Hermiankatu"},"city":"Luvia","state":"Kymenlaakso","country":"Finland","postcode":35729,"coordinates":{"latitude":"-26.9931","longitude":"9.6564"},"timezone":{"offset":"-3:00","description":"Brazil, Buenos Aires, Georgetown"}},"email":"ellen.leppanen@example.com","login":{"uuid":"2835e373-4c87-4204-9375-1203b8bd25f1","username":"goldenbird230","password":"josh","salt":"VHEicsgo","md5":"5ae6976668ba15b0cf45f64f35d07f39","sha1":"5c8f7588964fa82077f0dfa9398314b3783a013c","sha256":"f62ec1d6130ce14020de10a27d5b96c5ef180d14be2078eea61f74a25f50ee9f"},"dob":{"date":"1945-05-24T17:22:27.300Z","age":78},"registered":{"date":"2007-01-30T06:00:48.353Z","age":17},"phone":"06-681-390","cell":"040-085-67-16","id":{"name":"HETU","value":"NaNNA516undefined"},"picture":{"large":"https://randomuser.me/api/portraits/women/69.jpg","medium":"https://randomuser.me/api/portraits/med/women/69.jpg","thumbnail":"https://randomuser.me/api/portraits/thumb/women/69.jpg"},"nat":"FI"}],"info":{"seed":"3809768242a6f1ec","results":1,"page":1,"version":"1.4"}} 
 </msg>
<msg time="2024-05-04T20:15:20.831962" level="INFO">/opt/hostedtoolcache/Python/3.12.3/x64/lib/python3.12/site-packages/urllib3/connectionpool.py:1103: InsecureRequestWarning: Unverified HTTPS request is being made to host 'randomuser.me'. Adding certificate verification is strongly advised. See: https://urllib3.readthedocs.io/en/latest/advanced-usage.html#tls-warnings
  warnings.warn(</msg>
<msg time="2024-05-04T20:15:20.832097" level="INFO">${response} = &lt;Response [200]&gt;</msg>
<var>${response}</var>
<arg>consultarAPI</arg>
<arg>/api</arg>
<doc>Sends a GET request on a previously created HTTP Session.</doc>
<status status="PASS" start="2024-05-04T20:15:20.736197" elapsed="0.095954"/>
</kw>
<kw name="Set Variable" owner="BuiltIn">
<msg time="2024-05-04T20:15:20.833108" level="INFO">${json_data} = {'results': [{'gender': 'female', 'name': {'title': 'Miss', 'first': 'Ellen', 'last': 'Leppanen'}, 'location': {'street': {'number': 9124, 'name': 'Hermiankatu'}, 'city': 'Luvia', 'state': 'Kymenlaaks...</msg>
<var>${json_data}</var>
<arg>${response.json()}</arg>
<doc>Returns the given values which can then be assigned to a variables.</doc>
<status status="PASS" start="2024-05-04T20:15:20.832659" elapsed="0.000476"/>
</kw>
<kw name="Log" owner="BuiltIn">
<msg time="2024-05-04T20:15:20.833586" level="INFO">{'results': [{'gender': 'female', 'name': {'title': 'Miss', 'first': 'Ellen', 'last': 'Leppanen'}, 'location': {'street': {'number': 9124, 'name': 'Hermiankatu'}, 'city': 'Luvia', 'state': 'Kymenlaakso', 'country': 'Finland', 'postcode': 35729, 'coordinates': {'latitude': '-26.9931', 'longitude': '9.6564'}, 'timezone': {'offset': '-3:00', 'description': 'Brazil, Buenos Aires, Georgetown'}}, 'email': 'ellen.leppanen@example.com', 'login': {'uuid': '2835e373-4c87-4204-9375-1203b8bd25f1', 'username': 'goldenbird230', 'password': 'josh', 'salt': 'VHEicsgo', 'md5': '5ae6976668ba15b0cf45f64f35d07f39', 'sha1': '5c8f7588964fa82077f0dfa9398314b3783a013c', 'sha256': 'f62ec1d6130ce14020de10a27d5b96c5ef180d14be2078eea61f74a25f50ee9f'}, 'dob': {'date': '1945-05-24T17:22:27.300Z', 'age': 78}, 'registered': {'date': '2007-01-30T06:00:48.353Z', 'age': 17}, 'phone': '06-681-390', 'cell': '040-085-67-16', 'id': {'name': 'HETU', 'value': 'NaNNA516undefined'}, 'picture': {'large': 'https://randomuser.me/api/portraits/women/69.jpg', 'medium': 'https://randomuser.me/api/portraits/med/women/69.jpg', 'thumbnail': 'https://randomuser.me/api/portraits/thumb/women/69.jpg'}, 'nat': 'FI'}], 'info': {'seed': '3809768242a6f1ec', 'results': 1, 'page': 1, 'version': '1.4'}}</msg>
<arg>${json_data}</arg>
<doc>Logs the given message with the given level.</doc>
<status status="PASS" start="2024-05-04T20:15:20.833437" elapsed="0.000227"/>
</kw>
<kw name="Should Be String" owner="String">
<arg>${json_data['results'][0]['gender']}</arg>
<doc>Fails if the given ``item`` is not a string.</doc>
<status status="PASS" start="2024-05-04T20:15:20.833960" elapsed="0.000366"/>
</kw>
<kw name="Should Match Regexp" owner="BuiltIn">
<arg>${json_data['results'][0]['email']}</arg>
<arg>^[a-zA-Z0-9._%+-]+@[a-zA-Z0-9.-]+\.[a-zA-Z]{2,}$</arg>
<doc>Fails if ``string`` does not match ``pattern`` as a regular expression.</doc>
<status status="PASS" start="2024-05-04T20:15:20.834518" elapsed="0.000492"/>
</kw>
<kw name="Should Match Regexp" owner="BuiltIn">
<arg>${json_data['results'][0]['dob']['date']}</arg>
<arg>\\d{4}-\\d{2}-\\d{2}T\\d{2}:\\d{2}:\\d{2}\\.\\d{3}Z</arg>
<doc>Fails if ``string`` does not match ``pattern`` as a regular expression.</doc>
<status status="PASS" start="2024-05-04T20:15:20.835206" elapsed="0.000487"/>
</kw>
<kw name="Should Match Regexp" owner="BuiltIn">
<arg>${json_data['results'][0]['registered']['date']}</arg>
<arg>\\d{4}-\\d{2}-\\d{2}T\\d{2}:\\d{2}:\\d{2}\\.\\d{3}Z</arg>
<doc>Fails if ``string`` does not match ``pattern`` as a regular expression.</doc>
<status status="PASS" start="2024-05-04T20:15:20.835886" elapsed="0.000371"/>
</kw>
<kw name="Should Match Regexp" owner="BuiltIn">
<arg>${json_data['results'][0]['picture']['large']}</arg>
<arg>^https?://.*\.(?:png|jpe?g|gif|bmp)$</arg>
<doc>Fails if ``string`` does not match ``pattern`` as a regular expression.</doc>
<status status="PASS" start="2024-05-04T20:15:20.836481" elapsed="0.000462"/>
</kw>
<kw name="Should Match Regexp" owner="BuiltIn">
<arg>${json_data['results'][0]['picture']['medium']}</arg>
<arg>^https?://.*\.(?:png|jpe?g|gif|bmp)$</arg>
<doc>Fails if ``string`` does not match ``pattern`` as a regular expression.</doc>
<status status="PASS" start="2024-05-04T20:15:20.837133" elapsed="0.000350"/>
</kw>
<kw name="Should Match Regexp" owner="BuiltIn">
<arg>${json_data['results'][0]['picture']['thumbnail']}</arg>
<arg>^https?://.*\.(?:png|jpe?g|gif|bmp)$</arg>
<doc>Fails if ``string`` does not match ``pattern`` as a regular expression.</doc>
<status status="PASS" start="2024-05-04T20:15:20.837673" elapsed="0.000353"/>
</kw>
<kw name="Log" owner="BuiltIn">
<msg time="2024-05-04T20:15:20.838533" level="INFO">{'large': 'https://randomuser.me/api/portraits/women/69.jpg', 'medium': 'https://randomuser.me/api/portraits/med/women/69.jpg', 'thumbnail': 'https://randomuser.me/api/portraits/thumb/women/69.jpg'}</msg>
<arg>${json_data['results'][0]['picture']}</arg>
<doc>Logs the given message with the given level.</doc>
<status status="PASS" start="2024-05-04T20:15:20.838206" elapsed="0.000368"/>
</kw>
<status status="PASS" start="2024-05-04T20:15:20.735976" elapsed="0.102848"/>
</kw>
<kw name="Teste de Tipos de Dados - Postcode" owner="random-user-service">
<kw name="GET On Session" owner="RequestsLibrary">
<msg time="2024-05-04T20:15:20.915252" level="INFO">GET Request : url=https://randomuser.me/api 
 path_url=/api 
 headers={'User-Agent': 'python-requests/2.31.0', 'Accept-Encoding': 'gzip, deflate', 'Accept': '*/*', 'Connection': 'keep-alive'} 
 body=None 
 </msg>
<msg time="2024-05-04T20:15:20.915334" level="INFO">GET Response : url=https://randomuser.me/api 
 status=200, reason=OK 
 headers={'Date': 'Sat, 04 May 2024 20:15:20 GMT', 'Content-Type': 'application/json; charset=utf-8', 'Transfer-Encoding': 'chunked', 'Connection': 'keep-alive', 'X-Powered-By': 'Express', 'Access-Control-Allow-Origin': '*', 'Cache-Control': 'no-cache', 'ETag': 'W/"491-EmnwoDlShLBRlf4/9QYdcoVrfBw"', 'Vary': 'Accept-Encoding', 'Content-Encoding': 'gzip', 'CF-Cache-Status': 'DYNAMIC', 'Report-To': '{"endpoints":[{"url":"https:\\/\\/a.nel.cloudflare.com\\/report\\/v4?s=i%2FXlun%2BuW9KaIxpSNRn%2FAPPRO6yBIZGahoJnATHx4go2PbUnDcmUi8FEthPSwxFnnXOBwaVlSCsV7G%2ByRq7esrS30Dx%2F9ZjZs2Izd3EOULKYs6F873mki%2BvpxxOkUEb2"}],"group":"cf-nel","max_age":604800}', 'NEL': '{"success_fraction":0,"report_to":"cf-nel","max_age":604800}', 'Server': 'cloudflare', 'CF-RAY': '87eb298b4d5c89fb-ORD', 'alt-svc': 'h3=":443"; ma=86400'} 
 body={"results":[{"gender":"male","name":{"title":"Mr","first":"Knut","last":"Arctander"},"location":{"street":{"number":9451,"name":"Gulleråsveien"},"city":"Bjervamoen","state":"Nordland","country":"Norway","postcode":"7818","coordinates":{"latitude":"43.8957","longitude":"-35.1942"},"timezone":{"offset":"-4:00","description":"Atlantic Time (Canada), Caracas, La Paz"}},"email":"knut.arctander@example.com","login":{"uuid":"704f4087-6988-476c-8a53-a77cf7dd08d4","username":"goldenelephant680","password":"onetime","salt":"zKGFDzWF","md5":"e88378d97c1597fe3173123650c6c497","sha1":"d81b0995d05f21b70c5178c8ec5ddb7f84afa208","sha256":"40d9317a31ed647734b9139f48483ff872ee1afc63e1d7069d566993ea1997e6"},"dob":{"date":"1969-09-13T01:04:43.149Z","age":54},"registered":{"date":"2011-12-28T11:10:48.879Z","age":12},"phone":"84880582","cell":"98316364","id":{"name":"FN","value":"13096924326"},"picture":{"large":"https://randomuser.me/api/portraits/men/77.jpg","medium":"https://randomuser.me/api/portraits/med/men/77.jpg","thumbnail":"https://randomuser.me/api/portraits/thumb/men/77.jpg"},"nat":"NO"}],"info":{"seed":"68873ae2a95a1327","results":1,"page":1,"version":"1.4"}} 
 </msg>
<msg time="2024-05-04T20:15:20.915409" level="INFO">/opt/hostedtoolcache/Python/3.12.3/x64/lib/python3.12/site-packages/urllib3/connectionpool.py:1103: InsecureRequestWarning: Unverified HTTPS request is being made to host 'randomuser.me'. Adding certificate verification is strongly advised. See: https://urllib3.readthedocs.io/en/latest/advanced-usage.html#tls-warnings
  warnings.warn(</msg>
<msg time="2024-05-04T20:15:20.915526" level="INFO">${response} = &lt;Response [200]&gt;</msg>
<var>${response}</var>
<arg>consultarAPI</arg>
<arg>/api</arg>
<doc>Sends a GET request on a previously created HTTP Session.</doc>
<status status="PASS" start="2024-05-04T20:15:20.839247" elapsed="0.076334"/>
</kw>
<kw name="Set Variable" owner="BuiltIn">
<msg time="2024-05-04T20:15:20.916619" level="INFO">${json_data} = {'results': [{'gender': 'male', 'name': {'title': 'Mr', 'first': 'Knut', 'last': 'Arctander'}, 'location': {'street': {'number': 9451, 'name': 'Gulleråsveien'}, 'city': 'Bjervamoen', 'state': 'Nordlan...</msg>
<var>${json_data}</var>
<arg>${response.json()}</arg>
<doc>Returns the given values which can then be assigned to a variables.</doc>
<status status="PASS" start="2024-05-04T20:15:20.916035" elapsed="0.000613"/>
</kw>
<kw name="Log" owner="BuiltIn">
<msg time="2024-05-04T20:15:20.917117" level="INFO">{'results': [{'gender': 'male', 'name': {'title': 'Mr', 'first': 'Knut', 'last': 'Arctander'}, 'location': {'street': {'number': 9451, 'name': 'Gulleråsveien'}, 'city': 'Bjervamoen', 'state': 'Nordland', 'country': 'Norway', 'postcode': '7818', 'coordinates': {'latitude': '43.8957', 'longitude': '-35.1942'}, 'timezone': {'offset': '-4:00', 'description': 'Atlantic Time (Canada), Caracas, La Paz'}}, 'email': 'knut.arctander@example.com', 'login': {'uuid': '704f4087-6988-476c-8a53-a77cf7dd08d4', 'username': 'goldenelephant680', 'password': 'onetime', 'salt': 'zKGFDzWF', 'md5': 'e88378d97c1597fe3173123650c6c497', 'sha1': 'd81b0995d05f21b70c5178c8ec5ddb7f84afa208', 'sha256': '40d9317a31ed647734b9139f48483ff872ee1afc63e1d7069d566993ea1997e6'}, 'dob': {'date': '1969-09-13T01:04:43.149Z', 'age': 54}, 'registered': {'date': '2011-12-28T11:10:48.879Z', 'age': 12}, 'phone': '84880582', 'cell': '98316364', 'id': {'name': 'FN', 'value': '13096924326'}, 'picture': {'large': 'https://randomuser.me/api/portraits/men/77.jpg', 'medium': 'https://randomuser.me/api/portraits/med/men/77.jpg', 'thumbnail': 'https://randomuser.me/api/portraits/thumb/men/77.jpg'}, 'nat': 'NO'}], 'info': {'seed': '68873ae2a95a1327', 'results': 1, 'page': 1, 'version': '1.4'}}</msg>
<arg>${json_data}</arg>
<doc>Logs the given message with the given level.</doc>
<status status="PASS" start="2024-05-04T20:15:20.916959" elapsed="0.000235"/>
</kw>
<kw name="Should Be Equal As Numbers" owner="BuiltIn">
<arg>${json_data['results'][0]['location']['postcode']}</arg>
<arg>${json_data['results'][0]['location']['postcode']}</arg>
<doc>Fails if objects are unequal after converting them to real numbers.</doc>
<status status="PASS" start="2024-05-04T20:15:20.917623" elapsed="0.000624"/>
</kw>
<kw name="Log" owner="BuiltIn">
<msg time="2024-05-04T20:15:20.918769" level="INFO">7818</msg>
<arg>${json_data['results'][0]['location']['postcode']}</arg>
<doc>Logs the given message with the given level.</doc>
<status status="PASS" start="2024-05-04T20:15:20.918439" elapsed="0.000369"/>
</kw>
<status status="PASS" start="2024-05-04T20:15:20.839032" elapsed="0.080026"/>
</kw>
<doc>Testa se os tipos de dados na resposta da API estão corretos.</doc>
<tag>testeTiposDados</tag>
<status status="PASS" start="2024-05-04T20:15:20.735454" elapsed="0.183764"/>
</test>
<test id="s1-s1-t5" name="Validar conteudo" line="35">
<kw name="Teste de Tipos de Conteudo" owner="random-user-service">
<kw name="GET On Session" owner="RequestsLibrary">
<msg time="2024-05-04T20:15:21.064601" level="INFO">GET Request : url=https://randomuser.me/api 
 path_url=/api 
 headers={'User-Agent': 'python-requests/2.31.0', 'Accept-Encoding': 'gzip, deflate', 'Accept': '*/*', 'Connection': 'keep-alive'} 
 body=None 
 </msg>
<msg time="2024-05-04T20:15:21.064686" level="INFO">GET Response : url=https://randomuser.me/api 
 status=200, reason=OK 
 headers={'Date': 'Sat, 04 May 2024 20:15:21 GMT', 'Content-Type': 'application/json; charset=utf-8', 'Transfer-Encoding': 'chunked', 'Connection': 'keep-alive', 'X-Powered-By': 'Express', 'Access-Control-Allow-Origin': '*', 'Cache-Control': 'no-cache', 'ETag': 'W/"47b-rkne9LCp5E3XPFAOvHhotP7bbdU"', 'Vary': 'Accept-Encoding', 'Content-Encoding': 'gzip', 'CF-Cache-Status': 'DYNAMIC', 'Report-To': '{"endpoints":[{"url":"https:\\/\\/a.nel.cloudflare.com\\/report\\/v4?s=JUvK3KA%2B6mRffhtNqoPv9PeA9EncK5yRIirhLLP8vqD1nFnTf8SQewKvnZLjwew%2BKvXuXeFAewtyOlncTxUEMhhneDOk5HNYP46LzvxWaKDusvwR9vxQ%2FG3451PVkCmF"}],"group":"cf-nel","max_age":604800}', 'NEL': '{"success_fraction":0,"report_to":"cf-nel","max_age":604800}', 'Server': 'cloudflare', 'CF-RAY': '87eb298bcdd989fb-ORD', 'alt-svc': 'h3=":443"; ma=86400'} 
 body={"results":[{"gender":"male","name":{"title":"Mr","first":"Veeti","last":"Elo"},"location":{"street":{"number":1047,"name":"Hatanpään Valtatie"},"city":"Oulainen","state":"North Karelia","country":"Finland","postcode":26487,"coordinates":{"latitude":"-26.6428","longitude":"-97.9251"},"timezone":{"offset":"+5:45","description":"Kathmandu"}},"email":"veeti.elo@example.com","login":{"uuid":"f0b12952-0454-45a6-9fe5-ce960ed4215e","username":"whitefrog779","password":"wasabi","salt":"arvqvNAv","md5":"5e9c5df742b51ce1e3c65d39ef120bc2","sha1":"aa751b5acb64b89c538fd82246117d828869711c","sha256":"9199e5a82df905a5a75c88b588ba7ab243836e9b4317a320c3fb6e0ef5446d25"},"dob":{"date":"1994-04-28T22:05:44.523Z","age":30},"registered":{"date":"2014-07-14T11:00:16.785Z","age":9},"phone":"02-882-113","cell":"048-521-73-18","id":{"name":"HETU","value":"NaNNA877undefined"},"picture":{"large":"https://randomuser.me/api/portraits/men/40.jpg","medium":"https://randomuser.me/api/portraits/med/men/40.jpg","thumbnail":"https://randomuser.me/api/portraits/thumb/men/40.jpg"},"nat":"FI"}],"info":{"seed":"3d5a48719fdc67ad","results":1,"page":1,"version":"1.4"}} 
 </msg>
<msg time="2024-05-04T20:15:21.064761" level="INFO">/opt/hostedtoolcache/Python/3.12.3/x64/lib/python3.12/site-packages/urllib3/connectionpool.py:1103: InsecureRequestWarning: Unverified HTTPS request is being made to host 'randomuser.me'. Adding certificate verification is strongly advised. See: https://urllib3.readthedocs.io/en/latest/advanced-usage.html#tls-warnings
  warnings.warn(</msg>
<msg time="2024-05-04T20:15:21.064875" level="INFO">${response} = &lt;Response [200]&gt;</msg>
<var>${response}</var>
<arg>consultarAPI</arg>
<arg>/api</arg>
<doc>Sends a GET request on a previously created HTTP Session.</doc>
<status status="PASS" start="2024-05-04T20:15:20.922422" elapsed="0.142507"/>
</kw>
<kw name="Set Variable" owner="BuiltIn">
<msg time="2024-05-04T20:15:21.066089" level="INFO">${json_data} = {'results': [{'gender': 'male', 'name': {'title': 'Mr', 'first': 'Veeti', 'last': 'Elo'}, 'location': {'street': {'number': 1047, 'name': 'Hatanpään Valtatie'}, 'city': 'Oulainen', 'state': 'North Kar...</msg>
<var>${json_data}</var>
<arg>${response.json()}</arg>
<doc>Returns the given values which can then be assigned to a variables.</doc>
<status status="PASS" start="2024-05-04T20:15:21.065529" elapsed="0.000589"/>
</kw>
<kw name="Set Variable" owner="BuiltIn">
<msg time="2024-05-04T20:15:21.066794" level="INFO">${name_title} = Mr</msg>
<var>${name_title}</var>
<arg>${json_data["results"][0]["name"]["title"]}</arg>
<doc>Returns the given values which can then be assigned to a variables.</doc>
<status status="PASS" start="2024-05-04T20:15:21.066421" elapsed="0.000397"/>
</kw>
<kw name="Create List" owner="BuiltIn">
<msg time="2024-05-04T20:15:21.067255" level="INFO">${allowed_titles} = ['Mr', 'Ms', 'Miss', 'Mrs', 'Madame', 'Monsieur']</msg>
<var>${allowed_titles}</var>
<arg>Mr</arg>
<arg>Ms</arg>
<arg>Miss</arg>
<arg>Mrs</arg>
<arg>Madame</arg>
<arg>Monsieur</arg>
<doc>Returns a list containing given items.</doc>
<status status="PASS" start="2024-05-04T20:15:21.067112" elapsed="0.000167"/>
</kw>
<kw name="List Should Contain Value" owner="Collections">
<msg time="2024-05-04T20:15:21.067782" level="INFO">False</msg>
<arg>${allowed_titles}</arg>
<arg>${name_title}</arg>
<doc>Fails if the ``value`` is not found from ``list``.</doc>
<status status="PASS" start="2024-05-04T20:15:21.067612" elapsed="0.000207"/>
</kw>
<kw name="Set Variable" owner="BuiltIn">
<msg time="2024-05-04T20:15:21.068529" level="INFO">${name_country} = FI</msg>
<var>${name_country}</var>
<arg>${json_data["results"][0]["nat"]}</arg>
<doc>Returns the given values which can then be assigned to a variables.</doc>
<status status="PASS" start="2024-05-04T20:15:21.068108" elapsed="0.000446"/>
</kw>
<kw name="Create List" owner="BuiltIn">
<msg time="2024-05-04T20:15:21.069444" level="INFO">${list_country} = ['AD', 'AE', 'AF', 'AG', 'AI', 'AL', 'AM', 'AO', 'AQ', 'AR', 'AS', 'AT', 'AU', 'AW', 'AX', 'AZ', 'BA', 'BB', 'BD', 'BE', 'BF', 'BG', 'BH', 'BI', 'BJ', 'BL', 'BM', 'BN', 'BO', 'BQ', 'BR', 'BS', 'BT', '...</msg>
<var>${list_country}</var>
<arg>AD</arg>
<arg>AE</arg>
<arg>AF</arg>
<arg>AG</arg>
<arg>AI</arg>
<arg>AL</arg>
<arg>AM</arg>
<arg>AO</arg>
<arg>AQ</arg>
<arg>AR</arg>
<arg>AS</arg>
<arg>AT</arg>
<arg>AU</arg>
<arg>AW</arg>
<arg>AX</arg>
<arg>AZ</arg>
<arg>BA</arg>
<arg>BB</arg>
<arg>BD</arg>
<arg>BE</arg>
<arg>BF</arg>
<arg>BG</arg>
<arg>BH</arg>
<arg>BI</arg>
<arg>BJ</arg>
<arg>BL</arg>
<arg>BM</arg>
<arg>BN</arg>
<arg>BO</arg>
<arg>BQ</arg>
<arg>BR</arg>
<arg>BS</arg>
<arg>BT</arg>
<arg>BV</arg>
<arg>BW</arg>
<arg>BY</arg>
<arg>BZ</arg>
<arg>CA</arg>
<arg>CC</arg>
<arg>CD</arg>
<arg>CF</arg>
<arg>CG</arg>
<arg>CH</arg>
<arg>CI</arg>
<arg>CK</arg>
<arg>CL</arg>
<arg>CM</arg>
<arg>CN</arg>
<arg>CO</arg>
<arg>CR</arg>
<arg>CU</arg>
<arg>CV</arg>
<arg>CW</arg>
<arg>CX</arg>
<arg>CY</arg>
<arg>CZ</arg>
<arg>DE</arg>
<arg>DJ</arg>
<arg>DK</arg>
<arg>DM</arg>
<arg>DO</arg>
<arg>DZ</arg>
<arg>EC</arg>
<arg>EE</arg>
<arg>EG</arg>
<arg>EH</arg>
<arg>ER</arg>
<arg>ES</arg>
<arg>ET</arg>
<arg>FI</arg>
<arg>FJ</arg>
<arg>FK</arg>
<arg>FM</arg>
<arg>FO</arg>
<arg>FR</arg>
<arg>GA</arg>
<arg>GB</arg>
<arg>GD</arg>
<arg>GE</arg>
<arg>GF</arg>
<arg>GG</arg>
<arg>GH</arg>
<arg>GI</arg>
<arg>GL</arg>
<arg>GM</arg>
<arg>GN</arg>
<arg>GP</arg>
<arg>GQ</arg>
<arg>GR</arg>
<arg>GS</arg>
<arg>GT</arg>
<arg>GU</arg>
<arg>GW</arg>
<arg>GY</arg>
<arg>HK</arg>
<arg>HM</arg>
<arg>HN</arg>
<arg>HR</arg>
<arg>HT</arg>
<arg>HU</arg>
<arg>ID</arg>
<arg>IE</arg>
<arg>IL</arg>
<arg>IM</arg>
<arg>IN</arg>
<arg>IO</arg>
<arg>IQ</arg>
<arg>IR</arg>
<arg>IS</arg>
<arg>IT</arg>
<arg>JE</arg>
<arg>JM</arg>
<arg>JO</arg>
<arg>JP</arg>
<arg>KE</arg>
<arg>KG</arg>
<arg>KH</arg>
<arg>KI</arg>
<arg>KM</arg>
<arg>KN</arg>
<arg>KP</arg>
<arg>KR</arg>
<arg>KW</arg>
<arg>KY</arg>
<arg>KZ</arg>
<arg>LA</arg>
<arg>LB</arg>
<arg>LC</arg>
<arg>LI</arg>
<arg>LK</arg>
<arg>LR</arg>
<arg>LS</arg>
<arg>LT</arg>
<arg>LU</arg>
<arg>LV</arg>
<arg>LY</arg>
<arg>MA</arg>
<arg>MC</arg>
<arg>MD</arg>
<arg>ME</arg>
<arg>MF</arg>
<arg>MG</arg>
<arg>MH</arg>
<arg>MK</arg>
<arg>ML</arg>
<arg>MM</arg>
<arg>MN</arg>
<arg>MO</arg>
<arg>MP</arg>
<arg>MQ</arg>
<arg>MR</arg>
<arg>MS</arg>
<arg>MT</arg>
<arg>MU</arg>
<arg>MV</arg>
<arg>MW</arg>
<arg>MX</arg>
<arg>MY</arg>
<arg>MZ</arg>
<arg>NA</arg>
<arg>NC</arg>
<arg>NE</arg>
<arg>NF</arg>
<arg>NG</arg>
<arg>NI</arg>
<arg>NL</arg>
<arg>NO</arg>
<arg>NP</arg>
<arg>NR</arg>
<arg>NU</arg>
<arg>NZ</arg>
<arg>OM</arg>
<arg>PA</arg>
<arg>PE</arg>
<arg>PF</arg>
<arg>PG</arg>
<arg>PH</arg>
<arg>PK</arg>
<arg>PL</arg>
<arg>PM</arg>
<arg>PN</arg>
<arg>PR</arg>
<arg>PS</arg>
<arg>PT</arg>
<arg>PW</arg>
<arg>PY</arg>
<arg>QA</arg>
<arg>RE</arg>
<arg>RO</arg>
<arg>RS</arg>
<arg>RU</arg>
<arg>RW</arg>
<arg>SA</arg>
<arg>SB</arg>
<arg>SC</arg>
<arg>SD</arg>
<arg>SE</arg>
<arg>SG</arg>
<arg>SH</arg>
<arg>SI</arg>
<arg>SJ</arg>
<arg>SK</arg>
<arg>SL</arg>
<arg>SM</arg>
<arg>SN</arg>
<arg>SO</arg>
<arg>SR</arg>
<arg>SS</arg>
<arg>ST</arg>
<arg>SV</arg>
<arg>SX</arg>
<arg>SY</arg>
<arg>SZ</arg>
<arg>TC</arg>
<arg>TD</arg>
<arg>TF</arg>
<arg>TG</arg>
<arg>TH</arg>
<arg>TJ</arg>
<arg>TK</arg>
<arg>TL</arg>
<arg>TM</arg>
<arg>TN</arg>
<arg>TO</arg>
<arg>TR</arg>
<arg>TT</arg>
<arg>TV</arg>
<arg>TW</arg>
<arg>TZ</arg>
<arg>UA</arg>
<arg>UG</arg>
<arg>UM</arg>
<arg>US</arg>
<arg>UY</arg>
<arg>UZ</arg>
<arg>VA</arg>
<arg>VC</arg>
<arg>VE</arg>
<arg>VG</arg>
<arg>VI</arg>
<arg>VN</arg>
<arg>VU</arg>
<arg>WF</arg>
<arg>WS</arg>
<arg>XK</arg>
<arg>YE</arg>
<arg>YT</arg>
<arg>ZA</arg>
<arg>ZM</arg>
<arg>ZW</arg>
<doc>Returns a list containing given items.</doc>
<status status="PASS" start="2024-05-04T20:15:21.068860" elapsed="0.000609"/>
</kw>
<kw name="List Should Contain Value" owner="Collections">
<msg time="2024-05-04T20:15:21.070456" level="INFO">False</msg>
<arg>${list_country}</arg>
<arg>${name_country}</arg>
<doc>Fails if the ``value`` is not found from ``list``.</doc>
<status status="PASS" start="2024-05-04T20:15:21.070260" elapsed="0.000230"/>
</kw>
<kw name="Run Keyword If" owner="BuiltIn">
<kw name="Should Be True" owner="BuiltIn">
<arg>${True}</arg>
<doc>Fails if the given condition is not true.</doc>
<status status="PASS" start="2024-05-04T20:15:21.071535" elapsed="0.000239"/>
</kw>
<arg>${json_data["results"][0]["location"]["coordinates"]["latitude"]} &gt;= -90 and ${json_data["results"][0]["location"]["coordinates"]["latitude"]} &lt;= 90</arg>
<arg>Should Be True</arg>
<arg>${True}</arg>
<doc>Runs the given keyword with the given arguments, if ``condition`` is true.</doc>
<status status="PASS" start="2024-05-04T20:15:21.070789" elapsed="0.001115"/>
</kw>
<kw name="Run Keyword If" owner="BuiltIn">
<kw name="Should Be True" owner="BuiltIn">
<arg>${True}</arg>
<doc>Fails if the given condition is not true.</doc>
<status status="PASS" start="2024-05-04T20:15:21.072837" elapsed="0.000140"/>
</kw>
<arg>${json_data["results"][0]["location"]["coordinates"]["longitude"]} &gt;= -180 and ${json_data["results"][0]["location"]["coordinates"]["longitude"]} &lt;= 180</arg>
<arg>Should Be True</arg>
<arg>${True}</arg>
<doc>Runs the given keyword with the given arguments, if ``condition`` is true.</doc>
<status status="PASS" start="2024-05-04T20:15:21.072092" elapsed="0.001009"/>
</kw>
<status status="PASS" start="2024-05-04T20:15:20.922058" elapsed="0.151170"/>
</kw>
<doc>Testa o conteúdo específico dos campos retornados pela API.</doc>
<tag>testeConteudo</tag>
<status status="PASS" start="2024-05-04T20:15:20.921397" elapsed="0.151974"/>
</test>
<status status="PASS" start="2024-05-04T20:15:20.076795" elapsed="0.998512"/>
</suite>
<status status="PASS" start="2024-05-04T20:15:20.063116" elapsed="1.017306"/>
</suite>
<statistics>
<total>
<stat pass="5" fail="0" skip="0">All Tests</stat>
</total>
<tag>
<stat pass="1" fail="0" skip="0">testeConteudo</stat>
<stat pass="1" fail="0" skip="0">testeEstruturaResposta</stat>
<stat pass="1" fail="0" skip="0">testeRequisicaoBasica</stat>
<stat pass="1" fail="0" skip="0">testeTiposDados</stat>
</tag>
<suite>
<stat pass="5" fail="0" skip="0" id="s1" name="Tests">Tests</stat>
<stat pass="5" fail="0" skip="0" id="s1-s1" name="Random-User-Test">Tests.Random-User-Test</stat>
</suite>
</statistics>
<errors>
</errors>
</robot>
