<?xml version="1.0" encoding="UTF-8"?>
<robot generator="Robot 7.0 (Python 3.12.2 on linux)" generated="2024-04-05T11:11:50.563252" rpa="false" schemaversion="5">
<suite id="s1" name="Tests" source="/home/runner/work/DesafioQAItauRogerioJordao/DesafioQAItauRogerioJordao/RamdonUser/tests">
<suite id="s1-s1" name="Random-User-Test" source="/home/runner/work/DesafioQAItauRogerioJordao/DesafioQAItauRogerioJordao/RamdonUser/tests/random-user-test.robot">
<test id="s1-s1-t1" name="Conectar" line="13">
<kw name="Conectar API" owner="random-user-service">
<kw name="Create Session" owner="RequestsLibrary">
<msg time="2024-04-05T11:11:50.933494" level="INFO">Creating Session using : alias=consultarAPI, url=https://randomuser.me/, headers={},                     cookies={}, auth=None, timeout=None, proxies=None, verify=False,                     debug=0 </msg>
<arg>consultarAPI</arg>
<arg>${URL}</arg>
<doc>Create Session: create a HTTP session to a server</doc>
<status status="PASS" start="2024-04-05T11:11:50.933284" elapsed="0.000390"/>
</kw>
<status status="PASS" start="2024-04-05T11:11:50.932172" elapsed="0.001871"/>
</kw>
<status status="PASS" start="2024-04-05T11:11:50.931515" elapsed="0.002741"/>
</test>
<test id="s1-s1-t2" name="Validar retorno 200 e JSON Válido" line="16">
<kw name="Teste de Requisicao Basica" owner="random-user-service">
<kw name="GET On Session" owner="RequestsLibrary">
<msg time="2024-04-05T11:11:51.687074" level="INFO">GET Request : url=https://randomuser.me/api 
 path_url=/api 
 headers={'User-Agent': 'python-requests/2.31.0', 'Accept-Encoding': 'gzip, deflate', 'Accept': '*/*', 'Connection': 'keep-alive'} 
 body=None 
 </msg>
<msg time="2024-04-05T11:11:51.687254" level="INFO">GET Response : url=https://randomuser.me/api 
 status=200, reason=OK 
 headers={'Date': 'Fri, 05 Apr 2024 11:11:51 GMT', 'Content-Type': 'application/json; charset=utf-8', 'Transfer-Encoding': 'chunked', 'Connection': 'keep-alive', 'X-Powered-By': 'Express', 'Access-Control-Allow-Origin': '*', 'Cache-Control': 'no-cache', 'ETag': 'W/"479-Gc+0X7IIOvF/nDzfp+hIRXu28zU"', 'Vary': 'Accept-Encoding', 'Content-Encoding': 'gzip', 'CF-Cache-Status': 'DYNAMIC', 'Report-To': '{"endpoints":[{"url":"https:\\/\\/a.nel.cloudflare.com\\/report\\/v4?s=O0rFZTf8QprWhl9BhJCs0nLN4GNF0e8M3%2Fr%2FaPAvkksvwod%2BjyM131RjxOaRwkCPF7pdnvLupwGSUkNtC76OdanQ9cs9D%2FL%2BGYq4fC6AtJLJRNsqJqIPQItXGdLzApY9"}],"group":"cf-nel","max_age":604800}', 'NEL': '{"success_fraction":0,"report_to":"cf-nel","max_age":604800}', 'Server': 'cloudflare', 'CF-RAY': '86f919887edd680c-SJC', 'alt-svc': 'h3=":443"; ma=86400'} 
 body={"results":[{"gender":"male","name":{"title":"Mr","first":"Edward","last":"Williams"},"location":{"street":{"number":2079,"name":"Saint Aubyn Street"},"city":"Dunedin","state":"Waikato","country":"New Zealand","postcode":39623,"coordinates":{"latitude":"48.0529","longitude":"-22.0182"},"timezone":{"offset":"-3:30","description":"Newfoundland"}},"email":"edward.williams@example.com","login":{"uuid":"4e43c2d5-9a8d-4881-b35a-b182547dfb48","username":"goldenmouse760","password":"chewie","salt":"JPF3FHfS","md5":"c686c639621239aa831feed8ecac9db4","sha1":"c275a017157c86744cfec61ba1e89e5fcd3e0884","sha256":"4809b7a9b5fe9ef59351181db675a5bde01f685a6f83bbaa5bd54367f34bb214"},"dob":{"date":"1951-05-27T05:32:00.416Z","age":72},"registered":{"date":"2012-06-19T12:29:33.835Z","age":11},"phone":"(324)-897-2538","cell":"(908)-065-7925","id":{"name":"","value":null},"picture":{"large":"https://randomuser.me/api/portraits/men/15.jpg","medium":"https://randomuser.me/api/portraits/med/men/15.jpg","thumbnail":"https://randomuser.me/api/portraits/thumb/men/15.jpg"},"nat":"NZ"}],"info":{"seed":"172199afb8a2fb8e","results":1,"page":1,"version":"1.4"}} 
 </msg>
<msg time="2024-04-05T11:11:51.687393" level="INFO">/opt/hostedtoolcache/Python/3.12.2/x64/lib/python3.12/site-packages/urllib3/connectionpool.py:1103: InsecureRequestWarning: Unverified HTTPS request is being made to host 'randomuser.me'. Adding certificate verification is strongly advised. See: https://urllib3.readthedocs.io/en/latest/advanced-usage.html#tls-warnings
  warnings.warn(</msg>
<msg time="2024-04-05T11:11:51.687564" level="INFO">${response} = &lt;Response [200]&gt;</msg>
<var>${response}</var>
<arg>consultarAPI</arg>
<arg>/api</arg>
<doc>Sends a GET request on a previously created HTTP Session.</doc>
<status status="PASS" start="2024-04-05T11:11:50.937015" elapsed="0.750609"/>
</kw>
<kw name="Should Be Equal As Numbers" owner="BuiltIn">
<msg time="2024-04-05T11:11:51.688761" level="INFO">Argument types are:
&lt;class 'int'&gt;
&lt;class 'str'&gt;</msg>
<arg>${response.status_code}</arg>
<arg>200</arg>
<doc>Fails if objects are unequal after converting them to real numbers.</doc>
<status status="PASS" start="2024-04-05T11:11:51.688205" elapsed="0.000623"/>
</kw>
<kw name="Log" owner="BuiltIn">
<msg time="2024-04-05T11:11:51.689505" level="INFO">200</msg>
<arg>${response.status_code}</arg>
<doc>Logs the given message with the given level.</doc>
<status status="PASS" start="2024-04-05T11:11:51.689150" elapsed="0.000399"/>
</kw>
<kw name="Set Variable" owner="BuiltIn">
<msg time="2024-04-05T11:11:51.690325" level="INFO">${json_data} = {'results': [{'gender': 'male', 'name': {'title': 'Mr', 'first': 'Edward', 'last': 'Williams'}, 'location': {'street': {'number': 2079, 'name': 'Saint Aubyn Street'}, 'city': 'Dunedin', 'state': 'Waik...</msg>
<var>${json_data}</var>
<arg>${response.json()}</arg>
<doc>Returns the given values which can then be assigned to a variables.</doc>
<status status="PASS" start="2024-04-05T11:11:51.689883" elapsed="0.000470"/>
</kw>
<kw name="Dictionary Should Contain Key" owner="Collections">
<msg time="2024-04-05T11:11:51.690830" level="INFO">False</msg>
<arg>${json_data}</arg>
<arg>results</arg>
<doc>Fails if ``key`` is not found from ``dictionary``.</doc>
<status status="PASS" start="2024-04-05T11:11:51.690655" elapsed="0.000215"/>
</kw>
<status status="PASS" start="2024-04-05T11:11:50.936753" elapsed="0.754377"/>
</kw>
<doc>Testa se a API responde corretamente e retorna um objeto JSON válido.</doc>
<tag>testeRequisicaoBasica</tag>
<status status="PASS" start="2024-04-05T11:11:50.936152" elapsed="0.755170"/>
</test>
<test id="s1-s1-t3" name="Validar estrutura de resposta" line="22">
<kw name="Teste de Estrutura de Resposta" owner="random-user-service">
<kw name="GET On Session" owner="RequestsLibrary">
<msg time="2024-04-05T11:11:51.840372" level="INFO">GET Request : url=https://randomuser.me/api 
 path_url=/api 
 headers={'User-Agent': 'python-requests/2.31.0', 'Accept-Encoding': 'gzip, deflate', 'Accept': '*/*', 'Connection': 'keep-alive'} 
 body=None 
 </msg>
<msg time="2024-04-05T11:11:51.840476" level="INFO">GET Response : url=https://randomuser.me/api 
 status=200, reason=OK 
 headers={'Date': 'Fri, 05 Apr 2024 11:11:51 GMT', 'Content-Type': 'application/json; charset=utf-8', 'Transfer-Encoding': 'chunked', 'Connection': 'keep-alive', 'X-Powered-By': 'Express', 'Access-Control-Allow-Origin': '*', 'Cache-Control': 'no-cache', 'ETag': 'W/"48e-ZZxo1G3iPViymo7x/o5NLzs8ILA"', 'Vary': 'Accept-Encoding', 'Content-Encoding': 'gzip', 'CF-Cache-Status': 'DYNAMIC', 'Report-To': '{"endpoints":[{"url":"https:\\/\\/a.nel.cloudflare.com\\/report\\/v4?s=w%2BJQxCpaOsOA2Ieev%2Bt2iOcSWMqySQuFYHwMeFZlRsi0L4ZdmKlKKG3ymBU2YrAL7w6hTFua%2FTOj4fKCDPG1SjG2EpCn6uONP9kmApLl4NNY15jHAFGNcD1M5dze16je"}],"group":"cf-nel","max_age":604800}', 'NEL': '{"success_fraction":0,"report_to":"cf-nel","max_age":604800}', 'Server': 'cloudflare', 'CF-RAY': '86f9198c1a79680c-SJC', 'alt-svc': 'h3=":443"; ma=86400'} 
 body={"results":[{"gender":"male","name":{"title":"Mr","first":"Nathaniel","last":"Mendoza"},"location":{"street":{"number":753,"name":"The Drive"},"city":"Rush","state":"Leitrim","country":"Ireland","postcode":28989,"coordinates":{"latitude":"2.8204","longitude":"-43.6877"},"timezone":{"offset":"-6:00","description":"Central Time (US &amp; Canada), Mexico City"}},"email":"nathaniel.mendoza@example.com","login":{"uuid":"b931ed73-128f-42c7-ae0e-09ebf910ef0c","username":"beautifultiger106","password":"taylor1","salt":"glF8jWBk","md5":"98f934cd587fd3b76979d86c0d2edc1e","sha1":"89234e3332a66ca1450c3543db18bd1944e15f53","sha256":"6580b7b78ab67e86318a158e7fd86e4b01ca68b0487392f4181d1891fbbac208"},"dob":{"date":"1976-10-19T16:14:18.681Z","age":47},"registered":{"date":"2020-02-15T02:22:12.144Z","age":4},"phone":"071-500-9907","cell":"081-627-2755","id":{"name":"PPS","value":"2278110T"},"picture":{"large":"https://randomuser.me/api/portraits/men/70.jpg","medium":"https://randomuser.me/api/portraits/med/men/70.jpg","thumbnail":"https://randomuser.me/api/portraits/thumb/men/70.jpg"},"nat":"IE"}],"info":{"seed":"b0d94a5b04b1fe1a","results":1,"page":1,"version":"1.4"}} 
 </msg>
<msg time="2024-04-05T11:11:51.840604" level="INFO">/opt/hostedtoolcache/Python/3.12.2/x64/lib/python3.12/site-packages/urllib3/connectionpool.py:1103: InsecureRequestWarning: Unverified HTTPS request is being made to host 'randomuser.me'. Adding certificate verification is strongly advised. See: https://urllib3.readthedocs.io/en/latest/advanced-usage.html#tls-warnings
  warnings.warn(</msg>
<msg time="2024-04-05T11:11:51.840707" level="INFO">${response} = &lt;Response [200]&gt;</msg>
<var>${response}</var>
<arg>consultarAPI</arg>
<arg>/api</arg>
<doc>Sends a GET request on a previously created HTTP Session.</doc>
<status status="PASS" start="2024-04-05T11:11:51.694215" elapsed="0.146529"/>
</kw>
<kw name="Set Variable" owner="BuiltIn">
<msg time="2024-04-05T11:11:51.841654" level="INFO">${json_data} = {'results': [{'gender': 'male', 'name': {'title': 'Mr', 'first': 'Nathaniel', 'last': 'Mendoza'}, 'location': {'street': {'number': 753, 'name': 'The Drive'}, 'city': 'Rush', 'state': 'Leitrim', 'coun...</msg>
<var>${json_data}</var>
<arg>${response.json()}</arg>
<doc>Returns the given values which can then be assigned to a variables.</doc>
<status status="PASS" start="2024-04-05T11:11:51.841173" elapsed="0.000510"/>
</kw>
<kw name="Log" owner="BuiltIn">
<msg time="2024-04-05T11:11:51.842151" level="INFO">{'results': [{'gender': 'male', 'name': {'title': 'Mr', 'first': 'Nathaniel', 'last': 'Mendoza'}, 'location': {'street': {'number': 753, 'name': 'The Drive'}, 'city': 'Rush', 'state': 'Leitrim', 'country': 'Ireland', 'postcode': 28989, 'coordinates': {'latitude': '2.8204', 'longitude': '-43.6877'}, 'timezone': {'offset': '-6:00', 'description': 'Central Time (US &amp; Canada), Mexico City'}}, 'email': 'nathaniel.mendoza@example.com', 'login': {'uuid': 'b931ed73-128f-42c7-ae0e-09ebf910ef0c', 'username': 'beautifultiger106', 'password': 'taylor1', 'salt': 'glF8jWBk', 'md5': '98f934cd587fd3b76979d86c0d2edc1e', 'sha1': '89234e3332a66ca1450c3543db18bd1944e15f53', 'sha256': '6580b7b78ab67e86318a158e7fd86e4b01ca68b0487392f4181d1891fbbac208'}, 'dob': {'date': '1976-10-19T16:14:18.681Z', 'age': 47}, 'registered': {'date': '2020-02-15T02:22:12.144Z', 'age': 4}, 'phone': '071-500-9907', 'cell': '081-627-2755', 'id': {'name': 'PPS', 'value': '2278110T'}, 'picture': {'large': 'https://randomuser.me/api/portraits/men/70.jpg', 'medium': 'https://randomuser.me/api/portraits/med/men/70.jpg', 'thumbnail': 'https://randomuser.me/api/portraits/thumb/men/70.jpg'}, 'nat': 'IE'}], 'info': {'seed': 'b0d94a5b04b1fe1a', 'results': 1, 'page': 1, 'version': '1.4'}}</msg>
<arg>${json_data}</arg>
<doc>Logs the given message with the given level.</doc>
<status status="PASS" start="2024-04-05T11:11:51.841990" elapsed="0.000210"/>
</kw>
<kw name="Dictionary Should Contain Key" owner="Collections">
<msg time="2024-04-05T11:11:51.842663" level="INFO">False</msg>
<arg>${json_data}</arg>
<arg>results</arg>
<doc>Fails if ``key`` is not found from ``dictionary``.</doc>
<status status="PASS" start="2024-04-05T11:11:51.842503" elapsed="0.000200"/>
</kw>
<kw name="Should Not Be Empty" owner="BuiltIn">
<msg time="2024-04-05T11:11:51.843132" level="INFO">Length is 2.</msg>
<arg>${json_data}</arg>
<doc>Verifies that the given item is not empty.</doc>
<status status="PASS" start="2024-04-05T11:11:51.842998" elapsed="0.000173"/>
</kw>
<kw name="Create List" owner="BuiltIn">
<msg time="2024-04-05T11:11:51.843610" level="INFO">${expected_keys} = ['gender', 'name', 'location', 'email', 'login']</msg>
<var>${expected_keys}</var>
<arg>gender</arg>
<arg>name</arg>
<arg>location</arg>
<arg>email</arg>
<arg>login</arg>
<doc>Returns a list containing given items.</doc>
<status status="PASS" start="2024-04-05T11:11:51.843460" elapsed="0.000174"/>
</kw>
<for flavor="IN">
<iter>
<kw name="Dictionary Should Contain Key" owner="Collections">
<msg time="2024-04-05T11:11:51.844669" level="INFO">False</msg>
<arg>${json_data['results'][0]}</arg>
<arg>${key}</arg>
<doc>Fails if ``key`` is not found from ``dictionary``.</doc>
<status status="PASS" start="2024-04-05T11:11:51.844210" elapsed="0.000499"/>
</kw>
<kw name="Log" owner="BuiltIn">
<msg time="2024-04-05T11:11:51.845392" level="INFO">{'gender': 'male', 'name': {'title': 'Mr', 'first': 'Nathaniel', 'last': 'Mendoza'}, 'location': {'street': {'number': 753, 'name': 'The Drive'}, 'city': 'Rush', 'state': 'Leitrim', 'country': 'Ireland', 'postcode': 28989, 'coordinates': {'latitude': '2.8204', 'longitude': '-43.6877'}, 'timezone': {'offset': '-6:00', 'description': 'Central Time (US &amp; Canada), Mexico City'}}, 'email': 'nathaniel.mendoza@example.com', 'login': {'uuid': 'b931ed73-128f-42c7-ae0e-09ebf910ef0c', 'username': 'beautifultiger106', 'password': 'taylor1', 'salt': 'glF8jWBk', 'md5': '98f934cd587fd3b76979d86c0d2edc1e', 'sha1': '89234e3332a66ca1450c3543db18bd1944e15f53', 'sha256': '6580b7b78ab67e86318a158e7fd86e4b01ca68b0487392f4181d1891fbbac208'}, 'dob': {'date': '1976-10-19T16:14:18.681Z', 'age': 47}, 'registered': {'date': '2020-02-15T02:22:12.144Z', 'age': 4}, 'phone': '071-500-9907', 'cell': '081-627-2755', 'id': {'name': 'PPS', 'value': '2278110T'}, 'picture': {'large': 'https://randomuser.me/api/portraits/men/70.jpg', 'medium': 'https://randomuser.me/api/portraits/med/men/70.jpg', 'thumbnail': 'https://randomuser.me/api/portraits/thumb/men/70.jpg'}, 'nat': 'IE'}</msg>
<arg>${json_data['results'][0]}</arg>
<doc>Logs the given message with the given level.</doc>
<status status="PASS" start="2024-04-05T11:11:51.845017" elapsed="0.000431"/>
</kw>
<kw name="Log" owner="BuiltIn">
<msg time="2024-04-05T11:11:51.845884" level="INFO">gender</msg>
<arg>${key}</arg>
<doc>Logs the given message with the given level.</doc>
<status status="PASS" start="2024-04-05T11:11:51.845751" elapsed="0.000173"/>
</kw>
<var name="${key}">gender</var>
<status status="PASS" start="2024-04-05T11:11:51.844087" elapsed="0.002061"/>
</iter>
<iter>
<kw name="Dictionary Should Contain Key" owner="Collections">
<msg time="2024-04-05T11:11:51.846833" level="INFO">False</msg>
<arg>${json_data['results'][0]}</arg>
<arg>${key}</arg>
<doc>Fails if ``key`` is not found from ``dictionary``.</doc>
<status status="PASS" start="2024-04-05T11:11:51.846452" elapsed="0.000419"/>
</kw>
<kw name="Log" owner="BuiltIn">
<msg time="2024-04-05T11:11:51.847562" level="INFO">{'gender': 'male', 'name': {'title': 'Mr', 'first': 'Nathaniel', 'last': 'Mendoza'}, 'location': {'street': {'number': 753, 'name': 'The Drive'}, 'city': 'Rush', 'state': 'Leitrim', 'country': 'Ireland', 'postcode': 28989, 'coordinates': {'latitude': '2.8204', 'longitude': '-43.6877'}, 'timezone': {'offset': '-6:00', 'description': 'Central Time (US &amp; Canada), Mexico City'}}, 'email': 'nathaniel.mendoza@example.com', 'login': {'uuid': 'b931ed73-128f-42c7-ae0e-09ebf910ef0c', 'username': 'beautifultiger106', 'password': 'taylor1', 'salt': 'glF8jWBk', 'md5': '98f934cd587fd3b76979d86c0d2edc1e', 'sha1': '89234e3332a66ca1450c3543db18bd1944e15f53', 'sha256': '6580b7b78ab67e86318a158e7fd86e4b01ca68b0487392f4181d1891fbbac208'}, 'dob': {'date': '1976-10-19T16:14:18.681Z', 'age': 47}, 'registered': {'date': '2020-02-15T02:22:12.144Z', 'age': 4}, 'phone': '071-500-9907', 'cell': '081-627-2755', 'id': {'name': 'PPS', 'value': '2278110T'}, 'picture': {'large': 'https://randomuser.me/api/portraits/men/70.jpg', 'medium': 'https://randomuser.me/api/portraits/med/men/70.jpg', 'thumbnail': 'https://randomuser.me/api/portraits/thumb/men/70.jpg'}, 'nat': 'IE'}</msg>
<arg>${json_data['results'][0]}</arg>
<doc>Logs the given message with the given level.</doc>
<status status="PASS" start="2024-04-05T11:11:51.847200" elapsed="0.000412"/>
</kw>
<kw name="Log" owner="BuiltIn">
<msg time="2024-04-05T11:11:51.848041" level="INFO">name</msg>
<arg>${key}</arg>
<doc>Logs the given message with the given level.</doc>
<status status="PASS" start="2024-04-05T11:11:51.847912" elapsed="0.000167"/>
</kw>
<var name="${key}">name</var>
<status status="PASS" start="2024-04-05T11:11:51.846337" elapsed="0.001962"/>
</iter>
<iter>
<kw name="Dictionary Should Contain Key" owner="Collections">
<msg time="2024-04-05T11:11:51.848998" level="INFO">False</msg>
<arg>${json_data['results'][0]}</arg>
<arg>${key}</arg>
<doc>Fails if ``key`` is not found from ``dictionary``.</doc>
<status status="PASS" start="2024-04-05T11:11:51.848623" elapsed="0.000413"/>
</kw>
<kw name="Log" owner="BuiltIn">
<msg time="2024-04-05T11:11:51.849696" level="INFO">{'gender': 'male', 'name': {'title': 'Mr', 'first': 'Nathaniel', 'last': 'Mendoza'}, 'location': {'street': {'number': 753, 'name': 'The Drive'}, 'city': 'Rush', 'state': 'Leitrim', 'country': 'Ireland', 'postcode': 28989, 'coordinates': {'latitude': '2.8204', 'longitude': '-43.6877'}, 'timezone': {'offset': '-6:00', 'description': 'Central Time (US &amp; Canada), Mexico City'}}, 'email': 'nathaniel.mendoza@example.com', 'login': {'uuid': 'b931ed73-128f-42c7-ae0e-09ebf910ef0c', 'username': 'beautifultiger106', 'password': 'taylor1', 'salt': 'glF8jWBk', 'md5': '98f934cd587fd3b76979d86c0d2edc1e', 'sha1': '89234e3332a66ca1450c3543db18bd1944e15f53', 'sha256': '6580b7b78ab67e86318a158e7fd86e4b01ca68b0487392f4181d1891fbbac208'}, 'dob': {'date': '1976-10-19T16:14:18.681Z', 'age': 47}, 'registered': {'date': '2020-02-15T02:22:12.144Z', 'age': 4}, 'phone': '071-500-9907', 'cell': '081-627-2755', 'id': {'name': 'PPS', 'value': '2278110T'}, 'picture': {'large': 'https://randomuser.me/api/portraits/men/70.jpg', 'medium': 'https://randomuser.me/api/portraits/med/men/70.jpg', 'thumbnail': 'https://randomuser.me/api/portraits/thumb/men/70.jpg'}, 'nat': 'IE'}</msg>
<arg>${json_data['results'][0]}</arg>
<doc>Logs the given message with the given level.</doc>
<status status="PASS" start="2024-04-05T11:11:51.849333" elapsed="0.000417"/>
</kw>
<kw name="Log" owner="BuiltIn">
<msg time="2024-04-05T11:11:51.850199" level="INFO">location</msg>
<arg>${key}</arg>
<doc>Logs the given message with the given level.</doc>
<status status="PASS" start="2024-04-05T11:11:51.850061" elapsed="0.000176"/>
</kw>
<var name="${key}">location</var>
<status status="PASS" start="2024-04-05T11:11:51.848509" elapsed="0.001942"/>
</iter>
<iter>
<kw name="Dictionary Should Contain Key" owner="Collections">
<msg time="2024-04-05T11:11:51.851132" level="INFO">False</msg>
<arg>${json_data['results'][0]}</arg>
<arg>${key}</arg>
<doc>Fails if ``key`` is not found from ``dictionary``.</doc>
<status status="PASS" start="2024-04-05T11:11:51.850738" elapsed="0.000432"/>
</kw>
<kw name="Log" owner="BuiltIn">
<msg time="2024-04-05T11:11:51.851840" level="INFO">{'gender': 'male', 'name': {'title': 'Mr', 'first': 'Nathaniel', 'last': 'Mendoza'}, 'location': {'street': {'number': 753, 'name': 'The Drive'}, 'city': 'Rush', 'state': 'Leitrim', 'country': 'Ireland', 'postcode': 28989, 'coordinates': {'latitude': '2.8204', 'longitude': '-43.6877'}, 'timezone': {'offset': '-6:00', 'description': 'Central Time (US &amp; Canada), Mexico City'}}, 'email': 'nathaniel.mendoza@example.com', 'login': {'uuid': 'b931ed73-128f-42c7-ae0e-09ebf910ef0c', 'username': 'beautifultiger106', 'password': 'taylor1', 'salt': 'glF8jWBk', 'md5': '98f934cd587fd3b76979d86c0d2edc1e', 'sha1': '89234e3332a66ca1450c3543db18bd1944e15f53', 'sha256': '6580b7b78ab67e86318a158e7fd86e4b01ca68b0487392f4181d1891fbbac208'}, 'dob': {'date': '1976-10-19T16:14:18.681Z', 'age': 47}, 'registered': {'date': '2020-02-15T02:22:12.144Z', 'age': 4}, 'phone': '071-500-9907', 'cell': '081-627-2755', 'id': {'name': 'PPS', 'value': '2278110T'}, 'picture': {'large': 'https://randomuser.me/api/portraits/men/70.jpg', 'medium': 'https://randomuser.me/api/portraits/med/men/70.jpg', 'thumbnail': 'https://randomuser.me/api/portraits/thumb/men/70.jpg'}, 'nat': 'IE'}</msg>
<arg>${json_data['results'][0]}</arg>
<doc>Logs the given message with the given level.</doc>
<status status="PASS" start="2024-04-05T11:11:51.851468" elapsed="0.000426"/>
</kw>
<kw name="Log" owner="BuiltIn">
<msg time="2024-04-05T11:11:51.852317" level="INFO">email</msg>
<arg>${key}</arg>
<doc>Logs the given message with the given level.</doc>
<status status="PASS" start="2024-04-05T11:11:51.852189" elapsed="0.000166"/>
</kw>
<var name="${key}">email</var>
<status status="PASS" start="2024-04-05T11:11:51.850627" elapsed="0.001999"/>
</iter>
<iter>
<kw name="Dictionary Should Contain Key" owner="Collections">
<msg time="2024-04-05T11:11:51.853327" level="INFO">False</msg>
<arg>${json_data['results'][0]}</arg>
<arg>${key}</arg>
<doc>Fails if ``key`` is not found from ``dictionary``.</doc>
<status status="PASS" start="2024-04-05T11:11:51.852916" elapsed="0.000449"/>
</kw>
<kw name="Log" owner="BuiltIn">
<msg time="2024-04-05T11:11:51.854048" level="INFO">{'gender': 'male', 'name': {'title': 'Mr', 'first': 'Nathaniel', 'last': 'Mendoza'}, 'location': {'street': {'number': 753, 'name': 'The Drive'}, 'city': 'Rush', 'state': 'Leitrim', 'country': 'Ireland', 'postcode': 28989, 'coordinates': {'latitude': '2.8204', 'longitude': '-43.6877'}, 'timezone': {'offset': '-6:00', 'description': 'Central Time (US &amp; Canada), Mexico City'}}, 'email': 'nathaniel.mendoza@example.com', 'login': {'uuid': 'b931ed73-128f-42c7-ae0e-09ebf910ef0c', 'username': 'beautifultiger106', 'password': 'taylor1', 'salt': 'glF8jWBk', 'md5': '98f934cd587fd3b76979d86c0d2edc1e', 'sha1': '89234e3332a66ca1450c3543db18bd1944e15f53', 'sha256': '6580b7b78ab67e86318a158e7fd86e4b01ca68b0487392f4181d1891fbbac208'}, 'dob': {'date': '1976-10-19T16:14:18.681Z', 'age': 47}, 'registered': {'date': '2020-02-15T02:22:12.144Z', 'age': 4}, 'phone': '071-500-9907', 'cell': '081-627-2755', 'id': {'name': 'PPS', 'value': '2278110T'}, 'picture': {'large': 'https://randomuser.me/api/portraits/men/70.jpg', 'medium': 'https://randomuser.me/api/portraits/med/men/70.jpg', 'thumbnail': 'https://randomuser.me/api/portraits/thumb/men/70.jpg'}, 'nat': 'IE'}</msg>
<arg>${json_data['results'][0]}</arg>
<doc>Logs the given message with the given level.</doc>
<status status="PASS" start="2024-04-05T11:11:51.853658" elapsed="0.000440"/>
</kw>
<kw name="Log" owner="BuiltIn">
<msg time="2024-04-05T11:11:51.854524" level="INFO">login</msg>
<arg>${key}</arg>
<doc>Logs the given message with the given level.</doc>
<status status="PASS" start="2024-04-05T11:11:51.854394" elapsed="0.000273"/>
</kw>
<var name="${key}">login</var>
<status status="PASS" start="2024-04-05T11:11:51.852800" elapsed="0.002119"/>
</iter>
<var>${key}</var>
<value>@{expected_keys}</value>
<status status="PASS" start="2024-04-05T11:11:51.843896" elapsed="0.011152"/>
</for>
<kw name="Create List" owner="BuiltIn">
<msg time="2024-04-05T11:11:51.855384" level="INFO">${expected_keysTwo} = ['username', 'password']</msg>
<var>${expected_keysTwo}</var>
<arg>username</arg>
<arg>password</arg>
<doc>Returns a list containing given items.</doc>
<status status="PASS" start="2024-04-05T11:11:51.855245" elapsed="0.000164"/>
</kw>
<for flavor="IN">
<iter>
<kw name="Dictionary Should Contain Key" owner="Collections">
<msg time="2024-04-05T11:11:51.856303" level="INFO">False</msg>
<arg>${json_data['results'][0]['login']}</arg>
<arg>${keyTwo}</arg>
<doc>Fails if ``key`` is not found from ``dictionary``.</doc>
<status status="PASS" start="2024-04-05T11:11:51.855913" elapsed="0.000429"/>
</kw>
<kw name="Dictionary Should Contain Key" owner="Collections">
<msg time="2024-04-05T11:11:51.857059" level="INFO">False</msg>
<arg>${json_data['results'][0]['login']}</arg>
<arg>${keyTwo}</arg>
<doc>Fails if ``key`` is not found from ``dictionary``.</doc>
<status status="PASS" start="2024-04-05T11:11:51.856677" elapsed="0.000419"/>
</kw>
<kw name="Log" owner="BuiltIn">
<msg time="2024-04-05T11:11:51.857520" level="INFO">username</msg>
<arg>${keyTwo}</arg>
<doc>Logs the given message with the given level.</doc>
<status status="PASS" start="2024-04-05T11:11:51.857390" elapsed="0.000168"/>
</kw>
<var name="${keyTwo}">username</var>
<status status="PASS" start="2024-04-05T11:11:51.855804" elapsed="0.001969"/>
</iter>
<iter>
<kw name="Dictionary Should Contain Key" owner="Collections">
<msg time="2024-04-05T11:11:51.858433" level="INFO">False</msg>
<arg>${json_data['results'][0]['login']}</arg>
<arg>${keyTwo}</arg>
<doc>Fails if ``key`` is not found from ``dictionary``.</doc>
<status status="PASS" start="2024-04-05T11:11:51.858056" elapsed="0.000415"/>
</kw>
<kw name="Dictionary Should Contain Key" owner="Collections">
<msg time="2024-04-05T11:11:51.859143" level="INFO">False</msg>
<arg>${json_data['results'][0]['login']}</arg>
<arg>${keyTwo}</arg>
<doc>Fails if ``key`` is not found from ``dictionary``.</doc>
<status status="PASS" start="2024-04-05T11:11:51.858764" elapsed="0.000416"/>
</kw>
<kw name="Log" owner="BuiltIn">
<msg time="2024-04-05T11:11:51.859600" level="INFO">password</msg>
<arg>${keyTwo}</arg>
<doc>Logs the given message with the given level.</doc>
<status status="PASS" start="2024-04-05T11:11:51.859471" elapsed="0.000167"/>
</kw>
<var name="${keyTwo}">password</var>
<status status="PASS" start="2024-04-05T11:11:51.857946" elapsed="0.001911"/>
</iter>
<var>${keyTwo}</var>
<value>@{expected_keysTwo}</value>
<status status="PASS" start="2024-04-05T11:11:51.855649" elapsed="0.004342"/>
</for>
<status status="PASS" start="2024-04-05T11:11:51.693964" elapsed="0.166171"/>
</kw>
<doc>Testa a estrutura da resposta da API.</doc>
<tag>testeEstruturaResposta</tag>
<status status="PASS" start="2024-04-05T11:11:51.693205" elapsed="0.167091"/>
</test>
<test id="s1-s1-t4" name="Validar tipos de dados" line="28">
<kw name="Teste de Tipos de Dados" owner="random-user-service">
<kw name="GET On Session" owner="RequestsLibrary">
<msg time="2024-04-05T11:11:51.945079" level="INFO">GET Request : url=https://randomuser.me/api 
 path_url=/api 
 headers={'User-Agent': 'python-requests/2.31.0', 'Accept-Encoding': 'gzip, deflate', 'Accept': '*/*', 'Connection': 'keep-alive'} 
 body=None 
 </msg>
<msg time="2024-04-05T11:11:51.945162" level="INFO">GET Response : url=https://randomuser.me/api 
 status=200, reason=OK 
 headers={'Date': 'Fri, 05 Apr 2024 11:11:51 GMT', 'Content-Type': 'application/json; charset=utf-8', 'Transfer-Encoding': 'chunked', 'Connection': 'keep-alive', 'X-Powered-By': 'Express', 'Access-Control-Allow-Origin': '*', 'Cache-Control': 'no-cache', 'ETag': 'W/"483-442mBZDDdilk70cs/iOdG3nVHic"', 'Vary': 'Accept-Encoding', 'Content-Encoding': 'gzip', 'CF-Cache-Status': 'DYNAMIC', 'Report-To': '{"endpoints":[{"url":"https:\\/\\/a.nel.cloudflare.com\\/report\\/v4?s=%2BQOdI67ArWLi08eL5dxFb7cVIk4Onqyw7jOmefp96xFjVwimfI2KpbR6RASHN9vBj5qpvKEyaxtiqszR8RmOQLRVIdfwqBtJ5wgMxCsobG8Sjz3BUtylPaV7tF4GDQe3"}],"group":"cf-nel","max_age":604800}', 'NEL': '{"success_fraction":0,"report_to":"cf-nel","max_age":604800}', 'Server': 'cloudflare', 'CF-RAY': '86f9198d2b27680c-SJC', 'alt-svc': 'h3=":443"; ma=86400'} 
 body={"results":[{"gender":"male","name":{"title":"Mr","first":"Gautam","last":"Holla"},"location":{"street":{"number":1672,"name":"Hazratganj"},"city":"Mangalore","state":"Kerala","country":"India","postcode":76284,"coordinates":{"latitude":"4.9557","longitude":"-85.0549"},"timezone":{"offset":"+8:00","description":"Beijing, Perth, Singapore, Hong Kong"}},"email":"gautam.holla@example.com","login":{"uuid":"65d2598b-e38f-4c8a-ac27-2ca39c731898","username":"blackladybug237","password":"short","salt":"4oF7XGQ4","md5":"b8f03312bba34367d5e872237da69385","sha1":"9d238e3259b852abbd1acd75286214af9c867a5a","sha256":"20d21369346ea5ee0afbdd3e95c0f8f4c23802bd65676444eeed5079d34d5706"},"dob":{"date":"1989-12-31T10:27:33.387Z","age":34},"registered":{"date":"2014-11-02T17:05:37.132Z","age":9},"phone":"8742156576","cell":"8557476392","id":{"name":"UIDAI","value":"140587433505"},"picture":{"large":"https://randomuser.me/api/portraits/men/20.jpg","medium":"https://randomuser.me/api/portraits/med/men/20.jpg","thumbnail":"https://randomuser.me/api/portraits/thumb/men/20.jpg"},"nat":"IN"}],"info":{"seed":"cf534e52e9d76a64","results":1,"page":1,"version":"1.4"}} 
 </msg>
<msg time="2024-04-05T11:11:51.945238" level="INFO">/opt/hostedtoolcache/Python/3.12.2/x64/lib/python3.12/site-packages/urllib3/connectionpool.py:1103: InsecureRequestWarning: Unverified HTTPS request is being made to host 'randomuser.me'. Adding certificate verification is strongly advised. See: https://urllib3.readthedocs.io/en/latest/advanced-usage.html#tls-warnings
  warnings.warn(</msg>
<msg time="2024-04-05T11:11:51.945348" level="INFO">${response} = &lt;Response [200]&gt;</msg>
<var>${response}</var>
<arg>consultarAPI</arg>
<arg>/api</arg>
<doc>Sends a GET request on a previously created HTTP Session.</doc>
<status status="PASS" start="2024-04-05T11:11:51.862913" elapsed="0.082480"/>
</kw>
<kw name="Set Variable" owner="BuiltIn">
<msg time="2024-04-05T11:11:51.946301" level="INFO">${json_data} = {'results': [{'gender': 'male', 'name': {'title': 'Mr', 'first': 'Gautam', 'last': 'Holla'}, 'location': {'street': {'number': 1672, 'name': 'Hazratganj'}, 'city': 'Mangalore', 'state': 'Kerala', 'cou...</msg>
<var>${json_data}</var>
<arg>${response.json()}</arg>
<doc>Returns the given values which can then be assigned to a variables.</doc>
<status status="PASS" start="2024-04-05T11:11:51.945801" elapsed="0.000531"/>
</kw>
<kw name="Log" owner="BuiltIn">
<msg time="2024-04-05T11:11:51.946805" level="INFO">{'results': [{'gender': 'male', 'name': {'title': 'Mr', 'first': 'Gautam', 'last': 'Holla'}, 'location': {'street': {'number': 1672, 'name': 'Hazratganj'}, 'city': 'Mangalore', 'state': 'Kerala', 'country': 'India', 'postcode': 76284, 'coordinates': {'latitude': '4.9557', 'longitude': '-85.0549'}, 'timezone': {'offset': '+8:00', 'description': 'Beijing, Perth, Singapore, Hong Kong'}}, 'email': 'gautam.holla@example.com', 'login': {'uuid': '65d2598b-e38f-4c8a-ac27-2ca39c731898', 'username': 'blackladybug237', 'password': 'short', 'salt': '4oF7XGQ4', 'md5': 'b8f03312bba34367d5e872237da69385', 'sha1': '9d238e3259b852abbd1acd75286214af9c867a5a', 'sha256': '20d21369346ea5ee0afbdd3e95c0f8f4c23802bd65676444eeed5079d34d5706'}, 'dob': {'date': '1989-12-31T10:27:33.387Z', 'age': 34}, 'registered': {'date': '2014-11-02T17:05:37.132Z', 'age': 9}, 'phone': '8742156576', 'cell': '8557476392', 'id': {'name': 'UIDAI', 'value': '140587433505'}, 'picture': {'large': 'https://randomuser.me/api/portraits/men/20.jpg', 'medium': 'https://randomuser.me/api/portraits/med/men/20.jpg', 'thumbnail': 'https://randomuser.me/api/portraits/thumb/men/20.jpg'}, 'nat': 'IN'}], 'info': {'seed': 'cf534e52e9d76a64', 'results': 1, 'page': 1, 'version': '1.4'}}</msg>
<arg>${json_data}</arg>
<doc>Logs the given message with the given level.</doc>
<status status="PASS" start="2024-04-05T11:11:51.946647" elapsed="0.000237"/>
</kw>
<kw name="Should Be String" owner="String">
<arg>${json_data['results'][0]['gender']}</arg>
<doc>Fails if the given ``item`` is not a string.</doc>
<status status="PASS" start="2024-04-05T11:11:51.947188" elapsed="0.000367"/>
</kw>
<kw name="Should Match Regexp" owner="BuiltIn">
<arg>${json_data['results'][0]['email']}</arg>
<arg>^[a-zA-Z0-9._%+-]+@[a-zA-Z0-9.-]+\.[a-zA-Z]{2,}$</arg>
<doc>Fails if ``string`` does not match ``pattern`` as a regular expression.</doc>
<status status="PASS" start="2024-04-05T11:11:51.947748" elapsed="0.000515"/>
</kw>
<kw name="Should Match Regexp" owner="BuiltIn">
<arg>${json_data['results'][0]['dob']['date']}</arg>
<arg>\\d{4}-\\d{2}-\\d{2}T\\d{2}:\\d{2}:\\d{2}\\.\\d{3}Z</arg>
<doc>Fails if ``string`` does not match ``pattern`` as a regular expression.</doc>
<status status="PASS" start="2024-04-05T11:11:51.948507" elapsed="0.000509"/>
</kw>
<kw name="Should Match Regexp" owner="BuiltIn">
<arg>${json_data['results'][0]['registered']['date']}</arg>
<arg>\\d{4}-\\d{2}-\\d{2}T\\d{2}:\\d{2}:\\d{2}\\.\\d{3}Z</arg>
<doc>Fails if ``string`` does not match ``pattern`` as a regular expression.</doc>
<status status="PASS" start="2024-04-05T11:11:51.949211" elapsed="0.000368"/>
</kw>
<kw name="Should Match Regexp" owner="BuiltIn">
<arg>${json_data['results'][0]['picture']['large']}</arg>
<arg>^https?://.*\.(?:png|jpe?g|gif|bmp)$</arg>
<doc>Fails if ``string`` does not match ``pattern`` as a regular expression.</doc>
<status status="PASS" start="2024-04-05T11:11:51.949770" elapsed="0.000462"/>
</kw>
<kw name="Should Match Regexp" owner="BuiltIn">
<arg>${json_data['results'][0]['picture']['medium']}</arg>
<arg>^https?://.*\.(?:png|jpe?g|gif|bmp)$</arg>
<doc>Fails if ``string`` does not match ``pattern`` as a regular expression.</doc>
<status status="PASS" start="2024-04-05T11:11:51.950422" elapsed="0.000358"/>
</kw>
<kw name="Should Match Regexp" owner="BuiltIn">
<arg>${json_data['results'][0]['picture']['thumbnail']}</arg>
<arg>^https?://.*\.(?:png|jpe?g|gif|bmp)$</arg>
<doc>Fails if ``string`` does not match ``pattern`` as a regular expression.</doc>
<status status="PASS" start="2024-04-05T11:11:51.950964" elapsed="0.000353"/>
</kw>
<kw name="Log" owner="BuiltIn">
<msg time="2024-04-05T11:11:51.951828" level="INFO">{'large': 'https://randomuser.me/api/portraits/men/20.jpg', 'medium': 'https://randomuser.me/api/portraits/med/men/20.jpg', 'thumbnail': 'https://randomuser.me/api/portraits/thumb/men/20.jpg'}</msg>
<arg>${json_data['results'][0]['picture']}</arg>
<doc>Logs the given message with the given level.</doc>
<status status="PASS" start="2024-04-05T11:11:51.951496" elapsed="0.000380"/>
</kw>
<status status="PASS" start="2024-04-05T11:11:51.862682" elapsed="0.089449"/>
</kw>
<kw name="Teste de Tipos de Dados - Postcode" owner="random-user-service">
<kw name="GET On Session" owner="RequestsLibrary">
<msg time="2024-04-05T11:11:52.046402" level="INFO">GET Request : url=https://randomuser.me/api 
 path_url=/api 
 headers={'User-Agent': 'python-requests/2.31.0', 'Accept-Encoding': 'gzip, deflate', 'Accept': '*/*', 'Connection': 'keep-alive'} 
 body=None 
 </msg>
<msg time="2024-04-05T11:11:52.046470" level="INFO">GET Response : url=https://randomuser.me/api 
 status=200, reason=OK 
 headers={'Date': 'Fri, 05 Apr 2024 11:11:52 GMT', 'Content-Type': 'application/json; charset=utf-8', 'Transfer-Encoding': 'chunked', 'Connection': 'keep-alive', 'X-Powered-By': 'Express', 'Access-Control-Allow-Origin': '*', 'Cache-Control': 'no-cache', 'ETag': 'W/"48b-ac2oE3EIbqGO7IHvpIkO0qdUbCc"', 'Vary': 'Accept-Encoding', 'Content-Encoding': 'gzip', 'CF-Cache-Status': 'DYNAMIC', 'Report-To': '{"endpoints":[{"url":"https:\\/\\/a.nel.cloudflare.com\\/report\\/v4?s=QkKlmC7jRQfOsrs5mr4PTMxI6A5sTauiQPpUlW%2BY%2B224PdwE99C1CsvUc9ioWkzDr776fMG2glDSsJEUHCp8Gmaiegnvh1%2FHMmTVfR2GFEvlR1s49CLEgjFHco1oGvg2"}],"group":"cf-nel","max_age":604800}', 'NEL': '{"success_fraction":0,"report_to":"cf-nel","max_age":604800}', 'Server': 'cloudflare', 'CF-RAY': '86f9198dbb80680c-SJC', 'alt-svc': 'h3=":443"; ma=86400'} 
 body={"results":[{"gender":"male","name":{"title":"Mr","first":"Krish","last":"Kaur"},"location":{"street":{"number":7165,"name":"Commercial St"},"city":"Madurai","state":"Uttarakhand","country":"India","postcode":87200,"coordinates":{"latitude":"10.8613","longitude":"-64.9116"},"timezone":{"offset":"+10:00","description":"Eastern Australia, Guam, Vladivostok"}},"email":"krish.kaur@example.com","login":{"uuid":"86fb39fd-e9cf-4f3c-82f8-6e4a8e5cbf6e","username":"yellowleopard448","password":"bologna","salt":"4MU88nXc","md5":"f3df6c65094030a767d67e2a3ac4cc77","sha1":"56bc55ed4a23cb91bc443f10df887904cbe5b51c","sha256":"386b19702355e57a05cd1b2ca53f7f814adb3588a170685e707c2ba845122fa8"},"dob":{"date":"1997-08-09T04:06:21.976Z","age":26},"registered":{"date":"2007-11-29T04:19:56.347Z","age":16},"phone":"8838794920","cell":"8548732636","id":{"name":"UIDAI","value":"179704299321"},"picture":{"large":"https://randomuser.me/api/portraits/men/63.jpg","medium":"https://randomuser.me/api/portraits/med/men/63.jpg","thumbnail":"https://randomuser.me/api/portraits/thumb/men/63.jpg"},"nat":"IN"}],"info":{"seed":"282de1c0f241eb0e","results":1,"page":1,"version":"1.4"}} 
 </msg>
<msg time="2024-04-05T11:11:52.046540" level="INFO">/opt/hostedtoolcache/Python/3.12.2/x64/lib/python3.12/site-packages/urllib3/connectionpool.py:1103: InsecureRequestWarning: Unverified HTTPS request is being made to host 'randomuser.me'. Adding certificate verification is strongly advised. See: https://urllib3.readthedocs.io/en/latest/advanced-usage.html#tls-warnings
  warnings.warn(</msg>
<msg time="2024-04-05T11:11:52.046633" level="INFO">${response} = &lt;Response [200]&gt;</msg>
<var>${response}</var>
<arg>consultarAPI</arg>
<arg>/api</arg>
<doc>Sends a GET request on a previously created HTTP Session.</doc>
<status status="PASS" start="2024-04-05T11:11:51.952713" elapsed="0.093947"/>
</kw>
<kw name="Set Variable" owner="BuiltIn">
<msg time="2024-04-05T11:11:52.047519" level="INFO">${json_data} = {'results': [{'gender': 'male', 'name': {'title': 'Mr', 'first': 'Krish', 'last': 'Kaur'}, 'location': {'street': {'number': 7165, 'name': 'Commercial St'}, 'city': 'Madurai', 'state': 'Uttarakhand', ...</msg>
<var>${json_data}</var>
<arg>${response.json()}</arg>
<doc>Returns the given values which can then be assigned to a variables.</doc>
<status status="PASS" start="2024-04-05T11:11:52.047062" elapsed="0.000485"/>
</kw>
<kw name="Log" owner="BuiltIn">
<msg time="2024-04-05T11:11:52.048006" level="INFO">{'results': [{'gender': 'male', 'name': {'title': 'Mr', 'first': 'Krish', 'last': 'Kaur'}, 'location': {'street': {'number': 7165, 'name': 'Commercial St'}, 'city': 'Madurai', 'state': 'Uttarakhand', 'country': 'India', 'postcode': 87200, 'coordinates': {'latitude': '10.8613', 'longitude': '-64.9116'}, 'timezone': {'offset': '+10:00', 'description': 'Eastern Australia, Guam, Vladivostok'}}, 'email': 'krish.kaur@example.com', 'login': {'uuid': '86fb39fd-e9cf-4f3c-82f8-6e4a8e5cbf6e', 'username': 'yellowleopard448', 'password': 'bologna', 'salt': '4MU88nXc', 'md5': 'f3df6c65094030a767d67e2a3ac4cc77', 'sha1': '56bc55ed4a23cb91bc443f10df887904cbe5b51c', 'sha256': '386b19702355e57a05cd1b2ca53f7f814adb3588a170685e707c2ba845122fa8'}, 'dob': {'date': '1997-08-09T04:06:21.976Z', 'age': 26}, 'registered': {'date': '2007-11-29T04:19:56.347Z', 'age': 16}, 'phone': '8838794920', 'cell': '8548732636', 'id': {'name': 'UIDAI', 'value': '179704299321'}, 'picture': {'large': 'https://randomuser.me/api/portraits/men/63.jpg', 'medium': 'https://randomuser.me/api/portraits/med/men/63.jpg', 'thumbnail': 'https://randomuser.me/api/portraits/thumb/men/63.jpg'}, 'nat': 'IN'}], 'info': {'seed': '282de1c0f241eb0e', 'results': 1, 'page': 1, 'version': '1.4'}}</msg>
<arg>${json_data}</arg>
<doc>Logs the given message with the given level.</doc>
<status status="PASS" start="2024-04-05T11:11:52.047850" elapsed="0.000233"/>
</kw>
<kw name="Should Be Equal As Numbers" owner="BuiltIn">
<arg>${json_data['results'][0]['location']['postcode']}</arg>
<arg>${json_data['results'][0]['location']['postcode']}</arg>
<doc>Fails if objects are unequal after converting them to real numbers.</doc>
<status status="PASS" start="2024-04-05T11:11:52.048388" elapsed="0.000673"/>
</kw>
<kw name="Log" owner="BuiltIn">
<msg time="2024-04-05T11:11:52.049589" level="INFO">87200</msg>
<arg>${json_data['results'][0]['location']['postcode']}</arg>
<doc>Logs the given message with the given level.</doc>
<status status="PASS" start="2024-04-05T11:11:52.049253" elapsed="0.000376"/>
</kw>
<status status="PASS" start="2024-04-05T11:11:51.952344" elapsed="0.097540"/>
</kw>
<doc>Testa se os tipos de dados na resposta da API estão corretos.</doc>
<tag>testeTiposDados</tag>
<status status="PASS" start="2024-04-05T11:11:51.862118" elapsed="0.187931"/>
</test>
<test id="s1-s1-t5" name="Validar conteudo" line="35">
<kw name="Teste de Tipos de Conteudo" owner="random-user-service">
<kw name="GET On Session" owner="RequestsLibrary">
<msg time="2024-04-05T11:11:52.153527" level="INFO">GET Request : url=https://randomuser.me/api 
 path_url=/api 
 headers={'User-Agent': 'python-requests/2.31.0', 'Accept-Encoding': 'gzip, deflate', 'Accept': '*/*', 'Connection': 'keep-alive'} 
 body=None 
 </msg>
<msg time="2024-04-05T11:11:52.153631" level="INFO">GET Response : url=https://randomuser.me/api 
 status=200, reason=OK 
 headers={'Date': 'Fri, 05 Apr 2024 11:11:52 GMT', 'Content-Type': 'application/json; charset=utf-8', 'Transfer-Encoding': 'chunked', 'Connection': 'keep-alive', 'X-Powered-By': 'Express', 'Access-Control-Allow-Origin': '*', 'Cache-Control': 'no-cache', 'ETag': 'W/"478-PoRwJqQ6PKXthcdhheJHUZgfkfY"', 'Vary': 'Accept-Encoding', 'Content-Encoding': 'gzip', 'CF-Cache-Status': 'DYNAMIC', 'Report-To': '{"endpoints":[{"url":"https:\\/\\/a.nel.cloudflare.com\\/report\\/v4?s=xef2gg52kYQO2jQDhpS15u%2BzAAJja6hz8Z0aNW0s4NX5U1VuLkT18Mf%2BWALr4%2F1NYfXRdkimIOXHjKzUHEQi2vGJfTB1VCi2TiSi1woSKbHVGbOUzzuJAAJlbn9RxaRq"}],"group":"cf-nel","max_age":604800}', 'NEL': '{"success_fraction":0,"report_to":"cf-nel","max_age":604800}', 'Server': 'cloudflare', 'CF-RAY': '86f9198e5be8680c-SJC', 'alt-svc': 'h3=":443"; ma=86400'} 
 body={"results":[{"gender":"male","name":{"title":"Mr","first":"Diego","last":"Garrido"},"location":{"street":{"number":6926,"name":"Avenida de América"},"city":"Valencia","state":"Islas Baleares","country":"Spain","postcode":57866,"coordinates":{"latitude":"-32.6856","longitude":"-105.9108"},"timezone":{"offset":"-9:00","description":"Alaska"}},"email":"diego.garrido@example.com","login":{"uuid":"451b0eb8-db14-4b0d-9855-ad2cfc160c30","username":"greengoose689","password":"lancer","salt":"1UhrTc2Z","md5":"d301018ef528b227ac4508045b0f7363","sha1":"3db8bc75c84f0c6e89e27fae8be7f04778439438","sha256":"058db8b547f5ef4de3614816bd7df3fb3f0ea21ed0ffdee0a43b46ad2df18a30"},"dob":{"date":"1992-07-18T19:20:30.740Z","age":31},"registered":{"date":"2005-05-02T08:06:22.921Z","age":18},"phone":"997-040-720","cell":"637-749-098","id":{"name":"DNI","value":"54121579-X"},"picture":{"large":"https://randomuser.me/api/portraits/men/75.jpg","medium":"https://randomuser.me/api/portraits/med/men/75.jpg","thumbnail":"https://randomuser.me/api/portraits/thumb/men/75.jpg"},"nat":"ES"}],"info":{"seed":"dfb344a683c6edb5","results":1,"page":1,"version":"1.4"}} 
 </msg>
<msg time="2024-04-05T11:11:52.153717" level="INFO">/opt/hostedtoolcache/Python/3.12.2/x64/lib/python3.12/site-packages/urllib3/connectionpool.py:1103: InsecureRequestWarning: Unverified HTTPS request is being made to host 'randomuser.me'. Adding certificate verification is strongly advised. See: https://urllib3.readthedocs.io/en/latest/advanced-usage.html#tls-warnings
  warnings.warn(</msg>
<msg time="2024-04-05T11:11:52.153850" level="INFO">${response} = &lt;Response [200]&gt;</msg>
<var>${response}</var>
<arg>consultarAPI</arg>
<arg>/api</arg>
<doc>Sends a GET request on a previously created HTTP Session.</doc>
<status status="PASS" start="2024-04-05T11:11:52.052610" elapsed="0.101282"/>
</kw>
<kw name="Set Variable" owner="BuiltIn">
<msg time="2024-04-05T11:11:52.154870" level="INFO">${json_data} = {'results': [{'gender': 'male', 'name': {'title': 'Mr', 'first': 'Diego', 'last': 'Garrido'}, 'location': {'street': {'number': 6926, 'name': 'Avenida de América'}, 'city': 'Valencia', 'state': 'Islas...</msg>
<var>${json_data}</var>
<arg>${response.json()}</arg>
<doc>Returns the given values which can then be assigned to a variables.</doc>
<status status="PASS" start="2024-04-05T11:11:52.154338" elapsed="0.000562"/>
</kw>
<kw name="Set Variable" owner="BuiltIn">
<msg time="2024-04-05T11:11:52.155598" level="INFO">${name_title} = Mr</msg>
<var>${name_title}</var>
<arg>${json_data["results"][0]["name"]["title"]}</arg>
<doc>Returns the given values which can then be assigned to a variables.</doc>
<status status="PASS" start="2024-04-05T11:11:52.155209" elapsed="0.000414"/>
</kw>
<kw name="Create List" owner="BuiltIn">
<msg time="2024-04-05T11:11:52.156080" level="INFO">${allowed_titles} = ['Mr', 'Ms', 'Miss', 'Mrs', 'Madame', 'Monsieur']</msg>
<var>${allowed_titles}</var>
<arg>Mr</arg>
<arg>Ms</arg>
<arg>Miss</arg>
<arg>Mrs</arg>
<arg>Madame</arg>
<arg>Monsieur</arg>
<doc>Returns a list containing given items.</doc>
<status status="PASS" start="2024-04-05T11:11:52.155926" elapsed="0.000179"/>
</kw>
<kw name="List Should Contain Value" owner="Collections">
<msg time="2024-04-05T11:11:52.156640" level="INFO">False</msg>
<arg>${allowed_titles}</arg>
<arg>${name_title}</arg>
<doc>Fails if the ``value`` is not found from ``list``.</doc>
<status status="PASS" start="2024-04-05T11:11:52.156441" elapsed="0.000238"/>
</kw>
<kw name="Set Variable" owner="BuiltIn">
<msg time="2024-04-05T11:11:52.157359" level="INFO">${name_country} = ES</msg>
<var>${name_country}</var>
<arg>${json_data["results"][0]["nat"]}</arg>
<doc>Returns the given values which can then be assigned to a variables.</doc>
<status status="PASS" start="2024-04-05T11:11:52.156971" elapsed="0.000414"/>
</kw>
<kw name="Create List" owner="BuiltIn">
<msg time="2024-04-05T11:11:52.158300" level="INFO">${list_country} = ['AD', 'AE', 'AF', 'AG', 'AI', 'AL', 'AM', 'AO', 'AQ', 'AR', 'AS', 'AT', 'AU', 'AW', 'AX', 'AZ', 'BA', 'BB', 'BD', 'BE', 'BF', 'BG', 'BH', 'BI', 'BJ', 'BL', 'BM', 'BN', 'BO', 'BQ', 'BR', 'BS', 'BT', '...</msg>
<var>${list_country}</var>
<arg>AD</arg>
<arg>AE</arg>
<arg>AF</arg>
<arg>AG</arg>
<arg>AI</arg>
<arg>AL</arg>
<arg>AM</arg>
<arg>AO</arg>
<arg>AQ</arg>
<arg>AR</arg>
<arg>AS</arg>
<arg>AT</arg>
<arg>AU</arg>
<arg>AW</arg>
<arg>AX</arg>
<arg>AZ</arg>
<arg>BA</arg>
<arg>BB</arg>
<arg>BD</arg>
<arg>BE</arg>
<arg>BF</arg>
<arg>BG</arg>
<arg>BH</arg>
<arg>BI</arg>
<arg>BJ</arg>
<arg>BL</arg>
<arg>BM</arg>
<arg>BN</arg>
<arg>BO</arg>
<arg>BQ</arg>
<arg>BR</arg>
<arg>BS</arg>
<arg>BT</arg>
<arg>BV</arg>
<arg>BW</arg>
<arg>BY</arg>
<arg>BZ</arg>
<arg>CA</arg>
<arg>CC</arg>
<arg>CD</arg>
<arg>CF</arg>
<arg>CG</arg>
<arg>CH</arg>
<arg>CI</arg>
<arg>CK</arg>
<arg>CL</arg>
<arg>CM</arg>
<arg>CN</arg>
<arg>CO</arg>
<arg>CR</arg>
<arg>CU</arg>
<arg>CV</arg>
<arg>CW</arg>
<arg>CX</arg>
<arg>CY</arg>
<arg>CZ</arg>
<arg>DE</arg>
<arg>DJ</arg>
<arg>DK</arg>
<arg>DM</arg>
<arg>DO</arg>
<arg>DZ</arg>
<arg>EC</arg>
<arg>EE</arg>
<arg>EG</arg>
<arg>EH</arg>
<arg>ER</arg>
<arg>ES</arg>
<arg>ET</arg>
<arg>FI</arg>
<arg>FJ</arg>
<arg>FK</arg>
<arg>FM</arg>
<arg>FO</arg>
<arg>FR</arg>
<arg>GA</arg>
<arg>GB</arg>
<arg>GD</arg>
<arg>GE</arg>
<arg>GF</arg>
<arg>GG</arg>
<arg>GH</arg>
<arg>GI</arg>
<arg>GL</arg>
<arg>GM</arg>
<arg>GN</arg>
<arg>GP</arg>
<arg>GQ</arg>
<arg>GR</arg>
<arg>GS</arg>
<arg>GT</arg>
<arg>GU</arg>
<arg>GW</arg>
<arg>GY</arg>
<arg>HK</arg>
<arg>HM</arg>
<arg>HN</arg>
<arg>HR</arg>
<arg>HT</arg>
<arg>HU</arg>
<arg>ID</arg>
<arg>IE</arg>
<arg>IL</arg>
<arg>IM</arg>
<arg>IN</arg>
<arg>IO</arg>
<arg>IQ</arg>
<arg>IR</arg>
<arg>IS</arg>
<arg>IT</arg>
<arg>JE</arg>
<arg>JM</arg>
<arg>JO</arg>
<arg>JP</arg>
<arg>KE</arg>
<arg>KG</arg>
<arg>KH</arg>
<arg>KI</arg>
<arg>KM</arg>
<arg>KN</arg>
<arg>KP</arg>
<arg>KR</arg>
<arg>KW</arg>
<arg>KY</arg>
<arg>KZ</arg>
<arg>LA</arg>
<arg>LB</arg>
<arg>LC</arg>
<arg>LI</arg>
<arg>LK</arg>
<arg>LR</arg>
<arg>LS</arg>
<arg>LT</arg>
<arg>LU</arg>
<arg>LV</arg>
<arg>LY</arg>
<arg>MA</arg>
<arg>MC</arg>
<arg>MD</arg>
<arg>ME</arg>
<arg>MF</arg>
<arg>MG</arg>
<arg>MH</arg>
<arg>MK</arg>
<arg>ML</arg>
<arg>MM</arg>
<arg>MN</arg>
<arg>MO</arg>
<arg>MP</arg>
<arg>MQ</arg>
<arg>MR</arg>
<arg>MS</arg>
<arg>MT</arg>
<arg>MU</arg>
<arg>MV</arg>
<arg>MW</arg>
<arg>MX</arg>
<arg>MY</arg>
<arg>MZ</arg>
<arg>NA</arg>
<arg>NC</arg>
<arg>NE</arg>
<arg>NF</arg>
<arg>NG</arg>
<arg>NI</arg>
<arg>NL</arg>
<arg>NO</arg>
<arg>NP</arg>
<arg>NR</arg>
<arg>NU</arg>
<arg>NZ</arg>
<arg>OM</arg>
<arg>PA</arg>
<arg>PE</arg>
<arg>PF</arg>
<arg>PG</arg>
<arg>PH</arg>
<arg>PK</arg>
<arg>PL</arg>
<arg>PM</arg>
<arg>PN</arg>
<arg>PR</arg>
<arg>PS</arg>
<arg>PT</arg>
<arg>PW</arg>
<arg>PY</arg>
<arg>QA</arg>
<arg>RE</arg>
<arg>RO</arg>
<arg>RS</arg>
<arg>RU</arg>
<arg>RW</arg>
<arg>SA</arg>
<arg>SB</arg>
<arg>SC</arg>
<arg>SD</arg>
<arg>SE</arg>
<arg>SG</arg>
<arg>SH</arg>
<arg>SI</arg>
<arg>SJ</arg>
<arg>SK</arg>
<arg>SL</arg>
<arg>SM</arg>
<arg>SN</arg>
<arg>SO</arg>
<arg>SR</arg>
<arg>SS</arg>
<arg>ST</arg>
<arg>SV</arg>
<arg>SX</arg>
<arg>SY</arg>
<arg>SZ</arg>
<arg>TC</arg>
<arg>TD</arg>
<arg>TF</arg>
<arg>TG</arg>
<arg>TH</arg>
<arg>TJ</arg>
<arg>TK</arg>
<arg>TL</arg>
<arg>TM</arg>
<arg>TN</arg>
<arg>TO</arg>
<arg>TR</arg>
<arg>TT</arg>
<arg>TV</arg>
<arg>TW</arg>
<arg>TZ</arg>
<arg>UA</arg>
<arg>UG</arg>
<arg>UM</arg>
<arg>US</arg>
<arg>UY</arg>
<arg>UZ</arg>
<arg>VA</arg>
<arg>VC</arg>
<arg>VE</arg>
<arg>VG</arg>
<arg>VI</arg>
<arg>VN</arg>
<arg>VU</arg>
<arg>WF</arg>
<arg>WS</arg>
<arg>XK</arg>
<arg>YE</arg>
<arg>YT</arg>
<arg>ZA</arg>
<arg>ZM</arg>
<arg>ZW</arg>
<doc>Returns a list containing given items.</doc>
<status status="PASS" start="2024-04-05T11:11:52.157695" elapsed="0.000630"/>
</kw>
<kw name="List Should Contain Value" owner="Collections">
<msg time="2024-04-05T11:11:52.159442" level="INFO">False</msg>
<arg>${list_country}</arg>
<arg>${name_country}</arg>
<doc>Fails if the ``value`` is not found from ``list``.</doc>
<status status="PASS" start="2024-04-05T11:11:52.159236" elapsed="0.000245"/>
</kw>
<kw name="Run Keyword If" owner="BuiltIn">
<kw name="Should Be True" owner="BuiltIn">
<arg>${True}</arg>
<doc>Fails if the given condition is not true.</doc>
<status status="PASS" start="2024-04-05T11:11:52.160566" elapsed="0.000149"/>
</kw>
<arg>${json_data["results"][0]["location"]["coordinates"]["latitude"]} &gt;= -90 and ${json_data["results"][0]["location"]["coordinates"]["latitude"]} &lt;= 90</arg>
<arg>Should Be True</arg>
<arg>${True}</arg>
<doc>Runs the given keyword with the given arguments, if ``condition`` is true.</doc>
<status status="PASS" start="2024-04-05T11:11:52.159793" elapsed="0.001053"/>
</kw>
<kw name="Run Keyword If" owner="BuiltIn">
<kw name="Should Be True" owner="BuiltIn">
<arg>${True}</arg>
<doc>Fails if the given condition is not true.</doc>
<status status="PASS" start="2024-04-05T11:11:52.161745" elapsed="0.000140"/>
</kw>
<arg>${json_data["results"][0]["location"]["coordinates"]["longitude"]} &gt;= -180 and ${json_data["results"][0]["location"]["coordinates"]["longitude"]} &lt;= 180</arg>
<arg>Should Be True</arg>
<arg>${True}</arg>
<doc>Runs the given keyword with the given arguments, if ``condition`` is true.</doc>
<status status="PASS" start="2024-04-05T11:11:52.161033" elapsed="0.000976"/>
</kw>
<status status="PASS" start="2024-04-05T11:11:52.052341" elapsed="0.109800"/>
</kw>
<doc>Testa o conteúdo específico dos campos retornados pela API.</doc>
<tag>testeConteudo</tag>
<status status="PASS" start="2024-04-05T11:11:52.051807" elapsed="0.110490"/>
</test>
<status status="PASS" start="2024-04-05T11:11:50.616531" elapsed="1.547795"/>
</suite>
<status status="PASS" start="2024-04-05T11:11:50.602606" elapsed="1.567255"/>
</suite>
<statistics>
<total>
<stat pass="5" fail="0" skip="0">All Tests</stat>
</total>
<tag>
<stat pass="1" fail="0" skip="0">testeConteudo</stat>
<stat pass="1" fail="0" skip="0">testeEstruturaResposta</stat>
<stat pass="1" fail="0" skip="0">testeRequisicaoBasica</stat>
<stat pass="1" fail="0" skip="0">testeTiposDados</stat>
</tag>
<suite>
<stat pass="5" fail="0" skip="0" id="s1" name="Tests">Tests</stat>
<stat pass="5" fail="0" skip="0" id="s1-s1" name="Random-User-Test">Tests.Random-User-Test</stat>
</suite>
</statistics>
<errors>
</errors>
</robot>
