<?xml version="1.0" encoding="UTF-8"?>
<robot generator="Robot 7.0.1 (Python 3.12.4 on linux)" generated="2024-08-01T03:17:44.471077" rpa="false" schemaversion="5">
<suite id="s1" name="Tests" source="/home/runner/work/ApiRandomUser/ApiRandomUser/RamdonUser/tests">
<suite id="s1-s1" name="Random-User-Test" source="/home/runner/work/ApiRandomUser/ApiRandomUser/RamdonUser/tests/random-user-test.robot">
<test id="s1-s1-t1" name="Conectar" line="13">
<kw name="Conectar API" owner="random-user-service">
<kw name="Create Session" owner="RequestsLibrary">
<msg time="2024-08-01T03:17:44.870435" level="INFO">Creating Session using : alias=consultarAPI, url=https://randomuser.me/, headers={},                     cookies={}, auth=None, timeout=None, proxies=None, verify=False,                     debug=0 </msg>
<arg>consultarAPI</arg>
<arg>${URL}</arg>
<doc>Create Session: create a HTTP session to a server</doc>
<status status="PASS" start="2024-08-01T03:17:44.870240" elapsed="0.000401"/>
</kw>
<status status="PASS" start="2024-08-01T03:17:44.869223" elapsed="0.001771"/>
</kw>
<status status="PASS" start="2024-08-01T03:17:44.868606" elapsed="0.002581"/>
</test>
<test id="s1-s1-t2" name="Validar retorno 200 e JSON Válido" line="16">
<kw name="Teste de Requisicao Basica" owner="random-user-service">
<kw name="GET On Session" owner="RequestsLibrary">
<msg time="2024-08-01T03:17:44.964638" level="INFO">GET Request : url=https://randomuser.me/api 
 path_url=/api 
 headers={'User-Agent': 'python-requests/2.32.3', 'Accept-Encoding': 'gzip, deflate', 'Accept': '*/*', 'Connection': 'keep-alive'} 
 body=None 
 </msg>
<msg time="2024-08-01T03:17:44.964785" level="INFO">GET Response : url=https://randomuser.me/api 
 status=200, reason=OK 
 headers={'Date': 'Thu, 01 Aug 2024 03:17:44 GMT', 'Content-Type': 'application/json; charset=utf-8', 'Transfer-Encoding': 'chunked', 'Connection': 'keep-alive', 'X-Powered-By': 'Express', 'Access-Control-Allow-Origin': '*', 'Cache-Control': 'no-cache', 'ETag': 'W/"484-UF6qNXJ6cGZYbHqO7Ol68BYBLhA"', 'Vary': 'Accept-Encoding', 'Content-Encoding': 'gzip', 'CF-Cache-Status': 'DYNAMIC', 'Report-To': '{"endpoints":[{"url":"https:\\/\\/a.nel.cloudflare.com\\/report\\/v4?s=h6B%2BxGc0GU8DolzAHiUww2e8NEjw69auYwzTzT2UVyJNNluL68jQrg16A5Lqeeoq%2FUnhOZBf8I%2FD4R5eqX96hoIPr0hi4AgdeanDNh%2F%2BK41C%2B2zGiZqwFMpmktfGiVq3"}],"group":"cf-nel","max_age":604800}', 'NEL': '{"success_fraction":0,"report_to":"cf-nel","max_age":604800}', 'Server': 'cloudflare', 'CF-RAY': '8ac2ad4bce30084a-IAD', 'alt-svc': 'h3=":443"; ma=86400'} 
 body={"results":[{"gender":"male","name":{"title":"Mr","first":"Brandon","last":"Wood"},"location":{"street":{"number":802,"name":"Manor Road"},"city":"Duleek","state":"Fingal","country":"Ireland","postcode":44921,"coordinates":{"latitude":"3.6776","longitude":"-82.4742"},"timezone":{"offset":"-4:00","description":"Atlantic Time (Canada), Caracas, La Paz"}},"email":"brandon.wood@example.com","login":{"uuid":"1f416546-1997-43e8-8a8c-0cb5c25b606a","username":"orangerabbit118","password":"onetime","salt":"fKJDo6Id","md5":"1f24d4ece0e798d61efebda7310a6d5f","sha1":"c49a06955389aa4991c139940fb8edd64284d30b","sha256":"91839c1c7bea83905030f5ac59a432e78cc90540087cb888f9f4a1155fd7d28f"},"dob":{"date":"1988-01-30T05:38:29.732Z","age":36},"registered":{"date":"2017-02-12T00:08:51.187Z","age":7},"phone":"061-136-4036","cell":"081-556-2533","id":{"name":"PPS","value":"8414678T"},"picture":{"large":"https://randomuser.me/api/portraits/men/32.jpg","medium":"https://randomuser.me/api/portraits/med/men/32.jpg","thumbnail":"https://randomuser.me/api/portraits/thumb/men/32.jpg"},"nat":"IE"}],"info":{"seed":"aca61a00b617fdd3","results":1,"page":1,"version":"1.4"}} 
 </msg>
<msg time="2024-08-01T03:17:44.964877" level="INFO">/opt/hostedtoolcache/Python/3.12.4/x64/lib/python3.12/site-packages/urllib3/connectionpool.py:1099: InsecureRequestWarning: Unverified HTTPS request is being made to host 'randomuser.me'. Adding certificate verification is strongly advised. See: https://urllib3.readthedocs.io/en/latest/advanced-usage.html#tls-warnings
  warnings.warn(</msg>
<msg time="2024-08-01T03:17:44.964997" level="INFO">${response} = &lt;Response [200]&gt;</msg>
<var>${response}</var>
<arg>consultarAPI</arg>
<arg>/api</arg>
<doc>Sends a GET request on a previously created HTTP Session.</doc>
<status status="PASS" start="2024-08-01T03:17:44.873867" elapsed="0.091173"/>
</kw>
<kw name="Should Be Equal As Numbers" owner="BuiltIn">
<msg time="2024-08-01T03:17:44.965894" level="INFO">Argument types are:
&lt;class 'int'&gt;
&lt;class 'str'&gt;</msg>
<arg>${response.status_code}</arg>
<arg>200</arg>
<doc>Fails if objects are unequal after converting them to real numbers.</doc>
<status status="PASS" start="2024-08-01T03:17:44.965464" elapsed="0.000496"/>
</kw>
<kw name="Log" owner="BuiltIn">
<msg time="2024-08-01T03:17:44.966695" level="INFO">200</msg>
<arg>${response.status_code}</arg>
<doc>Logs the given message with the given level.</doc>
<status status="PASS" start="2024-08-01T03:17:44.966291" elapsed="0.000448"/>
</kw>
<kw name="Set Variable" owner="BuiltIn">
<msg time="2024-08-01T03:17:44.967499" level="INFO">${json_data} = {'results': [{'gender': 'male', 'name': {'title': 'Mr', 'first': 'Brandon', 'last': 'Wood'}, 'location': {'street': {'number': 802, 'name': 'Manor Road'}, 'city': 'Duleek', 'state': 'Fingal', 'country...</msg>
<var>${json_data}</var>
<arg>${response.json()}</arg>
<doc>Returns the given values which can then be assigned to a variables.</doc>
<status status="PASS" start="2024-08-01T03:17:44.967052" elapsed="0.000477"/>
</kw>
<kw name="Dictionary Should Contain Key" owner="Collections">
<arg>${json_data}</arg>
<arg>results</arg>
<doc>Fails if ``key`` is not found from ``dictionary``.</doc>
<status status="PASS" start="2024-08-01T03:17:44.967839" elapsed="0.000300"/>
</kw>
<status status="PASS" start="2024-08-01T03:17:44.873620" elapsed="0.094671"/>
</kw>
<doc>Testa se a API responde corretamente e retorna um objeto JSON válido.</doc>
<tag>testeRequisicaoBasica</tag>
<status status="PASS" start="2024-08-01T03:17:44.873050" elapsed="0.095407"/>
</test>
<test id="s1-s1-t3" name="Validar estrutura de resposta" line="22">
<kw name="Teste de Estrutura de Resposta" owner="random-user-service">
<kw name="GET On Session" owner="RequestsLibrary">
<msg time="2024-08-01T03:17:45.059436" level="INFO">GET Request : url=https://randomuser.me/api 
 path_url=/api 
 headers={'User-Agent': 'python-requests/2.32.3', 'Accept-Encoding': 'gzip, deflate', 'Accept': '*/*', 'Connection': 'keep-alive'} 
 body=None 
 </msg>
<msg time="2024-08-01T03:17:45.059518" level="INFO">GET Response : url=https://randomuser.me/api 
 status=200, reason=OK 
 headers={'Date': 'Thu, 01 Aug 2024 03:17:45 GMT', 'Content-Type': 'application/json; charset=utf-8', 'Transfer-Encoding': 'chunked', 'Connection': 'keep-alive', 'X-Powered-By': 'Express', 'Access-Control-Allow-Origin': '*', 'Cache-Control': 'no-cache', 'ETag': 'W/"498-QkB4+qom74ES2sOVzoMsscF3sZQ"', 'Vary': 'Accept-Encoding', 'Content-Encoding': 'gzip', 'CF-Cache-Status': 'DYNAMIC', 'Report-To': '{"endpoints":[{"url":"https:\\/\\/a.nel.cloudflare.com\\/report\\/v4?s=jUlNIJ%2FFWfNvLNc9Sm9Hk4tohFRIhgOjaua%2BIYfpv5HrHW0NPnlo6W7%2B59J20a0ltoS22J9lBuRC%2FOJeqPgH4lxUybtpFqbOawAqWeXICEquKXgbE2qdmFQMr%2Bg%2BECUX"}],"group":"cf-nel","max_age":604800}', 'NEL': '{"success_fraction":0,"report_to":"cf-nel","max_age":604800}', 'Server': 'cloudflare', 'CF-RAY': '8ac2ad4c1e89084a-IAD', 'alt-svc': 'h3=":443"; ma=86400'} 
 body={"results":[{"gender":"female","name":{"title":"Miss","first":"Olivia","last":"Morales"},"location":{"street":{"number":8833,"name":"Daisy Dr"},"city":"Bendigo","state":"Victoria","country":"Australia","postcode":2798,"coordinates":{"latitude":"-89.4960","longitude":"96.7057"},"timezone":{"offset":"0:00","description":"Western Europe Time, London, Lisbon, Casablanca"}},"email":"olivia.morales@example.com","login":{"uuid":"b957e22d-e272-4dee-9b4b-493eba85602f","username":"redfish606","password":"dougie","salt":"kDjY64MR","md5":"2a97dd0fb4a3e46ce99e425fb845d889","sha1":"6654cccfb8e49b61c96db915dc47aedf03f69f41","sha256":"019b4803b2386388f139efdd17dd9020867b180424a96cb8270799a1e330e532"},"dob":{"date":"1955-11-27T19:06:14.442Z","age":68},"registered":{"date":"2020-04-17T14:21:49.269Z","age":4},"phone":"06-5340-1951","cell":"0461-253-779","id":{"name":"TFN","value":"824783714"},"picture":{"large":"https://randomuser.me/api/portraits/women/71.jpg","medium":"https://randomuser.me/api/portraits/med/women/71.jpg","thumbnail":"https://randomuser.me/api/portraits/thumb/women/71.jpg"},"nat":"AU"}],"info":{"seed":"f86655c3a6e77cdd","results":1,"page":1,"version":"1.4"}} 
 </msg>
<msg time="2024-08-01T03:17:45.059635" level="INFO">/opt/hostedtoolcache/Python/3.12.4/x64/lib/python3.12/site-packages/urllib3/connectionpool.py:1099: InsecureRequestWarning: Unverified HTTPS request is being made to host 'randomuser.me'. Adding certificate verification is strongly advised. See: https://urllib3.readthedocs.io/en/latest/advanced-usage.html#tls-warnings
  warnings.warn(</msg>
<msg time="2024-08-01T03:17:45.059755" level="INFO">${response} = &lt;Response [200]&gt;</msg>
<var>${response}</var>
<arg>consultarAPI</arg>
<arg>/api</arg>
<doc>Sends a GET request on a previously created HTTP Session.</doc>
<status status="PASS" start="2024-08-01T03:17:44.971143" elapsed="0.088665"/>
</kw>
<kw name="Set Variable" owner="BuiltIn">
<msg time="2024-08-01T03:17:45.060884" level="INFO">${json_data} = {'results': [{'gender': 'female', 'name': {'title': 'Miss', 'first': 'Olivia', 'last': 'Morales'}, 'location': {'street': {'number': 8833, 'name': 'Daisy Dr'}, 'city': 'Bendigo', 'state': 'Victoria', ...</msg>
<var>${json_data}</var>
<arg>${response.json()}</arg>
<doc>Returns the given values which can then be assigned to a variables.</doc>
<status status="PASS" start="2024-08-01T03:17:45.060319" elapsed="0.000595"/>
</kw>
<kw name="Log" owner="BuiltIn">
<msg time="2024-08-01T03:17:45.061386" level="INFO">{'results': [{'gender': 'female', 'name': {'title': 'Miss', 'first': 'Olivia', 'last': 'Morales'}, 'location': {'street': {'number': 8833, 'name': 'Daisy Dr'}, 'city': 'Bendigo', 'state': 'Victoria', 'country': 'Australia', 'postcode': 2798, 'coordinates': {'latitude': '-89.4960', 'longitude': '96.7057'}, 'timezone': {'offset': '0:00', 'description': 'Western Europe Time, London, Lisbon, Casablanca'}}, 'email': 'olivia.morales@example.com', 'login': {'uuid': 'b957e22d-e272-4dee-9b4b-493eba85602f', 'username': 'redfish606', 'password': 'dougie', 'salt': 'kDjY64MR', 'md5': '2a97dd0fb4a3e46ce99e425fb845d889', 'sha1': '6654cccfb8e49b61c96db915dc47aedf03f69f41', 'sha256': '019b4803b2386388f139efdd17dd9020867b180424a96cb8270799a1e330e532'}, 'dob': {'date': '1955-11-27T19:06:14.442Z', 'age': 68}, 'registered': {'date': '2020-04-17T14:21:49.269Z', 'age': 4}, 'phone': '06-5340-1951', 'cell': '0461-253-779', 'id': {'name': 'TFN', 'value': '824783714'}, 'picture': {'large': 'https://randomuser.me/api/portraits/women/71.jpg', 'medium': 'https://randomuser.me/api/portraits/med/women/71.jpg', 'thumbnail': 'https://randomuser.me/api/portraits/thumb/women/71.jpg'}, 'nat': 'AU'}], 'info': {'seed': 'f86655c3a6e77cdd', 'results': 1, 'page': 1, 'version': '1.4'}}</msg>
<arg>${json_data}</arg>
<doc>Logs the given message with the given level.</doc>
<status status="PASS" start="2024-08-01T03:17:45.061226" elapsed="0.000215"/>
</kw>
<kw name="Dictionary Should Contain Key" owner="Collections">
<arg>${json_data}</arg>
<arg>results</arg>
<doc>Fails if ``key`` is not found from ``dictionary``.</doc>
<status status="PASS" start="2024-08-01T03:17:45.061739" elapsed="0.000164"/>
</kw>
<kw name="Should Not Be Empty" owner="BuiltIn">
<msg time="2024-08-01T03:17:45.062222" level="INFO">Length is 2.</msg>
<arg>${json_data}</arg>
<doc>Verifies that the given item is not empty.</doc>
<status status="PASS" start="2024-08-01T03:17:45.062094" elapsed="0.000167"/>
</kw>
<kw name="Create List" owner="BuiltIn">
<msg time="2024-08-01T03:17:45.062759" level="INFO">${expected_keys} = ['gender', 'name', 'location', 'email', 'login']</msg>
<var>${expected_keys}</var>
<arg>gender</arg>
<arg>name</arg>
<arg>location</arg>
<arg>email</arg>
<arg>login</arg>
<doc>Returns a list containing given items.</doc>
<status status="PASS" start="2024-08-01T03:17:45.062589" elapsed="0.000194"/>
</kw>
<for flavor="IN">
<iter>
<kw name="Dictionary Should Contain Key" owner="Collections">
<arg>${json_data['results'][0]}</arg>
<arg>${key}</arg>
<doc>Fails if ``key`` is not found from ``dictionary``.</doc>
<status status="PASS" start="2024-08-01T03:17:45.063358" elapsed="0.000403"/>
</kw>
<kw name="Log" owner="BuiltIn">
<msg time="2024-08-01T03:17:45.064316" level="INFO">{'gender': 'female', 'name': {'title': 'Miss', 'first': 'Olivia', 'last': 'Morales'}, 'location': {'street': {'number': 8833, 'name': 'Daisy Dr'}, 'city': 'Bendigo', 'state': 'Victoria', 'country': 'Australia', 'postcode': 2798, 'coordinates': {'latitude': '-89.4960', 'longitude': '96.7057'}, 'timezone': {'offset': '0:00', 'description': 'Western Europe Time, London, Lisbon, Casablanca'}}, 'email': 'olivia.morales@example.com', 'login': {'uuid': 'b957e22d-e272-4dee-9b4b-493eba85602f', 'username': 'redfish606', 'password': 'dougie', 'salt': 'kDjY64MR', 'md5': '2a97dd0fb4a3e46ce99e425fb845d889', 'sha1': '6654cccfb8e49b61c96db915dc47aedf03f69f41', 'sha256': '019b4803b2386388f139efdd17dd9020867b180424a96cb8270799a1e330e532'}, 'dob': {'date': '1955-11-27T19:06:14.442Z', 'age': 68}, 'registered': {'date': '2020-04-17T14:21:49.269Z', 'age': 4}, 'phone': '06-5340-1951', 'cell': '0461-253-779', 'id': {'name': 'TFN', 'value': '824783714'}, 'picture': {'large': 'https://randomuser.me/api/portraits/women/71.jpg', 'medium': 'https://randomuser.me/api/portraits/med/women/71.jpg', 'thumbnail': 'https://randomuser.me/api/portraits/thumb/women/71.jpg'}, 'nat': 'AU'}</msg>
<arg>${json_data['results'][0]}</arg>
<doc>Logs the given message with the given level.</doc>
<status status="PASS" start="2024-08-01T03:17:45.063956" elapsed="0.000411"/>
</kw>
<kw name="Log" owner="BuiltIn">
<msg time="2024-08-01T03:17:45.064797" level="INFO">gender</msg>
<arg>${key}</arg>
<doc>Logs the given message with the given level.</doc>
<status status="PASS" start="2024-08-01T03:17:45.064666" elapsed="0.000170"/>
</kw>
<var name="${key}">gender</var>
<status status="PASS" start="2024-08-01T03:17:45.063230" elapsed="0.001826"/>
</iter>
<iter>
<kw name="Dictionary Should Contain Key" owner="Collections">
<arg>${json_data['results'][0]}</arg>
<arg>${key}</arg>
<doc>Fails if ``key`` is not found from ``dictionary``.</doc>
<status status="PASS" start="2024-08-01T03:17:45.065354" elapsed="0.000390"/>
</kw>
<kw name="Log" owner="BuiltIn">
<msg time="2024-08-01T03:17:45.066284" level="INFO">{'gender': 'female', 'name': {'title': 'Miss', 'first': 'Olivia', 'last': 'Morales'}, 'location': {'street': {'number': 8833, 'name': 'Daisy Dr'}, 'city': 'Bendigo', 'state': 'Victoria', 'country': 'Australia', 'postcode': 2798, 'coordinates': {'latitude': '-89.4960', 'longitude': '96.7057'}, 'timezone': {'offset': '0:00', 'description': 'Western Europe Time, London, Lisbon, Casablanca'}}, 'email': 'olivia.morales@example.com', 'login': {'uuid': 'b957e22d-e272-4dee-9b4b-493eba85602f', 'username': 'redfish606', 'password': 'dougie', 'salt': 'kDjY64MR', 'md5': '2a97dd0fb4a3e46ce99e425fb845d889', 'sha1': '6654cccfb8e49b61c96db915dc47aedf03f69f41', 'sha256': '019b4803b2386388f139efdd17dd9020867b180424a96cb8270799a1e330e532'}, 'dob': {'date': '1955-11-27T19:06:14.442Z', 'age': 68}, 'registered': {'date': '2020-04-17T14:21:49.269Z', 'age': 4}, 'phone': '06-5340-1951', 'cell': '0461-253-779', 'id': {'name': 'TFN', 'value': '824783714'}, 'picture': {'large': 'https://randomuser.me/api/portraits/women/71.jpg', 'medium': 'https://randomuser.me/api/portraits/med/women/71.jpg', 'thumbnail': 'https://randomuser.me/api/portraits/thumb/women/71.jpg'}, 'nat': 'AU'}</msg>
<arg>${json_data['results'][0]}</arg>
<doc>Logs the given message with the given level.</doc>
<status status="PASS" start="2024-08-01T03:17:45.065928" elapsed="0.000436"/>
</kw>
<kw name="Log" owner="BuiltIn">
<msg time="2024-08-01T03:17:45.066825" level="INFO">name</msg>
<arg>${key}</arg>
<doc>Logs the given message with the given level.</doc>
<status status="PASS" start="2024-08-01T03:17:45.066687" elapsed="0.000179"/>
</kw>
<var name="${key}">name</var>
<status status="PASS" start="2024-08-01T03:17:45.065241" elapsed="0.001844"/>
</iter>
<iter>
<kw name="Dictionary Should Contain Key" owner="Collections">
<arg>${json_data['results'][0]}</arg>
<arg>${key}</arg>
<doc>Fails if ``key`` is not found from ``dictionary``.</doc>
<status status="PASS" start="2024-08-01T03:17:45.067371" elapsed="0.000390"/>
</kw>
<kw name="Log" owner="BuiltIn">
<msg time="2024-08-01T03:17:45.068303" level="INFO">{'gender': 'female', 'name': {'title': 'Miss', 'first': 'Olivia', 'last': 'Morales'}, 'location': {'street': {'number': 8833, 'name': 'Daisy Dr'}, 'city': 'Bendigo', 'state': 'Victoria', 'country': 'Australia', 'postcode': 2798, 'coordinates': {'latitude': '-89.4960', 'longitude': '96.7057'}, 'timezone': {'offset': '0:00', 'description': 'Western Europe Time, London, Lisbon, Casablanca'}}, 'email': 'olivia.morales@example.com', 'login': {'uuid': 'b957e22d-e272-4dee-9b4b-493eba85602f', 'username': 'redfish606', 'password': 'dougie', 'salt': 'kDjY64MR', 'md5': '2a97dd0fb4a3e46ce99e425fb845d889', 'sha1': '6654cccfb8e49b61c96db915dc47aedf03f69f41', 'sha256': '019b4803b2386388f139efdd17dd9020867b180424a96cb8270799a1e330e532'}, 'dob': {'date': '1955-11-27T19:06:14.442Z', 'age': 68}, 'registered': {'date': '2020-04-17T14:21:49.269Z', 'age': 4}, 'phone': '06-5340-1951', 'cell': '0461-253-779', 'id': {'name': 'TFN', 'value': '824783714'}, 'picture': {'large': 'https://randomuser.me/api/portraits/women/71.jpg', 'medium': 'https://randomuser.me/api/portraits/med/women/71.jpg', 'thumbnail': 'https://randomuser.me/api/portraits/thumb/women/71.jpg'}, 'nat': 'AU'}</msg>
<arg>${json_data['results'][0]}</arg>
<doc>Logs the given message with the given level.</doc>
<status status="PASS" start="2024-08-01T03:17:45.067952" elapsed="0.000400"/>
</kw>
<kw name="Log" owner="BuiltIn">
<msg time="2024-08-01T03:17:45.068787" level="INFO">location</msg>
<arg>${key}</arg>
<doc>Logs the given message with the given level.</doc>
<status status="PASS" start="2024-08-01T03:17:45.068655" elapsed="0.000171"/>
</kw>
<var name="${key}">location</var>
<status status="PASS" start="2024-08-01T03:17:45.067262" elapsed="0.001786"/>
</iter>
<iter>
<kw name="Dictionary Should Contain Key" owner="Collections">
<arg>${json_data['results'][0]}</arg>
<arg>${key}</arg>
<doc>Fails if ``key`` is not found from ``dictionary``.</doc>
<status status="PASS" start="2024-08-01T03:17:45.069328" elapsed="0.000382"/>
</kw>
<kw name="Log" owner="BuiltIn">
<msg time="2024-08-01T03:17:45.070365" level="INFO">{'gender': 'female', 'name': {'title': 'Miss', 'first': 'Olivia', 'last': 'Morales'}, 'location': {'street': {'number': 8833, 'name': 'Daisy Dr'}, 'city': 'Bendigo', 'state': 'Victoria', 'country': 'Australia', 'postcode': 2798, 'coordinates': {'latitude': '-89.4960', 'longitude': '96.7057'}, 'timezone': {'offset': '0:00', 'description': 'Western Europe Time, London, Lisbon, Casablanca'}}, 'email': 'olivia.morales@example.com', 'login': {'uuid': 'b957e22d-e272-4dee-9b4b-493eba85602f', 'username': 'redfish606', 'password': 'dougie', 'salt': 'kDjY64MR', 'md5': '2a97dd0fb4a3e46ce99e425fb845d889', 'sha1': '6654cccfb8e49b61c96db915dc47aedf03f69f41', 'sha256': '019b4803b2386388f139efdd17dd9020867b180424a96cb8270799a1e330e532'}, 'dob': {'date': '1955-11-27T19:06:14.442Z', 'age': 68}, 'registered': {'date': '2020-04-17T14:21:49.269Z', 'age': 4}, 'phone': '06-5340-1951', 'cell': '0461-253-779', 'id': {'name': 'TFN', 'value': '824783714'}, 'picture': {'large': 'https://randomuser.me/api/portraits/women/71.jpg', 'medium': 'https://randomuser.me/api/portraits/med/women/71.jpg', 'thumbnail': 'https://randomuser.me/api/portraits/thumb/women/71.jpg'}, 'nat': 'AU'}</msg>
<arg>${json_data['results'][0]}</arg>
<doc>Logs the given message with the given level.</doc>
<status status="PASS" start="2024-08-01T03:17:45.070010" elapsed="0.000415"/>
</kw>
<kw name="Log" owner="BuiltIn">
<msg time="2024-08-01T03:17:45.070892" level="INFO">email</msg>
<arg>${key}</arg>
<doc>Logs the given message with the given level.</doc>
<status status="PASS" start="2024-08-01T03:17:45.070760" elapsed="0.000171"/>
</kw>
<var name="${key}">email</var>
<status status="PASS" start="2024-08-01T03:17:45.069221" elapsed="0.001927"/>
</iter>
<iter>
<kw name="Dictionary Should Contain Key" owner="Collections">
<arg>${json_data['results'][0]}</arg>
<arg>${key}</arg>
<doc>Fails if ``key`` is not found from ``dictionary``.</doc>
<status status="PASS" start="2024-08-01T03:17:45.071433" elapsed="0.000373"/>
</kw>
<kw name="Log" owner="BuiltIn">
<msg time="2024-08-01T03:17:45.072343" level="INFO">{'gender': 'female', 'name': {'title': 'Miss', 'first': 'Olivia', 'last': 'Morales'}, 'location': {'street': {'number': 8833, 'name': 'Daisy Dr'}, 'city': 'Bendigo', 'state': 'Victoria', 'country': 'Australia', 'postcode': 2798, 'coordinates': {'latitude': '-89.4960', 'longitude': '96.7057'}, 'timezone': {'offset': '0:00', 'description': 'Western Europe Time, London, Lisbon, Casablanca'}}, 'email': 'olivia.morales@example.com', 'login': {'uuid': 'b957e22d-e272-4dee-9b4b-493eba85602f', 'username': 'redfish606', 'password': 'dougie', 'salt': 'kDjY64MR', 'md5': '2a97dd0fb4a3e46ce99e425fb845d889', 'sha1': '6654cccfb8e49b61c96db915dc47aedf03f69f41', 'sha256': '019b4803b2386388f139efdd17dd9020867b180424a96cb8270799a1e330e532'}, 'dob': {'date': '1955-11-27T19:06:14.442Z', 'age': 68}, 'registered': {'date': '2020-04-17T14:21:49.269Z', 'age': 4}, 'phone': '06-5340-1951', 'cell': '0461-253-779', 'id': {'name': 'TFN', 'value': '824783714'}, 'picture': {'large': 'https://randomuser.me/api/portraits/women/71.jpg', 'medium': 'https://randomuser.me/api/portraits/med/women/71.jpg', 'thumbnail': 'https://randomuser.me/api/portraits/thumb/women/71.jpg'}, 'nat': 'AU'}</msg>
<arg>${json_data['results'][0]}</arg>
<doc>Logs the given message with the given level.</doc>
<status status="PASS" start="2024-08-01T03:17:45.071987" elapsed="0.000404"/>
</kw>
<kw name="Log" owner="BuiltIn">
<msg time="2024-08-01T03:17:45.072816" level="INFO">login</msg>
<arg>${key}</arg>
<doc>Logs the given message with the given level.</doc>
<status status="PASS" start="2024-08-01T03:17:45.072686" elapsed="0.000168"/>
</kw>
<var name="${key}">login</var>
<status status="PASS" start="2024-08-01T03:17:45.071325" elapsed="0.001747"/>
</iter>
<var>${key}</var>
<value>@{expected_keys}</value>
<status status="PASS" start="2024-08-01T03:17:45.063048" elapsed="0.010146"/>
</for>
<kw name="Create List" owner="BuiltIn">
<msg time="2024-08-01T03:17:45.073522" level="INFO">${expected_keysTwo} = ['username', 'password']</msg>
<var>${expected_keysTwo}</var>
<arg>username</arg>
<arg>password</arg>
<doc>Returns a list containing given items.</doc>
<status status="PASS" start="2024-08-01T03:17:45.073384" elapsed="0.000190"/>
</kw>
<for flavor="IN">
<iter>
<kw name="Dictionary Should Contain Key" owner="Collections">
<arg>${json_data['results'][0]['login']}</arg>
<arg>${keyTwo}</arg>
<doc>Fails if ``key`` is not found from ``dictionary``.</doc>
<status status="PASS" start="2024-08-01T03:17:45.074080" elapsed="0.000386"/>
</kw>
<kw name="Dictionary Should Contain Key" owner="Collections">
<arg>${json_data['results'][0]['login']}</arg>
<arg>${keyTwo}</arg>
<doc>Fails if ``key`` is not found from ``dictionary``.</doc>
<status status="PASS" start="2024-08-01T03:17:45.074674" elapsed="0.000380"/>
</kw>
<kw name="Log" owner="BuiltIn">
<msg time="2024-08-01T03:17:45.075356" level="INFO">username</msg>
<arg>${keyTwo}</arg>
<doc>Logs the given message with the given level.</doc>
<status status="PASS" start="2024-08-01T03:17:45.075233" elapsed="0.000162"/>
</kw>
<var name="${keyTwo}">username</var>
<status status="PASS" start="2024-08-01T03:17:45.073972" elapsed="0.001646"/>
</iter>
<iter>
<kw name="Dictionary Should Contain Key" owner="Collections">
<arg>${json_data['results'][0]['login']}</arg>
<arg>${keyTwo}</arg>
<doc>Fails if ``key`` is not found from ``dictionary``.</doc>
<status status="PASS" start="2024-08-01T03:17:45.075910" elapsed="0.000388"/>
</kw>
<kw name="Dictionary Should Contain Key" owner="Collections">
<arg>${json_data['results'][0]['login']}</arg>
<arg>${keyTwo}</arg>
<doc>Fails if ``key`` is not found from ``dictionary``.</doc>
<status status="PASS" start="2024-08-01T03:17:45.076479" elapsed="0.000381"/>
</kw>
<kw name="Log" owner="BuiltIn">
<msg time="2024-08-01T03:17:45.077168" level="INFO">password</msg>
<arg>${keyTwo}</arg>
<doc>Logs the given message with the given level.</doc>
<status status="PASS" start="2024-08-01T03:17:45.077039" elapsed="0.000167"/>
</kw>
<var name="${keyTwo}">password</var>
<status status="PASS" start="2024-08-01T03:17:45.075795" elapsed="0.001633"/>
</iter>
<var>${keyTwo}</var>
<value>@{expected_keysTwo}</value>
<status status="PASS" start="2024-08-01T03:17:45.073820" elapsed="0.003729"/>
</for>
<status status="PASS" start="2024-08-01T03:17:44.970909" elapsed="0.106779"/>
</kw>
<doc>Testa a estrutura da resposta da API.</doc>
<tag>testeEstruturaResposta</tag>
<status status="PASS" start="2024-08-01T03:17:44.970307" elapsed="0.107533"/>
</test>
<test id="s1-s1-t4" name="Validar tipos de dados" line="28">
<kw name="Teste de Tipos de Dados" owner="random-user-service">
<kw name="GET On Session" owner="RequestsLibrary">
<msg time="2024-08-01T03:17:45.155415" level="INFO">GET Request : url=https://randomuser.me/api 
 path_url=/api 
 headers={'User-Agent': 'python-requests/2.32.3', 'Accept-Encoding': 'gzip, deflate', 'Accept': '*/*', 'Connection': 'keep-alive'} 
 body=None 
 </msg>
<msg time="2024-08-01T03:17:45.155490" level="INFO">GET Response : url=https://randomuser.me/api 
 status=200, reason=OK 
 headers={'Date': 'Thu, 01 Aug 2024 03:17:45 GMT', 'Content-Type': 'application/json; charset=utf-8', 'Transfer-Encoding': 'chunked', 'Connection': 'keep-alive', 'X-Powered-By': 'Express', 'Access-Control-Allow-Origin': '*', 'Cache-Control': 'no-cache', 'ETag': 'W/"481-JpQaXueLFNQjZuTBM3KB5myF3Vo"', 'Vary': 'Accept-Encoding', 'Content-Encoding': 'gzip', 'CF-Cache-Status': 'DYNAMIC', 'Report-To': '{"endpoints":[{"url":"https:\\/\\/a.nel.cloudflare.com\\/report\\/v4?s=VqseP6Np4jwKJORYpswPiwp60pi3NJpqwd1dcLd%2FeMFKwzHAgrL3VSPuf1eBos8ZOUbbqyzkqnQ3S%2FJmtsyt%2Fg4qfXnYZ5MB9z11nrQaA6nsSWX0ZqSFg0bbQp%2BynBpk"}],"group":"cf-nel","max_age":604800}', 'NEL': '{"success_fraction":0,"report_to":"cf-nel","max_age":604800}', 'Server': 'cloudflare', 'CF-RAY': '8ac2ad4ccf2f084a-IAD', 'alt-svc': 'h3=":443"; ma=86400'} 
 body={"results":[{"gender":"male","name":{"title":"Mr","first":"Yash","last":"Namnaik"},"location":{"street":{"number":8235,"name":"Shivajinagar"},"city":"Jaipur","state":"Goa","country":"India","postcode":82865,"coordinates":{"latitude":"10.3345","longitude":"-147.2340"},"timezone":{"offset":"+5:30","description":"Bombay, Calcutta, Madras, New Delhi"}},"email":"yash.namnaik@example.com","login":{"uuid":"f9bde64c-7de5-435b-9b0d-2634585edb05","username":"beautifulswan253","password":"rams","salt":"C26xnwUg","md5":"a03b2d9777a15534275c94fcf3798f6d","sha1":"63b0df94277b345b9f7f317cd15497c90a817e6d","sha256":"021f4c1475c82c041bbfb131426afe50659e81a24fdf37b763c54176e62236e9"},"dob":{"date":"1968-11-03T01:56:32.844Z","age":55},"registered":{"date":"2007-02-26T08:52:41.610Z","age":17},"phone":"8539870383","cell":"7964418668","id":{"name":"UIDAI","value":"812250922304"},"picture":{"large":"https://randomuser.me/api/portraits/men/28.jpg","medium":"https://randomuser.me/api/portraits/med/men/28.jpg","thumbnail":"https://randomuser.me/api/portraits/thumb/men/28.jpg"},"nat":"IN"}],"info":{"seed":"aeafaa4c33daa0c9","results":1,"page":1,"version":"1.4"}} 
 </msg>
<msg time="2024-08-01T03:17:45.155557" level="INFO">/opt/hostedtoolcache/Python/3.12.4/x64/lib/python3.12/site-packages/urllib3/connectionpool.py:1099: InsecureRequestWarning: Unverified HTTPS request is being made to host 'randomuser.me'. Adding certificate verification is strongly advised. See: https://urllib3.readthedocs.io/en/latest/advanced-usage.html#tls-warnings
  warnings.warn(</msg>
<msg time="2024-08-01T03:17:45.155657" level="INFO">${response} = &lt;Response [200]&gt;</msg>
<var>${response}</var>
<arg>consultarAPI</arg>
<arg>/api</arg>
<doc>Sends a GET request on a previously created HTTP Session.</doc>
<status status="PASS" start="2024-08-01T03:17:45.080355" elapsed="0.075334"/>
</kw>
<kw name="Set Variable" owner="BuiltIn">
<msg time="2024-08-01T03:17:45.156610" level="INFO">${json_data} = {'results': [{'gender': 'male', 'name': {'title': 'Mr', 'first': 'Yash', 'last': 'Namnaik'}, 'location': {'street': {'number': 8235, 'name': 'Shivajinagar'}, 'city': 'Jaipur', 'state': 'Goa', 'country...</msg>
<var>${json_data}</var>
<arg>${response.json()}</arg>
<doc>Returns the given values which can then be assigned to a variables.</doc>
<status status="PASS" start="2024-08-01T03:17:45.156144" elapsed="0.000495"/>
</kw>
<kw name="Log" owner="BuiltIn">
<msg time="2024-08-01T03:17:45.157095" level="INFO">{'results': [{'gender': 'male', 'name': {'title': 'Mr', 'first': 'Yash', 'last': 'Namnaik'}, 'location': {'street': {'number': 8235, 'name': 'Shivajinagar'}, 'city': 'Jaipur', 'state': 'Goa', 'country': 'India', 'postcode': 82865, 'coordinates': {'latitude': '10.3345', 'longitude': '-147.2340'}, 'timezone': {'offset': '+5:30', 'description': 'Bombay, Calcutta, Madras, New Delhi'}}, 'email': 'yash.namnaik@example.com', 'login': {'uuid': 'f9bde64c-7de5-435b-9b0d-2634585edb05', 'username': 'beautifulswan253', 'password': 'rams', 'salt': 'C26xnwUg', 'md5': 'a03b2d9777a15534275c94fcf3798f6d', 'sha1': '63b0df94277b345b9f7f317cd15497c90a817e6d', 'sha256': '021f4c1475c82c041bbfb131426afe50659e81a24fdf37b763c54176e62236e9'}, 'dob': {'date': '1968-11-03T01:56:32.844Z', 'age': 55}, 'registered': {'date': '2007-02-26T08:52:41.610Z', 'age': 17}, 'phone': '8539870383', 'cell': '7964418668', 'id': {'name': 'UIDAI', 'value': '812250922304'}, 'picture': {'large': 'https://randomuser.me/api/portraits/men/28.jpg', 'medium': 'https://randomuser.me/api/portraits/med/men/28.jpg', 'thumbnail': 'https://randomuser.me/api/portraits/thumb/men/28.jpg'}, 'nat': 'IN'}], 'info': {'seed': 'aeafaa4c33daa0c9', 'results': 1, 'page': 1, 'version': '1.4'}}</msg>
<arg>${json_data}</arg>
<doc>Logs the given message with the given level.</doc>
<status status="PASS" start="2024-08-01T03:17:45.156942" elapsed="0.000199"/>
</kw>
<kw name="Should Be String" owner="String">
<arg>${json_data['results'][0]['gender']}</arg>
<doc>Fails if the given ``item`` is not a string.</doc>
<status status="PASS" start="2024-08-01T03:17:45.157433" elapsed="0.000364"/>
</kw>
<kw name="Should Match Regexp" owner="BuiltIn">
<arg>${json_data['results'][0]['email']}</arg>
<arg>^[a-zA-Z0-9._%+-]+@[a-zA-Z0-9.-]+\.[a-zA-Z]{2,}$</arg>
<doc>Fails if ``string`` does not match ``pattern`` as a regular expression.</doc>
<status status="PASS" start="2024-08-01T03:17:45.157983" elapsed="0.000552"/>
</kw>
<kw name="Should Match Regexp" owner="BuiltIn">
<arg>${json_data['results'][0]['dob']['date']}</arg>
<arg>\\d{4}-\\d{2}-\\d{2}T\\d{2}:\\d{2}:\\d{2}\\.\\d{3}Z</arg>
<doc>Fails if ``string`` does not match ``pattern`` as a regular expression.</doc>
<status status="PASS" start="2024-08-01T03:17:45.158775" elapsed="0.000599"/>
</kw>
<kw name="Should Match Regexp" owner="BuiltIn">
<arg>${json_data['results'][0]['registered']['date']}</arg>
<arg>\\d{4}-\\d{2}-\\d{2}T\\d{2}:\\d{2}:\\d{2}\\.\\d{3}Z</arg>
<doc>Fails if ``string`` does not match ``pattern`` as a regular expression.</doc>
<status status="PASS" start="2024-08-01T03:17:45.159571" elapsed="0.000375"/>
</kw>
<kw name="Should Match Regexp" owner="BuiltIn">
<arg>${json_data['results'][0]['picture']['large']}</arg>
<arg>^https?://.*\.(?:png|jpe?g|gif|bmp)$</arg>
<doc>Fails if ``string`` does not match ``pattern`` as a regular expression.</doc>
<status status="PASS" start="2024-08-01T03:17:45.160134" elapsed="0.000468"/>
</kw>
<kw name="Should Match Regexp" owner="BuiltIn">
<arg>${json_data['results'][0]['picture']['medium']}</arg>
<arg>^https?://.*\.(?:png|jpe?g|gif|bmp)$</arg>
<doc>Fails if ``string`` does not match ``pattern`` as a regular expression.</doc>
<status status="PASS" start="2024-08-01T03:17:45.160793" elapsed="0.000354"/>
</kw>
<kw name="Should Match Regexp" owner="BuiltIn">
<arg>${json_data['results'][0]['picture']['thumbnail']}</arg>
<arg>^https?://.*\.(?:png|jpe?g|gif|bmp)$</arg>
<doc>Fails if ``string`` does not match ``pattern`` as a regular expression.</doc>
<status status="PASS" start="2024-08-01T03:17:45.161333" elapsed="0.000352"/>
</kw>
<kw name="Log" owner="BuiltIn">
<msg time="2024-08-01T03:17:45.162191" level="INFO">{'large': 'https://randomuser.me/api/portraits/men/28.jpg', 'medium': 'https://randomuser.me/api/portraits/med/men/28.jpg', 'thumbnail': 'https://randomuser.me/api/portraits/thumb/men/28.jpg'}</msg>
<arg>${json_data['results'][0]['picture']}</arg>
<doc>Logs the given message with the given level.</doc>
<status status="PASS" start="2024-08-01T03:17:45.161866" elapsed="0.000369"/>
</kw>
<status status="PASS" start="2024-08-01T03:17:45.080132" elapsed="0.082383"/>
</kw>
<kw name="Teste de Tipos de Dados - Postcode" owner="random-user-service">
<kw name="GET On Session" owner="RequestsLibrary">
<msg time="2024-08-01T03:17:45.263693" level="INFO">GET Request : url=https://randomuser.me/api 
 path_url=/api 
 headers={'User-Agent': 'python-requests/2.32.3', 'Accept-Encoding': 'gzip, deflate', 'Accept': '*/*', 'Connection': 'keep-alive'} 
 body=None 
 </msg>
<msg time="2024-08-01T03:17:45.263787" level="INFO">GET Response : url=https://randomuser.me/api 
 status=200, reason=OK 
 headers={'Date': 'Thu, 01 Aug 2024 03:17:45 GMT', 'Content-Type': 'application/json; charset=utf-8', 'Transfer-Encoding': 'chunked', 'Connection': 'keep-alive', 'X-Powered-By': 'Express', 'Access-Control-Allow-Origin': '*', 'Cache-Control': 'no-cache', 'ETag': 'W/"487-hwQ7xRkSTnZvdKh921aa1micDFc"', 'Vary': 'Accept-Encoding', 'Content-Encoding': 'gzip', 'CF-Cache-Status': 'DYNAMIC', 'Report-To': '{"endpoints":[{"url":"https:\\/\\/a.nel.cloudflare.com\\/report\\/v4?s=kpjKFkvaE6iNYlNoH%2Fp4x5MAiVLqdjyT3QJNTxylASFDymKzm3A2CwOajuCsFNmbPUAf95i9obqcDFFtu3f78S9KoLbvEeXT2ntykT5VHbPLUPUSsqecSANF8tncXM%2FJ"}],"group":"cf-nel","max_age":604800}', 'NEL': '{"success_fraction":0,"report_to":"cf-nel","max_age":604800}', 'Server': 'cloudflare', 'CF-RAY': '8ac2ad4d4fa7084a-IAD', 'alt-svc': 'h3=":443"; ma=86400'} 
 body={"results":[{"gender":"female","name":{"title":"Mrs","first":"Irmelin","last":"Holen"},"location":{"street":{"number":153,"name":"Ladeveien"},"city":"Manger","state":"Akershus","country":"Norway","postcode":"6908","coordinates":{"latitude":"46.5457","longitude":"53.4024"},"timezone":{"offset":"+3:00","description":"Baghdad, Riyadh, Moscow, St. Petersburg"}},"email":"irmelin.holen@example.com","login":{"uuid":"65780780-165e-4c40-a123-6452caabc81b","username":"bluekoala375","password":"beatle","salt":"Aw6Ysaxh","md5":"2068f6b13b502e79e2e2d1c935696bcf","sha1":"0e8296b9747b33b43914ff9c9325249e8ad087fa","sha256":"54845054bb72f3e669a64fb7beebc971f2e434ddddc4d913d3b4aa6fb6e3ff45"},"dob":{"date":"1965-04-10T06:43:59.627Z","age":59},"registered":{"date":"2004-11-30T19:11:10.084Z","age":19},"phone":"66775078","cell":"94501894","id":{"name":"FN","value":"10046532428"},"picture":{"large":"https://randomuser.me/api/portraits/women/74.jpg","medium":"https://randomuser.me/api/portraits/med/women/74.jpg","thumbnail":"https://randomuser.me/api/portraits/thumb/women/74.jpg"},"nat":"NO"}],"info":{"seed":"ceda0ec7a7832fed","results":1,"page":1,"version":"1.4"}} 
 </msg>
<msg time="2024-08-01T03:17:45.263856" level="INFO">/opt/hostedtoolcache/Python/3.12.4/x64/lib/python3.12/site-packages/urllib3/connectionpool.py:1099: InsecureRequestWarning: Unverified HTTPS request is being made to host 'randomuser.me'. Adding certificate verification is strongly advised. See: https://urllib3.readthedocs.io/en/latest/advanced-usage.html#tls-warnings
  warnings.warn(</msg>
<msg time="2024-08-01T03:17:45.263986" level="INFO">${response} = &lt;Response [200]&gt;</msg>
<var>${response}</var>
<arg>consultarAPI</arg>
<arg>/api</arg>
<doc>Sends a GET request on a previously created HTTP Session.</doc>
<status status="PASS" start="2024-08-01T03:17:45.162962" elapsed="0.101066"/>
</kw>
<kw name="Set Variable" owner="BuiltIn">
<msg time="2024-08-01T03:17:45.265152" level="INFO">${json_data} = {'results': [{'gender': 'female', 'name': {'title': 'Mrs', 'first': 'Irmelin', 'last': 'Holen'}, 'location': {'street': {'number': 153, 'name': 'Ladeveien'}, 'city': 'Manger', 'state': 'Akershus', 'co...</msg>
<var>${json_data}</var>
<arg>${response.json()}</arg>
<doc>Returns the given values which can then be assigned to a variables.</doc>
<status status="PASS" start="2024-08-01T03:17:45.264620" elapsed="0.000561"/>
</kw>
<kw name="Log" owner="BuiltIn">
<msg time="2024-08-01T03:17:45.265692" level="INFO">{'results': [{'gender': 'female', 'name': {'title': 'Mrs', 'first': 'Irmelin', 'last': 'Holen'}, 'location': {'street': {'number': 153, 'name': 'Ladeveien'}, 'city': 'Manger', 'state': 'Akershus', 'country': 'Norway', 'postcode': '6908', 'coordinates': {'latitude': '46.5457', 'longitude': '53.4024'}, 'timezone': {'offset': '+3:00', 'description': 'Baghdad, Riyadh, Moscow, St. Petersburg'}}, 'email': 'irmelin.holen@example.com', 'login': {'uuid': '65780780-165e-4c40-a123-6452caabc81b', 'username': 'bluekoala375', 'password': 'beatle', 'salt': 'Aw6Ysaxh', 'md5': '2068f6b13b502e79e2e2d1c935696bcf', 'sha1': '0e8296b9747b33b43914ff9c9325249e8ad087fa', 'sha256': '54845054bb72f3e669a64fb7beebc971f2e434ddddc4d913d3b4aa6fb6e3ff45'}, 'dob': {'date': '1965-04-10T06:43:59.627Z', 'age': 59}, 'registered': {'date': '2004-11-30T19:11:10.084Z', 'age': 19}, 'phone': '66775078', 'cell': '94501894', 'id': {'name': 'FN', 'value': '10046532428'}, 'picture': {'large': 'https://randomuser.me/api/portraits/women/74.jpg', 'medium': 'https://randomuser.me/api/portraits/med/women/74.jpg', 'thumbnail': 'https://randomuser.me/api/portraits/thumb/women/74.jpg'}, 'nat': 'NO'}], 'info': {'seed': 'ceda0ec7a7832fed', 'results': 1, 'page': 1, 'version': '1.4'}}</msg>
<arg>${json_data}</arg>
<doc>Logs the given message with the given level.</doc>
<status status="PASS" start="2024-08-01T03:17:45.265521" elapsed="0.000221"/>
</kw>
<kw name="Should Be Equal As Numbers" owner="BuiltIn">
<arg>${json_data['results'][0]['location']['postcode']}</arg>
<arg>${json_data['results'][0]['location']['postcode']}</arg>
<doc>Fails if objects are unequal after converting them to real numbers.</doc>
<status status="PASS" start="2024-08-01T03:17:45.266054" elapsed="0.000694"/>
</kw>
<kw name="Log" owner="BuiltIn">
<msg time="2024-08-01T03:17:45.267303" level="INFO">6908</msg>
<arg>${json_data['results'][0]['location']['postcode']}</arg>
<doc>Logs the given message with the given level.</doc>
<status status="PASS" start="2024-08-01T03:17:45.266953" elapsed="0.000393"/>
</kw>
<status status="PASS" start="2024-08-01T03:17:45.162737" elapsed="0.104913"/>
</kw>
<doc>Testa se os tipos de dados na resposta da API estão corretos.</doc>
<tag>testeTiposDados</tag>
<status status="PASS" start="2024-08-01T03:17:45.079581" elapsed="0.188245"/>
</test>
<test id="s1-s1-t5" name="Validar conteudo" line="35">
<kw name="Teste de Tipos de Conteudo" owner="random-user-service">
<kw name="GET On Session" owner="RequestsLibrary">
<msg time="2024-08-01T03:17:45.357343" level="INFO">GET Request : url=https://randomuser.me/api 
 path_url=/api 
 headers={'User-Agent': 'python-requests/2.32.3', 'Accept-Encoding': 'gzip, deflate', 'Accept': '*/*', 'Connection': 'keep-alive'} 
 body=None 
 </msg>
<msg time="2024-08-01T03:17:45.357421" level="INFO">GET Response : url=https://randomuser.me/api 
 status=200, reason=OK 
 headers={'Date': 'Thu, 01 Aug 2024 03:17:45 GMT', 'Content-Type': 'application/json; charset=utf-8', 'Transfer-Encoding': 'chunked', 'Connection': 'keep-alive', 'X-Powered-By': 'Express', 'Access-Control-Allow-Origin': '*', 'Cache-Control': 'no-cache', 'ETag': 'W/"491-CKJ4hp9/MofomKyyjGfNtPu/BOE"', 'Vary': 'Accept-Encoding', 'Content-Encoding': 'gzip', 'CF-Cache-Status': 'DYNAMIC', 'Report-To': '{"endpoints":[{"url":"https:\\/\\/a.nel.cloudflare.com\\/report\\/v4?s=SXCn8xy60klWdVKy6RJuXi8Ol%2FhtK5eJezthahW%2Fz52kYqEnF3NefymsloF7q10CvIdkIXMCdgOrZCtPiO9j91%2FgsgrzXEpAq67gWzU7UXeXzEvO2eQa%2FS57%2BFq5Y8it"}],"group":"cf-nel","max_age":604800}', 'NEL': '{"success_fraction":0,"report_to":"cf-nel","max_age":604800}', 'Server': 'cloudflare', 'CF-RAY': '8ac2ad4df85a084a-IAD', 'alt-svc': 'h3=":443"; ma=86400'} 
 body={"results":[{"gender":"female","name":{"title":"Mrs","first":"Harini","last":"Rai"},"location":{"street":{"number":6876,"name":"Mirza Ghalib St"},"city":"Hazaribagh","state":"Bihar","country":"India","postcode":97415,"coordinates":{"latitude":"5.4246","longitude":"36.0419"},"timezone":{"offset":"+10:00","description":"Eastern Australia, Guam, Vladivostok"}},"email":"harini.rai@example.com","login":{"uuid":"3b7fb852-f4dd-4033-8d92-82c2b0ac24ed","username":"blackleopard236","password":"millions","salt":"r1Yanlr2","md5":"15132a1c6b2343264c1357235b3f9020","sha1":"ad4273fbead96a0dc48dd1ae93f337982a86f80e","sha256":"bfb1d2bd40e04a52b21933d20c4e2081d254e4495fe787b8680a8096d4af5e6b"},"dob":{"date":"1987-05-10T18:09:20.892Z","age":37},"registered":{"date":"2005-06-05T15:48:08.624Z","age":19},"phone":"7681288904","cell":"9113516655","id":{"name":"UIDAI","value":"181609941147"},"picture":{"large":"https://randomuser.me/api/portraits/women/70.jpg","medium":"https://randomuser.me/api/portraits/med/women/70.jpg","thumbnail":"https://randomuser.me/api/portraits/thumb/women/70.jpg"},"nat":"IN"}],"info":{"seed":"1cc98a4c4e438867","results":1,"page":1,"version":"1.4"}} 
 </msg>
<msg time="2024-08-01T03:17:45.357492" level="INFO">/opt/hostedtoolcache/Python/3.12.4/x64/lib/python3.12/site-packages/urllib3/connectionpool.py:1099: InsecureRequestWarning: Unverified HTTPS request is being made to host 'randomuser.me'. Adding certificate verification is strongly advised. See: https://urllib3.readthedocs.io/en/latest/advanced-usage.html#tls-warnings
  warnings.warn(</msg>
<msg time="2024-08-01T03:17:45.357621" level="INFO">${response} = &lt;Response [200]&gt;</msg>
<var>${response}</var>
<arg>consultarAPI</arg>
<arg>/api</arg>
<doc>Sends a GET request on a previously created HTTP Session.</doc>
<status status="PASS" start="2024-08-01T03:17:45.270398" elapsed="0.087264"/>
</kw>
<kw name="Set Variable" owner="BuiltIn">
<msg time="2024-08-01T03:17:45.358533" level="INFO">${json_data} = {'results': [{'gender': 'female', 'name': {'title': 'Mrs', 'first': 'Harini', 'last': 'Rai'}, 'location': {'street': {'number': 6876, 'name': 'Mirza Ghalib St'}, 'city': 'Hazaribagh', 'state': 'Bihar'...</msg>
<var>${json_data}</var>
<arg>${response.json()}</arg>
<doc>Returns the given values which can then be assigned to a variables.</doc>
<status status="PASS" start="2024-08-01T03:17:45.358053" elapsed="0.000512"/>
</kw>
<kw name="Set Variable" owner="BuiltIn">
<msg time="2024-08-01T03:17:45.359257" level="INFO">${name_title} = Mrs</msg>
<var>${name_title}</var>
<arg>${json_data["results"][0]["name"]["title"]}</arg>
<doc>Returns the given values which can then be assigned to a variables.</doc>
<status status="PASS" start="2024-08-01T03:17:45.358880" elapsed="0.000402"/>
</kw>
<kw name="Create List" owner="BuiltIn">
<msg time="2024-08-01T03:17:45.359731" level="INFO">${allowed_titles} = ['Mr', 'Ms', 'Miss', 'Mrs', 'Madame', 'Monsieur']</msg>
<var>${allowed_titles}</var>
<arg>Mr</arg>
<arg>Ms</arg>
<arg>Miss</arg>
<arg>Mrs</arg>
<arg>Madame</arg>
<arg>Monsieur</arg>
<doc>Returns a list containing given items.</doc>
<status status="PASS" start="2024-08-01T03:17:45.359580" elapsed="0.000176"/>
</kw>
<kw name="List Should Contain Value" owner="Collections">
<arg>${allowed_titles}</arg>
<arg>${name_title}</arg>
<doc>Fails if the ``value`` is not found from ``list``.</doc>
<status status="PASS" start="2024-08-01T03:17:45.360058" elapsed="0.000183"/>
</kw>
<kw name="Set Variable" owner="BuiltIn">
<msg time="2024-08-01T03:17:45.360800" level="INFO">${name_country} = IN</msg>
<var>${name_country}</var>
<arg>${json_data["results"][0]["nat"]}</arg>
<doc>Returns the given values which can then be assigned to a variables.</doc>
<status status="PASS" start="2024-08-01T03:17:45.360421" elapsed="0.000405"/>
</kw>
<kw name="Create List" owner="BuiltIn">
<msg time="2024-08-01T03:17:45.361721" level="INFO">${list_country} = ['AD', 'AE', 'AF', 'AG', 'AI', 'AL', 'AM', 'AO', 'AQ', 'AR', 'AS', 'AT', 'AU', 'AW', 'AX', 'AZ', 'BA', 'BB', 'BD', 'BE', 'BF', 'BG', 'BH', 'BI', 'BJ', 'BL', 'BM', 'BN', 'BO', 'BQ', 'BR', 'BS', 'BT', '...</msg>
<var>${list_country}</var>
<arg>AD</arg>
<arg>AE</arg>
<arg>AF</arg>
<arg>AG</arg>
<arg>AI</arg>
<arg>AL</arg>
<arg>AM</arg>
<arg>AO</arg>
<arg>AQ</arg>
<arg>AR</arg>
<arg>AS</arg>
<arg>AT</arg>
<arg>AU</arg>
<arg>AW</arg>
<arg>AX</arg>
<arg>AZ</arg>
<arg>BA</arg>
<arg>BB</arg>
<arg>BD</arg>
<arg>BE</arg>
<arg>BF</arg>
<arg>BG</arg>
<arg>BH</arg>
<arg>BI</arg>
<arg>BJ</arg>
<arg>BL</arg>
<arg>BM</arg>
<arg>BN</arg>
<arg>BO</arg>
<arg>BQ</arg>
<arg>BR</arg>
<arg>BS</arg>
<arg>BT</arg>
<arg>BV</arg>
<arg>BW</arg>
<arg>BY</arg>
<arg>BZ</arg>
<arg>CA</arg>
<arg>CC</arg>
<arg>CD</arg>
<arg>CF</arg>
<arg>CG</arg>
<arg>CH</arg>
<arg>CI</arg>
<arg>CK</arg>
<arg>CL</arg>
<arg>CM</arg>
<arg>CN</arg>
<arg>CO</arg>
<arg>CR</arg>
<arg>CU</arg>
<arg>CV</arg>
<arg>CW</arg>
<arg>CX</arg>
<arg>CY</arg>
<arg>CZ</arg>
<arg>DE</arg>
<arg>DJ</arg>
<arg>DK</arg>
<arg>DM</arg>
<arg>DO</arg>
<arg>DZ</arg>
<arg>EC</arg>
<arg>EE</arg>
<arg>EG</arg>
<arg>EH</arg>
<arg>ER</arg>
<arg>ES</arg>
<arg>ET</arg>
<arg>FI</arg>
<arg>FJ</arg>
<arg>FK</arg>
<arg>FM</arg>
<arg>FO</arg>
<arg>FR</arg>
<arg>GA</arg>
<arg>GB</arg>
<arg>GD</arg>
<arg>GE</arg>
<arg>GF</arg>
<arg>GG</arg>
<arg>GH</arg>
<arg>GI</arg>
<arg>GL</arg>
<arg>GM</arg>
<arg>GN</arg>
<arg>GP</arg>
<arg>GQ</arg>
<arg>GR</arg>
<arg>GS</arg>
<arg>GT</arg>
<arg>GU</arg>
<arg>GW</arg>
<arg>GY</arg>
<arg>HK</arg>
<arg>HM</arg>
<arg>HN</arg>
<arg>HR</arg>
<arg>HT</arg>
<arg>HU</arg>
<arg>ID</arg>
<arg>IE</arg>
<arg>IL</arg>
<arg>IM</arg>
<arg>IN</arg>
<arg>IO</arg>
<arg>IQ</arg>
<arg>IR</arg>
<arg>IS</arg>
<arg>IT</arg>
<arg>JE</arg>
<arg>JM</arg>
<arg>JO</arg>
<arg>JP</arg>
<arg>KE</arg>
<arg>KG</arg>
<arg>KH</arg>
<arg>KI</arg>
<arg>KM</arg>
<arg>KN</arg>
<arg>KP</arg>
<arg>KR</arg>
<arg>KW</arg>
<arg>KY</arg>
<arg>KZ</arg>
<arg>LA</arg>
<arg>LB</arg>
<arg>LC</arg>
<arg>LI</arg>
<arg>LK</arg>
<arg>LR</arg>
<arg>LS</arg>
<arg>LT</arg>
<arg>LU</arg>
<arg>LV</arg>
<arg>LY</arg>
<arg>MA</arg>
<arg>MC</arg>
<arg>MD</arg>
<arg>ME</arg>
<arg>MF</arg>
<arg>MG</arg>
<arg>MH</arg>
<arg>MK</arg>
<arg>ML</arg>
<arg>MM</arg>
<arg>MN</arg>
<arg>MO</arg>
<arg>MP</arg>
<arg>MQ</arg>
<arg>MR</arg>
<arg>MS</arg>
<arg>MT</arg>
<arg>MU</arg>
<arg>MV</arg>
<arg>MW</arg>
<arg>MX</arg>
<arg>MY</arg>
<arg>MZ</arg>
<arg>NA</arg>
<arg>NC</arg>
<arg>NE</arg>
<arg>NF</arg>
<arg>NG</arg>
<arg>NI</arg>
<arg>NL</arg>
<arg>NO</arg>
<arg>NP</arg>
<arg>NR</arg>
<arg>NU</arg>
<arg>NZ</arg>
<arg>OM</arg>
<arg>PA</arg>
<arg>PE</arg>
<arg>PF</arg>
<arg>PG</arg>
<arg>PH</arg>
<arg>PK</arg>
<arg>PL</arg>
<arg>PM</arg>
<arg>PN</arg>
<arg>PR</arg>
<arg>PS</arg>
<arg>PT</arg>
<arg>PW</arg>
<arg>PY</arg>
<arg>QA</arg>
<arg>RE</arg>
<arg>RO</arg>
<arg>RS</arg>
<arg>RU</arg>
<arg>RW</arg>
<arg>SA</arg>
<arg>SB</arg>
<arg>SC</arg>
<arg>SD</arg>
<arg>SE</arg>
<arg>SG</arg>
<arg>SH</arg>
<arg>SI</arg>
<arg>SJ</arg>
<arg>SK</arg>
<arg>SL</arg>
<arg>SM</arg>
<arg>SN</arg>
<arg>SO</arg>
<arg>SR</arg>
<arg>SS</arg>
<arg>ST</arg>
<arg>SV</arg>
<arg>SX</arg>
<arg>SY</arg>
<arg>SZ</arg>
<arg>TC</arg>
<arg>TD</arg>
<arg>TF</arg>
<arg>TG</arg>
<arg>TH</arg>
<arg>TJ</arg>
<arg>TK</arg>
<arg>TL</arg>
<arg>TM</arg>
<arg>TN</arg>
<arg>TO</arg>
<arg>TR</arg>
<arg>TT</arg>
<arg>TV</arg>
<arg>TW</arg>
<arg>TZ</arg>
<arg>UA</arg>
<arg>UG</arg>
<arg>UM</arg>
<arg>US</arg>
<arg>UY</arg>
<arg>UZ</arg>
<arg>VA</arg>
<arg>VC</arg>
<arg>VE</arg>
<arg>VG</arg>
<arg>VI</arg>
<arg>VN</arg>
<arg>VU</arg>
<arg>WF</arg>
<arg>WS</arg>
<arg>XK</arg>
<arg>YE</arg>
<arg>YT</arg>
<arg>ZA</arg>
<arg>ZM</arg>
<arg>ZW</arg>
<doc>Returns a list containing given items.</doc>
<status status="PASS" start="2024-08-01T03:17:45.361116" elapsed="0.000630"/>
</kw>
<kw name="List Should Contain Value" owner="Collections">
<arg>${list_country}</arg>
<arg>${name_country}</arg>
<doc>Fails if the ``value`` is not found from ``list``.</doc>
<status status="PASS" start="2024-08-01T03:17:45.362735" elapsed="0.000211"/>
</kw>
<kw name="Run Keyword If" owner="BuiltIn">
<kw name="Should Be True" owner="BuiltIn">
<arg>${True}</arg>
<doc>Fails if the given condition is not true.</doc>
<status status="PASS" start="2024-08-01T03:17:45.363888" elapsed="0.000144"/>
</kw>
<arg>${json_data["results"][0]["location"]["coordinates"]["latitude"]} &gt;= -90 and ${json_data["results"][0]["location"]["coordinates"]["latitude"]} &lt;= 90</arg>
<arg>Should Be True</arg>
<arg>${True}</arg>
<doc>Runs the given keyword with the given arguments, if ``condition`` is true.</doc>
<status status="PASS" start="2024-08-01T03:17:45.363148" elapsed="0.001010"/>
</kw>
<kw name="Run Keyword If" owner="BuiltIn">
<kw name="Should Be True" owner="BuiltIn">
<arg>${True}</arg>
<doc>Fails if the given condition is not true.</doc>
<status status="PASS" start="2024-08-01T03:17:45.365047" elapsed="0.000139"/>
</kw>
<arg>${json_data["results"][0]["location"]["coordinates"]["longitude"]} &gt;= -180 and ${json_data["results"][0]["location"]["coordinates"]["longitude"]} &lt;= 180</arg>
<arg>Should Be True</arg>
<arg>${True}</arg>
<doc>Runs the given keyword with the given arguments, if ``condition`` is true.</doc>
<status status="PASS" start="2024-08-01T03:17:45.364345" elapsed="0.000966"/>
</kw>
<status status="PASS" start="2024-08-01T03:17:45.270166" elapsed="0.095274"/>
</kw>
<doc>Testa o conteúdo específico dos campos retornados pela API.</doc>
<tag>testeConteudo</tag>
<status status="PASS" start="2024-08-01T03:17:45.269628" elapsed="0.095954"/>
</test>
<status status="PASS" start="2024-08-01T03:17:44.529414" elapsed="0.838132"/>
</suite>
<status status="PASS" start="2024-08-01T03:17:44.515010" elapsed="0.857591"/>
</suite>
<statistics>
<total>
<stat pass="5" fail="0" skip="0">All Tests</stat>
</total>
<tag>
<stat pass="1" fail="0" skip="0">testeConteudo</stat>
<stat pass="1" fail="0" skip="0">testeEstruturaResposta</stat>
<stat pass="1" fail="0" skip="0">testeRequisicaoBasica</stat>
<stat pass="1" fail="0" skip="0">testeTiposDados</stat>
</tag>
<suite>
<stat pass="5" fail="0" skip="0" id="s1" name="Tests">Tests</stat>
<stat pass="5" fail="0" skip="0" id="s1-s1" name="Random-User-Test">Tests.Random-User-Test</stat>
</suite>
</statistics>
<errors>
</errors>
</robot>
