<?xml version="1.0" encoding="UTF-8"?>
<robot generator="Robot 7.0 (Python 3.12.3 on linux)" generated="2024-05-25T23:18:06.147662" rpa="false" schemaversion="5">
<suite id="s1" name="Tests" source="/home/runner/work/ApiRandomUser/ApiRandomUser/RamdonUser/tests">
<suite id="s1-s1" name="Random-User-Test" source="/home/runner/work/ApiRandomUser/ApiRandomUser/RamdonUser/tests/random-user-test.robot">
<test id="s1-s1-t1" name="Conectar" line="13">
<kw name="Conectar API" owner="random-user-service">
<kw name="Create Session" owner="RequestsLibrary">
<msg time="2024-05-25T23:18:06.528059" level="INFO">Creating Session using : alias=consultarAPI, url=https://randomuser.me/, headers={},                     cookies={}, auth=None, timeout=None, proxies=None, verify=False,                     debug=0 </msg>
<arg>consultarAPI</arg>
<arg>${URL}</arg>
<doc>Create Session: create a HTTP session to a server</doc>
<status status="PASS" start="2024-05-25T23:18:06.527866" elapsed="0.000361"/>
</kw>
<status status="PASS" start="2024-05-25T23:18:06.526889" elapsed="0.001691"/>
</kw>
<status status="PASS" start="2024-05-25T23:18:06.526384" elapsed="0.002389"/>
</test>
<test id="s1-s1-t2" name="Validar retorno 200 e JSON Válido" line="16">
<kw name="Teste de Requisicao Basica" owner="random-user-service">
<kw name="GET On Session" owner="RequestsLibrary">
<msg time="2024-05-25T23:18:06.637582" level="INFO">GET Request : url=https://randomuser.me/api 
 path_url=/api 
 headers={'User-Agent': 'python-requests/2.32.2', 'Accept-Encoding': 'gzip, deflate', 'Accept': '*/*', 'Connection': 'keep-alive'} 
 body=None 
 </msg>
<msg time="2024-05-25T23:18:06.637719" level="INFO">GET Response : url=https://randomuser.me/api 
 status=200, reason=OK 
 headers={'Date': 'Sat, 25 May 2024 23:18:06 GMT', 'Content-Type': 'application/json; charset=utf-8', 'Transfer-Encoding': 'chunked', 'Connection': 'keep-alive', 'X-Powered-By': 'Express', 'Access-Control-Allow-Origin': '*', 'Cache-Control': 'no-cache', 'ETag': 'W/"49c-WZcciAq7NlZGG1MPTxYKfY6hn04"', 'Vary': 'Accept-Encoding', 'Content-Encoding': 'gzip', 'CF-Cache-Status': 'DYNAMIC', 'Report-To': '{"endpoints":[{"url":"https:\\/\\/a.nel.cloudflare.com\\/report\\/v4?s=sEiCaYaqUKxKmLO3p4ngLq1o6N0aBQgnK4SBDVGffzQXHt98Rae4jt5Z7E3H9KYZS%2FR3jCvLUBCQ1nzK%2FrSGjX13rjcwii4GVBOfSqs3picAvOMNBgQ3nZdueWiLAKEZ"}],"group":"cf-nel","max_age":604800}', 'NEL': '{"success_fraction":0,"report_to":"cf-nel","max_age":604800}', 'Server': 'cloudflare', 'CF-RAY': '88993e22f9541597-SJC', 'alt-svc': 'h3=":443"; ma=86400'} 
 body={"results":[{"gender":"female","name":{"title":"Miss","first":"Violet","last":"Obrien"},"location":{"street":{"number":5643,"name":"Samaritan Dr"},"city":"Albury","state":"New South Wales","country":"Australia","postcode":5699,"coordinates":{"latitude":"-83.0902","longitude":"50.6126"},"timezone":{"offset":"+8:00","description":"Beijing, Perth, Singapore, Hong Kong"}},"email":"violet.obrien@example.com","login":{"uuid":"fa0d9b02-e247-4016-ad00-b4a936038345","username":"beautifulpanda353","password":"1963","salt":"lqEagAkY","md5":"a95bfa54ba46022daa7562e32fc8b28a","sha1":"e7eedb7cf1c5498d8a68db26b7756a3ed4b48f56","sha256":"5e791dc738f841bbb102d9284265741bedcf765cfa0dd27b9180d3eb65aa99db"},"dob":{"date":"1980-03-01T11:00:33.824Z","age":44},"registered":{"date":"2014-04-21T00:18:12.515Z","age":10},"phone":"03-0252-2335","cell":"0423-929-769","id":{"name":"TFN","value":"582671145"},"picture":{"large":"https://randomuser.me/api/portraits/women/21.jpg","medium":"https://randomuser.me/api/portraits/med/women/21.jpg","thumbnail":"https://randomuser.me/api/portraits/thumb/women/21.jpg"},"nat":"AU"}],"info":{"seed":"66e3731a3c31dbd6","results":1,"page":1,"version":"1.4"}} 
 </msg>
<msg time="2024-05-25T23:18:06.637807" level="INFO">/opt/hostedtoolcache/Python/3.12.3/x64/lib/python3.12/site-packages/urllib3/connectionpool.py:1103: InsecureRequestWarning: Unverified HTTPS request is being made to host 'randomuser.me'. Adding certificate verification is strongly advised. See: https://urllib3.readthedocs.io/en/latest/advanced-usage.html#tls-warnings
  warnings.warn(</msg>
<msg time="2024-05-25T23:18:06.637968" level="INFO">${response} = &lt;Response [200]&gt;</msg>
<var>${response}</var>
<arg>consultarAPI</arg>
<arg>/api</arg>
<doc>Sends a GET request on a previously created HTTP Session.</doc>
<status status="PASS" start="2024-05-25T23:18:06.531323" elapsed="0.106684"/>
</kw>
<kw name="Should Be Equal As Numbers" owner="BuiltIn">
<msg time="2024-05-25T23:18:06.638836" level="INFO">Argument types are:
&lt;class 'int'&gt;
&lt;class 'str'&gt;</msg>
<arg>${response.status_code}</arg>
<arg>200</arg>
<doc>Fails if objects are unequal after converting them to real numbers.</doc>
<status status="PASS" start="2024-05-25T23:18:06.638410" elapsed="0.000493"/>
</kw>
<kw name="Log" owner="BuiltIn">
<msg time="2024-05-25T23:18:06.639603" level="INFO">200</msg>
<arg>${response.status_code}</arg>
<doc>Logs the given message with the given level.</doc>
<status status="PASS" start="2024-05-25T23:18:06.639252" elapsed="0.000399"/>
</kw>
<kw name="Set Variable" owner="BuiltIn">
<msg time="2024-05-25T23:18:06.640380" level="INFO">${json_data} = {'results': [{'gender': 'female', 'name': {'title': 'Miss', 'first': 'Violet', 'last': 'Obrien'}, 'location': {'street': {'number': 5643, 'name': 'Samaritan Dr'}, 'city': 'Albury', 'state': 'New South...</msg>
<var>${json_data}</var>
<arg>${response.json()}</arg>
<doc>Returns the given values which can then be assigned to a variables.</doc>
<status status="PASS" start="2024-05-25T23:18:06.639958" elapsed="0.000451"/>
</kw>
<kw name="Dictionary Should Contain Key" owner="Collections">
<msg time="2024-05-25T23:18:06.640883" level="INFO">False</msg>
<arg>${json_data}</arg>
<arg>results</arg>
<doc>Fails if ``key`` is not found from ``dictionary``.</doc>
<status status="PASS" start="2024-05-25T23:18:06.640711" elapsed="0.000348"/>
</kw>
<status status="PASS" start="2024-05-25T23:18:06.531077" elapsed="0.110257"/>
</kw>
<doc>Testa se a API responde corretamente e retorna um objeto JSON válido.</doc>
<tag>testeRequisicaoBasica</tag>
<status status="PASS" start="2024-05-25T23:18:06.530612" elapsed="0.110883"/>
</test>
<test id="s1-s1-t3" name="Validar estrutura de resposta" line="22">
<kw name="Teste de Estrutura de Resposta" owner="random-user-service">
<kw name="GET On Session" owner="RequestsLibrary">
<msg time="2024-05-25T23:18:06.738423" level="INFO">GET Request : url=https://randomuser.me/api 
 path_url=/api 
 headers={'User-Agent': 'python-requests/2.32.2', 'Accept-Encoding': 'gzip, deflate', 'Accept': '*/*', 'Connection': 'keep-alive'} 
 body=None 
 </msg>
<msg time="2024-05-25T23:18:06.738509" level="INFO">GET Response : url=https://randomuser.me/api 
 status=200, reason=OK 
 headers={'Date': 'Sat, 25 May 2024 23:18:06 GMT', 'Content-Type': 'application/json; charset=utf-8', 'Transfer-Encoding': 'chunked', 'Connection': 'keep-alive', 'X-Powered-By': 'Express', 'Access-Control-Allow-Origin': '*', 'Cache-Control': 'no-cache', 'ETag': 'W/"4a3-iZL7v7UZPFem/DSq1dgBUysvb+k"', 'Vary': 'Accept-Encoding', 'Content-Encoding': 'gzip', 'CF-Cache-Status': 'DYNAMIC', 'Report-To': '{"endpoints":[{"url":"https:\\/\\/a.nel.cloudflare.com\\/report\\/v4?s=F2f3K%2B6GwxuPznNng9ivaWK2QYuzU%2FNNe9llzlajBibM%2BUwIwZH37SmTeqcNnyXfo7fzoDc7AgnpWu28xUf6XII5gjYQxfjCE1WnnUpJVIQnwUJY4ze2Fz4givil8rws"}],"group":"cf-nel","max_age":604800}', 'NEL': '{"success_fraction":0,"report_to":"cf-nel","max_age":604800}', 'Server': 'cloudflare', 'CF-RAY': '88993e2389aa1597-SJC', 'alt-svc': 'h3=":443"; ma=86400'} 
 body={"results":[{"gender":"female","name":{"title":"Madame","first":"Berta","last":"Moulin"},"location":{"street":{"number":5863,"name":"Rue de L'Abbé-Grégoire"},"city":"Sarmenstorf","state":"Zürich","country":"Switzerland","postcode":8722,"coordinates":{"latitude":"-59.6043","longitude":"98.3357"},"timezone":{"offset":"-8:00","description":"Pacific Time (US &amp; Canada)"}},"email":"berta.moulin@example.com","login":{"uuid":"2b2298cf-b7ea-450d-a422-a2dd5cd566f2","username":"blackmouse250","password":"buffy1","salt":"B6Nvd2ls","md5":"954f2a1ec66d07a7245b34019d0dc8d7","sha1":"94e38c0c04ad3fc4c57ccfc11b95bee7dd55cded","sha256":"6b30ce9595e06655ff5728f81417f0ca6cc7572cfae524469f8b830af1dd9732"},"dob":{"date":"1992-11-07T12:41:28.587Z","age":31},"registered":{"date":"2019-01-14T14:09:28.385Z","age":5},"phone":"076 349 11 27","cell":"077 398 43 39","id":{"name":"AVS","value":"756.5099.1577.39"},"picture":{"large":"https://randomuser.me/api/portraits/women/35.jpg","medium":"https://randomuser.me/api/portraits/med/women/35.jpg","thumbnail":"https://randomuser.me/api/portraits/thumb/women/35.jpg"},"nat":"CH"}],"info":{"seed":"688f6c79e474ab49","results":1,"page":1,"version":"1.4"}} 
 </msg>
<msg time="2024-05-25T23:18:06.738605" level="INFO">/opt/hostedtoolcache/Python/3.12.3/x64/lib/python3.12/site-packages/urllib3/connectionpool.py:1103: InsecureRequestWarning: Unverified HTTPS request is being made to host 'randomuser.me'. Adding certificate verification is strongly advised. See: https://urllib3.readthedocs.io/en/latest/advanced-usage.html#tls-warnings
  warnings.warn(</msg>
<msg time="2024-05-25T23:18:06.738717" level="INFO">${response} = &lt;Response [200]&gt;</msg>
<var>${response}</var>
<arg>consultarAPI</arg>
<arg>/api</arg>
<doc>Sends a GET request on a previously created HTTP Session.</doc>
<status status="PASS" start="2024-05-25T23:18:06.643912" elapsed="0.094846"/>
</kw>
<kw name="Set Variable" owner="BuiltIn">
<msg time="2024-05-25T23:18:06.739619" level="INFO">${json_data} = {'results': [{'gender': 'female', 'name': {'title': 'Madame', 'first': 'Berta', 'last': 'Moulin'}, 'location': {'street': {'number': 5863, 'name': "Rue de L'Abbé-Grégoire"}, 'city': 'Sarmenstorf', 'st...</msg>
<var>${json_data}</var>
<arg>${response.json()}</arg>
<doc>Returns the given values which can then be assigned to a variables.</doc>
<status status="PASS" start="2024-05-25T23:18:06.739177" elapsed="0.000469"/>
</kw>
<kw name="Log" owner="BuiltIn">
<msg time="2024-05-25T23:18:06.740112" level="INFO">{'results': [{'gender': 'female', 'name': {'title': 'Madame', 'first': 'Berta', 'last': 'Moulin'}, 'location': {'street': {'number': 5863, 'name': "Rue de L'Abbé-Grégoire"}, 'city': 'Sarmenstorf', 'state': 'Zürich', 'country': 'Switzerland', 'postcode': 8722, 'coordinates': {'latitude': '-59.6043', 'longitude': '98.3357'}, 'timezone': {'offset': '-8:00', 'description': 'Pacific Time (US &amp; Canada)'}}, 'email': 'berta.moulin@example.com', 'login': {'uuid': '2b2298cf-b7ea-450d-a422-a2dd5cd566f2', 'username': 'blackmouse250', 'password': 'buffy1', 'salt': 'B6Nvd2ls', 'md5': '954f2a1ec66d07a7245b34019d0dc8d7', 'sha1': '94e38c0c04ad3fc4c57ccfc11b95bee7dd55cded', 'sha256': '6b30ce9595e06655ff5728f81417f0ca6cc7572cfae524469f8b830af1dd9732'}, 'dob': {'date': '1992-11-07T12:41:28.587Z', 'age': 31}, 'registered': {'date': '2019-01-14T14:09:28.385Z', 'age': 5}, 'phone': '076 349 11 27', 'cell': '077 398 43 39', 'id': {'name': 'AVS', 'value': '756.5099.1577.39'}, 'picture': {'large': 'https://randomuser.me/api/portraits/women/35.jpg', 'medium': 'https://randomuser.me/api/portraits/med/women/35.jpg', 'thumbnail': 'https://randomuser.me/api/portraits/thumb/women/35.jpg'}, 'nat': 'CH'}], 'info': {'seed': '688f6c79e474ab49', 'results': 1, 'page': 1, 'version': '1.4'}}</msg>
<arg>${json_data}</arg>
<doc>Logs the given message with the given level.</doc>
<status status="PASS" start="2024-05-25T23:18:06.739955" elapsed="0.000207"/>
</kw>
<kw name="Dictionary Should Contain Key" owner="Collections">
<msg time="2024-05-25T23:18:06.740617" level="INFO">False</msg>
<arg>${json_data}</arg>
<arg>results</arg>
<doc>Fails if ``key`` is not found from ``dictionary``.</doc>
<status status="PASS" start="2024-05-25T23:18:06.740467" elapsed="0.000188"/>
</kw>
<kw name="Should Not Be Empty" owner="BuiltIn">
<msg time="2024-05-25T23:18:06.741087" level="INFO">Length is 2.</msg>
<arg>${json_data}</arg>
<doc>Verifies that the given item is not empty.</doc>
<status status="PASS" start="2024-05-25T23:18:06.740950" elapsed="0.000176"/>
</kw>
<kw name="Create List" owner="BuiltIn">
<msg time="2024-05-25T23:18:06.741602" level="INFO">${expected_keys} = ['gender', 'name', 'location', 'email', 'login']</msg>
<var>${expected_keys}</var>
<arg>gender</arg>
<arg>name</arg>
<arg>location</arg>
<arg>email</arg>
<arg>login</arg>
<doc>Returns a list containing given items.</doc>
<status status="PASS" start="2024-05-25T23:18:06.741450" elapsed="0.000176"/>
</kw>
<for flavor="IN">
<iter>
<kw name="Dictionary Should Contain Key" owner="Collections">
<msg time="2024-05-25T23:18:06.742582" level="INFO">False</msg>
<arg>${json_data['results'][0]}</arg>
<arg>${key}</arg>
<doc>Fails if ``key`` is not found from ``dictionary``.</doc>
<status status="PASS" start="2024-05-25T23:18:06.742195" elapsed="0.000423"/>
</kw>
<kw name="Log" owner="BuiltIn">
<msg time="2024-05-25T23:18:06.743318" level="INFO">{'gender': 'female', 'name': {'title': 'Madame', 'first': 'Berta', 'last': 'Moulin'}, 'location': {'street': {'number': 5863, 'name': "Rue de L'Abbé-Grégoire"}, 'city': 'Sarmenstorf', 'state': 'Zürich', 'country': 'Switzerland', 'postcode': 8722, 'coordinates': {'latitude': '-59.6043', 'longitude': '98.3357'}, 'timezone': {'offset': '-8:00', 'description': 'Pacific Time (US &amp; Canada)'}}, 'email': 'berta.moulin@example.com', 'login': {'uuid': '2b2298cf-b7ea-450d-a422-a2dd5cd566f2', 'username': 'blackmouse250', 'password': 'buffy1', 'salt': 'B6Nvd2ls', 'md5': '954f2a1ec66d07a7245b34019d0dc8d7', 'sha1': '94e38c0c04ad3fc4c57ccfc11b95bee7dd55cded', 'sha256': '6b30ce9595e06655ff5728f81417f0ca6cc7572cfae524469f8b830af1dd9732'}, 'dob': {'date': '1992-11-07T12:41:28.587Z', 'age': 31}, 'registered': {'date': '2019-01-14T14:09:28.385Z', 'age': 5}, 'phone': '076 349 11 27', 'cell': '077 398 43 39', 'id': {'name': 'AVS', 'value': '756.5099.1577.39'}, 'picture': {'large': 'https://randomuser.me/api/portraits/women/35.jpg', 'medium': 'https://randomuser.me/api/portraits/med/women/35.jpg', 'thumbnail': 'https://randomuser.me/api/portraits/thumb/women/35.jpg'}, 'nat': 'CH'}</msg>
<arg>${json_data['results'][0]}</arg>
<doc>Logs the given message with the given level.</doc>
<status status="PASS" start="2024-05-25T23:18:06.742948" elapsed="0.000422"/>
</kw>
<kw name="Log" owner="BuiltIn">
<msg time="2024-05-25T23:18:06.743809" level="INFO">gender</msg>
<arg>${key}</arg>
<doc>Logs the given message with the given level.</doc>
<status status="PASS" start="2024-05-25T23:18:06.743679" elapsed="0.000168"/>
</kw>
<var name="${key}">gender</var>
<status status="PASS" start="2024-05-25T23:18:06.742060" elapsed="0.002005"/>
</iter>
<iter>
<kw name="Dictionary Should Contain Key" owner="Collections">
<msg time="2024-05-25T23:18:06.744752" level="INFO">False</msg>
<arg>${json_data['results'][0]}</arg>
<arg>${key}</arg>
<doc>Fails if ``key`` is not found from ``dictionary``.</doc>
<status status="PASS" start="2024-05-25T23:18:06.744365" elapsed="0.000424"/>
</kw>
<kw name="Log" owner="BuiltIn">
<msg time="2024-05-25T23:18:06.745434" level="INFO">{'gender': 'female', 'name': {'title': 'Madame', 'first': 'Berta', 'last': 'Moulin'}, 'location': {'street': {'number': 5863, 'name': "Rue de L'Abbé-Grégoire"}, 'city': 'Sarmenstorf', 'state': 'Zürich', 'country': 'Switzerland', 'postcode': 8722, 'coordinates': {'latitude': '-59.6043', 'longitude': '98.3357'}, 'timezone': {'offset': '-8:00', 'description': 'Pacific Time (US &amp; Canada)'}}, 'email': 'berta.moulin@example.com', 'login': {'uuid': '2b2298cf-b7ea-450d-a422-a2dd5cd566f2', 'username': 'blackmouse250', 'password': 'buffy1', 'salt': 'B6Nvd2ls', 'md5': '954f2a1ec66d07a7245b34019d0dc8d7', 'sha1': '94e38c0c04ad3fc4c57ccfc11b95bee7dd55cded', 'sha256': '6b30ce9595e06655ff5728f81417f0ca6cc7572cfae524469f8b830af1dd9732'}, 'dob': {'date': '1992-11-07T12:41:28.587Z', 'age': 31}, 'registered': {'date': '2019-01-14T14:09:28.385Z', 'age': 5}, 'phone': '076 349 11 27', 'cell': '077 398 43 39', 'id': {'name': 'AVS', 'value': '756.5099.1577.39'}, 'picture': {'large': 'https://randomuser.me/api/portraits/women/35.jpg', 'medium': 'https://randomuser.me/api/portraits/med/women/35.jpg', 'thumbnail': 'https://randomuser.me/api/portraits/thumb/women/35.jpg'}, 'nat': 'CH'}</msg>
<arg>${json_data['results'][0]}</arg>
<doc>Logs the given message with the given level.</doc>
<status status="PASS" start="2024-05-25T23:18:06.745100" elapsed="0.000383"/>
</kw>
<kw name="Log" owner="BuiltIn">
<msg time="2024-05-25T23:18:06.745876" level="INFO">name</msg>
<arg>${key}</arg>
<doc>Logs the given message with the given level.</doc>
<status status="PASS" start="2024-05-25T23:18:06.745759" elapsed="0.000151"/>
</kw>
<var name="${key}">name</var>
<status status="PASS" start="2024-05-25T23:18:06.744250" elapsed="0.001864"/>
</iter>
<iter>
<kw name="Dictionary Should Contain Key" owner="Collections">
<msg time="2024-05-25T23:18:06.746731" level="INFO">False</msg>
<arg>${json_data['results'][0]}</arg>
<arg>${key}</arg>
<doc>Fails if ``key`` is not found from ``dictionary``.</doc>
<status status="PASS" start="2024-05-25T23:18:06.746381" elapsed="0.000385"/>
</kw>
<kw name="Log" owner="BuiltIn">
<msg time="2024-05-25T23:18:06.747416" level="INFO">{'gender': 'female', 'name': {'title': 'Madame', 'first': 'Berta', 'last': 'Moulin'}, 'location': {'street': {'number': 5863, 'name': "Rue de L'Abbé-Grégoire"}, 'city': 'Sarmenstorf', 'state': 'Zürich', 'country': 'Switzerland', 'postcode': 8722, 'coordinates': {'latitude': '-59.6043', 'longitude': '98.3357'}, 'timezone': {'offset': '-8:00', 'description': 'Pacific Time (US &amp; Canada)'}}, 'email': 'berta.moulin@example.com', 'login': {'uuid': '2b2298cf-b7ea-450d-a422-a2dd5cd566f2', 'username': 'blackmouse250', 'password': 'buffy1', 'salt': 'B6Nvd2ls', 'md5': '954f2a1ec66d07a7245b34019d0dc8d7', 'sha1': '94e38c0c04ad3fc4c57ccfc11b95bee7dd55cded', 'sha256': '6b30ce9595e06655ff5728f81417f0ca6cc7572cfae524469f8b830af1dd9732'}, 'dob': {'date': '1992-11-07T12:41:28.587Z', 'age': 31}, 'registered': {'date': '2019-01-14T14:09:28.385Z', 'age': 5}, 'phone': '076 349 11 27', 'cell': '077 398 43 39', 'id': {'name': 'AVS', 'value': '756.5099.1577.39'}, 'picture': {'large': 'https://randomuser.me/api/portraits/women/35.jpg', 'medium': 'https://randomuser.me/api/portraits/med/women/35.jpg', 'thumbnail': 'https://randomuser.me/api/portraits/thumb/women/35.jpg'}, 'nat': 'CH'}</msg>
<arg>${json_data['results'][0]}</arg>
<doc>Logs the given message with the given level.</doc>
<status status="PASS" start="2024-05-25T23:18:06.747080" elapsed="0.000394"/>
</kw>
<kw name="Log" owner="BuiltIn">
<msg time="2024-05-25T23:18:06.747888" level="INFO">location</msg>
<arg>${key}</arg>
<doc>Logs the given message with the given level.</doc>
<status status="PASS" start="2024-05-25T23:18:06.747763" elapsed="0.000163"/>
</kw>
<var name="${key}">location</var>
<status status="PASS" start="2024-05-25T23:18:06.746277" elapsed="0.001873"/>
</iter>
<iter>
<kw name="Dictionary Should Contain Key" owner="Collections">
<msg time="2024-05-25T23:18:06.748917" level="INFO">False</msg>
<arg>${json_data['results'][0]}</arg>
<arg>${key}</arg>
<doc>Fails if ``key`` is not found from ``dictionary``.</doc>
<status status="PASS" start="2024-05-25T23:18:06.748439" elapsed="0.000513"/>
</kw>
<kw name="Log" owner="BuiltIn">
<msg time="2024-05-25T23:18:06.749556" level="INFO">{'gender': 'female', 'name': {'title': 'Madame', 'first': 'Berta', 'last': 'Moulin'}, 'location': {'street': {'number': 5863, 'name': "Rue de L'Abbé-Grégoire"}, 'city': 'Sarmenstorf', 'state': 'Zürich', 'country': 'Switzerland', 'postcode': 8722, 'coordinates': {'latitude': '-59.6043', 'longitude': '98.3357'}, 'timezone': {'offset': '-8:00', 'description': 'Pacific Time (US &amp; Canada)'}}, 'email': 'berta.moulin@example.com', 'login': {'uuid': '2b2298cf-b7ea-450d-a422-a2dd5cd566f2', 'username': 'blackmouse250', 'password': 'buffy1', 'salt': 'B6Nvd2ls', 'md5': '954f2a1ec66d07a7245b34019d0dc8d7', 'sha1': '94e38c0c04ad3fc4c57ccfc11b95bee7dd55cded', 'sha256': '6b30ce9595e06655ff5728f81417f0ca6cc7572cfae524469f8b830af1dd9732'}, 'dob': {'date': '1992-11-07T12:41:28.587Z', 'age': 31}, 'registered': {'date': '2019-01-14T14:09:28.385Z', 'age': 5}, 'phone': '076 349 11 27', 'cell': '077 398 43 39', 'id': {'name': 'AVS', 'value': '756.5099.1577.39'}, 'picture': {'large': 'https://randomuser.me/api/portraits/women/35.jpg', 'medium': 'https://randomuser.me/api/portraits/med/women/35.jpg', 'thumbnail': 'https://randomuser.me/api/portraits/thumb/women/35.jpg'}, 'nat': 'CH'}</msg>
<arg>${json_data['results'][0]}</arg>
<doc>Logs the given message with the given level.</doc>
<status status="PASS" start="2024-05-25T23:18:06.749227" elapsed="0.000376"/>
</kw>
<kw name="Log" owner="BuiltIn">
<msg time="2024-05-25T23:18:06.749996" level="INFO">email</msg>
<arg>${key}</arg>
<doc>Logs the given message with the given level.</doc>
<status status="PASS" start="2024-05-25T23:18:06.749878" elapsed="0.000153"/>
</kw>
<var name="${key}">email</var>
<status status="PASS" start="2024-05-25T23:18:06.748327" elapsed="0.001902"/>
</iter>
<iter>
<kw name="Dictionary Should Contain Key" owner="Collections">
<msg time="2024-05-25T23:18:06.750873" level="INFO">False</msg>
<arg>${json_data['results'][0]}</arg>
<arg>${key}</arg>
<doc>Fails if ``key`` is not found from ``dictionary``.</doc>
<status status="PASS" start="2024-05-25T23:18:06.750494" elapsed="0.000415"/>
</kw>
<kw name="Log" owner="BuiltIn">
<msg time="2024-05-25T23:18:06.751518" level="INFO">{'gender': 'female', 'name': {'title': 'Madame', 'first': 'Berta', 'last': 'Moulin'}, 'location': {'street': {'number': 5863, 'name': "Rue de L'Abbé-Grégoire"}, 'city': 'Sarmenstorf', 'state': 'Zürich', 'country': 'Switzerland', 'postcode': 8722, 'coordinates': {'latitude': '-59.6043', 'longitude': '98.3357'}, 'timezone': {'offset': '-8:00', 'description': 'Pacific Time (US &amp; Canada)'}}, 'email': 'berta.moulin@example.com', 'login': {'uuid': '2b2298cf-b7ea-450d-a422-a2dd5cd566f2', 'username': 'blackmouse250', 'password': 'buffy1', 'salt': 'B6Nvd2ls', 'md5': '954f2a1ec66d07a7245b34019d0dc8d7', 'sha1': '94e38c0c04ad3fc4c57ccfc11b95bee7dd55cded', 'sha256': '6b30ce9595e06655ff5728f81417f0ca6cc7572cfae524469f8b830af1dd9732'}, 'dob': {'date': '1992-11-07T12:41:28.587Z', 'age': 31}, 'registered': {'date': '2019-01-14T14:09:28.385Z', 'age': 5}, 'phone': '076 349 11 27', 'cell': '077 398 43 39', 'id': {'name': 'AVS', 'value': '756.5099.1577.39'}, 'picture': {'large': 'https://randomuser.me/api/portraits/women/35.jpg', 'medium': 'https://randomuser.me/api/portraits/med/women/35.jpg', 'thumbnail': 'https://randomuser.me/api/portraits/thumb/women/35.jpg'}, 'nat': 'CH'}</msg>
<arg>${json_data['results'][0]}</arg>
<doc>Logs the given message with the given level.</doc>
<status status="PASS" start="2024-05-25T23:18:06.751182" elapsed="0.000384"/>
</kw>
<kw name="Log" owner="BuiltIn">
<msg time="2024-05-25T23:18:06.751954" level="INFO">login</msg>
<arg>${key}</arg>
<doc>Logs the given message with the given level.</doc>
<status status="PASS" start="2024-05-25T23:18:06.751838" elapsed="0.000178"/>
</kw>
<var name="${key}">login</var>
<status status="PASS" start="2024-05-25T23:18:06.750392" elapsed="0.001828"/>
</iter>
<var>${key}</var>
<value>@{expected_keys}</value>
<status status="PASS" start="2024-05-25T23:18:06.741882" elapsed="0.010451"/>
</for>
<kw name="Create List" owner="BuiltIn">
<msg time="2024-05-25T23:18:06.752638" level="INFO">${expected_keysTwo} = ['username', 'password']</msg>
<var>${expected_keysTwo}</var>
<arg>username</arg>
<arg>password</arg>
<doc>Returns a list containing given items.</doc>
<status status="PASS" start="2024-05-25T23:18:06.752512" elapsed="0.000147"/>
</kw>
<for flavor="IN">
<iter>
<kw name="Dictionary Should Contain Key" owner="Collections">
<msg time="2024-05-25T23:18:06.753503" level="INFO">False</msg>
<arg>${json_data['results'][0]['login']}</arg>
<arg>${keyTwo}</arg>
<doc>Fails if ``key`` is not found from ``dictionary``.</doc>
<status status="PASS" start="2024-05-25T23:18:06.753119" elapsed="0.000421"/>
</kw>
<kw name="Dictionary Should Contain Key" owner="Collections">
<msg time="2024-05-25T23:18:06.754208" level="INFO">False</msg>
<arg>${json_data['results'][0]['login']}</arg>
<arg>${keyTwo}</arg>
<doc>Fails if ``key`` is not found from ``dictionary``.</doc>
<status status="PASS" start="2024-05-25T23:18:06.753835" elapsed="0.000411"/>
</kw>
<kw name="Log" owner="BuiltIn">
<msg time="2024-05-25T23:18:06.754665" level="INFO">username</msg>
<arg>${keyTwo}</arg>
<doc>Logs the given message with the given level.</doc>
<status status="PASS" start="2024-05-25T23:18:06.754538" elapsed="0.000164"/>
</kw>
<var name="${keyTwo}">username</var>
<status status="PASS" start="2024-05-25T23:18:06.753016" elapsed="0.001936"/>
</iter>
<iter>
<kw name="Dictionary Should Contain Key" owner="Collections">
<msg time="2024-05-25T23:18:06.755617" level="INFO">False</msg>
<arg>${json_data['results'][0]['login']}</arg>
<arg>${keyTwo}</arg>
<doc>Fails if ``key`` is not found from ``dictionary``.</doc>
<status status="PASS" start="2024-05-25T23:18:06.755237" elapsed="0.000416"/>
</kw>
<kw name="Dictionary Should Contain Key" owner="Collections">
<msg time="2024-05-25T23:18:06.756322" level="INFO">False</msg>
<arg>${json_data['results'][0]['login']}</arg>
<arg>${keyTwo}</arg>
<doc>Fails if ``key`` is not found from ``dictionary``.</doc>
<status status="PASS" start="2024-05-25T23:18:06.755945" elapsed="0.000413"/>
</kw>
<kw name="Log" owner="BuiltIn">
<msg time="2024-05-25T23:18:06.756772" level="INFO">password</msg>
<arg>${keyTwo}</arg>
<doc>Logs the given message with the given level.</doc>
<status status="PASS" start="2024-05-25T23:18:06.756647" elapsed="0.000161"/>
</kw>
<var name="${keyTwo}">password</var>
<status status="PASS" start="2024-05-25T23:18:06.755127" elapsed="0.001895"/>
</iter>
<var>${keyTwo}</var>
<value>@{expected_keysTwo}</value>
<status status="PASS" start="2024-05-25T23:18:06.752878" elapsed="0.004265"/>
</for>
<status status="PASS" start="2024-05-25T23:18:06.643680" elapsed="0.113600"/>
</kw>
<doc>Testa a estrutura da resposta da API.</doc>
<tag>testeEstruturaResposta</tag>
<status status="PASS" start="2024-05-25T23:18:06.643228" elapsed="0.114199"/>
</test>
<test id="s1-s1-t4" name="Validar tipos de dados" line="28">
<kw name="Teste de Tipos de Dados" owner="random-user-service">
<kw name="GET On Session" owner="RequestsLibrary">
<msg time="2024-05-25T23:18:06.923482" level="INFO">GET Request : url=https://randomuser.me/api 
 path_url=/api 
 headers={'User-Agent': 'python-requests/2.32.2', 'Accept-Encoding': 'gzip, deflate', 'Accept': '*/*', 'Connection': 'keep-alive'} 
 body=None 
 </msg>
<msg time="2024-05-25T23:18:06.923563" level="INFO">GET Response : url=https://randomuser.me/api 
 status=200, reason=OK 
 headers={'Date': 'Sat, 25 May 2024 23:18:06 GMT', 'Content-Type': 'application/json; charset=utf-8', 'Transfer-Encoding': 'chunked', 'Connection': 'keep-alive', 'X-Powered-By': 'Express', 'Access-Control-Allow-Origin': '*', 'Cache-Control': 'no-cache', 'ETag': 'W/"497-q+UC+i3344QcY725ds4TPhAJXxc"', 'Vary': 'Accept-Encoding', 'Content-Encoding': 'gzip', 'CF-Cache-Status': 'DYNAMIC', 'Report-To': '{"endpoints":[{"url":"https:\\/\\/a.nel.cloudflare.com\\/report\\/v4?s=L4EP%2Fqkq5Z%2FkmRCvRYnbaMuvjyXbu6X7Vdv0gchHl7ndHMotdQn6U%2Frvaq%2BCsxTXDFLxEY4H3D5eVOdWHeQZtr6dvuvHFPJADBK7X1GZdA%2FzlIHBVcKRWs8HxdeB%2FsWW"}],"group":"cf-nel","max_age":604800}', 'NEL': '{"success_fraction":0,"report_to":"cf-nel","max_age":604800}', 'Server': 'cloudflare', 'CF-RAY': '88993e244a1e1597-SJC', 'alt-svc': 'h3=":443"; ma=86400'} 
 body={"results":[{"gender":"male","name":{"title":"Mr","first":"Marcus","last":"Harvey"},"location":{"street":{"number":5482,"name":"Windsor Road"},"city":"Exeter","state":"County Londonderry","country":"United Kingdom","postcode":"RQ88 9AD","coordinates":{"latitude":"-11.5774","longitude":"-89.3432"},"timezone":{"offset":"+7:00","description":"Bangkok, Hanoi, Jakarta"}},"email":"marcus.harvey@example.com","login":{"uuid":"a6d8f53b-2d4b-4dd5-bbf3-b56353a8235a","username":"whiteduck729","password":"qqqqqq","salt":"i1qU32vB","md5":"96f9a666874258411f8c3436a5d3536a","sha1":"d368debf9dad18170c5d7c3dee4eb45896b01396","sha256":"384063450b11b4cf03407a0b61c0895ed338475c0fd3199ce69d94998c209e70"},"dob":{"date":"1964-06-21T01:06:06.494Z","age":59},"registered":{"date":"2010-02-24T10:22:20.213Z","age":14},"phone":"0121 741 0963","cell":"07922 803450","id":{"name":"NINO","value":"TG 37 78 30 J"},"picture":{"large":"https://randomuser.me/api/portraits/men/22.jpg","medium":"https://randomuser.me/api/portraits/med/men/22.jpg","thumbnail":"https://randomuser.me/api/portraits/thumb/men/22.jpg"},"nat":"GB"}],"info":{"seed":"beb13fd0775d7846","results":1,"page":1,"version":"1.4"}} 
 </msg>
<msg time="2024-05-25T23:18:06.923635" level="INFO">/opt/hostedtoolcache/Python/3.12.3/x64/lib/python3.12/site-packages/urllib3/connectionpool.py:1103: InsecureRequestWarning: Unverified HTTPS request is being made to host 'randomuser.me'. Adding certificate verification is strongly advised. See: https://urllib3.readthedocs.io/en/latest/advanced-usage.html#tls-warnings
  warnings.warn(</msg>
<msg time="2024-05-25T23:18:06.923740" level="INFO">${response} = &lt;Response [200]&gt;</msg>
<var>${response}</var>
<arg>consultarAPI</arg>
<arg>/api</arg>
<doc>Sends a GET request on a previously created HTTP Session.</doc>
<status status="PASS" start="2024-05-25T23:18:06.759808" elapsed="0.163975"/>
</kw>
<kw name="Set Variable" owner="BuiltIn">
<msg time="2024-05-25T23:18:06.924574" level="INFO">${json_data} = {'results': [{'gender': 'male', 'name': {'title': 'Mr', 'first': 'Marcus', 'last': 'Harvey'}, 'location': {'street': {'number': 5482, 'name': 'Windsor Road'}, 'city': 'Exeter', 'state': 'County London...</msg>
<var>${json_data}</var>
<arg>${response.json()}</arg>
<doc>Returns the given values which can then be assigned to a variables.</doc>
<status status="PASS" start="2024-05-25T23:18:06.924137" elapsed="0.000466"/>
</kw>
<kw name="Log" owner="BuiltIn">
<msg time="2024-05-25T23:18:06.925059" level="INFO">{'results': [{'gender': 'male', 'name': {'title': 'Mr', 'first': 'Marcus', 'last': 'Harvey'}, 'location': {'street': {'number': 5482, 'name': 'Windsor Road'}, 'city': 'Exeter', 'state': 'County Londonderry', 'country': 'United Kingdom', 'postcode': 'RQ88 9AD', 'coordinates': {'latitude': '-11.5774', 'longitude': '-89.3432'}, 'timezone': {'offset': '+7:00', 'description': 'Bangkok, Hanoi, Jakarta'}}, 'email': 'marcus.harvey@example.com', 'login': {'uuid': 'a6d8f53b-2d4b-4dd5-bbf3-b56353a8235a', 'username': 'whiteduck729', 'password': 'qqqqqq', 'salt': 'i1qU32vB', 'md5': '96f9a666874258411f8c3436a5d3536a', 'sha1': 'd368debf9dad18170c5d7c3dee4eb45896b01396', 'sha256': '384063450b11b4cf03407a0b61c0895ed338475c0fd3199ce69d94998c209e70'}, 'dob': {'date': '1964-06-21T01:06:06.494Z', 'age': 59}, 'registered': {'date': '2010-02-24T10:22:20.213Z', 'age': 14}, 'phone': '0121 741 0963', 'cell': '07922 803450', 'id': {'name': 'NINO', 'value': 'TG 37 78 30 J'}, 'picture': {'large': 'https://randomuser.me/api/portraits/men/22.jpg', 'medium': 'https://randomuser.me/api/portraits/med/men/22.jpg', 'thumbnail': 'https://randomuser.me/api/portraits/thumb/men/22.jpg'}, 'nat': 'GB'}], 'info': {'seed': 'beb13fd0775d7846', 'results': 1, 'page': 1, 'version': '1.4'}}</msg>
<arg>${json_data}</arg>
<doc>Logs the given message with the given level.</doc>
<status status="PASS" start="2024-05-25T23:18:06.924908" elapsed="0.000240"/>
</kw>
<kw name="Should Be String" owner="String">
<arg>${json_data['results'][0]['gender']}</arg>
<doc>Fails if the given ``item`` is not a string.</doc>
<status status="PASS" start="2024-05-25T23:18:06.925444" elapsed="0.000360"/>
</kw>
<kw name="Should Match Regexp" owner="BuiltIn">
<arg>${json_data['results'][0]['email']}</arg>
<arg>^[a-zA-Z0-9._%+-]+@[a-zA-Z0-9.-]+\.[a-zA-Z]{2,}$</arg>
<doc>Fails if ``string`` does not match ``pattern`` as a regular expression.</doc>
<status status="PASS" start="2024-05-25T23:18:06.925994" elapsed="0.000592"/>
</kw>
<kw name="Should Match Regexp" owner="BuiltIn">
<arg>${json_data['results'][0]['dob']['date']}</arg>
<arg>\\d{4}-\\d{2}-\\d{2}T\\d{2}:\\d{2}:\\d{2}\\.\\d{3}Z</arg>
<doc>Fails if ``string`` does not match ``pattern`` as a regular expression.</doc>
<status status="PASS" start="2024-05-25T23:18:06.926815" elapsed="0.000502"/>
</kw>
<kw name="Should Match Regexp" owner="BuiltIn">
<arg>${json_data['results'][0]['registered']['date']}</arg>
<arg>\\d{4}-\\d{2}-\\d{2}T\\d{2}:\\d{2}:\\d{2}\\.\\d{3}Z</arg>
<doc>Fails if ``string`` does not match ``pattern`` as a regular expression.</doc>
<status status="PASS" start="2024-05-25T23:18:06.927509" elapsed="0.000360"/>
</kw>
<kw name="Should Match Regexp" owner="BuiltIn">
<arg>${json_data['results'][0]['picture']['large']}</arg>
<arg>^https?://.*\.(?:png|jpe?g|gif|bmp)$</arg>
<doc>Fails if ``string`` does not match ``pattern`` as a regular expression.</doc>
<status status="PASS" start="2024-05-25T23:18:06.928051" elapsed="0.000466"/>
</kw>
<kw name="Should Match Regexp" owner="BuiltIn">
<arg>${json_data['results'][0]['picture']['medium']}</arg>
<arg>^https?://.*\.(?:png|jpe?g|gif|bmp)$</arg>
<doc>Fails if ``string`` does not match ``pattern`` as a regular expression.</doc>
<status status="PASS" start="2024-05-25T23:18:06.928705" elapsed="0.000342"/>
</kw>
<kw name="Should Match Regexp" owner="BuiltIn">
<arg>${json_data['results'][0]['picture']['thumbnail']}</arg>
<arg>^https?://.*\.(?:png|jpe?g|gif|bmp)$</arg>
<doc>Fails if ``string`` does not match ``pattern`` as a regular expression.</doc>
<status status="PASS" start="2024-05-25T23:18:06.929231" elapsed="0.000338"/>
</kw>
<kw name="Log" owner="BuiltIn">
<msg time="2024-05-25T23:18:06.930070" level="INFO">{'large': 'https://randomuser.me/api/portraits/men/22.jpg', 'medium': 'https://randomuser.me/api/portraits/med/men/22.jpg', 'thumbnail': 'https://randomuser.me/api/portraits/thumb/men/22.jpg'}</msg>
<arg>${json_data['results'][0]['picture']}</arg>
<doc>Logs the given message with the given level.</doc>
<status status="PASS" start="2024-05-25T23:18:06.929755" elapsed="0.000355"/>
</kw>
<status status="PASS" start="2024-05-25T23:18:06.759586" elapsed="0.170774"/>
</kw>
<kw name="Teste de Tipos de Dados - Postcode" owner="random-user-service">
<kw name="GET On Session" owner="RequestsLibrary">
<msg time="2024-05-25T23:18:07.040810" level="INFO">GET Request : url=https://randomuser.me/api 
 path_url=/api 
 headers={'User-Agent': 'python-requests/2.32.2', 'Accept-Encoding': 'gzip, deflate', 'Accept': '*/*', 'Connection': 'keep-alive'} 
 body=None 
 </msg>
<msg time="2024-05-25T23:18:07.040894" level="INFO">GET Response : url=https://randomuser.me/api 
 status=200, reason=OK 
 headers={'Date': 'Sat, 25 May 2024 23:18:07 GMT', 'Content-Type': 'application/json; charset=utf-8', 'Transfer-Encoding': 'chunked', 'Connection': 'keep-alive', 'X-Powered-By': 'Express', 'Access-Control-Allow-Origin': '*', 'Cache-Control': 'no-cache', 'ETag': 'W/"48d-S7g5zwWDp4JItCQW6ym2z+YqlTY"', 'Vary': 'Accept-Encoding', 'Content-Encoding': 'gzip', 'CF-Cache-Status': 'DYNAMIC', 'Report-To': '{"endpoints":[{"url":"https:\\/\\/a.nel.cloudflare.com\\/report\\/v4?s=zH1Tfit9YfJRZhfzjm69Bj4HgEOZX5LVR59spCpA4vWTQxetN83KJjUwscbx9DUm07fN5hzDKXowG%2BOwS8nZdrHRwBF1mn3w%2BALA2MpJv3oFj%2BtOzo4kCrsJHZn9SX8%2B"}],"group":"cf-nel","max_age":604800}', 'NEL': '{"success_fraction":0,"report_to":"cf-nel","max_age":604800}', 'Server': 'cloudflare', 'CF-RAY': '88993e255ad31597-SJC', 'alt-svc': 'h3=":443"; ma=86400'} 
 body={"results":[{"gender":"female","name":{"title":"Mademoiselle","first":"Monique","last":"Guerin"},"location":{"street":{"number":4637,"name":"Rue de la Gare"},"city":"Les Montets","state":"Aargau","country":"Switzerland","postcode":9345,"coordinates":{"latitude":"-62.7557","longitude":"119.9130"},"timezone":{"offset":"-10:00","description":"Hawaii"}},"email":"monique.guerin@example.com","login":{"uuid":"b6617a70-7011-4920-996a-49ab92e02c07","username":"redfish612","password":"gerbil","salt":"cehMidwM","md5":"6e1ace1d14aaa00eb7341265b3e7122e","sha1":"fb2169742d0738a4b2f1bf09074f4bc297d48c94","sha256":"c013db11eb913d8f24a2ab26d1e0708c11becd54431b71e3bca93e7644289a8c"},"dob":{"date":"1983-06-18T21:56:16.202Z","age":40},"registered":{"date":"2017-05-05T08:17:13.382Z","age":7},"phone":"075 170 45 05","cell":"078 995 35 00","id":{"name":"AVS","value":"756.7446.7735.76"},"picture":{"large":"https://randomuser.me/api/portraits/women/55.jpg","medium":"https://randomuser.me/api/portraits/med/women/55.jpg","thumbnail":"https://randomuser.me/api/portraits/thumb/women/55.jpg"},"nat":"CH"}],"info":{"seed":"cfa4cc7ed2332631","results":1,"page":1,"version":"1.4"}} 
 </msg>
<msg time="2024-05-25T23:18:07.040968" level="INFO">/opt/hostedtoolcache/Python/3.12.3/x64/lib/python3.12/site-packages/urllib3/connectionpool.py:1103: InsecureRequestWarning: Unverified HTTPS request is being made to host 'randomuser.me'. Adding certificate verification is strongly advised. See: https://urllib3.readthedocs.io/en/latest/advanced-usage.html#tls-warnings
  warnings.warn(</msg>
<msg time="2024-05-25T23:18:07.041107" level="INFO">${response} = &lt;Response [200]&gt;</msg>
<var>${response}</var>
<arg>consultarAPI</arg>
<arg>/api</arg>
<doc>Sends a GET request on a previously created HTTP Session.</doc>
<status status="PASS" start="2024-05-25T23:18:06.930815" elapsed="0.110329"/>
</kw>
<kw name="Set Variable" owner="BuiltIn">
<msg time="2024-05-25T23:18:07.042136" level="INFO">${json_data} = {'results': [{'gender': 'female', 'name': {'title': 'Mademoiselle', 'first': 'Monique', 'last': 'Guerin'}, 'location': {'street': {'number': 4637, 'name': 'Rue de la Gare'}, 'city': 'Les Montets', 'st...</msg>
<var>${json_data}</var>
<arg>${response.json()}</arg>
<doc>Returns the given values which can then be assigned to a variables.</doc>
<status status="PASS" start="2024-05-25T23:18:07.041603" elapsed="0.000562"/>
</kw>
<kw name="Log" owner="BuiltIn">
<msg time="2024-05-25T23:18:07.042631" level="INFO">{'results': [{'gender': 'female', 'name': {'title': 'Mademoiselle', 'first': 'Monique', 'last': 'Guerin'}, 'location': {'street': {'number': 4637, 'name': 'Rue de la Gare'}, 'city': 'Les Montets', 'state': 'Aargau', 'country': 'Switzerland', 'postcode': 9345, 'coordinates': {'latitude': '-62.7557', 'longitude': '119.9130'}, 'timezone': {'offset': '-10:00', 'description': 'Hawaii'}}, 'email': 'monique.guerin@example.com', 'login': {'uuid': 'b6617a70-7011-4920-996a-49ab92e02c07', 'username': 'redfish612', 'password': 'gerbil', 'salt': 'cehMidwM', 'md5': '6e1ace1d14aaa00eb7341265b3e7122e', 'sha1': 'fb2169742d0738a4b2f1bf09074f4bc297d48c94', 'sha256': 'c013db11eb913d8f24a2ab26d1e0708c11becd54431b71e3bca93e7644289a8c'}, 'dob': {'date': '1983-06-18T21:56:16.202Z', 'age': 40}, 'registered': {'date': '2017-05-05T08:17:13.382Z', 'age': 7}, 'phone': '075 170 45 05', 'cell': '078 995 35 00', 'id': {'name': 'AVS', 'value': '756.7446.7735.76'}, 'picture': {'large': 'https://randomuser.me/api/portraits/women/55.jpg', 'medium': 'https://randomuser.me/api/portraits/med/women/55.jpg', 'thumbnail': 'https://randomuser.me/api/portraits/thumb/women/55.jpg'}, 'nat': 'CH'}], 'info': {'seed': 'cfa4cc7ed2332631', 'results': 1, 'page': 1, 'version': '1.4'}}</msg>
<arg>${json_data}</arg>
<doc>Logs the given message with the given level.</doc>
<status status="PASS" start="2024-05-25T23:18:07.042478" elapsed="0.000229"/>
</kw>
<kw name="Should Be Equal As Numbers" owner="BuiltIn">
<arg>${json_data['results'][0]['location']['postcode']}</arg>
<arg>${json_data['results'][0]['location']['postcode']}</arg>
<doc>Fails if objects are unequal after converting them to real numbers.</doc>
<status status="PASS" start="2024-05-25T23:18:07.043070" elapsed="0.000624"/>
</kw>
<kw name="Log" owner="BuiltIn">
<msg time="2024-05-25T23:18:07.044229" level="INFO">9345</msg>
<arg>${json_data['results'][0]['location']['postcode']}</arg>
<doc>Logs the given message with the given level.</doc>
<status status="PASS" start="2024-05-25T23:18:07.043896" elapsed="0.000374"/>
</kw>
<status status="PASS" start="2024-05-25T23:18:06.930567" elapsed="0.113954"/>
</kw>
<doc>Testa se os tipos de dados na resposta da API estão corretos.</doc>
<tag>testeTiposDados</tag>
<status status="PASS" start="2024-05-25T23:18:06.759162" elapsed="0.285519"/>
</test>
<test id="s1-s1-t5" name="Validar conteudo" line="35">
<kw name="Teste de Tipos de Conteudo" owner="random-user-service">
<kw name="GET On Session" owner="RequestsLibrary">
<msg time="2024-05-25T23:18:07.139835" level="INFO">GET Request : url=https://randomuser.me/api 
 path_url=/api 
 headers={'User-Agent': 'python-requests/2.32.2', 'Accept-Encoding': 'gzip, deflate', 'Accept': '*/*', 'Connection': 'keep-alive'} 
 body=None 
 </msg>
<msg time="2024-05-25T23:18:07.139912" level="INFO">GET Response : url=https://randomuser.me/api 
 status=200, reason=OK 
 headers={'Date': 'Sat, 25 May 2024 23:18:07 GMT', 'Content-Type': 'application/json; charset=utf-8', 'Transfer-Encoding': 'chunked', 'Connection': 'keep-alive', 'X-Powered-By': 'Express', 'Access-Control-Allow-Origin': '*', 'Cache-Control': 'no-cache', 'ETag': 'W/"4a2-V/GJRfHgLTcC+WrwjcOYvbcqY9M"', 'Vary': 'Accept-Encoding', 'Content-Encoding': 'gzip', 'CF-Cache-Status': 'DYNAMIC', 'Report-To': '{"endpoints":[{"url":"https:\\/\\/a.nel.cloudflare.com\\/report\\/v4?s=rz5KgBPJLIP7cvHkSJ1sUl%2F0tdJaEN9Po0ec15e%2Fxv%2FxmJrzlFv9fCK0a2okADqUxqKmuzkwP%2BuOZcwcgEiVwW9fVlMwOjuUMJ0gTMyHQ1y6WRQNoNAtWDNq8kzjTPd2"}],"group":"cf-nel","max_age":604800}', 'NEL': '{"success_fraction":0,"report_to":"cf-nel","max_age":604800}', 'Server': 'cloudflare', 'CF-RAY': '88993e260b6a1597-SJC', 'alt-svc': 'h3=":443"; ma=86400'} 
 body={"results":[{"gender":"female","name":{"title":"Mrs","first":"Emma","last":"Stewart"},"location":{"street":{"number":214,"name":"Queensway"},"city":"Dundee","state":"Hampshire","country":"United Kingdom","postcode":"S97 0TF","coordinates":{"latitude":"-8.6302","longitude":"83.7416"},"timezone":{"offset":"+5:00","description":"Ekaterinburg, Islamabad, Karachi, Tashkent"}},"email":"emma.stewart@example.com","login":{"uuid":"5d8b0a47-56ee-4b74-9293-40f2bf3f2cf3","username":"brownfish112","password":"mercedes","salt":"z44RCsfj","md5":"abb008434ce50fd1ed9b206e6ba8cf78","sha1":"bea737a95c3ccc36bd6df188b9aa6fab48e61288","sha256":"820c268fa50ed4c8ccfd5809f6da98c4861d526a5a527e5502cc91f569378b41"},"dob":{"date":"1998-04-04T11:33:23.170Z","age":26},"registered":{"date":"2005-12-28T17:48:28.505Z","age":18},"phone":"015395 36713","cell":"07792 918687","id":{"name":"NINO","value":"XT 22 71 51 A"},"picture":{"large":"https://randomuser.me/api/portraits/women/67.jpg","medium":"https://randomuser.me/api/portraits/med/women/67.jpg","thumbnail":"https://randomuser.me/api/portraits/thumb/women/67.jpg"},"nat":"GB"}],"info":{"seed":"4ba5706077f3cb5b","results":1,"page":1,"version":"1.4"}} 
 </msg>
<msg time="2024-05-25T23:18:07.139979" level="INFO">/opt/hostedtoolcache/Python/3.12.3/x64/lib/python3.12/site-packages/urllib3/connectionpool.py:1103: InsecureRequestWarning: Unverified HTTPS request is being made to host 'randomuser.me'. Adding certificate verification is strongly advised. See: https://urllib3.readthedocs.io/en/latest/advanced-usage.html#tls-warnings
  warnings.warn(</msg>
<msg time="2024-05-25T23:18:07.140094" level="INFO">${response} = &lt;Response [200]&gt;</msg>
<var>${response}</var>
<arg>consultarAPI</arg>
<arg>/api</arg>
<doc>Sends a GET request on a previously created HTTP Session.</doc>
<status status="PASS" start="2024-05-25T23:18:07.047061" elapsed="0.093062"/>
</kw>
<kw name="Set Variable" owner="BuiltIn">
<msg time="2024-05-25T23:18:07.140925" level="INFO">${json_data} = {'results': [{'gender': 'female', 'name': {'title': 'Mrs', 'first': 'Emma', 'last': 'Stewart'}, 'location': {'street': {'number': 214, 'name': 'Queensway'}, 'city': 'Dundee', 'state': 'Hampshire', 'co...</msg>
<var>${json_data}</var>
<arg>${response.json()}</arg>
<doc>Returns the given values which can then be assigned to a variables.</doc>
<status status="PASS" start="2024-05-25T23:18:07.140481" elapsed="0.000473"/>
</kw>
<kw name="Set Variable" owner="BuiltIn">
<msg time="2024-05-25T23:18:07.141644" level="INFO">${name_title} = Mrs</msg>
<var>${name_title}</var>
<arg>${json_data["results"][0]["name"]["title"]}</arg>
<doc>Returns the given values which can then be assigned to a variables.</doc>
<status status="PASS" start="2024-05-25T23:18:07.141258" elapsed="0.000412"/>
</kw>
<kw name="Create List" owner="BuiltIn">
<msg time="2024-05-25T23:18:07.142124" level="INFO">${allowed_titles} = ['Mr', 'Ms', 'Miss', 'Mrs', 'Madame', 'Monsieur']</msg>
<var>${allowed_titles}</var>
<arg>Mr</arg>
<arg>Ms</arg>
<arg>Miss</arg>
<arg>Mrs</arg>
<arg>Madame</arg>
<arg>Monsieur</arg>
<doc>Returns a list containing given items.</doc>
<status status="PASS" start="2024-05-25T23:18:07.141974" elapsed="0.000174"/>
</kw>
<kw name="List Should Contain Value" owner="Collections">
<msg time="2024-05-25T23:18:07.142635" level="INFO">False</msg>
<arg>${allowed_titles}</arg>
<arg>${name_title}</arg>
<doc>Fails if the ``value`` is not found from ``list``.</doc>
<status status="PASS" start="2024-05-25T23:18:07.142457" elapsed="0.000215"/>
</kw>
<kw name="Set Variable" owner="BuiltIn">
<msg time="2024-05-25T23:18:07.143519" level="INFO">${name_country} = GB</msg>
<var>${name_country}</var>
<arg>${json_data["results"][0]["nat"]}</arg>
<doc>Returns the given values which can then be assigned to a variables.</doc>
<status status="PASS" start="2024-05-25T23:18:07.143004" elapsed="0.000541"/>
</kw>
<kw name="Create List" owner="BuiltIn">
<msg time="2024-05-25T23:18:07.144458" level="INFO">${list_country} = ['AD', 'AE', 'AF', 'AG', 'AI', 'AL', 'AM', 'AO', 'AQ', 'AR', 'AS', 'AT', 'AU', 'AW', 'AX', 'AZ', 'BA', 'BB', 'BD', 'BE', 'BF', 'BG', 'BH', 'BI', 'BJ', 'BL', 'BM', 'BN', 'BO', 'BQ', 'BR', 'BS', 'BT', '...</msg>
<var>${list_country}</var>
<arg>AD</arg>
<arg>AE</arg>
<arg>AF</arg>
<arg>AG</arg>
<arg>AI</arg>
<arg>AL</arg>
<arg>AM</arg>
<arg>AO</arg>
<arg>AQ</arg>
<arg>AR</arg>
<arg>AS</arg>
<arg>AT</arg>
<arg>AU</arg>
<arg>AW</arg>
<arg>AX</arg>
<arg>AZ</arg>
<arg>BA</arg>
<arg>BB</arg>
<arg>BD</arg>
<arg>BE</arg>
<arg>BF</arg>
<arg>BG</arg>
<arg>BH</arg>
<arg>BI</arg>
<arg>BJ</arg>
<arg>BL</arg>
<arg>BM</arg>
<arg>BN</arg>
<arg>BO</arg>
<arg>BQ</arg>
<arg>BR</arg>
<arg>BS</arg>
<arg>BT</arg>
<arg>BV</arg>
<arg>BW</arg>
<arg>BY</arg>
<arg>BZ</arg>
<arg>CA</arg>
<arg>CC</arg>
<arg>CD</arg>
<arg>CF</arg>
<arg>CG</arg>
<arg>CH</arg>
<arg>CI</arg>
<arg>CK</arg>
<arg>CL</arg>
<arg>CM</arg>
<arg>CN</arg>
<arg>CO</arg>
<arg>CR</arg>
<arg>CU</arg>
<arg>CV</arg>
<arg>CW</arg>
<arg>CX</arg>
<arg>CY</arg>
<arg>CZ</arg>
<arg>DE</arg>
<arg>DJ</arg>
<arg>DK</arg>
<arg>DM</arg>
<arg>DO</arg>
<arg>DZ</arg>
<arg>EC</arg>
<arg>EE</arg>
<arg>EG</arg>
<arg>EH</arg>
<arg>ER</arg>
<arg>ES</arg>
<arg>ET</arg>
<arg>FI</arg>
<arg>FJ</arg>
<arg>FK</arg>
<arg>FM</arg>
<arg>FO</arg>
<arg>FR</arg>
<arg>GA</arg>
<arg>GB</arg>
<arg>GD</arg>
<arg>GE</arg>
<arg>GF</arg>
<arg>GG</arg>
<arg>GH</arg>
<arg>GI</arg>
<arg>GL</arg>
<arg>GM</arg>
<arg>GN</arg>
<arg>GP</arg>
<arg>GQ</arg>
<arg>GR</arg>
<arg>GS</arg>
<arg>GT</arg>
<arg>GU</arg>
<arg>GW</arg>
<arg>GY</arg>
<arg>HK</arg>
<arg>HM</arg>
<arg>HN</arg>
<arg>HR</arg>
<arg>HT</arg>
<arg>HU</arg>
<arg>ID</arg>
<arg>IE</arg>
<arg>IL</arg>
<arg>IM</arg>
<arg>IN</arg>
<arg>IO</arg>
<arg>IQ</arg>
<arg>IR</arg>
<arg>IS</arg>
<arg>IT</arg>
<arg>JE</arg>
<arg>JM</arg>
<arg>JO</arg>
<arg>JP</arg>
<arg>KE</arg>
<arg>KG</arg>
<arg>KH</arg>
<arg>KI</arg>
<arg>KM</arg>
<arg>KN</arg>
<arg>KP</arg>
<arg>KR</arg>
<arg>KW</arg>
<arg>KY</arg>
<arg>KZ</arg>
<arg>LA</arg>
<arg>LB</arg>
<arg>LC</arg>
<arg>LI</arg>
<arg>LK</arg>
<arg>LR</arg>
<arg>LS</arg>
<arg>LT</arg>
<arg>LU</arg>
<arg>LV</arg>
<arg>LY</arg>
<arg>MA</arg>
<arg>MC</arg>
<arg>MD</arg>
<arg>ME</arg>
<arg>MF</arg>
<arg>MG</arg>
<arg>MH</arg>
<arg>MK</arg>
<arg>ML</arg>
<arg>MM</arg>
<arg>MN</arg>
<arg>MO</arg>
<arg>MP</arg>
<arg>MQ</arg>
<arg>MR</arg>
<arg>MS</arg>
<arg>MT</arg>
<arg>MU</arg>
<arg>MV</arg>
<arg>MW</arg>
<arg>MX</arg>
<arg>MY</arg>
<arg>MZ</arg>
<arg>NA</arg>
<arg>NC</arg>
<arg>NE</arg>
<arg>NF</arg>
<arg>NG</arg>
<arg>NI</arg>
<arg>NL</arg>
<arg>NO</arg>
<arg>NP</arg>
<arg>NR</arg>
<arg>NU</arg>
<arg>NZ</arg>
<arg>OM</arg>
<arg>PA</arg>
<arg>PE</arg>
<arg>PF</arg>
<arg>PG</arg>
<arg>PH</arg>
<arg>PK</arg>
<arg>PL</arg>
<arg>PM</arg>
<arg>PN</arg>
<arg>PR</arg>
<arg>PS</arg>
<arg>PT</arg>
<arg>PW</arg>
<arg>PY</arg>
<arg>QA</arg>
<arg>RE</arg>
<arg>RO</arg>
<arg>RS</arg>
<arg>RU</arg>
<arg>RW</arg>
<arg>SA</arg>
<arg>SB</arg>
<arg>SC</arg>
<arg>SD</arg>
<arg>SE</arg>
<arg>SG</arg>
<arg>SH</arg>
<arg>SI</arg>
<arg>SJ</arg>
<arg>SK</arg>
<arg>SL</arg>
<arg>SM</arg>
<arg>SN</arg>
<arg>SO</arg>
<arg>SR</arg>
<arg>SS</arg>
<arg>ST</arg>
<arg>SV</arg>
<arg>SX</arg>
<arg>SY</arg>
<arg>SZ</arg>
<arg>TC</arg>
<arg>TD</arg>
<arg>TF</arg>
<arg>TG</arg>
<arg>TH</arg>
<arg>TJ</arg>
<arg>TK</arg>
<arg>TL</arg>
<arg>TM</arg>
<arg>TN</arg>
<arg>TO</arg>
<arg>TR</arg>
<arg>TT</arg>
<arg>TV</arg>
<arg>TW</arg>
<arg>TZ</arg>
<arg>UA</arg>
<arg>UG</arg>
<arg>UM</arg>
<arg>US</arg>
<arg>UY</arg>
<arg>UZ</arg>
<arg>VA</arg>
<arg>VC</arg>
<arg>VE</arg>
<arg>VG</arg>
<arg>VI</arg>
<arg>VN</arg>
<arg>VU</arg>
<arg>WF</arg>
<arg>WS</arg>
<arg>XK</arg>
<arg>YE</arg>
<arg>YT</arg>
<arg>ZA</arg>
<arg>ZM</arg>
<arg>ZW</arg>
<doc>Returns a list containing given items.</doc>
<status status="PASS" start="2024-05-25T23:18:07.143857" elapsed="0.000626"/>
</kw>
<kw name="List Should Contain Value" owner="Collections">
<msg time="2024-05-25T23:18:07.145473" level="INFO">False</msg>
<arg>${list_country}</arg>
<arg>${name_country}</arg>
<doc>Fails if the ``value`` is not found from ``list``.</doc>
<status status="PASS" start="2024-05-25T23:18:07.145270" elapsed="0.000240"/>
</kw>
<kw name="Run Keyword If" owner="BuiltIn">
<kw name="Should Be True" owner="BuiltIn">
<arg>${True}</arg>
<doc>Fails if the given condition is not true.</doc>
<status status="PASS" start="2024-05-25T23:18:07.146566" elapsed="0.000142"/>
</kw>
<arg>${json_data["results"][0]["location"]["coordinates"]["latitude"]} &gt;= -90 and ${json_data["results"][0]["location"]["coordinates"]["latitude"]} &lt;= 90</arg>
<arg>Should Be True</arg>
<arg>${True}</arg>
<doc>Runs the given keyword with the given arguments, if ``condition`` is true.</doc>
<status status="PASS" start="2024-05-25T23:18:07.145825" elapsed="0.001033"/>
</kw>
<kw name="Run Keyword If" owner="BuiltIn">
<kw name="Should Be True" owner="BuiltIn">
<arg>${True}</arg>
<doc>Fails if the given condition is not true.</doc>
<status status="PASS" start="2024-05-25T23:18:07.147740" elapsed="0.000136"/>
</kw>
<arg>${json_data["results"][0]["location"]["coordinates"]["longitude"]} &gt;= -180 and ${json_data["results"][0]["location"]["coordinates"]["longitude"]} &lt;= 180</arg>
<arg>Should Be True</arg>
<arg>${True}</arg>
<doc>Runs the given keyword with the given arguments, if ``condition`` is true.</doc>
<status status="PASS" start="2024-05-25T23:18:07.147047" elapsed="0.000951"/>
</kw>
<status status="PASS" start="2024-05-25T23:18:07.046831" elapsed="0.101293"/>
</kw>
<doc>Testa o conteúdo específico dos campos retornados pela API.</doc>
<tag>testeConteudo</tag>
<status status="PASS" start="2024-05-25T23:18:07.046381" elapsed="0.101885"/>
</test>
<status status="PASS" start="2024-05-25T23:18:06.206503" elapsed="0.943585"/>
</suite>
<status status="PASS" start="2024-05-25T23:18:06.192743" elapsed="0.962397"/>
</suite>
<statistics>
<total>
<stat pass="5" fail="0" skip="0">All Tests</stat>
</total>
<tag>
<stat pass="1" fail="0" skip="0">testeConteudo</stat>
<stat pass="1" fail="0" skip="0">testeEstruturaResposta</stat>
<stat pass="1" fail="0" skip="0">testeRequisicaoBasica</stat>
<stat pass="1" fail="0" skip="0">testeTiposDados</stat>
</tag>
<suite>
<stat pass="5" fail="0" skip="0" id="s1" name="Tests">Tests</stat>
<stat pass="5" fail="0" skip="0" id="s1-s1" name="Random-User-Test">Tests.Random-User-Test</stat>
</suite>
</statistics>
<errors>
</errors>
</robot>
