<?xml version="1.0" encoding="UTF-8"?>
<robot generator="Robot 7.0.1 (Python 3.12.4 on linux)" generated="2024-07-05T16:18:20.838587" rpa="false" schemaversion="5">
<suite id="s1" name="Tests" source="/home/runner/work/ApiRandomUser/ApiRandomUser/RamdonUser/tests">
<suite id="s1-s1" name="Random-User-Test" source="/home/runner/work/ApiRandomUser/ApiRandomUser/RamdonUser/tests/random-user-test.robot">
<test id="s1-s1-t1" name="Conectar" line="13">
<kw name="Conectar API" owner="random-user-service">
<kw name="Create Session" owner="RequestsLibrary">
<msg time="2024-07-05T16:18:21.237127" level="INFO">Creating Session using : alias=consultarAPI, url=https://randomuser.me/, headers={},                     cookies={}, auth=None, timeout=None, proxies=None, verify=False,                     debug=0 </msg>
<arg>consultarAPI</arg>
<arg>${URL}</arg>
<doc>Create Session: create a HTTP session to a server</doc>
<status status="PASS" start="2024-07-05T16:18:21.236921" elapsed="0.000388"/>
</kw>
<status status="PASS" start="2024-07-05T16:18:21.235928" elapsed="0.001737"/>
</kw>
<status status="PASS" start="2024-07-05T16:18:21.235351" elapsed="0.002509"/>
</test>
<test id="s1-s1-t2" name="Validar retorno 200 e JSON Válido" line="16">
<kw name="Teste de Requisicao Basica" owner="random-user-service">
<kw name="GET On Session" owner="RequestsLibrary">
<msg time="2024-07-05T16:18:21.456860" level="INFO">GET Request : url=https://randomuser.me/api 
 path_url=/api 
 headers={'User-Agent': 'python-requests/2.32.3', 'Accept-Encoding': 'gzip, deflate', 'Accept': '*/*', 'Connection': 'keep-alive'} 
 body=None 
 </msg>
<msg time="2024-07-05T16:18:21.457022" level="INFO">GET Response : url=https://randomuser.me/api 
 status=200, reason=OK 
 headers={'Date': 'Fri, 05 Jul 2024 16:18:21 GMT', 'Content-Type': 'application/json; charset=utf-8', 'Transfer-Encoding': 'chunked', 'Connection': 'keep-alive', 'X-Powered-By': 'Express', 'Access-Control-Allow-Origin': '*', 'Cache-Control': 'no-cache', 'ETag': 'W/"4a1-C8TeYT1E8AYo/ibazAcQKGJWBTE"', 'Vary': 'Accept-Encoding', 'Content-Encoding': 'gzip', 'CF-Cache-Status': 'DYNAMIC', 'Report-To': '{"endpoints":[{"url":"https:\\/\\/a.nel.cloudflare.com\\/report\\/v4?s=3exdbhbyvIIFP%2FYGVRC0OT4%2Bwk8q01iBCoiN3XhfU9FymzX3hXrJfmFjOdbYv6WmXc5%2BcvgaY5sgjyA%2Fac1CQvwaD%2BK1dJ61XQknBDlpxhyK7RRCpzwN0utA7ELjyH5e"}],"group":"cf-nel","max_age":604800}', 'NEL': '{"success_fraction":0,"report_to":"cf-nel","max_age":604800}', 'Server': 'cloudflare', 'CF-RAY': '89e8aba3e93659df-IAD', 'alt-svc': 'h3=":443"; ma=86400'} 
 body={"results":[{"gender":"male","name":{"title":"Mr","first":"Yusuf","last":"Gaastra"},"location":{"street":{"number":8082,"name":"Burg. Slootspad"},"city":"Hof van Twente","state":"Noord-Brabant","country":"Netherlands","postcode":"4430 BQ","coordinates":{"latitude":"31.1745","longitude":"-0.2242"},"timezone":{"offset":"-6:00","description":"Central Time (US &amp; Canada), Mexico City"}},"email":"yusuf.gaastra@example.com","login":{"uuid":"f33c3587-f8a4-4a69-87cd-f01cf34aa7bc","username":"silverswan946","password":"jenn","salt":"9FPsQzLt","md5":"055d41d8502a66b5a08e8015218a01e3","sha1":"6392102950f391be04ebfd83cd4a002f16b91b43","sha256":"154ccce4f53bda8dd5720699cb0da115e4a9480546dd594e5ec9034101b890c3"},"dob":{"date":"1946-04-15T16:11:36.886Z","age":78},"registered":{"date":"2004-07-20T18:50:16.199Z","age":19},"phone":"(092) 2664683","cell":"(06) 14116409","id":{"name":"BSN","value":"49114053"},"picture":{"large":"https://randomuser.me/api/portraits/men/79.jpg","medium":"https://randomuser.me/api/portraits/med/men/79.jpg","thumbnail":"https://randomuser.me/api/portraits/thumb/men/79.jpg"},"nat":"NL"}],"info":{"seed":"a4780380712e3cbc","results":1,"page":1,"version":"1.4"}} 
 </msg>
<msg time="2024-07-05T16:18:21.457122" level="INFO">/opt/hostedtoolcache/Python/3.12.4/x64/lib/python3.12/site-packages/urllib3/connectionpool.py:1099: InsecureRequestWarning: Unverified HTTPS request is being made to host 'randomuser.me'. Adding certificate verification is strongly advised. See: https://urllib3.readthedocs.io/en/latest/advanced-usage.html#tls-warnings
  warnings.warn(</msg>
<msg time="2024-07-05T16:18:21.457279" level="INFO">${response} = &lt;Response [200]&gt;</msg>
<var>${response}</var>
<arg>consultarAPI</arg>
<arg>/api</arg>
<doc>Sends a GET request on a previously created HTTP Session.</doc>
<status status="PASS" start="2024-07-05T16:18:21.241011" elapsed="0.216310"/>
</kw>
<kw name="Should Be Equal As Numbers" owner="BuiltIn">
<msg time="2024-07-05T16:18:21.458450" level="INFO">Argument types are:
&lt;class 'int'&gt;
&lt;class 'str'&gt;</msg>
<arg>${response.status_code}</arg>
<arg>200</arg>
<doc>Fails if objects are unequal after converting them to real numbers.</doc>
<status status="PASS" start="2024-07-05T16:18:21.457954" elapsed="0.000567"/>
</kw>
<kw name="Log" owner="BuiltIn">
<msg time="2024-07-05T16:18:21.459492" level="INFO">200</msg>
<arg>${response.status_code}</arg>
<doc>Logs the given message with the given level.</doc>
<status status="PASS" start="2024-07-05T16:18:21.458993" elapsed="0.000546"/>
</kw>
<kw name="Set Variable" owner="BuiltIn">
<msg time="2024-07-05T16:18:21.460379" level="INFO">${json_data} = {'results': [{'gender': 'male', 'name': {'title': 'Mr', 'first': 'Yusuf', 'last': 'Gaastra'}, 'location': {'street': {'number': 8082, 'name': 'Burg. Slootspad'}, 'city': 'Hof van Twente', 'state': 'No...</msg>
<var>${json_data}</var>
<arg>${response.json()}</arg>
<doc>Returns the given values which can then be assigned to a variables.</doc>
<status status="PASS" start="2024-07-05T16:18:21.459866" elapsed="0.000542"/>
</kw>
<kw name="Dictionary Should Contain Key" owner="Collections">
<arg>${json_data}</arg>
<arg>results</arg>
<doc>Fails if ``key`` is not found from ``dictionary``.</doc>
<status status="PASS" start="2024-07-05T16:18:21.460715" elapsed="0.000170"/>
</kw>
<status status="PASS" start="2024-07-05T16:18:21.240762" elapsed="0.220282"/>
</kw>
<doc>Testa se a API responde corretamente e retorna um objeto JSON válido.</doc>
<tag>testeRequisicaoBasica</tag>
<status status="PASS" start="2024-07-05T16:18:21.240188" elapsed="0.221039"/>
</test>
<test id="s1-s1-t3" name="Validar estrutura de resposta" line="22">
<kw name="Teste de Estrutura de Resposta" owner="random-user-service">
<kw name="GET On Session" owner="RequestsLibrary">
<msg time="2024-07-05T16:18:21.554874" level="INFO">GET Request : url=https://randomuser.me/api 
 path_url=/api 
 headers={'User-Agent': 'python-requests/2.32.3', 'Accept-Encoding': 'gzip, deflate', 'Accept': '*/*', 'Connection': 'keep-alive'} 
 body=None 
 </msg>
<msg time="2024-07-05T16:18:21.554985" level="INFO">GET Response : url=https://randomuser.me/api 
 status=200, reason=OK 
 headers={'Date': 'Fri, 05 Jul 2024 16:18:21 GMT', 'Content-Type': 'application/json; charset=utf-8', 'Transfer-Encoding': 'chunked', 'Connection': 'keep-alive', 'X-Powered-By': 'Express', 'Access-Control-Allow-Origin': '*', 'Cache-Control': 'no-cache', 'ETag': 'W/"474-hYnpKULhjj12vDkN4aysbqMx8r8"', 'Vary': 'Accept-Encoding', 'Content-Encoding': 'gzip', 'CF-Cache-Status': 'DYNAMIC', 'Report-To': '{"endpoints":[{"url":"https:\\/\\/a.nel.cloudflare.com\\/report\\/v4?s=%2BzjJkLqUuvsCQBhrXQBuSicBgnOsM8urYAI3r3d2pjhK7eQRqdXQWwO%2FB8GL0md9eFkSkFh4K1T5n95J7t7ofVvxoLNC9JblSVewdlzMVhpN2zbxNasVQR4ZdiF92%2FcJ"}],"group":"cf-nel","max_age":604800}', 'NEL': '{"success_fraction":0,"report_to":"cf-nel","max_age":604800}', 'Server': 'cloudflare', 'CF-RAY': '89e8aba4296659df-IAD', 'alt-svc': 'h3=":443"; ma=86400'} 
 body={"results":[{"gender":"male","name":{"title":"Mr","first":"Joel","last":"Kalas"},"location":{"street":{"number":2292,"name":"Suvantokatu"},"city":"Sotkamo","state":"Finland Proper","country":"Finland","postcode":19470,"coordinates":{"latitude":"-26.0280","longitude":"-86.0046"},"timezone":{"offset":"-10:00","description":"Hawaii"}},"email":"joel.kalas@example.com","login":{"uuid":"5313dd21-938e-4dc5-9cec-3bf753f8c8af","username":"tinypeacock281","password":"sergio","salt":"LpI6YVu2","md5":"6685ec19d9f48dddad16e19868b288c3","sha1":"4592d2a9c50c7e8a2403b439ee30a768c90ee412","sha256":"d92316e029fb3d233eda9c571817e5e92200c923cac639f74365d525f82b5892"},"dob":{"date":"1985-12-10T13:08:14.923Z","age":38},"registered":{"date":"2021-10-13T09:07:00.954Z","age":2},"phone":"04-295-756","cell":"049-708-48-09","id":{"name":"HETU","value":"NaNNA279undefined"},"picture":{"large":"https://randomuser.me/api/portraits/men/45.jpg","medium":"https://randomuser.me/api/portraits/med/men/45.jpg","thumbnail":"https://randomuser.me/api/portraits/thumb/men/45.jpg"},"nat":"FI"}],"info":{"seed":"d2b0f72d6db82674","results":1,"page":1,"version":"1.4"}} 
 </msg>
<msg time="2024-07-05T16:18:21.555125" level="INFO">/opt/hostedtoolcache/Python/3.12.4/x64/lib/python3.12/site-packages/urllib3/connectionpool.py:1099: InsecureRequestWarning: Unverified HTTPS request is being made to host 'randomuser.me'. Adding certificate verification is strongly advised. See: https://urllib3.readthedocs.io/en/latest/advanced-usage.html#tls-warnings
  warnings.warn(</msg>
<msg time="2024-07-05T16:18:21.555282" level="INFO">${response} = &lt;Response [200]&gt;</msg>
<var>${response}</var>
<arg>consultarAPI</arg>
<arg>/api</arg>
<doc>Sends a GET request on a previously created HTTP Session.</doc>
<status status="PASS" start="2024-07-05T16:18:21.463855" elapsed="0.091470"/>
</kw>
<kw name="Set Variable" owner="BuiltIn">
<msg time="2024-07-05T16:18:21.556509" level="INFO">${json_data} = {'results': [{'gender': 'male', 'name': {'title': 'Mr', 'first': 'Joel', 'last': 'Kalas'}, 'location': {'street': {'number': 2292, 'name': 'Suvantokatu'}, 'city': 'Sotkamo', 'state': 'Finland Proper',...</msg>
<var>${json_data}</var>
<arg>${response.json()}</arg>
<doc>Returns the given values which can then be assigned to a variables.</doc>
<status status="PASS" start="2024-07-05T16:18:21.555913" elapsed="0.000626"/>
</kw>
<kw name="Log" owner="BuiltIn">
<msg time="2024-07-05T16:18:21.557026" level="INFO">{'results': [{'gender': 'male', 'name': {'title': 'Mr', 'first': 'Joel', 'last': 'Kalas'}, 'location': {'street': {'number': 2292, 'name': 'Suvantokatu'}, 'city': 'Sotkamo', 'state': 'Finland Proper', 'country': 'Finland', 'postcode': 19470, 'coordinates': {'latitude': '-26.0280', 'longitude': '-86.0046'}, 'timezone': {'offset': '-10:00', 'description': 'Hawaii'}}, 'email': 'joel.kalas@example.com', 'login': {'uuid': '5313dd21-938e-4dc5-9cec-3bf753f8c8af', 'username': 'tinypeacock281', 'password': 'sergio', 'salt': 'LpI6YVu2', 'md5': '6685ec19d9f48dddad16e19868b288c3', 'sha1': '4592d2a9c50c7e8a2403b439ee30a768c90ee412', 'sha256': 'd92316e029fb3d233eda9c571817e5e92200c923cac639f74365d525f82b5892'}, 'dob': {'date': '1985-12-10T13:08:14.923Z', 'age': 38}, 'registered': {'date': '2021-10-13T09:07:00.954Z', 'age': 2}, 'phone': '04-295-756', 'cell': '049-708-48-09', 'id': {'name': 'HETU', 'value': 'NaNNA279undefined'}, 'picture': {'large': 'https://randomuser.me/api/portraits/men/45.jpg', 'medium': 'https://randomuser.me/api/portraits/med/men/45.jpg', 'thumbnail': 'https://randomuser.me/api/portraits/thumb/men/45.jpg'}, 'nat': 'FI'}], 'info': {'seed': 'd2b0f72d6db82674', 'results': 1, 'page': 1, 'version': '1.4'}}</msg>
<arg>${json_data}</arg>
<doc>Logs the given message with the given level.</doc>
<status status="PASS" start="2024-07-05T16:18:21.556864" elapsed="0.000212"/>
</kw>
<kw name="Dictionary Should Contain Key" owner="Collections">
<arg>${json_data}</arg>
<arg>results</arg>
<doc>Fails if ``key`` is not found from ``dictionary``.</doc>
<status status="PASS" start="2024-07-05T16:18:21.557368" elapsed="0.000157"/>
</kw>
<kw name="Should Not Be Empty" owner="BuiltIn">
<msg time="2024-07-05T16:18:21.557843" level="INFO">Length is 2.</msg>
<arg>${json_data}</arg>
<doc>Verifies that the given item is not empty.</doc>
<status status="PASS" start="2024-07-05T16:18:21.557714" elapsed="0.000167"/>
</kw>
<kw name="Create List" owner="BuiltIn">
<msg time="2024-07-05T16:18:21.558490" level="INFO">${expected_keys} = ['gender', 'name', 'location', 'email', 'login']</msg>
<var>${expected_keys}</var>
<arg>gender</arg>
<arg>name</arg>
<arg>location</arg>
<arg>email</arg>
<arg>login</arg>
<doc>Returns a list containing given items.</doc>
<status status="PASS" start="2024-07-05T16:18:21.558173" elapsed="0.000342"/>
</kw>
<for flavor="IN">
<iter>
<kw name="Dictionary Should Contain Key" owner="Collections">
<arg>${json_data['results'][0]}</arg>
<arg>${key}</arg>
<doc>Fails if ``key`` is not found from ``dictionary``.</doc>
<status status="PASS" start="2024-07-05T16:18:21.559099" elapsed="0.000406"/>
</kw>
<kw name="Log" owner="BuiltIn">
<msg time="2024-07-05T16:18:21.560083" level="INFO">{'gender': 'male', 'name': {'title': 'Mr', 'first': 'Joel', 'last': 'Kalas'}, 'location': {'street': {'number': 2292, 'name': 'Suvantokatu'}, 'city': 'Sotkamo', 'state': 'Finland Proper', 'country': 'Finland', 'postcode': 19470, 'coordinates': {'latitude': '-26.0280', 'longitude': '-86.0046'}, 'timezone': {'offset': '-10:00', 'description': 'Hawaii'}}, 'email': 'joel.kalas@example.com', 'login': {'uuid': '5313dd21-938e-4dc5-9cec-3bf753f8c8af', 'username': 'tinypeacock281', 'password': 'sergio', 'salt': 'LpI6YVu2', 'md5': '6685ec19d9f48dddad16e19868b288c3', 'sha1': '4592d2a9c50c7e8a2403b439ee30a768c90ee412', 'sha256': 'd92316e029fb3d233eda9c571817e5e92200c923cac639f74365d525f82b5892'}, 'dob': {'date': '1985-12-10T13:08:14.923Z', 'age': 38}, 'registered': {'date': '2021-10-13T09:07:00.954Z', 'age': 2}, 'phone': '04-295-756', 'cell': '049-708-48-09', 'id': {'name': 'HETU', 'value': 'NaNNA279undefined'}, 'picture': {'large': 'https://randomuser.me/api/portraits/men/45.jpg', 'medium': 'https://randomuser.me/api/portraits/med/men/45.jpg', 'thumbnail': 'https://randomuser.me/api/portraits/thumb/men/45.jpg'}, 'nat': 'FI'}</msg>
<arg>${json_data['results'][0]}</arg>
<doc>Logs the given message with the given level.</doc>
<status status="PASS" start="2024-07-05T16:18:21.559690" elapsed="0.000460"/>
</kw>
<kw name="Log" owner="BuiltIn">
<msg time="2024-07-05T16:18:21.560584" level="INFO">gender</msg>
<arg>${key}</arg>
<doc>Logs the given message with the given level.</doc>
<status status="PASS" start="2024-07-05T16:18:21.560455" elapsed="0.000168"/>
</kw>
<var name="${key}">gender</var>
<status status="PASS" start="2024-07-05T16:18:21.558976" elapsed="0.001863"/>
</iter>
<iter>
<kw name="Dictionary Should Contain Key" owner="Collections">
<arg>${json_data['results'][0]}</arg>
<arg>${key}</arg>
<doc>Fails if ``key`` is not found from ``dictionary``.</doc>
<status status="PASS" start="2024-07-05T16:18:21.561138" elapsed="0.000392"/>
</kw>
<kw name="Log" owner="BuiltIn">
<msg time="2024-07-05T16:18:21.562058" level="INFO">{'gender': 'male', 'name': {'title': 'Mr', 'first': 'Joel', 'last': 'Kalas'}, 'location': {'street': {'number': 2292, 'name': 'Suvantokatu'}, 'city': 'Sotkamo', 'state': 'Finland Proper', 'country': 'Finland', 'postcode': 19470, 'coordinates': {'latitude': '-26.0280', 'longitude': '-86.0046'}, 'timezone': {'offset': '-10:00', 'description': 'Hawaii'}}, 'email': 'joel.kalas@example.com', 'login': {'uuid': '5313dd21-938e-4dc5-9cec-3bf753f8c8af', 'username': 'tinypeacock281', 'password': 'sergio', 'salt': 'LpI6YVu2', 'md5': '6685ec19d9f48dddad16e19868b288c3', 'sha1': '4592d2a9c50c7e8a2403b439ee30a768c90ee412', 'sha256': 'd92316e029fb3d233eda9c571817e5e92200c923cac639f74365d525f82b5892'}, 'dob': {'date': '1985-12-10T13:08:14.923Z', 'age': 38}, 'registered': {'date': '2021-10-13T09:07:00.954Z', 'age': 2}, 'phone': '04-295-756', 'cell': '049-708-48-09', 'id': {'name': 'HETU', 'value': 'NaNNA279undefined'}, 'picture': {'large': 'https://randomuser.me/api/portraits/men/45.jpg', 'medium': 'https://randomuser.me/api/portraits/med/men/45.jpg', 'thumbnail': 'https://randomuser.me/api/portraits/thumb/men/45.jpg'}, 'nat': 'FI'}</msg>
<arg>${json_data['results'][0]}</arg>
<doc>Logs the given message with the given level.</doc>
<status status="PASS" start="2024-07-05T16:18:21.561713" elapsed="0.000434"/>
</kw>
<kw name="Log" owner="BuiltIn">
<msg time="2024-07-05T16:18:21.562572" level="INFO">name</msg>
<arg>${key}</arg>
<doc>Logs the given message with the given level.</doc>
<status status="PASS" start="2024-07-05T16:18:21.562445" elapsed="0.000164"/>
</kw>
<var name="${key}">name</var>
<status status="PASS" start="2024-07-05T16:18:21.561022" elapsed="0.001800"/>
</iter>
<iter>
<kw name="Dictionary Should Contain Key" owner="Collections">
<arg>${json_data['results'][0]}</arg>
<arg>${key}</arg>
<doc>Fails if ``key`` is not found from ``dictionary``.</doc>
<status status="PASS" start="2024-07-05T16:18:21.563104" elapsed="0.000379"/>
</kw>
<kw name="Log" owner="BuiltIn">
<msg time="2024-07-05T16:18:21.564016" level="INFO">{'gender': 'male', 'name': {'title': 'Mr', 'first': 'Joel', 'last': 'Kalas'}, 'location': {'street': {'number': 2292, 'name': 'Suvantokatu'}, 'city': 'Sotkamo', 'state': 'Finland Proper', 'country': 'Finland', 'postcode': 19470, 'coordinates': {'latitude': '-26.0280', 'longitude': '-86.0046'}, 'timezone': {'offset': '-10:00', 'description': 'Hawaii'}}, 'email': 'joel.kalas@example.com', 'login': {'uuid': '5313dd21-938e-4dc5-9cec-3bf753f8c8af', 'username': 'tinypeacock281', 'password': 'sergio', 'salt': 'LpI6YVu2', 'md5': '6685ec19d9f48dddad16e19868b288c3', 'sha1': '4592d2a9c50c7e8a2403b439ee30a768c90ee412', 'sha256': 'd92316e029fb3d233eda9c571817e5e92200c923cac639f74365d525f82b5892'}, 'dob': {'date': '1985-12-10T13:08:14.923Z', 'age': 38}, 'registered': {'date': '2021-10-13T09:07:00.954Z', 'age': 2}, 'phone': '04-295-756', 'cell': '049-708-48-09', 'id': {'name': 'HETU', 'value': 'NaNNA279undefined'}, 'picture': {'large': 'https://randomuser.me/api/portraits/men/45.jpg', 'medium': 'https://randomuser.me/api/portraits/med/men/45.jpg', 'thumbnail': 'https://randomuser.me/api/portraits/thumb/men/45.jpg'}, 'nat': 'FI'}</msg>
<arg>${json_data['results'][0]}</arg>
<doc>Logs the given message with the given level.</doc>
<status status="PASS" start="2024-07-05T16:18:21.563665" elapsed="0.000434"/>
</kw>
<kw name="Log" owner="BuiltIn">
<msg time="2024-07-05T16:18:21.564566" level="INFO">location</msg>
<arg>${key}</arg>
<doc>Logs the given message with the given level.</doc>
<status status="PASS" start="2024-07-05T16:18:21.564438" elapsed="0.000165"/>
</kw>
<var name="${key}">location</var>
<status status="PASS" start="2024-07-05T16:18:21.562996" elapsed="0.001821"/>
</iter>
<iter>
<kw name="Dictionary Should Contain Key" owner="Collections">
<arg>${json_data['results'][0]}</arg>
<arg>${key}</arg>
<doc>Fails if ``key`` is not found from ``dictionary``.</doc>
<status status="PASS" start="2024-07-05T16:18:21.565091" elapsed="0.000390"/>
</kw>
<kw name="Log" owner="BuiltIn">
<msg time="2024-07-05T16:18:21.566010" level="INFO">{'gender': 'male', 'name': {'title': 'Mr', 'first': 'Joel', 'last': 'Kalas'}, 'location': {'street': {'number': 2292, 'name': 'Suvantokatu'}, 'city': 'Sotkamo', 'state': 'Finland Proper', 'country': 'Finland', 'postcode': 19470, 'coordinates': {'latitude': '-26.0280', 'longitude': '-86.0046'}, 'timezone': {'offset': '-10:00', 'description': 'Hawaii'}}, 'email': 'joel.kalas@example.com', 'login': {'uuid': '5313dd21-938e-4dc5-9cec-3bf753f8c8af', 'username': 'tinypeacock281', 'password': 'sergio', 'salt': 'LpI6YVu2', 'md5': '6685ec19d9f48dddad16e19868b288c3', 'sha1': '4592d2a9c50c7e8a2403b439ee30a768c90ee412', 'sha256': 'd92316e029fb3d233eda9c571817e5e92200c923cac639f74365d525f82b5892'}, 'dob': {'date': '1985-12-10T13:08:14.923Z', 'age': 38}, 'registered': {'date': '2021-10-13T09:07:00.954Z', 'age': 2}, 'phone': '04-295-756', 'cell': '049-708-48-09', 'id': {'name': 'HETU', 'value': 'NaNNA279undefined'}, 'picture': {'large': 'https://randomuser.me/api/portraits/men/45.jpg', 'medium': 'https://randomuser.me/api/portraits/med/men/45.jpg', 'thumbnail': 'https://randomuser.me/api/portraits/thumb/men/45.jpg'}, 'nat': 'FI'}</msg>
<arg>${json_data['results'][0]}</arg>
<doc>Logs the given message with the given level.</doc>
<status status="PASS" start="2024-07-05T16:18:21.565664" elapsed="0.000394"/>
</kw>
<kw name="Log" owner="BuiltIn">
<msg time="2024-07-05T16:18:21.566481" level="INFO">email</msg>
<arg>${key}</arg>
<doc>Logs the given message with the given level.</doc>
<status status="PASS" start="2024-07-05T16:18:21.566355" elapsed="0.000165"/>
</kw>
<var name="${key}">email</var>
<status status="PASS" start="2024-07-05T16:18:21.564985" elapsed="0.001748"/>
</iter>
<iter>
<kw name="Dictionary Should Contain Key" owner="Collections">
<arg>${json_data['results'][0]}</arg>
<arg>${key}</arg>
<doc>Fails if ``key`` is not found from ``dictionary``.</doc>
<status status="PASS" start="2024-07-05T16:18:21.567016" elapsed="0.000388"/>
</kw>
<kw name="Log" owner="BuiltIn">
<msg time="2024-07-05T16:18:21.567937" level="INFO">{'gender': 'male', 'name': {'title': 'Mr', 'first': 'Joel', 'last': 'Kalas'}, 'location': {'street': {'number': 2292, 'name': 'Suvantokatu'}, 'city': 'Sotkamo', 'state': 'Finland Proper', 'country': 'Finland', 'postcode': 19470, 'coordinates': {'latitude': '-26.0280', 'longitude': '-86.0046'}, 'timezone': {'offset': '-10:00', 'description': 'Hawaii'}}, 'email': 'joel.kalas@example.com', 'login': {'uuid': '5313dd21-938e-4dc5-9cec-3bf753f8c8af', 'username': 'tinypeacock281', 'password': 'sergio', 'salt': 'LpI6YVu2', 'md5': '6685ec19d9f48dddad16e19868b288c3', 'sha1': '4592d2a9c50c7e8a2403b439ee30a768c90ee412', 'sha256': 'd92316e029fb3d233eda9c571817e5e92200c923cac639f74365d525f82b5892'}, 'dob': {'date': '1985-12-10T13:08:14.923Z', 'age': 38}, 'registered': {'date': '2021-10-13T09:07:00.954Z', 'age': 2}, 'phone': '04-295-756', 'cell': '049-708-48-09', 'id': {'name': 'HETU', 'value': 'NaNNA279undefined'}, 'picture': {'large': 'https://randomuser.me/api/portraits/men/45.jpg', 'medium': 'https://randomuser.me/api/portraits/med/men/45.jpg', 'thumbnail': 'https://randomuser.me/api/portraits/thumb/men/45.jpg'}, 'nat': 'FI'}</msg>
<arg>${json_data['results'][0]}</arg>
<doc>Logs the given message with the given level.</doc>
<status status="PASS" start="2024-07-05T16:18:21.567586" elapsed="0.000398"/>
</kw>
<kw name="Log" owner="BuiltIn">
<msg time="2024-07-05T16:18:21.568445" level="INFO">login</msg>
<arg>${key}</arg>
<doc>Logs the given message with the given level.</doc>
<status status="PASS" start="2024-07-05T16:18:21.568317" elapsed="0.000166"/>
</kw>
<var name="${key}">login</var>
<status status="PASS" start="2024-07-05T16:18:21.566904" elapsed="0.001795"/>
</iter>
<var>${key}</var>
<value>@{expected_keys}</value>
<status status="PASS" start="2024-07-05T16:18:21.558782" elapsed="0.010038"/>
</for>
<kw name="Create List" owner="BuiltIn">
<msg time="2024-07-05T16:18:21.569151" level="INFO">${expected_keysTwo} = ['username', 'password']</msg>
<var>${expected_keysTwo}</var>
<arg>username</arg>
<arg>password</arg>
<doc>Returns a list containing given items.</doc>
<status status="PASS" start="2024-07-05T16:18:21.569011" elapsed="0.000164"/>
</kw>
<for flavor="IN">
<iter>
<kw name="Dictionary Should Contain Key" owner="Collections">
<arg>${json_data['results'][0]['login']}</arg>
<arg>${keyTwo}</arg>
<doc>Fails if ``key`` is not found from ``dictionary``.</doc>
<status status="PASS" start="2024-07-05T16:18:21.569700" elapsed="0.000378"/>
</kw>
<kw name="Dictionary Should Contain Key" owner="Collections">
<arg>${json_data['results'][0]['login']}</arg>
<arg>${keyTwo}</arg>
<doc>Fails if ``key`` is not found from ``dictionary``.</doc>
<status status="PASS" start="2024-07-05T16:18:21.570261" elapsed="0.000381"/>
</kw>
<kw name="Log" owner="BuiltIn">
<msg time="2024-07-05T16:18:21.570970" level="INFO">username</msg>
<arg>${keyTwo}</arg>
<doc>Logs the given message with the given level.</doc>
<status status="PASS" start="2024-07-05T16:18:21.570836" elapsed="0.000171"/>
</kw>
<var name="${keyTwo}">username</var>
<status status="PASS" start="2024-07-05T16:18:21.569593" elapsed="0.001641"/>
</iter>
<iter>
<kw name="Dictionary Should Contain Key" owner="Collections">
<arg>${json_data['results'][0]['login']}</arg>
<arg>${keyTwo}</arg>
<doc>Fails if ``key`` is not found from ``dictionary``.</doc>
<status status="PASS" start="2024-07-05T16:18:21.571511" elapsed="0.000383"/>
</kw>
<kw name="Dictionary Should Contain Key" owner="Collections">
<arg>${json_data['results'][0]['login']}</arg>
<arg>${keyTwo}</arg>
<doc>Fails if ``key`` is not found from ``dictionary``.</doc>
<status status="PASS" start="2024-07-05T16:18:21.572107" elapsed="0.000387"/>
</kw>
<kw name="Log" owner="BuiltIn">
<msg time="2024-07-05T16:18:21.572832" level="INFO">password</msg>
<arg>${keyTwo}</arg>
<doc>Logs the given message with the given level.</doc>
<status status="PASS" start="2024-07-05T16:18:21.572671" elapsed="0.000212"/>
</kw>
<var name="${keyTwo}">password</var>
<status status="PASS" start="2024-07-05T16:18:21.571406" elapsed="0.001811"/>
</iter>
<var>${keyTwo}</var>
<value>@{expected_keysTwo}</value>
<status status="PASS" start="2024-07-05T16:18:21.569438" elapsed="0.003901"/>
</for>
<status status="PASS" start="2024-07-05T16:18:21.463618" elapsed="0.109862"/>
</kw>
<doc>Testa a estrutura da resposta da API.</doc>
<tag>testeEstruturaResposta</tag>
<status status="PASS" start="2024-07-05T16:18:21.463097" elapsed="0.110536"/>
</test>
<test id="s1-s1-t4" name="Validar tipos de dados" line="28">
<kw name="Teste de Tipos de Dados" owner="random-user-service">
<kw name="GET On Session" owner="RequestsLibrary">
<msg time="2024-07-05T16:18:21.652791" level="INFO">GET Request : url=https://randomuser.me/api 
 path_url=/api 
 headers={'User-Agent': 'python-requests/2.32.3', 'Accept-Encoding': 'gzip, deflate', 'Accept': '*/*', 'Connection': 'keep-alive'} 
 body=None 
 </msg>
<msg time="2024-07-05T16:18:21.652897" level="INFO">GET Response : url=https://randomuser.me/api 
 status=200, reason=OK 
 headers={'Date': 'Fri, 05 Jul 2024 16:18:21 GMT', 'Content-Type': 'application/json; charset=utf-8', 'Transfer-Encoding': 'chunked', 'Connection': 'keep-alive', 'X-Powered-By': 'Express', 'Access-Control-Allow-Origin': '*', 'Cache-Control': 'no-cache', 'ETag': 'W/"48e-uhq2xSLYRqJZZoIFhTvoHTfeutc"', 'Vary': 'Accept-Encoding', 'Content-Encoding': 'gzip', 'CF-Cache-Status': 'DYNAMIC', 'Report-To': '{"endpoints":[{"url":"https:\\/\\/a.nel.cloudflare.com\\/report\\/v4?s=u1GLCzPlOrLoXp8soGABR5Huthv4Cr5P9e4X2Txio449YSBWTh73e6oCIcX7dpzTpOFk429ys7iTk%2BSralSlnBOEiFwzwxxhlBo2BuqLfELEHtABeQUp2hK41PrHBjjV"}],"group":"cf-nel","max_age":604800}', 'NEL': '{"success_fraction":0,"report_to":"cf-nel","max_age":604800}', 'Server': 'cloudflare', 'CF-RAY': '89e8aba4d9fc59df-IAD', 'alt-svc': 'h3=":443"; ma=86400'} 
 body={"results":[{"gender":"female","name":{"title":"Mrs","first":"Paraskeviya","last":"Strileckiy"},"location":{"street":{"number":1801,"name":"Poznyakivska"},"city":"Pokrov","state":"Rivnenska","country":"Ukraine","postcode":25051,"coordinates":{"latitude":"76.8240","longitude":"42.7791"},"timezone":{"offset":"+6:00","description":"Almaty, Dhaka, Colombo"}},"email":"paraskeviya.strileckiy@example.com","login":{"uuid":"ad8c2bab-2a34-491b-acf6-e952b6b51d90","username":"happytiger640","password":"ziggy","salt":"PlrKeU6W","md5":"ae863502405d79213868878073aa7aba","sha1":"a30f6c0c95317e83d4d16b4c8a76d9173cd81809","sha256":"07ac4afe0fc7552cce048e87b8b6c83628d14191c44e0e312f864acd197a831e"},"dob":{"date":"1965-01-31T21:06:42.191Z","age":59},"registered":{"date":"2005-09-21T14:37:28.659Z","age":18},"phone":"(068) S30-8502","cell":"(096) H10-7508","id":{"name":"","value":null},"picture":{"large":"https://randomuser.me/api/portraits/women/67.jpg","medium":"https://randomuser.me/api/portraits/med/women/67.jpg","thumbnail":"https://randomuser.me/api/portraits/thumb/women/67.jpg"},"nat":"UA"}],"info":{"seed":"0e341b5ac44917fe","results":1,"page":1,"version":"1.4"}} 
 </msg>
<msg time="2024-07-05T16:18:21.652976" level="INFO">/opt/hostedtoolcache/Python/3.12.4/x64/lib/python3.12/site-packages/urllib3/connectionpool.py:1099: InsecureRequestWarning: Unverified HTTPS request is being made to host 'randomuser.me'. Adding certificate verification is strongly advised. See: https://urllib3.readthedocs.io/en/latest/advanced-usage.html#tls-warnings
  warnings.warn(</msg>
<msg time="2024-07-05T16:18:21.653123" level="INFO">${response} = &lt;Response [200]&gt;</msg>
<var>${response}</var>
<arg>consultarAPI</arg>
<arg>/api</arg>
<doc>Sends a GET request on a previously created HTTP Session.</doc>
<status status="PASS" start="2024-07-05T16:18:21.576120" elapsed="0.077052"/>
</kw>
<kw name="Set Variable" owner="BuiltIn">
<msg time="2024-07-05T16:18:21.654339" level="INFO">${json_data} = {'results': [{'gender': 'female', 'name': {'title': 'Mrs', 'first': 'Paraskeviya', 'last': 'Strileckiy'}, 'location': {'street': {'number': 1801, 'name': 'Poznyakivska'}, 'city': 'Pokrov', 'state': 'R...</msg>
<var>${json_data}</var>
<arg>${response.json()}</arg>
<doc>Returns the given values which can then be assigned to a variables.</doc>
<status status="PASS" start="2024-07-05T16:18:21.653776" elapsed="0.000595"/>
</kw>
<kw name="Log" owner="BuiltIn">
<msg time="2024-07-05T16:18:21.654842" level="INFO">{'results': [{'gender': 'female', 'name': {'title': 'Mrs', 'first': 'Paraskeviya', 'last': 'Strileckiy'}, 'location': {'street': {'number': 1801, 'name': 'Poznyakivska'}, 'city': 'Pokrov', 'state': 'Rivnenska', 'country': 'Ukraine', 'postcode': 25051, 'coordinates': {'latitude': '76.8240', 'longitude': '42.7791'}, 'timezone': {'offset': '+6:00', 'description': 'Almaty, Dhaka, Colombo'}}, 'email': 'paraskeviya.strileckiy@example.com', 'login': {'uuid': 'ad8c2bab-2a34-491b-acf6-e952b6b51d90', 'username': 'happytiger640', 'password': 'ziggy', 'salt': 'PlrKeU6W', 'md5': 'ae863502405d79213868878073aa7aba', 'sha1': 'a30f6c0c95317e83d4d16b4c8a76d9173cd81809', 'sha256': '07ac4afe0fc7552cce048e87b8b6c83628d14191c44e0e312f864acd197a831e'}, 'dob': {'date': '1965-01-31T21:06:42.191Z', 'age': 59}, 'registered': {'date': '2005-09-21T14:37:28.659Z', 'age': 18}, 'phone': '(068) S30-8502', 'cell': '(096) H10-7508', 'id': {'name': '', 'value': None}, 'picture': {'large': 'https://randomuser.me/api/portraits/women/67.jpg', 'medium': 'https://randomuser.me/api/portraits/med/women/67.jpg', 'thumbnail': 'https://randomuser.me/api/portraits/thumb/women/67.jpg'}, 'nat': 'UA'}], 'info': {'seed': '0e341b5ac44917fe', 'results': 1, 'page': 1, 'version': '1.4'}}</msg>
<arg>${json_data}</arg>
<doc>Logs the given message with the given level.</doc>
<status status="PASS" start="2024-07-05T16:18:21.654685" elapsed="0.000206"/>
</kw>
<kw name="Should Be String" owner="String">
<arg>${json_data['results'][0]['gender']}</arg>
<doc>Fails if the given ``item`` is not a string.</doc>
<status status="PASS" start="2024-07-05T16:18:21.655180" elapsed="0.000363"/>
</kw>
<kw name="Should Match Regexp" owner="BuiltIn">
<arg>${json_data['results'][0]['email']}</arg>
<arg>^[a-zA-Z0-9._%+-]+@[a-zA-Z0-9.-]+\.[a-zA-Z]{2,}$</arg>
<doc>Fails if ``string`` does not match ``pattern`` as a regular expression.</doc>
<status status="PASS" start="2024-07-05T16:18:21.655731" elapsed="0.000556"/>
</kw>
<kw name="Should Match Regexp" owner="BuiltIn">
<arg>${json_data['results'][0]['dob']['date']}</arg>
<arg>\\d{4}-\\d{2}-\\d{2}T\\d{2}:\\d{2}:\\d{2}\\.\\d{3}Z</arg>
<doc>Fails if ``string`` does not match ``pattern`` as a regular expression.</doc>
<status status="PASS" start="2024-07-05T16:18:21.656530" elapsed="0.000493"/>
</kw>
<kw name="Should Match Regexp" owner="BuiltIn">
<arg>${json_data['results'][0]['registered']['date']}</arg>
<arg>\\d{4}-\\d{2}-\\d{2}T\\d{2}:\\d{2}:\\d{2}\\.\\d{3}Z</arg>
<doc>Fails if ``string`` does not match ``pattern`` as a regular expression.</doc>
<status status="PASS" start="2024-07-05T16:18:21.657213" elapsed="0.000379"/>
</kw>
<kw name="Should Match Regexp" owner="BuiltIn">
<arg>${json_data['results'][0]['picture']['large']}</arg>
<arg>^https?://.*\.(?:png|jpe?g|gif|bmp)$</arg>
<doc>Fails if ``string`` does not match ``pattern`` as a regular expression.</doc>
<status status="PASS" start="2024-07-05T16:18:21.657775" elapsed="0.000453"/>
</kw>
<kw name="Should Match Regexp" owner="BuiltIn">
<arg>${json_data['results'][0]['picture']['medium']}</arg>
<arg>^https?://.*\.(?:png|jpe?g|gif|bmp)$</arg>
<doc>Fails if ``string`` does not match ``pattern`` as a regular expression.</doc>
<status status="PASS" start="2024-07-05T16:18:21.658413" elapsed="0.000347"/>
</kw>
<kw name="Should Match Regexp" owner="BuiltIn">
<arg>${json_data['results'][0]['picture']['thumbnail']}</arg>
<arg>^https?://.*\.(?:png|jpe?g|gif|bmp)$</arg>
<doc>Fails if ``string`` does not match ``pattern`` as a regular expression.</doc>
<status status="PASS" start="2024-07-05T16:18:21.658942" elapsed="0.000346"/>
</kw>
<kw name="Log" owner="BuiltIn">
<msg time="2024-07-05T16:18:21.659796" level="INFO">{'large': 'https://randomuser.me/api/portraits/women/67.jpg', 'medium': 'https://randomuser.me/api/portraits/med/women/67.jpg', 'thumbnail': 'https://randomuser.me/api/portraits/thumb/women/67.jpg'}</msg>
<arg>${json_data['results'][0]['picture']}</arg>
<doc>Logs the given message with the given level.</doc>
<status status="PASS" start="2024-07-05T16:18:21.659466" elapsed="0.000374"/>
</kw>
<status status="PASS" start="2024-07-05T16:18:21.575865" elapsed="0.084257"/>
</kw>
<kw name="Teste de Tipos de Dados - Postcode" owner="random-user-service">
<kw name="GET On Session" owner="RequestsLibrary">
<msg time="2024-07-05T16:18:21.754059" level="INFO">GET Request : url=https://randomuser.me/api 
 path_url=/api 
 headers={'User-Agent': 'python-requests/2.32.3', 'Accept-Encoding': 'gzip, deflate', 'Accept': '*/*', 'Connection': 'keep-alive'} 
 body=None 
 </msg>
<msg time="2024-07-05T16:18:21.754152" level="INFO">GET Response : url=https://randomuser.me/api 
 status=200, reason=OK 
 headers={'Date': 'Fri, 05 Jul 2024 16:18:21 GMT', 'Content-Type': 'application/json; charset=utf-8', 'Transfer-Encoding': 'chunked', 'Connection': 'keep-alive', 'X-Powered-By': 'Express', 'Access-Control-Allow-Origin': '*', 'Cache-Control': 'no-cache', 'ETag': 'W/"490-ncbJs9d5dd808lg/08cqDdskdx8"', 'Vary': 'Accept-Encoding', 'Content-Encoding': 'gzip', 'CF-Cache-Status': 'DYNAMIC', 'Report-To': '{"endpoints":[{"url":"https:\\/\\/a.nel.cloudflare.com\\/report\\/v4?s=EqliIVAmMI3TsFj9urYyMSLNLU78DLkKy3t%2FMs2pBsIpL4qzDtFmxkob0kNDju%2FvXNcQk7EIRJPpi56BBADNrON77KFZtqjjDQyL6TC9tJP%2FJzKYNKBU9TymHFElnD5%2B"}],"group":"cf-nel","max_age":604800}', 'NEL': '{"success_fraction":0,"report_to":"cf-nel","max_age":604800}', 'Server': 'cloudflare', 'CF-RAY': '89e8aba56a5359df-IAD', 'alt-svc': 'h3=":443"; ma=86400'} 
 body={"results":[{"gender":"male","name":{"title":"Mr","first":"Roope","last":"Koski"},"location":{"street":{"number":8882,"name":"Myllypuronkatu"},"city":"Haukipudas","state":"Åland","country":"Finland","postcode":85337,"coordinates":{"latitude":"-23.6819","longitude":"-134.6348"},"timezone":{"offset":"+10:00","description":"Eastern Australia, Guam, Vladivostok"}},"email":"roope.koski@example.com","login":{"uuid":"c5fe71fd-7cac-4e3b-8171-6a993759d200","username":"heavycat469","password":"baron","salt":"CYNU6oSX","md5":"f81b8591a776faffa72b347239e2985b","sha1":"3b639d3c40887f369945639c6c7d359811de3a22","sha256":"c70e74b98c507dc81c85cbacd8e8fcfb35af16bc78ddb371342177fec09f8bcc"},"dob":{"date":"1981-12-10T06:46:19.603Z","age":42},"registered":{"date":"2014-06-30T05:29:05.167Z","age":10},"phone":"03-435-810","cell":"040-026-04-83","id":{"name":"HETU","value":"NaNNA509undefined"},"picture":{"large":"https://randomuser.me/api/portraits/men/57.jpg","medium":"https://randomuser.me/api/portraits/med/men/57.jpg","thumbnail":"https://randomuser.me/api/portraits/thumb/men/57.jpg"},"nat":"FI"}],"info":{"seed":"be0257839bce8a0b","results":1,"page":1,"version":"1.4"}} 
 </msg>
<msg time="2024-07-05T16:18:21.754232" level="INFO">/opt/hostedtoolcache/Python/3.12.4/x64/lib/python3.12/site-packages/urllib3/connectionpool.py:1099: InsecureRequestWarning: Unverified HTTPS request is being made to host 'randomuser.me'. Adding certificate verification is strongly advised. See: https://urllib3.readthedocs.io/en/latest/advanced-usage.html#tls-warnings
  warnings.warn(</msg>
<msg time="2024-07-05T16:18:21.754359" level="INFO">${response} = &lt;Response [200]&gt;</msg>
<var>${response}</var>
<arg>consultarAPI</arg>
<arg>/api</arg>
<doc>Sends a GET request on a previously created HTTP Session.</doc>
<status status="PASS" start="2024-07-05T16:18:21.660586" elapsed="0.093824"/>
</kw>
<kw name="Set Variable" owner="BuiltIn">
<msg time="2024-07-05T16:18:21.755577" level="INFO">${json_data} = {'results': [{'gender': 'male', 'name': {'title': 'Mr', 'first': 'Roope', 'last': 'Koski'}, 'location': {'street': {'number': 8882, 'name': 'Myllypuronkatu'}, 'city': 'Haukipudas', 'state': 'Åland', '...</msg>
<var>${json_data}</var>
<arg>${response.json()}</arg>
<doc>Returns the given values which can then be assigned to a variables.</doc>
<status status="PASS" start="2024-07-05T16:18:21.754982" elapsed="0.000625"/>
</kw>
<kw name="Log" owner="BuiltIn">
<msg time="2024-07-05T16:18:21.756109" level="INFO">{'results': [{'gender': 'male', 'name': {'title': 'Mr', 'first': 'Roope', 'last': 'Koski'}, 'location': {'street': {'number': 8882, 'name': 'Myllypuronkatu'}, 'city': 'Haukipudas', 'state': 'Åland', 'country': 'Finland', 'postcode': 85337, 'coordinates': {'latitude': '-23.6819', 'longitude': '-134.6348'}, 'timezone': {'offset': '+10:00', 'description': 'Eastern Australia, Guam, Vladivostok'}}, 'email': 'roope.koski@example.com', 'login': {'uuid': 'c5fe71fd-7cac-4e3b-8171-6a993759d200', 'username': 'heavycat469', 'password': 'baron', 'salt': 'CYNU6oSX', 'md5': 'f81b8591a776faffa72b347239e2985b', 'sha1': '3b639d3c40887f369945639c6c7d359811de3a22', 'sha256': 'c70e74b98c507dc81c85cbacd8e8fcfb35af16bc78ddb371342177fec09f8bcc'}, 'dob': {'date': '1981-12-10T06:46:19.603Z', 'age': 42}, 'registered': {'date': '2014-06-30T05:29:05.167Z', 'age': 10}, 'phone': '03-435-810', 'cell': '040-026-04-83', 'id': {'name': 'HETU', 'value': 'NaNNA509undefined'}, 'picture': {'large': 'https://randomuser.me/api/portraits/men/57.jpg', 'medium': 'https://randomuser.me/api/portraits/med/men/57.jpg', 'thumbnail': 'https://randomuser.me/api/portraits/thumb/men/57.jpg'}, 'nat': 'FI'}], 'info': {'seed': 'be0257839bce8a0b', 'results': 1, 'page': 1, 'version': '1.4'}}</msg>
<arg>${json_data}</arg>
<doc>Logs the given message with the given level.</doc>
<status status="PASS" start="2024-07-05T16:18:21.755916" elapsed="0.000249"/>
</kw>
<kw name="Should Be Equal As Numbers" owner="BuiltIn">
<arg>${json_data['results'][0]['location']['postcode']}</arg>
<arg>${json_data['results'][0]['location']['postcode']}</arg>
<doc>Fails if objects are unequal after converting them to real numbers.</doc>
<status status="PASS" start="2024-07-05T16:18:21.756470" elapsed="0.000634"/>
</kw>
<kw name="Log" owner="BuiltIn">
<msg time="2024-07-05T16:18:21.757946" level="INFO">85337</msg>
<arg>${json_data['results'][0]['location']['postcode']}</arg>
<doc>Logs the given message with the given level.</doc>
<status status="PASS" start="2024-07-05T16:18:21.757349" elapsed="0.000642"/>
</kw>
<status status="PASS" start="2024-07-05T16:18:21.660357" elapsed="0.097896"/>
</kw>
<doc>Testa se os tipos de dados na resposta da API estão corretos.</doc>
<tag>testeTiposDados</tag>
<status status="PASS" start="2024-07-05T16:18:21.575413" elapsed="0.183068"/>
</test>
<test id="s1-s1-t5" name="Validar conteudo" line="35">
<kw name="Teste de Tipos de Conteudo" owner="random-user-service">
<kw name="GET On Session" owner="RequestsLibrary">
<msg time="2024-07-05T16:18:21.879601" level="INFO">GET Request : url=https://randomuser.me/api 
 path_url=/api 
 headers={'User-Agent': 'python-requests/2.32.3', 'Accept-Encoding': 'gzip, deflate', 'Accept': '*/*', 'Connection': 'keep-alive'} 
 body=None 
 </msg>
<msg time="2024-07-05T16:18:21.879705" level="INFO">GET Response : url=https://randomuser.me/api 
 status=200, reason=OK 
 headers={'Date': 'Fri, 05 Jul 2024 16:18:21 GMT', 'Content-Type': 'application/json; charset=utf-8', 'Transfer-Encoding': 'chunked', 'Connection': 'keep-alive', 'X-Powered-By': 'Express', 'Access-Control-Allow-Origin': '*', 'Cache-Control': 'no-cache', 'ETag': 'W/"483-eOf8qql65AancJX7a0tORu8eWSw"', 'Vary': 'Accept-Encoding', 'Content-Encoding': 'gzip', 'CF-Cache-Status': 'DYNAMIC', 'Report-To': '{"endpoints":[{"url":"https:\\/\\/a.nel.cloudflare.com\\/report\\/v4?s=bxG9Kw0xEydzr6JCN6PB4m8XkDMNOGDRiWa%2BBHFjBM%2Bgc2MqbhvRS4%2FvEGQ7pia7ZExj6VLVoQwYuP32xiZ%2B8%2FtjMon%2BZwhE7JRQvvkn924LKf3tExMdlv1ZOhl2Lr4A"}],"group":"cf-nel","max_age":604800}', 'NEL': '{"success_fraction":0,"report_to":"cf-nel","max_age":604800}', 'Server': 'cloudflare', 'CF-RAY': '89e8aba60ac759df-IAD', 'alt-svc': 'h3=":443"; ma=86400'} 
 body={"results":[{"gender":"male","name":{"title":"Mr","first":"Vedat","last":"Aykaç"},"location":{"street":{"number":979,"name":"Atatürk Sk"},"city":"Çankırı","state":"Batman","country":"Turkey","postcode":64873,"coordinates":{"latitude":"67.3595","longitude":"-106.4357"},"timezone":{"offset":"-4:00","description":"Atlantic Time (Canada), Caracas, La Paz"}},"email":"vedat.aykac@example.com","login":{"uuid":"f24103e9-628b-41b0-91d2-b2aae6652abe","username":"ticklishcat742","password":"artemis","salt":"xkGSdSdw","md5":"7a455dfdeb3dc522f847102d0be702fa","sha1":"1e4e04f91a116c3cdd3e3a69ffe8c328e009997f","sha256":"e1e2fb9bd05ddc5fcbaf36d454151a419069e973cc974ce8bfc12cb5a33fa27f"},"dob":{"date":"1952-09-26T12:06:55.997Z","age":71},"registered":{"date":"2016-01-08T10:33:57.086Z","age":8},"phone":"(933)-316-7981","cell":"(584)-377-4139","id":{"name":"","value":null},"picture":{"large":"https://randomuser.me/api/portraits/men/67.jpg","medium":"https://randomuser.me/api/portraits/med/men/67.jpg","thumbnail":"https://randomuser.me/api/portraits/thumb/men/67.jpg"},"nat":"TR"}],"info":{"seed":"e36904574ccfcbdf","results":1,"page":1,"version":"1.4"}} 
 </msg>
<msg time="2024-07-05T16:18:21.879789" level="INFO">/opt/hostedtoolcache/Python/3.12.4/x64/lib/python3.12/site-packages/urllib3/connectionpool.py:1099: InsecureRequestWarning: Unverified HTTPS request is being made to host 'randomuser.me'. Adding certificate verification is strongly advised. See: https://urllib3.readthedocs.io/en/latest/advanced-usage.html#tls-warnings
  warnings.warn(</msg>
<msg time="2024-07-05T16:18:21.879913" level="INFO">${response} = &lt;Response [200]&gt;</msg>
<var>${response}</var>
<arg>consultarAPI</arg>
<arg>/api</arg>
<doc>Sends a GET request on a previously created HTTP Session.</doc>
<status status="PASS" start="2024-07-05T16:18:21.761024" elapsed="0.118925"/>
</kw>
<kw name="Set Variable" owner="BuiltIn">
<msg time="2024-07-05T16:18:21.881126" level="INFO">${json_data} = {'results': [{'gender': 'male', 'name': {'title': 'Mr', 'first': 'Vedat', 'last': 'Aykaç'}, 'location': {'street': {'number': 979, 'name': 'Atatürk Sk'}, 'city': 'Çankırı', 'state': 'Batman', 'country...</msg>
<var>${json_data}</var>
<arg>${response.json()}</arg>
<doc>Returns the given values which can then be assigned to a variables.</doc>
<status status="PASS" start="2024-07-05T16:18:21.880554" elapsed="0.000604"/>
</kw>
<kw name="Set Variable" owner="BuiltIn">
<msg time="2024-07-05T16:18:21.881845" level="INFO">${name_title} = Mr</msg>
<var>${name_title}</var>
<arg>${json_data["results"][0]["name"]["title"]}</arg>
<doc>Returns the given values which can then be assigned to a variables.</doc>
<status status="PASS" start="2024-07-05T16:18:21.881467" elapsed="0.000404"/>
</kw>
<kw name="Create List" owner="BuiltIn">
<msg time="2024-07-05T16:18:21.882313" level="INFO">${allowed_titles} = ['Mr', 'Ms', 'Miss', 'Mrs', 'Madame', 'Monsieur']</msg>
<var>${allowed_titles}</var>
<arg>Mr</arg>
<arg>Ms</arg>
<arg>Miss</arg>
<arg>Mrs</arg>
<arg>Madame</arg>
<arg>Monsieur</arg>
<doc>Returns a list containing given items.</doc>
<status status="PASS" start="2024-07-05T16:18:21.882168" elapsed="0.000169"/>
</kw>
<kw name="List Should Contain Value" owner="Collections">
<arg>${allowed_titles}</arg>
<arg>${name_title}</arg>
<doc>Fails if the ``value`` is not found from ``list``.</doc>
<status status="PASS" start="2024-07-05T16:18:21.882633" elapsed="0.000179"/>
</kw>
<kw name="Set Variable" owner="BuiltIn">
<msg time="2024-07-05T16:18:21.883363" level="INFO">${name_country} = TR</msg>
<var>${name_country}</var>
<arg>${json_data["results"][0]["nat"]}</arg>
<doc>Returns the given values which can then be assigned to a variables.</doc>
<status status="PASS" start="2024-07-05T16:18:21.882990" elapsed="0.000409"/>
</kw>
<kw name="Create List" owner="BuiltIn">
<msg time="2024-07-05T16:18:21.884325" level="INFO">${list_country} = ['AD', 'AE', 'AF', 'AG', 'AI', 'AL', 'AM', 'AO', 'AQ', 'AR', 'AS', 'AT', 'AU', 'AW', 'AX', 'AZ', 'BA', 'BB', 'BD', 'BE', 'BF', 'BG', 'BH', 'BI', 'BJ', 'BL', 'BM', 'BN', 'BO', 'BQ', 'BR', 'BS', 'BT', '...</msg>
<var>${list_country}</var>
<arg>AD</arg>
<arg>AE</arg>
<arg>AF</arg>
<arg>AG</arg>
<arg>AI</arg>
<arg>AL</arg>
<arg>AM</arg>
<arg>AO</arg>
<arg>AQ</arg>
<arg>AR</arg>
<arg>AS</arg>
<arg>AT</arg>
<arg>AU</arg>
<arg>AW</arg>
<arg>AX</arg>
<arg>AZ</arg>
<arg>BA</arg>
<arg>BB</arg>
<arg>BD</arg>
<arg>BE</arg>
<arg>BF</arg>
<arg>BG</arg>
<arg>BH</arg>
<arg>BI</arg>
<arg>BJ</arg>
<arg>BL</arg>
<arg>BM</arg>
<arg>BN</arg>
<arg>BO</arg>
<arg>BQ</arg>
<arg>BR</arg>
<arg>BS</arg>
<arg>BT</arg>
<arg>BV</arg>
<arg>BW</arg>
<arg>BY</arg>
<arg>BZ</arg>
<arg>CA</arg>
<arg>CC</arg>
<arg>CD</arg>
<arg>CF</arg>
<arg>CG</arg>
<arg>CH</arg>
<arg>CI</arg>
<arg>CK</arg>
<arg>CL</arg>
<arg>CM</arg>
<arg>CN</arg>
<arg>CO</arg>
<arg>CR</arg>
<arg>CU</arg>
<arg>CV</arg>
<arg>CW</arg>
<arg>CX</arg>
<arg>CY</arg>
<arg>CZ</arg>
<arg>DE</arg>
<arg>DJ</arg>
<arg>DK</arg>
<arg>DM</arg>
<arg>DO</arg>
<arg>DZ</arg>
<arg>EC</arg>
<arg>EE</arg>
<arg>EG</arg>
<arg>EH</arg>
<arg>ER</arg>
<arg>ES</arg>
<arg>ET</arg>
<arg>FI</arg>
<arg>FJ</arg>
<arg>FK</arg>
<arg>FM</arg>
<arg>FO</arg>
<arg>FR</arg>
<arg>GA</arg>
<arg>GB</arg>
<arg>GD</arg>
<arg>GE</arg>
<arg>GF</arg>
<arg>GG</arg>
<arg>GH</arg>
<arg>GI</arg>
<arg>GL</arg>
<arg>GM</arg>
<arg>GN</arg>
<arg>GP</arg>
<arg>GQ</arg>
<arg>GR</arg>
<arg>GS</arg>
<arg>GT</arg>
<arg>GU</arg>
<arg>GW</arg>
<arg>GY</arg>
<arg>HK</arg>
<arg>HM</arg>
<arg>HN</arg>
<arg>HR</arg>
<arg>HT</arg>
<arg>HU</arg>
<arg>ID</arg>
<arg>IE</arg>
<arg>IL</arg>
<arg>IM</arg>
<arg>IN</arg>
<arg>IO</arg>
<arg>IQ</arg>
<arg>IR</arg>
<arg>IS</arg>
<arg>IT</arg>
<arg>JE</arg>
<arg>JM</arg>
<arg>JO</arg>
<arg>JP</arg>
<arg>KE</arg>
<arg>KG</arg>
<arg>KH</arg>
<arg>KI</arg>
<arg>KM</arg>
<arg>KN</arg>
<arg>KP</arg>
<arg>KR</arg>
<arg>KW</arg>
<arg>KY</arg>
<arg>KZ</arg>
<arg>LA</arg>
<arg>LB</arg>
<arg>LC</arg>
<arg>LI</arg>
<arg>LK</arg>
<arg>LR</arg>
<arg>LS</arg>
<arg>LT</arg>
<arg>LU</arg>
<arg>LV</arg>
<arg>LY</arg>
<arg>MA</arg>
<arg>MC</arg>
<arg>MD</arg>
<arg>ME</arg>
<arg>MF</arg>
<arg>MG</arg>
<arg>MH</arg>
<arg>MK</arg>
<arg>ML</arg>
<arg>MM</arg>
<arg>MN</arg>
<arg>MO</arg>
<arg>MP</arg>
<arg>MQ</arg>
<arg>MR</arg>
<arg>MS</arg>
<arg>MT</arg>
<arg>MU</arg>
<arg>MV</arg>
<arg>MW</arg>
<arg>MX</arg>
<arg>MY</arg>
<arg>MZ</arg>
<arg>NA</arg>
<arg>NC</arg>
<arg>NE</arg>
<arg>NF</arg>
<arg>NG</arg>
<arg>NI</arg>
<arg>NL</arg>
<arg>NO</arg>
<arg>NP</arg>
<arg>NR</arg>
<arg>NU</arg>
<arg>NZ</arg>
<arg>OM</arg>
<arg>PA</arg>
<arg>PE</arg>
<arg>PF</arg>
<arg>PG</arg>
<arg>PH</arg>
<arg>PK</arg>
<arg>PL</arg>
<arg>PM</arg>
<arg>PN</arg>
<arg>PR</arg>
<arg>PS</arg>
<arg>PT</arg>
<arg>PW</arg>
<arg>PY</arg>
<arg>QA</arg>
<arg>RE</arg>
<arg>RO</arg>
<arg>RS</arg>
<arg>RU</arg>
<arg>RW</arg>
<arg>SA</arg>
<arg>SB</arg>
<arg>SC</arg>
<arg>SD</arg>
<arg>SE</arg>
<arg>SG</arg>
<arg>SH</arg>
<arg>SI</arg>
<arg>SJ</arg>
<arg>SK</arg>
<arg>SL</arg>
<arg>SM</arg>
<arg>SN</arg>
<arg>SO</arg>
<arg>SR</arg>
<arg>SS</arg>
<arg>ST</arg>
<arg>SV</arg>
<arg>SX</arg>
<arg>SY</arg>
<arg>SZ</arg>
<arg>TC</arg>
<arg>TD</arg>
<arg>TF</arg>
<arg>TG</arg>
<arg>TH</arg>
<arg>TJ</arg>
<arg>TK</arg>
<arg>TL</arg>
<arg>TM</arg>
<arg>TN</arg>
<arg>TO</arg>
<arg>TR</arg>
<arg>TT</arg>
<arg>TV</arg>
<arg>TW</arg>
<arg>TZ</arg>
<arg>UA</arg>
<arg>UG</arg>
<arg>UM</arg>
<arg>US</arg>
<arg>UY</arg>
<arg>UZ</arg>
<arg>VA</arg>
<arg>VC</arg>
<arg>VE</arg>
<arg>VG</arg>
<arg>VI</arg>
<arg>VN</arg>
<arg>VU</arg>
<arg>WF</arg>
<arg>WS</arg>
<arg>XK</arg>
<arg>YE</arg>
<arg>YT</arg>
<arg>ZA</arg>
<arg>ZM</arg>
<arg>ZW</arg>
<doc>Returns a list containing given items.</doc>
<status status="PASS" start="2024-07-05T16:18:21.883701" elapsed="0.000651"/>
</kw>
<kw name="List Should Contain Value" owner="Collections">
<arg>${list_country}</arg>
<arg>${name_country}</arg>
<doc>Fails if the ``value`` is not found from ``list``.</doc>
<status status="PASS" start="2024-07-05T16:18:21.885198" elapsed="0.000204"/>
</kw>
<kw name="Run Keyword If" owner="BuiltIn">
<kw name="Should Be True" owner="BuiltIn">
<arg>${True}</arg>
<doc>Fails if the given condition is not true.</doc>
<status status="PASS" start="2024-07-05T16:18:21.886323" elapsed="0.000140"/>
</kw>
<arg>${json_data["results"][0]["location"]["coordinates"]["latitude"]} &gt;= -90 and ${json_data["results"][0]["location"]["coordinates"]["latitude"]} &lt;= 90</arg>
<arg>Should Be True</arg>
<arg>${True}</arg>
<doc>Runs the given keyword with the given arguments, if ``condition`` is true.</doc>
<status status="PASS" start="2024-07-05T16:18:21.885593" elapsed="0.000994"/>
</kw>
<kw name="Run Keyword If" owner="BuiltIn">
<kw name="Should Be True" owner="BuiltIn">
<arg>${True}</arg>
<doc>Fails if the given condition is not true.</doc>
<status status="PASS" start="2024-07-05T16:18:21.887444" elapsed="0.000237"/>
</kw>
<arg>${json_data["results"][0]["location"]["coordinates"]["longitude"]} &gt;= -180 and ${json_data["results"][0]["location"]["coordinates"]["longitude"]} &lt;= 180</arg>
<arg>Should Be True</arg>
<arg>${True}</arg>
<doc>Runs the given keyword with the given arguments, if ``condition`` is true.</doc>
<status status="PASS" start="2024-07-05T16:18:21.886763" elapsed="0.001045"/>
</kw>
<status status="PASS" start="2024-07-05T16:18:21.760807" elapsed="0.127133"/>
</kw>
<doc>Testa o conteúdo específico dos campos retornados pela API.</doc>
<tag>testeConteudo</tag>
<status status="PASS" start="2024-07-05T16:18:21.760287" elapsed="0.127831"/>
</test>
<status status="PASS" start="2024-07-05T16:18:20.900719" elapsed="0.989403"/>
</suite>
<status status="PASS" start="2024-07-05T16:18:20.885640" elapsed="1.009486"/>
</suite>
<statistics>
<total>
<stat pass="5" fail="0" skip="0">All Tests</stat>
</total>
<tag>
<stat pass="1" fail="0" skip="0">testeConteudo</stat>
<stat pass="1" fail="0" skip="0">testeEstruturaResposta</stat>
<stat pass="1" fail="0" skip="0">testeRequisicaoBasica</stat>
<stat pass="1" fail="0" skip="0">testeTiposDados</stat>
</tag>
<suite>
<stat pass="5" fail="0" skip="0" id="s1" name="Tests">Tests</stat>
<stat pass="5" fail="0" skip="0" id="s1-s1" name="Random-User-Test">Tests.Random-User-Test</stat>
</suite>
</statistics>
<errors>
</errors>
</robot>
