<?xml version="1.0" encoding="UTF-8"?>
<robot generator="Robot 7.0.1 (Python 3.12.4 on linux)" generated="2024-07-25T07:16:15.719046" rpa="false" schemaversion="5">
<suite id="s1" name="Tests" source="/home/runner/work/ApiRandomUser/ApiRandomUser/RamdonUser/tests">
<suite id="s1-s1" name="Random-User-Test" source="/home/runner/work/ApiRandomUser/ApiRandomUser/RamdonUser/tests/random-user-test.robot">
<test id="s1-s1-t1" name="Conectar" line="13">
<kw name="Conectar API" owner="random-user-service">
<kw name="Create Session" owner="RequestsLibrary">
<msg time="2024-07-25T07:16:16.112868" level="INFO">Creating Session using : alias=consultarAPI, url=https://randomuser.me/, headers={},                     cookies={}, auth=None, timeout=None, proxies=None, verify=False,                     debug=0 </msg>
<arg>consultarAPI</arg>
<arg>${URL}</arg>
<doc>Create Session: create a HTTP session to a server</doc>
<status status="PASS" start="2024-07-25T07:16:16.112678" elapsed="0.000362"/>
</kw>
<status status="PASS" start="2024-07-25T07:16:16.111702" elapsed="0.001701"/>
</kw>
<status status="PASS" start="2024-07-25T07:16:16.111146" elapsed="0.002460"/>
</test>
<test id="s1-s1-t2" name="Validar retorno 200 e JSON Válido" line="16">
<kw name="Teste de Requisicao Basica" owner="random-user-service">
<kw name="GET On Session" owner="RequestsLibrary">
<msg time="2024-07-25T07:16:16.468051" level="INFO">GET Request : url=https://randomuser.me/api 
 path_url=/api 
 headers={'User-Agent': 'python-requests/2.32.3', 'Accept-Encoding': 'gzip, deflate', 'Accept': '*/*', 'Connection': 'keep-alive'} 
 body=None 
 </msg>
<msg time="2024-07-25T07:16:16.468160" level="INFO">GET Response : url=https://randomuser.me/api 
 status=200, reason=OK 
 headers={'Date': 'Thu, 25 Jul 2024 07:16:16 GMT', 'Content-Type': 'application/json; charset=utf-8', 'Transfer-Encoding': 'chunked', 'Connection': 'keep-alive', 'X-Powered-By': 'Express', 'Access-Control-Allow-Origin': '*', 'Cache-Control': 'no-cache', 'ETag': 'W/"498-jIFam7Klxg8jE2KXXsBajNFfUXE"', 'Vary': 'Accept-Encoding', 'Content-Encoding': 'gzip', 'CF-Cache-Status': 'DYNAMIC', 'Report-To': '{"endpoints":[{"url":"https:\\/\\/a.nel.cloudflare.com\\/report\\/v4?s=EGmm8gvEyV2K%2F%2F8zb4v2pxoouWjpZpo%2FtQhLH1xpdwADPpIYn3WZo1Bs6hGk9Z3bu0vt1oF9z%2FF8PrUF3YGeri4F8EGrH0jdy4AIrJyu3LYaxWf6OZxHUHkooSeylJu6"}],"group":"cf-nel","max_age":604800}', 'NEL': '{"success_fraction":0,"report_to":"cf-nel","max_age":604800}', 'Server': 'cloudflare', 'CF-RAY': '8a8a5d10fd88e25e-ORD', 'alt-svc': 'h3=":443"; ma=86400'} 
 body={"results":[{"gender":"female","name":{"title":"Mrs","first":"June","last":"Hale"},"location":{"street":{"number":2499,"name":"Mockingbird Ln"},"city":"Brisbane","state":"Northern Territory","country":"Australia","postcode":8769,"coordinates":{"latitude":"-81.9701","longitude":"145.7868"},"timezone":{"offset":"+8:00","description":"Beijing, Perth, Singapore, Hong Kong"}},"email":"june.hale@example.com","login":{"uuid":"85ad3834-4543-4e0a-81df-f27f9588e9a3","username":"yellowzebra224","password":"small","salt":"tro4bNGd","md5":"b3cb48193122ab6d6178ee91ca96dcc5","sha1":"e7aab6f1222cdc94e9b5db4dc52920fcad1ad562","sha256":"d8857c79af16ff7041f36f1edfda7d7c53605830aa07416420da8de95c72b2c2"},"dob":{"date":"1971-07-14T05:19:13.136Z","age":53},"registered":{"date":"2022-04-24T11:15:51.501Z","age":2},"phone":"03-5596-6256","cell":"0448-583-977","id":{"name":"TFN","value":"715387812"},"picture":{"large":"https://randomuser.me/api/portraits/women/54.jpg","medium":"https://randomuser.me/api/portraits/med/women/54.jpg","thumbnail":"https://randomuser.me/api/portraits/thumb/women/54.jpg"},"nat":"AU"}],"info":{"seed":"ea8f07bda459d173","results":1,"page":1,"version":"1.4"}} 
 </msg>
<msg time="2024-07-25T07:16:16.468229" level="INFO">/opt/hostedtoolcache/Python/3.12.4/x64/lib/python3.12/site-packages/urllib3/connectionpool.py:1099: InsecureRequestWarning: Unverified HTTPS request is being made to host 'randomuser.me'. Adding certificate verification is strongly advised. See: https://urllib3.readthedocs.io/en/latest/advanced-usage.html#tls-warnings
  warnings.warn(</msg>
<msg time="2024-07-25T07:16:16.468353" level="INFO">${response} = &lt;Response [200]&gt;</msg>
<var>${response}</var>
<arg>consultarAPI</arg>
<arg>/api</arg>
<doc>Sends a GET request on a previously created HTTP Session.</doc>
<status status="PASS" start="2024-07-25T07:16:16.116201" elapsed="0.352193"/>
</kw>
<kw name="Should Be Equal As Numbers" owner="BuiltIn">
<msg time="2024-07-25T07:16:16.469200" level="INFO">Argument types are:
&lt;class 'int'&gt;
&lt;class 'str'&gt;</msg>
<arg>${response.status_code}</arg>
<arg>200</arg>
<doc>Fails if objects are unequal after converting them to real numbers.</doc>
<status status="PASS" start="2024-07-25T07:16:16.468796" elapsed="0.000467"/>
</kw>
<kw name="Log" owner="BuiltIn">
<msg time="2024-07-25T07:16:16.469959" level="INFO">200</msg>
<arg>${response.status_code}</arg>
<doc>Logs the given message with the given level.</doc>
<status status="PASS" start="2024-07-25T07:16:16.469611" elapsed="0.000389"/>
</kw>
<kw name="Set Variable" owner="BuiltIn">
<msg time="2024-07-25T07:16:16.470726" level="INFO">${json_data} = {'results': [{'gender': 'female', 'name': {'title': 'Mrs', 'first': 'June', 'last': 'Hale'}, 'location': {'street': {'number': 2499, 'name': 'Mockingbird Ln'}, 'city': 'Brisbane', 'state': 'Northern T...</msg>
<var>${json_data}</var>
<arg>${response.json()}</arg>
<doc>Returns the given values which can then be assigned to a variables.</doc>
<status status="PASS" start="2024-07-25T07:16:16.470301" elapsed="0.000454"/>
</kw>
<kw name="Dictionary Should Contain Key" owner="Collections">
<arg>${json_data}</arg>
<arg>results</arg>
<doc>Fails if ``key`` is not found from ``dictionary``.</doc>
<status status="PASS" start="2024-07-25T07:16:16.471059" elapsed="0.000294"/>
</kw>
<status status="PASS" start="2024-07-25T07:16:16.115959" elapsed="0.355542"/>
</kw>
<doc>Testa se a API responde corretamente e retorna um objeto JSON válido.</doc>
<tag>testeRequisicaoBasica</tag>
<status status="PASS" start="2024-07-25T07:16:16.115449" elapsed="0.356211"/>
</test>
<test id="s1-s1-t3" name="Validar estrutura de resposta" line="22">
<kw name="Teste de Estrutura de Resposta" owner="random-user-service">
<kw name="GET On Session" owner="RequestsLibrary">
<msg time="2024-07-25T07:16:16.624294" level="INFO">GET Request : url=https://randomuser.me/api 
 path_url=/api 
 headers={'User-Agent': 'python-requests/2.32.3', 'Accept-Encoding': 'gzip, deflate', 'Accept': '*/*', 'Connection': 'keep-alive'} 
 body=None 
 </msg>
<msg time="2024-07-25T07:16:16.624380" level="INFO">GET Response : url=https://randomuser.me/api 
 status=200, reason=OK 
 headers={'Date': 'Thu, 25 Jul 2024 07:16:16 GMT', 'Content-Type': 'application/json; charset=utf-8', 'Transfer-Encoding': 'chunked', 'Connection': 'keep-alive', 'X-Powered-By': 'Express', 'Access-Control-Allow-Origin': '*', 'Cache-Control': 'no-cache', 'ETag': 'W/"47f-IPSgDC52pyt3ATyBblP/PoMvfFM"', 'Vary': 'Accept-Encoding', 'Content-Encoding': 'gzip', 'CF-Cache-Status': 'DYNAMIC', 'Report-To': '{"endpoints":[{"url":"https:\\/\\/a.nel.cloudflare.com\\/report\\/v4?s=xmVfBKdRn0y5R0X1y4Wj8ZBu9uGjOd2Xghocm5pZjQYXFJdSOe9ryprPoXWT3lv1BHho%2B4kpjsZUIKpiRIfJ%2BX5LVbtCSZ%2FwMMWktZ71MMNHjjTIFIhUvUtqs6OfJqrt"}],"group":"cf-nel","max_age":604800}', 'NEL': '{"success_fraction":0,"report_to":"cf-nel","max_age":604800}', 'Server': 'cloudflare', 'CF-RAY': '8a8a5d12ff22e25e-ORD', 'alt-svc': 'h3=":443"; ma=86400'} 
 body={"results":[{"gender":"male","name":{"title":"Mr","first":"Özkan","last":"Tüzün"},"location":{"street":{"number":4109,"name":"Istiklal Cd"},"city":"Erzincan","state":"Yozgat","country":"Turkey","postcode":24103,"coordinates":{"latitude":"69.8008","longitude":"-167.2055"},"timezone":{"offset":"+4:00","description":"Abu Dhabi, Muscat, Baku, Tbilisi"}},"email":"ozkan.tuzun@example.com","login":{"uuid":"eda674d2-678e-4d36-8356-a93ebf957e20","username":"goldengorilla685","password":"chaos1","salt":"zBI42nyq","md5":"132007a8916ac57a5053da15705196f5","sha1":"7e1d3cce63f6eb3f96c8c263adafaf8c77b67910","sha256":"61b9751477a8b75ab8520a4441e7a6d072f76a28becfbc53c3d1aa196ce7d1bb"},"dob":{"date":"1980-01-31T13:48:11.523Z","age":44},"registered":{"date":"2006-09-07T15:28:22.034Z","age":17},"phone":"(795)-348-1039","cell":"(192)-347-6417","id":{"name":"","value":null},"picture":{"large":"https://randomuser.me/api/portraits/men/89.jpg","medium":"https://randomuser.me/api/portraits/med/men/89.jpg","thumbnail":"https://randomuser.me/api/portraits/thumb/men/89.jpg"},"nat":"TR"}],"info":{"seed":"b158bb0072aaaf76","results":1,"page":1,"version":"1.4"}} 
 </msg>
<msg time="2024-07-25T07:16:16.624502" level="INFO">/opt/hostedtoolcache/Python/3.12.4/x64/lib/python3.12/site-packages/urllib3/connectionpool.py:1099: InsecureRequestWarning: Unverified HTTPS request is being made to host 'randomuser.me'. Adding certificate verification is strongly advised. See: https://urllib3.readthedocs.io/en/latest/advanced-usage.html#tls-warnings
  warnings.warn(</msg>
<msg time="2024-07-25T07:16:16.624628" level="INFO">${response} = &lt;Response [200]&gt;</msg>
<var>${response}</var>
<arg>consultarAPI</arg>
<arg>/api</arg>
<doc>Sends a GET request on a previously created HTTP Session.</doc>
<status status="PASS" start="2024-07-25T07:16:16.474248" elapsed="0.150435"/>
</kw>
<kw name="Set Variable" owner="BuiltIn">
<msg time="2024-07-25T07:16:16.625759" level="INFO">${json_data} = {'results': [{'gender': 'male', 'name': {'title': 'Mr', 'first': 'Özkan', 'last': 'Tüzün'}, 'location': {'street': {'number': 4109, 'name': 'Istiklal Cd'}, 'city': 'Erzincan', 'state': 'Yozgat', 'coun...</msg>
<var>${json_data}</var>
<arg>${response.json()}</arg>
<doc>Returns the given values which can then be assigned to a variables.</doc>
<status status="PASS" start="2024-07-25T07:16:16.625185" elapsed="0.000604"/>
</kw>
<kw name="Log" owner="BuiltIn">
<msg time="2024-07-25T07:16:16.626258" level="INFO">{'results': [{'gender': 'male', 'name': {'title': 'Mr', 'first': 'Özkan', 'last': 'Tüzün'}, 'location': {'street': {'number': 4109, 'name': 'Istiklal Cd'}, 'city': 'Erzincan', 'state': 'Yozgat', 'country': 'Turkey', 'postcode': 24103, 'coordinates': {'latitude': '69.8008', 'longitude': '-167.2055'}, 'timezone': {'offset': '+4:00', 'description': 'Abu Dhabi, Muscat, Baku, Tbilisi'}}, 'email': 'ozkan.tuzun@example.com', 'login': {'uuid': 'eda674d2-678e-4d36-8356-a93ebf957e20', 'username': 'goldengorilla685', 'password': 'chaos1', 'salt': 'zBI42nyq', 'md5': '132007a8916ac57a5053da15705196f5', 'sha1': '7e1d3cce63f6eb3f96c8c263adafaf8c77b67910', 'sha256': '61b9751477a8b75ab8520a4441e7a6d072f76a28becfbc53c3d1aa196ce7d1bb'}, 'dob': {'date': '1980-01-31T13:48:11.523Z', 'age': 44}, 'registered': {'date': '2006-09-07T15:28:22.034Z', 'age': 17}, 'phone': '(795)-348-1039', 'cell': '(192)-347-6417', 'id': {'name': '', 'value': None}, 'picture': {'large': 'https://randomuser.me/api/portraits/men/89.jpg', 'medium': 'https://randomuser.me/api/portraits/med/men/89.jpg', 'thumbnail': 'https://randomuser.me/api/portraits/thumb/men/89.jpg'}, 'nat': 'TR'}], 'info': {'seed': 'b158bb0072aaaf76', 'results': 1, 'page': 1, 'version': '1.4'}}</msg>
<arg>${json_data}</arg>
<doc>Logs the given message with the given level.</doc>
<status status="PASS" start="2024-07-25T07:16:16.626094" elapsed="0.000214"/>
</kw>
<kw name="Dictionary Should Contain Key" owner="Collections">
<arg>${json_data}</arg>
<arg>results</arg>
<doc>Fails if ``key`` is not found from ``dictionary``.</doc>
<status status="PASS" start="2024-07-25T07:16:16.626598" elapsed="0.000157"/>
</kw>
<kw name="Should Not Be Empty" owner="BuiltIn">
<msg time="2024-07-25T07:16:16.627063" level="INFO">Length is 2.</msg>
<arg>${json_data}</arg>
<doc>Verifies that the given item is not empty.</doc>
<status status="PASS" start="2024-07-25T07:16:16.626936" elapsed="0.000166"/>
</kw>
<kw name="Create List" owner="BuiltIn">
<msg time="2024-07-25T07:16:16.627535" level="INFO">${expected_keys} = ['gender', 'name', 'location', 'email', 'login']</msg>
<var>${expected_keys}</var>
<arg>gender</arg>
<arg>name</arg>
<arg>location</arg>
<arg>email</arg>
<arg>login</arg>
<doc>Returns a list containing given items.</doc>
<status status="PASS" start="2024-07-25T07:16:16.627382" elapsed="0.000176"/>
</kw>
<for flavor="IN">
<iter>
<kw name="Dictionary Should Contain Key" owner="Collections">
<arg>${json_data['results'][0]}</arg>
<arg>${key}</arg>
<doc>Fails if ``key`` is not found from ``dictionary``.</doc>
<status status="PASS" start="2024-07-25T07:16:16.628114" elapsed="0.000399"/>
</kw>
<kw name="Log" owner="BuiltIn">
<msg time="2024-07-25T07:16:16.629059" level="INFO">{'gender': 'male', 'name': {'title': 'Mr', 'first': 'Özkan', 'last': 'Tüzün'}, 'location': {'street': {'number': 4109, 'name': 'Istiklal Cd'}, 'city': 'Erzincan', 'state': 'Yozgat', 'country': 'Turkey', 'postcode': 24103, 'coordinates': {'latitude': '69.8008', 'longitude': '-167.2055'}, 'timezone': {'offset': '+4:00', 'description': 'Abu Dhabi, Muscat, Baku, Tbilisi'}}, 'email': 'ozkan.tuzun@example.com', 'login': {'uuid': 'eda674d2-678e-4d36-8356-a93ebf957e20', 'username': 'goldengorilla685', 'password': 'chaos1', 'salt': 'zBI42nyq', 'md5': '132007a8916ac57a5053da15705196f5', 'sha1': '7e1d3cce63f6eb3f96c8c263adafaf8c77b67910', 'sha256': '61b9751477a8b75ab8520a4441e7a6d072f76a28becfbc53c3d1aa196ce7d1bb'}, 'dob': {'date': '1980-01-31T13:48:11.523Z', 'age': 44}, 'registered': {'date': '2006-09-07T15:28:22.034Z', 'age': 17}, 'phone': '(795)-348-1039', 'cell': '(192)-347-6417', 'id': {'name': '', 'value': None}, 'picture': {'large': 'https://randomuser.me/api/portraits/men/89.jpg', 'medium': 'https://randomuser.me/api/portraits/med/men/89.jpg', 'thumbnail': 'https://randomuser.me/api/portraits/thumb/men/89.jpg'}, 'nat': 'TR'}</msg>
<arg>${json_data['results'][0]}</arg>
<doc>Logs the given message with the given level.</doc>
<status status="PASS" start="2024-07-25T07:16:16.628697" elapsed="0.000412"/>
</kw>
<kw name="Log" owner="BuiltIn">
<msg time="2024-07-25T07:16:16.629569" level="INFO">gender</msg>
<arg>${key}</arg>
<doc>Logs the given message with the given level.</doc>
<status status="PASS" start="2024-07-25T07:16:16.629431" elapsed="0.000176"/>
</kw>
<var name="${key}">gender</var>
<status status="PASS" start="2024-07-25T07:16:16.627990" elapsed="0.001834"/>
</iter>
<iter>
<kw name="Dictionary Should Contain Key" owner="Collections">
<arg>${json_data['results'][0]}</arg>
<arg>${key}</arg>
<doc>Fails if ``key`` is not found from ``dictionary``.</doc>
<status status="PASS" start="2024-07-25T07:16:16.630117" elapsed="0.000391"/>
</kw>
<kw name="Log" owner="BuiltIn">
<msg time="2024-07-25T07:16:16.631050" level="INFO">{'gender': 'male', 'name': {'title': 'Mr', 'first': 'Özkan', 'last': 'Tüzün'}, 'location': {'street': {'number': 4109, 'name': 'Istiklal Cd'}, 'city': 'Erzincan', 'state': 'Yozgat', 'country': 'Turkey', 'postcode': 24103, 'coordinates': {'latitude': '69.8008', 'longitude': '-167.2055'}, 'timezone': {'offset': '+4:00', 'description': 'Abu Dhabi, Muscat, Baku, Tbilisi'}}, 'email': 'ozkan.tuzun@example.com', 'login': {'uuid': 'eda674d2-678e-4d36-8356-a93ebf957e20', 'username': 'goldengorilla685', 'password': 'chaos1', 'salt': 'zBI42nyq', 'md5': '132007a8916ac57a5053da15705196f5', 'sha1': '7e1d3cce63f6eb3f96c8c263adafaf8c77b67910', 'sha256': '61b9751477a8b75ab8520a4441e7a6d072f76a28becfbc53c3d1aa196ce7d1bb'}, 'dob': {'date': '1980-01-31T13:48:11.523Z', 'age': 44}, 'registered': {'date': '2006-09-07T15:28:22.034Z', 'age': 17}, 'phone': '(795)-348-1039', 'cell': '(192)-347-6417', 'id': {'name': '', 'value': None}, 'picture': {'large': 'https://randomuser.me/api/portraits/men/89.jpg', 'medium': 'https://randomuser.me/api/portraits/med/men/89.jpg', 'thumbnail': 'https://randomuser.me/api/portraits/thumb/men/89.jpg'}, 'nat': 'TR'}</msg>
<arg>${json_data['results'][0]}</arg>
<doc>Logs the given message with the given level.</doc>
<status status="PASS" start="2024-07-25T07:16:16.630691" elapsed="0.000440"/>
</kw>
<kw name="Log" owner="BuiltIn">
<msg time="2024-07-25T07:16:16.631558" level="INFO">name</msg>
<arg>${key}</arg>
<doc>Logs the given message with the given level.</doc>
<status status="PASS" start="2024-07-25T07:16:16.631430" elapsed="0.000166"/>
</kw>
<var name="${key}">name</var>
<status status="PASS" start="2024-07-25T07:16:16.630008" elapsed="0.001805"/>
</iter>
<iter>
<kw name="Dictionary Should Contain Key" owner="Collections">
<arg>${json_data['results'][0]}</arg>
<arg>${key}</arg>
<doc>Fails if ``key`` is not found from ``dictionary``.</doc>
<status status="PASS" start="2024-07-25T07:16:16.632092" elapsed="0.000375"/>
</kw>
<kw name="Log" owner="BuiltIn">
<msg time="2024-07-25T07:16:16.633009" level="INFO">{'gender': 'male', 'name': {'title': 'Mr', 'first': 'Özkan', 'last': 'Tüzün'}, 'location': {'street': {'number': 4109, 'name': 'Istiklal Cd'}, 'city': 'Erzincan', 'state': 'Yozgat', 'country': 'Turkey', 'postcode': 24103, 'coordinates': {'latitude': '69.8008', 'longitude': '-167.2055'}, 'timezone': {'offset': '+4:00', 'description': 'Abu Dhabi, Muscat, Baku, Tbilisi'}}, 'email': 'ozkan.tuzun@example.com', 'login': {'uuid': 'eda674d2-678e-4d36-8356-a93ebf957e20', 'username': 'goldengorilla685', 'password': 'chaos1', 'salt': 'zBI42nyq', 'md5': '132007a8916ac57a5053da15705196f5', 'sha1': '7e1d3cce63f6eb3f96c8c263adafaf8c77b67910', 'sha256': '61b9751477a8b75ab8520a4441e7a6d072f76a28becfbc53c3d1aa196ce7d1bb'}, 'dob': {'date': '1980-01-31T13:48:11.523Z', 'age': 44}, 'registered': {'date': '2006-09-07T15:28:22.034Z', 'age': 17}, 'phone': '(795)-348-1039', 'cell': '(192)-347-6417', 'id': {'name': '', 'value': None}, 'picture': {'large': 'https://randomuser.me/api/portraits/men/89.jpg', 'medium': 'https://randomuser.me/api/portraits/med/men/89.jpg', 'thumbnail': 'https://randomuser.me/api/portraits/thumb/men/89.jpg'}, 'nat': 'TR'}</msg>
<arg>${json_data['results'][0]}</arg>
<doc>Logs the given message with the given level.</doc>
<status status="PASS" start="2024-07-25T07:16:16.632653" elapsed="0.000407"/>
</kw>
<kw name="Log" owner="BuiltIn">
<msg time="2024-07-25T07:16:16.633511" level="INFO">location</msg>
<arg>${key}</arg>
<doc>Logs the given message with the given level.</doc>
<status status="PASS" start="2024-07-25T07:16:16.633349" elapsed="0.000201"/>
</kw>
<var name="${key}">location</var>
<status status="PASS" start="2024-07-25T07:16:16.631986" elapsed="0.001785"/>
</iter>
<iter>
<kw name="Dictionary Should Contain Key" owner="Collections">
<arg>${json_data['results'][0]}</arg>
<arg>${key}</arg>
<doc>Fails if ``key`` is not found from ``dictionary``.</doc>
<status status="PASS" start="2024-07-25T07:16:16.634048" elapsed="0.000380"/>
</kw>
<kw name="Log" owner="BuiltIn">
<msg time="2024-07-25T07:16:16.635079" level="INFO">{'gender': 'male', 'name': {'title': 'Mr', 'first': 'Özkan', 'last': 'Tüzün'}, 'location': {'street': {'number': 4109, 'name': 'Istiklal Cd'}, 'city': 'Erzincan', 'state': 'Yozgat', 'country': 'Turkey', 'postcode': 24103, 'coordinates': {'latitude': '69.8008', 'longitude': '-167.2055'}, 'timezone': {'offset': '+4:00', 'description': 'Abu Dhabi, Muscat, Baku, Tbilisi'}}, 'email': 'ozkan.tuzun@example.com', 'login': {'uuid': 'eda674d2-678e-4d36-8356-a93ebf957e20', 'username': 'goldengorilla685', 'password': 'chaos1', 'salt': 'zBI42nyq', 'md5': '132007a8916ac57a5053da15705196f5', 'sha1': '7e1d3cce63f6eb3f96c8c263adafaf8c77b67910', 'sha256': '61b9751477a8b75ab8520a4441e7a6d072f76a28becfbc53c3d1aa196ce7d1bb'}, 'dob': {'date': '1980-01-31T13:48:11.523Z', 'age': 44}, 'registered': {'date': '2006-09-07T15:28:22.034Z', 'age': 17}, 'phone': '(795)-348-1039', 'cell': '(192)-347-6417', 'id': {'name': '', 'value': None}, 'picture': {'large': 'https://randomuser.me/api/portraits/men/89.jpg', 'medium': 'https://randomuser.me/api/portraits/med/men/89.jpg', 'thumbnail': 'https://randomuser.me/api/portraits/thumb/men/89.jpg'}, 'nat': 'TR'}</msg>
<arg>${json_data['results'][0]}</arg>
<doc>Logs the given message with the given level.</doc>
<status status="PASS" start="2024-07-25T07:16:16.634720" elapsed="0.000410"/>
</kw>
<kw name="Log" owner="BuiltIn">
<msg time="2024-07-25T07:16:16.635558" level="INFO">email</msg>
<arg>${key}</arg>
<doc>Logs the given message with the given level.</doc>
<status status="PASS" start="2024-07-25T07:16:16.635428" elapsed="0.000168"/>
</kw>
<var name="${key}">email</var>
<status status="PASS" start="2024-07-25T07:16:16.633941" elapsed="0.001871"/>
</iter>
<iter>
<kw name="Dictionary Should Contain Key" owner="Collections">
<arg>${json_data['results'][0]}</arg>
<arg>${key}</arg>
<doc>Fails if ``key`` is not found from ``dictionary``.</doc>
<status status="PASS" start="2024-07-25T07:16:16.636090" elapsed="0.000373"/>
</kw>
<kw name="Log" owner="BuiltIn">
<msg time="2024-07-25T07:16:16.636988" level="INFO">{'gender': 'male', 'name': {'title': 'Mr', 'first': 'Özkan', 'last': 'Tüzün'}, 'location': {'street': {'number': 4109, 'name': 'Istiklal Cd'}, 'city': 'Erzincan', 'state': 'Yozgat', 'country': 'Turkey', 'postcode': 24103, 'coordinates': {'latitude': '69.8008', 'longitude': '-167.2055'}, 'timezone': {'offset': '+4:00', 'description': 'Abu Dhabi, Muscat, Baku, Tbilisi'}}, 'email': 'ozkan.tuzun@example.com', 'login': {'uuid': 'eda674d2-678e-4d36-8356-a93ebf957e20', 'username': 'goldengorilla685', 'password': 'chaos1', 'salt': 'zBI42nyq', 'md5': '132007a8916ac57a5053da15705196f5', 'sha1': '7e1d3cce63f6eb3f96c8c263adafaf8c77b67910', 'sha256': '61b9751477a8b75ab8520a4441e7a6d072f76a28becfbc53c3d1aa196ce7d1bb'}, 'dob': {'date': '1980-01-31T13:48:11.523Z', 'age': 44}, 'registered': {'date': '2006-09-07T15:28:22.034Z', 'age': 17}, 'phone': '(795)-348-1039', 'cell': '(192)-347-6417', 'id': {'name': '', 'value': None}, 'picture': {'large': 'https://randomuser.me/api/portraits/men/89.jpg', 'medium': 'https://randomuser.me/api/portraits/med/men/89.jpg', 'thumbnail': 'https://randomuser.me/api/portraits/thumb/men/89.jpg'}, 'nat': 'TR'}</msg>
<arg>${json_data['results'][0]}</arg>
<doc>Logs the given message with the given level.</doc>
<status status="PASS" start="2024-07-25T07:16:16.636644" elapsed="0.000393"/>
</kw>
<kw name="Log" owner="BuiltIn">
<msg time="2024-07-25T07:16:16.637484" level="INFO">login</msg>
<arg>${key}</arg>
<doc>Logs the given message with the given level.</doc>
<status status="PASS" start="2024-07-25T07:16:16.637327" elapsed="0.000195"/>
</kw>
<var name="${key}">login</var>
<status status="PASS" start="2024-07-25T07:16:16.635984" elapsed="0.001754"/>
</iter>
<var>${key}</var>
<value>@{expected_keys}</value>
<status status="PASS" start="2024-07-25T07:16:16.627812" elapsed="0.010045"/>
</for>
<kw name="Create List" owner="BuiltIn">
<msg time="2024-07-25T07:16:16.638175" level="INFO">${expected_keysTwo} = ['username', 'password']</msg>
<var>${expected_keysTwo}</var>
<arg>username</arg>
<arg>password</arg>
<doc>Returns a list containing given items.</doc>
<status status="PASS" start="2024-07-25T07:16:16.638041" elapsed="0.000159"/>
</kw>
<for flavor="IN">
<iter>
<kw name="Dictionary Should Contain Key" owner="Collections">
<arg>${json_data['results'][0]['login']}</arg>
<arg>${keyTwo}</arg>
<doc>Fails if ``key`` is not found from ``dictionary``.</doc>
<status status="PASS" start="2024-07-25T07:16:16.638726" elapsed="0.000400"/>
</kw>
<kw name="Dictionary Should Contain Key" owner="Collections">
<arg>${json_data['results'][0]['login']}</arg>
<arg>${keyTwo}</arg>
<doc>Fails if ``key`` is not found from ``dictionary``.</doc>
<status status="PASS" start="2024-07-25T07:16:16.639316" elapsed="0.000400"/>
</kw>
<kw name="Log" owner="BuiltIn">
<msg time="2024-07-25T07:16:16.640015" level="INFO">username</msg>
<arg>${keyTwo}</arg>
<doc>Logs the given message with the given level.</doc>
<status status="PASS" start="2024-07-25T07:16:16.639894" elapsed="0.000158"/>
</kw>
<var name="${keyTwo}">username</var>
<status status="PASS" start="2024-07-25T07:16:16.638620" elapsed="0.001654"/>
</iter>
<iter>
<kw name="Dictionary Should Contain Key" owner="Collections">
<arg>${json_data['results'][0]['login']}</arg>
<arg>${keyTwo}</arg>
<doc>Fails if ``key`` is not found from ``dictionary``.</doc>
<status status="PASS" start="2024-07-25T07:16:16.640556" elapsed="0.000376"/>
</kw>
<kw name="Dictionary Should Contain Key" owner="Collections">
<arg>${json_data['results'][0]['login']}</arg>
<arg>${keyTwo}</arg>
<doc>Fails if ``key`` is not found from ``dictionary``.</doc>
<status status="PASS" start="2024-07-25T07:16:16.641107" elapsed="0.000407"/>
</kw>
<kw name="Log" owner="BuiltIn">
<msg time="2024-07-25T07:16:16.641820" level="INFO">password</msg>
<arg>${keyTwo}</arg>
<doc>Logs the given message with the given level.</doc>
<status status="PASS" start="2024-07-25T07:16:16.641694" elapsed="0.000164"/>
</kw>
<var name="${keyTwo}">password</var>
<status status="PASS" start="2024-07-25T07:16:16.640447" elapsed="0.001632"/>
</iter>
<var>${keyTwo}</var>
<value>@{expected_keysTwo}</value>
<status status="PASS" start="2024-07-25T07:16:16.638468" elapsed="0.003730"/>
</for>
<status status="PASS" start="2024-07-25T07:16:16.474019" elapsed="0.168315"/>
</kw>
<doc>Testa a estrutura da resposta da API.</doc>
<tag>testeEstruturaResposta</tag>
<status status="PASS" start="2024-07-25T07:16:16.473443" elapsed="0.169035"/>
</test>
<test id="s1-s1-t4" name="Validar tipos de dados" line="28">
<kw name="Teste de Tipos de Dados" owner="random-user-service">
<kw name="GET On Session" owner="RequestsLibrary">
<msg time="2024-07-25T07:16:16.713143" level="INFO">GET Request : url=https://randomuser.me/api 
 path_url=/api 
 headers={'User-Agent': 'python-requests/2.32.3', 'Accept-Encoding': 'gzip, deflate', 'Accept': '*/*', 'Connection': 'keep-alive'} 
 body=None 
 </msg>
<msg time="2024-07-25T07:16:16.713204" level="INFO">GET Response : url=https://randomuser.me/api 
 status=200, reason=OK 
 headers={'Date': 'Thu, 25 Jul 2024 07:16:16 GMT', 'Content-Type': 'application/json; charset=utf-8', 'Transfer-Encoding': 'chunked', 'Connection': 'keep-alive', 'X-Powered-By': 'Express', 'Access-Control-Allow-Origin': '*', 'Cache-Control': 'no-cache', 'ETag': 'W/"47b-Fwm5VVoZbTNJWy8yDee++XrwaDc"', 'Vary': 'Accept-Encoding', 'Content-Encoding': 'gzip', 'CF-Cache-Status': 'DYNAMIC', 'Report-To': '{"endpoints":[{"url":"https:\\/\\/a.nel.cloudflare.com\\/report\\/v4?s=UTmiOry9DntggDEpTaqxO0MGiHHNP1lbHNzFZrq%2Fs7AMMiEvTphNUVp3Fugl5as9qk9rY98REKEYRCfgovFJtirAZ2xxFuJ4hQ8tUvfAo2%2FB0plwJl9%2BuR%2Fo2yiTIqVc"}],"group":"cf-nel","max_age":604800}', 'NEL': '{"success_fraction":0,"report_to":"cf-nel","max_age":604800}', 'Server': 'cloudflare', 'CF-RAY': '8a8a5d140fede25e-ORD', 'alt-svc': 'h3=":443"; ma=86400'} 
 body={"results":[{"gender":"male","name":{"title":"Mr","first":"Odd","last":"Bakk"},"location":{"street":{"number":3554,"name":"Kakkelovnskroken"},"city":"Hunn","state":"Telemark","country":"Norway","postcode":"1511","coordinates":{"latitude":"40.7285","longitude":"-84.8315"},"timezone":{"offset":"+11:00","description":"Magadan, Solomon Islands, New Caledonia"}},"email":"odd.bakk@example.com","login":{"uuid":"b0f565c8-ce8a-43b8-bace-046aef65624a","username":"smalltiger103","password":"none","salt":"U4GNnUHU","md5":"b29fe5de6d6660cd0a14c2783517eb33","sha1":"495d4b1ba88cb97f9cbd210bcc4f67668109cd1d","sha256":"76aca4b05e9021e33f25a46ad7e284380899b9688a3dfef794966f620cbb7c30"},"dob":{"date":"1961-03-20T05:29:50.049Z","age":63},"registered":{"date":"2010-04-19T11:38:37.693Z","age":14},"phone":"89434126","cell":"42762196","id":{"name":"FN","value":"20036111969"},"picture":{"large":"https://randomuser.me/api/portraits/men/68.jpg","medium":"https://randomuser.me/api/portraits/med/men/68.jpg","thumbnail":"https://randomuser.me/api/portraits/thumb/men/68.jpg"},"nat":"NO"}],"info":{"seed":"97aa5178090c2912","results":1,"page":1,"version":"1.4"}} 
 </msg>
<msg time="2024-07-25T07:16:16.713256" level="INFO">/opt/hostedtoolcache/Python/3.12.4/x64/lib/python3.12/site-packages/urllib3/connectionpool.py:1099: InsecureRequestWarning: Unverified HTTPS request is being made to host 'randomuser.me'. Adding certificate verification is strongly advised. See: https://urllib3.readthedocs.io/en/latest/advanced-usage.html#tls-warnings
  warnings.warn(</msg>
<msg time="2024-07-25T07:16:16.713337" level="INFO">${response} = &lt;Response [200]&gt;</msg>
<var>${response}</var>
<arg>consultarAPI</arg>
<arg>/api</arg>
<doc>Sends a GET request on a previously created HTTP Session.</doc>
<status status="PASS" start="2024-07-25T07:16:16.644910" elapsed="0.068490"/>
</kw>
<kw name="Set Variable" owner="BuiltIn">
<msg time="2024-07-25T07:16:16.714387" level="INFO">${json_data} = {'results': [{'gender': 'male', 'name': {'title': 'Mr', 'first': 'Odd', 'last': 'Bakk'}, 'location': {'street': {'number': 3554, 'name': 'Kakkelovnskroken'}, 'city': 'Hunn', 'state': 'Telemark', 'coun...</msg>
<var>${json_data}</var>
<arg>${response.json()}</arg>
<doc>Returns the given values which can then be assigned to a variables.</doc>
<status status="PASS" start="2024-07-25T07:16:16.713841" elapsed="0.000574"/>
</kw>
<kw name="Log" owner="BuiltIn">
<msg time="2024-07-25T07:16:16.714865" level="INFO">{'results': [{'gender': 'male', 'name': {'title': 'Mr', 'first': 'Odd', 'last': 'Bakk'}, 'location': {'street': {'number': 3554, 'name': 'Kakkelovnskroken'}, 'city': 'Hunn', 'state': 'Telemark', 'country': 'Norway', 'postcode': '1511', 'coordinates': {'latitude': '40.7285', 'longitude': '-84.8315'}, 'timezone': {'offset': '+11:00', 'description': 'Magadan, Solomon Islands, New Caledonia'}}, 'email': 'odd.bakk@example.com', 'login': {'uuid': 'b0f565c8-ce8a-43b8-bace-046aef65624a', 'username': 'smalltiger103', 'password': 'none', 'salt': 'U4GNnUHU', 'md5': 'b29fe5de6d6660cd0a14c2783517eb33', 'sha1': '495d4b1ba88cb97f9cbd210bcc4f67668109cd1d', 'sha256': '76aca4b05e9021e33f25a46ad7e284380899b9688a3dfef794966f620cbb7c30'}, 'dob': {'date': '1961-03-20T05:29:50.049Z', 'age': 63}, 'registered': {'date': '2010-04-19T11:38:37.693Z', 'age': 14}, 'phone': '89434126', 'cell': '42762196', 'id': {'name': 'FN', 'value': '20036111969'}, 'picture': {'large': 'https://randomuser.me/api/portraits/men/68.jpg', 'medium': 'https://randomuser.me/api/portraits/med/men/68.jpg', 'thumbnail': 'https://randomuser.me/api/portraits/thumb/men/68.jpg'}, 'nat': 'NO'}], 'info': {'seed': '97aa5178090c2912', 'results': 1, 'page': 1, 'version': '1.4'}}</msg>
<arg>${json_data}</arg>
<doc>Logs the given message with the given level.</doc>
<status status="PASS" start="2024-07-25T07:16:16.714714" elapsed="0.000197"/>
</kw>
<kw name="Should Be String" owner="String">
<arg>${json_data['results'][0]['gender']}</arg>
<doc>Fails if the given ``item`` is not a string.</doc>
<status status="PASS" start="2024-07-25T07:16:16.715200" elapsed="0.000366"/>
</kw>
<kw name="Should Match Regexp" owner="BuiltIn">
<arg>${json_data['results'][0]['email']}</arg>
<arg>^[a-zA-Z0-9._%+-]+@[a-zA-Z0-9.-]+\.[a-zA-Z]{2,}$</arg>
<doc>Fails if ``string`` does not match ``pattern`` as a regular expression.</doc>
<status status="PASS" start="2024-07-25T07:16:16.715752" elapsed="0.000518"/>
</kw>
<kw name="Should Match Regexp" owner="BuiltIn">
<arg>${json_data['results'][0]['dob']['date']}</arg>
<arg>\\d{4}-\\d{2}-\\d{2}T\\d{2}:\\d{2}:\\d{2}\\.\\d{3}Z</arg>
<doc>Fails if ``string`` does not match ``pattern`` as a regular expression.</doc>
<status status="PASS" start="2024-07-25T07:16:16.716493" elapsed="0.000598"/>
</kw>
<kw name="Should Match Regexp" owner="BuiltIn">
<arg>${json_data['results'][0]['registered']['date']}</arg>
<arg>\\d{4}-\\d{2}-\\d{2}T\\d{2}:\\d{2}:\\d{2}\\.\\d{3}Z</arg>
<doc>Fails if ``string`` does not match ``pattern`` as a regular expression.</doc>
<status status="PASS" start="2024-07-25T07:16:16.717285" elapsed="0.000414"/>
</kw>
<kw name="Should Match Regexp" owner="BuiltIn">
<arg>${json_data['results'][0]['picture']['large']}</arg>
<arg>^https?://.*\.(?:png|jpe?g|gif|bmp)$</arg>
<doc>Fails if ``string`` does not match ``pattern`` as a regular expression.</doc>
<status status="PASS" start="2024-07-25T07:16:16.717888" elapsed="0.000461"/>
</kw>
<kw name="Should Match Regexp" owner="BuiltIn">
<arg>${json_data['results'][0]['picture']['medium']}</arg>
<arg>^https?://.*\.(?:png|jpe?g|gif|bmp)$</arg>
<doc>Fails if ``string`` does not match ``pattern`` as a regular expression.</doc>
<status status="PASS" start="2024-07-25T07:16:16.718535" elapsed="0.000351"/>
</kw>
<kw name="Should Match Regexp" owner="BuiltIn">
<arg>${json_data['results'][0]['picture']['thumbnail']}</arg>
<arg>^https?://.*\.(?:png|jpe?g|gif|bmp)$</arg>
<doc>Fails if ``string`` does not match ``pattern`` as a regular expression.</doc>
<status status="PASS" start="2024-07-25T07:16:16.719067" elapsed="0.000348"/>
</kw>
<kw name="Log" owner="BuiltIn">
<msg time="2024-07-25T07:16:16.719911" level="INFO">{'large': 'https://randomuser.me/api/portraits/men/68.jpg', 'medium': 'https://randomuser.me/api/portraits/med/men/68.jpg', 'thumbnail': 'https://randomuser.me/api/portraits/thumb/men/68.jpg'}</msg>
<arg>${json_data['results'][0]['picture']}</arg>
<doc>Logs the given message with the given level.</doc>
<status status="PASS" start="2024-07-25T07:16:16.719590" elapsed="0.000363"/>
</kw>
<status status="PASS" start="2024-07-25T07:16:16.644694" elapsed="0.075510"/>
</kw>
<kw name="Teste de Tipos de Dados - Postcode" owner="random-user-service">
<kw name="GET On Session" owner="RequestsLibrary">
<msg time="2024-07-25T07:16:16.784904" level="INFO">GET Request : url=https://randomuser.me/api 
 path_url=/api 
 headers={'User-Agent': 'python-requests/2.32.3', 'Accept-Encoding': 'gzip, deflate', 'Accept': '*/*', 'Connection': 'keep-alive'} 
 body=None 
 </msg>
<msg time="2024-07-25T07:16:16.784986" level="INFO">GET Response : url=https://randomuser.me/api 
 status=200, reason=OK 
 headers={'Date': 'Thu, 25 Jul 2024 07:16:16 GMT', 'Content-Type': 'application/json; charset=utf-8', 'Transfer-Encoding': 'chunked', 'Connection': 'keep-alive', 'X-Powered-By': 'Express', 'Access-Control-Allow-Origin': '*', 'Cache-Control': 'no-cache', 'ETag': 'W/"494-8xtV95E2/57GuvG/uEDfj0JSdV0"', 'Vary': 'Accept-Encoding', 'Content-Encoding': 'gzip', 'CF-Cache-Status': 'DYNAMIC', 'Report-To': '{"endpoints":[{"url":"https:\\/\\/a.nel.cloudflare.com\\/report\\/v4?s=AUd7DThkoL2DMp7ztysxRUGvFOMkL8fKMiX9l7SttcjCn3M71OsHpqYp%2FNkBol3VNWKinD8idN9XYV4D4O5TZhnf%2BVXNRBQY45vfo0P%2FlGyspMRTCm6GV8kiy%2FOqD2DL"}],"group":"cf-nel","max_age":604800}', 'NEL': '{"success_fraction":0,"report_to":"cf-nel","max_age":604800}', 'Server': 'cloudflare', 'CF-RAY': '8a8a5d148832e25e-ORD', 'alt-svc': 'h3=":443"; ma=86400'} 
 body={"results":[{"gender":"female","name":{"title":"Miss","first":"Sanchitha","last":"Das"},"location":{"street":{"number":6778,"name":"Kasturba Rd"},"city":"Singrauli","state":"Rajasthan","country":"India","postcode":43004,"coordinates":{"latitude":"11.3584","longitude":"105.9549"},"timezone":{"offset":"+5:30","description":"Bombay, Calcutta, Madras, New Delhi"}},"email":"sanchitha.das@example.com","login":{"uuid":"a34ba6dc-5a58-43a1-86d6-c4c97182e9af","username":"greenrabbit370","password":"slave1","salt":"NxFlNeGA","md5":"2c27f97f73d4ce08bfc8eb7eda1a9e68","sha1":"2b41784158fb2cebcf5277f4a687db03bcc41f0c","sha256":"e26d6c47cd0cfcb96cc781f6aa3805c119ca2162469bbef1cd7b9ef083f3ac6f"},"dob":{"date":"1987-11-11T17:51:45.380Z","age":36},"registered":{"date":"2014-03-24T19:20:15.078Z","age":10},"phone":"7518569300","cell":"8227692418","id":{"name":"UIDAI","value":"209153483720"},"picture":{"large":"https://randomuser.me/api/portraits/women/43.jpg","medium":"https://randomuser.me/api/portraits/med/women/43.jpg","thumbnail":"https://randomuser.me/api/portraits/thumb/women/43.jpg"},"nat":"IN"}],"info":{"seed":"29f1cd5a7505b3d8","results":1,"page":1,"version":"1.4"}} 
 </msg>
<msg time="2024-07-25T07:16:16.785055" level="INFO">/opt/hostedtoolcache/Python/3.12.4/x64/lib/python3.12/site-packages/urllib3/connectionpool.py:1099: InsecureRequestWarning: Unverified HTTPS request is being made to host 'randomuser.me'. Adding certificate verification is strongly advised. See: https://urllib3.readthedocs.io/en/latest/advanced-usage.html#tls-warnings
  warnings.warn(</msg>
<msg time="2024-07-25T07:16:16.785168" level="INFO">${response} = &lt;Response [200]&gt;</msg>
<var>${response}</var>
<arg>consultarAPI</arg>
<arg>/api</arg>
<doc>Sends a GET request on a previously created HTTP Session.</doc>
<status status="PASS" start="2024-07-25T07:16:16.720627" elapsed="0.064595"/>
</kw>
<kw name="Set Variable" owner="BuiltIn">
<msg time="2024-07-25T07:16:16.786255" level="INFO">${json_data} = {'results': [{'gender': 'female', 'name': {'title': 'Miss', 'first': 'Sanchitha', 'last': 'Das'}, 'location': {'street': {'number': 6778, 'name': 'Kasturba Rd'}, 'city': 'Singrauli', 'state': 'Rajasth...</msg>
<var>${json_data}</var>
<arg>${response.json()}</arg>
<doc>Returns the given values which can then be assigned to a variables.</doc>
<status status="PASS" start="2024-07-25T07:16:16.785705" elapsed="0.000577"/>
</kw>
<kw name="Log" owner="BuiltIn">
<msg time="2024-07-25T07:16:16.786735" level="INFO">{'results': [{'gender': 'female', 'name': {'title': 'Miss', 'first': 'Sanchitha', 'last': 'Das'}, 'location': {'street': {'number': 6778, 'name': 'Kasturba Rd'}, 'city': 'Singrauli', 'state': 'Rajasthan', 'country': 'India', 'postcode': 43004, 'coordinates': {'latitude': '11.3584', 'longitude': '105.9549'}, 'timezone': {'offset': '+5:30', 'description': 'Bombay, Calcutta, Madras, New Delhi'}}, 'email': 'sanchitha.das@example.com', 'login': {'uuid': 'a34ba6dc-5a58-43a1-86d6-c4c97182e9af', 'username': 'greenrabbit370', 'password': 'slave1', 'salt': 'NxFlNeGA', 'md5': '2c27f97f73d4ce08bfc8eb7eda1a9e68', 'sha1': '2b41784158fb2cebcf5277f4a687db03bcc41f0c', 'sha256': 'e26d6c47cd0cfcb96cc781f6aa3805c119ca2162469bbef1cd7b9ef083f3ac6f'}, 'dob': {'date': '1987-11-11T17:51:45.380Z', 'age': 36}, 'registered': {'date': '2014-03-24T19:20:15.078Z', 'age': 10}, 'phone': '7518569300', 'cell': '8227692418', 'id': {'name': 'UIDAI', 'value': '209153483720'}, 'picture': {'large': 'https://randomuser.me/api/portraits/women/43.jpg', 'medium': 'https://randomuser.me/api/portraits/med/women/43.jpg', 'thumbnail': 'https://randomuser.me/api/portraits/thumb/women/43.jpg'}, 'nat': 'IN'}], 'info': {'seed': '29f1cd5a7505b3d8', 'results': 1, 'page': 1, 'version': '1.4'}}</msg>
<arg>${json_data}</arg>
<doc>Logs the given message with the given level.</doc>
<status status="PASS" start="2024-07-25T07:16:16.786585" elapsed="0.000196"/>
</kw>
<kw name="Should Be Equal As Numbers" owner="BuiltIn">
<arg>${json_data['results'][0]['location']['postcode']}</arg>
<arg>${json_data['results'][0]['location']['postcode']}</arg>
<doc>Fails if objects are unequal after converting them to real numbers.</doc>
<status status="PASS" start="2024-07-25T07:16:16.787066" elapsed="0.000643"/>
</kw>
<kw name="Log" owner="BuiltIn">
<msg time="2024-07-25T07:16:16.788252" level="INFO">43004</msg>
<arg>${json_data['results'][0]['location']['postcode']}</arg>
<doc>Logs the given message with the given level.</doc>
<status status="PASS" start="2024-07-25T07:16:16.787904" elapsed="0.000397"/>
</kw>
<status status="PASS" start="2024-07-25T07:16:16.720408" elapsed="0.068160"/>
</kw>
<doc>Testa se os tipos de dados na resposta da API estão corretos.</doc>
<tag>testeTiposDados</tag>
<status status="PASS" start="2024-07-25T07:16:16.644169" elapsed="0.144589"/>
</test>
<test id="s1-s1-t5" name="Validar conteudo" line="35">
<kw name="Teste de Tipos de Conteudo" owner="random-user-service">
<kw name="GET On Session" owner="RequestsLibrary">
<msg time="2024-07-25T07:16:16.889194" level="INFO">GET Request : url=https://randomuser.me/api 
 path_url=/api 
 headers={'User-Agent': 'python-requests/2.32.3', 'Accept-Encoding': 'gzip, deflate', 'Accept': '*/*', 'Connection': 'keep-alive'} 
 body=None 
 </msg>
<msg time="2024-07-25T07:16:16.889277" level="INFO">GET Response : url=https://randomuser.me/api 
 status=200, reason=OK 
 headers={'Date': 'Thu, 25 Jul 2024 07:16:16 GMT', 'Content-Type': 'application/json; charset=utf-8', 'Transfer-Encoding': 'chunked', 'Connection': 'keep-alive', 'X-Powered-By': 'Express', 'Access-Control-Allow-Origin': '*', 'Cache-Control': 'no-cache', 'ETag': 'W/"498-urxwpNPPNPBBWHftkb37ixOkVks"', 'Vary': 'Accept-Encoding', 'Content-Encoding': 'gzip', 'CF-Cache-Status': 'DYNAMIC', 'Report-To': '{"endpoints":[{"url":"https:\\/\\/a.nel.cloudflare.com\\/report\\/v4?s=nu8cvqfyBkUEitppH6XTae8QjdmXVdeWrvBCPeKPDCu%2BhSM5950hV8ihPU8gQf%2Fx3%2Fu%2Bc9iQsssn8PNC2hqXnjMR0lzS4ixvSUbQ545yKl0MZQJxNKP1y0wQynzSnXeo"}],"group":"cf-nel","max_age":604800}', 'NEL': '{"success_fraction":0,"report_to":"cf-nel","max_age":604800}', 'Server': 'cloudflare', 'CF-RAY': '8a8a5d14f86be25e-ORD', 'alt-svc': 'h3=":443"; ma=86400'} 
 body={"results":[{"gender":"male","name":{"title":"Mr","first":"Ronnie","last":"Daniels"},"location":{"street":{"number":9274,"name":"Mcgowen St"},"city":"Darwin","state":"Northern Territory","country":"Australia","postcode":8245,"coordinates":{"latitude":"-87.8854","longitude":"-119.0622"},"timezone":{"offset":"+11:00","description":"Magadan, Solomon Islands, New Caledonia"}},"email":"ronnie.daniels@example.com","login":{"uuid":"d3fe7551-8f9a-43b4-bf92-6e9ca0da7c90","username":"organicdog441","password":"vegas","salt":"F7JNoUtS","md5":"8b37dfadc22934902a6848ab98eb671a","sha1":"fc563fee5bf67b76d0aa95fb349ac10c91fbb612","sha256":"fcbb65a48d29ad449b025d87fa6baa2c15afd4f846bc88e44d08131db3cd2de5"},"dob":{"date":"1997-09-29T13:11:30.863Z","age":26},"registered":{"date":"2014-06-05T19:30:26.900Z","age":10},"phone":"06-0864-7505","cell":"0443-099-242","id":{"name":"TFN","value":"036564155"},"picture":{"large":"https://randomuser.me/api/portraits/men/79.jpg","medium":"https://randomuser.me/api/portraits/med/men/79.jpg","thumbnail":"https://randomuser.me/api/portraits/thumb/men/79.jpg"},"nat":"AU"}],"info":{"seed":"1e1b3ef5fd61f452","results":1,"page":1,"version":"1.4"}} 
 </msg>
<msg time="2024-07-25T07:16:16.889358" level="INFO">/opt/hostedtoolcache/Python/3.12.4/x64/lib/python3.12/site-packages/urllib3/connectionpool.py:1099: InsecureRequestWarning: Unverified HTTPS request is being made to host 'randomuser.me'. Adding certificate verification is strongly advised. See: https://urllib3.readthedocs.io/en/latest/advanced-usage.html#tls-warnings
  warnings.warn(</msg>
<msg time="2024-07-25T07:16:16.889492" level="INFO">${response} = &lt;Response [200]&gt;</msg>
<var>${response}</var>
<arg>consultarAPI</arg>
<arg>/api</arg>
<doc>Sends a GET request on a previously created HTTP Session.</doc>
<status status="PASS" start="2024-07-25T07:16:16.791228" elapsed="0.098304"/>
</kw>
<kw name="Set Variable" owner="BuiltIn">
<msg time="2024-07-25T07:16:16.890522" level="INFO">${json_data} = {'results': [{'gender': 'male', 'name': {'title': 'Mr', 'first': 'Ronnie', 'last': 'Daniels'}, 'location': {'street': {'number': 9274, 'name': 'Mcgowen St'}, 'city': 'Darwin', 'state': 'Northern Terri...</msg>
<var>${json_data}</var>
<arg>${response.json()}</arg>
<doc>Returns the given values which can then be assigned to a variables.</doc>
<status status="PASS" start="2024-07-25T07:16:16.889976" elapsed="0.000575"/>
</kw>
<kw name="Set Variable" owner="BuiltIn">
<msg time="2024-07-25T07:16:16.891244" level="INFO">${name_title} = Mr</msg>
<var>${name_title}</var>
<arg>${json_data["results"][0]["name"]["title"]}</arg>
<doc>Returns the given values which can then be assigned to a variables.</doc>
<status status="PASS" start="2024-07-25T07:16:16.890859" elapsed="0.000410"/>
</kw>
<kw name="Create List" owner="BuiltIn">
<msg time="2024-07-25T07:16:16.891724" level="INFO">${allowed_titles} = ['Mr', 'Ms', 'Miss', 'Mrs', 'Madame', 'Monsieur']</msg>
<var>${allowed_titles}</var>
<arg>Mr</arg>
<arg>Ms</arg>
<arg>Miss</arg>
<arg>Mrs</arg>
<arg>Madame</arg>
<arg>Monsieur</arg>
<doc>Returns a list containing given items.</doc>
<status status="PASS" start="2024-07-25T07:16:16.891587" elapsed="0.000159"/>
</kw>
<kw name="List Should Contain Value" owner="Collections">
<arg>${allowed_titles}</arg>
<arg>${name_title}</arg>
<doc>Fails if the ``value`` is not found from ``list``.</doc>
<status status="PASS" start="2024-07-25T07:16:16.892031" elapsed="0.000171"/>
</kw>
<kw name="Set Variable" owner="BuiltIn">
<msg time="2024-07-25T07:16:16.892771" level="INFO">${name_country} = AU</msg>
<var>${name_country}</var>
<arg>${json_data["results"][0]["nat"]}</arg>
<doc>Returns the given values which can then be assigned to a variables.</doc>
<status status="PASS" start="2024-07-25T07:16:16.892383" elapsed="0.000413"/>
</kw>
<kw name="Create List" owner="BuiltIn">
<msg time="2024-07-25T07:16:16.893710" level="INFO">${list_country} = ['AD', 'AE', 'AF', 'AG', 'AI', 'AL', 'AM', 'AO', 'AQ', 'AR', 'AS', 'AT', 'AU', 'AW', 'AX', 'AZ', 'BA', 'BB', 'BD', 'BE', 'BF', 'BG', 'BH', 'BI', 'BJ', 'BL', 'BM', 'BN', 'BO', 'BQ', 'BR', 'BS', 'BT', '...</msg>
<var>${list_country}</var>
<arg>AD</arg>
<arg>AE</arg>
<arg>AF</arg>
<arg>AG</arg>
<arg>AI</arg>
<arg>AL</arg>
<arg>AM</arg>
<arg>AO</arg>
<arg>AQ</arg>
<arg>AR</arg>
<arg>AS</arg>
<arg>AT</arg>
<arg>AU</arg>
<arg>AW</arg>
<arg>AX</arg>
<arg>AZ</arg>
<arg>BA</arg>
<arg>BB</arg>
<arg>BD</arg>
<arg>BE</arg>
<arg>BF</arg>
<arg>BG</arg>
<arg>BH</arg>
<arg>BI</arg>
<arg>BJ</arg>
<arg>BL</arg>
<arg>BM</arg>
<arg>BN</arg>
<arg>BO</arg>
<arg>BQ</arg>
<arg>BR</arg>
<arg>BS</arg>
<arg>BT</arg>
<arg>BV</arg>
<arg>BW</arg>
<arg>BY</arg>
<arg>BZ</arg>
<arg>CA</arg>
<arg>CC</arg>
<arg>CD</arg>
<arg>CF</arg>
<arg>CG</arg>
<arg>CH</arg>
<arg>CI</arg>
<arg>CK</arg>
<arg>CL</arg>
<arg>CM</arg>
<arg>CN</arg>
<arg>CO</arg>
<arg>CR</arg>
<arg>CU</arg>
<arg>CV</arg>
<arg>CW</arg>
<arg>CX</arg>
<arg>CY</arg>
<arg>CZ</arg>
<arg>DE</arg>
<arg>DJ</arg>
<arg>DK</arg>
<arg>DM</arg>
<arg>DO</arg>
<arg>DZ</arg>
<arg>EC</arg>
<arg>EE</arg>
<arg>EG</arg>
<arg>EH</arg>
<arg>ER</arg>
<arg>ES</arg>
<arg>ET</arg>
<arg>FI</arg>
<arg>FJ</arg>
<arg>FK</arg>
<arg>FM</arg>
<arg>FO</arg>
<arg>FR</arg>
<arg>GA</arg>
<arg>GB</arg>
<arg>GD</arg>
<arg>GE</arg>
<arg>GF</arg>
<arg>GG</arg>
<arg>GH</arg>
<arg>GI</arg>
<arg>GL</arg>
<arg>GM</arg>
<arg>GN</arg>
<arg>GP</arg>
<arg>GQ</arg>
<arg>GR</arg>
<arg>GS</arg>
<arg>GT</arg>
<arg>GU</arg>
<arg>GW</arg>
<arg>GY</arg>
<arg>HK</arg>
<arg>HM</arg>
<arg>HN</arg>
<arg>HR</arg>
<arg>HT</arg>
<arg>HU</arg>
<arg>ID</arg>
<arg>IE</arg>
<arg>IL</arg>
<arg>IM</arg>
<arg>IN</arg>
<arg>IO</arg>
<arg>IQ</arg>
<arg>IR</arg>
<arg>IS</arg>
<arg>IT</arg>
<arg>JE</arg>
<arg>JM</arg>
<arg>JO</arg>
<arg>JP</arg>
<arg>KE</arg>
<arg>KG</arg>
<arg>KH</arg>
<arg>KI</arg>
<arg>KM</arg>
<arg>KN</arg>
<arg>KP</arg>
<arg>KR</arg>
<arg>KW</arg>
<arg>KY</arg>
<arg>KZ</arg>
<arg>LA</arg>
<arg>LB</arg>
<arg>LC</arg>
<arg>LI</arg>
<arg>LK</arg>
<arg>LR</arg>
<arg>LS</arg>
<arg>LT</arg>
<arg>LU</arg>
<arg>LV</arg>
<arg>LY</arg>
<arg>MA</arg>
<arg>MC</arg>
<arg>MD</arg>
<arg>ME</arg>
<arg>MF</arg>
<arg>MG</arg>
<arg>MH</arg>
<arg>MK</arg>
<arg>ML</arg>
<arg>MM</arg>
<arg>MN</arg>
<arg>MO</arg>
<arg>MP</arg>
<arg>MQ</arg>
<arg>MR</arg>
<arg>MS</arg>
<arg>MT</arg>
<arg>MU</arg>
<arg>MV</arg>
<arg>MW</arg>
<arg>MX</arg>
<arg>MY</arg>
<arg>MZ</arg>
<arg>NA</arg>
<arg>NC</arg>
<arg>NE</arg>
<arg>NF</arg>
<arg>NG</arg>
<arg>NI</arg>
<arg>NL</arg>
<arg>NO</arg>
<arg>NP</arg>
<arg>NR</arg>
<arg>NU</arg>
<arg>NZ</arg>
<arg>OM</arg>
<arg>PA</arg>
<arg>PE</arg>
<arg>PF</arg>
<arg>PG</arg>
<arg>PH</arg>
<arg>PK</arg>
<arg>PL</arg>
<arg>PM</arg>
<arg>PN</arg>
<arg>PR</arg>
<arg>PS</arg>
<arg>PT</arg>
<arg>PW</arg>
<arg>PY</arg>
<arg>QA</arg>
<arg>RE</arg>
<arg>RO</arg>
<arg>RS</arg>
<arg>RU</arg>
<arg>RW</arg>
<arg>SA</arg>
<arg>SB</arg>
<arg>SC</arg>
<arg>SD</arg>
<arg>SE</arg>
<arg>SG</arg>
<arg>SH</arg>
<arg>SI</arg>
<arg>SJ</arg>
<arg>SK</arg>
<arg>SL</arg>
<arg>SM</arg>
<arg>SN</arg>
<arg>SO</arg>
<arg>SR</arg>
<arg>SS</arg>
<arg>ST</arg>
<arg>SV</arg>
<arg>SX</arg>
<arg>SY</arg>
<arg>SZ</arg>
<arg>TC</arg>
<arg>TD</arg>
<arg>TF</arg>
<arg>TG</arg>
<arg>TH</arg>
<arg>TJ</arg>
<arg>TK</arg>
<arg>TL</arg>
<arg>TM</arg>
<arg>TN</arg>
<arg>TO</arg>
<arg>TR</arg>
<arg>TT</arg>
<arg>TV</arg>
<arg>TW</arg>
<arg>TZ</arg>
<arg>UA</arg>
<arg>UG</arg>
<arg>UM</arg>
<arg>US</arg>
<arg>UY</arg>
<arg>UZ</arg>
<arg>VA</arg>
<arg>VC</arg>
<arg>VE</arg>
<arg>VG</arg>
<arg>VI</arg>
<arg>VN</arg>
<arg>VU</arg>
<arg>WF</arg>
<arg>WS</arg>
<arg>XK</arg>
<arg>YE</arg>
<arg>YT</arg>
<arg>ZA</arg>
<arg>ZM</arg>
<arg>ZW</arg>
<doc>Returns a list containing given items.</doc>
<status status="PASS" start="2024-07-25T07:16:16.893086" elapsed="0.000649"/>
</kw>
<kw name="List Should Contain Value" owner="Collections">
<arg>${list_country}</arg>
<arg>${name_country}</arg>
<doc>Fails if the ``value`` is not found from ``list``.</doc>
<status status="PASS" start="2024-07-25T07:16:16.894594" elapsed="0.000190"/>
</kw>
<kw name="Run Keyword If" owner="BuiltIn">
<kw name="Should Be True" owner="BuiltIn">
<arg>${True}</arg>
<doc>Fails if the given condition is not true.</doc>
<status status="PASS" start="2024-07-25T07:16:16.895672" elapsed="0.000142"/>
</kw>
<arg>${json_data["results"][0]["location"]["coordinates"]["latitude"]} &gt;= -90 and ${json_data["results"][0]["location"]["coordinates"]["latitude"]} &lt;= 90</arg>
<arg>Should Be True</arg>
<arg>${True}</arg>
<doc>Runs the given keyword with the given arguments, if ``condition`` is true.</doc>
<status status="PASS" start="2024-07-25T07:16:16.894965" elapsed="0.000972"/>
</kw>
<kw name="Run Keyword If" owner="BuiltIn">
<kw name="Should Be True" owner="BuiltIn">
<arg>${True}</arg>
<doc>Fails if the given condition is not true.</doc>
<status status="PASS" start="2024-07-25T07:16:16.896842" elapsed="0.000134"/>
</kw>
<arg>${json_data["results"][0]["location"]["coordinates"]["longitude"]} &gt;= -180 and ${json_data["results"][0]["location"]["coordinates"]["longitude"]} &lt;= 180</arg>
<arg>Should Be True</arg>
<arg>${True}</arg>
<doc>Runs the given keyword with the given arguments, if ``condition`` is true.</doc>
<status status="PASS" start="2024-07-25T07:16:16.896114" elapsed="0.000983"/>
</kw>
<status status="PASS" start="2024-07-25T07:16:16.791012" elapsed="0.106212"/>
</kw>
<doc>Testa o conteúdo específico dos campos retornados pela API.</doc>
<tag>testeConteudo</tag>
<status status="PASS" start="2024-07-25T07:16:16.790527" elapsed="0.106836"/>
</test>
<status status="PASS" start="2024-07-25T07:16:15.777129" elapsed="1.122124"/>
</suite>
<status status="PASS" start="2024-07-25T07:16:15.762741" elapsed="1.141326"/>
</suite>
<statistics>
<total>
<stat pass="5" fail="0" skip="0">All Tests</stat>
</total>
<tag>
<stat pass="1" fail="0" skip="0">testeConteudo</stat>
<stat pass="1" fail="0" skip="0">testeEstruturaResposta</stat>
<stat pass="1" fail="0" skip="0">testeRequisicaoBasica</stat>
<stat pass="1" fail="0" skip="0">testeTiposDados</stat>
</tag>
<suite>
<stat pass="5" fail="0" skip="0" id="s1" name="Tests">Tests</stat>
<stat pass="5" fail="0" skip="0" id="s1-s1" name="Random-User-Test">Tests.Random-User-Test</stat>
</suite>
</statistics>
<errors>
</errors>
</robot>
