<?xml version="1.0" encoding="UTF-8"?>
<robot generator="Robot 7.0 (Python 3.12.3 on linux)" generated="2024-05-02T15:15:21.345663" rpa="false" schemaversion="5">
<suite id="s1" name="Tests" source="/home/runner/work/DesafioQAItauRogerioJordao/DesafioQAItauRogerioJordao/RamdonUser/tests">
<suite id="s1-s1" name="Random-User-Test" source="/home/runner/work/DesafioQAItauRogerioJordao/DesafioQAItauRogerioJordao/RamdonUser/tests/random-user-test.robot">
<test id="s1-s1-t1" name="Conectar" line="13">
<kw name="Conectar API" owner="random-user-service">
<kw name="Create Session" owner="RequestsLibrary">
<msg time="2024-05-02T15:15:21.716015" level="INFO">Creating Session using : alias=consultarAPI, url=https://randomuser.me/, headers={},                     cookies={}, auth=None, timeout=None, proxies=None, verify=False,                     debug=0 </msg>
<arg>consultarAPI</arg>
<arg>${URL}</arg>
<doc>Create Session: create a HTTP session to a server</doc>
<status status="PASS" start="2024-05-02T15:15:21.715815" elapsed="0.000376"/>
</kw>
<status status="PASS" start="2024-05-02T15:15:21.714864" elapsed="0.001681"/>
</kw>
<status status="PASS" start="2024-05-02T15:15:21.714335" elapsed="0.002405"/>
</test>
<test id="s1-s1-t2" name="Validar retorno 200 e JSON Válido" line="16">
<kw name="Teste de Requisicao Basica" owner="random-user-service">
<kw name="GET On Session" owner="RequestsLibrary">
<msg time="2024-05-02T15:15:22.176488" level="INFO">GET Request : url=https://randomuser.me/api 
 path_url=/api 
 headers={'User-Agent': 'python-requests/2.31.0', 'Accept-Encoding': 'gzip, deflate', 'Accept': '*/*', 'Connection': 'keep-alive'} 
 body=None 
 </msg>
<msg time="2024-05-02T15:15:22.176640" level="INFO">GET Response : url=https://randomuser.me/api 
 status=200, reason=OK 
 headers={'Date': 'Thu, 02 May 2024 15:15:22 GMT', 'Content-Type': 'application/json; charset=utf-8', 'Transfer-Encoding': 'chunked', 'Connection': 'keep-alive', 'X-Powered-By': 'Express', 'Access-Control-Allow-Origin': '*', 'Cache-Control': 'no-cache', 'ETag': 'W/"487-1Qlh4beIOEJIvhPW9x+p88tb5kY"', 'Vary': 'Accept-Encoding', 'Content-Encoding': 'gzip', 'CF-Cache-Status': 'DYNAMIC', 'Report-To': '{"endpoints":[{"url":"https:\\/\\/a.nel.cloudflare.com\\/report\\/v4?s=WsEoagMxSaVJcfSZOYoFfPsihoVKV4hLJ2LvdKvfvELx0sHxE%2Fqu9BPFl%2BcNZKw2UgyKdTiRjnvk2GcVdA9AClHVmsSBro%2BnJUtk5LqEdgd4yZ47BhyG9BpgWzUhi0Q8"}],"group":"cf-nel","max_age":604800}', 'NEL': '{"success_fraction":0,"report_to":"cf-nel","max_age":604800}', 'Server': 'cloudflare', 'CF-RAY': '87d8f75d189fdbbe-LAX', 'alt-svc': 'h3=":443"; ma=86400'} 
 body={"results":[{"gender":"male","name":{"title":"Mr","first":"Nichlas","last":"Ihlen"},"location":{"street":{"number":4419,"name":"Traneveien"},"city":"Sørumsand","state":"Akershus","country":"Norway","postcode":"4864","coordinates":{"latitude":"42.6970","longitude":"-81.9495"},"timezone":{"offset":"+8:00","description":"Beijing, Perth, Singapore, Hong Kong"}},"email":"nichlas.ihlen@example.com","login":{"uuid":"a6d7ed06-52c6-4664-9629-f20ee685670e","username":"blackmeercat954","password":"hellyeah","salt":"vkXAxzr3","md5":"e435049eaa1ed82202746d921f378e67","sha1":"73f9ca90c3c7d555547632b5b97c132bac8aab1d","sha256":"0f02f38042ba459a5d59f02f38e353d0975a9bb4d95253841c9236a161167e95"},"dob":{"date":"1951-10-01T05:20:24.636Z","age":72},"registered":{"date":"2002-12-28T11:11:25.811Z","age":21},"phone":"84533408","cell":"44205943","id":{"name":"FN","value":"01105114962"},"picture":{"large":"https://randomuser.me/api/portraits/men/90.jpg","medium":"https://randomuser.me/api/portraits/med/men/90.jpg","thumbnail":"https://randomuser.me/api/portraits/thumb/men/90.jpg"},"nat":"NO"}],"info":{"seed":"0a103c56ab6d8d75","results":1,"page":1,"version":"1.4"}} 
 </msg>
<msg time="2024-05-02T15:15:22.176732" level="INFO">/opt/hostedtoolcache/Python/3.12.3/x64/lib/python3.12/site-packages/urllib3/connectionpool.py:1103: InsecureRequestWarning: Unverified HTTPS request is being made to host 'randomuser.me'. Adding certificate verification is strongly advised. See: https://urllib3.readthedocs.io/en/latest/advanced-usage.html#tls-warnings
  warnings.warn(</msg>
<msg time="2024-05-02T15:15:22.176901" level="INFO">${response} = &lt;Response [200]&gt;</msg>
<var>${response}</var>
<arg>consultarAPI</arg>
<arg>/api</arg>
<doc>Sends a GET request on a previously created HTTP Session.</doc>
<status status="PASS" start="2024-05-02T15:15:21.719356" elapsed="0.457594"/>
</kw>
<kw name="Should Be Equal As Numbers" owner="BuiltIn">
<msg time="2024-05-02T15:15:22.177873" level="INFO">Argument types are:
&lt;class 'int'&gt;
&lt;class 'str'&gt;</msg>
<arg>${response.status_code}</arg>
<arg>200</arg>
<doc>Fails if objects are unequal after converting them to real numbers.</doc>
<status status="PASS" start="2024-05-02T15:15:22.177404" elapsed="0.000533"/>
</kw>
<kw name="Log" owner="BuiltIn">
<msg time="2024-05-02T15:15:22.178620" level="INFO">200</msg>
<arg>${response.status_code}</arg>
<doc>Logs the given message with the given level.</doc>
<status status="PASS" start="2024-05-02T15:15:22.178273" elapsed="0.000387"/>
</kw>
<kw name="Set Variable" owner="BuiltIn">
<msg time="2024-05-02T15:15:22.179394" level="INFO">${json_data} = {'results': [{'gender': 'male', 'name': {'title': 'Mr', 'first': 'Nichlas', 'last': 'Ihlen'}, 'location': {'street': {'number': 4419, 'name': 'Traneveien'}, 'city': 'Sørumsand', 'state': 'Akershus', '...</msg>
<var>${json_data}</var>
<arg>${response.json()}</arg>
<doc>Returns the given values which can then be assigned to a variables.</doc>
<status status="PASS" start="2024-05-02T15:15:22.178955" elapsed="0.000467"/>
</kw>
<kw name="Dictionary Should Contain Key" owner="Collections">
<msg time="2024-05-02T15:15:22.179885" level="INFO">False</msg>
<arg>${json_data}</arg>
<arg>results</arg>
<doc>Fails if ``key`` is not found from ``dictionary``.</doc>
<status status="PASS" start="2024-05-02T15:15:22.179723" elapsed="0.000200"/>
</kw>
<status status="PASS" start="2024-05-02T15:15:21.719108" elapsed="0.461064"/>
</kw>
<doc>Testa se a API responde corretamente e retorna um objeto JSON válido.</doc>
<tag>testeRequisicaoBasica</tag>
<status status="PASS" start="2024-05-02T15:15:21.718654" elapsed="0.461689"/>
</test>
<test id="s1-s1-t3" name="Validar estrutura de resposta" line="22">
<kw name="Teste de Estrutura de Resposta" owner="random-user-service">
<kw name="GET On Session" owner="RequestsLibrary">
<msg time="2024-05-02T15:15:22.294039" level="INFO">GET Request : url=https://randomuser.me/api 
 path_url=/api 
 headers={'User-Agent': 'python-requests/2.31.0', 'Accept-Encoding': 'gzip, deflate', 'Accept': '*/*', 'Connection': 'keep-alive'} 
 body=None 
 </msg>
<msg time="2024-05-02T15:15:22.294118" level="INFO">GET Response : url=https://randomuser.me/api 
 status=200, reason=OK 
 headers={'Date': 'Thu, 02 May 2024 15:15:22 GMT', 'Content-Type': 'application/json; charset=utf-8', 'Transfer-Encoding': 'chunked', 'Connection': 'keep-alive', 'X-Powered-By': 'Express', 'Access-Control-Allow-Origin': '*', 'Cache-Control': 'no-cache', 'ETag': 'W/"47a-J2rx/w7HBq9mNrwI/8O0GtbKKIU"', 'Vary': 'Accept-Encoding', 'Content-Encoding': 'gzip', 'CF-Cache-Status': 'DYNAMIC', 'Report-To': '{"endpoints":[{"url":"https:\\/\\/a.nel.cloudflare.com\\/report\\/v4?s=faAOihrtMbNep3nvVRDGLC657YXR%2BtrnaU6iWK1sImbhVFk%2BtGS%2FG%2BrqeiHKATq%2Ff3PHhouvNq5e3ruoO1K2x7zYqdz3TrOJdhE0iw8h5UlLcgfk1WEkQfoHBAu8Bdg1"}],"group":"cf-nel","max_age":604800}', 'NEL': '{"success_fraction":0,"report_to":"cf-nel","max_age":604800}', 'Server': 'cloudflare', 'CF-RAY': '87d8f75fac36dbbe-LAX', 'alt-svc': 'h3=":443"; ma=86400'} 
 body={"results":[{"gender":"male","name":{"title":"Mr","first":"Ved","last":"Dalvi"},"location":{"street":{"number":2466,"name":"Bhootnath Rd"},"city":"Raebareli","state":"Daman and Diu","country":"India","postcode":78374,"coordinates":{"latitude":"9.1257","longitude":"-17.5278"},"timezone":{"offset":"-1:00","description":"Azores, Cape Verde Islands"}},"email":"ved.dalvi@example.com","login":{"uuid":"f3631c3c-ca23-44bb-bc04-bd4218c9c14a","username":"angryfish739","password":"shell","salt":"UMjnsRS7","md5":"4f2576afaa83664665d5b117668aafc6","sha1":"f4a6cc21f03105458b1d1f4c69208067e3da2998","sha256":"af4fa4b3008f0f8b261decd820382e91ea6eb9a733e926f3deca4ab1601c0c67"},"dob":{"date":"1994-02-07T02:13:19.716Z","age":30},"registered":{"date":"2007-05-09T02:57:26.413Z","age":16},"phone":"7575712670","cell":"9820960603","id":{"name":"UIDAI","value":"153805857916"},"picture":{"large":"https://randomuser.me/api/portraits/men/13.jpg","medium":"https://randomuser.me/api/portraits/med/men/13.jpg","thumbnail":"https://randomuser.me/api/portraits/thumb/men/13.jpg"},"nat":"IN"}],"info":{"seed":"0bc027af1d64c8d9","results":1,"page":1,"version":"1.4"}} 
 </msg>
<msg time="2024-05-02T15:15:22.294220" level="INFO">/opt/hostedtoolcache/Python/3.12.3/x64/lib/python3.12/site-packages/urllib3/connectionpool.py:1103: InsecureRequestWarning: Unverified HTTPS request is being made to host 'randomuser.me'. Adding certificate verification is strongly advised. See: https://urllib3.readthedocs.io/en/latest/advanced-usage.html#tls-warnings
  warnings.warn(</msg>
<msg time="2024-05-02T15:15:22.294330" level="INFO">${response} = &lt;Response [200]&gt;</msg>
<var>${response}</var>
<arg>consultarAPI</arg>
<arg>/api</arg>
<doc>Sends a GET request on a previously created HTTP Session.</doc>
<status status="PASS" start="2024-05-02T15:15:22.182902" elapsed="0.111467"/>
</kw>
<kw name="Set Variable" owner="BuiltIn">
<msg time="2024-05-02T15:15:22.295173" level="INFO">${json_data} = {'results': [{'gender': 'male', 'name': {'title': 'Mr', 'first': 'Ved', 'last': 'Dalvi'}, 'location': {'street': {'number': 2466, 'name': 'Bhootnath Rd'}, 'city': 'Raebareli', 'state': 'Daman and Diu'...</msg>
<var>${json_data}</var>
<arg>${response.json()}</arg>
<doc>Returns the given values which can then be assigned to a variables.</doc>
<status status="PASS" start="2024-05-02T15:15:22.294725" elapsed="0.000476"/>
</kw>
<kw name="Log" owner="BuiltIn">
<msg time="2024-05-02T15:15:22.295658" level="INFO">{'results': [{'gender': 'male', 'name': {'title': 'Mr', 'first': 'Ved', 'last': 'Dalvi'}, 'location': {'street': {'number': 2466, 'name': 'Bhootnath Rd'}, 'city': 'Raebareli', 'state': 'Daman and Diu', 'country': 'India', 'postcode': 78374, 'coordinates': {'latitude': '9.1257', 'longitude': '-17.5278'}, 'timezone': {'offset': '-1:00', 'description': 'Azores, Cape Verde Islands'}}, 'email': 'ved.dalvi@example.com', 'login': {'uuid': 'f3631c3c-ca23-44bb-bc04-bd4218c9c14a', 'username': 'angryfish739', 'password': 'shell', 'salt': 'UMjnsRS7', 'md5': '4f2576afaa83664665d5b117668aafc6', 'sha1': 'f4a6cc21f03105458b1d1f4c69208067e3da2998', 'sha256': 'af4fa4b3008f0f8b261decd820382e91ea6eb9a733e926f3deca4ab1601c0c67'}, 'dob': {'date': '1994-02-07T02:13:19.716Z', 'age': 30}, 'registered': {'date': '2007-05-09T02:57:26.413Z', 'age': 16}, 'phone': '7575712670', 'cell': '9820960603', 'id': {'name': 'UIDAI', 'value': '153805857916'}, 'picture': {'large': 'https://randomuser.me/api/portraits/men/13.jpg', 'medium': 'https://randomuser.me/api/portraits/med/men/13.jpg', 'thumbnail': 'https://randomuser.me/api/portraits/thumb/men/13.jpg'}, 'nat': 'IN'}], 'info': {'seed': '0bc027af1d64c8d9', 'results': 1, 'page': 1, 'version': '1.4'}}</msg>
<arg>${json_data}</arg>
<doc>Logs the given message with the given level.</doc>
<status status="PASS" start="2024-05-02T15:15:22.295499" elapsed="0.000207"/>
</kw>
<kw name="Dictionary Should Contain Key" owner="Collections">
<msg time="2024-05-02T15:15:22.296151" level="INFO">False</msg>
<arg>${json_data}</arg>
<arg>results</arg>
<doc>Fails if ``key`` is not found from ``dictionary``.</doc>
<status status="PASS" start="2024-05-02T15:15:22.296002" elapsed="0.000186"/>
</kw>
<kw name="Should Not Be Empty" owner="BuiltIn">
<msg time="2024-05-02T15:15:22.296600" level="INFO">Length is 2.</msg>
<arg>${json_data}</arg>
<doc>Verifies that the given item is not empty.</doc>
<status status="PASS" start="2024-05-02T15:15:22.296472" elapsed="0.000164"/>
</kw>
<kw name="Create List" owner="BuiltIn">
<msg time="2024-05-02T15:15:22.297194" level="INFO">${expected_keys} = ['gender', 'name', 'location', 'email', 'login']</msg>
<var>${expected_keys}</var>
<arg>gender</arg>
<arg>name</arg>
<arg>location</arg>
<arg>email</arg>
<arg>login</arg>
<doc>Returns a list containing given items.</doc>
<status status="PASS" start="2024-05-02T15:15:22.296921" elapsed="0.000297"/>
</kw>
<for flavor="IN">
<iter>
<kw name="Dictionary Should Contain Key" owner="Collections">
<msg time="2024-05-02T15:15:22.298204" level="INFO">False</msg>
<arg>${json_data['results'][0]}</arg>
<arg>${key}</arg>
<doc>Fails if ``key`` is not found from ``dictionary``.</doc>
<status status="PASS" start="2024-05-02T15:15:22.297807" elapsed="0.000434"/>
</kw>
<kw name="Log" owner="BuiltIn">
<msg time="2024-05-02T15:15:22.298943" level="INFO">{'gender': 'male', 'name': {'title': 'Mr', 'first': 'Ved', 'last': 'Dalvi'}, 'location': {'street': {'number': 2466, 'name': 'Bhootnath Rd'}, 'city': 'Raebareli', 'state': 'Daman and Diu', 'country': 'India', 'postcode': 78374, 'coordinates': {'latitude': '9.1257', 'longitude': '-17.5278'}, 'timezone': {'offset': '-1:00', 'description': 'Azores, Cape Verde Islands'}}, 'email': 'ved.dalvi@example.com', 'login': {'uuid': 'f3631c3c-ca23-44bb-bc04-bd4218c9c14a', 'username': 'angryfish739', 'password': 'shell', 'salt': 'UMjnsRS7', 'md5': '4f2576afaa83664665d5b117668aafc6', 'sha1': 'f4a6cc21f03105458b1d1f4c69208067e3da2998', 'sha256': 'af4fa4b3008f0f8b261decd820382e91ea6eb9a733e926f3deca4ab1601c0c67'}, 'dob': {'date': '1994-02-07T02:13:19.716Z', 'age': 30}, 'registered': {'date': '2007-05-09T02:57:26.413Z', 'age': 16}, 'phone': '7575712670', 'cell': '9820960603', 'id': {'name': 'UIDAI', 'value': '153805857916'}, 'picture': {'large': 'https://randomuser.me/api/portraits/men/13.jpg', 'medium': 'https://randomuser.me/api/portraits/med/men/13.jpg', 'thumbnail': 'https://randomuser.me/api/portraits/thumb/men/13.jpg'}, 'nat': 'IN'}</msg>
<arg>${json_data['results'][0]}</arg>
<doc>Logs the given message with the given level.</doc>
<status status="PASS" start="2024-05-02T15:15:22.298577" elapsed="0.000414"/>
</kw>
<kw name="Log" owner="BuiltIn">
<msg time="2024-05-02T15:15:22.299411" level="INFO">gender</msg>
<arg>${key}</arg>
<doc>Logs the given message with the given level.</doc>
<status status="PASS" start="2024-05-02T15:15:22.299284" elapsed="0.000163"/>
</kw>
<var name="${key}">gender</var>
<status status="PASS" start="2024-05-02T15:15:22.297657" elapsed="0.002002"/>
</iter>
<iter>
<kw name="Dictionary Should Contain Key" owner="Collections">
<msg time="2024-05-02T15:15:22.300331" level="INFO">False</msg>
<arg>${json_data['results'][0]}</arg>
<arg>${key}</arg>
<doc>Fails if ``key`` is not found from ``dictionary``.</doc>
<status status="PASS" start="2024-05-02T15:15:22.299952" elapsed="0.000415"/>
</kw>
<kw name="Log" owner="BuiltIn">
<msg time="2024-05-02T15:15:22.301039" level="INFO">{'gender': 'male', 'name': {'title': 'Mr', 'first': 'Ved', 'last': 'Dalvi'}, 'location': {'street': {'number': 2466, 'name': 'Bhootnath Rd'}, 'city': 'Raebareli', 'state': 'Daman and Diu', 'country': 'India', 'postcode': 78374, 'coordinates': {'latitude': '9.1257', 'longitude': '-17.5278'}, 'timezone': {'offset': '-1:00', 'description': 'Azores, Cape Verde Islands'}}, 'email': 'ved.dalvi@example.com', 'login': {'uuid': 'f3631c3c-ca23-44bb-bc04-bd4218c9c14a', 'username': 'angryfish739', 'password': 'shell', 'salt': 'UMjnsRS7', 'md5': '4f2576afaa83664665d5b117668aafc6', 'sha1': 'f4a6cc21f03105458b1d1f4c69208067e3da2998', 'sha256': 'af4fa4b3008f0f8b261decd820382e91ea6eb9a733e926f3deca4ab1601c0c67'}, 'dob': {'date': '1994-02-07T02:13:19.716Z', 'age': 30}, 'registered': {'date': '2007-05-09T02:57:26.413Z', 'age': 16}, 'phone': '7575712670', 'cell': '9820960603', 'id': {'name': 'UIDAI', 'value': '153805857916'}, 'picture': {'large': 'https://randomuser.me/api/portraits/men/13.jpg', 'medium': 'https://randomuser.me/api/portraits/med/men/13.jpg', 'thumbnail': 'https://randomuser.me/api/portraits/thumb/men/13.jpg'}, 'nat': 'IN'}</msg>
<arg>${json_data['results'][0]}</arg>
<doc>Logs the given message with the given level.</doc>
<status status="PASS" start="2024-05-02T15:15:22.300682" elapsed="0.000405"/>
</kw>
<kw name="Log" owner="BuiltIn">
<msg time="2024-05-02T15:15:22.301508" level="INFO">name</msg>
<arg>${key}</arg>
<doc>Logs the given message with the given level.</doc>
<status status="PASS" start="2024-05-02T15:15:22.301383" elapsed="0.000161"/>
</kw>
<var name="${key}">name</var>
<status status="PASS" start="2024-05-02T15:15:22.299840" elapsed="0.001935"/>
</iter>
<iter>
<kw name="Dictionary Should Contain Key" owner="Collections">
<msg time="2024-05-02T15:15:22.302444" level="INFO">False</msg>
<arg>${json_data['results'][0]}</arg>
<arg>${key}</arg>
<doc>Fails if ``key`` is not found from ``dictionary``.</doc>
<status status="PASS" start="2024-05-02T15:15:22.302065" elapsed="0.000416"/>
</kw>
<kw name="Log" owner="BuiltIn">
<msg time="2024-05-02T15:15:22.303130" level="INFO">{'gender': 'male', 'name': {'title': 'Mr', 'first': 'Ved', 'last': 'Dalvi'}, 'location': {'street': {'number': 2466, 'name': 'Bhootnath Rd'}, 'city': 'Raebareli', 'state': 'Daman and Diu', 'country': 'India', 'postcode': 78374, 'coordinates': {'latitude': '9.1257', 'longitude': '-17.5278'}, 'timezone': {'offset': '-1:00', 'description': 'Azores, Cape Verde Islands'}}, 'email': 'ved.dalvi@example.com', 'login': {'uuid': 'f3631c3c-ca23-44bb-bc04-bd4218c9c14a', 'username': 'angryfish739', 'password': 'shell', 'salt': 'UMjnsRS7', 'md5': '4f2576afaa83664665d5b117668aafc6', 'sha1': 'f4a6cc21f03105458b1d1f4c69208067e3da2998', 'sha256': 'af4fa4b3008f0f8b261decd820382e91ea6eb9a733e926f3deca4ab1601c0c67'}, 'dob': {'date': '1994-02-07T02:13:19.716Z', 'age': 30}, 'registered': {'date': '2007-05-09T02:57:26.413Z', 'age': 16}, 'phone': '7575712670', 'cell': '9820960603', 'id': {'name': 'UIDAI', 'value': '153805857916'}, 'picture': {'large': 'https://randomuser.me/api/portraits/men/13.jpg', 'medium': 'https://randomuser.me/api/portraits/med/men/13.jpg', 'thumbnail': 'https://randomuser.me/api/portraits/thumb/men/13.jpg'}, 'nat': 'IN'}</msg>
<arg>${json_data['results'][0]}</arg>
<doc>Logs the given message with the given level.</doc>
<status status="PASS" start="2024-05-02T15:15:22.302773" elapsed="0.000404"/>
</kw>
<kw name="Log" owner="BuiltIn">
<msg time="2024-05-02T15:15:22.303584" level="INFO">location</msg>
<arg>${key}</arg>
<doc>Logs the given message with the given level.</doc>
<status status="PASS" start="2024-05-02T15:15:22.303461" elapsed="0.000159"/>
</kw>
<var name="${key}">location</var>
<status status="PASS" start="2024-05-02T15:15:22.301955" elapsed="0.001873"/>
</iter>
<iter>
<kw name="Dictionary Should Contain Key" owner="Collections">
<msg time="2024-05-02T15:15:22.304480" level="INFO">False</msg>
<arg>${json_data['results'][0]}</arg>
<arg>${key}</arg>
<doc>Fails if ``key`` is not found from ``dictionary``.</doc>
<status status="PASS" start="2024-05-02T15:15:22.304106" elapsed="0.000410"/>
</kw>
<kw name="Log" owner="BuiltIn">
<msg time="2024-05-02T15:15:22.305165" level="INFO">{'gender': 'male', 'name': {'title': 'Mr', 'first': 'Ved', 'last': 'Dalvi'}, 'location': {'street': {'number': 2466, 'name': 'Bhootnath Rd'}, 'city': 'Raebareli', 'state': 'Daman and Diu', 'country': 'India', 'postcode': 78374, 'coordinates': {'latitude': '9.1257', 'longitude': '-17.5278'}, 'timezone': {'offset': '-1:00', 'description': 'Azores, Cape Verde Islands'}}, 'email': 'ved.dalvi@example.com', 'login': {'uuid': 'f3631c3c-ca23-44bb-bc04-bd4218c9c14a', 'username': 'angryfish739', 'password': 'shell', 'salt': 'UMjnsRS7', 'md5': '4f2576afaa83664665d5b117668aafc6', 'sha1': 'f4a6cc21f03105458b1d1f4c69208067e3da2998', 'sha256': 'af4fa4b3008f0f8b261decd820382e91ea6eb9a733e926f3deca4ab1601c0c67'}, 'dob': {'date': '1994-02-07T02:13:19.716Z', 'age': 30}, 'registered': {'date': '2007-05-09T02:57:26.413Z', 'age': 16}, 'phone': '7575712670', 'cell': '9820960603', 'id': {'name': 'UIDAI', 'value': '153805857916'}, 'picture': {'large': 'https://randomuser.me/api/portraits/men/13.jpg', 'medium': 'https://randomuser.me/api/portraits/med/men/13.jpg', 'thumbnail': 'https://randomuser.me/api/portraits/thumb/men/13.jpg'}, 'nat': 'IN'}</msg>
<arg>${json_data['results'][0]}</arg>
<doc>Logs the given message with the given level.</doc>
<status status="PASS" start="2024-05-02T15:15:22.304807" elapsed="0.000405"/>
</kw>
<kw name="Log" owner="BuiltIn">
<msg time="2024-05-02T15:15:22.305621" level="INFO">email</msg>
<arg>${key}</arg>
<doc>Logs the given message with the given level.</doc>
<status status="PASS" start="2024-05-02T15:15:22.305500" elapsed="0.000158"/>
</kw>
<var name="${key}">email</var>
<status status="PASS" start="2024-05-02T15:15:22.303998" elapsed="0.001894"/>
</iter>
<iter>
<kw name="Dictionary Should Contain Key" owner="Collections">
<msg time="2024-05-02T15:15:22.306549" level="INFO">False</msg>
<arg>${json_data['results'][0]}</arg>
<arg>${key}</arg>
<doc>Fails if ``key`` is not found from ``dictionary``.</doc>
<status status="PASS" start="2024-05-02T15:15:22.306171" elapsed="0.000414"/>
</kw>
<kw name="Log" owner="BuiltIn">
<msg time="2024-05-02T15:15:22.307227" level="INFO">{'gender': 'male', 'name': {'title': 'Mr', 'first': 'Ved', 'last': 'Dalvi'}, 'location': {'street': {'number': 2466, 'name': 'Bhootnath Rd'}, 'city': 'Raebareli', 'state': 'Daman and Diu', 'country': 'India', 'postcode': 78374, 'coordinates': {'latitude': '9.1257', 'longitude': '-17.5278'}, 'timezone': {'offset': '-1:00', 'description': 'Azores, Cape Verde Islands'}}, 'email': 'ved.dalvi@example.com', 'login': {'uuid': 'f3631c3c-ca23-44bb-bc04-bd4218c9c14a', 'username': 'angryfish739', 'password': 'shell', 'salt': 'UMjnsRS7', 'md5': '4f2576afaa83664665d5b117668aafc6', 'sha1': 'f4a6cc21f03105458b1d1f4c69208067e3da2998', 'sha256': 'af4fa4b3008f0f8b261decd820382e91ea6eb9a733e926f3deca4ab1601c0c67'}, 'dob': {'date': '1994-02-07T02:13:19.716Z', 'age': 30}, 'registered': {'date': '2007-05-09T02:57:26.413Z', 'age': 16}, 'phone': '7575712670', 'cell': '9820960603', 'id': {'name': 'UIDAI', 'value': '153805857916'}, 'picture': {'large': 'https://randomuser.me/api/portraits/men/13.jpg', 'medium': 'https://randomuser.me/api/portraits/med/men/13.jpg', 'thumbnail': 'https://randomuser.me/api/portraits/thumb/men/13.jpg'}, 'nat': 'IN'}</msg>
<arg>${json_data['results'][0]}</arg>
<doc>Logs the given message with the given level.</doc>
<status status="PASS" start="2024-05-02T15:15:22.306870" elapsed="0.000404"/>
</kw>
<kw name="Log" owner="BuiltIn">
<msg time="2024-05-02T15:15:22.307695" level="INFO">login</msg>
<arg>${key}</arg>
<doc>Logs the given message with the given level.</doc>
<status status="PASS" start="2024-05-02T15:15:22.307563" elapsed="0.000170"/>
</kw>
<var name="${key}">login</var>
<status status="PASS" start="2024-05-02T15:15:22.306063" elapsed="0.001879"/>
</iter>
<var>${key}</var>
<value>@{expected_keys}</value>
<status status="PASS" start="2024-05-02T15:15:22.297476" elapsed="0.010615"/>
</for>
<kw name="Create List" owner="BuiltIn">
<msg time="2024-05-02T15:15:22.308424" level="INFO">${expected_keysTwo} = ['username', 'password']</msg>
<var>${expected_keysTwo}</var>
<arg>username</arg>
<arg>password</arg>
<doc>Returns a list containing given items.</doc>
<status status="PASS" start="2024-05-02T15:15:22.308287" elapsed="0.000160"/>
</kw>
<for flavor="IN">
<iter>
<kw name="Dictionary Should Contain Key" owner="Collections">
<msg time="2024-05-02T15:15:22.309334" level="INFO">False</msg>
<arg>${json_data['results'][0]['login']}</arg>
<arg>${keyTwo}</arg>
<doc>Fails if ``key`` is not found from ``dictionary``.</doc>
<status status="PASS" start="2024-05-02T15:15:22.308941" elapsed="0.000430"/>
</kw>
<kw name="Dictionary Should Contain Key" owner="Collections">
<msg time="2024-05-02T15:15:22.310059" level="INFO">False</msg>
<arg>${json_data['results'][0]['login']}</arg>
<arg>${keyTwo}</arg>
<doc>Fails if ``key`` is not found from ``dictionary``.</doc>
<status status="PASS" start="2024-05-02T15:15:22.309660" elapsed="0.000435"/>
</kw>
<kw name="Log" owner="BuiltIn">
<msg time="2024-05-02T15:15:22.310507" level="INFO">username</msg>
<arg>${keyTwo}</arg>
<doc>Logs the given message with the given level.</doc>
<status status="PASS" start="2024-05-02T15:15:22.310383" elapsed="0.000166"/>
</kw>
<var name="${keyTwo}">username</var>
<status status="PASS" start="2024-05-02T15:15:22.308832" elapsed="0.001929"/>
</iter>
<iter>
<kw name="Dictionary Should Contain Key" owner="Collections">
<msg time="2024-05-02T15:15:22.311419" level="INFO">False</msg>
<arg>${json_data['results'][0]['login']}</arg>
<arg>${keyTwo}</arg>
<doc>Fails if ``key`` is not found from ``dictionary``.</doc>
<status status="PASS" start="2024-05-02T15:15:22.311036" elapsed="0.000420"/>
</kw>
<kw name="Dictionary Should Contain Key" owner="Collections">
<msg time="2024-05-02T15:15:22.312201" level="INFO">False</msg>
<arg>${json_data['results'][0]['login']}</arg>
<arg>${keyTwo}</arg>
<doc>Fails if ``key`` is not found from ``dictionary``.</doc>
<status status="PASS" start="2024-05-02T15:15:22.311743" elapsed="0.000496"/>
</kw>
<kw name="Log" owner="BuiltIn">
<msg time="2024-05-02T15:15:22.312662" level="INFO">password</msg>
<arg>${keyTwo}</arg>
<doc>Logs the given message with the given level.</doc>
<status status="PASS" start="2024-05-02T15:15:22.312527" elapsed="0.000170"/>
</kw>
<var name="${keyTwo}">password</var>
<status status="PASS" start="2024-05-02T15:15:22.310929" elapsed="0.001979"/>
</iter>
<var>${keyTwo}</var>
<value>@{expected_keysTwo}</value>
<status status="PASS" start="2024-05-02T15:15:22.308679" elapsed="0.004347"/>
</for>
<status status="PASS" start="2024-05-02T15:15:22.182657" elapsed="0.130504"/>
</kw>
<doc>Testa a estrutura da resposta da API.</doc>
<tag>testeEstruturaResposta</tag>
<status status="PASS" start="2024-05-02T15:15:22.182160" elapsed="0.131145"/>
</test>
<test id="s1-s1-t4" name="Validar tipos de dados" line="28">
<kw name="Teste de Tipos de Dados" owner="random-user-service">
<kw name="GET On Session" owner="RequestsLibrary">
<msg time="2024-05-02T15:15:22.419787" level="INFO">GET Request : url=https://randomuser.me/api 
 path_url=/api 
 headers={'User-Agent': 'python-requests/2.31.0', 'Accept-Encoding': 'gzip, deflate', 'Accept': '*/*', 'Connection': 'keep-alive'} 
 body=None 
 </msg>
<msg time="2024-05-02T15:15:22.419862" level="INFO">GET Response : url=https://randomuser.me/api 
 status=200, reason=OK 
 headers={'Date': 'Thu, 02 May 2024 15:15:22 GMT', 'Content-Type': 'application/json; charset=utf-8', 'Transfer-Encoding': 'chunked', 'Connection': 'keep-alive', 'X-Powered-By': 'Express', 'Access-Control-Allow-Origin': '*', 'Cache-Control': 'no-cache', 'ETag': 'W/"475-4rw9iEjoYZrnarYKZLlXMt5kal8"', 'Vary': 'Accept-Encoding', 'Content-Encoding': 'gzip', 'CF-Cache-Status': 'DYNAMIC', 'Report-To': '{"endpoints":[{"url":"https:\\/\\/a.nel.cloudflare.com\\/report\\/v4?s=3yCTpc3fsR7Efm1mh2GcR059iqQpcFqg2ZhU22hWRR%2FVbTnd9mQ4lO29%2F17XOm0T0Oe8wen%2BlTJKfIUz7SKhWZ92wbGF%2Bic31u%2BCwS%2FAUn5XziUxcrORa3wjzVVkJZZp"}],"group":"cf-nel","max_age":604800}', 'NEL': '{"success_fraction":0,"report_to":"cf-nel","max_age":604800}', 'Server': 'cloudflare', 'CF-RAY': '87d8f7608d54dbbe-LAX', 'alt-svc': 'h3=":443"; ma=86400'} 
 body={"results":[{"gender":"male","name":{"title":"Mr","first":"Martin","last":"Wood"},"location":{"street":{"number":9268,"name":"Lone Wolf Trail"},"city":"Orlando","state":"Mississippi","country":"United States","postcode":42583,"coordinates":{"latitude":"89.9869","longitude":"-118.2606"},"timezone":{"offset":"+3:30","description":"Tehran"}},"email":"martin.wood@example.com","login":{"uuid":"af9e7a75-189b-478a-a712-8ddda6ecb5ea","username":"bigcat592","password":"joseph","salt":"eIJRBHQO","md5":"8a363a5b269d9b5748796d0da92aced9","sha1":"57d7077cb2080b27cbafe96ced426a8b216b8a26","sha256":"48f0c5a9dddba68f35f30234da823802be492831db3af64eed334e422ebaf6b2"},"dob":{"date":"1991-10-28T08:48:36.896Z","age":32},"registered":{"date":"2018-09-26T07:15:09.570Z","age":5},"phone":"(749) 873-9605","cell":"(528) 646-7806","id":{"name":"SSN","value":"213-06-9305"},"picture":{"large":"https://randomuser.me/api/portraits/men/85.jpg","medium":"https://randomuser.me/api/portraits/med/men/85.jpg","thumbnail":"https://randomuser.me/api/portraits/thumb/men/85.jpg"},"nat":"US"}],"info":{"seed":"781fd8f24b2f762c","results":1,"page":1,"version":"1.4"}} 
 </msg>
<msg time="2024-05-02T15:15:22.419931" level="INFO">/opt/hostedtoolcache/Python/3.12.3/x64/lib/python3.12/site-packages/urllib3/connectionpool.py:1103: InsecureRequestWarning: Unverified HTTPS request is being made to host 'randomuser.me'. Adding certificate verification is strongly advised. See: https://urllib3.readthedocs.io/en/latest/advanced-usage.html#tls-warnings
  warnings.warn(</msg>
<msg time="2024-05-02T15:15:22.420059" level="INFO">${response} = &lt;Response [200]&gt;</msg>
<var>${response}</var>
<arg>consultarAPI</arg>
<arg>/api</arg>
<doc>Sends a GET request on a previously created HTTP Session.</doc>
<status status="PASS" start="2024-05-02T15:15:22.315787" elapsed="0.104324"/>
</kw>
<kw name="Set Variable" owner="BuiltIn">
<msg time="2024-05-02T15:15:22.420976" level="INFO">${json_data} = {'results': [{'gender': 'male', 'name': {'title': 'Mr', 'first': 'Martin', 'last': 'Wood'}, 'location': {'street': {'number': 9268, 'name': 'Lone Wolf Trail'}, 'city': 'Orlando', 'state': 'Mississippi...</msg>
<var>${json_data}</var>
<arg>${response.json()}</arg>
<doc>Returns the given values which can then be assigned to a variables.</doc>
<status status="PASS" start="2024-05-02T15:15:22.420533" elapsed="0.000471"/>
</kw>
<kw name="Log" owner="BuiltIn">
<msg time="2024-05-02T15:15:22.421463" level="INFO">{'results': [{'gender': 'male', 'name': {'title': 'Mr', 'first': 'Martin', 'last': 'Wood'}, 'location': {'street': {'number': 9268, 'name': 'Lone Wolf Trail'}, 'city': 'Orlando', 'state': 'Mississippi', 'country': 'United States', 'postcode': 42583, 'coordinates': {'latitude': '89.9869', 'longitude': '-118.2606'}, 'timezone': {'offset': '+3:30', 'description': 'Tehran'}}, 'email': 'martin.wood@example.com', 'login': {'uuid': 'af9e7a75-189b-478a-a712-8ddda6ecb5ea', 'username': 'bigcat592', 'password': 'joseph', 'salt': 'eIJRBHQO', 'md5': '8a363a5b269d9b5748796d0da92aced9', 'sha1': '57d7077cb2080b27cbafe96ced426a8b216b8a26', 'sha256': '48f0c5a9dddba68f35f30234da823802be492831db3af64eed334e422ebaf6b2'}, 'dob': {'date': '1991-10-28T08:48:36.896Z', 'age': 32}, 'registered': {'date': '2018-09-26T07:15:09.570Z', 'age': 5}, 'phone': '(749) 873-9605', 'cell': '(528) 646-7806', 'id': {'name': 'SSN', 'value': '213-06-9305'}, 'picture': {'large': 'https://randomuser.me/api/portraits/men/85.jpg', 'medium': 'https://randomuser.me/api/portraits/med/men/85.jpg', 'thumbnail': 'https://randomuser.me/api/portraits/thumb/men/85.jpg'}, 'nat': 'US'}], 'info': {'seed': '781fd8f24b2f762c', 'results': 1, 'page': 1, 'version': '1.4'}}</msg>
<arg>${json_data}</arg>
<doc>Logs the given message with the given level.</doc>
<status status="PASS" start="2024-05-02T15:15:22.421314" elapsed="0.000195"/>
</kw>
<kw name="Should Be String" owner="String">
<arg>${json_data['results'][0]['gender']}</arg>
<doc>Fails if the given ``item`` is not a string.</doc>
<status status="PASS" start="2024-05-02T15:15:22.421889" elapsed="0.000379"/>
</kw>
<kw name="Should Match Regexp" owner="BuiltIn">
<arg>${json_data['results'][0]['email']}</arg>
<arg>^[a-zA-Z0-9._%+-]+@[a-zA-Z0-9.-]+\.[a-zA-Z]{2,}$</arg>
<doc>Fails if ``string`` does not match ``pattern`` as a regular expression.</doc>
<status status="PASS" start="2024-05-02T15:15:22.422455" elapsed="0.000504"/>
</kw>
<kw name="Should Match Regexp" owner="BuiltIn">
<arg>${json_data['results'][0]['dob']['date']}</arg>
<arg>\\d{4}-\\d{2}-\\d{2}T\\d{2}:\\d{2}:\\d{2}\\.\\d{3}Z</arg>
<doc>Fails if ``string`` does not match ``pattern`` as a regular expression.</doc>
<status status="PASS" start="2024-05-02T15:15:22.423156" elapsed="0.000480"/>
</kw>
<kw name="Should Match Regexp" owner="BuiltIn">
<arg>${json_data['results'][0]['registered']['date']}</arg>
<arg>\\d{4}-\\d{2}-\\d{2}T\\d{2}:\\d{2}:\\d{2}\\.\\d{3}Z</arg>
<doc>Fails if ``string`` does not match ``pattern`` as a regular expression.</doc>
<status status="PASS" start="2024-05-02T15:15:22.423823" elapsed="0.000372"/>
</kw>
<kw name="Should Match Regexp" owner="BuiltIn">
<arg>${json_data['results'][0]['picture']['large']}</arg>
<arg>^https?://.*\.(?:png|jpe?g|gif|bmp)$</arg>
<doc>Fails if ``string`` does not match ``pattern`` as a regular expression.</doc>
<status status="PASS" start="2024-05-02T15:15:22.424377" elapsed="0.000452"/>
</kw>
<kw name="Should Match Regexp" owner="BuiltIn">
<arg>${json_data['results'][0]['picture']['medium']}</arg>
<arg>^https?://.*\.(?:png|jpe?g|gif|bmp)$</arg>
<doc>Fails if ``string`` does not match ``pattern`` as a regular expression.</doc>
<status status="PASS" start="2024-05-02T15:15:22.425009" elapsed="0.000351"/>
</kw>
<kw name="Should Match Regexp" owner="BuiltIn">
<arg>${json_data['results'][0]['picture']['thumbnail']}</arg>
<arg>^https?://.*\.(?:png|jpe?g|gif|bmp)$</arg>
<doc>Fails if ``string`` does not match ``pattern`` as a regular expression.</doc>
<status status="PASS" start="2024-05-02T15:15:22.425543" elapsed="0.000376"/>
</kw>
<kw name="Log" owner="BuiltIn">
<msg time="2024-05-02T15:15:22.426414" level="INFO">{'large': 'https://randomuser.me/api/portraits/men/85.jpg', 'medium': 'https://randomuser.me/api/portraits/med/men/85.jpg', 'thumbnail': 'https://randomuser.me/api/portraits/thumb/men/85.jpg'}</msg>
<arg>${json_data['results'][0]['picture']}</arg>
<doc>Logs the given message with the given level.</doc>
<status status="PASS" start="2024-05-02T15:15:22.426096" elapsed="0.000358"/>
</kw>
<status status="PASS" start="2024-05-02T15:15:22.315567" elapsed="0.111134"/>
</kw>
<kw name="Teste de Tipos de Dados - Postcode" owner="random-user-service">
<kw name="GET On Session" owner="RequestsLibrary">
<msg time="2024-05-02T15:15:22.547752" level="INFO">GET Request : url=https://randomuser.me/api 
 path_url=/api 
 headers={'User-Agent': 'python-requests/2.31.0', 'Accept-Encoding': 'gzip, deflate', 'Accept': '*/*', 'Connection': 'keep-alive'} 
 body=None 
 </msg>
<msg time="2024-05-02T15:15:22.547825" level="INFO">GET Response : url=https://randomuser.me/api 
 status=200, reason=OK 
 headers={'Date': 'Thu, 02 May 2024 15:15:22 GMT', 'Content-Type': 'application/json; charset=utf-8', 'Transfer-Encoding': 'chunked', 'Connection': 'keep-alive', 'X-Powered-By': 'Express', 'Access-Control-Allow-Origin': '*', 'Cache-Control': 'no-cache', 'ETag': 'W/"49e-Il9B973EPJyrhZGTjyfmQ8EWzAM"', 'Vary': 'Accept-Encoding', 'Content-Encoding': 'gzip', 'CF-Cache-Status': 'DYNAMIC', 'Report-To': '{"endpoints":[{"url":"https:\\/\\/a.nel.cloudflare.com\\/report\\/v4?s=nVSLXVP3Mek6irSBH9dizLVMoDTkRFnTIejBQsuki37sTQsUNEmec8AmzZp66iua8Gd3fNZW%2B%2FyOXirjvXqaB7k4kxuv1GLmJH6Sg3mrdCyq24wQreBwmGEbUBi5boe7"}],"group":"cf-nel","max_age":604800}', 'NEL': '{"success_fraction":0,"report_to":"cf-nel","max_age":604800}', 'Server': 'cloudflare', 'CF-RAY': '87d8f7613e1fdbbe-LAX', 'alt-svc': 'h3=":443"; ma=86400'} 
 body={"results":[{"gender":"female","name":{"title":"Miss","first":"Aada","last":"Manner"},"location":{"street":{"number":8322,"name":"Satakennankatu"},"city":"Hämeenkoski","state":"Central Finland","country":"Finland","postcode":17163,"coordinates":{"latitude":"-24.9227","longitude":"133.0450"},"timezone":{"offset":"-1:00","description":"Azores, Cape Verde Islands"}},"email":"aada.manner@example.com","login":{"uuid":"0906dc20-1845-402f-a0fc-66161aadb7b6","username":"silvergorilla478","password":"windmill","salt":"Gsvck8yb","md5":"cda1f94b44f16f14ee77f9935e23c5ea","sha1":"3dacbb97ef6fc5e76bc3916358f4692735cbc908","sha256":"1bafb26400acf1047ad095ec47540cfaff63ce444b980ab8ed03bd8a111cd64a"},"dob":{"date":"1950-05-05T22:14:59.175Z","age":73},"registered":{"date":"2010-09-15T02:31:40.536Z","age":13},"phone":"07-687-473","cell":"040-549-21-90","id":{"name":"HETU","value":"NaNNA238undefined"},"picture":{"large":"https://randomuser.me/api/portraits/women/7.jpg","medium":"https://randomuser.me/api/portraits/med/women/7.jpg","thumbnail":"https://randomuser.me/api/portraits/thumb/women/7.jpg"},"nat":"FI"}],"info":{"seed":"acaf4c1bae85a659","results":1,"page":1,"version":"1.4"}} 
 </msg>
<msg time="2024-05-02T15:15:22.547885" level="INFO">/opt/hostedtoolcache/Python/3.12.3/x64/lib/python3.12/site-packages/urllib3/connectionpool.py:1103: InsecureRequestWarning: Unverified HTTPS request is being made to host 'randomuser.me'. Adding certificate verification is strongly advised. See: https://urllib3.readthedocs.io/en/latest/advanced-usage.html#tls-warnings
  warnings.warn(</msg>
<msg time="2024-05-02T15:15:22.547979" level="INFO">${response} = &lt;Response [200]&gt;</msg>
<var>${response}</var>
<arg>consultarAPI</arg>
<arg>/api</arg>
<doc>Sends a GET request on a previously created HTTP Session.</doc>
<status status="PASS" start="2024-05-02T15:15:22.427125" elapsed="0.120883"/>
</kw>
<kw name="Set Variable" owner="BuiltIn">
<msg time="2024-05-02T15:15:22.548934" level="INFO">${json_data} = {'results': [{'gender': 'female', 'name': {'title': 'Miss', 'first': 'Aada', 'last': 'Manner'}, 'location': {'street': {'number': 8322, 'name': 'Satakennankatu'}, 'city': 'Hämeenkoski', 'state': 'Cent...</msg>
<var>${json_data}</var>
<arg>${response.json()}</arg>
<doc>Returns the given values which can then be assigned to a variables.</doc>
<status status="PASS" start="2024-05-02T15:15:22.548430" elapsed="0.000532"/>
</kw>
<kw name="Log" owner="BuiltIn">
<msg time="2024-05-02T15:15:22.549417" level="INFO">{'results': [{'gender': 'female', 'name': {'title': 'Miss', 'first': 'Aada', 'last': 'Manner'}, 'location': {'street': {'number': 8322, 'name': 'Satakennankatu'}, 'city': 'Hämeenkoski', 'state': 'Central Finland', 'country': 'Finland', 'postcode': 17163, 'coordinates': {'latitude': '-24.9227', 'longitude': '133.0450'}, 'timezone': {'offset': '-1:00', 'description': 'Azores, Cape Verde Islands'}}, 'email': 'aada.manner@example.com', 'login': {'uuid': '0906dc20-1845-402f-a0fc-66161aadb7b6', 'username': 'silvergorilla478', 'password': 'windmill', 'salt': 'Gsvck8yb', 'md5': 'cda1f94b44f16f14ee77f9935e23c5ea', 'sha1': '3dacbb97ef6fc5e76bc3916358f4692735cbc908', 'sha256': '1bafb26400acf1047ad095ec47540cfaff63ce444b980ab8ed03bd8a111cd64a'}, 'dob': {'date': '1950-05-05T22:14:59.175Z', 'age': 73}, 'registered': {'date': '2010-09-15T02:31:40.536Z', 'age': 13}, 'phone': '07-687-473', 'cell': '040-549-21-90', 'id': {'name': 'HETU', 'value': 'NaNNA238undefined'}, 'picture': {'large': 'https://randomuser.me/api/portraits/women/7.jpg', 'medium': 'https://randomuser.me/api/portraits/med/women/7.jpg', 'thumbnail': 'https://randomuser.me/api/portraits/thumb/women/7.jpg'}, 'nat': 'FI'}], 'info': {'seed': 'acaf4c1bae85a659', 'results': 1, 'page': 1, 'version': '1.4'}}</msg>
<arg>${json_data}</arg>
<doc>Logs the given message with the given level.</doc>
<status status="PASS" start="2024-05-02T15:15:22.549263" elapsed="0.000202"/>
</kw>
<kw name="Should Be Equal As Numbers" owner="BuiltIn">
<arg>${json_data['results'][0]['location']['postcode']}</arg>
<arg>${json_data['results'][0]['location']['postcode']}</arg>
<doc>Fails if objects are unequal after converting them to real numbers.</doc>
<status status="PASS" start="2024-05-02T15:15:22.549786" elapsed="0.000808"/>
</kw>
<kw name="Log" owner="BuiltIn">
<msg time="2024-05-02T15:15:22.551182" level="INFO">17163</msg>
<arg>${json_data['results'][0]['location']['postcode']}</arg>
<doc>Logs the given message with the given level.</doc>
<status status="PASS" start="2024-05-02T15:15:22.550820" elapsed="0.000402"/>
</kw>
<status status="PASS" start="2024-05-02T15:15:22.426909" elapsed="0.124564"/>
</kw>
<doc>Testa se os tipos de dados na resposta da API estão corretos.</doc>
<tag>testeTiposDados</tag>
<status status="PASS" start="2024-05-02T15:15:22.315060" elapsed="0.236577"/>
</test>
<test id="s1-s1-t5" name="Validar conteudo" line="35">
<kw name="Teste de Tipos de Conteudo" owner="random-user-service">
<kw name="GET On Session" owner="RequestsLibrary">
<msg time="2024-05-02T15:15:22.653020" level="INFO">GET Request : url=https://randomuser.me/api 
 path_url=/api 
 headers={'User-Agent': 'python-requests/2.31.0', 'Accept-Encoding': 'gzip, deflate', 'Accept': '*/*', 'Connection': 'keep-alive'} 
 body=None 
 </msg>
<msg time="2024-05-02T15:15:22.653095" level="INFO">GET Response : url=https://randomuser.me/api 
 status=200, reason=OK 
 headers={'Date': 'Thu, 02 May 2024 15:15:22 GMT', 'Content-Type': 'application/json; charset=utf-8', 'Transfer-Encoding': 'chunked', 'Connection': 'keep-alive', 'X-Powered-By': 'Express', 'Access-Control-Allow-Origin': '*', 'Cache-Control': 'no-cache', 'ETag': 'W/"493-1zpY0cJAbVqIVV/e4dbWqcOS/Lw"', 'Vary': 'Accept-Encoding', 'Content-Encoding': 'gzip', 'CF-Cache-Status': 'DYNAMIC', 'Report-To': '{"endpoints":[{"url":"https:\\/\\/a.nel.cloudflare.com\\/report\\/v4?s=l%2Ft7uFTuxAH%2F1x6slpo%2BjXYDBjCrWYCXEYXMjvkTi%2B7sLNxZgDvGIPQmG0xIQvMHnZwhBwY2yNDNONOLIdDO4YvFy%2BRN1BtVQTz8Psfm2azp1jbK4A7vKyRvT0be%2BMG%2B"}],"group":"cf-nel","max_age":604800}', 'NEL': '{"success_fraction":0,"report_to":"cf-nel","max_age":604800}', 'Server': 'cloudflare', 'CF-RAY': '87d8f761ff2fdbbe-LAX', 'alt-svc': 'h3=":443"; ma=86400'} 
 body={"results":[{"gender":"female","name":{"title":"Mrs","first":"Estela","last":"Meraz"},"location":{"street":{"number":8992,"name":"Cerrada Distrito Federal"},"city":"Citlaltepec","state":"Jalisco","country":"Mexico","postcode":82065,"coordinates":{"latitude":"24.8440","longitude":"141.6962"},"timezone":{"offset":"-3:30","description":"Newfoundland"}},"email":"estela.meraz@example.com","login":{"uuid":"5894e427-cfd9-45ba-878c-6fd795add499","username":"silvergorilla992","password":"lester","salt":"82LwROWB","md5":"b2f5f82247c9b553635802849943dbde","sha1":"477d9edd5adfbcdb621d3f43a232e407b69d3087","sha256":"9f012b94c9c4b75606cf5a575b57ea4926c8cc4d50d7f20b8821826f512e884e"},"dob":{"date":"1992-07-10T16:23:16.142Z","age":31},"registered":{"date":"2011-11-06T23:54:41.781Z","age":12},"phone":"(636) 882 5586","cell":"(632) 859 6329","id":{"name":"NSS","value":"86 73 69 2154 0"},"picture":{"large":"https://randomuser.me/api/portraits/women/56.jpg","medium":"https://randomuser.me/api/portraits/med/women/56.jpg","thumbnail":"https://randomuser.me/api/portraits/thumb/women/56.jpg"},"nat":"MX"}],"info":{"seed":"6e27afaaad0a5f63","results":1,"page":1,"version":"1.4"}} 
 </msg>
<msg time="2024-05-02T15:15:22.653161" level="INFO">/opt/hostedtoolcache/Python/3.12.3/x64/lib/python3.12/site-packages/urllib3/connectionpool.py:1103: InsecureRequestWarning: Unverified HTTPS request is being made to host 'randomuser.me'. Adding certificate verification is strongly advised. See: https://urllib3.readthedocs.io/en/latest/advanced-usage.html#tls-warnings
  warnings.warn(</msg>
<msg time="2024-05-02T15:15:22.653270" level="INFO">${response} = &lt;Response [200]&gt;</msg>
<var>${response}</var>
<arg>consultarAPI</arg>
<arg>/api</arg>
<doc>Sends a GET request on a previously created HTTP Session.</doc>
<status status="PASS" start="2024-05-02T15:15:22.554159" elapsed="0.099161"/>
</kw>
<kw name="Set Variable" owner="BuiltIn">
<msg time="2024-05-02T15:15:22.654439" level="INFO">${json_data} = {'results': [{'gender': 'female', 'name': {'title': 'Mrs', 'first': 'Estela', 'last': 'Meraz'}, 'location': {'street': {'number': 8992, 'name': 'Cerrada Distrito Federal'}, 'city': 'Citlaltepec', 'sta...</msg>
<var>${json_data}</var>
<arg>${response.json()}</arg>
<doc>Returns the given values which can then be assigned to a variables.</doc>
<status status="PASS" start="2024-05-02T15:15:22.653881" elapsed="0.000587"/>
</kw>
<kw name="Set Variable" owner="BuiltIn">
<msg time="2024-05-02T15:15:22.655210" level="INFO">${name_title} = Mrs</msg>
<var>${name_title}</var>
<arg>${json_data["results"][0]["name"]["title"]}</arg>
<doc>Returns the given values which can then be assigned to a variables.</doc>
<status status="PASS" start="2024-05-02T15:15:22.654775" elapsed="0.000461"/>
</kw>
<kw name="Create List" owner="BuiltIn">
<msg time="2024-05-02T15:15:22.655687" level="INFO">${allowed_titles} = ['Mr', 'Ms', 'Miss', 'Mrs', 'Madame', 'Monsieur']</msg>
<var>${allowed_titles}</var>
<arg>Mr</arg>
<arg>Ms</arg>
<arg>Miss</arg>
<arg>Mrs</arg>
<arg>Madame</arg>
<arg>Monsieur</arg>
<doc>Returns a list containing given items.</doc>
<status status="PASS" start="2024-05-02T15:15:22.655538" elapsed="0.000173"/>
</kw>
<kw name="List Should Contain Value" owner="Collections">
<msg time="2024-05-02T15:15:22.656180" level="INFO">False</msg>
<arg>${allowed_titles}</arg>
<arg>${name_title}</arg>
<doc>Fails if the ``value`` is not found from ``list``.</doc>
<status status="PASS" start="2024-05-02T15:15:22.656009" elapsed="0.000208"/>
</kw>
<kw name="Set Variable" owner="BuiltIn">
<msg time="2024-05-02T15:15:22.656888" level="INFO">${name_country} = MX</msg>
<var>${name_country}</var>
<arg>${json_data["results"][0]["nat"]}</arg>
<doc>Returns the given values which can then be assigned to a variables.</doc>
<status status="PASS" start="2024-05-02T15:15:22.656504" elapsed="0.000409"/>
</kw>
<kw name="Create List" owner="BuiltIn">
<msg time="2024-05-02T15:15:22.657827" level="INFO">${list_country} = ['AD', 'AE', 'AF', 'AG', 'AI', 'AL', 'AM', 'AO', 'AQ', 'AR', 'AS', 'AT', 'AU', 'AW', 'AX', 'AZ', 'BA', 'BB', 'BD', 'BE', 'BF', 'BG', 'BH', 'BI', 'BJ', 'BL', 'BM', 'BN', 'BO', 'BQ', 'BR', 'BS', 'BT', '...</msg>
<var>${list_country}</var>
<arg>AD</arg>
<arg>AE</arg>
<arg>AF</arg>
<arg>AG</arg>
<arg>AI</arg>
<arg>AL</arg>
<arg>AM</arg>
<arg>AO</arg>
<arg>AQ</arg>
<arg>AR</arg>
<arg>AS</arg>
<arg>AT</arg>
<arg>AU</arg>
<arg>AW</arg>
<arg>AX</arg>
<arg>AZ</arg>
<arg>BA</arg>
<arg>BB</arg>
<arg>BD</arg>
<arg>BE</arg>
<arg>BF</arg>
<arg>BG</arg>
<arg>BH</arg>
<arg>BI</arg>
<arg>BJ</arg>
<arg>BL</arg>
<arg>BM</arg>
<arg>BN</arg>
<arg>BO</arg>
<arg>BQ</arg>
<arg>BR</arg>
<arg>BS</arg>
<arg>BT</arg>
<arg>BV</arg>
<arg>BW</arg>
<arg>BY</arg>
<arg>BZ</arg>
<arg>CA</arg>
<arg>CC</arg>
<arg>CD</arg>
<arg>CF</arg>
<arg>CG</arg>
<arg>CH</arg>
<arg>CI</arg>
<arg>CK</arg>
<arg>CL</arg>
<arg>CM</arg>
<arg>CN</arg>
<arg>CO</arg>
<arg>CR</arg>
<arg>CU</arg>
<arg>CV</arg>
<arg>CW</arg>
<arg>CX</arg>
<arg>CY</arg>
<arg>CZ</arg>
<arg>DE</arg>
<arg>DJ</arg>
<arg>DK</arg>
<arg>DM</arg>
<arg>DO</arg>
<arg>DZ</arg>
<arg>EC</arg>
<arg>EE</arg>
<arg>EG</arg>
<arg>EH</arg>
<arg>ER</arg>
<arg>ES</arg>
<arg>ET</arg>
<arg>FI</arg>
<arg>FJ</arg>
<arg>FK</arg>
<arg>FM</arg>
<arg>FO</arg>
<arg>FR</arg>
<arg>GA</arg>
<arg>GB</arg>
<arg>GD</arg>
<arg>GE</arg>
<arg>GF</arg>
<arg>GG</arg>
<arg>GH</arg>
<arg>GI</arg>
<arg>GL</arg>
<arg>GM</arg>
<arg>GN</arg>
<arg>GP</arg>
<arg>GQ</arg>
<arg>GR</arg>
<arg>GS</arg>
<arg>GT</arg>
<arg>GU</arg>
<arg>GW</arg>
<arg>GY</arg>
<arg>HK</arg>
<arg>HM</arg>
<arg>HN</arg>
<arg>HR</arg>
<arg>HT</arg>
<arg>HU</arg>
<arg>ID</arg>
<arg>IE</arg>
<arg>IL</arg>
<arg>IM</arg>
<arg>IN</arg>
<arg>IO</arg>
<arg>IQ</arg>
<arg>IR</arg>
<arg>IS</arg>
<arg>IT</arg>
<arg>JE</arg>
<arg>JM</arg>
<arg>JO</arg>
<arg>JP</arg>
<arg>KE</arg>
<arg>KG</arg>
<arg>KH</arg>
<arg>KI</arg>
<arg>KM</arg>
<arg>KN</arg>
<arg>KP</arg>
<arg>KR</arg>
<arg>KW</arg>
<arg>KY</arg>
<arg>KZ</arg>
<arg>LA</arg>
<arg>LB</arg>
<arg>LC</arg>
<arg>LI</arg>
<arg>LK</arg>
<arg>LR</arg>
<arg>LS</arg>
<arg>LT</arg>
<arg>LU</arg>
<arg>LV</arg>
<arg>LY</arg>
<arg>MA</arg>
<arg>MC</arg>
<arg>MD</arg>
<arg>ME</arg>
<arg>MF</arg>
<arg>MG</arg>
<arg>MH</arg>
<arg>MK</arg>
<arg>ML</arg>
<arg>MM</arg>
<arg>MN</arg>
<arg>MO</arg>
<arg>MP</arg>
<arg>MQ</arg>
<arg>MR</arg>
<arg>MS</arg>
<arg>MT</arg>
<arg>MU</arg>
<arg>MV</arg>
<arg>MW</arg>
<arg>MX</arg>
<arg>MY</arg>
<arg>MZ</arg>
<arg>NA</arg>
<arg>NC</arg>
<arg>NE</arg>
<arg>NF</arg>
<arg>NG</arg>
<arg>NI</arg>
<arg>NL</arg>
<arg>NO</arg>
<arg>NP</arg>
<arg>NR</arg>
<arg>NU</arg>
<arg>NZ</arg>
<arg>OM</arg>
<arg>PA</arg>
<arg>PE</arg>
<arg>PF</arg>
<arg>PG</arg>
<arg>PH</arg>
<arg>PK</arg>
<arg>PL</arg>
<arg>PM</arg>
<arg>PN</arg>
<arg>PR</arg>
<arg>PS</arg>
<arg>PT</arg>
<arg>PW</arg>
<arg>PY</arg>
<arg>QA</arg>
<arg>RE</arg>
<arg>RO</arg>
<arg>RS</arg>
<arg>RU</arg>
<arg>RW</arg>
<arg>SA</arg>
<arg>SB</arg>
<arg>SC</arg>
<arg>SD</arg>
<arg>SE</arg>
<arg>SG</arg>
<arg>SH</arg>
<arg>SI</arg>
<arg>SJ</arg>
<arg>SK</arg>
<arg>SL</arg>
<arg>SM</arg>
<arg>SN</arg>
<arg>SO</arg>
<arg>SR</arg>
<arg>SS</arg>
<arg>ST</arg>
<arg>SV</arg>
<arg>SX</arg>
<arg>SY</arg>
<arg>SZ</arg>
<arg>TC</arg>
<arg>TD</arg>
<arg>TF</arg>
<arg>TG</arg>
<arg>TH</arg>
<arg>TJ</arg>
<arg>TK</arg>
<arg>TL</arg>
<arg>TM</arg>
<arg>TN</arg>
<arg>TO</arg>
<arg>TR</arg>
<arg>TT</arg>
<arg>TV</arg>
<arg>TW</arg>
<arg>TZ</arg>
<arg>UA</arg>
<arg>UG</arg>
<arg>UM</arg>
<arg>US</arg>
<arg>UY</arg>
<arg>UZ</arg>
<arg>VA</arg>
<arg>VC</arg>
<arg>VE</arg>
<arg>VG</arg>
<arg>VI</arg>
<arg>VN</arg>
<arg>VU</arg>
<arg>WF</arg>
<arg>WS</arg>
<arg>XK</arg>
<arg>YE</arg>
<arg>YT</arg>
<arg>ZA</arg>
<arg>ZM</arg>
<arg>ZW</arg>
<doc>Returns a list containing given items.</doc>
<status status="PASS" start="2024-05-02T15:15:22.657209" elapsed="0.000645"/>
</kw>
<kw name="List Should Contain Value" owner="Collections">
<msg time="2024-05-02T15:15:22.658851" level="INFO">False</msg>
<arg>${list_country}</arg>
<arg>${name_country}</arg>
<doc>Fails if the ``value`` is not found from ``list``.</doc>
<status status="PASS" start="2024-05-02T15:15:22.658652" elapsed="0.000236"/>
</kw>
<kw name="Run Keyword If" owner="BuiltIn">
<kw name="Should Be True" owner="BuiltIn">
<arg>${True}</arg>
<doc>Fails if the given condition is not true.</doc>
<status status="PASS" start="2024-05-02T15:15:22.659938" elapsed="0.000144"/>
</kw>
<arg>${json_data["results"][0]["location"]["coordinates"]["latitude"]} &gt;= -90 and ${json_data["results"][0]["location"]["coordinates"]["latitude"]} &lt;= 90</arg>
<arg>Should Be True</arg>
<arg>${True}</arg>
<doc>Runs the given keyword with the given arguments, if ``condition`` is true.</doc>
<status status="PASS" start="2024-05-02T15:15:22.659193" elapsed="0.001016"/>
</kw>
<kw name="Run Keyword If" owner="BuiltIn">
<kw name="Should Be True" owner="BuiltIn">
<arg>${True}</arg>
<doc>Fails if the given condition is not true.</doc>
<status status="PASS" start="2024-05-02T15:15:22.661086" elapsed="0.000238"/>
</kw>
<arg>${json_data["results"][0]["location"]["coordinates"]["longitude"]} &gt;= -180 and ${json_data["results"][0]["location"]["coordinates"]["longitude"]} &lt;= 180</arg>
<arg>Should Be True</arg>
<arg>${True}</arg>
<doc>Runs the given keyword with the given arguments, if ``condition`` is true.</doc>
<status status="PASS" start="2024-05-02T15:15:22.660398" elapsed="0.001050"/>
</kw>
<status status="PASS" start="2024-05-02T15:15:22.553934" elapsed="0.107640"/>
</kw>
<doc>Testa o conteúdo específico dos campos retornados pela API.</doc>
<tag>testeConteudo</tag>
<status status="PASS" start="2024-05-02T15:15:22.553375" elapsed="0.108340"/>
</test>
<status status="PASS" start="2024-05-02T15:15:21.403236" elapsed="1.260466"/>
</suite>
<status status="PASS" start="2024-05-02T15:15:21.389714" elapsed="1.279074"/>
</suite>
<statistics>
<total>
<stat pass="5" fail="0" skip="0">All Tests</stat>
</total>
<tag>
<stat pass="1" fail="0" skip="0">testeConteudo</stat>
<stat pass="1" fail="0" skip="0">testeEstruturaResposta</stat>
<stat pass="1" fail="0" skip="0">testeRequisicaoBasica</stat>
<stat pass="1" fail="0" skip="0">testeTiposDados</stat>
</tag>
<suite>
<stat pass="5" fail="0" skip="0" id="s1" name="Tests">Tests</stat>
<stat pass="5" fail="0" skip="0" id="s1-s1" name="Random-User-Test">Tests.Random-User-Test</stat>
</suite>
</statistics>
<errors>
</errors>
</robot>
