<?xml version="1.0" encoding="UTF-8"?>
<robot generator="Robot 7.0.1 (Python 3.12.3 on linux)" generated="2024-06-14T15:17:12.660694" rpa="false" schemaversion="5">
<suite id="s1" name="Tests" source="/home/runner/work/ApiRandomUser/ApiRandomUser/RamdonUser/tests">
<suite id="s1-s1" name="Random-User-Test" source="/home/runner/work/ApiRandomUser/ApiRandomUser/RamdonUser/tests/random-user-test.robot">
<test id="s1-s1-t1" name="Conectar" line="13">
<kw name="Conectar API" owner="random-user-service">
<kw name="Create Session" owner="RequestsLibrary">
<msg time="2024-06-14T15:17:13.060709" level="INFO">Creating Session using : alias=consultarAPI, url=https://randomuser.me/, headers={},                     cookies={}, auth=None, timeout=None, proxies=None, verify=False,                     debug=0 </msg>
<arg>consultarAPI</arg>
<arg>${URL}</arg>
<doc>Create Session: create a HTTP session to a server</doc>
<status status="PASS" start="2024-06-14T15:17:13.060489" elapsed="0.000435"/>
</kw>
<status status="PASS" start="2024-06-14T15:17:13.059343" elapsed="0.001981"/>
</kw>
<status status="PASS" start="2024-06-14T15:17:13.058666" elapsed="0.002869"/>
</test>
<test id="s1-s1-t2" name="Validar retorno 200 e JSON Válido" line="16">
<kw name="Teste de Requisicao Basica" owner="random-user-service">
<kw name="GET On Session" owner="RequestsLibrary">
<msg time="2024-06-14T15:17:13.141927" level="INFO">GET Request : url=https://randomuser.me/api 
 path_url=/api 
 headers={'User-Agent': 'python-requests/2.32.3', 'Accept-Encoding': 'gzip, deflate', 'Accept': '*/*', 'Connection': 'keep-alive'} 
 body=None 
 </msg>
<msg time="2024-06-14T15:17:13.142089" level="INFO">GET Response : url=https://randomuser.me/api 
 status=200, reason=OK 
 headers={'Date': 'Fri, 14 Jun 2024 15:17:13 GMT', 'Content-Type': 'application/json; charset=utf-8', 'Transfer-Encoding': 'chunked', 'Connection': 'keep-alive', 'X-Powered-By': 'Express', 'Access-Control-Allow-Origin': '*', 'Cache-Control': 'no-cache', 'ETag': 'W/"488-ah45VHeqTS1PFUWvSMez5BE5zjE"', 'Vary': 'Accept-Encoding', 'Content-Encoding': 'gzip', 'CF-Cache-Status': 'DYNAMIC', 'Report-To': '{"endpoints":[{"url":"https:\\/\\/a.nel.cloudflare.com\\/report\\/v4?s=jdEikjX68aSrHhb89CHfvpnmZu%2FiJBf72UJJkM5pHd6i%2Bfa1hZxg6WjxLtk6xVilXU96kyOnL7QgsPBxp308MWrSISy35ZZFkqgVCeOHx5ly9JWm4D7Rs5YtbLwrKCym"}],"group":"cf-nel","max_age":604800}', 'NEL': '{"success_fraction":0,"report_to":"cf-nel","max_age":604800}', 'Server': 'cloudflare', 'CF-RAY': '893b4934c96a9c40-IAD', 'alt-svc': 'h3=":443"; ma=86400'} 
 body={"results":[{"gender":"female","name":{"title":"Miss","first":"Maëly","last":"Schmitt"},"location":{"street":{"number":1328,"name":"Rue de la Barre"},"city":"Nice","state":"Guadeloupe","country":"France","postcode":89516,"coordinates":{"latitude":"-16.9907","longitude":"60.2893"},"timezone":{"offset":"-9:00","description":"Alaska"}},"email":"maely.schmitt@example.com","login":{"uuid":"cf112a95-e211-4ac7-8605-491d957d89d4","username":"greenelephant659","password":"66666666","salt":"ifeMVEaA","md5":"b8be16029cece519c62d486200d74e76","sha1":"0ee6edd2d1042268971acb857b0782b306a9d2a9","sha256":"f4c93843092002a5de770a4cbafa5e344593b2400bc418269fb50627f6c883ea"},"dob":{"date":"1950-09-16T05:21:49.779Z","age":73},"registered":{"date":"2019-11-02T00:03:40.790Z","age":4},"phone":"02-48-55-83-14","cell":"06-95-67-55-15","id":{"name":"INSEE","value":"2500852335081 11"},"picture":{"large":"https://randomuser.me/api/portraits/women/58.jpg","medium":"https://randomuser.me/api/portraits/med/women/58.jpg","thumbnail":"https://randomuser.me/api/portraits/thumb/women/58.jpg"},"nat":"FR"}],"info":{"seed":"3cd74a4c564b3825","results":1,"page":1,"version":"1.4"}} 
 </msg>
<msg time="2024-06-14T15:17:13.142175" level="INFO">/opt/hostedtoolcache/Python/3.12.3/x64/lib/python3.12/site-packages/urllib3/connectionpool.py:1103: InsecureRequestWarning: Unverified HTTPS request is being made to host 'randomuser.me'. Adding certificate verification is strongly advised. See: https://urllib3.readthedocs.io/en/latest/advanced-usage.html#tls-warnings
  warnings.warn(</msg>
<msg time="2024-06-14T15:17:13.142344" level="INFO">${response} = &lt;Response [200]&gt;</msg>
<var>${response}</var>
<arg>consultarAPI</arg>
<arg>/api</arg>
<doc>Sends a GET request on a previously created HTTP Session.</doc>
<status status="PASS" start="2024-06-14T15:17:13.064359" elapsed="0.078031"/>
</kw>
<kw name="Should Be Equal As Numbers" owner="BuiltIn">
<msg time="2024-06-14T15:17:13.143458" level="INFO">Argument types are:
&lt;class 'int'&gt;
&lt;class 'str'&gt;</msg>
<arg>${response.status_code}</arg>
<arg>200</arg>
<doc>Fails if objects are unequal after converting them to real numbers.</doc>
<status status="PASS" start="2024-06-14T15:17:13.142958" elapsed="0.000565"/>
</kw>
<kw name="Log" owner="BuiltIn">
<msg time="2024-06-14T15:17:13.144215" level="INFO">200</msg>
<arg>${response.status_code}</arg>
<doc>Logs the given message with the given level.</doc>
<status status="PASS" start="2024-06-14T15:17:13.143864" elapsed="0.000398"/>
</kw>
<kw name="Set Variable" owner="BuiltIn">
<msg time="2024-06-14T15:17:13.145015" level="INFO">${json_data} = {'results': [{'gender': 'female', 'name': {'title': 'Miss', 'first': 'Maëly', 'last': 'Schmitt'}, 'location': {'street': {'number': 1328, 'name': 'Rue de la Barre'}, 'city': 'Nice', 'state': 'Guadelou...</msg>
<var>${json_data}</var>
<arg>${response.json()}</arg>
<doc>Returns the given values which can then be assigned to a variables.</doc>
<status status="PASS" start="2024-06-14T15:17:13.144573" elapsed="0.000471"/>
</kw>
<kw name="Dictionary Should Contain Key" owner="Collections">
<arg>${json_data}</arg>
<arg>results</arg>
<doc>Fails if ``key`` is not found from ``dictionary``.</doc>
<status status="PASS" start="2024-06-14T15:17:13.145347" elapsed="0.000166"/>
</kw>
<status status="PASS" start="2024-06-14T15:17:13.064101" elapsed="0.081565"/>
</kw>
<doc>Testa se a API responde corretamente e retorna um objeto JSON válido.</doc>
<tag>testeRequisicaoBasica</tag>
<status status="PASS" start="2024-06-14T15:17:13.063549" elapsed="0.082297"/>
</test>
<test id="s1-s1-t3" name="Validar estrutura de resposta" line="22">
<kw name="Teste de Estrutura de Resposta" owner="random-user-service">
<kw name="GET On Session" owner="RequestsLibrary">
<msg time="2024-06-14T15:17:13.269950" level="INFO">GET Request : url=https://randomuser.me/api 
 path_url=/api 
 headers={'User-Agent': 'python-requests/2.32.3', 'Accept-Encoding': 'gzip, deflate', 'Accept': '*/*', 'Connection': 'keep-alive'} 
 body=None 
 </msg>
<msg time="2024-06-14T15:17:13.270054" level="INFO">GET Response : url=https://randomuser.me/api 
 status=200, reason=OK 
 headers={'Date': 'Fri, 14 Jun 2024 15:17:13 GMT', 'Content-Type': 'application/json; charset=utf-8', 'Transfer-Encoding': 'chunked', 'Connection': 'keep-alive', 'X-Powered-By': 'Express', 'Access-Control-Allow-Origin': '*', 'Cache-Control': 'no-cache', 'ETag': 'W/"49a-tvvjEGAknsbGfin+Lwyr8SwNMIg"', 'Vary': 'Accept-Encoding', 'Content-Encoding': 'gzip', 'CF-Cache-Status': 'DYNAMIC', 'Report-To': '{"endpoints":[{"url":"https:\\/\\/a.nel.cloudflare.com\\/report\\/v4?s=j9PyrjOjlN5lBkayon%2BxbH9M%2FGs2IW2Rtk7qVbqUV51UxOsef%2FczkTnq4VNZjF6UD2P5yQcg%2BInQFKVq%2BU1OueoreMXtaVhlHhmVPSdCkE7oDgUdXaTOKXUnITfE%2Bmjy"}],"group":"cf-nel","max_age":604800}', 'NEL': '{"success_fraction":0,"report_to":"cf-nel","max_age":604800}', 'Server': 'cloudflare', 'CF-RAY': '893b493539f89c40-IAD', 'alt-svc': 'h3=":443"; ma=86400'} 
 body={"results":[{"gender":"male","name":{"title":"Monsieur","first":"Armin","last":"Legrand"},"location":{"street":{"number":1299,"name":"Rue de la Barre"},"city":"Küssnacht (Sz)","state":"Solothurn","country":"Switzerland","postcode":9713,"coordinates":{"latitude":"-59.0015","longitude":"-51.3047"},"timezone":{"offset":"+6:00","description":"Almaty, Dhaka, Colombo"}},"email":"armin.legrand@example.com","login":{"uuid":"18c2a7a6-803f-476f-b2e6-9223fef752c5","username":"tinygorilla633","password":"bryan","salt":"Hbo7Dz7o","md5":"296f70376acb5fee8e650711c503e950","sha1":"c9425f4e65ed1ed8cd386cd8bfe499b0c99f7283","sha256":"5d8c983ff557f65563db3c951fd9217589fb9a7ab428f2bcdbb21a06cf0ac256"},"dob":{"date":"1954-04-10T04:46:27.152Z","age":70},"registered":{"date":"2004-11-27T09:36:13.891Z","age":19},"phone":"079 943 17 39","cell":"077 338 91 59","id":{"name":"AVS","value":"756.4253.4304.16"},"picture":{"large":"https://randomuser.me/api/portraits/men/19.jpg","medium":"https://randomuser.me/api/portraits/med/men/19.jpg","thumbnail":"https://randomuser.me/api/portraits/thumb/men/19.jpg"},"nat":"CH"}],"info":{"seed":"8f76dd6254de9c5f","results":1,"page":1,"version":"1.4"}} 
 </msg>
<msg time="2024-06-14T15:17:13.270214" level="INFO">/opt/hostedtoolcache/Python/3.12.3/x64/lib/python3.12/site-packages/urllib3/connectionpool.py:1103: InsecureRequestWarning: Unverified HTTPS request is being made to host 'randomuser.me'. Adding certificate verification is strongly advised. See: https://urllib3.readthedocs.io/en/latest/advanced-usage.html#tls-warnings
  warnings.warn(</msg>
<msg time="2024-06-14T15:17:13.270363" level="INFO">${response} = &lt;Response [200]&gt;</msg>
<var>${response}</var>
<arg>consultarAPI</arg>
<arg>/api</arg>
<doc>Sends a GET request on a previously created HTTP Session.</doc>
<status status="PASS" start="2024-06-14T15:17:13.148790" elapsed="0.121615"/>
</kw>
<kw name="Set Variable" owner="BuiltIn">
<msg time="2024-06-14T15:17:13.271495" level="INFO">${json_data} = {'results': [{'gender': 'male', 'name': {'title': 'Monsieur', 'first': 'Armin', 'last': 'Legrand'}, 'location': {'street': {'number': 1299, 'name': 'Rue de la Barre'}, 'city': 'Küssnacht (Sz)', 'state...</msg>
<var>${json_data}</var>
<arg>${response.json()}</arg>
<doc>Returns the given values which can then be assigned to a variables.</doc>
<status status="PASS" start="2024-06-14T15:17:13.270928" elapsed="0.000598"/>
</kw>
<kw name="Log" owner="BuiltIn">
<msg time="2024-06-14T15:17:13.272011" level="INFO">{'results': [{'gender': 'male', 'name': {'title': 'Monsieur', 'first': 'Armin', 'last': 'Legrand'}, 'location': {'street': {'number': 1299, 'name': 'Rue de la Barre'}, 'city': 'Küssnacht (Sz)', 'state': 'Solothurn', 'country': 'Switzerland', 'postcode': 9713, 'coordinates': {'latitude': '-59.0015', 'longitude': '-51.3047'}, 'timezone': {'offset': '+6:00', 'description': 'Almaty, Dhaka, Colombo'}}, 'email': 'armin.legrand@example.com', 'login': {'uuid': '18c2a7a6-803f-476f-b2e6-9223fef752c5', 'username': 'tinygorilla633', 'password': 'bryan', 'salt': 'Hbo7Dz7o', 'md5': '296f70376acb5fee8e650711c503e950', 'sha1': 'c9425f4e65ed1ed8cd386cd8bfe499b0c99f7283', 'sha256': '5d8c983ff557f65563db3c951fd9217589fb9a7ab428f2bcdbb21a06cf0ac256'}, 'dob': {'date': '1954-04-10T04:46:27.152Z', 'age': 70}, 'registered': {'date': '2004-11-27T09:36:13.891Z', 'age': 19}, 'phone': '079 943 17 39', 'cell': '077 338 91 59', 'id': {'name': 'AVS', 'value': '756.4253.4304.16'}, 'picture': {'large': 'https://randomuser.me/api/portraits/men/19.jpg', 'medium': 'https://randomuser.me/api/portraits/med/men/19.jpg', 'thumbnail': 'https://randomuser.me/api/portraits/thumb/men/19.jpg'}, 'nat': 'CH'}], 'info': {'seed': '8f76dd6254de9c5f', 'results': 1, 'page': 1, 'version': '1.4'}}</msg>
<arg>${json_data}</arg>
<doc>Logs the given message with the given level.</doc>
<status status="PASS" start="2024-06-14T15:17:13.271846" elapsed="0.000213"/>
</kw>
<kw name="Dictionary Should Contain Key" owner="Collections">
<arg>${json_data}</arg>
<arg>results</arg>
<doc>Fails if ``key`` is not found from ``dictionary``.</doc>
<status status="PASS" start="2024-06-14T15:17:13.272357" elapsed="0.000159"/>
</kw>
<kw name="Should Not Be Empty" owner="BuiltIn">
<msg time="2024-06-14T15:17:13.272835" level="INFO">Length is 2.</msg>
<arg>${json_data}</arg>
<doc>Verifies that the given item is not empty.</doc>
<status status="PASS" start="2024-06-14T15:17:13.272707" elapsed="0.000165"/>
</kw>
<kw name="Create List" owner="BuiltIn">
<msg time="2024-06-14T15:17:13.273305" level="INFO">${expected_keys} = ['gender', 'name', 'location', 'email', 'login']</msg>
<var>${expected_keys}</var>
<arg>gender</arg>
<arg>name</arg>
<arg>location</arg>
<arg>email</arg>
<arg>login</arg>
<doc>Returns a list containing given items.</doc>
<status status="PASS" start="2024-06-14T15:17:13.273160" elapsed="0.000168"/>
</kw>
<for flavor="IN">
<iter>
<kw name="Dictionary Should Contain Key" owner="Collections">
<arg>${json_data['results'][0]}</arg>
<arg>${key}</arg>
<doc>Fails if ``key`` is not found from ``dictionary``.</doc>
<status status="PASS" start="2024-06-14T15:17:13.273922" elapsed="0.000407"/>
</kw>
<kw name="Log" owner="BuiltIn">
<msg time="2024-06-14T15:17:13.274886" level="INFO">{'gender': 'male', 'name': {'title': 'Monsieur', 'first': 'Armin', 'last': 'Legrand'}, 'location': {'street': {'number': 1299, 'name': 'Rue de la Barre'}, 'city': 'Küssnacht (Sz)', 'state': 'Solothurn', 'country': 'Switzerland', 'postcode': 9713, 'coordinates': {'latitude': '-59.0015', 'longitude': '-51.3047'}, 'timezone': {'offset': '+6:00', 'description': 'Almaty, Dhaka, Colombo'}}, 'email': 'armin.legrand@example.com', 'login': {'uuid': '18c2a7a6-803f-476f-b2e6-9223fef752c5', 'username': 'tinygorilla633', 'password': 'bryan', 'salt': 'Hbo7Dz7o', 'md5': '296f70376acb5fee8e650711c503e950', 'sha1': 'c9425f4e65ed1ed8cd386cd8bfe499b0c99f7283', 'sha256': '5d8c983ff557f65563db3c951fd9217589fb9a7ab428f2bcdbb21a06cf0ac256'}, 'dob': {'date': '1954-04-10T04:46:27.152Z', 'age': 70}, 'registered': {'date': '2004-11-27T09:36:13.891Z', 'age': 19}, 'phone': '079 943 17 39', 'cell': '077 338 91 59', 'id': {'name': 'AVS', 'value': '756.4253.4304.16'}, 'picture': {'large': 'https://randomuser.me/api/portraits/men/19.jpg', 'medium': 'https://randomuser.me/api/portraits/med/men/19.jpg', 'thumbnail': 'https://randomuser.me/api/portraits/thumb/men/19.jpg'}, 'nat': 'CH'}</msg>
<arg>${json_data['results'][0]}</arg>
<doc>Logs the given message with the given level.</doc>
<status status="PASS" start="2024-06-14T15:17:13.274525" elapsed="0.000411"/>
</kw>
<kw name="Log" owner="BuiltIn">
<msg time="2024-06-14T15:17:13.275384" level="INFO">gender</msg>
<arg>${key}</arg>
<doc>Logs the given message with the given level.</doc>
<status status="PASS" start="2024-06-14T15:17:13.275254" elapsed="0.000174"/>
</kw>
<var name="${key}">gender</var>
<status status="PASS" start="2024-06-14T15:17:13.273797" elapsed="0.001851"/>
</iter>
<iter>
<kw name="Dictionary Should Contain Key" owner="Collections">
<arg>${json_data['results'][0]}</arg>
<arg>${key}</arg>
<doc>Fails if ``key`` is not found from ``dictionary``.</doc>
<status status="PASS" start="2024-06-14T15:17:13.275949" elapsed="0.000383"/>
</kw>
<kw name="Log" owner="BuiltIn">
<msg time="2024-06-14T15:17:13.276901" level="INFO">{'gender': 'male', 'name': {'title': 'Monsieur', 'first': 'Armin', 'last': 'Legrand'}, 'location': {'street': {'number': 1299, 'name': 'Rue de la Barre'}, 'city': 'Küssnacht (Sz)', 'state': 'Solothurn', 'country': 'Switzerland', 'postcode': 9713, 'coordinates': {'latitude': '-59.0015', 'longitude': '-51.3047'}, 'timezone': {'offset': '+6:00', 'description': 'Almaty, Dhaka, Colombo'}}, 'email': 'armin.legrand@example.com', 'login': {'uuid': '18c2a7a6-803f-476f-b2e6-9223fef752c5', 'username': 'tinygorilla633', 'password': 'bryan', 'salt': 'Hbo7Dz7o', 'md5': '296f70376acb5fee8e650711c503e950', 'sha1': 'c9425f4e65ed1ed8cd386cd8bfe499b0c99f7283', 'sha256': '5d8c983ff557f65563db3c951fd9217589fb9a7ab428f2bcdbb21a06cf0ac256'}, 'dob': {'date': '1954-04-10T04:46:27.152Z', 'age': 70}, 'registered': {'date': '2004-11-27T09:36:13.891Z', 'age': 19}, 'phone': '079 943 17 39', 'cell': '077 338 91 59', 'id': {'name': 'AVS', 'value': '756.4253.4304.16'}, 'picture': {'large': 'https://randomuser.me/api/portraits/men/19.jpg', 'medium': 'https://randomuser.me/api/portraits/med/men/19.jpg', 'thumbnail': 'https://randomuser.me/api/portraits/thumb/men/19.jpg'}, 'nat': 'CH'}</msg>
<arg>${json_data['results'][0]}</arg>
<doc>Logs the given message with the given level.</doc>
<status status="PASS" start="2024-06-14T15:17:13.276515" elapsed="0.000435"/>
</kw>
<kw name="Log" owner="BuiltIn">
<msg time="2024-06-14T15:17:13.277383" level="INFO">name</msg>
<arg>${key}</arg>
<doc>Logs the given message with the given level.</doc>
<status status="PASS" start="2024-06-14T15:17:13.277255" elapsed="0.000164"/>
</kw>
<var name="${key}">name</var>
<status status="PASS" start="2024-06-14T15:17:13.275836" elapsed="0.001800"/>
</iter>
<iter>
<kw name="Dictionary Should Contain Key" owner="Collections">
<arg>${json_data['results'][0]}</arg>
<arg>${key}</arg>
<doc>Fails if ``key`` is not found from ``dictionary``.</doc>
<status status="PASS" start="2024-06-14T15:17:13.277923" elapsed="0.000375"/>
</kw>
<kw name="Log" owner="BuiltIn">
<msg time="2024-06-14T15:17:13.278833" level="INFO">{'gender': 'male', 'name': {'title': 'Monsieur', 'first': 'Armin', 'last': 'Legrand'}, 'location': {'street': {'number': 1299, 'name': 'Rue de la Barre'}, 'city': 'Küssnacht (Sz)', 'state': 'Solothurn', 'country': 'Switzerland', 'postcode': 9713, 'coordinates': {'latitude': '-59.0015', 'longitude': '-51.3047'}, 'timezone': {'offset': '+6:00', 'description': 'Almaty, Dhaka, Colombo'}}, 'email': 'armin.legrand@example.com', 'login': {'uuid': '18c2a7a6-803f-476f-b2e6-9223fef752c5', 'username': 'tinygorilla633', 'password': 'bryan', 'salt': 'Hbo7Dz7o', 'md5': '296f70376acb5fee8e650711c503e950', 'sha1': 'c9425f4e65ed1ed8cd386cd8bfe499b0c99f7283', 'sha256': '5d8c983ff557f65563db3c951fd9217589fb9a7ab428f2bcdbb21a06cf0ac256'}, 'dob': {'date': '1954-04-10T04:46:27.152Z', 'age': 70}, 'registered': {'date': '2004-11-27T09:36:13.891Z', 'age': 19}, 'phone': '079 943 17 39', 'cell': '077 338 91 59', 'id': {'name': 'AVS', 'value': '756.4253.4304.16'}, 'picture': {'large': 'https://randomuser.me/api/portraits/men/19.jpg', 'medium': 'https://randomuser.me/api/portraits/med/men/19.jpg', 'thumbnail': 'https://randomuser.me/api/portraits/thumb/men/19.jpg'}, 'nat': 'CH'}</msg>
<arg>${json_data['results'][0]}</arg>
<doc>Logs the given message with the given level.</doc>
<status status="PASS" start="2024-06-14T15:17:13.278485" elapsed="0.000397"/>
</kw>
<kw name="Log" owner="BuiltIn">
<msg time="2024-06-14T15:17:13.279322" level="INFO">location</msg>
<arg>${key}</arg>
<doc>Logs the given message with the given level.</doc>
<status status="PASS" start="2024-06-14T15:17:13.279194" elapsed="0.000169"/>
</kw>
<var name="${key}">location</var>
<status status="PASS" start="2024-06-14T15:17:13.277815" elapsed="0.001764"/>
</iter>
<iter>
<kw name="Dictionary Should Contain Key" owner="Collections">
<arg>${json_data['results'][0]}</arg>
<arg>${key}</arg>
<doc>Fails if ``key`` is not found from ``dictionary``.</doc>
<status status="PASS" start="2024-06-14T15:17:13.279857" elapsed="0.000379"/>
</kw>
<kw name="Log" owner="BuiltIn">
<msg time="2024-06-14T15:17:13.280768" level="INFO">{'gender': 'male', 'name': {'title': 'Monsieur', 'first': 'Armin', 'last': 'Legrand'}, 'location': {'street': {'number': 1299, 'name': 'Rue de la Barre'}, 'city': 'Küssnacht (Sz)', 'state': 'Solothurn', 'country': 'Switzerland', 'postcode': 9713, 'coordinates': {'latitude': '-59.0015', 'longitude': '-51.3047'}, 'timezone': {'offset': '+6:00', 'description': 'Almaty, Dhaka, Colombo'}}, 'email': 'armin.legrand@example.com', 'login': {'uuid': '18c2a7a6-803f-476f-b2e6-9223fef752c5', 'username': 'tinygorilla633', 'password': 'bryan', 'salt': 'Hbo7Dz7o', 'md5': '296f70376acb5fee8e650711c503e950', 'sha1': 'c9425f4e65ed1ed8cd386cd8bfe499b0c99f7283', 'sha256': '5d8c983ff557f65563db3c951fd9217589fb9a7ab428f2bcdbb21a06cf0ac256'}, 'dob': {'date': '1954-04-10T04:46:27.152Z', 'age': 70}, 'registered': {'date': '2004-11-27T09:36:13.891Z', 'age': 19}, 'phone': '079 943 17 39', 'cell': '077 338 91 59', 'id': {'name': 'AVS', 'value': '756.4253.4304.16'}, 'picture': {'large': 'https://randomuser.me/api/portraits/men/19.jpg', 'medium': 'https://randomuser.me/api/portraits/med/men/19.jpg', 'thumbnail': 'https://randomuser.me/api/portraits/thumb/men/19.jpg'}, 'nat': 'CH'}</msg>
<arg>${json_data['results'][0]}</arg>
<doc>Logs the given message with the given level.</doc>
<status status="PASS" start="2024-06-14T15:17:13.280417" elapsed="0.000409"/>
</kw>
<kw name="Log" owner="BuiltIn">
<msg time="2024-06-14T15:17:13.281252" level="INFO">email</msg>
<arg>${key}</arg>
<doc>Logs the given message with the given level.</doc>
<status status="PASS" start="2024-06-14T15:17:13.281126" elapsed="0.000162"/>
</kw>
<var name="${key}">email</var>
<status status="PASS" start="2024-06-14T15:17:13.279750" elapsed="0.001752"/>
</iter>
<iter>
<kw name="Dictionary Should Contain Key" owner="Collections">
<arg>${json_data['results'][0]}</arg>
<arg>${key}</arg>
<doc>Fails if ``key`` is not found from ``dictionary``.</doc>
<status status="PASS" start="2024-06-14T15:17:13.281787" elapsed="0.000384"/>
</kw>
<kw name="Log" owner="BuiltIn">
<msg time="2024-06-14T15:17:13.282707" level="INFO">{'gender': 'male', 'name': {'title': 'Monsieur', 'first': 'Armin', 'last': 'Legrand'}, 'location': {'street': {'number': 1299, 'name': 'Rue de la Barre'}, 'city': 'Küssnacht (Sz)', 'state': 'Solothurn', 'country': 'Switzerland', 'postcode': 9713, 'coordinates': {'latitude': '-59.0015', 'longitude': '-51.3047'}, 'timezone': {'offset': '+6:00', 'description': 'Almaty, Dhaka, Colombo'}}, 'email': 'armin.legrand@example.com', 'login': {'uuid': '18c2a7a6-803f-476f-b2e6-9223fef752c5', 'username': 'tinygorilla633', 'password': 'bryan', 'salt': 'Hbo7Dz7o', 'md5': '296f70376acb5fee8e650711c503e950', 'sha1': 'c9425f4e65ed1ed8cd386cd8bfe499b0c99f7283', 'sha256': '5d8c983ff557f65563db3c951fd9217589fb9a7ab428f2bcdbb21a06cf0ac256'}, 'dob': {'date': '1954-04-10T04:46:27.152Z', 'age': 70}, 'registered': {'date': '2004-11-27T09:36:13.891Z', 'age': 19}, 'phone': '079 943 17 39', 'cell': '077 338 91 59', 'id': {'name': 'AVS', 'value': '756.4253.4304.16'}, 'picture': {'large': 'https://randomuser.me/api/portraits/men/19.jpg', 'medium': 'https://randomuser.me/api/portraits/med/men/19.jpg', 'thumbnail': 'https://randomuser.me/api/portraits/thumb/men/19.jpg'}, 'nat': 'CH'}</msg>
<arg>${json_data['results'][0]}</arg>
<doc>Logs the given message with the given level.</doc>
<status status="PASS" start="2024-06-14T15:17:13.282354" elapsed="0.000401"/>
</kw>
<kw name="Log" owner="BuiltIn">
<msg time="2024-06-14T15:17:13.283196" level="INFO">login</msg>
<arg>${key}</arg>
<doc>Logs the given message with the given level.</doc>
<status status="PASS" start="2024-06-14T15:17:13.283048" elapsed="0.000185"/>
</kw>
<var name="${key}">login</var>
<status status="PASS" start="2024-06-14T15:17:13.281679" elapsed="0.001773"/>
</iter>
<var>${key}</var>
<value>@{expected_keys}</value>
<status status="PASS" start="2024-06-14T15:17:13.273602" elapsed="0.009969"/>
</for>
<kw name="Create List" owner="BuiltIn">
<msg time="2024-06-14T15:17:13.283926" level="INFO">${expected_keysTwo} = ['username', 'password']</msg>
<var>${expected_keysTwo}</var>
<arg>username</arg>
<arg>password</arg>
<doc>Returns a list containing given items.</doc>
<status status="PASS" start="2024-06-14T15:17:13.283759" elapsed="0.000191"/>
</kw>
<for flavor="IN">
<iter>
<kw name="Dictionary Should Contain Key" owner="Collections">
<arg>${json_data['results'][0]['login']}</arg>
<arg>${keyTwo}</arg>
<doc>Fails if ``key`` is not found from ``dictionary``.</doc>
<status status="PASS" start="2024-06-14T15:17:13.284454" elapsed="0.000385"/>
</kw>
<kw name="Dictionary Should Contain Key" owner="Collections">
<arg>${json_data['results'][0]['login']}</arg>
<arg>${keyTwo}</arg>
<doc>Fails if ``key`` is not found from ``dictionary``.</doc>
<status status="PASS" start="2024-06-14T15:17:13.285024" elapsed="0.000481"/>
</kw>
<kw name="Log" owner="BuiltIn">
<msg time="2024-06-14T15:17:13.285812" level="INFO">username</msg>
<arg>${keyTwo}</arg>
<doc>Logs the given message with the given level.</doc>
<status status="PASS" start="2024-06-14T15:17:13.285688" elapsed="0.000160"/>
</kw>
<var name="${keyTwo}">username</var>
<status status="PASS" start="2024-06-14T15:17:13.284348" elapsed="0.001722"/>
</iter>
<iter>
<kw name="Dictionary Should Contain Key" owner="Collections">
<arg>${json_data['results'][0]['login']}</arg>
<arg>${keyTwo}</arg>
<doc>Fails if ``key`` is not found from ``dictionary``.</doc>
<status status="PASS" start="2024-06-14T15:17:13.286348" elapsed="0.000369"/>
</kw>
<kw name="Dictionary Should Contain Key" owner="Collections">
<arg>${json_data['results'][0]['login']}</arg>
<arg>${keyTwo}</arg>
<doc>Fails if ``key`` is not found from ``dictionary``.</doc>
<status status="PASS" start="2024-06-14T15:17:13.286895" elapsed="0.000388"/>
</kw>
<kw name="Log" owner="BuiltIn">
<msg time="2024-06-14T15:17:13.287580" level="INFO">password</msg>
<arg>${keyTwo}</arg>
<doc>Logs the given message with the given level.</doc>
<status status="PASS" start="2024-06-14T15:17:13.287460" elapsed="0.000155"/>
</kw>
<var name="${keyTwo}">password</var>
<status status="PASS" start="2024-06-14T15:17:13.286241" elapsed="0.001592"/>
</iter>
<var>${keyTwo}</var>
<value>@{expected_keysTwo}</value>
<status status="PASS" start="2024-06-14T15:17:13.284193" elapsed="0.003763"/>
</for>
<status status="PASS" start="2024-06-14T15:17:13.148376" elapsed="0.139721"/>
</kw>
<doc>Testa a estrutura da resposta da API.</doc>
<tag>testeEstruturaResposta</tag>
<status status="PASS" start="2024-06-14T15:17:13.147763" elapsed="0.140495"/>
</test>
<test id="s1-s1-t4" name="Validar tipos de dados" line="28">
<kw name="Teste de Tipos de Dados" owner="random-user-service">
<kw name="GET On Session" owner="RequestsLibrary">
<msg time="2024-06-14T15:17:13.342323" level="INFO">GET Request : url=https://randomuser.me/api 
 path_url=/api 
 headers={'User-Agent': 'python-requests/2.32.3', 'Accept-Encoding': 'gzip, deflate', 'Accept': '*/*', 'Connection': 'keep-alive'} 
 body=None 
 </msg>
<msg time="2024-06-14T15:17:13.342420" level="INFO">GET Response : url=https://randomuser.me/api 
 status=200, reason=OK 
 headers={'Date': 'Fri, 14 Jun 2024 15:17:13 GMT', 'Content-Type': 'application/json; charset=utf-8', 'Transfer-Encoding': 'chunked', 'Connection': 'keep-alive', 'X-Powered-By': 'Express', 'Access-Control-Allow-Origin': '*', 'Cache-Control': 'no-cache', 'ETag': 'W/"48c-up8r6GWMRNFDikXVpStknm6oj4E"', 'Vary': 'Accept-Encoding', 'Content-Encoding': 'gzip', 'CF-Cache-Status': 'DYNAMIC', 'Report-To': '{"endpoints":[{"url":"https:\\/\\/a.nel.cloudflare.com\\/report\\/v4?s=W%2BnarRCcZBrgGg0sE5NdTGfuj2CL%2B0bufDnuZlB2vZ8%2BncWNPdDVkS8Xw6fLKSy%2B2lWXelJxvY9mz%2BAqoh0kytPHTm44GzxMI8uuX97Bqo1xG3AKrdbZCiVT8Vh4rNrl"}],"group":"cf-nel","max_age":604800}', 'NEL': '{"success_fraction":0,"report_to":"cf-nel","max_age":604800}', 'Server': 'cloudflare', 'CF-RAY': '893b49361bc19c40-IAD', 'alt-svc': 'h3=":443"; ma=86400'} 
 body={"results":[{"gender":"female","name":{"title":"Mademoiselle","first":"Paulina","last":"Morin"},"location":{"street":{"number":80,"name":"Rue des Écoles"},"city":"Avully","state":"Ticino","country":"Switzerland","postcode":5657,"coordinates":{"latitude":"-63.8169","longitude":"116.7768"},"timezone":{"offset":"-2:00","description":"Mid-Atlantic"}},"email":"paulina.morin@example.com","login":{"uuid":"cb760b0c-907e-49a2-b5e8-5e89e18e6946","username":"lazyfrog909","password":"thedude","salt":"cE6KPkBv","md5":"03caa6ae1b45771175232b64ee3376e5","sha1":"d389cae934a12c835ac0b76061e24437f678b983","sha256":"89a6c587a9246da8b5fe89a5d444e36dfcd33e6e26a4ecfdd0b221398cd38e69"},"dob":{"date":"1975-01-11T05:08:49.284Z","age":49},"registered":{"date":"2014-07-07T12:38:08.909Z","age":9},"phone":"079 353 39 83","cell":"078 864 83 65","id":{"name":"AVS","value":"756.9869.3966.43"},"picture":{"large":"https://randomuser.me/api/portraits/women/88.jpg","medium":"https://randomuser.me/api/portraits/med/women/88.jpg","thumbnail":"https://randomuser.me/api/portraits/thumb/women/88.jpg"},"nat":"CH"}],"info":{"seed":"657a1a31549a73de","results":1,"page":1,"version":"1.4"}} 
 </msg>
<msg time="2024-06-14T15:17:13.342501" level="INFO">/opt/hostedtoolcache/Python/3.12.3/x64/lib/python3.12/site-packages/urllib3/connectionpool.py:1103: InsecureRequestWarning: Unverified HTTPS request is being made to host 'randomuser.me'. Adding certificate verification is strongly advised. See: https://urllib3.readthedocs.io/en/latest/advanced-usage.html#tls-warnings
  warnings.warn(</msg>
<msg time="2024-06-14T15:17:13.342653" level="INFO">${response} = &lt;Response [200]&gt;</msg>
<var>${response}</var>
<arg>consultarAPI</arg>
<arg>/api</arg>
<doc>Sends a GET request on a previously created HTTP Session.</doc>
<status status="PASS" start="2024-06-14T15:17:13.290859" elapsed="0.051842"/>
</kw>
<kw name="Set Variable" owner="BuiltIn">
<msg time="2024-06-14T15:17:13.343692" level="INFO">${json_data} = {'results': [{'gender': 'female', 'name': {'title': 'Mademoiselle', 'first': 'Paulina', 'last': 'Morin'}, 'location': {'street': {'number': 80, 'name': 'Rue des Écoles'}, 'city': 'Avully', 'state': 'T...</msg>
<var>${json_data}</var>
<arg>${response.json()}</arg>
<doc>Returns the given values which can then be assigned to a variables.</doc>
<status status="PASS" start="2024-06-14T15:17:13.343201" elapsed="0.000520"/>
</kw>
<kw name="Log" owner="BuiltIn">
<msg time="2024-06-14T15:17:13.344204" level="INFO">{'results': [{'gender': 'female', 'name': {'title': 'Mademoiselle', 'first': 'Paulina', 'last': 'Morin'}, 'location': {'street': {'number': 80, 'name': 'Rue des Écoles'}, 'city': 'Avully', 'state': 'Ticino', 'country': 'Switzerland', 'postcode': 5657, 'coordinates': {'latitude': '-63.8169', 'longitude': '116.7768'}, 'timezone': {'offset': '-2:00', 'description': 'Mid-Atlantic'}}, 'email': 'paulina.morin@example.com', 'login': {'uuid': 'cb760b0c-907e-49a2-b5e8-5e89e18e6946', 'username': 'lazyfrog909', 'password': 'thedude', 'salt': 'cE6KPkBv', 'md5': '03caa6ae1b45771175232b64ee3376e5', 'sha1': 'd389cae934a12c835ac0b76061e24437f678b983', 'sha256': '89a6c587a9246da8b5fe89a5d444e36dfcd33e6e26a4ecfdd0b221398cd38e69'}, 'dob': {'date': '1975-01-11T05:08:49.284Z', 'age': 49}, 'registered': {'date': '2014-07-07T12:38:08.909Z', 'age': 9}, 'phone': '079 353 39 83', 'cell': '078 864 83 65', 'id': {'name': 'AVS', 'value': '756.9869.3966.43'}, 'picture': {'large': 'https://randomuser.me/api/portraits/women/88.jpg', 'medium': 'https://randomuser.me/api/portraits/med/women/88.jpg', 'thumbnail': 'https://randomuser.me/api/portraits/thumb/women/88.jpg'}, 'nat': 'CH'}], 'info': {'seed': '657a1a31549a73de', 'results': 1, 'page': 1, 'version': '1.4'}}</msg>
<arg>${json_data}</arg>
<doc>Logs the given message with the given level.</doc>
<status status="PASS" start="2024-06-14T15:17:13.344031" elapsed="0.000220"/>
</kw>
<kw name="Should Be String" owner="String">
<arg>${json_data['results'][0]['gender']}</arg>
<doc>Fails if the given ``item`` is not a string.</doc>
<status status="PASS" start="2024-06-14T15:17:13.344543" elapsed="0.000356"/>
</kw>
<kw name="Should Match Regexp" owner="BuiltIn">
<arg>${json_data['results'][0]['email']}</arg>
<arg>^[a-zA-Z0-9._%+-]+@[a-zA-Z0-9.-]+\.[a-zA-Z]{2,}$</arg>
<doc>Fails if ``string`` does not match ``pattern`` as a regular expression.</doc>
<status status="PASS" start="2024-06-14T15:17:13.345090" elapsed="0.000552"/>
</kw>
<kw name="Should Match Regexp" owner="BuiltIn">
<arg>${json_data['results'][0]['dob']['date']}</arg>
<arg>\\d{4}-\\d{2}-\\d{2}T\\d{2}:\\d{2}:\\d{2}\\.\\d{3}Z</arg>
<doc>Fails if ``string`` does not match ``pattern`` as a regular expression.</doc>
<status status="PASS" start="2024-06-14T15:17:13.345841" elapsed="0.000486"/>
</kw>
<kw name="Should Match Regexp" owner="BuiltIn">
<arg>${json_data['results'][0]['registered']['date']}</arg>
<arg>\\d{4}-\\d{2}-\\d{2}T\\d{2}:\\d{2}:\\d{2}\\.\\d{3}Z</arg>
<doc>Fails if ``string`` does not match ``pattern`` as a regular expression.</doc>
<status status="PASS" start="2024-06-14T15:17:13.346521" elapsed="0.000362"/>
</kw>
<kw name="Should Match Regexp" owner="BuiltIn">
<arg>${json_data['results'][0]['picture']['large']}</arg>
<arg>^https?://.*\.(?:png|jpe?g|gif|bmp)$</arg>
<doc>Fails if ``string`` does not match ``pattern`` as a regular expression.</doc>
<status status="PASS" start="2024-06-14T15:17:13.347068" elapsed="0.000483"/>
</kw>
<kw name="Should Match Regexp" owner="BuiltIn">
<arg>${json_data['results'][0]['picture']['medium']}</arg>
<arg>^https?://.*\.(?:png|jpe?g|gif|bmp)$</arg>
<doc>Fails if ``string`` does not match ``pattern`` as a regular expression.</doc>
<status status="PASS" start="2024-06-14T15:17:13.347746" elapsed="0.000349"/>
</kw>
<kw name="Should Match Regexp" owner="BuiltIn">
<arg>${json_data['results'][0]['picture']['thumbnail']}</arg>
<arg>^https?://.*\.(?:png|jpe?g|gif|bmp)$</arg>
<doc>Fails if ``string`` does not match ``pattern`` as a regular expression.</doc>
<status status="PASS" start="2024-06-14T15:17:13.348280" elapsed="0.000347"/>
</kw>
<kw name="Log" owner="BuiltIn">
<msg time="2024-06-14T15:17:13.349137" level="INFO">{'large': 'https://randomuser.me/api/portraits/women/88.jpg', 'medium': 'https://randomuser.me/api/portraits/med/women/88.jpg', 'thumbnail': 'https://randomuser.me/api/portraits/thumb/women/88.jpg'}</msg>
<arg>${json_data['results'][0]['picture']}</arg>
<doc>Logs the given message with the given level.</doc>
<status status="PASS" start="2024-06-14T15:17:13.348814" elapsed="0.000364"/>
</kw>
<status status="PASS" start="2024-06-14T15:17:13.290601" elapsed="0.058836"/>
</kw>
<kw name="Teste de Tipos de Dados - Postcode" owner="random-user-service">
<kw name="GET On Session" owner="RequestsLibrary">
<msg time="2024-06-14T15:17:13.443063" level="INFO">GET Request : url=https://randomuser.me/api 
 path_url=/api 
 headers={'User-Agent': 'python-requests/2.32.3', 'Accept-Encoding': 'gzip, deflate', 'Accept': '*/*', 'Connection': 'keep-alive'} 
 body=None 
 </msg>
<msg time="2024-06-14T15:17:13.443196" level="INFO">GET Response : url=https://randomuser.me/api 
 status=200, reason=OK 
 headers={'Date': 'Fri, 14 Jun 2024 15:17:13 GMT', 'Content-Type': 'application/json; charset=utf-8', 'Transfer-Encoding': 'chunked', 'Connection': 'keep-alive', 'X-Powered-By': 'Express', 'Access-Control-Allow-Origin': '*', 'Cache-Control': 'no-cache', 'ETag': 'W/"494-IpVv94UFHR5oFXFM9jQVZVRbdkM"', 'Vary': 'Accept-Encoding', 'Content-Encoding': 'gzip', 'CF-Cache-Status': 'DYNAMIC', 'Report-To': '{"endpoints":[{"url":"https:\\/\\/a.nel.cloudflare.com\\/report\\/v4?s=r4NWMyUtiQ9ov%2BO0X0WTCIJmwBz1mh85BrmtkGldz%2F6G3F7TNJ9YCs347HwbECnKKYej7DJIHaIXduu9sb6f5hVNe%2B7HQa6iIuOGVGCFY3ZN1Rr4BD4hfFy8E3qnpd2b"}],"group":"cf-nel","max_age":604800}', 'NEL': '{"success_fraction":0,"report_to":"cf-nel","max_age":604800}', 'Server': 'cloudflare', 'CF-RAY': '893b49367c579c40-IAD', 'alt-svc': 'h3=":443"; ma=86400'} 
 body={"results":[{"gender":"male","name":{"title":"Mr","first":"Matias","last":"Neva"},"location":{"street":{"number":1429,"name":"Siilitie"},"city":"Iisalmi","state":"North Karelia","country":"Finland","postcode":11925,"coordinates":{"latitude":"-24.9647","longitude":"-166.6040"},"timezone":{"offset":"-4:00","description":"Atlantic Time (Canada), Caracas, La Paz"}},"email":"matias.neva@example.com","login":{"uuid":"9942c250-a7e6-4d73-91c7-c5cfbefceae9","username":"silverkoala788","password":"beardog","salt":"NE6A1DoZ","md5":"f8dba63a75a76639b0e272ae90a968dc","sha1":"a887e80bc12d0c1c4c4104e9892f95accbd0b611","sha256":"f991dfc920d918fc0a543fb476728d91a2fb2cf46de9c7482bdbc34698f5379c"},"dob":{"date":"1963-04-01T17:56:32.727Z","age":61},"registered":{"date":"2018-02-03T09:17:02.294Z","age":6},"phone":"07-897-869","cell":"045-114-62-62","id":{"name":"HETU","value":"NaNNA351undefined"},"picture":{"large":"https://randomuser.me/api/portraits/men/95.jpg","medium":"https://randomuser.me/api/portraits/med/men/95.jpg","thumbnail":"https://randomuser.me/api/portraits/thumb/men/95.jpg"},"nat":"FI"}],"info":{"seed":"7c8280bfa155e206","results":1,"page":1,"version":"1.4"}} 
 </msg>
<msg time="2024-06-14T15:17:13.443273" level="INFO">/opt/hostedtoolcache/Python/3.12.3/x64/lib/python3.12/site-packages/urllib3/connectionpool.py:1103: InsecureRequestWarning: Unverified HTTPS request is being made to host 'randomuser.me'. Adding certificate verification is strongly advised. See: https://urllib3.readthedocs.io/en/latest/advanced-usage.html#tls-warnings
  warnings.warn(</msg>
<msg time="2024-06-14T15:17:13.443415" level="INFO">${response} = &lt;Response [200]&gt;</msg>
<var>${response}</var>
<arg>consultarAPI</arg>
<arg>/api</arg>
<doc>Sends a GET request on a previously created HTTP Session.</doc>
<status status="PASS" start="2024-06-14T15:17:13.349902" elapsed="0.093556"/>
</kw>
<kw name="Set Variable" owner="BuiltIn">
<msg time="2024-06-14T15:17:13.444498" level="INFO">${json_data} = {'results': [{'gender': 'male', 'name': {'title': 'Mr', 'first': 'Matias', 'last': 'Neva'}, 'location': {'street': {'number': 1429, 'name': 'Siilitie'}, 'city': 'Iisalmi', 'state': 'North Karelia', 'c...</msg>
<var>${json_data}</var>
<arg>${response.json()}</arg>
<doc>Returns the given values which can then be assigned to a variables.</doc>
<status status="PASS" start="2024-06-14T15:17:13.443987" elapsed="0.000539"/>
</kw>
<kw name="Log" owner="BuiltIn">
<msg time="2024-06-14T15:17:13.445196" level="INFO">{'results': [{'gender': 'male', 'name': {'title': 'Mr', 'first': 'Matias', 'last': 'Neva'}, 'location': {'street': {'number': 1429, 'name': 'Siilitie'}, 'city': 'Iisalmi', 'state': 'North Karelia', 'country': 'Finland', 'postcode': 11925, 'coordinates': {'latitude': '-24.9647', 'longitude': '-166.6040'}, 'timezone': {'offset': '-4:00', 'description': 'Atlantic Time (Canada), Caracas, La Paz'}}, 'email': 'matias.neva@example.com', 'login': {'uuid': '9942c250-a7e6-4d73-91c7-c5cfbefceae9', 'username': 'silverkoala788', 'password': 'beardog', 'salt': 'NE6A1DoZ', 'md5': 'f8dba63a75a76639b0e272ae90a968dc', 'sha1': 'a887e80bc12d0c1c4c4104e9892f95accbd0b611', 'sha256': 'f991dfc920d918fc0a543fb476728d91a2fb2cf46de9c7482bdbc34698f5379c'}, 'dob': {'date': '1963-04-01T17:56:32.727Z', 'age': 61}, 'registered': {'date': '2018-02-03T09:17:02.294Z', 'age': 6}, 'phone': '07-897-869', 'cell': '045-114-62-62', 'id': {'name': 'HETU', 'value': 'NaNNA351undefined'}, 'picture': {'large': 'https://randomuser.me/api/portraits/men/95.jpg', 'medium': 'https://randomuser.me/api/portraits/med/men/95.jpg', 'thumbnail': 'https://randomuser.me/api/portraits/thumb/men/95.jpg'}, 'nat': 'FI'}], 'info': {'seed': '7c8280bfa155e206', 'results': 1, 'page': 1, 'version': '1.4'}}</msg>
<arg>${json_data}</arg>
<doc>Logs the given message with the given level.</doc>
<status status="PASS" start="2024-06-14T15:17:13.445035" elapsed="0.000206"/>
</kw>
<kw name="Should Be Equal As Numbers" owner="BuiltIn">
<arg>${json_data['results'][0]['location']['postcode']}</arg>
<arg>${json_data['results'][0]['location']['postcode']}</arg>
<doc>Fails if objects are unequal after converting them to real numbers.</doc>
<status status="PASS" start="2024-06-14T15:17:13.445538" elapsed="0.000628"/>
</kw>
<kw name="Log" owner="BuiltIn">
<msg time="2024-06-14T15:17:13.446689" level="INFO">11925</msg>
<arg>${json_data['results'][0]['location']['postcode']}</arg>
<doc>Logs the given message with the given level.</doc>
<status status="PASS" start="2024-06-14T15:17:13.446357" elapsed="0.000411"/>
</kw>
<status status="PASS" start="2024-06-14T15:17:13.349666" elapsed="0.097361"/>
</kw>
<doc>Testa se os tipos de dados na resposta da API estão corretos.</doc>
<tag>testeTiposDados</tag>
<status status="PASS" start="2024-06-14T15:17:13.290057" elapsed="0.157176"/>
</test>
<test id="s1-s1-t5" name="Validar conteudo" line="35">
<kw name="Teste de Tipos de Conteudo" owner="random-user-service">
<kw name="GET On Session" owner="RequestsLibrary">
<msg time="2024-06-14T15:17:13.544654" level="INFO">GET Request : url=https://randomuser.me/api 
 path_url=/api 
 headers={'User-Agent': 'python-requests/2.32.3', 'Accept-Encoding': 'gzip, deflate', 'Accept': '*/*', 'Connection': 'keep-alive'} 
 body=None 
 </msg>
<msg time="2024-06-14T15:17:13.544764" level="INFO">GET Response : url=https://randomuser.me/api 
 status=200, reason=OK 
 headers={'Date': 'Fri, 14 Jun 2024 15:17:13 GMT', 'Content-Type': 'application/json; charset=utf-8', 'Transfer-Encoding': 'chunked', 'Connection': 'keep-alive', 'X-Powered-By': 'Express', 'Access-Control-Allow-Origin': '*', 'Cache-Control': 'no-cache', 'ETag': 'W/"490-abYMWWNuOTKzHjVMZB2obMtjxwg"', 'Vary': 'Accept-Encoding', 'Content-Encoding': 'gzip', 'CF-Cache-Status': 'DYNAMIC', 'Report-To': '{"endpoints":[{"url":"https:\\/\\/a.nel.cloudflare.com\\/report\\/v4?s=rqlg%2FQ9b8aVoMLJecEauVOmauBK2e73PZ624zP9k0HT7JixMxBvIgVKC4i83Sr%2BrkA7pEyn7L2Acz7hKGVWBGvk9%2BIdSSNnSVJUHHFrKKBqKE4uSJrFKVsgB8xGtGZ1P"}],"group":"cf-nel","max_age":604800}', 'NEL': '{"success_fraction":0,"report_to":"cf-nel","max_age":604800}', 'Server': 'cloudflare', 'CF-RAY': '893b49371d369c40-IAD', 'alt-svc': 'h3=":443"; ma=86400'} 
 body={"results":[{"gender":"male","name":{"title":"Mr","first":"Upkaar","last":"Manjunath"},"location":{"street":{"number":9955,"name":"Bandstand Promenade"},"city":"Visakhapatnam","state":"Jharkhand","country":"India","postcode":18632,"coordinates":{"latitude":"10.4457","longitude":"-119.5680"},"timezone":{"offset":"+6:00","description":"Almaty, Dhaka, Colombo"}},"email":"upkaar.manjunath@example.com","login":{"uuid":"e7cf0f71-338b-474f-a397-17ad2acca88b","username":"purplekoala164","password":"cartman","salt":"moGRCt83","md5":"2267ac13d5d58f11f78c5a200bf3ee3d","sha1":"7eef29df36b5230526a4380ada0b4bbfde3cb3e1","sha256":"3562d0390e9acecc6c4022d3c7e9dd45f218fe6a2e9de8703c487f907e4612ed"},"dob":{"date":"1973-01-02T11:12:57.445Z","age":51},"registered":{"date":"2014-12-14T03:40:47.282Z","age":9},"phone":"7677655746","cell":"8666172655","id":{"name":"UIDAI","value":"649112846754"},"picture":{"large":"https://randomuser.me/api/portraits/men/87.jpg","medium":"https://randomuser.me/api/portraits/med/men/87.jpg","thumbnail":"https://randomuser.me/api/portraits/thumb/men/87.jpg"},"nat":"IN"}],"info":{"seed":"37ef9b9485276813","results":1,"page":1,"version":"1.4"}} 
 </msg>
<msg time="2024-06-14T15:17:13.544845" level="INFO">/opt/hostedtoolcache/Python/3.12.3/x64/lib/python3.12/site-packages/urllib3/connectionpool.py:1103: InsecureRequestWarning: Unverified HTTPS request is being made to host 'randomuser.me'. Adding certificate verification is strongly advised. See: https://urllib3.readthedocs.io/en/latest/advanced-usage.html#tls-warnings
  warnings.warn(</msg>
<msg time="2024-06-14T15:17:13.545009" level="INFO">${response} = &lt;Response [200]&gt;</msg>
<var>${response}</var>
<arg>consultarAPI</arg>
<arg>/api</arg>
<doc>Sends a GET request on a previously created HTTP Session.</doc>
<status status="PASS" start="2024-06-14T15:17:13.449788" elapsed="0.095274"/>
</kw>
<kw name="Set Variable" owner="BuiltIn">
<msg time="2024-06-14T15:17:13.546115" level="INFO">${json_data} = {'results': [{'gender': 'male', 'name': {'title': 'Mr', 'first': 'Upkaar', 'last': 'Manjunath'}, 'location': {'street': {'number': 9955, 'name': 'Bandstand Promenade'}, 'city': 'Visakhapatnam', 'state...</msg>
<var>${json_data}</var>
<arg>${response.json()}</arg>
<doc>Returns the given values which can then be assigned to a variables.</doc>
<status status="PASS" start="2024-06-14T15:17:13.545602" elapsed="0.000541"/>
</kw>
<kw name="Set Variable" owner="BuiltIn">
<msg time="2024-06-14T15:17:13.546834" level="INFO">${name_title} = Mr</msg>
<var>${name_title}</var>
<arg>${json_data["results"][0]["name"]["title"]}</arg>
<doc>Returns the given values which can then be assigned to a variables.</doc>
<status status="PASS" start="2024-06-14T15:17:13.546454" elapsed="0.000405"/>
</kw>
<kw name="Create List" owner="BuiltIn">
<msg time="2024-06-14T15:17:13.547343" level="INFO">${allowed_titles} = ['Mr', 'Ms', 'Miss', 'Mrs', 'Madame', 'Monsieur']</msg>
<var>${allowed_titles}</var>
<arg>Mr</arg>
<arg>Ms</arg>
<arg>Miss</arg>
<arg>Mrs</arg>
<arg>Madame</arg>
<arg>Monsieur</arg>
<doc>Returns a list containing given items.</doc>
<status status="PASS" start="2024-06-14T15:17:13.547187" elapsed="0.000180"/>
</kw>
<kw name="List Should Contain Value" owner="Collections">
<arg>${allowed_titles}</arg>
<arg>${name_title}</arg>
<doc>Fails if the ``value`` is not found from ``list``.</doc>
<status status="PASS" start="2024-06-14T15:17:13.547664" elapsed="0.000178"/>
</kw>
<kw name="Set Variable" owner="BuiltIn">
<msg time="2024-06-14T15:17:13.548403" level="INFO">${name_country} = IN</msg>
<var>${name_country}</var>
<arg>${json_data["results"][0]["nat"]}</arg>
<doc>Returns the given values which can then be assigned to a variables.</doc>
<status status="PASS" start="2024-06-14T15:17:13.548022" elapsed="0.000405"/>
</kw>
<kw name="Create List" owner="BuiltIn">
<msg time="2024-06-14T15:17:13.549323" level="INFO">${list_country} = ['AD', 'AE', 'AF', 'AG', 'AI', 'AL', 'AM', 'AO', 'AQ', 'AR', 'AS', 'AT', 'AU', 'AW', 'AX', 'AZ', 'BA', 'BB', 'BD', 'BE', 'BF', 'BG', 'BH', 'BI', 'BJ', 'BL', 'BM', 'BN', 'BO', 'BQ', 'BR', 'BS', 'BT', '...</msg>
<var>${list_country}</var>
<arg>AD</arg>
<arg>AE</arg>
<arg>AF</arg>
<arg>AG</arg>
<arg>AI</arg>
<arg>AL</arg>
<arg>AM</arg>
<arg>AO</arg>
<arg>AQ</arg>
<arg>AR</arg>
<arg>AS</arg>
<arg>AT</arg>
<arg>AU</arg>
<arg>AW</arg>
<arg>AX</arg>
<arg>AZ</arg>
<arg>BA</arg>
<arg>BB</arg>
<arg>BD</arg>
<arg>BE</arg>
<arg>BF</arg>
<arg>BG</arg>
<arg>BH</arg>
<arg>BI</arg>
<arg>BJ</arg>
<arg>BL</arg>
<arg>BM</arg>
<arg>BN</arg>
<arg>BO</arg>
<arg>BQ</arg>
<arg>BR</arg>
<arg>BS</arg>
<arg>BT</arg>
<arg>BV</arg>
<arg>BW</arg>
<arg>BY</arg>
<arg>BZ</arg>
<arg>CA</arg>
<arg>CC</arg>
<arg>CD</arg>
<arg>CF</arg>
<arg>CG</arg>
<arg>CH</arg>
<arg>CI</arg>
<arg>CK</arg>
<arg>CL</arg>
<arg>CM</arg>
<arg>CN</arg>
<arg>CO</arg>
<arg>CR</arg>
<arg>CU</arg>
<arg>CV</arg>
<arg>CW</arg>
<arg>CX</arg>
<arg>CY</arg>
<arg>CZ</arg>
<arg>DE</arg>
<arg>DJ</arg>
<arg>DK</arg>
<arg>DM</arg>
<arg>DO</arg>
<arg>DZ</arg>
<arg>EC</arg>
<arg>EE</arg>
<arg>EG</arg>
<arg>EH</arg>
<arg>ER</arg>
<arg>ES</arg>
<arg>ET</arg>
<arg>FI</arg>
<arg>FJ</arg>
<arg>FK</arg>
<arg>FM</arg>
<arg>FO</arg>
<arg>FR</arg>
<arg>GA</arg>
<arg>GB</arg>
<arg>GD</arg>
<arg>GE</arg>
<arg>GF</arg>
<arg>GG</arg>
<arg>GH</arg>
<arg>GI</arg>
<arg>GL</arg>
<arg>GM</arg>
<arg>GN</arg>
<arg>GP</arg>
<arg>GQ</arg>
<arg>GR</arg>
<arg>GS</arg>
<arg>GT</arg>
<arg>GU</arg>
<arg>GW</arg>
<arg>GY</arg>
<arg>HK</arg>
<arg>HM</arg>
<arg>HN</arg>
<arg>HR</arg>
<arg>HT</arg>
<arg>HU</arg>
<arg>ID</arg>
<arg>IE</arg>
<arg>IL</arg>
<arg>IM</arg>
<arg>IN</arg>
<arg>IO</arg>
<arg>IQ</arg>
<arg>IR</arg>
<arg>IS</arg>
<arg>IT</arg>
<arg>JE</arg>
<arg>JM</arg>
<arg>JO</arg>
<arg>JP</arg>
<arg>KE</arg>
<arg>KG</arg>
<arg>KH</arg>
<arg>KI</arg>
<arg>KM</arg>
<arg>KN</arg>
<arg>KP</arg>
<arg>KR</arg>
<arg>KW</arg>
<arg>KY</arg>
<arg>KZ</arg>
<arg>LA</arg>
<arg>LB</arg>
<arg>LC</arg>
<arg>LI</arg>
<arg>LK</arg>
<arg>LR</arg>
<arg>LS</arg>
<arg>LT</arg>
<arg>LU</arg>
<arg>LV</arg>
<arg>LY</arg>
<arg>MA</arg>
<arg>MC</arg>
<arg>MD</arg>
<arg>ME</arg>
<arg>MF</arg>
<arg>MG</arg>
<arg>MH</arg>
<arg>MK</arg>
<arg>ML</arg>
<arg>MM</arg>
<arg>MN</arg>
<arg>MO</arg>
<arg>MP</arg>
<arg>MQ</arg>
<arg>MR</arg>
<arg>MS</arg>
<arg>MT</arg>
<arg>MU</arg>
<arg>MV</arg>
<arg>MW</arg>
<arg>MX</arg>
<arg>MY</arg>
<arg>MZ</arg>
<arg>NA</arg>
<arg>NC</arg>
<arg>NE</arg>
<arg>NF</arg>
<arg>NG</arg>
<arg>NI</arg>
<arg>NL</arg>
<arg>NO</arg>
<arg>NP</arg>
<arg>NR</arg>
<arg>NU</arg>
<arg>NZ</arg>
<arg>OM</arg>
<arg>PA</arg>
<arg>PE</arg>
<arg>PF</arg>
<arg>PG</arg>
<arg>PH</arg>
<arg>PK</arg>
<arg>PL</arg>
<arg>PM</arg>
<arg>PN</arg>
<arg>PR</arg>
<arg>PS</arg>
<arg>PT</arg>
<arg>PW</arg>
<arg>PY</arg>
<arg>QA</arg>
<arg>RE</arg>
<arg>RO</arg>
<arg>RS</arg>
<arg>RU</arg>
<arg>RW</arg>
<arg>SA</arg>
<arg>SB</arg>
<arg>SC</arg>
<arg>SD</arg>
<arg>SE</arg>
<arg>SG</arg>
<arg>SH</arg>
<arg>SI</arg>
<arg>SJ</arg>
<arg>SK</arg>
<arg>SL</arg>
<arg>SM</arg>
<arg>SN</arg>
<arg>SO</arg>
<arg>SR</arg>
<arg>SS</arg>
<arg>ST</arg>
<arg>SV</arg>
<arg>SX</arg>
<arg>SY</arg>
<arg>SZ</arg>
<arg>TC</arg>
<arg>TD</arg>
<arg>TF</arg>
<arg>TG</arg>
<arg>TH</arg>
<arg>TJ</arg>
<arg>TK</arg>
<arg>TL</arg>
<arg>TM</arg>
<arg>TN</arg>
<arg>TO</arg>
<arg>TR</arg>
<arg>TT</arg>
<arg>TV</arg>
<arg>TW</arg>
<arg>TZ</arg>
<arg>UA</arg>
<arg>UG</arg>
<arg>UM</arg>
<arg>US</arg>
<arg>UY</arg>
<arg>UZ</arg>
<arg>VA</arg>
<arg>VC</arg>
<arg>VE</arg>
<arg>VG</arg>
<arg>VI</arg>
<arg>VN</arg>
<arg>VU</arg>
<arg>WF</arg>
<arg>WS</arg>
<arg>XK</arg>
<arg>YE</arg>
<arg>YT</arg>
<arg>ZA</arg>
<arg>ZM</arg>
<arg>ZW</arg>
<doc>Returns a list containing given items.</doc>
<status status="PASS" start="2024-06-14T15:17:13.548731" elapsed="0.000617"/>
</kw>
<kw name="List Should Contain Value" owner="Collections">
<arg>${list_country}</arg>
<arg>${name_country}</arg>
<doc>Fails if the ``value`` is not found from ``list``.</doc>
<status status="PASS" start="2024-06-14T15:17:13.550136" elapsed="0.000204"/>
</kw>
<kw name="Run Keyword If" owner="BuiltIn">
<kw name="Should Be True" owner="BuiltIn">
<arg>${True}</arg>
<doc>Fails if the given condition is not true.</doc>
<status status="PASS" start="2024-06-14T15:17:13.551304" elapsed="0.000263"/>
</kw>
<arg>${json_data["results"][0]["location"]["coordinates"]["latitude"]} &gt;= -90 and ${json_data["results"][0]["location"]["coordinates"]["latitude"]} &lt;= 90</arg>
<arg>Should Be True</arg>
<arg>${True}</arg>
<doc>Runs the given keyword with the given arguments, if ``condition`` is true.</doc>
<status status="PASS" start="2024-06-14T15:17:13.550540" elapsed="0.001157"/>
</kw>
<kw name="Run Keyword If" owner="BuiltIn">
<kw name="Should Be True" owner="BuiltIn">
<arg>${True}</arg>
<doc>Fails if the given condition is not true.</doc>
<status status="PASS" start="2024-06-14T15:17:13.552579" elapsed="0.000143"/>
</kw>
<arg>${json_data["results"][0]["location"]["coordinates"]["longitude"]} &gt;= -180 and ${json_data["results"][0]["location"]["coordinates"]["longitude"]} &lt;= 180</arg>
<arg>Should Be True</arg>
<arg>${True}</arg>
<doc>Runs the given keyword with the given arguments, if ``condition`` is true.</doc>
<status status="PASS" start="2024-06-14T15:17:13.551882" elapsed="0.000971"/>
</kw>
<status status="PASS" start="2024-06-14T15:17:13.449556" elapsed="0.103431"/>
</kw>
<doc>Testa o conteúdo específico dos campos retornados pela API.</doc>
<tag>testeConteudo</tag>
<status status="PASS" start="2024-06-14T15:17:13.449001" elapsed="0.104146"/>
</test>
<status status="PASS" start="2024-06-14T15:17:12.720756" elapsed="0.834440"/>
</suite>
<status status="PASS" start="2024-06-14T15:17:12.707324" elapsed="0.853002"/>
</suite>
<statistics>
<total>
<stat pass="5" fail="0" skip="0">All Tests</stat>
</total>
<tag>
<stat pass="1" fail="0" skip="0">testeConteudo</stat>
<stat pass="1" fail="0" skip="0">testeEstruturaResposta</stat>
<stat pass="1" fail="0" skip="0">testeRequisicaoBasica</stat>
<stat pass="1" fail="0" skip="0">testeTiposDados</stat>
</tag>
<suite>
<stat pass="5" fail="0" skip="0" id="s1" name="Tests">Tests</stat>
<stat pass="5" fail="0" skip="0" id="s1-s1" name="Random-User-Test">Tests.Random-User-Test</stat>
</suite>
</statistics>
<errors>
</errors>
</robot>
