<?xml version="1.0" encoding="UTF-8"?>
<robot generator="Robot 7.0 (Python 3.12.2 on linux)" generated="2024-04-04T08:17:51.278509" rpa="false" schemaversion="5">
<suite id="s1" name="Tests" source="/home/runner/work/DesafioQAItauRogerioJordao/DesafioQAItauRogerioJordao/RamdonUser/tests">
<suite id="s1-s1" name="Random-User-Test" source="/home/runner/work/DesafioQAItauRogerioJordao/DesafioQAItauRogerioJordao/RamdonUser/tests/random-user-test.robot">
<test id="s1-s1-t1" name="Conectar" line="13">
<kw name="Conectar API" owner="random-user-service">
<kw name="Create Session" owner="RequestsLibrary">
<msg time="2024-04-04T08:17:51.630493" level="INFO">Creating Session using : alias=consultarAPI, url=https://randomuser.me/, headers={},                     cookies={}, auth=None, timeout=None, proxies=None, verify=False,                     debug=0 </msg>
<arg>consultarAPI</arg>
<arg>${URL}</arg>
<doc>Create Session: create a HTTP session to a server</doc>
<status status="PASS" start="2024-04-04T08:17:51.630294" elapsed="0.000364"/>
</kw>
<status status="PASS" start="2024-04-04T08:17:51.629272" elapsed="0.001744"/>
</kw>
<status status="PASS" start="2024-04-04T08:17:51.628748" elapsed="0.002475"/>
</test>
<test id="s1-s1-t2" name="Validar retorno 200 e JSON Válido" line="16">
<kw name="Teste de Requisicao Basica" owner="random-user-service">
<kw name="GET On Session" owner="RequestsLibrary">
<msg time="2024-04-04T08:17:51.694017" level="INFO">GET Request : url=https://randomuser.me/api 
 path_url=/api 
 headers={'User-Agent': 'python-requests/2.31.0', 'Accept-Encoding': 'gzip, deflate', 'Accept': '*/*', 'Connection': 'keep-alive'} 
 body=None 
 </msg>
<msg time="2024-04-04T08:17:51.694146" level="INFO">GET Response : url=https://randomuser.me/api 
 status=200, reason=OK 
 headers={'Date': 'Thu, 04 Apr 2024 08:17:51 GMT', 'Content-Type': 'application/json; charset=utf-8', 'Transfer-Encoding': 'chunked', 'Connection': 'keep-alive', 'X-Powered-By': 'Express', 'Access-Control-Allow-Origin': '*', 'Cache-Control': 'no-cache', 'ETag': 'W/"491-YsSeGm27oIdGvPI0ZTCH6R24Jow"', 'Vary': 'Accept-Encoding', 'Content-Encoding': 'gzip', 'CF-Cache-Status': 'DYNAMIC', 'Report-To': '{"endpoints":[{"url":"https:\\/\\/a.nel.cloudflare.com\\/report\\/v4?s=oA6LzvP3QZpW6azScPdy8exSwnU1opEU8SKYtv9buDeGQNQAFLqesOM5rxDRo8qgsggz1F8aD5P3m6QEfpBBuphgi%2FDSgwLnaTGXMYl4cw2m981WMkRP%2BFxXL9XO7pHl"}],"group":"cf-nel","max_age":604800}', 'NEL': '{"success_fraction":0,"report_to":"cf-nel","max_age":604800}', 'Server': 'cloudflare', 'CF-RAY': '86efdd49ed1f0a05-IAD', 'alt-svc': 'h3=":443"; ma=86400'} 
 body={"results":[{"gender":"female","name":{"title":"Miss","first":"Devashree","last":"Kumari"},"location":{"street":{"number":3162,"name":"Hazratganj"},"city":"Bhiwani","state":"Karnataka","country":"India","postcode":10783,"coordinates":{"latitude":"10.1302","longitude":"177.5510"},"timezone":{"offset":"-3:00","description":"Brazil, Buenos Aires, Georgetown"}},"email":"devashree.kumari@example.com","login":{"uuid":"37355527-0633-41f3-8336-da0988103a7d","username":"happysnake686","password":"cars","salt":"ymne0odo","md5":"397f6267c5fb1d99a991a2e862d42d52","sha1":"d450550eb3b68c7e9af1430d749411eedbb48595","sha256":"9783bc569680c9a376dbacce448b9bf0b6465d3b59b1b434e303cde25d39cc78"},"dob":{"date":"1946-01-30T02:22:36.813Z","age":78},"registered":{"date":"2014-01-16T11:55:52.966Z","age":10},"phone":"8002648437","cell":"9941553696","id":{"name":"UIDAI","value":"728588360394"},"picture":{"large":"https://randomuser.me/api/portraits/women/50.jpg","medium":"https://randomuser.me/api/portraits/med/women/50.jpg","thumbnail":"https://randomuser.me/api/portraits/thumb/women/50.jpg"},"nat":"IN"}],"info":{"seed":"6acd05c8673fd335","results":1,"page":1,"version":"1.4"}} 
 </msg>
<msg time="2024-04-04T08:17:51.694268" level="INFO">/opt/hostedtoolcache/Python/3.12.2/x64/lib/python3.12/site-packages/urllib3/connectionpool.py:1103: InsecureRequestWarning: Unverified HTTPS request is being made to host 'randomuser.me'. Adding certificate verification is strongly advised. See: https://urllib3.readthedocs.io/en/latest/advanced-usage.html#tls-warnings
  warnings.warn(</msg>
<msg time="2024-04-04T08:17:51.694385" level="INFO">${response} = &lt;Response [200]&gt;</msg>
<var>${response}</var>
<arg>consultarAPI</arg>
<arg>/api</arg>
<doc>Sends a GET request on a previously created HTTP Session.</doc>
<status status="PASS" start="2024-04-04T08:17:51.633796" elapsed="0.060629"/>
</kw>
<kw name="Should Be Equal As Numbers" owner="BuiltIn">
<msg time="2024-04-04T08:17:51.695226" level="INFO">Argument types are:
&lt;class 'int'&gt;
&lt;class 'str'&gt;</msg>
<arg>${response.status_code}</arg>
<arg>200</arg>
<doc>Fails if objects are unequal after converting them to real numbers.</doc>
<status status="PASS" start="2024-04-04T08:17:51.694828" elapsed="0.000461"/>
</kw>
<kw name="Log" owner="BuiltIn">
<msg time="2024-04-04T08:17:51.695983" level="INFO">200</msg>
<arg>${response.status_code}</arg>
<doc>Logs the given message with the given level.</doc>
<status status="PASS" start="2024-04-04T08:17:51.695613" elapsed="0.000416"/>
</kw>
<kw name="Set Variable" owner="BuiltIn">
<msg time="2024-04-04T08:17:51.696807" level="INFO">${json_data} = {'results': [{'gender': 'female', 'name': {'title': 'Miss', 'first': 'Devashree', 'last': 'Kumari'}, 'location': {'street': {'number': 3162, 'name': 'Hazratganj'}, 'city': 'Bhiwani', 'state': 'Karnata...</msg>
<var>${json_data}</var>
<arg>${response.json()}</arg>
<doc>Returns the given values which can then be assigned to a variables.</doc>
<status status="PASS" start="2024-04-04T08:17:51.696350" elapsed="0.000485"/>
</kw>
<kw name="Dictionary Should Contain Key" owner="Collections">
<msg time="2024-04-04T08:17:51.697307" level="INFO">False</msg>
<arg>${json_data}</arg>
<arg>results</arg>
<doc>Fails if ``key`` is not found from ``dictionary``.</doc>
<status status="PASS" start="2024-04-04T08:17:51.697141" elapsed="0.000232"/>
</kw>
<status status="PASS" start="2024-04-04T08:17:51.633538" elapsed="0.064103"/>
</kw>
<doc>Testa se a API responde corretamente e retorna um objeto JSON válido.</doc>
<tag>testeRequisicaoBasica</tag>
<status status="PASS" start="2024-04-04T08:17:51.633041" elapsed="0.064776"/>
</test>
<test id="s1-s1-t3" name="Validar estrutura de resposta" line="22">
<kw name="Teste de Estrutura de Resposta" owner="random-user-service">
<kw name="GET On Session" owner="RequestsLibrary">
<msg time="2024-04-04T08:17:51.802674" level="INFO">GET Request : url=https://randomuser.me/api 
 path_url=/api 
 headers={'User-Agent': 'python-requests/2.31.0', 'Accept-Encoding': 'gzip, deflate', 'Accept': '*/*', 'Connection': 'keep-alive'} 
 body=None 
 </msg>
<msg time="2024-04-04T08:17:51.802738" level="INFO">GET Response : url=https://randomuser.me/api 
 status=200, reason=OK 
 headers={'Date': 'Thu, 04 Apr 2024 08:17:51 GMT', 'Content-Type': 'application/json; charset=utf-8', 'Transfer-Encoding': 'chunked', 'Connection': 'keep-alive', 'X-Powered-By': 'Express', 'Access-Control-Allow-Origin': '*', 'Cache-Control': 'no-cache', 'ETag': 'W/"469-+ZKdNkbb2vWluIgnEKeE/ZCSPnA"', 'Vary': 'Accept-Encoding', 'Content-Encoding': 'gzip', 'CF-Cache-Status': 'DYNAMIC', 'Report-To': '{"endpoints":[{"url":"https:\\/\\/a.nel.cloudflare.com\\/report\\/v4?s=%2FZXslqaXEtzRYCrJQRyjces85N2lNUAsAYNtiQvT73BsgkrvVo0ztJUlziezwtV21Icbm2CLXkSH4uPWhjiSXhzZ3RGi3rvVur4LSLNlHy3Txd3aC3vSMT6aXMhk4N2u"}],"group":"cf-nel","max_age":604800}', 'NEL': '{"success_fraction":0,"report_to":"cf-nel","max_age":604800}', 'Server': 'cloudflare', 'CF-RAY': '86efdd4a2d390a05-IAD', 'alt-svc': 'h3=":443"; ma=86400'} 
 body={"results":[{"gender":"male","name":{"title":"Mr","first":"Oskold","last":"Zabara"},"location":{"street":{"number":9625,"name":"Chumackiy shlyah"},"city":"Slavuta","state":"Mikolayivska","country":"Ukraine","postcode":94260,"coordinates":{"latitude":"76.6550","longitude":"-46.1634"},"timezone":{"offset":"+3:30","description":"Tehran"}},"email":"oskold.zabara@example.com","login":{"uuid":"059ffc9e-7752-4cd8-863d-22caca2aa882","username":"blueswan255","password":"guido","salt":"BDtkVZIb","md5":"c11deb8723cd9bce84bfb4b7b34de427","sha1":"8bcf80cd924ff6d7f52bb00d2640bab570bff70d","sha256":"529f0f7be1ee1412a4282a51b685c3719526b4d9d5c278e7ad21506080a364e6"},"dob":{"date":"1952-08-27T21:13:57.162Z","age":71},"registered":{"date":"2017-05-15T02:51:22.182Z","age":6},"phone":"(098) R16-6551","cell":"(098) S31-3319","id":{"name":"","value":null},"picture":{"large":"https://randomuser.me/api/portraits/men/65.jpg","medium":"https://randomuser.me/api/portraits/med/men/65.jpg","thumbnail":"https://randomuser.me/api/portraits/thumb/men/65.jpg"},"nat":"UA"}],"info":{"seed":"1812b7017ec8af6a","results":1,"page":1,"version":"1.4"}} 
 </msg>
<msg time="2024-04-04T08:17:51.802840" level="INFO">/opt/hostedtoolcache/Python/3.12.2/x64/lib/python3.12/site-packages/urllib3/connectionpool.py:1103: InsecureRequestWarning: Unverified HTTPS request is being made to host 'randomuser.me'. Adding certificate verification is strongly advised. See: https://urllib3.readthedocs.io/en/latest/advanced-usage.html#tls-warnings
  warnings.warn(</msg>
<msg time="2024-04-04T08:17:51.802934" level="INFO">${response} = &lt;Response [200]&gt;</msg>
<var>${response}</var>
<arg>consultarAPI</arg>
<arg>/api</arg>
<doc>Sends a GET request on a previously created HTTP Session.</doc>
<status status="PASS" start="2024-04-04T08:17:51.700517" elapsed="0.102459"/>
</kw>
<kw name="Set Variable" owner="BuiltIn">
<msg time="2024-04-04T08:17:51.803995" level="INFO">${json_data} = {'results': [{'gender': 'male', 'name': {'title': 'Mr', 'first': 'Oskold', 'last': 'Zabara'}, 'location': {'street': {'number': 9625, 'name': 'Chumackiy shlyah'}, 'city': 'Slavuta', 'state': 'Mikolayi...</msg>
<var>${json_data}</var>
<arg>${response.json()}</arg>
<doc>Returns the given values which can then be assigned to a variables.</doc>
<status status="PASS" start="2024-04-04T08:17:51.803437" elapsed="0.000588"/>
</kw>
<kw name="Log" owner="BuiltIn">
<msg time="2024-04-04T08:17:51.804503" level="INFO">{'results': [{'gender': 'male', 'name': {'title': 'Mr', 'first': 'Oskold', 'last': 'Zabara'}, 'location': {'street': {'number': 9625, 'name': 'Chumackiy shlyah'}, 'city': 'Slavuta', 'state': 'Mikolayivska', 'country': 'Ukraine', 'postcode': 94260, 'coordinates': {'latitude': '76.6550', 'longitude': '-46.1634'}, 'timezone': {'offset': '+3:30', 'description': 'Tehran'}}, 'email': 'oskold.zabara@example.com', 'login': {'uuid': '059ffc9e-7752-4cd8-863d-22caca2aa882', 'username': 'blueswan255', 'password': 'guido', 'salt': 'BDtkVZIb', 'md5': 'c11deb8723cd9bce84bfb4b7b34de427', 'sha1': '8bcf80cd924ff6d7f52bb00d2640bab570bff70d', 'sha256': '529f0f7be1ee1412a4282a51b685c3719526b4d9d5c278e7ad21506080a364e6'}, 'dob': {'date': '1952-08-27T21:13:57.162Z', 'age': 71}, 'registered': {'date': '2017-05-15T02:51:22.182Z', 'age': 6}, 'phone': '(098) R16-6551', 'cell': '(098) S31-3319', 'id': {'name': '', 'value': None}, 'picture': {'large': 'https://randomuser.me/api/portraits/men/65.jpg', 'medium': 'https://randomuser.me/api/portraits/med/men/65.jpg', 'thumbnail': 'https://randomuser.me/api/portraits/thumb/men/65.jpg'}, 'nat': 'UA'}], 'info': {'seed': '1812b7017ec8af6a', 'results': 1, 'page': 1, 'version': '1.4'}}</msg>
<arg>${json_data}</arg>
<doc>Logs the given message with the given level.</doc>
<status status="PASS" start="2024-04-04T08:17:51.804342" elapsed="0.000211"/>
</kw>
<kw name="Dictionary Should Contain Key" owner="Collections">
<msg time="2024-04-04T08:17:51.805012" level="INFO">False</msg>
<arg>${json_data}</arg>
<arg>results</arg>
<doc>Fails if ``key`` is not found from ``dictionary``.</doc>
<status status="PASS" start="2024-04-04T08:17:51.804854" elapsed="0.000197"/>
</kw>
<kw name="Should Not Be Empty" owner="BuiltIn">
<msg time="2024-04-04T08:17:51.805524" level="INFO">Length is 2.</msg>
<arg>${json_data}</arg>
<doc>Verifies that the given item is not empty.</doc>
<status status="PASS" start="2024-04-04T08:17:51.805377" elapsed="0.000188"/>
</kw>
<kw name="Create List" owner="BuiltIn">
<msg time="2024-04-04T08:17:51.806022" level="INFO">${expected_keys} = ['gender', 'name', 'location', 'email', 'login']</msg>
<var>${expected_keys}</var>
<arg>gender</arg>
<arg>name</arg>
<arg>location</arg>
<arg>email</arg>
<arg>login</arg>
<doc>Returns a list containing given items.</doc>
<status status="PASS" start="2024-04-04T08:17:51.805859" elapsed="0.000188"/>
</kw>
<for flavor="IN">
<iter>
<kw name="Dictionary Should Contain Key" owner="Collections">
<msg time="2024-04-04T08:17:51.807023" level="INFO">False</msg>
<arg>${json_data['results'][0]}</arg>
<arg>${key}</arg>
<doc>Fails if ``key`` is not found from ``dictionary``.</doc>
<status status="PASS" start="2024-04-04T08:17:51.806611" elapsed="0.000452"/>
</kw>
<kw name="Log" owner="BuiltIn">
<msg time="2024-04-04T08:17:51.807753" level="INFO">{'gender': 'male', 'name': {'title': 'Mr', 'first': 'Oskold', 'last': 'Zabara'}, 'location': {'street': {'number': 9625, 'name': 'Chumackiy shlyah'}, 'city': 'Slavuta', 'state': 'Mikolayivska', 'country': 'Ukraine', 'postcode': 94260, 'coordinates': {'latitude': '76.6550', 'longitude': '-46.1634'}, 'timezone': {'offset': '+3:30', 'description': 'Tehran'}}, 'email': 'oskold.zabara@example.com', 'login': {'uuid': '059ffc9e-7752-4cd8-863d-22caca2aa882', 'username': 'blueswan255', 'password': 'guido', 'salt': 'BDtkVZIb', 'md5': 'c11deb8723cd9bce84bfb4b7b34de427', 'sha1': '8bcf80cd924ff6d7f52bb00d2640bab570bff70d', 'sha256': '529f0f7be1ee1412a4282a51b685c3719526b4d9d5c278e7ad21506080a364e6'}, 'dob': {'date': '1952-08-27T21:13:57.162Z', 'age': 71}, 'registered': {'date': '2017-05-15T02:51:22.182Z', 'age': 6}, 'phone': '(098) R16-6551', 'cell': '(098) S31-3319', 'id': {'name': '', 'value': None}, 'picture': {'large': 'https://randomuser.me/api/portraits/men/65.jpg', 'medium': 'https://randomuser.me/api/portraits/med/men/65.jpg', 'thumbnail': 'https://randomuser.me/api/portraits/thumb/men/65.jpg'}, 'nat': 'UA'}</msg>
<arg>${json_data['results'][0]}</arg>
<doc>Logs the given message with the given level.</doc>
<status status="PASS" start="2024-04-04T08:17:51.807375" elapsed="0.000434"/>
</kw>
<kw name="Log" owner="BuiltIn">
<msg time="2024-04-04T08:17:51.808259" level="INFO">gender</msg>
<arg>${key}</arg>
<doc>Logs the given message with the given level.</doc>
<status status="PASS" start="2024-04-04T08:17:51.808124" elapsed="0.000176"/>
</kw>
<var name="${key}">gender</var>
<status status="PASS" start="2024-04-04T08:17:51.806486" elapsed="0.002041"/>
</iter>
<iter>
<kw name="Dictionary Should Contain Key" owner="Collections">
<msg time="2024-04-04T08:17:51.809221" level="INFO">False</msg>
<arg>${json_data['results'][0]}</arg>
<arg>${key}</arg>
<doc>Fails if ``key`` is not found from ``dictionary``.</doc>
<status status="PASS" start="2024-04-04T08:17:51.808837" elapsed="0.000422"/>
</kw>
<kw name="Log" owner="BuiltIn">
<msg time="2024-04-04T08:17:51.809996" level="INFO">{'gender': 'male', 'name': {'title': 'Mr', 'first': 'Oskold', 'last': 'Zabara'}, 'location': {'street': {'number': 9625, 'name': 'Chumackiy shlyah'}, 'city': 'Slavuta', 'state': 'Mikolayivska', 'country': 'Ukraine', 'postcode': 94260, 'coordinates': {'latitude': '76.6550', 'longitude': '-46.1634'}, 'timezone': {'offset': '+3:30', 'description': 'Tehran'}}, 'email': 'oskold.zabara@example.com', 'login': {'uuid': '059ffc9e-7752-4cd8-863d-22caca2aa882', 'username': 'blueswan255', 'password': 'guido', 'salt': 'BDtkVZIb', 'md5': 'c11deb8723cd9bce84bfb4b7b34de427', 'sha1': '8bcf80cd924ff6d7f52bb00d2640bab570bff70d', 'sha256': '529f0f7be1ee1412a4282a51b685c3719526b4d9d5c278e7ad21506080a364e6'}, 'dob': {'date': '1952-08-27T21:13:57.162Z', 'age': 71}, 'registered': {'date': '2017-05-15T02:51:22.182Z', 'age': 6}, 'phone': '(098) R16-6551', 'cell': '(098) S31-3319', 'id': {'name': '', 'value': None}, 'picture': {'large': 'https://randomuser.me/api/portraits/men/65.jpg', 'medium': 'https://randomuser.me/api/portraits/med/men/65.jpg', 'thumbnail': 'https://randomuser.me/api/portraits/thumb/men/65.jpg'}, 'nat': 'UA'}</msg>
<arg>${json_data['results'][0]}</arg>
<doc>Logs the given message with the given level.</doc>
<status status="PASS" start="2024-04-04T08:17:51.809628" elapsed="0.000417"/>
</kw>
<kw name="Log" owner="BuiltIn">
<msg time="2024-04-04T08:17:51.810486" level="INFO">name</msg>
<arg>${key}</arg>
<doc>Logs the given message with the given level.</doc>
<status status="PASS" start="2024-04-04T08:17:51.810353" elapsed="0.000172"/>
</kw>
<var name="${key}">name</var>
<status status="PASS" start="2024-04-04T08:17:51.808721" elapsed="0.002024"/>
</iter>
<iter>
<kw name="Dictionary Should Contain Key" owner="Collections">
<msg time="2024-04-04T08:17:51.811427" level="INFO">False</msg>
<arg>${json_data['results'][0]}</arg>
<arg>${key}</arg>
<doc>Fails if ``key`` is not found from ``dictionary``.</doc>
<status status="PASS" start="2024-04-04T08:17:51.811040" elapsed="0.000425"/>
</kw>
<kw name="Log" owner="BuiltIn">
<msg time="2024-04-04T08:17:51.812129" level="INFO">{'gender': 'male', 'name': {'title': 'Mr', 'first': 'Oskold', 'last': 'Zabara'}, 'location': {'street': {'number': 9625, 'name': 'Chumackiy shlyah'}, 'city': 'Slavuta', 'state': 'Mikolayivska', 'country': 'Ukraine', 'postcode': 94260, 'coordinates': {'latitude': '76.6550', 'longitude': '-46.1634'}, 'timezone': {'offset': '+3:30', 'description': 'Tehran'}}, 'email': 'oskold.zabara@example.com', 'login': {'uuid': '059ffc9e-7752-4cd8-863d-22caca2aa882', 'username': 'blueswan255', 'password': 'guido', 'salt': 'BDtkVZIb', 'md5': 'c11deb8723cd9bce84bfb4b7b34de427', 'sha1': '8bcf80cd924ff6d7f52bb00d2640bab570bff70d', 'sha256': '529f0f7be1ee1412a4282a51b685c3719526b4d9d5c278e7ad21506080a364e6'}, 'dob': {'date': '1952-08-27T21:13:57.162Z', 'age': 71}, 'registered': {'date': '2017-05-15T02:51:22.182Z', 'age': 6}, 'phone': '(098) R16-6551', 'cell': '(098) S31-3319', 'id': {'name': '', 'value': None}, 'picture': {'large': 'https://randomuser.me/api/portraits/men/65.jpg', 'medium': 'https://randomuser.me/api/portraits/med/men/65.jpg', 'thumbnail': 'https://randomuser.me/api/portraits/thumb/men/65.jpg'}, 'nat': 'UA'}</msg>
<arg>${json_data['results'][0]}</arg>
<doc>Logs the given message with the given level.</doc>
<status status="PASS" start="2024-04-04T08:17:51.811768" elapsed="0.000414"/>
</kw>
<kw name="Log" owner="BuiltIn">
<msg time="2024-04-04T08:17:51.812612" level="INFO">location</msg>
<arg>${key}</arg>
<doc>Logs the given message with the given level.</doc>
<status status="PASS" start="2024-04-04T08:17:51.812483" elapsed="0.000168"/>
</kw>
<var name="${key}">location</var>
<status status="PASS" start="2024-04-04T08:17:51.810927" elapsed="0.001946"/>
</iter>
<iter>
<kw name="Dictionary Should Contain Key" owner="Collections">
<msg time="2024-04-04T08:17:51.813581" level="INFO">False</msg>
<arg>${json_data['results'][0]}</arg>
<arg>${key}</arg>
<doc>Fails if ``key`` is not found from ``dictionary``.</doc>
<status status="PASS" start="2024-04-04T08:17:51.813168" elapsed="0.000451"/>
</kw>
<kw name="Log" owner="BuiltIn">
<msg time="2024-04-04T08:17:51.814279" level="INFO">{'gender': 'male', 'name': {'title': 'Mr', 'first': 'Oskold', 'last': 'Zabara'}, 'location': {'street': {'number': 9625, 'name': 'Chumackiy shlyah'}, 'city': 'Slavuta', 'state': 'Mikolayivska', 'country': 'Ukraine', 'postcode': 94260, 'coordinates': {'latitude': '76.6550', 'longitude': '-46.1634'}, 'timezone': {'offset': '+3:30', 'description': 'Tehran'}}, 'email': 'oskold.zabara@example.com', 'login': {'uuid': '059ffc9e-7752-4cd8-863d-22caca2aa882', 'username': 'blueswan255', 'password': 'guido', 'salt': 'BDtkVZIb', 'md5': 'c11deb8723cd9bce84bfb4b7b34de427', 'sha1': '8bcf80cd924ff6d7f52bb00d2640bab570bff70d', 'sha256': '529f0f7be1ee1412a4282a51b685c3719526b4d9d5c278e7ad21506080a364e6'}, 'dob': {'date': '1952-08-27T21:13:57.162Z', 'age': 71}, 'registered': {'date': '2017-05-15T02:51:22.182Z', 'age': 6}, 'phone': '(098) R16-6551', 'cell': '(098) S31-3319', 'id': {'name': '', 'value': None}, 'picture': {'large': 'https://randomuser.me/api/portraits/men/65.jpg', 'medium': 'https://randomuser.me/api/portraits/med/men/65.jpg', 'thumbnail': 'https://randomuser.me/api/portraits/thumb/men/65.jpg'}, 'nat': 'UA'}</msg>
<arg>${json_data['results'][0]}</arg>
<doc>Logs the given message with the given level.</doc>
<status status="PASS" start="2024-04-04T08:17:51.813922" elapsed="0.000405"/>
</kw>
<kw name="Log" owner="BuiltIn">
<msg time="2024-04-04T08:17:51.814754" level="INFO">email</msg>
<arg>${key}</arg>
<doc>Logs the given message with the given level.</doc>
<status status="PASS" start="2024-04-04T08:17:51.814623" elapsed="0.000170"/>
</kw>
<var name="${key}">email</var>
<status status="PASS" start="2024-04-04T08:17:51.813057" elapsed="0.001951"/>
</iter>
<iter>
<kw name="Dictionary Should Contain Key" owner="Collections">
<msg time="2024-04-04T08:17:51.815689" level="INFO">False</msg>
<arg>${json_data['results'][0]}</arg>
<arg>${key}</arg>
<doc>Fails if ``key`` is not found from ``dictionary``.</doc>
<status status="PASS" start="2024-04-04T08:17:51.815300" elapsed="0.000427"/>
</kw>
<kw name="Log" owner="BuiltIn">
<msg time="2024-04-04T08:17:51.816380" level="INFO">{'gender': 'male', 'name': {'title': 'Mr', 'first': 'Oskold', 'last': 'Zabara'}, 'location': {'street': {'number': 9625, 'name': 'Chumackiy shlyah'}, 'city': 'Slavuta', 'state': 'Mikolayivska', 'country': 'Ukraine', 'postcode': 94260, 'coordinates': {'latitude': '76.6550', 'longitude': '-46.1634'}, 'timezone': {'offset': '+3:30', 'description': 'Tehran'}}, 'email': 'oskold.zabara@example.com', 'login': {'uuid': '059ffc9e-7752-4cd8-863d-22caca2aa882', 'username': 'blueswan255', 'password': 'guido', 'salt': 'BDtkVZIb', 'md5': 'c11deb8723cd9bce84bfb4b7b34de427', 'sha1': '8bcf80cd924ff6d7f52bb00d2640bab570bff70d', 'sha256': '529f0f7be1ee1412a4282a51b685c3719526b4d9d5c278e7ad21506080a364e6'}, 'dob': {'date': '1952-08-27T21:13:57.162Z', 'age': 71}, 'registered': {'date': '2017-05-15T02:51:22.182Z', 'age': 6}, 'phone': '(098) R16-6551', 'cell': '(098) S31-3319', 'id': {'name': '', 'value': None}, 'picture': {'large': 'https://randomuser.me/api/portraits/men/65.jpg', 'medium': 'https://randomuser.me/api/portraits/med/men/65.jpg', 'thumbnail': 'https://randomuser.me/api/portraits/thumb/men/65.jpg'}, 'nat': 'UA'}</msg>
<arg>${json_data['results'][0]}</arg>
<doc>Logs the given message with the given level.</doc>
<status status="PASS" start="2024-04-04T08:17:51.816025" elapsed="0.000402"/>
</kw>
<kw name="Log" owner="BuiltIn">
<msg time="2024-04-04T08:17:51.816855" level="INFO">login</msg>
<arg>${key}</arg>
<doc>Logs the given message with the given level.</doc>
<status status="PASS" start="2024-04-04T08:17:51.816724" elapsed="0.000274"/>
</kw>
<var name="${key}">login</var>
<status status="PASS" start="2024-04-04T08:17:51.815183" elapsed="0.002048"/>
</iter>
<var>${key}</var>
<value>@{expected_keys}</value>
<status status="PASS" start="2024-04-04T08:17:51.806306" elapsed="0.011072"/>
</for>
<kw name="Create List" owner="BuiltIn">
<msg time="2024-04-04T08:17:51.817759" level="INFO">${expected_keysTwo} = ['username', 'password']</msg>
<var>${expected_keysTwo}</var>
<arg>username</arg>
<arg>password</arg>
<doc>Returns a list containing given items.</doc>
<status status="PASS" start="2024-04-04T08:17:51.817581" elapsed="0.000203"/>
</kw>
<for flavor="IN">
<iter>
<kw name="Dictionary Should Contain Key" owner="Collections">
<msg time="2024-04-04T08:17:51.818686" level="INFO">False</msg>
<arg>${json_data['results'][0]['login']}</arg>
<arg>${keyTwo}</arg>
<doc>Fails if ``key`` is not found from ``dictionary``.</doc>
<status status="PASS" start="2024-04-04T08:17:51.818294" elapsed="0.000430"/>
</kw>
<kw name="Dictionary Should Contain Key" owner="Collections">
<msg time="2024-04-04T08:17:51.819407" level="INFO">False</msg>
<arg>${json_data['results'][0]['login']}</arg>
<arg>${keyTwo}</arg>
<doc>Fails if ``key`` is not found from ``dictionary``.</doc>
<status status="PASS" start="2024-04-04T08:17:51.819026" elapsed="0.000419"/>
</kw>
<kw name="Log" owner="BuiltIn">
<msg time="2024-04-04T08:17:51.819871" level="INFO">username</msg>
<arg>${keyTwo}</arg>
<doc>Logs the given message with the given level.</doc>
<status status="PASS" start="2024-04-04T08:17:51.819741" elapsed="0.000169"/>
</kw>
<var name="${keyTwo}">username</var>
<status status="PASS" start="2024-04-04T08:17:51.818182" elapsed="0.001946"/>
</iter>
<iter>
<kw name="Dictionary Should Contain Key" owner="Collections">
<msg time="2024-04-04T08:17:51.820786" level="INFO">False</msg>
<arg>${json_data['results'][0]['login']}</arg>
<arg>${keyTwo}</arg>
<doc>Fails if ``key`` is not found from ``dictionary``.</doc>
<status status="PASS" start="2024-04-04T08:17:51.820413" elapsed="0.000412"/>
</kw>
<kw name="Dictionary Should Contain Key" owner="Collections">
<msg time="2024-04-04T08:17:51.821542" level="INFO">False</msg>
<arg>${json_data['results'][0]['login']}</arg>
<arg>${keyTwo}</arg>
<doc>Fails if ``key`` is not found from ``dictionary``.</doc>
<status status="PASS" start="2024-04-04T08:17:51.821120" elapsed="0.000460"/>
</kw>
<kw name="Log" owner="BuiltIn">
<msg time="2024-04-04T08:17:51.822005" level="INFO">password</msg>
<arg>${keyTwo}</arg>
<doc>Logs the given message with the given level.</doc>
<status status="PASS" start="2024-04-04T08:17:51.821875" elapsed="0.000170"/>
</kw>
<var name="${keyTwo}">password</var>
<status status="PASS" start="2024-04-04T08:17:51.820303" elapsed="0.001961"/>
</iter>
<var>${keyTwo}</var>
<value>@{expected_keysTwo}</value>
<status status="PASS" start="2024-04-04T08:17:51.818027" elapsed="0.004361"/>
</for>
<status status="PASS" start="2024-04-04T08:17:51.700280" elapsed="0.122249"/>
</kw>
<doc>Testa a estrutura da resposta da API.</doc>
<tag>testeEstruturaResposta</tag>
<status status="PASS" start="2024-04-04T08:17:51.699602" elapsed="0.123080"/>
</test>
<test id="s1-s1-t4" name="Validar tipos de dados" line="28">
<kw name="Teste de Tipos de Dados" owner="random-user-service">
<kw name="GET On Session" owner="RequestsLibrary">
<msg time="2024-04-04T08:17:51.895376" level="INFO">GET Request : url=https://randomuser.me/api 
 path_url=/api 
 headers={'User-Agent': 'python-requests/2.31.0', 'Accept-Encoding': 'gzip, deflate', 'Accept': '*/*', 'Connection': 'keep-alive'} 
 body=None 
 </msg>
<msg time="2024-04-04T08:17:51.895458" level="INFO">GET Response : url=https://randomuser.me/api 
 status=200, reason=OK 
 headers={'Date': 'Thu, 04 Apr 2024 08:17:51 GMT', 'Content-Type': 'application/json; charset=utf-8', 'Transfer-Encoding': 'chunked', 'Connection': 'keep-alive', 'X-Powered-By': 'Express', 'Access-Control-Allow-Origin': '*', 'Cache-Control': 'no-cache', 'ETag': 'W/"481-aC3K4oCkyjbqIdW4vqkQf9aZuaA"', 'Vary': 'Accept-Encoding', 'Content-Encoding': 'gzip', 'CF-Cache-Status': 'DYNAMIC', 'Report-To': '{"endpoints":[{"url":"https:\\/\\/a.nel.cloudflare.com\\/report\\/v4?s=pnvNgKk9fsWfJlpbqYaVE5qi%2BYrLbBYUfrvgT9yoRTlU%2BwrD5j4vv8Lf6pEiZS1KBo6erU3I3pu6kJ54439VmVloKD0fSa9YDReW5YhsO0sm9U6HIQ%2Fv7P9tKAESSob5"}],"group":"cf-nel","max_age":604800}', 'NEL': '{"success_fraction":0,"report_to":"cf-nel","max_age":604800}', 'Server': 'cloudflare', 'CF-RAY': '86efdd4aedad0a05-IAD', 'alt-svc': 'h3=":443"; ma=86400'} 
 body={"results":[{"gender":"female","name":{"title":"Ms","first":"Arundhati","last":"Almeida"},"location":{"street":{"number":8288,"name":"Mirza Ismail Rd"},"city":"Sasaram","state":"Kerala","country":"India","postcode":92388,"coordinates":{"latitude":"9.2055","longitude":"144.7074"},"timezone":{"offset":"+9:30","description":"Adelaide, Darwin"}},"email":"arundhati.almeida@example.com","login":{"uuid":"10ded9d8-eaf7-4f73-85db-005dec7a236a","username":"redbear112","password":"slacker","salt":"N9B8Dltw","md5":"a03e7d13b1fe3354f2cc5d14d6fcc53b","sha1":"2dfa462393290833d015625780764328110fdced","sha256":"5a72f308166f33ffbbdb536de431f3fd5b0b6bd60f8c69397595bce1a1112153"},"dob":{"date":"1963-06-18T05:00:11.304Z","age":60},"registered":{"date":"2018-08-22T10:21:04.666Z","age":5},"phone":"9461246222","cell":"8178511664","id":{"name":"UIDAI","value":"237348823341"},"picture":{"large":"https://randomuser.me/api/portraits/women/89.jpg","medium":"https://randomuser.me/api/portraits/med/women/89.jpg","thumbnail":"https://randomuser.me/api/portraits/thumb/women/89.jpg"},"nat":"IN"}],"info":{"seed":"ec7d85db6c76b154","results":1,"page":1,"version":"1.4"}} 
 </msg>
<msg time="2024-04-04T08:17:51.895529" level="INFO">/opt/hostedtoolcache/Python/3.12.2/x64/lib/python3.12/site-packages/urllib3/connectionpool.py:1103: InsecureRequestWarning: Unverified HTTPS request is being made to host 'randomuser.me'. Adding certificate verification is strongly advised. See: https://urllib3.readthedocs.io/en/latest/advanced-usage.html#tls-warnings
  warnings.warn(</msg>
<msg time="2024-04-04T08:17:51.895645" level="INFO">${response} = &lt;Response [200]&gt;</msg>
<var>${response}</var>
<arg>consultarAPI</arg>
<arg>/api</arg>
<doc>Sends a GET request on a previously created HTTP Session.</doc>
<status status="PASS" start="2024-04-04T08:17:51.825197" elapsed="0.070502"/>
</kw>
<kw name="Set Variable" owner="BuiltIn">
<msg time="2024-04-04T08:17:51.896690" level="INFO">${json_data} = {'results': [{'gender': 'female', 'name': {'title': 'Ms', 'first': 'Arundhati', 'last': 'Almeida'}, 'location': {'street': {'number': 8288, 'name': 'Mirza Ismail Rd'}, 'city': 'Sasaram', 'state': 'Ker...</msg>
<var>${json_data}</var>
<arg>${response.json()}</arg>
<doc>Returns the given values which can then be assigned to a variables.</doc>
<status status="PASS" start="2024-04-04T08:17:51.896142" elapsed="0.000576"/>
</kw>
<kw name="Log" owner="BuiltIn">
<msg time="2024-04-04T08:17:51.897191" level="INFO">{'results': [{'gender': 'female', 'name': {'title': 'Ms', 'first': 'Arundhati', 'last': 'Almeida'}, 'location': {'street': {'number': 8288, 'name': 'Mirza Ismail Rd'}, 'city': 'Sasaram', 'state': 'Kerala', 'country': 'India', 'postcode': 92388, 'coordinates': {'latitude': '9.2055', 'longitude': '144.7074'}, 'timezone': {'offset': '+9:30', 'description': 'Adelaide, Darwin'}}, 'email': 'arundhati.almeida@example.com', 'login': {'uuid': '10ded9d8-eaf7-4f73-85db-005dec7a236a', 'username': 'redbear112', 'password': 'slacker', 'salt': 'N9B8Dltw', 'md5': 'a03e7d13b1fe3354f2cc5d14d6fcc53b', 'sha1': '2dfa462393290833d015625780764328110fdced', 'sha256': '5a72f308166f33ffbbdb536de431f3fd5b0b6bd60f8c69397595bce1a1112153'}, 'dob': {'date': '1963-06-18T05:00:11.304Z', 'age': 60}, 'registered': {'date': '2018-08-22T10:21:04.666Z', 'age': 5}, 'phone': '9461246222', 'cell': '8178511664', 'id': {'name': 'UIDAI', 'value': '237348823341'}, 'picture': {'large': 'https://randomuser.me/api/portraits/women/89.jpg', 'medium': 'https://randomuser.me/api/portraits/med/women/89.jpg', 'thumbnail': 'https://randomuser.me/api/portraits/thumb/women/89.jpg'}, 'nat': 'IN'}], 'info': {'seed': 'ec7d85db6c76b154', 'results': 1, 'page': 1, 'version': '1.4'}}</msg>
<arg>${json_data}</arg>
<doc>Logs the given message with the given level.</doc>
<status status="PASS" start="2024-04-04T08:17:51.897037" elapsed="0.000202"/>
</kw>
<kw name="Should Be String" owner="String">
<arg>${json_data['results'][0]['gender']}</arg>
<doc>Fails if the given ``item`` is not a string.</doc>
<status status="PASS" start="2024-04-04T08:17:51.897575" elapsed="0.000393"/>
</kw>
<kw name="Should Match Regexp" owner="BuiltIn">
<arg>${json_data['results'][0]['email']}</arg>
<arg>^[a-zA-Z0-9._%+-]+@[a-zA-Z0-9.-]+\.[a-zA-Z]{2,}$</arg>
<doc>Fails if ``string`` does not match ``pattern`` as a regular expression.</doc>
<status status="PASS" start="2024-04-04T08:17:51.898173" elapsed="0.000506"/>
</kw>
<kw name="Should Match Regexp" owner="BuiltIn">
<arg>${json_data['results'][0]['dob']['date']}</arg>
<arg>\\d{4}-\\d{2}-\\d{2}T\\d{2}:\\d{2}:\\d{2}\\.\\d{3}Z</arg>
<doc>Fails if ``string`` does not match ``pattern`` as a regular expression.</doc>
<status status="PASS" start="2024-04-04T08:17:51.898876" elapsed="0.000482"/>
</kw>
<kw name="Should Match Regexp" owner="BuiltIn">
<arg>${json_data['results'][0]['registered']['date']}</arg>
<arg>\\d{4}-\\d{2}-\\d{2}T\\d{2}:\\d{2}:\\d{2}\\.\\d{3}Z</arg>
<doc>Fails if ``string`` does not match ``pattern`` as a regular expression.</doc>
<status status="PASS" start="2024-04-04T08:17:51.899551" elapsed="0.000367"/>
</kw>
<kw name="Should Match Regexp" owner="BuiltIn">
<arg>${json_data['results'][0]['picture']['large']}</arg>
<arg>^https?://.*\.(?:png|jpe?g|gif|bmp)$</arg>
<doc>Fails if ``string`` does not match ``pattern`` as a regular expression.</doc>
<status status="PASS" start="2024-04-04T08:17:51.900106" elapsed="0.000463"/>
</kw>
<kw name="Should Match Regexp" owner="BuiltIn">
<arg>${json_data['results'][0]['picture']['medium']}</arg>
<arg>^https?://.*\.(?:png|jpe?g|gif|bmp)$</arg>
<doc>Fails if ``string`` does not match ``pattern`` as a regular expression.</doc>
<status status="PASS" start="2024-04-04T08:17:51.900760" elapsed="0.000356"/>
</kw>
<kw name="Should Match Regexp" owner="BuiltIn">
<arg>${json_data['results'][0]['picture']['thumbnail']}</arg>
<arg>^https?://.*\.(?:png|jpe?g|gif|bmp)$</arg>
<doc>Fails if ``string`` does not match ``pattern`` as a regular expression.</doc>
<status status="PASS" start="2024-04-04T08:17:51.901302" elapsed="0.000442"/>
</kw>
<kw name="Log" owner="BuiltIn">
<msg time="2024-04-04T08:17:51.902272" level="INFO">{'large': 'https://randomuser.me/api/portraits/women/89.jpg', 'medium': 'https://randomuser.me/api/portraits/med/women/89.jpg', 'thumbnail': 'https://randomuser.me/api/portraits/thumb/women/89.jpg'}</msg>
<arg>${json_data['results'][0]['picture']}</arg>
<doc>Logs the given message with the given level.</doc>
<status status="PASS" start="2024-04-04T08:17:51.901938" elapsed="0.000382"/>
</kw>
<status status="PASS" start="2024-04-04T08:17:51.824969" elapsed="0.077620"/>
</kw>
<kw name="Teste de Tipos de Dados - Postcode" owner="random-user-service">
<kw name="GET On Session" owner="RequestsLibrary">
<msg time="2024-04-04T08:17:52.022543" level="INFO">GET Request : url=https://randomuser.me/api 
 path_url=/api 
 headers={'User-Agent': 'python-requests/2.31.0', 'Accept-Encoding': 'gzip, deflate', 'Accept': '*/*', 'Connection': 'keep-alive'} 
 body=None 
 </msg>
<msg time="2024-04-04T08:17:52.022622" level="INFO">GET Response : url=https://randomuser.me/api 
 status=200, reason=OK 
 headers={'Date': 'Thu, 04 Apr 2024 08:17:52 GMT', 'Content-Type': 'application/json; charset=utf-8', 'Transfer-Encoding': 'chunked', 'Connection': 'keep-alive', 'X-Powered-By': 'Express', 'Access-Control-Allow-Origin': '*', 'Cache-Control': 'no-cache', 'ETag': 'W/"487-v3Dp99C6aBmuW1Q08f5PLpBlq6M"', 'Vary': 'Accept-Encoding', 'Content-Encoding': 'gzip', 'CF-Cache-Status': 'DYNAMIC', 'Report-To': '{"endpoints":[{"url":"https:\\/\\/a.nel.cloudflare.com\\/report\\/v4?s=HcdRMV%2BzbKlNySVvD35pqj3LSmPWp86Pc3GZxKmYapRWABYaDCh%2F2k9kPU9tndHEeofeub68qcK4rwX0UPTIgs0OCpaOpBXceULi6ck5egtnupKbgW985LDK9Gsf83YE"}],"group":"cf-nel","max_age":604800}', 'NEL': '{"success_fraction":0,"report_to":"cf-nel","max_age":604800}', 'Server': 'cloudflare', 'CF-RAY': '86efdd4b6dea0a05-IAD', 'alt-svc': 'h3=":443"; ma=86400'} 
 body={"results":[{"gender":"male","name":{"title":"Mr","first":"حامد","last":"نجاتی"},"location":{"street":{"number":3490,"name":"آیت‌الله مدنی"},"city":"گرگان","state":"زنجان","country":"Iran","postcode":89792,"coordinates":{"latitude":"17.9268","longitude":"-10.1658"},"timezone":{"offset":"-1:00","description":"Azores, Cape Verde Islands"}},"email":"hmd.njty@example.com","login":{"uuid":"4b651f6e-a1ea-4f56-99e8-5baf2a940bab","username":"tinyleopard433","password":"member","salt":"Of6P7wAw","md5":"c9cebbe1ef9d5c04527876969c9ae901","sha1":"8a67ae3eaf4fb73d5fd4f78ec5104052de9f9538","sha256":"f57b9960af2a88c8b2c1455924207909713bf4bc3746d1a1c2e02e70234d576c"},"dob":{"date":"1986-09-12T07:51:44.938Z","age":37},"registered":{"date":"2015-08-28T09:40:30.231Z","age":8},"phone":"016-52076647","cell":"0950-717-5085","id":{"name":"","value":null},"picture":{"large":"https://randomuser.me/api/portraits/men/99.jpg","medium":"https://randomuser.me/api/portraits/med/men/99.jpg","thumbnail":"https://randomuser.me/api/portraits/thumb/men/99.jpg"},"nat":"IR"}],"info":{"seed":"1eec5c924e7d3995","results":1,"page":1,"version":"1.4"}} 
 </msg>
<msg time="2024-04-04T08:17:52.022706" level="INFO">/opt/hostedtoolcache/Python/3.12.2/x64/lib/python3.12/site-packages/urllib3/connectionpool.py:1103: InsecureRequestWarning: Unverified HTTPS request is being made to host 'randomuser.me'. Adding certificate verification is strongly advised. See: https://urllib3.readthedocs.io/en/latest/advanced-usage.html#tls-warnings
  warnings.warn(</msg>
<msg time="2024-04-04T08:17:52.022824" level="INFO">${response} = &lt;Response [200]&gt;</msg>
<var>${response}</var>
<arg>consultarAPI</arg>
<arg>/api</arg>
<doc>Sends a GET request on a previously created HTTP Session.</doc>
<status status="PASS" start="2024-04-04T08:17:51.903148" elapsed="0.119724"/>
</kw>
<kw name="Set Variable" owner="BuiltIn">
<msg time="2024-04-04T08:17:52.023771" level="INFO">${json_data} = {'results': [{'gender': 'male', 'name': {'title': 'Mr', 'first': 'حامد', 'last': 'نجاتی'}, 'location': {'street': {'number': 3490, 'name': 'آیت\u200cالله مدنی'}, 'city': 'گرگان', 'state': 'زنجان', 'co...</msg>
<var>${json_data}</var>
<arg>${response.json()}</arg>
<doc>Returns the given values which can then be assigned to a variables.</doc>
<status status="PASS" start="2024-04-04T08:17:52.023317" elapsed="0.000485"/>
</kw>
<kw name="Log" owner="BuiltIn">
<msg time="2024-04-04T08:17:52.024292" level="INFO">{'results': [{'gender': 'male', 'name': {'title': 'Mr', 'first': 'حامد', 'last': 'نجاتی'}, 'location': {'street': {'number': 3490, 'name': 'آیت\u200cالله مدنی'}, 'city': 'گرگان', 'state': 'زنجان', 'country': 'Iran', 'postcode': 89792, 'coordinates': {'latitude': '17.9268', 'longitude': '-10.1658'}, 'timezone': {'offset': '-1:00', 'description': 'Azores, Cape Verde Islands'}}, 'email': 'hmd.njty@example.com', 'login': {'uuid': '4b651f6e-a1ea-4f56-99e8-5baf2a940bab', 'username': 'tinyleopard433', 'password': 'member', 'salt': 'Of6P7wAw', 'md5': 'c9cebbe1ef9d5c04527876969c9ae901', 'sha1': '8a67ae3eaf4fb73d5fd4f78ec5104052de9f9538', 'sha256': 'f57b9960af2a88c8b2c1455924207909713bf4bc3746d1a1c2e02e70234d576c'}, 'dob': {'date': '1986-09-12T07:51:44.938Z', 'age': 37}, 'registered': {'date': '2015-08-28T09:40:30.231Z', 'age': 8}, 'phone': '016-52076647', 'cell': '0950-717-5085', 'id': {'name': '', 'value': None}, 'picture': {'large': 'https://randomuser.me/api/portraits/men/99.jpg', 'medium': 'https://randomuser.me/api/portraits/med/men/99.jpg', 'thumbnail': 'https://randomuser.me/api/portraits/thumb/men/99.jpg'}, 'nat': 'IR'}], 'info': {'seed': '1eec5c924e7d3995', 'results': 1, 'page': 1, 'version': '1.4'}}</msg>
<arg>${json_data}</arg>
<doc>Logs the given message with the given level.</doc>
<status status="PASS" start="2024-04-04T08:17:52.024132" elapsed="0.000211"/>
</kw>
<kw name="Should Be Equal As Numbers" owner="BuiltIn">
<arg>${json_data['results'][0]['location']['postcode']}</arg>
<arg>${json_data['results'][0]['location']['postcode']}</arg>
<doc>Fails if objects are unequal after converting them to real numbers.</doc>
<status status="PASS" start="2024-04-04T08:17:52.024643" elapsed="0.000635"/>
</kw>
<kw name="Log" owner="BuiltIn">
<msg time="2024-04-04T08:17:52.025885" level="INFO">89792</msg>
<arg>${json_data['results'][0]['location']['postcode']}</arg>
<doc>Logs the given message with the given level.</doc>
<status status="PASS" start="2024-04-04T08:17:52.025539" elapsed="0.000389"/>
</kw>
<status status="PASS" start="2024-04-04T08:17:51.902805" elapsed="0.123379"/>
</kw>
<doc>Testa se os tipos de dados na resposta da API estão corretos.</doc>
<tag>testeTiposDados</tag>
<status status="PASS" start="2024-04-04T08:17:51.824426" elapsed="0.201921"/>
</test>
<test id="s1-s1-t5" name="Validar conteudo" line="35">
<kw name="Teste de Tipos de Conteudo" owner="random-user-service">
<kw name="GET On Session" owner="RequestsLibrary">
<msg time="2024-04-04T08:17:52.102349" level="INFO">GET Request : url=https://randomuser.me/api 
 path_url=/api 
 headers={'User-Agent': 'python-requests/2.31.0', 'Accept-Encoding': 'gzip, deflate', 'Accept': '*/*', 'Connection': 'keep-alive'} 
 body=None 
 </msg>
<msg time="2024-04-04T08:17:52.102419" level="INFO">GET Response : url=https://randomuser.me/api 
 status=200, reason=OK 
 headers={'Date': 'Thu, 04 Apr 2024 08:17:52 GMT', 'Content-Type': 'application/json; charset=utf-8', 'Transfer-Encoding': 'chunked', 'Connection': 'keep-alive', 'X-Powered-By': 'Express', 'Access-Control-Allow-Origin': '*', 'Cache-Control': 'no-cache', 'ETag': 'W/"49c-dwFXVSI8Qc8Sw0rfdqWunbIB7Ck"', 'Vary': 'Accept-Encoding', 'Content-Encoding': 'gzip', 'CF-Cache-Status': 'DYNAMIC', 'Report-To': '{"endpoints":[{"url":"https:\\/\\/a.nel.cloudflare.com\\/report\\/v4?s=%2FUV9NFM7euSWkljpltcMyQL15dag%2BtgpnNQpz7qoYZ9JMGhwhmT%2FCs64hW%2BAS8Jh6tDT58Rapd1alfTSHgi61wANoNleL7GTGWpLeBKcps0QO5WxLD8NW%2B5fNYAB4tBl"}],"group":"cf-nel","max_age":604800}', 'NEL': '{"success_fraction":0,"report_to":"cf-nel","max_age":604800}', 'Server': 'cloudflare', 'CF-RAY': '86efdd4c2e660a05-IAD', 'alt-svc': 'h3=":443"; ma=86400'} 
 body={"results":[{"gender":"male","name":{"title":"Mr","first":"Heinrich","last":"Kahlert"},"location":{"street":{"number":1302,"name":"Goethestraße"},"city":"Neu-Isenburg","state":"Sachsen","country":"Germany","postcode":13163,"coordinates":{"latitude":"-54.1991","longitude":"-174.1320"},"timezone":{"offset":"+1:00","description":"Brussels, Copenhagen, Madrid, Paris"}},"email":"heinrich.kahlert@example.com","login":{"uuid":"667269c0-c15c-460f-81d1-0cce256e514a","username":"ticklishcat129","password":"audrey","salt":"XgvYAa9b","md5":"b722bfa5ff5912a2bd5209502335b3dc","sha1":"442730603bcca5b63f0d04d17d4354c22445ae86","sha256":"9edc65b0cab8c663f73fd6b2e2501cd457649a6176db52eae992a49a2fca9453"},"dob":{"date":"1987-09-07T22:22:30.414Z","age":36},"registered":{"date":"2018-08-08T19:09:06.694Z","age":5},"phone":"0133-9302693","cell":"0177-8377004","id":{"name":"SVNR","value":"10 070987 K 393"},"picture":{"large":"https://randomuser.me/api/portraits/men/88.jpg","medium":"https://randomuser.me/api/portraits/med/men/88.jpg","thumbnail":"https://randomuser.me/api/portraits/thumb/men/88.jpg"},"nat":"DE"}],"info":{"seed":"f4b680a16edba0e9","results":1,"page":1,"version":"1.4"}} 
 </msg>
<msg time="2024-04-04T08:17:52.102477" level="INFO">/opt/hostedtoolcache/Python/3.12.2/x64/lib/python3.12/site-packages/urllib3/connectionpool.py:1103: InsecureRequestWarning: Unverified HTTPS request is being made to host 'randomuser.me'. Adding certificate verification is strongly advised. See: https://urllib3.readthedocs.io/en/latest/advanced-usage.html#tls-warnings
  warnings.warn(</msg>
<msg time="2024-04-04T08:17:52.102573" level="INFO">${response} = &lt;Response [200]&gt;</msg>
<var>${response}</var>
<arg>consultarAPI</arg>
<arg>/api</arg>
<doc>Sends a GET request on a previously created HTTP Session.</doc>
<status status="PASS" start="2024-04-04T08:17:52.028807" elapsed="0.073806"/>
</kw>
<kw name="Set Variable" owner="BuiltIn">
<msg time="2024-04-04T08:17:52.103543" level="INFO">${json_data} = {'results': [{'gender': 'male', 'name': {'title': 'Mr', 'first': 'Heinrich', 'last': 'Kahlert'}, 'location': {'street': {'number': 1302, 'name': 'Goethestraße'}, 'city': 'Neu-Isenburg', 'state': 'Sach...</msg>
<var>${json_data}</var>
<arg>${response.json()}</arg>
<doc>Returns the given values which can then be assigned to a variables.</doc>
<status status="PASS" start="2024-04-04T08:17:52.103077" elapsed="0.000495"/>
</kw>
<kw name="Set Variable" owner="BuiltIn">
<msg time="2024-04-04T08:17:52.104263" level="INFO">${name_title} = Mr</msg>
<var>${name_title}</var>
<arg>${json_data["results"][0]["name"]["title"]}</arg>
<doc>Returns the given values which can then be assigned to a variables.</doc>
<status status="PASS" start="2024-04-04T08:17:52.103881" elapsed="0.000407"/>
</kw>
<kw name="Create List" owner="BuiltIn">
<msg time="2024-04-04T08:17:52.104741" level="INFO">${allowed_titles} = ['Mr', 'Ms', 'Miss', 'Mrs', 'Madame', 'Monsieur']</msg>
<var>${allowed_titles}</var>
<arg>Mr</arg>
<arg>Ms</arg>
<arg>Miss</arg>
<arg>Mrs</arg>
<arg>Madame</arg>
<arg>Monsieur</arg>
<doc>Returns a list containing given items.</doc>
<status status="PASS" start="2024-04-04T08:17:52.104590" elapsed="0.000176"/>
</kw>
<kw name="List Should Contain Value" owner="Collections">
<msg time="2024-04-04T08:17:52.105254" level="INFO">False</msg>
<arg>${allowed_titles}</arg>
<arg>${name_title}</arg>
<doc>Fails if the ``value`` is not found from ``list``.</doc>
<status status="PASS" start="2024-04-04T08:17:52.105082" elapsed="0.000209"/>
</kw>
<kw name="Set Variable" owner="BuiltIn">
<msg time="2024-04-04T08:17:52.105992" level="INFO">${name_country} = DE</msg>
<var>${name_country}</var>
<arg>${json_data["results"][0]["nat"]}</arg>
<doc>Returns the given values which can then be assigned to a variables.</doc>
<status status="PASS" start="2024-04-04T08:17:52.105610" elapsed="0.000407"/>
</kw>
<kw name="Create List" owner="BuiltIn">
<msg time="2024-04-04T08:17:52.106932" level="INFO">${list_country} = ['AD', 'AE', 'AF', 'AG', 'AI', 'AL', 'AM', 'AO', 'AQ', 'AR', 'AS', 'AT', 'AU', 'AW', 'AX', 'AZ', 'BA', 'BB', 'BD', 'BE', 'BF', 'BG', 'BH', 'BI', 'BJ', 'BL', 'BM', 'BN', 'BO', 'BQ', 'BR', 'BS', 'BT', '...</msg>
<var>${list_country}</var>
<arg>AD</arg>
<arg>AE</arg>
<arg>AF</arg>
<arg>AG</arg>
<arg>AI</arg>
<arg>AL</arg>
<arg>AM</arg>
<arg>AO</arg>
<arg>AQ</arg>
<arg>AR</arg>
<arg>AS</arg>
<arg>AT</arg>
<arg>AU</arg>
<arg>AW</arg>
<arg>AX</arg>
<arg>AZ</arg>
<arg>BA</arg>
<arg>BB</arg>
<arg>BD</arg>
<arg>BE</arg>
<arg>BF</arg>
<arg>BG</arg>
<arg>BH</arg>
<arg>BI</arg>
<arg>BJ</arg>
<arg>BL</arg>
<arg>BM</arg>
<arg>BN</arg>
<arg>BO</arg>
<arg>BQ</arg>
<arg>BR</arg>
<arg>BS</arg>
<arg>BT</arg>
<arg>BV</arg>
<arg>BW</arg>
<arg>BY</arg>
<arg>BZ</arg>
<arg>CA</arg>
<arg>CC</arg>
<arg>CD</arg>
<arg>CF</arg>
<arg>CG</arg>
<arg>CH</arg>
<arg>CI</arg>
<arg>CK</arg>
<arg>CL</arg>
<arg>CM</arg>
<arg>CN</arg>
<arg>CO</arg>
<arg>CR</arg>
<arg>CU</arg>
<arg>CV</arg>
<arg>CW</arg>
<arg>CX</arg>
<arg>CY</arg>
<arg>CZ</arg>
<arg>DE</arg>
<arg>DJ</arg>
<arg>DK</arg>
<arg>DM</arg>
<arg>DO</arg>
<arg>DZ</arg>
<arg>EC</arg>
<arg>EE</arg>
<arg>EG</arg>
<arg>EH</arg>
<arg>ER</arg>
<arg>ES</arg>
<arg>ET</arg>
<arg>FI</arg>
<arg>FJ</arg>
<arg>FK</arg>
<arg>FM</arg>
<arg>FO</arg>
<arg>FR</arg>
<arg>GA</arg>
<arg>GB</arg>
<arg>GD</arg>
<arg>GE</arg>
<arg>GF</arg>
<arg>GG</arg>
<arg>GH</arg>
<arg>GI</arg>
<arg>GL</arg>
<arg>GM</arg>
<arg>GN</arg>
<arg>GP</arg>
<arg>GQ</arg>
<arg>GR</arg>
<arg>GS</arg>
<arg>GT</arg>
<arg>GU</arg>
<arg>GW</arg>
<arg>GY</arg>
<arg>HK</arg>
<arg>HM</arg>
<arg>HN</arg>
<arg>HR</arg>
<arg>HT</arg>
<arg>HU</arg>
<arg>ID</arg>
<arg>IE</arg>
<arg>IL</arg>
<arg>IM</arg>
<arg>IN</arg>
<arg>IO</arg>
<arg>IQ</arg>
<arg>IR</arg>
<arg>IS</arg>
<arg>IT</arg>
<arg>JE</arg>
<arg>JM</arg>
<arg>JO</arg>
<arg>JP</arg>
<arg>KE</arg>
<arg>KG</arg>
<arg>KH</arg>
<arg>KI</arg>
<arg>KM</arg>
<arg>KN</arg>
<arg>KP</arg>
<arg>KR</arg>
<arg>KW</arg>
<arg>KY</arg>
<arg>KZ</arg>
<arg>LA</arg>
<arg>LB</arg>
<arg>LC</arg>
<arg>LI</arg>
<arg>LK</arg>
<arg>LR</arg>
<arg>LS</arg>
<arg>LT</arg>
<arg>LU</arg>
<arg>LV</arg>
<arg>LY</arg>
<arg>MA</arg>
<arg>MC</arg>
<arg>MD</arg>
<arg>ME</arg>
<arg>MF</arg>
<arg>MG</arg>
<arg>MH</arg>
<arg>MK</arg>
<arg>ML</arg>
<arg>MM</arg>
<arg>MN</arg>
<arg>MO</arg>
<arg>MP</arg>
<arg>MQ</arg>
<arg>MR</arg>
<arg>MS</arg>
<arg>MT</arg>
<arg>MU</arg>
<arg>MV</arg>
<arg>MW</arg>
<arg>MX</arg>
<arg>MY</arg>
<arg>MZ</arg>
<arg>NA</arg>
<arg>NC</arg>
<arg>NE</arg>
<arg>NF</arg>
<arg>NG</arg>
<arg>NI</arg>
<arg>NL</arg>
<arg>NO</arg>
<arg>NP</arg>
<arg>NR</arg>
<arg>NU</arg>
<arg>NZ</arg>
<arg>OM</arg>
<arg>PA</arg>
<arg>PE</arg>
<arg>PF</arg>
<arg>PG</arg>
<arg>PH</arg>
<arg>PK</arg>
<arg>PL</arg>
<arg>PM</arg>
<arg>PN</arg>
<arg>PR</arg>
<arg>PS</arg>
<arg>PT</arg>
<arg>PW</arg>
<arg>PY</arg>
<arg>QA</arg>
<arg>RE</arg>
<arg>RO</arg>
<arg>RS</arg>
<arg>RU</arg>
<arg>RW</arg>
<arg>SA</arg>
<arg>SB</arg>
<arg>SC</arg>
<arg>SD</arg>
<arg>SE</arg>
<arg>SG</arg>
<arg>SH</arg>
<arg>SI</arg>
<arg>SJ</arg>
<arg>SK</arg>
<arg>SL</arg>
<arg>SM</arg>
<arg>SN</arg>
<arg>SO</arg>
<arg>SR</arg>
<arg>SS</arg>
<arg>ST</arg>
<arg>SV</arg>
<arg>SX</arg>
<arg>SY</arg>
<arg>SZ</arg>
<arg>TC</arg>
<arg>TD</arg>
<arg>TF</arg>
<arg>TG</arg>
<arg>TH</arg>
<arg>TJ</arg>
<arg>TK</arg>
<arg>TL</arg>
<arg>TM</arg>
<arg>TN</arg>
<arg>TO</arg>
<arg>TR</arg>
<arg>TT</arg>
<arg>TV</arg>
<arg>TW</arg>
<arg>TZ</arg>
<arg>UA</arg>
<arg>UG</arg>
<arg>UM</arg>
<arg>US</arg>
<arg>UY</arg>
<arg>UZ</arg>
<arg>VA</arg>
<arg>VC</arg>
<arg>VE</arg>
<arg>VG</arg>
<arg>VI</arg>
<arg>VN</arg>
<arg>VU</arg>
<arg>WF</arg>
<arg>WS</arg>
<arg>XK</arg>
<arg>YE</arg>
<arg>YT</arg>
<arg>ZA</arg>
<arg>ZM</arg>
<arg>ZW</arg>
<doc>Returns a list containing given items.</doc>
<status status="PASS" start="2024-04-04T08:17:52.106326" elapsed="0.000632"/>
</kw>
<kw name="List Should Contain Value" owner="Collections">
<msg time="2024-04-04T08:17:52.108069" level="INFO">False</msg>
<arg>${list_country}</arg>
<arg>${name_country}</arg>
<doc>Fails if the ``value`` is not found from ``list``.</doc>
<status status="PASS" start="2024-04-04T08:17:52.107863" elapsed="0.000244"/>
</kw>
<kw name="Run Keyword If" owner="BuiltIn">
<kw name="Should Be True" owner="BuiltIn">
<arg>${True}</arg>
<doc>Fails if the given condition is not true.</doc>
<status status="PASS" start="2024-04-04T08:17:52.109173" elapsed="0.000147"/>
</kw>
<arg>${json_data["results"][0]["location"]["coordinates"]["latitude"]} &gt;= -90 and ${json_data["results"][0]["location"]["coordinates"]["latitude"]} &lt;= 90</arg>
<arg>Should Be True</arg>
<arg>${True}</arg>
<doc>Runs the given keyword with the given arguments, if ``condition`` is true.</doc>
<status status="PASS" start="2024-04-04T08:17:52.108422" elapsed="0.001057"/>
</kw>
<kw name="Run Keyword If" owner="BuiltIn">
<kw name="Should Be True" owner="BuiltIn">
<arg>${True}</arg>
<doc>Fails if the given condition is not true.</doc>
<status status="PASS" start="2024-04-04T08:17:52.110377" elapsed="0.000142"/>
</kw>
<arg>${json_data["results"][0]["location"]["coordinates"]["longitude"]} &gt;= -180 and ${json_data["results"][0]["location"]["coordinates"]["longitude"]} &lt;= 180</arg>
<arg>Should Be True</arg>
<arg>${True}</arg>
<doc>Runs the given keyword with the given arguments, if ``condition`` is true.</doc>
<status status="PASS" start="2024-04-04T08:17:52.109671" elapsed="0.000975"/>
</kw>
<status status="PASS" start="2024-04-04T08:17:52.028583" elapsed="0.082193"/>
</kw>
<doc>Testa o conteúdo específico dos campos retornados pela API.</doc>
<tag>testeConteudo</tag>
<status status="PASS" start="2024-04-04T08:17:52.028089" elapsed="0.082836"/>
</test>
<status status="PASS" start="2024-04-04T08:17:51.330687" elapsed="0.782102"/>
</suite>
<status status="PASS" start="2024-04-04T08:17:51.317001" elapsed="0.801087"/>
</suite>
<statistics>
<total>
<stat pass="5" fail="0" skip="0">All Tests</stat>
</total>
<tag>
<stat pass="1" fail="0" skip="0">testeConteudo</stat>
<stat pass="1" fail="0" skip="0">testeEstruturaResposta</stat>
<stat pass="1" fail="0" skip="0">testeRequisicaoBasica</stat>
<stat pass="1" fail="0" skip="0">testeTiposDados</stat>
</tag>
<suite>
<stat pass="5" fail="0" skip="0" id="s1" name="Tests">Tests</stat>
<stat pass="5" fail="0" skip="0" id="s1-s1" name="Random-User-Test">Tests.Random-User-Test</stat>
</suite>
</statistics>
<errors>
</errors>
</robot>
