<?xml version="1.0" encoding="UTF-8"?>
<robot generator="Robot 7.0.1 (Python 3.12.4 on linux)" generated="2024-07-03T18:19:32.333113" rpa="false" schemaversion="5">
<suite id="s1" name="Tests" source="/home/runner/work/ApiRandomUser/ApiRandomUser/RamdonUser/tests">
<suite id="s1-s1" name="Random-User-Test" source="/home/runner/work/ApiRandomUser/ApiRandomUser/RamdonUser/tests/random-user-test.robot">
<test id="s1-s1-t1" name="Conectar" line="13">
<kw name="Conectar API" owner="random-user-service">
<kw name="Create Session" owner="RequestsLibrary">
<msg time="2024-07-03T18:19:32.775682" level="INFO">Creating Session using : alias=consultarAPI, url=https://randomuser.me/, headers={},                     cookies={}, auth=None, timeout=None, proxies=None, verify=False,                     debug=0 </msg>
<arg>consultarAPI</arg>
<arg>${URL}</arg>
<doc>Create Session: create a HTTP session to a server</doc>
<status status="PASS" start="2024-07-03T18:19:32.775477" elapsed="0.000381"/>
</kw>
<status status="PASS" start="2024-07-03T18:19:32.774521" elapsed="0.001733"/>
</kw>
<status status="PASS" start="2024-07-03T18:19:32.773861" elapsed="0.002594"/>
</test>
<test id="s1-s1-t2" name="Validar retorno 200 e JSON Válido" line="16">
<kw name="Teste de Requisicao Basica" owner="random-user-service">
<kw name="GET On Session" owner="RequestsLibrary">
<msg time="2024-07-03T18:19:33.063772" level="INFO">GET Request : url=https://randomuser.me/api 
 path_url=/api 
 headers={'User-Agent': 'python-requests/2.32.3', 'Accept-Encoding': 'gzip, deflate', 'Accept': '*/*', 'Connection': 'keep-alive'} 
 body=None 
 </msg>
<msg time="2024-07-03T18:19:33.063896" level="INFO">GET Response : url=https://randomuser.me/api 
 status=200, reason=OK 
 headers={'Date': 'Wed, 03 Jul 2024 18:19:33 GMT', 'Content-Type': 'application/json; charset=utf-8', 'Transfer-Encoding': 'chunked', 'Connection': 'keep-alive', 'X-Powered-By': 'Express', 'Access-Control-Allow-Origin': '*', 'Cache-Control': 'no-cache', 'ETag': 'W/"487-UMo7l2DNC2xYOWviF7XfvhIRrcA"', 'Vary': 'Accept-Encoding', 'Content-Encoding': 'gzip', 'CF-Cache-Status': 'DYNAMIC', 'Report-To': '{"endpoints":[{"url":"https:\\/\\/a.nel.cloudflare.com\\/report\\/v4?s=d9q3urCHzP9hCSuFEFnT6FV4qSmAmccyf7oVFMHmFP2rFv78DnF4r1vc3gU%2BKVFB7EATfcxylqC%2FS8rcacqMA7D%2Fs0lDnsMhi0DHwi2AMXpYcECA0yQxNaPIU%2FQyKnvf"}],"group":"cf-nel","max_age":604800}', 'NEL': '{"success_fraction":0,"report_to":"cf-nel","max_age":604800}', 'Server': 'cloudflare', 'CF-RAY': '89d8e26b4a38637b-ORD', 'alt-svc': 'h3=":443"; ma=86400'} 
 body={"results":[{"gender":"female","name":{"title":"Mrs","first":"Amelia","last":"Dunn"},"location":{"street":{"number":5340,"name":"W 6th St"},"city":"Cape Coral","state":"New Mexico","country":"United States","postcode":61809,"coordinates":{"latitude":"87.9763","longitude":"16.0622"},"timezone":{"offset":"-2:00","description":"Mid-Atlantic"}},"email":"amelia.dunn@example.com","login":{"uuid":"03658d29-90af-4b0d-a7ec-6773f316badd","username":"silvergorilla540","password":"swinging","salt":"dP8Rb1jD","md5":"33e38bb1bb53e4ec430e921515250c39","sha1":"7ce5be05418287343196e087e85425f747b58dfc","sha256":"a021175fbf6ec2c18ff8ed8e82af716d0d07c79c4fbcdcfefc5486ed26dfb5a8"},"dob":{"date":"1971-03-18T02:57:20.774Z","age":53},"registered":{"date":"2006-11-06T06:42:02.847Z","age":17},"phone":"(313) 768-8024","cell":"(507) 349-3331","id":{"name":"SSN","value":"303-44-0878"},"picture":{"large":"https://randomuser.me/api/portraits/women/92.jpg","medium":"https://randomuser.me/api/portraits/med/women/92.jpg","thumbnail":"https://randomuser.me/api/portraits/thumb/women/92.jpg"},"nat":"US"}],"info":{"seed":"565b46631f4cd7e7","results":1,"page":1,"version":"1.4"}} 
 </msg>
<msg time="2024-07-03T18:19:33.063978" level="INFO">/opt/hostedtoolcache/Python/3.12.4/x64/lib/python3.12/site-packages/urllib3/connectionpool.py:1099: InsecureRequestWarning: Unverified HTTPS request is being made to host 'randomuser.me'. Adding certificate verification is strongly advised. See: https://urllib3.readthedocs.io/en/latest/advanced-usage.html#tls-warnings
  warnings.warn(</msg>
<msg time="2024-07-03T18:19:33.064096" level="INFO">${response} = &lt;Response [200]&gt;</msg>
<var>${response}</var>
<arg>consultarAPI</arg>
<arg>/api</arg>
<doc>Sends a GET request on a previously created HTTP Session.</doc>
<status status="PASS" start="2024-07-03T18:19:32.779049" elapsed="0.285082"/>
</kw>
<kw name="Should Be Equal As Numbers" owner="BuiltIn">
<msg time="2024-07-03T18:19:33.065034" level="INFO">Argument types are:
&lt;class 'int'&gt;
&lt;class 'str'&gt;</msg>
<arg>${response.status_code}</arg>
<arg>200</arg>
<doc>Fails if objects are unequal after converting them to real numbers.</doc>
<status status="PASS" start="2024-07-03T18:19:33.064595" elapsed="0.000503"/>
</kw>
<kw name="Log" owner="BuiltIn">
<msg time="2024-07-03T18:19:33.065789" level="INFO">200</msg>
<arg>${response.status_code}</arg>
<doc>Logs the given message with the given level.</doc>
<status status="PASS" start="2024-07-03T18:19:33.065437" elapsed="0.000395"/>
</kw>
<kw name="Set Variable" owner="BuiltIn">
<msg time="2024-07-03T18:19:33.066623" level="INFO">${json_data} = {'results': [{'gender': 'female', 'name': {'title': 'Mrs', 'first': 'Amelia', 'last': 'Dunn'}, 'location': {'street': {'number': 5340, 'name': 'W 6th St'}, 'city': 'Cape Coral', 'state': 'New Mexico',...</msg>
<var>${json_data}</var>
<arg>${response.json()}</arg>
<doc>Returns the given values which can then be assigned to a variables.</doc>
<status status="PASS" start="2024-07-03T18:19:33.066179" elapsed="0.000472"/>
</kw>
<kw name="Dictionary Should Contain Key" owner="Collections">
<arg>${json_data}</arg>
<arg>results</arg>
<doc>Fails if ``key`` is not found from ``dictionary``.</doc>
<status status="PASS" start="2024-07-03T18:19:33.066950" elapsed="0.000165"/>
</kw>
<status status="PASS" start="2024-07-03T18:19:32.778801" elapsed="0.288469"/>
</kw>
<doc>Testa se a API responde corretamente e retorna um objeto JSON válido.</doc>
<tag>testeRequisicaoBasica</tag>
<status status="PASS" start="2024-07-03T18:19:32.778343" elapsed="0.289098"/>
</test>
<test id="s1-s1-t3" name="Validar estrutura de resposta" line="22">
<kw name="Teste de Estrutura de Resposta" owner="random-user-service">
<kw name="GET On Session" owner="RequestsLibrary">
<msg time="2024-07-03T18:19:33.167368" level="INFO">GET Request : url=https://randomuser.me/api 
 path_url=/api 
 headers={'User-Agent': 'python-requests/2.32.3', 'Accept-Encoding': 'gzip, deflate', 'Accept': '*/*', 'Connection': 'keep-alive'} 
 body=None 
 </msg>
<msg time="2024-07-03T18:19:33.167456" level="INFO">GET Response : url=https://randomuser.me/api 
 status=200, reason=OK 
 headers={'Date': 'Wed, 03 Jul 2024 18:19:33 GMT', 'Content-Type': 'application/json; charset=utf-8', 'Transfer-Encoding': 'chunked', 'Connection': 'keep-alive', 'X-Powered-By': 'Express', 'Access-Control-Allow-Origin': '*', 'Cache-Control': 'no-cache', 'ETag': 'W/"4bb-mq66wZB7+E3WoR7GvufHleY3cGw"', 'Vary': 'Accept-Encoding', 'Content-Encoding': 'gzip', 'CF-Cache-Status': 'DYNAMIC', 'Report-To': '{"endpoints":[{"url":"https:\\/\\/a.nel.cloudflare.com\\/report\\/v4?s=oO1RTM1tjUHoDmvvIK7h%2FryiI%2FAvK21MIX%2B75VSRIwLfAGi3tLl18XpYLiUJAAgeESgci8z67csHjJl2ourU540PRYuF04CZgHAMlXmvxtdiPQYTEec7Ztqo79X1kk4A"}],"group":"cf-nel","max_age":604800}', 'NEL': '{"success_fraction":0,"report_to":"cf-nel","max_age":604800}', 'Server': 'cloudflare', 'CF-RAY': '89d8e26bbabd637b-ORD', 'alt-svc': 'h3=":443"; ma=86400'} 
 body={"results":[{"gender":"female","name":{"title":"Ms","first":"Bernadette","last":"Sievert"},"location":{"street":{"number":5564,"name":"Im Winkel"},"city":"Jessen (Elster)","state":"Mecklenburg-Vorpommern","country":"Germany","postcode":92318,"coordinates":{"latitude":"-54.6847","longitude":"46.0511"},"timezone":{"offset":"+3:00","description":"Baghdad, Riyadh, Moscow, St. Petersburg"}},"email":"bernadette.sievert@example.com","login":{"uuid":"1db88667-e8c9-45de-85b9-90c6c6749fa1","username":"organicmouse124","password":"quantum","salt":"FVKw13Fu","md5":"fd1e5f5adce0d079c0e2c7d950bf0407","sha1":"6b69f82890f4e3c1fa2f908ce56e4eed32ab99ae","sha256":"5ebd9d763dbb49af6e10e678b66f3860f6bdb638bb4f78d98815b4aa125881db"},"dob":{"date":"1987-10-29T10:27:42.211Z","age":36},"registered":{"date":"2010-03-23T14:20:18.109Z","age":14},"phone":"0342-6960417","cell":"0173-0270801","id":{"name":"SVNR","value":"15 291087 S 965"},"picture":{"large":"https://randomuser.me/api/portraits/women/77.jpg","medium":"https://randomuser.me/api/portraits/med/women/77.jpg","thumbnail":"https://randomuser.me/api/portraits/thumb/women/77.jpg"},"nat":"DE"}],"info":{"seed":"8dc47b9f588d76e0","results":1,"page":1,"version":"1.4"}} 
 </msg>
<msg time="2024-07-03T18:19:33.167591" level="INFO">/opt/hostedtoolcache/Python/3.12.4/x64/lib/python3.12/site-packages/urllib3/connectionpool.py:1099: InsecureRequestWarning: Unverified HTTPS request is being made to host 'randomuser.me'. Adding certificate verification is strongly advised. See: https://urllib3.readthedocs.io/en/latest/advanced-usage.html#tls-warnings
  warnings.warn(</msg>
<msg time="2024-07-03T18:19:33.167692" level="INFO">${response} = &lt;Response [200]&gt;</msg>
<var>${response}</var>
<arg>consultarAPI</arg>
<arg>/api</arg>
<doc>Sends a GET request on a previously created HTTP Session.</doc>
<status status="PASS" start="2024-07-03T18:19:33.070013" elapsed="0.097710"/>
</kw>
<kw name="Set Variable" owner="BuiltIn">
<msg time="2024-07-03T18:19:33.168541" level="INFO">${json_data} = {'results': [{'gender': 'female', 'name': {'title': 'Ms', 'first': 'Bernadette', 'last': 'Sievert'}, 'location': {'street': {'number': 5564, 'name': 'Im Winkel'}, 'city': 'Jessen (Elster)', 'state': '...</msg>
<var>${json_data}</var>
<arg>${response.json()}</arg>
<doc>Returns the given values which can then be assigned to a variables.</doc>
<status status="PASS" start="2024-07-03T18:19:33.168094" elapsed="0.000475"/>
</kw>
<kw name="Log" owner="BuiltIn">
<msg time="2024-07-03T18:19:33.169026" level="INFO">{'results': [{'gender': 'female', 'name': {'title': 'Ms', 'first': 'Bernadette', 'last': 'Sievert'}, 'location': {'street': {'number': 5564, 'name': 'Im Winkel'}, 'city': 'Jessen (Elster)', 'state': 'Mecklenburg-Vorpommern', 'country': 'Germany', 'postcode': 92318, 'coordinates': {'latitude': '-54.6847', 'longitude': '46.0511'}, 'timezone': {'offset': '+3:00', 'description': 'Baghdad, Riyadh, Moscow, St. Petersburg'}}, 'email': 'bernadette.sievert@example.com', 'login': {'uuid': '1db88667-e8c9-45de-85b9-90c6c6749fa1', 'username': 'organicmouse124', 'password': 'quantum', 'salt': 'FVKw13Fu', 'md5': 'fd1e5f5adce0d079c0e2c7d950bf0407', 'sha1': '6b69f82890f4e3c1fa2f908ce56e4eed32ab99ae', 'sha256': '5ebd9d763dbb49af6e10e678b66f3860f6bdb638bb4f78d98815b4aa125881db'}, 'dob': {'date': '1987-10-29T10:27:42.211Z', 'age': 36}, 'registered': {'date': '2010-03-23T14:20:18.109Z', 'age': 14}, 'phone': '0342-6960417', 'cell': '0173-0270801', 'id': {'name': 'SVNR', 'value': '15 291087 S 965'}, 'picture': {'large': 'https://randomuser.me/api/portraits/women/77.jpg', 'medium': 'https://randomuser.me/api/portraits/med/women/77.jpg', 'thumbnail': 'https://randomuser.me/api/portraits/thumb/women/77.jpg'}, 'nat': 'DE'}], 'info': {'seed': '8dc47b9f588d76e0', 'results': 1, 'page': 1, 'version': '1.4'}}</msg>
<arg>${json_data}</arg>
<doc>Logs the given message with the given level.</doc>
<status status="PASS" start="2024-07-03T18:19:33.168872" elapsed="0.000202"/>
</kw>
<kw name="Dictionary Should Contain Key" owner="Collections">
<arg>${json_data}</arg>
<arg>results</arg>
<doc>Fails if ``key`` is not found from ``dictionary``.</doc>
<status status="PASS" start="2024-07-03T18:19:33.169358" elapsed="0.000148"/>
</kw>
<kw name="Should Not Be Empty" owner="BuiltIn">
<msg time="2024-07-03T18:19:33.169815" level="INFO">Length is 2.</msg>
<arg>${json_data}</arg>
<doc>Verifies that the given item is not empty.</doc>
<status status="PASS" start="2024-07-03T18:19:33.169683" elapsed="0.000169"/>
</kw>
<kw name="Create List" owner="BuiltIn">
<msg time="2024-07-03T18:19:33.170469" level="INFO">${expected_keys} = ['gender', 'name', 'location', 'email', 'login']</msg>
<var>${expected_keys}</var>
<arg>gender</arg>
<arg>name</arg>
<arg>location</arg>
<arg>email</arg>
<arg>login</arg>
<doc>Returns a list containing given items.</doc>
<status status="PASS" start="2024-07-03T18:19:33.170184" elapsed="0.000310"/>
</kw>
<for flavor="IN">
<iter>
<kw name="Dictionary Should Contain Key" owner="Collections">
<arg>${json_data['results'][0]}</arg>
<arg>${key}</arg>
<doc>Fails if ``key`` is not found from ``dictionary``.</doc>
<status status="PASS" start="2024-07-03T18:19:33.171058" elapsed="0.000390"/>
</kw>
<kw name="Log" owner="BuiltIn">
<msg time="2024-07-03T18:19:33.171987" level="INFO">{'gender': 'female', 'name': {'title': 'Ms', 'first': 'Bernadette', 'last': 'Sievert'}, 'location': {'street': {'number': 5564, 'name': 'Im Winkel'}, 'city': 'Jessen (Elster)', 'state': 'Mecklenburg-Vorpommern', 'country': 'Germany', 'postcode': 92318, 'coordinates': {'latitude': '-54.6847', 'longitude': '46.0511'}, 'timezone': {'offset': '+3:00', 'description': 'Baghdad, Riyadh, Moscow, St. Petersburg'}}, 'email': 'bernadette.sievert@example.com', 'login': {'uuid': '1db88667-e8c9-45de-85b9-90c6c6749fa1', 'username': 'organicmouse124', 'password': 'quantum', 'salt': 'FVKw13Fu', 'md5': 'fd1e5f5adce0d079c0e2c7d950bf0407', 'sha1': '6b69f82890f4e3c1fa2f908ce56e4eed32ab99ae', 'sha256': '5ebd9d763dbb49af6e10e678b66f3860f6bdb638bb4f78d98815b4aa125881db'}, 'dob': {'date': '1987-10-29T10:27:42.211Z', 'age': 36}, 'registered': {'date': '2010-03-23T14:20:18.109Z', 'age': 14}, 'phone': '0342-6960417', 'cell': '0173-0270801', 'id': {'name': 'SVNR', 'value': '15 291087 S 965'}, 'picture': {'large': 'https://randomuser.me/api/portraits/women/77.jpg', 'medium': 'https://randomuser.me/api/portraits/med/women/77.jpg', 'thumbnail': 'https://randomuser.me/api/portraits/thumb/women/77.jpg'}, 'nat': 'DE'}</msg>
<arg>${json_data['results'][0]}</arg>
<doc>Logs the given message with the given level.</doc>
<status status="PASS" start="2024-07-03T18:19:33.171630" elapsed="0.000404"/>
</kw>
<kw name="Log" owner="BuiltIn">
<msg time="2024-07-03T18:19:33.172456" level="INFO">gender</msg>
<arg>${key}</arg>
<doc>Logs the given message with the given level.</doc>
<status status="PASS" start="2024-07-03T18:19:33.172329" elapsed="0.000165"/>
</kw>
<var name="${key}">gender</var>
<status status="PASS" start="2024-07-03T18:19:33.170936" elapsed="0.001772"/>
</iter>
<iter>
<kw name="Dictionary Should Contain Key" owner="Collections">
<arg>${json_data['results'][0]}</arg>
<arg>${key}</arg>
<doc>Fails if ``key`` is not found from ``dictionary``.</doc>
<status status="PASS" start="2024-07-03T18:19:33.172996" elapsed="0.000387"/>
</kw>
<kw name="Log" owner="BuiltIn">
<msg time="2024-07-03T18:19:33.173946" level="INFO">{'gender': 'female', 'name': {'title': 'Ms', 'first': 'Bernadette', 'last': 'Sievert'}, 'location': {'street': {'number': 5564, 'name': 'Im Winkel'}, 'city': 'Jessen (Elster)', 'state': 'Mecklenburg-Vorpommern', 'country': 'Germany', 'postcode': 92318, 'coordinates': {'latitude': '-54.6847', 'longitude': '46.0511'}, 'timezone': {'offset': '+3:00', 'description': 'Baghdad, Riyadh, Moscow, St. Petersburg'}}, 'email': 'bernadette.sievert@example.com', 'login': {'uuid': '1db88667-e8c9-45de-85b9-90c6c6749fa1', 'username': 'organicmouse124', 'password': 'quantum', 'salt': 'FVKw13Fu', 'md5': 'fd1e5f5adce0d079c0e2c7d950bf0407', 'sha1': '6b69f82890f4e3c1fa2f908ce56e4eed32ab99ae', 'sha256': '5ebd9d763dbb49af6e10e678b66f3860f6bdb638bb4f78d98815b4aa125881db'}, 'dob': {'date': '1987-10-29T10:27:42.211Z', 'age': 36}, 'registered': {'date': '2010-03-23T14:20:18.109Z', 'age': 14}, 'phone': '0342-6960417', 'cell': '0173-0270801', 'id': {'name': 'SVNR', 'value': '15 291087 S 965'}, 'picture': {'large': 'https://randomuser.me/api/portraits/women/77.jpg', 'medium': 'https://randomuser.me/api/portraits/med/women/77.jpg', 'thumbnail': 'https://randomuser.me/api/portraits/thumb/women/77.jpg'}, 'nat': 'DE'}</msg>
<arg>${json_data['results'][0]}</arg>
<doc>Logs the given message with the given level.</doc>
<status status="PASS" start="2024-07-03T18:19:33.173595" elapsed="0.000397"/>
</kw>
<kw name="Log" owner="BuiltIn">
<msg time="2024-07-03T18:19:33.174450" level="INFO">name</msg>
<arg>${key}</arg>
<doc>Logs the given message with the given level.</doc>
<status status="PASS" start="2024-07-03T18:19:33.174310" elapsed="0.000177"/>
</kw>
<var name="${key}">name</var>
<status status="PASS" start="2024-07-03T18:19:33.172886" elapsed="0.001813"/>
</iter>
<iter>
<kw name="Dictionary Should Contain Key" owner="Collections">
<arg>${json_data['results'][0]}</arg>
<arg>${key}</arg>
<doc>Fails if ``key`` is not found from ``dictionary``.</doc>
<status status="PASS" start="2024-07-03T18:19:33.174975" elapsed="0.000372"/>
</kw>
<kw name="Log" owner="BuiltIn">
<msg time="2024-07-03T18:19:33.175868" level="INFO">{'gender': 'female', 'name': {'title': 'Ms', 'first': 'Bernadette', 'last': 'Sievert'}, 'location': {'street': {'number': 5564, 'name': 'Im Winkel'}, 'city': 'Jessen (Elster)', 'state': 'Mecklenburg-Vorpommern', 'country': 'Germany', 'postcode': 92318, 'coordinates': {'latitude': '-54.6847', 'longitude': '46.0511'}, 'timezone': {'offset': '+3:00', 'description': 'Baghdad, Riyadh, Moscow, St. Petersburg'}}, 'email': 'bernadette.sievert@example.com', 'login': {'uuid': '1db88667-e8c9-45de-85b9-90c6c6749fa1', 'username': 'organicmouse124', 'password': 'quantum', 'salt': 'FVKw13Fu', 'md5': 'fd1e5f5adce0d079c0e2c7d950bf0407', 'sha1': '6b69f82890f4e3c1fa2f908ce56e4eed32ab99ae', 'sha256': '5ebd9d763dbb49af6e10e678b66f3860f6bdb638bb4f78d98815b4aa125881db'}, 'dob': {'date': '1987-10-29T10:27:42.211Z', 'age': 36}, 'registered': {'date': '2010-03-23T14:20:18.109Z', 'age': 14}, 'phone': '0342-6960417', 'cell': '0173-0270801', 'id': {'name': 'SVNR', 'value': '15 291087 S 965'}, 'picture': {'large': 'https://randomuser.me/api/portraits/women/77.jpg', 'medium': 'https://randomuser.me/api/portraits/med/women/77.jpg', 'thumbnail': 'https://randomuser.me/api/portraits/thumb/women/77.jpg'}, 'nat': 'DE'}</msg>
<arg>${json_data['results'][0]}</arg>
<doc>Logs the given message with the given level.</doc>
<status status="PASS" start="2024-07-03T18:19:33.175524" elapsed="0.000389"/>
</kw>
<kw name="Log" owner="BuiltIn">
<msg time="2024-07-03T18:19:33.176333" level="INFO">location</msg>
<arg>${key}</arg>
<doc>Logs the given message with the given level.</doc>
<status status="PASS" start="2024-07-03T18:19:33.176206" elapsed="0.000163"/>
</kw>
<var name="${key}">location</var>
<status status="PASS" start="2024-07-03T18:19:33.174869" elapsed="0.001719"/>
</iter>
<iter>
<kw name="Dictionary Should Contain Key" owner="Collections">
<arg>${json_data['results'][0]}</arg>
<arg>${key}</arg>
<doc>Fails if ``key`` is not found from ``dictionary``.</doc>
<status status="PASS" start="2024-07-03T18:19:33.176858" elapsed="0.000383"/>
</kw>
<kw name="Log" owner="BuiltIn">
<msg time="2024-07-03T18:19:33.177761" level="INFO">{'gender': 'female', 'name': {'title': 'Ms', 'first': 'Bernadette', 'last': 'Sievert'}, 'location': {'street': {'number': 5564, 'name': 'Im Winkel'}, 'city': 'Jessen (Elster)', 'state': 'Mecklenburg-Vorpommern', 'country': 'Germany', 'postcode': 92318, 'coordinates': {'latitude': '-54.6847', 'longitude': '46.0511'}, 'timezone': {'offset': '+3:00', 'description': 'Baghdad, Riyadh, Moscow, St. Petersburg'}}, 'email': 'bernadette.sievert@example.com', 'login': {'uuid': '1db88667-e8c9-45de-85b9-90c6c6749fa1', 'username': 'organicmouse124', 'password': 'quantum', 'salt': 'FVKw13Fu', 'md5': 'fd1e5f5adce0d079c0e2c7d950bf0407', 'sha1': '6b69f82890f4e3c1fa2f908ce56e4eed32ab99ae', 'sha256': '5ebd9d763dbb49af6e10e678b66f3860f6bdb638bb4f78d98815b4aa125881db'}, 'dob': {'date': '1987-10-29T10:27:42.211Z', 'age': 36}, 'registered': {'date': '2010-03-23T14:20:18.109Z', 'age': 14}, 'phone': '0342-6960417', 'cell': '0173-0270801', 'id': {'name': 'SVNR', 'value': '15 291087 S 965'}, 'picture': {'large': 'https://randomuser.me/api/portraits/women/77.jpg', 'medium': 'https://randomuser.me/api/portraits/med/women/77.jpg', 'thumbnail': 'https://randomuser.me/api/portraits/thumb/women/77.jpg'}, 'nat': 'DE'}</msg>
<arg>${json_data['results'][0]}</arg>
<doc>Logs the given message with the given level.</doc>
<status status="PASS" start="2024-07-03T18:19:33.177418" elapsed="0.000389"/>
</kw>
<kw name="Log" owner="BuiltIn">
<msg time="2024-07-03T18:19:33.178268" level="INFO">email</msg>
<arg>${key}</arg>
<doc>Logs the given message with the given level.</doc>
<status status="PASS" start="2024-07-03T18:19:33.178129" elapsed="0.000176"/>
</kw>
<var name="${key}">email</var>
<status status="PASS" start="2024-07-03T18:19:33.176753" elapsed="0.001768"/>
</iter>
<iter>
<kw name="Dictionary Should Contain Key" owner="Collections">
<arg>${json_data['results'][0]}</arg>
<arg>${key}</arg>
<doc>Fails if ``key`` is not found from ``dictionary``.</doc>
<status status="PASS" start="2024-07-03T18:19:33.178806" elapsed="0.000377"/>
</kw>
<kw name="Log" owner="BuiltIn">
<msg time="2024-07-03T18:19:33.179709" level="INFO">{'gender': 'female', 'name': {'title': 'Ms', 'first': 'Bernadette', 'last': 'Sievert'}, 'location': {'street': {'number': 5564, 'name': 'Im Winkel'}, 'city': 'Jessen (Elster)', 'state': 'Mecklenburg-Vorpommern', 'country': 'Germany', 'postcode': 92318, 'coordinates': {'latitude': '-54.6847', 'longitude': '46.0511'}, 'timezone': {'offset': '+3:00', 'description': 'Baghdad, Riyadh, Moscow, St. Petersburg'}}, 'email': 'bernadette.sievert@example.com', 'login': {'uuid': '1db88667-e8c9-45de-85b9-90c6c6749fa1', 'username': 'organicmouse124', 'password': 'quantum', 'salt': 'FVKw13Fu', 'md5': 'fd1e5f5adce0d079c0e2c7d950bf0407', 'sha1': '6b69f82890f4e3c1fa2f908ce56e4eed32ab99ae', 'sha256': '5ebd9d763dbb49af6e10e678b66f3860f6bdb638bb4f78d98815b4aa125881db'}, 'dob': {'date': '1987-10-29T10:27:42.211Z', 'age': 36}, 'registered': {'date': '2010-03-23T14:20:18.109Z', 'age': 14}, 'phone': '0342-6960417', 'cell': '0173-0270801', 'id': {'name': 'SVNR', 'value': '15 291087 S 965'}, 'picture': {'large': 'https://randomuser.me/api/portraits/women/77.jpg', 'medium': 'https://randomuser.me/api/portraits/med/women/77.jpg', 'thumbnail': 'https://randomuser.me/api/portraits/thumb/women/77.jpg'}, 'nat': 'DE'}</msg>
<arg>${json_data['results'][0]}</arg>
<doc>Logs the given message with the given level.</doc>
<status status="PASS" start="2024-07-03T18:19:33.179360" elapsed="0.000395"/>
</kw>
<kw name="Log" owner="BuiltIn">
<msg time="2024-07-03T18:19:33.180165" level="INFO">login</msg>
<arg>${key}</arg>
<doc>Logs the given message with the given level.</doc>
<status status="PASS" start="2024-07-03T18:19:33.180039" elapsed="0.000161"/>
</kw>
<var name="${key}">login</var>
<status status="PASS" start="2024-07-03T18:19:33.178689" elapsed="0.001722"/>
</iter>
<var>${key}</var>
<value>@{expected_keys}</value>
<status status="PASS" start="2024-07-03T18:19:33.170754" elapsed="0.009799"/>
</for>
<kw name="Create List" owner="BuiltIn">
<msg time="2024-07-03T18:19:33.180878" level="INFO">${expected_keysTwo} = ['username', 'password']</msg>
<var>${expected_keysTwo}</var>
<arg>username</arg>
<arg>password</arg>
<doc>Returns a list containing given items.</doc>
<status status="PASS" start="2024-07-03T18:19:33.180741" elapsed="0.000160"/>
</kw>
<for flavor="IN">
<iter>
<kw name="Dictionary Should Contain Key" owner="Collections">
<arg>${json_data['results'][0]['login']}</arg>
<arg>${keyTwo}</arg>
<doc>Fails if ``key`` is not found from ``dictionary``.</doc>
<status status="PASS" start="2024-07-03T18:19:33.181383" elapsed="0.000374"/>
</kw>
<kw name="Dictionary Should Contain Key" owner="Collections">
<arg>${json_data['results'][0]['login']}</arg>
<arg>${keyTwo}</arg>
<doc>Fails if ``key`` is not found from ``dictionary``.</doc>
<status status="PASS" start="2024-07-03T18:19:33.181933" elapsed="0.000429"/>
</kw>
<kw name="Log" owner="BuiltIn">
<msg time="2024-07-03T18:19:33.182669" level="INFO">username</msg>
<arg>${keyTwo}</arg>
<doc>Logs the given message with the given level.</doc>
<status status="PASS" start="2024-07-03T18:19:33.182547" elapsed="0.000160"/>
</kw>
<var name="${keyTwo}">username</var>
<status status="PASS" start="2024-07-03T18:19:33.181279" elapsed="0.001650"/>
</iter>
<iter>
<kw name="Dictionary Should Contain Key" owner="Collections">
<arg>${json_data['results'][0]['login']}</arg>
<arg>${keyTwo}</arg>
<doc>Fails if ``key`` is not found from ``dictionary``.</doc>
<status status="PASS" start="2024-07-03T18:19:33.183205" elapsed="0.000380"/>
</kw>
<kw name="Dictionary Should Contain Key" owner="Collections">
<arg>${json_data['results'][0]['login']}</arg>
<arg>${keyTwo}</arg>
<doc>Fails if ``key`` is not found from ``dictionary``.</doc>
<status status="PASS" start="2024-07-03T18:19:33.183760" elapsed="0.000363"/>
</kw>
<kw name="Log" owner="BuiltIn">
<msg time="2024-07-03T18:19:33.184413" level="INFO">password</msg>
<arg>${keyTwo}</arg>
<doc>Logs the given message with the given level.</doc>
<status status="PASS" start="2024-07-03T18:19:33.184297" elapsed="0.000159"/>
</kw>
<var name="${keyTwo}">password</var>
<status status="PASS" start="2024-07-03T18:19:33.183099" elapsed="0.001671"/>
</iter>
<var>${keyTwo}</var>
<value>@{expected_keysTwo}</value>
<status status="PASS" start="2024-07-03T18:19:33.181133" elapsed="0.003758"/>
</for>
<status status="PASS" start="2024-07-03T18:19:33.069771" elapsed="0.115253"/>
</kw>
<doc>Testa a estrutura da resposta da API.</doc>
<tag>testeEstruturaResposta</tag>
<status status="PASS" start="2024-07-03T18:19:33.069275" elapsed="0.115891"/>
</test>
<test id="s1-s1-t4" name="Validar tipos de dados" line="28">
<kw name="Teste de Tipos de Dados" owner="random-user-service">
<kw name="GET On Session" owner="RequestsLibrary">
<msg time="2024-07-03T18:19:33.265029" level="INFO">GET Request : url=https://randomuser.me/api 
 path_url=/api 
 headers={'User-Agent': 'python-requests/2.32.3', 'Accept-Encoding': 'gzip, deflate', 'Accept': '*/*', 'Connection': 'keep-alive'} 
 body=None 
 </msg>
<msg time="2024-07-03T18:19:33.265114" level="INFO">GET Response : url=https://randomuser.me/api 
 status=200, reason=OK 
 headers={'Date': 'Wed, 03 Jul 2024 18:19:33 GMT', 'Content-Type': 'application/json; charset=utf-8', 'Transfer-Encoding': 'chunked', 'Connection': 'keep-alive', 'X-Powered-By': 'Express', 'Access-Control-Allow-Origin': '*', 'Cache-Control': 'no-cache', 'ETag': 'W/"47c-1n18k1Oo4O+AKdUSQ2xlp7X5jzI"', 'Vary': 'Accept-Encoding', 'Content-Encoding': 'gzip', 'CF-Cache-Status': 'DYNAMIC', 'Report-To': '{"endpoints":[{"url":"https:\\/\\/a.nel.cloudflare.com\\/report\\/v4?s=CGFL1ECgaS7%2F0oZwTCd%2F4kZd8nUss8msh%2Brp5rDOx853snmdZwJzLXKHPWwQIevHbwVagt5iKQiy09QSTDmr%2Fa4aImdKmyQZpGndQThNUlbVnz7%2BCJai4mTlQij44AO2"}],"group":"cf-nel","max_age":604800}', 'NEL': '{"success_fraction":0,"report_to":"cf-nel","max_age":604800}', 'Server': 'cloudflare', 'CF-RAY': '89d8e26c6ba5637b-ORD', 'alt-svc': 'h3=":443"; ma=86400'} 
 body={"results":[{"gender":"male","name":{"title":"Mr","first":"Kenan","last":"Solmaz"},"location":{"street":{"number":7849,"name":"Tunalı Hilmi Cd"},"city":"Kayseri","state":"Denizli","country":"Turkey","postcode":22345,"coordinates":{"latitude":"69.3909","longitude":"-67.1485"},"timezone":{"offset":"+4:00","description":"Abu Dhabi, Muscat, Baku, Tbilisi"}},"email":"kenan.solmaz@example.com","login":{"uuid":"8baca732-3a43-40dc-9e52-e6fb1889bd78","username":"greencat910","password":"tigers","salt":"nOsla1Vv","md5":"1c73b20b75ca2dcaa509b894a289d8c9","sha1":"804579c0c970dc91a066919a27bcd059a09860ef","sha256":"874bf49e979c0a26634b3d48a2a097fb16b94f1b3e88a0ee88008266386b905a"},"dob":{"date":"1968-12-24T19:59:19.913Z","age":55},"registered":{"date":"2021-07-24T04:34:51.320Z","age":2},"phone":"(155)-678-4541","cell":"(333)-520-2070","id":{"name":"","value":null},"picture":{"large":"https://randomuser.me/api/portraits/men/74.jpg","medium":"https://randomuser.me/api/portraits/med/men/74.jpg","thumbnail":"https://randomuser.me/api/portraits/thumb/men/74.jpg"},"nat":"TR"}],"info":{"seed":"7a8aa1a72fa6f3b8","results":1,"page":1,"version":"1.4"}} 
 </msg>
<msg time="2024-07-03T18:19:33.265195" level="INFO">/opt/hostedtoolcache/Python/3.12.4/x64/lib/python3.12/site-packages/urllib3/connectionpool.py:1099: InsecureRequestWarning: Unverified HTTPS request is being made to host 'randomuser.me'. Adding certificate verification is strongly advised. See: https://urllib3.readthedocs.io/en/latest/advanced-usage.html#tls-warnings
  warnings.warn(</msg>
<msg time="2024-07-03T18:19:33.265307" level="INFO">${response} = &lt;Response [200]&gt;</msg>
<var>${response}</var>
<arg>consultarAPI</arg>
<arg>/api</arg>
<doc>Sends a GET request on a previously created HTTP Session.</doc>
<status status="PASS" start="2024-07-03T18:19:33.187596" elapsed="0.077752"/>
</kw>
<kw name="Set Variable" owner="BuiltIn">
<msg time="2024-07-03T18:19:33.266404" level="INFO">${json_data} = {'results': [{'gender': 'male', 'name': {'title': 'Mr', 'first': 'Kenan', 'last': 'Solmaz'}, 'location': {'street': {'number': 7849, 'name': 'Tunalı Hilmi Cd'}, 'city': 'Kayseri', 'state': 'Denizli', ...</msg>
<var>${json_data}</var>
<arg>${response.json()}</arg>
<doc>Returns the given values which can then be assigned to a variables.</doc>
<status status="PASS" start="2024-07-03T18:19:33.265905" elapsed="0.000534"/>
</kw>
<kw name="Log" owner="BuiltIn">
<msg time="2024-07-03T18:19:33.266903" level="INFO">{'results': [{'gender': 'male', 'name': {'title': 'Mr', 'first': 'Kenan', 'last': 'Solmaz'}, 'location': {'street': {'number': 7849, 'name': 'Tunalı Hilmi Cd'}, 'city': 'Kayseri', 'state': 'Denizli', 'country': 'Turkey', 'postcode': 22345, 'coordinates': {'latitude': '69.3909', 'longitude': '-67.1485'}, 'timezone': {'offset': '+4:00', 'description': 'Abu Dhabi, Muscat, Baku, Tbilisi'}}, 'email': 'kenan.solmaz@example.com', 'login': {'uuid': '8baca732-3a43-40dc-9e52-e6fb1889bd78', 'username': 'greencat910', 'password': 'tigers', 'salt': 'nOsla1Vv', 'md5': '1c73b20b75ca2dcaa509b894a289d8c9', 'sha1': '804579c0c970dc91a066919a27bcd059a09860ef', 'sha256': '874bf49e979c0a26634b3d48a2a097fb16b94f1b3e88a0ee88008266386b905a'}, 'dob': {'date': '1968-12-24T19:59:19.913Z', 'age': 55}, 'registered': {'date': '2021-07-24T04:34:51.320Z', 'age': 2}, 'phone': '(155)-678-4541', 'cell': '(333)-520-2070', 'id': {'name': '', 'value': None}, 'picture': {'large': 'https://randomuser.me/api/portraits/men/74.jpg', 'medium': 'https://randomuser.me/api/portraits/med/men/74.jpg', 'thumbnail': 'https://randomuser.me/api/portraits/thumb/men/74.jpg'}, 'nat': 'TR'}], 'info': {'seed': '7a8aa1a72fa6f3b8', 'results': 1, 'page': 1, 'version': '1.4'}}</msg>
<arg>${json_data}</arg>
<doc>Logs the given message with the given level.</doc>
<status status="PASS" start="2024-07-03T18:19:33.266745" elapsed="0.000210"/>
</kw>
<kw name="Should Be String" owner="String">
<arg>${json_data['results'][0]['gender']}</arg>
<doc>Fails if the given ``item`` is not a string.</doc>
<status status="PASS" start="2024-07-03T18:19:33.267249" elapsed="0.000364"/>
</kw>
<kw name="Should Match Regexp" owner="BuiltIn">
<arg>${json_data['results'][0]['email']}</arg>
<arg>^[a-zA-Z0-9._%+-]+@[a-zA-Z0-9.-]+\.[a-zA-Z]{2,}$</arg>
<doc>Fails if ``string`` does not match ``pattern`` as a regular expression.</doc>
<status status="PASS" start="2024-07-03T18:19:33.267832" elapsed="0.000526"/>
</kw>
<kw name="Should Match Regexp" owner="BuiltIn">
<arg>${json_data['results'][0]['dob']['date']}</arg>
<arg>\\d{4}-\\d{2}-\\d{2}T\\d{2}:\\d{2}:\\d{2}\\.\\d{3}Z</arg>
<doc>Fails if ``string`` does not match ``pattern`` as a regular expression.</doc>
<status status="PASS" start="2024-07-03T18:19:33.268550" elapsed="0.000475"/>
</kw>
<kw name="Should Match Regexp" owner="BuiltIn">
<arg>${json_data['results'][0]['registered']['date']}</arg>
<arg>\\d{4}-\\d{2}-\\d{2}T\\d{2}:\\d{2}:\\d{2}\\.\\d{3}Z</arg>
<doc>Fails if ``string`` does not match ``pattern`` as a regular expression.</doc>
<status status="PASS" start="2024-07-03T18:19:33.269213" elapsed="0.000363"/>
</kw>
<kw name="Should Match Regexp" owner="BuiltIn">
<arg>${json_data['results'][0]['picture']['large']}</arg>
<arg>^https?://.*\.(?:png|jpe?g|gif|bmp)$</arg>
<doc>Fails if ``string`` does not match ``pattern`` as a regular expression.</doc>
<status status="PASS" start="2024-07-03T18:19:33.269757" elapsed="0.000475"/>
</kw>
<kw name="Should Match Regexp" owner="BuiltIn">
<arg>${json_data['results'][0]['picture']['medium']}</arg>
<arg>^https?://.*\.(?:png|jpe?g|gif|bmp)$</arg>
<doc>Fails if ``string`` does not match ``pattern`` as a regular expression.</doc>
<status status="PASS" start="2024-07-03T18:19:33.270419" elapsed="0.000354"/>
</kw>
<kw name="Should Match Regexp" owner="BuiltIn">
<arg>${json_data['results'][0]['picture']['thumbnail']}</arg>
<arg>^https?://.*\.(?:png|jpe?g|gif|bmp)$</arg>
<doc>Fails if ``string`` does not match ``pattern`` as a regular expression.</doc>
<status status="PASS" start="2024-07-03T18:19:33.270954" elapsed="0.000347"/>
</kw>
<kw name="Log" owner="BuiltIn">
<msg time="2024-07-03T18:19:33.271810" level="INFO">{'large': 'https://randomuser.me/api/portraits/men/74.jpg', 'medium': 'https://randomuser.me/api/portraits/med/men/74.jpg', 'thumbnail': 'https://randomuser.me/api/portraits/thumb/men/74.jpg'}</msg>
<arg>${json_data['results'][0]['picture']}</arg>
<doc>Logs the given message with the given level.</doc>
<status status="PASS" start="2024-07-03T18:19:33.271484" elapsed="0.000369"/>
</kw>
<status status="PASS" start="2024-07-03T18:19:33.187378" elapsed="0.084725"/>
</kw>
<kw name="Teste de Tipos de Dados - Postcode" owner="random-user-service">
<kw name="GET On Session" owner="RequestsLibrary">
<msg time="2024-07-03T18:19:33.366507" level="INFO">GET Request : url=https://randomuser.me/api 
 path_url=/api 
 headers={'User-Agent': 'python-requests/2.32.3', 'Accept-Encoding': 'gzip, deflate', 'Accept': '*/*', 'Connection': 'keep-alive'} 
 body=None 
 </msg>
<msg time="2024-07-03T18:19:33.366593" level="INFO">GET Response : url=https://randomuser.me/api 
 status=200, reason=OK 
 headers={'Date': 'Wed, 03 Jul 2024 18:19:33 GMT', 'Content-Type': 'application/json; charset=utf-8', 'Transfer-Encoding': 'chunked', 'Connection': 'keep-alive', 'X-Powered-By': 'Express', 'Access-Control-Allow-Origin': '*', 'Cache-Control': 'no-cache', 'ETag': 'W/"495-8QPnqQNvS7RkpL8l3tjCqJihKDQ"', 'Vary': 'Accept-Encoding', 'Content-Encoding': 'gzip', 'CF-Cache-Status': 'DYNAMIC', 'Report-To': '{"endpoints":[{"url":"https:\\/\\/a.nel.cloudflare.com\\/report\\/v4?s=4VLPpBI3OzufE9vTsJFoVxvILVzl797seNS1zZ9%2FeCMIbvPF3uZH1xnepoAF8pjfD3dpi5IfjtKnVcEvu9aWi4X631Gf%2FNqGFwFN9Y9ey3YjYpriw%2FVdkbuTAIn2nQTB"}],"group":"cf-nel","max_age":604800}', 'NEL': '{"success_fraction":0,"report_to":"cf-nel","max_age":604800}', 'Server': 'cloudflare', 'CF-RAY': '89d8e26cfc63637b-ORD', 'alt-svc': 'h3=":443"; ma=86400'} 
 body={"results":[{"gender":"female","name":{"title":"Miss","first":"Vladana","last":"Zeljković"},"location":{"street":{"number":6846,"name":"Letnička"},"city":"Boljevac","state":"Pomoravlje","country":"Serbia","postcode":60488,"coordinates":{"latitude":"56.1740","longitude":"35.1800"},"timezone":{"offset":"+1:00","description":"Brussels, Copenhagen, Madrid, Paris"}},"email":"vladana.zeljkovic@example.com","login":{"uuid":"ff17a629-8265-4d6e-9087-e61a49050437","username":"heavywolf480","password":"liao","salt":"jxv1z3Lb","md5":"33b1e652daf79f4e43fe4b4eafa23887","sha1":"a88e7d8173bec56b61cd9914a0265d8863e3d618","sha256":"586c4b86691f1bfa2c09971cdd4a301c3047509bc82eaa4e12b0ea19cd0ccc6a"},"dob":{"date":"1950-04-10T20:54:19.660Z","age":74},"registered":{"date":"2015-01-11T02:09:19.304Z","age":9},"phone":"020-3022-443","cell":"064-5712-972","id":{"name":"SID","value":"533452448"},"picture":{"large":"https://randomuser.me/api/portraits/women/29.jpg","medium":"https://randomuser.me/api/portraits/med/women/29.jpg","thumbnail":"https://randomuser.me/api/portraits/thumb/women/29.jpg"},"nat":"RS"}],"info":{"seed":"4e95357790641bb8","results":1,"page":1,"version":"1.4"}} 
 </msg>
<msg time="2024-07-03T18:19:33.366673" level="INFO">/opt/hostedtoolcache/Python/3.12.4/x64/lib/python3.12/site-packages/urllib3/connectionpool.py:1099: InsecureRequestWarning: Unverified HTTPS request is being made to host 'randomuser.me'. Adding certificate verification is strongly advised. See: https://urllib3.readthedocs.io/en/latest/advanced-usage.html#tls-warnings
  warnings.warn(</msg>
<msg time="2024-07-03T18:19:33.366793" level="INFO">${response} = &lt;Response [200]&gt;</msg>
<var>${response}</var>
<arg>consultarAPI</arg>
<arg>/api</arg>
<doc>Sends a GET request on a previously created HTTP Session.</doc>
<status status="PASS" start="2024-07-03T18:19:33.272530" elapsed="0.094315"/>
</kw>
<kw name="Set Variable" owner="BuiltIn">
<msg time="2024-07-03T18:19:33.368560" level="INFO">${json_data} = {'results': [{'gender': 'female', 'name': {'title': 'Miss', 'first': 'Vladana', 'last': 'Zeljković'}, 'location': {'street': {'number': 6846, 'name': 'Letnička'}, 'city': 'Boljevac', 'state': 'Pomorav...</msg>
<var>${json_data}</var>
<arg>${response.json()}</arg>
<doc>Returns the given values which can then be assigned to a variables.</doc>
<status status="PASS" start="2024-07-03T18:19:33.367832" elapsed="0.000779"/>
</kw>
<kw name="Log" owner="BuiltIn">
<msg time="2024-07-03T18:19:33.369324" level="INFO">{'results': [{'gender': 'female', 'name': {'title': 'Miss', 'first': 'Vladana', 'last': 'Zeljković'}, 'location': {'street': {'number': 6846, 'name': 'Letnička'}, 'city': 'Boljevac', 'state': 'Pomoravlje', 'country': 'Serbia', 'postcode': 60488, 'coordinates': {'latitude': '56.1740', 'longitude': '35.1800'}, 'timezone': {'offset': '+1:00', 'description': 'Brussels, Copenhagen, Madrid, Paris'}}, 'email': 'vladana.zeljkovic@example.com', 'login': {'uuid': 'ff17a629-8265-4d6e-9087-e61a49050437', 'username': 'heavywolf480', 'password': 'liao', 'salt': 'jxv1z3Lb', 'md5': '33b1e652daf79f4e43fe4b4eafa23887', 'sha1': 'a88e7d8173bec56b61cd9914a0265d8863e3d618', 'sha256': '586c4b86691f1bfa2c09971cdd4a301c3047509bc82eaa4e12b0ea19cd0ccc6a'}, 'dob': {'date': '1950-04-10T20:54:19.660Z', 'age': 74}, 'registered': {'date': '2015-01-11T02:09:19.304Z', 'age': 9}, 'phone': '020-3022-443', 'cell': '064-5712-972', 'id': {'name': 'SID', 'value': '533452448'}, 'picture': {'large': 'https://randomuser.me/api/portraits/women/29.jpg', 'medium': 'https://randomuser.me/api/portraits/med/women/29.jpg', 'thumbnail': 'https://randomuser.me/api/portraits/thumb/women/29.jpg'}, 'nat': 'RS'}], 'info': {'seed': '4e95357790641bb8', 'results': 1, 'page': 1, 'version': '1.4'}}</msg>
<arg>${json_data}</arg>
<doc>Logs the given message with the given level.</doc>
<status status="PASS" start="2024-07-03T18:19:33.369073" elapsed="0.000343"/>
</kw>
<kw name="Should Be Equal As Numbers" owner="BuiltIn">
<arg>${json_data['results'][0]['location']['postcode']}</arg>
<arg>${json_data['results'][0]['location']['postcode']}</arg>
<doc>Fails if objects are unequal after converting them to real numbers.</doc>
<status status="PASS" start="2024-07-03T18:19:33.369886" elapsed="0.001101"/>
</kw>
<kw name="Log" owner="BuiltIn">
<msg time="2024-07-03T18:19:33.372061" level="INFO">60488</msg>
<arg>${json_data['results'][0]['location']['postcode']}</arg>
<doc>Logs the given message with the given level.</doc>
<status status="PASS" start="2024-07-03T18:19:33.371349" elapsed="0.000775"/>
</kw>
<status status="PASS" start="2024-07-03T18:19:33.272311" elapsed="0.100185"/>
</kw>
<doc>Testa se os tipos de dados na resposta da API estão corretos.</doc>
<tag>testeTiposDados</tag>
<status status="PASS" start="2024-07-03T18:19:33.186958" elapsed="0.185809"/>
</test>
<test id="s1-s1-t5" name="Validar conteudo" line="35">
<kw name="Teste de Tipos de Conteudo" owner="random-user-service">
<kw name="GET On Session" owner="RequestsLibrary">
<msg time="2024-07-03T18:19:33.469058" level="INFO">GET Request : url=https://randomuser.me/api 
 path_url=/api 
 headers={'User-Agent': 'python-requests/2.32.3', 'Accept-Encoding': 'gzip, deflate', 'Accept': '*/*', 'Connection': 'keep-alive'} 
 body=None 
 </msg>
<msg time="2024-07-03T18:19:33.469146" level="INFO">GET Response : url=https://randomuser.me/api 
 status=200, reason=OK 
 headers={'Date': 'Wed, 03 Jul 2024 18:19:33 GMT', 'Content-Type': 'application/json; charset=utf-8', 'Transfer-Encoding': 'chunked', 'Connection': 'keep-alive', 'X-Powered-By': 'Express', 'Access-Control-Allow-Origin': '*', 'Cache-Control': 'no-cache', 'ETag': 'W/"47c-MsIOkdoD0cGl5slLQKwgNuVKR24"', 'Vary': 'Accept-Encoding', 'Content-Encoding': 'gzip', 'CF-Cache-Status': 'DYNAMIC', 'Report-To': '{"endpoints":[{"url":"https:\\/\\/a.nel.cloudflare.com\\/report\\/v4?s=9DQiZrFhDoGQR5fvQpx36Xo%2FgrT%2B%2FYY3g3EUCDS6G4AlEvYfrLvdZ7MS4eaUeEczilnYmkWF2Fl9YXQwmVWTMUTzSDDU24f3iSRiknnmWzgNnxdb9IhRuBCblZj8uTFt"}],"group":"cf-nel","max_age":604800}', 'NEL': '{"success_fraction":0,"report_to":"cf-nel","max_age":604800}', 'Server': 'cloudflare', 'CF-RAY': '89d8e26dad08637b-ORD', 'alt-svc': 'h3=":443"; ma=86400'} 
 body={"results":[{"gender":"female","name":{"title":"Ms","first":"Latife","last":"Bolatlı"},"location":{"street":{"number":221,"name":"Necatibey Cd"},"city":"İstanbul","state":"Sivas","country":"Turkey","postcode":16534,"coordinates":{"latitude":"67.0335","longitude":"83.2202"},"timezone":{"offset":"-11:00","description":"Midway Island, Samoa"}},"email":"latife.bolatli@example.com","login":{"uuid":"93d0086b-16fb-455b-abab-aa772e2fa12b","username":"silvermouse666","password":"oooooo","salt":"x0RuuQPR","md5":"36285b6ba4331f5922e4a3e41229ccea","sha1":"b33204709e16a78c61373522cc70665154af3535","sha256":"7ded45302705d4ab1724f8ae25b191a2c8c1b2e9010f85913abfc06d90ffb5db"},"dob":{"date":"1972-04-23T10:02:16.314Z","age":52},"registered":{"date":"2012-02-21T14:43:10.094Z","age":12},"phone":"(919)-601-7815","cell":"(909)-334-6694","id":{"name":"","value":null},"picture":{"large":"https://randomuser.me/api/portraits/women/15.jpg","medium":"https://randomuser.me/api/portraits/med/women/15.jpg","thumbnail":"https://randomuser.me/api/portraits/thumb/women/15.jpg"},"nat":"TR"}],"info":{"seed":"a56793ac2541d3ae","results":1,"page":1,"version":"1.4"}} 
 </msg>
<msg time="2024-07-03T18:19:33.469225" level="INFO">/opt/hostedtoolcache/Python/3.12.4/x64/lib/python3.12/site-packages/urllib3/connectionpool.py:1099: InsecureRequestWarning: Unverified HTTPS request is being made to host 'randomuser.me'. Adding certificate verification is strongly advised. See: https://urllib3.readthedocs.io/en/latest/advanced-usage.html#tls-warnings
  warnings.warn(</msg>
<msg time="2024-07-03T18:19:33.469330" level="INFO">${response} = &lt;Response [200]&gt;</msg>
<var>${response}</var>
<arg>consultarAPI</arg>
<arg>/api</arg>
<doc>Sends a GET request on a previously created HTTP Session.</doc>
<status status="PASS" start="2024-07-03T18:19:33.378978" elapsed="0.090389"/>
</kw>
<kw name="Set Variable" owner="BuiltIn">
<msg time="2024-07-03T18:19:33.470226" level="INFO">${json_data} = {'results': [{'gender': 'female', 'name': {'title': 'Ms', 'first': 'Latife', 'last': 'Bolatlı'}, 'location': {'street': {'number': 221, 'name': 'Necatibey Cd'}, 'city': 'İstanbul', 'state': 'Sivas', '...</msg>
<var>${json_data}</var>
<arg>${response.json()}</arg>
<doc>Returns the given values which can then be assigned to a variables.</doc>
<status status="PASS" start="2024-07-03T18:19:33.469736" elapsed="0.000522"/>
</kw>
<kw name="Set Variable" owner="BuiltIn">
<msg time="2024-07-03T18:19:33.470940" level="INFO">${name_title} = Ms</msg>
<var>${name_title}</var>
<arg>${json_data["results"][0]["name"]["title"]}</arg>
<doc>Returns the given values which can then be assigned to a variables.</doc>
<status status="PASS" start="2024-07-03T18:19:33.470568" elapsed="0.000397"/>
</kw>
<kw name="Create List" owner="BuiltIn">
<msg time="2024-07-03T18:19:33.471424" level="INFO">${allowed_titles} = ['Mr', 'Ms', 'Miss', 'Mrs', 'Madame', 'Monsieur']</msg>
<var>${allowed_titles}</var>
<arg>Mr</arg>
<arg>Ms</arg>
<arg>Miss</arg>
<arg>Mrs</arg>
<arg>Madame</arg>
<arg>Monsieur</arg>
<doc>Returns a list containing given items.</doc>
<status status="PASS" start="2024-07-03T18:19:33.471261" elapsed="0.000186"/>
</kw>
<kw name="List Should Contain Value" owner="Collections">
<arg>${allowed_titles}</arg>
<arg>${name_title}</arg>
<doc>Fails if the ``value`` is not found from ``list``.</doc>
<status status="PASS" start="2024-07-03T18:19:33.471737" elapsed="0.000174"/>
</kw>
<kw name="Set Variable" owner="BuiltIn">
<msg time="2024-07-03T18:19:33.472448" level="INFO">${name_country} = TR</msg>
<var>${name_country}</var>
<arg>${json_data["results"][0]["nat"]}</arg>
<doc>Returns the given values which can then be assigned to a variables.</doc>
<status status="PASS" start="2024-07-03T18:19:33.472089" elapsed="0.000382"/>
</kw>
<kw name="Create List" owner="BuiltIn">
<msg time="2024-07-03T18:19:33.473348" level="INFO">${list_country} = ['AD', 'AE', 'AF', 'AG', 'AI', 'AL', 'AM', 'AO', 'AQ', 'AR', 'AS', 'AT', 'AU', 'AW', 'AX', 'AZ', 'BA', 'BB', 'BD', 'BE', 'BF', 'BG', 'BH', 'BI', 'BJ', 'BL', 'BM', 'BN', 'BO', 'BQ', 'BR', 'BS', 'BT', '...</msg>
<var>${list_country}</var>
<arg>AD</arg>
<arg>AE</arg>
<arg>AF</arg>
<arg>AG</arg>
<arg>AI</arg>
<arg>AL</arg>
<arg>AM</arg>
<arg>AO</arg>
<arg>AQ</arg>
<arg>AR</arg>
<arg>AS</arg>
<arg>AT</arg>
<arg>AU</arg>
<arg>AW</arg>
<arg>AX</arg>
<arg>AZ</arg>
<arg>BA</arg>
<arg>BB</arg>
<arg>BD</arg>
<arg>BE</arg>
<arg>BF</arg>
<arg>BG</arg>
<arg>BH</arg>
<arg>BI</arg>
<arg>BJ</arg>
<arg>BL</arg>
<arg>BM</arg>
<arg>BN</arg>
<arg>BO</arg>
<arg>BQ</arg>
<arg>BR</arg>
<arg>BS</arg>
<arg>BT</arg>
<arg>BV</arg>
<arg>BW</arg>
<arg>BY</arg>
<arg>BZ</arg>
<arg>CA</arg>
<arg>CC</arg>
<arg>CD</arg>
<arg>CF</arg>
<arg>CG</arg>
<arg>CH</arg>
<arg>CI</arg>
<arg>CK</arg>
<arg>CL</arg>
<arg>CM</arg>
<arg>CN</arg>
<arg>CO</arg>
<arg>CR</arg>
<arg>CU</arg>
<arg>CV</arg>
<arg>CW</arg>
<arg>CX</arg>
<arg>CY</arg>
<arg>CZ</arg>
<arg>DE</arg>
<arg>DJ</arg>
<arg>DK</arg>
<arg>DM</arg>
<arg>DO</arg>
<arg>DZ</arg>
<arg>EC</arg>
<arg>EE</arg>
<arg>EG</arg>
<arg>EH</arg>
<arg>ER</arg>
<arg>ES</arg>
<arg>ET</arg>
<arg>FI</arg>
<arg>FJ</arg>
<arg>FK</arg>
<arg>FM</arg>
<arg>FO</arg>
<arg>FR</arg>
<arg>GA</arg>
<arg>GB</arg>
<arg>GD</arg>
<arg>GE</arg>
<arg>GF</arg>
<arg>GG</arg>
<arg>GH</arg>
<arg>GI</arg>
<arg>GL</arg>
<arg>GM</arg>
<arg>GN</arg>
<arg>GP</arg>
<arg>GQ</arg>
<arg>GR</arg>
<arg>GS</arg>
<arg>GT</arg>
<arg>GU</arg>
<arg>GW</arg>
<arg>GY</arg>
<arg>HK</arg>
<arg>HM</arg>
<arg>HN</arg>
<arg>HR</arg>
<arg>HT</arg>
<arg>HU</arg>
<arg>ID</arg>
<arg>IE</arg>
<arg>IL</arg>
<arg>IM</arg>
<arg>IN</arg>
<arg>IO</arg>
<arg>IQ</arg>
<arg>IR</arg>
<arg>IS</arg>
<arg>IT</arg>
<arg>JE</arg>
<arg>JM</arg>
<arg>JO</arg>
<arg>JP</arg>
<arg>KE</arg>
<arg>KG</arg>
<arg>KH</arg>
<arg>KI</arg>
<arg>KM</arg>
<arg>KN</arg>
<arg>KP</arg>
<arg>KR</arg>
<arg>KW</arg>
<arg>KY</arg>
<arg>KZ</arg>
<arg>LA</arg>
<arg>LB</arg>
<arg>LC</arg>
<arg>LI</arg>
<arg>LK</arg>
<arg>LR</arg>
<arg>LS</arg>
<arg>LT</arg>
<arg>LU</arg>
<arg>LV</arg>
<arg>LY</arg>
<arg>MA</arg>
<arg>MC</arg>
<arg>MD</arg>
<arg>ME</arg>
<arg>MF</arg>
<arg>MG</arg>
<arg>MH</arg>
<arg>MK</arg>
<arg>ML</arg>
<arg>MM</arg>
<arg>MN</arg>
<arg>MO</arg>
<arg>MP</arg>
<arg>MQ</arg>
<arg>MR</arg>
<arg>MS</arg>
<arg>MT</arg>
<arg>MU</arg>
<arg>MV</arg>
<arg>MW</arg>
<arg>MX</arg>
<arg>MY</arg>
<arg>MZ</arg>
<arg>NA</arg>
<arg>NC</arg>
<arg>NE</arg>
<arg>NF</arg>
<arg>NG</arg>
<arg>NI</arg>
<arg>NL</arg>
<arg>NO</arg>
<arg>NP</arg>
<arg>NR</arg>
<arg>NU</arg>
<arg>NZ</arg>
<arg>OM</arg>
<arg>PA</arg>
<arg>PE</arg>
<arg>PF</arg>
<arg>PG</arg>
<arg>PH</arg>
<arg>PK</arg>
<arg>PL</arg>
<arg>PM</arg>
<arg>PN</arg>
<arg>PR</arg>
<arg>PS</arg>
<arg>PT</arg>
<arg>PW</arg>
<arg>PY</arg>
<arg>QA</arg>
<arg>RE</arg>
<arg>RO</arg>
<arg>RS</arg>
<arg>RU</arg>
<arg>RW</arg>
<arg>SA</arg>
<arg>SB</arg>
<arg>SC</arg>
<arg>SD</arg>
<arg>SE</arg>
<arg>SG</arg>
<arg>SH</arg>
<arg>SI</arg>
<arg>SJ</arg>
<arg>SK</arg>
<arg>SL</arg>
<arg>SM</arg>
<arg>SN</arg>
<arg>SO</arg>
<arg>SR</arg>
<arg>SS</arg>
<arg>ST</arg>
<arg>SV</arg>
<arg>SX</arg>
<arg>SY</arg>
<arg>SZ</arg>
<arg>TC</arg>
<arg>TD</arg>
<arg>TF</arg>
<arg>TG</arg>
<arg>TH</arg>
<arg>TJ</arg>
<arg>TK</arg>
<arg>TL</arg>
<arg>TM</arg>
<arg>TN</arg>
<arg>TO</arg>
<arg>TR</arg>
<arg>TT</arg>
<arg>TV</arg>
<arg>TW</arg>
<arg>TZ</arg>
<arg>UA</arg>
<arg>UG</arg>
<arg>UM</arg>
<arg>US</arg>
<arg>UY</arg>
<arg>UZ</arg>
<arg>VA</arg>
<arg>VC</arg>
<arg>VE</arg>
<arg>VG</arg>
<arg>VI</arg>
<arg>VN</arg>
<arg>VU</arg>
<arg>WF</arg>
<arg>WS</arg>
<arg>XK</arg>
<arg>YE</arg>
<arg>YT</arg>
<arg>ZA</arg>
<arg>ZM</arg>
<arg>ZW</arg>
<doc>Returns a list containing given items.</doc>
<status status="PASS" start="2024-07-03T18:19:33.472752" elapsed="0.000621"/>
</kw>
<kw name="List Should Contain Value" owner="Collections">
<arg>${list_country}</arg>
<arg>${name_country}</arg>
<doc>Fails if the ``value`` is not found from ``list``.</doc>
<status status="PASS" start="2024-07-03T18:19:33.474177" elapsed="0.000202"/>
</kw>
<kw name="Run Keyword If" owner="BuiltIn">
<kw name="Should Be True" owner="BuiltIn">
<arg>${True}</arg>
<doc>Fails if the given condition is not true.</doc>
<status status="PASS" start="2024-07-03T18:19:33.475311" elapsed="0.000139"/>
</kw>
<arg>${json_data["results"][0]["location"]["coordinates"]["latitude"]} &gt;= -90 and ${json_data["results"][0]["location"]["coordinates"]["latitude"]} &lt;= 90</arg>
<arg>Should Be True</arg>
<arg>${True}</arg>
<doc>Runs the given keyword with the given arguments, if ``condition`` is true.</doc>
<status status="PASS" start="2024-07-03T18:19:33.474572" elapsed="0.001002"/>
</kw>
<kw name="Run Keyword If" owner="BuiltIn">
<kw name="Should Be True" owner="BuiltIn">
<arg>${True}</arg>
<doc>Fails if the given condition is not true.</doc>
<status status="PASS" start="2024-07-03T18:19:33.476440" elapsed="0.000229"/>
</kw>
<arg>${json_data["results"][0]["location"]["coordinates"]["longitude"]} &gt;= -180 and ${json_data["results"][0]["location"]["coordinates"]["longitude"]} &lt;= 180</arg>
<arg>Should Be True</arg>
<arg>${True}</arg>
<doc>Runs the given keyword with the given arguments, if ``condition`` is true.</doc>
<status status="PASS" start="2024-07-03T18:19:33.475751" elapsed="0.001044"/>
</kw>
<status status="PASS" start="2024-07-03T18:19:33.378707" elapsed="0.098216"/>
</kw>
<doc>Testa o conteúdo específico dos campos retornados pela API.</doc>
<tag>testeConteudo</tag>
<status status="PASS" start="2024-07-03T18:19:33.378204" elapsed="0.098861"/>
</test>
<status status="PASS" start="2024-07-03T18:19:32.397486" elapsed="1.081540"/>
</suite>
<status status="PASS" start="2024-07-03T18:19:32.376664" elapsed="1.107307"/>
</suite>
<statistics>
<total>
<stat pass="5" fail="0" skip="0">All Tests</stat>
</total>
<tag>
<stat pass="1" fail="0" skip="0">testeConteudo</stat>
<stat pass="1" fail="0" skip="0">testeEstruturaResposta</stat>
<stat pass="1" fail="0" skip="0">testeRequisicaoBasica</stat>
<stat pass="1" fail="0" skip="0">testeTiposDados</stat>
</tag>
<suite>
<stat pass="5" fail="0" skip="0" id="s1" name="Tests">Tests</stat>
<stat pass="5" fail="0" skip="0" id="s1-s1" name="Random-User-Test">Tests.Random-User-Test</stat>
</suite>
</statistics>
<errors>
</errors>
</robot>
