<?xml version="1.0" encoding="UTF-8"?>
<robot generator="Robot 7.0 (Python 3.12.3 on linux)" generated="2024-05-25T02:26:18.556121" rpa="false" schemaversion="5">
<suite id="s1" name="Tests" source="/home/runner/work/DesafioQAItauRogerioJordao/DesafioQAItauRogerioJordao/RamdonUser/tests">
<suite id="s1-s1" name="Random-User-Test" source="/home/runner/work/DesafioQAItauRogerioJordao/DesafioQAItauRogerioJordao/RamdonUser/tests/random-user-test.robot">
<test id="s1-s1-t1" name="Conectar" line="13">
<kw name="Conectar API" owner="random-user-service">
<kw name="Create Session" owner="RequestsLibrary">
<msg time="2024-05-25T02:26:18.943090" level="INFO">Creating Session using : alias=consultarAPI, url=https://randomuser.me/, headers={},                     cookies={}, auth=None, timeout=None, proxies=None, verify=False,                     debug=0 </msg>
<arg>consultarAPI</arg>
<arg>${URL}</arg>
<doc>Create Session: create a HTTP session to a server</doc>
<status status="PASS" start="2024-05-25T02:26:18.942882" elapsed="0.000398"/>
</kw>
<status status="PASS" start="2024-05-25T02:26:18.941783" elapsed="0.001864"/>
</kw>
<status status="PASS" start="2024-05-25T02:26:18.941170" elapsed="0.002672"/>
</test>
<test id="s1-s1-t2" name="Validar retorno 200 e JSON Válido" line="16">
<kw name="Teste de Requisicao Basica" owner="random-user-service">
<kw name="GET On Session" owner="RequestsLibrary">
<msg time="2024-05-25T02:26:19.196798" level="INFO">GET Request : url=https://randomuser.me/api 
 path_url=/api 
 headers={'User-Agent': 'python-requests/2.32.2', 'Accept-Encoding': 'gzip, deflate', 'Accept': '*/*', 'Connection': 'keep-alive'} 
 body=None 
 </msg>
<msg time="2024-05-25T02:26:19.196965" level="INFO">GET Response : url=https://randomuser.me/api 
 status=200, reason=OK 
 headers={'Date': 'Sat, 25 May 2024 02:26:19 GMT', 'Content-Type': 'application/json; charset=utf-8', 'Transfer-Encoding': 'chunked', 'Connection': 'keep-alive', 'X-Powered-By': 'Express', 'Access-Control-Allow-Origin': '*', 'Cache-Control': 'no-cache', 'ETag': 'W/"481-ETmhI3Slm71mHckVAgaIBJBM/qY"', 'Vary': 'Accept-Encoding', 'Content-Encoding': 'gzip', 'CF-Cache-Status': 'DYNAMIC', 'Report-To': '{"endpoints":[{"url":"https:\\/\\/a.nel.cloudflare.com\\/report\\/v4?s=0%2BdqUrjxVPp30GMYMxHpxnqam7gw6%2F6%2F4GKSkMDx7JNtMgRa%2B0oNNJY3NjusHRpUp%2BgNJ0tgWZyFaCQotyj9yLW1NRU3YAB4DNuHG2YDBYw70mfWQ0YmfZXuqu%2Bkwh8d"}],"group":"cf-nel","max_age":604800}', 'NEL': '{"success_fraction":0,"report_to":"cf-nel","max_age":604800}', 'Server': 'cloudflare', 'CF-RAY': '88921474adec57ba-IAD', 'alt-svc': 'h3=":443"; ma=86400'} 
 body={"results":[{"gender":"male","name":{"title":"Mr","first":"Anthony","last":"Moulin"},"location":{"street":{"number":8535,"name":"Quai Chauveau"},"city":"Reims","state":"Indre-et-Loire","country":"France","postcode":47805,"coordinates":{"latitude":"-16.3771","longitude":"-9.2238"},"timezone":{"offset":"-2:00","description":"Mid-Atlantic"}},"email":"anthony.moulin@example.com","login":{"uuid":"1b6d5b76-f171-4335-b4e2-aa4b7ff0a98e","username":"tinydog701","password":"condor","salt":"8gBgnnu9","md5":"5ac67e0b0b3b0ce2ae71333914b4b2f6","sha1":"da5f89c353d96b201c048f03000be31117b5890c","sha256":"a49889d07ccf3b2b3a962f19e3fa811eafaa3629fb412113b3f31834bf8db96e"},"dob":{"date":"1981-01-19T02:51:00.611Z","age":43},"registered":{"date":"2008-04-04T09:18:12.770Z","age":16},"phone":"03-99-06-55-81","cell":"06-45-71-14-41","id":{"name":"INSEE","value":"1810035743247 47"},"picture":{"large":"https://randomuser.me/api/portraits/men/70.jpg","medium":"https://randomuser.me/api/portraits/med/men/70.jpg","thumbnail":"https://randomuser.me/api/portraits/thumb/men/70.jpg"},"nat":"FR"}],"info":{"seed":"20baf62e2c8dc8c7","results":1,"page":1,"version":"1.4"}} 
 </msg>
<msg time="2024-05-25T02:26:19.197055" level="INFO">/opt/hostedtoolcache/Python/3.12.3/x64/lib/python3.12/site-packages/urllib3/connectionpool.py:1103: InsecureRequestWarning: Unverified HTTPS request is being made to host 'randomuser.me'. Adding certificate verification is strongly advised. See: https://urllib3.readthedocs.io/en/latest/advanced-usage.html#tls-warnings
  warnings.warn(</msg>
<msg time="2024-05-25T02:26:19.197230" level="INFO">${response} = &lt;Response [200]&gt;</msg>
<var>${response}</var>
<arg>consultarAPI</arg>
<arg>/api</arg>
<doc>Sends a GET request on a previously created HTTP Session.</doc>
<status status="PASS" start="2024-05-25T02:26:18.946539" elapsed="0.250735"/>
</kw>
<kw name="Should Be Equal As Numbers" owner="BuiltIn">
<msg time="2024-05-25T02:26:19.198365" level="INFO">Argument types are:
&lt;class 'int'&gt;
&lt;class 'str'&gt;</msg>
<arg>${response.status_code}</arg>
<arg>200</arg>
<doc>Fails if objects are unequal after converting them to real numbers.</doc>
<status status="PASS" start="2024-05-25T02:26:19.197870" elapsed="0.000564"/>
</kw>
<kw name="Log" owner="BuiltIn">
<msg time="2024-05-25T02:26:19.199187" level="INFO">200</msg>
<arg>${response.status_code}</arg>
<doc>Logs the given message with the given level.</doc>
<status status="PASS" start="2024-05-25T02:26:19.198813" elapsed="0.000424"/>
</kw>
<kw name="Set Variable" owner="BuiltIn">
<msg time="2024-05-25T02:26:19.200028" level="INFO">${json_data} = {'results': [{'gender': 'male', 'name': {'title': 'Mr', 'first': 'Anthony', 'last': 'Moulin'}, 'location': {'street': {'number': 8535, 'name': 'Quai Chauveau'}, 'city': 'Reims', 'state': 'Indre-et-Loi...</msg>
<var>${json_data}</var>
<arg>${response.json()}</arg>
<doc>Returns the given values which can then be assigned to a variables.</doc>
<status status="PASS" start="2024-05-25T02:26:19.199571" elapsed="0.000487"/>
</kw>
<kw name="Dictionary Should Contain Key" owner="Collections">
<msg time="2024-05-25T02:26:19.200547" level="INFO">False</msg>
<arg>${json_data}</arg>
<arg>results</arg>
<doc>Fails if ``key`` is not found from ``dictionary``.</doc>
<status status="PASS" start="2024-05-25T02:26:19.200366" elapsed="0.000388"/>
</kw>
<status status="PASS" start="2024-05-25T02:26:18.946283" elapsed="0.254743"/>
</kw>
<doc>Testa se a API responde corretamente e retorna um objeto JSON válido.</doc>
<tag>testeRequisicaoBasica</tag>
<status status="PASS" start="2024-05-25T02:26:18.945763" elapsed="0.255456"/>
</test>
<test id="s1-s1-t3" name="Validar estrutura de resposta" line="22">
<kw name="Teste de Estrutura de Resposta" owner="random-user-service">
<kw name="GET On Session" owner="RequestsLibrary">
<msg time="2024-05-25T02:26:19.287198" level="INFO">GET Request : url=https://randomuser.me/api 
 path_url=/api 
 headers={'User-Agent': 'python-requests/2.32.2', 'Accept-Encoding': 'gzip, deflate', 'Accept': '*/*', 'Connection': 'keep-alive'} 
 body=None 
 </msg>
<msg time="2024-05-25T02:26:19.287290" level="INFO">GET Response : url=https://randomuser.me/api 
 status=200, reason=OK 
 headers={'Date': 'Sat, 25 May 2024 02:26:19 GMT', 'Content-Type': 'application/json; charset=utf-8', 'Transfer-Encoding': 'chunked', 'Connection': 'keep-alive', 'X-Powered-By': 'Express', 'Access-Control-Allow-Origin': '*', 'Cache-Control': 'no-cache', 'ETag': 'W/"489-2QadU5F+86ylWmBe/TYu0ac1UUM"', 'Vary': 'Accept-Encoding', 'Content-Encoding': 'gzip', 'CF-Cache-Status': 'DYNAMIC', 'Report-To': '{"endpoints":[{"url":"https:\\/\\/a.nel.cloudflare.com\\/report\\/v4?s=NREF2kmQKEWUcQ%2FcLzwahrlkgVEN%2BrDq68mjLlqMEPuzb8F%2BTdekqYn%2Bgqg%2F5a8gnRroU3LYDS3kQ7kR0aoTVynJaO1r06fZwjaNy%2BPPLCskpZAXk2ZXF7gZlMau14X1"}],"group":"cf-nel","max_age":604800}', 'NEL': '{"success_fraction":0,"report_to":"cf-nel","max_age":604800}', 'Server': 'cloudflare', 'CF-RAY': '889214760f4a57ba-IAD', 'alt-svc': 'h3=":443"; ma=86400'} 
 body={"results":[{"gender":"female","name":{"title":"Miss","first":"Rosa","last":"Møller"},"location":{"street":{"number":1568,"name":"Blomstervænget"},"city":"Snertinge","state":"Nordjylland","country":"Denmark","postcode":45592,"coordinates":{"latitude":"-38.8618","longitude":"70.0309"},"timezone":{"offset":"-1:00","description":"Azores, Cape Verde Islands"}},"email":"rosa.moller@example.com","login":{"uuid":"c94621c9-6cf2-4b50-b69e-6ccac05bfa95","username":"whitegorilla818","password":"miller","salt":"U8jTxaSx","md5":"7138664c6057427516bba356d066a496","sha1":"40970f697caa59264bd6ed9a28a821e2e457af3e","sha256":"66a45f94fef8f3b1ef565cda3684e9c1eb86681b9bb8f63ce525ca33f4d3b728"},"dob":{"date":"1989-04-02T20:48:14.428Z","age":35},"registered":{"date":"2015-03-11T05:37:10.997Z","age":9},"phone":"03696631","cell":"43386798","id":{"name":"CPR","value":"020489-6928"},"picture":{"large":"https://randomuser.me/api/portraits/women/75.jpg","medium":"https://randomuser.me/api/portraits/med/women/75.jpg","thumbnail":"https://randomuser.me/api/portraits/thumb/women/75.jpg"},"nat":"DK"}],"info":{"seed":"3e640d8a9e788b9b","results":1,"page":1,"version":"1.4"}} 
 </msg>
<msg time="2024-05-25T02:26:19.287415" level="INFO">/opt/hostedtoolcache/Python/3.12.3/x64/lib/python3.12/site-packages/urllib3/connectionpool.py:1103: InsecureRequestWarning: Unverified HTTPS request is being made to host 'randomuser.me'. Adding certificate verification is strongly advised. See: https://urllib3.readthedocs.io/en/latest/advanced-usage.html#tls-warnings
  warnings.warn(</msg>
<msg time="2024-05-25T02:26:19.287559" level="INFO">${response} = &lt;Response [200]&gt;</msg>
<var>${response}</var>
<arg>consultarAPI</arg>
<arg>/api</arg>
<doc>Sends a GET request on a previously created HTTP Session.</doc>
<status status="PASS" start="2024-05-25T02:26:19.204241" elapsed="0.083361"/>
</kw>
<kw name="Set Variable" owner="BuiltIn">
<msg time="2024-05-25T02:26:19.288509" level="INFO">${json_data} = {'results': [{'gender': 'female', 'name': {'title': 'Miss', 'first': 'Rosa', 'last': 'Møller'}, 'location': {'street': {'number': 1568, 'name': 'Blomstervænget'}, 'city': 'Snertinge', 'state': 'Nordjy...</msg>
<var>${json_data}</var>
<arg>${response.json()}</arg>
<doc>Returns the given values which can then be assigned to a variables.</doc>
<status status="PASS" start="2024-05-25T02:26:19.288021" elapsed="0.000518"/>
</kw>
<kw name="Log" owner="BuiltIn">
<msg time="2024-05-25T02:26:19.289010" level="INFO">{'results': [{'gender': 'female', 'name': {'title': 'Miss', 'first': 'Rosa', 'last': 'Møller'}, 'location': {'street': {'number': 1568, 'name': 'Blomstervænget'}, 'city': 'Snertinge', 'state': 'Nordjylland', 'country': 'Denmark', 'postcode': 45592, 'coordinates': {'latitude': '-38.8618', 'longitude': '70.0309'}, 'timezone': {'offset': '-1:00', 'description': 'Azores, Cape Verde Islands'}}, 'email': 'rosa.moller@example.com', 'login': {'uuid': 'c94621c9-6cf2-4b50-b69e-6ccac05bfa95', 'username': 'whitegorilla818', 'password': 'miller', 'salt': 'U8jTxaSx', 'md5': '7138664c6057427516bba356d066a496', 'sha1': '40970f697caa59264bd6ed9a28a821e2e457af3e', 'sha256': '66a45f94fef8f3b1ef565cda3684e9c1eb86681b9bb8f63ce525ca33f4d3b728'}, 'dob': {'date': '1989-04-02T20:48:14.428Z', 'age': 35}, 'registered': {'date': '2015-03-11T05:37:10.997Z', 'age': 9}, 'phone': '03696631', 'cell': '43386798', 'id': {'name': 'CPR', 'value': '020489-6928'}, 'picture': {'large': 'https://randomuser.me/api/portraits/women/75.jpg', 'medium': 'https://randomuser.me/api/portraits/med/women/75.jpg', 'thumbnail': 'https://randomuser.me/api/portraits/thumb/women/75.jpg'}, 'nat': 'DK'}], 'info': {'seed': '3e640d8a9e788b9b', 'results': 1, 'page': 1, 'version': '1.4'}}</msg>
<arg>${json_data}</arg>
<doc>Logs the given message with the given level.</doc>
<status status="PASS" start="2024-05-25T02:26:19.288849" elapsed="0.000210"/>
</kw>
<kw name="Dictionary Should Contain Key" owner="Collections">
<msg time="2024-05-25T02:26:19.289555" level="INFO">False</msg>
<arg>${json_data}</arg>
<arg>results</arg>
<doc>Fails if ``key`` is not found from ``dictionary``.</doc>
<status status="PASS" start="2024-05-25T02:26:19.289360" elapsed="0.000234"/>
</kw>
<kw name="Should Not Be Empty" owner="BuiltIn">
<msg time="2024-05-25T02:26:19.290043" level="INFO">Length is 2.</msg>
<arg>${json_data}</arg>
<doc>Verifies that the given item is not empty.</doc>
<status status="PASS" start="2024-05-25T02:26:19.289900" elapsed="0.000182"/>
</kw>
<kw name="Create List" owner="BuiltIn">
<msg time="2024-05-25T02:26:19.290537" level="INFO">${expected_keys} = ['gender', 'name', 'location', 'email', 'login']</msg>
<var>${expected_keys}</var>
<arg>gender</arg>
<arg>name</arg>
<arg>location</arg>
<arg>email</arg>
<arg>login</arg>
<doc>Returns a list containing given items.</doc>
<status status="PASS" start="2024-05-25T02:26:19.290382" elapsed="0.000179"/>
</kw>
<for flavor="IN">
<iter>
<kw name="Dictionary Should Contain Key" owner="Collections">
<msg time="2024-05-25T02:26:19.291548" level="INFO">False</msg>
<arg>${json_data['results'][0]}</arg>
<arg>${key}</arg>
<doc>Fails if ``key`` is not found from ``dictionary``.</doc>
<status status="PASS" start="2024-05-25T02:26:19.291139" elapsed="0.000453"/>
</kw>
<kw name="Log" owner="BuiltIn">
<msg time="2024-05-25T02:26:19.292266" level="INFO">{'gender': 'female', 'name': {'title': 'Miss', 'first': 'Rosa', 'last': 'Møller'}, 'location': {'street': {'number': 1568, 'name': 'Blomstervænget'}, 'city': 'Snertinge', 'state': 'Nordjylland', 'country': 'Denmark', 'postcode': 45592, 'coordinates': {'latitude': '-38.8618', 'longitude': '70.0309'}, 'timezone': {'offset': '-1:00', 'description': 'Azores, Cape Verde Islands'}}, 'email': 'rosa.moller@example.com', 'login': {'uuid': 'c94621c9-6cf2-4b50-b69e-6ccac05bfa95', 'username': 'whitegorilla818', 'password': 'miller', 'salt': 'U8jTxaSx', 'md5': '7138664c6057427516bba356d066a496', 'sha1': '40970f697caa59264bd6ed9a28a821e2e457af3e', 'sha256': '66a45f94fef8f3b1ef565cda3684e9c1eb86681b9bb8f63ce525ca33f4d3b728'}, 'dob': {'date': '1989-04-02T20:48:14.428Z', 'age': 35}, 'registered': {'date': '2015-03-11T05:37:10.997Z', 'age': 9}, 'phone': '03696631', 'cell': '43386798', 'id': {'name': 'CPR', 'value': '020489-6928'}, 'picture': {'large': 'https://randomuser.me/api/portraits/women/75.jpg', 'medium': 'https://randomuser.me/api/portraits/med/women/75.jpg', 'thumbnail': 'https://randomuser.me/api/portraits/thumb/women/75.jpg'}, 'nat': 'DK'}</msg>
<arg>${json_data['results'][0]}</arg>
<doc>Logs the given message with the given level.</doc>
<status status="PASS" start="2024-05-25T02:26:19.291897" elapsed="0.000429"/>
</kw>
<kw name="Log" owner="BuiltIn">
<msg time="2024-05-25T02:26:19.292758" level="INFO">gender</msg>
<arg>${key}</arg>
<doc>Logs the given message with the given level.</doc>
<status status="PASS" start="2024-05-25T02:26:19.292627" elapsed="0.000169"/>
</kw>
<var name="${key}">gender</var>
<status status="PASS" start="2024-05-25T02:26:19.291012" elapsed="0.002001"/>
</iter>
<iter>
<kw name="Dictionary Should Contain Key" owner="Collections">
<msg time="2024-05-25T02:26:19.293743" level="INFO">False</msg>
<arg>${json_data['results'][0]}</arg>
<arg>${key}</arg>
<doc>Fails if ``key`` is not found from ``dictionary``.</doc>
<status status="PASS" start="2024-05-25T02:26:19.293319" elapsed="0.000461"/>
</kw>
<kw name="Log" owner="BuiltIn">
<msg time="2024-05-25T02:26:19.294469" level="INFO">{'gender': 'female', 'name': {'title': 'Miss', 'first': 'Rosa', 'last': 'Møller'}, 'location': {'street': {'number': 1568, 'name': 'Blomstervænget'}, 'city': 'Snertinge', 'state': 'Nordjylland', 'country': 'Denmark', 'postcode': 45592, 'coordinates': {'latitude': '-38.8618', 'longitude': '70.0309'}, 'timezone': {'offset': '-1:00', 'description': 'Azores, Cape Verde Islands'}}, 'email': 'rosa.moller@example.com', 'login': {'uuid': 'c94621c9-6cf2-4b50-b69e-6ccac05bfa95', 'username': 'whitegorilla818', 'password': 'miller', 'salt': 'U8jTxaSx', 'md5': '7138664c6057427516bba356d066a496', 'sha1': '40970f697caa59264bd6ed9a28a821e2e457af3e', 'sha256': '66a45f94fef8f3b1ef565cda3684e9c1eb86681b9bb8f63ce525ca33f4d3b728'}, 'dob': {'date': '1989-04-02T20:48:14.428Z', 'age': 35}, 'registered': {'date': '2015-03-11T05:37:10.997Z', 'age': 9}, 'phone': '03696631', 'cell': '43386798', 'id': {'name': 'CPR', 'value': '020489-6928'}, 'picture': {'large': 'https://randomuser.me/api/portraits/women/75.jpg', 'medium': 'https://randomuser.me/api/portraits/med/women/75.jpg', 'thumbnail': 'https://randomuser.me/api/portraits/thumb/women/75.jpg'}, 'nat': 'DK'}</msg>
<arg>${json_data['results'][0]}</arg>
<doc>Logs the given message with the given level.</doc>
<status status="PASS" start="2024-05-25T02:26:19.294104" elapsed="0.000414"/>
</kw>
<kw name="Log" owner="BuiltIn">
<msg time="2024-05-25T02:26:19.294946" level="INFO">name</msg>
<arg>${key}</arg>
<doc>Logs the given message with the given level.</doc>
<status status="PASS" start="2024-05-25T02:26:19.294818" elapsed="0.000165"/>
</kw>
<var name="${key}">name</var>
<status status="PASS" start="2024-05-25T02:26:19.293204" elapsed="0.002000"/>
</iter>
<iter>
<kw name="Dictionary Should Contain Key" owner="Collections">
<msg time="2024-05-25T02:26:19.295880" level="INFO">False</msg>
<arg>${json_data['results'][0]}</arg>
<arg>${key}</arg>
<doc>Fails if ``key`` is not found from ``dictionary``.</doc>
<status status="PASS" start="2024-05-25T02:26:19.295501" elapsed="0.000417"/>
</kw>
<kw name="Log" owner="BuiltIn">
<msg time="2024-05-25T02:26:19.296596" level="INFO">{'gender': 'female', 'name': {'title': 'Miss', 'first': 'Rosa', 'last': 'Møller'}, 'location': {'street': {'number': 1568, 'name': 'Blomstervænget'}, 'city': 'Snertinge', 'state': 'Nordjylland', 'country': 'Denmark', 'postcode': 45592, 'coordinates': {'latitude': '-38.8618', 'longitude': '70.0309'}, 'timezone': {'offset': '-1:00', 'description': 'Azores, Cape Verde Islands'}}, 'email': 'rosa.moller@example.com', 'login': {'uuid': 'c94621c9-6cf2-4b50-b69e-6ccac05bfa95', 'username': 'whitegorilla818', 'password': 'miller', 'salt': 'U8jTxaSx', 'md5': '7138664c6057427516bba356d066a496', 'sha1': '40970f697caa59264bd6ed9a28a821e2e457af3e', 'sha256': '66a45f94fef8f3b1ef565cda3684e9c1eb86681b9bb8f63ce525ca33f4d3b728'}, 'dob': {'date': '1989-04-02T20:48:14.428Z', 'age': 35}, 'registered': {'date': '2015-03-11T05:37:10.997Z', 'age': 9}, 'phone': '03696631', 'cell': '43386798', 'id': {'name': 'CPR', 'value': '020489-6928'}, 'picture': {'large': 'https://randomuser.me/api/portraits/women/75.jpg', 'medium': 'https://randomuser.me/api/portraits/med/women/75.jpg', 'thumbnail': 'https://randomuser.me/api/portraits/thumb/women/75.jpg'}, 'nat': 'DK'}</msg>
<arg>${json_data['results'][0]}</arg>
<doc>Logs the given message with the given level.</doc>
<status status="PASS" start="2024-05-25T02:26:19.296217" elapsed="0.000430"/>
</kw>
<kw name="Log" owner="BuiltIn">
<msg time="2024-05-25T02:26:19.297075" level="INFO">location</msg>
<arg>${key}</arg>
<doc>Logs the given message with the given level.</doc>
<status status="PASS" start="2024-05-25T02:26:19.296947" elapsed="0.000167"/>
</kw>
<var name="${key}">location</var>
<status status="PASS" start="2024-05-25T02:26:19.295386" elapsed="0.001948"/>
</iter>
<iter>
<kw name="Dictionary Should Contain Key" owner="Collections">
<msg time="2024-05-25T02:26:19.298151" level="INFO">False</msg>
<arg>${json_data['results'][0]}</arg>
<arg>${key}</arg>
<doc>Fails if ``key`` is not found from ``dictionary``.</doc>
<status status="PASS" start="2024-05-25T02:26:19.297663" elapsed="0.000526"/>
</kw>
<kw name="Log" owner="BuiltIn">
<msg time="2024-05-25T02:26:19.298856" level="INFO">{'gender': 'female', 'name': {'title': 'Miss', 'first': 'Rosa', 'last': 'Møller'}, 'location': {'street': {'number': 1568, 'name': 'Blomstervænget'}, 'city': 'Snertinge', 'state': 'Nordjylland', 'country': 'Denmark', 'postcode': 45592, 'coordinates': {'latitude': '-38.8618', 'longitude': '70.0309'}, 'timezone': {'offset': '-1:00', 'description': 'Azores, Cape Verde Islands'}}, 'email': 'rosa.moller@example.com', 'login': {'uuid': 'c94621c9-6cf2-4b50-b69e-6ccac05bfa95', 'username': 'whitegorilla818', 'password': 'miller', 'salt': 'U8jTxaSx', 'md5': '7138664c6057427516bba356d066a496', 'sha1': '40970f697caa59264bd6ed9a28a821e2e457af3e', 'sha256': '66a45f94fef8f3b1ef565cda3684e9c1eb86681b9bb8f63ce525ca33f4d3b728'}, 'dob': {'date': '1989-04-02T20:48:14.428Z', 'age': 35}, 'registered': {'date': '2015-03-11T05:37:10.997Z', 'age': 9}, 'phone': '03696631', 'cell': '43386798', 'id': {'name': 'CPR', 'value': '020489-6928'}, 'picture': {'large': 'https://randomuser.me/api/portraits/women/75.jpg', 'medium': 'https://randomuser.me/api/portraits/med/women/75.jpg', 'thumbnail': 'https://randomuser.me/api/portraits/thumb/women/75.jpg'}, 'nat': 'DK'}</msg>
<arg>${json_data['results'][0]}</arg>
<doc>Logs the given message with the given level.</doc>
<status status="PASS" start="2024-05-25T02:26:19.298492" elapsed="0.000416"/>
</kw>
<kw name="Log" owner="BuiltIn">
<msg time="2024-05-25T02:26:19.299337" level="INFO">email</msg>
<arg>${key}</arg>
<doc>Logs the given message with the given level.</doc>
<status status="PASS" start="2024-05-25T02:26:19.299208" elapsed="0.000166"/>
</kw>
<var name="${key}">email</var>
<status status="PASS" start="2024-05-25T02:26:19.297549" elapsed="0.002044"/>
</iter>
<iter>
<kw name="Dictionary Should Contain Key" owner="Collections">
<msg time="2024-05-25T02:26:19.300269" level="INFO">False</msg>
<arg>${json_data['results'][0]}</arg>
<arg>${key}</arg>
<doc>Fails if ``key`` is not found from ``dictionary``.</doc>
<status status="PASS" start="2024-05-25T02:26:19.299888" elapsed="0.000419"/>
</kw>
<kw name="Log" owner="BuiltIn">
<msg time="2024-05-25T02:26:19.300965" level="INFO">{'gender': 'female', 'name': {'title': 'Miss', 'first': 'Rosa', 'last': 'Møller'}, 'location': {'street': {'number': 1568, 'name': 'Blomstervænget'}, 'city': 'Snertinge', 'state': 'Nordjylland', 'country': 'Denmark', 'postcode': 45592, 'coordinates': {'latitude': '-38.8618', 'longitude': '70.0309'}, 'timezone': {'offset': '-1:00', 'description': 'Azores, Cape Verde Islands'}}, 'email': 'rosa.moller@example.com', 'login': {'uuid': 'c94621c9-6cf2-4b50-b69e-6ccac05bfa95', 'username': 'whitegorilla818', 'password': 'miller', 'salt': 'U8jTxaSx', 'md5': '7138664c6057427516bba356d066a496', 'sha1': '40970f697caa59264bd6ed9a28a821e2e457af3e', 'sha256': '66a45f94fef8f3b1ef565cda3684e9c1eb86681b9bb8f63ce525ca33f4d3b728'}, 'dob': {'date': '1989-04-02T20:48:14.428Z', 'age': 35}, 'registered': {'date': '2015-03-11T05:37:10.997Z', 'age': 9}, 'phone': '03696631', 'cell': '43386798', 'id': {'name': 'CPR', 'value': '020489-6928'}, 'picture': {'large': 'https://randomuser.me/api/portraits/women/75.jpg', 'medium': 'https://randomuser.me/api/portraits/med/women/75.jpg', 'thumbnail': 'https://randomuser.me/api/portraits/thumb/women/75.jpg'}, 'nat': 'DK'}</msg>
<arg>${json_data['results'][0]}</arg>
<doc>Logs the given message with the given level.</doc>
<status status="PASS" start="2024-05-25T02:26:19.300607" elapsed="0.000408"/>
</kw>
<kw name="Log" owner="BuiltIn">
<msg time="2024-05-25T02:26:19.301472" level="INFO">login</msg>
<arg>${key}</arg>
<doc>Logs the given message with the given level.</doc>
<status status="PASS" start="2024-05-25T02:26:19.301311" elapsed="0.000200"/>
</kw>
<var name="${key}">login</var>
<status status="PASS" start="2024-05-25T02:26:19.299767" elapsed="0.001991"/>
</iter>
<var>${key}</var>
<value>@{expected_keys}</value>
<status status="PASS" start="2024-05-25T02:26:19.290822" elapsed="0.011064"/>
</for>
<kw name="Create List" owner="BuiltIn">
<msg time="2024-05-25T02:26:19.302220" level="INFO">${expected_keysTwo} = ['username', 'password']</msg>
<var>${expected_keysTwo}</var>
<arg>username</arg>
<arg>password</arg>
<doc>Returns a list containing given items.</doc>
<status status="PASS" start="2024-05-25T02:26:19.302082" elapsed="0.000162"/>
</kw>
<for flavor="IN">
<iter>
<kw name="Dictionary Should Contain Key" owner="Collections">
<msg time="2024-05-25T02:26:19.303130" level="INFO">False</msg>
<arg>${json_data['results'][0]['login']}</arg>
<arg>${keyTwo}</arg>
<doc>Fails if ``key`` is not found from ``dictionary``.</doc>
<status status="PASS" start="2024-05-25T02:26:19.302745" elapsed="0.000422"/>
</kw>
<kw name="Dictionary Should Contain Key" owner="Collections">
<msg time="2024-05-25T02:26:19.303842" level="INFO">False</msg>
<arg>${json_data['results'][0]['login']}</arg>
<arg>${keyTwo}</arg>
<doc>Fails if ``key`` is not found from ``dictionary``.</doc>
<status status="PASS" start="2024-05-25T02:26:19.303465" elapsed="0.000414"/>
</kw>
<kw name="Log" owner="BuiltIn">
<msg time="2024-05-25T02:26:19.304298" level="INFO">username</msg>
<arg>${keyTwo}</arg>
<doc>Logs the given message with the given level.</doc>
<status status="PASS" start="2024-05-25T02:26:19.304172" elapsed="0.000163"/>
</kw>
<var name="${keyTwo}">username</var>
<status status="PASS" start="2024-05-25T02:26:19.302634" elapsed="0.001912"/>
</iter>
<iter>
<kw name="Dictionary Should Contain Key" owner="Collections">
<msg time="2024-05-25T02:26:19.305208" level="INFO">False</msg>
<arg>${json_data['results'][0]['login']}</arg>
<arg>${keyTwo}</arg>
<doc>Fails if ``key`` is not found from ``dictionary``.</doc>
<status status="PASS" start="2024-05-25T02:26:19.304828" elapsed="0.000417"/>
</kw>
<kw name="Dictionary Should Contain Key" owner="Collections">
<msg time="2024-05-25T02:26:19.305944" level="INFO">False</msg>
<arg>${json_data['results'][0]['login']}</arg>
<arg>${keyTwo}</arg>
<doc>Fails if ``key`` is not found from ``dictionary``.</doc>
<status status="PASS" start="2024-05-25T02:26:19.305568" elapsed="0.000413"/>
</kw>
<kw name="Log" owner="BuiltIn">
<msg time="2024-05-25T02:26:19.306396" level="INFO">password</msg>
<arg>${keyTwo}</arg>
<doc>Logs the given message with the given level.</doc>
<status status="PASS" start="2024-05-25T02:26:19.306271" elapsed="0.000162"/>
</kw>
<var name="${keyTwo}">password</var>
<status status="PASS" start="2024-05-25T02:26:19.304718" elapsed="0.001937"/>
</iter>
<var>${keyTwo}</var>
<value>@{expected_keysTwo}</value>
<status status="PASS" start="2024-05-25T02:26:19.302481" elapsed="0.004295"/>
</for>
<status status="PASS" start="2024-05-25T02:26:19.203891" elapsed="0.103026"/>
</kw>
<doc>Testa a estrutura da resposta da API.</doc>
<tag>testeEstruturaResposta</tag>
<status status="PASS" start="2024-05-25T02:26:19.203096" elapsed="0.103974"/>
</test>
<test id="s1-s1-t4" name="Validar tipos de dados" line="28">
<kw name="Teste de Tipos de Dados" owner="random-user-service">
<kw name="GET On Session" owner="RequestsLibrary">
<msg time="2024-05-25T02:26:19.345793" level="INFO">GET Request : url=https://randomuser.me/api 
 path_url=/api 
 headers={'User-Agent': 'python-requests/2.32.2', 'Accept-Encoding': 'gzip, deflate', 'Accept': '*/*', 'Connection': 'keep-alive'} 
 body=None 
 </msg>
<msg time="2024-05-25T02:26:19.345858" level="INFO">GET Response : url=https://randomuser.me/api 
 status=200, reason=OK 
 headers={'Date': 'Sat, 25 May 2024 02:26:19 GMT', 'Content-Type': 'application/json; charset=utf-8', 'Transfer-Encoding': 'chunked', 'Connection': 'keep-alive', 'X-Powered-By': 'Express', 'Access-Control-Allow-Origin': '*', 'Cache-Control': 'no-cache', 'ETag': 'W/"46f-xAcicpujy6Eukw7Dq4TPerr4xjY"', 'Vary': 'Accept-Encoding', 'Content-Encoding': 'gzip', 'CF-Cache-Status': 'DYNAMIC', 'Report-To': '{"endpoints":[{"url":"https:\\/\\/a.nel.cloudflare.com\\/report\\/v4?s=%2BTIuyX4qdEi4ci%2B4QsLoQgzo8H1slIBFRzFX4kMVn5NgyM3LMIxYyfGI25mJ8FNE94EnBbJFzoRPCGtsL0wF4rfUaDvURYzBhOKOBOUysbgwfAFLIFClJAjWN0P3Mt4D"}],"group":"cf-nel","max_age":604800}', 'NEL': '{"success_fraction":0,"report_to":"cf-nel","max_age":604800}', 'Server': 'cloudflare', 'CF-RAY': '88921476bffa57ba-IAD', 'alt-svc': 'h3=":443"; ma=86400'} 
 body={"results":[{"gender":"female","name":{"title":"Mrs","first":"Medina","last":"Voldsund"},"location":{"street":{"number":9835,"name":"Markveien"},"city":"Eikelandsosen","state":"Hedmark","country":"Norway","postcode":"8432","coordinates":{"latitude":"38.7682","longitude":"1.1988"},"timezone":{"offset":"+3:30","description":"Tehran"}},"email":"medina.voldsund@example.com","login":{"uuid":"ae99f825-0c0b-4c1a-a00a-b22b53e299db","username":"purplepanda259","password":"1812","salt":"VdRVePyc","md5":"4bcb97280179b2eaa1a47c87458da25f","sha1":"7dbd536861be8a1275b229270fa91fa63b298da0","sha256":"c556ce259274168e972026baa03684a6f83be79d9c373dfb60f1607562d6e84d"},"dob":{"date":"1955-01-13T19:01:56.200Z","age":69},"registered":{"date":"2017-04-28T17:13:59.093Z","age":7},"phone":"39156873","cell":"47620584","id":{"name":"FN","value":"13015500004"},"picture":{"large":"https://randomuser.me/api/portraits/women/31.jpg","medium":"https://randomuser.me/api/portraits/med/women/31.jpg","thumbnail":"https://randomuser.me/api/portraits/thumb/women/31.jpg"},"nat":"NO"}],"info":{"seed":"272715c008bd2bab","results":1,"page":1,"version":"1.4"}} 
 </msg>
<msg time="2024-05-25T02:26:19.345913" level="INFO">/opt/hostedtoolcache/Python/3.12.3/x64/lib/python3.12/site-packages/urllib3/connectionpool.py:1103: InsecureRequestWarning: Unverified HTTPS request is being made to host 'randomuser.me'. Adding certificate verification is strongly advised. See: https://urllib3.readthedocs.io/en/latest/advanced-usage.html#tls-warnings
  warnings.warn(</msg>
<msg time="2024-05-25T02:26:19.346017" level="INFO">${response} = &lt;Response [200]&gt;</msg>
<var>${response}</var>
<arg>consultarAPI</arg>
<arg>/api</arg>
<doc>Sends a GET request on a previously created HTTP Session.</doc>
<status status="PASS" start="2024-05-25T02:26:19.309554" elapsed="0.036507"/>
</kw>
<kw name="Set Variable" owner="BuiltIn">
<msg time="2024-05-25T02:26:19.346896" level="INFO">${json_data} = {'results': [{'gender': 'female', 'name': {'title': 'Mrs', 'first': 'Medina', 'last': 'Voldsund'}, 'location': {'street': {'number': 9835, 'name': 'Markveien'}, 'city': 'Eikelandsosen', 'state': 'Hedm...</msg>
<var>${json_data}</var>
<arg>${response.json()}</arg>
<doc>Returns the given values which can then be assigned to a variables.</doc>
<status status="PASS" start="2024-05-25T02:26:19.346448" elapsed="0.000476"/>
</kw>
<kw name="Log" owner="BuiltIn">
<msg time="2024-05-25T02:26:19.347379" level="INFO">{'results': [{'gender': 'female', 'name': {'title': 'Mrs', 'first': 'Medina', 'last': 'Voldsund'}, 'location': {'street': {'number': 9835, 'name': 'Markveien'}, 'city': 'Eikelandsosen', 'state': 'Hedmark', 'country': 'Norway', 'postcode': '8432', 'coordinates': {'latitude': '38.7682', 'longitude': '1.1988'}, 'timezone': {'offset': '+3:30', 'description': 'Tehran'}}, 'email': 'medina.voldsund@example.com', 'login': {'uuid': 'ae99f825-0c0b-4c1a-a00a-b22b53e299db', 'username': 'purplepanda259', 'password': '1812', 'salt': 'VdRVePyc', 'md5': '4bcb97280179b2eaa1a47c87458da25f', 'sha1': '7dbd536861be8a1275b229270fa91fa63b298da0', 'sha256': 'c556ce259274168e972026baa03684a6f83be79d9c373dfb60f1607562d6e84d'}, 'dob': {'date': '1955-01-13T19:01:56.200Z', 'age': 69}, 'registered': {'date': '2017-04-28T17:13:59.093Z', 'age': 7}, 'phone': '39156873', 'cell': '47620584', 'id': {'name': 'FN', 'value': '13015500004'}, 'picture': {'large': 'https://randomuser.me/api/portraits/women/31.jpg', 'medium': 'https://randomuser.me/api/portraits/med/women/31.jpg', 'thumbnail': 'https://randomuser.me/api/portraits/thumb/women/31.jpg'}, 'nat': 'NO'}], 'info': {'seed': '272715c008bd2bab', 'results': 1, 'page': 1, 'version': '1.4'}}</msg>
<arg>${json_data}</arg>
<doc>Logs the given message with the given level.</doc>
<status status="PASS" start="2024-05-25T02:26:19.347227" elapsed="0.000231"/>
</kw>
<kw name="Should Be String" owner="String">
<arg>${json_data['results'][0]['gender']}</arg>
<doc>Fails if the given ``item`` is not a string.</doc>
<status status="PASS" start="2024-05-25T02:26:19.347757" elapsed="0.000366"/>
</kw>
<kw name="Should Match Regexp" owner="BuiltIn">
<arg>${json_data['results'][0]['email']}</arg>
<arg>^[a-zA-Z0-9._%+-]+@[a-zA-Z0-9.-]+\.[a-zA-Z]{2,}$</arg>
<doc>Fails if ``string`` does not match ``pattern`` as a regular expression.</doc>
<status status="PASS" start="2024-05-25T02:26:19.348313" elapsed="0.000638"/>
</kw>
<kw name="Should Match Regexp" owner="BuiltIn">
<arg>${json_data['results'][0]['dob']['date']}</arg>
<arg>\\d{4}-\\d{2}-\\d{2}T\\d{2}:\\d{2}:\\d{2}\\.\\d{3}Z</arg>
<doc>Fails if ``string`` does not match ``pattern`` as a regular expression.</doc>
<status status="PASS" start="2024-05-25T02:26:19.349149" elapsed="0.000524"/>
</kw>
<kw name="Should Match Regexp" owner="BuiltIn">
<arg>${json_data['results'][0]['registered']['date']}</arg>
<arg>\\d{4}-\\d{2}-\\d{2}T\\d{2}:\\d{2}:\\d{2}\\.\\d{3}Z</arg>
<doc>Fails if ``string`` does not match ``pattern`` as a regular expression.</doc>
<status status="PASS" start="2024-05-25T02:26:19.349868" elapsed="0.000365"/>
</kw>
<kw name="Should Match Regexp" owner="BuiltIn">
<arg>${json_data['results'][0]['picture']['large']}</arg>
<arg>^https?://.*\.(?:png|jpe?g|gif|bmp)$</arg>
<doc>Fails if ``string`` does not match ``pattern`` as a regular expression.</doc>
<status status="PASS" start="2024-05-25T02:26:19.350420" elapsed="0.000459"/>
</kw>
<kw name="Should Match Regexp" owner="BuiltIn">
<arg>${json_data['results'][0]['picture']['medium']}</arg>
<arg>^https?://.*\.(?:png|jpe?g|gif|bmp)$</arg>
<doc>Fails if ``string`` does not match ``pattern`` as a regular expression.</doc>
<status status="PASS" start="2024-05-25T02:26:19.351069" elapsed="0.000361"/>
</kw>
<kw name="Should Match Regexp" owner="BuiltIn">
<arg>${json_data['results'][0]['picture']['thumbnail']}</arg>
<arg>^https?://.*\.(?:png|jpe?g|gif|bmp)$</arg>
<doc>Fails if ``string`` does not match ``pattern`` as a regular expression.</doc>
<status status="PASS" start="2024-05-25T02:26:19.351621" elapsed="0.000359"/>
</kw>
<kw name="Log" owner="BuiltIn">
<msg time="2024-05-25T02:26:19.352488" level="INFO">{'large': 'https://randomuser.me/api/portraits/women/31.jpg', 'medium': 'https://randomuser.me/api/portraits/med/women/31.jpg', 'thumbnail': 'https://randomuser.me/api/portraits/thumb/women/31.jpg'}</msg>
<arg>${json_data['results'][0]['picture']}</arg>
<doc>Logs the given message with the given level.</doc>
<status status="PASS" start="2024-05-25T02:26:19.352162" elapsed="0.000368"/>
</kw>
<status status="PASS" start="2024-05-25T02:26:19.309292" elapsed="0.043492"/>
</kw>
<kw name="Teste de Tipos de Dados - Postcode" owner="random-user-service">
<kw name="GET On Session" owner="RequestsLibrary">
<msg time="2024-05-25T02:26:19.445172" level="INFO">GET Request : url=https://randomuser.me/api 
 path_url=/api 
 headers={'User-Agent': 'python-requests/2.32.2', 'Accept-Encoding': 'gzip, deflate', 'Accept': '*/*', 'Connection': 'keep-alive'} 
 body=None 
 </msg>
<msg time="2024-05-25T02:26:19.445280" level="INFO">GET Response : url=https://randomuser.me/api 
 status=200, reason=OK 
 headers={'Date': 'Sat, 25 May 2024 02:26:19 GMT', 'Content-Type': 'application/json; charset=utf-8', 'Transfer-Encoding': 'chunked', 'Connection': 'keep-alive', 'X-Powered-By': 'Express', 'Access-Control-Allow-Origin': '*', 'Cache-Control': 'no-cache', 'ETag': 'W/"4a9-4OPLipVK9WYlELXpP0qO7GlG8RY"', 'Vary': 'Accept-Encoding', 'Content-Encoding': 'gzip', 'CF-Cache-Status': 'DYNAMIC', 'Report-To': '{"endpoints":[{"url":"https:\\/\\/a.nel.cloudflare.com\\/report\\/v4?s=gVdovTDPwtr2cBzimio%2BWz%2FgubHcwOgI0vqtFhb3fgrDZvh%2FeZYgqlJyiO17%2B3APoXRSC3361JfLgZbRJNWhe9s1nK1vDiObeNtugu9vP%2BE7C3oyMyVUSgx7uzry0s8P"}],"group":"cf-nel","max_age":604800}', 'NEL': '{"success_fraction":0,"report_to":"cf-nel","max_age":604800}', 'Server': 'cloudflare', 'CF-RAY': '88921476f84057ba-IAD', 'alt-svc': 'h3=":443"; ma=86400'} 
 body={"results":[{"gender":"female","name":{"title":"Mrs","first":"Socorro","last":"Gutiérrez"},"location":{"street":{"number":6283,"name":"Callejón Sur Pulido"},"city":"Tetela","state":"Veracruz","country":"Mexico","postcode":26606,"coordinates":{"latitude":"27.4124","longitude":"150.8506"},"timezone":{"offset":"+9:00","description":"Tokyo, Seoul, Osaka, Sapporo, Yakutsk"}},"email":"socorro.gutierrez@example.com","login":{"uuid":"e66ea3ee-20c4-4e96-a1a6-ff759b380601","username":"happywolf975","password":"park","salt":"aWp4Kx4h","md5":"f41c1f157ded277223d0a462b672ba7f","sha1":"b67e7ac487db18982747dd8d12a94689b2d36eed","sha256":"28fe90f299bc4d6c1be8f05416b6255644a3cab328d444f3d2065319dd6cf04a"},"dob":{"date":"1969-09-16T21:57:38.715Z","age":54},"registered":{"date":"2009-06-28T14:53:47.978Z","age":14},"phone":"(671) 504 0087","cell":"(637) 426 2625","id":{"name":"NSS","value":"95 29 88 1987 4"},"picture":{"large":"https://randomuser.me/api/portraits/women/56.jpg","medium":"https://randomuser.me/api/portraits/med/women/56.jpg","thumbnail":"https://randomuser.me/api/portraits/thumb/women/56.jpg"},"nat":"MX"}],"info":{"seed":"a34bdb2aa69ccad8","results":1,"page":1,"version":"1.4"}} 
 </msg>
<msg time="2024-05-25T02:26:19.445361" level="INFO">/opt/hostedtoolcache/Python/3.12.3/x64/lib/python3.12/site-packages/urllib3/connectionpool.py:1103: InsecureRequestWarning: Unverified HTTPS request is being made to host 'randomuser.me'. Adding certificate verification is strongly advised. See: https://urllib3.readthedocs.io/en/latest/advanced-usage.html#tls-warnings
  warnings.warn(</msg>
<msg time="2024-05-25T02:26:19.445558" level="INFO">${response} = &lt;Response [200]&gt;</msg>
<var>${response}</var>
<arg>consultarAPI</arg>
<arg>/api</arg>
<doc>Sends a GET request on a previously created HTTP Session.</doc>
<status status="PASS" start="2024-05-25T02:26:19.353216" elapsed="0.092390"/>
</kw>
<kw name="Set Variable" owner="BuiltIn">
<msg time="2024-05-25T02:26:19.446668" level="INFO">${json_data} = {'results': [{'gender': 'female', 'name': {'title': 'Mrs', 'first': 'Socorro', 'last': 'Gutiérrez'}, 'location': {'street': {'number': 6283, 'name': 'Callejón Sur Pulido'}, 'city': 'Tetela', 'state': ...</msg>
<var>${json_data}</var>
<arg>${response.json()}</arg>
<doc>Returns the given values which can then be assigned to a variables.</doc>
<status status="PASS" start="2024-05-25T02:26:19.446145" elapsed="0.000553"/>
</kw>
<kw name="Log" owner="BuiltIn">
<msg time="2024-05-25T02:26:19.447185" level="INFO">{'results': [{'gender': 'female', 'name': {'title': 'Mrs', 'first': 'Socorro', 'last': 'Gutiérrez'}, 'location': {'street': {'number': 6283, 'name': 'Callejón Sur Pulido'}, 'city': 'Tetela', 'state': 'Veracruz', 'country': 'Mexico', 'postcode': 26606, 'coordinates': {'latitude': '27.4124', 'longitude': '150.8506'}, 'timezone': {'offset': '+9:00', 'description': 'Tokyo, Seoul, Osaka, Sapporo, Yakutsk'}}, 'email': 'socorro.gutierrez@example.com', 'login': {'uuid': 'e66ea3ee-20c4-4e96-a1a6-ff759b380601', 'username': 'happywolf975', 'password': 'park', 'salt': 'aWp4Kx4h', 'md5': 'f41c1f157ded277223d0a462b672ba7f', 'sha1': 'b67e7ac487db18982747dd8d12a94689b2d36eed', 'sha256': '28fe90f299bc4d6c1be8f05416b6255644a3cab328d444f3d2065319dd6cf04a'}, 'dob': {'date': '1969-09-16T21:57:38.715Z', 'age': 54}, 'registered': {'date': '2009-06-28T14:53:47.978Z', 'age': 14}, 'phone': '(671) 504 0087', 'cell': '(637) 426 2625', 'id': {'name': 'NSS', 'value': '95 29 88 1987 4'}, 'picture': {'large': 'https://randomuser.me/api/portraits/women/56.jpg', 'medium': 'https://randomuser.me/api/portraits/med/women/56.jpg', 'thumbnail': 'https://randomuser.me/api/portraits/thumb/women/56.jpg'}, 'nat': 'MX'}], 'info': {'seed': 'a34bdb2aa69ccad8', 'results': 1, 'page': 1, 'version': '1.4'}}</msg>
<arg>${json_data}</arg>
<doc>Logs the given message with the given level.</doc>
<status status="PASS" start="2024-05-25T02:26:19.447022" elapsed="0.000252"/>
</kw>
<kw name="Should Be Equal As Numbers" owner="BuiltIn">
<arg>${json_data['results'][0]['location']['postcode']}</arg>
<arg>${json_data['results'][0]['location']['postcode']}</arg>
<doc>Fails if objects are unequal after converting them to real numbers.</doc>
<status status="PASS" start="2024-05-25T02:26:19.447582" elapsed="0.000631"/>
</kw>
<kw name="Log" owner="BuiltIn">
<msg time="2024-05-25T02:26:19.448741" level="INFO">26606</msg>
<arg>${json_data['results'][0]['location']['postcode']}</arg>
<doc>Logs the given message with the given level.</doc>
<status status="PASS" start="2024-05-25T02:26:19.448408" elapsed="0.000374"/>
</kw>
<status status="PASS" start="2024-05-25T02:26:19.352994" elapsed="0.096048"/>
</kw>
<doc>Testa se os tipos de dados na resposta da API estão corretos.</doc>
<tag>testeTiposDados</tag>
<status status="PASS" start="2024-05-25T02:26:19.308833" elapsed="0.140381"/>
</test>
<test id="s1-s1-t5" name="Validar conteudo" line="35">
<kw name="Teste de Tipos de Conteudo" owner="random-user-service">
<kw name="GET On Session" owner="RequestsLibrary">
<msg time="2024-05-25T02:26:19.544228" level="INFO">GET Request : url=https://randomuser.me/api 
 path_url=/api 
 headers={'User-Agent': 'python-requests/2.32.2', 'Accept-Encoding': 'gzip, deflate', 'Accept': '*/*', 'Connection': 'keep-alive'} 
 body=None 
 </msg>
<msg time="2024-05-25T02:26:19.544323" level="INFO">GET Response : url=https://randomuser.me/api 
 status=200, reason=OK 
 headers={'Date': 'Sat, 25 May 2024 02:26:19 GMT', 'Content-Type': 'application/json; charset=utf-8', 'Transfer-Encoding': 'chunked', 'Connection': 'keep-alive', 'X-Powered-By': 'Express', 'Access-Control-Allow-Origin': '*', 'Cache-Control': 'no-cache', 'ETag': 'W/"494-nok38nE7GEqADkJagcriikwDQFk"', 'Vary': 'Accept-Encoding', 'Content-Encoding': 'gzip', 'CF-Cache-Status': 'DYNAMIC', 'Report-To': '{"endpoints":[{"url":"https:\\/\\/a.nel.cloudflare.com\\/report\\/v4?s=IKF9H%2BdEKOMIUAC05SFtAFJ%2FD4PjPugUhtkEb5nz2c5RZAMz35m2hbPAK%2Bk5NQnXAczDhGbvwW0FTmIdHQJjNzxFOAEcaZVYVpl59uLQBzYYcuIxR482VZla50%2FP5Kfm"}],"group":"cf-nel","max_age":604800}', 'NEL': '{"success_fraction":0,"report_to":"cf-nel","max_age":604800}', 'Server': 'cloudflare', 'CF-RAY': '8892147798f357ba-IAD', 'alt-svc': 'h3=":443"; ma=86400'} 
 body={"results":[{"gender":"male","name":{"title":"Mr","first":"Zackary","last":"Brown"},"location":{"street":{"number":9749,"name":"Elgin St"},"city":"Belmont","state":"Nova Scotia","country":"Canada","postcode":"K5K 7G4","coordinates":{"latitude":"-64.6256","longitude":"-83.4790"},"timezone":{"offset":"0:00","description":"Western Europe Time, London, Lisbon, Casablanca"}},"email":"zackary.brown@example.com","login":{"uuid":"f27f717e-d362-4c41-a04c-5c11462b9271","username":"crazyrabbit389","password":"789789","salt":"2mzjXqfO","md5":"87a0737be04722a01688bb0686268b9b","sha1":"af704e0ddb6c839c2c02a0db0b190ef81ab02761","sha256":"a35c97c131c1ad8815ba38c4c617824c336d257baa39f7def5badd9054d5b739"},"dob":{"date":"1989-07-23T02:30:58.425Z","age":34},"registered":{"date":"2004-09-21T14:42:55.637Z","age":19},"phone":"G31 T51-4160","cell":"N05 I22-5122","id":{"name":"SIN","value":"955199146"},"picture":{"large":"https://randomuser.me/api/portraits/men/8.jpg","medium":"https://randomuser.me/api/portraits/med/men/8.jpg","thumbnail":"https://randomuser.me/api/portraits/thumb/men/8.jpg"},"nat":"CA"}],"info":{"seed":"99de9f91725bec9f","results":1,"page":1,"version":"1.4"}} 
 </msg>
<msg time="2024-05-25T02:26:19.544392" level="INFO">/opt/hostedtoolcache/Python/3.12.3/x64/lib/python3.12/site-packages/urllib3/connectionpool.py:1103: InsecureRequestWarning: Unverified HTTPS request is being made to host 'randomuser.me'. Adding certificate verification is strongly advised. See: https://urllib3.readthedocs.io/en/latest/advanced-usage.html#tls-warnings
  warnings.warn(</msg>
<msg time="2024-05-25T02:26:19.544535" level="INFO">${response} = &lt;Response [200]&gt;</msg>
<var>${response}</var>
<arg>consultarAPI</arg>
<arg>/api</arg>
<doc>Sends a GET request on a previously created HTTP Session.</doc>
<status status="PASS" start="2024-05-25T02:26:19.451714" elapsed="0.092865"/>
</kw>
<kw name="Set Variable" owner="BuiltIn">
<msg time="2024-05-25T02:26:19.545653" level="INFO">${json_data} = {'results': [{'gender': 'male', 'name': {'title': 'Mr', 'first': 'Zackary', 'last': 'Brown'}, 'location': {'street': {'number': 9749, 'name': 'Elgin St'}, 'city': 'Belmont', 'state': 'Nova Scotia', 'c...</msg>
<var>${json_data}</var>
<arg>${response.json()}</arg>
<doc>Returns the given values which can then be assigned to a variables.</doc>
<status status="PASS" start="2024-05-25T02:26:19.545099" elapsed="0.000584"/>
</kw>
<kw name="Set Variable" owner="BuiltIn">
<msg time="2024-05-25T02:26:19.546378" level="INFO">${name_title} = Mr</msg>
<var>${name_title}</var>
<arg>${json_data["results"][0]["name"]["title"]}</arg>
<doc>Returns the given values which can then be assigned to a variables.</doc>
<status status="PASS" start="2024-05-25T02:26:19.545994" elapsed="0.000410"/>
</kw>
<kw name="Create List" owner="BuiltIn">
<msg time="2024-05-25T02:26:19.546857" level="INFO">${allowed_titles} = ['Mr', 'Ms', 'Miss', 'Mrs', 'Madame', 'Monsieur']</msg>
<var>${allowed_titles}</var>
<arg>Mr</arg>
<arg>Ms</arg>
<arg>Miss</arg>
<arg>Mrs</arg>
<arg>Madame</arg>
<arg>Monsieur</arg>
<doc>Returns a list containing given items.</doc>
<status status="PASS" start="2024-05-25T02:26:19.546708" elapsed="0.000173"/>
</kw>
<kw name="List Should Contain Value" owner="Collections">
<msg time="2024-05-25T02:26:19.547367" level="INFO">False</msg>
<arg>${allowed_titles}</arg>
<arg>${name_title}</arg>
<doc>Fails if the ``value`` is not found from ``list``.</doc>
<status status="PASS" start="2024-05-25T02:26:19.547187" elapsed="0.000218"/>
</kw>
<kw name="Set Variable" owner="BuiltIn">
<msg time="2024-05-25T02:26:19.548271" level="INFO">${name_country} = CA</msg>
<var>${name_country}</var>
<arg>${json_data["results"][0]["nat"]}</arg>
<doc>Returns the given values which can then be assigned to a variables.</doc>
<status status="PASS" start="2024-05-25T02:26:19.547696" elapsed="0.000602"/>
</kw>
<kw name="Create List" owner="BuiltIn">
<msg time="2024-05-25T02:26:19.549208" level="INFO">${list_country} = ['AD', 'AE', 'AF', 'AG', 'AI', 'AL', 'AM', 'AO', 'AQ', 'AR', 'AS', 'AT', 'AU', 'AW', 'AX', 'AZ', 'BA', 'BB', 'BD', 'BE', 'BF', 'BG', 'BH', 'BI', 'BJ', 'BL', 'BM', 'BN', 'BO', 'BQ', 'BR', 'BS', 'BT', '...</msg>
<var>${list_country}</var>
<arg>AD</arg>
<arg>AE</arg>
<arg>AF</arg>
<arg>AG</arg>
<arg>AI</arg>
<arg>AL</arg>
<arg>AM</arg>
<arg>AO</arg>
<arg>AQ</arg>
<arg>AR</arg>
<arg>AS</arg>
<arg>AT</arg>
<arg>AU</arg>
<arg>AW</arg>
<arg>AX</arg>
<arg>AZ</arg>
<arg>BA</arg>
<arg>BB</arg>
<arg>BD</arg>
<arg>BE</arg>
<arg>BF</arg>
<arg>BG</arg>
<arg>BH</arg>
<arg>BI</arg>
<arg>BJ</arg>
<arg>BL</arg>
<arg>BM</arg>
<arg>BN</arg>
<arg>BO</arg>
<arg>BQ</arg>
<arg>BR</arg>
<arg>BS</arg>
<arg>BT</arg>
<arg>BV</arg>
<arg>BW</arg>
<arg>BY</arg>
<arg>BZ</arg>
<arg>CA</arg>
<arg>CC</arg>
<arg>CD</arg>
<arg>CF</arg>
<arg>CG</arg>
<arg>CH</arg>
<arg>CI</arg>
<arg>CK</arg>
<arg>CL</arg>
<arg>CM</arg>
<arg>CN</arg>
<arg>CO</arg>
<arg>CR</arg>
<arg>CU</arg>
<arg>CV</arg>
<arg>CW</arg>
<arg>CX</arg>
<arg>CY</arg>
<arg>CZ</arg>
<arg>DE</arg>
<arg>DJ</arg>
<arg>DK</arg>
<arg>DM</arg>
<arg>DO</arg>
<arg>DZ</arg>
<arg>EC</arg>
<arg>EE</arg>
<arg>EG</arg>
<arg>EH</arg>
<arg>ER</arg>
<arg>ES</arg>
<arg>ET</arg>
<arg>FI</arg>
<arg>FJ</arg>
<arg>FK</arg>
<arg>FM</arg>
<arg>FO</arg>
<arg>FR</arg>
<arg>GA</arg>
<arg>GB</arg>
<arg>GD</arg>
<arg>GE</arg>
<arg>GF</arg>
<arg>GG</arg>
<arg>GH</arg>
<arg>GI</arg>
<arg>GL</arg>
<arg>GM</arg>
<arg>GN</arg>
<arg>GP</arg>
<arg>GQ</arg>
<arg>GR</arg>
<arg>GS</arg>
<arg>GT</arg>
<arg>GU</arg>
<arg>GW</arg>
<arg>GY</arg>
<arg>HK</arg>
<arg>HM</arg>
<arg>HN</arg>
<arg>HR</arg>
<arg>HT</arg>
<arg>HU</arg>
<arg>ID</arg>
<arg>IE</arg>
<arg>IL</arg>
<arg>IM</arg>
<arg>IN</arg>
<arg>IO</arg>
<arg>IQ</arg>
<arg>IR</arg>
<arg>IS</arg>
<arg>IT</arg>
<arg>JE</arg>
<arg>JM</arg>
<arg>JO</arg>
<arg>JP</arg>
<arg>KE</arg>
<arg>KG</arg>
<arg>KH</arg>
<arg>KI</arg>
<arg>KM</arg>
<arg>KN</arg>
<arg>KP</arg>
<arg>KR</arg>
<arg>KW</arg>
<arg>KY</arg>
<arg>KZ</arg>
<arg>LA</arg>
<arg>LB</arg>
<arg>LC</arg>
<arg>LI</arg>
<arg>LK</arg>
<arg>LR</arg>
<arg>LS</arg>
<arg>LT</arg>
<arg>LU</arg>
<arg>LV</arg>
<arg>LY</arg>
<arg>MA</arg>
<arg>MC</arg>
<arg>MD</arg>
<arg>ME</arg>
<arg>MF</arg>
<arg>MG</arg>
<arg>MH</arg>
<arg>MK</arg>
<arg>ML</arg>
<arg>MM</arg>
<arg>MN</arg>
<arg>MO</arg>
<arg>MP</arg>
<arg>MQ</arg>
<arg>MR</arg>
<arg>MS</arg>
<arg>MT</arg>
<arg>MU</arg>
<arg>MV</arg>
<arg>MW</arg>
<arg>MX</arg>
<arg>MY</arg>
<arg>MZ</arg>
<arg>NA</arg>
<arg>NC</arg>
<arg>NE</arg>
<arg>NF</arg>
<arg>NG</arg>
<arg>NI</arg>
<arg>NL</arg>
<arg>NO</arg>
<arg>NP</arg>
<arg>NR</arg>
<arg>NU</arg>
<arg>NZ</arg>
<arg>OM</arg>
<arg>PA</arg>
<arg>PE</arg>
<arg>PF</arg>
<arg>PG</arg>
<arg>PH</arg>
<arg>PK</arg>
<arg>PL</arg>
<arg>PM</arg>
<arg>PN</arg>
<arg>PR</arg>
<arg>PS</arg>
<arg>PT</arg>
<arg>PW</arg>
<arg>PY</arg>
<arg>QA</arg>
<arg>RE</arg>
<arg>RO</arg>
<arg>RS</arg>
<arg>RU</arg>
<arg>RW</arg>
<arg>SA</arg>
<arg>SB</arg>
<arg>SC</arg>
<arg>SD</arg>
<arg>SE</arg>
<arg>SG</arg>
<arg>SH</arg>
<arg>SI</arg>
<arg>SJ</arg>
<arg>SK</arg>
<arg>SL</arg>
<arg>SM</arg>
<arg>SN</arg>
<arg>SO</arg>
<arg>SR</arg>
<arg>SS</arg>
<arg>ST</arg>
<arg>SV</arg>
<arg>SX</arg>
<arg>SY</arg>
<arg>SZ</arg>
<arg>TC</arg>
<arg>TD</arg>
<arg>TF</arg>
<arg>TG</arg>
<arg>TH</arg>
<arg>TJ</arg>
<arg>TK</arg>
<arg>TL</arg>
<arg>TM</arg>
<arg>TN</arg>
<arg>TO</arg>
<arg>TR</arg>
<arg>TT</arg>
<arg>TV</arg>
<arg>TW</arg>
<arg>TZ</arg>
<arg>UA</arg>
<arg>UG</arg>
<arg>UM</arg>
<arg>US</arg>
<arg>UY</arg>
<arg>UZ</arg>
<arg>VA</arg>
<arg>VC</arg>
<arg>VE</arg>
<arg>VG</arg>
<arg>VI</arg>
<arg>VN</arg>
<arg>VU</arg>
<arg>WF</arg>
<arg>WS</arg>
<arg>XK</arg>
<arg>YE</arg>
<arg>YT</arg>
<arg>ZA</arg>
<arg>ZM</arg>
<arg>ZW</arg>
<doc>Returns a list containing given items.</doc>
<status status="PASS" start="2024-05-25T02:26:19.548610" elapsed="0.000624"/>
</kw>
<kw name="List Should Contain Value" owner="Collections">
<msg time="2024-05-25T02:26:19.550257" level="INFO">False</msg>
<arg>${list_country}</arg>
<arg>${name_country}</arg>
<doc>Fails if the ``value`` is not found from ``list``.</doc>
<status status="PASS" start="2024-05-25T02:26:19.550052" elapsed="0.000241"/>
</kw>
<kw name="Run Keyword If" owner="BuiltIn">
<kw name="Should Be True" owner="BuiltIn">
<arg>${True}</arg>
<doc>Fails if the given condition is not true.</doc>
<status status="PASS" start="2024-05-25T02:26:19.551373" elapsed="0.000146"/>
</kw>
<arg>${json_data["results"][0]["location"]["coordinates"]["latitude"]} &gt;= -90 and ${json_data["results"][0]["location"]["coordinates"]["latitude"]} &lt;= 90</arg>
<arg>Should Be True</arg>
<arg>${True}</arg>
<doc>Runs the given keyword with the given arguments, if ``condition`` is true.</doc>
<status status="PASS" start="2024-05-25T02:26:19.550607" elapsed="0.001040"/>
</kw>
<kw name="Run Keyword If" owner="BuiltIn">
<kw name="Should Be True" owner="BuiltIn">
<arg>${True}</arg>
<doc>Fails if the given condition is not true.</doc>
<status status="PASS" start="2024-05-25T02:26:19.552546" elapsed="0.000142"/>
</kw>
<arg>${json_data["results"][0]["location"]["coordinates"]["longitude"]} &gt;= -180 and ${json_data["results"][0]["location"]["coordinates"]["longitude"]} &lt;= 180</arg>
<arg>Should Be True</arg>
<arg>${True}</arg>
<doc>Runs the given keyword with the given arguments, if ``condition`` is true.</doc>
<status status="PASS" start="2024-05-25T02:26:19.551833" elapsed="0.000980"/>
</kw>
<status status="PASS" start="2024-05-25T02:26:19.451476" elapsed="0.101469"/>
</kw>
<doc>Testa o conteúdo específico dos campos retornados pela API.</doc>
<tag>testeConteudo</tag>
<status status="PASS" start="2024-05-25T02:26:19.451006" elapsed="0.102095"/>
</test>
<status status="PASS" start="2024-05-25T02:26:18.612957" elapsed="0.942127"/>
</suite>
<status status="PASS" start="2024-05-25T02:26:18.599491" elapsed="0.960737"/>
</suite>
<statistics>
<total>
<stat pass="5" fail="0" skip="0">All Tests</stat>
</total>
<tag>
<stat pass="1" fail="0" skip="0">testeConteudo</stat>
<stat pass="1" fail="0" skip="0">testeEstruturaResposta</stat>
<stat pass="1" fail="0" skip="0">testeRequisicaoBasica</stat>
<stat pass="1" fail="0" skip="0">testeTiposDados</stat>
</tag>
<suite>
<stat pass="5" fail="0" skip="0" id="s1" name="Tests">Tests</stat>
<stat pass="5" fail="0" skip="0" id="s1-s1" name="Random-User-Test">Tests.Random-User-Test</stat>
</suite>
</statistics>
<errors>
</errors>
</robot>
