<?xml version="1.0" encoding="UTF-8"?>
<robot generator="Robot 7.0.1 (Python 3.12.3 on linux)" generated="2024-06-15T12:27:00.269497" rpa="false" schemaversion="5">
<suite id="s1" name="Tests" source="/home/runner/work/ApiRandomUser/ApiRandomUser/RamdonUser/tests">
<suite id="s1-s1" name="Random-User-Test" source="/home/runner/work/ApiRandomUser/ApiRandomUser/RamdonUser/tests/random-user-test.robot">
<test id="s1-s1-t1" name="Conectar" line="13">
<kw name="Conectar API" owner="random-user-service">
<kw name="Create Session" owner="RequestsLibrary">
<msg time="2024-06-15T12:27:00.687849" level="INFO">Creating Session using : alias=consultarAPI, url=https://randomuser.me/, headers={},                     cookies={}, auth=None, timeout=None, proxies=None, verify=False,                     debug=0 </msg>
<arg>consultarAPI</arg>
<arg>${URL}</arg>
<doc>Create Session: create a HTTP session to a server</doc>
<status status="PASS" start="2024-06-15T12:27:00.687651" elapsed="0.000378"/>
</kw>
<status status="PASS" start="2024-06-15T12:27:00.686606" elapsed="0.001814"/>
</kw>
<status status="PASS" start="2024-06-15T12:27:00.686077" elapsed="0.002536"/>
</test>
<test id="s1-s1-t2" name="Validar retorno 200 e JSON Válido" line="16">
<kw name="Teste de Requisicao Basica" owner="random-user-service">
<kw name="GET On Session" owner="RequestsLibrary">
<msg time="2024-06-15T12:27:00.779039" level="INFO">GET Request : url=https://randomuser.me/api 
 path_url=/api 
 headers={'User-Agent': 'python-requests/2.32.3', 'Accept-Encoding': 'gzip, deflate', 'Accept': '*/*', 'Connection': 'keep-alive'} 
 body=None 
 </msg>
<msg time="2024-06-15T12:27:00.779232" level="INFO">GET Response : url=https://randomuser.me/api 
 status=200, reason=OK 
 headers={'Date': 'Sat, 15 Jun 2024 12:27:00 GMT', 'Content-Type': 'application/json; charset=utf-8', 'Transfer-Encoding': 'chunked', 'Connection': 'keep-alive', 'X-Powered-By': 'Express', 'Access-Control-Allow-Origin': '*', 'Cache-Control': 'no-cache', 'ETag': 'W/"47d-g8RGDB9nSQgtRRkwfFJvUhl9ytM"', 'Vary': 'Accept-Encoding', 'Content-Encoding': 'gzip', 'CF-Cache-Status': 'DYNAMIC', 'Report-To': '{"endpoints":[{"url":"https:\\/\\/a.nel.cloudflare.com\\/report\\/v4?s=aP6vooTcDfgtlAF9zrJEmX4hy%2Fn6hbdY5sjDSqaxszv3HA2W%2FfVIWbJn0ANya%2FQP%2Fw4TGMkxluDo%2Fes6dmExWyaHhCfTYACpm%2FABOAFwDky%2FCkBbps38pHCAvlsFqS%2FX"}],"group":"cf-nel","max_age":604800}', 'NEL': '{"success_fraction":0,"report_to":"cf-nel","max_age":604800}', 'Server': 'cloudflare', 'CF-RAY': '89428d418dc30623-IAD', 'alt-svc': 'h3=":443"; ma=86400'} 
 body={"results":[{"gender":"female","name":{"title":"Mrs","first":"Vera","last":"Løver"},"location":{"street":{"number":9327,"name":"Nordengstubben"},"city":"Soknedal","state":"Akershus","country":"Norway","postcode":"3891","coordinates":{"latitude":"45.2492","longitude":"71.3769"},"timezone":{"offset":"-8:00","description":"Pacific Time (US &amp; Canada)"}},"email":"vera.lover@example.com","login":{"uuid":"f862e9c0-93ba-4c0c-8535-d1501a53cbef","username":"greenswan163","password":"cessna","salt":"mTPWbWWv","md5":"3d31f5fc8ae241279a5324e6596071ee","sha1":"a5d4d55c10de3460c4ffeca41a4785fe6b9856c0","sha256":"f54e1317bfcad757ab9785114dff352ddfe79ae1705ee11a4578cb63597c2aeb"},"dob":{"date":"1962-09-02T23:16:18.699Z","age":61},"registered":{"date":"2002-08-28T13:36:22.597Z","age":21},"phone":"63177895","cell":"48696408","id":{"name":"FN","value":"02096245028"},"picture":{"large":"https://randomuser.me/api/portraits/women/11.jpg","medium":"https://randomuser.me/api/portraits/med/women/11.jpg","thumbnail":"https://randomuser.me/api/portraits/thumb/women/11.jpg"},"nat":"NO"}],"info":{"seed":"f9c64ee0f9ea09fb","results":1,"page":1,"version":"1.4"}} 
 </msg>
<msg time="2024-06-15T12:27:00.779358" level="INFO">/opt/hostedtoolcache/Python/3.12.3/x64/lib/python3.12/site-packages/urllib3/connectionpool.py:1103: InsecureRequestWarning: Unverified HTTPS request is being made to host 'randomuser.me'. Adding certificate verification is strongly advised. See: https://urllib3.readthedocs.io/en/latest/advanced-usage.html#tls-warnings
  warnings.warn(</msg>
<msg time="2024-06-15T12:27:00.779516" level="INFO">${response} = &lt;Response [200]&gt;</msg>
<var>${response}</var>
<arg>consultarAPI</arg>
<arg>/api</arg>
<doc>Sends a GET request on a previously created HTTP Session.</doc>
<status status="PASS" start="2024-06-15T12:27:00.691244" elapsed="0.088314"/>
</kw>
<kw name="Should Be Equal As Numbers" owner="BuiltIn">
<msg time="2024-06-15T12:27:00.780514" level="INFO">Argument types are:
&lt;class 'int'&gt;
&lt;class 'str'&gt;</msg>
<arg>${response.status_code}</arg>
<arg>200</arg>
<doc>Fails if objects are unequal after converting them to real numbers.</doc>
<status status="PASS" start="2024-06-15T12:27:00.780028" elapsed="0.000554"/>
</kw>
<kw name="Log" owner="BuiltIn">
<msg time="2024-06-15T12:27:00.781267" level="INFO">200</msg>
<arg>${response.status_code}</arg>
<doc>Logs the given message with the given level.</doc>
<status status="PASS" start="2024-06-15T12:27:00.780920" elapsed="0.000396"/>
</kw>
<kw name="Set Variable" owner="BuiltIn">
<msg time="2024-06-15T12:27:00.782071" level="INFO">${json_data} = {'results': [{'gender': 'female', 'name': {'title': 'Mrs', 'first': 'Vera', 'last': 'Løver'}, 'location': {'street': {'number': 9327, 'name': 'Nordengstubben'}, 'city': 'Soknedal', 'state': 'Akershus'...</msg>
<var>${json_data}</var>
<arg>${response.json()}</arg>
<doc>Returns the given values which can then be assigned to a variables.</doc>
<status status="PASS" start="2024-06-15T12:27:00.781629" elapsed="0.000473"/>
</kw>
<kw name="Dictionary Should Contain Key" owner="Collections">
<arg>${json_data}</arg>
<arg>results</arg>
<doc>Fails if ``key`` is not found from ``dictionary``.</doc>
<status status="PASS" start="2024-06-15T12:27:00.782408" elapsed="0.000166"/>
</kw>
<status status="PASS" start="2024-06-15T12:27:00.690997" elapsed="0.091726"/>
</kw>
<doc>Testa se a API responde corretamente e retorna um objeto JSON válido.</doc>
<tag>testeRequisicaoBasica</tag>
<status status="PASS" start="2024-06-15T12:27:00.690523" elapsed="0.092374"/>
</test>
<test id="s1-s1-t3" name="Validar estrutura de resposta" line="22">
<kw name="Teste de Estrutura de Resposta" owner="random-user-service">
<kw name="GET On Session" owner="RequestsLibrary">
<msg time="2024-06-15T12:27:00.927777" level="INFO">GET Request : url=https://randomuser.me/api 
 path_url=/api 
 headers={'User-Agent': 'python-requests/2.32.3', 'Accept-Encoding': 'gzip, deflate', 'Accept': '*/*', 'Connection': 'keep-alive'} 
 body=None 
 </msg>
<msg time="2024-06-15T12:27:00.927871" level="INFO">GET Response : url=https://randomuser.me/api 
 status=200, reason=OK 
 headers={'Date': 'Sat, 15 Jun 2024 12:27:00 GMT', 'Content-Type': 'application/json; charset=utf-8', 'Transfer-Encoding': 'chunked', 'Connection': 'keep-alive', 'X-Powered-By': 'Express', 'Access-Control-Allow-Origin': '*', 'Cache-Control': 'no-cache', 'ETag': 'W/"499-SzQurou0erTtCGhHp13o+Qb/joM"', 'Vary': 'Accept-Encoding', 'Content-Encoding': 'gzip', 'CF-Cache-Status': 'DYNAMIC', 'Report-To': '{"endpoints":[{"url":"https:\\/\\/a.nel.cloudflare.com\\/report\\/v4?s=b8frUIeF8MctFlFjCHS7PiWmXYteicyXitZMd4Sa9pPO7hMSLPWHQ36nitLnB89QSS6nADyUFHNVGWs7JTUPDYySPUM1SJ8NFJgYXRBVcE7VdiPG8Xp6aqVHRNq6QQpg"}],"group":"cf-nel","max_age":604800}', 'NEL': '{"success_fraction":0,"report_to":"cf-nel","max_age":604800}', 'Server': 'cloudflare', 'CF-RAY': '89428d41ee0e0623-IAD', 'alt-svc': 'h3=":443"; ma=86400'} 
 body={"results":[{"gender":"male","name":{"title":"Monsieur","first":"Alexandre","last":"Laurent"},"location":{"street":{"number":9269,"name":"Rue de L'Abbé-Gillet"},"city":"Salmsach","state":"Glarus","country":"Switzerland","postcode":8144,"coordinates":{"latitude":"-63.6924","longitude":"-52.7738"},"timezone":{"offset":"-11:00","description":"Midway Island, Samoa"}},"email":"alexandre.laurent@example.com","login":{"uuid":"070e8c57-494b-490a-831f-fbf0c921af27","username":"bigzebra976","password":"christin","salt":"tLrRLdPs","md5":"5a063d09bd8eae756ad3fa4c85522cef","sha1":"f9a8690907ddcf4593dd53d1d4cbdb1106a1f1a9","sha256":"b2f7a6a71de462451608e552634c9910aca3d2c2a03fb8eaa4db493ddf89f07b"},"dob":{"date":"1986-02-12T18:49:46.951Z","age":38},"registered":{"date":"2021-12-29T12:30:57.170Z","age":2},"phone":"077 116 91 42","cell":"076 768 50 05","id":{"name":"AVS","value":"756.3083.5838.16"},"picture":{"large":"https://randomuser.me/api/portraits/men/6.jpg","medium":"https://randomuser.me/api/portraits/med/men/6.jpg","thumbnail":"https://randomuser.me/api/portraits/thumb/men/6.jpg"},"nat":"CH"}],"info":{"seed":"4e58bd74117593ea","results":1,"page":1,"version":"1.4"}} 
 </msg>
<msg time="2024-06-15T12:27:00.928019" level="INFO">/opt/hostedtoolcache/Python/3.12.3/x64/lib/python3.12/site-packages/urllib3/connectionpool.py:1103: InsecureRequestWarning: Unverified HTTPS request is being made to host 'randomuser.me'. Adding certificate verification is strongly advised. See: https://urllib3.readthedocs.io/en/latest/advanced-usage.html#tls-warnings
  warnings.warn(</msg>
<msg time="2024-06-15T12:27:00.928149" level="INFO">${response} = &lt;Response [200]&gt;</msg>
<var>${response}</var>
<arg>consultarAPI</arg>
<arg>/api</arg>
<doc>Sends a GET request on a previously created HTTP Session.</doc>
<status status="PASS" start="2024-06-15T12:27:00.785584" elapsed="0.142616"/>
</kw>
<kw name="Set Variable" owner="BuiltIn">
<msg time="2024-06-15T12:27:00.929153" level="INFO">${json_data} = {'results': [{'gender': 'male', 'name': {'title': 'Monsieur', 'first': 'Alexandre', 'last': 'Laurent'}, 'location': {'street': {'number': 9269, 'name': "Rue de L'Abbé-Gillet"}, 'city': 'Salmsach', 'st...</msg>
<var>${json_data}</var>
<arg>${response.json()}</arg>
<doc>Returns the given values which can then be assigned to a variables.</doc>
<status status="PASS" start="2024-06-15T12:27:00.928680" elapsed="0.000505"/>
</kw>
<kw name="Log" owner="BuiltIn">
<msg time="2024-06-15T12:27:00.929671" level="INFO">{'results': [{'gender': 'male', 'name': {'title': 'Monsieur', 'first': 'Alexandre', 'last': 'Laurent'}, 'location': {'street': {'number': 9269, 'name': "Rue de L'Abbé-Gillet"}, 'city': 'Salmsach', 'state': 'Glarus', 'country': 'Switzerland', 'postcode': 8144, 'coordinates': {'latitude': '-63.6924', 'longitude': '-52.7738'}, 'timezone': {'offset': '-11:00', 'description': 'Midway Island, Samoa'}}, 'email': 'alexandre.laurent@example.com', 'login': {'uuid': '070e8c57-494b-490a-831f-fbf0c921af27', 'username': 'bigzebra976', 'password': 'christin', 'salt': 'tLrRLdPs', 'md5': '5a063d09bd8eae756ad3fa4c85522cef', 'sha1': 'f9a8690907ddcf4593dd53d1d4cbdb1106a1f1a9', 'sha256': 'b2f7a6a71de462451608e552634c9910aca3d2c2a03fb8eaa4db493ddf89f07b'}, 'dob': {'date': '1986-02-12T18:49:46.951Z', 'age': 38}, 'registered': {'date': '2021-12-29T12:30:57.170Z', 'age': 2}, 'phone': '077 116 91 42', 'cell': '076 768 50 05', 'id': {'name': 'AVS', 'value': '756.3083.5838.16'}, 'picture': {'large': 'https://randomuser.me/api/portraits/men/6.jpg', 'medium': 'https://randomuser.me/api/portraits/med/men/6.jpg', 'thumbnail': 'https://randomuser.me/api/portraits/thumb/men/6.jpg'}, 'nat': 'CH'}], 'info': {'seed': '4e58bd74117593ea', 'results': 1, 'page': 1, 'version': '1.4'}}</msg>
<arg>${json_data}</arg>
<doc>Logs the given message with the given level.</doc>
<status status="PASS" start="2024-06-15T12:27:00.929500" elapsed="0.000225"/>
</kw>
<kw name="Dictionary Should Contain Key" owner="Collections">
<arg>${json_data}</arg>
<arg>results</arg>
<doc>Fails if ``key`` is not found from ``dictionary``.</doc>
<status status="PASS" start="2024-06-15T12:27:00.930029" elapsed="0.000162"/>
</kw>
<kw name="Should Not Be Empty" owner="BuiltIn">
<msg time="2024-06-15T12:27:00.930511" level="INFO">Length is 2.</msg>
<arg>${json_data}</arg>
<doc>Verifies that the given item is not empty.</doc>
<status status="PASS" start="2024-06-15T12:27:00.930383" elapsed="0.000168"/>
</kw>
<kw name="Create List" owner="BuiltIn">
<msg time="2024-06-15T12:27:00.930997" level="INFO">${expected_keys} = ['gender', 'name', 'location', 'email', 'login']</msg>
<var>${expected_keys}</var>
<arg>gender</arg>
<arg>name</arg>
<arg>location</arg>
<arg>email</arg>
<arg>login</arg>
<doc>Returns a list containing given items.</doc>
<status status="PASS" start="2024-06-15T12:27:00.930844" elapsed="0.000178"/>
</kw>
<for flavor="IN">
<iter>
<kw name="Dictionary Should Contain Key" owner="Collections">
<arg>${json_data['results'][0]}</arg>
<arg>${key}</arg>
<doc>Fails if ``key`` is not found from ``dictionary``.</doc>
<status status="PASS" start="2024-06-15T12:27:00.931605" elapsed="0.000407"/>
</kw>
<kw name="Log" owner="BuiltIn">
<msg time="2024-06-15T12:27:00.932605" level="INFO">{'gender': 'male', 'name': {'title': 'Monsieur', 'first': 'Alexandre', 'last': 'Laurent'}, 'location': {'street': {'number': 9269, 'name': "Rue de L'Abbé-Gillet"}, 'city': 'Salmsach', 'state': 'Glarus', 'country': 'Switzerland', 'postcode': 8144, 'coordinates': {'latitude': '-63.6924', 'longitude': '-52.7738'}, 'timezone': {'offset': '-11:00', 'description': 'Midway Island, Samoa'}}, 'email': 'alexandre.laurent@example.com', 'login': {'uuid': '070e8c57-494b-490a-831f-fbf0c921af27', 'username': 'bigzebra976', 'password': 'christin', 'salt': 'tLrRLdPs', 'md5': '5a063d09bd8eae756ad3fa4c85522cef', 'sha1': 'f9a8690907ddcf4593dd53d1d4cbdb1106a1f1a9', 'sha256': 'b2f7a6a71de462451608e552634c9910aca3d2c2a03fb8eaa4db493ddf89f07b'}, 'dob': {'date': '1986-02-12T18:49:46.951Z', 'age': 38}, 'registered': {'date': '2021-12-29T12:30:57.170Z', 'age': 2}, 'phone': '077 116 91 42', 'cell': '076 768 50 05', 'id': {'name': 'AVS', 'value': '756.3083.5838.16'}, 'picture': {'large': 'https://randomuser.me/api/portraits/men/6.jpg', 'medium': 'https://randomuser.me/api/portraits/med/men/6.jpg', 'thumbnail': 'https://randomuser.me/api/portraits/thumb/men/6.jpg'}, 'nat': 'CH'}</msg>
<arg>${json_data['results'][0]}</arg>
<doc>Logs the given message with the given level.</doc>
<status status="PASS" start="2024-06-15T12:27:00.932207" elapsed="0.000451"/>
</kw>
<kw name="Log" owner="BuiltIn">
<msg time="2024-06-15T12:27:00.933090" level="INFO">gender</msg>
<arg>${key}</arg>
<doc>Logs the given message with the given level.</doc>
<status status="PASS" start="2024-06-15T12:27:00.932961" elapsed="0.000169"/>
</kw>
<var name="${key}">gender</var>
<status status="PASS" start="2024-06-15T12:27:00.931480" elapsed="0.001880"/>
</iter>
<iter>
<kw name="Dictionary Should Contain Key" owner="Collections">
<arg>${json_data['results'][0]}</arg>
<arg>${key}</arg>
<doc>Fails if ``key`` is not found from ``dictionary``.</doc>
<status status="PASS" start="2024-06-15T12:27:00.933664" elapsed="0.000414"/>
</kw>
<kw name="Log" owner="BuiltIn">
<msg time="2024-06-15T12:27:00.934613" level="INFO">{'gender': 'male', 'name': {'title': 'Monsieur', 'first': 'Alexandre', 'last': 'Laurent'}, 'location': {'street': {'number': 9269, 'name': "Rue de L'Abbé-Gillet"}, 'city': 'Salmsach', 'state': 'Glarus', 'country': 'Switzerland', 'postcode': 8144, 'coordinates': {'latitude': '-63.6924', 'longitude': '-52.7738'}, 'timezone': {'offset': '-11:00', 'description': 'Midway Island, Samoa'}}, 'email': 'alexandre.laurent@example.com', 'login': {'uuid': '070e8c57-494b-490a-831f-fbf0c921af27', 'username': 'bigzebra976', 'password': 'christin', 'salt': 'tLrRLdPs', 'md5': '5a063d09bd8eae756ad3fa4c85522cef', 'sha1': 'f9a8690907ddcf4593dd53d1d4cbdb1106a1f1a9', 'sha256': 'b2f7a6a71de462451608e552634c9910aca3d2c2a03fb8eaa4db493ddf89f07b'}, 'dob': {'date': '1986-02-12T18:49:46.951Z', 'age': 38}, 'registered': {'date': '2021-12-29T12:30:57.170Z', 'age': 2}, 'phone': '077 116 91 42', 'cell': '076 768 50 05', 'id': {'name': 'AVS', 'value': '756.3083.5838.16'}, 'picture': {'large': 'https://randomuser.me/api/portraits/men/6.jpg', 'medium': 'https://randomuser.me/api/portraits/med/men/6.jpg', 'thumbnail': 'https://randomuser.me/api/portraits/thumb/men/6.jpg'}, 'nat': 'CH'}</msg>
<arg>${json_data['results'][0]}</arg>
<doc>Logs the given message with the given level.</doc>
<status status="PASS" start="2024-06-15T12:27:00.934263" elapsed="0.000442"/>
</kw>
<kw name="Log" owner="BuiltIn">
<msg time="2024-06-15T12:27:00.935152" level="INFO">name</msg>
<arg>${key}</arg>
<doc>Logs the given message with the given level.</doc>
<status status="PASS" start="2024-06-15T12:27:00.935018" elapsed="0.000175"/>
</kw>
<var name="${key}">name</var>
<status status="PASS" start="2024-06-15T12:27:00.933550" elapsed="0.001864"/>
</iter>
<iter>
<kw name="Dictionary Should Contain Key" owner="Collections">
<arg>${json_data['results'][0]}</arg>
<arg>${key}</arg>
<doc>Fails if ``key`` is not found from ``dictionary``.</doc>
<status status="PASS" start="2024-06-15T12:27:00.935707" elapsed="0.000389"/>
</kw>
<kw name="Log" owner="BuiltIn">
<msg time="2024-06-15T12:27:00.936670" level="INFO">{'gender': 'male', 'name': {'title': 'Monsieur', 'first': 'Alexandre', 'last': 'Laurent'}, 'location': {'street': {'number': 9269, 'name': "Rue de L'Abbé-Gillet"}, 'city': 'Salmsach', 'state': 'Glarus', 'country': 'Switzerland', 'postcode': 8144, 'coordinates': {'latitude': '-63.6924', 'longitude': '-52.7738'}, 'timezone': {'offset': '-11:00', 'description': 'Midway Island, Samoa'}}, 'email': 'alexandre.laurent@example.com', 'login': {'uuid': '070e8c57-494b-490a-831f-fbf0c921af27', 'username': 'bigzebra976', 'password': 'christin', 'salt': 'tLrRLdPs', 'md5': '5a063d09bd8eae756ad3fa4c85522cef', 'sha1': 'f9a8690907ddcf4593dd53d1d4cbdb1106a1f1a9', 'sha256': 'b2f7a6a71de462451608e552634c9910aca3d2c2a03fb8eaa4db493ddf89f07b'}, 'dob': {'date': '1986-02-12T18:49:46.951Z', 'age': 38}, 'registered': {'date': '2021-12-29T12:30:57.170Z', 'age': 2}, 'phone': '077 116 91 42', 'cell': '076 768 50 05', 'id': {'name': 'AVS', 'value': '756.3083.5838.16'}, 'picture': {'large': 'https://randomuser.me/api/portraits/men/6.jpg', 'medium': 'https://randomuser.me/api/portraits/med/men/6.jpg', 'thumbnail': 'https://randomuser.me/api/portraits/thumb/men/6.jpg'}, 'nat': 'CH'}</msg>
<arg>${json_data['results'][0]}</arg>
<doc>Logs the given message with the given level.</doc>
<status status="PASS" start="2024-06-15T12:27:00.936286" elapsed="0.000435"/>
</kw>
<kw name="Log" owner="BuiltIn">
<msg time="2024-06-15T12:27:00.937147" level="INFO">location</msg>
<arg>${key}</arg>
<doc>Logs the given message with the given level.</doc>
<status status="PASS" start="2024-06-15T12:27:00.937020" elapsed="0.000165"/>
</kw>
<var name="${key}">location</var>
<status status="PASS" start="2024-06-15T12:27:00.935595" elapsed="0.001813"/>
</iter>
<iter>
<kw name="Dictionary Should Contain Key" owner="Collections">
<arg>${json_data['results'][0]}</arg>
<arg>${key}</arg>
<doc>Fails if ``key`` is not found from ``dictionary``.</doc>
<status status="PASS" start="2024-06-15T12:27:00.937689" elapsed="0.000378"/>
</kw>
<kw name="Log" owner="BuiltIn">
<msg time="2024-06-15T12:27:00.938607" level="INFO">{'gender': 'male', 'name': {'title': 'Monsieur', 'first': 'Alexandre', 'last': 'Laurent'}, 'location': {'street': {'number': 9269, 'name': "Rue de L'Abbé-Gillet"}, 'city': 'Salmsach', 'state': 'Glarus', 'country': 'Switzerland', 'postcode': 8144, 'coordinates': {'latitude': '-63.6924', 'longitude': '-52.7738'}, 'timezone': {'offset': '-11:00', 'description': 'Midway Island, Samoa'}}, 'email': 'alexandre.laurent@example.com', 'login': {'uuid': '070e8c57-494b-490a-831f-fbf0c921af27', 'username': 'bigzebra976', 'password': 'christin', 'salt': 'tLrRLdPs', 'md5': '5a063d09bd8eae756ad3fa4c85522cef', 'sha1': 'f9a8690907ddcf4593dd53d1d4cbdb1106a1f1a9', 'sha256': 'b2f7a6a71de462451608e552634c9910aca3d2c2a03fb8eaa4db493ddf89f07b'}, 'dob': {'date': '1986-02-12T18:49:46.951Z', 'age': 38}, 'registered': {'date': '2021-12-29T12:30:57.170Z', 'age': 2}, 'phone': '077 116 91 42', 'cell': '076 768 50 05', 'id': {'name': 'AVS', 'value': '756.3083.5838.16'}, 'picture': {'large': 'https://randomuser.me/api/portraits/men/6.jpg', 'medium': 'https://randomuser.me/api/portraits/med/men/6.jpg', 'thumbnail': 'https://randomuser.me/api/portraits/thumb/men/6.jpg'}, 'nat': 'CH'}</msg>
<arg>${json_data['results'][0]}</arg>
<doc>Logs the given message with the given level.</doc>
<status status="PASS" start="2024-06-15T12:27:00.938249" elapsed="0.000408"/>
</kw>
<kw name="Log" owner="BuiltIn">
<msg time="2024-06-15T12:27:00.939083" level="INFO">email</msg>
<arg>${key}</arg>
<doc>Logs the given message with the given level.</doc>
<status status="PASS" start="2024-06-15T12:27:00.938954" elapsed="0.000180"/>
</kw>
<var name="${key}">email</var>
<status status="PASS" start="2024-06-15T12:27:00.937582" elapsed="0.001770"/>
</iter>
<iter>
<kw name="Dictionary Should Contain Key" owner="Collections">
<arg>${json_data['results'][0]}</arg>
<arg>${key}</arg>
<doc>Fails if ``key`` is not found from ``dictionary``.</doc>
<status status="PASS" start="2024-06-15T12:27:00.939689" elapsed="0.000400"/>
</kw>
<kw name="Log" owner="BuiltIn">
<msg time="2024-06-15T12:27:00.940694" level="INFO">{'gender': 'male', 'name': {'title': 'Monsieur', 'first': 'Alexandre', 'last': 'Laurent'}, 'location': {'street': {'number': 9269, 'name': "Rue de L'Abbé-Gillet"}, 'city': 'Salmsach', 'state': 'Glarus', 'country': 'Switzerland', 'postcode': 8144, 'coordinates': {'latitude': '-63.6924', 'longitude': '-52.7738'}, 'timezone': {'offset': '-11:00', 'description': 'Midway Island, Samoa'}}, 'email': 'alexandre.laurent@example.com', 'login': {'uuid': '070e8c57-494b-490a-831f-fbf0c921af27', 'username': 'bigzebra976', 'password': 'christin', 'salt': 'tLrRLdPs', 'md5': '5a063d09bd8eae756ad3fa4c85522cef', 'sha1': 'f9a8690907ddcf4593dd53d1d4cbdb1106a1f1a9', 'sha256': 'b2f7a6a71de462451608e552634c9910aca3d2c2a03fb8eaa4db493ddf89f07b'}, 'dob': {'date': '1986-02-12T18:49:46.951Z', 'age': 38}, 'registered': {'date': '2021-12-29T12:30:57.170Z', 'age': 2}, 'phone': '077 116 91 42', 'cell': '076 768 50 05', 'id': {'name': 'AVS', 'value': '756.3083.5838.16'}, 'picture': {'large': 'https://randomuser.me/api/portraits/men/6.jpg', 'medium': 'https://randomuser.me/api/portraits/med/men/6.jpg', 'thumbnail': 'https://randomuser.me/api/portraits/thumb/men/6.jpg'}, 'nat': 'CH'}</msg>
<arg>${json_data['results'][0]}</arg>
<doc>Logs the given message with the given level.</doc>
<status status="PASS" start="2024-06-15T12:27:00.940280" elapsed="0.000470"/>
</kw>
<kw name="Log" owner="BuiltIn">
<msg time="2024-06-15T12:27:00.941329" level="INFO">login</msg>
<arg>${key}</arg>
<doc>Logs the given message with the given level.</doc>
<status status="PASS" start="2024-06-15T12:27:00.941090" elapsed="0.000277"/>
</kw>
<var name="${key}">login</var>
<status status="PASS" start="2024-06-15T12:27:00.939539" elapsed="0.002048"/>
</iter>
<var>${key}</var>
<value>@{expected_keys}</value>
<status status="PASS" start="2024-06-15T12:27:00.931284" elapsed="0.010436"/>
</for>
<kw name="Create List" owner="BuiltIn">
<msg time="2024-06-15T12:27:00.942122" level="INFO">${expected_keysTwo} = ['username', 'password']</msg>
<var>${expected_keysTwo}</var>
<arg>username</arg>
<arg>password</arg>
<doc>Returns a list containing given items.</doc>
<status status="PASS" start="2024-06-15T12:27:00.941948" elapsed="0.000199"/>
</kw>
<for flavor="IN">
<iter>
<kw name="Dictionary Should Contain Key" owner="Collections">
<arg>${json_data['results'][0]['login']}</arg>
<arg>${keyTwo}</arg>
<doc>Fails if ``key`` is not found from ``dictionary``.</doc>
<status status="PASS" start="2024-06-15T12:27:00.942686" elapsed="0.000384"/>
</kw>
<kw name="Dictionary Should Contain Key" owner="Collections">
<arg>${json_data['results'][0]['login']}</arg>
<arg>${keyTwo}</arg>
<doc>Fails if ``key`` is not found from ``dictionary``.</doc>
<status status="PASS" start="2024-06-15T12:27:00.943253" elapsed="0.000405"/>
</kw>
<kw name="Log" owner="BuiltIn">
<msg time="2024-06-15T12:27:00.943967" level="INFO">username</msg>
<arg>${keyTwo}</arg>
<doc>Logs the given message with the given level.</doc>
<status status="PASS" start="2024-06-15T12:27:00.943841" elapsed="0.000173"/>
</kw>
<var name="${keyTwo}">username</var>
<status status="PASS" start="2024-06-15T12:27:00.942568" elapsed="0.001673"/>
</iter>
<iter>
<kw name="Dictionary Should Contain Key" owner="Collections">
<arg>${json_data['results'][0]['login']}</arg>
<arg>${keyTwo}</arg>
<doc>Fails if ``key`` is not found from ``dictionary``.</doc>
<status status="PASS" start="2024-06-15T12:27:00.944567" elapsed="0.000375"/>
</kw>
<kw name="Dictionary Should Contain Key" owner="Collections">
<arg>${json_data['results'][0]['login']}</arg>
<arg>${keyTwo}</arg>
<doc>Fails if ``key`` is not found from ``dictionary``.</doc>
<status status="PASS" start="2024-06-15T12:27:00.945125" elapsed="0.000368"/>
</kw>
<kw name="Log" owner="BuiltIn">
<msg time="2024-06-15T12:27:00.945791" level="INFO">password</msg>
<arg>${keyTwo}</arg>
<doc>Logs the given message with the given level.</doc>
<status status="PASS" start="2024-06-15T12:27:00.945673" elapsed="0.000155"/>
</kw>
<var name="${keyTwo}">password</var>
<status status="PASS" start="2024-06-15T12:27:00.944455" elapsed="0.001594"/>
</iter>
<var>${keyTwo}</var>
<value>@{expected_keysTwo}</value>
<status status="PASS" start="2024-06-15T12:27:00.942415" elapsed="0.003768"/>
</for>
<status status="PASS" start="2024-06-15T12:27:00.785348" elapsed="0.160979"/>
</kw>
<doc>Testa a estrutura da resposta da API.</doc>
<tag>testeEstruturaResposta</tag>
<status status="PASS" start="2024-06-15T12:27:00.784709" elapsed="0.161775"/>
</test>
<test id="s1-s1-t4" name="Validar tipos de dados" line="28">
<kw name="Teste de Tipos de Dados" owner="random-user-service">
<kw name="GET On Session" owner="RequestsLibrary">
<msg time="2024-06-15T12:27:01.011879" level="INFO">GET Request : url=https://randomuser.me/api 
 path_url=/api 
 headers={'User-Agent': 'python-requests/2.32.3', 'Accept-Encoding': 'gzip, deflate', 'Accept': '*/*', 'Connection': 'keep-alive'} 
 body=None 
 </msg>
<msg time="2024-06-15T12:27:01.011961" level="INFO">GET Response : url=https://randomuser.me/api 
 status=200, reason=OK 
 headers={'Date': 'Sat, 15 Jun 2024 12:27:01 GMT', 'Content-Type': 'application/json; charset=utf-8', 'Transfer-Encoding': 'chunked', 'Connection': 'keep-alive', 'X-Powered-By': 'Express', 'Access-Control-Allow-Origin': '*', 'Cache-Control': 'no-cache', 'ETag': 'W/"498-DfPodrll9ThgkgD+/nafc6FG1Cg"', 'Vary': 'Accept-Encoding', 'Content-Encoding': 'gzip', 'CF-Cache-Status': 'DYNAMIC', 'Report-To': '{"endpoints":[{"url":"https:\\/\\/a.nel.cloudflare.com\\/report\\/v4?s=R2M92sT%2BZUpAgy%2BM4l0Uhhl3ZeKWZ7LkJ0A0gBRANneLKl92%2F9pYFlXZt4KZsHvQRNflWOzX9%2BjAf1wuEx3xExblloCICtcOF4bCpXWzI35BV%2BpMNxUQb1EPOo7zkA%2Fm"}],"group":"cf-nel","max_age":604800}', 'NEL': '{"success_fraction":0,"report_to":"cf-nel","max_age":604800}', 'Server': 'cloudflare', 'CF-RAY': '89428d42eeac0623-IAD', 'alt-svc': 'h3=":443"; ma=86400'} 
 body={"results":[{"gender":"female","name":{"title":"Ms","first":"Rose","last":"Long"},"location":{"street":{"number":3929,"name":"London Road"},"city":"Newport","state":"West Sussex","country":"United Kingdom","postcode":"G4 4LA","coordinates":{"latitude":"-12.8214","longitude":"83.8815"},"timezone":{"offset":"+4:00","description":"Abu Dhabi, Muscat, Baku, Tbilisi"}},"email":"rose.long@example.com","login":{"uuid":"c8e9659f-f050-4da8-b584-973588dbaa9b","username":"crazymeercat546","password":"kotaku","salt":"dwbZPInw","md5":"6bb1aa3efe09229a50095af787be8871","sha1":"889f528e14f070be6a4b6ab157c80df0ea74e5e9","sha256":"079e3cd9dde436ef61b534989f23315bc3f5493d1c4d909fc0d324b87dbb6b0c"},"dob":{"date":"1957-07-19T08:17:22.156Z","age":66},"registered":{"date":"2009-03-01T17:55:58.200Z","age":15},"phone":"015395 72839","cell":"07612 354052","id":{"name":"NINO","value":"CC 22 00 16 N"},"picture":{"large":"https://randomuser.me/api/portraits/women/49.jpg","medium":"https://randomuser.me/api/portraits/med/women/49.jpg","thumbnail":"https://randomuser.me/api/portraits/thumb/women/49.jpg"},"nat":"GB"}],"info":{"seed":"4334fe5659fe32b4","results":1,"page":1,"version":"1.4"}} 
 </msg>
<msg time="2024-06-15T12:27:01.012035" level="INFO">/opt/hostedtoolcache/Python/3.12.3/x64/lib/python3.12/site-packages/urllib3/connectionpool.py:1103: InsecureRequestWarning: Unverified HTTPS request is being made to host 'randomuser.me'. Adding certificate verification is strongly advised. See: https://urllib3.readthedocs.io/en/latest/advanced-usage.html#tls-warnings
  warnings.warn(</msg>
<msg time="2024-06-15T12:27:01.012171" level="INFO">${response} = &lt;Response [200]&gt;</msg>
<var>${response}</var>
<arg>consultarAPI</arg>
<arg>/api</arg>
<doc>Sends a GET request on a previously created HTTP Session.</doc>
<status status="PASS" start="2024-06-15T12:27:00.948890" elapsed="0.063339"/>
</kw>
<kw name="Set Variable" owner="BuiltIn">
<msg time="2024-06-15T12:27:01.013147" level="INFO">${json_data} = {'results': [{'gender': 'female', 'name': {'title': 'Ms', 'first': 'Rose', 'last': 'Long'}, 'location': {'street': {'number': 3929, 'name': 'London Road'}, 'city': 'Newport', 'state': 'West Sussex', '...</msg>
<var>${json_data}</var>
<arg>${response.json()}</arg>
<doc>Returns the given values which can then be assigned to a variables.</doc>
<status status="PASS" start="2024-06-15T12:27:01.012715" elapsed="0.000462"/>
</kw>
<kw name="Log" owner="BuiltIn">
<msg time="2024-06-15T12:27:01.013633" level="INFO">{'results': [{'gender': 'female', 'name': {'title': 'Ms', 'first': 'Rose', 'last': 'Long'}, 'location': {'street': {'number': 3929, 'name': 'London Road'}, 'city': 'Newport', 'state': 'West Sussex', 'country': 'United Kingdom', 'postcode': 'G4 4LA', 'coordinates': {'latitude': '-12.8214', 'longitude': '83.8815'}, 'timezone': {'offset': '+4:00', 'description': 'Abu Dhabi, Muscat, Baku, Tbilisi'}}, 'email': 'rose.long@example.com', 'login': {'uuid': 'c8e9659f-f050-4da8-b584-973588dbaa9b', 'username': 'crazymeercat546', 'password': 'kotaku', 'salt': 'dwbZPInw', 'md5': '6bb1aa3efe09229a50095af787be8871', 'sha1': '889f528e14f070be6a4b6ab157c80df0ea74e5e9', 'sha256': '079e3cd9dde436ef61b534989f23315bc3f5493d1c4d909fc0d324b87dbb6b0c'}, 'dob': {'date': '1957-07-19T08:17:22.156Z', 'age': 66}, 'registered': {'date': '2009-03-01T17:55:58.200Z', 'age': 15}, 'phone': '015395 72839', 'cell': '07612 354052', 'id': {'name': 'NINO', 'value': 'CC 22 00 16 N'}, 'picture': {'large': 'https://randomuser.me/api/portraits/women/49.jpg', 'medium': 'https://randomuser.me/api/portraits/med/women/49.jpg', 'thumbnail': 'https://randomuser.me/api/portraits/thumb/women/49.jpg'}, 'nat': 'GB'}], 'info': {'seed': '4334fe5659fe32b4', 'results': 1, 'page': 1, 'version': '1.4'}}</msg>
<arg>${json_data}</arg>
<doc>Logs the given message with the given level.</doc>
<status status="PASS" start="2024-06-15T12:27:01.013483" elapsed="0.000198"/>
</kw>
<kw name="Should Be String" owner="String">
<arg>${json_data['results'][0]['gender']}</arg>
<doc>Fails if the given ``item`` is not a string.</doc>
<status status="PASS" start="2024-06-15T12:27:01.013969" elapsed="0.000362"/>
</kw>
<kw name="Should Match Regexp" owner="BuiltIn">
<arg>${json_data['results'][0]['email']}</arg>
<arg>^[a-zA-Z0-9._%+-]+@[a-zA-Z0-9.-]+\.[a-zA-Z]{2,}$</arg>
<doc>Fails if ``string`` does not match ``pattern`` as a regular expression.</doc>
<status status="PASS" start="2024-06-15T12:27:01.014517" elapsed="0.000556"/>
</kw>
<kw name="Should Match Regexp" owner="BuiltIn">
<arg>${json_data['results'][0]['dob']['date']}</arg>
<arg>\\d{4}-\\d{2}-\\d{2}T\\d{2}:\\d{2}:\\d{2}\\.\\d{3}Z</arg>
<doc>Fails if ``string`` does not match ``pattern`` as a regular expression.</doc>
<status status="PASS" start="2024-06-15T12:27:01.015269" elapsed="0.000487"/>
</kw>
<kw name="Should Match Regexp" owner="BuiltIn">
<arg>${json_data['results'][0]['registered']['date']}</arg>
<arg>\\d{4}-\\d{2}-\\d{2}T\\d{2}:\\d{2}:\\d{2}\\.\\d{3}Z</arg>
<doc>Fails if ``string`` does not match ``pattern`` as a regular expression.</doc>
<status status="PASS" start="2024-06-15T12:27:01.015956" elapsed="0.000392"/>
</kw>
<kw name="Should Match Regexp" owner="BuiltIn">
<arg>${json_data['results'][0]['picture']['large']}</arg>
<arg>^https?://.*\.(?:png|jpe?g|gif|bmp)$</arg>
<doc>Fails if ``string`` does not match ``pattern`` as a regular expression.</doc>
<status status="PASS" start="2024-06-15T12:27:01.016550" elapsed="0.000463"/>
</kw>
<kw name="Should Match Regexp" owner="BuiltIn">
<arg>${json_data['results'][0]['picture']['medium']}</arg>
<arg>^https?://.*\.(?:png|jpe?g|gif|bmp)$</arg>
<doc>Fails if ``string`` does not match ``pattern`` as a regular expression.</doc>
<status status="PASS" start="2024-06-15T12:27:01.017203" elapsed="0.000362"/>
</kw>
<kw name="Should Match Regexp" owner="BuiltIn">
<arg>${json_data['results'][0]['picture']['thumbnail']}</arg>
<arg>^https?://.*\.(?:png|jpe?g|gif|bmp)$</arg>
<doc>Fails if ``string`` does not match ``pattern`` as a regular expression.</doc>
<status status="PASS" start="2024-06-15T12:27:01.017752" elapsed="0.000344"/>
</kw>
<kw name="Log" owner="BuiltIn">
<msg time="2024-06-15T12:27:01.018604" level="INFO">{'large': 'https://randomuser.me/api/portraits/women/49.jpg', 'medium': 'https://randomuser.me/api/portraits/med/women/49.jpg', 'thumbnail': 'https://randomuser.me/api/portraits/thumb/women/49.jpg'}</msg>
<arg>${json_data['results'][0]['picture']}</arg>
<doc>Logs the given message with the given level.</doc>
<status status="PASS" start="2024-06-15T12:27:01.018277" elapsed="0.000369"/>
</kw>
<status status="PASS" start="2024-06-15T12:27:00.948663" elapsed="0.070233"/>
</kw>
<kw name="Teste de Tipos de Dados - Postcode" owner="random-user-service">
<kw name="GET On Session" owner="RequestsLibrary">
<msg time="2024-06-15T12:27:01.102958" level="INFO">GET Request : url=https://randomuser.me/api 
 path_url=/api 
 headers={'User-Agent': 'python-requests/2.32.3', 'Accept-Encoding': 'gzip, deflate', 'Accept': '*/*', 'Connection': 'keep-alive'} 
 body=None 
 </msg>
<msg time="2024-06-15T12:27:01.103037" level="INFO">GET Response : url=https://randomuser.me/api 
 status=200, reason=OK 
 headers={'Date': 'Sat, 15 Jun 2024 12:27:01 GMT', 'Content-Type': 'application/json; charset=utf-8', 'Transfer-Encoding': 'chunked', 'Connection': 'keep-alive', 'X-Powered-By': 'Express', 'Access-Control-Allow-Origin': '*', 'Cache-Control': 'no-cache', 'ETag': 'W/"47d-iiwIUP12z3ZSsphfQoS7JfL+Gjw"', 'Vary': 'Accept-Encoding', 'Content-Encoding': 'gzip', 'CF-Cache-Status': 'DYNAMIC', 'Report-To': '{"endpoints":[{"url":"https:\\/\\/a.nel.cloudflare.com\\/report\\/v4?s=UpZpNN7IHaGobFDLohJmIMRo0Wo6Op%2B%2FjwIrCrQpo6%2F0dL1%2Blny7QhfPBSFjG732FpWugYh7LcnbVjGEKlUSUcrlFtffA%2BBBuqgHZEDb9G92iA397OYD7vYGiur3V9O%2B"}],"group":"cf-nel","max_age":604800}', 'NEL': '{"success_fraction":0,"report_to":"cf-nel","max_age":604800}', 'Server': 'cloudflare', 'CF-RAY': '89428d436efa0623-IAD', 'alt-svc': 'h3=":443"; ma=86400'} 
 body={"results":[{"gender":"male","name":{"title":"Mr","first":"Obren","last":"Kapetanović"},"location":{"street":{"number":6005,"name":"Savska"},"city":"Vlasotince","state":"Braničevo","country":"Serbia","postcode":44011,"coordinates":{"latitude":"61.9114","longitude":"-122.0740"},"timezone":{"offset":"+9:30","description":"Adelaide, Darwin"}},"email":"obren.kapetanovic@example.com","login":{"uuid":"94e9ce06-5d7e-4ca5-80c7-43e3d4c541aa","username":"silverladybug342","password":"1005","salt":"tYB3XNtX","md5":"7680a452c0cb3a220dd9ea4e396684a8","sha1":"ccd17e6ea3bd9ae6fde1c61090f97cfbb784dc6b","sha256":"e5392d012d711748140a00e4f9547c08caa2073ab7b3f11b1110896be29ad0fa"},"dob":{"date":"1957-05-18T20:03:14.074Z","age":67},"registered":{"date":"2020-11-29T14:18:55.856Z","age":3},"phone":"033-7320-667","cell":"062-9955-525","id":{"name":"SID","value":"273450625"},"picture":{"large":"https://randomuser.me/api/portraits/men/19.jpg","medium":"https://randomuser.me/api/portraits/med/men/19.jpg","thumbnail":"https://randomuser.me/api/portraits/thumb/men/19.jpg"},"nat":"RS"}],"info":{"seed":"6917a5b93bf94a41","results":1,"page":1,"version":"1.4"}} 
 </msg>
<msg time="2024-06-15T12:27:01.103123" level="INFO">/opt/hostedtoolcache/Python/3.12.3/x64/lib/python3.12/site-packages/urllib3/connectionpool.py:1103: InsecureRequestWarning: Unverified HTTPS request is being made to host 'randomuser.me'. Adding certificate verification is strongly advised. See: https://urllib3.readthedocs.io/en/latest/advanced-usage.html#tls-warnings
  warnings.warn(</msg>
<msg time="2024-06-15T12:27:01.103259" level="INFO">${response} = &lt;Response [200]&gt;</msg>
<var>${response}</var>
<arg>consultarAPI</arg>
<arg>/api</arg>
<doc>Sends a GET request on a previously created HTTP Session.</doc>
<status status="PASS" start="2024-06-15T12:27:01.019328" elapsed="0.083983"/>
</kw>
<kw name="Set Variable" owner="BuiltIn">
<msg time="2024-06-15T12:27:01.104185" level="INFO">${json_data} = {'results': [{'gender': 'male', 'name': {'title': 'Mr', 'first': 'Obren', 'last': 'Kapetanović'}, 'location': {'street': {'number': 6005, 'name': 'Savska'}, 'city': 'Vlasotince', 'state': 'Braničevo',...</msg>
<var>${json_data}</var>
<arg>${response.json()}</arg>
<doc>Returns the given values which can then be assigned to a variables.</doc>
<status status="PASS" start="2024-06-15T12:27:01.103741" elapsed="0.000475"/>
</kw>
<kw name="Log" owner="BuiltIn">
<msg time="2024-06-15T12:27:01.104717" level="INFO">{'results': [{'gender': 'male', 'name': {'title': 'Mr', 'first': 'Obren', 'last': 'Kapetanović'}, 'location': {'street': {'number': 6005, 'name': 'Savska'}, 'city': 'Vlasotince', 'state': 'Braničevo', 'country': 'Serbia', 'postcode': 44011, 'coordinates': {'latitude': '61.9114', 'longitude': '-122.0740'}, 'timezone': {'offset': '+9:30', 'description': 'Adelaide, Darwin'}}, 'email': 'obren.kapetanovic@example.com', 'login': {'uuid': '94e9ce06-5d7e-4ca5-80c7-43e3d4c541aa', 'username': 'silverladybug342', 'password': '1005', 'salt': 'tYB3XNtX', 'md5': '7680a452c0cb3a220dd9ea4e396684a8', 'sha1': 'ccd17e6ea3bd9ae6fde1c61090f97cfbb784dc6b', 'sha256': 'e5392d012d711748140a00e4f9547c08caa2073ab7b3f11b1110896be29ad0fa'}, 'dob': {'date': '1957-05-18T20:03:14.074Z', 'age': 67}, 'registered': {'date': '2020-11-29T14:18:55.856Z', 'age': 3}, 'phone': '033-7320-667', 'cell': '062-9955-525', 'id': {'name': 'SID', 'value': '273450625'}, 'picture': {'large': 'https://randomuser.me/api/portraits/men/19.jpg', 'medium': 'https://randomuser.me/api/portraits/med/men/19.jpg', 'thumbnail': 'https://randomuser.me/api/portraits/thumb/men/19.jpg'}, 'nat': 'RS'}], 'info': {'seed': '6917a5b93bf94a41', 'results': 1, 'page': 1, 'version': '1.4'}}</msg>
<arg>${json_data}</arg>
<doc>Logs the given message with the given level.</doc>
<status status="PASS" start="2024-06-15T12:27:01.104561" elapsed="0.000206"/>
</kw>
<kw name="Should Be Equal As Numbers" owner="BuiltIn">
<arg>${json_data['results'][0]['location']['postcode']}</arg>
<arg>${json_data['results'][0]['location']['postcode']}</arg>
<doc>Fails if objects are unequal after converting them to real numbers.</doc>
<status status="PASS" start="2024-06-15T12:27:01.105071" elapsed="0.000640"/>
</kw>
<kw name="Log" owner="BuiltIn">
<msg time="2024-06-15T12:27:01.106228" level="INFO">44011</msg>
<arg>${json_data['results'][0]['location']['postcode']}</arg>
<doc>Logs the given message with the given level.</doc>
<status status="PASS" start="2024-06-15T12:27:01.105900" elapsed="0.000368"/>
</kw>
<status status="PASS" start="2024-06-15T12:27:01.019107" elapsed="0.087438"/>
</kw>
<doc>Testa se os tipos de dados na resposta da API estão corretos.</doc>
<tag>testeTiposDados</tag>
<status status="PASS" start="2024-06-15T12:27:00.948215" elapsed="0.158492"/>
</test>
<test id="s1-s1-t5" name="Validar conteudo" line="35">
<kw name="Teste de Tipos de Conteudo" owner="random-user-service">
<kw name="GET On Session" owner="RequestsLibrary">
<msg time="2024-06-15T12:27:01.211986" level="INFO">GET Request : url=https://randomuser.me/api 
 path_url=/api 
 headers={'User-Agent': 'python-requests/2.32.3', 'Accept-Encoding': 'gzip, deflate', 'Accept': '*/*', 'Connection': 'keep-alive'} 
 body=None 
 </msg>
<msg time="2024-06-15T12:27:01.212050" level="INFO">GET Response : url=https://randomuser.me/api 
 status=200, reason=OK 
 headers={'Date': 'Sat, 15 Jun 2024 12:27:01 GMT', 'Content-Type': 'application/json; charset=utf-8', 'Transfer-Encoding': 'chunked', 'Connection': 'keep-alive', 'X-Powered-By': 'Express', 'Access-Control-Allow-Origin': '*', 'Cache-Control': 'no-cache', 'ETag': 'W/"484-3lX/kSUsIoG6QX0frh7uqFu7wj4"', 'Vary': 'Accept-Encoding', 'Content-Encoding': 'gzip', 'CF-Cache-Status': 'DYNAMIC', 'Report-To': '{"endpoints":[{"url":"https:\\/\\/a.nel.cloudflare.com\\/report\\/v4?s=BMGmGqmAO1kKfQqNHYK8Xw8ffNQ1yRISSEuC2HIBml6yRuWAX%2Ftav%2B68zAVur8hmCzYT1N%2FnK2%2BQq92YR13%2FIpiRW7rxWymQ%2FHQsd2TwXef7ML5vfzS2qSrVLo%2FT%2BXpM"}],"group":"cf-nel","max_age":604800}', 'NEL': '{"success_fraction":0,"report_to":"cf-nel","max_age":604800}', 'Server': 'cloudflare', 'CF-RAY': '89428d43ef600623-IAD', 'alt-svc': 'h3=":443"; ma=86400'} 
 body={"results":[{"gender":"male","name":{"title":"Mr","first":"Emil","last":"Halonen"},"location":{"street":{"number":3298,"name":"Otavalankatu"},"city":"Karkkila","state":"Kainuu","country":"Finland","postcode":11013,"coordinates":{"latitude":"-29.4679","longitude":"-106.8632"},"timezone":{"offset":"-11:00","description":"Midway Island, Samoa"}},"email":"emil.halonen@example.com","login":{"uuid":"41058430-8ae3-4eb9-9995-8d8a1101eef5","username":"organicfrog574","password":"michael2","salt":"IN5p5SJ1","md5":"535bb052f28f4ecee6467087d36343a7","sha1":"4c0d166b7c7d9a85d4825393193e64d5181fbc7e","sha256":"6e7e07335023fafc7d9b965d8e47a18fc6e828d2e69c75df6dc4c5bdc8c42a55"},"dob":{"date":"1990-11-10T05:02:33.130Z","age":33},"registered":{"date":"2013-06-14T09:16:53.103Z","age":11},"phone":"02-000-889","cell":"043-393-36-87","id":{"name":"HETU","value":"NaNNA783undefined"},"picture":{"large":"https://randomuser.me/api/portraits/men/64.jpg","medium":"https://randomuser.me/api/portraits/med/men/64.jpg","thumbnail":"https://randomuser.me/api/portraits/thumb/men/64.jpg"},"nat":"FI"}],"info":{"seed":"60b33bc55cc4b306","results":1,"page":1,"version":"1.4"}} 
 </msg>
<msg time="2024-06-15T12:27:01.212107" level="INFO">/opt/hostedtoolcache/Python/3.12.3/x64/lib/python3.12/site-packages/urllib3/connectionpool.py:1103: InsecureRequestWarning: Unverified HTTPS request is being made to host 'randomuser.me'. Adding certificate verification is strongly advised. See: https://urllib3.readthedocs.io/en/latest/advanced-usage.html#tls-warnings
  warnings.warn(</msg>
<msg time="2024-06-15T12:27:01.212213" level="INFO">${response} = &lt;Response [200]&gt;</msg>
<var>${response}</var>
<arg>consultarAPI</arg>
<arg>/api</arg>
<doc>Sends a GET request on a previously created HTTP Session.</doc>
<status status="PASS" start="2024-06-15T12:27:01.109113" elapsed="0.103142"/>
</kw>
<kw name="Set Variable" owner="BuiltIn">
<msg time="2024-06-15T12:27:01.213105" level="INFO">${json_data} = {'results': [{'gender': 'male', 'name': {'title': 'Mr', 'first': 'Emil', 'last': 'Halonen'}, 'location': {'street': {'number': 3298, 'name': 'Otavalankatu'}, 'city': 'Karkkila', 'state': 'Kainuu', 'co...</msg>
<var>${json_data}</var>
<arg>${response.json()}</arg>
<doc>Returns the given values which can then be assigned to a variables.</doc>
<status status="PASS" start="2024-06-15T12:27:01.212660" elapsed="0.000474"/>
</kw>
<kw name="Set Variable" owner="BuiltIn">
<msg time="2024-06-15T12:27:01.213806" level="INFO">${name_title} = Mr</msg>
<var>${name_title}</var>
<arg>${json_data["results"][0]["name"]["title"]}</arg>
<doc>Returns the given values which can then be assigned to a variables.</doc>
<status status="PASS" start="2024-06-15T12:27:01.213431" elapsed="0.000400"/>
</kw>
<kw name="Create List" owner="BuiltIn">
<msg time="2024-06-15T12:27:01.214276" level="INFO">${allowed_titles} = ['Mr', 'Ms', 'Miss', 'Mrs', 'Madame', 'Monsieur']</msg>
<var>${allowed_titles}</var>
<arg>Mr</arg>
<arg>Ms</arg>
<arg>Miss</arg>
<arg>Mrs</arg>
<arg>Madame</arg>
<arg>Monsieur</arg>
<doc>Returns a list containing given items.</doc>
<status status="PASS" start="2024-06-15T12:27:01.214128" elapsed="0.000173"/>
</kw>
<kw name="List Should Contain Value" owner="Collections">
<arg>${allowed_titles}</arg>
<arg>${name_title}</arg>
<doc>Fails if the ``value`` is not found from ``list``.</doc>
<status status="PASS" start="2024-06-15T12:27:01.214607" elapsed="0.000175"/>
</kw>
<kw name="Set Variable" owner="BuiltIn">
<msg time="2024-06-15T12:27:01.215345" level="INFO">${name_country} = FI</msg>
<var>${name_country}</var>
<arg>${json_data["results"][0]["nat"]}</arg>
<doc>Returns the given values which can then be assigned to a variables.</doc>
<status status="PASS" start="2024-06-15T12:27:01.214975" elapsed="0.000395"/>
</kw>
<kw name="Create List" owner="BuiltIn">
<msg time="2024-06-15T12:27:01.216259" level="INFO">${list_country} = ['AD', 'AE', 'AF', 'AG', 'AI', 'AL', 'AM', 'AO', 'AQ', 'AR', 'AS', 'AT', 'AU', 'AW', 'AX', 'AZ', 'BA', 'BB', 'BD', 'BE', 'BF', 'BG', 'BH', 'BI', 'BJ', 'BL', 'BM', 'BN', 'BO', 'BQ', 'BR', 'BS', 'BT', '...</msg>
<var>${list_country}</var>
<arg>AD</arg>
<arg>AE</arg>
<arg>AF</arg>
<arg>AG</arg>
<arg>AI</arg>
<arg>AL</arg>
<arg>AM</arg>
<arg>AO</arg>
<arg>AQ</arg>
<arg>AR</arg>
<arg>AS</arg>
<arg>AT</arg>
<arg>AU</arg>
<arg>AW</arg>
<arg>AX</arg>
<arg>AZ</arg>
<arg>BA</arg>
<arg>BB</arg>
<arg>BD</arg>
<arg>BE</arg>
<arg>BF</arg>
<arg>BG</arg>
<arg>BH</arg>
<arg>BI</arg>
<arg>BJ</arg>
<arg>BL</arg>
<arg>BM</arg>
<arg>BN</arg>
<arg>BO</arg>
<arg>BQ</arg>
<arg>BR</arg>
<arg>BS</arg>
<arg>BT</arg>
<arg>BV</arg>
<arg>BW</arg>
<arg>BY</arg>
<arg>BZ</arg>
<arg>CA</arg>
<arg>CC</arg>
<arg>CD</arg>
<arg>CF</arg>
<arg>CG</arg>
<arg>CH</arg>
<arg>CI</arg>
<arg>CK</arg>
<arg>CL</arg>
<arg>CM</arg>
<arg>CN</arg>
<arg>CO</arg>
<arg>CR</arg>
<arg>CU</arg>
<arg>CV</arg>
<arg>CW</arg>
<arg>CX</arg>
<arg>CY</arg>
<arg>CZ</arg>
<arg>DE</arg>
<arg>DJ</arg>
<arg>DK</arg>
<arg>DM</arg>
<arg>DO</arg>
<arg>DZ</arg>
<arg>EC</arg>
<arg>EE</arg>
<arg>EG</arg>
<arg>EH</arg>
<arg>ER</arg>
<arg>ES</arg>
<arg>ET</arg>
<arg>FI</arg>
<arg>FJ</arg>
<arg>FK</arg>
<arg>FM</arg>
<arg>FO</arg>
<arg>FR</arg>
<arg>GA</arg>
<arg>GB</arg>
<arg>GD</arg>
<arg>GE</arg>
<arg>GF</arg>
<arg>GG</arg>
<arg>GH</arg>
<arg>GI</arg>
<arg>GL</arg>
<arg>GM</arg>
<arg>GN</arg>
<arg>GP</arg>
<arg>GQ</arg>
<arg>GR</arg>
<arg>GS</arg>
<arg>GT</arg>
<arg>GU</arg>
<arg>GW</arg>
<arg>GY</arg>
<arg>HK</arg>
<arg>HM</arg>
<arg>HN</arg>
<arg>HR</arg>
<arg>HT</arg>
<arg>HU</arg>
<arg>ID</arg>
<arg>IE</arg>
<arg>IL</arg>
<arg>IM</arg>
<arg>IN</arg>
<arg>IO</arg>
<arg>IQ</arg>
<arg>IR</arg>
<arg>IS</arg>
<arg>IT</arg>
<arg>JE</arg>
<arg>JM</arg>
<arg>JO</arg>
<arg>JP</arg>
<arg>KE</arg>
<arg>KG</arg>
<arg>KH</arg>
<arg>KI</arg>
<arg>KM</arg>
<arg>KN</arg>
<arg>KP</arg>
<arg>KR</arg>
<arg>KW</arg>
<arg>KY</arg>
<arg>KZ</arg>
<arg>LA</arg>
<arg>LB</arg>
<arg>LC</arg>
<arg>LI</arg>
<arg>LK</arg>
<arg>LR</arg>
<arg>LS</arg>
<arg>LT</arg>
<arg>LU</arg>
<arg>LV</arg>
<arg>LY</arg>
<arg>MA</arg>
<arg>MC</arg>
<arg>MD</arg>
<arg>ME</arg>
<arg>MF</arg>
<arg>MG</arg>
<arg>MH</arg>
<arg>MK</arg>
<arg>ML</arg>
<arg>MM</arg>
<arg>MN</arg>
<arg>MO</arg>
<arg>MP</arg>
<arg>MQ</arg>
<arg>MR</arg>
<arg>MS</arg>
<arg>MT</arg>
<arg>MU</arg>
<arg>MV</arg>
<arg>MW</arg>
<arg>MX</arg>
<arg>MY</arg>
<arg>MZ</arg>
<arg>NA</arg>
<arg>NC</arg>
<arg>NE</arg>
<arg>NF</arg>
<arg>NG</arg>
<arg>NI</arg>
<arg>NL</arg>
<arg>NO</arg>
<arg>NP</arg>
<arg>NR</arg>
<arg>NU</arg>
<arg>NZ</arg>
<arg>OM</arg>
<arg>PA</arg>
<arg>PE</arg>
<arg>PF</arg>
<arg>PG</arg>
<arg>PH</arg>
<arg>PK</arg>
<arg>PL</arg>
<arg>PM</arg>
<arg>PN</arg>
<arg>PR</arg>
<arg>PS</arg>
<arg>PT</arg>
<arg>PW</arg>
<arg>PY</arg>
<arg>QA</arg>
<arg>RE</arg>
<arg>RO</arg>
<arg>RS</arg>
<arg>RU</arg>
<arg>RW</arg>
<arg>SA</arg>
<arg>SB</arg>
<arg>SC</arg>
<arg>SD</arg>
<arg>SE</arg>
<arg>SG</arg>
<arg>SH</arg>
<arg>SI</arg>
<arg>SJ</arg>
<arg>SK</arg>
<arg>SL</arg>
<arg>SM</arg>
<arg>SN</arg>
<arg>SO</arg>
<arg>SR</arg>
<arg>SS</arg>
<arg>ST</arg>
<arg>SV</arg>
<arg>SX</arg>
<arg>SY</arg>
<arg>SZ</arg>
<arg>TC</arg>
<arg>TD</arg>
<arg>TF</arg>
<arg>TG</arg>
<arg>TH</arg>
<arg>TJ</arg>
<arg>TK</arg>
<arg>TL</arg>
<arg>TM</arg>
<arg>TN</arg>
<arg>TO</arg>
<arg>TR</arg>
<arg>TT</arg>
<arg>TV</arg>
<arg>TW</arg>
<arg>TZ</arg>
<arg>UA</arg>
<arg>UG</arg>
<arg>UM</arg>
<arg>US</arg>
<arg>UY</arg>
<arg>UZ</arg>
<arg>VA</arg>
<arg>VC</arg>
<arg>VE</arg>
<arg>VG</arg>
<arg>VI</arg>
<arg>VN</arg>
<arg>VU</arg>
<arg>WF</arg>
<arg>WS</arg>
<arg>XK</arg>
<arg>YE</arg>
<arg>YT</arg>
<arg>ZA</arg>
<arg>ZM</arg>
<arg>ZW</arg>
<doc>Returns a list containing given items.</doc>
<status status="PASS" start="2024-06-15T12:27:01.215661" elapsed="0.000624"/>
</kw>
<kw name="List Should Contain Value" owner="Collections">
<arg>${list_country}</arg>
<arg>${name_country}</arg>
<doc>Fails if the ``value`` is not found from ``list``.</doc>
<status status="PASS" start="2024-06-15T12:27:01.217109" elapsed="0.000202"/>
</kw>
<kw name="Run Keyword If" owner="BuiltIn">
<kw name="Should Be True" owner="BuiltIn">
<arg>${True}</arg>
<doc>Fails if the given condition is not true.</doc>
<status status="PASS" start="2024-06-15T12:27:01.218356" elapsed="0.000142"/>
</kw>
<arg>${json_data["results"][0]["location"]["coordinates"]["latitude"]} &gt;= -90 and ${json_data["results"][0]["location"]["coordinates"]["latitude"]} &lt;= 90</arg>
<arg>Should Be True</arg>
<arg>${True}</arg>
<doc>Runs the given keyword with the given arguments, if ``condition`` is true.</doc>
<status status="PASS" start="2024-06-15T12:27:01.217508" elapsed="0.001125"/>
</kw>
<kw name="Run Keyword If" owner="BuiltIn">
<kw name="Should Be True" owner="BuiltIn">
<arg>${True}</arg>
<doc>Fails if the given condition is not true.</doc>
<status status="PASS" start="2024-06-15T12:27:01.219502" elapsed="0.000136"/>
</kw>
<arg>${json_data["results"][0]["location"]["coordinates"]["longitude"]} &gt;= -180 and ${json_data["results"][0]["location"]["coordinates"]["longitude"]} &lt;= 180</arg>
<arg>Should Be True</arg>
<arg>${True}</arg>
<doc>Runs the given keyword with the given arguments, if ``condition`` is true.</doc>
<status status="PASS" start="2024-06-15T12:27:01.218818" elapsed="0.000942"/>
</kw>
<status status="PASS" start="2024-06-15T12:27:01.108896" elapsed="0.110989"/>
</kw>
<doc>Testa o conteúdo específico dos campos retornados pela API.</doc>
<tag>testeConteudo</tag>
<status status="PASS" start="2024-06-15T12:27:01.108473" elapsed="0.111557"/>
</test>
<status status="PASS" start="2024-06-15T12:27:00.327694" elapsed="0.894243"/>
</suite>
<status status="PASS" start="2024-06-15T12:27:00.314290" elapsed="0.912586"/>
</suite>
<statistics>
<total>
<stat pass="5" fail="0" skip="0">All Tests</stat>
</total>
<tag>
<stat pass="1" fail="0" skip="0">testeConteudo</stat>
<stat pass="1" fail="0" skip="0">testeEstruturaResposta</stat>
<stat pass="1" fail="0" skip="0">testeRequisicaoBasica</stat>
<stat pass="1" fail="0" skip="0">testeTiposDados</stat>
</tag>
<suite>
<stat pass="5" fail="0" skip="0" id="s1" name="Tests">Tests</stat>
<stat pass="5" fail="0" skip="0" id="s1-s1" name="Random-User-Test">Tests.Random-User-Test</stat>
</suite>
</statistics>
<errors>
</errors>
</robot>
