<?xml version="1.0" encoding="UTF-8"?>
<robot generator="Robot 7.0 (Python 3.12.2 on linux)" generated="2024-03-28T14:14:51.436798" rpa="false" schemaversion="5">
<suite id="s1" name="Tests" source="/home/runner/work/DesafioQAItauRogerioJordao/DesafioQAItauRogerioJordao/RamdonUser/tests">
<suite id="s1-s1" name="Random-User-Test" source="/home/runner/work/DesafioQAItauRogerioJordao/DesafioQAItauRogerioJordao/RamdonUser/tests/random-user-test.robot">
<test id="s1-s1-t1" name="Conectar" line="13">
<kw name="Conectar API" owner="random-user-service">
<kw name="Create Session" owner="RequestsLibrary">
<msg time="2024-03-28T14:14:51.813011" level="INFO">Creating Session using : alias=consultarAPI, url=https://randomuser.me/, headers={},                     cookies={}, auth=None, timeout=None, proxies=None, verify=False,                     debug=0 </msg>
<arg>consultarAPI</arg>
<arg>${URL}</arg>
<doc>Create Session: create a HTTP session to a server</doc>
<status status="PASS" start="2024-03-28T14:14:51.812798" elapsed="0.000398"/>
</kw>
<status status="PASS" start="2024-03-28T14:14:51.811703" elapsed="0.001855"/>
</kw>
<status status="PASS" start="2024-03-28T14:14:51.811129" elapsed="0.002632"/>
</test>
<test id="s1-s1-t2" name="Validar retorno 200 e JSON Válido" line="16">
<kw name="Teste de Requisicao Basica" owner="random-user-service">
<kw name="GET On Session" owner="RequestsLibrary">
<msg time="2024-03-28T14:14:51.916658" level="INFO">GET Request : url=https://randomuser.me/api 
 path_url=/api 
 headers={'User-Agent': 'python-requests/2.31.0', 'Accept-Encoding': 'gzip, deflate', 'Accept': '*/*', 'Connection': 'keep-alive'} 
 body=None 
 </msg>
<msg time="2024-03-28T14:14:51.916828" level="INFO">GET Response : url=https://randomuser.me/api 
 status=200, reason=OK 
 headers={'Date': 'Thu, 28 Mar 2024 14:14:51 GMT', 'Content-Type': 'application/json; charset=utf-8', 'Transfer-Encoding': 'chunked', 'Connection': 'keep-alive', 'X-Powered-By': 'Express', 'Access-Control-Allow-Origin': '*', 'Cache-Control': 'no-cache', 'ETag': 'W/"48d-nUmBiAIabHdZcg+w2rv4QV9Dbss"', 'Vary': 'Accept-Encoding', 'Content-Encoding': 'gzip', 'CF-Cache-Status': 'DYNAMIC', 'Report-To': '{"endpoints":[{"url":"https:\\/\\/a.nel.cloudflare.com\\/report\\/v4?s=%2FBdx%2FldTl0wYV00NOhOzzTw0jTekw3nis7aos2ldeczmiemzT9xgp74xhB61ERAZwjtJsm%2BanBNzlpDvIO7VLqDQY1grzMqJEu1I3q%2B7h9DE%2BKSqeuBl2AAtCzQ2P5g6"}],"group":"cf-nel","max_age":604800}', 'NEL': '{"success_fraction":0,"report_to":"cf-nel","max_age":604800}', 'Server': 'cloudflare', 'CF-RAY': '86b83a9df84115ca-SJC', 'alt-svc': 'h3=":443"; ma=86400'} 
 body={"results":[{"gender":"male","name":{"title":"Mr","first":"Jonas","last":"Jørgensen"},"location":{"street":{"number":8650,"name":"Højen"},"city":"Frederiksberg","state":"Hovedstaden","country":"Denmark","postcode":18429,"coordinates":{"latitude":"-45.6618","longitude":"-121.6691"},"timezone":{"offset":"+10:00","description":"Eastern Australia, Guam, Vladivostok"}},"email":"jonas.jorgensen@example.com","login":{"uuid":"65fd5331-8cce-4492-b322-bf135b7c5f5e","username":"blackdog773","password":"caster","salt":"GXU6rLi7","md5":"616f6513e9337c05e5abea85a01a43d0","sha1":"294a91039839c7ac8f8e5b8bdd316355c71958b7","sha256":"dfa1ad1c32b08edc0822dfc08bf846526fcac18cc594e16e3ed65a6e4957747b"},"dob":{"date":"2001-04-08T00:23:54.325Z","age":22},"registered":{"date":"2003-08-22T08:30:22.316Z","age":20},"phone":"37473939","cell":"09505642","id":{"name":"CPR","value":"0704101-6349"},"picture":{"large":"https://randomuser.me/api/portraits/men/19.jpg","medium":"https://randomuser.me/api/portraits/med/men/19.jpg","thumbnail":"https://randomuser.me/api/portraits/thumb/men/19.jpg"},"nat":"DK"}],"info":{"seed":"037449d9d350d861","results":1,"page":1,"version":"1.4"}} 
 </msg>
<msg time="2024-03-28T14:14:51.916945" level="INFO">/opt/hostedtoolcache/Python/3.12.2/x64/lib/python3.12/site-packages/urllib3/connectionpool.py:1103: InsecureRequestWarning: Unverified HTTPS request is being made to host 'randomuser.me'. Adding certificate verification is strongly advised. See: https://urllib3.readthedocs.io/en/latest/advanced-usage.html#tls-warnings
  warnings.warn(</msg>
<msg time="2024-03-28T14:14:51.917082" level="INFO">${response} = &lt;Response [200]&gt;</msg>
<var>${response}</var>
<arg>consultarAPI</arg>
<arg>/api</arg>
<doc>Sends a GET request on a previously created HTTP Session.</doc>
<status status="PASS" start="2024-03-28T14:14:51.816338" elapsed="0.100785"/>
</kw>
<kw name="Should Be Equal As Numbers" owner="BuiltIn">
<msg time="2024-03-28T14:14:51.918137" level="INFO">Argument types are:
&lt;class 'int'&gt;
&lt;class 'str'&gt;</msg>
<arg>${response.status_code}</arg>
<arg>200</arg>
<doc>Fails if objects are unequal after converting them to real numbers.</doc>
<status status="PASS" start="2024-03-28T14:14:51.917674" elapsed="0.000529"/>
</kw>
<kw name="Log" owner="BuiltIn">
<msg time="2024-03-28T14:14:51.918882" level="INFO">200</msg>
<arg>${response.status_code}</arg>
<doc>Logs the given message with the given level.</doc>
<status status="PASS" start="2024-03-28T14:14:51.918522" elapsed="0.000403"/>
</kw>
<kw name="Set Variable" owner="BuiltIn">
<msg time="2024-03-28T14:14:51.919680" level="INFO">${json_data} = {'results': [{'gender': 'male', 'name': {'title': 'Mr', 'first': 'Jonas', 'last': 'Jørgensen'}, 'location': {'street': {'number': 8650, 'name': 'Højen'}, 'city': 'Frederiksberg', 'state': 'Hovedstaden...</msg>
<var>${json_data}</var>
<arg>${response.json()}</arg>
<doc>Returns the given values which can then be assigned to a variables.</doc>
<status status="PASS" start="2024-03-28T14:14:51.919230" elapsed="0.000479"/>
</kw>
<kw name="Dictionary Should Contain Key" owner="Collections">
<msg time="2024-03-28T14:14:51.920185" level="INFO">False</msg>
<arg>${json_data}</arg>
<arg>results</arg>
<doc>Fails if ``key`` is not found from ``dictionary``.</doc>
<status status="PASS" start="2024-03-28T14:14:51.920016" elapsed="0.000209"/>
</kw>
<status status="PASS" start="2024-03-28T14:14:51.816053" elapsed="0.104479"/>
</kw>
<doc>Testa se a API responde corretamente e retorna um objeto JSON válido.</doc>
<tag>testeRequisicaoBasica</tag>
<status status="PASS" start="2024-03-28T14:14:51.815580" elapsed="0.105142"/>
</test>
<test id="s1-s1-t3" name="Validar estrutura de resposta" line="22">
<kw name="Teste de Estrutura de Resposta" owner="random-user-service">
<kw name="GET On Session" owner="RequestsLibrary">
<msg time="2024-03-28T14:14:52.042176" level="INFO">GET Request : url=https://randomuser.me/api 
 path_url=/api 
 headers={'User-Agent': 'python-requests/2.31.0', 'Accept-Encoding': 'gzip, deflate', 'Accept': '*/*', 'Connection': 'keep-alive'} 
 body=None 
 </msg>
<msg time="2024-03-28T14:14:52.042280" level="INFO">GET Response : url=https://randomuser.me/api 
 status=200, reason=OK 
 headers={'Date': 'Thu, 28 Mar 2024 14:14:52 GMT', 'Content-Type': 'application/json; charset=utf-8', 'Transfer-Encoding': 'chunked', 'Connection': 'keep-alive', 'X-Powered-By': 'Express', 'Access-Control-Allow-Origin': '*', 'Cache-Control': 'no-cache', 'ETag': 'W/"482-eSKv+USNt3k3TBQH06BT3HlmF84"', 'Vary': 'Accept-Encoding', 'Content-Encoding': 'gzip', 'CF-Cache-Status': 'DYNAMIC', 'Report-To': '{"endpoints":[{"url":"https:\\/\\/a.nel.cloudflare.com\\/report\\/v4?s=reFm5XrPsSEHdvyKknR8Pfo2BRZxUTGZeTbDPynn6EUx5R%2Fj%2FXwr1gr%2B0C8qc%2F7rQOstmrWyfpnJkgWxNlgQk20o9Od2nzDyCV7%2BH9YrYkwV5Xq1aPukO7XKCDyFbP%2FB"}],"group":"cf-nel","max_age":604800}', 'NEL': '{"success_fraction":0,"report_to":"cf-nel","max_age":604800}', 'Server': 'cloudflare', 'CF-RAY': '86b83a9e88ae15ca-SJC', 'alt-svc': 'h3=":443"; ma=86400'} 
 body={"results":[{"gender":"female","name":{"title":"Mrs","first":"Luisa","last":"Armas"},"location":{"street":{"number":4618,"name":"Calzada Gastélum"},"city":"Zumpango","state":"Jalisco","country":"Mexico","postcode":97019,"coordinates":{"latitude":"28.3339","longitude":"38.0157"},"timezone":{"offset":"-2:00","description":"Mid-Atlantic"}},"email":"luisa.armas@example.com","login":{"uuid":"917674f7-f34c-4bd5-ae7e-0c64f33ee427","username":"tinybear790","password":"jenkins","salt":"osUT1vA3","md5":"d2c01fb7c43a0b5f0696caed4a676da5","sha1":"d7f7b0a63359216e5bf2a31dd3f1d685aa639b9c","sha256":"c501e62ac7013b4f9645e5acbd84176f39c41e9fdd5b3e8d5ed734a22f24e70f"},"dob":{"date":"1968-07-27T02:48:01.648Z","age":55},"registered":{"date":"2008-01-08T02:38:48.080Z","age":16},"phone":"(621) 992 1431","cell":"(691) 482 7473","id":{"name":"NSS","value":"60 86 68 3938 6"},"picture":{"large":"https://randomuser.me/api/portraits/women/95.jpg","medium":"https://randomuser.me/api/portraits/med/women/95.jpg","thumbnail":"https://randomuser.me/api/portraits/thumb/women/95.jpg"},"nat":"MX"}],"info":{"seed":"c45c9c8f4574c16b","results":1,"page":1,"version":"1.4"}} 
 </msg>
<msg time="2024-03-28T14:14:52.042437" level="INFO">/opt/hostedtoolcache/Python/3.12.2/x64/lib/python3.12/site-packages/urllib3/connectionpool.py:1103: InsecureRequestWarning: Unverified HTTPS request is being made to host 'randomuser.me'. Adding certificate verification is strongly advised. See: https://urllib3.readthedocs.io/en/latest/advanced-usage.html#tls-warnings
  warnings.warn(</msg>
<msg time="2024-03-28T14:14:52.042574" level="INFO">${response} = &lt;Response [200]&gt;</msg>
<var>${response}</var>
<arg>consultarAPI</arg>
<arg>/api</arg>
<doc>Sends a GET request on a previously created HTTP Session.</doc>
<status status="PASS" start="2024-03-28T14:14:51.923620" elapsed="0.118997"/>
</kw>
<kw name="Set Variable" owner="BuiltIn">
<msg time="2024-03-28T14:14:52.043817" level="INFO">${json_data} = {'results': [{'gender': 'female', 'name': {'title': 'Mrs', 'first': 'Luisa', 'last': 'Armas'}, 'location': {'street': {'number': 4618, 'name': 'Calzada Gastélum'}, 'city': 'Zumpango', 'state': 'Jalisc...</msg>
<var>${json_data}</var>
<arg>${response.json()}</arg>
<doc>Returns the given values which can then be assigned to a variables.</doc>
<status status="PASS" start="2024-03-28T14:14:52.043234" elapsed="0.000614"/>
</kw>
<kw name="Log" owner="BuiltIn">
<msg time="2024-03-28T14:14:52.044388" level="INFO">{'results': [{'gender': 'female', 'name': {'title': 'Mrs', 'first': 'Luisa', 'last': 'Armas'}, 'location': {'street': {'number': 4618, 'name': 'Calzada Gastélum'}, 'city': 'Zumpango', 'state': 'Jalisco', 'country': 'Mexico', 'postcode': 97019, 'coordinates': {'latitude': '28.3339', 'longitude': '38.0157'}, 'timezone': {'offset': '-2:00', 'description': 'Mid-Atlantic'}}, 'email': 'luisa.armas@example.com', 'login': {'uuid': '917674f7-f34c-4bd5-ae7e-0c64f33ee427', 'username': 'tinybear790', 'password': 'jenkins', 'salt': 'osUT1vA3', 'md5': 'd2c01fb7c43a0b5f0696caed4a676da5', 'sha1': 'd7f7b0a63359216e5bf2a31dd3f1d685aa639b9c', 'sha256': 'c501e62ac7013b4f9645e5acbd84176f39c41e9fdd5b3e8d5ed734a22f24e70f'}, 'dob': {'date': '1968-07-27T02:48:01.648Z', 'age': 55}, 'registered': {'date': '2008-01-08T02:38:48.080Z', 'age': 16}, 'phone': '(621) 992 1431', 'cell': '(691) 482 7473', 'id': {'name': 'NSS', 'value': '60 86 68 3938 6'}, 'picture': {'large': 'https://randomuser.me/api/portraits/women/95.jpg', 'medium': 'https://randomuser.me/api/portraits/med/women/95.jpg', 'thumbnail': 'https://randomuser.me/api/portraits/thumb/women/95.jpg'}, 'nat': 'MX'}], 'info': {'seed': 'c45c9c8f4574c16b', 'results': 1, 'page': 1, 'version': '1.4'}}</msg>
<arg>${json_data}</arg>
<doc>Logs the given message with the given level.</doc>
<status status="PASS" start="2024-03-28T14:14:52.044163" elapsed="0.000279"/>
</kw>
<kw name="Dictionary Should Contain Key" owner="Collections">
<msg time="2024-03-28T14:14:52.044912" level="INFO">False</msg>
<arg>${json_data}</arg>
<arg>results</arg>
<doc>Fails if ``key`` is not found from ``dictionary``.</doc>
<status status="PASS" start="2024-03-28T14:14:52.044752" elapsed="0.000197"/>
</kw>
<kw name="Should Not Be Empty" owner="BuiltIn">
<msg time="2024-03-28T14:14:52.045387" level="INFO">Length is 2.</msg>
<arg>${json_data}</arg>
<doc>Verifies that the given item is not empty.</doc>
<status status="PASS" start="2024-03-28T14:14:52.045251" elapsed="0.000176"/>
</kw>
<kw name="Create List" owner="BuiltIn">
<msg time="2024-03-28T14:14:52.045879" level="INFO">${expected_keys} = ['gender', 'name', 'location', 'email', 'login']</msg>
<var>${expected_keys}</var>
<arg>gender</arg>
<arg>name</arg>
<arg>location</arg>
<arg>email</arg>
<arg>login</arg>
<doc>Returns a list containing given items.</doc>
<status status="PASS" start="2024-03-28T14:14:52.045726" elapsed="0.000178"/>
</kw>
<for flavor="IN">
<iter>
<kw name="Dictionary Should Contain Key" owner="Collections">
<msg time="2024-03-28T14:14:52.046915" level="INFO">False</msg>
<arg>${json_data['results'][0]}</arg>
<arg>${key}</arg>
<doc>Fails if ``key`` is not found from ``dictionary``.</doc>
<status status="PASS" start="2024-03-28T14:14:52.046491" elapsed="0.000464"/>
</kw>
<kw name="Log" owner="BuiltIn">
<msg time="2024-03-28T14:14:52.047627" level="INFO">{'gender': 'female', 'name': {'title': 'Mrs', 'first': 'Luisa', 'last': 'Armas'}, 'location': {'street': {'number': 4618, 'name': 'Calzada Gastélum'}, 'city': 'Zumpango', 'state': 'Jalisco', 'country': 'Mexico', 'postcode': 97019, 'coordinates': {'latitude': '28.3339', 'longitude': '38.0157'}, 'timezone': {'offset': '-2:00', 'description': 'Mid-Atlantic'}}, 'email': 'luisa.armas@example.com', 'login': {'uuid': '917674f7-f34c-4bd5-ae7e-0c64f33ee427', 'username': 'tinybear790', 'password': 'jenkins', 'salt': 'osUT1vA3', 'md5': 'd2c01fb7c43a0b5f0696caed4a676da5', 'sha1': 'd7f7b0a63359216e5bf2a31dd3f1d685aa639b9c', 'sha256': 'c501e62ac7013b4f9645e5acbd84176f39c41e9fdd5b3e8d5ed734a22f24e70f'}, 'dob': {'date': '1968-07-27T02:48:01.648Z', 'age': 55}, 'registered': {'date': '2008-01-08T02:38:48.080Z', 'age': 16}, 'phone': '(621) 992 1431', 'cell': '(691) 482 7473', 'id': {'name': 'NSS', 'value': '60 86 68 3938 6'}, 'picture': {'large': 'https://randomuser.me/api/portraits/women/95.jpg', 'medium': 'https://randomuser.me/api/portraits/med/women/95.jpg', 'thumbnail': 'https://randomuser.me/api/portraits/thumb/women/95.jpg'}, 'nat': 'MX'}</msg>
<arg>${json_data['results'][0]}</arg>
<doc>Logs the given message with the given level.</doc>
<status status="PASS" start="2024-03-28T14:14:52.047260" elapsed="0.000423"/>
</kw>
<kw name="Log" owner="BuiltIn">
<msg time="2024-03-28T14:14:52.048117" level="INFO">gender</msg>
<arg>${key}</arg>
<doc>Logs the given message with the given level.</doc>
<status status="PASS" start="2024-03-28T14:14:52.047986" elapsed="0.000169"/>
</kw>
<var name="${key}">gender</var>
<status status="PASS" start="2024-03-28T14:14:52.046366" elapsed="0.002028"/>
</iter>
<iter>
<kw name="Dictionary Should Contain Key" owner="Collections">
<msg time="2024-03-28T14:14:52.049091" level="INFO">False</msg>
<arg>${json_data['results'][0]}</arg>
<arg>${key}</arg>
<doc>Fails if ``key`` is not found from ``dictionary``.</doc>
<status status="PASS" start="2024-03-28T14:14:52.048702" elapsed="0.000427"/>
</kw>
<kw name="Log" owner="BuiltIn">
<msg time="2024-03-28T14:14:52.049825" level="INFO">{'gender': 'female', 'name': {'title': 'Mrs', 'first': 'Luisa', 'last': 'Armas'}, 'location': {'street': {'number': 4618, 'name': 'Calzada Gastélum'}, 'city': 'Zumpango', 'state': 'Jalisco', 'country': 'Mexico', 'postcode': 97019, 'coordinates': {'latitude': '28.3339', 'longitude': '38.0157'}, 'timezone': {'offset': '-2:00', 'description': 'Mid-Atlantic'}}, 'email': 'luisa.armas@example.com', 'login': {'uuid': '917674f7-f34c-4bd5-ae7e-0c64f33ee427', 'username': 'tinybear790', 'password': 'jenkins', 'salt': 'osUT1vA3', 'md5': 'd2c01fb7c43a0b5f0696caed4a676da5', 'sha1': 'd7f7b0a63359216e5bf2a31dd3f1d685aa639b9c', 'sha256': 'c501e62ac7013b4f9645e5acbd84176f39c41e9fdd5b3e8d5ed734a22f24e70f'}, 'dob': {'date': '1968-07-27T02:48:01.648Z', 'age': 55}, 'registered': {'date': '2008-01-08T02:38:48.080Z', 'age': 16}, 'phone': '(621) 992 1431', 'cell': '(691) 482 7473', 'id': {'name': 'NSS', 'value': '60 86 68 3938 6'}, 'picture': {'large': 'https://randomuser.me/api/portraits/women/95.jpg', 'medium': 'https://randomuser.me/api/portraits/med/women/95.jpg', 'thumbnail': 'https://randomuser.me/api/portraits/thumb/women/95.jpg'}, 'nat': 'MX'}</msg>
<arg>${json_data['results'][0]}</arg>
<doc>Logs the given message with the given level.</doc>
<status status="PASS" start="2024-03-28T14:14:52.049461" elapsed="0.000415"/>
</kw>
<kw name="Log" owner="BuiltIn">
<msg time="2024-03-28T14:14:52.050305" level="INFO">name</msg>
<arg>${key}</arg>
<doc>Logs the given message with the given level.</doc>
<status status="PASS" start="2024-03-28T14:14:52.050176" elapsed="0.000166"/>
</kw>
<var name="${key}">name</var>
<status status="PASS" start="2024-03-28T14:14:52.048587" elapsed="0.001973"/>
</iter>
<iter>
<kw name="Dictionary Should Contain Key" owner="Collections">
<msg time="2024-03-28T14:14:52.051227" level="INFO">False</msg>
<arg>${json_data['results'][0]}</arg>
<arg>${key}</arg>
<doc>Fails if ``key`` is not found from ``dictionary``.</doc>
<status status="PASS" start="2024-03-28T14:14:52.050852" elapsed="0.000412"/>
</kw>
<kw name="Log" owner="BuiltIn">
<msg time="2024-03-28T14:14:52.051927" level="INFO">{'gender': 'female', 'name': {'title': 'Mrs', 'first': 'Luisa', 'last': 'Armas'}, 'location': {'street': {'number': 4618, 'name': 'Calzada Gastélum'}, 'city': 'Zumpango', 'state': 'Jalisco', 'country': 'Mexico', 'postcode': 97019, 'coordinates': {'latitude': '28.3339', 'longitude': '38.0157'}, 'timezone': {'offset': '-2:00', 'description': 'Mid-Atlantic'}}, 'email': 'luisa.armas@example.com', 'login': {'uuid': '917674f7-f34c-4bd5-ae7e-0c64f33ee427', 'username': 'tinybear790', 'password': 'jenkins', 'salt': 'osUT1vA3', 'md5': 'd2c01fb7c43a0b5f0696caed4a676da5', 'sha1': 'd7f7b0a63359216e5bf2a31dd3f1d685aa639b9c', 'sha256': 'c501e62ac7013b4f9645e5acbd84176f39c41e9fdd5b3e8d5ed734a22f24e70f'}, 'dob': {'date': '1968-07-27T02:48:01.648Z', 'age': 55}, 'registered': {'date': '2008-01-08T02:38:48.080Z', 'age': 16}, 'phone': '(621) 992 1431', 'cell': '(691) 482 7473', 'id': {'name': 'NSS', 'value': '60 86 68 3938 6'}, 'picture': {'large': 'https://randomuser.me/api/portraits/women/95.jpg', 'medium': 'https://randomuser.me/api/portraits/med/women/95.jpg', 'thumbnail': 'https://randomuser.me/api/portraits/thumb/women/95.jpg'}, 'nat': 'MX'}</msg>
<arg>${json_data['results'][0]}</arg>
<doc>Logs the given message with the given level.</doc>
<status status="PASS" start="2024-03-28T14:14:52.051562" elapsed="0.000420"/>
</kw>
<kw name="Log" owner="BuiltIn">
<msg time="2024-03-28T14:14:52.052448" level="INFO">location</msg>
<arg>${key}</arg>
<doc>Logs the given message with the given level.</doc>
<status status="PASS" start="2024-03-28T14:14:52.052299" elapsed="0.000188"/>
</kw>
<var name="${key}">location</var>
<status status="PASS" start="2024-03-28T14:14:52.050742" elapsed="0.001964"/>
</iter>
<iter>
<kw name="Dictionary Should Contain Key" owner="Collections">
<msg time="2024-03-28T14:14:52.053366" level="INFO">False</msg>
<arg>${json_data['results'][0]}</arg>
<arg>${key}</arg>
<doc>Fails if ``key`` is not found from ``dictionary``.</doc>
<status status="PASS" start="2024-03-28T14:14:52.052986" elapsed="0.000418"/>
</kw>
<kw name="Log" owner="BuiltIn">
<msg time="2024-03-28T14:14:52.054064" level="INFO">{'gender': 'female', 'name': {'title': 'Mrs', 'first': 'Luisa', 'last': 'Armas'}, 'location': {'street': {'number': 4618, 'name': 'Calzada Gastélum'}, 'city': 'Zumpango', 'state': 'Jalisco', 'country': 'Mexico', 'postcode': 97019, 'coordinates': {'latitude': '28.3339', 'longitude': '38.0157'}, 'timezone': {'offset': '-2:00', 'description': 'Mid-Atlantic'}}, 'email': 'luisa.armas@example.com', 'login': {'uuid': '917674f7-f34c-4bd5-ae7e-0c64f33ee427', 'username': 'tinybear790', 'password': 'jenkins', 'salt': 'osUT1vA3', 'md5': 'd2c01fb7c43a0b5f0696caed4a676da5', 'sha1': 'd7f7b0a63359216e5bf2a31dd3f1d685aa639b9c', 'sha256': 'c501e62ac7013b4f9645e5acbd84176f39c41e9fdd5b3e8d5ed734a22f24e70f'}, 'dob': {'date': '1968-07-27T02:48:01.648Z', 'age': 55}, 'registered': {'date': '2008-01-08T02:38:48.080Z', 'age': 16}, 'phone': '(621) 992 1431', 'cell': '(691) 482 7473', 'id': {'name': 'NSS', 'value': '60 86 68 3938 6'}, 'picture': {'large': 'https://randomuser.me/api/portraits/women/95.jpg', 'medium': 'https://randomuser.me/api/portraits/med/women/95.jpg', 'thumbnail': 'https://randomuser.me/api/portraits/thumb/women/95.jpg'}, 'nat': 'MX'}</msg>
<arg>${json_data['results'][0]}</arg>
<doc>Logs the given message with the given level.</doc>
<status status="PASS" start="2024-03-28T14:14:52.053700" elapsed="0.000413"/>
</kw>
<kw name="Log" owner="BuiltIn">
<msg time="2024-03-28T14:14:52.054536" level="INFO">email</msg>
<arg>${key}</arg>
<doc>Logs the given message with the given level.</doc>
<status status="PASS" start="2024-03-28T14:14:52.054408" elapsed="0.000167"/>
</kw>
<var name="${key}">email</var>
<status status="PASS" start="2024-03-28T14:14:52.052878" elapsed="0.001910"/>
</iter>
<iter>
<kw name="Dictionary Should Contain Key" owner="Collections">
<msg time="2024-03-28T14:14:52.055455" level="INFO">False</msg>
<arg>${json_data['results'][0]}</arg>
<arg>${key}</arg>
<doc>Fails if ``key`` is not found from ``dictionary``.</doc>
<status status="PASS" start="2024-03-28T14:14:52.055075" elapsed="0.000417"/>
</kw>
<kw name="Log" owner="BuiltIn">
<msg time="2024-03-28T14:14:52.056144" level="INFO">{'gender': 'female', 'name': {'title': 'Mrs', 'first': 'Luisa', 'last': 'Armas'}, 'location': {'street': {'number': 4618, 'name': 'Calzada Gastélum'}, 'city': 'Zumpango', 'state': 'Jalisco', 'country': 'Mexico', 'postcode': 97019, 'coordinates': {'latitude': '28.3339', 'longitude': '38.0157'}, 'timezone': {'offset': '-2:00', 'description': 'Mid-Atlantic'}}, 'email': 'luisa.armas@example.com', 'login': {'uuid': '917674f7-f34c-4bd5-ae7e-0c64f33ee427', 'username': 'tinybear790', 'password': 'jenkins', 'salt': 'osUT1vA3', 'md5': 'd2c01fb7c43a0b5f0696caed4a676da5', 'sha1': 'd7f7b0a63359216e5bf2a31dd3f1d685aa639b9c', 'sha256': 'c501e62ac7013b4f9645e5acbd84176f39c41e9fdd5b3e8d5ed734a22f24e70f'}, 'dob': {'date': '1968-07-27T02:48:01.648Z', 'age': 55}, 'registered': {'date': '2008-01-08T02:38:48.080Z', 'age': 16}, 'phone': '(621) 992 1431', 'cell': '(691) 482 7473', 'id': {'name': 'NSS', 'value': '60 86 68 3938 6'}, 'picture': {'large': 'https://randomuser.me/api/portraits/women/95.jpg', 'medium': 'https://randomuser.me/api/portraits/med/women/95.jpg', 'thumbnail': 'https://randomuser.me/api/portraits/thumb/women/95.jpg'}, 'nat': 'MX'}</msg>
<arg>${json_data['results'][0]}</arg>
<doc>Logs the given message with the given level.</doc>
<status status="PASS" start="2024-03-28T14:14:52.055783" elapsed="0.000411"/>
</kw>
<kw name="Log" owner="BuiltIn">
<msg time="2024-03-28T14:14:52.056637" level="INFO">login</msg>
<arg>${key}</arg>
<doc>Logs the given message with the given level.</doc>
<status status="PASS" start="2024-03-28T14:14:52.056509" elapsed="0.000277"/>
</kw>
<var name="${key}">login</var>
<status status="PASS" start="2024-03-28T14:14:52.054960" elapsed="0.002049"/>
</iter>
<var>${key}</var>
<value>@{expected_keys}</value>
<status status="PASS" start="2024-03-28T14:14:52.046170" elapsed="0.010987"/>
</for>
<kw name="Create List" owner="BuiltIn">
<msg time="2024-03-28T14:14:52.057500" level="INFO">${expected_keysTwo} = ['username', 'password']</msg>
<var>${expected_keysTwo}</var>
<arg>username</arg>
<arg>password</arg>
<doc>Returns a list containing given items.</doc>
<status status="PASS" start="2024-03-28T14:14:52.057361" elapsed="0.000163"/>
</kw>
<for flavor="IN">
<iter>
<kw name="Dictionary Should Contain Key" owner="Collections">
<msg time="2024-03-28T14:14:52.058407" level="INFO">False</msg>
<arg>${json_data['results'][0]['login']}</arg>
<arg>${keyTwo}</arg>
<doc>Fails if ``key`` is not found from ``dictionary``.</doc>
<status status="PASS" start="2024-03-28T14:14:52.058029" elapsed="0.000415"/>
</kw>
<kw name="Dictionary Should Contain Key" owner="Collections">
<msg time="2024-03-28T14:14:52.059120" level="INFO">False</msg>
<arg>${json_data['results'][0]['login']}</arg>
<arg>${keyTwo}</arg>
<doc>Fails if ``key`` is not found from ``dictionary``.</doc>
<status status="PASS" start="2024-03-28T14:14:52.058737" elapsed="0.000422"/>
</kw>
<kw name="Log" owner="BuiltIn">
<msg time="2024-03-28T14:14:52.059594" level="INFO">username</msg>
<arg>${keyTwo}</arg>
<doc>Logs the given message with the given level.</doc>
<status status="PASS" start="2024-03-28T14:14:52.059453" elapsed="0.000179"/>
</kw>
<var name="${keyTwo}">username</var>
<status status="PASS" start="2024-03-28T14:14:52.057917" elapsed="0.001927"/>
</iter>
<iter>
<kw name="Dictionary Should Contain Key" owner="Collections">
<msg time="2024-03-28T14:14:52.060553" level="INFO">False</msg>
<arg>${json_data['results'][0]['login']}</arg>
<arg>${keyTwo}</arg>
<doc>Fails if ``key`` is not found from ``dictionary``.</doc>
<status status="PASS" start="2024-03-28T14:14:52.060125" elapsed="0.000466"/>
</kw>
<kw name="Dictionary Should Contain Key" owner="Collections">
<msg time="2024-03-28T14:14:52.061265" level="INFO">False</msg>
<arg>${json_data['results'][0]['login']}</arg>
<arg>${keyTwo}</arg>
<doc>Fails if ``key`` is not found from ``dictionary``.</doc>
<status status="PASS" start="2024-03-28T14:14:52.060883" elapsed="0.000418"/>
</kw>
<kw name="Log" owner="BuiltIn">
<msg time="2024-03-28T14:14:52.061762" level="INFO">password</msg>
<arg>${keyTwo}</arg>
<doc>Logs the given message with the given level.</doc>
<status status="PASS" start="2024-03-28T14:14:52.061613" elapsed="0.000194"/>
</kw>
<var name="${keyTwo}">password</var>
<status status="PASS" start="2024-03-28T14:14:52.060017" elapsed="0.002018"/>
</iter>
<var>${keyTwo}</var>
<value>@{expected_keysTwo}</value>
<status status="PASS" start="2024-03-28T14:14:52.057762" elapsed="0.004395"/>
</for>
<status status="PASS" start="2024-03-28T14:14:51.923384" elapsed="0.138918"/>
</kw>
<doc>Testa a estrutura da resposta da API.</doc>
<tag>testeEstruturaResposta</tag>
<status status="PASS" start="2024-03-28T14:14:51.922650" elapsed="0.139828"/>
</test>
<test id="s1-s1-t4" name="Validar tipos de dados" line="28">
<kw name="Teste de Tipos de Dados" owner="random-user-service">
<kw name="GET On Session" owner="RequestsLibrary">
<msg time="2024-03-28T14:14:52.178392" level="INFO">GET Request : url=https://randomuser.me/api 
 path_url=/api 
 headers={'User-Agent': 'python-requests/2.31.0', 'Accept-Encoding': 'gzip, deflate', 'Accept': '*/*', 'Connection': 'keep-alive'} 
 body=None 
 </msg>
<msg time="2024-03-28T14:14:52.178497" level="INFO">GET Response : url=https://randomuser.me/api 
 status=200, reason=OK 
 headers={'Date': 'Thu, 28 Mar 2024 14:14:52 GMT', 'Content-Type': 'application/json; charset=utf-8', 'Transfer-Encoding': 'chunked', 'Connection': 'keep-alive', 'X-Powered-By': 'Express', 'Access-Control-Allow-Origin': '*', 'Cache-Control': 'no-cache', 'ETag': 'W/"496-7406WrgoU/XUraUAMYajMsHBkNM"', 'Vary': 'Accept-Encoding', 'Content-Encoding': 'gzip', 'CF-Cache-Status': 'DYNAMIC', 'Report-To': '{"endpoints":[{"url":"https:\\/\\/a.nel.cloudflare.com\\/report\\/v4?s=6JA2H6mMKAt0jmVSMgDaUL8LITjyqzaluRVQ6P1kCm3TsJnv7662ZqvYIoBYgx1bUuwBTiNbqKLGs1%2FiwBmpU0k9Wl55W8ToM80fn88cOwIPdDxcHwH2w2gykzOor4EH"}],"group":"cf-nel","max_age":604800}', 'NEL': '{"success_fraction":0,"report_to":"cf-nel","max_age":604800}', 'Server': 'cloudflare', 'CF-RAY': '86b83a9f69a515ca-SJC', 'alt-svc': 'h3=":443"; ma=86400'} 
 body={"results":[{"gender":"male","name":{"title":"Mr","first":"Erik","last":"Knight"},"location":{"street":{"number":8104,"name":"Windsor Road"},"city":"Wolverhampton","state":"County Antrim","country":"United Kingdom","postcode":"EG0Z 4HZ","coordinates":{"latitude":"-7.7345","longitude":"-106.9972"},"timezone":{"offset":"-7:00","description":"Mountain Time (US &amp; Canada)"}},"email":"erik.knight@example.com","login":{"uuid":"483cff20-0a4f-46bf-961d-75b321c760c4","username":"bigsnake508","password":"havana","salt":"aOq7yS9L","md5":"3aab49024064d6819873202f21fefe18","sha1":"92cac62d99bb95e850129baccd9175d56cc82833","sha256":"cb873d7d64b64abf4f0bcb9c58ad3b6e8401f328129f5488ff48db64a4f5ad62"},"dob":{"date":"1965-05-10T12:53:36.756Z","age":58},"registered":{"date":"2016-12-19T13:54:04.554Z","age":7},"phone":"016974 25887","cell":"07213 411484","id":{"name":"NINO","value":"YW 57 23 11 I"},"picture":{"large":"https://randomuser.me/api/portraits/men/20.jpg","medium":"https://randomuser.me/api/portraits/med/men/20.jpg","thumbnail":"https://randomuser.me/api/portraits/thumb/men/20.jpg"},"nat":"GB"}],"info":{"seed":"93c81543a08fc73d","results":1,"page":1,"version":"1.4"}} 
 </msg>
<msg time="2024-03-28T14:14:52.178568" level="INFO">/opt/hostedtoolcache/Python/3.12.2/x64/lib/python3.12/site-packages/urllib3/connectionpool.py:1103: InsecureRequestWarning: Unverified HTTPS request is being made to host 'randomuser.me'. Adding certificate verification is strongly advised. See: https://urllib3.readthedocs.io/en/latest/advanced-usage.html#tls-warnings
  warnings.warn(</msg>
<msg time="2024-03-28T14:14:52.178692" level="INFO">${response} = &lt;Response [200]&gt;</msg>
<var>${response}</var>
<arg>consultarAPI</arg>
<arg>/api</arg>
<doc>Sends a GET request on a previously created HTTP Session.</doc>
<status status="PASS" start="2024-03-28T14:14:52.065012" elapsed="0.113722"/>
</kw>
<kw name="Set Variable" owner="BuiltIn">
<msg time="2024-03-28T14:14:52.179993" level="INFO">${json_data} = {'results': [{'gender': 'male', 'name': {'title': 'Mr', 'first': 'Erik', 'last': 'Knight'}, 'location': {'street': {'number': 8104, 'name': 'Windsor Road'}, 'city': 'Wolverhampton', 'state': 'County A...</msg>
<var>${json_data}</var>
<arg>${response.json()}</arg>
<doc>Returns the given values which can then be assigned to a variables.</doc>
<status status="PASS" start="2024-03-28T14:14:52.179389" elapsed="0.000634"/>
</kw>
<kw name="Log" owner="BuiltIn">
<msg time="2024-03-28T14:14:52.180608" level="INFO">{'results': [{'gender': 'male', 'name': {'title': 'Mr', 'first': 'Erik', 'last': 'Knight'}, 'location': {'street': {'number': 8104, 'name': 'Windsor Road'}, 'city': 'Wolverhampton', 'state': 'County Antrim', 'country': 'United Kingdom', 'postcode': 'EG0Z 4HZ', 'coordinates': {'latitude': '-7.7345', 'longitude': '-106.9972'}, 'timezone': {'offset': '-7:00', 'description': 'Mountain Time (US &amp; Canada)'}}, 'email': 'erik.knight@example.com', 'login': {'uuid': '483cff20-0a4f-46bf-961d-75b321c760c4', 'username': 'bigsnake508', 'password': 'havana', 'salt': 'aOq7yS9L', 'md5': '3aab49024064d6819873202f21fefe18', 'sha1': '92cac62d99bb95e850129baccd9175d56cc82833', 'sha256': 'cb873d7d64b64abf4f0bcb9c58ad3b6e8401f328129f5488ff48db64a4f5ad62'}, 'dob': {'date': '1965-05-10T12:53:36.756Z', 'age': 58}, 'registered': {'date': '2016-12-19T13:54:04.554Z', 'age': 7}, 'phone': '016974 25887', 'cell': '07213 411484', 'id': {'name': 'NINO', 'value': 'YW 57 23 11 I'}, 'picture': {'large': 'https://randomuser.me/api/portraits/men/20.jpg', 'medium': 'https://randomuser.me/api/portraits/med/men/20.jpg', 'thumbnail': 'https://randomuser.me/api/portraits/thumb/men/20.jpg'}, 'nat': 'GB'}], 'info': {'seed': '93c81543a08fc73d', 'results': 1, 'page': 1, 'version': '1.4'}}</msg>
<arg>${json_data}</arg>
<doc>Logs the given message with the given level.</doc>
<status status="PASS" start="2024-03-28T14:14:52.180432" elapsed="0.000269"/>
</kw>
<kw name="Should Be String" owner="String">
<arg>${json_data['results'][0]['gender']}</arg>
<doc>Fails if the given ``item`` is not a string.</doc>
<status status="PASS" start="2024-03-28T14:14:52.181027" elapsed="0.000387"/>
</kw>
<kw name="Should Match Regexp" owner="BuiltIn">
<arg>${json_data['results'][0]['email']}</arg>
<arg>^[a-zA-Z0-9._%+-]+@[a-zA-Z0-9.-]+\.[a-zA-Z]{2,}$</arg>
<doc>Fails if ``string`` does not match ``pattern`` as a regular expression.</doc>
<status status="PASS" start="2024-03-28T14:14:52.181615" elapsed="0.000540"/>
</kw>
<kw name="Should Match Regexp" owner="BuiltIn">
<arg>${json_data['results'][0]['dob']['date']}</arg>
<arg>\\d{4}-\\d{2}-\\d{2}T\\d{2}:\\d{2}:\\d{2}\\.\\d{3}Z</arg>
<doc>Fails if ``string`` does not match ``pattern`` as a regular expression.</doc>
<status status="PASS" start="2024-03-28T14:14:52.182357" elapsed="0.000503"/>
</kw>
<kw name="Should Match Regexp" owner="BuiltIn">
<arg>${json_data['results'][0]['registered']['date']}</arg>
<arg>\\d{4}-\\d{2}-\\d{2}T\\d{2}:\\d{2}:\\d{2}\\.\\d{3}Z</arg>
<doc>Fails if ``string`` does not match ``pattern`` as a regular expression.</doc>
<status status="PASS" start="2024-03-28T14:14:52.183055" elapsed="0.000377"/>
</kw>
<kw name="Should Match Regexp" owner="BuiltIn">
<arg>${json_data['results'][0]['picture']['large']}</arg>
<arg>^https?://.*\.(?:png|jpe?g|gif|bmp)$</arg>
<doc>Fails if ``string`` does not match ``pattern`` as a regular expression.</doc>
<status status="PASS" start="2024-03-28T14:14:52.183621" elapsed="0.000466"/>
</kw>
<kw name="Should Match Regexp" owner="BuiltIn">
<arg>${json_data['results'][0]['picture']['medium']}</arg>
<arg>^https?://.*\.(?:png|jpe?g|gif|bmp)$</arg>
<doc>Fails if ``string`` does not match ``pattern`` as a regular expression.</doc>
<status status="PASS" start="2024-03-28T14:14:52.184301" elapsed="0.000371"/>
</kw>
<kw name="Should Match Regexp" owner="BuiltIn">
<arg>${json_data['results'][0]['picture']['thumbnail']}</arg>
<arg>^https?://.*\.(?:png|jpe?g|gif|bmp)$</arg>
<doc>Fails if ``string`` does not match ``pattern`` as a regular expression.</doc>
<status status="PASS" start="2024-03-28T14:14:52.184860" elapsed="0.000348"/>
</kw>
<kw name="Log" owner="BuiltIn">
<msg time="2024-03-28T14:14:52.185725" level="INFO">{'large': 'https://randomuser.me/api/portraits/men/20.jpg', 'medium': 'https://randomuser.me/api/portraits/med/men/20.jpg', 'thumbnail': 'https://randomuser.me/api/portraits/thumb/men/20.jpg'}</msg>
<arg>${json_data['results'][0]['picture']}</arg>
<doc>Logs the given message with the given level.</doc>
<status status="PASS" start="2024-03-28T14:14:52.185391" elapsed="0.000381"/>
</kw>
<status status="PASS" start="2024-03-28T14:14:52.064759" elapsed="0.121276"/>
</kw>
<kw name="Teste de Tipos de Dados - Postcode" owner="random-user-service">
<kw name="GET On Session" owner="RequestsLibrary">
<msg time="2024-03-28T14:14:52.273627" level="INFO">GET Request : url=https://randomuser.me/api 
 path_url=/api 
 headers={'User-Agent': 'python-requests/2.31.0', 'Accept-Encoding': 'gzip, deflate', 'Accept': '*/*', 'Connection': 'keep-alive'} 
 body=None 
 </msg>
<msg time="2024-03-28T14:14:52.273731" level="INFO">GET Response : url=https://randomuser.me/api 
 status=200, reason=OK 
 headers={'Date': 'Thu, 28 Mar 2024 14:14:52 GMT', 'Content-Type': 'application/json; charset=utf-8', 'Transfer-Encoding': 'chunked', 'Connection': 'keep-alive', 'X-Powered-By': 'Express', 'Access-Control-Allow-Origin': '*', 'Cache-Control': 'no-cache', 'ETag': 'W/"489-AwqiMi8nm1t/mc2xs5bkKwXbvGs"', 'Vary': 'Accept-Encoding', 'Content-Encoding': 'gzip', 'CF-Cache-Status': 'DYNAMIC', 'Report-To': '{"endpoints":[{"url":"https:\\/\\/a.nel.cloudflare.com\\/report\\/v4?s=ZXLgOeHXMqmUyk0zNGvqyP8wv82UU299r8xxho6e18ijehYeUqS71TGegZPuxbH3uu2TII0%2BH3lMLYKR2%2BKkjoLgS3dRumuIt1LUWf1ka1dtAXPPcPS4qWyWXRuEnNss"}],"group":"cf-nel","max_age":604800}', 'NEL': '{"success_fraction":0,"report_to":"cf-nel","max_age":604800}', 'Server': 'cloudflare', 'CF-RAY': '86b83aa03a4415ca-SJC', 'alt-svc': 'h3=":443"; ma=86400'} 
 body={"results":[{"gender":"female","name":{"title":"Miss","first":"Vicenta","last":"Rodríguez"},"location":{"street":{"number":9405,"name":"Paseo de Zorrilla"},"city":"La Coruña","state":"Islas Baleares","country":"Spain","postcode":20474,"coordinates":{"latitude":"-32.8957","longitude":"168.2391"},"timezone":{"offset":"-9:00","description":"Alaska"}},"email":"vicenta.rodriguez@example.com","login":{"uuid":"fc32ff6b-143b-4293-95bf-c7bfa57c74a7","username":"whitepeacock536","password":"post","salt":"smQlKmvv","md5":"13099319e62510819474088e095828a7","sha1":"75b9e27219e1f72c56719ac092a878e52cdf3e6a","sha256":"4ccc4a76cdcbc80080aeb96787e5c9b6aea0273dad5cc709ac6ef91be0aa6abc"},"dob":{"date":"1986-02-02T02:24:07.648Z","age":38},"registered":{"date":"2022-03-15T19:03:54.587Z","age":2},"phone":"934-742-640","cell":"621-177-856","id":{"name":"DNI","value":"65188391-A"},"picture":{"large":"https://randomuser.me/api/portraits/women/60.jpg","medium":"https://randomuser.me/api/portraits/med/women/60.jpg","thumbnail":"https://randomuser.me/api/portraits/thumb/women/60.jpg"},"nat":"ES"}],"info":{"seed":"8d6af503df20a2cf","results":1,"page":1,"version":"1.4"}} 
 </msg>
<msg time="2024-03-28T14:14:52.273823" level="INFO">/opt/hostedtoolcache/Python/3.12.2/x64/lib/python3.12/site-packages/urllib3/connectionpool.py:1103: InsecureRequestWarning: Unverified HTTPS request is being made to host 'randomuser.me'. Adding certificate verification is strongly advised. See: https://urllib3.readthedocs.io/en/latest/advanced-usage.html#tls-warnings
  warnings.warn(</msg>
<msg time="2024-03-28T14:14:52.273961" level="INFO">${response} = &lt;Response [200]&gt;</msg>
<var>${response}</var>
<arg>consultarAPI</arg>
<arg>/api</arg>
<doc>Sends a GET request on a previously created HTTP Session.</doc>
<status status="PASS" start="2024-03-28T14:14:52.186652" elapsed="0.087352"/>
</kw>
<kw name="Set Variable" owner="BuiltIn">
<msg time="2024-03-28T14:14:52.275243" level="INFO">${json_data} = {'results': [{'gender': 'female', 'name': {'title': 'Miss', 'first': 'Vicenta', 'last': 'Rodríguez'}, 'location': {'street': {'number': 9405, 'name': 'Paseo de Zorrilla'}, 'city': 'La Coruña', 'state'...</msg>
<var>${json_data}</var>
<arg>${response.json()}</arg>
<doc>Returns the given values which can then be assigned to a variables.</doc>
<status status="PASS" start="2024-03-28T14:14:52.274656" elapsed="0.000618"/>
</kw>
<kw name="Log" owner="BuiltIn">
<msg time="2024-03-28T14:14:52.275825" level="INFO">{'results': [{'gender': 'female', 'name': {'title': 'Miss', 'first': 'Vicenta', 'last': 'Rodríguez'}, 'location': {'street': {'number': 9405, 'name': 'Paseo de Zorrilla'}, 'city': 'La Coruña', 'state': 'Islas Baleares', 'country': 'Spain', 'postcode': 20474, 'coordinates': {'latitude': '-32.8957', 'longitude': '168.2391'}, 'timezone': {'offset': '-9:00', 'description': 'Alaska'}}, 'email': 'vicenta.rodriguez@example.com', 'login': {'uuid': 'fc32ff6b-143b-4293-95bf-c7bfa57c74a7', 'username': 'whitepeacock536', 'password': 'post', 'salt': 'smQlKmvv', 'md5': '13099319e62510819474088e095828a7', 'sha1': '75b9e27219e1f72c56719ac092a878e52cdf3e6a', 'sha256': '4ccc4a76cdcbc80080aeb96787e5c9b6aea0273dad5cc709ac6ef91be0aa6abc'}, 'dob': {'date': '1986-02-02T02:24:07.648Z', 'age': 38}, 'registered': {'date': '2022-03-15T19:03:54.587Z', 'age': 2}, 'phone': '934-742-640', 'cell': '621-177-856', 'id': {'name': 'DNI', 'value': '65188391-A'}, 'picture': {'large': 'https://randomuser.me/api/portraits/women/60.jpg', 'medium': 'https://randomuser.me/api/portraits/med/women/60.jpg', 'thumbnail': 'https://randomuser.me/api/portraits/thumb/women/60.jpg'}, 'nat': 'ES'}], 'info': {'seed': '8d6af503df20a2cf', 'results': 1, 'page': 1, 'version': '1.4'}}</msg>
<arg>${json_data}</arg>
<doc>Logs the given message with the given level.</doc>
<status status="PASS" start="2024-03-28T14:14:52.275646" elapsed="0.000264"/>
</kw>
<kw name="Should Be Equal As Numbers" owner="BuiltIn">
<arg>${json_data['results'][0]['location']['postcode']}</arg>
<arg>${json_data['results'][0]['location']['postcode']}</arg>
<doc>Fails if objects are unequal after converting them to real numbers.</doc>
<status status="PASS" start="2024-03-28T14:14:52.276234" elapsed="0.000699"/>
</kw>
<kw name="Log" owner="BuiltIn">
<msg time="2024-03-28T14:14:52.277489" level="INFO">20474</msg>
<arg>${json_data['results'][0]['location']['postcode']}</arg>
<doc>Logs the given message with the given level.</doc>
<status status="PASS" start="2024-03-28T14:14:52.277136" elapsed="0.000394"/>
</kw>
<status status="PASS" start="2024-03-28T14:14:52.186269" elapsed="0.091525"/>
</kw>
<doc>Testa se os tipos de dados na resposta da API estão corretos.</doc>
<tag>testeTiposDados</tag>
<status status="PASS" start="2024-03-28T14:14:52.064255" elapsed="0.213717"/>
</test>
<test id="s1-s1-t5" name="Validar conteudo" line="35">
<kw name="Teste de Tipos de Conteudo" owner="random-user-service">
<kw name="GET On Session" owner="RequestsLibrary">
<msg time="2024-03-28T14:14:52.568554" level="INFO">GET Request : url=https://randomuser.me/api 
 path_url=/api 
 headers={'User-Agent': 'python-requests/2.31.0', 'Accept-Encoding': 'gzip, deflate', 'Accept': '*/*', 'Connection': 'keep-alive'} 
 body=None 
 </msg>
<msg time="2024-03-28T14:14:52.568665" level="INFO">GET Response : url=https://randomuser.me/api 
 status=200, reason=OK 
 headers={'Date': 'Thu, 28 Mar 2024 14:14:52 GMT', 'Content-Type': 'application/json; charset=utf-8', 'Transfer-Encoding': 'chunked', 'Connection': 'keep-alive', 'X-Powered-By': 'Express', 'Access-Control-Allow-Origin': '*', 'Cache-Control': 'no-cache', 'ETag': 'W/"494-hIArHV9fYHJkHz8ilKTarlnR6ik"', 'Vary': 'Accept-Encoding', 'Content-Encoding': 'gzip', 'CF-Cache-Status': 'DYNAMIC', 'Report-To': '{"endpoints":[{"url":"https:\\/\\/a.nel.cloudflare.com\\/report\\/v4?s=q%2BUwj5IUNmbJKt69%2BkYQ1qNCKJ6vHt0zuXnlhfcl0s7NmluyqmpJr1ISp6%2BMXLc%2BHOWPJJs2dP5oNkHWhOcoL06hmdqGSbfgIV3MykNo4keMwnFNKaSDXq%2B1dTnG6wSG"}],"group":"cf-nel","max_age":604800}', 'NEL': '{"success_fraction":0,"report_to":"cf-nel","max_age":604800}', 'Server': 'cloudflare', 'CF-RAY': '86b83aa0cab515ca-SJC', 'alt-svc': 'h3=":443"; ma=86400'} 
 body={"results":[{"gender":"male","name":{"title":"Mr","first":"Hubertus","last":"Brokken"},"location":{"street":{"number":1694,"name":"Achter Het Tolhuis"},"city":"Ens","state":"Noord-Holland","country":"Netherlands","postcode":"5244 LV","coordinates":{"latitude":"30.8806","longitude":"-11.2453"},"timezone":{"offset":"-7:00","description":"Mountain Time (US &amp; Canada)"}},"email":"hubertus.brokken@example.com","login":{"uuid":"612203a9-d5af-445c-8bcb-c4d19ecd548a","username":"smallpanda787","password":"portugal","salt":"3uQ9suVW","md5":"1632995c53ade73a8532ee918af34023","sha1":"73c4ff2e405a63a873aef63a74d5e7088032b994","sha256":"42697b226210dd1918f770e9281e3e27f2f55fecb1116ac010f7a718080623b9"},"dob":{"date":"1960-06-28T05:33:16.941Z","age":63},"registered":{"date":"2019-02-05T21:12:56.730Z","age":5},"phone":"(0756) 757719","cell":"(06) 35244300","id":{"name":"BSN","value":"89418724"},"picture":{"large":"https://randomuser.me/api/portraits/men/7.jpg","medium":"https://randomuser.me/api/portraits/med/men/7.jpg","thumbnail":"https://randomuser.me/api/portraits/thumb/men/7.jpg"},"nat":"NL"}],"info":{"seed":"745c9c61b2ca6ae2","results":1,"page":1,"version":"1.4"}} 
 </msg>
<msg time="2024-03-28T14:14:52.568748" level="INFO">/opt/hostedtoolcache/Python/3.12.2/x64/lib/python3.12/site-packages/urllib3/connectionpool.py:1103: InsecureRequestWarning: Unverified HTTPS request is being made to host 'randomuser.me'. Adding certificate verification is strongly advised. See: https://urllib3.readthedocs.io/en/latest/advanced-usage.html#tls-warnings
  warnings.warn(</msg>
<msg time="2024-03-28T14:14:52.568884" level="INFO">${response} = &lt;Response [200]&gt;</msg>
<var>${response}</var>
<arg>consultarAPI</arg>
<arg>/api</arg>
<doc>Sends a GET request on a previously created HTTP Session.</doc>
<status status="PASS" start="2024-03-28T14:14:52.281011" elapsed="0.287917"/>
</kw>
<kw name="Set Variable" owner="BuiltIn">
<msg time="2024-03-28T14:14:52.569991" level="INFO">${json_data} = {'results': [{'gender': 'male', 'name': {'title': 'Mr', 'first': 'Hubertus', 'last': 'Brokken'}, 'location': {'street': {'number': 1694, 'name': 'Achter Het Tolhuis'}, 'city': 'Ens', 'state': 'Noord-H...</msg>
<var>${json_data}</var>
<arg>${response.json()}</arg>
<doc>Returns the given values which can then be assigned to a variables.</doc>
<status status="PASS" start="2024-03-28T14:14:52.569478" elapsed="0.000541"/>
</kw>
<kw name="Set Variable" owner="BuiltIn">
<msg time="2024-03-28T14:14:52.570695" level="INFO">${name_title} = Mr</msg>
<var>${name_title}</var>
<arg>${json_data["results"][0]["name"]["title"]}</arg>
<doc>Returns the given values which can then be assigned to a variables.</doc>
<status status="PASS" start="2024-03-28T14:14:52.570321" elapsed="0.000399"/>
</kw>
<kw name="Create List" owner="BuiltIn">
<msg time="2024-03-28T14:14:52.571168" level="INFO">${allowed_titles} = ['Mr', 'Ms', 'Miss', 'Mrs', 'Madame', 'Monsieur']</msg>
<var>${allowed_titles}</var>
<arg>Mr</arg>
<arg>Ms</arg>
<arg>Miss</arg>
<arg>Mrs</arg>
<arg>Madame</arg>
<arg>Monsieur</arg>
<doc>Returns a list containing given items.</doc>
<status status="PASS" start="2024-03-28T14:14:52.571016" elapsed="0.000177"/>
</kw>
<kw name="List Should Contain Value" owner="Collections">
<msg time="2024-03-28T14:14:52.571680" level="INFO">False</msg>
<arg>${allowed_titles}</arg>
<arg>${name_title}</arg>
<doc>Fails if the ``value`` is not found from ``list``.</doc>
<status status="PASS" start="2024-03-28T14:14:52.571497" elapsed="0.000220"/>
</kw>
<kw name="Set Variable" owner="BuiltIn">
<msg time="2024-03-28T14:14:52.572432" level="INFO">${name_country} = NL</msg>
<var>${name_country}</var>
<arg>${json_data["results"][0]["nat"]}</arg>
<doc>Returns the given values which can then be assigned to a variables.</doc>
<status status="PASS" start="2024-03-28T14:14:52.572002" elapsed="0.000462"/>
</kw>
<kw name="Create List" owner="BuiltIn">
<msg time="2024-03-28T14:14:52.573376" level="INFO">${list_country} = ['AD', 'AE', 'AF', 'AG', 'AI', 'AL', 'AM', 'AO', 'AQ', 'AR', 'AS', 'AT', 'AU', 'AW', 'AX', 'AZ', 'BA', 'BB', 'BD', 'BE', 'BF', 'BG', 'BH', 'BI', 'BJ', 'BL', 'BM', 'BN', 'BO', 'BQ', 'BR', 'BS', 'BT', '...</msg>
<var>${list_country}</var>
<arg>AD</arg>
<arg>AE</arg>
<arg>AF</arg>
<arg>AG</arg>
<arg>AI</arg>
<arg>AL</arg>
<arg>AM</arg>
<arg>AO</arg>
<arg>AQ</arg>
<arg>AR</arg>
<arg>AS</arg>
<arg>AT</arg>
<arg>AU</arg>
<arg>AW</arg>
<arg>AX</arg>
<arg>AZ</arg>
<arg>BA</arg>
<arg>BB</arg>
<arg>BD</arg>
<arg>BE</arg>
<arg>BF</arg>
<arg>BG</arg>
<arg>BH</arg>
<arg>BI</arg>
<arg>BJ</arg>
<arg>BL</arg>
<arg>BM</arg>
<arg>BN</arg>
<arg>BO</arg>
<arg>BQ</arg>
<arg>BR</arg>
<arg>BS</arg>
<arg>BT</arg>
<arg>BV</arg>
<arg>BW</arg>
<arg>BY</arg>
<arg>BZ</arg>
<arg>CA</arg>
<arg>CC</arg>
<arg>CD</arg>
<arg>CF</arg>
<arg>CG</arg>
<arg>CH</arg>
<arg>CI</arg>
<arg>CK</arg>
<arg>CL</arg>
<arg>CM</arg>
<arg>CN</arg>
<arg>CO</arg>
<arg>CR</arg>
<arg>CU</arg>
<arg>CV</arg>
<arg>CW</arg>
<arg>CX</arg>
<arg>CY</arg>
<arg>CZ</arg>
<arg>DE</arg>
<arg>DJ</arg>
<arg>DK</arg>
<arg>DM</arg>
<arg>DO</arg>
<arg>DZ</arg>
<arg>EC</arg>
<arg>EE</arg>
<arg>EG</arg>
<arg>EH</arg>
<arg>ER</arg>
<arg>ES</arg>
<arg>ET</arg>
<arg>FI</arg>
<arg>FJ</arg>
<arg>FK</arg>
<arg>FM</arg>
<arg>FO</arg>
<arg>FR</arg>
<arg>GA</arg>
<arg>GB</arg>
<arg>GD</arg>
<arg>GE</arg>
<arg>GF</arg>
<arg>GG</arg>
<arg>GH</arg>
<arg>GI</arg>
<arg>GL</arg>
<arg>GM</arg>
<arg>GN</arg>
<arg>GP</arg>
<arg>GQ</arg>
<arg>GR</arg>
<arg>GS</arg>
<arg>GT</arg>
<arg>GU</arg>
<arg>GW</arg>
<arg>GY</arg>
<arg>HK</arg>
<arg>HM</arg>
<arg>HN</arg>
<arg>HR</arg>
<arg>HT</arg>
<arg>HU</arg>
<arg>ID</arg>
<arg>IE</arg>
<arg>IL</arg>
<arg>IM</arg>
<arg>IN</arg>
<arg>IO</arg>
<arg>IQ</arg>
<arg>IR</arg>
<arg>IS</arg>
<arg>IT</arg>
<arg>JE</arg>
<arg>JM</arg>
<arg>JO</arg>
<arg>JP</arg>
<arg>KE</arg>
<arg>KG</arg>
<arg>KH</arg>
<arg>KI</arg>
<arg>KM</arg>
<arg>KN</arg>
<arg>KP</arg>
<arg>KR</arg>
<arg>KW</arg>
<arg>KY</arg>
<arg>KZ</arg>
<arg>LA</arg>
<arg>LB</arg>
<arg>LC</arg>
<arg>LI</arg>
<arg>LK</arg>
<arg>LR</arg>
<arg>LS</arg>
<arg>LT</arg>
<arg>LU</arg>
<arg>LV</arg>
<arg>LY</arg>
<arg>MA</arg>
<arg>MC</arg>
<arg>MD</arg>
<arg>ME</arg>
<arg>MF</arg>
<arg>MG</arg>
<arg>MH</arg>
<arg>MK</arg>
<arg>ML</arg>
<arg>MM</arg>
<arg>MN</arg>
<arg>MO</arg>
<arg>MP</arg>
<arg>MQ</arg>
<arg>MR</arg>
<arg>MS</arg>
<arg>MT</arg>
<arg>MU</arg>
<arg>MV</arg>
<arg>MW</arg>
<arg>MX</arg>
<arg>MY</arg>
<arg>MZ</arg>
<arg>NA</arg>
<arg>NC</arg>
<arg>NE</arg>
<arg>NF</arg>
<arg>NG</arg>
<arg>NI</arg>
<arg>NL</arg>
<arg>NO</arg>
<arg>NP</arg>
<arg>NR</arg>
<arg>NU</arg>
<arg>NZ</arg>
<arg>OM</arg>
<arg>PA</arg>
<arg>PE</arg>
<arg>PF</arg>
<arg>PG</arg>
<arg>PH</arg>
<arg>PK</arg>
<arg>PL</arg>
<arg>PM</arg>
<arg>PN</arg>
<arg>PR</arg>
<arg>PS</arg>
<arg>PT</arg>
<arg>PW</arg>
<arg>PY</arg>
<arg>QA</arg>
<arg>RE</arg>
<arg>RO</arg>
<arg>RS</arg>
<arg>RU</arg>
<arg>RW</arg>
<arg>SA</arg>
<arg>SB</arg>
<arg>SC</arg>
<arg>SD</arg>
<arg>SE</arg>
<arg>SG</arg>
<arg>SH</arg>
<arg>SI</arg>
<arg>SJ</arg>
<arg>SK</arg>
<arg>SL</arg>
<arg>SM</arg>
<arg>SN</arg>
<arg>SO</arg>
<arg>SR</arg>
<arg>SS</arg>
<arg>ST</arg>
<arg>SV</arg>
<arg>SX</arg>
<arg>SY</arg>
<arg>SZ</arg>
<arg>TC</arg>
<arg>TD</arg>
<arg>TF</arg>
<arg>TG</arg>
<arg>TH</arg>
<arg>TJ</arg>
<arg>TK</arg>
<arg>TL</arg>
<arg>TM</arg>
<arg>TN</arg>
<arg>TO</arg>
<arg>TR</arg>
<arg>TT</arg>
<arg>TV</arg>
<arg>TW</arg>
<arg>TZ</arg>
<arg>UA</arg>
<arg>UG</arg>
<arg>UM</arg>
<arg>US</arg>
<arg>UY</arg>
<arg>UZ</arg>
<arg>VA</arg>
<arg>VC</arg>
<arg>VE</arg>
<arg>VG</arg>
<arg>VI</arg>
<arg>VN</arg>
<arg>VU</arg>
<arg>WF</arg>
<arg>WS</arg>
<arg>XK</arg>
<arg>YE</arg>
<arg>YT</arg>
<arg>ZA</arg>
<arg>ZM</arg>
<arg>ZW</arg>
<doc>Returns a list containing given items.</doc>
<status status="PASS" start="2024-03-28T14:14:52.572778" elapsed="0.000624"/>
</kw>
<kw name="List Should Contain Value" owner="Collections">
<msg time="2024-03-28T14:14:52.574517" level="INFO">False</msg>
<arg>${list_country}</arg>
<arg>${name_country}</arg>
<doc>Fails if the ``value`` is not found from ``list``.</doc>
<status status="PASS" start="2024-03-28T14:14:52.574313" elapsed="0.000242"/>
</kw>
<kw name="Run Keyword If" owner="BuiltIn">
<kw name="Should Be True" owner="BuiltIn">
<arg>${True}</arg>
<doc>Fails if the given condition is not true.</doc>
<status status="PASS" start="2024-03-28T14:14:52.575649" elapsed="0.000146"/>
</kw>
<arg>${json_data["results"][0]["location"]["coordinates"]["latitude"]} &gt;= -90 and ${json_data["results"][0]["location"]["coordinates"]["latitude"]} &lt;= 90</arg>
<arg>Should Be True</arg>
<arg>${True}</arg>
<doc>Runs the given keyword with the given arguments, if ``condition`` is true.</doc>
<status status="PASS" start="2024-03-28T14:14:52.574885" elapsed="0.001039"/>
</kw>
<kw name="Run Keyword If" owner="BuiltIn">
<kw name="Should Be True" owner="BuiltIn">
<arg>${True}</arg>
<doc>Fails if the given condition is not true.</doc>
<status status="PASS" start="2024-03-28T14:14:52.576878" elapsed="0.000179"/>
</kw>
<arg>${json_data["results"][0]["location"]["coordinates"]["longitude"]} &gt;= -180 and ${json_data["results"][0]["location"]["coordinates"]["longitude"]} &lt;= 180</arg>
<arg>Should Be True</arg>
<arg>${True}</arg>
<doc>Runs the given keyword with the given arguments, if ``condition`` is true.</doc>
<status status="PASS" start="2024-03-28T14:14:52.576111" elapsed="0.001083"/>
</kw>
<status status="PASS" start="2024-03-28T14:14:52.280621" elapsed="0.296713"/>
</kw>
<doc>Testa o conteúdo específico dos campos retornados pela API.</doc>
<tag>testeConteudo</tag>
<status status="PASS" start="2024-03-28T14:14:52.279879" elapsed="0.297613"/>
</test>
<status status="PASS" start="2024-03-28T14:14:51.489188" elapsed="1.090204"/>
</suite>
<status status="PASS" start="2024-03-28T14:14:51.475449" elapsed="1.109238"/>
</suite>
<statistics>
<total>
<stat pass="5" fail="0" skip="0">All Tests</stat>
</total>
<tag>
<stat pass="1" fail="0" skip="0">testeConteudo</stat>
<stat pass="1" fail="0" skip="0">testeEstruturaResposta</stat>
<stat pass="1" fail="0" skip="0">testeRequisicaoBasica</stat>
<stat pass="1" fail="0" skip="0">testeTiposDados</stat>
</tag>
<suite>
<stat pass="5" fail="0" skip="0" id="s1" name="Tests">Tests</stat>
<stat pass="5" fail="0" skip="0" id="s1-s1" name="Random-User-Test">Tests.Random-User-Test</stat>
</suite>
</statistics>
<errors>
</errors>
</robot>
