<?xml version="1.0" encoding="UTF-8"?>
<robot generator="Robot 7.0 (Python 3.12.2 on linux)" generated="2024-03-29T12:25:52.173701" rpa="false" schemaversion="5">
<suite id="s1" name="Tests" source="/home/runner/work/DesafioQAItauRogerioJordao/DesafioQAItauRogerioJordao/RamdonUser/tests">
<suite id="s1-s1" name="Random-User-Test" source="/home/runner/work/DesafioQAItauRogerioJordao/DesafioQAItauRogerioJordao/RamdonUser/tests/random-user-test.robot">
<test id="s1-s1-t1" name="Conectar" line="13">
<kw name="Conectar API" owner="random-user-service">
<kw name="Create Session" owner="RequestsLibrary">
<msg time="2024-03-29T12:25:52.607898" level="INFO">Creating Session using : alias=consultarAPI, url=https://randomuser.me/, headers={},                     cookies={}, auth=None, timeout=None, proxies=None, verify=False,                     debug=0 </msg>
<arg>consultarAPI</arg>
<arg>${URL}</arg>
<doc>Create Session: create a HTTP session to a server</doc>
<status status="PASS" start="2024-03-29T12:25:52.607663" elapsed="0.000436"/>
</kw>
<status status="PASS" start="2024-03-29T12:25:52.606505" elapsed="0.002029"/>
</kw>
<status status="PASS" start="2024-03-29T12:25:52.605753" elapsed="0.003001"/>
</test>
<test id="s1-s1-t2" name="Validar retorno 200 e JSON Válido" line="16">
<kw name="Teste de Requisicao Basica" owner="random-user-service">
<kw name="GET On Session" owner="RequestsLibrary">
<msg time="2024-03-29T12:25:52.680276" level="INFO">GET Request : url=https://randomuser.me/api 
 path_url=/api 
 headers={'User-Agent': 'python-requests/2.31.0', 'Accept-Encoding': 'gzip, deflate', 'Accept': '*/*', 'Connection': 'keep-alive'} 
 body=None 
 </msg>
<msg time="2024-03-29T12:25:52.680525" level="INFO">GET Response : url=https://randomuser.me/api 
 status=200, reason=OK 
 headers={'Date': 'Fri, 29 Mar 2024 12:25:52 GMT', 'Content-Type': 'application/json; charset=utf-8', 'Transfer-Encoding': 'chunked', 'Connection': 'keep-alive', 'X-Powered-By': 'Express', 'Access-Control-Allow-Origin': '*', 'Cache-Control': 'no-cache', 'ETag': 'W/"4aa-oxLIcWiXhwncLJus9V/nfED4NWk"', 'Vary': 'Accept-Encoding', 'Content-Encoding': 'gzip', 'CF-Cache-Status': 'DYNAMIC', 'Report-To': '{"endpoints":[{"url":"https:\\/\\/a.nel.cloudflare.com\\/report\\/v4?s=4IznY891X1FQuuieCVTDk%2B4z6a6of0MEAh56H2HdL9AkcOZkTygNDfc4OMKyr8JoeD7Uo15MTMsRJh4axn%2FmLgsG5OkFZGgp%2FsBK7F2ydtQJSCs8xE6xHy5kUSBLnHvd"}],"group":"cf-nel","max_age":604800}', 'NEL': '{"success_fraction":0,"report_to":"cf-nel","max_age":604800}', 'Server': 'cloudflare', 'CF-RAY': '86bfd85808460a07-IAD', 'alt-svc': 'h3=":443"; ma=86400'} 
 body={"results":[{"gender":"male","name":{"title":"Monsieur","first":"Angelo","last":"Aubert"},"location":{"street":{"number":23,"name":"Rue de la Fontaine"},"city":"Urdorf","state":"Schaffhausen","country":"Switzerland","postcode":2851,"coordinates":{"latitude":"-62.2308","longitude":"-79.2876"},"timezone":{"offset":"-6:00","description":"Central Time (US &amp; Canada), Mexico City"}},"email":"angelo.aubert@example.com","login":{"uuid":"1030ae93-6881-4cea-8711-6260340ec2e6","username":"beautifulbutterfly461","password":"house","salt":"yIHfX3Mp","md5":"db2e83515fb433bfd2b1ef8190becfa2","sha1":"87117d14cd33510c8ef4fa86f5eba03600e6d31a","sha256":"a05aed0ec9f9630cf7dc4d7875a0b4dfaa2629de9f0bbaa6cab78501acef0bb7"},"dob":{"date":"1953-04-12T15:47:25.676Z","age":70},"registered":{"date":"2010-09-16T08:49:39.541Z","age":13},"phone":"076 088 19 45","cell":"078 231 95 27","id":{"name":"AVS","value":"756.1864.0789.23"},"picture":{"large":"https://randomuser.me/api/portraits/men/6.jpg","medium":"https://randomuser.me/api/portraits/med/men/6.jpg","thumbnail":"https://randomuser.me/api/portraits/thumb/men/6.jpg"},"nat":"CH"}],"info":{"seed":"f9bb10f8355d197e","results":1,"page":1,"version":"1.4"}} 
 </msg>
<msg time="2024-03-29T12:25:52.680700" level="INFO">/opt/hostedtoolcache/Python/3.12.2/x64/lib/python3.12/site-packages/urllib3/connectionpool.py:1103: InsecureRequestWarning: Unverified HTTPS request is being made to host 'randomuser.me'. Adding certificate verification is strongly advised. See: https://urllib3.readthedocs.io/en/latest/advanced-usage.html#tls-warnings
  warnings.warn(</msg>
<msg time="2024-03-29T12:25:52.680914" level="INFO">${response} = &lt;Response [200]&gt;</msg>
<var>${response}</var>
<arg>consultarAPI</arg>
<arg>/api</arg>
<doc>Sends a GET request on a previously created HTTP Session.</doc>
<status status="PASS" start="2024-03-29T12:25:52.611523" elapsed="0.069451"/>
</kw>
<kw name="Should Be Equal As Numbers" owner="BuiltIn">
<msg time="2024-03-29T12:25:52.682631" level="INFO">Argument types are:
&lt;class 'int'&gt;
&lt;class 'str'&gt;</msg>
<arg>${response.status_code}</arg>
<arg>200</arg>
<doc>Fails if objects are unequal after converting them to real numbers.</doc>
<status status="PASS" start="2024-03-29T12:25:52.681935" elapsed="0.000785"/>
</kw>
<kw name="Log" owner="BuiltIn">
<msg time="2024-03-29T12:25:52.683651" level="INFO">200</msg>
<arg>${response.status_code}</arg>
<doc>Logs the given message with the given level.</doc>
<status status="PASS" start="2024-03-29T12:25:52.683190" elapsed="0.000510"/>
</kw>
<kw name="Set Variable" owner="BuiltIn">
<msg time="2024-03-29T12:25:52.684640" level="INFO">${json_data} = {'results': [{'gender': 'male', 'name': {'title': 'Monsieur', 'first': 'Angelo', 'last': 'Aubert'}, 'location': {'street': {'number': 23, 'name': 'Rue de la Fontaine'}, 'city': 'Urdorf', 'state': 'Sch...</msg>
<var>${json_data}</var>
<arg>${response.json()}</arg>
<doc>Returns the given values which can then be assigned to a variables.</doc>
<status status="PASS" start="2024-03-29T12:25:52.684122" elapsed="0.000547"/>
</kw>
<kw name="Dictionary Should Contain Key" owner="Collections">
<msg time="2024-03-29T12:25:52.685215" level="INFO">False</msg>
<arg>${json_data}</arg>
<arg>results</arg>
<doc>Fails if ``key`` is not found from ``dictionary``.</doc>
<status status="PASS" start="2024-03-29T12:25:52.685012" elapsed="0.000247"/>
</kw>
<status status="PASS" start="2024-03-29T12:25:52.611260" elapsed="0.074289"/>
</kw>
<doc>Testa se a API responde corretamente e retorna um objeto JSON válido.</doc>
<tag>testeRequisicaoBasica</tag>
<status status="PASS" start="2024-03-29T12:25:52.610749" elapsed="0.075058"/>
</test>
<test id="s1-s1-t3" name="Validar estrutura de resposta" line="22">
<kw name="Teste de Estrutura de Resposta" owner="random-user-service">
<kw name="GET On Session" owner="RequestsLibrary">
<msg time="2024-03-29T12:25:52.784270" level="INFO">GET Request : url=https://randomuser.me/api 
 path_url=/api 
 headers={'User-Agent': 'python-requests/2.31.0', 'Accept-Encoding': 'gzip, deflate', 'Accept': '*/*', 'Connection': 'keep-alive'} 
 body=None 
 </msg>
<msg time="2024-03-29T12:25:52.784405" level="INFO">GET Response : url=https://randomuser.me/api 
 status=200, reason=OK 
 headers={'Date': 'Fri, 29 Mar 2024 12:25:52 GMT', 'Content-Type': 'application/json; charset=utf-8', 'Transfer-Encoding': 'chunked', 'Connection': 'keep-alive', 'X-Powered-By': 'Express', 'Access-Control-Allow-Origin': '*', 'Cache-Control': 'no-cache', 'ETag': 'W/"471-c9qjCnWMtZy83Y3jr5MfndVUv9U"', 'Vary': 'Accept-Encoding', 'Content-Encoding': 'gzip', 'CF-Cache-Status': 'DYNAMIC', 'Report-To': '{"endpoints":[{"url":"https:\\/\\/a.nel.cloudflare.com\\/report\\/v4?s=WeIm1rBeiRi3LxU%2B0VfOTcKm9ZYozwepmYsRx6sRcvcVZ8En6kTJhuIGN0Fa981zGJKaZzKNP0KLWooDmJQ9a%2BkdGtgb%2FNWNWkEiU4HqQ%2FC458yXg8eMg7fvUbOmkdVi"}],"group":"cf-nel","max_age":604800}', 'NEL': '{"success_fraction":0,"report_to":"cf-nel","max_age":604800}', 'Server': 'cloudflare', 'CF-RAY': '86bfd85858910a07-IAD', 'alt-svc': 'h3=":443"; ma=86400'} 
 body={"results":[{"gender":"male","name":{"title":"Mr","first":"Mika","last":"Risøy"},"location":{"street":{"number":8458,"name":"Gamle Bygdevei"},"city":"Tomter","state":"Akershus","country":"Norway","postcode":"2582","coordinates":{"latitude":"44.4844","longitude":"-93.2051"},"timezone":{"offset":"+2:00","description":"Kaliningrad, South Africa"}},"email":"mika.risoy@example.com","login":{"uuid":"aa8d3d0a-7f8c-4d31-bf3a-20afa9b33c13","username":"bluemouse228","password":"warner","salt":"E9FU1mgB","md5":"5f7d797c989aa3a089e289e9c63fcf6b","sha1":"5ba3ecd3fcfc3e9bbdae27a07fee353b57df2fb5","sha256":"f2aedc7cc7b15062bc4b2f6d91dca65098a8ec11deebc8c594cca8030ebf44e2"},"dob":{"date":"1946-01-13T12:38:14.966Z","age":78},"registered":{"date":"2015-06-17T20:45:23.317Z","age":8},"phone":"66722711","cell":"49101706","id":{"name":"FN","value":"13014636956"},"picture":{"large":"https://randomuser.me/api/portraits/men/94.jpg","medium":"https://randomuser.me/api/portraits/med/men/94.jpg","thumbnail":"https://randomuser.me/api/portraits/thumb/men/94.jpg"},"nat":"NO"}],"info":{"seed":"c0d3d68bafa9e093","results":1,"page":1,"version":"1.4"}} 
 </msg>
<msg time="2024-03-29T12:25:52.784626" level="INFO">/opt/hostedtoolcache/Python/3.12.2/x64/lib/python3.12/site-packages/urllib3/connectionpool.py:1103: InsecureRequestWarning: Unverified HTTPS request is being made to host 'randomuser.me'. Adding certificate verification is strongly advised. See: https://urllib3.readthedocs.io/en/latest/advanced-usage.html#tls-warnings
  warnings.warn(</msg>
<msg time="2024-03-29T12:25:52.784794" level="INFO">${response} = &lt;Response [200]&gt;</msg>
<var>${response}</var>
<arg>consultarAPI</arg>
<arg>/api</arg>
<doc>Sends a GET request on a previously created HTTP Session.</doc>
<status status="PASS" start="2024-03-29T12:25:52.689114" elapsed="0.095733"/>
</kw>
<kw name="Set Variable" owner="BuiltIn">
<msg time="2024-03-29T12:25:52.786273" level="INFO">${json_data} = {'results': [{'gender': 'male', 'name': {'title': 'Mr', 'first': 'Mika', 'last': 'Risøy'}, 'location': {'street': {'number': 8458, 'name': 'Gamle Bygdevei'}, 'city': 'Tomter', 'state': 'Akershus', 'co...</msg>
<var>${json_data}</var>
<arg>${response.json()}</arg>
<doc>Returns the given values which can then be assigned to a variables.</doc>
<status status="PASS" start="2024-03-29T12:25:52.785530" elapsed="0.000776"/>
</kw>
<kw name="Log" owner="BuiltIn">
<msg time="2024-03-29T12:25:52.786954" level="INFO">{'results': [{'gender': 'male', 'name': {'title': 'Mr', 'first': 'Mika', 'last': 'Risøy'}, 'location': {'street': {'number': 8458, 'name': 'Gamle Bygdevei'}, 'city': 'Tomter', 'state': 'Akershus', 'country': 'Norway', 'postcode': '2582', 'coordinates': {'latitude': '44.4844', 'longitude': '-93.2051'}, 'timezone': {'offset': '+2:00', 'description': 'Kaliningrad, South Africa'}}, 'email': 'mika.risoy@example.com', 'login': {'uuid': 'aa8d3d0a-7f8c-4d31-bf3a-20afa9b33c13', 'username': 'bluemouse228', 'password': 'warner', 'salt': 'E9FU1mgB', 'md5': '5f7d797c989aa3a089e289e9c63fcf6b', 'sha1': '5ba3ecd3fcfc3e9bbdae27a07fee353b57df2fb5', 'sha256': 'f2aedc7cc7b15062bc4b2f6d91dca65098a8ec11deebc8c594cca8030ebf44e2'}, 'dob': {'date': '1946-01-13T12:38:14.966Z', 'age': 78}, 'registered': {'date': '2015-06-17T20:45:23.317Z', 'age': 8}, 'phone': '66722711', 'cell': '49101706', 'id': {'name': 'FN', 'value': '13014636956'}, 'picture': {'large': 'https://randomuser.me/api/portraits/men/94.jpg', 'medium': 'https://randomuser.me/api/portraits/med/men/94.jpg', 'thumbnail': 'https://randomuser.me/api/portraits/thumb/men/94.jpg'}, 'nat': 'NO'}], 'info': {'seed': 'c0d3d68bafa9e093', 'results': 1, 'page': 1, 'version': '1.4'}}</msg>
<arg>${json_data}</arg>
<doc>Logs the given message with the given level.</doc>
<status status="PASS" start="2024-03-29T12:25:52.786749" elapsed="0.000265"/>
</kw>
<kw name="Dictionary Should Contain Key" owner="Collections">
<msg time="2024-03-29T12:25:52.787572" level="INFO">False</msg>
<arg>${json_data}</arg>
<arg>results</arg>
<doc>Fails if ``key`` is not found from ``dictionary``.</doc>
<status status="PASS" start="2024-03-29T12:25:52.787372" elapsed="0.000243"/>
</kw>
<kw name="Should Not Be Empty" owner="BuiltIn">
<msg time="2024-03-29T12:25:52.788101" level="INFO">Length is 2.</msg>
<arg>${json_data}</arg>
<doc>Verifies that the given item is not empty.</doc>
<status status="PASS" start="2024-03-29T12:25:52.787949" elapsed="0.000194"/>
</kw>
<kw name="Create List" owner="BuiltIn">
<msg time="2024-03-29T12:25:52.788626" level="INFO">${expected_keys} = ['gender', 'name', 'location', 'email', 'login']</msg>
<var>${expected_keys}</var>
<arg>gender</arg>
<arg>name</arg>
<arg>location</arg>
<arg>email</arg>
<arg>login</arg>
<doc>Returns a list containing given items.</doc>
<status status="PASS" start="2024-03-29T12:25:52.788460" elapsed="0.000192"/>
</kw>
<for flavor="IN">
<iter>
<kw name="Dictionary Should Contain Key" owner="Collections">
<msg time="2024-03-29T12:25:52.789841" level="INFO">False</msg>
<arg>${json_data['results'][0]}</arg>
<arg>${key}</arg>
<doc>Fails if ``key`` is not found from ``dictionary``.</doc>
<status status="PASS" start="2024-03-29T12:25:52.789336" elapsed="0.000549"/>
</kw>
<kw name="Log" owner="BuiltIn">
<msg time="2024-03-29T12:25:52.790643" level="INFO">{'gender': 'male', 'name': {'title': 'Mr', 'first': 'Mika', 'last': 'Risøy'}, 'location': {'street': {'number': 8458, 'name': 'Gamle Bygdevei'}, 'city': 'Tomter', 'state': 'Akershus', 'country': 'Norway', 'postcode': '2582', 'coordinates': {'latitude': '44.4844', 'longitude': '-93.2051'}, 'timezone': {'offset': '+2:00', 'description': 'Kaliningrad, South Africa'}}, 'email': 'mika.risoy@example.com', 'login': {'uuid': 'aa8d3d0a-7f8c-4d31-bf3a-20afa9b33c13', 'username': 'bluemouse228', 'password': 'warner', 'salt': 'E9FU1mgB', 'md5': '5f7d797c989aa3a089e289e9c63fcf6b', 'sha1': '5ba3ecd3fcfc3e9bbdae27a07fee353b57df2fb5', 'sha256': 'f2aedc7cc7b15062bc4b2f6d91dca65098a8ec11deebc8c594cca8030ebf44e2'}, 'dob': {'date': '1946-01-13T12:38:14.966Z', 'age': 78}, 'registered': {'date': '2015-06-17T20:45:23.317Z', 'age': 8}, 'phone': '66722711', 'cell': '49101706', 'id': {'name': 'FN', 'value': '13014636956'}, 'picture': {'large': 'https://randomuser.me/api/portraits/men/94.jpg', 'medium': 'https://randomuser.me/api/portraits/med/men/94.jpg', 'thumbnail': 'https://randomuser.me/api/portraits/thumb/men/94.jpg'}, 'nat': 'NO'}</msg>
<arg>${json_data['results'][0]}</arg>
<doc>Logs the given message with the given level.</doc>
<status status="PASS" start="2024-03-29T12:25:52.790223" elapsed="0.000482"/>
</kw>
<kw name="Log" owner="BuiltIn">
<msg time="2024-03-29T12:25:52.791182" level="INFO">gender</msg>
<arg>${key}</arg>
<doc>Logs the given message with the given level.</doc>
<status status="PASS" start="2024-03-29T12:25:52.791042" elapsed="0.000180"/>
</kw>
<var name="${key}">gender</var>
<status status="PASS" start="2024-03-29T12:25:52.789189" elapsed="0.002268"/>
</iter>
<iter>
<kw name="Dictionary Should Contain Key" owner="Collections">
<msg time="2024-03-29T12:25:52.792237" level="INFO">False</msg>
<arg>${json_data['results'][0]}</arg>
<arg>${key}</arg>
<doc>Fails if ``key`` is not found from ``dictionary``.</doc>
<status status="PASS" start="2024-03-29T12:25:52.791813" elapsed="0.000464"/>
</kw>
<kw name="Log" owner="BuiltIn">
<msg time="2024-03-29T12:25:52.793037" level="INFO">{'gender': 'male', 'name': {'title': 'Mr', 'first': 'Mika', 'last': 'Risøy'}, 'location': {'street': {'number': 8458, 'name': 'Gamle Bygdevei'}, 'city': 'Tomter', 'state': 'Akershus', 'country': 'Norway', 'postcode': '2582', 'coordinates': {'latitude': '44.4844', 'longitude': '-93.2051'}, 'timezone': {'offset': '+2:00', 'description': 'Kaliningrad, South Africa'}}, 'email': 'mika.risoy@example.com', 'login': {'uuid': 'aa8d3d0a-7f8c-4d31-bf3a-20afa9b33c13', 'username': 'bluemouse228', 'password': 'warner', 'salt': 'E9FU1mgB', 'md5': '5f7d797c989aa3a089e289e9c63fcf6b', 'sha1': '5ba3ecd3fcfc3e9bbdae27a07fee353b57df2fb5', 'sha256': 'f2aedc7cc7b15062bc4b2f6d91dca65098a8ec11deebc8c594cca8030ebf44e2'}, 'dob': {'date': '1946-01-13T12:38:14.966Z', 'age': 78}, 'registered': {'date': '2015-06-17T20:45:23.317Z', 'age': 8}, 'phone': '66722711', 'cell': '49101706', 'id': {'name': 'FN', 'value': '13014636956'}, 'picture': {'large': 'https://randomuser.me/api/portraits/men/94.jpg', 'medium': 'https://randomuser.me/api/portraits/med/men/94.jpg', 'thumbnail': 'https://randomuser.me/api/portraits/thumb/men/94.jpg'}, 'nat': 'NO'}</msg>
<arg>${json_data['results'][0]}</arg>
<doc>Logs the given message with the given level.</doc>
<status status="PASS" start="2024-03-29T12:25:52.792647" elapsed="0.000443"/>
</kw>
<kw name="Log" owner="BuiltIn">
<msg time="2024-03-29T12:25:52.793552" level="INFO">name</msg>
<arg>${key}</arg>
<doc>Logs the given message with the given level.</doc>
<status status="PASS" start="2024-03-29T12:25:52.793416" elapsed="0.000178"/>
</kw>
<var name="${key}">name</var>
<status status="PASS" start="2024-03-29T12:25:52.791686" elapsed="0.002167"/>
</iter>
<iter>
<kw name="Dictionary Should Contain Key" owner="Collections">
<msg time="2024-03-29T12:25:52.794576" level="INFO">False</msg>
<arg>${json_data['results'][0]}</arg>
<arg>${key}</arg>
<doc>Fails if ``key`` is not found from ``dictionary``.</doc>
<status status="PASS" start="2024-03-29T12:25:52.794178" elapsed="0.000439"/>
</kw>
<kw name="Log" owner="BuiltIn">
<msg time="2024-03-29T12:25:52.795314" level="INFO">{'gender': 'male', 'name': {'title': 'Mr', 'first': 'Mika', 'last': 'Risøy'}, 'location': {'street': {'number': 8458, 'name': 'Gamle Bygdevei'}, 'city': 'Tomter', 'state': 'Akershus', 'country': 'Norway', 'postcode': '2582', 'coordinates': {'latitude': '44.4844', 'longitude': '-93.2051'}, 'timezone': {'offset': '+2:00', 'description': 'Kaliningrad, South Africa'}}, 'email': 'mika.risoy@example.com', 'login': {'uuid': 'aa8d3d0a-7f8c-4d31-bf3a-20afa9b33c13', 'username': 'bluemouse228', 'password': 'warner', 'salt': 'E9FU1mgB', 'md5': '5f7d797c989aa3a089e289e9c63fcf6b', 'sha1': '5ba3ecd3fcfc3e9bbdae27a07fee353b57df2fb5', 'sha256': 'f2aedc7cc7b15062bc4b2f6d91dca65098a8ec11deebc8c594cca8030ebf44e2'}, 'dob': {'date': '1946-01-13T12:38:14.966Z', 'age': 78}, 'registered': {'date': '2015-06-17T20:45:23.317Z', 'age': 8}, 'phone': '66722711', 'cell': '49101706', 'id': {'name': 'FN', 'value': '13014636956'}, 'picture': {'large': 'https://randomuser.me/api/portraits/men/94.jpg', 'medium': 'https://randomuser.me/api/portraits/med/men/94.jpg', 'thumbnail': 'https://randomuser.me/api/portraits/thumb/men/94.jpg'}, 'nat': 'NO'}</msg>
<arg>${json_data['results'][0]}</arg>
<doc>Logs the given message with the given level.</doc>
<status status="PASS" start="2024-03-29T12:25:52.794937" elapsed="0.000436"/>
</kw>
<kw name="Log" owner="BuiltIn">
<msg time="2024-03-29T12:25:52.795817" level="INFO">location</msg>
<arg>${key}</arg>
<doc>Logs the given message with the given level.</doc>
<status status="PASS" start="2024-03-29T12:25:52.795684" elapsed="0.000173"/>
</kw>
<var name="${key}">location</var>
<status status="PASS" start="2024-03-29T12:25:52.794057" elapsed="0.002025"/>
</iter>
<iter>
<kw name="Dictionary Should Contain Key" owner="Collections">
<msg time="2024-03-29T12:25:52.796794" level="INFO">False</msg>
<arg>${json_data['results'][0]}</arg>
<arg>${key}</arg>
<doc>Fails if ``key`` is not found from ``dictionary``.</doc>
<status status="PASS" start="2024-03-29T12:25:52.796386" elapsed="0.000446"/>
</kw>
<kw name="Log" owner="BuiltIn">
<msg time="2024-03-29T12:25:52.797526" level="INFO">{'gender': 'male', 'name': {'title': 'Mr', 'first': 'Mika', 'last': 'Risøy'}, 'location': {'street': {'number': 8458, 'name': 'Gamle Bygdevei'}, 'city': 'Tomter', 'state': 'Akershus', 'country': 'Norway', 'postcode': '2582', 'coordinates': {'latitude': '44.4844', 'longitude': '-93.2051'}, 'timezone': {'offset': '+2:00', 'description': 'Kaliningrad, South Africa'}}, 'email': 'mika.risoy@example.com', 'login': {'uuid': 'aa8d3d0a-7f8c-4d31-bf3a-20afa9b33c13', 'username': 'bluemouse228', 'password': 'warner', 'salt': 'E9FU1mgB', 'md5': '5f7d797c989aa3a089e289e9c63fcf6b', 'sha1': '5ba3ecd3fcfc3e9bbdae27a07fee353b57df2fb5', 'sha256': 'f2aedc7cc7b15062bc4b2f6d91dca65098a8ec11deebc8c594cca8030ebf44e2'}, 'dob': {'date': '1946-01-13T12:38:14.966Z', 'age': 78}, 'registered': {'date': '2015-06-17T20:45:23.317Z', 'age': 8}, 'phone': '66722711', 'cell': '49101706', 'id': {'name': 'FN', 'value': '13014636956'}, 'picture': {'large': 'https://randomuser.me/api/portraits/men/94.jpg', 'medium': 'https://randomuser.me/api/portraits/med/men/94.jpg', 'thumbnail': 'https://randomuser.me/api/portraits/thumb/men/94.jpg'}, 'nat': 'NO'}</msg>
<arg>${json_data['results'][0]}</arg>
<doc>Logs the given message with the given level.</doc>
<status status="PASS" start="2024-03-29T12:25:52.797147" elapsed="0.000433"/>
</kw>
<kw name="Log" owner="BuiltIn">
<msg time="2024-03-29T12:25:52.798047" level="INFO">email</msg>
<arg>${key}</arg>
<doc>Logs the given message with the given level.</doc>
<status status="PASS" start="2024-03-29T12:25:52.797915" elapsed="0.000172"/>
</kw>
<var name="${key}">email</var>
<status status="PASS" start="2024-03-29T12:25:52.796270" elapsed="0.002040"/>
</iter>
<iter>
<kw name="Dictionary Should Contain Key" owner="Collections">
<msg time="2024-03-29T12:25:52.799013" level="INFO">False</msg>
<arg>${json_data['results'][0]}</arg>
<arg>${key}</arg>
<doc>Fails if ``key`` is not found from ``dictionary``.</doc>
<status status="PASS" start="2024-03-29T12:25:52.798614" elapsed="0.000438"/>
</kw>
<kw name="Log" owner="BuiltIn">
<msg time="2024-03-29T12:25:52.799735" level="INFO">{'gender': 'male', 'name': {'title': 'Mr', 'first': 'Mika', 'last': 'Risøy'}, 'location': {'street': {'number': 8458, 'name': 'Gamle Bygdevei'}, 'city': 'Tomter', 'state': 'Akershus', 'country': 'Norway', 'postcode': '2582', 'coordinates': {'latitude': '44.4844', 'longitude': '-93.2051'}, 'timezone': {'offset': '+2:00', 'description': 'Kaliningrad, South Africa'}}, 'email': 'mika.risoy@example.com', 'login': {'uuid': 'aa8d3d0a-7f8c-4d31-bf3a-20afa9b33c13', 'username': 'bluemouse228', 'password': 'warner', 'salt': 'E9FU1mgB', 'md5': '5f7d797c989aa3a089e289e9c63fcf6b', 'sha1': '5ba3ecd3fcfc3e9bbdae27a07fee353b57df2fb5', 'sha256': 'f2aedc7cc7b15062bc4b2f6d91dca65098a8ec11deebc8c594cca8030ebf44e2'}, 'dob': {'date': '1946-01-13T12:38:14.966Z', 'age': 78}, 'registered': {'date': '2015-06-17T20:45:23.317Z', 'age': 8}, 'phone': '66722711', 'cell': '49101706', 'id': {'name': 'FN', 'value': '13014636956'}, 'picture': {'large': 'https://randomuser.me/api/portraits/men/94.jpg', 'medium': 'https://randomuser.me/api/portraits/med/men/94.jpg', 'thumbnail': 'https://randomuser.me/api/portraits/thumb/men/94.jpg'}, 'nat': 'NO'}</msg>
<arg>${json_data['results'][0]}</arg>
<doc>Logs the given message with the given level.</doc>
<status status="PASS" start="2024-03-29T12:25:52.799359" elapsed="0.000428"/>
</kw>
<kw name="Log" owner="BuiltIn">
<msg time="2024-03-29T12:25:52.800226" level="INFO">login</msg>
<arg>${key}</arg>
<doc>Logs the given message with the given level.</doc>
<status status="PASS" start="2024-03-29T12:25:52.800096" elapsed="0.000302"/>
</kw>
<var name="${key}">login</var>
<status status="PASS" start="2024-03-29T12:25:52.798493" elapsed="0.002140"/>
</iter>
<var>${key}</var>
<value>@{expected_keys}</value>
<status status="PASS" start="2024-03-29T12:25:52.788948" elapsed="0.011812"/>
</for>
<kw name="Create List" owner="BuiltIn">
<msg time="2024-03-29T12:25:52.801173" level="INFO">${expected_keysTwo} = ['username', 'password']</msg>
<var>${expected_keysTwo}</var>
<arg>username</arg>
<arg>password</arg>
<doc>Returns a list containing given items.</doc>
<status status="PASS" start="2024-03-29T12:25:52.801023" elapsed="0.000176"/>
</kw>
<for flavor="IN">
<iter>
<kw name="Dictionary Should Contain Key" owner="Collections">
<msg time="2024-03-29T12:25:52.802194" level="INFO">False</msg>
<arg>${json_data['results'][0]['login']}</arg>
<arg>${keyTwo}</arg>
<doc>Fails if ``key`` is not found from ``dictionary``.</doc>
<status status="PASS" start="2024-03-29T12:25:52.801776" elapsed="0.000457"/>
</kw>
<kw name="Dictionary Should Contain Key" owner="Collections">
<msg time="2024-03-29T12:25:52.802935" level="INFO">False</msg>
<arg>${json_data['results'][0]['login']}</arg>
<arg>${keyTwo}</arg>
<doc>Fails if ``key`` is not found from ``dictionary``.</doc>
<status status="PASS" start="2024-03-29T12:25:52.802542" elapsed="0.000432"/>
</kw>
<kw name="Log" owner="BuiltIn">
<msg time="2024-03-29T12:25:52.803425" level="INFO">username</msg>
<arg>${keyTwo}</arg>
<doc>Logs the given message with the given level.</doc>
<status status="PASS" start="2024-03-29T12:25:52.803277" elapsed="0.000188"/>
</kw>
<var name="${keyTwo}">username</var>
<status status="PASS" start="2024-03-29T12:25:52.801630" elapsed="0.002056"/>
</iter>
<iter>
<kw name="Dictionary Should Contain Key" owner="Collections">
<msg time="2024-03-29T12:25:52.804366" level="INFO">False</msg>
<arg>${json_data['results'][0]['login']}</arg>
<arg>${keyTwo}</arg>
<doc>Fails if ``key`` is not found from ``dictionary``.</doc>
<status status="PASS" start="2024-03-29T12:25:52.803979" elapsed="0.000427"/>
</kw>
<kw name="Dictionary Should Contain Key" owner="Collections">
<msg time="2024-03-29T12:25:52.805108" level="INFO">False</msg>
<arg>${json_data['results'][0]['login']}</arg>
<arg>${keyTwo}</arg>
<doc>Fails if ``key`` is not found from ``dictionary``.</doc>
<status status="PASS" start="2024-03-29T12:25:52.804710" elapsed="0.000437"/>
</kw>
<kw name="Log" owner="BuiltIn">
<msg time="2024-03-29T12:25:52.805580" level="INFO">password</msg>
<arg>${keyTwo}</arg>
<doc>Logs the given message with the given level.</doc>
<status status="PASS" start="2024-03-29T12:25:52.805449" elapsed="0.000169"/>
</kw>
<var name="${keyTwo}">password</var>
<status status="PASS" start="2024-03-29T12:25:52.803867" elapsed="0.001998"/>
</iter>
<var>${keyTwo}</var>
<value>@{expected_keysTwo}</value>
<status status="PASS" start="2024-03-29T12:25:52.801456" elapsed="0.004536"/>
</for>
<status status="PASS" start="2024-03-29T12:25:52.688839" elapsed="0.117307"/>
</kw>
<doc>Testa a estrutura da resposta da API.</doc>
<tag>testeEstruturaResposta</tag>
<status status="PASS" start="2024-03-29T12:25:52.687951" elapsed="0.118382"/>
</test>
<test id="s1-s1-t4" name="Validar tipos de dados" line="28">
<kw name="Teste de Tipos de Dados" owner="random-user-service">
<kw name="GET On Session" owner="RequestsLibrary">
<msg time="2024-03-29T12:25:52.882469" level="INFO">GET Request : url=https://randomuser.me/api 
 path_url=/api 
 headers={'User-Agent': 'python-requests/2.31.0', 'Accept-Encoding': 'gzip, deflate', 'Accept': '*/*', 'Connection': 'keep-alive'} 
 body=None 
 </msg>
<msg time="2024-03-29T12:25:52.882594" level="INFO">GET Response : url=https://randomuser.me/api 
 status=200, reason=OK 
 headers={'Date': 'Fri, 29 Mar 2024 12:25:52 GMT', 'Content-Type': 'application/json; charset=utf-8', 'Transfer-Encoding': 'chunked', 'Connection': 'keep-alive', 'X-Powered-By': 'Express', 'Access-Control-Allow-Origin': '*', 'Cache-Control': 'no-cache', 'ETag': 'W/"4b2-dMNbj3OXy/i1twz6THoZHgnhC64"', 'Vary': 'Accept-Encoding', 'Content-Encoding': 'gzip', 'CF-Cache-Status': 'DYNAMIC', 'Report-To': '{"endpoints":[{"url":"https:\\/\\/a.nel.cloudflare.com\\/report\\/v4?s=%2BjQdvk74WkO58p1rWgNg6%2BANhI8uZTX2fl4Uc%2B6ckQD7yGuTUwGTAlUf8bujr%2BloSojAEKM6A0teVvusGibzJp1yEMeiHpeLtZlBd4UigsfVrcS0RlrLmue6NriGSmcA"}],"group":"cf-nel","max_age":604800}', 'NEL': '{"success_fraction":0,"report_to":"cf-nel","max_age":604800}', 'Server': 'cloudflare', 'CF-RAY': '86bfd859195a0a07-IAD', 'alt-svc': 'h3=":443"; ma=86400'} 
 body={"results":[{"gender":"female","name":{"title":"Mrs","first":"Ruby","last":"Burgos"},"location":{"street":{"number":5331,"name":"Boulevard Sinaloa"},"city":"Playa del Carmen","state":"Guerrero","country":"Mexico","postcode":47139,"coordinates":{"latitude":"24.0635","longitude":"121.1704"},"timezone":{"offset":"0:00","description":"Western Europe Time, London, Lisbon, Casablanca"}},"email":"ruby.burgos@example.com","login":{"uuid":"d1878296-6eea-4a9e-a839-df27f4688f32","username":"organicswan995","password":"campbell","salt":"33PPK5kI","md5":"3b0a510a64f0ca40310202a4dc8658da","sha1":"7aa083ba12798a04acc4545efc90aae56d99ae4a","sha256":"de8a789b89e49dba0c890b5167a6317eee47ded8bcc997ac4d5f91accfd0c5e4"},"dob":{"date":"1954-12-23T14:57:05.499Z","age":69},"registered":{"date":"2011-05-04T11:51:31.102Z","age":12},"phone":"(624) 559 2148","cell":"(676) 034 3546","id":{"name":"NSS","value":"03 02 13 4494 7"},"picture":{"large":"https://randomuser.me/api/portraits/women/92.jpg","medium":"https://randomuser.me/api/portraits/med/women/92.jpg","thumbnail":"https://randomuser.me/api/portraits/thumb/women/92.jpg"},"nat":"MX"}],"info":{"seed":"5e8e962d3251a78f","results":1,"page":1,"version":"1.4"}} 
 </msg>
<msg time="2024-03-29T12:25:52.882690" level="INFO">/opt/hostedtoolcache/Python/3.12.2/x64/lib/python3.12/site-packages/urllib3/connectionpool.py:1103: InsecureRequestWarning: Unverified HTTPS request is being made to host 'randomuser.me'. Adding certificate verification is strongly advised. See: https://urllib3.readthedocs.io/en/latest/advanced-usage.html#tls-warnings
  warnings.warn(</msg>
<msg time="2024-03-29T12:25:52.882859" level="INFO">${response} = &lt;Response [200]&gt;</msg>
<var>${response}</var>
<arg>consultarAPI</arg>
<arg>/api</arg>
<doc>Sends a GET request on a previously created HTTP Session.</doc>
<status status="PASS" start="2024-03-29T12:25:52.809528" elapsed="0.073383"/>
</kw>
<kw name="Set Variable" owner="BuiltIn">
<msg time="2024-03-29T12:25:52.884256" level="INFO">${json_data} = {'results': [{'gender': 'female', 'name': {'title': 'Mrs', 'first': 'Ruby', 'last': 'Burgos'}, 'location': {'street': {'number': 5331, 'name': 'Boulevard Sinaloa'}, 'city': 'Playa del Carmen', 'state'...</msg>
<var>${json_data}</var>
<arg>${response.json()}</arg>
<doc>Returns the given values which can then be assigned to a variables.</doc>
<status status="PASS" start="2024-03-29T12:25:52.883560" elapsed="0.000732"/>
</kw>
<kw name="Log" owner="BuiltIn">
<msg time="2024-03-29T12:25:52.884870" level="INFO">{'results': [{'gender': 'female', 'name': {'title': 'Mrs', 'first': 'Ruby', 'last': 'Burgos'}, 'location': {'street': {'number': 5331, 'name': 'Boulevard Sinaloa'}, 'city': 'Playa del Carmen', 'state': 'Guerrero', 'country': 'Mexico', 'postcode': 47139, 'coordinates': {'latitude': '24.0635', 'longitude': '121.1704'}, 'timezone': {'offset': '0:00', 'description': 'Western Europe Time, London, Lisbon, Casablanca'}}, 'email': 'ruby.burgos@example.com', 'login': {'uuid': 'd1878296-6eea-4a9e-a839-df27f4688f32', 'username': 'organicswan995', 'password': 'campbell', 'salt': '33PPK5kI', 'md5': '3b0a510a64f0ca40310202a4dc8658da', 'sha1': '7aa083ba12798a04acc4545efc90aae56d99ae4a', 'sha256': 'de8a789b89e49dba0c890b5167a6317eee47ded8bcc997ac4d5f91accfd0c5e4'}, 'dob': {'date': '1954-12-23T14:57:05.499Z', 'age': 69}, 'registered': {'date': '2011-05-04T11:51:31.102Z', 'age': 12}, 'phone': '(624) 559 2148', 'cell': '(676) 034 3546', 'id': {'name': 'NSS', 'value': '03 02 13 4494 7'}, 'picture': {'large': 'https://randomuser.me/api/portraits/women/92.jpg', 'medium': 'https://randomuser.me/api/portraits/med/women/92.jpg', 'thumbnail': 'https://randomuser.me/api/portraits/thumb/women/92.jpg'}, 'nat': 'MX'}], 'info': {'seed': '5e8e962d3251a78f', 'results': 1, 'page': 1, 'version': '1.4'}}</msg>
<arg>${json_data}</arg>
<doc>Logs the given message with the given level.</doc>
<status status="PASS" start="2024-03-29T12:25:52.884686" elapsed="0.000290"/>
</kw>
<kw name="Should Be String" owner="String">
<arg>${json_data['results'][0]['gender']}</arg>
<doc>Fails if the given ``item`` is not a string.</doc>
<status status="PASS" start="2024-03-29T12:25:52.885335" elapsed="0.000447"/>
</kw>
<kw name="Should Match Regexp" owner="BuiltIn">
<arg>${json_data['results'][0]['email']}</arg>
<arg>^[a-zA-Z0-9._%+-]+@[a-zA-Z0-9.-]+\.[a-zA-Z]{2,}$</arg>
<doc>Fails if ``string`` does not match ``pattern`` as a regular expression.</doc>
<status status="PASS" start="2024-03-29T12:25:52.886000" elapsed="0.000625"/>
</kw>
<kw name="Should Match Regexp" owner="BuiltIn">
<arg>${json_data['results'][0]['dob']['date']}</arg>
<arg>\\d{4}-\\d{2}-\\d{2}T\\d{2}:\\d{2}:\\d{2}\\.\\d{3}Z</arg>
<doc>Fails if ``string`` does not match ``pattern`` as a regular expression.</doc>
<status status="PASS" start="2024-03-29T12:25:52.886837" elapsed="0.000556"/>
</kw>
<kw name="Should Match Regexp" owner="BuiltIn">
<arg>${json_data['results'][0]['registered']['date']}</arg>
<arg>\\d{4}-\\d{2}-\\d{2}T\\d{2}:\\d{2}:\\d{2}\\.\\d{3}Z</arg>
<doc>Fails if ``string`` does not match ``pattern`` as a regular expression.</doc>
<status status="PASS" start="2024-03-29T12:25:52.887611" elapsed="0.000399"/>
</kw>
<kw name="Should Match Regexp" owner="BuiltIn">
<arg>${json_data['results'][0]['picture']['large']}</arg>
<arg>^https?://.*\.(?:png|jpe?g|gif|bmp)$</arg>
<doc>Fails if ``string`` does not match ``pattern`` as a regular expression.</doc>
<status status="PASS" start="2024-03-29T12:25:52.888205" elapsed="0.000483"/>
</kw>
<kw name="Should Match Regexp" owner="BuiltIn">
<arg>${json_data['results'][0]['picture']['medium']}</arg>
<arg>^https?://.*\.(?:png|jpe?g|gif|bmp)$</arg>
<doc>Fails if ``string`` does not match ``pattern`` as a regular expression.</doc>
<status status="PASS" start="2024-03-29T12:25:52.888885" elapsed="0.000372"/>
</kw>
<kw name="Should Match Regexp" owner="BuiltIn">
<arg>${json_data['results'][0]['picture']['thumbnail']}</arg>
<arg>^https?://.*\.(?:png|jpe?g|gif|bmp)$</arg>
<doc>Fails if ``string`` does not match ``pattern`` as a regular expression.</doc>
<status status="PASS" start="2024-03-29T12:25:52.889451" elapsed="0.000389"/>
</kw>
<kw name="Log" owner="BuiltIn">
<msg time="2024-03-29T12:25:52.890378" level="INFO">{'large': 'https://randomuser.me/api/portraits/women/92.jpg', 'medium': 'https://randomuser.me/api/portraits/med/women/92.jpg', 'thumbnail': 'https://randomuser.me/api/portraits/thumb/women/92.jpg'}</msg>
<arg>${json_data['results'][0]['picture']}</arg>
<doc>Logs the given message with the given level.</doc>
<status status="PASS" start="2024-03-29T12:25:52.890035" elapsed="0.000391"/>
</kw>
<status status="PASS" start="2024-03-29T12:25:52.809118" elapsed="0.081590"/>
</kw>
<kw name="Teste de Tipos de Dados - Postcode" owner="random-user-service">
<kw name="GET On Session" owner="RequestsLibrary">
<msg time="2024-03-29T12:25:52.980871" level="INFO">GET Request : url=https://randomuser.me/api 
 path_url=/api 
 headers={'User-Agent': 'python-requests/2.31.0', 'Accept-Encoding': 'gzip, deflate', 'Accept': '*/*', 'Connection': 'keep-alive'} 
 body=None 
 </msg>
<msg time="2024-03-29T12:25:52.980963" level="INFO">GET Response : url=https://randomuser.me/api 
 status=200, reason=OK 
 headers={'Date': 'Fri, 29 Mar 2024 12:25:52 GMT', 'Content-Type': 'application/json; charset=utf-8', 'Transfer-Encoding': 'chunked', 'Connection': 'keep-alive', 'X-Powered-By': 'Express', 'Access-Control-Allow-Origin': '*', 'Cache-Control': 'no-cache', 'ETag': 'W/"4a6-k6Gijk8/uUKAUnXK0aA/bo9Gp2U"', 'Vary': 'Accept-Encoding', 'Content-Encoding': 'gzip', 'CF-Cache-Status': 'DYNAMIC', 'Report-To': '{"endpoints":[{"url":"https:\\/\\/a.nel.cloudflare.com\\/report\\/v4?s=8YCB8XSKH25%2F1YzFH9kA8Ji9x6eP8HKoq148vXDNFjo21j16ZZgsfD3zfXNufiXs3sDyACDI3%2FBXQwPeQrhdpPWEAC4KsMHiIQH7we47LmZwj8nL9Jn4PJY%2FP%2FvuIQsI"}],"group":"cf-nel","max_age":604800}', 'NEL': '{"success_fraction":0,"report_to":"cf-nel","max_age":604800}', 'Server': 'cloudflare', 'CF-RAY': '86bfd85999e90a07-IAD', 'alt-svc': 'h3=":443"; ma=86400'} 
 body={"results":[{"gender":"male","name":{"title":"Mr","first":"Bernardo","last":"Caldeira"},"location":{"street":{"number":449,"name":"Rua Belo Horizonte "},"city":"Araçatuba","state":"Paraná","country":"Brazil","postcode":47538,"coordinates":{"latitude":"-76.4294","longitude":"-29.5472"},"timezone":{"offset":"-5:00","description":"Eastern Time (US &amp; Canada), Bogota, Lima"}},"email":"bernardo.caldeira@example.com","login":{"uuid":"21402176-240a-4d7c-ab4b-120f7515e12f","username":"crazypanda163","password":"piglet","salt":"jsaNYDWi","md5":"41069387c3e06ad5cbc9cbe26162d7b2","sha1":"50fe663a6d4c6b7b43671313ba6395cbe8ad2b87","sha256":"7c5415602cb832109f83b1f8bf6ec619b5c10378f76c8c60a02f0356f183fa73"},"dob":{"date":"1955-04-15T21:17:50.012Z","age":68},"registered":{"date":"2002-03-25T19:56:36.721Z","age":22},"phone":"(43) 0390-1903","cell":"(26) 9675-0945","id":{"name":"CPF","value":"808.438.072-26"},"picture":{"large":"https://randomuser.me/api/portraits/men/93.jpg","medium":"https://randomuser.me/api/portraits/med/men/93.jpg","thumbnail":"https://randomuser.me/api/portraits/thumb/men/93.jpg"},"nat":"BR"}],"info":{"seed":"5e47c1aa840bc4ea","results":1,"page":1,"version":"1.4"}} 
 </msg>
<msg time="2024-03-29T12:25:52.981070" level="INFO">/opt/hostedtoolcache/Python/3.12.2/x64/lib/python3.12/site-packages/urllib3/connectionpool.py:1103: InsecureRequestWarning: Unverified HTTPS request is being made to host 'randomuser.me'. Adding certificate verification is strongly advised. See: https://urllib3.readthedocs.io/en/latest/advanced-usage.html#tls-warnings
  warnings.warn(</msg>
<msg time="2024-03-29T12:25:52.981189" level="INFO">${response} = &lt;Response [200]&gt;</msg>
<var>${response}</var>
<arg>consultarAPI</arg>
<arg>/api</arg>
<doc>Sends a GET request on a previously created HTTP Session.</doc>
<status status="PASS" start="2024-03-29T12:25:52.891451" elapsed="0.089791"/>
</kw>
<kw name="Set Variable" owner="BuiltIn">
<msg time="2024-03-29T12:25:52.982306" level="INFO">${json_data} = {'results': [{'gender': 'male', 'name': {'title': 'Mr', 'first': 'Bernardo', 'last': 'Caldeira'}, 'location': {'street': {'number': 449, 'name': 'Rua Belo Horizonte '}, 'city': 'Araçatuba', 'state': '...</msg>
<var>${json_data}</var>
<arg>${response.json()}</arg>
<doc>Returns the given values which can then be assigned to a variables.</doc>
<status status="PASS" start="2024-03-29T12:25:52.981721" elapsed="0.000619"/>
</kw>
<kw name="Log" owner="BuiltIn">
<msg time="2024-03-29T12:25:52.982848" level="INFO">{'results': [{'gender': 'male', 'name': {'title': 'Mr', 'first': 'Bernardo', 'last': 'Caldeira'}, 'location': {'street': {'number': 449, 'name': 'Rua Belo Horizonte '}, 'city': 'Araçatuba', 'state': 'Paraná', 'country': 'Brazil', 'postcode': 47538, 'coordinates': {'latitude': '-76.4294', 'longitude': '-29.5472'}, 'timezone': {'offset': '-5:00', 'description': 'Eastern Time (US &amp; Canada), Bogota, Lima'}}, 'email': 'bernardo.caldeira@example.com', 'login': {'uuid': '21402176-240a-4d7c-ab4b-120f7515e12f', 'username': 'crazypanda163', 'password': 'piglet', 'salt': 'jsaNYDWi', 'md5': '41069387c3e06ad5cbc9cbe26162d7b2', 'sha1': '50fe663a6d4c6b7b43671313ba6395cbe8ad2b87', 'sha256': '7c5415602cb832109f83b1f8bf6ec619b5c10378f76c8c60a02f0356f183fa73'}, 'dob': {'date': '1955-04-15T21:17:50.012Z', 'age': 68}, 'registered': {'date': '2002-03-25T19:56:36.721Z', 'age': 22}, 'phone': '(43) 0390-1903', 'cell': '(26) 9675-0945', 'id': {'name': 'CPF', 'value': '808.438.072-26'}, 'picture': {'large': 'https://randomuser.me/api/portraits/men/93.jpg', 'medium': 'https://randomuser.me/api/portraits/med/men/93.jpg', 'thumbnail': 'https://randomuser.me/api/portraits/thumb/men/93.jpg'}, 'nat': 'BR'}], 'info': {'seed': '5e47c1aa840bc4ea', 'results': 1, 'page': 1, 'version': '1.4'}}</msg>
<arg>${json_data}</arg>
<doc>Logs the given message with the given level.</doc>
<status status="PASS" start="2024-03-29T12:25:52.982685" elapsed="0.000252"/>
</kw>
<kw name="Should Be Equal As Numbers" owner="BuiltIn">
<arg>${json_data['results'][0]['location']['postcode']}</arg>
<arg>${json_data['results'][0]['location']['postcode']}</arg>
<doc>Fails if objects are unequal after converting them to real numbers.</doc>
<status status="PASS" start="2024-03-29T12:25:52.983258" elapsed="0.000673"/>
</kw>
<kw name="Log" owner="BuiltIn">
<msg time="2024-03-29T12:25:52.984475" level="INFO">47538</msg>
<arg>${json_data['results'][0]['location']['postcode']}</arg>
<doc>Logs the given message with the given level.</doc>
<status status="PASS" start="2024-03-29T12:25:52.984130" elapsed="0.000388"/>
</kw>
<status status="PASS" start="2024-03-29T12:25:52.890979" elapsed="0.093800"/>
</kw>
<doc>Testa se os tipos de dados na resposta da API estão corretos.</doc>
<tag>testeTiposDados</tag>
<status status="PASS" start="2024-03-29T12:25:52.808310" elapsed="0.176652"/>
</test>
<test id="s1-s1-t5" name="Validar conteudo" line="35">
<kw name="Teste de Tipos de Conteudo" owner="random-user-service">
<kw name="GET On Session" owner="RequestsLibrary">
<msg time="2024-03-29T12:25:53.097421" level="INFO">GET Request : url=https://randomuser.me/api 
 path_url=/api 
 headers={'User-Agent': 'python-requests/2.31.0', 'Accept-Encoding': 'gzip, deflate', 'Accept': '*/*', 'Connection': 'keep-alive'} 
 body=None 
 </msg>
<msg time="2024-03-29T12:25:53.097527" level="INFO">GET Response : url=https://randomuser.me/api 
 status=200, reason=OK 
 headers={'Date': 'Fri, 29 Mar 2024 12:25:53 GMT', 'Content-Type': 'application/json; charset=utf-8', 'Transfer-Encoding': 'chunked', 'Connection': 'keep-alive', 'X-Powered-By': 'Express', 'Access-Control-Allow-Origin': '*', 'Cache-Control': 'no-cache', 'ETag': 'W/"48d-SsoDqlKCWAKOuhgOJTbIC/tP+OU"', 'Vary': 'Accept-Encoding', 'Content-Encoding': 'gzip', 'CF-Cache-Status': 'DYNAMIC', 'Report-To': '{"endpoints":[{"url":"https:\\/\\/a.nel.cloudflare.com\\/report\\/v4?s=eckr9VqLlym6S0tKOxUliZd9a%2BLZp%2Blx8B163OMy8OXvyl4Uy4F5jiLxoBY5Hjzkucg2XRMgg9hYZN2N04NEju7CRM%2B7Yx3svT%2BiEODZwbI2pyr3krp%2Fn4Kl3pPcGZcL"}],"group":"cf-nel","max_age":604800}', 'NEL': '{"success_fraction":0,"report_to":"cf-nel","max_age":604800}', 'Server': 'cloudflare', 'CF-RAY': '86bfd85a2a820a07-IAD', 'alt-svc': 'h3=":443"; ma=86400'} 
 body={"results":[{"gender":"female","name":{"title":"Mrs","first":"Sharanya","last":"Moolya"},"location":{"street":{"number":3051,"name":"Sao Tome Old Quarter"},"city":"Tenali","state":"Kerala","country":"India","postcode":64560,"coordinates":{"latitude":"11.8173","longitude":"87.8022"},"timezone":{"offset":"-8:00","description":"Pacific Time (US &amp; Canada)"}},"email":"sharanya.moolya@example.com","login":{"uuid":"b8624de7-9d81-4f67-a3ab-62365b637038","username":"sadgorilla214","password":"nice","salt":"2Fe7xCko","md5":"953a685517c39954fa602682631ae693","sha1":"0cc38ec90c4000a855b8d965dbd2d8e941626bdd","sha256":"37ae465bb32def7336b5e429eba17e7a15562d947294900d2205346f28d1ac16"},"dob":{"date":"1955-10-01T13:21:22.911Z","age":68},"registered":{"date":"2010-07-25T11:45:10.067Z","age":13},"phone":"9424025375","cell":"7144679986","id":{"name":"UIDAI","value":"091827575528"},"picture":{"large":"https://randomuser.me/api/portraits/women/35.jpg","medium":"https://randomuser.me/api/portraits/med/women/35.jpg","thumbnail":"https://randomuser.me/api/portraits/thumb/women/35.jpg"},"nat":"IN"}],"info":{"seed":"14823ceb60cf28ed","results":1,"page":1,"version":"1.4"}} 
 </msg>
<msg time="2024-03-29T12:25:53.097624" level="INFO">/opt/hostedtoolcache/Python/3.12.2/x64/lib/python3.12/site-packages/urllib3/connectionpool.py:1103: InsecureRequestWarning: Unverified HTTPS request is being made to host 'randomuser.me'. Adding certificate verification is strongly advised. See: https://urllib3.readthedocs.io/en/latest/advanced-usage.html#tls-warnings
  warnings.warn(</msg>
<msg time="2024-03-29T12:25:53.097791" level="INFO">${response} = &lt;Response [200]&gt;</msg>
<var>${response}</var>
<arg>consultarAPI</arg>
<arg>/api</arg>
<doc>Sends a GET request on a previously created HTTP Session.</doc>
<status status="PASS" start="2024-03-29T12:25:52.987650" elapsed="0.110193"/>
</kw>
<kw name="Set Variable" owner="BuiltIn">
<msg time="2024-03-29T12:25:53.098966" level="INFO">${json_data} = {'results': [{'gender': 'female', 'name': {'title': 'Mrs', 'first': 'Sharanya', 'last': 'Moolya'}, 'location': {'street': {'number': 3051, 'name': 'Sao Tome Old Quarter'}, 'city': 'Tenali', 'state': '...</msg>
<var>${json_data}</var>
<arg>${response.json()}</arg>
<doc>Returns the given values which can then be assigned to a variables.</doc>
<status status="PASS" start="2024-03-29T12:25:53.098372" elapsed="0.000624"/>
</kw>
<kw name="Set Variable" owner="BuiltIn">
<msg time="2024-03-29T12:25:53.099734" level="INFO">${name_title} = Mrs</msg>
<var>${name_title}</var>
<arg>${json_data["results"][0]["name"]["title"]}</arg>
<doc>Returns the given values which can then be assigned to a variables.</doc>
<status status="PASS" start="2024-03-29T12:25:53.099320" elapsed="0.000440"/>
</kw>
<kw name="Create List" owner="BuiltIn">
<msg time="2024-03-29T12:25:53.100221" level="INFO">${allowed_titles} = ['Mr', 'Ms', 'Miss', 'Mrs', 'Madame', 'Monsieur']</msg>
<var>${allowed_titles}</var>
<arg>Mr</arg>
<arg>Ms</arg>
<arg>Miss</arg>
<arg>Mrs</arg>
<arg>Madame</arg>
<arg>Monsieur</arg>
<doc>Returns a list containing given items.</doc>
<status status="PASS" start="2024-03-29T12:25:53.100067" elapsed="0.000180"/>
</kw>
<kw name="List Should Contain Value" owner="Collections">
<msg time="2024-03-29T12:25:53.100758" level="INFO">False</msg>
<arg>${allowed_titles}</arg>
<arg>${name_title}</arg>
<doc>Fails if the ``value`` is not found from ``list``.</doc>
<status status="PASS" start="2024-03-29T12:25:53.100561" elapsed="0.000234"/>
</kw>
<kw name="Set Variable" owner="BuiltIn">
<msg time="2024-03-29T12:25:53.101469" level="INFO">${name_country} = IN</msg>
<var>${name_country}</var>
<arg>${json_data["results"][0]["nat"]}</arg>
<doc>Returns the given values which can then be assigned to a variables.</doc>
<status status="PASS" start="2024-03-29T12:25:53.101088" elapsed="0.000406"/>
</kw>
<kw name="Create List" owner="BuiltIn">
<msg time="2024-03-29T12:25:53.102470" level="INFO">${list_country} = ['AD', 'AE', 'AF', 'AG', 'AI', 'AL', 'AM', 'AO', 'AQ', 'AR', 'AS', 'AT', 'AU', 'AW', 'AX', 'AZ', 'BA', 'BB', 'BD', 'BE', 'BF', 'BG', 'BH', 'BI', 'BJ', 'BL', 'BM', 'BN', 'BO', 'BQ', 'BR', 'BS', 'BT', '...</msg>
<var>${list_country}</var>
<arg>AD</arg>
<arg>AE</arg>
<arg>AF</arg>
<arg>AG</arg>
<arg>AI</arg>
<arg>AL</arg>
<arg>AM</arg>
<arg>AO</arg>
<arg>AQ</arg>
<arg>AR</arg>
<arg>AS</arg>
<arg>AT</arg>
<arg>AU</arg>
<arg>AW</arg>
<arg>AX</arg>
<arg>AZ</arg>
<arg>BA</arg>
<arg>BB</arg>
<arg>BD</arg>
<arg>BE</arg>
<arg>BF</arg>
<arg>BG</arg>
<arg>BH</arg>
<arg>BI</arg>
<arg>BJ</arg>
<arg>BL</arg>
<arg>BM</arg>
<arg>BN</arg>
<arg>BO</arg>
<arg>BQ</arg>
<arg>BR</arg>
<arg>BS</arg>
<arg>BT</arg>
<arg>BV</arg>
<arg>BW</arg>
<arg>BY</arg>
<arg>BZ</arg>
<arg>CA</arg>
<arg>CC</arg>
<arg>CD</arg>
<arg>CF</arg>
<arg>CG</arg>
<arg>CH</arg>
<arg>CI</arg>
<arg>CK</arg>
<arg>CL</arg>
<arg>CM</arg>
<arg>CN</arg>
<arg>CO</arg>
<arg>CR</arg>
<arg>CU</arg>
<arg>CV</arg>
<arg>CW</arg>
<arg>CX</arg>
<arg>CY</arg>
<arg>CZ</arg>
<arg>DE</arg>
<arg>DJ</arg>
<arg>DK</arg>
<arg>DM</arg>
<arg>DO</arg>
<arg>DZ</arg>
<arg>EC</arg>
<arg>EE</arg>
<arg>EG</arg>
<arg>EH</arg>
<arg>ER</arg>
<arg>ES</arg>
<arg>ET</arg>
<arg>FI</arg>
<arg>FJ</arg>
<arg>FK</arg>
<arg>FM</arg>
<arg>FO</arg>
<arg>FR</arg>
<arg>GA</arg>
<arg>GB</arg>
<arg>GD</arg>
<arg>GE</arg>
<arg>GF</arg>
<arg>GG</arg>
<arg>GH</arg>
<arg>GI</arg>
<arg>GL</arg>
<arg>GM</arg>
<arg>GN</arg>
<arg>GP</arg>
<arg>GQ</arg>
<arg>GR</arg>
<arg>GS</arg>
<arg>GT</arg>
<arg>GU</arg>
<arg>GW</arg>
<arg>GY</arg>
<arg>HK</arg>
<arg>HM</arg>
<arg>HN</arg>
<arg>HR</arg>
<arg>HT</arg>
<arg>HU</arg>
<arg>ID</arg>
<arg>IE</arg>
<arg>IL</arg>
<arg>IM</arg>
<arg>IN</arg>
<arg>IO</arg>
<arg>IQ</arg>
<arg>IR</arg>
<arg>IS</arg>
<arg>IT</arg>
<arg>JE</arg>
<arg>JM</arg>
<arg>JO</arg>
<arg>JP</arg>
<arg>KE</arg>
<arg>KG</arg>
<arg>KH</arg>
<arg>KI</arg>
<arg>KM</arg>
<arg>KN</arg>
<arg>KP</arg>
<arg>KR</arg>
<arg>KW</arg>
<arg>KY</arg>
<arg>KZ</arg>
<arg>LA</arg>
<arg>LB</arg>
<arg>LC</arg>
<arg>LI</arg>
<arg>LK</arg>
<arg>LR</arg>
<arg>LS</arg>
<arg>LT</arg>
<arg>LU</arg>
<arg>LV</arg>
<arg>LY</arg>
<arg>MA</arg>
<arg>MC</arg>
<arg>MD</arg>
<arg>ME</arg>
<arg>MF</arg>
<arg>MG</arg>
<arg>MH</arg>
<arg>MK</arg>
<arg>ML</arg>
<arg>MM</arg>
<arg>MN</arg>
<arg>MO</arg>
<arg>MP</arg>
<arg>MQ</arg>
<arg>MR</arg>
<arg>MS</arg>
<arg>MT</arg>
<arg>MU</arg>
<arg>MV</arg>
<arg>MW</arg>
<arg>MX</arg>
<arg>MY</arg>
<arg>MZ</arg>
<arg>NA</arg>
<arg>NC</arg>
<arg>NE</arg>
<arg>NF</arg>
<arg>NG</arg>
<arg>NI</arg>
<arg>NL</arg>
<arg>NO</arg>
<arg>NP</arg>
<arg>NR</arg>
<arg>NU</arg>
<arg>NZ</arg>
<arg>OM</arg>
<arg>PA</arg>
<arg>PE</arg>
<arg>PF</arg>
<arg>PG</arg>
<arg>PH</arg>
<arg>PK</arg>
<arg>PL</arg>
<arg>PM</arg>
<arg>PN</arg>
<arg>PR</arg>
<arg>PS</arg>
<arg>PT</arg>
<arg>PW</arg>
<arg>PY</arg>
<arg>QA</arg>
<arg>RE</arg>
<arg>RO</arg>
<arg>RS</arg>
<arg>RU</arg>
<arg>RW</arg>
<arg>SA</arg>
<arg>SB</arg>
<arg>SC</arg>
<arg>SD</arg>
<arg>SE</arg>
<arg>SG</arg>
<arg>SH</arg>
<arg>SI</arg>
<arg>SJ</arg>
<arg>SK</arg>
<arg>SL</arg>
<arg>SM</arg>
<arg>SN</arg>
<arg>SO</arg>
<arg>SR</arg>
<arg>SS</arg>
<arg>ST</arg>
<arg>SV</arg>
<arg>SX</arg>
<arg>SY</arg>
<arg>SZ</arg>
<arg>TC</arg>
<arg>TD</arg>
<arg>TF</arg>
<arg>TG</arg>
<arg>TH</arg>
<arg>TJ</arg>
<arg>TK</arg>
<arg>TL</arg>
<arg>TM</arg>
<arg>TN</arg>
<arg>TO</arg>
<arg>TR</arg>
<arg>TT</arg>
<arg>TV</arg>
<arg>TW</arg>
<arg>TZ</arg>
<arg>UA</arg>
<arg>UG</arg>
<arg>UM</arg>
<arg>US</arg>
<arg>UY</arg>
<arg>UZ</arg>
<arg>VA</arg>
<arg>VC</arg>
<arg>VE</arg>
<arg>VG</arg>
<arg>VI</arg>
<arg>VN</arg>
<arg>VU</arg>
<arg>WF</arg>
<arg>WS</arg>
<arg>XK</arg>
<arg>YE</arg>
<arg>YT</arg>
<arg>ZA</arg>
<arg>ZM</arg>
<arg>ZW</arg>
<doc>Returns a list containing given items.</doc>
<status status="PASS" start="2024-03-29T12:25:53.101838" elapsed="0.000659"/>
</kw>
<kw name="List Should Contain Value" owner="Collections">
<msg time="2024-03-29T12:25:53.103643" level="INFO">False</msg>
<arg>${list_country}</arg>
<arg>${name_country}</arg>
<doc>Fails if the ``value`` is not found from ``list``.</doc>
<status status="PASS" start="2024-03-29T12:25:53.103434" elapsed="0.000246"/>
</kw>
<kw name="Run Keyword If" owner="BuiltIn">
<kw name="Should Be True" owner="BuiltIn">
<arg>${True}</arg>
<doc>Fails if the given condition is not true.</doc>
<status status="PASS" start="2024-03-29T12:25:53.104793" elapsed="0.000149"/>
</kw>
<arg>${json_data["results"][0]["location"]["coordinates"]["latitude"]} &gt;= -90 and ${json_data["results"][0]["location"]["coordinates"]["latitude"]} &lt;= 90</arg>
<arg>Should Be True</arg>
<arg>${True}</arg>
<doc>Runs the given keyword with the given arguments, if ``condition`` is true.</doc>
<status status="PASS" start="2024-03-29T12:25:53.104004" elapsed="0.001076"/>
</kw>
<kw name="Run Keyword If" owner="BuiltIn">
<kw name="Should Be True" owner="BuiltIn">
<arg>${True}</arg>
<doc>Fails if the given condition is not true.</doc>
<status status="PASS" start="2024-03-29T12:25:53.106020" elapsed="0.000141"/>
</kw>
<arg>${json_data["results"][0]["location"]["coordinates"]["longitude"]} &gt;= -180 and ${json_data["results"][0]["location"]["coordinates"]["longitude"]} &lt;= 180</arg>
<arg>Should Be True</arg>
<arg>${True}</arg>
<doc>Runs the given keyword with the given arguments, if ``condition`` is true.</doc>
<status status="PASS" start="2024-03-29T12:25:53.105270" elapsed="0.001016"/>
</kw>
<status status="PASS" start="2024-03-29T12:25:52.987405" elapsed="0.119013"/>
</kw>
<doc>Testa o conteúdo específico dos campos retornados pela API.</doc>
<tag>testeConteudo</tag>
<status status="PASS" start="2024-03-29T12:25:52.986864" elapsed="0.119708"/>
</test>
<status status="PASS" start="2024-03-29T12:25:52.226996" elapsed="0.881536"/>
</suite>
<status status="PASS" start="2024-03-29T12:25:52.213287" elapsed="0.900710"/>
</suite>
<statistics>
<total>
<stat pass="5" fail="0" skip="0">All Tests</stat>
</total>
<tag>
<stat pass="1" fail="0" skip="0">testeConteudo</stat>
<stat pass="1" fail="0" skip="0">testeEstruturaResposta</stat>
<stat pass="1" fail="0" skip="0">testeRequisicaoBasica</stat>
<stat pass="1" fail="0" skip="0">testeTiposDados</stat>
</tag>
<suite>
<stat pass="5" fail="0" skip="0" id="s1" name="Tests">Tests</stat>
<stat pass="5" fail="0" skip="0" id="s1-s1" name="Random-User-Test">Tests.Random-User-Test</stat>
</suite>
</statistics>
<errors>
</errors>
</robot>
