<?xml version="1.0" encoding="UTF-8"?>
<robot generator="Robot 7.0 (Python 3.12.2 on linux)" generated="2024-04-05T01:53:59.464649" rpa="false" schemaversion="5">
<suite id="s1" name="Tests" source="/home/runner/work/DesafioQAItauRogerioJordao/DesafioQAItauRogerioJordao/RamdonUser/tests">
<suite id="s1-s1" name="Random-User-Test" source="/home/runner/work/DesafioQAItauRogerioJordao/DesafioQAItauRogerioJordao/RamdonUser/tests/random-user-test.robot">
<test id="s1-s1-t1" name="Conectar" line="13">
<kw name="Conectar API" owner="random-user-service">
<kw name="Create Session" owner="RequestsLibrary">
<msg time="2024-04-05T01:53:59.826614" level="INFO">Creating Session using : alias=consultarAPI, url=https://randomuser.me/, headers={},                     cookies={}, auth=None, timeout=None, proxies=None, verify=False,                     debug=0 </msg>
<arg>consultarAPI</arg>
<arg>${URL}</arg>
<doc>Create Session: create a HTTP session to a server</doc>
<status status="PASS" start="2024-04-05T01:53:59.826418" elapsed="0.000363"/>
</kw>
<status status="PASS" start="2024-04-05T01:53:59.825389" elapsed="0.001738"/>
</kw>
<status status="PASS" start="2024-04-05T01:53:59.824787" elapsed="0.002545"/>
</test>
<test id="s1-s1-t2" name="Validar retorno 200 e JSON Válido" line="16">
<kw name="Teste de Requisicao Basica" owner="random-user-service">
<kw name="GET On Session" owner="RequestsLibrary">
<msg time="2024-04-05T01:54:00.089027" level="INFO">GET Request : url=https://randomuser.me/api 
 path_url=/api 
 headers={'User-Agent': 'python-requests/2.31.0', 'Accept-Encoding': 'gzip, deflate', 'Accept': '*/*', 'Connection': 'keep-alive'} 
 body=None 
 </msg>
<msg time="2024-04-05T01:54:00.089203" level="INFO">GET Response : url=https://randomuser.me/api 
 status=200, reason=OK 
 headers={'Date': 'Fri, 05 Apr 2024 01:54:00 GMT', 'Content-Type': 'application/json; charset=utf-8', 'Transfer-Encoding': 'chunked', 'Connection': 'keep-alive', 'X-Powered-By': 'Express', 'Access-Control-Allow-Origin': '*', 'Cache-Control': 'no-cache', 'ETag': 'W/"4ac-d6ipiO9dfgnrEy0/Botvizbwh8I"', 'Vary': 'Accept-Encoding', 'Content-Encoding': 'gzip', 'CF-Cache-Status': 'DYNAMIC', 'Report-To': '{"endpoints":[{"url":"https:\\/\\/a.nel.cloudflare.com\\/report\\/v4?s=gYCVShHTR4eRozgJA9xWZp0M96MEQ37KsL7sN1qqQItamT7XoDgA4l3CzBa%2FI0gwFMK8oCcBiyCyeN%2BESaU2pVkXw6Wbe7iK%2BbqnL3HBM7%2BHJ2kReuNBZ4%2BQ9wvAsYYS"}],"group":"cf-nel","max_age":604800}', 'NEL': '{"success_fraction":0,"report_to":"cf-nel","max_age":604800}', 'Server': 'cloudflare', 'CF-RAY': '86f5e85dfc6052bf-LAX', 'alt-svc': 'h3=":443"; ma=86400'} 
 body={"results":[{"gender":"female","name":{"title":"Mrs","first":"Deanna","last":"Butler"},"location":{"street":{"number":1042,"name":"Hickory Creek Dr"},"city":"Charleston","state":"West Virginia","country":"United States","postcode":80514,"coordinates":{"latitude":"89.2289","longitude":"127.3395"},"timezone":{"offset":"-6:00","description":"Central Time (US &amp; Canada), Mexico City"}},"email":"deanna.butler@example.com","login":{"uuid":"3163152f-c3d6-40a4-b0fd-60dea1cdc10e","username":"tinykoala110","password":"vertigo","salt":"nYxaNsSd","md5":"3dcbdf68d89b071c79053cf44a0b8b8e","sha1":"f7175d67aafa82d6e5df14d0722d95c80bd8b938","sha256":"c485807fbc717608ed6d025f3b984b9fa445a5b8242f979eb05331d9a9bb252f"},"dob":{"date":"1991-01-31T14:24:27.781Z","age":33},"registered":{"date":"2020-04-12T22:02:19.974Z","age":3},"phone":"(278) 810-8860","cell":"(731) 671-5416","id":{"name":"SSN","value":"076-74-4738"},"picture":{"large":"https://randomuser.me/api/portraits/women/63.jpg","medium":"https://randomuser.me/api/portraits/med/women/63.jpg","thumbnail":"https://randomuser.me/api/portraits/thumb/women/63.jpg"},"nat":"US"}],"info":{"seed":"515fe460318c0237","results":1,"page":1,"version":"1.4"}} 
 </msg>
<msg time="2024-04-05T01:54:00.089341" level="INFO">/opt/hostedtoolcache/Python/3.12.2/x64/lib/python3.12/site-packages/urllib3/connectionpool.py:1103: InsecureRequestWarning: Unverified HTTPS request is being made to host 'randomuser.me'. Adding certificate verification is strongly advised. See: https://urllib3.readthedocs.io/en/latest/advanced-usage.html#tls-warnings
  warnings.warn(</msg>
<msg time="2024-04-05T01:54:00.089546" level="INFO">${response} = &lt;Response [200]&gt;</msg>
<var>${response}</var>
<arg>consultarAPI</arg>
<arg>/api</arg>
<doc>Sends a GET request on a previously created HTTP Session.</doc>
<status status="PASS" start="2024-04-05T01:53:59.830022" elapsed="0.259558"/>
</kw>
<kw name="Should Be Equal As Numbers" owner="BuiltIn">
<msg time="2024-04-05T01:54:00.090604" level="INFO">Argument types are:
&lt;class 'int'&gt;
&lt;class 'str'&gt;</msg>
<arg>${response.status_code}</arg>
<arg>200</arg>
<doc>Fails if objects are unequal after converting them to real numbers.</doc>
<status status="PASS" start="2024-04-05T01:54:00.090125" elapsed="0.000546"/>
</kw>
<kw name="Log" owner="BuiltIn">
<msg time="2024-04-05T01:54:00.091357" level="INFO">200</msg>
<arg>${response.status_code}</arg>
<doc>Logs the given message with the given level.</doc>
<status status="PASS" start="2024-04-05T01:54:00.090997" elapsed="0.000404"/>
</kw>
<kw name="Set Variable" owner="BuiltIn">
<msg time="2024-04-05T01:54:00.092180" level="INFO">${json_data} = {'results': [{'gender': 'female', 'name': {'title': 'Mrs', 'first': 'Deanna', 'last': 'Butler'}, 'location': {'street': {'number': 1042, 'name': 'Hickory Creek Dr'}, 'city': 'Charleston', 'state': 'We...</msg>
<var>${json_data}</var>
<arg>${response.json()}</arg>
<doc>Returns the given values which can then be assigned to a variables.</doc>
<status status="PASS" start="2024-04-05T01:54:00.091731" elapsed="0.000478"/>
</kw>
<kw name="Dictionary Should Contain Key" owner="Collections">
<msg time="2024-04-05T01:54:00.092683" level="INFO">False</msg>
<arg>${json_data}</arg>
<arg>results</arg>
<doc>Fails if ``key`` is not found from ``dictionary``.</doc>
<status status="PASS" start="2024-04-05T01:54:00.092513" elapsed="0.000210"/>
</kw>
<status status="PASS" start="2024-04-05T01:53:59.829769" elapsed="0.263215"/>
</kw>
<doc>Testa se a API responde corretamente e retorna um objeto JSON válido.</doc>
<tag>testeRequisicaoBasica</tag>
<status status="PASS" start="2024-04-05T01:53:59.829164" elapsed="0.264014"/>
</test>
<test id="s1-s1-t3" name="Validar estrutura de resposta" line="22">
<kw name="Teste de Estrutura de Resposta" owner="random-user-service">
<kw name="GET On Session" owner="RequestsLibrary">
<msg time="2024-04-05T01:54:00.210883" level="INFO">GET Request : url=https://randomuser.me/api 
 path_url=/api 
 headers={'User-Agent': 'python-requests/2.31.0', 'Accept-Encoding': 'gzip, deflate', 'Accept': '*/*', 'Connection': 'keep-alive'} 
 body=None 
 </msg>
<msg time="2024-04-05T01:54:00.210953" level="INFO">GET Response : url=https://randomuser.me/api 
 status=200, reason=OK 
 headers={'Date': 'Fri, 05 Apr 2024 01:54:00 GMT', 'Content-Type': 'application/json; charset=utf-8', 'Transfer-Encoding': 'chunked', 'Connection': 'keep-alive', 'X-Powered-By': 'Express', 'Access-Control-Allow-Origin': '*', 'Cache-Control': 'no-cache', 'ETag': 'W/"49b-kOfCKOkmPZ8Z1XKTDLTdh0lMO3k"', 'Vary': 'Accept-Encoding', 'Content-Encoding': 'gzip', 'CF-Cache-Status': 'DYNAMIC', 'Report-To': '{"endpoints":[{"url":"https:\\/\\/a.nel.cloudflare.com\\/report\\/v4?s=QCNkf%2BvuAWAWQNlnfSLstwiVuT34K8o3MTfit%2FE5DDd3r7ki7ngT%2FxeMjw7dNBTBbn5q1b7DKyHl0vGt5hwH2FfvTXnK2SD69f2v9sbSa9G7ZJI2Md30CtbZhLL4sQ%2Bg"}],"group":"cf-nel","max_age":604800}', 'NEL': '{"success_fraction":0,"report_to":"cf-nel","max_age":604800}', 'Server': 'cloudflare', 'CF-RAY': '86f5e85e9d3b52bf-LAX', 'alt-svc': 'h3=":443"; ma=86400'} 
 body={"results":[{"gender":"male","name":{"title":"Mr","first":"ماهان","last":"زارعی"},"location":{"street":{"number":6814,"name":"شهید سرتیپ نامجو"},"city":"شیراز","state":"کرمان","country":"Iran","postcode":44951,"coordinates":{"latitude":"18.9364","longitude":"-53.4803"},"timezone":{"offset":"+9:00","description":"Tokyo, Seoul, Osaka, Sapporo, Yakutsk"}},"email":"mhn.zraay@example.com","login":{"uuid":"b3ea79d6-5176-4009-8af9-95a236419d58","username":"yellowmeercat612","password":"penny1","salt":"vfBzabKI","md5":"e1eeb92a9bc20284dd2c7f9161f849ce","sha1":"7f54290ca95de9c9b015bff2d5658c627e5a1be1","sha256":"870fa96beb03d295cee60c8b49d3cb3b078dc2305bac7e79bd46488d95b9ad39"},"dob":{"date":"1964-11-07T20:43:16.432Z","age":59},"registered":{"date":"2015-02-25T11:41:58.236Z","age":9},"phone":"024-20583522","cell":"0940-570-7863","id":{"name":"","value":null},"picture":{"large":"https://randomuser.me/api/portraits/men/14.jpg","medium":"https://randomuser.me/api/portraits/med/men/14.jpg","thumbnail":"https://randomuser.me/api/portraits/thumb/men/14.jpg"},"nat":"IR"}],"info":{"seed":"31c427df705d1a00","results":1,"page":1,"version":"1.4"}} 
 </msg>
<msg time="2024-04-05T01:54:00.211071" level="INFO">/opt/hostedtoolcache/Python/3.12.2/x64/lib/python3.12/site-packages/urllib3/connectionpool.py:1103: InsecureRequestWarning: Unverified HTTPS request is being made to host 'randomuser.me'. Adding certificate verification is strongly advised. See: https://urllib3.readthedocs.io/en/latest/advanced-usage.html#tls-warnings
  warnings.warn(</msg>
<msg time="2024-04-05T01:54:00.211188" level="INFO">${response} = &lt;Response [200]&gt;</msg>
<var>${response}</var>
<arg>consultarAPI</arg>
<arg>/api</arg>
<doc>Sends a GET request on a previously created HTTP Session.</doc>
<status status="PASS" start="2024-04-05T01:54:00.096125" elapsed="0.115103"/>
</kw>
<kw name="Set Variable" owner="BuiltIn">
<msg time="2024-04-05T01:54:00.212053" level="INFO">${json_data} = {'results': [{'gender': 'male', 'name': {'title': 'Mr', 'first': 'ماهان', 'last': 'زارعی'}, 'location': {'street': {'number': 6814, 'name': 'شهید سرتیپ نامجو'}, 'city': 'شیراز', 'state': 'کرمان', 'cou...</msg>
<var>${json_data}</var>
<arg>${response.json()}</arg>
<doc>Returns the given values which can then be assigned to a variables.</doc>
<status status="PASS" start="2024-04-05T01:54:00.211598" elapsed="0.000495"/>
</kw>
<kw name="Log" owner="BuiltIn">
<msg time="2024-04-05T01:54:00.212567" level="INFO">{'results': [{'gender': 'male', 'name': {'title': 'Mr', 'first': 'ماهان', 'last': 'زارعی'}, 'location': {'street': {'number': 6814, 'name': 'شهید سرتیپ نامجو'}, 'city': 'شیراز', 'state': 'کرمان', 'country': 'Iran', 'postcode': 44951, 'coordinates': {'latitude': '18.9364', 'longitude': '-53.4803'}, 'timezone': {'offset': '+9:00', 'description': 'Tokyo, Seoul, Osaka, Sapporo, Yakutsk'}}, 'email': 'mhn.zraay@example.com', 'login': {'uuid': 'b3ea79d6-5176-4009-8af9-95a236419d58', 'username': 'yellowmeercat612', 'password': 'penny1', 'salt': 'vfBzabKI', 'md5': 'e1eeb92a9bc20284dd2c7f9161f849ce', 'sha1': '7f54290ca95de9c9b015bff2d5658c627e5a1be1', 'sha256': '870fa96beb03d295cee60c8b49d3cb3b078dc2305bac7e79bd46488d95b9ad39'}, 'dob': {'date': '1964-11-07T20:43:16.432Z', 'age': 59}, 'registered': {'date': '2015-02-25T11:41:58.236Z', 'age': 9}, 'phone': '024-20583522', 'cell': '0940-570-7863', 'id': {'name': '', 'value': None}, 'picture': {'large': 'https://randomuser.me/api/portraits/men/14.jpg', 'medium': 'https://randomuser.me/api/portraits/med/men/14.jpg', 'thumbnail': 'https://randomuser.me/api/portraits/thumb/men/14.jpg'}, 'nat': 'IR'}], 'info': {'seed': '31c427df705d1a00', 'results': 1, 'page': 1, 'version': '1.4'}}</msg>
<arg>${json_data}</arg>
<doc>Logs the given message with the given level.</doc>
<status status="PASS" start="2024-04-05T01:54:00.212407" elapsed="0.000210"/>
</kw>
<kw name="Dictionary Should Contain Key" owner="Collections">
<msg time="2024-04-05T01:54:00.213064" level="INFO">False</msg>
<arg>${json_data}</arg>
<arg>results</arg>
<doc>Fails if ``key`` is not found from ``dictionary``.</doc>
<status status="PASS" start="2024-04-05T01:54:00.212911" elapsed="0.000190"/>
</kw>
<kw name="Should Not Be Empty" owner="BuiltIn">
<msg time="2024-04-05T01:54:00.213568" level="INFO">Length is 2.</msg>
<arg>${json_data}</arg>
<doc>Verifies that the given item is not empty.</doc>
<status status="PASS" start="2024-04-05T01:54:00.213391" elapsed="0.000218"/>
</kw>
<kw name="Create List" owner="BuiltIn">
<msg time="2024-04-05T01:54:00.214050" level="INFO">${expected_keys} = ['gender', 'name', 'location', 'email', 'login']</msg>
<var>${expected_keys}</var>
<arg>gender</arg>
<arg>name</arg>
<arg>location</arg>
<arg>email</arg>
<arg>login</arg>
<doc>Returns a list containing given items.</doc>
<status status="PASS" start="2024-04-05T01:54:00.213898" elapsed="0.000179"/>
</kw>
<for flavor="IN">
<iter>
<kw name="Dictionary Should Contain Key" owner="Collections">
<msg time="2024-04-05T01:54:00.215057" level="INFO">False</msg>
<arg>${json_data['results'][0]}</arg>
<arg>${key}</arg>
<doc>Fails if ``key`` is not found from ``dictionary``.</doc>
<status status="PASS" start="2024-04-05T01:54:00.214646" elapsed="0.000450"/>
</kw>
<kw name="Log" owner="BuiltIn">
<msg time="2024-04-05T01:54:00.215770" level="INFO">{'gender': 'male', 'name': {'title': 'Mr', 'first': 'ماهان', 'last': 'زارعی'}, 'location': {'street': {'number': 6814, 'name': 'شهید سرتیپ نامجو'}, 'city': 'شیراز', 'state': 'کرمان', 'country': 'Iran', 'postcode': 44951, 'coordinates': {'latitude': '18.9364', 'longitude': '-53.4803'}, 'timezone': {'offset': '+9:00', 'description': 'Tokyo, Seoul, Osaka, Sapporo, Yakutsk'}}, 'email': 'mhn.zraay@example.com', 'login': {'uuid': 'b3ea79d6-5176-4009-8af9-95a236419d58', 'username': 'yellowmeercat612', 'password': 'penny1', 'salt': 'vfBzabKI', 'md5': 'e1eeb92a9bc20284dd2c7f9161f849ce', 'sha1': '7f54290ca95de9c9b015bff2d5658c627e5a1be1', 'sha256': '870fa96beb03d295cee60c8b49d3cb3b078dc2305bac7e79bd46488d95b9ad39'}, 'dob': {'date': '1964-11-07T20:43:16.432Z', 'age': 59}, 'registered': {'date': '2015-02-25T11:41:58.236Z', 'age': 9}, 'phone': '024-20583522', 'cell': '0940-570-7863', 'id': {'name': '', 'value': None}, 'picture': {'large': 'https://randomuser.me/api/portraits/men/14.jpg', 'medium': 'https://randomuser.me/api/portraits/med/men/14.jpg', 'thumbnail': 'https://randomuser.me/api/portraits/thumb/men/14.jpg'}, 'nat': 'IR'}</msg>
<arg>${json_data['results'][0]}</arg>
<doc>Logs the given message with the given level.</doc>
<status status="PASS" start="2024-04-05T01:54:00.215400" elapsed="0.000427"/>
</kw>
<kw name="Log" owner="BuiltIn">
<msg time="2024-04-05T01:54:00.216266" level="INFO">gender</msg>
<arg>${key}</arg>
<doc>Logs the given message with the given level.</doc>
<status status="PASS" start="2024-04-05T01:54:00.216135" elapsed="0.000169"/>
</kw>
<var name="${key}">gender</var>
<status status="PASS" start="2024-04-05T01:54:00.214520" elapsed="0.002002"/>
</iter>
<iter>
<kw name="Dictionary Should Contain Key" owner="Collections">
<msg time="2024-04-05T01:54:00.217211" level="INFO">False</msg>
<arg>${json_data['results'][0]}</arg>
<arg>${key}</arg>
<doc>Fails if ``key`` is not found from ``dictionary``.</doc>
<status status="PASS" start="2024-04-05T01:54:00.216824" elapsed="0.000426"/>
</kw>
<kw name="Log" owner="BuiltIn">
<msg time="2024-04-05T01:54:00.217959" level="INFO">{'gender': 'male', 'name': {'title': 'Mr', 'first': 'ماهان', 'last': 'زارعی'}, 'location': {'street': {'number': 6814, 'name': 'شهید سرتیپ نامجو'}, 'city': 'شیراز', 'state': 'کرمان', 'country': 'Iran', 'postcode': 44951, 'coordinates': {'latitude': '18.9364', 'longitude': '-53.4803'}, 'timezone': {'offset': '+9:00', 'description': 'Tokyo, Seoul, Osaka, Sapporo, Yakutsk'}}, 'email': 'mhn.zraay@example.com', 'login': {'uuid': 'b3ea79d6-5176-4009-8af9-95a236419d58', 'username': 'yellowmeercat612', 'password': 'penny1', 'salt': 'vfBzabKI', 'md5': 'e1eeb92a9bc20284dd2c7f9161f849ce', 'sha1': '7f54290ca95de9c9b015bff2d5658c627e5a1be1', 'sha256': '870fa96beb03d295cee60c8b49d3cb3b078dc2305bac7e79bd46488d95b9ad39'}, 'dob': {'date': '1964-11-07T20:43:16.432Z', 'age': 59}, 'registered': {'date': '2015-02-25T11:41:58.236Z', 'age': 9}, 'phone': '024-20583522', 'cell': '0940-570-7863', 'id': {'name': '', 'value': None}, 'picture': {'large': 'https://randomuser.me/api/portraits/men/14.jpg', 'medium': 'https://randomuser.me/api/portraits/med/men/14.jpg', 'thumbnail': 'https://randomuser.me/api/portraits/thumb/men/14.jpg'}, 'nat': 'IR'}</msg>
<arg>${json_data['results'][0]}</arg>
<doc>Logs the given message with the given level.</doc>
<status status="PASS" start="2024-04-05T01:54:00.217598" elapsed="0.000413"/>
</kw>
<kw name="Log" owner="BuiltIn">
<msg time="2024-04-05T01:54:00.218442" level="INFO">name</msg>
<arg>${key}</arg>
<doc>Logs the given message with the given level.</doc>
<status status="PASS" start="2024-04-05T01:54:00.218316" elapsed="0.000163"/>
</kw>
<var name="${key}">name</var>
<status status="PASS" start="2024-04-05T01:54:00.216708" elapsed="0.001984"/>
</iter>
<iter>
<kw name="Dictionary Should Contain Key" owner="Collections">
<msg time="2024-04-05T01:54:00.219347" level="INFO">False</msg>
<arg>${json_data['results'][0]}</arg>
<arg>${key}</arg>
<doc>Fails if ``key`` is not found from ``dictionary``.</doc>
<status status="PASS" start="2024-04-05T01:54:00.218978" elapsed="0.000407"/>
</kw>
<kw name="Log" owner="BuiltIn">
<msg time="2024-04-05T01:54:00.220045" level="INFO">{'gender': 'male', 'name': {'title': 'Mr', 'first': 'ماهان', 'last': 'زارعی'}, 'location': {'street': {'number': 6814, 'name': 'شهید سرتیپ نامجو'}, 'city': 'شیراز', 'state': 'کرمان', 'country': 'Iran', 'postcode': 44951, 'coordinates': {'latitude': '18.9364', 'longitude': '-53.4803'}, 'timezone': {'offset': '+9:00', 'description': 'Tokyo, Seoul, Osaka, Sapporo, Yakutsk'}}, 'email': 'mhn.zraay@example.com', 'login': {'uuid': 'b3ea79d6-5176-4009-8af9-95a236419d58', 'username': 'yellowmeercat612', 'password': 'penny1', 'salt': 'vfBzabKI', 'md5': 'e1eeb92a9bc20284dd2c7f9161f849ce', 'sha1': '7f54290ca95de9c9b015bff2d5658c627e5a1be1', 'sha256': '870fa96beb03d295cee60c8b49d3cb3b078dc2305bac7e79bd46488d95b9ad39'}, 'dob': {'date': '1964-11-07T20:43:16.432Z', 'age': 59}, 'registered': {'date': '2015-02-25T11:41:58.236Z', 'age': 9}, 'phone': '024-20583522', 'cell': '0940-570-7863', 'id': {'name': '', 'value': None}, 'picture': {'large': 'https://randomuser.me/api/portraits/men/14.jpg', 'medium': 'https://randomuser.me/api/portraits/med/men/14.jpg', 'thumbnail': 'https://randomuser.me/api/portraits/thumb/men/14.jpg'}, 'nat': 'IR'}</msg>
<arg>${json_data['results'][0]}</arg>
<doc>Logs the given message with the given level.</doc>
<status status="PASS" start="2024-04-05T01:54:00.219680" elapsed="0.000419"/>
</kw>
<kw name="Log" owner="BuiltIn">
<msg time="2024-04-05T01:54:00.220521" level="INFO">location</msg>
<arg>${key}</arg>
<doc>Logs the given message with the given level.</doc>
<status status="PASS" start="2024-04-05T01:54:00.220394" elapsed="0.000165"/>
</kw>
<var name="${key}">location</var>
<status status="PASS" start="2024-04-05T01:54:00.218867" elapsed="0.001909"/>
</iter>
<iter>
<kw name="Dictionary Should Contain Key" owner="Collections">
<msg time="2024-04-05T01:54:00.221436" level="INFO">False</msg>
<arg>${json_data['results'][0]}</arg>
<arg>${key}</arg>
<doc>Fails if ``key`` is not found from ``dictionary``.</doc>
<status status="PASS" start="2024-04-05T01:54:00.221057" elapsed="0.000451"/>
</kw>
<kw name="Log" owner="BuiltIn">
<msg time="2024-04-05T01:54:00.222179" level="INFO">{'gender': 'male', 'name': {'title': 'Mr', 'first': 'ماهان', 'last': 'زارعی'}, 'location': {'street': {'number': 6814, 'name': 'شهید سرتیپ نامجو'}, 'city': 'شیراز', 'state': 'کرمان', 'country': 'Iran', 'postcode': 44951, 'coordinates': {'latitude': '18.9364', 'longitude': '-53.4803'}, 'timezone': {'offset': '+9:00', 'description': 'Tokyo, Seoul, Osaka, Sapporo, Yakutsk'}}, 'email': 'mhn.zraay@example.com', 'login': {'uuid': 'b3ea79d6-5176-4009-8af9-95a236419d58', 'username': 'yellowmeercat612', 'password': 'penny1', 'salt': 'vfBzabKI', 'md5': 'e1eeb92a9bc20284dd2c7f9161f849ce', 'sha1': '7f54290ca95de9c9b015bff2d5658c627e5a1be1', 'sha256': '870fa96beb03d295cee60c8b49d3cb3b078dc2305bac7e79bd46488d95b9ad39'}, 'dob': {'date': '1964-11-07T20:43:16.432Z', 'age': 59}, 'registered': {'date': '2015-02-25T11:41:58.236Z', 'age': 9}, 'phone': '024-20583522', 'cell': '0940-570-7863', 'id': {'name': '', 'value': None}, 'picture': {'large': 'https://randomuser.me/api/portraits/men/14.jpg', 'medium': 'https://randomuser.me/api/portraits/med/men/14.jpg', 'thumbnail': 'https://randomuser.me/api/portraits/thumb/men/14.jpg'}, 'nat': 'IR'}</msg>
<arg>${json_data['results'][0]}</arg>
<doc>Logs the given message with the given level.</doc>
<status status="PASS" start="2024-04-05T01:54:00.221820" elapsed="0.000408"/>
</kw>
<kw name="Log" owner="BuiltIn">
<msg time="2024-04-05T01:54:00.222645" level="INFO">email</msg>
<arg>${key}</arg>
<doc>Logs the given message with the given level.</doc>
<status status="PASS" start="2024-04-05T01:54:00.222519" elapsed="0.000163"/>
</kw>
<var name="${key}">email</var>
<status status="PASS" start="2024-04-05T01:54:00.220948" elapsed="0.001945"/>
</iter>
<iter>
<kw name="Dictionary Should Contain Key" owner="Collections">
<msg time="2024-04-05T01:54:00.223556" level="INFO">False</msg>
<arg>${json_data['results'][0]}</arg>
<arg>${key}</arg>
<doc>Fails if ``key`` is not found from ``dictionary``.</doc>
<status status="PASS" start="2024-04-05T01:54:00.223177" elapsed="0.000416"/>
</kw>
<kw name="Log" owner="BuiltIn">
<msg time="2024-04-05T01:54:00.224239" level="INFO">{'gender': 'male', 'name': {'title': 'Mr', 'first': 'ماهان', 'last': 'زارعی'}, 'location': {'street': {'number': 6814, 'name': 'شهید سرتیپ نامجو'}, 'city': 'شیراز', 'state': 'کرمان', 'country': 'Iran', 'postcode': 44951, 'coordinates': {'latitude': '18.9364', 'longitude': '-53.4803'}, 'timezone': {'offset': '+9:00', 'description': 'Tokyo, Seoul, Osaka, Sapporo, Yakutsk'}}, 'email': 'mhn.zraay@example.com', 'login': {'uuid': 'b3ea79d6-5176-4009-8af9-95a236419d58', 'username': 'yellowmeercat612', 'password': 'penny1', 'salt': 'vfBzabKI', 'md5': 'e1eeb92a9bc20284dd2c7f9161f849ce', 'sha1': '7f54290ca95de9c9b015bff2d5658c627e5a1be1', 'sha256': '870fa96beb03d295cee60c8b49d3cb3b078dc2305bac7e79bd46488d95b9ad39'}, 'dob': {'date': '1964-11-07T20:43:16.432Z', 'age': 59}, 'registered': {'date': '2015-02-25T11:41:58.236Z', 'age': 9}, 'phone': '024-20583522', 'cell': '0940-570-7863', 'id': {'name': '', 'value': None}, 'picture': {'large': 'https://randomuser.me/api/portraits/men/14.jpg', 'medium': 'https://randomuser.me/api/portraits/med/men/14.jpg', 'thumbnail': 'https://randomuser.me/api/portraits/thumb/men/14.jpg'}, 'nat': 'IR'}</msg>
<arg>${json_data['results'][0]}</arg>
<doc>Logs the given message with the given level.</doc>
<status status="PASS" start="2024-04-05T01:54:00.223882" elapsed="0.000405"/>
</kw>
<kw name="Log" owner="BuiltIn">
<msg time="2024-04-05T01:54:00.224703" level="INFO">login</msg>
<arg>${key}</arg>
<doc>Logs the given message with the given level.</doc>
<status status="PASS" start="2024-04-05T01:54:00.224578" elapsed="0.000262"/>
</kw>
<var name="${key}">login</var>
<status status="PASS" start="2024-04-05T01:54:00.223064" elapsed="0.002024"/>
</iter>
<var>${key}</var>
<value>@{expected_keys}</value>
<status status="PASS" start="2024-04-05T01:54:00.214336" elapsed="0.010877"/>
</for>
<kw name="Create List" owner="BuiltIn">
<msg time="2024-04-05T01:54:00.225565" level="INFO">${expected_keysTwo} = ['username', 'password']</msg>
<var>${expected_keysTwo}</var>
<arg>username</arg>
<arg>password</arg>
<doc>Returns a list containing given items.</doc>
<status status="PASS" start="2024-04-05T01:54:00.225405" elapsed="0.000185"/>
</kw>
<for flavor="IN">
<iter>
<kw name="Dictionary Should Contain Key" owner="Collections">
<msg time="2024-04-05T01:54:00.226472" level="INFO">False</msg>
<arg>${json_data['results'][0]['login']}</arg>
<arg>${keyTwo}</arg>
<doc>Fails if ``key`` is not found from ``dictionary``.</doc>
<status status="PASS" start="2024-04-05T01:54:00.226086" elapsed="0.000424"/>
</kw>
<kw name="Dictionary Should Contain Key" owner="Collections">
<msg time="2024-04-05T01:54:00.227187" level="INFO">False</msg>
<arg>${json_data['results'][0]['login']}</arg>
<arg>${keyTwo}</arg>
<doc>Fails if ``key`` is not found from ``dictionary``.</doc>
<status status="PASS" start="2024-04-05T01:54:00.226806" elapsed="0.000418"/>
</kw>
<kw name="Log" owner="BuiltIn">
<msg time="2024-04-05T01:54:00.227641" level="INFO">username</msg>
<arg>${keyTwo}</arg>
<doc>Logs the given message with the given level.</doc>
<status status="PASS" start="2024-04-05T01:54:00.227513" elapsed="0.000164"/>
</kw>
<var name="${keyTwo}">username</var>
<status status="PASS" start="2024-04-05T01:54:00.225975" elapsed="0.001913"/>
</iter>
<iter>
<kw name="Dictionary Should Contain Key" owner="Collections">
<msg time="2024-04-05T01:54:00.228555" level="INFO">False</msg>
<arg>${json_data['results'][0]['login']}</arg>
<arg>${keyTwo}</arg>
<doc>Fails if ``key`` is not found from ``dictionary``.</doc>
<status status="PASS" start="2024-04-05T01:54:00.228176" elapsed="0.000417"/>
</kw>
<kw name="Dictionary Should Contain Key" owner="Collections">
<msg time="2024-04-05T01:54:00.229264" level="INFO">False</msg>
<arg>${json_data['results'][0]['login']}</arg>
<arg>${keyTwo}</arg>
<doc>Fails if ``key`` is not found from ``dictionary``.</doc>
<status status="PASS" start="2024-04-05T01:54:00.228884" elapsed="0.000417"/>
</kw>
<kw name="Log" owner="BuiltIn">
<msg time="2024-04-05T01:54:00.229786" level="INFO">password</msg>
<arg>${keyTwo}</arg>
<doc>Logs the given message with the given level.</doc>
<status status="PASS" start="2024-04-05T01:54:00.229641" elapsed="0.000184"/>
</kw>
<var name="${keyTwo}">password</var>
<status status="PASS" start="2024-04-05T01:54:00.228066" elapsed="0.001977"/>
</iter>
<var>${keyTwo}</var>
<value>@{expected_keysTwo}</value>
<status status="PASS" start="2024-04-05T01:54:00.225826" elapsed="0.004341"/>
</for>
<status status="PASS" start="2024-04-05T01:54:00.095884" elapsed="0.134426"/>
</kw>
<doc>Testa a estrutura da resposta da API.</doc>
<tag>testeEstruturaResposta</tag>
<status status="PASS" start="2024-04-05T01:54:00.095119" elapsed="0.135353"/>
</test>
<test id="s1-s1-t4" name="Validar tipos de dados" line="28">
<kw name="Teste de Tipos de Dados" owner="random-user-service">
<kw name="GET On Session" owner="RequestsLibrary">
<msg time="2024-04-05T01:54:00.335763" level="INFO">GET Request : url=https://randomuser.me/api 
 path_url=/api 
 headers={'User-Agent': 'python-requests/2.31.0', 'Accept-Encoding': 'gzip, deflate', 'Accept': '*/*', 'Connection': 'keep-alive'} 
 body=None 
 </msg>
<msg time="2024-04-05T01:54:00.335856" level="INFO">GET Response : url=https://randomuser.me/api 
 status=200, reason=OK 
 headers={'Date': 'Fri, 05 Apr 2024 01:54:00 GMT', 'Content-Type': 'application/json; charset=utf-8', 'Transfer-Encoding': 'chunked', 'Connection': 'keep-alive', 'X-Powered-By': 'Express', 'Access-Control-Allow-Origin': '*', 'Cache-Control': 'no-cache', 'ETag': 'W/"46b-Ja+B0q1AwSiu8o/VjhslvrIDNXE"', 'Vary': 'Accept-Encoding', 'Content-Encoding': 'gzip', 'CF-Cache-Status': 'DYNAMIC', 'Report-To': '{"endpoints":[{"url":"https:\\/\\/a.nel.cloudflare.com\\/report\\/v4?s=yZHvxbZTllbcZINuOoNJ5ZXNoeUhgakzLrUvxlPG9Wx2hnh5zkVXK%2Fl3bGfctEmb5izzYIDG59RICFFjfadY619Vz%2FbM55wnYc8KKHNG6ceVUtJw3C%2BRlfAVjrvde91C"}],"group":"cf-nel","max_age":604800}', 'NEL': '{"success_fraction":0,"report_to":"cf-nel","max_age":604800}', 'Server': 'cloudflare', 'CF-RAY': '86f5e85f7e4652bf-LAX', 'alt-svc': 'h3=":443"; ma=86400'} 
 body={"results":[{"gender":"female","name":{"title":"Mrs","first":"Anna","last":"Jensen"},"location":{"street":{"number":5642,"name":"Åparken"},"city":"Nykøbing F","state":"Sjælland","country":"Denmark","postcode":44179,"coordinates":{"latitude":"-46.9337","longitude":"0.0629"},"timezone":{"offset":"-9:00","description":"Alaska"}},"email":"anna.jensen@example.com","login":{"uuid":"13919f8d-641e-4978-9f7b-e1f1fb35a7ea","username":"silvertiger184","password":"jayson","salt":"qg6JEH38","md5":"58bd51817caf7c089a75fd75e4335232","sha1":"ebf798b65c292fee4cd2165ab290a1489f75a35f","sha256":"56b0d06cd8549e692dfd81af1e6521ec58dd7a65d8b97d091c2146c120d06579"},"dob":{"date":"1999-09-22T14:22:46.603Z","age":24},"registered":{"date":"2004-05-27T21:40:07.911Z","age":19},"phone":"72364866","cell":"10901505","id":{"name":"CPR","value":"220999-2997"},"picture":{"large":"https://randomuser.me/api/portraits/women/94.jpg","medium":"https://randomuser.me/api/portraits/med/women/94.jpg","thumbnail":"https://randomuser.me/api/portraits/thumb/women/94.jpg"},"nat":"DK"}],"info":{"seed":"a1fab4235f3a62e0","results":1,"page":1,"version":"1.4"}} 
 </msg>
<msg time="2024-04-05T01:54:00.335922" level="INFO">/opt/hostedtoolcache/Python/3.12.2/x64/lib/python3.12/site-packages/urllib3/connectionpool.py:1103: InsecureRequestWarning: Unverified HTTPS request is being made to host 'randomuser.me'. Adding certificate verification is strongly advised. See: https://urllib3.readthedocs.io/en/latest/advanced-usage.html#tls-warnings
  warnings.warn(</msg>
<msg time="2024-04-05T01:54:00.336030" level="INFO">${response} = &lt;Response [200]&gt;</msg>
<var>${response}</var>
<arg>consultarAPI</arg>
<arg>/api</arg>
<doc>Sends a GET request on a previously created HTTP Session.</doc>
<status status="PASS" start="2024-04-05T01:54:00.232948" elapsed="0.103126"/>
</kw>
<kw name="Set Variable" owner="BuiltIn">
<msg time="2024-04-05T01:54:00.336933" level="INFO">${json_data} = {'results': [{'gender': 'female', 'name': {'title': 'Mrs', 'first': 'Anna', 'last': 'Jensen'}, 'location': {'street': {'number': 5642, 'name': 'Åparken'}, 'city': 'Nykøbing F', 'state': 'Sjælland', 'c...</msg>
<var>${json_data}</var>
<arg>${response.json()}</arg>
<doc>Returns the given values which can then be assigned to a variables.</doc>
<status status="PASS" start="2024-04-05T01:54:00.336451" elapsed="0.000511"/>
</kw>
<kw name="Log" owner="BuiltIn">
<msg time="2024-04-05T01:54:00.337439" level="INFO">{'results': [{'gender': 'female', 'name': {'title': 'Mrs', 'first': 'Anna', 'last': 'Jensen'}, 'location': {'street': {'number': 5642, 'name': 'Åparken'}, 'city': 'Nykøbing F', 'state': 'Sjælland', 'country': 'Denmark', 'postcode': 44179, 'coordinates': {'latitude': '-46.9337', 'longitude': '0.0629'}, 'timezone': {'offset': '-9:00', 'description': 'Alaska'}}, 'email': 'anna.jensen@example.com', 'login': {'uuid': '13919f8d-641e-4978-9f7b-e1f1fb35a7ea', 'username': 'silvertiger184', 'password': 'jayson', 'salt': 'qg6JEH38', 'md5': '58bd51817caf7c089a75fd75e4335232', 'sha1': 'ebf798b65c292fee4cd2165ab290a1489f75a35f', 'sha256': '56b0d06cd8549e692dfd81af1e6521ec58dd7a65d8b97d091c2146c120d06579'}, 'dob': {'date': '1999-09-22T14:22:46.603Z', 'age': 24}, 'registered': {'date': '2004-05-27T21:40:07.911Z', 'age': 19}, 'phone': '72364866', 'cell': '10901505', 'id': {'name': 'CPR', 'value': '220999-2997'}, 'picture': {'large': 'https://randomuser.me/api/portraits/women/94.jpg', 'medium': 'https://randomuser.me/api/portraits/med/women/94.jpg', 'thumbnail': 'https://randomuser.me/api/portraits/thumb/women/94.jpg'}, 'nat': 'DK'}], 'info': {'seed': 'a1fab4235f3a62e0', 'results': 1, 'page': 1, 'version': '1.4'}}</msg>
<arg>${json_data}</arg>
<doc>Logs the given message with the given level.</doc>
<status status="PASS" start="2024-04-05T01:54:00.337272" elapsed="0.000297"/>
</kw>
<kw name="Should Be String" owner="String">
<arg>${json_data['results'][0]['gender']}</arg>
<doc>Fails if the given ``item`` is not a string.</doc>
<status status="PASS" start="2024-04-05T01:54:00.337880" elapsed="0.000366"/>
</kw>
<kw name="Should Match Regexp" owner="BuiltIn">
<arg>${json_data['results'][0]['email']}</arg>
<arg>^[a-zA-Z0-9._%+-]+@[a-zA-Z0-9.-]+\.[a-zA-Z]{2,}$</arg>
<doc>Fails if ``string`` does not match ``pattern`` as a regular expression.</doc>
<status status="PASS" start="2024-04-05T01:54:00.338440" elapsed="0.000519"/>
</kw>
<kw name="Should Match Regexp" owner="BuiltIn">
<arg>${json_data['results'][0]['dob']['date']}</arg>
<arg>\\d{4}-\\d{2}-\\d{2}T\\d{2}:\\d{2}:\\d{2}\\.\\d{3}Z</arg>
<doc>Fails if ``string`` does not match ``pattern`` as a regular expression.</doc>
<status status="PASS" start="2024-04-05T01:54:00.339170" elapsed="0.000498"/>
</kw>
<kw name="Should Match Regexp" owner="BuiltIn">
<arg>${json_data['results'][0]['registered']['date']}</arg>
<arg>\\d{4}-\\d{2}-\\d{2}T\\d{2}:\\d{2}:\\d{2}\\.\\d{3}Z</arg>
<doc>Fails if ``string`` does not match ``pattern`` as a regular expression.</doc>
<status status="PASS" start="2024-04-05T01:54:00.339862" elapsed="0.000378"/>
</kw>
<kw name="Should Match Regexp" owner="BuiltIn">
<arg>${json_data['results'][0]['picture']['large']}</arg>
<arg>^https?://.*\.(?:png|jpe?g|gif|bmp)$</arg>
<doc>Fails if ``string`` does not match ``pattern`` as a regular expression.</doc>
<status status="PASS" start="2024-04-05T01:54:00.340427" elapsed="0.000460"/>
</kw>
<kw name="Should Match Regexp" owner="BuiltIn">
<arg>${json_data['results'][0]['picture']['medium']}</arg>
<arg>^https?://.*\.(?:png|jpe?g|gif|bmp)$</arg>
<doc>Fails if ``string`` does not match ``pattern`` as a regular expression.</doc>
<status status="PASS" start="2024-04-05T01:54:00.341075" elapsed="0.000358"/>
</kw>
<kw name="Should Match Regexp" owner="BuiltIn">
<arg>${json_data['results'][0]['picture']['thumbnail']}</arg>
<arg>^https?://.*\.(?:png|jpe?g|gif|bmp)$</arg>
<doc>Fails if ``string`` does not match ``pattern`` as a regular expression.</doc>
<status status="PASS" start="2024-04-05T01:54:00.341645" elapsed="0.000350"/>
</kw>
<kw name="Log" owner="BuiltIn">
<msg time="2024-04-05T01:54:00.342500" level="INFO">{'large': 'https://randomuser.me/api/portraits/women/94.jpg', 'medium': 'https://randomuser.me/api/portraits/med/women/94.jpg', 'thumbnail': 'https://randomuser.me/api/portraits/thumb/women/94.jpg'}</msg>
<arg>${json_data['results'][0]['picture']}</arg>
<doc>Logs the given message with the given level.</doc>
<status status="PASS" start="2024-04-05T01:54:00.342174" elapsed="0.000372"/>
</kw>
<status status="PASS" start="2024-04-05T01:54:00.232720" elapsed="0.110076"/>
</kw>
<kw name="Teste de Tipos de Dados - Postcode" owner="random-user-service">
<kw name="GET On Session" owner="RequestsLibrary">
<msg time="2024-04-05T01:54:00.442651" level="INFO">GET Request : url=https://randomuser.me/api 
 path_url=/api 
 headers={'User-Agent': 'python-requests/2.31.0', 'Accept-Encoding': 'gzip, deflate', 'Accept': '*/*', 'Connection': 'keep-alive'} 
 body=None 
 </msg>
<msg time="2024-04-05T01:54:00.442756" level="INFO">GET Response : url=https://randomuser.me/api 
 status=200, reason=OK 
 headers={'Date': 'Fri, 05 Apr 2024 01:54:00 GMT', 'Content-Type': 'application/json; charset=utf-8', 'Transfer-Encoding': 'chunked', 'Connection': 'keep-alive', 'X-Powered-By': 'Express', 'Access-Control-Allow-Origin': '*', 'Cache-Control': 'no-cache', 'ETag': 'W/"4ac-z0AmKTeAF/WGGulmbLPNco6UKHs"', 'Vary': 'Accept-Encoding', 'Content-Encoding': 'gzip', 'CF-Cache-Status': 'DYNAMIC', 'Report-To': '{"endpoints":[{"url":"https:\\/\\/a.nel.cloudflare.com\\/report\\/v4?s=7mTpJnIwdy5v4Fz9NBbtLwhQu7Jsj%2B7Ag%2F4NkYpac0OhmXiZsfltjWc2ggQhH39gHU5XFGyFqxV1h5rfNbRfzMpkzjTPenyG1E%2FwIJ%2B25D%2FVc28Gq3dgm4HQMibQNtHR"}],"group":"cf-nel","max_age":604800}', 'NEL': '{"success_fraction":0,"report_to":"cf-nel","max_age":604800}', 'Server': 'cloudflare', 'CF-RAY': '86f5e8602f2652bf-LAX', 'alt-svc': 'h3=":443"; ma=86400'} 
 body={"results":[{"gender":"male","name":{"title":"Mr","first":"Domingos","last":"Lima"},"location":{"street":{"number":6385,"name":"Rua Santo Antônio "},"city":"Nova Friburgo","state":"Distrito Federal","country":"Brazil","postcode":66013,"coordinates":{"latitude":"-79.6901","longitude":"-0.9738"},"timezone":{"offset":"-6:00","description":"Central Time (US &amp; Canada), Mexico City"}},"email":"domingos.lima@example.com","login":{"uuid":"483aa949-a190-44bc-83ea-b912b3658481","username":"tinyostrich772","password":"cinnamon","salt":"OhLcqSVU","md5":"99dc47280d9073bbff251cb2ccbd02af","sha1":"9e160770a76675e1ccac580f7ae69551ec4aab67","sha256":"5d0b22dbbc184214ffd8766246d15673dde904b3919e3d25377449261e03e959"},"dob":{"date":"1980-01-26T00:52:19.140Z","age":44},"registered":{"date":"2003-08-26T06:31:47.396Z","age":20},"phone":"(71) 3352-5133","cell":"(64) 7238-6936","id":{"name":"CPF","value":"572.941.143-57"},"picture":{"large":"https://randomuser.me/api/portraits/men/13.jpg","medium":"https://randomuser.me/api/portraits/med/men/13.jpg","thumbnail":"https://randomuser.me/api/portraits/thumb/men/13.jpg"},"nat":"BR"}],"info":{"seed":"840ceb51086fb2d8","results":1,"page":1,"version":"1.4"}} 
 </msg>
<msg time="2024-04-05T01:54:00.442855" level="INFO">/opt/hostedtoolcache/Python/3.12.2/x64/lib/python3.12/site-packages/urllib3/connectionpool.py:1103: InsecureRequestWarning: Unverified HTTPS request is being made to host 'randomuser.me'. Adding certificate verification is strongly advised. See: https://urllib3.readthedocs.io/en/latest/advanced-usage.html#tls-warnings
  warnings.warn(</msg>
<msg time="2024-04-05T01:54:00.443004" level="INFO">${response} = &lt;Response [200]&gt;</msg>
<var>${response}</var>
<arg>consultarAPI</arg>
<arg>/api</arg>
<doc>Sends a GET request on a previously created HTTP Session.</doc>
<status status="PASS" start="2024-04-05T01:54:00.343360" elapsed="0.099690"/>
</kw>
<kw name="Set Variable" owner="BuiltIn">
<msg time="2024-04-05T01:54:00.444145" level="INFO">${json_data} = {'results': [{'gender': 'male', 'name': {'title': 'Mr', 'first': 'Domingos', 'last': 'Lima'}, 'location': {'street': {'number': 6385, 'name': 'Rua Santo Antônio '}, 'city': 'Nova Friburgo', 'state': '...</msg>
<var>${json_data}</var>
<arg>${response.json()}</arg>
<doc>Returns the given values which can then be assigned to a variables.</doc>
<status status="PASS" start="2024-04-05T01:54:00.443598" elapsed="0.000576"/>
</kw>
<kw name="Log" owner="BuiltIn">
<msg time="2024-04-05T01:54:00.444649" level="INFO">{'results': [{'gender': 'male', 'name': {'title': 'Mr', 'first': 'Domingos', 'last': 'Lima'}, 'location': {'street': {'number': 6385, 'name': 'Rua Santo Antônio '}, 'city': 'Nova Friburgo', 'state': 'Distrito Federal', 'country': 'Brazil', 'postcode': 66013, 'coordinates': {'latitude': '-79.6901', 'longitude': '-0.9738'}, 'timezone': {'offset': '-6:00', 'description': 'Central Time (US &amp; Canada), Mexico City'}}, 'email': 'domingos.lima@example.com', 'login': {'uuid': '483aa949-a190-44bc-83ea-b912b3658481', 'username': 'tinyostrich772', 'password': 'cinnamon', 'salt': 'OhLcqSVU', 'md5': '99dc47280d9073bbff251cb2ccbd02af', 'sha1': '9e160770a76675e1ccac580f7ae69551ec4aab67', 'sha256': '5d0b22dbbc184214ffd8766246d15673dde904b3919e3d25377449261e03e959'}, 'dob': {'date': '1980-01-26T00:52:19.140Z', 'age': 44}, 'registered': {'date': '2003-08-26T06:31:47.396Z', 'age': 20}, 'phone': '(71) 3352-5133', 'cell': '(64) 7238-6936', 'id': {'name': 'CPF', 'value': '572.941.143-57'}, 'picture': {'large': 'https://randomuser.me/api/portraits/men/13.jpg', 'medium': 'https://randomuser.me/api/portraits/med/men/13.jpg', 'thumbnail': 'https://randomuser.me/api/portraits/thumb/men/13.jpg'}, 'nat': 'BR'}], 'info': {'seed': '840ceb51086fb2d8', 'results': 1, 'page': 1, 'version': '1.4'}}</msg>
<arg>${json_data}</arg>
<doc>Logs the given message with the given level.</doc>
<status status="PASS" start="2024-04-05T01:54:00.444487" elapsed="0.000248"/>
</kw>
<kw name="Should Be Equal As Numbers" owner="BuiltIn">
<arg>${json_data['results'][0]['location']['postcode']}</arg>
<arg>${json_data['results'][0]['location']['postcode']}</arg>
<doc>Fails if objects are unequal after converting them to real numbers.</doc>
<status status="PASS" start="2024-04-05T01:54:00.445039" elapsed="0.000695"/>
</kw>
<kw name="Log" owner="BuiltIn">
<msg time="2024-04-05T01:54:00.446284" level="INFO">66013</msg>
<arg>${json_data['results'][0]['location']['postcode']}</arg>
<doc>Logs the given message with the given level.</doc>
<status status="PASS" start="2024-04-05T01:54:00.445933" elapsed="0.000392"/>
</kw>
<status status="PASS" start="2024-04-05T01:54:00.343017" elapsed="0.103572"/>
</kw>
<doc>Testa se os tipos de dados na resposta da API estão corretos.</doc>
<tag>testeTiposDados</tag>
<status status="PASS" start="2024-04-05T01:54:00.232178" elapsed="0.214593"/>
</test>
<test id="s1-s1-t5" name="Validar conteudo" line="35">
<kw name="Teste de Tipos de Conteudo" owner="random-user-service">
<kw name="GET On Session" owner="RequestsLibrary">
<msg time="2024-04-05T01:54:00.550914" level="INFO">GET Request : url=https://randomuser.me/api 
 path_url=/api 
 headers={'User-Agent': 'python-requests/2.31.0', 'Accept-Encoding': 'gzip, deflate', 'Accept': '*/*', 'Connection': 'keep-alive'} 
 body=None 
 </msg>
<msg time="2024-04-05T01:54:00.551003" level="INFO">GET Response : url=https://randomuser.me/api 
 status=200, reason=OK 
 headers={'Date': 'Fri, 05 Apr 2024 01:54:00 GMT', 'Content-Type': 'application/json; charset=utf-8', 'Transfer-Encoding': 'chunked', 'Connection': 'keep-alive', 'X-Powered-By': 'Express', 'Access-Control-Allow-Origin': '*', 'Cache-Control': 'no-cache', 'ETag': 'W/"498-pmjBIlyVTPAJhnvIpmKDmIJbggA"', 'Vary': 'Accept-Encoding', 'Content-Encoding': 'gzip', 'CF-Cache-Status': 'DYNAMIC', 'Report-To': '{"endpoints":[{"url":"https:\\/\\/a.nel.cloudflare.com\\/report\\/v4?s=lhEJ5%2BexeX0HwYbVfL5cR%2BJ%2BWRVawgEMHy6u9iQXv7eNs5%2BsEt5r4t%2FFe2F%2BmRAim1lKrKN8n7nN52oHBwCuUJo8V6ZtiEbaDmTP429hBRP7iDOLADAR8vpkW3Itwzhi"}],"group":"cf-nel","max_age":604800}', 'NEL': '{"success_fraction":0,"report_to":"cf-nel","max_age":604800}', 'Server': 'cloudflare', 'CF-RAY': '86f5e860dfea52bf-LAX', 'alt-svc': 'h3=":443"; ma=86400'} 
 body={"results":[{"gender":"male","name":{"title":"Mr","first":"Landon","last":"Watts"},"location":{"street":{"number":2735,"name":"Queensway"},"city":"Gloucester","state":"Cheshire","country":"United Kingdom","postcode":"C4 4XS","coordinates":{"latitude":"-9.3022","longitude":"-48.9347"},"timezone":{"offset":"+9:00","description":"Tokyo, Seoul, Osaka, Sapporo, Yakutsk"}},"email":"landon.watts@example.com","login":{"uuid":"9fe4a51f-9c0e-4542-9ee6-9b6d84f363c7","username":"tinykoala610","password":"trombone","salt":"LXb6vtkv","md5":"18f7807c1c1a5c04065aaa0928aff081","sha1":"d1a824190dac0161c3f951bb2c1d0720d3c678b5","sha256":"0d2cd0733fd064f84caaa83cd72345935939acd98e6209179cca1713f567f842"},"dob":{"date":"1983-11-29T06:20:33.657Z","age":40},"registered":{"date":"2010-09-30T09:35:12.315Z","age":13},"phone":"016973 52415","cell":"07569 675666","id":{"name":"NINO","value":"LB 91 19 28 F"},"picture":{"large":"https://randomuser.me/api/portraits/men/83.jpg","medium":"https://randomuser.me/api/portraits/med/men/83.jpg","thumbnail":"https://randomuser.me/api/portraits/thumb/men/83.jpg"},"nat":"GB"}],"info":{"seed":"6449b8635c58f78b","results":1,"page":1,"version":"1.4"}} 
 </msg>
<msg time="2024-04-05T01:54:00.551084" level="INFO">/opt/hostedtoolcache/Python/3.12.2/x64/lib/python3.12/site-packages/urllib3/connectionpool.py:1103: InsecureRequestWarning: Unverified HTTPS request is being made to host 'randomuser.me'. Adding certificate verification is strongly advised. See: https://urllib3.readthedocs.io/en/latest/advanced-usage.html#tls-warnings
  warnings.warn(</msg>
<msg time="2024-04-05T01:54:00.551210" level="INFO">${response} = &lt;Response [200]&gt;</msg>
<var>${response}</var>
<arg>consultarAPI</arg>
<arg>/api</arg>
<doc>Sends a GET request on a previously created HTTP Session.</doc>
<status status="PASS" start="2024-04-05T01:54:00.449434" elapsed="0.101834"/>
</kw>
<kw name="Set Variable" owner="BuiltIn">
<msg time="2024-04-05T01:54:00.552475" level="INFO">${json_data} = {'results': [{'gender': 'male', 'name': {'title': 'Mr', 'first': 'Landon', 'last': 'Watts'}, 'location': {'street': {'number': 2735, 'name': 'Queensway'}, 'city': 'Gloucester', 'state': 'Cheshire', 'c...</msg>
<var>${json_data}</var>
<arg>${response.json()}</arg>
<doc>Returns the given values which can then be assigned to a variables.</doc>
<status status="PASS" start="2024-04-05T01:54:00.551806" elapsed="0.000698"/>
</kw>
<kw name="Set Variable" owner="BuiltIn">
<msg time="2024-04-05T01:54:00.553203" level="INFO">${name_title} = Mr</msg>
<var>${name_title}</var>
<arg>${json_data["results"][0]["name"]["title"]}</arg>
<doc>Returns the given values which can then be assigned to a variables.</doc>
<status status="PASS" start="2024-04-05T01:54:00.552811" elapsed="0.000417"/>
</kw>
<kw name="Create List" owner="BuiltIn">
<msg time="2024-04-05T01:54:00.553723" level="INFO">${allowed_titles} = ['Mr', 'Ms', 'Miss', 'Mrs', 'Madame', 'Monsieur']</msg>
<var>${allowed_titles}</var>
<arg>Mr</arg>
<arg>Ms</arg>
<arg>Miss</arg>
<arg>Mrs</arg>
<arg>Madame</arg>
<arg>Monsieur</arg>
<doc>Returns a list containing given items.</doc>
<status status="PASS" start="2024-04-05T01:54:00.553566" elapsed="0.000182"/>
</kw>
<kw name="List Should Contain Value" owner="Collections">
<msg time="2024-04-05T01:54:00.554233" level="INFO">False</msg>
<arg>${allowed_titles}</arg>
<arg>${name_title}</arg>
<doc>Fails if the ``value`` is not found from ``list``.</doc>
<status status="PASS" start="2024-04-05T01:54:00.554054" elapsed="0.000218"/>
</kw>
<kw name="Set Variable" owner="BuiltIn">
<msg time="2024-04-05T01:54:00.554932" level="INFO">${name_country} = GB</msg>
<var>${name_country}</var>
<arg>${json_data["results"][0]["nat"]}</arg>
<doc>Returns the given values which can then be assigned to a variables.</doc>
<status status="PASS" start="2024-04-05T01:54:00.554556" elapsed="0.000401"/>
</kw>
<kw name="Create List" owner="BuiltIn">
<msg time="2024-04-05T01:54:00.555857" level="INFO">${list_country} = ['AD', 'AE', 'AF', 'AG', 'AI', 'AL', 'AM', 'AO', 'AQ', 'AR', 'AS', 'AT', 'AU', 'AW', 'AX', 'AZ', 'BA', 'BB', 'BD', 'BE', 'BF', 'BG', 'BH', 'BI', 'BJ', 'BL', 'BM', 'BN', 'BO', 'BQ', 'BR', 'BS', 'BT', '...</msg>
<var>${list_country}</var>
<arg>AD</arg>
<arg>AE</arg>
<arg>AF</arg>
<arg>AG</arg>
<arg>AI</arg>
<arg>AL</arg>
<arg>AM</arg>
<arg>AO</arg>
<arg>AQ</arg>
<arg>AR</arg>
<arg>AS</arg>
<arg>AT</arg>
<arg>AU</arg>
<arg>AW</arg>
<arg>AX</arg>
<arg>AZ</arg>
<arg>BA</arg>
<arg>BB</arg>
<arg>BD</arg>
<arg>BE</arg>
<arg>BF</arg>
<arg>BG</arg>
<arg>BH</arg>
<arg>BI</arg>
<arg>BJ</arg>
<arg>BL</arg>
<arg>BM</arg>
<arg>BN</arg>
<arg>BO</arg>
<arg>BQ</arg>
<arg>BR</arg>
<arg>BS</arg>
<arg>BT</arg>
<arg>BV</arg>
<arg>BW</arg>
<arg>BY</arg>
<arg>BZ</arg>
<arg>CA</arg>
<arg>CC</arg>
<arg>CD</arg>
<arg>CF</arg>
<arg>CG</arg>
<arg>CH</arg>
<arg>CI</arg>
<arg>CK</arg>
<arg>CL</arg>
<arg>CM</arg>
<arg>CN</arg>
<arg>CO</arg>
<arg>CR</arg>
<arg>CU</arg>
<arg>CV</arg>
<arg>CW</arg>
<arg>CX</arg>
<arg>CY</arg>
<arg>CZ</arg>
<arg>DE</arg>
<arg>DJ</arg>
<arg>DK</arg>
<arg>DM</arg>
<arg>DO</arg>
<arg>DZ</arg>
<arg>EC</arg>
<arg>EE</arg>
<arg>EG</arg>
<arg>EH</arg>
<arg>ER</arg>
<arg>ES</arg>
<arg>ET</arg>
<arg>FI</arg>
<arg>FJ</arg>
<arg>FK</arg>
<arg>FM</arg>
<arg>FO</arg>
<arg>FR</arg>
<arg>GA</arg>
<arg>GB</arg>
<arg>GD</arg>
<arg>GE</arg>
<arg>GF</arg>
<arg>GG</arg>
<arg>GH</arg>
<arg>GI</arg>
<arg>GL</arg>
<arg>GM</arg>
<arg>GN</arg>
<arg>GP</arg>
<arg>GQ</arg>
<arg>GR</arg>
<arg>GS</arg>
<arg>GT</arg>
<arg>GU</arg>
<arg>GW</arg>
<arg>GY</arg>
<arg>HK</arg>
<arg>HM</arg>
<arg>HN</arg>
<arg>HR</arg>
<arg>HT</arg>
<arg>HU</arg>
<arg>ID</arg>
<arg>IE</arg>
<arg>IL</arg>
<arg>IM</arg>
<arg>IN</arg>
<arg>IO</arg>
<arg>IQ</arg>
<arg>IR</arg>
<arg>IS</arg>
<arg>IT</arg>
<arg>JE</arg>
<arg>JM</arg>
<arg>JO</arg>
<arg>JP</arg>
<arg>KE</arg>
<arg>KG</arg>
<arg>KH</arg>
<arg>KI</arg>
<arg>KM</arg>
<arg>KN</arg>
<arg>KP</arg>
<arg>KR</arg>
<arg>KW</arg>
<arg>KY</arg>
<arg>KZ</arg>
<arg>LA</arg>
<arg>LB</arg>
<arg>LC</arg>
<arg>LI</arg>
<arg>LK</arg>
<arg>LR</arg>
<arg>LS</arg>
<arg>LT</arg>
<arg>LU</arg>
<arg>LV</arg>
<arg>LY</arg>
<arg>MA</arg>
<arg>MC</arg>
<arg>MD</arg>
<arg>ME</arg>
<arg>MF</arg>
<arg>MG</arg>
<arg>MH</arg>
<arg>MK</arg>
<arg>ML</arg>
<arg>MM</arg>
<arg>MN</arg>
<arg>MO</arg>
<arg>MP</arg>
<arg>MQ</arg>
<arg>MR</arg>
<arg>MS</arg>
<arg>MT</arg>
<arg>MU</arg>
<arg>MV</arg>
<arg>MW</arg>
<arg>MX</arg>
<arg>MY</arg>
<arg>MZ</arg>
<arg>NA</arg>
<arg>NC</arg>
<arg>NE</arg>
<arg>NF</arg>
<arg>NG</arg>
<arg>NI</arg>
<arg>NL</arg>
<arg>NO</arg>
<arg>NP</arg>
<arg>NR</arg>
<arg>NU</arg>
<arg>NZ</arg>
<arg>OM</arg>
<arg>PA</arg>
<arg>PE</arg>
<arg>PF</arg>
<arg>PG</arg>
<arg>PH</arg>
<arg>PK</arg>
<arg>PL</arg>
<arg>PM</arg>
<arg>PN</arg>
<arg>PR</arg>
<arg>PS</arg>
<arg>PT</arg>
<arg>PW</arg>
<arg>PY</arg>
<arg>QA</arg>
<arg>RE</arg>
<arg>RO</arg>
<arg>RS</arg>
<arg>RU</arg>
<arg>RW</arg>
<arg>SA</arg>
<arg>SB</arg>
<arg>SC</arg>
<arg>SD</arg>
<arg>SE</arg>
<arg>SG</arg>
<arg>SH</arg>
<arg>SI</arg>
<arg>SJ</arg>
<arg>SK</arg>
<arg>SL</arg>
<arg>SM</arg>
<arg>SN</arg>
<arg>SO</arg>
<arg>SR</arg>
<arg>SS</arg>
<arg>ST</arg>
<arg>SV</arg>
<arg>SX</arg>
<arg>SY</arg>
<arg>SZ</arg>
<arg>TC</arg>
<arg>TD</arg>
<arg>TF</arg>
<arg>TG</arg>
<arg>TH</arg>
<arg>TJ</arg>
<arg>TK</arg>
<arg>TL</arg>
<arg>TM</arg>
<arg>TN</arg>
<arg>TO</arg>
<arg>TR</arg>
<arg>TT</arg>
<arg>TV</arg>
<arg>TW</arg>
<arg>TZ</arg>
<arg>UA</arg>
<arg>UG</arg>
<arg>UM</arg>
<arg>US</arg>
<arg>UY</arg>
<arg>UZ</arg>
<arg>VA</arg>
<arg>VC</arg>
<arg>VE</arg>
<arg>VG</arg>
<arg>VI</arg>
<arg>VN</arg>
<arg>VU</arg>
<arg>WF</arg>
<arg>WS</arg>
<arg>XK</arg>
<arg>YE</arg>
<arg>YT</arg>
<arg>ZA</arg>
<arg>ZM</arg>
<arg>ZW</arg>
<doc>Returns a list containing given items.</doc>
<status status="PASS" start="2024-04-05T01:54:00.555263" elapsed="0.000621"/>
</kw>
<kw name="List Should Contain Value" owner="Collections">
<msg time="2024-04-05T01:54:00.556985" level="INFO">False</msg>
<arg>${list_country}</arg>
<arg>${name_country}</arg>
<doc>Fails if the ``value`` is not found from ``list``.</doc>
<status status="PASS" start="2024-04-05T01:54:00.556783" elapsed="0.000240"/>
</kw>
<kw name="Run Keyword If" owner="BuiltIn">
<kw name="Should Be True" owner="BuiltIn">
<arg>${True}</arg>
<doc>Fails if the given condition is not true.</doc>
<status status="PASS" start="2024-04-05T01:54:00.558155" elapsed="0.000147"/>
</kw>
<arg>${json_data["results"][0]["location"]["coordinates"]["latitude"]} &gt;= -90 and ${json_data["results"][0]["location"]["coordinates"]["latitude"]} &lt;= 90</arg>
<arg>Should Be True</arg>
<arg>${True}</arg>
<doc>Runs the given keyword with the given arguments, if ``condition`` is true.</doc>
<status status="PASS" start="2024-04-05T01:54:00.557335" elapsed="0.001095"/>
</kw>
<kw name="Run Keyword If" owner="BuiltIn">
<kw name="Should Be True" owner="BuiltIn">
<arg>${True}</arg>
<doc>Fails if the given condition is not true.</doc>
<status status="PASS" start="2024-04-05T01:54:00.559315" elapsed="0.000140"/>
</kw>
<arg>${json_data["results"][0]["location"]["coordinates"]["longitude"]} &gt;= -180 and ${json_data["results"][0]["location"]["coordinates"]["longitude"]} &lt;= 180</arg>
<arg>Should Be True</arg>
<arg>${True}</arg>
<doc>Runs the given keyword with the given arguments, if ``condition`` is true.</doc>
<status status="PASS" start="2024-04-05T01:54:00.558613" elapsed="0.000968"/>
</kw>
<status status="PASS" start="2024-04-05T01:54:00.449199" elapsed="0.110513"/>
</kw>
<doc>Testa o conteúdo específico dos campos retornados pela API.</doc>
<tag>testeConteudo</tag>
<status status="PASS" start="2024-04-05T01:54:00.448623" elapsed="0.111239"/>
</test>
<status status="PASS" start="2024-04-05T01:53:59.517063" elapsed="1.044803"/>
</suite>
<status status="PASS" start="2024-04-05T01:53:59.503463" elapsed="1.064068"/>
</suite>
<statistics>
<total>
<stat pass="5" fail="0" skip="0">All Tests</stat>
</total>
<tag>
<stat pass="1" fail="0" skip="0">testeConteudo</stat>
<stat pass="1" fail="0" skip="0">testeEstruturaResposta</stat>
<stat pass="1" fail="0" skip="0">testeRequisicaoBasica</stat>
<stat pass="1" fail="0" skip="0">testeTiposDados</stat>
</tag>
<suite>
<stat pass="5" fail="0" skip="0" id="s1" name="Tests">Tests</stat>
<stat pass="5" fail="0" skip="0" id="s1-s1" name="Random-User-Test">Tests.Random-User-Test</stat>
</suite>
</statistics>
<errors>
</errors>
</robot>
