<?xml version="1.0" encoding="UTF-8"?>
<robot generator="Robot 7.0 (Python 3.12.2 on linux)" generated="2024-04-02T12:26:04.124255" rpa="false" schemaversion="5">
<suite id="s1" name="Tests" source="/home/runner/work/DesafioQAItauRogerioJordao/DesafioQAItauRogerioJordao/RamdonUser/tests">
<suite id="s1-s1" name="Random-User-Test" source="/home/runner/work/DesafioQAItauRogerioJordao/DesafioQAItauRogerioJordao/RamdonUser/tests/random-user-test.robot">
<test id="s1-s1-t1" name="Conectar" line="13">
<kw name="Conectar API" owner="random-user-service">
<kw name="Create Session" owner="RequestsLibrary">
<msg time="2024-04-02T12:26:04.516539" level="INFO">Creating Session using : alias=consultarAPI, url=https://randomuser.me/, headers={},                     cookies={}, auth=None, timeout=None, proxies=None, verify=False,                     debug=0 </msg>
<arg>consultarAPI</arg>
<arg>${URL}</arg>
<doc>Create Session: create a HTTP session to a server</doc>
<status status="PASS" start="2024-04-02T12:26:04.516325" elapsed="0.000406"/>
</kw>
<status status="PASS" start="2024-04-02T12:26:04.515241" elapsed="0.001874"/>
</kw>
<status status="PASS" start="2024-04-02T12:26:04.514658" elapsed="0.002669"/>
</test>
<test id="s1-s1-t2" name="Validar retorno 200 e JSON Válido" line="16">
<kw name="Teste de Requisicao Basica" owner="random-user-service">
<kw name="GET On Session" owner="RequestsLibrary">
<msg time="2024-04-02T12:26:04.705577" level="INFO">GET Request : url=https://randomuser.me/api 
 path_url=/api 
 headers={'User-Agent': 'python-requests/2.31.0', 'Accept-Encoding': 'gzip, deflate', 'Accept': '*/*', 'Connection': 'keep-alive'} 
 body=None 
 </msg>
<msg time="2024-04-02T12:26:04.705764" level="INFO">GET Response : url=https://randomuser.me/api 
 status=200, reason=OK 
 headers={'Date': 'Tue, 02 Apr 2024 12:26:04 GMT', 'Content-Type': 'application/json; charset=utf-8', 'Transfer-Encoding': 'chunked', 'Connection': 'keep-alive', 'X-Powered-By': 'Express', 'Access-Control-Allow-Origin': '*', 'Cache-Control': 'no-cache', 'ETag': 'W/"48f-fgSIS2aOC6/Fi3hBCwdKtgzWH4o"', 'Vary': 'Accept-Encoding', 'Content-Encoding': 'gzip', 'CF-Cache-Status': 'DYNAMIC', 'Report-To': '{"endpoints":[{"url":"https:\\/\\/a.nel.cloudflare.com\\/report\\/v4?s=zonF9UupwloeNVe5KrgjrC%2BPfj3sxn1V3ySnugjTs3yyUYjr8L%2F9ZyFjppZbCrk1D71Ez5FJbaMJSspGYmzVqsxI1HVN5UpHJI4BMhW0YwbVRJQx2nCGn%2FE7dfZcWIUt"}],"group":"cf-nel","max_age":604800}', 'NEL': '{"success_fraction":0,"report_to":"cf-nel","max_age":604800}', 'Server': 'cloudflare', 'CF-RAY': '86e0ce231ef8616f-ORD', 'alt-svc': 'h3=":443"; ma=86400'} 
 body={"results":[{"gender":"female","name":{"title":"Ms","first":"Vaani","last":"Gamskar"},"location":{"street":{"number":4662,"name":"Swargate"},"city":"Tezpur","state":"Karnataka","country":"India","postcode":73554,"coordinates":{"latitude":"11.7090","longitude":"135.0752"},"timezone":{"offset":"+8:00","description":"Beijing, Perth, Singapore, Hong Kong"}},"email":"vaani.gamskar@example.com","login":{"uuid":"e4cd7ee7-b37d-4efa-952d-a8c7d7d93ba0","username":"ticklishmouse600","password":"boobed","salt":"mEZ57NLw","md5":"ff184089425c5f9ae23dc8e90d60874a","sha1":"1a4ebfb00ca3ca194e1672cd4bb94d119d213c02","sha256":"a32fedec94d0687b446b66a4361ee76c8b2c25cdb191d082429c615b6f1d1465"},"dob":{"date":"1988-07-22T22:54:44.577Z","age":35},"registered":{"date":"2011-03-04T19:05:15.305Z","age":13},"phone":"8852760351","cell":"8792038304","id":{"name":"UIDAI","value":"990062792956"},"picture":{"large":"https://randomuser.me/api/portraits/women/82.jpg","medium":"https://randomuser.me/api/portraits/med/women/82.jpg","thumbnail":"https://randomuser.me/api/portraits/thumb/women/82.jpg"},"nat":"IN"}],"info":{"seed":"fa4fcc782cc597b2","results":1,"page":1,"version":"1.4"}} 
 </msg>
<msg time="2024-04-02T12:26:04.705869" level="INFO">/opt/hostedtoolcache/Python/3.12.2/x64/lib/python3.12/site-packages/urllib3/connectionpool.py:1103: InsecureRequestWarning: Unverified HTTPS request is being made to host 'randomuser.me'. Adding certificate verification is strongly advised. See: https://urllib3.readthedocs.io/en/latest/advanced-usage.html#tls-warnings
  warnings.warn(</msg>
<msg time="2024-04-02T12:26:04.706012" level="INFO">${response} = &lt;Response [200]&gt;</msg>
<var>${response}</var>
<arg>consultarAPI</arg>
<arg>/api</arg>
<doc>Sends a GET request on a previously created HTTP Session.</doc>
<status status="PASS" start="2024-04-02T12:26:04.519975" elapsed="0.186078"/>
</kw>
<kw name="Should Be Equal As Numbers" owner="BuiltIn">
<msg time="2024-04-02T12:26:04.707228" level="INFO">Argument types are:
&lt;class 'int'&gt;
&lt;class 'str'&gt;</msg>
<arg>${response.status_code}</arg>
<arg>200</arg>
<doc>Fails if objects are unequal after converting them to real numbers.</doc>
<status status="PASS" start="2024-04-02T12:26:04.706725" elapsed="0.000570"/>
</kw>
<kw name="Log" owner="BuiltIn">
<msg time="2024-04-02T12:26:04.707975" level="INFO">200</msg>
<arg>${response.status_code}</arg>
<doc>Logs the given message with the given level.</doc>
<status status="PASS" start="2024-04-02T12:26:04.707616" elapsed="0.000402"/>
</kw>
<kw name="Set Variable" owner="BuiltIn">
<msg time="2024-04-02T12:26:04.708788" level="INFO">${json_data} = {'results': [{'gender': 'female', 'name': {'title': 'Ms', 'first': 'Vaani', 'last': 'Gamskar'}, 'location': {'street': {'number': 4662, 'name': 'Swargate'}, 'city': 'Tezpur', 'state': 'Karnataka', 'co...</msg>
<var>${json_data}</var>
<arg>${response.json()}</arg>
<doc>Returns the given values which can then be assigned to a variables.</doc>
<status status="PASS" start="2024-04-02T12:26:04.708348" elapsed="0.000468"/>
</kw>
<kw name="Dictionary Should Contain Key" owner="Collections">
<msg time="2024-04-02T12:26:04.709289" level="INFO">False</msg>
<arg>${json_data}</arg>
<arg>results</arg>
<doc>Fails if ``key`` is not found from ``dictionary``.</doc>
<status status="PASS" start="2024-04-02T12:26:04.709119" elapsed="0.000210"/>
</kw>
<status status="PASS" start="2024-04-02T12:26:04.519710" elapsed="0.189883"/>
</kw>
<doc>Testa se a API responde corretamente e retorna um objeto JSON válido.</doc>
<tag>testeRequisicaoBasica</tag>
<status status="PASS" start="2024-04-02T12:26:04.519236" elapsed="0.190599"/>
</test>
<test id="s1-s1-t3" name="Validar estrutura de resposta" line="22">
<kw name="Teste de Estrutura de Resposta" owner="random-user-service">
<kw name="GET On Session" owner="RequestsLibrary">
<msg time="2024-04-02T12:26:04.812582" level="INFO">GET Request : url=https://randomuser.me/api 
 path_url=/api 
 headers={'User-Agent': 'python-requests/2.31.0', 'Accept-Encoding': 'gzip, deflate', 'Accept': '*/*', 'Connection': 'keep-alive'} 
 body=None 
 </msg>
<msg time="2024-04-02T12:26:04.812684" level="INFO">GET Response : url=https://randomuser.me/api 
 status=200, reason=OK 
 headers={'Date': 'Tue, 02 Apr 2024 12:26:04 GMT', 'Content-Type': 'application/json; charset=utf-8', 'Transfer-Encoding': 'chunked', 'Connection': 'keep-alive', 'X-Powered-By': 'Express', 'Access-Control-Allow-Origin': '*', 'Cache-Control': 'no-cache', 'ETag': 'W/"492-OU8GC8fDp69DE6hODr/52L3sbJM"', 'Vary': 'Accept-Encoding', 'Content-Encoding': 'gzip', 'CF-Cache-Status': 'DYNAMIC', 'Report-To': '{"endpoints":[{"url":"https:\\/\\/a.nel.cloudflare.com\\/report\\/v4?s=PzIRW3NQWjjRWWf6zzzxmZfj6gjuci5PawsGEWiUDgHp4depROpGcbCkSCmpQTOIoYJQoRKTcS6Tiy12OlNvZO5QdXupwMgiiorTrkfQZBy7hquiqK48stxyHocrRny2"}],"group":"cf-nel","max_age":604800}', 'NEL': '{"success_fraction":0,"report_to":"cf-nel","max_age":604800}', 'Server': 'cloudflare', 'CF-RAY': '86e0ce237f4d616f-ORD', 'alt-svc': 'h3=":443"; ma=86400'} 
 body={"results":[{"gender":"male","name":{"title":"Mr","first":"Etienne","last":"Andersen"},"location":{"street":{"number":4549,"name":"Dalhousie Ave"},"city":"Hudson","state":"Ontario","country":"Canada","postcode":"I8X 7S2","coordinates":{"latitude":"-64.4764","longitude":"-21.4118"},"timezone":{"offset":"+5:30","description":"Bombay, Calcutta, Madras, New Delhi"}},"email":"etienne.andersen@example.com","login":{"uuid":"50b756a4-8ee9-4b26-bf8c-1ed7acf53105","username":"orangerabbit169","password":"violet","salt":"I46MSix7","md5":"5910c21598f8fcef2de498cc2b6252b0","sha1":"67659cb0282653dea8d9fcf435c1cec51089a5b3","sha256":"65f21a70c78b84a5395d88390ad17f4b7b06bf019a977e5414ba3f90e3d2bebd"},"dob":{"date":"1995-01-08T17:40:22.226Z","age":29},"registered":{"date":"2018-09-28T00:22:39.465Z","age":5},"phone":"R89 J10-0353","cell":"S71 K17-7813","id":{"name":"SIN","value":"897604385"},"picture":{"large":"https://randomuser.me/api/portraits/men/47.jpg","medium":"https://randomuser.me/api/portraits/med/men/47.jpg","thumbnail":"https://randomuser.me/api/portraits/thumb/men/47.jpg"},"nat":"CA"}],"info":{"seed":"b53deb8083e88931","results":1,"page":1,"version":"1.4"}} 
 </msg>
<msg time="2024-04-02T12:26:04.812829" level="INFO">/opt/hostedtoolcache/Python/3.12.2/x64/lib/python3.12/site-packages/urllib3/connectionpool.py:1103: InsecureRequestWarning: Unverified HTTPS request is being made to host 'randomuser.me'. Adding certificate verification is strongly advised. See: https://urllib3.readthedocs.io/en/latest/advanced-usage.html#tls-warnings
  warnings.warn(</msg>
<msg time="2024-04-02T12:26:04.812958" level="INFO">${response} = &lt;Response [200]&gt;</msg>
<var>${response}</var>
<arg>consultarAPI</arg>
<arg>/api</arg>
<doc>Sends a GET request on a previously created HTTP Session.</doc>
<status status="PASS" start="2024-04-02T12:26:04.712729" elapsed="0.100271"/>
</kw>
<kw name="Set Variable" owner="BuiltIn">
<msg time="2024-04-02T12:26:04.814231" level="INFO">${json_data} = {'results': [{'gender': 'male', 'name': {'title': 'Mr', 'first': 'Etienne', 'last': 'Andersen'}, 'location': {'street': {'number': 4549, 'name': 'Dalhousie Ave'}, 'city': 'Hudson', 'state': 'Ontario',...</msg>
<var>${json_data}</var>
<arg>${response.json()}</arg>
<doc>Returns the given values which can then be assigned to a variables.</doc>
<status status="PASS" start="2024-04-02T12:26:04.813641" elapsed="0.000619"/>
</kw>
<kw name="Log" owner="BuiltIn">
<msg time="2024-04-02T12:26:04.814753" level="INFO">{'results': [{'gender': 'male', 'name': {'title': 'Mr', 'first': 'Etienne', 'last': 'Andersen'}, 'location': {'street': {'number': 4549, 'name': 'Dalhousie Ave'}, 'city': 'Hudson', 'state': 'Ontario', 'country': 'Canada', 'postcode': 'I8X 7S2', 'coordinates': {'latitude': '-64.4764', 'longitude': '-21.4118'}, 'timezone': {'offset': '+5:30', 'description': 'Bombay, Calcutta, Madras, New Delhi'}}, 'email': 'etienne.andersen@example.com', 'login': {'uuid': '50b756a4-8ee9-4b26-bf8c-1ed7acf53105', 'username': 'orangerabbit169', 'password': 'violet', 'salt': 'I46MSix7', 'md5': '5910c21598f8fcef2de498cc2b6252b0', 'sha1': '67659cb0282653dea8d9fcf435c1cec51089a5b3', 'sha256': '65f21a70c78b84a5395d88390ad17f4b7b06bf019a977e5414ba3f90e3d2bebd'}, 'dob': {'date': '1995-01-08T17:40:22.226Z', 'age': 29}, 'registered': {'date': '2018-09-28T00:22:39.465Z', 'age': 5}, 'phone': 'R89 J10-0353', 'cell': 'S71 K17-7813', 'id': {'name': 'SIN', 'value': '897604385'}, 'picture': {'large': 'https://randomuser.me/api/portraits/men/47.jpg', 'medium': 'https://randomuser.me/api/portraits/med/men/47.jpg', 'thumbnail': 'https://randomuser.me/api/portraits/thumb/men/47.jpg'}, 'nat': 'CA'}], 'info': {'seed': 'b53deb8083e88931', 'results': 1, 'page': 1, 'version': '1.4'}}</msg>
<arg>${json_data}</arg>
<doc>Logs the given message with the given level.</doc>
<status status="PASS" start="2024-04-02T12:26:04.814583" elapsed="0.000216"/>
</kw>
<kw name="Dictionary Should Contain Key" owner="Collections">
<msg time="2024-04-02T12:26:04.815258" level="INFO">False</msg>
<arg>${json_data}</arg>
<arg>results</arg>
<doc>Fails if ``key`` is not found from ``dictionary``.</doc>
<status status="PASS" start="2024-04-02T12:26:04.815100" elapsed="0.000196"/>
</kw>
<kw name="Should Not Be Empty" owner="BuiltIn">
<msg time="2024-04-02T12:26:04.815726" level="INFO">Length is 2.</msg>
<arg>${json_data}</arg>
<doc>Verifies that the given item is not empty.</doc>
<status status="PASS" start="2024-04-02T12:26:04.815593" elapsed="0.000172"/>
</kw>
<kw name="Create List" owner="BuiltIn">
<msg time="2024-04-02T12:26:04.816205" level="INFO">${expected_keys} = ['gender', 'name', 'location', 'email', 'login']</msg>
<var>${expected_keys}</var>
<arg>gender</arg>
<arg>name</arg>
<arg>location</arg>
<arg>email</arg>
<arg>login</arg>
<doc>Returns a list containing given items.</doc>
<status status="PASS" start="2024-04-02T12:26:04.816058" elapsed="0.000171"/>
</kw>
<for flavor="IN">
<iter>
<kw name="Dictionary Should Contain Key" owner="Collections">
<msg time="2024-04-02T12:26:04.817238" level="INFO">False</msg>
<arg>${json_data['results'][0]}</arg>
<arg>${key}</arg>
<doc>Fails if ``key`` is not found from ``dictionary``.</doc>
<status status="PASS" start="2024-04-02T12:26:04.816810" elapsed="0.000467"/>
</kw>
<kw name="Log" owner="BuiltIn">
<msg time="2024-04-02T12:26:04.817997" level="INFO">{'gender': 'male', 'name': {'title': 'Mr', 'first': 'Etienne', 'last': 'Andersen'}, 'location': {'street': {'number': 4549, 'name': 'Dalhousie Ave'}, 'city': 'Hudson', 'state': 'Ontario', 'country': 'Canada', 'postcode': 'I8X 7S2', 'coordinates': {'latitude': '-64.4764', 'longitude': '-21.4118'}, 'timezone': {'offset': '+5:30', 'description': 'Bombay, Calcutta, Madras, New Delhi'}}, 'email': 'etienne.andersen@example.com', 'login': {'uuid': '50b756a4-8ee9-4b26-bf8c-1ed7acf53105', 'username': 'orangerabbit169', 'password': 'violet', 'salt': 'I46MSix7', 'md5': '5910c21598f8fcef2de498cc2b6252b0', 'sha1': '67659cb0282653dea8d9fcf435c1cec51089a5b3', 'sha256': '65f21a70c78b84a5395d88390ad17f4b7b06bf019a977e5414ba3f90e3d2bebd'}, 'dob': {'date': '1995-01-08T17:40:22.226Z', 'age': 29}, 'registered': {'date': '2018-09-28T00:22:39.465Z', 'age': 5}, 'phone': 'R89 J10-0353', 'cell': 'S71 K17-7813', 'id': {'name': 'SIN', 'value': '897604385'}, 'picture': {'large': 'https://randomuser.me/api/portraits/men/47.jpg', 'medium': 'https://randomuser.me/api/portraits/med/men/47.jpg', 'thumbnail': 'https://randomuser.me/api/portraits/thumb/men/47.jpg'}, 'nat': 'CA'}</msg>
<arg>${json_data['results'][0]}</arg>
<doc>Logs the given message with the given level.</doc>
<status status="PASS" start="2024-04-02T12:26:04.817587" elapsed="0.000465"/>
</kw>
<kw name="Log" owner="BuiltIn">
<msg time="2024-04-02T12:26:04.818501" level="INFO">gender</msg>
<arg>${key}</arg>
<doc>Logs the given message with the given level.</doc>
<status status="PASS" start="2024-04-02T12:26:04.818367" elapsed="0.000173"/>
</kw>
<var name="${key}">gender</var>
<status status="PASS" start="2024-04-02T12:26:04.816685" elapsed="0.002079"/>
</iter>
<iter>
<kw name="Dictionary Should Contain Key" owner="Collections">
<msg time="2024-04-02T12:26:04.819469" level="INFO">False</msg>
<arg>${json_data['results'][0]}</arg>
<arg>${key}</arg>
<doc>Fails if ``key`` is not found from ``dictionary``.</doc>
<status status="PASS" start="2024-04-02T12:26:04.819072" elapsed="0.000435"/>
</kw>
<kw name="Log" owner="BuiltIn">
<msg time="2024-04-02T12:26:04.820205" level="INFO">{'gender': 'male', 'name': {'title': 'Mr', 'first': 'Etienne', 'last': 'Andersen'}, 'location': {'street': {'number': 4549, 'name': 'Dalhousie Ave'}, 'city': 'Hudson', 'state': 'Ontario', 'country': 'Canada', 'postcode': 'I8X 7S2', 'coordinates': {'latitude': '-64.4764', 'longitude': '-21.4118'}, 'timezone': {'offset': '+5:30', 'description': 'Bombay, Calcutta, Madras, New Delhi'}}, 'email': 'etienne.andersen@example.com', 'login': {'uuid': '50b756a4-8ee9-4b26-bf8c-1ed7acf53105', 'username': 'orangerabbit169', 'password': 'violet', 'salt': 'I46MSix7', 'md5': '5910c21598f8fcef2de498cc2b6252b0', 'sha1': '67659cb0282653dea8d9fcf435c1cec51089a5b3', 'sha256': '65f21a70c78b84a5395d88390ad17f4b7b06bf019a977e5414ba3f90e3d2bebd'}, 'dob': {'date': '1995-01-08T17:40:22.226Z', 'age': 29}, 'registered': {'date': '2018-09-28T00:22:39.465Z', 'age': 5}, 'phone': 'R89 J10-0353', 'cell': 'S71 K17-7813', 'id': {'name': 'SIN', 'value': '897604385'}, 'picture': {'large': 'https://randomuser.me/api/portraits/men/47.jpg', 'medium': 'https://randomuser.me/api/portraits/med/men/47.jpg', 'thumbnail': 'https://randomuser.me/api/portraits/thumb/men/47.jpg'}, 'nat': 'CA'}</msg>
<arg>${json_data['results'][0]}</arg>
<doc>Logs the given message with the given level.</doc>
<status status="PASS" start="2024-04-02T12:26:04.819840" elapsed="0.000413"/>
</kw>
<kw name="Log" owner="BuiltIn">
<msg time="2024-04-02T12:26:04.820689" level="INFO">name</msg>
<arg>${key}</arg>
<doc>Logs the given message with the given level.</doc>
<status status="PASS" start="2024-04-02T12:26:04.820558" elapsed="0.000170"/>
</kw>
<var name="${key}">name</var>
<status status="PASS" start="2024-04-02T12:26:04.818955" elapsed="0.001991"/>
</iter>
<iter>
<kw name="Dictionary Should Contain Key" owner="Collections">
<msg time="2024-04-02T12:26:04.821646" level="INFO">False</msg>
<arg>${json_data['results'][0]}</arg>
<arg>${key}</arg>
<doc>Fails if ``key`` is not found from ``dictionary``.</doc>
<status status="PASS" start="2024-04-02T12:26:04.821238" elapsed="0.000466"/>
</kw>
<kw name="Log" owner="BuiltIn">
<msg time="2024-04-02T12:26:04.822386" level="INFO">{'gender': 'male', 'name': {'title': 'Mr', 'first': 'Etienne', 'last': 'Andersen'}, 'location': {'street': {'number': 4549, 'name': 'Dalhousie Ave'}, 'city': 'Hudson', 'state': 'Ontario', 'country': 'Canada', 'postcode': 'I8X 7S2', 'coordinates': {'latitude': '-64.4764', 'longitude': '-21.4118'}, 'timezone': {'offset': '+5:30', 'description': 'Bombay, Calcutta, Madras, New Delhi'}}, 'email': 'etienne.andersen@example.com', 'login': {'uuid': '50b756a4-8ee9-4b26-bf8c-1ed7acf53105', 'username': 'orangerabbit169', 'password': 'violet', 'salt': 'I46MSix7', 'md5': '5910c21598f8fcef2de498cc2b6252b0', 'sha1': '67659cb0282653dea8d9fcf435c1cec51089a5b3', 'sha256': '65f21a70c78b84a5395d88390ad17f4b7b06bf019a977e5414ba3f90e3d2bebd'}, 'dob': {'date': '1995-01-08T17:40:22.226Z', 'age': 29}, 'registered': {'date': '2018-09-28T00:22:39.465Z', 'age': 5}, 'phone': 'R89 J10-0353', 'cell': 'S71 K17-7813', 'id': {'name': 'SIN', 'value': '897604385'}, 'picture': {'large': 'https://randomuser.me/api/portraits/men/47.jpg', 'medium': 'https://randomuser.me/api/portraits/med/men/47.jpg', 'thumbnail': 'https://randomuser.me/api/portraits/thumb/men/47.jpg'}, 'nat': 'CA'}</msg>
<arg>${json_data['results'][0]}</arg>
<doc>Logs the given message with the given level.</doc>
<status status="PASS" start="2024-04-02T12:26:04.822020" elapsed="0.000418"/>
</kw>
<kw name="Log" owner="BuiltIn">
<msg time="2024-04-02T12:26:04.822865" level="INFO">location</msg>
<arg>${key}</arg>
<doc>Logs the given message with the given level.</doc>
<status status="PASS" start="2024-04-02T12:26:04.822737" elapsed="0.000167"/>
</kw>
<var name="${key}">location</var>
<status status="PASS" start="2024-04-02T12:26:04.821127" elapsed="0.001995"/>
</iter>
<iter>
<kw name="Dictionary Should Contain Key" owner="Collections">
<msg time="2024-04-02T12:26:04.823792" level="INFO">False</msg>
<arg>${json_data['results'][0]}</arg>
<arg>${key}</arg>
<doc>Fails if ``key`` is not found from ``dictionary``.</doc>
<status status="PASS" start="2024-04-02T12:26:04.823411" elapsed="0.000419"/>
</kw>
<kw name="Log" owner="BuiltIn">
<msg time="2024-04-02T12:26:04.824485" level="INFO">{'gender': 'male', 'name': {'title': 'Mr', 'first': 'Etienne', 'last': 'Andersen'}, 'location': {'street': {'number': 4549, 'name': 'Dalhousie Ave'}, 'city': 'Hudson', 'state': 'Ontario', 'country': 'Canada', 'postcode': 'I8X 7S2', 'coordinates': {'latitude': '-64.4764', 'longitude': '-21.4118'}, 'timezone': {'offset': '+5:30', 'description': 'Bombay, Calcutta, Madras, New Delhi'}}, 'email': 'etienne.andersen@example.com', 'login': {'uuid': '50b756a4-8ee9-4b26-bf8c-1ed7acf53105', 'username': 'orangerabbit169', 'password': 'violet', 'salt': 'I46MSix7', 'md5': '5910c21598f8fcef2de498cc2b6252b0', 'sha1': '67659cb0282653dea8d9fcf435c1cec51089a5b3', 'sha256': '65f21a70c78b84a5395d88390ad17f4b7b06bf019a977e5414ba3f90e3d2bebd'}, 'dob': {'date': '1995-01-08T17:40:22.226Z', 'age': 29}, 'registered': {'date': '2018-09-28T00:22:39.465Z', 'age': 5}, 'phone': 'R89 J10-0353', 'cell': 'S71 K17-7813', 'id': {'name': 'SIN', 'value': '897604385'}, 'picture': {'large': 'https://randomuser.me/api/portraits/men/47.jpg', 'medium': 'https://randomuser.me/api/portraits/med/men/47.jpg', 'thumbnail': 'https://randomuser.me/api/portraits/thumb/men/47.jpg'}, 'nat': 'CA'}</msg>
<arg>${json_data['results'][0]}</arg>
<doc>Logs the given message with the given level.</doc>
<status status="PASS" start="2024-04-02T12:26:04.824127" elapsed="0.000406"/>
</kw>
<kw name="Log" owner="BuiltIn">
<msg time="2024-04-02T12:26:04.824954" level="INFO">email</msg>
<arg>${key}</arg>
<doc>Logs the given message with the given level.</doc>
<status status="PASS" start="2024-04-02T12:26:04.824827" elapsed="0.000164"/>
</kw>
<var name="${key}">email</var>
<status status="PASS" start="2024-04-02T12:26:04.823298" elapsed="0.001907"/>
</iter>
<iter>
<kw name="Dictionary Should Contain Key" owner="Collections">
<msg time="2024-04-02T12:26:04.825915" level="INFO">False</msg>
<arg>${json_data['results'][0]}</arg>
<arg>${key}</arg>
<doc>Fails if ``key`` is not found from ``dictionary``.</doc>
<status status="PASS" start="2024-04-02T12:26:04.825493" elapsed="0.000459"/>
</kw>
<kw name="Log" owner="BuiltIn">
<msg time="2024-04-02T12:26:04.826603" level="INFO">{'gender': 'male', 'name': {'title': 'Mr', 'first': 'Etienne', 'last': 'Andersen'}, 'location': {'street': {'number': 4549, 'name': 'Dalhousie Ave'}, 'city': 'Hudson', 'state': 'Ontario', 'country': 'Canada', 'postcode': 'I8X 7S2', 'coordinates': {'latitude': '-64.4764', 'longitude': '-21.4118'}, 'timezone': {'offset': '+5:30', 'description': 'Bombay, Calcutta, Madras, New Delhi'}}, 'email': 'etienne.andersen@example.com', 'login': {'uuid': '50b756a4-8ee9-4b26-bf8c-1ed7acf53105', 'username': 'orangerabbit169', 'password': 'violet', 'salt': 'I46MSix7', 'md5': '5910c21598f8fcef2de498cc2b6252b0', 'sha1': '67659cb0282653dea8d9fcf435c1cec51089a5b3', 'sha256': '65f21a70c78b84a5395d88390ad17f4b7b06bf019a977e5414ba3f90e3d2bebd'}, 'dob': {'date': '1995-01-08T17:40:22.226Z', 'age': 29}, 'registered': {'date': '2018-09-28T00:22:39.465Z', 'age': 5}, 'phone': 'R89 J10-0353', 'cell': 'S71 K17-7813', 'id': {'name': 'SIN', 'value': '897604385'}, 'picture': {'large': 'https://randomuser.me/api/portraits/men/47.jpg', 'medium': 'https://randomuser.me/api/portraits/med/men/47.jpg', 'thumbnail': 'https://randomuser.me/api/portraits/thumb/men/47.jpg'}, 'nat': 'CA'}</msg>
<arg>${json_data['results'][0]}</arg>
<doc>Logs the given message with the given level.</doc>
<status status="PASS" start="2024-04-02T12:26:04.826247" elapsed="0.000402"/>
</kw>
<kw name="Log" owner="BuiltIn">
<msg time="2024-04-02T12:26:04.827068" level="INFO">login</msg>
<arg>${key}</arg>
<doc>Logs the given message with the given level.</doc>
<status status="PASS" start="2024-04-02T12:26:04.826941" elapsed="0.000270"/>
</kw>
<var name="${key}">login</var>
<status status="PASS" start="2024-04-02T12:26:04.825377" elapsed="0.002085"/>
</iter>
<var>${key}</var>
<value>@{expected_keys}</value>
<status status="PASS" start="2024-04-02T12:26:04.816491" elapsed="0.011102"/>
</for>
<kw name="Create List" owner="BuiltIn">
<msg time="2024-04-02T12:26:04.827930" level="INFO">${expected_keysTwo} = ['username', 'password']</msg>
<var>${expected_keysTwo}</var>
<arg>username</arg>
<arg>password</arg>
<doc>Returns a list containing given items.</doc>
<status status="PASS" start="2024-04-02T12:26:04.827790" elapsed="0.000165"/>
</kw>
<for flavor="IN">
<iter>
<kw name="Dictionary Should Contain Key" owner="Collections">
<msg time="2024-04-02T12:26:04.828852" level="INFO">False</msg>
<arg>${json_data['results'][0]['login']}</arg>
<arg>${keyTwo}</arg>
<doc>Fails if ``key`` is not found from ``dictionary``.</doc>
<status status="PASS" start="2024-04-02T12:26:04.828462" elapsed="0.000427"/>
</kw>
<kw name="Dictionary Should Contain Key" owner="Collections">
<msg time="2024-04-02T12:26:04.829565" level="INFO">False</msg>
<arg>${json_data['results'][0]['login']}</arg>
<arg>${keyTwo}</arg>
<doc>Fails if ``key`` is not found from ``dictionary``.</doc>
<status status="PASS" start="2024-04-02T12:26:04.829187" elapsed="0.000415"/>
</kw>
<kw name="Log" owner="BuiltIn">
<msg time="2024-04-02T12:26:04.830067" level="INFO">username</msg>
<arg>${keyTwo}</arg>
<doc>Logs the given message with the given level.</doc>
<status status="PASS" start="2024-04-02T12:26:04.829940" elapsed="0.000164"/>
</kw>
<var name="${keyTwo}">username</var>
<status status="PASS" start="2024-04-02T12:26:04.828352" elapsed="0.001968"/>
</iter>
<iter>
<kw name="Dictionary Should Contain Key" owner="Collections">
<msg time="2024-04-02T12:26:04.830988" level="INFO">False</msg>
<arg>${json_data['results'][0]['login']}</arg>
<arg>${keyTwo}</arg>
<doc>Fails if ``key`` is not found from ``dictionary``.</doc>
<status status="PASS" start="2024-04-02T12:26:04.830602" elapsed="0.000424"/>
</kw>
<kw name="Dictionary Should Contain Key" owner="Collections">
<msg time="2024-04-02T12:26:04.831697" level="INFO">False</msg>
<arg>${json_data['results'][0]['login']}</arg>
<arg>${keyTwo}</arg>
<doc>Fails if ``key`` is not found from ``dictionary``.</doc>
<status status="PASS" start="2024-04-02T12:26:04.831319" elapsed="0.000414"/>
</kw>
<kw name="Log" owner="BuiltIn">
<msg time="2024-04-02T12:26:04.832154" level="INFO">password</msg>
<arg>${keyTwo}</arg>
<doc>Logs the given message with the given level.</doc>
<status status="PASS" start="2024-04-02T12:26:04.832028" elapsed="0.000166"/>
</kw>
<var name="${keyTwo}">password</var>
<status status="PASS" start="2024-04-02T12:26:04.830493" elapsed="0.001919"/>
</iter>
<var>${keyTwo}</var>
<value>@{expected_keysTwo}</value>
<status status="PASS" start="2024-04-02T12:26:04.828199" elapsed="0.004337"/>
</for>
<status status="PASS" start="2024-04-02T12:26:04.712487" elapsed="0.120193"/>
</kw>
<doc>Testa a estrutura da resposta da API.</doc>
<tag>testeEstruturaResposta</tag>
<status status="PASS" start="2024-04-02T12:26:04.711716" elapsed="0.121129"/>
</test>
<test id="s1-s1-t4" name="Validar tipos de dados" line="28">
<kw name="Teste de Tipos de Dados" owner="random-user-service">
<kw name="GET On Session" owner="RequestsLibrary">
<msg time="2024-04-02T12:26:04.903081" level="INFO">GET Request : url=https://randomuser.me/api 
 path_url=/api 
 headers={'User-Agent': 'python-requests/2.31.0', 'Accept-Encoding': 'gzip, deflate', 'Accept': '*/*', 'Connection': 'keep-alive'} 
 body=None 
 </msg>
<msg time="2024-04-02T12:26:04.903164" level="INFO">GET Response : url=https://randomuser.me/api 
 status=200, reason=OK 
 headers={'Date': 'Tue, 02 Apr 2024 12:26:04 GMT', 'Content-Type': 'application/json; charset=utf-8', 'Transfer-Encoding': 'chunked', 'Connection': 'keep-alive', 'X-Powered-By': 'Express', 'Access-Control-Allow-Origin': '*', 'Cache-Control': 'no-cache', 'ETag': 'W/"479-ARB7GyIPyNIvz8NrUSbirzZ0K0c"', 'Vary': 'Accept-Encoding', 'Content-Encoding': 'gzip', 'CF-Cache-Status': 'DYNAMIC', 'Report-To': '{"endpoints":[{"url":"https:\\/\\/a.nel.cloudflare.com\\/report\\/v4?s=iu5vQO4UQvkuZRabjF7xAdyUe4%2FA00DmJ3wWe5UKM7ANYjwS%2FsRV9CG4FCnUZvuPEaTAIxIao0LUQIGeY1J3VR0mHDjJkjexoCPU3T6Zn5Kh1c%2BzoDJ1nrXQ7ILMkPnZ"}],"group":"cf-nel","max_age":604800}', 'NEL': '{"success_fraction":0,"report_to":"cf-nel","max_age":604800}', 'Server': 'cloudflare', 'CF-RAY': '86e0ce243803616f-ORD', 'alt-svc': 'h3=":443"; ma=86400'} 
 body={"results":[{"gender":"male","name":{"title":"Mr","first":"Mathew","last":"Evans"},"location":{"street":{"number":1875,"name":"The Grove"},"city":"Kinsale","state":"Donegal","country":"Ireland","postcode":12360,"coordinates":{"latitude":"2.5828","longitude":"-141.1449"},"timezone":{"offset":"-8:00","description":"Pacific Time (US &amp; Canada)"}},"email":"mathew.evans@example.com","login":{"uuid":"a322e820-3652-47bf-b80b-94fee7905200","username":"angrypanda610","password":"kamikaze","salt":"mAwiDS8C","md5":"8d1007efaab4f42812c3da518eed4c77","sha1":"a8046b6103850a6c159f9c60ccbbda1dcdae53d0","sha256":"553f049f71df4d7ae3f162d7e0f08935f23fca81cb4251828814532004c90d0d"},"dob":{"date":"1961-08-03T12:55:17.600Z","age":62},"registered":{"date":"2022-05-16T12:32:12.522Z","age":1},"phone":"071-460-3100","cell":"081-675-3367","id":{"name":"PPS","value":"6131538T"},"picture":{"large":"https://randomuser.me/api/portraits/men/87.jpg","medium":"https://randomuser.me/api/portraits/med/men/87.jpg","thumbnail":"https://randomuser.me/api/portraits/thumb/men/87.jpg"},"nat":"IE"}],"info":{"seed":"20d73064e2fc392a","results":1,"page":1,"version":"1.4"}} 
 </msg>
<msg time="2024-04-02T12:26:04.903226" level="INFO">/opt/hostedtoolcache/Python/3.12.2/x64/lib/python3.12/site-packages/urllib3/connectionpool.py:1103: InsecureRequestWarning: Unverified HTTPS request is being made to host 'randomuser.me'. Adding certificate verification is strongly advised. See: https://urllib3.readthedocs.io/en/latest/advanced-usage.html#tls-warnings
  warnings.warn(</msg>
<msg time="2024-04-02T12:26:04.903334" level="INFO">${response} = &lt;Response [200]&gt;</msg>
<var>${response}</var>
<arg>consultarAPI</arg>
<arg>/api</arg>
<doc>Sends a GET request on a previously created HTTP Session.</doc>
<status status="PASS" start="2024-04-02T12:26:04.835439" elapsed="0.067934"/>
</kw>
<kw name="Set Variable" owner="BuiltIn">
<msg time="2024-04-02T12:26:04.904500" level="INFO">${json_data} = {'results': [{'gender': 'male', 'name': {'title': 'Mr', 'first': 'Mathew', 'last': 'Evans'}, 'location': {'street': {'number': 1875, 'name': 'The Grove'}, 'city': 'Kinsale', 'state': 'Donegal', 'count...</msg>
<var>${json_data}</var>
<arg>${response.json()}</arg>
<doc>Returns the given values which can then be assigned to a variables.</doc>
<status status="PASS" start="2024-04-02T12:26:04.903925" elapsed="0.000604"/>
</kw>
<kw name="Log" owner="BuiltIn">
<msg time="2024-04-02T12:26:04.905007" level="INFO">{'results': [{'gender': 'male', 'name': {'title': 'Mr', 'first': 'Mathew', 'last': 'Evans'}, 'location': {'street': {'number': 1875, 'name': 'The Grove'}, 'city': 'Kinsale', 'state': 'Donegal', 'country': 'Ireland', 'postcode': 12360, 'coordinates': {'latitude': '2.5828', 'longitude': '-141.1449'}, 'timezone': {'offset': '-8:00', 'description': 'Pacific Time (US &amp; Canada)'}}, 'email': 'mathew.evans@example.com', 'login': {'uuid': 'a322e820-3652-47bf-b80b-94fee7905200', 'username': 'angrypanda610', 'password': 'kamikaze', 'salt': 'mAwiDS8C', 'md5': '8d1007efaab4f42812c3da518eed4c77', 'sha1': 'a8046b6103850a6c159f9c60ccbbda1dcdae53d0', 'sha256': '553f049f71df4d7ae3f162d7e0f08935f23fca81cb4251828814532004c90d0d'}, 'dob': {'date': '1961-08-03T12:55:17.600Z', 'age': 62}, 'registered': {'date': '2022-05-16T12:32:12.522Z', 'age': 1}, 'phone': '071-460-3100', 'cell': '081-675-3367', 'id': {'name': 'PPS', 'value': '6131538T'}, 'picture': {'large': 'https://randomuser.me/api/portraits/men/87.jpg', 'medium': 'https://randomuser.me/api/portraits/med/men/87.jpg', 'thumbnail': 'https://randomuser.me/api/portraits/thumb/men/87.jpg'}, 'nat': 'IE'}], 'info': {'seed': '20d73064e2fc392a', 'results': 1, 'page': 1, 'version': '1.4'}}</msg>
<arg>${json_data}</arg>
<doc>Logs the given message with the given level.</doc>
<status status="PASS" start="2024-04-02T12:26:04.904850" elapsed="0.000243"/>
</kw>
<kw name="Should Be String" owner="String">
<arg>${json_data['results'][0]['gender']}</arg>
<doc>Fails if the given ``item`` is not a string.</doc>
<status status="PASS" start="2024-04-02T12:26:04.905400" elapsed="0.000412"/>
</kw>
<kw name="Should Match Regexp" owner="BuiltIn">
<arg>${json_data['results'][0]['email']}</arg>
<arg>^[a-zA-Z0-9._%+-]+@[a-zA-Z0-9.-]+\.[a-zA-Z]{2,}$</arg>
<doc>Fails if ``string`` does not match ``pattern`` as a regular expression.</doc>
<status status="PASS" start="2024-04-02T12:26:04.906011" elapsed="0.000521"/>
</kw>
<kw name="Should Match Regexp" owner="BuiltIn">
<arg>${json_data['results'][0]['dob']['date']}</arg>
<arg>\\d{4}-\\d{2}-\\d{2}T\\d{2}:\\d{2}:\\d{2}\\.\\d{3}Z</arg>
<doc>Fails if ``string`` does not match ``pattern`` as a regular expression.</doc>
<status status="PASS" start="2024-04-02T12:26:04.906732" elapsed="0.000498"/>
</kw>
<kw name="Should Match Regexp" owner="BuiltIn">
<arg>${json_data['results'][0]['registered']['date']}</arg>
<arg>\\d{4}-\\d{2}-\\d{2}T\\d{2}:\\d{2}:\\d{2}\\.\\d{3}Z</arg>
<doc>Fails if ``string`` does not match ``pattern`` as a regular expression.</doc>
<status status="PASS" start="2024-04-02T12:26:04.907424" elapsed="0.000372"/>
</kw>
<kw name="Should Match Regexp" owner="BuiltIn">
<arg>${json_data['results'][0]['picture']['large']}</arg>
<arg>^https?://.*\.(?:png|jpe?g|gif|bmp)$</arg>
<doc>Fails if ``string`` does not match ``pattern`` as a regular expression.</doc>
<status status="PASS" start="2024-04-02T12:26:04.907988" elapsed="0.000455"/>
</kw>
<kw name="Should Match Regexp" owner="BuiltIn">
<arg>${json_data['results'][0]['picture']['medium']}</arg>
<arg>^https?://.*\.(?:png|jpe?g|gif|bmp)$</arg>
<doc>Fails if ``string`` does not match ``pattern`` as a regular expression.</doc>
<status status="PASS" start="2024-04-02T12:26:04.908633" elapsed="0.000356"/>
</kw>
<kw name="Should Match Regexp" owner="BuiltIn">
<arg>${json_data['results'][0]['picture']['thumbnail']}</arg>
<arg>^https?://.*\.(?:png|jpe?g|gif|bmp)$</arg>
<doc>Fails if ``string`` does not match ``pattern`` as a regular expression.</doc>
<status status="PASS" start="2024-04-02T12:26:04.909177" elapsed="0.000355"/>
</kw>
<kw name="Log" owner="BuiltIn">
<msg time="2024-04-02T12:26:04.910096" level="INFO">{'large': 'https://randomuser.me/api/portraits/men/87.jpg', 'medium': 'https://randomuser.me/api/portraits/med/men/87.jpg', 'thumbnail': 'https://randomuser.me/api/portraits/thumb/men/87.jpg'}</msg>
<arg>${json_data['results'][0]['picture']}</arg>
<doc>Logs the given message with the given level.</doc>
<status status="PASS" start="2024-04-02T12:26:04.909761" elapsed="0.000383"/>
</kw>
<status status="PASS" start="2024-04-02T12:26:04.835212" elapsed="0.075194"/>
</kw>
<kw name="Teste de Tipos de Dados - Postcode" owner="random-user-service">
<kw name="GET On Session" owner="RequestsLibrary">
<msg time="2024-04-02T12:26:05.013145" level="INFO">GET Request : url=https://randomuser.me/api 
 path_url=/api 
 headers={'User-Agent': 'python-requests/2.31.0', 'Accept-Encoding': 'gzip, deflate', 'Accept': '*/*', 'Connection': 'keep-alive'} 
 body=None 
 </msg>
<msg time="2024-04-02T12:26:05.013248" level="INFO">GET Response : url=https://randomuser.me/api 
 status=200, reason=OK 
 headers={'Date': 'Tue, 02 Apr 2024 12:26:05 GMT', 'Content-Type': 'application/json; charset=utf-8', 'Transfer-Encoding': 'chunked', 'Connection': 'keep-alive', 'X-Powered-By': 'Express', 'Access-Control-Allow-Origin': '*', 'Cache-Control': 'no-cache', 'ETag': 'W/"473-Lf1HwmSObD62yxGKk4m8r+9xHFE"', 'Vary': 'Accept-Encoding', 'Content-Encoding': 'gzip', 'CF-Cache-Status': 'DYNAMIC', 'Report-To': '{"endpoints":[{"url":"https:\\/\\/a.nel.cloudflare.com\\/report\\/v4?s=dtk15WRnZG9ccdaOEvd5rRCZrwpPiXBXCltYrGBS01qxytxlKR8%2BY5VVeqMZId809MUaFgH%2BMuQ%2BXpaj%2BEfk%2FWUwWiZ%2B3%2BnNYW8UFrIyatLOx6q5qt6v%2BJhqySTmsAQL"}],"group":"cf-nel","max_age":604800}', 'NEL': '{"success_fraction":0,"report_to":"cf-nel","max_age":604800}', 'Server': 'cloudflare', 'CF-RAY': '86e0ce24a871616f-ORD', 'alt-svc': 'h3=":443"; ma=86400'} 
 body={"results":[{"gender":"female","name":{"title":"Ms","first":"Fatma","last":"Erez"},"location":{"street":{"number":8456,"name":"Anafartalar Cd"},"city":"Osmaniye","state":"Kayseri","country":"Turkey","postcode":85909,"coordinates":{"latitude":"68.8113","longitude":"157.7531"},"timezone":{"offset":"-12:00","description":"Eniwetok, Kwajalein"}},"email":"fatma.erez@example.com","login":{"uuid":"75d0d1f7-da24-45e6-94c7-5d6c0ca5e8c1","username":"heavyfrog861","password":"robotech","salt":"Ojpu5Aus","md5":"8ccaece4e81165c8f28d093ba327c85c","sha1":"4d2f9a2f484a4d2b263097422231f4cfe247cd1d","sha256":"3b513b516f44180f0f083d2708ab7573bd0e6a6aaf5f55d477cda3ec1d2be010"},"dob":{"date":"1968-10-02T19:12:53.650Z","age":55},"registered":{"date":"2018-01-24T17:43:10.795Z","age":6},"phone":"(763)-857-1654","cell":"(338)-943-7193","id":{"name":"","value":null},"picture":{"large":"https://randomuser.me/api/portraits/women/5.jpg","medium":"https://randomuser.me/api/portraits/med/women/5.jpg","thumbnail":"https://randomuser.me/api/portraits/thumb/women/5.jpg"},"nat":"TR"}],"info":{"seed":"97a7099a0cd2ec41","results":1,"page":1,"version":"1.4"}} 
 </msg>
<msg time="2024-04-02T12:26:05.013336" level="INFO">/opt/hostedtoolcache/Python/3.12.2/x64/lib/python3.12/site-packages/urllib3/connectionpool.py:1103: InsecureRequestWarning: Unverified HTTPS request is being made to host 'randomuser.me'. Adding certificate verification is strongly advised. See: https://urllib3.readthedocs.io/en/latest/advanced-usage.html#tls-warnings
  warnings.warn(</msg>
<msg time="2024-04-02T12:26:05.013469" level="INFO">${response} = &lt;Response [200]&gt;</msg>
<var>${response}</var>
<arg>consultarAPI</arg>
<arg>/api</arg>
<doc>Sends a GET request on a previously created HTTP Session.</doc>
<status status="PASS" start="2024-04-02T12:26:04.911025" elapsed="0.102484"/>
</kw>
<kw name="Set Variable" owner="BuiltIn">
<msg time="2024-04-02T12:26:05.014746" level="INFO">${json_data} = {'results': [{'gender': 'female', 'name': {'title': 'Ms', 'first': 'Fatma', 'last': 'Erez'}, 'location': {'street': {'number': 8456, 'name': 'Anafartalar Cd'}, 'city': 'Osmaniye', 'state': 'Kayseri', ...</msg>
<var>${json_data}</var>
<arg>${response.json()}</arg>
<doc>Returns the given values which can then be assigned to a variables.</doc>
<status status="PASS" start="2024-04-02T12:26:05.014201" elapsed="0.000574"/>
</kw>
<kw name="Log" owner="BuiltIn">
<msg time="2024-04-02T12:26:05.015260" level="INFO">{'results': [{'gender': 'female', 'name': {'title': 'Ms', 'first': 'Fatma', 'last': 'Erez'}, 'location': {'street': {'number': 8456, 'name': 'Anafartalar Cd'}, 'city': 'Osmaniye', 'state': 'Kayseri', 'country': 'Turkey', 'postcode': 85909, 'coordinates': {'latitude': '68.8113', 'longitude': '157.7531'}, 'timezone': {'offset': '-12:00', 'description': 'Eniwetok, Kwajalein'}}, 'email': 'fatma.erez@example.com', 'login': {'uuid': '75d0d1f7-da24-45e6-94c7-5d6c0ca5e8c1', 'username': 'heavyfrog861', 'password': 'robotech', 'salt': 'Ojpu5Aus', 'md5': '8ccaece4e81165c8f28d093ba327c85c', 'sha1': '4d2f9a2f484a4d2b263097422231f4cfe247cd1d', 'sha256': '3b513b516f44180f0f083d2708ab7573bd0e6a6aaf5f55d477cda3ec1d2be010'}, 'dob': {'date': '1968-10-02T19:12:53.650Z', 'age': 55}, 'registered': {'date': '2018-01-24T17:43:10.795Z', 'age': 6}, 'phone': '(763)-857-1654', 'cell': '(338)-943-7193', 'id': {'name': '', 'value': None}, 'picture': {'large': 'https://randomuser.me/api/portraits/women/5.jpg', 'medium': 'https://randomuser.me/api/portraits/med/women/5.jpg', 'thumbnail': 'https://randomuser.me/api/portraits/thumb/women/5.jpg'}, 'nat': 'TR'}], 'info': {'seed': '97a7099a0cd2ec41', 'results': 1, 'page': 1, 'version': '1.4'}}</msg>
<arg>${json_data}</arg>
<doc>Logs the given message with the given level.</doc>
<status status="PASS" start="2024-04-02T12:26:05.015097" elapsed="0.000249"/>
</kw>
<kw name="Should Be Equal As Numbers" owner="BuiltIn">
<arg>${json_data['results'][0]['location']['postcode']}</arg>
<arg>${json_data['results'][0]['location']['postcode']}</arg>
<doc>Fails if objects are unequal after converting them to real numbers.</doc>
<status status="PASS" start="2024-04-02T12:26:05.015667" elapsed="0.000649"/>
</kw>
<kw name="Log" owner="BuiltIn">
<msg time="2024-04-02T12:26:05.016852" level="INFO">85909</msg>
<arg>${json_data['results'][0]['location']['postcode']}</arg>
<doc>Logs the given message with the given level.</doc>
<status status="PASS" start="2024-04-02T12:26:05.016513" elapsed="0.000380"/>
</kw>
<status status="PASS" start="2024-04-02T12:26:04.910637" elapsed="0.106522"/>
</kw>
<doc>Testa se os tipos de dados na resposta da API estão corretos.</doc>
<tag>testeTiposDados</tag>
<status status="PASS" start="2024-04-02T12:26:04.834655" elapsed="0.182688"/>
</test>
<test id="s1-s1-t5" name="Validar conteudo" line="35">
<kw name="Teste de Tipos de Conteudo" owner="random-user-service">
<kw name="GET On Session" owner="RequestsLibrary">
<msg time="2024-04-02T12:26:05.105110" level="INFO">GET Request : url=https://randomuser.me/api 
 path_url=/api 
 headers={'User-Agent': 'python-requests/2.31.0', 'Accept-Encoding': 'gzip, deflate', 'Accept': '*/*', 'Connection': 'keep-alive'} 
 body=None 
 </msg>
<msg time="2024-04-02T12:26:05.105226" level="INFO">GET Response : url=https://randomuser.me/api 
 status=200, reason=OK 
 headers={'Date': 'Tue, 02 Apr 2024 12:26:05 GMT', 'Content-Type': 'application/json; charset=utf-8', 'Transfer-Encoding': 'chunked', 'Connection': 'keep-alive', 'X-Powered-By': 'Express', 'Access-Control-Allow-Origin': '*', 'Cache-Control': 'no-cache', 'ETag': 'W/"492-RpO2Ak0LR0j2/83svpR7fn2En2E"', 'Vary': 'Accept-Encoding', 'Content-Encoding': 'gzip', 'CF-Cache-Status': 'DYNAMIC', 'Report-To': '{"endpoints":[{"url":"https:\\/\\/a.nel.cloudflare.com\\/report\\/v4?s=ef3mfRgL1hCEGXwD6wrAgbIUtNNQXC3VRRNW%2FhklJxJCZOxKlQuYSAAK%2FS%2BGVqLoRWiTmn0b7IqsixEcjeUNXkeS4a2MD0XN8h5iwGqgwTPSC0tvX3jok%2BbE3cCblfxA"}],"group":"cf-nel","max_age":604800}', 'NEL': '{"success_fraction":0,"report_to":"cf-nel","max_age":604800}', 'Server': 'cloudflare', 'CF-RAY': '86e0ce25591d616f-ORD', 'alt-svc': 'h3=":443"; ma=86400'} 
 body={"results":[{"gender":"male","name":{"title":"Mr","first":"Bartosz","last":"Spithoven"},"location":{"street":{"number":148,"name":"Brouwersplein"},"city":"Boxmeer","state":"Limburg","country":"Netherlands","postcode":"2256 BD","coordinates":{"latitude":"31.7181","longitude":"-101.6481"},"timezone":{"offset":"-8:00","description":"Pacific Time (US &amp; Canada)"}},"email":"bartosz.spithoven@example.com","login":{"uuid":"1a203175-195a-4e87-9490-2157bdb2e7ce","username":"organicbird218","password":"dorothy","salt":"gMtO5IDu","md5":"19e1dd4eb626432ce12516eb58c6f876","sha1":"9301b5ae56b0fac4865aa81cd4c6f6dc500012d0","sha256":"2b680a2b1dd3b8eda117ae7a164e7a6b87e1926d4f91d1ef30ff34afe1caae67"},"dob":{"date":"1951-01-11T20:32:57.605Z","age":73},"registered":{"date":"2009-08-03T04:01:27.341Z","age":14},"phone":"(0599) 599443","cell":"(06) 69365808","id":{"name":"BSN","value":"69029572"},"picture":{"large":"https://randomuser.me/api/portraits/men/47.jpg","medium":"https://randomuser.me/api/portraits/med/men/47.jpg","thumbnail":"https://randomuser.me/api/portraits/thumb/men/47.jpg"},"nat":"NL"}],"info":{"seed":"f3116bb846c5a271","results":1,"page":1,"version":"1.4"}} 
 </msg>
<msg time="2024-04-02T12:26:05.105308" level="INFO">/opt/hostedtoolcache/Python/3.12.2/x64/lib/python3.12/site-packages/urllib3/connectionpool.py:1103: InsecureRequestWarning: Unverified HTTPS request is being made to host 'randomuser.me'. Adding certificate verification is strongly advised. See: https://urllib3.readthedocs.io/en/latest/advanced-usage.html#tls-warnings
  warnings.warn(</msg>
<msg time="2024-04-02T12:26:05.105441" level="INFO">${response} = &lt;Response [200]&gt;</msg>
<var>${response}</var>
<arg>consultarAPI</arg>
<arg>/api</arg>
<doc>Sends a GET request on a previously created HTTP Session.</doc>
<status status="PASS" start="2024-04-02T12:26:05.019981" elapsed="0.085503"/>
</kw>
<kw name="Set Variable" owner="BuiltIn">
<msg time="2024-04-02T12:26:05.106742" level="INFO">${json_data} = {'results': [{'gender': 'male', 'name': {'title': 'Mr', 'first': 'Bartosz', 'last': 'Spithoven'}, 'location': {'street': {'number': 148, 'name': 'Brouwersplein'}, 'city': 'Boxmeer', 'state': 'Limburg'...</msg>
<var>${json_data}</var>
<arg>${response.json()}</arg>
<doc>Returns the given values which can then be assigned to a variables.</doc>
<status status="PASS" start="2024-04-02T12:26:05.106177" elapsed="0.000595"/>
</kw>
<kw name="Set Variable" owner="BuiltIn">
<msg time="2024-04-02T12:26:05.107495" level="INFO">${name_title} = Mr</msg>
<var>${name_title}</var>
<arg>${json_data["results"][0]["name"]["title"]}</arg>
<doc>Returns the given values which can then be assigned to a variables.</doc>
<status status="PASS" start="2024-04-02T12:26:05.107104" elapsed="0.000417"/>
</kw>
<kw name="Create List" owner="BuiltIn">
<msg time="2024-04-02T12:26:05.107992" level="INFO">${allowed_titles} = ['Mr', 'Ms', 'Miss', 'Mrs', 'Madame', 'Monsieur']</msg>
<var>${allowed_titles}</var>
<arg>Mr</arg>
<arg>Ms</arg>
<arg>Miss</arg>
<arg>Mrs</arg>
<arg>Madame</arg>
<arg>Monsieur</arg>
<doc>Returns a list containing given items.</doc>
<status status="PASS" start="2024-04-02T12:26:05.107833" elapsed="0.000185"/>
</kw>
<kw name="List Should Contain Value" owner="Collections">
<msg time="2024-04-02T12:26:05.108519" level="INFO">False</msg>
<arg>${allowed_titles}</arg>
<arg>${name_title}</arg>
<doc>Fails if the ``value`` is not found from ``list``.</doc>
<status status="PASS" start="2024-04-02T12:26:05.108332" elapsed="0.000226"/>
</kw>
<kw name="Set Variable" owner="BuiltIn">
<msg time="2024-04-02T12:26:05.109244" level="INFO">${name_country} = NL</msg>
<var>${name_country}</var>
<arg>${json_data["results"][0]["nat"]}</arg>
<doc>Returns the given values which can then be assigned to a variables.</doc>
<status status="PASS" start="2024-04-02T12:26:05.108857" elapsed="0.000412"/>
</kw>
<kw name="Create List" owner="BuiltIn">
<msg time="2024-04-02T12:26:05.110223" level="INFO">${list_country} = ['AD', 'AE', 'AF', 'AG', 'AI', 'AL', 'AM', 'AO', 'AQ', 'AR', 'AS', 'AT', 'AU', 'AW', 'AX', 'AZ', 'BA', 'BB', 'BD', 'BE', 'BF', 'BG', 'BH', 'BI', 'BJ', 'BL', 'BM', 'BN', 'BO', 'BQ', 'BR', 'BS', 'BT', '...</msg>
<var>${list_country}</var>
<arg>AD</arg>
<arg>AE</arg>
<arg>AF</arg>
<arg>AG</arg>
<arg>AI</arg>
<arg>AL</arg>
<arg>AM</arg>
<arg>AO</arg>
<arg>AQ</arg>
<arg>AR</arg>
<arg>AS</arg>
<arg>AT</arg>
<arg>AU</arg>
<arg>AW</arg>
<arg>AX</arg>
<arg>AZ</arg>
<arg>BA</arg>
<arg>BB</arg>
<arg>BD</arg>
<arg>BE</arg>
<arg>BF</arg>
<arg>BG</arg>
<arg>BH</arg>
<arg>BI</arg>
<arg>BJ</arg>
<arg>BL</arg>
<arg>BM</arg>
<arg>BN</arg>
<arg>BO</arg>
<arg>BQ</arg>
<arg>BR</arg>
<arg>BS</arg>
<arg>BT</arg>
<arg>BV</arg>
<arg>BW</arg>
<arg>BY</arg>
<arg>BZ</arg>
<arg>CA</arg>
<arg>CC</arg>
<arg>CD</arg>
<arg>CF</arg>
<arg>CG</arg>
<arg>CH</arg>
<arg>CI</arg>
<arg>CK</arg>
<arg>CL</arg>
<arg>CM</arg>
<arg>CN</arg>
<arg>CO</arg>
<arg>CR</arg>
<arg>CU</arg>
<arg>CV</arg>
<arg>CW</arg>
<arg>CX</arg>
<arg>CY</arg>
<arg>CZ</arg>
<arg>DE</arg>
<arg>DJ</arg>
<arg>DK</arg>
<arg>DM</arg>
<arg>DO</arg>
<arg>DZ</arg>
<arg>EC</arg>
<arg>EE</arg>
<arg>EG</arg>
<arg>EH</arg>
<arg>ER</arg>
<arg>ES</arg>
<arg>ET</arg>
<arg>FI</arg>
<arg>FJ</arg>
<arg>FK</arg>
<arg>FM</arg>
<arg>FO</arg>
<arg>FR</arg>
<arg>GA</arg>
<arg>GB</arg>
<arg>GD</arg>
<arg>GE</arg>
<arg>GF</arg>
<arg>GG</arg>
<arg>GH</arg>
<arg>GI</arg>
<arg>GL</arg>
<arg>GM</arg>
<arg>GN</arg>
<arg>GP</arg>
<arg>GQ</arg>
<arg>GR</arg>
<arg>GS</arg>
<arg>GT</arg>
<arg>GU</arg>
<arg>GW</arg>
<arg>GY</arg>
<arg>HK</arg>
<arg>HM</arg>
<arg>HN</arg>
<arg>HR</arg>
<arg>HT</arg>
<arg>HU</arg>
<arg>ID</arg>
<arg>IE</arg>
<arg>IL</arg>
<arg>IM</arg>
<arg>IN</arg>
<arg>IO</arg>
<arg>IQ</arg>
<arg>IR</arg>
<arg>IS</arg>
<arg>IT</arg>
<arg>JE</arg>
<arg>JM</arg>
<arg>JO</arg>
<arg>JP</arg>
<arg>KE</arg>
<arg>KG</arg>
<arg>KH</arg>
<arg>KI</arg>
<arg>KM</arg>
<arg>KN</arg>
<arg>KP</arg>
<arg>KR</arg>
<arg>KW</arg>
<arg>KY</arg>
<arg>KZ</arg>
<arg>LA</arg>
<arg>LB</arg>
<arg>LC</arg>
<arg>LI</arg>
<arg>LK</arg>
<arg>LR</arg>
<arg>LS</arg>
<arg>LT</arg>
<arg>LU</arg>
<arg>LV</arg>
<arg>LY</arg>
<arg>MA</arg>
<arg>MC</arg>
<arg>MD</arg>
<arg>ME</arg>
<arg>MF</arg>
<arg>MG</arg>
<arg>MH</arg>
<arg>MK</arg>
<arg>ML</arg>
<arg>MM</arg>
<arg>MN</arg>
<arg>MO</arg>
<arg>MP</arg>
<arg>MQ</arg>
<arg>MR</arg>
<arg>MS</arg>
<arg>MT</arg>
<arg>MU</arg>
<arg>MV</arg>
<arg>MW</arg>
<arg>MX</arg>
<arg>MY</arg>
<arg>MZ</arg>
<arg>NA</arg>
<arg>NC</arg>
<arg>NE</arg>
<arg>NF</arg>
<arg>NG</arg>
<arg>NI</arg>
<arg>NL</arg>
<arg>NO</arg>
<arg>NP</arg>
<arg>NR</arg>
<arg>NU</arg>
<arg>NZ</arg>
<arg>OM</arg>
<arg>PA</arg>
<arg>PE</arg>
<arg>PF</arg>
<arg>PG</arg>
<arg>PH</arg>
<arg>PK</arg>
<arg>PL</arg>
<arg>PM</arg>
<arg>PN</arg>
<arg>PR</arg>
<arg>PS</arg>
<arg>PT</arg>
<arg>PW</arg>
<arg>PY</arg>
<arg>QA</arg>
<arg>RE</arg>
<arg>RO</arg>
<arg>RS</arg>
<arg>RU</arg>
<arg>RW</arg>
<arg>SA</arg>
<arg>SB</arg>
<arg>SC</arg>
<arg>SD</arg>
<arg>SE</arg>
<arg>SG</arg>
<arg>SH</arg>
<arg>SI</arg>
<arg>SJ</arg>
<arg>SK</arg>
<arg>SL</arg>
<arg>SM</arg>
<arg>SN</arg>
<arg>SO</arg>
<arg>SR</arg>
<arg>SS</arg>
<arg>ST</arg>
<arg>SV</arg>
<arg>SX</arg>
<arg>SY</arg>
<arg>SZ</arg>
<arg>TC</arg>
<arg>TD</arg>
<arg>TF</arg>
<arg>TG</arg>
<arg>TH</arg>
<arg>TJ</arg>
<arg>TK</arg>
<arg>TL</arg>
<arg>TM</arg>
<arg>TN</arg>
<arg>TO</arg>
<arg>TR</arg>
<arg>TT</arg>
<arg>TV</arg>
<arg>TW</arg>
<arg>TZ</arg>
<arg>UA</arg>
<arg>UG</arg>
<arg>UM</arg>
<arg>US</arg>
<arg>UY</arg>
<arg>UZ</arg>
<arg>VA</arg>
<arg>VC</arg>
<arg>VE</arg>
<arg>VG</arg>
<arg>VI</arg>
<arg>VN</arg>
<arg>VU</arg>
<arg>WF</arg>
<arg>WS</arg>
<arg>XK</arg>
<arg>YE</arg>
<arg>YT</arg>
<arg>ZA</arg>
<arg>ZM</arg>
<arg>ZW</arg>
<doc>Returns a list containing given items.</doc>
<status status="PASS" start="2024-04-02T12:26:05.109584" elapsed="0.000666"/>
</kw>
<kw name="List Should Contain Value" owner="Collections">
<msg time="2024-04-02T12:26:05.111402" level="INFO">False</msg>
<arg>${list_country}</arg>
<arg>${name_country}</arg>
<doc>Fails if the ``value`` is not found from ``list``.</doc>
<status status="PASS" start="2024-04-02T12:26:05.111193" elapsed="0.000248"/>
</kw>
<kw name="Run Keyword If" owner="BuiltIn">
<kw name="Should Be True" owner="BuiltIn">
<arg>${True}</arg>
<doc>Fails if the given condition is not true.</doc>
<status status="PASS" start="2024-04-02T12:26:05.112535" elapsed="0.000149"/>
</kw>
<arg>${json_data["results"][0]["location"]["coordinates"]["latitude"]} &gt;= -90 and ${json_data["results"][0]["location"]["coordinates"]["latitude"]} &lt;= 90</arg>
<arg>Should Be True</arg>
<arg>${True}</arg>
<doc>Runs the given keyword with the given arguments, if ``condition`` is true.</doc>
<status status="PASS" start="2024-04-02T12:26:05.111763" elapsed="0.001053"/>
</kw>
<kw name="Run Keyword If" owner="BuiltIn">
<kw name="Should Be True" owner="BuiltIn">
<arg>${True}</arg>
<doc>Fails if the given condition is not true.</doc>
<status status="PASS" start="2024-04-02T12:26:05.113748" elapsed="0.000146"/>
</kw>
<arg>${json_data["results"][0]["location"]["coordinates"]["longitude"]} &gt;= -180 and ${json_data["results"][0]["location"]["coordinates"]["longitude"]} &lt;= 180</arg>
<arg>Should Be True</arg>
<arg>${True}</arg>
<doc>Runs the given keyword with the given arguments, if ``condition`` is true.</doc>
<status status="PASS" start="2024-04-02T12:26:05.113007" elapsed="0.001015"/>
</kw>
<status status="PASS" start="2024-04-02T12:26:05.019740" elapsed="0.094418"/>
</kw>
<doc>Testa o conteúdo específico dos campos retornados pela API.</doc>
<tag>testeConteudo</tag>
<status status="PASS" start="2024-04-02T12:26:05.019167" elapsed="0.095151"/>
</test>
<status status="PASS" start="2024-04-02T12:26:04.182987" elapsed="0.933349"/>
</suite>
<status status="PASS" start="2024-04-02T12:26:04.167732" elapsed="0.954220"/>
</suite>
<statistics>
<total>
<stat pass="5" fail="0" skip="0">All Tests</stat>
</total>
<tag>
<stat pass="1" fail="0" skip="0">testeConteudo</stat>
<stat pass="1" fail="0" skip="0">testeEstruturaResposta</stat>
<stat pass="1" fail="0" skip="0">testeRequisicaoBasica</stat>
<stat pass="1" fail="0" skip="0">testeTiposDados</stat>
</tag>
<suite>
<stat pass="5" fail="0" skip="0" id="s1" name="Tests">Tests</stat>
<stat pass="5" fail="0" skip="0" id="s1-s1" name="Random-User-Test">Tests.Random-User-Test</stat>
</suite>
</statistics>
<errors>
</errors>
</robot>
