<?xml version="1.0" encoding="UTF-8"?>
<robot generator="Robot 7.0 (Python 3.12.2 on linux)" generated="2024-04-14T07:54:27.061978" rpa="false" schemaversion="5">
<suite id="s1" name="Tests" source="/home/runner/work/DesafioQAItauRogerioJordao/DesafioQAItauRogerioJordao/RamdonUser/tests">
<suite id="s1-s1" name="Random-User-Test" source="/home/runner/work/DesafioQAItauRogerioJordao/DesafioQAItauRogerioJordao/RamdonUser/tests/random-user-test.robot">
<test id="s1-s1-t1" name="Conectar" line="13">
<kw name="Conectar API" owner="random-user-service">
<kw name="Create Session" owner="RequestsLibrary">
<msg time="2024-04-14T07:54:27.472896" level="INFO">Creating Session using : alias=consultarAPI, url=https://randomuser.me/, headers={},                     cookies={}, auth=None, timeout=None, proxies=None, verify=False,                     debug=0 </msg>
<arg>consultarAPI</arg>
<arg>${URL}</arg>
<doc>Create Session: create a HTTP session to a server</doc>
<status status="PASS" start="2024-04-14T07:54:27.472690" elapsed="0.000383"/>
</kw>
<status status="PASS" start="2024-04-14T07:54:27.471666" elapsed="0.001780"/>
</kw>
<status status="PASS" start="2024-04-14T07:54:27.471147" elapsed="0.002503"/>
</test>
<test id="s1-s1-t2" name="Validar retorno 200 e JSON Válido" line="16">
<kw name="Teste de Requisicao Basica" owner="random-user-service">
<kw name="GET On Session" owner="RequestsLibrary">
<msg time="2024-04-14T07:54:27.688030" level="INFO">GET Request : url=https://randomuser.me/api 
 path_url=/api 
 headers={'User-Agent': 'python-requests/2.31.0', 'Accept-Encoding': 'gzip, deflate', 'Accept': '*/*', 'Connection': 'keep-alive'} 
 body=None 
 </msg>
<msg time="2024-04-14T07:54:27.688170" level="INFO">GET Response : url=https://randomuser.me/api 
 status=200, reason=OK 
 headers={'Date': 'Sun, 14 Apr 2024 07:54:27 GMT', 'Content-Type': 'application/json; charset=utf-8', 'Transfer-Encoding': 'chunked', 'Connection': 'keep-alive', 'X-Powered-By': 'Express', 'Access-Control-Allow-Origin': '*', 'Cache-Control': 'no-cache', 'ETag': 'W/"474-m6bB46ygaMJN/ZzDrTLGuqfn86w"', 'Vary': 'Accept-Encoding', 'Content-Encoding': 'gzip', 'CF-Cache-Status': 'DYNAMIC', 'Report-To': '{"endpoints":[{"url":"https:\\/\\/a.nel.cloudflare.com\\/report\\/v4?s=3NmF19TUzeZVpZiSP%2BRYYdKeiAH5cLe3T2UFcLCwOJtfAx4HhU%2BGg8immb84ZRLqgP5MC8Aspq6A4UYHmBVORZE9eKPdFYtWChvJeRcfRRlTk84HDaoAf6EFJCyHmHn4"}],"group":"cf-nel","max_age":604800}', 'NEL': '{"success_fraction":0,"report_to":"cf-nel","max_age":604800}', 'Server': 'cloudflare', 'CF-RAY': '874220c289766799-SJC', 'alt-svc': 'h3=":443"; ma=86400'} 
 body={"results":[{"gender":"female","name":{"title":"Ms","first":"Mariya","last":"Yanchik"},"location":{"street":{"number":2447,"name":"Popelnyanska"},"city":"Morshin","state":"Sumska","country":"Ukraine","postcode":49973,"coordinates":{"latitude":"75.2247","longitude":"115.5801"},"timezone":{"offset":"-2:00","description":"Mid-Atlantic"}},"email":"mariya.yanchik@example.com","login":{"uuid":"8fc63b9b-7655-410e-9370-41e8cec66f57","username":"beautifulfrog167","password":"jeff","salt":"Auvfd3vo","md5":"5fbaa915e6dfae3bc66c85f295549f79","sha1":"9bbea56b5a94cddc1a7be3ae6eaa361f4d94f7da","sha256":"52e9051324acff54cc39e7ef902dea7be9a9a46916aa4d281f923d23387fef05"},"dob":{"date":"1996-08-20T22:31:50.692Z","age":27},"registered":{"date":"2013-05-14T12:07:21.116Z","age":10},"phone":"(099) U33-9343","cell":"(099) I19-6630","id":{"name":"","value":null},"picture":{"large":"https://randomuser.me/api/portraits/women/75.jpg","medium":"https://randomuser.me/api/portraits/med/women/75.jpg","thumbnail":"https://randomuser.me/api/portraits/thumb/women/75.jpg"},"nat":"UA"}],"info":{"seed":"c6a548657f3a1366","results":1,"page":1,"version":"1.4"}} 
 </msg>
<msg time="2024-04-14T07:54:27.688249" level="INFO">/opt/hostedtoolcache/Python/3.12.2/x64/lib/python3.12/site-packages/urllib3/connectionpool.py:1103: InsecureRequestWarning: Unverified HTTPS request is being made to host 'randomuser.me'. Adding certificate verification is strongly advised. See: https://urllib3.readthedocs.io/en/latest/advanced-usage.html#tls-warnings
  warnings.warn(</msg>
<msg time="2024-04-14T07:54:27.688404" level="INFO">${response} = &lt;Response [200]&gt;</msg>
<var>${response}</var>
<arg>consultarAPI</arg>
<arg>/api</arg>
<doc>Sends a GET request on a previously created HTTP Session.</doc>
<status status="PASS" start="2024-04-14T07:54:27.476220" elapsed="0.212230"/>
</kw>
<kw name="Should Be Equal As Numbers" owner="BuiltIn">
<msg time="2024-04-14T07:54:27.689383" level="INFO">Argument types are:
&lt;class 'int'&gt;
&lt;class 'str'&gt;</msg>
<arg>${response.status_code}</arg>
<arg>200</arg>
<doc>Fails if objects are unequal after converting them to real numbers.</doc>
<status status="PASS" start="2024-04-14T07:54:27.688929" elapsed="0.000520"/>
</kw>
<kw name="Log" owner="BuiltIn">
<msg time="2024-04-14T07:54:27.690130" level="INFO">200</msg>
<arg>${response.status_code}</arg>
<doc>Logs the given message with the given level.</doc>
<status status="PASS" start="2024-04-14T07:54:27.689778" elapsed="0.000397"/>
</kw>
<kw name="Set Variable" owner="BuiltIn">
<msg time="2024-04-14T07:54:27.690995" level="INFO">${json_data} = {'results': [{'gender': 'female', 'name': {'title': 'Ms', 'first': 'Mariya', 'last': 'Yanchik'}, 'location': {'street': {'number': 2447, 'name': 'Popelnyanska'}, 'city': 'Morshin', 'state': 'Sumska', ...</msg>
<var>${json_data}</var>
<arg>${response.json()}</arg>
<doc>Returns the given values which can then be assigned to a variables.</doc>
<status status="PASS" start="2024-04-14T07:54:27.690510" elapsed="0.000513"/>
</kw>
<kw name="Dictionary Should Contain Key" owner="Collections">
<msg time="2024-04-14T07:54:27.691503" level="INFO">False</msg>
<arg>${json_data}</arg>
<arg>results</arg>
<doc>Fails if ``key`` is not found from ``dictionary``.</doc>
<status status="PASS" start="2024-04-14T07:54:27.691333" elapsed="0.000218"/>
</kw>
<status status="PASS" start="2024-04-14T07:54:27.475971" elapsed="0.215852"/>
</kw>
<doc>Testa se a API responde corretamente e retorna um objeto JSON válido.</doc>
<tag>testeRequisicaoBasica</tag>
<status status="PASS" start="2024-04-14T07:54:27.475506" elapsed="0.216508"/>
</test>
<test id="s1-s1-t3" name="Validar estrutura de resposta" line="22">
<kw name="Teste de Estrutura de Resposta" owner="random-user-service">
<kw name="GET On Session" owner="RequestsLibrary">
<msg time="2024-04-14T07:54:27.786589" level="INFO">GET Request : url=https://randomuser.me/api 
 path_url=/api 
 headers={'User-Agent': 'python-requests/2.31.0', 'Accept-Encoding': 'gzip, deflate', 'Accept': '*/*', 'Connection': 'keep-alive'} 
 body=None 
 </msg>
<msg time="2024-04-14T07:54:27.786708" level="INFO">GET Response : url=https://randomuser.me/api 
 status=200, reason=OK 
 headers={'Date': 'Sun, 14 Apr 2024 07:54:27 GMT', 'Content-Type': 'application/json; charset=utf-8', 'Transfer-Encoding': 'chunked', 'Connection': 'keep-alive', 'X-Powered-By': 'Express', 'Access-Control-Allow-Origin': '*', 'Cache-Control': 'no-cache', 'ETag': 'W/"499-sLeCjgn4XsinTfh76yPEbKS2yCI"', 'Vary': 'Accept-Encoding', 'Content-Encoding': 'gzip', 'CF-Cache-Status': 'DYNAMIC', 'Report-To': '{"endpoints":[{"url":"https:\\/\\/a.nel.cloudflare.com\\/report\\/v4?s=CI2ugwFlg1xTZrX6Wa6g991NED1y%2FEy0PsTPRFiWacHdf8QFmXOtnXRuPzPHW5qIl4RRM7NlaxWdpaDJ0Zw5Os4MYeDnJ99FUdB9RTQ%2BXYSNT1UnV8%2FZzRpAFBaqSJ9A"}],"group":"cf-nel","max_age":604800}', 'NEL': '{"success_fraction":0,"report_to":"cf-nel","max_age":604800}', 'Server': 'cloudflare', 'CF-RAY': '874220c319f16799-SJC', 'alt-svc': 'h3=":443"; ma=86400'} 
 body={"results":[{"gender":"male","name":{"title":"Mr","first":"علی","last":"مرادی"},"location":{"street":{"number":8184,"name":"شهید سرتیپ نامجو"},"city":"سیرجان","state":"خراسان رضوی","country":"Iran","postcode":71823,"coordinates":{"latitude":"14.1106","longitude":"-139.8616"},"timezone":{"offset":"-7:00","description":"Mountain Time (US &amp; Canada)"}},"email":"aaly.mrdy@example.com","login":{"uuid":"993d794a-d0b6-420d-a8c1-7000c014a13b","username":"smallbutterfly511","password":"laura","salt":"ZcRzkcZQ","md5":"fa849e58f97b2f815a643eaeb1a62db9","sha1":"37acacf04514b7566e0683b85977ea5ff94bd770","sha256":"1509b62f41bb99c9a3727ab5ee3818d37ce7213b09f660534ff3e3d4056d367a"},"dob":{"date":"1945-03-27T21:39:53.990Z","age":79},"registered":{"date":"2003-05-25T22:14:57.367Z","age":20},"phone":"070-03602726","cell":"0976-945-2576","id":{"name":"","value":null},"picture":{"large":"https://randomuser.me/api/portraits/men/2.jpg","medium":"https://randomuser.me/api/portraits/med/men/2.jpg","thumbnail":"https://randomuser.me/api/portraits/thumb/men/2.jpg"},"nat":"IR"}],"info":{"seed":"e0bc0aaf23d4547a","results":1,"page":1,"version":"1.4"}} 
 </msg>
<msg time="2024-04-14T07:54:27.786852" level="INFO">/opt/hostedtoolcache/Python/3.12.2/x64/lib/python3.12/site-packages/urllib3/connectionpool.py:1103: InsecureRequestWarning: Unverified HTTPS request is being made to host 'randomuser.me'. Adding certificate verification is strongly advised. See: https://urllib3.readthedocs.io/en/latest/advanced-usage.html#tls-warnings
  warnings.warn(</msg>
<msg time="2024-04-14T07:54:27.786993" level="INFO">${response} = &lt;Response [200]&gt;</msg>
<var>${response}</var>
<arg>consultarAPI</arg>
<arg>/api</arg>
<doc>Sends a GET request on a previously created HTTP Session.</doc>
<status status="PASS" start="2024-04-14T07:54:27.694823" elapsed="0.092222"/>
</kw>
<kw name="Set Variable" owner="BuiltIn">
<msg time="2024-04-14T07:54:27.787922" level="INFO">${json_data} = {'results': [{'gender': 'male', 'name': {'title': 'Mr', 'first': 'علی', 'last': 'مرادی'}, 'location': {'street': {'number': 8184, 'name': 'شهید سرتیپ نامجو'}, 'city': 'سیرجان', 'state': 'خراسان رضوی',...</msg>
<var>${json_data}</var>
<arg>${response.json()}</arg>
<doc>Returns the given values which can then be assigned to a variables.</doc>
<status status="PASS" start="2024-04-14T07:54:27.787458" elapsed="0.000495"/>
</kw>
<kw name="Log" owner="BuiltIn">
<msg time="2024-04-14T07:54:27.788428" level="INFO">{'results': [{'gender': 'male', 'name': {'title': 'Mr', 'first': 'علی', 'last': 'مرادی'}, 'location': {'street': {'number': 8184, 'name': 'شهید سرتیپ نامجو'}, 'city': 'سیرجان', 'state': 'خراسان رضوی', 'country': 'Iran', 'postcode': 71823, 'coordinates': {'latitude': '14.1106', 'longitude': '-139.8616'}, 'timezone': {'offset': '-7:00', 'description': 'Mountain Time (US &amp; Canada)'}}, 'email': 'aaly.mrdy@example.com', 'login': {'uuid': '993d794a-d0b6-420d-a8c1-7000c014a13b', 'username': 'smallbutterfly511', 'password': 'laura', 'salt': 'ZcRzkcZQ', 'md5': 'fa849e58f97b2f815a643eaeb1a62db9', 'sha1': '37acacf04514b7566e0683b85977ea5ff94bd770', 'sha256': '1509b62f41bb99c9a3727ab5ee3818d37ce7213b09f660534ff3e3d4056d367a'}, 'dob': {'date': '1945-03-27T21:39:53.990Z', 'age': 79}, 'registered': {'date': '2003-05-25T22:14:57.367Z', 'age': 20}, 'phone': '070-03602726', 'cell': '0976-945-2576', 'id': {'name': '', 'value': None}, 'picture': {'large': 'https://randomuser.me/api/portraits/men/2.jpg', 'medium': 'https://randomuser.me/api/portraits/med/men/2.jpg', 'thumbnail': 'https://randomuser.me/api/portraits/thumb/men/2.jpg'}, 'nat': 'IR'}], 'info': {'seed': 'e0bc0aaf23d4547a', 'results': 1, 'page': 1, 'version': '1.4'}}</msg>
<arg>${json_data}</arg>
<doc>Logs the given message with the given level.</doc>
<status status="PASS" start="2024-04-14T07:54:27.788267" elapsed="0.000213"/>
</kw>
<kw name="Dictionary Should Contain Key" owner="Collections">
<msg time="2024-04-14T07:54:27.788929" level="INFO">False</msg>
<arg>${json_data}</arg>
<arg>results</arg>
<doc>Fails if ``key`` is not found from ``dictionary``.</doc>
<status status="PASS" start="2024-04-14T07:54:27.788777" elapsed="0.000188"/>
</kw>
<kw name="Should Not Be Empty" owner="BuiltIn">
<msg time="2024-04-14T07:54:27.789390" level="INFO">Length is 2.</msg>
<arg>${json_data}</arg>
<doc>Verifies that the given item is not empty.</doc>
<status status="PASS" start="2024-04-14T07:54:27.789258" elapsed="0.000171"/>
</kw>
<kw name="Create List" owner="BuiltIn">
<msg time="2024-04-14T07:54:27.789871" level="INFO">${expected_keys} = ['gender', 'name', 'location', 'email', 'login']</msg>
<var>${expected_keys}</var>
<arg>gender</arg>
<arg>name</arg>
<arg>location</arg>
<arg>email</arg>
<arg>login</arg>
<doc>Returns a list containing given items.</doc>
<status status="PASS" start="2024-04-14T07:54:27.789718" elapsed="0.000177"/>
</kw>
<for flavor="IN">
<iter>
<kw name="Dictionary Should Contain Key" owner="Collections">
<msg time="2024-04-14T07:54:27.790916" level="INFO">False</msg>
<arg>${json_data['results'][0]}</arg>
<arg>${key}</arg>
<doc>Fails if ``key`` is not found from ``dictionary``.</doc>
<status status="PASS" start="2024-04-14T07:54:27.790463" elapsed="0.000492"/>
</kw>
<kw name="Log" owner="BuiltIn">
<msg time="2024-04-14T07:54:27.791623" level="INFO">{'gender': 'male', 'name': {'title': 'Mr', 'first': 'علی', 'last': 'مرادی'}, 'location': {'street': {'number': 8184, 'name': 'شهید سرتیپ نامجو'}, 'city': 'سیرجان', 'state': 'خراسان رضوی', 'country': 'Iran', 'postcode': 71823, 'coordinates': {'latitude': '14.1106', 'longitude': '-139.8616'}, 'timezone': {'offset': '-7:00', 'description': 'Mountain Time (US &amp; Canada)'}}, 'email': 'aaly.mrdy@example.com', 'login': {'uuid': '993d794a-d0b6-420d-a8c1-7000c014a13b', 'username': 'smallbutterfly511', 'password': 'laura', 'salt': 'ZcRzkcZQ', 'md5': 'fa849e58f97b2f815a643eaeb1a62db9', 'sha1': '37acacf04514b7566e0683b85977ea5ff94bd770', 'sha256': '1509b62f41bb99c9a3727ab5ee3818d37ce7213b09f660534ff3e3d4056d367a'}, 'dob': {'date': '1945-03-27T21:39:53.990Z', 'age': 79}, 'registered': {'date': '2003-05-25T22:14:57.367Z', 'age': 20}, 'phone': '070-03602726', 'cell': '0976-945-2576', 'id': {'name': '', 'value': None}, 'picture': {'large': 'https://randomuser.me/api/portraits/men/2.jpg', 'medium': 'https://randomuser.me/api/portraits/med/men/2.jpg', 'thumbnail': 'https://randomuser.me/api/portraits/thumb/men/2.jpg'}, 'nat': 'IR'}</msg>
<arg>${json_data['results'][0]}</arg>
<doc>Logs the given message with the given level.</doc>
<status status="PASS" start="2024-04-14T07:54:27.791256" elapsed="0.000420"/>
</kw>
<kw name="Log" owner="BuiltIn">
<msg time="2024-04-14T07:54:27.792133" level="INFO">gender</msg>
<arg>${key}</arg>
<doc>Logs the given message with the given level.</doc>
<status status="PASS" start="2024-04-14T07:54:27.791982" elapsed="0.000209"/>
</kw>
<var name="${key}">gender</var>
<status status="PASS" start="2024-04-14T07:54:27.790341" elapsed="0.002107"/>
</iter>
<iter>
<kw name="Dictionary Should Contain Key" owner="Collections">
<msg time="2024-04-14T07:54:27.793131" level="INFO">False</msg>
<arg>${json_data['results'][0]}</arg>
<arg>${key}</arg>
<doc>Fails if ``key`` is not found from ``dictionary``.</doc>
<status status="PASS" start="2024-04-14T07:54:27.792750" elapsed="0.000418"/>
</kw>
<kw name="Log" owner="BuiltIn">
<msg time="2024-04-14T07:54:27.793867" level="INFO">{'gender': 'male', 'name': {'title': 'Mr', 'first': 'علی', 'last': 'مرادی'}, 'location': {'street': {'number': 8184, 'name': 'شهید سرتیپ نامجو'}, 'city': 'سیرجان', 'state': 'خراسان رضوی', 'country': 'Iran', 'postcode': 71823, 'coordinates': {'latitude': '14.1106', 'longitude': '-139.8616'}, 'timezone': {'offset': '-7:00', 'description': 'Mountain Time (US &amp; Canada)'}}, 'email': 'aaly.mrdy@example.com', 'login': {'uuid': '993d794a-d0b6-420d-a8c1-7000c014a13b', 'username': 'smallbutterfly511', 'password': 'laura', 'salt': 'ZcRzkcZQ', 'md5': 'fa849e58f97b2f815a643eaeb1a62db9', 'sha1': '37acacf04514b7566e0683b85977ea5ff94bd770', 'sha256': '1509b62f41bb99c9a3727ab5ee3818d37ce7213b09f660534ff3e3d4056d367a'}, 'dob': {'date': '1945-03-27T21:39:53.990Z', 'age': 79}, 'registered': {'date': '2003-05-25T22:14:57.367Z', 'age': 20}, 'phone': '070-03602726', 'cell': '0976-945-2576', 'id': {'name': '', 'value': None}, 'picture': {'large': 'https://randomuser.me/api/portraits/men/2.jpg', 'medium': 'https://randomuser.me/api/portraits/med/men/2.jpg', 'thumbnail': 'https://randomuser.me/api/portraits/thumb/men/2.jpg'}, 'nat': 'IR'}</msg>
<arg>${json_data['results'][0]}</arg>
<doc>Logs the given message with the given level.</doc>
<status status="PASS" start="2024-04-14T07:54:27.793492" elapsed="0.000432"/>
</kw>
<kw name="Log" owner="BuiltIn">
<msg time="2024-04-14T07:54:27.794363" level="INFO">name</msg>
<arg>${key}</arg>
<doc>Logs the given message with the given level.</doc>
<status status="PASS" start="2024-04-14T07:54:27.794231" elapsed="0.000169"/>
</kw>
<var name="${key}">name</var>
<status status="PASS" start="2024-04-14T07:54:27.792636" elapsed="0.001983"/>
</iter>
<iter>
<kw name="Dictionary Should Contain Key" owner="Collections">
<msg time="2024-04-14T07:54:27.795321" level="INFO">False</msg>
<arg>${json_data['results'][0]}</arg>
<arg>${key}</arg>
<doc>Fails if ``key`` is not found from ``dictionary``.</doc>
<status status="PASS" start="2024-04-14T07:54:27.794947" elapsed="0.000411"/>
</kw>
<kw name="Log" owner="BuiltIn">
<msg time="2024-04-14T07:54:27.796020" level="INFO">{'gender': 'male', 'name': {'title': 'Mr', 'first': 'علی', 'last': 'مرادی'}, 'location': {'street': {'number': 8184, 'name': 'شهید سرتیپ نامجو'}, 'city': 'سیرجان', 'state': 'خراسان رضوی', 'country': 'Iran', 'postcode': 71823, 'coordinates': {'latitude': '14.1106', 'longitude': '-139.8616'}, 'timezone': {'offset': '-7:00', 'description': 'Mountain Time (US &amp; Canada)'}}, 'email': 'aaly.mrdy@example.com', 'login': {'uuid': '993d794a-d0b6-420d-a8c1-7000c014a13b', 'username': 'smallbutterfly511', 'password': 'laura', 'salt': 'ZcRzkcZQ', 'md5': 'fa849e58f97b2f815a643eaeb1a62db9', 'sha1': '37acacf04514b7566e0683b85977ea5ff94bd770', 'sha256': '1509b62f41bb99c9a3727ab5ee3818d37ce7213b09f660534ff3e3d4056d367a'}, 'dob': {'date': '1945-03-27T21:39:53.990Z', 'age': 79}, 'registered': {'date': '2003-05-25T22:14:57.367Z', 'age': 20}, 'phone': '070-03602726', 'cell': '0976-945-2576', 'id': {'name': '', 'value': None}, 'picture': {'large': 'https://randomuser.me/api/portraits/men/2.jpg', 'medium': 'https://randomuser.me/api/portraits/med/men/2.jpg', 'thumbnail': 'https://randomuser.me/api/portraits/thumb/men/2.jpg'}, 'nat': 'IR'}</msg>
<arg>${json_data['results'][0]}</arg>
<doc>Logs the given message with the given level.</doc>
<status status="PASS" start="2024-04-14T07:54:27.795654" elapsed="0.000417"/>
</kw>
<kw name="Log" owner="BuiltIn">
<msg time="2024-04-14T07:54:27.796495" level="INFO">location</msg>
<arg>${key}</arg>
<doc>Logs the given message with the given level.</doc>
<status status="PASS" start="2024-04-14T07:54:27.796367" elapsed="0.000166"/>
</kw>
<var name="${key}">location</var>
<status status="PASS" start="2024-04-14T07:54:27.794835" elapsed="0.001925"/>
</iter>
<iter>
<kw name="Dictionary Should Contain Key" owner="Collections">
<msg time="2024-04-14T07:54:27.797429" level="INFO">False</msg>
<arg>${json_data['results'][0]}</arg>
<arg>${key}</arg>
<doc>Fails if ``key`` is not found from ``dictionary``.</doc>
<status status="PASS" start="2024-04-14T07:54:27.797043" elapsed="0.000424"/>
</kw>
<kw name="Log" owner="BuiltIn">
<msg time="2024-04-14T07:54:27.798127" level="INFO">{'gender': 'male', 'name': {'title': 'Mr', 'first': 'علی', 'last': 'مرادی'}, 'location': {'street': {'number': 8184, 'name': 'شهید سرتیپ نامجو'}, 'city': 'سیرجان', 'state': 'خراسان رضوی', 'country': 'Iran', 'postcode': 71823, 'coordinates': {'latitude': '14.1106', 'longitude': '-139.8616'}, 'timezone': {'offset': '-7:00', 'description': 'Mountain Time (US &amp; Canada)'}}, 'email': 'aaly.mrdy@example.com', 'login': {'uuid': '993d794a-d0b6-420d-a8c1-7000c014a13b', 'username': 'smallbutterfly511', 'password': 'laura', 'salt': 'ZcRzkcZQ', 'md5': 'fa849e58f97b2f815a643eaeb1a62db9', 'sha1': '37acacf04514b7566e0683b85977ea5ff94bd770', 'sha256': '1509b62f41bb99c9a3727ab5ee3818d37ce7213b09f660534ff3e3d4056d367a'}, 'dob': {'date': '1945-03-27T21:39:53.990Z', 'age': 79}, 'registered': {'date': '2003-05-25T22:14:57.367Z', 'age': 20}, 'phone': '070-03602726', 'cell': '0976-945-2576', 'id': {'name': '', 'value': None}, 'picture': {'large': 'https://randomuser.me/api/portraits/men/2.jpg', 'medium': 'https://randomuser.me/api/portraits/med/men/2.jpg', 'thumbnail': 'https://randomuser.me/api/portraits/thumb/men/2.jpg'}, 'nat': 'IR'}</msg>
<arg>${json_data['results'][0]}</arg>
<doc>Logs the given message with the given level.</doc>
<status status="PASS" start="2024-04-14T07:54:27.797764" elapsed="0.000415"/>
</kw>
<kw name="Log" owner="BuiltIn">
<msg time="2024-04-14T07:54:27.798606" level="INFO">email</msg>
<arg>${key}</arg>
<doc>Logs the given message with the given level.</doc>
<status status="PASS" start="2024-04-14T07:54:27.798479" elapsed="0.000164"/>
</kw>
<var name="${key}">email</var>
<status status="PASS" start="2024-04-14T07:54:27.796932" elapsed="0.001957"/>
</iter>
<iter>
<kw name="Dictionary Should Contain Key" owner="Collections">
<msg time="2024-04-14T07:54:27.799541" level="INFO">False</msg>
<arg>${json_data['results'][0]}</arg>
<arg>${key}</arg>
<doc>Fails if ``key`` is not found from ``dictionary``.</doc>
<status status="PASS" start="2024-04-14T07:54:27.799172" elapsed="0.000406"/>
</kw>
<kw name="Log" owner="BuiltIn">
<msg time="2024-04-14T07:54:27.800232" level="INFO">{'gender': 'male', 'name': {'title': 'Mr', 'first': 'علی', 'last': 'مرادی'}, 'location': {'street': {'number': 8184, 'name': 'شهید سرتیپ نامجو'}, 'city': 'سیرجان', 'state': 'خراسان رضوی', 'country': 'Iran', 'postcode': 71823, 'coordinates': {'latitude': '14.1106', 'longitude': '-139.8616'}, 'timezone': {'offset': '-7:00', 'description': 'Mountain Time (US &amp; Canada)'}}, 'email': 'aaly.mrdy@example.com', 'login': {'uuid': '993d794a-d0b6-420d-a8c1-7000c014a13b', 'username': 'smallbutterfly511', 'password': 'laura', 'salt': 'ZcRzkcZQ', 'md5': 'fa849e58f97b2f815a643eaeb1a62db9', 'sha1': '37acacf04514b7566e0683b85977ea5ff94bd770', 'sha256': '1509b62f41bb99c9a3727ab5ee3818d37ce7213b09f660534ff3e3d4056d367a'}, 'dob': {'date': '1945-03-27T21:39:53.990Z', 'age': 79}, 'registered': {'date': '2003-05-25T22:14:57.367Z', 'age': 20}, 'phone': '070-03602726', 'cell': '0976-945-2576', 'id': {'name': '', 'value': None}, 'picture': {'large': 'https://randomuser.me/api/portraits/men/2.jpg', 'medium': 'https://randomuser.me/api/portraits/med/men/2.jpg', 'thumbnail': 'https://randomuser.me/api/portraits/thumb/men/2.jpg'}, 'nat': 'IR'}</msg>
<arg>${json_data['results'][0]}</arg>
<doc>Logs the given message with the given level.</doc>
<status status="PASS" start="2024-04-14T07:54:27.799874" elapsed="0.000408"/>
</kw>
<kw name="Log" owner="BuiltIn">
<msg time="2024-04-14T07:54:27.800700" level="INFO">login</msg>
<arg>${key}</arg>
<doc>Logs the given message with the given level.</doc>
<status status="PASS" start="2024-04-14T07:54:27.800576" elapsed="0.000160"/>
</kw>
<var name="${key}">login</var>
<status status="PASS" start="2024-04-14T07:54:27.799062" elapsed="0.001914"/>
</iter>
<var>${key}</var>
<value>@{expected_keys}</value>
<status status="PASS" start="2024-04-14T07:54:27.790155" elapsed="0.010945"/>
</for>
<kw name="Create List" owner="BuiltIn">
<msg time="2024-04-14T07:54:27.801427" level="INFO">${expected_keysTwo} = ['username', 'password']</msg>
<var>${expected_keysTwo}</var>
<arg>username</arg>
<arg>password</arg>
<doc>Returns a list containing given items.</doc>
<status status="PASS" start="2024-04-14T07:54:27.801289" elapsed="0.000162"/>
</kw>
<for flavor="IN">
<iter>
<kw name="Dictionary Should Contain Key" owner="Collections">
<msg time="2024-04-14T07:54:27.802427" level="INFO">False</msg>
<arg>${json_data['results'][0]['login']}</arg>
<arg>${keyTwo}</arg>
<doc>Fails if ``key`` is not found from ``dictionary``.</doc>
<status status="PASS" start="2024-04-14T07:54:27.802049" elapsed="0.000416"/>
</kw>
<kw name="Dictionary Should Contain Key" owner="Collections">
<msg time="2024-04-14T07:54:27.803184" level="INFO">False</msg>
<arg>${json_data['results'][0]['login']}</arg>
<arg>${keyTwo}</arg>
<doc>Fails if ``key`` is not found from ``dictionary``.</doc>
<status status="PASS" start="2024-04-14T07:54:27.802804" elapsed="0.000418"/>
</kw>
<kw name="Log" owner="BuiltIn">
<msg time="2024-04-14T07:54:27.803645" level="INFO">username</msg>
<arg>${keyTwo}</arg>
<doc>Logs the given message with the given level.</doc>
<status status="PASS" start="2024-04-14T07:54:27.803519" elapsed="0.000163"/>
</kw>
<var name="${keyTwo}">username</var>
<status status="PASS" start="2024-04-14T07:54:27.801934" elapsed="0.001963"/>
</iter>
<iter>
<kw name="Dictionary Should Contain Key" owner="Collections">
<msg time="2024-04-14T07:54:27.804550" level="INFO">False</msg>
<arg>${json_data['results'][0]['login']}</arg>
<arg>${keyTwo}</arg>
<doc>Fails if ``key`` is not found from ``dictionary``.</doc>
<status status="PASS" start="2024-04-14T07:54:27.804180" elapsed="0.000407"/>
</kw>
<kw name="Dictionary Should Contain Key" owner="Collections">
<msg time="2024-04-14T07:54:27.805256" level="INFO">False</msg>
<arg>${json_data['results'][0]['login']}</arg>
<arg>${keyTwo}</arg>
<doc>Fails if ``key`` is not found from ``dictionary``.</doc>
<status status="PASS" start="2024-04-14T07:54:27.804878" elapsed="0.000416"/>
</kw>
<kw name="Log" owner="BuiltIn">
<msg time="2024-04-14T07:54:27.805717" level="INFO">password</msg>
<arg>${keyTwo}</arg>
<doc>Logs the given message with the given level.</doc>
<status status="PASS" start="2024-04-14T07:54:27.805590" elapsed="0.000164"/>
</kw>
<var name="${keyTwo}">password</var>
<status status="PASS" start="2024-04-14T07:54:27.804071" elapsed="0.001898"/>
</iter>
<var>${keyTwo}</var>
<value>@{expected_keysTwo}</value>
<status status="PASS" start="2024-04-14T07:54:27.801685" elapsed="0.004407"/>
</for>
<status status="PASS" start="2024-04-14T07:54:27.694551" elapsed="0.111680"/>
</kw>
<doc>Testa a estrutura da resposta da API.</doc>
<tag>testeEstruturaResposta</tag>
<status status="PASS" start="2024-04-14T07:54:27.693856" elapsed="0.112530"/>
</test>
<test id="s1-s1-t4" name="Validar tipos de dados" line="28">
<kw name="Teste de Tipos de Dados" owner="random-user-service">
<kw name="GET On Session" owner="RequestsLibrary">
<msg time="2024-04-14T07:54:27.894346" level="INFO">GET Request : url=https://randomuser.me/api 
 path_url=/api 
 headers={'User-Agent': 'python-requests/2.31.0', 'Accept-Encoding': 'gzip, deflate', 'Accept': '*/*', 'Connection': 'keep-alive'} 
 body=None 
 </msg>
<msg time="2024-04-14T07:54:27.894427" level="INFO">GET Response : url=https://randomuser.me/api 
 status=200, reason=OK 
 headers={'Date': 'Sun, 14 Apr 2024 07:54:27 GMT', 'Content-Type': 'application/json; charset=utf-8', 'Transfer-Encoding': 'chunked', 'Connection': 'keep-alive', 'X-Powered-By': 'Express', 'Access-Control-Allow-Origin': '*', 'Cache-Control': 'no-cache', 'ETag': 'W/"499-j1nP5JOiALY3ccLML5UeX/j17y8"', 'Vary': 'Accept-Encoding', 'Content-Encoding': 'gzip', 'CF-Cache-Status': 'DYNAMIC', 'Report-To': '{"endpoints":[{"url":"https:\\/\\/a.nel.cloudflare.com\\/report\\/v4?s=0E9%2FW7ffTUgHWWNnUg6kRDGGAK7PXwtpPwQDC7mgaLs5qOFiK9wIYNYjV5jPYfQjqnzbdM0LR7kzo5jbV44FiW5MaHY8AzDsphslda3bfw0ihiLEmc96BvVe2UDXk7el"}],"group":"cf-nel","max_age":604800}', 'NEL': '{"success_fraction":0,"report_to":"cf-nel","max_age":604800}', 'Server': 'cloudflare', 'CF-RAY': '874220c3ca916799-SJC', 'alt-svc': 'h3=":443"; ma=86400'} 
 body={"results":[{"gender":"female","name":{"title":"Miss","first":"Lyudmila","last":"Malyarenko"},"location":{"street":{"number":1808,"name":"Truhanivska"},"city":"Boyarka","state":"Zaporizka","country":"Ukraine","postcode":18654,"coordinates":{"latitude":"73.9413","longitude":"81.4986"},"timezone":{"offset":"+8:00","description":"Beijing, Perth, Singapore, Hong Kong"}},"email":"lyudmila.malyarenko@example.com","login":{"uuid":"781d2e14-10b4-404e-a045-2f80f9790117","username":"goldendog958","password":"creation","salt":"bRrbs6yb","md5":"b89949905f20d47e0a82b9e6f8891b35","sha1":"0b9a4a03edccbf5d6c12904c39b17eed4ad2f353","sha256":"9786e2e7d5f210e6ed0b82fa4fe19007f96fa725fb5511f2738b0d0c854ae95e"},"dob":{"date":"1976-01-27T19:52:47.845Z","age":48},"registered":{"date":"2003-01-11T14:21:43.406Z","age":21},"phone":"(097) M60-1143","cell":"(068) V40-1605","id":{"name":"","value":null},"picture":{"large":"https://randomuser.me/api/portraits/women/93.jpg","medium":"https://randomuser.me/api/portraits/med/women/93.jpg","thumbnail":"https://randomuser.me/api/portraits/thumb/women/93.jpg"},"nat":"UA"}],"info":{"seed":"62aecf395a927ff5","results":1,"page":1,"version":"1.4"}} 
 </msg>
<msg time="2024-04-14T07:54:27.894499" level="INFO">/opt/hostedtoolcache/Python/3.12.2/x64/lib/python3.12/site-packages/urllib3/connectionpool.py:1103: InsecureRequestWarning: Unverified HTTPS request is being made to host 'randomuser.me'. Adding certificate verification is strongly advised. See: https://urllib3.readthedocs.io/en/latest/advanced-usage.html#tls-warnings
  warnings.warn(</msg>
<msg time="2024-04-14T07:54:27.894606" level="INFO">${response} = &lt;Response [200]&gt;</msg>
<var>${response}</var>
<arg>consultarAPI</arg>
<arg>/api</arg>
<doc>Sends a GET request on a previously created HTTP Session.</doc>
<status status="PASS" start="2024-04-14T07:54:27.808813" elapsed="0.085834"/>
</kw>
<kw name="Set Variable" owner="BuiltIn">
<msg time="2024-04-14T07:54:27.895512" level="INFO">${json_data} = {'results': [{'gender': 'female', 'name': {'title': 'Miss', 'first': 'Lyudmila', 'last': 'Malyarenko'}, 'location': {'street': {'number': 1808, 'name': 'Truhanivska'}, 'city': 'Boyarka', 'state': 'Zap...</msg>
<var>${json_data}</var>
<arg>${response.json()}</arg>
<doc>Returns the given values which can then be assigned to a variables.</doc>
<status status="PASS" start="2024-04-14T07:54:27.895073" elapsed="0.000468"/>
</kw>
<kw name="Log" owner="BuiltIn">
<msg time="2024-04-14T07:54:27.895996" level="INFO">{'results': [{'gender': 'female', 'name': {'title': 'Miss', 'first': 'Lyudmila', 'last': 'Malyarenko'}, 'location': {'street': {'number': 1808, 'name': 'Truhanivska'}, 'city': 'Boyarka', 'state': 'Zaporizka', 'country': 'Ukraine', 'postcode': 18654, 'coordinates': {'latitude': '73.9413', 'longitude': '81.4986'}, 'timezone': {'offset': '+8:00', 'description': 'Beijing, Perth, Singapore, Hong Kong'}}, 'email': 'lyudmila.malyarenko@example.com', 'login': {'uuid': '781d2e14-10b4-404e-a045-2f80f9790117', 'username': 'goldendog958', 'password': 'creation', 'salt': 'bRrbs6yb', 'md5': 'b89949905f20d47e0a82b9e6f8891b35', 'sha1': '0b9a4a03edccbf5d6c12904c39b17eed4ad2f353', 'sha256': '9786e2e7d5f210e6ed0b82fa4fe19007f96fa725fb5511f2738b0d0c854ae95e'}, 'dob': {'date': '1976-01-27T19:52:47.845Z', 'age': 48}, 'registered': {'date': '2003-01-11T14:21:43.406Z', 'age': 21}, 'phone': '(097) M60-1143', 'cell': '(068) V40-1605', 'id': {'name': '', 'value': None}, 'picture': {'large': 'https://randomuser.me/api/portraits/women/93.jpg', 'medium': 'https://randomuser.me/api/portraits/med/women/93.jpg', 'thumbnail': 'https://randomuser.me/api/portraits/thumb/women/93.jpg'}, 'nat': 'UA'}], 'info': {'seed': '62aecf395a927ff5', 'results': 1, 'page': 1, 'version': '1.4'}}</msg>
<arg>${json_data}</arg>
<doc>Logs the given message with the given level.</doc>
<status status="PASS" start="2024-04-14T07:54:27.895842" elapsed="0.000232"/>
</kw>
<kw name="Should Be String" owner="String">
<arg>${json_data['results'][0]['gender']}</arg>
<doc>Fails if the given ``item`` is not a string.</doc>
<status status="PASS" start="2024-04-14T07:54:27.896374" elapsed="0.000360"/>
</kw>
<kw name="Should Match Regexp" owner="BuiltIn">
<arg>${json_data['results'][0]['email']}</arg>
<arg>^[a-zA-Z0-9._%+-]+@[a-zA-Z0-9.-]+\.[a-zA-Z]{2,}$</arg>
<doc>Fails if ``string`` does not match ``pattern`` as a regular expression.</doc>
<status status="PASS" start="2024-04-14T07:54:27.896927" elapsed="0.000509"/>
</kw>
<kw name="Should Match Regexp" owner="BuiltIn">
<arg>${json_data['results'][0]['dob']['date']}</arg>
<arg>\\d{4}-\\d{2}-\\d{2}T\\d{2}:\\d{2}:\\d{2}\\.\\d{3}Z</arg>
<doc>Fails if ``string`` does not match ``pattern`` as a regular expression.</doc>
<status status="PASS" start="2024-04-14T07:54:27.897631" elapsed="0.000489"/>
</kw>
<kw name="Should Match Regexp" owner="BuiltIn">
<arg>${json_data['results'][0]['registered']['date']}</arg>
<arg>\\d{4}-\\d{2}-\\d{2}T\\d{2}:\\d{2}:\\d{2}\\.\\d{3}Z</arg>
<doc>Fails if ``string`` does not match ``pattern`` as a regular expression.</doc>
<status status="PASS" start="2024-04-14T07:54:27.898317" elapsed="0.000398"/>
</kw>
<kw name="Should Match Regexp" owner="BuiltIn">
<arg>${json_data['results'][0]['picture']['large']}</arg>
<arg>^https?://.*\.(?:png|jpe?g|gif|bmp)$</arg>
<doc>Fails if ``string`` does not match ``pattern`` as a regular expression.</doc>
<status status="PASS" start="2024-04-14T07:54:27.898917" elapsed="0.000461"/>
</kw>
<kw name="Should Match Regexp" owner="BuiltIn">
<arg>${json_data['results'][0]['picture']['medium']}</arg>
<arg>^https?://.*\.(?:png|jpe?g|gif|bmp)$</arg>
<doc>Fails if ``string`` does not match ``pattern`` as a regular expression.</doc>
<status status="PASS" start="2024-04-14T07:54:27.899568" elapsed="0.000354"/>
</kw>
<kw name="Should Match Regexp" owner="BuiltIn">
<arg>${json_data['results'][0]['picture']['thumbnail']}</arg>
<arg>^https?://.*\.(?:png|jpe?g|gif|bmp)$</arg>
<doc>Fails if ``string`` does not match ``pattern`` as a regular expression.</doc>
<status status="PASS" start="2024-04-14T07:54:27.900107" elapsed="0.000355"/>
</kw>
<kw name="Log" owner="BuiltIn">
<msg time="2024-04-14T07:54:27.900968" level="INFO">{'large': 'https://randomuser.me/api/portraits/women/93.jpg', 'medium': 'https://randomuser.me/api/portraits/med/women/93.jpg', 'thumbnail': 'https://randomuser.me/api/portraits/thumb/women/93.jpg'}</msg>
<arg>${json_data['results'][0]['picture']}</arg>
<doc>Logs the given message with the given level.</doc>
<status status="PASS" start="2024-04-14T07:54:27.900642" elapsed="0.000367"/>
</kw>
<status status="PASS" start="2024-04-14T07:54:27.808592" elapsed="0.092668"/>
</kw>
<kw name="Teste de Tipos de Dados - Postcode" owner="random-user-service">
<kw name="GET On Session" owner="RequestsLibrary">
<msg time="2024-04-14T07:54:27.999126" level="INFO">GET Request : url=https://randomuser.me/api 
 path_url=/api 
 headers={'User-Agent': 'python-requests/2.31.0', 'Accept-Encoding': 'gzip, deflate', 'Accept': '*/*', 'Connection': 'keep-alive'} 
 body=None 
 </msg>
<msg time="2024-04-14T07:54:27.999201" level="INFO">GET Response : url=https://randomuser.me/api 
 status=200, reason=OK 
 headers={'Date': 'Sun, 14 Apr 2024 07:54:27 GMT', 'Content-Type': 'application/json; charset=utf-8', 'Transfer-Encoding': 'chunked', 'Connection': 'keep-alive', 'X-Powered-By': 'Express', 'Access-Control-Allow-Origin': '*', 'Cache-Control': 'no-cache', 'ETag': 'W/"485-P/k/2xoqWIkmaqCnf9JaI07cYRs"', 'Vary': 'Accept-Encoding', 'Content-Encoding': 'gzip', 'CF-Cache-Status': 'DYNAMIC', 'Report-To': '{"endpoints":[{"url":"https:\\/\\/a.nel.cloudflare.com\\/report\\/v4?s=Yw16gjR%2Btx6UAtwICIn37NiJs7OSxn6CWJwEFOc08lVQr0XKYtJCiaPLAwp%2FPNsUIPwPA1iD%2BlHN8IITGgkUCE4CItBYufYHivzpVv3qcBU0L2rsWHu1rFE6Tm0N6I2q"}],"group":"cf-nel","max_age":604800}', 'NEL': '{"success_fraction":0,"report_to":"cf-nel","max_age":604800}', 'Server': 'cloudflare', 'CF-RAY': '874220c46b336799-SJC', 'alt-svc': 'h3=":443"; ma=86400'} 
 body={"results":[{"gender":"female","name":{"title":"Mrs","first":"Harita","last":"Ambickiy"},"location":{"street":{"number":2002,"name":"Zemska"},"city":"Perechin","state":"Zakarpatska","country":"Ukraine","postcode":73280,"coordinates":{"latitude":"80.6305","longitude":"55.1532"},"timezone":{"offset":"+6:00","description":"Almaty, Dhaka, Colombo"}},"email":"harita.ambickiy@example.com","login":{"uuid":"f09c35a4-b3da-4e8a-a550-9f42b2802130","username":"beautifulmeercat999","password":"felix1","salt":"n1N5GP3v","md5":"7131d70d0edb4f510c5373ebb53c3f85","sha1":"282cc737f3924f514940e34d7baead1d978aa984","sha256":"fc83b641f9516193020bdac15c3e2fa33421a16ed6e67c35e6124299da4d85d8"},"dob":{"date":"1959-02-01T20:03:34.474Z","age":65},"registered":{"date":"2005-12-12T02:33:00.921Z","age":18},"phone":"(066) O01-1206","cell":"(067) N61-8417","id":{"name":"","value":null},"picture":{"large":"https://randomuser.me/api/portraits/women/72.jpg","medium":"https://randomuser.me/api/portraits/med/women/72.jpg","thumbnail":"https://randomuser.me/api/portraits/thumb/women/72.jpg"},"nat":"UA"}],"info":{"seed":"fb2178582d5e9a78","results":1,"page":1,"version":"1.4"}} 
 </msg>
<msg time="2024-04-14T07:54:27.999281" level="INFO">/opt/hostedtoolcache/Python/3.12.2/x64/lib/python3.12/site-packages/urllib3/connectionpool.py:1103: InsecureRequestWarning: Unverified HTTPS request is being made to host 'randomuser.me'. Adding certificate verification is strongly advised. See: https://urllib3.readthedocs.io/en/latest/advanced-usage.html#tls-warnings
  warnings.warn(</msg>
<msg time="2024-04-14T07:54:27.999410" level="INFO">${response} = &lt;Response [200]&gt;</msg>
<var>${response}</var>
<arg>consultarAPI</arg>
<arg>/api</arg>
<doc>Sends a GET request on a previously created HTTP Session.</doc>
<status status="PASS" start="2024-04-14T07:54:27.901709" elapsed="0.097752"/>
</kw>
<kw name="Set Variable" owner="BuiltIn">
<msg time="2024-04-14T07:54:28.000284" level="INFO">${json_data} = {'results': [{'gender': 'female', 'name': {'title': 'Mrs', 'first': 'Harita', 'last': 'Ambickiy'}, 'location': {'street': {'number': 2002, 'name': 'Zemska'}, 'city': 'Perechin', 'state': 'Zakarpatska'...</msg>
<var>${json_data}</var>
<arg>${response.json()}</arg>
<doc>Returns the given values which can then be assigned to a variables.</doc>
<status status="PASS" start="2024-04-14T07:54:27.999846" elapsed="0.000466"/>
</kw>
<kw name="Log" owner="BuiltIn">
<msg time="2024-04-14T07:54:28.000766" level="INFO">{'results': [{'gender': 'female', 'name': {'title': 'Mrs', 'first': 'Harita', 'last': 'Ambickiy'}, 'location': {'street': {'number': 2002, 'name': 'Zemska'}, 'city': 'Perechin', 'state': 'Zakarpatska', 'country': 'Ukraine', 'postcode': 73280, 'coordinates': {'latitude': '80.6305', 'longitude': '55.1532'}, 'timezone': {'offset': '+6:00', 'description': 'Almaty, Dhaka, Colombo'}}, 'email': 'harita.ambickiy@example.com', 'login': {'uuid': 'f09c35a4-b3da-4e8a-a550-9f42b2802130', 'username': 'beautifulmeercat999', 'password': 'felix1', 'salt': 'n1N5GP3v', 'md5': '7131d70d0edb4f510c5373ebb53c3f85', 'sha1': '282cc737f3924f514940e34d7baead1d978aa984', 'sha256': 'fc83b641f9516193020bdac15c3e2fa33421a16ed6e67c35e6124299da4d85d8'}, 'dob': {'date': '1959-02-01T20:03:34.474Z', 'age': 65}, 'registered': {'date': '2005-12-12T02:33:00.921Z', 'age': 18}, 'phone': '(066) O01-1206', 'cell': '(067) N61-8417', 'id': {'name': '', 'value': None}, 'picture': {'large': 'https://randomuser.me/api/portraits/women/72.jpg', 'medium': 'https://randomuser.me/api/portraits/med/women/72.jpg', 'thumbnail': 'https://randomuser.me/api/portraits/thumb/women/72.jpg'}, 'nat': 'UA'}], 'info': {'seed': 'fb2178582d5e9a78', 'results': 1, 'page': 1, 'version': '1.4'}}</msg>
<arg>${json_data}</arg>
<doc>Logs the given message with the given level.</doc>
<status status="PASS" start="2024-04-14T07:54:28.000614" elapsed="0.000227"/>
</kw>
<kw name="Should Be Equal As Numbers" owner="BuiltIn">
<arg>${json_data['results'][0]['location']['postcode']}</arg>
<arg>${json_data['results'][0]['location']['postcode']}</arg>
<doc>Fails if objects are unequal after converting them to real numbers.</doc>
<status status="PASS" start="2024-04-14T07:54:28.001137" elapsed="0.000613"/>
</kw>
<kw name="Log" owner="BuiltIn">
<msg time="2024-04-14T07:54:28.002275" level="INFO">73280</msg>
<arg>${json_data['results'][0]['location']['postcode']}</arg>
<doc>Logs the given message with the given level.</doc>
<status status="PASS" start="2024-04-14T07:54:28.001941" elapsed="0.000374"/>
</kw>
<status status="PASS" start="2024-04-14T07:54:27.901482" elapsed="0.101085"/>
</kw>
<doc>Testa se os tipos de dados na resposta da API estão corretos.</doc>
<tag>testeTiposDados</tag>
<status status="PASS" start="2024-04-14T07:54:27.808152" elapsed="0.194603"/>
</test>
<test id="s1-s1-t5" name="Validar conteudo" line="35">
<kw name="Teste de Tipos de Conteudo" owner="random-user-service">
<kw name="GET On Session" owner="RequestsLibrary">
<msg time="2024-04-14T07:54:28.094362" level="INFO">GET Request : url=https://randomuser.me/api 
 path_url=/api 
 headers={'User-Agent': 'python-requests/2.31.0', 'Accept-Encoding': 'gzip, deflate', 'Accept': '*/*', 'Connection': 'keep-alive'} 
 body=None 
 </msg>
<msg time="2024-04-14T07:54:28.094448" level="INFO">GET Response : url=https://randomuser.me/api 
 status=200, reason=OK 
 headers={'Date': 'Sun, 14 Apr 2024 07:54:28 GMT', 'Content-Type': 'application/json; charset=utf-8', 'Transfer-Encoding': 'chunked', 'Connection': 'keep-alive', 'X-Powered-By': 'Express', 'Access-Control-Allow-Origin': '*', 'Cache-Control': 'no-cache', 'ETag': 'W/"49c-7lvXHJ8jad8vpNtFnTxYCiEmUhk"', 'Vary': 'Accept-Encoding', 'Content-Encoding': 'gzip', 'CF-Cache-Status': 'DYNAMIC', 'Report-To': '{"endpoints":[{"url":"https:\\/\\/a.nel.cloudflare.com\\/report\\/v4?s=oX50UWfj5YhLS81HzjNJnHfIcquOB7IQHBw06lDRWRO%2FAEeCtCJN3VasPOIbH7H5m6vW6ZMeUDD9WSN2FU1dpLtpsoj1IV%2BqFi3quDQj3TvPJqcDst8gnQTRtJxtsNrM"}],"group":"cf-nel","max_age":604800}', 'NEL': '{"success_fraction":0,"report_to":"cf-nel","max_age":604800}', 'Server': 'cloudflare', 'CF-RAY': '874220c50b8a6799-SJC', 'alt-svc': 'h3=":443"; ma=86400'} 
 body={"results":[{"gender":"female","name":{"title":"Mrs","first":"Tanya","last":"Vasquez"},"location":{"street":{"number":8432,"name":"Elgin St"},"city":"Duncanville","state":"Wisconsin","country":"United States","postcode":38478,"coordinates":{"latitude":"84.1575","longitude":"85.5275"},"timezone":{"offset":"-3:00","description":"Brazil, Buenos Aires, Georgetown"}},"email":"tanya.vasquez@example.com","login":{"uuid":"eea5d43f-56d3-447d-8f23-482f4837c914","username":"brownelephant602","password":"beezer","salt":"zZlpB2a0","md5":"dfb9892f232f9419f63238bac734f0fb","sha1":"cfda69895e5e43f315058f689fb8d4052c8b030f","sha256":"df0e068d9fd01065724f43617898dc61377cf199a38e9eef8be109f38ec5dbdf"},"dob":{"date":"1954-10-05T17:57:57.964Z","age":69},"registered":{"date":"2022-04-27T00:32:00.519Z","age":1},"phone":"(624) 860-2133","cell":"(720) 286-3293","id":{"name":"SSN","value":"412-86-6430"},"picture":{"large":"https://randomuser.me/api/portraits/women/27.jpg","medium":"https://randomuser.me/api/portraits/med/women/27.jpg","thumbnail":"https://randomuser.me/api/portraits/thumb/women/27.jpg"},"nat":"US"}],"info":{"seed":"11e84214d15bfbbf","results":1,"page":1,"version":"1.4"}} 
 </msg>
<msg time="2024-04-14T07:54:28.094520" level="INFO">/opt/hostedtoolcache/Python/3.12.2/x64/lib/python3.12/site-packages/urllib3/connectionpool.py:1103: InsecureRequestWarning: Unverified HTTPS request is being made to host 'randomuser.me'. Adding certificate verification is strongly advised. See: https://urllib3.readthedocs.io/en/latest/advanced-usage.html#tls-warnings
  warnings.warn(</msg>
<msg time="2024-04-14T07:54:28.094687" level="INFO">${response} = &lt;Response [200]&gt;</msg>
<var>${response}</var>
<arg>consultarAPI</arg>
<arg>/api</arg>
<doc>Sends a GET request on a previously created HTTP Session.</doc>
<status status="PASS" start="2024-04-14T07:54:28.005480" elapsed="0.089266"/>
</kw>
<kw name="Set Variable" owner="BuiltIn">
<msg time="2024-04-14T07:54:28.095577" level="INFO">${json_data} = {'results': [{'gender': 'female', 'name': {'title': 'Mrs', 'first': 'Tanya', 'last': 'Vasquez'}, 'location': {'street': {'number': 8432, 'name': 'Elgin St'}, 'city': 'Duncanville', 'state': 'Wisconsin...</msg>
<var>${json_data}</var>
<arg>${response.json()}</arg>
<doc>Returns the given values which can then be assigned to a variables.</doc>
<status status="PASS" start="2024-04-14T07:54:28.095132" elapsed="0.000472"/>
</kw>
<kw name="Set Variable" owner="BuiltIn">
<msg time="2024-04-14T07:54:28.096290" level="INFO">${name_title} = Mrs</msg>
<var>${name_title}</var>
<arg>${json_data["results"][0]["name"]["title"]}</arg>
<doc>Returns the given values which can then be assigned to a variables.</doc>
<status status="PASS" start="2024-04-14T07:54:28.095909" elapsed="0.000413"/>
</kw>
<kw name="Create List" owner="BuiltIn">
<msg time="2024-04-14T07:54:28.096772" level="INFO">${allowed_titles} = ['Mr', 'Ms', 'Miss', 'Mrs', 'Madame', 'Monsieur']</msg>
<var>${allowed_titles}</var>
<arg>Mr</arg>
<arg>Ms</arg>
<arg>Miss</arg>
<arg>Mrs</arg>
<arg>Madame</arg>
<arg>Monsieur</arg>
<doc>Returns a list containing given items.</doc>
<status status="PASS" start="2024-04-14T07:54:28.096624" elapsed="0.000171"/>
</kw>
<kw name="List Should Contain Value" owner="Collections">
<msg time="2024-04-14T07:54:28.097267" level="INFO">False</msg>
<arg>${allowed_titles}</arg>
<arg>${name_title}</arg>
<doc>Fails if the ``value`` is not found from ``list``.</doc>
<status status="PASS" start="2024-04-14T07:54:28.097095" elapsed="0.000209"/>
</kw>
<kw name="Set Variable" owner="BuiltIn">
<msg time="2024-04-14T07:54:28.097978" level="INFO">${name_country} = US</msg>
<var>${name_country}</var>
<arg>${json_data["results"][0]["nat"]}</arg>
<doc>Returns the given values which can then be assigned to a variables.</doc>
<status status="PASS" start="2024-04-14T07:54:28.097591" elapsed="0.000412"/>
</kw>
<kw name="Create List" owner="BuiltIn">
<msg time="2024-04-14T07:54:28.099104" level="INFO">${list_country} = ['AD', 'AE', 'AF', 'AG', 'AI', 'AL', 'AM', 'AO', 'AQ', 'AR', 'AS', 'AT', 'AU', 'AW', 'AX', 'AZ', 'BA', 'BB', 'BD', 'BE', 'BF', 'BG', 'BH', 'BI', 'BJ', 'BL', 'BM', 'BN', 'BO', 'BQ', 'BR', 'BS', 'BT', '...</msg>
<var>${list_country}</var>
<arg>AD</arg>
<arg>AE</arg>
<arg>AF</arg>
<arg>AG</arg>
<arg>AI</arg>
<arg>AL</arg>
<arg>AM</arg>
<arg>AO</arg>
<arg>AQ</arg>
<arg>AR</arg>
<arg>AS</arg>
<arg>AT</arg>
<arg>AU</arg>
<arg>AW</arg>
<arg>AX</arg>
<arg>AZ</arg>
<arg>BA</arg>
<arg>BB</arg>
<arg>BD</arg>
<arg>BE</arg>
<arg>BF</arg>
<arg>BG</arg>
<arg>BH</arg>
<arg>BI</arg>
<arg>BJ</arg>
<arg>BL</arg>
<arg>BM</arg>
<arg>BN</arg>
<arg>BO</arg>
<arg>BQ</arg>
<arg>BR</arg>
<arg>BS</arg>
<arg>BT</arg>
<arg>BV</arg>
<arg>BW</arg>
<arg>BY</arg>
<arg>BZ</arg>
<arg>CA</arg>
<arg>CC</arg>
<arg>CD</arg>
<arg>CF</arg>
<arg>CG</arg>
<arg>CH</arg>
<arg>CI</arg>
<arg>CK</arg>
<arg>CL</arg>
<arg>CM</arg>
<arg>CN</arg>
<arg>CO</arg>
<arg>CR</arg>
<arg>CU</arg>
<arg>CV</arg>
<arg>CW</arg>
<arg>CX</arg>
<arg>CY</arg>
<arg>CZ</arg>
<arg>DE</arg>
<arg>DJ</arg>
<arg>DK</arg>
<arg>DM</arg>
<arg>DO</arg>
<arg>DZ</arg>
<arg>EC</arg>
<arg>EE</arg>
<arg>EG</arg>
<arg>EH</arg>
<arg>ER</arg>
<arg>ES</arg>
<arg>ET</arg>
<arg>FI</arg>
<arg>FJ</arg>
<arg>FK</arg>
<arg>FM</arg>
<arg>FO</arg>
<arg>FR</arg>
<arg>GA</arg>
<arg>GB</arg>
<arg>GD</arg>
<arg>GE</arg>
<arg>GF</arg>
<arg>GG</arg>
<arg>GH</arg>
<arg>GI</arg>
<arg>GL</arg>
<arg>GM</arg>
<arg>GN</arg>
<arg>GP</arg>
<arg>GQ</arg>
<arg>GR</arg>
<arg>GS</arg>
<arg>GT</arg>
<arg>GU</arg>
<arg>GW</arg>
<arg>GY</arg>
<arg>HK</arg>
<arg>HM</arg>
<arg>HN</arg>
<arg>HR</arg>
<arg>HT</arg>
<arg>HU</arg>
<arg>ID</arg>
<arg>IE</arg>
<arg>IL</arg>
<arg>IM</arg>
<arg>IN</arg>
<arg>IO</arg>
<arg>IQ</arg>
<arg>IR</arg>
<arg>IS</arg>
<arg>IT</arg>
<arg>JE</arg>
<arg>JM</arg>
<arg>JO</arg>
<arg>JP</arg>
<arg>KE</arg>
<arg>KG</arg>
<arg>KH</arg>
<arg>KI</arg>
<arg>KM</arg>
<arg>KN</arg>
<arg>KP</arg>
<arg>KR</arg>
<arg>KW</arg>
<arg>KY</arg>
<arg>KZ</arg>
<arg>LA</arg>
<arg>LB</arg>
<arg>LC</arg>
<arg>LI</arg>
<arg>LK</arg>
<arg>LR</arg>
<arg>LS</arg>
<arg>LT</arg>
<arg>LU</arg>
<arg>LV</arg>
<arg>LY</arg>
<arg>MA</arg>
<arg>MC</arg>
<arg>MD</arg>
<arg>ME</arg>
<arg>MF</arg>
<arg>MG</arg>
<arg>MH</arg>
<arg>MK</arg>
<arg>ML</arg>
<arg>MM</arg>
<arg>MN</arg>
<arg>MO</arg>
<arg>MP</arg>
<arg>MQ</arg>
<arg>MR</arg>
<arg>MS</arg>
<arg>MT</arg>
<arg>MU</arg>
<arg>MV</arg>
<arg>MW</arg>
<arg>MX</arg>
<arg>MY</arg>
<arg>MZ</arg>
<arg>NA</arg>
<arg>NC</arg>
<arg>NE</arg>
<arg>NF</arg>
<arg>NG</arg>
<arg>NI</arg>
<arg>NL</arg>
<arg>NO</arg>
<arg>NP</arg>
<arg>NR</arg>
<arg>NU</arg>
<arg>NZ</arg>
<arg>OM</arg>
<arg>PA</arg>
<arg>PE</arg>
<arg>PF</arg>
<arg>PG</arg>
<arg>PH</arg>
<arg>PK</arg>
<arg>PL</arg>
<arg>PM</arg>
<arg>PN</arg>
<arg>PR</arg>
<arg>PS</arg>
<arg>PT</arg>
<arg>PW</arg>
<arg>PY</arg>
<arg>QA</arg>
<arg>RE</arg>
<arg>RO</arg>
<arg>RS</arg>
<arg>RU</arg>
<arg>RW</arg>
<arg>SA</arg>
<arg>SB</arg>
<arg>SC</arg>
<arg>SD</arg>
<arg>SE</arg>
<arg>SG</arg>
<arg>SH</arg>
<arg>SI</arg>
<arg>SJ</arg>
<arg>SK</arg>
<arg>SL</arg>
<arg>SM</arg>
<arg>SN</arg>
<arg>SO</arg>
<arg>SR</arg>
<arg>SS</arg>
<arg>ST</arg>
<arg>SV</arg>
<arg>SX</arg>
<arg>SY</arg>
<arg>SZ</arg>
<arg>TC</arg>
<arg>TD</arg>
<arg>TF</arg>
<arg>TG</arg>
<arg>TH</arg>
<arg>TJ</arg>
<arg>TK</arg>
<arg>TL</arg>
<arg>TM</arg>
<arg>TN</arg>
<arg>TO</arg>
<arg>TR</arg>
<arg>TT</arg>
<arg>TV</arg>
<arg>TW</arg>
<arg>TZ</arg>
<arg>UA</arg>
<arg>UG</arg>
<arg>UM</arg>
<arg>US</arg>
<arg>UY</arg>
<arg>UZ</arg>
<arg>VA</arg>
<arg>VC</arg>
<arg>VE</arg>
<arg>VG</arg>
<arg>VI</arg>
<arg>VN</arg>
<arg>VU</arg>
<arg>WF</arg>
<arg>WS</arg>
<arg>XK</arg>
<arg>YE</arg>
<arg>YT</arg>
<arg>ZA</arg>
<arg>ZM</arg>
<arg>ZW</arg>
<doc>Returns a list containing given items.</doc>
<status status="PASS" start="2024-04-14T07:54:28.098348" elapsed="0.000795"/>
</kw>
<kw name="List Should Contain Value" owner="Collections">
<msg time="2024-04-14T07:54:28.100324" level="INFO">False</msg>
<arg>${list_country}</arg>
<arg>${name_country}</arg>
<doc>Fails if the ``value`` is not found from ``list``.</doc>
<status status="PASS" start="2024-04-14T07:54:28.100081" elapsed="0.000295"/>
</kw>
<kw name="Run Keyword If" owner="BuiltIn">
<kw name="Should Be True" owner="BuiltIn">
<arg>${True}</arg>
<doc>Fails if the given condition is not true.</doc>
<status status="PASS" start="2024-04-14T07:54:28.101711" elapsed="0.000147"/>
</kw>
<arg>${json_data["results"][0]["location"]["coordinates"]["latitude"]} &gt;= -90 and ${json_data["results"][0]["location"]["coordinates"]["latitude"]} &lt;= 90</arg>
<arg>Should Be True</arg>
<arg>${True}</arg>
<doc>Runs the given keyword with the given arguments, if ``condition`` is true.</doc>
<status status="PASS" start="2024-04-14T07:54:28.100750" elapsed="0.001239"/>
</kw>
<kw name="Run Keyword If" owner="BuiltIn">
<kw name="Should Be True" owner="BuiltIn">
<arg>${True}</arg>
<doc>Fails if the given condition is not true.</doc>
<status status="PASS" start="2024-04-14T07:54:28.102927" elapsed="0.000141"/>
</kw>
<arg>${json_data["results"][0]["location"]["coordinates"]["longitude"]} &gt;= -180 and ${json_data["results"][0]["location"]["coordinates"]["longitude"]} &lt;= 180</arg>
<arg>Should Be True</arg>
<arg>${True}</arg>
<doc>Runs the given keyword with the given arguments, if ``condition`` is true.</doc>
<status status="PASS" start="2024-04-14T07:54:28.102176" elapsed="0.001019"/>
</kw>
<status status="PASS" start="2024-04-14T07:54:28.005111" elapsed="0.098219"/>
</kw>
<doc>Testa o conteúdo específico dos campos retornados pela API.</doc>
<tag>testeConteudo</tag>
<status status="PASS" start="2024-04-14T07:54:28.004471" elapsed="0.099004"/>
</test>
<status status="PASS" start="2024-04-14T07:54:27.122755" elapsed="0.982581"/>
</suite>
<status status="PASS" start="2024-04-14T07:54:27.109007" elapsed="1.001563"/>
</suite>
<statistics>
<total>
<stat pass="5" fail="0" skip="0">All Tests</stat>
</total>
<tag>
<stat pass="1" fail="0" skip="0">testeConteudo</stat>
<stat pass="1" fail="0" skip="0">testeEstruturaResposta</stat>
<stat pass="1" fail="0" skip="0">testeRequisicaoBasica</stat>
<stat pass="1" fail="0" skip="0">testeTiposDados</stat>
</tag>
<suite>
<stat pass="5" fail="0" skip="0" id="s1" name="Tests">Tests</stat>
<stat pass="5" fail="0" skip="0" id="s1-s1" name="Random-User-Test">Tests.Random-User-Test</stat>
</suite>
</statistics>
<errors>
</errors>
</robot>
