<?xml version="1.0" encoding="UTF-8"?>
<robot generator="Robot 7.0 (Python 3.12.2 on linux)" generated="2024-04-08T17:13:51.252553" rpa="false" schemaversion="5">
<suite id="s1" name="Tests" source="/home/runner/work/DesafioQAItauRogerioJordao/DesafioQAItauRogerioJordao/RamdonUser/tests">
<suite id="s1-s1" name="Random-User-Test" source="/home/runner/work/DesafioQAItauRogerioJordao/DesafioQAItauRogerioJordao/RamdonUser/tests/random-user-test.robot">
<test id="s1-s1-t1" name="Conectar" line="13">
<kw name="Conectar API" owner="random-user-service">
<kw name="Create Session" owner="RequestsLibrary">
<msg time="2024-04-08T17:13:51.619659" level="INFO">Creating Session using : alias=consultarAPI, url=https://randomuser.me/, headers={},                     cookies={}, auth=None, timeout=None, proxies=None, verify=False,                     debug=0 </msg>
<arg>consultarAPI</arg>
<arg>${URL}</arg>
<doc>Create Session: create a HTTP session to a server</doc>
<status status="PASS" start="2024-04-08T17:13:51.619459" elapsed="0.000383"/>
</kw>
<status status="PASS" start="2024-04-08T17:13:51.618405" elapsed="0.001803"/>
</kw>
<status status="PASS" start="2024-04-08T17:13:51.617783" elapsed="0.002631"/>
</test>
<test id="s1-s1-t2" name="Validar retorno 200 e JSON Válido" line="16">
<kw name="Teste de Requisicao Basica" owner="random-user-service">
<kw name="GET On Session" owner="RequestsLibrary">
<msg time="2024-04-08T17:13:51.788989" level="INFO">GET Request : url=https://randomuser.me/api 
 path_url=/api 
 headers={'User-Agent': 'python-requests/2.31.0', 'Accept-Encoding': 'gzip, deflate', 'Accept': '*/*', 'Connection': 'keep-alive'} 
 body=None 
 </msg>
<msg time="2024-04-08T17:13:51.789176" level="INFO">GET Response : url=https://randomuser.me/api 
 status=200, reason=OK 
 headers={'Date': 'Mon, 08 Apr 2024 17:13:51 GMT', 'Content-Type': 'application/json; charset=utf-8', 'Transfer-Encoding': 'chunked', 'Connection': 'keep-alive', 'X-Powered-By': 'Express', 'Access-Control-Allow-Origin': '*', 'Cache-Control': 'no-cache', 'ETag': 'W/"4a3-V2iQXhGtOcJ+fFvDEs5fZOriCcg"', 'Vary': 'Accept-Encoding', 'Content-Encoding': 'gzip', 'CF-Cache-Status': 'DYNAMIC', 'Report-To': '{"endpoints":[{"url":"https:\\/\\/a.nel.cloudflare.com\\/report\\/v4?s=3U9xX8QD2njJvQr5DKcw2zDzX8P52uTfZoPfMgIIXNpIU%2FpftSeUn%2FYkz5zL29%2BH%2BjsXIsC2ZbXCwjt9tC7%2BdKhZyeACsGoH2WmzzWa8aA3GU7Xtv%2BMow%2FuOjwAt5V9D"}],"group":"cf-nel","max_age":604800}', 'NEL': '{"success_fraction":0,"report_to":"cf-nel","max_age":604800}', 'Server': 'cloudflare', 'CF-RAY': '8713e3f20b3a0fb9-LAX', 'alt-svc': 'h3=":443"; ma=86400'} 
 body={"results":[{"gender":"male","name":{"title":"Mr","first":"محمدعلی","last":"حسینی"},"location":{"street":{"number":1479,"name":"شهید گلپایگانی"},"city":"اردبیل","state":"تهران","country":"Iran","postcode":82664,"coordinates":{"latitude":"17.5465","longitude":"-43.3335"},"timezone":{"offset":"-6:00","description":"Central Time (US &amp; Canada), Mexico City"}},"email":"mhmdaaly.hsyny@example.com","login":{"uuid":"c132803c-5511-4995-9861-3e51cce42829","username":"happybutterfly276","password":"light","salt":"uvehMJv2","md5":"bb1c24ed601f71c22540b5f49d1e17a7","sha1":"e452a07c96d3232ec1dd4a75982f563703ebbb7f","sha256":"642114e7f7fbfcbf874c6193105cda15c77a9107a46ad65c08521463225a7f9c"},"dob":{"date":"1996-04-20T14:00:49.471Z","age":27},"registered":{"date":"2009-09-19T11:46:14.627Z","age":14},"phone":"077-93151684","cell":"0952-157-1419","id":{"name":"","value":null},"picture":{"large":"https://randomuser.me/api/portraits/men/9.jpg","medium":"https://randomuser.me/api/portraits/med/men/9.jpg","thumbnail":"https://randomuser.me/api/portraits/thumb/men/9.jpg"},"nat":"IR"}],"info":{"seed":"68ab2a41c2891b19","results":1,"page":1,"version":"1.4"}} 
 </msg>
<msg time="2024-04-08T17:13:51.789283" level="INFO">/opt/hostedtoolcache/Python/3.12.2/x64/lib/python3.12/site-packages/urllib3/connectionpool.py:1103: InsecureRequestWarning: Unverified HTTPS request is being made to host 'randomuser.me'. Adding certificate verification is strongly advised. See: https://urllib3.readthedocs.io/en/latest/advanced-usage.html#tls-warnings
  warnings.warn(</msg>
<msg time="2024-04-08T17:13:51.789456" level="INFO">${response} = &lt;Response [200]&gt;</msg>
<var>${response}</var>
<arg>consultarAPI</arg>
<arg>/api</arg>
<doc>Sends a GET request on a previously created HTTP Session.</doc>
<status status="PASS" start="2024-04-08T17:13:51.623093" elapsed="0.166404"/>
</kw>
<kw name="Should Be Equal As Numbers" owner="BuiltIn">
<msg time="2024-04-08T17:13:51.790699" level="INFO">Argument types are:
&lt;class 'int'&gt;
&lt;class 'str'&gt;</msg>
<arg>${response.status_code}</arg>
<arg>200</arg>
<doc>Fails if objects are unequal after converting them to real numbers.</doc>
<status status="PASS" start="2024-04-08T17:13:51.790199" elapsed="0.000567"/>
</kw>
<kw name="Log" owner="BuiltIn">
<msg time="2024-04-08T17:13:51.791462" level="INFO">200</msg>
<arg>${response.status_code}</arg>
<doc>Logs the given message with the given level.</doc>
<status status="PASS" start="2024-04-08T17:13:51.791099" elapsed="0.000406"/>
</kw>
<kw name="Set Variable" owner="BuiltIn">
<msg time="2024-04-08T17:13:51.792291" level="INFO">${json_data} = {'results': [{'gender': 'male', 'name': {'title': 'Mr', 'first': 'محمدعلی', 'last': 'حسینی'}, 'location': {'street': {'number': 1479, 'name': 'شهید گلپایگانی'}, 'city': 'اردبیل', 'state': 'تهران', 'co...</msg>
<var>${json_data}</var>
<arg>${response.json()}</arg>
<doc>Returns the given values which can then be assigned to a variables.</doc>
<status status="PASS" start="2024-04-08T17:13:51.791834" elapsed="0.000488"/>
</kw>
<kw name="Dictionary Should Contain Key" owner="Collections">
<msg time="2024-04-08T17:13:51.792801" level="INFO">False</msg>
<arg>${json_data}</arg>
<arg>results</arg>
<doc>Fails if ``key`` is not found from ``dictionary``.</doc>
<status status="PASS" start="2024-04-08T17:13:51.792630" elapsed="0.000210"/>
</kw>
<status status="PASS" start="2024-04-08T17:13:51.622844" elapsed="0.170288"/>
</kw>
<doc>Testa se a API responde corretamente e retorna um objeto JSON válido.</doc>
<tag>testeRequisicaoBasica</tag>
<status status="PASS" start="2024-04-08T17:13:51.622288" elapsed="0.171038"/>
</test>
<test id="s1-s1-t3" name="Validar estrutura de resposta" line="22">
<kw name="Teste de Estrutura de Resposta" owner="random-user-service">
<kw name="GET On Session" owner="RequestsLibrary">
<msg time="2024-04-08T17:13:51.902616" level="INFO">GET Request : url=https://randomuser.me/api 
 path_url=/api 
 headers={'User-Agent': 'python-requests/2.31.0', 'Accept-Encoding': 'gzip, deflate', 'Accept': '*/*', 'Connection': 'keep-alive'} 
 body=None 
 </msg>
<msg time="2024-04-08T17:13:51.902720" level="INFO">GET Response : url=https://randomuser.me/api 
 status=200, reason=OK 
 headers={'Date': 'Mon, 08 Apr 2024 17:13:51 GMT', 'Content-Type': 'application/json; charset=utf-8', 'Transfer-Encoding': 'chunked', 'Connection': 'keep-alive', 'X-Powered-By': 'Express', 'Access-Control-Allow-Origin': '*', 'Cache-Control': 'no-cache', 'ETag': 'W/"472-RLRvbFeJ9sAWwichWt6kXbKKJZ4"', 'Vary': 'Accept-Encoding', 'Content-Encoding': 'gzip', 'CF-Cache-Status': 'DYNAMIC', 'Report-To': '{"endpoints":[{"url":"https:\\/\\/a.nel.cloudflare.com\\/report\\/v4?s=G4MIkVzK0tyJuI7Xc4FOXKtzgilHtzJWWSMuWxBX1ryz%2FypKq56AdIvLoiN7YxYCU4bb%2FisPIQcFYfvk%2F7j747fW3psPyUlP9FdUnX4o2T9alGwBtzqBIqbzC8N0uSab"}],"group":"cf-nel","max_age":604800}', 'NEL': '{"success_fraction":0,"report_to":"cf-nel","max_age":604800}', 'Server': 'cloudflare', 'CF-RAY': '8713e3f2ccaf0fb9-LAX', 'alt-svc': 'h3=":443"; ma=86400'} 
 body={"results":[{"gender":"female","name":{"title":"Mrs","first":"Latife","last":"Çapanoğlu"},"location":{"street":{"number":7697,"name":"Bağdat Cd"},"city":"Bayburt","state":"Trabzon","country":"Turkey","postcode":76029,"coordinates":{"latitude":"71.3834","longitude":"62.1694"},"timezone":{"offset":"+4:30","description":"Kabul"}},"email":"latife.capanoglu@example.com","login":{"uuid":"9e7acddc-bed6-429e-b32d-b308f7250057","username":"ticklishpanda286","password":"brady","salt":"4ZykL4mm","md5":"d78c0aafeabc7e5921fe731ab24b981a","sha1":"bf2fae46d86defa5cc3d44e662a22134d81c3d8a","sha256":"ed0d7687840fa7c0c6a40da9fc81959740c04f283edfa8306b28aa8233205262"},"dob":{"date":"1944-09-20T04:02:40.914Z","age":79},"registered":{"date":"2012-06-09T06:53:18.157Z","age":11},"phone":"(413)-003-4752","cell":"(517)-562-8828","id":{"name":"","value":null},"picture":{"large":"https://randomuser.me/api/portraits/women/94.jpg","medium":"https://randomuser.me/api/portraits/med/women/94.jpg","thumbnail":"https://randomuser.me/api/portraits/thumb/women/94.jpg"},"nat":"TR"}],"info":{"seed":"4d87d14ba306b894","results":1,"page":1,"version":"1.4"}} 
 </msg>
<msg time="2024-04-08T17:13:51.902882" level="INFO">/opt/hostedtoolcache/Python/3.12.2/x64/lib/python3.12/site-packages/urllib3/connectionpool.py:1103: InsecureRequestWarning: Unverified HTTPS request is being made to host 'randomuser.me'. Adding certificate verification is strongly advised. See: https://urllib3.readthedocs.io/en/latest/advanced-usage.html#tls-warnings
  warnings.warn(</msg>
<msg time="2024-04-08T17:13:51.903031" level="INFO">${response} = &lt;Response [200]&gt;</msg>
<var>${response}</var>
<arg>consultarAPI</arg>
<arg>/api</arg>
<doc>Sends a GET request on a previously created HTTP Session.</doc>
<status status="PASS" start="2024-04-08T17:13:51.796238" elapsed="0.106849"/>
</kw>
<kw name="Set Variable" owner="BuiltIn">
<msg time="2024-04-08T17:13:51.904264" level="INFO">${json_data} = {'results': [{'gender': 'female', 'name': {'title': 'Mrs', 'first': 'Latife', 'last': 'Çapanoğlu'}, 'location': {'street': {'number': 7697, 'name': 'Bağdat Cd'}, 'city': 'Bayburt', 'state': 'Trabzon',...</msg>
<var>${json_data}</var>
<arg>${response.json()}</arg>
<doc>Returns the given values which can then be assigned to a variables.</doc>
<status status="PASS" start="2024-04-08T17:13:51.903679" elapsed="0.000617"/>
</kw>
<kw name="Log" owner="BuiltIn">
<msg time="2024-04-08T17:13:51.904790" level="INFO">{'results': [{'gender': 'female', 'name': {'title': 'Mrs', 'first': 'Latife', 'last': 'Çapanoğlu'}, 'location': {'street': {'number': 7697, 'name': 'Bağdat Cd'}, 'city': 'Bayburt', 'state': 'Trabzon', 'country': 'Turkey', 'postcode': 76029, 'coordinates': {'latitude': '71.3834', 'longitude': '62.1694'}, 'timezone': {'offset': '+4:30', 'description': 'Kabul'}}, 'email': 'latife.capanoglu@example.com', 'login': {'uuid': '9e7acddc-bed6-429e-b32d-b308f7250057', 'username': 'ticklishpanda286', 'password': 'brady', 'salt': '4ZykL4mm', 'md5': 'd78c0aafeabc7e5921fe731ab24b981a', 'sha1': 'bf2fae46d86defa5cc3d44e662a22134d81c3d8a', 'sha256': 'ed0d7687840fa7c0c6a40da9fc81959740c04f283edfa8306b28aa8233205262'}, 'dob': {'date': '1944-09-20T04:02:40.914Z', 'age': 79}, 'registered': {'date': '2012-06-09T06:53:18.157Z', 'age': 11}, 'phone': '(413)-003-4752', 'cell': '(517)-562-8828', 'id': {'name': '', 'value': None}, 'picture': {'large': 'https://randomuser.me/api/portraits/women/94.jpg', 'medium': 'https://randomuser.me/api/portraits/med/women/94.jpg', 'thumbnail': 'https://randomuser.me/api/portraits/thumb/women/94.jpg'}, 'nat': 'TR'}], 'info': {'seed': '4d87d14ba306b894', 'results': 1, 'page': 1, 'version': '1.4'}}</msg>
<arg>${json_data}</arg>
<doc>Logs the given message with the given level.</doc>
<status status="PASS" start="2024-04-08T17:13:51.904616" elapsed="0.000226"/>
</kw>
<kw name="Dictionary Should Contain Key" owner="Collections">
<msg time="2024-04-08T17:13:51.905349" level="INFO">False</msg>
<arg>${json_data}</arg>
<arg>results</arg>
<doc>Fails if ``key`` is not found from ``dictionary``.</doc>
<status status="PASS" start="2024-04-08T17:13:51.905191" elapsed="0.000195"/>
</kw>
<kw name="Should Not Be Empty" owner="BuiltIn">
<msg time="2024-04-08T17:13:51.905816" level="INFO">Length is 2.</msg>
<arg>${json_data}</arg>
<doc>Verifies that the given item is not empty.</doc>
<status status="PASS" start="2024-04-08T17:13:51.905682" elapsed="0.000173"/>
</kw>
<kw name="Create List" owner="BuiltIn">
<msg time="2024-04-08T17:13:51.906300" level="INFO">${expected_keys} = ['gender', 'name', 'location', 'email', 'login']</msg>
<var>${expected_keys}</var>
<arg>gender</arg>
<arg>name</arg>
<arg>location</arg>
<arg>email</arg>
<arg>login</arg>
<doc>Returns a list containing given items.</doc>
<status status="PASS" start="2024-04-08T17:13:51.906149" elapsed="0.000176"/>
</kw>
<for flavor="IN">
<iter>
<kw name="Dictionary Should Contain Key" owner="Collections">
<msg time="2024-04-08T17:13:51.907332" level="INFO">False</msg>
<arg>${json_data['results'][0]}</arg>
<arg>${key}</arg>
<doc>Fails if ``key`` is not found from ``dictionary``.</doc>
<status status="PASS" start="2024-04-08T17:13:51.906917" elapsed="0.000456"/>
</kw>
<kw name="Log" owner="BuiltIn">
<msg time="2024-04-08T17:13:51.908058" level="INFO">{'gender': 'female', 'name': {'title': 'Mrs', 'first': 'Latife', 'last': 'Çapanoğlu'}, 'location': {'street': {'number': 7697, 'name': 'Bağdat Cd'}, 'city': 'Bayburt', 'state': 'Trabzon', 'country': 'Turkey', 'postcode': 76029, 'coordinates': {'latitude': '71.3834', 'longitude': '62.1694'}, 'timezone': {'offset': '+4:30', 'description': 'Kabul'}}, 'email': 'latife.capanoglu@example.com', 'login': {'uuid': '9e7acddc-bed6-429e-b32d-b308f7250057', 'username': 'ticklishpanda286', 'password': 'brady', 'salt': '4ZykL4mm', 'md5': 'd78c0aafeabc7e5921fe731ab24b981a', 'sha1': 'bf2fae46d86defa5cc3d44e662a22134d81c3d8a', 'sha256': 'ed0d7687840fa7c0c6a40da9fc81959740c04f283edfa8306b28aa8233205262'}, 'dob': {'date': '1944-09-20T04:02:40.914Z', 'age': 79}, 'registered': {'date': '2012-06-09T06:53:18.157Z', 'age': 11}, 'phone': '(413)-003-4752', 'cell': '(517)-562-8828', 'id': {'name': '', 'value': None}, 'picture': {'large': 'https://randomuser.me/api/portraits/women/94.jpg', 'medium': 'https://randomuser.me/api/portraits/med/women/94.jpg', 'thumbnail': 'https://randomuser.me/api/portraits/thumb/women/94.jpg'}, 'nat': 'TR'}</msg>
<arg>${json_data['results'][0]}</arg>
<doc>Logs the given message with the given level.</doc>
<status status="PASS" start="2024-04-08T17:13:51.907686" elapsed="0.000428"/>
</kw>
<kw name="Log" owner="BuiltIn">
<msg time="2024-04-08T17:13:51.908547" level="INFO">gender</msg>
<arg>${key}</arg>
<doc>Logs the given message with the given level.</doc>
<status status="PASS" start="2024-04-08T17:13:51.908416" elapsed="0.000170"/>
</kw>
<var name="${key}">gender</var>
<status status="PASS" start="2024-04-08T17:13:51.906790" elapsed="0.002016"/>
</iter>
<iter>
<kw name="Dictionary Should Contain Key" owner="Collections">
<msg time="2024-04-08T17:13:51.909547" level="INFO">False</msg>
<arg>${json_data['results'][0]}</arg>
<arg>${key}</arg>
<doc>Fails if ``key`` is not found from ``dictionary``.</doc>
<status status="PASS" start="2024-04-08T17:13:51.909153" elapsed="0.000432"/>
</kw>
<kw name="Log" owner="BuiltIn">
<msg time="2024-04-08T17:13:51.910275" level="INFO">{'gender': 'female', 'name': {'title': 'Mrs', 'first': 'Latife', 'last': 'Çapanoğlu'}, 'location': {'street': {'number': 7697, 'name': 'Bağdat Cd'}, 'city': 'Bayburt', 'state': 'Trabzon', 'country': 'Turkey', 'postcode': 76029, 'coordinates': {'latitude': '71.3834', 'longitude': '62.1694'}, 'timezone': {'offset': '+4:30', 'description': 'Kabul'}}, 'email': 'latife.capanoglu@example.com', 'login': {'uuid': '9e7acddc-bed6-429e-b32d-b308f7250057', 'username': 'ticklishpanda286', 'password': 'brady', 'salt': '4ZykL4mm', 'md5': 'd78c0aafeabc7e5921fe731ab24b981a', 'sha1': 'bf2fae46d86defa5cc3d44e662a22134d81c3d8a', 'sha256': 'ed0d7687840fa7c0c6a40da9fc81959740c04f283edfa8306b28aa8233205262'}, 'dob': {'date': '1944-09-20T04:02:40.914Z', 'age': 79}, 'registered': {'date': '2012-06-09T06:53:18.157Z', 'age': 11}, 'phone': '(413)-003-4752', 'cell': '(517)-562-8828', 'id': {'name': '', 'value': None}, 'picture': {'large': 'https://randomuser.me/api/portraits/women/94.jpg', 'medium': 'https://randomuser.me/api/portraits/med/women/94.jpg', 'thumbnail': 'https://randomuser.me/api/portraits/thumb/women/94.jpg'}, 'nat': 'TR'}</msg>
<arg>${json_data['results'][0]}</arg>
<doc>Logs the given message with the given level.</doc>
<status status="PASS" start="2024-04-08T17:13:51.909909" elapsed="0.000417"/>
</kw>
<kw name="Log" owner="BuiltIn">
<msg time="2024-04-08T17:13:51.910754" level="INFO">name</msg>
<arg>${key}</arg>
<doc>Logs the given message with the given level.</doc>
<status status="PASS" start="2024-04-08T17:13:51.910625" elapsed="0.000167"/>
</kw>
<var name="${key}">name</var>
<status status="PASS" start="2024-04-08T17:13:51.909036" elapsed="0.001974"/>
</iter>
<iter>
<kw name="Dictionary Should Contain Key" owner="Collections">
<msg time="2024-04-08T17:13:51.911675" level="INFO">False</msg>
<arg>${json_data['results'][0]}</arg>
<arg>${key}</arg>
<doc>Fails if ``key`` is not found from ``dictionary``.</doc>
<status status="PASS" start="2024-04-08T17:13:51.911300" elapsed="0.000413"/>
</kw>
<kw name="Log" owner="BuiltIn">
<msg time="2024-04-08T17:13:51.912374" level="INFO">{'gender': 'female', 'name': {'title': 'Mrs', 'first': 'Latife', 'last': 'Çapanoğlu'}, 'location': {'street': {'number': 7697, 'name': 'Bağdat Cd'}, 'city': 'Bayburt', 'state': 'Trabzon', 'country': 'Turkey', 'postcode': 76029, 'coordinates': {'latitude': '71.3834', 'longitude': '62.1694'}, 'timezone': {'offset': '+4:30', 'description': 'Kabul'}}, 'email': 'latife.capanoglu@example.com', 'login': {'uuid': '9e7acddc-bed6-429e-b32d-b308f7250057', 'username': 'ticklishpanda286', 'password': 'brady', 'salt': '4ZykL4mm', 'md5': 'd78c0aafeabc7e5921fe731ab24b981a', 'sha1': 'bf2fae46d86defa5cc3d44e662a22134d81c3d8a', 'sha256': 'ed0d7687840fa7c0c6a40da9fc81959740c04f283edfa8306b28aa8233205262'}, 'dob': {'date': '1944-09-20T04:02:40.914Z', 'age': 79}, 'registered': {'date': '2012-06-09T06:53:18.157Z', 'age': 11}, 'phone': '(413)-003-4752', 'cell': '(517)-562-8828', 'id': {'name': '', 'value': None}, 'picture': {'large': 'https://randomuser.me/api/portraits/women/94.jpg', 'medium': 'https://randomuser.me/api/portraits/med/women/94.jpg', 'thumbnail': 'https://randomuser.me/api/portraits/thumb/women/94.jpg'}, 'nat': 'TR'}</msg>
<arg>${json_data['results'][0]}</arg>
<doc>Logs the given message with the given level.</doc>
<status status="PASS" start="2024-04-08T17:13:51.912012" elapsed="0.000416"/>
</kw>
<kw name="Log" owner="BuiltIn">
<msg time="2024-04-08T17:13:51.912860" level="INFO">location</msg>
<arg>${key}</arg>
<doc>Logs the given message with the given level.</doc>
<status status="PASS" start="2024-04-08T17:13:51.912732" elapsed="0.000192"/>
</kw>
<var name="${key}">location</var>
<status status="PASS" start="2024-04-08T17:13:51.911190" elapsed="0.001965"/>
</iter>
<iter>
<kw name="Dictionary Should Contain Key" owner="Collections">
<msg time="2024-04-08T17:13:51.913825" level="INFO">False</msg>
<arg>${json_data['results'][0]}</arg>
<arg>${key}</arg>
<doc>Fails if ``key`` is not found from ``dictionary``.</doc>
<status status="PASS" start="2024-04-08T17:13:51.913443" elapsed="0.000420"/>
</kw>
<kw name="Log" owner="BuiltIn">
<msg time="2024-04-08T17:13:51.914531" level="INFO">{'gender': 'female', 'name': {'title': 'Mrs', 'first': 'Latife', 'last': 'Çapanoğlu'}, 'location': {'street': {'number': 7697, 'name': 'Bağdat Cd'}, 'city': 'Bayburt', 'state': 'Trabzon', 'country': 'Turkey', 'postcode': 76029, 'coordinates': {'latitude': '71.3834', 'longitude': '62.1694'}, 'timezone': {'offset': '+4:30', 'description': 'Kabul'}}, 'email': 'latife.capanoglu@example.com', 'login': {'uuid': '9e7acddc-bed6-429e-b32d-b308f7250057', 'username': 'ticklishpanda286', 'password': 'brady', 'salt': '4ZykL4mm', 'md5': 'd78c0aafeabc7e5921fe731ab24b981a', 'sha1': 'bf2fae46d86defa5cc3d44e662a22134d81c3d8a', 'sha256': 'ed0d7687840fa7c0c6a40da9fc81959740c04f283edfa8306b28aa8233205262'}, 'dob': {'date': '1944-09-20T04:02:40.914Z', 'age': 79}, 'registered': {'date': '2012-06-09T06:53:18.157Z', 'age': 11}, 'phone': '(413)-003-4752', 'cell': '(517)-562-8828', 'id': {'name': '', 'value': None}, 'picture': {'large': 'https://randomuser.me/api/portraits/women/94.jpg', 'medium': 'https://randomuser.me/api/portraits/med/women/94.jpg', 'thumbnail': 'https://randomuser.me/api/portraits/thumb/women/94.jpg'}, 'nat': 'TR'}</msg>
<arg>${json_data['results'][0]}</arg>
<doc>Logs the given message with the given level.</doc>
<status status="PASS" start="2024-04-08T17:13:51.914158" elapsed="0.000424"/>
</kw>
<kw name="Log" owner="BuiltIn">
<msg time="2024-04-08T17:13:51.915016" level="INFO">email</msg>
<arg>${key}</arg>
<doc>Logs the given message with the given level.</doc>
<status status="PASS" start="2024-04-08T17:13:51.914887" elapsed="0.000166"/>
</kw>
<var name="${key}">email</var>
<status status="PASS" start="2024-04-08T17:13:51.913332" elapsed="0.001937"/>
</iter>
<iter>
<kw name="Dictionary Should Contain Key" owner="Collections">
<msg time="2024-04-08T17:13:51.915930" level="INFO">False</msg>
<arg>${json_data['results'][0]}</arg>
<arg>${key}</arg>
<doc>Fails if ``key`` is not found from ``dictionary``.</doc>
<status status="PASS" start="2024-04-08T17:13:51.915555" elapsed="0.000412"/>
</kw>
<kw name="Log" owner="BuiltIn">
<msg time="2024-04-08T17:13:51.916630" level="INFO">{'gender': 'female', 'name': {'title': 'Mrs', 'first': 'Latife', 'last': 'Çapanoğlu'}, 'location': {'street': {'number': 7697, 'name': 'Bağdat Cd'}, 'city': 'Bayburt', 'state': 'Trabzon', 'country': 'Turkey', 'postcode': 76029, 'coordinates': {'latitude': '71.3834', 'longitude': '62.1694'}, 'timezone': {'offset': '+4:30', 'description': 'Kabul'}}, 'email': 'latife.capanoglu@example.com', 'login': {'uuid': '9e7acddc-bed6-429e-b32d-b308f7250057', 'username': 'ticklishpanda286', 'password': 'brady', 'salt': '4ZykL4mm', 'md5': 'd78c0aafeabc7e5921fe731ab24b981a', 'sha1': 'bf2fae46d86defa5cc3d44e662a22134d81c3d8a', 'sha256': 'ed0d7687840fa7c0c6a40da9fc81959740c04f283edfa8306b28aa8233205262'}, 'dob': {'date': '1944-09-20T04:02:40.914Z', 'age': 79}, 'registered': {'date': '2012-06-09T06:53:18.157Z', 'age': 11}, 'phone': '(413)-003-4752', 'cell': '(517)-562-8828', 'id': {'name': '', 'value': None}, 'picture': {'large': 'https://randomuser.me/api/portraits/women/94.jpg', 'medium': 'https://randomuser.me/api/portraits/med/women/94.jpg', 'thumbnail': 'https://randomuser.me/api/portraits/thumb/women/94.jpg'}, 'nat': 'TR'}</msg>
<arg>${json_data['results'][0]}</arg>
<doc>Logs the given message with the given level.</doc>
<status status="PASS" start="2024-04-08T17:13:51.916259" elapsed="0.000421"/>
</kw>
<kw name="Log" owner="BuiltIn">
<msg time="2024-04-08T17:13:51.917144" level="INFO">login</msg>
<arg>${key}</arg>
<doc>Logs the given message with the given level.</doc>
<status status="PASS" start="2024-04-08T17:13:51.917011" elapsed="0.000176"/>
</kw>
<var name="${key}">login</var>
<status status="PASS" start="2024-04-08T17:13:51.915445" elapsed="0.001962"/>
</iter>
<var>${key}</var>
<value>@{expected_keys}</value>
<status status="PASS" start="2024-04-08T17:13:51.906595" elapsed="0.010934"/>
</for>
<kw name="Create List" owner="BuiltIn">
<msg time="2024-04-08T17:13:51.917896" level="INFO">${expected_keysTwo} = ['username', 'password']</msg>
<var>${expected_keysTwo}</var>
<arg>username</arg>
<arg>password</arg>
<doc>Returns a list containing given items.</doc>
<status status="PASS" start="2024-04-08T17:13:51.917756" elapsed="0.000163"/>
</kw>
<for flavor="IN">
<iter>
<kw name="Dictionary Should Contain Key" owner="Collections">
<msg time="2024-04-08T17:13:51.918925" level="INFO">False</msg>
<arg>${json_data['results'][0]['login']}</arg>
<arg>${keyTwo}</arg>
<doc>Fails if ``key`` is not found from ``dictionary``.</doc>
<status status="PASS" start="2024-04-08T17:13:51.918526" elapsed="0.000437"/>
</kw>
<kw name="Dictionary Should Contain Key" owner="Collections">
<msg time="2024-04-08T17:13:51.919654" level="INFO">False</msg>
<arg>${json_data['results'][0]['login']}</arg>
<arg>${keyTwo}</arg>
<doc>Fails if ``key`` is not found from ``dictionary``.</doc>
<status status="PASS" start="2024-04-08T17:13:51.919261" elapsed="0.000430"/>
</kw>
<kw name="Log" owner="BuiltIn">
<msg time="2024-04-08T17:13:51.920112" level="INFO">username</msg>
<arg>${keyTwo}</arg>
<doc>Logs the given message with the given level.</doc>
<status status="PASS" start="2024-04-08T17:13:51.919985" elapsed="0.000164"/>
</kw>
<var name="${keyTwo}">username</var>
<status status="PASS" start="2024-04-08T17:13:51.918411" elapsed="0.001952"/>
</iter>
<iter>
<kw name="Dictionary Should Contain Key" owner="Collections">
<msg time="2024-04-08T17:13:51.921062" level="INFO">False</msg>
<arg>${json_data['results'][0]['login']}</arg>
<arg>${keyTwo}</arg>
<doc>Fails if ``key`` is not found from ``dictionary``.</doc>
<status status="PASS" start="2024-04-08T17:13:51.920644" elapsed="0.000457"/>
</kw>
<kw name="Dictionary Should Contain Key" owner="Collections">
<msg time="2024-04-08T17:13:51.921778" level="INFO">False</msg>
<arg>${json_data['results'][0]['login']}</arg>
<arg>${keyTwo}</arg>
<doc>Fails if ``key`` is not found from ``dictionary``.</doc>
<status status="PASS" start="2024-04-08T17:13:51.921396" elapsed="0.000418"/>
</kw>
<kw name="Log" owner="BuiltIn">
<msg time="2024-04-08T17:13:51.922239" level="INFO">password</msg>
<arg>${keyTwo}</arg>
<doc>Logs the given message with the given level.</doc>
<status status="PASS" start="2024-04-08T17:13:51.922110" elapsed="0.000166"/>
</kw>
<var name="${keyTwo}">password</var>
<status status="PASS" start="2024-04-08T17:13:51.920535" elapsed="0.001956"/>
</iter>
<var>${keyTwo}</var>
<value>@{expected_keysTwo}</value>
<status status="PASS" start="2024-04-08T17:13:51.918155" elapsed="0.004457"/>
</for>
<status status="PASS" start="2024-04-08T17:13:51.796000" elapsed="0.126754"/>
</kw>
<doc>Testa a estrutura da resposta da API.</doc>
<tag>testeEstruturaResposta</tag>
<status status="PASS" start="2024-04-08T17:13:51.795216" elapsed="0.127699"/>
</test>
<test id="s1-s1-t4" name="Validar tipos de dados" line="28">
<kw name="Teste de Tipos de Dados" owner="random-user-service">
<kw name="GET On Session" owner="RequestsLibrary">
<msg time="2024-04-08T17:13:52.058197" level="INFO">GET Request : url=https://randomuser.me/api 
 path_url=/api 
 headers={'User-Agent': 'python-requests/2.31.0', 'Accept-Encoding': 'gzip, deflate', 'Accept': '*/*', 'Connection': 'keep-alive'} 
 body=None 
 </msg>
<msg time="2024-04-08T17:13:52.058311" level="INFO">GET Response : url=https://randomuser.me/api 
 status=200, reason=OK 
 headers={'Date': 'Mon, 08 Apr 2024 17:13:52 GMT', 'Content-Type': 'application/json; charset=utf-8', 'Transfer-Encoding': 'chunked', 'Connection': 'keep-alive', 'X-Powered-By': 'Express', 'Access-Control-Allow-Origin': '*', 'Cache-Control': 'no-cache', 'ETag': 'W/"497-2gV2X0gjkiS4yvQNtLBusJAnP6s"', 'Vary': 'Accept-Encoding', 'Content-Encoding': 'gzip', 'CF-Cache-Status': 'DYNAMIC', 'Report-To': '{"endpoints":[{"url":"https:\\/\\/a.nel.cloudflare.com\\/report\\/v4?s=FAUbvvXTvy4rKIX9g%2F7eG9CJkkdWmt5vjmllCN0VqplHQVhQrTOqkwwrWQZusAiedtag0E%2BKHVrLKqgipnUEkYX8YFno0a%2BuEdGbvR15HYplPXKuHLy2dYKpsYNwPwMi"}],"group":"cf-nel","max_age":604800}', 'NEL': '{"success_fraction":0,"report_to":"cf-nel","max_age":604800}', 'Server': 'cloudflare', 'CF-RAY': '8713e3f38dc50fb9-LAX', 'alt-svc': 'h3=":443"; ma=86400'} 
 body={"results":[{"gender":"female","name":{"title":"Miss","first":"Alischa","last":"Beverwijk"},"location":{"street":{"number":787,"name":"J H Leopoldhof"},"city":"Hazerswoude-Dorp","state":"Noord-Brabant","country":"Netherlands","postcode":"0217 FX","coordinates":{"latitude":"35.1164","longitude":"87.5496"},"timezone":{"offset":"+5:45","description":"Kathmandu"}},"email":"alischa.beverwijk@example.com","login":{"uuid":"000b1c58-d02a-451a-9608-dec1b020b20e","username":"orangeswan905","password":"147147","salt":"bjQwgNKy","md5":"2d88e9eadd68f3f4d96846960361f2c1","sha1":"4747fbff59f5170ab55fe1da204259a4651c39df","sha256":"65c0a58d4d33ce81fec6cffe5b160d925cae9ddc5de77dcad277a6515909f565"},"dob":{"date":"1989-09-19T07:10:07.781Z","age":34},"registered":{"date":"2004-03-24T23:12:03.627Z","age":20},"phone":"(001) 0710993","cell":"(06) 87559867","id":{"name":"BSN","value":"41742629"},"picture":{"large":"https://randomuser.me/api/portraits/women/71.jpg","medium":"https://randomuser.me/api/portraits/med/women/71.jpg","thumbnail":"https://randomuser.me/api/portraits/thumb/women/71.jpg"},"nat":"NL"}],"info":{"seed":"7382eb68ed7064b0","results":1,"page":1,"version":"1.4"}} 
 </msg>
<msg time="2024-04-08T17:13:52.058397" level="INFO">/opt/hostedtoolcache/Python/3.12.2/x64/lib/python3.12/site-packages/urllib3/connectionpool.py:1103: InsecureRequestWarning: Unverified HTTPS request is being made to host 'randomuser.me'. Adding certificate verification is strongly advised. See: https://urllib3.readthedocs.io/en/latest/advanced-usage.html#tls-warnings
  warnings.warn(</msg>
<msg time="2024-04-08T17:13:52.058535" level="INFO">${response} = &lt;Response [200]&gt;</msg>
<var>${response}</var>
<arg>consultarAPI</arg>
<arg>/api</arg>
<doc>Sends a GET request on a previously created HTTP Session.</doc>
<status status="PASS" start="2024-04-08T17:13:51.925558" elapsed="0.133018"/>
</kw>
<kw name="Set Variable" owner="BuiltIn">
<msg time="2024-04-08T17:13:52.059633" level="INFO">${json_data} = {'results': [{'gender': 'female', 'name': {'title': 'Miss', 'first': 'Alischa', 'last': 'Beverwijk'}, 'location': {'street': {'number': 787, 'name': 'J H Leopoldhof'}, 'city': 'Hazerswoude-Dorp', 'sta...</msg>
<var>${json_data}</var>
<arg>${response.json()}</arg>
<doc>Returns the given values which can then be assigned to a variables.</doc>
<status status="PASS" start="2024-04-08T17:13:52.059107" elapsed="0.000554"/>
</kw>
<kw name="Log" owner="BuiltIn">
<msg time="2024-04-08T17:13:52.060136" level="INFO">{'results': [{'gender': 'female', 'name': {'title': 'Miss', 'first': 'Alischa', 'last': 'Beverwijk'}, 'location': {'street': {'number': 787, 'name': 'J H Leopoldhof'}, 'city': 'Hazerswoude-Dorp', 'state': 'Noord-Brabant', 'country': 'Netherlands', 'postcode': '0217 FX', 'coordinates': {'latitude': '35.1164', 'longitude': '87.5496'}, 'timezone': {'offset': '+5:45', 'description': 'Kathmandu'}}, 'email': 'alischa.beverwijk@example.com', 'login': {'uuid': '000b1c58-d02a-451a-9608-dec1b020b20e', 'username': 'orangeswan905', 'password': '147147', 'salt': 'bjQwgNKy', 'md5': '2d88e9eadd68f3f4d96846960361f2c1', 'sha1': '4747fbff59f5170ab55fe1da204259a4651c39df', 'sha256': '65c0a58d4d33ce81fec6cffe5b160d925cae9ddc5de77dcad277a6515909f565'}, 'dob': {'date': '1989-09-19T07:10:07.781Z', 'age': 34}, 'registered': {'date': '2004-03-24T23:12:03.627Z', 'age': 20}, 'phone': '(001) 0710993', 'cell': '(06) 87559867', 'id': {'name': 'BSN', 'value': '41742629'}, 'picture': {'large': 'https://randomuser.me/api/portraits/women/71.jpg', 'medium': 'https://randomuser.me/api/portraits/med/women/71.jpg', 'thumbnail': 'https://randomuser.me/api/portraits/thumb/women/71.jpg'}, 'nat': 'NL'}], 'info': {'seed': '7382eb68ed7064b0', 'results': 1, 'page': 1, 'version': '1.4'}}</msg>
<arg>${json_data}</arg>
<doc>Logs the given message with the given level.</doc>
<status status="PASS" start="2024-04-08T17:13:52.059979" elapsed="0.000202"/>
</kw>
<kw name="Should Be String" owner="String">
<arg>${json_data['results'][0]['gender']}</arg>
<doc>Fails if the given ``item`` is not a string.</doc>
<status status="PASS" start="2024-04-08T17:13:52.060525" elapsed="0.000363"/>
</kw>
<kw name="Should Match Regexp" owner="BuiltIn">
<arg>${json_data['results'][0]['email']}</arg>
<arg>^[a-zA-Z0-9._%+-]+@[a-zA-Z0-9.-]+\.[a-zA-Z]{2,}$</arg>
<doc>Fails if ``string`` does not match ``pattern`` as a regular expression.</doc>
<status status="PASS" start="2024-04-08T17:13:52.061114" elapsed="0.000510"/>
</kw>
<kw name="Should Match Regexp" owner="BuiltIn">
<arg>${json_data['results'][0]['dob']['date']}</arg>
<arg>\\d{4}-\\d{2}-\\d{2}T\\d{2}:\\d{2}:\\d{2}\\.\\d{3}Z</arg>
<doc>Fails if ``string`` does not match ``pattern`` as a regular expression.</doc>
<status status="PASS" start="2024-04-08T17:13:52.061816" elapsed="0.000487"/>
</kw>
<kw name="Should Match Regexp" owner="BuiltIn">
<arg>${json_data['results'][0]['registered']['date']}</arg>
<arg>\\d{4}-\\d{2}-\\d{2}T\\d{2}:\\d{2}:\\d{2}\\.\\d{3}Z</arg>
<doc>Fails if ``string`` does not match ``pattern`` as a regular expression.</doc>
<status status="PASS" start="2024-04-08T17:13:52.062500" elapsed="0.000367"/>
</kw>
<kw name="Should Match Regexp" owner="BuiltIn">
<arg>${json_data['results'][0]['picture']['large']}</arg>
<arg>^https?://.*\.(?:png|jpe?g|gif|bmp)$</arg>
<doc>Fails if ``string`` does not match ``pattern`` as a regular expression.</doc>
<status status="PASS" start="2024-04-08T17:13:52.063052" elapsed="0.000466"/>
</kw>
<kw name="Should Match Regexp" owner="BuiltIn">
<arg>${json_data['results'][0]['picture']['medium']}</arg>
<arg>^https?://.*\.(?:png|jpe?g|gif|bmp)$</arg>
<doc>Fails if ``string`` does not match ``pattern`` as a regular expression.</doc>
<status status="PASS" start="2024-04-08T17:13:52.063708" elapsed="0.000359"/>
</kw>
<kw name="Should Match Regexp" owner="BuiltIn">
<arg>${json_data['results'][0]['picture']['thumbnail']}</arg>
<arg>^https?://.*\.(?:png|jpe?g|gif|bmp)$</arg>
<doc>Fails if ``string`` does not match ``pattern`` as a regular expression.</doc>
<status status="PASS" start="2024-04-08T17:13:52.064250" elapsed="0.000345"/>
</kw>
<kw name="Log" owner="BuiltIn">
<msg time="2024-04-08T17:13:52.065186" level="INFO">{'large': 'https://randomuser.me/api/portraits/women/71.jpg', 'medium': 'https://randomuser.me/api/portraits/med/women/71.jpg', 'thumbnail': 'https://randomuser.me/api/portraits/thumb/women/71.jpg'}</msg>
<arg>${json_data['results'][0]['picture']}</arg>
<doc>Logs the given message with the given level.</doc>
<status status="PASS" start="2024-04-08T17:13:52.064780" elapsed="0.000448"/>
</kw>
<status status="PASS" start="2024-04-08T17:13:51.925303" elapsed="0.140186"/>
</kw>
<kw name="Teste de Tipos de Dados - Postcode" owner="random-user-service">
<kw name="GET On Session" owner="RequestsLibrary">
<msg time="2024-04-08T17:13:52.188968" level="INFO">GET Request : url=https://randomuser.me/api 
 path_url=/api 
 headers={'User-Agent': 'python-requests/2.31.0', 'Accept-Encoding': 'gzip, deflate', 'Accept': '*/*', 'Connection': 'keep-alive'} 
 body=None 
 </msg>
<msg time="2024-04-08T17:13:52.189050" level="INFO">GET Response : url=https://randomuser.me/api 
 status=200, reason=OK 
 headers={'Date': 'Mon, 08 Apr 2024 17:13:52 GMT', 'Content-Type': 'application/json; charset=utf-8', 'Transfer-Encoding': 'chunked', 'Connection': 'keep-alive', 'X-Powered-By': 'Express', 'Access-Control-Allow-Origin': '*', 'Cache-Control': 'no-cache', 'ETag': 'W/"482-sWqaF/ccw3tVsL5gFh3WOqoSUy0"', 'Vary': 'Accept-Encoding', 'Content-Encoding': 'gzip', 'CF-Cache-Status': 'DYNAMIC', 'Report-To': '{"endpoints":[{"url":"https:\\/\\/a.nel.cloudflare.com\\/report\\/v4?s=paYmEthzuiUWiaBSMPO02uYuR1ByQPXbMtzMxT%2FxUiob2%2BT%2FNRm%2BZe5qfp6F%2FAFacpWKMWqrjTEtNdsRaV9z3G2t3wteFwnGEgEEpalbXwyLLhpTBhSfp6KdC4DPWReB"}],"group":"cf-nel","max_age":604800}', 'NEL': '{"success_fraction":0,"report_to":"cf-nel","max_age":604800}', 'Server': 'cloudflare', 'CF-RAY': '8713e3f46f290fb9-LAX', 'alt-svc': 'h3=":443"; ma=86400'} 
 body={"results":[{"gender":"male","name":{"title":"Mr","first":"Mileta","last":"Divac"},"location":{"street":{"number":8139,"name":"Milke Ivić"},"city":"Svrljig","state":"Pčinja","country":"Serbia","postcode":58588,"coordinates":{"latitude":"57.0017","longitude":"-20.2101"},"timezone":{"offset":"+8:00","description":"Beijing, Perth, Singapore, Hong Kong"}},"email":"mileta.divac@example.com","login":{"uuid":"72dd8da8-88d7-4c83-aa76-b5add6326a3c","username":"heavykoala764","password":"pepsi","salt":"II2BVFoy","md5":"24dd09db9866f0db62e3e686e6b250fd","sha1":"0e2757d8da421410adc8b94bf86c14858acd5b51","sha256":"142fa72b72b4fd03d84c52b8b98d6b41db17473107ad11985a427375dd7211a4"},"dob":{"date":"1964-04-05T23:54:46.714Z","age":60},"registered":{"date":"2014-12-28T10:54:39.462Z","age":9},"phone":"033-2146-274","cell":"062-4299-650","id":{"name":"SID","value":"364565551"},"picture":{"large":"https://randomuser.me/api/portraits/men/84.jpg","medium":"https://randomuser.me/api/portraits/med/men/84.jpg","thumbnail":"https://randomuser.me/api/portraits/thumb/men/84.jpg"},"nat":"RS"}],"info":{"seed":"fc763a580c7ad3a3","results":1,"page":1,"version":"1.4"}} 
 </msg>
<msg time="2024-04-08T17:13:52.189136" level="INFO">/opt/hostedtoolcache/Python/3.12.2/x64/lib/python3.12/site-packages/urllib3/connectionpool.py:1103: InsecureRequestWarning: Unverified HTTPS request is being made to host 'randomuser.me'. Adding certificate verification is strongly advised. See: https://urllib3.readthedocs.io/en/latest/advanced-usage.html#tls-warnings
  warnings.warn(</msg>
<msg time="2024-04-08T17:13:52.189242" level="INFO">${response} = &lt;Response [200]&gt;</msg>
<var>${response}</var>
<arg>consultarAPI</arg>
<arg>/api</arg>
<doc>Sends a GET request on a previously created HTTP Session.</doc>
<status status="PASS" start="2024-04-08T17:13:52.065974" elapsed="0.123304"/>
</kw>
<kw name="Set Variable" owner="BuiltIn">
<msg time="2024-04-08T17:13:52.190232" level="INFO">${json_data} = {'results': [{'gender': 'male', 'name': {'title': 'Mr', 'first': 'Mileta', 'last': 'Divac'}, 'location': {'street': {'number': 8139, 'name': 'Milke Ivić'}, 'city': 'Svrljig', 'state': 'Pčinja', 'count...</msg>
<var>${json_data}</var>
<arg>${response.json()}</arg>
<doc>Returns the given values which can then be assigned to a variables.</doc>
<status status="PASS" start="2024-04-08T17:13:52.189729" elapsed="0.000534"/>
</kw>
<kw name="Log" owner="BuiltIn">
<msg time="2024-04-08T17:13:52.190727" level="INFO">{'results': [{'gender': 'male', 'name': {'title': 'Mr', 'first': 'Mileta', 'last': 'Divac'}, 'location': {'street': {'number': 8139, 'name': 'Milke Ivić'}, 'city': 'Svrljig', 'state': 'Pčinja', 'country': 'Serbia', 'postcode': 58588, 'coordinates': {'latitude': '57.0017', 'longitude': '-20.2101'}, 'timezone': {'offset': '+8:00', 'description': 'Beijing, Perth, Singapore, Hong Kong'}}, 'email': 'mileta.divac@example.com', 'login': {'uuid': '72dd8da8-88d7-4c83-aa76-b5add6326a3c', 'username': 'heavykoala764', 'password': 'pepsi', 'salt': 'II2BVFoy', 'md5': '24dd09db9866f0db62e3e686e6b250fd', 'sha1': '0e2757d8da421410adc8b94bf86c14858acd5b51', 'sha256': '142fa72b72b4fd03d84c52b8b98d6b41db17473107ad11985a427375dd7211a4'}, 'dob': {'date': '1964-04-05T23:54:46.714Z', 'age': 60}, 'registered': {'date': '2014-12-28T10:54:39.462Z', 'age': 9}, 'phone': '033-2146-274', 'cell': '062-4299-650', 'id': {'name': 'SID', 'value': '364565551'}, 'picture': {'large': 'https://randomuser.me/api/portraits/men/84.jpg', 'medium': 'https://randomuser.me/api/portraits/med/men/84.jpg', 'thumbnail': 'https://randomuser.me/api/portraits/thumb/men/84.jpg'}, 'nat': 'RS'}], 'info': {'seed': 'fc763a580c7ad3a3', 'results': 1, 'page': 1, 'version': '1.4'}}</msg>
<arg>${json_data}</arg>
<doc>Logs the given message with the given level.</doc>
<status status="PASS" start="2024-04-08T17:13:52.190569" elapsed="0.000208"/>
</kw>
<kw name="Should Be Equal As Numbers" owner="BuiltIn">
<arg>${json_data['results'][0]['location']['postcode']}</arg>
<arg>${json_data['results'][0]['location']['postcode']}</arg>
<doc>Fails if objects are unequal after converting them to real numbers.</doc>
<status status="PASS" start="2024-04-08T17:13:52.191075" elapsed="0.000664"/>
</kw>
<kw name="Log" owner="BuiltIn">
<msg time="2024-04-08T17:13:52.192269" level="INFO">58588</msg>
<arg>${json_data['results'][0]['location']['postcode']}</arg>
<doc>Logs the given message with the given level.</doc>
<status status="PASS" start="2024-04-08T17:13:52.191933" elapsed="0.000376"/>
</kw>
<status status="PASS" start="2024-04-08T17:13:52.065726" elapsed="0.126836"/>
</kw>
<doc>Testa se os tipos de dados na resposta da API estão corretos.</doc>
<tag>testeTiposDados</tag>
<status status="PASS" start="2024-04-08T17:13:51.924693" elapsed="0.268040"/>
</test>
<test id="s1-s1-t5" name="Validar conteudo" line="35">
<kw name="Teste de Tipos de Conteudo" owner="random-user-service">
<kw name="GET On Session" owner="RequestsLibrary">
<msg time="2024-04-08T17:13:52.307742" level="INFO">GET Request : url=https://randomuser.me/api 
 path_url=/api 
 headers={'User-Agent': 'python-requests/2.31.0', 'Accept-Encoding': 'gzip, deflate', 'Accept': '*/*', 'Connection': 'keep-alive'} 
 body=None 
 </msg>
<msg time="2024-04-08T17:13:52.307860" level="INFO">GET Response : url=https://randomuser.me/api 
 status=200, reason=OK 
 headers={'Date': 'Mon, 08 Apr 2024 17:13:52 GMT', 'Content-Type': 'application/json; charset=utf-8', 'Transfer-Encoding': 'chunked', 'Connection': 'keep-alive', 'X-Powered-By': 'Express', 'Access-Control-Allow-Origin': '*', 'Cache-Control': 'no-cache', 'ETag': 'W/"4a8-AepNKEq+FYiOJVVySDQeXaW2V3M"', 'Vary': 'Accept-Encoding', 'Content-Encoding': 'gzip', 'CF-Cache-Status': 'DYNAMIC', 'Report-To': '{"endpoints":[{"url":"https:\\/\\/a.nel.cloudflare.com\\/report\\/v4?s=cLgXC0wszoAOAEoSxQDB3F9FVxlQe73XNTCmQNKKYiv5Ly6kk7n%2F3yQd%2FmgzDMYwGWJIlVgq3ExyPVxJU28llX59vjwTXe506FPmYQbf%2BjwZK6e4Pb9CCZdvGkBI8iJU"}],"group":"cf-nel","max_age":604800}', 'NEL': '{"success_fraction":0,"report_to":"cf-nel","max_age":604800}', 'Server': 'cloudflare', 'CF-RAY': '8713e3f538280fb9-LAX', 'alt-svc': 'h3=":443"; ma=86400'} 
 body={"results":[{"gender":"male","name":{"title":"Mr","first":"مهدي","last":"یاسمی"},"location":{"street":{"number":4092,"name":"آیت الله سعیدی"},"city":"قائم‌شهر","state":"خراسان شمالی","country":"Iran","postcode":85759,"coordinates":{"latitude":"14.5725","longitude":"-114.1467"},"timezone":{"offset":"+8:00","description":"Beijing, Perth, Singapore, Hong Kong"}},"email":"mhdy.ysmy@example.com","login":{"uuid":"dfd6095d-2349-4be9-88e6-416f4feafd68","username":"tinygorilla373","password":"laurie","salt":"jprJR4Ls","md5":"c9d843d2d78caef348fff6ad3f373e07","sha1":"44392846e3acc6c1abc5f4fbb0719c6a135585d3","sha256":"075b501812e82f5d8c5e9a106b2676eb644101379532fccae883b88a6a8eb751"},"dob":{"date":"1950-02-02T18:26:51.087Z","age":74},"registered":{"date":"2010-06-26T17:10:02.993Z","age":13},"phone":"029-86984527","cell":"0975-971-4696","id":{"name":"","value":null},"picture":{"large":"https://randomuser.me/api/portraits/men/98.jpg","medium":"https://randomuser.me/api/portraits/med/men/98.jpg","thumbnail":"https://randomuser.me/api/portraits/thumb/men/98.jpg"},"nat":"IR"}],"info":{"seed":"c80b51d182bae6d6","results":1,"page":1,"version":"1.4"}} 
 </msg>
<msg time="2024-04-08T17:13:52.307955" level="INFO">/opt/hostedtoolcache/Python/3.12.2/x64/lib/python3.12/site-packages/urllib3/connectionpool.py:1103: InsecureRequestWarning: Unverified HTTPS request is being made to host 'randomuser.me'. Adding certificate verification is strongly advised. See: https://urllib3.readthedocs.io/en/latest/advanced-usage.html#tls-warnings
  warnings.warn(</msg>
<msg time="2024-04-08T17:13:52.308094" level="INFO">${response} = &lt;Response [200]&gt;</msg>
<var>${response}</var>
<arg>consultarAPI</arg>
<arg>/api</arg>
<doc>Sends a GET request on a previously created HTTP Session.</doc>
<status status="PASS" start="2024-04-08T17:13:52.195173" elapsed="0.112961"/>
</kw>
<kw name="Set Variable" owner="BuiltIn">
<msg time="2024-04-08T17:13:52.309261" level="INFO">${json_data} = {'results': [{'gender': 'male', 'name': {'title': 'Mr', 'first': 'مهدي', 'last': 'یاسمی'}, 'location': {'street': {'number': 4092, 'name': 'آیت الله سعیدی'}, 'city': 'قائم\u200cشهر', 'state': 'خراسان ...</msg>
<var>${json_data}</var>
<arg>${response.json()}</arg>
<doc>Returns the given values which can then be assigned to a variables.</doc>
<status status="PASS" start="2024-04-08T17:13:52.308661" elapsed="0.000632"/>
</kw>
<kw name="Set Variable" owner="BuiltIn">
<msg time="2024-04-08T17:13:52.310056" level="INFO">${name_title} = Mr</msg>
<var>${name_title}</var>
<arg>${json_data["results"][0]["name"]["title"]}</arg>
<doc>Returns the given values which can then be assigned to a variables.</doc>
<status status="PASS" start="2024-04-08T17:13:52.309647" elapsed="0.000435"/>
</kw>
<kw name="Create List" owner="BuiltIn">
<msg time="2024-04-08T17:13:52.310550" level="INFO">${allowed_titles} = ['Mr', 'Ms', 'Miss', 'Mrs', 'Madame', 'Monsieur']</msg>
<var>${allowed_titles}</var>
<arg>Mr</arg>
<arg>Ms</arg>
<arg>Miss</arg>
<arg>Mrs</arg>
<arg>Madame</arg>
<arg>Monsieur</arg>
<doc>Returns a list containing given items.</doc>
<status status="PASS" start="2024-04-08T17:13:52.310394" elapsed="0.000181"/>
</kw>
<kw name="List Should Contain Value" owner="Collections">
<msg time="2024-04-08T17:13:52.311074" level="INFO">False</msg>
<arg>${allowed_titles}</arg>
<arg>${name_title}</arg>
<doc>Fails if the ``value`` is not found from ``list``.</doc>
<status status="PASS" start="2024-04-08T17:13:52.310891" elapsed="0.000222"/>
</kw>
<kw name="Set Variable" owner="BuiltIn">
<msg time="2024-04-08T17:13:52.311809" level="INFO">${name_country} = IR</msg>
<var>${name_country}</var>
<arg>${json_data["results"][0]["nat"]}</arg>
<doc>Returns the given values which can then be assigned to a variables.</doc>
<status status="PASS" start="2024-04-08T17:13:52.311411" elapsed="0.000424"/>
</kw>
<kw name="Create List" owner="BuiltIn">
<msg time="2024-04-08T17:13:52.312762" level="INFO">${list_country} = ['AD', 'AE', 'AF', 'AG', 'AI', 'AL', 'AM', 'AO', 'AQ', 'AR', 'AS', 'AT', 'AU', 'AW', 'AX', 'AZ', 'BA', 'BB', 'BD', 'BE', 'BF', 'BG', 'BH', 'BI', 'BJ', 'BL', 'BM', 'BN', 'BO', 'BQ', 'BR', 'BS', 'BT', '...</msg>
<var>${list_country}</var>
<arg>AD</arg>
<arg>AE</arg>
<arg>AF</arg>
<arg>AG</arg>
<arg>AI</arg>
<arg>AL</arg>
<arg>AM</arg>
<arg>AO</arg>
<arg>AQ</arg>
<arg>AR</arg>
<arg>AS</arg>
<arg>AT</arg>
<arg>AU</arg>
<arg>AW</arg>
<arg>AX</arg>
<arg>AZ</arg>
<arg>BA</arg>
<arg>BB</arg>
<arg>BD</arg>
<arg>BE</arg>
<arg>BF</arg>
<arg>BG</arg>
<arg>BH</arg>
<arg>BI</arg>
<arg>BJ</arg>
<arg>BL</arg>
<arg>BM</arg>
<arg>BN</arg>
<arg>BO</arg>
<arg>BQ</arg>
<arg>BR</arg>
<arg>BS</arg>
<arg>BT</arg>
<arg>BV</arg>
<arg>BW</arg>
<arg>BY</arg>
<arg>BZ</arg>
<arg>CA</arg>
<arg>CC</arg>
<arg>CD</arg>
<arg>CF</arg>
<arg>CG</arg>
<arg>CH</arg>
<arg>CI</arg>
<arg>CK</arg>
<arg>CL</arg>
<arg>CM</arg>
<arg>CN</arg>
<arg>CO</arg>
<arg>CR</arg>
<arg>CU</arg>
<arg>CV</arg>
<arg>CW</arg>
<arg>CX</arg>
<arg>CY</arg>
<arg>CZ</arg>
<arg>DE</arg>
<arg>DJ</arg>
<arg>DK</arg>
<arg>DM</arg>
<arg>DO</arg>
<arg>DZ</arg>
<arg>EC</arg>
<arg>EE</arg>
<arg>EG</arg>
<arg>EH</arg>
<arg>ER</arg>
<arg>ES</arg>
<arg>ET</arg>
<arg>FI</arg>
<arg>FJ</arg>
<arg>FK</arg>
<arg>FM</arg>
<arg>FO</arg>
<arg>FR</arg>
<arg>GA</arg>
<arg>GB</arg>
<arg>GD</arg>
<arg>GE</arg>
<arg>GF</arg>
<arg>GG</arg>
<arg>GH</arg>
<arg>GI</arg>
<arg>GL</arg>
<arg>GM</arg>
<arg>GN</arg>
<arg>GP</arg>
<arg>GQ</arg>
<arg>GR</arg>
<arg>GS</arg>
<arg>GT</arg>
<arg>GU</arg>
<arg>GW</arg>
<arg>GY</arg>
<arg>HK</arg>
<arg>HM</arg>
<arg>HN</arg>
<arg>HR</arg>
<arg>HT</arg>
<arg>HU</arg>
<arg>ID</arg>
<arg>IE</arg>
<arg>IL</arg>
<arg>IM</arg>
<arg>IN</arg>
<arg>IO</arg>
<arg>IQ</arg>
<arg>IR</arg>
<arg>IS</arg>
<arg>IT</arg>
<arg>JE</arg>
<arg>JM</arg>
<arg>JO</arg>
<arg>JP</arg>
<arg>KE</arg>
<arg>KG</arg>
<arg>KH</arg>
<arg>KI</arg>
<arg>KM</arg>
<arg>KN</arg>
<arg>KP</arg>
<arg>KR</arg>
<arg>KW</arg>
<arg>KY</arg>
<arg>KZ</arg>
<arg>LA</arg>
<arg>LB</arg>
<arg>LC</arg>
<arg>LI</arg>
<arg>LK</arg>
<arg>LR</arg>
<arg>LS</arg>
<arg>LT</arg>
<arg>LU</arg>
<arg>LV</arg>
<arg>LY</arg>
<arg>MA</arg>
<arg>MC</arg>
<arg>MD</arg>
<arg>ME</arg>
<arg>MF</arg>
<arg>MG</arg>
<arg>MH</arg>
<arg>MK</arg>
<arg>ML</arg>
<arg>MM</arg>
<arg>MN</arg>
<arg>MO</arg>
<arg>MP</arg>
<arg>MQ</arg>
<arg>MR</arg>
<arg>MS</arg>
<arg>MT</arg>
<arg>MU</arg>
<arg>MV</arg>
<arg>MW</arg>
<arg>MX</arg>
<arg>MY</arg>
<arg>MZ</arg>
<arg>NA</arg>
<arg>NC</arg>
<arg>NE</arg>
<arg>NF</arg>
<arg>NG</arg>
<arg>NI</arg>
<arg>NL</arg>
<arg>NO</arg>
<arg>NP</arg>
<arg>NR</arg>
<arg>NU</arg>
<arg>NZ</arg>
<arg>OM</arg>
<arg>PA</arg>
<arg>PE</arg>
<arg>PF</arg>
<arg>PG</arg>
<arg>PH</arg>
<arg>PK</arg>
<arg>PL</arg>
<arg>PM</arg>
<arg>PN</arg>
<arg>PR</arg>
<arg>PS</arg>
<arg>PT</arg>
<arg>PW</arg>
<arg>PY</arg>
<arg>QA</arg>
<arg>RE</arg>
<arg>RO</arg>
<arg>RS</arg>
<arg>RU</arg>
<arg>RW</arg>
<arg>SA</arg>
<arg>SB</arg>
<arg>SC</arg>
<arg>SD</arg>
<arg>SE</arg>
<arg>SG</arg>
<arg>SH</arg>
<arg>SI</arg>
<arg>SJ</arg>
<arg>SK</arg>
<arg>SL</arg>
<arg>SM</arg>
<arg>SN</arg>
<arg>SO</arg>
<arg>SR</arg>
<arg>SS</arg>
<arg>ST</arg>
<arg>SV</arg>
<arg>SX</arg>
<arg>SY</arg>
<arg>SZ</arg>
<arg>TC</arg>
<arg>TD</arg>
<arg>TF</arg>
<arg>TG</arg>
<arg>TH</arg>
<arg>TJ</arg>
<arg>TK</arg>
<arg>TL</arg>
<arg>TM</arg>
<arg>TN</arg>
<arg>TO</arg>
<arg>TR</arg>
<arg>TT</arg>
<arg>TV</arg>
<arg>TW</arg>
<arg>TZ</arg>
<arg>UA</arg>
<arg>UG</arg>
<arg>UM</arg>
<arg>US</arg>
<arg>UY</arg>
<arg>UZ</arg>
<arg>VA</arg>
<arg>VC</arg>
<arg>VE</arg>
<arg>VG</arg>
<arg>VI</arg>
<arg>VN</arg>
<arg>VU</arg>
<arg>WF</arg>
<arg>WS</arg>
<arg>XK</arg>
<arg>YE</arg>
<arg>YT</arg>
<arg>ZA</arg>
<arg>ZM</arg>
<arg>ZW</arg>
<doc>Returns a list containing given items.</doc>
<status status="PASS" start="2024-04-08T17:13:52.312145" elapsed="0.000644"/>
</kw>
<kw name="List Should Contain Value" owner="Collections">
<msg time="2024-04-08T17:13:52.313816" level="INFO">False</msg>
<arg>${list_country}</arg>
<arg>${name_country}</arg>
<doc>Fails if the ``value`` is not found from ``list``.</doc>
<status status="PASS" start="2024-04-08T17:13:52.313604" elapsed="0.000250"/>
</kw>
<kw name="Run Keyword If" owner="BuiltIn">
<kw name="Should Be True" owner="BuiltIn">
<arg>${True}</arg>
<doc>Fails if the given condition is not true.</doc>
<status status="PASS" start="2024-04-08T17:13:52.315096" elapsed="0.000151"/>
</kw>
<arg>${json_data["results"][0]["location"]["coordinates"]["latitude"]} &gt;= -90 and ${json_data["results"][0]["location"]["coordinates"]["latitude"]} &lt;= 90</arg>
<arg>Should Be True</arg>
<arg>${True}</arg>
<doc>Runs the given keyword with the given arguments, if ``condition`` is true.</doc>
<status status="PASS" start="2024-04-08T17:13:52.314170" elapsed="0.001216"/>
</kw>
<kw name="Run Keyword If" owner="BuiltIn">
<kw name="Should Be True" owner="BuiltIn">
<arg>${True}</arg>
<doc>Fails if the given condition is not true.</doc>
<status status="PASS" start="2024-04-08T17:13:52.316282" elapsed="0.000146"/>
</kw>
<arg>${json_data["results"][0]["location"]["coordinates"]["longitude"]} &gt;= -180 and ${json_data["results"][0]["location"]["coordinates"]["longitude"]} &lt;= 180</arg>
<arg>Should Be True</arg>
<arg>${True}</arg>
<doc>Runs the given keyword with the given arguments, if ``condition`` is true.</doc>
<status status="PASS" start="2024-04-08T17:13:52.315579" elapsed="0.000983"/>
</kw>
<status status="PASS" start="2024-04-08T17:13:52.194948" elapsed="0.121752"/>
</kw>
<doc>Testa o conteúdo específico dos campos retornados pela API.</doc>
<tag>testeConteudo</tag>
<status status="PASS" start="2024-04-08T17:13:52.194491" elapsed="0.122370"/>
</test>
<status status="PASS" start="2024-04-08T17:13:51.304939" elapsed="1.013916"/>
</suite>
<status status="PASS" start="2024-04-08T17:13:51.291249" elapsed="1.032956"/>
</suite>
<statistics>
<total>
<stat pass="5" fail="0" skip="0">All Tests</stat>
</total>
<tag>
<stat pass="1" fail="0" skip="0">testeConteudo</stat>
<stat pass="1" fail="0" skip="0">testeEstruturaResposta</stat>
<stat pass="1" fail="0" skip="0">testeRequisicaoBasica</stat>
<stat pass="1" fail="0" skip="0">testeTiposDados</stat>
</tag>
<suite>
<stat pass="5" fail="0" skip="0" id="s1" name="Tests">Tests</stat>
<stat pass="5" fail="0" skip="0" id="s1-s1" name="Random-User-Test">Tests.Random-User-Test</stat>
</suite>
</statistics>
<errors>
</errors>
</robot>
