<?xml version="1.0" encoding="UTF-8"?>
<robot generator="Robot 7.0 (Python 3.12.2 on linux)" generated="2024-04-06T20:14:45.522988" rpa="false" schemaversion="5">
<suite id="s1" name="Tests" source="/home/runner/work/DesafioQAItauRogerioJordao/DesafioQAItauRogerioJordao/RamdonUser/tests">
<suite id="s1-s1" name="Random-User-Test" source="/home/runner/work/DesafioQAItauRogerioJordao/DesafioQAItauRogerioJordao/RamdonUser/tests/random-user-test.robot">
<test id="s1-s1-t1" name="Conectar" line="13">
<kw name="Conectar API" owner="random-user-service">
<kw name="Create Session" owner="RequestsLibrary">
<msg time="2024-04-06T20:14:45.881393" level="INFO">Creating Session using : alias=consultarAPI, url=https://randomuser.me/, headers={},                     cookies={}, auth=None, timeout=None, proxies=None, verify=False,                     debug=0 </msg>
<arg>consultarAPI</arg>
<arg>${URL}</arg>
<doc>Create Session: create a HTTP session to a server</doc>
<status status="PASS" start="2024-04-06T20:14:45.881199" elapsed="0.000349"/>
</kw>
<status status="PASS" start="2024-04-06T20:14:45.880228" elapsed="0.001666"/>
</kw>
<status status="PASS" start="2024-04-06T20:14:45.879650" elapsed="0.002453"/>
</test>
<test id="s1-s1-t2" name="Validar retorno 200 e JSON Válido" line="16">
<kw name="Teste de Requisicao Basica" owner="random-user-service">
<kw name="GET On Session" owner="RequestsLibrary">
<msg time="2024-04-06T20:14:46.097793" level="INFO">GET Request : url=https://randomuser.me/api 
 path_url=/api 
 headers={'User-Agent': 'python-requests/2.31.0', 'Accept-Encoding': 'gzip, deflate', 'Accept': '*/*', 'Connection': 'keep-alive'} 
 body=None 
 </msg>
<msg time="2024-04-06T20:14:46.097933" level="INFO">GET Response : url=https://randomuser.me/api 
 status=200, reason=OK 
 headers={'Date': 'Sat, 06 Apr 2024 20:14:46 GMT', 'Content-Type': 'application/json; charset=utf-8', 'Transfer-Encoding': 'chunked', 'Connection': 'keep-alive', 'X-Powered-By': 'Express', 'Access-Control-Allow-Origin': '*', 'Cache-Control': 'no-cache', 'ETag': 'W/"474-CGWLewT5C4zSxzPQa08QkLudtxo"', 'Vary': 'Accept-Encoding', 'Content-Encoding': 'gzip', 'CF-Cache-Status': 'DYNAMIC', 'Report-To': '{"endpoints":[{"url":"https:\\/\\/a.nel.cloudflare.com\\/report\\/v4?s=bn9cRxFm0DZJhQhDUtAQDMk2Pd%2Bpw%2FZFT6HSWiLzeINAAhQFEqK5Vzmq5kILB0yJy3iP0lTcrLVXm9tBrbuZagkvT3DAtoojXykfze4fBaOm7%2FXXTGK5zPl%2FGwxGIh1N"}],"group":"cf-nel","max_age":604800}', 'NEL': '{"success_fraction":0,"report_to":"cf-nel","max_age":604800}', 'Server': 'cloudflare', 'CF-RAY': '87047231fc9d82a5-IAD', 'alt-svc': 'h3=":443"; ma=86400'} 
 body={"results":[{"gender":"female","name":{"title":"Mrs","first":"Hazel","last":"Clarke"},"location":{"street":{"number":9972,"name":"Ferguson Street"},"city":"Taupo","state":"Nelson","country":"New Zealand","postcode":67809,"coordinates":{"latitude":"48.5801","longitude":"36.7195"},"timezone":{"offset":"-2:00","description":"Mid-Atlantic"}},"email":"hazel.clarke@example.com","login":{"uuid":"6185f4b7-ae1d-4e79-b8c3-87da6f2383dd","username":"blueleopard506","password":"second","salt":"3e35BMlF","md5":"46310ebd8c39b6cff01274f49f91b977","sha1":"d4a54e1a52680c51446a1c0fe5ff99c345374c69","sha256":"7f2651aace078cc9ff8386d4ed53b40f94e92b061bb065f918769b0c61a0c10c"},"dob":{"date":"1991-08-01T07:42:42.143Z","age":32},"registered":{"date":"2015-05-22T05:16:04.753Z","age":8},"phone":"(912)-528-8875","cell":"(720)-690-1997","id":{"name":"","value":null},"picture":{"large":"https://randomuser.me/api/portraits/women/41.jpg","medium":"https://randomuser.me/api/portraits/med/women/41.jpg","thumbnail":"https://randomuser.me/api/portraits/thumb/women/41.jpg"},"nat":"NZ"}],"info":{"seed":"40ed8b590269121c","results":1,"page":1,"version":"1.4"}} 
 </msg>
<msg time="2024-04-06T20:14:46.098043" level="INFO">/opt/hostedtoolcache/Python/3.12.2/x64/lib/python3.12/site-packages/urllib3/connectionpool.py:1103: InsecureRequestWarning: Unverified HTTPS request is being made to host 'randomuser.me'. Adding certificate verification is strongly advised. See: https://urllib3.readthedocs.io/en/latest/advanced-usage.html#tls-warnings
  warnings.warn(</msg>
<msg time="2024-04-06T20:14:46.098169" level="INFO">${response} = &lt;Response [200]&gt;</msg>
<var>${response}</var>
<arg>consultarAPI</arg>
<arg>/api</arg>
<doc>Sends a GET request on a previously created HTTP Session.</doc>
<status status="PASS" start="2024-04-06T20:14:45.884820" elapsed="0.213389"/>
</kw>
<kw name="Should Be Equal As Numbers" owner="BuiltIn">
<msg time="2024-04-06T20:14:46.099217" level="INFO">Argument types are:
&lt;class 'int'&gt;
&lt;class 'str'&gt;</msg>
<arg>${response.status_code}</arg>
<arg>200</arg>
<doc>Fails if objects are unequal after converting them to real numbers.</doc>
<status status="PASS" start="2024-04-06T20:14:46.098714" elapsed="0.000575"/>
</kw>
<kw name="Log" owner="BuiltIn">
<msg time="2024-04-06T20:14:46.099985" level="INFO">200</msg>
<arg>${response.status_code}</arg>
<doc>Logs the given message with the given level.</doc>
<status status="PASS" start="2024-04-06T20:14:46.099624" elapsed="0.000406"/>
</kw>
<kw name="Set Variable" owner="BuiltIn">
<msg time="2024-04-06T20:14:46.100793" level="INFO">${json_data} = {'results': [{'gender': 'female', 'name': {'title': 'Mrs', 'first': 'Hazel', 'last': 'Clarke'}, 'location': {'street': {'number': 9972, 'name': 'Ferguson Street'}, 'city': 'Taupo', 'state': 'Nelson', ...</msg>
<var>${json_data}</var>
<arg>${response.json()}</arg>
<doc>Returns the given values which can then be assigned to a variables.</doc>
<status status="PASS" start="2024-04-06T20:14:46.100357" elapsed="0.000465"/>
</kw>
<kw name="Dictionary Should Contain Key" owner="Collections">
<msg time="2024-04-06T20:14:46.101292" level="INFO">False</msg>
<arg>${json_data}</arg>
<arg>results</arg>
<doc>Fails if ``key`` is not found from ``dictionary``.</doc>
<status status="PASS" start="2024-04-06T20:14:46.101124" elapsed="0.000208"/>
</kw>
<status status="PASS" start="2024-04-06T20:14:45.884562" elapsed="0.217028"/>
</kw>
<doc>Testa se a API responde corretamente e retorna um objeto JSON válido.</doc>
<tag>testeRequisicaoBasica</tag>
<status status="PASS" start="2024-04-06T20:14:45.883999" elapsed="0.217769"/>
</test>
<test id="s1-s1-t3" name="Validar estrutura de resposta" line="22">
<kw name="Teste de Estrutura de Resposta" owner="random-user-service">
<kw name="GET On Session" owner="RequestsLibrary">
<msg time="2024-04-06T20:14:46.207019" level="INFO">GET Request : url=https://randomuser.me/api 
 path_url=/api 
 headers={'User-Agent': 'python-requests/2.31.0', 'Accept-Encoding': 'gzip, deflate', 'Accept': '*/*', 'Connection': 'keep-alive'} 
 body=None 
 </msg>
<msg time="2024-04-06T20:14:46.207109" level="INFO">GET Response : url=https://randomuser.me/api 
 status=200, reason=OK 
 headers={'Date': 'Sat, 06 Apr 2024 20:14:46 GMT', 'Content-Type': 'application/json; charset=utf-8', 'Transfer-Encoding': 'chunked', 'Connection': 'keep-alive', 'X-Powered-By': 'Express', 'Access-Control-Allow-Origin': '*', 'Cache-Control': 'no-cache', 'ETag': 'W/"476-YyRozJOeGAlj1mUtRVMXu9ABox8"', 'Vary': 'Accept-Encoding', 'Content-Encoding': 'gzip', 'CF-Cache-Status': 'DYNAMIC', 'Report-To': '{"endpoints":[{"url":"https:\\/\\/a.nel.cloudflare.com\\/report\\/v4?s=DKg7LmdN92YMlASnQ68Zezf1resirCyGLaZMYfYt7C4DnuUu0CXyY3jjcXnPGkNd0PaHsNKGjXPy5jaw0la7mJmFJvoiSwzfkkx4vzUowcBqPze24Fx1lD0gj47tbJlL"}],"group":"cf-nel","max_age":604800}', 'NEL': '{"success_fraction":0,"report_to":"cf-nel","max_age":604800}', 'Server': 'cloudflare', 'CF-RAY': '870472322cd082a5-IAD', 'alt-svc': 'h3=":443"; ma=86400'} 
 body={"results":[{"gender":"male","name":{"title":"Mr","first":"Paul","last":"Lambert"},"location":{"street":{"number":7936,"name":"Preston Rd"},"city":"Berkeley","state":"Alabama","country":"United States","postcode":14597,"coordinates":{"latitude":"89.6834","longitude":"-17.7710"},"timezone":{"offset":"-3:30","description":"Newfoundland"}},"email":"paul.lambert@example.com","login":{"uuid":"c85ca100-d61b-46af-80b1-7963d0456a91","username":"sadbird510","password":"282828","salt":"2yfSyQ0F","md5":"4601b4964f25bcebeeed5523c37133f7","sha1":"c6f662ecfe2b2c5ad7a4c4273c6ec45b62271f27","sha256":"bcca8f1cb2fc867637693d18c83ed4daeec294a25666c547ec544baa3c66d804"},"dob":{"date":"1977-02-21T21:03:20.026Z","age":47},"registered":{"date":"2010-01-24T09:12:46.949Z","age":14},"phone":"(802) 436-5107","cell":"(932) 730-6782","id":{"name":"SSN","value":"055-74-0169"},"picture":{"large":"https://randomuser.me/api/portraits/men/19.jpg","medium":"https://randomuser.me/api/portraits/med/men/19.jpg","thumbnail":"https://randomuser.me/api/portraits/thumb/men/19.jpg"},"nat":"US"}],"info":{"seed":"a727f234842e9059","results":1,"page":1,"version":"1.4"}} 
 </msg>
<msg time="2024-04-06T20:14:46.207293" level="INFO">/opt/hostedtoolcache/Python/3.12.2/x64/lib/python3.12/site-packages/urllib3/connectionpool.py:1103: InsecureRequestWarning: Unverified HTTPS request is being made to host 'randomuser.me'. Adding certificate verification is strongly advised. See: https://urllib3.readthedocs.io/en/latest/advanced-usage.html#tls-warnings
  warnings.warn(</msg>
<msg time="2024-04-06T20:14:46.207434" level="INFO">${response} = &lt;Response [200]&gt;</msg>
<var>${response}</var>
<arg>consultarAPI</arg>
<arg>/api</arg>
<doc>Sends a GET request on a previously created HTTP Session.</doc>
<status status="PASS" start="2024-04-06T20:14:46.104927" elapsed="0.102563"/>
</kw>
<kw name="Set Variable" owner="BuiltIn">
<msg time="2024-04-06T20:14:46.208567" level="INFO">${json_data} = {'results': [{'gender': 'male', 'name': {'title': 'Mr', 'first': 'Paul', 'last': 'Lambert'}, 'location': {'street': {'number': 7936, 'name': 'Preston Rd'}, 'city': 'Berkeley', 'state': 'Alabama', 'cou...</msg>
<var>${json_data}</var>
<arg>${response.json()}</arg>
<doc>Returns the given values which can then be assigned to a variables.</doc>
<status status="PASS" start="2024-04-06T20:14:46.208017" elapsed="0.000579"/>
</kw>
<kw name="Log" owner="BuiltIn">
<msg time="2024-04-06T20:14:46.209074" level="INFO">{'results': [{'gender': 'male', 'name': {'title': 'Mr', 'first': 'Paul', 'last': 'Lambert'}, 'location': {'street': {'number': 7936, 'name': 'Preston Rd'}, 'city': 'Berkeley', 'state': 'Alabama', 'country': 'United States', 'postcode': 14597, 'coordinates': {'latitude': '89.6834', 'longitude': '-17.7710'}, 'timezone': {'offset': '-3:30', 'description': 'Newfoundland'}}, 'email': 'paul.lambert@example.com', 'login': {'uuid': 'c85ca100-d61b-46af-80b1-7963d0456a91', 'username': 'sadbird510', 'password': '282828', 'salt': '2yfSyQ0F', 'md5': '4601b4964f25bcebeeed5523c37133f7', 'sha1': 'c6f662ecfe2b2c5ad7a4c4273c6ec45b62271f27', 'sha256': 'bcca8f1cb2fc867637693d18c83ed4daeec294a25666c547ec544baa3c66d804'}, 'dob': {'date': '1977-02-21T21:03:20.026Z', 'age': 47}, 'registered': {'date': '2010-01-24T09:12:46.949Z', 'age': 14}, 'phone': '(802) 436-5107', 'cell': '(932) 730-6782', 'id': {'name': 'SSN', 'value': '055-74-0169'}, 'picture': {'large': 'https://randomuser.me/api/portraits/men/19.jpg', 'medium': 'https://randomuser.me/api/portraits/med/men/19.jpg', 'thumbnail': 'https://randomuser.me/api/portraits/thumb/men/19.jpg'}, 'nat': 'US'}], 'info': {'seed': 'a727f234842e9059', 'results': 1, 'page': 1, 'version': '1.4'}}</msg>
<arg>${json_data}</arg>
<doc>Logs the given message with the given level.</doc>
<status status="PASS" start="2024-04-06T20:14:46.208914" elapsed="0.000208"/>
</kw>
<kw name="Dictionary Should Contain Key" owner="Collections">
<msg time="2024-04-06T20:14:46.209577" level="INFO">False</msg>
<arg>${json_data}</arg>
<arg>results</arg>
<doc>Fails if ``key`` is not found from ``dictionary``.</doc>
<status status="PASS" start="2024-04-06T20:14:46.209422" elapsed="0.000193"/>
</kw>
<kw name="Should Not Be Empty" owner="BuiltIn">
<msg time="2024-04-06T20:14:46.210042" level="INFO">Length is 2.</msg>
<arg>${json_data}</arg>
<doc>Verifies that the given item is not empty.</doc>
<status status="PASS" start="2024-04-06T20:14:46.209911" elapsed="0.000171"/>
</kw>
<kw name="Create List" owner="BuiltIn">
<msg time="2024-04-06T20:14:46.210516" level="INFO">${expected_keys} = ['gender', 'name', 'location', 'email', 'login']</msg>
<var>${expected_keys}</var>
<arg>gender</arg>
<arg>name</arg>
<arg>location</arg>
<arg>email</arg>
<arg>login</arg>
<doc>Returns a list containing given items.</doc>
<status status="PASS" start="2024-04-06T20:14:46.210369" elapsed="0.000171"/>
</kw>
<for flavor="IN">
<iter>
<kw name="Dictionary Should Contain Key" owner="Collections">
<msg time="2024-04-06T20:14:46.211545" level="INFO">False</msg>
<arg>${json_data['results'][0]}</arg>
<arg>${key}</arg>
<doc>Fails if ``key`` is not found from ``dictionary``.</doc>
<status status="PASS" start="2024-04-06T20:14:46.211104" elapsed="0.000481"/>
</kw>
<kw name="Log" owner="BuiltIn">
<msg time="2024-04-06T20:14:46.212266" level="INFO">{'gender': 'male', 'name': {'title': 'Mr', 'first': 'Paul', 'last': 'Lambert'}, 'location': {'street': {'number': 7936, 'name': 'Preston Rd'}, 'city': 'Berkeley', 'state': 'Alabama', 'country': 'United States', 'postcode': 14597, 'coordinates': {'latitude': '89.6834', 'longitude': '-17.7710'}, 'timezone': {'offset': '-3:30', 'description': 'Newfoundland'}}, 'email': 'paul.lambert@example.com', 'login': {'uuid': 'c85ca100-d61b-46af-80b1-7963d0456a91', 'username': 'sadbird510', 'password': '282828', 'salt': '2yfSyQ0F', 'md5': '4601b4964f25bcebeeed5523c37133f7', 'sha1': 'c6f662ecfe2b2c5ad7a4c4273c6ec45b62271f27', 'sha256': 'bcca8f1cb2fc867637693d18c83ed4daeec294a25666c547ec544baa3c66d804'}, 'dob': {'date': '1977-02-21T21:03:20.026Z', 'age': 47}, 'registered': {'date': '2010-01-24T09:12:46.949Z', 'age': 14}, 'phone': '(802) 436-5107', 'cell': '(932) 730-6782', 'id': {'name': 'SSN', 'value': '055-74-0169'}, 'picture': {'large': 'https://randomuser.me/api/portraits/men/19.jpg', 'medium': 'https://randomuser.me/api/portraits/med/men/19.jpg', 'thumbnail': 'https://randomuser.me/api/portraits/thumb/men/19.jpg'}, 'nat': 'US'}</msg>
<arg>${json_data['results'][0]}</arg>
<doc>Logs the given message with the given level.</doc>
<status status="PASS" start="2024-04-06T20:14:46.211897" elapsed="0.000419"/>
</kw>
<kw name="Log" owner="BuiltIn">
<msg time="2024-04-06T20:14:46.212748" level="INFO">gender</msg>
<arg>${key}</arg>
<doc>Logs the given message with the given level.</doc>
<status status="PASS" start="2024-04-06T20:14:46.212619" elapsed="0.000169"/>
</kw>
<var name="${key}">gender</var>
<status status="PASS" start="2024-04-06T20:14:46.210982" elapsed="0.002029"/>
</iter>
<iter>
<kw name="Dictionary Should Contain Key" owner="Collections">
<msg time="2024-04-06T20:14:46.213703" level="INFO">False</msg>
<arg>${json_data['results'][0]}</arg>
<arg>${key}</arg>
<doc>Fails if ``key`` is not found from ``dictionary``.</doc>
<status status="PASS" start="2024-04-06T20:14:46.213317" elapsed="0.000424"/>
</kw>
<kw name="Log" owner="BuiltIn">
<msg time="2024-04-06T20:14:46.214434" level="INFO">{'gender': 'male', 'name': {'title': 'Mr', 'first': 'Paul', 'last': 'Lambert'}, 'location': {'street': {'number': 7936, 'name': 'Preston Rd'}, 'city': 'Berkeley', 'state': 'Alabama', 'country': 'United States', 'postcode': 14597, 'coordinates': {'latitude': '89.6834', 'longitude': '-17.7710'}, 'timezone': {'offset': '-3:30', 'description': 'Newfoundland'}}, 'email': 'paul.lambert@example.com', 'login': {'uuid': 'c85ca100-d61b-46af-80b1-7963d0456a91', 'username': 'sadbird510', 'password': '282828', 'salt': '2yfSyQ0F', 'md5': '4601b4964f25bcebeeed5523c37133f7', 'sha1': 'c6f662ecfe2b2c5ad7a4c4273c6ec45b62271f27', 'sha256': 'bcca8f1cb2fc867637693d18c83ed4daeec294a25666c547ec544baa3c66d804'}, 'dob': {'date': '1977-02-21T21:03:20.026Z', 'age': 47}, 'registered': {'date': '2010-01-24T09:12:46.949Z', 'age': 14}, 'phone': '(802) 436-5107', 'cell': '(932) 730-6782', 'id': {'name': 'SSN', 'value': '055-74-0169'}, 'picture': {'large': 'https://randomuser.me/api/portraits/men/19.jpg', 'medium': 'https://randomuser.me/api/portraits/med/men/19.jpg', 'thumbnail': 'https://randomuser.me/api/portraits/thumb/men/19.jpg'}, 'nat': 'US'}</msg>
<arg>${json_data['results'][0]}</arg>
<doc>Logs the given message with the given level.</doc>
<status status="PASS" start="2024-04-06T20:14:46.214073" elapsed="0.000410"/>
</kw>
<kw name="Log" owner="BuiltIn">
<msg time="2024-04-06T20:14:46.214917" level="INFO">name</msg>
<arg>${key}</arg>
<doc>Logs the given message with the given level.</doc>
<status status="PASS" start="2024-04-06T20:14:46.214788" elapsed="0.000167"/>
</kw>
<var name="${key}">name</var>
<status status="PASS" start="2024-04-06T20:14:46.213202" elapsed="0.002004"/>
</iter>
<iter>
<kw name="Dictionary Should Contain Key" owner="Collections">
<msg time="2024-04-06T20:14:46.215896" level="INFO">False</msg>
<arg>${json_data['results'][0]}</arg>
<arg>${key}</arg>
<doc>Fails if ``key`` is not found from ``dictionary``.</doc>
<status status="PASS" start="2024-04-06T20:14:46.215509" elapsed="0.000426"/>
</kw>
<kw name="Log" owner="BuiltIn">
<msg time="2024-04-06T20:14:46.216603" level="INFO">{'gender': 'male', 'name': {'title': 'Mr', 'first': 'Paul', 'last': 'Lambert'}, 'location': {'street': {'number': 7936, 'name': 'Preston Rd'}, 'city': 'Berkeley', 'state': 'Alabama', 'country': 'United States', 'postcode': 14597, 'coordinates': {'latitude': '89.6834', 'longitude': '-17.7710'}, 'timezone': {'offset': '-3:30', 'description': 'Newfoundland'}}, 'email': 'paul.lambert@example.com', 'login': {'uuid': 'c85ca100-d61b-46af-80b1-7963d0456a91', 'username': 'sadbird510', 'password': '282828', 'salt': '2yfSyQ0F', 'md5': '4601b4964f25bcebeeed5523c37133f7', 'sha1': 'c6f662ecfe2b2c5ad7a4c4273c6ec45b62271f27', 'sha256': 'bcca8f1cb2fc867637693d18c83ed4daeec294a25666c547ec544baa3c66d804'}, 'dob': {'date': '1977-02-21T21:03:20.026Z', 'age': 47}, 'registered': {'date': '2010-01-24T09:12:46.949Z', 'age': 14}, 'phone': '(802) 436-5107', 'cell': '(932) 730-6782', 'id': {'name': 'SSN', 'value': '055-74-0169'}, 'picture': {'large': 'https://randomuser.me/api/portraits/men/19.jpg', 'medium': 'https://randomuser.me/api/portraits/med/men/19.jpg', 'thumbnail': 'https://randomuser.me/api/portraits/thumb/men/19.jpg'}, 'nat': 'US'}</msg>
<arg>${json_data['results'][0]}</arg>
<doc>Logs the given message with the given level.</doc>
<status status="PASS" start="2024-04-06T20:14:46.216240" elapsed="0.000417"/>
</kw>
<kw name="Log" owner="BuiltIn">
<msg time="2024-04-06T20:14:46.217083" level="INFO">location</msg>
<arg>${key}</arg>
<doc>Logs the given message with the given level.</doc>
<status status="PASS" start="2024-04-06T20:14:46.216953" elapsed="0.000169"/>
</kw>
<var name="${key}">location</var>
<status status="PASS" start="2024-04-06T20:14:46.215394" elapsed="0.001947"/>
</iter>
<iter>
<kw name="Dictionary Should Contain Key" owner="Collections">
<msg time="2024-04-06T20:14:46.218011" level="INFO">False</msg>
<arg>${json_data['results'][0]}</arg>
<arg>${key}</arg>
<doc>Fails if ``key`` is not found from ``dictionary``.</doc>
<status status="PASS" start="2024-04-06T20:14:46.217627" elapsed="0.000422"/>
</kw>
<kw name="Log" owner="BuiltIn">
<msg time="2024-04-06T20:14:46.218706" level="INFO">{'gender': 'male', 'name': {'title': 'Mr', 'first': 'Paul', 'last': 'Lambert'}, 'location': {'street': {'number': 7936, 'name': 'Preston Rd'}, 'city': 'Berkeley', 'state': 'Alabama', 'country': 'United States', 'postcode': 14597, 'coordinates': {'latitude': '89.6834', 'longitude': '-17.7710'}, 'timezone': {'offset': '-3:30', 'description': 'Newfoundland'}}, 'email': 'paul.lambert@example.com', 'login': {'uuid': 'c85ca100-d61b-46af-80b1-7963d0456a91', 'username': 'sadbird510', 'password': '282828', 'salt': '2yfSyQ0F', 'md5': '4601b4964f25bcebeeed5523c37133f7', 'sha1': 'c6f662ecfe2b2c5ad7a4c4273c6ec45b62271f27', 'sha256': 'bcca8f1cb2fc867637693d18c83ed4daeec294a25666c547ec544baa3c66d804'}, 'dob': {'date': '1977-02-21T21:03:20.026Z', 'age': 47}, 'registered': {'date': '2010-01-24T09:12:46.949Z', 'age': 14}, 'phone': '(802) 436-5107', 'cell': '(932) 730-6782', 'id': {'name': 'SSN', 'value': '055-74-0169'}, 'picture': {'large': 'https://randomuser.me/api/portraits/men/19.jpg', 'medium': 'https://randomuser.me/api/portraits/med/men/19.jpg', 'thumbnail': 'https://randomuser.me/api/portraits/thumb/men/19.jpg'}, 'nat': 'US'}</msg>
<arg>${json_data['results'][0]}</arg>
<doc>Logs the given message with the given level.</doc>
<status status="PASS" start="2024-04-06T20:14:46.218350" elapsed="0.000404"/>
</kw>
<kw name="Log" owner="BuiltIn">
<msg time="2024-04-06T20:14:46.219195" level="INFO">email</msg>
<arg>${key}</arg>
<doc>Logs the given message with the given level.</doc>
<status status="PASS" start="2024-04-06T20:14:46.219047" elapsed="0.000187"/>
</kw>
<var name="${key}">email</var>
<status status="PASS" start="2024-04-06T20:14:46.217516" elapsed="0.001934"/>
</iter>
<iter>
<kw name="Dictionary Should Contain Key" owner="Collections">
<msg time="2024-04-06T20:14:46.220126" level="INFO">False</msg>
<arg>${json_data['results'][0]}</arg>
<arg>${key}</arg>
<doc>Fails if ``key`` is not found from ``dictionary``.</doc>
<status status="PASS" start="2024-04-06T20:14:46.219747" elapsed="0.000417"/>
</kw>
<kw name="Log" owner="BuiltIn">
<msg time="2024-04-06T20:14:46.220822" level="INFO">{'gender': 'male', 'name': {'title': 'Mr', 'first': 'Paul', 'last': 'Lambert'}, 'location': {'street': {'number': 7936, 'name': 'Preston Rd'}, 'city': 'Berkeley', 'state': 'Alabama', 'country': 'United States', 'postcode': 14597, 'coordinates': {'latitude': '89.6834', 'longitude': '-17.7710'}, 'timezone': {'offset': '-3:30', 'description': 'Newfoundland'}}, 'email': 'paul.lambert@example.com', 'login': {'uuid': 'c85ca100-d61b-46af-80b1-7963d0456a91', 'username': 'sadbird510', 'password': '282828', 'salt': '2yfSyQ0F', 'md5': '4601b4964f25bcebeeed5523c37133f7', 'sha1': 'c6f662ecfe2b2c5ad7a4c4273c6ec45b62271f27', 'sha256': 'bcca8f1cb2fc867637693d18c83ed4daeec294a25666c547ec544baa3c66d804'}, 'dob': {'date': '1977-02-21T21:03:20.026Z', 'age': 47}, 'registered': {'date': '2010-01-24T09:12:46.949Z', 'age': 14}, 'phone': '(802) 436-5107', 'cell': '(932) 730-6782', 'id': {'name': 'SSN', 'value': '055-74-0169'}, 'picture': {'large': 'https://randomuser.me/api/portraits/men/19.jpg', 'medium': 'https://randomuser.me/api/portraits/med/men/19.jpg', 'thumbnail': 'https://randomuser.me/api/portraits/thumb/men/19.jpg'}, 'nat': 'US'}</msg>
<arg>${json_data['results'][0]}</arg>
<doc>Logs the given message with the given level.</doc>
<status status="PASS" start="2024-04-06T20:14:46.220459" elapsed="0.000410"/>
</kw>
<kw name="Log" owner="BuiltIn">
<msg time="2024-04-06T20:14:46.221295" level="INFO">login</msg>
<arg>${key}</arg>
<doc>Logs the given message with the given level.</doc>
<status status="PASS" start="2024-04-06T20:14:46.221166" elapsed="0.000274"/>
</kw>
<var name="${key}">login</var>
<status status="PASS" start="2024-04-06T20:14:46.219629" elapsed="0.002041"/>
</iter>
<var>${key}</var>
<value>@{expected_keys}</value>
<status status="PASS" start="2024-04-06T20:14:46.210800" elapsed="0.010995"/>
</for>
<kw name="Create List" owner="BuiltIn">
<msg time="2024-04-06T20:14:46.222168" level="INFO">${expected_keysTwo} = ['username', 'password']</msg>
<var>${expected_keysTwo}</var>
<arg>username</arg>
<arg>password</arg>
<doc>Returns a list containing given items.</doc>
<status status="PASS" start="2024-04-06T20:14:46.222027" elapsed="0.000166"/>
</kw>
<for flavor="IN">
<iter>
<kw name="Dictionary Should Contain Key" owner="Collections">
<msg time="2024-04-06T20:14:46.223079" level="INFO">False</msg>
<arg>${json_data['results'][0]['login']}</arg>
<arg>${keyTwo}</arg>
<doc>Fails if ``key`` is not found from ``dictionary``.</doc>
<status status="PASS" start="2024-04-06T20:14:46.222699" elapsed="0.000440"/>
</kw>
<kw name="Dictionary Should Contain Key" owner="Collections">
<msg time="2024-04-06T20:14:46.223833" level="INFO">False</msg>
<arg>${json_data['results'][0]['login']}</arg>
<arg>${keyTwo}</arg>
<doc>Fails if ``key`` is not found from ``dictionary``.</doc>
<status status="PASS" start="2024-04-06T20:14:46.223442" elapsed="0.000429"/>
</kw>
<kw name="Log" owner="BuiltIn">
<msg time="2024-04-06T20:14:46.224295" level="INFO">username</msg>
<arg>${keyTwo}</arg>
<doc>Logs the given message with the given level.</doc>
<status status="PASS" start="2024-04-06T20:14:46.224166" elapsed="0.000167"/>
</kw>
<var name="${keyTwo}">username</var>
<status status="PASS" start="2024-04-06T20:14:46.222587" elapsed="0.001961"/>
</iter>
<iter>
<kw name="Dictionary Should Contain Key" owner="Collections">
<msg time="2024-04-06T20:14:46.225230" level="INFO">False</msg>
<arg>${json_data['results'][0]['login']}</arg>
<arg>${keyTwo}</arg>
<doc>Fails if ``key`` is not found from ``dictionary``.</doc>
<status status="PASS" start="2024-04-06T20:14:46.224837" elapsed="0.000431"/>
</kw>
<kw name="Dictionary Should Contain Key" owner="Collections">
<msg time="2024-04-06T20:14:46.226077" level="INFO">False</msg>
<arg>${json_data['results'][0]['login']}</arg>
<arg>${keyTwo}</arg>
<doc>Fails if ``key`` is not found from ``dictionary``.</doc>
<status status="PASS" start="2024-04-06T20:14:46.225560" elapsed="0.000585"/>
</kw>
<kw name="Log" owner="BuiltIn">
<msg time="2024-04-06T20:14:46.226842" level="INFO">password</msg>
<arg>${keyTwo}</arg>
<doc>Logs the given message with the given level.</doc>
<status status="PASS" start="2024-04-06T20:14:46.226631" elapsed="0.000281"/>
</kw>
<var name="${keyTwo}">password</var>
<status status="PASS" start="2024-04-06T20:14:46.224727" elapsed="0.002539"/>
</iter>
<var>${keyTwo}</var>
<value>@{expected_keysTwo}</value>
<status status="PASS" start="2024-04-06T20:14:46.222433" elapsed="0.005015"/>
</for>
<status status="PASS" start="2024-04-06T20:14:46.104591" elapsed="0.123077"/>
</kw>
<doc>Testa a estrutura da resposta da API.</doc>
<tag>testeEstruturaResposta</tag>
<status status="PASS" start="2024-04-06T20:14:46.103647" elapsed="0.124293"/>
</test>
<test id="s1-s1-t4" name="Validar tipos de dados" line="28">
<kw name="Teste de Tipos de Dados" owner="random-user-service">
<kw name="GET On Session" owner="RequestsLibrary">
<msg time="2024-04-06T20:14:46.300846" level="INFO">GET Request : url=https://randomuser.me/api 
 path_url=/api 
 headers={'User-Agent': 'python-requests/2.31.0', 'Accept-Encoding': 'gzip, deflate', 'Accept': '*/*', 'Connection': 'keep-alive'} 
 body=None 
 </msg>
<msg time="2024-04-06T20:14:46.300934" level="INFO">GET Response : url=https://randomuser.me/api 
 status=200, reason=OK 
 headers={'Date': 'Sat, 06 Apr 2024 20:14:46 GMT', 'Content-Type': 'application/json; charset=utf-8', 'Transfer-Encoding': 'chunked', 'Connection': 'keep-alive', 'X-Powered-By': 'Express', 'Access-Control-Allow-Origin': '*', 'Cache-Control': 'no-cache', 'ETag': 'W/"4bc-TxxHIsReRg6FuHZNi2m7isHxY2s"', 'Vary': 'Accept-Encoding', 'Content-Encoding': 'gzip', 'CF-Cache-Status': 'DYNAMIC', 'Report-To': '{"endpoints":[{"url":"https:\\/\\/a.nel.cloudflare.com\\/report\\/v4?s=ZzkM1OLpj%2BYmyRlsotVQ5yfAmydD7GutV4ff%2BJz0Jehs0qGkbje202K6HImeitkaPFQWN8oayNL7f0XHuQl%2Bx%2FHlWIsjGMgVgtsdA7jpyF5g%2F4zQmS1giGMc64wl1DRu"}],"group":"cf-nel","max_age":604800}', 'NEL': '{"success_fraction":0,"report_to":"cf-nel","max_age":604800}', 'Server': 'cloudflare', 'CF-RAY': '87047232fd9282a5-IAD', 'alt-svc': 'h3=":443"; ma=86400'} 
 body={"results":[{"gender":"female","name":{"title":"Ms","first":"Patricia","last":"Gutiérrez"},"location":{"street":{"number":4721,"name":"Avenida de La Albufera"},"city":"San Sebastián de Los Reyes","state":"Navarra","country":"Spain","postcode":16045,"coordinates":{"latitude":"-34.2204","longitude":"40.7184"},"timezone":{"offset":"+5:00","description":"Ekaterinburg, Islamabad, Karachi, Tashkent"}},"email":"patricia.gutierrez@example.com","login":{"uuid":"c6ca72cd-1dc0-43d1-a38f-f4f2f2fdf236","username":"yellowwolf376","password":"karina","salt":"ZYdm1eyo","md5":"3eded562bba72076b7aa57595434f0e5","sha1":"07f3f78c0fb6de88042668c983e4cb7436173a46","sha256":"83b41712aa6ff9c6e29c71d30a9a4f269143399dbe6b82dc72d02b58abf786bd"},"dob":{"date":"2000-06-03T06:24:25.972Z","age":23},"registered":{"date":"2005-05-31T09:35:10.715Z","age":18},"phone":"919-891-244","cell":"633-883-478","id":{"name":"DNI","value":"20105599-F"},"picture":{"large":"https://randomuser.me/api/portraits/women/91.jpg","medium":"https://randomuser.me/api/portraits/med/women/91.jpg","thumbnail":"https://randomuser.me/api/portraits/thumb/women/91.jpg"},"nat":"ES"}],"info":{"seed":"946f8e08f0863e40","results":1,"page":1,"version":"1.4"}} 
 </msg>
<msg time="2024-04-06T20:14:46.301010" level="INFO">/opt/hostedtoolcache/Python/3.12.2/x64/lib/python3.12/site-packages/urllib3/connectionpool.py:1103: InsecureRequestWarning: Unverified HTTPS request is being made to host 'randomuser.me'. Adding certificate verification is strongly advised. See: https://urllib3.readthedocs.io/en/latest/advanced-usage.html#tls-warnings
  warnings.warn(</msg>
<msg time="2024-04-06T20:14:46.301129" level="INFO">${response} = &lt;Response [200]&gt;</msg>
<var>${response}</var>
<arg>consultarAPI</arg>
<arg>/api</arg>
<doc>Sends a GET request on a previously created HTTP Session.</doc>
<status status="PASS" start="2024-04-06T20:14:46.232120" elapsed="0.069065"/>
</kw>
<kw name="Set Variable" owner="BuiltIn">
<msg time="2024-04-06T20:14:46.302296" level="INFO">${json_data} = {'results': [{'gender': 'female', 'name': {'title': 'Ms', 'first': 'Patricia', 'last': 'Gutiérrez'}, 'location': {'street': {'number': 4721, 'name': 'Avenida de La Albufera'}, 'city': 'San Sebastián d...</msg>
<var>${json_data}</var>
<arg>${response.json()}</arg>
<doc>Returns the given values which can then be assigned to a variables.</doc>
<status status="PASS" start="2024-04-06T20:14:46.301732" elapsed="0.000594"/>
</kw>
<kw name="Log" owner="BuiltIn">
<msg time="2024-04-06T20:14:46.302807" level="INFO">{'results': [{'gender': 'female', 'name': {'title': 'Ms', 'first': 'Patricia', 'last': 'Gutiérrez'}, 'location': {'street': {'number': 4721, 'name': 'Avenida de La Albufera'}, 'city': 'San Sebastián de Los Reyes', 'state': 'Navarra', 'country': 'Spain', 'postcode': 16045, 'coordinates': {'latitude': '-34.2204', 'longitude': '40.7184'}, 'timezone': {'offset': '+5:00', 'description': 'Ekaterinburg, Islamabad, Karachi, Tashkent'}}, 'email': 'patricia.gutierrez@example.com', 'login': {'uuid': 'c6ca72cd-1dc0-43d1-a38f-f4f2f2fdf236', 'username': 'yellowwolf376', 'password': 'karina', 'salt': 'ZYdm1eyo', 'md5': '3eded562bba72076b7aa57595434f0e5', 'sha1': '07f3f78c0fb6de88042668c983e4cb7436173a46', 'sha256': '83b41712aa6ff9c6e29c71d30a9a4f269143399dbe6b82dc72d02b58abf786bd'}, 'dob': {'date': '2000-06-03T06:24:25.972Z', 'age': 23}, 'registered': {'date': '2005-05-31T09:35:10.715Z', 'age': 18}, 'phone': '919-891-244', 'cell': '633-883-478', 'id': {'name': 'DNI', 'value': '20105599-F'}, 'picture': {'large': 'https://randomuser.me/api/portraits/women/91.jpg', 'medium': 'https://randomuser.me/api/portraits/med/women/91.jpg', 'thumbnail': 'https://randomuser.me/api/portraits/thumb/women/91.jpg'}, 'nat': 'ES'}], 'info': {'seed': '946f8e08f0863e40', 'results': 1, 'page': 1, 'version': '1.4'}}</msg>
<arg>${json_data}</arg>
<doc>Logs the given message with the given level.</doc>
<status status="PASS" start="2024-04-06T20:14:46.302648" elapsed="0.000241"/>
</kw>
<kw name="Should Be String" owner="String">
<arg>${json_data['results'][0]['gender']}</arg>
<doc>Fails if the given ``item`` is not a string.</doc>
<status status="PASS" start="2024-04-06T20:14:46.303241" elapsed="0.000370"/>
</kw>
<kw name="Should Match Regexp" owner="BuiltIn">
<arg>${json_data['results'][0]['email']}</arg>
<arg>^[a-zA-Z0-9._%+-]+@[a-zA-Z0-9.-]+\.[a-zA-Z]{2,}$</arg>
<doc>Fails if ``string`` does not match ``pattern`` as a regular expression.</doc>
<status status="PASS" start="2024-04-06T20:14:46.303808" elapsed="0.000521"/>
</kw>
<kw name="Should Match Regexp" owner="BuiltIn">
<arg>${json_data['results'][0]['dob']['date']}</arg>
<arg>\\d{4}-\\d{2}-\\d{2}T\\d{2}:\\d{2}:\\d{2}\\.\\d{3}Z</arg>
<doc>Fails if ``string`` does not match ``pattern`` as a regular expression.</doc>
<status status="PASS" start="2024-04-06T20:14:46.304530" elapsed="0.000489"/>
</kw>
<kw name="Should Match Regexp" owner="BuiltIn">
<arg>${json_data['results'][0]['registered']['date']}</arg>
<arg>\\d{4}-\\d{2}-\\d{2}T\\d{2}:\\d{2}:\\d{2}\\.\\d{3}Z</arg>
<doc>Fails if ``string`` does not match ``pattern`` as a regular expression.</doc>
<status status="PASS" start="2024-04-06T20:14:46.305219" elapsed="0.000377"/>
</kw>
<kw name="Should Match Regexp" owner="BuiltIn">
<arg>${json_data['results'][0]['picture']['large']}</arg>
<arg>^https?://.*\.(?:png|jpe?g|gif|bmp)$</arg>
<doc>Fails if ``string`` does not match ``pattern`` as a regular expression.</doc>
<status status="PASS" start="2024-04-06T20:14:46.305786" elapsed="0.000460"/>
</kw>
<kw name="Should Match Regexp" owner="BuiltIn">
<arg>${json_data['results'][0]['picture']['medium']}</arg>
<arg>^https?://.*\.(?:png|jpe?g|gif|bmp)$</arg>
<doc>Fails if ``string`` does not match ``pattern`` as a regular expression.</doc>
<status status="PASS" start="2024-04-06T20:14:46.306447" elapsed="0.000354"/>
</kw>
<kw name="Should Match Regexp" owner="BuiltIn">
<arg>${json_data['results'][0]['picture']['thumbnail']}</arg>
<arg>^https?://.*\.(?:png|jpe?g|gif|bmp)$</arg>
<doc>Fails if ``string`` does not match ``pattern`` as a regular expression.</doc>
<status status="PASS" start="2024-04-06T20:14:46.306986" elapsed="0.000394"/>
</kw>
<kw name="Log" owner="BuiltIn">
<msg time="2024-04-06T20:14:46.307891" level="INFO">{'large': 'https://randomuser.me/api/portraits/women/91.jpg', 'medium': 'https://randomuser.me/api/portraits/med/women/91.jpg', 'thumbnail': 'https://randomuser.me/api/portraits/thumb/women/91.jpg'}</msg>
<arg>${json_data['results'][0]['picture']}</arg>
<doc>Logs the given message with the given level.</doc>
<status status="PASS" start="2024-04-06T20:14:46.307566" elapsed="0.000366"/>
</kw>
<status status="PASS" start="2024-04-06T20:14:46.231786" elapsed="0.076400"/>
</kw>
<kw name="Teste de Tipos de Dados - Postcode" owner="random-user-service">
<kw name="GET On Session" owner="RequestsLibrary">
<msg time="2024-04-06T20:14:46.399102" level="INFO">GET Request : url=https://randomuser.me/api 
 path_url=/api 
 headers={'User-Agent': 'python-requests/2.31.0', 'Accept-Encoding': 'gzip, deflate', 'Accept': '*/*', 'Connection': 'keep-alive'} 
 body=None 
 </msg>
<msg time="2024-04-06T20:14:46.399233" level="INFO">GET Response : url=https://randomuser.me/api 
 status=200, reason=OK 
 headers={'Date': 'Sat, 06 Apr 2024 20:14:46 GMT', 'Content-Type': 'application/json; charset=utf-8', 'Transfer-Encoding': 'chunked', 'Connection': 'keep-alive', 'X-Powered-By': 'Express', 'Access-Control-Allow-Origin': '*', 'Cache-Control': 'no-cache', 'ETag': 'W/"467-c3kYckTNMWCxCZMJTb4NkhyU7TY"', 'Vary': 'Accept-Encoding', 'Content-Encoding': 'gzip', 'CF-Cache-Status': 'DYNAMIC', 'Report-To': '{"endpoints":[{"url":"https:\\/\\/a.nel.cloudflare.com\\/report\\/v4?s=ggOz2xA0c2ds4vk0RE1u5PJXLZR4W5dlpVqmHljnfz6F%2FVN2QnFTvuehXmfQM2ybPQkVKPk2CVoK0rWBoMGo4pEjrWRkYqD06LCIoVSBiMOPamfw2EqpLAbq6TEuRV5v"}],"group":"cf-nel","max_age":604800}', 'NEL': '{"success_fraction":0,"report_to":"cf-nel","max_age":604800}', 'Server': 'cloudflare', 'CF-RAY': '870472336e0482a5-IAD', 'alt-svc': 'h3=":443"; ma=86400'} 
 body={"results":[{"gender":"male","name":{"title":"Mr","first":"Adam","last":"Robinson"},"location":{"street":{"number":5562,"name":"Pah Road"},"city":"Hamilton","state":"Otago","country":"New Zealand","postcode":68854,"coordinates":{"latitude":"49.5872","longitude":"-68.7815"},"timezone":{"offset":"-3:30","description":"Newfoundland"}},"email":"adam.robinson@example.com","login":{"uuid":"0a58a49a-8bdd-4f21-b009-dd1b4a4d5a81","username":"angrylion855","password":"00000","salt":"ITZ20lf8","md5":"a710697e5c56b94c97c8790ff86f507f","sha1":"323677fcef830f5613327dc83ce9a0f3f6d46cb7","sha256":"c045d0319cb528a776623c525e858a8ebc06deba2b7b28b4cbf5fa0c4553e8ea"},"dob":{"date":"1990-12-30T16:12:01.341Z","age":33},"registered":{"date":"2004-04-20T14:50:12.718Z","age":19},"phone":"(262)-836-5080","cell":"(585)-158-8892","id":{"name":"","value":null},"picture":{"large":"https://randomuser.me/api/portraits/men/72.jpg","medium":"https://randomuser.me/api/portraits/med/men/72.jpg","thumbnail":"https://randomuser.me/api/portraits/thumb/men/72.jpg"},"nat":"NZ"}],"info":{"seed":"6d6f00f8f8ff1091","results":1,"page":1,"version":"1.4"}} 
 </msg>
<msg time="2024-04-06T20:14:46.399319" level="INFO">/opt/hostedtoolcache/Python/3.12.2/x64/lib/python3.12/site-packages/urllib3/connectionpool.py:1103: InsecureRequestWarning: Unverified HTTPS request is being made to host 'randomuser.me'. Adding certificate verification is strongly advised. See: https://urllib3.readthedocs.io/en/latest/advanced-usage.html#tls-warnings
  warnings.warn(</msg>
<msg time="2024-04-06T20:14:46.399439" level="INFO">${response} = &lt;Response [200]&gt;</msg>
<var>${response}</var>
<arg>consultarAPI</arg>
<arg>/api</arg>
<doc>Sends a GET request on a previously created HTTP Session.</doc>
<status status="PASS" start="2024-04-06T20:14:46.308748" elapsed="0.090747"/>
</kw>
<kw name="Set Variable" owner="BuiltIn">
<msg time="2024-04-06T20:14:46.400493" level="INFO">${json_data} = {'results': [{'gender': 'male', 'name': {'title': 'Mr', 'first': 'Adam', 'last': 'Robinson'}, 'location': {'street': {'number': 5562, 'name': 'Pah Road'}, 'city': 'Hamilton', 'state': 'Otago', 'countr...</msg>
<var>${json_data}</var>
<arg>${response.json()}</arg>
<doc>Returns the given values which can then be assigned to a variables.</doc>
<status status="PASS" start="2024-04-06T20:14:46.399950" elapsed="0.000572"/>
</kw>
<kw name="Log" owner="BuiltIn">
<msg time="2024-04-06T20:14:46.400984" level="INFO">{'results': [{'gender': 'male', 'name': {'title': 'Mr', 'first': 'Adam', 'last': 'Robinson'}, 'location': {'street': {'number': 5562, 'name': 'Pah Road'}, 'city': 'Hamilton', 'state': 'Otago', 'country': 'New Zealand', 'postcode': 68854, 'coordinates': {'latitude': '49.5872', 'longitude': '-68.7815'}, 'timezone': {'offset': '-3:30', 'description': 'Newfoundland'}}, 'email': 'adam.robinson@example.com', 'login': {'uuid': '0a58a49a-8bdd-4f21-b009-dd1b4a4d5a81', 'username': 'angrylion855', 'password': '00000', 'salt': 'ITZ20lf8', 'md5': 'a710697e5c56b94c97c8790ff86f507f', 'sha1': '323677fcef830f5613327dc83ce9a0f3f6d46cb7', 'sha256': 'c045d0319cb528a776623c525e858a8ebc06deba2b7b28b4cbf5fa0c4553e8ea'}, 'dob': {'date': '1990-12-30T16:12:01.341Z', 'age': 33}, 'registered': {'date': '2004-04-20T14:50:12.718Z', 'age': 19}, 'phone': '(262)-836-5080', 'cell': '(585)-158-8892', 'id': {'name': '', 'value': None}, 'picture': {'large': 'https://randomuser.me/api/portraits/men/72.jpg', 'medium': 'https://randomuser.me/api/portraits/med/men/72.jpg', 'thumbnail': 'https://randomuser.me/api/portraits/thumb/men/72.jpg'}, 'nat': 'NZ'}], 'info': {'seed': '6d6f00f8f8ff1091', 'results': 1, 'page': 1, 'version': '1.4'}}</msg>
<arg>${json_data}</arg>
<doc>Logs the given message with the given level.</doc>
<status status="PASS" start="2024-04-06T20:14:46.400831" elapsed="0.000230"/>
</kw>
<kw name="Should Be Equal As Numbers" owner="BuiltIn">
<arg>${json_data['results'][0]['location']['postcode']}</arg>
<arg>${json_data['results'][0]['location']['postcode']}</arg>
<doc>Fails if objects are unequal after converting them to real numbers.</doc>
<status status="PASS" start="2024-04-06T20:14:46.401368" elapsed="0.000624"/>
</kw>
<kw name="Log" owner="BuiltIn">
<msg time="2024-04-06T20:14:46.402526" level="INFO">68854</msg>
<arg>${json_data['results'][0]['location']['postcode']}</arg>
<doc>Logs the given message with the given level.</doc>
<status status="PASS" start="2024-04-06T20:14:46.402189" elapsed="0.000378"/>
</kw>
<status status="PASS" start="2024-04-06T20:14:46.308406" elapsed="0.094414"/>
</kw>
<doc>Testa se os tipos de dados na resposta da API estão corretos.</doc>
<tag>testeTiposDados</tag>
<status status="PASS" start="2024-04-06T20:14:46.231175" elapsed="0.171808"/>
</test>
<test id="s1-s1-t5" name="Validar conteudo" line="35">
<kw name="Teste de Tipos de Conteudo" owner="random-user-service">
<kw name="GET On Session" owner="RequestsLibrary">
<msg time="2024-04-06T20:14:46.503805" level="INFO">GET Request : url=https://randomuser.me/api 
 path_url=/api 
 headers={'User-Agent': 'python-requests/2.31.0', 'Accept-Encoding': 'gzip, deflate', 'Accept': '*/*', 'Connection': 'keep-alive'} 
 body=None 
 </msg>
<msg time="2024-04-06T20:14:46.503867" level="INFO">GET Response : url=https://randomuser.me/api 
 status=200, reason=OK 
 headers={'Date': 'Sat, 06 Apr 2024 20:14:46 GMT', 'Content-Type': 'application/json; charset=utf-8', 'Transfer-Encoding': 'chunked', 'Connection': 'keep-alive', 'X-Powered-By': 'Express', 'Access-Control-Allow-Origin': '*', 'Cache-Control': 'no-cache', 'ETag': 'W/"4a1-q79ZK6yl5P4lyhmUq7Z/jS8krMQ"', 'Vary': 'Accept-Encoding', 'Content-Encoding': 'gzip', 'CF-Cache-Status': 'DYNAMIC', 'Report-To': '{"endpoints":[{"url":"https:\\/\\/a.nel.cloudflare.com\\/report\\/v4?s=JIcHIPBiaE02msbGWvpciAnnPZlkRfYH3ukHL8RmiN3x0OVXtVZ8aIwISfqA9BlHwEngaJytzPO%2BS7e40mzY2f0fMuq9N9am2ldlaRdqE5VCHFruiblNTdKrng8ycoQq"}],"group":"cf-nel","max_age":604800}', 'NEL': '{"success_fraction":0,"report_to":"cf-nel","max_age":604800}', 'Server': 'cloudflare', 'CF-RAY': '870472340ea882a5-IAD', 'alt-svc': 'h3=":443"; ma=86400'} 
 body={"results":[{"gender":"female","name":{"title":"Miss","first":"Isis","last":"Pires"},"location":{"street":{"number":9792,"name":"Avenida da Democracia"},"city":"Mogi das Cruzes","state":"Rio Grande do Norte","country":"Brazil","postcode":64811,"coordinates":{"latitude":"-76.8438","longitude":"43.9168"},"timezone":{"offset":"+7:00","description":"Bangkok, Hanoi, Jakarta"}},"email":"isis.pires@example.com","login":{"uuid":"7c1df08b-900b-4028-aa7a-39a4b727d9b5","username":"redduck613","password":"jolene","salt":"caSbjFiO","md5":"b715c22275870cb97da9c37c3d52b636","sha1":"6ff86da11aaa3a4f66228ce3bb6ebea6c45ff949","sha256":"2d195d9e5981376cfdba0b120a4cb252f7594f8ea47a0ba38b8be50981b2a953"},"dob":{"date":"1980-11-01T08:39:58.710Z","age":43},"registered":{"date":"2008-03-10T10:19:53.218Z","age":16},"phone":"(41) 4856-3123","cell":"(03) 9739-4754","id":{"name":"CPF","value":"481.700.517-85"},"picture":{"large":"https://randomuser.me/api/portraits/women/68.jpg","medium":"https://randomuser.me/api/portraits/med/women/68.jpg","thumbnail":"https://randomuser.me/api/portraits/thumb/women/68.jpg"},"nat":"BR"}],"info":{"seed":"412ad42dbb498983","results":1,"page":1,"version":"1.4"}} 
 </msg>
<msg time="2024-04-06T20:14:46.503919" level="INFO">/opt/hostedtoolcache/Python/3.12.2/x64/lib/python3.12/site-packages/urllib3/connectionpool.py:1103: InsecureRequestWarning: Unverified HTTPS request is being made to host 'randomuser.me'. Adding certificate verification is strongly advised. See: https://urllib3.readthedocs.io/en/latest/advanced-usage.html#tls-warnings
  warnings.warn(</msg>
<msg time="2024-04-06T20:14:46.504008" level="INFO">${response} = &lt;Response [200]&gt;</msg>
<var>${response}</var>
<arg>consultarAPI</arg>
<arg>/api</arg>
<doc>Sends a GET request on a previously created HTTP Session.</doc>
<status status="PASS" start="2024-04-06T20:14:46.405493" elapsed="0.098556"/>
</kw>
<kw name="Set Variable" owner="BuiltIn">
<msg time="2024-04-06T20:14:46.505030" level="INFO">${json_data} = {'results': [{'gender': 'female', 'name': {'title': 'Miss', 'first': 'Isis', 'last': 'Pires'}, 'location': {'street': {'number': 9792, 'name': 'Avenida da Democracia'}, 'city': 'Mogi das Cruzes', 'sta...</msg>
<var>${json_data}</var>
<arg>${response.json()}</arg>
<doc>Returns the given values which can then be assigned to a variables.</doc>
<status status="PASS" start="2024-04-06T20:14:46.504493" elapsed="0.000566"/>
</kw>
<kw name="Set Variable" owner="BuiltIn">
<msg time="2024-04-06T20:14:46.505745" level="INFO">${name_title} = Miss</msg>
<var>${name_title}</var>
<arg>${json_data["results"][0]["name"]["title"]}</arg>
<doc>Returns the given values which can then be assigned to a variables.</doc>
<status status="PASS" start="2024-04-06T20:14:46.505364" elapsed="0.000406"/>
</kw>
<kw name="Create List" owner="BuiltIn">
<msg time="2024-04-06T20:14:46.506215" level="INFO">${allowed_titles} = ['Mr', 'Ms', 'Miss', 'Mrs', 'Madame', 'Monsieur']</msg>
<var>${allowed_titles}</var>
<arg>Mr</arg>
<arg>Ms</arg>
<arg>Miss</arg>
<arg>Mrs</arg>
<arg>Madame</arg>
<arg>Monsieur</arg>
<doc>Returns a list containing given items.</doc>
<status status="PASS" start="2024-04-06T20:14:46.506068" elapsed="0.000171"/>
</kw>
<kw name="List Should Contain Value" owner="Collections">
<msg time="2024-04-06T20:14:46.506702" level="INFO">False</msg>
<arg>${allowed_titles}</arg>
<arg>${name_title}</arg>
<doc>Fails if the ``value`` is not found from ``list``.</doc>
<status status="PASS" start="2024-04-06T20:14:46.506537" elapsed="0.000201"/>
</kw>
<kw name="Set Variable" owner="BuiltIn">
<msg time="2024-04-06T20:14:46.507485" level="INFO">${name_country} = BR</msg>
<var>${name_country}</var>
<arg>${json_data["results"][0]["nat"]}</arg>
<doc>Returns the given values which can then be assigned to a variables.</doc>
<status status="PASS" start="2024-04-06T20:14:46.507034" elapsed="0.000477"/>
</kw>
<kw name="Create List" owner="BuiltIn">
<msg time="2024-04-06T20:14:46.508423" level="INFO">${list_country} = ['AD', 'AE', 'AF', 'AG', 'AI', 'AL', 'AM', 'AO', 'AQ', 'AR', 'AS', 'AT', 'AU', 'AW', 'AX', 'AZ', 'BA', 'BB', 'BD', 'BE', 'BF', 'BG', 'BH', 'BI', 'BJ', 'BL', 'BM', 'BN', 'BO', 'BQ', 'BR', 'BS', 'BT', '...</msg>
<var>${list_country}</var>
<arg>AD</arg>
<arg>AE</arg>
<arg>AF</arg>
<arg>AG</arg>
<arg>AI</arg>
<arg>AL</arg>
<arg>AM</arg>
<arg>AO</arg>
<arg>AQ</arg>
<arg>AR</arg>
<arg>AS</arg>
<arg>AT</arg>
<arg>AU</arg>
<arg>AW</arg>
<arg>AX</arg>
<arg>AZ</arg>
<arg>BA</arg>
<arg>BB</arg>
<arg>BD</arg>
<arg>BE</arg>
<arg>BF</arg>
<arg>BG</arg>
<arg>BH</arg>
<arg>BI</arg>
<arg>BJ</arg>
<arg>BL</arg>
<arg>BM</arg>
<arg>BN</arg>
<arg>BO</arg>
<arg>BQ</arg>
<arg>BR</arg>
<arg>BS</arg>
<arg>BT</arg>
<arg>BV</arg>
<arg>BW</arg>
<arg>BY</arg>
<arg>BZ</arg>
<arg>CA</arg>
<arg>CC</arg>
<arg>CD</arg>
<arg>CF</arg>
<arg>CG</arg>
<arg>CH</arg>
<arg>CI</arg>
<arg>CK</arg>
<arg>CL</arg>
<arg>CM</arg>
<arg>CN</arg>
<arg>CO</arg>
<arg>CR</arg>
<arg>CU</arg>
<arg>CV</arg>
<arg>CW</arg>
<arg>CX</arg>
<arg>CY</arg>
<arg>CZ</arg>
<arg>DE</arg>
<arg>DJ</arg>
<arg>DK</arg>
<arg>DM</arg>
<arg>DO</arg>
<arg>DZ</arg>
<arg>EC</arg>
<arg>EE</arg>
<arg>EG</arg>
<arg>EH</arg>
<arg>ER</arg>
<arg>ES</arg>
<arg>ET</arg>
<arg>FI</arg>
<arg>FJ</arg>
<arg>FK</arg>
<arg>FM</arg>
<arg>FO</arg>
<arg>FR</arg>
<arg>GA</arg>
<arg>GB</arg>
<arg>GD</arg>
<arg>GE</arg>
<arg>GF</arg>
<arg>GG</arg>
<arg>GH</arg>
<arg>GI</arg>
<arg>GL</arg>
<arg>GM</arg>
<arg>GN</arg>
<arg>GP</arg>
<arg>GQ</arg>
<arg>GR</arg>
<arg>GS</arg>
<arg>GT</arg>
<arg>GU</arg>
<arg>GW</arg>
<arg>GY</arg>
<arg>HK</arg>
<arg>HM</arg>
<arg>HN</arg>
<arg>HR</arg>
<arg>HT</arg>
<arg>HU</arg>
<arg>ID</arg>
<arg>IE</arg>
<arg>IL</arg>
<arg>IM</arg>
<arg>IN</arg>
<arg>IO</arg>
<arg>IQ</arg>
<arg>IR</arg>
<arg>IS</arg>
<arg>IT</arg>
<arg>JE</arg>
<arg>JM</arg>
<arg>JO</arg>
<arg>JP</arg>
<arg>KE</arg>
<arg>KG</arg>
<arg>KH</arg>
<arg>KI</arg>
<arg>KM</arg>
<arg>KN</arg>
<arg>KP</arg>
<arg>KR</arg>
<arg>KW</arg>
<arg>KY</arg>
<arg>KZ</arg>
<arg>LA</arg>
<arg>LB</arg>
<arg>LC</arg>
<arg>LI</arg>
<arg>LK</arg>
<arg>LR</arg>
<arg>LS</arg>
<arg>LT</arg>
<arg>LU</arg>
<arg>LV</arg>
<arg>LY</arg>
<arg>MA</arg>
<arg>MC</arg>
<arg>MD</arg>
<arg>ME</arg>
<arg>MF</arg>
<arg>MG</arg>
<arg>MH</arg>
<arg>MK</arg>
<arg>ML</arg>
<arg>MM</arg>
<arg>MN</arg>
<arg>MO</arg>
<arg>MP</arg>
<arg>MQ</arg>
<arg>MR</arg>
<arg>MS</arg>
<arg>MT</arg>
<arg>MU</arg>
<arg>MV</arg>
<arg>MW</arg>
<arg>MX</arg>
<arg>MY</arg>
<arg>MZ</arg>
<arg>NA</arg>
<arg>NC</arg>
<arg>NE</arg>
<arg>NF</arg>
<arg>NG</arg>
<arg>NI</arg>
<arg>NL</arg>
<arg>NO</arg>
<arg>NP</arg>
<arg>NR</arg>
<arg>NU</arg>
<arg>NZ</arg>
<arg>OM</arg>
<arg>PA</arg>
<arg>PE</arg>
<arg>PF</arg>
<arg>PG</arg>
<arg>PH</arg>
<arg>PK</arg>
<arg>PL</arg>
<arg>PM</arg>
<arg>PN</arg>
<arg>PR</arg>
<arg>PS</arg>
<arg>PT</arg>
<arg>PW</arg>
<arg>PY</arg>
<arg>QA</arg>
<arg>RE</arg>
<arg>RO</arg>
<arg>RS</arg>
<arg>RU</arg>
<arg>RW</arg>
<arg>SA</arg>
<arg>SB</arg>
<arg>SC</arg>
<arg>SD</arg>
<arg>SE</arg>
<arg>SG</arg>
<arg>SH</arg>
<arg>SI</arg>
<arg>SJ</arg>
<arg>SK</arg>
<arg>SL</arg>
<arg>SM</arg>
<arg>SN</arg>
<arg>SO</arg>
<arg>SR</arg>
<arg>SS</arg>
<arg>ST</arg>
<arg>SV</arg>
<arg>SX</arg>
<arg>SY</arg>
<arg>SZ</arg>
<arg>TC</arg>
<arg>TD</arg>
<arg>TF</arg>
<arg>TG</arg>
<arg>TH</arg>
<arg>TJ</arg>
<arg>TK</arg>
<arg>TL</arg>
<arg>TM</arg>
<arg>TN</arg>
<arg>TO</arg>
<arg>TR</arg>
<arg>TT</arg>
<arg>TV</arg>
<arg>TW</arg>
<arg>TZ</arg>
<arg>UA</arg>
<arg>UG</arg>
<arg>UM</arg>
<arg>US</arg>
<arg>UY</arg>
<arg>UZ</arg>
<arg>VA</arg>
<arg>VC</arg>
<arg>VE</arg>
<arg>VG</arg>
<arg>VI</arg>
<arg>VN</arg>
<arg>VU</arg>
<arg>WF</arg>
<arg>WS</arg>
<arg>XK</arg>
<arg>YE</arg>
<arg>YT</arg>
<arg>ZA</arg>
<arg>ZM</arg>
<arg>ZW</arg>
<doc>Returns a list containing given items.</doc>
<status status="PASS" start="2024-04-06T20:14:46.507821" elapsed="0.000628"/>
</kw>
<kw name="List Should Contain Value" owner="Collections">
<msg time="2024-04-06T20:14:46.509532" level="INFO">False</msg>
<arg>${list_country}</arg>
<arg>${name_country}</arg>
<doc>Fails if the ``value`` is not found from ``list``.</doc>
<status status="PASS" start="2024-04-06T20:14:46.509329" elapsed="0.000240"/>
</kw>
<kw name="Run Keyword If" owner="BuiltIn">
<kw name="Should Be True" owner="BuiltIn">
<arg>${True}</arg>
<doc>Fails if the given condition is not true.</doc>
<status status="PASS" start="2024-04-06T20:14:46.510628" elapsed="0.000151"/>
</kw>
<arg>${json_data["results"][0]["location"]["coordinates"]["latitude"]} &gt;= -90 and ${json_data["results"][0]["location"]["coordinates"]["latitude"]} &lt;= 90</arg>
<arg>Should Be True</arg>
<arg>${True}</arg>
<doc>Runs the given keyword with the given arguments, if ``condition`` is true.</doc>
<status status="PASS" start="2024-04-06T20:14:46.509880" elapsed="0.001027"/>
</kw>
<kw name="Run Keyword If" owner="BuiltIn">
<kw name="Should Be True" owner="BuiltIn">
<arg>${True}</arg>
<doc>Fails if the given condition is not true.</doc>
<status status="PASS" start="2024-04-06T20:14:46.511816" elapsed="0.000138"/>
</kw>
<arg>${json_data["results"][0]["location"]["coordinates"]["longitude"]} &gt;= -180 and ${json_data["results"][0]["location"]["coordinates"]["longitude"]} &lt;= 180</arg>
<arg>Should Be True</arg>
<arg>${True}</arg>
<doc>Runs the given keyword with the given arguments, if ``condition`` is true.</doc>
<status status="PASS" start="2024-04-06T20:14:46.511093" elapsed="0.000985"/>
</kw>
<status status="PASS" start="2024-04-06T20:14:46.405272" elapsed="0.106935"/>
</kw>
<doc>Testa o conteúdo específico dos campos retornados pela API.</doc>
<tag>testeConteudo</tag>
<status status="PASS" start="2024-04-06T20:14:46.404766" elapsed="0.107585"/>
</test>
<status status="PASS" start="2024-04-06T20:14:45.574985" elapsed="0.939267"/>
</suite>
<status status="PASS" start="2024-04-06T20:14:45.561479" elapsed="0.958125"/>
</suite>
<statistics>
<total>
<stat pass="5" fail="0" skip="0">All Tests</stat>
</total>
<tag>
<stat pass="1" fail="0" skip="0">testeConteudo</stat>
<stat pass="1" fail="0" skip="0">testeEstruturaResposta</stat>
<stat pass="1" fail="0" skip="0">testeRequisicaoBasica</stat>
<stat pass="1" fail="0" skip="0">testeTiposDados</stat>
</tag>
<suite>
<stat pass="5" fail="0" skip="0" id="s1" name="Tests">Tests</stat>
<stat pass="5" fail="0" skip="0" id="s1-s1" name="Random-User-Test">Tests.Random-User-Test</stat>
</suite>
</statistics>
<errors>
</errors>
</robot>
