<?xml version="1.0" encoding="UTF-8"?>
<robot generator="Robot 7.0 (Python 3.12.3 on linux)" generated="2024-05-06T12:26:38.162104" rpa="false" schemaversion="5">
<suite id="s1" name="Tests" source="/home/runner/work/DesafioQAItauRogerioJordao/DesafioQAItauRogerioJordao/RamdonUser/tests">
<suite id="s1-s1" name="Random-User-Test" source="/home/runner/work/DesafioQAItauRogerioJordao/DesafioQAItauRogerioJordao/RamdonUser/tests/random-user-test.robot">
<test id="s1-s1-t1" name="Conectar" line="13">
<kw name="Conectar API" owner="random-user-service">
<kw name="Create Session" owner="RequestsLibrary">
<msg time="2024-05-06T12:26:38.520087" level="INFO">Creating Session using : alias=consultarAPI, url=https://randomuser.me/, headers={},                     cookies={}, auth=None, timeout=None, proxies=None, verify=False,                     debug=0 </msg>
<arg>consultarAPI</arg>
<arg>${URL}</arg>
<doc>Create Session: create a HTTP session to a server</doc>
<status status="PASS" start="2024-05-06T12:26:38.519883" elapsed="0.000382"/>
</kw>
<status status="PASS" start="2024-05-06T12:26:38.518886" elapsed="0.001735"/>
</kw>
<status status="PASS" start="2024-05-06T12:26:38.518242" elapsed="0.002575"/>
</test>
<test id="s1-s1-t2" name="Validar retorno 200 e JSON Válido" line="16">
<kw name="Teste de Requisicao Basica" owner="random-user-service">
<kw name="GET On Session" owner="RequestsLibrary">
<msg time="2024-05-06T12:26:38.659551" level="INFO">GET Request : url=https://randomuser.me/api 
 path_url=/api 
 headers={'User-Agent': 'python-requests/2.31.0', 'Accept-Encoding': 'gzip, deflate', 'Accept': '*/*', 'Connection': 'keep-alive'} 
 body=None 
 </msg>
<msg time="2024-05-06T12:26:38.659694" level="INFO">GET Response : url=https://randomuser.me/api 
 status=200, reason=OK 
 headers={'Date': 'Mon, 06 May 2024 12:26:38 GMT', 'Content-Type': 'application/json; charset=utf-8', 'Transfer-Encoding': 'chunked', 'Connection': 'keep-alive', 'X-Powered-By': 'Express', 'Access-Control-Allow-Origin': '*', 'Cache-Control': 'no-cache', 'ETag': 'W/"4a4-VJmCeDGumb9R7tfCoxSQL78fpsA"', 'Vary': 'Accept-Encoding', 'Content-Encoding': 'gzip', 'CF-Cache-Status': 'DYNAMIC', 'Report-To': '{"endpoints":[{"url":"https:\\/\\/a.nel.cloudflare.com\\/report\\/v4?s=UX4NT6F0uAMWUZAZqVDDK09mN%2FV92I1Mj08OocaQX9C%2Bzaw8WL2VHtwDTYjiUIqIHz5oJpvLx2W1%2F5W0FdbciBM5ZkNsBj1kE2gG%2FwMVxUa9zUTgeQFbgir0K9YmVJqZ"}],"group":"cf-nel","max_age":604800}', 'NEL': '{"success_fraction":0,"report_to":"cf-nel","max_age":604800}', 'Server': 'cloudflare', 'CF-RAY': '87f8f5b6f987fa6a-SJC', 'alt-svc': 'h3=":443"; ma=86400'} 
 body={"results":[{"gender":"female","name":{"title":"Mrs","first":"Tracy","last":"Hoogerwerf"},"location":{"street":{"number":9303,"name":"Graafbij"},"city":"Merum","state":"Flevoland","country":"Netherlands","postcode":"1848 GY","coordinates":{"latitude":"34.5783","longitude":"9.5129"},"timezone":{"offset":"+5:00","description":"Ekaterinburg, Islamabad, Karachi, Tashkent"}},"email":"tracy.hoogerwerf@example.com","login":{"uuid":"e46ae982-a5fe-4b15-8e59-714c43c5b937","username":"purpleladybug166","password":"espresso","salt":"w04Sevb6","md5":"7895dcc95d07da4cb1098eefa8060575","sha1":"e216079bbc4db372cf98ac456958c8b617583dda","sha256":"4898b8aaebd33aec446abde0f37f4cc0ec6285ed918dede39d1875d7e44d8eb6"},"dob":{"date":"1959-01-10T21:32:24.580Z","age":65},"registered":{"date":"2017-12-28T05:56:40.814Z","age":6},"phone":"(0684) 119283","cell":"(06) 63717276","id":{"name":"BSN","value":"24156062"},"picture":{"large":"https://randomuser.me/api/portraits/women/25.jpg","medium":"https://randomuser.me/api/portraits/med/women/25.jpg","thumbnail":"https://randomuser.me/api/portraits/thumb/women/25.jpg"},"nat":"NL"}],"info":{"seed":"f5e7e89445bcc59f","results":1,"page":1,"version":"1.4"}} 
 </msg>
<msg time="2024-05-06T12:26:38.659772" level="INFO">/opt/hostedtoolcache/Python/3.12.3/x64/lib/python3.12/site-packages/urllib3/connectionpool.py:1103: InsecureRequestWarning: Unverified HTTPS request is being made to host 'randomuser.me'. Adding certificate verification is strongly advised. See: https://urllib3.readthedocs.io/en/latest/advanced-usage.html#tls-warnings
  warnings.warn(</msg>
<msg time="2024-05-06T12:26:38.659941" level="INFO">${response} = &lt;Response [200]&gt;</msg>
<var>${response}</var>
<arg>consultarAPI</arg>
<arg>/api</arg>
<doc>Sends a GET request on a previously created HTTP Session.</doc>
<status status="PASS" start="2024-05-06T12:26:38.523532" elapsed="0.136453"/>
</kw>
<kw name="Should Be Equal As Numbers" owner="BuiltIn">
<msg time="2024-05-06T12:26:38.661124" level="INFO">Argument types are:
&lt;class 'int'&gt;
&lt;class 'str'&gt;</msg>
<arg>${response.status_code}</arg>
<arg>200</arg>
<doc>Fails if objects are unequal after converting them to real numbers.</doc>
<status status="PASS" start="2024-05-06T12:26:38.660622" elapsed="0.000568"/>
</kw>
<kw name="Log" owner="BuiltIn">
<msg time="2024-05-06T12:26:38.661882" level="INFO">200</msg>
<arg>${response.status_code}</arg>
<doc>Logs the given message with the given level.</doc>
<status status="PASS" start="2024-05-06T12:26:38.661535" elapsed="0.000389"/>
</kw>
<kw name="Set Variable" owner="BuiltIn">
<msg time="2024-05-06T12:26:38.662648" level="INFO">${json_data} = {'results': [{'gender': 'female', 'name': {'title': 'Mrs', 'first': 'Tracy', 'last': 'Hoogerwerf'}, 'location': {'street': {'number': 9303, 'name': 'Graafbij'}, 'city': 'Merum', 'state': 'Flevoland', ...</msg>
<var>${json_data}</var>
<arg>${response.json()}</arg>
<doc>Returns the given values which can then be assigned to a variables.</doc>
<status status="PASS" start="2024-05-06T12:26:38.662225" elapsed="0.000451"/>
</kw>
<kw name="Dictionary Should Contain Key" owner="Collections">
<msg time="2024-05-06T12:26:38.663134" level="INFO">False</msg>
<arg>${json_data}</arg>
<arg>results</arg>
<doc>Fails if ``key`` is not found from ``dictionary``.</doc>
<status status="PASS" start="2024-05-06T12:26:38.662971" elapsed="0.000207"/>
</kw>
<status status="PASS" start="2024-05-06T12:26:38.523287" elapsed="0.140144"/>
</kw>
<doc>Testa se a API responde corretamente e retorna um objeto JSON válido.</doc>
<tag>testeRequisicaoBasica</tag>
<status status="PASS" start="2024-05-06T12:26:38.522729" elapsed="0.140882"/>
</test>
<test id="s1-s1-t3" name="Validar estrutura de resposta" line="22">
<kw name="Teste de Estrutura de Resposta" owner="random-user-service">
<kw name="GET On Session" owner="RequestsLibrary">
<msg time="2024-05-06T12:26:38.780080" level="INFO">GET Request : url=https://randomuser.me/api 
 path_url=/api 
 headers={'User-Agent': 'python-requests/2.31.0', 'Accept-Encoding': 'gzip, deflate', 'Accept': '*/*', 'Connection': 'keep-alive'} 
 body=None 
 </msg>
<msg time="2024-05-06T12:26:38.780176" level="INFO">GET Response : url=https://randomuser.me/api 
 status=200, reason=OK 
 headers={'Date': 'Mon, 06 May 2024 12:26:38 GMT', 'Content-Type': 'application/json; charset=utf-8', 'Transfer-Encoding': 'chunked', 'Connection': 'keep-alive', 'X-Powered-By': 'Express', 'Access-Control-Allow-Origin': '*', 'Cache-Control': 'no-cache', 'ETag': 'W/"49e-1MW4mKDPV8UrHi7IOZXcCa2brCY"', 'Vary': 'Accept-Encoding', 'Content-Encoding': 'gzip', 'CF-Cache-Status': 'DYNAMIC', 'Report-To': '{"endpoints":[{"url":"https:\\/\\/a.nel.cloudflare.com\\/report\\/v4?s=crExLl%2FLaSymGZ0NNxMIaJfMahG%2F%2Fijss8pvBiB%2FAkEno7cCYF4GwV5V819LhHdu5oMIn9doHJFiA9W0gK1DCNv1F%2BT30yNsjj%2FI8rJcKgNCuw919eVFXf4q8MBUjeSK"}],"group":"cf-nel","max_age":604800}', 'NEL': '{"success_fraction":0,"report_to":"cf-nel","max_age":604800}', 'Server': 'cloudflare', 'CF-RAY': '87f8f5b7a9e8fa6a-SJC', 'alt-svc': 'h3=":443"; ma=86400'} 
 body={"results":[{"gender":"female","name":{"title":"Mrs","first":"Adriana","last":"Borzenko"},"location":{"street":{"number":367,"name":"Akademika Bogomolcya"},"city":"Mirgorod","state":"Vinnicka","country":"Ukraine","postcode":40873,"coordinates":{"latitude":"75.0378","longitude":"172.8289"},"timezone":{"offset":"-5:00","description":"Eastern Time (US &amp; Canada), Bogota, Lima"}},"email":"adriana.borzenko@example.com","login":{"uuid":"01840181-54ce-4401-9878-08465e14d10f","username":"lazybird595","password":"horseman","salt":"qV4rahYF","md5":"1169c8d57d6c02f7cce3305d952a8ff2","sha1":"ddf547147f4c6cc3ecdaba563019fd8f7561843e","sha256":"6ae3692c6a0eafb9c883fc3bca146265300225c4a67c2d9ae31768d3f3db2c0e"},"dob":{"date":"1961-03-22T03:51:31.548Z","age":63},"registered":{"date":"2010-05-09T08:24:38.265Z","age":13},"phone":"(099) B28-0090","cell":"(066) W07-9890","id":{"name":"","value":null},"picture":{"large":"https://randomuser.me/api/portraits/women/34.jpg","medium":"https://randomuser.me/api/portraits/med/women/34.jpg","thumbnail":"https://randomuser.me/api/portraits/thumb/women/34.jpg"},"nat":"UA"}],"info":{"seed":"7ff2dcc31e8a0a97","results":1,"page":1,"version":"1.4"}} 
 </msg>
<msg time="2024-05-06T12:26:38.780303" level="INFO">/opt/hostedtoolcache/Python/3.12.3/x64/lib/python3.12/site-packages/urllib3/connectionpool.py:1103: InsecureRequestWarning: Unverified HTTPS request is being made to host 'randomuser.me'. Adding certificate verification is strongly advised. See: https://urllib3.readthedocs.io/en/latest/advanced-usage.html#tls-warnings
  warnings.warn(</msg>
<msg time="2024-05-06T12:26:38.780447" level="INFO">${response} = &lt;Response [200]&gt;</msg>
<var>${response}</var>
<arg>consultarAPI</arg>
<arg>/api</arg>
<doc>Sends a GET request on a previously created HTTP Session.</doc>
<status status="PASS" start="2024-05-06T12:26:38.666227" elapsed="0.114267"/>
</kw>
<kw name="Set Variable" owner="BuiltIn">
<msg time="2024-05-06T12:26:38.781591" level="INFO">${json_data} = {'results': [{'gender': 'female', 'name': {'title': 'Mrs', 'first': 'Adriana', 'last': 'Borzenko'}, 'location': {'street': {'number': 367, 'name': 'Akademika Bogomolcya'}, 'city': 'Mirgorod', 'state':...</msg>
<var>${json_data}</var>
<arg>${response.json()}</arg>
<doc>Returns the given values which can then be assigned to a variables.</doc>
<status status="PASS" start="2024-05-06T12:26:38.781059" elapsed="0.000559"/>
</kw>
<kw name="Log" owner="BuiltIn">
<msg time="2024-05-06T12:26:38.782091" level="INFO">{'results': [{'gender': 'female', 'name': {'title': 'Mrs', 'first': 'Adriana', 'last': 'Borzenko'}, 'location': {'street': {'number': 367, 'name': 'Akademika Bogomolcya'}, 'city': 'Mirgorod', 'state': 'Vinnicka', 'country': 'Ukraine', 'postcode': 40873, 'coordinates': {'latitude': '75.0378', 'longitude': '172.8289'}, 'timezone': {'offset': '-5:00', 'description': 'Eastern Time (US &amp; Canada), Bogota, Lima'}}, 'email': 'adriana.borzenko@example.com', 'login': {'uuid': '01840181-54ce-4401-9878-08465e14d10f', 'username': 'lazybird595', 'password': 'horseman', 'salt': 'qV4rahYF', 'md5': '1169c8d57d6c02f7cce3305d952a8ff2', 'sha1': 'ddf547147f4c6cc3ecdaba563019fd8f7561843e', 'sha256': '6ae3692c6a0eafb9c883fc3bca146265300225c4a67c2d9ae31768d3f3db2c0e'}, 'dob': {'date': '1961-03-22T03:51:31.548Z', 'age': 63}, 'registered': {'date': '2010-05-09T08:24:38.265Z', 'age': 13}, 'phone': '(099) B28-0090', 'cell': '(066) W07-9890', 'id': {'name': '', 'value': None}, 'picture': {'large': 'https://randomuser.me/api/portraits/women/34.jpg', 'medium': 'https://randomuser.me/api/portraits/med/women/34.jpg', 'thumbnail': 'https://randomuser.me/api/portraits/thumb/women/34.jpg'}, 'nat': 'UA'}], 'info': {'seed': '7ff2dcc31e8a0a97', 'results': 1, 'page': 1, 'version': '1.4'}}</msg>
<arg>${json_data}</arg>
<doc>Logs the given message with the given level.</doc>
<status status="PASS" start="2024-05-06T12:26:38.781925" elapsed="0.000216"/>
</kw>
<kw name="Dictionary Should Contain Key" owner="Collections">
<msg time="2024-05-06T12:26:38.782587" level="INFO">False</msg>
<arg>${json_data}</arg>
<arg>results</arg>
<doc>Fails if ``key`` is not found from ``dictionary``.</doc>
<status status="PASS" start="2024-05-06T12:26:38.782431" elapsed="0.000198"/>
</kw>
<kw name="Should Not Be Empty" owner="BuiltIn">
<msg time="2024-05-06T12:26:38.783041" level="INFO">Length is 2.</msg>
<arg>${json_data}</arg>
<doc>Verifies that the given item is not empty.</doc>
<status status="PASS" start="2024-05-06T12:26:38.782914" elapsed="0.000315"/>
</kw>
<kw name="Create List" owner="BuiltIn">
<msg time="2024-05-06T12:26:38.783664" level="INFO">${expected_keys} = ['gender', 'name', 'location', 'email', 'login']</msg>
<var>${expected_keys}</var>
<arg>gender</arg>
<arg>name</arg>
<arg>location</arg>
<arg>email</arg>
<arg>login</arg>
<doc>Returns a list containing given items.</doc>
<status status="PASS" start="2024-05-06T12:26:38.783518" elapsed="0.000170"/>
</kw>
<for flavor="IN">
<iter>
<kw name="Dictionary Should Contain Key" owner="Collections">
<msg time="2024-05-06T12:26:38.784657" level="INFO">False</msg>
<arg>${json_data['results'][0]}</arg>
<arg>${key}</arg>
<doc>Fails if ``key`` is not found from ``dictionary``.</doc>
<status status="PASS" start="2024-05-06T12:26:38.784269" elapsed="0.000425"/>
</kw>
<kw name="Log" owner="BuiltIn">
<msg time="2024-05-06T12:26:38.785395" level="INFO">{'gender': 'female', 'name': {'title': 'Mrs', 'first': 'Adriana', 'last': 'Borzenko'}, 'location': {'street': {'number': 367, 'name': 'Akademika Bogomolcya'}, 'city': 'Mirgorod', 'state': 'Vinnicka', 'country': 'Ukraine', 'postcode': 40873, 'coordinates': {'latitude': '75.0378', 'longitude': '172.8289'}, 'timezone': {'offset': '-5:00', 'description': 'Eastern Time (US &amp; Canada), Bogota, Lima'}}, 'email': 'adriana.borzenko@example.com', 'login': {'uuid': '01840181-54ce-4401-9878-08465e14d10f', 'username': 'lazybird595', 'password': 'horseman', 'salt': 'qV4rahYF', 'md5': '1169c8d57d6c02f7cce3305d952a8ff2', 'sha1': 'ddf547147f4c6cc3ecdaba563019fd8f7561843e', 'sha256': '6ae3692c6a0eafb9c883fc3bca146265300225c4a67c2d9ae31768d3f3db2c0e'}, 'dob': {'date': '1961-03-22T03:51:31.548Z', 'age': 63}, 'registered': {'date': '2010-05-09T08:24:38.265Z', 'age': 13}, 'phone': '(099) B28-0090', 'cell': '(066) W07-9890', 'id': {'name': '', 'value': None}, 'picture': {'large': 'https://randomuser.me/api/portraits/women/34.jpg', 'medium': 'https://randomuser.me/api/portraits/med/women/34.jpg', 'thumbnail': 'https://randomuser.me/api/portraits/thumb/women/34.jpg'}, 'nat': 'UA'}</msg>
<arg>${json_data['results'][0]}</arg>
<doc>Logs the given message with the given level.</doc>
<status status="PASS" start="2024-05-06T12:26:38.785018" elapsed="0.000425"/>
</kw>
<kw name="Log" owner="BuiltIn">
<msg time="2024-05-06T12:26:38.785860" level="INFO">gender</msg>
<arg>${key}</arg>
<doc>Logs the given message with the given level.</doc>
<status status="PASS" start="2024-05-06T12:26:38.785736" elapsed="0.000161"/>
</kw>
<var name="${key}">gender</var>
<status status="PASS" start="2024-05-06T12:26:38.784134" elapsed="0.001974"/>
</iter>
<iter>
<kw name="Dictionary Should Contain Key" owner="Collections">
<msg time="2024-05-06T12:26:38.786786" level="INFO">False</msg>
<arg>${json_data['results'][0]}</arg>
<arg>${key}</arg>
<doc>Fails if ``key`` is not found from ``dictionary``.</doc>
<status status="PASS" start="2024-05-06T12:26:38.786401" elapsed="0.000422"/>
</kw>
<kw name="Log" owner="BuiltIn">
<msg time="2024-05-06T12:26:38.787492" level="INFO">{'gender': 'female', 'name': {'title': 'Mrs', 'first': 'Adriana', 'last': 'Borzenko'}, 'location': {'street': {'number': 367, 'name': 'Akademika Bogomolcya'}, 'city': 'Mirgorod', 'state': 'Vinnicka', 'country': 'Ukraine', 'postcode': 40873, 'coordinates': {'latitude': '75.0378', 'longitude': '172.8289'}, 'timezone': {'offset': '-5:00', 'description': 'Eastern Time (US &amp; Canada), Bogota, Lima'}}, 'email': 'adriana.borzenko@example.com', 'login': {'uuid': '01840181-54ce-4401-9878-08465e14d10f', 'username': 'lazybird595', 'password': 'horseman', 'salt': 'qV4rahYF', 'md5': '1169c8d57d6c02f7cce3305d952a8ff2', 'sha1': 'ddf547147f4c6cc3ecdaba563019fd8f7561843e', 'sha256': '6ae3692c6a0eafb9c883fc3bca146265300225c4a67c2d9ae31768d3f3db2c0e'}, 'dob': {'date': '1961-03-22T03:51:31.548Z', 'age': 63}, 'registered': {'date': '2010-05-09T08:24:38.265Z', 'age': 13}, 'phone': '(099) B28-0090', 'cell': '(066) W07-9890', 'id': {'name': '', 'value': None}, 'picture': {'large': 'https://randomuser.me/api/portraits/women/34.jpg', 'medium': 'https://randomuser.me/api/portraits/med/women/34.jpg', 'thumbnail': 'https://randomuser.me/api/portraits/thumb/women/34.jpg'}, 'nat': 'UA'}</msg>
<arg>${json_data['results'][0]}</arg>
<doc>Logs the given message with the given level.</doc>
<status status="PASS" start="2024-05-06T12:26:38.787136" elapsed="0.000404"/>
</kw>
<kw name="Log" owner="BuiltIn">
<msg time="2024-05-06T12:26:38.787955" level="INFO">name</msg>
<arg>${key}</arg>
<doc>Logs the given message with the given level.</doc>
<status status="PASS" start="2024-05-06T12:26:38.787831" elapsed="0.000161"/>
</kw>
<var name="${key}">name</var>
<status status="PASS" start="2024-05-06T12:26:38.786289" elapsed="0.001912"/>
</iter>
<iter>
<kw name="Dictionary Should Contain Key" owner="Collections">
<msg time="2024-05-06T12:26:38.788868" level="INFO">False</msg>
<arg>${json_data['results'][0]}</arg>
<arg>${key}</arg>
<doc>Fails if ``key`` is not found from ``dictionary``.</doc>
<status status="PASS" start="2024-05-06T12:26:38.788485" elapsed="0.000419"/>
</kw>
<kw name="Log" owner="BuiltIn">
<msg time="2024-05-06T12:26:38.789591" level="INFO">{'gender': 'female', 'name': {'title': 'Mrs', 'first': 'Adriana', 'last': 'Borzenko'}, 'location': {'street': {'number': 367, 'name': 'Akademika Bogomolcya'}, 'city': 'Mirgorod', 'state': 'Vinnicka', 'country': 'Ukraine', 'postcode': 40873, 'coordinates': {'latitude': '75.0378', 'longitude': '172.8289'}, 'timezone': {'offset': '-5:00', 'description': 'Eastern Time (US &amp; Canada), Bogota, Lima'}}, 'email': 'adriana.borzenko@example.com', 'login': {'uuid': '01840181-54ce-4401-9878-08465e14d10f', 'username': 'lazybird595', 'password': 'horseman', 'salt': 'qV4rahYF', 'md5': '1169c8d57d6c02f7cce3305d952a8ff2', 'sha1': 'ddf547147f4c6cc3ecdaba563019fd8f7561843e', 'sha256': '6ae3692c6a0eafb9c883fc3bca146265300225c4a67c2d9ae31768d3f3db2c0e'}, 'dob': {'date': '1961-03-22T03:51:31.548Z', 'age': 63}, 'registered': {'date': '2010-05-09T08:24:38.265Z', 'age': 13}, 'phone': '(099) B28-0090', 'cell': '(066) W07-9890', 'id': {'name': '', 'value': None}, 'picture': {'large': 'https://randomuser.me/api/portraits/women/34.jpg', 'medium': 'https://randomuser.me/api/portraits/med/women/34.jpg', 'thumbnail': 'https://randomuser.me/api/portraits/thumb/women/34.jpg'}, 'nat': 'UA'}</msg>
<arg>${json_data['results'][0]}</arg>
<doc>Logs the given message with the given level.</doc>
<status status="PASS" start="2024-05-06T12:26:38.789231" elapsed="0.000420"/>
</kw>
<kw name="Log" owner="BuiltIn">
<msg time="2024-05-06T12:26:38.790068" level="INFO">location</msg>
<arg>${key}</arg>
<doc>Logs the given message with the given level.</doc>
<status status="PASS" start="2024-05-06T12:26:38.789944" elapsed="0.000161"/>
</kw>
<var name="${key}">location</var>
<status status="PASS" start="2024-05-06T12:26:38.788375" elapsed="0.001940"/>
</iter>
<iter>
<kw name="Dictionary Should Contain Key" owner="Collections">
<msg time="2024-05-06T12:26:38.790973" level="INFO">False</msg>
<arg>${json_data['results'][0]}</arg>
<arg>${key}</arg>
<doc>Fails if ``key`` is not found from ``dictionary``.</doc>
<status status="PASS" start="2024-05-06T12:26:38.790594" elapsed="0.000415"/>
</kw>
<kw name="Log" owner="BuiltIn">
<msg time="2024-05-06T12:26:38.791662" level="INFO">{'gender': 'female', 'name': {'title': 'Mrs', 'first': 'Adriana', 'last': 'Borzenko'}, 'location': {'street': {'number': 367, 'name': 'Akademika Bogomolcya'}, 'city': 'Mirgorod', 'state': 'Vinnicka', 'country': 'Ukraine', 'postcode': 40873, 'coordinates': {'latitude': '75.0378', 'longitude': '172.8289'}, 'timezone': {'offset': '-5:00', 'description': 'Eastern Time (US &amp; Canada), Bogota, Lima'}}, 'email': 'adriana.borzenko@example.com', 'login': {'uuid': '01840181-54ce-4401-9878-08465e14d10f', 'username': 'lazybird595', 'password': 'horseman', 'salt': 'qV4rahYF', 'md5': '1169c8d57d6c02f7cce3305d952a8ff2', 'sha1': 'ddf547147f4c6cc3ecdaba563019fd8f7561843e', 'sha256': '6ae3692c6a0eafb9c883fc3bca146265300225c4a67c2d9ae31768d3f3db2c0e'}, 'dob': {'date': '1961-03-22T03:51:31.548Z', 'age': 63}, 'registered': {'date': '2010-05-09T08:24:38.265Z', 'age': 13}, 'phone': '(099) B28-0090', 'cell': '(066) W07-9890', 'id': {'name': '', 'value': None}, 'picture': {'large': 'https://randomuser.me/api/portraits/women/34.jpg', 'medium': 'https://randomuser.me/api/portraits/med/women/34.jpg', 'thumbnail': 'https://randomuser.me/api/portraits/thumb/women/34.jpg'}, 'nat': 'UA'}</msg>
<arg>${json_data['results'][0]}</arg>
<doc>Logs the given message with the given level.</doc>
<status status="PASS" start="2024-05-06T12:26:38.791304" elapsed="0.000406"/>
</kw>
<kw name="Log" owner="BuiltIn">
<msg time="2024-05-06T12:26:38.792119" level="INFO">email</msg>
<arg>${key}</arg>
<doc>Logs the given message with the given level.</doc>
<status status="PASS" start="2024-05-06T12:26:38.791995" elapsed="0.000162"/>
</kw>
<var name="${key}">email</var>
<status status="PASS" start="2024-05-06T12:26:38.790485" elapsed="0.001880"/>
</iter>
<iter>
<kw name="Dictionary Should Contain Key" owner="Collections">
<msg time="2024-05-06T12:26:38.793059" level="INFO">False</msg>
<arg>${json_data['results'][0]}</arg>
<arg>${key}</arg>
<doc>Fails if ``key`` is not found from ``dictionary``.</doc>
<status status="PASS" start="2024-05-06T12:26:38.792646" elapsed="0.000452"/>
</kw>
<kw name="Log" owner="BuiltIn">
<msg time="2024-05-06T12:26:38.793773" level="INFO">{'gender': 'female', 'name': {'title': 'Mrs', 'first': 'Adriana', 'last': 'Borzenko'}, 'location': {'street': {'number': 367, 'name': 'Akademika Bogomolcya'}, 'city': 'Mirgorod', 'state': 'Vinnicka', 'country': 'Ukraine', 'postcode': 40873, 'coordinates': {'latitude': '75.0378', 'longitude': '172.8289'}, 'timezone': {'offset': '-5:00', 'description': 'Eastern Time (US &amp; Canada), Bogota, Lima'}}, 'email': 'adriana.borzenko@example.com', 'login': {'uuid': '01840181-54ce-4401-9878-08465e14d10f', 'username': 'lazybird595', 'password': 'horseman', 'salt': 'qV4rahYF', 'md5': '1169c8d57d6c02f7cce3305d952a8ff2', 'sha1': 'ddf547147f4c6cc3ecdaba563019fd8f7561843e', 'sha256': '6ae3692c6a0eafb9c883fc3bca146265300225c4a67c2d9ae31768d3f3db2c0e'}, 'dob': {'date': '1961-03-22T03:51:31.548Z', 'age': 63}, 'registered': {'date': '2010-05-09T08:24:38.265Z', 'age': 13}, 'phone': '(099) B28-0090', 'cell': '(066) W07-9890', 'id': {'name': '', 'value': None}, 'picture': {'large': 'https://randomuser.me/api/portraits/women/34.jpg', 'medium': 'https://randomuser.me/api/portraits/med/women/34.jpg', 'thumbnail': 'https://randomuser.me/api/portraits/thumb/women/34.jpg'}, 'nat': 'UA'}</msg>
<arg>${json_data['results'][0]}</arg>
<doc>Logs the given message with the given level.</doc>
<status status="PASS" start="2024-05-06T12:26:38.793409" elapsed="0.000413"/>
</kw>
<kw name="Log" owner="BuiltIn">
<msg time="2024-05-06T12:26:38.794245" level="INFO">login</msg>
<arg>${key}</arg>
<doc>Logs the given message with the given level.</doc>
<status status="PASS" start="2024-05-06T12:26:38.794114" elapsed="0.000203"/>
</kw>
<var name="${key}">login</var>
<status status="PASS" start="2024-05-06T12:26:38.792535" elapsed="0.002006"/>
</iter>
<var>${key}</var>
<value>@{expected_keys}</value>
<status status="PASS" start="2024-05-06T12:26:38.783946" elapsed="0.010715"/>
</for>
<kw name="Create List" owner="BuiltIn">
<msg time="2024-05-06T12:26:38.794982" level="INFO">${expected_keysTwo} = ['username', 'password']</msg>
<var>${expected_keysTwo}</var>
<arg>username</arg>
<arg>password</arg>
<doc>Returns a list containing given items.</doc>
<status status="PASS" start="2024-05-06T12:26:38.794849" elapsed="0.000157"/>
</kw>
<for flavor="IN">
<iter>
<kw name="Dictionary Should Contain Key" owner="Collections">
<msg time="2024-05-06T12:26:38.795887" level="INFO">False</msg>
<arg>${json_data['results'][0]['login']}</arg>
<arg>${keyTwo}</arg>
<doc>Fails if ``key`` is not found from ``dictionary``.</doc>
<status status="PASS" start="2024-05-06T12:26:38.795495" elapsed="0.000429"/>
</kw>
<kw name="Dictionary Should Contain Key" owner="Collections">
<msg time="2024-05-06T12:26:38.796596" level="INFO">False</msg>
<arg>${json_data['results'][0]['login']}</arg>
<arg>${keyTwo}</arg>
<doc>Fails if ``key`` is not found from ``dictionary``.</doc>
<status status="PASS" start="2024-05-06T12:26:38.796218" elapsed="0.000414"/>
</kw>
<kw name="Log" owner="BuiltIn">
<msg time="2024-05-06T12:26:38.797080" level="INFO">username</msg>
<arg>${keyTwo}</arg>
<doc>Logs the given message with the given level.</doc>
<status status="PASS" start="2024-05-06T12:26:38.796920" elapsed="0.000199"/>
</kw>
<var name="${keyTwo}">username</var>
<status status="PASS" start="2024-05-06T12:26:38.795388" elapsed="0.001948"/>
</iter>
<iter>
<kw name="Dictionary Should Contain Key" owner="Collections">
<msg time="2024-05-06T12:26:38.798077" level="INFO">False</msg>
<arg>${json_data['results'][0]['login']}</arg>
<arg>${keyTwo}</arg>
<doc>Fails if ``key`` is not found from ``dictionary``.</doc>
<status status="PASS" start="2024-05-06T12:26:38.797614" elapsed="0.000503"/>
</kw>
<kw name="Dictionary Should Contain Key" owner="Collections">
<msg time="2024-05-06T12:26:38.798791" level="INFO">False</msg>
<arg>${json_data['results'][0]['login']}</arg>
<arg>${keyTwo}</arg>
<doc>Fails if ``key`` is not found from ``dictionary``.</doc>
<status status="PASS" start="2024-05-06T12:26:38.798413" elapsed="0.000415"/>
</kw>
<kw name="Log" owner="BuiltIn">
<msg time="2024-05-06T12:26:38.799245" level="INFO">password</msg>
<arg>${keyTwo}</arg>
<doc>Logs the given message with the given level.</doc>
<status status="PASS" start="2024-05-06T12:26:38.799120" elapsed="0.000161"/>
</kw>
<var name="${keyTwo}">password</var>
<status status="PASS" start="2024-05-06T12:26:38.797506" elapsed="0.001985"/>
</iter>
<var>${keyTwo}</var>
<value>@{expected_keysTwo}</value>
<status status="PASS" start="2024-05-06T12:26:38.795239" elapsed="0.004373"/>
</for>
<status status="PASS" start="2024-05-06T12:26:38.665992" elapsed="0.133758"/>
</kw>
<doc>Testa a estrutura da resposta da API.</doc>
<tag>testeEstruturaResposta</tag>
<status status="PASS" start="2024-05-06T12:26:38.665489" elapsed="0.134414"/>
</test>
<test id="s1-s1-t4" name="Validar tipos de dados" line="28">
<kw name="Teste de Tipos de Dados" owner="random-user-service">
<kw name="GET On Session" owner="RequestsLibrary">
<msg time="2024-05-06T12:26:38.887885" level="INFO">GET Request : url=https://randomuser.me/api 
 path_url=/api 
 headers={'User-Agent': 'python-requests/2.31.0', 'Accept-Encoding': 'gzip, deflate', 'Accept': '*/*', 'Connection': 'keep-alive'} 
 body=None 
 </msg>
<msg time="2024-05-06T12:26:38.887962" level="INFO">GET Response : url=https://randomuser.me/api 
 status=200, reason=OK 
 headers={'Date': 'Mon, 06 May 2024 12:26:38 GMT', 'Content-Type': 'application/json; charset=utf-8', 'Transfer-Encoding': 'chunked', 'Connection': 'keep-alive', 'X-Powered-By': 'Express', 'Access-Control-Allow-Origin': '*', 'Cache-Control': 'no-cache', 'ETag': 'W/"48b-I11CIq088jL1PPGUhlyKvcxOkAM"', 'Vary': 'Accept-Encoding', 'Content-Encoding': 'gzip', 'CF-Cache-Status': 'DYNAMIC', 'Report-To': '{"endpoints":[{"url":"https:\\/\\/a.nel.cloudflare.com\\/report\\/v4?s=f78a03vphdSyqBE6ZRIbIu0Rf%2F2ju96o%2FYX48NiaHkI%2FLksjq%2BIXPuiHfMO5XYFfrd0%2FiPxYlukQWYAQ6bpNzjXYh6R2PJFQqnp0%2B%2FG0LC2i9peTtAA4oN1gb%2FFep%2B9A"}],"group":"cf-nel","max_age":604800}', 'NEL': '{"success_fraction":0,"report_to":"cf-nel","max_age":604800}', 'Server': 'cloudflare', 'CF-RAY': '87f8f5b88a88fa6a-SJC', 'alt-svc': 'h3=":443"; ma=86400'} 
 body={"results":[{"gender":"female","name":{"title":"Ms","first":"Ava","last":"Gimse"},"location":{"street":{"number":5880,"name":"Cecilie Thoresens vei"},"city":"Fåvang","state":"Vest-Agder","country":"Norway","postcode":"0257","coordinates":{"latitude":"41.7607","longitude":"28.1390"},"timezone":{"offset":"+10:00","description":"Eastern Australia, Guam, Vladivostok"}},"email":"ava.gimse@example.com","login":{"uuid":"23de923f-c453-41f4-a7aa-a542addf9c12","username":"redmouse393","password":"nyjets","salt":"swnh0r5D","md5":"867e60ad9b5de3ff55dda4c22abb288a","sha1":"5636d5022feaaa75589fad4987134ea2becf6034","sha256":"4c68943e4959e415ace7a5d038387c6c0b1a9a232e84324e28a483e72f53c7c1"},"dob":{"date":"1960-02-11T01:24:51.247Z","age":64},"registered":{"date":"2004-10-13T02:28:40.237Z","age":19},"phone":"88957015","cell":"91703092","id":{"name":"FN","value":"11026017868"},"picture":{"large":"https://randomuser.me/api/portraits/women/62.jpg","medium":"https://randomuser.me/api/portraits/med/women/62.jpg","thumbnail":"https://randomuser.me/api/portraits/thumb/women/62.jpg"},"nat":"NO"}],"info":{"seed":"5a822105adadf7b9","results":1,"page":1,"version":"1.4"}} 
 </msg>
<msg time="2024-05-06T12:26:38.888025" level="INFO">/opt/hostedtoolcache/Python/3.12.3/x64/lib/python3.12/site-packages/urllib3/connectionpool.py:1103: InsecureRequestWarning: Unverified HTTPS request is being made to host 'randomuser.me'. Adding certificate verification is strongly advised. See: https://urllib3.readthedocs.io/en/latest/advanced-usage.html#tls-warnings
  warnings.warn(</msg>
<msg time="2024-05-06T12:26:38.888122" level="INFO">${response} = &lt;Response [200]&gt;</msg>
<var>${response}</var>
<arg>consultarAPI</arg>
<arg>/api</arg>
<doc>Sends a GET request on a previously created HTTP Session.</doc>
<status status="PASS" start="2024-05-06T12:26:38.802395" elapsed="0.085771"/>
</kw>
<kw name="Set Variable" owner="BuiltIn">
<msg time="2024-05-06T12:26:38.889333" level="INFO">${json_data} = {'results': [{'gender': 'female', 'name': {'title': 'Ms', 'first': 'Ava', 'last': 'Gimse'}, 'location': {'street': {'number': 5880, 'name': 'Cecilie Thoresens vei'}, 'city': 'Fåvang', 'state': 'Vest-A...</msg>
<var>${json_data}</var>
<arg>${response.json()}</arg>
<doc>Returns the given values which can then be assigned to a variables.</doc>
<status status="PASS" start="2024-05-06T12:26:38.888705" elapsed="0.000656"/>
</kw>
<kw name="Log" owner="BuiltIn">
<msg time="2024-05-06T12:26:38.889830" level="INFO">{'results': [{'gender': 'female', 'name': {'title': 'Ms', 'first': 'Ava', 'last': 'Gimse'}, 'location': {'street': {'number': 5880, 'name': 'Cecilie Thoresens vei'}, 'city': 'Fåvang', 'state': 'Vest-Agder', 'country': 'Norway', 'postcode': '0257', 'coordinates': {'latitude': '41.7607', 'longitude': '28.1390'}, 'timezone': {'offset': '+10:00', 'description': 'Eastern Australia, Guam, Vladivostok'}}, 'email': 'ava.gimse@example.com', 'login': {'uuid': '23de923f-c453-41f4-a7aa-a542addf9c12', 'username': 'redmouse393', 'password': 'nyjets', 'salt': 'swnh0r5D', 'md5': '867e60ad9b5de3ff55dda4c22abb288a', 'sha1': '5636d5022feaaa75589fad4987134ea2becf6034', 'sha256': '4c68943e4959e415ace7a5d038387c6c0b1a9a232e84324e28a483e72f53c7c1'}, 'dob': {'date': '1960-02-11T01:24:51.247Z', 'age': 64}, 'registered': {'date': '2004-10-13T02:28:40.237Z', 'age': 19}, 'phone': '88957015', 'cell': '91703092', 'id': {'name': 'FN', 'value': '11026017868'}, 'picture': {'large': 'https://randomuser.me/api/portraits/women/62.jpg', 'medium': 'https://randomuser.me/api/portraits/med/women/62.jpg', 'thumbnail': 'https://randomuser.me/api/portraits/thumb/women/62.jpg'}, 'nat': 'NO'}], 'info': {'seed': '5a822105adadf7b9', 'results': 1, 'page': 1, 'version': '1.4'}}</msg>
<arg>${json_data}</arg>
<doc>Logs the given message with the given level.</doc>
<status status="PASS" start="2024-05-06T12:26:38.889668" elapsed="0.000244"/>
</kw>
<kw name="Should Be String" owner="String">
<arg>${json_data['results'][0]['gender']}</arg>
<doc>Fails if the given ``item`` is not a string.</doc>
<status status="PASS" start="2024-05-06T12:26:38.890209" elapsed="0.000368"/>
</kw>
<kw name="Should Match Regexp" owner="BuiltIn">
<arg>${json_data['results'][0]['email']}</arg>
<arg>^[a-zA-Z0-9._%+-]+@[a-zA-Z0-9.-]+\.[a-zA-Z]{2,}$</arg>
<doc>Fails if ``string`` does not match ``pattern`` as a regular expression.</doc>
<status status="PASS" start="2024-05-06T12:26:38.890793" elapsed="0.000515"/>
</kw>
<kw name="Should Match Regexp" owner="BuiltIn">
<arg>${json_data['results'][0]['dob']['date']}</arg>
<arg>\\d{4}-\\d{2}-\\d{2}T\\d{2}:\\d{2}:\\d{2}\\.\\d{3}Z</arg>
<doc>Fails if ``string`` does not match ``pattern`` as a regular expression.</doc>
<status status="PASS" start="2024-05-06T12:26:38.891503" elapsed="0.000494"/>
</kw>
<kw name="Should Match Regexp" owner="BuiltIn">
<arg>${json_data['results'][0]['registered']['date']}</arg>
<arg>\\d{4}-\\d{2}-\\d{2}T\\d{2}:\\d{2}:\\d{2}\\.\\d{3}Z</arg>
<doc>Fails if ``string`` does not match ``pattern`` as a regular expression.</doc>
<status status="PASS" start="2024-05-06T12:26:38.892185" elapsed="0.000361"/>
</kw>
<kw name="Should Match Regexp" owner="BuiltIn">
<arg>${json_data['results'][0]['picture']['large']}</arg>
<arg>^https?://.*\.(?:png|jpe?g|gif|bmp)$</arg>
<doc>Fails if ``string`` does not match ``pattern`` as a regular expression.</doc>
<status status="PASS" start="2024-05-06T12:26:38.892729" elapsed="0.000502"/>
</kw>
<kw name="Should Match Regexp" owner="BuiltIn">
<arg>${json_data['results'][0]['picture']['medium']}</arg>
<arg>^https?://.*\.(?:png|jpe?g|gif|bmp)$</arg>
<doc>Fails if ``string`` does not match ``pattern`` as a regular expression.</doc>
<status status="PASS" start="2024-05-06T12:26:38.893426" elapsed="0.000362"/>
</kw>
<kw name="Should Match Regexp" owner="BuiltIn">
<arg>${json_data['results'][0]['picture']['thumbnail']}</arg>
<arg>^https?://.*\.(?:png|jpe?g|gif|bmp)$</arg>
<doc>Fails if ``string`` does not match ``pattern`` as a regular expression.</doc>
<status status="PASS" start="2024-05-06T12:26:38.893980" elapsed="0.000348"/>
</kw>
<kw name="Log" owner="BuiltIn">
<msg time="2024-05-06T12:26:38.894827" level="INFO">{'large': 'https://randomuser.me/api/portraits/women/62.jpg', 'medium': 'https://randomuser.me/api/portraits/med/women/62.jpg', 'thumbnail': 'https://randomuser.me/api/portraits/thumb/women/62.jpg'}</msg>
<arg>${json_data['results'][0]['picture']}</arg>
<doc>Logs the given message with the given level.</doc>
<status status="PASS" start="2024-05-06T12:26:38.894507" elapsed="0.000362"/>
</kw>
<status status="PASS" start="2024-05-06T12:26:38.802171" elapsed="0.092954"/>
</kw>
<kw name="Teste de Tipos de Dados - Postcode" owner="random-user-service">
<kw name="GET On Session" owner="RequestsLibrary">
<msg time="2024-05-06T12:26:38.990124" level="INFO">GET Request : url=https://randomuser.me/api 
 path_url=/api 
 headers={'User-Agent': 'python-requests/2.31.0', 'Accept-Encoding': 'gzip, deflate', 'Accept': '*/*', 'Connection': 'keep-alive'} 
 body=None 
 </msg>
<msg time="2024-05-06T12:26:38.990221" level="INFO">GET Response : url=https://randomuser.me/api 
 status=200, reason=OK 
 headers={'Date': 'Mon, 06 May 2024 12:26:38 GMT', 'Content-Type': 'application/json; charset=utf-8', 'Transfer-Encoding': 'chunked', 'Connection': 'keep-alive', 'X-Powered-By': 'Express', 'Access-Control-Allow-Origin': '*', 'Cache-Control': 'no-cache', 'ETag': 'W/"47f-ueDSAjsvSCHdfyxSNIXIRwWxkHg"', 'Vary': 'Accept-Encoding', 'Content-Encoding': 'gzip', 'CF-Cache-Status': 'DYNAMIC', 'Report-To': '{"endpoints":[{"url":"https:\\/\\/a.nel.cloudflare.com\\/report\\/v4?s=FxP642t9zWW1CNELUS81wGnBaVm9sGbfpFh%2B0tFMv9%2FTiwWE4gYLj2zsin%2BQb7NGWtiAvLUezLkPKLrsGuhJIFTALIwkXqOuRbbZMa8x%2BGnrbE1cF4WdEZdSjh5d2Skj"}],"group":"cf-nel","max_age":604800}', 'NEL': '{"success_fraction":0,"report_to":"cf-nel","max_age":604800}', 'Server': 'cloudflare', 'CF-RAY': '87f8f5b91ae5fa6a-SJC', 'alt-svc': 'h3=":443"; ma=86400'} 
 body={"results":[{"gender":"male","name":{"title":"Mr","first":"Jesper","last":"Gjelsvik"},"location":{"street":{"number":3094,"name":"Elias Blix' gate"},"city":"Slettebrotane","state":"Aust-Agder","country":"Norway","postcode":"4863","coordinates":{"latitude":"38.7217","longitude":"-29.6879"},"timezone":{"offset":"+9:30","description":"Adelaide, Darwin"}},"email":"jesper.gjelsvik@example.com","login":{"uuid":"63e42b17-fa6d-4778-a9a5-f93f154684e8","username":"purplefrog958","password":"monster","salt":"8Oz2ECFx","md5":"2a446ec621d2d20ac643b68af2a2d056","sha1":"15e4b44cf7ee61d86ec84c6663460700d251da1b","sha256":"22ff479976251a10b309b7af8ac9ba6fd80bfd7522478ed6e71cb9662bb1933d"},"dob":{"date":"1977-08-03T21:57:51.686Z","age":46},"registered":{"date":"2007-01-29T22:41:32.977Z","age":17},"phone":"23245295","cell":"44573919","id":{"name":"FN","value":"03087722936"},"picture":{"large":"https://randomuser.me/api/portraits/men/94.jpg","medium":"https://randomuser.me/api/portraits/med/men/94.jpg","thumbnail":"https://randomuser.me/api/portraits/thumb/men/94.jpg"},"nat":"NO"}],"info":{"seed":"00da51915b08627b","results":1,"page":1,"version":"1.4"}} 
 </msg>
<msg time="2024-05-06T12:26:38.990288" level="INFO">/opt/hostedtoolcache/Python/3.12.3/x64/lib/python3.12/site-packages/urllib3/connectionpool.py:1103: InsecureRequestWarning: Unverified HTTPS request is being made to host 'randomuser.me'. Adding certificate verification is strongly advised. See: https://urllib3.readthedocs.io/en/latest/advanced-usage.html#tls-warnings
  warnings.warn(</msg>
<msg time="2024-05-06T12:26:38.990418" level="INFO">${response} = &lt;Response [200]&gt;</msg>
<var>${response}</var>
<arg>consultarAPI</arg>
<arg>/api</arg>
<doc>Sends a GET request on a previously created HTTP Session.</doc>
<status status="PASS" start="2024-05-06T12:26:38.895583" elapsed="0.094875"/>
</kw>
<kw name="Set Variable" owner="BuiltIn">
<msg time="2024-05-06T12:26:38.991458" level="INFO">${json_data} = {'results': [{'gender': 'male', 'name': {'title': 'Mr', 'first': 'Jesper', 'last': 'Gjelsvik'}, 'location': {'street': {'number': 3094, 'name': "Elias Blix' gate"}, 'city': 'Slettebrotane', 'state': '...</msg>
<var>${json_data}</var>
<arg>${response.json()}</arg>
<doc>Returns the given values which can then be assigned to a variables.</doc>
<status status="PASS" start="2024-05-06T12:26:38.990942" elapsed="0.000545"/>
</kw>
<kw name="Log" owner="BuiltIn">
<msg time="2024-05-06T12:26:38.991947" level="INFO">{'results': [{'gender': 'male', 'name': {'title': 'Mr', 'first': 'Jesper', 'last': 'Gjelsvik'}, 'location': {'street': {'number': 3094, 'name': "Elias Blix' gate"}, 'city': 'Slettebrotane', 'state': 'Aust-Agder', 'country': 'Norway', 'postcode': '4863', 'coordinates': {'latitude': '38.7217', 'longitude': '-29.6879'}, 'timezone': {'offset': '+9:30', 'description': 'Adelaide, Darwin'}}, 'email': 'jesper.gjelsvik@example.com', 'login': {'uuid': '63e42b17-fa6d-4778-a9a5-f93f154684e8', 'username': 'purplefrog958', 'password': 'monster', 'salt': '8Oz2ECFx', 'md5': '2a446ec621d2d20ac643b68af2a2d056', 'sha1': '15e4b44cf7ee61d86ec84c6663460700d251da1b', 'sha256': '22ff479976251a10b309b7af8ac9ba6fd80bfd7522478ed6e71cb9662bb1933d'}, 'dob': {'date': '1977-08-03T21:57:51.686Z', 'age': 46}, 'registered': {'date': '2007-01-29T22:41:32.977Z', 'age': 17}, 'phone': '23245295', 'cell': '44573919', 'id': {'name': 'FN', 'value': '03087722936'}, 'picture': {'large': 'https://randomuser.me/api/portraits/men/94.jpg', 'medium': 'https://randomuser.me/api/portraits/med/men/94.jpg', 'thumbnail': 'https://randomuser.me/api/portraits/thumb/men/94.jpg'}, 'nat': 'NO'}], 'info': {'seed': '00da51915b08627b', 'results': 1, 'page': 1, 'version': '1.4'}}</msg>
<arg>${json_data}</arg>
<doc>Logs the given message with the given level.</doc>
<status status="PASS" start="2024-05-06T12:26:38.991792" elapsed="0.000239"/>
</kw>
<kw name="Should Be Equal As Numbers" owner="BuiltIn">
<arg>${json_data['results'][0]['location']['postcode']}</arg>
<arg>${json_data['results'][0]['location']['postcode']}</arg>
<doc>Fails if objects are unequal after converting them to real numbers.</doc>
<status status="PASS" start="2024-05-06T12:26:38.992511" elapsed="0.000682"/>
</kw>
<kw name="Log" owner="BuiltIn">
<msg time="2024-05-06T12:26:38.993733" level="INFO">4863</msg>
<arg>${json_data['results'][0]['location']['postcode']}</arg>
<doc>Logs the given message with the given level.</doc>
<status status="PASS" start="2024-05-06T12:26:38.993395" elapsed="0.000378"/>
</kw>
<status status="PASS" start="2024-05-06T12:26:38.895346" elapsed="0.098687"/>
</kw>
<doc>Testa se os tipos de dados na resposta da API estão corretos.</doc>
<tag>testeTiposDados</tag>
<status status="PASS" start="2024-05-06T12:26:38.801726" elapsed="0.192476"/>
</test>
<test id="s1-s1-t5" name="Validar conteudo" line="35">
<kw name="Teste de Tipos de Conteudo" owner="random-user-service">
<kw name="GET On Session" owner="RequestsLibrary">
<msg time="2024-05-06T12:26:39.090024" level="INFO">GET Request : url=https://randomuser.me/api 
 path_url=/api 
 headers={'User-Agent': 'python-requests/2.31.0', 'Accept-Encoding': 'gzip, deflate', 'Accept': '*/*', 'Connection': 'keep-alive'} 
 body=None 
 </msg>
<msg time="2024-05-06T12:26:39.090124" level="INFO">GET Response : url=https://randomuser.me/api 
 status=200, reason=OK 
 headers={'Date': 'Mon, 06 May 2024 12:26:39 GMT', 'Content-Type': 'application/json; charset=utf-8', 'Transfer-Encoding': 'chunked', 'Connection': 'keep-alive', 'X-Powered-By': 'Express', 'Access-Control-Allow-Origin': '*', 'Cache-Control': 'no-cache', 'ETag': 'W/"4a6-AMwBbTyv3VZKSoCF6YJPPZfs5EY"', 'Vary': 'Accept-Encoding', 'Content-Encoding': 'gzip', 'CF-Cache-Status': 'DYNAMIC', 'Report-To': '{"endpoints":[{"url":"https:\\/\\/a.nel.cloudflare.com\\/report\\/v4?s=st4ogXGW6UDO%2BOGCT%2B%2Bv%2BfV1EXyXY2z7ekG5U%2F7u02z%2FUn1IMLGe1rEZ54CQdqhRdrLaNpU%2BgySOG6b4RufVQeNnpSvNrAfFe5a11rQdGNjCFrJulh5VNLrVg9pSeiBp"}],"group":"cf-nel","max_age":604800}', 'NEL': '{"success_fraction":0,"report_to":"cf-nel","max_age":604800}', 'Server': 'cloudflare', 'CF-RAY': '87f8f5b9cb4ffa6a-SJC', 'alt-svc': 'h3=":443"; ma=86400'} 
 body={"results":[{"gender":"female","name":{"title":"Ms","first":"Anni","last":"Linna"},"location":{"street":{"number":5152,"name":"Nordenskiöldinkatu"},"city":"Tuusula","state":"Central Ostrobothnia","country":"Finland","postcode":54545,"coordinates":{"latitude":"-24.3338","longitude":"33.7581"},"timezone":{"offset":"-5:00","description":"Eastern Time (US &amp; Canada), Bogota, Lima"}},"email":"anni.linna@example.com","login":{"uuid":"18c387e1-73b6-4dab-8a05-20636684257f","username":"greendog155","password":"2626","salt":"lTzZPUdP","md5":"7dfcfc549958ace39878692b9e249597","sha1":"655edccc6a6c64ec922e5138a12177aad145cac5","sha256":"5b42e3947d8bbf359894a4d5c1ee85073a091b0f3b9b16532ef02146713ded9f"},"dob":{"date":"1966-12-02T17:20:31.810Z","age":57},"registered":{"date":"2006-04-04T04:34:16.501Z","age":18},"phone":"05-521-349","cell":"041-111-70-89","id":{"name":"HETU","value":"NaNNA156undefined"},"picture":{"large":"https://randomuser.me/api/portraits/women/41.jpg","medium":"https://randomuser.me/api/portraits/med/women/41.jpg","thumbnail":"https://randomuser.me/api/portraits/thumb/women/41.jpg"},"nat":"FI"}],"info":{"seed":"b015698f86046168","results":1,"page":1,"version":"1.4"}} 
 </msg>
<msg time="2024-05-06T12:26:39.090210" level="INFO">/opt/hostedtoolcache/Python/3.12.3/x64/lib/python3.12/site-packages/urllib3/connectionpool.py:1103: InsecureRequestWarning: Unverified HTTPS request is being made to host 'randomuser.me'. Adding certificate verification is strongly advised. See: https://urllib3.readthedocs.io/en/latest/advanced-usage.html#tls-warnings
  warnings.warn(</msg>
<msg time="2024-05-06T12:26:39.090325" level="INFO">${response} = &lt;Response [200]&gt;</msg>
<var>${response}</var>
<arg>consultarAPI</arg>
<arg>/api</arg>
<doc>Sends a GET request on a previously created HTTP Session.</doc>
<status status="PASS" start="2024-05-06T12:26:38.997120" elapsed="0.093238"/>
</kw>
<kw name="Set Variable" owner="BuiltIn">
<msg time="2024-05-06T12:26:39.091350" level="INFO">${json_data} = {'results': [{'gender': 'female', 'name': {'title': 'Ms', 'first': 'Anni', 'last': 'Linna'}, 'location': {'street': {'number': 5152, 'name': 'Nordenskiöldinkatu'}, 'city': 'Tuusula', 'state': 'Central...</msg>
<var>${json_data}</var>
<arg>${response.json()}</arg>
<doc>Returns the given values which can then be assigned to a variables.</doc>
<status status="PASS" start="2024-05-06T12:26:39.090839" elapsed="0.000541"/>
</kw>
<kw name="Set Variable" owner="BuiltIn">
<msg time="2024-05-06T12:26:39.092087" level="INFO">${name_title} = Ms</msg>
<var>${name_title}</var>
<arg>${json_data["results"][0]["name"]["title"]}</arg>
<doc>Returns the given values which can then be assigned to a variables.</doc>
<status status="PASS" start="2024-05-06T12:26:39.091691" elapsed="0.000422"/>
</kw>
<kw name="Create List" owner="BuiltIn">
<msg time="2024-05-06T12:26:39.092569" level="INFO">${allowed_titles} = ['Mr', 'Ms', 'Miss', 'Mrs', 'Madame', 'Monsieur']</msg>
<var>${allowed_titles}</var>
<arg>Mr</arg>
<arg>Ms</arg>
<arg>Miss</arg>
<arg>Mrs</arg>
<arg>Madame</arg>
<arg>Monsieur</arg>
<doc>Returns a list containing given items.</doc>
<status status="PASS" start="2024-05-06T12:26:39.092418" elapsed="0.000175"/>
</kw>
<kw name="List Should Contain Value" owner="Collections">
<msg time="2024-05-06T12:26:39.093121" level="INFO">False</msg>
<arg>${allowed_titles}</arg>
<arg>${name_title}</arg>
<doc>Fails if the ``value`` is not found from ``list``.</doc>
<status status="PASS" start="2024-05-06T12:26:39.092898" elapsed="0.000263"/>
</kw>
<kw name="Set Variable" owner="BuiltIn">
<msg time="2024-05-06T12:26:39.093856" level="INFO">${name_country} = FI</msg>
<var>${name_country}</var>
<arg>${json_data["results"][0]["nat"]}</arg>
<doc>Returns the given values which can then be assigned to a variables.</doc>
<status status="PASS" start="2024-05-06T12:26:39.093471" elapsed="0.000410"/>
</kw>
<kw name="Create List" owner="BuiltIn">
<msg time="2024-05-06T12:26:39.094771" level="INFO">${list_country} = ['AD', 'AE', 'AF', 'AG', 'AI', 'AL', 'AM', 'AO', 'AQ', 'AR', 'AS', 'AT', 'AU', 'AW', 'AX', 'AZ', 'BA', 'BB', 'BD', 'BE', 'BF', 'BG', 'BH', 'BI', 'BJ', 'BL', 'BM', 'BN', 'BO', 'BQ', 'BR', 'BS', 'BT', '...</msg>
<var>${list_country}</var>
<arg>AD</arg>
<arg>AE</arg>
<arg>AF</arg>
<arg>AG</arg>
<arg>AI</arg>
<arg>AL</arg>
<arg>AM</arg>
<arg>AO</arg>
<arg>AQ</arg>
<arg>AR</arg>
<arg>AS</arg>
<arg>AT</arg>
<arg>AU</arg>
<arg>AW</arg>
<arg>AX</arg>
<arg>AZ</arg>
<arg>BA</arg>
<arg>BB</arg>
<arg>BD</arg>
<arg>BE</arg>
<arg>BF</arg>
<arg>BG</arg>
<arg>BH</arg>
<arg>BI</arg>
<arg>BJ</arg>
<arg>BL</arg>
<arg>BM</arg>
<arg>BN</arg>
<arg>BO</arg>
<arg>BQ</arg>
<arg>BR</arg>
<arg>BS</arg>
<arg>BT</arg>
<arg>BV</arg>
<arg>BW</arg>
<arg>BY</arg>
<arg>BZ</arg>
<arg>CA</arg>
<arg>CC</arg>
<arg>CD</arg>
<arg>CF</arg>
<arg>CG</arg>
<arg>CH</arg>
<arg>CI</arg>
<arg>CK</arg>
<arg>CL</arg>
<arg>CM</arg>
<arg>CN</arg>
<arg>CO</arg>
<arg>CR</arg>
<arg>CU</arg>
<arg>CV</arg>
<arg>CW</arg>
<arg>CX</arg>
<arg>CY</arg>
<arg>CZ</arg>
<arg>DE</arg>
<arg>DJ</arg>
<arg>DK</arg>
<arg>DM</arg>
<arg>DO</arg>
<arg>DZ</arg>
<arg>EC</arg>
<arg>EE</arg>
<arg>EG</arg>
<arg>EH</arg>
<arg>ER</arg>
<arg>ES</arg>
<arg>ET</arg>
<arg>FI</arg>
<arg>FJ</arg>
<arg>FK</arg>
<arg>FM</arg>
<arg>FO</arg>
<arg>FR</arg>
<arg>GA</arg>
<arg>GB</arg>
<arg>GD</arg>
<arg>GE</arg>
<arg>GF</arg>
<arg>GG</arg>
<arg>GH</arg>
<arg>GI</arg>
<arg>GL</arg>
<arg>GM</arg>
<arg>GN</arg>
<arg>GP</arg>
<arg>GQ</arg>
<arg>GR</arg>
<arg>GS</arg>
<arg>GT</arg>
<arg>GU</arg>
<arg>GW</arg>
<arg>GY</arg>
<arg>HK</arg>
<arg>HM</arg>
<arg>HN</arg>
<arg>HR</arg>
<arg>HT</arg>
<arg>HU</arg>
<arg>ID</arg>
<arg>IE</arg>
<arg>IL</arg>
<arg>IM</arg>
<arg>IN</arg>
<arg>IO</arg>
<arg>IQ</arg>
<arg>IR</arg>
<arg>IS</arg>
<arg>IT</arg>
<arg>JE</arg>
<arg>JM</arg>
<arg>JO</arg>
<arg>JP</arg>
<arg>KE</arg>
<arg>KG</arg>
<arg>KH</arg>
<arg>KI</arg>
<arg>KM</arg>
<arg>KN</arg>
<arg>KP</arg>
<arg>KR</arg>
<arg>KW</arg>
<arg>KY</arg>
<arg>KZ</arg>
<arg>LA</arg>
<arg>LB</arg>
<arg>LC</arg>
<arg>LI</arg>
<arg>LK</arg>
<arg>LR</arg>
<arg>LS</arg>
<arg>LT</arg>
<arg>LU</arg>
<arg>LV</arg>
<arg>LY</arg>
<arg>MA</arg>
<arg>MC</arg>
<arg>MD</arg>
<arg>ME</arg>
<arg>MF</arg>
<arg>MG</arg>
<arg>MH</arg>
<arg>MK</arg>
<arg>ML</arg>
<arg>MM</arg>
<arg>MN</arg>
<arg>MO</arg>
<arg>MP</arg>
<arg>MQ</arg>
<arg>MR</arg>
<arg>MS</arg>
<arg>MT</arg>
<arg>MU</arg>
<arg>MV</arg>
<arg>MW</arg>
<arg>MX</arg>
<arg>MY</arg>
<arg>MZ</arg>
<arg>NA</arg>
<arg>NC</arg>
<arg>NE</arg>
<arg>NF</arg>
<arg>NG</arg>
<arg>NI</arg>
<arg>NL</arg>
<arg>NO</arg>
<arg>NP</arg>
<arg>NR</arg>
<arg>NU</arg>
<arg>NZ</arg>
<arg>OM</arg>
<arg>PA</arg>
<arg>PE</arg>
<arg>PF</arg>
<arg>PG</arg>
<arg>PH</arg>
<arg>PK</arg>
<arg>PL</arg>
<arg>PM</arg>
<arg>PN</arg>
<arg>PR</arg>
<arg>PS</arg>
<arg>PT</arg>
<arg>PW</arg>
<arg>PY</arg>
<arg>QA</arg>
<arg>RE</arg>
<arg>RO</arg>
<arg>RS</arg>
<arg>RU</arg>
<arg>RW</arg>
<arg>SA</arg>
<arg>SB</arg>
<arg>SC</arg>
<arg>SD</arg>
<arg>SE</arg>
<arg>SG</arg>
<arg>SH</arg>
<arg>SI</arg>
<arg>SJ</arg>
<arg>SK</arg>
<arg>SL</arg>
<arg>SM</arg>
<arg>SN</arg>
<arg>SO</arg>
<arg>SR</arg>
<arg>SS</arg>
<arg>ST</arg>
<arg>SV</arg>
<arg>SX</arg>
<arg>SY</arg>
<arg>SZ</arg>
<arg>TC</arg>
<arg>TD</arg>
<arg>TF</arg>
<arg>TG</arg>
<arg>TH</arg>
<arg>TJ</arg>
<arg>TK</arg>
<arg>TL</arg>
<arg>TM</arg>
<arg>TN</arg>
<arg>TO</arg>
<arg>TR</arg>
<arg>TT</arg>
<arg>TV</arg>
<arg>TW</arg>
<arg>TZ</arg>
<arg>UA</arg>
<arg>UG</arg>
<arg>UM</arg>
<arg>US</arg>
<arg>UY</arg>
<arg>UZ</arg>
<arg>VA</arg>
<arg>VC</arg>
<arg>VE</arg>
<arg>VG</arg>
<arg>VI</arg>
<arg>VN</arg>
<arg>VU</arg>
<arg>WF</arg>
<arg>WS</arg>
<arg>XK</arg>
<arg>YE</arg>
<arg>YT</arg>
<arg>ZA</arg>
<arg>ZM</arg>
<arg>ZW</arg>
<doc>Returns a list containing given items.</doc>
<status status="PASS" start="2024-05-06T12:26:39.094183" elapsed="0.000613"/>
</kw>
<kw name="List Should Contain Value" owner="Collections">
<msg time="2024-05-06T12:26:39.095825" level="INFO">False</msg>
<arg>${list_country}</arg>
<arg>${name_country}</arg>
<doc>Fails if the ``value`` is not found from ``list``.</doc>
<status status="PASS" start="2024-05-06T12:26:39.095622" elapsed="0.000239"/>
</kw>
<kw name="Run Keyword If" owner="BuiltIn">
<kw name="Should Be True" owner="BuiltIn">
<arg>${True}</arg>
<doc>Fails if the given condition is not true.</doc>
<status status="PASS" start="2024-05-06T12:26:39.096937" elapsed="0.000277"/>
</kw>
<arg>${json_data["results"][0]["location"]["coordinates"]["latitude"]} &gt;= -90 and ${json_data["results"][0]["location"]["coordinates"]["latitude"]} &lt;= 90</arg>
<arg>Should Be True</arg>
<arg>${True}</arg>
<doc>Runs the given keyword with the given arguments, if ``condition`` is true.</doc>
<status status="PASS" start="2024-05-06T12:26:39.096175" elapsed="0.001172"/>
</kw>
<kw name="Run Keyword If" owner="BuiltIn">
<kw name="Should Be True" owner="BuiltIn">
<arg>${True}</arg>
<doc>Fails if the given condition is not true.</doc>
<status status="PASS" start="2024-05-06T12:26:39.098252" elapsed="0.000138"/>
</kw>
<arg>${json_data["results"][0]["location"]["coordinates"]["longitude"]} &gt;= -180 and ${json_data["results"][0]["location"]["coordinates"]["longitude"]} &lt;= 180</arg>
<arg>Should Be True</arg>
<arg>${True}</arg>
<doc>Runs the given keyword with the given arguments, if ``condition`` is true.</doc>
<status status="PASS" start="2024-05-06T12:26:39.097540" elapsed="0.000975"/>
</kw>
<status status="PASS" start="2024-05-06T12:26:38.996706" elapsed="0.101940"/>
</kw>
<doc>Testa o conteúdo específico dos campos retornados pela API.</doc>
<tag>testeConteudo</tag>
<status status="PASS" start="2024-05-06T12:26:38.996003" elapsed="0.102799"/>
</test>
<status status="PASS" start="2024-05-06T12:26:38.219181" elapsed="0.881674"/>
</suite>
<status status="PASS" start="2024-05-06T12:26:38.205779" elapsed="0.900938"/>
</suite>
<statistics>
<total>
<stat pass="5" fail="0" skip="0">All Tests</stat>
</total>
<tag>
<stat pass="1" fail="0" skip="0">testeConteudo</stat>
<stat pass="1" fail="0" skip="0">testeEstruturaResposta</stat>
<stat pass="1" fail="0" skip="0">testeRequisicaoBasica</stat>
<stat pass="1" fail="0" skip="0">testeTiposDados</stat>
</tag>
<suite>
<stat pass="5" fail="0" skip="0" id="s1" name="Tests">Tests</stat>
<stat pass="5" fail="0" skip="0" id="s1-s1" name="Random-User-Test">Tests.Random-User-Test</stat>
</suite>
</statistics>
<errors>
</errors>
</robot>
