<?xml version="1.0" encoding="UTF-8"?>
<robot generator="Robot 7.0 (Python 3.12.2 on linux)" generated="2024-03-23T10:13:37.104368" rpa="false" schemaversion="5">
<suite id="s1" name="Tests" source="/home/runner/work/DesafioQAItauRogerioJordao/DesafioQAItauRogerioJordao/RamdonUser/tests">
<suite id="s1-s1" name="Random-User-Test" source="/home/runner/work/DesafioQAItauRogerioJordao/DesafioQAItauRogerioJordao/RamdonUser/tests/random-user-test.robot">
<test id="s1-s1-t1" name="Conectar" line="13">
<kw name="Conectar API" owner="random-user-service">
<kw name="Create Session" owner="RequestsLibrary">
<msg time="2024-03-23T10:13:37.453992" level="INFO">Creating Session using : alias=consultarAPI, url=https://randomuser.me/, headers={},                     cookies={}, auth=None, timeout=None, proxies=None, verify=False,                     debug=0 </msg>
<arg>consultarAPI</arg>
<arg>${URL}</arg>
<doc>Create Session: create a HTTP session to a server</doc>
<status status="PASS" start="2024-03-23T10:13:37.453797" elapsed="0.000361"/>
</kw>
<status status="PASS" start="2024-03-23T10:13:37.452813" elapsed="0.001689"/>
</kw>
<status status="PASS" start="2024-03-23T10:13:37.452248" elapsed="0.002455"/>
</test>
<test id="s1-s1-t2" name="Validar retorno 200 e JSON Válido" line="16">
<kw name="Teste de Requisicao Basica" owner="random-user-service">
<kw name="GET On Session" owner="RequestsLibrary">
<msg time="2024-03-23T10:13:37.671734" level="INFO">GET Request : url=https://randomuser.me/api 
 path_url=/api 
 headers={'User-Agent': 'python-requests/2.31.0', 'Accept-Encoding': 'gzip, deflate', 'Accept': '*/*', 'Connection': 'keep-alive'} 
 body=None 
 </msg>
<msg time="2024-03-23T10:13:37.671924" level="INFO">GET Response : url=https://randomuser.me/api 
 status=200, reason=OK 
 headers={'Date': 'Sat, 23 Mar 2024 10:13:37 GMT', 'Content-Type': 'application/json; charset=utf-8', 'Transfer-Encoding': 'chunked', 'Connection': 'keep-alive', 'X-Powered-By': 'Express', 'Access-Control-Allow-Origin': '*', 'Cache-Control': 'no-cache', 'ETag': 'W/"48e-fWmgfhLF9wuLcAIkGRvsS/Tt+XI"', 'Vary': 'Accept-Encoding', 'Content-Encoding': 'gzip', 'CF-Cache-Status': 'DYNAMIC', 'Report-To': '{"endpoints":[{"url":"https:\\/\\/a.nel.cloudflare.com\\/report\\/v4?s=GupjyipGd0%2B3kIP1ysat%2BrV%2BKo%2B8ELBFX3%2FoY6WgLtTJul%2FsK2Eh7zeioL1duPIHDz9nw8jaaYfiR3ih96kt%2FZfrAefzI%2F9zdjK%2B%2FCk0zW2KqjVxmUWun3tf%2BK32EVcO"}],"group":"cf-nel","max_age":604800}', 'NEL': '{"success_fraction":0,"report_to":"cf-nel","max_age":604800}', 'Server': 'cloudflare', 'CF-RAY': '868da65de815641d-SJC', 'alt-svc': 'h3=":443"; ma=86400'} 
 body={"results":[{"gender":"male","name":{"title":"Mr","first":"Tobias","last":"Jørgensen"},"location":{"street":{"number":2819,"name":"Bjarkesvej"},"city":"Ulsted, Hals","state":"Syddanmark","country":"Denmark","postcode":46875,"coordinates":{"latitude":"-39.5526","longitude":"-48.0171"},"timezone":{"offset":"+4:00","description":"Abu Dhabi, Muscat, Baku, Tbilisi"}},"email":"tobias.jorgensen@example.com","login":{"uuid":"e5940ed6-e0fe-4e1a-9ccc-2d410e71d8f2","username":"silverrabbit256","password":"shojou","salt":"4b764gOg","md5":"6ff7dc95b9d712b54b74451c3aa2f40a","sha1":"e6a717ae0cdc52e53fc1ff7129bc473448c5e9b1","sha256":"e326f7805621021c1396ea10c26fd179e573b09648afadb350395a4fb94badb5"},"dob":{"date":"1993-01-24T09:26:25.067Z","age":31},"registered":{"date":"2007-04-08T15:51:36.336Z","age":16},"phone":"08408591","cell":"05358166","id":{"name":"CPR","value":"240193-8832"},"picture":{"large":"https://randomuser.me/api/portraits/men/11.jpg","medium":"https://randomuser.me/api/portraits/med/men/11.jpg","thumbnail":"https://randomuser.me/api/portraits/thumb/men/11.jpg"},"nat":"DK"}],"info":{"seed":"1dd2809df5691317","results":1,"page":1,"version":"1.4"}} 
 </msg>
<msg time="2024-03-23T10:13:37.672055" level="INFO">/opt/hostedtoolcache/Python/3.12.2/x64/lib/python3.12/site-packages/urllib3/connectionpool.py:1103: InsecureRequestWarning: Unverified HTTPS request is being made to host 'randomuser.me'. Adding certificate verification is strongly advised. See: https://urllib3.readthedocs.io/en/latest/advanced-usage.html#tls-warnings
  warnings.warn(</msg>
<msg time="2024-03-23T10:13:37.672204" level="INFO">${response} = &lt;Response [200]&gt;</msg>
<var>${response}</var>
<arg>consultarAPI</arg>
<arg>/api</arg>
<doc>Sends a GET request on a previously created HTTP Session.</doc>
<status status="PASS" start="2024-03-23T10:13:37.457349" elapsed="0.214901"/>
</kw>
<kw name="Should Be Equal As Numbers" owner="BuiltIn">
<msg time="2024-03-23T10:13:37.673077" level="INFO">Argument types are:
&lt;class 'int'&gt;
&lt;class 'str'&gt;</msg>
<arg>${response.status_code}</arg>
<arg>200</arg>
<doc>Fails if objects are unequal after converting them to real numbers.</doc>
<status status="PASS" start="2024-03-23T10:13:37.672652" elapsed="0.000490"/>
</kw>
<kw name="Log" owner="BuiltIn">
<msg time="2024-03-23T10:13:37.673828" level="INFO">200</msg>
<arg>${response.status_code}</arg>
<doc>Logs the given message with the given level.</doc>
<status status="PASS" start="2024-03-23T10:13:37.673465" elapsed="0.000408"/>
</kw>
<kw name="Set Variable" owner="BuiltIn">
<msg time="2024-03-23T10:13:37.674644" level="INFO">${json_data} = {'results': [{'gender': 'male', 'name': {'title': 'Mr', 'first': 'Tobias', 'last': 'Jørgensen'}, 'location': {'street': {'number': 2819, 'name': 'Bjarkesvej'}, 'city': 'Ulsted, Hals', 'state': 'Syddan...</msg>
<var>${json_data}</var>
<arg>${response.json()}</arg>
<doc>Returns the given values which can then be assigned to a variables.</doc>
<status status="PASS" start="2024-03-23T10:13:37.674188" elapsed="0.000487"/>
</kw>
<kw name="Dictionary Should Contain Key" owner="Collections">
<msg time="2024-03-23T10:13:37.675157" level="INFO">False</msg>
<arg>${json_data}</arg>
<arg>results</arg>
<doc>Fails if ``key`` is not found from ``dictionary``.</doc>
<status status="PASS" start="2024-03-23T10:13:37.674987" elapsed="0.000211"/>
</kw>
<status status="PASS" start="2024-03-23T10:13:37.457102" elapsed="0.218355"/>
</kw>
<doc>Testa se a API responde corretamente e retorna um objeto JSON válido.</doc>
<tag>testeRequisicaoBasica</tag>
<status status="PASS" start="2024-03-23T10:13:37.456576" elapsed="0.219060"/>
</test>
<test id="s1-s1-t3" name="Validar estrutura de resposta" line="22">
<kw name="Teste de Estrutura de Resposta" owner="random-user-service">
<kw name="GET On Session" owner="RequestsLibrary">
<msg time="2024-03-23T10:13:37.770045" level="INFO">GET Request : url=https://randomuser.me/api 
 path_url=/api 
 headers={'User-Agent': 'python-requests/2.31.0', 'Accept-Encoding': 'gzip, deflate', 'Accept': '*/*', 'Connection': 'keep-alive'} 
 body=None 
 </msg>
<msg time="2024-03-23T10:13:37.770130" level="INFO">GET Response : url=https://randomuser.me/api 
 status=200, reason=OK 
 headers={'Date': 'Sat, 23 Mar 2024 10:13:37 GMT', 'Content-Type': 'application/json; charset=utf-8', 'Transfer-Encoding': 'chunked', 'Connection': 'keep-alive', 'X-Powered-By': 'Express', 'Access-Control-Allow-Origin': '*', 'Cache-Control': 'no-cache', 'ETag': 'W/"4a1-sFivwmiRi9qAwMLtt+ZHlxnhGKw"', 'Vary': 'Accept-Encoding', 'Content-Encoding': 'gzip', 'CF-Cache-Status': 'DYNAMIC', 'Report-To': '{"endpoints":[{"url":"https:\\/\\/a.nel.cloudflare.com\\/report\\/v4?s=mdSosynN2JZgE%2BQj1TxvelAnZjAqX%2FkRUBzgqxSYpVKdCQWtr56COghyaZhv28TaA%2F23TPy7yzCuARWnFxX%2Fph4O9c9m1nXvPCPTajwmpTPT0AyO41lJoWX6kbBMOUnD"}],"group":"cf-nel","max_age":604800}', 'NEL': '{"success_fraction":0,"report_to":"cf-nel","max_age":604800}', 'Server': 'cloudflare', 'CF-RAY': '868da65e886a641d-SJC', 'alt-svc': 'h3=":443"; ma=86400'} 
 body={"results":[{"gender":"male","name":{"title":"Mr","first":"Hans-Christian","last":"Husmann"},"location":{"street":{"number":4696,"name":"Meisenweg"},"city":"Freren","state":"Bremen","country":"Germany","postcode":81487,"coordinates":{"latitude":"-50.1066","longitude":"-25.9345"},"timezone":{"offset":"+3:00","description":"Baghdad, Riyadh, Moscow, St. Petersburg"}},"email":"hans-christian.husmann@example.com","login":{"uuid":"5587a44c-ca7d-4395-bc9e-34e9c76fb1f1","username":"organictiger290","password":"santos","salt":"WNB2mJtm","md5":"0a4abe745f5ae33345c1e04404c2ca2d","sha1":"8f43cdcd486236ae01c8db82c67ed2a375e74f78","sha256":"8cef48f53304fb2705c9ca096122df2b8daa89569ac5c1bd221edee76b0d3ae4"},"dob":{"date":"1961-04-24T09:48:42.378Z","age":62},"registered":{"date":"2020-12-04T18:52:36.578Z","age":3},"phone":"0744-9709046","cell":"0171-1241410","id":{"name":"SVNR","value":"54 240461 H 153"},"picture":{"large":"https://randomuser.me/api/portraits/men/59.jpg","medium":"https://randomuser.me/api/portraits/med/men/59.jpg","thumbnail":"https://randomuser.me/api/portraits/thumb/men/59.jpg"},"nat":"DE"}],"info":{"seed":"9a905558558dd45b","results":1,"page":1,"version":"1.4"}} 
 </msg>
<msg time="2024-03-23T10:13:37.770261" level="INFO">/opt/hostedtoolcache/Python/3.12.2/x64/lib/python3.12/site-packages/urllib3/connectionpool.py:1103: InsecureRequestWarning: Unverified HTTPS request is being made to host 'randomuser.me'. Adding certificate verification is strongly advised. See: https://urllib3.readthedocs.io/en/latest/advanced-usage.html#tls-warnings
  warnings.warn(</msg>
<msg time="2024-03-23T10:13:37.770383" level="INFO">${response} = &lt;Response [200]&gt;</msg>
<var>${response}</var>
<arg>consultarAPI</arg>
<arg>/api</arg>
<doc>Sends a GET request on a previously created HTTP Session.</doc>
<status status="PASS" start="2024-03-23T10:13:37.678460" elapsed="0.091964"/>
</kw>
<kw name="Set Variable" owner="BuiltIn">
<msg time="2024-03-23T10:13:37.771200" level="INFO">${json_data} = {'results': [{'gender': 'male', 'name': {'title': 'Mr', 'first': 'Hans-Christian', 'last': 'Husmann'}, 'location': {'street': {'number': 4696, 'name': 'Meisenweg'}, 'city': 'Freren', 'state': 'Bremen'...</msg>
<var>${json_data}</var>
<arg>${response.json()}</arg>
<doc>Returns the given values which can then be assigned to a variables.</doc>
<status status="PASS" start="2024-03-23T10:13:37.770765" elapsed="0.000463"/>
</kw>
<kw name="Log" owner="BuiltIn">
<msg time="2024-03-23T10:13:37.771685" level="INFO">{'results': [{'gender': 'male', 'name': {'title': 'Mr', 'first': 'Hans-Christian', 'last': 'Husmann'}, 'location': {'street': {'number': 4696, 'name': 'Meisenweg'}, 'city': 'Freren', 'state': 'Bremen', 'country': 'Germany', 'postcode': 81487, 'coordinates': {'latitude': '-50.1066', 'longitude': '-25.9345'}, 'timezone': {'offset': '+3:00', 'description': 'Baghdad, Riyadh, Moscow, St. Petersburg'}}, 'email': 'hans-christian.husmann@example.com', 'login': {'uuid': '5587a44c-ca7d-4395-bc9e-34e9c76fb1f1', 'username': 'organictiger290', 'password': 'santos', 'salt': 'WNB2mJtm', 'md5': '0a4abe745f5ae33345c1e04404c2ca2d', 'sha1': '8f43cdcd486236ae01c8db82c67ed2a375e74f78', 'sha256': '8cef48f53304fb2705c9ca096122df2b8daa89569ac5c1bd221edee76b0d3ae4'}, 'dob': {'date': '1961-04-24T09:48:42.378Z', 'age': 62}, 'registered': {'date': '2020-12-04T18:52:36.578Z', 'age': 3}, 'phone': '0744-9709046', 'cell': '0171-1241410', 'id': {'name': 'SVNR', 'value': '54 240461 H 153'}, 'picture': {'large': 'https://randomuser.me/api/portraits/men/59.jpg', 'medium': 'https://randomuser.me/api/portraits/med/men/59.jpg', 'thumbnail': 'https://randomuser.me/api/portraits/thumb/men/59.jpg'}, 'nat': 'DE'}], 'info': {'seed': '9a905558558dd45b', 'results': 1, 'page': 1, 'version': '1.4'}}</msg>
<arg>${json_data}</arg>
<doc>Logs the given message with the given level.</doc>
<status status="PASS" start="2024-03-23T10:13:37.771531" elapsed="0.000201"/>
</kw>
<kw name="Dictionary Should Contain Key" owner="Collections">
<msg time="2024-03-23T10:13:37.772214" level="INFO">False</msg>
<arg>${json_data}</arg>
<arg>results</arg>
<doc>Fails if ``key`` is not found from ``dictionary``.</doc>
<status status="PASS" start="2024-03-23T10:13:37.772064" elapsed="0.000187"/>
</kw>
<kw name="Should Not Be Empty" owner="BuiltIn">
<msg time="2024-03-23T10:13:37.772678" level="INFO">Length is 2.</msg>
<arg>${json_data}</arg>
<doc>Verifies that the given item is not empty.</doc>
<status status="PASS" start="2024-03-23T10:13:37.772546" elapsed="0.000171"/>
</kw>
<kw name="Create List" owner="BuiltIn">
<msg time="2024-03-23T10:13:37.773187" level="INFO">${expected_keys} = ['gender', 'name', 'location', 'email', 'login']</msg>
<var>${expected_keys}</var>
<arg>gender</arg>
<arg>name</arg>
<arg>location</arg>
<arg>email</arg>
<arg>login</arg>
<doc>Returns a list containing given items.</doc>
<status status="PASS" start="2024-03-23T10:13:37.773027" elapsed="0.000184"/>
</kw>
<for flavor="IN">
<iter>
<kw name="Dictionary Should Contain Key" owner="Collections">
<msg time="2024-03-23T10:13:37.774172" level="INFO">False</msg>
<arg>${json_data['results'][0]}</arg>
<arg>${key}</arg>
<doc>Fails if ``key`` is not found from ``dictionary``.</doc>
<status status="PASS" start="2024-03-23T10:13:37.773761" elapsed="0.000451"/>
</kw>
<kw name="Log" owner="BuiltIn">
<msg time="2024-03-23T10:13:37.774900" level="INFO">{'gender': 'male', 'name': {'title': 'Mr', 'first': 'Hans-Christian', 'last': 'Husmann'}, 'location': {'street': {'number': 4696, 'name': 'Meisenweg'}, 'city': 'Freren', 'state': 'Bremen', 'country': 'Germany', 'postcode': 81487, 'coordinates': {'latitude': '-50.1066', 'longitude': '-25.9345'}, 'timezone': {'offset': '+3:00', 'description': 'Baghdad, Riyadh, Moscow, St. Petersburg'}}, 'email': 'hans-christian.husmann@example.com', 'login': {'uuid': '5587a44c-ca7d-4395-bc9e-34e9c76fb1f1', 'username': 'organictiger290', 'password': 'santos', 'salt': 'WNB2mJtm', 'md5': '0a4abe745f5ae33345c1e04404c2ca2d', 'sha1': '8f43cdcd486236ae01c8db82c67ed2a375e74f78', 'sha256': '8cef48f53304fb2705c9ca096122df2b8daa89569ac5c1bd221edee76b0d3ae4'}, 'dob': {'date': '1961-04-24T09:48:42.378Z', 'age': 62}, 'registered': {'date': '2020-12-04T18:52:36.578Z', 'age': 3}, 'phone': '0744-9709046', 'cell': '0171-1241410', 'id': {'name': 'SVNR', 'value': '54 240461 H 153'}, 'picture': {'large': 'https://randomuser.me/api/portraits/men/59.jpg', 'medium': 'https://randomuser.me/api/portraits/med/men/59.jpg', 'thumbnail': 'https://randomuser.me/api/portraits/thumb/men/59.jpg'}, 'nat': 'DE'}</msg>
<arg>${json_data['results'][0]}</arg>
<doc>Logs the given message with the given level.</doc>
<status status="PASS" start="2024-03-23T10:13:37.774534" elapsed="0.000420"/>
</kw>
<kw name="Log" owner="BuiltIn">
<msg time="2024-03-23T10:13:37.775384" level="INFO">gender</msg>
<arg>${key}</arg>
<doc>Logs the given message with the given level.</doc>
<status status="PASS" start="2024-03-23T10:13:37.775253" elapsed="0.000170"/>
</kw>
<var name="${key}">gender</var>
<status status="PASS" start="2024-03-23T10:13:37.773640" elapsed="0.002003"/>
</iter>
<iter>
<kw name="Dictionary Should Contain Key" owner="Collections">
<msg time="2024-03-23T10:13:37.776377" level="INFO">False</msg>
<arg>${json_data['results'][0]}</arg>
<arg>${key}</arg>
<doc>Fails if ``key`` is not found from ``dictionary``.</doc>
<status status="PASS" start="2024-03-23T10:13:37.775989" elapsed="0.000425"/>
</kw>
<kw name="Log" owner="BuiltIn">
<msg time="2024-03-23T10:13:37.777230" level="INFO">{'gender': 'male', 'name': {'title': 'Mr', 'first': 'Hans-Christian', 'last': 'Husmann'}, 'location': {'street': {'number': 4696, 'name': 'Meisenweg'}, 'city': 'Freren', 'state': 'Bremen', 'country': 'Germany', 'postcode': 81487, 'coordinates': {'latitude': '-50.1066', 'longitude': '-25.9345'}, 'timezone': {'offset': '+3:00', 'description': 'Baghdad, Riyadh, Moscow, St. Petersburg'}}, 'email': 'hans-christian.husmann@example.com', 'login': {'uuid': '5587a44c-ca7d-4395-bc9e-34e9c76fb1f1', 'username': 'organictiger290', 'password': 'santos', 'salt': 'WNB2mJtm', 'md5': '0a4abe745f5ae33345c1e04404c2ca2d', 'sha1': '8f43cdcd486236ae01c8db82c67ed2a375e74f78', 'sha256': '8cef48f53304fb2705c9ca096122df2b8daa89569ac5c1bd221edee76b0d3ae4'}, 'dob': {'date': '1961-04-24T09:48:42.378Z', 'age': 62}, 'registered': {'date': '2020-12-04T18:52:36.578Z', 'age': 3}, 'phone': '0744-9709046', 'cell': '0171-1241410', 'id': {'name': 'SVNR', 'value': '54 240461 H 153'}, 'picture': {'large': 'https://randomuser.me/api/portraits/men/59.jpg', 'medium': 'https://randomuser.me/api/portraits/med/men/59.jpg', 'thumbnail': 'https://randomuser.me/api/portraits/thumb/men/59.jpg'}, 'nat': 'DE'}</msg>
<arg>${json_data['results'][0]}</arg>
<doc>Logs the given message with the given level.</doc>
<status status="PASS" start="2024-03-23T10:13:37.776822" elapsed="0.000456"/>
</kw>
<kw name="Log" owner="BuiltIn">
<msg time="2024-03-23T10:13:37.777706" level="INFO">name</msg>
<arg>${key}</arg>
<doc>Logs the given message with the given level.</doc>
<status status="PASS" start="2024-03-23T10:13:37.777576" elapsed="0.000169"/>
</kw>
<var name="${key}">name</var>
<status status="PASS" start="2024-03-23T10:13:37.775872" elapsed="0.002089"/>
</iter>
<iter>
<kw name="Dictionary Should Contain Key" owner="Collections">
<msg time="2024-03-23T10:13:37.778636" level="INFO">False</msg>
<arg>${json_data['results'][0]}</arg>
<arg>${key}</arg>
<doc>Fails if ``key`` is not found from ``dictionary``.</doc>
<status status="PASS" start="2024-03-23T10:13:37.778255" elapsed="0.000418"/>
</kw>
<kw name="Log" owner="BuiltIn">
<msg time="2024-03-23T10:13:37.779327" level="INFO">{'gender': 'male', 'name': {'title': 'Mr', 'first': 'Hans-Christian', 'last': 'Husmann'}, 'location': {'street': {'number': 4696, 'name': 'Meisenweg'}, 'city': 'Freren', 'state': 'Bremen', 'country': 'Germany', 'postcode': 81487, 'coordinates': {'latitude': '-50.1066', 'longitude': '-25.9345'}, 'timezone': {'offset': '+3:00', 'description': 'Baghdad, Riyadh, Moscow, St. Petersburg'}}, 'email': 'hans-christian.husmann@example.com', 'login': {'uuid': '5587a44c-ca7d-4395-bc9e-34e9c76fb1f1', 'username': 'organictiger290', 'password': 'santos', 'salt': 'WNB2mJtm', 'md5': '0a4abe745f5ae33345c1e04404c2ca2d', 'sha1': '8f43cdcd486236ae01c8db82c67ed2a375e74f78', 'sha256': '8cef48f53304fb2705c9ca096122df2b8daa89569ac5c1bd221edee76b0d3ae4'}, 'dob': {'date': '1961-04-24T09:48:42.378Z', 'age': 62}, 'registered': {'date': '2020-12-04T18:52:36.578Z', 'age': 3}, 'phone': '0744-9709046', 'cell': '0171-1241410', 'id': {'name': 'SVNR', 'value': '54 240461 H 153'}, 'picture': {'large': 'https://randomuser.me/api/portraits/men/59.jpg', 'medium': 'https://randomuser.me/api/portraits/med/men/59.jpg', 'thumbnail': 'https://randomuser.me/api/portraits/thumb/men/59.jpg'}, 'nat': 'DE'}</msg>
<arg>${json_data['results'][0]}</arg>
<doc>Logs the given message with the given level.</doc>
<status status="PASS" start="2024-03-23T10:13:37.778970" elapsed="0.000408"/>
</kw>
<kw name="Log" owner="BuiltIn">
<msg time="2024-03-23T10:13:37.779825" level="INFO">location</msg>
<arg>${key}</arg>
<doc>Logs the given message with the given level.</doc>
<status status="PASS" start="2024-03-23T10:13:37.779670" elapsed="0.000195"/>
</kw>
<var name="${key}">location</var>
<status status="PASS" start="2024-03-23T10:13:37.778141" elapsed="0.001942"/>
</iter>
<iter>
<kw name="Dictionary Should Contain Key" owner="Collections">
<msg time="2024-03-23T10:13:37.780754" level="INFO">False</msg>
<arg>${json_data['results'][0]}</arg>
<arg>${key}</arg>
<doc>Fails if ``key`` is not found from ``dictionary``.</doc>
<status status="PASS" start="2024-03-23T10:13:37.780381" elapsed="0.000411"/>
</kw>
<kw name="Log" owner="BuiltIn">
<msg time="2024-03-23T10:13:37.781444" level="INFO">{'gender': 'male', 'name': {'title': 'Mr', 'first': 'Hans-Christian', 'last': 'Husmann'}, 'location': {'street': {'number': 4696, 'name': 'Meisenweg'}, 'city': 'Freren', 'state': 'Bremen', 'country': 'Germany', 'postcode': 81487, 'coordinates': {'latitude': '-50.1066', 'longitude': '-25.9345'}, 'timezone': {'offset': '+3:00', 'description': 'Baghdad, Riyadh, Moscow, St. Petersburg'}}, 'email': 'hans-christian.husmann@example.com', 'login': {'uuid': '5587a44c-ca7d-4395-bc9e-34e9c76fb1f1', 'username': 'organictiger290', 'password': 'santos', 'salt': 'WNB2mJtm', 'md5': '0a4abe745f5ae33345c1e04404c2ca2d', 'sha1': '8f43cdcd486236ae01c8db82c67ed2a375e74f78', 'sha256': '8cef48f53304fb2705c9ca096122df2b8daa89569ac5c1bd221edee76b0d3ae4'}, 'dob': {'date': '1961-04-24T09:48:42.378Z', 'age': 62}, 'registered': {'date': '2020-12-04T18:52:36.578Z', 'age': 3}, 'phone': '0744-9709046', 'cell': '0171-1241410', 'id': {'name': 'SVNR', 'value': '54 240461 H 153'}, 'picture': {'large': 'https://randomuser.me/api/portraits/men/59.jpg', 'medium': 'https://randomuser.me/api/portraits/med/men/59.jpg', 'thumbnail': 'https://randomuser.me/api/portraits/thumb/men/59.jpg'}, 'nat': 'DE'}</msg>
<arg>${json_data['results'][0]}</arg>
<doc>Logs the given message with the given level.</doc>
<status status="PASS" start="2024-03-23T10:13:37.781089" elapsed="0.000403"/>
</kw>
<kw name="Log" owner="BuiltIn">
<msg time="2024-03-23T10:13:37.781907" level="INFO">email</msg>
<arg>${key}</arg>
<doc>Logs the given message with the given level.</doc>
<status status="PASS" start="2024-03-23T10:13:37.781781" elapsed="0.000163"/>
</kw>
<var name="${key}">email</var>
<status status="PASS" start="2024-03-23T10:13:37.780259" elapsed="0.001899"/>
</iter>
<iter>
<kw name="Dictionary Should Contain Key" owner="Collections">
<msg time="2024-03-23T10:13:37.782834" level="INFO">False</msg>
<arg>${json_data['results'][0]}</arg>
<arg>${key}</arg>
<doc>Fails if ``key`` is not found from ``dictionary``.</doc>
<status status="PASS" start="2024-03-23T10:13:37.782454" elapsed="0.000418"/>
</kw>
<kw name="Log" owner="BuiltIn">
<msg time="2024-03-23T10:13:37.783526" level="INFO">{'gender': 'male', 'name': {'title': 'Mr', 'first': 'Hans-Christian', 'last': 'Husmann'}, 'location': {'street': {'number': 4696, 'name': 'Meisenweg'}, 'city': 'Freren', 'state': 'Bremen', 'country': 'Germany', 'postcode': 81487, 'coordinates': {'latitude': '-50.1066', 'longitude': '-25.9345'}, 'timezone': {'offset': '+3:00', 'description': 'Baghdad, Riyadh, Moscow, St. Petersburg'}}, 'email': 'hans-christian.husmann@example.com', 'login': {'uuid': '5587a44c-ca7d-4395-bc9e-34e9c76fb1f1', 'username': 'organictiger290', 'password': 'santos', 'salt': 'WNB2mJtm', 'md5': '0a4abe745f5ae33345c1e04404c2ca2d', 'sha1': '8f43cdcd486236ae01c8db82c67ed2a375e74f78', 'sha256': '8cef48f53304fb2705c9ca096122df2b8daa89569ac5c1bd221edee76b0d3ae4'}, 'dob': {'date': '1961-04-24T09:48:42.378Z', 'age': 62}, 'registered': {'date': '2020-12-04T18:52:36.578Z', 'age': 3}, 'phone': '0744-9709046', 'cell': '0171-1241410', 'id': {'name': 'SVNR', 'value': '54 240461 H 153'}, 'picture': {'large': 'https://randomuser.me/api/portraits/men/59.jpg', 'medium': 'https://randomuser.me/api/portraits/med/men/59.jpg', 'thumbnail': 'https://randomuser.me/api/portraits/thumb/men/59.jpg'}, 'nat': 'DE'}</msg>
<arg>${json_data['results'][0]}</arg>
<doc>Logs the given message with the given level.</doc>
<status status="PASS" start="2024-03-23T10:13:37.783164" elapsed="0.000408"/>
</kw>
<kw name="Log" owner="BuiltIn">
<msg time="2024-03-23T10:13:37.784023" level="INFO">login</msg>
<arg>${key}</arg>
<doc>Logs the given message with the given level.</doc>
<status status="PASS" start="2024-03-23T10:13:37.783893" elapsed="0.000302"/>
</kw>
<var name="${key}">login</var>
<status status="PASS" start="2024-03-23T10:13:37.782337" elapsed="0.002087"/>
</iter>
<var>${key}</var>
<value>@{expected_keys}</value>
<status status="PASS" start="2024-03-23T10:13:37.773464" elapsed="0.011082"/>
</for>
<kw name="Create List" owner="BuiltIn">
<msg time="2024-03-23T10:13:37.784873" level="INFO">${expected_keysTwo} = ['username', 'password']</msg>
<var>${expected_keysTwo}</var>
<arg>username</arg>
<arg>password</arg>
<doc>Returns a list containing given items.</doc>
<status status="PASS" start="2024-03-23T10:13:37.784735" elapsed="0.000162"/>
</kw>
<for flavor="IN">
<iter>
<kw name="Dictionary Should Contain Key" owner="Collections">
<msg time="2024-03-23T10:13:37.785770" level="INFO">False</msg>
<arg>${json_data['results'][0]['login']}</arg>
<arg>${keyTwo}</arg>
<doc>Fails if ``key`` is not found from ``dictionary``.</doc>
<status status="PASS" start="2024-03-23T10:13:37.785393" elapsed="0.000414"/>
</kw>
<kw name="Dictionary Should Contain Key" owner="Collections">
<msg time="2024-03-23T10:13:37.786476" level="INFO">False</msg>
<arg>${json_data['results'][0]['login']}</arg>
<arg>${keyTwo}</arg>
<doc>Fails if ``key`` is not found from ``dictionary``.</doc>
<status status="PASS" start="2024-03-23T10:13:37.786105" elapsed="0.000408"/>
</kw>
<kw name="Log" owner="BuiltIn">
<msg time="2024-03-23T10:13:37.786937" level="INFO">username</msg>
<arg>${keyTwo}</arg>
<doc>Logs the given message with the given level.</doc>
<status status="PASS" start="2024-03-23T10:13:37.786810" elapsed="0.000164"/>
</kw>
<var name="${keyTwo}">username</var>
<status status="PASS" start="2024-03-23T10:13:37.785284" elapsed="0.001905"/>
</iter>
<iter>
<kw name="Dictionary Should Contain Key" owner="Collections">
<msg time="2024-03-23T10:13:37.787888" level="INFO">False</msg>
<arg>${json_data['results'][0]['login']}</arg>
<arg>${keyTwo}</arg>
<doc>Fails if ``key`` is not found from ``dictionary``.</doc>
<status status="PASS" start="2024-03-23T10:13:37.787475" elapsed="0.000454"/>
</kw>
<kw name="Dictionary Should Contain Key" owner="Collections">
<msg time="2024-03-23T10:13:37.788613" level="INFO">False</msg>
<arg>${json_data['results'][0]['login']}</arg>
<arg>${keyTwo}</arg>
<doc>Fails if ``key`` is not found from ``dictionary``.</doc>
<status status="PASS" start="2024-03-23T10:13:37.788227" elapsed="0.000422"/>
</kw>
<kw name="Log" owner="BuiltIn">
<msg time="2024-03-23T10:13:37.789067" level="INFO">password</msg>
<arg>${keyTwo}</arg>
<doc>Logs the given message with the given level.</doc>
<status status="PASS" start="2024-03-23T10:13:37.788940" elapsed="0.000165"/>
</kw>
<var name="${keyTwo}">password</var>
<status status="PASS" start="2024-03-23T10:13:37.787364" elapsed="0.001956"/>
</iter>
<var>${keyTwo}</var>
<value>@{expected_keysTwo}</value>
<status status="PASS" start="2024-03-23T10:13:37.785133" elapsed="0.004310"/>
</for>
<status status="PASS" start="2024-03-23T10:13:37.678225" elapsed="0.111355"/>
</kw>
<doc>Testa a estrutura da resposta da API.</doc>
<tag>testeEstruturaResposta</tag>
<status status="PASS" start="2024-03-23T10:13:37.677490" elapsed="0.112241"/>
</test>
<test id="s1-s1-t4" name="Validar tipos de dados" line="28">
<kw name="Teste de Tipos de Dados" owner="random-user-service">
<kw name="GET On Session" owner="RequestsLibrary">
<msg time="2024-03-23T10:13:37.881339" level="INFO">GET Request : url=https://randomuser.me/api 
 path_url=/api 
 headers={'User-Agent': 'python-requests/2.31.0', 'Accept-Encoding': 'gzip, deflate', 'Accept': '*/*', 'Connection': 'keep-alive'} 
 body=None 
 </msg>
<msg time="2024-03-23T10:13:37.881421" level="INFO">GET Response : url=https://randomuser.me/api 
 status=200, reason=OK 
 headers={'Date': 'Sat, 23 Mar 2024 10:13:37 GMT', 'Content-Type': 'application/json; charset=utf-8', 'Transfer-Encoding': 'chunked', 'Connection': 'keep-alive', 'X-Powered-By': 'Express', 'Access-Control-Allow-Origin': '*', 'Cache-Control': 'no-cache', 'ETag': 'W/"470-qWoS8ButK6mXyBTVdpGiRj3FzAE"', 'Vary': 'Accept-Encoding', 'Content-Encoding': 'gzip', 'CF-Cache-Status': 'DYNAMIC', 'Report-To': '{"endpoints":[{"url":"https:\\/\\/a.nel.cloudflare.com\\/report\\/v4?s=OMjp81uLUoQlFXcAFF3zPX9qzFL%2B5Ow2rGR81JQhUMBjTMZNC44u5GqoYteuh6Sjr%2FBSjQkKM6fsxWbqRNX8UkECC4G8Ddh%2Fo%2BCV7WH3aOOMXdeWr%2FkZubzqk3i8cGc%2B"}],"group":"cf-nel","max_age":604800}', 'NEL': '{"success_fraction":0,"report_to":"cf-nel","max_age":604800}', 'Server': 'cloudflare', 'CF-RAY': '868da65f38e5641d-SJC', 'alt-svc': 'h3=":443"; ma=86400'} 
 body={"results":[{"gender":"male","name":{"title":"Mr","first":"Herbert","last":"Mills"},"location":{"street":{"number":8748,"name":"Ormond Quay"},"city":"Ashbourne","state":"Carlow","country":"Ireland","postcode":24816,"coordinates":{"latitude":"-2.1237","longitude":"-88.1690"},"timezone":{"offset":"+3:30","description":"Tehran"}},"email":"herbert.mills@example.com","login":{"uuid":"699d9002-7531-49b3-b7d3-181b31cd08c2","username":"ticklishelephant171","password":"junior1","salt":"EulgKSpB","md5":"1646fd0a378c867d480b8fb96b37cd9c","sha1":"3ec59793c9c58a59d8164e87c7603c2e422e1d6e","sha256":"96d6c5eff83e2d039eb6317a90c3d16ce1fdcd791a907b40be75be7ec6316c33"},"dob":{"date":"1974-04-30T16:24:05.431Z","age":49},"registered":{"date":"2003-10-15T08:33:56.707Z","age":20},"phone":"021-078-0571","cell":"081-394-2243","id":{"name":"PPS","value":"4157861T"},"picture":{"large":"https://randomuser.me/api/portraits/men/72.jpg","medium":"https://randomuser.me/api/portraits/med/men/72.jpg","thumbnail":"https://randomuser.me/api/portraits/thumb/men/72.jpg"},"nat":"IE"}],"info":{"seed":"2856453fc9c5791b","results":1,"page":1,"version":"1.4"}} 
 </msg>
<msg time="2024-03-23T10:13:37.881492" level="INFO">/opt/hostedtoolcache/Python/3.12.2/x64/lib/python3.12/site-packages/urllib3/connectionpool.py:1103: InsecureRequestWarning: Unverified HTTPS request is being made to host 'randomuser.me'. Adding certificate verification is strongly advised. See: https://urllib3.readthedocs.io/en/latest/advanced-usage.html#tls-warnings
  warnings.warn(</msg>
<msg time="2024-03-23T10:13:37.881599" level="INFO">${response} = &lt;Response [200]&gt;</msg>
<var>${response}</var>
<arg>consultarAPI</arg>
<arg>/api</arg>
<doc>Sends a GET request on a previously created HTTP Session.</doc>
<status status="PASS" start="2024-03-23T10:13:37.792195" elapsed="0.089445"/>
</kw>
<kw name="Set Variable" owner="BuiltIn">
<msg time="2024-03-23T10:13:37.882439" level="INFO">${json_data} = {'results': [{'gender': 'male', 'name': {'title': 'Mr', 'first': 'Herbert', 'last': 'Mills'}, 'location': {'street': {'number': 8748, 'name': 'Ormond Quay'}, 'city': 'Ashbourne', 'state': 'Carlow', 'c...</msg>
<var>${json_data}</var>
<arg>${response.json()}</arg>
<doc>Returns the given values which can then be assigned to a variables.</doc>
<status status="PASS" start="2024-03-23T10:13:37.881983" elapsed="0.000487"/>
</kw>
<kw name="Log" owner="BuiltIn">
<msg time="2024-03-23T10:13:37.882930" level="INFO">{'results': [{'gender': 'male', 'name': {'title': 'Mr', 'first': 'Herbert', 'last': 'Mills'}, 'location': {'street': {'number': 8748, 'name': 'Ormond Quay'}, 'city': 'Ashbourne', 'state': 'Carlow', 'country': 'Ireland', 'postcode': 24816, 'coordinates': {'latitude': '-2.1237', 'longitude': '-88.1690'}, 'timezone': {'offset': '+3:30', 'description': 'Tehran'}}, 'email': 'herbert.mills@example.com', 'login': {'uuid': '699d9002-7531-49b3-b7d3-181b31cd08c2', 'username': 'ticklishelephant171', 'password': 'junior1', 'salt': 'EulgKSpB', 'md5': '1646fd0a378c867d480b8fb96b37cd9c', 'sha1': '3ec59793c9c58a59d8164e87c7603c2e422e1d6e', 'sha256': '96d6c5eff83e2d039eb6317a90c3d16ce1fdcd791a907b40be75be7ec6316c33'}, 'dob': {'date': '1974-04-30T16:24:05.431Z', 'age': 49}, 'registered': {'date': '2003-10-15T08:33:56.707Z', 'age': 20}, 'phone': '021-078-0571', 'cell': '081-394-2243', 'id': {'name': 'PPS', 'value': '4157861T'}, 'picture': {'large': 'https://randomuser.me/api/portraits/men/72.jpg', 'medium': 'https://randomuser.me/api/portraits/med/men/72.jpg', 'thumbnail': 'https://randomuser.me/api/portraits/thumb/men/72.jpg'}, 'nat': 'IE'}], 'info': {'seed': '2856453fc9c5791b', 'results': 1, 'page': 1, 'version': '1.4'}}</msg>
<arg>${json_data}</arg>
<doc>Logs the given message with the given level.</doc>
<status status="PASS" start="2024-03-23T10:13:37.882775" elapsed="0.000236"/>
</kw>
<kw name="Should Be String" owner="String">
<arg>${json_data['results'][0]['gender']}</arg>
<doc>Fails if the given ``item`` is not a string.</doc>
<status status="PASS" start="2024-03-23T10:13:37.883313" elapsed="0.000373"/>
</kw>
<kw name="Should Match Regexp" owner="BuiltIn">
<arg>${json_data['results'][0]['email']}</arg>
<arg>^[a-zA-Z0-9._%+-]+@[a-zA-Z0-9.-]+\.[a-zA-Z]{2,}$</arg>
<doc>Fails if ``string`` does not match ``pattern`` as a regular expression.</doc>
<status status="PASS" start="2024-03-23T10:13:37.883946" elapsed="0.000510"/>
</kw>
<kw name="Should Match Regexp" owner="BuiltIn">
<arg>${json_data['results'][0]['dob']['date']}</arg>
<arg>\\d{4}-\\d{2}-\\d{2}T\\d{2}:\\d{2}:\\d{2}\\.\\d{3}Z</arg>
<doc>Fails if ``string`` does not match ``pattern`` as a regular expression.</doc>
<status status="PASS" start="2024-03-23T10:13:37.884654" elapsed="0.000485"/>
</kw>
<kw name="Should Match Regexp" owner="BuiltIn">
<arg>${json_data['results'][0]['registered']['date']}</arg>
<arg>\\d{4}-\\d{2}-\\d{2}T\\d{2}:\\d{2}:\\d{2}\\.\\d{3}Z</arg>
<doc>Fails if ``string`` does not match ``pattern`` as a regular expression.</doc>
<status status="PASS" start="2024-03-23T10:13:37.885331" elapsed="0.000379"/>
</kw>
<kw name="Should Match Regexp" owner="BuiltIn">
<arg>${json_data['results'][0]['picture']['large']}</arg>
<arg>^https?://.*\.(?:png|jpe?g|gif|bmp)$</arg>
<doc>Fails if ``string`` does not match ``pattern`` as a regular expression.</doc>
<status status="PASS" start="2024-03-23T10:13:37.885898" elapsed="0.000456"/>
</kw>
<kw name="Should Match Regexp" owner="BuiltIn">
<arg>${json_data['results'][0]['picture']['medium']}</arg>
<arg>^https?://.*\.(?:png|jpe?g|gif|bmp)$</arg>
<doc>Fails if ``string`` does not match ``pattern`` as a regular expression.</doc>
<status status="PASS" start="2024-03-23T10:13:37.886544" elapsed="0.000357"/>
</kw>
<kw name="Should Match Regexp" owner="BuiltIn">
<arg>${json_data['results'][0]['picture']['thumbnail']}</arg>
<arg>^https?://.*\.(?:png|jpe?g|gif|bmp)$</arg>
<doc>Fails if ``string`` does not match ``pattern`` as a regular expression.</doc>
<status status="PASS" start="2024-03-23T10:13:37.887088" elapsed="0.000351"/>
</kw>
<kw name="Log" owner="BuiltIn">
<msg time="2024-03-23T10:13:37.887973" level="INFO">{'large': 'https://randomuser.me/api/portraits/men/72.jpg', 'medium': 'https://randomuser.me/api/portraits/med/men/72.jpg', 'thumbnail': 'https://randomuser.me/api/portraits/thumb/men/72.jpg'}</msg>
<arg>${json_data['results'][0]['picture']}</arg>
<doc>Logs the given message with the given level.</doc>
<status status="PASS" start="2024-03-23T10:13:37.887620" elapsed="0.000401"/>
</kw>
<status status="PASS" start="2024-03-23T10:13:37.791973" elapsed="0.096300"/>
</kw>
<kw name="Teste de Tipos de Dados - Postcode" owner="random-user-service">
<kw name="GET On Session" owner="RequestsLibrary">
<msg time="2024-03-23T10:13:37.977498" level="INFO">GET Request : url=https://randomuser.me/api 
 path_url=/api 
 headers={'User-Agent': 'python-requests/2.31.0', 'Accept-Encoding': 'gzip, deflate', 'Accept': '*/*', 'Connection': 'keep-alive'} 
 body=None 
 </msg>
<msg time="2024-03-23T10:13:37.977574" level="INFO">GET Response : url=https://randomuser.me/api 
 status=200, reason=OK 
 headers={'Date': 'Sat, 23 Mar 2024 10:13:37 GMT', 'Content-Type': 'application/json; charset=utf-8', 'Transfer-Encoding': 'chunked', 'Connection': 'keep-alive', 'X-Powered-By': 'Express', 'Access-Control-Allow-Origin': '*', 'Cache-Control': 'no-cache', 'ETag': 'W/"490-fg8zhZHzV3TidhYVFa17pXj7xX0"', 'Vary': 'Accept-Encoding', 'Content-Encoding': 'gzip', 'CF-Cache-Status': 'DYNAMIC', 'Report-To': '{"endpoints":[{"url":"https:\\/\\/a.nel.cloudflare.com\\/report\\/v4?s=eTEJ8irSVbyJJv6LeFMv%2F23f3bzXKsIUdx8V%2FMb7bvnGWj15f6bp7ECUPAfgb6WstCC7OQ39EyrrrRZ8yuf0T0xB5dXAyUX8RBYx%2F7MHaTwueCgmgdtmN8JSTm3ioVqC"}],"group":"cf-nel","max_age":604800}', 'NEL': '{"success_fraction":0,"report_to":"cf-nel","max_age":604800}', 'Server': 'cloudflare', 'CF-RAY': '868da65fd949641d-SJC', 'alt-svc': 'h3=":443"; ma=86400'} 
 body={"results":[{"gender":"male","name":{"title":"Mr","first":"David","last":"Zhang"},"location":{"street":{"number":6580,"name":"Henderson Road"},"city":"Palmerston North","state":"Taranaki","country":"New Zealand","postcode":89775,"coordinates":{"latitude":"52.3486","longitude":"-110.9191"},"timezone":{"offset":"+3:00","description":"Baghdad, Riyadh, Moscow, St. Petersburg"}},"email":"david.zhang@example.com","login":{"uuid":"4f8a59be-ad66-48f5-b83f-895f10cc2c0c","username":"bluezebra550","password":"karma","salt":"PZxAG8v8","md5":"278437a0168a663a1a85e300c60cfafb","sha1":"a664533877f15ab387635b2da3256ac09731c374","sha256":"d0103e804850a59289922afd20adb3fdf0ca4c67d97a5c11c0bfb8bd54110950"},"dob":{"date":"1977-08-20T23:51:37.303Z","age":46},"registered":{"date":"2008-09-16T09:39:52.179Z","age":15},"phone":"(007)-717-0782","cell":"(944)-329-7333","id":{"name":"","value":null},"picture":{"large":"https://randomuser.me/api/portraits/men/94.jpg","medium":"https://randomuser.me/api/portraits/med/men/94.jpg","thumbnail":"https://randomuser.me/api/portraits/thumb/men/94.jpg"},"nat":"NZ"}],"info":{"seed":"55d8a918fcca8925","results":1,"page":1,"version":"1.4"}} 
 </msg>
<msg time="2024-03-23T10:13:37.977652" level="INFO">/opt/hostedtoolcache/Python/3.12.2/x64/lib/python3.12/site-packages/urllib3/connectionpool.py:1103: InsecureRequestWarning: Unverified HTTPS request is being made to host 'randomuser.me'. Adding certificate verification is strongly advised. See: https://urllib3.readthedocs.io/en/latest/advanced-usage.html#tls-warnings
  warnings.warn(</msg>
<msg time="2024-03-23T10:13:37.977756" level="INFO">${response} = &lt;Response [200]&gt;</msg>
<var>${response}</var>
<arg>consultarAPI</arg>
<arg>/api</arg>
<doc>Sends a GET request on a previously created HTTP Session.</doc>
<status status="PASS" start="2024-03-23T10:13:37.888823" elapsed="0.088975"/>
</kw>
<kw name="Set Variable" owner="BuiltIn">
<msg time="2024-03-23T10:13:37.978570" level="INFO">${json_data} = {'results': [{'gender': 'male', 'name': {'title': 'Mr', 'first': 'David', 'last': 'Zhang'}, 'location': {'street': {'number': 6580, 'name': 'Henderson Road'}, 'city': 'Palmerston North', 'state': 'Tar...</msg>
<var>${json_data}</var>
<arg>${response.json()}</arg>
<doc>Returns the given values which can then be assigned to a variables.</doc>
<status status="PASS" start="2024-03-23T10:13:37.978141" elapsed="0.000456"/>
</kw>
<kw name="Log" owner="BuiltIn">
<msg time="2024-03-23T10:13:37.979049" level="INFO">{'results': [{'gender': 'male', 'name': {'title': 'Mr', 'first': 'David', 'last': 'Zhang'}, 'location': {'street': {'number': 6580, 'name': 'Henderson Road'}, 'city': 'Palmerston North', 'state': 'Taranaki', 'country': 'New Zealand', 'postcode': 89775, 'coordinates': {'latitude': '52.3486', 'longitude': '-110.9191'}, 'timezone': {'offset': '+3:00', 'description': 'Baghdad, Riyadh, Moscow, St. Petersburg'}}, 'email': 'david.zhang@example.com', 'login': {'uuid': '4f8a59be-ad66-48f5-b83f-895f10cc2c0c', 'username': 'bluezebra550', 'password': 'karma', 'salt': 'PZxAG8v8', 'md5': '278437a0168a663a1a85e300c60cfafb', 'sha1': 'a664533877f15ab387635b2da3256ac09731c374', 'sha256': 'd0103e804850a59289922afd20adb3fdf0ca4c67d97a5c11c0bfb8bd54110950'}, 'dob': {'date': '1977-08-20T23:51:37.303Z', 'age': 46}, 'registered': {'date': '2008-09-16T09:39:52.179Z', 'age': 15}, 'phone': '(007)-717-0782', 'cell': '(944)-329-7333', 'id': {'name': '', 'value': None}, 'picture': {'large': 'https://randomuser.me/api/portraits/men/94.jpg', 'medium': 'https://randomuser.me/api/portraits/med/men/94.jpg', 'thumbnail': 'https://randomuser.me/api/portraits/thumb/men/94.jpg'}, 'nat': 'NZ'}], 'info': {'seed': '55d8a918fcca8925', 'results': 1, 'page': 1, 'version': '1.4'}}</msg>
<arg>${json_data}</arg>
<doc>Logs the given message with the given level.</doc>
<status status="PASS" start="2024-03-23T10:13:37.978898" elapsed="0.000227"/>
</kw>
<kw name="Should Be Equal As Numbers" owner="BuiltIn">
<arg>${json_data['results'][0]['location']['postcode']}</arg>
<arg>${json_data['results'][0]['location']['postcode']}</arg>
<doc>Fails if objects are unequal after converting them to real numbers.</doc>
<status status="PASS" start="2024-03-23T10:13:37.979420" elapsed="0.000663"/>
</kw>
<kw name="Log" owner="BuiltIn">
<msg time="2024-03-23T10:13:37.980604" level="INFO">89775</msg>
<arg>${json_data['results'][0]['location']['postcode']}</arg>
<doc>Logs the given message with the given level.</doc>
<status status="PASS" start="2024-03-23T10:13:37.980273" elapsed="0.000370"/>
</kw>
<status status="PASS" start="2024-03-23T10:13:37.888482" elapsed="0.092410"/>
</kw>
<doc>Testa se os tipos de dados na resposta da API estão corretos.</doc>
<tag>testeTiposDados</tag>
<status status="PASS" start="2024-03-23T10:13:37.791444" elapsed="0.189608"/>
</test>
<test id="s1-s1-t5" name="Validar conteudo" line="35">
<kw name="Teste de Tipos de Conteudo" owner="random-user-service">
<kw name="GET On Session" owner="RequestsLibrary">
<msg time="2024-03-23T10:13:38.083062" level="INFO">GET Request : url=https://randomuser.me/api 
 path_url=/api 
 headers={'User-Agent': 'python-requests/2.31.0', 'Accept-Encoding': 'gzip, deflate', 'Accept': '*/*', 'Connection': 'keep-alive'} 
 body=None 
 </msg>
<msg time="2024-03-23T10:13:38.083148" level="INFO">GET Response : url=https://randomuser.me/api 
 status=200, reason=OK 
 headers={'Date': 'Sat, 23 Mar 2024 10:13:38 GMT', 'Content-Type': 'application/json; charset=utf-8', 'Transfer-Encoding': 'chunked', 'Connection': 'keep-alive', 'X-Powered-By': 'Express', 'Access-Control-Allow-Origin': '*', 'Cache-Control': 'no-cache', 'ETag': 'W/"48e-38AgtY16ROunLCsQiG5NEztrMi0"', 'Vary': 'Accept-Encoding', 'Content-Encoding': 'gzip', 'CF-Cache-Status': 'DYNAMIC', 'Report-To': '{"endpoints":[{"url":"https:\\/\\/a.nel.cloudflare.com\\/report\\/v4?s=Sg2rCv59MB2IvfPxCcicRO7KbaUXLmh1Nix052YJleP2zbgihLGv%2F7NmjlWfJaghZbJyY3FxQJ7F2JUAZzELSQIOW3aHij9UbLv2AeFjuPScz0Y0P3XfGKmT%2BKdc%2BEpA"}],"group":"cf-nel","max_age":604800}', 'NEL': '{"success_fraction":0,"report_to":"cf-nel","max_age":604800}', 'Server': 'cloudflare', 'CF-RAY': '868da66069b5641d-SJC', 'alt-svc': 'h3=":443"; ma=86400'} 
 body={"results":[{"gender":"female","name":{"title":"Ms","first":"Draginja","last":"Divac"},"location":{"street":{"number":8199,"name":"Školski Venac"},"city":"Bački Petrovac","state":"Podunavlje","country":"Serbia","postcode":91181,"coordinates":{"latitude":"58.1262","longitude":"118.7275"},"timezone":{"offset":"-11:00","description":"Midway Island, Samoa"}},"email":"draginja.divac@example.com","login":{"uuid":"31c0dd18-ec53-4f65-9cbb-7af9ccb26cb8","username":"sadkoala704","password":"premium","salt":"Wum7ywgW","md5":"b9f72b1e01884a39a28e81592a55f19c","sha1":"d1b2f434885c636122bbc0da7169a9b7fde7380c","sha256":"c639310ca4df616741c5179c78e051fe567b3a07b6fce7e445d69f953099f218"},"dob":{"date":"2000-11-12T21:45:37.218Z","age":23},"registered":{"date":"2014-01-06T03:52:23.492Z","age":10},"phone":"037-1377-594","cell":"068-8651-457","id":{"name":"SID","value":"213891536"},"picture":{"large":"https://randomuser.me/api/portraits/women/73.jpg","medium":"https://randomuser.me/api/portraits/med/women/73.jpg","thumbnail":"https://randomuser.me/api/portraits/thumb/women/73.jpg"},"nat":"RS"}],"info":{"seed":"92cb659ebbccef92","results":1,"page":1,"version":"1.4"}} 
 </msg>
<msg time="2024-03-23T10:13:38.083224" level="INFO">/opt/hostedtoolcache/Python/3.12.2/x64/lib/python3.12/site-packages/urllib3/connectionpool.py:1103: InsecureRequestWarning: Unverified HTTPS request is being made to host 'randomuser.me'. Adding certificate verification is strongly advised. See: https://urllib3.readthedocs.io/en/latest/advanced-usage.html#tls-warnings
  warnings.warn(</msg>
<msg time="2024-03-23T10:13:38.083363" level="INFO">${response} = &lt;Response [200]&gt;</msg>
<var>${response}</var>
<arg>consultarAPI</arg>
<arg>/api</arg>
<doc>Sends a GET request on a previously created HTTP Session.</doc>
<status status="PASS" start="2024-03-23T10:13:37.983386" elapsed="0.100031"/>
</kw>
<kw name="Set Variable" owner="BuiltIn">
<msg time="2024-03-23T10:13:38.084378" level="INFO">${json_data} = {'results': [{'gender': 'female', 'name': {'title': 'Ms', 'first': 'Draginja', 'last': 'Divac'}, 'location': {'street': {'number': 8199, 'name': 'Školski Venac'}, 'city': 'Bački Petrovac', 'state': 'P...</msg>
<var>${json_data}</var>
<arg>${response.json()}</arg>
<doc>Returns the given values which can then be assigned to a variables.</doc>
<status status="PASS" start="2024-03-23T10:13:38.083926" elapsed="0.000482"/>
</kw>
<kw name="Set Variable" owner="BuiltIn">
<msg time="2024-03-23T10:13:38.085100" level="INFO">${name_title} = Ms</msg>
<var>${name_title}</var>
<arg>${json_data["results"][0]["name"]["title"]}</arg>
<doc>Returns the given values which can then be assigned to a variables.</doc>
<status status="PASS" start="2024-03-23T10:13:38.084717" elapsed="0.000408"/>
</kw>
<kw name="Create List" owner="BuiltIn">
<msg time="2024-03-23T10:13:38.085573" level="INFO">${allowed_titles} = ['Mr', 'Ms', 'Miss', 'Mrs', 'Madame', 'Monsieur']</msg>
<var>${allowed_titles}</var>
<arg>Mr</arg>
<arg>Ms</arg>
<arg>Miss</arg>
<arg>Mrs</arg>
<arg>Madame</arg>
<arg>Monsieur</arg>
<doc>Returns a list containing given items.</doc>
<status status="PASS" start="2024-03-23T10:13:38.085423" elapsed="0.000174"/>
</kw>
<kw name="List Should Contain Value" owner="Collections">
<msg time="2024-03-23T10:13:38.086074" level="INFO">False</msg>
<arg>${allowed_titles}</arg>
<arg>${name_title}</arg>
<doc>Fails if the ``value`` is not found from ``list``.</doc>
<status status="PASS" start="2024-03-23T10:13:38.085900" elapsed="0.000209"/>
</kw>
<kw name="Set Variable" owner="BuiltIn">
<msg time="2024-03-23T10:13:38.086780" level="INFO">${name_country} = RS</msg>
<var>${name_country}</var>
<arg>${json_data["results"][0]["nat"]}</arg>
<doc>Returns the given values which can then be assigned to a variables.</doc>
<status status="PASS" start="2024-03-23T10:13:38.086402" elapsed="0.000404"/>
</kw>
<kw name="Create List" owner="BuiltIn">
<msg time="2024-03-23T10:13:38.087762" level="INFO">${list_country} = ['AD', 'AE', 'AF', 'AG', 'AI', 'AL', 'AM', 'AO', 'AQ', 'AR', 'AS', 'AT', 'AU', 'AW', 'AX', 'AZ', 'BA', 'BB', 'BD', 'BE', 'BF', 'BG', 'BH', 'BI', 'BJ', 'BL', 'BM', 'BN', 'BO', 'BQ', 'BR', 'BS', 'BT', '...</msg>
<var>${list_country}</var>
<arg>AD</arg>
<arg>AE</arg>
<arg>AF</arg>
<arg>AG</arg>
<arg>AI</arg>
<arg>AL</arg>
<arg>AM</arg>
<arg>AO</arg>
<arg>AQ</arg>
<arg>AR</arg>
<arg>AS</arg>
<arg>AT</arg>
<arg>AU</arg>
<arg>AW</arg>
<arg>AX</arg>
<arg>AZ</arg>
<arg>BA</arg>
<arg>BB</arg>
<arg>BD</arg>
<arg>BE</arg>
<arg>BF</arg>
<arg>BG</arg>
<arg>BH</arg>
<arg>BI</arg>
<arg>BJ</arg>
<arg>BL</arg>
<arg>BM</arg>
<arg>BN</arg>
<arg>BO</arg>
<arg>BQ</arg>
<arg>BR</arg>
<arg>BS</arg>
<arg>BT</arg>
<arg>BV</arg>
<arg>BW</arg>
<arg>BY</arg>
<arg>BZ</arg>
<arg>CA</arg>
<arg>CC</arg>
<arg>CD</arg>
<arg>CF</arg>
<arg>CG</arg>
<arg>CH</arg>
<arg>CI</arg>
<arg>CK</arg>
<arg>CL</arg>
<arg>CM</arg>
<arg>CN</arg>
<arg>CO</arg>
<arg>CR</arg>
<arg>CU</arg>
<arg>CV</arg>
<arg>CW</arg>
<arg>CX</arg>
<arg>CY</arg>
<arg>CZ</arg>
<arg>DE</arg>
<arg>DJ</arg>
<arg>DK</arg>
<arg>DM</arg>
<arg>DO</arg>
<arg>DZ</arg>
<arg>EC</arg>
<arg>EE</arg>
<arg>EG</arg>
<arg>EH</arg>
<arg>ER</arg>
<arg>ES</arg>
<arg>ET</arg>
<arg>FI</arg>
<arg>FJ</arg>
<arg>FK</arg>
<arg>FM</arg>
<arg>FO</arg>
<arg>FR</arg>
<arg>GA</arg>
<arg>GB</arg>
<arg>GD</arg>
<arg>GE</arg>
<arg>GF</arg>
<arg>GG</arg>
<arg>GH</arg>
<arg>GI</arg>
<arg>GL</arg>
<arg>GM</arg>
<arg>GN</arg>
<arg>GP</arg>
<arg>GQ</arg>
<arg>GR</arg>
<arg>GS</arg>
<arg>GT</arg>
<arg>GU</arg>
<arg>GW</arg>
<arg>GY</arg>
<arg>HK</arg>
<arg>HM</arg>
<arg>HN</arg>
<arg>HR</arg>
<arg>HT</arg>
<arg>HU</arg>
<arg>ID</arg>
<arg>IE</arg>
<arg>IL</arg>
<arg>IM</arg>
<arg>IN</arg>
<arg>IO</arg>
<arg>IQ</arg>
<arg>IR</arg>
<arg>IS</arg>
<arg>IT</arg>
<arg>JE</arg>
<arg>JM</arg>
<arg>JO</arg>
<arg>JP</arg>
<arg>KE</arg>
<arg>KG</arg>
<arg>KH</arg>
<arg>KI</arg>
<arg>KM</arg>
<arg>KN</arg>
<arg>KP</arg>
<arg>KR</arg>
<arg>KW</arg>
<arg>KY</arg>
<arg>KZ</arg>
<arg>LA</arg>
<arg>LB</arg>
<arg>LC</arg>
<arg>LI</arg>
<arg>LK</arg>
<arg>LR</arg>
<arg>LS</arg>
<arg>LT</arg>
<arg>LU</arg>
<arg>LV</arg>
<arg>LY</arg>
<arg>MA</arg>
<arg>MC</arg>
<arg>MD</arg>
<arg>ME</arg>
<arg>MF</arg>
<arg>MG</arg>
<arg>MH</arg>
<arg>MK</arg>
<arg>ML</arg>
<arg>MM</arg>
<arg>MN</arg>
<arg>MO</arg>
<arg>MP</arg>
<arg>MQ</arg>
<arg>MR</arg>
<arg>MS</arg>
<arg>MT</arg>
<arg>MU</arg>
<arg>MV</arg>
<arg>MW</arg>
<arg>MX</arg>
<arg>MY</arg>
<arg>MZ</arg>
<arg>NA</arg>
<arg>NC</arg>
<arg>NE</arg>
<arg>NF</arg>
<arg>NG</arg>
<arg>NI</arg>
<arg>NL</arg>
<arg>NO</arg>
<arg>NP</arg>
<arg>NR</arg>
<arg>NU</arg>
<arg>NZ</arg>
<arg>OM</arg>
<arg>PA</arg>
<arg>PE</arg>
<arg>PF</arg>
<arg>PG</arg>
<arg>PH</arg>
<arg>PK</arg>
<arg>PL</arg>
<arg>PM</arg>
<arg>PN</arg>
<arg>PR</arg>
<arg>PS</arg>
<arg>PT</arg>
<arg>PW</arg>
<arg>PY</arg>
<arg>QA</arg>
<arg>RE</arg>
<arg>RO</arg>
<arg>RS</arg>
<arg>RU</arg>
<arg>RW</arg>
<arg>SA</arg>
<arg>SB</arg>
<arg>SC</arg>
<arg>SD</arg>
<arg>SE</arg>
<arg>SG</arg>
<arg>SH</arg>
<arg>SI</arg>
<arg>SJ</arg>
<arg>SK</arg>
<arg>SL</arg>
<arg>SM</arg>
<arg>SN</arg>
<arg>SO</arg>
<arg>SR</arg>
<arg>SS</arg>
<arg>ST</arg>
<arg>SV</arg>
<arg>SX</arg>
<arg>SY</arg>
<arg>SZ</arg>
<arg>TC</arg>
<arg>TD</arg>
<arg>TF</arg>
<arg>TG</arg>
<arg>TH</arg>
<arg>TJ</arg>
<arg>TK</arg>
<arg>TL</arg>
<arg>TM</arg>
<arg>TN</arg>
<arg>TO</arg>
<arg>TR</arg>
<arg>TT</arg>
<arg>TV</arg>
<arg>TW</arg>
<arg>TZ</arg>
<arg>UA</arg>
<arg>UG</arg>
<arg>UM</arg>
<arg>US</arg>
<arg>UY</arg>
<arg>UZ</arg>
<arg>VA</arg>
<arg>VC</arg>
<arg>VE</arg>
<arg>VG</arg>
<arg>VI</arg>
<arg>VN</arg>
<arg>VU</arg>
<arg>WF</arg>
<arg>WS</arg>
<arg>XK</arg>
<arg>YE</arg>
<arg>YT</arg>
<arg>ZA</arg>
<arg>ZM</arg>
<arg>ZW</arg>
<doc>Returns a list containing given items.</doc>
<status status="PASS" start="2024-03-23T10:13:38.087113" elapsed="0.000681"/>
</kw>
<kw name="List Should Contain Value" owner="Collections">
<msg time="2024-03-23T10:13:38.088953" level="INFO">False</msg>
<arg>${list_country}</arg>
<arg>${name_country}</arg>
<doc>Fails if the ``value`` is not found from ``list``.</doc>
<status status="PASS" start="2024-03-23T10:13:38.088708" elapsed="0.000289"/>
</kw>
<kw name="Run Keyword If" owner="BuiltIn">
<kw name="Should Be True" owner="BuiltIn">
<arg>${True}</arg>
<doc>Fails if the given condition is not true.</doc>
<status status="PASS" start="2024-03-23T10:13:38.090078" elapsed="0.000145"/>
</kw>
<arg>${json_data["results"][0]["location"]["coordinates"]["latitude"]} &gt;= -90 and ${json_data["results"][0]["location"]["coordinates"]["latitude"]} &lt;= 90</arg>
<arg>Should Be True</arg>
<arg>${True}</arg>
<doc>Runs the given keyword with the given arguments, if ``condition`` is true.</doc>
<status status="PASS" start="2024-03-23T10:13:38.089334" elapsed="0.001017"/>
</kw>
<kw name="Run Keyword If" owner="BuiltIn">
<kw name="Should Be True" owner="BuiltIn">
<arg>${True}</arg>
<doc>Fails if the given condition is not true.</doc>
<status status="PASS" start="2024-03-23T10:13:38.091243" elapsed="0.000140"/>
</kw>
<arg>${json_data["results"][0]["location"]["coordinates"]["longitude"]} &gt;= -180 and ${json_data["results"][0]["location"]["coordinates"]["longitude"]} &lt;= 180</arg>
<arg>Should Be True</arg>
<arg>${True}</arg>
<doc>Runs the given keyword with the given arguments, if ``condition`` is true.</doc>
<status status="PASS" start="2024-03-23T10:13:38.090542" elapsed="0.000968"/>
</kw>
<status status="PASS" start="2024-03-23T10:13:37.983169" elapsed="0.108470"/>
</kw>
<doc>Testa o conteúdo específico dos campos retornados pela API.</doc>
<tag>testeConteudo</tag>
<status status="PASS" start="2024-03-23T10:13:37.982721" elapsed="0.109098"/>
</test>
<status status="PASS" start="2024-03-23T10:13:37.159442" elapsed="0.934229"/>
</suite>
<status status="PASS" start="2024-03-23T10:13:37.145938" elapsed="0.952959"/>
</suite>
<statistics>
<total>
<stat pass="5" fail="0" skip="0">All Tests</stat>
</total>
<tag>
<stat pass="1" fail="0" skip="0">testeConteudo</stat>
<stat pass="1" fail="0" skip="0">testeEstruturaResposta</stat>
<stat pass="1" fail="0" skip="0">testeRequisicaoBasica</stat>
<stat pass="1" fail="0" skip="0">testeTiposDados</stat>
</tag>
<suite>
<stat pass="5" fail="0" skip="0" id="s1" name="Tests">Tests</stat>
<stat pass="5" fail="0" skip="0" id="s1-s1" name="Random-User-Test">Tests.Random-User-Test</stat>
</suite>
</statistics>
<errors>
</errors>
</robot>
