<?xml version="1.0" encoding="UTF-8"?>
<robot generator="Robot 7.0.1 (Python 3.12.3 on linux)" generated="2024-06-16T02:34:05.456583" rpa="false" schemaversion="5">
<suite id="s1" name="Tests" source="/home/runner/work/ApiRandomUser/ApiRandomUser/RamdonUser/tests">
<suite id="s1-s1" name="Random-User-Test" source="/home/runner/work/ApiRandomUser/ApiRandomUser/RamdonUser/tests/random-user-test.robot">
<test id="s1-s1-t1" name="Conectar" line="13">
<kw name="Conectar API" owner="random-user-service">
<kw name="Create Session" owner="RequestsLibrary">
<msg time="2024-06-16T02:34:05.840124" level="INFO">Creating Session using : alias=consultarAPI, url=https://randomuser.me/, headers={},                     cookies={}, auth=None, timeout=None, proxies=None, verify=False,                     debug=0 </msg>
<arg>consultarAPI</arg>
<arg>${URL}</arg>
<doc>Create Session: create a HTTP session to a server</doc>
<status status="PASS" start="2024-06-16T02:34:05.839927" elapsed="0.000371"/>
</kw>
<status status="PASS" start="2024-06-16T02:34:05.838911" elapsed="0.001746"/>
</kw>
<status status="PASS" start="2024-06-16T02:34:05.838284" elapsed="0.002565"/>
</test>
<test id="s1-s1-t2" name="Validar retorno 200 e JSON Válido" line="16">
<kw name="Teste de Requisicao Basica" owner="random-user-service">
<kw name="GET On Session" owner="RequestsLibrary">
<msg time="2024-06-16T02:34:06.076753" level="INFO">GET Request : url=https://randomuser.me/api 
 path_url=/api 
 headers={'User-Agent': 'python-requests/2.32.3', 'Accept-Encoding': 'gzip, deflate', 'Accept': '*/*', 'Connection': 'keep-alive'} 
 body=None 
 </msg>
<msg time="2024-06-16T02:34:06.076922" level="INFO">GET Response : url=https://randomuser.me/api 
 status=200, reason=OK 
 headers={'Date': 'Sun, 16 Jun 2024 02:34:06 GMT', 'Content-Type': 'application/json; charset=utf-8', 'Transfer-Encoding': 'chunked', 'Connection': 'keep-alive', 'X-Powered-By': 'Express', 'Access-Control-Allow-Origin': '*', 'Cache-Control': 'no-cache', 'ETag': 'W/"46f-+dMldzIz6e24lp811nIaaEaDmuk"', 'Vary': 'Accept-Encoding', 'Content-Encoding': 'gzip', 'CF-Cache-Status': 'DYNAMIC', 'Report-To': '{"endpoints":[{"url":"https:\\/\\/a.nel.cloudflare.com\\/report\\/v4?s=unVpXKBTiY%2BuVdTU4BYRwMkAZl6m%2FIXjrmUQZmORPQXOGqT3LUicOfs7rHxO4kSzKaHyyaZqKRnCz9mbb7QxdSMLun1rLLRuNVAQuJXYohSbU89Na%2Bcr9ltDk75IOjKg"}],"group":"cf-nel","max_age":604800}', 'NEL': '{"success_fraction":0,"report_to":"cf-nel","max_age":604800}', 'Server': 'cloudflare', 'CF-RAY': '8947661bcbf0064c-IAD', 'alt-svc': 'h3=":443"; ma=86400'} 
 body={"results":[{"gender":"male","name":{"title":"Mr","first":"Maanas","last":"Singh"},"location":{"street":{"number":7814,"name":"Bhootnath Rd"},"city":"Thanjavur","state":"Daman and Diu","country":"India","postcode":63222,"coordinates":{"latitude":"8.0922","longitude":"-38.9855"},"timezone":{"offset":"+3:30","description":"Tehran"}},"email":"maanas.singh@example.com","login":{"uuid":"9e9c1e49-fb8d-4beb-b4ab-2fcbe09bfeeb","username":"redpeacock213","password":"csfbr5yy","salt":"8TG1S3TC","md5":"4883e3c81f6f63af427fd855354b85aa","sha1":"a3731637ed1c443bd309dc7480c9e725ecec5085","sha256":"f2fd2fc3b3259e781bb5e93aa8400445ca8dff2c69fe27eeeb596312f93cbb8b"},"dob":{"date":"1998-08-17T02:50:53.233Z","age":25},"registered":{"date":"2018-04-30T02:37:26.267Z","age":6},"phone":"9057999765","cell":"7512585438","id":{"name":"UIDAI","value":"300021224883"},"picture":{"large":"https://randomuser.me/api/portraits/men/69.jpg","medium":"https://randomuser.me/api/portraits/med/men/69.jpg","thumbnail":"https://randomuser.me/api/portraits/thumb/men/69.jpg"},"nat":"IN"}],"info":{"seed":"e1b5a2004f8d89e2","results":1,"page":1,"version":"1.4"}} 
 </msg>
<msg time="2024-06-16T02:34:06.077019" level="INFO">/opt/hostedtoolcache/Python/3.12.3/x64/lib/python3.12/site-packages/urllib3/connectionpool.py:1103: InsecureRequestWarning: Unverified HTTPS request is being made to host 'randomuser.me'. Adding certificate verification is strongly advised. See: https://urllib3.readthedocs.io/en/latest/advanced-usage.html#tls-warnings
  warnings.warn(</msg>
<msg time="2024-06-16T02:34:06.077191" level="INFO">${response} = &lt;Response [200]&gt;</msg>
<var>${response}</var>
<arg>consultarAPI</arg>
<arg>/api</arg>
<doc>Sends a GET request on a previously created HTTP Session.</doc>
<status status="PASS" start="2024-06-16T02:34:05.843594" elapsed="0.233649"/>
</kw>
<kw name="Should Be Equal As Numbers" owner="BuiltIn">
<msg time="2024-06-16T02:34:06.078378" level="INFO">Argument types are:
&lt;class 'int'&gt;
&lt;class 'str'&gt;</msg>
<arg>${response.status_code}</arg>
<arg>200</arg>
<doc>Fails if objects are unequal after converting them to real numbers.</doc>
<status status="PASS" start="2024-06-16T02:34:06.077874" elapsed="0.000569"/>
</kw>
<kw name="Log" owner="BuiltIn">
<msg time="2024-06-16T02:34:06.079162" level="INFO">200</msg>
<arg>${response.status_code}</arg>
<doc>Logs the given message with the given level.</doc>
<status status="PASS" start="2024-06-16T02:34:06.078812" elapsed="0.000400"/>
</kw>
<kw name="Set Variable" owner="BuiltIn">
<msg time="2024-06-16T02:34:06.079945" level="INFO">${json_data} = {'results': [{'gender': 'male', 'name': {'title': 'Mr', 'first': 'Maanas', 'last': 'Singh'}, 'location': {'street': {'number': 7814, 'name': 'Bhootnath Rd'}, 'city': 'Thanjavur', 'state': 'Daman and D...</msg>
<var>${json_data}</var>
<arg>${response.json()}</arg>
<doc>Returns the given values which can then be assigned to a variables.</doc>
<status status="PASS" start="2024-06-16T02:34:06.079519" elapsed="0.000454"/>
</kw>
<kw name="Dictionary Should Contain Key" owner="Collections">
<arg>${json_data}</arg>
<arg>results</arg>
<doc>Fails if ``key`` is not found from ``dictionary``.</doc>
<status status="PASS" start="2024-06-16T02:34:06.080273" elapsed="0.000170"/>
</kw>
<status status="PASS" start="2024-06-16T02:34:05.843308" elapsed="0.237287"/>
</kw>
<doc>Testa se a API responde corretamente e retorna um objeto JSON válido.</doc>
<tag>testeRequisicaoBasica</tag>
<status status="PASS" start="2024-06-16T02:34:05.842727" elapsed="0.238045"/>
</test>
<test id="s1-s1-t3" name="Validar estrutura de resposta" line="22">
<kw name="Teste de Estrutura de Resposta" owner="random-user-service">
<kw name="GET On Session" owner="RequestsLibrary">
<msg time="2024-06-16T02:34:06.177791" level="INFO">GET Request : url=https://randomuser.me/api 
 path_url=/api 
 headers={'User-Agent': 'python-requests/2.32.3', 'Accept-Encoding': 'gzip, deflate', 'Accept': '*/*', 'Connection': 'keep-alive'} 
 body=None 
 </msg>
<msg time="2024-06-16T02:34:06.177884" level="INFO">GET Response : url=https://randomuser.me/api 
 status=200, reason=OK 
 headers={'Date': 'Sun, 16 Jun 2024 02:34:06 GMT', 'Content-Type': 'application/json; charset=utf-8', 'Transfer-Encoding': 'chunked', 'Connection': 'keep-alive', 'X-Powered-By': 'Express', 'Access-Control-Allow-Origin': '*', 'Cache-Control': 'no-cache', 'ETag': 'W/"478-gyHrSqFNS9Lfw76sFeOydgTNy80"', 'Vary': 'Accept-Encoding', 'Content-Encoding': 'gzip', 'CF-Cache-Status': 'DYNAMIC', 'Report-To': '{"endpoints":[{"url":"https:\\/\\/a.nel.cloudflare.com\\/report\\/v4?s=R7s5U6w8K%2BaMH%2BT9xHldEaTaTwpau5Y9Rkkt0s8QfLxgU74HTv3m4uAwlNwQ%2FuFYu9MBBfltAbL3Z3HAxTspA9ijECg4rAyEOogQBRR%2BvwV9%2F5px6PipkW%2B4irz3qW7W"}],"group":"cf-nel","max_age":604800}', 'NEL': '{"success_fraction":0,"report_to":"cf-nel","max_age":604800}', 'Server': 'cloudflare', 'CF-RAY': '8947661c0c42064c-IAD', 'alt-svc': 'h3=":443"; ma=86400'} 
 body={"results":[{"gender":"male","name":{"title":"Mr","first":"Rahul","last":"Belligatti"},"location":{"street":{"number":9748,"name":"Mint St"},"city":"Medininagar","state":"Tripura","country":"India","postcode":15506,"coordinates":{"latitude":"12.2826","longitude":"-135.8520"},"timezone":{"offset":"+9:30","description":"Adelaide, Darwin"}},"email":"rahul.belligatti@example.com","login":{"uuid":"b2ef89e0-11ff-4431-8095-258b0db4c459","username":"organicfrog253","password":"1028","salt":"gh07plfW","md5":"62e886e477a8a59dadfddfd7f1638845","sha1":"9b978528e4709a2eed3b1e4a01fbc6f29fecdbcd","sha256":"bfe51e047b4378206666828d6988323f5813913b444e3a66f6ebd063004a3323"},"dob":{"date":"1962-12-06T10:53:05.042Z","age":61},"registered":{"date":"2012-05-19T01:45:59.531Z","age":12},"phone":"7872723553","cell":"8399904199","id":{"name":"UIDAI","value":"191234224284"},"picture":{"large":"https://randomuser.me/api/portraits/men/72.jpg","medium":"https://randomuser.me/api/portraits/med/men/72.jpg","thumbnail":"https://randomuser.me/api/portraits/thumb/men/72.jpg"},"nat":"IN"}],"info":{"seed":"183f2c91ae872804","results":1,"page":1,"version":"1.4"}} 
 </msg>
<msg time="2024-06-16T02:34:06.178029" level="INFO">/opt/hostedtoolcache/Python/3.12.3/x64/lib/python3.12/site-packages/urllib3/connectionpool.py:1103: InsecureRequestWarning: Unverified HTTPS request is being made to host 'randomuser.me'. Adding certificate verification is strongly advised. See: https://urllib3.readthedocs.io/en/latest/advanced-usage.html#tls-warnings
  warnings.warn(</msg>
<msg time="2024-06-16T02:34:06.178159" level="INFO">${response} = &lt;Response [200]&gt;</msg>
<var>${response}</var>
<arg>consultarAPI</arg>
<arg>/api</arg>
<doc>Sends a GET request on a previously created HTTP Session.</doc>
<status status="PASS" start="2024-06-16T02:34:06.083635" elapsed="0.094574"/>
</kw>
<kw name="Set Variable" owner="BuiltIn">
<msg time="2024-06-16T02:34:06.179357" level="INFO">${json_data} = {'results': [{'gender': 'male', 'name': {'title': 'Mr', 'first': 'Rahul', 'last': 'Belligatti'}, 'location': {'street': {'number': 9748, 'name': 'Mint St'}, 'city': 'Medininagar', 'state': 'Tripura', ...</msg>
<var>${json_data}</var>
<arg>${response.json()}</arg>
<doc>Returns the given values which can then be assigned to a variables.</doc>
<status status="PASS" start="2024-06-16T02:34:06.178789" elapsed="0.000597"/>
</kw>
<kw name="Log" owner="BuiltIn">
<msg time="2024-06-16T02:34:06.179848" level="INFO">{'results': [{'gender': 'male', 'name': {'title': 'Mr', 'first': 'Rahul', 'last': 'Belligatti'}, 'location': {'street': {'number': 9748, 'name': 'Mint St'}, 'city': 'Medininagar', 'state': 'Tripura', 'country': 'India', 'postcode': 15506, 'coordinates': {'latitude': '12.2826', 'longitude': '-135.8520'}, 'timezone': {'offset': '+9:30', 'description': 'Adelaide, Darwin'}}, 'email': 'rahul.belligatti@example.com', 'login': {'uuid': 'b2ef89e0-11ff-4431-8095-258b0db4c459', 'username': 'organicfrog253', 'password': '1028', 'salt': 'gh07plfW', 'md5': '62e886e477a8a59dadfddfd7f1638845', 'sha1': '9b978528e4709a2eed3b1e4a01fbc6f29fecdbcd', 'sha256': 'bfe51e047b4378206666828d6988323f5813913b444e3a66f6ebd063004a3323'}, 'dob': {'date': '1962-12-06T10:53:05.042Z', 'age': 61}, 'registered': {'date': '2012-05-19T01:45:59.531Z', 'age': 12}, 'phone': '7872723553', 'cell': '8399904199', 'id': {'name': 'UIDAI', 'value': '191234224284'}, 'picture': {'large': 'https://randomuser.me/api/portraits/men/72.jpg', 'medium': 'https://randomuser.me/api/portraits/med/men/72.jpg', 'thumbnail': 'https://randomuser.me/api/portraits/thumb/men/72.jpg'}, 'nat': 'IN'}], 'info': {'seed': '183f2c91ae872804', 'results': 1, 'page': 1, 'version': '1.4'}}</msg>
<arg>${json_data}</arg>
<doc>Logs the given message with the given level.</doc>
<status status="PASS" start="2024-06-16T02:34:06.179692" elapsed="0.000204"/>
</kw>
<kw name="Dictionary Should Contain Key" owner="Collections">
<arg>${json_data}</arg>
<arg>results</arg>
<doc>Fails if ``key`` is not found from ``dictionary``.</doc>
<status status="PASS" start="2024-06-16T02:34:06.180188" elapsed="0.000157"/>
</kw>
<kw name="Should Not Be Empty" owner="BuiltIn">
<msg time="2024-06-16T02:34:06.180651" level="INFO">Length is 2.</msg>
<arg>${json_data}</arg>
<doc>Verifies that the given item is not empty.</doc>
<status status="PASS" start="2024-06-16T02:34:06.180528" elapsed="0.000159"/>
</kw>
<kw name="Create List" owner="BuiltIn">
<msg time="2024-06-16T02:34:06.181111" level="INFO">${expected_keys} = ['gender', 'name', 'location', 'email', 'login']</msg>
<var>${expected_keys}</var>
<arg>gender</arg>
<arg>name</arg>
<arg>location</arg>
<arg>email</arg>
<arg>login</arg>
<doc>Returns a list containing given items.</doc>
<status status="PASS" start="2024-06-16T02:34:06.180967" elapsed="0.000167"/>
</kw>
<for flavor="IN">
<iter>
<kw name="Dictionary Should Contain Key" owner="Collections">
<arg>${json_data['results'][0]}</arg>
<arg>${key}</arg>
<doc>Fails if ``key`` is not found from ``dictionary``.</doc>
<status status="PASS" start="2024-06-16T02:34:06.181688" elapsed="0.000403"/>
</kw>
<kw name="Log" owner="BuiltIn">
<msg time="2024-06-16T02:34:06.182684" level="INFO">{'gender': 'male', 'name': {'title': 'Mr', 'first': 'Rahul', 'last': 'Belligatti'}, 'location': {'street': {'number': 9748, 'name': 'Mint St'}, 'city': 'Medininagar', 'state': 'Tripura', 'country': 'India', 'postcode': 15506, 'coordinates': {'latitude': '12.2826', 'longitude': '-135.8520'}, 'timezone': {'offset': '+9:30', 'description': 'Adelaide, Darwin'}}, 'email': 'rahul.belligatti@example.com', 'login': {'uuid': 'b2ef89e0-11ff-4431-8095-258b0db4c459', 'username': 'organicfrog253', 'password': '1028', 'salt': 'gh07plfW', 'md5': '62e886e477a8a59dadfddfd7f1638845', 'sha1': '9b978528e4709a2eed3b1e4a01fbc6f29fecdbcd', 'sha256': 'bfe51e047b4378206666828d6988323f5813913b444e3a66f6ebd063004a3323'}, 'dob': {'date': '1962-12-06T10:53:05.042Z', 'age': 61}, 'registered': {'date': '2012-05-19T01:45:59.531Z', 'age': 12}, 'phone': '7872723553', 'cell': '8399904199', 'id': {'name': 'UIDAI', 'value': '191234224284'}, 'picture': {'large': 'https://randomuser.me/api/portraits/men/72.jpg', 'medium': 'https://randomuser.me/api/portraits/med/men/72.jpg', 'thumbnail': 'https://randomuser.me/api/portraits/thumb/men/72.jpg'}, 'nat': 'IN'}</msg>
<arg>${json_data['results'][0]}</arg>
<doc>Logs the given message with the given level.</doc>
<status status="PASS" start="2024-06-16T02:34:06.182289" elapsed="0.000444"/>
</kw>
<kw name="Log" owner="BuiltIn">
<msg time="2024-06-16T02:34:06.183159" level="INFO">gender</msg>
<arg>${key}</arg>
<doc>Logs the given message with the given level.</doc>
<status status="PASS" start="2024-06-16T02:34:06.183027" elapsed="0.000170"/>
</kw>
<var name="${key}">gender</var>
<status status="PASS" start="2024-06-16T02:34:06.181567" elapsed="0.001851"/>
</iter>
<iter>
<kw name="Dictionary Should Contain Key" owner="Collections">
<arg>${json_data['results'][0]}</arg>
<arg>${key}</arg>
<doc>Fails if ``key`` is not found from ``dictionary``.</doc>
<status status="PASS" start="2024-06-16T02:34:06.183713" elapsed="0.000381"/>
</kw>
<kw name="Log" owner="BuiltIn">
<msg time="2024-06-16T02:34:06.184621" level="INFO">{'gender': 'male', 'name': {'title': 'Mr', 'first': 'Rahul', 'last': 'Belligatti'}, 'location': {'street': {'number': 9748, 'name': 'Mint St'}, 'city': 'Medininagar', 'state': 'Tripura', 'country': 'India', 'postcode': 15506, 'coordinates': {'latitude': '12.2826', 'longitude': '-135.8520'}, 'timezone': {'offset': '+9:30', 'description': 'Adelaide, Darwin'}}, 'email': 'rahul.belligatti@example.com', 'login': {'uuid': 'b2ef89e0-11ff-4431-8095-258b0db4c459', 'username': 'organicfrog253', 'password': '1028', 'salt': 'gh07plfW', 'md5': '62e886e477a8a59dadfddfd7f1638845', 'sha1': '9b978528e4709a2eed3b1e4a01fbc6f29fecdbcd', 'sha256': 'bfe51e047b4378206666828d6988323f5813913b444e3a66f6ebd063004a3323'}, 'dob': {'date': '1962-12-06T10:53:05.042Z', 'age': 61}, 'registered': {'date': '2012-05-19T01:45:59.531Z', 'age': 12}, 'phone': '7872723553', 'cell': '8399904199', 'id': {'name': 'UIDAI', 'value': '191234224284'}, 'picture': {'large': 'https://randomuser.me/api/portraits/men/72.jpg', 'medium': 'https://randomuser.me/api/portraits/med/men/72.jpg', 'thumbnail': 'https://randomuser.me/api/portraits/thumb/men/72.jpg'}, 'nat': 'IN'}</msg>
<arg>${json_data['results'][0]}</arg>
<doc>Logs the given message with the given level.</doc>
<status status="PASS" start="2024-06-16T02:34:06.184276" elapsed="0.000424"/>
</kw>
<kw name="Log" owner="BuiltIn">
<msg time="2024-06-16T02:34:06.185127" level="INFO">name</msg>
<arg>${key}</arg>
<doc>Logs the given message with the given level.</doc>
<status status="PASS" start="2024-06-16T02:34:06.184996" elapsed="0.000170"/>
</kw>
<var name="${key}">name</var>
<status status="PASS" start="2024-06-16T02:34:06.183603" elapsed="0.001781"/>
</iter>
<iter>
<kw name="Dictionary Should Contain Key" owner="Collections">
<arg>${json_data['results'][0]}</arg>
<arg>${key}</arg>
<doc>Fails if ``key`` is not found from ``dictionary``.</doc>
<status status="PASS" start="2024-06-16T02:34:06.185668" elapsed="0.000372"/>
</kw>
<kw name="Log" owner="BuiltIn">
<msg time="2024-06-16T02:34:06.186595" level="INFO">{'gender': 'male', 'name': {'title': 'Mr', 'first': 'Rahul', 'last': 'Belligatti'}, 'location': {'street': {'number': 9748, 'name': 'Mint St'}, 'city': 'Medininagar', 'state': 'Tripura', 'country': 'India', 'postcode': 15506, 'coordinates': {'latitude': '12.2826', 'longitude': '-135.8520'}, 'timezone': {'offset': '+9:30', 'description': 'Adelaide, Darwin'}}, 'email': 'rahul.belligatti@example.com', 'login': {'uuid': 'b2ef89e0-11ff-4431-8095-258b0db4c459', 'username': 'organicfrog253', 'password': '1028', 'salt': 'gh07plfW', 'md5': '62e886e477a8a59dadfddfd7f1638845', 'sha1': '9b978528e4709a2eed3b1e4a01fbc6f29fecdbcd', 'sha256': 'bfe51e047b4378206666828d6988323f5813913b444e3a66f6ebd063004a3323'}, 'dob': {'date': '1962-12-06T10:53:05.042Z', 'age': 61}, 'registered': {'date': '2012-05-19T01:45:59.531Z', 'age': 12}, 'phone': '7872723553', 'cell': '8399904199', 'id': {'name': 'UIDAI', 'value': '191234224284'}, 'picture': {'large': 'https://randomuser.me/api/portraits/men/72.jpg', 'medium': 'https://randomuser.me/api/portraits/med/men/72.jpg', 'thumbnail': 'https://randomuser.me/api/portraits/thumb/men/72.jpg'}, 'nat': 'IN'}</msg>
<arg>${json_data['results'][0]}</arg>
<doc>Logs the given message with the given level.</doc>
<status status="PASS" start="2024-06-16T02:34:06.186227" elapsed="0.000418"/>
</kw>
<kw name="Log" owner="BuiltIn">
<msg time="2024-06-16T02:34:06.187062" level="INFO">location</msg>
<arg>${key}</arg>
<doc>Logs the given message with the given level.</doc>
<status status="PASS" start="2024-06-16T02:34:06.186936" elapsed="0.000163"/>
</kw>
<var name="${key}">location</var>
<status status="PASS" start="2024-06-16T02:34:06.185560" elapsed="0.001757"/>
</iter>
<iter>
<kw name="Dictionary Should Contain Key" owner="Collections">
<arg>${json_data['results'][0]}</arg>
<arg>${key}</arg>
<doc>Fails if ``key`` is not found from ``dictionary``.</doc>
<status status="PASS" start="2024-06-16T02:34:06.187591" elapsed="0.000380"/>
</kw>
<kw name="Log" owner="BuiltIn">
<msg time="2024-06-16T02:34:06.188497" level="INFO">{'gender': 'male', 'name': {'title': 'Mr', 'first': 'Rahul', 'last': 'Belligatti'}, 'location': {'street': {'number': 9748, 'name': 'Mint St'}, 'city': 'Medininagar', 'state': 'Tripura', 'country': 'India', 'postcode': 15506, 'coordinates': {'latitude': '12.2826', 'longitude': '-135.8520'}, 'timezone': {'offset': '+9:30', 'description': 'Adelaide, Darwin'}}, 'email': 'rahul.belligatti@example.com', 'login': {'uuid': 'b2ef89e0-11ff-4431-8095-258b0db4c459', 'username': 'organicfrog253', 'password': '1028', 'salt': 'gh07plfW', 'md5': '62e886e477a8a59dadfddfd7f1638845', 'sha1': '9b978528e4709a2eed3b1e4a01fbc6f29fecdbcd', 'sha256': 'bfe51e047b4378206666828d6988323f5813913b444e3a66f6ebd063004a3323'}, 'dob': {'date': '1962-12-06T10:53:05.042Z', 'age': 61}, 'registered': {'date': '2012-05-19T01:45:59.531Z', 'age': 12}, 'phone': '7872723553', 'cell': '8399904199', 'id': {'name': 'UIDAI', 'value': '191234224284'}, 'picture': {'large': 'https://randomuser.me/api/portraits/men/72.jpg', 'medium': 'https://randomuser.me/api/portraits/med/men/72.jpg', 'thumbnail': 'https://randomuser.me/api/portraits/thumb/men/72.jpg'}, 'nat': 'IN'}</msg>
<arg>${json_data['results'][0]}</arg>
<doc>Logs the given message with the given level.</doc>
<status status="PASS" start="2024-06-16T02:34:06.188150" elapsed="0.000395"/>
</kw>
<kw name="Log" owner="BuiltIn">
<msg time="2024-06-16T02:34:06.188963" level="INFO">email</msg>
<arg>${key}</arg>
<doc>Logs the given message with the given level.</doc>
<status status="PASS" start="2024-06-16T02:34:06.188836" elapsed="0.000166"/>
</kw>
<var name="${key}">email</var>
<status status="PASS" start="2024-06-16T02:34:06.187485" elapsed="0.001730"/>
</iter>
<iter>
<kw name="Dictionary Should Contain Key" owner="Collections">
<arg>${json_data['results'][0]}</arg>
<arg>${key}</arg>
<doc>Fails if ``key`` is not found from ``dictionary``.</doc>
<status status="PASS" start="2024-06-16T02:34:06.189493" elapsed="0.000372"/>
</kw>
<kw name="Log" owner="BuiltIn">
<msg time="2024-06-16T02:34:06.190401" level="INFO">{'gender': 'male', 'name': {'title': 'Mr', 'first': 'Rahul', 'last': 'Belligatti'}, 'location': {'street': {'number': 9748, 'name': 'Mint St'}, 'city': 'Medininagar', 'state': 'Tripura', 'country': 'India', 'postcode': 15506, 'coordinates': {'latitude': '12.2826', 'longitude': '-135.8520'}, 'timezone': {'offset': '+9:30', 'description': 'Adelaide, Darwin'}}, 'email': 'rahul.belligatti@example.com', 'login': {'uuid': 'b2ef89e0-11ff-4431-8095-258b0db4c459', 'username': 'organicfrog253', 'password': '1028', 'salt': 'gh07plfW', 'md5': '62e886e477a8a59dadfddfd7f1638845', 'sha1': '9b978528e4709a2eed3b1e4a01fbc6f29fecdbcd', 'sha256': 'bfe51e047b4378206666828d6988323f5813913b444e3a66f6ebd063004a3323'}, 'dob': {'date': '1962-12-06T10:53:05.042Z', 'age': 61}, 'registered': {'date': '2012-05-19T01:45:59.531Z', 'age': 12}, 'phone': '7872723553', 'cell': '8399904199', 'id': {'name': 'UIDAI', 'value': '191234224284'}, 'picture': {'large': 'https://randomuser.me/api/portraits/men/72.jpg', 'medium': 'https://randomuser.me/api/portraits/med/men/72.jpg', 'thumbnail': 'https://randomuser.me/api/portraits/thumb/men/72.jpg'}, 'nat': 'IN'}</msg>
<arg>${json_data['results'][0]}</arg>
<doc>Logs the given message with the given level.</doc>
<status status="PASS" start="2024-06-16T02:34:06.190050" elapsed="0.000398"/>
</kw>
<kw name="Log" owner="BuiltIn">
<msg time="2024-06-16T02:34:06.191005" level="INFO">login</msg>
<arg>${key}</arg>
<doc>Logs the given message with the given level.</doc>
<status status="PASS" start="2024-06-16T02:34:06.190771" elapsed="0.000272"/>
</kw>
<var name="${key}">login</var>
<status status="PASS" start="2024-06-16T02:34:06.189386" elapsed="0.001879"/>
</iter>
<var>${key}</var>
<value>@{expected_keys}</value>
<status status="PASS" start="2024-06-16T02:34:06.181383" elapsed="0.010003"/>
</for>
<kw name="Create List" owner="BuiltIn">
<msg time="2024-06-16T02:34:06.191708" level="INFO">${expected_keysTwo} = ['username', 'password']</msg>
<var>${expected_keysTwo}</var>
<arg>username</arg>
<arg>password</arg>
<doc>Returns a list containing given items.</doc>
<status status="PASS" start="2024-06-16T02:34:06.191572" elapsed="0.000159"/>
</kw>
<for flavor="IN">
<iter>
<kw name="Dictionary Should Contain Key" owner="Collections">
<arg>${json_data['results'][0]['login']}</arg>
<arg>${keyTwo}</arg>
<doc>Fails if ``key`` is not found from ``dictionary``.</doc>
<status status="PASS" start="2024-06-16T02:34:06.192252" elapsed="0.000378"/>
</kw>
<kw name="Dictionary Should Contain Key" owner="Collections">
<arg>${json_data['results'][0]['login']}</arg>
<arg>${keyTwo}</arg>
<doc>Fails if ``key`` is not found from ``dictionary``.</doc>
<status status="PASS" start="2024-06-16T02:34:06.192811" elapsed="0.000384"/>
</kw>
<kw name="Log" owner="BuiltIn">
<msg time="2024-06-16T02:34:06.193493" level="INFO">username</msg>
<arg>${keyTwo}</arg>
<doc>Logs the given message with the given level.</doc>
<status status="PASS" start="2024-06-16T02:34:06.193374" elapsed="0.000156"/>
</kw>
<var name="${keyTwo}">username</var>
<status status="PASS" start="2024-06-16T02:34:06.192145" elapsed="0.001602"/>
</iter>
<iter>
<kw name="Dictionary Should Contain Key" owner="Collections">
<arg>${json_data['results'][0]['login']}</arg>
<arg>${keyTwo}</arg>
<doc>Fails if ``key`` is not found from ``dictionary``.</doc>
<status status="PASS" start="2024-06-16T02:34:06.194035" elapsed="0.000373"/>
</kw>
<kw name="Dictionary Should Contain Key" owner="Collections">
<arg>${json_data['results'][0]['login']}</arg>
<arg>${keyTwo}</arg>
<doc>Fails if ``key`` is not found from ``dictionary``.</doc>
<status status="PASS" start="2024-06-16T02:34:06.194612" elapsed="0.000368"/>
</kw>
<kw name="Log" owner="BuiltIn">
<msg time="2024-06-16T02:34:06.195287" level="INFO">password</msg>
<arg>${keyTwo}</arg>
<doc>Logs the given message with the given level.</doc>
<status status="PASS" start="2024-06-16T02:34:06.195159" elapsed="0.000164"/>
</kw>
<var name="${keyTwo}">password</var>
<status status="PASS" start="2024-06-16T02:34:06.193926" elapsed="0.001617"/>
</iter>
<var>${keyTwo}</var>
<value>@{expected_keysTwo}</value>
<status status="PASS" start="2024-06-16T02:34:06.191991" elapsed="0.003673"/>
</for>
<status status="PASS" start="2024-06-16T02:34:06.083399" elapsed="0.112406"/>
</kw>
<doc>Testa a estrutura da resposta da API.</doc>
<tag>testeEstruturaResposta</tag>
<status status="PASS" start="2024-06-16T02:34:06.082643" elapsed="0.113316"/>
</test>
<test id="s1-s1-t4" name="Validar tipos de dados" line="28">
<kw name="Teste de Tipos de Dados" owner="random-user-service">
<kw name="GET On Session" owner="RequestsLibrary">
<msg time="2024-06-16T02:34:06.325356" level="INFO">GET Request : url=https://randomuser.me/api 
 path_url=/api 
 headers={'User-Agent': 'python-requests/2.32.3', 'Accept-Encoding': 'gzip, deflate', 'Accept': '*/*', 'Connection': 'keep-alive'} 
 body=None 
 </msg>
<msg time="2024-06-16T02:34:06.325441" level="INFO">GET Response : url=https://randomuser.me/api 
 status=200, reason=OK 
 headers={'Date': 'Sun, 16 Jun 2024 02:34:06 GMT', 'Content-Type': 'application/json; charset=utf-8', 'Transfer-Encoding': 'chunked', 'Connection': 'keep-alive', 'X-Powered-By': 'Express', 'Access-Control-Allow-Origin': '*', 'Cache-Control': 'no-cache', 'ETag': 'W/"477-t0EKgU+Xt1/g7AcG8JnABjnudK0"', 'Vary': 'Accept-Encoding', 'Content-Encoding': 'gzip', 'CF-Cache-Status': 'DYNAMIC', 'Report-To': '{"endpoints":[{"url":"https:\\/\\/a.nel.cloudflare.com\\/report\\/v4?s=O%2B3ENi6PP%2BlwTESiM%2Bqzmq%2Fs%2FD8nklTk%2Bup%2FCR%2BkIAB2N39FvG8gWRkoyXC48oo1jo%2B3QBNlOyU0nStqwOUcoAbvLcUzr9EfiiBkZuiDhLXA2Zn%2BDE3s%2BNE2oSbf8Pje"}],"group":"cf-nel","max_age":604800}', 'NEL': '{"success_fraction":0,"report_to":"cf-nel","max_age":604800}', 'Server': 'cloudflare', 'CF-RAY': '8947661ccd4a064c-IAD', 'alt-svc': 'h3=":443"; ma=86400'} 
 body={"results":[{"gender":"male","name":{"title":"Mr","first":"James","last":"Gagnon"},"location":{"street":{"number":6684,"name":"Parliament St"},"city":"Port Elgin","state":"Manitoba","country":"Canada","postcode":"M3Z 8L4","coordinates":{"latitude":"-70.7256","longitude":"-60.1450"},"timezone":{"offset":"-3:30","description":"Newfoundland"}},"email":"james.gagnon@example.com","login":{"uuid":"755aaa36-4974-476f-ac37-bbc4e4a079ca","username":"blueladybug726","password":"rupert","salt":"rJCsBx9A","md5":"9a5cc6e58ce3a13f6679c8e50ce247e8","sha1":"ecdfde7514b1a0cc9e9d8e939b95c16c295fdb1b","sha256":"5afb4984f607a40d270da147a61a790573b724a59b1e4c59f0eac17020bd0b7e"},"dob":{"date":"1986-08-31T23:14:38.303Z","age":37},"registered":{"date":"2017-10-09T04:28:45.904Z","age":6},"phone":"W36 B45-7622","cell":"L68 N86-2379","id":{"name":"SIN","value":"996815627"},"picture":{"large":"https://randomuser.me/api/portraits/men/27.jpg","medium":"https://randomuser.me/api/portraits/med/men/27.jpg","thumbnail":"https://randomuser.me/api/portraits/thumb/men/27.jpg"},"nat":"CA"}],"info":{"seed":"b82b691afda3f858","results":1,"page":1,"version":"1.4"}} 
 </msg>
<msg time="2024-06-16T02:34:06.325512" level="INFO">/opt/hostedtoolcache/Python/3.12.3/x64/lib/python3.12/site-packages/urllib3/connectionpool.py:1103: InsecureRequestWarning: Unverified HTTPS request is being made to host 'randomuser.me'. Adding certificate verification is strongly advised. See: https://urllib3.readthedocs.io/en/latest/advanced-usage.html#tls-warnings
  warnings.warn(</msg>
<msg time="2024-06-16T02:34:06.325624" level="INFO">${response} = &lt;Response [200]&gt;</msg>
<var>${response}</var>
<arg>consultarAPI</arg>
<arg>/api</arg>
<doc>Sends a GET request on a previously created HTTP Session.</doc>
<status status="PASS" start="2024-06-16T02:34:06.198470" elapsed="0.127203"/>
</kw>
<kw name="Set Variable" owner="BuiltIn">
<msg time="2024-06-16T02:34:06.326759" level="INFO">${json_data} = {'results': [{'gender': 'male', 'name': {'title': 'Mr', 'first': 'James', 'last': 'Gagnon'}, 'location': {'street': {'number': 6684, 'name': 'Parliament St'}, 'city': 'Port Elgin', 'state': 'Manitoba'...</msg>
<var>${json_data}</var>
<arg>${response.json()}</arg>
<doc>Returns the given values which can then be assigned to a variables.</doc>
<status status="PASS" start="2024-06-16T02:34:06.326158" elapsed="0.000632"/>
</kw>
<kw name="Log" owner="BuiltIn">
<msg time="2024-06-16T02:34:06.327248" level="INFO">{'results': [{'gender': 'male', 'name': {'title': 'Mr', 'first': 'James', 'last': 'Gagnon'}, 'location': {'street': {'number': 6684, 'name': 'Parliament St'}, 'city': 'Port Elgin', 'state': 'Manitoba', 'country': 'Canada', 'postcode': 'M3Z 8L4', 'coordinates': {'latitude': '-70.7256', 'longitude': '-60.1450'}, 'timezone': {'offset': '-3:30', 'description': 'Newfoundland'}}, 'email': 'james.gagnon@example.com', 'login': {'uuid': '755aaa36-4974-476f-ac37-bbc4e4a079ca', 'username': 'blueladybug726', 'password': 'rupert', 'salt': 'rJCsBx9A', 'md5': '9a5cc6e58ce3a13f6679c8e50ce247e8', 'sha1': 'ecdfde7514b1a0cc9e9d8e939b95c16c295fdb1b', 'sha256': '5afb4984f607a40d270da147a61a790573b724a59b1e4c59f0eac17020bd0b7e'}, 'dob': {'date': '1986-08-31T23:14:38.303Z', 'age': 37}, 'registered': {'date': '2017-10-09T04:28:45.904Z', 'age': 6}, 'phone': 'W36 B45-7622', 'cell': 'L68 N86-2379', 'id': {'name': 'SIN', 'value': '996815627'}, 'picture': {'large': 'https://randomuser.me/api/portraits/men/27.jpg', 'medium': 'https://randomuser.me/api/portraits/med/men/27.jpg', 'thumbnail': 'https://randomuser.me/api/portraits/thumb/men/27.jpg'}, 'nat': 'CA'}], 'info': {'seed': 'b82b691afda3f858', 'results': 1, 'page': 1, 'version': '1.4'}}</msg>
<arg>${json_data}</arg>
<doc>Logs the given message with the given level.</doc>
<status status="PASS" start="2024-06-16T02:34:06.327096" elapsed="0.000203"/>
</kw>
<kw name="Should Be String" owner="String">
<arg>${json_data['results'][0]['gender']}</arg>
<doc>Fails if the given ``item`` is not a string.</doc>
<status status="PASS" start="2024-06-16T02:34:06.327589" elapsed="0.000355"/>
</kw>
<kw name="Should Match Regexp" owner="BuiltIn">
<arg>${json_data['results'][0]['email']}</arg>
<arg>^[a-zA-Z0-9._%+-]+@[a-zA-Z0-9.-]+\.[a-zA-Z]{2,}$</arg>
<doc>Fails if ``string`` does not match ``pattern`` as a regular expression.</doc>
<status status="PASS" start="2024-06-16T02:34:06.328130" elapsed="0.000511"/>
</kw>
<kw name="Should Match Regexp" owner="BuiltIn">
<arg>${json_data['results'][0]['dob']['date']}</arg>
<arg>\\d{4}-\\d{2}-\\d{2}T\\d{2}:\\d{2}:\\d{2}\\.\\d{3}Z</arg>
<doc>Fails if ``string`` does not match ``pattern`` as a regular expression.</doc>
<status status="PASS" start="2024-06-16T02:34:06.328867" elapsed="0.000489"/>
</kw>
<kw name="Should Match Regexp" owner="BuiltIn">
<arg>${json_data['results'][0]['registered']['date']}</arg>
<arg>\\d{4}-\\d{2}-\\d{2}T\\d{2}:\\d{2}:\\d{2}\\.\\d{3}Z</arg>
<doc>Fails if ``string`` does not match ``pattern`` as a regular expression.</doc>
<status status="PASS" start="2024-06-16T02:34:06.329542" elapsed="0.000358"/>
</kw>
<kw name="Should Match Regexp" owner="BuiltIn">
<arg>${json_data['results'][0]['picture']['large']}</arg>
<arg>^https?://.*\.(?:png|jpe?g|gif|bmp)$</arg>
<doc>Fails if ``string`` does not match ``pattern`` as a regular expression.</doc>
<status status="PASS" start="2024-06-16T02:34:06.330081" elapsed="0.000490"/>
</kw>
<kw name="Should Match Regexp" owner="BuiltIn">
<arg>${json_data['results'][0]['picture']['medium']}</arg>
<arg>^https?://.*\.(?:png|jpe?g|gif|bmp)$</arg>
<doc>Fails if ``string`` does not match ``pattern`` as a regular expression.</doc>
<status status="PASS" start="2024-06-16T02:34:06.330772" elapsed="0.000359"/>
</kw>
<kw name="Should Match Regexp" owner="BuiltIn">
<arg>${json_data['results'][0]['picture']['thumbnail']}</arg>
<arg>^https?://.*\.(?:png|jpe?g|gif|bmp)$</arg>
<doc>Fails if ``string`` does not match ``pattern`` as a regular expression.</doc>
<status status="PASS" start="2024-06-16T02:34:06.331325" elapsed="0.000347"/>
</kw>
<kw name="Log" owner="BuiltIn">
<msg time="2024-06-16T02:34:06.332176" level="INFO">{'large': 'https://randomuser.me/api/portraits/men/27.jpg', 'medium': 'https://randomuser.me/api/portraits/med/men/27.jpg', 'thumbnail': 'https://randomuser.me/api/portraits/thumb/men/27.jpg'}</msg>
<arg>${json_data['results'][0]['picture']}</arg>
<doc>Logs the given message with the given level.</doc>
<status status="PASS" start="2024-06-16T02:34:06.331851" elapsed="0.000367"/>
</kw>
<status status="PASS" start="2024-06-16T02:34:06.198242" elapsed="0.134230"/>
</kw>
<kw name="Teste de Tipos de Dados - Postcode" owner="random-user-service">
<kw name="GET On Session" owner="RequestsLibrary">
<msg time="2024-06-16T02:34:06.502559" level="INFO">GET Request : url=https://randomuser.me/api 
 path_url=/api 
 headers={'User-Agent': 'python-requests/2.32.3', 'Accept-Encoding': 'gzip, deflate', 'Accept': '*/*', 'Connection': 'keep-alive'} 
 body=None 
 </msg>
<msg time="2024-06-16T02:34:06.502675" level="INFO">GET Response : url=https://randomuser.me/api 
 status=200, reason=OK 
 headers={'Date': 'Sun, 16 Jun 2024 02:34:06 GMT', 'Content-Type': 'application/json; charset=utf-8', 'Transfer-Encoding': 'chunked', 'Connection': 'keep-alive', 'X-Powered-By': 'Express', 'Access-Control-Allow-Origin': '*', 'Cache-Control': 'no-cache', 'ETag': 'W/"4ac-TodnaXv1rVFYraPRU4d5kq28gos"', 'Vary': 'Accept-Encoding', 'Content-Encoding': 'gzip', 'CF-Cache-Status': 'DYNAMIC', 'Report-To': '{"endpoints":[{"url":"https:\\/\\/a.nel.cloudflare.com\\/report\\/v4?s=dioPUcDDOcH4fBLImx8%2BeEHAQP%2BR8Mebr6jewWNaGWX23PgQDh4rLb4Qhu8xCDk5xDXpIQraNX5aMZHMpuRKCVEYF72WpGrFaZF8QsNBbIpyZWyu7dzpQE1O3IHqE3zQ"}],"group":"cf-nel","max_age":604800}', 'NEL': '{"success_fraction":0,"report_to":"cf-nel","max_age":604800}', 'Server': 'cloudflare', 'CF-RAY': '8947661d9e8f064c-IAD', 'alt-svc': 'h3=":443"; ma=86400'} 
 body={"results":[{"gender":"female","name":{"title":"Mrs","first":"Saskia","last":"Kaiser"},"location":{"street":{"number":1966,"name":"Burgstraße"},"city":"Großbreitenbach","state":"Rheinland-Pfalz","country":"Germany","postcode":97940,"coordinates":{"latitude":"-54.6860","longitude":"162.9665"},"timezone":{"offset":"+4:00","description":"Abu Dhabi, Muscat, Baku, Tbilisi"}},"email":"saskia.kaiser@example.com","login":{"uuid":"d67a335a-f577-4c13-93e1-cde73583d8f1","username":"beautifulpeacock872","password":"timeout","salt":"wDBWgngo","md5":"1d4641fcab8133d03ebfbd8c3a69c680","sha1":"d6639c5f5635c9872923a80ed7693e7b000c3039","sha256":"fcba5492cdb53efb8cc97cde6b37d44b92e5c95603fa3d3c8b925f506c7d0aec"},"dob":{"date":"1994-09-30T13:23:55.867Z","age":29},"registered":{"date":"2012-01-16T15:39:01.512Z","age":12},"phone":"0352-8591734","cell":"0178-8803316","id":{"name":"SVNR","value":"23 300994 K 544"},"picture":{"large":"https://randomuser.me/api/portraits/women/21.jpg","medium":"https://randomuser.me/api/portraits/med/women/21.jpg","thumbnail":"https://randomuser.me/api/portraits/thumb/women/21.jpg"},"nat":"DE"}],"info":{"seed":"381eb62c6d6fd072","results":1,"page":1,"version":"1.4"}} 
 </msg>
<msg time="2024-06-16T02:34:06.502777" level="INFO">/opt/hostedtoolcache/Python/3.12.3/x64/lib/python3.12/site-packages/urllib3/connectionpool.py:1103: InsecureRequestWarning: Unverified HTTPS request is being made to host 'randomuser.me'. Adding certificate verification is strongly advised. See: https://urllib3.readthedocs.io/en/latest/advanced-usage.html#tls-warnings
  warnings.warn(</msg>
<msg time="2024-06-16T02:34:06.502922" level="INFO">${response} = &lt;Response [200]&gt;</msg>
<var>${response}</var>
<arg>consultarAPI</arg>
<arg>/api</arg>
<doc>Sends a GET request on a previously created HTTP Session.</doc>
<status status="PASS" start="2024-06-16T02:34:06.332914" elapsed="0.170057"/>
</kw>
<kw name="Set Variable" owner="BuiltIn">
<msg time="2024-06-16T02:34:06.504109" level="INFO">${json_data} = {'results': [{'gender': 'female', 'name': {'title': 'Mrs', 'first': 'Saskia', 'last': 'Kaiser'}, 'location': {'street': {'number': 1966, 'name': 'Burgstraße'}, 'city': 'Großbreitenbach', 'state': 'Rhe...</msg>
<var>${json_data}</var>
<arg>${response.json()}</arg>
<doc>Returns the given values which can then be assigned to a variables.</doc>
<status status="PASS" start="2024-06-16T02:34:06.503558" elapsed="0.000580"/>
</kw>
<kw name="Log" owner="BuiltIn">
<msg time="2024-06-16T02:34:06.504599" level="INFO">{'results': [{'gender': 'female', 'name': {'title': 'Mrs', 'first': 'Saskia', 'last': 'Kaiser'}, 'location': {'street': {'number': 1966, 'name': 'Burgstraße'}, 'city': 'Großbreitenbach', 'state': 'Rheinland-Pfalz', 'country': 'Germany', 'postcode': 97940, 'coordinates': {'latitude': '-54.6860', 'longitude': '162.9665'}, 'timezone': {'offset': '+4:00', 'description': 'Abu Dhabi, Muscat, Baku, Tbilisi'}}, 'email': 'saskia.kaiser@example.com', 'login': {'uuid': 'd67a335a-f577-4c13-93e1-cde73583d8f1', 'username': 'beautifulpeacock872', 'password': 'timeout', 'salt': 'wDBWgngo', 'md5': '1d4641fcab8133d03ebfbd8c3a69c680', 'sha1': 'd6639c5f5635c9872923a80ed7693e7b000c3039', 'sha256': 'fcba5492cdb53efb8cc97cde6b37d44b92e5c95603fa3d3c8b925f506c7d0aec'}, 'dob': {'date': '1994-09-30T13:23:55.867Z', 'age': 29}, 'registered': {'date': '2012-01-16T15:39:01.512Z', 'age': 12}, 'phone': '0352-8591734', 'cell': '0178-8803316', 'id': {'name': 'SVNR', 'value': '23 300994 K 544'}, 'picture': {'large': 'https://randomuser.me/api/portraits/women/21.jpg', 'medium': 'https://randomuser.me/api/portraits/med/women/21.jpg', 'thumbnail': 'https://randomuser.me/api/portraits/thumb/women/21.jpg'}, 'nat': 'DE'}], 'info': {'seed': '381eb62c6d6fd072', 'results': 1, 'page': 1, 'version': '1.4'}}</msg>
<arg>${json_data}</arg>
<doc>Logs the given message with the given level.</doc>
<status status="PASS" start="2024-06-16T02:34:06.504443" elapsed="0.000204"/>
</kw>
<kw name="Should Be Equal As Numbers" owner="BuiltIn">
<arg>${json_data['results'][0]['location']['postcode']}</arg>
<arg>${json_data['results'][0]['location']['postcode']}</arg>
<doc>Fails if objects are unequal after converting them to real numbers.</doc>
<status status="PASS" start="2024-06-16T02:34:06.504935" elapsed="0.000620"/>
</kw>
<kw name="Log" owner="BuiltIn">
<msg time="2024-06-16T02:34:06.506072" level="INFO">97940</msg>
<arg>${json_data['results'][0]['location']['postcode']}</arg>
<doc>Logs the given message with the given level.</doc>
<status status="PASS" start="2024-06-16T02:34:06.505742" elapsed="0.000386"/>
</kw>
<status status="PASS" start="2024-06-16T02:34:06.332688" elapsed="0.173720"/>
</kw>
<doc>Testa se os tipos de dados na resposta da API estão corretos.</doc>
<tag>testeTiposDados</tag>
<status status="PASS" start="2024-06-16T02:34:06.197694" elapsed="0.308922"/>
</test>
<test id="s1-s1-t5" name="Validar conteudo" line="35">
<kw name="Teste de Tipos de Conteudo" owner="random-user-service">
<kw name="GET On Session" owner="RequestsLibrary">
<msg time="2024-06-16T02:34:06.549107" level="INFO">GET Request : url=https://randomuser.me/api 
 path_url=/api 
 headers={'User-Agent': 'python-requests/2.32.3', 'Accept-Encoding': 'gzip, deflate', 'Accept': '*/*', 'Connection': 'keep-alive'} 
 body=None 
 </msg>
<msg time="2024-06-16T02:34:06.549183" level="INFO">GET Response : url=https://randomuser.me/api 
 status=200, reason=OK 
 headers={'Date': 'Sun, 16 Jun 2024 02:34:06 GMT', 'Content-Type': 'application/json; charset=utf-8', 'Transfer-Encoding': 'chunked', 'Connection': 'keep-alive', 'X-Powered-By': 'Express', 'Access-Control-Allow-Origin': '*', 'Cache-Control': 'no-cache', 'ETag': 'W/"494-zpgB1lhZlPrBgvL1At6Omd3EsF8"', 'Vary': 'Accept-Encoding', 'Content-Encoding': 'gzip', 'CF-Cache-Status': 'DYNAMIC', 'Report-To': '{"endpoints":[{"url":"https:\\/\\/a.nel.cloudflare.com\\/report\\/v4?s=pgyTKPKgLoIPYaTILijALiYwr3%2Fvlz5hXgVVaTisDJQPCxyXamxOMHoG13D1TTys42i4XXsyTAPjdOmsDRZ6GK%2FVeNaDtmlfZZIHDicj4g87DX%2BIuTSxtBz%2BAy3ONYeE"}],"group":"cf-nel","max_age":604800}', 'NEL': '{"success_fraction":0,"report_to":"cf-nel","max_age":604800}', 'Server': 'cloudflare', 'CF-RAY': '8947661ebfdb064c-IAD', 'alt-svc': 'h3=":443"; ma=86400'} 
 body={"results":[{"gender":"male","name":{"title":"Mr","first":"Kadir","last":"Koçoğlu"},"location":{"street":{"number":1251,"name":"Necatibey Cd"},"city":"Adıyaman","state":"Kayseri","country":"Turkey","postcode":73747,"coordinates":{"latitude":"64.6840","longitude":"-106.0586"},"timezone":{"offset":"0:00","description":"Western Europe Time, London, Lisbon, Casablanca"}},"email":"kadir.kocoglu@example.com","login":{"uuid":"7872807b-7504-4cba-8347-d83ebadbe57e","username":"crazyladybug878","password":"cheshire","salt":"DwcrWSPa","md5":"d089689cd528ad704000580263c8a314","sha1":"b819873428467cc33e6c852ce4df07969921732c","sha256":"dde4c8b59bd12f57afca7d051812b753cc6ff2724f06dab109053e95854b8874"},"dob":{"date":"1976-02-06T07:41:59.418Z","age":48},"registered":{"date":"2006-08-08T12:54:46.135Z","age":17},"phone":"(768)-693-4977","cell":"(329)-473-2924","id":{"name":"","value":null},"picture":{"large":"https://randomuser.me/api/portraits/men/92.jpg","medium":"https://randomuser.me/api/portraits/med/men/92.jpg","thumbnail":"https://randomuser.me/api/portraits/thumb/men/92.jpg"},"nat":"TR"}],"info":{"seed":"459c96066d7ea8b7","results":1,"page":1,"version":"1.4"}} 
 </msg>
<msg time="2024-06-16T02:34:06.549243" level="INFO">/opt/hostedtoolcache/Python/3.12.3/x64/lib/python3.12/site-packages/urllib3/connectionpool.py:1103: InsecureRequestWarning: Unverified HTTPS request is being made to host 'randomuser.me'. Adding certificate verification is strongly advised. See: https://urllib3.readthedocs.io/en/latest/advanced-usage.html#tls-warnings
  warnings.warn(</msg>
<msg time="2024-06-16T02:34:06.549332" level="INFO">${response} = &lt;Response [200]&gt;</msg>
<var>${response}</var>
<arg>consultarAPI</arg>
<arg>/api</arg>
<doc>Sends a GET request on a previously created HTTP Session.</doc>
<status status="PASS" start="2024-06-16T02:34:06.509117" elapsed="0.040256"/>
</kw>
<kw name="Set Variable" owner="BuiltIn">
<msg time="2024-06-16T02:34:06.550401" level="INFO">${json_data} = {'results': [{'gender': 'male', 'name': {'title': 'Mr', 'first': 'Kadir', 'last': 'Koçoğlu'}, 'location': {'street': {'number': 1251, 'name': 'Necatibey Cd'}, 'city': 'Adıyaman', 'state': 'Kayseri', '...</msg>
<var>${json_data}</var>
<arg>${response.json()}</arg>
<doc>Returns the given values which can then be assigned to a variables.</doc>
<status status="PASS" start="2024-06-16T02:34:06.549830" elapsed="0.000603"/>
</kw>
<kw name="Set Variable" owner="BuiltIn">
<msg time="2024-06-16T02:34:06.551149" level="INFO">${name_title} = Mr</msg>
<var>${name_title}</var>
<arg>${json_data["results"][0]["name"]["title"]}</arg>
<doc>Returns the given values which can then be assigned to a variables.</doc>
<status status="PASS" start="2024-06-16T02:34:06.550774" elapsed="0.000401"/>
</kw>
<kw name="Create List" owner="BuiltIn">
<msg time="2024-06-16T02:34:06.551620" level="INFO">${allowed_titles} = ['Mr', 'Ms', 'Miss', 'Mrs', 'Madame', 'Monsieur']</msg>
<var>${allowed_titles}</var>
<arg>Mr</arg>
<arg>Ms</arg>
<arg>Miss</arg>
<arg>Mrs</arg>
<arg>Madame</arg>
<arg>Monsieur</arg>
<doc>Returns a list containing given items.</doc>
<status status="PASS" start="2024-06-16T02:34:06.551472" elapsed="0.000173"/>
</kw>
<kw name="List Should Contain Value" owner="Collections">
<arg>${allowed_titles}</arg>
<arg>${name_title}</arg>
<doc>Fails if the ``value`` is not found from ``list``.</doc>
<status status="PASS" start="2024-06-16T02:34:06.551939" elapsed="0.000174"/>
</kw>
<kw name="Set Variable" owner="BuiltIn">
<msg time="2024-06-16T02:34:06.552662" level="INFO">${name_country} = TR</msg>
<var>${name_country}</var>
<arg>${json_data["results"][0]["nat"]}</arg>
<doc>Returns the given values which can then be assigned to a variables.</doc>
<status status="PASS" start="2024-06-16T02:34:06.552289" elapsed="0.000398"/>
</kw>
<kw name="Create List" owner="BuiltIn">
<msg time="2024-06-16T02:34:06.553579" level="INFO">${list_country} = ['AD', 'AE', 'AF', 'AG', 'AI', 'AL', 'AM', 'AO', 'AQ', 'AR', 'AS', 'AT', 'AU', 'AW', 'AX', 'AZ', 'BA', 'BB', 'BD', 'BE', 'BF', 'BG', 'BH', 'BI', 'BJ', 'BL', 'BM', 'BN', 'BO', 'BQ', 'BR', 'BS', 'BT', '...</msg>
<var>${list_country}</var>
<arg>AD</arg>
<arg>AE</arg>
<arg>AF</arg>
<arg>AG</arg>
<arg>AI</arg>
<arg>AL</arg>
<arg>AM</arg>
<arg>AO</arg>
<arg>AQ</arg>
<arg>AR</arg>
<arg>AS</arg>
<arg>AT</arg>
<arg>AU</arg>
<arg>AW</arg>
<arg>AX</arg>
<arg>AZ</arg>
<arg>BA</arg>
<arg>BB</arg>
<arg>BD</arg>
<arg>BE</arg>
<arg>BF</arg>
<arg>BG</arg>
<arg>BH</arg>
<arg>BI</arg>
<arg>BJ</arg>
<arg>BL</arg>
<arg>BM</arg>
<arg>BN</arg>
<arg>BO</arg>
<arg>BQ</arg>
<arg>BR</arg>
<arg>BS</arg>
<arg>BT</arg>
<arg>BV</arg>
<arg>BW</arg>
<arg>BY</arg>
<arg>BZ</arg>
<arg>CA</arg>
<arg>CC</arg>
<arg>CD</arg>
<arg>CF</arg>
<arg>CG</arg>
<arg>CH</arg>
<arg>CI</arg>
<arg>CK</arg>
<arg>CL</arg>
<arg>CM</arg>
<arg>CN</arg>
<arg>CO</arg>
<arg>CR</arg>
<arg>CU</arg>
<arg>CV</arg>
<arg>CW</arg>
<arg>CX</arg>
<arg>CY</arg>
<arg>CZ</arg>
<arg>DE</arg>
<arg>DJ</arg>
<arg>DK</arg>
<arg>DM</arg>
<arg>DO</arg>
<arg>DZ</arg>
<arg>EC</arg>
<arg>EE</arg>
<arg>EG</arg>
<arg>EH</arg>
<arg>ER</arg>
<arg>ES</arg>
<arg>ET</arg>
<arg>FI</arg>
<arg>FJ</arg>
<arg>FK</arg>
<arg>FM</arg>
<arg>FO</arg>
<arg>FR</arg>
<arg>GA</arg>
<arg>GB</arg>
<arg>GD</arg>
<arg>GE</arg>
<arg>GF</arg>
<arg>GG</arg>
<arg>GH</arg>
<arg>GI</arg>
<arg>GL</arg>
<arg>GM</arg>
<arg>GN</arg>
<arg>GP</arg>
<arg>GQ</arg>
<arg>GR</arg>
<arg>GS</arg>
<arg>GT</arg>
<arg>GU</arg>
<arg>GW</arg>
<arg>GY</arg>
<arg>HK</arg>
<arg>HM</arg>
<arg>HN</arg>
<arg>HR</arg>
<arg>HT</arg>
<arg>HU</arg>
<arg>ID</arg>
<arg>IE</arg>
<arg>IL</arg>
<arg>IM</arg>
<arg>IN</arg>
<arg>IO</arg>
<arg>IQ</arg>
<arg>IR</arg>
<arg>IS</arg>
<arg>IT</arg>
<arg>JE</arg>
<arg>JM</arg>
<arg>JO</arg>
<arg>JP</arg>
<arg>KE</arg>
<arg>KG</arg>
<arg>KH</arg>
<arg>KI</arg>
<arg>KM</arg>
<arg>KN</arg>
<arg>KP</arg>
<arg>KR</arg>
<arg>KW</arg>
<arg>KY</arg>
<arg>KZ</arg>
<arg>LA</arg>
<arg>LB</arg>
<arg>LC</arg>
<arg>LI</arg>
<arg>LK</arg>
<arg>LR</arg>
<arg>LS</arg>
<arg>LT</arg>
<arg>LU</arg>
<arg>LV</arg>
<arg>LY</arg>
<arg>MA</arg>
<arg>MC</arg>
<arg>MD</arg>
<arg>ME</arg>
<arg>MF</arg>
<arg>MG</arg>
<arg>MH</arg>
<arg>MK</arg>
<arg>ML</arg>
<arg>MM</arg>
<arg>MN</arg>
<arg>MO</arg>
<arg>MP</arg>
<arg>MQ</arg>
<arg>MR</arg>
<arg>MS</arg>
<arg>MT</arg>
<arg>MU</arg>
<arg>MV</arg>
<arg>MW</arg>
<arg>MX</arg>
<arg>MY</arg>
<arg>MZ</arg>
<arg>NA</arg>
<arg>NC</arg>
<arg>NE</arg>
<arg>NF</arg>
<arg>NG</arg>
<arg>NI</arg>
<arg>NL</arg>
<arg>NO</arg>
<arg>NP</arg>
<arg>NR</arg>
<arg>NU</arg>
<arg>NZ</arg>
<arg>OM</arg>
<arg>PA</arg>
<arg>PE</arg>
<arg>PF</arg>
<arg>PG</arg>
<arg>PH</arg>
<arg>PK</arg>
<arg>PL</arg>
<arg>PM</arg>
<arg>PN</arg>
<arg>PR</arg>
<arg>PS</arg>
<arg>PT</arg>
<arg>PW</arg>
<arg>PY</arg>
<arg>QA</arg>
<arg>RE</arg>
<arg>RO</arg>
<arg>RS</arg>
<arg>RU</arg>
<arg>RW</arg>
<arg>SA</arg>
<arg>SB</arg>
<arg>SC</arg>
<arg>SD</arg>
<arg>SE</arg>
<arg>SG</arg>
<arg>SH</arg>
<arg>SI</arg>
<arg>SJ</arg>
<arg>SK</arg>
<arg>SL</arg>
<arg>SM</arg>
<arg>SN</arg>
<arg>SO</arg>
<arg>SR</arg>
<arg>SS</arg>
<arg>ST</arg>
<arg>SV</arg>
<arg>SX</arg>
<arg>SY</arg>
<arg>SZ</arg>
<arg>TC</arg>
<arg>TD</arg>
<arg>TF</arg>
<arg>TG</arg>
<arg>TH</arg>
<arg>TJ</arg>
<arg>TK</arg>
<arg>TL</arg>
<arg>TM</arg>
<arg>TN</arg>
<arg>TO</arg>
<arg>TR</arg>
<arg>TT</arg>
<arg>TV</arg>
<arg>TW</arg>
<arg>TZ</arg>
<arg>UA</arg>
<arg>UG</arg>
<arg>UM</arg>
<arg>US</arg>
<arg>UY</arg>
<arg>UZ</arg>
<arg>VA</arg>
<arg>VC</arg>
<arg>VE</arg>
<arg>VG</arg>
<arg>VI</arg>
<arg>VN</arg>
<arg>VU</arg>
<arg>WF</arg>
<arg>WS</arg>
<arg>XK</arg>
<arg>YE</arg>
<arg>YT</arg>
<arg>ZA</arg>
<arg>ZM</arg>
<arg>ZW</arg>
<doc>Returns a list containing given items.</doc>
<status status="PASS" start="2024-06-16T02:34:06.552983" elapsed="0.000634"/>
</kw>
<kw name="List Should Contain Value" owner="Collections">
<arg>${list_country}</arg>
<arg>${name_country}</arg>
<doc>Fails if the ``value`` is not found from ``list``.</doc>
<status status="PASS" start="2024-06-16T02:34:06.554418" elapsed="0.000253"/>
</kw>
<kw name="Run Keyword If" owner="BuiltIn">
<kw name="Should Be True" owner="BuiltIn">
<arg>${True}</arg>
<doc>Fails if the given condition is not true.</doc>
<status status="PASS" start="2024-06-16T02:34:06.555727" elapsed="0.000144"/>
</kw>
<arg>${json_data["results"][0]["location"]["coordinates"]["latitude"]} &gt;= -90 and ${json_data["results"][0]["location"]["coordinates"]["latitude"]} &lt;= 90</arg>
<arg>Should Be True</arg>
<arg>${True}</arg>
<doc>Runs the given keyword with the given arguments, if ``condition`` is true.</doc>
<status status="PASS" start="2024-06-16T02:34:06.554875" elapsed="0.001121"/>
</kw>
<kw name="Run Keyword If" owner="BuiltIn">
<kw name="Should Be True" owner="BuiltIn">
<arg>${True}</arg>
<doc>Fails if the given condition is not true.</doc>
<status status="PASS" start="2024-06-16T02:34:06.556866" elapsed="0.000139"/>
</kw>
<arg>${json_data["results"][0]["location"]["coordinates"]["longitude"]} &gt;= -180 and ${json_data["results"][0]["location"]["coordinates"]["longitude"]} &lt;= 180</arg>
<arg>Should Be True</arg>
<arg>${True}</arg>
<doc>Runs the given keyword with the given arguments, if ``condition`` is true.</doc>
<status status="PASS" start="2024-06-16T02:34:06.556179" elapsed="0.000949"/>
</kw>
<status status="PASS" start="2024-06-16T02:34:06.508896" elapsed="0.048361"/>
</kw>
<doc>Testa o conteúdo específico dos campos retornados pela API.</doc>
<tag>testeConteudo</tag>
<status status="PASS" start="2024-06-16T02:34:06.508389" elapsed="0.049014"/>
</test>
<status status="PASS" start="2024-06-16T02:34:05.514156" elapsed="1.045235"/>
</suite>
<status status="PASS" start="2024-06-16T02:34:05.500719" elapsed="1.063732"/>
</suite>
<statistics>
<total>
<stat pass="5" fail="0" skip="0">All Tests</stat>
</total>
<tag>
<stat pass="1" fail="0" skip="0">testeConteudo</stat>
<stat pass="1" fail="0" skip="0">testeEstruturaResposta</stat>
<stat pass="1" fail="0" skip="0">testeRequisicaoBasica</stat>
<stat pass="1" fail="0" skip="0">testeTiposDados</stat>
</tag>
<suite>
<stat pass="5" fail="0" skip="0" id="s1" name="Tests">Tests</stat>
<stat pass="5" fail="0" skip="0" id="s1-s1" name="Random-User-Test">Tests.Random-User-Test</stat>
</suite>
</statistics>
<errors>
</errors>
</robot>
