<?xml version="1.0" encoding="UTF-8"?>
<robot generator="Robot 7.0 (Python 3.12.3 on linux)" generated="2024-05-03T07:13:24.885031" rpa="false" schemaversion="5">
<suite id="s1" name="Tests" source="/home/runner/work/DesafioQAItauRogerioJordao/DesafioQAItauRogerioJordao/RamdonUser/tests">
<suite id="s1-s1" name="Random-User-Test" source="/home/runner/work/DesafioQAItauRogerioJordao/DesafioQAItauRogerioJordao/RamdonUser/tests/random-user-test.robot">
<test id="s1-s1-t1" name="Conectar" line="13">
<kw name="Conectar API" owner="random-user-service">
<kw name="Create Session" owner="RequestsLibrary">
<msg time="2024-05-03T07:13:25.219724" level="INFO">Creating Session using : alias=consultarAPI, url=https://randomuser.me/, headers={},                     cookies={}, auth=None, timeout=None, proxies=None, verify=False,                     debug=0 </msg>
<arg>consultarAPI</arg>
<arg>${URL}</arg>
<doc>Create Session: create a HTTP session to a server</doc>
<status status="PASS" start="2024-05-03T07:13:25.219550" elapsed="0.000325"/>
</kw>
<status status="PASS" start="2024-05-03T07:13:25.218717" elapsed="0.001470"/>
</kw>
<status status="PASS" start="2024-05-03T07:13:25.218163" elapsed="0.002198"/>
</test>
<test id="s1-s1-t2" name="Validar retorno 200 e JSON Válido" line="16">
<kw name="Teste de Requisicao Basica" owner="random-user-service">
<kw name="GET On Session" owner="RequestsLibrary">
<msg time="2024-05-03T07:13:25.448500" level="INFO">GET Request : url=https://randomuser.me/api 
 path_url=/api 
 headers={'User-Agent': 'python-requests/2.31.0', 'Accept-Encoding': 'gzip, deflate', 'Accept': '*/*', 'Connection': 'keep-alive'} 
 body=None 
 </msg>
<msg time="2024-05-03T07:13:25.448641" level="INFO">GET Response : url=https://randomuser.me/api 
 status=200, reason=OK 
 headers={'Date': 'Fri, 03 May 2024 07:13:25 GMT', 'Content-Type': 'application/json; charset=utf-8', 'Transfer-Encoding': 'chunked', 'Connection': 'keep-alive', 'X-Powered-By': 'Express', 'Access-Control-Allow-Origin': '*', 'Cache-Control': 'no-cache', 'ETag': 'W/"492-eVx/dkBHDVt+byVSCRccbIUOai8"', 'Vary': 'Accept-Encoding', 'Content-Encoding': 'gzip', 'CF-Cache-Status': 'DYNAMIC', 'Report-To': '{"endpoints":[{"url":"https:\\/\\/a.nel.cloudflare.com\\/report\\/v4?s=55bfzFqtT2rp06XcsZMxdkZyR0NqRVN%2Bk6lowBmrnC7M%2Bi%2F9SdYG4vp95YBIe4IUjb4Mo%2BbtQWRhN1L5EgKDi7B%2BIC9cf8o5bvI7fDYM%2BMu5gHdxHAiblW%2FV1szg5Iop"}],"group":"cf-nel","max_age":604800}', 'NEL': '{"success_fraction":0,"report_to":"cf-nel","max_age":604800}', 'Server': 'cloudflare', 'CF-RAY': '87de72c58d32633f-ORD', 'alt-svc': 'h3=":443"; ma=86400'} 
 body={"results":[{"gender":"female","name":{"title":"Mrs","first":"Aada","last":"Kari"},"location":{"street":{"number":8302,"name":"Myllypuronkatu"},"city":"Kiikoinen","state":"Ostrobothnia","country":"Finland","postcode":10602,"coordinates":{"latitude":"-23.4410","longitude":"168.7270"},"timezone":{"offset":"+7:00","description":"Bangkok, Hanoi, Jakarta"}},"email":"aada.kari@example.com","login":{"uuid":"048dd748-0ee1-4dda-a776-b2745a34ea6d","username":"happypeacock214","password":"josephin","salt":"54fZ3MzD","md5":"915d97443e3c4c77ec859a0b26258462","sha1":"1b6ec847a01c8cce8bc8c00cbc930a9e5e907b72","sha256":"d7d3315baaf6853abad243cf62ee7bb8d19559cb740c2b4b1035e36a3d0a4758"},"dob":{"date":"1972-05-07T15:19:18.772Z","age":51},"registered":{"date":"2007-09-01T16:35:23.153Z","age":16},"phone":"07-229-638","cell":"040-712-94-37","id":{"name":"HETU","value":"NaNNA568undefined"},"picture":{"large":"https://randomuser.me/api/portraits/women/34.jpg","medium":"https://randomuser.me/api/portraits/med/women/34.jpg","thumbnail":"https://randomuser.me/api/portraits/thumb/women/34.jpg"},"nat":"FI"}],"info":{"seed":"579b115c9b6867a0","results":1,"page":1,"version":"1.4"}} 
 </msg>
<msg time="2024-05-03T07:13:25.448729" level="INFO">/opt/hostedtoolcache/Python/3.12.3/x64/lib/python3.12/site-packages/urllib3/connectionpool.py:1103: InsecureRequestWarning: Unverified HTTPS request is being made to host 'randomuser.me'. Adding certificate verification is strongly advised. See: https://urllib3.readthedocs.io/en/latest/advanced-usage.html#tls-warnings
  warnings.warn(</msg>
<msg time="2024-05-03T07:13:25.448867" level="INFO">${response} = &lt;Response [200]&gt;</msg>
<var>${response}</var>
<arg>consultarAPI</arg>
<arg>/api</arg>
<doc>Sends a GET request on a previously created HTTP Session.</doc>
<status status="PASS" start="2024-05-03T07:13:25.222810" elapsed="0.226105"/>
</kw>
<kw name="Should Be Equal As Numbers" owner="BuiltIn">
<msg time="2024-05-03T07:13:25.449719" level="INFO">Argument types are:
&lt;class 'int'&gt;
&lt;class 'str'&gt;</msg>
<arg>${response.status_code}</arg>
<arg>200</arg>
<doc>Fails if objects are unequal after converting them to real numbers.</doc>
<status status="PASS" start="2024-05-03T07:13:25.449316" elapsed="0.000467"/>
</kw>
<kw name="Log" owner="BuiltIn">
<msg time="2024-05-03T07:13:25.450486" level="INFO">200</msg>
<arg>${response.status_code}</arg>
<doc>Logs the given message with the given level.</doc>
<status status="PASS" start="2024-05-03T07:13:25.450101" elapsed="0.000438"/>
</kw>
<kw name="Set Variable" owner="BuiltIn">
<msg time="2024-05-03T07:13:25.451254" level="INFO">${json_data} = {'results': [{'gender': 'female', 'name': {'title': 'Mrs', 'first': 'Aada', 'last': 'Kari'}, 'location': {'street': {'number': 8302, 'name': 'Myllypuronkatu'}, 'city': 'Kiikoinen', 'state': 'Ostroboth...</msg>
<var>${json_data}</var>
<arg>${response.json()}</arg>
<doc>Returns the given values which can then be assigned to a variables.</doc>
<status status="PASS" start="2024-05-03T07:13:25.450848" elapsed="0.000432"/>
</kw>
<kw name="Dictionary Should Contain Key" owner="Collections">
<msg time="2024-05-03T07:13:25.451721" level="INFO">False</msg>
<arg>${json_data}</arg>
<arg>results</arg>
<doc>Fails if ``key`` is not found from ``dictionary``.</doc>
<status status="PASS" start="2024-05-03T07:13:25.451558" elapsed="0.000204"/>
</kw>
<status status="PASS" start="2024-05-03T07:13:25.222586" elapsed="0.229424"/>
</kw>
<doc>Testa se a API responde corretamente e retorna um objeto JSON válido.</doc>
<tag>testeRequisicaoBasica</tag>
<status status="PASS" start="2024-05-03T07:13:25.222074" elapsed="0.230102"/>
</test>
<test id="s1-s1-t3" name="Validar estrutura de resposta" line="22">
<kw name="Teste de Estrutura de Resposta" owner="random-user-service">
<kw name="GET On Session" owner="RequestsLibrary">
<msg time="2024-05-03T07:13:25.731069" level="INFO">GET Request : url=https://randomuser.me/api 
 path_url=/api 
 headers={'User-Agent': 'python-requests/2.31.0', 'Accept-Encoding': 'gzip, deflate', 'Accept': '*/*', 'Connection': 'keep-alive'} 
 body=None 
 </msg>
<msg time="2024-05-03T07:13:25.731158" level="INFO">GET Response : url=https://randomuser.me/api 
 status=200, reason=OK 
 headers={'Date': 'Fri, 03 May 2024 07:13:25 GMT', 'Content-Type': 'application/json; charset=utf-8', 'Transfer-Encoding': 'chunked', 'Connection': 'keep-alive', 'X-Powered-By': 'Express', 'Access-Control-Allow-Origin': '*', 'Cache-Control': 'no-cache', 'ETag': 'W/"4a7-r4PSvKECr4W0d3DzC6au7d5YbS4"', 'Vary': 'Accept-Encoding', 'Content-Encoding': 'gzip', 'CF-Cache-Status': 'DYNAMIC', 'Report-To': '{"endpoints":[{"url":"https:\\/\\/a.nel.cloudflare.com\\/report\\/v4?s=5qOay3fjVb1OMYLJnp6RWkvnTNPUDDJQBE6H6eojsTRXKVcSblZEEMkRHxkZmU3SBpj%2BJ2HT4ZHuFd%2FxIkjX6CWPboC%2FJqkVQL7NvLKqHTJj%2FZNuat6bGoOlWafC9uRc"}],"group":"cf-nel","max_age":604800}', 'NEL': '{"success_fraction":0,"report_to":"cf-nel","max_age":604800}', 'Server': 'cloudflare', 'CF-RAY': '87de72c61d79633f-ORD', 'alt-svc': 'h3=":443"; ma=86400'} 
 body={"results":[{"gender":"female","name":{"title":"Mrs","first":"Raquel","last":"Herrera"},"location":{"street":{"number":3725,"name":"Paseo de Extremadura"},"city":"Alcalá de Henares","state":"Melilla","country":"Spain","postcode":77031,"coordinates":{"latitude":"-38.5365","longitude":"145.9098"},"timezone":{"offset":"+3:00","description":"Baghdad, Riyadh, Moscow, St. Petersburg"}},"email":"raquel.herrera@example.com","login":{"uuid":"c6a85e0d-b4d5-486d-9644-046c8d38399a","username":"goldenbear331","password":"dakota1","salt":"rZuFyZLy","md5":"13ae32d3014eb8cb596ef80a627a9641","sha1":"4e9276da57b3bed56c744ff7097f59507fd5d172","sha256":"f67d473c1e9de71a63369385d73b7d6d2d343af8b597c59dde4189ca39f3c8d3"},"dob":{"date":"1966-02-24T19:35:21.721Z","age":58},"registered":{"date":"2017-12-09T15:34:40.490Z","age":6},"phone":"982-525-567","cell":"648-981-408","id":{"name":"DNI","value":"34143451-Y"},"picture":{"large":"https://randomuser.me/api/portraits/women/51.jpg","medium":"https://randomuser.me/api/portraits/med/women/51.jpg","thumbnail":"https://randomuser.me/api/portraits/thumb/women/51.jpg"},"nat":"ES"}],"info":{"seed":"579b45c873d63cd9","results":1,"page":1,"version":"1.4"}} 
 </msg>
<msg time="2024-05-03T07:13:25.731282" level="INFO">/opt/hostedtoolcache/Python/3.12.3/x64/lib/python3.12/site-packages/urllib3/connectionpool.py:1103: InsecureRequestWarning: Unverified HTTPS request is being made to host 'randomuser.me'. Adding certificate verification is strongly advised. See: https://urllib3.readthedocs.io/en/latest/advanced-usage.html#tls-warnings
  warnings.warn(</msg>
<msg time="2024-05-03T07:13:25.731416" level="INFO">${response} = &lt;Response [200]&gt;</msg>
<var>${response}</var>
<arg>consultarAPI</arg>
<arg>/api</arg>
<doc>Sends a GET request on a previously created HTTP Session.</doc>
<status status="PASS" start="2024-05-03T07:13:25.454820" elapsed="0.276661"/>
</kw>
<kw name="Set Variable" owner="BuiltIn">
<msg time="2024-05-03T07:13:25.732558" level="INFO">${json_data} = {'results': [{'gender': 'female', 'name': {'title': 'Mrs', 'first': 'Raquel', 'last': 'Herrera'}, 'location': {'street': {'number': 3725, 'name': 'Paseo de Extremadura'}, 'city': 'Alcalá de Henares', ...</msg>
<var>${json_data}</var>
<arg>${response.json()}</arg>
<doc>Returns the given values which can then be assigned to a variables.</doc>
<status status="PASS" start="2024-05-03T07:13:25.732049" elapsed="0.000536"/>
</kw>
<kw name="Log" owner="BuiltIn">
<msg time="2024-05-03T07:13:25.733009" level="INFO">{'results': [{'gender': 'female', 'name': {'title': 'Mrs', 'first': 'Raquel', 'last': 'Herrera'}, 'location': {'street': {'number': 3725, 'name': 'Paseo de Extremadura'}, 'city': 'Alcalá de Henares', 'state': 'Melilla', 'country': 'Spain', 'postcode': 77031, 'coordinates': {'latitude': '-38.5365', 'longitude': '145.9098'}, 'timezone': {'offset': '+3:00', 'description': 'Baghdad, Riyadh, Moscow, St. Petersburg'}}, 'email': 'raquel.herrera@example.com', 'login': {'uuid': 'c6a85e0d-b4d5-486d-9644-046c8d38399a', 'username': 'goldenbear331', 'password': 'dakota1', 'salt': 'rZuFyZLy', 'md5': '13ae32d3014eb8cb596ef80a627a9641', 'sha1': '4e9276da57b3bed56c744ff7097f59507fd5d172', 'sha256': 'f67d473c1e9de71a63369385d73b7d6d2d343af8b597c59dde4189ca39f3c8d3'}, 'dob': {'date': '1966-02-24T19:35:21.721Z', 'age': 58}, 'registered': {'date': '2017-12-09T15:34:40.490Z', 'age': 6}, 'phone': '982-525-567', 'cell': '648-981-408', 'id': {'name': 'DNI', 'value': '34143451-Y'}, 'picture': {'large': 'https://randomuser.me/api/portraits/women/51.jpg', 'medium': 'https://randomuser.me/api/portraits/med/women/51.jpg', 'thumbnail': 'https://randomuser.me/api/portraits/thumb/women/51.jpg'}, 'nat': 'ES'}], 'info': {'seed': '579b45c873d63cd9', 'results': 1, 'page': 1, 'version': '1.4'}}</msg>
<arg>${json_data}</arg>
<doc>Logs the given message with the given level.</doc>
<status status="PASS" start="2024-05-03T07:13:25.732864" elapsed="0.000190"/>
</kw>
<kw name="Dictionary Should Contain Key" owner="Collections">
<msg time="2024-05-03T07:13:25.733463" level="INFO">False</msg>
<arg>${json_data}</arg>
<arg>results</arg>
<doc>Fails if ``key`` is not found from ``dictionary``.</doc>
<status status="PASS" start="2024-05-03T07:13:25.733321" elapsed="0.000175"/>
</kw>
<kw name="Should Not Be Empty" owner="BuiltIn">
<msg time="2024-05-03T07:13:25.733887" level="INFO">Length is 2.</msg>
<arg>${json_data}</arg>
<doc>Verifies that the given item is not empty.</doc>
<status status="PASS" start="2024-05-03T07:13:25.733760" elapsed="0.000270"/>
</kw>
<kw name="Create List" owner="BuiltIn">
<msg time="2024-05-03T07:13:25.734462" level="INFO">${expected_keys} = ['gender', 'name', 'location', 'email', 'login']</msg>
<var>${expected_keys}</var>
<arg>gender</arg>
<arg>name</arg>
<arg>location</arg>
<arg>email</arg>
<arg>login</arg>
<doc>Returns a list containing given items.</doc>
<status status="PASS" start="2024-05-03T07:13:25.734296" elapsed="0.000193"/>
</kw>
<for flavor="IN">
<iter>
<kw name="Dictionary Should Contain Key" owner="Collections">
<msg time="2024-05-03T07:13:25.735377" level="INFO">False</msg>
<arg>${json_data['results'][0]}</arg>
<arg>${key}</arg>
<doc>Fails if ``key`` is not found from ``dictionary``.</doc>
<status status="PASS" start="2024-05-03T07:13:25.735013" elapsed="0.000399"/>
</kw>
<kw name="Log" owner="BuiltIn">
<msg time="2024-05-03T07:13:25.736028" level="INFO">{'gender': 'female', 'name': {'title': 'Mrs', 'first': 'Raquel', 'last': 'Herrera'}, 'location': {'street': {'number': 3725, 'name': 'Paseo de Extremadura'}, 'city': 'Alcalá de Henares', 'state': 'Melilla', 'country': 'Spain', 'postcode': 77031, 'coordinates': {'latitude': '-38.5365', 'longitude': '145.9098'}, 'timezone': {'offset': '+3:00', 'description': 'Baghdad, Riyadh, Moscow, St. Petersburg'}}, 'email': 'raquel.herrera@example.com', 'login': {'uuid': 'c6a85e0d-b4d5-486d-9644-046c8d38399a', 'username': 'goldenbear331', 'password': 'dakota1', 'salt': 'rZuFyZLy', 'md5': '13ae32d3014eb8cb596ef80a627a9641', 'sha1': '4e9276da57b3bed56c744ff7097f59507fd5d172', 'sha256': 'f67d473c1e9de71a63369385d73b7d6d2d343af8b597c59dde4189ca39f3c8d3'}, 'dob': {'date': '1966-02-24T19:35:21.721Z', 'age': 58}, 'registered': {'date': '2017-12-09T15:34:40.490Z', 'age': 6}, 'phone': '982-525-567', 'cell': '648-981-408', 'id': {'name': 'DNI', 'value': '34143451-Y'}, 'picture': {'large': 'https://randomuser.me/api/portraits/women/51.jpg', 'medium': 'https://randomuser.me/api/portraits/med/women/51.jpg', 'thumbnail': 'https://randomuser.me/api/portraits/thumb/women/51.jpg'}, 'nat': 'ES'}</msg>
<arg>${json_data['results'][0]}</arg>
<doc>Logs the given message with the given level.</doc>
<status status="PASS" start="2024-05-03T07:13:25.735685" elapsed="0.000389"/>
</kw>
<kw name="Log" owner="BuiltIn">
<msg time="2024-05-03T07:13:25.736464" level="INFO">gender</msg>
<arg>${key}</arg>
<doc>Logs the given message with the given level.</doc>
<status status="PASS" start="2024-05-03T07:13:25.736347" elapsed="0.000150"/>
</kw>
<var name="${key}">gender</var>
<status status="PASS" start="2024-05-03T07:13:25.734898" elapsed="0.001796"/>
</iter>
<iter>
<kw name="Dictionary Should Contain Key" owner="Collections">
<msg time="2024-05-03T07:13:25.737323" level="INFO">False</msg>
<arg>${json_data['results'][0]}</arg>
<arg>${key}</arg>
<doc>Fails if ``key`` is not found from ``dictionary``.</doc>
<status status="PASS" start="2024-05-03T07:13:25.736969" elapsed="0.000389"/>
</kw>
<kw name="Log" owner="BuiltIn">
<msg time="2024-05-03T07:13:25.738036" level="INFO">{'gender': 'female', 'name': {'title': 'Mrs', 'first': 'Raquel', 'last': 'Herrera'}, 'location': {'street': {'number': 3725, 'name': 'Paseo de Extremadura'}, 'city': 'Alcalá de Henares', 'state': 'Melilla', 'country': 'Spain', 'postcode': 77031, 'coordinates': {'latitude': '-38.5365', 'longitude': '145.9098'}, 'timezone': {'offset': '+3:00', 'description': 'Baghdad, Riyadh, Moscow, St. Petersburg'}}, 'email': 'raquel.herrera@example.com', 'login': {'uuid': 'c6a85e0d-b4d5-486d-9644-046c8d38399a', 'username': 'goldenbear331', 'password': 'dakota1', 'salt': 'rZuFyZLy', 'md5': '13ae32d3014eb8cb596ef80a627a9641', 'sha1': '4e9276da57b3bed56c744ff7097f59507fd5d172', 'sha256': 'f67d473c1e9de71a63369385d73b7d6d2d343af8b597c59dde4189ca39f3c8d3'}, 'dob': {'date': '1966-02-24T19:35:21.721Z', 'age': 58}, 'registered': {'date': '2017-12-09T15:34:40.490Z', 'age': 6}, 'phone': '982-525-567', 'cell': '648-981-408', 'id': {'name': 'DNI', 'value': '34143451-Y'}, 'picture': {'large': 'https://randomuser.me/api/portraits/women/51.jpg', 'medium': 'https://randomuser.me/api/portraits/med/women/51.jpg', 'thumbnail': 'https://randomuser.me/api/portraits/thumb/women/51.jpg'}, 'nat': 'ES'}</msg>
<arg>${json_data['results'][0]}</arg>
<doc>Logs the given message with the given level.</doc>
<status status="PASS" start="2024-05-03T07:13:25.737674" elapsed="0.000410"/>
</kw>
<kw name="Log" owner="BuiltIn">
<msg time="2024-05-03T07:13:25.738530" level="INFO">name</msg>
<arg>${key}</arg>
<doc>Logs the given message with the given level.</doc>
<status status="PASS" start="2024-05-03T07:13:25.738378" elapsed="0.000187"/>
</kw>
<var name="${key}">name</var>
<status status="PASS" start="2024-05-03T07:13:25.736865" elapsed="0.001897"/>
</iter>
<iter>
<kw name="Dictionary Should Contain Key" owner="Collections">
<msg time="2024-05-03T07:13:25.739376" level="INFO">False</msg>
<arg>${json_data['results'][0]}</arg>
<arg>${key}</arg>
<doc>Fails if ``key`` is not found from ``dictionary``.</doc>
<status status="PASS" start="2024-05-03T07:13:25.739026" elapsed="0.000383"/>
</kw>
<kw name="Log" owner="BuiltIn">
<msg time="2024-05-03T07:13:25.740007" level="INFO">{'gender': 'female', 'name': {'title': 'Mrs', 'first': 'Raquel', 'last': 'Herrera'}, 'location': {'street': {'number': 3725, 'name': 'Paseo de Extremadura'}, 'city': 'Alcalá de Henares', 'state': 'Melilla', 'country': 'Spain', 'postcode': 77031, 'coordinates': {'latitude': '-38.5365', 'longitude': '145.9098'}, 'timezone': {'offset': '+3:00', 'description': 'Baghdad, Riyadh, Moscow, St. Petersburg'}}, 'email': 'raquel.herrera@example.com', 'login': {'uuid': 'c6a85e0d-b4d5-486d-9644-046c8d38399a', 'username': 'goldenbear331', 'password': 'dakota1', 'salt': 'rZuFyZLy', 'md5': '13ae32d3014eb8cb596ef80a627a9641', 'sha1': '4e9276da57b3bed56c744ff7097f59507fd5d172', 'sha256': 'f67d473c1e9de71a63369385d73b7d6d2d343af8b597c59dde4189ca39f3c8d3'}, 'dob': {'date': '1966-02-24T19:35:21.721Z', 'age': 58}, 'registered': {'date': '2017-12-09T15:34:40.490Z', 'age': 6}, 'phone': '982-525-567', 'cell': '648-981-408', 'id': {'name': 'DNI', 'value': '34143451-Y'}, 'picture': {'large': 'https://randomuser.me/api/portraits/women/51.jpg', 'medium': 'https://randomuser.me/api/portraits/med/women/51.jpg', 'thumbnail': 'https://randomuser.me/api/portraits/thumb/women/51.jpg'}, 'nat': 'ES'}</msg>
<arg>${json_data['results'][0]}</arg>
<doc>Logs the given message with the given level.</doc>
<status status="PASS" start="2024-05-03T07:13:25.739678" elapsed="0.000375"/>
</kw>
<kw name="Log" owner="BuiltIn">
<msg time="2024-05-03T07:13:25.740432" level="INFO">location</msg>
<arg>${key}</arg>
<doc>Logs the given message with the given level.</doc>
<status status="PASS" start="2024-05-03T07:13:25.740319" elapsed="0.000148"/>
</kw>
<var name="${key}">location</var>
<status status="PASS" start="2024-05-03T07:13:25.738924" elapsed="0.001739"/>
</iter>
<iter>
<kw name="Dictionary Should Contain Key" owner="Collections">
<msg time="2024-05-03T07:13:25.741269" level="INFO">False</msg>
<arg>${json_data['results'][0]}</arg>
<arg>${key}</arg>
<doc>Fails if ``key`` is not found from ``dictionary``.</doc>
<status status="PASS" start="2024-05-03T07:13:25.740919" elapsed="0.000382"/>
</kw>
<kw name="Log" owner="BuiltIn">
<msg time="2024-05-03T07:13:25.741905" level="INFO">{'gender': 'female', 'name': {'title': 'Mrs', 'first': 'Raquel', 'last': 'Herrera'}, 'location': {'street': {'number': 3725, 'name': 'Paseo de Extremadura'}, 'city': 'Alcalá de Henares', 'state': 'Melilla', 'country': 'Spain', 'postcode': 77031, 'coordinates': {'latitude': '-38.5365', 'longitude': '145.9098'}, 'timezone': {'offset': '+3:00', 'description': 'Baghdad, Riyadh, Moscow, St. Petersburg'}}, 'email': 'raquel.herrera@example.com', 'login': {'uuid': 'c6a85e0d-b4d5-486d-9644-046c8d38399a', 'username': 'goldenbear331', 'password': 'dakota1', 'salt': 'rZuFyZLy', 'md5': '13ae32d3014eb8cb596ef80a627a9641', 'sha1': '4e9276da57b3bed56c744ff7097f59507fd5d172', 'sha256': 'f67d473c1e9de71a63369385d73b7d6d2d343af8b597c59dde4189ca39f3c8d3'}, 'dob': {'date': '1966-02-24T19:35:21.721Z', 'age': 58}, 'registered': {'date': '2017-12-09T15:34:40.490Z', 'age': 6}, 'phone': '982-525-567', 'cell': '648-981-408', 'id': {'name': 'DNI', 'value': '34143451-Y'}, 'picture': {'large': 'https://randomuser.me/api/portraits/women/51.jpg', 'medium': 'https://randomuser.me/api/portraits/med/women/51.jpg', 'thumbnail': 'https://randomuser.me/api/portraits/thumb/women/51.jpg'}, 'nat': 'ES'}</msg>
<arg>${json_data['results'][0]}</arg>
<doc>Logs the given message with the given level.</doc>
<status status="PASS" start="2024-05-03T07:13:25.741572" elapsed="0.000378"/>
</kw>
<kw name="Log" owner="BuiltIn">
<msg time="2024-05-03T07:13:25.742331" level="INFO">email</msg>
<arg>${key}</arg>
<doc>Logs the given message with the given level.</doc>
<status status="PASS" start="2024-05-03T07:13:25.742216" elapsed="0.000149"/>
</kw>
<var name="${key}">email</var>
<status status="PASS" start="2024-05-03T07:13:25.740819" elapsed="0.001800"/>
</iter>
<iter>
<kw name="Dictionary Should Contain Key" owner="Collections">
<msg time="2024-05-03T07:13:25.743290" level="INFO">False</msg>
<arg>${json_data['results'][0]}</arg>
<arg>${key}</arg>
<doc>Fails if ``key`` is not found from ``dictionary``.</doc>
<status status="PASS" start="2024-05-03T07:13:25.742902" elapsed="0.000426"/>
</kw>
<kw name="Log" owner="BuiltIn">
<msg time="2024-05-03T07:13:25.743957" level="INFO">{'gender': 'female', 'name': {'title': 'Mrs', 'first': 'Raquel', 'last': 'Herrera'}, 'location': {'street': {'number': 3725, 'name': 'Paseo de Extremadura'}, 'city': 'Alcalá de Henares', 'state': 'Melilla', 'country': 'Spain', 'postcode': 77031, 'coordinates': {'latitude': '-38.5365', 'longitude': '145.9098'}, 'timezone': {'offset': '+3:00', 'description': 'Baghdad, Riyadh, Moscow, St. Petersburg'}}, 'email': 'raquel.herrera@example.com', 'login': {'uuid': 'c6a85e0d-b4d5-486d-9644-046c8d38399a', 'username': 'goldenbear331', 'password': 'dakota1', 'salt': 'rZuFyZLy', 'md5': '13ae32d3014eb8cb596ef80a627a9641', 'sha1': '4e9276da57b3bed56c744ff7097f59507fd5d172', 'sha256': 'f67d473c1e9de71a63369385d73b7d6d2d343af8b597c59dde4189ca39f3c8d3'}, 'dob': {'date': '1966-02-24T19:35:21.721Z', 'age': 58}, 'registered': {'date': '2017-12-09T15:34:40.490Z', 'age': 6}, 'phone': '982-525-567', 'cell': '648-981-408', 'id': {'name': 'DNI', 'value': '34143451-Y'}, 'picture': {'large': 'https://randomuser.me/api/portraits/women/51.jpg', 'medium': 'https://randomuser.me/api/portraits/med/women/51.jpg', 'thumbnail': 'https://randomuser.me/api/portraits/thumb/women/51.jpg'}, 'nat': 'ES'}</msg>
<arg>${json_data['results'][0]}</arg>
<doc>Logs the given message with the given level.</doc>
<status status="PASS" start="2024-05-03T07:13:25.743620" elapsed="0.000382"/>
</kw>
<kw name="Log" owner="BuiltIn">
<msg time="2024-05-03T07:13:25.744390" level="INFO">login</msg>
<arg>${key}</arg>
<doc>Logs the given message with the given level.</doc>
<status status="PASS" start="2024-05-03T07:13:25.744274" elapsed="0.000181"/>
</kw>
<var name="${key}">login</var>
<status status="PASS" start="2024-05-03T07:13:25.742790" elapsed="0.001868"/>
</iter>
<var>${key}</var>
<value>@{expected_keys}</value>
<status status="PASS" start="2024-05-03T07:13:25.734734" elapsed="0.010036"/>
</for>
<kw name="Create List" owner="BuiltIn">
<msg time="2024-05-03T07:13:25.745083" level="INFO">${expected_keysTwo} = ['username', 'password']</msg>
<var>${expected_keysTwo}</var>
<arg>username</arg>
<arg>password</arg>
<doc>Returns a list containing given items.</doc>
<status status="PASS" start="2024-05-03T07:13:25.744943" elapsed="0.000163"/>
</kw>
<for flavor="IN">
<iter>
<kw name="Dictionary Should Contain Key" owner="Collections">
<msg time="2024-05-03T07:13:25.745929" level="INFO">False</msg>
<arg>${json_data['results'][0]['login']}</arg>
<arg>${keyTwo}</arg>
<doc>Fails if ``key`` is not found from ``dictionary``.</doc>
<status status="PASS" start="2024-05-03T07:13:25.745573" elapsed="0.000390"/>
</kw>
<kw name="Dictionary Should Contain Key" owner="Collections">
<msg time="2024-05-03T07:13:25.746636" level="INFO">False</msg>
<arg>${json_data['results'][0]['login']}</arg>
<arg>${keyTwo}</arg>
<doc>Fails if ``key`` is not found from ``dictionary``.</doc>
<status status="PASS" start="2024-05-03T07:13:25.746235" elapsed="0.000437"/>
</kw>
<kw name="Log" owner="BuiltIn">
<msg time="2024-05-03T07:13:25.747056" level="INFO">username</msg>
<arg>${keyTwo}</arg>
<doc>Logs the given message with the given level.</doc>
<status status="PASS" start="2024-05-03T07:13:25.746942" elapsed="0.000153"/>
</kw>
<var name="${keyTwo}">username</var>
<status status="PASS" start="2024-05-03T07:13:25.745472" elapsed="0.001822"/>
</iter>
<iter>
<kw name="Dictionary Should Contain Key" owner="Collections">
<msg time="2024-05-03T07:13:25.748039" level="INFO">False</msg>
<arg>${json_data['results'][0]['login']}</arg>
<arg>${keyTwo}</arg>
<doc>Fails if ``key`` is not found from ``dictionary``.</doc>
<status status="PASS" start="2024-05-03T07:13:25.747572" elapsed="0.000507"/>
</kw>
<kw name="Dictionary Should Contain Key" owner="Collections">
<msg time="2024-05-03T07:13:25.748734" level="INFO">False</msg>
<arg>${json_data['results'][0]['login']}</arg>
<arg>${keyTwo}</arg>
<doc>Fails if ``key`` is not found from ``dictionary``.</doc>
<status status="PASS" start="2024-05-03T07:13:25.748376" elapsed="0.000392"/>
</kw>
<kw name="Log" owner="BuiltIn">
<msg time="2024-05-03T07:13:25.749154" level="INFO">password</msg>
<arg>${keyTwo}</arg>
<doc>Logs the given message with the given level.</doc>
<status status="PASS" start="2024-05-03T07:13:25.749036" elapsed="0.000151"/>
</kw>
<var name="${keyTwo}">password</var>
<status status="PASS" start="2024-05-03T07:13:25.747463" elapsed="0.001923"/>
</iter>
<var>${keyTwo}</var>
<value>@{expected_keysTwo}</value>
<status status="PASS" start="2024-05-03T07:13:25.745333" elapsed="0.004163"/>
</for>
<status status="PASS" start="2024-05-03T07:13:25.454588" elapsed="0.295033"/>
</kw>
<doc>Testa a estrutura da resposta da API.</doc>
<tag>testeEstruturaResposta</tag>
<status status="PASS" start="2024-05-03T07:13:25.453965" elapsed="0.295789"/>
</test>
<test id="s1-s1-t4" name="Validar tipos de dados" line="28">
<kw name="Teste de Tipos de Dados" owner="random-user-service">
<kw name="GET On Session" owner="RequestsLibrary">
<msg time="2024-05-03T07:13:25.789804" level="INFO">GET Request : url=https://randomuser.me/api 
 path_url=/api 
 headers={'User-Agent': 'python-requests/2.31.0', 'Accept-Encoding': 'gzip, deflate', 'Accept': '*/*', 'Connection': 'keep-alive'} 
 body=None 
 </msg>
<msg time="2024-05-03T07:13:25.789887" level="INFO">GET Response : url=https://randomuser.me/api 
 status=200, reason=OK 
 headers={'Date': 'Fri, 03 May 2024 07:13:25 GMT', 'Content-Type': 'application/json; charset=utf-8', 'Transfer-Encoding': 'chunked', 'Connection': 'keep-alive', 'X-Powered-By': 'Express', 'Access-Control-Allow-Origin': '*', 'Cache-Control': 'no-cache', 'ETag': 'W/"499-6Y8v1k04W9QvN76FV71/BIS1+Ew"', 'Vary': 'Accept-Encoding', 'Content-Encoding': 'gzip', 'CF-Cache-Status': 'DYNAMIC', 'Report-To': '{"endpoints":[{"url":"https:\\/\\/a.nel.cloudflare.com\\/report\\/v4?s=h6Gr5RnNtkbRrq5L4Uu0pkQU4GTmmR9o19gujgxHLjwplrDThzo09HCt%2F0P53XpgMXVaA7PCe1%2BKLrzKZfAUiEYGEPlFhyFuuqfJ65H%2BhNnMFF9CyKXns5J1hgk8aEK5"}],"group":"cf-nel","max_age":604800}', 'NEL': '{"success_fraction":0,"report_to":"cf-nel","max_age":604800}', 'Server': 'cloudflare', 'CF-RAY': '87de72c7fe4d633f-ORD', 'alt-svc': 'h3=":443"; ma=86400'} 
 body={"results":[{"gender":"female","name":{"title":"Mrs","first":"Annelein","last":"Warnier"},"location":{"street":{"number":399,"name":"Blueslaan"},"city":"Kerkwerve","state":"Limburg","country":"Netherlands","postcode":"4545 KA","coordinates":{"latitude":"37.8750","longitude":"126.4096"},"timezone":{"offset":"+4:00","description":"Abu Dhabi, Muscat, Baku, Tbilisi"}},"email":"annelein.warnier@example.com","login":{"uuid":"0f6a0266-7e4f-45a2-8944-fd8a970447d0","username":"crazyzebra854","password":"doogie","salt":"3t8vQlFJ","md5":"69599c7bdbc050cb51240916fb8acc0a","sha1":"a0b8eb3f7f8e57a2dee852fd9d56d2e2a5426bd6","sha256":"d515d40284db2a7824058b1bfd6352d10667d34269c5029dbb32663b881043d8"},"dob":{"date":"1975-07-14T00:55:03.507Z","age":48},"registered":{"date":"2016-01-29T05:10:08.267Z","age":8},"phone":"(0578) 994381","cell":"(06) 61199123","id":{"name":"BSN","value":"78710371"},"picture":{"large":"https://randomuser.me/api/portraits/women/60.jpg","medium":"https://randomuser.me/api/portraits/med/women/60.jpg","thumbnail":"https://randomuser.me/api/portraits/thumb/women/60.jpg"},"nat":"NL"}],"info":{"seed":"b4ed91bd2d000cb7","results":1,"page":1,"version":"1.4"}} 
 </msg>
<msg time="2024-05-03T07:13:25.789959" level="INFO">/opt/hostedtoolcache/Python/3.12.3/x64/lib/python3.12/site-packages/urllib3/connectionpool.py:1103: InsecureRequestWarning: Unverified HTTPS request is being made to host 'randomuser.me'. Adding certificate verification is strongly advised. See: https://urllib3.readthedocs.io/en/latest/advanced-usage.html#tls-warnings
  warnings.warn(</msg>
<msg time="2024-05-03T07:13:25.790074" level="INFO">${response} = &lt;Response [200]&gt;</msg>
<var>${response}</var>
<arg>consultarAPI</arg>
<arg>/api</arg>
<doc>Sends a GET request on a previously created HTTP Session.</doc>
<status status="PASS" start="2024-05-03T07:13:25.752066" elapsed="0.038062"/>
</kw>
<kw name="Set Variable" owner="BuiltIn">
<msg time="2024-05-03T07:13:25.791491" level="INFO">${json_data} = {'results': [{'gender': 'female', 'name': {'title': 'Mrs', 'first': 'Annelein', 'last': 'Warnier'}, 'location': {'street': {'number': 399, 'name': 'Blueslaan'}, 'city': 'Kerkwerve', 'state': 'Limburg'...</msg>
<var>${json_data}</var>
<arg>${response.json()}</arg>
<doc>Returns the given values which can then be assigned to a variables.</doc>
<status status="PASS" start="2024-05-03T07:13:25.790806" elapsed="0.000713"/>
</kw>
<kw name="Log" owner="BuiltIn">
<msg time="2024-05-03T07:13:25.791974" level="INFO">{'results': [{'gender': 'female', 'name': {'title': 'Mrs', 'first': 'Annelein', 'last': 'Warnier'}, 'location': {'street': {'number': 399, 'name': 'Blueslaan'}, 'city': 'Kerkwerve', 'state': 'Limburg', 'country': 'Netherlands', 'postcode': '4545 KA', 'coordinates': {'latitude': '37.8750', 'longitude': '126.4096'}, 'timezone': {'offset': '+4:00', 'description': 'Abu Dhabi, Muscat, Baku, Tbilisi'}}, 'email': 'annelein.warnier@example.com', 'login': {'uuid': '0f6a0266-7e4f-45a2-8944-fd8a970447d0', 'username': 'crazyzebra854', 'password': 'doogie', 'salt': '3t8vQlFJ', 'md5': '69599c7bdbc050cb51240916fb8acc0a', 'sha1': 'a0b8eb3f7f8e57a2dee852fd9d56d2e2a5426bd6', 'sha256': 'd515d40284db2a7824058b1bfd6352d10667d34269c5029dbb32663b881043d8'}, 'dob': {'date': '1975-07-14T00:55:03.507Z', 'age': 48}, 'registered': {'date': '2016-01-29T05:10:08.267Z', 'age': 8}, 'phone': '(0578) 994381', 'cell': '(06) 61199123', 'id': {'name': 'BSN', 'value': '78710371'}, 'picture': {'large': 'https://randomuser.me/api/portraits/women/60.jpg', 'medium': 'https://randomuser.me/api/portraits/med/women/60.jpg', 'thumbnail': 'https://randomuser.me/api/portraits/thumb/women/60.jpg'}, 'nat': 'NL'}], 'info': {'seed': 'b4ed91bd2d000cb7', 'results': 1, 'page': 1, 'version': '1.4'}}</msg>
<arg>${json_data}</arg>
<doc>Logs the given message with the given level.</doc>
<status status="PASS" start="2024-05-03T07:13:25.791824" elapsed="0.000229"/>
</kw>
<kw name="Should Be String" owner="String">
<arg>${json_data['results'][0]['gender']}</arg>
<doc>Fails if the given ``item`` is not a string.</doc>
<status status="PASS" start="2024-05-03T07:13:25.792351" elapsed="0.000353"/>
</kw>
<kw name="Should Match Regexp" owner="BuiltIn">
<arg>${json_data['results'][0]['email']}</arg>
<arg>^[a-zA-Z0-9._%+-]+@[a-zA-Z0-9.-]+\.[a-zA-Z]{2,}$</arg>
<doc>Fails if ``string`` does not match ``pattern`` as a regular expression.</doc>
<status status="PASS" start="2024-05-03T07:13:25.792880" elapsed="0.000455"/>
</kw>
<kw name="Should Match Regexp" owner="BuiltIn">
<arg>${json_data['results'][0]['dob']['date']}</arg>
<arg>\\d{4}-\\d{2}-\\d{2}T\\d{2}:\\d{2}:\\d{2}\\.\\d{3}Z</arg>
<doc>Fails if ``string`` does not match ``pattern`` as a regular expression.</doc>
<status status="PASS" start="2024-05-03T07:13:25.793514" elapsed="0.000449"/>
</kw>
<kw name="Should Match Regexp" owner="BuiltIn">
<arg>${json_data['results'][0]['registered']['date']}</arg>
<arg>\\d{4}-\\d{2}-\\d{2}T\\d{2}:\\d{2}:\\d{2}\\.\\d{3}Z</arg>
<doc>Fails if ``string`` does not match ``pattern`` as a regular expression.</doc>
<status status="PASS" start="2024-05-03T07:13:25.794137" elapsed="0.000380"/>
</kw>
<kw name="Should Match Regexp" owner="BuiltIn">
<arg>${json_data['results'][0]['picture']['large']}</arg>
<arg>^https?://.*\.(?:png|jpe?g|gif|bmp)$</arg>
<doc>Fails if ``string`` does not match ``pattern`` as a regular expression.</doc>
<status status="PASS" start="2024-05-03T07:13:25.794696" elapsed="0.000425"/>
</kw>
<kw name="Should Match Regexp" owner="BuiltIn">
<arg>${json_data['results'][0]['picture']['medium']}</arg>
<arg>^https?://.*\.(?:png|jpe?g|gif|bmp)$</arg>
<doc>Fails if ``string`` does not match ``pattern`` as a regular expression.</doc>
<status status="PASS" start="2024-05-03T07:13:25.795291" elapsed="0.000321"/>
</kw>
<kw name="Should Match Regexp" owner="BuiltIn">
<arg>${json_data['results'][0]['picture']['thumbnail']}</arg>
<arg>^https?://.*\.(?:png|jpe?g|gif|bmp)$</arg>
<doc>Fails if ``string`` does not match ``pattern`` as a regular expression.</doc>
<status status="PASS" start="2024-05-03T07:13:25.795782" elapsed="0.000318"/>
</kw>
<kw name="Log" owner="BuiltIn">
<msg time="2024-05-03T07:13:25.796558" level="INFO">{'large': 'https://randomuser.me/api/portraits/women/60.jpg', 'medium': 'https://randomuser.me/api/portraits/med/women/60.jpg', 'thumbnail': 'https://randomuser.me/api/portraits/thumb/women/60.jpg'}</msg>
<arg>${json_data['results'][0]['picture']}</arg>
<doc>Logs the given message with the given level.</doc>
<status status="PASS" start="2024-05-03T07:13:25.796264" elapsed="0.000331"/>
</kw>
<status status="PASS" start="2024-05-03T07:13:25.751861" elapsed="0.044966"/>
</kw>
<kw name="Teste de Tipos de Dados - Postcode" owner="random-user-service">
<kw name="GET On Session" owner="RequestsLibrary">
<msg time="2024-05-03T07:13:26.055135" level="INFO">GET Request : url=https://randomuser.me/api 
 path_url=/api 
 headers={'User-Agent': 'python-requests/2.31.0', 'Accept-Encoding': 'gzip, deflate', 'Accept': '*/*', 'Connection': 'keep-alive'} 
 body=None 
 </msg>
<msg time="2024-05-03T07:13:26.055232" level="INFO">GET Response : url=https://randomuser.me/api 
 status=200, reason=OK 
 headers={'Date': 'Fri, 03 May 2024 07:13:26 GMT', 'Content-Type': 'application/json; charset=utf-8', 'Transfer-Encoding': 'chunked', 'Connection': 'keep-alive', 'X-Powered-By': 'Express', 'Access-Control-Allow-Origin': '*', 'Cache-Control': 'no-cache', 'ETag': 'W/"467-lNWrohCutoCFX2Kx4U7NmSCwGg8"', 'Vary': 'Accept-Encoding', 'Content-Encoding': 'gzip', 'CF-Cache-Status': 'DYNAMIC', 'Report-To': '{"endpoints":[{"url":"https:\\/\\/a.nel.cloudflare.com\\/report\\/v4?s=sgN%2F9ZhMFkkAPzYd9dZPls75VKujUcSNXIcMA8NmEa40sU0tGYx9rb6FLWLt%2BTPwu4r54h9%2F71Jbq8%2FNBa3en%2FiIMSYOYuit1l32yf6VtK4h4hJBp8e2D8DnP15dUf4e"}],"group":"cf-nel","max_age":604800}', 'NEL': '{"success_fraction":0,"report_to":"cf-nel","max_age":604800}', 'Server': 'cloudflare', 'CF-RAY': '87de72c83e79633f-ORD', 'alt-svc': 'h3=":443"; ma=86400'} 
 body={"results":[{"gender":"male","name":{"title":"Mr","first":"Harry","last":"Taylor"},"location":{"street":{"number":30,"name":"Evans Street"},"city":"Lower Hutt","state":"Canterbury","country":"New Zealand","postcode":31821,"coordinates":{"latitude":"51.9855","longitude":"-96.3238"},"timezone":{"offset":"+4:30","description":"Kabul"}},"email":"harry.taylor@example.com","login":{"uuid":"6aa04623-61b9-4806-81f4-7210a3c1071f","username":"whiteelephant499","password":"asdf","salt":"yfRJHaxW","md5":"7c840ff4134809f8996337280dfd48cf","sha1":"dd6b5794fac9298eb78d0361be7cf0f4b650fb23","sha256":"f2fc6cf7e611331e602639268587131587485f26e1a5a1e1162675df78b1c2eb"},"dob":{"date":"1952-03-11T20:14:24.081Z","age":72},"registered":{"date":"2003-07-06T23:15:19.294Z","age":20},"phone":"(627)-004-0955","cell":"(960)-971-2223","id":{"name":"","value":null},"picture":{"large":"https://randomuser.me/api/portraits/men/5.jpg","medium":"https://randomuser.me/api/portraits/med/men/5.jpg","thumbnail":"https://randomuser.me/api/portraits/thumb/men/5.jpg"},"nat":"NZ"}],"info":{"seed":"b568e1e4348d3f75","results":1,"page":1,"version":"1.4"}} 
 </msg>
<msg time="2024-05-03T07:13:26.055315" level="INFO">/opt/hostedtoolcache/Python/3.12.3/x64/lib/python3.12/site-packages/urllib3/connectionpool.py:1103: InsecureRequestWarning: Unverified HTTPS request is being made to host 'randomuser.me'. Adding certificate verification is strongly advised. See: https://urllib3.readthedocs.io/en/latest/advanced-usage.html#tls-warnings
  warnings.warn(</msg>
<msg time="2024-05-03T07:13:26.055445" level="INFO">${response} = &lt;Response [200]&gt;</msg>
<var>${response}</var>
<arg>consultarAPI</arg>
<arg>/api</arg>
<doc>Sends a GET request on a previously created HTTP Session.</doc>
<status status="PASS" start="2024-05-03T07:13:25.797219" elapsed="0.258270"/>
</kw>
<kw name="Set Variable" owner="BuiltIn">
<msg time="2024-05-03T07:13:26.056424" level="INFO">${json_data} = {'results': [{'gender': 'male', 'name': {'title': 'Mr', 'first': 'Harry', 'last': 'Taylor'}, 'location': {'street': {'number': 30, 'name': 'Evans Street'}, 'city': 'Lower Hutt', 'state': 'Canterbury',...</msg>
<var>${json_data}</var>
<arg>${response.json()}</arg>
<doc>Returns the given values which can then be assigned to a variables.</doc>
<status status="PASS" start="2024-05-03T07:13:26.055908" elapsed="0.000541"/>
</kw>
<kw name="Log" owner="BuiltIn">
<msg time="2024-05-03T07:13:26.056866" level="INFO">{'results': [{'gender': 'male', 'name': {'title': 'Mr', 'first': 'Harry', 'last': 'Taylor'}, 'location': {'street': {'number': 30, 'name': 'Evans Street'}, 'city': 'Lower Hutt', 'state': 'Canterbury', 'country': 'New Zealand', 'postcode': 31821, 'coordinates': {'latitude': '51.9855', 'longitude': '-96.3238'}, 'timezone': {'offset': '+4:30', 'description': 'Kabul'}}, 'email': 'harry.taylor@example.com', 'login': {'uuid': '6aa04623-61b9-4806-81f4-7210a3c1071f', 'username': 'whiteelephant499', 'password': 'asdf', 'salt': 'yfRJHaxW', 'md5': '7c840ff4134809f8996337280dfd48cf', 'sha1': 'dd6b5794fac9298eb78d0361be7cf0f4b650fb23', 'sha256': 'f2fc6cf7e611331e602639268587131587485f26e1a5a1e1162675df78b1c2eb'}, 'dob': {'date': '1952-03-11T20:14:24.081Z', 'age': 72}, 'registered': {'date': '2003-07-06T23:15:19.294Z', 'age': 20}, 'phone': '(627)-004-0955', 'cell': '(960)-971-2223', 'id': {'name': '', 'value': None}, 'picture': {'large': 'https://randomuser.me/api/portraits/men/5.jpg', 'medium': 'https://randomuser.me/api/portraits/med/men/5.jpg', 'thumbnail': 'https://randomuser.me/api/portraits/thumb/men/5.jpg'}, 'nat': 'NZ'}], 'info': {'seed': 'b568e1e4348d3f75', 'results': 1, 'page': 1, 'version': '1.4'}}</msg>
<arg>${json_data}</arg>
<doc>Logs the given message with the given level.</doc>
<status status="PASS" start="2024-05-03T07:13:26.056727" elapsed="0.000212"/>
</kw>
<kw name="Should Be Equal As Numbers" owner="BuiltIn">
<arg>${json_data['results'][0]['location']['postcode']}</arg>
<arg>${json_data['results'][0]['location']['postcode']}</arg>
<doc>Fails if objects are unequal after converting them to real numbers.</doc>
<status status="PASS" start="2024-05-03T07:13:26.057368" elapsed="0.000613"/>
</kw>
<kw name="Log" owner="BuiltIn">
<msg time="2024-05-03T07:13:26.058516" level="INFO">31821</msg>
<arg>${json_data['results'][0]['location']['postcode']}</arg>
<doc>Logs the given message with the given level.</doc>
<status status="PASS" start="2024-05-03T07:13:26.058165" elapsed="0.000400"/>
</kw>
<status status="PASS" start="2024-05-03T07:13:25.797020" elapsed="0.261797"/>
</kw>
<doc>Testa se os tipos de dados na resposta da API estão corretos.</doc>
<tag>testeTiposDados</tag>
<status status="PASS" start="2024-05-03T07:13:25.751371" elapsed="0.307601"/>
</test>
<test id="s1-s1-t5" name="Validar conteudo" line="35">
<kw name="Teste de Tipos de Conteudo" owner="random-user-service">
<kw name="GET On Session" owner="RequestsLibrary">
<msg time="2024-05-03T07:13:26.101527" level="INFO">GET Request : url=https://randomuser.me/api 
 path_url=/api 
 headers={'User-Agent': 'python-requests/2.31.0', 'Accept-Encoding': 'gzip, deflate', 'Accept': '*/*', 'Connection': 'keep-alive'} 
 body=None 
 </msg>
<msg time="2024-05-03T07:13:26.101624" level="INFO">GET Response : url=https://randomuser.me/api 
 status=200, reason=OK 
 headers={'Date': 'Fri, 03 May 2024 07:13:26 GMT', 'Content-Type': 'application/json; charset=utf-8', 'Transfer-Encoding': 'chunked', 'Connection': 'keep-alive', 'X-Powered-By': 'Express', 'Access-Control-Allow-Origin': '*', 'Cache-Control': 'no-cache', 'ETag': 'W/"48b-O3CKk+z5Dwc/da45VuVBOLg3R5Y"', 'Vary': 'Accept-Encoding', 'Content-Encoding': 'gzip', 'CF-Cache-Status': 'DYNAMIC', 'Report-To': '{"endpoints":[{"url":"https:\\/\\/a.nel.cloudflare.com\\/report\\/v4?s=EoUtAZb0vO1kt7wOx28EWGqjvFXJwHyPmV3pBkaHYbNjt51c%2B%2B6XzH%2FEu0ZTE1mpwcUlFJ4jdM3gR%2Ba5drPZ4Qo0JmbDjP0VRgzoQXroZ3X2E7ew5tn5Nmtsq2Rl%2BVWq"}],"group":"cf-nel","max_age":604800}', 'NEL': '{"success_fraction":0,"report_to":"cf-nel","max_age":604800}', 'Server': 'cloudflare', 'CF-RAY': '87de72c9ef27633f-ORD', 'alt-svc': 'h3=":443"; ma=86400'} 
 body={"results":[{"gender":"female","name":{"title":"Ms","first":"Krasunya","last":"Kilimnik"},"location":{"street":{"number":1571,"name":"Viri, Nadiyi, Lyubovi"},"city":"Izmayil","state":"Odeska","country":"Ukraine","postcode":96058,"coordinates":{"latitude":"74.6974","longitude":"85.7581"},"timezone":{"offset":"+7:00","description":"Bangkok, Hanoi, Jakarta"}},"email":"krasunya.kilimnik@example.com","login":{"uuid":"66dd2259-fe4b-4062-95b3-1c2eec7c5add","username":"brownbird792","password":"pirates","salt":"4sTdxl3t","md5":"c63d4321221f0852ec1055fc24323dd3","sha1":"50176f34c4265ffe11e555a234487357c70dc6da","sha256":"222b4e3f54652f2d9c621b4d527accda6d861bbf43939f13f64a9cf2e96520cd"},"dob":{"date":"1953-10-04T03:55:08.994Z","age":70},"registered":{"date":"2020-07-07T22:08:26.912Z","age":3},"phone":"(098) M73-6886","cell":"(066) R94-8757","id":{"name":"","value":null},"picture":{"large":"https://randomuser.me/api/portraits/women/89.jpg","medium":"https://randomuser.me/api/portraits/med/women/89.jpg","thumbnail":"https://randomuser.me/api/portraits/thumb/women/89.jpg"},"nat":"UA"}],"info":{"seed":"85a1d9c63156e09a","results":1,"page":1,"version":"1.4"}} 
 </msg>
<msg time="2024-05-03T07:13:26.101685" level="INFO">/opt/hostedtoolcache/Python/3.12.3/x64/lib/python3.12/site-packages/urllib3/connectionpool.py:1103: InsecureRequestWarning: Unverified HTTPS request is being made to host 'randomuser.me'. Adding certificate verification is strongly advised. See: https://urllib3.readthedocs.io/en/latest/advanced-usage.html#tls-warnings
  warnings.warn(</msg>
<msg time="2024-05-03T07:13:26.101772" level="INFO">${response} = &lt;Response [200]&gt;</msg>
<var>${response}</var>
<arg>consultarAPI</arg>
<arg>/api</arg>
<doc>Sends a GET request on a previously created HTTP Session.</doc>
<status status="PASS" start="2024-05-03T07:13:26.061278" elapsed="0.040535"/>
</kw>
<kw name="Set Variable" owner="BuiltIn">
<msg time="2024-05-03T07:13:26.102826" level="INFO">${json_data} = {'results': [{'gender': 'female', 'name': {'title': 'Ms', 'first': 'Krasunya', 'last': 'Kilimnik'}, 'location': {'street': {'number': 1571, 'name': 'Viri, Nadiyi, Lyubovi'}, 'city': 'Izmayil', 'state'...</msg>
<var>${json_data}</var>
<arg>${response.json()}</arg>
<doc>Returns the given values which can then be assigned to a variables.</doc>
<status status="PASS" start="2024-05-03T07:13:26.102249" elapsed="0.000605"/>
</kw>
<kw name="Set Variable" owner="BuiltIn">
<msg time="2024-05-03T07:13:26.103545" level="INFO">${name_title} = Ms</msg>
<var>${name_title}</var>
<arg>${json_data["results"][0]["name"]["title"]}</arg>
<doc>Returns the given values which can then be assigned to a variables.</doc>
<status status="PASS" start="2024-05-03T07:13:26.103161" elapsed="0.000409"/>
</kw>
<kw name="Create List" owner="BuiltIn">
<msg time="2024-05-03T07:13:26.104008" level="INFO">${allowed_titles} = ['Mr', 'Ms', 'Miss', 'Mrs', 'Madame', 'Monsieur']</msg>
<var>${allowed_titles}</var>
<arg>Mr</arg>
<arg>Ms</arg>
<arg>Miss</arg>
<arg>Mrs</arg>
<arg>Madame</arg>
<arg>Monsieur</arg>
<doc>Returns a list containing given items.</doc>
<status status="PASS" start="2024-05-03T07:13:26.103863" elapsed="0.000169"/>
</kw>
<kw name="List Should Contain Value" owner="Collections">
<msg time="2024-05-03T07:13:26.104493" level="INFO">False</msg>
<arg>${allowed_titles}</arg>
<arg>${name_title}</arg>
<doc>Fails if the ``value`` is not found from ``list``.</doc>
<status status="PASS" start="2024-05-03T07:13:26.104327" elapsed="0.000202"/>
</kw>
<kw name="Set Variable" owner="BuiltIn">
<msg time="2024-05-03T07:13:26.105193" level="INFO">${name_country} = UA</msg>
<var>${name_country}</var>
<arg>${json_data["results"][0]["nat"]}</arg>
<doc>Returns the given values which can then be assigned to a variables.</doc>
<status status="PASS" start="2024-05-03T07:13:26.104821" elapsed="0.000397"/>
</kw>
<kw name="Create List" owner="BuiltIn">
<msg time="2024-05-03T07:13:26.106092" level="INFO">${list_country} = ['AD', 'AE', 'AF', 'AG', 'AI', 'AL', 'AM', 'AO', 'AQ', 'AR', 'AS', 'AT', 'AU', 'AW', 'AX', 'AZ', 'BA', 'BB', 'BD', 'BE', 'BF', 'BG', 'BH', 'BI', 'BJ', 'BL', 'BM', 'BN', 'BO', 'BQ', 'BR', 'BS', 'BT', '...</msg>
<var>${list_country}</var>
<arg>AD</arg>
<arg>AE</arg>
<arg>AF</arg>
<arg>AG</arg>
<arg>AI</arg>
<arg>AL</arg>
<arg>AM</arg>
<arg>AO</arg>
<arg>AQ</arg>
<arg>AR</arg>
<arg>AS</arg>
<arg>AT</arg>
<arg>AU</arg>
<arg>AW</arg>
<arg>AX</arg>
<arg>AZ</arg>
<arg>BA</arg>
<arg>BB</arg>
<arg>BD</arg>
<arg>BE</arg>
<arg>BF</arg>
<arg>BG</arg>
<arg>BH</arg>
<arg>BI</arg>
<arg>BJ</arg>
<arg>BL</arg>
<arg>BM</arg>
<arg>BN</arg>
<arg>BO</arg>
<arg>BQ</arg>
<arg>BR</arg>
<arg>BS</arg>
<arg>BT</arg>
<arg>BV</arg>
<arg>BW</arg>
<arg>BY</arg>
<arg>BZ</arg>
<arg>CA</arg>
<arg>CC</arg>
<arg>CD</arg>
<arg>CF</arg>
<arg>CG</arg>
<arg>CH</arg>
<arg>CI</arg>
<arg>CK</arg>
<arg>CL</arg>
<arg>CM</arg>
<arg>CN</arg>
<arg>CO</arg>
<arg>CR</arg>
<arg>CU</arg>
<arg>CV</arg>
<arg>CW</arg>
<arg>CX</arg>
<arg>CY</arg>
<arg>CZ</arg>
<arg>DE</arg>
<arg>DJ</arg>
<arg>DK</arg>
<arg>DM</arg>
<arg>DO</arg>
<arg>DZ</arg>
<arg>EC</arg>
<arg>EE</arg>
<arg>EG</arg>
<arg>EH</arg>
<arg>ER</arg>
<arg>ES</arg>
<arg>ET</arg>
<arg>FI</arg>
<arg>FJ</arg>
<arg>FK</arg>
<arg>FM</arg>
<arg>FO</arg>
<arg>FR</arg>
<arg>GA</arg>
<arg>GB</arg>
<arg>GD</arg>
<arg>GE</arg>
<arg>GF</arg>
<arg>GG</arg>
<arg>GH</arg>
<arg>GI</arg>
<arg>GL</arg>
<arg>GM</arg>
<arg>GN</arg>
<arg>GP</arg>
<arg>GQ</arg>
<arg>GR</arg>
<arg>GS</arg>
<arg>GT</arg>
<arg>GU</arg>
<arg>GW</arg>
<arg>GY</arg>
<arg>HK</arg>
<arg>HM</arg>
<arg>HN</arg>
<arg>HR</arg>
<arg>HT</arg>
<arg>HU</arg>
<arg>ID</arg>
<arg>IE</arg>
<arg>IL</arg>
<arg>IM</arg>
<arg>IN</arg>
<arg>IO</arg>
<arg>IQ</arg>
<arg>IR</arg>
<arg>IS</arg>
<arg>IT</arg>
<arg>JE</arg>
<arg>JM</arg>
<arg>JO</arg>
<arg>JP</arg>
<arg>KE</arg>
<arg>KG</arg>
<arg>KH</arg>
<arg>KI</arg>
<arg>KM</arg>
<arg>KN</arg>
<arg>KP</arg>
<arg>KR</arg>
<arg>KW</arg>
<arg>KY</arg>
<arg>KZ</arg>
<arg>LA</arg>
<arg>LB</arg>
<arg>LC</arg>
<arg>LI</arg>
<arg>LK</arg>
<arg>LR</arg>
<arg>LS</arg>
<arg>LT</arg>
<arg>LU</arg>
<arg>LV</arg>
<arg>LY</arg>
<arg>MA</arg>
<arg>MC</arg>
<arg>MD</arg>
<arg>ME</arg>
<arg>MF</arg>
<arg>MG</arg>
<arg>MH</arg>
<arg>MK</arg>
<arg>ML</arg>
<arg>MM</arg>
<arg>MN</arg>
<arg>MO</arg>
<arg>MP</arg>
<arg>MQ</arg>
<arg>MR</arg>
<arg>MS</arg>
<arg>MT</arg>
<arg>MU</arg>
<arg>MV</arg>
<arg>MW</arg>
<arg>MX</arg>
<arg>MY</arg>
<arg>MZ</arg>
<arg>NA</arg>
<arg>NC</arg>
<arg>NE</arg>
<arg>NF</arg>
<arg>NG</arg>
<arg>NI</arg>
<arg>NL</arg>
<arg>NO</arg>
<arg>NP</arg>
<arg>NR</arg>
<arg>NU</arg>
<arg>NZ</arg>
<arg>OM</arg>
<arg>PA</arg>
<arg>PE</arg>
<arg>PF</arg>
<arg>PG</arg>
<arg>PH</arg>
<arg>PK</arg>
<arg>PL</arg>
<arg>PM</arg>
<arg>PN</arg>
<arg>PR</arg>
<arg>PS</arg>
<arg>PT</arg>
<arg>PW</arg>
<arg>PY</arg>
<arg>QA</arg>
<arg>RE</arg>
<arg>RO</arg>
<arg>RS</arg>
<arg>RU</arg>
<arg>RW</arg>
<arg>SA</arg>
<arg>SB</arg>
<arg>SC</arg>
<arg>SD</arg>
<arg>SE</arg>
<arg>SG</arg>
<arg>SH</arg>
<arg>SI</arg>
<arg>SJ</arg>
<arg>SK</arg>
<arg>SL</arg>
<arg>SM</arg>
<arg>SN</arg>
<arg>SO</arg>
<arg>SR</arg>
<arg>SS</arg>
<arg>ST</arg>
<arg>SV</arg>
<arg>SX</arg>
<arg>SY</arg>
<arg>SZ</arg>
<arg>TC</arg>
<arg>TD</arg>
<arg>TF</arg>
<arg>TG</arg>
<arg>TH</arg>
<arg>TJ</arg>
<arg>TK</arg>
<arg>TL</arg>
<arg>TM</arg>
<arg>TN</arg>
<arg>TO</arg>
<arg>TR</arg>
<arg>TT</arg>
<arg>TV</arg>
<arg>TW</arg>
<arg>TZ</arg>
<arg>UA</arg>
<arg>UG</arg>
<arg>UM</arg>
<arg>US</arg>
<arg>UY</arg>
<arg>UZ</arg>
<arg>VA</arg>
<arg>VC</arg>
<arg>VE</arg>
<arg>VG</arg>
<arg>VI</arg>
<arg>VN</arg>
<arg>VU</arg>
<arg>WF</arg>
<arg>WS</arg>
<arg>XK</arg>
<arg>YE</arg>
<arg>YT</arg>
<arg>ZA</arg>
<arg>ZM</arg>
<arg>ZW</arg>
<doc>Returns a list containing given items.</doc>
<status status="PASS" start="2024-05-03T07:13:26.105514" elapsed="0.000602"/>
</kw>
<kw name="List Should Contain Value" owner="Collections">
<msg time="2024-05-03T07:13:26.107136" level="INFO">False</msg>
<arg>${list_country}</arg>
<arg>${name_country}</arg>
<doc>Fails if the ``value`` is not found from ``list``.</doc>
<status status="PASS" start="2024-05-03T07:13:26.106935" elapsed="0.000238"/>
</kw>
<kw name="Run Keyword If" owner="BuiltIn">
<kw name="Should Be True" owner="BuiltIn">
<arg>${True}</arg>
<doc>Fails if the given condition is not true.</doc>
<status status="PASS" start="2024-05-03T07:13:26.108215" elapsed="0.000239"/>
</kw>
<arg>${json_data["results"][0]["location"]["coordinates"]["latitude"]} &gt;= -90 and ${json_data["results"][0]["location"]["coordinates"]["latitude"]} &lt;= 90</arg>
<arg>Should Be True</arg>
<arg>${True}</arg>
<doc>Runs the given keyword with the given arguments, if ``condition`` is true.</doc>
<status status="PASS" start="2024-05-03T07:13:26.107481" elapsed="0.001110"/>
</kw>
<kw name="Run Keyword If" owner="BuiltIn">
<kw name="Should Be True" owner="BuiltIn">
<arg>${True}</arg>
<doc>Fails if the given condition is not true.</doc>
<status status="PASS" start="2024-05-03T07:13:26.109483" elapsed="0.000137"/>
</kw>
<arg>${json_data["results"][0]["location"]["coordinates"]["longitude"]} &gt;= -180 and ${json_data["results"][0]["location"]["coordinates"]["longitude"]} &lt;= 180</arg>
<arg>Should Be True</arg>
<arg>${True}</arg>
<doc>Runs the given keyword with the given arguments, if ``condition`` is true.</doc>
<status status="PASS" start="2024-05-03T07:13:26.108780" elapsed="0.000960"/>
</kw>
<status status="PASS" start="2024-05-03T07:13:26.061078" elapsed="0.048789"/>
</kw>
<doc>Testa o conteúdo específico dos campos retornados pela API.</doc>
<tag>testeConteudo</tag>
<status status="PASS" start="2024-05-03T07:13:26.060624" elapsed="0.049382"/>
</test>
<status status="PASS" start="2024-05-03T07:13:24.938911" elapsed="1.173049"/>
</suite>
<status status="PASS" start="2024-05-03T07:13:24.926312" elapsed="1.190749"/>
</suite>
<statistics>
<total>
<stat pass="5" fail="0" skip="0">All Tests</stat>
</total>
<tag>
<stat pass="1" fail="0" skip="0">testeConteudo</stat>
<stat pass="1" fail="0" skip="0">testeEstruturaResposta</stat>
<stat pass="1" fail="0" skip="0">testeRequisicaoBasica</stat>
<stat pass="1" fail="0" skip="0">testeTiposDados</stat>
</tag>
<suite>
<stat pass="5" fail="0" skip="0" id="s1" name="Tests">Tests</stat>
<stat pass="5" fail="0" skip="0" id="s1-s1" name="Random-User-Test">Tests.Random-User-Test</stat>
</suite>
</statistics>
<errors>
</errors>
</robot>
