<?xml version="1.0" encoding="UTF-8"?>
<robot generator="Robot 7.0.1 (Python 3.12.4 on linux)" generated="2024-06-27T13:17:24.972847" rpa="false" schemaversion="5">
<suite id="s1" name="Tests" source="/home/runner/work/ApiRandomUser/ApiRandomUser/RamdonUser/tests">
<suite id="s1-s1" name="Random-User-Test" source="/home/runner/work/ApiRandomUser/ApiRandomUser/RamdonUser/tests/random-user-test.robot">
<test id="s1-s1-t1" name="Conectar" line="13">
<kw name="Conectar API" owner="random-user-service">
<kw name="Create Session" owner="RequestsLibrary">
<msg time="2024-06-27T13:17:25.370449" level="INFO">Creating Session using : alias=consultarAPI, url=https://randomuser.me/, headers={},                     cookies={}, auth=None, timeout=None, proxies=None, verify=False,                     debug=0 </msg>
<arg>consultarAPI</arg>
<arg>${URL}</arg>
<doc>Create Session: create a HTTP session to a server</doc>
<status status="PASS" start="2024-06-27T13:17:25.370235" elapsed="0.000404"/>
</kw>
<status status="PASS" start="2024-06-27T13:17:25.369276" elapsed="0.001727"/>
</kw>
<status status="PASS" start="2024-06-27T13:17:25.368647" elapsed="0.002547"/>
</test>
<test id="s1-s1-t2" name="Validar retorno 200 e JSON Válido" line="16">
<kw name="Teste de Requisicao Basica" owner="random-user-service">
<kw name="GET On Session" owner="RequestsLibrary">
<msg time="2024-06-27T13:17:25.566379" level="INFO">GET Request : url=https://randomuser.me/api 
 path_url=/api 
 headers={'User-Agent': 'python-requests/2.32.3', 'Accept-Encoding': 'gzip, deflate', 'Accept': '*/*', 'Connection': 'keep-alive'} 
 body=None 
 </msg>
<msg time="2024-06-27T13:17:25.566529" level="INFO">GET Response : url=https://randomuser.me/api 
 status=200, reason=OK 
 headers={'Date': 'Thu, 27 Jun 2024 13:17:25 GMT', 'Content-Type': 'application/json; charset=utf-8', 'Transfer-Encoding': 'chunked', 'Connection': 'keep-alive', 'X-Powered-By': 'Express', 'Access-Control-Allow-Origin': '*', 'Cache-Control': 'no-cache', 'ETag': 'W/"48a-Sfw/tks3bT7+9UBEWQwNw8XXO94"', 'Vary': 'Accept-Encoding', 'Content-Encoding': 'gzip', 'CF-Cache-Status': 'DYNAMIC', 'Report-To': '{"endpoints":[{"url":"https:\\/\\/a.nel.cloudflare.com\\/report\\/v4?s=LavU58pusxoAc02zaLXk0aigw0Di82pkqR%2BkZGUFSnW6KRbwo4iimBtnh%2F3aub1TaEg70P%2FTQJqUWChBOSL%2BYirq1%2BRD07gnQCc8Ec2k16K7iyD%2Bx%2Fb6n7x4Hc4pdjpr"}],"group":"cf-nel","max_age":604800}', 'NEL': '{"success_fraction":0,"report_to":"cf-nel","max_age":604800}', 'Server': 'cloudflare', 'CF-RAY': '89a5b79a8a5c07bc-IAD', 'alt-svc': 'h3=":443"; ma=86400'} 
 body={"results":[{"gender":"male","name":{"title":"Mr","first":"Jovanni","last":"Karels"},"location":{"street":{"number":4172,"name":"Essenrode"},"city":"Enspijk","state":"Noord-Brabant","country":"Netherlands","postcode":"3558 KB","coordinates":{"latitude":"30.3942","longitude":"-52.1247"},"timezone":{"offset":"-12:00","description":"Eniwetok, Kwajalein"}},"email":"jovanni.karels@example.com","login":{"uuid":"75068388-eabb-4d28-87e9-784e7c66c06c","username":"whitemeercat539","password":"juliette","salt":"3OTQZlII","md5":"d83d4c7a4aca1243e74e57b0cbea961d","sha1":"118e8a95f071ae21e21e9133b0ec774ba1d1c1cb","sha256":"abca46d1102f849aeafaf79bb8968c9abc3535c3c5974efb91c4317a3fb31acd"},"dob":{"date":"1975-11-05T00:32:57.862Z","age":48},"registered":{"date":"2007-07-15T18:20:55.937Z","age":16},"phone":"(047) 4370476","cell":"(06) 96818940","id":{"name":"BSN","value":"97145232"},"picture":{"large":"https://randomuser.me/api/portraits/men/91.jpg","medium":"https://randomuser.me/api/portraits/med/men/91.jpg","thumbnail":"https://randomuser.me/api/portraits/thumb/men/91.jpg"},"nat":"NL"}],"info":{"seed":"036c6eb12abed9be","results":1,"page":1,"version":"1.4"}} 
 </msg>
<msg time="2024-06-27T13:17:25.566620" level="INFO">/opt/hostedtoolcache/Python/3.12.4/x64/lib/python3.12/site-packages/urllib3/connectionpool.py:1099: InsecureRequestWarning: Unverified HTTPS request is being made to host 'randomuser.me'. Adding certificate verification is strongly advised. See: https://urllib3.readthedocs.io/en/latest/advanced-usage.html#tls-warnings
  warnings.warn(</msg>
<msg time="2024-06-27T13:17:25.566784" level="INFO">${response} = &lt;Response [200]&gt;</msg>
<var>${response}</var>
<arg>consultarAPI</arg>
<arg>/api</arg>
<doc>Sends a GET request on a previously created HTTP Session.</doc>
<status status="PASS" start="2024-06-27T13:17:25.373863" elapsed="0.192974"/>
</kw>
<kw name="Should Be Equal As Numbers" owner="BuiltIn">
<msg time="2024-06-27T13:17:25.568075" level="INFO">Argument types are:
&lt;class 'int'&gt;
&lt;class 'str'&gt;</msg>
<arg>${response.status_code}</arg>
<arg>200</arg>
<doc>Fails if objects are unequal after converting them to real numbers.</doc>
<status status="PASS" start="2024-06-27T13:17:25.567533" elapsed="0.000608"/>
</kw>
<kw name="Log" owner="BuiltIn">
<msg time="2024-06-27T13:17:25.568818" level="INFO">200</msg>
<arg>${response.status_code}</arg>
<doc>Logs the given message with the given level.</doc>
<status status="PASS" start="2024-06-27T13:17:25.568459" elapsed="0.000403"/>
</kw>
<kw name="Set Variable" owner="BuiltIn">
<msg time="2024-06-27T13:17:25.569648" level="INFO">${json_data} = {'results': [{'gender': 'male', 'name': {'title': 'Mr', 'first': 'Jovanni', 'last': 'Karels'}, 'location': {'street': {'number': 4172, 'name': 'Essenrode'}, 'city': 'Enspijk', 'state': 'Noord-Brabant'...</msg>
<var>${json_data}</var>
<arg>${response.json()}</arg>
<doc>Returns the given values which can then be assigned to a variables.</doc>
<status status="PASS" start="2024-06-27T13:17:25.569193" elapsed="0.000485"/>
</kw>
<kw name="Dictionary Should Contain Key" owner="Collections">
<arg>${json_data}</arg>
<arg>results</arg>
<doc>Fails if ``key`` is not found from ``dictionary``.</doc>
<status status="PASS" start="2024-06-27T13:17:25.570001" elapsed="0.000166"/>
</kw>
<status status="PASS" start="2024-06-27T13:17:25.373620" elapsed="0.196696"/>
</kw>
<doc>Testa se a API responde corretamente e retorna um objeto JSON válido.</doc>
<tag>testeRequisicaoBasica</tag>
<status status="PASS" start="2024-06-27T13:17:25.373075" elapsed="0.197415"/>
</test>
<test id="s1-s1-t3" name="Validar estrutura de resposta" line="22">
<kw name="Teste de Estrutura de Resposta" owner="random-user-service">
<kw name="GET On Session" owner="RequestsLibrary">
<msg time="2024-06-27T13:17:25.676304" level="INFO">GET Request : url=https://randomuser.me/api 
 path_url=/api 
 headers={'User-Agent': 'python-requests/2.32.3', 'Accept-Encoding': 'gzip, deflate', 'Accept': '*/*', 'Connection': 'keep-alive'} 
 body=None 
 </msg>
<msg time="2024-06-27T13:17:25.676374" level="INFO">GET Response : url=https://randomuser.me/api 
 status=200, reason=OK 
 headers={'Date': 'Thu, 27 Jun 2024 13:17:25 GMT', 'Content-Type': 'application/json; charset=utf-8', 'Transfer-Encoding': 'chunked', 'Connection': 'keep-alive', 'X-Powered-By': 'Express', 'Access-Control-Allow-Origin': '*', 'Cache-Control': 'no-cache', 'ETag': 'W/"4a5-tfXcoD5rZvCyg7uFAihgLneZ3QE"', 'Vary': 'Accept-Encoding', 'Content-Encoding': 'gzip', 'CF-Cache-Status': 'DYNAMIC', 'Report-To': '{"endpoints":[{"url":"https:\\/\\/a.nel.cloudflare.com\\/report\\/v4?s=ORYde%2Fxk%2FnYb1V%2FkDQCATnZX7eZbRpgaL5F0fwilWTIqH2niN15sHIdyw2BoN51nZj0yQvt3c8QY8%2BrUMP8jVzUWoOvc1%2Bv14AXLIxSabhwsEeumPYzRq%2Bs%2BY1mDb9F%2B"}],"group":"cf-nel","max_age":604800}', 'NEL': '{"success_fraction":0,"report_to":"cf-nel","max_age":604800}', 'Server': 'cloudflare', 'CF-RAY': '89a5b79adac307bc-IAD', 'alt-svc': 'h3=":443"; ma=86400'} 
 body={"results":[{"gender":"female","name":{"title":"Miss","first":"Sélène","last":"Guillot"},"location":{"street":{"number":780,"name":"Place du 8 Février 1962"},"city":"Roubaix","state":"Haute-Loire","country":"France","postcode":14663,"coordinates":{"latitude":"-17.7766","longitude":"101.1649"},"timezone":{"offset":"-12:00","description":"Eniwetok, Kwajalein"}},"email":"selene.guillot@example.com","login":{"uuid":"f60014c6-0215-4711-9151-3cc7f164a343","username":"bigelephant818","password":"favorite","salt":"heuCfgMh","md5":"cbdb06f0c9f38f9ffd0c1ac6e0033cca","sha1":"c51cb8c04b010d0969bfe9d9b9b15d7343da8239","sha256":"ea667591cb7bbc631b3b8b2c8a3b70ce2307e404a4829bac9a515d00f599d480"},"dob":{"date":"1988-04-07T11:25:51.722Z","age":36},"registered":{"date":"2012-03-24T21:16:06.118Z","age":12},"phone":"01-32-62-22-90","cell":"06-60-48-70-46","id":{"name":"INSEE","value":"2880362100205 69"},"picture":{"large":"https://randomuser.me/api/portraits/women/95.jpg","medium":"https://randomuser.me/api/portraits/med/women/95.jpg","thumbnail":"https://randomuser.me/api/portraits/thumb/women/95.jpg"},"nat":"FR"}],"info":{"seed":"7be84f0ed2d35f78","results":1,"page":1,"version":"1.4"}} 
 </msg>
<msg time="2024-06-27T13:17:25.676478" level="INFO">/opt/hostedtoolcache/Python/3.12.4/x64/lib/python3.12/site-packages/urllib3/connectionpool.py:1099: InsecureRequestWarning: Unverified HTTPS request is being made to host 'randomuser.me'. Adding certificate verification is strongly advised. See: https://urllib3.readthedocs.io/en/latest/advanced-usage.html#tls-warnings
  warnings.warn(</msg>
<msg time="2024-06-27T13:17:25.676592" level="INFO">${response} = &lt;Response [200]&gt;</msg>
<var>${response}</var>
<arg>consultarAPI</arg>
<arg>/api</arg>
<doc>Sends a GET request on a previously created HTTP Session.</doc>
<status status="PASS" start="2024-06-27T13:17:25.573200" elapsed="0.103431"/>
</kw>
<kw name="Set Variable" owner="BuiltIn">
<msg time="2024-06-27T13:17:25.677501" level="INFO">${json_data} = {'results': [{'gender': 'female', 'name': {'title': 'Miss', 'first': 'Sélène', 'last': 'Guillot'}, 'location': {'street': {'number': 780, 'name': 'Place du 8 Février 1962'}, 'city': 'Roubaix', 'state'...</msg>
<var>${json_data}</var>
<arg>${response.json()}</arg>
<doc>Returns the given values which can then be assigned to a variables.</doc>
<status status="PASS" start="2024-06-27T13:17:25.676999" elapsed="0.000532"/>
</kw>
<kw name="Log" owner="BuiltIn">
<msg time="2024-06-27T13:17:25.677997" level="INFO">{'results': [{'gender': 'female', 'name': {'title': 'Miss', 'first': 'Sélène', 'last': 'Guillot'}, 'location': {'street': {'number': 780, 'name': 'Place du 8 Février 1962'}, 'city': 'Roubaix', 'state': 'Haute-Loire', 'country': 'France', 'postcode': 14663, 'coordinates': {'latitude': '-17.7766', 'longitude': '101.1649'}, 'timezone': {'offset': '-12:00', 'description': 'Eniwetok, Kwajalein'}}, 'email': 'selene.guillot@example.com', 'login': {'uuid': 'f60014c6-0215-4711-9151-3cc7f164a343', 'username': 'bigelephant818', 'password': 'favorite', 'salt': 'heuCfgMh', 'md5': 'cbdb06f0c9f38f9ffd0c1ac6e0033cca', 'sha1': 'c51cb8c04b010d0969bfe9d9b9b15d7343da8239', 'sha256': 'ea667591cb7bbc631b3b8b2c8a3b70ce2307e404a4829bac9a515d00f599d480'}, 'dob': {'date': '1988-04-07T11:25:51.722Z', 'age': 36}, 'registered': {'date': '2012-03-24T21:16:06.118Z', 'age': 12}, 'phone': '01-32-62-22-90', 'cell': '06-60-48-70-46', 'id': {'name': 'INSEE', 'value': '2880362100205 69'}, 'picture': {'large': 'https://randomuser.me/api/portraits/women/95.jpg', 'medium': 'https://randomuser.me/api/portraits/med/women/95.jpg', 'thumbnail': 'https://randomuser.me/api/portraits/thumb/women/95.jpg'}, 'nat': 'FR'}], 'info': {'seed': '7be84f0ed2d35f78', 'results': 1, 'page': 1, 'version': '1.4'}}</msg>
<arg>${json_data}</arg>
<doc>Logs the given message with the given level.</doc>
<status status="PASS" start="2024-06-27T13:17:25.677838" elapsed="0.000209"/>
</kw>
<kw name="Dictionary Should Contain Key" owner="Collections">
<arg>${json_data}</arg>
<arg>results</arg>
<doc>Fails if ``key`` is not found from ``dictionary``.</doc>
<status status="PASS" start="2024-06-27T13:17:25.678342" elapsed="0.000163"/>
</kw>
<kw name="Should Not Be Empty" owner="BuiltIn">
<msg time="2024-06-27T13:17:25.678822" level="INFO">Length is 2.</msg>
<arg>${json_data}</arg>
<doc>Verifies that the given item is not empty.</doc>
<status status="PASS" start="2024-06-27T13:17:25.678691" elapsed="0.000171"/>
</kw>
<kw name="Create List" owner="BuiltIn">
<msg time="2024-06-27T13:17:25.679314" level="INFO">${expected_keys} = ['gender', 'name', 'location', 'email', 'login']</msg>
<var>${expected_keys}</var>
<arg>gender</arg>
<arg>name</arg>
<arg>location</arg>
<arg>email</arg>
<arg>login</arg>
<doc>Returns a list containing given items.</doc>
<status status="PASS" start="2024-06-27T13:17:25.679161" elapsed="0.000178"/>
</kw>
<for flavor="IN">
<iter>
<kw name="Dictionary Should Contain Key" owner="Collections">
<arg>${json_data['results'][0]}</arg>
<arg>${key}</arg>
<doc>Fails if ``key`` is not found from ``dictionary``.</doc>
<status status="PASS" start="2024-06-27T13:17:25.680066" elapsed="0.000400"/>
</kw>
<kw name="Log" owner="BuiltIn">
<msg time="2024-06-27T13:17:25.681039" level="INFO">{'gender': 'female', 'name': {'title': 'Miss', 'first': 'Sélène', 'last': 'Guillot'}, 'location': {'street': {'number': 780, 'name': 'Place du 8 Février 1962'}, 'city': 'Roubaix', 'state': 'Haute-Loire', 'country': 'France', 'postcode': 14663, 'coordinates': {'latitude': '-17.7766', 'longitude': '101.1649'}, 'timezone': {'offset': '-12:00', 'description': 'Eniwetok, Kwajalein'}}, 'email': 'selene.guillot@example.com', 'login': {'uuid': 'f60014c6-0215-4711-9151-3cc7f164a343', 'username': 'bigelephant818', 'password': 'favorite', 'salt': 'heuCfgMh', 'md5': 'cbdb06f0c9f38f9ffd0c1ac6e0033cca', 'sha1': 'c51cb8c04b010d0969bfe9d9b9b15d7343da8239', 'sha256': 'ea667591cb7bbc631b3b8b2c8a3b70ce2307e404a4829bac9a515d00f599d480'}, 'dob': {'date': '1988-04-07T11:25:51.722Z', 'age': 36}, 'registered': {'date': '2012-03-24T21:16:06.118Z', 'age': 12}, 'phone': '01-32-62-22-90', 'cell': '06-60-48-70-46', 'id': {'name': 'INSEE', 'value': '2880362100205 69'}, 'picture': {'large': 'https://randomuser.me/api/portraits/women/95.jpg', 'medium': 'https://randomuser.me/api/portraits/med/women/95.jpg', 'thumbnail': 'https://randomuser.me/api/portraits/thumb/women/95.jpg'}, 'nat': 'FR'}</msg>
<arg>${json_data['results'][0]}</arg>
<doc>Logs the given message with the given level.</doc>
<status status="PASS" start="2024-06-27T13:17:25.680659" elapsed="0.000431"/>
</kw>
<kw name="Log" owner="BuiltIn">
<msg time="2024-06-27T13:17:25.681559" level="INFO">gender</msg>
<arg>${key}</arg>
<doc>Logs the given message with the given level.</doc>
<status status="PASS" start="2024-06-27T13:17:25.681428" elapsed="0.000170"/>
</kw>
<var name="${key}">gender</var>
<status status="PASS" start="2024-06-27T13:17:25.679941" elapsed="0.001878"/>
</iter>
<iter>
<kw name="Dictionary Should Contain Key" owner="Collections">
<arg>${json_data['results'][0]}</arg>
<arg>${key}</arg>
<doc>Fails if ``key`` is not found from ``dictionary``.</doc>
<status status="PASS" start="2024-06-27T13:17:25.682118" elapsed="0.000392"/>
</kw>
<kw name="Log" owner="BuiltIn">
<msg time="2024-06-27T13:17:25.683090" level="INFO">{'gender': 'female', 'name': {'title': 'Miss', 'first': 'Sélène', 'last': 'Guillot'}, 'location': {'street': {'number': 780, 'name': 'Place du 8 Février 1962'}, 'city': 'Roubaix', 'state': 'Haute-Loire', 'country': 'France', 'postcode': 14663, 'coordinates': {'latitude': '-17.7766', 'longitude': '101.1649'}, 'timezone': {'offset': '-12:00', 'description': 'Eniwetok, Kwajalein'}}, 'email': 'selene.guillot@example.com', 'login': {'uuid': 'f60014c6-0215-4711-9151-3cc7f164a343', 'username': 'bigelephant818', 'password': 'favorite', 'salt': 'heuCfgMh', 'md5': 'cbdb06f0c9f38f9ffd0c1ac6e0033cca', 'sha1': 'c51cb8c04b010d0969bfe9d9b9b15d7343da8239', 'sha256': 'ea667591cb7bbc631b3b8b2c8a3b70ce2307e404a4829bac9a515d00f599d480'}, 'dob': {'date': '1988-04-07T11:25:51.722Z', 'age': 36}, 'registered': {'date': '2012-03-24T21:16:06.118Z', 'age': 12}, 'phone': '01-32-62-22-90', 'cell': '06-60-48-70-46', 'id': {'name': 'INSEE', 'value': '2880362100205 69'}, 'picture': {'large': 'https://randomuser.me/api/portraits/women/95.jpg', 'medium': 'https://randomuser.me/api/portraits/med/women/95.jpg', 'thumbnail': 'https://randomuser.me/api/portraits/thumb/women/95.jpg'}, 'nat': 'FR'}</msg>
<arg>${json_data['results'][0]}</arg>
<doc>Logs the given message with the given level.</doc>
<status status="PASS" start="2024-06-27T13:17:25.682728" elapsed="0.000413"/>
</kw>
<kw name="Log" owner="BuiltIn">
<msg time="2024-06-27T13:17:25.683568" level="INFO">name</msg>
<arg>${key}</arg>
<doc>Logs the given message with the given level.</doc>
<status status="PASS" start="2024-06-27T13:17:25.683440" elapsed="0.000166"/>
</kw>
<var name="${key}">name</var>
<status status="PASS" start="2024-06-27T13:17:25.682006" elapsed="0.001818"/>
</iter>
<iter>
<kw name="Dictionary Should Contain Key" owner="Collections">
<arg>${json_data['results'][0]}</arg>
<arg>${key}</arg>
<doc>Fails if ``key`` is not found from ``dictionary``.</doc>
<status status="PASS" start="2024-06-27T13:17:25.684112" elapsed="0.000383"/>
</kw>
<kw name="Log" owner="BuiltIn">
<msg time="2024-06-27T13:17:25.685038" level="INFO">{'gender': 'female', 'name': {'title': 'Miss', 'first': 'Sélène', 'last': 'Guillot'}, 'location': {'street': {'number': 780, 'name': 'Place du 8 Février 1962'}, 'city': 'Roubaix', 'state': 'Haute-Loire', 'country': 'France', 'postcode': 14663, 'coordinates': {'latitude': '-17.7766', 'longitude': '101.1649'}, 'timezone': {'offset': '-12:00', 'description': 'Eniwetok, Kwajalein'}}, 'email': 'selene.guillot@example.com', 'login': {'uuid': 'f60014c6-0215-4711-9151-3cc7f164a343', 'username': 'bigelephant818', 'password': 'favorite', 'salt': 'heuCfgMh', 'md5': 'cbdb06f0c9f38f9ffd0c1ac6e0033cca', 'sha1': 'c51cb8c04b010d0969bfe9d9b9b15d7343da8239', 'sha256': 'ea667591cb7bbc631b3b8b2c8a3b70ce2307e404a4829bac9a515d00f599d480'}, 'dob': {'date': '1988-04-07T11:25:51.722Z', 'age': 36}, 'registered': {'date': '2012-03-24T21:16:06.118Z', 'age': 12}, 'phone': '01-32-62-22-90', 'cell': '06-60-48-70-46', 'id': {'name': 'INSEE', 'value': '2880362100205 69'}, 'picture': {'large': 'https://randomuser.me/api/portraits/women/95.jpg', 'medium': 'https://randomuser.me/api/portraits/med/women/95.jpg', 'thumbnail': 'https://randomuser.me/api/portraits/thumb/women/95.jpg'}, 'nat': 'FR'}</msg>
<arg>${json_data['results'][0]}</arg>
<doc>Logs the given message with the given level.</doc>
<status status="PASS" start="2024-06-27T13:17:25.684679" elapsed="0.000410"/>
</kw>
<kw name="Log" owner="BuiltIn">
<msg time="2024-06-27T13:17:25.685564" level="INFO">location</msg>
<arg>${key}</arg>
<doc>Logs the given message with the given level.</doc>
<status status="PASS" start="2024-06-27T13:17:25.685432" elapsed="0.000172"/>
</kw>
<var name="${key}">location</var>
<status status="PASS" start="2024-06-27T13:17:25.684004" elapsed="0.001821"/>
</iter>
<iter>
<kw name="Dictionary Should Contain Key" owner="Collections">
<arg>${json_data['results'][0]}</arg>
<arg>${key}</arg>
<doc>Fails if ``key`` is not found from ``dictionary``.</doc>
<status status="PASS" start="2024-06-27T13:17:25.686135" elapsed="0.000399"/>
</kw>
<kw name="Log" owner="BuiltIn">
<msg time="2024-06-27T13:17:25.687079" level="INFO">{'gender': 'female', 'name': {'title': 'Miss', 'first': 'Sélène', 'last': 'Guillot'}, 'location': {'street': {'number': 780, 'name': 'Place du 8 Février 1962'}, 'city': 'Roubaix', 'state': 'Haute-Loire', 'country': 'France', 'postcode': 14663, 'coordinates': {'latitude': '-17.7766', 'longitude': '101.1649'}, 'timezone': {'offset': '-12:00', 'description': 'Eniwetok, Kwajalein'}}, 'email': 'selene.guillot@example.com', 'login': {'uuid': 'f60014c6-0215-4711-9151-3cc7f164a343', 'username': 'bigelephant818', 'password': 'favorite', 'salt': 'heuCfgMh', 'md5': 'cbdb06f0c9f38f9ffd0c1ac6e0033cca', 'sha1': 'c51cb8c04b010d0969bfe9d9b9b15d7343da8239', 'sha256': 'ea667591cb7bbc631b3b8b2c8a3b70ce2307e404a4829bac9a515d00f599d480'}, 'dob': {'date': '1988-04-07T11:25:51.722Z', 'age': 36}, 'registered': {'date': '2012-03-24T21:16:06.118Z', 'age': 12}, 'phone': '01-32-62-22-90', 'cell': '06-60-48-70-46', 'id': {'name': 'INSEE', 'value': '2880362100205 69'}, 'picture': {'large': 'https://randomuser.me/api/portraits/women/95.jpg', 'medium': 'https://randomuser.me/api/portraits/med/women/95.jpg', 'thumbnail': 'https://randomuser.me/api/portraits/thumb/women/95.jpg'}, 'nat': 'FR'}</msg>
<arg>${json_data['results'][0]}</arg>
<doc>Logs the given message with the given level.</doc>
<status status="PASS" start="2024-06-27T13:17:25.686720" elapsed="0.000410"/>
</kw>
<kw name="Log" owner="BuiltIn">
<msg time="2024-06-27T13:17:25.687561" level="INFO">email</msg>
<arg>${key}</arg>
<doc>Logs the given message with the given level.</doc>
<status status="PASS" start="2024-06-27T13:17:25.687432" elapsed="0.000168"/>
</kw>
<var name="${key}">email</var>
<status status="PASS" start="2024-06-27T13:17:25.685998" elapsed="0.001824"/>
</iter>
<iter>
<kw name="Dictionary Should Contain Key" owner="Collections">
<arg>${json_data['results'][0]}</arg>
<arg>${key}</arg>
<doc>Fails if ``key`` is not found from ``dictionary``.</doc>
<status status="PASS" start="2024-06-27T13:17:25.688112" elapsed="0.000398"/>
</kw>
<kw name="Log" owner="BuiltIn">
<msg time="2024-06-27T13:17:25.689056" level="INFO">{'gender': 'female', 'name': {'title': 'Miss', 'first': 'Sélène', 'last': 'Guillot'}, 'location': {'street': {'number': 780, 'name': 'Place du 8 Février 1962'}, 'city': 'Roubaix', 'state': 'Haute-Loire', 'country': 'France', 'postcode': 14663, 'coordinates': {'latitude': '-17.7766', 'longitude': '101.1649'}, 'timezone': {'offset': '-12:00', 'description': 'Eniwetok, Kwajalein'}}, 'email': 'selene.guillot@example.com', 'login': {'uuid': 'f60014c6-0215-4711-9151-3cc7f164a343', 'username': 'bigelephant818', 'password': 'favorite', 'salt': 'heuCfgMh', 'md5': 'cbdb06f0c9f38f9ffd0c1ac6e0033cca', 'sha1': 'c51cb8c04b010d0969bfe9d9b9b15d7343da8239', 'sha256': 'ea667591cb7bbc631b3b8b2c8a3b70ce2307e404a4829bac9a515d00f599d480'}, 'dob': {'date': '1988-04-07T11:25:51.722Z', 'age': 36}, 'registered': {'date': '2012-03-24T21:16:06.118Z', 'age': 12}, 'phone': '01-32-62-22-90', 'cell': '06-60-48-70-46', 'id': {'name': 'INSEE', 'value': '2880362100205 69'}, 'picture': {'large': 'https://randomuser.me/api/portraits/women/95.jpg', 'medium': 'https://randomuser.me/api/portraits/med/women/95.jpg', 'thumbnail': 'https://randomuser.me/api/portraits/thumb/women/95.jpg'}, 'nat': 'FR'}</msg>
<arg>${json_data['results'][0]}</arg>
<doc>Logs the given message with the given level.</doc>
<status status="PASS" start="2024-06-27T13:17:25.688693" elapsed="0.000412"/>
</kw>
<kw name="Log" owner="BuiltIn">
<msg time="2024-06-27T13:17:25.689561" level="INFO">login</msg>
<arg>${key}</arg>
<doc>Logs the given message with the given level.</doc>
<status status="PASS" start="2024-06-27T13:17:25.689433" elapsed="0.000166"/>
</kw>
<var name="${key}">login</var>
<status status="PASS" start="2024-06-27T13:17:25.687997" elapsed="0.001824"/>
</iter>
<var>${key}</var>
<value>@{expected_keys}</value>
<status status="PASS" start="2024-06-27T13:17:25.679741" elapsed="0.010201"/>
</for>
<kw name="Create List" owner="BuiltIn">
<msg time="2024-06-27T13:17:25.690301" level="INFO">${expected_keysTwo} = ['username', 'password']</msg>
<var>${expected_keysTwo}</var>
<arg>username</arg>
<arg>password</arg>
<doc>Returns a list containing given items.</doc>
<status status="PASS" start="2024-06-27T13:17:25.690162" elapsed="0.000164"/>
</kw>
<for flavor="IN">
<iter>
<kw name="Dictionary Should Contain Key" owner="Collections">
<arg>${json_data['results'][0]['login']}</arg>
<arg>${keyTwo}</arg>
<doc>Fails if ``key`` is not found from ``dictionary``.</doc>
<status status="PASS" start="2024-06-27T13:17:25.690828" elapsed="0.000394"/>
</kw>
<kw name="Dictionary Should Contain Key" owner="Collections">
<arg>${json_data['results'][0]['login']}</arg>
<arg>${keyTwo}</arg>
<doc>Fails if ``key`` is not found from ``dictionary``.</doc>
<status status="PASS" start="2024-06-27T13:17:25.691404" elapsed="0.000378"/>
</kw>
<kw name="Log" owner="BuiltIn">
<msg time="2024-06-27T13:17:25.692094" level="INFO">username</msg>
<arg>${keyTwo}</arg>
<doc>Logs the given message with the given level.</doc>
<status status="PASS" start="2024-06-27T13:17:25.691968" elapsed="0.000166"/>
</kw>
<var name="${keyTwo}">username</var>
<status status="PASS" start="2024-06-27T13:17:25.690716" elapsed="0.001638"/>
</iter>
<iter>
<kw name="Dictionary Should Contain Key" owner="Collections">
<arg>${json_data['results'][0]['login']}</arg>
<arg>${keyTwo}</arg>
<doc>Fails if ``key`` is not found from ``dictionary``.</doc>
<status status="PASS" start="2024-06-27T13:17:25.692628" elapsed="0.000382"/>
</kw>
<kw name="Dictionary Should Contain Key" owner="Collections">
<arg>${json_data['results'][0]['login']}</arg>
<arg>${keyTwo}</arg>
<doc>Fails if ``key`` is not found from ``dictionary``.</doc>
<status status="PASS" start="2024-06-27T13:17:25.693219" elapsed="0.000380"/>
</kw>
<kw name="Log" owner="BuiltIn">
<msg time="2024-06-27T13:17:25.693899" level="INFO">password</msg>
<arg>${keyTwo}</arg>
<doc>Logs the given message with the given level.</doc>
<status status="PASS" start="2024-06-27T13:17:25.693778" elapsed="0.000167"/>
</kw>
<var name="${keyTwo}">password</var>
<status status="PASS" start="2024-06-27T13:17:25.692524" elapsed="0.001644"/>
</iter>
<var>${keyTwo}</var>
<value>@{expected_keysTwo}</value>
<status status="PASS" start="2024-06-27T13:17:25.690565" elapsed="0.003723"/>
</for>
<status status="PASS" start="2024-06-27T13:17:25.572945" elapsed="0.121482"/>
</kw>
<doc>Testa a estrutura da resposta da API.</doc>
<tag>testeEstruturaResposta</tag>
<status status="PASS" start="2024-06-27T13:17:25.572353" elapsed="0.122223"/>
</test>
<test id="s1-s1-t4" name="Validar tipos de dados" line="28">
<kw name="Teste de Tipos de Dados" owner="random-user-service">
<kw name="GET On Session" owner="RequestsLibrary">
<msg time="2024-06-27T13:17:25.766941" level="INFO">GET Request : url=https://randomuser.me/api 
 path_url=/api 
 headers={'User-Agent': 'python-requests/2.32.3', 'Accept-Encoding': 'gzip, deflate', 'Accept': '*/*', 'Connection': 'keep-alive'} 
 body=None 
 </msg>
<msg time="2024-06-27T13:17:25.767020" level="INFO">GET Response : url=https://randomuser.me/api 
 status=200, reason=OK 
 headers={'Date': 'Thu, 27 Jun 2024 13:17:25 GMT', 'Content-Type': 'application/json; charset=utf-8', 'Transfer-Encoding': 'chunked', 'Connection': 'keep-alive', 'X-Powered-By': 'Express', 'Access-Control-Allow-Origin': '*', 'Cache-Control': 'no-cache', 'ETag': 'W/"49c-GeaqOV4bJ7Uj9qoRr+Rrk2O5jgk"', 'Vary': 'Accept-Encoding', 'Content-Encoding': 'gzip', 'CF-Cache-Status': 'DYNAMIC', 'Report-To': '{"endpoints":[{"url":"https:\\/\\/a.nel.cloudflare.com\\/report\\/v4?s=jvKeNOUHvgSlaPWnnklzxzATvewTrqSS9XoC3YazA%2BLpRS51n4HU%2FS2bgZOutEU7sYw1dhW%2BmacijX8lrQPG9aohXE4q1k13viYmBoAJrdQBn5YkCpANI3pFASJwsFOs"}],"group":"cf-nel","max_age":604800}', 'NEL': '{"success_fraction":0,"report_to":"cf-nel","max_age":604800}', 'Server': 'cloudflare', 'CF-RAY': '89a5b79bab9707bc-IAD', 'alt-svc': 'h3=":443"; ma=86400'} 
 body={"results":[{"gender":"male","name":{"title":"Mr","first":"Teodor","last":"Vuksanović"},"location":{"street":{"number":2704,"name":"Porodice Živković"},"city":"Bačka Palanka","state":"Šumadija","country":"Serbia","postcode":87159,"coordinates":{"latitude":"59.4046","longitude":"-143.8328"},"timezone":{"offset":"-3:00","description":"Brazil, Buenos Aires, Georgetown"}},"email":"teodor.vuksanovic@example.com","login":{"uuid":"cf54b1ed-549b-4f1e-b87d-fea39b64e173","username":"heavysnake957","password":"krista","salt":"vtKT8f50","md5":"8cf9427668a569d6ffc921ba61090913","sha1":"a95bd6913514be6e57682952495bad0259d24931","sha256":"1f20df447a26c05b0ad05de28dab8a00c47f87c720df323f223fd696223078ac"},"dob":{"date":"1997-10-09T16:14:29.336Z","age":26},"registered":{"date":"2015-11-19T21:39:40.453Z","age":8},"phone":"027-3281-426","cell":"068-8508-361","id":{"name":"SID","value":"525486245"},"picture":{"large":"https://randomuser.me/api/portraits/men/24.jpg","medium":"https://randomuser.me/api/portraits/med/men/24.jpg","thumbnail":"https://randomuser.me/api/portraits/thumb/men/24.jpg"},"nat":"RS"}],"info":{"seed":"15f258cc1e622db4","results":1,"page":1,"version":"1.4"}} 
 </msg>
<msg time="2024-06-27T13:17:25.767095" level="INFO">/opt/hostedtoolcache/Python/3.12.4/x64/lib/python3.12/site-packages/urllib3/connectionpool.py:1099: InsecureRequestWarning: Unverified HTTPS request is being made to host 'randomuser.me'. Adding certificate verification is strongly advised. See: https://urllib3.readthedocs.io/en/latest/advanced-usage.html#tls-warnings
  warnings.warn(</msg>
<msg time="2024-06-27T13:17:25.767222" level="INFO">${response} = &lt;Response [200]&gt;</msg>
<var>${response}</var>
<arg>consultarAPI</arg>
<arg>/api</arg>
<doc>Sends a GET request on a previously created HTTP Session.</doc>
<status status="PASS" start="2024-06-27T13:17:25.697155" elapsed="0.070119"/>
</kw>
<kw name="Set Variable" owner="BuiltIn">
<msg time="2024-06-27T13:17:25.768122" level="INFO">${json_data} = {'results': [{'gender': 'male', 'name': {'title': 'Mr', 'first': 'Teodor', 'last': 'Vuksanović'}, 'location': {'street': {'number': 2704, 'name': 'Porodice Živković'}, 'city': 'Bačka Palanka', 'state'...</msg>
<var>${json_data}</var>
<arg>${response.json()}</arg>
<doc>Returns the given values which can then be assigned to a variables.</doc>
<status status="PASS" start="2024-06-27T13:17:25.767641" elapsed="0.000511"/>
</kw>
<kw name="Log" owner="BuiltIn">
<msg time="2024-06-27T13:17:25.768614" level="INFO">{'results': [{'gender': 'male', 'name': {'title': 'Mr', 'first': 'Teodor', 'last': 'Vuksanović'}, 'location': {'street': {'number': 2704, 'name': 'Porodice Živković'}, 'city': 'Bačka Palanka', 'state': 'Šumadija', 'country': 'Serbia', 'postcode': 87159, 'coordinates': {'latitude': '59.4046', 'longitude': '-143.8328'}, 'timezone': {'offset': '-3:00', 'description': 'Brazil, Buenos Aires, Georgetown'}}, 'email': 'teodor.vuksanovic@example.com', 'login': {'uuid': 'cf54b1ed-549b-4f1e-b87d-fea39b64e173', 'username': 'heavysnake957', 'password': 'krista', 'salt': 'vtKT8f50', 'md5': '8cf9427668a569d6ffc921ba61090913', 'sha1': 'a95bd6913514be6e57682952495bad0259d24931', 'sha256': '1f20df447a26c05b0ad05de28dab8a00c47f87c720df323f223fd696223078ac'}, 'dob': {'date': '1997-10-09T16:14:29.336Z', 'age': 26}, 'registered': {'date': '2015-11-19T21:39:40.453Z', 'age': 8}, 'phone': '027-3281-426', 'cell': '068-8508-361', 'id': {'name': 'SID', 'value': '525486245'}, 'picture': {'large': 'https://randomuser.me/api/portraits/men/24.jpg', 'medium': 'https://randomuser.me/api/portraits/med/men/24.jpg', 'thumbnail': 'https://randomuser.me/api/portraits/thumb/men/24.jpg'}, 'nat': 'RS'}], 'info': {'seed': '15f258cc1e622db4', 'results': 1, 'page': 1, 'version': '1.4'}}</msg>
<arg>${json_data}</arg>
<doc>Logs the given message with the given level.</doc>
<status status="PASS" start="2024-06-27T13:17:25.768456" elapsed="0.000208"/>
</kw>
<kw name="Should Be String" owner="String">
<arg>${json_data['results'][0]['gender']}</arg>
<doc>Fails if the given ``item`` is not a string.</doc>
<status status="PASS" start="2024-06-27T13:17:25.768956" elapsed="0.000429"/>
</kw>
<kw name="Should Match Regexp" owner="BuiltIn">
<arg>${json_data['results'][0]['email']}</arg>
<arg>^[a-zA-Z0-9._%+-]+@[a-zA-Z0-9.-]+\.[a-zA-Z]{2,}$</arg>
<doc>Fails if ``string`` does not match ``pattern`` as a regular expression.</doc>
<status status="PASS" start="2024-06-27T13:17:25.769612" elapsed="0.000533"/>
</kw>
<kw name="Should Match Regexp" owner="BuiltIn">
<arg>${json_data['results'][0]['dob']['date']}</arg>
<arg>\\d{4}-\\d{2}-\\d{2}T\\d{2}:\\d{2}:\\d{2}\\.\\d{3}Z</arg>
<doc>Fails if ``string`` does not match ``pattern`` as a regular expression.</doc>
<status status="PASS" start="2024-06-27T13:17:25.770340" elapsed="0.000479"/>
</kw>
<kw name="Should Match Regexp" owner="BuiltIn">
<arg>${json_data['results'][0]['registered']['date']}</arg>
<arg>\\d{4}-\\d{2}-\\d{2}T\\d{2}:\\d{2}:\\d{2}\\.\\d{3}Z</arg>
<doc>Fails if ``string`` does not match ``pattern`` as a regular expression.</doc>
<status status="PASS" start="2024-06-27T13:17:25.771006" elapsed="0.000365"/>
</kw>
<kw name="Should Match Regexp" owner="BuiltIn">
<arg>${json_data['results'][0]['picture']['large']}</arg>
<arg>^https?://.*\.(?:png|jpe?g|gif|bmp)$</arg>
<doc>Fails if ``string`` does not match ``pattern`` as a regular expression.</doc>
<status status="PASS" start="2024-06-27T13:17:25.771554" elapsed="0.000456"/>
</kw>
<kw name="Should Match Regexp" owner="BuiltIn">
<arg>${json_data['results'][0]['picture']['medium']}</arg>
<arg>^https?://.*\.(?:png|jpe?g|gif|bmp)$</arg>
<doc>Fails if ``string`` does not match ``pattern`` as a regular expression.</doc>
<status status="PASS" start="2024-06-27T13:17:25.772193" elapsed="0.000359"/>
</kw>
<kw name="Should Match Regexp" owner="BuiltIn">
<arg>${json_data['results'][0]['picture']['thumbnail']}</arg>
<arg>^https?://.*\.(?:png|jpe?g|gif|bmp)$</arg>
<doc>Fails if ``string`` does not match ``pattern`` as a regular expression.</doc>
<status status="PASS" start="2024-06-27T13:17:25.772735" elapsed="0.000348"/>
</kw>
<kw name="Log" owner="BuiltIn">
<msg time="2024-06-27T13:17:25.773621" level="INFO">{'large': 'https://randomuser.me/api/portraits/men/24.jpg', 'medium': 'https://randomuser.me/api/portraits/med/men/24.jpg', 'thumbnail': 'https://randomuser.me/api/portraits/thumb/men/24.jpg'}</msg>
<arg>${json_data['results'][0]['picture']}</arg>
<doc>Logs the given message with the given level.</doc>
<status status="PASS" start="2024-06-27T13:17:25.773289" elapsed="0.000375"/>
</kw>
<status status="PASS" start="2024-06-27T13:17:25.696921" elapsed="0.076994"/>
</kw>
<kw name="Teste de Tipos de Dados - Postcode" owner="random-user-service">
<kw name="GET On Session" owner="RequestsLibrary">
<msg time="2024-06-27T13:17:25.875502" level="INFO">GET Request : url=https://randomuser.me/api 
 path_url=/api 
 headers={'User-Agent': 'python-requests/2.32.3', 'Accept-Encoding': 'gzip, deflate', 'Accept': '*/*', 'Connection': 'keep-alive'} 
 body=None 
 </msg>
<msg time="2024-06-27T13:17:25.875591" level="INFO">GET Response : url=https://randomuser.me/api 
 status=200, reason=OK 
 headers={'Date': 'Thu, 27 Jun 2024 13:17:25 GMT', 'Content-Type': 'application/json; charset=utf-8', 'Transfer-Encoding': 'chunked', 'Connection': 'keep-alive', 'X-Powered-By': 'Express', 'Access-Control-Allow-Origin': '*', 'Cache-Control': 'no-cache', 'ETag': 'W/"465-/g9s8ZA9Qs7TXL+zNyPUNtjdVrc"', 'Vary': 'Accept-Encoding', 'Content-Encoding': 'gzip', 'CF-Cache-Status': 'DYNAMIC', 'Report-To': '{"endpoints":[{"url":"https:\\/\\/a.nel.cloudflare.com\\/report\\/v4?s=7qTGNzevl%2BNc18FtlAH0DqmqrX%2FzXC9HPi7AJfO3w7Nipr4%2B3wRbuCMoOJTUMcSzh2gfK4YMpcPRva7tKHlIT21dH%2FDHPCiNgZFgac%2FwYFhV7%2F7pbtfSyR8DmgVP5kmb"}],"group":"cf-nel","max_age":604800}', 'NEL': '{"success_fraction":0,"report_to":"cf-nel","max_age":604800}', 'Server': 'cloudflare', 'CF-RAY': '89a5b79c1c1907bc-IAD', 'alt-svc': 'h3=":443"; ma=86400'} 
 body={"results":[{"gender":"male","name":{"title":"Mr","first":"Petko","last":"Krasić"},"location":{"street":{"number":2559,"name":"Bajčinska"},"city":"Kovin","state":"Pirot","country":"Serbia","postcode":46640,"coordinates":{"latitude":"55.7494","longitude":"-161.0145"},"timezone":{"offset":"-9:00","description":"Alaska"}},"email":"petko.krasic@example.com","login":{"uuid":"95140586-11cb-4734-b808-732c8cfdff7d","username":"angryleopard525","password":"leslie","salt":"hfYTCnsn","md5":"e259b6bdb201f2f5593803dc840bb1f4","sha1":"5009b30d0f7f9103fd3152ddcc1ccd33231f8c2a","sha256":"cea9269fdfb650c47d814bde43879a1bc8280124f768bf253d99ee6ca07a4ecf"},"dob":{"date":"1958-07-26T16:42:05.094Z","age":65},"registered":{"date":"2005-09-05T02:29:00.680Z","age":18},"phone":"027-9899-488","cell":"068-7465-047","id":{"name":"SID","value":"265238454"},"picture":{"large":"https://randomuser.me/api/portraits/men/78.jpg","medium":"https://randomuser.me/api/portraits/med/men/78.jpg","thumbnail":"https://randomuser.me/api/portraits/thumb/men/78.jpg"},"nat":"RS"}],"info":{"seed":"ac9dac3de419beee","results":1,"page":1,"version":"1.4"}} 
 </msg>
<msg time="2024-06-27T13:17:25.875662" level="INFO">/opt/hostedtoolcache/Python/3.12.4/x64/lib/python3.12/site-packages/urllib3/connectionpool.py:1099: InsecureRequestWarning: Unverified HTTPS request is being made to host 'randomuser.me'. Adding certificate verification is strongly advised. See: https://urllib3.readthedocs.io/en/latest/advanced-usage.html#tls-warnings
  warnings.warn(</msg>
<msg time="2024-06-27T13:17:25.875788" level="INFO">${response} = &lt;Response [200]&gt;</msg>
<var>${response}</var>
<arg>consultarAPI</arg>
<arg>/api</arg>
<doc>Sends a GET request on a previously created HTTP Session.</doc>
<status status="PASS" start="2024-06-27T13:17:25.774335" elapsed="0.101497"/>
</kw>
<kw name="Set Variable" owner="BuiltIn">
<msg time="2024-06-27T13:17:25.876782" level="INFO">${json_data} = {'results': [{'gender': 'male', 'name': {'title': 'Mr', 'first': 'Petko', 'last': 'Krasić'}, 'location': {'street': {'number': 2559, 'name': 'Bajčinska'}, 'city': 'Kovin', 'state': 'Pirot', 'country':...</msg>
<var>${json_data}</var>
<arg>${response.json()}</arg>
<doc>Returns the given values which can then be assigned to a variables.</doc>
<status status="PASS" start="2024-06-27T13:17:25.876280" elapsed="0.000531"/>
</kw>
<kw name="Log" owner="BuiltIn">
<msg time="2024-06-27T13:17:25.877331" level="INFO">{'results': [{'gender': 'male', 'name': {'title': 'Mr', 'first': 'Petko', 'last': 'Krasić'}, 'location': {'street': {'number': 2559, 'name': 'Bajčinska'}, 'city': 'Kovin', 'state': 'Pirot', 'country': 'Serbia', 'postcode': 46640, 'coordinates': {'latitude': '55.7494', 'longitude': '-161.0145'}, 'timezone': {'offset': '-9:00', 'description': 'Alaska'}}, 'email': 'petko.krasic@example.com', 'login': {'uuid': '95140586-11cb-4734-b808-732c8cfdff7d', 'username': 'angryleopard525', 'password': 'leslie', 'salt': 'hfYTCnsn', 'md5': 'e259b6bdb201f2f5593803dc840bb1f4', 'sha1': '5009b30d0f7f9103fd3152ddcc1ccd33231f8c2a', 'sha256': 'cea9269fdfb650c47d814bde43879a1bc8280124f768bf253d99ee6ca07a4ecf'}, 'dob': {'date': '1958-07-26T16:42:05.094Z', 'age': 65}, 'registered': {'date': '2005-09-05T02:29:00.680Z', 'age': 18}, 'phone': '027-9899-488', 'cell': '068-7465-047', 'id': {'name': 'SID', 'value': '265238454'}, 'picture': {'large': 'https://randomuser.me/api/portraits/men/78.jpg', 'medium': 'https://randomuser.me/api/portraits/med/men/78.jpg', 'thumbnail': 'https://randomuser.me/api/portraits/thumb/men/78.jpg'}, 'nat': 'RS'}], 'info': {'seed': 'ac9dac3de419beee', 'results': 1, 'page': 1, 'version': '1.4'}}</msg>
<arg>${json_data}</arg>
<doc>Logs the given message with the given level.</doc>
<status status="PASS" start="2024-06-27T13:17:25.877117" elapsed="0.000265"/>
</kw>
<kw name="Should Be Equal As Numbers" owner="BuiltIn">
<arg>${json_data['results'][0]['location']['postcode']}</arg>
<arg>${json_data['results'][0]['location']['postcode']}</arg>
<doc>Fails if objects are unequal after converting them to real numbers.</doc>
<status status="PASS" start="2024-06-27T13:17:25.877679" elapsed="0.000628"/>
</kw>
<kw name="Log" owner="BuiltIn">
<msg time="2024-06-27T13:17:25.878866" level="INFO">46640</msg>
<arg>${json_data['results'][0]['location']['postcode']}</arg>
<doc>Logs the given message with the given level.</doc>
<status status="PASS" start="2024-06-27T13:17:25.878491" elapsed="0.000416"/>
</kw>
<status status="PASS" start="2024-06-27T13:17:25.774124" elapsed="0.105044"/>
</kw>
<doc>Testa se os tipos de dados na resposta da API estão corretos.</doc>
<tag>testeTiposDados</tag>
<status status="PASS" start="2024-06-27T13:17:25.696298" elapsed="0.183031"/>
</test>
<test id="s1-s1-t5" name="Validar conteudo" line="35">
<kw name="Teste de Tipos de Conteudo" owner="random-user-service">
<kw name="GET On Session" owner="RequestsLibrary">
<msg time="2024-06-27T13:17:25.976997" level="INFO">GET Request : url=https://randomuser.me/api 
 path_url=/api 
 headers={'User-Agent': 'python-requests/2.32.3', 'Accept-Encoding': 'gzip, deflate', 'Accept': '*/*', 'Connection': 'keep-alive'} 
 body=None 
 </msg>
<msg time="2024-06-27T13:17:25.977095" level="INFO">GET Response : url=https://randomuser.me/api 
 status=200, reason=OK 
 headers={'Date': 'Thu, 27 Jun 2024 13:17:25 GMT', 'Content-Type': 'application/json; charset=utf-8', 'Transfer-Encoding': 'chunked', 'Connection': 'keep-alive', 'X-Powered-By': 'Express', 'Access-Control-Allow-Origin': '*', 'Cache-Control': 'no-cache', 'ETag': 'W/"491-ChTj77W/Llndn0oGHwKHNVVesh4"', 'Vary': 'Accept-Encoding', 'Content-Encoding': 'gzip', 'CF-Cache-Status': 'DYNAMIC', 'Report-To': '{"endpoints":[{"url":"https:\\/\\/a.nel.cloudflare.com\\/report\\/v4?s=HXc8gs%2FMCpLPj0Ol8F7QdW9tHzobGTUAto3nEn4%2FHoNF%2BCXjRgN3claX6awL7Lp3QrGFUL0u4VJpL0UQ0QQ9CENL7uqDOzU8yd2Lidkp%2BJcyTxoYJGp1ioCbuKHB15A5"}],"group":"cf-nel","max_age":604800}', 'NEL': '{"success_fraction":0,"report_to":"cf-nel","max_age":604800}', 'Server': 'cloudflare', 'CF-RAY': '89a5b79cccce07bc-IAD', 'alt-svc': 'h3=":443"; ma=86400'} 
 body={"results":[{"gender":"female","name":{"title":"Miss","first":"Beatriz","last":"Narváez"},"location":{"street":{"number":1243,"name":"Peatonal Sánchez"},"city":"Apaseo El Grande","state":"Michoacan","country":"Mexico","postcode":87740,"coordinates":{"latitude":"29.5667","longitude":"166.8727"},"timezone":{"offset":"+3:30","description":"Tehran"}},"email":"beatriz.narvaez@example.com","login":{"uuid":"29291c07-dfad-4b29-ab9e-beca06a24c08","username":"tinypeacock915","password":"marcello","salt":"7Q2QiLxU","md5":"6184b5a932332f72eb03bd53c70ee182","sha1":"6e9f24322612b58267c5593ba6faf6285cd37dfb","sha256":"9c4064822e7be4a54250aa809bbafda24c4f458ef67881e063727af69c255758"},"dob":{"date":"1988-08-02T09:58:27.504Z","age":35},"registered":{"date":"2015-07-14T16:45:37.553Z","age":8},"phone":"(646) 137 0543","cell":"(635) 707 3642","id":{"name":"NSS","value":"68 36 96 6521 5"},"picture":{"large":"https://randomuser.me/api/portraits/women/0.jpg","medium":"https://randomuser.me/api/portraits/med/women/0.jpg","thumbnail":"https://randomuser.me/api/portraits/thumb/women/0.jpg"},"nat":"MX"}],"info":{"seed":"ceff81ca6caf6cd0","results":1,"page":1,"version":"1.4"}} 
 </msg>
<msg time="2024-06-27T13:17:25.977240" level="INFO">/opt/hostedtoolcache/Python/3.12.4/x64/lib/python3.12/site-packages/urllib3/connectionpool.py:1099: InsecureRequestWarning: Unverified HTTPS request is being made to host 'randomuser.me'. Adding certificate verification is strongly advised. See: https://urllib3.readthedocs.io/en/latest/advanced-usage.html#tls-warnings
  warnings.warn(</msg>
<msg time="2024-06-27T13:17:25.977398" level="INFO">${response} = &lt;Response [200]&gt;</msg>
<var>${response}</var>
<arg>consultarAPI</arg>
<arg>/api</arg>
<doc>Sends a GET request on a previously created HTTP Session.</doc>
<status status="PASS" start="2024-06-27T13:17:25.881921" elapsed="0.095531"/>
</kw>
<kw name="Set Variable" owner="BuiltIn">
<msg time="2024-06-27T13:17:25.978378" level="INFO">${json_data} = {'results': [{'gender': 'female', 'name': {'title': 'Miss', 'first': 'Beatriz', 'last': 'Narváez'}, 'location': {'street': {'number': 1243, 'name': 'Peatonal Sánchez'}, 'city': 'Apaseo El Grande', 'st...</msg>
<var>${json_data}</var>
<arg>${response.json()}</arg>
<doc>Returns the given values which can then be assigned to a variables.</doc>
<status status="PASS" start="2024-06-27T13:17:25.977909" elapsed="0.000499"/>
</kw>
<kw name="Set Variable" owner="BuiltIn">
<msg time="2024-06-27T13:17:25.979101" level="INFO">${name_title} = Miss</msg>
<var>${name_title}</var>
<arg>${json_data["results"][0]["name"]["title"]}</arg>
<doc>Returns the given values which can then be assigned to a variables.</doc>
<status status="PASS" start="2024-06-27T13:17:25.978723" elapsed="0.000404"/>
</kw>
<kw name="Create List" owner="BuiltIn">
<msg time="2024-06-27T13:17:25.979588" level="INFO">${allowed_titles} = ['Mr', 'Ms', 'Miss', 'Mrs', 'Madame', 'Monsieur']</msg>
<var>${allowed_titles}</var>
<arg>Mr</arg>
<arg>Ms</arg>
<arg>Miss</arg>
<arg>Mrs</arg>
<arg>Madame</arg>
<arg>Monsieur</arg>
<doc>Returns a list containing given items.</doc>
<status status="PASS" start="2024-06-27T13:17:25.979437" elapsed="0.000176"/>
</kw>
<kw name="List Should Contain Value" owner="Collections">
<arg>${allowed_titles}</arg>
<arg>${name_title}</arg>
<doc>Fails if the ``value`` is not found from ``list``.</doc>
<status status="PASS" start="2024-06-27T13:17:25.979908" elapsed="0.000177"/>
</kw>
<kw name="Set Variable" owner="BuiltIn">
<msg time="2024-06-27T13:17:25.980628" level="INFO">${name_country} = MX</msg>
<var>${name_country}</var>
<arg>${json_data["results"][0]["nat"]}</arg>
<doc>Returns the given values which can then be assigned to a variables.</doc>
<status status="PASS" start="2024-06-27T13:17:25.980263" elapsed="0.000389"/>
</kw>
<kw name="Create List" owner="BuiltIn">
<msg time="2024-06-27T13:17:25.981584" level="INFO">${list_country} = ['AD', 'AE', 'AF', 'AG', 'AI', 'AL', 'AM', 'AO', 'AQ', 'AR', 'AS', 'AT', 'AU', 'AW', 'AX', 'AZ', 'BA', 'BB', 'BD', 'BE', 'BF', 'BG', 'BH', 'BI', 'BJ', 'BL', 'BM', 'BN', 'BO', 'BQ', 'BR', 'BS', 'BT', '...</msg>
<var>${list_country}</var>
<arg>AD</arg>
<arg>AE</arg>
<arg>AF</arg>
<arg>AG</arg>
<arg>AI</arg>
<arg>AL</arg>
<arg>AM</arg>
<arg>AO</arg>
<arg>AQ</arg>
<arg>AR</arg>
<arg>AS</arg>
<arg>AT</arg>
<arg>AU</arg>
<arg>AW</arg>
<arg>AX</arg>
<arg>AZ</arg>
<arg>BA</arg>
<arg>BB</arg>
<arg>BD</arg>
<arg>BE</arg>
<arg>BF</arg>
<arg>BG</arg>
<arg>BH</arg>
<arg>BI</arg>
<arg>BJ</arg>
<arg>BL</arg>
<arg>BM</arg>
<arg>BN</arg>
<arg>BO</arg>
<arg>BQ</arg>
<arg>BR</arg>
<arg>BS</arg>
<arg>BT</arg>
<arg>BV</arg>
<arg>BW</arg>
<arg>BY</arg>
<arg>BZ</arg>
<arg>CA</arg>
<arg>CC</arg>
<arg>CD</arg>
<arg>CF</arg>
<arg>CG</arg>
<arg>CH</arg>
<arg>CI</arg>
<arg>CK</arg>
<arg>CL</arg>
<arg>CM</arg>
<arg>CN</arg>
<arg>CO</arg>
<arg>CR</arg>
<arg>CU</arg>
<arg>CV</arg>
<arg>CW</arg>
<arg>CX</arg>
<arg>CY</arg>
<arg>CZ</arg>
<arg>DE</arg>
<arg>DJ</arg>
<arg>DK</arg>
<arg>DM</arg>
<arg>DO</arg>
<arg>DZ</arg>
<arg>EC</arg>
<arg>EE</arg>
<arg>EG</arg>
<arg>EH</arg>
<arg>ER</arg>
<arg>ES</arg>
<arg>ET</arg>
<arg>FI</arg>
<arg>FJ</arg>
<arg>FK</arg>
<arg>FM</arg>
<arg>FO</arg>
<arg>FR</arg>
<arg>GA</arg>
<arg>GB</arg>
<arg>GD</arg>
<arg>GE</arg>
<arg>GF</arg>
<arg>GG</arg>
<arg>GH</arg>
<arg>GI</arg>
<arg>GL</arg>
<arg>GM</arg>
<arg>GN</arg>
<arg>GP</arg>
<arg>GQ</arg>
<arg>GR</arg>
<arg>GS</arg>
<arg>GT</arg>
<arg>GU</arg>
<arg>GW</arg>
<arg>GY</arg>
<arg>HK</arg>
<arg>HM</arg>
<arg>HN</arg>
<arg>HR</arg>
<arg>HT</arg>
<arg>HU</arg>
<arg>ID</arg>
<arg>IE</arg>
<arg>IL</arg>
<arg>IM</arg>
<arg>IN</arg>
<arg>IO</arg>
<arg>IQ</arg>
<arg>IR</arg>
<arg>IS</arg>
<arg>IT</arg>
<arg>JE</arg>
<arg>JM</arg>
<arg>JO</arg>
<arg>JP</arg>
<arg>KE</arg>
<arg>KG</arg>
<arg>KH</arg>
<arg>KI</arg>
<arg>KM</arg>
<arg>KN</arg>
<arg>KP</arg>
<arg>KR</arg>
<arg>KW</arg>
<arg>KY</arg>
<arg>KZ</arg>
<arg>LA</arg>
<arg>LB</arg>
<arg>LC</arg>
<arg>LI</arg>
<arg>LK</arg>
<arg>LR</arg>
<arg>LS</arg>
<arg>LT</arg>
<arg>LU</arg>
<arg>LV</arg>
<arg>LY</arg>
<arg>MA</arg>
<arg>MC</arg>
<arg>MD</arg>
<arg>ME</arg>
<arg>MF</arg>
<arg>MG</arg>
<arg>MH</arg>
<arg>MK</arg>
<arg>ML</arg>
<arg>MM</arg>
<arg>MN</arg>
<arg>MO</arg>
<arg>MP</arg>
<arg>MQ</arg>
<arg>MR</arg>
<arg>MS</arg>
<arg>MT</arg>
<arg>MU</arg>
<arg>MV</arg>
<arg>MW</arg>
<arg>MX</arg>
<arg>MY</arg>
<arg>MZ</arg>
<arg>NA</arg>
<arg>NC</arg>
<arg>NE</arg>
<arg>NF</arg>
<arg>NG</arg>
<arg>NI</arg>
<arg>NL</arg>
<arg>NO</arg>
<arg>NP</arg>
<arg>NR</arg>
<arg>NU</arg>
<arg>NZ</arg>
<arg>OM</arg>
<arg>PA</arg>
<arg>PE</arg>
<arg>PF</arg>
<arg>PG</arg>
<arg>PH</arg>
<arg>PK</arg>
<arg>PL</arg>
<arg>PM</arg>
<arg>PN</arg>
<arg>PR</arg>
<arg>PS</arg>
<arg>PT</arg>
<arg>PW</arg>
<arg>PY</arg>
<arg>QA</arg>
<arg>RE</arg>
<arg>RO</arg>
<arg>RS</arg>
<arg>RU</arg>
<arg>RW</arg>
<arg>SA</arg>
<arg>SB</arg>
<arg>SC</arg>
<arg>SD</arg>
<arg>SE</arg>
<arg>SG</arg>
<arg>SH</arg>
<arg>SI</arg>
<arg>SJ</arg>
<arg>SK</arg>
<arg>SL</arg>
<arg>SM</arg>
<arg>SN</arg>
<arg>SO</arg>
<arg>SR</arg>
<arg>SS</arg>
<arg>ST</arg>
<arg>SV</arg>
<arg>SX</arg>
<arg>SY</arg>
<arg>SZ</arg>
<arg>TC</arg>
<arg>TD</arg>
<arg>TF</arg>
<arg>TG</arg>
<arg>TH</arg>
<arg>TJ</arg>
<arg>TK</arg>
<arg>TL</arg>
<arg>TM</arg>
<arg>TN</arg>
<arg>TO</arg>
<arg>TR</arg>
<arg>TT</arg>
<arg>TV</arg>
<arg>TW</arg>
<arg>TZ</arg>
<arg>UA</arg>
<arg>UG</arg>
<arg>UM</arg>
<arg>US</arg>
<arg>UY</arg>
<arg>UZ</arg>
<arg>VA</arg>
<arg>VC</arg>
<arg>VE</arg>
<arg>VG</arg>
<arg>VI</arg>
<arg>VN</arg>
<arg>VU</arg>
<arg>WF</arg>
<arg>WS</arg>
<arg>XK</arg>
<arg>YE</arg>
<arg>YT</arg>
<arg>ZA</arg>
<arg>ZM</arg>
<arg>ZW</arg>
<doc>Returns a list containing given items.</doc>
<status status="PASS" start="2024-06-27T13:17:25.980941" elapsed="0.000669"/>
</kw>
<kw name="List Should Contain Value" owner="Collections">
<arg>${list_country}</arg>
<arg>${name_country}</arg>
<doc>Fails if the ``value`` is not found from ``list``.</doc>
<status status="PASS" start="2024-06-27T13:17:25.982418" elapsed="0.000206"/>
</kw>
<kw name="Run Keyword If" owner="BuiltIn">
<kw name="Should Be True" owner="BuiltIn">
<arg>${True}</arg>
<doc>Fails if the given condition is not true.</doc>
<status status="PASS" start="2024-06-27T13:17:25.983557" elapsed="0.000144"/>
</kw>
<arg>${json_data["results"][0]["location"]["coordinates"]["latitude"]} &gt;= -90 and ${json_data["results"][0]["location"]["coordinates"]["latitude"]} &lt;= 90</arg>
<arg>Should Be True</arg>
<arg>${True}</arg>
<doc>Runs the given keyword with the given arguments, if ``condition`` is true.</doc>
<status status="PASS" start="2024-06-27T13:17:25.982818" elapsed="0.001008"/>
</kw>
<kw name="Run Keyword If" owner="BuiltIn">
<kw name="Should Be True" owner="BuiltIn">
<arg>${True}</arg>
<doc>Fails if the given condition is not true.</doc>
<status status="PASS" start="2024-06-27T13:17:25.984693" elapsed="0.000138"/>
</kw>
<arg>${json_data["results"][0]["location"]["coordinates"]["longitude"]} &gt;= -180 and ${json_data["results"][0]["location"]["coordinates"]["longitude"]} &lt;= 180</arg>
<arg>Should Be True</arg>
<arg>${True}</arg>
<doc>Runs the given keyword with the given arguments, if ``condition`` is true.</doc>
<status status="PASS" start="2024-06-27T13:17:25.984006" elapsed="0.000948"/>
</kw>
<status status="PASS" start="2024-06-27T13:17:25.881542" elapsed="0.103546"/>
</kw>
<doc>Testa o conteúdo específico dos campos retornados pela API.</doc>
<tag>testeConteudo</tag>
<status status="PASS" start="2024-06-27T13:17:25.881055" elapsed="0.104213"/>
</test>
<status status="PASS" start="2024-06-27T13:17:25.031393" elapsed="0.955841"/>
</suite>
<status status="PASS" start="2024-06-27T13:17:25.016997" elapsed="0.975463"/>
</suite>
<statistics>
<total>
<stat pass="5" fail="0" skip="0">All Tests</stat>
</total>
<tag>
<stat pass="1" fail="0" skip="0">testeConteudo</stat>
<stat pass="1" fail="0" skip="0">testeEstruturaResposta</stat>
<stat pass="1" fail="0" skip="0">testeRequisicaoBasica</stat>
<stat pass="1" fail="0" skip="0">testeTiposDados</stat>
</tag>
<suite>
<stat pass="5" fail="0" skip="0" id="s1" name="Tests">Tests</stat>
<stat pass="5" fail="0" skip="0" id="s1-s1" name="Random-User-Test">Tests.Random-User-Test</stat>
</suite>
</statistics>
<errors>
</errors>
</robot>
