<?xml version="1.0" encoding="UTF-8"?>
<robot generator="Robot 7.0.1 (Python 3.12.4 on linux)" generated="2024-07-16T23:16:45.157822" rpa="false" schemaversion="5">
<suite id="s1" name="Tests" source="/home/runner/work/ApiRandomUser/ApiRandomUser/RamdonUser/tests">
<suite id="s1-s1" name="Random-User-Test" source="/home/runner/work/ApiRandomUser/ApiRandomUser/RamdonUser/tests/random-user-test.robot">
<test id="s1-s1-t1" name="Conectar" line="13">
<kw name="Conectar API" owner="random-user-service">
<kw name="Create Session" owner="RequestsLibrary">
<msg time="2024-07-16T23:16:45.591557" level="INFO">Creating Session using : alias=consultarAPI, url=https://randomuser.me/, headers={},                     cookies={}, auth=None, timeout=None, proxies=None, verify=False,                     debug=0 </msg>
<arg>consultarAPI</arg>
<arg>${URL}</arg>
<doc>Create Session: create a HTTP session to a server</doc>
<status status="PASS" start="2024-07-16T23:16:45.591318" elapsed="0.000460"/>
</kw>
<status status="PASS" start="2024-07-16T23:16:45.590214" elapsed="0.001979"/>
</kw>
<status status="PASS" start="2024-07-16T23:16:45.589571" elapsed="0.002836"/>
</test>
<test id="s1-s1-t2" name="Validar retorno 200 e JSON Válido" line="16">
<kw name="Teste de Requisicao Basica" owner="random-user-service">
<kw name="GET On Session" owner="RequestsLibrary">
<msg time="2024-07-16T23:16:45.768463" level="INFO">GET Request : url=https://randomuser.me/api 
 path_url=/api 
 headers={'User-Agent': 'python-requests/2.32.3', 'Accept-Encoding': 'gzip, deflate', 'Accept': '*/*', 'Connection': 'keep-alive'} 
 body=None 
 </msg>
<msg time="2024-07-16T23:16:45.768620" level="INFO">GET Response : url=https://randomuser.me/api 
 status=200, reason=OK 
 headers={'Date': 'Tue, 16 Jul 2024 23:16:45 GMT', 'Content-Type': 'application/json; charset=utf-8', 'Transfer-Encoding': 'chunked', 'Connection': 'keep-alive', 'X-Powered-By': 'Express', 'Access-Control-Allow-Origin': '*', 'Cache-Control': 'no-cache', 'ETag': 'W/"49c-U+faVE+DedQJPSh9T1++y9gq91g"', 'Vary': 'Accept-Encoding', 'Content-Encoding': 'gzip', 'CF-Cache-Status': 'DYNAMIC', 'Report-To': '{"endpoints":[{"url":"https:\\/\\/a.nel.cloudflare.com\\/report\\/v4?s=XaNooT5dxTajy2KvLLBf3sOBB6kjMkdtK8rPQ0L0%2BiHwhPTSoznN%2BJIsJECo%2B97ZwfnklbmwUkT4hXrLECKjQW0A7UqX%2FEnpQEFm%2F9AmB1ExTuYBbzBG36ejEdj%2BRYOb"}],"group":"cf-nel","max_age":604800}', 'NEL': '{"success_fraction":0,"report_to":"cf-nel","max_age":604800}', 'Server': 'cloudflare', 'CF-RAY': '8a45b3a97ca17e86-LAX', 'alt-svc': 'h3=":443"; ma=86400'} 
 body={"results":[{"gender":"female","name":{"title":"Miss","first":"Anna","last":"Harvey"},"location":{"street":{"number":6335,"name":"Poplar Dr"},"city":"Shepparton","state":"Australian Capital Territory","country":"Australia","postcode":5774,"coordinates":{"latitude":"-88.1921","longitude":"18.5620"},"timezone":{"offset":"+7:00","description":"Bangkok, Hanoi, Jakarta"}},"email":"anna.harvey@example.com","login":{"uuid":"062daab1-ef39-4577-9d91-c1d2d63cc8a2","username":"beautifulrabbit174","password":"marlin","salt":"9oKuEBKY","md5":"52ef0a07fb1117e9c80b4c829f315b21","sha1":"3f5baffb205a129d17fe6b761e3d0f073269cd85","sha256":"edf293321f240d26e49d9a9186f7e273a88cde55bddc954bdb46a59f80f66104"},"dob":{"date":"1993-10-23T10:41:31.587Z","age":30},"registered":{"date":"2004-11-07T19:55:13.835Z","age":19},"phone":"04-2775-6125","cell":"0413-696-326","id":{"name":"TFN","value":"711329243"},"picture":{"large":"https://randomuser.me/api/portraits/women/78.jpg","medium":"https://randomuser.me/api/portraits/med/women/78.jpg","thumbnail":"https://randomuser.me/api/portraits/thumb/women/78.jpg"},"nat":"AU"}],"info":{"seed":"ce4d839d1e698358","results":1,"page":1,"version":"1.4"}} 
 </msg>
<msg time="2024-07-16T23:16:45.768708" level="INFO">/opt/hostedtoolcache/Python/3.12.4/x64/lib/python3.12/site-packages/urllib3/connectionpool.py:1099: InsecureRequestWarning: Unverified HTTPS request is being made to host 'randomuser.me'. Adding certificate verification is strongly advised. See: https://urllib3.readthedocs.io/en/latest/advanced-usage.html#tls-warnings
  warnings.warn(</msg>
<msg time="2024-07-16T23:16:45.768879" level="INFO">${response} = &lt;Response [200]&gt;</msg>
<var>${response}</var>
<arg>consultarAPI</arg>
<arg>/api</arg>
<doc>Sends a GET request on a previously created HTTP Session.</doc>
<status status="PASS" start="2024-07-16T23:16:45.595250" elapsed="0.173673"/>
</kw>
<kw name="Should Be Equal As Numbers" owner="BuiltIn">
<msg time="2024-07-16T23:16:45.770015" level="INFO">Argument types are:
&lt;class 'int'&gt;
&lt;class 'str'&gt;</msg>
<arg>${response.status_code}</arg>
<arg>200</arg>
<doc>Fails if objects are unequal after converting them to real numbers.</doc>
<status status="PASS" start="2024-07-16T23:16:45.769534" elapsed="0.000548"/>
</kw>
<kw name="Log" owner="BuiltIn">
<msg time="2024-07-16T23:16:45.770773" level="INFO">200</msg>
<arg>${response.status_code}</arg>
<doc>Logs the given message with the given level.</doc>
<status status="PASS" start="2024-07-16T23:16:45.770417" elapsed="0.000399"/>
</kw>
<kw name="Set Variable" owner="BuiltIn">
<msg time="2024-07-16T23:16:45.771554" level="INFO">${json_data} = {'results': [{'gender': 'female', 'name': {'title': 'Miss', 'first': 'Anna', 'last': 'Harvey'}, 'location': {'street': {'number': 6335, 'name': 'Poplar Dr'}, 'city': 'Shepparton', 'state': 'Australian...</msg>
<var>${json_data}</var>
<arg>${response.json()}</arg>
<doc>Returns the given values which can then be assigned to a variables.</doc>
<status status="PASS" start="2024-07-16T23:16:45.771120" elapsed="0.000465"/>
</kw>
<kw name="Dictionary Should Contain Key" owner="Collections">
<arg>${json_data}</arg>
<arg>results</arg>
<doc>Fails if ``key`` is not found from ``dictionary``.</doc>
<status status="PASS" start="2024-07-16T23:16:45.771887" elapsed="0.000165"/>
</kw>
<status status="PASS" start="2024-07-16T23:16:45.594973" elapsed="0.177234"/>
</kw>
<doc>Testa se a API responde corretamente e retorna um objeto JSON válido.</doc>
<tag>testeRequisicaoBasica</tag>
<status status="PASS" start="2024-07-16T23:16:45.594456" elapsed="0.177948"/>
</test>
<test id="s1-s1-t3" name="Validar estrutura de resposta" line="22">
<kw name="Teste de Estrutura de Resposta" owner="random-user-service">
<kw name="GET On Session" owner="RequestsLibrary">
<msg time="2024-07-16T23:16:45.877459" level="INFO">GET Request : url=https://randomuser.me/api 
 path_url=/api 
 headers={'User-Agent': 'python-requests/2.32.3', 'Accept-Encoding': 'gzip, deflate', 'Accept': '*/*', 'Connection': 'keep-alive'} 
 body=None 
 </msg>
<msg time="2024-07-16T23:16:45.877567" level="INFO">GET Response : url=https://randomuser.me/api 
 status=200, reason=OK 
 headers={'Date': 'Tue, 16 Jul 2024 23:16:45 GMT', 'Content-Type': 'application/json; charset=utf-8', 'Transfer-Encoding': 'chunked', 'Connection': 'keep-alive', 'X-Powered-By': 'Express', 'Access-Control-Allow-Origin': '*', 'Cache-Control': 'no-cache', 'ETag': 'W/"496-0HPdB5QYjdvRd4vptcJQ73P4e68"', 'Vary': 'Accept-Encoding', 'Content-Encoding': 'gzip', 'CF-Cache-Status': 'DYNAMIC', 'Report-To': '{"endpoints":[{"url":"https:\\/\\/a.nel.cloudflare.com\\/report\\/v4?s=Kc%2BE70UjlrXlFkXhNFjQwnyFDaikS4D53RjJabYcSsjSIH3CLNst41NRH0h8FaB5EjbeJ%2FtkGZ7X4H8B1fYY6HzoFTd7oP8UyNy9uQC%2B6UTn7pk7H1ulaUeT8uUgDcol"}],"group":"cf-nel","max_age":604800}', 'NEL': '{"success_fraction":0,"report_to":"cf-nel","max_age":604800}', 'Server': 'cloudflare', 'CF-RAY': '8a45b3aa2d407e86-LAX', 'alt-svc': 'h3=":443"; ma=86400'} 
 body={"results":[{"gender":"male","name":{"title":"Mr","first":"Santiago","last":"Sanz"},"location":{"street":{"number":1543,"name":"Calle de Alberto Aguilera"},"city":"Lugo","state":"Extremadura","country":"Spain","postcode":18067,"coordinates":{"latitude":"-33.5922","longitude":"-168.4139"},"timezone":{"offset":"+3:00","description":"Baghdad, Riyadh, Moscow, St. Petersburg"}},"email":"santiago.sanz@example.com","login":{"uuid":"ee823791-8d9e-46c0-b38e-12b19eb5eeaf","username":"orangetiger194","password":"citizen","salt":"HYL6zXbn","md5":"76e43287049ba5dcbfd4dada3bfe6546","sha1":"fd732e1a57955df113538146302b5c7a498e28d9","sha256":"b999bdf90ec3c7edb8df8aa346ff8d8a6e711b8c88f41f5e6e29814964837fad"},"dob":{"date":"1954-05-21T00:32:54.580Z","age":70},"registered":{"date":"2016-06-27T04:16:14.065Z","age":8},"phone":"959-738-969","cell":"696-109-060","id":{"name":"DNI","value":"41621751-L"},"picture":{"large":"https://randomuser.me/api/portraits/men/8.jpg","medium":"https://randomuser.me/api/portraits/med/men/8.jpg","thumbnail":"https://randomuser.me/api/portraits/thumb/men/8.jpg"},"nat":"ES"}],"info":{"seed":"ffc814fa87593990","results":1,"page":1,"version":"1.4"}} 
 </msg>
<msg time="2024-07-16T23:16:45.877699" level="INFO">/opt/hostedtoolcache/Python/3.12.4/x64/lib/python3.12/site-packages/urllib3/connectionpool.py:1099: InsecureRequestWarning: Unverified HTTPS request is being made to host 'randomuser.me'. Adding certificate verification is strongly advised. See: https://urllib3.readthedocs.io/en/latest/advanced-usage.html#tls-warnings
  warnings.warn(</msg>
<msg time="2024-07-16T23:16:45.877845" level="INFO">${response} = &lt;Response [200]&gt;</msg>
<var>${response}</var>
<arg>consultarAPI</arg>
<arg>/api</arg>
<doc>Sends a GET request on a previously created HTTP Session.</doc>
<status status="PASS" start="2024-07-16T23:16:45.775362" elapsed="0.102527"/>
</kw>
<kw name="Set Variable" owner="BuiltIn">
<msg time="2024-07-16T23:16:45.878904" level="INFO">${json_data} = {'results': [{'gender': 'male', 'name': {'title': 'Mr', 'first': 'Santiago', 'last': 'Sanz'}, 'location': {'street': {'number': 1543, 'name': 'Calle de Alberto Aguilera'}, 'city': 'Lugo', 'state': 'Ex...</msg>
<var>${json_data}</var>
<arg>${response.json()}</arg>
<doc>Returns the given values which can then be assigned to a variables.</doc>
<status status="PASS" start="2024-07-16T23:16:45.878391" elapsed="0.000542"/>
</kw>
<kw name="Log" owner="BuiltIn">
<msg time="2024-07-16T23:16:45.879416" level="INFO">{'results': [{'gender': 'male', 'name': {'title': 'Mr', 'first': 'Santiago', 'last': 'Sanz'}, 'location': {'street': {'number': 1543, 'name': 'Calle de Alberto Aguilera'}, 'city': 'Lugo', 'state': 'Extremadura', 'country': 'Spain', 'postcode': 18067, 'coordinates': {'latitude': '-33.5922', 'longitude': '-168.4139'}, 'timezone': {'offset': '+3:00', 'description': 'Baghdad, Riyadh, Moscow, St. Petersburg'}}, 'email': 'santiago.sanz@example.com', 'login': {'uuid': 'ee823791-8d9e-46c0-b38e-12b19eb5eeaf', 'username': 'orangetiger194', 'password': 'citizen', 'salt': 'HYL6zXbn', 'md5': '76e43287049ba5dcbfd4dada3bfe6546', 'sha1': 'fd732e1a57955df113538146302b5c7a498e28d9', 'sha256': 'b999bdf90ec3c7edb8df8aa346ff8d8a6e711b8c88f41f5e6e29814964837fad'}, 'dob': {'date': '1954-05-21T00:32:54.580Z', 'age': 70}, 'registered': {'date': '2016-06-27T04:16:14.065Z', 'age': 8}, 'phone': '959-738-969', 'cell': '696-109-060', 'id': {'name': 'DNI', 'value': '41621751-L'}, 'picture': {'large': 'https://randomuser.me/api/portraits/men/8.jpg', 'medium': 'https://randomuser.me/api/portraits/med/men/8.jpg', 'thumbnail': 'https://randomuser.me/api/portraits/thumb/men/8.jpg'}, 'nat': 'ES'}], 'info': {'seed': 'ffc814fa87593990', 'results': 1, 'page': 1, 'version': '1.4'}}</msg>
<arg>${json_data}</arg>
<doc>Logs the given message with the given level.</doc>
<status status="PASS" start="2024-07-16T23:16:45.879255" elapsed="0.000208"/>
</kw>
<kw name="Dictionary Should Contain Key" owner="Collections">
<arg>${json_data}</arg>
<arg>results</arg>
<doc>Fails if ``key`` is not found from ``dictionary``.</doc>
<status status="PASS" start="2024-07-16T23:16:45.879753" elapsed="0.000155"/>
</kw>
<kw name="Should Not Be Empty" owner="BuiltIn">
<msg time="2024-07-16T23:16:45.880224" level="INFO">Length is 2.</msg>
<arg>${json_data}</arg>
<doc>Verifies that the given item is not empty.</doc>
<status status="PASS" start="2024-07-16T23:16:45.880089" elapsed="0.000173"/>
</kw>
<kw name="Create List" owner="BuiltIn">
<msg time="2024-07-16T23:16:45.880870" level="INFO">${expected_keys} = ['gender', 'name', 'location', 'email', 'login']</msg>
<var>${expected_keys}</var>
<arg>gender</arg>
<arg>name</arg>
<arg>location</arg>
<arg>email</arg>
<arg>login</arg>
<doc>Returns a list containing given items.</doc>
<status status="PASS" start="2024-07-16T23:16:45.880558" elapsed="0.000338"/>
</kw>
<for flavor="IN">
<iter>
<kw name="Dictionary Should Contain Key" owner="Collections">
<arg>${json_data['results'][0]}</arg>
<arg>${key}</arg>
<doc>Fails if ``key`` is not found from ``dictionary``.</doc>
<status status="PASS" start="2024-07-16T23:16:45.881624" elapsed="0.000423"/>
</kw>
<kw name="Log" owner="BuiltIn">
<msg time="2024-07-16T23:16:45.882612" level="INFO">{'gender': 'male', 'name': {'title': 'Mr', 'first': 'Santiago', 'last': 'Sanz'}, 'location': {'street': {'number': 1543, 'name': 'Calle de Alberto Aguilera'}, 'city': 'Lugo', 'state': 'Extremadura', 'country': 'Spain', 'postcode': 18067, 'coordinates': {'latitude': '-33.5922', 'longitude': '-168.4139'}, 'timezone': {'offset': '+3:00', 'description': 'Baghdad, Riyadh, Moscow, St. Petersburg'}}, 'email': 'santiago.sanz@example.com', 'login': {'uuid': 'ee823791-8d9e-46c0-b38e-12b19eb5eeaf', 'username': 'orangetiger194', 'password': 'citizen', 'salt': 'HYL6zXbn', 'md5': '76e43287049ba5dcbfd4dada3bfe6546', 'sha1': 'fd732e1a57955df113538146302b5c7a498e28d9', 'sha256': 'b999bdf90ec3c7edb8df8aa346ff8d8a6e711b8c88f41f5e6e29814964837fad'}, 'dob': {'date': '1954-05-21T00:32:54.580Z', 'age': 70}, 'registered': {'date': '2016-06-27T04:16:14.065Z', 'age': 8}, 'phone': '959-738-969', 'cell': '696-109-060', 'id': {'name': 'DNI', 'value': '41621751-L'}, 'picture': {'large': 'https://randomuser.me/api/portraits/men/8.jpg', 'medium': 'https://randomuser.me/api/portraits/med/men/8.jpg', 'thumbnail': 'https://randomuser.me/api/portraits/thumb/men/8.jpg'}, 'nat': 'ES'}</msg>
<arg>${json_data['results'][0]}</arg>
<doc>Logs the given message with the given level.</doc>
<status status="PASS" start="2024-07-16T23:16:45.882236" elapsed="0.000440"/>
</kw>
<kw name="Log" owner="BuiltIn">
<msg time="2024-07-16T23:16:45.883148" level="INFO">gender</msg>
<arg>${key}</arg>
<doc>Logs the given message with the given level.</doc>
<status status="PASS" start="2024-07-16T23:16:45.883011" elapsed="0.000176"/>
</kw>
<var name="${key}">gender</var>
<status status="PASS" start="2024-07-16T23:16:45.881486" elapsed="0.001928"/>
</iter>
<iter>
<kw name="Dictionary Should Contain Key" owner="Collections">
<arg>${json_data['results'][0]}</arg>
<arg>${key}</arg>
<doc>Fails if ``key`` is not found from ``dictionary``.</doc>
<status status="PASS" start="2024-07-16T23:16:45.883737" elapsed="0.000461"/>
</kw>
<kw name="Log" owner="BuiltIn">
<msg time="2024-07-16T23:16:45.884775" level="INFO">{'gender': 'male', 'name': {'title': 'Mr', 'first': 'Santiago', 'last': 'Sanz'}, 'location': {'street': {'number': 1543, 'name': 'Calle de Alberto Aguilera'}, 'city': 'Lugo', 'state': 'Extremadura', 'country': 'Spain', 'postcode': 18067, 'coordinates': {'latitude': '-33.5922', 'longitude': '-168.4139'}, 'timezone': {'offset': '+3:00', 'description': 'Baghdad, Riyadh, Moscow, St. Petersburg'}}, 'email': 'santiago.sanz@example.com', 'login': {'uuid': 'ee823791-8d9e-46c0-b38e-12b19eb5eeaf', 'username': 'orangetiger194', 'password': 'citizen', 'salt': 'HYL6zXbn', 'md5': '76e43287049ba5dcbfd4dada3bfe6546', 'sha1': 'fd732e1a57955df113538146302b5c7a498e28d9', 'sha256': 'b999bdf90ec3c7edb8df8aa346ff8d8a6e711b8c88f41f5e6e29814964837fad'}, 'dob': {'date': '1954-05-21T00:32:54.580Z', 'age': 70}, 'registered': {'date': '2016-06-27T04:16:14.065Z', 'age': 8}, 'phone': '959-738-969', 'cell': '696-109-060', 'id': {'name': 'DNI', 'value': '41621751-L'}, 'picture': {'large': 'https://randomuser.me/api/portraits/men/8.jpg', 'medium': 'https://randomuser.me/api/portraits/med/men/8.jpg', 'thumbnail': 'https://randomuser.me/api/portraits/thumb/men/8.jpg'}, 'nat': 'ES'}</msg>
<arg>${json_data['results'][0]}</arg>
<doc>Logs the given message with the given level.</doc>
<status status="PASS" start="2024-07-16T23:16:45.884396" elapsed="0.000472"/>
</kw>
<kw name="Log" owner="BuiltIn">
<msg time="2024-07-16T23:16:45.885330" level="INFO">name</msg>
<arg>${key}</arg>
<doc>Logs the given message with the given level.</doc>
<status status="PASS" start="2024-07-16T23:16:45.885193" elapsed="0.000178"/>
</kw>
<var name="${key}">name</var>
<status status="PASS" start="2024-07-16T23:16:45.883618" elapsed="0.002027"/>
</iter>
<iter>
<kw name="Dictionary Should Contain Key" owner="Collections">
<arg>${json_data['results'][0]}</arg>
<arg>${key}</arg>
<doc>Fails if ``key`` is not found from ``dictionary``.</doc>
<status status="PASS" start="2024-07-16T23:16:45.885964" elapsed="0.000401"/>
</kw>
<kw name="Log" owner="BuiltIn">
<msg time="2024-07-16T23:16:45.886929" level="INFO">{'gender': 'male', 'name': {'title': 'Mr', 'first': 'Santiago', 'last': 'Sanz'}, 'location': {'street': {'number': 1543, 'name': 'Calle de Alberto Aguilera'}, 'city': 'Lugo', 'state': 'Extremadura', 'country': 'Spain', 'postcode': 18067, 'coordinates': {'latitude': '-33.5922', 'longitude': '-168.4139'}, 'timezone': {'offset': '+3:00', 'description': 'Baghdad, Riyadh, Moscow, St. Petersburg'}}, 'email': 'santiago.sanz@example.com', 'login': {'uuid': 'ee823791-8d9e-46c0-b38e-12b19eb5eeaf', 'username': 'orangetiger194', 'password': 'citizen', 'salt': 'HYL6zXbn', 'md5': '76e43287049ba5dcbfd4dada3bfe6546', 'sha1': 'fd732e1a57955df113538146302b5c7a498e28d9', 'sha256': 'b999bdf90ec3c7edb8df8aa346ff8d8a6e711b8c88f41f5e6e29814964837fad'}, 'dob': {'date': '1954-05-21T00:32:54.580Z', 'age': 70}, 'registered': {'date': '2016-06-27T04:16:14.065Z', 'age': 8}, 'phone': '959-738-969', 'cell': '696-109-060', 'id': {'name': 'DNI', 'value': '41621751-L'}, 'picture': {'large': 'https://randomuser.me/api/portraits/men/8.jpg', 'medium': 'https://randomuser.me/api/portraits/med/men/8.jpg', 'thumbnail': 'https://randomuser.me/api/portraits/thumb/men/8.jpg'}, 'nat': 'ES'}</msg>
<arg>${json_data['results'][0]}</arg>
<doc>Logs the given message with the given level.</doc>
<status status="PASS" start="2024-07-16T23:16:45.886562" elapsed="0.000425"/>
</kw>
<kw name="Log" owner="BuiltIn">
<msg time="2024-07-16T23:16:45.887431" level="INFO">location</msg>
<arg>${key}</arg>
<doc>Logs the given message with the given level.</doc>
<status status="PASS" start="2024-07-16T23:16:45.887298" elapsed="0.000172"/>
</kw>
<var name="${key}">location</var>
<status status="PASS" start="2024-07-16T23:16:45.885846" elapsed="0.001850"/>
</iter>
<iter>
<kw name="Dictionary Should Contain Key" owner="Collections">
<arg>${json_data['results'][0]}</arg>
<arg>${key}</arg>
<doc>Fails if ``key`` is not found from ``dictionary``.</doc>
<status status="PASS" start="2024-07-16T23:16:45.887996" elapsed="0.000413"/>
</kw>
<kw name="Log" owner="BuiltIn">
<msg time="2024-07-16T23:16:45.888970" level="INFO">{'gender': 'male', 'name': {'title': 'Mr', 'first': 'Santiago', 'last': 'Sanz'}, 'location': {'street': {'number': 1543, 'name': 'Calle de Alberto Aguilera'}, 'city': 'Lugo', 'state': 'Extremadura', 'country': 'Spain', 'postcode': 18067, 'coordinates': {'latitude': '-33.5922', 'longitude': '-168.4139'}, 'timezone': {'offset': '+3:00', 'description': 'Baghdad, Riyadh, Moscow, St. Petersburg'}}, 'email': 'santiago.sanz@example.com', 'login': {'uuid': 'ee823791-8d9e-46c0-b38e-12b19eb5eeaf', 'username': 'orangetiger194', 'password': 'citizen', 'salt': 'HYL6zXbn', 'md5': '76e43287049ba5dcbfd4dada3bfe6546', 'sha1': 'fd732e1a57955df113538146302b5c7a498e28d9', 'sha256': 'b999bdf90ec3c7edb8df8aa346ff8d8a6e711b8c88f41f5e6e29814964837fad'}, 'dob': {'date': '1954-05-21T00:32:54.580Z', 'age': 70}, 'registered': {'date': '2016-06-27T04:16:14.065Z', 'age': 8}, 'phone': '959-738-969', 'cell': '696-109-060', 'id': {'name': 'DNI', 'value': '41621751-L'}, 'picture': {'large': 'https://randomuser.me/api/portraits/men/8.jpg', 'medium': 'https://randomuser.me/api/portraits/med/men/8.jpg', 'thumbnail': 'https://randomuser.me/api/portraits/thumb/men/8.jpg'}, 'nat': 'ES'}</msg>
<arg>${json_data['results'][0]}</arg>
<doc>Logs the given message with the given level.</doc>
<status status="PASS" start="2024-07-16T23:16:45.888608" elapsed="0.000411"/>
</kw>
<kw name="Log" owner="BuiltIn">
<msg time="2024-07-16T23:16:45.889532" level="INFO">email</msg>
<arg>${key}</arg>
<doc>Logs the given message with the given level.</doc>
<status status="PASS" start="2024-07-16T23:16:45.889330" elapsed="0.000246"/>
</kw>
<var name="${key}">email</var>
<status status="PASS" start="2024-07-16T23:16:45.887882" elapsed="0.001925"/>
</iter>
<iter>
<kw name="Dictionary Should Contain Key" owner="Collections">
<arg>${json_data['results'][0]}</arg>
<arg>${key}</arg>
<doc>Fails if ``key`` is not found from ``dictionary``.</doc>
<status status="PASS" start="2024-07-16T23:16:45.890111" elapsed="0.000408"/>
</kw>
<kw name="Log" owner="BuiltIn">
<msg time="2024-07-16T23:16:45.891073" level="INFO">{'gender': 'male', 'name': {'title': 'Mr', 'first': 'Santiago', 'last': 'Sanz'}, 'location': {'street': {'number': 1543, 'name': 'Calle de Alberto Aguilera'}, 'city': 'Lugo', 'state': 'Extremadura', 'country': 'Spain', 'postcode': 18067, 'coordinates': {'latitude': '-33.5922', 'longitude': '-168.4139'}, 'timezone': {'offset': '+3:00', 'description': 'Baghdad, Riyadh, Moscow, St. Petersburg'}}, 'email': 'santiago.sanz@example.com', 'login': {'uuid': 'ee823791-8d9e-46c0-b38e-12b19eb5eeaf', 'username': 'orangetiger194', 'password': 'citizen', 'salt': 'HYL6zXbn', 'md5': '76e43287049ba5dcbfd4dada3bfe6546', 'sha1': 'fd732e1a57955df113538146302b5c7a498e28d9', 'sha256': 'b999bdf90ec3c7edb8df8aa346ff8d8a6e711b8c88f41f5e6e29814964837fad'}, 'dob': {'date': '1954-05-21T00:32:54.580Z', 'age': 70}, 'registered': {'date': '2016-06-27T04:16:14.065Z', 'age': 8}, 'phone': '959-738-969', 'cell': '696-109-060', 'id': {'name': 'DNI', 'value': '41621751-L'}, 'picture': {'large': 'https://randomuser.me/api/portraits/men/8.jpg', 'medium': 'https://randomuser.me/api/portraits/med/men/8.jpg', 'thumbnail': 'https://randomuser.me/api/portraits/thumb/men/8.jpg'}, 'nat': 'ES'}</msg>
<arg>${json_data['results'][0]}</arg>
<doc>Logs the given message with the given level.</doc>
<status status="PASS" start="2024-07-16T23:16:45.890710" elapsed="0.000412"/>
</kw>
<kw name="Log" owner="BuiltIn">
<msg time="2024-07-16T23:16:45.891563" level="INFO">login</msg>
<arg>${key}</arg>
<doc>Logs the given message with the given level.</doc>
<status status="PASS" start="2024-07-16T23:16:45.891431" elapsed="0.000171"/>
</kw>
<var name="${key}">login</var>
<status status="PASS" start="2024-07-16T23:16:45.889991" elapsed="0.001840"/>
</iter>
<var>${key}</var>
<value>@{expected_keys}</value>
<status status="PASS" start="2024-07-16T23:16:45.881214" elapsed="0.010745"/>
</for>
<kw name="Create List" owner="BuiltIn">
<msg time="2024-07-16T23:16:45.892318" level="INFO">${expected_keysTwo} = ['username', 'password']</msg>
<var>${expected_keysTwo}</var>
<arg>username</arg>
<arg>password</arg>
<doc>Returns a list containing given items.</doc>
<status status="PASS" start="2024-07-16T23:16:45.892168" elapsed="0.000206"/>
</kw>
<for flavor="IN">
<iter>
<kw name="Dictionary Should Contain Key" owner="Collections">
<arg>${json_data['results'][0]['login']}</arg>
<arg>${keyTwo}</arg>
<doc>Fails if ``key`` is not found from ``dictionary``.</doc>
<status status="PASS" start="2024-07-16T23:16:45.892931" elapsed="0.000414"/>
</kw>
<kw name="Dictionary Should Contain Key" owner="Collections">
<arg>${json_data['results'][0]['login']}</arg>
<arg>${keyTwo}</arg>
<doc>Fails if ``key`` is not found from ``dictionary``.</doc>
<status status="PASS" start="2024-07-16T23:16:45.893610" elapsed="0.000396"/>
</kw>
<kw name="Log" owner="BuiltIn">
<msg time="2024-07-16T23:16:45.894328" level="INFO">username</msg>
<arg>${keyTwo}</arg>
<doc>Logs the given message with the given level.</doc>
<status status="PASS" start="2024-07-16T23:16:45.894199" elapsed="0.000168"/>
</kw>
<var name="${keyTwo}">username</var>
<status status="PASS" start="2024-07-16T23:16:45.892811" elapsed="0.001793"/>
</iter>
<iter>
<kw name="Dictionary Should Contain Key" owner="Collections">
<arg>${json_data['results'][0]['login']}</arg>
<arg>${keyTwo}</arg>
<doc>Fails if ``key`` is not found from ``dictionary``.</doc>
<status status="PASS" start="2024-07-16T23:16:45.894901" elapsed="0.000405"/>
</kw>
<kw name="Dictionary Should Contain Key" owner="Collections">
<arg>${json_data['results'][0]['login']}</arg>
<arg>${keyTwo}</arg>
<doc>Fails if ``key`` is not found from ``dictionary``.</doc>
<status status="PASS" start="2024-07-16T23:16:45.895494" elapsed="0.000388"/>
</kw>
<kw name="Log" owner="BuiltIn">
<msg time="2024-07-16T23:16:45.896190" level="INFO">password</msg>
<arg>${keyTwo}</arg>
<doc>Logs the given message with the given level.</doc>
<status status="PASS" start="2024-07-16T23:16:45.896067" elapsed="0.000166"/>
</kw>
<var name="${keyTwo}">password</var>
<status status="PASS" start="2024-07-16T23:16:45.894789" elapsed="0.001812"/>
</iter>
<var>${keyTwo}</var>
<value>@{expected_keysTwo}</value>
<status status="PASS" start="2024-07-16T23:16:45.892633" elapsed="0.004099"/>
</for>
<status status="PASS" start="2024-07-16T23:16:45.775094" elapsed="0.121800"/>
</kw>
<doc>Testa a estrutura da resposta da API.</doc>
<tag>testeEstruturaResposta</tag>
<status status="PASS" start="2024-07-16T23:16:45.774451" elapsed="0.122615"/>
</test>
<test id="s1-s1-t4" name="Validar tipos de dados" line="28">
<kw name="Teste de Tipos de Dados" owner="random-user-service">
<kw name="GET On Session" owner="RequestsLibrary">
<msg time="2024-07-16T23:16:46.011551" level="INFO">GET Request : url=https://randomuser.me/api 
 path_url=/api 
 headers={'User-Agent': 'python-requests/2.32.3', 'Accept-Encoding': 'gzip, deflate', 'Accept': '*/*', 'Connection': 'keep-alive'} 
 body=None 
 </msg>
<msg time="2024-07-16T23:16:46.011663" level="INFO">GET Response : url=https://randomuser.me/api 
 status=200, reason=OK 
 headers={'Date': 'Tue, 16 Jul 2024 23:16:46 GMT', 'Content-Type': 'application/json; charset=utf-8', 'Transfer-Encoding': 'chunked', 'Connection': 'keep-alive', 'X-Powered-By': 'Express', 'Access-Control-Allow-Origin': '*', 'Cache-Control': 'no-cache', 'ETag': 'W/"489-rnMWUDmvFfpA6OBqJ7Z2SsNwQoQ"', 'Vary': 'Accept-Encoding', 'Content-Encoding': 'gzip', 'CF-Cache-Status': 'DYNAMIC', 'Report-To': '{"endpoints":[{"url":"https:\\/\\/a.nel.cloudflare.com\\/report\\/v4?s=arG%2FJ5CJE%2FGNaKtyTe02BcGp7f5PS6FYwpp6me5YalCt9W8YVpXaPS2Rk7v%2FSes3USv3ubbjPXNKnjn2ynprk%2FhoV7tui1GE9kuasqA7JNKvqJkK2kfrDNW9oB9UaZUQ"}],"group":"cf-nel","max_age":604800}', 'NEL': '{"success_fraction":0,"report_to":"cf-nel","max_age":604800}', 'Server': 'cloudflare', 'CF-RAY': '8a45b3aaee1a7e86-LAX', 'alt-svc': 'h3=":443"; ma=86400'} 
 body={"results":[{"gender":"female","name":{"title":"Mrs","first":"Allie","last":"Bell"},"location":{"street":{"number":5029,"name":"Chester Road"},"city":"Leicester","state":"Buckinghamshire","country":"United Kingdom","postcode":"FL75 2YT","coordinates":{"latitude":"-6.2816","longitude":"80.1659"},"timezone":{"offset":"-10:00","description":"Hawaii"}},"email":"allie.bell@example.com","login":{"uuid":"00518170-9385-4a63-be70-9b7d0baa6e79","username":"beautifulmouse725","password":"indians","salt":"oIvPAon5","md5":"0c368c266f82fa6d08d97988a18397f9","sha1":"6b8685ae60c7404c4348e28923237295b837a8cb","sha256":"93416a5943ed95229d645949a02d20e5341e44b8381bfde22709ce2f545af559"},"dob":{"date":"1970-12-07T02:35:26.429Z","age":53},"registered":{"date":"2018-08-21T04:43:51.802Z","age":5},"phone":"013873 96355","cell":"07296 188934","id":{"name":"NINO","value":"KC 43 75 87 M"},"picture":{"large":"https://randomuser.me/api/portraits/women/0.jpg","medium":"https://randomuser.me/api/portraits/med/women/0.jpg","thumbnail":"https://randomuser.me/api/portraits/thumb/women/0.jpg"},"nat":"GB"}],"info":{"seed":"0f5842a06441c705","results":1,"page":1,"version":"1.4"}} 
 </msg>
<msg time="2024-07-16T23:16:46.011733" level="INFO">/opt/hostedtoolcache/Python/3.12.4/x64/lib/python3.12/site-packages/urllib3/connectionpool.py:1099: InsecureRequestWarning: Unverified HTTPS request is being made to host 'randomuser.me'. Adding certificate verification is strongly advised. See: https://urllib3.readthedocs.io/en/latest/advanced-usage.html#tls-warnings
  warnings.warn(</msg>
<msg time="2024-07-16T23:16:46.011873" level="INFO">${response} = &lt;Response [200]&gt;</msg>
<var>${response}</var>
<arg>consultarAPI</arg>
<arg>/api</arg>
<doc>Sends a GET request on a previously created HTTP Session.</doc>
<status status="PASS" start="2024-07-16T23:16:45.899921" elapsed="0.112001"/>
</kw>
<kw name="Set Variable" owner="BuiltIn">
<msg time="2024-07-16T23:16:46.013006" level="INFO">${json_data} = {'results': [{'gender': 'female', 'name': {'title': 'Mrs', 'first': 'Allie', 'last': 'Bell'}, 'location': {'street': {'number': 5029, 'name': 'Chester Road'}, 'city': 'Leicester', 'state': 'Buckingham...</msg>
<var>${json_data}</var>
<arg>${response.json()}</arg>
<doc>Returns the given values which can then be assigned to a variables.</doc>
<status status="PASS" start="2024-07-16T23:16:46.012451" elapsed="0.000586"/>
</kw>
<kw name="Log" owner="BuiltIn">
<msg time="2024-07-16T23:16:46.013650" level="INFO">{'results': [{'gender': 'female', 'name': {'title': 'Mrs', 'first': 'Allie', 'last': 'Bell'}, 'location': {'street': {'number': 5029, 'name': 'Chester Road'}, 'city': 'Leicester', 'state': 'Buckinghamshire', 'country': 'United Kingdom', 'postcode': 'FL75 2YT', 'coordinates': {'latitude': '-6.2816', 'longitude': '80.1659'}, 'timezone': {'offset': '-10:00', 'description': 'Hawaii'}}, 'email': 'allie.bell@example.com', 'login': {'uuid': '00518170-9385-4a63-be70-9b7d0baa6e79', 'username': 'beautifulmouse725', 'password': 'indians', 'salt': 'oIvPAon5', 'md5': '0c368c266f82fa6d08d97988a18397f9', 'sha1': '6b8685ae60c7404c4348e28923237295b837a8cb', 'sha256': '93416a5943ed95229d645949a02d20e5341e44b8381bfde22709ce2f545af559'}, 'dob': {'date': '1970-12-07T02:35:26.429Z', 'age': 53}, 'registered': {'date': '2018-08-21T04:43:51.802Z', 'age': 5}, 'phone': '013873 96355', 'cell': '07296 188934', 'id': {'name': 'NINO', 'value': 'KC 43 75 87 M'}, 'picture': {'large': 'https://randomuser.me/api/portraits/women/0.jpg', 'medium': 'https://randomuser.me/api/portraits/med/women/0.jpg', 'thumbnail': 'https://randomuser.me/api/portraits/thumb/women/0.jpg'}, 'nat': 'GB'}], 'info': {'seed': '0f5842a06441c705', 'results': 1, 'page': 1, 'version': '1.4'}}</msg>
<arg>${json_data}</arg>
<doc>Logs the given message with the given level.</doc>
<status status="PASS" start="2024-07-16T23:16:46.013404" elapsed="0.000296"/>
</kw>
<kw name="Should Be String" owner="String">
<arg>${json_data['results'][0]['gender']}</arg>
<doc>Fails if the given ``item`` is not a string.</doc>
<status status="PASS" start="2024-07-16T23:16:46.014021" elapsed="0.000376"/>
</kw>
<kw name="Should Match Regexp" owner="BuiltIn">
<arg>${json_data['results'][0]['email']}</arg>
<arg>^[a-zA-Z0-9._%+-]+@[a-zA-Z0-9.-]+\.[a-zA-Z]{2,}$</arg>
<doc>Fails if ``string`` does not match ``pattern`` as a regular expression.</doc>
<status status="PASS" start="2024-07-16T23:16:46.014588" elapsed="0.000512"/>
</kw>
<kw name="Should Match Regexp" owner="BuiltIn">
<arg>${json_data['results'][0]['dob']['date']}</arg>
<arg>\\d{4}-\\d{2}-\\d{2}T\\d{2}:\\d{2}:\\d{2}\\.\\d{3}Z</arg>
<doc>Fails if ``string`` does not match ``pattern`` as a regular expression.</doc>
<status status="PASS" start="2024-07-16T23:16:46.015340" elapsed="0.000488"/>
</kw>
<kw name="Should Match Regexp" owner="BuiltIn">
<arg>${json_data['results'][0]['registered']['date']}</arg>
<arg>\\d{4}-\\d{2}-\\d{2}T\\d{2}:\\d{2}:\\d{2}\\.\\d{3}Z</arg>
<doc>Fails if ``string`` does not match ``pattern`` as a regular expression.</doc>
<status status="PASS" start="2024-07-16T23:16:46.016017" elapsed="0.000381"/>
</kw>
<kw name="Should Match Regexp" owner="BuiltIn">
<arg>${json_data['results'][0]['picture']['large']}</arg>
<arg>^https?://.*\.(?:png|jpe?g|gif|bmp)$</arg>
<doc>Fails if ``string`` does not match ``pattern`` as a regular expression.</doc>
<status status="PASS" start="2024-07-16T23:16:46.016595" elapsed="0.000492"/>
</kw>
<kw name="Should Match Regexp" owner="BuiltIn">
<arg>${json_data['results'][0]['picture']['medium']}</arg>
<arg>^https?://.*\.(?:png|jpe?g|gif|bmp)$</arg>
<doc>Fails if ``string`` does not match ``pattern`` as a regular expression.</doc>
<status status="PASS" start="2024-07-16T23:16:46.017285" elapsed="0.000392"/>
</kw>
<kw name="Should Match Regexp" owner="BuiltIn">
<arg>${json_data['results'][0]['picture']['thumbnail']}</arg>
<arg>^https?://.*\.(?:png|jpe?g|gif|bmp)$</arg>
<doc>Fails if ``string`` does not match ``pattern`` as a regular expression.</doc>
<status status="PASS" start="2024-07-16T23:16:46.017872" elapsed="0.000364"/>
</kw>
<kw name="Log" owner="BuiltIn">
<msg time="2024-07-16T23:16:46.018778" level="INFO">{'large': 'https://randomuser.me/api/portraits/women/0.jpg', 'medium': 'https://randomuser.me/api/portraits/med/women/0.jpg', 'thumbnail': 'https://randomuser.me/api/portraits/thumb/women/0.jpg'}</msg>
<arg>${json_data['results'][0]['picture']}</arg>
<doc>Logs the given message with the given level.</doc>
<status status="PASS" start="2024-07-16T23:16:46.018431" elapsed="0.000391"/>
</kw>
<status status="PASS" start="2024-07-16T23:16:45.899667" elapsed="0.119427"/>
</kw>
<kw name="Teste de Tipos de Dados - Postcode" owner="random-user-service">
<kw name="GET On Session" owner="RequestsLibrary">
<msg time="2024-07-16T23:16:46.132062" level="INFO">GET Request : url=https://randomuser.me/api 
 path_url=/api 
 headers={'User-Agent': 'python-requests/2.32.3', 'Accept-Encoding': 'gzip, deflate', 'Accept': '*/*', 'Connection': 'keep-alive'} 
 body=None 
 </msg>
<msg time="2024-07-16T23:16:46.132180" level="INFO">GET Response : url=https://randomuser.me/api 
 status=200, reason=OK 
 headers={'Date': 'Tue, 16 Jul 2024 23:16:46 GMT', 'Content-Type': 'application/json; charset=utf-8', 'Transfer-Encoding': 'chunked', 'Connection': 'keep-alive', 'X-Powered-By': 'Express', 'Access-Control-Allow-Origin': '*', 'Cache-Control': 'no-cache', 'ETag': 'W/"486-KWebmJs9PZ5POJZTtTTnKs0nFDw"', 'Vary': 'Accept-Encoding', 'Content-Encoding': 'gzip', 'CF-Cache-Status': 'DYNAMIC', 'Report-To': '{"endpoints":[{"url":"https:\\/\\/a.nel.cloudflare.com\\/report\\/v4?s=SUmnGwdOstqssF1LbdV9AWmzv62%2BPx6lz3XuQXPRCrBmyqT7%2F%2BIX36tVDVEL36ObSjrBOh5muCz15L3CkUTidyNepeB9QwptRaptwa2osIoWD8tGv5%2FhbVjtUD0Pb7do"}],"group":"cf-nel","max_age":604800}', 'NEL': '{"success_fraction":0,"report_to":"cf-nel","max_age":604800}', 'Server': 'cloudflare', 'CF-RAY': '8a45b3abaefe7e86-LAX', 'alt-svc': 'h3=":443"; ma=86400'} 
 body={"results":[{"gender":"male","name":{"title":"Mr","first":"Alan","last":"Haugum"},"location":{"street":{"number":7458,"name":"Midtoddveien"},"city":"Røyken","state":"Description","country":"Norway","postcode":"5417","coordinates":{"latitude":"39.3876","longitude":"-4.6518"},"timezone":{"offset":"+11:00","description":"Magadan, Solomon Islands, New Caledonia"}},"email":"alan.haugum@example.com","login":{"uuid":"04fb8a39-64ed-488e-b95e-41c2ab693f53","username":"goldentiger333","password":"magellan","salt":"zq5ZGG5E","md5":"a5df151ca53e40bbfc2cc9d5faed7ccf","sha1":"424c3073f31e0e1c14534650c24e30183ea663b4","sha256":"85dd089cebed6994fe30bb5e768f888b8900a050eb28ccadee99e6629ea99d37"},"dob":{"date":"1950-12-11T02:28:08.761Z","age":73},"registered":{"date":"2017-12-11T11:02:34.168Z","age":6},"phone":"67351932","cell":"95919887","id":{"name":"FN","value":"11125038192"},"picture":{"large":"https://randomuser.me/api/portraits/men/18.jpg","medium":"https://randomuser.me/api/portraits/med/men/18.jpg","thumbnail":"https://randomuser.me/api/portraits/thumb/men/18.jpg"},"nat":"NO"}],"info":{"seed":"e1244d8f2286ac8c","results":1,"page":1,"version":"1.4"}} 
 </msg>
<msg time="2024-07-16T23:16:46.132264" level="INFO">/opt/hostedtoolcache/Python/3.12.4/x64/lib/python3.12/site-packages/urllib3/connectionpool.py:1099: InsecureRequestWarning: Unverified HTTPS request is being made to host 'randomuser.me'. Adding certificate verification is strongly advised. See: https://urllib3.readthedocs.io/en/latest/advanced-usage.html#tls-warnings
  warnings.warn(</msg>
<msg time="2024-07-16T23:16:46.132431" level="INFO">${response} = &lt;Response [200]&gt;</msg>
<var>${response}</var>
<arg>consultarAPI</arg>
<arg>/api</arg>
<doc>Sends a GET request on a previously created HTTP Session.</doc>
<status status="PASS" start="2024-07-16T23:16:46.019573" elapsed="0.112920"/>
</kw>
<kw name="Set Variable" owner="BuiltIn">
<msg time="2024-07-16T23:16:46.133890" level="INFO">${json_data} = {'results': [{'gender': 'male', 'name': {'title': 'Mr', 'first': 'Alan', 'last': 'Haugum'}, 'location': {'street': {'number': 7458, 'name': 'Midtoddveien'}, 'city': 'Røyken', 'state': 'Description', '...</msg>
<var>${json_data}</var>
<arg>${response.json()}</arg>
<doc>Returns the given values which can then be assigned to a variables.</doc>
<status status="PASS" start="2024-07-16T23:16:46.133260" elapsed="0.000665"/>
</kw>
<kw name="Log" owner="BuiltIn">
<msg time="2024-07-16T23:16:46.134573" level="INFO">{'results': [{'gender': 'male', 'name': {'title': 'Mr', 'first': 'Alan', 'last': 'Haugum'}, 'location': {'street': {'number': 7458, 'name': 'Midtoddveien'}, 'city': 'Røyken', 'state': 'Description', 'country': 'Norway', 'postcode': '5417', 'coordinates': {'latitude': '39.3876', 'longitude': '-4.6518'}, 'timezone': {'offset': '+11:00', 'description': 'Magadan, Solomon Islands, New Caledonia'}}, 'email': 'alan.haugum@example.com', 'login': {'uuid': '04fb8a39-64ed-488e-b95e-41c2ab693f53', 'username': 'goldentiger333', 'password': 'magellan', 'salt': 'zq5ZGG5E', 'md5': 'a5df151ca53e40bbfc2cc9d5faed7ccf', 'sha1': '424c3073f31e0e1c14534650c24e30183ea663b4', 'sha256': '85dd089cebed6994fe30bb5e768f888b8900a050eb28ccadee99e6629ea99d37'}, 'dob': {'date': '1950-12-11T02:28:08.761Z', 'age': 73}, 'registered': {'date': '2017-12-11T11:02:34.168Z', 'age': 6}, 'phone': '67351932', 'cell': '95919887', 'id': {'name': 'FN', 'value': '11125038192'}, 'picture': {'large': 'https://randomuser.me/api/portraits/men/18.jpg', 'medium': 'https://randomuser.me/api/portraits/med/men/18.jpg', 'thumbnail': 'https://randomuser.me/api/portraits/thumb/men/18.jpg'}, 'nat': 'NO'}], 'info': {'seed': 'e1244d8f2286ac8c', 'results': 1, 'page': 1, 'version': '1.4'}}</msg>
<arg>${json_data}</arg>
<doc>Logs the given message with the given level.</doc>
<status status="PASS" start="2024-07-16T23:16:46.134340" elapsed="0.000291"/>
</kw>
<kw name="Should Be Equal As Numbers" owner="BuiltIn">
<arg>${json_data['results'][0]['location']['postcode']}</arg>
<arg>${json_data['results'][0]['location']['postcode']}</arg>
<doc>Fails if objects are unequal after converting them to real numbers.</doc>
<status status="PASS" start="2024-07-16T23:16:46.134996" elapsed="0.000689"/>
</kw>
<kw name="Log" owner="BuiltIn">
<msg time="2024-07-16T23:16:46.136462" level="INFO">5417</msg>
<arg>${json_data['results'][0]['location']['postcode']}</arg>
<doc>Logs the given message with the given level.</doc>
<status status="PASS" start="2024-07-16T23:16:46.135902" elapsed="0.000605"/>
</kw>
<status status="PASS" start="2024-07-16T23:16:46.019333" elapsed="0.117489"/>
</kw>
<doc>Testa se os tipos de dados na resposta da API estão corretos.</doc>
<tag>testeTiposDados</tag>
<status status="PASS" start="2024-07-16T23:16:45.899051" elapsed="0.237949"/>
</test>
<test id="s1-s1-t5" name="Validar conteudo" line="35">
<kw name="Teste de Tipos de Conteudo" owner="random-user-service">
<kw name="GET On Session" owner="RequestsLibrary">
<msg time="2024-07-16T23:16:46.238730" level="INFO">GET Request : url=https://randomuser.me/api 
 path_url=/api 
 headers={'User-Agent': 'python-requests/2.32.3', 'Accept-Encoding': 'gzip, deflate', 'Accept': '*/*', 'Connection': 'keep-alive'} 
 body=None 
 </msg>
<msg time="2024-07-16T23:16:46.238850" level="INFO">GET Response : url=https://randomuser.me/api 
 status=200, reason=OK 
 headers={'Date': 'Tue, 16 Jul 2024 23:16:46 GMT', 'Content-Type': 'application/json; charset=utf-8', 'Transfer-Encoding': 'chunked', 'Connection': 'keep-alive', 'X-Powered-By': 'Express', 'Access-Control-Allow-Origin': '*', 'Cache-Control': 'no-cache', 'ETag': 'W/"499-t9X5YjQWwQ6Y61n0HDG96hQcxMY"', 'Vary': 'Accept-Encoding', 'Content-Encoding': 'gzip', 'CF-Cache-Status': 'DYNAMIC', 'Report-To': '{"endpoints":[{"url":"https:\\/\\/a.nel.cloudflare.com\\/report\\/v4?s=c4JG10%2FqnynV%2Fa6z41qEzeC39THYszd9A0VhAPyeabTDZyWeNBiERbXn8%2B%2B6paqRTRlovO6rsEkj5z7l98rSnCu8vfI4qe%2F1622gs6uZsPvJ61MdxU43BQVgt4qpGGRg"}],"group":"cf-nel","max_age":604800}', 'NEL': '{"success_fraction":0,"report_to":"cf-nel","max_age":604800}', 'Server': 'cloudflare', 'CF-RAY': '8a45b3ac6fcc7e86-LAX', 'alt-svc': 'h3=":443"; ma=86400'} 
 body={"results":[{"gender":"male","name":{"title":"Mr","first":"Rajko","last":"Pantelić"},"location":{"street":{"number":6230,"name":"Janče Jovanovića "},"city":"Loznica","state":"Šumadija","country":"Serbia","postcode":27723,"coordinates":{"latitude":"60.1593","longitude":"-73.5115"},"timezone":{"offset":"+11:00","description":"Magadan, Solomon Islands, New Caledonia"}},"email":"rajko.pantelic@example.com","login":{"uuid":"a7f957e3-bcf2-4bc2-aa68-80e8086a8193","username":"happyleopard559","password":"patriot","salt":"RY9kQYl3","md5":"8511dd7b9df5299746390cb96e0bab97","sha1":"09d8a40ff541b0983f11686a409b6906342918de","sha256":"796f44b422028172b60f30379f81929bc7314ac15e6d50e04c77098209130d4f"},"dob":{"date":"1946-08-02T15:19:06.778Z","age":77},"registered":{"date":"2020-07-26T01:46:17.714Z","age":3},"phone":"015-4650-512","cell":"068-5149-805","id":{"name":"SID","value":"953350343"},"picture":{"large":"https://randomuser.me/api/portraits/men/51.jpg","medium":"https://randomuser.me/api/portraits/med/men/51.jpg","thumbnail":"https://randomuser.me/api/portraits/thumb/men/51.jpg"},"nat":"RS"}],"info":{"seed":"c58c959249b3bda6","results":1,"page":1,"version":"1.4"}} 
 </msg>
<msg time="2024-07-16T23:16:46.238939" level="INFO">/opt/hostedtoolcache/Python/3.12.4/x64/lib/python3.12/site-packages/urllib3/connectionpool.py:1099: InsecureRequestWarning: Unverified HTTPS request is being made to host 'randomuser.me'. Adding certificate verification is strongly advised. See: https://urllib3.readthedocs.io/en/latest/advanced-usage.html#tls-warnings
  warnings.warn(</msg>
<msg time="2024-07-16T23:16:46.239085" level="INFO">${response} = &lt;Response [200]&gt;</msg>
<var>${response}</var>
<arg>consultarAPI</arg>
<arg>/api</arg>
<doc>Sends a GET request on a previously created HTTP Session.</doc>
<status status="PASS" start="2024-07-16T23:16:46.139615" elapsed="0.099512"/>
</kw>
<kw name="Set Variable" owner="BuiltIn">
<msg time="2024-07-16T23:16:46.240332" level="INFO">${json_data} = {'results': [{'gender': 'male', 'name': {'title': 'Mr', 'first': 'Rajko', 'last': 'Pantelić'}, 'location': {'street': {'number': 6230, 'name': 'Janče Jovanovića '}, 'city': 'Loznica', 'state': 'Šumadi...</msg>
<var>${json_data}</var>
<arg>${response.json()}</arg>
<doc>Returns the given values which can then be assigned to a variables.</doc>
<status status="PASS" start="2024-07-16T23:16:46.239759" elapsed="0.000606"/>
</kw>
<kw name="Set Variable" owner="BuiltIn">
<msg time="2024-07-16T23:16:46.241184" level="INFO">${name_title} = Mr</msg>
<var>${name_title}</var>
<arg>${json_data["results"][0]["name"]["title"]}</arg>
<doc>Returns the given values which can then be assigned to a variables.</doc>
<status status="PASS" start="2024-07-16T23:16:46.240753" elapsed="0.000456"/>
</kw>
<kw name="Create List" owner="BuiltIn">
<msg time="2024-07-16T23:16:46.241773" level="INFO">${allowed_titles} = ['Mr', 'Ms', 'Miss', 'Mrs', 'Madame', 'Monsieur']</msg>
<var>${allowed_titles}</var>
<arg>Mr</arg>
<arg>Ms</arg>
<arg>Miss</arg>
<arg>Mrs</arg>
<arg>Madame</arg>
<arg>Monsieur</arg>
<doc>Returns a list containing given items.</doc>
<status status="PASS" start="2024-07-16T23:16:46.241605" elapsed="0.000193"/>
</kw>
<kw name="List Should Contain Value" owner="Collections">
<arg>${allowed_titles}</arg>
<arg>${name_title}</arg>
<doc>Fails if the ``value`` is not found from ``list``.</doc>
<status status="PASS" start="2024-07-16T23:16:46.242118" elapsed="0.000219"/>
</kw>
<kw name="Set Variable" owner="BuiltIn">
<msg time="2024-07-16T23:16:46.242910" level="INFO">${name_country} = RS</msg>
<var>${name_country}</var>
<arg>${json_data["results"][0]["nat"]}</arg>
<doc>Returns the given values which can then be assigned to a variables.</doc>
<status status="PASS" start="2024-07-16T23:16:46.242525" elapsed="0.000412"/>
</kw>
<kw name="Create List" owner="BuiltIn">
<msg time="2024-07-16T23:16:46.243884" level="INFO">${list_country} = ['AD', 'AE', 'AF', 'AG', 'AI', 'AL', 'AM', 'AO', 'AQ', 'AR', 'AS', 'AT', 'AU', 'AW', 'AX', 'AZ', 'BA', 'BB', 'BD', 'BE', 'BF', 'BG', 'BH', 'BI', 'BJ', 'BL', 'BM', 'BN', 'BO', 'BQ', 'BR', 'BS', 'BT', '...</msg>
<var>${list_country}</var>
<arg>AD</arg>
<arg>AE</arg>
<arg>AF</arg>
<arg>AG</arg>
<arg>AI</arg>
<arg>AL</arg>
<arg>AM</arg>
<arg>AO</arg>
<arg>AQ</arg>
<arg>AR</arg>
<arg>AS</arg>
<arg>AT</arg>
<arg>AU</arg>
<arg>AW</arg>
<arg>AX</arg>
<arg>AZ</arg>
<arg>BA</arg>
<arg>BB</arg>
<arg>BD</arg>
<arg>BE</arg>
<arg>BF</arg>
<arg>BG</arg>
<arg>BH</arg>
<arg>BI</arg>
<arg>BJ</arg>
<arg>BL</arg>
<arg>BM</arg>
<arg>BN</arg>
<arg>BO</arg>
<arg>BQ</arg>
<arg>BR</arg>
<arg>BS</arg>
<arg>BT</arg>
<arg>BV</arg>
<arg>BW</arg>
<arg>BY</arg>
<arg>BZ</arg>
<arg>CA</arg>
<arg>CC</arg>
<arg>CD</arg>
<arg>CF</arg>
<arg>CG</arg>
<arg>CH</arg>
<arg>CI</arg>
<arg>CK</arg>
<arg>CL</arg>
<arg>CM</arg>
<arg>CN</arg>
<arg>CO</arg>
<arg>CR</arg>
<arg>CU</arg>
<arg>CV</arg>
<arg>CW</arg>
<arg>CX</arg>
<arg>CY</arg>
<arg>CZ</arg>
<arg>DE</arg>
<arg>DJ</arg>
<arg>DK</arg>
<arg>DM</arg>
<arg>DO</arg>
<arg>DZ</arg>
<arg>EC</arg>
<arg>EE</arg>
<arg>EG</arg>
<arg>EH</arg>
<arg>ER</arg>
<arg>ES</arg>
<arg>ET</arg>
<arg>FI</arg>
<arg>FJ</arg>
<arg>FK</arg>
<arg>FM</arg>
<arg>FO</arg>
<arg>FR</arg>
<arg>GA</arg>
<arg>GB</arg>
<arg>GD</arg>
<arg>GE</arg>
<arg>GF</arg>
<arg>GG</arg>
<arg>GH</arg>
<arg>GI</arg>
<arg>GL</arg>
<arg>GM</arg>
<arg>GN</arg>
<arg>GP</arg>
<arg>GQ</arg>
<arg>GR</arg>
<arg>GS</arg>
<arg>GT</arg>
<arg>GU</arg>
<arg>GW</arg>
<arg>GY</arg>
<arg>HK</arg>
<arg>HM</arg>
<arg>HN</arg>
<arg>HR</arg>
<arg>HT</arg>
<arg>HU</arg>
<arg>ID</arg>
<arg>IE</arg>
<arg>IL</arg>
<arg>IM</arg>
<arg>IN</arg>
<arg>IO</arg>
<arg>IQ</arg>
<arg>IR</arg>
<arg>IS</arg>
<arg>IT</arg>
<arg>JE</arg>
<arg>JM</arg>
<arg>JO</arg>
<arg>JP</arg>
<arg>KE</arg>
<arg>KG</arg>
<arg>KH</arg>
<arg>KI</arg>
<arg>KM</arg>
<arg>KN</arg>
<arg>KP</arg>
<arg>KR</arg>
<arg>KW</arg>
<arg>KY</arg>
<arg>KZ</arg>
<arg>LA</arg>
<arg>LB</arg>
<arg>LC</arg>
<arg>LI</arg>
<arg>LK</arg>
<arg>LR</arg>
<arg>LS</arg>
<arg>LT</arg>
<arg>LU</arg>
<arg>LV</arg>
<arg>LY</arg>
<arg>MA</arg>
<arg>MC</arg>
<arg>MD</arg>
<arg>ME</arg>
<arg>MF</arg>
<arg>MG</arg>
<arg>MH</arg>
<arg>MK</arg>
<arg>ML</arg>
<arg>MM</arg>
<arg>MN</arg>
<arg>MO</arg>
<arg>MP</arg>
<arg>MQ</arg>
<arg>MR</arg>
<arg>MS</arg>
<arg>MT</arg>
<arg>MU</arg>
<arg>MV</arg>
<arg>MW</arg>
<arg>MX</arg>
<arg>MY</arg>
<arg>MZ</arg>
<arg>NA</arg>
<arg>NC</arg>
<arg>NE</arg>
<arg>NF</arg>
<arg>NG</arg>
<arg>NI</arg>
<arg>NL</arg>
<arg>NO</arg>
<arg>NP</arg>
<arg>NR</arg>
<arg>NU</arg>
<arg>NZ</arg>
<arg>OM</arg>
<arg>PA</arg>
<arg>PE</arg>
<arg>PF</arg>
<arg>PG</arg>
<arg>PH</arg>
<arg>PK</arg>
<arg>PL</arg>
<arg>PM</arg>
<arg>PN</arg>
<arg>PR</arg>
<arg>PS</arg>
<arg>PT</arg>
<arg>PW</arg>
<arg>PY</arg>
<arg>QA</arg>
<arg>RE</arg>
<arg>RO</arg>
<arg>RS</arg>
<arg>RU</arg>
<arg>RW</arg>
<arg>SA</arg>
<arg>SB</arg>
<arg>SC</arg>
<arg>SD</arg>
<arg>SE</arg>
<arg>SG</arg>
<arg>SH</arg>
<arg>SI</arg>
<arg>SJ</arg>
<arg>SK</arg>
<arg>SL</arg>
<arg>SM</arg>
<arg>SN</arg>
<arg>SO</arg>
<arg>SR</arg>
<arg>SS</arg>
<arg>ST</arg>
<arg>SV</arg>
<arg>SX</arg>
<arg>SY</arg>
<arg>SZ</arg>
<arg>TC</arg>
<arg>TD</arg>
<arg>TF</arg>
<arg>TG</arg>
<arg>TH</arg>
<arg>TJ</arg>
<arg>TK</arg>
<arg>TL</arg>
<arg>TM</arg>
<arg>TN</arg>
<arg>TO</arg>
<arg>TR</arg>
<arg>TT</arg>
<arg>TV</arg>
<arg>TW</arg>
<arg>TZ</arg>
<arg>UA</arg>
<arg>UG</arg>
<arg>UM</arg>
<arg>US</arg>
<arg>UY</arg>
<arg>UZ</arg>
<arg>VA</arg>
<arg>VC</arg>
<arg>VE</arg>
<arg>VG</arg>
<arg>VI</arg>
<arg>VN</arg>
<arg>VU</arg>
<arg>WF</arg>
<arg>WS</arg>
<arg>XK</arg>
<arg>YE</arg>
<arg>YT</arg>
<arg>ZA</arg>
<arg>ZM</arg>
<arg>ZW</arg>
<doc>Returns a list containing given items.</doc>
<status status="PASS" start="2024-07-16T23:16:46.243281" elapsed="0.000630"/>
</kw>
<kw name="List Should Contain Value" owner="Collections">
<arg>${list_country}</arg>
<arg>${name_country}</arg>
<doc>Fails if the ``value`` is not found from ``list``.</doc>
<status status="PASS" start="2024-07-16T23:16:46.244747" elapsed="0.000213"/>
</kw>
<kw name="Run Keyword If" owner="BuiltIn">
<kw name="Should Be True" owner="BuiltIn">
<arg>${True}</arg>
<doc>Fails if the given condition is not true.</doc>
<status status="PASS" start="2024-07-16T23:16:46.245981" elapsed="0.000144"/>
</kw>
<arg>${json_data["results"][0]["location"]["coordinates"]["latitude"]} &gt;= -90 and ${json_data["results"][0]["location"]["coordinates"]["latitude"]} &lt;= 90</arg>
<arg>Should Be True</arg>
<arg>${True}</arg>
<doc>Runs the given keyword with the given arguments, if ``condition`` is true.</doc>
<status status="PASS" start="2024-07-16T23:16:46.245166" elapsed="0.001086"/>
</kw>
<kw name="Run Keyword If" owner="BuiltIn">
<kw name="Should Be True" owner="BuiltIn">
<arg>${True}</arg>
<doc>Fails if the given condition is not true.</doc>
<status status="PASS" start="2024-07-16T23:16:46.247178" elapsed="0.000274"/>
</kw>
<arg>${json_data["results"][0]["location"]["coordinates"]["longitude"]} &gt;= -180 and ${json_data["results"][0]["location"]["coordinates"]["longitude"]} &lt;= 180</arg>
<arg>Should Be True</arg>
<arg>${True}</arg>
<doc>Runs the given keyword with the given arguments, if ``condition`` is true.</doc>
<status status="PASS" start="2024-07-16T23:16:46.246436" elapsed="0.001154"/>
</kw>
<status status="PASS" start="2024-07-16T23:16:46.139364" elapsed="0.108371"/>
</kw>
<doc>Testa o conteúdo específico dos campos retornados pela API.</doc>
<tag>testeConteudo</tag>
<status status="PASS" start="2024-07-16T23:16:46.138847" elapsed="0.109055"/>
</test>
<status status="PASS" start="2024-07-16T23:16:45.221006" elapsed="1.029026"/>
</suite>
<status status="PASS" start="2024-07-16T23:16:45.204916" elapsed="1.050461"/>
</suite>
<statistics>
<total>
<stat pass="5" fail="0" skip="0">All Tests</stat>
</total>
<tag>
<stat pass="1" fail="0" skip="0">testeConteudo</stat>
<stat pass="1" fail="0" skip="0">testeEstruturaResposta</stat>
<stat pass="1" fail="0" skip="0">testeRequisicaoBasica</stat>
<stat pass="1" fail="0" skip="0">testeTiposDados</stat>
</tag>
<suite>
<stat pass="5" fail="0" skip="0" id="s1" name="Tests">Tests</stat>
<stat pass="5" fail="0" skip="0" id="s1-s1" name="Random-User-Test">Tests.Random-User-Test</stat>
</suite>
</statistics>
<errors>
</errors>
</robot>
