<?xml version="1.0" encoding="UTF-8"?>
<robot generator="Robot 7.0.1 (Python 3.12.4 on linux)" generated="2024-06-23T22:13:08.414108" rpa="false" schemaversion="5">
<suite id="s1" name="Tests" source="/home/runner/work/ApiRandomUser/ApiRandomUser/RamdonUser/tests">
<suite id="s1-s1" name="Random-User-Test" source="/home/runner/work/ApiRandomUser/ApiRandomUser/RamdonUser/tests/random-user-test.robot">
<test id="s1-s1-t1" name="Conectar" line="13">
<kw name="Conectar API" owner="random-user-service">
<kw name="Create Session" owner="RequestsLibrary">
<msg time="2024-06-23T22:13:08.831143" level="INFO">Creating Session using : alias=consultarAPI, url=https://randomuser.me/, headers={},                     cookies={}, auth=None, timeout=None, proxies=None, verify=False,                     debug=0 </msg>
<arg>consultarAPI</arg>
<arg>${URL}</arg>
<doc>Create Session: create a HTTP session to a server</doc>
<status status="PASS" start="2024-06-23T22:13:08.830941" elapsed="0.000389"/>
</kw>
<status status="PASS" start="2024-06-23T22:13:08.829957" elapsed="0.001738"/>
</kw>
<status status="PASS" start="2024-06-23T22:13:08.829302" elapsed="0.002593"/>
</test>
<test id="s1-s1-t2" name="Validar retorno 200 e JSON Válido" line="16">
<kw name="Teste de Requisicao Basica" owner="random-user-service">
<kw name="GET On Session" owner="RequestsLibrary">
<msg time="2024-06-23T22:13:09.001934" level="INFO">GET Request : url=https://randomuser.me/api 
 path_url=/api 
 headers={'User-Agent': 'python-requests/2.32.3', 'Accept-Encoding': 'gzip, deflate', 'Accept': '*/*', 'Connection': 'keep-alive'} 
 body=None 
 </msg>
<msg time="2024-06-23T22:13:09.002073" level="INFO">GET Response : url=https://randomuser.me/api 
 status=200, reason=OK 
 headers={'Date': 'Sun, 23 Jun 2024 22:13:09 GMT', 'Content-Type': 'application/json; charset=utf-8', 'Transfer-Encoding': 'chunked', 'Connection': 'keep-alive', 'X-Powered-By': 'Express', 'Access-Control-Allow-Origin': '*', 'Cache-Control': 'no-cache', 'ETag': 'W/"47f-5/9PtIcLjSbk5KAHKRBxD9+8Hdo"', 'Vary': 'Accept-Encoding', 'Content-Encoding': 'gzip', 'CF-Cache-Status': 'DYNAMIC', 'Report-To': '{"endpoints":[{"url":"https:\\/\\/a.nel.cloudflare.com\\/report\\/v4?s=OxJyCIiam2qpQfLElZsGgciGmwInmQL2%2BBz0fBjVg3V3oToXAUP4P49WLY5%2FqnzUDWExOJ9YmHgaVBJK4ezHCswSCUBF5mB30%2F%2BJwy1NZ2VCVyN0AjK%2BI9LP88jLqEyj"}],"group":"cf-nel","max_age":604800}', 'NEL': '{"success_fraction":0,"report_to":"cf-nel","max_age":604800}', 'Server': 'cloudflare', 'CF-RAY': '8987d2db091b6fc5-IAD', 'alt-svc': 'h3=":443"; ma=86400'} 
 body={"results":[{"gender":"male","name":{"title":"Mr","first":"میلاد","last":"جعفری"},"location":{"street":{"number":223,"name":"سپهبد قرنی"},"city":"ایلام","state":"کرمان","country":"Iran","postcode":36627,"coordinates":{"latitude":"21.3646","longitude":"-142.1061"},"timezone":{"offset":"-1:00","description":"Azores, Cape Verde Islands"}},"email":"myld.jaafry@example.com","login":{"uuid":"e16052c4-0dba-41c4-8821-1d70001b997a","username":"bluecat179","password":"louise","salt":"bZUPeXrV","md5":"8c966d4237eadb8ed032acbfd6257905","sha1":"209d91347715e63b03ba6a0cf160265989db4981","sha256":"806c3155a5f049c67dfc6758ad87c08ce4b8759d8a6b9a5f1482f6a0e9596d4e"},"dob":{"date":"1992-10-19T00:11:30.358Z","age":31},"registered":{"date":"2012-02-13T22:16:45.588Z","age":12},"phone":"000-06554676","cell":"0981-870-0607","id":{"name":"","value":null},"picture":{"large":"https://randomuser.me/api/portraits/men/5.jpg","medium":"https://randomuser.me/api/portraits/med/men/5.jpg","thumbnail":"https://randomuser.me/api/portraits/thumb/men/5.jpg"},"nat":"IR"}],"info":{"seed":"43ba0ee932d3c5ab","results":1,"page":1,"version":"1.4"}} 
 </msg>
<msg time="2024-06-23T22:13:09.002165" level="INFO">/opt/hostedtoolcache/Python/3.12.4/x64/lib/python3.12/site-packages/urllib3/connectionpool.py:1099: InsecureRequestWarning: Unverified HTTPS request is being made to host 'randomuser.me'. Adding certificate verification is strongly advised. See: https://urllib3.readthedocs.io/en/latest/advanced-usage.html#tls-warnings
  warnings.warn(</msg>
<msg time="2024-06-23T22:13:09.002305" level="INFO">${response} = &lt;Response [200]&gt;</msg>
<var>${response}</var>
<arg>consultarAPI</arg>
<arg>/api</arg>
<doc>Sends a GET request on a previously created HTTP Session.</doc>
<status status="PASS" start="2024-06-23T22:13:08.834568" elapsed="0.167777"/>
</kw>
<kw name="Should Be Equal As Numbers" owner="BuiltIn">
<msg time="2024-06-23T22:13:09.003334" level="INFO">Argument types are:
&lt;class 'int'&gt;
&lt;class 'str'&gt;</msg>
<arg>${response.status_code}</arg>
<arg>200</arg>
<doc>Fails if objects are unequal after converting them to real numbers.</doc>
<status status="PASS" start="2024-06-23T22:13:09.002838" elapsed="0.000563"/>
</kw>
<kw name="Log" owner="BuiltIn">
<msg time="2024-06-23T22:13:09.004060" level="INFO">200</msg>
<arg>${response.status_code}</arg>
<doc>Logs the given message with the given level.</doc>
<status status="PASS" start="2024-06-23T22:13:09.003716" elapsed="0.000385"/>
</kw>
<kw name="Set Variable" owner="BuiltIn">
<msg time="2024-06-23T22:13:09.004845" level="INFO">${json_data} = {'results': [{'gender': 'male', 'name': {'title': 'Mr', 'first': 'میلاد', 'last': 'جعفری'}, 'location': {'street': {'number': 223, 'name': 'سپهبد قرنی'}, 'city': 'ایلام', 'state': 'کرمان', 'country': ...</msg>
<var>${json_data}</var>
<arg>${response.json()}</arg>
<doc>Returns the given values which can then be assigned to a variables.</doc>
<status status="PASS" start="2024-06-23T22:13:09.004402" elapsed="0.000473"/>
</kw>
<kw name="Dictionary Should Contain Key" owner="Collections">
<arg>${json_data}</arg>
<arg>results</arg>
<doc>Fails if ``key`` is not found from ``dictionary``.</doc>
<status status="PASS" start="2024-06-23T22:13:09.005172" elapsed="0.000163"/>
</kw>
<status status="PASS" start="2024-06-23T22:13:08.834312" elapsed="0.171164"/>
</kw>
<doc>Testa se a API responde corretamente e retorna um objeto JSON válido.</doc>
<tag>testeRequisicaoBasica</tag>
<status status="PASS" start="2024-06-23T22:13:08.833842" elapsed="0.171838"/>
</test>
<test id="s1-s1-t3" name="Validar estrutura de resposta" line="22">
<kw name="Teste de Estrutura de Resposta" owner="random-user-service">
<kw name="GET On Session" owner="RequestsLibrary">
<msg time="2024-06-23T22:13:09.102519" level="INFO">GET Request : url=https://randomuser.me/api 
 path_url=/api 
 headers={'User-Agent': 'python-requests/2.32.3', 'Accept-Encoding': 'gzip, deflate', 'Accept': '*/*', 'Connection': 'keep-alive'} 
 body=None 
 </msg>
<msg time="2024-06-23T22:13:09.102583" level="INFO">GET Response : url=https://randomuser.me/api 
 status=200, reason=OK 
 headers={'Date': 'Sun, 23 Jun 2024 22:13:09 GMT', 'Content-Type': 'application/json; charset=utf-8', 'Transfer-Encoding': 'chunked', 'Connection': 'keep-alive', 'X-Powered-By': 'Express', 'Access-Control-Allow-Origin': '*', 'Cache-Control': 'no-cache', 'ETag': 'W/"4a2-i6EMYrT8Me3V1klori00zTJvDqE"', 'Vary': 'Accept-Encoding', 'Content-Encoding': 'gzip', 'CF-Cache-Status': 'DYNAMIC', 'Report-To': '{"endpoints":[{"url":"https:\\/\\/a.nel.cloudflare.com\\/report\\/v4?s=R9FP%2FLawpBJA95EwPJWDB5PtzqrCKge9SbDTwR9bjyR0CeOCFBXg0Dkp0tSPtxmwkhrD2OSyGgfNc6aOHYKqUEG%2B2Nfp2k7JTXHhq3C26Eu8mCbc8ltptoNwkMMYLXCR"}],"group":"cf-nel","max_age":604800}', 'NEL': '{"success_fraction":0,"report_to":"cf-nel","max_age":604800}', 'Server': 'cloudflare', 'CF-RAY': '8987d2db595e6fc5-IAD', 'alt-svc': 'h3=":443"; ma=86400'} 
 body={"results":[{"gender":"female","name":{"title":"Mrs","first":"Alejandra","last":"Blanco"},"location":{"street":{"number":6332,"name":"Calle de Segovia"},"city":"Vigo","state":"Castilla la Mancha","country":"Spain","postcode":51055,"coordinates":{"latitude":"-33.8471","longitude":"47.5480"},"timezone":{"offset":"-6:00","description":"Central Time (US &amp; Canada), Mexico City"}},"email":"alejandra.blanco@example.com","login":{"uuid":"0053a9f4-74d2-45e4-ba2b-626f60a1fee1","username":"sadgorilla230","password":"buceta","salt":"qYiu4rmQ","md5":"47b5abba74318bfe9b7c7b70a8105379","sha1":"fb281018bd55068dc387db86d0bdc8367f6d884d","sha256":"88b3b9b20ad630cab45a4df7792f877bc23d138575fd70773303ea40c24cb319"},"dob":{"date":"1966-11-16T22:52:38.790Z","age":57},"registered":{"date":"2021-09-28T02:21:48.323Z","age":2},"phone":"906-199-818","cell":"656-778-508","id":{"name":"DNI","value":"60561132-C"},"picture":{"large":"https://randomuser.me/api/portraits/women/39.jpg","medium":"https://randomuser.me/api/portraits/med/women/39.jpg","thumbnail":"https://randomuser.me/api/portraits/thumb/women/39.jpg"},"nat":"ES"}],"info":{"seed":"12262e3abf2fe65f","results":1,"page":1,"version":"1.4"}} 
 </msg>
<msg time="2024-06-23T22:13:09.102681" level="INFO">/opt/hostedtoolcache/Python/3.12.4/x64/lib/python3.12/site-packages/urllib3/connectionpool.py:1099: InsecureRequestWarning: Unverified HTTPS request is being made to host 'randomuser.me'. Adding certificate verification is strongly advised. See: https://urllib3.readthedocs.io/en/latest/advanced-usage.html#tls-warnings
  warnings.warn(</msg>
<msg time="2024-06-23T22:13:09.102773" level="INFO">${response} = &lt;Response [200]&gt;</msg>
<var>${response}</var>
<arg>consultarAPI</arg>
<arg>/api</arg>
<doc>Sends a GET request on a previously created HTTP Session.</doc>
<status status="PASS" start="2024-06-23T22:13:09.008827" elapsed="0.093982"/>
</kw>
<kw name="Set Variable" owner="BuiltIn">
<msg time="2024-06-23T22:13:09.103878" level="INFO">${json_data} = {'results': [{'gender': 'female', 'name': {'title': 'Mrs', 'first': 'Alejandra', 'last': 'Blanco'}, 'location': {'street': {'number': 6332, 'name': 'Calle de Segovia'}, 'city': 'Vigo', 'state': 'Casti...</msg>
<var>${json_data}</var>
<arg>${response.json()}</arg>
<doc>Returns the given values which can then be assigned to a variables.</doc>
<status status="PASS" start="2024-06-23T22:13:09.103296" elapsed="0.000612"/>
</kw>
<kw name="Log" owner="BuiltIn">
<msg time="2024-06-23T22:13:09.104375" level="INFO">{'results': [{'gender': 'female', 'name': {'title': 'Mrs', 'first': 'Alejandra', 'last': 'Blanco'}, 'location': {'street': {'number': 6332, 'name': 'Calle de Segovia'}, 'city': 'Vigo', 'state': 'Castilla la Mancha', 'country': 'Spain', 'postcode': 51055, 'coordinates': {'latitude': '-33.8471', 'longitude': '47.5480'}, 'timezone': {'offset': '-6:00', 'description': 'Central Time (US &amp; Canada), Mexico City'}}, 'email': 'alejandra.blanco@example.com', 'login': {'uuid': '0053a9f4-74d2-45e4-ba2b-626f60a1fee1', 'username': 'sadgorilla230', 'password': 'buceta', 'salt': 'qYiu4rmQ', 'md5': '47b5abba74318bfe9b7c7b70a8105379', 'sha1': 'fb281018bd55068dc387db86d0bdc8367f6d884d', 'sha256': '88b3b9b20ad630cab45a4df7792f877bc23d138575fd70773303ea40c24cb319'}, 'dob': {'date': '1966-11-16T22:52:38.790Z', 'age': 57}, 'registered': {'date': '2021-09-28T02:21:48.323Z', 'age': 2}, 'phone': '906-199-818', 'cell': '656-778-508', 'id': {'name': 'DNI', 'value': '60561132-C'}, 'picture': {'large': 'https://randomuser.me/api/portraits/women/39.jpg', 'medium': 'https://randomuser.me/api/portraits/med/women/39.jpg', 'thumbnail': 'https://randomuser.me/api/portraits/thumb/women/39.jpg'}, 'nat': 'ES'}], 'info': {'seed': '12262e3abf2fe65f', 'results': 1, 'page': 1, 'version': '1.4'}}</msg>
<arg>${json_data}</arg>
<doc>Logs the given message with the given level.</doc>
<status status="PASS" start="2024-06-23T22:13:09.104215" elapsed="0.000209"/>
</kw>
<kw name="Dictionary Should Contain Key" owner="Collections">
<arg>${json_data}</arg>
<arg>results</arg>
<doc>Fails if ``key`` is not found from ``dictionary``.</doc>
<status status="PASS" start="2024-06-23T22:13:09.104712" elapsed="0.000152"/>
</kw>
<kw name="Should Not Be Empty" owner="BuiltIn">
<msg time="2024-06-23T22:13:09.105173" level="INFO">Length is 2.</msg>
<arg>${json_data}</arg>
<doc>Verifies that the given item is not empty.</doc>
<status status="PASS" start="2024-06-23T22:13:09.105042" elapsed="0.000171"/>
</kw>
<kw name="Create List" owner="BuiltIn">
<msg time="2024-06-23T22:13:09.105850" level="INFO">${expected_keys} = ['gender', 'name', 'location', 'email', 'login']</msg>
<var>${expected_keys}</var>
<arg>gender</arg>
<arg>name</arg>
<arg>location</arg>
<arg>email</arg>
<arg>login</arg>
<doc>Returns a list containing given items.</doc>
<status status="PASS" start="2024-06-23T22:13:09.105559" elapsed="0.000318"/>
</kw>
<for flavor="IN">
<iter>
<kw name="Dictionary Should Contain Key" owner="Collections">
<arg>${json_data['results'][0]}</arg>
<arg>${key}</arg>
<doc>Fails if ``key`` is not found from ``dictionary``.</doc>
<status status="PASS" start="2024-06-23T22:13:09.106481" elapsed="0.000420"/>
</kw>
<kw name="Log" owner="BuiltIn">
<msg time="2024-06-23T22:13:09.107471" level="INFO">{'gender': 'female', 'name': {'title': 'Mrs', 'first': 'Alejandra', 'last': 'Blanco'}, 'location': {'street': {'number': 6332, 'name': 'Calle de Segovia'}, 'city': 'Vigo', 'state': 'Castilla la Mancha', 'country': 'Spain', 'postcode': 51055, 'coordinates': {'latitude': '-33.8471', 'longitude': '47.5480'}, 'timezone': {'offset': '-6:00', 'description': 'Central Time (US &amp; Canada), Mexico City'}}, 'email': 'alejandra.blanco@example.com', 'login': {'uuid': '0053a9f4-74d2-45e4-ba2b-626f60a1fee1', 'username': 'sadgorilla230', 'password': 'buceta', 'salt': 'qYiu4rmQ', 'md5': '47b5abba74318bfe9b7c7b70a8105379', 'sha1': 'fb281018bd55068dc387db86d0bdc8367f6d884d', 'sha256': '88b3b9b20ad630cab45a4df7792f877bc23d138575fd70773303ea40c24cb319'}, 'dob': {'date': '1966-11-16T22:52:38.790Z', 'age': 57}, 'registered': {'date': '2021-09-28T02:21:48.323Z', 'age': 2}, 'phone': '906-199-818', 'cell': '656-778-508', 'id': {'name': 'DNI', 'value': '60561132-C'}, 'picture': {'large': 'https://randomuser.me/api/portraits/women/39.jpg', 'medium': 'https://randomuser.me/api/portraits/med/women/39.jpg', 'thumbnail': 'https://randomuser.me/api/portraits/thumb/women/39.jpg'}, 'nat': 'ES'}</msg>
<arg>${json_data['results'][0]}</arg>
<doc>Logs the given message with the given level.</doc>
<status status="PASS" start="2024-06-23T22:13:09.107101" elapsed="0.000422"/>
</kw>
<kw name="Log" owner="BuiltIn">
<msg time="2024-06-23T22:13:09.107975" level="INFO">gender</msg>
<arg>${key}</arg>
<doc>Logs the given message with the given level.</doc>
<status status="PASS" start="2024-06-23T22:13:09.107839" elapsed="0.000176"/>
</kw>
<var name="${key}">gender</var>
<status status="PASS" start="2024-06-23T22:13:09.106351" elapsed="0.001888"/>
</iter>
<iter>
<kw name="Dictionary Should Contain Key" owner="Collections">
<arg>${json_data['results'][0]}</arg>
<arg>${key}</arg>
<doc>Fails if ``key`` is not found from ``dictionary``.</doc>
<status status="PASS" start="2024-06-23T22:13:09.108552" elapsed="0.000412"/>
</kw>
<kw name="Log" owner="BuiltIn">
<msg time="2024-06-23T22:13:09.109606" level="INFO">{'gender': 'female', 'name': {'title': 'Mrs', 'first': 'Alejandra', 'last': 'Blanco'}, 'location': {'street': {'number': 6332, 'name': 'Calle de Segovia'}, 'city': 'Vigo', 'state': 'Castilla la Mancha', 'country': 'Spain', 'postcode': 51055, 'coordinates': {'latitude': '-33.8471', 'longitude': '47.5480'}, 'timezone': {'offset': '-6:00', 'description': 'Central Time (US &amp; Canada), Mexico City'}}, 'email': 'alejandra.blanco@example.com', 'login': {'uuid': '0053a9f4-74d2-45e4-ba2b-626f60a1fee1', 'username': 'sadgorilla230', 'password': 'buceta', 'salt': 'qYiu4rmQ', 'md5': '47b5abba74318bfe9b7c7b70a8105379', 'sha1': 'fb281018bd55068dc387db86d0bdc8367f6d884d', 'sha256': '88b3b9b20ad630cab45a4df7792f877bc23d138575fd70773303ea40c24cb319'}, 'dob': {'date': '1966-11-16T22:52:38.790Z', 'age': 57}, 'registered': {'date': '2021-09-28T02:21:48.323Z', 'age': 2}, 'phone': '906-199-818', 'cell': '656-778-508', 'id': {'name': 'DNI', 'value': '60561132-C'}, 'picture': {'large': 'https://randomuser.me/api/portraits/women/39.jpg', 'medium': 'https://randomuser.me/api/portraits/med/women/39.jpg', 'thumbnail': 'https://randomuser.me/api/portraits/thumb/women/39.jpg'}, 'nat': 'ES'}</msg>
<arg>${json_data['results'][0]}</arg>
<doc>Logs the given message with the given level.</doc>
<status status="PASS" start="2024-06-23T22:13:09.109163" elapsed="0.000496"/>
</kw>
<kw name="Log" owner="BuiltIn">
<msg time="2024-06-23T22:13:09.110113" level="INFO">name</msg>
<arg>${key}</arg>
<doc>Logs the given message with the given level.</doc>
<status status="PASS" start="2024-06-23T22:13:09.109975" elapsed="0.000179"/>
</kw>
<var name="${key}">name</var>
<status status="PASS" start="2024-06-23T22:13:09.108435" elapsed="0.001948"/>
</iter>
<iter>
<kw name="Dictionary Should Contain Key" owner="Collections">
<arg>${json_data['results'][0]}</arg>
<arg>${key}</arg>
<doc>Fails if ``key`` is not found from ``dictionary``.</doc>
<status status="PASS" start="2024-06-23T22:13:09.110684" elapsed="0.000406"/>
</kw>
<kw name="Log" owner="BuiltIn">
<msg time="2024-06-23T22:13:09.111656" level="INFO">{'gender': 'female', 'name': {'title': 'Mrs', 'first': 'Alejandra', 'last': 'Blanco'}, 'location': {'street': {'number': 6332, 'name': 'Calle de Segovia'}, 'city': 'Vigo', 'state': 'Castilla la Mancha', 'country': 'Spain', 'postcode': 51055, 'coordinates': {'latitude': '-33.8471', 'longitude': '47.5480'}, 'timezone': {'offset': '-6:00', 'description': 'Central Time (US &amp; Canada), Mexico City'}}, 'email': 'alejandra.blanco@example.com', 'login': {'uuid': '0053a9f4-74d2-45e4-ba2b-626f60a1fee1', 'username': 'sadgorilla230', 'password': 'buceta', 'salt': 'qYiu4rmQ', 'md5': '47b5abba74318bfe9b7c7b70a8105379', 'sha1': 'fb281018bd55068dc387db86d0bdc8367f6d884d', 'sha256': '88b3b9b20ad630cab45a4df7792f877bc23d138575fd70773303ea40c24cb319'}, 'dob': {'date': '1966-11-16T22:52:38.790Z', 'age': 57}, 'registered': {'date': '2021-09-28T02:21:48.323Z', 'age': 2}, 'phone': '906-199-818', 'cell': '656-778-508', 'id': {'name': 'DNI', 'value': '60561132-C'}, 'picture': {'large': 'https://randomuser.me/api/portraits/women/39.jpg', 'medium': 'https://randomuser.me/api/portraits/med/women/39.jpg', 'thumbnail': 'https://randomuser.me/api/portraits/thumb/women/39.jpg'}, 'nat': 'ES'}</msg>
<arg>${json_data['results'][0]}</arg>
<doc>Logs the given message with the given level.</doc>
<status status="PASS" start="2024-06-23T22:13:09.111284" elapsed="0.000423"/>
</kw>
<kw name="Log" owner="BuiltIn">
<msg time="2024-06-23T22:13:09.112145" level="INFO">location</msg>
<arg>${key}</arg>
<doc>Logs the given message with the given level.</doc>
<status status="PASS" start="2024-06-23T22:13:09.112012" elapsed="0.000173"/>
</kw>
<var name="${key}">location</var>
<status status="PASS" start="2024-06-23T22:13:09.110571" elapsed="0.001839"/>
</iter>
<iter>
<kw name="Dictionary Should Contain Key" owner="Collections">
<arg>${json_data['results'][0]}</arg>
<arg>${key}</arg>
<doc>Fails if ``key`` is not found from ``dictionary``.</doc>
<status status="PASS" start="2024-06-23T22:13:09.112715" elapsed="0.000406"/>
</kw>
<kw name="Log" owner="BuiltIn">
<msg time="2024-06-23T22:13:09.113902" level="INFO">{'gender': 'female', 'name': {'title': 'Mrs', 'first': 'Alejandra', 'last': 'Blanco'}, 'location': {'street': {'number': 6332, 'name': 'Calle de Segovia'}, 'city': 'Vigo', 'state': 'Castilla la Mancha', 'country': 'Spain', 'postcode': 51055, 'coordinates': {'latitude': '-33.8471', 'longitude': '47.5480'}, 'timezone': {'offset': '-6:00', 'description': 'Central Time (US &amp; Canada), Mexico City'}}, 'email': 'alejandra.blanco@example.com', 'login': {'uuid': '0053a9f4-74d2-45e4-ba2b-626f60a1fee1', 'username': 'sadgorilla230', 'password': 'buceta', 'salt': 'qYiu4rmQ', 'md5': '47b5abba74318bfe9b7c7b70a8105379', 'sha1': 'fb281018bd55068dc387db86d0bdc8367f6d884d', 'sha256': '88b3b9b20ad630cab45a4df7792f877bc23d138575fd70773303ea40c24cb319'}, 'dob': {'date': '1966-11-16T22:52:38.790Z', 'age': 57}, 'registered': {'date': '2021-09-28T02:21:48.323Z', 'age': 2}, 'phone': '906-199-818', 'cell': '656-778-508', 'id': {'name': 'DNI', 'value': '60561132-C'}, 'picture': {'large': 'https://randomuser.me/api/portraits/women/39.jpg', 'medium': 'https://randomuser.me/api/portraits/med/women/39.jpg', 'thumbnail': 'https://randomuser.me/api/portraits/thumb/women/39.jpg'}, 'nat': 'ES'}</msg>
<arg>${json_data['results'][0]}</arg>
<doc>Logs the given message with the given level.</doc>
<status status="PASS" start="2024-06-23T22:13:09.113321" elapsed="0.000670"/>
</kw>
<kw name="Log" owner="BuiltIn">
<msg time="2024-06-23T22:13:09.114513" level="INFO">email</msg>
<arg>${key}</arg>
<doc>Logs the given message with the given level.</doc>
<status status="PASS" start="2024-06-23T22:13:09.114373" elapsed="0.000181"/>
</kw>
<var name="${key}">email</var>
<status status="PASS" start="2024-06-23T22:13:09.112599" elapsed="0.002183"/>
</iter>
<iter>
<kw name="Dictionary Should Contain Key" owner="Collections">
<arg>${json_data['results'][0]}</arg>
<arg>${key}</arg>
<doc>Fails if ``key`` is not found from ``dictionary``.</doc>
<status status="PASS" start="2024-06-23T22:13:09.115076" elapsed="0.000420"/>
</kw>
<kw name="Log" owner="BuiltIn">
<msg time="2024-06-23T22:13:09.116046" level="INFO">{'gender': 'female', 'name': {'title': 'Mrs', 'first': 'Alejandra', 'last': 'Blanco'}, 'location': {'street': {'number': 6332, 'name': 'Calle de Segovia'}, 'city': 'Vigo', 'state': 'Castilla la Mancha', 'country': 'Spain', 'postcode': 51055, 'coordinates': {'latitude': '-33.8471', 'longitude': '47.5480'}, 'timezone': {'offset': '-6:00', 'description': 'Central Time (US &amp; Canada), Mexico City'}}, 'email': 'alejandra.blanco@example.com', 'login': {'uuid': '0053a9f4-74d2-45e4-ba2b-626f60a1fee1', 'username': 'sadgorilla230', 'password': 'buceta', 'salt': 'qYiu4rmQ', 'md5': '47b5abba74318bfe9b7c7b70a8105379', 'sha1': 'fb281018bd55068dc387db86d0bdc8367f6d884d', 'sha256': '88b3b9b20ad630cab45a4df7792f877bc23d138575fd70773303ea40c24cb319'}, 'dob': {'date': '1966-11-16T22:52:38.790Z', 'age': 57}, 'registered': {'date': '2021-09-28T02:21:48.323Z', 'age': 2}, 'phone': '906-199-818', 'cell': '656-778-508', 'id': {'name': 'DNI', 'value': '60561132-C'}, 'picture': {'large': 'https://randomuser.me/api/portraits/women/39.jpg', 'medium': 'https://randomuser.me/api/portraits/med/women/39.jpg', 'thumbnail': 'https://randomuser.me/api/portraits/thumb/women/39.jpg'}, 'nat': 'ES'}</msg>
<arg>${json_data['results'][0]}</arg>
<doc>Logs the given message with the given level.</doc>
<status status="PASS" start="2024-06-23T22:13:09.115684" elapsed="0.000413"/>
</kw>
<kw name="Log" owner="BuiltIn">
<msg time="2024-06-23T22:13:09.116538" level="INFO">login</msg>
<arg>${key}</arg>
<doc>Logs the given message with the given level.</doc>
<status status="PASS" start="2024-06-23T22:13:09.116404" elapsed="0.000173"/>
</kw>
<var name="${key}">login</var>
<status status="PASS" start="2024-06-23T22:13:09.114963" elapsed="0.001835"/>
</iter>
<var>${key}</var>
<value>@{expected_keys}</value>
<status status="PASS" start="2024-06-23T22:13:09.106154" elapsed="0.010767"/>
</for>
<kw name="Create List" owner="BuiltIn">
<msg time="2024-06-23T22:13:09.117287" level="INFO">${expected_keysTwo} = ['username', 'password']</msg>
<var>${expected_keysTwo}</var>
<arg>username</arg>
<arg>password</arg>
<doc>Returns a list containing given items.</doc>
<status status="PASS" start="2024-06-23T22:13:09.117143" elapsed="0.000169"/>
</kw>
<for flavor="IN">
<iter>
<kw name="Dictionary Should Contain Key" owner="Collections">
<arg>${json_data['results'][0]['login']}</arg>
<arg>${keyTwo}</arg>
<doc>Fails if ``key`` is not found from ``dictionary``.</doc>
<status status="PASS" start="2024-06-23T22:13:09.117858" elapsed="0.000406"/>
</kw>
<kw name="Dictionary Should Contain Key" owner="Collections">
<arg>${json_data['results'][0]['login']}</arg>
<arg>${keyTwo}</arg>
<doc>Fails if ``key`` is not found from ``dictionary``.</doc>
<status status="PASS" start="2024-06-23T22:13:09.118457" elapsed="0.000398"/>
</kw>
<kw name="Log" owner="BuiltIn">
<msg time="2024-06-23T22:13:09.119164" level="INFO">username</msg>
<arg>${keyTwo}</arg>
<doc>Logs the given message with the given level.</doc>
<status status="PASS" start="2024-06-23T22:13:09.119039" elapsed="0.000172"/>
</kw>
<var name="${keyTwo}">username</var>
<status status="PASS" start="2024-06-23T22:13:09.117746" elapsed="0.001696"/>
</iter>
<iter>
<kw name="Dictionary Should Contain Key" owner="Collections">
<arg>${json_data['results'][0]['login']}</arg>
<arg>${keyTwo}</arg>
<doc>Fails if ``key`` is not found from ``dictionary``.</doc>
<status status="PASS" start="2024-06-23T22:13:09.119731" elapsed="0.000397"/>
</kw>
<kw name="Dictionary Should Contain Key" owner="Collections">
<arg>${json_data['results'][0]['login']}</arg>
<arg>${keyTwo}</arg>
<doc>Fails if ``key`` is not found from ``dictionary``.</doc>
<status status="PASS" start="2024-06-23T22:13:09.120311" elapsed="0.000389"/>
</kw>
<kw name="Log" owner="BuiltIn">
<msg time="2024-06-23T22:13:09.121008" level="INFO">password</msg>
<arg>${keyTwo}</arg>
<doc>Logs the given message with the given level.</doc>
<status status="PASS" start="2024-06-23T22:13:09.120884" elapsed="0.000162"/>
</kw>
<var name="${keyTwo}">password</var>
<status status="PASS" start="2024-06-23T22:13:09.119619" elapsed="0.001753"/>
</iter>
<var>${keyTwo}</var>
<value>@{expected_keysTwo}</value>
<status status="PASS" start="2024-06-23T22:13:09.117584" elapsed="0.003945"/>
</for>
<status status="PASS" start="2024-06-23T22:13:09.008583" elapsed="0.113105"/>
</kw>
<doc>Testa a estrutura da resposta da API.</doc>
<tag>testeEstruturaResposta</tag>
<status status="PASS" start="2024-06-23T22:13:09.007892" elapsed="0.113951"/>
</test>
<test id="s1-s1-t4" name="Validar tipos de dados" line="28">
<kw name="Teste de Tipos de Dados" owner="random-user-service">
<kw name="GET On Session" owner="RequestsLibrary">
<msg time="2024-06-23T22:13:09.211255" level="INFO">GET Request : url=https://randomuser.me/api 
 path_url=/api 
 headers={'User-Agent': 'python-requests/2.32.3', 'Accept-Encoding': 'gzip, deflate', 'Accept': '*/*', 'Connection': 'keep-alive'} 
 body=None 
 </msg>
<msg time="2024-06-23T22:13:09.211338" level="INFO">GET Response : url=https://randomuser.me/api 
 status=200, reason=OK 
 headers={'Date': 'Sun, 23 Jun 2024 22:13:09 GMT', 'Content-Type': 'application/json; charset=utf-8', 'Transfer-Encoding': 'chunked', 'Connection': 'keep-alive', 'X-Powered-By': 'Express', 'Access-Control-Allow-Origin': '*', 'Cache-Control': 'no-cache', 'ETag': 'W/"48a-62JptEKlN5u+0D5Qjzuys5FLtlE"', 'Vary': 'Accept-Encoding', 'Content-Encoding': 'gzip', 'CF-Cache-Status': 'DYNAMIC', 'Report-To': '{"endpoints":[{"url":"https:\\/\\/a.nel.cloudflare.com\\/report\\/v4?s=lpNeFUA2rXNjE5EZaYeRWTCLNWQd5VSHw8U18MTdBjG8oT%2FtfQTLKbsOGl%2Feg1R8cCoI9XEVUAIrHyem%2FSKyxQdKSTS%2F1vJ7ZlaPnKTvlUNcpNOYJhE9gH4Qe7JI90MB"}],"group":"cf-nel","max_age":604800}', 'NEL': '{"success_fraction":0,"report_to":"cf-nel","max_age":604800}', 'Server': 'cloudflare', 'CF-RAY': '8987d2dc0a1e6fc5-IAD', 'alt-svc': 'h3=":443"; ma=86400'} 
 body={"results":[{"gender":"female","name":{"title":"Ms","first":"Eden","last":"Legrand"},"location":{"street":{"number":4912,"name":"Rue Barrier"},"city":"Asnières-sur-Seine","state":"Ain","country":"France","postcode":54573,"coordinates":{"latitude":"-21.0334","longitude":"145.4768"},"timezone":{"offset":"-2:00","description":"Mid-Atlantic"}},"email":"eden.legrand@example.com","login":{"uuid":"48e57610-7a55-4c51-9989-900a0c01d4a6","username":"organicmeercat115","password":"kicker","salt":"PttWufML","md5":"5bab1cf2b82f0719d188b46486ec0caf","sha1":"9a64cd9963d2417951f5f3a5a69b154789ce49e2","sha256":"5e4c8c8a44c1c3c248ccc29a880fdc9aab2648314887b88ce0b77fee2ad012dd"},"dob":{"date":"1947-12-28T23:28:21.318Z","age":76},"registered":{"date":"2015-08-02T21:16:08.489Z","age":8},"phone":"05-00-82-63-24","cell":"06-48-33-07-66","id":{"name":"INSEE","value":"2471132570304 69"},"picture":{"large":"https://randomuser.me/api/portraits/women/3.jpg","medium":"https://randomuser.me/api/portraits/med/women/3.jpg","thumbnail":"https://randomuser.me/api/portraits/thumb/women/3.jpg"},"nat":"FR"}],"info":{"seed":"ffe0e9b357fee67e","results":1,"page":1,"version":"1.4"}} 
 </msg>
<msg time="2024-06-23T22:13:09.211415" level="INFO">/opt/hostedtoolcache/Python/3.12.4/x64/lib/python3.12/site-packages/urllib3/connectionpool.py:1099: InsecureRequestWarning: Unverified HTTPS request is being made to host 'randomuser.me'. Adding certificate verification is strongly advised. See: https://urllib3.readthedocs.io/en/latest/advanced-usage.html#tls-warnings
  warnings.warn(</msg>
<msg time="2024-06-23T22:13:09.211532" level="INFO">${response} = &lt;Response [200]&gt;</msg>
<var>${response}</var>
<arg>consultarAPI</arg>
<arg>/api</arg>
<doc>Sends a GET request on a previously created HTTP Session.</doc>
<status status="PASS" start="2024-06-23T22:13:09.124394" elapsed="0.087195"/>
</kw>
<kw name="Set Variable" owner="BuiltIn">
<msg time="2024-06-23T22:13:09.212618" level="INFO">${json_data} = {'results': [{'gender': 'female', 'name': {'title': 'Ms', 'first': 'Eden', 'last': 'Legrand'}, 'location': {'street': {'number': 4912, 'name': 'Rue Barrier'}, 'city': 'Asnières-sur-Seine', 'state': 'A...</msg>
<var>${json_data}</var>
<arg>${response.json()}</arg>
<doc>Returns the given values which can then be assigned to a variables.</doc>
<status status="PASS" start="2024-06-23T22:13:09.212046" elapsed="0.000603"/>
</kw>
<kw name="Log" owner="BuiltIn">
<msg time="2024-06-23T22:13:09.213106" level="INFO">{'results': [{'gender': 'female', 'name': {'title': 'Ms', 'first': 'Eden', 'last': 'Legrand'}, 'location': {'street': {'number': 4912, 'name': 'Rue Barrier'}, 'city': 'Asnières-sur-Seine', 'state': 'Ain', 'country': 'France', 'postcode': 54573, 'coordinates': {'latitude': '-21.0334', 'longitude': '145.4768'}, 'timezone': {'offset': '-2:00', 'description': 'Mid-Atlantic'}}, 'email': 'eden.legrand@example.com', 'login': {'uuid': '48e57610-7a55-4c51-9989-900a0c01d4a6', 'username': 'organicmeercat115', 'password': 'kicker', 'salt': 'PttWufML', 'md5': '5bab1cf2b82f0719d188b46486ec0caf', 'sha1': '9a64cd9963d2417951f5f3a5a69b154789ce49e2', 'sha256': '5e4c8c8a44c1c3c248ccc29a880fdc9aab2648314887b88ce0b77fee2ad012dd'}, 'dob': {'date': '1947-12-28T23:28:21.318Z', 'age': 76}, 'registered': {'date': '2015-08-02T21:16:08.489Z', 'age': 8}, 'phone': '05-00-82-63-24', 'cell': '06-48-33-07-66', 'id': {'name': 'INSEE', 'value': '2471132570304 69'}, 'picture': {'large': 'https://randomuser.me/api/portraits/women/3.jpg', 'medium': 'https://randomuser.me/api/portraits/med/women/3.jpg', 'thumbnail': 'https://randomuser.me/api/portraits/thumb/women/3.jpg'}, 'nat': 'FR'}], 'info': {'seed': 'ffe0e9b357fee67e', 'results': 1, 'page': 1, 'version': '1.4'}}</msg>
<arg>${json_data}</arg>
<doc>Logs the given message with the given level.</doc>
<status status="PASS" start="2024-06-23T22:13:09.212952" elapsed="0.000205"/>
</kw>
<kw name="Should Be String" owner="String">
<arg>${json_data['results'][0]['gender']}</arg>
<doc>Fails if the given ``item`` is not a string.</doc>
<status status="PASS" start="2024-06-23T22:13:09.213463" elapsed="0.000430"/>
</kw>
<kw name="Should Match Regexp" owner="BuiltIn">
<arg>${json_data['results'][0]['email']}</arg>
<arg>^[a-zA-Z0-9._%+-]+@[a-zA-Z0-9.-]+\.[a-zA-Z]{2,}$</arg>
<doc>Fails if ``string`` does not match ``pattern`` as a regular expression.</doc>
<status status="PASS" start="2024-06-23T22:13:09.214128" elapsed="0.000528"/>
</kw>
<kw name="Should Match Regexp" owner="BuiltIn">
<arg>${json_data['results'][0]['dob']['date']}</arg>
<arg>\\d{4}-\\d{2}-\\d{2}T\\d{2}:\\d{2}:\\d{2}\\.\\d{3}Z</arg>
<doc>Fails if ``string`` does not match ``pattern`` as a regular expression.</doc>
<status status="PASS" start="2024-06-23T22:13:09.214864" elapsed="0.000537"/>
</kw>
<kw name="Should Match Regexp" owner="BuiltIn">
<arg>${json_data['results'][0]['registered']['date']}</arg>
<arg>\\d{4}-\\d{2}-\\d{2}T\\d{2}:\\d{2}:\\d{2}\\.\\d{3}Z</arg>
<doc>Fails if ``string`` does not match ``pattern`` as a regular expression.</doc>
<status status="PASS" start="2024-06-23T22:13:09.215606" elapsed="0.000427"/>
</kw>
<kw name="Should Match Regexp" owner="BuiltIn">
<arg>${json_data['results'][0]['picture']['large']}</arg>
<arg>^https?://.*\.(?:png|jpe?g|gif|bmp)$</arg>
<doc>Fails if ``string`` does not match ``pattern`` as a regular expression.</doc>
<status status="PASS" start="2024-06-23T22:13:09.216233" elapsed="0.000495"/>
</kw>
<kw name="Should Match Regexp" owner="BuiltIn">
<arg>${json_data['results'][0]['picture']['medium']}</arg>
<arg>^https?://.*\.(?:png|jpe?g|gif|bmp)$</arg>
<doc>Fails if ``string`` does not match ``pattern`` as a regular expression.</doc>
<status status="PASS" start="2024-06-23T22:13:09.216927" elapsed="0.000381"/>
</kw>
<kw name="Should Match Regexp" owner="BuiltIn">
<arg>${json_data['results'][0]['picture']['thumbnail']}</arg>
<arg>^https?://.*\.(?:png|jpe?g|gif|bmp)$</arg>
<doc>Fails if ``string`` does not match ``pattern`` as a regular expression.</doc>
<status status="PASS" start="2024-06-23T22:13:09.217524" elapsed="0.000385"/>
</kw>
<kw name="Log" owner="BuiltIn">
<msg time="2024-06-23T22:13:09.218441" level="INFO">{'large': 'https://randomuser.me/api/portraits/women/3.jpg', 'medium': 'https://randomuser.me/api/portraits/med/women/3.jpg', 'thumbnail': 'https://randomuser.me/api/portraits/thumb/women/3.jpg'}</msg>
<arg>${json_data['results'][0]['picture']}</arg>
<doc>Logs the given message with the given level.</doc>
<status status="PASS" start="2024-06-23T22:13:09.218101" elapsed="0.000385"/>
</kw>
<status status="PASS" start="2024-06-23T22:13:09.124171" elapsed="0.094611"/>
</kw>
<kw name="Teste de Tipos de Dados - Postcode" owner="random-user-service">
<kw name="GET On Session" owner="RequestsLibrary">
<msg time="2024-06-23T22:13:09.302016" level="INFO">GET Request : url=https://randomuser.me/api 
 path_url=/api 
 headers={'User-Agent': 'python-requests/2.32.3', 'Accept-Encoding': 'gzip, deflate', 'Accept': '*/*', 'Connection': 'keep-alive'} 
 body=None 
 </msg>
<msg time="2024-06-23T22:13:09.302104" level="INFO">GET Response : url=https://randomuser.me/api 
 status=200, reason=OK 
 headers={'Date': 'Sun, 23 Jun 2024 22:13:09 GMT', 'Content-Type': 'application/json; charset=utf-8', 'Transfer-Encoding': 'chunked', 'Connection': 'keep-alive', 'X-Powered-By': 'Express', 'Access-Control-Allow-Origin': '*', 'Cache-Control': 'no-cache', 'ETag': 'W/"4a4-Ds6QjrvwkEbLKDyP4CkflA9AKew"', 'Vary': 'Accept-Encoding', 'Content-Encoding': 'gzip', 'CF-Cache-Status': 'DYNAMIC', 'Report-To': '{"endpoints":[{"url":"https:\\/\\/a.nel.cloudflare.com\\/report\\/v4?s=IRwpW2sg81So%2BiwN0cD23SXizyXvXa10B2QsJonnhJDVhgRQ684q8PsMjbqlSplhCWU9KuxPaOta7BSQGHOIfMN%2Br7EjSGqLpld6GEu7WgIfsZbK%2Btc%2BeaSt6zGxqhrN"}],"group":"cf-nel","max_age":604800}', 'NEL': '{"success_fraction":0,"report_to":"cf-nel","max_age":604800}', 'Server': 'cloudflare', 'CF-RAY': '8987d2dcaab36fc5-IAD', 'alt-svc': 'h3=":443"; ma=86400'} 
 body={"results":[{"gender":"female","name":{"title":"Ms","first":"Franziska","last":"Kley"},"location":{"street":{"number":2777,"name":"Uhlandstraße"},"city":"Schwarzenborn","state":"Brandenburg","country":"Germany","postcode":61040,"coordinates":{"latitude":"-48.7421","longitude":"179.9708"},"timezone":{"offset":"+10:00","description":"Eastern Australia, Guam, Vladivostok"}},"email":"franziska.kley@example.com","login":{"uuid":"57ff4fc3-9490-4738-8de6-0cf924a3920a","username":"happybear826","password":"ursula","salt":"sJdCmGHZ","md5":"226a0c97bfd138930f50d93121510b05","sha1":"9f3b61b7637bcc8809c066e7e2d321261a7c87f7","sha256":"925739a5eb3a20aae3d7a6db1d04a824d7615098d5b3a74160ff054f5c7df399"},"dob":{"date":"1999-11-24T04:09:19.719Z","age":24},"registered":{"date":"2014-07-12T00:30:48.007Z","age":9},"phone":"0262-6106479","cell":"0176-9548430","id":{"name":"SVNR","value":"65 231199 K 756"},"picture":{"large":"https://randomuser.me/api/portraits/women/15.jpg","medium":"https://randomuser.me/api/portraits/med/women/15.jpg","thumbnail":"https://randomuser.me/api/portraits/thumb/women/15.jpg"},"nat":"DE"}],"info":{"seed":"7fc7083c963b9545","results":1,"page":1,"version":"1.4"}} 
 </msg>
<msg time="2024-06-23T22:13:09.302191" level="INFO">/opt/hostedtoolcache/Python/3.12.4/x64/lib/python3.12/site-packages/urllib3/connectionpool.py:1099: InsecureRequestWarning: Unverified HTTPS request is being made to host 'randomuser.me'. Adding certificate verification is strongly advised. See: https://urllib3.readthedocs.io/en/latest/advanced-usage.html#tls-warnings
  warnings.warn(</msg>
<msg time="2024-06-23T22:13:09.302313" level="INFO">${response} = &lt;Response [200]&gt;</msg>
<var>${response}</var>
<arg>consultarAPI</arg>
<arg>/api</arg>
<doc>Sends a GET request on a previously created HTTP Session.</doc>
<status status="PASS" start="2024-06-23T22:13:09.219224" elapsed="0.083127"/>
</kw>
<kw name="Set Variable" owner="BuiltIn">
<msg time="2024-06-23T22:13:09.303303" level="INFO">${json_data} = {'results': [{'gender': 'female', 'name': {'title': 'Ms', 'first': 'Franziska', 'last': 'Kley'}, 'location': {'street': {'number': 2777, 'name': 'Uhlandstraße'}, 'city': 'Schwarzenborn', 'state': 'Bra...</msg>
<var>${json_data}</var>
<arg>${response.json()}</arg>
<doc>Returns the given values which can then be assigned to a variables.</doc>
<status status="PASS" start="2024-06-23T22:13:09.302813" elapsed="0.000521"/>
</kw>
<kw name="Log" owner="BuiltIn">
<msg time="2024-06-23T22:13:09.303829" level="INFO">{'results': [{'gender': 'female', 'name': {'title': 'Ms', 'first': 'Franziska', 'last': 'Kley'}, 'location': {'street': {'number': 2777, 'name': 'Uhlandstraße'}, 'city': 'Schwarzenborn', 'state': 'Brandenburg', 'country': 'Germany', 'postcode': 61040, 'coordinates': {'latitude': '-48.7421', 'longitude': '179.9708'}, 'timezone': {'offset': '+10:00', 'description': 'Eastern Australia, Guam, Vladivostok'}}, 'email': 'franziska.kley@example.com', 'login': {'uuid': '57ff4fc3-9490-4738-8de6-0cf924a3920a', 'username': 'happybear826', 'password': 'ursula', 'salt': 'sJdCmGHZ', 'md5': '226a0c97bfd138930f50d93121510b05', 'sha1': '9f3b61b7637bcc8809c066e7e2d321261a7c87f7', 'sha256': '925739a5eb3a20aae3d7a6db1d04a824d7615098d5b3a74160ff054f5c7df399'}, 'dob': {'date': '1999-11-24T04:09:19.719Z', 'age': 24}, 'registered': {'date': '2014-07-12T00:30:48.007Z', 'age': 9}, 'phone': '0262-6106479', 'cell': '0176-9548430', 'id': {'name': 'SVNR', 'value': '65 231199 K 756'}, 'picture': {'large': 'https://randomuser.me/api/portraits/women/15.jpg', 'medium': 'https://randomuser.me/api/portraits/med/women/15.jpg', 'thumbnail': 'https://randomuser.me/api/portraits/thumb/women/15.jpg'}, 'nat': 'DE'}], 'info': {'seed': '7fc7083c963b9545', 'results': 1, 'page': 1, 'version': '1.4'}}</msg>
<arg>${json_data}</arg>
<doc>Logs the given message with the given level.</doc>
<status status="PASS" start="2024-06-23T22:13:09.303662" elapsed="0.000220"/>
</kw>
<kw name="Should Be Equal As Numbers" owner="BuiltIn">
<arg>${json_data['results'][0]['location']['postcode']}</arg>
<arg>${json_data['results'][0]['location']['postcode']}</arg>
<doc>Fails if objects are unequal after converting them to real numbers.</doc>
<status status="PASS" start="2024-06-23T22:13:09.304200" elapsed="0.000662"/>
</kw>
<kw name="Log" owner="BuiltIn">
<msg time="2024-06-23T22:13:09.305620" level="INFO">61040</msg>
<arg>${json_data['results'][0]['location']['postcode']}</arg>
<doc>Logs the given message with the given level.</doc>
<status status="PASS" start="2024-06-23T22:13:09.305094" elapsed="0.000572"/>
</kw>
<status status="PASS" start="2024-06-23T22:13:09.218998" elapsed="0.086941"/>
</kw>
<doc>Testa se os tipos de dados na resposta da API estão corretos.</doc>
<tag>testeTiposDados</tag>
<status status="PASS" start="2024-06-23T22:13:09.123648" elapsed="0.182457"/>
</test>
<test id="s1-s1-t5" name="Validar conteudo" line="35">
<kw name="Teste de Tipos de Conteudo" owner="random-user-service">
<kw name="GET On Session" owner="RequestsLibrary">
<msg time="2024-06-23T22:13:09.419506" level="INFO">GET Request : url=https://randomuser.me/api 
 path_url=/api 
 headers={'User-Agent': 'python-requests/2.32.3', 'Accept-Encoding': 'gzip, deflate', 'Accept': '*/*', 'Connection': 'keep-alive'} 
 body=None 
 </msg>
<msg time="2024-06-23T22:13:09.419590" level="INFO">GET Response : url=https://randomuser.me/api 
 status=200, reason=OK 
 headers={'Date': 'Sun, 23 Jun 2024 22:13:09 GMT', 'Content-Type': 'application/json; charset=utf-8', 'Transfer-Encoding': 'chunked', 'Connection': 'keep-alive', 'X-Powered-By': 'Express', 'Access-Control-Allow-Origin': '*', 'Cache-Control': 'no-cache', 'ETag': 'W/"48e-eJNZyKbNSsQ7Ot1N8gfTN/SqRrs"', 'Vary': 'Accept-Encoding', 'Content-Encoding': 'gzip', 'CF-Cache-Status': 'DYNAMIC', 'Report-To': '{"endpoints":[{"url":"https:\\/\\/a.nel.cloudflare.com\\/report\\/v4?s=gotD2US3uhbbiuJkibJaXTlRVr5WuP8AsbZfNP1bJhNqHBsonPVS4mCgwzigpPZohCAoR6s6s5XlWI5jylro2wbwnan6A%2FiRstUlM2fCdPbPCAP2X%2Bc8q1e9RmI46KE0"}],"group":"cf-nel","max_age":604800}', 'NEL': '{"success_fraction":0,"report_to":"cf-nel","max_age":604800}', 'Server': 'cloudflare', 'CF-RAY': '8987d2dd3b3a6fc5-IAD', 'alt-svc': 'h3=":443"; ma=86400'} 
 body={"results":[{"gender":"male","name":{"title":"Mr","first":"Vilho","last":"Joki"},"location":{"street":{"number":4191,"name":"Hämeenkatu"},"city":"Malax","state":"Finland Proper","country":"Finland","postcode":58041,"coordinates":{"latitude":"-27.9679","longitude":"-11.3808"},"timezone":{"offset":"+4:00","description":"Abu Dhabi, Muscat, Baku, Tbilisi"}},"email":"vilho.joki@example.com","login":{"uuid":"f3963728-84a7-4c99-a214-c6523ddb4c38","username":"bigelephant805","password":"blueball","salt":"IpOEVMKO","md5":"18de26ae431b8ddc68ca9133bb46f7e9","sha1":"7f445f3e6d8705c11f468db915a4f334106dbecc","sha256":"8580ad29cfade2b1ecba4805a914c2d93be5c4e3cbf05df072e7a56990f28107"},"dob":{"date":"1966-10-12T14:58:42.188Z","age":57},"registered":{"date":"2009-06-12T23:33:08.169Z","age":15},"phone":"03-886-271","cell":"045-639-94-54","id":{"name":"HETU","value":"NaNNA225undefined"},"picture":{"large":"https://randomuser.me/api/portraits/men/16.jpg","medium":"https://randomuser.me/api/portraits/med/men/16.jpg","thumbnail":"https://randomuser.me/api/portraits/thumb/men/16.jpg"},"nat":"FI"}],"info":{"seed":"aaa26927b55bf824","results":1,"page":1,"version":"1.4"}} 
 </msg>
<msg time="2024-06-23T22:13:09.419666" level="INFO">/opt/hostedtoolcache/Python/3.12.4/x64/lib/python3.12/site-packages/urllib3/connectionpool.py:1099: InsecureRequestWarning: Unverified HTTPS request is being made to host 'randomuser.me'. Adding certificate verification is strongly advised. See: https://urllib3.readthedocs.io/en/latest/advanced-usage.html#tls-warnings
  warnings.warn(</msg>
<msg time="2024-06-23T22:13:09.419785" level="INFO">${response} = &lt;Response [200]&gt;</msg>
<var>${response}</var>
<arg>consultarAPI</arg>
<arg>/api</arg>
<doc>Sends a GET request on a previously created HTTP Session.</doc>
<status status="PASS" start="2024-06-23T22:13:09.308661" elapsed="0.111180"/>
</kw>
<kw name="Set Variable" owner="BuiltIn">
<msg time="2024-06-23T22:13:09.420902" level="INFO">${json_data} = {'results': [{'gender': 'male', 'name': {'title': 'Mr', 'first': 'Vilho', 'last': 'Joki'}, 'location': {'street': {'number': 4191, 'name': 'Hämeenkatu'}, 'city': 'Malax', 'state': 'Finland Proper', 'c...</msg>
<var>${json_data}</var>
<arg>${response.json()}</arg>
<doc>Returns the given values which can then be assigned to a variables.</doc>
<status status="PASS" start="2024-06-23T22:13:09.420330" elapsed="0.000602"/>
</kw>
<kw name="Set Variable" owner="BuiltIn">
<msg time="2024-06-23T22:13:09.421695" level="INFO">${name_title} = Mr</msg>
<var>${name_title}</var>
<arg>${json_data["results"][0]["name"]["title"]}</arg>
<doc>Returns the given values which can then be assigned to a variables.</doc>
<status status="PASS" start="2024-06-23T22:13:09.421250" elapsed="0.000473"/>
</kw>
<kw name="Create List" owner="BuiltIn">
<msg time="2024-06-23T22:13:09.422200" level="INFO">${allowed_titles} = ['Mr', 'Ms', 'Miss', 'Mrs', 'Madame', 'Monsieur']</msg>
<var>${allowed_titles}</var>
<arg>Mr</arg>
<arg>Ms</arg>
<arg>Miss</arg>
<arg>Mrs</arg>
<arg>Madame</arg>
<arg>Monsieur</arg>
<doc>Returns a list containing given items.</doc>
<status status="PASS" start="2024-06-23T22:13:09.422042" elapsed="0.000185"/>
</kw>
<kw name="List Should Contain Value" owner="Collections">
<arg>${allowed_titles}</arg>
<arg>${name_title}</arg>
<doc>Fails if the ``value`` is not found from ``list``.</doc>
<status status="PASS" start="2024-06-23T22:13:09.422535" elapsed="0.000189"/>
</kw>
<kw name="Set Variable" owner="BuiltIn">
<msg time="2024-06-23T22:13:09.423301" level="INFO">${name_country} = FI</msg>
<var>${name_country}</var>
<arg>${json_data["results"][0]["nat"]}</arg>
<doc>Returns the given values which can then be assigned to a variables.</doc>
<status status="PASS" start="2024-06-23T22:13:09.422913" elapsed="0.000414"/>
</kw>
<kw name="Create List" owner="BuiltIn">
<msg time="2024-06-23T22:13:09.424239" level="INFO">${list_country} = ['AD', 'AE', 'AF', 'AG', 'AI', 'AL', 'AM', 'AO', 'AQ', 'AR', 'AS', 'AT', 'AU', 'AW', 'AX', 'AZ', 'BA', 'BB', 'BD', 'BE', 'BF', 'BG', 'BH', 'BI', 'BJ', 'BL', 'BM', 'BN', 'BO', 'BQ', 'BR', 'BS', 'BT', '...</msg>
<var>${list_country}</var>
<arg>AD</arg>
<arg>AE</arg>
<arg>AF</arg>
<arg>AG</arg>
<arg>AI</arg>
<arg>AL</arg>
<arg>AM</arg>
<arg>AO</arg>
<arg>AQ</arg>
<arg>AR</arg>
<arg>AS</arg>
<arg>AT</arg>
<arg>AU</arg>
<arg>AW</arg>
<arg>AX</arg>
<arg>AZ</arg>
<arg>BA</arg>
<arg>BB</arg>
<arg>BD</arg>
<arg>BE</arg>
<arg>BF</arg>
<arg>BG</arg>
<arg>BH</arg>
<arg>BI</arg>
<arg>BJ</arg>
<arg>BL</arg>
<arg>BM</arg>
<arg>BN</arg>
<arg>BO</arg>
<arg>BQ</arg>
<arg>BR</arg>
<arg>BS</arg>
<arg>BT</arg>
<arg>BV</arg>
<arg>BW</arg>
<arg>BY</arg>
<arg>BZ</arg>
<arg>CA</arg>
<arg>CC</arg>
<arg>CD</arg>
<arg>CF</arg>
<arg>CG</arg>
<arg>CH</arg>
<arg>CI</arg>
<arg>CK</arg>
<arg>CL</arg>
<arg>CM</arg>
<arg>CN</arg>
<arg>CO</arg>
<arg>CR</arg>
<arg>CU</arg>
<arg>CV</arg>
<arg>CW</arg>
<arg>CX</arg>
<arg>CY</arg>
<arg>CZ</arg>
<arg>DE</arg>
<arg>DJ</arg>
<arg>DK</arg>
<arg>DM</arg>
<arg>DO</arg>
<arg>DZ</arg>
<arg>EC</arg>
<arg>EE</arg>
<arg>EG</arg>
<arg>EH</arg>
<arg>ER</arg>
<arg>ES</arg>
<arg>ET</arg>
<arg>FI</arg>
<arg>FJ</arg>
<arg>FK</arg>
<arg>FM</arg>
<arg>FO</arg>
<arg>FR</arg>
<arg>GA</arg>
<arg>GB</arg>
<arg>GD</arg>
<arg>GE</arg>
<arg>GF</arg>
<arg>GG</arg>
<arg>GH</arg>
<arg>GI</arg>
<arg>GL</arg>
<arg>GM</arg>
<arg>GN</arg>
<arg>GP</arg>
<arg>GQ</arg>
<arg>GR</arg>
<arg>GS</arg>
<arg>GT</arg>
<arg>GU</arg>
<arg>GW</arg>
<arg>GY</arg>
<arg>HK</arg>
<arg>HM</arg>
<arg>HN</arg>
<arg>HR</arg>
<arg>HT</arg>
<arg>HU</arg>
<arg>ID</arg>
<arg>IE</arg>
<arg>IL</arg>
<arg>IM</arg>
<arg>IN</arg>
<arg>IO</arg>
<arg>IQ</arg>
<arg>IR</arg>
<arg>IS</arg>
<arg>IT</arg>
<arg>JE</arg>
<arg>JM</arg>
<arg>JO</arg>
<arg>JP</arg>
<arg>KE</arg>
<arg>KG</arg>
<arg>KH</arg>
<arg>KI</arg>
<arg>KM</arg>
<arg>KN</arg>
<arg>KP</arg>
<arg>KR</arg>
<arg>KW</arg>
<arg>KY</arg>
<arg>KZ</arg>
<arg>LA</arg>
<arg>LB</arg>
<arg>LC</arg>
<arg>LI</arg>
<arg>LK</arg>
<arg>LR</arg>
<arg>LS</arg>
<arg>LT</arg>
<arg>LU</arg>
<arg>LV</arg>
<arg>LY</arg>
<arg>MA</arg>
<arg>MC</arg>
<arg>MD</arg>
<arg>ME</arg>
<arg>MF</arg>
<arg>MG</arg>
<arg>MH</arg>
<arg>MK</arg>
<arg>ML</arg>
<arg>MM</arg>
<arg>MN</arg>
<arg>MO</arg>
<arg>MP</arg>
<arg>MQ</arg>
<arg>MR</arg>
<arg>MS</arg>
<arg>MT</arg>
<arg>MU</arg>
<arg>MV</arg>
<arg>MW</arg>
<arg>MX</arg>
<arg>MY</arg>
<arg>MZ</arg>
<arg>NA</arg>
<arg>NC</arg>
<arg>NE</arg>
<arg>NF</arg>
<arg>NG</arg>
<arg>NI</arg>
<arg>NL</arg>
<arg>NO</arg>
<arg>NP</arg>
<arg>NR</arg>
<arg>NU</arg>
<arg>NZ</arg>
<arg>OM</arg>
<arg>PA</arg>
<arg>PE</arg>
<arg>PF</arg>
<arg>PG</arg>
<arg>PH</arg>
<arg>PK</arg>
<arg>PL</arg>
<arg>PM</arg>
<arg>PN</arg>
<arg>PR</arg>
<arg>PS</arg>
<arg>PT</arg>
<arg>PW</arg>
<arg>PY</arg>
<arg>QA</arg>
<arg>RE</arg>
<arg>RO</arg>
<arg>RS</arg>
<arg>RU</arg>
<arg>RW</arg>
<arg>SA</arg>
<arg>SB</arg>
<arg>SC</arg>
<arg>SD</arg>
<arg>SE</arg>
<arg>SG</arg>
<arg>SH</arg>
<arg>SI</arg>
<arg>SJ</arg>
<arg>SK</arg>
<arg>SL</arg>
<arg>SM</arg>
<arg>SN</arg>
<arg>SO</arg>
<arg>SR</arg>
<arg>SS</arg>
<arg>ST</arg>
<arg>SV</arg>
<arg>SX</arg>
<arg>SY</arg>
<arg>SZ</arg>
<arg>TC</arg>
<arg>TD</arg>
<arg>TF</arg>
<arg>TG</arg>
<arg>TH</arg>
<arg>TJ</arg>
<arg>TK</arg>
<arg>TL</arg>
<arg>TM</arg>
<arg>TN</arg>
<arg>TO</arg>
<arg>TR</arg>
<arg>TT</arg>
<arg>TV</arg>
<arg>TW</arg>
<arg>TZ</arg>
<arg>UA</arg>
<arg>UG</arg>
<arg>UM</arg>
<arg>US</arg>
<arg>UY</arg>
<arg>UZ</arg>
<arg>VA</arg>
<arg>VC</arg>
<arg>VE</arg>
<arg>VG</arg>
<arg>VI</arg>
<arg>VN</arg>
<arg>VU</arg>
<arg>WF</arg>
<arg>WS</arg>
<arg>XK</arg>
<arg>YE</arg>
<arg>YT</arg>
<arg>ZA</arg>
<arg>ZM</arg>
<arg>ZW</arg>
<doc>Returns a list containing given items.</doc>
<status status="PASS" start="2024-06-23T22:13:09.423627" elapsed="0.000639"/>
</kw>
<kw name="List Should Contain Value" owner="Collections">
<arg>${list_country}</arg>
<arg>${name_country}</arg>
<doc>Fails if the ``value`` is not found from ``list``.</doc>
<status status="PASS" start="2024-06-23T22:13:09.425074" elapsed="0.000210"/>
</kw>
<kw name="Run Keyword If" owner="BuiltIn">
<kw name="Should Be True" owner="BuiltIn">
<arg>${True}</arg>
<doc>Fails if the given condition is not true.</doc>
<status status="PASS" start="2024-06-23T22:13:09.426276" elapsed="0.000150"/>
</kw>
<arg>${json_data["results"][0]["location"]["coordinates"]["latitude"]} &gt;= -90 and ${json_data["results"][0]["location"]["coordinates"]["latitude"]} &lt;= 90</arg>
<arg>Should Be True</arg>
<arg>${True}</arg>
<doc>Runs the given keyword with the given arguments, if ``condition`` is true.</doc>
<status status="PASS" start="2024-06-23T22:13:09.425509" elapsed="0.001050"/>
</kw>
<kw name="Run Keyword If" owner="BuiltIn">
<kw name="Should Be True" owner="BuiltIn">
<arg>${True}</arg>
<doc>Fails if the given condition is not true.</doc>
<status status="PASS" start="2024-06-23T22:13:09.427476" elapsed="0.000234"/>
</kw>
<arg>${json_data["results"][0]["location"]["coordinates"]["longitude"]} &gt;= -180 and ${json_data["results"][0]["location"]["coordinates"]["longitude"]} &lt;= 180</arg>
<arg>Should Be True</arg>
<arg>${True}</arg>
<doc>Runs the given keyword with the given arguments, if ``condition`` is true.</doc>
<status status="PASS" start="2024-06-23T22:13:09.426757" elapsed="0.001089"/>
</kw>
<status status="PASS" start="2024-06-23T22:13:09.308434" elapsed="0.119549"/>
</kw>
<doc>Testa o conteúdo específico dos campos retornados pela API.</doc>
<tag>testeConteudo</tag>
<status status="PASS" start="2024-06-23T22:13:09.307924" elapsed="0.120211"/>
</test>
<status status="PASS" start="2024-06-23T22:13:08.485062" elapsed="0.945144"/>
</suite>
<status status="PASS" start="2024-06-23T22:13:08.469755" elapsed="0.965617"/>
</suite>
<statistics>
<total>
<stat pass="5" fail="0" skip="0">All Tests</stat>
</total>
<tag>
<stat pass="1" fail="0" skip="0">testeConteudo</stat>
<stat pass="1" fail="0" skip="0">testeEstruturaResposta</stat>
<stat pass="1" fail="0" skip="0">testeRequisicaoBasica</stat>
<stat pass="1" fail="0" skip="0">testeTiposDados</stat>
</tag>
<suite>
<stat pass="5" fail="0" skip="0" id="s1" name="Tests">Tests</stat>
<stat pass="5" fail="0" skip="0" id="s1-s1" name="Random-User-Test">Tests.Random-User-Test</stat>
</suite>
</statistics>
<errors>
</errors>
</robot>
