<?xml version="1.0" encoding="UTF-8"?>
<robot generator="Robot 7.0 (Python 3.12.3 on linux)" generated="2024-05-05T21:12:22.355768" rpa="false" schemaversion="5">
<suite id="s1" name="Tests" source="/home/runner/work/DesafioQAItauRogerioJordao/DesafioQAItauRogerioJordao/RamdonUser/tests">
<suite id="s1-s1" name="Random-User-Test" source="/home/runner/work/DesafioQAItauRogerioJordao/DesafioQAItauRogerioJordao/RamdonUser/tests/random-user-test.robot">
<test id="s1-s1-t1" name="Conectar" line="13">
<kw name="Conectar API" owner="random-user-service">
<kw name="Create Session" owner="RequestsLibrary">
<msg time="2024-05-05T21:12:22.737357" level="INFO">Creating Session using : alias=consultarAPI, url=https://randomuser.me/, headers={},                     cookies={}, auth=None, timeout=None, proxies=None, verify=False,                     debug=0 </msg>
<arg>consultarAPI</arg>
<arg>${URL}</arg>
<doc>Create Session: create a HTTP session to a server</doc>
<status status="PASS" start="2024-05-05T21:12:22.737145" elapsed="0.000412"/>
</kw>
<status status="PASS" start="2024-05-05T21:12:22.736095" elapsed="0.001839"/>
</kw>
<status status="PASS" start="2024-05-05T21:12:22.735411" elapsed="0.002753"/>
</test>
<test id="s1-s1-t2" name="Validar retorno 200 e JSON Válido" line="16">
<kw name="Teste de Requisicao Basica" owner="random-user-service">
<kw name="GET On Session" owner="RequestsLibrary">
<msg time="2024-05-05T21:12:22.853841" level="INFO">GET Request : url=https://randomuser.me/api 
 path_url=/api 
 headers={'User-Agent': 'python-requests/2.31.0', 'Accept-Encoding': 'gzip, deflate', 'Accept': '*/*', 'Connection': 'keep-alive'} 
 body=None 
 </msg>
<msg time="2024-05-05T21:12:22.854003" level="INFO">GET Response : url=https://randomuser.me/api 
 status=200, reason=OK 
 headers={'Date': 'Sun, 05 May 2024 21:12:22 GMT', 'Content-Type': 'application/json; charset=utf-8', 'Transfer-Encoding': 'chunked', 'Connection': 'keep-alive', 'X-Powered-By': 'Express', 'Access-Control-Allow-Origin': '*', 'Cache-Control': 'no-cache', 'ETag': 'W/"490-2t6xZXtC8nOx/Dpj+vQ4vdRnyOE"', 'Vary': 'Accept-Encoding', 'Content-Encoding': 'gzip', 'CF-Cache-Status': 'DYNAMIC', 'Report-To': '{"endpoints":[{"url":"https:\\/\\/a.nel.cloudflare.com\\/report\\/v4?s=Nf19Lj43NoA9iIwNgQ9i13HN9n06V8M4taUZZgkpN1OSdZVL139XiLqP%2BaQ%2FOpZW3BcObrEpDb6dE%2BHA2%2BTKXGTlC1rFSpt2xY%2FHWQHljaZR1WlwfsuzzO2CpZdjFDMT"}],"group":"cf-nel","max_age":604800}', 'NEL': '{"success_fraction":0,"report_to":"cf-nel","max_age":604800}', 'Server': 'cloudflare', 'CF-RAY': '87f3ba7668a061f2-ORD', 'alt-svc': 'h3=":443"; ma=86400'} 
 body={"results":[{"gender":"female","name":{"title":"Miss","first":"Kimaya","last":"Anchan"},"location":{"street":{"number":4280,"name":"Lamington Rd"},"city":"Gurgaon","state":"Maharashtra","country":"India","postcode":10890,"coordinates":{"latitude":"6.7841","longitude":"55.7566"},"timezone":{"offset":"+4:00","description":"Abu Dhabi, Muscat, Baku, Tbilisi"}},"email":"kimaya.anchan@example.com","login":{"uuid":"50196659-0e9d-40ed-b1c9-34157772450e","username":"organicduck353","password":"shaved","salt":"4MZa63of","md5":"a45c49af2f79694b016aa1e269c06b9c","sha1":"b6d4c5a1510f77193c99d48bf8a845d0abda4f8b","sha256":"55c81a0341043bc5ed65016f02951f2df7f8b7e1e3d9581d34cb882d97d83554"},"dob":{"date":"1950-03-31T17:27:42.068Z","age":74},"registered":{"date":"2009-01-09T02:31:34.431Z","age":15},"phone":"8412309469","cell":"9247551672","id":{"name":"UIDAI","value":"880300560687"},"picture":{"large":"https://randomuser.me/api/portraits/women/43.jpg","medium":"https://randomuser.me/api/portraits/med/women/43.jpg","thumbnail":"https://randomuser.me/api/portraits/thumb/women/43.jpg"},"nat":"IN"}],"info":{"seed":"41f4109818a86366","results":1,"page":1,"version":"1.4"}} 
 </msg>
<msg time="2024-05-05T21:12:22.854124" level="INFO">/opt/hostedtoolcache/Python/3.12.3/x64/lib/python3.12/site-packages/urllib3/connectionpool.py:1103: InsecureRequestWarning: Unverified HTTPS request is being made to host 'randomuser.me'. Adding certificate verification is strongly advised. See: https://urllib3.readthedocs.io/en/latest/advanced-usage.html#tls-warnings
  warnings.warn(</msg>
<msg time="2024-05-05T21:12:22.854289" level="INFO">${response} = &lt;Response [200]&gt;</msg>
<var>${response}</var>
<arg>consultarAPI</arg>
<arg>/api</arg>
<doc>Sends a GET request on a previously created HTTP Session.</doc>
<status status="PASS" start="2024-05-05T21:12:22.740888" elapsed="0.113443"/>
</kw>
<kw name="Should Be Equal As Numbers" owner="BuiltIn">
<msg time="2024-05-05T21:12:22.855542" level="INFO">Argument types are:
&lt;class 'int'&gt;
&lt;class 'str'&gt;</msg>
<arg>${response.status_code}</arg>
<arg>200</arg>
<doc>Fails if objects are unequal after converting them to real numbers.</doc>
<status status="PASS" start="2024-05-05T21:12:22.855046" elapsed="0.000563"/>
</kw>
<kw name="Log" owner="BuiltIn">
<msg time="2024-05-05T21:12:22.856295" level="INFO">200</msg>
<arg>${response.status_code}</arg>
<doc>Logs the given message with the given level.</doc>
<status status="PASS" start="2024-05-05T21:12:22.855942" elapsed="0.000395"/>
</kw>
<kw name="Set Variable" owner="BuiltIn">
<msg time="2024-05-05T21:12:22.857084" level="INFO">${json_data} = {'results': [{'gender': 'female', 'name': {'title': 'Miss', 'first': 'Kimaya', 'last': 'Anchan'}, 'location': {'street': {'number': 4280, 'name': 'Lamington Rd'}, 'city': 'Gurgaon', 'state': 'Maharash...</msg>
<var>${json_data}</var>
<arg>${response.json()}</arg>
<doc>Returns the given values which can then be assigned to a variables.</doc>
<status status="PASS" start="2024-05-05T21:12:22.856642" elapsed="0.000470"/>
</kw>
<kw name="Dictionary Should Contain Key" owner="Collections">
<msg time="2024-05-05T21:12:22.857586" level="INFO">False</msg>
<arg>${json_data}</arg>
<arg>results</arg>
<doc>Fails if ``key`` is not found from ``dictionary``.</doc>
<status status="PASS" start="2024-05-05T21:12:22.857413" elapsed="0.000213"/>
</kw>
<status status="PASS" start="2024-05-05T21:12:22.740640" elapsed="0.117245"/>
</kw>
<doc>Testa se a API responde corretamente e retorna um objeto JSON válido.</doc>
<tag>testeRequisicaoBasica</tag>
<status status="PASS" start="2024-05-05T21:12:22.740108" elapsed="0.117996"/>
</test>
<test id="s1-s1-t3" name="Validar estrutura de resposta" line="22">
<kw name="Teste de Estrutura de Resposta" owner="random-user-service">
<kw name="GET On Session" owner="RequestsLibrary">
<msg time="2024-05-05T21:12:22.930682" level="INFO">GET Request : url=https://randomuser.me/api 
 path_url=/api 
 headers={'User-Agent': 'python-requests/2.31.0', 'Accept-Encoding': 'gzip, deflate', 'Accept': '*/*', 'Connection': 'keep-alive'} 
 body=None 
 </msg>
<msg time="2024-05-05T21:12:22.930801" level="INFO">GET Response : url=https://randomuser.me/api 
 status=200, reason=OK 
 headers={'Date': 'Sun, 05 May 2024 21:12:22 GMT', 'Content-Type': 'application/json; charset=utf-8', 'Transfer-Encoding': 'chunked', 'Connection': 'keep-alive', 'X-Powered-By': 'Express', 'Access-Control-Allow-Origin': '*', 'Cache-Control': 'no-cache', 'ETag': 'W/"4a6-sAON0rydnamexvE4xdxWk6EBZtE"', 'Vary': 'Accept-Encoding', 'Content-Encoding': 'gzip', 'CF-Cache-Status': 'DYNAMIC', 'Report-To': '{"endpoints":[{"url":"https:\\/\\/a.nel.cloudflare.com\\/report\\/v4?s=K0Hr7GpxOvlTy3txXkOXeZWBH50iHk%2FM%2FavAWSRyy1GctqQ45eDsf5uk4vdjJ29srxzm33kKJ1XnQRIOra4gSdRiKX2Wlr4tVSv4QLj6mEDZugMF7i8L9YltaJSR3ykd"}],"group":"cf-nel","max_age":604800}', 'NEL': '{"success_fraction":0,"report_to":"cf-nel","max_age":604800}', 'Server': 'cloudflare', 'CF-RAY': '87f3ba76e92361f2-ORD', 'alt-svc': 'h3=":443"; ma=86400'} 
 body={"results":[{"gender":"female","name":{"title":"Miss","first":"Bendita","last":"Alves"},"location":{"street":{"number":6852,"name":"Avenida Brasil "},"city":"Catanduva","state":"Rio de Janeiro","country":"Brazil","postcode":10130,"coordinates":{"latitude":"-80.2356","longitude":"20.1678"},"timezone":{"offset":"+8:00","description":"Beijing, Perth, Singapore, Hong Kong"}},"email":"bendita.alves@example.com","login":{"uuid":"104da03a-0af8-4487-a95f-ee35801c7921","username":"whiteswan932","password":"froggie","salt":"O8GqHD3L","md5":"6fa30f4e94907db658b0f06d5b4b3c77","sha1":"903c1f42468b6ae17922aa81d705f2dbb49cf5e3","sha256":"3b0d26779f7c1cb57f159c9889d7ef78f27f7122167a67d84911370f65bca05f"},"dob":{"date":"1957-04-09T16:11:20.118Z","age":67},"registered":{"date":"2008-07-15T03:51:58.677Z","age":15},"phone":"(01) 8461-0346","cell":"(57) 6224-2107","id":{"name":"CPF","value":"714.957.241-53"},"picture":{"large":"https://randomuser.me/api/portraits/women/49.jpg","medium":"https://randomuser.me/api/portraits/med/women/49.jpg","thumbnail":"https://randomuser.me/api/portraits/thumb/women/49.jpg"},"nat":"BR"}],"info":{"seed":"b049397d5a3e04f1","results":1,"page":1,"version":"1.4"}} 
 </msg>
<msg time="2024-05-05T21:12:22.930950" level="INFO">/opt/hostedtoolcache/Python/3.12.3/x64/lib/python3.12/site-packages/urllib3/connectionpool.py:1103: InsecureRequestWarning: Unverified HTTPS request is being made to host 'randomuser.me'. Adding certificate verification is strongly advised. See: https://urllib3.readthedocs.io/en/latest/advanced-usage.html#tls-warnings
  warnings.warn(</msg>
<msg time="2024-05-05T21:12:22.931098" level="INFO">${response} = &lt;Response [200]&gt;</msg>
<var>${response}</var>
<arg>consultarAPI</arg>
<arg>/api</arg>
<doc>Sends a GET request on a previously created HTTP Session.</doc>
<status status="PASS" start="2024-05-05T21:12:22.860849" elapsed="0.070289"/>
</kw>
<kw name="Set Variable" owner="BuiltIn">
<msg time="2024-05-05T21:12:22.932368" level="INFO">${json_data} = {'results': [{'gender': 'female', 'name': {'title': 'Miss', 'first': 'Bendita', 'last': 'Alves'}, 'location': {'street': {'number': 6852, 'name': 'Avenida Brasil '}, 'city': 'Catanduva', 'state': 'Rio...</msg>
<var>${json_data}</var>
<arg>${response.json()}</arg>
<doc>Returns the given values which can then be assigned to a variables.</doc>
<status status="PASS" start="2024-05-05T21:12:22.931769" elapsed="0.000628"/>
</kw>
<kw name="Log" owner="BuiltIn">
<msg time="2024-05-05T21:12:22.932881" level="INFO">{'results': [{'gender': 'female', 'name': {'title': 'Miss', 'first': 'Bendita', 'last': 'Alves'}, 'location': {'street': {'number': 6852, 'name': 'Avenida Brasil '}, 'city': 'Catanduva', 'state': 'Rio de Janeiro', 'country': 'Brazil', 'postcode': 10130, 'coordinates': {'latitude': '-80.2356', 'longitude': '20.1678'}, 'timezone': {'offset': '+8:00', 'description': 'Beijing, Perth, Singapore, Hong Kong'}}, 'email': 'bendita.alves@example.com', 'login': {'uuid': '104da03a-0af8-4487-a95f-ee35801c7921', 'username': 'whiteswan932', 'password': 'froggie', 'salt': 'O8GqHD3L', 'md5': '6fa30f4e94907db658b0f06d5b4b3c77', 'sha1': '903c1f42468b6ae17922aa81d705f2dbb49cf5e3', 'sha256': '3b0d26779f7c1cb57f159c9889d7ef78f27f7122167a67d84911370f65bca05f'}, 'dob': {'date': '1957-04-09T16:11:20.118Z', 'age': 67}, 'registered': {'date': '2008-07-15T03:51:58.677Z', 'age': 15}, 'phone': '(01) 8461-0346', 'cell': '(57) 6224-2107', 'id': {'name': 'CPF', 'value': '714.957.241-53'}, 'picture': {'large': 'https://randomuser.me/api/portraits/women/49.jpg', 'medium': 'https://randomuser.me/api/portraits/med/women/49.jpg', 'thumbnail': 'https://randomuser.me/api/portraits/thumb/women/49.jpg'}, 'nat': 'BR'}], 'info': {'seed': 'b049397d5a3e04f1', 'results': 1, 'page': 1, 'version': '1.4'}}</msg>
<arg>${json_data}</arg>
<doc>Logs the given message with the given level.</doc>
<status status="PASS" start="2024-05-05T21:12:22.932716" elapsed="0.000215"/>
</kw>
<kw name="Dictionary Should Contain Key" owner="Collections">
<msg time="2024-05-05T21:12:22.933399" level="INFO">False</msg>
<arg>${json_data}</arg>
<arg>results</arg>
<doc>Fails if ``key`` is not found from ``dictionary``.</doc>
<status status="PASS" start="2024-05-05T21:12:22.933237" elapsed="0.000199"/>
</kw>
<kw name="Should Not Be Empty" owner="BuiltIn">
<msg time="2024-05-05T21:12:22.933867" level="INFO">Length is 2.</msg>
<arg>${json_data}</arg>
<doc>Verifies that the given item is not empty.</doc>
<status status="PASS" start="2024-05-05T21:12:22.933728" elapsed="0.000376"/>
</kw>
<kw name="Create List" owner="BuiltIn">
<msg time="2024-05-05T21:12:22.934569" level="INFO">${expected_keys} = ['gender', 'name', 'location', 'email', 'login']</msg>
<var>${expected_keys}</var>
<arg>gender</arg>
<arg>name</arg>
<arg>location</arg>
<arg>email</arg>
<arg>login</arg>
<doc>Returns a list containing given items.</doc>
<status status="PASS" start="2024-05-05T21:12:22.934412" elapsed="0.000182"/>
</kw>
<for flavor="IN">
<iter>
<kw name="Dictionary Should Contain Key" owner="Collections">
<msg time="2024-05-05T21:12:22.935605" level="INFO">False</msg>
<arg>${json_data['results'][0]}</arg>
<arg>${key}</arg>
<doc>Fails if ``key`` is not found from ``dictionary``.</doc>
<status status="PASS" start="2024-05-05T21:12:22.935189" elapsed="0.000455"/>
</kw>
<kw name="Log" owner="BuiltIn">
<msg time="2024-05-05T21:12:22.936316" level="INFO">{'gender': 'female', 'name': {'title': 'Miss', 'first': 'Bendita', 'last': 'Alves'}, 'location': {'street': {'number': 6852, 'name': 'Avenida Brasil '}, 'city': 'Catanduva', 'state': 'Rio de Janeiro', 'country': 'Brazil', 'postcode': 10130, 'coordinates': {'latitude': '-80.2356', 'longitude': '20.1678'}, 'timezone': {'offset': '+8:00', 'description': 'Beijing, Perth, Singapore, Hong Kong'}}, 'email': 'bendita.alves@example.com', 'login': {'uuid': '104da03a-0af8-4487-a95f-ee35801c7921', 'username': 'whiteswan932', 'password': 'froggie', 'salt': 'O8GqHD3L', 'md5': '6fa30f4e94907db658b0f06d5b4b3c77', 'sha1': '903c1f42468b6ae17922aa81d705f2dbb49cf5e3', 'sha256': '3b0d26779f7c1cb57f159c9889d7ef78f27f7122167a67d84911370f65bca05f'}, 'dob': {'date': '1957-04-09T16:11:20.118Z', 'age': 67}, 'registered': {'date': '2008-07-15T03:51:58.677Z', 'age': 15}, 'phone': '(01) 8461-0346', 'cell': '(57) 6224-2107', 'id': {'name': 'CPF', 'value': '714.957.241-53'}, 'picture': {'large': 'https://randomuser.me/api/portraits/women/49.jpg', 'medium': 'https://randomuser.me/api/portraits/med/women/49.jpg', 'thumbnail': 'https://randomuser.me/api/portraits/thumb/women/49.jpg'}, 'nat': 'BR'}</msg>
<arg>${json_data['results'][0]}</arg>
<doc>Logs the given message with the given level.</doc>
<status status="PASS" start="2024-05-05T21:12:22.935948" elapsed="0.000415"/>
</kw>
<kw name="Log" owner="BuiltIn">
<msg time="2024-05-05T21:12:22.936786" level="INFO">gender</msg>
<arg>${key}</arg>
<doc>Logs the given message with the given level.</doc>
<status status="PASS" start="2024-05-05T21:12:22.936660" elapsed="0.000163"/>
</kw>
<var name="${key}">gender</var>
<status status="PASS" start="2024-05-05T21:12:22.935056" elapsed="0.001981"/>
</iter>
<iter>
<kw name="Dictionary Should Contain Key" owner="Collections">
<msg time="2024-05-05T21:12:22.937726" level="INFO">False</msg>
<arg>${json_data['results'][0]}</arg>
<arg>${key}</arg>
<doc>Fails if ``key`` is not found from ``dictionary``.</doc>
<status status="PASS" start="2024-05-05T21:12:22.937340" elapsed="0.000423"/>
</kw>
<kw name="Log" owner="BuiltIn">
<msg time="2024-05-05T21:12:22.938479" level="INFO">{'gender': 'female', 'name': {'title': 'Miss', 'first': 'Bendita', 'last': 'Alves'}, 'location': {'street': {'number': 6852, 'name': 'Avenida Brasil '}, 'city': 'Catanduva', 'state': 'Rio de Janeiro', 'country': 'Brazil', 'postcode': 10130, 'coordinates': {'latitude': '-80.2356', 'longitude': '20.1678'}, 'timezone': {'offset': '+8:00', 'description': 'Beijing, Perth, Singapore, Hong Kong'}}, 'email': 'bendita.alves@example.com', 'login': {'uuid': '104da03a-0af8-4487-a95f-ee35801c7921', 'username': 'whiteswan932', 'password': 'froggie', 'salt': 'O8GqHD3L', 'md5': '6fa30f4e94907db658b0f06d5b4b3c77', 'sha1': '903c1f42468b6ae17922aa81d705f2dbb49cf5e3', 'sha256': '3b0d26779f7c1cb57f159c9889d7ef78f27f7122167a67d84911370f65bca05f'}, 'dob': {'date': '1957-04-09T16:11:20.118Z', 'age': 67}, 'registered': {'date': '2008-07-15T03:51:58.677Z', 'age': 15}, 'phone': '(01) 8461-0346', 'cell': '(57) 6224-2107', 'id': {'name': 'CPF', 'value': '714.957.241-53'}, 'picture': {'large': 'https://randomuser.me/api/portraits/women/49.jpg', 'medium': 'https://randomuser.me/api/portraits/med/women/49.jpg', 'thumbnail': 'https://randomuser.me/api/portraits/thumb/women/49.jpg'}, 'nat': 'BR'}</msg>
<arg>${json_data['results'][0]}</arg>
<doc>Logs the given message with the given level.</doc>
<status status="PASS" start="2024-05-05T21:12:22.938111" elapsed="0.000416"/>
</kw>
<kw name="Log" owner="BuiltIn">
<msg time="2024-05-05T21:12:22.938953" level="INFO">name</msg>
<arg>${key}</arg>
<doc>Logs the given message with the given level.</doc>
<status status="PASS" start="2024-05-05T21:12:22.938826" elapsed="0.000165"/>
</kw>
<var name="${key}">name</var>
<status status="PASS" start="2024-05-05T21:12:22.937226" elapsed="0.001977"/>
</iter>
<iter>
<kw name="Dictionary Should Contain Key" owner="Collections">
<msg time="2024-05-05T21:12:22.939884" level="INFO">False</msg>
<arg>${json_data['results'][0]}</arg>
<arg>${key}</arg>
<doc>Fails if ``key`` is not found from ``dictionary``.</doc>
<status status="PASS" start="2024-05-05T21:12:22.939497" elapsed="0.000424"/>
</kw>
<kw name="Log" owner="BuiltIn">
<msg time="2024-05-05T21:12:22.940592" level="INFO">{'gender': 'female', 'name': {'title': 'Miss', 'first': 'Bendita', 'last': 'Alves'}, 'location': {'street': {'number': 6852, 'name': 'Avenida Brasil '}, 'city': 'Catanduva', 'state': 'Rio de Janeiro', 'country': 'Brazil', 'postcode': 10130, 'coordinates': {'latitude': '-80.2356', 'longitude': '20.1678'}, 'timezone': {'offset': '+8:00', 'description': 'Beijing, Perth, Singapore, Hong Kong'}}, 'email': 'bendita.alves@example.com', 'login': {'uuid': '104da03a-0af8-4487-a95f-ee35801c7921', 'username': 'whiteswan932', 'password': 'froggie', 'salt': 'O8GqHD3L', 'md5': '6fa30f4e94907db658b0f06d5b4b3c77', 'sha1': '903c1f42468b6ae17922aa81d705f2dbb49cf5e3', 'sha256': '3b0d26779f7c1cb57f159c9889d7ef78f27f7122167a67d84911370f65bca05f'}, 'dob': {'date': '1957-04-09T16:11:20.118Z', 'age': 67}, 'registered': {'date': '2008-07-15T03:51:58.677Z', 'age': 15}, 'phone': '(01) 8461-0346', 'cell': '(57) 6224-2107', 'id': {'name': 'CPF', 'value': '714.957.241-53'}, 'picture': {'large': 'https://randomuser.me/api/portraits/women/49.jpg', 'medium': 'https://randomuser.me/api/portraits/med/women/49.jpg', 'thumbnail': 'https://randomuser.me/api/portraits/thumb/women/49.jpg'}, 'nat': 'BR'}</msg>
<arg>${json_data['results'][0]}</arg>
<doc>Logs the given message with the given level.</doc>
<status status="PASS" start="2024-05-05T21:12:22.940221" elapsed="0.000418"/>
</kw>
<kw name="Log" owner="BuiltIn">
<msg time="2024-05-05T21:12:22.941059" level="INFO">location</msg>
<arg>${key}</arg>
<doc>Logs the given message with the given level.</doc>
<status status="PASS" start="2024-05-05T21:12:22.940934" elapsed="0.000162"/>
</kw>
<var name="${key}">location</var>
<status status="PASS" start="2024-05-05T21:12:22.939379" elapsed="0.001930"/>
</iter>
<iter>
<kw name="Dictionary Should Contain Key" owner="Collections">
<msg time="2024-05-05T21:12:22.941976" level="INFO">False</msg>
<arg>${json_data['results'][0]}</arg>
<arg>${key}</arg>
<doc>Fails if ``key`` is not found from ``dictionary``.</doc>
<status status="PASS" start="2024-05-05T21:12:22.941592" elapsed="0.000421"/>
</kw>
<kw name="Log" owner="BuiltIn">
<msg time="2024-05-05T21:12:22.942715" level="INFO">{'gender': 'female', 'name': {'title': 'Miss', 'first': 'Bendita', 'last': 'Alves'}, 'location': {'street': {'number': 6852, 'name': 'Avenida Brasil '}, 'city': 'Catanduva', 'state': 'Rio de Janeiro', 'country': 'Brazil', 'postcode': 10130, 'coordinates': {'latitude': '-80.2356', 'longitude': '20.1678'}, 'timezone': {'offset': '+8:00', 'description': 'Beijing, Perth, Singapore, Hong Kong'}}, 'email': 'bendita.alves@example.com', 'login': {'uuid': '104da03a-0af8-4487-a95f-ee35801c7921', 'username': 'whiteswan932', 'password': 'froggie', 'salt': 'O8GqHD3L', 'md5': '6fa30f4e94907db658b0f06d5b4b3c77', 'sha1': '903c1f42468b6ae17922aa81d705f2dbb49cf5e3', 'sha256': '3b0d26779f7c1cb57f159c9889d7ef78f27f7122167a67d84911370f65bca05f'}, 'dob': {'date': '1957-04-09T16:11:20.118Z', 'age': 67}, 'registered': {'date': '2008-07-15T03:51:58.677Z', 'age': 15}, 'phone': '(01) 8461-0346', 'cell': '(57) 6224-2107', 'id': {'name': 'CPF', 'value': '714.957.241-53'}, 'picture': {'large': 'https://randomuser.me/api/portraits/women/49.jpg', 'medium': 'https://randomuser.me/api/portraits/med/women/49.jpg', 'thumbnail': 'https://randomuser.me/api/portraits/thumb/women/49.jpg'}, 'nat': 'BR'}</msg>
<arg>${json_data['results'][0]}</arg>
<doc>Logs the given message with the given level.</doc>
<status status="PASS" start="2024-05-05T21:12:22.942350" elapsed="0.000413"/>
</kw>
<kw name="Log" owner="BuiltIn">
<msg time="2024-05-05T21:12:22.943188" level="INFO">email</msg>
<arg>${key}</arg>
<doc>Logs the given message with the given level.</doc>
<status status="PASS" start="2024-05-05T21:12:22.943062" elapsed="0.000164"/>
</kw>
<var name="${key}">email</var>
<status status="PASS" start="2024-05-05T21:12:22.941481" elapsed="0.001954"/>
</iter>
<iter>
<kw name="Dictionary Should Contain Key" owner="Collections">
<msg time="2024-05-05T21:12:22.944100" level="INFO">False</msg>
<arg>${json_data['results'][0]}</arg>
<arg>${key}</arg>
<doc>Fails if ``key`` is not found from ``dictionary``.</doc>
<status status="PASS" start="2024-05-05T21:12:22.943715" elapsed="0.000424"/>
</kw>
<kw name="Log" owner="BuiltIn">
<msg time="2024-05-05T21:12:22.944793" level="INFO">{'gender': 'female', 'name': {'title': 'Miss', 'first': 'Bendita', 'last': 'Alves'}, 'location': {'street': {'number': 6852, 'name': 'Avenida Brasil '}, 'city': 'Catanduva', 'state': 'Rio de Janeiro', 'country': 'Brazil', 'postcode': 10130, 'coordinates': {'latitude': '-80.2356', 'longitude': '20.1678'}, 'timezone': {'offset': '+8:00', 'description': 'Beijing, Perth, Singapore, Hong Kong'}}, 'email': 'bendita.alves@example.com', 'login': {'uuid': '104da03a-0af8-4487-a95f-ee35801c7921', 'username': 'whiteswan932', 'password': 'froggie', 'salt': 'O8GqHD3L', 'md5': '6fa30f4e94907db658b0f06d5b4b3c77', 'sha1': '903c1f42468b6ae17922aa81d705f2dbb49cf5e3', 'sha256': '3b0d26779f7c1cb57f159c9889d7ef78f27f7122167a67d84911370f65bca05f'}, 'dob': {'date': '1957-04-09T16:11:20.118Z', 'age': 67}, 'registered': {'date': '2008-07-15T03:51:58.677Z', 'age': 15}, 'phone': '(01) 8461-0346', 'cell': '(57) 6224-2107', 'id': {'name': 'CPF', 'value': '714.957.241-53'}, 'picture': {'large': 'https://randomuser.me/api/portraits/women/49.jpg', 'medium': 'https://randomuser.me/api/portraits/med/women/49.jpg', 'thumbnail': 'https://randomuser.me/api/portraits/thumb/women/49.jpg'}, 'nat': 'BR'}</msg>
<arg>${json_data['results'][0]}</arg>
<doc>Logs the given message with the given level.</doc>
<status status="PASS" start="2024-05-05T21:12:22.944428" elapsed="0.000412"/>
</kw>
<kw name="Log" owner="BuiltIn">
<msg time="2024-05-05T21:12:22.945261" level="INFO">login</msg>
<arg>${key}</arg>
<doc>Logs the given message with the given level.</doc>
<status status="PASS" start="2024-05-05T21:12:22.945136" elapsed="0.000197"/>
</kw>
<var name="${key}">login</var>
<status status="PASS" start="2024-05-05T21:12:22.943605" elapsed="0.001951"/>
</iter>
<var>${key}</var>
<value>@{expected_keys}</value>
<status status="PASS" start="2024-05-05T21:12:22.934855" elapsed="0.010823"/>
</for>
<kw name="Create List" owner="BuiltIn">
<msg time="2024-05-05T21:12:22.946016" level="INFO">${expected_keysTwo} = ['username', 'password']</msg>
<var>${expected_keysTwo}</var>
<arg>username</arg>
<arg>password</arg>
<doc>Returns a list containing given items.</doc>
<status status="PASS" start="2024-05-05T21:12:22.945877" elapsed="0.000162"/>
</kw>
<for flavor="IN">
<iter>
<kw name="Dictionary Should Contain Key" owner="Collections">
<msg time="2024-05-05T21:12:22.947002" level="INFO">False</msg>
<arg>${json_data['results'][0]['login']}</arg>
<arg>${keyTwo}</arg>
<doc>Fails if ``key`` is not found from ``dictionary``.</doc>
<status status="PASS" start="2024-05-05T21:12:22.946588" elapsed="0.000466"/>
</kw>
<kw name="Dictionary Should Contain Key" owner="Collections">
<msg time="2024-05-05T21:12:22.947864" level="INFO">False</msg>
<arg>${json_data['results'][0]['login']}</arg>
<arg>${keyTwo}</arg>
<doc>Fails if ``key`` is not found from ``dictionary``.</doc>
<status status="PASS" start="2024-05-05T21:12:22.947465" elapsed="0.000436"/>
</kw>
<kw name="Log" owner="BuiltIn">
<msg time="2024-05-05T21:12:22.948323" level="INFO">username</msg>
<arg>${keyTwo}</arg>
<doc>Logs the given message with the given level.</doc>
<status status="PASS" start="2024-05-05T21:12:22.948196" elapsed="0.000170"/>
</kw>
<var name="${keyTwo}">username</var>
<status status="PASS" start="2024-05-05T21:12:22.946478" elapsed="0.002104"/>
</iter>
<iter>
<kw name="Dictionary Should Contain Key" owner="Collections">
<msg time="2024-05-05T21:12:22.949326" level="INFO">False</msg>
<arg>${json_data['results'][0]['login']}</arg>
<arg>${keyTwo}</arg>
<doc>Fails if ``key`` is not found from ``dictionary``.</doc>
<status status="PASS" start="2024-05-05T21:12:22.948862" elapsed="0.000503"/>
</kw>
<kw name="Dictionary Should Contain Key" owner="Collections">
<msg time="2024-05-05T21:12:22.950049" level="INFO">False</msg>
<arg>${json_data['results'][0]['login']}</arg>
<arg>${keyTwo}</arg>
<doc>Fails if ``key`` is not found from ``dictionary``.</doc>
<status status="PASS" start="2024-05-05T21:12:22.949668" elapsed="0.000439"/>
</kw>
<kw name="Log" owner="BuiltIn">
<msg time="2024-05-05T21:12:22.950539" level="INFO">password</msg>
<arg>${keyTwo}</arg>
<doc>Logs the given message with the given level.</doc>
<status status="PASS" start="2024-05-05T21:12:22.950404" elapsed="0.000172"/>
</kw>
<var name="${keyTwo}">password</var>
<status status="PASS" start="2024-05-05T21:12:22.948753" elapsed="0.002038"/>
</iter>
<var>${keyTwo}</var>
<value>@{expected_keysTwo}</value>
<status status="PASS" start="2024-05-05T21:12:22.946323" elapsed="0.004590"/>
</for>
<status status="PASS" start="2024-05-05T21:12:22.860600" elapsed="0.090459"/>
</kw>
<doc>Testa a estrutura da resposta da API.</doc>
<tag>testeEstruturaResposta</tag>
<status status="PASS" start="2024-05-05T21:12:22.859981" elapsed="0.091318"/>
</test>
<test id="s1-s1-t4" name="Validar tipos de dados" line="28">
<kw name="Teste de Tipos de Dados" owner="random-user-service">
<kw name="GET On Session" owner="RequestsLibrary">
<msg time="2024-05-05T21:12:23.064879" level="INFO">GET Request : url=https://randomuser.me/api 
 path_url=/api 
 headers={'User-Agent': 'python-requests/2.31.0', 'Accept-Encoding': 'gzip, deflate', 'Accept': '*/*', 'Connection': 'keep-alive'} 
 body=None 
 </msg>
<msg time="2024-05-05T21:12:23.064995" level="INFO">GET Response : url=https://randomuser.me/api 
 status=200, reason=OK 
 headers={'Date': 'Sun, 05 May 2024 21:12:23 GMT', 'Content-Type': 'application/json; charset=utf-8', 'Transfer-Encoding': 'chunked', 'Connection': 'keep-alive', 'X-Powered-By': 'Express', 'Access-Control-Allow-Origin': '*', 'Cache-Control': 'no-cache', 'ETag': 'W/"468-qoPCQDhUuLOMP/GqINsAv5LsyUU"', 'Vary': 'Accept-Encoding', 'Content-Encoding': 'gzip', 'CF-Cache-Status': 'DYNAMIC', 'Report-To': '{"endpoints":[{"url":"https:\\/\\/a.nel.cloudflare.com\\/report\\/v4?s=dmv5MXsFnww9zvExn18QKkeywtd1Qk0Z7uSGSReEItugXAQsKfncZJW89YjJaM2OnM4d1BMDxFc6XnF%2FrTEXGEFnpWNFUsHwixZ25evF9PnUYi0yPmDXYvG6wrjcjj5S"}],"group":"cf-nel","max_age":604800}', 'NEL': '{"success_fraction":0,"report_to":"cf-nel","max_age":604800}', 'Server': 'cloudflare', 'CF-RAY': '87f3ba7779bb61f2-ORD', 'alt-svc': 'h3=":443"; ma=86400'} 
 body={"results":[{"gender":"male","name":{"title":"Mr","first":"Aaron","last":"Morris"},"location":{"street":{"number":4134,"name":"Northcote Road"},"city":"Gisborne","state":"Taranaki","country":"New Zealand","postcode":53801,"coordinates":{"latitude":"53.0878","longitude":"-91.4067"},"timezone":{"offset":"+3:30","description":"Tehran"}},"email":"aaron.morris@example.com","login":{"uuid":"089693b7-6b48-4711-9e9d-cfe1e7e42b37","username":"organicsnake813","password":"topher","salt":"zTtIEfeu","md5":"4fbd0c821510758c28f0d67037afed85","sha1":"14a66be0860c01d3d57cf4cb9362f67a448fe1a0","sha256":"068ecb20a44f6a44ade75b62dadd981533b709bc2de9067b11879c83c14357dd"},"dob":{"date":"2001-02-21T13:40:47.036Z","age":23},"registered":{"date":"2020-09-29T19:04:52.911Z","age":3},"phone":"(948)-217-2427","cell":"(456)-350-1232","id":{"name":"","value":null},"picture":{"large":"https://randomuser.me/api/portraits/men/9.jpg","medium":"https://randomuser.me/api/portraits/med/men/9.jpg","thumbnail":"https://randomuser.me/api/portraits/thumb/men/9.jpg"},"nat":"NZ"}],"info":{"seed":"043653131880190e","results":1,"page":1,"version":"1.4"}} 
 </msg>
<msg time="2024-05-05T21:12:23.065078" level="INFO">/opt/hostedtoolcache/Python/3.12.3/x64/lib/python3.12/site-packages/urllib3/connectionpool.py:1103: InsecureRequestWarning: Unverified HTTPS request is being made to host 'randomuser.me'. Adding certificate verification is strongly advised. See: https://urllib3.readthedocs.io/en/latest/advanced-usage.html#tls-warnings
  warnings.warn(</msg>
<msg time="2024-05-05T21:12:23.065224" level="INFO">${response} = &lt;Response [200]&gt;</msg>
<var>${response}</var>
<arg>consultarAPI</arg>
<arg>/api</arg>
<doc>Sends a GET request on a previously created HTTP Session.</doc>
<status status="PASS" start="2024-05-05T21:12:22.954275" elapsed="0.110998"/>
</kw>
<kw name="Set Variable" owner="BuiltIn">
<msg time="2024-05-05T21:12:23.066604" level="INFO">${json_data} = {'results': [{'gender': 'male', 'name': {'title': 'Mr', 'first': 'Aaron', 'last': 'Morris'}, 'location': {'street': {'number': 4134, 'name': 'Northcote Road'}, 'city': 'Gisborne', 'state': 'Taranaki',...</msg>
<var>${json_data}</var>
<arg>${response.json()}</arg>
<doc>Returns the given values which can then be assigned to a variables.</doc>
<status status="PASS" start="2024-05-05T21:12:23.065990" elapsed="0.000643"/>
</kw>
<kw name="Log" owner="BuiltIn">
<msg time="2024-05-05T21:12:23.067118" level="INFO">{'results': [{'gender': 'male', 'name': {'title': 'Mr', 'first': 'Aaron', 'last': 'Morris'}, 'location': {'street': {'number': 4134, 'name': 'Northcote Road'}, 'city': 'Gisborne', 'state': 'Taranaki', 'country': 'New Zealand', 'postcode': 53801, 'coordinates': {'latitude': '53.0878', 'longitude': '-91.4067'}, 'timezone': {'offset': '+3:30', 'description': 'Tehran'}}, 'email': 'aaron.morris@example.com', 'login': {'uuid': '089693b7-6b48-4711-9e9d-cfe1e7e42b37', 'username': 'organicsnake813', 'password': 'topher', 'salt': 'zTtIEfeu', 'md5': '4fbd0c821510758c28f0d67037afed85', 'sha1': '14a66be0860c01d3d57cf4cb9362f67a448fe1a0', 'sha256': '068ecb20a44f6a44ade75b62dadd981533b709bc2de9067b11879c83c14357dd'}, 'dob': {'date': '2001-02-21T13:40:47.036Z', 'age': 23}, 'registered': {'date': '2020-09-29T19:04:52.911Z', 'age': 3}, 'phone': '(948)-217-2427', 'cell': '(456)-350-1232', 'id': {'name': '', 'value': None}, 'picture': {'large': 'https://randomuser.me/api/portraits/men/9.jpg', 'medium': 'https://randomuser.me/api/portraits/med/men/9.jpg', 'thumbnail': 'https://randomuser.me/api/portraits/thumb/men/9.jpg'}, 'nat': 'NZ'}], 'info': {'seed': '043653131880190e', 'results': 1, 'page': 1, 'version': '1.4'}}</msg>
<arg>${json_data}</arg>
<doc>Logs the given message with the given level.</doc>
<status status="PASS" start="2024-05-05T21:12:23.066955" elapsed="0.000249"/>
</kw>
<kw name="Should Be String" owner="String">
<arg>${json_data['results'][0]['gender']}</arg>
<doc>Fails if the given ``item`` is not a string.</doc>
<status status="PASS" start="2024-05-05T21:12:23.067505" elapsed="0.000375"/>
</kw>
<kw name="Should Match Regexp" owner="BuiltIn">
<arg>${json_data['results'][0]['email']}</arg>
<arg>^[a-zA-Z0-9._%+-]+@[a-zA-Z0-9.-]+\.[a-zA-Z]{2,}$</arg>
<doc>Fails if ``string`` does not match ``pattern`` as a regular expression.</doc>
<status status="PASS" start="2024-05-05T21:12:23.068072" elapsed="0.000516"/>
</kw>
<kw name="Should Match Regexp" owner="BuiltIn">
<arg>${json_data['results'][0]['dob']['date']}</arg>
<arg>\\d{4}-\\d{2}-\\d{2}T\\d{2}:\\d{2}:\\d{2}\\.\\d{3}Z</arg>
<doc>Fails if ``string`` does not match ``pattern`` as a regular expression.</doc>
<status status="PASS" start="2024-05-05T21:12:23.068782" elapsed="0.000496"/>
</kw>
<kw name="Should Match Regexp" owner="BuiltIn">
<arg>${json_data['results'][0]['registered']['date']}</arg>
<arg>\\d{4}-\\d{2}-\\d{2}T\\d{2}:\\d{2}:\\d{2}\\.\\d{3}Z</arg>
<doc>Fails if ``string`` does not match ``pattern`` as a regular expression.</doc>
<status status="PASS" start="2024-05-05T21:12:23.069469" elapsed="0.000367"/>
</kw>
<kw name="Should Match Regexp" owner="BuiltIn">
<arg>${json_data['results'][0]['picture']['large']}</arg>
<arg>^https?://.*\.(?:png|jpe?g|gif|bmp)$</arg>
<doc>Fails if ``string`` does not match ``pattern`` as a regular expression.</doc>
<status status="PASS" start="2024-05-05T21:12:23.070026" elapsed="0.000505"/>
</kw>
<kw name="Should Match Regexp" owner="BuiltIn">
<arg>${json_data['results'][0]['picture']['medium']}</arg>
<arg>^https?://.*\.(?:png|jpe?g|gif|bmp)$</arg>
<doc>Fails if ``string`` does not match ``pattern`` as a regular expression.</doc>
<status status="PASS" start="2024-05-05T21:12:23.070720" elapsed="0.000361"/>
</kw>
<kw name="Should Match Regexp" owner="BuiltIn">
<arg>${json_data['results'][0]['picture']['thumbnail']}</arg>
<arg>^https?://.*\.(?:png|jpe?g|gif|bmp)$</arg>
<doc>Fails if ``string`` does not match ``pattern`` as a regular expression.</doc>
<status status="PASS" start="2024-05-05T21:12:23.071270" elapsed="0.000350"/>
</kw>
<kw name="Log" owner="BuiltIn">
<msg time="2024-05-05T21:12:23.072126" level="INFO">{'large': 'https://randomuser.me/api/portraits/men/9.jpg', 'medium': 'https://randomuser.me/api/portraits/med/men/9.jpg', 'thumbnail': 'https://randomuser.me/api/portraits/thumb/men/9.jpg'}</msg>
<arg>${json_data['results'][0]['picture']}</arg>
<doc>Logs the given message with the given level.</doc>
<status status="PASS" start="2024-05-05T21:12:23.071803" elapsed="0.000363"/>
</kw>
<status status="PASS" start="2024-05-05T21:12:22.953999" elapsed="0.118427"/>
</kw>
<kw name="Teste de Tipos de Dados - Postcode" owner="random-user-service">
<kw name="GET On Session" owner="RequestsLibrary">
<msg time="2024-05-05T21:12:24.410632" level="INFO">GET Request : url=https://randomuser.me/api 
 path_url=/api 
 headers={'User-Agent': 'python-requests/2.31.0', 'Accept-Encoding': 'gzip, deflate', 'Accept': '*/*', 'Connection': 'keep-alive'} 
 body=None 
 </msg>
<msg time="2024-05-05T21:12:24.410735" level="INFO">GET Response : url=https://randomuser.me/api 
 status=200, reason=OK 
 headers={'Date': 'Sun, 05 May 2024 21:12:24 GMT', 'Content-Type': 'application/json; charset=utf-8', 'Transfer-Encoding': 'chunked', 'Connection': 'keep-alive', 'X-Powered-By': 'Express', 'Access-Control-Allow-Origin': '*', 'Cache-Control': 'no-cache', 'ETag': 'W/"48c-qFZaDpNisNCJYcUXL+JT+6NTUNU"', 'Vary': 'Accept-Encoding', 'Content-Encoding': 'gzip', 'CF-Cache-Status': 'DYNAMIC', 'Report-To': '{"endpoints":[{"url":"https:\\/\\/a.nel.cloudflare.com\\/report\\/v4?s=lYBuHEE70t9ealdL3Ilf2i%2FF9Gj588JRHC5EwRX19OWN2%2FvR%2FFesG5K7u27DpAiCWj3%2BI3gPHGQTBPZhuBNbPfwoUy8z5UGnld3noND6uIEm%2Fz2nxDvmuV6O8Fnb6CUZ"}],"group":"cf-nel","max_age":604800}', 'NEL': '{"success_fraction":0,"report_to":"cf-nel","max_age":604800}', 'Server': 'cloudflare', 'CF-RAY': '87f3ba783a6c61f2-ORD', 'alt-svc': 'h3=":443"; ma=86400'} 
 body={"results":[{"gender":"female","name":{"title":"Miss","first":"Dhanashri","last":"Kini"},"location":{"street":{"number":287,"name":"Lamington Rd"},"city":"Korba","state":"Uttar Pradesh","country":"India","postcode":25649,"coordinates":{"latitude":"6.0594","longitude":"61.6903"},"timezone":{"offset":"-8:00","description":"Pacific Time (US &amp; Canada)"}},"email":"dhanashri.kini@example.com","login":{"uuid":"3612068f-2f20-4bb4-adf3-a5ce88ea1af7","username":"brownostrich383","password":"yourmom","salt":"7jaRRrMZ","md5":"a4e89cd7a45bcda267e493d4fd3a6d7d","sha1":"d1d02291473d08d9b83bcf0a8ac121d0c6954cc3","sha256":"40992523b6f2009173df7b8f6a12334a66963b5e0103b85f0eed61447a5f0689"},"dob":{"date":"1988-05-13T00:59:37.276Z","age":35},"registered":{"date":"2020-10-20T10:56:25.402Z","age":3},"phone":"8860694369","cell":"7168658402","id":{"name":"UIDAI","value":"546863698321"},"picture":{"large":"https://randomuser.me/api/portraits/women/53.jpg","medium":"https://randomuser.me/api/portraits/med/women/53.jpg","thumbnail":"https://randomuser.me/api/portraits/thumb/women/53.jpg"},"nat":"IN"}],"info":{"seed":"f8c3b628c38d1a6c","results":1,"page":1,"version":"1.4"}} 
 </msg>
<msg time="2024-05-05T21:12:24.410805" level="INFO">/opt/hostedtoolcache/Python/3.12.3/x64/lib/python3.12/site-packages/urllib3/connectionpool.py:1103: InsecureRequestWarning: Unverified HTTPS request is being made to host 'randomuser.me'. Adding certificate verification is strongly advised. See: https://urllib3.readthedocs.io/en/latest/advanced-usage.html#tls-warnings
  warnings.warn(</msg>
<msg time="2024-05-05T21:12:24.410928" level="INFO">${response} = &lt;Response [200]&gt;</msg>
<var>${response}</var>
<arg>consultarAPI</arg>
<arg>/api</arg>
<doc>Sends a GET request on a previously created HTTP Session.</doc>
<status status="PASS" start="2024-05-05T21:12:23.072900" elapsed="1.338067"/>
</kw>
<kw name="Set Variable" owner="BuiltIn">
<msg time="2024-05-05T21:12:24.412195" level="INFO">${json_data} = {'results': [{'gender': 'female', 'name': {'title': 'Miss', 'first': 'Dhanashri', 'last': 'Kini'}, 'location': {'street': {'number': 287, 'name': 'Lamington Rd'}, 'city': 'Korba', 'state': 'Uttar Prad...</msg>
<var>${json_data}</var>
<arg>${response.json()}</arg>
<doc>Returns the given values which can then be assigned to a variables.</doc>
<status status="PASS" start="2024-05-05T21:12:24.411629" elapsed="0.000594"/>
</kw>
<kw name="Log" owner="BuiltIn">
<msg time="2024-05-05T21:12:24.412693" level="INFO">{'results': [{'gender': 'female', 'name': {'title': 'Miss', 'first': 'Dhanashri', 'last': 'Kini'}, 'location': {'street': {'number': 287, 'name': 'Lamington Rd'}, 'city': 'Korba', 'state': 'Uttar Pradesh', 'country': 'India', 'postcode': 25649, 'coordinates': {'latitude': '6.0594', 'longitude': '61.6903'}, 'timezone': {'offset': '-8:00', 'description': 'Pacific Time (US &amp; Canada)'}}, 'email': 'dhanashri.kini@example.com', 'login': {'uuid': '3612068f-2f20-4bb4-adf3-a5ce88ea1af7', 'username': 'brownostrich383', 'password': 'yourmom', 'salt': '7jaRRrMZ', 'md5': 'a4e89cd7a45bcda267e493d4fd3a6d7d', 'sha1': 'd1d02291473d08d9b83bcf0a8ac121d0c6954cc3', 'sha256': '40992523b6f2009173df7b8f6a12334a66963b5e0103b85f0eed61447a5f0689'}, 'dob': {'date': '1988-05-13T00:59:37.276Z', 'age': 35}, 'registered': {'date': '2020-10-20T10:56:25.402Z', 'age': 3}, 'phone': '8860694369', 'cell': '7168658402', 'id': {'name': 'UIDAI', 'value': '546863698321'}, 'picture': {'large': 'https://randomuser.me/api/portraits/women/53.jpg', 'medium': 'https://randomuser.me/api/portraits/med/women/53.jpg', 'thumbnail': 'https://randomuser.me/api/portraits/thumb/women/53.jpg'}, 'nat': 'IN'}], 'info': {'seed': 'f8c3b628c38d1a6c', 'results': 1, 'page': 1, 'version': '1.4'}}</msg>
<arg>${json_data}</arg>
<doc>Logs the given message with the given level.</doc>
<status status="PASS" start="2024-05-05T21:12:24.412538" elapsed="0.000238"/>
</kw>
<kw name="Should Be Equal As Numbers" owner="BuiltIn">
<arg>${json_data['results'][0]['location']['postcode']}</arg>
<arg>${json_data['results'][0]['location']['postcode']}</arg>
<doc>Fails if objects are unequal after converting them to real numbers.</doc>
<status status="PASS" start="2024-05-05T21:12:24.413260" elapsed="0.000623"/>
</kw>
<kw name="Log" owner="BuiltIn">
<msg time="2024-05-05T21:12:24.414463" level="INFO">25649</msg>
<arg>${json_data['results'][0]['location']['postcode']}</arg>
<doc>Logs the given message with the given level.</doc>
<status status="PASS" start="2024-05-05T21:12:24.414107" elapsed="0.000396"/>
</kw>
<status status="PASS" start="2024-05-05T21:12:23.072665" elapsed="1.342095"/>
</kw>
<doc>Testa se os tipos de dados na resposta da API estão corretos.</doc>
<tag>testeTiposDados</tag>
<status status="PASS" start="2024-05-05T21:12:22.953438" elapsed="1.461488"/>
</test>
<test id="s1-s1-t5" name="Validar conteudo" line="35">
<kw name="Teste de Tipos de Conteudo" owner="random-user-service">
<kw name="GET On Session" owner="RequestsLibrary">
<msg time="2024-05-05T21:12:24.890190" level="INFO">GET Request : url=https://randomuser.me/api 
 path_url=/api 
 headers={'User-Agent': 'python-requests/2.31.0', 'Accept-Encoding': 'gzip, deflate', 'Accept': '*/*', 'Connection': 'keep-alive'} 
 body=None 
 </msg>
<msg time="2024-05-05T21:12:24.890305" level="INFO">GET Response : url=https://randomuser.me/api 
 status=200, reason=OK 
 headers={'Date': 'Sun, 05 May 2024 21:12:24 GMT', 'Content-Type': 'application/json; charset=utf-8', 'Transfer-Encoding': 'chunked', 'Connection': 'keep-alive', 'X-Powered-By': 'Express', 'Access-Control-Allow-Origin': '*', 'Cache-Control': 'no-cache', 'ETag': 'W/"48d-d84/So1q9tu6Qxp+jGD9Uz96fFE"', 'Vary': 'Accept-Encoding', 'Content-Encoding': 'gzip', 'CF-Cache-Status': 'DYNAMIC', 'Report-To': '{"endpoints":[{"url":"https:\\/\\/a.nel.cloudflare.com\\/report\\/v4?s=Se6JHMOJC8zzXUVkUFQKCUfX3IYMJu2o%2FvD3TND%2BCJFXD3MDSPWeo2p6z0eTow5rF3P9CDyUL07p480E8WwWc%2BVv232Gn%2BPXuFOZZnEX6qhYgwFTXRDY%2FYLtsbO4KKoI"}],"group":"cf-nel","max_age":604800}', 'NEL': '{"success_fraction":0,"report_to":"cf-nel","max_age":604800}', 'Server': 'cloudflare', 'CF-RAY': '87f3ba80ab6a61f2-ORD', 'alt-svc': 'h3=":443"; ma=86400'} 
 body={"results":[{"gender":"male","name":{"title":"Mr","first":"Sobibor","last":"Begma"},"location":{"street":{"number":1386,"name":"Vadima Pugachova"},"city":"Gorodnya","state":"Ternopilska","country":"Ukraine","postcode":14416,"coordinates":{"latitude":"75.3861","longitude":"-73.7744"},"timezone":{"offset":"-5:00","description":"Eastern Time (US &amp; Canada), Bogota, Lima"}},"email":"sobibor.begma@example.com","login":{"uuid":"d042c3c0-b43f-4225-bcc6-84a8e69720fa","username":"silverkoala599","password":"shui","salt":"Srp7jkwo","md5":"cf518866d7d028e952b5d496f7af709f","sha1":"c36a4e7ce5c228a02e928a012347387b9c52dceb","sha256":"1846ba8328eb3da74e65e142f0bde8156dbb4936cd42affc264af35e5b565520"},"dob":{"date":"1960-10-17T05:33:03.075Z","age":63},"registered":{"date":"2014-12-18T06:36:28.093Z","age":9},"phone":"(099) K54-1096","cell":"(097) X26-9205","id":{"name":"","value":null},"picture":{"large":"https://randomuser.me/api/portraits/men/50.jpg","medium":"https://randomuser.me/api/portraits/med/men/50.jpg","thumbnail":"https://randomuser.me/api/portraits/thumb/men/50.jpg"},"nat":"UA"}],"info":{"seed":"aa9fc32f981fa6ff","results":1,"page":1,"version":"1.4"}} 
 </msg>
<msg time="2024-05-05T21:12:24.890387" level="INFO">/opt/hostedtoolcache/Python/3.12.3/x64/lib/python3.12/site-packages/urllib3/connectionpool.py:1103: InsecureRequestWarning: Unverified HTTPS request is being made to host 'randomuser.me'. Adding certificate verification is strongly advised. See: https://urllib3.readthedocs.io/en/latest/advanced-usage.html#tls-warnings
  warnings.warn(</msg>
<msg time="2024-05-05T21:12:24.890532" level="INFO">${response} = &lt;Response [200]&gt;</msg>
<var>${response}</var>
<arg>consultarAPI</arg>
<arg>/api</arg>
<doc>Sends a GET request on a previously created HTTP Session.</doc>
<status status="PASS" start="2024-05-05T21:12:24.417443" elapsed="0.473139"/>
</kw>
<kw name="Set Variable" owner="BuiltIn">
<msg time="2024-05-05T21:12:24.891783" level="INFO">${json_data} = {'results': [{'gender': 'male', 'name': {'title': 'Mr', 'first': 'Sobibor', 'last': 'Begma'}, 'location': {'street': {'number': 1386, 'name': 'Vadima Pugachova'}, 'city': 'Gorodnya', 'state': 'Ternopi...</msg>
<var>${json_data}</var>
<arg>${response.json()}</arg>
<doc>Returns the given values which can then be assigned to a variables.</doc>
<status status="PASS" start="2024-05-05T21:12:24.891226" elapsed="0.000586"/>
</kw>
<kw name="Set Variable" owner="BuiltIn">
<msg time="2024-05-05T21:12:24.892515" level="INFO">${name_title} = Mr</msg>
<var>${name_title}</var>
<arg>${json_data["results"][0]["name"]["title"]}</arg>
<doc>Returns the given values which can then be assigned to a variables.</doc>
<status status="PASS" start="2024-05-05T21:12:24.892127" elapsed="0.000414"/>
</kw>
<kw name="Create List" owner="BuiltIn">
<msg time="2024-05-05T21:12:24.892989" level="INFO">${allowed_titles} = ['Mr', 'Ms', 'Miss', 'Mrs', 'Madame', 'Monsieur']</msg>
<var>${allowed_titles}</var>
<arg>Mr</arg>
<arg>Ms</arg>
<arg>Miss</arg>
<arg>Mrs</arg>
<arg>Madame</arg>
<arg>Monsieur</arg>
<doc>Returns a list containing given items.</doc>
<status status="PASS" start="2024-05-05T21:12:24.892841" elapsed="0.000172"/>
</kw>
<kw name="List Should Contain Value" owner="Collections">
<msg time="2024-05-05T21:12:24.893490" level="INFO">False</msg>
<arg>${allowed_titles}</arg>
<arg>${name_title}</arg>
<doc>Fails if the ``value`` is not found from ``list``.</doc>
<status status="PASS" start="2024-05-05T21:12:24.893314" elapsed="0.000212"/>
</kw>
<kw name="Set Variable" owner="BuiltIn">
<msg time="2024-05-05T21:12:24.894268" level="INFO">${name_country} = UA</msg>
<var>${name_country}</var>
<arg>${json_data["results"][0]["nat"]}</arg>
<doc>Returns the given values which can then be assigned to a variables.</doc>
<status status="PASS" start="2024-05-05T21:12:24.893825" elapsed="0.000471"/>
</kw>
<kw name="Create List" owner="BuiltIn">
<msg time="2024-05-05T21:12:24.895191" level="INFO">${list_country} = ['AD', 'AE', 'AF', 'AG', 'AI', 'AL', 'AM', 'AO', 'AQ', 'AR', 'AS', 'AT', 'AU', 'AW', 'AX', 'AZ', 'BA', 'BB', 'BD', 'BE', 'BF', 'BG', 'BH', 'BI', 'BJ', 'BL', 'BM', 'BN', 'BO', 'BQ', 'BR', 'BS', 'BT', '...</msg>
<var>${list_country}</var>
<arg>AD</arg>
<arg>AE</arg>
<arg>AF</arg>
<arg>AG</arg>
<arg>AI</arg>
<arg>AL</arg>
<arg>AM</arg>
<arg>AO</arg>
<arg>AQ</arg>
<arg>AR</arg>
<arg>AS</arg>
<arg>AT</arg>
<arg>AU</arg>
<arg>AW</arg>
<arg>AX</arg>
<arg>AZ</arg>
<arg>BA</arg>
<arg>BB</arg>
<arg>BD</arg>
<arg>BE</arg>
<arg>BF</arg>
<arg>BG</arg>
<arg>BH</arg>
<arg>BI</arg>
<arg>BJ</arg>
<arg>BL</arg>
<arg>BM</arg>
<arg>BN</arg>
<arg>BO</arg>
<arg>BQ</arg>
<arg>BR</arg>
<arg>BS</arg>
<arg>BT</arg>
<arg>BV</arg>
<arg>BW</arg>
<arg>BY</arg>
<arg>BZ</arg>
<arg>CA</arg>
<arg>CC</arg>
<arg>CD</arg>
<arg>CF</arg>
<arg>CG</arg>
<arg>CH</arg>
<arg>CI</arg>
<arg>CK</arg>
<arg>CL</arg>
<arg>CM</arg>
<arg>CN</arg>
<arg>CO</arg>
<arg>CR</arg>
<arg>CU</arg>
<arg>CV</arg>
<arg>CW</arg>
<arg>CX</arg>
<arg>CY</arg>
<arg>CZ</arg>
<arg>DE</arg>
<arg>DJ</arg>
<arg>DK</arg>
<arg>DM</arg>
<arg>DO</arg>
<arg>DZ</arg>
<arg>EC</arg>
<arg>EE</arg>
<arg>EG</arg>
<arg>EH</arg>
<arg>ER</arg>
<arg>ES</arg>
<arg>ET</arg>
<arg>FI</arg>
<arg>FJ</arg>
<arg>FK</arg>
<arg>FM</arg>
<arg>FO</arg>
<arg>FR</arg>
<arg>GA</arg>
<arg>GB</arg>
<arg>GD</arg>
<arg>GE</arg>
<arg>GF</arg>
<arg>GG</arg>
<arg>GH</arg>
<arg>GI</arg>
<arg>GL</arg>
<arg>GM</arg>
<arg>GN</arg>
<arg>GP</arg>
<arg>GQ</arg>
<arg>GR</arg>
<arg>GS</arg>
<arg>GT</arg>
<arg>GU</arg>
<arg>GW</arg>
<arg>GY</arg>
<arg>HK</arg>
<arg>HM</arg>
<arg>HN</arg>
<arg>HR</arg>
<arg>HT</arg>
<arg>HU</arg>
<arg>ID</arg>
<arg>IE</arg>
<arg>IL</arg>
<arg>IM</arg>
<arg>IN</arg>
<arg>IO</arg>
<arg>IQ</arg>
<arg>IR</arg>
<arg>IS</arg>
<arg>IT</arg>
<arg>JE</arg>
<arg>JM</arg>
<arg>JO</arg>
<arg>JP</arg>
<arg>KE</arg>
<arg>KG</arg>
<arg>KH</arg>
<arg>KI</arg>
<arg>KM</arg>
<arg>KN</arg>
<arg>KP</arg>
<arg>KR</arg>
<arg>KW</arg>
<arg>KY</arg>
<arg>KZ</arg>
<arg>LA</arg>
<arg>LB</arg>
<arg>LC</arg>
<arg>LI</arg>
<arg>LK</arg>
<arg>LR</arg>
<arg>LS</arg>
<arg>LT</arg>
<arg>LU</arg>
<arg>LV</arg>
<arg>LY</arg>
<arg>MA</arg>
<arg>MC</arg>
<arg>MD</arg>
<arg>ME</arg>
<arg>MF</arg>
<arg>MG</arg>
<arg>MH</arg>
<arg>MK</arg>
<arg>ML</arg>
<arg>MM</arg>
<arg>MN</arg>
<arg>MO</arg>
<arg>MP</arg>
<arg>MQ</arg>
<arg>MR</arg>
<arg>MS</arg>
<arg>MT</arg>
<arg>MU</arg>
<arg>MV</arg>
<arg>MW</arg>
<arg>MX</arg>
<arg>MY</arg>
<arg>MZ</arg>
<arg>NA</arg>
<arg>NC</arg>
<arg>NE</arg>
<arg>NF</arg>
<arg>NG</arg>
<arg>NI</arg>
<arg>NL</arg>
<arg>NO</arg>
<arg>NP</arg>
<arg>NR</arg>
<arg>NU</arg>
<arg>NZ</arg>
<arg>OM</arg>
<arg>PA</arg>
<arg>PE</arg>
<arg>PF</arg>
<arg>PG</arg>
<arg>PH</arg>
<arg>PK</arg>
<arg>PL</arg>
<arg>PM</arg>
<arg>PN</arg>
<arg>PR</arg>
<arg>PS</arg>
<arg>PT</arg>
<arg>PW</arg>
<arg>PY</arg>
<arg>QA</arg>
<arg>RE</arg>
<arg>RO</arg>
<arg>RS</arg>
<arg>RU</arg>
<arg>RW</arg>
<arg>SA</arg>
<arg>SB</arg>
<arg>SC</arg>
<arg>SD</arg>
<arg>SE</arg>
<arg>SG</arg>
<arg>SH</arg>
<arg>SI</arg>
<arg>SJ</arg>
<arg>SK</arg>
<arg>SL</arg>
<arg>SM</arg>
<arg>SN</arg>
<arg>SO</arg>
<arg>SR</arg>
<arg>SS</arg>
<arg>ST</arg>
<arg>SV</arg>
<arg>SX</arg>
<arg>SY</arg>
<arg>SZ</arg>
<arg>TC</arg>
<arg>TD</arg>
<arg>TF</arg>
<arg>TG</arg>
<arg>TH</arg>
<arg>TJ</arg>
<arg>TK</arg>
<arg>TL</arg>
<arg>TM</arg>
<arg>TN</arg>
<arg>TO</arg>
<arg>TR</arg>
<arg>TT</arg>
<arg>TV</arg>
<arg>TW</arg>
<arg>TZ</arg>
<arg>UA</arg>
<arg>UG</arg>
<arg>UM</arg>
<arg>US</arg>
<arg>UY</arg>
<arg>UZ</arg>
<arg>VA</arg>
<arg>VC</arg>
<arg>VE</arg>
<arg>VG</arg>
<arg>VI</arg>
<arg>VN</arg>
<arg>VU</arg>
<arg>WF</arg>
<arg>WS</arg>
<arg>XK</arg>
<arg>YE</arg>
<arg>YT</arg>
<arg>ZA</arg>
<arg>ZM</arg>
<arg>ZW</arg>
<doc>Returns a list containing given items.</doc>
<status status="PASS" start="2024-05-05T21:12:24.894602" elapsed="0.000615"/>
</kw>
<kw name="List Should Contain Value" owner="Collections">
<msg time="2024-05-05T21:12:24.896227" level="INFO">False</msg>
<arg>${list_country}</arg>
<arg>${name_country}</arg>
<doc>Fails if the ``value`` is not found from ``list``.</doc>
<status status="PASS" start="2024-05-05T21:12:24.896024" elapsed="0.000241"/>
</kw>
<kw name="Run Keyword If" owner="BuiltIn">
<kw name="Should Be True" owner="BuiltIn">
<arg>${True}</arg>
<doc>Fails if the given condition is not true.</doc>
<status status="PASS" start="2024-05-05T21:12:24.897346" elapsed="0.000271"/>
</kw>
<arg>${json_data["results"][0]["location"]["coordinates"]["latitude"]} &gt;= -90 and ${json_data["results"][0]["location"]["coordinates"]["latitude"]} &lt;= 90</arg>
<arg>Should Be True</arg>
<arg>${True}</arg>
<doc>Runs the given keyword with the given arguments, if ``condition`` is true.</doc>
<status status="PASS" start="2024-05-05T21:12:24.896585" elapsed="0.001167"/>
</kw>
<kw name="Run Keyword If" owner="BuiltIn">
<kw name="Should Be True" owner="BuiltIn">
<arg>${True}</arg>
<doc>Fails if the given condition is not true.</doc>
<status status="PASS" start="2024-05-05T21:12:24.898700" elapsed="0.000138"/>
</kw>
<arg>${json_data["results"][0]["location"]["coordinates"]["longitude"]} &gt;= -180 and ${json_data["results"][0]["location"]["coordinates"]["longitude"]} &lt;= 180</arg>
<arg>Should Be True</arg>
<arg>${True}</arg>
<doc>Runs the given keyword with the given arguments, if ``condition`` is true.</doc>
<status status="PASS" start="2024-05-05T21:12:24.897952" elapsed="0.001011"/>
</kw>
<status status="PASS" start="2024-05-05T21:12:24.417215" elapsed="0.481880"/>
</kw>
<doc>Testa o conteúdo específico dos campos retornados pela API.</doc>
<tag>testeConteudo</tag>
<status status="PASS" start="2024-05-05T21:12:24.416675" elapsed="0.482573"/>
</test>
<status status="PASS" start="2024-05-05T21:12:22.417107" elapsed="2.484160"/>
</suite>
<status status="PASS" start="2024-05-05T21:12:22.403229" elapsed="2.503249"/>
</suite>
<statistics>
<total>
<stat pass="5" fail="0" skip="0">All Tests</stat>
</total>
<tag>
<stat pass="1" fail="0" skip="0">testeConteudo</stat>
<stat pass="1" fail="0" skip="0">testeEstruturaResposta</stat>
<stat pass="1" fail="0" skip="0">testeRequisicaoBasica</stat>
<stat pass="1" fail="0" skip="0">testeTiposDados</stat>
</tag>
<suite>
<stat pass="5" fail="0" skip="0" id="s1" name="Tests">Tests</stat>
<stat pass="5" fail="0" skip="0" id="s1-s1" name="Random-User-Test">Tests.Random-User-Test</stat>
</suite>
</statistics>
<errors>
</errors>
</robot>
