<?xml version="1.0" encoding="UTF-8"?>
<robot generator="Robot 7.0.1 (Python 3.12.4 on linux)" generated="2024-06-26T05:14:28.836871" rpa="false" schemaversion="5">
<suite id="s1" name="Tests" source="/home/runner/work/ApiRandomUser/ApiRandomUser/RamdonUser/tests">
<suite id="s1-s1" name="Random-User-Test" source="/home/runner/work/ApiRandomUser/ApiRandomUser/RamdonUser/tests/random-user-test.robot">
<test id="s1-s1-t1" name="Conectar" line="13">
<kw name="Conectar API" owner="random-user-service">
<kw name="Create Session" owner="RequestsLibrary">
<msg time="2024-06-26T05:14:29.348402" level="INFO">Creating Session using : alias=consultarAPI, url=https://randomuser.me/, headers={},                     cookies={}, auth=None, timeout=None, proxies=None, verify=False,                     debug=0 </msg>
<arg>consultarAPI</arg>
<arg>${URL}</arg>
<doc>Create Session: create a HTTP session to a server</doc>
<status status="PASS" start="2024-06-26T05:14:29.348174" elapsed="0.000441"/>
</kw>
<status status="PASS" start="2024-06-26T05:14:29.347141" elapsed="0.001874"/>
</kw>
<status status="PASS" start="2024-06-26T05:14:29.346468" elapsed="0.002757"/>
</test>
<test id="s1-s1-t2" name="Validar retorno 200 e JSON Válido" line="16">
<kw name="Teste de Requisicao Basica" owner="random-user-service">
<kw name="GET On Session" owner="RequestsLibrary">
<msg time="2024-06-26T05:14:29.567245" level="INFO">GET Request : url=https://randomuser.me/api 
 path_url=/api 
 headers={'User-Agent': 'python-requests/2.32.3', 'Accept-Encoding': 'gzip, deflate', 'Accept': '*/*', 'Connection': 'keep-alive'} 
 body=None 
 </msg>
<msg time="2024-06-26T05:14:29.567420" level="INFO">GET Response : url=https://randomuser.me/api 
 status=200, reason=OK 
 headers={'Date': 'Wed, 26 Jun 2024 05:14:29 GMT', 'Content-Type': 'application/json; charset=utf-8', 'Transfer-Encoding': 'chunked', 'Connection': 'keep-alive', 'X-Powered-By': 'Express', 'Access-Control-Allow-Origin': '*', 'Cache-Control': 'no-cache', 'ETag': 'W/"475-BbPxLbgcm0L8O+xBQ7wsULoRGNs"', 'Vary': 'Accept-Encoding', 'Content-Encoding': 'gzip', 'CF-Cache-Status': 'DYNAMIC', 'Report-To': '{"endpoints":[{"url":"https:\\/\\/a.nel.cloudflare.com\\/report\\/v4?s=sBOqUJUv%2BrJM9UrSROuy9ZiGbjF90KUJ%2FvapdWE9LCauTMI2i2wtHfMpNCzMdsZFq9pk9r63VnUXH%2Bc%2FAO8D5%2FmdpmKw%2FRgvVI5qldE%2FSOptqnoHvFOPut%2FNWIGD%2Fe34"}],"group":"cf-nel","max_age":604800}', 'NEL': '{"success_fraction":0,"report_to":"cf-nel","max_age":604800}', 'Server': 'cloudflare', 'CF-RAY': '899ab6ce5b1f2021-IAD', 'alt-svc': 'h3=":443"; ma=86400'} 
 body={"results":[{"gender":"female","name":{"title":"Miss","first":"Ayşe","last":"Karabulut"},"location":{"street":{"number":2349,"name":"Istiklal Cd"},"city":"Kırıkkale","state":"Osmaniye","country":"Turkey","postcode":41579,"coordinates":{"latitude":"67.8659","longitude":"90.4645"},"timezone":{"offset":"-9:00","description":"Alaska"}},"email":"ayse.karabulut@example.com","login":{"uuid":"073137ef-531d-4ff0-b3cd-1712fcf2f606","username":"ticklishbird540","password":"shauna","salt":"me389dRn","md5":"0cdc183a2ac4a84b5d4f46a48449f286","sha1":"db126e53a2eb1ece64000c3e1c72750a493551e3","sha256":"704019567b33323c552603d8589cd2d2f1486afe250d75479ceeac365a88094a"},"dob":{"date":"1951-09-12T12:55:15.610Z","age":72},"registered":{"date":"2005-02-22T10:13:54.015Z","age":19},"phone":"(891)-930-4740","cell":"(250)-983-8644","id":{"name":"","value":null},"picture":{"large":"https://randomuser.me/api/portraits/women/93.jpg","medium":"https://randomuser.me/api/portraits/med/women/93.jpg","thumbnail":"https://randomuser.me/api/portraits/thumb/women/93.jpg"},"nat":"TR"}],"info":{"seed":"4c4bf36175389e12","results":1,"page":1,"version":"1.4"}} 
 </msg>
<msg time="2024-06-26T05:14:29.567514" level="INFO">/opt/hostedtoolcache/Python/3.12.4/x64/lib/python3.12/site-packages/urllib3/connectionpool.py:1099: InsecureRequestWarning: Unverified HTTPS request is being made to host 'randomuser.me'. Adding certificate verification is strongly advised. See: https://urllib3.readthedocs.io/en/latest/advanced-usage.html#tls-warnings
  warnings.warn(</msg>
<msg time="2024-06-26T05:14:29.567704" level="INFO">${response} = &lt;Response [200]&gt;</msg>
<var>${response}</var>
<arg>consultarAPI</arg>
<arg>/api</arg>
<doc>Sends a GET request on a previously created HTTP Session.</doc>
<status status="PASS" start="2024-06-26T05:14:29.352078" elapsed="0.215676"/>
</kw>
<kw name="Should Be Equal As Numbers" owner="BuiltIn">
<msg time="2024-06-26T05:14:29.568855" level="INFO">Argument types are:
&lt;class 'int'&gt;
&lt;class 'str'&gt;</msg>
<arg>${response.status_code}</arg>
<arg>200</arg>
<doc>Fails if objects are unequal after converting them to real numbers.</doc>
<status status="PASS" start="2024-06-26T05:14:29.568352" elapsed="0.000578"/>
</kw>
<kw name="Log" owner="BuiltIn">
<msg time="2024-06-26T05:14:29.569731" level="INFO">200</msg>
<arg>${response.status_code}</arg>
<doc>Logs the given message with the given level.</doc>
<status status="PASS" start="2024-06-26T05:14:29.569329" elapsed="0.000450"/>
</kw>
<kw name="Set Variable" owner="BuiltIn">
<msg time="2024-06-26T05:14:29.570662" level="INFO">${json_data} = {'results': [{'gender': 'female', 'name': {'title': 'Miss', 'first': 'Ayşe', 'last': 'Karabulut'}, 'location': {'street': {'number': 2349, 'name': 'Istiklal Cd'}, 'city': 'Kırıkkale', 'state': 'Osmani...</msg>
<var>${json_data}</var>
<arg>${response.json()}</arg>
<doc>Returns the given values which can then be assigned to a variables.</doc>
<status status="PASS" start="2024-06-26T05:14:29.570126" elapsed="0.000567"/>
</kw>
<kw name="Dictionary Should Contain Key" owner="Collections">
<arg>${json_data}</arg>
<arg>results</arg>
<doc>Fails if ``key`` is not found from ``dictionary``.</doc>
<status status="PASS" start="2024-06-26T05:14:29.571026" elapsed="0.000179"/>
</kw>
<status status="PASS" start="2024-06-26T05:14:29.351800" elapsed="0.219561"/>
</kw>
<doc>Testa se a API responde corretamente e retorna um objeto JSON válido.</doc>
<tag>testeRequisicaoBasica</tag>
<status status="PASS" start="2024-06-26T05:14:29.351220" elapsed="0.220323"/>
</test>
<test id="s1-s1-t3" name="Validar estrutura de resposta" line="22">
<kw name="Teste de Estrutura de Resposta" owner="random-user-service">
<kw name="GET On Session" owner="RequestsLibrary">
<msg time="2024-06-26T05:14:29.650107" level="INFO">GET Request : url=https://randomuser.me/api 
 path_url=/api 
 headers={'User-Agent': 'python-requests/2.32.3', 'Accept-Encoding': 'gzip, deflate', 'Accept': '*/*', 'Connection': 'keep-alive'} 
 body=None 
 </msg>
<msg time="2024-06-26T05:14:29.650222" level="INFO">GET Response : url=https://randomuser.me/api 
 status=200, reason=OK 
 headers={'Date': 'Wed, 26 Jun 2024 05:14:29 GMT', 'Content-Type': 'application/json; charset=utf-8', 'Transfer-Encoding': 'chunked', 'Connection': 'keep-alive', 'X-Powered-By': 'Express', 'Access-Control-Allow-Origin': '*', 'Cache-Control': 'no-cache', 'ETag': 'W/"49c-zubUzNvkRHrFFHaEgEzxZdVoyNw"', 'Vary': 'Accept-Encoding', 'Content-Encoding': 'gzip', 'CF-Cache-Status': 'DYNAMIC', 'Report-To': '{"endpoints":[{"url":"https:\\/\\/a.nel.cloudflare.com\\/report\\/v4?s=tGGg%2BPCJ8o7y83G8rPTYHhFatI6lEWy5aUzqeAHyuaQkMwwL2IRXrRq75jv1zzRzZzRrOxDASes2sPvW5Zg%2B7H7fMqxBYQg5%2FFAz3eHgjAqK6T44qWoQer2LRejPHBUC"}],"group":"cf-nel","max_age":604800}', 'NEL': '{"success_fraction":0,"report_to":"cf-nel","max_age":604800}', 'Server': 'cloudflare', 'CF-RAY': '899ab6cedbbf2021-IAD', 'alt-svc': 'h3=":443"; ma=86400'} 
 body={"results":[{"gender":"female","name":{"title":"Mrs","first":"Gabriela","last":"Uribe"},"location":{"street":{"number":7821,"name":"Periférico Norte Rendón"},"city":"Ayotlán","state":"Sinaloa","country":"Mexico","postcode":33562,"coordinates":{"latitude":"25.4920","longitude":"101.0418"},"timezone":{"offset":"+6:00","description":"Almaty, Dhaka, Colombo"}},"email":"gabriela.uribe@example.com","login":{"uuid":"6eaccc1c-402b-4352-853b-ceaca0468d15","username":"sadrabbit936","password":"candyman","salt":"cjQmwhFt","md5":"500333d60052b1a2c0aa8ba0c58ef58e","sha1":"a13f2add9ca0bb98354ff764b70a6796a924220b","sha256":"46cf996c56c5cb2f99b91ced1a76db9d76803f544f87286bb0eb8b85db306d4c"},"dob":{"date":"1983-05-19T01:40:03.509Z","age":41},"registered":{"date":"2018-07-29T15:56:14.012Z","age":5},"phone":"(602) 358 0360","cell":"(605) 818 9561","id":{"name":"NSS","value":"93 15 17 2138 4"},"picture":{"large":"https://randomuser.me/api/portraits/women/62.jpg","medium":"https://randomuser.me/api/portraits/med/women/62.jpg","thumbnail":"https://randomuser.me/api/portraits/thumb/women/62.jpg"},"nat":"MX"}],"info":{"seed":"56d9618f77f50834","results":1,"page":1,"version":"1.4"}} 
 </msg>
<msg time="2024-06-26T05:14:29.650404" level="INFO">/opt/hostedtoolcache/Python/3.12.4/x64/lib/python3.12/site-packages/urllib3/connectionpool.py:1099: InsecureRequestWarning: Unverified HTTPS request is being made to host 'randomuser.me'. Adding certificate verification is strongly advised. See: https://urllib3.readthedocs.io/en/latest/advanced-usage.html#tls-warnings
  warnings.warn(</msg>
<msg time="2024-06-26T05:14:29.650564" level="INFO">${response} = &lt;Response [200]&gt;</msg>
<var>${response}</var>
<arg>consultarAPI</arg>
<arg>/api</arg>
<doc>Sends a GET request on a previously created HTTP Session.</doc>
<status status="PASS" start="2024-06-26T05:14:29.574691" elapsed="0.075920"/>
</kw>
<kw name="Set Variable" owner="BuiltIn">
<msg time="2024-06-26T05:14:29.651752" level="INFO">${json_data} = {'results': [{'gender': 'female', 'name': {'title': 'Mrs', 'first': 'Gabriela', 'last': 'Uribe'}, 'location': {'street': {'number': 7821, 'name': 'Periférico Norte Rendón'}, 'city': 'Ayotlán', 'state'...</msg>
<var>${json_data}</var>
<arg>${response.json()}</arg>
<doc>Returns the given values which can then be assigned to a variables.</doc>
<status status="PASS" start="2024-06-26T05:14:29.651179" elapsed="0.000604"/>
</kw>
<kw name="Log" owner="BuiltIn">
<msg time="2024-06-26T05:14:29.652358" level="INFO">{'results': [{'gender': 'female', 'name': {'title': 'Mrs', 'first': 'Gabriela', 'last': 'Uribe'}, 'location': {'street': {'number': 7821, 'name': 'Periférico Norte Rendón'}, 'city': 'Ayotlán', 'state': 'Sinaloa', 'country': 'Mexico', 'postcode': 33562, 'coordinates': {'latitude': '25.4920', 'longitude': '101.0418'}, 'timezone': {'offset': '+6:00', 'description': 'Almaty, Dhaka, Colombo'}}, 'email': 'gabriela.uribe@example.com', 'login': {'uuid': '6eaccc1c-402b-4352-853b-ceaca0468d15', 'username': 'sadrabbit936', 'password': 'candyman', 'salt': 'cjQmwhFt', 'md5': '500333d60052b1a2c0aa8ba0c58ef58e', 'sha1': 'a13f2add9ca0bb98354ff764b70a6796a924220b', 'sha256': '46cf996c56c5cb2f99b91ced1a76db9d76803f544f87286bb0eb8b85db306d4c'}, 'dob': {'date': '1983-05-19T01:40:03.509Z', 'age': 41}, 'registered': {'date': '2018-07-29T15:56:14.012Z', 'age': 5}, 'phone': '(602) 358 0360', 'cell': '(605) 818 9561', 'id': {'name': 'NSS', 'value': '93 15 17 2138 4'}, 'picture': {'large': 'https://randomuser.me/api/portraits/women/62.jpg', 'medium': 'https://randomuser.me/api/portraits/med/women/62.jpg', 'thumbnail': 'https://randomuser.me/api/portraits/thumb/women/62.jpg'}, 'nat': 'MX'}], 'info': {'seed': '56d9618f77f50834', 'results': 1, 'page': 1, 'version': '1.4'}}</msg>
<arg>${json_data}</arg>
<doc>Logs the given message with the given level.</doc>
<status status="PASS" start="2024-06-26T05:14:29.652171" elapsed="0.000242"/>
</kw>
<kw name="Dictionary Should Contain Key" owner="Collections">
<arg>${json_data}</arg>
<arg>results</arg>
<doc>Fails if ``key`` is not found from ``dictionary``.</doc>
<status status="PASS" start="2024-06-26T05:14:29.652738" elapsed="0.000176"/>
</kw>
<kw name="Should Not Be Empty" owner="BuiltIn">
<msg time="2024-06-26T05:14:29.653241" level="INFO">Length is 2.</msg>
<arg>${json_data}</arg>
<doc>Verifies that the given item is not empty.</doc>
<status status="PASS" start="2024-06-26T05:14:29.653108" elapsed="0.000180"/>
</kw>
<kw name="Create List" owner="BuiltIn">
<msg time="2024-06-26T05:14:29.653958" level="INFO">${expected_keys} = ['gender', 'name', 'location', 'email', 'login']</msg>
<var>${expected_keys}</var>
<arg>gender</arg>
<arg>name</arg>
<arg>location</arg>
<arg>email</arg>
<arg>login</arg>
<doc>Returns a list containing given items.</doc>
<status status="PASS" start="2024-06-26T05:14:29.653609" elapsed="0.000375"/>
</kw>
<for flavor="IN">
<iter>
<kw name="Dictionary Should Contain Key" owner="Collections">
<arg>${json_data['results'][0]}</arg>
<arg>${key}</arg>
<doc>Fails if ``key`` is not found from ``dictionary``.</doc>
<status status="PASS" start="2024-06-26T05:14:29.654665" elapsed="0.000438"/>
</kw>
<kw name="Log" owner="BuiltIn">
<msg time="2024-06-26T05:14:29.655687" level="INFO">{'gender': 'female', 'name': {'title': 'Mrs', 'first': 'Gabriela', 'last': 'Uribe'}, 'location': {'street': {'number': 7821, 'name': 'Periférico Norte Rendón'}, 'city': 'Ayotlán', 'state': 'Sinaloa', 'country': 'Mexico', 'postcode': 33562, 'coordinates': {'latitude': '25.4920', 'longitude': '101.0418'}, 'timezone': {'offset': '+6:00', 'description': 'Almaty, Dhaka, Colombo'}}, 'email': 'gabriela.uribe@example.com', 'login': {'uuid': '6eaccc1c-402b-4352-853b-ceaca0468d15', 'username': 'sadrabbit936', 'password': 'candyman', 'salt': 'cjQmwhFt', 'md5': '500333d60052b1a2c0aa8ba0c58ef58e', 'sha1': 'a13f2add9ca0bb98354ff764b70a6796a924220b', 'sha256': '46cf996c56c5cb2f99b91ced1a76db9d76803f544f87286bb0eb8b85db306d4c'}, 'dob': {'date': '1983-05-19T01:40:03.509Z', 'age': 41}, 'registered': {'date': '2018-07-29T15:56:14.012Z', 'age': 5}, 'phone': '(602) 358 0360', 'cell': '(605) 818 9561', 'id': {'name': 'NSS', 'value': '93 15 17 2138 4'}, 'picture': {'large': 'https://randomuser.me/api/portraits/women/62.jpg', 'medium': 'https://randomuser.me/api/portraits/med/women/62.jpg', 'thumbnail': 'https://randomuser.me/api/portraits/thumb/women/62.jpg'}, 'nat': 'MX'}</msg>
<arg>${json_data['results'][0]}</arg>
<doc>Logs the given message with the given level.</doc>
<status status="PASS" start="2024-06-26T05:14:29.655297" elapsed="0.000444"/>
</kw>
<kw name="Log" owner="BuiltIn">
<msg time="2024-06-26T05:14:29.656184" level="INFO">gender</msg>
<arg>${key}</arg>
<doc>Logs the given message with the given level.</doc>
<status status="PASS" start="2024-06-26T05:14:29.656052" elapsed="0.000173"/>
</kw>
<var name="${key}">gender</var>
<status status="PASS" start="2024-06-26T05:14:29.654525" elapsed="0.001922"/>
</iter>
<iter>
<kw name="Dictionary Should Contain Key" owner="Collections">
<arg>${json_data['results'][0]}</arg>
<arg>${key}</arg>
<doc>Fails if ``key`` is not found from ``dictionary``.</doc>
<status status="PASS" start="2024-06-26T05:14:29.656765" elapsed="0.000415"/>
</kw>
<kw name="Log" owner="BuiltIn">
<msg time="2024-06-26T05:14:29.657795" level="INFO">{'gender': 'female', 'name': {'title': 'Mrs', 'first': 'Gabriela', 'last': 'Uribe'}, 'location': {'street': {'number': 7821, 'name': 'Periférico Norte Rendón'}, 'city': 'Ayotlán', 'state': 'Sinaloa', 'country': 'Mexico', 'postcode': 33562, 'coordinates': {'latitude': '25.4920', 'longitude': '101.0418'}, 'timezone': {'offset': '+6:00', 'description': 'Almaty, Dhaka, Colombo'}}, 'email': 'gabriela.uribe@example.com', 'login': {'uuid': '6eaccc1c-402b-4352-853b-ceaca0468d15', 'username': 'sadrabbit936', 'password': 'candyman', 'salt': 'cjQmwhFt', 'md5': '500333d60052b1a2c0aa8ba0c58ef58e', 'sha1': 'a13f2add9ca0bb98354ff764b70a6796a924220b', 'sha256': '46cf996c56c5cb2f99b91ced1a76db9d76803f544f87286bb0eb8b85db306d4c'}, 'dob': {'date': '1983-05-19T01:40:03.509Z', 'age': 41}, 'registered': {'date': '2018-07-29T15:56:14.012Z', 'age': 5}, 'phone': '(602) 358 0360', 'cell': '(605) 818 9561', 'id': {'name': 'NSS', 'value': '93 15 17 2138 4'}, 'picture': {'large': 'https://randomuser.me/api/portraits/women/62.jpg', 'medium': 'https://randomuser.me/api/portraits/med/women/62.jpg', 'thumbnail': 'https://randomuser.me/api/portraits/thumb/women/62.jpg'}, 'nat': 'MX'}</msg>
<arg>${json_data['results'][0]}</arg>
<doc>Logs the given message with the given level.</doc>
<status status="PASS" start="2024-06-26T05:14:29.657369" elapsed="0.000477"/>
</kw>
<kw name="Log" owner="BuiltIn">
<msg time="2024-06-26T05:14:29.658287" level="INFO">name</msg>
<arg>${key}</arg>
<doc>Logs the given message with the given level.</doc>
<status status="PASS" start="2024-06-26T05:14:29.658155" elapsed="0.000172"/>
</kw>
<var name="${key}">name</var>
<status status="PASS" start="2024-06-26T05:14:29.656649" elapsed="0.001926"/>
</iter>
<iter>
<kw name="Dictionary Should Contain Key" owner="Collections">
<arg>${json_data['results'][0]}</arg>
<arg>${key}</arg>
<doc>Fails if ``key`` is not found from ``dictionary``.</doc>
<status status="PASS" start="2024-06-26T05:14:29.658877" elapsed="0.000388"/>
</kw>
<kw name="Log" owner="BuiltIn">
<msg time="2024-06-26T05:14:29.659813" level="INFO">{'gender': 'female', 'name': {'title': 'Mrs', 'first': 'Gabriela', 'last': 'Uribe'}, 'location': {'street': {'number': 7821, 'name': 'Periférico Norte Rendón'}, 'city': 'Ayotlán', 'state': 'Sinaloa', 'country': 'Mexico', 'postcode': 33562, 'coordinates': {'latitude': '25.4920', 'longitude': '101.0418'}, 'timezone': {'offset': '+6:00', 'description': 'Almaty, Dhaka, Colombo'}}, 'email': 'gabriela.uribe@example.com', 'login': {'uuid': '6eaccc1c-402b-4352-853b-ceaca0468d15', 'username': 'sadrabbit936', 'password': 'candyman', 'salt': 'cjQmwhFt', 'md5': '500333d60052b1a2c0aa8ba0c58ef58e', 'sha1': 'a13f2add9ca0bb98354ff764b70a6796a924220b', 'sha256': '46cf996c56c5cb2f99b91ced1a76db9d76803f544f87286bb0eb8b85db306d4c'}, 'dob': {'date': '1983-05-19T01:40:03.509Z', 'age': 41}, 'registered': {'date': '2018-07-29T15:56:14.012Z', 'age': 5}, 'phone': '(602) 358 0360', 'cell': '(605) 818 9561', 'id': {'name': 'NSS', 'value': '93 15 17 2138 4'}, 'picture': {'large': 'https://randomuser.me/api/portraits/women/62.jpg', 'medium': 'https://randomuser.me/api/portraits/med/women/62.jpg', 'thumbnail': 'https://randomuser.me/api/portraits/thumb/women/62.jpg'}, 'nat': 'MX'}</msg>
<arg>${json_data['results'][0]}</arg>
<doc>Logs the given message with the given level.</doc>
<status status="PASS" start="2024-06-26T05:14:29.659447" elapsed="0.000415"/>
</kw>
<kw name="Log" owner="BuiltIn">
<msg time="2024-06-26T05:14:29.660296" level="INFO">location</msg>
<arg>${key}</arg>
<doc>Logs the given message with the given level.</doc>
<status status="PASS" start="2024-06-26T05:14:29.660167" elapsed="0.000167"/>
</kw>
<var name="${key}">location</var>
<status status="PASS" start="2024-06-26T05:14:29.658767" elapsed="0.001784"/>
</iter>
<iter>
<kw name="Dictionary Should Contain Key" owner="Collections">
<arg>${json_data['results'][0]}</arg>
<arg>${key}</arg>
<doc>Fails if ``key`` is not found from ``dictionary``.</doc>
<status status="PASS" start="2024-06-26T05:14:29.660833" elapsed="0.000393"/>
</kw>
<kw name="Log" owner="BuiltIn">
<msg time="2024-06-26T05:14:29.661766" level="INFO">{'gender': 'female', 'name': {'title': 'Mrs', 'first': 'Gabriela', 'last': 'Uribe'}, 'location': {'street': {'number': 7821, 'name': 'Periférico Norte Rendón'}, 'city': 'Ayotlán', 'state': 'Sinaloa', 'country': 'Mexico', 'postcode': 33562, 'coordinates': {'latitude': '25.4920', 'longitude': '101.0418'}, 'timezone': {'offset': '+6:00', 'description': 'Almaty, Dhaka, Colombo'}}, 'email': 'gabriela.uribe@example.com', 'login': {'uuid': '6eaccc1c-402b-4352-853b-ceaca0468d15', 'username': 'sadrabbit936', 'password': 'candyman', 'salt': 'cjQmwhFt', 'md5': '500333d60052b1a2c0aa8ba0c58ef58e', 'sha1': 'a13f2add9ca0bb98354ff764b70a6796a924220b', 'sha256': '46cf996c56c5cb2f99b91ced1a76db9d76803f544f87286bb0eb8b85db306d4c'}, 'dob': {'date': '1983-05-19T01:40:03.509Z', 'age': 41}, 'registered': {'date': '2018-07-29T15:56:14.012Z', 'age': 5}, 'phone': '(602) 358 0360', 'cell': '(605) 818 9561', 'id': {'name': 'NSS', 'value': '93 15 17 2138 4'}, 'picture': {'large': 'https://randomuser.me/api/portraits/women/62.jpg', 'medium': 'https://randomuser.me/api/portraits/med/women/62.jpg', 'thumbnail': 'https://randomuser.me/api/portraits/thumb/women/62.jpg'}, 'nat': 'MX'}</msg>
<arg>${json_data['results'][0]}</arg>
<doc>Logs the given message with the given level.</doc>
<status status="PASS" start="2024-06-26T05:14:29.661408" elapsed="0.000409"/>
</kw>
<kw name="Log" owner="BuiltIn">
<msg time="2024-06-26T05:14:29.662239" level="INFO">email</msg>
<arg>${key}</arg>
<doc>Logs the given message with the given level.</doc>
<status status="PASS" start="2024-06-26T05:14:29.662113" elapsed="0.000165"/>
</kw>
<var name="${key}">email</var>
<status status="PASS" start="2024-06-26T05:14:29.660724" elapsed="0.001820"/>
</iter>
<iter>
<kw name="Dictionary Should Contain Key" owner="Collections">
<arg>${json_data['results'][0]}</arg>
<arg>${key}</arg>
<doc>Fails if ``key`` is not found from ``dictionary``.</doc>
<status status="PASS" start="2024-06-26T05:14:29.662824" elapsed="0.000391"/>
</kw>
<kw name="Log" owner="BuiltIn">
<msg time="2024-06-26T05:14:29.663756" level="INFO">{'gender': 'female', 'name': {'title': 'Mrs', 'first': 'Gabriela', 'last': 'Uribe'}, 'location': {'street': {'number': 7821, 'name': 'Periférico Norte Rendón'}, 'city': 'Ayotlán', 'state': 'Sinaloa', 'country': 'Mexico', 'postcode': 33562, 'coordinates': {'latitude': '25.4920', 'longitude': '101.0418'}, 'timezone': {'offset': '+6:00', 'description': 'Almaty, Dhaka, Colombo'}}, 'email': 'gabriela.uribe@example.com', 'login': {'uuid': '6eaccc1c-402b-4352-853b-ceaca0468d15', 'username': 'sadrabbit936', 'password': 'candyman', 'salt': 'cjQmwhFt', 'md5': '500333d60052b1a2c0aa8ba0c58ef58e', 'sha1': 'a13f2add9ca0bb98354ff764b70a6796a924220b', 'sha256': '46cf996c56c5cb2f99b91ced1a76db9d76803f544f87286bb0eb8b85db306d4c'}, 'dob': {'date': '1983-05-19T01:40:03.509Z', 'age': 41}, 'registered': {'date': '2018-07-29T15:56:14.012Z', 'age': 5}, 'phone': '(602) 358 0360', 'cell': '(605) 818 9561', 'id': {'name': 'NSS', 'value': '93 15 17 2138 4'}, 'picture': {'large': 'https://randomuser.me/api/portraits/women/62.jpg', 'medium': 'https://randomuser.me/api/portraits/med/women/62.jpg', 'thumbnail': 'https://randomuser.me/api/portraits/thumb/women/62.jpg'}, 'nat': 'MX'}</msg>
<arg>${json_data['results'][0]}</arg>
<doc>Logs the given message with the given level.</doc>
<status status="PASS" start="2024-06-26T05:14:29.663396" elapsed="0.000412"/>
</kw>
<kw name="Log" owner="BuiltIn">
<msg time="2024-06-26T05:14:29.664231" level="INFO">login</msg>
<arg>${key}</arg>
<doc>Logs the given message with the given level.</doc>
<status status="PASS" start="2024-06-26T05:14:29.664104" elapsed="0.000165"/>
</kw>
<var name="${key}">login</var>
<status status="PASS" start="2024-06-26T05:14:29.662714" elapsed="0.001770"/>
</iter>
<var>${key}</var>
<value>@{expected_keys}</value>
<status status="PASS" start="2024-06-26T05:14:29.654263" elapsed="0.010340"/>
</for>
<kw name="Create List" owner="BuiltIn">
<msg time="2024-06-26T05:14:29.664972" level="INFO">${expected_keysTwo} = ['username', 'password']</msg>
<var>${expected_keysTwo}</var>
<arg>username</arg>
<arg>password</arg>
<doc>Returns a list containing given items.</doc>
<status status="PASS" start="2024-06-26T05:14:29.664830" elapsed="0.000166"/>
</kw>
<for flavor="IN">
<iter>
<kw name="Dictionary Should Contain Key" owner="Collections">
<arg>${json_data['results'][0]['login']}</arg>
<arg>${keyTwo}</arg>
<doc>Fails if ``key`` is not found from ``dictionary``.</doc>
<status status="PASS" start="2024-06-26T05:14:29.665515" elapsed="0.000392"/>
</kw>
<kw name="Dictionary Should Contain Key" owner="Collections">
<arg>${json_data['results'][0]['login']}</arg>
<arg>${keyTwo}</arg>
<doc>Fails if ``key`` is not found from ``dictionary``.</doc>
<status status="PASS" start="2024-06-26T05:14:29.666086" elapsed="0.000404"/>
</kw>
<kw name="Log" owner="BuiltIn">
<msg time="2024-06-26T05:14:29.666792" level="INFO">username</msg>
<arg>${keyTwo}</arg>
<doc>Logs the given message with the given level.</doc>
<status status="PASS" start="2024-06-26T05:14:29.666671" elapsed="0.000159"/>
</kw>
<var name="${keyTwo}">username</var>
<status status="PASS" start="2024-06-26T05:14:29.665405" elapsed="0.001654"/>
</iter>
<iter>
<kw name="Dictionary Should Contain Key" owner="Collections">
<arg>${json_data['results'][0]['login']}</arg>
<arg>${keyTwo}</arg>
<doc>Fails if ``key`` is not found from ``dictionary``.</doc>
<status status="PASS" start="2024-06-26T05:14:29.667341" elapsed="0.000382"/>
</kw>
<kw name="Dictionary Should Contain Key" owner="Collections">
<arg>${json_data['results'][0]['login']}</arg>
<arg>${keyTwo}</arg>
<doc>Fails if ``key`` is not found from ``dictionary``.</doc>
<status status="PASS" start="2024-06-26T05:14:29.667900" elapsed="0.000372"/>
</kw>
<kw name="Log" owner="BuiltIn">
<msg time="2024-06-26T05:14:29.668570" level="INFO">password</msg>
<arg>${keyTwo}</arg>
<doc>Logs the given message with the given level.</doc>
<status status="PASS" start="2024-06-26T05:14:29.668451" elapsed="0.000159"/>
</kw>
<var name="${keyTwo}">password</var>
<status status="PASS" start="2024-06-26T05:14:29.667231" elapsed="0.001707"/>
</iter>
<var>${keyTwo}</var>
<value>@{expected_keysTwo}</value>
<status status="PASS" start="2024-06-26T05:14:29.665238" elapsed="0.003820"/>
</for>
<status status="PASS" start="2024-06-26T05:14:29.574283" elapsed="0.094922"/>
</kw>
<doc>Testa a estrutura da resposta da API.</doc>
<tag>testeEstruturaResposta</tag>
<status status="PASS" start="2024-06-26T05:14:29.573437" elapsed="0.095930"/>
</test>
<test id="s1-s1-t4" name="Validar tipos de dados" line="28">
<kw name="Teste de Tipos de Dados" owner="random-user-service">
<kw name="GET On Session" owner="RequestsLibrary">
<msg time="2024-06-26T05:14:29.768087" level="INFO">GET Request : url=https://randomuser.me/api 
 path_url=/api 
 headers={'User-Agent': 'python-requests/2.32.3', 'Accept-Encoding': 'gzip, deflate', 'Accept': '*/*', 'Connection': 'keep-alive'} 
 body=None 
 </msg>
<msg time="2024-06-26T05:14:29.768194" level="INFO">GET Response : url=https://randomuser.me/api 
 status=200, reason=OK 
 headers={'Date': 'Wed, 26 Jun 2024 05:14:29 GMT', 'Content-Type': 'application/json; charset=utf-8', 'Transfer-Encoding': 'chunked', 'Connection': 'keep-alive', 'X-Powered-By': 'Express', 'Access-Control-Allow-Origin': '*', 'Cache-Control': 'no-cache', 'ETag': 'W/"4af-hEd1HwtWAqfGZNR1ODldWuuSQUU"', 'Vary': 'Accept-Encoding', 'Content-Encoding': 'gzip', 'CF-Cache-Status': 'DYNAMIC', 'Report-To': '{"endpoints":[{"url":"https:\\/\\/a.nel.cloudflare.com\\/report\\/v4?s=%2FBvh6grdkTCvUZxgNoi4Q%2FC%2BdHA2oKOlh6lkWaRqtWdF%2FNmhlfiJQIu%2BNI%2F%2FDFO%2BXyggGh5PLWeHXR93w2P5%2FxQDd4kMsrplAf5o1vzmRgS48rDWHrajb%2FbZa2mZoNzN"}],"group":"cf-nel","max_age":604800}', 'NEL': '{"success_fraction":0,"report_to":"cf-nel","max_age":604800}', 'Server': 'cloudflare', 'CF-RAY': '899ab6cf7c532021-IAD', 'alt-svc': 'h3=":443"; ma=86400'} 
 body={"results":[{"gender":"male","name":{"title":"Mr","first":"Germán","last":"Villanueva"},"location":{"street":{"number":5789,"name":"Periférico Morelos"},"city":"Puerto Adolfo López Mateos","state":"Puebla","country":"Mexico","postcode":67530,"coordinates":{"latitude":"27.7593","longitude":"-38.5359"},"timezone":{"offset":"+4:00","description":"Abu Dhabi, Muscat, Baku, Tbilisi"}},"email":"german.villanueva@example.com","login":{"uuid":"5f99c9aa-2ca8-42e2-b964-514f14b0912f","username":"happyfish391","password":"mangos","salt":"iWOFk7kC","md5":"b555b97a08810de9e23ab6bacfdcf008","sha1":"b66d50da1478855a0f527418a09f515b0a1d2b50","sha256":"87009c334e851f32c3ac63bbeb23b35804901dacf3fcf2391cb37fffe2d7bcdb"},"dob":{"date":"1948-09-10T12:29:48.855Z","age":75},"registered":{"date":"2007-12-31T11:29:07.690Z","age":16},"phone":"(602) 606 1197","cell":"(692) 682 9603","id":{"name":"NSS","value":"79 93 09 0729 0"},"picture":{"large":"https://randomuser.me/api/portraits/men/97.jpg","medium":"https://randomuser.me/api/portraits/med/men/97.jpg","thumbnail":"https://randomuser.me/api/portraits/thumb/men/97.jpg"},"nat":"MX"}],"info":{"seed":"f1ba260c80409390","results":1,"page":1,"version":"1.4"}} 
 </msg>
<msg time="2024-06-26T05:14:29.768270" level="INFO">/opt/hostedtoolcache/Python/3.12.4/x64/lib/python3.12/site-packages/urllib3/connectionpool.py:1099: InsecureRequestWarning: Unverified HTTPS request is being made to host 'randomuser.me'. Adding certificate verification is strongly advised. See: https://urllib3.readthedocs.io/en/latest/advanced-usage.html#tls-warnings
  warnings.warn(</msg>
<msg time="2024-06-26T05:14:29.768419" level="INFO">${response} = &lt;Response [200]&gt;</msg>
<var>${response}</var>
<arg>consultarAPI</arg>
<arg>/api</arg>
<doc>Sends a GET request on a previously created HTTP Session.</doc>
<status status="PASS" start="2024-06-26T05:14:29.672050" elapsed="0.096416"/>
</kw>
<kw name="Set Variable" owner="BuiltIn">
<msg time="2024-06-26T05:14:29.769674" level="INFO">${json_data} = {'results': [{'gender': 'male', 'name': {'title': 'Mr', 'first': 'Germán', 'last': 'Villanueva'}, 'location': {'street': {'number': 5789, 'name': 'Periférico Morelos'}, 'city': 'Puerto Adolfo López Ma...</msg>
<var>${json_data}</var>
<arg>${response.json()}</arg>
<doc>Returns the given values which can then be assigned to a variables.</doc>
<status status="PASS" start="2024-06-26T05:14:29.769106" elapsed="0.000598"/>
</kw>
<kw name="Log" owner="BuiltIn">
<msg time="2024-06-26T05:14:29.770279" level="INFO">{'results': [{'gender': 'male', 'name': {'title': 'Mr', 'first': 'Germán', 'last': 'Villanueva'}, 'location': {'street': {'number': 5789, 'name': 'Periférico Morelos'}, 'city': 'Puerto Adolfo López Mateos', 'state': 'Puebla', 'country': 'Mexico', 'postcode': 67530, 'coordinates': {'latitude': '27.7593', 'longitude': '-38.5359'}, 'timezone': {'offset': '+4:00', 'description': 'Abu Dhabi, Muscat, Baku, Tbilisi'}}, 'email': 'german.villanueva@example.com', 'login': {'uuid': '5f99c9aa-2ca8-42e2-b964-514f14b0912f', 'username': 'happyfish391', 'password': 'mangos', 'salt': 'iWOFk7kC', 'md5': 'b555b97a08810de9e23ab6bacfdcf008', 'sha1': 'b66d50da1478855a0f527418a09f515b0a1d2b50', 'sha256': '87009c334e851f32c3ac63bbeb23b35804901dacf3fcf2391cb37fffe2d7bcdb'}, 'dob': {'date': '1948-09-10T12:29:48.855Z', 'age': 75}, 'registered': {'date': '2007-12-31T11:29:07.690Z', 'age': 16}, 'phone': '(602) 606 1197', 'cell': '(692) 682 9603', 'id': {'name': 'NSS', 'value': '79 93 09 0729 0'}, 'picture': {'large': 'https://randomuser.me/api/portraits/men/97.jpg', 'medium': 'https://randomuser.me/api/portraits/med/men/97.jpg', 'thumbnail': 'https://randomuser.me/api/portraits/thumb/men/97.jpg'}, 'nat': 'MX'}], 'info': {'seed': 'f1ba260c80409390', 'results': 1, 'page': 1, 'version': '1.4'}}</msg>
<arg>${json_data}</arg>
<doc>Logs the given message with the given level.</doc>
<status status="PASS" start="2024-06-26T05:14:29.770094" elapsed="0.000240"/>
</kw>
<kw name="Should Be String" owner="String">
<arg>${json_data['results'][0]['gender']}</arg>
<doc>Fails if the given ``item`` is not a string.</doc>
<status status="PASS" start="2024-06-26T05:14:29.770732" elapsed="0.000414"/>
</kw>
<kw name="Should Match Regexp" owner="BuiltIn">
<arg>${json_data['results'][0]['email']}</arg>
<arg>^[a-zA-Z0-9._%+-]+@[a-zA-Z0-9.-]+\.[a-zA-Z]{2,}$</arg>
<doc>Fails if ``string`` does not match ``pattern`` as a regular expression.</doc>
<status status="PASS" start="2024-06-26T05:14:29.771392" elapsed="0.000568"/>
</kw>
<kw name="Should Match Regexp" owner="BuiltIn">
<arg>${json_data['results'][0]['dob']['date']}</arg>
<arg>\\d{4}-\\d{2}-\\d{2}T\\d{2}:\\d{2}:\\d{2}\\.\\d{3}Z</arg>
<doc>Fails if ``string`` does not match ``pattern`` as a regular expression.</doc>
<status status="PASS" start="2024-06-26T05:14:29.772166" elapsed="0.000517"/>
</kw>
<kw name="Should Match Regexp" owner="BuiltIn">
<arg>${json_data['results'][0]['registered']['date']}</arg>
<arg>\\d{4}-\\d{2}-\\d{2}T\\d{2}:\\d{2}:\\d{2}\\.\\d{3}Z</arg>
<doc>Fails if ``string`` does not match ``pattern`` as a regular expression.</doc>
<status status="PASS" start="2024-06-26T05:14:29.772878" elapsed="0.000387"/>
</kw>
<kw name="Should Match Regexp" owner="BuiltIn">
<arg>${json_data['results'][0]['picture']['large']}</arg>
<arg>^https?://.*\.(?:png|jpe?g|gif|bmp)$</arg>
<doc>Fails if ``string`` does not match ``pattern`` as a regular expression.</doc>
<status status="PASS" start="2024-06-26T05:14:29.773451" elapsed="0.000475"/>
</kw>
<kw name="Should Match Regexp" owner="BuiltIn">
<arg>${json_data['results'][0]['picture']['medium']}</arg>
<arg>^https?://.*\.(?:png|jpe?g|gif|bmp)$</arg>
<doc>Fails if ``string`` does not match ``pattern`` as a regular expression.</doc>
<status status="PASS" start="2024-06-26T05:14:29.774120" elapsed="0.000384"/>
</kw>
<kw name="Should Match Regexp" owner="BuiltIn">
<arg>${json_data['results'][0]['picture']['thumbnail']}</arg>
<arg>^https?://.*\.(?:png|jpe?g|gif|bmp)$</arg>
<doc>Fails if ``string`` does not match ``pattern`` as a regular expression.</doc>
<status status="PASS" start="2024-06-26T05:14:29.774690" elapsed="0.000353"/>
</kw>
<kw name="Log" owner="BuiltIn">
<msg time="2024-06-26T05:14:29.775553" level="INFO">{'large': 'https://randomuser.me/api/portraits/men/97.jpg', 'medium': 'https://randomuser.me/api/portraits/med/men/97.jpg', 'thumbnail': 'https://randomuser.me/api/portraits/thumb/men/97.jpg'}</msg>
<arg>${json_data['results'][0]['picture']}</arg>
<doc>Logs the given message with the given level.</doc>
<status status="PASS" start="2024-06-26T05:14:29.775226" elapsed="0.000372"/>
</kw>
<status status="PASS" start="2024-06-26T05:14:29.671810" elapsed="0.104062"/>
</kw>
<kw name="Teste de Tipos de Dados - Postcode" owner="random-user-service">
<kw name="GET On Session" owner="RequestsLibrary">
<msg time="2024-06-26T05:14:29.834152" level="INFO">GET Request : url=https://randomuser.me/api 
 path_url=/api 
 headers={'User-Agent': 'python-requests/2.32.3', 'Accept-Encoding': 'gzip, deflate', 'Accept': '*/*', 'Connection': 'keep-alive'} 
 body=None 
 </msg>
<msg time="2024-06-26T05:14:29.834269" level="INFO">GET Response : url=https://randomuser.me/api 
 status=200, reason=OK 
 headers={'Date': 'Wed, 26 Jun 2024 05:14:29 GMT', 'Content-Type': 'application/json; charset=utf-8', 'Transfer-Encoding': 'chunked', 'Connection': 'keep-alive', 'X-Powered-By': 'Express', 'Access-Control-Allow-Origin': '*', 'Cache-Control': 'no-cache', 'ETag': 'W/"45b-eQ/UyIgOzCl6TkxsiMoyd4VL6+o"', 'Vary': 'Accept-Encoding', 'Content-Encoding': 'gzip', 'CF-Cache-Status': 'DYNAMIC', 'Report-To': '{"endpoints":[{"url":"https:\\/\\/a.nel.cloudflare.com\\/report\\/v4?s=gAGuj%2BKKtBKwq%2FgHPh8TZLE6h80yaSzmk65bQJF7RZPOiqaOPNzSJ5my6vK12Sl8S%2BHVspVvOyyebsjHOpWNsqGgXaWW4QFzTByKtheTBEr9tM87wHla98iybM46djHr"}],"group":"cf-nel","max_age":604800}', 'NEL': '{"success_fraction":0,"report_to":"cf-nel","max_age":604800}', 'Server': 'cloudflare', 'CF-RAY': '899ab6d01d692021-IAD', 'alt-svc': 'h3=":443"; ma=86400'} 
 body={"results":[{"gender":"male","name":{"title":"Mr","first":"Efe","last":"Tekand"},"location":{"street":{"number":932,"name":"Kushimoto Sk"},"city":"Bolu","state":"Siirt","country":"Turkey","postcode":78056,"coordinates":{"latitude":"69.4920","longitude":"-171.4158"},"timezone":{"offset":"-3:30","description":"Newfoundland"}},"email":"efe.tekand@example.com","login":{"uuid":"4c5132bc-28c1-4dde-924f-e7019bd773ac","username":"crazyzebra939","password":"bigcat","salt":"iGVeZY6t","md5":"4a91a401e3a0cf5becd4de583426d0e1","sha1":"1ef0fe9c3fe63f08dd58ec50e98fcc23c3c296ff","sha256":"7edc2a11ebec9d1444429c47035f7f12ed31526d92f0c4cb784741aa6ccab081"},"dob":{"date":"1970-04-21T23:24:24.171Z","age":54},"registered":{"date":"2002-07-02T19:57:16.061Z","age":21},"phone":"(678)-442-6756","cell":"(498)-591-5050","id":{"name":"","value":null},"picture":{"large":"https://randomuser.me/api/portraits/men/7.jpg","medium":"https://randomuser.me/api/portraits/med/men/7.jpg","thumbnail":"https://randomuser.me/api/portraits/thumb/men/7.jpg"},"nat":"TR"}],"info":{"seed":"4bc073058a34f575","results":1,"page":1,"version":"1.4"}} 
 </msg>
<msg time="2024-06-26T05:14:29.834373" level="INFO">/opt/hostedtoolcache/Python/3.12.4/x64/lib/python3.12/site-packages/urllib3/connectionpool.py:1099: InsecureRequestWarning: Unverified HTTPS request is being made to host 'randomuser.me'. Adding certificate verification is strongly advised. See: https://urllib3.readthedocs.io/en/latest/advanced-usage.html#tls-warnings
  warnings.warn(</msg>
<msg time="2024-06-26T05:14:29.834520" level="INFO">${response} = &lt;Response [200]&gt;</msg>
<var>${response}</var>
<arg>consultarAPI</arg>
<arg>/api</arg>
<doc>Sends a GET request on a previously created HTTP Session.</doc>
<status status="PASS" start="2024-06-26T05:14:29.776350" elapsed="0.058211"/>
</kw>
<kw name="Set Variable" owner="BuiltIn">
<msg time="2024-06-26T05:14:29.835823" level="INFO">${json_data} = {'results': [{'gender': 'male', 'name': {'title': 'Mr', 'first': 'Efe', 'last': 'Tekand'}, 'location': {'street': {'number': 932, 'name': 'Kushimoto Sk'}, 'city': 'Bolu', 'state': 'Siirt', 'country': ...</msg>
<var>${json_data}</var>
<arg>${response.json()}</arg>
<doc>Returns the given values which can then be assigned to a variables.</doc>
<status status="PASS" start="2024-06-26T05:14:29.835238" elapsed="0.000614"/>
</kw>
<kw name="Log" owner="BuiltIn">
<msg time="2024-06-26T05:14:29.836409" level="INFO">{'results': [{'gender': 'male', 'name': {'title': 'Mr', 'first': 'Efe', 'last': 'Tekand'}, 'location': {'street': {'number': 932, 'name': 'Kushimoto Sk'}, 'city': 'Bolu', 'state': 'Siirt', 'country': 'Turkey', 'postcode': 78056, 'coordinates': {'latitude': '69.4920', 'longitude': '-171.4158'}, 'timezone': {'offset': '-3:30', 'description': 'Newfoundland'}}, 'email': 'efe.tekand@example.com', 'login': {'uuid': '4c5132bc-28c1-4dde-924f-e7019bd773ac', 'username': 'crazyzebra939', 'password': 'bigcat', 'salt': 'iGVeZY6t', 'md5': '4a91a401e3a0cf5becd4de583426d0e1', 'sha1': '1ef0fe9c3fe63f08dd58ec50e98fcc23c3c296ff', 'sha256': '7edc2a11ebec9d1444429c47035f7f12ed31526d92f0c4cb784741aa6ccab081'}, 'dob': {'date': '1970-04-21T23:24:24.171Z', 'age': 54}, 'registered': {'date': '2002-07-02T19:57:16.061Z', 'age': 21}, 'phone': '(678)-442-6756', 'cell': '(498)-591-5050', 'id': {'name': '', 'value': None}, 'picture': {'large': 'https://randomuser.me/api/portraits/men/7.jpg', 'medium': 'https://randomuser.me/api/portraits/med/men/7.jpg', 'thumbnail': 'https://randomuser.me/api/portraits/thumb/men/7.jpg'}, 'nat': 'TR'}], 'info': {'seed': '4bc073058a34f575', 'results': 1, 'page': 1, 'version': '1.4'}}</msg>
<arg>${json_data}</arg>
<doc>Logs the given message with the given level.</doc>
<status status="PASS" start="2024-06-26T05:14:29.836230" elapsed="0.000230"/>
</kw>
<kw name="Should Be Equal As Numbers" owner="BuiltIn">
<arg>${json_data['results'][0]['location']['postcode']}</arg>
<arg>${json_data['results'][0]['location']['postcode']}</arg>
<doc>Fails if objects are unequal after converting them to real numbers.</doc>
<status status="PASS" start="2024-06-26T05:14:29.836788" elapsed="0.000676"/>
</kw>
<kw name="Log" owner="BuiltIn">
<msg time="2024-06-26T05:14:29.838218" level="INFO">78056</msg>
<arg>${json_data['results'][0]['location']['postcode']}</arg>
<doc>Logs the given message with the given level.</doc>
<status status="PASS" start="2024-06-26T05:14:29.837665" elapsed="0.000597"/>
</kw>
<status status="PASS" start="2024-06-26T05:14:29.776108" elapsed="0.062496"/>
</kw>
<doc>Testa se os tipos de dados na resposta da API estão corretos.</doc>
<tag>testeTiposDados</tag>
<status status="PASS" start="2024-06-26T05:14:29.671233" elapsed="0.167545"/>
</test>
<test id="s1-s1-t5" name="Validar conteudo" line="35">
<kw name="Teste de Tipos de Conteudo" owner="random-user-service">
<kw name="GET On Session" owner="RequestsLibrary">
<msg time="2024-06-26T05:14:29.940307" level="INFO">GET Request : url=https://randomuser.me/api 
 path_url=/api 
 headers={'User-Agent': 'python-requests/2.32.3', 'Accept-Encoding': 'gzip, deflate', 'Accept': '*/*', 'Connection': 'keep-alive'} 
 body=None 
 </msg>
<msg time="2024-06-26T05:14:29.940410" level="INFO">GET Response : url=https://randomuser.me/api 
 status=200, reason=OK 
 headers={'Date': 'Wed, 26 Jun 2024 05:14:29 GMT', 'Content-Type': 'application/json; charset=utf-8', 'Transfer-Encoding': 'chunked', 'Connection': 'keep-alive', 'X-Powered-By': 'Express', 'Access-Control-Allow-Origin': '*', 'Cache-Control': 'no-cache', 'ETag': 'W/"477-h5JiMs0QwcsxDwWt1iJrnUZy3MU"', 'Vary': 'Accept-Encoding', 'Content-Encoding': 'gzip', 'CF-Cache-Status': 'DYNAMIC', 'Report-To': '{"endpoints":[{"url":"https:\\/\\/a.nel.cloudflare.com\\/report\\/v4?s=HbrEqT34gZ9aD75Lq8ZMWhsiDquc0eXX1HUIL%2FjacpeUGBozqfRArowGg7gJ8U99fM1XF02s%2BNzji%2Feoz0WK6%2Fbq%2F%2BfHij3MT4NzCdQpAUqCiYCllnk1JlEhqBo6SOkL"}],"group":"cf-nel","max_age":604800}', 'NEL': '{"success_fraction":0,"report_to":"cf-nel","max_age":604800}', 'Server': 'cloudflare', 'CF-RAY': '899ab6d08e042021-IAD', 'alt-svc': 'h3=":443"; ma=86400'} 
 body={"results":[{"gender":"male","name":{"title":"Mr","first":"Elias","last":"Møller"},"location":{"street":{"number":4609,"name":"Følfodvej"},"city":"Ansager","state":"Syddanmark","country":"Denmark","postcode":32027,"coordinates":{"latitude":"-45.7336","longitude":"-88.3740"},"timezone":{"offset":"+6:00","description":"Almaty, Dhaka, Colombo"}},"email":"elias.moller@example.com","login":{"uuid":"49c731e3-dfca-4c63-a1ca-b7531c429601","username":"smallmouse766","password":"anderson","salt":"Z8VNUxpz","md5":"1b6fcca9de000852011e34ad15004df3","sha1":"3a74fda8850d350446c286294c064c3bcd71c300","sha256":"5af5ddeab81dfa395e719dacd9565ca9b77aff05824288df95c2496a05e44a2b"},"dob":{"date":"1970-09-29T19:20:53.754Z","age":53},"registered":{"date":"2009-02-09T09:56:18.353Z","age":15},"phone":"17316301","cell":"64564861","id":{"name":"CPR","value":"290970-6831"},"picture":{"large":"https://randomuser.me/api/portraits/men/21.jpg","medium":"https://randomuser.me/api/portraits/med/men/21.jpg","thumbnail":"https://randomuser.me/api/portraits/thumb/men/21.jpg"},"nat":"DK"}],"info":{"seed":"1d456b0cdbf52d56","results":1,"page":1,"version":"1.4"}} 
 </msg>
<msg time="2024-06-26T05:14:29.940481" level="INFO">/opt/hostedtoolcache/Python/3.12.4/x64/lib/python3.12/site-packages/urllib3/connectionpool.py:1099: InsecureRequestWarning: Unverified HTTPS request is being made to host 'randomuser.me'. Adding certificate verification is strongly advised. See: https://urllib3.readthedocs.io/en/latest/advanced-usage.html#tls-warnings
  warnings.warn(</msg>
<msg time="2024-06-26T05:14:29.940615" level="INFO">${response} = &lt;Response [200]&gt;</msg>
<var>${response}</var>
<arg>consultarAPI</arg>
<arg>/api</arg>
<doc>Sends a GET request on a previously created HTTP Session.</doc>
<status status="PASS" start="2024-06-26T05:14:29.841375" elapsed="0.099280"/>
</kw>
<kw name="Set Variable" owner="BuiltIn">
<msg time="2024-06-26T05:14:29.941828" level="INFO">${json_data} = {'results': [{'gender': 'male', 'name': {'title': 'Mr', 'first': 'Elias', 'last': 'Møller'}, 'location': {'street': {'number': 4609, 'name': 'Følfodvej'}, 'city': 'Ansager', 'state': 'Syddanmark', 'co...</msg>
<var>${json_data}</var>
<arg>${response.json()}</arg>
<doc>Returns the given values which can then be assigned to a variables.</doc>
<status status="PASS" start="2024-06-26T05:14:29.941264" elapsed="0.000596"/>
</kw>
<kw name="Set Variable" owner="BuiltIn">
<msg time="2024-06-26T05:14:29.942615" level="INFO">${name_title} = Mr</msg>
<var>${name_title}</var>
<arg>${json_data["results"][0]["name"]["title"]}</arg>
<doc>Returns the given values which can then be assigned to a variables.</doc>
<status status="PASS" start="2024-06-26T05:14:29.942184" elapsed="0.000457"/>
</kw>
<kw name="Create List" owner="BuiltIn">
<msg time="2024-06-26T05:14:29.943095" level="INFO">${allowed_titles} = ['Mr', 'Ms', 'Miss', 'Mrs', 'Madame', 'Monsieur']</msg>
<var>${allowed_titles}</var>
<arg>Mr</arg>
<arg>Ms</arg>
<arg>Miss</arg>
<arg>Mrs</arg>
<arg>Madame</arg>
<arg>Monsieur</arg>
<doc>Returns a list containing given items.</doc>
<status status="PASS" start="2024-06-26T05:14:29.942945" elapsed="0.000175"/>
</kw>
<kw name="List Should Contain Value" owner="Collections">
<arg>${allowed_titles}</arg>
<arg>${name_title}</arg>
<doc>Fails if the ``value`` is not found from ``list``.</doc>
<status status="PASS" start="2024-06-26T05:14:29.943415" elapsed="0.000180"/>
</kw>
<kw name="Set Variable" owner="BuiltIn">
<msg time="2024-06-26T05:14:29.944147" level="INFO">${name_country} = DK</msg>
<var>${name_country}</var>
<arg>${json_data["results"][0]["nat"]}</arg>
<doc>Returns the given values which can then be assigned to a variables.</doc>
<status status="PASS" start="2024-06-26T05:14:29.943773" elapsed="0.000399"/>
</kw>
<kw name="Create List" owner="BuiltIn">
<msg time="2024-06-26T05:14:29.945056" level="INFO">${list_country} = ['AD', 'AE', 'AF', 'AG', 'AI', 'AL', 'AM', 'AO', 'AQ', 'AR', 'AS', 'AT', 'AU', 'AW', 'AX', 'AZ', 'BA', 'BB', 'BD', 'BE', 'BF', 'BG', 'BH', 'BI', 'BJ', 'BL', 'BM', 'BN', 'BO', 'BQ', 'BR', 'BS', 'BT', '...</msg>
<var>${list_country}</var>
<arg>AD</arg>
<arg>AE</arg>
<arg>AF</arg>
<arg>AG</arg>
<arg>AI</arg>
<arg>AL</arg>
<arg>AM</arg>
<arg>AO</arg>
<arg>AQ</arg>
<arg>AR</arg>
<arg>AS</arg>
<arg>AT</arg>
<arg>AU</arg>
<arg>AW</arg>
<arg>AX</arg>
<arg>AZ</arg>
<arg>BA</arg>
<arg>BB</arg>
<arg>BD</arg>
<arg>BE</arg>
<arg>BF</arg>
<arg>BG</arg>
<arg>BH</arg>
<arg>BI</arg>
<arg>BJ</arg>
<arg>BL</arg>
<arg>BM</arg>
<arg>BN</arg>
<arg>BO</arg>
<arg>BQ</arg>
<arg>BR</arg>
<arg>BS</arg>
<arg>BT</arg>
<arg>BV</arg>
<arg>BW</arg>
<arg>BY</arg>
<arg>BZ</arg>
<arg>CA</arg>
<arg>CC</arg>
<arg>CD</arg>
<arg>CF</arg>
<arg>CG</arg>
<arg>CH</arg>
<arg>CI</arg>
<arg>CK</arg>
<arg>CL</arg>
<arg>CM</arg>
<arg>CN</arg>
<arg>CO</arg>
<arg>CR</arg>
<arg>CU</arg>
<arg>CV</arg>
<arg>CW</arg>
<arg>CX</arg>
<arg>CY</arg>
<arg>CZ</arg>
<arg>DE</arg>
<arg>DJ</arg>
<arg>DK</arg>
<arg>DM</arg>
<arg>DO</arg>
<arg>DZ</arg>
<arg>EC</arg>
<arg>EE</arg>
<arg>EG</arg>
<arg>EH</arg>
<arg>ER</arg>
<arg>ES</arg>
<arg>ET</arg>
<arg>FI</arg>
<arg>FJ</arg>
<arg>FK</arg>
<arg>FM</arg>
<arg>FO</arg>
<arg>FR</arg>
<arg>GA</arg>
<arg>GB</arg>
<arg>GD</arg>
<arg>GE</arg>
<arg>GF</arg>
<arg>GG</arg>
<arg>GH</arg>
<arg>GI</arg>
<arg>GL</arg>
<arg>GM</arg>
<arg>GN</arg>
<arg>GP</arg>
<arg>GQ</arg>
<arg>GR</arg>
<arg>GS</arg>
<arg>GT</arg>
<arg>GU</arg>
<arg>GW</arg>
<arg>GY</arg>
<arg>HK</arg>
<arg>HM</arg>
<arg>HN</arg>
<arg>HR</arg>
<arg>HT</arg>
<arg>HU</arg>
<arg>ID</arg>
<arg>IE</arg>
<arg>IL</arg>
<arg>IM</arg>
<arg>IN</arg>
<arg>IO</arg>
<arg>IQ</arg>
<arg>IR</arg>
<arg>IS</arg>
<arg>IT</arg>
<arg>JE</arg>
<arg>JM</arg>
<arg>JO</arg>
<arg>JP</arg>
<arg>KE</arg>
<arg>KG</arg>
<arg>KH</arg>
<arg>KI</arg>
<arg>KM</arg>
<arg>KN</arg>
<arg>KP</arg>
<arg>KR</arg>
<arg>KW</arg>
<arg>KY</arg>
<arg>KZ</arg>
<arg>LA</arg>
<arg>LB</arg>
<arg>LC</arg>
<arg>LI</arg>
<arg>LK</arg>
<arg>LR</arg>
<arg>LS</arg>
<arg>LT</arg>
<arg>LU</arg>
<arg>LV</arg>
<arg>LY</arg>
<arg>MA</arg>
<arg>MC</arg>
<arg>MD</arg>
<arg>ME</arg>
<arg>MF</arg>
<arg>MG</arg>
<arg>MH</arg>
<arg>MK</arg>
<arg>ML</arg>
<arg>MM</arg>
<arg>MN</arg>
<arg>MO</arg>
<arg>MP</arg>
<arg>MQ</arg>
<arg>MR</arg>
<arg>MS</arg>
<arg>MT</arg>
<arg>MU</arg>
<arg>MV</arg>
<arg>MW</arg>
<arg>MX</arg>
<arg>MY</arg>
<arg>MZ</arg>
<arg>NA</arg>
<arg>NC</arg>
<arg>NE</arg>
<arg>NF</arg>
<arg>NG</arg>
<arg>NI</arg>
<arg>NL</arg>
<arg>NO</arg>
<arg>NP</arg>
<arg>NR</arg>
<arg>NU</arg>
<arg>NZ</arg>
<arg>OM</arg>
<arg>PA</arg>
<arg>PE</arg>
<arg>PF</arg>
<arg>PG</arg>
<arg>PH</arg>
<arg>PK</arg>
<arg>PL</arg>
<arg>PM</arg>
<arg>PN</arg>
<arg>PR</arg>
<arg>PS</arg>
<arg>PT</arg>
<arg>PW</arg>
<arg>PY</arg>
<arg>QA</arg>
<arg>RE</arg>
<arg>RO</arg>
<arg>RS</arg>
<arg>RU</arg>
<arg>RW</arg>
<arg>SA</arg>
<arg>SB</arg>
<arg>SC</arg>
<arg>SD</arg>
<arg>SE</arg>
<arg>SG</arg>
<arg>SH</arg>
<arg>SI</arg>
<arg>SJ</arg>
<arg>SK</arg>
<arg>SL</arg>
<arg>SM</arg>
<arg>SN</arg>
<arg>SO</arg>
<arg>SR</arg>
<arg>SS</arg>
<arg>ST</arg>
<arg>SV</arg>
<arg>SX</arg>
<arg>SY</arg>
<arg>SZ</arg>
<arg>TC</arg>
<arg>TD</arg>
<arg>TF</arg>
<arg>TG</arg>
<arg>TH</arg>
<arg>TJ</arg>
<arg>TK</arg>
<arg>TL</arg>
<arg>TM</arg>
<arg>TN</arg>
<arg>TO</arg>
<arg>TR</arg>
<arg>TT</arg>
<arg>TV</arg>
<arg>TW</arg>
<arg>TZ</arg>
<arg>UA</arg>
<arg>UG</arg>
<arg>UM</arg>
<arg>US</arg>
<arg>UY</arg>
<arg>UZ</arg>
<arg>VA</arg>
<arg>VC</arg>
<arg>VE</arg>
<arg>VG</arg>
<arg>VI</arg>
<arg>VN</arg>
<arg>VU</arg>
<arg>WF</arg>
<arg>WS</arg>
<arg>XK</arg>
<arg>YE</arg>
<arg>YT</arg>
<arg>ZA</arg>
<arg>ZM</arg>
<arg>ZW</arg>
<doc>Returns a list containing given items.</doc>
<status status="PASS" start="2024-06-26T05:14:29.944461" elapsed="0.000621"/>
</kw>
<kw name="List Should Contain Value" owner="Collections">
<arg>${list_country}</arg>
<arg>${name_country}</arg>
<doc>Fails if the ``value`` is not found from ``list``.</doc>
<status status="PASS" start="2024-06-26T05:14:29.945885" elapsed="0.000206"/>
</kw>
<kw name="Run Keyword If" owner="BuiltIn">
<kw name="Should Be True" owner="BuiltIn">
<arg>${True}</arg>
<doc>Fails if the given condition is not true.</doc>
<status status="PASS" start="2024-06-26T05:14:29.947086" elapsed="0.000144"/>
</kw>
<arg>${json_data["results"][0]["location"]["coordinates"]["latitude"]} &gt;= -90 and ${json_data["results"][0]["location"]["coordinates"]["latitude"]} &lt;= 90</arg>
<arg>Should Be True</arg>
<arg>${True}</arg>
<doc>Runs the given keyword with the given arguments, if ``condition`` is true.</doc>
<status status="PASS" start="2024-06-26T05:14:29.946297" elapsed="0.001057"/>
</kw>
<kw name="Run Keyword If" owner="BuiltIn">
<kw name="Should Be True" owner="BuiltIn">
<arg>${True}</arg>
<doc>Fails if the given condition is not true.</doc>
<status status="PASS" start="2024-06-26T05:14:29.948234" elapsed="0.000248"/>
</kw>
<arg>${json_data["results"][0]["location"]["coordinates"]["longitude"]} &gt;= -180 and ${json_data["results"][0]["location"]["coordinates"]["longitude"]} &lt;= 180</arg>
<arg>Should Be True</arg>
<arg>${True}</arg>
<doc>Runs the given keyword with the given arguments, if ``condition`` is true.</doc>
<status status="PASS" start="2024-06-26T05:14:29.947536" elapsed="0.001074"/>
</kw>
<status status="PASS" start="2024-06-26T05:14:29.841135" elapsed="0.107608"/>
</kw>
<doc>Testa o conteúdo específico dos campos retornados pela API.</doc>
<tag>testeConteudo</tag>
<status status="PASS" start="2024-06-26T05:14:29.840565" elapsed="0.108327"/>
</test>
<status status="PASS" start="2024-06-26T05:14:28.897753" elapsed="1.053165"/>
</suite>
<status status="PASS" start="2024-06-26T05:14:28.882854" elapsed="1.073370"/>
</suite>
<statistics>
<total>
<stat pass="5" fail="0" skip="0">All Tests</stat>
</total>
<tag>
<stat pass="1" fail="0" skip="0">testeConteudo</stat>
<stat pass="1" fail="0" skip="0">testeEstruturaResposta</stat>
<stat pass="1" fail="0" skip="0">testeRequisicaoBasica</stat>
<stat pass="1" fail="0" skip="0">testeTiposDados</stat>
</tag>
<suite>
<stat pass="5" fail="0" skip="0" id="s1" name="Tests">Tests</stat>
<stat pass="5" fail="0" skip="0" id="s1-s1" name="Random-User-Test">Tests.Random-User-Test</stat>
</suite>
</statistics>
<errors>
</errors>
</robot>
