<?xml version="1.0" encoding="UTF-8"?>
<robot generator="Robot 7.0.1 (Python 3.12.4 on linux)" generated="2024-08-08T08:19:41.415178" rpa="false" schemaversion="5">
<suite id="s1" name="Tests" source="/home/runner/work/ApiRandomUser/ApiRandomUser/RamdonUser/tests">
<suite id="s1-s1" name="Random-User-Test" source="/home/runner/work/ApiRandomUser/ApiRandomUser/RamdonUser/tests/random-user-test.robot">
<test id="s1-s1-t1" name="Conectar" line="13">
<kw name="Conectar API" owner="random-user-service">
<kw name="Create Session" owner="RequestsLibrary">
<msg time="2024-08-08T08:19:41.809053" level="INFO">Creating Session using : alias=consultarAPI, url=https://randomuser.me/, headers={},                     cookies={}, auth=None, timeout=None, proxies=None, verify=False,                     debug=0 </msg>
<arg>consultarAPI</arg>
<arg>${URL}</arg>
<doc>Create Session: create a HTTP session to a server</doc>
<status status="PASS" start="2024-08-08T08:19:41.808854" elapsed="0.000372"/>
</kw>
<status status="PASS" start="2024-08-08T08:19:41.807832" elapsed="0.001754"/>
</kw>
<status status="PASS" start="2024-08-08T08:19:41.807220" elapsed="0.002558"/>
</test>
<test id="s1-s1-t2" name="Validar retorno 200 e JSON Válido" line="16">
<kw name="Teste de Requisicao Basica" owner="random-user-service">
<kw name="GET On Session" owner="RequestsLibrary">
<msg time="2024-08-08T08:19:42.070012" level="INFO">GET Request : url=https://randomuser.me/api 
 path_url=/api 
 headers={'User-Agent': 'python-requests/2.32.3', 'Accept-Encoding': 'gzip, deflate', 'Accept': '*/*', 'Connection': 'keep-alive'} 
 body=None 
 </msg>
<msg time="2024-08-08T08:19:42.070212" level="INFO">GET Response : url=https://randomuser.me/api 
 status=200, reason=OK 
 headers={'Date': 'Thu, 08 Aug 2024 08:19:42 GMT', 'Content-Type': 'application/json; charset=utf-8', 'Transfer-Encoding': 'chunked', 'Connection': 'keep-alive', 'X-Powered-By': 'Express', 'Access-Control-Allow-Origin': '*', 'Cache-Control': 'no-cache', 'ETag': 'W/"498-WTwkQzFl8qot68oZnRFtqaBcmQE"', 'Vary': 'Accept-Encoding', 'Content-Encoding': 'gzip', 'CF-Cache-Status': 'DYNAMIC', 'Report-To': '{"endpoints":[{"url":"https:\\/\\/a.nel.cloudflare.com\\/report\\/v4?s=snln87fht5h1VcHKei5YvFUbvqHQ99wMy5VRcj0Xa1lGm7Fq809GUONJCaqi2PKXy1aDMjeeLQicl7KTZwn4L2tipoZ44Oim%2BQU6%2FAQU5%2B7nv%2FQDPQ3p7rjxFsv1e5dz"}],"group":"cf-nel","max_age":604800}', 'NEL': '{"success_fraction":0,"report_to":"cf-nel","max_age":604800}', 'Server': 'cloudflare', 'CF-RAY': '8afe153b8956233b-ORD', 'alt-svc': 'h3=":443"; ma=86400'} 
 body={"results":[{"gender":"female","name":{"title":"Miss","first":"Aaliyah","last":"Johnson"},"location":{"street":{"number":6569,"name":"Worcester Street"},"city":"Christchurch","state":"Bay of Plenty","country":"New Zealand","postcode":73102,"coordinates":{"latitude":"50.0711","longitude":"73.7730"},"timezone":{"offset":"-7:00","description":"Mountain Time (US &amp; Canada)"}},"email":"aaliyah.johnson@example.com","login":{"uuid":"0512af11-b3a2-4277-8d9f-b1f57590f389","username":"yellowpanda185","password":"mark","salt":"mOjjEDG1","md5":"833101be953c1f1b2555f252b24015ca","sha1":"216dcab7f7bbe4abd0b1a7b9cb2a641d963a1ab8","sha256":"7bd372e29915c5b0b1664c4a90f87071cf4af3fe065711d6e22b50a84e921cee"},"dob":{"date":"1998-06-24T20:20:46.148Z","age":26},"registered":{"date":"2009-05-07T17:44:40.818Z","age":15},"phone":"(360)-915-5949","cell":"(942)-537-7830","id":{"name":"","value":null},"picture":{"large":"https://randomuser.me/api/portraits/women/44.jpg","medium":"https://randomuser.me/api/portraits/med/women/44.jpg","thumbnail":"https://randomuser.me/api/portraits/thumb/women/44.jpg"},"nat":"NZ"}],"info":{"seed":"4acf4818bf36efad","results":1,"page":1,"version":"1.4"}} 
 </msg>
<msg time="2024-08-08T08:19:42.070326" level="INFO">/opt/hostedtoolcache/Python/3.12.4/x64/lib/python3.12/site-packages/urllib3/connectionpool.py:1099: InsecureRequestWarning: Unverified HTTPS request is being made to host 'randomuser.me'. Adding certificate verification is strongly advised. See: https://urllib3.readthedocs.io/en/latest/advanced-usage.html#tls-warnings
  warnings.warn(</msg>
<msg time="2024-08-08T08:19:42.070655" level="INFO">${response} = &lt;Response [200]&gt;</msg>
<var>${response}</var>
<arg>consultarAPI</arg>
<arg>/api</arg>
<doc>Sends a GET request on a previously created HTTP Session.</doc>
<status status="PASS" start="2024-08-08T08:19:41.812464" elapsed="0.258234"/>
</kw>
<kw name="Should Be Equal As Numbers" owner="BuiltIn">
<msg time="2024-08-08T08:19:42.071714" level="INFO">Argument types are:
&lt;class 'int'&gt;
&lt;class 'str'&gt;</msg>
<arg>${response.status_code}</arg>
<arg>200</arg>
<doc>Fails if objects are unequal after converting them to real numbers.</doc>
<status status="PASS" start="2024-08-08T08:19:42.071248" elapsed="0.000532"/>
</kw>
<kw name="Log" owner="BuiltIn">
<msg time="2024-08-08T08:19:42.072450" level="INFO">200</msg>
<arg>${response.status_code}</arg>
<doc>Logs the given message with the given level.</doc>
<status status="PASS" start="2024-08-08T08:19:42.072093" elapsed="0.000400"/>
</kw>
<kw name="Set Variable" owner="BuiltIn">
<msg time="2024-08-08T08:19:42.073408" level="INFO">${json_data} = {'results': [{'gender': 'female', 'name': {'title': 'Miss', 'first': 'Aaliyah', 'last': 'Johnson'}, 'location': {'street': {'number': 6569, 'name': 'Worcester Street'}, 'city': 'Christchurch', 'state'...</msg>
<var>${json_data}</var>
<arg>${response.json()}</arg>
<doc>Returns the given values which can then be assigned to a variables.</doc>
<status status="PASS" start="2024-08-08T08:19:42.072800" elapsed="0.000659"/>
</kw>
<kw name="Dictionary Should Contain Key" owner="Collections">
<arg>${json_data}</arg>
<arg>results</arg>
<doc>Fails if ``key`` is not found from ``dictionary``.</doc>
<status status="PASS" start="2024-08-08T08:19:42.073927" elapsed="0.000371"/>
</kw>
<status status="PASS" start="2024-08-08T08:19:41.812222" elapsed="0.262239"/>
</kw>
<doc>Testa se a API responde corretamente e retorna um objeto JSON válido.</doc>
<tag>testeRequisicaoBasica</tag>
<status status="PASS" start="2024-08-08T08:19:41.811710" elapsed="0.262933"/>
</test>
<test id="s1-s1-t3" name="Validar estrutura de resposta" line="22">
<kw name="Teste de Estrutura de Resposta" owner="random-user-service">
<kw name="GET On Session" owner="RequestsLibrary">
<msg time="2024-08-08T08:19:42.165956" level="INFO">GET Request : url=https://randomuser.me/api 
 path_url=/api 
 headers={'User-Agent': 'python-requests/2.32.3', 'Accept-Encoding': 'gzip, deflate', 'Accept': '*/*', 'Connection': 'keep-alive'} 
 body=None 
 </msg>
<msg time="2024-08-08T08:19:42.166039" level="INFO">GET Response : url=https://randomuser.me/api 
 status=200, reason=OK 
 headers={'Date': 'Thu, 08 Aug 2024 08:19:42 GMT', 'Content-Type': 'application/json; charset=utf-8', 'Transfer-Encoding': 'chunked', 'Connection': 'keep-alive', 'X-Powered-By': 'Express', 'Access-Control-Allow-Origin': '*', 'Cache-Control': 'no-cache', 'ETag': 'W/"474-YACDdYlvDJCbuytObpSbzArasOs"', 'Vary': 'Accept-Encoding', 'Content-Encoding': 'gzip', 'CF-Cache-Status': 'DYNAMIC', 'Report-To': '{"endpoints":[{"url":"https:\\/\\/a.nel.cloudflare.com\\/report\\/v4?s=YiQKJrVDGWWPK8pcO4aLkE98au1EGf023mnmQ77JF8y885XziaA%2BqK8c3IGLp%2FUo4KsvI3%2Fykdcly0J%2FcyKMpgSLhDtMB01f1H%2BmIz7qfQQMBORfhdBzu05wmlPsD7vd"}],"group":"cf-nel","max_age":604800}', 'NEL': '{"success_fraction":0,"report_to":"cf-nel","max_age":604800}', 'Server': 'cloudflare', 'CF-RAY': '8afe153bf99f233b-ORD', 'alt-svc': 'h3=":443"; ma=86400'} 
 body={"results":[{"gender":"female","name":{"title":"Miss","first":"Rogvoloda","last":"Vlasyuk"},"location":{"street":{"number":4365,"name":"Golubina"},"city":"Sarni","state":"Zakarpatska","country":"Ukraine","postcode":73875,"coordinates":{"latitude":"75.1070","longitude":"40.8247"},"timezone":{"offset":"-9:00","description":"Alaska"}},"email":"rogvoloda.vlasyuk@example.com","login":{"uuid":"b24164c4-b0cd-475d-bfae-73a164521d02","username":"tinyladybug293","password":"navajo","salt":"cXYDwZm0","md5":"3870aadf23c62ea1e7cb821f8665eaaa","sha1":"249f60371305d50c1a04fac35cb0fb503623656b","sha256":"9112cba9aad87bf6438aa7fddfe8a126f5b45361699a3795795c4362f2d2abaa"},"dob":{"date":"1980-03-12T16:48:37.694Z","age":44},"registered":{"date":"2004-03-18T22:43:54.936Z","age":20},"phone":"(067) J11-8017","cell":"(097) B79-8271","id":{"name":"","value":null},"picture":{"large":"https://randomuser.me/api/portraits/women/37.jpg","medium":"https://randomuser.me/api/portraits/med/women/37.jpg","thumbnail":"https://randomuser.me/api/portraits/thumb/women/37.jpg"},"nat":"UA"}],"info":{"seed":"bd6ade25bf1e2ac2","results":1,"page":1,"version":"1.4"}} 
 </msg>
<msg time="2024-08-08T08:19:42.166152" level="INFO">/opt/hostedtoolcache/Python/3.12.4/x64/lib/python3.12/site-packages/urllib3/connectionpool.py:1099: InsecureRequestWarning: Unverified HTTPS request is being made to host 'randomuser.me'. Adding certificate verification is strongly advised. See: https://urllib3.readthedocs.io/en/latest/advanced-usage.html#tls-warnings
  warnings.warn(</msg>
<msg time="2024-08-08T08:19:42.166259" level="INFO">${response} = &lt;Response [200]&gt;</msg>
<var>${response}</var>
<arg>consultarAPI</arg>
<arg>/api</arg>
<doc>Sends a GET request on a previously created HTTP Session.</doc>
<status status="PASS" start="2024-08-08T08:19:42.077275" elapsed="0.089023"/>
</kw>
<kw name="Set Variable" owner="BuiltIn">
<msg time="2024-08-08T08:19:42.167259" level="INFO">${json_data} = {'results': [{'gender': 'female', 'name': {'title': 'Miss', 'first': 'Rogvoloda', 'last': 'Vlasyuk'}, 'location': {'street': {'number': 4365, 'name': 'Golubina'}, 'city': 'Sarni', 'state': 'Zakarpatsk...</msg>
<var>${json_data}</var>
<arg>${response.json()}</arg>
<doc>Returns the given values which can then be assigned to a variables.</doc>
<status status="PASS" start="2024-08-08T08:19:42.166735" elapsed="0.000553"/>
</kw>
<kw name="Log" owner="BuiltIn">
<msg time="2024-08-08T08:19:42.167840" level="INFO">{'results': [{'gender': 'female', 'name': {'title': 'Miss', 'first': 'Rogvoloda', 'last': 'Vlasyuk'}, 'location': {'street': {'number': 4365, 'name': 'Golubina'}, 'city': 'Sarni', 'state': 'Zakarpatska', 'country': 'Ukraine', 'postcode': 73875, 'coordinates': {'latitude': '75.1070', 'longitude': '40.8247'}, 'timezone': {'offset': '-9:00', 'description': 'Alaska'}}, 'email': 'rogvoloda.vlasyuk@example.com', 'login': {'uuid': 'b24164c4-b0cd-475d-bfae-73a164521d02', 'username': 'tinyladybug293', 'password': 'navajo', 'salt': 'cXYDwZm0', 'md5': '3870aadf23c62ea1e7cb821f8665eaaa', 'sha1': '249f60371305d50c1a04fac35cb0fb503623656b', 'sha256': '9112cba9aad87bf6438aa7fddfe8a126f5b45361699a3795795c4362f2d2abaa'}, 'dob': {'date': '1980-03-12T16:48:37.694Z', 'age': 44}, 'registered': {'date': '2004-03-18T22:43:54.936Z', 'age': 20}, 'phone': '(067) J11-8017', 'cell': '(097) B79-8271', 'id': {'name': '', 'value': None}, 'picture': {'large': 'https://randomuser.me/api/portraits/women/37.jpg', 'medium': 'https://randomuser.me/api/portraits/med/women/37.jpg', 'thumbnail': 'https://randomuser.me/api/portraits/thumb/women/37.jpg'}, 'nat': 'UA'}], 'info': {'seed': 'bd6ade25bf1e2ac2', 'results': 1, 'page': 1, 'version': '1.4'}}</msg>
<arg>${json_data}</arg>
<doc>Logs the given message with the given level.</doc>
<status status="PASS" start="2024-08-08T08:19:42.167661" elapsed="0.000228"/>
</kw>
<kw name="Dictionary Should Contain Key" owner="Collections">
<arg>${json_data}</arg>
<arg>results</arg>
<doc>Fails if ``key`` is not found from ``dictionary``.</doc>
<status status="PASS" start="2024-08-08T08:19:42.168201" elapsed="0.000169"/>
</kw>
<kw name="Should Not Be Empty" owner="BuiltIn">
<msg time="2024-08-08T08:19:42.168685" level="INFO">Length is 2.</msg>
<arg>${json_data}</arg>
<doc>Verifies that the given item is not empty.</doc>
<status status="PASS" start="2024-08-08T08:19:42.168558" elapsed="0.000166"/>
</kw>
<kw name="Create List" owner="BuiltIn">
<msg time="2024-08-08T08:19:42.169173" level="INFO">${expected_keys} = ['gender', 'name', 'location', 'email', 'login']</msg>
<var>${expected_keys}</var>
<arg>gender</arg>
<arg>name</arg>
<arg>location</arg>
<arg>email</arg>
<arg>login</arg>
<doc>Returns a list containing given items.</doc>
<status status="PASS" start="2024-08-08T08:19:42.169024" elapsed="0.000173"/>
</kw>
<for flavor="IN">
<iter>
<kw name="Dictionary Should Contain Key" owner="Collections">
<arg>${json_data['results'][0]}</arg>
<arg>${key}</arg>
<doc>Fails if ``key`` is not found from ``dictionary``.</doc>
<status status="PASS" start="2024-08-08T08:19:42.169782" elapsed="0.000415"/>
</kw>
<kw name="Log" owner="BuiltIn">
<msg time="2024-08-08T08:19:42.170766" level="INFO">{'gender': 'female', 'name': {'title': 'Miss', 'first': 'Rogvoloda', 'last': 'Vlasyuk'}, 'location': {'street': {'number': 4365, 'name': 'Golubina'}, 'city': 'Sarni', 'state': 'Zakarpatska', 'country': 'Ukraine', 'postcode': 73875, 'coordinates': {'latitude': '75.1070', 'longitude': '40.8247'}, 'timezone': {'offset': '-9:00', 'description': 'Alaska'}}, 'email': 'rogvoloda.vlasyuk@example.com', 'login': {'uuid': 'b24164c4-b0cd-475d-bfae-73a164521d02', 'username': 'tinyladybug293', 'password': 'navajo', 'salt': 'cXYDwZm0', 'md5': '3870aadf23c62ea1e7cb821f8665eaaa', 'sha1': '249f60371305d50c1a04fac35cb0fb503623656b', 'sha256': '9112cba9aad87bf6438aa7fddfe8a126f5b45361699a3795795c4362f2d2abaa'}, 'dob': {'date': '1980-03-12T16:48:37.694Z', 'age': 44}, 'registered': {'date': '2004-03-18T22:43:54.936Z', 'age': 20}, 'phone': '(067) J11-8017', 'cell': '(097) B79-8271', 'id': {'name': '', 'value': None}, 'picture': {'large': 'https://randomuser.me/api/portraits/women/37.jpg', 'medium': 'https://randomuser.me/api/portraits/med/women/37.jpg', 'thumbnail': 'https://randomuser.me/api/portraits/thumb/women/37.jpg'}, 'nat': 'UA'}</msg>
<arg>${json_data['results'][0]}</arg>
<doc>Logs the given message with the given level.</doc>
<status status="PASS" start="2024-08-08T08:19:42.170392" elapsed="0.000443"/>
</kw>
<kw name="Log" owner="BuiltIn">
<msg time="2024-08-08T08:19:42.171286" level="INFO">gender</msg>
<arg>${key}</arg>
<doc>Logs the given message with the given level.</doc>
<status status="PASS" start="2024-08-08T08:19:42.171155" elapsed="0.000170"/>
</kw>
<var name="${key}">gender</var>
<status status="PASS" start="2024-08-08T08:19:42.169656" elapsed="0.001889"/>
</iter>
<iter>
<kw name="Dictionary Should Contain Key" owner="Collections">
<arg>${json_data['results'][0]}</arg>
<arg>${key}</arg>
<doc>Fails if ``key`` is not found from ``dictionary``.</doc>
<status status="PASS" start="2024-08-08T08:19:42.171857" elapsed="0.000399"/>
</kw>
<kw name="Log" owner="BuiltIn">
<msg time="2024-08-08T08:19:42.172804" level="INFO">{'gender': 'female', 'name': {'title': 'Miss', 'first': 'Rogvoloda', 'last': 'Vlasyuk'}, 'location': {'street': {'number': 4365, 'name': 'Golubina'}, 'city': 'Sarni', 'state': 'Zakarpatska', 'country': 'Ukraine', 'postcode': 73875, 'coordinates': {'latitude': '75.1070', 'longitude': '40.8247'}, 'timezone': {'offset': '-9:00', 'description': 'Alaska'}}, 'email': 'rogvoloda.vlasyuk@example.com', 'login': {'uuid': 'b24164c4-b0cd-475d-bfae-73a164521d02', 'username': 'tinyladybug293', 'password': 'navajo', 'salt': 'cXYDwZm0', 'md5': '3870aadf23c62ea1e7cb821f8665eaaa', 'sha1': '249f60371305d50c1a04fac35cb0fb503623656b', 'sha256': '9112cba9aad87bf6438aa7fddfe8a126f5b45361699a3795795c4362f2d2abaa'}, 'dob': {'date': '1980-03-12T16:48:37.694Z', 'age': 44}, 'registered': {'date': '2004-03-18T22:43:54.936Z', 'age': 20}, 'phone': '(067) J11-8017', 'cell': '(097) B79-8271', 'id': {'name': '', 'value': None}, 'picture': {'large': 'https://randomuser.me/api/portraits/women/37.jpg', 'medium': 'https://randomuser.me/api/portraits/med/women/37.jpg', 'thumbnail': 'https://randomuser.me/api/portraits/thumb/women/37.jpg'}, 'nat': 'UA'}</msg>
<arg>${json_data['results'][0]}</arg>
<doc>Logs the given message with the given level.</doc>
<status status="PASS" start="2024-08-08T08:19:42.172442" elapsed="0.000447"/>
</kw>
<kw name="Log" owner="BuiltIn">
<msg time="2024-08-08T08:19:42.173316" level="INFO">name</msg>
<arg>${key}</arg>
<doc>Logs the given message with the given level.</doc>
<status status="PASS" start="2024-08-08T08:19:42.173187" elapsed="0.000167"/>
</kw>
<var name="${key}">name</var>
<status status="PASS" start="2024-08-08T08:19:42.171732" elapsed="0.001842"/>
</iter>
<iter>
<kw name="Dictionary Should Contain Key" owner="Collections">
<arg>${json_data['results'][0]}</arg>
<arg>${key}</arg>
<doc>Fails if ``key`` is not found from ``dictionary``.</doc>
<status status="PASS" start="2024-08-08T08:19:42.173865" elapsed="0.000380"/>
</kw>
<kw name="Log" owner="BuiltIn">
<msg time="2024-08-08T08:19:42.174902" level="INFO">{'gender': 'female', 'name': {'title': 'Miss', 'first': 'Rogvoloda', 'last': 'Vlasyuk'}, 'location': {'street': {'number': 4365, 'name': 'Golubina'}, 'city': 'Sarni', 'state': 'Zakarpatska', 'country': 'Ukraine', 'postcode': 73875, 'coordinates': {'latitude': '75.1070', 'longitude': '40.8247'}, 'timezone': {'offset': '-9:00', 'description': 'Alaska'}}, 'email': 'rogvoloda.vlasyuk@example.com', 'login': {'uuid': 'b24164c4-b0cd-475d-bfae-73a164521d02', 'username': 'tinyladybug293', 'password': 'navajo', 'salt': 'cXYDwZm0', 'md5': '3870aadf23c62ea1e7cb821f8665eaaa', 'sha1': '249f60371305d50c1a04fac35cb0fb503623656b', 'sha256': '9112cba9aad87bf6438aa7fddfe8a126f5b45361699a3795795c4362f2d2abaa'}, 'dob': {'date': '1980-03-12T16:48:37.694Z', 'age': 44}, 'registered': {'date': '2004-03-18T22:43:54.936Z', 'age': 20}, 'phone': '(067) J11-8017', 'cell': '(097) B79-8271', 'id': {'name': '', 'value': None}, 'picture': {'large': 'https://randomuser.me/api/portraits/women/37.jpg', 'medium': 'https://randomuser.me/api/portraits/med/women/37.jpg', 'thumbnail': 'https://randomuser.me/api/portraits/thumb/women/37.jpg'}, 'nat': 'UA'}</msg>
<arg>${json_data['results'][0]}</arg>
<doc>Logs the given message with the given level.</doc>
<status status="PASS" start="2024-08-08T08:19:42.174428" elapsed="0.000546"/>
</kw>
<kw name="Log" owner="BuiltIn">
<msg time="2024-08-08T08:19:42.175463" level="INFO">location</msg>
<arg>${key}</arg>
<doc>Logs the given message with the given level.</doc>
<status status="PASS" start="2024-08-08T08:19:42.175331" elapsed="0.000171"/>
</kw>
<var name="${key}">location</var>
<status status="PASS" start="2024-08-08T08:19:42.173755" elapsed="0.001966"/>
</iter>
<iter>
<kw name="Dictionary Should Contain Key" owner="Collections">
<arg>${json_data['results'][0]}</arg>
<arg>${key}</arg>
<doc>Fails if ``key`` is not found from ``dictionary``.</doc>
<status status="PASS" start="2024-08-08T08:19:42.176134" elapsed="0.000428"/>
</kw>
<kw name="Log" owner="BuiltIn">
<msg time="2024-08-08T08:19:42.177224" level="INFO">{'gender': 'female', 'name': {'title': 'Miss', 'first': 'Rogvoloda', 'last': 'Vlasyuk'}, 'location': {'street': {'number': 4365, 'name': 'Golubina'}, 'city': 'Sarni', 'state': 'Zakarpatska', 'country': 'Ukraine', 'postcode': 73875, 'coordinates': {'latitude': '75.1070', 'longitude': '40.8247'}, 'timezone': {'offset': '-9:00', 'description': 'Alaska'}}, 'email': 'rogvoloda.vlasyuk@example.com', 'login': {'uuid': 'b24164c4-b0cd-475d-bfae-73a164521d02', 'username': 'tinyladybug293', 'password': 'navajo', 'salt': 'cXYDwZm0', 'md5': '3870aadf23c62ea1e7cb821f8665eaaa', 'sha1': '249f60371305d50c1a04fac35cb0fb503623656b', 'sha256': '9112cba9aad87bf6438aa7fddfe8a126f5b45361699a3795795c4362f2d2abaa'}, 'dob': {'date': '1980-03-12T16:48:37.694Z', 'age': 44}, 'registered': {'date': '2004-03-18T22:43:54.936Z', 'age': 20}, 'phone': '(067) J11-8017', 'cell': '(097) B79-8271', 'id': {'name': '', 'value': None}, 'picture': {'large': 'https://randomuser.me/api/portraits/women/37.jpg', 'medium': 'https://randomuser.me/api/portraits/med/women/37.jpg', 'thumbnail': 'https://randomuser.me/api/portraits/thumb/women/37.jpg'}, 'nat': 'UA'}</msg>
<arg>${json_data['results'][0]}</arg>
<doc>Logs the given message with the given level.</doc>
<status status="PASS" start="2024-08-08T08:19:42.176867" elapsed="0.000406"/>
</kw>
<kw name="Log" owner="BuiltIn">
<msg time="2024-08-08T08:19:42.177703" level="INFO">email</msg>
<arg>${key}</arg>
<doc>Logs the given message with the given level.</doc>
<status status="PASS" start="2024-08-08T08:19:42.177572" elapsed="0.000170"/>
</kw>
<var name="${key}">email</var>
<status status="PASS" start="2024-08-08T08:19:42.175941" elapsed="0.002020"/>
</iter>
<iter>
<kw name="Dictionary Should Contain Key" owner="Collections">
<arg>${json_data['results'][0]}</arg>
<arg>${key}</arg>
<doc>Fails if ``key`` is not found from ``dictionary``.</doc>
<status status="PASS" start="2024-08-08T08:19:42.178247" elapsed="0.000380"/>
</kw>
<kw name="Log" owner="BuiltIn">
<msg time="2024-08-08T08:19:42.179198" level="INFO">{'gender': 'female', 'name': {'title': 'Miss', 'first': 'Rogvoloda', 'last': 'Vlasyuk'}, 'location': {'street': {'number': 4365, 'name': 'Golubina'}, 'city': 'Sarni', 'state': 'Zakarpatska', 'country': 'Ukraine', 'postcode': 73875, 'coordinates': {'latitude': '75.1070', 'longitude': '40.8247'}, 'timezone': {'offset': '-9:00', 'description': 'Alaska'}}, 'email': 'rogvoloda.vlasyuk@example.com', 'login': {'uuid': 'b24164c4-b0cd-475d-bfae-73a164521d02', 'username': 'tinyladybug293', 'password': 'navajo', 'salt': 'cXYDwZm0', 'md5': '3870aadf23c62ea1e7cb821f8665eaaa', 'sha1': '249f60371305d50c1a04fac35cb0fb503623656b', 'sha256': '9112cba9aad87bf6438aa7fddfe8a126f5b45361699a3795795c4362f2d2abaa'}, 'dob': {'date': '1980-03-12T16:48:37.694Z', 'age': 44}, 'registered': {'date': '2004-03-18T22:43:54.936Z', 'age': 20}, 'phone': '(067) J11-8017', 'cell': '(097) B79-8271', 'id': {'name': '', 'value': None}, 'picture': {'large': 'https://randomuser.me/api/portraits/women/37.jpg', 'medium': 'https://randomuser.me/api/portraits/med/women/37.jpg', 'thumbnail': 'https://randomuser.me/api/portraits/thumb/women/37.jpg'}, 'nat': 'UA'}</msg>
<arg>${json_data['results'][0]}</arg>
<doc>Logs the given message with the given level.</doc>
<status status="PASS" start="2024-08-08T08:19:42.178807" elapsed="0.000438"/>
</kw>
<kw name="Log" owner="BuiltIn">
<msg time="2024-08-08T08:19:42.179683" level="INFO">login</msg>
<arg>${key}</arg>
<doc>Logs the given message with the given level.</doc>
<status status="PASS" start="2024-08-08T08:19:42.179541" elapsed="0.000208"/>
</kw>
<var name="${key}">login</var>
<status status="PASS" start="2024-08-08T08:19:42.178137" elapsed="0.001873"/>
</iter>
<var>${key}</var>
<value>@{expected_keys}</value>
<status status="PASS" start="2024-08-08T08:19:42.169460" elapsed="0.010672"/>
</for>
<kw name="Create List" owner="BuiltIn">
<msg time="2024-08-08T08:19:42.180464" level="INFO">${expected_keysTwo} = ['username', 'password']</msg>
<var>${expected_keysTwo}</var>
<arg>username</arg>
<arg>password</arg>
<doc>Returns a list containing given items.</doc>
<status status="PASS" start="2024-08-08T08:19:42.180326" elapsed="0.000162"/>
</kw>
<for flavor="IN">
<iter>
<kw name="Dictionary Should Contain Key" owner="Collections">
<arg>${json_data['results'][0]['login']}</arg>
<arg>${keyTwo}</arg>
<doc>Fails if ``key`` is not found from ``dictionary``.</doc>
<status status="PASS" start="2024-08-08T08:19:42.181039" elapsed="0.000395"/>
</kw>
<kw name="Dictionary Should Contain Key" owner="Collections">
<arg>${json_data['results'][0]['login']}</arg>
<arg>${keyTwo}</arg>
<doc>Fails if ``key`` is not found from ``dictionary``.</doc>
<status status="PASS" start="2024-08-08T08:19:42.181616" elapsed="0.000385"/>
</kw>
<kw name="Log" owner="BuiltIn">
<msg time="2024-08-08T08:19:42.182301" level="INFO">username</msg>
<arg>${keyTwo}</arg>
<doc>Logs the given message with the given level.</doc>
<status status="PASS" start="2024-08-08T08:19:42.182180" elapsed="0.000159"/>
</kw>
<var name="${keyTwo}">username</var>
<status status="PASS" start="2024-08-08T08:19:42.180931" elapsed="0.001627"/>
</iter>
<iter>
<kw name="Dictionary Should Contain Key" owner="Collections">
<arg>${json_data['results'][0]['login']}</arg>
<arg>${keyTwo}</arg>
<doc>Fails if ``key`` is not found from ``dictionary``.</doc>
<status status="PASS" start="2024-08-08T08:19:42.182865" elapsed="0.000399"/>
</kw>
<kw name="Dictionary Should Contain Key" owner="Collections">
<arg>${json_data['results'][0]['login']}</arg>
<arg>${keyTwo}</arg>
<doc>Fails if ``key`` is not found from ``dictionary``.</doc>
<status status="PASS" start="2024-08-08T08:19:42.183445" elapsed="0.000368"/>
</kw>
<kw name="Log" owner="BuiltIn">
<msg time="2024-08-08T08:19:42.184110" level="INFO">password</msg>
<arg>${keyTwo}</arg>
<doc>Logs the given message with the given level.</doc>
<status status="PASS" start="2024-08-08T08:19:42.183991" elapsed="0.000157"/>
</kw>
<var name="${keyTwo}">password</var>
<status status="PASS" start="2024-08-08T08:19:42.182729" elapsed="0.001640"/>
</iter>
<var>${keyTwo}</var>
<value>@{expected_keysTwo}</value>
<status status="PASS" start="2024-08-08T08:19:42.180773" elapsed="0.003718"/>
</for>
<status status="PASS" start="2024-08-08T08:19:42.077028" elapsed="0.107606"/>
</kw>
<doc>Testa a estrutura da resposta da API.</doc>
<tag>testeEstruturaResposta</tag>
<status status="PASS" start="2024-08-08T08:19:42.076527" elapsed="0.108263"/>
</test>
<test id="s1-s1-t4" name="Validar tipos de dados" line="28">
<kw name="Teste de Tipos de Dados" owner="random-user-service">
<kw name="GET On Session" owner="RequestsLibrary">
<msg time="2024-08-08T08:19:42.309864" level="INFO">GET Request : url=https://randomuser.me/api 
 path_url=/api 
 headers={'User-Agent': 'python-requests/2.32.3', 'Accept-Encoding': 'gzip, deflate', 'Accept': '*/*', 'Connection': 'keep-alive'} 
 body=None 
 </msg>
<msg time="2024-08-08T08:19:42.309952" level="INFO">GET Response : url=https://randomuser.me/api 
 status=200, reason=OK 
 headers={'Date': 'Thu, 08 Aug 2024 08:19:42 GMT', 'Content-Type': 'application/json; charset=utf-8', 'Transfer-Encoding': 'chunked', 'Connection': 'keep-alive', 'X-Powered-By': 'Express', 'Access-Control-Allow-Origin': '*', 'Cache-Control': 'no-cache', 'ETag': 'W/"48e-u7fgp2lwrIc2TWXbtBCJX0jwwTI"', 'Vary': 'Accept-Encoding', 'Content-Encoding': 'gzip', 'CF-Cache-Status': 'DYNAMIC', 'Report-To': '{"endpoints":[{"url":"https:\\/\\/a.nel.cloudflare.com\\/report\\/v4?s=DodJk4JgVo%2FALSdxHHkcqEyeG1GbE0wYiinjL18Q68DDwlcMXPz3lSYJLXN%2BKJL5xB8tVRDk9P3rdCn%2Fa1XTYUxW2bipPnk5IstP2YqOkDROu4vwccDyQRfhBq7IvIC%2F"}],"group":"cf-nel","max_age":604800}', 'NEL': '{"success_fraction":0,"report_to":"cf-nel","max_age":604800}', 'Server': 'cloudflare', 'CF-RAY': '8afe153caa14233b-ORD', 'alt-svc': 'h3=":443"; ma=86400'} 
 body={"results":[{"gender":"male","name":{"title":"Monsieur","first":"Franz","last":"Muller"},"location":{"street":{"number":9607,"name":"Rue Bataille"},"city":"Menzingen","state":"Appenzell Ausserrhoden","country":"Switzerland","postcode":2759,"coordinates":{"latitude":"-63.3583","longitude":"-122.4021"},"timezone":{"offset":"+5:45","description":"Kathmandu"}},"email":"franz.muller@example.com","login":{"uuid":"5bcf6808-8ce3-4a10-97bb-a3df31c3471a","username":"sadpanda677","password":"juanita","salt":"GY7lMgct","md5":"332b150691ff999423c8ea227ea27737","sha1":"86b73264e1a1d352eb08fda45fec946877baf3c0","sha256":"faa7971711b74020265b05772d9cbad4bd187e54d2aa7fee9f03c6d7aef5e56e"},"dob":{"date":"1958-04-23T05:33:47.283Z","age":66},"registered":{"date":"2019-01-26T10:32:32.833Z","age":5},"phone":"075 722 40 60","cell":"079 229 90 49","id":{"name":"AVS","value":"756.9397.1534.19"},"picture":{"large":"https://randomuser.me/api/portraits/men/98.jpg","medium":"https://randomuser.me/api/portraits/med/men/98.jpg","thumbnail":"https://randomuser.me/api/portraits/thumb/men/98.jpg"},"nat":"CH"}],"info":{"seed":"c05194a13a0dedd7","results":1,"page":1,"version":"1.4"}} 
 </msg>
<msg time="2024-08-08T08:19:42.310023" level="INFO">/opt/hostedtoolcache/Python/3.12.4/x64/lib/python3.12/site-packages/urllib3/connectionpool.py:1099: InsecureRequestWarning: Unverified HTTPS request is being made to host 'randomuser.me'. Adding certificate verification is strongly advised. See: https://urllib3.readthedocs.io/en/latest/advanced-usage.html#tls-warnings
  warnings.warn(</msg>
<msg time="2024-08-08T08:19:42.310132" level="INFO">${response} = &lt;Response [200]&gt;</msg>
<var>${response}</var>
<arg>consultarAPI</arg>
<arg>/api</arg>
<doc>Sends a GET request on a previously created HTTP Session.</doc>
<status status="PASS" start="2024-08-08T08:19:42.187404" elapsed="0.122772"/>
</kw>
<kw name="Set Variable" owner="BuiltIn">
<msg time="2024-08-08T08:19:42.311157" level="INFO">${json_data} = {'results': [{'gender': 'male', 'name': {'title': 'Monsieur', 'first': 'Franz', 'last': 'Muller'}, 'location': {'street': {'number': 9607, 'name': 'Rue Bataille'}, 'city': 'Menzingen', 'state': 'Appen...</msg>
<var>${json_data}</var>
<arg>${response.json()}</arg>
<doc>Returns the given values which can then be assigned to a variables.</doc>
<status status="PASS" start="2024-08-08T08:19:42.310629" elapsed="0.000557"/>
</kw>
<kw name="Log" owner="BuiltIn">
<msg time="2024-08-08T08:19:42.311676" level="INFO">{'results': [{'gender': 'male', 'name': {'title': 'Monsieur', 'first': 'Franz', 'last': 'Muller'}, 'location': {'street': {'number': 9607, 'name': 'Rue Bataille'}, 'city': 'Menzingen', 'state': 'Appenzell Ausserrhoden', 'country': 'Switzerland', 'postcode': 2759, 'coordinates': {'latitude': '-63.3583', 'longitude': '-122.4021'}, 'timezone': {'offset': '+5:45', 'description': 'Kathmandu'}}, 'email': 'franz.muller@example.com', 'login': {'uuid': '5bcf6808-8ce3-4a10-97bb-a3df31c3471a', 'username': 'sadpanda677', 'password': 'juanita', 'salt': 'GY7lMgct', 'md5': '332b150691ff999423c8ea227ea27737', 'sha1': '86b73264e1a1d352eb08fda45fec946877baf3c0', 'sha256': 'faa7971711b74020265b05772d9cbad4bd187e54d2aa7fee9f03c6d7aef5e56e'}, 'dob': {'date': '1958-04-23T05:33:47.283Z', 'age': 66}, 'registered': {'date': '2019-01-26T10:32:32.833Z', 'age': 5}, 'phone': '075 722 40 60', 'cell': '079 229 90 49', 'id': {'name': 'AVS', 'value': '756.9397.1534.19'}, 'picture': {'large': 'https://randomuser.me/api/portraits/men/98.jpg', 'medium': 'https://randomuser.me/api/portraits/med/men/98.jpg', 'thumbnail': 'https://randomuser.me/api/portraits/thumb/men/98.jpg'}, 'nat': 'CH'}], 'info': {'seed': 'c05194a13a0dedd7', 'results': 1, 'page': 1, 'version': '1.4'}}</msg>
<arg>${json_data}</arg>
<doc>Logs the given message with the given level.</doc>
<status status="PASS" start="2024-08-08T08:19:42.311521" elapsed="0.000204"/>
</kw>
<kw name="Should Be String" owner="String">
<arg>${json_data['results'][0]['gender']}</arg>
<doc>Fails if the given ``item`` is not a string.</doc>
<status status="PASS" start="2024-08-08T08:19:42.312021" elapsed="0.000371"/>
</kw>
<kw name="Should Match Regexp" owner="BuiltIn">
<arg>${json_data['results'][0]['email']}</arg>
<arg>^[a-zA-Z0-9._%+-]+@[a-zA-Z0-9.-]+\.[a-zA-Z]{2,}$</arg>
<doc>Fails if ``string`` does not match ``pattern`` as a regular expression.</doc>
<status status="PASS" start="2024-08-08T08:19:42.312593" elapsed="0.000528"/>
</kw>
<kw name="Should Match Regexp" owner="BuiltIn">
<arg>${json_data['results'][0]['dob']['date']}</arg>
<arg>\\d{4}-\\d{2}-\\d{2}T\\d{2}:\\d{2}:\\d{2}\\.\\d{3}Z</arg>
<doc>Fails if ``string`` does not match ``pattern`` as a regular expression.</doc>
<status status="PASS" start="2024-08-08T08:19:42.313357" elapsed="0.000625"/>
</kw>
<kw name="Should Match Regexp" owner="BuiltIn">
<arg>${json_data['results'][0]['registered']['date']}</arg>
<arg>\\d{4}-\\d{2}-\\d{2}T\\d{2}:\\d{2}:\\d{2}\\.\\d{3}Z</arg>
<doc>Fails if ``string`` does not match ``pattern`` as a regular expression.</doc>
<status status="PASS" start="2024-08-08T08:19:42.314180" elapsed="0.000382"/>
</kw>
<kw name="Should Match Regexp" owner="BuiltIn">
<arg>${json_data['results'][0]['picture']['large']}</arg>
<arg>^https?://.*\.(?:png|jpe?g|gif|bmp)$</arg>
<doc>Fails if ``string`` does not match ``pattern`` as a regular expression.</doc>
<status status="PASS" start="2024-08-08T08:19:42.314750" elapsed="0.000494"/>
</kw>
<kw name="Should Match Regexp" owner="BuiltIn">
<arg>${json_data['results'][0]['picture']['medium']}</arg>
<arg>^https?://.*\.(?:png|jpe?g|gif|bmp)$</arg>
<doc>Fails if ``string`` does not match ``pattern`` as a regular expression.</doc>
<status status="PASS" start="2024-08-08T08:19:42.315435" elapsed="0.000364"/>
</kw>
<kw name="Should Match Regexp" owner="BuiltIn">
<arg>${json_data['results'][0]['picture']['thumbnail']}</arg>
<arg>^https?://.*\.(?:png|jpe?g|gif|bmp)$</arg>
<doc>Fails if ``string`` does not match ``pattern`` as a regular expression.</doc>
<status status="PASS" start="2024-08-08T08:19:42.315986" elapsed="0.000356"/>
</kw>
<kw name="Log" owner="BuiltIn">
<msg time="2024-08-08T08:19:42.316851" level="INFO">{'large': 'https://randomuser.me/api/portraits/men/98.jpg', 'medium': 'https://randomuser.me/api/portraits/med/men/98.jpg', 'thumbnail': 'https://randomuser.me/api/portraits/thumb/men/98.jpg'}</msg>
<arg>${json_data['results'][0]['picture']}</arg>
<doc>Logs the given message with the given level.</doc>
<status status="PASS" start="2024-08-08T08:19:42.316525" elapsed="0.000371"/>
</kw>
<status status="PASS" start="2024-08-08T08:19:42.187176" elapsed="0.129976"/>
</kw>
<kw name="Teste de Tipos de Dados - Postcode" owner="random-user-service">
<kw name="GET On Session" owner="RequestsLibrary">
<msg time="2024-08-08T08:19:42.356156" level="INFO">GET Request : url=https://randomuser.me/api 
 path_url=/api 
 headers={'User-Agent': 'python-requests/2.32.3', 'Accept-Encoding': 'gzip, deflate', 'Accept': '*/*', 'Connection': 'keep-alive'} 
 body=None 
 </msg>
<msg time="2024-08-08T08:19:42.356243" level="INFO">GET Response : url=https://randomuser.me/api 
 status=200, reason=OK 
 headers={'Date': 'Thu, 08 Aug 2024 08:19:42 GMT', 'Content-Type': 'application/json; charset=utf-8', 'Transfer-Encoding': 'chunked', 'Connection': 'keep-alive', 'X-Powered-By': 'Express', 'Access-Control-Allow-Origin': '*', 'Cache-Control': 'no-cache', 'ETag': 'W/"4a6-opUGJ2jUWC05FvKrfIHJ4do5DeI"', 'Vary': 'Accept-Encoding', 'Content-Encoding': 'gzip', 'CF-Cache-Status': 'DYNAMIC', 'Report-To': '{"endpoints":[{"url":"https:\\/\\/a.nel.cloudflare.com\\/report\\/v4?s=NuSwUpqyX6SrE7FhiLRUBMJzISWANyQdQqIa%2BuJo%2FH2cIWew%2BJjSGelt7ZpJeihkZT4VtZ5IxGBMCs9%2FggI%2FuD%2BvIr0PGllpaevTyai7fPyNtQzrZxPI0X7x8FsU1d09"}],"group":"cf-nel","max_age":604800}', 'NEL': '{"success_fraction":0,"report_to":"cf-nel","max_age":604800}', 'Server': 'cloudflare', 'CF-RAY': '8afe153d7aa9233b-ORD', 'alt-svc': 'h3=":443"; ma=86400'} 
 body={"results":[{"gender":"female","name":{"title":"Ms","first":"Jelena","last":"Mihajlović"},"location":{"street":{"number":7658,"name":"Braće Lukića"},"city":"Doljevac","state":"Kosovo-Pomoravlje","country":"Serbia","postcode":47842,"coordinates":{"latitude":"62.1239","longitude":"46.5133"},"timezone":{"offset":"+1:00","description":"Brussels, Copenhagen, Madrid, Paris"}},"email":"jelena.mihajlovic@example.com","login":{"uuid":"56c7c133-6b95-493a-9ba5-8446a2a08ad6","username":"goldenleopard377","password":"onions","salt":"SMxKnPgR","md5":"9011aa6e818be1da14ca4c73a9e5abce","sha1":"7f6f1e2a5dfd79c6caad4794d7025cc881884113","sha256":"b2fd52edc65934d889b3360ad3c39c9cabe370dc5c88e58e35f25bc04bef4308"},"dob":{"date":"1961-07-17T08:42:29.494Z","age":63},"registered":{"date":"2010-01-21T09:42:20.546Z","age":14},"phone":"016-0568-427","cell":"064-6385-802","id":{"name":"SID","value":"427516731"},"picture":{"large":"https://randomuser.me/api/portraits/women/65.jpg","medium":"https://randomuser.me/api/portraits/med/women/65.jpg","thumbnail":"https://randomuser.me/api/portraits/thumb/women/65.jpg"},"nat":"RS"}],"info":{"seed":"222853c045d459a5","results":1,"page":1,"version":"1.4"}} 
 </msg>
<msg time="2024-08-08T08:19:42.356324" level="INFO">/opt/hostedtoolcache/Python/3.12.4/x64/lib/python3.12/site-packages/urllib3/connectionpool.py:1099: InsecureRequestWarning: Unverified HTTPS request is being made to host 'randomuser.me'. Adding certificate verification is strongly advised. See: https://urllib3.readthedocs.io/en/latest/advanced-usage.html#tls-warnings
  warnings.warn(</msg>
<msg time="2024-08-08T08:19:42.356436" level="INFO">${response} = &lt;Response [200]&gt;</msg>
<var>${response}</var>
<arg>consultarAPI</arg>
<arg>/api</arg>
<doc>Sends a GET request on a previously created HTTP Session.</doc>
<status status="PASS" start="2024-08-08T08:19:42.317597" elapsed="0.038888"/>
</kw>
<kw name="Set Variable" owner="BuiltIn">
<msg time="2024-08-08T08:19:42.357360" level="INFO">${json_data} = {'results': [{'gender': 'female', 'name': {'title': 'Ms', 'first': 'Jelena', 'last': 'Mihajlović'}, 'location': {'street': {'number': 7658, 'name': 'Braće Lukića'}, 'city': 'Doljevac', 'state': 'Kosov...</msg>
<var>${json_data}</var>
<arg>${response.json()}</arg>
<doc>Returns the given values which can then be assigned to a variables.</doc>
<status status="PASS" start="2024-08-08T08:19:42.356884" elapsed="0.000507"/>
</kw>
<kw name="Log" owner="BuiltIn">
<msg time="2024-08-08T08:19:42.357857" level="INFO">{'results': [{'gender': 'female', 'name': {'title': 'Ms', 'first': 'Jelena', 'last': 'Mihajlović'}, 'location': {'street': {'number': 7658, 'name': 'Braće Lukića'}, 'city': 'Doljevac', 'state': 'Kosovo-Pomoravlje', 'country': 'Serbia', 'postcode': 47842, 'coordinates': {'latitude': '62.1239', 'longitude': '46.5133'}, 'timezone': {'offset': '+1:00', 'description': 'Brussels, Copenhagen, Madrid, Paris'}}, 'email': 'jelena.mihajlovic@example.com', 'login': {'uuid': '56c7c133-6b95-493a-9ba5-8446a2a08ad6', 'username': 'goldenleopard377', 'password': 'onions', 'salt': 'SMxKnPgR', 'md5': '9011aa6e818be1da14ca4c73a9e5abce', 'sha1': '7f6f1e2a5dfd79c6caad4794d7025cc881884113', 'sha256': 'b2fd52edc65934d889b3360ad3c39c9cabe370dc5c88e58e35f25bc04bef4308'}, 'dob': {'date': '1961-07-17T08:42:29.494Z', 'age': 63}, 'registered': {'date': '2010-01-21T09:42:20.546Z', 'age': 14}, 'phone': '016-0568-427', 'cell': '064-6385-802', 'id': {'name': 'SID', 'value': '427516731'}, 'picture': {'large': 'https://randomuser.me/api/portraits/women/65.jpg', 'medium': 'https://randomuser.me/api/portraits/med/women/65.jpg', 'thumbnail': 'https://randomuser.me/api/portraits/thumb/women/65.jpg'}, 'nat': 'RS'}], 'info': {'seed': '222853c045d459a5', 'results': 1, 'page': 1, 'version': '1.4'}}</msg>
<arg>${json_data}</arg>
<doc>Logs the given message with the given level.</doc>
<status status="PASS" start="2024-08-08T08:19:42.357700" elapsed="0.000209"/>
</kw>
<kw name="Should Be Equal As Numbers" owner="BuiltIn">
<arg>${json_data['results'][0]['location']['postcode']}</arg>
<arg>${json_data['results'][0]['location']['postcode']}</arg>
<doc>Fails if objects are unequal after converting them to real numbers.</doc>
<status status="PASS" start="2024-08-08T08:19:42.358203" elapsed="0.000687"/>
</kw>
<kw name="Log" owner="BuiltIn">
<msg time="2024-08-08T08:19:42.359446" level="INFO">47842</msg>
<arg>${json_data['results'][0]['location']['postcode']}</arg>
<doc>Logs the given message with the given level.</doc>
<status status="PASS" start="2024-08-08T08:19:42.359095" elapsed="0.000393"/>
</kw>
<status status="PASS" start="2024-08-08T08:19:42.317370" elapsed="0.042396"/>
</kw>
<doc>Testa se os tipos de dados na resposta da API estão corretos.</doc>
<tag>testeTiposDados</tag>
<status status="PASS" start="2024-08-08T08:19:42.186612" elapsed="0.173321"/>
</test>
<test id="s1-s1-t5" name="Validar conteudo" line="35">
<kw name="Teste de Tipos de Conteudo" owner="random-user-service">
<kw name="GET On Session" owner="RequestsLibrary">
<msg time="2024-08-08T08:19:42.467213" level="INFO">GET Request : url=https://randomuser.me/api 
 path_url=/api 
 headers={'User-Agent': 'python-requests/2.32.3', 'Accept-Encoding': 'gzip, deflate', 'Accept': '*/*', 'Connection': 'keep-alive'} 
 body=None 
 </msg>
<msg time="2024-08-08T08:19:42.467301" level="INFO">GET Response : url=https://randomuser.me/api 
 status=200, reason=OK 
 headers={'Date': 'Thu, 08 Aug 2024 08:19:42 GMT', 'Content-Type': 'application/json; charset=utf-8', 'Transfer-Encoding': 'chunked', 'Connection': 'keep-alive', 'X-Powered-By': 'Express', 'Access-Control-Allow-Origin': '*', 'Cache-Control': 'no-cache', 'ETag': 'W/"48c-kBRkk69pDjnh31GZi686SR5U1U4"', 'Vary': 'Accept-Encoding', 'Content-Encoding': 'gzip', 'CF-Cache-Status': 'DYNAMIC', 'Report-To': '{"endpoints":[{"url":"https:\\/\\/a.nel.cloudflare.com\\/report\\/v4?s=bdi57eStd%2BJ%2FmGf1bv%2Bo1QGrBlpv1VQ2NquEHe7ndRRxqFRdr5rO4ABvQaDxAQ8UbDC2%2FkIiid%2FkfisX%2FG2L1%2FPkth1wCGarjXtaAu2eYYDh6P%2Bq3DFMwdx2WN%2BNFc9t"}],"group":"cf-nel","max_age":604800}', 'NEL': '{"success_fraction":0,"report_to":"cf-nel","max_age":604800}', 'Server': 'cloudflare', 'CF-RAY': '8afe153dcade233b-ORD', 'alt-svc': 'h3=":443"; ma=86400'} 
 body={"results":[{"gender":"female","name":{"title":"Mrs","first":"Glafira","last":"Lushchik"},"location":{"street":{"number":6741,"name":"8 Bereznya"},"city":"Boyarka","state":"Ternopilska","country":"Ukraine","postcode":27115,"coordinates":{"latitude":"75.2628","longitude":"86.6365"},"timezone":{"offset":"+4:00","description":"Abu Dhabi, Muscat, Baku, Tbilisi"}},"email":"glafira.lushchik@example.com","login":{"uuid":"3889a01c-30f1-4978-a47e-7f3fcf51627f","username":"tinyladybug948","password":"jedi","salt":"b9eLBGjs","md5":"fdc2cc8756aaaf4c874323bf02131ea1","sha1":"15f916b9b4142369b374dd7efd8fd1cb003f08aa","sha256":"562dd9ca328aa2ff0daaac66c25301e2c645378b9baf28ae34c6f4d6433c453d"},"dob":{"date":"1957-05-12T07:41:23.089Z","age":67},"registered":{"date":"2022-01-10T10:12:22.381Z","age":2},"phone":"(099) I14-1495","cell":"(099) K36-2512","id":{"name":"","value":null},"picture":{"large":"https://randomuser.me/api/portraits/women/76.jpg","medium":"https://randomuser.me/api/portraits/med/women/76.jpg","thumbnail":"https://randomuser.me/api/portraits/thumb/women/76.jpg"},"nat":"UA"}],"info":{"seed":"dad0da7511b33d9f","results":1,"page":1,"version":"1.4"}} 
 </msg>
<msg time="2024-08-08T08:19:42.467384" level="INFO">/opt/hostedtoolcache/Python/3.12.4/x64/lib/python3.12/site-packages/urllib3/connectionpool.py:1099: InsecureRequestWarning: Unverified HTTPS request is being made to host 'randomuser.me'. Adding certificate verification is strongly advised. See: https://urllib3.readthedocs.io/en/latest/advanced-usage.html#tls-warnings
  warnings.warn(</msg>
<msg time="2024-08-08T08:19:42.467529" level="INFO">${response} = &lt;Response [200]&gt;</msg>
<var>${response}</var>
<arg>consultarAPI</arg>
<arg>/api</arg>
<doc>Sends a GET request on a previously created HTTP Session.</doc>
<status status="PASS" start="2024-08-08T08:19:42.362431" elapsed="0.105152"/>
</kw>
<kw name="Set Variable" owner="BuiltIn">
<msg time="2024-08-08T08:19:42.468865" level="INFO">${json_data} = {'results': [{'gender': 'female', 'name': {'title': 'Mrs', 'first': 'Glafira', 'last': 'Lushchik'}, 'location': {'street': {'number': 6741, 'name': '8 Bereznya'}, 'city': 'Boyarka', 'state': 'Ternopil...</msg>
<var>${json_data}</var>
<arg>${response.json()}</arg>
<doc>Returns the given values which can then be assigned to a variables.</doc>
<status status="PASS" start="2024-08-08T08:19:42.468150" elapsed="0.000747"/>
</kw>
<kw name="Set Variable" owner="BuiltIn">
<msg time="2024-08-08T08:19:42.469622" level="INFO">${name_title} = Mrs</msg>
<var>${name_title}</var>
<arg>${json_data["results"][0]["name"]["title"]}</arg>
<doc>Returns the given values which can then be assigned to a variables.</doc>
<status status="PASS" start="2024-08-08T08:19:42.469220" elapsed="0.000428"/>
</kw>
<kw name="Create List" owner="BuiltIn">
<msg time="2024-08-08T08:19:42.470107" level="INFO">${allowed_titles} = ['Mr', 'Ms', 'Miss', 'Mrs', 'Madame', 'Monsieur']</msg>
<var>${allowed_titles}</var>
<arg>Mr</arg>
<arg>Ms</arg>
<arg>Miss</arg>
<arg>Mrs</arg>
<arg>Madame</arg>
<arg>Monsieur</arg>
<doc>Returns a list containing given items.</doc>
<status status="PASS" start="2024-08-08T08:19:42.469953" elapsed="0.000179"/>
</kw>
<kw name="List Should Contain Value" owner="Collections">
<arg>${allowed_titles}</arg>
<arg>${name_title}</arg>
<doc>Fails if the ``value`` is not found from ``list``.</doc>
<status status="PASS" start="2024-08-08T08:19:42.470436" elapsed="0.000178"/>
</kw>
<kw name="Set Variable" owner="BuiltIn">
<msg time="2024-08-08T08:19:42.471239" level="INFO">${name_country} = UA</msg>
<var>${name_country}</var>
<arg>${json_data["results"][0]["nat"]}</arg>
<doc>Returns the given values which can then be assigned to a variables.</doc>
<status status="PASS" start="2024-08-08T08:19:42.470805" elapsed="0.000461"/>
</kw>
<kw name="Create List" owner="BuiltIn">
<msg time="2024-08-08T08:19:42.472164" level="INFO">${list_country} = ['AD', 'AE', 'AF', 'AG', 'AI', 'AL', 'AM', 'AO', 'AQ', 'AR', 'AS', 'AT', 'AU', 'AW', 'AX', 'AZ', 'BA', 'BB', 'BD', 'BE', 'BF', 'BG', 'BH', 'BI', 'BJ', 'BL', 'BM', 'BN', 'BO', 'BQ', 'BR', 'BS', 'BT', '...</msg>
<var>${list_country}</var>
<arg>AD</arg>
<arg>AE</arg>
<arg>AF</arg>
<arg>AG</arg>
<arg>AI</arg>
<arg>AL</arg>
<arg>AM</arg>
<arg>AO</arg>
<arg>AQ</arg>
<arg>AR</arg>
<arg>AS</arg>
<arg>AT</arg>
<arg>AU</arg>
<arg>AW</arg>
<arg>AX</arg>
<arg>AZ</arg>
<arg>BA</arg>
<arg>BB</arg>
<arg>BD</arg>
<arg>BE</arg>
<arg>BF</arg>
<arg>BG</arg>
<arg>BH</arg>
<arg>BI</arg>
<arg>BJ</arg>
<arg>BL</arg>
<arg>BM</arg>
<arg>BN</arg>
<arg>BO</arg>
<arg>BQ</arg>
<arg>BR</arg>
<arg>BS</arg>
<arg>BT</arg>
<arg>BV</arg>
<arg>BW</arg>
<arg>BY</arg>
<arg>BZ</arg>
<arg>CA</arg>
<arg>CC</arg>
<arg>CD</arg>
<arg>CF</arg>
<arg>CG</arg>
<arg>CH</arg>
<arg>CI</arg>
<arg>CK</arg>
<arg>CL</arg>
<arg>CM</arg>
<arg>CN</arg>
<arg>CO</arg>
<arg>CR</arg>
<arg>CU</arg>
<arg>CV</arg>
<arg>CW</arg>
<arg>CX</arg>
<arg>CY</arg>
<arg>CZ</arg>
<arg>DE</arg>
<arg>DJ</arg>
<arg>DK</arg>
<arg>DM</arg>
<arg>DO</arg>
<arg>DZ</arg>
<arg>EC</arg>
<arg>EE</arg>
<arg>EG</arg>
<arg>EH</arg>
<arg>ER</arg>
<arg>ES</arg>
<arg>ET</arg>
<arg>FI</arg>
<arg>FJ</arg>
<arg>FK</arg>
<arg>FM</arg>
<arg>FO</arg>
<arg>FR</arg>
<arg>GA</arg>
<arg>GB</arg>
<arg>GD</arg>
<arg>GE</arg>
<arg>GF</arg>
<arg>GG</arg>
<arg>GH</arg>
<arg>GI</arg>
<arg>GL</arg>
<arg>GM</arg>
<arg>GN</arg>
<arg>GP</arg>
<arg>GQ</arg>
<arg>GR</arg>
<arg>GS</arg>
<arg>GT</arg>
<arg>GU</arg>
<arg>GW</arg>
<arg>GY</arg>
<arg>HK</arg>
<arg>HM</arg>
<arg>HN</arg>
<arg>HR</arg>
<arg>HT</arg>
<arg>HU</arg>
<arg>ID</arg>
<arg>IE</arg>
<arg>IL</arg>
<arg>IM</arg>
<arg>IN</arg>
<arg>IO</arg>
<arg>IQ</arg>
<arg>IR</arg>
<arg>IS</arg>
<arg>IT</arg>
<arg>JE</arg>
<arg>JM</arg>
<arg>JO</arg>
<arg>JP</arg>
<arg>KE</arg>
<arg>KG</arg>
<arg>KH</arg>
<arg>KI</arg>
<arg>KM</arg>
<arg>KN</arg>
<arg>KP</arg>
<arg>KR</arg>
<arg>KW</arg>
<arg>KY</arg>
<arg>KZ</arg>
<arg>LA</arg>
<arg>LB</arg>
<arg>LC</arg>
<arg>LI</arg>
<arg>LK</arg>
<arg>LR</arg>
<arg>LS</arg>
<arg>LT</arg>
<arg>LU</arg>
<arg>LV</arg>
<arg>LY</arg>
<arg>MA</arg>
<arg>MC</arg>
<arg>MD</arg>
<arg>ME</arg>
<arg>MF</arg>
<arg>MG</arg>
<arg>MH</arg>
<arg>MK</arg>
<arg>ML</arg>
<arg>MM</arg>
<arg>MN</arg>
<arg>MO</arg>
<arg>MP</arg>
<arg>MQ</arg>
<arg>MR</arg>
<arg>MS</arg>
<arg>MT</arg>
<arg>MU</arg>
<arg>MV</arg>
<arg>MW</arg>
<arg>MX</arg>
<arg>MY</arg>
<arg>MZ</arg>
<arg>NA</arg>
<arg>NC</arg>
<arg>NE</arg>
<arg>NF</arg>
<arg>NG</arg>
<arg>NI</arg>
<arg>NL</arg>
<arg>NO</arg>
<arg>NP</arg>
<arg>NR</arg>
<arg>NU</arg>
<arg>NZ</arg>
<arg>OM</arg>
<arg>PA</arg>
<arg>PE</arg>
<arg>PF</arg>
<arg>PG</arg>
<arg>PH</arg>
<arg>PK</arg>
<arg>PL</arg>
<arg>PM</arg>
<arg>PN</arg>
<arg>PR</arg>
<arg>PS</arg>
<arg>PT</arg>
<arg>PW</arg>
<arg>PY</arg>
<arg>QA</arg>
<arg>RE</arg>
<arg>RO</arg>
<arg>RS</arg>
<arg>RU</arg>
<arg>RW</arg>
<arg>SA</arg>
<arg>SB</arg>
<arg>SC</arg>
<arg>SD</arg>
<arg>SE</arg>
<arg>SG</arg>
<arg>SH</arg>
<arg>SI</arg>
<arg>SJ</arg>
<arg>SK</arg>
<arg>SL</arg>
<arg>SM</arg>
<arg>SN</arg>
<arg>SO</arg>
<arg>SR</arg>
<arg>SS</arg>
<arg>ST</arg>
<arg>SV</arg>
<arg>SX</arg>
<arg>SY</arg>
<arg>SZ</arg>
<arg>TC</arg>
<arg>TD</arg>
<arg>TF</arg>
<arg>TG</arg>
<arg>TH</arg>
<arg>TJ</arg>
<arg>TK</arg>
<arg>TL</arg>
<arg>TM</arg>
<arg>TN</arg>
<arg>TO</arg>
<arg>TR</arg>
<arg>TT</arg>
<arg>TV</arg>
<arg>TW</arg>
<arg>TZ</arg>
<arg>UA</arg>
<arg>UG</arg>
<arg>UM</arg>
<arg>US</arg>
<arg>UY</arg>
<arg>UZ</arg>
<arg>VA</arg>
<arg>VC</arg>
<arg>VE</arg>
<arg>VG</arg>
<arg>VI</arg>
<arg>VN</arg>
<arg>VU</arg>
<arg>WF</arg>
<arg>WS</arg>
<arg>XK</arg>
<arg>YE</arg>
<arg>YT</arg>
<arg>ZA</arg>
<arg>ZM</arg>
<arg>ZW</arg>
<doc>Returns a list containing given items.</doc>
<status status="PASS" start="2024-08-08T08:19:42.471567" elapsed="0.000624"/>
</kw>
<kw name="List Should Contain Value" owner="Collections">
<arg>${list_country}</arg>
<arg>${name_country}</arg>
<doc>Fails if the ``value`` is not found from ``list``.</doc>
<status status="PASS" start="2024-08-08T08:19:42.473152" elapsed="0.000216"/>
</kw>
<kw name="Run Keyword If" owner="BuiltIn">
<kw name="Should Be True" owner="BuiltIn">
<arg>${True}</arg>
<doc>Fails if the given condition is not true.</doc>
<status status="PASS" start="2024-08-08T08:19:42.474344" elapsed="0.000144"/>
</kw>
<arg>${json_data["results"][0]["location"]["coordinates"]["latitude"]} &gt;= -90 and ${json_data["results"][0]["location"]["coordinates"]["latitude"]} &lt;= 90</arg>
<arg>Should Be True</arg>
<arg>${True}</arg>
<doc>Runs the given keyword with the given arguments, if ``condition`` is true.</doc>
<status status="PASS" start="2024-08-08T08:19:42.473572" elapsed="0.001043"/>
</kw>
<kw name="Run Keyword If" owner="BuiltIn">
<kw name="Should Be True" owner="BuiltIn">
<arg>${True}</arg>
<doc>Fails if the given condition is not true.</doc>
<status status="PASS" start="2024-08-08T08:19:42.475553" elapsed="0.000139"/>
</kw>
<arg>${json_data["results"][0]["location"]["coordinates"]["longitude"]} &gt;= -180 and ${json_data["results"][0]["location"]["coordinates"]["longitude"]} &lt;= 180</arg>
<arg>Should Be True</arg>
<arg>${True}</arg>
<doc>Runs the given keyword with the given arguments, if ``condition`` is true.</doc>
<status status="PASS" start="2024-08-08T08:19:42.474801" elapsed="0.001015"/>
</kw>
<status status="PASS" start="2024-08-08T08:19:42.362209" elapsed="0.113736"/>
</kw>
<doc>Testa o conteúdo específico dos campos retornados pela API.</doc>
<tag>testeConteudo</tag>
<status status="PASS" start="2024-08-08T08:19:42.361680" elapsed="0.114414"/>
</test>
<status status="PASS" start="2024-08-08T08:19:41.473729" elapsed="1.004345"/>
</suite>
<status status="PASS" start="2024-08-08T08:19:41.459460" elapsed="1.023755"/>
</suite>
<statistics>
<total>
<stat pass="5" fail="0" skip="0">All Tests</stat>
</total>
<tag>
<stat pass="1" fail="0" skip="0">testeConteudo</stat>
<stat pass="1" fail="0" skip="0">testeEstruturaResposta</stat>
<stat pass="1" fail="0" skip="0">testeRequisicaoBasica</stat>
<stat pass="1" fail="0" skip="0">testeTiposDados</stat>
</tag>
<suite>
<stat pass="5" fail="0" skip="0" id="s1" name="Tests">Tests</stat>
<stat pass="5" fail="0" skip="0" id="s1-s1" name="Random-User-Test">Tests.Random-User-Test</stat>
</suite>
</statistics>
<errors>
</errors>
</robot>
