<?xml version="1.0" encoding="UTF-8"?>
<robot generator="Robot 7.0 (Python 3.12.3 on linux)" generated="2024-05-10T19:13:04.188717" rpa="false" schemaversion="5">
<suite id="s1" name="Tests" source="/home/runner/work/DesafioQAItauRogerioJordao/DesafioQAItauRogerioJordao/RamdonUser/tests">
<suite id="s1-s1" name="Random-User-Test" source="/home/runner/work/DesafioQAItauRogerioJordao/DesafioQAItauRogerioJordao/RamdonUser/tests/random-user-test.robot">
<test id="s1-s1-t1" name="Conectar" line="13">
<kw name="Conectar API" owner="random-user-service">
<kw name="Create Session" owner="RequestsLibrary">
<msg time="2024-05-10T19:13:04.559948" level="INFO">Creating Session using : alias=consultarAPI, url=https://randomuser.me/, headers={},                     cookies={}, auth=None, timeout=None, proxies=None, verify=False,                     debug=0 </msg>
<arg>consultarAPI</arg>
<arg>${URL}</arg>
<doc>Create Session: create a HTTP session to a server</doc>
<status status="PASS" start="2024-05-10T19:13:04.559743" elapsed="0.000407"/>
</kw>
<status status="PASS" start="2024-05-10T19:13:04.558731" elapsed="0.001812"/>
</kw>
<status status="PASS" start="2024-05-10T19:13:04.558161" elapsed="0.002579"/>
</test>
<test id="s1-s1-t2" name="Validar retorno 200 e JSON Válido" line="16">
<kw name="Teste de Requisicao Basica" owner="random-user-service">
<kw name="GET On Session" owner="RequestsLibrary">
<msg time="2024-05-10T19:13:04.659115" level="INFO">GET Request : url=https://randomuser.me/api 
 path_url=/api 
 headers={'User-Agent': 'python-requests/2.31.0', 'Accept-Encoding': 'gzip, deflate', 'Accept': '*/*', 'Connection': 'keep-alive'} 
 body=None 
 </msg>
<msg time="2024-05-10T19:13:04.659280" level="INFO">GET Response : url=https://randomuser.me/api 
 status=200, reason=OK 
 headers={'Date': 'Fri, 10 May 2024 19:13:04 GMT', 'Content-Type': 'application/json; charset=utf-8', 'Transfer-Encoding': 'chunked', 'Connection': 'keep-alive', 'X-Powered-By': 'Express', 'Access-Control-Allow-Origin': '*', 'Cache-Control': 'no-cache', 'ETag': 'W/"486-ewrYoqGeMH2ZUM8PG+360IYKqrE"', 'Vary': 'Accept-Encoding', 'Content-Encoding': 'gzip', 'CF-Cache-Status': 'DYNAMIC', 'Report-To': '{"endpoints":[{"url":"https:\\/\\/a.nel.cloudflare.com\\/report\\/v4?s=6CKi%2BzPRXQQYUWNnYeRQrEAYzHHid9VOr7KuRBfJF0Xb45CYkb0ByMmER%2FzrBQ7dRDVCeZEpoZkYo%2BbujFD3gSWXsj59GTvaDZfwXhX04OlbIbiqKqUTG6JuZNbBiWDh"}],"group":"cf-nel","max_age":604800}', 'NEL': '{"success_fraction":0,"report_to":"cf-nel","max_age":604800}', 'Server': 'cloudflare', 'CF-RAY': '881c3e93cafc2d34-ORD', 'alt-svc': 'h3=":443"; ma=86400'} 
 body={"results":[{"gender":"female","name":{"title":"Ms","first":"Mestan","last":"Gümüşpala"},"location":{"street":{"number":6694,"name":"Istiklal Cd"},"city":"Antalya","state":"Bursa","country":"Turkey","postcode":15871,"coordinates":{"latitude":"72.7375","longitude":"119.9238"},"timezone":{"offset":"-8:00","description":"Pacific Time (US &amp; Canada)"}},"email":"mestan.gumuspala@example.com","login":{"uuid":"96c2a713-1f63-424e-a022-36323fd694b3","username":"blackduck472","password":"bigmoney","salt":"8zoiq4ia","md5":"3cdf03b4c5b9ed581181125a64c53c4e","sha1":"f3dde44dd2a766fd2da9545db24ab130ddc9189d","sha256":"022c27f30301ede661ac9815da18d3f742c9f126b00fd8ef910158aee53b4535"},"dob":{"date":"1956-11-06T07:33:32.892Z","age":67},"registered":{"date":"2004-10-30T22:04:51.985Z","age":19},"phone":"(984)-627-2568","cell":"(380)-947-8674","id":{"name":"","value":null},"picture":{"large":"https://randomuser.me/api/portraits/women/19.jpg","medium":"https://randomuser.me/api/portraits/med/women/19.jpg","thumbnail":"https://randomuser.me/api/portraits/thumb/women/19.jpg"},"nat":"TR"}],"info":{"seed":"4726cb116518350a","results":1,"page":1,"version":"1.4"}} 
 </msg>
<msg time="2024-05-10T19:13:04.659376" level="INFO">/opt/hostedtoolcache/Python/3.12.3/x64/lib/python3.12/site-packages/urllib3/connectionpool.py:1103: InsecureRequestWarning: Unverified HTTPS request is being made to host 'randomuser.me'. Adding certificate verification is strongly advised. See: https://urllib3.readthedocs.io/en/latest/advanced-usage.html#tls-warnings
  warnings.warn(</msg>
<msg time="2024-05-10T19:13:04.659533" level="INFO">${response} = &lt;Response [200]&gt;</msg>
<var>${response}</var>
<arg>consultarAPI</arg>
<arg>/api</arg>
<doc>Sends a GET request on a previously created HTTP Session.</doc>
<status status="PASS" start="2024-05-10T19:13:04.563329" elapsed="0.096248"/>
</kw>
<kw name="Should Be Equal As Numbers" owner="BuiltIn">
<msg time="2024-05-10T19:13:04.660978" level="INFO">Argument types are:
&lt;class 'int'&gt;
&lt;class 'str'&gt;</msg>
<arg>${response.status_code}</arg>
<arg>200</arg>
<doc>Fails if objects are unequal after converting them to real numbers.</doc>
<status status="PASS" start="2024-05-10T19:13:04.660352" elapsed="0.000694"/>
</kw>
<kw name="Log" owner="BuiltIn">
<msg time="2024-05-10T19:13:04.661792" level="INFO">200</msg>
<arg>${response.status_code}</arg>
<doc>Logs the given message with the given level.</doc>
<status status="PASS" start="2024-05-10T19:13:04.661411" elapsed="0.000426"/>
</kw>
<kw name="Set Variable" owner="BuiltIn">
<msg time="2024-05-10T19:13:04.662613" level="INFO">${json_data} = {'results': [{'gender': 'female', 'name': {'title': 'Ms', 'first': 'Mestan', 'last': 'Gümüşpala'}, 'location': {'street': {'number': 6694, 'name': 'Istiklal Cd'}, 'city': 'Antalya', 'state': 'Bursa', ...</msg>
<var>${json_data}</var>
<arg>${response.json()}</arg>
<doc>Returns the given values which can then be assigned to a variables.</doc>
<status status="PASS" start="2024-05-10T19:13:04.662154" elapsed="0.000490"/>
</kw>
<kw name="Dictionary Should Contain Key" owner="Collections">
<msg time="2024-05-10T19:13:04.663130" level="INFO">False</msg>
<arg>${json_data}</arg>
<arg>results</arg>
<doc>Fails if ``key`` is not found from ``dictionary``.</doc>
<status status="PASS" start="2024-05-10T19:13:04.662955" elapsed="0.000217"/>
</kw>
<status status="PASS" start="2024-05-10T19:13:04.563085" elapsed="0.100351"/>
</kw>
<doc>Testa se a API responde corretamente e retorna um objeto JSON válido.</doc>
<tag>testeRequisicaoBasica</tag>
<status status="PASS" start="2024-05-10T19:13:04.562619" elapsed="0.101008"/>
</test>
<test id="s1-s1-t3" name="Validar estrutura de resposta" line="22">
<kw name="Teste de Estrutura de Resposta" owner="random-user-service">
<kw name="GET On Session" owner="RequestsLibrary">
<msg time="2024-05-10T19:13:04.753706" level="INFO">GET Request : url=https://randomuser.me/api 
 path_url=/api 
 headers={'User-Agent': 'python-requests/2.31.0', 'Accept-Encoding': 'gzip, deflate', 'Accept': '*/*', 'Connection': 'keep-alive'} 
 body=None 
 </msg>
<msg time="2024-05-10T19:13:04.753809" level="INFO">GET Response : url=https://randomuser.me/api 
 status=200, reason=OK 
 headers={'Date': 'Fri, 10 May 2024 19:13:04 GMT', 'Content-Type': 'application/json; charset=utf-8', 'Transfer-Encoding': 'chunked', 'Connection': 'keep-alive', 'X-Powered-By': 'Express', 'Access-Control-Allow-Origin': '*', 'Cache-Control': 'no-cache', 'ETag': 'W/"489-8ahyj7ulObENwB7OS+R+lYqe9cw"', 'Vary': 'Accept-Encoding', 'Content-Encoding': 'gzip', 'CF-Cache-Status': 'DYNAMIC', 'Report-To': '{"endpoints":[{"url":"https:\\/\\/a.nel.cloudflare.com\\/report\\/v4?s=TU8SyQYDtcbEkYH554937jYb1k2yYeB5mth8OzC52DVVecSrMzAKds%2BbBjx%2Fg8Z9rfDQnNhVgZj9IKJaNTQ%2B0aJWY%2F9w%2FIuP3PJB1scQPRXjYcxV2zeC2%2B2xUY%2F%2BeUir"}],"group":"cf-nel","max_age":604800}', 'NEL': '{"success_fraction":0,"report_to":"cf-nel","max_age":604800}', 'Server': 'cloudflare', 'CF-RAY': '881c3e943b6a2d34-ORD', 'alt-svc': 'h3=":443"; ma=86400'} 
 body={"results":[{"gender":"male","name":{"title":"Mr","first":"Umut","last":"Tahincioğlu"},"location":{"street":{"number":5338,"name":"Şehitler Cd"},"city":"Bursa","state":"Yalova","country":"Turkey","postcode":99552,"coordinates":{"latitude":"64.3419","longitude":"-96.3307"},"timezone":{"offset":"+5:00","description":"Ekaterinburg, Islamabad, Karachi, Tashkent"}},"email":"umut.tahincioglu@example.com","login":{"uuid":"ebb853ff-de4a-4cda-9211-9b208d23f9b1","username":"bigbutterfly642","password":"bigal","salt":"15pQVZP2","md5":"8efe596140319c425ee99e3d0a5da55d","sha1":"43d0fd620cd3ea3018e4c87e0124da47bdb154dc","sha256":"69bd819ca3097e68fbb0faa0d129f535539d5942caac469b5420d26b8b897941"},"dob":{"date":"1985-10-12T20:05:46.506Z","age":38},"registered":{"date":"2004-10-26T10:38:05.629Z","age":19},"phone":"(581)-295-6058","cell":"(241)-980-9475","id":{"name":"","value":null},"picture":{"large":"https://randomuser.me/api/portraits/men/0.jpg","medium":"https://randomuser.me/api/portraits/med/men/0.jpg","thumbnail":"https://randomuser.me/api/portraits/thumb/men/0.jpg"},"nat":"TR"}],"info":{"seed":"b2fe40fbc6fc2994","results":1,"page":1,"version":"1.4"}} 
 </msg>
<msg time="2024-05-10T19:13:04.753942" level="INFO">/opt/hostedtoolcache/Python/3.12.3/x64/lib/python3.12/site-packages/urllib3/connectionpool.py:1103: InsecureRequestWarning: Unverified HTTPS request is being made to host 'randomuser.me'. Adding certificate verification is strongly advised. See: https://urllib3.readthedocs.io/en/latest/advanced-usage.html#tls-warnings
  warnings.warn(</msg>
<msg time="2024-05-10T19:13:04.754073" level="INFO">${response} = &lt;Response [200]&gt;</msg>
<var>${response}</var>
<arg>consultarAPI</arg>
<arg>/api</arg>
<doc>Sends a GET request on a previously created HTTP Session.</doc>
<status status="PASS" start="2024-05-10T19:13:04.666361" elapsed="0.087754"/>
</kw>
<kw name="Set Variable" owner="BuiltIn">
<msg time="2024-05-10T19:13:04.755190" level="INFO">${json_data} = {'results': [{'gender': 'male', 'name': {'title': 'Mr', 'first': 'Umut', 'last': 'Tahincioğlu'}, 'location': {'street': {'number': 5338, 'name': 'Şehitler Cd'}, 'city': 'Bursa', 'state': 'Yalova', 'co...</msg>
<var>${json_data}</var>
<arg>${response.json()}</arg>
<doc>Returns the given values which can then be assigned to a variables.</doc>
<status status="PASS" start="2024-05-10T19:13:04.754640" elapsed="0.000582"/>
</kw>
<kw name="Log" owner="BuiltIn">
<msg time="2024-05-10T19:13:04.755711" level="INFO">{'results': [{'gender': 'male', 'name': {'title': 'Mr', 'first': 'Umut', 'last': 'Tahincioğlu'}, 'location': {'street': {'number': 5338, 'name': 'Şehitler Cd'}, 'city': 'Bursa', 'state': 'Yalova', 'country': 'Turkey', 'postcode': 99552, 'coordinates': {'latitude': '64.3419', 'longitude': '-96.3307'}, 'timezone': {'offset': '+5:00', 'description': 'Ekaterinburg, Islamabad, Karachi, Tashkent'}}, 'email': 'umut.tahincioglu@example.com', 'login': {'uuid': 'ebb853ff-de4a-4cda-9211-9b208d23f9b1', 'username': 'bigbutterfly642', 'password': 'bigal', 'salt': '15pQVZP2', 'md5': '8efe596140319c425ee99e3d0a5da55d', 'sha1': '43d0fd620cd3ea3018e4c87e0124da47bdb154dc', 'sha256': '69bd819ca3097e68fbb0faa0d129f535539d5942caac469b5420d26b8b897941'}, 'dob': {'date': '1985-10-12T20:05:46.506Z', 'age': 38}, 'registered': {'date': '2004-10-26T10:38:05.629Z', 'age': 19}, 'phone': '(581)-295-6058', 'cell': '(241)-980-9475', 'id': {'name': '', 'value': None}, 'picture': {'large': 'https://randomuser.me/api/portraits/men/0.jpg', 'medium': 'https://randomuser.me/api/portraits/med/men/0.jpg', 'thumbnail': 'https://randomuser.me/api/portraits/thumb/men/0.jpg'}, 'nat': 'TR'}], 'info': {'seed': 'b2fe40fbc6fc2994', 'results': 1, 'page': 1, 'version': '1.4'}}</msg>
<arg>${json_data}</arg>
<doc>Logs the given message with the given level.</doc>
<status status="PASS" start="2024-05-10T19:13:04.755542" elapsed="0.000220"/>
</kw>
<kw name="Dictionary Should Contain Key" owner="Collections">
<msg time="2024-05-10T19:13:04.756270" level="INFO">False</msg>
<arg>${json_data}</arg>
<arg>results</arg>
<doc>Fails if ``key`` is not found from ``dictionary``.</doc>
<status status="PASS" start="2024-05-10T19:13:04.756068" elapsed="0.000246"/>
</kw>
<kw name="Should Not Be Empty" owner="BuiltIn">
<msg time="2024-05-10T19:13:04.756786" level="INFO">Length is 2.</msg>
<arg>${json_data}</arg>
<doc>Verifies that the given item is not empty.</doc>
<status status="PASS" start="2024-05-10T19:13:04.756649" elapsed="0.000350"/>
</kw>
<kw name="Create List" owner="BuiltIn">
<msg time="2024-05-10T19:13:04.757485" level="INFO">${expected_keys} = ['gender', 'name', 'location', 'email', 'login']</msg>
<var>${expected_keys}</var>
<arg>gender</arg>
<arg>name</arg>
<arg>location</arg>
<arg>email</arg>
<arg>login</arg>
<doc>Returns a list containing given items.</doc>
<status status="PASS" start="2024-05-10T19:13:04.757312" elapsed="0.000200"/>
</kw>
<for flavor="IN">
<iter>
<kw name="Dictionary Should Contain Key" owner="Collections">
<msg time="2024-05-10T19:13:04.758584" level="INFO">False</msg>
<arg>${json_data['results'][0]}</arg>
<arg>${key}</arg>
<doc>Fails if ``key`` is not found from ``dictionary``.</doc>
<status status="PASS" start="2024-05-10T19:13:04.758143" elapsed="0.000480"/>
</kw>
<kw name="Log" owner="BuiltIn">
<msg time="2024-05-10T19:13:04.759311" level="INFO">{'gender': 'male', 'name': {'title': 'Mr', 'first': 'Umut', 'last': 'Tahincioğlu'}, 'location': {'street': {'number': 5338, 'name': 'Şehitler Cd'}, 'city': 'Bursa', 'state': 'Yalova', 'country': 'Turkey', 'postcode': 99552, 'coordinates': {'latitude': '64.3419', 'longitude': '-96.3307'}, 'timezone': {'offset': '+5:00', 'description': 'Ekaterinburg, Islamabad, Karachi, Tashkent'}}, 'email': 'umut.tahincioglu@example.com', 'login': {'uuid': 'ebb853ff-de4a-4cda-9211-9b208d23f9b1', 'username': 'bigbutterfly642', 'password': 'bigal', 'salt': '15pQVZP2', 'md5': '8efe596140319c425ee99e3d0a5da55d', 'sha1': '43d0fd620cd3ea3018e4c87e0124da47bdb154dc', 'sha256': '69bd819ca3097e68fbb0faa0d129f535539d5942caac469b5420d26b8b897941'}, 'dob': {'date': '1985-10-12T20:05:46.506Z', 'age': 38}, 'registered': {'date': '2004-10-26T10:38:05.629Z', 'age': 19}, 'phone': '(581)-295-6058', 'cell': '(241)-980-9475', 'id': {'name': '', 'value': None}, 'picture': {'large': 'https://randomuser.me/api/portraits/men/0.jpg', 'medium': 'https://randomuser.me/api/portraits/med/men/0.jpg', 'thumbnail': 'https://randomuser.me/api/portraits/thumb/men/0.jpg'}, 'nat': 'TR'}</msg>
<arg>${json_data['results'][0]}</arg>
<doc>Logs the given message with the given level.</doc>
<status status="PASS" start="2024-05-10T19:13:04.758935" elapsed="0.000427"/>
</kw>
<kw name="Log" owner="BuiltIn">
<msg time="2024-05-10T19:13:04.759799" level="INFO">gender</msg>
<arg>${key}</arg>
<doc>Logs the given message with the given level.</doc>
<status status="PASS" start="2024-05-10T19:13:04.759665" elapsed="0.000188"/>
</kw>
<var name="${key}">gender</var>
<status status="PASS" start="2024-05-10T19:13:04.758006" elapsed="0.002086"/>
</iter>
<iter>
<kw name="Dictionary Should Contain Key" owner="Collections">
<msg time="2024-05-10T19:13:04.760860" level="INFO">False</msg>
<arg>${json_data['results'][0]}</arg>
<arg>${key}</arg>
<doc>Fails if ``key`` is not found from ``dictionary``.</doc>
<status status="PASS" start="2024-05-10T19:13:04.760465" elapsed="0.000433"/>
</kw>
<kw name="Log" owner="BuiltIn">
<msg time="2024-05-10T19:13:04.761608" level="INFO">{'gender': 'male', 'name': {'title': 'Mr', 'first': 'Umut', 'last': 'Tahincioğlu'}, 'location': {'street': {'number': 5338, 'name': 'Şehitler Cd'}, 'city': 'Bursa', 'state': 'Yalova', 'country': 'Turkey', 'postcode': 99552, 'coordinates': {'latitude': '64.3419', 'longitude': '-96.3307'}, 'timezone': {'offset': '+5:00', 'description': 'Ekaterinburg, Islamabad, Karachi, Tashkent'}}, 'email': 'umut.tahincioglu@example.com', 'login': {'uuid': 'ebb853ff-de4a-4cda-9211-9b208d23f9b1', 'username': 'bigbutterfly642', 'password': 'bigal', 'salt': '15pQVZP2', 'md5': '8efe596140319c425ee99e3d0a5da55d', 'sha1': '43d0fd620cd3ea3018e4c87e0124da47bdb154dc', 'sha256': '69bd819ca3097e68fbb0faa0d129f535539d5942caac469b5420d26b8b897941'}, 'dob': {'date': '1985-10-12T20:05:46.506Z', 'age': 38}, 'registered': {'date': '2004-10-26T10:38:05.629Z', 'age': 19}, 'phone': '(581)-295-6058', 'cell': '(241)-980-9475', 'id': {'name': '', 'value': None}, 'picture': {'large': 'https://randomuser.me/api/portraits/men/0.jpg', 'medium': 'https://randomuser.me/api/portraits/med/men/0.jpg', 'thumbnail': 'https://randomuser.me/api/portraits/thumb/men/0.jpg'}, 'nat': 'TR'}</msg>
<arg>${json_data['results'][0]}</arg>
<doc>Logs the given message with the given level.</doc>
<status status="PASS" start="2024-05-10T19:13:04.761232" elapsed="0.000428"/>
</kw>
<kw name="Log" owner="BuiltIn">
<msg time="2024-05-10T19:13:04.762090" level="INFO">name</msg>
<arg>${key}</arg>
<doc>Logs the given message with the given level.</doc>
<status status="PASS" start="2024-05-10T19:13:04.761962" elapsed="0.000167"/>
</kw>
<var name="${key}">name</var>
<status status="PASS" start="2024-05-10T19:13:04.760341" elapsed="0.002005"/>
</iter>
<iter>
<kw name="Dictionary Should Contain Key" owner="Collections">
<msg time="2024-05-10T19:13:04.763037" level="INFO">False</msg>
<arg>${json_data['results'][0]}</arg>
<arg>${key}</arg>
<doc>Fails if ``key`` is not found from ``dictionary``.</doc>
<status status="PASS" start="2024-05-10T19:13:04.762646" elapsed="0.000429"/>
</kw>
<kw name="Log" owner="BuiltIn">
<msg time="2024-05-10T19:13:04.763775" level="INFO">{'gender': 'male', 'name': {'title': 'Mr', 'first': 'Umut', 'last': 'Tahincioğlu'}, 'location': {'street': {'number': 5338, 'name': 'Şehitler Cd'}, 'city': 'Bursa', 'state': 'Yalova', 'country': 'Turkey', 'postcode': 99552, 'coordinates': {'latitude': '64.3419', 'longitude': '-96.3307'}, 'timezone': {'offset': '+5:00', 'description': 'Ekaterinburg, Islamabad, Karachi, Tashkent'}}, 'email': 'umut.tahincioglu@example.com', 'login': {'uuid': 'ebb853ff-de4a-4cda-9211-9b208d23f9b1', 'username': 'bigbutterfly642', 'password': 'bigal', 'salt': '15pQVZP2', 'md5': '8efe596140319c425ee99e3d0a5da55d', 'sha1': '43d0fd620cd3ea3018e4c87e0124da47bdb154dc', 'sha256': '69bd819ca3097e68fbb0faa0d129f535539d5942caac469b5420d26b8b897941'}, 'dob': {'date': '1985-10-12T20:05:46.506Z', 'age': 38}, 'registered': {'date': '2004-10-26T10:38:05.629Z', 'age': 19}, 'phone': '(581)-295-6058', 'cell': '(241)-980-9475', 'id': {'name': '', 'value': None}, 'picture': {'large': 'https://randomuser.me/api/portraits/men/0.jpg', 'medium': 'https://randomuser.me/api/portraits/med/men/0.jpg', 'thumbnail': 'https://randomuser.me/api/portraits/thumb/men/0.jpg'}, 'nat': 'TR'}</msg>
<arg>${json_data['results'][0]}</arg>
<doc>Logs the given message with the given level.</doc>
<status status="PASS" start="2024-05-10T19:13:04.763401" elapsed="0.000426"/>
</kw>
<kw name="Log" owner="BuiltIn">
<msg time="2024-05-10T19:13:04.764293" level="INFO">location</msg>
<arg>${key}</arg>
<doc>Logs the given message with the given level.</doc>
<status status="PASS" start="2024-05-10T19:13:04.764128" elapsed="0.000208"/>
</kw>
<var name="${key}">location</var>
<status status="PASS" start="2024-05-10T19:13:04.762530" elapsed="0.002030"/>
</iter>
<iter>
<kw name="Dictionary Should Contain Key" owner="Collections">
<msg time="2024-05-10T19:13:04.765284" level="INFO">False</msg>
<arg>${json_data['results'][0]}</arg>
<arg>${key}</arg>
<doc>Fails if ``key`` is not found from ``dictionary``.</doc>
<status status="PASS" start="2024-05-10T19:13:04.764854" elapsed="0.000473"/>
</kw>
<kw name="Log" owner="BuiltIn">
<msg time="2024-05-10T19:13:04.765991" level="INFO">{'gender': 'male', 'name': {'title': 'Mr', 'first': 'Umut', 'last': 'Tahincioğlu'}, 'location': {'street': {'number': 5338, 'name': 'Şehitler Cd'}, 'city': 'Bursa', 'state': 'Yalova', 'country': 'Turkey', 'postcode': 99552, 'coordinates': {'latitude': '64.3419', 'longitude': '-96.3307'}, 'timezone': {'offset': '+5:00', 'description': 'Ekaterinburg, Islamabad, Karachi, Tashkent'}}, 'email': 'umut.tahincioglu@example.com', 'login': {'uuid': 'ebb853ff-de4a-4cda-9211-9b208d23f9b1', 'username': 'bigbutterfly642', 'password': 'bigal', 'salt': '15pQVZP2', 'md5': '8efe596140319c425ee99e3d0a5da55d', 'sha1': '43d0fd620cd3ea3018e4c87e0124da47bdb154dc', 'sha256': '69bd819ca3097e68fbb0faa0d129f535539d5942caac469b5420d26b8b897941'}, 'dob': {'date': '1985-10-12T20:05:46.506Z', 'age': 38}, 'registered': {'date': '2004-10-26T10:38:05.629Z', 'age': 19}, 'phone': '(581)-295-6058', 'cell': '(241)-980-9475', 'id': {'name': '', 'value': None}, 'picture': {'large': 'https://randomuser.me/api/portraits/men/0.jpg', 'medium': 'https://randomuser.me/api/portraits/med/men/0.jpg', 'thumbnail': 'https://randomuser.me/api/portraits/thumb/men/0.jpg'}, 'nat': 'TR'}</msg>
<arg>${json_data['results'][0]}</arg>
<doc>Logs the given message with the given level.</doc>
<status status="PASS" start="2024-05-10T19:13:04.765628" elapsed="0.000415"/>
</kw>
<kw name="Log" owner="BuiltIn">
<msg time="2024-05-10T19:13:04.766470" level="INFO">email</msg>
<arg>${key}</arg>
<doc>Logs the given message with the given level.</doc>
<status status="PASS" start="2024-05-10T19:13:04.766342" elapsed="0.000165"/>
</kw>
<var name="${key}">email</var>
<status status="PASS" start="2024-05-10T19:13:04.764739" elapsed="0.001987"/>
</iter>
<iter>
<kw name="Dictionary Should Contain Key" owner="Collections">
<msg time="2024-05-10T19:13:04.767397" level="INFO">False</msg>
<arg>${json_data['results'][0]}</arg>
<arg>${key}</arg>
<doc>Fails if ``key`` is not found from ``dictionary``.</doc>
<status status="PASS" start="2024-05-10T19:13:04.767014" elapsed="0.000421"/>
</kw>
<kw name="Log" owner="BuiltIn">
<msg time="2024-05-10T19:13:04.768097" level="INFO">{'gender': 'male', 'name': {'title': 'Mr', 'first': 'Umut', 'last': 'Tahincioğlu'}, 'location': {'street': {'number': 5338, 'name': 'Şehitler Cd'}, 'city': 'Bursa', 'state': 'Yalova', 'country': 'Turkey', 'postcode': 99552, 'coordinates': {'latitude': '64.3419', 'longitude': '-96.3307'}, 'timezone': {'offset': '+5:00', 'description': 'Ekaterinburg, Islamabad, Karachi, Tashkent'}}, 'email': 'umut.tahincioglu@example.com', 'login': {'uuid': 'ebb853ff-de4a-4cda-9211-9b208d23f9b1', 'username': 'bigbutterfly642', 'password': 'bigal', 'salt': '15pQVZP2', 'md5': '8efe596140319c425ee99e3d0a5da55d', 'sha1': '43d0fd620cd3ea3018e4c87e0124da47bdb154dc', 'sha256': '69bd819ca3097e68fbb0faa0d129f535539d5942caac469b5420d26b8b897941'}, 'dob': {'date': '1985-10-12T20:05:46.506Z', 'age': 38}, 'registered': {'date': '2004-10-26T10:38:05.629Z', 'age': 19}, 'phone': '(581)-295-6058', 'cell': '(241)-980-9475', 'id': {'name': '', 'value': None}, 'picture': {'large': 'https://randomuser.me/api/portraits/men/0.jpg', 'medium': 'https://randomuser.me/api/portraits/med/men/0.jpg', 'thumbnail': 'https://randomuser.me/api/portraits/thumb/men/0.jpg'}, 'nat': 'TR'}</msg>
<arg>${json_data['results'][0]}</arg>
<doc>Logs the given message with the given level.</doc>
<status status="PASS" start="2024-05-10T19:13:04.767729" elapsed="0.000418"/>
</kw>
<kw name="Log" owner="BuiltIn">
<msg time="2024-05-10T19:13:04.768626" level="INFO">login</msg>
<arg>${key}</arg>
<doc>Logs the given message with the given level.</doc>
<status status="PASS" start="2024-05-10T19:13:04.768498" elapsed="0.000166"/>
</kw>
<var name="${key}">login</var>
<status status="PASS" start="2024-05-10T19:13:04.766902" elapsed="0.002008"/>
</iter>
<var>${key}</var>
<value>@{expected_keys}</value>
<status status="PASS" start="2024-05-10T19:13:04.757789" elapsed="0.011248"/>
</for>
<kw name="Create List" owner="BuiltIn">
<msg time="2024-05-10T19:13:04.769380" level="INFO">${expected_keysTwo} = ['username', 'password']</msg>
<var>${expected_keysTwo}</var>
<arg>username</arg>
<arg>password</arg>
<doc>Returns a list containing given items.</doc>
<status status="PASS" start="2024-05-10T19:13:04.769240" elapsed="0.000164"/>
</kw>
<for flavor="IN">
<iter>
<kw name="Dictionary Should Contain Key" owner="Collections">
<msg time="2024-05-10T19:13:04.770315" level="INFO">False</msg>
<arg>${json_data['results'][0]['login']}</arg>
<arg>${keyTwo}</arg>
<doc>Fails if ``key`` is not found from ``dictionary``.</doc>
<status status="PASS" start="2024-05-10T19:13:04.769915" elapsed="0.000438"/>
</kw>
<kw name="Dictionary Should Contain Key" owner="Collections">
<msg time="2024-05-10T19:13:04.771035" level="INFO">False</msg>
<arg>${json_data['results'][0]['login']}</arg>
<arg>${keyTwo}</arg>
<doc>Fails if ``key`` is not found from ``dictionary``.</doc>
<status status="PASS" start="2024-05-10T19:13:04.770647" elapsed="0.000427"/>
</kw>
<kw name="Log" owner="BuiltIn">
<msg time="2024-05-10T19:13:04.771519" level="INFO">username</msg>
<arg>${keyTwo}</arg>
<doc>Logs the given message with the given level.</doc>
<status status="PASS" start="2024-05-10T19:13:04.771390" elapsed="0.000173"/>
</kw>
<var name="${keyTwo}">username</var>
<status status="PASS" start="2024-05-10T19:13:04.769806" elapsed="0.001971"/>
</iter>
<iter>
<kw name="Dictionary Should Contain Key" owner="Collections">
<msg time="2024-05-10T19:13:04.772582" level="INFO">False</msg>
<arg>${json_data['results'][0]['login']}</arg>
<arg>${keyTwo}</arg>
<doc>Fails if ``key`` is not found from ``dictionary``.</doc>
<status status="PASS" start="2024-05-10T19:13:04.772058" elapsed="0.000565"/>
</kw>
<kw name="Dictionary Should Contain Key" owner="Collections">
<msg time="2024-05-10T19:13:04.773309" level="INFO">False</msg>
<arg>${json_data['results'][0]['login']}</arg>
<arg>${keyTwo}</arg>
<doc>Fails if ``key`` is not found from ``dictionary``.</doc>
<status status="PASS" start="2024-05-10T19:13:04.772926" elapsed="0.000421"/>
</kw>
<kw name="Log" owner="BuiltIn">
<msg time="2024-05-10T19:13:04.773783" level="INFO">password</msg>
<arg>${keyTwo}</arg>
<doc>Logs the given message with the given level.</doc>
<status status="PASS" start="2024-05-10T19:13:04.773652" elapsed="0.000168"/>
</kw>
<var name="${keyTwo}">password</var>
<status status="PASS" start="2024-05-10T19:13:04.771948" elapsed="0.002090"/>
</iter>
<var>${keyTwo}</var>
<value>@{expected_keysTwo}</value>
<status status="PASS" start="2024-05-10T19:13:04.769647" elapsed="0.004512"/>
</for>
<status status="PASS" start="2024-05-10T19:13:04.666116" elapsed="0.108189"/>
</kw>
<doc>Testa a estrutura da resposta da API.</doc>
<tag>testeEstruturaResposta</tag>
<status status="PASS" start="2024-05-10T19:13:04.665546" elapsed="0.108925"/>
</test>
<test id="s1-s1-t4" name="Validar tipos de dados" line="28">
<kw name="Teste de Tipos de Dados" owner="random-user-service">
<kw name="GET On Session" owner="RequestsLibrary">
<msg time="2024-05-10T19:13:04.851044" level="INFO">GET Request : url=https://randomuser.me/api 
 path_url=/api 
 headers={'User-Agent': 'python-requests/2.31.0', 'Accept-Encoding': 'gzip, deflate', 'Accept': '*/*', 'Connection': 'keep-alive'} 
 body=None 
 </msg>
<msg time="2024-05-10T19:13:04.851142" level="INFO">GET Response : url=https://randomuser.me/api 
 status=200, reason=OK 
 headers={'Date': 'Fri, 10 May 2024 19:13:04 GMT', 'Content-Type': 'application/json; charset=utf-8', 'Transfer-Encoding': 'chunked', 'Connection': 'keep-alive', 'X-Powered-By': 'Express', 'Access-Control-Allow-Origin': '*', 'Cache-Control': 'no-cache', 'ETag': 'W/"482-j84E/n1eaYgUfi3AdaI8fX2ZbFo"', 'Vary': 'Accept-Encoding', 'Content-Encoding': 'gzip', 'CF-Cache-Status': 'DYNAMIC', 'Report-To': '{"endpoints":[{"url":"https:\\/\\/a.nel.cloudflare.com\\/report\\/v4?s=nD4NItQ5woeGcS0d6keJza0yZPy4spuxgRdkmBEbY9S2DjMTqL%2BjfR80iXR38UbGTzDT%2BDy3dS3T9nDmDXqwyww1J3l4t%2BCjArD5IkpLqxj06lG%2BugEjyiM%2FWa0mE45m"}],"group":"cf-nel","max_age":604800}', 'NEL': '{"success_fraction":0,"report_to":"cf-nel","max_age":604800}', 'Server': 'cloudflare', 'CF-RAY': '881c3e94ec262d34-ORD', 'alt-svc': 'h3=":443"; ma=86400'} 
 body={"results":[{"gender":"female","name":{"title":"Ms","first":"Ouissam","last":"De Roo"},"location":{"street":{"number":3421,"name":"Drielindendreef"},"city":"Breukelen Ut","state":"Limburg","country":"Netherlands","postcode":"9260 SN","coordinates":{"latitude":"30.7906","longitude":"75.2888"},"timezone":{"offset":"-9:00","description":"Alaska"}},"email":"ouissam.deroo@example.com","login":{"uuid":"b2e15717-196e-4192-b1a6-07edb9e2612b","username":"happybird503","password":"nuggets","salt":"Jz5eMioh","md5":"30237f5f66a7d86bef340433b3e63196","sha1":"7686dc297124965d33591c2112ba359a94bb4e36","sha256":"05ddadbe78793b19a711c631bd0632afa5cabf2075ffc820a9b126c24fea2eed"},"dob":{"date":"1997-08-18T18:20:01.731Z","age":26},"registered":{"date":"2019-10-18T03:34:07.072Z","age":4},"phone":"(0985) 036667","cell":"(06) 75914398","id":{"name":"BSN","value":"78817396"},"picture":{"large":"https://randomuser.me/api/portraits/women/67.jpg","medium":"https://randomuser.me/api/portraits/med/women/67.jpg","thumbnail":"https://randomuser.me/api/portraits/thumb/women/67.jpg"},"nat":"NL"}],"info":{"seed":"2062e41859a948a2","results":1,"page":1,"version":"1.4"}} 
 </msg>
<msg time="2024-05-10T19:13:04.851215" level="INFO">/opt/hostedtoolcache/Python/3.12.3/x64/lib/python3.12/site-packages/urllib3/connectionpool.py:1103: InsecureRequestWarning: Unverified HTTPS request is being made to host 'randomuser.me'. Adding certificate verification is strongly advised. See: https://urllib3.readthedocs.io/en/latest/advanced-usage.html#tls-warnings
  warnings.warn(</msg>
<msg time="2024-05-10T19:13:04.851347" level="INFO">${response} = &lt;Response [200]&gt;</msg>
<var>${response}</var>
<arg>consultarAPI</arg>
<arg>/api</arg>
<doc>Sends a GET request on a previously created HTTP Session.</doc>
<status status="PASS" start="2024-05-10T19:13:04.777023" elapsed="0.074367"/>
</kw>
<kw name="Set Variable" owner="BuiltIn">
<msg time="2024-05-10T19:13:04.852638" level="INFO">${json_data} = {'results': [{'gender': 'female', 'name': {'title': 'Ms', 'first': 'Ouissam', 'last': 'De Roo'}, 'location': {'street': {'number': 3421, 'name': 'Drielindendreef'}, 'city': 'Breukelen Ut', 'state': 'L...</msg>
<var>${json_data}</var>
<arg>${response.json()}</arg>
<doc>Returns the given values which can then be assigned to a variables.</doc>
<status status="PASS" start="2024-05-10T19:13:04.852042" elapsed="0.000625"/>
</kw>
<kw name="Log" owner="BuiltIn">
<msg time="2024-05-10T19:13:04.853147" level="INFO">{'results': [{'gender': 'female', 'name': {'title': 'Ms', 'first': 'Ouissam', 'last': 'De Roo'}, 'location': {'street': {'number': 3421, 'name': 'Drielindendreef'}, 'city': 'Breukelen Ut', 'state': 'Limburg', 'country': 'Netherlands', 'postcode': '9260 SN', 'coordinates': {'latitude': '30.7906', 'longitude': '75.2888'}, 'timezone': {'offset': '-9:00', 'description': 'Alaska'}}, 'email': 'ouissam.deroo@example.com', 'login': {'uuid': 'b2e15717-196e-4192-b1a6-07edb9e2612b', 'username': 'happybird503', 'password': 'nuggets', 'salt': 'Jz5eMioh', 'md5': '30237f5f66a7d86bef340433b3e63196', 'sha1': '7686dc297124965d33591c2112ba359a94bb4e36', 'sha256': '05ddadbe78793b19a711c631bd0632afa5cabf2075ffc820a9b126c24fea2eed'}, 'dob': {'date': '1997-08-18T18:20:01.731Z', 'age': 26}, 'registered': {'date': '2019-10-18T03:34:07.072Z', 'age': 4}, 'phone': '(0985) 036667', 'cell': '(06) 75914398', 'id': {'name': 'BSN', 'value': '78817396'}, 'picture': {'large': 'https://randomuser.me/api/portraits/women/67.jpg', 'medium': 'https://randomuser.me/api/portraits/med/women/67.jpg', 'thumbnail': 'https://randomuser.me/api/portraits/thumb/women/67.jpg'}, 'nat': 'NL'}], 'info': {'seed': '2062e41859a948a2', 'results': 1, 'page': 1, 'version': '1.4'}}</msg>
<arg>${json_data}</arg>
<doc>Logs the given message with the given level.</doc>
<status status="PASS" start="2024-05-10T19:13:04.852989" elapsed="0.000242"/>
</kw>
<kw name="Should Be String" owner="String">
<arg>${json_data['results'][0]['gender']}</arg>
<doc>Fails if the given ``item`` is not a string.</doc>
<status status="PASS" start="2024-05-10T19:13:04.853541" elapsed="0.000367"/>
</kw>
<kw name="Should Match Regexp" owner="BuiltIn">
<arg>${json_data['results'][0]['email']}</arg>
<arg>^[a-zA-Z0-9._%+-]+@[a-zA-Z0-9.-]+\.[a-zA-Z]{2,}$</arg>
<doc>Fails if ``string`` does not match ``pattern`` as a regular expression.</doc>
<status status="PASS" start="2024-05-10T19:13:04.854189" elapsed="0.000757"/>
</kw>
<kw name="Should Match Regexp" owner="BuiltIn">
<arg>${json_data['results'][0]['dob']['date']}</arg>
<arg>\\d{4}-\\d{2}-\\d{2}T\\d{2}:\\d{2}:\\d{2}\\.\\d{3}Z</arg>
<doc>Fails if ``string`` does not match ``pattern`` as a regular expression.</doc>
<status status="PASS" start="2024-05-10T19:13:04.855151" elapsed="0.000495"/>
</kw>
<kw name="Should Match Regexp" owner="BuiltIn">
<arg>${json_data['results'][0]['registered']['date']}</arg>
<arg>\\d{4}-\\d{2}-\\d{2}T\\d{2}:\\d{2}:\\d{2}\\.\\d{3}Z</arg>
<doc>Fails if ``string`` does not match ``pattern`` as a regular expression.</doc>
<status status="PASS" start="2024-05-10T19:13:04.855839" elapsed="0.000400"/>
</kw>
<kw name="Should Match Regexp" owner="BuiltIn">
<arg>${json_data['results'][0]['picture']['large']}</arg>
<arg>^https?://.*\.(?:png|jpe?g|gif|bmp)$</arg>
<doc>Fails if ``string`` does not match ``pattern`` as a regular expression.</doc>
<status status="PASS" start="2024-05-10T19:13:04.856448" elapsed="0.000469"/>
</kw>
<kw name="Should Match Regexp" owner="BuiltIn">
<arg>${json_data['results'][0]['picture']['medium']}</arg>
<arg>^https?://.*\.(?:png|jpe?g|gif|bmp)$</arg>
<doc>Fails if ``string`` does not match ``pattern`` as a regular expression.</doc>
<status status="PASS" start="2024-05-10T19:13:04.857114" elapsed="0.000360"/>
</kw>
<kw name="Should Match Regexp" owner="BuiltIn">
<arg>${json_data['results'][0]['picture']['thumbnail']}</arg>
<arg>^https?://.*\.(?:png|jpe?g|gif|bmp)$</arg>
<doc>Fails if ``string`` does not match ``pattern`` as a regular expression.</doc>
<status status="PASS" start="2024-05-10T19:13:04.857665" elapsed="0.000351"/>
</kw>
<kw name="Log" owner="BuiltIn">
<msg time="2024-05-10T19:13:04.858528" level="INFO">{'large': 'https://randomuser.me/api/portraits/women/67.jpg', 'medium': 'https://randomuser.me/api/portraits/med/women/67.jpg', 'thumbnail': 'https://randomuser.me/api/portraits/thumb/women/67.jpg'}</msg>
<arg>${json_data['results'][0]['picture']}</arg>
<doc>Logs the given message with the given level.</doc>
<status status="PASS" start="2024-05-10T19:13:04.858198" elapsed="0.000371"/>
</kw>
<status status="PASS" start="2024-05-10T19:13:04.776785" elapsed="0.082049"/>
</kw>
<kw name="Teste de Tipos de Dados - Postcode" owner="random-user-service">
<kw name="GET On Session" owner="RequestsLibrary">
<msg time="2024-05-10T19:13:04.951016" level="INFO">GET Request : url=https://randomuser.me/api 
 path_url=/api 
 headers={'User-Agent': 'python-requests/2.31.0', 'Accept-Encoding': 'gzip, deflate', 'Accept': '*/*', 'Connection': 'keep-alive'} 
 body=None 
 </msg>
<msg time="2024-05-10T19:13:04.951119" level="INFO">GET Response : url=https://randomuser.me/api 
 status=200, reason=OK 
 headers={'Date': 'Fri, 10 May 2024 19:13:04 GMT', 'Content-Type': 'application/json; charset=utf-8', 'Transfer-Encoding': 'chunked', 'Connection': 'keep-alive', 'X-Powered-By': 'Express', 'Access-Control-Allow-Origin': '*', 'Cache-Control': 'no-cache', 'ETag': 'W/"497-5cjXcLdZoyb7R9N6VziBb+kKmAM"', 'Vary': 'Accept-Encoding', 'Content-Encoding': 'gzip', 'CF-Cache-Status': 'DYNAMIC', 'Report-To': '{"endpoints":[{"url":"https:\\/\\/a.nel.cloudflare.com\\/report\\/v4?s=JyLZj94FBbPJsPmNwiTifMaLcWcB5PvnewkBoDKETb5c3he7KwCtu6DWxSxSJV1%2B1wvl%2FlPKsDs2tkrxz2QcJfpa%2FmdHvfLi1BpmHttCfg6sgnvb%2FdkGcAnCKk0R3Oaf"}],"group":"cf-nel","max_age":604800}', 'NEL': '{"success_fraction":0,"report_to":"cf-nel","max_age":604800}', 'Server': 'cloudflare', 'CF-RAY': '881c3e956cbb2d34-ORD', 'alt-svc': 'h3=":443"; ma=86400'} 
 body={"results":[{"gender":"female","name":{"title":"Mrs","first":"Catherine","last":"Oliver"},"location":{"street":{"number":2165,"name":"Jones Road"},"city":"Navan","state":"South Dublin","country":"Ireland","postcode":27077,"coordinates":{"latitude":"-3.9713","longitude":"32.7174"},"timezone":{"offset":"-4:00","description":"Atlantic Time (Canada), Caracas, La Paz"}},"email":"catherine.oliver@example.com","login":{"uuid":"3a8435ac-3a56-47bf-9f06-5c776859da79","username":"happygoose789","password":"1003","salt":"MwyDU9u0","md5":"9fceb1939ed113465bb14effcbec89e5","sha1":"8a1a049657a3d099318a175fe265b15f1c8c6d11","sha256":"ae4ca6bb6b21af2634eff152d4705679f560d624cb8f8c3eb442e4876e0e8600"},"dob":{"date":"1970-08-15T05:49:45.835Z","age":53},"registered":{"date":"2011-12-05T19:21:23.218Z","age":12},"phone":"041-368-6453","cell":"081-376-7285","id":{"name":"PPS","value":"3582917T"},"picture":{"large":"https://randomuser.me/api/portraits/women/37.jpg","medium":"https://randomuser.me/api/portraits/med/women/37.jpg","thumbnail":"https://randomuser.me/api/portraits/thumb/women/37.jpg"},"nat":"IE"}],"info":{"seed":"cdaa3ecbef5a667d","results":1,"page":1,"version":"1.4"}} 
 </msg>
<msg time="2024-05-10T19:13:04.951193" level="INFO">/opt/hostedtoolcache/Python/3.12.3/x64/lib/python3.12/site-packages/urllib3/connectionpool.py:1103: InsecureRequestWarning: Unverified HTTPS request is being made to host 'randomuser.me'. Adding certificate verification is strongly advised. See: https://urllib3.readthedocs.io/en/latest/advanced-usage.html#tls-warnings
  warnings.warn(</msg>
<msg time="2024-05-10T19:13:04.951330" level="INFO">${response} = &lt;Response [200]&gt;</msg>
<var>${response}</var>
<arg>consultarAPI</arg>
<arg>/api</arg>
<doc>Sends a GET request on a previously created HTTP Session.</doc>
<status status="PASS" start="2024-05-10T19:13:04.859305" elapsed="0.092068"/>
</kw>
<kw name="Set Variable" owner="BuiltIn">
<msg time="2024-05-10T19:13:04.952634" level="INFO">${json_data} = {'results': [{'gender': 'female', 'name': {'title': 'Mrs', 'first': 'Catherine', 'last': 'Oliver'}, 'location': {'street': {'number': 2165, 'name': 'Jones Road'}, 'city': 'Navan', 'state': 'South Dubl...</msg>
<var>${json_data}</var>
<arg>${response.json()}</arg>
<doc>Returns the given values which can then be assigned to a variables.</doc>
<status status="PASS" start="2024-05-10T19:13:04.952029" elapsed="0.000633"/>
</kw>
<kw name="Log" owner="BuiltIn">
<msg time="2024-05-10T19:13:04.953143" level="INFO">{'results': [{'gender': 'female', 'name': {'title': 'Mrs', 'first': 'Catherine', 'last': 'Oliver'}, 'location': {'street': {'number': 2165, 'name': 'Jones Road'}, 'city': 'Navan', 'state': 'South Dublin', 'country': 'Ireland', 'postcode': 27077, 'coordinates': {'latitude': '-3.9713', 'longitude': '32.7174'}, 'timezone': {'offset': '-4:00', 'description': 'Atlantic Time (Canada), Caracas, La Paz'}}, 'email': 'catherine.oliver@example.com', 'login': {'uuid': '3a8435ac-3a56-47bf-9f06-5c776859da79', 'username': 'happygoose789', 'password': '1003', 'salt': 'MwyDU9u0', 'md5': '9fceb1939ed113465bb14effcbec89e5', 'sha1': '8a1a049657a3d099318a175fe265b15f1c8c6d11', 'sha256': 'ae4ca6bb6b21af2634eff152d4705679f560d624cb8f8c3eb442e4876e0e8600'}, 'dob': {'date': '1970-08-15T05:49:45.835Z', 'age': 53}, 'registered': {'date': '2011-12-05T19:21:23.218Z', 'age': 12}, 'phone': '041-368-6453', 'cell': '081-376-7285', 'id': {'name': 'PPS', 'value': '3582917T'}, 'picture': {'large': 'https://randomuser.me/api/portraits/women/37.jpg', 'medium': 'https://randomuser.me/api/portraits/med/women/37.jpg', 'thumbnail': 'https://randomuser.me/api/portraits/thumb/women/37.jpg'}, 'nat': 'IE'}], 'info': {'seed': 'cdaa3ecbef5a667d', 'results': 1, 'page': 1, 'version': '1.4'}}</msg>
<arg>${json_data}</arg>
<doc>Logs the given message with the given level.</doc>
<status status="PASS" start="2024-05-10T19:13:04.952986" elapsed="0.000243"/>
</kw>
<kw name="Should Be Equal As Numbers" owner="BuiltIn">
<arg>${json_data['results'][0]['location']['postcode']}</arg>
<arg>${json_data['results'][0]['location']['postcode']}</arg>
<doc>Fails if objects are unequal after converting them to real numbers.</doc>
<status status="PASS" start="2024-05-10T19:13:04.953713" elapsed="0.000620"/>
</kw>
<kw name="Log" owner="BuiltIn">
<msg time="2024-05-10T19:13:04.954863" level="INFO">27077</msg>
<arg>${json_data['results'][0]['location']['postcode']}</arg>
<doc>Logs the given message with the given level.</doc>
<status status="PASS" start="2024-05-10T19:13:04.954527" elapsed="0.000376"/>
</kw>
<status status="PASS" start="2024-05-10T19:13:04.859070" elapsed="0.096087"/>
</kw>
<doc>Testa se os tipos de dados na resposta da API estão corretos.</doc>
<tag>testeTiposDados</tag>
<status status="PASS" start="2024-05-10T19:13:04.776312" elapsed="0.179013"/>
</test>
<test id="s1-s1-t5" name="Validar conteudo" line="35">
<kw name="Teste de Tipos de Conteudo" owner="random-user-service">
<kw name="GET On Session" owner="RequestsLibrary">
<msg time="2024-05-10T19:13:05.053989" level="INFO">GET Request : url=https://randomuser.me/api 
 path_url=/api 
 headers={'User-Agent': 'python-requests/2.31.0', 'Accept-Encoding': 'gzip, deflate', 'Accept': '*/*', 'Connection': 'keep-alive'} 
 body=None 
 </msg>
<msg time="2024-05-10T19:13:05.054119" level="INFO">GET Response : url=https://randomuser.me/api 
 status=200, reason=OK 
 headers={'Date': 'Fri, 10 May 2024 19:13:05 GMT', 'Content-Type': 'application/json; charset=utf-8', 'Transfer-Encoding': 'chunked', 'Connection': 'keep-alive', 'X-Powered-By': 'Express', 'Access-Control-Allow-Origin': '*', 'Cache-Control': 'no-cache', 'ETag': 'W/"470-f/8iBh9HJ/lHxaQx11q29VNR0us"', 'Vary': 'Accept-Encoding', 'Content-Encoding': 'gzip', 'CF-Cache-Status': 'DYNAMIC', 'Report-To': '{"endpoints":[{"url":"https:\\/\\/a.nel.cloudflare.com\\/report\\/v4?s=prxrThX7fURwiIYoumGlCI9%2FJOX1neUxCQ7r7Wa7g8EI4lpv1hW7sjT47DE1YfamqfX6XBGC4yvhvI3OgslNMmSLLYu1Ns87q8aB05vu9HXJB1apKrr%2BhcG0ACjEP%2BX6"}],"group":"cf-nel","max_age":604800}', 'NEL': '{"success_fraction":0,"report_to":"cf-nel","max_age":604800}', 'Server': 'cloudflare', 'CF-RAY': '881c3e960d522d34-ORD', 'alt-svc': 'h3=":443"; ma=86400'} 
 body={"results":[{"gender":"female","name":{"title":"Mrs","first":"Lamar","last":"Nyvoll"},"location":{"street":{"number":3414,"name":"Nonnegata"},"city":"Bremsnes","state":"Bergen","country":"Norway","postcode":"3158","coordinates":{"latitude":"43.1484","longitude":"141.3990"},"timezone":{"offset":"+9:30","description":"Adelaide, Darwin"}},"email":"lamar.nyvoll@example.com","login":{"uuid":"899e5911-af0a-472c-b7f4-183896794e11","username":"crazybird595","password":"visual","salt":"7aPEiVmB","md5":"ca97597ef8894d461d4de844c8d99def","sha1":"1e9924fcdb323e4f567e3bd2464ca5d7a139a19e","sha256":"f81828055e85a574d5171bb1a215b82ee3ebf54b61ffdbc7322404d7c1e7472b"},"dob":{"date":"1956-09-27T18:34:10.671Z","age":67},"registered":{"date":"2013-07-07T19:13:31.051Z","age":10},"phone":"54629005","cell":"49316962","id":{"name":"FN","value":"27095646803"},"picture":{"large":"https://randomuser.me/api/portraits/women/54.jpg","medium":"https://randomuser.me/api/portraits/med/women/54.jpg","thumbnail":"https://randomuser.me/api/portraits/thumb/women/54.jpg"},"nat":"NO"}],"info":{"seed":"d9d87e3f807ad526","results":1,"page":1,"version":"1.4"}} 
 </msg>
<msg time="2024-05-10T19:13:05.054219" level="INFO">/opt/hostedtoolcache/Python/3.12.3/x64/lib/python3.12/site-packages/urllib3/connectionpool.py:1103: InsecureRequestWarning: Unverified HTTPS request is being made to host 'randomuser.me'. Adding certificate verification is strongly advised. See: https://urllib3.readthedocs.io/en/latest/advanced-usage.html#tls-warnings
  warnings.warn(</msg>
<msg time="2024-05-10T19:13:05.054478" level="INFO">${response} = &lt;Response [200]&gt;</msg>
<var>${response}</var>
<arg>consultarAPI</arg>
<arg>/api</arg>
<doc>Sends a GET request on a previously created HTTP Session.</doc>
<status status="PASS" start="2024-05-10T19:13:04.957849" elapsed="0.096678"/>
</kw>
<kw name="Set Variable" owner="BuiltIn">
<msg time="2024-05-10T19:13:05.056019" level="INFO">${json_data} = {'results': [{'gender': 'female', 'name': {'title': 'Mrs', 'first': 'Lamar', 'last': 'Nyvoll'}, 'location': {'street': {'number': 3414, 'name': 'Nonnegata'}, 'city': 'Bremsnes', 'state': 'Bergen', 'co...</msg>
<var>${json_data}</var>
<arg>${response.json()}</arg>
<doc>Returns the given values which can then be assigned to a variables.</doc>
<status status="PASS" start="2024-05-10T19:13:05.055237" elapsed="0.000825"/>
</kw>
<kw name="Set Variable" owner="BuiltIn">
<msg time="2024-05-10T19:13:05.057187" level="INFO">${name_title} = Mrs</msg>
<var>${name_title}</var>
<arg>${json_data["results"][0]["name"]["title"]}</arg>
<doc>Returns the given values which can then be assigned to a variables.</doc>
<status status="PASS" start="2024-05-10T19:13:05.056561" elapsed="0.000666"/>
</kw>
<kw name="Create List" owner="BuiltIn">
<msg time="2024-05-10T19:13:05.057787" level="INFO">${allowed_titles} = ['Mr', 'Ms', 'Miss', 'Mrs', 'Madame', 'Monsieur']</msg>
<var>${allowed_titles}</var>
<arg>Mr</arg>
<arg>Ms</arg>
<arg>Miss</arg>
<arg>Mrs</arg>
<arg>Madame</arg>
<arg>Monsieur</arg>
<doc>Returns a list containing given items.</doc>
<status status="PASS" start="2024-05-10T19:13:05.057626" elapsed="0.000187"/>
</kw>
<kw name="List Should Contain Value" owner="Collections">
<msg time="2024-05-10T19:13:05.058319" level="INFO">False</msg>
<arg>${allowed_titles}</arg>
<arg>${name_title}</arg>
<doc>Fails if the ``value`` is not found from ``list``.</doc>
<status status="PASS" start="2024-05-10T19:13:05.058133" elapsed="0.000225"/>
</kw>
<kw name="Set Variable" owner="BuiltIn">
<msg time="2024-05-10T19:13:05.059075" level="INFO">${name_country} = NO</msg>
<var>${name_country}</var>
<arg>${json_data["results"][0]["nat"]}</arg>
<doc>Returns the given values which can then be assigned to a variables.</doc>
<status status="PASS" start="2024-05-10T19:13:05.058660" elapsed="0.000443"/>
</kw>
<kw name="Create List" owner="BuiltIn">
<msg time="2024-05-10T19:13:05.060018" level="INFO">${list_country} = ['AD', 'AE', 'AF', 'AG', 'AI', 'AL', 'AM', 'AO', 'AQ', 'AR', 'AS', 'AT', 'AU', 'AW', 'AX', 'AZ', 'BA', 'BB', 'BD', 'BE', 'BF', 'BG', 'BH', 'BI', 'BJ', 'BL', 'BM', 'BN', 'BO', 'BQ', 'BR', 'BS', 'BT', '...</msg>
<var>${list_country}</var>
<arg>AD</arg>
<arg>AE</arg>
<arg>AF</arg>
<arg>AG</arg>
<arg>AI</arg>
<arg>AL</arg>
<arg>AM</arg>
<arg>AO</arg>
<arg>AQ</arg>
<arg>AR</arg>
<arg>AS</arg>
<arg>AT</arg>
<arg>AU</arg>
<arg>AW</arg>
<arg>AX</arg>
<arg>AZ</arg>
<arg>BA</arg>
<arg>BB</arg>
<arg>BD</arg>
<arg>BE</arg>
<arg>BF</arg>
<arg>BG</arg>
<arg>BH</arg>
<arg>BI</arg>
<arg>BJ</arg>
<arg>BL</arg>
<arg>BM</arg>
<arg>BN</arg>
<arg>BO</arg>
<arg>BQ</arg>
<arg>BR</arg>
<arg>BS</arg>
<arg>BT</arg>
<arg>BV</arg>
<arg>BW</arg>
<arg>BY</arg>
<arg>BZ</arg>
<arg>CA</arg>
<arg>CC</arg>
<arg>CD</arg>
<arg>CF</arg>
<arg>CG</arg>
<arg>CH</arg>
<arg>CI</arg>
<arg>CK</arg>
<arg>CL</arg>
<arg>CM</arg>
<arg>CN</arg>
<arg>CO</arg>
<arg>CR</arg>
<arg>CU</arg>
<arg>CV</arg>
<arg>CW</arg>
<arg>CX</arg>
<arg>CY</arg>
<arg>CZ</arg>
<arg>DE</arg>
<arg>DJ</arg>
<arg>DK</arg>
<arg>DM</arg>
<arg>DO</arg>
<arg>DZ</arg>
<arg>EC</arg>
<arg>EE</arg>
<arg>EG</arg>
<arg>EH</arg>
<arg>ER</arg>
<arg>ES</arg>
<arg>ET</arg>
<arg>FI</arg>
<arg>FJ</arg>
<arg>FK</arg>
<arg>FM</arg>
<arg>FO</arg>
<arg>FR</arg>
<arg>GA</arg>
<arg>GB</arg>
<arg>GD</arg>
<arg>GE</arg>
<arg>GF</arg>
<arg>GG</arg>
<arg>GH</arg>
<arg>GI</arg>
<arg>GL</arg>
<arg>GM</arg>
<arg>GN</arg>
<arg>GP</arg>
<arg>GQ</arg>
<arg>GR</arg>
<arg>GS</arg>
<arg>GT</arg>
<arg>GU</arg>
<arg>GW</arg>
<arg>GY</arg>
<arg>HK</arg>
<arg>HM</arg>
<arg>HN</arg>
<arg>HR</arg>
<arg>HT</arg>
<arg>HU</arg>
<arg>ID</arg>
<arg>IE</arg>
<arg>IL</arg>
<arg>IM</arg>
<arg>IN</arg>
<arg>IO</arg>
<arg>IQ</arg>
<arg>IR</arg>
<arg>IS</arg>
<arg>IT</arg>
<arg>JE</arg>
<arg>JM</arg>
<arg>JO</arg>
<arg>JP</arg>
<arg>KE</arg>
<arg>KG</arg>
<arg>KH</arg>
<arg>KI</arg>
<arg>KM</arg>
<arg>KN</arg>
<arg>KP</arg>
<arg>KR</arg>
<arg>KW</arg>
<arg>KY</arg>
<arg>KZ</arg>
<arg>LA</arg>
<arg>LB</arg>
<arg>LC</arg>
<arg>LI</arg>
<arg>LK</arg>
<arg>LR</arg>
<arg>LS</arg>
<arg>LT</arg>
<arg>LU</arg>
<arg>LV</arg>
<arg>LY</arg>
<arg>MA</arg>
<arg>MC</arg>
<arg>MD</arg>
<arg>ME</arg>
<arg>MF</arg>
<arg>MG</arg>
<arg>MH</arg>
<arg>MK</arg>
<arg>ML</arg>
<arg>MM</arg>
<arg>MN</arg>
<arg>MO</arg>
<arg>MP</arg>
<arg>MQ</arg>
<arg>MR</arg>
<arg>MS</arg>
<arg>MT</arg>
<arg>MU</arg>
<arg>MV</arg>
<arg>MW</arg>
<arg>MX</arg>
<arg>MY</arg>
<arg>MZ</arg>
<arg>NA</arg>
<arg>NC</arg>
<arg>NE</arg>
<arg>NF</arg>
<arg>NG</arg>
<arg>NI</arg>
<arg>NL</arg>
<arg>NO</arg>
<arg>NP</arg>
<arg>NR</arg>
<arg>NU</arg>
<arg>NZ</arg>
<arg>OM</arg>
<arg>PA</arg>
<arg>PE</arg>
<arg>PF</arg>
<arg>PG</arg>
<arg>PH</arg>
<arg>PK</arg>
<arg>PL</arg>
<arg>PM</arg>
<arg>PN</arg>
<arg>PR</arg>
<arg>PS</arg>
<arg>PT</arg>
<arg>PW</arg>
<arg>PY</arg>
<arg>QA</arg>
<arg>RE</arg>
<arg>RO</arg>
<arg>RS</arg>
<arg>RU</arg>
<arg>RW</arg>
<arg>SA</arg>
<arg>SB</arg>
<arg>SC</arg>
<arg>SD</arg>
<arg>SE</arg>
<arg>SG</arg>
<arg>SH</arg>
<arg>SI</arg>
<arg>SJ</arg>
<arg>SK</arg>
<arg>SL</arg>
<arg>SM</arg>
<arg>SN</arg>
<arg>SO</arg>
<arg>SR</arg>
<arg>SS</arg>
<arg>ST</arg>
<arg>SV</arg>
<arg>SX</arg>
<arg>SY</arg>
<arg>SZ</arg>
<arg>TC</arg>
<arg>TD</arg>
<arg>TF</arg>
<arg>TG</arg>
<arg>TH</arg>
<arg>TJ</arg>
<arg>TK</arg>
<arg>TL</arg>
<arg>TM</arg>
<arg>TN</arg>
<arg>TO</arg>
<arg>TR</arg>
<arg>TT</arg>
<arg>TV</arg>
<arg>TW</arg>
<arg>TZ</arg>
<arg>UA</arg>
<arg>UG</arg>
<arg>UM</arg>
<arg>US</arg>
<arg>UY</arg>
<arg>UZ</arg>
<arg>VA</arg>
<arg>VC</arg>
<arg>VE</arg>
<arg>VG</arg>
<arg>VI</arg>
<arg>VN</arg>
<arg>VU</arg>
<arg>WF</arg>
<arg>WS</arg>
<arg>XK</arg>
<arg>YE</arg>
<arg>YT</arg>
<arg>ZA</arg>
<arg>ZM</arg>
<arg>ZW</arg>
<doc>Returns a list containing given items.</doc>
<status status="PASS" start="2024-05-10T19:13:05.059426" elapsed="0.000619"/>
</kw>
<kw name="List Should Contain Value" owner="Collections">
<msg time="2024-05-10T19:13:05.061100" level="INFO">False</msg>
<arg>${list_country}</arg>
<arg>${name_country}</arg>
<doc>Fails if the ``value`` is not found from ``list``.</doc>
<status status="PASS" start="2024-05-10T19:13:05.060885" elapsed="0.000254"/>
</kw>
<kw name="Run Keyword If" owner="BuiltIn">
<kw name="Should Be True" owner="BuiltIn">
<arg>${True}</arg>
<doc>Fails if the given condition is not true.</doc>
<status status="PASS" start="2024-05-10T19:13:05.062244" elapsed="0.000277"/>
</kw>
<arg>${json_data["results"][0]["location"]["coordinates"]["latitude"]} &gt;= -90 and ${json_data["results"][0]["location"]["coordinates"]["latitude"]} &lt;= 90</arg>
<arg>Should Be True</arg>
<arg>${True}</arg>
<doc>Runs the given keyword with the given arguments, if ``condition`` is true.</doc>
<status status="PASS" start="2024-05-10T19:13:05.061459" elapsed="0.001198"/>
</kw>
<kw name="Run Keyword If" owner="BuiltIn">
<kw name="Should Be True" owner="BuiltIn">
<arg>${True}</arg>
<doc>Fails if the given condition is not true.</doc>
<status status="PASS" start="2024-05-10T19:13:05.063560" elapsed="0.000144"/>
</kw>
<arg>${json_data["results"][0]["location"]["coordinates"]["longitude"]} &gt;= -180 and ${json_data["results"][0]["location"]["coordinates"]["longitude"]} &lt;= 180</arg>
<arg>Should Be True</arg>
<arg>${True}</arg>
<doc>Runs the given keyword with the given arguments, if ``condition`` is true.</doc>
<status status="PASS" start="2024-05-10T19:13:05.062848" elapsed="0.000994"/>
</kw>
<status status="PASS" start="2024-05-10T19:13:04.957608" elapsed="0.106369"/>
</kw>
<doc>Testa o conteúdo específico dos campos retornados pela API.</doc>
<tag>testeConteudo</tag>
<status status="PASS" start="2024-05-10T19:13:04.957142" elapsed="0.106990"/>
</test>
<status status="PASS" start="2024-05-10T19:13:04.247401" elapsed="0.818736"/>
</suite>
<status status="PASS" start="2024-05-10T19:13:04.233515" elapsed="0.837823"/>
</suite>
<statistics>
<total>
<stat pass="5" fail="0" skip="0">All Tests</stat>
</total>
<tag>
<stat pass="1" fail="0" skip="0">testeConteudo</stat>
<stat pass="1" fail="0" skip="0">testeEstruturaResposta</stat>
<stat pass="1" fail="0" skip="0">testeRequisicaoBasica</stat>
<stat pass="1" fail="0" skip="0">testeTiposDados</stat>
</tag>
<suite>
<stat pass="5" fail="0" skip="0" id="s1" name="Tests">Tests</stat>
<stat pass="5" fail="0" skip="0" id="s1-s1" name="Random-User-Test">Tests.Random-User-Test</stat>
</suite>
</statistics>
<errors>
</errors>
</robot>
