<?xml version="1.0" encoding="UTF-8"?>
<robot generator="Robot 7.0 (Python 3.12.3 on linux)" generated="2024-06-10T16:19:07.520083" rpa="false" schemaversion="5">
<suite id="s1" name="Tests" source="/home/runner/work/ApiRandomUser/ApiRandomUser/RamdonUser/tests">
<suite id="s1-s1" name="Random-User-Test" source="/home/runner/work/ApiRandomUser/ApiRandomUser/RamdonUser/tests/random-user-test.robot">
<test id="s1-s1-t1" name="Conectar" line="13">
<kw name="Conectar API" owner="random-user-service">
<kw name="Create Session" owner="RequestsLibrary">
<msg time="2024-06-10T16:19:07.905208" level="INFO">Creating Session using : alias=consultarAPI, url=https://randomuser.me/, headers={},                     cookies={}, auth=None, timeout=None, proxies=None, verify=False,                     debug=0 </msg>
<arg>consultarAPI</arg>
<arg>${URL}</arg>
<doc>Create Session: create a HTTP session to a server</doc>
<status status="PASS" start="2024-06-10T16:19:07.904981" elapsed="0.000399"/>
</kw>
<status status="PASS" start="2024-06-10T16:19:07.903970" elapsed="0.001776"/>
</kw>
<status status="PASS" start="2024-06-10T16:19:07.903391" elapsed="0.002555"/>
</test>
<test id="s1-s1-t2" name="Validar retorno 200 e JSON Válido" line="16">
<kw name="Teste de Requisicao Basica" owner="random-user-service">
<kw name="GET On Session" owner="RequestsLibrary">
<msg time="2024-06-10T16:19:08.009506" level="INFO">GET Request : url=https://randomuser.me/api 
 path_url=/api 
 headers={'User-Agent': 'python-requests/2.32.3', 'Accept-Encoding': 'gzip, deflate', 'Accept': '*/*', 'Connection': 'keep-alive'} 
 body=None 
 </msg>
<msg time="2024-06-10T16:19:08.009628" level="INFO">GET Response : url=https://randomuser.me/api 
 status=200, reason=OK 
 headers={'Date': 'Mon, 10 Jun 2024 16:19:08 GMT', 'Content-Type': 'application/json; charset=utf-8', 'Transfer-Encoding': 'chunked', 'Connection': 'keep-alive', 'X-Powered-By': 'Express', 'Access-Control-Allow-Origin': '*', 'Cache-Control': 'no-cache', 'ETag': 'W/"4b3-VIJPUWXUG/v7FMI8mCB9Ug7ob94"', 'Vary': 'Accept-Encoding', 'Content-Encoding': 'gzip', 'CF-Cache-Status': 'DYNAMIC', 'Report-To': '{"endpoints":[{"url":"https:\\/\\/a.nel.cloudflare.com\\/report\\/v4?s=U9PewalA8Nh0q9OI2hjr6HSovbT41hJYiLohlGqwSOyHxKmG%2FVURfVsyB46%2BxR%2F3hFyJjCTxJeKG6AzsV1rWuPCecNLNUsxUgTfx6ws3a7kACwgi0pb66aDK5cM9qup%2F"}],"group":"cf-nel","max_age":604800}', 'NEL': '{"success_fraction":0,"report_to":"cf-nel","max_age":604800}', 'Server': 'cloudflare', 'CF-RAY': '891aae66bf3b5a1b-IAD', 'alt-svc': 'h3=":443"; ma=86400'} 
 body={"results":[{"gender":"female","name":{"title":"Mrs","first":"Svetlana","last":"Van Meeuwen"},"location":{"street":{"number":8164,"name":"Drafnalaantje"},"city":"Woudenberg","state":"Friesland","country":"Netherlands","postcode":"2563 MJ","coordinates":{"latitude":"35.4238","longitude":"129.4268"},"timezone":{"offset":"+11:00","description":"Magadan, Solomon Islands, New Caledonia"}},"email":"svetlana.vanmeeuwen@example.com","login":{"uuid":"edafd7f3-d8b1-49e5-b8cb-634963f02358","username":"sadgorilla317","password":"sandrine","salt":"GSgL6u7H","md5":"e9768d805dc66059c52b3a8c2a69e739","sha1":"2eab4088a63d4d3f07323c268c76415acb9f69fd","sha256":"5fe0ffdd3a30ce69c719b5c3a700a4d0770b8c529fd7054230d508df5c6a53a1"},"dob":{"date":"1959-08-08T09:28:19.792Z","age":64},"registered":{"date":"2014-01-19T06:39:34.414Z","age":10},"phone":"(0232) 771514","cell":"(06) 22742877","id":{"name":"BSN","value":"69110381"},"picture":{"large":"https://randomuser.me/api/portraits/women/41.jpg","medium":"https://randomuser.me/api/portraits/med/women/41.jpg","thumbnail":"https://randomuser.me/api/portraits/thumb/women/41.jpg"},"nat":"NL"}],"info":{"seed":"e629f7fabc63f074","results":1,"page":1,"version":"1.4"}} 
 </msg>
<msg time="2024-06-10T16:19:08.009699" level="INFO">/opt/hostedtoolcache/Python/3.12.3/x64/lib/python3.12/site-packages/urllib3/connectionpool.py:1103: InsecureRequestWarning: Unverified HTTPS request is being made to host 'randomuser.me'. Adding certificate verification is strongly advised. See: https://urllib3.readthedocs.io/en/latest/advanced-usage.html#tls-warnings
  warnings.warn(</msg>
<msg time="2024-06-10T16:19:08.009831" level="INFO">${response} = &lt;Response [200]&gt;</msg>
<var>${response}</var>
<arg>consultarAPI</arg>
<arg>/api</arg>
<doc>Sends a GET request on a previously created HTTP Session.</doc>
<status status="PASS" start="2024-06-10T16:19:07.908613" elapsed="0.101258"/>
</kw>
<kw name="Should Be Equal As Numbers" owner="BuiltIn">
<msg time="2024-06-10T16:19:08.010863" level="INFO">Argument types are:
&lt;class 'int'&gt;
&lt;class 'str'&gt;</msg>
<arg>${response.status_code}</arg>
<arg>200</arg>
<doc>Fails if objects are unequal after converting them to real numbers.</doc>
<status status="PASS" start="2024-06-10T16:19:08.010395" elapsed="0.000534"/>
</kw>
<kw name="Log" owner="BuiltIn">
<msg time="2024-06-10T16:19:08.011645" level="INFO">200</msg>
<arg>${response.status_code}</arg>
<doc>Logs the given message with the given level.</doc>
<status status="PASS" start="2024-06-10T16:19:08.011280" elapsed="0.000413"/>
</kw>
<kw name="Set Variable" owner="BuiltIn">
<msg time="2024-06-10T16:19:08.012445" level="INFO">${json_data} = {'results': [{'gender': 'female', 'name': {'title': 'Mrs', 'first': 'Svetlana', 'last': 'Van Meeuwen'}, 'location': {'street': {'number': 8164, 'name': 'Drafnalaantje'}, 'city': 'Woudenberg', 'state':...</msg>
<var>${json_data}</var>
<arg>${response.json()}</arg>
<doc>Returns the given values which can then be assigned to a variables.</doc>
<status status="PASS" start="2024-06-10T16:19:08.011998" elapsed="0.000476"/>
</kw>
<kw name="Dictionary Should Contain Key" owner="Collections">
<msg time="2024-06-10T16:19:08.012942" level="INFO">False</msg>
<arg>${json_data}</arg>
<arg>results</arg>
<doc>Fails if ``key`` is not found from ``dictionary``.</doc>
<status status="PASS" start="2024-06-10T16:19:08.012775" elapsed="0.000350"/>
</kw>
<status status="PASS" start="2024-06-10T16:19:07.908367" elapsed="0.105067"/>
</kw>
<doc>Testa se a API responde corretamente e retorna um objeto JSON válido.</doc>
<tag>testeRequisicaoBasica</tag>
<status status="PASS" start="2024-06-10T16:19:07.907841" elapsed="0.105769"/>
</test>
<test id="s1-s1-t3" name="Validar estrutura de resposta" line="22">
<kw name="Teste de Estrutura de Resposta" owner="random-user-service">
<kw name="GET On Session" owner="RequestsLibrary">
<msg time="2024-06-10T16:19:08.111993" level="INFO">GET Request : url=https://randomuser.me/api 
 path_url=/api 
 headers={'User-Agent': 'python-requests/2.32.3', 'Accept-Encoding': 'gzip, deflate', 'Accept': '*/*', 'Connection': 'keep-alive'} 
 body=None 
 </msg>
<msg time="2024-06-10T16:19:08.112075" level="INFO">GET Response : url=https://randomuser.me/api 
 status=200, reason=OK 
 headers={'Date': 'Mon, 10 Jun 2024 16:19:08 GMT', 'Content-Type': 'application/json; charset=utf-8', 'Transfer-Encoding': 'chunked', 'Connection': 'keep-alive', 'X-Powered-By': 'Express', 'Access-Control-Allow-Origin': '*', 'Cache-Control': 'no-cache', 'ETag': 'W/"47d-ymanlsdSpq7ybyw9RYyThhszDQI"', 'Vary': 'Accept-Encoding', 'Content-Encoding': 'gzip', 'CF-Cache-Status': 'DYNAMIC', 'Report-To': '{"endpoints":[{"url":"https:\\/\\/a.nel.cloudflare.com\\/report\\/v4?s=6Xtre1gb2qko2AmopD%2FYQiUSVnKT6OXFrLrF5E90pVaGGCHMD%2BTf9kK97qj4TSLPFy2F1a2RS%2FU0i8mwg%2BgJPtRuuAFX60f%2FXT6mBtZX2nUzuhMuQ%2BnIK%2B3ZBP43u%2B1Q"}],"group":"cf-nel","max_age":604800}', 'NEL': '{"success_fraction":0,"report_to":"cf-nel","max_age":604800}', 'Server': 'cloudflare', 'CF-RAY': '891aae671f9b5a1b-IAD', 'alt-svc': 'h3=":443"; ma=86400'} 
 body={"results":[{"gender":"male","name":{"title":"Mr","first":"Roger","last":"Coenen"},"location":{"street":{"number":2481,"name":"Hauptstraße"},"city":"Ginsheim-Gustavsburg","state":"Berlin","country":"Germany","postcode":46032,"coordinates":{"latitude":"-50.3136","longitude":"-173.3717"},"timezone":{"offset":"+3:30","description":"Tehran"}},"email":"roger.coenen@example.com","login":{"uuid":"d1936426-d1d7-475b-b589-f2bc548859ab","username":"orangemouse955","password":"eagle1","salt":"ZgYCBwRQ","md5":"dcfee8f32e8a215346996df9a9f086d0","sha1":"8e66e6340a07d7fce4473776db9eb99676e21758","sha256":"be1ace47d1fb90358d3e2f3bd3feea06c7f1157341d75a618240b2765bea373d"},"dob":{"date":"1952-02-17T13:38:32.115Z","age":72},"registered":{"date":"2016-11-13T23:33:02.968Z","age":7},"phone":"0335-5356715","cell":"0173-4543087","id":{"name":"SVNR","value":"78 170252 C 025"},"picture":{"large":"https://randomuser.me/api/portraits/men/75.jpg","medium":"https://randomuser.me/api/portraits/med/men/75.jpg","thumbnail":"https://randomuser.me/api/portraits/thumb/men/75.jpg"},"nat":"DE"}],"info":{"seed":"797d54e151953ecd","results":1,"page":1,"version":"1.4"}} 
 </msg>
<msg time="2024-06-10T16:19:08.112190" level="INFO">/opt/hostedtoolcache/Python/3.12.3/x64/lib/python3.12/site-packages/urllib3/connectionpool.py:1103: InsecureRequestWarning: Unverified HTTPS request is being made to host 'randomuser.me'. Adding certificate verification is strongly advised. See: https://urllib3.readthedocs.io/en/latest/advanced-usage.html#tls-warnings
  warnings.warn(</msg>
<msg time="2024-06-10T16:19:08.112310" level="INFO">${response} = &lt;Response [200]&gt;</msg>
<var>${response}</var>
<arg>consultarAPI</arg>
<arg>/api</arg>
<doc>Sends a GET request on a previously created HTTP Session.</doc>
<status status="PASS" start="2024-06-10T16:19:08.016246" elapsed="0.096114"/>
</kw>
<kw name="Set Variable" owner="BuiltIn">
<msg time="2024-06-10T16:19:08.113426" level="INFO">${json_data} = {'results': [{'gender': 'male', 'name': {'title': 'Mr', 'first': 'Roger', 'last': 'Coenen'}, 'location': {'street': {'number': 2481, 'name': 'Hauptstraße'}, 'city': 'Ginsheim-Gustavsburg', 'state': 'B...</msg>
<var>${json_data}</var>
<arg>${response.json()}</arg>
<doc>Returns the given values which can then be assigned to a variables.</doc>
<status status="PASS" start="2024-06-10T16:19:08.112816" elapsed="0.000640"/>
</kw>
<kw name="Log" owner="BuiltIn">
<msg time="2024-06-10T16:19:08.113928" level="INFO">{'results': [{'gender': 'male', 'name': {'title': 'Mr', 'first': 'Roger', 'last': 'Coenen'}, 'location': {'street': {'number': 2481, 'name': 'Hauptstraße'}, 'city': 'Ginsheim-Gustavsburg', 'state': 'Berlin', 'country': 'Germany', 'postcode': 46032, 'coordinates': {'latitude': '-50.3136', 'longitude': '-173.3717'}, 'timezone': {'offset': '+3:30', 'description': 'Tehran'}}, 'email': 'roger.coenen@example.com', 'login': {'uuid': 'd1936426-d1d7-475b-b589-f2bc548859ab', 'username': 'orangemouse955', 'password': 'eagle1', 'salt': 'ZgYCBwRQ', 'md5': 'dcfee8f32e8a215346996df9a9f086d0', 'sha1': '8e66e6340a07d7fce4473776db9eb99676e21758', 'sha256': 'be1ace47d1fb90358d3e2f3bd3feea06c7f1157341d75a618240b2765bea373d'}, 'dob': {'date': '1952-02-17T13:38:32.115Z', 'age': 72}, 'registered': {'date': '2016-11-13T23:33:02.968Z', 'age': 7}, 'phone': '0335-5356715', 'cell': '0173-4543087', 'id': {'name': 'SVNR', 'value': '78 170252 C 025'}, 'picture': {'large': 'https://randomuser.me/api/portraits/men/75.jpg', 'medium': 'https://randomuser.me/api/portraits/med/men/75.jpg', 'thumbnail': 'https://randomuser.me/api/portraits/thumb/men/75.jpg'}, 'nat': 'DE'}], 'info': {'seed': '797d54e151953ecd', 'results': 1, 'page': 1, 'version': '1.4'}}</msg>
<arg>${json_data}</arg>
<doc>Logs the given message with the given level.</doc>
<status status="PASS" start="2024-06-10T16:19:08.113766" elapsed="0.000211"/>
</kw>
<kw name="Dictionary Should Contain Key" owner="Collections">
<msg time="2024-06-10T16:19:08.114441" level="INFO">False</msg>
<arg>${json_data}</arg>
<arg>results</arg>
<doc>Fails if ``key`` is not found from ``dictionary``.</doc>
<status status="PASS" start="2024-06-10T16:19:08.114275" elapsed="0.000211"/>
</kw>
<kw name="Should Not Be Empty" owner="BuiltIn">
<msg time="2024-06-10T16:19:08.114911" level="INFO">Length is 2.</msg>
<arg>${json_data}</arg>
<doc>Verifies that the given item is not empty.</doc>
<status status="PASS" start="2024-06-10T16:19:08.114780" elapsed="0.000170"/>
</kw>
<kw name="Create List" owner="BuiltIn">
<msg time="2024-06-10T16:19:08.115389" level="INFO">${expected_keys} = ['gender', 'name', 'location', 'email', 'login']</msg>
<var>${expected_keys}</var>
<arg>gender</arg>
<arg>name</arg>
<arg>location</arg>
<arg>email</arg>
<arg>login</arg>
<doc>Returns a list containing given items.</doc>
<status status="PASS" start="2024-06-10T16:19:08.115241" elapsed="0.000173"/>
</kw>
<for flavor="IN">
<iter>
<kw name="Dictionary Should Contain Key" owner="Collections">
<msg time="2024-06-10T16:19:08.116410" level="INFO">False</msg>
<arg>${json_data['results'][0]}</arg>
<arg>${key}</arg>
<doc>Fails if ``key`` is not found from ``dictionary``.</doc>
<status status="PASS" start="2024-06-10T16:19:08.116003" elapsed="0.000451"/>
</kw>
<kw name="Log" owner="BuiltIn">
<msg time="2024-06-10T16:19:08.117125" level="INFO">{'gender': 'male', 'name': {'title': 'Mr', 'first': 'Roger', 'last': 'Coenen'}, 'location': {'street': {'number': 2481, 'name': 'Hauptstraße'}, 'city': 'Ginsheim-Gustavsburg', 'state': 'Berlin', 'country': 'Germany', 'postcode': 46032, 'coordinates': {'latitude': '-50.3136', 'longitude': '-173.3717'}, 'timezone': {'offset': '+3:30', 'description': 'Tehran'}}, 'email': 'roger.coenen@example.com', 'login': {'uuid': 'd1936426-d1d7-475b-b589-f2bc548859ab', 'username': 'orangemouse955', 'password': 'eagle1', 'salt': 'ZgYCBwRQ', 'md5': 'dcfee8f32e8a215346996df9a9f086d0', 'sha1': '8e66e6340a07d7fce4473776db9eb99676e21758', 'sha256': 'be1ace47d1fb90358d3e2f3bd3feea06c7f1157341d75a618240b2765bea373d'}, 'dob': {'date': '1952-02-17T13:38:32.115Z', 'age': 72}, 'registered': {'date': '2016-11-13T23:33:02.968Z', 'age': 7}, 'phone': '0335-5356715', 'cell': '0173-4543087', 'id': {'name': 'SVNR', 'value': '78 170252 C 025'}, 'picture': {'large': 'https://randomuser.me/api/portraits/men/75.jpg', 'medium': 'https://randomuser.me/api/portraits/med/men/75.jpg', 'thumbnail': 'https://randomuser.me/api/portraits/thumb/men/75.jpg'}, 'nat': 'DE'}</msg>
<arg>${json_data['results'][0]}</arg>
<doc>Logs the given message with the given level.</doc>
<status status="PASS" start="2024-06-10T16:19:08.116758" elapsed="0.000450"/>
</kw>
<kw name="Log" owner="BuiltIn">
<msg time="2024-06-10T16:19:08.117656" level="INFO">gender</msg>
<arg>${key}</arg>
<doc>Logs the given message with the given level.</doc>
<status status="PASS" start="2024-06-10T16:19:08.117524" elapsed="0.000171"/>
</kw>
<var name="${key}">gender</var>
<status status="PASS" start="2024-06-10T16:19:08.115878" elapsed="0.002033"/>
</iter>
<iter>
<kw name="Dictionary Should Contain Key" owner="Collections">
<msg time="2024-06-10T16:19:08.118606" level="INFO">False</msg>
<arg>${json_data['results'][0]}</arg>
<arg>${key}</arg>
<doc>Fails if ``key`` is not found from ``dictionary``.</doc>
<status status="PASS" start="2024-06-10T16:19:08.118217" elapsed="0.000427"/>
</kw>
<kw name="Log" owner="BuiltIn">
<msg time="2024-06-10T16:19:08.119337" level="INFO">{'gender': 'male', 'name': {'title': 'Mr', 'first': 'Roger', 'last': 'Coenen'}, 'location': {'street': {'number': 2481, 'name': 'Hauptstraße'}, 'city': 'Ginsheim-Gustavsburg', 'state': 'Berlin', 'country': 'Germany', 'postcode': 46032, 'coordinates': {'latitude': '-50.3136', 'longitude': '-173.3717'}, 'timezone': {'offset': '+3:30', 'description': 'Tehran'}}, 'email': 'roger.coenen@example.com', 'login': {'uuid': 'd1936426-d1d7-475b-b589-f2bc548859ab', 'username': 'orangemouse955', 'password': 'eagle1', 'salt': 'ZgYCBwRQ', 'md5': 'dcfee8f32e8a215346996df9a9f086d0', 'sha1': '8e66e6340a07d7fce4473776db9eb99676e21758', 'sha256': 'be1ace47d1fb90358d3e2f3bd3feea06c7f1157341d75a618240b2765bea373d'}, 'dob': {'date': '1952-02-17T13:38:32.115Z', 'age': 72}, 'registered': {'date': '2016-11-13T23:33:02.968Z', 'age': 7}, 'phone': '0335-5356715', 'cell': '0173-4543087', 'id': {'name': 'SVNR', 'value': '78 170252 C 025'}, 'picture': {'large': 'https://randomuser.me/api/portraits/men/75.jpg', 'medium': 'https://randomuser.me/api/portraits/med/men/75.jpg', 'thumbnail': 'https://randomuser.me/api/portraits/thumb/men/75.jpg'}, 'nat': 'DE'}</msg>
<arg>${json_data['results'][0]}</arg>
<doc>Logs the given message with the given level.</doc>
<status status="PASS" start="2024-06-10T16:19:08.118972" elapsed="0.000415"/>
</kw>
<kw name="Log" owner="BuiltIn">
<msg time="2024-06-10T16:19:08.119821" level="INFO">name</msg>
<arg>${key}</arg>
<doc>Logs the given message with the given level.</doc>
<status status="PASS" start="2024-06-10T16:19:08.119689" elapsed="0.000171"/>
</kw>
<var name="${key}">name</var>
<status status="PASS" start="2024-06-10T16:19:08.118102" elapsed="0.001974"/>
</iter>
<iter>
<kw name="Dictionary Should Contain Key" owner="Collections">
<msg time="2024-06-10T16:19:08.120756" level="INFO">False</msg>
<arg>${json_data['results'][0]}</arg>
<arg>${key}</arg>
<doc>Fails if ``key`` is not found from ``dictionary``.</doc>
<status status="PASS" start="2024-06-10T16:19:08.120368" elapsed="0.000438"/>
</kw>
<kw name="Log" owner="BuiltIn">
<msg time="2024-06-10T16:19:08.121556" level="INFO">{'gender': 'male', 'name': {'title': 'Mr', 'first': 'Roger', 'last': 'Coenen'}, 'location': {'street': {'number': 2481, 'name': 'Hauptstraße'}, 'city': 'Ginsheim-Gustavsburg', 'state': 'Berlin', 'country': 'Germany', 'postcode': 46032, 'coordinates': {'latitude': '-50.3136', 'longitude': '-173.3717'}, 'timezone': {'offset': '+3:30', 'description': 'Tehran'}}, 'email': 'roger.coenen@example.com', 'login': {'uuid': 'd1936426-d1d7-475b-b589-f2bc548859ab', 'username': 'orangemouse955', 'password': 'eagle1', 'salt': 'ZgYCBwRQ', 'md5': 'dcfee8f32e8a215346996df9a9f086d0', 'sha1': '8e66e6340a07d7fce4473776db9eb99676e21758', 'sha256': 'be1ace47d1fb90358d3e2f3bd3feea06c7f1157341d75a618240b2765bea373d'}, 'dob': {'date': '1952-02-17T13:38:32.115Z', 'age': 72}, 'registered': {'date': '2016-11-13T23:33:02.968Z', 'age': 7}, 'phone': '0335-5356715', 'cell': '0173-4543087', 'id': {'name': 'SVNR', 'value': '78 170252 C 025'}, 'picture': {'large': 'https://randomuser.me/api/portraits/men/75.jpg', 'medium': 'https://randomuser.me/api/portraits/med/men/75.jpg', 'thumbnail': 'https://randomuser.me/api/portraits/thumb/men/75.jpg'}, 'nat': 'DE'}</msg>
<arg>${json_data['results'][0]}</arg>
<doc>Logs the given message with the given level.</doc>
<status status="PASS" start="2024-06-10T16:19:08.121130" elapsed="0.000477"/>
</kw>
<kw name="Log" owner="BuiltIn">
<msg time="2024-06-10T16:19:08.122036" level="INFO">location</msg>
<arg>${key}</arg>
<doc>Logs the given message with the given level.</doc>
<status status="PASS" start="2024-06-10T16:19:08.121910" elapsed="0.000164"/>
</kw>
<var name="${key}">location</var>
<status status="PASS" start="2024-06-10T16:19:08.120255" elapsed="0.002033"/>
</iter>
<iter>
<kw name="Dictionary Should Contain Key" owner="Collections">
<msg time="2024-06-10T16:19:08.123112" level="INFO">False</msg>
<arg>${json_data['results'][0]}</arg>
<arg>${key}</arg>
<doc>Fails if ``key`` is not found from ``dictionary``.</doc>
<status status="PASS" start="2024-06-10T16:19:08.122579" elapsed="0.000573"/>
</kw>
<kw name="Log" owner="BuiltIn">
<msg time="2024-06-10T16:19:08.123818" level="INFO">{'gender': 'male', 'name': {'title': 'Mr', 'first': 'Roger', 'last': 'Coenen'}, 'location': {'street': {'number': 2481, 'name': 'Hauptstraße'}, 'city': 'Ginsheim-Gustavsburg', 'state': 'Berlin', 'country': 'Germany', 'postcode': 46032, 'coordinates': {'latitude': '-50.3136', 'longitude': '-173.3717'}, 'timezone': {'offset': '+3:30', 'description': 'Tehran'}}, 'email': 'roger.coenen@example.com', 'login': {'uuid': 'd1936426-d1d7-475b-b589-f2bc548859ab', 'username': 'orangemouse955', 'password': 'eagle1', 'salt': 'ZgYCBwRQ', 'md5': 'dcfee8f32e8a215346996df9a9f086d0', 'sha1': '8e66e6340a07d7fce4473776db9eb99676e21758', 'sha256': 'be1ace47d1fb90358d3e2f3bd3feea06c7f1157341d75a618240b2765bea373d'}, 'dob': {'date': '1952-02-17T13:38:32.115Z', 'age': 72}, 'registered': {'date': '2016-11-13T23:33:02.968Z', 'age': 7}, 'phone': '0335-5356715', 'cell': '0173-4543087', 'id': {'name': 'SVNR', 'value': '78 170252 C 025'}, 'picture': {'large': 'https://randomuser.me/api/portraits/men/75.jpg', 'medium': 'https://randomuser.me/api/portraits/med/men/75.jpg', 'thumbnail': 'https://randomuser.me/api/portraits/thumb/men/75.jpg'}, 'nat': 'DE'}</msg>
<arg>${json_data['results'][0]}</arg>
<doc>Logs the given message with the given level.</doc>
<status status="PASS" start="2024-06-10T16:19:08.123452" elapsed="0.000414"/>
</kw>
<kw name="Log" owner="BuiltIn">
<msg time="2024-06-10T16:19:08.124304" level="INFO">email</msg>
<arg>${key}</arg>
<doc>Logs the given message with the given level.</doc>
<status status="PASS" start="2024-06-10T16:19:08.124164" elapsed="0.000183"/>
</kw>
<var name="${key}">email</var>
<status status="PASS" start="2024-06-10T16:19:08.122463" elapsed="0.002105"/>
</iter>
<iter>
<kw name="Dictionary Should Contain Key" owner="Collections">
<msg time="2024-06-10T16:19:08.125277" level="INFO">False</msg>
<arg>${json_data['results'][0]}</arg>
<arg>${key}</arg>
<doc>Fails if ``key`` is not found from ``dictionary``.</doc>
<status status="PASS" start="2024-06-10T16:19:08.124855" elapsed="0.000462"/>
</kw>
<kw name="Log" owner="BuiltIn">
<msg time="2024-06-10T16:19:08.125977" level="INFO">{'gender': 'male', 'name': {'title': 'Mr', 'first': 'Roger', 'last': 'Coenen'}, 'location': {'street': {'number': 2481, 'name': 'Hauptstraße'}, 'city': 'Ginsheim-Gustavsburg', 'state': 'Berlin', 'country': 'Germany', 'postcode': 46032, 'coordinates': {'latitude': '-50.3136', 'longitude': '-173.3717'}, 'timezone': {'offset': '+3:30', 'description': 'Tehran'}}, 'email': 'roger.coenen@example.com', 'login': {'uuid': 'd1936426-d1d7-475b-b589-f2bc548859ab', 'username': 'orangemouse955', 'password': 'eagle1', 'salt': 'ZgYCBwRQ', 'md5': 'dcfee8f32e8a215346996df9a9f086d0', 'sha1': '8e66e6340a07d7fce4473776db9eb99676e21758', 'sha256': 'be1ace47d1fb90358d3e2f3bd3feea06c7f1157341d75a618240b2765bea373d'}, 'dob': {'date': '1952-02-17T13:38:32.115Z', 'age': 72}, 'registered': {'date': '2016-11-13T23:33:02.968Z', 'age': 7}, 'phone': '0335-5356715', 'cell': '0173-4543087', 'id': {'name': 'SVNR', 'value': '78 170252 C 025'}, 'picture': {'large': 'https://randomuser.me/api/portraits/men/75.jpg', 'medium': 'https://randomuser.me/api/portraits/med/men/75.jpg', 'thumbnail': 'https://randomuser.me/api/portraits/thumb/men/75.jpg'}, 'nat': 'DE'}</msg>
<arg>${json_data['results'][0]}</arg>
<doc>Logs the given message with the given level.</doc>
<status status="PASS" start="2024-06-10T16:19:08.125618" elapsed="0.000410"/>
</kw>
<kw name="Log" owner="BuiltIn">
<msg time="2024-06-10T16:19:08.126459" level="INFO">login</msg>
<arg>${key}</arg>
<doc>Logs the given message with the given level.</doc>
<status status="PASS" start="2024-06-10T16:19:08.126322" elapsed="0.000175"/>
</kw>
<var name="${key}">login</var>
<status status="PASS" start="2024-06-10T16:19:08.124744" elapsed="0.001969"/>
</iter>
<var>${key}</var>
<value>@{expected_keys}</value>
<status status="PASS" start="2024-06-10T16:19:08.115693" elapsed="0.011168"/>
</for>
<kw name="Create List" owner="BuiltIn">
<msg time="2024-06-10T16:19:08.127200" level="INFO">${expected_keysTwo} = ['username', 'password']</msg>
<var>${expected_keysTwo}</var>
<arg>username</arg>
<arg>password</arg>
<doc>Returns a list containing given items.</doc>
<status status="PASS" start="2024-06-10T16:19:08.127063" elapsed="0.000161"/>
</kw>
<for flavor="IN">
<iter>
<kw name="Dictionary Should Contain Key" owner="Collections">
<msg time="2024-06-10T16:19:08.128105" level="INFO">False</msg>
<arg>${json_data['results'][0]['login']}</arg>
<arg>${keyTwo}</arg>
<doc>Fails if ``key`` is not found from ``dictionary``.</doc>
<status status="PASS" start="2024-06-10T16:19:08.127720" elapsed="0.000422"/>
</kw>
<kw name="Dictionary Should Contain Key" owner="Collections">
<msg time="2024-06-10T16:19:08.128805" level="INFO">False</msg>
<arg>${json_data['results'][0]['login']}</arg>
<arg>${keyTwo}</arg>
<doc>Fails if ``key`` is not found from ``dictionary``.</doc>
<status status="PASS" start="2024-06-10T16:19:08.128433" elapsed="0.000410"/>
</kw>
<kw name="Log" owner="BuiltIn">
<msg time="2024-06-10T16:19:08.129307" level="INFO">username</msg>
<arg>${keyTwo}</arg>
<doc>Logs the given message with the given level.</doc>
<status status="PASS" start="2024-06-10T16:19:08.129136" elapsed="0.000210"/>
</kw>
<var name="${keyTwo}">username</var>
<status status="PASS" start="2024-06-10T16:19:08.127612" elapsed="0.001952"/>
</iter>
<iter>
<kw name="Dictionary Should Contain Key" owner="Collections">
<msg time="2024-06-10T16:19:08.130222" level="INFO">False</msg>
<arg>${json_data['results'][0]['login']}</arg>
<arg>${keyTwo}</arg>
<doc>Fails if ``key`` is not found from ``dictionary``.</doc>
<status status="PASS" start="2024-06-10T16:19:08.129844" elapsed="0.000415"/>
</kw>
<kw name="Dictionary Should Contain Key" owner="Collections">
<msg time="2024-06-10T16:19:08.130934" level="INFO">False</msg>
<arg>${json_data['results'][0]['login']}</arg>
<arg>${keyTwo}</arg>
<doc>Fails if ``key`` is not found from ``dictionary``.</doc>
<status status="PASS" start="2024-06-10T16:19:08.130553" elapsed="0.000416"/>
</kw>
<kw name="Log" owner="BuiltIn">
<msg time="2024-06-10T16:19:08.131415" level="INFO">password</msg>
<arg>${keyTwo}</arg>
<doc>Logs the given message with the given level.</doc>
<status status="PASS" start="2024-06-10T16:19:08.131287" elapsed="0.000166"/>
</kw>
<var name="${keyTwo}">password</var>
<status status="PASS" start="2024-06-10T16:19:08.129736" elapsed="0.001931"/>
</iter>
<var>${keyTwo}</var>
<value>@{expected_keysTwo}</value>
<status status="PASS" start="2024-06-10T16:19:08.127460" elapsed="0.004326"/>
</for>
<status status="PASS" start="2024-06-10T16:19:08.016008" elapsed="0.115916"/>
</kw>
<doc>Testa a estrutura da resposta da API.</doc>
<tag>testeEstruturaResposta</tag>
<status status="PASS" start="2024-06-10T16:19:08.015421" elapsed="0.116655"/>
</test>
<test id="s1-s1-t4" name="Validar tipos de dados" line="28">
<kw name="Teste de Tipos de Dados" owner="random-user-service">
<kw name="GET On Session" owner="RequestsLibrary">
<msg time="2024-06-10T16:19:08.216035" level="INFO">GET Request : url=https://randomuser.me/api 
 path_url=/api 
 headers={'User-Agent': 'python-requests/2.32.3', 'Accept-Encoding': 'gzip, deflate', 'Accept': '*/*', 'Connection': 'keep-alive'} 
 body=None 
 </msg>
<msg time="2024-06-10T16:19:08.216114" level="INFO">GET Response : url=https://randomuser.me/api 
 status=200, reason=OK 
 headers={'Date': 'Mon, 10 Jun 2024 16:19:08 GMT', 'Content-Type': 'application/json; charset=utf-8', 'Transfer-Encoding': 'chunked', 'Connection': 'keep-alive', 'X-Powered-By': 'Express', 'Access-Control-Allow-Origin': '*', 'Cache-Control': 'no-cache', 'ETag': 'W/"490-1M7U7vqVen0zi+fO++t3o4xxu9A"', 'Vary': 'Accept-Encoding', 'Content-Encoding': 'gzip', 'CF-Cache-Status': 'DYNAMIC', 'Report-To': '{"endpoints":[{"url":"https:\\/\\/a.nel.cloudflare.com\\/report\\/v4?s=eUoLkqUg6Wu4JYern7ZnAGp82MmKLqHODE386gBQJglieXXyztrD2vxHbLBsM7%2BWyl10DWkBvARdBhHjTKMwqMIixp7FubtTtqQS%2BA2sp2kEeMXVXHCoh78ImIIzxjCC"}],"group":"cf-nel","max_age":604800}', 'NEL': '{"success_fraction":0,"report_to":"cf-nel","max_age":604800}', 'Server': 'cloudflare', 'CF-RAY': '891aae67d8685a1b-IAD', 'alt-svc': 'h3=":443"; ma=86400'} 
 body={"results":[{"gender":"male","name":{"title":"Mr","first":"Rolando","last":"Silva"},"location":{"street":{"number":7159,"name":"Rua Castro Alves "},"city":"Cariacica","state":"São Paulo","country":"Brazil","postcode":15176,"coordinates":{"latitude":"-80.4716","longitude":"-98.5267"},"timezone":{"offset":"+2:00","description":"Kaliningrad, South Africa"}},"email":"rolando.silva@example.com","login":{"uuid":"de8b23f0-a7be-4a3d-bf66-70743d4d9392","username":"happygoose540","password":"weston","salt":"OBQ5PpZE","md5":"0e98dadb2f7aaad86fe6da930ed43c22","sha1":"cf2a1f03db340390daf991dfdc910f5d56159fe3","sha256":"68c785f881b50d8529627831c2db1502b13d4a65c392fe0442b5d3ec635ff0a9"},"dob":{"date":"1944-10-23T06:10:09.642Z","age":79},"registered":{"date":"2011-06-07T10:26:02.166Z","age":13},"phone":"(28) 3862-6114","cell":"(83) 6517-3161","id":{"name":"CPF","value":"962.015.101-04"},"picture":{"large":"https://randomuser.me/api/portraits/men/26.jpg","medium":"https://randomuser.me/api/portraits/med/men/26.jpg","thumbnail":"https://randomuser.me/api/portraits/thumb/men/26.jpg"},"nat":"BR"}],"info":{"seed":"7424e6fa0bcde1a3","results":1,"page":1,"version":"1.4"}} 
 </msg>
<msg time="2024-06-10T16:19:08.216184" level="INFO">/opt/hostedtoolcache/Python/3.12.3/x64/lib/python3.12/site-packages/urllib3/connectionpool.py:1103: InsecureRequestWarning: Unverified HTTPS request is being made to host 'randomuser.me'. Adding certificate verification is strongly advised. See: https://urllib3.readthedocs.io/en/latest/advanced-usage.html#tls-warnings
  warnings.warn(</msg>
<msg time="2024-06-10T16:19:08.216301" level="INFO">${response} = &lt;Response [200]&gt;</msg>
<var>${response}</var>
<arg>consultarAPI</arg>
<arg>/api</arg>
<doc>Sends a GET request on a previously created HTTP Session.</doc>
<status status="PASS" start="2024-06-10T16:19:08.134540" elapsed="0.081810"/>
</kw>
<kw name="Set Variable" owner="BuiltIn">
<msg time="2024-06-10T16:19:08.217449" level="INFO">${json_data} = {'results': [{'gender': 'male', 'name': {'title': 'Mr', 'first': 'Rolando', 'last': 'Silva'}, 'location': {'street': {'number': 7159, 'name': 'Rua Castro Alves '}, 'city': 'Cariacica', 'state': 'São P...</msg>
<var>${json_data}</var>
<arg>${response.json()}</arg>
<doc>Returns the given values which can then be assigned to a variables.</doc>
<status status="PASS" start="2024-06-10T16:19:08.216831" elapsed="0.000647"/>
</kw>
<kw name="Log" owner="BuiltIn">
<msg time="2024-06-10T16:19:08.217955" level="INFO">{'results': [{'gender': 'male', 'name': {'title': 'Mr', 'first': 'Rolando', 'last': 'Silva'}, 'location': {'street': {'number': 7159, 'name': 'Rua Castro Alves '}, 'city': 'Cariacica', 'state': 'São Paulo', 'country': 'Brazil', 'postcode': 15176, 'coordinates': {'latitude': '-80.4716', 'longitude': '-98.5267'}, 'timezone': {'offset': '+2:00', 'description': 'Kaliningrad, South Africa'}}, 'email': 'rolando.silva@example.com', 'login': {'uuid': 'de8b23f0-a7be-4a3d-bf66-70743d4d9392', 'username': 'happygoose540', 'password': 'weston', 'salt': 'OBQ5PpZE', 'md5': '0e98dadb2f7aaad86fe6da930ed43c22', 'sha1': 'cf2a1f03db340390daf991dfdc910f5d56159fe3', 'sha256': '68c785f881b50d8529627831c2db1502b13d4a65c392fe0442b5d3ec635ff0a9'}, 'dob': {'date': '1944-10-23T06:10:09.642Z', 'age': 79}, 'registered': {'date': '2011-06-07T10:26:02.166Z', 'age': 13}, 'phone': '(28) 3862-6114', 'cell': '(83) 6517-3161', 'id': {'name': 'CPF', 'value': '962.015.101-04'}, 'picture': {'large': 'https://randomuser.me/api/portraits/men/26.jpg', 'medium': 'https://randomuser.me/api/portraits/med/men/26.jpg', 'thumbnail': 'https://randomuser.me/api/portraits/thumb/men/26.jpg'}, 'nat': 'BR'}], 'info': {'seed': '7424e6fa0bcde1a3', 'results': 1, 'page': 1, 'version': '1.4'}}</msg>
<arg>${json_data}</arg>
<doc>Logs the given message with the given level.</doc>
<status status="PASS" start="2024-06-10T16:19:08.217791" elapsed="0.000242"/>
</kw>
<kw name="Should Be String" owner="String">
<arg>${json_data['results'][0]['gender']}</arg>
<doc>Fails if the given ``item`` is not a string.</doc>
<status status="PASS" start="2024-06-10T16:19:08.218332" elapsed="0.000365"/>
</kw>
<kw name="Should Match Regexp" owner="BuiltIn">
<arg>${json_data['results'][0]['email']}</arg>
<arg>^[a-zA-Z0-9._%+-]+@[a-zA-Z0-9.-]+\.[a-zA-Z]{2,}$</arg>
<doc>Fails if ``string`` does not match ``pattern`` as a regular expression.</doc>
<status status="PASS" start="2024-06-10T16:19:08.218886" elapsed="0.000625"/>
</kw>
<kw name="Should Match Regexp" owner="BuiltIn">
<arg>${json_data['results'][0]['dob']['date']}</arg>
<arg>\\d{4}-\\d{2}-\\d{2}T\\d{2}:\\d{2}:\\d{2}\\.\\d{3}Z</arg>
<doc>Fails if ``string`` does not match ``pattern`` as a regular expression.</doc>
<status status="PASS" start="2024-06-10T16:19:08.219709" elapsed="0.000490"/>
</kw>
<kw name="Should Match Regexp" owner="BuiltIn">
<arg>${json_data['results'][0]['registered']['date']}</arg>
<arg>\\d{4}-\\d{2}-\\d{2}T\\d{2}:\\d{2}:\\d{2}\\.\\d{3}Z</arg>
<doc>Fails if ``string`` does not match ``pattern`` as a regular expression.</doc>
<status status="PASS" start="2024-06-10T16:19:08.220393" elapsed="0.000363"/>
</kw>
<kw name="Should Match Regexp" owner="BuiltIn">
<arg>${json_data['results'][0]['picture']['large']}</arg>
<arg>^https?://.*\.(?:png|jpe?g|gif|bmp)$</arg>
<doc>Fails if ``string`` does not match ``pattern`` as a regular expression.</doc>
<status status="PASS" start="2024-06-10T16:19:08.220944" elapsed="0.000505"/>
</kw>
<kw name="Should Match Regexp" owner="BuiltIn">
<arg>${json_data['results'][0]['picture']['medium']}</arg>
<arg>^https?://.*\.(?:png|jpe?g|gif|bmp)$</arg>
<doc>Fails if ``string`` does not match ``pattern`` as a regular expression.</doc>
<status status="PASS" start="2024-06-10T16:19:08.221639" elapsed="0.000351"/>
</kw>
<kw name="Should Match Regexp" owner="BuiltIn">
<arg>${json_data['results'][0]['picture']['thumbnail']}</arg>
<arg>^https?://.*\.(?:png|jpe?g|gif|bmp)$</arg>
<doc>Fails if ``string`` does not match ``pattern`` as a regular expression.</doc>
<status status="PASS" start="2024-06-10T16:19:08.222177" elapsed="0.000351"/>
</kw>
<kw name="Log" owner="BuiltIn">
<msg time="2024-06-10T16:19:08.223030" level="INFO">{'large': 'https://randomuser.me/api/portraits/men/26.jpg', 'medium': 'https://randomuser.me/api/portraits/med/men/26.jpg', 'thumbnail': 'https://randomuser.me/api/portraits/thumb/men/26.jpg'}</msg>
<arg>${json_data['results'][0]['picture']}</arg>
<doc>Logs the given message with the given level.</doc>
<status status="PASS" start="2024-06-10T16:19:08.222710" elapsed="0.000361"/>
</kw>
<status status="PASS" start="2024-06-10T16:19:08.134307" elapsed="0.089018"/>
</kw>
<kw name="Teste de Tipos de Dados - Postcode" owner="random-user-service">
<kw name="GET On Session" owner="RequestsLibrary">
<msg time="2024-06-10T16:19:08.324351" level="INFO">GET Request : url=https://randomuser.me/api 
 path_url=/api 
 headers={'User-Agent': 'python-requests/2.32.3', 'Accept-Encoding': 'gzip, deflate', 'Accept': '*/*', 'Connection': 'keep-alive'} 
 body=None 
 </msg>
<msg time="2024-06-10T16:19:08.324440" level="INFO">GET Response : url=https://randomuser.me/api 
 status=200, reason=OK 
 headers={'Date': 'Mon, 10 Jun 2024 16:19:08 GMT', 'Content-Type': 'application/json; charset=utf-8', 'Transfer-Encoding': 'chunked', 'Connection': 'keep-alive', 'X-Powered-By': 'Express', 'Access-Control-Allow-Origin': '*', 'Cache-Control': 'no-cache', 'ETag': 'W/"49c-d+upLpQGJ9XBTDYyqUIsCJHg51c"', 'Vary': 'Accept-Encoding', 'Content-Encoding': 'gzip', 'CF-Cache-Status': 'DYNAMIC', 'Report-To': '{"endpoints":[{"url":"https:\\/\\/a.nel.cloudflare.com\\/report\\/v4?s=tW4y5IN%2F8SUd9qulphi06IRdDHaKFo1%2Fan2XLpts%2FZlboQC5ZHte6VaEGukRO6e5nTpopZ8x2oc7ng1dHsxUj%2FIXpEvmAbCs%2FPuRN9B4g5%2FFymxnsml47%2BoEf0BOzLb4"}],"group":"cf-nel","max_age":604800}', 'NEL': '{"success_fraction":0,"report_to":"cf-nel","max_age":604800}', 'Server': 'cloudflare', 'CF-RAY': '891aae68690b5a1b-IAD', 'alt-svc': 'h3=":443"; ma=86400'} 
 body={"results":[{"gender":"male","name":{"title":"Mr","first":"Onisiy","last":"Babarichenko"},"location":{"street":{"number":4371,"name":"Volodimira Gromnickogo"},"city":"Molochansk","state":"Kirovogradska","country":"Ukraine","postcode":60501,"coordinates":{"latitude":"75.8706","longitude":"-94.2336"},"timezone":{"offset":"-1:00","description":"Azores, Cape Verde Islands"}},"email":"onisiy.babarichenko@example.com","login":{"uuid":"00664878-9873-424c-a91a-76c8afad5d3d","username":"beautifulostrich500","password":"monkey","salt":"KGDnksVQ","md5":"10ba6b9233f2f1a83887cc5ff6a7e810","sha1":"58f8aa2d515738b4d33311efc520b16cf1c6022c","sha256":"633f181c14d82335b5e4c9bdf7fd3f88fcaf83110b723ecd3d34029ed5a3f0bc"},"dob":{"date":"1967-08-22T17:43:42.273Z","age":56},"registered":{"date":"2018-01-01T15:58:57.011Z","age":6},"phone":"(097) Y68-3828","cell":"(099) F65-7228","id":{"name":"","value":null},"picture":{"large":"https://randomuser.me/api/portraits/men/55.jpg","medium":"https://randomuser.me/api/portraits/med/men/55.jpg","thumbnail":"https://randomuser.me/api/portraits/thumb/men/55.jpg"},"nat":"UA"}],"info":{"seed":"61dbb56e35210036","results":1,"page":1,"version":"1.4"}} 
 </msg>
<msg time="2024-06-10T16:19:08.324517" level="INFO">/opt/hostedtoolcache/Python/3.12.3/x64/lib/python3.12/site-packages/urllib3/connectionpool.py:1103: InsecureRequestWarning: Unverified HTTPS request is being made to host 'randomuser.me'. Adding certificate verification is strongly advised. See: https://urllib3.readthedocs.io/en/latest/advanced-usage.html#tls-warnings
  warnings.warn(</msg>
<msg time="2024-06-10T16:19:08.324664" level="INFO">${response} = &lt;Response [200]&gt;</msg>
<var>${response}</var>
<arg>consultarAPI</arg>
<arg>/api</arg>
<doc>Sends a GET request on a previously created HTTP Session.</doc>
<status status="PASS" start="2024-06-10T16:19:08.223756" elapsed="0.100960"/>
</kw>
<kw name="Set Variable" owner="BuiltIn">
<msg time="2024-06-10T16:19:08.325848" level="INFO">${json_data} = {'results': [{'gender': 'male', 'name': {'title': 'Mr', 'first': 'Onisiy', 'last': 'Babarichenko'}, 'location': {'street': {'number': 4371, 'name': 'Volodimira Gromnickogo'}, 'city': 'Molochansk', 'st...</msg>
<var>${json_data}</var>
<arg>${response.json()}</arg>
<doc>Returns the given values which can then be assigned to a variables.</doc>
<status status="PASS" start="2024-06-10T16:19:08.325253" elapsed="0.000625"/>
</kw>
<kw name="Log" owner="BuiltIn">
<msg time="2024-06-10T16:19:08.326352" level="INFO">{'results': [{'gender': 'male', 'name': {'title': 'Mr', 'first': 'Onisiy', 'last': 'Babarichenko'}, 'location': {'street': {'number': 4371, 'name': 'Volodimira Gromnickogo'}, 'city': 'Molochansk', 'state': 'Kirovogradska', 'country': 'Ukraine', 'postcode': 60501, 'coordinates': {'latitude': '75.8706', 'longitude': '-94.2336'}, 'timezone': {'offset': '-1:00', 'description': 'Azores, Cape Verde Islands'}}, 'email': 'onisiy.babarichenko@example.com', 'login': {'uuid': '00664878-9873-424c-a91a-76c8afad5d3d', 'username': 'beautifulostrich500', 'password': 'monkey', 'salt': 'KGDnksVQ', 'md5': '10ba6b9233f2f1a83887cc5ff6a7e810', 'sha1': '58f8aa2d515738b4d33311efc520b16cf1c6022c', 'sha256': '633f181c14d82335b5e4c9bdf7fd3f88fcaf83110b723ecd3d34029ed5a3f0bc'}, 'dob': {'date': '1967-08-22T17:43:42.273Z', 'age': 56}, 'registered': {'date': '2018-01-01T15:58:57.011Z', 'age': 6}, 'phone': '(097) Y68-3828', 'cell': '(099) F65-7228', 'id': {'name': '', 'value': None}, 'picture': {'large': 'https://randomuser.me/api/portraits/men/55.jpg', 'medium': 'https://randomuser.me/api/portraits/med/men/55.jpg', 'thumbnail': 'https://randomuser.me/api/portraits/thumb/men/55.jpg'}, 'nat': 'UA'}], 'info': {'seed': '61dbb56e35210036', 'results': 1, 'page': 1, 'version': '1.4'}}</msg>
<arg>${json_data}</arg>
<doc>Logs the given message with the given level.</doc>
<status status="PASS" start="2024-06-10T16:19:08.326196" elapsed="0.000239"/>
</kw>
<kw name="Should Be Equal As Numbers" owner="BuiltIn">
<arg>${json_data['results'][0]['location']['postcode']}</arg>
<arg>${json_data['results'][0]['location']['postcode']}</arg>
<doc>Fails if objects are unequal after converting them to real numbers.</doc>
<status status="PASS" start="2024-06-10T16:19:08.326740" elapsed="0.000648"/>
</kw>
<kw name="Log" owner="BuiltIn">
<msg time="2024-06-10T16:19:08.327914" level="INFO">60501</msg>
<arg>${json_data['results'][0]['location']['postcode']}</arg>
<doc>Logs the given message with the given level.</doc>
<status status="PASS" start="2024-06-10T16:19:08.327581" elapsed="0.000373"/>
</kw>
<status status="PASS" start="2024-06-10T16:19:08.223538" elapsed="0.104667"/>
</kw>
<doc>Testa se os tipos de dados na resposta da API estão corretos.</doc>
<tag>testeTiposDados</tag>
<status status="PASS" start="2024-06-10T16:19:08.133848" elapsed="0.194525"/>
</test>
<test id="s1-s1-t5" name="Validar conteudo" line="35">
<kw name="Teste de Tipos de Conteudo" owner="random-user-service">
<kw name="GET On Session" owner="RequestsLibrary">
<msg time="2024-06-10T16:19:08.409645" level="INFO">GET Request : url=https://randomuser.me/api 
 path_url=/api 
 headers={'User-Agent': 'python-requests/2.32.3', 'Accept-Encoding': 'gzip, deflate', 'Accept': '*/*', 'Connection': 'keep-alive'} 
 body=None 
 </msg>
<msg time="2024-06-10T16:19:08.409722" level="INFO">GET Response : url=https://randomuser.me/api 
 status=200, reason=OK 
 headers={'Date': 'Mon, 10 Jun 2024 16:19:08 GMT', 'Content-Type': 'application/json; charset=utf-8', 'Transfer-Encoding': 'chunked', 'Connection': 'keep-alive', 'X-Powered-By': 'Express', 'Access-Control-Allow-Origin': '*', 'Cache-Control': 'no-cache', 'ETag': 'W/"474-SnQolzOE02Ax+llgiOgsRxM3U8A"', 'Vary': 'Accept-Encoding', 'Content-Encoding': 'gzip', 'CF-Cache-Status': 'DYNAMIC', 'Report-To': '{"endpoints":[{"url":"https:\\/\\/a.nel.cloudflare.com\\/report\\/v4?s=5tH92950sdph2QKBdt9Pc8UdeoL2cre2Gck%2BFUvbMIjpkpyrcKJDsBXw2Qk0deyzSC6eV8KcTEC35aN7TQuucVo5q4x%2BhVYewcJake2aFi2QHd3P6hU4RyrDE8MgJkwc"}],"group":"cf-nel","max_age":604800}', 'NEL': '{"success_fraction":0,"report_to":"cf-nel","max_age":604800}', 'Server': 'cloudflare', 'CF-RAY': '891aae6919b15a1b-IAD', 'alt-svc': 'h3=":443"; ma=86400'} 
 body={"results":[{"gender":"female","name":{"title":"Mrs","first":"Natalia","last":"Calvo"},"location":{"street":{"number":4762,"name":"Calle del Barquillo"},"city":"Parla","state":"Melilla","country":"Spain","postcode":14216,"coordinates":{"latitude":"-30.2705","longitude":"160.8310"},"timezone":{"offset":"+4:30","description":"Kabul"}},"email":"natalia.calvo@example.com","login":{"uuid":"b16a7cad-0569-4511-91dc-5b064263c000","username":"smallfrog756","password":"sticks","salt":"xyLugfhg","md5":"25084a02d8ff545f64a983e4dc1b7de7","sha1":"b71eb93e444badcc53dcfe78c2d34b95a2eb4298","sha256":"22f35f3713b241e06b185f110f885b7cb6a446b844f39b52e89ae612b6794800"},"dob":{"date":"1945-07-16T13:13:48.976Z","age":78},"registered":{"date":"2009-11-16T12:04:18.961Z","age":14},"phone":"913-280-005","cell":"646-356-757","id":{"name":"DNI","value":"80859703-M"},"picture":{"large":"https://randomuser.me/api/portraits/women/24.jpg","medium":"https://randomuser.me/api/portraits/med/women/24.jpg","thumbnail":"https://randomuser.me/api/portraits/thumb/women/24.jpg"},"nat":"ES"}],"info":{"seed":"0f4ae2c212ed6bbe","results":1,"page":1,"version":"1.4"}} 
 </msg>
<msg time="2024-06-10T16:19:08.409789" level="INFO">/opt/hostedtoolcache/Python/3.12.3/x64/lib/python3.12/site-packages/urllib3/connectionpool.py:1103: InsecureRequestWarning: Unverified HTTPS request is being made to host 'randomuser.me'. Adding certificate verification is strongly advised. See: https://urllib3.readthedocs.io/en/latest/advanced-usage.html#tls-warnings
  warnings.warn(</msg>
<msg time="2024-06-10T16:19:08.409913" level="INFO">${response} = &lt;Response [200]&gt;</msg>
<var>${response}</var>
<arg>consultarAPI</arg>
<arg>/api</arg>
<doc>Sends a GET request on a previously created HTTP Session.</doc>
<status status="PASS" start="2024-06-10T16:19:08.330947" elapsed="0.079007"/>
</kw>
<kw name="Set Variable" owner="BuiltIn">
<msg time="2024-06-10T16:19:08.410992" level="INFO">${json_data} = {'results': [{'gender': 'female', 'name': {'title': 'Mrs', 'first': 'Natalia', 'last': 'Calvo'}, 'location': {'street': {'number': 4762, 'name': 'Calle del Barquillo'}, 'city': 'Parla', 'state': 'Meli...</msg>
<var>${json_data}</var>
<arg>${response.json()}</arg>
<doc>Returns the given values which can then be assigned to a variables.</doc>
<status status="PASS" start="2024-06-10T16:19:08.410411" elapsed="0.000610"/>
</kw>
<kw name="Set Variable" owner="BuiltIn">
<msg time="2024-06-10T16:19:08.411701" level="INFO">${name_title} = Mrs</msg>
<var>${name_title}</var>
<arg>${json_data["results"][0]["name"]["title"]}</arg>
<doc>Returns the given values which can then be assigned to a variables.</doc>
<status status="PASS" start="2024-06-10T16:19:08.411324" elapsed="0.000403"/>
</kw>
<kw name="Create List" owner="BuiltIn">
<msg time="2024-06-10T16:19:08.412171" level="INFO">${allowed_titles} = ['Mr', 'Ms', 'Miss', 'Mrs', 'Madame', 'Monsieur']</msg>
<var>${allowed_titles}</var>
<arg>Mr</arg>
<arg>Ms</arg>
<arg>Miss</arg>
<arg>Mrs</arg>
<arg>Madame</arg>
<arg>Monsieur</arg>
<doc>Returns a list containing given items.</doc>
<status status="PASS" start="2024-06-10T16:19:08.412023" elapsed="0.000172"/>
</kw>
<kw name="List Should Contain Value" owner="Collections">
<msg time="2024-06-10T16:19:08.412671" level="INFO">False</msg>
<arg>${allowed_titles}</arg>
<arg>${name_title}</arg>
<doc>Fails if the ``value`` is not found from ``list``.</doc>
<status status="PASS" start="2024-06-10T16:19:08.412499" elapsed="0.000208"/>
</kw>
<kw name="Set Variable" owner="BuiltIn">
<msg time="2024-06-10T16:19:08.413571" level="INFO">${name_country} = ES</msg>
<var>${name_country}</var>
<arg>${json_data["results"][0]["nat"]}</arg>
<doc>Returns the given values which can then be assigned to a variables.</doc>
<status status="PASS" start="2024-06-10T16:19:08.413021" elapsed="0.000576"/>
</kw>
<kw name="Create List" owner="BuiltIn">
<msg time="2024-06-10T16:19:08.414507" level="INFO">${list_country} = ['AD', 'AE', 'AF', 'AG', 'AI', 'AL', 'AM', 'AO', 'AQ', 'AR', 'AS', 'AT', 'AU', 'AW', 'AX', 'AZ', 'BA', 'BB', 'BD', 'BE', 'BF', 'BG', 'BH', 'BI', 'BJ', 'BL', 'BM', 'BN', 'BO', 'BQ', 'BR', 'BS', 'BT', '...</msg>
<var>${list_country}</var>
<arg>AD</arg>
<arg>AE</arg>
<arg>AF</arg>
<arg>AG</arg>
<arg>AI</arg>
<arg>AL</arg>
<arg>AM</arg>
<arg>AO</arg>
<arg>AQ</arg>
<arg>AR</arg>
<arg>AS</arg>
<arg>AT</arg>
<arg>AU</arg>
<arg>AW</arg>
<arg>AX</arg>
<arg>AZ</arg>
<arg>BA</arg>
<arg>BB</arg>
<arg>BD</arg>
<arg>BE</arg>
<arg>BF</arg>
<arg>BG</arg>
<arg>BH</arg>
<arg>BI</arg>
<arg>BJ</arg>
<arg>BL</arg>
<arg>BM</arg>
<arg>BN</arg>
<arg>BO</arg>
<arg>BQ</arg>
<arg>BR</arg>
<arg>BS</arg>
<arg>BT</arg>
<arg>BV</arg>
<arg>BW</arg>
<arg>BY</arg>
<arg>BZ</arg>
<arg>CA</arg>
<arg>CC</arg>
<arg>CD</arg>
<arg>CF</arg>
<arg>CG</arg>
<arg>CH</arg>
<arg>CI</arg>
<arg>CK</arg>
<arg>CL</arg>
<arg>CM</arg>
<arg>CN</arg>
<arg>CO</arg>
<arg>CR</arg>
<arg>CU</arg>
<arg>CV</arg>
<arg>CW</arg>
<arg>CX</arg>
<arg>CY</arg>
<arg>CZ</arg>
<arg>DE</arg>
<arg>DJ</arg>
<arg>DK</arg>
<arg>DM</arg>
<arg>DO</arg>
<arg>DZ</arg>
<arg>EC</arg>
<arg>EE</arg>
<arg>EG</arg>
<arg>EH</arg>
<arg>ER</arg>
<arg>ES</arg>
<arg>ET</arg>
<arg>FI</arg>
<arg>FJ</arg>
<arg>FK</arg>
<arg>FM</arg>
<arg>FO</arg>
<arg>FR</arg>
<arg>GA</arg>
<arg>GB</arg>
<arg>GD</arg>
<arg>GE</arg>
<arg>GF</arg>
<arg>GG</arg>
<arg>GH</arg>
<arg>GI</arg>
<arg>GL</arg>
<arg>GM</arg>
<arg>GN</arg>
<arg>GP</arg>
<arg>GQ</arg>
<arg>GR</arg>
<arg>GS</arg>
<arg>GT</arg>
<arg>GU</arg>
<arg>GW</arg>
<arg>GY</arg>
<arg>HK</arg>
<arg>HM</arg>
<arg>HN</arg>
<arg>HR</arg>
<arg>HT</arg>
<arg>HU</arg>
<arg>ID</arg>
<arg>IE</arg>
<arg>IL</arg>
<arg>IM</arg>
<arg>IN</arg>
<arg>IO</arg>
<arg>IQ</arg>
<arg>IR</arg>
<arg>IS</arg>
<arg>IT</arg>
<arg>JE</arg>
<arg>JM</arg>
<arg>JO</arg>
<arg>JP</arg>
<arg>KE</arg>
<arg>KG</arg>
<arg>KH</arg>
<arg>KI</arg>
<arg>KM</arg>
<arg>KN</arg>
<arg>KP</arg>
<arg>KR</arg>
<arg>KW</arg>
<arg>KY</arg>
<arg>KZ</arg>
<arg>LA</arg>
<arg>LB</arg>
<arg>LC</arg>
<arg>LI</arg>
<arg>LK</arg>
<arg>LR</arg>
<arg>LS</arg>
<arg>LT</arg>
<arg>LU</arg>
<arg>LV</arg>
<arg>LY</arg>
<arg>MA</arg>
<arg>MC</arg>
<arg>MD</arg>
<arg>ME</arg>
<arg>MF</arg>
<arg>MG</arg>
<arg>MH</arg>
<arg>MK</arg>
<arg>ML</arg>
<arg>MM</arg>
<arg>MN</arg>
<arg>MO</arg>
<arg>MP</arg>
<arg>MQ</arg>
<arg>MR</arg>
<arg>MS</arg>
<arg>MT</arg>
<arg>MU</arg>
<arg>MV</arg>
<arg>MW</arg>
<arg>MX</arg>
<arg>MY</arg>
<arg>MZ</arg>
<arg>NA</arg>
<arg>NC</arg>
<arg>NE</arg>
<arg>NF</arg>
<arg>NG</arg>
<arg>NI</arg>
<arg>NL</arg>
<arg>NO</arg>
<arg>NP</arg>
<arg>NR</arg>
<arg>NU</arg>
<arg>NZ</arg>
<arg>OM</arg>
<arg>PA</arg>
<arg>PE</arg>
<arg>PF</arg>
<arg>PG</arg>
<arg>PH</arg>
<arg>PK</arg>
<arg>PL</arg>
<arg>PM</arg>
<arg>PN</arg>
<arg>PR</arg>
<arg>PS</arg>
<arg>PT</arg>
<arg>PW</arg>
<arg>PY</arg>
<arg>QA</arg>
<arg>RE</arg>
<arg>RO</arg>
<arg>RS</arg>
<arg>RU</arg>
<arg>RW</arg>
<arg>SA</arg>
<arg>SB</arg>
<arg>SC</arg>
<arg>SD</arg>
<arg>SE</arg>
<arg>SG</arg>
<arg>SH</arg>
<arg>SI</arg>
<arg>SJ</arg>
<arg>SK</arg>
<arg>SL</arg>
<arg>SM</arg>
<arg>SN</arg>
<arg>SO</arg>
<arg>SR</arg>
<arg>SS</arg>
<arg>ST</arg>
<arg>SV</arg>
<arg>SX</arg>
<arg>SY</arg>
<arg>SZ</arg>
<arg>TC</arg>
<arg>TD</arg>
<arg>TF</arg>
<arg>TG</arg>
<arg>TH</arg>
<arg>TJ</arg>
<arg>TK</arg>
<arg>TL</arg>
<arg>TM</arg>
<arg>TN</arg>
<arg>TO</arg>
<arg>TR</arg>
<arg>TT</arg>
<arg>TV</arg>
<arg>TW</arg>
<arg>TZ</arg>
<arg>UA</arg>
<arg>UG</arg>
<arg>UM</arg>
<arg>US</arg>
<arg>UY</arg>
<arg>UZ</arg>
<arg>VA</arg>
<arg>VC</arg>
<arg>VE</arg>
<arg>VG</arg>
<arg>VI</arg>
<arg>VN</arg>
<arg>VU</arg>
<arg>WF</arg>
<arg>WS</arg>
<arg>XK</arg>
<arg>YE</arg>
<arg>YT</arg>
<arg>ZA</arg>
<arg>ZM</arg>
<arg>ZW</arg>
<doc>Returns a list containing given items.</doc>
<status status="PASS" start="2024-06-10T16:19:08.413908" elapsed="0.000624"/>
</kw>
<kw name="List Should Contain Value" owner="Collections">
<msg time="2024-06-10T16:19:08.415515" level="INFO">False</msg>
<arg>${list_country}</arg>
<arg>${name_country}</arg>
<doc>Fails if the ``value`` is not found from ``list``.</doc>
<status status="PASS" start="2024-06-10T16:19:08.415314" elapsed="0.000237"/>
</kw>
<kw name="Run Keyword If" owner="BuiltIn">
<kw name="Should Be True" owner="BuiltIn">
<arg>${True}</arg>
<doc>Fails if the given condition is not true.</doc>
<status status="PASS" start="2024-06-10T16:19:08.416614" elapsed="0.000146"/>
</kw>
<arg>${json_data["results"][0]["location"]["coordinates"]["latitude"]} &gt;= -90 and ${json_data["results"][0]["location"]["coordinates"]["latitude"]} &lt;= 90</arg>
<arg>Should Be True</arg>
<arg>${True}</arg>
<doc>Runs the given keyword with the given arguments, if ``condition`` is true.</doc>
<status status="PASS" start="2024-06-10T16:19:08.415863" elapsed="0.001023"/>
</kw>
<kw name="Run Keyword If" owner="BuiltIn">
<kw name="Should Be True" owner="BuiltIn">
<arg>${True}</arg>
<doc>Fails if the given condition is not true.</doc>
<status status="PASS" start="2024-06-10T16:19:08.417827" elapsed="0.000140"/>
</kw>
<arg>${json_data["results"][0]["location"]["coordinates"]["longitude"]} &gt;= -180 and ${json_data["results"][0]["location"]["coordinates"]["longitude"]} &lt;= 180</arg>
<arg>Should Be True</arg>
<arg>${True}</arg>
<doc>Runs the given keyword with the given arguments, if ``condition`` is true.</doc>
<status status="PASS" start="2024-06-10T16:19:08.417088" elapsed="0.001002"/>
</kw>
<status status="PASS" start="2024-06-10T16:19:08.330712" elapsed="0.087504"/>
</kw>
<doc>Testa o conteúdo específico dos campos retornados pela API.</doc>
<tag>testeConteudo</tag>
<status status="PASS" start="2024-06-10T16:19:08.330177" elapsed="0.088189"/>
</test>
<status status="PASS" start="2024-06-10T16:19:07.576945" elapsed="0.843346"/>
</suite>
<status status="PASS" start="2024-06-10T16:19:07.563437" elapsed="0.862095"/>
</suite>
<statistics>
<total>
<stat pass="5" fail="0" skip="0">All Tests</stat>
</total>
<tag>
<stat pass="1" fail="0" skip="0">testeConteudo</stat>
<stat pass="1" fail="0" skip="0">testeEstruturaResposta</stat>
<stat pass="1" fail="0" skip="0">testeRequisicaoBasica</stat>
<stat pass="1" fail="0" skip="0">testeTiposDados</stat>
</tag>
<suite>
<stat pass="5" fail="0" skip="0" id="s1" name="Tests">Tests</stat>
<stat pass="5" fail="0" skip="0" id="s1-s1" name="Random-User-Test">Tests.Random-User-Test</stat>
</suite>
</statistics>
<errors>
</errors>
</robot>
