<?xml version="1.0" encoding="UTF-8"?>
<robot generator="Robot 7.0.1 (Python 3.12.4 on linux)" generated="2024-06-23T14:12:55.570170" rpa="false" schemaversion="5">
<suite id="s1" name="Tests" source="/home/runner/work/ApiRandomUser/ApiRandomUser/RamdonUser/tests">
<suite id="s1-s1" name="Random-User-Test" source="/home/runner/work/ApiRandomUser/ApiRandomUser/RamdonUser/tests/random-user-test.robot">
<test id="s1-s1-t1" name="Conectar" line="13">
<kw name="Conectar API" owner="random-user-service">
<kw name="Create Session" owner="RequestsLibrary">
<msg time="2024-06-23T14:12:56.020135" level="INFO">Creating Session using : alias=consultarAPI, url=https://randomuser.me/, headers={},                     cookies={}, auth=None, timeout=None, proxies=None, verify=False,                     debug=0 </msg>
<arg>consultarAPI</arg>
<arg>${URL}</arg>
<doc>Create Session: create a HTTP session to a server</doc>
<status status="PASS" start="2024-06-23T14:12:56.019930" elapsed="0.000409"/>
</kw>
<status status="PASS" start="2024-06-23T14:12:56.018939" elapsed="0.001804"/>
</kw>
<status status="PASS" start="2024-06-23T14:12:56.018274" elapsed="0.002662"/>
</test>
<test id="s1-s1-t2" name="Validar retorno 200 e JSON Válido" line="16">
<kw name="Teste de Requisicao Basica" owner="random-user-service">
<kw name="GET On Session" owner="RequestsLibrary">
<msg time="2024-06-23T14:12:56.142935" level="INFO">GET Request : url=https://randomuser.me/api 
 path_url=/api 
 headers={'User-Agent': 'python-requests/2.32.3', 'Accept-Encoding': 'gzip, deflate', 'Accept': '*/*', 'Connection': 'keep-alive'} 
 body=None 
 </msg>
<msg time="2024-06-23T14:12:56.143098" level="INFO">GET Response : url=https://randomuser.me/api 
 status=200, reason=OK 
 headers={'Date': 'Sun, 23 Jun 2024 14:12:56 GMT', 'Content-Type': 'application/json; charset=utf-8', 'Transfer-Encoding': 'chunked', 'Connection': 'keep-alive', 'X-Powered-By': 'Express', 'Access-Control-Allow-Origin': '*', 'Cache-Control': 'no-cache', 'ETag': 'W/"495-ktvmQ8sAogwsEzKh5nGErE97xkw"', 'Vary': 'Accept-Encoding', 'Content-Encoding': 'gzip', 'CF-Cache-Status': 'DYNAMIC', 'Report-To': '{"endpoints":[{"url":"https:\\/\\/a.nel.cloudflare.com\\/report\\/v4?s=E%2Bx%2Buq1Shy1zIFzRtjqNYgqXvfaQEQJ1hm8SNJodFV%2Bj1L8tFslPF70qtTselah3aW3%2BTaYsj3DgJRagcnlXw6K0TMv25MEwlV4ksMFtfSIsJ3uYwSAEbtjAS6hate8V"}],"group":"cf-nel","max_age":604800}', 'NEL': '{"success_fraction":0,"report_to":"cf-nel","max_age":604800}', 'Server': 'cloudflare', 'CF-RAY': '8985136a592cd01d-SJC', 'alt-svc': 'h3=":443"; ma=86400'} 
 body={"results":[{"gender":"male","name":{"title":"Mr","first":"Clarence","last":"Oliver"},"location":{"street":{"number":3025,"name":"N Stelling Rd"},"city":"Tweed","state":"Tasmania","country":"Australia","postcode":6817,"coordinates":{"latitude":"-85.2975","longitude":"-79.6732"},"timezone":{"offset":"0:00","description":"Western Europe Time, London, Lisbon, Casablanca"}},"email":"clarence.oliver@example.com","login":{"uuid":"2a748eac-1e77-42ff-93a0-bbbd6c2a14cc","username":"redbear756","password":"christa","salt":"h4EBk97f","md5":"0d4f62167bc7702124beadc3bdf51d51","sha1":"af401ceaccbcbefcee60655fbd2d12af4c2e6b20","sha256":"5f2b6e52d176a15ef43871937f5742ed2998db7544284c2bd128433b364fa5d3"},"dob":{"date":"1984-08-18T14:18:01.813Z","age":39},"registered":{"date":"2017-03-02T09:03:35.831Z","age":7},"phone":"04-7161-2785","cell":"0414-429-044","id":{"name":"TFN","value":"218813686"},"picture":{"large":"https://randomuser.me/api/portraits/men/84.jpg","medium":"https://randomuser.me/api/portraits/med/men/84.jpg","thumbnail":"https://randomuser.me/api/portraits/thumb/men/84.jpg"},"nat":"AU"}],"info":{"seed":"5ba65be549a8a806","results":1,"page":1,"version":"1.4"}} 
 </msg>
<msg time="2024-06-23T14:12:56.143186" level="INFO">/opt/hostedtoolcache/Python/3.12.4/x64/lib/python3.12/site-packages/urllib3/connectionpool.py:1099: InsecureRequestWarning: Unverified HTTPS request is being made to host 'randomuser.me'. Adding certificate verification is strongly advised. See: https://urllib3.readthedocs.io/en/latest/advanced-usage.html#tls-warnings
  warnings.warn(</msg>
<msg time="2024-06-23T14:12:56.143325" level="INFO">${response} = &lt;Response [200]&gt;</msg>
<var>${response}</var>
<arg>consultarAPI</arg>
<arg>/api</arg>
<doc>Sends a GET request on a previously created HTTP Session.</doc>
<status status="PASS" start="2024-06-23T14:12:56.023713" elapsed="0.119650"/>
</kw>
<kw name="Should Be Equal As Numbers" owner="BuiltIn">
<msg time="2024-06-23T14:12:56.144413" level="INFO">Argument types are:
&lt;class 'int'&gt;
&lt;class 'str'&gt;</msg>
<arg>${response.status_code}</arg>
<arg>200</arg>
<doc>Fails if objects are unequal after converting them to real numbers.</doc>
<status status="PASS" start="2024-06-23T14:12:56.143934" elapsed="0.000551"/>
</kw>
<kw name="Log" owner="BuiltIn">
<msg time="2024-06-23T14:12:56.145160" level="INFO">200</msg>
<arg>${response.status_code}</arg>
<doc>Logs the given message with the given level.</doc>
<status status="PASS" start="2024-06-23T14:12:56.144806" elapsed="0.000397"/>
</kw>
<kw name="Set Variable" owner="BuiltIn">
<msg time="2024-06-23T14:12:56.145946" level="INFO">${json_data} = {'results': [{'gender': 'male', 'name': {'title': 'Mr', 'first': 'Clarence', 'last': 'Oliver'}, 'location': {'street': {'number': 3025, 'name': 'N Stelling Rd'}, 'city': 'Tweed', 'state': 'Tasmania', ...</msg>
<var>${json_data}</var>
<arg>${response.json()}</arg>
<doc>Returns the given values which can then be assigned to a variables.</doc>
<status status="PASS" start="2024-06-23T14:12:56.145510" elapsed="0.000466"/>
</kw>
<kw name="Dictionary Should Contain Key" owner="Collections">
<arg>${json_data}</arg>
<arg>results</arg>
<doc>Fails if ``key`` is not found from ``dictionary``.</doc>
<status status="PASS" start="2024-06-23T14:12:56.146272" elapsed="0.000170"/>
</kw>
<status status="PASS" start="2024-06-23T14:12:56.023458" elapsed="0.123140"/>
</kw>
<doc>Testa se a API responde corretamente e retorna um objeto JSON válido.</doc>
<tag>testeRequisicaoBasica</tag>
<status status="PASS" start="2024-06-23T14:12:56.022885" elapsed="0.123950"/>
</test>
<test id="s1-s1-t3" name="Validar estrutura de resposta" line="22">
<kw name="Teste de Estrutura de Resposta" owner="random-user-service">
<kw name="GET On Session" owner="RequestsLibrary">
<msg time="2024-06-23T14:12:56.250502" level="INFO">GET Request : url=https://randomuser.me/api 
 path_url=/api 
 headers={'User-Agent': 'python-requests/2.32.3', 'Accept-Encoding': 'gzip, deflate', 'Accept': '*/*', 'Connection': 'keep-alive'} 
 body=None 
 </msg>
<msg time="2024-06-23T14:12:56.250606" level="INFO">GET Response : url=https://randomuser.me/api 
 status=200, reason=OK 
 headers={'Date': 'Sun, 23 Jun 2024 14:12:56 GMT', 'Content-Type': 'application/json; charset=utf-8', 'Transfer-Encoding': 'chunked', 'Connection': 'keep-alive', 'X-Powered-By': 'Express', 'Access-Control-Allow-Origin': '*', 'Cache-Control': 'no-cache', 'ETag': 'W/"488-KtM0bOmHnsGgS/AL3BD48j+sXf0"', 'Vary': 'Accept-Encoding', 'Content-Encoding': 'gzip', 'CF-Cache-Status': 'DYNAMIC', 'Report-To': '{"endpoints":[{"url":"https:\\/\\/a.nel.cloudflare.com\\/report\\/v4?s=PM5n6m%2BIGRfUfuPLtzx%2BwMD%2Bo%2FSrjUaKhUUNg%2F3nryDR0HwXQsUlEa0rLM2%2Be5au0noQkljHGoT8kPfboqpvtfjKNgQrboBwxEN4azKnOZATVZTD9Gfx2A8BtfkYTy2K"}],"group":"cf-nel","max_age":604800}', 'NEL': '{"success_fraction":0,"report_to":"cf-nel","max_age":604800}', 'Server': 'cloudflare', 'CF-RAY': '8985136af9bdd01d-SJC', 'alt-svc': 'h3=":443"; ma=86400'} 
 body={"results":[{"gender":"male","name":{"title":"Mr","first":"Vítor","last":"Campos"},"location":{"street":{"number":140,"name":"Rua Maranhão "},"city":"Campina Grande","state":"Mato Grosso do Sul","country":"Brazil","postcode":47317,"coordinates":{"latitude":"-76.7910","longitude":"-165.7863"},"timezone":{"offset":"-3:30","description":"Newfoundland"}},"email":"vitor.campos@example.com","login":{"uuid":"f1506266-43af-46e7-8037-13502633c62b","username":"blueladybug169","password":"1125","salt":"qnM0x5Br","md5":"b33303c30205a306ac03cb8bcd788042","sha1":"1a008a52e3f1259ee1bf3163e361f24b7e8bcf73","sha256":"81215af056987cfc5860400ed209c1006b6bc9608d73e0be64693668d4e8681c"},"dob":{"date":"1956-03-20T01:35:06.452Z","age":68},"registered":{"date":"2009-06-23T17:25:45.720Z","age":14},"phone":"(13) 2274-1771","cell":"(36) 6155-1019","id":{"name":"CPF","value":"632.821.755-40"},"picture":{"large":"https://randomuser.me/api/portraits/men/0.jpg","medium":"https://randomuser.me/api/portraits/med/men/0.jpg","thumbnail":"https://randomuser.me/api/portraits/thumb/men/0.jpg"},"nat":"BR"}],"info":{"seed":"d55a9d4bc2817e29","results":1,"page":1,"version":"1.4"}} 
 </msg>
<msg time="2024-06-23T14:12:56.250789" level="INFO">/opt/hostedtoolcache/Python/3.12.4/x64/lib/python3.12/site-packages/urllib3/connectionpool.py:1099: InsecureRequestWarning: Unverified HTTPS request is being made to host 'randomuser.me'. Adding certificate verification is strongly advised. See: https://urllib3.readthedocs.io/en/latest/advanced-usage.html#tls-warnings
  warnings.warn(</msg>
<msg time="2024-06-23T14:12:56.250919" level="INFO">${response} = &lt;Response [200]&gt;</msg>
<var>${response}</var>
<arg>consultarAPI</arg>
<arg>/api</arg>
<doc>Sends a GET request on a previously created HTTP Session.</doc>
<status status="PASS" start="2024-06-23T14:12:56.149421" elapsed="0.101527"/>
</kw>
<kw name="Set Variable" owner="BuiltIn">
<msg time="2024-06-23T14:12:56.252054" level="INFO">${json_data} = {'results': [{'gender': 'male', 'name': {'title': 'Mr', 'first': 'Vítor', 'last': 'Campos'}, 'location': {'street': {'number': 140, 'name': 'Rua Maranhão '}, 'city': 'Campina Grande', 'state': 'Mato G...</msg>
<var>${json_data}</var>
<arg>${response.json()}</arg>
<doc>Returns the given values which can then be assigned to a variables.</doc>
<status status="PASS" start="2024-06-23T14:12:56.251516" elapsed="0.000568"/>
</kw>
<kw name="Log" owner="BuiltIn">
<msg time="2024-06-23T14:12:56.252572" level="INFO">{'results': [{'gender': 'male', 'name': {'title': 'Mr', 'first': 'Vítor', 'last': 'Campos'}, 'location': {'street': {'number': 140, 'name': 'Rua Maranhão '}, 'city': 'Campina Grande', 'state': 'Mato Grosso do Sul', 'country': 'Brazil', 'postcode': 47317, 'coordinates': {'latitude': '-76.7910', 'longitude': '-165.7863'}, 'timezone': {'offset': '-3:30', 'description': 'Newfoundland'}}, 'email': 'vitor.campos@example.com', 'login': {'uuid': 'f1506266-43af-46e7-8037-13502633c62b', 'username': 'blueladybug169', 'password': '1125', 'salt': 'qnM0x5Br', 'md5': 'b33303c30205a306ac03cb8bcd788042', 'sha1': '1a008a52e3f1259ee1bf3163e361f24b7e8bcf73', 'sha256': '81215af056987cfc5860400ed209c1006b6bc9608d73e0be64693668d4e8681c'}, 'dob': {'date': '1956-03-20T01:35:06.452Z', 'age': 68}, 'registered': {'date': '2009-06-23T17:25:45.720Z', 'age': 14}, 'phone': '(13) 2274-1771', 'cell': '(36) 6155-1019', 'id': {'name': 'CPF', 'value': '632.821.755-40'}, 'picture': {'large': 'https://randomuser.me/api/portraits/men/0.jpg', 'medium': 'https://randomuser.me/api/portraits/med/men/0.jpg', 'thumbnail': 'https://randomuser.me/api/portraits/thumb/men/0.jpg'}, 'nat': 'BR'}], 'info': {'seed': 'd55a9d4bc2817e29', 'results': 1, 'page': 1, 'version': '1.4'}}</msg>
<arg>${json_data}</arg>
<doc>Logs the given message with the given level.</doc>
<status status="PASS" start="2024-06-23T14:12:56.252403" elapsed="0.000226"/>
</kw>
<kw name="Dictionary Should Contain Key" owner="Collections">
<arg>${json_data}</arg>
<arg>results</arg>
<doc>Fails if ``key`` is not found from ``dictionary``.</doc>
<status status="PASS" start="2024-06-23T14:12:56.252927" elapsed="0.000159"/>
</kw>
<kw name="Should Not Be Empty" owner="BuiltIn">
<msg time="2024-06-23T14:12:56.253390" level="INFO">Length is 2.</msg>
<arg>${json_data}</arg>
<doc>Verifies that the given item is not empty.</doc>
<status status="PASS" start="2024-06-23T14:12:56.253269" elapsed="0.000165"/>
</kw>
<kw name="Create List" owner="BuiltIn">
<msg time="2024-06-23T14:12:56.254045" level="INFO">${expected_keys} = ['gender', 'name', 'location', 'email', 'login']</msg>
<var>${expected_keys}</var>
<arg>gender</arg>
<arg>name</arg>
<arg>location</arg>
<arg>email</arg>
<arg>login</arg>
<doc>Returns a list containing given items.</doc>
<status status="PASS" start="2024-06-23T14:12:56.253731" elapsed="0.000340"/>
</kw>
<for flavor="IN">
<iter>
<kw name="Dictionary Should Contain Key" owner="Collections">
<arg>${json_data['results'][0]}</arg>
<arg>${key}</arg>
<doc>Fails if ``key`` is not found from ``dictionary``.</doc>
<status status="PASS" start="2024-06-23T14:12:56.254668" elapsed="0.000472"/>
</kw>
<kw name="Log" owner="BuiltIn">
<msg time="2024-06-23T14:12:56.255728" level="INFO">{'gender': 'male', 'name': {'title': 'Mr', 'first': 'Vítor', 'last': 'Campos'}, 'location': {'street': {'number': 140, 'name': 'Rua Maranhão '}, 'city': 'Campina Grande', 'state': 'Mato Grosso do Sul', 'country': 'Brazil', 'postcode': 47317, 'coordinates': {'latitude': '-76.7910', 'longitude': '-165.7863'}, 'timezone': {'offset': '-3:30', 'description': 'Newfoundland'}}, 'email': 'vitor.campos@example.com', 'login': {'uuid': 'f1506266-43af-46e7-8037-13502633c62b', 'username': 'blueladybug169', 'password': '1125', 'salt': 'qnM0x5Br', 'md5': 'b33303c30205a306ac03cb8bcd788042', 'sha1': '1a008a52e3f1259ee1bf3163e361f24b7e8bcf73', 'sha256': '81215af056987cfc5860400ed209c1006b6bc9608d73e0be64693668d4e8681c'}, 'dob': {'date': '1956-03-20T01:35:06.452Z', 'age': 68}, 'registered': {'date': '2009-06-23T17:25:45.720Z', 'age': 14}, 'phone': '(13) 2274-1771', 'cell': '(36) 6155-1019', 'id': {'name': 'CPF', 'value': '632.821.755-40'}, 'picture': {'large': 'https://randomuser.me/api/portraits/men/0.jpg', 'medium': 'https://randomuser.me/api/portraits/med/men/0.jpg', 'thumbnail': 'https://randomuser.me/api/portraits/thumb/men/0.jpg'}, 'nat': 'BR'}</msg>
<arg>${json_data['results'][0]}</arg>
<doc>Logs the given message with the given level.</doc>
<status status="PASS" start="2024-06-23T14:12:56.255333" elapsed="0.000447"/>
</kw>
<kw name="Log" owner="BuiltIn">
<msg time="2024-06-23T14:12:56.256235" level="INFO">gender</msg>
<arg>${key}</arg>
<doc>Logs the given message with the given level.</doc>
<status status="PASS" start="2024-06-23T14:12:56.256083" elapsed="0.000193"/>
</kw>
<var name="${key}">gender</var>
<status status="PASS" start="2024-06-23T14:12:56.254542" elapsed="0.001955"/>
</iter>
<iter>
<kw name="Dictionary Should Contain Key" owner="Collections">
<arg>${json_data['results'][0]}</arg>
<arg>${key}</arg>
<doc>Fails if ``key`` is not found from ``dictionary``.</doc>
<status status="PASS" start="2024-06-23T14:12:56.256795" elapsed="0.000394"/>
</kw>
<kw name="Log" owner="BuiltIn">
<msg time="2024-06-23T14:12:56.257732" level="INFO">{'gender': 'male', 'name': {'title': 'Mr', 'first': 'Vítor', 'last': 'Campos'}, 'location': {'street': {'number': 140, 'name': 'Rua Maranhão '}, 'city': 'Campina Grande', 'state': 'Mato Grosso do Sul', 'country': 'Brazil', 'postcode': 47317, 'coordinates': {'latitude': '-76.7910', 'longitude': '-165.7863'}, 'timezone': {'offset': '-3:30', 'description': 'Newfoundland'}}, 'email': 'vitor.campos@example.com', 'login': {'uuid': 'f1506266-43af-46e7-8037-13502633c62b', 'username': 'blueladybug169', 'password': '1125', 'salt': 'qnM0x5Br', 'md5': 'b33303c30205a306ac03cb8bcd788042', 'sha1': '1a008a52e3f1259ee1bf3163e361f24b7e8bcf73', 'sha256': '81215af056987cfc5860400ed209c1006b6bc9608d73e0be64693668d4e8681c'}, 'dob': {'date': '1956-03-20T01:35:06.452Z', 'age': 68}, 'registered': {'date': '2009-06-23T17:25:45.720Z', 'age': 14}, 'phone': '(13) 2274-1771', 'cell': '(36) 6155-1019', 'id': {'name': 'CPF', 'value': '632.821.755-40'}, 'picture': {'large': 'https://randomuser.me/api/portraits/men/0.jpg', 'medium': 'https://randomuser.me/api/portraits/med/men/0.jpg', 'thumbnail': 'https://randomuser.me/api/portraits/thumb/men/0.jpg'}, 'nat': 'BR'}</msg>
<arg>${json_data['results'][0]}</arg>
<doc>Logs the given message with the given level.</doc>
<status status="PASS" start="2024-06-23T14:12:56.257380" elapsed="0.000444"/>
</kw>
<kw name="Log" owner="BuiltIn">
<msg time="2024-06-23T14:12:56.258252" level="INFO">name</msg>
<arg>${key}</arg>
<doc>Logs the given message with the given level.</doc>
<status status="PASS" start="2024-06-23T14:12:56.258124" elapsed="0.000166"/>
</kw>
<var name="${key}">name</var>
<status status="PASS" start="2024-06-23T14:12:56.256683" elapsed="0.001824"/>
</iter>
<iter>
<kw name="Dictionary Should Contain Key" owner="Collections">
<arg>${json_data['results'][0]}</arg>
<arg>${key}</arg>
<doc>Fails if ``key`` is not found from ``dictionary``.</doc>
<status status="PASS" start="2024-06-23T14:12:56.258815" elapsed="0.000387"/>
</kw>
<kw name="Log" owner="BuiltIn">
<msg time="2024-06-23T14:12:56.259745" level="INFO">{'gender': 'male', 'name': {'title': 'Mr', 'first': 'Vítor', 'last': 'Campos'}, 'location': {'street': {'number': 140, 'name': 'Rua Maranhão '}, 'city': 'Campina Grande', 'state': 'Mato Grosso do Sul', 'country': 'Brazil', 'postcode': 47317, 'coordinates': {'latitude': '-76.7910', 'longitude': '-165.7863'}, 'timezone': {'offset': '-3:30', 'description': 'Newfoundland'}}, 'email': 'vitor.campos@example.com', 'login': {'uuid': 'f1506266-43af-46e7-8037-13502633c62b', 'username': 'blueladybug169', 'password': '1125', 'salt': 'qnM0x5Br', 'md5': 'b33303c30205a306ac03cb8bcd788042', 'sha1': '1a008a52e3f1259ee1bf3163e361f24b7e8bcf73', 'sha256': '81215af056987cfc5860400ed209c1006b6bc9608d73e0be64693668d4e8681c'}, 'dob': {'date': '1956-03-20T01:35:06.452Z', 'age': 68}, 'registered': {'date': '2009-06-23T17:25:45.720Z', 'age': 14}, 'phone': '(13) 2274-1771', 'cell': '(36) 6155-1019', 'id': {'name': 'CPF', 'value': '632.821.755-40'}, 'picture': {'large': 'https://randomuser.me/api/portraits/men/0.jpg', 'medium': 'https://randomuser.me/api/portraits/med/men/0.jpg', 'thumbnail': 'https://randomuser.me/api/portraits/thumb/men/0.jpg'}, 'nat': 'BR'}</msg>
<arg>${json_data['results'][0]}</arg>
<doc>Logs the given message with the given level.</doc>
<status status="PASS" start="2024-06-23T14:12:56.259384" elapsed="0.000412"/>
</kw>
<kw name="Log" owner="BuiltIn">
<msg time="2024-06-23T14:12:56.260215" level="INFO">location</msg>
<arg>${key}</arg>
<doc>Logs the given message with the given level.</doc>
<status status="PASS" start="2024-06-23T14:12:56.260089" elapsed="0.000163"/>
</kw>
<var name="${key}">location</var>
<status status="PASS" start="2024-06-23T14:12:56.258703" elapsed="0.001777"/>
</iter>
<iter>
<kw name="Dictionary Should Contain Key" owner="Collections">
<arg>${json_data['results'][0]}</arg>
<arg>${key}</arg>
<doc>Fails if ``key`` is not found from ``dictionary``.</doc>
<status status="PASS" start="2024-06-23T14:12:56.260806" elapsed="0.000375"/>
</kw>
<kw name="Log" owner="BuiltIn">
<msg time="2024-06-23T14:12:56.261739" level="INFO">{'gender': 'male', 'name': {'title': 'Mr', 'first': 'Vítor', 'last': 'Campos'}, 'location': {'street': {'number': 140, 'name': 'Rua Maranhão '}, 'city': 'Campina Grande', 'state': 'Mato Grosso do Sul', 'country': 'Brazil', 'postcode': 47317, 'coordinates': {'latitude': '-76.7910', 'longitude': '-165.7863'}, 'timezone': {'offset': '-3:30', 'description': 'Newfoundland'}}, 'email': 'vitor.campos@example.com', 'login': {'uuid': 'f1506266-43af-46e7-8037-13502633c62b', 'username': 'blueladybug169', 'password': '1125', 'salt': 'qnM0x5Br', 'md5': 'b33303c30205a306ac03cb8bcd788042', 'sha1': '1a008a52e3f1259ee1bf3163e361f24b7e8bcf73', 'sha256': '81215af056987cfc5860400ed209c1006b6bc9608d73e0be64693668d4e8681c'}, 'dob': {'date': '1956-03-20T01:35:06.452Z', 'age': 68}, 'registered': {'date': '2009-06-23T17:25:45.720Z', 'age': 14}, 'phone': '(13) 2274-1771', 'cell': '(36) 6155-1019', 'id': {'name': 'CPF', 'value': '632.821.755-40'}, 'picture': {'large': 'https://randomuser.me/api/portraits/men/0.jpg', 'medium': 'https://randomuser.me/api/portraits/med/men/0.jpg', 'thumbnail': 'https://randomuser.me/api/portraits/thumb/men/0.jpg'}, 'nat': 'BR'}</msg>
<arg>${json_data['results'][0]}</arg>
<doc>Logs the given message with the given level.</doc>
<status status="PASS" start="2024-06-23T14:12:56.261367" elapsed="0.000431"/>
</kw>
<kw name="Log" owner="BuiltIn">
<msg time="2024-06-23T14:12:56.262216" level="INFO">email</msg>
<arg>${key}</arg>
<doc>Logs the given message with the given level.</doc>
<status status="PASS" start="2024-06-23T14:12:56.262093" elapsed="0.000160"/>
</kw>
<var name="${key}">email</var>
<status status="PASS" start="2024-06-23T14:12:56.260688" elapsed="0.001775"/>
</iter>
<iter>
<kw name="Dictionary Should Contain Key" owner="Collections">
<arg>${json_data['results'][0]}</arg>
<arg>${key}</arg>
<doc>Fails if ``key`` is not found from ``dictionary``.</doc>
<status status="PASS" start="2024-06-23T14:12:56.262764" elapsed="0.000388"/>
</kw>
<kw name="Log" owner="BuiltIn">
<msg time="2024-06-23T14:12:56.263674" level="INFO">{'gender': 'male', 'name': {'title': 'Mr', 'first': 'Vítor', 'last': 'Campos'}, 'location': {'street': {'number': 140, 'name': 'Rua Maranhão '}, 'city': 'Campina Grande', 'state': 'Mato Grosso do Sul', 'country': 'Brazil', 'postcode': 47317, 'coordinates': {'latitude': '-76.7910', 'longitude': '-165.7863'}, 'timezone': {'offset': '-3:30', 'description': 'Newfoundland'}}, 'email': 'vitor.campos@example.com', 'login': {'uuid': 'f1506266-43af-46e7-8037-13502633c62b', 'username': 'blueladybug169', 'password': '1125', 'salt': 'qnM0x5Br', 'md5': 'b33303c30205a306ac03cb8bcd788042', 'sha1': '1a008a52e3f1259ee1bf3163e361f24b7e8bcf73', 'sha256': '81215af056987cfc5860400ed209c1006b6bc9608d73e0be64693668d4e8681c'}, 'dob': {'date': '1956-03-20T01:35:06.452Z', 'age': 68}, 'registered': {'date': '2009-06-23T17:25:45.720Z', 'age': 14}, 'phone': '(13) 2274-1771', 'cell': '(36) 6155-1019', 'id': {'name': 'CPF', 'value': '632.821.755-40'}, 'picture': {'large': 'https://randomuser.me/api/portraits/men/0.jpg', 'medium': 'https://randomuser.me/api/portraits/med/men/0.jpg', 'thumbnail': 'https://randomuser.me/api/portraits/thumb/men/0.jpg'}, 'nat': 'BR'}</msg>
<arg>${json_data['results'][0]}</arg>
<doc>Logs the given message with the given level.</doc>
<status status="PASS" start="2024-06-23T14:12:56.263330" elapsed="0.000402"/>
</kw>
<kw name="Log" owner="BuiltIn">
<msg time="2024-06-23T14:12:56.264155" level="INFO">login</msg>
<arg>${key}</arg>
<doc>Logs the given message with the given level.</doc>
<status status="PASS" start="2024-06-23T14:12:56.264029" elapsed="0.000162"/>
</kw>
<var name="${key}">login</var>
<status status="PASS" start="2024-06-23T14:12:56.262637" elapsed="0.001767"/>
</iter>
<var>${key}</var>
<value>@{expected_keys}</value>
<status status="PASS" start="2024-06-23T14:12:56.254340" elapsed="0.010181"/>
</for>
<kw name="Create List" owner="BuiltIn">
<msg time="2024-06-23T14:12:56.264845" level="INFO">${expected_keysTwo} = ['username', 'password']</msg>
<var>${expected_keysTwo}</var>
<arg>username</arg>
<arg>password</arg>
<doc>Returns a list containing given items.</doc>
<status status="PASS" start="2024-06-23T14:12:56.264711" elapsed="0.000158"/>
</kw>
<for flavor="IN">
<iter>
<kw name="Dictionary Should Contain Key" owner="Collections">
<arg>${json_data['results'][0]['login']}</arg>
<arg>${keyTwo}</arg>
<doc>Fails if ``key`` is not found from ``dictionary``.</doc>
<status status="PASS" start="2024-06-23T14:12:56.265393" elapsed="0.000378"/>
</kw>
<kw name="Dictionary Should Contain Key" owner="Collections">
<arg>${json_data['results'][0]['login']}</arg>
<arg>${keyTwo}</arg>
<doc>Fails if ``key`` is not found from ``dictionary``.</doc>
<status status="PASS" start="2024-06-23T14:12:56.265953" elapsed="0.000365"/>
</kw>
<kw name="Log" owner="BuiltIn">
<msg time="2024-06-23T14:12:56.266608" level="INFO">username</msg>
<arg>${keyTwo}</arg>
<doc>Logs the given message with the given level.</doc>
<status status="PASS" start="2024-06-23T14:12:56.266491" elapsed="0.000154"/>
</kw>
<var name="${keyTwo}">username</var>
<status status="PASS" start="2024-06-23T14:12:56.265288" elapsed="0.001602"/>
</iter>
<iter>
<kw name="Dictionary Should Contain Key" owner="Collections">
<arg>${json_data['results'][0]['login']}</arg>
<arg>${keyTwo}</arg>
<doc>Fails if ``key`` is not found from ``dictionary``.</doc>
<status status="PASS" start="2024-06-23T14:12:56.267162" elapsed="0.000376"/>
</kw>
<kw name="Dictionary Should Contain Key" owner="Collections">
<arg>${json_data['results'][0]['login']}</arg>
<arg>${keyTwo}</arg>
<doc>Fails if ``key`` is not found from ``dictionary``.</doc>
<status status="PASS" start="2024-06-23T14:12:56.267712" elapsed="0.000369"/>
</kw>
<kw name="Log" owner="BuiltIn">
<msg time="2024-06-23T14:12:56.268370" level="INFO">password</msg>
<arg>${keyTwo}</arg>
<doc>Logs the given message with the given level.</doc>
<status status="PASS" start="2024-06-23T14:12:56.268254" elapsed="0.000152"/>
</kw>
<var name="${keyTwo}">password</var>
<status status="PASS" start="2024-06-23T14:12:56.267058" elapsed="0.001662"/>
</iter>
<var>${keyTwo}</var>
<value>@{expected_keysTwo}</value>
<status status="PASS" start="2024-06-23T14:12:56.265131" elapsed="0.003711"/>
</for>
<status status="PASS" start="2024-06-23T14:12:56.149184" elapsed="0.119803"/>
</kw>
<doc>Testa a estrutura da resposta da API.</doc>
<tag>testeEstruturaResposta</tag>
<status status="PASS" start="2024-06-23T14:12:56.148666" elapsed="0.120478"/>
</test>
<test id="s1-s1-t4" name="Validar tipos de dados" line="28">
<kw name="Teste de Tipos de Dados" owner="random-user-service">
<kw name="GET On Session" owner="RequestsLibrary">
<msg time="2024-06-23T14:12:56.362754" level="INFO">GET Request : url=https://randomuser.me/api 
 path_url=/api 
 headers={'User-Agent': 'python-requests/2.32.3', 'Accept-Encoding': 'gzip, deflate', 'Accept': '*/*', 'Connection': 'keep-alive'} 
 body=None 
 </msg>
<msg time="2024-06-23T14:12:56.362854" level="INFO">GET Response : url=https://randomuser.me/api 
 status=200, reason=OK 
 headers={'Date': 'Sun, 23 Jun 2024 14:12:56 GMT', 'Content-Type': 'application/json; charset=utf-8', 'Transfer-Encoding': 'chunked', 'Connection': 'keep-alive', 'X-Powered-By': 'Express', 'Access-Control-Allow-Origin': '*', 'Cache-Control': 'no-cache', 'ETag': 'W/"497-2XJFOvr4ezwwO5O30VsExZhMYcU"', 'Vary': 'Accept-Encoding', 'Content-Encoding': 'gzip', 'CF-Cache-Status': 'DYNAMIC', 'Report-To': '{"endpoints":[{"url":"https:\\/\\/a.nel.cloudflare.com\\/report\\/v4?s=mRJpIOAiSnefG4Op%2BRgFZYRqidtZkNsIvGVCQbXP0w3mSoNQA71BrJ06IY8zBMrE%2BvTiJi0ZsZuekOvmLX4g2ztiCLIifwClCNEk6EM5h5qaGAQSRtOH2psiB0UZW1lb"}],"group":"cf-nel","max_age":604800}', 'NEL': '{"success_fraction":0,"report_to":"cf-nel","max_age":604800}', 'Server': 'cloudflare', 'CF-RAY': '8985136bba6cd01d-SJC', 'alt-svc': 'h3=":443"; ma=86400'} 
 body={"results":[{"gender":"female","name":{"title":"Miss","first":"Laurie","last":"Graves"},"location":{"street":{"number":2950,"name":"Paddock Way"},"city":"Hollywood","state":"Kansas","country":"United States","postcode":26543,"coordinates":{"latitude":"88.8735","longitude":"151.1811"},"timezone":{"offset":"+7:00","description":"Bangkok, Hanoi, Jakarta"}},"email":"laurie.graves@example.com","login":{"uuid":"851d4965-2c88-4180-8d7d-adfd36bebd4e","username":"ticklishostrich884","password":"icehouse","salt":"XFGhGbG1","md5":"f3376a70f183ee74ca266df0969a6dde","sha1":"d01df21f3b1a7f78df28e6ce6144fefb6e09c5fc","sha256":"ecba6ee57de42885f4f764f936af1014f9af0cececc6ac142fa173323c24d377"},"dob":{"date":"2001-01-04T23:33:49.962Z","age":23},"registered":{"date":"2019-08-17T13:03:08.557Z","age":4},"phone":"(579) 782-9339","cell":"(739) 797-1039","id":{"name":"SSN","value":"181-43-6502"},"picture":{"large":"https://randomuser.me/api/portraits/women/19.jpg","medium":"https://randomuser.me/api/portraits/med/women/19.jpg","thumbnail":"https://randomuser.me/api/portraits/thumb/women/19.jpg"},"nat":"US"}],"info":{"seed":"44b3555e929e76ae","results":1,"page":1,"version":"1.4"}} 
 </msg>
<msg time="2024-06-23T14:12:56.362927" level="INFO">/opt/hostedtoolcache/Python/3.12.4/x64/lib/python3.12/site-packages/urllib3/connectionpool.py:1099: InsecureRequestWarning: Unverified HTTPS request is being made to host 'randomuser.me'. Adding certificate verification is strongly advised. See: https://urllib3.readthedocs.io/en/latest/advanced-usage.html#tls-warnings
  warnings.warn(</msg>
<msg time="2024-06-23T14:12:56.363043" level="INFO">${response} = &lt;Response [200]&gt;</msg>
<var>${response}</var>
<arg>consultarAPI</arg>
<arg>/api</arg>
<doc>Sends a GET request on a previously created HTTP Session.</doc>
<status status="PASS" start="2024-06-23T14:12:56.271716" elapsed="0.091368"/>
</kw>
<kw name="Set Variable" owner="BuiltIn">
<msg time="2024-06-23T14:12:56.364195" level="INFO">${json_data} = {'results': [{'gender': 'female', 'name': {'title': 'Miss', 'first': 'Laurie', 'last': 'Graves'}, 'location': {'street': {'number': 2950, 'name': 'Paddock Way'}, 'city': 'Hollywood', 'state': 'Kansas'...</msg>
<var>${json_data}</var>
<arg>${response.json()}</arg>
<doc>Returns the given values which can then be assigned to a variables.</doc>
<status status="PASS" start="2024-06-23T14:12:56.363659" elapsed="0.000566"/>
</kw>
<kw name="Log" owner="BuiltIn">
<msg time="2024-06-23T14:12:56.364696" level="INFO">{'results': [{'gender': 'female', 'name': {'title': 'Miss', 'first': 'Laurie', 'last': 'Graves'}, 'location': {'street': {'number': 2950, 'name': 'Paddock Way'}, 'city': 'Hollywood', 'state': 'Kansas', 'country': 'United States', 'postcode': 26543, 'coordinates': {'latitude': '88.8735', 'longitude': '151.1811'}, 'timezone': {'offset': '+7:00', 'description': 'Bangkok, Hanoi, Jakarta'}}, 'email': 'laurie.graves@example.com', 'login': {'uuid': '851d4965-2c88-4180-8d7d-adfd36bebd4e', 'username': 'ticklishostrich884', 'password': 'icehouse', 'salt': 'XFGhGbG1', 'md5': 'f3376a70f183ee74ca266df0969a6dde', 'sha1': 'd01df21f3b1a7f78df28e6ce6144fefb6e09c5fc', 'sha256': 'ecba6ee57de42885f4f764f936af1014f9af0cececc6ac142fa173323c24d377'}, 'dob': {'date': '2001-01-04T23:33:49.962Z', 'age': 23}, 'registered': {'date': '2019-08-17T13:03:08.557Z', 'age': 4}, 'phone': '(579) 782-9339', 'cell': '(739) 797-1039', 'id': {'name': 'SSN', 'value': '181-43-6502'}, 'picture': {'large': 'https://randomuser.me/api/portraits/women/19.jpg', 'medium': 'https://randomuser.me/api/portraits/med/women/19.jpg', 'thumbnail': 'https://randomuser.me/api/portraits/thumb/women/19.jpg'}, 'nat': 'US'}], 'info': {'seed': '44b3555e929e76ae', 'results': 1, 'page': 1, 'version': '1.4'}}</msg>
<arg>${json_data}</arg>
<doc>Logs the given message with the given level.</doc>
<status status="PASS" start="2024-06-23T14:12:56.364540" elapsed="0.000204"/>
</kw>
<kw name="Should Be String" owner="String">
<arg>${json_data['results'][0]['gender']}</arg>
<doc>Fails if the given ``item`` is not a string.</doc>
<status status="PASS" start="2024-06-23T14:12:56.365031" elapsed="0.000376"/>
</kw>
<kw name="Should Match Regexp" owner="BuiltIn">
<arg>${json_data['results'][0]['email']}</arg>
<arg>^[a-zA-Z0-9._%+-]+@[a-zA-Z0-9.-]+\.[a-zA-Z]{2,}$</arg>
<doc>Fails if ``string`` does not match ``pattern`` as a regular expression.</doc>
<status status="PASS" start="2024-06-23T14:12:56.365599" elapsed="0.000528"/>
</kw>
<kw name="Should Match Regexp" owner="BuiltIn">
<arg>${json_data['results'][0]['dob']['date']}</arg>
<arg>\\d{4}-\\d{2}-\\d{2}T\\d{2}:\\d{2}:\\d{2}\\.\\d{3}Z</arg>
<doc>Fails if ``string`` does not match ``pattern`` as a regular expression.</doc>
<status status="PASS" start="2024-06-23T14:12:56.366361" elapsed="0.000522"/>
</kw>
<kw name="Should Match Regexp" owner="BuiltIn">
<arg>${json_data['results'][0]['registered']['date']}</arg>
<arg>\\d{4}-\\d{2}-\\d{2}T\\d{2}:\\d{2}:\\d{2}\\.\\d{3}Z</arg>
<doc>Fails if ``string`` does not match ``pattern`` as a regular expression.</doc>
<status status="PASS" start="2024-06-23T14:12:56.367075" elapsed="0.000366"/>
</kw>
<kw name="Should Match Regexp" owner="BuiltIn">
<arg>${json_data['results'][0]['picture']['large']}</arg>
<arg>^https?://.*\.(?:png|jpe?g|gif|bmp)$</arg>
<doc>Fails if ``string`` does not match ``pattern`` as a regular expression.</doc>
<status status="PASS" start="2024-06-23T14:12:56.367685" elapsed="0.000475"/>
</kw>
<kw name="Should Match Regexp" owner="BuiltIn">
<arg>${json_data['results'][0]['picture']['medium']}</arg>
<arg>^https?://.*\.(?:png|jpe?g|gif|bmp)$</arg>
<doc>Fails if ``string`` does not match ``pattern`` as a regular expression.</doc>
<status status="PASS" start="2024-06-23T14:12:56.368348" elapsed="0.000350"/>
</kw>
<kw name="Should Match Regexp" owner="BuiltIn">
<arg>${json_data['results'][0]['picture']['thumbnail']}</arg>
<arg>^https?://.*\.(?:png|jpe?g|gif|bmp)$</arg>
<doc>Fails if ``string`` does not match ``pattern`` as a regular expression.</doc>
<status status="PASS" start="2024-06-23T14:12:56.368957" elapsed="0.000380"/>
</kw>
<kw name="Log" owner="BuiltIn">
<msg time="2024-06-23T14:12:56.369846" level="INFO">{'large': 'https://randomuser.me/api/portraits/women/19.jpg', 'medium': 'https://randomuser.me/api/portraits/med/women/19.jpg', 'thumbnail': 'https://randomuser.me/api/portraits/thumb/women/19.jpg'}</msg>
<arg>${json_data['results'][0]['picture']}</arg>
<doc>Logs the given message with the given level.</doc>
<status status="PASS" start="2024-06-23T14:12:56.369521" elapsed="0.000368"/>
</kw>
<status status="PASS" start="2024-06-23T14:12:56.271478" elapsed="0.098675"/>
</kw>
<kw name="Teste de Tipos de Dados - Postcode" owner="random-user-service">
<kw name="GET On Session" owner="RequestsLibrary">
<msg time="2024-06-23T14:12:56.464896" level="INFO">GET Request : url=https://randomuser.me/api 
 path_url=/api 
 headers={'User-Agent': 'python-requests/2.32.3', 'Accept-Encoding': 'gzip, deflate', 'Accept': '*/*', 'Connection': 'keep-alive'} 
 body=None 
 </msg>
<msg time="2024-06-23T14:12:56.464995" level="INFO">GET Response : url=https://randomuser.me/api 
 status=200, reason=OK 
 headers={'Date': 'Sun, 23 Jun 2024 14:12:56 GMT', 'Content-Type': 'application/json; charset=utf-8', 'Transfer-Encoding': 'chunked', 'Connection': 'keep-alive', 'X-Powered-By': 'Express', 'Access-Control-Allow-Origin': '*', 'Cache-Control': 'no-cache', 'ETag': 'W/"487-YDCM/3aPeXfbjDUPqSpinxNjaF8"', 'Vary': 'Accept-Encoding', 'Content-Encoding': 'gzip', 'CF-Cache-Status': 'DYNAMIC', 'Report-To': '{"endpoints":[{"url":"https:\\/\\/a.nel.cloudflare.com\\/report\\/v4?s=R20UJlWnmIzzmSet7LhcqEynmxeCzFN8ElxbL%2F6FYted9Veiq%2FxoA%2BicPdCTqg%2F6LNZop4j2HDLVY7Ja77EIzuDuBOZWCIDY09%2BOVANXUf5Jfm%2BHPSFkhvOHypAkMnSE"}],"group":"cf-nel","max_age":604800}', 'NEL': '{"success_fraction":0,"report_to":"cf-nel","max_age":604800}', 'Server': 'cloudflare', 'CF-RAY': '8985136c5ae0d01d-SJC', 'alt-svc': 'h3=":443"; ma=86400'} 
 body={"results":[{"gender":"male","name":{"title":"Mr","first":"Franklin","last":"Gregory"},"location":{"street":{"number":6795,"name":"Northaven Rd"},"city":"Pearland","state":"Florida","country":"United States","postcode":25855,"coordinates":{"latitude":"82.2481","longitude":"-155.8857"},"timezone":{"offset":"+9:30","description":"Adelaide, Darwin"}},"email":"franklin.gregory@example.com","login":{"uuid":"55ea8a22-b232-4b1f-8054-6d197b693512","username":"greenfish488","password":"852456","salt":"UiojSf8I","md5":"2ca90eba39e2e1b535775e1e551c2ba5","sha1":"1ea274f72cbd1051bcbda4b5350713fa70cb8cae","sha256":"cba53d8fa955b20014289223e7d437d95cad0c28f2f344933d7c54479ffa55b9"},"dob":{"date":"1991-01-10T12:11:33.190Z","age":33},"registered":{"date":"2004-05-12T13:06:34.967Z","age":20},"phone":"(574) 623-1166","cell":"(786) 414-1575","id":{"name":"SSN","value":"073-40-2660"},"picture":{"large":"https://randomuser.me/api/portraits/men/58.jpg","medium":"https://randomuser.me/api/portraits/med/men/58.jpg","thumbnail":"https://randomuser.me/api/portraits/thumb/men/58.jpg"},"nat":"US"}],"info":{"seed":"7e30f7eb0470eac1","results":1,"page":1,"version":"1.4"}} 
 </msg>
<msg time="2024-06-23T14:12:56.465067" level="INFO">/opt/hostedtoolcache/Python/3.12.4/x64/lib/python3.12/site-packages/urllib3/connectionpool.py:1099: InsecureRequestWarning: Unverified HTTPS request is being made to host 'randomuser.me'. Adding certificate verification is strongly advised. See: https://urllib3.readthedocs.io/en/latest/advanced-usage.html#tls-warnings
  warnings.warn(</msg>
<msg time="2024-06-23T14:12:56.465186" level="INFO">${response} = &lt;Response [200]&gt;</msg>
<var>${response}</var>
<arg>consultarAPI</arg>
<arg>/api</arg>
<doc>Sends a GET request on a previously created HTTP Session.</doc>
<status status="PASS" start="2024-06-23T14:12:56.370765" elapsed="0.094449"/>
</kw>
<kw name="Set Variable" owner="BuiltIn">
<msg time="2024-06-23T14:12:56.466484" level="INFO">${json_data} = {'results': [{'gender': 'male', 'name': {'title': 'Mr', 'first': 'Franklin', 'last': 'Gregory'}, 'location': {'street': {'number': 6795, 'name': 'Northaven Rd'}, 'city': 'Pearland', 'state': 'Florida'...</msg>
<var>${json_data}</var>
<arg>${response.json()}</arg>
<doc>Returns the given values which can then be assigned to a variables.</doc>
<status status="PASS" start="2024-06-23T14:12:56.465864" elapsed="0.000653"/>
</kw>
<kw name="Log" owner="BuiltIn">
<msg time="2024-06-23T14:12:56.467041" level="INFO">{'results': [{'gender': 'male', 'name': {'title': 'Mr', 'first': 'Franklin', 'last': 'Gregory'}, 'location': {'street': {'number': 6795, 'name': 'Northaven Rd'}, 'city': 'Pearland', 'state': 'Florida', 'country': 'United States', 'postcode': 25855, 'coordinates': {'latitude': '82.2481', 'longitude': '-155.8857'}, 'timezone': {'offset': '+9:30', 'description': 'Adelaide, Darwin'}}, 'email': 'franklin.gregory@example.com', 'login': {'uuid': '55ea8a22-b232-4b1f-8054-6d197b693512', 'username': 'greenfish488', 'password': '852456', 'salt': 'UiojSf8I', 'md5': '2ca90eba39e2e1b535775e1e551c2ba5', 'sha1': '1ea274f72cbd1051bcbda4b5350713fa70cb8cae', 'sha256': 'cba53d8fa955b20014289223e7d437d95cad0c28f2f344933d7c54479ffa55b9'}, 'dob': {'date': '1991-01-10T12:11:33.190Z', 'age': 33}, 'registered': {'date': '2004-05-12T13:06:34.967Z', 'age': 20}, 'phone': '(574) 623-1166', 'cell': '(786) 414-1575', 'id': {'name': 'SSN', 'value': '073-40-2660'}, 'picture': {'large': 'https://randomuser.me/api/portraits/men/58.jpg', 'medium': 'https://randomuser.me/api/portraits/med/men/58.jpg', 'thumbnail': 'https://randomuser.me/api/portraits/thumb/men/58.jpg'}, 'nat': 'US'}], 'info': {'seed': '7e30f7eb0470eac1', 'results': 1, 'page': 1, 'version': '1.4'}}</msg>
<arg>${json_data}</arg>
<doc>Logs the given message with the given level.</doc>
<status status="PASS" start="2024-06-23T14:12:56.466875" elapsed="0.000226"/>
</kw>
<kw name="Should Be Equal As Numbers" owner="BuiltIn">
<arg>${json_data['results'][0]['location']['postcode']}</arg>
<arg>${json_data['results'][0]['location']['postcode']}</arg>
<doc>Fails if objects are unequal after converting them to real numbers.</doc>
<status status="PASS" start="2024-06-23T14:12:56.467402" elapsed="0.000617"/>
</kw>
<kw name="Log" owner="BuiltIn">
<msg time="2024-06-23T14:12:56.468714" level="INFO">25855</msg>
<arg>${json_data['results'][0]['location']['postcode']}</arg>
<doc>Logs the given message with the given level.</doc>
<status status="PASS" start="2024-06-23T14:12:56.468206" elapsed="0.000549"/>
</kw>
<status status="PASS" start="2024-06-23T14:12:56.370469" elapsed="0.098573"/>
</kw>
<doc>Testa se os tipos de dados na resposta da API estão corretos.</doc>
<tag>testeTiposDados</tag>
<status status="PASS" start="2024-06-23T14:12:56.270917" elapsed="0.198294"/>
</test>
<test id="s1-s1-t5" name="Validar conteudo" line="35">
<kw name="Teste de Tipos de Conteudo" owner="random-user-service">
<kw name="GET On Session" owner="RequestsLibrary">
<msg time="2024-06-23T14:12:56.592374" level="INFO">GET Request : url=https://randomuser.me/api 
 path_url=/api 
 headers={'User-Agent': 'python-requests/2.32.3', 'Accept-Encoding': 'gzip, deflate', 'Accept': '*/*', 'Connection': 'keep-alive'} 
 body=None 
 </msg>
<msg time="2024-06-23T14:12:56.592484" level="INFO">GET Response : url=https://randomuser.me/api 
 status=200, reason=OK 
 headers={'Date': 'Sun, 23 Jun 2024 14:12:56 GMT', 'Content-Type': 'application/json; charset=utf-8', 'Transfer-Encoding': 'chunked', 'Connection': 'keep-alive', 'X-Powered-By': 'Express', 'Access-Control-Allow-Origin': '*', 'Cache-Control': 'no-cache', 'ETag': 'W/"4a0-oNRjiS16lnd9e5uCkXG57lvLOC8"', 'Vary': 'Accept-Encoding', 'Content-Encoding': 'gzip', 'CF-Cache-Status': 'DYNAMIC', 'Report-To': '{"endpoints":[{"url":"https:\\/\\/a.nel.cloudflare.com\\/report\\/v4?s=%2FDSHhmg1EPoUa%2BEil780%2Fxt28EaqjKFP6LMUTxLP1bpyWy6xh6kka48gOfoaxrOINfL01whX2uN95VYrwVtwozPnYOTDxTMmTQlUC%2FWlNjO95QIWbgHGF05wsWXQeh1j"}],"group":"cf-nel","max_age":604800}', 'NEL': '{"success_fraction":0,"report_to":"cf-nel","max_age":604800}', 'Server': 'cloudflare', 'CF-RAY': '8985136cfb34d01d-SJC', 'alt-svc': 'h3=":443"; ma=86400'} 
 body={"results":[{"gender":"female","name":{"title":"Ms","first":"Ilse","last":"Fuentes"},"location":{"street":{"number":396,"name":"Pasaje Querétaro"},"city":"Loma Alta","state":"Estado de Mexico","country":"Mexico","postcode":55769,"coordinates":{"latitude":"29.8620","longitude":"87.9142"},"timezone":{"offset":"-8:00","description":"Pacific Time (US &amp; Canada)"}},"email":"ilse.fuentes@example.com","login":{"uuid":"75c20a75-814f-4233-be15-b8837af8f539","username":"goldenpeacock559","password":"babyblue","salt":"fq8kppS4","md5":"846f09361fb9cd8769c9bfd08ceab183","sha1":"e88d1f7b9554f265b54447340f71caceda67592d","sha256":"5da5eb782fd78d4dfe86846f95b75bb447afc15ff65821dd119d6dff14c13f13"},"dob":{"date":"1973-02-20T16:26:26.799Z","age":51},"registered":{"date":"2006-11-11T06:17:45.192Z","age":17},"phone":"(669) 593 2657","cell":"(673) 925 7557","id":{"name":"NSS","value":"26 63 09 5190 5"},"picture":{"large":"https://randomuser.me/api/portraits/women/47.jpg","medium":"https://randomuser.me/api/portraits/med/women/47.jpg","thumbnail":"https://randomuser.me/api/portraits/thumb/women/47.jpg"},"nat":"MX"}],"info":{"seed":"82992a7561172011","results":1,"page":1,"version":"1.4"}} 
 </msg>
<msg time="2024-06-23T14:12:56.592573" level="INFO">/opt/hostedtoolcache/Python/3.12.4/x64/lib/python3.12/site-packages/urllib3/connectionpool.py:1099: InsecureRequestWarning: Unverified HTTPS request is being made to host 'randomuser.me'. Adding certificate verification is strongly advised. See: https://urllib3.readthedocs.io/en/latest/advanced-usage.html#tls-warnings
  warnings.warn(</msg>
<msg time="2024-06-23T14:12:56.592717" level="INFO">${response} = &lt;Response [200]&gt;</msg>
<var>${response}</var>
<arg>consultarAPI</arg>
<arg>/api</arg>
<doc>Sends a GET request on a previously created HTTP Session.</doc>
<status status="PASS" start="2024-06-23T14:12:56.471727" elapsed="0.121039"/>
</kw>
<kw name="Set Variable" owner="BuiltIn">
<msg time="2024-06-23T14:12:56.593975" level="INFO">${json_data} = {'results': [{'gender': 'female', 'name': {'title': 'Ms', 'first': 'Ilse', 'last': 'Fuentes'}, 'location': {'street': {'number': 396, 'name': 'Pasaje Querétaro'}, 'city': 'Loma Alta', 'state': 'Estado...</msg>
<var>${json_data}</var>
<arg>${response.json()}</arg>
<doc>Returns the given values which can then be assigned to a variables.</doc>
<status status="PASS" start="2024-06-23T14:12:56.593408" elapsed="0.000597"/>
</kw>
<kw name="Set Variable" owner="BuiltIn">
<msg time="2024-06-23T14:12:56.594730" level="INFO">${name_title} = Ms</msg>
<var>${name_title}</var>
<arg>${json_data["results"][0]["name"]["title"]}</arg>
<doc>Returns the given values which can then be assigned to a variables.</doc>
<status status="PASS" start="2024-06-23T14:12:56.594311" elapsed="0.000449"/>
</kw>
<kw name="Create List" owner="BuiltIn">
<msg time="2024-06-23T14:12:56.595213" level="INFO">${allowed_titles} = ['Mr', 'Ms', 'Miss', 'Mrs', 'Madame', 'Monsieur']</msg>
<var>${allowed_titles}</var>
<arg>Mr</arg>
<arg>Ms</arg>
<arg>Miss</arg>
<arg>Mrs</arg>
<arg>Madame</arg>
<arg>Monsieur</arg>
<doc>Returns a list containing given items.</doc>
<status status="PASS" start="2024-06-23T14:12:56.595066" elapsed="0.000170"/>
</kw>
<kw name="List Should Contain Value" owner="Collections">
<arg>${allowed_titles}</arg>
<arg>${name_title}</arg>
<doc>Fails if the ``value`` is not found from ``list``.</doc>
<status status="PASS" start="2024-06-23T14:12:56.595536" elapsed="0.000177"/>
</kw>
<kw name="Set Variable" owner="BuiltIn">
<msg time="2024-06-23T14:12:56.596255" level="INFO">${name_country} = MX</msg>
<var>${name_country}</var>
<arg>${json_data["results"][0]["nat"]}</arg>
<doc>Returns the given values which can then be assigned to a variables.</doc>
<status status="PASS" start="2024-06-23T14:12:56.595888" elapsed="0.000393"/>
</kw>
<kw name="Create List" owner="BuiltIn">
<msg time="2024-06-23T14:12:56.597155" level="INFO">${list_country} = ['AD', 'AE', 'AF', 'AG', 'AI', 'AL', 'AM', 'AO', 'AQ', 'AR', 'AS', 'AT', 'AU', 'AW', 'AX', 'AZ', 'BA', 'BB', 'BD', 'BE', 'BF', 'BG', 'BH', 'BI', 'BJ', 'BL', 'BM', 'BN', 'BO', 'BQ', 'BR', 'BS', 'BT', '...</msg>
<var>${list_country}</var>
<arg>AD</arg>
<arg>AE</arg>
<arg>AF</arg>
<arg>AG</arg>
<arg>AI</arg>
<arg>AL</arg>
<arg>AM</arg>
<arg>AO</arg>
<arg>AQ</arg>
<arg>AR</arg>
<arg>AS</arg>
<arg>AT</arg>
<arg>AU</arg>
<arg>AW</arg>
<arg>AX</arg>
<arg>AZ</arg>
<arg>BA</arg>
<arg>BB</arg>
<arg>BD</arg>
<arg>BE</arg>
<arg>BF</arg>
<arg>BG</arg>
<arg>BH</arg>
<arg>BI</arg>
<arg>BJ</arg>
<arg>BL</arg>
<arg>BM</arg>
<arg>BN</arg>
<arg>BO</arg>
<arg>BQ</arg>
<arg>BR</arg>
<arg>BS</arg>
<arg>BT</arg>
<arg>BV</arg>
<arg>BW</arg>
<arg>BY</arg>
<arg>BZ</arg>
<arg>CA</arg>
<arg>CC</arg>
<arg>CD</arg>
<arg>CF</arg>
<arg>CG</arg>
<arg>CH</arg>
<arg>CI</arg>
<arg>CK</arg>
<arg>CL</arg>
<arg>CM</arg>
<arg>CN</arg>
<arg>CO</arg>
<arg>CR</arg>
<arg>CU</arg>
<arg>CV</arg>
<arg>CW</arg>
<arg>CX</arg>
<arg>CY</arg>
<arg>CZ</arg>
<arg>DE</arg>
<arg>DJ</arg>
<arg>DK</arg>
<arg>DM</arg>
<arg>DO</arg>
<arg>DZ</arg>
<arg>EC</arg>
<arg>EE</arg>
<arg>EG</arg>
<arg>EH</arg>
<arg>ER</arg>
<arg>ES</arg>
<arg>ET</arg>
<arg>FI</arg>
<arg>FJ</arg>
<arg>FK</arg>
<arg>FM</arg>
<arg>FO</arg>
<arg>FR</arg>
<arg>GA</arg>
<arg>GB</arg>
<arg>GD</arg>
<arg>GE</arg>
<arg>GF</arg>
<arg>GG</arg>
<arg>GH</arg>
<arg>GI</arg>
<arg>GL</arg>
<arg>GM</arg>
<arg>GN</arg>
<arg>GP</arg>
<arg>GQ</arg>
<arg>GR</arg>
<arg>GS</arg>
<arg>GT</arg>
<arg>GU</arg>
<arg>GW</arg>
<arg>GY</arg>
<arg>HK</arg>
<arg>HM</arg>
<arg>HN</arg>
<arg>HR</arg>
<arg>HT</arg>
<arg>HU</arg>
<arg>ID</arg>
<arg>IE</arg>
<arg>IL</arg>
<arg>IM</arg>
<arg>IN</arg>
<arg>IO</arg>
<arg>IQ</arg>
<arg>IR</arg>
<arg>IS</arg>
<arg>IT</arg>
<arg>JE</arg>
<arg>JM</arg>
<arg>JO</arg>
<arg>JP</arg>
<arg>KE</arg>
<arg>KG</arg>
<arg>KH</arg>
<arg>KI</arg>
<arg>KM</arg>
<arg>KN</arg>
<arg>KP</arg>
<arg>KR</arg>
<arg>KW</arg>
<arg>KY</arg>
<arg>KZ</arg>
<arg>LA</arg>
<arg>LB</arg>
<arg>LC</arg>
<arg>LI</arg>
<arg>LK</arg>
<arg>LR</arg>
<arg>LS</arg>
<arg>LT</arg>
<arg>LU</arg>
<arg>LV</arg>
<arg>LY</arg>
<arg>MA</arg>
<arg>MC</arg>
<arg>MD</arg>
<arg>ME</arg>
<arg>MF</arg>
<arg>MG</arg>
<arg>MH</arg>
<arg>MK</arg>
<arg>ML</arg>
<arg>MM</arg>
<arg>MN</arg>
<arg>MO</arg>
<arg>MP</arg>
<arg>MQ</arg>
<arg>MR</arg>
<arg>MS</arg>
<arg>MT</arg>
<arg>MU</arg>
<arg>MV</arg>
<arg>MW</arg>
<arg>MX</arg>
<arg>MY</arg>
<arg>MZ</arg>
<arg>NA</arg>
<arg>NC</arg>
<arg>NE</arg>
<arg>NF</arg>
<arg>NG</arg>
<arg>NI</arg>
<arg>NL</arg>
<arg>NO</arg>
<arg>NP</arg>
<arg>NR</arg>
<arg>NU</arg>
<arg>NZ</arg>
<arg>OM</arg>
<arg>PA</arg>
<arg>PE</arg>
<arg>PF</arg>
<arg>PG</arg>
<arg>PH</arg>
<arg>PK</arg>
<arg>PL</arg>
<arg>PM</arg>
<arg>PN</arg>
<arg>PR</arg>
<arg>PS</arg>
<arg>PT</arg>
<arg>PW</arg>
<arg>PY</arg>
<arg>QA</arg>
<arg>RE</arg>
<arg>RO</arg>
<arg>RS</arg>
<arg>RU</arg>
<arg>RW</arg>
<arg>SA</arg>
<arg>SB</arg>
<arg>SC</arg>
<arg>SD</arg>
<arg>SE</arg>
<arg>SG</arg>
<arg>SH</arg>
<arg>SI</arg>
<arg>SJ</arg>
<arg>SK</arg>
<arg>SL</arg>
<arg>SM</arg>
<arg>SN</arg>
<arg>SO</arg>
<arg>SR</arg>
<arg>SS</arg>
<arg>ST</arg>
<arg>SV</arg>
<arg>SX</arg>
<arg>SY</arg>
<arg>SZ</arg>
<arg>TC</arg>
<arg>TD</arg>
<arg>TF</arg>
<arg>TG</arg>
<arg>TH</arg>
<arg>TJ</arg>
<arg>TK</arg>
<arg>TL</arg>
<arg>TM</arg>
<arg>TN</arg>
<arg>TO</arg>
<arg>TR</arg>
<arg>TT</arg>
<arg>TV</arg>
<arg>TW</arg>
<arg>TZ</arg>
<arg>UA</arg>
<arg>UG</arg>
<arg>UM</arg>
<arg>US</arg>
<arg>UY</arg>
<arg>UZ</arg>
<arg>VA</arg>
<arg>VC</arg>
<arg>VE</arg>
<arg>VG</arg>
<arg>VI</arg>
<arg>VN</arg>
<arg>VU</arg>
<arg>WF</arg>
<arg>WS</arg>
<arg>XK</arg>
<arg>YE</arg>
<arg>YT</arg>
<arg>ZA</arg>
<arg>ZM</arg>
<arg>ZW</arg>
<doc>Returns a list containing given items.</doc>
<status status="PASS" start="2024-06-23T14:12:56.596565" elapsed="0.000616"/>
</kw>
<kw name="List Should Contain Value" owner="Collections">
<arg>${list_country}</arg>
<arg>${name_country}</arg>
<doc>Fails if the ``value`` is not found from ``list``.</doc>
<status status="PASS" start="2024-06-23T14:12:56.597983" elapsed="0.000202"/>
</kw>
<kw name="Run Keyword If" owner="BuiltIn">
<kw name="Should Be True" owner="BuiltIn">
<arg>${True}</arg>
<doc>Fails if the given condition is not true.</doc>
<status status="PASS" start="2024-06-23T14:12:56.599249" elapsed="0.000142"/>
</kw>
<arg>${json_data["results"][0]["location"]["coordinates"]["latitude"]} &gt;= -90 and ${json_data["results"][0]["location"]["coordinates"]["latitude"]} &lt;= 90</arg>
<arg>Should Be True</arg>
<arg>${True}</arg>
<doc>Runs the given keyword with the given arguments, if ``condition`` is true.</doc>
<status status="PASS" start="2024-06-23T14:12:56.598415" elapsed="0.001100"/>
</kw>
<kw name="Run Keyword If" owner="BuiltIn">
<kw name="Should Be True" owner="BuiltIn">
<arg>${True}</arg>
<doc>Fails if the given condition is not true.</doc>
<status status="PASS" start="2024-06-23T14:12:56.600375" elapsed="0.000262"/>
</kw>
<arg>${json_data["results"][0]["location"]["coordinates"]["longitude"]} &gt;= -180 and ${json_data["results"][0]["location"]["coordinates"]["longitude"]} &lt;= 180</arg>
<arg>Should Be True</arg>
<arg>${True}</arg>
<doc>Runs the given keyword with the given arguments, if ``condition`` is true.</doc>
<status status="PASS" start="2024-06-23T14:12:56.599697" elapsed="0.001066"/>
</kw>
<status status="PASS" start="2024-06-23T14:12:56.471507" elapsed="0.129390"/>
</kw>
<doc>Testa o conteúdo específico dos campos retornados pela API.</doc>
<tag>testeConteudo</tag>
<status status="PASS" start="2024-06-23T14:12:56.471053" elapsed="0.129996"/>
</test>
<status status="PASS" start="2024-06-23T14:12:55.631041" elapsed="0.971986"/>
</suite>
<status status="PASS" start="2024-06-23T14:12:55.616401" elapsed="0.991721"/>
</suite>
<statistics>
<total>
<stat pass="5" fail="0" skip="0">All Tests</stat>
</total>
<tag>
<stat pass="1" fail="0" skip="0">testeConteudo</stat>
<stat pass="1" fail="0" skip="0">testeEstruturaResposta</stat>
<stat pass="1" fail="0" skip="0">testeRequisicaoBasica</stat>
<stat pass="1" fail="0" skip="0">testeTiposDados</stat>
</tag>
<suite>
<stat pass="5" fail="0" skip="0" id="s1" name="Tests">Tests</stat>
<stat pass="5" fail="0" skip="0" id="s1-s1" name="Random-User-Test">Tests.Random-User-Test</stat>
</suite>
</statistics>
<errors>
</errors>
</robot>
