<?xml version="1.0" encoding="UTF-8"?>
<robot generator="Robot 7.0.1 (Python 3.12.4 on linux)" generated="2024-07-20T15:14:12.853572" rpa="false" schemaversion="5">
<suite id="s1" name="Tests" source="/home/runner/work/ApiRandomUser/ApiRandomUser/RamdonUser/tests">
<suite id="s1-s1" name="Random-User-Test" source="/home/runner/work/ApiRandomUser/ApiRandomUser/RamdonUser/tests/random-user-test.robot">
<test id="s1-s1-t1" name="Conectar" line="13">
<kw name="Conectar API" owner="random-user-service">
<kw name="Create Session" owner="RequestsLibrary">
<msg time="2024-07-20T15:14:13.255061" level="INFO">Creating Session using : alias=consultarAPI, url=https://randomuser.me/, headers={},                     cookies={}, auth=None, timeout=None, proxies=None, verify=False,                     debug=0 </msg>
<arg>consultarAPI</arg>
<arg>${URL}</arg>
<doc>Create Session: create a HTTP session to a server</doc>
<status status="PASS" start="2024-07-20T15:14:13.254874" elapsed="0.000354"/>
</kw>
<status status="PASS" start="2024-07-20T15:14:13.253896" elapsed="0.001670"/>
</kw>
<status status="PASS" start="2024-07-20T15:14:13.253311" elapsed="0.002445"/>
</test>
<test id="s1-s1-t2" name="Validar retorno 200 e JSON Válido" line="16">
<kw name="Teste de Requisicao Basica" owner="random-user-service">
<kw name="GET On Session" owner="RequestsLibrary">
<msg time="2024-07-20T15:14:13.510006" level="INFO">GET Request : url=https://randomuser.me/api 
 path_url=/api 
 headers={'User-Agent': 'python-requests/2.32.3', 'Accept-Encoding': 'gzip, deflate', 'Accept': '*/*', 'Connection': 'keep-alive'} 
 body=None 
 </msg>
<msg time="2024-07-20T15:14:13.510146" level="INFO">GET Response : url=https://randomuser.me/api 
 status=200, reason=OK 
 headers={'Date': 'Sat, 20 Jul 2024 15:14:13 GMT', 'Content-Type': 'application/json; charset=utf-8', 'Transfer-Encoding': 'chunked', 'Connection': 'keep-alive', 'X-Powered-By': 'Express', 'Access-Control-Allow-Origin': '*', 'Cache-Control': 'no-cache', 'ETag': 'W/"489-+UdyAtKw1GfSo8sveWcvG9/ghWk"', 'Vary': 'Accept-Encoding', 'Content-Encoding': 'gzip', 'CF-Cache-Status': 'DYNAMIC', 'Report-To': '{"endpoints":[{"url":"https:\\/\\/a.nel.cloudflare.com\\/report\\/v4?s=1G9uwFTFXJbpGImGhFxELG%2B2JgVn8RIKtvWrsAu5OJY1u5J7h8kV7DtJ0DxXwnYYQ%2BAMa9GCC1nN8pIEvllGJ7IeS6r8Wq2L6d1uuJV9Zh6a%2FRSNZuA%2FyrPIS7%2BTiGAB"}],"group":"cf-nel","max_age":604800}', 'NEL': '{"success_fraction":0,"report_to":"cf-nel","max_age":604800}', 'Server': 'cloudflare', 'CF-RAY': '8a63e6521e11062e-IAD', 'alt-svc': 'h3=":443"; ma=86400'} 
 body={"results":[{"gender":"male","name":{"title":"Mr","first":"Abelâmio","last":"da Mata"},"location":{"street":{"number":5337,"name":"Rua Belo Horizonte "},"city":"Itu","state":"Piauí","country":"Brazil","postcode":31277,"coordinates":{"latitude":"-80.9308","longitude":"-70.9198"},"timezone":{"offset":"+9:30","description":"Adelaide, Darwin"}},"email":"abelamio.damata@example.com","login":{"uuid":"04e826a3-82fa-486f-a15c-528260263176","username":"goldenrabbit392","password":"balloons","salt":"Hk9PHx96","md5":"9a633b9fe6c1c3610445e35be6daa344","sha1":"f55c6b08d96bf7024e7fe53de226ca60da869258","sha256":"fae8360f1835486e1ea0c7f217c71c2ba93af1ecc1dfc3a517d8feb1020330ce"},"dob":{"date":"1953-05-20T21:34:09.723Z","age":71},"registered":{"date":"2013-06-25T20:54:23.508Z","age":11},"phone":"(30) 1321-4338","cell":"(87) 3738-4112","id":{"name":"CPF","value":"965.451.353-07"},"picture":{"large":"https://randomuser.me/api/portraits/men/14.jpg","medium":"https://randomuser.me/api/portraits/med/men/14.jpg","thumbnail":"https://randomuser.me/api/portraits/thumb/men/14.jpg"},"nat":"BR"}],"info":{"seed":"70b1304bf25e4953","results":1,"page":1,"version":"1.4"}} 
 </msg>
<msg time="2024-07-20T15:14:13.510232" level="INFO">/opt/hostedtoolcache/Python/3.12.4/x64/lib/python3.12/site-packages/urllib3/connectionpool.py:1099: InsecureRequestWarning: Unverified HTTPS request is being made to host 'randomuser.me'. Adding certificate verification is strongly advised. See: https://urllib3.readthedocs.io/en/latest/advanced-usage.html#tls-warnings
  warnings.warn(</msg>
<msg time="2024-07-20T15:14:13.510368" level="INFO">${response} = &lt;Response [200]&gt;</msg>
<var>${response}</var>
<arg>consultarAPI</arg>
<arg>/api</arg>
<doc>Sends a GET request on a previously created HTTP Session.</doc>
<status status="PASS" start="2024-07-20T15:14:13.258431" elapsed="0.251980"/>
</kw>
<kw name="Should Be Equal As Numbers" owner="BuiltIn">
<msg time="2024-07-20T15:14:13.511349" level="INFO">Argument types are:
&lt;class 'int'&gt;
&lt;class 'str'&gt;</msg>
<arg>${response.status_code}</arg>
<arg>200</arg>
<doc>Fails if objects are unequal after converting them to real numbers.</doc>
<status status="PASS" start="2024-07-20T15:14:13.510879" elapsed="0.000535"/>
</kw>
<kw name="Log" owner="BuiltIn">
<msg time="2024-07-20T15:14:13.512120" level="INFO">200</msg>
<arg>${response.status_code}</arg>
<doc>Logs the given message with the given level.</doc>
<status status="PASS" start="2024-07-20T15:14:13.511730" elapsed="0.000436"/>
</kw>
<kw name="Set Variable" owner="BuiltIn">
<msg time="2024-07-20T15:14:13.512919" level="INFO">${json_data} = {'results': [{'gender': 'male', 'name': {'title': 'Mr', 'first': 'Abelâmio', 'last': 'da Mata'}, 'location': {'street': {'number': 5337, 'name': 'Rua Belo Horizonte '}, 'city': 'Itu', 'state': 'Piauí'...</msg>
<var>${json_data}</var>
<arg>${response.json()}</arg>
<doc>Returns the given values which can then be assigned to a variables.</doc>
<status status="PASS" start="2024-07-20T15:14:13.512479" elapsed="0.000470"/>
</kw>
<kw name="Dictionary Should Contain Key" owner="Collections">
<arg>${json_data}</arg>
<arg>results</arg>
<doc>Fails if ``key`` is not found from ``dictionary``.</doc>
<status status="PASS" start="2024-07-20T15:14:13.513254" elapsed="0.000310"/>
</kw>
<status status="PASS" start="2024-07-20T15:14:13.258180" elapsed="0.255536"/>
</kw>
<doc>Testa se a API responde corretamente e retorna um objeto JSON válido.</doc>
<tag>testeRequisicaoBasica</tag>
<status status="PASS" start="2024-07-20T15:14:13.257650" elapsed="0.256237"/>
</test>
<test id="s1-s1-t3" name="Validar estrutura de resposta" line="22">
<kw name="Teste de Estrutura de Resposta" owner="random-user-service">
<kw name="GET On Session" owner="RequestsLibrary">
<msg time="2024-07-20T15:14:13.620080" level="INFO">GET Request : url=https://randomuser.me/api 
 path_url=/api 
 headers={'User-Agent': 'python-requests/2.32.3', 'Accept-Encoding': 'gzip, deflate', 'Accept': '*/*', 'Connection': 'keep-alive'} 
 body=None 
 </msg>
<msg time="2024-07-20T15:14:13.620187" level="INFO">GET Response : url=https://randomuser.me/api 
 status=200, reason=OK 
 headers={'Date': 'Sat, 20 Jul 2024 15:14:13 GMT', 'Content-Type': 'application/json; charset=utf-8', 'Transfer-Encoding': 'chunked', 'Connection': 'keep-alive', 'X-Powered-By': 'Express', 'Access-Control-Allow-Origin': '*', 'Cache-Control': 'no-cache', 'ETag': 'W/"485-fQI/tKaxkQ+ibSZYUdW5MZY0hHM"', 'Vary': 'Accept-Encoding', 'Content-Encoding': 'gzip', 'CF-Cache-Status': 'DYNAMIC', 'Report-To': '{"endpoints":[{"url":"https:\\/\\/a.nel.cloudflare.com\\/report\\/v4?s=GBYDFIxxUW0QEj1MfnRKsOzYuzrCewLrfqWouO%2BSPnuRbtqFnxcVWKsOfMVF2LEekOub0v2uzIaSKoHh1c1aTyfToXoIhSGM1jfmnYi%2FRRQU0FnDcjnnRhKGt3BtEHFP"}],"group":"cf-nel","max_age":604800}', 'NEL': '{"success_fraction":0,"report_to":"cf-nel","max_age":604800}', 'Server': 'cloudflare', 'CF-RAY': '8a63e6527ea0062e-IAD', 'alt-svc': 'h3=":443"; ma=86400'} 
 body={"results":[{"gender":"female","name":{"title":"Miss","first":"Lilly","last":"Narum"},"location":{"street":{"number":7786,"name":"Trosterudstien"},"city":"Kåfjordbotn","state":"Description","country":"Norway","postcode":"5849","coordinates":{"latitude":"40.6608","longitude":"115.0764"},"timezone":{"offset":"-8:00","description":"Pacific Time (US &amp; Canada)"}},"email":"lilly.narum@example.com","login":{"uuid":"8922ce63-bd94-4afe-865b-36196afd2b1b","username":"sadduck493","password":"dylan1","salt":"ZKsO86WA","md5":"bbffc3cded13cb4001aa00850de8200b","sha1":"343e3a77fa298d55828566f189a973773f288dd7","sha256":"a8c581f461920bfb05e5f0a9111e4e282c2fea84991486e0d0100884c2f915eb"},"dob":{"date":"1951-06-09T12:02:56.717Z","age":73},"registered":{"date":"2014-06-16T10:31:17.072Z","age":10},"phone":"69817066","cell":"94545662","id":{"name":"FN","value":"09065141202"},"picture":{"large":"https://randomuser.me/api/portraits/women/38.jpg","medium":"https://randomuser.me/api/portraits/med/women/38.jpg","thumbnail":"https://randomuser.me/api/portraits/thumb/women/38.jpg"},"nat":"NO"}],"info":{"seed":"64fbcc1fc032d8a5","results":1,"page":1,"version":"1.4"}} 
 </msg>
<msg time="2024-07-20T15:14:13.620356" level="INFO">/opt/hostedtoolcache/Python/3.12.4/x64/lib/python3.12/site-packages/urllib3/connectionpool.py:1099: InsecureRequestWarning: Unverified HTTPS request is being made to host 'randomuser.me'. Adding certificate verification is strongly advised. See: https://urllib3.readthedocs.io/en/latest/advanced-usage.html#tls-warnings
  warnings.warn(</msg>
<msg time="2024-07-20T15:14:13.620500" level="INFO">${response} = &lt;Response [200]&gt;</msg>
<var>${response}</var>
<arg>consultarAPI</arg>
<arg>/api</arg>
<doc>Sends a GET request on a previously created HTTP Session.</doc>
<status status="PASS" start="2024-07-20T15:14:13.516463" elapsed="0.104100"/>
</kw>
<kw name="Set Variable" owner="BuiltIn">
<msg time="2024-07-20T15:14:13.621654" level="INFO">${json_data} = {'results': [{'gender': 'female', 'name': {'title': 'Miss', 'first': 'Lilly', 'last': 'Narum'}, 'location': {'street': {'number': 7786, 'name': 'Trosterudstien'}, 'city': 'Kåfjordbotn', 'state': 'Desc...</msg>
<var>${json_data}</var>
<arg>${response.json()}</arg>
<doc>Returns the given values which can then be assigned to a variables.</doc>
<status status="PASS" start="2024-07-20T15:14:13.621051" elapsed="0.000634"/>
</kw>
<kw name="Log" owner="BuiltIn">
<msg time="2024-07-20T15:14:13.622172" level="INFO">{'results': [{'gender': 'female', 'name': {'title': 'Miss', 'first': 'Lilly', 'last': 'Narum'}, 'location': {'street': {'number': 7786, 'name': 'Trosterudstien'}, 'city': 'Kåfjordbotn', 'state': 'Description', 'country': 'Norway', 'postcode': '5849', 'coordinates': {'latitude': '40.6608', 'longitude': '115.0764'}, 'timezone': {'offset': '-8:00', 'description': 'Pacific Time (US &amp; Canada)'}}, 'email': 'lilly.narum@example.com', 'login': {'uuid': '8922ce63-bd94-4afe-865b-36196afd2b1b', 'username': 'sadduck493', 'password': 'dylan1', 'salt': 'ZKsO86WA', 'md5': 'bbffc3cded13cb4001aa00850de8200b', 'sha1': '343e3a77fa298d55828566f189a973773f288dd7', 'sha256': 'a8c581f461920bfb05e5f0a9111e4e282c2fea84991486e0d0100884c2f915eb'}, 'dob': {'date': '1951-06-09T12:02:56.717Z', 'age': 73}, 'registered': {'date': '2014-06-16T10:31:17.072Z', 'age': 10}, 'phone': '69817066', 'cell': '94545662', 'id': {'name': 'FN', 'value': '09065141202'}, 'picture': {'large': 'https://randomuser.me/api/portraits/women/38.jpg', 'medium': 'https://randomuser.me/api/portraits/med/women/38.jpg', 'thumbnail': 'https://randomuser.me/api/portraits/thumb/women/38.jpg'}, 'nat': 'NO'}], 'info': {'seed': '64fbcc1fc032d8a5', 'results': 1, 'page': 1, 'version': '1.4'}}</msg>
<arg>${json_data}</arg>
<doc>Logs the given message with the given level.</doc>
<status status="PASS" start="2024-07-20T15:14:13.622006" elapsed="0.000228"/>
</kw>
<kw name="Dictionary Should Contain Key" owner="Collections">
<arg>${json_data}</arg>
<arg>results</arg>
<doc>Fails if ``key`` is not found from ``dictionary``.</doc>
<status status="PASS" start="2024-07-20T15:14:13.622544" elapsed="0.000161"/>
</kw>
<kw name="Should Not Be Empty" owner="BuiltIn">
<msg time="2024-07-20T15:14:13.623021" level="INFO">Length is 2.</msg>
<arg>${json_data}</arg>
<doc>Verifies that the given item is not empty.</doc>
<status status="PASS" start="2024-07-20T15:14:13.622896" elapsed="0.000164"/>
</kw>
<kw name="Create List" owner="BuiltIn">
<msg time="2024-07-20T15:14:13.623506" level="INFO">${expected_keys} = ['gender', 'name', 'location', 'email', 'login']</msg>
<var>${expected_keys}</var>
<arg>gender</arg>
<arg>name</arg>
<arg>location</arg>
<arg>email</arg>
<arg>login</arg>
<doc>Returns a list containing given items.</doc>
<status status="PASS" start="2024-07-20T15:14:13.623351" elapsed="0.000180"/>
</kw>
<for flavor="IN">
<iter>
<kw name="Dictionary Should Contain Key" owner="Collections">
<arg>${json_data['results'][0]}</arg>
<arg>${key}</arg>
<doc>Fails if ``key`` is not found from ``dictionary``.</doc>
<status status="PASS" start="2024-07-20T15:14:13.624142" elapsed="0.000408"/>
</kw>
<kw name="Log" owner="BuiltIn">
<msg time="2024-07-20T15:14:13.625098" level="INFO">{'gender': 'female', 'name': {'title': 'Miss', 'first': 'Lilly', 'last': 'Narum'}, 'location': {'street': {'number': 7786, 'name': 'Trosterudstien'}, 'city': 'Kåfjordbotn', 'state': 'Description', 'country': 'Norway', 'postcode': '5849', 'coordinates': {'latitude': '40.6608', 'longitude': '115.0764'}, 'timezone': {'offset': '-8:00', 'description': 'Pacific Time (US &amp; Canada)'}}, 'email': 'lilly.narum@example.com', 'login': {'uuid': '8922ce63-bd94-4afe-865b-36196afd2b1b', 'username': 'sadduck493', 'password': 'dylan1', 'salt': 'ZKsO86WA', 'md5': 'bbffc3cded13cb4001aa00850de8200b', 'sha1': '343e3a77fa298d55828566f189a973773f288dd7', 'sha256': 'a8c581f461920bfb05e5f0a9111e4e282c2fea84991486e0d0100884c2f915eb'}, 'dob': {'date': '1951-06-09T12:02:56.717Z', 'age': 73}, 'registered': {'date': '2014-06-16T10:31:17.072Z', 'age': 10}, 'phone': '69817066', 'cell': '94545662', 'id': {'name': 'FN', 'value': '09065141202'}, 'picture': {'large': 'https://randomuser.me/api/portraits/women/38.jpg', 'medium': 'https://randomuser.me/api/portraits/med/women/38.jpg', 'thumbnail': 'https://randomuser.me/api/portraits/thumb/women/38.jpg'}, 'nat': 'NO'}</msg>
<arg>${json_data['results'][0]}</arg>
<doc>Logs the given message with the given level.</doc>
<status status="PASS" start="2024-07-20T15:14:13.624737" elapsed="0.000415"/>
</kw>
<kw name="Log" owner="BuiltIn">
<msg time="2024-07-20T15:14:13.625576" level="INFO">gender</msg>
<arg>${key}</arg>
<doc>Logs the given message with the given level.</doc>
<status status="PASS" start="2024-07-20T15:14:13.625449" elapsed="0.000166"/>
</kw>
<var name="${key}">gender</var>
<status status="PASS" start="2024-07-20T15:14:13.623989" elapsed="0.001843"/>
</iter>
<iter>
<kw name="Dictionary Should Contain Key" owner="Collections">
<arg>${json_data['results'][0]}</arg>
<arg>${key}</arg>
<doc>Fails if ``key`` is not found from ``dictionary``.</doc>
<status status="PASS" start="2024-07-20T15:14:13.626146" elapsed="0.000380"/>
</kw>
<kw name="Log" owner="BuiltIn">
<msg time="2024-07-20T15:14:13.627071" level="INFO">{'gender': 'female', 'name': {'title': 'Miss', 'first': 'Lilly', 'last': 'Narum'}, 'location': {'street': {'number': 7786, 'name': 'Trosterudstien'}, 'city': 'Kåfjordbotn', 'state': 'Description', 'country': 'Norway', 'postcode': '5849', 'coordinates': {'latitude': '40.6608', 'longitude': '115.0764'}, 'timezone': {'offset': '-8:00', 'description': 'Pacific Time (US &amp; Canada)'}}, 'email': 'lilly.narum@example.com', 'login': {'uuid': '8922ce63-bd94-4afe-865b-36196afd2b1b', 'username': 'sadduck493', 'password': 'dylan1', 'salt': 'ZKsO86WA', 'md5': 'bbffc3cded13cb4001aa00850de8200b', 'sha1': '343e3a77fa298d55828566f189a973773f288dd7', 'sha256': 'a8c581f461920bfb05e5f0a9111e4e282c2fea84991486e0d0100884c2f915eb'}, 'dob': {'date': '1951-06-09T12:02:56.717Z', 'age': 73}, 'registered': {'date': '2014-06-16T10:31:17.072Z', 'age': 10}, 'phone': '69817066', 'cell': '94545662', 'id': {'name': 'FN', 'value': '09065141202'}, 'picture': {'large': 'https://randomuser.me/api/portraits/women/38.jpg', 'medium': 'https://randomuser.me/api/portraits/med/women/38.jpg', 'thumbnail': 'https://randomuser.me/api/portraits/thumb/women/38.jpg'}, 'nat': 'NO'}</msg>
<arg>${json_data['results'][0]}</arg>
<doc>Logs the given message with the given level.</doc>
<status status="PASS" start="2024-07-20T15:14:13.626709" elapsed="0.000446"/>
</kw>
<kw name="Log" owner="BuiltIn">
<msg time="2024-07-20T15:14:13.627584" level="INFO">name</msg>
<arg>${key}</arg>
<doc>Logs the given message with the given level.</doc>
<status status="PASS" start="2024-07-20T15:14:13.627457" elapsed="0.000165"/>
</kw>
<var name="${key}">name</var>
<status status="PASS" start="2024-07-20T15:14:13.626035" elapsed="0.001801"/>
</iter>
<iter>
<kw name="Dictionary Should Contain Key" owner="Collections">
<arg>${json_data['results'][0]}</arg>
<arg>${key}</arg>
<doc>Fails if ``key`` is not found from ``dictionary``.</doc>
<status status="PASS" start="2024-07-20T15:14:13.628207" elapsed="0.000388"/>
</kw>
<kw name="Log" owner="BuiltIn">
<msg time="2024-07-20T15:14:13.629141" level="INFO">{'gender': 'female', 'name': {'title': 'Miss', 'first': 'Lilly', 'last': 'Narum'}, 'location': {'street': {'number': 7786, 'name': 'Trosterudstien'}, 'city': 'Kåfjordbotn', 'state': 'Description', 'country': 'Norway', 'postcode': '5849', 'coordinates': {'latitude': '40.6608', 'longitude': '115.0764'}, 'timezone': {'offset': '-8:00', 'description': 'Pacific Time (US &amp; Canada)'}}, 'email': 'lilly.narum@example.com', 'login': {'uuid': '8922ce63-bd94-4afe-865b-36196afd2b1b', 'username': 'sadduck493', 'password': 'dylan1', 'salt': 'ZKsO86WA', 'md5': 'bbffc3cded13cb4001aa00850de8200b', 'sha1': '343e3a77fa298d55828566f189a973773f288dd7', 'sha256': 'a8c581f461920bfb05e5f0a9111e4e282c2fea84991486e0d0100884c2f915eb'}, 'dob': {'date': '1951-06-09T12:02:56.717Z', 'age': 73}, 'registered': {'date': '2014-06-16T10:31:17.072Z', 'age': 10}, 'phone': '69817066', 'cell': '94545662', 'id': {'name': 'FN', 'value': '09065141202'}, 'picture': {'large': 'https://randomuser.me/api/portraits/women/38.jpg', 'medium': 'https://randomuser.me/api/portraits/med/women/38.jpg', 'thumbnail': 'https://randomuser.me/api/portraits/thumb/women/38.jpg'}, 'nat': 'NO'}</msg>
<arg>${json_data['results'][0]}</arg>
<doc>Logs the given message with the given level.</doc>
<status status="PASS" start="2024-07-20T15:14:13.628782" elapsed="0.000412"/>
</kw>
<kw name="Log" owner="BuiltIn">
<msg time="2024-07-20T15:14:13.629624" level="INFO">location</msg>
<arg>${key}</arg>
<doc>Logs the given message with the given level.</doc>
<status status="PASS" start="2024-07-20T15:14:13.629499" elapsed="0.000163"/>
</kw>
<var name="${key}">location</var>
<status status="PASS" start="2024-07-20T15:14:13.628072" elapsed="0.001806"/>
</iter>
<iter>
<kw name="Dictionary Should Contain Key" owner="Collections">
<arg>${json_data['results'][0]}</arg>
<arg>${key}</arg>
<doc>Fails if ``key`` is not found from ``dictionary``.</doc>
<status status="PASS" start="2024-07-20T15:14:13.630165" elapsed="0.000403"/>
</kw>
<kw name="Log" owner="BuiltIn">
<msg time="2024-07-20T15:14:13.631228" level="INFO">{'gender': 'female', 'name': {'title': 'Miss', 'first': 'Lilly', 'last': 'Narum'}, 'location': {'street': {'number': 7786, 'name': 'Trosterudstien'}, 'city': 'Kåfjordbotn', 'state': 'Description', 'country': 'Norway', 'postcode': '5849', 'coordinates': {'latitude': '40.6608', 'longitude': '115.0764'}, 'timezone': {'offset': '-8:00', 'description': 'Pacific Time (US &amp; Canada)'}}, 'email': 'lilly.narum@example.com', 'login': {'uuid': '8922ce63-bd94-4afe-865b-36196afd2b1b', 'username': 'sadduck493', 'password': 'dylan1', 'salt': 'ZKsO86WA', 'md5': 'bbffc3cded13cb4001aa00850de8200b', 'sha1': '343e3a77fa298d55828566f189a973773f288dd7', 'sha256': 'a8c581f461920bfb05e5f0a9111e4e282c2fea84991486e0d0100884c2f915eb'}, 'dob': {'date': '1951-06-09T12:02:56.717Z', 'age': 73}, 'registered': {'date': '2014-06-16T10:31:17.072Z', 'age': 10}, 'phone': '69817066', 'cell': '94545662', 'id': {'name': 'FN', 'value': '09065141202'}, 'picture': {'large': 'https://randomuser.me/api/portraits/women/38.jpg', 'medium': 'https://randomuser.me/api/portraits/med/women/38.jpg', 'thumbnail': 'https://randomuser.me/api/portraits/thumb/women/38.jpg'}, 'nat': 'NO'}</msg>
<arg>${json_data['results'][0]}</arg>
<doc>Logs the given message with the given level.</doc>
<status status="PASS" start="2024-07-20T15:14:13.630869" elapsed="0.000413"/>
</kw>
<kw name="Log" owner="BuiltIn">
<msg time="2024-07-20T15:14:13.631712" level="INFO">email</msg>
<arg>${key}</arg>
<doc>Logs the given message with the given level.</doc>
<status status="PASS" start="2024-07-20T15:14:13.631584" elapsed="0.000166"/>
</kw>
<var name="${key}">email</var>
<status status="PASS" start="2024-07-20T15:14:13.630050" elapsed="0.001915"/>
</iter>
<iter>
<kw name="Dictionary Should Contain Key" owner="Collections">
<arg>${json_data['results'][0]}</arg>
<arg>${key}</arg>
<doc>Fails if ``key`` is not found from ``dictionary``.</doc>
<status status="PASS" start="2024-07-20T15:14:13.632289" elapsed="0.000380"/>
</kw>
<kw name="Log" owner="BuiltIn">
<msg time="2024-07-20T15:14:13.633199" level="INFO">{'gender': 'female', 'name': {'title': 'Miss', 'first': 'Lilly', 'last': 'Narum'}, 'location': {'street': {'number': 7786, 'name': 'Trosterudstien'}, 'city': 'Kåfjordbotn', 'state': 'Description', 'country': 'Norway', 'postcode': '5849', 'coordinates': {'latitude': '40.6608', 'longitude': '115.0764'}, 'timezone': {'offset': '-8:00', 'description': 'Pacific Time (US &amp; Canada)'}}, 'email': 'lilly.narum@example.com', 'login': {'uuid': '8922ce63-bd94-4afe-865b-36196afd2b1b', 'username': 'sadduck493', 'password': 'dylan1', 'salt': 'ZKsO86WA', 'md5': 'bbffc3cded13cb4001aa00850de8200b', 'sha1': '343e3a77fa298d55828566f189a973773f288dd7', 'sha256': 'a8c581f461920bfb05e5f0a9111e4e282c2fea84991486e0d0100884c2f915eb'}, 'dob': {'date': '1951-06-09T12:02:56.717Z', 'age': 73}, 'registered': {'date': '2014-06-16T10:31:17.072Z', 'age': 10}, 'phone': '69817066', 'cell': '94545662', 'id': {'name': 'FN', 'value': '09065141202'}, 'picture': {'large': 'https://randomuser.me/api/portraits/women/38.jpg', 'medium': 'https://randomuser.me/api/portraits/med/women/38.jpg', 'thumbnail': 'https://randomuser.me/api/portraits/thumb/women/38.jpg'}, 'nat': 'NO'}</msg>
<arg>${json_data['results'][0]}</arg>
<doc>Logs the given message with the given level.</doc>
<status status="PASS" start="2024-07-20T15:14:13.632851" elapsed="0.000401"/>
</kw>
<kw name="Log" owner="BuiltIn">
<msg time="2024-07-20T15:14:13.633672" level="INFO">login</msg>
<arg>${key}</arg>
<doc>Logs the given message with the given level.</doc>
<status status="PASS" start="2024-07-20T15:14:13.633546" elapsed="0.000163"/>
</kw>
<var name="${key}">login</var>
<status status="PASS" start="2024-07-20T15:14:13.632178" elapsed="0.001751"/>
</iter>
<var>${key}</var>
<value>@{expected_keys}</value>
<status status="PASS" start="2024-07-20T15:14:13.623796" elapsed="0.010253"/>
</for>
<kw name="Create List" owner="BuiltIn">
<msg time="2024-07-20T15:14:13.634367" level="INFO">${expected_keysTwo} = ['username', 'password']</msg>
<var>${expected_keysTwo}</var>
<arg>username</arg>
<arg>password</arg>
<doc>Returns a list containing given items.</doc>
<status status="PASS" start="2024-07-20T15:14:13.634237" elapsed="0.000155"/>
</kw>
<for flavor="IN">
<iter>
<kw name="Dictionary Should Contain Key" owner="Collections">
<arg>${json_data['results'][0]['login']}</arg>
<arg>${keyTwo}</arg>
<doc>Fails if ``key`` is not found from ``dictionary``.</doc>
<status status="PASS" start="2024-07-20T15:14:13.634910" elapsed="0.000386"/>
</kw>
<kw name="Dictionary Should Contain Key" owner="Collections">
<arg>${json_data['results'][0]['login']}</arg>
<arg>${keyTwo}</arg>
<doc>Fails if ``key`` is not found from ``dictionary``.</doc>
<status status="PASS" start="2024-07-20T15:14:13.635476" elapsed="0.000366"/>
</kw>
<kw name="Log" owner="BuiltIn">
<msg time="2024-07-20T15:14:13.636163" level="INFO">username</msg>
<arg>${keyTwo}</arg>
<doc>Logs the given message with the given level.</doc>
<status status="PASS" start="2024-07-20T15:14:13.636040" elapsed="0.000161"/>
</kw>
<var name="${keyTwo}">username</var>
<status status="PASS" start="2024-07-20T15:14:13.634803" elapsed="0.001615"/>
</iter>
<iter>
<kw name="Dictionary Should Contain Key" owner="Collections">
<arg>${json_data['results'][0]['login']}</arg>
<arg>${keyTwo}</arg>
<doc>Fails if ``key`` is not found from ``dictionary``.</doc>
<status status="PASS" start="2024-07-20T15:14:13.636700" elapsed="0.000378"/>
</kw>
<kw name="Dictionary Should Contain Key" owner="Collections">
<arg>${json_data['results'][0]['login']}</arg>
<arg>${keyTwo}</arg>
<doc>Fails if ``key`` is not found from ``dictionary``.</doc>
<status status="PASS" start="2024-07-20T15:14:13.637254" elapsed="0.000368"/>
</kw>
<kw name="Log" owner="BuiltIn">
<msg time="2024-07-20T15:14:13.637921" level="INFO">password</msg>
<arg>${keyTwo}</arg>
<doc>Logs the given message with the given level.</doc>
<status status="PASS" start="2024-07-20T15:14:13.637797" elapsed="0.000161"/>
</kw>
<var name="${keyTwo}">password</var>
<status status="PASS" start="2024-07-20T15:14:13.636589" elapsed="0.001585"/>
</iter>
<var>${keyTwo}</var>
<value>@{expected_keysTwo}</value>
<status status="PASS" start="2024-07-20T15:14:13.634652" elapsed="0.003642"/>
</for>
<status status="PASS" start="2024-07-20T15:14:13.516227" elapsed="0.122206"/>
</kw>
<doc>Testa a estrutura da resposta da API.</doc>
<tag>testeEstruturaResposta</tag>
<status status="PASS" start="2024-07-20T15:14:13.515721" elapsed="0.122860"/>
</test>
<test id="s1-s1-t4" name="Validar tipos de dados" line="28">
<kw name="Teste de Tipos de Dados" owner="random-user-service">
<kw name="GET On Session" owner="RequestsLibrary">
<msg time="2024-07-20T15:14:13.715696" level="INFO">GET Request : url=https://randomuser.me/api 
 path_url=/api 
 headers={'User-Agent': 'python-requests/2.32.3', 'Accept-Encoding': 'gzip, deflate', 'Accept': '*/*', 'Connection': 'keep-alive'} 
 body=None 
 </msg>
<msg time="2024-07-20T15:14:13.715784" level="INFO">GET Response : url=https://randomuser.me/api 
 status=200, reason=OK 
 headers={'Date': 'Sat, 20 Jul 2024 15:14:13 GMT', 'Content-Type': 'application/json; charset=utf-8', 'Transfer-Encoding': 'chunked', 'Connection': 'keep-alive', 'X-Powered-By': 'Express', 'Access-Control-Allow-Origin': '*', 'Cache-Control': 'no-cache', 'ETag': 'W/"48d-4joneSBGkQfPs7gF8uBubx4Sr+w"', 'Vary': 'Accept-Encoding', 'Content-Encoding': 'gzip', 'CF-Cache-Status': 'DYNAMIC', 'Report-To': '{"endpoints":[{"url":"https:\\/\\/a.nel.cloudflare.com\\/report\\/v4?s=lGboHd4kB1dQ9hPueBbnQjcbZR6gQ6FxPd5jcF9OIqVgjpwo0EIBDKv8qE8qMvCkifa9LoXxUEYaKBeD5vnaaPq5uXA73CmD0OQvQbMsrqcX17J0sEAQgQKwfFAhMpmR"}],"group":"cf-nel","max_age":604800}', 'NEL': '{"success_fraction":0,"report_to":"cf-nel","max_age":604800}', 'Server': 'cloudflare', 'CF-RAY': '8a63e6534f6b062e-IAD', 'alt-svc': 'h3=":443"; ma=86400'} 
 body={"results":[{"gender":"female","name":{"title":"Mrs","first":"Asta","last":"Johansen"},"location":{"street":{"number":6589,"name":"Kongevejen"},"city":"Hirtsals","state":"Hovedstaden","country":"Denmark","postcode":46322,"coordinates":{"latitude":"-45.8809","longitude":"134.0551"},"timezone":{"offset":"+4:00","description":"Abu Dhabi, Muscat, Baku, Tbilisi"}},"email":"asta.johansen@example.com","login":{"uuid":"1479a743-6a5b-4667-b460-486719667009","username":"angryelephant602","password":"godfathe","salt":"MvRAyE7t","md5":"b7fadc087f4906d11138b01177945370","sha1":"e9a1c01d69974b1f68a63e1718f3440d37f80245","sha256":"f61c7426aa4a1fdfa4311eaee4eca7c26de2b4cd9c085ec4acdcb6982c0073e2"},"dob":{"date":"1967-12-24T18:23:43.952Z","age":56},"registered":{"date":"2011-01-18T16:48:59.799Z","age":13},"phone":"54440067","cell":"84966287","id":{"name":"CPR","value":"241267-7590"},"picture":{"large":"https://randomuser.me/api/portraits/women/8.jpg","medium":"https://randomuser.me/api/portraits/med/women/8.jpg","thumbnail":"https://randomuser.me/api/portraits/thumb/women/8.jpg"},"nat":"DK"}],"info":{"seed":"4a5312382d2a4650","results":1,"page":1,"version":"1.4"}} 
 </msg>
<msg time="2024-07-20T15:14:13.715867" level="INFO">/opt/hostedtoolcache/Python/3.12.4/x64/lib/python3.12/site-packages/urllib3/connectionpool.py:1099: InsecureRequestWarning: Unverified HTTPS request is being made to host 'randomuser.me'. Adding certificate verification is strongly advised. See: https://urllib3.readthedocs.io/en/latest/advanced-usage.html#tls-warnings
  warnings.warn(</msg>
<msg time="2024-07-20T15:14:13.715984" level="INFO">${response} = &lt;Response [200]&gt;</msg>
<var>${response}</var>
<arg>consultarAPI</arg>
<arg>/api</arg>
<doc>Sends a GET request on a previously created HTTP Session.</doc>
<status status="PASS" start="2024-07-20T15:14:13.640979" elapsed="0.075081"/>
</kw>
<kw name="Set Variable" owner="BuiltIn">
<msg time="2024-07-20T15:14:13.717063" level="INFO">${json_data} = {'results': [{'gender': 'female', 'name': {'title': 'Mrs', 'first': 'Asta', 'last': 'Johansen'}, 'location': {'street': {'number': 6589, 'name': 'Kongevejen'}, 'city': 'Hirtsals', 'state': 'Hovedstade...</msg>
<var>${json_data}</var>
<arg>${response.json()}</arg>
<doc>Returns the given values which can then be assigned to a variables.</doc>
<status status="PASS" start="2024-07-20T15:14:13.716531" elapsed="0.000561"/>
</kw>
<kw name="Log" owner="BuiltIn">
<msg time="2024-07-20T15:14:13.717563" level="INFO">{'results': [{'gender': 'female', 'name': {'title': 'Mrs', 'first': 'Asta', 'last': 'Johansen'}, 'location': {'street': {'number': 6589, 'name': 'Kongevejen'}, 'city': 'Hirtsals', 'state': 'Hovedstaden', 'country': 'Denmark', 'postcode': 46322, 'coordinates': {'latitude': '-45.8809', 'longitude': '134.0551'}, 'timezone': {'offset': '+4:00', 'description': 'Abu Dhabi, Muscat, Baku, Tbilisi'}}, 'email': 'asta.johansen@example.com', 'login': {'uuid': '1479a743-6a5b-4667-b460-486719667009', 'username': 'angryelephant602', 'password': 'godfathe', 'salt': 'MvRAyE7t', 'md5': 'b7fadc087f4906d11138b01177945370', 'sha1': 'e9a1c01d69974b1f68a63e1718f3440d37f80245', 'sha256': 'f61c7426aa4a1fdfa4311eaee4eca7c26de2b4cd9c085ec4acdcb6982c0073e2'}, 'dob': {'date': '1967-12-24T18:23:43.952Z', 'age': 56}, 'registered': {'date': '2011-01-18T16:48:59.799Z', 'age': 13}, 'phone': '54440067', 'cell': '84966287', 'id': {'name': 'CPR', 'value': '241267-7590'}, 'picture': {'large': 'https://randomuser.me/api/portraits/women/8.jpg', 'medium': 'https://randomuser.me/api/portraits/med/women/8.jpg', 'thumbnail': 'https://randomuser.me/api/portraits/thumb/women/8.jpg'}, 'nat': 'DK'}], 'info': {'seed': '4a5312382d2a4650', 'results': 1, 'page': 1, 'version': '1.4'}}</msg>
<arg>${json_data}</arg>
<doc>Logs the given message with the given level.</doc>
<status status="PASS" start="2024-07-20T15:14:13.717408" elapsed="0.000207"/>
</kw>
<kw name="Should Be String" owner="String">
<arg>${json_data['results'][0]['gender']}</arg>
<doc>Fails if the given ``item`` is not a string.</doc>
<status status="PASS" start="2024-07-20T15:14:13.717909" elapsed="0.000375"/>
</kw>
<kw name="Should Match Regexp" owner="BuiltIn">
<arg>${json_data['results'][0]['email']}</arg>
<arg>^[a-zA-Z0-9._%+-]+@[a-zA-Z0-9.-]+\.[a-zA-Z]{2,}$</arg>
<doc>Fails if ``string`` does not match ``pattern`` as a regular expression.</doc>
<status status="PASS" start="2024-07-20T15:14:13.718472" elapsed="0.000536"/>
</kw>
<kw name="Should Match Regexp" owner="BuiltIn">
<arg>${json_data['results'][0]['dob']['date']}</arg>
<arg>\\d{4}-\\d{2}-\\d{2}T\\d{2}:\\d{2}:\\d{2}\\.\\d{3}Z</arg>
<doc>Fails if ``string`` does not match ``pattern`` as a regular expression.</doc>
<status status="PASS" start="2024-07-20T15:14:13.719231" elapsed="0.000598"/>
</kw>
<kw name="Should Match Regexp" owner="BuiltIn">
<arg>${json_data['results'][0]['registered']['date']}</arg>
<arg>\\d{4}-\\d{2}-\\d{2}T\\d{2}:\\d{2}:\\d{2}\\.\\d{3}Z</arg>
<doc>Fails if ``string`` does not match ``pattern`` as a regular expression.</doc>
<status status="PASS" start="2024-07-20T15:14:13.720042" elapsed="0.000376"/>
</kw>
<kw name="Should Match Regexp" owner="BuiltIn">
<arg>${json_data['results'][0]['picture']['large']}</arg>
<arg>^https?://.*\.(?:png|jpe?g|gif|bmp)$</arg>
<doc>Fails if ``string`` does not match ``pattern`` as a regular expression.</doc>
<status status="PASS" start="2024-07-20T15:14:13.720602" elapsed="0.000469"/>
</kw>
<kw name="Should Match Regexp" owner="BuiltIn">
<arg>${json_data['results'][0]['picture']['medium']}</arg>
<arg>^https?://.*\.(?:png|jpe?g|gif|bmp)$</arg>
<doc>Fails if ``string`` does not match ``pattern`` as a regular expression.</doc>
<status status="PASS" start="2024-07-20T15:14:13.721260" elapsed="0.000351"/>
</kw>
<kw name="Should Match Regexp" owner="BuiltIn">
<arg>${json_data['results'][0]['picture']['thumbnail']}</arg>
<arg>^https?://.*\.(?:png|jpe?g|gif|bmp)$</arg>
<doc>Fails if ``string`` does not match ``pattern`` as a regular expression.</doc>
<status status="PASS" start="2024-07-20T15:14:13.721792" elapsed="0.000347"/>
</kw>
<kw name="Log" owner="BuiltIn">
<msg time="2024-07-20T15:14:13.722640" level="INFO">{'large': 'https://randomuser.me/api/portraits/women/8.jpg', 'medium': 'https://randomuser.me/api/portraits/med/women/8.jpg', 'thumbnail': 'https://randomuser.me/api/portraits/thumb/women/8.jpg'}</msg>
<arg>${json_data['results'][0]['picture']}</arg>
<doc>Logs the given message with the given level.</doc>
<status status="PASS" start="2024-07-20T15:14:13.722318" elapsed="0.000365"/>
</kw>
<status status="PASS" start="2024-07-20T15:14:13.640765" elapsed="0.082175"/>
</kw>
<kw name="Teste de Tipos de Dados - Postcode" owner="random-user-service">
<kw name="GET On Session" owner="RequestsLibrary">
<msg time="2024-07-20T15:14:13.814233" level="INFO">GET Request : url=https://randomuser.me/api 
 path_url=/api 
 headers={'User-Agent': 'python-requests/2.32.3', 'Accept-Encoding': 'gzip, deflate', 'Accept': '*/*', 'Connection': 'keep-alive'} 
 body=None 
 </msg>
<msg time="2024-07-20T15:14:13.814329" level="INFO">GET Response : url=https://randomuser.me/api 
 status=200, reason=OK 
 headers={'Date': 'Sat, 20 Jul 2024 15:14:13 GMT', 'Content-Type': 'application/json; charset=utf-8', 'Transfer-Encoding': 'chunked', 'Connection': 'keep-alive', 'X-Powered-By': 'Express', 'Access-Control-Allow-Origin': '*', 'Cache-Control': 'no-cache', 'ETag': 'W/"486-dyFfBSFgdWfrpLWPGeQ8E81JC2Q"', 'Vary': 'Accept-Encoding', 'Content-Encoding': 'gzip', 'CF-Cache-Status': 'DYNAMIC', 'Report-To': '{"endpoints":[{"url":"https:\\/\\/a.nel.cloudflare.com\\/report\\/v4?s=A%2FiTGQbEib3tKAK3YUuDGeGrWjdLugAuJZiDp15Bn74bM4aKlVCWxvPtdX2iCaw9G9djxGSdneXXp2bXg5SYBZkrGIkpPFcQK43k%2BiwhIFkyJsXftsKOc%2BYSWu65zHiy"}],"group":"cf-nel","max_age":604800}', 'NEL': '{"success_fraction":0,"report_to":"cf-nel","max_age":604800}', 'Server': 'cloudflare', 'CF-RAY': '8a63e653cfe9062e-IAD', 'alt-svc': 'h3=":443"; ma=86400'} 
 body={"results":[{"gender":"male","name":{"title":"Mr","first":"Nathan","last":"Fleming"},"location":{"street":{"number":115,"name":"Tara Street"},"city":"Celbridge","state":"Kildare","country":"Ireland","postcode":82999,"coordinates":{"latitude":"2.2448","longitude":"-99.1943"},"timezone":{"offset":"+11:00","description":"Magadan, Solomon Islands, New Caledonia"}},"email":"nathan.fleming@example.com","login":{"uuid":"b4f0d36c-4d00-4d84-a1d9-cc7034adee0d","username":"tinylion783","password":"anton","salt":"pZab1Gtk","md5":"d1be39465150a04f741d7faf8be5ba14","sha1":"e4427596b836ba9ddffc9b44b23f1df5cd14523f","sha256":"04ce25b27ae7519d13ee6e07051064098829ab1240a675f39074d8d4fa5084b9"},"dob":{"date":"1989-04-14T04:41:38.841Z","age":35},"registered":{"date":"2011-10-05T09:22:34.640Z","age":12},"phone":"021-268-9908","cell":"081-456-6478","id":{"name":"PPS","value":"6210215T"},"picture":{"large":"https://randomuser.me/api/portraits/men/1.jpg","medium":"https://randomuser.me/api/portraits/med/men/1.jpg","thumbnail":"https://randomuser.me/api/portraits/thumb/men/1.jpg"},"nat":"IE"}],"info":{"seed":"b924325ad98bce35","results":1,"page":1,"version":"1.4"}} 
 </msg>
<msg time="2024-07-20T15:14:13.814422" level="INFO">/opt/hostedtoolcache/Python/3.12.4/x64/lib/python3.12/site-packages/urllib3/connectionpool.py:1099: InsecureRequestWarning: Unverified HTTPS request is being made to host 'randomuser.me'. Adding certificate verification is strongly advised. See: https://urllib3.readthedocs.io/en/latest/advanced-usage.html#tls-warnings
  warnings.warn(</msg>
<msg time="2024-07-20T15:14:13.814557" level="INFO">${response} = &lt;Response [200]&gt;</msg>
<var>${response}</var>
<arg>consultarAPI</arg>
<arg>/api</arg>
<doc>Sends a GET request on a previously created HTTP Session.</doc>
<status status="PASS" start="2024-07-20T15:14:13.723375" elapsed="0.091242"/>
</kw>
<kw name="Set Variable" owner="BuiltIn">
<msg time="2024-07-20T15:14:13.815611" level="INFO">${json_data} = {'results': [{'gender': 'male', 'name': {'title': 'Mr', 'first': 'Nathan', 'last': 'Fleming'}, 'location': {'street': {'number': 115, 'name': 'Tara Street'}, 'city': 'Celbridge', 'state': 'Kildare', '...</msg>
<var>${json_data}</var>
<arg>${response.json()}</arg>
<doc>Returns the given values which can then be assigned to a variables.</doc>
<status status="PASS" start="2024-07-20T15:14:13.815082" elapsed="0.000562"/>
</kw>
<kw name="Log" owner="BuiltIn">
<msg time="2024-07-20T15:14:13.816156" level="INFO">{'results': [{'gender': 'male', 'name': {'title': 'Mr', 'first': 'Nathan', 'last': 'Fleming'}, 'location': {'street': {'number': 115, 'name': 'Tara Street'}, 'city': 'Celbridge', 'state': 'Kildare', 'country': 'Ireland', 'postcode': 82999, 'coordinates': {'latitude': '2.2448', 'longitude': '-99.1943'}, 'timezone': {'offset': '+11:00', 'description': 'Magadan, Solomon Islands, New Caledonia'}}, 'email': 'nathan.fleming@example.com', 'login': {'uuid': 'b4f0d36c-4d00-4d84-a1d9-cc7034adee0d', 'username': 'tinylion783', 'password': 'anton', 'salt': 'pZab1Gtk', 'md5': 'd1be39465150a04f741d7faf8be5ba14', 'sha1': 'e4427596b836ba9ddffc9b44b23f1df5cd14523f', 'sha256': '04ce25b27ae7519d13ee6e07051064098829ab1240a675f39074d8d4fa5084b9'}, 'dob': {'date': '1989-04-14T04:41:38.841Z', 'age': 35}, 'registered': {'date': '2011-10-05T09:22:34.640Z', 'age': 12}, 'phone': '021-268-9908', 'cell': '081-456-6478', 'id': {'name': 'PPS', 'value': '6210215T'}, 'picture': {'large': 'https://randomuser.me/api/portraits/men/1.jpg', 'medium': 'https://randomuser.me/api/portraits/med/men/1.jpg', 'thumbnail': 'https://randomuser.me/api/portraits/thumb/men/1.jpg'}, 'nat': 'IE'}], 'info': {'seed': 'b924325ad98bce35', 'results': 1, 'page': 1, 'version': '1.4'}}</msg>
<arg>${json_data}</arg>
<doc>Logs the given message with the given level.</doc>
<status status="PASS" start="2024-07-20T15:14:13.815978" elapsed="0.000228"/>
</kw>
<kw name="Should Be Equal As Numbers" owner="BuiltIn">
<arg>${json_data['results'][0]['location']['postcode']}</arg>
<arg>${json_data['results'][0]['location']['postcode']}</arg>
<doc>Fails if objects are unequal after converting them to real numbers.</doc>
<status status="PASS" start="2024-07-20T15:14:13.816500" elapsed="0.000690"/>
</kw>
<kw name="Log" owner="BuiltIn">
<msg time="2024-07-20T15:14:13.817731" level="INFO">82999</msg>
<arg>${json_data['results'][0]['location']['postcode']}</arg>
<doc>Logs the given message with the given level.</doc>
<status status="PASS" start="2024-07-20T15:14:13.817391" elapsed="0.000380"/>
</kw>
<status status="PASS" start="2024-07-20T15:14:13.723152" elapsed="0.094891"/>
</kw>
<doc>Testa se os tipos de dados na resposta da API estão corretos.</doc>
<tag>testeTiposDados</tag>
<status status="PASS" start="2024-07-20T15:14:13.640345" elapsed="0.177857"/>
</test>
<test id="s1-s1-t5" name="Validar conteudo" line="35">
<kw name="Teste de Tipos de Conteudo" owner="random-user-service">
<kw name="GET On Session" owner="RequestsLibrary">
<msg time="2024-07-20T15:14:13.925037" level="INFO">GET Request : url=https://randomuser.me/api 
 path_url=/api 
 headers={'User-Agent': 'python-requests/2.32.3', 'Accept-Encoding': 'gzip, deflate', 'Accept': '*/*', 'Connection': 'keep-alive'} 
 body=None 
 </msg>
<msg time="2024-07-20T15:14:13.925131" level="INFO">GET Response : url=https://randomuser.me/api 
 status=200, reason=OK 
 headers={'Date': 'Sat, 20 Jul 2024 15:14:13 GMT', 'Content-Type': 'application/json; charset=utf-8', 'Transfer-Encoding': 'chunked', 'Connection': 'keep-alive', 'X-Powered-By': 'Express', 'Access-Control-Allow-Origin': '*', 'Cache-Control': 'no-cache', 'ETag': 'W/"4a0-NTTAhRGx1cdO+/IrTFWKarKQ1W0"', 'Vary': 'Accept-Encoding', 'Content-Encoding': 'gzip', 'CF-Cache-Status': 'DYNAMIC', 'Report-To': '{"endpoints":[{"url":"https:\\/\\/a.nel.cloudflare.com\\/report\\/v4?s=goDwureDAYP0fgWhAB7FyYniP2pswiwX%2F0HNbVXnMVGjXnO02AZWAUkSBypbd%2FXz0LMxlcq%2Fvhns6li3tw33YWsD3IWKYTcWjZWtogYTqsObYfQi7sFgcnysoPeFo2Dy"}],"group":"cf-nel","max_age":604800}', 'NEL': '{"success_fraction":0,"report_to":"cf-nel","max_age":604800}', 'Server': 'cloudflare', 'CF-RAY': '8a63e654689a062e-IAD', 'alt-svc': 'h3=":443"; ma=86400'} 
 body={"results":[{"gender":"female","name":{"title":"Miss","first":"Ella","last":"Hill"},"location":{"street":{"number":4680,"name":"Manor Road"},"city":"Chester","state":"Berkshire","country":"United Kingdom","postcode":"V2J 5ER","coordinates":{"latitude":"-7.1966","longitude":"153.1817"},"timezone":{"offset":"+11:00","description":"Magadan, Solomon Islands, New Caledonia"}},"email":"ella.hill@example.com","login":{"uuid":"560f7630-0315-4cc6-a84a-3d3ece3bb913","username":"purpleelephant847","password":"dizzy","salt":"mdvXUy5G","md5":"6061e5a0aaaac6dd191cca3c483df84f","sha1":"507bc5c34c1c18381a839b84e8a3962952ceb144","sha256":"f943b2d6da0b7b642e6b69ad8c47dadd16be13bc9dd4b75e52330885e0922f28"},"dob":{"date":"1958-07-07T09:44:19.597Z","age":66},"registered":{"date":"2020-02-27T01:09:07.456Z","age":4},"phone":"017683 87933","cell":"07260 959781","id":{"name":"NINO","value":"GG 49 00 00 S"},"picture":{"large":"https://randomuser.me/api/portraits/women/76.jpg","medium":"https://randomuser.me/api/portraits/med/women/76.jpg","thumbnail":"https://randomuser.me/api/portraits/thumb/women/76.jpg"},"nat":"GB"}],"info":{"seed":"c3ec171ab5c58ffb","results":1,"page":1,"version":"1.4"}} 
 </msg>
<msg time="2024-07-20T15:14:13.925231" level="INFO">/opt/hostedtoolcache/Python/3.12.4/x64/lib/python3.12/site-packages/urllib3/connectionpool.py:1099: InsecureRequestWarning: Unverified HTTPS request is being made to host 'randomuser.me'. Adding certificate verification is strongly advised. See: https://urllib3.readthedocs.io/en/latest/advanced-usage.html#tls-warnings
  warnings.warn(</msg>
<msg time="2024-07-20T15:14:13.925353" level="INFO">${response} = &lt;Response [200]&gt;</msg>
<var>${response}</var>
<arg>consultarAPI</arg>
<arg>/api</arg>
<doc>Sends a GET request on a previously created HTTP Session.</doc>
<status status="PASS" start="2024-07-20T15:14:13.820624" elapsed="0.104780"/>
</kw>
<kw name="Set Variable" owner="BuiltIn">
<msg time="2024-07-20T15:14:13.926430" level="INFO">${json_data} = {'results': [{'gender': 'female', 'name': {'title': 'Miss', 'first': 'Ella', 'last': 'Hill'}, 'location': {'street': {'number': 4680, 'name': 'Manor Road'}, 'city': 'Chester', 'state': 'Berkshire', 'c...</msg>
<var>${json_data}</var>
<arg>${response.json()}</arg>
<doc>Returns the given values which can then be assigned to a variables.</doc>
<status status="PASS" start="2024-07-20T15:14:13.925907" elapsed="0.000551"/>
</kw>
<kw name="Set Variable" owner="BuiltIn">
<msg time="2024-07-20T15:14:13.927158" level="INFO">${name_title} = Miss</msg>
<var>${name_title}</var>
<arg>${json_data["results"][0]["name"]["title"]}</arg>
<doc>Returns the given values which can then be assigned to a variables.</doc>
<status status="PASS" start="2024-07-20T15:14:13.926764" elapsed="0.000420"/>
</kw>
<kw name="Create List" owner="BuiltIn">
<msg time="2024-07-20T15:14:13.927620" level="INFO">${allowed_titles} = ['Mr', 'Ms', 'Miss', 'Mrs', 'Madame', 'Monsieur']</msg>
<var>${allowed_titles}</var>
<arg>Mr</arg>
<arg>Ms</arg>
<arg>Miss</arg>
<arg>Mrs</arg>
<arg>Madame</arg>
<arg>Monsieur</arg>
<doc>Returns a list containing given items.</doc>
<status status="PASS" start="2024-07-20T15:14:13.927475" elapsed="0.000169"/>
</kw>
<kw name="List Should Contain Value" owner="Collections">
<arg>${allowed_titles}</arg>
<arg>${name_title}</arg>
<doc>Fails if the ``value`` is not found from ``list``.</doc>
<status status="PASS" start="2024-07-20T15:14:13.927936" elapsed="0.000206"/>
</kw>
<kw name="Set Variable" owner="BuiltIn">
<msg time="2024-07-20T15:14:13.928709" level="INFO">${name_country} = GB</msg>
<var>${name_country}</var>
<arg>${json_data["results"][0]["nat"]}</arg>
<doc>Returns the given values which can then be assigned to a variables.</doc>
<status status="PASS" start="2024-07-20T15:14:13.928333" elapsed="0.000401"/>
</kw>
<kw name="Create List" owner="BuiltIn">
<msg time="2024-07-20T15:14:13.929630" level="INFO">${list_country} = ['AD', 'AE', 'AF', 'AG', 'AI', 'AL', 'AM', 'AO', 'AQ', 'AR', 'AS', 'AT', 'AU', 'AW', 'AX', 'AZ', 'BA', 'BB', 'BD', 'BE', 'BF', 'BG', 'BH', 'BI', 'BJ', 'BL', 'BM', 'BN', 'BO', 'BQ', 'BR', 'BS', 'BT', '...</msg>
<var>${list_country}</var>
<arg>AD</arg>
<arg>AE</arg>
<arg>AF</arg>
<arg>AG</arg>
<arg>AI</arg>
<arg>AL</arg>
<arg>AM</arg>
<arg>AO</arg>
<arg>AQ</arg>
<arg>AR</arg>
<arg>AS</arg>
<arg>AT</arg>
<arg>AU</arg>
<arg>AW</arg>
<arg>AX</arg>
<arg>AZ</arg>
<arg>BA</arg>
<arg>BB</arg>
<arg>BD</arg>
<arg>BE</arg>
<arg>BF</arg>
<arg>BG</arg>
<arg>BH</arg>
<arg>BI</arg>
<arg>BJ</arg>
<arg>BL</arg>
<arg>BM</arg>
<arg>BN</arg>
<arg>BO</arg>
<arg>BQ</arg>
<arg>BR</arg>
<arg>BS</arg>
<arg>BT</arg>
<arg>BV</arg>
<arg>BW</arg>
<arg>BY</arg>
<arg>BZ</arg>
<arg>CA</arg>
<arg>CC</arg>
<arg>CD</arg>
<arg>CF</arg>
<arg>CG</arg>
<arg>CH</arg>
<arg>CI</arg>
<arg>CK</arg>
<arg>CL</arg>
<arg>CM</arg>
<arg>CN</arg>
<arg>CO</arg>
<arg>CR</arg>
<arg>CU</arg>
<arg>CV</arg>
<arg>CW</arg>
<arg>CX</arg>
<arg>CY</arg>
<arg>CZ</arg>
<arg>DE</arg>
<arg>DJ</arg>
<arg>DK</arg>
<arg>DM</arg>
<arg>DO</arg>
<arg>DZ</arg>
<arg>EC</arg>
<arg>EE</arg>
<arg>EG</arg>
<arg>EH</arg>
<arg>ER</arg>
<arg>ES</arg>
<arg>ET</arg>
<arg>FI</arg>
<arg>FJ</arg>
<arg>FK</arg>
<arg>FM</arg>
<arg>FO</arg>
<arg>FR</arg>
<arg>GA</arg>
<arg>GB</arg>
<arg>GD</arg>
<arg>GE</arg>
<arg>GF</arg>
<arg>GG</arg>
<arg>GH</arg>
<arg>GI</arg>
<arg>GL</arg>
<arg>GM</arg>
<arg>GN</arg>
<arg>GP</arg>
<arg>GQ</arg>
<arg>GR</arg>
<arg>GS</arg>
<arg>GT</arg>
<arg>GU</arg>
<arg>GW</arg>
<arg>GY</arg>
<arg>HK</arg>
<arg>HM</arg>
<arg>HN</arg>
<arg>HR</arg>
<arg>HT</arg>
<arg>HU</arg>
<arg>ID</arg>
<arg>IE</arg>
<arg>IL</arg>
<arg>IM</arg>
<arg>IN</arg>
<arg>IO</arg>
<arg>IQ</arg>
<arg>IR</arg>
<arg>IS</arg>
<arg>IT</arg>
<arg>JE</arg>
<arg>JM</arg>
<arg>JO</arg>
<arg>JP</arg>
<arg>KE</arg>
<arg>KG</arg>
<arg>KH</arg>
<arg>KI</arg>
<arg>KM</arg>
<arg>KN</arg>
<arg>KP</arg>
<arg>KR</arg>
<arg>KW</arg>
<arg>KY</arg>
<arg>KZ</arg>
<arg>LA</arg>
<arg>LB</arg>
<arg>LC</arg>
<arg>LI</arg>
<arg>LK</arg>
<arg>LR</arg>
<arg>LS</arg>
<arg>LT</arg>
<arg>LU</arg>
<arg>LV</arg>
<arg>LY</arg>
<arg>MA</arg>
<arg>MC</arg>
<arg>MD</arg>
<arg>ME</arg>
<arg>MF</arg>
<arg>MG</arg>
<arg>MH</arg>
<arg>MK</arg>
<arg>ML</arg>
<arg>MM</arg>
<arg>MN</arg>
<arg>MO</arg>
<arg>MP</arg>
<arg>MQ</arg>
<arg>MR</arg>
<arg>MS</arg>
<arg>MT</arg>
<arg>MU</arg>
<arg>MV</arg>
<arg>MW</arg>
<arg>MX</arg>
<arg>MY</arg>
<arg>MZ</arg>
<arg>NA</arg>
<arg>NC</arg>
<arg>NE</arg>
<arg>NF</arg>
<arg>NG</arg>
<arg>NI</arg>
<arg>NL</arg>
<arg>NO</arg>
<arg>NP</arg>
<arg>NR</arg>
<arg>NU</arg>
<arg>NZ</arg>
<arg>OM</arg>
<arg>PA</arg>
<arg>PE</arg>
<arg>PF</arg>
<arg>PG</arg>
<arg>PH</arg>
<arg>PK</arg>
<arg>PL</arg>
<arg>PM</arg>
<arg>PN</arg>
<arg>PR</arg>
<arg>PS</arg>
<arg>PT</arg>
<arg>PW</arg>
<arg>PY</arg>
<arg>QA</arg>
<arg>RE</arg>
<arg>RO</arg>
<arg>RS</arg>
<arg>RU</arg>
<arg>RW</arg>
<arg>SA</arg>
<arg>SB</arg>
<arg>SC</arg>
<arg>SD</arg>
<arg>SE</arg>
<arg>SG</arg>
<arg>SH</arg>
<arg>SI</arg>
<arg>SJ</arg>
<arg>SK</arg>
<arg>SL</arg>
<arg>SM</arg>
<arg>SN</arg>
<arg>SO</arg>
<arg>SR</arg>
<arg>SS</arg>
<arg>ST</arg>
<arg>SV</arg>
<arg>SX</arg>
<arg>SY</arg>
<arg>SZ</arg>
<arg>TC</arg>
<arg>TD</arg>
<arg>TF</arg>
<arg>TG</arg>
<arg>TH</arg>
<arg>TJ</arg>
<arg>TK</arg>
<arg>TL</arg>
<arg>TM</arg>
<arg>TN</arg>
<arg>TO</arg>
<arg>TR</arg>
<arg>TT</arg>
<arg>TV</arg>
<arg>TW</arg>
<arg>TZ</arg>
<arg>UA</arg>
<arg>UG</arg>
<arg>UM</arg>
<arg>US</arg>
<arg>UY</arg>
<arg>UZ</arg>
<arg>VA</arg>
<arg>VC</arg>
<arg>VE</arg>
<arg>VG</arg>
<arg>VI</arg>
<arg>VN</arg>
<arg>VU</arg>
<arg>WF</arg>
<arg>WS</arg>
<arg>XK</arg>
<arg>YE</arg>
<arg>YT</arg>
<arg>ZA</arg>
<arg>ZM</arg>
<arg>ZW</arg>
<doc>Returns a list containing given items.</doc>
<status status="PASS" start="2024-07-20T15:14:13.929020" elapsed="0.000635"/>
</kw>
<kw name="List Should Contain Value" owner="Collections">
<arg>${list_country}</arg>
<arg>${name_country}</arg>
<doc>Fails if the ``value`` is not found from ``list``.</doc>
<status status="PASS" start="2024-07-20T15:14:13.930577" elapsed="0.000207"/>
</kw>
<kw name="Run Keyword If" owner="BuiltIn">
<kw name="Should Be True" owner="BuiltIn">
<arg>${True}</arg>
<doc>Fails if the given condition is not true.</doc>
<status status="PASS" start="2024-07-20T15:14:13.931704" elapsed="0.000138"/>
</kw>
<arg>${json_data["results"][0]["location"]["coordinates"]["latitude"]} &gt;= -90 and ${json_data["results"][0]["location"]["coordinates"]["latitude"]} &lt;= 90</arg>
<arg>Should Be True</arg>
<arg>${True}</arg>
<doc>Runs the given keyword with the given arguments, if ``condition`` is true.</doc>
<status status="PASS" start="2024-07-20T15:14:13.930979" elapsed="0.000985"/>
</kw>
<kw name="Run Keyword If" owner="BuiltIn">
<kw name="Should Be True" owner="BuiltIn">
<arg>${True}</arg>
<doc>Fails if the given condition is not true.</doc>
<status status="PASS" start="2024-07-20T15:14:13.932866" elapsed="0.000133"/>
</kw>
<arg>${json_data["results"][0]["location"]["coordinates"]["longitude"]} &gt;= -180 and ${json_data["results"][0]["location"]["coordinates"]["longitude"]} &lt;= 180</arg>
<arg>Should Be True</arg>
<arg>${True}</arg>
<doc>Runs the given keyword with the given arguments, if ``condition`` is true.</doc>
<status status="PASS" start="2024-07-20T15:14:13.932178" elapsed="0.000941"/>
</kw>
<status status="PASS" start="2024-07-20T15:14:13.820409" elapsed="0.112836"/>
</kw>
<doc>Testa o conteúdo específico dos campos retornados pela API.</doc>
<tag>testeConteudo</tag>
<status status="PASS" start="2024-07-20T15:14:13.819936" elapsed="0.113448"/>
</test>
<status status="PASS" start="2024-07-20T15:14:12.911829" elapsed="1.023419"/>
</suite>
<status status="PASS" start="2024-07-20T15:14:12.897595" elapsed="1.042593"/>
</suite>
<statistics>
<total>
<stat pass="5" fail="0" skip="0">All Tests</stat>
</total>
<tag>
<stat pass="1" fail="0" skip="0">testeConteudo</stat>
<stat pass="1" fail="0" skip="0">testeEstruturaResposta</stat>
<stat pass="1" fail="0" skip="0">testeRequisicaoBasica</stat>
<stat pass="1" fail="0" skip="0">testeTiposDados</stat>
</tag>
<suite>
<stat pass="5" fail="0" skip="0" id="s1" name="Tests">Tests</stat>
<stat pass="5" fail="0" skip="0" id="s1-s1" name="Random-User-Test">Tests.Random-User-Test</stat>
</suite>
</statistics>
<errors>
</errors>
</robot>
