<?xml version="1.0" encoding="UTF-8"?>
<robot generator="Robot 7.0.1 (Python 3.12.3 on linux)" generated="2024-06-17T11:12:52.392865" rpa="false" schemaversion="5">
<suite id="s1" name="Tests" source="/home/runner/work/ApiRandomUser/ApiRandomUser/RamdonUser/tests">
<suite id="s1-s1" name="Random-User-Test" source="/home/runner/work/ApiRandomUser/ApiRandomUser/RamdonUser/tests/random-user-test.robot">
<test id="s1-s1-t1" name="Conectar" line="13">
<kw name="Conectar API" owner="random-user-service">
<kw name="Create Session" owner="RequestsLibrary">
<msg time="2024-06-17T11:12:52.784256" level="INFO">Creating Session using : alias=consultarAPI, url=https://randomuser.me/, headers={},                     cookies={}, auth=None, timeout=None, proxies=None, verify=False,                     debug=0 </msg>
<arg>consultarAPI</arg>
<arg>${URL}</arg>
<doc>Create Session: create a HTTP session to a server</doc>
<status status="PASS" start="2024-06-17T11:12:52.784052" elapsed="0.000382"/>
</kw>
<status status="PASS" start="2024-06-17T11:12:52.783052" elapsed="0.001743"/>
</kw>
<status status="PASS" start="2024-06-17T11:12:52.782503" elapsed="0.002488"/>
</test>
<test id="s1-s1-t2" name="Validar retorno 200 e JSON Válido" line="16">
<kw name="Teste de Requisicao Basica" owner="random-user-service">
<kw name="GET On Session" owner="RequestsLibrary">
<msg time="2024-06-17T11:12:52.958076" level="INFO">GET Request : url=https://randomuser.me/api 
 path_url=/api 
 headers={'User-Agent': 'python-requests/2.32.3', 'Accept-Encoding': 'gzip, deflate', 'Accept': '*/*', 'Connection': 'keep-alive'} 
 body=None 
 </msg>
<msg time="2024-06-17T11:12:52.958226" level="INFO">GET Response : url=https://randomuser.me/api 
 status=200, reason=OK 
 headers={'Date': 'Mon, 17 Jun 2024 11:12:52 GMT', 'Content-Type': 'application/json; charset=utf-8', 'Transfer-Encoding': 'chunked', 'Connection': 'keep-alive', 'X-Powered-By': 'Express', 'Access-Control-Allow-Origin': '*', 'Cache-Control': 'no-cache', 'ETag': 'W/"478-ZWzsUpBH9DOgoDIv1NwiVeFtdCI"', 'Vary': 'Accept-Encoding', 'Content-Encoding': 'gzip', 'CF-Cache-Status': 'DYNAMIC', 'Report-To': '{"endpoints":[{"url":"https:\\/\\/a.nel.cloudflare.com\\/report\\/v4?s=yTorhkAm46Ohpai3NbAgs98BLMz%2BGARiH41wnrVm501TqZRpqh8gA8E0LDwuv16OXcahXuTN2buE3f8UUJs%2B9mP4Urol9LklcjZ8oFrZ4bog9ZLa0zzhA%2FePsAqoGePy"}],"group":"cf-nel","max_age":604800}', 'NEL': '{"success_fraction":0,"report_to":"cf-nel","max_age":604800}', 'Server': 'cloudflare', 'CF-RAY': '89529b6ada6b29bc-IAD', 'alt-svc': 'h3=":443"; ma=86400'} 
 body={"results":[{"gender":"male","name":{"title":"Mr","first":"Dale","last":"Graves"},"location":{"street":{"number":4884,"name":"Park Lane"},"city":"Kilcoole","state":"Kilkenny","country":"Ireland","postcode":49259,"coordinates":{"latitude":"-0.6510","longitude":"-109.3529"},"timezone":{"offset":"-7:00","description":"Mountain Time (US &amp; Canada)"}},"email":"dale.graves@example.com","login":{"uuid":"35279776-aad8-415a-9bed-6d42f467f608","username":"whiteswan470","password":"racer","salt":"PQZHgwPM","md5":"1ba813f9cf3d650a1b6644cd5accb70f","sha1":"5b29c73abf3e0e7ebc30c0a9414582b99945848a","sha256":"581aa715ef19c4c46ab574c10ea65fd008ba40041d8ad8bf30cce0e50e8c6ae9"},"dob":{"date":"1991-09-03T04:17:11.016Z","age":32},"registered":{"date":"2008-05-28T19:09:10.585Z","age":16},"phone":"071-334-9305","cell":"081-363-1887","id":{"name":"PPS","value":"8031701T"},"picture":{"large":"https://randomuser.me/api/portraits/men/16.jpg","medium":"https://randomuser.me/api/portraits/med/men/16.jpg","thumbnail":"https://randomuser.me/api/portraits/thumb/men/16.jpg"},"nat":"IE"}],"info":{"seed":"5268b14818917573","results":1,"page":1,"version":"1.4"}} 
 </msg>
<msg time="2024-06-17T11:12:52.958307" level="INFO">/opt/hostedtoolcache/Python/3.12.3/x64/lib/python3.12/site-packages/urllib3/connectionpool.py:1103: InsecureRequestWarning: Unverified HTTPS request is being made to host 'randomuser.me'. Adding certificate verification is strongly advised. See: https://urllib3.readthedocs.io/en/latest/advanced-usage.html#tls-warnings
  warnings.warn(</msg>
<msg time="2024-06-17T11:12:52.958459" level="INFO">${response} = &lt;Response [200]&gt;</msg>
<var>${response}</var>
<arg>consultarAPI</arg>
<arg>/api</arg>
<doc>Sends a GET request on a previously created HTTP Session.</doc>
<status status="PASS" start="2024-06-17T11:12:52.787599" elapsed="0.170901"/>
</kw>
<kw name="Should Be Equal As Numbers" owner="BuiltIn">
<msg time="2024-06-17T11:12:52.959621" level="INFO">Argument types are:
&lt;class 'int'&gt;
&lt;class 'str'&gt;</msg>
<arg>${response.status_code}</arg>
<arg>200</arg>
<doc>Fails if objects are unequal after converting them to real numbers.</doc>
<status status="PASS" start="2024-06-17T11:12:52.959114" elapsed="0.000581"/>
</kw>
<kw name="Log" owner="BuiltIn">
<msg time="2024-06-17T11:12:52.960446" level="INFO">200</msg>
<arg>${response.status_code}</arg>
<doc>Logs the given message with the given level.</doc>
<status status="PASS" start="2024-06-17T11:12:52.960078" elapsed="0.000416"/>
</kw>
<kw name="Set Variable" owner="BuiltIn">
<msg time="2024-06-17T11:12:52.961246" level="INFO">${json_data} = {'results': [{'gender': 'male', 'name': {'title': 'Mr', 'first': 'Dale', 'last': 'Graves'}, 'location': {'street': {'number': 4884, 'name': 'Park Lane'}, 'city': 'Kilcoole', 'state': 'Kilkenny', 'coun...</msg>
<var>${json_data}</var>
<arg>${response.json()}</arg>
<doc>Returns the given values which can then be assigned to a variables.</doc>
<status status="PASS" start="2024-06-17T11:12:52.960809" elapsed="0.000465"/>
</kw>
<kw name="Dictionary Should Contain Key" owner="Collections">
<arg>${json_data}</arg>
<arg>results</arg>
<doc>Fails if ``key`` is not found from ``dictionary``.</doc>
<status status="PASS" start="2024-06-17T11:12:52.961580" elapsed="0.000164"/>
</kw>
<status status="PASS" start="2024-06-17T11:12:52.787334" elapsed="0.174561"/>
</kw>
<doc>Testa se a API responde corretamente e retorna um objeto JSON válido.</doc>
<tag>testeRequisicaoBasica</tag>
<status status="PASS" start="2024-06-17T11:12:52.786866" elapsed="0.175207"/>
</test>
<test id="s1-s1-t3" name="Validar estrutura de resposta" line="22">
<kw name="Teste de Estrutura de Resposta" owner="random-user-service">
<kw name="GET On Session" owner="RequestsLibrary">
<msg time="2024-06-17T11:12:53.064418" level="INFO">GET Request : url=https://randomuser.me/api 
 path_url=/api 
 headers={'User-Agent': 'python-requests/2.32.3', 'Accept-Encoding': 'gzip, deflate', 'Accept': '*/*', 'Connection': 'keep-alive'} 
 body=None 
 </msg>
<msg time="2024-06-17T11:12:53.064509" level="INFO">GET Response : url=https://randomuser.me/api 
 status=200, reason=OK 
 headers={'Date': 'Mon, 17 Jun 2024 11:12:53 GMT', 'Content-Type': 'application/json; charset=utf-8', 'Transfer-Encoding': 'chunked', 'Connection': 'keep-alive', 'X-Powered-By': 'Express', 'Access-Control-Allow-Origin': '*', 'Cache-Control': 'no-cache', 'ETag': 'W/"499-48NnpyYfMSbic+HrYyhUUOQErpc"', 'Vary': 'Accept-Encoding', 'Content-Encoding': 'gzip', 'CF-Cache-Status': 'DYNAMIC', 'Report-To': '{"endpoints":[{"url":"https:\\/\\/a.nel.cloudflare.com\\/report\\/v4?s=vAWCVMXuF%2Fjig4bxLWNF26wFS%2FfCjPFyuh9%2B7rWpSKb9oqYLaoDAdZFwo8qSegUQKLFzeHsVtgyCXMM38LseTT1ZlbC%2BNaq2xnPApSKcMMM5P9UmMwsSZZk5mTNJTAh7"}],"group":"cf-nel","max_age":604800}', 'NEL': '{"success_fraction":0,"report_to":"cf-nel","max_age":604800}', 'Server': 'cloudflare', 'CF-RAY': '89529b6b0aae29bc-IAD', 'alt-svc': 'h3=":443"; ma=86400'} 
 body={"results":[{"gender":"female","name":{"title":"Ms","first":"Mélissa","last":"Masson"},"location":{"street":{"number":7233,"name":"Avenue du Château"},"city":"Roubaix","state":"Lozère","country":"France","postcode":29699,"coordinates":{"latitude":"-20.2649","longitude":"13.0005"},"timezone":{"offset":"-1:00","description":"Azores, Cape Verde Islands"}},"email":"melissa.masson@example.com","login":{"uuid":"dae6b0c9-33e3-4339-8cd3-0b751b3142f7","username":"brownbird730","password":"stafford","salt":"n5mmmJrY","md5":"2fcef5ed28e68bfa79a5fedf0c0d5147","sha1":"bd93536ce8fb57ddf11ec69015c51757a80da349","sha256":"333cfa1257bbe437b6099a929519bb3f87d55869f28437a147071be945ca3e65"},"dob":{"date":"1971-05-14T14:45:23.697Z","age":53},"registered":{"date":"2009-09-17T10:41:44.355Z","age":14},"phone":"04-21-31-94-57","cell":"06-92-06-21-02","id":{"name":"INSEE","value":"2710492455739 79"},"picture":{"large":"https://randomuser.me/api/portraits/women/6.jpg","medium":"https://randomuser.me/api/portraits/med/women/6.jpg","thumbnail":"https://randomuser.me/api/portraits/thumb/women/6.jpg"},"nat":"FR"}],"info":{"seed":"2bccaacf91bfc83e","results":1,"page":1,"version":"1.4"}} 
 </msg>
<msg time="2024-06-17T11:12:53.064639" level="INFO">/opt/hostedtoolcache/Python/3.12.3/x64/lib/python3.12/site-packages/urllib3/connectionpool.py:1103: InsecureRequestWarning: Unverified HTTPS request is being made to host 'randomuser.me'. Adding certificate verification is strongly advised. See: https://urllib3.readthedocs.io/en/latest/advanced-usage.html#tls-warnings
  warnings.warn(</msg>
<msg time="2024-06-17T11:12:53.064759" level="INFO">${response} = &lt;Response [200]&gt;</msg>
<var>${response}</var>
<arg>consultarAPI</arg>
<arg>/api</arg>
<doc>Sends a GET request on a previously created HTTP Session.</doc>
<status status="PASS" start="2024-06-17T11:12:52.964698" elapsed="0.100101"/>
</kw>
<kw name="Set Variable" owner="BuiltIn">
<msg time="2024-06-17T11:12:53.065908" level="INFO">${json_data} = {'results': [{'gender': 'female', 'name': {'title': 'Ms', 'first': 'Mélissa', 'last': 'Masson'}, 'location': {'street': {'number': 7233, 'name': 'Avenue du Château'}, 'city': 'Roubaix', 'state': 'Lozè...</msg>
<var>${json_data}</var>
<arg>${response.json()}</arg>
<doc>Returns the given values which can then be assigned to a variables.</doc>
<status status="PASS" start="2024-06-17T11:12:53.065319" elapsed="0.000620"/>
</kw>
<kw name="Log" owner="BuiltIn">
<msg time="2024-06-17T11:12:53.066426" level="INFO">{'results': [{'gender': 'female', 'name': {'title': 'Ms', 'first': 'Mélissa', 'last': 'Masson'}, 'location': {'street': {'number': 7233, 'name': 'Avenue du Château'}, 'city': 'Roubaix', 'state': 'Lozère', 'country': 'France', 'postcode': 29699, 'coordinates': {'latitude': '-20.2649', 'longitude': '13.0005'}, 'timezone': {'offset': '-1:00', 'description': 'Azores, Cape Verde Islands'}}, 'email': 'melissa.masson@example.com', 'login': {'uuid': 'dae6b0c9-33e3-4339-8cd3-0b751b3142f7', 'username': 'brownbird730', 'password': 'stafford', 'salt': 'n5mmmJrY', 'md5': '2fcef5ed28e68bfa79a5fedf0c0d5147', 'sha1': 'bd93536ce8fb57ddf11ec69015c51757a80da349', 'sha256': '333cfa1257bbe437b6099a929519bb3f87d55869f28437a147071be945ca3e65'}, 'dob': {'date': '1971-05-14T14:45:23.697Z', 'age': 53}, 'registered': {'date': '2009-09-17T10:41:44.355Z', 'age': 14}, 'phone': '04-21-31-94-57', 'cell': '06-92-06-21-02', 'id': {'name': 'INSEE', 'value': '2710492455739 79'}, 'picture': {'large': 'https://randomuser.me/api/portraits/women/6.jpg', 'medium': 'https://randomuser.me/api/portraits/med/women/6.jpg', 'thumbnail': 'https://randomuser.me/api/portraits/thumb/women/6.jpg'}, 'nat': 'FR'}], 'info': {'seed': '2bccaacf91bfc83e', 'results': 1, 'page': 1, 'version': '1.4'}}</msg>
<arg>${json_data}</arg>
<doc>Logs the given message with the given level.</doc>
<status status="PASS" start="2024-06-17T11:12:53.066263" elapsed="0.000225"/>
</kw>
<kw name="Dictionary Should Contain Key" owner="Collections">
<arg>${json_data}</arg>
<arg>results</arg>
<doc>Fails if ``key`` is not found from ``dictionary``.</doc>
<status status="PASS" start="2024-06-17T11:12:53.066788" elapsed="0.000159"/>
</kw>
<kw name="Should Not Be Empty" owner="BuiltIn">
<msg time="2024-06-17T11:12:53.067261" level="INFO">Length is 2.</msg>
<arg>${json_data}</arg>
<doc>Verifies that the given item is not empty.</doc>
<status status="PASS" start="2024-06-17T11:12:53.067135" elapsed="0.000172"/>
</kw>
<kw name="Create List" owner="BuiltIn">
<msg time="2024-06-17T11:12:53.067796" level="INFO">${expected_keys} = ['gender', 'name', 'location', 'email', 'login']</msg>
<var>${expected_keys}</var>
<arg>gender</arg>
<arg>name</arg>
<arg>location</arg>
<arg>email</arg>
<arg>login</arg>
<doc>Returns a list containing given items.</doc>
<status status="PASS" start="2024-06-17T11:12:53.067641" elapsed="0.000180"/>
</kw>
<for flavor="IN">
<iter>
<kw name="Dictionary Should Contain Key" owner="Collections">
<arg>${json_data['results'][0]}</arg>
<arg>${key}</arg>
<doc>Fails if ``key`` is not found from ``dictionary``.</doc>
<status status="PASS" start="2024-06-17T11:12:53.068565" elapsed="0.000411"/>
</kw>
<kw name="Log" owner="BuiltIn">
<msg time="2024-06-17T11:12:53.069520" level="INFO">{'gender': 'female', 'name': {'title': 'Ms', 'first': 'Mélissa', 'last': 'Masson'}, 'location': {'street': {'number': 7233, 'name': 'Avenue du Château'}, 'city': 'Roubaix', 'state': 'Lozère', 'country': 'France', 'postcode': 29699, 'coordinates': {'latitude': '-20.2649', 'longitude': '13.0005'}, 'timezone': {'offset': '-1:00', 'description': 'Azores, Cape Verde Islands'}}, 'email': 'melissa.masson@example.com', 'login': {'uuid': 'dae6b0c9-33e3-4339-8cd3-0b751b3142f7', 'username': 'brownbird730', 'password': 'stafford', 'salt': 'n5mmmJrY', 'md5': '2fcef5ed28e68bfa79a5fedf0c0d5147', 'sha1': 'bd93536ce8fb57ddf11ec69015c51757a80da349', 'sha256': '333cfa1257bbe437b6099a929519bb3f87d55869f28437a147071be945ca3e65'}, 'dob': {'date': '1971-05-14T14:45:23.697Z', 'age': 53}, 'registered': {'date': '2009-09-17T10:41:44.355Z', 'age': 14}, 'phone': '04-21-31-94-57', 'cell': '06-92-06-21-02', 'id': {'name': 'INSEE', 'value': '2710492455739 79'}, 'picture': {'large': 'https://randomuser.me/api/portraits/women/6.jpg', 'medium': 'https://randomuser.me/api/portraits/med/women/6.jpg', 'thumbnail': 'https://randomuser.me/api/portraits/thumb/women/6.jpg'}, 'nat': 'FR'}</msg>
<arg>${json_data['results'][0]}</arg>
<doc>Logs the given message with the given level.</doc>
<status status="PASS" start="2024-06-17T11:12:53.069166" elapsed="0.000404"/>
</kw>
<kw name="Log" owner="BuiltIn">
<msg time="2024-06-17T11:12:53.070000" level="INFO">gender</msg>
<arg>${key}</arg>
<doc>Logs the given message with the given level.</doc>
<status status="PASS" start="2024-06-17T11:12:53.069871" elapsed="0.000168"/>
</kw>
<var name="${key}">gender</var>
<status status="PASS" start="2024-06-17T11:12:53.068436" elapsed="0.001822"/>
</iter>
<iter>
<kw name="Dictionary Should Contain Key" owner="Collections">
<arg>${json_data['results'][0]}</arg>
<arg>${key}</arg>
<doc>Fails if ``key`` is not found from ``dictionary``.</doc>
<status status="PASS" start="2024-06-17T11:12:53.070559" elapsed="0.000393"/>
</kw>
<kw name="Log" owner="BuiltIn">
<msg time="2024-06-17T11:12:53.071494" level="INFO">{'gender': 'female', 'name': {'title': 'Ms', 'first': 'Mélissa', 'last': 'Masson'}, 'location': {'street': {'number': 7233, 'name': 'Avenue du Château'}, 'city': 'Roubaix', 'state': 'Lozère', 'country': 'France', 'postcode': 29699, 'coordinates': {'latitude': '-20.2649', 'longitude': '13.0005'}, 'timezone': {'offset': '-1:00', 'description': 'Azores, Cape Verde Islands'}}, 'email': 'melissa.masson@example.com', 'login': {'uuid': 'dae6b0c9-33e3-4339-8cd3-0b751b3142f7', 'username': 'brownbird730', 'password': 'stafford', 'salt': 'n5mmmJrY', 'md5': '2fcef5ed28e68bfa79a5fedf0c0d5147', 'sha1': 'bd93536ce8fb57ddf11ec69015c51757a80da349', 'sha256': '333cfa1257bbe437b6099a929519bb3f87d55869f28437a147071be945ca3e65'}, 'dob': {'date': '1971-05-14T14:45:23.697Z', 'age': 53}, 'registered': {'date': '2009-09-17T10:41:44.355Z', 'age': 14}, 'phone': '04-21-31-94-57', 'cell': '06-92-06-21-02', 'id': {'name': 'INSEE', 'value': '2710492455739 79'}, 'picture': {'large': 'https://randomuser.me/api/portraits/women/6.jpg', 'medium': 'https://randomuser.me/api/portraits/med/women/6.jpg', 'thumbnail': 'https://randomuser.me/api/portraits/thumb/women/6.jpg'}, 'nat': 'FR'}</msg>
<arg>${json_data['results'][0]}</arg>
<doc>Logs the given message with the given level.</doc>
<status status="PASS" start="2024-06-17T11:12:53.071143" elapsed="0.000466"/>
</kw>
<kw name="Log" owner="BuiltIn">
<msg time="2024-06-17T11:12:53.072052" level="INFO">name</msg>
<arg>${key}</arg>
<doc>Logs the given message with the given level.</doc>
<status status="PASS" start="2024-06-17T11:12:53.071923" elapsed="0.000167"/>
</kw>
<var name="${key}">name</var>
<status status="PASS" start="2024-06-17T11:12:53.070446" elapsed="0.001873"/>
</iter>
<iter>
<kw name="Dictionary Should Contain Key" owner="Collections">
<arg>${json_data['results'][0]}</arg>
<arg>${key}</arg>
<doc>Fails if ``key`` is not found from ``dictionary``.</doc>
<status status="PASS" start="2024-06-17T11:12:53.072613" elapsed="0.000379"/>
</kw>
<kw name="Log" owner="BuiltIn">
<msg time="2024-06-17T11:12:53.073528" level="INFO">{'gender': 'female', 'name': {'title': 'Ms', 'first': 'Mélissa', 'last': 'Masson'}, 'location': {'street': {'number': 7233, 'name': 'Avenue du Château'}, 'city': 'Roubaix', 'state': 'Lozère', 'country': 'France', 'postcode': 29699, 'coordinates': {'latitude': '-20.2649', 'longitude': '13.0005'}, 'timezone': {'offset': '-1:00', 'description': 'Azores, Cape Verde Islands'}}, 'email': 'melissa.masson@example.com', 'login': {'uuid': 'dae6b0c9-33e3-4339-8cd3-0b751b3142f7', 'username': 'brownbird730', 'password': 'stafford', 'salt': 'n5mmmJrY', 'md5': '2fcef5ed28e68bfa79a5fedf0c0d5147', 'sha1': 'bd93536ce8fb57ddf11ec69015c51757a80da349', 'sha256': '333cfa1257bbe437b6099a929519bb3f87d55869f28437a147071be945ca3e65'}, 'dob': {'date': '1971-05-14T14:45:23.697Z', 'age': 53}, 'registered': {'date': '2009-09-17T10:41:44.355Z', 'age': 14}, 'phone': '04-21-31-94-57', 'cell': '06-92-06-21-02', 'id': {'name': 'INSEE', 'value': '2710492455739 79'}, 'picture': {'large': 'https://randomuser.me/api/portraits/women/6.jpg', 'medium': 'https://randomuser.me/api/portraits/med/women/6.jpg', 'thumbnail': 'https://randomuser.me/api/portraits/thumb/women/6.jpg'}, 'nat': 'FR'}</msg>
<arg>${json_data['results'][0]}</arg>
<doc>Logs the given message with the given level.</doc>
<status status="PASS" start="2024-06-17T11:12:53.073177" elapsed="0.000402"/>
</kw>
<kw name="Log" owner="BuiltIn">
<msg time="2024-06-17T11:12:53.074002" level="INFO">location</msg>
<arg>${key}</arg>
<doc>Logs the given message with the given level.</doc>
<status status="PASS" start="2024-06-17T11:12:53.073875" elapsed="0.000164"/>
</kw>
<var name="${key}">location</var>
<status status="PASS" start="2024-06-17T11:12:53.072502" elapsed="0.001752"/>
</iter>
<iter>
<kw name="Dictionary Should Contain Key" owner="Collections">
<arg>${json_data['results'][0]}</arg>
<arg>${key}</arg>
<doc>Fails if ``key`` is not found from ``dictionary``.</doc>
<status status="PASS" start="2024-06-17T11:12:53.074538" elapsed="0.000386"/>
</kw>
<kw name="Log" owner="BuiltIn">
<msg time="2024-06-17T11:12:53.075589" level="INFO">{'gender': 'female', 'name': {'title': 'Ms', 'first': 'Mélissa', 'last': 'Masson'}, 'location': {'street': {'number': 7233, 'name': 'Avenue du Château'}, 'city': 'Roubaix', 'state': 'Lozère', 'country': 'France', 'postcode': 29699, 'coordinates': {'latitude': '-20.2649', 'longitude': '13.0005'}, 'timezone': {'offset': '-1:00', 'description': 'Azores, Cape Verde Islands'}}, 'email': 'melissa.masson@example.com', 'login': {'uuid': 'dae6b0c9-33e3-4339-8cd3-0b751b3142f7', 'username': 'brownbird730', 'password': 'stafford', 'salt': 'n5mmmJrY', 'md5': '2fcef5ed28e68bfa79a5fedf0c0d5147', 'sha1': 'bd93536ce8fb57ddf11ec69015c51757a80da349', 'sha256': '333cfa1257bbe437b6099a929519bb3f87d55869f28437a147071be945ca3e65'}, 'dob': {'date': '1971-05-14T14:45:23.697Z', 'age': 53}, 'registered': {'date': '2009-09-17T10:41:44.355Z', 'age': 14}, 'phone': '04-21-31-94-57', 'cell': '06-92-06-21-02', 'id': {'name': 'INSEE', 'value': '2710492455739 79'}, 'picture': {'large': 'https://randomuser.me/api/portraits/women/6.jpg', 'medium': 'https://randomuser.me/api/portraits/med/women/6.jpg', 'thumbnail': 'https://randomuser.me/api/portraits/thumb/women/6.jpg'}, 'nat': 'FR'}</msg>
<arg>${json_data['results'][0]}</arg>
<doc>Logs the given message with the given level.</doc>
<status status="PASS" start="2024-06-17T11:12:53.075107" elapsed="0.000561"/>
</kw>
<kw name="Log" owner="BuiltIn">
<msg time="2024-06-17T11:12:53.076167" level="INFO">email</msg>
<arg>${key}</arg>
<doc>Logs the given message with the given level.</doc>
<status status="PASS" start="2024-06-17T11:12:53.076035" elapsed="0.000176"/>
</kw>
<var name="${key}">email</var>
<status status="PASS" start="2024-06-17T11:12:53.074429" elapsed="0.002067"/>
</iter>
<iter>
<kw name="Dictionary Should Contain Key" owner="Collections">
<arg>${json_data['results'][0]}</arg>
<arg>${key}</arg>
<doc>Fails if ``key`` is not found from ``dictionary``.</doc>
<status status="PASS" start="2024-06-17T11:12:53.076785" elapsed="0.000402"/>
</kw>
<kw name="Log" owner="BuiltIn">
<msg time="2024-06-17T11:12:53.077731" level="INFO">{'gender': 'female', 'name': {'title': 'Ms', 'first': 'Mélissa', 'last': 'Masson'}, 'location': {'street': {'number': 7233, 'name': 'Avenue du Château'}, 'city': 'Roubaix', 'state': 'Lozère', 'country': 'France', 'postcode': 29699, 'coordinates': {'latitude': '-20.2649', 'longitude': '13.0005'}, 'timezone': {'offset': '-1:00', 'description': 'Azores, Cape Verde Islands'}}, 'email': 'melissa.masson@example.com', 'login': {'uuid': 'dae6b0c9-33e3-4339-8cd3-0b751b3142f7', 'username': 'brownbird730', 'password': 'stafford', 'salt': 'n5mmmJrY', 'md5': '2fcef5ed28e68bfa79a5fedf0c0d5147', 'sha1': 'bd93536ce8fb57ddf11ec69015c51757a80da349', 'sha256': '333cfa1257bbe437b6099a929519bb3f87d55869f28437a147071be945ca3e65'}, 'dob': {'date': '1971-05-14T14:45:23.697Z', 'age': 53}, 'registered': {'date': '2009-09-17T10:41:44.355Z', 'age': 14}, 'phone': '04-21-31-94-57', 'cell': '06-92-06-21-02', 'id': {'name': 'INSEE', 'value': '2710492455739 79'}, 'picture': {'large': 'https://randomuser.me/api/portraits/women/6.jpg', 'medium': 'https://randomuser.me/api/portraits/med/women/6.jpg', 'thumbnail': 'https://randomuser.me/api/portraits/thumb/women/6.jpg'}, 'nat': 'FR'}</msg>
<arg>${json_data['results'][0]}</arg>
<doc>Logs the given message with the given level.</doc>
<status status="PASS" start="2024-06-17T11:12:53.077372" elapsed="0.000419"/>
</kw>
<kw name="Log" owner="BuiltIn">
<msg time="2024-06-17T11:12:53.078225" level="INFO">login</msg>
<arg>${key}</arg>
<doc>Logs the given message with the given level.</doc>
<status status="PASS" start="2024-06-17T11:12:53.078097" elapsed="0.000166"/>
</kw>
<var name="${key}">login</var>
<status status="PASS" start="2024-06-17T11:12:53.076673" elapsed="0.001805"/>
</iter>
<var>${key}</var>
<value>@{expected_keys}</value>
<status status="PASS" start="2024-06-17T11:12:53.068242" elapsed="0.010356"/>
</for>
<kw name="Create List" owner="BuiltIn">
<msg time="2024-06-17T11:12:53.078970" level="INFO">${expected_keysTwo} = ['username', 'password']</msg>
<var>${expected_keysTwo}</var>
<arg>username</arg>
<arg>password</arg>
<doc>Returns a list containing given items.</doc>
<status status="PASS" start="2024-06-17T11:12:53.078794" elapsed="0.000201"/>
</kw>
<for flavor="IN">
<iter>
<kw name="Dictionary Should Contain Key" owner="Collections">
<arg>${json_data['results'][0]['login']}</arg>
<arg>${keyTwo}</arg>
<doc>Fails if ``key`` is not found from ``dictionary``.</doc>
<status status="PASS" start="2024-06-17T11:12:53.079505" elapsed="0.000424"/>
</kw>
<kw name="Dictionary Should Contain Key" owner="Collections">
<arg>${json_data['results'][0]['login']}</arg>
<arg>${keyTwo}</arg>
<doc>Fails if ``key`` is not found from ``dictionary``.</doc>
<status status="PASS" start="2024-06-17T11:12:53.080112" elapsed="0.000382"/>
</kw>
<kw name="Log" owner="BuiltIn">
<msg time="2024-06-17T11:12:53.080795" level="INFO">username</msg>
<arg>${keyTwo}</arg>
<doc>Logs the given message with the given level.</doc>
<status status="PASS" start="2024-06-17T11:12:53.080675" elapsed="0.000162"/>
</kw>
<var name="${keyTwo}">username</var>
<status status="PASS" start="2024-06-17T11:12:53.079396" elapsed="0.001666"/>
</iter>
<iter>
<kw name="Dictionary Should Contain Key" owner="Collections">
<arg>${json_data['results'][0]['login']}</arg>
<arg>${keyTwo}</arg>
<doc>Fails if ``key`` is not found from ``dictionary``.</doc>
<status status="PASS" start="2024-06-17T11:12:53.081346" elapsed="0.000379"/>
</kw>
<kw name="Dictionary Should Contain Key" owner="Collections">
<arg>${json_data['results'][0]['login']}</arg>
<arg>${keyTwo}</arg>
<doc>Fails if ``key`` is not found from ``dictionary``.</doc>
<status status="PASS" start="2024-06-17T11:12:53.081905" elapsed="0.000368"/>
</kw>
<kw name="Log" owner="BuiltIn">
<msg time="2024-06-17T11:12:53.082566" level="INFO">password</msg>
<arg>${keyTwo}</arg>
<doc>Logs the given message with the given level.</doc>
<status status="PASS" start="2024-06-17T11:12:53.082448" elapsed="0.000155"/>
</kw>
<var name="${keyTwo}">password</var>
<status status="PASS" start="2024-06-17T11:12:53.081238" elapsed="0.001589"/>
</iter>
<var>${keyTwo}</var>
<value>@{expected_keysTwo}</value>
<status status="PASS" start="2024-06-17T11:12:53.079239" elapsed="0.003708"/>
</for>
<status status="PASS" start="2024-06-17T11:12:52.964457" elapsed="0.118631"/>
</kw>
<doc>Testa a estrutura da resposta da API.</doc>
<tag>testeEstruturaResposta</tag>
<status status="PASS" start="2024-06-17T11:12:52.963950" elapsed="0.119293"/>
</test>
<test id="s1-s1-t4" name="Validar tipos de dados" line="28">
<kw name="Teste de Tipos de Dados" owner="random-user-service">
<kw name="GET On Session" owner="RequestsLibrary">
<msg time="2024-06-17T11:12:53.161308" level="INFO">GET Request : url=https://randomuser.me/api 
 path_url=/api 
 headers={'User-Agent': 'python-requests/2.32.3', 'Accept-Encoding': 'gzip, deflate', 'Accept': '*/*', 'Connection': 'keep-alive'} 
 body=None 
 </msg>
<msg time="2024-06-17T11:12:53.161408" level="INFO">GET Response : url=https://randomuser.me/api 
 status=200, reason=OK 
 headers={'Date': 'Mon, 17 Jun 2024 11:12:53 GMT', 'Content-Type': 'application/json; charset=utf-8', 'Transfer-Encoding': 'chunked', 'Connection': 'keep-alive', 'X-Powered-By': 'Express', 'Access-Control-Allow-Origin': '*', 'Cache-Control': 'no-cache', 'ETag': 'W/"490-6eq1K03jWD5Tn+iar6UKInpHBfQ"', 'Vary': 'Accept-Encoding', 'Content-Encoding': 'gzip', 'CF-Cache-Status': 'DYNAMIC', 'Report-To': '{"endpoints":[{"url":"https:\\/\\/a.nel.cloudflare.com\\/report\\/v4?s=JIxzw1giAwsDfR8hkOLt0wfQL4TGSVDrmyw3%2Bk3rI06TX%2BheeyClGo3MotaSKttJlfEFwVeCQnWpdW6cvkBrNdm5ZnZdrdpG5juRAy9o88R0XuFW%2Bikx2f2HBAAAtp8h"}],"group":"cf-nel","max_age":604800}', 'NEL': '{"success_fraction":0,"report_to":"cf-nel","max_age":604800}', 'Server': 'cloudflare', 'CF-RAY': '89529b6bdb6c29bc-IAD', 'alt-svc': 'h3=":443"; ma=86400'} 
 body={"results":[{"gender":"female","name":{"title":"Ms","first":"کیمیا","last":"نكو نظر"},"location":{"street":{"number":717,"name":"دیباجی"},"city":"اهواز","state":"خراسان شمالی","country":"Iran","postcode":59056,"coordinates":{"latitude":"19.1739","longitude":"138.3092"},"timezone":{"offset":"-12:00","description":"Eniwetok, Kwajalein"}},"email":"khymy.nkwnzr@example.com","login":{"uuid":"eba01425-8f86-4e9c-9c2a-df6f35be1fe0","username":"purplesnake997","password":"blazer","salt":"8Fx3JYZV","md5":"e5d81ced07a53466e3c6ff7f767284ca","sha1":"fdeb4bd4cee6bbfff7540bbcc1c40c0af52060c7","sha256":"9c8529fe9745710950813585ffba5a5a777f1379d9f5c097bf149f370333e8b4"},"dob":{"date":"1967-03-27T04:56:03.085Z","age":57},"registered":{"date":"2021-05-19T16:52:57.905Z","age":3},"phone":"037-91980267","cell":"0969-037-1023","id":{"name":"","value":null},"picture":{"large":"https://randomuser.me/api/portraits/women/22.jpg","medium":"https://randomuser.me/api/portraits/med/women/22.jpg","thumbnail":"https://randomuser.me/api/portraits/thumb/women/22.jpg"},"nat":"IR"}],"info":{"seed":"6f2cad8c4a0392ed","results":1,"page":1,"version":"1.4"}} 
 </msg>
<msg time="2024-06-17T11:12:53.161492" level="INFO">/opt/hostedtoolcache/Python/3.12.3/x64/lib/python3.12/site-packages/urllib3/connectionpool.py:1103: InsecureRequestWarning: Unverified HTTPS request is being made to host 'randomuser.me'. Adding certificate verification is strongly advised. See: https://urllib3.readthedocs.io/en/latest/advanced-usage.html#tls-warnings
  warnings.warn(</msg>
<msg time="2024-06-17T11:12:53.161628" level="INFO">${response} = &lt;Response [200]&gt;</msg>
<var>${response}</var>
<arg>consultarAPI</arg>
<arg>/api</arg>
<doc>Sends a GET request on a previously created HTTP Session.</doc>
<status status="PASS" start="2024-06-17T11:12:53.085806" elapsed="0.075874"/>
</kw>
<kw name="Set Variable" owner="BuiltIn">
<msg time="2024-06-17T11:12:53.162870" level="INFO">${json_data} = {'results': [{'gender': 'female', 'name': {'title': 'Ms', 'first': 'کیمیا', 'last': 'نكو نظر'}, 'location': {'street': {'number': 717, 'name': 'دیباجی'}, 'city': 'اهواز', 'state': 'خراسان شمالی', 'cou...</msg>
<var>${json_data}</var>
<arg>${response.json()}</arg>
<doc>Returns the given values which can then be assigned to a variables.</doc>
<status status="PASS" start="2024-06-17T11:12:53.162284" elapsed="0.000618"/>
</kw>
<kw name="Log" owner="BuiltIn">
<msg time="2024-06-17T11:12:53.163414" level="INFO">{'results': [{'gender': 'female', 'name': {'title': 'Ms', 'first': 'کیمیا', 'last': 'نكو نظر'}, 'location': {'street': {'number': 717, 'name': 'دیباجی'}, 'city': 'اهواز', 'state': 'خراسان شمالی', 'country': 'Iran', 'postcode': 59056, 'coordinates': {'latitude': '19.1739', 'longitude': '138.3092'}, 'timezone': {'offset': '-12:00', 'description': 'Eniwetok, Kwajalein'}}, 'email': 'khymy.nkwnzr@example.com', 'login': {'uuid': 'eba01425-8f86-4e9c-9c2a-df6f35be1fe0', 'username': 'purplesnake997', 'password': 'blazer', 'salt': '8Fx3JYZV', 'md5': 'e5d81ced07a53466e3c6ff7f767284ca', 'sha1': 'fdeb4bd4cee6bbfff7540bbcc1c40c0af52060c7', 'sha256': '9c8529fe9745710950813585ffba5a5a777f1379d9f5c097bf149f370333e8b4'}, 'dob': {'date': '1967-03-27T04:56:03.085Z', 'age': 57}, 'registered': {'date': '2021-05-19T16:52:57.905Z', 'age': 3}, 'phone': '037-91980267', 'cell': '0969-037-1023', 'id': {'name': '', 'value': None}, 'picture': {'large': 'https://randomuser.me/api/portraits/women/22.jpg', 'medium': 'https://randomuser.me/api/portraits/med/women/22.jpg', 'thumbnail': 'https://randomuser.me/api/portraits/thumb/women/22.jpg'}, 'nat': 'IR'}], 'info': {'seed': '6f2cad8c4a0392ed', 'results': 1, 'page': 1, 'version': '1.4'}}</msg>
<arg>${json_data}</arg>
<doc>Logs the given message with the given level.</doc>
<status status="PASS" start="2024-06-17T11:12:53.163245" elapsed="0.000235"/>
</kw>
<kw name="Should Be String" owner="String">
<arg>${json_data['results'][0]['gender']}</arg>
<doc>Fails if the given ``item`` is not a string.</doc>
<status status="PASS" start="2024-06-17T11:12:53.163868" elapsed="0.000382"/>
</kw>
<kw name="Should Match Regexp" owner="BuiltIn">
<arg>${json_data['results'][0]['email']}</arg>
<arg>^[a-zA-Z0-9._%+-]+@[a-zA-Z0-9.-]+\.[a-zA-Z]{2,}$</arg>
<doc>Fails if ``string`` does not match ``pattern`` as a regular expression.</doc>
<status status="PASS" start="2024-06-17T11:12:53.164446" elapsed="0.000567"/>
</kw>
<kw name="Should Match Regexp" owner="BuiltIn">
<arg>${json_data['results'][0]['dob']['date']}</arg>
<arg>\\d{4}-\\d{2}-\\d{2}T\\d{2}:\\d{2}:\\d{2}\\.\\d{3}Z</arg>
<doc>Fails if ``string`` does not match ``pattern`` as a regular expression.</doc>
<status status="PASS" start="2024-06-17T11:12:53.165211" elapsed="0.000487"/>
</kw>
<kw name="Should Match Regexp" owner="BuiltIn">
<arg>${json_data['results'][0]['registered']['date']}</arg>
<arg>\\d{4}-\\d{2}-\\d{2}T\\d{2}:\\d{2}:\\d{2}\\.\\d{3}Z</arg>
<doc>Fails if ``string`` does not match ``pattern`` as a regular expression.</doc>
<status status="PASS" start="2024-06-17T11:12:53.165890" elapsed="0.000366"/>
</kw>
<kw name="Should Match Regexp" owner="BuiltIn">
<arg>${json_data['results'][0]['picture']['large']}</arg>
<arg>^https?://.*\.(?:png|jpe?g|gif|bmp)$</arg>
<doc>Fails if ``string`` does not match ``pattern`` as a regular expression.</doc>
<status status="PASS" start="2024-06-17T11:12:53.166443" elapsed="0.000460"/>
</kw>
<kw name="Should Match Regexp" owner="BuiltIn">
<arg>${json_data['results'][0]['picture']['medium']}</arg>
<arg>^https?://.*\.(?:png|jpe?g|gif|bmp)$</arg>
<doc>Fails if ``string`` does not match ``pattern`` as a regular expression.</doc>
<status status="PASS" start="2024-06-17T11:12:53.167092" elapsed="0.000365"/>
</kw>
<kw name="Should Match Regexp" owner="BuiltIn">
<arg>${json_data['results'][0]['picture']['thumbnail']}</arg>
<arg>^https?://.*\.(?:png|jpe?g|gif|bmp)$</arg>
<doc>Fails if ``string`` does not match ``pattern`` as a regular expression.</doc>
<status status="PASS" start="2024-06-17T11:12:53.167680" elapsed="0.000357"/>
</kw>
<kw name="Log" owner="BuiltIn">
<msg time="2024-06-17T11:12:53.168548" level="INFO">{'large': 'https://randomuser.me/api/portraits/women/22.jpg', 'medium': 'https://randomuser.me/api/portraits/med/women/22.jpg', 'thumbnail': 'https://randomuser.me/api/portraits/thumb/women/22.jpg'}</msg>
<arg>${json_data['results'][0]['picture']}</arg>
<doc>Logs the given message with the given level.</doc>
<status status="PASS" start="2024-06-17T11:12:53.168222" elapsed="0.000370"/>
</kw>
<status status="PASS" start="2024-06-17T11:12:53.085581" elapsed="0.083272"/>
</kw>
<kw name="Teste de Tipos de Dados - Postcode" owner="random-user-service">
<kw name="GET On Session" owner="RequestsLibrary">
<msg time="2024-06-17T11:12:53.279696" level="INFO">GET Request : url=https://randomuser.me/api 
 path_url=/api 
 headers={'User-Agent': 'python-requests/2.32.3', 'Accept-Encoding': 'gzip, deflate', 'Accept': '*/*', 'Connection': 'keep-alive'} 
 body=None 
 </msg>
<msg time="2024-06-17T11:12:53.279802" level="INFO">GET Response : url=https://randomuser.me/api 
 status=200, reason=OK 
 headers={'Date': 'Mon, 17 Jun 2024 11:12:53 GMT', 'Content-Type': 'application/json; charset=utf-8', 'Transfer-Encoding': 'chunked', 'Connection': 'keep-alive', 'X-Powered-By': 'Express', 'Access-Control-Allow-Origin': '*', 'Cache-Control': 'no-cache', 'ETag': 'W/"48c-Z3FdAwIC8l1qeCDy309RWCrHrvs"', 'Vary': 'Accept-Encoding', 'Content-Encoding': 'gzip', 'CF-Cache-Status': 'DYNAMIC', 'Report-To': '{"endpoints":[{"url":"https:\\/\\/a.nel.cloudflare.com\\/report\\/v4?s=kHhIcGzFtV5LTTkBkNBBh9XmnEDQyLLzWf5pbpsb6GYFTKLEZaEX%2FfBfrqW7v1zGHfZZLexh5AaIpDDM1mdMOVevJ4eywIpQCvsBqDACLH%2FsIwplCDOTr9iAuhwB5lH4"}],"group":"cf-nel","max_age":604800}', 'NEL': '{"success_fraction":0,"report_to":"cf-nel","max_age":604800}', 'Server': 'cloudflare', 'CF-RAY': '89529b6c5be629bc-IAD', 'alt-svc': 'h3=":443"; ma=86400'} 
 body={"results":[{"gender":"male","name":{"title":"Mr","first":"Hermano","last":"da Mota"},"location":{"street":{"number":8647,"name":"Rua Pará "},"city":"Itaboraí","state":"Rondônia","country":"Brazil","postcode":42944,"coordinates":{"latitude":"-77.1023","longitude":"-24.0745"},"timezone":{"offset":"-1:00","description":"Azores, Cape Verde Islands"}},"email":"hermano.damota@example.com","login":{"uuid":"746d76c5-ebbc-4bd4-8e07-c81e7167a3e3","username":"angryladybug778","password":"tree","salt":"5RSWQ3rH","md5":"89db078dd50ca9ba626a305ad102c69f","sha1":"f80726bb468cdf6c1f71ec71bf1d4b0f6a4e220d","sha256":"81fe9df1a1451e683ecb89bbb8705a70a366b59d57408dc408e9bee08b39832e"},"dob":{"date":"1974-01-03T11:52:59.746Z","age":50},"registered":{"date":"2004-04-15T14:48:11.692Z","age":20},"phone":"(40) 4462-8220","cell":"(26) 9835-0799","id":{"name":"CPF","value":"593.632.451-44"},"picture":{"large":"https://randomuser.me/api/portraits/men/89.jpg","medium":"https://randomuser.me/api/portraits/med/men/89.jpg","thumbnail":"https://randomuser.me/api/portraits/thumb/men/89.jpg"},"nat":"BR"}],"info":{"seed":"c8db082ad7e6e252","results":1,"page":1,"version":"1.4"}} 
 </msg>
<msg time="2024-06-17T11:12:53.279885" level="INFO">/opt/hostedtoolcache/Python/3.12.3/x64/lib/python3.12/site-packages/urllib3/connectionpool.py:1103: InsecureRequestWarning: Unverified HTTPS request is being made to host 'randomuser.me'. Adding certificate verification is strongly advised. See: https://urllib3.readthedocs.io/en/latest/advanced-usage.html#tls-warnings
  warnings.warn(</msg>
<msg time="2024-06-17T11:12:53.280012" level="INFO">${response} = &lt;Response [200]&gt;</msg>
<var>${response}</var>
<arg>consultarAPI</arg>
<arg>/api</arg>
<doc>Sends a GET request on a previously created HTTP Session.</doc>
<status status="PASS" start="2024-06-17T11:12:53.169316" elapsed="0.110739"/>
</kw>
<kw name="Set Variable" owner="BuiltIn">
<msg time="2024-06-17T11:12:53.281061" level="INFO">${json_data} = {'results': [{'gender': 'male', 'name': {'title': 'Mr', 'first': 'Hermano', 'last': 'da Mota'}, 'location': {'street': {'number': 8647, 'name': 'Rua Pará '}, 'city': 'Itaboraí', 'state': 'Rondônia', '...</msg>
<var>${json_data}</var>
<arg>${response.json()}</arg>
<doc>Returns the given values which can then be assigned to a variables.</doc>
<status status="PASS" start="2024-06-17T11:12:53.280557" elapsed="0.000535"/>
</kw>
<kw name="Log" owner="BuiltIn">
<msg time="2024-06-17T11:12:53.281555" level="INFO">{'results': [{'gender': 'male', 'name': {'title': 'Mr', 'first': 'Hermano', 'last': 'da Mota'}, 'location': {'street': {'number': 8647, 'name': 'Rua Pará '}, 'city': 'Itaboraí', 'state': 'Rondônia', 'country': 'Brazil', 'postcode': 42944, 'coordinates': {'latitude': '-77.1023', 'longitude': '-24.0745'}, 'timezone': {'offset': '-1:00', 'description': 'Azores, Cape Verde Islands'}}, 'email': 'hermano.damota@example.com', 'login': {'uuid': '746d76c5-ebbc-4bd4-8e07-c81e7167a3e3', 'username': 'angryladybug778', 'password': 'tree', 'salt': '5RSWQ3rH', 'md5': '89db078dd50ca9ba626a305ad102c69f', 'sha1': 'f80726bb468cdf6c1f71ec71bf1d4b0f6a4e220d', 'sha256': '81fe9df1a1451e683ecb89bbb8705a70a366b59d57408dc408e9bee08b39832e'}, 'dob': {'date': '1974-01-03T11:52:59.746Z', 'age': 50}, 'registered': {'date': '2004-04-15T14:48:11.692Z', 'age': 20}, 'phone': '(40) 4462-8220', 'cell': '(26) 9835-0799', 'id': {'name': 'CPF', 'value': '593.632.451-44'}, 'picture': {'large': 'https://randomuser.me/api/portraits/men/89.jpg', 'medium': 'https://randomuser.me/api/portraits/med/men/89.jpg', 'thumbnail': 'https://randomuser.me/api/portraits/thumb/men/89.jpg'}, 'nat': 'BR'}], 'info': {'seed': 'c8db082ad7e6e252', 'results': 1, 'page': 1, 'version': '1.4'}}</msg>
<arg>${json_data}</arg>
<doc>Logs the given message with the given level.</doc>
<status status="PASS" start="2024-06-17T11:12:53.281395" elapsed="0.000220"/>
</kw>
<kw name="Should Be Equal As Numbers" owner="BuiltIn">
<arg>${json_data['results'][0]['location']['postcode']}</arg>
<arg>${json_data['results'][0]['location']['postcode']}</arg>
<doc>Fails if objects are unequal after converting them to real numbers.</doc>
<status status="PASS" start="2024-06-17T11:12:53.281909" elapsed="0.000620"/>
</kw>
<kw name="Log" owner="BuiltIn">
<msg time="2024-06-17T11:12:53.283058" level="INFO">42944</msg>
<arg>${json_data['results'][0]['location']['postcode']}</arg>
<doc>Logs the given message with the given level.</doc>
<status status="PASS" start="2024-06-17T11:12:53.282725" elapsed="0.000409"/>
</kw>
<status status="PASS" start="2024-06-17T11:12:53.169083" elapsed="0.114313"/>
</kw>
<doc>Testa se os tipos de dados na resposta da API estão corretos.</doc>
<tag>testeTiposDados</tag>
<status status="PASS" start="2024-06-17T11:12:53.085042" elapsed="0.198554"/>
</test>
<test id="s1-s1-t5" name="Validar conteudo" line="35">
<kw name="Teste de Tipos de Conteudo" owner="random-user-service">
<kw name="GET On Session" owner="RequestsLibrary">
<msg time="2024-06-17T11:12:53.367012" level="INFO">GET Request : url=https://randomuser.me/api 
 path_url=/api 
 headers={'User-Agent': 'python-requests/2.32.3', 'Accept-Encoding': 'gzip, deflate', 'Accept': '*/*', 'Connection': 'keep-alive'} 
 body=None 
 </msg>
<msg time="2024-06-17T11:12:53.367112" level="INFO">GET Response : url=https://randomuser.me/api 
 status=200, reason=OK 
 headers={'Date': 'Mon, 17 Jun 2024 11:12:53 GMT', 'Content-Type': 'application/json; charset=utf-8', 'Transfer-Encoding': 'chunked', 'Connection': 'keep-alive', 'X-Powered-By': 'Express', 'Access-Control-Allow-Origin': '*', 'Cache-Control': 'no-cache', 'ETag': 'W/"48f-SISC+T1b5cMRVOM4VzpqIM6svVk"', 'Vary': 'Accept-Encoding', 'Content-Encoding': 'gzip', 'CF-Cache-Status': 'DYNAMIC', 'Report-To': '{"endpoints":[{"url":"https:\\/\\/a.nel.cloudflare.com\\/report\\/v4?s=4BS5FTS6mQ31h%2FwsWNxJ%2B%2FlkuPCyGIJaCKsdftalefeI4vGGR6FAPgnU1buWAMBp1THml3mVINDCkK5PH%2FquzETqv5IJALTkfH6b%2BG9bHFioMSNV3OzuiaKeT5O6%2BSEz"}],"group":"cf-nel","max_age":604800}', 'NEL': '{"success_fraction":0,"report_to":"cf-nel","max_age":604800}', 'Server': 'cloudflare', 'CF-RAY': '89529b6d1c9429bc-IAD', 'alt-svc': 'h3=":443"; ma=86400'} 
 body={"results":[{"gender":"male","name":{"title":"Mr","first":"Đurađ","last":"Vlahović"},"location":{"street":{"number":2858,"name":"Bobska"},"city":"Aleksandrovac","state":"Kosovska Mitrovica","country":"Serbia","postcode":93501,"coordinates":{"latitude":"59.7091","longitude":"-0.9445"},"timezone":{"offset":"-3:00","description":"Brazil, Buenos Aires, Georgetown"}},"email":"durad.vlahovic@example.com","login":{"uuid":"4e54104e-13e3-4e54-8435-73da0de9e759","username":"bluefrog511","password":"cuervo","salt":"hp6o4usV","md5":"49054fd968c2a1f62a08c8339406befc","sha1":"c32f7a2f07bb19e27dd4b260809936d8dec7d816","sha256":"b1a165273526e1adb90f5080034d959c3dedee7edae7dc9ddd929f2b7d7759e1"},"dob":{"date":"1957-06-29T07:15:44.442Z","age":66},"registered":{"date":"2019-09-05T21:56:13.840Z","age":4},"phone":"018-8594-363","cell":"060-7225-569","id":{"name":"SID","value":"912456067"},"picture":{"large":"https://randomuser.me/api/portraits/men/66.jpg","medium":"https://randomuser.me/api/portraits/med/men/66.jpg","thumbnail":"https://randomuser.me/api/portraits/thumb/men/66.jpg"},"nat":"RS"}],"info":{"seed":"d3ac8b8dda5a96d1","results":1,"page":1,"version":"1.4"}} 
 </msg>
<msg time="2024-06-17T11:12:53.367206" level="INFO">/opt/hostedtoolcache/Python/3.12.3/x64/lib/python3.12/site-packages/urllib3/connectionpool.py:1103: InsecureRequestWarning: Unverified HTTPS request is being made to host 'randomuser.me'. Adding certificate verification is strongly advised. See: https://urllib3.readthedocs.io/en/latest/advanced-usage.html#tls-warnings
  warnings.warn(</msg>
<msg time="2024-06-17T11:12:53.367320" level="INFO">${response} = &lt;Response [200]&gt;</msg>
<var>${response}</var>
<arg>consultarAPI</arg>
<arg>/api</arg>
<doc>Sends a GET request on a previously created HTTP Session.</doc>
<status status="PASS" start="2024-06-17T11:12:53.286185" elapsed="0.081176"/>
</kw>
<kw name="Set Variable" owner="BuiltIn">
<msg time="2024-06-17T11:12:53.368553" level="INFO">${json_data} = {'results': [{'gender': 'male', 'name': {'title': 'Mr', 'first': 'Đurađ', 'last': 'Vlahović'}, 'location': {'street': {'number': 2858, 'name': 'Bobska'}, 'city': 'Aleksandrovac', 'state': 'Kosovska Mi...</msg>
<var>${json_data}</var>
<arg>${response.json()}</arg>
<doc>Returns the given values which can then be assigned to a variables.</doc>
<status status="PASS" start="2024-06-17T11:12:53.367951" elapsed="0.000633"/>
</kw>
<kw name="Set Variable" owner="BuiltIn">
<msg time="2024-06-17T11:12:53.369268" level="INFO">${name_title} = Mr</msg>
<var>${name_title}</var>
<arg>${json_data["results"][0]["name"]["title"]}</arg>
<doc>Returns the given values which can then be assigned to a variables.</doc>
<status status="PASS" start="2024-06-17T11:12:53.368892" elapsed="0.000402"/>
</kw>
<kw name="Create List" owner="BuiltIn">
<msg time="2024-06-17T11:12:53.369738" level="INFO">${allowed_titles} = ['Mr', 'Ms', 'Miss', 'Mrs', 'Madame', 'Monsieur']</msg>
<var>${allowed_titles}</var>
<arg>Mr</arg>
<arg>Ms</arg>
<arg>Miss</arg>
<arg>Mrs</arg>
<arg>Madame</arg>
<arg>Monsieur</arg>
<doc>Returns a list containing given items.</doc>
<status status="PASS" start="2024-06-17T11:12:53.369591" elapsed="0.000171"/>
</kw>
<kw name="List Should Contain Value" owner="Collections">
<arg>${allowed_titles}</arg>
<arg>${name_title}</arg>
<doc>Fails if the ``value`` is not found from ``list``.</doc>
<status status="PASS" start="2024-06-17T11:12:53.370060" elapsed="0.000178"/>
</kw>
<kw name="Set Variable" owner="BuiltIn">
<msg time="2024-06-17T11:12:53.370777" level="INFO">${name_country} = RS</msg>
<var>${name_country}</var>
<arg>${json_data["results"][0]["nat"]}</arg>
<doc>Returns the given values which can then be assigned to a variables.</doc>
<status status="PASS" start="2024-06-17T11:12:53.370418" elapsed="0.000383"/>
</kw>
<kw name="Create List" owner="BuiltIn">
<msg time="2024-06-17T11:12:53.371711" level="INFO">${list_country} = ['AD', 'AE', 'AF', 'AG', 'AI', 'AL', 'AM', 'AO', 'AQ', 'AR', 'AS', 'AT', 'AU', 'AW', 'AX', 'AZ', 'BA', 'BB', 'BD', 'BE', 'BF', 'BG', 'BH', 'BI', 'BJ', 'BL', 'BM', 'BN', 'BO', 'BQ', 'BR', 'BS', 'BT', '...</msg>
<var>${list_country}</var>
<arg>AD</arg>
<arg>AE</arg>
<arg>AF</arg>
<arg>AG</arg>
<arg>AI</arg>
<arg>AL</arg>
<arg>AM</arg>
<arg>AO</arg>
<arg>AQ</arg>
<arg>AR</arg>
<arg>AS</arg>
<arg>AT</arg>
<arg>AU</arg>
<arg>AW</arg>
<arg>AX</arg>
<arg>AZ</arg>
<arg>BA</arg>
<arg>BB</arg>
<arg>BD</arg>
<arg>BE</arg>
<arg>BF</arg>
<arg>BG</arg>
<arg>BH</arg>
<arg>BI</arg>
<arg>BJ</arg>
<arg>BL</arg>
<arg>BM</arg>
<arg>BN</arg>
<arg>BO</arg>
<arg>BQ</arg>
<arg>BR</arg>
<arg>BS</arg>
<arg>BT</arg>
<arg>BV</arg>
<arg>BW</arg>
<arg>BY</arg>
<arg>BZ</arg>
<arg>CA</arg>
<arg>CC</arg>
<arg>CD</arg>
<arg>CF</arg>
<arg>CG</arg>
<arg>CH</arg>
<arg>CI</arg>
<arg>CK</arg>
<arg>CL</arg>
<arg>CM</arg>
<arg>CN</arg>
<arg>CO</arg>
<arg>CR</arg>
<arg>CU</arg>
<arg>CV</arg>
<arg>CW</arg>
<arg>CX</arg>
<arg>CY</arg>
<arg>CZ</arg>
<arg>DE</arg>
<arg>DJ</arg>
<arg>DK</arg>
<arg>DM</arg>
<arg>DO</arg>
<arg>DZ</arg>
<arg>EC</arg>
<arg>EE</arg>
<arg>EG</arg>
<arg>EH</arg>
<arg>ER</arg>
<arg>ES</arg>
<arg>ET</arg>
<arg>FI</arg>
<arg>FJ</arg>
<arg>FK</arg>
<arg>FM</arg>
<arg>FO</arg>
<arg>FR</arg>
<arg>GA</arg>
<arg>GB</arg>
<arg>GD</arg>
<arg>GE</arg>
<arg>GF</arg>
<arg>GG</arg>
<arg>GH</arg>
<arg>GI</arg>
<arg>GL</arg>
<arg>GM</arg>
<arg>GN</arg>
<arg>GP</arg>
<arg>GQ</arg>
<arg>GR</arg>
<arg>GS</arg>
<arg>GT</arg>
<arg>GU</arg>
<arg>GW</arg>
<arg>GY</arg>
<arg>HK</arg>
<arg>HM</arg>
<arg>HN</arg>
<arg>HR</arg>
<arg>HT</arg>
<arg>HU</arg>
<arg>ID</arg>
<arg>IE</arg>
<arg>IL</arg>
<arg>IM</arg>
<arg>IN</arg>
<arg>IO</arg>
<arg>IQ</arg>
<arg>IR</arg>
<arg>IS</arg>
<arg>IT</arg>
<arg>JE</arg>
<arg>JM</arg>
<arg>JO</arg>
<arg>JP</arg>
<arg>KE</arg>
<arg>KG</arg>
<arg>KH</arg>
<arg>KI</arg>
<arg>KM</arg>
<arg>KN</arg>
<arg>KP</arg>
<arg>KR</arg>
<arg>KW</arg>
<arg>KY</arg>
<arg>KZ</arg>
<arg>LA</arg>
<arg>LB</arg>
<arg>LC</arg>
<arg>LI</arg>
<arg>LK</arg>
<arg>LR</arg>
<arg>LS</arg>
<arg>LT</arg>
<arg>LU</arg>
<arg>LV</arg>
<arg>LY</arg>
<arg>MA</arg>
<arg>MC</arg>
<arg>MD</arg>
<arg>ME</arg>
<arg>MF</arg>
<arg>MG</arg>
<arg>MH</arg>
<arg>MK</arg>
<arg>ML</arg>
<arg>MM</arg>
<arg>MN</arg>
<arg>MO</arg>
<arg>MP</arg>
<arg>MQ</arg>
<arg>MR</arg>
<arg>MS</arg>
<arg>MT</arg>
<arg>MU</arg>
<arg>MV</arg>
<arg>MW</arg>
<arg>MX</arg>
<arg>MY</arg>
<arg>MZ</arg>
<arg>NA</arg>
<arg>NC</arg>
<arg>NE</arg>
<arg>NF</arg>
<arg>NG</arg>
<arg>NI</arg>
<arg>NL</arg>
<arg>NO</arg>
<arg>NP</arg>
<arg>NR</arg>
<arg>NU</arg>
<arg>NZ</arg>
<arg>OM</arg>
<arg>PA</arg>
<arg>PE</arg>
<arg>PF</arg>
<arg>PG</arg>
<arg>PH</arg>
<arg>PK</arg>
<arg>PL</arg>
<arg>PM</arg>
<arg>PN</arg>
<arg>PR</arg>
<arg>PS</arg>
<arg>PT</arg>
<arg>PW</arg>
<arg>PY</arg>
<arg>QA</arg>
<arg>RE</arg>
<arg>RO</arg>
<arg>RS</arg>
<arg>RU</arg>
<arg>RW</arg>
<arg>SA</arg>
<arg>SB</arg>
<arg>SC</arg>
<arg>SD</arg>
<arg>SE</arg>
<arg>SG</arg>
<arg>SH</arg>
<arg>SI</arg>
<arg>SJ</arg>
<arg>SK</arg>
<arg>SL</arg>
<arg>SM</arg>
<arg>SN</arg>
<arg>SO</arg>
<arg>SR</arg>
<arg>SS</arg>
<arg>ST</arg>
<arg>SV</arg>
<arg>SX</arg>
<arg>SY</arg>
<arg>SZ</arg>
<arg>TC</arg>
<arg>TD</arg>
<arg>TF</arg>
<arg>TG</arg>
<arg>TH</arg>
<arg>TJ</arg>
<arg>TK</arg>
<arg>TL</arg>
<arg>TM</arg>
<arg>TN</arg>
<arg>TO</arg>
<arg>TR</arg>
<arg>TT</arg>
<arg>TV</arg>
<arg>TW</arg>
<arg>TZ</arg>
<arg>UA</arg>
<arg>UG</arg>
<arg>UM</arg>
<arg>US</arg>
<arg>UY</arg>
<arg>UZ</arg>
<arg>VA</arg>
<arg>VC</arg>
<arg>VE</arg>
<arg>VG</arg>
<arg>VI</arg>
<arg>VN</arg>
<arg>VU</arg>
<arg>WF</arg>
<arg>WS</arg>
<arg>XK</arg>
<arg>YE</arg>
<arg>YT</arg>
<arg>ZA</arg>
<arg>ZM</arg>
<arg>ZW</arg>
<doc>Returns a list containing given items.</doc>
<status status="PASS" start="2024-06-17T11:12:53.371089" elapsed="0.000648"/>
</kw>
<kw name="List Should Contain Value" owner="Collections">
<arg>${list_country}</arg>
<arg>${name_country}</arg>
<doc>Fails if the ``value`` is not found from ``list``.</doc>
<status status="PASS" start="2024-06-17T11:12:53.372537" elapsed="0.000208"/>
</kw>
<kw name="Run Keyword If" owner="BuiltIn">
<kw name="Should Be True" owner="BuiltIn">
<arg>${True}</arg>
<doc>Fails if the given condition is not true.</doc>
<status status="PASS" start="2024-06-17T11:12:53.373685" elapsed="0.000143"/>
</kw>
<arg>${json_data["results"][0]["location"]["coordinates"]["latitude"]} &gt;= -90 and ${json_data["results"][0]["location"]["coordinates"]["latitude"]} &lt;= 90</arg>
<arg>Should Be True</arg>
<arg>${True}</arg>
<doc>Runs the given keyword with the given arguments, if ``condition`` is true.</doc>
<status status="PASS" start="2024-06-17T11:12:53.372945" elapsed="0.001010"/>
</kw>
<kw name="Run Keyword If" owner="BuiltIn">
<kw name="Should Be True" owner="BuiltIn">
<arg>${True}</arg>
<doc>Fails if the given condition is not true.</doc>
<status status="PASS" start="2024-06-17T11:12:53.374828" elapsed="0.000135"/>
</kw>
<arg>${json_data["results"][0]["location"]["coordinates"]["longitude"]} &gt;= -180 and ${json_data["results"][0]["location"]["coordinates"]["longitude"]} &lt;= 180</arg>
<arg>Should Be True</arg>
<arg>${True}</arg>
<doc>Runs the given keyword with the given arguments, if ``condition`` is true.</doc>
<status status="PASS" start="2024-06-17T11:12:53.374139" elapsed="0.000948"/>
</kw>
<status status="PASS" start="2024-06-17T11:12:53.285792" elapsed="0.089429"/>
</kw>
<doc>Testa o conteúdo específico dos campos retornados pela API.</doc>
<tag>testeConteudo</tag>
<status status="PASS" start="2024-06-17T11:12:53.285333" elapsed="0.090046"/>
</test>
<status status="PASS" start="2024-06-17T11:12:52.450535" elapsed="0.926845"/>
</suite>
<status status="PASS" start="2024-06-17T11:12:52.436957" elapsed="0.945641"/>
</suite>
<statistics>
<total>
<stat pass="5" fail="0" skip="0">All Tests</stat>
</total>
<tag>
<stat pass="1" fail="0" skip="0">testeConteudo</stat>
<stat pass="1" fail="0" skip="0">testeEstruturaResposta</stat>
<stat pass="1" fail="0" skip="0">testeRequisicaoBasica</stat>
<stat pass="1" fail="0" skip="0">testeTiposDados</stat>
</tag>
<suite>
<stat pass="5" fail="0" skip="0" id="s1" name="Tests">Tests</stat>
<stat pass="5" fail="0" skip="0" id="s1-s1" name="Random-User-Test">Tests.Random-User-Test</stat>
</suite>
</statistics>
<errors>
</errors>
</robot>
