<?xml version="1.0" encoding="UTF-8"?>
<robot generator="Robot 7.0 (Python 3.12.3 on linux)" generated="2024-04-26T07:14:33.089657" rpa="false" schemaversion="5">
<suite id="s1" name="Tests" source="/home/runner/work/DesafioQAItauRogerioJordao/DesafioQAItauRogerioJordao/RamdonUser/tests">
<suite id="s1-s1" name="Random-User-Test" source="/home/runner/work/DesafioQAItauRogerioJordao/DesafioQAItauRogerioJordao/RamdonUser/tests/random-user-test.robot">
<test id="s1-s1-t1" name="Conectar" line="13">
<kw name="Conectar API" owner="random-user-service">
<kw name="Create Session" owner="RequestsLibrary">
<msg time="2024-04-26T07:14:33.438234" level="INFO">Creating Session using : alias=consultarAPI, url=https://randomuser.me/, headers={},                     cookies={}, auth=None, timeout=None, proxies=None, verify=False,                     debug=0 </msg>
<arg>consultarAPI</arg>
<arg>${URL}</arg>
<doc>Create Session: create a HTTP session to a server</doc>
<status status="PASS" start="2024-04-26T07:14:33.438050" elapsed="0.000343"/>
</kw>
<status status="PASS" start="2024-04-26T07:14:33.437157" elapsed="0.001608"/>
</kw>
<status status="PASS" start="2024-04-26T07:14:33.436651" elapsed="0.002302"/>
</test>
<test id="s1-s1-t2" name="Validar retorno 200 e JSON Válido" line="16">
<kw name="Teste de Requisicao Basica" owner="random-user-service">
<kw name="GET On Session" owner="RequestsLibrary">
<msg time="2024-04-26T07:14:34.282768" level="INFO">GET Request : url=https://randomuser.me/api 
 path_url=/api 
 headers={'User-Agent': 'python-requests/2.31.0', 'Accept-Encoding': 'gzip, deflate', 'Accept': '*/*', 'Connection': 'keep-alive'} 
 body=None 
 </msg>
<msg time="2024-04-26T07:14:34.282930" level="INFO">GET Response : url=https://randomuser.me/api 
 status=200, reason=OK 
 headers={'Date': 'Fri, 26 Apr 2024 07:14:34 GMT', 'Content-Type': 'application/json; charset=utf-8', 'Transfer-Encoding': 'chunked', 'Connection': 'keep-alive', 'X-Powered-By': 'Express', 'Access-Control-Allow-Origin': '*', 'Cache-Control': 'no-cache', 'ETag': 'W/"48f-G7r5AdqY4AYTPouej5UbKa74Tt4"', 'Vary': 'Accept-Encoding', 'Content-Encoding': 'gzip', 'CF-Cache-Status': 'DYNAMIC', 'Report-To': '{"endpoints":[{"url":"https:\\/\\/a.nel.cloudflare.com\\/report\\/v4?s=vtms6MyxcZFRastHP7USikFD2rdxqg6a8XzI6AjCpOK6laYzGLY5QgoSnR608KvBq2xCCQOmmNsVRIBH%2BRcaYMLGVsLOB8NzPouicWVrjNluMUHnc%2BahTvuVxRb4i4G%2B"}],"group":"cf-nel","max_age":604800}', 'NEL': '{"success_fraction":0,"report_to":"cf-nel","max_age":604800}', 'Server': 'cloudflare', 'CF-RAY': '87a4c6cfee122d26-IAD', 'alt-svc': 'h3=":443"; ma=86400'} 
 body={"results":[{"gender":"male","name":{"title":"Mr","first":"Maurice","last":"Kunz"},"location":{"street":{"number":5397,"name":"Buchenweg"},"city":"Vilsbiburg","state":"Bayern","country":"Germany","postcode":62422,"coordinates":{"latitude":"-53.6825","longitude":"-49.8459"},"timezone":{"offset":"-6:00","description":"Central Time (US &amp; Canada), Mexico City"}},"email":"maurice.kunz@example.com","login":{"uuid":"a7383e19-1a98-4224-850b-87bae5150e0a","username":"angrypanda558","password":"froggy","salt":"fQJGhisd","md5":"126655aeaea3c106c0d845eba43d8630","sha1":"564c76a2e0f61fe3ecfd2ab1689a16fa02694be8","sha256":"10a278098ef9dbc2b0ae57ba0ff77a7c6ae5404008ad338e35186bd95dbcbc18"},"dob":{"date":"1972-12-04T03:04:27.935Z","age":51},"registered":{"date":"2016-03-22T08:46:23.486Z","age":8},"phone":"0830-3080621","cell":"0170-5581905","id":{"name":"SVNR","value":"65 031272 K 014"},"picture":{"large":"https://randomuser.me/api/portraits/men/67.jpg","medium":"https://randomuser.me/api/portraits/med/men/67.jpg","thumbnail":"https://randomuser.me/api/portraits/thumb/men/67.jpg"},"nat":"DE"}],"info":{"seed":"478c5901de9bba27","results":1,"page":1,"version":"1.4"}} 
 </msg>
<msg time="2024-04-26T07:14:34.283015" level="INFO">/opt/hostedtoolcache/Python/3.12.3/x64/lib/python3.12/site-packages/urllib3/connectionpool.py:1103: InsecureRequestWarning: Unverified HTTPS request is being made to host 'randomuser.me'. Adding certificate verification is strongly advised. See: https://urllib3.readthedocs.io/en/latest/advanced-usage.html#tls-warnings
  warnings.warn(</msg>
<msg time="2024-04-26T07:14:34.283266" level="INFO">${response} = &lt;Response [200]&gt;</msg>
<var>${response}</var>
<arg>consultarAPI</arg>
<arg>/api</arg>
<doc>Sends a GET request on a previously created HTTP Session.</doc>
<status status="PASS" start="2024-04-26T07:14:33.441501" elapsed="0.841798"/>
</kw>
<kw name="Should Be Equal As Numbers" owner="BuiltIn">
<msg time="2024-04-26T07:14:34.284239" level="INFO">Argument types are:
&lt;class 'int'&gt;
&lt;class 'str'&gt;</msg>
<arg>${response.status_code}</arg>
<arg>200</arg>
<doc>Fails if objects are unequal after converting them to real numbers.</doc>
<status status="PASS" start="2024-04-26T07:14:34.283792" elapsed="0.000510"/>
</kw>
<kw name="Log" owner="BuiltIn">
<msg time="2024-04-26T07:14:34.284993" level="INFO">200</msg>
<arg>${response.status_code}</arg>
<doc>Logs the given message with the given level.</doc>
<status status="PASS" start="2024-04-26T07:14:34.284648" elapsed="0.000386"/>
</kw>
<kw name="Set Variable" owner="BuiltIn">
<msg time="2024-04-26T07:14:34.285757" level="INFO">${json_data} = {'results': [{'gender': 'male', 'name': {'title': 'Mr', 'first': 'Maurice', 'last': 'Kunz'}, 'location': {'street': {'number': 5397, 'name': 'Buchenweg'}, 'city': 'Vilsbiburg', 'state': 'Bayern', 'cou...</msg>
<var>${json_data}</var>
<arg>${response.json()}</arg>
<doc>Returns the given values which can then be assigned to a variables.</doc>
<status status="PASS" start="2024-04-26T07:14:34.285333" elapsed="0.000452"/>
</kw>
<kw name="Dictionary Should Contain Key" owner="Collections">
<msg time="2024-04-26T07:14:34.286257" level="INFO">False</msg>
<arg>${json_data}</arg>
<arg>results</arg>
<doc>Fails if ``key`` is not found from ``dictionary``.</doc>
<status status="PASS" start="2024-04-26T07:14:34.286089" elapsed="0.000207"/>
</kw>
<status status="PASS" start="2024-04-26T07:14:33.441262" elapsed="0.845320"/>
</kw>
<doc>Testa se a API responde corretamente e retorna um objeto JSON válido.</doc>
<tag>testeRequisicaoBasica</tag>
<status status="PASS" start="2024-04-26T07:14:33.440807" elapsed="0.845960"/>
</test>
<test id="s1-s1-t3" name="Validar estrutura de resposta" line="22">
<kw name="Teste de Estrutura de Resposta" owner="random-user-service">
<kw name="GET On Session" owner="RequestsLibrary">
<msg time="2024-04-26T07:14:34.428950" level="INFO">GET Request : url=https://randomuser.me/api 
 path_url=/api 
 headers={'User-Agent': 'python-requests/2.31.0', 'Accept-Encoding': 'gzip, deflate', 'Accept': '*/*', 'Connection': 'keep-alive'} 
 body=None 
 </msg>
<msg time="2024-04-26T07:14:34.429038" level="INFO">GET Response : url=https://randomuser.me/api 
 status=200, reason=OK 
 headers={'Date': 'Fri, 26 Apr 2024 07:14:34 GMT', 'Content-Type': 'application/json; charset=utf-8', 'Transfer-Encoding': 'chunked', 'Connection': 'keep-alive', 'X-Powered-By': 'Express', 'Access-Control-Allow-Origin': '*', 'Cache-Control': 'no-cache', 'ETag': 'W/"48d-8UzCbUR2OsmSF5AC3iKkMN9o+Ks"', 'Vary': 'Accept-Encoding', 'Content-Encoding': 'gzip', 'CF-Cache-Status': 'DYNAMIC', 'Report-To': '{"endpoints":[{"url":"https:\\/\\/a.nel.cloudflare.com\\/report\\/v4?s=%2FTzzSKgN7oEsIDe4RtR2AxndH4e%2FtX2TDJNevEQfzN4XWP%2FOQA6OfgFCG9atvxBOCMtzT%2BLq1HymXNLxWJl5LQ45SU7ff5hW9ZAN79UBixN4nGuZGT0G2XwzJROspcrf"}],"group":"cf-nel","max_age":604800}', 'NEL': '{"success_fraction":0,"report_to":"cf-nel","max_age":604800}', 'Server': 'cloudflare', 'CF-RAY': '87a4c6d45af92d26-IAD', 'alt-svc': 'h3=":443"; ma=86400'} 
 body={"results":[{"gender":"female","name":{"title":"Ms","first":"Supritha","last":"Mathew"},"location":{"street":{"number":5501,"name":"Mint St"},"city":"Warangal","state":"Bihar","country":"India","postcode":12891,"coordinates":{"latitude":"12.3163","longitude":"131.6377"},"timezone":{"offset":"+10:00","description":"Eastern Australia, Guam, Vladivostok"}},"email":"supritha.mathew@example.com","login":{"uuid":"e8fe88f2-049a-4455-98f5-4f57f61a00c1","username":"greenfrog986","password":"young1","salt":"qLQrvwgH","md5":"b3a58bd1ce6b9e1139976a2c46c2209b","sha1":"587cb14da860be3da742471a08929fc0105de620","sha256":"c18c84c35818bdbf06f7510c58bbebf2a96f0488235ef9f3c64d6228bc3b3b46"},"dob":{"date":"1962-07-05T22:20:49.554Z","age":61},"registered":{"date":"2011-11-12T23:42:44.651Z","age":12},"phone":"8060070497","cell":"8607461541","id":{"name":"UIDAI","value":"176372837293"},"picture":{"large":"https://randomuser.me/api/portraits/women/96.jpg","medium":"https://randomuser.me/api/portraits/med/women/96.jpg","thumbnail":"https://randomuser.me/api/portraits/thumb/women/96.jpg"},"nat":"IN"}],"info":{"seed":"975be8aaea61d6e0","results":1,"page":1,"version":"1.4"}} 
 </msg>
<msg time="2024-04-26T07:14:34.429164" level="INFO">/opt/hostedtoolcache/Python/3.12.3/x64/lib/python3.12/site-packages/urllib3/connectionpool.py:1103: InsecureRequestWarning: Unverified HTTPS request is being made to host 'randomuser.me'. Adding certificate verification is strongly advised. See: https://urllib3.readthedocs.io/en/latest/advanced-usage.html#tls-warnings
  warnings.warn(</msg>
<msg time="2024-04-26T07:14:34.429313" level="INFO">${response} = &lt;Response [200]&gt;</msg>
<var>${response}</var>
<arg>consultarAPI</arg>
<arg>/api</arg>
<doc>Sends a GET request on a previously created HTTP Session.</doc>
<status status="PASS" start="2024-04-26T07:14:34.289438" elapsed="0.139928"/>
</kw>
<kw name="Set Variable" owner="BuiltIn">
<msg time="2024-04-26T07:14:34.430240" level="INFO">${json_data} = {'results': [{'gender': 'female', 'name': {'title': 'Ms', 'first': 'Supritha', 'last': 'Mathew'}, 'location': {'street': {'number': 5501, 'name': 'Mint St'}, 'city': 'Warangal', 'state': 'Bihar', 'cou...</msg>
<var>${json_data}</var>
<arg>${response.json()}</arg>
<doc>Returns the given values which can then be assigned to a variables.</doc>
<status status="PASS" start="2024-04-26T07:14:34.429791" elapsed="0.000477"/>
</kw>
<kw name="Log" owner="BuiltIn">
<msg time="2024-04-26T07:14:34.430760" level="INFO">{'results': [{'gender': 'female', 'name': {'title': 'Ms', 'first': 'Supritha', 'last': 'Mathew'}, 'location': {'street': {'number': 5501, 'name': 'Mint St'}, 'city': 'Warangal', 'state': 'Bihar', 'country': 'India', 'postcode': 12891, 'coordinates': {'latitude': '12.3163', 'longitude': '131.6377'}, 'timezone': {'offset': '+10:00', 'description': 'Eastern Australia, Guam, Vladivostok'}}, 'email': 'supritha.mathew@example.com', 'login': {'uuid': 'e8fe88f2-049a-4455-98f5-4f57f61a00c1', 'username': 'greenfrog986', 'password': 'young1', 'salt': 'qLQrvwgH', 'md5': 'b3a58bd1ce6b9e1139976a2c46c2209b', 'sha1': '587cb14da860be3da742471a08929fc0105de620', 'sha256': 'c18c84c35818bdbf06f7510c58bbebf2a96f0488235ef9f3c64d6228bc3b3b46'}, 'dob': {'date': '1962-07-05T22:20:49.554Z', 'age': 61}, 'registered': {'date': '2011-11-12T23:42:44.651Z', 'age': 12}, 'phone': '8060070497', 'cell': '8607461541', 'id': {'name': 'UIDAI', 'value': '176372837293'}, 'picture': {'large': 'https://randomuser.me/api/portraits/women/96.jpg', 'medium': 'https://randomuser.me/api/portraits/med/women/96.jpg', 'thumbnail': 'https://randomuser.me/api/portraits/thumb/women/96.jpg'}, 'nat': 'IN'}], 'info': {'seed': '975be8aaea61d6e0', 'results': 1, 'page': 1, 'version': '1.4'}}</msg>
<arg>${json_data}</arg>
<doc>Logs the given message with the given level.</doc>
<status status="PASS" start="2024-04-26T07:14:34.430605" elapsed="0.000201"/>
</kw>
<kw name="Dictionary Should Contain Key" owner="Collections">
<msg time="2024-04-26T07:14:34.431251" level="INFO">False</msg>
<arg>${json_data}</arg>
<arg>results</arg>
<doc>Fails if ``key`` is not found from ``dictionary``.</doc>
<status status="PASS" start="2024-04-26T07:14:34.431098" elapsed="0.000189"/>
</kw>
<kw name="Should Not Be Empty" owner="BuiltIn">
<msg time="2024-04-26T07:14:34.431704" level="INFO">Length is 2.</msg>
<arg>${json_data}</arg>
<doc>Verifies that the given item is not empty.</doc>
<status status="PASS" start="2024-04-26T07:14:34.431576" elapsed="0.000299"/>
</kw>
<kw name="Create List" owner="BuiltIn">
<msg time="2024-04-26T07:14:34.432311" level="INFO">${expected_keys} = ['gender', 'name', 'location', 'email', 'login']</msg>
<var>${expected_keys}</var>
<arg>gender</arg>
<arg>name</arg>
<arg>location</arg>
<arg>email</arg>
<arg>login</arg>
<doc>Returns a list containing given items.</doc>
<status status="PASS" start="2024-04-26T07:14:34.432162" elapsed="0.000172"/>
</kw>
<for flavor="IN">
<iter>
<kw name="Dictionary Should Contain Key" owner="Collections">
<msg time="2024-04-26T07:14:34.433292" level="INFO">False</msg>
<arg>${json_data['results'][0]}</arg>
<arg>${key}</arg>
<doc>Fails if ``key`` is not found from ``dictionary``.</doc>
<status status="PASS" start="2024-04-26T07:14:34.432897" elapsed="0.000432"/>
</kw>
<kw name="Log" owner="BuiltIn">
<msg time="2024-04-26T07:14:34.433996" level="INFO">{'gender': 'female', 'name': {'title': 'Ms', 'first': 'Supritha', 'last': 'Mathew'}, 'location': {'street': {'number': 5501, 'name': 'Mint St'}, 'city': 'Warangal', 'state': 'Bihar', 'country': 'India', 'postcode': 12891, 'coordinates': {'latitude': '12.3163', 'longitude': '131.6377'}, 'timezone': {'offset': '+10:00', 'description': 'Eastern Australia, Guam, Vladivostok'}}, 'email': 'supritha.mathew@example.com', 'login': {'uuid': 'e8fe88f2-049a-4455-98f5-4f57f61a00c1', 'username': 'greenfrog986', 'password': 'young1', 'salt': 'qLQrvwgH', 'md5': 'b3a58bd1ce6b9e1139976a2c46c2209b', 'sha1': '587cb14da860be3da742471a08929fc0105de620', 'sha256': 'c18c84c35818bdbf06f7510c58bbebf2a96f0488235ef9f3c64d6228bc3b3b46'}, 'dob': {'date': '1962-07-05T22:20:49.554Z', 'age': 61}, 'registered': {'date': '2011-11-12T23:42:44.651Z', 'age': 12}, 'phone': '8060070497', 'cell': '8607461541', 'id': {'name': 'UIDAI', 'value': '176372837293'}, 'picture': {'large': 'https://randomuser.me/api/portraits/women/96.jpg', 'medium': 'https://randomuser.me/api/portraits/med/women/96.jpg', 'thumbnail': 'https://randomuser.me/api/portraits/thumb/women/96.jpg'}, 'nat': 'IN'}</msg>
<arg>${json_data['results'][0]}</arg>
<doc>Logs the given message with the given level.</doc>
<status status="PASS" start="2024-04-26T07:14:34.433629" elapsed="0.000414"/>
</kw>
<kw name="Log" owner="BuiltIn">
<msg time="2024-04-26T07:14:34.434509" level="INFO">gender</msg>
<arg>${key}</arg>
<doc>Logs the given message with the given level.</doc>
<status status="PASS" start="2024-04-26T07:14:34.434354" elapsed="0.000197"/>
</kw>
<var name="${key}">gender</var>
<status status="PASS" start="2024-04-26T07:14:34.432775" elapsed="0.001991"/>
</iter>
<iter>
<kw name="Dictionary Should Contain Key" owner="Collections">
<msg time="2024-04-26T07:14:34.435453" level="INFO">False</msg>
<arg>${json_data['results'][0]}</arg>
<arg>${key}</arg>
<doc>Fails if ``key`` is not found from ``dictionary``.</doc>
<status status="PASS" start="2024-04-26T07:14:34.435063" elapsed="0.000426"/>
</kw>
<kw name="Log" owner="BuiltIn">
<msg time="2024-04-26T07:14:34.436161" level="INFO">{'gender': 'female', 'name': {'title': 'Ms', 'first': 'Supritha', 'last': 'Mathew'}, 'location': {'street': {'number': 5501, 'name': 'Mint St'}, 'city': 'Warangal', 'state': 'Bihar', 'country': 'India', 'postcode': 12891, 'coordinates': {'latitude': '12.3163', 'longitude': '131.6377'}, 'timezone': {'offset': '+10:00', 'description': 'Eastern Australia, Guam, Vladivostok'}}, 'email': 'supritha.mathew@example.com', 'login': {'uuid': 'e8fe88f2-049a-4455-98f5-4f57f61a00c1', 'username': 'greenfrog986', 'password': 'young1', 'salt': 'qLQrvwgH', 'md5': 'b3a58bd1ce6b9e1139976a2c46c2209b', 'sha1': '587cb14da860be3da742471a08929fc0105de620', 'sha256': 'c18c84c35818bdbf06f7510c58bbebf2a96f0488235ef9f3c64d6228bc3b3b46'}, 'dob': {'date': '1962-07-05T22:20:49.554Z', 'age': 61}, 'registered': {'date': '2011-11-12T23:42:44.651Z', 'age': 12}, 'phone': '8060070497', 'cell': '8607461541', 'id': {'name': 'UIDAI', 'value': '176372837293'}, 'picture': {'large': 'https://randomuser.me/api/portraits/women/96.jpg', 'medium': 'https://randomuser.me/api/portraits/med/women/96.jpg', 'thumbnail': 'https://randomuser.me/api/portraits/thumb/women/96.jpg'}, 'nat': 'IN'}</msg>
<arg>${json_data['results'][0]}</arg>
<doc>Logs the given message with the given level.</doc>
<status status="PASS" start="2024-04-26T07:14:34.435808" elapsed="0.000401"/>
</kw>
<kw name="Log" owner="BuiltIn">
<msg time="2024-04-26T07:14:34.436623" level="INFO">name</msg>
<arg>${key}</arg>
<doc>Logs the given message with the given level.</doc>
<status status="PASS" start="2024-04-26T07:14:34.436500" elapsed="0.000159"/>
</kw>
<var name="${key}">name</var>
<status status="PASS" start="2024-04-26T07:14:34.434949" elapsed="0.001922"/>
</iter>
<iter>
<kw name="Dictionary Should Contain Key" owner="Collections">
<msg time="2024-04-26T07:14:34.437529" level="INFO">False</msg>
<arg>${json_data['results'][0]}</arg>
<arg>${key}</arg>
<doc>Fails if ``key`` is not found from ``dictionary``.</doc>
<status status="PASS" start="2024-04-26T07:14:34.437154" elapsed="0.000412"/>
</kw>
<kw name="Log" owner="BuiltIn">
<msg time="2024-04-26T07:14:34.438215" level="INFO">{'gender': 'female', 'name': {'title': 'Ms', 'first': 'Supritha', 'last': 'Mathew'}, 'location': {'street': {'number': 5501, 'name': 'Mint St'}, 'city': 'Warangal', 'state': 'Bihar', 'country': 'India', 'postcode': 12891, 'coordinates': {'latitude': '12.3163', 'longitude': '131.6377'}, 'timezone': {'offset': '+10:00', 'description': 'Eastern Australia, Guam, Vladivostok'}}, 'email': 'supritha.mathew@example.com', 'login': {'uuid': 'e8fe88f2-049a-4455-98f5-4f57f61a00c1', 'username': 'greenfrog986', 'password': 'young1', 'salt': 'qLQrvwgH', 'md5': 'b3a58bd1ce6b9e1139976a2c46c2209b', 'sha1': '587cb14da860be3da742471a08929fc0105de620', 'sha256': 'c18c84c35818bdbf06f7510c58bbebf2a96f0488235ef9f3c64d6228bc3b3b46'}, 'dob': {'date': '1962-07-05T22:20:49.554Z', 'age': 61}, 'registered': {'date': '2011-11-12T23:42:44.651Z', 'age': 12}, 'phone': '8060070497', 'cell': '8607461541', 'id': {'name': 'UIDAI', 'value': '176372837293'}, 'picture': {'large': 'https://randomuser.me/api/portraits/women/96.jpg', 'medium': 'https://randomuser.me/api/portraits/med/women/96.jpg', 'thumbnail': 'https://randomuser.me/api/portraits/thumb/women/96.jpg'}, 'nat': 'IN'}</msg>
<arg>${json_data['results'][0]}</arg>
<doc>Logs the given message with the given level.</doc>
<status status="PASS" start="2024-04-26T07:14:34.437864" elapsed="0.000399"/>
</kw>
<kw name="Log" owner="BuiltIn">
<msg time="2024-04-26T07:14:34.438719" level="INFO">location</msg>
<arg>${key}</arg>
<doc>Logs the given message with the given level.</doc>
<status status="PASS" start="2024-04-26T07:14:34.438593" elapsed="0.000163"/>
</kw>
<var name="${key}">location</var>
<status status="PASS" start="2024-04-26T07:14:34.437045" elapsed="0.001927"/>
</iter>
<iter>
<kw name="Dictionary Should Contain Key" owner="Collections">
<msg time="2024-04-26T07:14:34.439631" level="INFO">False</msg>
<arg>${json_data['results'][0]}</arg>
<arg>${key}</arg>
<doc>Fails if ``key`` is not found from ``dictionary``.</doc>
<status status="PASS" start="2024-04-26T07:14:34.439251" elapsed="0.000417"/>
</kw>
<kw name="Log" owner="BuiltIn">
<msg time="2024-04-26T07:14:34.440313" level="INFO">{'gender': 'female', 'name': {'title': 'Ms', 'first': 'Supritha', 'last': 'Mathew'}, 'location': {'street': {'number': 5501, 'name': 'Mint St'}, 'city': 'Warangal', 'state': 'Bihar', 'country': 'India', 'postcode': 12891, 'coordinates': {'latitude': '12.3163', 'longitude': '131.6377'}, 'timezone': {'offset': '+10:00', 'description': 'Eastern Australia, Guam, Vladivostok'}}, 'email': 'supritha.mathew@example.com', 'login': {'uuid': 'e8fe88f2-049a-4455-98f5-4f57f61a00c1', 'username': 'greenfrog986', 'password': 'young1', 'salt': 'qLQrvwgH', 'md5': 'b3a58bd1ce6b9e1139976a2c46c2209b', 'sha1': '587cb14da860be3da742471a08929fc0105de620', 'sha256': 'c18c84c35818bdbf06f7510c58bbebf2a96f0488235ef9f3c64d6228bc3b3b46'}, 'dob': {'date': '1962-07-05T22:20:49.554Z', 'age': 61}, 'registered': {'date': '2011-11-12T23:42:44.651Z', 'age': 12}, 'phone': '8060070497', 'cell': '8607461541', 'id': {'name': 'UIDAI', 'value': '176372837293'}, 'picture': {'large': 'https://randomuser.me/api/portraits/women/96.jpg', 'medium': 'https://randomuser.me/api/portraits/med/women/96.jpg', 'thumbnail': 'https://randomuser.me/api/portraits/thumb/women/96.jpg'}, 'nat': 'IN'}</msg>
<arg>${json_data['results'][0]}</arg>
<doc>Logs the given message with the given level.</doc>
<status status="PASS" start="2024-04-26T07:14:34.439964" elapsed="0.000395"/>
</kw>
<kw name="Log" owner="BuiltIn">
<msg time="2024-04-26T07:14:34.440765" level="INFO">email</msg>
<arg>${key}</arg>
<doc>Logs the given message with the given level.</doc>
<status status="PASS" start="2024-04-26T07:14:34.440643" elapsed="0.000158"/>
</kw>
<var name="${key}">email</var>
<status status="PASS" start="2024-04-26T07:14:34.439143" elapsed="0.001866"/>
</iter>
<iter>
<kw name="Dictionary Should Contain Key" owner="Collections">
<msg time="2024-04-26T07:14:34.441661" level="INFO">False</msg>
<arg>${json_data['results'][0]}</arg>
<arg>${key}</arg>
<doc>Fails if ``key`` is not found from ``dictionary``.</doc>
<status status="PASS" start="2024-04-26T07:14:34.441284" elapsed="0.000413"/>
</kw>
<kw name="Log" owner="BuiltIn">
<msg time="2024-04-26T07:14:34.442358" level="INFO">{'gender': 'female', 'name': {'title': 'Ms', 'first': 'Supritha', 'last': 'Mathew'}, 'location': {'street': {'number': 5501, 'name': 'Mint St'}, 'city': 'Warangal', 'state': 'Bihar', 'country': 'India', 'postcode': 12891, 'coordinates': {'latitude': '12.3163', 'longitude': '131.6377'}, 'timezone': {'offset': '+10:00', 'description': 'Eastern Australia, Guam, Vladivostok'}}, 'email': 'supritha.mathew@example.com', 'login': {'uuid': 'e8fe88f2-049a-4455-98f5-4f57f61a00c1', 'username': 'greenfrog986', 'password': 'young1', 'salt': 'qLQrvwgH', 'md5': 'b3a58bd1ce6b9e1139976a2c46c2209b', 'sha1': '587cb14da860be3da742471a08929fc0105de620', 'sha256': 'c18c84c35818bdbf06f7510c58bbebf2a96f0488235ef9f3c64d6228bc3b3b46'}, 'dob': {'date': '1962-07-05T22:20:49.554Z', 'age': 61}, 'registered': {'date': '2011-11-12T23:42:44.651Z', 'age': 12}, 'phone': '8060070497', 'cell': '8607461541', 'id': {'name': 'UIDAI', 'value': '176372837293'}, 'picture': {'large': 'https://randomuser.me/api/portraits/women/96.jpg', 'medium': 'https://randomuser.me/api/portraits/med/women/96.jpg', 'thumbnail': 'https://randomuser.me/api/portraits/thumb/women/96.jpg'}, 'nat': 'IN'}</msg>
<arg>${json_data['results'][0]}</arg>
<doc>Logs the given message with the given level.</doc>
<status status="PASS" start="2024-04-26T07:14:34.441985" elapsed="0.000440"/>
</kw>
<kw name="Log" owner="BuiltIn">
<msg time="2024-04-26T07:14:34.442853" level="INFO">login</msg>
<arg>${key}</arg>
<doc>Logs the given message with the given level.</doc>
<status status="PASS" start="2024-04-26T07:14:34.442731" elapsed="0.000159"/>
</kw>
<var name="${key}">login</var>
<status status="PASS" start="2024-04-26T07:14:34.441177" elapsed="0.001946"/>
</iter>
<var>${key}</var>
<value>@{expected_keys}</value>
<status status="PASS" start="2024-04-26T07:14:34.432591" elapsed="0.010657"/>
</for>
<kw name="Create List" owner="BuiltIn">
<msg time="2024-04-26T07:14:34.443568" level="INFO">${expected_keysTwo} = ['username', 'password']</msg>
<var>${expected_keysTwo}</var>
<arg>username</arg>
<arg>password</arg>
<doc>Returns a list containing given items.</doc>
<status status="PASS" start="2024-04-26T07:14:34.443435" elapsed="0.000156"/>
</kw>
<for flavor="IN">
<iter>
<kw name="Dictionary Should Contain Key" owner="Collections">
<msg time="2024-04-26T07:14:34.444497" level="INFO">False</msg>
<arg>${json_data['results'][0]['login']}</arg>
<arg>${keyTwo}</arg>
<doc>Fails if ``key`` is not found from ``dictionary``.</doc>
<status status="PASS" start="2024-04-26T07:14:34.444088" elapsed="0.000446"/>
</kw>
<kw name="Dictionary Should Contain Key" owner="Collections">
<msg time="2024-04-26T07:14:34.445220" level="INFO">False</msg>
<arg>${json_data['results'][0]['login']}</arg>
<arg>${keyTwo}</arg>
<doc>Fails if ``key`` is not found from ``dictionary``.</doc>
<status status="PASS" start="2024-04-26T07:14:34.444839" elapsed="0.000417"/>
</kw>
<kw name="Log" owner="BuiltIn">
<msg time="2024-04-26T07:14:34.445668" level="INFO">username</msg>
<arg>${keyTwo}</arg>
<doc>Logs the given message with the given level.</doc>
<status status="PASS" start="2024-04-26T07:14:34.445542" elapsed="0.000167"/>
</kw>
<var name="${keyTwo}">username</var>
<status status="PASS" start="2024-04-26T07:14:34.443980" elapsed="0.001938"/>
</iter>
<iter>
<kw name="Dictionary Should Contain Key" owner="Collections">
<msg time="2024-04-26T07:14:34.446679" level="INFO">False</msg>
<arg>${json_data['results'][0]['login']}</arg>
<arg>${keyTwo}</arg>
<doc>Fails if ``key`` is not found from ``dictionary``.</doc>
<status status="PASS" start="2024-04-26T07:14:34.446198" elapsed="0.000528"/>
</kw>
<kw name="Dictionary Should Contain Key" owner="Collections">
<msg time="2024-04-26T07:14:34.447392" level="INFO">False</msg>
<arg>${json_data['results'][0]['login']}</arg>
<arg>${keyTwo}</arg>
<doc>Fails if ``key`` is not found from ``dictionary``.</doc>
<status status="PASS" start="2024-04-26T07:14:34.447019" elapsed="0.000408"/>
</kw>
<kw name="Log" owner="BuiltIn">
<msg time="2024-04-26T07:14:34.447835" level="INFO">password</msg>
<arg>${keyTwo}</arg>
<doc>Logs the given message with the given level.</doc>
<status status="PASS" start="2024-04-26T07:14:34.447713" elapsed="0.000158"/>
</kw>
<var name="${keyTwo}">password</var>
<status status="PASS" start="2024-04-26T07:14:34.446086" elapsed="0.001997"/>
</iter>
<var>${keyTwo}</var>
<value>@{expected_keysTwo}</value>
<status status="PASS" start="2024-04-26T07:14:34.443830" elapsed="0.004372"/>
</for>
<status status="PASS" start="2024-04-26T07:14:34.289205" elapsed="0.159133"/>
</kw>
<doc>Testa a estrutura da resposta da API.</doc>
<tag>testeEstruturaResposta</tag>
<status status="PASS" start="2024-04-26T07:14:34.288599" elapsed="0.159886"/>
</test>
<test id="s1-s1-t4" name="Validar tipos de dados" line="28">
<kw name="Teste de Tipos de Dados" owner="random-user-service">
<kw name="GET On Session" owner="RequestsLibrary">
<msg time="2024-04-26T07:14:34.500951" level="INFO">GET Request : url=https://randomuser.me/api 
 path_url=/api 
 headers={'User-Agent': 'python-requests/2.31.0', 'Accept-Encoding': 'gzip, deflate', 'Accept': '*/*', 'Connection': 'keep-alive'} 
 body=None 
 </msg>
<msg time="2024-04-26T07:14:34.501030" level="INFO">GET Response : url=https://randomuser.me/api 
 status=200, reason=OK 
 headers={'Date': 'Fri, 26 Apr 2024 07:14:34 GMT', 'Content-Type': 'application/json; charset=utf-8', 'Transfer-Encoding': 'chunked', 'Connection': 'keep-alive', 'X-Powered-By': 'Express', 'Access-Control-Allow-Origin': '*', 'Cache-Control': 'no-cache', 'ETag': 'W/"483-HEJ3SR//MFh1XW8kudgMAPHq50A"', 'Vary': 'Accept-Encoding', 'Content-Encoding': 'gzip', 'CF-Cache-Status': 'DYNAMIC', 'Report-To': '{"endpoints":[{"url":"https:\\/\\/a.nel.cloudflare.com\\/report\\/v4?s=hRhSMEJr2%2B6LVQ7MxetosTadQtvcETECVY1Nyc%2BwnwevohFFiTPNc7zFCMsEGdO0QTE6jJU7tcfwKd1uzydX5ahQZJAW%2Bd7SVjQs3jWfw3xjKCDVbz9OFnETTD%2BfibyH"}],"group":"cf-nel","max_age":604800}', 'NEL': '{"success_fraction":0,"report_to":"cf-nel","max_age":604800}', 'Server': 'cloudflare', 'CF-RAY': '87a4c6d55c112d26-IAD', 'alt-svc': 'h3=":443"; ma=86400'} 
 body={"results":[{"gender":"female","name":{"title":"Miss","first":"آوا","last":"صدر"},"location":{"street":{"number":976,"name":"میدان ولیعصر (عج)"},"city":"خوی","state":"تهران","country":"Iran","postcode":30327,"coordinates":{"latitude":"16.7962","longitude":"110.7531"},"timezone":{"offset":"+6:00","description":"Almaty, Dhaka, Colombo"}},"email":"aw.sdr@example.com","login":{"uuid":"163c1c63-348c-4f8c-be1e-e279fde6ec82","username":"whiteswan249","password":"addict","salt":"pHX9HW86","md5":"6cea7e251646b7282ecf66001ef2c8b0","sha1":"b961089ed14009a806840339a5c574f59fe58700","sha256":"abb96138c382f05681f297f95995d51a000b4d3b008d178dd01ef3f2c4e75a7a"},"dob":{"date":"1972-04-27T18:58:21.583Z","age":51},"registered":{"date":"2013-08-02T10:35:15.772Z","age":10},"phone":"089-49851381","cell":"0999-547-1858","id":{"name":"","value":null},"picture":{"large":"https://randomuser.me/api/portraits/women/92.jpg","medium":"https://randomuser.me/api/portraits/med/women/92.jpg","thumbnail":"https://randomuser.me/api/portraits/thumb/women/92.jpg"},"nat":"IR"}],"info":{"seed":"1901eea9a02a44cd","results":1,"page":1,"version":"1.4"}} 
 </msg>
<msg time="2024-04-26T07:14:34.501100" level="INFO">/opt/hostedtoolcache/Python/3.12.3/x64/lib/python3.12/site-packages/urllib3/connectionpool.py:1103: InsecureRequestWarning: Unverified HTTPS request is being made to host 'randomuser.me'. Adding certificate verification is strongly advised. See: https://urllib3.readthedocs.io/en/latest/advanced-usage.html#tls-warnings
  warnings.warn(</msg>
<msg time="2024-04-26T07:14:34.501201" level="INFO">${response} = &lt;Response [200]&gt;</msg>
<var>${response}</var>
<arg>consultarAPI</arg>
<arg>/api</arg>
<doc>Sends a GET request on a previously created HTTP Session.</doc>
<status status="PASS" start="2024-04-26T07:14:34.450887" elapsed="0.050354"/>
</kw>
<kw name="Set Variable" owner="BuiltIn">
<msg time="2024-04-26T07:14:34.502150" level="INFO">${json_data} = {'results': [{'gender': 'female', 'name': {'title': 'Miss', 'first': 'آوا', 'last': 'صدر'}, 'location': {'street': {'number': 976, 'name': 'میدان ولیعصر (عج)'}, 'city': 'خوی', 'state': 'تهران', 'count...</msg>
<var>${json_data}</var>
<arg>${response.json()}</arg>
<doc>Returns the given values which can then be assigned to a variables.</doc>
<status status="PASS" start="2024-04-26T07:14:34.501700" elapsed="0.000480"/>
</kw>
<kw name="Log" owner="BuiltIn">
<msg time="2024-04-26T07:14:34.502686" level="INFO">{'results': [{'gender': 'female', 'name': {'title': 'Miss', 'first': 'آوا', 'last': 'صدر'}, 'location': {'street': {'number': 976, 'name': 'میدان ولیعصر (عج)'}, 'city': 'خوی', 'state': 'تهران', 'country': 'Iran', 'postcode': 30327, 'coordinates': {'latitude': '16.7962', 'longitude': '110.7531'}, 'timezone': {'offset': '+6:00', 'description': 'Almaty, Dhaka, Colombo'}}, 'email': 'aw.sdr@example.com', 'login': {'uuid': '163c1c63-348c-4f8c-be1e-e279fde6ec82', 'username': 'whiteswan249', 'password': 'addict', 'salt': 'pHX9HW86', 'md5': '6cea7e251646b7282ecf66001ef2c8b0', 'sha1': 'b961089ed14009a806840339a5c574f59fe58700', 'sha256': 'abb96138c382f05681f297f95995d51a000b4d3b008d178dd01ef3f2c4e75a7a'}, 'dob': {'date': '1972-04-27T18:58:21.583Z', 'age': 51}, 'registered': {'date': '2013-08-02T10:35:15.772Z', 'age': 10}, 'phone': '089-49851381', 'cell': '0999-547-1858', 'id': {'name': '', 'value': None}, 'picture': {'large': 'https://randomuser.me/api/portraits/women/92.jpg', 'medium': 'https://randomuser.me/api/portraits/med/women/92.jpg', 'thumbnail': 'https://randomuser.me/api/portraits/thumb/women/92.jpg'}, 'nat': 'IR'}], 'info': {'seed': '1901eea9a02a44cd', 'results': 1, 'page': 1, 'version': '1.4'}}</msg>
<arg>${json_data}</arg>
<doc>Logs the given message with the given level.</doc>
<status status="PASS" start="2024-04-26T07:14:34.502527" elapsed="0.000239"/>
</kw>
<kw name="Should Be String" owner="String">
<arg>${json_data['results'][0]['gender']}</arg>
<doc>Fails if the given ``item`` is not a string.</doc>
<status status="PASS" start="2024-04-26T07:14:34.503065" elapsed="0.000348"/>
</kw>
<kw name="Should Match Regexp" owner="BuiltIn">
<arg>${json_data['results'][0]['email']}</arg>
<arg>^[a-zA-Z0-9._%+-]+@[a-zA-Z0-9.-]+\.[a-zA-Z]{2,}$</arg>
<doc>Fails if ``string`` does not match ``pattern`` as a regular expression.</doc>
<status status="PASS" start="2024-04-26T07:14:34.503601" elapsed="0.000506"/>
</kw>
<kw name="Should Match Regexp" owner="BuiltIn">
<arg>${json_data['results'][0]['dob']['date']}</arg>
<arg>\\d{4}-\\d{2}-\\d{2}T\\d{2}:\\d{2}:\\d{2}\\.\\d{3}Z</arg>
<doc>Fails if ``string`` does not match ``pattern`` as a regular expression.</doc>
<status status="PASS" start="2024-04-26T07:14:34.504300" elapsed="0.000493"/>
</kw>
<kw name="Should Match Regexp" owner="BuiltIn">
<arg>${json_data['results'][0]['registered']['date']}</arg>
<arg>\\d{4}-\\d{2}-\\d{2}T\\d{2}:\\d{2}:\\d{2}\\.\\d{3}Z</arg>
<doc>Fails if ``string`` does not match ``pattern`` as a regular expression.</doc>
<status status="PASS" start="2024-04-26T07:14:34.504989" elapsed="0.000364"/>
</kw>
<kw name="Should Match Regexp" owner="BuiltIn">
<arg>${json_data['results'][0]['picture']['large']}</arg>
<arg>^https?://.*\.(?:png|jpe?g|gif|bmp)$</arg>
<doc>Fails if ``string`` does not match ``pattern`` as a regular expression.</doc>
<status status="PASS" start="2024-04-26T07:14:34.505536" elapsed="0.000456"/>
</kw>
<kw name="Should Match Regexp" owner="BuiltIn">
<arg>${json_data['results'][0]['picture']['medium']}</arg>
<arg>^https?://.*\.(?:png|jpe?g|gif|bmp)$</arg>
<doc>Fails if ``string`` does not match ``pattern`` as a regular expression.</doc>
<status status="PASS" start="2024-04-26T07:14:34.506176" elapsed="0.000382"/>
</kw>
<kw name="Should Match Regexp" owner="BuiltIn">
<arg>${json_data['results'][0]['picture']['thumbnail']}</arg>
<arg>^https?://.*\.(?:png|jpe?g|gif|bmp)$</arg>
<doc>Fails if ``string`` does not match ``pattern`` as a regular expression.</doc>
<status status="PASS" start="2024-04-26T07:14:34.506749" elapsed="0.000347"/>
</kw>
<kw name="Log" owner="BuiltIn">
<msg time="2024-04-26T07:14:34.507591" level="INFO">{'large': 'https://randomuser.me/api/portraits/women/92.jpg', 'medium': 'https://randomuser.me/api/portraits/med/women/92.jpg', 'thumbnail': 'https://randomuser.me/api/portraits/thumb/women/92.jpg'}</msg>
<arg>${json_data['results'][0]['picture']}</arg>
<doc>Logs the given message with the given level.</doc>
<status status="PASS" start="2024-04-26T07:14:34.507274" elapsed="0.000358"/>
</kw>
<status status="PASS" start="2024-04-26T07:14:34.450666" elapsed="0.057216"/>
</kw>
<kw name="Teste de Tipos de Dados - Postcode" owner="random-user-service">
<kw name="GET On Session" owner="RequestsLibrary">
<msg time="2024-04-26T07:14:34.587987" level="INFO">GET Request : url=https://randomuser.me/api 
 path_url=/api 
 headers={'User-Agent': 'python-requests/2.31.0', 'Accept-Encoding': 'gzip, deflate', 'Accept': '*/*', 'Connection': 'keep-alive'} 
 body=None 
 </msg>
<msg time="2024-04-26T07:14:34.588068" level="INFO">GET Response : url=https://randomuser.me/api 
 status=200, reason=OK 
 headers={'Date': 'Fri, 26 Apr 2024 07:14:34 GMT', 'Content-Type': 'application/json; charset=utf-8', 'Transfer-Encoding': 'chunked', 'Connection': 'keep-alive', 'X-Powered-By': 'Express', 'Access-Control-Allow-Origin': '*', 'Cache-Control': 'no-cache', 'ETag': 'W/"4af-xphrMEgkt6zKM5p44SnpVNYmrxs"', 'Vary': 'Accept-Encoding', 'Content-Encoding': 'gzip', 'CF-Cache-Status': 'DYNAMIC', 'Report-To': '{"endpoints":[{"url":"https:\\/\\/a.nel.cloudflare.com\\/report\\/v4?s=mW9cqWLrY3dtEDdC%2FxsVfCx7rgbdjCMu6d7DMLeoDeLpWPN4CrFiRk9RM%2Bf7DKNzE7XSoxs9ieVKzkxDWc7i0WX7lnld4UGXd5n4Z1kvZzjWdNyd7A81zzBl0aTHI2bu"}],"group":"cf-nel","max_age":604800}', 'NEL': '{"success_fraction":0,"report_to":"cf-nel","max_age":604800}', 'Server': 'cloudflare', 'CF-RAY': '87a4c6d5ac812d26-IAD', 'alt-svc': 'h3=":443"; ma=86400'} 
 body={"results":[{"gender":"male","name":{"title":"Mr","first":"Emilio","last":"Ureña"},"location":{"street":{"number":7217,"name":"Viaducto Chiapas"},"city":"Ejido Distrito Federal","state":"Ciudad de Mexico","country":"Mexico","postcode":69457,"coordinates":{"latitude":"23.3910","longitude":"-53.7399"},"timezone":{"offset":"+9:00","description":"Tokyo, Seoul, Osaka, Sapporo, Yakutsk"}},"email":"emilio.urena@example.com","login":{"uuid":"3eebf33a-3f3d-44c9-acf9-a8aed03d70e7","username":"yellowmeercat672","password":"rooney","salt":"n0m1qXLk","md5":"f6ed16134c6bf9585d74676239ca043f","sha1":"ef8731396a3b5e67a89d8b79f75dfa94038cc54a","sha256":"7f4103bbf864569e1db1634959d570a8f81a604d751b104320df1caf56d6a7ca"},"dob":{"date":"1976-01-16T15:36:33.229Z","age":48},"registered":{"date":"2015-01-06T08:20:09.894Z","age":9},"phone":"(680) 284 0844","cell":"(627) 901 8747","id":{"name":"NSS","value":"54 70 53 3407 4"},"picture":{"large":"https://randomuser.me/api/portraits/men/89.jpg","medium":"https://randomuser.me/api/portraits/med/men/89.jpg","thumbnail":"https://randomuser.me/api/portraits/thumb/men/89.jpg"},"nat":"MX"}],"info":{"seed":"9ca287aa41cee119","results":1,"page":1,"version":"1.4"}} 
 </msg>
<msg time="2024-04-26T07:14:34.588141" level="INFO">/opt/hostedtoolcache/Python/3.12.3/x64/lib/python3.12/site-packages/urllib3/connectionpool.py:1103: InsecureRequestWarning: Unverified HTTPS request is being made to host 'randomuser.me'. Adding certificate verification is strongly advised. See: https://urllib3.readthedocs.io/en/latest/advanced-usage.html#tls-warnings
  warnings.warn(</msg>
<msg time="2024-04-26T07:14:34.588250" level="INFO">${response} = &lt;Response [200]&gt;</msg>
<var>${response}</var>
<arg>consultarAPI</arg>
<arg>/api</arg>
<doc>Sends a GET request on a previously created HTTP Session.</doc>
<status status="PASS" start="2024-04-26T07:14:34.508310" elapsed="0.079978"/>
</kw>
<kw name="Set Variable" owner="BuiltIn">
<msg time="2024-04-26T07:14:34.589270" level="INFO">${json_data} = {'results': [{'gender': 'male', 'name': {'title': 'Mr', 'first': 'Emilio', 'last': 'Ureña'}, 'location': {'street': {'number': 7217, 'name': 'Viaducto Chiapas'}, 'city': 'Ejido Distrito Federal', 'sta...</msg>
<var>${json_data}</var>
<arg>${response.json()}</arg>
<doc>Returns the given values which can then be assigned to a variables.</doc>
<status status="PASS" start="2024-04-26T07:14:34.588789" elapsed="0.000510"/>
</kw>
<kw name="Log" owner="BuiltIn">
<msg time="2024-04-26T07:14:34.589754" level="INFO">{'results': [{'gender': 'male', 'name': {'title': 'Mr', 'first': 'Emilio', 'last': 'Ureña'}, 'location': {'street': {'number': 7217, 'name': 'Viaducto Chiapas'}, 'city': 'Ejido Distrito Federal', 'state': 'Ciudad de Mexico', 'country': 'Mexico', 'postcode': 69457, 'coordinates': {'latitude': '23.3910', 'longitude': '-53.7399'}, 'timezone': {'offset': '+9:00', 'description': 'Tokyo, Seoul, Osaka, Sapporo, Yakutsk'}}, 'email': 'emilio.urena@example.com', 'login': {'uuid': '3eebf33a-3f3d-44c9-acf9-a8aed03d70e7', 'username': 'yellowmeercat672', 'password': 'rooney', 'salt': 'n0m1qXLk', 'md5': 'f6ed16134c6bf9585d74676239ca043f', 'sha1': 'ef8731396a3b5e67a89d8b79f75dfa94038cc54a', 'sha256': '7f4103bbf864569e1db1634959d570a8f81a604d751b104320df1caf56d6a7ca'}, 'dob': {'date': '1976-01-16T15:36:33.229Z', 'age': 48}, 'registered': {'date': '2015-01-06T08:20:09.894Z', 'age': 9}, 'phone': '(680) 284 0844', 'cell': '(627) 901 8747', 'id': {'name': 'NSS', 'value': '54 70 53 3407 4'}, 'picture': {'large': 'https://randomuser.me/api/portraits/men/89.jpg', 'medium': 'https://randomuser.me/api/portraits/med/men/89.jpg', 'thumbnail': 'https://randomuser.me/api/portraits/thumb/men/89.jpg'}, 'nat': 'MX'}], 'info': {'seed': '9ca287aa41cee119', 'results': 1, 'page': 1, 'version': '1.4'}}</msg>
<arg>${json_data}</arg>
<doc>Logs the given message with the given level.</doc>
<status status="PASS" start="2024-04-26T07:14:34.589602" elapsed="0.000230"/>
</kw>
<kw name="Should Be Equal As Numbers" owner="BuiltIn">
<arg>${json_data['results'][0]['location']['postcode']}</arg>
<arg>${json_data['results'][0]['location']['postcode']}</arg>
<doc>Fails if objects are unequal after converting them to real numbers.</doc>
<status status="PASS" start="2024-04-26T07:14:34.590264" elapsed="0.000667"/>
</kw>
<kw name="Log" owner="BuiltIn">
<msg time="2024-04-26T07:14:34.591457" level="INFO">69457</msg>
<arg>${json_data['results'][0]['location']['postcode']}</arg>
<doc>Logs the given message with the given level.</doc>
<status status="PASS" start="2024-04-26T07:14:34.591121" elapsed="0.000375"/>
</kw>
<status status="PASS" start="2024-04-26T07:14:34.508090" elapsed="0.083657"/>
</kw>
<doc>Testa se os tipos de dados na resposta da API estão corretos.</doc>
<tag>testeTiposDados</tag>
<status status="PASS" start="2024-04-26T07:14:34.450194" elapsed="0.141711"/>
</test>
<test id="s1-s1-t5" name="Validar conteudo" line="35">
<kw name="Teste de Tipos de Conteudo" owner="random-user-service">
<kw name="GET On Session" owner="RequestsLibrary">
<msg time="2024-04-26T07:14:34.682914" level="INFO">GET Request : url=https://randomuser.me/api 
 path_url=/api 
 headers={'User-Agent': 'python-requests/2.31.0', 'Accept-Encoding': 'gzip, deflate', 'Accept': '*/*', 'Connection': 'keep-alive'} 
 body=None 
 </msg>
<msg time="2024-04-26T07:14:34.682997" level="INFO">GET Response : url=https://randomuser.me/api 
 status=200, reason=OK 
 headers={'Date': 'Fri, 26 Apr 2024 07:14:34 GMT', 'Content-Type': 'application/json; charset=utf-8', 'Transfer-Encoding': 'chunked', 'Connection': 'keep-alive', 'X-Powered-By': 'Express', 'Access-Control-Allow-Origin': '*', 'Cache-Control': 'no-cache', 'ETag': 'W/"48e-P7ER3t7QS/0OZLoVLDvQLOv5Du0"', 'Vary': 'Accept-Encoding', 'Content-Encoding': 'gzip', 'CF-Cache-Status': 'DYNAMIC', 'Report-To': '{"endpoints":[{"url":"https:\\/\\/a.nel.cloudflare.com\\/report\\/v4?s=WJGWjiAooJzeYNW82L%2BdTt8QDC84n%2FE%2FKPx4e59BFWnG3sF7%2FZSQQNa1uJRasq%2BgWKCy%2BW3VRPf2vUpbYicDj%2B34dBxQISRVx%2BxfLykKpIJX5T%2BDjfznmQPsOzF0w41H"}],"group":"cf-nel","max_age":604800}', 'NEL': '{"success_fraction":0,"report_to":"cf-nel","max_age":604800}', 'Server': 'cloudflare', 'CF-RAY': '87a4c6d63d1e2d26-IAD', 'alt-svc': 'h3=":443"; ma=86400'} 
 body={"results":[{"gender":"male","name":{"title":"Mr","first":"Beau","last":"Dams"},"location":{"street":{"number":6134,"name":"Ceciliaweg"},"city":"Wetsinge","state":"Overijssel","country":"Netherlands","postcode":"6225 JV","coordinates":{"latitude":"35.6311","longitude":"-101.0178"},"timezone":{"offset":"+3:00","description":"Baghdad, Riyadh, Moscow, St. Petersburg"}},"email":"beau.dams@example.com","login":{"uuid":"12994eb0-8e56-4140-9dd8-b6dbf866f5bf","username":"smalllion743","password":"subzero","salt":"G5uyhrcf","md5":"73bfec39ae8950040b735ba461ad8c42","sha1":"6aeca5ee3fcc8d8e3af33eb35d1bfdb71b681a22","sha256":"1305d0ed190db6800d26462af802c50520508b86a8f0d16850dcf3d7c1466c09"},"dob":{"date":"1966-05-22T13:57:43.947Z","age":57},"registered":{"date":"2019-10-06T16:09:48.528Z","age":4},"phone":"(0457) 141466","cell":"(06) 61078149","id":{"name":"BSN","value":"02786835"},"picture":{"large":"https://randomuser.me/api/portraits/men/69.jpg","medium":"https://randomuser.me/api/portraits/med/men/69.jpg","thumbnail":"https://randomuser.me/api/portraits/thumb/men/69.jpg"},"nat":"NL"}],"info":{"seed":"379bbee9d74d3e55","results":1,"page":1,"version":"1.4"}} 
 </msg>
<msg time="2024-04-26T07:14:34.683067" level="INFO">/opt/hostedtoolcache/Python/3.12.3/x64/lib/python3.12/site-packages/urllib3/connectionpool.py:1103: InsecureRequestWarning: Unverified HTTPS request is being made to host 'randomuser.me'. Adding certificate verification is strongly advised. See: https://urllib3.readthedocs.io/en/latest/advanced-usage.html#tls-warnings
  warnings.warn(</msg>
<msg time="2024-04-26T07:14:34.683174" level="INFO">${response} = &lt;Response [200]&gt;</msg>
<var>${response}</var>
<arg>consultarAPI</arg>
<arg>/api</arg>
<doc>Sends a GET request on a previously created HTTP Session.</doc>
<status status="PASS" start="2024-04-26T07:14:34.594279" elapsed="0.088934"/>
</kw>
<kw name="Set Variable" owner="BuiltIn">
<msg time="2024-04-26T07:14:34.684135" level="INFO">${json_data} = {'results': [{'gender': 'male', 'name': {'title': 'Mr', 'first': 'Beau', 'last': 'Dams'}, 'location': {'street': {'number': 6134, 'name': 'Ceciliaweg'}, 'city': 'Wetsinge', 'state': 'Overijssel', 'cou...</msg>
<var>${json_data}</var>
<arg>${response.json()}</arg>
<doc>Returns the given values which can then be assigned to a variables.</doc>
<status status="PASS" start="2024-04-26T07:14:34.683712" elapsed="0.000450"/>
</kw>
<kw name="Set Variable" owner="BuiltIn">
<msg time="2024-04-26T07:14:34.684787" level="INFO">${name_title} = Mr</msg>
<var>${name_title}</var>
<arg>${json_data["results"][0]["name"]["title"]}</arg>
<doc>Returns the given values which can then be assigned to a variables.</doc>
<status status="PASS" start="2024-04-26T07:14:34.684442" elapsed="0.000368"/>
</kw>
<kw name="Create List" owner="BuiltIn">
<msg time="2024-04-26T07:14:34.685211" level="INFO">${allowed_titles} = ['Mr', 'Ms', 'Miss', 'Mrs', 'Madame', 'Monsieur']</msg>
<var>${allowed_titles}</var>
<arg>Mr</arg>
<arg>Ms</arg>
<arg>Miss</arg>
<arg>Mrs</arg>
<arg>Madame</arg>
<arg>Monsieur</arg>
<doc>Returns a list containing given items.</doc>
<status status="PASS" start="2024-04-26T07:14:34.685076" elapsed="0.000157"/>
</kw>
<kw name="List Should Contain Value" owner="Collections">
<msg time="2024-04-26T07:14:34.685655" level="INFO">False</msg>
<arg>${allowed_titles}</arg>
<arg>${name_title}</arg>
<doc>Fails if the ``value`` is not found from ``list``.</doc>
<status status="PASS" start="2024-04-26T07:14:34.685503" elapsed="0.000186"/>
</kw>
<kw name="Set Variable" owner="BuiltIn">
<msg time="2024-04-26T07:14:34.686365" level="INFO">${name_country} = NL</msg>
<var>${name_country}</var>
<arg>${json_data["results"][0]["nat"]}</arg>
<doc>Returns the given values which can then be assigned to a variables.</doc>
<status status="PASS" start="2024-04-26T07:14:34.685959" elapsed="0.000431"/>
</kw>
<kw name="Create List" owner="BuiltIn">
<msg time="2024-04-26T07:14:34.687324" level="INFO">${list_country} = ['AD', 'AE', 'AF', 'AG', 'AI', 'AL', 'AM', 'AO', 'AQ', 'AR', 'AS', 'AT', 'AU', 'AW', 'AX', 'AZ', 'BA', 'BB', 'BD', 'BE', 'BF', 'BG', 'BH', 'BI', 'BJ', 'BL', 'BM', 'BN', 'BO', 'BQ', 'BR', 'BS', 'BT', '...</msg>
<var>${list_country}</var>
<arg>AD</arg>
<arg>AE</arg>
<arg>AF</arg>
<arg>AG</arg>
<arg>AI</arg>
<arg>AL</arg>
<arg>AM</arg>
<arg>AO</arg>
<arg>AQ</arg>
<arg>AR</arg>
<arg>AS</arg>
<arg>AT</arg>
<arg>AU</arg>
<arg>AW</arg>
<arg>AX</arg>
<arg>AZ</arg>
<arg>BA</arg>
<arg>BB</arg>
<arg>BD</arg>
<arg>BE</arg>
<arg>BF</arg>
<arg>BG</arg>
<arg>BH</arg>
<arg>BI</arg>
<arg>BJ</arg>
<arg>BL</arg>
<arg>BM</arg>
<arg>BN</arg>
<arg>BO</arg>
<arg>BQ</arg>
<arg>BR</arg>
<arg>BS</arg>
<arg>BT</arg>
<arg>BV</arg>
<arg>BW</arg>
<arg>BY</arg>
<arg>BZ</arg>
<arg>CA</arg>
<arg>CC</arg>
<arg>CD</arg>
<arg>CF</arg>
<arg>CG</arg>
<arg>CH</arg>
<arg>CI</arg>
<arg>CK</arg>
<arg>CL</arg>
<arg>CM</arg>
<arg>CN</arg>
<arg>CO</arg>
<arg>CR</arg>
<arg>CU</arg>
<arg>CV</arg>
<arg>CW</arg>
<arg>CX</arg>
<arg>CY</arg>
<arg>CZ</arg>
<arg>DE</arg>
<arg>DJ</arg>
<arg>DK</arg>
<arg>DM</arg>
<arg>DO</arg>
<arg>DZ</arg>
<arg>EC</arg>
<arg>EE</arg>
<arg>EG</arg>
<arg>EH</arg>
<arg>ER</arg>
<arg>ES</arg>
<arg>ET</arg>
<arg>FI</arg>
<arg>FJ</arg>
<arg>FK</arg>
<arg>FM</arg>
<arg>FO</arg>
<arg>FR</arg>
<arg>GA</arg>
<arg>GB</arg>
<arg>GD</arg>
<arg>GE</arg>
<arg>GF</arg>
<arg>GG</arg>
<arg>GH</arg>
<arg>GI</arg>
<arg>GL</arg>
<arg>GM</arg>
<arg>GN</arg>
<arg>GP</arg>
<arg>GQ</arg>
<arg>GR</arg>
<arg>GS</arg>
<arg>GT</arg>
<arg>GU</arg>
<arg>GW</arg>
<arg>GY</arg>
<arg>HK</arg>
<arg>HM</arg>
<arg>HN</arg>
<arg>HR</arg>
<arg>HT</arg>
<arg>HU</arg>
<arg>ID</arg>
<arg>IE</arg>
<arg>IL</arg>
<arg>IM</arg>
<arg>IN</arg>
<arg>IO</arg>
<arg>IQ</arg>
<arg>IR</arg>
<arg>IS</arg>
<arg>IT</arg>
<arg>JE</arg>
<arg>JM</arg>
<arg>JO</arg>
<arg>JP</arg>
<arg>KE</arg>
<arg>KG</arg>
<arg>KH</arg>
<arg>KI</arg>
<arg>KM</arg>
<arg>KN</arg>
<arg>KP</arg>
<arg>KR</arg>
<arg>KW</arg>
<arg>KY</arg>
<arg>KZ</arg>
<arg>LA</arg>
<arg>LB</arg>
<arg>LC</arg>
<arg>LI</arg>
<arg>LK</arg>
<arg>LR</arg>
<arg>LS</arg>
<arg>LT</arg>
<arg>LU</arg>
<arg>LV</arg>
<arg>LY</arg>
<arg>MA</arg>
<arg>MC</arg>
<arg>MD</arg>
<arg>ME</arg>
<arg>MF</arg>
<arg>MG</arg>
<arg>MH</arg>
<arg>MK</arg>
<arg>ML</arg>
<arg>MM</arg>
<arg>MN</arg>
<arg>MO</arg>
<arg>MP</arg>
<arg>MQ</arg>
<arg>MR</arg>
<arg>MS</arg>
<arg>MT</arg>
<arg>MU</arg>
<arg>MV</arg>
<arg>MW</arg>
<arg>MX</arg>
<arg>MY</arg>
<arg>MZ</arg>
<arg>NA</arg>
<arg>NC</arg>
<arg>NE</arg>
<arg>NF</arg>
<arg>NG</arg>
<arg>NI</arg>
<arg>NL</arg>
<arg>NO</arg>
<arg>NP</arg>
<arg>NR</arg>
<arg>NU</arg>
<arg>NZ</arg>
<arg>OM</arg>
<arg>PA</arg>
<arg>PE</arg>
<arg>PF</arg>
<arg>PG</arg>
<arg>PH</arg>
<arg>PK</arg>
<arg>PL</arg>
<arg>PM</arg>
<arg>PN</arg>
<arg>PR</arg>
<arg>PS</arg>
<arg>PT</arg>
<arg>PW</arg>
<arg>PY</arg>
<arg>QA</arg>
<arg>RE</arg>
<arg>RO</arg>
<arg>RS</arg>
<arg>RU</arg>
<arg>RW</arg>
<arg>SA</arg>
<arg>SB</arg>
<arg>SC</arg>
<arg>SD</arg>
<arg>SE</arg>
<arg>SG</arg>
<arg>SH</arg>
<arg>SI</arg>
<arg>SJ</arg>
<arg>SK</arg>
<arg>SL</arg>
<arg>SM</arg>
<arg>SN</arg>
<arg>SO</arg>
<arg>SR</arg>
<arg>SS</arg>
<arg>ST</arg>
<arg>SV</arg>
<arg>SX</arg>
<arg>SY</arg>
<arg>SZ</arg>
<arg>TC</arg>
<arg>TD</arg>
<arg>TF</arg>
<arg>TG</arg>
<arg>TH</arg>
<arg>TJ</arg>
<arg>TK</arg>
<arg>TL</arg>
<arg>TM</arg>
<arg>TN</arg>
<arg>TO</arg>
<arg>TR</arg>
<arg>TT</arg>
<arg>TV</arg>
<arg>TW</arg>
<arg>TZ</arg>
<arg>UA</arg>
<arg>UG</arg>
<arg>UM</arg>
<arg>US</arg>
<arg>UY</arg>
<arg>UZ</arg>
<arg>VA</arg>
<arg>VC</arg>
<arg>VE</arg>
<arg>VG</arg>
<arg>VI</arg>
<arg>VN</arg>
<arg>VU</arg>
<arg>WF</arg>
<arg>WS</arg>
<arg>XK</arg>
<arg>YE</arg>
<arg>YT</arg>
<arg>ZA</arg>
<arg>ZM</arg>
<arg>ZW</arg>
<doc>Returns a list containing given items.</doc>
<status status="PASS" start="2024-04-26T07:14:34.686734" elapsed="0.000615"/>
</kw>
<kw name="List Should Contain Value" owner="Collections">
<msg time="2024-04-26T07:14:34.688347" level="INFO">False</msg>
<arg>${list_country}</arg>
<arg>${name_country}</arg>
<doc>Fails if the ``value`` is not found from ``list``.</doc>
<status status="PASS" start="2024-04-26T07:14:34.688156" elapsed="0.000224"/>
</kw>
<kw name="Run Keyword If" owner="BuiltIn">
<kw name="Should Be True" owner="BuiltIn">
<arg>${True}</arg>
<doc>Fails if the given condition is not true.</doc>
<status status="PASS" start="2024-04-26T07:14:34.689418" elapsed="0.000239"/>
</kw>
<arg>${json_data["results"][0]["location"]["coordinates"]["latitude"]} &gt;= -90 and ${json_data["results"][0]["location"]["coordinates"]["latitude"]} &lt;= 90</arg>
<arg>Should Be True</arg>
<arg>${True}</arg>
<doc>Runs the given keyword with the given arguments, if ``condition`` is true.</doc>
<status status="PASS" start="2024-04-26T07:14:34.688688" elapsed="0.001101"/>
</kw>
<kw name="Run Keyword If" owner="BuiltIn">
<kw name="Should Be True" owner="BuiltIn">
<arg>${True}</arg>
<doc>Fails if the given condition is not true.</doc>
<status status="PASS" start="2024-04-26T07:14:34.690653" elapsed="0.000126"/>
</kw>
<arg>${json_data["results"][0]["location"]["coordinates"]["longitude"]} &gt;= -180 and ${json_data["results"][0]["location"]["coordinates"]["longitude"]} &lt;= 180</arg>
<arg>Should Be True</arg>
<arg>${True}</arg>
<doc>Runs the given keyword with the given arguments, if ``condition`` is true.</doc>
<status status="PASS" start="2024-04-26T07:14:34.689974" elapsed="0.000919"/>
</kw>
<status status="PASS" start="2024-04-26T07:14:34.594062" elapsed="0.096949"/>
</kw>
<doc>Testa o conteúdo específico dos campos retornados pela API.</doc>
<tag>testeConteudo</tag>
<status status="PASS" start="2024-04-26T07:14:34.593651" elapsed="0.097488"/>
</test>
<status status="PASS" start="2024-04-26T07:14:33.146381" elapsed="1.546609"/>
</suite>
<status status="PASS" start="2024-04-26T07:14:33.132984" elapsed="1.564898"/>
</suite>
<statistics>
<total>
<stat pass="5" fail="0" skip="0">All Tests</stat>
</total>
<tag>
<stat pass="1" fail="0" skip="0">testeConteudo</stat>
<stat pass="1" fail="0" skip="0">testeEstruturaResposta</stat>
<stat pass="1" fail="0" skip="0">testeRequisicaoBasica</stat>
<stat pass="1" fail="0" skip="0">testeTiposDados</stat>
</tag>
<suite>
<stat pass="5" fail="0" skip="0" id="s1" name="Tests">Tests</stat>
<stat pass="5" fail="0" skip="0" id="s1-s1" name="Random-User-Test">Tests.Random-User-Test</stat>
</suite>
</statistics>
<errors>
</errors>
</robot>
