<?xml version="1.0" encoding="UTF-8"?>
<robot generator="Robot 7.0 (Python 3.12.2 on linux)" generated="2024-04-16T15:14:07.992499" rpa="false" schemaversion="5">
<suite id="s1" name="Tests" source="/home/runner/work/DesafioQAItauRogerioJordao/DesafioQAItauRogerioJordao/RamdonUser/tests">
<suite id="s1-s1" name="Random-User-Test" source="/home/runner/work/DesafioQAItauRogerioJordao/DesafioQAItauRogerioJordao/RamdonUser/tests/random-user-test.robot">
<test id="s1-s1-t1" name="Conectar" line="13">
<kw name="Conectar API" owner="random-user-service">
<kw name="Create Session" owner="RequestsLibrary">
<msg time="2024-04-16T15:14:08.348560" level="INFO">Creating Session using : alias=consultarAPI, url=https://randomuser.me/, headers={},                     cookies={}, auth=None, timeout=None, proxies=None, verify=False,                     debug=0 </msg>
<arg>consultarAPI</arg>
<arg>${URL}</arg>
<doc>Create Session: create a HTTP session to a server</doc>
<status status="PASS" start="2024-04-16T15:14:08.348315" elapsed="0.000442"/>
</kw>
<status status="PASS" start="2024-04-16T15:14:08.347244" elapsed="0.001891"/>
</kw>
<status status="PASS" start="2024-04-16T15:14:08.346647" elapsed="0.002704"/>
</test>
<test id="s1-s1-t2" name="Validar retorno 200 e JSON Válido" line="16">
<kw name="Teste de Requisicao Basica" owner="random-user-service">
<kw name="GET On Session" owner="RequestsLibrary">
<msg time="2024-04-16T15:14:08.546439" level="INFO">GET Request : url=https://randomuser.me/api 
 path_url=/api 
 headers={'User-Agent': 'python-requests/2.31.0', 'Accept-Encoding': 'gzip, deflate', 'Accept': '*/*', 'Connection': 'keep-alive'} 
 body=None 
 </msg>
<msg time="2024-04-16T15:14:08.546597" level="INFO">GET Response : url=https://randomuser.me/api 
 status=200, reason=OK 
 headers={'Date': 'Tue, 16 Apr 2024 15:14:08 GMT', 'Content-Type': 'application/json; charset=utf-8', 'Transfer-Encoding': 'chunked', 'Connection': 'keep-alive', 'X-Powered-By': 'Express', 'Access-Control-Allow-Origin': '*', 'Cache-Control': 'no-cache', 'ETag': 'W/"497-Vzv8nMn4EWnxlEiugfbJ9TxvOwE"', 'Vary': 'Accept-Encoding', 'Content-Encoding': 'gzip', 'CF-Cache-Status': 'DYNAMIC', 'Report-To': '{"endpoints":[{"url":"https:\\/\\/a.nel.cloudflare.com\\/report\\/v4?s=jK45GgYDq7yJvjI3WfH8Rl8d1Qvos7PNDACQqMZzAeafxTMy9%2FZHPfCcgnkfd3OyOx87hglD%2FZk9inR%2BUCJ9u1V4hCYhj%2FZRMfFfHgvgDmQI1HOe%2B%2BXLxjmAg%2FMo1Mgx"}],"group":"cf-nel","max_age":604800}', 'NEL': '{"success_fraction":0,"report_to":"cf-nel","max_age":604800}', 'Server': 'cloudflare', 'CF-RAY': '87551f931c466293-ORD', 'alt-svc': 'h3=":443"; ma=86400'} 
 body={"results":[{"gender":"male","name":{"title":"Mr","first":"Rolf","last":"Mitschke"},"location":{"street":{"number":7605,"name":"Blumenstraße"},"city":"Potsdam","state":"Niedersachsen","country":"Germany","postcode":69867,"coordinates":{"latitude":"-53.1268","longitude":"-134.0408"},"timezone":{"offset":"+9:00","description":"Tokyo, Seoul, Osaka, Sapporo, Yakutsk"}},"email":"rolf.mitschke@example.com","login":{"uuid":"d9ec2b8a-40c4-4fdb-9cc2-2aab622c361b","username":"silvercat246","password":"sensei","salt":"saWp82SY","md5":"71dd99d3a514c11cd2ec20c1d58e62c3","sha1":"0c6af984730ea8a7fe15b31b897dda991f259beb","sha256":"63dbedb30dbb652fd07c97f7bd72c0dcd7e1325e371c26fa79ab3abcf6d60761"},"dob":{"date":"1980-04-25T08:57:15.041Z","age":43},"registered":{"date":"2015-12-14T02:48:15.577Z","age":8},"phone":"0311-7241711","cell":"0179-6499927","id":{"name":"SVNR","value":"79 250480 M 142"},"picture":{"large":"https://randomuser.me/api/portraits/men/70.jpg","medium":"https://randomuser.me/api/portraits/med/men/70.jpg","thumbnail":"https://randomuser.me/api/portraits/thumb/men/70.jpg"},"nat":"DE"}],"info":{"seed":"fe451eb87637b20f","results":1,"page":1,"version":"1.4"}} 
 </msg>
<msg time="2024-04-16T15:14:08.546688" level="INFO">/opt/hostedtoolcache/Python/3.12.2/x64/lib/python3.12/site-packages/urllib3/connectionpool.py:1103: InsecureRequestWarning: Unverified HTTPS request is being made to host 'randomuser.me'. Adding certificate verification is strongly advised. See: https://urllib3.readthedocs.io/en/latest/advanced-usage.html#tls-warnings
  warnings.warn(</msg>
<msg time="2024-04-16T15:14:08.546860" level="INFO">${response} = &lt;Response [200]&gt;</msg>
<var>${response}</var>
<arg>consultarAPI</arg>
<arg>/api</arg>
<doc>Sends a GET request on a previously created HTTP Session.</doc>
<status status="PASS" start="2024-04-16T15:14:08.352088" elapsed="0.194817"/>
</kw>
<kw name="Should Be Equal As Numbers" owner="BuiltIn">
<msg time="2024-04-16T15:14:08.547960" level="INFO">Argument types are:
&lt;class 'int'&gt;
&lt;class 'str'&gt;</msg>
<arg>${response.status_code}</arg>
<arg>200</arg>
<doc>Fails if objects are unequal after converting them to real numbers.</doc>
<status status="PASS" start="2024-04-16T15:14:08.547484" elapsed="0.000547"/>
</kw>
<kw name="Log" owner="BuiltIn">
<msg time="2024-04-16T15:14:08.548798" level="INFO">200</msg>
<arg>${response.status_code}</arg>
<doc>Logs the given message with the given level.</doc>
<status status="PASS" start="2024-04-16T15:14:08.548386" elapsed="0.000457"/>
</kw>
<kw name="Set Variable" owner="BuiltIn">
<msg time="2024-04-16T15:14:08.549646" level="INFO">${json_data} = {'results': [{'gender': 'male', 'name': {'title': 'Mr', 'first': 'Rolf', 'last': 'Mitschke'}, 'location': {'street': {'number': 7605, 'name': 'Blumenstraße'}, 'city': 'Potsdam', 'state': 'Niedersachse...</msg>
<var>${json_data}</var>
<arg>${response.json()}</arg>
<doc>Returns the given values which can then be assigned to a variables.</doc>
<status status="PASS" start="2024-04-16T15:14:08.549184" elapsed="0.000492"/>
</kw>
<kw name="Dictionary Should Contain Key" owner="Collections">
<msg time="2024-04-16T15:14:08.550178" level="INFO">False</msg>
<arg>${json_data}</arg>
<arg>results</arg>
<doc>Fails if ``key`` is not found from ``dictionary``.</doc>
<status status="PASS" start="2024-04-16T15:14:08.549998" elapsed="0.000225"/>
</kw>
<status status="PASS" start="2024-04-16T15:14:08.351821" elapsed="0.198685"/>
</kw>
<doc>Testa se a API responde corretamente e retorna um objeto JSON válido.</doc>
<tag>testeRequisicaoBasica</tag>
<status status="PASS" start="2024-04-16T15:14:08.351227" elapsed="0.199477"/>
</test>
<test id="s1-s1-t3" name="Validar estrutura de resposta" line="22">
<kw name="Teste de Estrutura de Resposta" owner="random-user-service">
<kw name="GET On Session" owner="RequestsLibrary">
<msg time="2024-04-16T15:14:08.642941" level="INFO">GET Request : url=https://randomuser.me/api 
 path_url=/api 
 headers={'User-Agent': 'python-requests/2.31.0', 'Accept-Encoding': 'gzip, deflate', 'Accept': '*/*', 'Connection': 'keep-alive'} 
 body=None 
 </msg>
<msg time="2024-04-16T15:14:08.643029" level="INFO">GET Response : url=https://randomuser.me/api 
 status=200, reason=OK 
 headers={'Date': 'Tue, 16 Apr 2024 15:14:08 GMT', 'Content-Type': 'application/json; charset=utf-8', 'Transfer-Encoding': 'chunked', 'Connection': 'keep-alive', 'X-Powered-By': 'Express', 'Access-Control-Allow-Origin': '*', 'Cache-Control': 'no-cache', 'ETag': 'W/"4b6-UxvCR1UUSk1TjUi3n+VAOJvZ4xo"', 'Vary': 'Accept-Encoding', 'Content-Encoding': 'gzip', 'CF-Cache-Status': 'DYNAMIC', 'Report-To': '{"endpoints":[{"url":"https:\\/\\/a.nel.cloudflare.com\\/report\\/v4?s=EfMPCsBE2b8ZPHk1BNCNZ15y%2BaokOdJECn3Qi4IPNHv%2FgjDv7xaXXnZtEumtU3F2KrrXoWQ%2BOXS%2Bw57BGD7hyxvFL6pGP6jOmhz%2Bj61GFCrtc%2BaPjPK9IxCu8amj49ep"}],"group":"cf-nel","max_age":604800}', 'NEL': '{"success_fraction":0,"report_to":"cf-nel","max_age":604800}', 'Server': 'cloudflare', 'CF-RAY': '87551f937c936293-ORD', 'alt-svc': 'h3=":443"; ma=86400'} 
 body={"results":[{"gender":"female","name":{"title":"Miss","first":"Analice","last":"Freitas"},"location":{"street":{"number":7413,"name":"Rua Santa Maria "},"city":"Cachoeiro de Itapemirim","state":"São Paulo","country":"Brazil","postcode":93521,"coordinates":{"latitude":"-78.6910","longitude":"36.1172"},"timezone":{"offset":"+1:00","description":"Brussels, Copenhagen, Madrid, Paris"}},"email":"analice.freitas@example.com","login":{"uuid":"0737ba2f-eb3d-4144-8325-8a09c71e1a48","username":"goldenlion705","password":"blackjac","salt":"TmZgqqVo","md5":"870635ff9101870b067949186b3ea05f","sha1":"cc86d6f2d637a39d30035f50b713959263491f4b","sha256":"816db597d0a51c2c1ea10182b6525fa6b13daa709069f6662bc2e6ddca1d3c0f"},"dob":{"date":"1945-02-06T06:33:45.739Z","age":79},"registered":{"date":"2013-08-27T04:43:26.253Z","age":10},"phone":"(40) 9062-5093","cell":"(83) 4503-3400","id":{"name":"CPF","value":"323.178.288-92"},"picture":{"large":"https://randomuser.me/api/portraits/women/75.jpg","medium":"https://randomuser.me/api/portraits/med/women/75.jpg","thumbnail":"https://randomuser.me/api/portraits/thumb/women/75.jpg"},"nat":"BR"}],"info":{"seed":"8fd2987f365dc50a","results":1,"page":1,"version":"1.4"}} 
 </msg>
<msg time="2024-04-16T15:14:08.643174" level="INFO">/opt/hostedtoolcache/Python/3.12.2/x64/lib/python3.12/site-packages/urllib3/connectionpool.py:1103: InsecureRequestWarning: Unverified HTTPS request is being made to host 'randomuser.me'. Adding certificate verification is strongly advised. See: https://urllib3.readthedocs.io/en/latest/advanced-usage.html#tls-warnings
  warnings.warn(</msg>
<msg time="2024-04-16T15:14:08.643288" level="INFO">${response} = &lt;Response [200]&gt;</msg>
<var>${response}</var>
<arg>consultarAPI</arg>
<arg>/api</arg>
<doc>Sends a GET request on a previously created HTTP Session.</doc>
<status status="PASS" start="2024-04-16T15:14:08.553632" elapsed="0.089697"/>
</kw>
<kw name="Set Variable" owner="BuiltIn">
<msg time="2024-04-16T15:14:08.644397" level="INFO">${json_data} = {'results': [{'gender': 'female', 'name': {'title': 'Miss', 'first': 'Analice', 'last': 'Freitas'}, 'location': {'street': {'number': 7413, 'name': 'Rua Santa Maria '}, 'city': 'Cachoeiro de Itapemiri...</msg>
<var>${json_data}</var>
<arg>${response.json()}</arg>
<doc>Returns the given values which can then be assigned to a variables.</doc>
<status status="PASS" start="2024-04-16T15:14:08.643819" elapsed="0.000633"/>
</kw>
<kw name="Log" owner="BuiltIn">
<msg time="2024-04-16T15:14:08.644929" level="INFO">{'results': [{'gender': 'female', 'name': {'title': 'Miss', 'first': 'Analice', 'last': 'Freitas'}, 'location': {'street': {'number': 7413, 'name': 'Rua Santa Maria '}, 'city': 'Cachoeiro de Itapemirim', 'state': 'São Paulo', 'country': 'Brazil', 'postcode': 93521, 'coordinates': {'latitude': '-78.6910', 'longitude': '36.1172'}, 'timezone': {'offset': '+1:00', 'description': 'Brussels, Copenhagen, Madrid, Paris'}}, 'email': 'analice.freitas@example.com', 'login': {'uuid': '0737ba2f-eb3d-4144-8325-8a09c71e1a48', 'username': 'goldenlion705', 'password': 'blackjac', 'salt': 'TmZgqqVo', 'md5': '870635ff9101870b067949186b3ea05f', 'sha1': 'cc86d6f2d637a39d30035f50b713959263491f4b', 'sha256': '816db597d0a51c2c1ea10182b6525fa6b13daa709069f6662bc2e6ddca1d3c0f'}, 'dob': {'date': '1945-02-06T06:33:45.739Z', 'age': 79}, 'registered': {'date': '2013-08-27T04:43:26.253Z', 'age': 10}, 'phone': '(40) 9062-5093', 'cell': '(83) 4503-3400', 'id': {'name': 'CPF', 'value': '323.178.288-92'}, 'picture': {'large': 'https://randomuser.me/api/portraits/women/75.jpg', 'medium': 'https://randomuser.me/api/portraits/med/women/75.jpg', 'thumbnail': 'https://randomuser.me/api/portraits/thumb/women/75.jpg'}, 'nat': 'BR'}], 'info': {'seed': '8fd2987f365dc50a', 'results': 1, 'page': 1, 'version': '1.4'}}</msg>
<arg>${json_data}</arg>
<doc>Logs the given message with the given level.</doc>
<status status="PASS" start="2024-04-16T15:14:08.644767" elapsed="0.000212"/>
</kw>
<kw name="Dictionary Should Contain Key" owner="Collections">
<msg time="2024-04-16T15:14:08.645430" level="INFO">False</msg>
<arg>${json_data}</arg>
<arg>results</arg>
<doc>Fails if ``key`` is not found from ``dictionary``.</doc>
<status status="PASS" start="2024-04-16T15:14:08.645277" elapsed="0.000190"/>
</kw>
<kw name="Should Not Be Empty" owner="BuiltIn">
<msg time="2024-04-16T15:14:08.645890" level="INFO">Length is 2.</msg>
<arg>${json_data}</arg>
<doc>Verifies that the given item is not empty.</doc>
<status status="PASS" start="2024-04-16T15:14:08.645760" elapsed="0.000168"/>
</kw>
<kw name="Create List" owner="BuiltIn">
<msg time="2024-04-16T15:14:08.646365" level="INFO">${expected_keys} = ['gender', 'name', 'location', 'email', 'login']</msg>
<var>${expected_keys}</var>
<arg>gender</arg>
<arg>name</arg>
<arg>location</arg>
<arg>email</arg>
<arg>login</arg>
<doc>Returns a list containing given items.</doc>
<status status="PASS" start="2024-04-16T15:14:08.646216" elapsed="0.000173"/>
</kw>
<for flavor="IN">
<iter>
<kw name="Dictionary Should Contain Key" owner="Collections">
<msg time="2024-04-16T15:14:08.647355" level="INFO">False</msg>
<arg>${json_data['results'][0]}</arg>
<arg>${key}</arg>
<doc>Fails if ``key`` is not found from ``dictionary``.</doc>
<status status="PASS" start="2024-04-16T15:14:08.646957" elapsed="0.000436"/>
</kw>
<kw name="Log" owner="BuiltIn">
<msg time="2024-04-16T15:14:08.648064" level="INFO">{'gender': 'female', 'name': {'title': 'Miss', 'first': 'Analice', 'last': 'Freitas'}, 'location': {'street': {'number': 7413, 'name': 'Rua Santa Maria '}, 'city': 'Cachoeiro de Itapemirim', 'state': 'São Paulo', 'country': 'Brazil', 'postcode': 93521, 'coordinates': {'latitude': '-78.6910', 'longitude': '36.1172'}, 'timezone': {'offset': '+1:00', 'description': 'Brussels, Copenhagen, Madrid, Paris'}}, 'email': 'analice.freitas@example.com', 'login': {'uuid': '0737ba2f-eb3d-4144-8325-8a09c71e1a48', 'username': 'goldenlion705', 'password': 'blackjac', 'salt': 'TmZgqqVo', 'md5': '870635ff9101870b067949186b3ea05f', 'sha1': 'cc86d6f2d637a39d30035f50b713959263491f4b', 'sha256': '816db597d0a51c2c1ea10182b6525fa6b13daa709069f6662bc2e6ddca1d3c0f'}, 'dob': {'date': '1945-02-06T06:33:45.739Z', 'age': 79}, 'registered': {'date': '2013-08-27T04:43:26.253Z', 'age': 10}, 'phone': '(40) 9062-5093', 'cell': '(83) 4503-3400', 'id': {'name': 'CPF', 'value': '323.178.288-92'}, 'picture': {'large': 'https://randomuser.me/api/portraits/women/75.jpg', 'medium': 'https://randomuser.me/api/portraits/med/women/75.jpg', 'thumbnail': 'https://randomuser.me/api/portraits/thumb/women/75.jpg'}, 'nat': 'BR'}</msg>
<arg>${json_data['results'][0]}</arg>
<doc>Logs the given message with the given level.</doc>
<status status="PASS" start="2024-04-16T15:14:08.647696" elapsed="0.000418"/>
</kw>
<kw name="Log" owner="BuiltIn">
<msg time="2024-04-16T15:14:08.648577" level="INFO">gender</msg>
<arg>${key}</arg>
<doc>Logs the given message with the given level.</doc>
<status status="PASS" start="2024-04-16T15:14:08.648409" elapsed="0.000206"/>
</kw>
<var name="${key}">gender</var>
<status status="PASS" start="2024-04-16T15:14:08.646834" elapsed="0.002005"/>
</iter>
<iter>
<kw name="Dictionary Should Contain Key" owner="Collections">
<msg time="2024-04-16T15:14:08.649524" level="INFO">False</msg>
<arg>${json_data['results'][0]}</arg>
<arg>${key}</arg>
<doc>Fails if ``key`` is not found from ``dictionary``.</doc>
<status status="PASS" start="2024-04-16T15:14:08.649139" elapsed="0.000455"/>
</kw>
<kw name="Log" owner="BuiltIn">
<msg time="2024-04-16T15:14:08.650253" level="INFO">{'gender': 'female', 'name': {'title': 'Miss', 'first': 'Analice', 'last': 'Freitas'}, 'location': {'street': {'number': 7413, 'name': 'Rua Santa Maria '}, 'city': 'Cachoeiro de Itapemirim', 'state': 'São Paulo', 'country': 'Brazil', 'postcode': 93521, 'coordinates': {'latitude': '-78.6910', 'longitude': '36.1172'}, 'timezone': {'offset': '+1:00', 'description': 'Brussels, Copenhagen, Madrid, Paris'}}, 'email': 'analice.freitas@example.com', 'login': {'uuid': '0737ba2f-eb3d-4144-8325-8a09c71e1a48', 'username': 'goldenlion705', 'password': 'blackjac', 'salt': 'TmZgqqVo', 'md5': '870635ff9101870b067949186b3ea05f', 'sha1': 'cc86d6f2d637a39d30035f50b713959263491f4b', 'sha256': '816db597d0a51c2c1ea10182b6525fa6b13daa709069f6662bc2e6ddca1d3c0f'}, 'dob': {'date': '1945-02-06T06:33:45.739Z', 'age': 79}, 'registered': {'date': '2013-08-27T04:43:26.253Z', 'age': 10}, 'phone': '(40) 9062-5093', 'cell': '(83) 4503-3400', 'id': {'name': 'CPF', 'value': '323.178.288-92'}, 'picture': {'large': 'https://randomuser.me/api/portraits/women/75.jpg', 'medium': 'https://randomuser.me/api/portraits/med/women/75.jpg', 'thumbnail': 'https://randomuser.me/api/portraits/thumb/women/75.jpg'}, 'nat': 'BR'}</msg>
<arg>${json_data['results'][0]}</arg>
<doc>Logs the given message with the given level.</doc>
<status status="PASS" start="2024-04-16T15:14:08.649893" elapsed="0.000415"/>
</kw>
<kw name="Log" owner="BuiltIn">
<msg time="2024-04-16T15:14:08.650757" level="INFO">name</msg>
<arg>${key}</arg>
<doc>Logs the given message with the given level.</doc>
<status status="PASS" start="2024-04-16T15:14:08.650610" elapsed="0.000185"/>
</kw>
<var name="${key}">name</var>
<status status="PASS" start="2024-04-16T15:14:08.649025" elapsed="0.001991"/>
</iter>
<iter>
<kw name="Dictionary Should Contain Key" owner="Collections">
<msg time="2024-04-16T15:14:08.651680" level="INFO">False</msg>
<arg>${json_data['results'][0]}</arg>
<arg>${key}</arg>
<doc>Fails if ``key`` is not found from ``dictionary``.</doc>
<status status="PASS" start="2024-04-16T15:14:08.651305" elapsed="0.000412"/>
</kw>
<kw name="Log" owner="BuiltIn">
<msg time="2024-04-16T15:14:08.652365" level="INFO">{'gender': 'female', 'name': {'title': 'Miss', 'first': 'Analice', 'last': 'Freitas'}, 'location': {'street': {'number': 7413, 'name': 'Rua Santa Maria '}, 'city': 'Cachoeiro de Itapemirim', 'state': 'São Paulo', 'country': 'Brazil', 'postcode': 93521, 'coordinates': {'latitude': '-78.6910', 'longitude': '36.1172'}, 'timezone': {'offset': '+1:00', 'description': 'Brussels, Copenhagen, Madrid, Paris'}}, 'email': 'analice.freitas@example.com', 'login': {'uuid': '0737ba2f-eb3d-4144-8325-8a09c71e1a48', 'username': 'goldenlion705', 'password': 'blackjac', 'salt': 'TmZgqqVo', 'md5': '870635ff9101870b067949186b3ea05f', 'sha1': 'cc86d6f2d637a39d30035f50b713959263491f4b', 'sha256': '816db597d0a51c2c1ea10182b6525fa6b13daa709069f6662bc2e6ddca1d3c0f'}, 'dob': {'date': '1945-02-06T06:33:45.739Z', 'age': 79}, 'registered': {'date': '2013-08-27T04:43:26.253Z', 'age': 10}, 'phone': '(40) 9062-5093', 'cell': '(83) 4503-3400', 'id': {'name': 'CPF', 'value': '323.178.288-92'}, 'picture': {'large': 'https://randomuser.me/api/portraits/women/75.jpg', 'medium': 'https://randomuser.me/api/portraits/med/women/75.jpg', 'thumbnail': 'https://randomuser.me/api/portraits/thumb/women/75.jpg'}, 'nat': 'BR'}</msg>
<arg>${json_data['results'][0]}</arg>
<doc>Logs the given message with the given level.</doc>
<status status="PASS" start="2024-04-16T15:14:08.652009" elapsed="0.000429"/>
</kw>
<kw name="Log" owner="BuiltIn">
<msg time="2024-04-16T15:14:08.652868" level="INFO">location</msg>
<arg>${key}</arg>
<doc>Logs the given message with the given level.</doc>
<status status="PASS" start="2024-04-16T15:14:08.652742" elapsed="0.000164"/>
</kw>
<var name="${key}">location</var>
<status status="PASS" start="2024-04-16T15:14:08.651193" elapsed="0.001933"/>
</iter>
<iter>
<kw name="Dictionary Should Contain Key" owner="Collections">
<msg time="2024-04-16T15:14:08.653787" level="INFO">False</msg>
<arg>${json_data['results'][0]}</arg>
<arg>${key}</arg>
<doc>Fails if ``key`` is not found from ``dictionary``.</doc>
<status status="PASS" start="2024-04-16T15:14:08.653409" elapsed="0.000415"/>
</kw>
<kw name="Log" owner="BuiltIn">
<msg time="2024-04-16T15:14:08.654490" level="INFO">{'gender': 'female', 'name': {'title': 'Miss', 'first': 'Analice', 'last': 'Freitas'}, 'location': {'street': {'number': 7413, 'name': 'Rua Santa Maria '}, 'city': 'Cachoeiro de Itapemirim', 'state': 'São Paulo', 'country': 'Brazil', 'postcode': 93521, 'coordinates': {'latitude': '-78.6910', 'longitude': '36.1172'}, 'timezone': {'offset': '+1:00', 'description': 'Brussels, Copenhagen, Madrid, Paris'}}, 'email': 'analice.freitas@example.com', 'login': {'uuid': '0737ba2f-eb3d-4144-8325-8a09c71e1a48', 'username': 'goldenlion705', 'password': 'blackjac', 'salt': 'TmZgqqVo', 'md5': '870635ff9101870b067949186b3ea05f', 'sha1': 'cc86d6f2d637a39d30035f50b713959263491f4b', 'sha256': '816db597d0a51c2c1ea10182b6525fa6b13daa709069f6662bc2e6ddca1d3c0f'}, 'dob': {'date': '1945-02-06T06:33:45.739Z', 'age': 79}, 'registered': {'date': '2013-08-27T04:43:26.253Z', 'age': 10}, 'phone': '(40) 9062-5093', 'cell': '(83) 4503-3400', 'id': {'name': 'CPF', 'value': '323.178.288-92'}, 'picture': {'large': 'https://randomuser.me/api/portraits/women/75.jpg', 'medium': 'https://randomuser.me/api/portraits/med/women/75.jpg', 'thumbnail': 'https://randomuser.me/api/portraits/thumb/women/75.jpg'}, 'nat': 'BR'}</msg>
<arg>${json_data['results'][0]}</arg>
<doc>Logs the given message with the given level.</doc>
<status status="PASS" start="2024-04-16T15:14:08.654125" elapsed="0.000414"/>
</kw>
<kw name="Log" owner="BuiltIn">
<msg time="2024-04-16T15:14:08.654978" level="INFO">email</msg>
<arg>${key}</arg>
<doc>Logs the given message with the given level.</doc>
<status status="PASS" start="2024-04-16T15:14:08.654848" elapsed="0.000168"/>
</kw>
<var name="${key}">email</var>
<status status="PASS" start="2024-04-16T15:14:08.653299" elapsed="0.001940"/>
</iter>
<iter>
<kw name="Dictionary Should Contain Key" owner="Collections">
<msg time="2024-04-16T15:14:08.655886" level="INFO">False</msg>
<arg>${json_data['results'][0]}</arg>
<arg>${key}</arg>
<doc>Fails if ``key`` is not found from ``dictionary``.</doc>
<status status="PASS" start="2024-04-16T15:14:08.655520" elapsed="0.000404"/>
</kw>
<kw name="Log" owner="BuiltIn">
<msg time="2024-04-16T15:14:08.656635" level="INFO">{'gender': 'female', 'name': {'title': 'Miss', 'first': 'Analice', 'last': 'Freitas'}, 'location': {'street': {'number': 7413, 'name': 'Rua Santa Maria '}, 'city': 'Cachoeiro de Itapemirim', 'state': 'São Paulo', 'country': 'Brazil', 'postcode': 93521, 'coordinates': {'latitude': '-78.6910', 'longitude': '36.1172'}, 'timezone': {'offset': '+1:00', 'description': 'Brussels, Copenhagen, Madrid, Paris'}}, 'email': 'analice.freitas@example.com', 'login': {'uuid': '0737ba2f-eb3d-4144-8325-8a09c71e1a48', 'username': 'goldenlion705', 'password': 'blackjac', 'salt': 'TmZgqqVo', 'md5': '870635ff9101870b067949186b3ea05f', 'sha1': 'cc86d6f2d637a39d30035f50b713959263491f4b', 'sha256': '816db597d0a51c2c1ea10182b6525fa6b13daa709069f6662bc2e6ddca1d3c0f'}, 'dob': {'date': '1945-02-06T06:33:45.739Z', 'age': 79}, 'registered': {'date': '2013-08-27T04:43:26.253Z', 'age': 10}, 'phone': '(40) 9062-5093', 'cell': '(83) 4503-3400', 'id': {'name': 'CPF', 'value': '323.178.288-92'}, 'picture': {'large': 'https://randomuser.me/api/portraits/women/75.jpg', 'medium': 'https://randomuser.me/api/portraits/med/women/75.jpg', 'thumbnail': 'https://randomuser.me/api/portraits/thumb/women/75.jpg'}, 'nat': 'BR'}</msg>
<arg>${json_data['results'][0]}</arg>
<doc>Logs the given message with the given level.</doc>
<status status="PASS" start="2024-04-16T15:14:08.656227" elapsed="0.000457"/>
</kw>
<kw name="Log" owner="BuiltIn">
<msg time="2024-04-16T15:14:08.657141" level="INFO">login</msg>
<arg>${key}</arg>
<doc>Logs the given message with the given level.</doc>
<status status="PASS" start="2024-04-16T15:14:08.657012" elapsed="0.000167"/>
</kw>
<var name="${key}">login</var>
<status status="PASS" start="2024-04-16T15:14:08.655411" elapsed="0.001987"/>
</iter>
<var>${key}</var>
<value>@{expected_keys}</value>
<status status="PASS" start="2024-04-16T15:14:08.646649" elapsed="0.010871"/>
</for>
<kw name="Create List" owner="BuiltIn">
<msg time="2024-04-16T15:14:08.657853" level="INFO">${expected_keysTwo} = ['username', 'password']</msg>
<var>${expected_keysTwo}</var>
<arg>username</arg>
<arg>password</arg>
<doc>Returns a list containing given items.</doc>
<status status="PASS" start="2024-04-16T15:14:08.657712" elapsed="0.000165"/>
</kw>
<for flavor="IN">
<iter>
<kw name="Dictionary Should Contain Key" owner="Collections">
<msg time="2024-04-16T15:14:08.658864" level="INFO">False</msg>
<arg>${json_data['results'][0]['login']}</arg>
<arg>${keyTwo}</arg>
<doc>Fails if ``key`` is not found from ``dictionary``.</doc>
<status status="PASS" start="2024-04-16T15:14:08.658486" elapsed="0.000415"/>
</kw>
<kw name="Dictionary Should Contain Key" owner="Collections">
<msg time="2024-04-16T15:14:08.659579" level="INFO">False</msg>
<arg>${json_data['results'][0]['login']}</arg>
<arg>${keyTwo}</arg>
<doc>Fails if ``key`` is not found from ``dictionary``.</doc>
<status status="PASS" start="2024-04-16T15:14:08.659199" elapsed="0.000418"/>
</kw>
<kw name="Log" owner="BuiltIn">
<msg time="2024-04-16T15:14:08.660041" level="INFO">username</msg>
<arg>${keyTwo}</arg>
<doc>Logs the given message with the given level.</doc>
<status status="PASS" start="2024-04-16T15:14:08.659913" elapsed="0.000165"/>
</kw>
<var name="${keyTwo}">username</var>
<status status="PASS" start="2024-04-16T15:14:08.658373" elapsed="0.001923"/>
</iter>
<iter>
<kw name="Dictionary Should Contain Key" owner="Collections">
<msg time="2024-04-16T15:14:08.660998" level="INFO">False</msg>
<arg>${json_data['results'][0]['login']}</arg>
<arg>${keyTwo}</arg>
<doc>Fails if ``key`` is not found from ``dictionary``.</doc>
<status status="PASS" start="2024-04-16T15:14:08.660618" elapsed="0.000418"/>
</kw>
<kw name="Dictionary Should Contain Key" owner="Collections">
<msg time="2024-04-16T15:14:08.661708" level="INFO">False</msg>
<arg>${json_data['results'][0]['login']}</arg>
<arg>${keyTwo}</arg>
<doc>Fails if ``key`` is not found from ``dictionary``.</doc>
<status status="PASS" start="2024-04-16T15:14:08.661329" elapsed="0.000415"/>
</kw>
<kw name="Log" owner="BuiltIn">
<msg time="2024-04-16T15:14:08.662166" level="INFO">password</msg>
<arg>${keyTwo}</arg>
<doc>Logs the given message with the given level.</doc>
<status status="PASS" start="2024-04-16T15:14:08.662040" elapsed="0.000163"/>
</kw>
<var name="${keyTwo}">password</var>
<status status="PASS" start="2024-04-16T15:14:08.660505" elapsed="0.001915"/>
</iter>
<var>${keyTwo}</var>
<value>@{expected_keysTwo}</value>
<status status="PASS" start="2024-04-16T15:14:08.658113" elapsed="0.004430"/>
</for>
<status status="PASS" start="2024-04-16T15:14:08.553382" elapsed="0.109302"/>
</kw>
<doc>Testa a estrutura da resposta da API.</doc>
<tag>testeEstruturaResposta</tag>
<status status="PASS" start="2024-04-16T15:14:08.552583" elapsed="0.110262"/>
</test>
<test id="s1-s1-t4" name="Validar tipos de dados" line="28">
<kw name="Teste de Tipos de Dados" owner="random-user-service">
<kw name="GET On Session" owner="RequestsLibrary">
<msg time="2024-04-16T15:14:08.752859" level="INFO">GET Request : url=https://randomuser.me/api 
 path_url=/api 
 headers={'User-Agent': 'python-requests/2.31.0', 'Accept-Encoding': 'gzip, deflate', 'Accept': '*/*', 'Connection': 'keep-alive'} 
 body=None 
 </msg>
<msg time="2024-04-16T15:14:08.752964" level="INFO">GET Response : url=https://randomuser.me/api 
 status=200, reason=OK 
 headers={'Date': 'Tue, 16 Apr 2024 15:14:08 GMT', 'Content-Type': 'application/json; charset=utf-8', 'Transfer-Encoding': 'chunked', 'Connection': 'keep-alive', 'X-Powered-By': 'Express', 'Access-Control-Allow-Origin': '*', 'Cache-Control': 'no-cache', 'ETag': 'W/"4a2-st/oP4/EKn7g0y/AlBygzBjIdkQ"', 'Vary': 'Accept-Encoding', 'Content-Encoding': 'gzip', 'CF-Cache-Status': 'DYNAMIC', 'Report-To': '{"endpoints":[{"url":"https:\\/\\/a.nel.cloudflare.com\\/report\\/v4?s=wLZwsfO1CJbrTSTDjqzvnasry9xYLtqMY8pDi655roY2DSwIOuAmFTQdk83l%2FE7H2duV3roLmCWLNKTPigFmUdbPlZirrniTrnwudCuu3HujtG0oxhCbHRI%2BvyBCCjuk"}],"group":"cf-nel","max_age":604800}', 'NEL': '{"success_fraction":0,"report_to":"cf-nel","max_age":604800}', 'Server': 'cloudflare', 'CF-RAY': '87551f942d1d6293-ORD', 'alt-svc': 'h3=":443"; ma=86400'} 
 body={"results":[{"gender":"female","name":{"title":"Ms","first":"Jesús","last":"Garrido"},"location":{"street":{"number":9736,"name":"Avenida de Salamanca"},"city":"Arrecife","state":"La Rioja","country":"Spain","postcode":62928,"coordinates":{"latitude":"-35.3425","longitude":"135.8709"},"timezone":{"offset":"+5:00","description":"Ekaterinburg, Islamabad, Karachi, Tashkent"}},"email":"jesus.garrido@example.com","login":{"uuid":"75faf21b-94da-4fff-a134-b2764031f5f9","username":"crazyostrich247","password":"citadel","salt":"q1Q009Qe","md5":"5c674b55d1c09d182d68a04d874c058f","sha1":"90dfaaeba78c8b4a898acdf73115becd30e9b4eb","sha256":"0b29e970373e26ce3cba7596b75cf2fcaf582270e1643b2a4e9f2b438957dbd7"},"dob":{"date":"1970-01-19T12:27:20.098Z","age":54},"registered":{"date":"2010-05-21T21:52:29.005Z","age":13},"phone":"902-193-962","cell":"670-449-331","id":{"name":"DNI","value":"72567645-G"},"picture":{"large":"https://randomuser.me/api/portraits/women/27.jpg","medium":"https://randomuser.me/api/portraits/med/women/27.jpg","thumbnail":"https://randomuser.me/api/portraits/thumb/women/27.jpg"},"nat":"ES"}],"info":{"seed":"6dd002eecf4f814e","results":1,"page":1,"version":"1.4"}} 
 </msg>
<msg time="2024-04-16T15:14:08.753046" level="INFO">/opt/hostedtoolcache/Python/3.12.2/x64/lib/python3.12/site-packages/urllib3/connectionpool.py:1103: InsecureRequestWarning: Unverified HTTPS request is being made to host 'randomuser.me'. Adding certificate verification is strongly advised. See: https://urllib3.readthedocs.io/en/latest/advanced-usage.html#tls-warnings
  warnings.warn(</msg>
<msg time="2024-04-16T15:14:08.753200" level="INFO">${response} = &lt;Response [200]&gt;</msg>
<var>${response}</var>
<arg>consultarAPI</arg>
<arg>/api</arg>
<doc>Sends a GET request on a previously created HTTP Session.</doc>
<status status="PASS" start="2024-04-16T15:14:08.665282" elapsed="0.087965"/>
</kw>
<kw name="Set Variable" owner="BuiltIn">
<msg time="2024-04-16T15:14:08.754262" level="INFO">${json_data} = {'results': [{'gender': 'female', 'name': {'title': 'Ms', 'first': 'Jesús', 'last': 'Garrido'}, 'location': {'street': {'number': 9736, 'name': 'Avenida de Salamanca'}, 'city': 'Arrecife', 'state': 'L...</msg>
<var>${json_data}</var>
<arg>${response.json()}</arg>
<doc>Returns the given values which can then be assigned to a variables.</doc>
<status status="PASS" start="2024-04-16T15:14:08.753743" elapsed="0.000548"/>
</kw>
<kw name="Log" owner="BuiltIn">
<msg time="2024-04-16T15:14:08.754793" level="INFO">{'results': [{'gender': 'female', 'name': {'title': 'Ms', 'first': 'Jesús', 'last': 'Garrido'}, 'location': {'street': {'number': 9736, 'name': 'Avenida de Salamanca'}, 'city': 'Arrecife', 'state': 'La Rioja', 'country': 'Spain', 'postcode': 62928, 'coordinates': {'latitude': '-35.3425', 'longitude': '135.8709'}, 'timezone': {'offset': '+5:00', 'description': 'Ekaterinburg, Islamabad, Karachi, Tashkent'}}, 'email': 'jesus.garrido@example.com', 'login': {'uuid': '75faf21b-94da-4fff-a134-b2764031f5f9', 'username': 'crazyostrich247', 'password': 'citadel', 'salt': 'q1Q009Qe', 'md5': '5c674b55d1c09d182d68a04d874c058f', 'sha1': '90dfaaeba78c8b4a898acdf73115becd30e9b4eb', 'sha256': '0b29e970373e26ce3cba7596b75cf2fcaf582270e1643b2a4e9f2b438957dbd7'}, 'dob': {'date': '1970-01-19T12:27:20.098Z', 'age': 54}, 'registered': {'date': '2010-05-21T21:52:29.005Z', 'age': 13}, 'phone': '902-193-962', 'cell': '670-449-331', 'id': {'name': 'DNI', 'value': '72567645-G'}, 'picture': {'large': 'https://randomuser.me/api/portraits/women/27.jpg', 'medium': 'https://randomuser.me/api/portraits/med/women/27.jpg', 'thumbnail': 'https://randomuser.me/api/portraits/thumb/women/27.jpg'}, 'nat': 'ES'}], 'info': {'seed': '6dd002eecf4f814e', 'results': 1, 'page': 1, 'version': '1.4'}}</msg>
<arg>${json_data}</arg>
<doc>Logs the given message with the given level.</doc>
<status status="PASS" start="2024-04-16T15:14:08.754628" elapsed="0.000253"/>
</kw>
<kw name="Should Be String" owner="String">
<arg>${json_data['results'][0]['gender']}</arg>
<doc>Fails if the given ``item`` is not a string.</doc>
<status status="PASS" start="2024-04-16T15:14:08.755192" elapsed="0.000374"/>
</kw>
<kw name="Should Match Regexp" owner="BuiltIn">
<arg>${json_data['results'][0]['email']}</arg>
<arg>^[a-zA-Z0-9._%+-]+@[a-zA-Z0-9.-]+\.[a-zA-Z]{2,}$</arg>
<doc>Fails if ``string`` does not match ``pattern`` as a regular expression.</doc>
<status status="PASS" start="2024-04-16T15:14:08.755761" elapsed="0.000516"/>
</kw>
<kw name="Should Match Regexp" owner="BuiltIn">
<arg>${json_data['results'][0]['dob']['date']}</arg>
<arg>\\d{4}-\\d{2}-\\d{2}T\\d{2}:\\d{2}:\\d{2}\\.\\d{3}Z</arg>
<doc>Fails if ``string`` does not match ``pattern`` as a regular expression.</doc>
<status status="PASS" start="2024-04-16T15:14:08.756500" elapsed="0.000491"/>
</kw>
<kw name="Should Match Regexp" owner="BuiltIn">
<arg>${json_data['results'][0]['registered']['date']}</arg>
<arg>\\d{4}-\\d{2}-\\d{2}T\\d{2}:\\d{2}:\\d{2}\\.\\d{3}Z</arg>
<doc>Fails if ``string`` does not match ``pattern`` as a regular expression.</doc>
<status status="PASS" start="2024-04-16T15:14:08.757189" elapsed="0.000378"/>
</kw>
<kw name="Should Match Regexp" owner="BuiltIn">
<arg>${json_data['results'][0]['picture']['large']}</arg>
<arg>^https?://.*\.(?:png|jpe?g|gif|bmp)$</arg>
<doc>Fails if ``string`` does not match ``pattern`` as a regular expression.</doc>
<status status="PASS" start="2024-04-16T15:14:08.757753" elapsed="0.000460"/>
</kw>
<kw name="Should Match Regexp" owner="BuiltIn">
<arg>${json_data['results'][0]['picture']['medium']}</arg>
<arg>^https?://.*\.(?:png|jpe?g|gif|bmp)$</arg>
<doc>Fails if ``string`` does not match ``pattern`` as a regular expression.</doc>
<status status="PASS" start="2024-04-16T15:14:08.758400" elapsed="0.000347"/>
</kw>
<kw name="Should Match Regexp" owner="BuiltIn">
<arg>${json_data['results'][0]['picture']['thumbnail']}</arg>
<arg>^https?://.*\.(?:png|jpe?g|gif|bmp)$</arg>
<doc>Fails if ``string`` does not match ``pattern`` as a regular expression.</doc>
<status status="PASS" start="2024-04-16T15:14:08.758931" elapsed="0.000351"/>
</kw>
<kw name="Log" owner="BuiltIn">
<msg time="2024-04-16T15:14:08.759787" level="INFO">{'large': 'https://randomuser.me/api/portraits/women/27.jpg', 'medium': 'https://randomuser.me/api/portraits/med/women/27.jpg', 'thumbnail': 'https://randomuser.me/api/portraits/thumb/women/27.jpg'}</msg>
<arg>${json_data['results'][0]['picture']}</arg>
<doc>Logs the given message with the given level.</doc>
<status status="PASS" start="2024-04-16T15:14:08.759461" elapsed="0.000368"/>
</kw>
<status status="PASS" start="2024-04-16T15:14:08.665054" elapsed="0.095039"/>
</kw>
<kw name="Teste de Tipos de Dados - Postcode" owner="random-user-service">
<kw name="GET On Session" owner="RequestsLibrary">
<msg time="2024-04-16T15:14:08.856296" level="INFO">GET Request : url=https://randomuser.me/api 
 path_url=/api 
 headers={'User-Agent': 'python-requests/2.31.0', 'Accept-Encoding': 'gzip, deflate', 'Accept': '*/*', 'Connection': 'keep-alive'} 
 body=None 
 </msg>
<msg time="2024-04-16T15:14:08.856387" level="INFO">GET Response : url=https://randomuser.me/api 
 status=200, reason=OK 
 headers={'Date': 'Tue, 16 Apr 2024 15:14:08 GMT', 'Content-Type': 'application/json; charset=utf-8', 'Transfer-Encoding': 'chunked', 'Connection': 'keep-alive', 'X-Powered-By': 'Express', 'Access-Control-Allow-Origin': '*', 'Cache-Control': 'no-cache', 'ETag': 'W/"485-wh1D6QhYbJF6lUV6iWHirw8wrdk"', 'Vary': 'Accept-Encoding', 'Content-Encoding': 'gzip', 'CF-Cache-Status': 'DYNAMIC', 'Report-To': '{"endpoints":[{"url":"https:\\/\\/a.nel.cloudflare.com\\/report\\/v4?s=oHl5j02hhhgvLABzTKE7Ld%2FhzaCwCNvLgN%2B2DE5ewtRSj7HKq1cW%2BPj2%2FU1AZOQ6UnMVh3UmFPYA3H%2FTBouE9c%2F3QZaMVNc%2BuFZ2OILC9dlMRKQluB%2BOd6YV033JCkUi"}],"group":"cf-nel","max_age":604800}', 'NEL': '{"success_fraction":0,"report_to":"cf-nel","max_age":604800}', 'Server': 'cloudflare', 'CF-RAY': '87551f94cde86293-ORD', 'alt-svc': 'h3=":443"; ma=86400'} 
 body={"results":[{"gender":"male","name":{"title":"Mr","first":"Lawrence","last":"Walters"},"location":{"street":{"number":6676,"name":"E Center St"},"city":"Adelaide","state":"New South Wales","country":"Australia","postcode":1671,"coordinates":{"latitude":"-86.0170","longitude":"-58.3624"},"timezone":{"offset":"+9:30","description":"Adelaide, Darwin"}},"email":"lawrence.walters@example.com","login":{"uuid":"9eea3023-4d54-459e-8d79-fec56fce1aac","username":"heavymouse949","password":"superfly","salt":"s1xpuM4V","md5":"b23bb7bcd4692986e6b7386f57e0be91","sha1":"3e9f19aac8bb75546df1d5ecfd2a6fc4b878b92f","sha256":"3cb7baf8a7bb177a4bb01ccd5c634c207101fcd05ec1175c962d815bb1eff94e"},"dob":{"date":"1996-11-13T01:48:03.241Z","age":27},"registered":{"date":"2018-07-07T17:27:25.261Z","age":5},"phone":"03-9780-6675","cell":"0442-633-926","id":{"name":"TFN","value":"173921443"},"picture":{"large":"https://randomuser.me/api/portraits/men/31.jpg","medium":"https://randomuser.me/api/portraits/med/men/31.jpg","thumbnail":"https://randomuser.me/api/portraits/thumb/men/31.jpg"},"nat":"AU"}],"info":{"seed":"5f219b83e93628c0","results":1,"page":1,"version":"1.4"}} 
 </msg>
<msg time="2024-04-16T15:14:08.856515" level="INFO">/opt/hostedtoolcache/Python/3.12.2/x64/lib/python3.12/site-packages/urllib3/connectionpool.py:1103: InsecureRequestWarning: Unverified HTTPS request is being made to host 'randomuser.me'. Adding certificate verification is strongly advised. See: https://urllib3.readthedocs.io/en/latest/advanced-usage.html#tls-warnings
  warnings.warn(</msg>
<msg time="2024-04-16T15:14:08.856655" level="INFO">${response} = &lt;Response [200]&gt;</msg>
<var>${response}</var>
<arg>consultarAPI</arg>
<arg>/api</arg>
<doc>Sends a GET request on a previously created HTTP Session.</doc>
<status status="PASS" start="2024-04-16T15:14:08.760584" elapsed="0.096113"/>
</kw>
<kw name="Set Variable" owner="BuiltIn">
<msg time="2024-04-16T15:14:08.857608" level="INFO">${json_data} = {'results': [{'gender': 'male', 'name': {'title': 'Mr', 'first': 'Lawrence', 'last': 'Walters'}, 'location': {'street': {'number': 6676, 'name': 'E Center St'}, 'city': 'Adelaide', 'state': 'New South...</msg>
<var>${json_data}</var>
<arg>${response.json()}</arg>
<doc>Returns the given values which can then be assigned to a variables.</doc>
<status status="PASS" start="2024-04-16T15:14:08.857127" elapsed="0.000510"/>
</kw>
<kw name="Log" owner="BuiltIn">
<msg time="2024-04-16T15:14:08.858124" level="INFO">{'results': [{'gender': 'male', 'name': {'title': 'Mr', 'first': 'Lawrence', 'last': 'Walters'}, 'location': {'street': {'number': 6676, 'name': 'E Center St'}, 'city': 'Adelaide', 'state': 'New South Wales', 'country': 'Australia', 'postcode': 1671, 'coordinates': {'latitude': '-86.0170', 'longitude': '-58.3624'}, 'timezone': {'offset': '+9:30', 'description': 'Adelaide, Darwin'}}, 'email': 'lawrence.walters@example.com', 'login': {'uuid': '9eea3023-4d54-459e-8d79-fec56fce1aac', 'username': 'heavymouse949', 'password': 'superfly', 'salt': 's1xpuM4V', 'md5': 'b23bb7bcd4692986e6b7386f57e0be91', 'sha1': '3e9f19aac8bb75546df1d5ecfd2a6fc4b878b92f', 'sha256': '3cb7baf8a7bb177a4bb01ccd5c634c207101fcd05ec1175c962d815bb1eff94e'}, 'dob': {'date': '1996-11-13T01:48:03.241Z', 'age': 27}, 'registered': {'date': '2018-07-07T17:27:25.261Z', 'age': 5}, 'phone': '03-9780-6675', 'cell': '0442-633-926', 'id': {'name': 'TFN', 'value': '173921443'}, 'picture': {'large': 'https://randomuser.me/api/portraits/men/31.jpg', 'medium': 'https://randomuser.me/api/portraits/med/men/31.jpg', 'thumbnail': 'https://randomuser.me/api/portraits/thumb/men/31.jpg'}, 'nat': 'AU'}], 'info': {'seed': '5f219b83e93628c0', 'results': 1, 'page': 1, 'version': '1.4'}}</msg>
<arg>${json_data}</arg>
<doc>Logs the given message with the given level.</doc>
<status status="PASS" start="2024-04-16T15:14:08.857959" elapsed="0.000246"/>
</kw>
<kw name="Should Be Equal As Numbers" owner="BuiltIn">
<arg>${json_data['results'][0]['location']['postcode']}</arg>
<arg>${json_data['results'][0]['location']['postcode']}</arg>
<doc>Fails if objects are unequal after converting them to real numbers.</doc>
<status status="PASS" start="2024-04-16T15:14:08.858513" elapsed="0.000641"/>
</kw>
<kw name="Log" owner="BuiltIn">
<msg time="2024-04-16T15:14:08.859705" level="INFO">1671</msg>
<arg>${json_data['results'][0]['location']['postcode']}</arg>
<doc>Logs the given message with the given level.</doc>
<status status="PASS" start="2024-04-16T15:14:08.859351" elapsed="0.000395"/>
</kw>
<status status="PASS" start="2024-04-16T15:14:08.760326" elapsed="0.099683"/>
</kw>
<doc>Testa se os tipos de dados na resposta da API estão corretos.</doc>
<tag>testeTiposDados</tag>
<status status="PASS" start="2024-04-16T15:14:08.664606" elapsed="0.195577"/>
</test>
<test id="s1-s1-t5" name="Validar conteudo" line="35">
<kw name="Teste de Tipos de Conteudo" owner="random-user-service">
<kw name="GET On Session" owner="RequestsLibrary">
<msg time="2024-04-16T15:14:08.961947" level="INFO">GET Request : url=https://randomuser.me/api 
 path_url=/api 
 headers={'User-Agent': 'python-requests/2.31.0', 'Accept-Encoding': 'gzip, deflate', 'Accept': '*/*', 'Connection': 'keep-alive'} 
 body=None 
 </msg>
<msg time="2024-04-16T15:14:08.962021" level="INFO">GET Response : url=https://randomuser.me/api 
 status=200, reason=OK 
 headers={'Date': 'Tue, 16 Apr 2024 15:14:08 GMT', 'Content-Type': 'application/json; charset=utf-8', 'Transfer-Encoding': 'chunked', 'Connection': 'keep-alive', 'X-Powered-By': 'Express', 'Access-Control-Allow-Origin': '*', 'Cache-Control': 'no-cache', 'ETag': 'W/"47c-h8AFmTHl1xDq9ZLn/PzHdpz40Zc"', 'Vary': 'Accept-Encoding', 'Content-Encoding': 'gzip', 'CF-Cache-Status': 'DYNAMIC', 'Report-To': '{"endpoints":[{"url":"https:\\/\\/a.nel.cloudflare.com\\/report\\/v4?s=V8FZeKctwfIM%2B548Y8Zz5ITHXPzhA9SgWsqc6iY5fQb13IeW3nuwH%2FaQy56RcXJP%2FWUwENiHIRwPE2kGz%2BTC%2FQ0d00K7wERyf0yP8Hla%2BT5ueTDaiKmp%2Bxpuc%2BXtrigS"}],"group":"cf-nel","max_age":604800}', 'NEL': '{"success_fraction":0,"report_to":"cf-nel","max_age":604800}', 'Server': 'cloudflare', 'CF-RAY': '87551f956f076293-ORD', 'alt-svc': 'h3=":443"; ma=86400'} 
 body={"results":[{"gender":"male","name":{"title":"Mr","first":"Gerardo","last":"Bravo"},"location":{"street":{"number":3382,"name":"Retorno Malta"},"city":"San Antonio La Isla","state":"Morelos","country":"Mexico","postcode":54351,"coordinates":{"latitude":"29.8596","longitude":"-96.3054"},"timezone":{"offset":"-10:00","description":"Hawaii"}},"email":"gerardo.bravo@example.com","login":{"uuid":"5115ea87-584c-4813-b278-fb5076154540","username":"lazylion985","password":"becker","salt":"tGqWHhpl","md5":"43510809542989c8dfbe305b12d2fe0e","sha1":"29a8c7ee9a115c30d53e72d71a176e96d9a41b67","sha256":"042dca835f1b8ede32ff39041e2b491535ec07306ad39e4a1a50782d19f1e06d"},"dob":{"date":"1986-04-07T17:37:25.010Z","age":38},"registered":{"date":"2009-04-23T00:35:57.995Z","age":14},"phone":"(644) 033 3209","cell":"(674) 231 4839","id":{"name":"NSS","value":"33 74 22 7021 6"},"picture":{"large":"https://randomuser.me/api/portraits/men/3.jpg","medium":"https://randomuser.me/api/portraits/med/men/3.jpg","thumbnail":"https://randomuser.me/api/portraits/thumb/men/3.jpg"},"nat":"MX"}],"info":{"seed":"e616fd0d28e2dbcd","results":1,"page":1,"version":"1.4"}} 
 </msg>
<msg time="2024-04-16T15:14:08.962079" level="INFO">/opt/hostedtoolcache/Python/3.12.2/x64/lib/python3.12/site-packages/urllib3/connectionpool.py:1103: InsecureRequestWarning: Unverified HTTPS request is being made to host 'randomuser.me'. Adding certificate verification is strongly advised. See: https://urllib3.readthedocs.io/en/latest/advanced-usage.html#tls-warnings
  warnings.warn(</msg>
<msg time="2024-04-16T15:14:08.962172" level="INFO">${response} = &lt;Response [200]&gt;</msg>
<var>${response}</var>
<arg>consultarAPI</arg>
<arg>/api</arg>
<doc>Sends a GET request on a previously created HTTP Session.</doc>
<status status="PASS" start="2024-04-16T15:14:08.863098" elapsed="0.099098"/>
</kw>
<kw name="Set Variable" owner="BuiltIn">
<msg time="2024-04-16T15:14:08.963097" level="INFO">${json_data} = {'results': [{'gender': 'male', 'name': {'title': 'Mr', 'first': 'Gerardo', 'last': 'Bravo'}, 'location': {'street': {'number': 3382, 'name': 'Retorno Malta'}, 'city': 'San Antonio La Isla', 'state': ...</msg>
<var>${json_data}</var>
<arg>${response.json()}</arg>
<doc>Returns the given values which can then be assigned to a variables.</doc>
<status status="PASS" start="2024-04-16T15:14:08.962644" elapsed="0.000489"/>
</kw>
<kw name="Set Variable" owner="BuiltIn">
<msg time="2024-04-16T15:14:08.963824" level="INFO">${name_title} = Mr</msg>
<var>${name_title}</var>
<arg>${json_data["results"][0]["name"]["title"]}</arg>
<doc>Returns the given values which can then be assigned to a variables.</doc>
<status status="PASS" start="2024-04-16T15:14:08.963448" elapsed="0.000401"/>
</kw>
<kw name="Create List" owner="BuiltIn">
<msg time="2024-04-16T15:14:08.964290" level="INFO">${allowed_titles} = ['Mr', 'Ms', 'Miss', 'Mrs', 'Madame', 'Monsieur']</msg>
<var>${allowed_titles}</var>
<arg>Mr</arg>
<arg>Ms</arg>
<arg>Miss</arg>
<arg>Mrs</arg>
<arg>Madame</arg>
<arg>Monsieur</arg>
<doc>Returns a list containing given items.</doc>
<status status="PASS" start="2024-04-16T15:14:08.964144" elapsed="0.000170"/>
</kw>
<kw name="List Should Contain Value" owner="Collections">
<msg time="2024-04-16T15:14:08.964822" level="INFO">False</msg>
<arg>${allowed_titles}</arg>
<arg>${name_title}</arg>
<doc>Fails if the ``value`` is not found from ``list``.</doc>
<status status="PASS" start="2024-04-16T15:14:08.964646" elapsed="0.000212"/>
</kw>
<kw name="Set Variable" owner="BuiltIn">
<msg time="2024-04-16T15:14:08.965523" level="INFO">${name_country} = MX</msg>
<var>${name_country}</var>
<arg>${json_data["results"][0]["nat"]}</arg>
<doc>Returns the given values which can then be assigned to a variables.</doc>
<status status="PASS" start="2024-04-16T15:14:08.965144" elapsed="0.000404"/>
</kw>
<kw name="Create List" owner="BuiltIn">
<msg time="2024-04-16T15:14:08.966455" level="INFO">${list_country} = ['AD', 'AE', 'AF', 'AG', 'AI', 'AL', 'AM', 'AO', 'AQ', 'AR', 'AS', 'AT', 'AU', 'AW', 'AX', 'AZ', 'BA', 'BB', 'BD', 'BE', 'BF', 'BG', 'BH', 'BI', 'BJ', 'BL', 'BM', 'BN', 'BO', 'BQ', 'BR', 'BS', 'BT', '...</msg>
<var>${list_country}</var>
<arg>AD</arg>
<arg>AE</arg>
<arg>AF</arg>
<arg>AG</arg>
<arg>AI</arg>
<arg>AL</arg>
<arg>AM</arg>
<arg>AO</arg>
<arg>AQ</arg>
<arg>AR</arg>
<arg>AS</arg>
<arg>AT</arg>
<arg>AU</arg>
<arg>AW</arg>
<arg>AX</arg>
<arg>AZ</arg>
<arg>BA</arg>
<arg>BB</arg>
<arg>BD</arg>
<arg>BE</arg>
<arg>BF</arg>
<arg>BG</arg>
<arg>BH</arg>
<arg>BI</arg>
<arg>BJ</arg>
<arg>BL</arg>
<arg>BM</arg>
<arg>BN</arg>
<arg>BO</arg>
<arg>BQ</arg>
<arg>BR</arg>
<arg>BS</arg>
<arg>BT</arg>
<arg>BV</arg>
<arg>BW</arg>
<arg>BY</arg>
<arg>BZ</arg>
<arg>CA</arg>
<arg>CC</arg>
<arg>CD</arg>
<arg>CF</arg>
<arg>CG</arg>
<arg>CH</arg>
<arg>CI</arg>
<arg>CK</arg>
<arg>CL</arg>
<arg>CM</arg>
<arg>CN</arg>
<arg>CO</arg>
<arg>CR</arg>
<arg>CU</arg>
<arg>CV</arg>
<arg>CW</arg>
<arg>CX</arg>
<arg>CY</arg>
<arg>CZ</arg>
<arg>DE</arg>
<arg>DJ</arg>
<arg>DK</arg>
<arg>DM</arg>
<arg>DO</arg>
<arg>DZ</arg>
<arg>EC</arg>
<arg>EE</arg>
<arg>EG</arg>
<arg>EH</arg>
<arg>ER</arg>
<arg>ES</arg>
<arg>ET</arg>
<arg>FI</arg>
<arg>FJ</arg>
<arg>FK</arg>
<arg>FM</arg>
<arg>FO</arg>
<arg>FR</arg>
<arg>GA</arg>
<arg>GB</arg>
<arg>GD</arg>
<arg>GE</arg>
<arg>GF</arg>
<arg>GG</arg>
<arg>GH</arg>
<arg>GI</arg>
<arg>GL</arg>
<arg>GM</arg>
<arg>GN</arg>
<arg>GP</arg>
<arg>GQ</arg>
<arg>GR</arg>
<arg>GS</arg>
<arg>GT</arg>
<arg>GU</arg>
<arg>GW</arg>
<arg>GY</arg>
<arg>HK</arg>
<arg>HM</arg>
<arg>HN</arg>
<arg>HR</arg>
<arg>HT</arg>
<arg>HU</arg>
<arg>ID</arg>
<arg>IE</arg>
<arg>IL</arg>
<arg>IM</arg>
<arg>IN</arg>
<arg>IO</arg>
<arg>IQ</arg>
<arg>IR</arg>
<arg>IS</arg>
<arg>IT</arg>
<arg>JE</arg>
<arg>JM</arg>
<arg>JO</arg>
<arg>JP</arg>
<arg>KE</arg>
<arg>KG</arg>
<arg>KH</arg>
<arg>KI</arg>
<arg>KM</arg>
<arg>KN</arg>
<arg>KP</arg>
<arg>KR</arg>
<arg>KW</arg>
<arg>KY</arg>
<arg>KZ</arg>
<arg>LA</arg>
<arg>LB</arg>
<arg>LC</arg>
<arg>LI</arg>
<arg>LK</arg>
<arg>LR</arg>
<arg>LS</arg>
<arg>LT</arg>
<arg>LU</arg>
<arg>LV</arg>
<arg>LY</arg>
<arg>MA</arg>
<arg>MC</arg>
<arg>MD</arg>
<arg>ME</arg>
<arg>MF</arg>
<arg>MG</arg>
<arg>MH</arg>
<arg>MK</arg>
<arg>ML</arg>
<arg>MM</arg>
<arg>MN</arg>
<arg>MO</arg>
<arg>MP</arg>
<arg>MQ</arg>
<arg>MR</arg>
<arg>MS</arg>
<arg>MT</arg>
<arg>MU</arg>
<arg>MV</arg>
<arg>MW</arg>
<arg>MX</arg>
<arg>MY</arg>
<arg>MZ</arg>
<arg>NA</arg>
<arg>NC</arg>
<arg>NE</arg>
<arg>NF</arg>
<arg>NG</arg>
<arg>NI</arg>
<arg>NL</arg>
<arg>NO</arg>
<arg>NP</arg>
<arg>NR</arg>
<arg>NU</arg>
<arg>NZ</arg>
<arg>OM</arg>
<arg>PA</arg>
<arg>PE</arg>
<arg>PF</arg>
<arg>PG</arg>
<arg>PH</arg>
<arg>PK</arg>
<arg>PL</arg>
<arg>PM</arg>
<arg>PN</arg>
<arg>PR</arg>
<arg>PS</arg>
<arg>PT</arg>
<arg>PW</arg>
<arg>PY</arg>
<arg>QA</arg>
<arg>RE</arg>
<arg>RO</arg>
<arg>RS</arg>
<arg>RU</arg>
<arg>RW</arg>
<arg>SA</arg>
<arg>SB</arg>
<arg>SC</arg>
<arg>SD</arg>
<arg>SE</arg>
<arg>SG</arg>
<arg>SH</arg>
<arg>SI</arg>
<arg>SJ</arg>
<arg>SK</arg>
<arg>SL</arg>
<arg>SM</arg>
<arg>SN</arg>
<arg>SO</arg>
<arg>SR</arg>
<arg>SS</arg>
<arg>ST</arg>
<arg>SV</arg>
<arg>SX</arg>
<arg>SY</arg>
<arg>SZ</arg>
<arg>TC</arg>
<arg>TD</arg>
<arg>TF</arg>
<arg>TG</arg>
<arg>TH</arg>
<arg>TJ</arg>
<arg>TK</arg>
<arg>TL</arg>
<arg>TM</arg>
<arg>TN</arg>
<arg>TO</arg>
<arg>TR</arg>
<arg>TT</arg>
<arg>TV</arg>
<arg>TW</arg>
<arg>TZ</arg>
<arg>UA</arg>
<arg>UG</arg>
<arg>UM</arg>
<arg>US</arg>
<arg>UY</arg>
<arg>UZ</arg>
<arg>VA</arg>
<arg>VC</arg>
<arg>VE</arg>
<arg>VG</arg>
<arg>VI</arg>
<arg>VN</arg>
<arg>VU</arg>
<arg>WF</arg>
<arg>WS</arg>
<arg>XK</arg>
<arg>YE</arg>
<arg>YT</arg>
<arg>ZA</arg>
<arg>ZM</arg>
<arg>ZW</arg>
<doc>Returns a list containing given items.</doc>
<status status="PASS" start="2024-04-16T15:14:08.965848" elapsed="0.000631"/>
</kw>
<kw name="List Should Contain Value" owner="Collections">
<msg time="2024-04-16T15:14:08.967458" level="INFO">False</msg>
<arg>${list_country}</arg>
<arg>${name_country}</arg>
<doc>Fails if the ``value`` is not found from ``list``.</doc>
<status status="PASS" start="2024-04-16T15:14:08.967255" elapsed="0.000239"/>
</kw>
<kw name="Run Keyword If" owner="BuiltIn">
<kw name="Should Be True" owner="BuiltIn">
<arg>${True}</arg>
<doc>Fails if the given condition is not true.</doc>
<status status="PASS" start="2024-04-16T15:14:08.968715" elapsed="0.000145"/>
</kw>
<arg>${json_data["results"][0]["location"]["coordinates"]["latitude"]} &gt;= -90 and ${json_data["results"][0]["location"]["coordinates"]["latitude"]} &lt;= 90</arg>
<arg>Should Be True</arg>
<arg>${True}</arg>
<doc>Runs the given keyword with the given arguments, if ``condition`` is true.</doc>
<status status="PASS" start="2024-04-16T15:14:08.967813" elapsed="0.001184"/>
</kw>
<kw name="Run Keyword If" owner="BuiltIn">
<kw name="Should Be True" owner="BuiltIn">
<arg>${True}</arg>
<doc>Fails if the given condition is not true.</doc>
<status status="PASS" start="2024-04-16T15:14:08.969868" elapsed="0.000136"/>
</kw>
<arg>${json_data["results"][0]["location"]["coordinates"]["longitude"]} &gt;= -180 and ${json_data["results"][0]["location"]["coordinates"]["longitude"]} &lt;= 180</arg>
<arg>Should Be True</arg>
<arg>${True}</arg>
<doc>Runs the given keyword with the given arguments, if ``condition`` is true.</doc>
<status status="PASS" start="2024-04-16T15:14:08.969182" elapsed="0.000945"/>
</kw>
<status status="PASS" start="2024-04-16T15:14:08.862718" elapsed="0.107538"/>
</kw>
<doc>Testa o conteúdo específico dos campos retornados pela API.</doc>
<tag>testeConteudo</tag>
<status status="PASS" start="2024-04-16T15:14:08.862005" elapsed="0.108400"/>
</test>
<status status="PASS" start="2024-04-16T15:14:08.044807" elapsed="0.927488"/>
</suite>
<status status="PASS" start="2024-04-16T15:14:08.031207" elapsed="0.946434"/>
</suite>
<statistics>
<total>
<stat pass="5" fail="0" skip="0">All Tests</stat>
</total>
<tag>
<stat pass="1" fail="0" skip="0">testeConteudo</stat>
<stat pass="1" fail="0" skip="0">testeEstruturaResposta</stat>
<stat pass="1" fail="0" skip="0">testeRequisicaoBasica</stat>
<stat pass="1" fail="0" skip="0">testeTiposDados</stat>
</tag>
<suite>
<stat pass="5" fail="0" skip="0" id="s1" name="Tests">Tests</stat>
<stat pass="5" fail="0" skip="0" id="s1-s1" name="Random-User-Test">Tests.Random-User-Test</stat>
</suite>
</statistics>
<errors>
</errors>
</robot>
