<?xml version="1.0" encoding="UTF-8"?>
<robot generator="Robot 7.0 (Python 3.12.2 on linux)" generated="2024-04-07T23:14:22.097142" rpa="false" schemaversion="5">
<suite id="s1" name="Tests" source="/home/runner/work/DesafioQAItauRogerioJordao/DesafioQAItauRogerioJordao/RamdonUser/tests">
<suite id="s1-s1" name="Random-User-Test" source="/home/runner/work/DesafioQAItauRogerioJordao/DesafioQAItauRogerioJordao/RamdonUser/tests/random-user-test.robot">
<test id="s1-s1-t1" name="Conectar" line="13">
<kw name="Conectar API" owner="random-user-service">
<kw name="Create Session" owner="RequestsLibrary">
<msg time="2024-04-07T23:14:22.489415" level="INFO">Creating Session using : alias=consultarAPI, url=https://randomuser.me/, headers={},                     cookies={}, auth=None, timeout=None, proxies=None, verify=False,                     debug=0 </msg>
<arg>consultarAPI</arg>
<arg>${URL}</arg>
<doc>Create Session: create a HTTP session to a server</doc>
<status status="PASS" start="2024-04-07T23:14:22.489206" elapsed="0.000398"/>
</kw>
<status status="PASS" start="2024-04-07T23:14:22.488105" elapsed="0.001870"/>
</kw>
<status status="PASS" start="2024-04-07T23:14:22.487487" elapsed="0.002693"/>
</test>
<test id="s1-s1-t2" name="Validar retorno 200 e JSON Válido" line="16">
<kw name="Teste de Requisicao Basica" owner="random-user-service">
<kw name="GET On Session" owner="RequestsLibrary">
<msg time="2024-04-07T23:14:22.562872" level="INFO">GET Request : url=https://randomuser.me/api 
 path_url=/api 
 headers={'User-Agent': 'python-requests/2.31.0', 'Accept-Encoding': 'gzip, deflate', 'Accept': '*/*', 'Connection': 'keep-alive'} 
 body=None 
 </msg>
<msg time="2024-04-07T23:14:22.563005" level="INFO">GET Response : url=https://randomuser.me/api 
 status=200, reason=OK 
 headers={'Date': 'Sun, 07 Apr 2024 23:14:22 GMT', 'Content-Type': 'application/json; charset=utf-8', 'Transfer-Encoding': 'chunked', 'Connection': 'keep-alive', 'X-Powered-By': 'Express', 'Access-Control-Allow-Origin': '*', 'Cache-Control': 'no-cache', 'ETag': 'W/"488-oRvXg1pLta/c5VgbhN+Fv1pGx7k"', 'Vary': 'Accept-Encoding', 'Content-Encoding': 'gzip', 'CF-Cache-Status': 'DYNAMIC', 'Report-To': '{"endpoints":[{"url":"https:\\/\\/a.nel.cloudflare.com\\/report\\/v4?s=icxdHJuMqyUJYMvMC90QPqXsDh1kJvnRIlwhGl35wai8oUcXpvYfKG1X2Y1qCQf7MwOxEXBIo4hvxqTIw2ZIxwbQcwq%2BFzwwjKZO5F4HpIqChZv80igYZOmAogTaF8bN"}],"group":"cf-nel","max_age":604800}', 'NEL': '{"success_fraction":0,"report_to":"cf-nel","max_age":604800}', 'Server': 'cloudflare', 'CF-RAY': '870db6aac91b5a40-IAD', 'alt-svc': 'h3=":443"; ma=86400'} 
 body={"results":[{"gender":"female","name":{"title":"Miss","first":"Magadara","last":"Starcev"},"location":{"street":{"number":9577,"name":"16 Lipnya"},"city":"Tatarbunari","state":"Odeska","country":"Ukraine","postcode":35944,"coordinates":{"latitude":"77.6997","longitude":"97.1493"},"timezone":{"offset":"-8:00","description":"Pacific Time (US &amp; Canada)"}},"email":"magadara.starcev@example.com","login":{"uuid":"7c32f0d9-4225-4e4c-a200-4216d671db4c","username":"beautifulfish231","password":"1982","salt":"ijv6pU4k","md5":"45f72fa6cb8c26e385f3b4898176c70d","sha1":"3452fd76f009ccbfe276036cf7b045e3ae407714","sha256":"2f18fea0115add9ee6b7b4ef4b5d8f4cd49f8c19d72984ccece1329624fc33a6"},"dob":{"date":"1948-10-31T12:15:30.117Z","age":75},"registered":{"date":"2010-11-12T10:45:51.290Z","age":13},"phone":"(096) L08-7270","cell":"(066) U84-7161","id":{"name":"","value":null},"picture":{"large":"https://randomuser.me/api/portraits/women/82.jpg","medium":"https://randomuser.me/api/portraits/med/women/82.jpg","thumbnail":"https://randomuser.me/api/portraits/thumb/women/82.jpg"},"nat":"UA"}],"info":{"seed":"986269bcc1855282","results":1,"page":1,"version":"1.4"}} 
 </msg>
<msg time="2024-04-07T23:14:22.563082" level="INFO">/opt/hostedtoolcache/Python/3.12.2/x64/lib/python3.12/site-packages/urllib3/connectionpool.py:1103: InsecureRequestWarning: Unverified HTTPS request is being made to host 'randomuser.me'. Adding certificate verification is strongly advised. See: https://urllib3.readthedocs.io/en/latest/advanced-usage.html#tls-warnings
  warnings.warn(</msg>
<msg time="2024-04-07T23:14:22.563230" level="INFO">${response} = &lt;Response [200]&gt;</msg>
<var>${response}</var>
<arg>consultarAPI</arg>
<arg>/api</arg>
<doc>Sends a GET request on a previously created HTTP Session.</doc>
<status status="PASS" start="2024-04-07T23:14:22.492838" elapsed="0.070427"/>
</kw>
<kw name="Should Be Equal As Numbers" owner="BuiltIn">
<msg time="2024-04-07T23:14:22.564215" level="INFO">Argument types are:
&lt;class 'int'&gt;
&lt;class 'str'&gt;</msg>
<arg>${response.status_code}</arg>
<arg>200</arg>
<doc>Fails if objects are unequal after converting them to real numbers.</doc>
<status status="PASS" start="2024-04-07T23:14:22.563736" elapsed="0.000543"/>
</kw>
<kw name="Log" owner="BuiltIn">
<msg time="2024-04-07T23:14:22.564963" level="INFO">200</msg>
<arg>${response.status_code}</arg>
<doc>Logs the given message with the given level.</doc>
<status status="PASS" start="2024-04-07T23:14:22.564608" elapsed="0.000398"/>
</kw>
<kw name="Set Variable" owner="BuiltIn">
<msg time="2024-04-07T23:14:22.565766" level="INFO">${json_data} = {'results': [{'gender': 'female', 'name': {'title': 'Miss', 'first': 'Magadara', 'last': 'Starcev'}, 'location': {'street': {'number': 9577, 'name': '16 Lipnya'}, 'city': 'Tatarbunari', 'state': 'Odes...</msg>
<var>${json_data}</var>
<arg>${response.json()}</arg>
<doc>Returns the given values which can then be assigned to a variables.</doc>
<status status="PASS" start="2024-04-07T23:14:22.565328" elapsed="0.000466"/>
</kw>
<kw name="Dictionary Should Contain Key" owner="Collections">
<msg time="2024-04-07T23:14:22.566289" level="INFO">False</msg>
<arg>${json_data}</arg>
<arg>results</arg>
<doc>Fails if ``key`` is not found from ``dictionary``.</doc>
<status status="PASS" start="2024-04-07T23:14:22.566118" elapsed="0.000210"/>
</kw>
<status status="PASS" start="2024-04-07T23:14:22.492590" elapsed="0.073998"/>
</kw>
<doc>Testa se a API responde corretamente e retorna um objeto JSON válido.</doc>
<tag>testeRequisicaoBasica</tag>
<status status="PASS" start="2024-04-07T23:14:22.492061" elapsed="0.074713"/>
</test>
<test id="s1-s1-t3" name="Validar estrutura de resposta" line="22">
<kw name="Teste de Estrutura de Resposta" owner="random-user-service">
<kw name="GET On Session" owner="RequestsLibrary">
<msg time="2024-04-07T23:14:22.660136" level="INFO">GET Request : url=https://randomuser.me/api 
 path_url=/api 
 headers={'User-Agent': 'python-requests/2.31.0', 'Accept-Encoding': 'gzip, deflate', 'Accept': '*/*', 'Connection': 'keep-alive'} 
 body=None 
 </msg>
<msg time="2024-04-07T23:14:22.660235" level="INFO">GET Response : url=https://randomuser.me/api 
 status=200, reason=OK 
 headers={'Date': 'Sun, 07 Apr 2024 23:14:22 GMT', 'Content-Type': 'application/json; charset=utf-8', 'Transfer-Encoding': 'chunked', 'Connection': 'keep-alive', 'X-Powered-By': 'Express', 'Access-Control-Allow-Origin': '*', 'Cache-Control': 'no-cache', 'ETag': 'W/"485-gBXVLBlyGiE1R+ciVj2q5qCZdzg"', 'Vary': 'Accept-Encoding', 'Content-Encoding': 'gzip', 'CF-Cache-Status': 'DYNAMIC', 'Report-To': '{"endpoints":[{"url":"https:\\/\\/a.nel.cloudflare.com\\/report\\/v4?s=VKkFOaW%2FS5V8ybcypCZVfsDxz81rpV6RjnpdpyEE9bpBDPClpeCUW5lwyr4UTA2Zegxr8fqxxQjiyq%2BJ8FI%2BE6cbKcXMuXZQscbiFYIl5RkE4Bh6yYTFm9usSJzddQdd"}],"group":"cf-nel","max_age":604800}', 'NEL': '{"success_fraction":0,"report_to":"cf-nel","max_age":604800}', 'Server': 'cloudflare', 'CF-RAY': '870db6ab19455a40-IAD', 'alt-svc': 'h3=":443"; ma=86400'} 
 body={"results":[{"gender":"male","name":{"title":"Mr","first":"Pranay","last":"Kaur"},"location":{"street":{"number":6130,"name":"Janpath"},"city":"Hospet","state":"Rajasthan","country":"India","postcode":11912,"coordinates":{"latitude":"11.1240","longitude":"-123.5467"},"timezone":{"offset":"+5:00","description":"Ekaterinburg, Islamabad, Karachi, Tashkent"}},"email":"pranay.kaur@example.com","login":{"uuid":"b6b956d0-5ad7-409f-8cc0-5738b92971f2","username":"smallbird405","password":"sigmar","salt":"uN2EcL7q","md5":"67462747f20a6f6c809af07712828250","sha1":"e9635b434808ea34b31e2b65d502494d5087bef4","sha256":"81f635ade2b03d96c3de4b006ce85f78f2950a9eca1c2478f14e32667cb1476b"},"dob":{"date":"1970-01-31T01:50:55.890Z","age":54},"registered":{"date":"2007-01-17T10:47:05.740Z","age":17},"phone":"9515419187","cell":"8262264305","id":{"name":"UIDAI","value":"658509533846"},"picture":{"large":"https://randomuser.me/api/portraits/men/53.jpg","medium":"https://randomuser.me/api/portraits/med/men/53.jpg","thumbnail":"https://randomuser.me/api/portraits/thumb/men/53.jpg"},"nat":"IN"}],"info":{"seed":"54f2eb206e736702","results":1,"page":1,"version":"1.4"}} 
 </msg>
<msg time="2024-04-07T23:14:22.660380" level="INFO">/opt/hostedtoolcache/Python/3.12.2/x64/lib/python3.12/site-packages/urllib3/connectionpool.py:1103: InsecureRequestWarning: Unverified HTTPS request is being made to host 'randomuser.me'. Adding certificate verification is strongly advised. See: https://urllib3.readthedocs.io/en/latest/advanced-usage.html#tls-warnings
  warnings.warn(</msg>
<msg time="2024-04-07T23:14:22.660526" level="INFO">${response} = &lt;Response [200]&gt;</msg>
<var>${response}</var>
<arg>consultarAPI</arg>
<arg>/api</arg>
<doc>Sends a GET request on a previously created HTTP Session.</doc>
<status status="PASS" start="2024-04-07T23:14:22.569718" elapsed="0.090852"/>
</kw>
<kw name="Set Variable" owner="BuiltIn">
<msg time="2024-04-07T23:14:22.661609" level="INFO">${json_data} = {'results': [{'gender': 'male', 'name': {'title': 'Mr', 'first': 'Pranay', 'last': 'Kaur'}, 'location': {'street': {'number': 6130, 'name': 'Janpath'}, 'city': 'Hospet', 'state': 'Rajasthan', 'country...</msg>
<var>${json_data}</var>
<arg>${response.json()}</arg>
<doc>Returns the given values which can then be assigned to a variables.</doc>
<status status="PASS" start="2024-04-07T23:14:22.661094" elapsed="0.000544"/>
</kw>
<kw name="Log" owner="BuiltIn">
<msg time="2024-04-07T23:14:22.662112" level="INFO">{'results': [{'gender': 'male', 'name': {'title': 'Mr', 'first': 'Pranay', 'last': 'Kaur'}, 'location': {'street': {'number': 6130, 'name': 'Janpath'}, 'city': 'Hospet', 'state': 'Rajasthan', 'country': 'India', 'postcode': 11912, 'coordinates': {'latitude': '11.1240', 'longitude': '-123.5467'}, 'timezone': {'offset': '+5:00', 'description': 'Ekaterinburg, Islamabad, Karachi, Tashkent'}}, 'email': 'pranay.kaur@example.com', 'login': {'uuid': 'b6b956d0-5ad7-409f-8cc0-5738b92971f2', 'username': 'smallbird405', 'password': 'sigmar', 'salt': 'uN2EcL7q', 'md5': '67462747f20a6f6c809af07712828250', 'sha1': 'e9635b434808ea34b31e2b65d502494d5087bef4', 'sha256': '81f635ade2b03d96c3de4b006ce85f78f2950a9eca1c2478f14e32667cb1476b'}, 'dob': {'date': '1970-01-31T01:50:55.890Z', 'age': 54}, 'registered': {'date': '2007-01-17T10:47:05.740Z', 'age': 17}, 'phone': '9515419187', 'cell': '8262264305', 'id': {'name': 'UIDAI', 'value': '658509533846'}, 'picture': {'large': 'https://randomuser.me/api/portraits/men/53.jpg', 'medium': 'https://randomuser.me/api/portraits/med/men/53.jpg', 'thumbnail': 'https://randomuser.me/api/portraits/thumb/men/53.jpg'}, 'nat': 'IN'}], 'info': {'seed': '54f2eb206e736702', 'results': 1, 'page': 1, 'version': '1.4'}}</msg>
<arg>${json_data}</arg>
<doc>Logs the given message with the given level.</doc>
<status status="PASS" start="2024-04-07T23:14:22.661950" elapsed="0.000210"/>
</kw>
<kw name="Dictionary Should Contain Key" owner="Collections">
<msg time="2024-04-07T23:14:22.662618" level="INFO">False</msg>
<arg>${json_data}</arg>
<arg>results</arg>
<doc>Fails if ``key`` is not found from ``dictionary``.</doc>
<status status="PASS" start="2024-04-07T23:14:22.662459" elapsed="0.000197"/>
</kw>
<kw name="Should Not Be Empty" owner="BuiltIn">
<msg time="2024-04-07T23:14:22.663089" level="INFO">Length is 2.</msg>
<arg>${json_data}</arg>
<doc>Verifies that the given item is not empty.</doc>
<status status="PASS" start="2024-04-07T23:14:22.662955" elapsed="0.000179"/>
</kw>
<kw name="Create List" owner="BuiltIn">
<msg time="2024-04-07T23:14:22.663580" level="INFO">${expected_keys} = ['gender', 'name', 'location', 'email', 'login']</msg>
<var>${expected_keys}</var>
<arg>gender</arg>
<arg>name</arg>
<arg>location</arg>
<arg>email</arg>
<arg>login</arg>
<doc>Returns a list containing given items.</doc>
<status status="PASS" start="2024-04-07T23:14:22.663430" elapsed="0.000174"/>
</kw>
<for flavor="IN">
<iter>
<kw name="Dictionary Should Contain Key" owner="Collections">
<msg time="2024-04-07T23:14:22.664645" level="INFO">False</msg>
<arg>${json_data['results'][0]}</arg>
<arg>${key}</arg>
<doc>Fails if ``key`` is not found from ``dictionary``.</doc>
<status status="PASS" start="2024-04-07T23:14:22.664242" elapsed="0.000442"/>
</kw>
<kw name="Log" owner="BuiltIn">
<msg time="2024-04-07T23:14:22.665370" level="INFO">{'gender': 'male', 'name': {'title': 'Mr', 'first': 'Pranay', 'last': 'Kaur'}, 'location': {'street': {'number': 6130, 'name': 'Janpath'}, 'city': 'Hospet', 'state': 'Rajasthan', 'country': 'India', 'postcode': 11912, 'coordinates': {'latitude': '11.1240', 'longitude': '-123.5467'}, 'timezone': {'offset': '+5:00', 'description': 'Ekaterinburg, Islamabad, Karachi, Tashkent'}}, 'email': 'pranay.kaur@example.com', 'login': {'uuid': 'b6b956d0-5ad7-409f-8cc0-5738b92971f2', 'username': 'smallbird405', 'password': 'sigmar', 'salt': 'uN2EcL7q', 'md5': '67462747f20a6f6c809af07712828250', 'sha1': 'e9635b434808ea34b31e2b65d502494d5087bef4', 'sha256': '81f635ade2b03d96c3de4b006ce85f78f2950a9eca1c2478f14e32667cb1476b'}, 'dob': {'date': '1970-01-31T01:50:55.890Z', 'age': 54}, 'registered': {'date': '2007-01-17T10:47:05.740Z', 'age': 17}, 'phone': '9515419187', 'cell': '8262264305', 'id': {'name': 'UIDAI', 'value': '658509533846'}, 'picture': {'large': 'https://randomuser.me/api/portraits/men/53.jpg', 'medium': 'https://randomuser.me/api/portraits/med/men/53.jpg', 'thumbnail': 'https://randomuser.me/api/portraits/thumb/men/53.jpg'}, 'nat': 'IN'}</msg>
<arg>${json_data['results'][0]}</arg>
<doc>Logs the given message with the given level.</doc>
<status status="PASS" start="2024-04-07T23:14:22.664999" elapsed="0.000424"/>
</kw>
<kw name="Log" owner="BuiltIn">
<msg time="2024-04-07T23:14:22.665859" level="INFO">gender</msg>
<arg>${key}</arg>
<doc>Logs the given message with the given level.</doc>
<status status="PASS" start="2024-04-07T23:14:22.665729" elapsed="0.000168"/>
</kw>
<var name="${key}">gender</var>
<status status="PASS" start="2024-04-07T23:14:22.664109" elapsed="0.002010"/>
</iter>
<iter>
<kw name="Dictionary Should Contain Key" owner="Collections">
<msg time="2024-04-07T23:14:22.666812" level="INFO">False</msg>
<arg>${json_data['results'][0]}</arg>
<arg>${key}</arg>
<doc>Fails if ``key`` is not found from ``dictionary``.</doc>
<status status="PASS" start="2024-04-07T23:14:22.666426" elapsed="0.000431"/>
</kw>
<kw name="Log" owner="BuiltIn">
<msg time="2024-04-07T23:14:22.667547" level="INFO">{'gender': 'male', 'name': {'title': 'Mr', 'first': 'Pranay', 'last': 'Kaur'}, 'location': {'street': {'number': 6130, 'name': 'Janpath'}, 'city': 'Hospet', 'state': 'Rajasthan', 'country': 'India', 'postcode': 11912, 'coordinates': {'latitude': '11.1240', 'longitude': '-123.5467'}, 'timezone': {'offset': '+5:00', 'description': 'Ekaterinburg, Islamabad, Karachi, Tashkent'}}, 'email': 'pranay.kaur@example.com', 'login': {'uuid': 'b6b956d0-5ad7-409f-8cc0-5738b92971f2', 'username': 'smallbird405', 'password': 'sigmar', 'salt': 'uN2EcL7q', 'md5': '67462747f20a6f6c809af07712828250', 'sha1': 'e9635b434808ea34b31e2b65d502494d5087bef4', 'sha256': '81f635ade2b03d96c3de4b006ce85f78f2950a9eca1c2478f14e32667cb1476b'}, 'dob': {'date': '1970-01-31T01:50:55.890Z', 'age': 54}, 'registered': {'date': '2007-01-17T10:47:05.740Z', 'age': 17}, 'phone': '9515419187', 'cell': '8262264305', 'id': {'name': 'UIDAI', 'value': '658509533846'}, 'picture': {'large': 'https://randomuser.me/api/portraits/men/53.jpg', 'medium': 'https://randomuser.me/api/portraits/med/men/53.jpg', 'thumbnail': 'https://randomuser.me/api/portraits/thumb/men/53.jpg'}, 'nat': 'IN'}</msg>
<arg>${json_data['results'][0]}</arg>
<doc>Logs the given message with the given level.</doc>
<status status="PASS" start="2024-04-07T23:14:22.667184" elapsed="0.000411"/>
</kw>
<kw name="Log" owner="BuiltIn">
<msg time="2024-04-07T23:14:22.668057" level="INFO">name</msg>
<arg>${key}</arg>
<doc>Logs the given message with the given level.</doc>
<status status="PASS" start="2024-04-07T23:14:22.667894" elapsed="0.000203"/>
</kw>
<var name="${key}">name</var>
<status status="PASS" start="2024-04-07T23:14:22.666310" elapsed="0.002011"/>
</iter>
<iter>
<kw name="Dictionary Should Contain Key" owner="Collections">
<msg time="2024-04-07T23:14:22.669000" level="INFO">False</msg>
<arg>${json_data['results'][0]}</arg>
<arg>${key}</arg>
<doc>Fails if ``key`` is not found from ``dictionary``.</doc>
<status status="PASS" start="2024-04-07T23:14:22.668618" elapsed="0.000420"/>
</kw>
<kw name="Log" owner="BuiltIn">
<msg time="2024-04-07T23:14:22.669697" level="INFO">{'gender': 'male', 'name': {'title': 'Mr', 'first': 'Pranay', 'last': 'Kaur'}, 'location': {'street': {'number': 6130, 'name': 'Janpath'}, 'city': 'Hospet', 'state': 'Rajasthan', 'country': 'India', 'postcode': 11912, 'coordinates': {'latitude': '11.1240', 'longitude': '-123.5467'}, 'timezone': {'offset': '+5:00', 'description': 'Ekaterinburg, Islamabad, Karachi, Tashkent'}}, 'email': 'pranay.kaur@example.com', 'login': {'uuid': 'b6b956d0-5ad7-409f-8cc0-5738b92971f2', 'username': 'smallbird405', 'password': 'sigmar', 'salt': 'uN2EcL7q', 'md5': '67462747f20a6f6c809af07712828250', 'sha1': 'e9635b434808ea34b31e2b65d502494d5087bef4', 'sha256': '81f635ade2b03d96c3de4b006ce85f78f2950a9eca1c2478f14e32667cb1476b'}, 'dob': {'date': '1970-01-31T01:50:55.890Z', 'age': 54}, 'registered': {'date': '2007-01-17T10:47:05.740Z', 'age': 17}, 'phone': '9515419187', 'cell': '8262264305', 'id': {'name': 'UIDAI', 'value': '658509533846'}, 'picture': {'large': 'https://randomuser.me/api/portraits/men/53.jpg', 'medium': 'https://randomuser.me/api/portraits/med/men/53.jpg', 'thumbnail': 'https://randomuser.me/api/portraits/thumb/men/53.jpg'}, 'nat': 'IN'}</msg>
<arg>${json_data['results'][0]}</arg>
<doc>Logs the given message with the given level.</doc>
<status status="PASS" start="2024-04-07T23:14:22.669340" elapsed="0.000409"/>
</kw>
<kw name="Log" owner="BuiltIn">
<msg time="2024-04-07T23:14:22.670175" level="INFO">location</msg>
<arg>${key}</arg>
<doc>Logs the given message with the given level.</doc>
<status status="PASS" start="2024-04-07T23:14:22.670047" elapsed="0.000166"/>
</kw>
<var name="${key}">location</var>
<status status="PASS" start="2024-04-07T23:14:22.668504" elapsed="0.001925"/>
</iter>
<iter>
<kw name="Dictionary Should Contain Key" owner="Collections">
<msg time="2024-04-07T23:14:22.671087" level="INFO">False</msg>
<arg>${json_data['results'][0]}</arg>
<arg>${key}</arg>
<doc>Fails if ``key`` is not found from ``dictionary``.</doc>
<status status="PASS" start="2024-04-07T23:14:22.670715" elapsed="0.000409"/>
</kw>
<kw name="Log" owner="BuiltIn">
<msg time="2024-04-07T23:14:22.671786" level="INFO">{'gender': 'male', 'name': {'title': 'Mr', 'first': 'Pranay', 'last': 'Kaur'}, 'location': {'street': {'number': 6130, 'name': 'Janpath'}, 'city': 'Hospet', 'state': 'Rajasthan', 'country': 'India', 'postcode': 11912, 'coordinates': {'latitude': '11.1240', 'longitude': '-123.5467'}, 'timezone': {'offset': '+5:00', 'description': 'Ekaterinburg, Islamabad, Karachi, Tashkent'}}, 'email': 'pranay.kaur@example.com', 'login': {'uuid': 'b6b956d0-5ad7-409f-8cc0-5738b92971f2', 'username': 'smallbird405', 'password': 'sigmar', 'salt': 'uN2EcL7q', 'md5': '67462747f20a6f6c809af07712828250', 'sha1': 'e9635b434808ea34b31e2b65d502494d5087bef4', 'sha256': '81f635ade2b03d96c3de4b006ce85f78f2950a9eca1c2478f14e32667cb1476b'}, 'dob': {'date': '1970-01-31T01:50:55.890Z', 'age': 54}, 'registered': {'date': '2007-01-17T10:47:05.740Z', 'age': 17}, 'phone': '9515419187', 'cell': '8262264305', 'id': {'name': 'UIDAI', 'value': '658509533846'}, 'picture': {'large': 'https://randomuser.me/api/portraits/men/53.jpg', 'medium': 'https://randomuser.me/api/portraits/med/men/53.jpg', 'thumbnail': 'https://randomuser.me/api/portraits/thumb/men/53.jpg'}, 'nat': 'IN'}</msg>
<arg>${json_data['results'][0]}</arg>
<doc>Logs the given message with the given level.</doc>
<status status="PASS" start="2024-04-07T23:14:22.671423" elapsed="0.000411"/>
</kw>
<kw name="Log" owner="BuiltIn">
<msg time="2024-04-07T23:14:22.672301" level="INFO">email</msg>
<arg>${key}</arg>
<doc>Logs the given message with the given level.</doc>
<status status="PASS" start="2024-04-07T23:14:22.672170" elapsed="0.000169"/>
</kw>
<var name="${key}">email</var>
<status status="PASS" start="2024-04-07T23:14:22.670604" elapsed="0.001954"/>
</iter>
<iter>
<kw name="Dictionary Should Contain Key" owner="Collections">
<msg time="2024-04-07T23:14:22.673237" level="INFO">False</msg>
<arg>${json_data['results'][0]}</arg>
<arg>${key}</arg>
<doc>Fails if ``key`` is not found from ``dictionary``.</doc>
<status status="PASS" start="2024-04-07T23:14:22.672848" elapsed="0.000426"/>
</kw>
<kw name="Log" owner="BuiltIn">
<msg time="2024-04-07T23:14:22.673937" level="INFO">{'gender': 'male', 'name': {'title': 'Mr', 'first': 'Pranay', 'last': 'Kaur'}, 'location': {'street': {'number': 6130, 'name': 'Janpath'}, 'city': 'Hospet', 'state': 'Rajasthan', 'country': 'India', 'postcode': 11912, 'coordinates': {'latitude': '11.1240', 'longitude': '-123.5467'}, 'timezone': {'offset': '+5:00', 'description': 'Ekaterinburg, Islamabad, Karachi, Tashkent'}}, 'email': 'pranay.kaur@example.com', 'login': {'uuid': 'b6b956d0-5ad7-409f-8cc0-5738b92971f2', 'username': 'smallbird405', 'password': 'sigmar', 'salt': 'uN2EcL7q', 'md5': '67462747f20a6f6c809af07712828250', 'sha1': 'e9635b434808ea34b31e2b65d502494d5087bef4', 'sha256': '81f635ade2b03d96c3de4b006ce85f78f2950a9eca1c2478f14e32667cb1476b'}, 'dob': {'date': '1970-01-31T01:50:55.890Z', 'age': 54}, 'registered': {'date': '2007-01-17T10:47:05.740Z', 'age': 17}, 'phone': '9515419187', 'cell': '8262264305', 'id': {'name': 'UIDAI', 'value': '658509533846'}, 'picture': {'large': 'https://randomuser.me/api/portraits/men/53.jpg', 'medium': 'https://randomuser.me/api/portraits/med/men/53.jpg', 'thumbnail': 'https://randomuser.me/api/portraits/thumb/men/53.jpg'}, 'nat': 'IN'}</msg>
<arg>${json_data['results'][0]}</arg>
<doc>Logs the given message with the given level.</doc>
<status status="PASS" start="2024-04-07T23:14:22.673576" elapsed="0.000408"/>
</kw>
<kw name="Log" owner="BuiltIn">
<msg time="2024-04-07T23:14:22.674425" level="INFO">login</msg>
<arg>${key}</arg>
<doc>Logs the given message with the given level.</doc>
<status status="PASS" start="2024-04-07T23:14:22.674297" elapsed="0.000171"/>
</kw>
<var name="${key}">login</var>
<status status="PASS" start="2024-04-07T23:14:22.672736" elapsed="0.001949"/>
</iter>
<var>${key}</var>
<value>@{expected_keys}</value>
<status status="PASS" start="2024-04-07T23:14:22.663866" elapsed="0.010967"/>
</for>
<kw name="Create List" owner="BuiltIn">
<msg time="2024-04-07T23:14:22.675177" level="INFO">${expected_keysTwo} = ['username', 'password']</msg>
<var>${expected_keysTwo}</var>
<arg>username</arg>
<arg>password</arg>
<doc>Returns a list containing given items.</doc>
<status status="PASS" start="2024-04-07T23:14:22.675037" elapsed="0.000163"/>
</kw>
<for flavor="IN">
<iter>
<kw name="Dictionary Should Contain Key" owner="Collections">
<msg time="2024-04-07T23:14:22.676264" level="INFO">False</msg>
<arg>${json_data['results'][0]['login']}</arg>
<arg>${keyTwo}</arg>
<doc>Fails if ``key`` is not found from ``dictionary``.</doc>
<status status="PASS" start="2024-04-07T23:14:22.675829" elapsed="0.000473"/>
</kw>
<kw name="Dictionary Should Contain Key" owner="Collections">
<msg time="2024-04-07T23:14:22.676995" level="INFO">False</msg>
<arg>${json_data['results'][0]['login']}</arg>
<arg>${keyTwo}</arg>
<doc>Fails if ``key`` is not found from ``dictionary``.</doc>
<status status="PASS" start="2024-04-07T23:14:22.676607" elapsed="0.000426"/>
</kw>
<kw name="Log" owner="BuiltIn">
<msg time="2024-04-07T23:14:22.677457" level="INFO">username</msg>
<arg>${keyTwo}</arg>
<doc>Logs the given message with the given level.</doc>
<status status="PASS" start="2024-04-07T23:14:22.677328" elapsed="0.000166"/>
</kw>
<var name="${keyTwo}">username</var>
<status status="PASS" start="2024-04-07T23:14:22.675712" elapsed="0.001998"/>
</iter>
<iter>
<kw name="Dictionary Should Contain Key" owner="Collections">
<msg time="2024-04-07T23:14:22.678372" level="INFO">False</msg>
<arg>${json_data['results'][0]['login']}</arg>
<arg>${keyTwo}</arg>
<doc>Fails if ``key`` is not found from ``dictionary``.</doc>
<status status="PASS" start="2024-04-07T23:14:22.677999" elapsed="0.000410"/>
</kw>
<kw name="Dictionary Should Contain Key" owner="Collections">
<msg time="2024-04-07T23:14:22.679084" level="INFO">False</msg>
<arg>${json_data['results'][0]['login']}</arg>
<arg>${keyTwo}</arg>
<doc>Fails if ``key`` is not found from ``dictionary``.</doc>
<status status="PASS" start="2024-04-07T23:14:22.678701" elapsed="0.000420"/>
</kw>
<kw name="Log" owner="BuiltIn">
<msg time="2024-04-07T23:14:22.679539" level="INFO">password</msg>
<arg>${keyTwo}</arg>
<doc>Logs the given message with the given level.</doc>
<status status="PASS" start="2024-04-07T23:14:22.679412" elapsed="0.000166"/>
</kw>
<var name="${keyTwo}">password</var>
<status status="PASS" start="2024-04-07T23:14:22.677886" elapsed="0.001908"/>
</iter>
<var>${keyTwo}</var>
<value>@{expected_keysTwo}</value>
<status status="PASS" start="2024-04-07T23:14:22.675446" elapsed="0.004471"/>
</for>
<status status="PASS" start="2024-04-07T23:14:22.569424" elapsed="0.110681"/>
</kw>
<doc>Testa a estrutura da resposta da API.</doc>
<tag>testeEstruturaResposta</tag>
<status status="PASS" start="2024-04-07T23:14:22.568668" elapsed="0.111607"/>
</test>
<test id="s1-s1-t4" name="Validar tipos de dados" line="28">
<kw name="Teste de Tipos de Dados" owner="random-user-service">
<kw name="GET On Session" owner="RequestsLibrary">
<msg time="2024-04-07T23:14:22.789099" level="INFO">GET Request : url=https://randomuser.me/api 
 path_url=/api 
 headers={'User-Agent': 'python-requests/2.31.0', 'Accept-Encoding': 'gzip, deflate', 'Accept': '*/*', 'Connection': 'keep-alive'} 
 body=None 
 </msg>
<msg time="2024-04-07T23:14:22.789210" level="INFO">GET Response : url=https://randomuser.me/api 
 status=200, reason=OK 
 headers={'Date': 'Sun, 07 Apr 2024 23:14:22 GMT', 'Content-Type': 'application/json; charset=utf-8', 'Transfer-Encoding': 'chunked', 'Connection': 'keep-alive', 'X-Powered-By': 'Express', 'Access-Control-Allow-Origin': '*', 'Cache-Control': 'no-cache', 'ETag': 'W/"49a-FjxLZQoeNujozJuCg3QWaOuANig"', 'Vary': 'Accept-Encoding', 'Content-Encoding': 'gzip', 'CF-Cache-Status': 'DYNAMIC', 'Report-To': '{"endpoints":[{"url":"https:\\/\\/a.nel.cloudflare.com\\/report\\/v4?s=haDnGQO%2B%2FMD1jcbMmqreIIplUgZ9W6VSq%2BdJSXedOYWE1ZqJ%2FBZsR5KStBXAHlBCdDr3mZUtOqFzo%2FPA86lfLdmEUU%2BgaSbtr87jdv%2FR5qSZ4eEicpp7Ox77DL8a81UY"}],"group":"cf-nel","max_age":604800}', 'NEL': '{"success_fraction":0,"report_to":"cf-nel","max_age":604800}', 'Server': 'cloudflare', 'CF-RAY': '870db6abc9de5a40-IAD', 'alt-svc': 'h3=":443"; ma=86400'} 
 body={"results":[{"gender":"male","name":{"title":"Mr","first":"Oswaldo","last":"Ríos"},"location":{"street":{"number":1604,"name":"Eje vial Tamaulipas"},"city":"San Cayetano","state":"Durango","country":"Mexico","postcode":45445,"coordinates":{"latitude":"28.2484","longitude":"-80.5132"},"timezone":{"offset":"+10:00","description":"Eastern Australia, Guam, Vladivostok"}},"email":"oswaldo.rios@example.com","login":{"uuid":"bcf2aa46-f75b-4499-bfeb-b2e13fc4ac97","username":"tinypeacock760","password":"wheels","salt":"8DvUsLM7","md5":"a1414d1b22d10631e9cc45c2f3239742","sha1":"8cf39e4d29327889622134d5e8bbab54ff00334d","sha256":"dc1fc7cf8af7f9b9b9902d842aae5e3e7b4b85fe0b73cbffbaba5782a6171aad"},"dob":{"date":"1953-09-06T07:36:39.684Z","age":70},"registered":{"date":"2020-12-13T22:15:28.612Z","age":3},"phone":"(629) 726 7542","cell":"(638) 271 8879","id":{"name":"NSS","value":"63 92 78 0707 3"},"picture":{"large":"https://randomuser.me/api/portraits/men/8.jpg","medium":"https://randomuser.me/api/portraits/med/men/8.jpg","thumbnail":"https://randomuser.me/api/portraits/thumb/men/8.jpg"},"nat":"MX"}],"info":{"seed":"528389e09eab8362","results":1,"page":1,"version":"1.4"}} 
 </msg>
<msg time="2024-04-07T23:14:22.789294" level="INFO">/opt/hostedtoolcache/Python/3.12.2/x64/lib/python3.12/site-packages/urllib3/connectionpool.py:1103: InsecureRequestWarning: Unverified HTTPS request is being made to host 'randomuser.me'. Adding certificate verification is strongly advised. See: https://urllib3.readthedocs.io/en/latest/advanced-usage.html#tls-warnings
  warnings.warn(</msg>
<msg time="2024-04-07T23:14:22.789455" level="INFO">${response} = &lt;Response [200]&gt;</msg>
<var>${response}</var>
<arg>consultarAPI</arg>
<arg>/api</arg>
<doc>Sends a GET request on a previously created HTTP Session.</doc>
<status status="PASS" start="2024-04-07T23:14:22.682868" elapsed="0.106637"/>
</kw>
<kw name="Set Variable" owner="BuiltIn">
<msg time="2024-04-07T23:14:22.790567" level="INFO">${json_data} = {'results': [{'gender': 'male', 'name': {'title': 'Mr', 'first': 'Oswaldo', 'last': 'Ríos'}, 'location': {'street': {'number': 1604, 'name': 'Eje vial Tamaulipas'}, 'city': 'San Cayetano', 'state': 'D...</msg>
<var>${json_data}</var>
<arg>${response.json()}</arg>
<doc>Returns the given values which can then be assigned to a variables.</doc>
<status status="PASS" start="2024-04-07T23:14:22.790037" elapsed="0.000559"/>
</kw>
<kw name="Log" owner="BuiltIn">
<msg time="2024-04-07T23:14:22.791121" level="INFO">{'results': [{'gender': 'male', 'name': {'title': 'Mr', 'first': 'Oswaldo', 'last': 'Ríos'}, 'location': {'street': {'number': 1604, 'name': 'Eje vial Tamaulipas'}, 'city': 'San Cayetano', 'state': 'Durango', 'country': 'Mexico', 'postcode': 45445, 'coordinates': {'latitude': '28.2484', 'longitude': '-80.5132'}, 'timezone': {'offset': '+10:00', 'description': 'Eastern Australia, Guam, Vladivostok'}}, 'email': 'oswaldo.rios@example.com', 'login': {'uuid': 'bcf2aa46-f75b-4499-bfeb-b2e13fc4ac97', 'username': 'tinypeacock760', 'password': 'wheels', 'salt': '8DvUsLM7', 'md5': 'a1414d1b22d10631e9cc45c2f3239742', 'sha1': '8cf39e4d29327889622134d5e8bbab54ff00334d', 'sha256': 'dc1fc7cf8af7f9b9b9902d842aae5e3e7b4b85fe0b73cbffbaba5782a6171aad'}, 'dob': {'date': '1953-09-06T07:36:39.684Z', 'age': 70}, 'registered': {'date': '2020-12-13T22:15:28.612Z', 'age': 3}, 'phone': '(629) 726 7542', 'cell': '(638) 271 8879', 'id': {'name': 'NSS', 'value': '63 92 78 0707 3'}, 'picture': {'large': 'https://randomuser.me/api/portraits/men/8.jpg', 'medium': 'https://randomuser.me/api/portraits/med/men/8.jpg', 'thumbnail': 'https://randomuser.me/api/portraits/thumb/men/8.jpg'}, 'nat': 'MX'}], 'info': {'seed': '528389e09eab8362', 'results': 1, 'page': 1, 'version': '1.4'}}</msg>
<arg>${json_data}</arg>
<doc>Logs the given message with the given level.</doc>
<status status="PASS" start="2024-04-07T23:14:22.790945" elapsed="0.000273"/>
</kw>
<kw name="Should Be String" owner="String">
<arg>${json_data['results'][0]['gender']}</arg>
<doc>Fails if the given ``item`` is not a string.</doc>
<status status="PASS" start="2024-04-07T23:14:22.791533" elapsed="0.000370"/>
</kw>
<kw name="Should Match Regexp" owner="BuiltIn">
<arg>${json_data['results'][0]['email']}</arg>
<arg>^[a-zA-Z0-9._%+-]+@[a-zA-Z0-9.-]+\.[a-zA-Z]{2,}$</arg>
<doc>Fails if ``string`` does not match ``pattern`` as a regular expression.</doc>
<status status="PASS" start="2024-04-07T23:14:22.792154" elapsed="0.000529"/>
</kw>
<kw name="Should Match Regexp" owner="BuiltIn">
<arg>${json_data['results'][0]['dob']['date']}</arg>
<arg>\\d{4}-\\d{2}-\\d{2}T\\d{2}:\\d{2}:\\d{2}\\.\\d{3}Z</arg>
<doc>Fails if ``string`` does not match ``pattern`` as a regular expression.</doc>
<status status="PASS" start="2024-04-07T23:14:22.792881" elapsed="0.000499"/>
</kw>
<kw name="Should Match Regexp" owner="BuiltIn">
<arg>${json_data['results'][0]['registered']['date']}</arg>
<arg>\\d{4}-\\d{2}-\\d{2}T\\d{2}:\\d{2}:\\d{2}\\.\\d{3}Z</arg>
<doc>Fails if ``string`` does not match ``pattern`` as a regular expression.</doc>
<status status="PASS" start="2024-04-07T23:14:22.793581" elapsed="0.000380"/>
</kw>
<kw name="Should Match Regexp" owner="BuiltIn">
<arg>${json_data['results'][0]['picture']['large']}</arg>
<arg>^https?://.*\.(?:png|jpe?g|gif|bmp)$</arg>
<doc>Fails if ``string`` does not match ``pattern`` as a regular expression.</doc>
<status status="PASS" start="2024-04-07T23:14:22.794148" elapsed="0.000457"/>
</kw>
<kw name="Should Match Regexp" owner="BuiltIn">
<arg>${json_data['results'][0]['picture']['medium']}</arg>
<arg>^https?://.*\.(?:png|jpe?g|gif|bmp)$</arg>
<doc>Fails if ``string`` does not match ``pattern`` as a regular expression.</doc>
<status status="PASS" start="2024-04-07T23:14:22.794796" elapsed="0.000357"/>
</kw>
<kw name="Should Match Regexp" owner="BuiltIn">
<arg>${json_data['results'][0]['picture']['thumbnail']}</arg>
<arg>^https?://.*\.(?:png|jpe?g|gif|bmp)$</arg>
<doc>Fails if ``string`` does not match ``pattern`` as a regular expression.</doc>
<status status="PASS" start="2024-04-07T23:14:22.795340" elapsed="0.000351"/>
</kw>
<kw name="Log" owner="BuiltIn">
<msg time="2024-04-07T23:14:22.796224" level="INFO">{'large': 'https://randomuser.me/api/portraits/men/8.jpg', 'medium': 'https://randomuser.me/api/portraits/med/men/8.jpg', 'thumbnail': 'https://randomuser.me/api/portraits/thumb/men/8.jpg'}</msg>
<arg>${json_data['results'][0]['picture']}</arg>
<doc>Logs the given message with the given level.</doc>
<status status="PASS" start="2024-04-07T23:14:22.795871" elapsed="0.000395"/>
</kw>
<status status="PASS" start="2024-04-07T23:14:22.682634" elapsed="0.113896"/>
</kw>
<kw name="Teste de Tipos de Dados - Postcode" owner="random-user-service">
<kw name="GET On Session" owner="RequestsLibrary">
<msg time="2024-04-07T23:14:22.867693" level="INFO">GET Request : url=https://randomuser.me/api 
 path_url=/api 
 headers={'User-Agent': 'python-requests/2.31.0', 'Accept-Encoding': 'gzip, deflate', 'Accept': '*/*', 'Connection': 'keep-alive'} 
 body=None 
 </msg>
<msg time="2024-04-07T23:14:22.867783" level="INFO">GET Response : url=https://randomuser.me/api 
 status=200, reason=OK 
 headers={'Date': 'Sun, 07 Apr 2024 23:14:22 GMT', 'Content-Type': 'application/json; charset=utf-8', 'Transfer-Encoding': 'chunked', 'Connection': 'keep-alive', 'X-Powered-By': 'Express', 'Access-Control-Allow-Origin': '*', 'Cache-Control': 'no-cache', 'ETag': 'W/"4b6-OsxD++3IP54Fie/qUY2bHGoYO00"', 'Vary': 'Accept-Encoding', 'Content-Encoding': 'gzip', 'CF-Cache-Status': 'DYNAMIC', 'Report-To': '{"endpoints":[{"url":"https:\\/\\/a.nel.cloudflare.com\\/report\\/v4?s=P4LvB5y5ds43CQmrCM7bvUg2%2FH2AoJEb1Ogl52xVulKUvqUD%2BgOu3P78n6rrvVHKCm8EMSURp2dac%2Bb3NDE%2BWDX4CdU01z03kd3wb3p2nyhutamrjh4LNghU2JVg64Cz"}],"group":"cf-nel","max_age":604800}', 'NEL': '{"success_fraction":0,"report_to":"cf-nel","max_age":604800}', 'Server': 'cloudflare', 'CF-RAY': '870db6ac8a6e5a40-IAD', 'alt-svc': 'h3=":443"; ma=86400'} 
 body={"results":[{"gender":"male","name":{"title":"Mr","first":"Polel","last":"Dombrovskiy"},"location":{"street":{"number":6711,"name":"Maydan Geroyiv Nebesnoyi Sotni"},"city":"Zalishchiki","state":"Avtonomna Respublika Krim","country":"Ukraine","postcode":23022,"coordinates":{"latitude":"77.4176","longitude":"-136.4137"},"timezone":{"offset":"+9:00","description":"Tokyo, Seoul, Osaka, Sapporo, Yakutsk"}},"email":"polel.dombrovskiy@example.com","login":{"uuid":"a4da3502-9cc6-4176-8312-a66cbf8ff335","username":"beautifulcat717","password":"claude","salt":"LXWxgCAX","md5":"6233f35d6a16a1eb464d327ca297d8f1","sha1":"ab85a01ac31302c20596e4bc29613877a15ff3d3","sha256":"085691627264388c120df63218dae8bce84d2d4b0f945039fd33e44fe0f357ca"},"dob":{"date":"1966-07-18T22:25:27.096Z","age":57},"registered":{"date":"2010-10-25T09:48:31.627Z","age":13},"phone":"(097) Y59-9123","cell":"(096) M58-9597","id":{"name":"","value":null},"picture":{"large":"https://randomuser.me/api/portraits/men/76.jpg","medium":"https://randomuser.me/api/portraits/med/men/76.jpg","thumbnail":"https://randomuser.me/api/portraits/thumb/men/76.jpg"},"nat":"UA"}],"info":{"seed":"9feff20336a558cc","results":1,"page":1,"version":"1.4"}} 
 </msg>
<msg time="2024-04-07T23:14:22.867874" level="INFO">/opt/hostedtoolcache/Python/3.12.2/x64/lib/python3.12/site-packages/urllib3/connectionpool.py:1103: InsecureRequestWarning: Unverified HTTPS request is being made to host 'randomuser.me'. Adding certificate verification is strongly advised. See: https://urllib3.readthedocs.io/en/latest/advanced-usage.html#tls-warnings
  warnings.warn(</msg>
<msg time="2024-04-07T23:14:22.868040" level="INFO">${response} = &lt;Response [200]&gt;</msg>
<var>${response}</var>
<arg>consultarAPI</arg>
<arg>/api</arg>
<doc>Sends a GET request on a previously created HTTP Session.</doc>
<status status="PASS" start="2024-04-07T23:14:22.797007" elapsed="0.071084"/>
</kw>
<kw name="Set Variable" owner="BuiltIn">
<msg time="2024-04-07T23:14:22.868975" level="INFO">${json_data} = {'results': [{'gender': 'male', 'name': {'title': 'Mr', 'first': 'Polel', 'last': 'Dombrovskiy'}, 'location': {'street': {'number': 6711, 'name': 'Maydan Geroyiv Nebesnoyi Sotni'}, 'city': 'Zalishchik...</msg>
<var>${json_data}</var>
<arg>${response.json()}</arg>
<doc>Returns the given values which can then be assigned to a variables.</doc>
<status status="PASS" start="2024-04-07T23:14:22.868515" elapsed="0.000488"/>
</kw>
<kw name="Log" owner="BuiltIn">
<msg time="2024-04-07T23:14:22.869470" level="INFO">{'results': [{'gender': 'male', 'name': {'title': 'Mr', 'first': 'Polel', 'last': 'Dombrovskiy'}, 'location': {'street': {'number': 6711, 'name': 'Maydan Geroyiv Nebesnoyi Sotni'}, 'city': 'Zalishchiki', 'state': 'Avtonomna Respublika Krim', 'country': 'Ukraine', 'postcode': 23022, 'coordinates': {'latitude': '77.4176', 'longitude': '-136.4137'}, 'timezone': {'offset': '+9:00', 'description': 'Tokyo, Seoul, Osaka, Sapporo, Yakutsk'}}, 'email': 'polel.dombrovskiy@example.com', 'login': {'uuid': 'a4da3502-9cc6-4176-8312-a66cbf8ff335', 'username': 'beautifulcat717', 'password': 'claude', 'salt': 'LXWxgCAX', 'md5': '6233f35d6a16a1eb464d327ca297d8f1', 'sha1': 'ab85a01ac31302c20596e4bc29613877a15ff3d3', 'sha256': '085691627264388c120df63218dae8bce84d2d4b0f945039fd33e44fe0f357ca'}, 'dob': {'date': '1966-07-18T22:25:27.096Z', 'age': 57}, 'registered': {'date': '2010-10-25T09:48:31.627Z', 'age': 13}, 'phone': '(097) Y59-9123', 'cell': '(096) M58-9597', 'id': {'name': '', 'value': None}, 'picture': {'large': 'https://randomuser.me/api/portraits/men/76.jpg', 'medium': 'https://randomuser.me/api/portraits/med/men/76.jpg', 'thumbnail': 'https://randomuser.me/api/portraits/thumb/men/76.jpg'}, 'nat': 'UA'}], 'info': {'seed': '9feff20336a558cc', 'results': 1, 'page': 1, 'version': '1.4'}}</msg>
<arg>${json_data}</arg>
<doc>Logs the given message with the given level.</doc>
<status status="PASS" start="2024-04-07T23:14:22.869314" elapsed="0.000242"/>
</kw>
<kw name="Should Be Equal As Numbers" owner="BuiltIn">
<arg>${json_data['results'][0]['location']['postcode']}</arg>
<arg>${json_data['results'][0]['location']['postcode']}</arg>
<doc>Fails if objects are unequal after converting them to real numbers.</doc>
<status status="PASS" start="2024-04-07T23:14:22.869866" elapsed="0.000636"/>
</kw>
<kw name="Log" owner="BuiltIn">
<msg time="2024-04-07T23:14:22.871033" level="INFO">23022</msg>
<arg>${json_data['results'][0]['location']['postcode']}</arg>
<doc>Logs the given message with the given level.</doc>
<status status="PASS" start="2024-04-07T23:14:22.870698" elapsed="0.000376"/>
</kw>
<status status="PASS" start="2024-04-07T23:14:22.796764" elapsed="0.074567"/>
</kw>
<doc>Testa se os tipos de dados na resposta da API estão corretos.</doc>
<tag>testeTiposDados</tag>
<status status="PASS" start="2024-04-07T23:14:22.682040" elapsed="0.189466"/>
</test>
<test id="s1-s1-t5" name="Validar conteudo" line="35">
<kw name="Teste de Tipos de Conteudo" owner="random-user-service">
<kw name="GET On Session" owner="RequestsLibrary">
<msg time="2024-04-07T23:14:22.988002" level="INFO">GET Request : url=https://randomuser.me/api 
 path_url=/api 
 headers={'User-Agent': 'python-requests/2.31.0', 'Accept-Encoding': 'gzip, deflate', 'Accept': '*/*', 'Connection': 'keep-alive'} 
 body=None 
 </msg>
<msg time="2024-04-07T23:14:22.988105" level="INFO">GET Response : url=https://randomuser.me/api 
 status=200, reason=OK 
 headers={'Date': 'Sun, 07 Apr 2024 23:14:22 GMT', 'Content-Type': 'application/json; charset=utf-8', 'Transfer-Encoding': 'chunked', 'Connection': 'keep-alive', 'X-Powered-By': 'Express', 'Access-Control-Allow-Origin': '*', 'Cache-Control': 'no-cache', 'ETag': 'W/"489-OQoDkQ8FXq4ZGzvpE3+36R8QPQY"', 'Vary': 'Accept-Encoding', 'Content-Encoding': 'gzip', 'CF-Cache-Status': 'DYNAMIC', 'Report-To': '{"endpoints":[{"url":"https:\\/\\/a.nel.cloudflare.com\\/report\\/v4?s=E78UbQBUiqA2jm4%2FDbfl%2BVG3ds4LVrPfHX6pZk9r6UITQYiGtVi%2BMeYvsOy7nVRwdHnx9miAyoSid4fn4sSh9EqjiBoIbOFWWx4shO8RxFBirkGU4IyYtZ%2BDb9pF%2FG7q"}],"group":"cf-nel","max_age":604800}', 'NEL': '{"success_fraction":0,"report_to":"cf-nel","max_age":604800}', 'Server': 'cloudflare', 'CF-RAY': '870db6acfac05a40-IAD', 'alt-svc': 'h3=":443"; ma=86400'} 
 body={"results":[{"gender":"female","name":{"title":"Ms","first":"Luz","last":"Tafoya"},"location":{"street":{"number":7227,"name":"Boulevard Cabo Verde"},"city":"Tlaxco","state":"Oaxaca","country":"Mexico","postcode":61125,"coordinates":{"latitude":"28.5466","longitude":"104.6722"},"timezone":{"offset":"-12:00","description":"Eniwetok, Kwajalein"}},"email":"luz.tafoya@example.com","login":{"uuid":"9db0b2e9-9929-40ec-a32f-4fcc681e2686","username":"yellowfish973","password":"brownie","salt":"KiId6Win","md5":"471bb2569c06d9bbe79aa6edd10aabc5","sha1":"9a4af2580072f81473085d099460b311b9e1379d","sha256":"6565236a35def969b0d35a54d2f99ea9e1cfa1aafc6fcdb04b2e7baa015c1200"},"dob":{"date":"1989-03-11T03:11:59.203Z","age":35},"registered":{"date":"2018-06-09T10:51:39.327Z","age":5},"phone":"(650) 913 5389","cell":"(651) 342 9937","id":{"name":"NSS","value":"89 14 42 7393 9"},"picture":{"large":"https://randomuser.me/api/portraits/women/39.jpg","medium":"https://randomuser.me/api/portraits/med/women/39.jpg","thumbnail":"https://randomuser.me/api/portraits/thumb/women/39.jpg"},"nat":"MX"}],"info":{"seed":"f10951fd46bbc54f","results":1,"page":1,"version":"1.4"}} 
 </msg>
<msg time="2024-04-07T23:14:22.988177" level="INFO">/opt/hostedtoolcache/Python/3.12.2/x64/lib/python3.12/site-packages/urllib3/connectionpool.py:1103: InsecureRequestWarning: Unverified HTTPS request is being made to host 'randomuser.me'. Adding certificate verification is strongly advised. See: https://urllib3.readthedocs.io/en/latest/advanced-usage.html#tls-warnings
  warnings.warn(</msg>
<msg time="2024-04-07T23:14:22.988311" level="INFO">${response} = &lt;Response [200]&gt;</msg>
<var>${response}</var>
<arg>consultarAPI</arg>
<arg>/api</arg>
<doc>Sends a GET request on a previously created HTTP Session.</doc>
<status status="PASS" start="2024-04-07T23:14:22.873992" elapsed="0.114361"/>
</kw>
<kw name="Set Variable" owner="BuiltIn">
<msg time="2024-04-07T23:14:22.989413" level="INFO">${json_data} = {'results': [{'gender': 'female', 'name': {'title': 'Ms', 'first': 'Luz', 'last': 'Tafoya'}, 'location': {'street': {'number': 7227, 'name': 'Boulevard Cabo Verde'}, 'city': 'Tlaxco', 'state': 'Oaxaca...</msg>
<var>${json_data}</var>
<arg>${response.json()}</arg>
<doc>Returns the given values which can then be assigned to a variables.</doc>
<status status="PASS" start="2024-04-07T23:14:22.988900" elapsed="0.000541"/>
</kw>
<kw name="Set Variable" owner="BuiltIn">
<msg time="2024-04-07T23:14:22.990131" level="INFO">${name_title} = Ms</msg>
<var>${name_title}</var>
<arg>${json_data["results"][0]["name"]["title"]}</arg>
<doc>Returns the given values which can then be assigned to a variables.</doc>
<status status="PASS" start="2024-04-07T23:14:22.989750" elapsed="0.000406"/>
</kw>
<kw name="Create List" owner="BuiltIn">
<msg time="2024-04-07T23:14:22.990601" level="INFO">${allowed_titles} = ['Mr', 'Ms', 'Miss', 'Mrs', 'Madame', 'Monsieur']</msg>
<var>${allowed_titles}</var>
<arg>Mr</arg>
<arg>Ms</arg>
<arg>Miss</arg>
<arg>Mrs</arg>
<arg>Madame</arg>
<arg>Monsieur</arg>
<doc>Returns a list containing given items.</doc>
<status status="PASS" start="2024-04-07T23:14:22.990453" elapsed="0.000172"/>
</kw>
<kw name="List Should Contain Value" owner="Collections">
<msg time="2024-04-07T23:14:22.991103" level="INFO">False</msg>
<arg>${allowed_titles}</arg>
<arg>${name_title}</arg>
<doc>Fails if the ``value`` is not found from ``list``.</doc>
<status status="PASS" start="2024-04-07T23:14:22.990924" elapsed="0.000215"/>
</kw>
<kw name="Set Variable" owner="BuiltIn">
<msg time="2024-04-07T23:14:22.991817" level="INFO">${name_country} = MX</msg>
<var>${name_country}</var>
<arg>${json_data["results"][0]["nat"]}</arg>
<doc>Returns the given values which can then be assigned to a variables.</doc>
<status status="PASS" start="2024-04-07T23:14:22.991432" elapsed="0.000410"/>
</kw>
<kw name="Create List" owner="BuiltIn">
<msg time="2024-04-07T23:14:22.992799" level="INFO">${list_country} = ['AD', 'AE', 'AF', 'AG', 'AI', 'AL', 'AM', 'AO', 'AQ', 'AR', 'AS', 'AT', 'AU', 'AW', 'AX', 'AZ', 'BA', 'BB', 'BD', 'BE', 'BF', 'BG', 'BH', 'BI', 'BJ', 'BL', 'BM', 'BN', 'BO', 'BQ', 'BR', 'BS', 'BT', '...</msg>
<var>${list_country}</var>
<arg>AD</arg>
<arg>AE</arg>
<arg>AF</arg>
<arg>AG</arg>
<arg>AI</arg>
<arg>AL</arg>
<arg>AM</arg>
<arg>AO</arg>
<arg>AQ</arg>
<arg>AR</arg>
<arg>AS</arg>
<arg>AT</arg>
<arg>AU</arg>
<arg>AW</arg>
<arg>AX</arg>
<arg>AZ</arg>
<arg>BA</arg>
<arg>BB</arg>
<arg>BD</arg>
<arg>BE</arg>
<arg>BF</arg>
<arg>BG</arg>
<arg>BH</arg>
<arg>BI</arg>
<arg>BJ</arg>
<arg>BL</arg>
<arg>BM</arg>
<arg>BN</arg>
<arg>BO</arg>
<arg>BQ</arg>
<arg>BR</arg>
<arg>BS</arg>
<arg>BT</arg>
<arg>BV</arg>
<arg>BW</arg>
<arg>BY</arg>
<arg>BZ</arg>
<arg>CA</arg>
<arg>CC</arg>
<arg>CD</arg>
<arg>CF</arg>
<arg>CG</arg>
<arg>CH</arg>
<arg>CI</arg>
<arg>CK</arg>
<arg>CL</arg>
<arg>CM</arg>
<arg>CN</arg>
<arg>CO</arg>
<arg>CR</arg>
<arg>CU</arg>
<arg>CV</arg>
<arg>CW</arg>
<arg>CX</arg>
<arg>CY</arg>
<arg>CZ</arg>
<arg>DE</arg>
<arg>DJ</arg>
<arg>DK</arg>
<arg>DM</arg>
<arg>DO</arg>
<arg>DZ</arg>
<arg>EC</arg>
<arg>EE</arg>
<arg>EG</arg>
<arg>EH</arg>
<arg>ER</arg>
<arg>ES</arg>
<arg>ET</arg>
<arg>FI</arg>
<arg>FJ</arg>
<arg>FK</arg>
<arg>FM</arg>
<arg>FO</arg>
<arg>FR</arg>
<arg>GA</arg>
<arg>GB</arg>
<arg>GD</arg>
<arg>GE</arg>
<arg>GF</arg>
<arg>GG</arg>
<arg>GH</arg>
<arg>GI</arg>
<arg>GL</arg>
<arg>GM</arg>
<arg>GN</arg>
<arg>GP</arg>
<arg>GQ</arg>
<arg>GR</arg>
<arg>GS</arg>
<arg>GT</arg>
<arg>GU</arg>
<arg>GW</arg>
<arg>GY</arg>
<arg>HK</arg>
<arg>HM</arg>
<arg>HN</arg>
<arg>HR</arg>
<arg>HT</arg>
<arg>HU</arg>
<arg>ID</arg>
<arg>IE</arg>
<arg>IL</arg>
<arg>IM</arg>
<arg>IN</arg>
<arg>IO</arg>
<arg>IQ</arg>
<arg>IR</arg>
<arg>IS</arg>
<arg>IT</arg>
<arg>JE</arg>
<arg>JM</arg>
<arg>JO</arg>
<arg>JP</arg>
<arg>KE</arg>
<arg>KG</arg>
<arg>KH</arg>
<arg>KI</arg>
<arg>KM</arg>
<arg>KN</arg>
<arg>KP</arg>
<arg>KR</arg>
<arg>KW</arg>
<arg>KY</arg>
<arg>KZ</arg>
<arg>LA</arg>
<arg>LB</arg>
<arg>LC</arg>
<arg>LI</arg>
<arg>LK</arg>
<arg>LR</arg>
<arg>LS</arg>
<arg>LT</arg>
<arg>LU</arg>
<arg>LV</arg>
<arg>LY</arg>
<arg>MA</arg>
<arg>MC</arg>
<arg>MD</arg>
<arg>ME</arg>
<arg>MF</arg>
<arg>MG</arg>
<arg>MH</arg>
<arg>MK</arg>
<arg>ML</arg>
<arg>MM</arg>
<arg>MN</arg>
<arg>MO</arg>
<arg>MP</arg>
<arg>MQ</arg>
<arg>MR</arg>
<arg>MS</arg>
<arg>MT</arg>
<arg>MU</arg>
<arg>MV</arg>
<arg>MW</arg>
<arg>MX</arg>
<arg>MY</arg>
<arg>MZ</arg>
<arg>NA</arg>
<arg>NC</arg>
<arg>NE</arg>
<arg>NF</arg>
<arg>NG</arg>
<arg>NI</arg>
<arg>NL</arg>
<arg>NO</arg>
<arg>NP</arg>
<arg>NR</arg>
<arg>NU</arg>
<arg>NZ</arg>
<arg>OM</arg>
<arg>PA</arg>
<arg>PE</arg>
<arg>PF</arg>
<arg>PG</arg>
<arg>PH</arg>
<arg>PK</arg>
<arg>PL</arg>
<arg>PM</arg>
<arg>PN</arg>
<arg>PR</arg>
<arg>PS</arg>
<arg>PT</arg>
<arg>PW</arg>
<arg>PY</arg>
<arg>QA</arg>
<arg>RE</arg>
<arg>RO</arg>
<arg>RS</arg>
<arg>RU</arg>
<arg>RW</arg>
<arg>SA</arg>
<arg>SB</arg>
<arg>SC</arg>
<arg>SD</arg>
<arg>SE</arg>
<arg>SG</arg>
<arg>SH</arg>
<arg>SI</arg>
<arg>SJ</arg>
<arg>SK</arg>
<arg>SL</arg>
<arg>SM</arg>
<arg>SN</arg>
<arg>SO</arg>
<arg>SR</arg>
<arg>SS</arg>
<arg>ST</arg>
<arg>SV</arg>
<arg>SX</arg>
<arg>SY</arg>
<arg>SZ</arg>
<arg>TC</arg>
<arg>TD</arg>
<arg>TF</arg>
<arg>TG</arg>
<arg>TH</arg>
<arg>TJ</arg>
<arg>TK</arg>
<arg>TL</arg>
<arg>TM</arg>
<arg>TN</arg>
<arg>TO</arg>
<arg>TR</arg>
<arg>TT</arg>
<arg>TV</arg>
<arg>TW</arg>
<arg>TZ</arg>
<arg>UA</arg>
<arg>UG</arg>
<arg>UM</arg>
<arg>US</arg>
<arg>UY</arg>
<arg>UZ</arg>
<arg>VA</arg>
<arg>VC</arg>
<arg>VE</arg>
<arg>VG</arg>
<arg>VI</arg>
<arg>VN</arg>
<arg>VU</arg>
<arg>WF</arg>
<arg>WS</arg>
<arg>XK</arg>
<arg>YE</arg>
<arg>YT</arg>
<arg>ZA</arg>
<arg>ZM</arg>
<arg>ZW</arg>
<doc>Returns a list containing given items.</doc>
<status status="PASS" start="2024-04-07T23:14:22.992189" elapsed="0.000636"/>
</kw>
<kw name="List Should Contain Value" owner="Collections">
<msg time="2024-04-07T23:14:22.993817" level="INFO">False</msg>
<arg>${list_country}</arg>
<arg>${name_country}</arg>
<doc>Fails if the ``value`` is not found from ``list``.</doc>
<status status="PASS" start="2024-04-07T23:14:22.993613" elapsed="0.000241"/>
</kw>
<kw name="Run Keyword If" owner="BuiltIn">
<kw name="Should Be True" owner="BuiltIn">
<arg>${True}</arg>
<doc>Fails if the given condition is not true.</doc>
<status status="PASS" start="2024-04-07T23:14:22.995064" elapsed="0.000148"/>
</kw>
<arg>${json_data["results"][0]["location"]["coordinates"]["latitude"]} &gt;= -90 and ${json_data["results"][0]["location"]["coordinates"]["latitude"]} &lt;= 90</arg>
<arg>Should Be True</arg>
<arg>${True}</arg>
<doc>Runs the given keyword with the given arguments, if ``condition`` is true.</doc>
<status status="PASS" start="2024-04-07T23:14:22.994165" elapsed="0.001177"/>
</kw>
<kw name="Run Keyword If" owner="BuiltIn">
<kw name="Should Be True" owner="BuiltIn">
<arg>${True}</arg>
<doc>Fails if the given condition is not true.</doc>
<status status="PASS" start="2024-04-07T23:14:22.996252" elapsed="0.000140"/>
</kw>
<arg>${json_data["results"][0]["location"]["coordinates"]["longitude"]} &gt;= -180 and ${json_data["results"][0]["location"]["coordinates"]["longitude"]} &lt;= 180</arg>
<arg>Should Be True</arg>
<arg>${True}</arg>
<doc>Runs the given keyword with the given arguments, if ``condition`` is true.</doc>
<status status="PASS" start="2024-04-07T23:14:22.995529" elapsed="0.000989"/>
</kw>
<status status="PASS" start="2024-04-07T23:14:22.873765" elapsed="0.122886"/>
</kw>
<doc>Testa o conteúdo específico dos campos retornados pela API.</doc>
<tag>testeConteudo</tag>
<status status="PASS" start="2024-04-07T23:14:22.873298" elapsed="0.123509"/>
</test>
<status status="PASS" start="2024-04-07T23:14:22.151027" elapsed="0.847712"/>
</suite>
<status status="PASS" start="2024-04-07T23:14:22.136921" elapsed="0.867240"/>
</suite>
<statistics>
<total>
<stat pass="5" fail="0" skip="0">All Tests</stat>
</total>
<tag>
<stat pass="1" fail="0" skip="0">testeConteudo</stat>
<stat pass="1" fail="0" skip="0">testeEstruturaResposta</stat>
<stat pass="1" fail="0" skip="0">testeRequisicaoBasica</stat>
<stat pass="1" fail="0" skip="0">testeTiposDados</stat>
</tag>
<suite>
<stat pass="5" fail="0" skip="0" id="s1" name="Tests">Tests</stat>
<stat pass="5" fail="0" skip="0" id="s1-s1" name="Random-User-Test">Tests.Random-User-Test</stat>
</suite>
</statistics>
<errors>
</errors>
</robot>
