<?xml version="1.0" encoding="UTF-8"?>
<robot generator="Robot 7.0.1 (Python 3.12.4 on linux)" generated="2024-08-03T21:14:08.893306" rpa="false" schemaversion="5">
<suite id="s1" name="Tests" source="/home/runner/work/ApiRandomUser/ApiRandomUser/RamdonUser/tests">
<suite id="s1-s1" name="Random-User-Test" source="/home/runner/work/ApiRandomUser/ApiRandomUser/RamdonUser/tests/random-user-test.robot">
<test id="s1-s1-t1" name="Conectar" line="13">
<kw name="Conectar API" owner="random-user-service">
<kw name="Create Session" owner="RequestsLibrary">
<msg time="2024-08-03T21:14:09.317077" level="INFO">Creating Session using : alias=consultarAPI, url=https://randomuser.me/, headers={},                     cookies={}, auth=None, timeout=None, proxies=None, verify=False,                     debug=0 </msg>
<arg>consultarAPI</arg>
<arg>${URL}</arg>
<doc>Create Session: create a HTTP session to a server</doc>
<status status="PASS" start="2024-08-03T21:14:09.316877" elapsed="0.000374"/>
</kw>
<status status="PASS" start="2024-08-03T21:14:09.315846" elapsed="0.001788"/>
</kw>
<status status="PASS" start="2024-08-03T21:14:09.315300" elapsed="0.002533"/>
</test>
<test id="s1-s1-t2" name="Validar retorno 200 e JSON Válido" line="16">
<kw name="Teste de Requisicao Basica" owner="random-user-service">
<kw name="GET On Session" owner="RequestsLibrary">
<msg time="2024-08-03T21:14:09.504982" level="INFO">GET Request : url=https://randomuser.me/api 
 path_url=/api 
 headers={'User-Agent': 'python-requests/2.32.3', 'Accept-Encoding': 'gzip, deflate', 'Accept': '*/*', 'Connection': 'keep-alive'} 
 body=None 
 </msg>
<msg time="2024-08-03T21:14:09.505111" level="INFO">GET Response : url=https://randomuser.me/api 
 status=200, reason=OK 
 headers={'Date': 'Sat, 03 Aug 2024 21:14:09 GMT', 'Content-Type': 'application/json; charset=utf-8', 'Transfer-Encoding': 'chunked', 'Connection': 'keep-alive', 'X-Powered-By': 'Express', 'Access-Control-Allow-Origin': '*', 'Cache-Control': 'no-cache', 'ETag': 'W/"48d-1x9Ih7gaaXw6tjVzhjPtzRoTafo"', 'Vary': 'Accept-Encoding', 'Content-Encoding': 'gzip', 'CF-Cache-Status': 'DYNAMIC', 'Report-To': '{"endpoints":[{"url":"https:\\/\\/a.nel.cloudflare.com\\/report\\/v4?s=kjl1xz8aG8m%2Bof5wBDNyHlCv8uGH6W7A9I2cb9BDPYV00Bl0js6B5rZALRIgJAEyKK%2FX3dlrBWte%2FeRBgGAeVgrCBr71CNZZETw5w02plHBe9oKP1GfvaHJjDdDBQZ7C"}],"group":"cf-nel","max_age":604800}', 'NEL': '{"success_fraction":0,"report_to":"cf-nel","max_age":604800}', 'Server': 'cloudflare', 'CF-RAY': '8ad950d12fb8a3e2-ORD', 'alt-svc': 'h3=":443"; ma=86400'} 
 body={"results":[{"gender":"male","name":{"title":"Mr","first":"Herbert","last":"Stewart"},"location":{"street":{"number":4708,"name":"Wheeler Ridge Dr"},"city":"Green Bay","state":"South Dakota","country":"United States","postcode":14304,"coordinates":{"latitude":"88.3095","longitude":"-44.6405"},"timezone":{"offset":"-12:00","description":"Eniwetok, Kwajalein"}},"email":"herbert.stewart@example.com","login":{"uuid":"6d07f6d0-91ff-4bab-ba22-3545e6487696","username":"bigdog282","password":"nate","salt":"Mh98UNUm","md5":"ad634ba313aa039ef36db5f94a868611","sha1":"55f5cc2775bec6e7aa0120b7a6585f7747e891fd","sha256":"164898803f475bcd3cf326c5335f1b469ac1cf63a72c744b684f9923d910df87"},"dob":{"date":"1965-08-31T20:43:44.566Z","age":58},"registered":{"date":"2008-06-01T14:25:49.860Z","age":16},"phone":"(933) 644-5326","cell":"(317) 898-7479","id":{"name":"SSN","value":"169-36-6364"},"picture":{"large":"https://randomuser.me/api/portraits/men/33.jpg","medium":"https://randomuser.me/api/portraits/med/men/33.jpg","thumbnail":"https://randomuser.me/api/portraits/thumb/men/33.jpg"},"nat":"US"}],"info":{"seed":"241dcd08b38f4309","results":1,"page":1,"version":"1.4"}} 
 </msg>
<msg time="2024-08-03T21:14:09.505185" level="INFO">/opt/hostedtoolcache/Python/3.12.4/x64/lib/python3.12/site-packages/urllib3/connectionpool.py:1099: InsecureRequestWarning: Unverified HTTPS request is being made to host 'randomuser.me'. Adding certificate verification is strongly advised. See: https://urllib3.readthedocs.io/en/latest/advanced-usage.html#tls-warnings
  warnings.warn(</msg>
<msg time="2024-08-03T21:14:09.505329" level="INFO">${response} = &lt;Response [200]&gt;</msg>
<var>${response}</var>
<arg>consultarAPI</arg>
<arg>/api</arg>
<doc>Sends a GET request on a previously created HTTP Session.</doc>
<status status="PASS" start="2024-08-03T21:14:09.320386" elapsed="0.184983"/>
</kw>
<kw name="Should Be Equal As Numbers" owner="BuiltIn">
<msg time="2024-08-03T21:14:09.506449" level="INFO">Argument types are:
&lt;class 'int'&gt;
&lt;class 'str'&gt;</msg>
<arg>${response.status_code}</arg>
<arg>200</arg>
<doc>Fails if objects are unequal after converting them to real numbers.</doc>
<status status="PASS" start="2024-08-03T21:14:09.505953" elapsed="0.000560"/>
</kw>
<kw name="Log" owner="BuiltIn">
<msg time="2024-08-03T21:14:09.507181" level="INFO">200</msg>
<arg>${response.status_code}</arg>
<doc>Logs the given message with the given level.</doc>
<status status="PASS" start="2024-08-03T21:14:09.506835" elapsed="0.000387"/>
</kw>
<kw name="Set Variable" owner="BuiltIn">
<msg time="2024-08-03T21:14:09.507952" level="INFO">${json_data} = {'results': [{'gender': 'male', 'name': {'title': 'Mr', 'first': 'Herbert', 'last': 'Stewart'}, 'location': {'street': {'number': 4708, 'name': 'Wheeler Ridge Dr'}, 'city': 'Green Bay', 'state': 'Sout...</msg>
<var>${json_data}</var>
<arg>${response.json()}</arg>
<doc>Returns the given values which can then be assigned to a variables.</doc>
<status status="PASS" start="2024-08-03T21:14:09.507520" elapsed="0.000460"/>
</kw>
<kw name="Dictionary Should Contain Key" owner="Collections">
<arg>${json_data}</arg>
<arg>results</arg>
<doc>Fails if ``key`` is not found from ``dictionary``.</doc>
<status status="PASS" start="2024-08-03T21:14:09.508276" elapsed="0.000307"/>
</kw>
<status status="PASS" start="2024-08-03T21:14:09.320139" elapsed="0.188594"/>
</kw>
<doc>Testa se a API responde corretamente e retorna um objeto JSON válido.</doc>
<tag>testeRequisicaoBasica</tag>
<status status="PASS" start="2024-08-03T21:14:09.319687" elapsed="0.189210"/>
</test>
<test id="s1-s1-t3" name="Validar estrutura de resposta" line="22">
<kw name="Teste de Estrutura de Resposta" owner="random-user-service">
<kw name="GET On Session" owner="RequestsLibrary">
<msg time="2024-08-03T21:14:09.612488" level="INFO">GET Request : url=https://randomuser.me/api 
 path_url=/api 
 headers={'User-Agent': 'python-requests/2.32.3', 'Accept-Encoding': 'gzip, deflate', 'Accept': '*/*', 'Connection': 'keep-alive'} 
 body=None 
 </msg>
<msg time="2024-08-03T21:14:09.612576" level="INFO">GET Response : url=https://randomuser.me/api 
 status=200, reason=OK 
 headers={'Date': 'Sat, 03 Aug 2024 21:14:09 GMT', 'Content-Type': 'application/json; charset=utf-8', 'Transfer-Encoding': 'chunked', 'Connection': 'keep-alive', 'X-Powered-By': 'Express', 'Access-Control-Allow-Origin': '*', 'Cache-Control': 'no-cache', 'ETag': 'W/"49f-+mtQNt7xvhxu9HGP9sbAIu9vAts"', 'Vary': 'Accept-Encoding', 'Content-Encoding': 'gzip', 'CF-Cache-Status': 'DYNAMIC', 'Report-To': '{"endpoints":[{"url":"https:\\/\\/a.nel.cloudflare.com\\/report\\/v4?s=LxGl9sznJt9FAUDZRENkzD8J0s%2FtEU89nw5vjG3koGna70DlvZawN46gBA62Z1TNz%2BSvQs46Za29saCZKzHoJBOLeNkqQKplDGx96D6xXdSwn1f%2FViVtsk8scxojdqZ6"}],"group":"cf-nel","max_age":604800}', 'NEL': '{"success_fraction":0,"report_to":"cf-nel","max_age":604800}', 'Server': 'cloudflare', 'CF-RAY': '8ad950d17feda3e2-ORD', 'alt-svc': 'h3=":443"; ma=86400'} 
 body={"results":[{"gender":"female","name":{"title":"Mademoiselle","first":"Liv","last":"Sanchez"},"location":{"street":{"number":2304,"name":"Boulevard de Balmont"},"city":"Marly","state":"Jura","country":"Switzerland","postcode":5196,"coordinates":{"latitude":"-60.8630","longitude":"19.0187"},"timezone":{"offset":"-7:00","description":"Mountain Time (US &amp; Canada)"}},"email":"liv.sanchez@example.com","login":{"uuid":"9f533286-1050-44f7-83a9-ec723574c8b7","username":"organicwolf803","password":"paradigm","salt":"axcs7EYo","md5":"5d2647cd35559a6491783d27ea110578","sha1":"8d586512d86cfad16ac92e8cf11114789dd4283a","sha256":"fb811ffcced89d1b204c408747a51ca26699932c7cf9ba3a9f8b4fd911f08dc7"},"dob":{"date":"1971-11-15T09:11:26.675Z","age":52},"registered":{"date":"2005-08-04T12:28:54.443Z","age":18},"phone":"076 757 48 92","cell":"076 956 64 15","id":{"name":"AVS","value":"756.9218.6880.00"},"picture":{"large":"https://randomuser.me/api/portraits/women/24.jpg","medium":"https://randomuser.me/api/portraits/med/women/24.jpg","thumbnail":"https://randomuser.me/api/portraits/thumb/women/24.jpg"},"nat":"CH"}],"info":{"seed":"3373d2b6767c9d79","results":1,"page":1,"version":"1.4"}} 
 </msg>
<msg time="2024-08-03T21:14:09.612702" level="INFO">/opt/hostedtoolcache/Python/3.12.4/x64/lib/python3.12/site-packages/urllib3/connectionpool.py:1099: InsecureRequestWarning: Unverified HTTPS request is being made to host 'randomuser.me'. Adding certificate verification is strongly advised. See: https://urllib3.readthedocs.io/en/latest/advanced-usage.html#tls-warnings
  warnings.warn(</msg>
<msg time="2024-08-03T21:14:09.612822" level="INFO">${response} = &lt;Response [200]&gt;</msg>
<var>${response}</var>
<arg>consultarAPI</arg>
<arg>/api</arg>
<doc>Sends a GET request on a previously created HTTP Session.</doc>
<status status="PASS" start="2024-08-03T21:14:09.511888" elapsed="0.100977"/>
</kw>
<kw name="Set Variable" owner="BuiltIn">
<msg time="2024-08-03T21:14:09.613792" level="INFO">${json_data} = {'results': [{'gender': 'female', 'name': {'title': 'Mademoiselle', 'first': 'Liv', 'last': 'Sanchez'}, 'location': {'street': {'number': 2304, 'name': 'Boulevard de Balmont'}, 'city': 'Marly', 'state...</msg>
<var>${json_data}</var>
<arg>${response.json()}</arg>
<doc>Returns the given values which can then be assigned to a variables.</doc>
<status status="PASS" start="2024-08-03T21:14:09.613272" elapsed="0.000548"/>
</kw>
<kw name="Log" owner="BuiltIn">
<msg time="2024-08-03T21:14:09.614289" level="INFO">{'results': [{'gender': 'female', 'name': {'title': 'Mademoiselle', 'first': 'Liv', 'last': 'Sanchez'}, 'location': {'street': {'number': 2304, 'name': 'Boulevard de Balmont'}, 'city': 'Marly', 'state': 'Jura', 'country': 'Switzerland', 'postcode': 5196, 'coordinates': {'latitude': '-60.8630', 'longitude': '19.0187'}, 'timezone': {'offset': '-7:00', 'description': 'Mountain Time (US &amp; Canada)'}}, 'email': 'liv.sanchez@example.com', 'login': {'uuid': '9f533286-1050-44f7-83a9-ec723574c8b7', 'username': 'organicwolf803', 'password': 'paradigm', 'salt': 'axcs7EYo', 'md5': '5d2647cd35559a6491783d27ea110578', 'sha1': '8d586512d86cfad16ac92e8cf11114789dd4283a', 'sha256': 'fb811ffcced89d1b204c408747a51ca26699932c7cf9ba3a9f8b4fd911f08dc7'}, 'dob': {'date': '1971-11-15T09:11:26.675Z', 'age': 52}, 'registered': {'date': '2005-08-04T12:28:54.443Z', 'age': 18}, 'phone': '076 757 48 92', 'cell': '076 956 64 15', 'id': {'name': 'AVS', 'value': '756.9218.6880.00'}, 'picture': {'large': 'https://randomuser.me/api/portraits/women/24.jpg', 'medium': 'https://randomuser.me/api/portraits/med/women/24.jpg', 'thumbnail': 'https://randomuser.me/api/portraits/thumb/women/24.jpg'}, 'nat': 'CH'}], 'info': {'seed': '3373d2b6767c9d79', 'results': 1, 'page': 1, 'version': '1.4'}}</msg>
<arg>${json_data}</arg>
<doc>Logs the given message with the given level.</doc>
<status status="PASS" start="2024-08-03T21:14:09.614130" elapsed="0.000206"/>
</kw>
<kw name="Dictionary Should Contain Key" owner="Collections">
<arg>${json_data}</arg>
<arg>results</arg>
<doc>Fails if ``key`` is not found from ``dictionary``.</doc>
<status status="PASS" start="2024-08-03T21:14:09.614630" elapsed="0.000165"/>
</kw>
<kw name="Should Not Be Empty" owner="BuiltIn">
<msg time="2024-08-03T21:14:09.615100" level="INFO">Length is 2.</msg>
<arg>${json_data}</arg>
<doc>Verifies that the given item is not empty.</doc>
<status status="PASS" start="2024-08-03T21:14:09.614976" elapsed="0.000162"/>
</kw>
<kw name="Create List" owner="BuiltIn">
<msg time="2024-08-03T21:14:09.615567" level="INFO">${expected_keys} = ['gender', 'name', 'location', 'email', 'login']</msg>
<var>${expected_keys}</var>
<arg>gender</arg>
<arg>name</arg>
<arg>location</arg>
<arg>email</arg>
<arg>login</arg>
<doc>Returns a list containing given items.</doc>
<status status="PASS" start="2024-08-03T21:14:09.615420" elapsed="0.000171"/>
</kw>
<for flavor="IN">
<iter>
<kw name="Dictionary Should Contain Key" owner="Collections">
<arg>${json_data['results'][0]}</arg>
<arg>${key}</arg>
<doc>Fails if ``key`` is not found from ``dictionary``.</doc>
<status status="PASS" start="2024-08-03T21:14:09.616167" elapsed="0.000409"/>
</kw>
<kw name="Log" owner="BuiltIn">
<msg time="2024-08-03T21:14:09.617126" level="INFO">{'gender': 'female', 'name': {'title': 'Mademoiselle', 'first': 'Liv', 'last': 'Sanchez'}, 'location': {'street': {'number': 2304, 'name': 'Boulevard de Balmont'}, 'city': 'Marly', 'state': 'Jura', 'country': 'Switzerland', 'postcode': 5196, 'coordinates': {'latitude': '-60.8630', 'longitude': '19.0187'}, 'timezone': {'offset': '-7:00', 'description': 'Mountain Time (US &amp; Canada)'}}, 'email': 'liv.sanchez@example.com', 'login': {'uuid': '9f533286-1050-44f7-83a9-ec723574c8b7', 'username': 'organicwolf803', 'password': 'paradigm', 'salt': 'axcs7EYo', 'md5': '5d2647cd35559a6491783d27ea110578', 'sha1': '8d586512d86cfad16ac92e8cf11114789dd4283a', 'sha256': 'fb811ffcced89d1b204c408747a51ca26699932c7cf9ba3a9f8b4fd911f08dc7'}, 'dob': {'date': '1971-11-15T09:11:26.675Z', 'age': 52}, 'registered': {'date': '2005-08-04T12:28:54.443Z', 'age': 18}, 'phone': '076 757 48 92', 'cell': '076 956 64 15', 'id': {'name': 'AVS', 'value': '756.9218.6880.00'}, 'picture': {'large': 'https://randomuser.me/api/portraits/women/24.jpg', 'medium': 'https://randomuser.me/api/portraits/med/women/24.jpg', 'thumbnail': 'https://randomuser.me/api/portraits/thumb/women/24.jpg'}, 'nat': 'CH'}</msg>
<arg>${json_data['results'][0]}</arg>
<doc>Logs the given message with the given level.</doc>
<status status="PASS" start="2024-08-03T21:14:09.616766" elapsed="0.000409"/>
</kw>
<kw name="Log" owner="BuiltIn">
<msg time="2024-08-03T21:14:09.617647" level="INFO">gender</msg>
<arg>${key}</arg>
<doc>Logs the given message with the given level.</doc>
<status status="PASS" start="2024-08-03T21:14:09.617513" elapsed="0.000172"/>
</kw>
<var name="${key}">gender</var>
<status status="PASS" start="2024-08-03T21:14:09.616043" elapsed="0.001865"/>
</iter>
<iter>
<kw name="Dictionary Should Contain Key" owner="Collections">
<arg>${json_data['results'][0]}</arg>
<arg>${key}</arg>
<doc>Fails if ``key`` is not found from ``dictionary``.</doc>
<status status="PASS" start="2024-08-03T21:14:09.618204" elapsed="0.000393"/>
</kw>
<kw name="Log" owner="BuiltIn">
<msg time="2024-08-03T21:14:09.619170" level="INFO">{'gender': 'female', 'name': {'title': 'Mademoiselle', 'first': 'Liv', 'last': 'Sanchez'}, 'location': {'street': {'number': 2304, 'name': 'Boulevard de Balmont'}, 'city': 'Marly', 'state': 'Jura', 'country': 'Switzerland', 'postcode': 5196, 'coordinates': {'latitude': '-60.8630', 'longitude': '19.0187'}, 'timezone': {'offset': '-7:00', 'description': 'Mountain Time (US &amp; Canada)'}}, 'email': 'liv.sanchez@example.com', 'login': {'uuid': '9f533286-1050-44f7-83a9-ec723574c8b7', 'username': 'organicwolf803', 'password': 'paradigm', 'salt': 'axcs7EYo', 'md5': '5d2647cd35559a6491783d27ea110578', 'sha1': '8d586512d86cfad16ac92e8cf11114789dd4283a', 'sha256': 'fb811ffcced89d1b204c408747a51ca26699932c7cf9ba3a9f8b4fd911f08dc7'}, 'dob': {'date': '1971-11-15T09:11:26.675Z', 'age': 52}, 'registered': {'date': '2005-08-04T12:28:54.443Z', 'age': 18}, 'phone': '076 757 48 92', 'cell': '076 956 64 15', 'id': {'name': 'AVS', 'value': '756.9218.6880.00'}, 'picture': {'large': 'https://randomuser.me/api/portraits/women/24.jpg', 'medium': 'https://randomuser.me/api/portraits/med/women/24.jpg', 'thumbnail': 'https://randomuser.me/api/portraits/thumb/women/24.jpg'}, 'nat': 'CH'}</msg>
<arg>${json_data['results'][0]}</arg>
<doc>Logs the given message with the given level.</doc>
<status status="PASS" start="2024-08-03T21:14:09.618780" elapsed="0.000438"/>
</kw>
<kw name="Log" owner="BuiltIn">
<msg time="2024-08-03T21:14:09.619642" level="INFO">name</msg>
<arg>${key}</arg>
<doc>Logs the given message with the given level.</doc>
<status status="PASS" start="2024-08-03T21:14:09.619513" elapsed="0.000166"/>
</kw>
<var name="${key}">name</var>
<status status="PASS" start="2024-08-03T21:14:09.618092" elapsed="0.001807"/>
</iter>
<iter>
<kw name="Dictionary Should Contain Key" owner="Collections">
<arg>${json_data['results'][0]}</arg>
<arg>${key}</arg>
<doc>Fails if ``key`` is not found from ``dictionary``.</doc>
<status status="PASS" start="2024-08-03T21:14:09.620207" elapsed="0.000383"/>
</kw>
<kw name="Log" owner="BuiltIn">
<msg time="2024-08-03T21:14:09.621119" level="INFO">{'gender': 'female', 'name': {'title': 'Mademoiselle', 'first': 'Liv', 'last': 'Sanchez'}, 'location': {'street': {'number': 2304, 'name': 'Boulevard de Balmont'}, 'city': 'Marly', 'state': 'Jura', 'country': 'Switzerland', 'postcode': 5196, 'coordinates': {'latitude': '-60.8630', 'longitude': '19.0187'}, 'timezone': {'offset': '-7:00', 'description': 'Mountain Time (US &amp; Canada)'}}, 'email': 'liv.sanchez@example.com', 'login': {'uuid': '9f533286-1050-44f7-83a9-ec723574c8b7', 'username': 'organicwolf803', 'password': 'paradigm', 'salt': 'axcs7EYo', 'md5': '5d2647cd35559a6491783d27ea110578', 'sha1': '8d586512d86cfad16ac92e8cf11114789dd4283a', 'sha256': 'fb811ffcced89d1b204c408747a51ca26699932c7cf9ba3a9f8b4fd911f08dc7'}, 'dob': {'date': '1971-11-15T09:11:26.675Z', 'age': 52}, 'registered': {'date': '2005-08-04T12:28:54.443Z', 'age': 18}, 'phone': '076 757 48 92', 'cell': '076 956 64 15', 'id': {'name': 'AVS', 'value': '756.9218.6880.00'}, 'picture': {'large': 'https://randomuser.me/api/portraits/women/24.jpg', 'medium': 'https://randomuser.me/api/portraits/med/women/24.jpg', 'thumbnail': 'https://randomuser.me/api/portraits/thumb/women/24.jpg'}, 'nat': 'CH'}</msg>
<arg>${json_data['results'][0]}</arg>
<doc>Logs the given message with the given level.</doc>
<status status="PASS" start="2024-08-03T21:14:09.620775" elapsed="0.000392"/>
</kw>
<kw name="Log" owner="BuiltIn">
<msg time="2024-08-03T21:14:09.621701" level="INFO">location</msg>
<arg>${key}</arg>
<doc>Logs the given message with the given level.</doc>
<status status="PASS" start="2024-08-03T21:14:09.621525" elapsed="0.000225"/>
</kw>
<var name="${key}">location</var>
<status status="PASS" start="2024-08-03T21:14:09.620098" elapsed="0.001883"/>
</iter>
<iter>
<kw name="Dictionary Should Contain Key" owner="Collections">
<arg>${json_data['results'][0]}</arg>
<arg>${key}</arg>
<doc>Fails if ``key`` is not found from ``dictionary``.</doc>
<status status="PASS" start="2024-08-03T21:14:09.622267" elapsed="0.000383"/>
</kw>
<kw name="Log" owner="BuiltIn">
<msg time="2024-08-03T21:14:09.623308" level="INFO">{'gender': 'female', 'name': {'title': 'Mademoiselle', 'first': 'Liv', 'last': 'Sanchez'}, 'location': {'street': {'number': 2304, 'name': 'Boulevard de Balmont'}, 'city': 'Marly', 'state': 'Jura', 'country': 'Switzerland', 'postcode': 5196, 'coordinates': {'latitude': '-60.8630', 'longitude': '19.0187'}, 'timezone': {'offset': '-7:00', 'description': 'Mountain Time (US &amp; Canada)'}}, 'email': 'liv.sanchez@example.com', 'login': {'uuid': '9f533286-1050-44f7-83a9-ec723574c8b7', 'username': 'organicwolf803', 'password': 'paradigm', 'salt': 'axcs7EYo', 'md5': '5d2647cd35559a6491783d27ea110578', 'sha1': '8d586512d86cfad16ac92e8cf11114789dd4283a', 'sha256': 'fb811ffcced89d1b204c408747a51ca26699932c7cf9ba3a9f8b4fd911f08dc7'}, 'dob': {'date': '1971-11-15T09:11:26.675Z', 'age': 52}, 'registered': {'date': '2005-08-04T12:28:54.443Z', 'age': 18}, 'phone': '076 757 48 92', 'cell': '076 956 64 15', 'id': {'name': 'AVS', 'value': '756.9218.6880.00'}, 'picture': {'large': 'https://randomuser.me/api/portraits/women/24.jpg', 'medium': 'https://randomuser.me/api/portraits/med/women/24.jpg', 'thumbnail': 'https://randomuser.me/api/portraits/thumb/women/24.jpg'}, 'nat': 'CH'}</msg>
<arg>${json_data['results'][0]}</arg>
<doc>Logs the given message with the given level.</doc>
<status status="PASS" start="2024-08-03T21:14:09.622951" elapsed="0.000406"/>
</kw>
<kw name="Log" owner="BuiltIn">
<msg time="2024-08-03T21:14:09.623784" level="INFO">email</msg>
<arg>${key}</arg>
<doc>Logs the given message with the given level.</doc>
<status status="PASS" start="2024-08-03T21:14:09.623656" elapsed="0.000167"/>
</kw>
<var name="${key}">email</var>
<status status="PASS" start="2024-08-03T21:14:09.622158" elapsed="0.001933"/>
</iter>
<iter>
<kw name="Dictionary Should Contain Key" owner="Collections">
<arg>${json_data['results'][0]}</arg>
<arg>${key}</arg>
<doc>Fails if ``key`` is not found from ``dictionary``.</doc>
<status status="PASS" start="2024-08-03T21:14:09.624523" elapsed="0.000547"/>
</kw>
<kw name="Log" owner="BuiltIn">
<msg time="2024-08-03T21:14:09.625651" level="INFO">{'gender': 'female', 'name': {'title': 'Mademoiselle', 'first': 'Liv', 'last': 'Sanchez'}, 'location': {'street': {'number': 2304, 'name': 'Boulevard de Balmont'}, 'city': 'Marly', 'state': 'Jura', 'country': 'Switzerland', 'postcode': 5196, 'coordinates': {'latitude': '-60.8630', 'longitude': '19.0187'}, 'timezone': {'offset': '-7:00', 'description': 'Mountain Time (US &amp; Canada)'}}, 'email': 'liv.sanchez@example.com', 'login': {'uuid': '9f533286-1050-44f7-83a9-ec723574c8b7', 'username': 'organicwolf803', 'password': 'paradigm', 'salt': 'axcs7EYo', 'md5': '5d2647cd35559a6491783d27ea110578', 'sha1': '8d586512d86cfad16ac92e8cf11114789dd4283a', 'sha256': 'fb811ffcced89d1b204c408747a51ca26699932c7cf9ba3a9f8b4fd911f08dc7'}, 'dob': {'date': '1971-11-15T09:11:26.675Z', 'age': 52}, 'registered': {'date': '2005-08-04T12:28:54.443Z', 'age': 18}, 'phone': '076 757 48 92', 'cell': '076 956 64 15', 'id': {'name': 'AVS', 'value': '756.9218.6880.00'}, 'picture': {'large': 'https://randomuser.me/api/portraits/women/24.jpg', 'medium': 'https://randomuser.me/api/portraits/med/women/24.jpg', 'thumbnail': 'https://randomuser.me/api/portraits/thumb/women/24.jpg'}, 'nat': 'CH'}</msg>
<arg>${json_data['results'][0]}</arg>
<doc>Logs the given message with the given level.</doc>
<status status="PASS" start="2024-08-03T21:14:09.625258" elapsed="0.000442"/>
</kw>
<kw name="Log" owner="BuiltIn">
<msg time="2024-08-03T21:14:09.626127" level="INFO">login</msg>
<arg>${key}</arg>
<doc>Logs the given message with the given level.</doc>
<status status="PASS" start="2024-08-03T21:14:09.625998" elapsed="0.000166"/>
</kw>
<var name="${key}">login</var>
<status status="PASS" start="2024-08-03T21:14:09.624358" elapsed="0.002023"/>
</iter>
<var>${key}</var>
<value>@{expected_keys}</value>
<status status="PASS" start="2024-08-03T21:14:09.615845" elapsed="0.010656"/>
</for>
<kw name="Create List" owner="BuiltIn">
<msg time="2024-08-03T21:14:09.626878" level="INFO">${expected_keysTwo} = ['username', 'password']</msg>
<var>${expected_keysTwo}</var>
<arg>username</arg>
<arg>password</arg>
<doc>Returns a list containing given items.</doc>
<status status="PASS" start="2024-08-03T21:14:09.626721" elapsed="0.000181"/>
</kw>
<for flavor="IN">
<iter>
<kw name="Dictionary Should Contain Key" owner="Collections">
<arg>${json_data['results'][0]['login']}</arg>
<arg>${keyTwo}</arg>
<doc>Fails if ``key`` is not found from ``dictionary``.</doc>
<status status="PASS" start="2024-08-03T21:14:09.627403" elapsed="0.000384"/>
</kw>
<kw name="Dictionary Should Contain Key" owner="Collections">
<arg>${json_data['results'][0]['login']}</arg>
<arg>${keyTwo}</arg>
<doc>Fails if ``key`` is not found from ``dictionary``.</doc>
<status status="PASS" start="2024-08-03T21:14:09.627972" elapsed="0.000380"/>
</kw>
<kw name="Log" owner="BuiltIn">
<msg time="2024-08-03T21:14:09.628653" level="INFO">username</msg>
<arg>${keyTwo}</arg>
<doc>Logs the given message with the given level.</doc>
<status status="PASS" start="2024-08-03T21:14:09.628532" elapsed="0.000158"/>
</kw>
<var name="${keyTwo}">username</var>
<status status="PASS" start="2024-08-03T21:14:09.627295" elapsed="0.001615"/>
</iter>
<iter>
<kw name="Dictionary Should Contain Key" owner="Collections">
<arg>${json_data['results'][0]['login']}</arg>
<arg>${keyTwo}</arg>
<doc>Fails if ``key`` is not found from ``dictionary``.</doc>
<status status="PASS" start="2024-08-03T21:14:09.629201" elapsed="0.000432"/>
</kw>
<kw name="Dictionary Should Contain Key" owner="Collections">
<arg>${json_data['results'][0]['login']}</arg>
<arg>${keyTwo}</arg>
<doc>Fails if ``key`` is not found from ``dictionary``.</doc>
<status status="PASS" start="2024-08-03T21:14:09.629814" elapsed="0.000371"/>
</kw>
<kw name="Log" owner="BuiltIn">
<msg time="2024-08-03T21:14:09.630483" level="INFO">password</msg>
<arg>${keyTwo}</arg>
<doc>Logs the given message with the given level.</doc>
<status status="PASS" start="2024-08-03T21:14:09.630363" elapsed="0.000157"/>
</kw>
<var name="${keyTwo}">password</var>
<status status="PASS" start="2024-08-03T21:14:09.629084" elapsed="0.001661"/>
</iter>
<var>${keyTwo}</var>
<value>@{expected_keysTwo}</value>
<status status="PASS" start="2024-08-03T21:14:09.627143" elapsed="0.003724"/>
</for>
<status status="PASS" start="2024-08-03T21:14:09.511550" elapsed="0.119459"/>
</kw>
<doc>Testa a estrutura da resposta da API.</doc>
<tag>testeEstruturaResposta</tag>
<status status="PASS" start="2024-08-03T21:14:09.510792" elapsed="0.120370"/>
</test>
<test id="s1-s1-t4" name="Validar tipos de dados" line="28">
<kw name="Teste de Tipos de Dados" owner="random-user-service">
<kw name="GET On Session" owner="RequestsLibrary">
<msg time="2024-08-03T21:14:09.705006" level="INFO">GET Request : url=https://randomuser.me/api 
 path_url=/api 
 headers={'User-Agent': 'python-requests/2.32.3', 'Accept-Encoding': 'gzip, deflate', 'Accept': '*/*', 'Connection': 'keep-alive'} 
 body=None 
 </msg>
<msg time="2024-08-03T21:14:09.705083" level="INFO">GET Response : url=https://randomuser.me/api 
 status=200, reason=OK 
 headers={'Date': 'Sat, 03 Aug 2024 21:14:09 GMT', 'Content-Type': 'application/json; charset=utf-8', 'Transfer-Encoding': 'chunked', 'Connection': 'keep-alive', 'X-Powered-By': 'Express', 'Access-Control-Allow-Origin': '*', 'Cache-Control': 'no-cache', 'ETag': 'W/"48a-hzYgSer7CiopWUgiDmc5PNFiCzU"', 'Vary': 'Accept-Encoding', 'Content-Encoding': 'gzip', 'CF-Cache-Status': 'DYNAMIC', 'Report-To': '{"endpoints":[{"url":"https:\\/\\/a.nel.cloudflare.com\\/report\\/v4?s=Spdgm6BtdTfNWcCro3Em%2Fjf6ZTpkAYh02rx5UTceDUts8FvkWc%2FXTKvoIn1TgfTkwluv7LRt7ZdD%2Fw1i5Lp%2FSJ6yCZs9WvnuF%2FmoO1maJsXjv4c4oi3crgkQ8EIRFJJ9"}],"group":"cf-nel","max_age":604800}', 'NEL': '{"success_fraction":0,"report_to":"cf-nel","max_age":604800}', 'Server': 'cloudflare', 'CF-RAY': '8ad950d2389da3e2-ORD', 'alt-svc': 'h3=":443"; ma=86400'} 
 body={"results":[{"gender":"female","name":{"title":"Miss","first":"Änne","last":"Schröder"},"location":{"street":{"number":2229,"name":"Kirchgasse"},"city":"Papenburg","state":"Schleswig-Holstein","country":"Germany","postcode":70649,"coordinates":{"latitude":"-54.1034","longitude":"30.0007"},"timezone":{"offset":"+5:45","description":"Kathmandu"}},"email":"anne.schroder@example.com","login":{"uuid":"fc3c38ae-a322-49b1-9a08-995ce128eb6a","username":"orangelion609","password":"898989","salt":"njjJUfKO","md5":"437f76d5e696e60b060c4bf60967a47b","sha1":"6e4349bf7f5efef8a4190f3e44b521e2ea5ac081","sha256":"eb4e46358e60d6e7ee5f517035548438586d94815d5395548c05729481cac9c7"},"dob":{"date":"1965-04-28T04:56:57.262Z","age":59},"registered":{"date":"2018-07-02T16:49:26.705Z","age":6},"phone":"0015-9736652","cell":"0177-9518679","id":{"name":"SVNR","value":"23 270465 S 559"},"picture":{"large":"https://randomuser.me/api/portraits/women/87.jpg","medium":"https://randomuser.me/api/portraits/med/women/87.jpg","thumbnail":"https://randomuser.me/api/portraits/thumb/women/87.jpg"},"nat":"DE"}],"info":{"seed":"fbab354fed518728","results":1,"page":1,"version":"1.4"}} 
 </msg>
<msg time="2024-08-03T21:14:09.705142" level="INFO">/opt/hostedtoolcache/Python/3.12.4/x64/lib/python3.12/site-packages/urllib3/connectionpool.py:1099: InsecureRequestWarning: Unverified HTTPS request is being made to host 'randomuser.me'. Adding certificate verification is strongly advised. See: https://urllib3.readthedocs.io/en/latest/advanced-usage.html#tls-warnings
  warnings.warn(</msg>
<msg time="2024-08-03T21:14:09.705234" level="INFO">${response} = &lt;Response [200]&gt;</msg>
<var>${response}</var>
<arg>consultarAPI</arg>
<arg>/api</arg>
<doc>Sends a GET request on a previously created HTTP Session.</doc>
<status status="PASS" start="2024-08-03T21:14:09.633698" elapsed="0.071578"/>
</kw>
<kw name="Set Variable" owner="BuiltIn">
<msg time="2024-08-03T21:14:09.706335" level="INFO">${json_data} = {'results': [{'gender': 'female', 'name': {'title': 'Miss', 'first': 'Änne', 'last': 'Schröder'}, 'location': {'street': {'number': 2229, 'name': 'Kirchgasse'}, 'city': 'Papenburg', 'state': 'Schleswi...</msg>
<var>${json_data}</var>
<arg>${response.json()}</arg>
<doc>Returns the given values which can then be assigned to a variables.</doc>
<status status="PASS" start="2024-08-03T21:14:09.705763" elapsed="0.000602"/>
</kw>
<kw name="Log" owner="BuiltIn">
<msg time="2024-08-03T21:14:09.706832" level="INFO">{'results': [{'gender': 'female', 'name': {'title': 'Miss', 'first': 'Änne', 'last': 'Schröder'}, 'location': {'street': {'number': 2229, 'name': 'Kirchgasse'}, 'city': 'Papenburg', 'state': 'Schleswig-Holstein', 'country': 'Germany', 'postcode': 70649, 'coordinates': {'latitude': '-54.1034', 'longitude': '30.0007'}, 'timezone': {'offset': '+5:45', 'description': 'Kathmandu'}}, 'email': 'anne.schroder@example.com', 'login': {'uuid': 'fc3c38ae-a322-49b1-9a08-995ce128eb6a', 'username': 'orangelion609', 'password': '898989', 'salt': 'njjJUfKO', 'md5': '437f76d5e696e60b060c4bf60967a47b', 'sha1': '6e4349bf7f5efef8a4190f3e44b521e2ea5ac081', 'sha256': 'eb4e46358e60d6e7ee5f517035548438586d94815d5395548c05729481cac9c7'}, 'dob': {'date': '1965-04-28T04:56:57.262Z', 'age': 59}, 'registered': {'date': '2018-07-02T16:49:26.705Z', 'age': 6}, 'phone': '0015-9736652', 'cell': '0177-9518679', 'id': {'name': 'SVNR', 'value': '23 270465 S 559'}, 'picture': {'large': 'https://randomuser.me/api/portraits/women/87.jpg', 'medium': 'https://randomuser.me/api/portraits/med/women/87.jpg', 'thumbnail': 'https://randomuser.me/api/portraits/thumb/women/87.jpg'}, 'nat': 'DE'}], 'info': {'seed': 'fbab354fed518728', 'results': 1, 'page': 1, 'version': '1.4'}}</msg>
<arg>${json_data}</arg>
<doc>Logs the given message with the given level.</doc>
<status status="PASS" start="2024-08-03T21:14:09.706673" elapsed="0.000207"/>
</kw>
<kw name="Should Be String" owner="String">
<arg>${json_data['results'][0]['gender']}</arg>
<doc>Fails if the given ``item`` is not a string.</doc>
<status status="PASS" start="2024-08-03T21:14:09.707182" elapsed="0.000363"/>
</kw>
<kw name="Should Match Regexp" owner="BuiltIn">
<arg>${json_data['results'][0]['email']}</arg>
<arg>^[a-zA-Z0-9._%+-]+@[a-zA-Z0-9.-]+\.[a-zA-Z]{2,}$</arg>
<doc>Fails if ``string`` does not match ``pattern`` as a regular expression.</doc>
<status status="PASS" start="2024-08-03T21:14:09.707770" elapsed="0.000525"/>
</kw>
<kw name="Should Match Regexp" owner="BuiltIn">
<arg>${json_data['results'][0]['dob']['date']}</arg>
<arg>\\d{4}-\\d{2}-\\d{2}T\\d{2}:\\d{2}:\\d{2}\\.\\d{3}Z</arg>
<doc>Fails if ``string`` does not match ``pattern`` as a regular expression.</doc>
<status status="PASS" start="2024-08-03T21:14:09.708493" elapsed="0.000602"/>
</kw>
<kw name="Should Match Regexp" owner="BuiltIn">
<arg>${json_data['results'][0]['registered']['date']}</arg>
<arg>\\d{4}-\\d{2}-\\d{2}T\\d{2}:\\d{2}:\\d{2}\\.\\d{3}Z</arg>
<doc>Fails if ``string`` does not match ``pattern`` as a regular expression.</doc>
<status status="PASS" start="2024-08-03T21:14:09.709299" elapsed="0.000413"/>
</kw>
<kw name="Should Match Regexp" owner="BuiltIn">
<arg>${json_data['results'][0]['picture']['large']}</arg>
<arg>^https?://.*\.(?:png|jpe?g|gif|bmp)$</arg>
<doc>Fails if ``string`` does not match ``pattern`` as a regular expression.</doc>
<status status="PASS" start="2024-08-03T21:14:09.709901" elapsed="0.000463"/>
</kw>
<kw name="Should Match Regexp" owner="BuiltIn">
<arg>${json_data['results'][0]['picture']['medium']}</arg>
<arg>^https?://.*\.(?:png|jpe?g|gif|bmp)$</arg>
<doc>Fails if ``string`` does not match ``pattern`` as a regular expression.</doc>
<status status="PASS" start="2024-08-03T21:14:09.710556" elapsed="0.000364"/>
</kw>
<kw name="Should Match Regexp" owner="BuiltIn">
<arg>${json_data['results'][0]['picture']['thumbnail']}</arg>
<arg>^https?://.*\.(?:png|jpe?g|gif|bmp)$</arg>
<doc>Fails if ``string`` does not match ``pattern`` as a regular expression.</doc>
<status status="PASS" start="2024-08-03T21:14:09.711103" elapsed="0.000348"/>
</kw>
<kw name="Log" owner="BuiltIn">
<msg time="2024-08-03T21:14:09.711952" level="INFO">{'large': 'https://randomuser.me/api/portraits/women/87.jpg', 'medium': 'https://randomuser.me/api/portraits/med/women/87.jpg', 'thumbnail': 'https://randomuser.me/api/portraits/thumb/women/87.jpg'}</msg>
<arg>${json_data['results'][0]['picture']}</arg>
<doc>Logs the given message with the given level.</doc>
<status status="PASS" start="2024-08-03T21:14:09.711631" elapsed="0.000363"/>
</kw>
<status status="PASS" start="2024-08-03T21:14:09.633468" elapsed="0.078790"/>
</kw>
<kw name="Teste de Tipos de Dados - Postcode" owner="random-user-service">
<kw name="GET On Session" owner="RequestsLibrary">
<msg time="2024-08-03T21:14:09.810213" level="INFO">GET Request : url=https://randomuser.me/api 
 path_url=/api 
 headers={'User-Agent': 'python-requests/2.32.3', 'Accept-Encoding': 'gzip, deflate', 'Accept': '*/*', 'Connection': 'keep-alive'} 
 body=None 
 </msg>
<msg time="2024-08-03T21:14:09.810303" level="INFO">GET Response : url=https://randomuser.me/api 
 status=200, reason=OK 
 headers={'Date': 'Sat, 03 Aug 2024 21:14:09 GMT', 'Content-Type': 'application/json; charset=utf-8', 'Transfer-Encoding': 'chunked', 'Connection': 'keep-alive', 'X-Powered-By': 'Express', 'Access-Control-Allow-Origin': '*', 'Cache-Control': 'no-cache', 'ETag': 'W/"49d-cxugnFkbhcoZkj3UP7E/240Y/qM"', 'Vary': 'Accept-Encoding', 'Content-Encoding': 'gzip', 'CF-Cache-Status': 'DYNAMIC', 'Report-To': '{"endpoints":[{"url":"https:\\/\\/a.nel.cloudflare.com\\/report\\/v4?s=KIETV%2B7o5%2BGHfkG%2BXQPnjogjWcb4vmJ60ACLjzRF3lD%2FhZwy1UgdHNl2DIObvVmsFq8juSpaON%2FfWODXmqSikhBJPz85t4EScLJ52lC1QGonuO2l0RGXXp%2FgiNIZKY0Y"}],"group":"cf-nel","max_age":604800}', 'NEL': '{"success_fraction":0,"report_to":"cf-nel","max_age":604800}', 'Server': 'cloudflare', 'CF-RAY': '8ad950d2b91ca3e2-ORD', 'alt-svc': 'h3=":443"; ma=86400'} 
 body={"results":[{"gender":"female","name":{"title":"Miss","first":"Astrid","last":"Pedersen"},"location":{"street":{"number":1574,"name":"Solsikkevej"},"city":"Nørre Sundby","state":"Sjælland","country":"Denmark","postcode":59956,"coordinates":{"latitude":"-39.8021","longitude":"46.4556"},"timezone":{"offset":"-5:00","description":"Eastern Time (US &amp; Canada), Bogota, Lima"}},"email":"astrid.pedersen@example.com","login":{"uuid":"2b432c8c-8962-4e1d-831c-c261d5c61571","username":"smallpeacock213","password":"banzai","salt":"LAj5eZUl","md5":"c7019ca1aa3dee0cd79e7c4e237a42c5","sha1":"b2834198cb00de6224313fb2f073b3a1147ce327","sha256":"abc84ecfef533c5717244eb6fbe0572457090a5e01d9ffdfc59d3e9dd7bc6f53"},"dob":{"date":"1968-08-18T01:54:29.170Z","age":55},"registered":{"date":"2003-10-29T15:20:01.117Z","age":20},"phone":"38303410","cell":"15745946","id":{"name":"CPR","value":"170868-1295"},"picture":{"large":"https://randomuser.me/api/portraits/women/80.jpg","medium":"https://randomuser.me/api/portraits/med/women/80.jpg","thumbnail":"https://randomuser.me/api/portraits/thumb/women/80.jpg"},"nat":"DK"}],"info":{"seed":"0ddbd4d43cb46abd","results":1,"page":1,"version":"1.4"}} 
 </msg>
<msg time="2024-08-03T21:14:09.810375" level="INFO">/opt/hostedtoolcache/Python/3.12.4/x64/lib/python3.12/site-packages/urllib3/connectionpool.py:1099: InsecureRequestWarning: Unverified HTTPS request is being made to host 'randomuser.me'. Adding certificate verification is strongly advised. See: https://urllib3.readthedocs.io/en/latest/advanced-usage.html#tls-warnings
  warnings.warn(</msg>
<msg time="2024-08-03T21:14:09.810467" level="INFO">${response} = &lt;Response [200]&gt;</msg>
<var>${response}</var>
<arg>consultarAPI</arg>
<arg>/api</arg>
<doc>Sends a GET request on a previously created HTTP Session.</doc>
<status status="PASS" start="2024-08-03T21:14:09.712692" elapsed="0.097817"/>
</kw>
<kw name="Set Variable" owner="BuiltIn">
<msg time="2024-08-03T21:14:09.811584" level="INFO">${json_data} = {'results': [{'gender': 'female', 'name': {'title': 'Miss', 'first': 'Astrid', 'last': 'Pedersen'}, 'location': {'street': {'number': 1574, 'name': 'Solsikkevej'}, 'city': 'Nørre Sundby', 'state': 'Sj...</msg>
<var>${json_data}</var>
<arg>${response.json()}</arg>
<doc>Returns the given values which can then be assigned to a variables.</doc>
<status status="PASS" start="2024-08-03T21:14:09.810983" elapsed="0.000630"/>
</kw>
<kw name="Log" owner="BuiltIn">
<msg time="2024-08-03T21:14:09.812087" level="INFO">{'results': [{'gender': 'female', 'name': {'title': 'Miss', 'first': 'Astrid', 'last': 'Pedersen'}, 'location': {'street': {'number': 1574, 'name': 'Solsikkevej'}, 'city': 'Nørre Sundby', 'state': 'Sjælland', 'country': 'Denmark', 'postcode': 59956, 'coordinates': {'latitude': '-39.8021', 'longitude': '46.4556'}, 'timezone': {'offset': '-5:00', 'description': 'Eastern Time (US &amp; Canada), Bogota, Lima'}}, 'email': 'astrid.pedersen@example.com', 'login': {'uuid': '2b432c8c-8962-4e1d-831c-c261d5c61571', 'username': 'smallpeacock213', 'password': 'banzai', 'salt': 'LAj5eZUl', 'md5': 'c7019ca1aa3dee0cd79e7c4e237a42c5', 'sha1': 'b2834198cb00de6224313fb2f073b3a1147ce327', 'sha256': 'abc84ecfef533c5717244eb6fbe0572457090a5e01d9ffdfc59d3e9dd7bc6f53'}, 'dob': {'date': '1968-08-18T01:54:29.170Z', 'age': 55}, 'registered': {'date': '2003-10-29T15:20:01.117Z', 'age': 20}, 'phone': '38303410', 'cell': '15745946', 'id': {'name': 'CPR', 'value': '170868-1295'}, 'picture': {'large': 'https://randomuser.me/api/portraits/women/80.jpg', 'medium': 'https://randomuser.me/api/portraits/med/women/80.jpg', 'thumbnail': 'https://randomuser.me/api/portraits/thumb/women/80.jpg'}, 'nat': 'DK'}], 'info': {'seed': '0ddbd4d43cb46abd', 'results': 1, 'page': 1, 'version': '1.4'}}</msg>
<arg>${json_data}</arg>
<doc>Logs the given message with the given level.</doc>
<status status="PASS" start="2024-08-03T21:14:09.811922" elapsed="0.000227"/>
</kw>
<kw name="Should Be Equal As Numbers" owner="BuiltIn">
<arg>${json_data['results'][0]['location']['postcode']}</arg>
<arg>${json_data['results'][0]['location']['postcode']}</arg>
<doc>Fails if objects are unequal after converting them to real numbers.</doc>
<status status="PASS" start="2024-08-03T21:14:09.812461" elapsed="0.000628"/>
</kw>
<kw name="Log" owner="BuiltIn">
<msg time="2024-08-03T21:14:09.813699" level="INFO">59956</msg>
<arg>${json_data['results'][0]['location']['postcode']}</arg>
<doc>Logs the given message with the given level.</doc>
<status status="PASS" start="2024-08-03T21:14:09.813312" elapsed="0.000429"/>
</kw>
<status status="PASS" start="2024-08-03T21:14:09.712473" elapsed="0.101525"/>
</kw>
<doc>Testa se os tipos de dados na resposta da API estão corretos.</doc>
<tag>testeTiposDados</tag>
<status status="PASS" start="2024-08-03T21:14:09.632878" elapsed="0.181284"/>
</test>
<test id="s1-s1-t5" name="Validar conteudo" line="35">
<kw name="Teste de Tipos de Conteudo" owner="random-user-service">
<kw name="GET On Session" owner="RequestsLibrary">
<msg time="2024-08-03T21:14:09.910303" level="INFO">GET Request : url=https://randomuser.me/api 
 path_url=/api 
 headers={'User-Agent': 'python-requests/2.32.3', 'Accept-Encoding': 'gzip, deflate', 'Accept': '*/*', 'Connection': 'keep-alive'} 
 body=None 
 </msg>
<msg time="2024-08-03T21:14:09.910401" level="INFO">GET Response : url=https://randomuser.me/api 
 status=200, reason=OK 
 headers={'Date': 'Sat, 03 Aug 2024 21:14:09 GMT', 'Content-Type': 'application/json; charset=utf-8', 'Transfer-Encoding': 'chunked', 'Connection': 'keep-alive', 'X-Powered-By': 'Express', 'Access-Control-Allow-Origin': '*', 'Cache-Control': 'no-cache', 'ETag': 'W/"497-FK4q1zmywAxDqLptbrOJU7ucvF4"', 'Vary': 'Accept-Encoding', 'Content-Encoding': 'gzip', 'CF-Cache-Status': 'DYNAMIC', 'Report-To': '{"endpoints":[{"url":"https:\\/\\/a.nel.cloudflare.com\\/report\\/v4?s=3362dhUKp34R8nuQiILj7BubzU6NFwACS4ywxQzg4y4J969vUVCRm%2FLFcUCju%2Fc6Pr3M8c16XiVdShIFMJxDSYsKcV09J%2FLPHA35VZ7VIn8X69svKuYIzBshm%2FbsBJk6"}],"group":"cf-nel","max_age":604800}', 'NEL': '{"success_fraction":0,"report_to":"cf-nel","max_age":604800}', 'Server': 'cloudflare', 'CF-RAY': '8ad950d359c4a3e2-ORD', 'alt-svc': 'h3=":443"; ma=86400'} 
 body={"results":[{"gender":"male","name":{"title":"Mr","first":"Nolan","last":"Meunier"},"location":{"street":{"number":8303,"name":"Rue de L'Abbé-Gillet"},"city":"Villeurbanne","state":"Haute-Loire","country":"France","postcode":21055,"coordinates":{"latitude":"-14.1109","longitude":"-105.1976"},"timezone":{"offset":"-12:00","description":"Eniwetok, Kwajalein"}},"email":"nolan.meunier@example.com","login":{"uuid":"ca0d8f61-e438-498f-9d60-b75ab2761aab","username":"greenbird738","password":"strife","salt":"4tmFKG8L","md5":"3d07cc0d6668223a1567739578902dc1","sha1":"9a3b8e3d393179b68c86080bd09af7ca6abbdfb3","sha256":"2b31c4beb715e3f46a76751bb329f7a5c69b2eab6d03238b33529ef4495d263b"},"dob":{"date":"1970-06-27T13:17:57.727Z","age":54},"registered":{"date":"2008-11-03T17:12:40.489Z","age":15},"phone":"04-14-40-66-75","cell":"06-82-14-88-10","id":{"name":"INSEE","value":"1700510192465 96"},"picture":{"large":"https://randomuser.me/api/portraits/men/66.jpg","medium":"https://randomuser.me/api/portraits/med/men/66.jpg","thumbnail":"https://randomuser.me/api/portraits/thumb/men/66.jpg"},"nat":"FR"}],"info":{"seed":"d459b81695bcde27","results":1,"page":1,"version":"1.4"}} 
 </msg>
<msg time="2024-08-03T21:14:09.910471" level="INFO">/opt/hostedtoolcache/Python/3.12.4/x64/lib/python3.12/site-packages/urllib3/connectionpool.py:1099: InsecureRequestWarning: Unverified HTTPS request is being made to host 'randomuser.me'. Adding certificate verification is strongly advised. See: https://urllib3.readthedocs.io/en/latest/advanced-usage.html#tls-warnings
  warnings.warn(</msg>
<msg time="2024-08-03T21:14:09.910573" level="INFO">${response} = &lt;Response [200]&gt;</msg>
<var>${response}</var>
<arg>consultarAPI</arg>
<arg>/api</arg>
<doc>Sends a GET request on a previously created HTTP Session.</doc>
<status status="PASS" start="2024-08-03T21:14:09.816636" elapsed="0.093975"/>
</kw>
<kw name="Set Variable" owner="BuiltIn">
<msg time="2024-08-03T21:14:09.911615" level="INFO">${json_data} = {'results': [{'gender': 'male', 'name': {'title': 'Mr', 'first': 'Nolan', 'last': 'Meunier'}, 'location': {'street': {'number': 8303, 'name': "Rue de L'Abbé-Gillet"}, 'city': 'Villeurbanne', 'state': ...</msg>
<var>${json_data}</var>
<arg>${response.json()}</arg>
<doc>Returns the given values which can then be assigned to a variables.</doc>
<status status="PASS" start="2024-08-03T21:14:09.911053" elapsed="0.000591"/>
</kw>
<kw name="Set Variable" owner="BuiltIn">
<msg time="2024-08-03T21:14:09.912334" level="INFO">${name_title} = Mr</msg>
<var>${name_title}</var>
<arg>${json_data["results"][0]["name"]["title"]}</arg>
<doc>Returns the given values which can then be assigned to a variables.</doc>
<status status="PASS" start="2024-08-03T21:14:09.911951" elapsed="0.000409"/>
</kw>
<kw name="Create List" owner="BuiltIn">
<msg time="2024-08-03T21:14:09.912810" level="INFO">${allowed_titles} = ['Mr', 'Ms', 'Miss', 'Mrs', 'Madame', 'Monsieur']</msg>
<var>${allowed_titles}</var>
<arg>Mr</arg>
<arg>Ms</arg>
<arg>Miss</arg>
<arg>Mrs</arg>
<arg>Madame</arg>
<arg>Monsieur</arg>
<doc>Returns a list containing given items.</doc>
<status status="PASS" start="2024-08-03T21:14:09.912659" elapsed="0.000178"/>
</kw>
<kw name="List Should Contain Value" owner="Collections">
<arg>${allowed_titles}</arg>
<arg>${name_title}</arg>
<doc>Fails if the ``value`` is not found from ``list``.</doc>
<status status="PASS" start="2024-08-03T21:14:09.913139" elapsed="0.000185"/>
</kw>
<kw name="Set Variable" owner="BuiltIn">
<msg time="2024-08-03T21:14:09.913921" level="INFO">${name_country} = FR</msg>
<var>${name_country}</var>
<arg>${json_data["results"][0]["nat"]}</arg>
<doc>Returns the given values which can then be assigned to a variables.</doc>
<status status="PASS" start="2024-08-03T21:14:09.913549" elapsed="0.000397"/>
</kw>
<kw name="Create List" owner="BuiltIn">
<msg time="2024-08-03T21:14:09.914825" level="INFO">${list_country} = ['AD', 'AE', 'AF', 'AG', 'AI', 'AL', 'AM', 'AO', 'AQ', 'AR', 'AS', 'AT', 'AU', 'AW', 'AX', 'AZ', 'BA', 'BB', 'BD', 'BE', 'BF', 'BG', 'BH', 'BI', 'BJ', 'BL', 'BM', 'BN', 'BO', 'BQ', 'BR', 'BS', 'BT', '...</msg>
<var>${list_country}</var>
<arg>AD</arg>
<arg>AE</arg>
<arg>AF</arg>
<arg>AG</arg>
<arg>AI</arg>
<arg>AL</arg>
<arg>AM</arg>
<arg>AO</arg>
<arg>AQ</arg>
<arg>AR</arg>
<arg>AS</arg>
<arg>AT</arg>
<arg>AU</arg>
<arg>AW</arg>
<arg>AX</arg>
<arg>AZ</arg>
<arg>BA</arg>
<arg>BB</arg>
<arg>BD</arg>
<arg>BE</arg>
<arg>BF</arg>
<arg>BG</arg>
<arg>BH</arg>
<arg>BI</arg>
<arg>BJ</arg>
<arg>BL</arg>
<arg>BM</arg>
<arg>BN</arg>
<arg>BO</arg>
<arg>BQ</arg>
<arg>BR</arg>
<arg>BS</arg>
<arg>BT</arg>
<arg>BV</arg>
<arg>BW</arg>
<arg>BY</arg>
<arg>BZ</arg>
<arg>CA</arg>
<arg>CC</arg>
<arg>CD</arg>
<arg>CF</arg>
<arg>CG</arg>
<arg>CH</arg>
<arg>CI</arg>
<arg>CK</arg>
<arg>CL</arg>
<arg>CM</arg>
<arg>CN</arg>
<arg>CO</arg>
<arg>CR</arg>
<arg>CU</arg>
<arg>CV</arg>
<arg>CW</arg>
<arg>CX</arg>
<arg>CY</arg>
<arg>CZ</arg>
<arg>DE</arg>
<arg>DJ</arg>
<arg>DK</arg>
<arg>DM</arg>
<arg>DO</arg>
<arg>DZ</arg>
<arg>EC</arg>
<arg>EE</arg>
<arg>EG</arg>
<arg>EH</arg>
<arg>ER</arg>
<arg>ES</arg>
<arg>ET</arg>
<arg>FI</arg>
<arg>FJ</arg>
<arg>FK</arg>
<arg>FM</arg>
<arg>FO</arg>
<arg>FR</arg>
<arg>GA</arg>
<arg>GB</arg>
<arg>GD</arg>
<arg>GE</arg>
<arg>GF</arg>
<arg>GG</arg>
<arg>GH</arg>
<arg>GI</arg>
<arg>GL</arg>
<arg>GM</arg>
<arg>GN</arg>
<arg>GP</arg>
<arg>GQ</arg>
<arg>GR</arg>
<arg>GS</arg>
<arg>GT</arg>
<arg>GU</arg>
<arg>GW</arg>
<arg>GY</arg>
<arg>HK</arg>
<arg>HM</arg>
<arg>HN</arg>
<arg>HR</arg>
<arg>HT</arg>
<arg>HU</arg>
<arg>ID</arg>
<arg>IE</arg>
<arg>IL</arg>
<arg>IM</arg>
<arg>IN</arg>
<arg>IO</arg>
<arg>IQ</arg>
<arg>IR</arg>
<arg>IS</arg>
<arg>IT</arg>
<arg>JE</arg>
<arg>JM</arg>
<arg>JO</arg>
<arg>JP</arg>
<arg>KE</arg>
<arg>KG</arg>
<arg>KH</arg>
<arg>KI</arg>
<arg>KM</arg>
<arg>KN</arg>
<arg>KP</arg>
<arg>KR</arg>
<arg>KW</arg>
<arg>KY</arg>
<arg>KZ</arg>
<arg>LA</arg>
<arg>LB</arg>
<arg>LC</arg>
<arg>LI</arg>
<arg>LK</arg>
<arg>LR</arg>
<arg>LS</arg>
<arg>LT</arg>
<arg>LU</arg>
<arg>LV</arg>
<arg>LY</arg>
<arg>MA</arg>
<arg>MC</arg>
<arg>MD</arg>
<arg>ME</arg>
<arg>MF</arg>
<arg>MG</arg>
<arg>MH</arg>
<arg>MK</arg>
<arg>ML</arg>
<arg>MM</arg>
<arg>MN</arg>
<arg>MO</arg>
<arg>MP</arg>
<arg>MQ</arg>
<arg>MR</arg>
<arg>MS</arg>
<arg>MT</arg>
<arg>MU</arg>
<arg>MV</arg>
<arg>MW</arg>
<arg>MX</arg>
<arg>MY</arg>
<arg>MZ</arg>
<arg>NA</arg>
<arg>NC</arg>
<arg>NE</arg>
<arg>NF</arg>
<arg>NG</arg>
<arg>NI</arg>
<arg>NL</arg>
<arg>NO</arg>
<arg>NP</arg>
<arg>NR</arg>
<arg>NU</arg>
<arg>NZ</arg>
<arg>OM</arg>
<arg>PA</arg>
<arg>PE</arg>
<arg>PF</arg>
<arg>PG</arg>
<arg>PH</arg>
<arg>PK</arg>
<arg>PL</arg>
<arg>PM</arg>
<arg>PN</arg>
<arg>PR</arg>
<arg>PS</arg>
<arg>PT</arg>
<arg>PW</arg>
<arg>PY</arg>
<arg>QA</arg>
<arg>RE</arg>
<arg>RO</arg>
<arg>RS</arg>
<arg>RU</arg>
<arg>RW</arg>
<arg>SA</arg>
<arg>SB</arg>
<arg>SC</arg>
<arg>SD</arg>
<arg>SE</arg>
<arg>SG</arg>
<arg>SH</arg>
<arg>SI</arg>
<arg>SJ</arg>
<arg>SK</arg>
<arg>SL</arg>
<arg>SM</arg>
<arg>SN</arg>
<arg>SO</arg>
<arg>SR</arg>
<arg>SS</arg>
<arg>ST</arg>
<arg>SV</arg>
<arg>SX</arg>
<arg>SY</arg>
<arg>SZ</arg>
<arg>TC</arg>
<arg>TD</arg>
<arg>TF</arg>
<arg>TG</arg>
<arg>TH</arg>
<arg>TJ</arg>
<arg>TK</arg>
<arg>TL</arg>
<arg>TM</arg>
<arg>TN</arg>
<arg>TO</arg>
<arg>TR</arg>
<arg>TT</arg>
<arg>TV</arg>
<arg>TW</arg>
<arg>TZ</arg>
<arg>UA</arg>
<arg>UG</arg>
<arg>UM</arg>
<arg>US</arg>
<arg>UY</arg>
<arg>UZ</arg>
<arg>VA</arg>
<arg>VC</arg>
<arg>VE</arg>
<arg>VG</arg>
<arg>VI</arg>
<arg>VN</arg>
<arg>VU</arg>
<arg>WF</arg>
<arg>WS</arg>
<arg>XK</arg>
<arg>YE</arg>
<arg>YT</arg>
<arg>ZA</arg>
<arg>ZM</arg>
<arg>ZW</arg>
<doc>Returns a list containing given items.</doc>
<status status="PASS" start="2024-08-03T21:14:09.914234" elapsed="0.000616"/>
</kw>
<kw name="List Should Contain Value" owner="Collections">
<arg>${list_country}</arg>
<arg>${name_country}</arg>
<doc>Fails if the ``value`` is not found from ``list``.</doc>
<status status="PASS" start="2024-08-03T21:14:09.915787" elapsed="0.000209"/>
</kw>
<kw name="Run Keyword If" owner="BuiltIn">
<kw name="Should Be True" owner="BuiltIn">
<arg>${True}</arg>
<doc>Fails if the given condition is not true.</doc>
<status status="PASS" start="2024-08-03T21:14:09.916943" elapsed="0.000152"/>
</kw>
<arg>${json_data["results"][0]["location"]["coordinates"]["latitude"]} &gt;= -90 and ${json_data["results"][0]["location"]["coordinates"]["latitude"]} &lt;= 90</arg>
<arg>Should Be True</arg>
<arg>${True}</arg>
<doc>Runs the given keyword with the given arguments, if ``condition`` is true.</doc>
<status status="PASS" start="2024-08-03T21:14:09.916193" elapsed="0.001030"/>
</kw>
<kw name="Run Keyword If" owner="BuiltIn">
<kw name="Should Be True" owner="BuiltIn">
<arg>${True}</arg>
<doc>Fails if the given condition is not true.</doc>
<status status="PASS" start="2024-08-03T21:14:09.918137" elapsed="0.000138"/>
</kw>
<arg>${json_data["results"][0]["location"]["coordinates"]["longitude"]} &gt;= -180 and ${json_data["results"][0]["location"]["coordinates"]["longitude"]} &lt;= 180</arg>
<arg>Should Be True</arg>
<arg>${True}</arg>
<doc>Runs the given keyword with the given arguments, if ``condition`` is true.</doc>
<status status="PASS" start="2024-08-03T21:14:09.917435" elapsed="0.000965"/>
</kw>
<status status="PASS" start="2024-08-03T21:14:09.816416" elapsed="0.102112"/>
</kw>
<doc>Testa o conteúdo específico dos campos retornados pela API.</doc>
<tag>testeConteudo</tag>
<status status="PASS" start="2024-08-03T21:14:09.815897" elapsed="0.102773"/>
</test>
<status status="PASS" start="2024-08-03T21:14:08.952209" elapsed="0.968403"/>
</suite>
<status status="PASS" start="2024-08-03T21:14:08.937924" elapsed="0.987807"/>
</suite>
<statistics>
<total>
<stat pass="5" fail="0" skip="0">All Tests</stat>
</total>
<tag>
<stat pass="1" fail="0" skip="0">testeConteudo</stat>
<stat pass="1" fail="0" skip="0">testeEstruturaResposta</stat>
<stat pass="1" fail="0" skip="0">testeRequisicaoBasica</stat>
<stat pass="1" fail="0" skip="0">testeTiposDados</stat>
</tag>
<suite>
<stat pass="5" fail="0" skip="0" id="s1" name="Tests">Tests</stat>
<stat pass="5" fail="0" skip="0" id="s1-s1" name="Random-User-Test">Tests.Random-User-Test</stat>
</suite>
</statistics>
<errors>
</errors>
</robot>
