<?xml version="1.0" encoding="UTF-8"?>
<robot generator="Robot 7.0 (Python 3.12.3 on linux)" generated="2024-05-22T10:15:31.706465" rpa="false" schemaversion="5">
<suite id="s1" name="Tests" source="/home/runner/work/DesafioQAItauRogerioJordao/DesafioQAItauRogerioJordao/RamdonUser/tests">
<suite id="s1-s1" name="Random-User-Test" source="/home/runner/work/DesafioQAItauRogerioJordao/DesafioQAItauRogerioJordao/RamdonUser/tests/random-user-test.robot">
<test id="s1-s1-t1" name="Conectar" line="13">
<kw name="Conectar API" owner="random-user-service">
<kw name="Create Session" owner="RequestsLibrary">
<msg time="2024-05-22T10:15:32.128101" level="INFO">Creating Session using : alias=consultarAPI, url=https://randomuser.me/, headers={},                     cookies={}, auth=None, timeout=None, proxies=None, verify=False,                     debug=0 </msg>
<arg>consultarAPI</arg>
<arg>${URL}</arg>
<doc>Create Session: create a HTTP session to a server</doc>
<status status="PASS" start="2024-05-22T10:15:32.127806" elapsed="0.000583"/>
</kw>
<status status="PASS" start="2024-05-22T10:15:32.126119" elapsed="0.002814"/>
</kw>
<status status="PASS" start="2024-05-22T10:15:32.125292" elapsed="0.003929"/>
</test>
<test id="s1-s1-t2" name="Validar retorno 200 e JSON Válido" line="16">
<kw name="Teste de Requisicao Basica" owner="random-user-service">
<kw name="GET On Session" owner="RequestsLibrary">
<msg time="2024-05-22T10:15:32.387988" level="INFO">GET Request : url=https://randomuser.me/api 
 path_url=/api 
 headers={'User-Agent': 'python-requests/2.32.2', 'Accept-Encoding': 'gzip, deflate', 'Accept': '*/*', 'Connection': 'keep-alive'} 
 body=None 
 </msg>
<msg time="2024-05-22T10:15:32.388140" level="INFO">GET Response : url=https://randomuser.me/api 
 status=200, reason=OK 
 headers={'Date': 'Wed, 22 May 2024 10:15:32 GMT', 'Content-Type': 'application/json; charset=utf-8', 'Transfer-Encoding': 'chunked', 'Connection': 'keep-alive', 'X-Powered-By': 'Express', 'Access-Control-Allow-Origin': '*', 'Cache-Control': 'no-cache', 'ETag': 'W/"48f-Iyl5qlKowY4LZ6dcL5tVj2E56UA"', 'Vary': 'Accept-Encoding', 'Content-Encoding': 'gzip', 'CF-Cache-Status': 'DYNAMIC', 'Report-To': '{"endpoints":[{"url":"https:\\/\\/a.nel.cloudflare.com\\/report\\/v4?s=K9naCNQkcyaOz12aigZHsrslQLypmrb9wWMmlesPe3QABfFH8i45K1QhySqejkvIGv3zSb9VVj%2Fjg%2FGfHYRR15OPCIELjyrdfAiUwN2RT9%2B0iagePFTZ6is9Zdui48EQ"}],"group":"cf-nel","max_age":604800}', 'NEL': '{"success_fraction":0,"report_to":"cf-nel","max_age":604800}', 'Server': 'cloudflare', 'CF-RAY': '887c0baafaac5973-IAD', 'alt-svc': 'h3=":443"; ma=86400'} 
 body={"results":[{"gender":"female","name":{"title":"Ms","first":"Ria","last":"Hirsch"},"location":{"street":{"number":7586,"name":"Birkenstraße"},"city":"Heilsbronn","state":"Bremen","country":"Germany","postcode":66395,"coordinates":{"latitude":"-51.7516","longitude":"40.7778"},"timezone":{"offset":"-6:00","description":"Central Time (US &amp; Canada), Mexico City"}},"email":"ria.hirsch@example.com","login":{"uuid":"d5c3c154-af18-477a-b203-08ec0d00eb40","username":"bluebear584","password":"1021","salt":"9hHCEQCh","md5":"22c2b5396051a81b10cc4c439d7a7b0f","sha1":"3d1283d502c203c61e7392c69730ff45f701164e","sha256":"b4fd108e6c896af98cd228a864048798efda8de37b9ea8afe6d6edc8543a0d5d"},"dob":{"date":"1996-02-29T07:37:57.588Z","age":28},"registered":{"date":"2017-07-03T19:15:10.305Z","age":6},"phone":"0800-9730609","cell":"0179-9048640","id":{"name":"SVNR","value":"09 290296 H 835"},"picture":{"large":"https://randomuser.me/api/portraits/women/1.jpg","medium":"https://randomuser.me/api/portraits/med/women/1.jpg","thumbnail":"https://randomuser.me/api/portraits/thumb/women/1.jpg"},"nat":"DE"}],"info":{"seed":"01761ea3d7354b14","results":1,"page":1,"version":"1.4"}} 
 </msg>
<msg time="2024-05-22T10:15:32.388225" level="INFO">/opt/hostedtoolcache/Python/3.12.3/x64/lib/python3.12/site-packages/urllib3/connectionpool.py:1103: InsecureRequestWarning: Unverified HTTPS request is being made to host 'randomuser.me'. Adding certificate verification is strongly advised. See: https://urllib3.readthedocs.io/en/latest/advanced-usage.html#tls-warnings
  warnings.warn(</msg>
<msg time="2024-05-22T10:15:32.388356" level="INFO">${response} = &lt;Response [200]&gt;</msg>
<var>${response}</var>
<arg>consultarAPI</arg>
<arg>/api</arg>
<doc>Sends a GET request on a previously created HTTP Session.</doc>
<status status="PASS" start="2024-05-22T10:15:32.133641" elapsed="0.254759"/>
</kw>
<kw name="Should Be Equal As Numbers" owner="BuiltIn">
<msg time="2024-05-22T10:15:32.389380" level="INFO">Argument types are:
&lt;class 'int'&gt;
&lt;class 'str'&gt;</msg>
<arg>${response.status_code}</arg>
<arg>200</arg>
<doc>Fails if objects are unequal after converting them to real numbers.</doc>
<status status="PASS" start="2024-05-22T10:15:32.388919" elapsed="0.000527"/>
</kw>
<kw name="Log" owner="BuiltIn">
<msg time="2024-05-22T10:15:32.390184" level="INFO">200</msg>
<arg>${response.status_code}</arg>
<doc>Logs the given message with the given level.</doc>
<status status="PASS" start="2024-05-22T10:15:32.389825" elapsed="0.000407"/>
</kw>
<kw name="Set Variable" owner="BuiltIn">
<msg time="2024-05-22T10:15:32.390987" level="INFO">${json_data} = {'results': [{'gender': 'female', 'name': {'title': 'Ms', 'first': 'Ria', 'last': 'Hirsch'}, 'location': {'street': {'number': 7586, 'name': 'Birkenstraße'}, 'city': 'Heilsbronn', 'state': 'Bremen', '...</msg>
<var>${json_data}</var>
<arg>${response.json()}</arg>
<doc>Returns the given values which can then be assigned to a variables.</doc>
<status status="PASS" start="2024-05-22T10:15:32.390542" elapsed="0.000476"/>
</kw>
<kw name="Dictionary Should Contain Key" owner="Collections">
<msg time="2024-05-22T10:15:32.391500" level="INFO">False</msg>
<arg>${json_data}</arg>
<arg>results</arg>
<doc>Fails if ``key`` is not found from ``dictionary``.</doc>
<status status="PASS" start="2024-05-22T10:15:32.391330" elapsed="0.000210"/>
</kw>
<status status="PASS" start="2024-05-22T10:15:32.133258" elapsed="0.258544"/>
</kw>
<doc>Testa se a API responde corretamente e retorna um objeto JSON válido.</doc>
<tag>testeRequisicaoBasica</tag>
<status status="PASS" start="2024-05-22T10:15:32.132572" elapsed="0.259423"/>
</test>
<test id="s1-s1-t3" name="Validar estrutura de resposta" line="22">
<kw name="Teste de Estrutura de Resposta" owner="random-user-service">
<kw name="GET On Session" owner="RequestsLibrary">
<msg time="2024-05-22T10:15:32.463504" level="INFO">GET Request : url=https://randomuser.me/api 
 path_url=/api 
 headers={'User-Agent': 'python-requests/2.32.2', 'Accept-Encoding': 'gzip, deflate', 'Accept': '*/*', 'Connection': 'keep-alive'} 
 body=None 
 </msg>
<msg time="2024-05-22T10:15:32.463605" level="INFO">GET Response : url=https://randomuser.me/api 
 status=200, reason=OK 
 headers={'Date': 'Wed, 22 May 2024 10:15:32 GMT', 'Content-Type': 'application/json; charset=utf-8', 'Transfer-Encoding': 'chunked', 'Connection': 'keep-alive', 'X-Powered-By': 'Express', 'Access-Control-Allow-Origin': '*', 'Cache-Control': 'no-cache', 'ETag': 'W/"496-E0LF6wNS4BKj06AIisREOaB5JMU"', 'Vary': 'Accept-Encoding', 'Content-Encoding': 'gzip', 'CF-Cache-Status': 'DYNAMIC', 'Report-To': '{"endpoints":[{"url":"https:\\/\\/a.nel.cloudflare.com\\/report\\/v4?s=%2BWnEfAv3N6XdmGnLE8fuy4BVsBLqXnBm44lLTy4y4h1%2FY%2FBXLdA%2F9x%2BVGx4n3cznVZfU4QfDMnXKPW1EJhCUqf4uPd%2Fwg0ZukS3vImEjQvI94zRFISRQBG7CExR3Pr2T"}],"group":"cf-nel","max_age":604800}', 'NEL': '{"success_fraction":0,"report_to":"cf-nel","max_age":604800}', 'Server': 'cloudflare', 'CF-RAY': '887c0bab7b105973-IAD', 'alt-svc': 'h3=":443"; ma=86400'} 
 body={"results":[{"gender":"female","name":{"title":"Mrs","first":"Maeva","last":"Walker"},"location":{"street":{"number":8979,"name":"Bay Ave"},"city":"Waterloo","state":"Québec","country":"Canada","postcode":"S7Y 9D5","coordinates":{"latitude":"-70.6773","longitude":"165.9993"},"timezone":{"offset":"+3:00","description":"Baghdad, Riyadh, Moscow, St. Petersburg"}},"email":"maeva.walker@example.com","login":{"uuid":"be98e3ec-f2b2-45c0-af38-72fadc0415c5","username":"orangeladybug258","password":"commande","salt":"iUjtVc58","md5":"7f20cc3a6ff1a1d2d9a874f05052dd64","sha1":"c8ce9cfe304ea2179051a07c57fc903b1001bd79","sha256":"cc7a0fdcd9552c548784facaf026896219ebd5228a31d348bbb555312b95c2e1"},"dob":{"date":"1998-01-29T20:41:00.622Z","age":26},"registered":{"date":"2015-10-02T10:59:57.727Z","age":8},"phone":"U02 C37-3645","cell":"Y23 R51-9041","id":{"name":"SIN","value":"648346930"},"picture":{"large":"https://randomuser.me/api/portraits/women/80.jpg","medium":"https://randomuser.me/api/portraits/med/women/80.jpg","thumbnail":"https://randomuser.me/api/portraits/thumb/women/80.jpg"},"nat":"CA"}],"info":{"seed":"2034243d13db243e","results":1,"page":1,"version":"1.4"}} 
 </msg>
<msg time="2024-05-22T10:15:32.463743" level="INFO">/opt/hostedtoolcache/Python/3.12.3/x64/lib/python3.12/site-packages/urllib3/connectionpool.py:1103: InsecureRequestWarning: Unverified HTTPS request is being made to host 'randomuser.me'. Adding certificate verification is strongly advised. See: https://urllib3.readthedocs.io/en/latest/advanced-usage.html#tls-warnings
  warnings.warn(</msg>
<msg time="2024-05-22T10:15:32.463877" level="INFO">${response} = &lt;Response [200]&gt;</msg>
<var>${response}</var>
<arg>consultarAPI</arg>
<arg>/api</arg>
<doc>Sends a GET request on a previously created HTTP Session.</doc>
<status status="PASS" start="2024-05-22T10:15:32.394619" elapsed="0.069309"/>
</kw>
<kw name="Set Variable" owner="BuiltIn">
<msg time="2024-05-22T10:15:32.465115" level="INFO">${json_data} = {'results': [{'gender': 'female', 'name': {'title': 'Mrs', 'first': 'Maeva', 'last': 'Walker'}, 'location': {'street': {'number': 8979, 'name': 'Bay Ave'}, 'city': 'Waterloo', 'state': 'Québec', 'coun...</msg>
<var>${json_data}</var>
<arg>${response.json()}</arg>
<doc>Returns the given values which can then be assigned to a variables.</doc>
<status status="PASS" start="2024-05-22T10:15:32.464505" elapsed="0.000641"/>
</kw>
<kw name="Log" owner="BuiltIn">
<msg time="2024-05-22T10:15:32.465676" level="INFO">{'results': [{'gender': 'female', 'name': {'title': 'Mrs', 'first': 'Maeva', 'last': 'Walker'}, 'location': {'street': {'number': 8979, 'name': 'Bay Ave'}, 'city': 'Waterloo', 'state': 'Québec', 'country': 'Canada', 'postcode': 'S7Y 9D5', 'coordinates': {'latitude': '-70.6773', 'longitude': '165.9993'}, 'timezone': {'offset': '+3:00', 'description': 'Baghdad, Riyadh, Moscow, St. Petersburg'}}, 'email': 'maeva.walker@example.com', 'login': {'uuid': 'be98e3ec-f2b2-45c0-af38-72fadc0415c5', 'username': 'orangeladybug258', 'password': 'commande', 'salt': 'iUjtVc58', 'md5': '7f20cc3a6ff1a1d2d9a874f05052dd64', 'sha1': 'c8ce9cfe304ea2179051a07c57fc903b1001bd79', 'sha256': 'cc7a0fdcd9552c548784facaf026896219ebd5228a31d348bbb555312b95c2e1'}, 'dob': {'date': '1998-01-29T20:41:00.622Z', 'age': 26}, 'registered': {'date': '2015-10-02T10:59:57.727Z', 'age': 8}, 'phone': 'U02 C37-3645', 'cell': 'Y23 R51-9041', 'id': {'name': 'SIN', 'value': '648346930'}, 'picture': {'large': 'https://randomuser.me/api/portraits/women/80.jpg', 'medium': 'https://randomuser.me/api/portraits/med/women/80.jpg', 'thumbnail': 'https://randomuser.me/api/portraits/thumb/women/80.jpg'}, 'nat': 'CA'}], 'info': {'seed': '2034243d13db243e', 'results': 1, 'page': 1, 'version': '1.4'}}</msg>
<arg>${json_data}</arg>
<doc>Logs the given message with the given level.</doc>
<status status="PASS" start="2024-05-22T10:15:32.465466" elapsed="0.000267"/>
</kw>
<kw name="Dictionary Should Contain Key" owner="Collections">
<msg time="2024-05-22T10:15:32.466198" level="INFO">False</msg>
<arg>${json_data}</arg>
<arg>results</arg>
<doc>Fails if ``key`` is not found from ``dictionary``.</doc>
<status status="PASS" start="2024-05-22T10:15:32.466039" elapsed="0.000197"/>
</kw>
<kw name="Should Not Be Empty" owner="BuiltIn">
<msg time="2024-05-22T10:15:32.466679" level="INFO">Length is 2.</msg>
<arg>${json_data}</arg>
<doc>Verifies that the given item is not empty.</doc>
<status status="PASS" start="2024-05-22T10:15:32.466540" elapsed="0.000179"/>
</kw>
<kw name="Create List" owner="BuiltIn">
<msg time="2024-05-22T10:15:32.467329" level="INFO">${expected_keys} = ['gender', 'name', 'location', 'email', 'login']</msg>
<var>${expected_keys}</var>
<arg>gender</arg>
<arg>name</arg>
<arg>location</arg>
<arg>email</arg>
<arg>login</arg>
<doc>Returns a list containing given items.</doc>
<status status="PASS" start="2024-05-22T10:15:32.467015" elapsed="0.000340"/>
</kw>
<for flavor="IN">
<iter>
<kw name="Dictionary Should Contain Key" owner="Collections">
<msg time="2024-05-22T10:15:32.468352" level="INFO">False</msg>
<arg>${json_data['results'][0]}</arg>
<arg>${key}</arg>
<doc>Fails if ``key`` is not found from ``dictionary``.</doc>
<status status="PASS" start="2024-05-22T10:15:32.467947" elapsed="0.000444"/>
</kw>
<kw name="Log" owner="BuiltIn">
<msg time="2024-05-22T10:15:32.469068" level="INFO">{'gender': 'female', 'name': {'title': 'Mrs', 'first': 'Maeva', 'last': 'Walker'}, 'location': {'street': {'number': 8979, 'name': 'Bay Ave'}, 'city': 'Waterloo', 'state': 'Québec', 'country': 'Canada', 'postcode': 'S7Y 9D5', 'coordinates': {'latitude': '-70.6773', 'longitude': '165.9993'}, 'timezone': {'offset': '+3:00', 'description': 'Baghdad, Riyadh, Moscow, St. Petersburg'}}, 'email': 'maeva.walker@example.com', 'login': {'uuid': 'be98e3ec-f2b2-45c0-af38-72fadc0415c5', 'username': 'orangeladybug258', 'password': 'commande', 'salt': 'iUjtVc58', 'md5': '7f20cc3a6ff1a1d2d9a874f05052dd64', 'sha1': 'c8ce9cfe304ea2179051a07c57fc903b1001bd79', 'sha256': 'cc7a0fdcd9552c548784facaf026896219ebd5228a31d348bbb555312b95c2e1'}, 'dob': {'date': '1998-01-29T20:41:00.622Z', 'age': 26}, 'registered': {'date': '2015-10-02T10:59:57.727Z', 'age': 8}, 'phone': 'U02 C37-3645', 'cell': 'Y23 R51-9041', 'id': {'name': 'SIN', 'value': '648346930'}, 'picture': {'large': 'https://randomuser.me/api/portraits/women/80.jpg', 'medium': 'https://randomuser.me/api/portraits/med/women/80.jpg', 'thumbnail': 'https://randomuser.me/api/portraits/thumb/women/80.jpg'}, 'nat': 'CA'}</msg>
<arg>${json_data['results'][0]}</arg>
<doc>Logs the given message with the given level.</doc>
<status status="PASS" start="2024-05-22T10:15:32.468693" elapsed="0.000437"/>
</kw>
<kw name="Log" owner="BuiltIn">
<msg time="2024-05-22T10:15:32.469589" level="INFO">gender</msg>
<arg>${key}</arg>
<doc>Logs the given message with the given level.</doc>
<status status="PASS" start="2024-05-22T10:15:32.469432" elapsed="0.000198"/>
</kw>
<var name="${key}">gender</var>
<status status="PASS" start="2024-05-22T10:15:32.467820" elapsed="0.002032"/>
</iter>
<iter>
<kw name="Dictionary Should Contain Key" owner="Collections">
<msg time="2024-05-22T10:15:32.470540" level="INFO">False</msg>
<arg>${json_data['results'][0]}</arg>
<arg>${key}</arg>
<doc>Fails if ``key`` is not found from ``dictionary``.</doc>
<status status="PASS" start="2024-05-22T10:15:32.470159" elapsed="0.000419"/>
</kw>
<kw name="Log" owner="BuiltIn">
<msg time="2024-05-22T10:15:32.471273" level="INFO">{'gender': 'female', 'name': {'title': 'Mrs', 'first': 'Maeva', 'last': 'Walker'}, 'location': {'street': {'number': 8979, 'name': 'Bay Ave'}, 'city': 'Waterloo', 'state': 'Québec', 'country': 'Canada', 'postcode': 'S7Y 9D5', 'coordinates': {'latitude': '-70.6773', 'longitude': '165.9993'}, 'timezone': {'offset': '+3:00', 'description': 'Baghdad, Riyadh, Moscow, St. Petersburg'}}, 'email': 'maeva.walker@example.com', 'login': {'uuid': 'be98e3ec-f2b2-45c0-af38-72fadc0415c5', 'username': 'orangeladybug258', 'password': 'commande', 'salt': 'iUjtVc58', 'md5': '7f20cc3a6ff1a1d2d9a874f05052dd64', 'sha1': 'c8ce9cfe304ea2179051a07c57fc903b1001bd79', 'sha256': 'cc7a0fdcd9552c548784facaf026896219ebd5228a31d348bbb555312b95c2e1'}, 'dob': {'date': '1998-01-29T20:41:00.622Z', 'age': 26}, 'registered': {'date': '2015-10-02T10:59:57.727Z', 'age': 8}, 'phone': 'U02 C37-3645', 'cell': 'Y23 R51-9041', 'id': {'name': 'SIN', 'value': '648346930'}, 'picture': {'large': 'https://randomuser.me/api/portraits/women/80.jpg', 'medium': 'https://randomuser.me/api/portraits/med/women/80.jpg', 'thumbnail': 'https://randomuser.me/api/portraits/thumb/women/80.jpg'}, 'nat': 'CA'}</msg>
<arg>${json_data['results'][0]}</arg>
<doc>Logs the given message with the given level.</doc>
<status status="PASS" start="2024-05-22T10:15:32.470905" elapsed="0.000421"/>
</kw>
<kw name="Log" owner="BuiltIn">
<msg time="2024-05-22T10:15:32.471762" level="INFO">name</msg>
<arg>${key}</arg>
<doc>Logs the given message with the given level.</doc>
<status status="PASS" start="2024-05-22T10:15:32.471630" elapsed="0.000169"/>
</kw>
<var name="${key}">name</var>
<status status="PASS" start="2024-05-22T10:15:32.470043" elapsed="0.001973"/>
</iter>
<iter>
<kw name="Dictionary Should Contain Key" owner="Collections">
<msg time="2024-05-22T10:15:32.472703" level="INFO">False</msg>
<arg>${json_data['results'][0]}</arg>
<arg>${key}</arg>
<doc>Fails if ``key`` is not found from ``dictionary``.</doc>
<status status="PASS" start="2024-05-22T10:15:32.472317" elapsed="0.000424"/>
</kw>
<kw name="Log" owner="BuiltIn">
<msg time="2024-05-22T10:15:32.473401" level="INFO">{'gender': 'female', 'name': {'title': 'Mrs', 'first': 'Maeva', 'last': 'Walker'}, 'location': {'street': {'number': 8979, 'name': 'Bay Ave'}, 'city': 'Waterloo', 'state': 'Québec', 'country': 'Canada', 'postcode': 'S7Y 9D5', 'coordinates': {'latitude': '-70.6773', 'longitude': '165.9993'}, 'timezone': {'offset': '+3:00', 'description': 'Baghdad, Riyadh, Moscow, St. Petersburg'}}, 'email': 'maeva.walker@example.com', 'login': {'uuid': 'be98e3ec-f2b2-45c0-af38-72fadc0415c5', 'username': 'orangeladybug258', 'password': 'commande', 'salt': 'iUjtVc58', 'md5': '7f20cc3a6ff1a1d2d9a874f05052dd64', 'sha1': 'c8ce9cfe304ea2179051a07c57fc903b1001bd79', 'sha256': 'cc7a0fdcd9552c548784facaf026896219ebd5228a31d348bbb555312b95c2e1'}, 'dob': {'date': '1998-01-29T20:41:00.622Z', 'age': 26}, 'registered': {'date': '2015-10-02T10:59:57.727Z', 'age': 8}, 'phone': 'U02 C37-3645', 'cell': 'Y23 R51-9041', 'id': {'name': 'SIN', 'value': '648346930'}, 'picture': {'large': 'https://randomuser.me/api/portraits/women/80.jpg', 'medium': 'https://randomuser.me/api/portraits/med/women/80.jpg', 'thumbnail': 'https://randomuser.me/api/portraits/thumb/women/80.jpg'}, 'nat': 'CA'}</msg>
<arg>${json_data['results'][0]}</arg>
<doc>Logs the given message with the given level.</doc>
<status status="PASS" start="2024-05-22T10:15:32.473040" elapsed="0.000412"/>
</kw>
<kw name="Log" owner="BuiltIn">
<msg time="2024-05-22T10:15:32.473933" level="INFO">location</msg>
<arg>${key}</arg>
<doc>Logs the given message with the given level.</doc>
<status status="PASS" start="2024-05-22T10:15:32.473804" elapsed="0.000168"/>
</kw>
<var name="${key}">location</var>
<status status="PASS" start="2024-05-22T10:15:32.472199" elapsed="0.001991"/>
</iter>
<iter>
<kw name="Dictionary Should Contain Key" owner="Collections">
<msg time="2024-05-22T10:15:32.474870" level="INFO">False</msg>
<arg>${json_data['results'][0]}</arg>
<arg>${key}</arg>
<doc>Fails if ``key`` is not found from ``dictionary``.</doc>
<status status="PASS" start="2024-05-22T10:15:32.474478" elapsed="0.000431"/>
</kw>
<kw name="Log" owner="BuiltIn">
<msg time="2024-05-22T10:15:32.475586" level="INFO">{'gender': 'female', 'name': {'title': 'Mrs', 'first': 'Maeva', 'last': 'Walker'}, 'location': {'street': {'number': 8979, 'name': 'Bay Ave'}, 'city': 'Waterloo', 'state': 'Québec', 'country': 'Canada', 'postcode': 'S7Y 9D5', 'coordinates': {'latitude': '-70.6773', 'longitude': '165.9993'}, 'timezone': {'offset': '+3:00', 'description': 'Baghdad, Riyadh, Moscow, St. Petersburg'}}, 'email': 'maeva.walker@example.com', 'login': {'uuid': 'be98e3ec-f2b2-45c0-af38-72fadc0415c5', 'username': 'orangeladybug258', 'password': 'commande', 'salt': 'iUjtVc58', 'md5': '7f20cc3a6ff1a1d2d9a874f05052dd64', 'sha1': 'c8ce9cfe304ea2179051a07c57fc903b1001bd79', 'sha256': 'cc7a0fdcd9552c548784facaf026896219ebd5228a31d348bbb555312b95c2e1'}, 'dob': {'date': '1998-01-29T20:41:00.622Z', 'age': 26}, 'registered': {'date': '2015-10-02T10:59:57.727Z', 'age': 8}, 'phone': 'U02 C37-3645', 'cell': 'Y23 R51-9041', 'id': {'name': 'SIN', 'value': '648346930'}, 'picture': {'large': 'https://randomuser.me/api/portraits/women/80.jpg', 'medium': 'https://randomuser.me/api/portraits/med/women/80.jpg', 'thumbnail': 'https://randomuser.me/api/portraits/thumb/women/80.jpg'}, 'nat': 'CA'}</msg>
<arg>${json_data['results'][0]}</arg>
<doc>Logs the given message with the given level.</doc>
<status status="PASS" start="2024-05-22T10:15:32.475218" elapsed="0.000420"/>
</kw>
<kw name="Log" owner="BuiltIn">
<msg time="2024-05-22T10:15:32.476076" level="INFO">email</msg>
<arg>${key}</arg>
<doc>Logs the given message with the given level.</doc>
<status status="PASS" start="2024-05-22T10:15:32.475935" elapsed="0.000178"/>
</kw>
<var name="${key}">email</var>
<status status="PASS" start="2024-05-22T10:15:32.474367" elapsed="0.001960"/>
</iter>
<iter>
<kw name="Dictionary Should Contain Key" owner="Collections">
<msg time="2024-05-22T10:15:32.476998" level="INFO">False</msg>
<arg>${json_data['results'][0]}</arg>
<arg>${key}</arg>
<doc>Fails if ``key`` is not found from ``dictionary``.</doc>
<status status="PASS" start="2024-05-22T10:15:32.476614" elapsed="0.000422"/>
</kw>
<kw name="Log" owner="BuiltIn">
<msg time="2024-05-22T10:15:32.477727" level="INFO">{'gender': 'female', 'name': {'title': 'Mrs', 'first': 'Maeva', 'last': 'Walker'}, 'location': {'street': {'number': 8979, 'name': 'Bay Ave'}, 'city': 'Waterloo', 'state': 'Québec', 'country': 'Canada', 'postcode': 'S7Y 9D5', 'coordinates': {'latitude': '-70.6773', 'longitude': '165.9993'}, 'timezone': {'offset': '+3:00', 'description': 'Baghdad, Riyadh, Moscow, St. Petersburg'}}, 'email': 'maeva.walker@example.com', 'login': {'uuid': 'be98e3ec-f2b2-45c0-af38-72fadc0415c5', 'username': 'orangeladybug258', 'password': 'commande', 'salt': 'iUjtVc58', 'md5': '7f20cc3a6ff1a1d2d9a874f05052dd64', 'sha1': 'c8ce9cfe304ea2179051a07c57fc903b1001bd79', 'sha256': 'cc7a0fdcd9552c548784facaf026896219ebd5228a31d348bbb555312b95c2e1'}, 'dob': {'date': '1998-01-29T20:41:00.622Z', 'age': 26}, 'registered': {'date': '2015-10-02T10:59:57.727Z', 'age': 8}, 'phone': 'U02 C37-3645', 'cell': 'Y23 R51-9041', 'id': {'name': 'SIN', 'value': '648346930'}, 'picture': {'large': 'https://randomuser.me/api/portraits/women/80.jpg', 'medium': 'https://randomuser.me/api/portraits/med/women/80.jpg', 'thumbnail': 'https://randomuser.me/api/portraits/thumb/women/80.jpg'}, 'nat': 'CA'}</msg>
<arg>${json_data['results'][0]}</arg>
<doc>Logs the given message with the given level.</doc>
<status status="PASS" start="2024-05-22T10:15:32.477332" elapsed="0.000446"/>
</kw>
<kw name="Log" owner="BuiltIn">
<msg time="2024-05-22T10:15:32.478204" level="INFO">login</msg>
<arg>${key}</arg>
<doc>Logs the given message with the given level.</doc>
<status status="PASS" start="2024-05-22T10:15:32.478076" elapsed="0.000166"/>
</kw>
<var name="${key}">login</var>
<status status="PASS" start="2024-05-22T10:15:32.476502" elapsed="0.001986"/>
</iter>
<var>${key}</var>
<value>@{expected_keys}</value>
<status status="PASS" start="2024-05-22T10:15:32.467626" elapsed="0.010990"/>
</for>
<kw name="Create List" owner="BuiltIn">
<msg time="2024-05-22T10:15:32.478951" level="INFO">${expected_keysTwo} = ['username', 'password']</msg>
<var>${expected_keysTwo}</var>
<arg>username</arg>
<arg>password</arg>
<doc>Returns a list containing given items.</doc>
<status status="PASS" start="2024-05-22T10:15:32.478813" elapsed="0.000161"/>
</kw>
<for flavor="IN">
<iter>
<kw name="Dictionary Should Contain Key" owner="Collections">
<msg time="2024-05-22T10:15:32.479882" level="INFO">False</msg>
<arg>${json_data['results'][0]['login']}</arg>
<arg>${keyTwo}</arg>
<doc>Fails if ``key`` is not found from ``dictionary``.</doc>
<status status="PASS" start="2024-05-22T10:15:32.479482" elapsed="0.000439"/>
</kw>
<kw name="Dictionary Should Contain Key" owner="Collections">
<msg time="2024-05-22T10:15:32.480601" level="INFO">False</msg>
<arg>${json_data['results'][0]['login']}</arg>
<arg>${keyTwo}</arg>
<doc>Fails if ``key`` is not found from ``dictionary``.</doc>
<status status="PASS" start="2024-05-22T10:15:32.480219" elapsed="0.000420"/>
</kw>
<kw name="Log" owner="BuiltIn">
<msg time="2024-05-22T10:15:32.481062" level="INFO">username</msg>
<arg>${keyTwo}</arg>
<doc>Logs the given message with the given level.</doc>
<status status="PASS" start="2024-05-22T10:15:32.480934" elapsed="0.000166"/>
</kw>
<var name="${keyTwo}">username</var>
<status status="PASS" start="2024-05-22T10:15:32.479372" elapsed="0.001942"/>
</iter>
<iter>
<kw name="Dictionary Should Contain Key" owner="Collections">
<msg time="2024-05-22T10:15:32.482019" level="INFO">False</msg>
<arg>${json_data['results'][0]['login']}</arg>
<arg>${keyTwo}</arg>
<doc>Fails if ``key`` is not found from ``dictionary``.</doc>
<status status="PASS" start="2024-05-22T10:15:32.481636" elapsed="0.000422"/>
</kw>
<kw name="Dictionary Should Contain Key" owner="Collections">
<msg time="2024-05-22T10:15:32.482818" level="INFO">False</msg>
<arg>${json_data['results'][0]['login']}</arg>
<arg>${keyTwo}</arg>
<doc>Fails if ``key`` is not found from ``dictionary``.</doc>
<status status="PASS" start="2024-05-22T10:15:32.482354" elapsed="0.000504"/>
</kw>
<kw name="Log" owner="BuiltIn">
<msg time="2024-05-22T10:15:32.483287" level="INFO">password</msg>
<arg>${keyTwo}</arg>
<doc>Logs the given message with the given level.</doc>
<status status="PASS" start="2024-05-22T10:15:32.483158" elapsed="0.000167"/>
</kw>
<var name="${keyTwo}">password</var>
<status status="PASS" start="2024-05-22T10:15:32.481491" elapsed="0.002050"/>
</iter>
<var>${keyTwo}</var>
<value>@{expected_keysTwo}</value>
<status status="PASS" start="2024-05-22T10:15:32.479216" elapsed="0.004449"/>
</for>
<status status="PASS" start="2024-05-22T10:15:32.394385" elapsed="0.089424"/>
</kw>
<doc>Testa a estrutura da resposta da API.</doc>
<tag>testeEstruturaResposta</tag>
<status status="PASS" start="2024-05-22T10:15:32.393864" elapsed="0.090108"/>
</test>
<test id="s1-s1-t4" name="Validar tipos de dados" line="28">
<kw name="Teste de Tipos de Dados" owner="random-user-service">
<kw name="GET On Session" owner="RequestsLibrary">
<msg time="2024-05-22T10:15:32.568888" level="INFO">GET Request : url=https://randomuser.me/api 
 path_url=/api 
 headers={'User-Agent': 'python-requests/2.32.2', 'Accept-Encoding': 'gzip, deflate', 'Accept': '*/*', 'Connection': 'keep-alive'} 
 body=None 
 </msg>
<msg time="2024-05-22T10:15:32.568978" level="INFO">GET Response : url=https://randomuser.me/api 
 status=200, reason=OK 
 headers={'Date': 'Wed, 22 May 2024 10:15:32 GMT', 'Content-Type': 'application/json; charset=utf-8', 'Transfer-Encoding': 'chunked', 'Connection': 'keep-alive', 'X-Powered-By': 'Express', 'Access-Control-Allow-Origin': '*', 'Cache-Control': 'no-cache', 'ETag': 'W/"47c-q8LYSL5ow79gzTCtGm4zYCgy0Vc"', 'Vary': 'Accept-Encoding', 'Content-Encoding': 'gzip', 'CF-Cache-Status': 'DYNAMIC', 'Report-To': '{"endpoints":[{"url":"https:\\/\\/a.nel.cloudflare.com\\/report\\/v4?s=UoQPax4pDlkUoXN7QkbEcBAyWCuSSHZk6r%2FnWEYsvk2jBioSRZcAoRTOEQDsNs5XQj9d%2FN3m6R3BfnxfdoJiRcTYU1AMKP%2Bf7fYihGQQd9aQf43sc0T7QIJkRwzLsJyF"}],"group":"cf-nel","max_age":604800}', 'NEL': '{"success_fraction":0,"report_to":"cf-nel","max_age":604800}', 'Server': 'cloudflare', 'CF-RAY': '887c0bac0b695973-IAD', 'alt-svc': 'h3=":443"; ma=86400'} 
 body={"results":[{"gender":"male","name":{"title":"Mr","first":"Carl","last":"Mckinney"},"location":{"street":{"number":1581,"name":"Robinson Rd"},"city":"Nowra","state":"New South Wales","country":"Australia","postcode":652,"coordinates":{"latitude":"-85.8107","longitude":"-145.2590"},"timezone":{"offset":"+9:30","description":"Adelaide, Darwin"}},"email":"carl.mckinney@example.com","login":{"uuid":"29e2b937-7b1c-43e1-b924-2720f17610bc","username":"blackelephant241","password":"massimo","salt":"BQeUn6fl","md5":"aacdf732e910c07035f802780d7c7e00","sha1":"cf656afbcb395af62c82b73504228cf43b47a4e3","sha256":"c14187af0d91f4060d93d805523955346fe02b75a92de468549bbde343660946"},"dob":{"date":"1972-05-09T17:32:00.772Z","age":52},"registered":{"date":"2004-12-12T13:55:27.140Z","age":19},"phone":"09-0441-0684","cell":"0420-371-880","id":{"name":"TFN","value":"979176277"},"picture":{"large":"https://randomuser.me/api/portraits/men/2.jpg","medium":"https://randomuser.me/api/portraits/med/men/2.jpg","thumbnail":"https://randomuser.me/api/portraits/thumb/men/2.jpg"},"nat":"AU"}],"info":{"seed":"2ce71728da0e159f","results":1,"page":1,"version":"1.4"}} 
 </msg>
<msg time="2024-05-22T10:15:32.569053" level="INFO">/opt/hostedtoolcache/Python/3.12.3/x64/lib/python3.12/site-packages/urllib3/connectionpool.py:1103: InsecureRequestWarning: Unverified HTTPS request is being made to host 'randomuser.me'. Adding certificate verification is strongly advised. See: https://urllib3.readthedocs.io/en/latest/advanced-usage.html#tls-warnings
  warnings.warn(</msg>
<msg time="2024-05-22T10:15:32.569161" level="INFO">${response} = &lt;Response [200]&gt;</msg>
<var>${response}</var>
<arg>consultarAPI</arg>
<arg>/api</arg>
<doc>Sends a GET request on a previously created HTTP Session.</doc>
<status status="PASS" start="2024-05-22T10:15:32.486505" elapsed="0.082695"/>
</kw>
<kw name="Set Variable" owner="BuiltIn">
<msg time="2024-05-22T10:15:32.570343" level="INFO">${json_data} = {'results': [{'gender': 'male', 'name': {'title': 'Mr', 'first': 'Carl', 'last': 'Mckinney'}, 'location': {'street': {'number': 1581, 'name': 'Robinson Rd'}, 'city': 'Nowra', 'state': 'New South Wales...</msg>
<var>${json_data}</var>
<arg>${response.json()}</arg>
<doc>Returns the given values which can then be assigned to a variables.</doc>
<status status="PASS" start="2024-05-22T10:15:32.569779" elapsed="0.000593"/>
</kw>
<kw name="Log" owner="BuiltIn">
<msg time="2024-05-22T10:15:32.570837" level="INFO">{'results': [{'gender': 'male', 'name': {'title': 'Mr', 'first': 'Carl', 'last': 'Mckinney'}, 'location': {'street': {'number': 1581, 'name': 'Robinson Rd'}, 'city': 'Nowra', 'state': 'New South Wales', 'country': 'Australia', 'postcode': 652, 'coordinates': {'latitude': '-85.8107', 'longitude': '-145.2590'}, 'timezone': {'offset': '+9:30', 'description': 'Adelaide, Darwin'}}, 'email': 'carl.mckinney@example.com', 'login': {'uuid': '29e2b937-7b1c-43e1-b924-2720f17610bc', 'username': 'blackelephant241', 'password': 'massimo', 'salt': 'BQeUn6fl', 'md5': 'aacdf732e910c07035f802780d7c7e00', 'sha1': 'cf656afbcb395af62c82b73504228cf43b47a4e3', 'sha256': 'c14187af0d91f4060d93d805523955346fe02b75a92de468549bbde343660946'}, 'dob': {'date': '1972-05-09T17:32:00.772Z', 'age': 52}, 'registered': {'date': '2004-12-12T13:55:27.140Z', 'age': 19}, 'phone': '09-0441-0684', 'cell': '0420-371-880', 'id': {'name': 'TFN', 'value': '979176277'}, 'picture': {'large': 'https://randomuser.me/api/portraits/men/2.jpg', 'medium': 'https://randomuser.me/api/portraits/med/men/2.jpg', 'thumbnail': 'https://randomuser.me/api/portraits/thumb/men/2.jpg'}, 'nat': 'AU'}], 'info': {'seed': '2ce71728da0e159f', 'results': 1, 'page': 1, 'version': '1.4'}}</msg>
<arg>${json_data}</arg>
<doc>Logs the given message with the given level.</doc>
<status status="PASS" start="2024-05-22T10:15:32.570682" elapsed="0.000237"/>
</kw>
<kw name="Should Be String" owner="String">
<arg>${json_data['results'][0]['gender']}</arg>
<doc>Fails if the given ``item`` is not a string.</doc>
<status status="PASS" start="2024-05-22T10:15:32.571219" elapsed="0.000362"/>
</kw>
<kw name="Should Match Regexp" owner="BuiltIn">
<arg>${json_data['results'][0]['email']}</arg>
<arg>^[a-zA-Z0-9._%+-]+@[a-zA-Z0-9.-]+\.[a-zA-Z]{2,}$</arg>
<doc>Fails if ``string`` does not match ``pattern`` as a regular expression.</doc>
<status status="PASS" start="2024-05-22T10:15:32.571773" elapsed="0.000515"/>
</kw>
<kw name="Should Match Regexp" owner="BuiltIn">
<arg>${json_data['results'][0]['dob']['date']}</arg>
<arg>\\d{4}-\\d{2}-\\d{2}T\\d{2}:\\d{2}:\\d{2}\\.\\d{3}Z</arg>
<doc>Fails if ``string`` does not match ``pattern`` as a regular expression.</doc>
<status status="PASS" start="2024-05-22T10:15:32.572485" elapsed="0.000488"/>
</kw>
<kw name="Should Match Regexp" owner="BuiltIn">
<arg>${json_data['results'][0]['registered']['date']}</arg>
<arg>\\d{4}-\\d{2}-\\d{2}T\\d{2}:\\d{2}:\\d{2}\\.\\d{3}Z</arg>
<doc>Fails if ``string`` does not match ``pattern`` as a regular expression.</doc>
<status status="PASS" start="2024-05-22T10:15:32.573166" elapsed="0.000403"/>
</kw>
<kw name="Should Match Regexp" owner="BuiltIn">
<arg>${json_data['results'][0]['picture']['large']}</arg>
<arg>^https?://.*\.(?:png|jpe?g|gif|bmp)$</arg>
<doc>Fails if ``string`` does not match ``pattern`` as a regular expression.</doc>
<status status="PASS" start="2024-05-22T10:15:32.573773" elapsed="0.000474"/>
</kw>
<kw name="Should Match Regexp" owner="BuiltIn">
<arg>${json_data['results'][0]['picture']['medium']}</arg>
<arg>^https?://.*\.(?:png|jpe?g|gif|bmp)$</arg>
<doc>Fails if ``string`` does not match ``pattern`` as a regular expression.</doc>
<status status="PASS" start="2024-05-22T10:15:32.574438" elapsed="0.000354"/>
</kw>
<kw name="Should Match Regexp" owner="BuiltIn">
<arg>${json_data['results'][0]['picture']['thumbnail']}</arg>
<arg>^https?://.*\.(?:png|jpe?g|gif|bmp)$</arg>
<doc>Fails if ``string`` does not match ``pattern`` as a regular expression.</doc>
<status status="PASS" start="2024-05-22T10:15:32.574979" elapsed="0.000344"/>
</kw>
<kw name="Log" owner="BuiltIn">
<msg time="2024-05-22T10:15:32.575846" level="INFO">{'large': 'https://randomuser.me/api/portraits/men/2.jpg', 'medium': 'https://randomuser.me/api/portraits/med/men/2.jpg', 'thumbnail': 'https://randomuser.me/api/portraits/thumb/men/2.jpg'}</msg>
<arg>${json_data['results'][0]['picture']}</arg>
<doc>Logs the given message with the given level.</doc>
<status status="PASS" start="2024-05-22T10:15:32.575511" elapsed="0.000380"/>
</kw>
<status status="PASS" start="2024-05-22T10:15:32.486266" elapsed="0.089883"/>
</kw>
<kw name="Teste de Tipos de Dados - Postcode" owner="random-user-service">
<kw name="GET On Session" owner="RequestsLibrary">
<msg time="2024-05-22T10:15:32.665705" level="INFO">GET Request : url=https://randomuser.me/api 
 path_url=/api 
 headers={'User-Agent': 'python-requests/2.32.2', 'Accept-Encoding': 'gzip, deflate', 'Accept': '*/*', 'Connection': 'keep-alive'} 
 body=None 
 </msg>
<msg time="2024-05-22T10:15:32.665801" level="INFO">GET Response : url=https://randomuser.me/api 
 status=200, reason=OK 
 headers={'Date': 'Wed, 22 May 2024 10:15:32 GMT', 'Content-Type': 'application/json; charset=utf-8', 'Transfer-Encoding': 'chunked', 'Connection': 'keep-alive', 'X-Powered-By': 'Express', 'Access-Control-Allow-Origin': '*', 'Cache-Control': 'no-cache', 'ETag': 'W/"49f-HY6YnqtuZjeRUiKwzXa73Vwnt3E"', 'Vary': 'Accept-Encoding', 'Content-Encoding': 'gzip', 'CF-Cache-Status': 'DYNAMIC', 'Report-To': '{"endpoints":[{"url":"https:\\/\\/a.nel.cloudflare.com\\/report\\/v4?s=n%2FXVjP8ML9MWwZ%2BaGTNXrcyyeRIWCVdVsahy3bNt7TIxdK66Rx4rASko5NleTgUtUcecTETWOP7gkGEt2DiIAYH5xrOrFluVz8Za1UXp%2B8MHsTNL7G1YyCGi2ErjVf08"}],"group":"cf-nel","max_age":604800}', 'NEL': '{"success_fraction":0,"report_to":"cf-nel","max_age":604800}', 'Server': 'cloudflare', 'CF-RAY': '887c0bac9bb85973-IAD', 'alt-svc': 'h3=":443"; ma=86400'} 
 body={"results":[{"gender":"female","name":{"title":"Mrs","first":"Ellen","last":"Korhonen"},"location":{"street":{"number":5373,"name":"Itsenäisyydenkatu"},"city":"Pello","state":"Kainuu","country":"Finland","postcode":89404,"coordinates":{"latitude":"-25.0914","longitude":"177.3496"},"timezone":{"offset":"+3:00","description":"Baghdad, Riyadh, Moscow, St. Petersburg"}},"email":"ellen.korhonen@example.com","login":{"uuid":"25988592-e408-4925-9034-2a5d8e95000c","username":"crazydog717","password":"came11","salt":"pdGKhwLa","md5":"18d316478d74c45c44e33514adb5363a","sha1":"73381116157e76ce9522bcfa6b75cb1353f47d73","sha256":"9d3ce402c51011ef031e3186bad54be7eebbebfa63454cec4d1f1ae9e20c0841"},"dob":{"date":"1965-12-04T18:13:53.176Z","age":58},"registered":{"date":"2019-11-07T02:41:24.494Z","age":4},"phone":"09-630-007","cell":"046-698-84-78","id":{"name":"HETU","value":"NaNNA050undefined"},"picture":{"large":"https://randomuser.me/api/portraits/women/49.jpg","medium":"https://randomuser.me/api/portraits/med/women/49.jpg","thumbnail":"https://randomuser.me/api/portraits/thumb/women/49.jpg"},"nat":"FI"}],"info":{"seed":"7ae777dea99ef012","results":1,"page":1,"version":"1.4"}} 
 </msg>
<msg time="2024-05-22T10:15:32.665878" level="INFO">/opt/hostedtoolcache/Python/3.12.3/x64/lib/python3.12/site-packages/urllib3/connectionpool.py:1103: InsecureRequestWarning: Unverified HTTPS request is being made to host 'randomuser.me'. Adding certificate verification is strongly advised. See: https://urllib3.readthedocs.io/en/latest/advanced-usage.html#tls-warnings
  warnings.warn(</msg>
<msg time="2024-05-22T10:15:32.666005" level="INFO">${response} = &lt;Response [200]&gt;</msg>
<var>${response}</var>
<arg>consultarAPI</arg>
<arg>/api</arg>
<doc>Sends a GET request on a previously created HTTP Session.</doc>
<status status="PASS" start="2024-05-22T10:15:32.576610" elapsed="0.089445"/>
</kw>
<kw name="Set Variable" owner="BuiltIn">
<msg time="2024-05-22T10:15:32.667213" level="INFO">${json_data} = {'results': [{'gender': 'female', 'name': {'title': 'Mrs', 'first': 'Ellen', 'last': 'Korhonen'}, 'location': {'street': {'number': 5373, 'name': 'Itsenäisyydenkatu'}, 'city': 'Pello', 'state': 'Kainu...</msg>
<var>${json_data}</var>
<arg>${response.json()}</arg>
<doc>Returns the given values which can then be assigned to a variables.</doc>
<status status="PASS" start="2024-05-22T10:15:32.666643" elapsed="0.000601"/>
</kw>
<kw name="Log" owner="BuiltIn">
<msg time="2024-05-22T10:15:32.667720" level="INFO">{'results': [{'gender': 'female', 'name': {'title': 'Mrs', 'first': 'Ellen', 'last': 'Korhonen'}, 'location': {'street': {'number': 5373, 'name': 'Itsenäisyydenkatu'}, 'city': 'Pello', 'state': 'Kainuu', 'country': 'Finland', 'postcode': 89404, 'coordinates': {'latitude': '-25.0914', 'longitude': '177.3496'}, 'timezone': {'offset': '+3:00', 'description': 'Baghdad, Riyadh, Moscow, St. Petersburg'}}, 'email': 'ellen.korhonen@example.com', 'login': {'uuid': '25988592-e408-4925-9034-2a5d8e95000c', 'username': 'crazydog717', 'password': 'came11', 'salt': 'pdGKhwLa', 'md5': '18d316478d74c45c44e33514adb5363a', 'sha1': '73381116157e76ce9522bcfa6b75cb1353f47d73', 'sha256': '9d3ce402c51011ef031e3186bad54be7eebbebfa63454cec4d1f1ae9e20c0841'}, 'dob': {'date': '1965-12-04T18:13:53.176Z', 'age': 58}, 'registered': {'date': '2019-11-07T02:41:24.494Z', 'age': 4}, 'phone': '09-630-007', 'cell': '046-698-84-78', 'id': {'name': 'HETU', 'value': 'NaNNA050undefined'}, 'picture': {'large': 'https://randomuser.me/api/portraits/women/49.jpg', 'medium': 'https://randomuser.me/api/portraits/med/women/49.jpg', 'thumbnail': 'https://randomuser.me/api/portraits/thumb/women/49.jpg'}, 'nat': 'FI'}], 'info': {'seed': '7ae777dea99ef012', 'results': 1, 'page': 1, 'version': '1.4'}}</msg>
<arg>${json_data}</arg>
<doc>Logs the given message with the given level.</doc>
<status status="PASS" start="2024-05-22T10:15:32.667560" elapsed="0.000243"/>
</kw>
<kw name="Should Be Equal As Numbers" owner="BuiltIn">
<arg>${json_data['results'][0]['location']['postcode']}</arg>
<arg>${json_data['results'][0]['location']['postcode']}</arg>
<doc>Fails if objects are unequal after converting them to real numbers.</doc>
<status status="PASS" start="2024-05-22T10:15:32.668110" elapsed="0.000780"/>
</kw>
<kw name="Log" owner="BuiltIn">
<msg time="2024-05-22T10:15:32.669425" level="INFO">89404</msg>
<arg>${json_data['results'][0]['location']['postcode']}</arg>
<doc>Logs the given message with the given level.</doc>
<status status="PASS" start="2024-05-22T10:15:32.669087" elapsed="0.000380"/>
</kw>
<status status="PASS" start="2024-05-22T10:15:32.576376" elapsed="0.093389"/>
</kw>
<doc>Testa se os tipos de dados na resposta da API estão corretos.</doc>
<tag>testeTiposDados</tag>
<status status="PASS" start="2024-05-22T10:15:32.485793" elapsed="0.184145"/>
</test>
<test id="s1-s1-t5" name="Validar conteudo" line="35">
<kw name="Teste de Tipos de Conteudo" owner="random-user-service">
<kw name="GET On Session" owner="RequestsLibrary">
<msg time="2024-05-22T10:15:32.811282" level="INFO">GET Request : url=https://randomuser.me/api 
 path_url=/api 
 headers={'User-Agent': 'python-requests/2.32.2', 'Accept-Encoding': 'gzip, deflate', 'Accept': '*/*', 'Connection': 'keep-alive'} 
 body=None 
 </msg>
<msg time="2024-05-22T10:15:32.811377" level="INFO">GET Response : url=https://randomuser.me/api 
 status=200, reason=OK 
 headers={'Date': 'Wed, 22 May 2024 10:15:32 GMT', 'Content-Type': 'application/json; charset=utf-8', 'Transfer-Encoding': 'chunked', 'Connection': 'keep-alive', 'X-Powered-By': 'Express', 'Access-Control-Allow-Origin': '*', 'Cache-Control': 'no-cache', 'ETag': 'W/"4a7-+eNWTxeQbCjuIaIYzXzbn5nYwjc"', 'Vary': 'Accept-Encoding', 'Content-Encoding': 'gzip', 'CF-Cache-Status': 'DYNAMIC', 'Report-To': '{"endpoints":[{"url":"https:\\/\\/a.nel.cloudflare.com\\/report\\/v4?s=W%2F3uLFu1PmeEtOsBWBnpUcUsCaYmNtmzsRdt4Hdh7qeoDFjuJqqDukqUBWg%2BgMwYI5Pa2YFuhh2LmA0NV2uPZoGXGI1oI777WKXHNykw3AVFM%2BUMmsLmfb4O1558iAC9"}],"group":"cf-nel","max_age":604800}', 'NEL': '{"success_fraction":0,"report_to":"cf-nel","max_age":604800}', 'Server': 'cloudflare', 'CF-RAY': '887c0bad3c255973-IAD', 'alt-svc': 'h3=":443"; ma=86400'} 
 body={"results":[{"gender":"female","name":{"title":"Ms","first":"Jennifer","last":"Henry"},"location":{"street":{"number":4948,"name":"E Sandy Lake Rd"},"city":"Warrnambool","state":"Australian Capital Territory","country":"Australia","postcode":7398,"coordinates":{"latitude":"-87.4292","longitude":"77.4189"},"timezone":{"offset":"-7:00","description":"Mountain Time (US &amp; Canada)"}},"email":"jennifer.henry@example.com","login":{"uuid":"76a373f0-d7e9-4b94-884b-b93d6a0e4d45","username":"sadpeacock629","password":"coolcool","salt":"C3KUMqFG","md5":"2e456ab21aa71d09afc64ed26a98058e","sha1":"78b06fc5c383e3f3c98acfb506d975c1bf000e86","sha256":"dcbe4c30b559fa7b0c552b988f59aa99473012e47401191c8dcfceed9acb8b3d"},"dob":{"date":"1955-06-17T14:11:01.790Z","age":68},"registered":{"date":"2018-11-09T14:23:42.860Z","age":5},"phone":"06-0928-2391","cell":"0427-682-557","id":{"name":"TFN","value":"566007149"},"picture":{"large":"https://randomuser.me/api/portraits/women/40.jpg","medium":"https://randomuser.me/api/portraits/med/women/40.jpg","thumbnail":"https://randomuser.me/api/portraits/thumb/women/40.jpg"},"nat":"AU"}],"info":{"seed":"91c038f48963395c","results":1,"page":1,"version":"1.4"}} 
 </msg>
<msg time="2024-05-22T10:15:32.811453" level="INFO">/opt/hostedtoolcache/Python/3.12.3/x64/lib/python3.12/site-packages/urllib3/connectionpool.py:1103: InsecureRequestWarning: Unverified HTTPS request is being made to host 'randomuser.me'. Adding certificate verification is strongly advised. See: https://urllib3.readthedocs.io/en/latest/advanced-usage.html#tls-warnings
  warnings.warn(</msg>
<msg time="2024-05-22T10:15:32.811571" level="INFO">${response} = &lt;Response [200]&gt;</msg>
<var>${response}</var>
<arg>consultarAPI</arg>
<arg>/api</arg>
<doc>Sends a GET request on a previously created HTTP Session.</doc>
<status status="PASS" start="2024-05-22T10:15:32.672398" elapsed="0.139208"/>
</kw>
<kw name="Set Variable" owner="BuiltIn">
<msg time="2024-05-22T10:15:32.812548" level="INFO">${json_data} = {'results': [{'gender': 'female', 'name': {'title': 'Ms', 'first': 'Jennifer', 'last': 'Henry'}, 'location': {'street': {'number': 4948, 'name': 'E Sandy Lake Rd'}, 'city': 'Warrnambool', 'state': 'Au...</msg>
<var>${json_data}</var>
<arg>${response.json()}</arg>
<doc>Returns the given values which can then be assigned to a variables.</doc>
<status status="PASS" start="2024-05-22T10:15:32.812055" elapsed="0.000522"/>
</kw>
<kw name="Set Variable" owner="BuiltIn">
<msg time="2024-05-22T10:15:32.813262" level="INFO">${name_title} = Ms</msg>
<var>${name_title}</var>
<arg>${json_data["results"][0]["name"]["title"]}</arg>
<doc>Returns the given values which can then be assigned to a variables.</doc>
<status status="PASS" start="2024-05-22T10:15:32.812880" elapsed="0.000407"/>
</kw>
<kw name="Create List" owner="BuiltIn">
<msg time="2024-05-22T10:15:32.813783" level="INFO">${allowed_titles} = ['Mr', 'Ms', 'Miss', 'Mrs', 'Madame', 'Monsieur']</msg>
<var>${allowed_titles}</var>
<arg>Mr</arg>
<arg>Ms</arg>
<arg>Miss</arg>
<arg>Mrs</arg>
<arg>Madame</arg>
<arg>Monsieur</arg>
<doc>Returns a list containing given items.</doc>
<status status="PASS" start="2024-05-22T10:15:32.813623" elapsed="0.000184"/>
</kw>
<kw name="List Should Contain Value" owner="Collections">
<msg time="2024-05-22T10:15:32.814280" level="INFO">False</msg>
<arg>${allowed_titles}</arg>
<arg>${name_title}</arg>
<doc>Fails if the ``value`` is not found from ``list``.</doc>
<status status="PASS" start="2024-05-22T10:15:32.814108" elapsed="0.000208"/>
</kw>
<kw name="Set Variable" owner="BuiltIn">
<msg time="2024-05-22T10:15:32.814985" level="INFO">${name_country} = AU</msg>
<var>${name_country}</var>
<arg>${json_data["results"][0]["nat"]}</arg>
<doc>Returns the given values which can then be assigned to a variables.</doc>
<status status="PASS" start="2024-05-22T10:15:32.814610" elapsed="0.000400"/>
</kw>
<kw name="Create List" owner="BuiltIn">
<msg time="2024-05-22T10:15:32.815902" level="INFO">${list_country} = ['AD', 'AE', 'AF', 'AG', 'AI', 'AL', 'AM', 'AO', 'AQ', 'AR', 'AS', 'AT', 'AU', 'AW', 'AX', 'AZ', 'BA', 'BB', 'BD', 'BE', 'BF', 'BG', 'BH', 'BI', 'BJ', 'BL', 'BM', 'BN', 'BO', 'BQ', 'BR', 'BS', 'BT', '...</msg>
<var>${list_country}</var>
<arg>AD</arg>
<arg>AE</arg>
<arg>AF</arg>
<arg>AG</arg>
<arg>AI</arg>
<arg>AL</arg>
<arg>AM</arg>
<arg>AO</arg>
<arg>AQ</arg>
<arg>AR</arg>
<arg>AS</arg>
<arg>AT</arg>
<arg>AU</arg>
<arg>AW</arg>
<arg>AX</arg>
<arg>AZ</arg>
<arg>BA</arg>
<arg>BB</arg>
<arg>BD</arg>
<arg>BE</arg>
<arg>BF</arg>
<arg>BG</arg>
<arg>BH</arg>
<arg>BI</arg>
<arg>BJ</arg>
<arg>BL</arg>
<arg>BM</arg>
<arg>BN</arg>
<arg>BO</arg>
<arg>BQ</arg>
<arg>BR</arg>
<arg>BS</arg>
<arg>BT</arg>
<arg>BV</arg>
<arg>BW</arg>
<arg>BY</arg>
<arg>BZ</arg>
<arg>CA</arg>
<arg>CC</arg>
<arg>CD</arg>
<arg>CF</arg>
<arg>CG</arg>
<arg>CH</arg>
<arg>CI</arg>
<arg>CK</arg>
<arg>CL</arg>
<arg>CM</arg>
<arg>CN</arg>
<arg>CO</arg>
<arg>CR</arg>
<arg>CU</arg>
<arg>CV</arg>
<arg>CW</arg>
<arg>CX</arg>
<arg>CY</arg>
<arg>CZ</arg>
<arg>DE</arg>
<arg>DJ</arg>
<arg>DK</arg>
<arg>DM</arg>
<arg>DO</arg>
<arg>DZ</arg>
<arg>EC</arg>
<arg>EE</arg>
<arg>EG</arg>
<arg>EH</arg>
<arg>ER</arg>
<arg>ES</arg>
<arg>ET</arg>
<arg>FI</arg>
<arg>FJ</arg>
<arg>FK</arg>
<arg>FM</arg>
<arg>FO</arg>
<arg>FR</arg>
<arg>GA</arg>
<arg>GB</arg>
<arg>GD</arg>
<arg>GE</arg>
<arg>GF</arg>
<arg>GG</arg>
<arg>GH</arg>
<arg>GI</arg>
<arg>GL</arg>
<arg>GM</arg>
<arg>GN</arg>
<arg>GP</arg>
<arg>GQ</arg>
<arg>GR</arg>
<arg>GS</arg>
<arg>GT</arg>
<arg>GU</arg>
<arg>GW</arg>
<arg>GY</arg>
<arg>HK</arg>
<arg>HM</arg>
<arg>HN</arg>
<arg>HR</arg>
<arg>HT</arg>
<arg>HU</arg>
<arg>ID</arg>
<arg>IE</arg>
<arg>IL</arg>
<arg>IM</arg>
<arg>IN</arg>
<arg>IO</arg>
<arg>IQ</arg>
<arg>IR</arg>
<arg>IS</arg>
<arg>IT</arg>
<arg>JE</arg>
<arg>JM</arg>
<arg>JO</arg>
<arg>JP</arg>
<arg>KE</arg>
<arg>KG</arg>
<arg>KH</arg>
<arg>KI</arg>
<arg>KM</arg>
<arg>KN</arg>
<arg>KP</arg>
<arg>KR</arg>
<arg>KW</arg>
<arg>KY</arg>
<arg>KZ</arg>
<arg>LA</arg>
<arg>LB</arg>
<arg>LC</arg>
<arg>LI</arg>
<arg>LK</arg>
<arg>LR</arg>
<arg>LS</arg>
<arg>LT</arg>
<arg>LU</arg>
<arg>LV</arg>
<arg>LY</arg>
<arg>MA</arg>
<arg>MC</arg>
<arg>MD</arg>
<arg>ME</arg>
<arg>MF</arg>
<arg>MG</arg>
<arg>MH</arg>
<arg>MK</arg>
<arg>ML</arg>
<arg>MM</arg>
<arg>MN</arg>
<arg>MO</arg>
<arg>MP</arg>
<arg>MQ</arg>
<arg>MR</arg>
<arg>MS</arg>
<arg>MT</arg>
<arg>MU</arg>
<arg>MV</arg>
<arg>MW</arg>
<arg>MX</arg>
<arg>MY</arg>
<arg>MZ</arg>
<arg>NA</arg>
<arg>NC</arg>
<arg>NE</arg>
<arg>NF</arg>
<arg>NG</arg>
<arg>NI</arg>
<arg>NL</arg>
<arg>NO</arg>
<arg>NP</arg>
<arg>NR</arg>
<arg>NU</arg>
<arg>NZ</arg>
<arg>OM</arg>
<arg>PA</arg>
<arg>PE</arg>
<arg>PF</arg>
<arg>PG</arg>
<arg>PH</arg>
<arg>PK</arg>
<arg>PL</arg>
<arg>PM</arg>
<arg>PN</arg>
<arg>PR</arg>
<arg>PS</arg>
<arg>PT</arg>
<arg>PW</arg>
<arg>PY</arg>
<arg>QA</arg>
<arg>RE</arg>
<arg>RO</arg>
<arg>RS</arg>
<arg>RU</arg>
<arg>RW</arg>
<arg>SA</arg>
<arg>SB</arg>
<arg>SC</arg>
<arg>SD</arg>
<arg>SE</arg>
<arg>SG</arg>
<arg>SH</arg>
<arg>SI</arg>
<arg>SJ</arg>
<arg>SK</arg>
<arg>SL</arg>
<arg>SM</arg>
<arg>SN</arg>
<arg>SO</arg>
<arg>SR</arg>
<arg>SS</arg>
<arg>ST</arg>
<arg>SV</arg>
<arg>SX</arg>
<arg>SY</arg>
<arg>SZ</arg>
<arg>TC</arg>
<arg>TD</arg>
<arg>TF</arg>
<arg>TG</arg>
<arg>TH</arg>
<arg>TJ</arg>
<arg>TK</arg>
<arg>TL</arg>
<arg>TM</arg>
<arg>TN</arg>
<arg>TO</arg>
<arg>TR</arg>
<arg>TT</arg>
<arg>TV</arg>
<arg>TW</arg>
<arg>TZ</arg>
<arg>UA</arg>
<arg>UG</arg>
<arg>UM</arg>
<arg>US</arg>
<arg>UY</arg>
<arg>UZ</arg>
<arg>VA</arg>
<arg>VC</arg>
<arg>VE</arg>
<arg>VG</arg>
<arg>VI</arg>
<arg>VN</arg>
<arg>VU</arg>
<arg>WF</arg>
<arg>WS</arg>
<arg>XK</arg>
<arg>YE</arg>
<arg>YT</arg>
<arg>ZA</arg>
<arg>ZM</arg>
<arg>ZW</arg>
<doc>Returns a list containing given items.</doc>
<status status="PASS" start="2024-05-22T10:15:32.815306" elapsed="0.000621"/>
</kw>
<kw name="List Should Contain Value" owner="Collections">
<msg time="2024-05-22T10:15:32.816923" level="INFO">False</msg>
<arg>${list_country}</arg>
<arg>${name_country}</arg>
<doc>Fails if the ``value`` is not found from ``list``.</doc>
<status status="PASS" start="2024-05-22T10:15:32.816713" elapsed="0.000247"/>
</kw>
<kw name="Run Keyword If" owner="BuiltIn">
<kw name="Should Be True" owner="BuiltIn">
<arg>${True}</arg>
<doc>Fails if the given condition is not true.</doc>
<status status="PASS" start="2024-05-22T10:15:32.818059" elapsed="0.000142"/>
</kw>
<arg>${json_data["results"][0]["location"]["coordinates"]["latitude"]} &gt;= -90 and ${json_data["results"][0]["location"]["coordinates"]["latitude"]} &lt;= 90</arg>
<arg>Should Be True</arg>
<arg>${True}</arg>
<doc>Runs the given keyword with the given arguments, if ``condition`` is true.</doc>
<status status="PASS" start="2024-05-22T10:15:32.817269" elapsed="0.001057"/>
</kw>
<kw name="Run Keyword If" owner="BuiltIn">
<kw name="Should Be True" owner="BuiltIn">
<arg>${True}</arg>
<doc>Fails if the given condition is not true.</doc>
<status status="PASS" start="2024-05-22T10:15:32.819209" elapsed="0.000250"/>
</kw>
<arg>${json_data["results"][0]["location"]["coordinates"]["longitude"]} &gt;= -180 and ${json_data["results"][0]["location"]["coordinates"]["longitude"]} &lt;= 180</arg>
<arg>Should Be True</arg>
<arg>${True}</arg>
<doc>Runs the given keyword with the given arguments, if ``condition`` is true.</doc>
<status status="PASS" start="2024-05-22T10:15:32.818509" elapsed="0.001077"/>
</kw>
<status status="PASS" start="2024-05-22T10:15:32.672170" elapsed="0.147562"/>
</kw>
<doc>Testa o conteúdo específico dos campos retornados pela API.</doc>
<tag>testeConteudo</tag>
<status status="PASS" start="2024-05-22T10:15:32.671721" elapsed="0.148161"/>
</test>
<status status="PASS" start="2024-05-22T10:15:31.764908" elapsed="1.056979"/>
</suite>
<status status="PASS" start="2024-05-22T10:15:31.751142" elapsed="1.075955"/>
</suite>
<statistics>
<total>
<stat pass="5" fail="0" skip="0">All Tests</stat>
</total>
<tag>
<stat pass="1" fail="0" skip="0">testeConteudo</stat>
<stat pass="1" fail="0" skip="0">testeEstruturaResposta</stat>
<stat pass="1" fail="0" skip="0">testeRequisicaoBasica</stat>
<stat pass="1" fail="0" skip="0">testeTiposDados</stat>
</tag>
<suite>
<stat pass="5" fail="0" skip="0" id="s1" name="Tests">Tests</stat>
<stat pass="5" fail="0" skip="0" id="s1-s1" name="Random-User-Test">Tests.Random-User-Test</stat>
</suite>
</statistics>
<errors>
</errors>
</robot>
