<?xml version="1.0" encoding="UTF-8"?>
<robot generator="Robot 7.0.1 (Python 3.12.3 on linux)" generated="2024-06-18T19:12:17.579736" rpa="false" schemaversion="5">
<suite id="s1" name="Tests" source="/home/runner/work/ApiRandomUser/ApiRandomUser/RamdonUser/tests">
<suite id="s1-s1" name="Random-User-Test" source="/home/runner/work/ApiRandomUser/ApiRandomUser/RamdonUser/tests/random-user-test.robot">
<test id="s1-s1-t1" name="Conectar" line="13">
<kw name="Conectar API" owner="random-user-service">
<kw name="Create Session" owner="RequestsLibrary">
<msg time="2024-06-18T19:12:17.958433" level="INFO">Creating Session using : alias=consultarAPI, url=https://randomuser.me/, headers={},                     cookies={}, auth=None, timeout=None, proxies=None, verify=False,                     debug=0 </msg>
<arg>consultarAPI</arg>
<arg>${URL}</arg>
<doc>Create Session: create a HTTP session to a server</doc>
<status status="PASS" start="2024-06-18T19:12:17.958236" elapsed="0.000364"/>
</kw>
<status status="PASS" start="2024-06-18T19:12:17.957250" elapsed="0.001732"/>
</kw>
<status status="PASS" start="2024-06-18T19:12:17.956686" elapsed="0.002491"/>
</test>
<test id="s1-s1-t2" name="Validar retorno 200 e JSON Válido" line="16">
<kw name="Teste de Requisicao Basica" owner="random-user-service">
<kw name="GET On Session" owner="RequestsLibrary">
<msg time="2024-06-18T19:12:18.117636" level="INFO">GET Request : url=https://randomuser.me/api 
 path_url=/api 
 headers={'User-Agent': 'python-requests/2.32.3', 'Accept-Encoding': 'gzip, deflate', 'Accept': '*/*', 'Connection': 'keep-alive'} 
 body=None 
 </msg>
<msg time="2024-06-18T19:12:18.117780" level="INFO">GET Response : url=https://randomuser.me/api 
 status=200, reason=OK 
 headers={'Date': 'Tue, 18 Jun 2024 19:12:18 GMT', 'Content-Type': 'application/json; charset=utf-8', 'Transfer-Encoding': 'chunked', 'Connection': 'keep-alive', 'X-Powered-By': 'Express', 'Access-Control-Allow-Origin': '*', 'Cache-Control': 'no-cache', 'ETag': 'W/"46b-m66Gb12p7vLYo1SrMQTPwBl7Ge8"', 'Vary': 'Accept-Encoding', 'Content-Encoding': 'gzip', 'CF-Cache-Status': 'DYNAMIC', 'Report-To': '{"endpoints":[{"url":"https:\\/\\/a.nel.cloudflare.com\\/report\\/v4?s=s8iyGgZPGmhBcCF1kQL%2FKKd2IhcVtVywfUGb%2BinsnrDtWhtxP4sA7umvAvzHkQUN%2BcYwu5PLEeUYb0CBaVDIZqY2Fwv8AVobMLonryO9HfMK8YHiRsmGmntiAIad%2FCd2"}],"group":"cf-nel","max_age":604800}', 'NEL': '{"success_fraction":0,"report_to":"cf-nel","max_age":604800}', 'Server': 'cloudflare', 'CF-RAY': '895d9710783767af-SJC', 'alt-svc': 'h3=":443"; ma=86400'} 
 body={"results":[{"gender":"male","name":{"title":"Mr","first":"Ryan","last":"Walker"},"location":{"street":{"number":8153,"name":"Napier Road"},"city":"Masterton","state":"Northland","country":"New Zealand","postcode":56243,"coordinates":{"latitude":"47.6530","longitude":"-79.7481"},"timezone":{"offset":"+5:45","description":"Kathmandu"}},"email":"ryan.walker@example.com","login":{"uuid":"dcbd9688-7b85-4e9d-bd36-cb64182ff097","username":"bluekoala785","password":"sunnyday","salt":"CUIt6M2T","md5":"f854b234d7e69c4d8954630c00845b4d","sha1":"78c9fa9a559c3ecf8a9a7668e217244f483ed7c4","sha256":"32e813d643228725b3c8cfc18deec9e88b692a76b3532a63b5d8e3e18a2dee21"},"dob":{"date":"1984-12-18T14:34:35.382Z","age":39},"registered":{"date":"2010-11-18T04:11:05.314Z","age":13},"phone":"(051)-990-5440","cell":"(933)-408-0778","id":{"name":"","value":null},"picture":{"large":"https://randomuser.me/api/portraits/men/26.jpg","medium":"https://randomuser.me/api/portraits/med/men/26.jpg","thumbnail":"https://randomuser.me/api/portraits/thumb/men/26.jpg"},"nat":"NZ"}],"info":{"seed":"c227f1ed576c24cc","results":1,"page":1,"version":"1.4"}} 
 </msg>
<msg time="2024-06-18T19:12:18.117870" level="INFO">/opt/hostedtoolcache/Python/3.12.3/x64/lib/python3.12/site-packages/urllib3/connectionpool.py:1099: InsecureRequestWarning: Unverified HTTPS request is being made to host 'randomuser.me'. Adding certificate verification is strongly advised. See: https://urllib3.readthedocs.io/en/latest/advanced-usage.html#tls-warnings
  warnings.warn(</msg>
<msg time="2024-06-18T19:12:18.118021" level="INFO">${response} = &lt;Response [200]&gt;</msg>
<var>${response}</var>
<arg>consultarAPI</arg>
<arg>/api</arg>
<doc>Sends a GET request on a previously created HTTP Session.</doc>
<status status="PASS" start="2024-06-18T19:12:17.961815" elapsed="0.156254"/>
</kw>
<kw name="Should Be Equal As Numbers" owner="BuiltIn">
<msg time="2024-06-18T19:12:18.119406" level="INFO">Argument types are:
&lt;class 'int'&gt;
&lt;class 'str'&gt;</msg>
<arg>${response.status_code}</arg>
<arg>200</arg>
<doc>Fails if objects are unequal after converting them to real numbers.</doc>
<status status="PASS" start="2024-06-18T19:12:18.118816" elapsed="0.000656"/>
</kw>
<kw name="Log" owner="BuiltIn">
<msg time="2024-06-18T19:12:18.120155" level="INFO">200</msg>
<arg>${response.status_code}</arg>
<doc>Logs the given message with the given level.</doc>
<status status="PASS" start="2024-06-18T19:12:18.119807" elapsed="0.000390"/>
</kw>
<kw name="Set Variable" owner="BuiltIn">
<msg time="2024-06-18T19:12:18.120935" level="INFO">${json_data} = {'results': [{'gender': 'male', 'name': {'title': 'Mr', 'first': 'Ryan', 'last': 'Walker'}, 'location': {'street': {'number': 8153, 'name': 'Napier Road'}, 'city': 'Masterton', 'state': 'Northland', '...</msg>
<var>${json_data}</var>
<arg>${response.json()}</arg>
<doc>Returns the given values which can then be assigned to a variables.</doc>
<status status="PASS" start="2024-06-18T19:12:18.120507" elapsed="0.000459"/>
</kw>
<kw name="Dictionary Should Contain Key" owner="Collections">
<arg>${json_data}</arg>
<arg>results</arg>
<doc>Fails if ``key`` is not found from ``dictionary``.</doc>
<status status="PASS" start="2024-06-18T19:12:18.121286" elapsed="0.000193"/>
</kw>
<status status="PASS" start="2024-06-18T19:12:17.961576" elapsed="0.160055"/>
</kw>
<doc>Testa se a API responde corretamente e retorna um objeto JSON válido.</doc>
<tag>testeRequisicaoBasica</tag>
<status status="PASS" start="2024-06-18T19:12:17.961035" elapsed="0.160771"/>
</test>
<test id="s1-s1-t3" name="Validar estrutura de resposta" line="22">
<kw name="Teste de Estrutura de Resposta" owner="random-user-service">
<kw name="GET On Session" owner="RequestsLibrary">
<msg time="2024-06-18T19:12:18.245278" level="INFO">GET Request : url=https://randomuser.me/api 
 path_url=/api 
 headers={'User-Agent': 'python-requests/2.32.3', 'Accept-Encoding': 'gzip, deflate', 'Accept': '*/*', 'Connection': 'keep-alive'} 
 body=None 
 </msg>
<msg time="2024-06-18T19:12:18.245374" level="INFO">GET Response : url=https://randomuser.me/api 
 status=200, reason=OK 
 headers={'Date': 'Tue, 18 Jun 2024 19:12:18 GMT', 'Content-Type': 'application/json; charset=utf-8', 'Transfer-Encoding': 'chunked', 'Connection': 'keep-alive', 'X-Powered-By': 'Express', 'Access-Control-Allow-Origin': '*', 'Cache-Control': 'no-cache', 'ETag': 'W/"496-Oi0zVVaYlqdVyJeIxWfl869U6rg"', 'Vary': 'Accept-Encoding', 'Content-Encoding': 'gzip', 'CF-Cache-Status': 'DYNAMIC', 'Report-To': '{"endpoints":[{"url":"https:\\/\\/a.nel.cloudflare.com\\/report\\/v4?s=VvN3zguD4wCx0%2FIXTo5dC2XLzhWtIWkPCSjH83rk5XCyLTmUiKwgv5%2BtpVmqea2SXzgX4Opk13h287%2FGf71gj%2BzlXmnLKAAFOM1UQ9I%2Fz%2Buu4XCHSpwt5VX7pMUm3f2z"}],"group":"cf-nel","max_age":604800}', 'NEL': '{"success_fraction":0,"report_to":"cf-nel","max_age":604800}', 'Server': 'cloudflare', 'CF-RAY': '895d971158e967af-SJC', 'alt-svc': 'h3=":443"; ma=86400'} 
 body={"results":[{"gender":"female","name":{"title":"Ms","first":"Vilma","last":"Takala"},"location":{"street":{"number":6594,"name":"Hämeenkatu"},"city":"Lieto","state":"Satakunta","country":"Finland","postcode":99366,"coordinates":{"latitude":"-28.1199","longitude":"171.8771"},"timezone":{"offset":"+1:00","description":"Brussels, Copenhagen, Madrid, Paris"}},"email":"vilma.takala@example.com","login":{"uuid":"fed7a37a-fe74-4509-9a96-37b3bb985781","username":"happyduck540","password":"meatball","salt":"6DpubLKO","md5":"2ee1110c72014180fd0ecf95687b6de4","sha1":"59bbe4388116e0352dbe7a24030b929eab2fff94","sha256":"969e921d08dd469ed1517aa53a44520f138090624e21360f900bad59ca46270c"},"dob":{"date":"1984-10-19T09:04:26.099Z","age":39},"registered":{"date":"2006-07-22T19:38:05.945Z","age":17},"phone":"07-553-450","cell":"040-429-46-22","id":{"name":"HETU","value":"NaNNA972undefined"},"picture":{"large":"https://randomuser.me/api/portraits/women/69.jpg","medium":"https://randomuser.me/api/portraits/med/women/69.jpg","thumbnail":"https://randomuser.me/api/portraits/thumb/women/69.jpg"},"nat":"FI"}],"info":{"seed":"f281163364e8d75e","results":1,"page":1,"version":"1.4"}} 
 </msg>
<msg time="2024-06-18T19:12:18.245534" level="INFO">/opt/hostedtoolcache/Python/3.12.3/x64/lib/python3.12/site-packages/urllib3/connectionpool.py:1099: InsecureRequestWarning: Unverified HTTPS request is being made to host 'randomuser.me'. Adding certificate verification is strongly advised. See: https://urllib3.readthedocs.io/en/latest/advanced-usage.html#tls-warnings
  warnings.warn(</msg>
<msg time="2024-06-18T19:12:18.245670" level="INFO">${response} = &lt;Response [200]&gt;</msg>
<var>${response}</var>
<arg>consultarAPI</arg>
<arg>/api</arg>
<doc>Sends a GET request on a previously created HTTP Session.</doc>
<status status="PASS" start="2024-06-18T19:12:18.124722" elapsed="0.120999"/>
</kw>
<kw name="Set Variable" owner="BuiltIn">
<msg time="2024-06-18T19:12:18.246717" level="INFO">${json_data} = {'results': [{'gender': 'female', 'name': {'title': 'Ms', 'first': 'Vilma', 'last': 'Takala'}, 'location': {'street': {'number': 6594, 'name': 'Hämeenkatu'}, 'city': 'Lieto', 'state': 'Satakunta', 'co...</msg>
<var>${json_data}</var>
<arg>${response.json()}</arg>
<doc>Returns the given values which can then be assigned to a variables.</doc>
<status status="PASS" start="2024-06-18T19:12:18.246176" elapsed="0.000575"/>
</kw>
<kw name="Log" owner="BuiltIn">
<msg time="2024-06-18T19:12:18.247240" level="INFO">{'results': [{'gender': 'female', 'name': {'title': 'Ms', 'first': 'Vilma', 'last': 'Takala'}, 'location': {'street': {'number': 6594, 'name': 'Hämeenkatu'}, 'city': 'Lieto', 'state': 'Satakunta', 'country': 'Finland', 'postcode': 99366, 'coordinates': {'latitude': '-28.1199', 'longitude': '171.8771'}, 'timezone': {'offset': '+1:00', 'description': 'Brussels, Copenhagen, Madrid, Paris'}}, 'email': 'vilma.takala@example.com', 'login': {'uuid': 'fed7a37a-fe74-4509-9a96-37b3bb985781', 'username': 'happyduck540', 'password': 'meatball', 'salt': '6DpubLKO', 'md5': '2ee1110c72014180fd0ecf95687b6de4', 'sha1': '59bbe4388116e0352dbe7a24030b929eab2fff94', 'sha256': '969e921d08dd469ed1517aa53a44520f138090624e21360f900bad59ca46270c'}, 'dob': {'date': '1984-10-19T09:04:26.099Z', 'age': 39}, 'registered': {'date': '2006-07-22T19:38:05.945Z', 'age': 17}, 'phone': '07-553-450', 'cell': '040-429-46-22', 'id': {'name': 'HETU', 'value': 'NaNNA972undefined'}, 'picture': {'large': 'https://randomuser.me/api/portraits/women/69.jpg', 'medium': 'https://randomuser.me/api/portraits/med/women/69.jpg', 'thumbnail': 'https://randomuser.me/api/portraits/thumb/women/69.jpg'}, 'nat': 'FI'}], 'info': {'seed': 'f281163364e8d75e', 'results': 1, 'page': 1, 'version': '1.4'}}</msg>
<arg>${json_data}</arg>
<doc>Logs the given message with the given level.</doc>
<status status="PASS" start="2024-06-18T19:12:18.247077" elapsed="0.000214"/>
</kw>
<kw name="Dictionary Should Contain Key" owner="Collections">
<arg>${json_data}</arg>
<arg>results</arg>
<doc>Fails if ``key`` is not found from ``dictionary``.</doc>
<status status="PASS" start="2024-06-18T19:12:18.247585" elapsed="0.000158"/>
</kw>
<kw name="Should Not Be Empty" owner="BuiltIn">
<msg time="2024-06-18T19:12:18.248063" level="INFO">Length is 2.</msg>
<arg>${json_data}</arg>
<doc>Verifies that the given item is not empty.</doc>
<status status="PASS" start="2024-06-18T19:12:18.247937" elapsed="0.000165"/>
</kw>
<kw name="Create List" owner="BuiltIn">
<msg time="2024-06-18T19:12:18.248540" level="INFO">${expected_keys} = ['gender', 'name', 'location', 'email', 'login']</msg>
<var>${expected_keys}</var>
<arg>gender</arg>
<arg>name</arg>
<arg>location</arg>
<arg>email</arg>
<arg>login</arg>
<doc>Returns a list containing given items.</doc>
<status status="PASS" start="2024-06-18T19:12:18.248391" elapsed="0.000174"/>
</kw>
<for flavor="IN">
<iter>
<kw name="Dictionary Should Contain Key" owner="Collections">
<arg>${json_data['results'][0]}</arg>
<arg>${key}</arg>
<doc>Fails if ``key`` is not found from ``dictionary``.</doc>
<status status="PASS" start="2024-06-18T19:12:18.249140" elapsed="0.000556"/>
</kw>
<kw name="Log" owner="BuiltIn">
<msg time="2024-06-18T19:12:18.250683" level="INFO">{'gender': 'female', 'name': {'title': 'Ms', 'first': 'Vilma', 'last': 'Takala'}, 'location': {'street': {'number': 6594, 'name': 'Hämeenkatu'}, 'city': 'Lieto', 'state': 'Satakunta', 'country': 'Finland', 'postcode': 99366, 'coordinates': {'latitude': '-28.1199', 'longitude': '171.8771'}, 'timezone': {'offset': '+1:00', 'description': 'Brussels, Copenhagen, Madrid, Paris'}}, 'email': 'vilma.takala@example.com', 'login': {'uuid': 'fed7a37a-fe74-4509-9a96-37b3bb985781', 'username': 'happyduck540', 'password': 'meatball', 'salt': '6DpubLKO', 'md5': '2ee1110c72014180fd0ecf95687b6de4', 'sha1': '59bbe4388116e0352dbe7a24030b929eab2fff94', 'sha256': '969e921d08dd469ed1517aa53a44520f138090624e21360f900bad59ca46270c'}, 'dob': {'date': '1984-10-19T09:04:26.099Z', 'age': 39}, 'registered': {'date': '2006-07-22T19:38:05.945Z', 'age': 17}, 'phone': '07-553-450', 'cell': '040-429-46-22', 'id': {'name': 'HETU', 'value': 'NaNNA972undefined'}, 'picture': {'large': 'https://randomuser.me/api/portraits/women/69.jpg', 'medium': 'https://randomuser.me/api/portraits/med/women/69.jpg', 'thumbnail': 'https://randomuser.me/api/portraits/thumb/women/69.jpg'}, 'nat': 'FI'}</msg>
<arg>${json_data['results'][0]}</arg>
<doc>Logs the given message with the given level.</doc>
<status status="PASS" start="2024-06-18T19:12:18.250024" elapsed="0.000755"/>
</kw>
<kw name="Log" owner="BuiltIn">
<msg time="2024-06-18T19:12:18.251391" level="INFO">gender</msg>
<arg>${key}</arg>
<doc>Logs the given message with the given level.</doc>
<status status="PASS" start="2024-06-18T19:12:18.251211" elapsed="0.000243"/>
</kw>
<var name="${key}">gender</var>
<status status="PASS" start="2024-06-18T19:12:18.249018" elapsed="0.002754"/>
</iter>
<iter>
<kw name="Dictionary Should Contain Key" owner="Collections">
<arg>${json_data['results'][0]}</arg>
<arg>${key}</arg>
<doc>Fails if ``key`` is not found from ``dictionary``.</doc>
<status status="PASS" start="2024-06-18T19:12:18.252230" elapsed="0.000599"/>
</kw>
<kw name="Log" owner="BuiltIn">
<msg time="2024-06-18T19:12:18.253733" level="INFO">{'gender': 'female', 'name': {'title': 'Ms', 'first': 'Vilma', 'last': 'Takala'}, 'location': {'street': {'number': 6594, 'name': 'Hämeenkatu'}, 'city': 'Lieto', 'state': 'Satakunta', 'country': 'Finland', 'postcode': 99366, 'coordinates': {'latitude': '-28.1199', 'longitude': '171.8771'}, 'timezone': {'offset': '+1:00', 'description': 'Brussels, Copenhagen, Madrid, Paris'}}, 'email': 'vilma.takala@example.com', 'login': {'uuid': 'fed7a37a-fe74-4509-9a96-37b3bb985781', 'username': 'happyduck540', 'password': 'meatball', 'salt': '6DpubLKO', 'md5': '2ee1110c72014180fd0ecf95687b6de4', 'sha1': '59bbe4388116e0352dbe7a24030b929eab2fff94', 'sha256': '969e921d08dd469ed1517aa53a44520f138090624e21360f900bad59ca46270c'}, 'dob': {'date': '1984-10-19T09:04:26.099Z', 'age': 39}, 'registered': {'date': '2006-07-22T19:38:05.945Z', 'age': 17}, 'phone': '07-553-450', 'cell': '040-429-46-22', 'id': {'name': 'HETU', 'value': 'NaNNA972undefined'}, 'picture': {'large': 'https://randomuser.me/api/portraits/women/69.jpg', 'medium': 'https://randomuser.me/api/portraits/med/women/69.jpg', 'thumbnail': 'https://randomuser.me/api/portraits/thumb/women/69.jpg'}, 'nat': 'FI'}</msg>
<arg>${json_data['results'][0]}</arg>
<doc>Logs the given message with the given level.</doc>
<status status="PASS" start="2024-06-18T19:12:18.253129" elapsed="0.000744"/>
</kw>
<kw name="Log" owner="BuiltIn">
<msg time="2024-06-18T19:12:18.254534" level="INFO">name</msg>
<arg>${key}</arg>
<doc>Logs the given message with the given level.</doc>
<status status="PASS" start="2024-06-18T19:12:18.254344" elapsed="0.000249"/>
</kw>
<var name="${key}">name</var>
<status status="PASS" start="2024-06-18T19:12:18.252049" elapsed="0.002914"/>
</iter>
<iter>
<kw name="Dictionary Should Contain Key" owner="Collections">
<arg>${json_data['results'][0]}</arg>
<arg>${key}</arg>
<doc>Fails if ``key`` is not found from ``dictionary``.</doc>
<status status="PASS" start="2024-06-18T19:12:18.255433" elapsed="0.000678"/>
</kw>
<kw name="Log" owner="BuiltIn">
<msg time="2024-06-18T19:12:18.256984" level="INFO">{'gender': 'female', 'name': {'title': 'Ms', 'first': 'Vilma', 'last': 'Takala'}, 'location': {'street': {'number': 6594, 'name': 'Hämeenkatu'}, 'city': 'Lieto', 'state': 'Satakunta', 'country': 'Finland', 'postcode': 99366, 'coordinates': {'latitude': '-28.1199', 'longitude': '171.8771'}, 'timezone': {'offset': '+1:00', 'description': 'Brussels, Copenhagen, Madrid, Paris'}}, 'email': 'vilma.takala@example.com', 'login': {'uuid': 'fed7a37a-fe74-4509-9a96-37b3bb985781', 'username': 'happyduck540', 'password': 'meatball', 'salt': '6DpubLKO', 'md5': '2ee1110c72014180fd0ecf95687b6de4', 'sha1': '59bbe4388116e0352dbe7a24030b929eab2fff94', 'sha256': '969e921d08dd469ed1517aa53a44520f138090624e21360f900bad59ca46270c'}, 'dob': {'date': '1984-10-19T09:04:26.099Z', 'age': 39}, 'registered': {'date': '2006-07-22T19:38:05.945Z', 'age': 17}, 'phone': '07-553-450', 'cell': '040-429-46-22', 'id': {'name': 'HETU', 'value': 'NaNNA972undefined'}, 'picture': {'large': 'https://randomuser.me/api/portraits/women/69.jpg', 'medium': 'https://randomuser.me/api/portraits/med/women/69.jpg', 'thumbnail': 'https://randomuser.me/api/portraits/thumb/women/69.jpg'}, 'nat': 'FI'}</msg>
<arg>${json_data['results'][0]}</arg>
<doc>Logs the given message with the given level.</doc>
<status status="PASS" start="2024-06-18T19:12:18.256405" elapsed="0.000660"/>
</kw>
<kw name="Log" owner="BuiltIn">
<msg time="2024-06-18T19:12:18.257738" level="INFO">location</msg>
<arg>${key}</arg>
<doc>Logs the given message with the given level.</doc>
<status status="PASS" start="2024-06-18T19:12:18.257546" elapsed="0.000253"/>
</kw>
<var name="${key}">location</var>
<status status="PASS" start="2024-06-18T19:12:18.255256" elapsed="0.002852"/>
</iter>
<iter>
<kw name="Dictionary Should Contain Key" owner="Collections">
<arg>${json_data['results'][0]}</arg>
<arg>${key}</arg>
<doc>Fails if ``key`` is not found from ``dictionary``.</doc>
<status status="PASS" start="2024-06-18T19:12:18.258423" elapsed="0.000429"/>
</kw>
<kw name="Log" owner="BuiltIn">
<msg time="2024-06-18T19:12:18.259418" level="INFO">{'gender': 'female', 'name': {'title': 'Ms', 'first': 'Vilma', 'last': 'Takala'}, 'location': {'street': {'number': 6594, 'name': 'Hämeenkatu'}, 'city': 'Lieto', 'state': 'Satakunta', 'country': 'Finland', 'postcode': 99366, 'coordinates': {'latitude': '-28.1199', 'longitude': '171.8771'}, 'timezone': {'offset': '+1:00', 'description': 'Brussels, Copenhagen, Madrid, Paris'}}, 'email': 'vilma.takala@example.com', 'login': {'uuid': 'fed7a37a-fe74-4509-9a96-37b3bb985781', 'username': 'happyduck540', 'password': 'meatball', 'salt': '6DpubLKO', 'md5': '2ee1110c72014180fd0ecf95687b6de4', 'sha1': '59bbe4388116e0352dbe7a24030b929eab2fff94', 'sha256': '969e921d08dd469ed1517aa53a44520f138090624e21360f900bad59ca46270c'}, 'dob': {'date': '1984-10-19T09:04:26.099Z', 'age': 39}, 'registered': {'date': '2006-07-22T19:38:05.945Z', 'age': 17}, 'phone': '07-553-450', 'cell': '040-429-46-22', 'id': {'name': 'HETU', 'value': 'NaNNA972undefined'}, 'picture': {'large': 'https://randomuser.me/api/portraits/women/69.jpg', 'medium': 'https://randomuser.me/api/portraits/med/women/69.jpg', 'thumbnail': 'https://randomuser.me/api/portraits/thumb/women/69.jpg'}, 'nat': 'FI'}</msg>
<arg>${json_data['results'][0]}</arg>
<doc>Logs the given message with the given level.</doc>
<status status="PASS" start="2024-06-18T19:12:18.259043" elapsed="0.000425"/>
</kw>
<kw name="Log" owner="BuiltIn">
<msg time="2024-06-18T19:12:18.259904" level="INFO">email</msg>
<arg>${key}</arg>
<doc>Logs the given message with the given level.</doc>
<status status="PASS" start="2024-06-18T19:12:18.259773" elapsed="0.000171"/>
</kw>
<var name="${key}">email</var>
<status status="PASS" start="2024-06-18T19:12:18.258308" elapsed="0.001861"/>
</iter>
<iter>
<kw name="Dictionary Should Contain Key" owner="Collections">
<arg>${json_data['results'][0]}</arg>
<arg>${key}</arg>
<doc>Fails if ``key`` is not found from ``dictionary``.</doc>
<status status="PASS" start="2024-06-18T19:12:18.260451" elapsed="0.000393"/>
</kw>
<kw name="Log" owner="BuiltIn">
<msg time="2024-06-18T19:12:18.261399" level="INFO">{'gender': 'female', 'name': {'title': 'Ms', 'first': 'Vilma', 'last': 'Takala'}, 'location': {'street': {'number': 6594, 'name': 'Hämeenkatu'}, 'city': 'Lieto', 'state': 'Satakunta', 'country': 'Finland', 'postcode': 99366, 'coordinates': {'latitude': '-28.1199', 'longitude': '171.8771'}, 'timezone': {'offset': '+1:00', 'description': 'Brussels, Copenhagen, Madrid, Paris'}}, 'email': 'vilma.takala@example.com', 'login': {'uuid': 'fed7a37a-fe74-4509-9a96-37b3bb985781', 'username': 'happyduck540', 'password': 'meatball', 'salt': '6DpubLKO', 'md5': '2ee1110c72014180fd0ecf95687b6de4', 'sha1': '59bbe4388116e0352dbe7a24030b929eab2fff94', 'sha256': '969e921d08dd469ed1517aa53a44520f138090624e21360f900bad59ca46270c'}, 'dob': {'date': '1984-10-19T09:04:26.099Z', 'age': 39}, 'registered': {'date': '2006-07-22T19:38:05.945Z', 'age': 17}, 'phone': '07-553-450', 'cell': '040-429-46-22', 'id': {'name': 'HETU', 'value': 'NaNNA972undefined'}, 'picture': {'large': 'https://randomuser.me/api/portraits/women/69.jpg', 'medium': 'https://randomuser.me/api/portraits/med/women/69.jpg', 'thumbnail': 'https://randomuser.me/api/portraits/thumb/women/69.jpg'}, 'nat': 'FI'}</msg>
<arg>${json_data['results'][0]}</arg>
<doc>Logs the given message with the given level.</doc>
<status status="PASS" start="2024-06-18T19:12:18.261030" elapsed="0.000429"/>
</kw>
<kw name="Log" owner="BuiltIn">
<msg time="2024-06-18T19:12:18.261994" level="INFO">login</msg>
<arg>${key}</arg>
<doc>Logs the given message with the given level.</doc>
<status status="PASS" start="2024-06-18T19:12:18.261759" elapsed="0.000274"/>
</kw>
<var name="${key}">login</var>
<status status="PASS" start="2024-06-18T19:12:18.260343" elapsed="0.001912"/>
</iter>
<var>${key}</var>
<value>@{expected_keys}</value>
<status status="PASS" start="2024-06-18T19:12:18.248833" elapsed="0.013550"/>
</for>
<kw name="Create List" owner="BuiltIn">
<msg time="2024-06-18T19:12:18.262739" level="INFO">${expected_keysTwo} = ['username', 'password']</msg>
<var>${expected_keysTwo}</var>
<arg>username</arg>
<arg>password</arg>
<doc>Returns a list containing given items.</doc>
<status status="PASS" start="2024-06-18T19:12:18.262571" elapsed="0.000222"/>
</kw>
<for flavor="IN">
<iter>
<kw name="Dictionary Should Contain Key" owner="Collections">
<arg>${json_data['results'][0]['login']}</arg>
<arg>${keyTwo}</arg>
<doc>Fails if ``key`` is not found from ``dictionary``.</doc>
<status status="PASS" start="2024-06-18T19:12:18.263309" elapsed="0.000390"/>
</kw>
<kw name="Dictionary Should Contain Key" owner="Collections">
<arg>${json_data['results'][0]['login']}</arg>
<arg>${keyTwo}</arg>
<doc>Fails if ``key`` is not found from ``dictionary``.</doc>
<status status="PASS" start="2024-06-18T19:12:18.263883" elapsed="0.000385"/>
</kw>
<kw name="Log" owner="BuiltIn">
<msg time="2024-06-18T19:12:18.264568" level="INFO">username</msg>
<arg>${keyTwo}</arg>
<doc>Logs the given message with the given level.</doc>
<status status="PASS" start="2024-06-18T19:12:18.264447" elapsed="0.000158"/>
</kw>
<var name="${keyTwo}">username</var>
<status status="PASS" start="2024-06-18T19:12:18.263201" elapsed="0.001625"/>
</iter>
<iter>
<kw name="Dictionary Should Contain Key" owner="Collections">
<arg>${json_data['results'][0]['login']}</arg>
<arg>${keyTwo}</arg>
<doc>Fails if ``key`` is not found from ``dictionary``.</doc>
<status status="PASS" start="2024-06-18T19:12:18.265106" elapsed="0.000374"/>
</kw>
<kw name="Dictionary Should Contain Key" owner="Collections">
<arg>${json_data['results'][0]['login']}</arg>
<arg>${keyTwo}</arg>
<doc>Fails if ``key`` is not found from ``dictionary``.</doc>
<status status="PASS" start="2024-06-18T19:12:18.265659" elapsed="0.000369"/>
</kw>
<kw name="Log" owner="BuiltIn">
<msg time="2024-06-18T19:12:18.266325" level="INFO">password</msg>
<arg>${keyTwo}</arg>
<doc>Logs the given message with the given level.</doc>
<status status="PASS" start="2024-06-18T19:12:18.266205" elapsed="0.000156"/>
</kw>
<var name="${keyTwo}">password</var>
<status status="PASS" start="2024-06-18T19:12:18.264999" elapsed="0.001584"/>
</iter>
<var>${keyTwo}</var>
<value>@{expected_keysTwo}</value>
<status status="PASS" start="2024-06-18T19:12:18.263046" elapsed="0.003697"/>
</for>
<status status="PASS" start="2024-06-18T19:12:18.124484" elapsed="0.142409"/>
</kw>
<doc>Testa a estrutura da resposta da API.</doc>
<tag>testeEstruturaResposta</tag>
<status status="PASS" start="2024-06-18T19:12:18.123721" elapsed="0.143327"/>
</test>
<test id="s1-s1-t4" name="Validar tipos de dados" line="28">
<kw name="Teste de Tipos de Dados" owner="random-user-service">
<kw name="GET On Session" owner="RequestsLibrary">
<msg time="2024-06-18T19:12:18.361048" level="INFO">GET Request : url=https://randomuser.me/api 
 path_url=/api 
 headers={'User-Agent': 'python-requests/2.32.3', 'Accept-Encoding': 'gzip, deflate', 'Accept': '*/*', 'Connection': 'keep-alive'} 
 body=None 
 </msg>
<msg time="2024-06-18T19:12:18.361114" level="INFO">GET Response : url=https://randomuser.me/api 
 status=200, reason=OK 
 headers={'Date': 'Tue, 18 Jun 2024 19:12:18 GMT', 'Content-Type': 'application/json; charset=utf-8', 'Transfer-Encoding': 'chunked', 'Connection': 'keep-alive', 'X-Powered-By': 'Express', 'Access-Control-Allow-Origin': '*', 'Cache-Control': 'no-cache', 'ETag': 'W/"4a1-wVb0eecvJrIEJXdO4ulZ52Rke1M"', 'Vary': 'Accept-Encoding', 'Content-Encoding': 'gzip', 'CF-Cache-Status': 'DYNAMIC', 'Report-To': '{"endpoints":[{"url":"https:\\/\\/a.nel.cloudflare.com\\/report\\/v4?s=NtJtnLQMwt1BlDNen3RjHgv%2BN0UMWyLQg6NB16kXq23EkKTUp0wzVRUGSwy3fQWAFf5dl4krPZoYBXjV3TC75D9YsQAuxyEB8LUFn1%2FiGhTqV5S55bXmS1nZ2Vh4cir%2F"}],"group":"cf-nel","max_age":604800}', 'NEL': '{"success_fraction":0,"report_to":"cf-nel","max_age":604800}', 'Server': 'cloudflare', 'CF-RAY': '895d971239b967af-SJC', 'alt-svc': 'h3=":443"; ma=86400'} 
 body={"results":[{"gender":"female","name":{"title":"Ms","first":"Anzhelika","last":"Skripka"},"location":{"street":{"number":4930,"name":"Provulok Oleni Kovalchuk"},"city":"Vugledar","state":"Odeska","country":"Ukraine","postcode":25284,"coordinates":{"latitude":"75.7815","longitude":"59.3913"},"timezone":{"offset":"+5:00","description":"Ekaterinburg, Islamabad, Karachi, Tashkent"}},"email":"anzhelika.skripka@example.com","login":{"uuid":"1cea7639-2810-41b4-a3d8-9b5da905dda3","username":"orangelion737","password":"susie","salt":"FfceTsNm","md5":"e605d5e3169678fdb2ed95fbe1b36e33","sha1":"3563af9dc3231f29e6289d2760d990b286c6ac52","sha256":"c1765907f7c6d09c52dd50e820f73e01ca74bfc2ce500943d7cfde0a4566fc5b"},"dob":{"date":"1964-09-12T22:30:38.654Z","age":59},"registered":{"date":"2019-07-04T17:05:14.439Z","age":4},"phone":"(097) A38-8628","cell":"(068) O43-9525","id":{"name":"","value":null},"picture":{"large":"https://randomuser.me/api/portraits/women/66.jpg","medium":"https://randomuser.me/api/portraits/med/women/66.jpg","thumbnail":"https://randomuser.me/api/portraits/thumb/women/66.jpg"},"nat":"UA"}],"info":{"seed":"80dd9710273e5112","results":1,"page":1,"version":"1.4"}} 
 </msg>
<msg time="2024-06-18T19:12:18.361179" level="INFO">/opt/hostedtoolcache/Python/3.12.3/x64/lib/python3.12/site-packages/urllib3/connectionpool.py:1099: InsecureRequestWarning: Unverified HTTPS request is being made to host 'randomuser.me'. Adding certificate verification is strongly advised. See: https://urllib3.readthedocs.io/en/latest/advanced-usage.html#tls-warnings
  warnings.warn(</msg>
<msg time="2024-06-18T19:12:18.361265" level="INFO">${response} = &lt;Response [200]&gt;</msg>
<var>${response}</var>
<arg>consultarAPI</arg>
<arg>/api</arg>
<doc>Sends a GET request on a previously created HTTP Session.</doc>
<status status="PASS" start="2024-06-18T19:12:18.269435" elapsed="0.091872"/>
</kw>
<kw name="Set Variable" owner="BuiltIn">
<msg time="2024-06-18T19:12:18.362490" level="INFO">${json_data} = {'results': [{'gender': 'female', 'name': {'title': 'Ms', 'first': 'Anzhelika', 'last': 'Skripka'}, 'location': {'street': {'number': 4930, 'name': 'Provulok Oleni Kovalchuk'}, 'city': 'Vugledar', 'st...</msg>
<var>${json_data}</var>
<arg>${response.json()}</arg>
<doc>Returns the given values which can then be assigned to a variables.</doc>
<status status="PASS" start="2024-06-18T19:12:18.361875" elapsed="0.000643"/>
</kw>
<kw name="Log" owner="BuiltIn">
<msg time="2024-06-18T19:12:18.363007" level="INFO">{'results': [{'gender': 'female', 'name': {'title': 'Ms', 'first': 'Anzhelika', 'last': 'Skripka'}, 'location': {'street': {'number': 4930, 'name': 'Provulok Oleni Kovalchuk'}, 'city': 'Vugledar', 'state': 'Odeska', 'country': 'Ukraine', 'postcode': 25284, 'coordinates': {'latitude': '75.7815', 'longitude': '59.3913'}, 'timezone': {'offset': '+5:00', 'description': 'Ekaterinburg, Islamabad, Karachi, Tashkent'}}, 'email': 'anzhelika.skripka@example.com', 'login': {'uuid': '1cea7639-2810-41b4-a3d8-9b5da905dda3', 'username': 'orangelion737', 'password': 'susie', 'salt': 'FfceTsNm', 'md5': 'e605d5e3169678fdb2ed95fbe1b36e33', 'sha1': '3563af9dc3231f29e6289d2760d990b286c6ac52', 'sha256': 'c1765907f7c6d09c52dd50e820f73e01ca74bfc2ce500943d7cfde0a4566fc5b'}, 'dob': {'date': '1964-09-12T22:30:38.654Z', 'age': 59}, 'registered': {'date': '2019-07-04T17:05:14.439Z', 'age': 4}, 'phone': '(097) A38-8628', 'cell': '(068) O43-9525', 'id': {'name': '', 'value': None}, 'picture': {'large': 'https://randomuser.me/api/portraits/women/66.jpg', 'medium': 'https://randomuser.me/api/portraits/med/women/66.jpg', 'thumbnail': 'https://randomuser.me/api/portraits/thumb/women/66.jpg'}, 'nat': 'UA'}], 'info': {'seed': '80dd9710273e5112', 'results': 1, 'page': 1, 'version': '1.4'}}</msg>
<arg>${json_data}</arg>
<doc>Logs the given message with the given level.</doc>
<status status="PASS" start="2024-06-18T19:12:18.362854" elapsed="0.000200"/>
</kw>
<kw name="Should Be String" owner="String">
<arg>${json_data['results'][0]['gender']}</arg>
<doc>Fails if the given ``item`` is not a string.</doc>
<status status="PASS" start="2024-06-18T19:12:18.363342" elapsed="0.000367"/>
</kw>
<kw name="Should Match Regexp" owner="BuiltIn">
<arg>${json_data['results'][0]['email']}</arg>
<arg>^[a-zA-Z0-9._%+-]+@[a-zA-Z0-9.-]+\.[a-zA-Z]{2,}$</arg>
<doc>Fails if ``string`` does not match ``pattern`` as a regular expression.</doc>
<status status="PASS" start="2024-06-18T19:12:18.363900" elapsed="0.000561"/>
</kw>
<kw name="Should Match Regexp" owner="BuiltIn">
<arg>${json_data['results'][0]['dob']['date']}</arg>
<arg>\\d{4}-\\d{2}-\\d{2}T\\d{2}:\\d{2}:\\d{2}\\.\\d{3}Z</arg>
<doc>Fails if ``string`` does not match ``pattern`` as a regular expression.</doc>
<status status="PASS" start="2024-06-18T19:12:18.364657" elapsed="0.000492"/>
</kw>
<kw name="Should Match Regexp" owner="BuiltIn">
<arg>${json_data['results'][0]['registered']['date']}</arg>
<arg>\\d{4}-\\d{2}-\\d{2}T\\d{2}:\\d{2}:\\d{2}\\.\\d{3}Z</arg>
<doc>Fails if ``string`` does not match ``pattern`` as a regular expression.</doc>
<status status="PASS" start="2024-06-18T19:12:18.365339" elapsed="0.000370"/>
</kw>
<kw name="Should Match Regexp" owner="BuiltIn">
<arg>${json_data['results'][0]['picture']['large']}</arg>
<arg>^https?://.*\.(?:png|jpe?g|gif|bmp)$</arg>
<doc>Fails if ``string`` does not match ``pattern`` as a regular expression.</doc>
<status status="PASS" start="2024-06-18T19:12:18.365893" elapsed="0.000462"/>
</kw>
<kw name="Should Match Regexp" owner="BuiltIn">
<arg>${json_data['results'][0]['picture']['medium']}</arg>
<arg>^https?://.*\.(?:png|jpe?g|gif|bmp)$</arg>
<doc>Fails if ``string`` does not match ``pattern`` as a regular expression.</doc>
<status status="PASS" start="2024-06-18T19:12:18.366552" elapsed="0.000381"/>
</kw>
<kw name="Should Match Regexp" owner="BuiltIn">
<arg>${json_data['results'][0]['picture']['thumbnail']}</arg>
<arg>^https?://.*\.(?:png|jpe?g|gif|bmp)$</arg>
<doc>Fails if ``string`` does not match ``pattern`` as a regular expression.</doc>
<status status="PASS" start="2024-06-18T19:12:18.367119" elapsed="0.000345"/>
</kw>
<kw name="Log" owner="BuiltIn">
<msg time="2024-06-18T19:12:18.367969" level="INFO">{'large': 'https://randomuser.me/api/portraits/women/66.jpg', 'medium': 'https://randomuser.me/api/portraits/med/women/66.jpg', 'thumbnail': 'https://randomuser.me/api/portraits/thumb/women/66.jpg'}</msg>
<arg>${json_data['results'][0]['picture']}</arg>
<doc>Logs the given message with the given level.</doc>
<status status="PASS" start="2024-06-18T19:12:18.367642" elapsed="0.000370"/>
</kw>
<status status="PASS" start="2024-06-18T19:12:18.269208" elapsed="0.099058"/>
</kw>
<kw name="Teste de Tipos de Dados - Postcode" owner="random-user-service">
<kw name="GET On Session" owner="RequestsLibrary">
<msg time="2024-06-18T19:12:18.466643" level="INFO">GET Request : url=https://randomuser.me/api 
 path_url=/api 
 headers={'User-Agent': 'python-requests/2.32.3', 'Accept-Encoding': 'gzip, deflate', 'Accept': '*/*', 'Connection': 'keep-alive'} 
 body=None 
 </msg>
<msg time="2024-06-18T19:12:18.466769" level="INFO">GET Response : url=https://randomuser.me/api 
 status=200, reason=OK 
 headers={'Date': 'Tue, 18 Jun 2024 19:12:18 GMT', 'Content-Type': 'application/json; charset=utf-8', 'Transfer-Encoding': 'chunked', 'Connection': 'keep-alive', 'X-Powered-By': 'Express', 'Access-Control-Allow-Origin': '*', 'Cache-Control': 'no-cache', 'ETag': 'W/"477-IIrGK9zU0/n9rhxMsWSeRT6AmLY"', 'Vary': 'Accept-Encoding', 'Content-Encoding': 'gzip', 'CF-Cache-Status': 'DYNAMIC', 'Report-To': '{"endpoints":[{"url":"https:\\/\\/a.nel.cloudflare.com\\/report\\/v4?s=Eyfm1dGevt9zYVqPiRBtI6Is%2Fo8Fbuk1m7LMX9uCpOFmWoPYcoHqs4uxaHM26Oz2cY7rLPCErpLshWVhqEDjxevURQoaRL%2Bh6AOn6lkXRNkVxI1Ri8N1XnLQTAyI2YHy"}],"group":"cf-nel","max_age":604800}', 'NEL': '{"success_fraction":0,"report_to":"cf-nel","max_age":604800}', 'Server': 'cloudflare', 'CF-RAY': '895d9712da2a67af-SJC', 'alt-svc': 'h3=":443"; ma=86400'} 
 body={"results":[{"gender":"male","name":{"title":"Mr","first":"Aayush","last":"Shah"},"location":{"street":{"number":7552,"name":"Rajpur Rd"},"city":"Sambhal","state":"Andhra Pradesh","country":"India","postcode":17329,"coordinates":{"latitude":"7.2871","longitude":"-104.6015"},"timezone":{"offset":"+7:00","description":"Bangkok, Hanoi, Jakarta"}},"email":"aayush.shah@example.com","login":{"uuid":"0ddcbd01-98e2-449e-95b3-f7a9b69175cd","username":"sadduck946","password":"feather","salt":"KF3isJ4L","md5":"6891c4a80cf00a3dd5395d77f70df81a","sha1":"757b1ab6951fcbb17dc63a4705212d6beec296eb","sha256":"311f50216d62f7ee48127867c849552d1e75b3e9eb1b72c555bea190fc65ee47"},"dob":{"date":"1972-02-21T21:29:31.868Z","age":52},"registered":{"date":"2015-02-17T09:53:53.262Z","age":9},"phone":"9460437810","cell":"8597320238","id":{"name":"UIDAI","value":"923172727653"},"picture":{"large":"https://randomuser.me/api/portraits/men/61.jpg","medium":"https://randomuser.me/api/portraits/med/men/61.jpg","thumbnail":"https://randomuser.me/api/portraits/thumb/men/61.jpg"},"nat":"IN"}],"info":{"seed":"279fc6e3d4e835c7","results":1,"page":1,"version":"1.4"}} 
 </msg>
<msg time="2024-06-18T19:12:18.466870" level="INFO">/opt/hostedtoolcache/Python/3.12.3/x64/lib/python3.12/site-packages/urllib3/connectionpool.py:1099: InsecureRequestWarning: Unverified HTTPS request is being made to host 'randomuser.me'. Adding certificate verification is strongly advised. See: https://urllib3.readthedocs.io/en/latest/advanced-usage.html#tls-warnings
  warnings.warn(</msg>
<msg time="2024-06-18T19:12:18.466995" level="INFO">${response} = &lt;Response [200]&gt;</msg>
<var>${response}</var>
<arg>consultarAPI</arg>
<arg>/api</arg>
<doc>Sends a GET request on a previously created HTTP Session.</doc>
<status status="PASS" start="2024-06-18T19:12:18.368694" elapsed="0.098341"/>
</kw>
<kw name="Set Variable" owner="BuiltIn">
<msg time="2024-06-18T19:12:18.468203" level="INFO">${json_data} = {'results': [{'gender': 'male', 'name': {'title': 'Mr', 'first': 'Aayush', 'last': 'Shah'}, 'location': {'street': {'number': 7552, 'name': 'Rajpur Rd'}, 'city': 'Sambhal', 'state': 'Andhra Pradesh', ...</msg>
<var>${json_data}</var>
<arg>${response.json()}</arg>
<doc>Returns the given values which can then be assigned to a variables.</doc>
<status status="PASS" start="2024-06-18T19:12:18.467522" elapsed="0.000730"/>
</kw>
<kw name="Log" owner="BuiltIn">
<msg time="2024-06-18T19:12:18.468961" level="INFO">{'results': [{'gender': 'male', 'name': {'title': 'Mr', 'first': 'Aayush', 'last': 'Shah'}, 'location': {'street': {'number': 7552, 'name': 'Rajpur Rd'}, 'city': 'Sambhal', 'state': 'Andhra Pradesh', 'country': 'India', 'postcode': 17329, 'coordinates': {'latitude': '7.2871', 'longitude': '-104.6015'}, 'timezone': {'offset': '+7:00', 'description': 'Bangkok, Hanoi, Jakarta'}}, 'email': 'aayush.shah@example.com', 'login': {'uuid': '0ddcbd01-98e2-449e-95b3-f7a9b69175cd', 'username': 'sadduck946', 'password': 'feather', 'salt': 'KF3isJ4L', 'md5': '6891c4a80cf00a3dd5395d77f70df81a', 'sha1': '757b1ab6951fcbb17dc63a4705212d6beec296eb', 'sha256': '311f50216d62f7ee48127867c849552d1e75b3e9eb1b72c555bea190fc65ee47'}, 'dob': {'date': '1972-02-21T21:29:31.868Z', 'age': 52}, 'registered': {'date': '2015-02-17T09:53:53.262Z', 'age': 9}, 'phone': '9460437810', 'cell': '8597320238', 'id': {'name': 'UIDAI', 'value': '923172727653'}, 'picture': {'large': 'https://randomuser.me/api/portraits/men/61.jpg', 'medium': 'https://randomuser.me/api/portraits/med/men/61.jpg', 'thumbnail': 'https://randomuser.me/api/portraits/thumb/men/61.jpg'}, 'nat': 'IN'}], 'info': {'seed': '279fc6e3d4e835c7', 'results': 1, 'page': 1, 'version': '1.4'}}</msg>
<arg>${json_data}</arg>
<doc>Logs the given message with the given level.</doc>
<status status="PASS" start="2024-06-18T19:12:18.468721" elapsed="0.000325"/>
</kw>
<kw name="Should Be Equal As Numbers" owner="BuiltIn">
<arg>${json_data['results'][0]['location']['postcode']}</arg>
<arg>${json_data['results'][0]['location']['postcode']}</arg>
<doc>Fails if objects are unequal after converting them to real numbers.</doc>
<status status="PASS" start="2024-06-18T19:12:18.469521" elapsed="0.001026"/>
</kw>
<kw name="Log" owner="BuiltIn">
<msg time="2024-06-18T19:12:18.471476" level="INFO">17329</msg>
<arg>${json_data['results'][0]['location']['postcode']}</arg>
<doc>Logs the given message with the given level.</doc>
<status status="PASS" start="2024-06-18T19:12:18.470892" elapsed="0.000647"/>
</kw>
<status status="PASS" start="2024-06-18T19:12:18.368474" elapsed="0.103496"/>
</kw>
<doc>Testa se os tipos de dados na resposta da API estão corretos.</doc>
<tag>testeTiposDados</tag>
<status status="PASS" start="2024-06-18T19:12:18.268780" elapsed="0.203435"/>
</test>
<test id="s1-s1-t5" name="Validar conteudo" line="35">
<kw name="Teste de Tipos de Conteudo" owner="random-user-service">
<kw name="GET On Session" owner="RequestsLibrary">
<msg time="2024-06-18T19:12:18.575192" level="INFO">GET Request : url=https://randomuser.me/api 
 path_url=/api 
 headers={'User-Agent': 'python-requests/2.32.3', 'Accept-Encoding': 'gzip, deflate', 'Accept': '*/*', 'Connection': 'keep-alive'} 
 body=None 
 </msg>
<msg time="2024-06-18T19:12:18.575280" level="INFO">GET Response : url=https://randomuser.me/api 
 status=200, reason=OK 
 headers={'Date': 'Tue, 18 Jun 2024 19:12:18 GMT', 'Content-Type': 'application/json; charset=utf-8', 'Transfer-Encoding': 'chunked', 'Connection': 'keep-alive', 'X-Powered-By': 'Express', 'Access-Control-Allow-Origin': '*', 'Cache-Control': 'no-cache', 'ETag': 'W/"49e-7sPKa69A/NNeYT3qC9F5uCBcazo"', 'Vary': 'Accept-Encoding', 'Content-Encoding': 'gzip', 'CF-Cache-Status': 'DYNAMIC', 'Report-To': '{"endpoints":[{"url":"https:\\/\\/a.nel.cloudflare.com\\/report\\/v4?s=%2B%2FN2W3DaD%2BMYzKeLovuMc%2Boj7702g%2F9YTmyPDSjPugPb7Qt7Li8ZbyDIJXuQYJE%2F%2FpfWSlRxHl9%2BVFiwyew6TeCwRQUXazhpDuZ9nMicfeelTpbQrI5RyvpMIJIlkgB8"}],"group":"cf-nel","max_age":604800}', 'NEL': '{"success_fraction":0,"report_to":"cf-nel","max_age":604800}', 'Server': 'cloudflare', 'CF-RAY': '895d97138af367af-SJC', 'alt-svc': 'h3=":443"; ma=86400'} 
 body={"results":[{"gender":"female","name":{"title":"Ms","first":"آرمیتا","last":"سلطانی نژاد"},"location":{"street":{"number":9978,"name":"قدس"},"city":"نجف‌آباد","state":"مازندران","country":"Iran","postcode":72404,"coordinates":{"latitude":"13.6870","longitude":"159.8318"},"timezone":{"offset":"-8:00","description":"Pacific Time (US &amp; Canada)"}},"email":"armyt.sltnynjd@example.com","login":{"uuid":"05c2f9ca-b31d-403d-9788-fc53a051a131","username":"orangezebra815","password":"lkjhgf","salt":"of2co1KC","md5":"7cc2c7910d5936c86d681a4527515c31","sha1":"44b29a5c04adbdeace1e9d847acbc411d6d82ea1","sha256":"50b2396bc4c6db17c8ac941f33684eafc2b565cbbb76175f32bb4b8ef341bf03"},"dob":{"date":"1965-04-03T06:56:36.270Z","age":59},"registered":{"date":"2007-03-01T08:00:08.706Z","age":17},"phone":"003-16020250","cell":"0973-560-0753","id":{"name":"","value":null},"picture":{"large":"https://randomuser.me/api/portraits/women/62.jpg","medium":"https://randomuser.me/api/portraits/med/women/62.jpg","thumbnail":"https://randomuser.me/api/portraits/thumb/women/62.jpg"},"nat":"IR"}],"info":{"seed":"25694b50a8ebe443","results":1,"page":1,"version":"1.4"}} 
 </msg>
<msg time="2024-06-18T19:12:18.575382" level="INFO">/opt/hostedtoolcache/Python/3.12.3/x64/lib/python3.12/site-packages/urllib3/connectionpool.py:1099: InsecureRequestWarning: Unverified HTTPS request is being made to host 'randomuser.me'. Adding certificate verification is strongly advised. See: https://urllib3.readthedocs.io/en/latest/advanced-usage.html#tls-warnings
  warnings.warn(</msg>
<msg time="2024-06-18T19:12:18.575488" level="INFO">${response} = &lt;Response [200]&gt;</msg>
<var>${response}</var>
<arg>consultarAPI</arg>
<arg>/api</arg>
<doc>Sends a GET request on a previously created HTTP Session.</doc>
<status status="PASS" start="2024-06-18T19:12:18.476298" elapsed="0.099217"/>
</kw>
<kw name="Set Variable" owner="BuiltIn">
<msg time="2024-06-18T19:12:18.576433" level="INFO">${json_data} = {'results': [{'gender': 'female', 'name': {'title': 'Ms', 'first': 'آرمیتا', 'last': 'سلطانی نژاد'}, 'location': {'street': {'number': 9978, 'name': 'قدس'}, 'city': 'نجف\u200cآباد', 'state': 'مازندران...</msg>
<var>${json_data}</var>
<arg>${response.json()}</arg>
<doc>Returns the given values which can then be assigned to a variables.</doc>
<status status="PASS" start="2024-06-18T19:12:18.575929" elapsed="0.000534"/>
</kw>
<kw name="Set Variable" owner="BuiltIn">
<msg time="2024-06-18T19:12:18.577158" level="INFO">${name_title} = Ms</msg>
<var>${name_title}</var>
<arg>${json_data["results"][0]["name"]["title"]}</arg>
<doc>Returns the given values which can then be assigned to a variables.</doc>
<status status="PASS" start="2024-06-18T19:12:18.576770" elapsed="0.000413"/>
</kw>
<kw name="Create List" owner="BuiltIn">
<msg time="2024-06-18T19:12:18.577632" level="INFO">${allowed_titles} = ['Mr', 'Ms', 'Miss', 'Mrs', 'Madame', 'Monsieur']</msg>
<var>${allowed_titles}</var>
<arg>Mr</arg>
<arg>Ms</arg>
<arg>Miss</arg>
<arg>Mrs</arg>
<arg>Madame</arg>
<arg>Monsieur</arg>
<doc>Returns a list containing given items.</doc>
<status status="PASS" start="2024-06-18T19:12:18.577484" elapsed="0.000172"/>
</kw>
<kw name="List Should Contain Value" owner="Collections">
<arg>${allowed_titles}</arg>
<arg>${name_title}</arg>
<doc>Fails if the ``value`` is not found from ``list``.</doc>
<status status="PASS" start="2024-06-18T19:12:18.577958" elapsed="0.000173"/>
</kw>
<kw name="Set Variable" owner="BuiltIn">
<msg time="2024-06-18T19:12:18.578712" level="INFO">${name_country} = IR</msg>
<var>${name_country}</var>
<arg>${json_data["results"][0]["nat"]}</arg>
<doc>Returns the given values which can then be assigned to a variables.</doc>
<status status="PASS" start="2024-06-18T19:12:18.578310" elapsed="0.000428"/>
</kw>
<kw name="Create List" owner="BuiltIn">
<msg time="2024-06-18T19:12:18.579638" level="INFO">${list_country} = ['AD', 'AE', 'AF', 'AG', 'AI', 'AL', 'AM', 'AO', 'AQ', 'AR', 'AS', 'AT', 'AU', 'AW', 'AX', 'AZ', 'BA', 'BB', 'BD', 'BE', 'BF', 'BG', 'BH', 'BI', 'BJ', 'BL', 'BM', 'BN', 'BO', 'BQ', 'BR', 'BS', 'BT', '...</msg>
<var>${list_country}</var>
<arg>AD</arg>
<arg>AE</arg>
<arg>AF</arg>
<arg>AG</arg>
<arg>AI</arg>
<arg>AL</arg>
<arg>AM</arg>
<arg>AO</arg>
<arg>AQ</arg>
<arg>AR</arg>
<arg>AS</arg>
<arg>AT</arg>
<arg>AU</arg>
<arg>AW</arg>
<arg>AX</arg>
<arg>AZ</arg>
<arg>BA</arg>
<arg>BB</arg>
<arg>BD</arg>
<arg>BE</arg>
<arg>BF</arg>
<arg>BG</arg>
<arg>BH</arg>
<arg>BI</arg>
<arg>BJ</arg>
<arg>BL</arg>
<arg>BM</arg>
<arg>BN</arg>
<arg>BO</arg>
<arg>BQ</arg>
<arg>BR</arg>
<arg>BS</arg>
<arg>BT</arg>
<arg>BV</arg>
<arg>BW</arg>
<arg>BY</arg>
<arg>BZ</arg>
<arg>CA</arg>
<arg>CC</arg>
<arg>CD</arg>
<arg>CF</arg>
<arg>CG</arg>
<arg>CH</arg>
<arg>CI</arg>
<arg>CK</arg>
<arg>CL</arg>
<arg>CM</arg>
<arg>CN</arg>
<arg>CO</arg>
<arg>CR</arg>
<arg>CU</arg>
<arg>CV</arg>
<arg>CW</arg>
<arg>CX</arg>
<arg>CY</arg>
<arg>CZ</arg>
<arg>DE</arg>
<arg>DJ</arg>
<arg>DK</arg>
<arg>DM</arg>
<arg>DO</arg>
<arg>DZ</arg>
<arg>EC</arg>
<arg>EE</arg>
<arg>EG</arg>
<arg>EH</arg>
<arg>ER</arg>
<arg>ES</arg>
<arg>ET</arg>
<arg>FI</arg>
<arg>FJ</arg>
<arg>FK</arg>
<arg>FM</arg>
<arg>FO</arg>
<arg>FR</arg>
<arg>GA</arg>
<arg>GB</arg>
<arg>GD</arg>
<arg>GE</arg>
<arg>GF</arg>
<arg>GG</arg>
<arg>GH</arg>
<arg>GI</arg>
<arg>GL</arg>
<arg>GM</arg>
<arg>GN</arg>
<arg>GP</arg>
<arg>GQ</arg>
<arg>GR</arg>
<arg>GS</arg>
<arg>GT</arg>
<arg>GU</arg>
<arg>GW</arg>
<arg>GY</arg>
<arg>HK</arg>
<arg>HM</arg>
<arg>HN</arg>
<arg>HR</arg>
<arg>HT</arg>
<arg>HU</arg>
<arg>ID</arg>
<arg>IE</arg>
<arg>IL</arg>
<arg>IM</arg>
<arg>IN</arg>
<arg>IO</arg>
<arg>IQ</arg>
<arg>IR</arg>
<arg>IS</arg>
<arg>IT</arg>
<arg>JE</arg>
<arg>JM</arg>
<arg>JO</arg>
<arg>JP</arg>
<arg>KE</arg>
<arg>KG</arg>
<arg>KH</arg>
<arg>KI</arg>
<arg>KM</arg>
<arg>KN</arg>
<arg>KP</arg>
<arg>KR</arg>
<arg>KW</arg>
<arg>KY</arg>
<arg>KZ</arg>
<arg>LA</arg>
<arg>LB</arg>
<arg>LC</arg>
<arg>LI</arg>
<arg>LK</arg>
<arg>LR</arg>
<arg>LS</arg>
<arg>LT</arg>
<arg>LU</arg>
<arg>LV</arg>
<arg>LY</arg>
<arg>MA</arg>
<arg>MC</arg>
<arg>MD</arg>
<arg>ME</arg>
<arg>MF</arg>
<arg>MG</arg>
<arg>MH</arg>
<arg>MK</arg>
<arg>ML</arg>
<arg>MM</arg>
<arg>MN</arg>
<arg>MO</arg>
<arg>MP</arg>
<arg>MQ</arg>
<arg>MR</arg>
<arg>MS</arg>
<arg>MT</arg>
<arg>MU</arg>
<arg>MV</arg>
<arg>MW</arg>
<arg>MX</arg>
<arg>MY</arg>
<arg>MZ</arg>
<arg>NA</arg>
<arg>NC</arg>
<arg>NE</arg>
<arg>NF</arg>
<arg>NG</arg>
<arg>NI</arg>
<arg>NL</arg>
<arg>NO</arg>
<arg>NP</arg>
<arg>NR</arg>
<arg>NU</arg>
<arg>NZ</arg>
<arg>OM</arg>
<arg>PA</arg>
<arg>PE</arg>
<arg>PF</arg>
<arg>PG</arg>
<arg>PH</arg>
<arg>PK</arg>
<arg>PL</arg>
<arg>PM</arg>
<arg>PN</arg>
<arg>PR</arg>
<arg>PS</arg>
<arg>PT</arg>
<arg>PW</arg>
<arg>PY</arg>
<arg>QA</arg>
<arg>RE</arg>
<arg>RO</arg>
<arg>RS</arg>
<arg>RU</arg>
<arg>RW</arg>
<arg>SA</arg>
<arg>SB</arg>
<arg>SC</arg>
<arg>SD</arg>
<arg>SE</arg>
<arg>SG</arg>
<arg>SH</arg>
<arg>SI</arg>
<arg>SJ</arg>
<arg>SK</arg>
<arg>SL</arg>
<arg>SM</arg>
<arg>SN</arg>
<arg>SO</arg>
<arg>SR</arg>
<arg>SS</arg>
<arg>ST</arg>
<arg>SV</arg>
<arg>SX</arg>
<arg>SY</arg>
<arg>SZ</arg>
<arg>TC</arg>
<arg>TD</arg>
<arg>TF</arg>
<arg>TG</arg>
<arg>TH</arg>
<arg>TJ</arg>
<arg>TK</arg>
<arg>TL</arg>
<arg>TM</arg>
<arg>TN</arg>
<arg>TO</arg>
<arg>TR</arg>
<arg>TT</arg>
<arg>TV</arg>
<arg>TW</arg>
<arg>TZ</arg>
<arg>UA</arg>
<arg>UG</arg>
<arg>UM</arg>
<arg>US</arg>
<arg>UY</arg>
<arg>UZ</arg>
<arg>VA</arg>
<arg>VC</arg>
<arg>VE</arg>
<arg>VG</arg>
<arg>VI</arg>
<arg>VN</arg>
<arg>VU</arg>
<arg>WF</arg>
<arg>WS</arg>
<arg>XK</arg>
<arg>YE</arg>
<arg>YT</arg>
<arg>ZA</arg>
<arg>ZM</arg>
<arg>ZW</arg>
<doc>Returns a list containing given items.</doc>
<status status="PASS" start="2024-06-18T19:12:18.579040" elapsed="0.000623"/>
</kw>
<kw name="List Should Contain Value" owner="Collections">
<arg>${list_country}</arg>
<arg>${name_country}</arg>
<doc>Fails if the ``value`` is not found from ``list``.</doc>
<status status="PASS" start="2024-06-18T19:12:18.580459" elapsed="0.000204"/>
</kw>
<kw name="Run Keyword If" owner="BuiltIn">
<kw name="Should Be True" owner="BuiltIn">
<arg>${True}</arg>
<doc>Fails if the given condition is not true.</doc>
<status status="PASS" start="2024-06-18T19:12:18.581698" elapsed="0.000143"/>
</kw>
<arg>${json_data["results"][0]["location"]["coordinates"]["latitude"]} &gt;= -90 and ${json_data["results"][0]["location"]["coordinates"]["latitude"]} &lt;= 90</arg>
<arg>Should Be True</arg>
<arg>${True}</arg>
<doc>Runs the given keyword with the given arguments, if ``condition`` is true.</doc>
<status status="PASS" start="2024-06-18T19:12:18.580863" elapsed="0.001105"/>
</kw>
<kw name="Run Keyword If" owner="BuiltIn">
<kw name="Should Be True" owner="BuiltIn">
<arg>${True}</arg>
<doc>Fails if the given condition is not true.</doc>
<status status="PASS" start="2024-06-18T19:12:18.582869" elapsed="0.000141"/>
</kw>
<arg>${json_data["results"][0]["location"]["coordinates"]["longitude"]} &gt;= -180 and ${json_data["results"][0]["location"]["coordinates"]["longitude"]} &lt;= 180</arg>
<arg>Should Be True</arg>
<arg>${True}</arg>
<doc>Runs the given keyword with the given arguments, if ``condition`` is true.</doc>
<status status="PASS" start="2024-06-18T19:12:18.582153" elapsed="0.000980"/>
</kw>
<status status="PASS" start="2024-06-18T19:12:18.475948" elapsed="0.107311"/>
</kw>
<doc>Testa o conteúdo específico dos campos retornados pela API.</doc>
<tag>testeConteudo</tag>
<status status="PASS" start="2024-06-18T19:12:18.475345" elapsed="0.108057"/>
</test>
<status status="PASS" start="2024-06-18T19:12:17.636587" elapsed="0.948688"/>
</suite>
<status status="PASS" start="2024-06-18T19:12:17.623221" elapsed="0.967164"/>
</suite>
<statistics>
<total>
<stat pass="5" fail="0" skip="0">All Tests</stat>
</total>
<tag>
<stat pass="1" fail="0" skip="0">testeConteudo</stat>
<stat pass="1" fail="0" skip="0">testeEstruturaResposta</stat>
<stat pass="1" fail="0" skip="0">testeRequisicaoBasica</stat>
<stat pass="1" fail="0" skip="0">testeTiposDados</stat>
</tag>
<suite>
<stat pass="5" fail="0" skip="0" id="s1" name="Tests">Tests</stat>
<stat pass="5" fail="0" skip="0" id="s1-s1" name="Random-User-Test">Tests.Random-User-Test</stat>
</suite>
</statistics>
<errors>
</errors>
</robot>
