<?xml version="1.0" encoding="UTF-8"?>
<robot generator="Robot 7.0 (Python 3.12.3 on linux)" generated="2024-05-28T18:18:59.838842" rpa="false" schemaversion="5">
<suite id="s1" name="Tests" source="/home/runner/work/ApiRandomUser/ApiRandomUser/RamdonUser/tests">
<suite id="s1-s1" name="Random-User-Test" source="/home/runner/work/ApiRandomUser/ApiRandomUser/RamdonUser/tests/random-user-test.robot">
<test id="s1-s1-t1" name="Conectar" line="13">
<kw name="Conectar API" owner="random-user-service">
<kw name="Create Session" owner="RequestsLibrary">
<msg time="2024-05-28T18:19:00.246004" level="INFO">Creating Session using : alias=consultarAPI, url=https://randomuser.me/, headers={},                     cookies={}, auth=None, timeout=None, proxies=None, verify=False,                     debug=0 </msg>
<arg>consultarAPI</arg>
<arg>${URL}</arg>
<doc>Create Session: create a HTTP session to a server</doc>
<status status="PASS" start="2024-05-28T18:19:00.245803" elapsed="0.000374"/>
</kw>
<status status="PASS" start="2024-05-28T18:19:00.244765" elapsed="0.001794"/>
</kw>
<status status="PASS" start="2024-05-28T18:19:00.244220" elapsed="0.002538"/>
</test>
<test id="s1-s1-t2" name="Validar retorno 200 e JSON Válido" line="16">
<kw name="Teste de Requisicao Basica" owner="random-user-service">
<kw name="GET On Session" owner="RequestsLibrary">
<msg time="2024-05-28T18:19:00.343307" level="INFO">GET Request : url=https://randomuser.me/api 
 path_url=/api 
 headers={'User-Agent': 'python-requests/2.32.2', 'Accept-Encoding': 'gzip, deflate', 'Accept': '*/*', 'Connection': 'keep-alive'} 
 body=None 
 </msg>
<msg time="2024-05-28T18:19:00.343438" level="INFO">GET Response : url=https://randomuser.me/api 
 status=200, reason=OK 
 headers={'Date': 'Tue, 28 May 2024 18:19:00 GMT', 'Content-Type': 'application/json; charset=utf-8', 'Transfer-Encoding': 'chunked', 'Connection': 'keep-alive', 'X-Powered-By': 'Express', 'Access-Control-Allow-Origin': '*', 'Cache-Control': 'no-cache', 'ETag': 'W/"478-UVVPaeAdCeEW1uWkLWo8zdZCHTM"', 'Vary': 'Accept-Encoding', 'Content-Encoding': 'gzip', 'CF-Cache-Status': 'DYNAMIC', 'Report-To': '{"endpoints":[{"url":"https:\\/\\/a.nel.cloudflare.com\\/report\\/v4?s=7vpbgWbapl6yzQaDNHmar%2Bblw2YxTwGB5E%2FyOcdnzQBgDETZxUMh79mRzHja%2Fx4HmBL4w3EcleiBsTnxUSMWFhGoNREEbvRjzLaFM%2BIhvorQn1idBeEsNLiHmCzbO5PA"}],"group":"cf-nel","max_age":604800}', 'NEL': '{"success_fraction":0,"report_to":"cf-nel","max_age":604800}', 'Server': 'cloudflare', 'CF-RAY': '88b0401ed80b5a0a-IAD', 'alt-svc': 'h3=":443"; ma=86400'} 
 body={"results":[{"gender":"male","name":{"title":"Mr","first":"Mehmet","last":"Yıldızoğlu"},"location":{"street":{"number":1677,"name":"Maçka Cd"},"city":"Eskişehir","state":"Bayburt","country":"Turkey","postcode":94133,"coordinates":{"latitude":"65.1036","longitude":"-2.0427"},"timezone":{"offset":"+9:30","description":"Adelaide, Darwin"}},"email":"mehmet.yildizoglu@example.com","login":{"uuid":"aee2b5de-a5bf-40a7-936f-de864e26b24a","username":"happywolf854","password":"caliente","salt":"OuS9bPCf","md5":"4c15f198f30918abd7d754ab3d132c42","sha1":"0b95f6b45d9294966af582038586add9321cf90a","sha256":"54b3601ad8ff6fbe19bc7f94d04022cfd0b593af14d2ed63fe6985e408e77f31"},"dob":{"date":"1995-05-20T04:23:14.820Z","age":29},"registered":{"date":"2013-03-12T21:06:14.798Z","age":11},"phone":"(291)-461-2607","cell":"(676)-352-1647","id":{"name":"","value":null},"picture":{"large":"https://randomuser.me/api/portraits/men/42.jpg","medium":"https://randomuser.me/api/portraits/med/men/42.jpg","thumbnail":"https://randomuser.me/api/portraits/thumb/men/42.jpg"},"nat":"TR"}],"info":{"seed":"6e75d3da37a19245","results":1,"page":1,"version":"1.4"}} 
 </msg>
<msg time="2024-05-28T18:19:00.343526" level="INFO">/opt/hostedtoolcache/Python/3.12.3/x64/lib/python3.12/site-packages/urllib3/connectionpool.py:1103: InsecureRequestWarning: Unverified HTTPS request is being made to host 'randomuser.me'. Adding certificate verification is strongly advised. See: https://urllib3.readthedocs.io/en/latest/advanced-usage.html#tls-warnings
  warnings.warn(</msg>
<msg time="2024-05-28T18:19:00.343662" level="INFO">${response} = &lt;Response [200]&gt;</msg>
<var>${response}</var>
<arg>consultarAPI</arg>
<arg>/api</arg>
<doc>Sends a GET request on a previously created HTTP Session.</doc>
<status status="PASS" start="2024-05-28T18:19:00.249362" elapsed="0.094347"/>
</kw>
<kw name="Should Be Equal As Numbers" owner="BuiltIn">
<msg time="2024-05-28T18:19:00.344530" level="INFO">Argument types are:
&lt;class 'int'&gt;
&lt;class 'str'&gt;</msg>
<arg>${response.status_code}</arg>
<arg>200</arg>
<doc>Fails if objects are unequal after converting them to real numbers.</doc>
<status status="PASS" start="2024-05-28T18:19:00.344128" elapsed="0.000466"/>
</kw>
<kw name="Log" owner="BuiltIn">
<msg time="2024-05-28T18:19:00.345290" level="INFO">200</msg>
<arg>${response.status_code}</arg>
<doc>Logs the given message with the given level.</doc>
<status status="PASS" start="2024-05-28T18:19:00.344942" elapsed="0.000396"/>
</kw>
<kw name="Set Variable" owner="BuiltIn">
<msg time="2024-05-28T18:19:00.346096" level="INFO">${json_data} = {'results': [{'gender': 'male', 'name': {'title': 'Mr', 'first': 'Mehmet', 'last': 'Yıldızoğlu'}, 'location': {'street': {'number': 1677, 'name': 'Maçka Cd'}, 'city': 'Eskişehir', 'state': 'Bayburt', ...</msg>
<var>${json_data}</var>
<arg>${response.json()}</arg>
<doc>Returns the given values which can then be assigned to a variables.</doc>
<status status="PASS" start="2024-05-28T18:19:00.345646" elapsed="0.000482"/>
</kw>
<kw name="Dictionary Should Contain Key" owner="Collections">
<msg time="2024-05-28T18:19:00.346630" level="INFO">False</msg>
<arg>${json_data}</arg>
<arg>results</arg>
<doc>Fails if ``key`` is not found from ``dictionary``.</doc>
<status status="PASS" start="2024-05-28T18:19:00.346463" elapsed="0.000340"/>
</kw>
<status status="PASS" start="2024-05-28T18:19:00.249117" elapsed="0.097948"/>
</kw>
<doc>Testa se a API responde corretamente e retorna um objeto JSON válido.</doc>
<tag>testeRequisicaoBasica</tag>
<status status="PASS" start="2024-05-28T18:19:00.248638" elapsed="0.098600"/>
</test>
<test id="s1-s1-t3" name="Validar estrutura de resposta" line="22">
<kw name="Teste de Estrutura de Resposta" owner="random-user-service">
<kw name="GET On Session" owner="RequestsLibrary">
<msg time="2024-05-28T18:19:00.436466" level="INFO">GET Request : url=https://randomuser.me/api 
 path_url=/api 
 headers={'User-Agent': 'python-requests/2.32.2', 'Accept-Encoding': 'gzip, deflate', 'Accept': '*/*', 'Connection': 'keep-alive'} 
 body=None 
 </msg>
<msg time="2024-05-28T18:19:00.436556" level="INFO">GET Response : url=https://randomuser.me/api 
 status=200, reason=OK 
 headers={'Date': 'Tue, 28 May 2024 18:19:00 GMT', 'Content-Type': 'application/json; charset=utf-8', 'Transfer-Encoding': 'chunked', 'Connection': 'keep-alive', 'X-Powered-By': 'Express', 'Access-Control-Allow-Origin': '*', 'Cache-Control': 'no-cache', 'ETag': 'W/"49d-fdkwp7I21jApwggemHZ36nna9KQ"', 'Vary': 'Accept-Encoding', 'Content-Encoding': 'gzip', 'CF-Cache-Status': 'DYNAMIC', 'Report-To': '{"endpoints":[{"url":"https:\\/\\/a.nel.cloudflare.com\\/report\\/v4?s=9c0Sjo4%2Fmivkzc6YWwe5mH8UHoWfEI20LaDmTPA9nxzMkf66ygVdIqrdVGR8zO4tq3%2BZo92N6zdaCkB3J%2FV%2FmXCFjMcERljgnO1x0g5I8AfLU0pS%2FI81nbB%2FSWh2zTWI"}],"group":"cf-nel","max_age":604800}', 'NEL': '{"success_fraction":0,"report_to":"cf-nel","max_age":604800}', 'Server': 'cloudflare', 'CF-RAY': '88b0401f388b5a0a-IAD', 'alt-svc': 'h3=":443"; ma=86400'} 
 body={"results":[{"gender":"female","name":{"title":"Miss","first":"Nelly","last":"Finnesand"},"location":{"street":{"number":7812,"name":"Trondheimsveien"},"city":"Farstad","state":"Troms - Romsa","country":"Norway","postcode":"6488","coordinates":{"latitude":"39.4747","longitude":"129.9766"},"timezone":{"offset":"+3:00","description":"Baghdad, Riyadh, Moscow, St. Petersburg"}},"email":"nelly.finnesand@example.com","login":{"uuid":"b309ce2d-4d80-40f2-a009-fb311bc07e33","username":"purplezebra766","password":"4runner","salt":"3Fab7l5a","md5":"8a24d9f25ec4886fc2ab32c6731f67ff","sha1":"25628b16060f8843db8f9febd918590b4d9fddab","sha256":"36136ed0e9b73443833459ca008e8df369bd6ee58896482a1d6fcdc6927089cc"},"dob":{"date":"1957-12-08T08:39:21.832Z","age":66},"registered":{"date":"2004-04-12T09:20:18.351Z","age":20},"phone":"77048222","cell":"92150426","id":{"name":"FN","value":"08125739823"},"picture":{"large":"https://randomuser.me/api/portraits/women/11.jpg","medium":"https://randomuser.me/api/portraits/med/women/11.jpg","thumbnail":"https://randomuser.me/api/portraits/thumb/women/11.jpg"},"nat":"NO"}],"info":{"seed":"5be64e4951d3223e","results":1,"page":1,"version":"1.4"}} 
 </msg>
<msg time="2024-05-28T18:19:00.436682" level="INFO">/opt/hostedtoolcache/Python/3.12.3/x64/lib/python3.12/site-packages/urllib3/connectionpool.py:1103: InsecureRequestWarning: Unverified HTTPS request is being made to host 'randomuser.me'. Adding certificate verification is strongly advised. See: https://urllib3.readthedocs.io/en/latest/advanced-usage.html#tls-warnings
  warnings.warn(</msg>
<msg time="2024-05-28T18:19:00.436809" level="INFO">${response} = &lt;Response [200]&gt;</msg>
<var>${response}</var>
<arg>consultarAPI</arg>
<arg>/api</arg>
<doc>Sends a GET request on a previously created HTTP Session.</doc>
<status status="PASS" start="2024-05-28T18:19:00.349761" elapsed="0.087104"/>
</kw>
<kw name="Set Variable" owner="BuiltIn">
<msg time="2024-05-28T18:19:00.437966" level="INFO">${json_data} = {'results': [{'gender': 'female', 'name': {'title': 'Miss', 'first': 'Nelly', 'last': 'Finnesand'}, 'location': {'street': {'number': 7812, 'name': 'Trondheimsveien'}, 'city': 'Farstad', 'state': 'Tro...</msg>
<var>${json_data}</var>
<arg>${response.json()}</arg>
<doc>Returns the given values which can then be assigned to a variables.</doc>
<status status="PASS" start="2024-05-28T18:19:00.437372" elapsed="0.000625"/>
</kw>
<kw name="Log" owner="BuiltIn">
<msg time="2024-05-28T18:19:00.438510" level="INFO">{'results': [{'gender': 'female', 'name': {'title': 'Miss', 'first': 'Nelly', 'last': 'Finnesand'}, 'location': {'street': {'number': 7812, 'name': 'Trondheimsveien'}, 'city': 'Farstad', 'state': 'Troms - Romsa', 'country': 'Norway', 'postcode': '6488', 'coordinates': {'latitude': '39.4747', 'longitude': '129.9766'}, 'timezone': {'offset': '+3:00', 'description': 'Baghdad, Riyadh, Moscow, St. Petersburg'}}, 'email': 'nelly.finnesand@example.com', 'login': {'uuid': 'b309ce2d-4d80-40f2-a009-fb311bc07e33', 'username': 'purplezebra766', 'password': '4runner', 'salt': '3Fab7l5a', 'md5': '8a24d9f25ec4886fc2ab32c6731f67ff', 'sha1': '25628b16060f8843db8f9febd918590b4d9fddab', 'sha256': '36136ed0e9b73443833459ca008e8df369bd6ee58896482a1d6fcdc6927089cc'}, 'dob': {'date': '1957-12-08T08:39:21.832Z', 'age': 66}, 'registered': {'date': '2004-04-12T09:20:18.351Z', 'age': 20}, 'phone': '77048222', 'cell': '92150426', 'id': {'name': 'FN', 'value': '08125739823'}, 'picture': {'large': 'https://randomuser.me/api/portraits/women/11.jpg', 'medium': 'https://randomuser.me/api/portraits/med/women/11.jpg', 'thumbnail': 'https://randomuser.me/api/portraits/thumb/women/11.jpg'}, 'nat': 'NO'}], 'info': {'seed': '5be64e4951d3223e', 'results': 1, 'page': 1, 'version': '1.4'}}</msg>
<arg>${json_data}</arg>
<doc>Logs the given message with the given level.</doc>
<status status="PASS" start="2024-05-28T18:19:00.438310" elapsed="0.000259"/>
</kw>
<kw name="Dictionary Should Contain Key" owner="Collections">
<msg time="2024-05-28T18:19:00.439036" level="INFO">False</msg>
<arg>${json_data}</arg>
<arg>results</arg>
<doc>Fails if ``key`` is not found from ``dictionary``.</doc>
<status status="PASS" start="2024-05-28T18:19:00.438870" elapsed="0.000204"/>
</kw>
<kw name="Should Not Be Empty" owner="BuiltIn">
<msg time="2024-05-28T18:19:00.439502" level="INFO">Length is 2.</msg>
<arg>${json_data}</arg>
<doc>Verifies that the given item is not empty.</doc>
<status status="PASS" start="2024-05-28T18:19:00.439370" elapsed="0.000172"/>
</kw>
<kw name="Create List" owner="BuiltIn">
<msg time="2024-05-28T18:19:00.439979" level="INFO">${expected_keys} = ['gender', 'name', 'location', 'email', 'login']</msg>
<var>${expected_keys}</var>
<arg>gender</arg>
<arg>name</arg>
<arg>location</arg>
<arg>email</arg>
<arg>login</arg>
<doc>Returns a list containing given items.</doc>
<status status="PASS" start="2024-05-28T18:19:00.439831" elapsed="0.000172"/>
</kw>
<for flavor="IN">
<iter>
<kw name="Dictionary Should Contain Key" owner="Collections">
<msg time="2024-05-28T18:19:00.440985" level="INFO">False</msg>
<arg>${json_data['results'][0]}</arg>
<arg>${key}</arg>
<doc>Fails if ``key`` is not found from ``dictionary``.</doc>
<status status="PASS" start="2024-05-28T18:19:00.440575" elapsed="0.000450"/>
</kw>
<kw name="Log" owner="BuiltIn">
<msg time="2024-05-28T18:19:00.441682" level="INFO">{'gender': 'female', 'name': {'title': 'Miss', 'first': 'Nelly', 'last': 'Finnesand'}, 'location': {'street': {'number': 7812, 'name': 'Trondheimsveien'}, 'city': 'Farstad', 'state': 'Troms - Romsa', 'country': 'Norway', 'postcode': '6488', 'coordinates': {'latitude': '39.4747', 'longitude': '129.9766'}, 'timezone': {'offset': '+3:00', 'description': 'Baghdad, Riyadh, Moscow, St. Petersburg'}}, 'email': 'nelly.finnesand@example.com', 'login': {'uuid': 'b309ce2d-4d80-40f2-a009-fb311bc07e33', 'username': 'purplezebra766', 'password': '4runner', 'salt': '3Fab7l5a', 'md5': '8a24d9f25ec4886fc2ab32c6731f67ff', 'sha1': '25628b16060f8843db8f9febd918590b4d9fddab', 'sha256': '36136ed0e9b73443833459ca008e8df369bd6ee58896482a1d6fcdc6927089cc'}, 'dob': {'date': '1957-12-08T08:39:21.832Z', 'age': 66}, 'registered': {'date': '2004-04-12T09:20:18.351Z', 'age': 20}, 'phone': '77048222', 'cell': '92150426', 'id': {'name': 'FN', 'value': '08125739823'}, 'picture': {'large': 'https://randomuser.me/api/portraits/women/11.jpg', 'medium': 'https://randomuser.me/api/portraits/med/women/11.jpg', 'thumbnail': 'https://randomuser.me/api/portraits/thumb/women/11.jpg'}, 'nat': 'NO'}</msg>
<arg>${json_data['results'][0]}</arg>
<doc>Logs the given message with the given level.</doc>
<status status="PASS" start="2024-05-28T18:19:00.441321" elapsed="0.000413"/>
</kw>
<kw name="Log" owner="BuiltIn">
<msg time="2024-05-28T18:19:00.442165" level="INFO">gender</msg>
<arg>${key}</arg>
<doc>Logs the given message with the given level.</doc>
<status status="PASS" start="2024-05-28T18:19:00.442035" elapsed="0.000168"/>
</kw>
<var name="${key}">gender</var>
<status status="PASS" start="2024-05-28T18:19:00.440454" elapsed="0.002001"/>
</iter>
<iter>
<kw name="Dictionary Should Contain Key" owner="Collections">
<msg time="2024-05-28T18:19:00.443151" level="INFO">False</msg>
<arg>${json_data['results'][0]}</arg>
<arg>${key}</arg>
<doc>Fails if ``key`` is not found from ``dictionary``.</doc>
<status status="PASS" start="2024-05-28T18:19:00.442762" elapsed="0.000428"/>
</kw>
<kw name="Log" owner="BuiltIn">
<msg time="2024-05-28T18:19:00.443878" level="INFO">{'gender': 'female', 'name': {'title': 'Miss', 'first': 'Nelly', 'last': 'Finnesand'}, 'location': {'street': {'number': 7812, 'name': 'Trondheimsveien'}, 'city': 'Farstad', 'state': 'Troms - Romsa', 'country': 'Norway', 'postcode': '6488', 'coordinates': {'latitude': '39.4747', 'longitude': '129.9766'}, 'timezone': {'offset': '+3:00', 'description': 'Baghdad, Riyadh, Moscow, St. Petersburg'}}, 'email': 'nelly.finnesand@example.com', 'login': {'uuid': 'b309ce2d-4d80-40f2-a009-fb311bc07e33', 'username': 'purplezebra766', 'password': '4runner', 'salt': '3Fab7l5a', 'md5': '8a24d9f25ec4886fc2ab32c6731f67ff', 'sha1': '25628b16060f8843db8f9febd918590b4d9fddab', 'sha256': '36136ed0e9b73443833459ca008e8df369bd6ee58896482a1d6fcdc6927089cc'}, 'dob': {'date': '1957-12-08T08:39:21.832Z', 'age': 66}, 'registered': {'date': '2004-04-12T09:20:18.351Z', 'age': 20}, 'phone': '77048222', 'cell': '92150426', 'id': {'name': 'FN', 'value': '08125739823'}, 'picture': {'large': 'https://randomuser.me/api/portraits/women/11.jpg', 'medium': 'https://randomuser.me/api/portraits/med/women/11.jpg', 'thumbnail': 'https://randomuser.me/api/portraits/thumb/women/11.jpg'}, 'nat': 'NO'}</msg>
<arg>${json_data['results'][0]}</arg>
<doc>Logs the given message with the given level.</doc>
<status status="PASS" start="2024-05-28T18:19:00.443519" elapsed="0.000410"/>
</kw>
<kw name="Log" owner="BuiltIn">
<msg time="2024-05-28T18:19:00.444352" level="INFO">name</msg>
<arg>${key}</arg>
<doc>Logs the given message with the given level.</doc>
<status status="PASS" start="2024-05-28T18:19:00.444225" elapsed="0.000171"/>
</kw>
<var name="${key}">name</var>
<status status="PASS" start="2024-05-28T18:19:00.442646" elapsed="0.001971"/>
</iter>
<iter>
<kw name="Dictionary Should Contain Key" owner="Collections">
<msg time="2024-05-28T18:19:00.445286" level="INFO">False</msg>
<arg>${json_data['results'][0]}</arg>
<arg>${key}</arg>
<doc>Fails if ``key`` is not found from ``dictionary``.</doc>
<status status="PASS" start="2024-05-28T18:19:00.444910" elapsed="0.000414"/>
</kw>
<kw name="Log" owner="BuiltIn">
<msg time="2024-05-28T18:19:00.445983" level="INFO">{'gender': 'female', 'name': {'title': 'Miss', 'first': 'Nelly', 'last': 'Finnesand'}, 'location': {'street': {'number': 7812, 'name': 'Trondheimsveien'}, 'city': 'Farstad', 'state': 'Troms - Romsa', 'country': 'Norway', 'postcode': '6488', 'coordinates': {'latitude': '39.4747', 'longitude': '129.9766'}, 'timezone': {'offset': '+3:00', 'description': 'Baghdad, Riyadh, Moscow, St. Petersburg'}}, 'email': 'nelly.finnesand@example.com', 'login': {'uuid': 'b309ce2d-4d80-40f2-a009-fb311bc07e33', 'username': 'purplezebra766', 'password': '4runner', 'salt': '3Fab7l5a', 'md5': '8a24d9f25ec4886fc2ab32c6731f67ff', 'sha1': '25628b16060f8843db8f9febd918590b4d9fddab', 'sha256': '36136ed0e9b73443833459ca008e8df369bd6ee58896482a1d6fcdc6927089cc'}, 'dob': {'date': '1957-12-08T08:39:21.832Z', 'age': 66}, 'registered': {'date': '2004-04-12T09:20:18.351Z', 'age': 20}, 'phone': '77048222', 'cell': '92150426', 'id': {'name': 'FN', 'value': '08125739823'}, 'picture': {'large': 'https://randomuser.me/api/portraits/women/11.jpg', 'medium': 'https://randomuser.me/api/portraits/med/women/11.jpg', 'thumbnail': 'https://randomuser.me/api/portraits/thumb/women/11.jpg'}, 'nat': 'NO'}</msg>
<arg>${json_data['results'][0]}</arg>
<doc>Logs the given message with the given level.</doc>
<status status="PASS" start="2024-05-28T18:19:00.445619" elapsed="0.000414"/>
</kw>
<kw name="Log" owner="BuiltIn">
<msg time="2024-05-28T18:19:00.446489" level="INFO">location</msg>
<arg>${key}</arg>
<doc>Logs the given message with the given level.</doc>
<status status="PASS" start="2024-05-28T18:19:00.446356" elapsed="0.000179"/>
</kw>
<var name="${key}">location</var>
<status status="PASS" start="2024-05-28T18:19:00.444799" elapsed="0.001955"/>
</iter>
<iter>
<kw name="Dictionary Should Contain Key" owner="Collections">
<msg time="2024-05-28T18:19:00.447533" level="INFO">False</msg>
<arg>${json_data['results'][0]}</arg>
<arg>${key}</arg>
<doc>Fails if ``key`` is not found from ``dictionary``.</doc>
<status status="PASS" start="2024-05-28T18:19:00.447042" elapsed="0.000529"/>
</kw>
<kw name="Log" owner="BuiltIn">
<msg time="2024-05-28T18:19:00.448229" level="INFO">{'gender': 'female', 'name': {'title': 'Miss', 'first': 'Nelly', 'last': 'Finnesand'}, 'location': {'street': {'number': 7812, 'name': 'Trondheimsveien'}, 'city': 'Farstad', 'state': 'Troms - Romsa', 'country': 'Norway', 'postcode': '6488', 'coordinates': {'latitude': '39.4747', 'longitude': '129.9766'}, 'timezone': {'offset': '+3:00', 'description': 'Baghdad, Riyadh, Moscow, St. Petersburg'}}, 'email': 'nelly.finnesand@example.com', 'login': {'uuid': 'b309ce2d-4d80-40f2-a009-fb311bc07e33', 'username': 'purplezebra766', 'password': '4runner', 'salt': '3Fab7l5a', 'md5': '8a24d9f25ec4886fc2ab32c6731f67ff', 'sha1': '25628b16060f8843db8f9febd918590b4d9fddab', 'sha256': '36136ed0e9b73443833459ca008e8df369bd6ee58896482a1d6fcdc6927089cc'}, 'dob': {'date': '1957-12-08T08:39:21.832Z', 'age': 66}, 'registered': {'date': '2004-04-12T09:20:18.351Z', 'age': 20}, 'phone': '77048222', 'cell': '92150426', 'id': {'name': 'FN', 'value': '08125739823'}, 'picture': {'large': 'https://randomuser.me/api/portraits/women/11.jpg', 'medium': 'https://randomuser.me/api/portraits/med/women/11.jpg', 'thumbnail': 'https://randomuser.me/api/portraits/thumb/women/11.jpg'}, 'nat': 'NO'}</msg>
<arg>${json_data['results'][0]}</arg>
<doc>Logs the given message with the given level.</doc>
<status status="PASS" start="2024-05-28T18:19:00.447872" elapsed="0.000405"/>
</kw>
<kw name="Log" owner="BuiltIn">
<msg time="2024-05-28T18:19:00.448707" level="INFO">email</msg>
<arg>${key}</arg>
<doc>Logs the given message with the given level.</doc>
<status status="PASS" start="2024-05-28T18:19:00.448578" elapsed="0.000166"/>
</kw>
<var name="${key}">email</var>
<status status="PASS" start="2024-05-28T18:19:00.446930" elapsed="0.002029"/>
</iter>
<iter>
<kw name="Dictionary Should Contain Key" owner="Collections">
<msg time="2024-05-28T18:19:00.449632" level="INFO">False</msg>
<arg>${json_data['results'][0]}</arg>
<arg>${key}</arg>
<doc>Fails if ``key`` is not found from ``dictionary``.</doc>
<status status="PASS" start="2024-05-28T18:19:00.449250" elapsed="0.000419"/>
</kw>
<kw name="Log" owner="BuiltIn">
<msg time="2024-05-28T18:19:00.450342" level="INFO">{'gender': 'female', 'name': {'title': 'Miss', 'first': 'Nelly', 'last': 'Finnesand'}, 'location': {'street': {'number': 7812, 'name': 'Trondheimsveien'}, 'city': 'Farstad', 'state': 'Troms - Romsa', 'country': 'Norway', 'postcode': '6488', 'coordinates': {'latitude': '39.4747', 'longitude': '129.9766'}, 'timezone': {'offset': '+3:00', 'description': 'Baghdad, Riyadh, Moscow, St. Petersburg'}}, 'email': 'nelly.finnesand@example.com', 'login': {'uuid': 'b309ce2d-4d80-40f2-a009-fb311bc07e33', 'username': 'purplezebra766', 'password': '4runner', 'salt': '3Fab7l5a', 'md5': '8a24d9f25ec4886fc2ab32c6731f67ff', 'sha1': '25628b16060f8843db8f9febd918590b4d9fddab', 'sha256': '36136ed0e9b73443833459ca008e8df369bd6ee58896482a1d6fcdc6927089cc'}, 'dob': {'date': '1957-12-08T08:39:21.832Z', 'age': 66}, 'registered': {'date': '2004-04-12T09:20:18.351Z', 'age': 20}, 'phone': '77048222', 'cell': '92150426', 'id': {'name': 'FN', 'value': '08125739823'}, 'picture': {'large': 'https://randomuser.me/api/portraits/women/11.jpg', 'medium': 'https://randomuser.me/api/portraits/med/women/11.jpg', 'thumbnail': 'https://randomuser.me/api/portraits/thumb/women/11.jpg'}, 'nat': 'NO'}</msg>
<arg>${json_data['results'][0]}</arg>
<doc>Logs the given message with the given level.</doc>
<status status="PASS" start="2024-05-28T18:19:00.449967" elapsed="0.000429"/>
</kw>
<kw name="Log" owner="BuiltIn">
<msg time="2024-05-28T18:19:00.450859" level="INFO">login</msg>
<arg>${key}</arg>
<doc>Logs the given message with the given level.</doc>
<status status="PASS" start="2024-05-28T18:19:00.450729" elapsed="0.000169"/>
</kw>
<var name="${key}">login</var>
<status status="PASS" start="2024-05-28T18:19:00.449139" elapsed="0.002002"/>
</iter>
<var>${key}</var>
<value>@{expected_keys}</value>
<status status="PASS" start="2024-05-28T18:19:00.440266" elapsed="0.011001"/>
</for>
<kw name="Create List" owner="BuiltIn">
<msg time="2024-05-28T18:19:00.451600" level="INFO">${expected_keysTwo} = ['username', 'password']</msg>
<var>${expected_keysTwo}</var>
<arg>username</arg>
<arg>password</arg>
<doc>Returns a list containing given items.</doc>
<status status="PASS" start="2024-05-28T18:19:00.451463" elapsed="0.000161"/>
</kw>
<for flavor="IN">
<iter>
<kw name="Dictionary Should Contain Key" owner="Collections">
<msg time="2024-05-28T18:19:00.452510" level="INFO">False</msg>
<arg>${json_data['results'][0]['login']}</arg>
<arg>${keyTwo}</arg>
<doc>Fails if ``key`` is not found from ``dictionary``.</doc>
<status status="PASS" start="2024-05-28T18:19:00.452124" elapsed="0.000424"/>
</kw>
<kw name="Dictionary Should Contain Key" owner="Collections">
<msg time="2024-05-28T18:19:00.453217" level="INFO">False</msg>
<arg>${json_data['results'][0]['login']}</arg>
<arg>${keyTwo}</arg>
<doc>Fails if ``key`` is not found from ``dictionary``.</doc>
<status status="PASS" start="2024-05-28T18:19:00.452843" elapsed="0.000412"/>
</kw>
<kw name="Log" owner="BuiltIn">
<msg time="2024-05-28T18:19:00.453677" level="INFO">username</msg>
<arg>${keyTwo}</arg>
<doc>Logs the given message with the given level.</doc>
<status status="PASS" start="2024-05-28T18:19:00.453549" elapsed="0.000166"/>
</kw>
<var name="${keyTwo}">username</var>
<status status="PASS" start="2024-05-28T18:19:00.452016" elapsed="0.001912"/>
</iter>
<iter>
<kw name="Dictionary Should Contain Key" owner="Collections">
<msg time="2024-05-28T18:19:00.454636" level="INFO">False</msg>
<arg>${json_data['results'][0]['login']}</arg>
<arg>${keyTwo}</arg>
<doc>Fails if ``key`` is not found from ``dictionary``.</doc>
<status status="PASS" start="2024-05-28T18:19:00.454213" elapsed="0.000460"/>
</kw>
<kw name="Dictionary Should Contain Key" owner="Collections">
<msg time="2024-05-28T18:19:00.455339" level="INFO">False</msg>
<arg>${json_data['results'][0]['login']}</arg>
<arg>${keyTwo}</arg>
<doc>Fails if ``key`` is not found from ``dictionary``.</doc>
<status status="PASS" start="2024-05-28T18:19:00.454967" elapsed="0.000409"/>
</kw>
<kw name="Log" owner="BuiltIn">
<msg time="2024-05-28T18:19:00.455794" level="INFO">password</msg>
<arg>${keyTwo}</arg>
<doc>Logs the given message with the given level.</doc>
<status status="PASS" start="2024-05-28T18:19:00.455668" elapsed="0.000163"/>
</kw>
<var name="${keyTwo}">password</var>
<status status="PASS" start="2024-05-28T18:19:00.454104" elapsed="0.001945"/>
</iter>
<var>${keyTwo}</var>
<value>@{expected_keysTwo}</value>
<status status="PASS" start="2024-05-28T18:19:00.451861" elapsed="0.004308"/>
</for>
<status status="PASS" start="2024-05-28T18:19:00.349515" elapsed="0.106795"/>
</kw>
<doc>Testa a estrutura da resposta da API.</doc>
<tag>testeEstruturaResposta</tag>
<status status="PASS" start="2024-05-28T18:19:00.349024" elapsed="0.107437"/>
</test>
<test id="s1-s1-t4" name="Validar tipos de dados" line="28">
<kw name="Teste de Tipos de Dados" owner="random-user-service">
<kw name="GET On Session" owner="RequestsLibrary">
<msg time="2024-05-28T18:19:00.550969" level="INFO">GET Request : url=https://randomuser.me/api 
 path_url=/api 
 headers={'User-Agent': 'python-requests/2.32.2', 'Accept-Encoding': 'gzip, deflate', 'Accept': '*/*', 'Connection': 'keep-alive'} 
 body=None 
 </msg>
<msg time="2024-05-28T18:19:00.551061" level="INFO">GET Response : url=https://randomuser.me/api 
 status=200, reason=OK 
 headers={'Date': 'Tue, 28 May 2024 18:19:00 GMT', 'Content-Type': 'application/json; charset=utf-8', 'Transfer-Encoding': 'chunked', 'Connection': 'keep-alive', 'X-Powered-By': 'Express', 'Access-Control-Allow-Origin': '*', 'Cache-Control': 'no-cache', 'ETag': 'W/"46d-+r0cFaoLf5oJwaMeX5lKyv+c/Ac"', 'Vary': 'Accept-Encoding', 'Content-Encoding': 'gzip', 'CF-Cache-Status': 'DYNAMIC', 'Report-To': '{"endpoints":[{"url":"https:\\/\\/a.nel.cloudflare.com\\/report\\/v4?s=5cXTx2YpcGEFrNkBAC39pLQUETot2YE9%2F4H7HvKhLXiVmCyT5k0DR%2FQg2aat4gCN%2BOW46x6nXkEZqtfAJYVYWGzMiRIXGRHLQJbsVpfrSZDILkeylOot1Ovw3etBJ0w8"}],"group":"cf-nel","max_age":604800}', 'NEL': '{"success_fraction":0,"report_to":"cf-nel","max_age":604800}', 'Server': 'cloudflare', 'CF-RAY': '88b0401fe9655a0a-IAD', 'alt-svc': 'h3=":443"; ma=86400'} 
 body={"results":[{"gender":"male","name":{"title":"Mr","first":"Liam","last":"Campbell"},"location":{"street":{"number":2911,"name":"Arctic Way"},"city":"Hudson","state":"Québec","country":"Canada","postcode":"D3J 9X5","coordinates":{"latitude":"-70.7982","longitude":"-126.6196"},"timezone":{"offset":"+3:30","description":"Tehran"}},"email":"liam.campbell@example.com","login":{"uuid":"829426d6-badb-4c22-b2fd-bd8ec67bd359","username":"yellowswan753","password":"beretta","salt":"SO1TWhhE","md5":"2ac1db18928a855296b5a1722db01122","sha1":"52caad8237dc2447067ed73ee762ee2b9ae8a417","sha256":"496d5b1e0eff1fd6e3623d52915a09637b24fe67aa27e42378e9ac524db082f6"},"dob":{"date":"1991-05-25T17:46:24.365Z","age":33},"registered":{"date":"2012-10-15T11:50:51.547Z","age":11},"phone":"T34 T82-3560","cell":"C80 N46-0643","id":{"name":"SIN","value":"052672714"},"picture":{"large":"https://randomuser.me/api/portraits/men/90.jpg","medium":"https://randomuser.me/api/portraits/med/men/90.jpg","thumbnail":"https://randomuser.me/api/portraits/thumb/men/90.jpg"},"nat":"CA"}],"info":{"seed":"fc70caed702c7d60","results":1,"page":1,"version":"1.4"}} 
 </msg>
<msg time="2024-05-28T18:19:00.551133" level="INFO">/opt/hostedtoolcache/Python/3.12.3/x64/lib/python3.12/site-packages/urllib3/connectionpool.py:1103: InsecureRequestWarning: Unverified HTTPS request is being made to host 'randomuser.me'. Adding certificate verification is strongly advised. See: https://urllib3.readthedocs.io/en/latest/advanced-usage.html#tls-warnings
  warnings.warn(</msg>
<msg time="2024-05-28T18:19:00.551230" level="INFO">${response} = &lt;Response [200]&gt;</msg>
<var>${response}</var>
<arg>consultarAPI</arg>
<arg>/api</arg>
<doc>Sends a GET request on a previously created HTTP Session.</doc>
<status status="PASS" start="2024-05-28T18:19:00.458918" elapsed="0.092346"/>
</kw>
<kw name="Set Variable" owner="BuiltIn">
<msg time="2024-05-28T18:19:00.552207" level="INFO">${json_data} = {'results': [{'gender': 'male', 'name': {'title': 'Mr', 'first': 'Liam', 'last': 'Campbell'}, 'location': {'street': {'number': 2911, 'name': 'Arctic Way'}, 'city': 'Hudson', 'state': 'Québec', 'count...</msg>
<var>${json_data}</var>
<arg>${response.json()}</arg>
<doc>Returns the given values which can then be assigned to a variables.</doc>
<status status="PASS" start="2024-05-28T18:19:00.551712" elapsed="0.000527"/>
</kw>
<kw name="Log" owner="BuiltIn">
<msg time="2024-05-28T18:19:00.552724" level="INFO">{'results': [{'gender': 'male', 'name': {'title': 'Mr', 'first': 'Liam', 'last': 'Campbell'}, 'location': {'street': {'number': 2911, 'name': 'Arctic Way'}, 'city': 'Hudson', 'state': 'Québec', 'country': 'Canada', 'postcode': 'D3J 9X5', 'coordinates': {'latitude': '-70.7982', 'longitude': '-126.6196'}, 'timezone': {'offset': '+3:30', 'description': 'Tehran'}}, 'email': 'liam.campbell@example.com', 'login': {'uuid': '829426d6-badb-4c22-b2fd-bd8ec67bd359', 'username': 'yellowswan753', 'password': 'beretta', 'salt': 'SO1TWhhE', 'md5': '2ac1db18928a855296b5a1722db01122', 'sha1': '52caad8237dc2447067ed73ee762ee2b9ae8a417', 'sha256': '496d5b1e0eff1fd6e3623d52915a09637b24fe67aa27e42378e9ac524db082f6'}, 'dob': {'date': '1991-05-25T17:46:24.365Z', 'age': 33}, 'registered': {'date': '2012-10-15T11:50:51.547Z', 'age': 11}, 'phone': 'T34 T82-3560', 'cell': 'C80 N46-0643', 'id': {'name': 'SIN', 'value': '052672714'}, 'picture': {'large': 'https://randomuser.me/api/portraits/men/90.jpg', 'medium': 'https://randomuser.me/api/portraits/med/men/90.jpg', 'thumbnail': 'https://randomuser.me/api/portraits/thumb/men/90.jpg'}, 'nat': 'CA'}], 'info': {'seed': 'fc70caed702c7d60', 'results': 1, 'page': 1, 'version': '1.4'}}</msg>
<arg>${json_data}</arg>
<doc>Logs the given message with the given level.</doc>
<status status="PASS" start="2024-05-28T18:19:00.552559" elapsed="0.000252"/>
</kw>
<kw name="Should Be String" owner="String">
<arg>${json_data['results'][0]['gender']}</arg>
<doc>Fails if the given ``item`` is not a string.</doc>
<status status="PASS" start="2024-05-28T18:19:00.553126" elapsed="0.000368"/>
</kw>
<kw name="Should Match Regexp" owner="BuiltIn">
<arg>${json_data['results'][0]['email']}</arg>
<arg>^[a-zA-Z0-9._%+-]+@[a-zA-Z0-9.-]+\.[a-zA-Z]{2,}$</arg>
<doc>Fails if ``string`` does not match ``pattern`` as a regular expression.</doc>
<status status="PASS" start="2024-05-28T18:19:00.553690" elapsed="0.000689"/>
</kw>
<kw name="Should Match Regexp" owner="BuiltIn">
<arg>${json_data['results'][0]['dob']['date']}</arg>
<arg>\\d{4}-\\d{2}-\\d{2}T\\d{2}:\\d{2}:\\d{2}\\.\\d{3}Z</arg>
<doc>Fails if ``string`` does not match ``pattern`` as a regular expression.</doc>
<status status="PASS" start="2024-05-28T18:19:00.554590" elapsed="0.000527"/>
</kw>
<kw name="Should Match Regexp" owner="BuiltIn">
<arg>${json_data['results'][0]['registered']['date']}</arg>
<arg>\\d{4}-\\d{2}-\\d{2}T\\d{2}:\\d{2}:\\d{2}\\.\\d{3}Z</arg>
<doc>Fails if ``string`` does not match ``pattern`` as a regular expression.</doc>
<status status="PASS" start="2024-05-28T18:19:00.555325" elapsed="0.000377"/>
</kw>
<kw name="Should Match Regexp" owner="BuiltIn">
<arg>${json_data['results'][0]['picture']['large']}</arg>
<arg>^https?://.*\.(?:png|jpe?g|gif|bmp)$</arg>
<doc>Fails if ``string`` does not match ``pattern`` as a regular expression.</doc>
<status status="PASS" start="2024-05-28T18:19:00.555893" elapsed="0.000463"/>
</kw>
<kw name="Should Match Regexp" owner="BuiltIn">
<arg>${json_data['results'][0]['picture']['medium']}</arg>
<arg>^https?://.*\.(?:png|jpe?g|gif|bmp)$</arg>
<doc>Fails if ``string`` does not match ``pattern`` as a regular expression.</doc>
<status status="PASS" start="2024-05-28T18:19:00.556551" elapsed="0.000349"/>
</kw>
<kw name="Should Match Regexp" owner="BuiltIn">
<arg>${json_data['results'][0]['picture']['thumbnail']}</arg>
<arg>^https?://.*\.(?:png|jpe?g|gif|bmp)$</arg>
<doc>Fails if ``string`` does not match ``pattern`` as a regular expression.</doc>
<status status="PASS" start="2024-05-28T18:19:00.557090" elapsed="0.000345"/>
</kw>
<kw name="Log" owner="BuiltIn">
<msg time="2024-05-28T18:19:00.557939" level="INFO">{'large': 'https://randomuser.me/api/portraits/men/90.jpg', 'medium': 'https://randomuser.me/api/portraits/med/men/90.jpg', 'thumbnail': 'https://randomuser.me/api/portraits/thumb/men/90.jpg'}</msg>
<arg>${json_data['results'][0]['picture']}</arg>
<doc>Logs the given message with the given level.</doc>
<status status="PASS" start="2024-05-28T18:19:00.557618" elapsed="0.000363"/>
</kw>
<status status="PASS" start="2024-05-28T18:19:00.458690" elapsed="0.099551"/>
</kw>
<kw name="Teste de Tipos de Dados - Postcode" owner="random-user-service">
<kw name="GET On Session" owner="RequestsLibrary">
<msg time="2024-05-28T18:19:00.641755" level="INFO">GET Request : url=https://randomuser.me/api 
 path_url=/api 
 headers={'User-Agent': 'python-requests/2.32.2', 'Accept-Encoding': 'gzip, deflate', 'Accept': '*/*', 'Connection': 'keep-alive'} 
 body=None 
 </msg>
<msg time="2024-05-28T18:19:00.641832" level="INFO">GET Response : url=https://randomuser.me/api 
 status=200, reason=OK 
 headers={'Date': 'Tue, 28 May 2024 18:19:00 GMT', 'Content-Type': 'application/json; charset=utf-8', 'Transfer-Encoding': 'chunked', 'Connection': 'keep-alive', 'X-Powered-By': 'Express', 'Access-Control-Allow-Origin': '*', 'Cache-Control': 'no-cache', 'ETag': 'W/"49d-hnUYZYYOA+W8hBIDcXLaSH7wITY"', 'Vary': 'Accept-Encoding', 'Content-Encoding': 'gzip', 'CF-Cache-Status': 'DYNAMIC', 'Report-To': '{"endpoints":[{"url":"https:\\/\\/a.nel.cloudflare.com\\/report\\/v4?s=wtMXDaERObC7jHtgin7eoKHR1tBvpgxJEexgEfEr5zV%2Bx7uSNzdTq8zjwqeI6zVfgua41TTvmEWgBLBKAVWhY6Sr3%2F0WDdWnGug0BAWI04xuNTEznzT3Mv0%2F9HUGCB9C"}],"group":"cf-nel","max_age":604800}', 'NEL': '{"success_fraction":0,"report_to":"cf-nel","max_age":604800}', 'Server': 'cloudflare', 'CF-RAY': '88b040208a425a0a-IAD', 'alt-svc': 'h3=":443"; ma=86400'} 
 body={"results":[{"gender":"male","name":{"title":"Mr","first":"Samuel","last":"Pastor"},"location":{"street":{"number":530,"name":"Calle de La Democracia"},"city":"La Coruña","state":"Comunidad de Madrid","country":"Spain","postcode":89320,"coordinates":{"latitude":"-34.7148","longitude":"-129.1222"},"timezone":{"offset":"+5:30","description":"Bombay, Calcutta, Madras, New Delhi"}},"email":"samuel.pastor@example.com","login":{"uuid":"ebb0868e-d9ee-4a30-a23f-a3b9a5ecbf08","username":"bluezebra712","password":"bigdog1","salt":"YJ55Pma4","md5":"acab0178d607e2d27b5732c46578db61","sha1":"4911f0309fc012b790f68f1f2a60e9599beae183","sha256":"ee2470ac378536418d2b8d2b6192a5a46ae64138c436b5fd0c5880adeb18ba87"},"dob":{"date":"1957-11-19T14:34:05.213Z","age":66},"registered":{"date":"2016-03-25T15:06:01.863Z","age":8},"phone":"963-876-905","cell":"662-595-715","id":{"name":"DNI","value":"82566821-X"},"picture":{"large":"https://randomuser.me/api/portraits/men/58.jpg","medium":"https://randomuser.me/api/portraits/med/men/58.jpg","thumbnail":"https://randomuser.me/api/portraits/thumb/men/58.jpg"},"nat":"ES"}],"info":{"seed":"192da868322d6200","results":1,"page":1,"version":"1.4"}} 
 </msg>
<msg time="2024-05-28T18:19:00.641900" level="INFO">/opt/hostedtoolcache/Python/3.12.3/x64/lib/python3.12/site-packages/urllib3/connectionpool.py:1103: InsecureRequestWarning: Unverified HTTPS request is being made to host 'randomuser.me'. Adding certificate verification is strongly advised. See: https://urllib3.readthedocs.io/en/latest/advanced-usage.html#tls-warnings
  warnings.warn(</msg>
<msg time="2024-05-28T18:19:00.642000" level="INFO">${response} = &lt;Response [200]&gt;</msg>
<var>${response}</var>
<arg>consultarAPI</arg>
<arg>/api</arg>
<doc>Sends a GET request on a previously created HTTP Session.</doc>
<status status="PASS" start="2024-05-28T18:19:00.558721" elapsed="0.083320"/>
</kw>
<kw name="Set Variable" owner="BuiltIn">
<msg time="2024-05-28T18:19:00.642942" level="INFO">${json_data} = {'results': [{'gender': 'male', 'name': {'title': 'Mr', 'first': 'Samuel', 'last': 'Pastor'}, 'location': {'street': {'number': 530, 'name': 'Calle de La Democracia'}, 'city': 'La Coruña', 'state': 'C...</msg>
<var>${json_data}</var>
<arg>${response.json()}</arg>
<doc>Returns the given values which can then be assigned to a variables.</doc>
<status status="PASS" start="2024-05-28T18:19:00.642488" elapsed="0.000483"/>
</kw>
<kw name="Log" owner="BuiltIn">
<msg time="2024-05-28T18:19:00.643428" level="INFO">{'results': [{'gender': 'male', 'name': {'title': 'Mr', 'first': 'Samuel', 'last': 'Pastor'}, 'location': {'street': {'number': 530, 'name': 'Calle de La Democracia'}, 'city': 'La Coruña', 'state': 'Comunidad de Madrid', 'country': 'Spain', 'postcode': 89320, 'coordinates': {'latitude': '-34.7148', 'longitude': '-129.1222'}, 'timezone': {'offset': '+5:30', 'description': 'Bombay, Calcutta, Madras, New Delhi'}}, 'email': 'samuel.pastor@example.com', 'login': {'uuid': 'ebb0868e-d9ee-4a30-a23f-a3b9a5ecbf08', 'username': 'bluezebra712', 'password': 'bigdog1', 'salt': 'YJ55Pma4', 'md5': 'acab0178d607e2d27b5732c46578db61', 'sha1': '4911f0309fc012b790f68f1f2a60e9599beae183', 'sha256': 'ee2470ac378536418d2b8d2b6192a5a46ae64138c436b5fd0c5880adeb18ba87'}, 'dob': {'date': '1957-11-19T14:34:05.213Z', 'age': 66}, 'registered': {'date': '2016-03-25T15:06:01.863Z', 'age': 8}, 'phone': '963-876-905', 'cell': '662-595-715', 'id': {'name': 'DNI', 'value': '82566821-X'}, 'picture': {'large': 'https://randomuser.me/api/portraits/men/58.jpg', 'medium': 'https://randomuser.me/api/portraits/med/men/58.jpg', 'thumbnail': 'https://randomuser.me/api/portraits/thumb/men/58.jpg'}, 'nat': 'ES'}], 'info': {'seed': '192da868322d6200', 'results': 1, 'page': 1, 'version': '1.4'}}</msg>
<arg>${json_data}</arg>
<doc>Logs the given message with the given level.</doc>
<status status="PASS" start="2024-05-28T18:19:00.643273" elapsed="0.000235"/>
</kw>
<kw name="Should Be Equal As Numbers" owner="BuiltIn">
<arg>${json_data['results'][0]['location']['postcode']}</arg>
<arg>${json_data['results'][0]['location']['postcode']}</arg>
<doc>Fails if objects are unequal after converting them to real numbers.</doc>
<status status="PASS" start="2024-05-28T18:19:00.643810" elapsed="0.000623"/>
</kw>
<kw name="Log" owner="BuiltIn">
<msg time="2024-05-28T18:19:00.644961" level="INFO">89320</msg>
<arg>${json_data['results'][0]['location']['postcode']}</arg>
<doc>Logs the given message with the given level.</doc>
<status status="PASS" start="2024-05-28T18:19:00.644625" elapsed="0.000378"/>
</kw>
<status status="PASS" start="2024-05-28T18:19:00.558487" elapsed="0.086769"/>
</kw>
<doc>Testa se os tipos de dados na resposta da API estão corretos.</doc>
<tag>testeTiposDados</tag>
<status status="PASS" start="2024-05-28T18:19:00.458213" elapsed="0.187207"/>
</test>
<test id="s1-s1-t5" name="Validar conteudo" line="35">
<kw name="Teste de Tipos de Conteudo" owner="random-user-service">
<kw name="GET On Session" owner="RequestsLibrary">
<msg time="2024-05-28T18:19:00.736125" level="INFO">GET Request : url=https://randomuser.me/api 
 path_url=/api 
 headers={'User-Agent': 'python-requests/2.32.2', 'Accept-Encoding': 'gzip, deflate', 'Accept': '*/*', 'Connection': 'keep-alive'} 
 body=None 
 </msg>
<msg time="2024-05-28T18:19:00.736203" level="INFO">GET Response : url=https://randomuser.me/api 
 status=200, reason=OK 
 headers={'Date': 'Tue, 28 May 2024 18:19:00 GMT', 'Content-Type': 'application/json; charset=utf-8', 'Transfer-Encoding': 'chunked', 'Connection': 'keep-alive', 'X-Powered-By': 'Express', 'Access-Control-Allow-Origin': '*', 'Cache-Control': 'no-cache', 'ETag': 'W/"481-e+hrcORscUwYdNdtusHtUOACPUg"', 'Vary': 'Accept-Encoding', 'Content-Encoding': 'gzip', 'CF-Cache-Status': 'DYNAMIC', 'Report-To': '{"endpoints":[{"url":"https:\\/\\/a.nel.cloudflare.com\\/report\\/v4?s=uuvVWfjtOR2NIH67As0PI7BlSbMHGMaNHrcmMznoR2P59qlHBMg%2BCgjb5JChg52B529Ph1tezbggV%2BsDW7LB9x%2BngGtZNrhybzqnEJdobVziKZRI0TehqoQ8KuR7yu3v"}],"group":"cf-nel","max_age":604800}', 'NEL': '{"success_fraction":0,"report_to":"cf-nel","max_age":604800}', 'Server': 'cloudflare', 'CF-RAY': '88b040211aff5a0a-IAD', 'alt-svc': 'h3=":443"; ma=86400'} 
 body={"results":[{"gender":"male","name":{"title":"Mr","first":"Chester","last":"Ryan"},"location":{"street":{"number":6171,"name":"Paddock Way"},"city":"St. Petersburg","state":"New Hampshire","country":"United States","postcode":98513,"coordinates":{"latitude":"88.9054","longitude":"-157.6041"},"timezone":{"offset":"-9:00","description":"Alaska"}},"email":"chester.ryan@example.com","login":{"uuid":"2c199d8f-b55a-4275-b6c4-9b7bfcda0f27","username":"silverfish659","password":"harbor","salt":"TuxPkCwT","md5":"1e84486bf695baa52682587218ed348e","sha1":"0bcde0e6bed52a97d6e5458a6a2e5a7c482d42d7","sha256":"8d6b8c44275cff4e147e033843e0cc7f1c484de8786ea121befa28a974dcaa43"},"dob":{"date":"1985-04-09T19:28:13.047Z","age":39},"registered":{"date":"2011-11-21T18:16:18.959Z","age":12},"phone":"(988) 709-1412","cell":"(810) 881-4987","id":{"name":"SSN","value":"343-63-1399"},"picture":{"large":"https://randomuser.me/api/portraits/men/74.jpg","medium":"https://randomuser.me/api/portraits/med/men/74.jpg","thumbnail":"https://randomuser.me/api/portraits/thumb/men/74.jpg"},"nat":"US"}],"info":{"seed":"a69e6a0716705857","results":1,"page":1,"version":"1.4"}} 
 </msg>
<msg time="2024-05-28T18:19:00.736272" level="INFO">/opt/hostedtoolcache/Python/3.12.3/x64/lib/python3.12/site-packages/urllib3/connectionpool.py:1103: InsecureRequestWarning: Unverified HTTPS request is being made to host 'randomuser.me'. Adding certificate verification is strongly advised. See: https://urllib3.readthedocs.io/en/latest/advanced-usage.html#tls-warnings
  warnings.warn(</msg>
<msg time="2024-05-28T18:19:00.736373" level="INFO">${response} = &lt;Response [200]&gt;</msg>
<var>${response}</var>
<arg>consultarAPI</arg>
<arg>/api</arg>
<doc>Sends a GET request on a previously created HTTP Session.</doc>
<status status="PASS" start="2024-05-28T18:19:00.648263" elapsed="0.088147"/>
</kw>
<kw name="Set Variable" owner="BuiltIn">
<msg time="2024-05-28T18:19:00.737234" level="INFO">${json_data} = {'results': [{'gender': 'male', 'name': {'title': 'Mr', 'first': 'Chester', 'last': 'Ryan'}, 'location': {'street': {'number': 6171, 'name': 'Paddock Way'}, 'city': 'St. Petersburg', 'state': 'New Ham...</msg>
<var>${json_data}</var>
<arg>${response.json()}</arg>
<doc>Returns the given values which can then be assigned to a variables.</doc>
<status status="PASS" start="2024-05-28T18:19:00.736798" elapsed="0.000465"/>
</kw>
<kw name="Set Variable" owner="BuiltIn">
<msg time="2024-05-28T18:19:00.737944" level="INFO">${name_title} = Mr</msg>
<var>${name_title}</var>
<arg>${json_data["results"][0]["name"]["title"]}</arg>
<doc>Returns the given values which can then be assigned to a variables.</doc>
<status status="PASS" start="2024-05-28T18:19:00.737564" elapsed="0.000405"/>
</kw>
<kw name="Create List" owner="BuiltIn">
<msg time="2024-05-28T18:19:00.738448" level="INFO">${allowed_titles} = ['Mr', 'Ms', 'Miss', 'Mrs', 'Madame', 'Monsieur']</msg>
<var>${allowed_titles}</var>
<arg>Mr</arg>
<arg>Ms</arg>
<arg>Miss</arg>
<arg>Mrs</arg>
<arg>Madame</arg>
<arg>Monsieur</arg>
<doc>Returns a list containing given items.</doc>
<status status="PASS" start="2024-05-28T18:19:00.738265" elapsed="0.000208"/>
</kw>
<kw name="List Should Contain Value" owner="Collections">
<msg time="2024-05-28T18:19:00.738952" level="INFO">False</msg>
<arg>${allowed_titles}</arg>
<arg>${name_title}</arg>
<doc>Fails if the ``value`` is not found from ``list``.</doc>
<status status="PASS" start="2024-05-28T18:19:00.738773" elapsed="0.000217"/>
</kw>
<kw name="Set Variable" owner="BuiltIn">
<msg time="2024-05-28T18:19:00.739797" level="INFO">${name_country} = US</msg>
<var>${name_country}</var>
<arg>${json_data["results"][0]["nat"]}</arg>
<doc>Returns the given values which can then be assigned to a variables.</doc>
<status status="PASS" start="2024-05-28T18:19:00.739288" elapsed="0.000535"/>
</kw>
<kw name="Create List" owner="BuiltIn">
<msg time="2024-05-28T18:19:00.740738" level="INFO">${list_country} = ['AD', 'AE', 'AF', 'AG', 'AI', 'AL', 'AM', 'AO', 'AQ', 'AR', 'AS', 'AT', 'AU', 'AW', 'AX', 'AZ', 'BA', 'BB', 'BD', 'BE', 'BF', 'BG', 'BH', 'BI', 'BJ', 'BL', 'BM', 'BN', 'BO', 'BQ', 'BR', 'BS', 'BT', '...</msg>
<var>${list_country}</var>
<arg>AD</arg>
<arg>AE</arg>
<arg>AF</arg>
<arg>AG</arg>
<arg>AI</arg>
<arg>AL</arg>
<arg>AM</arg>
<arg>AO</arg>
<arg>AQ</arg>
<arg>AR</arg>
<arg>AS</arg>
<arg>AT</arg>
<arg>AU</arg>
<arg>AW</arg>
<arg>AX</arg>
<arg>AZ</arg>
<arg>BA</arg>
<arg>BB</arg>
<arg>BD</arg>
<arg>BE</arg>
<arg>BF</arg>
<arg>BG</arg>
<arg>BH</arg>
<arg>BI</arg>
<arg>BJ</arg>
<arg>BL</arg>
<arg>BM</arg>
<arg>BN</arg>
<arg>BO</arg>
<arg>BQ</arg>
<arg>BR</arg>
<arg>BS</arg>
<arg>BT</arg>
<arg>BV</arg>
<arg>BW</arg>
<arg>BY</arg>
<arg>BZ</arg>
<arg>CA</arg>
<arg>CC</arg>
<arg>CD</arg>
<arg>CF</arg>
<arg>CG</arg>
<arg>CH</arg>
<arg>CI</arg>
<arg>CK</arg>
<arg>CL</arg>
<arg>CM</arg>
<arg>CN</arg>
<arg>CO</arg>
<arg>CR</arg>
<arg>CU</arg>
<arg>CV</arg>
<arg>CW</arg>
<arg>CX</arg>
<arg>CY</arg>
<arg>CZ</arg>
<arg>DE</arg>
<arg>DJ</arg>
<arg>DK</arg>
<arg>DM</arg>
<arg>DO</arg>
<arg>DZ</arg>
<arg>EC</arg>
<arg>EE</arg>
<arg>EG</arg>
<arg>EH</arg>
<arg>ER</arg>
<arg>ES</arg>
<arg>ET</arg>
<arg>FI</arg>
<arg>FJ</arg>
<arg>FK</arg>
<arg>FM</arg>
<arg>FO</arg>
<arg>FR</arg>
<arg>GA</arg>
<arg>GB</arg>
<arg>GD</arg>
<arg>GE</arg>
<arg>GF</arg>
<arg>GG</arg>
<arg>GH</arg>
<arg>GI</arg>
<arg>GL</arg>
<arg>GM</arg>
<arg>GN</arg>
<arg>GP</arg>
<arg>GQ</arg>
<arg>GR</arg>
<arg>GS</arg>
<arg>GT</arg>
<arg>GU</arg>
<arg>GW</arg>
<arg>GY</arg>
<arg>HK</arg>
<arg>HM</arg>
<arg>HN</arg>
<arg>HR</arg>
<arg>HT</arg>
<arg>HU</arg>
<arg>ID</arg>
<arg>IE</arg>
<arg>IL</arg>
<arg>IM</arg>
<arg>IN</arg>
<arg>IO</arg>
<arg>IQ</arg>
<arg>IR</arg>
<arg>IS</arg>
<arg>IT</arg>
<arg>JE</arg>
<arg>JM</arg>
<arg>JO</arg>
<arg>JP</arg>
<arg>KE</arg>
<arg>KG</arg>
<arg>KH</arg>
<arg>KI</arg>
<arg>KM</arg>
<arg>KN</arg>
<arg>KP</arg>
<arg>KR</arg>
<arg>KW</arg>
<arg>KY</arg>
<arg>KZ</arg>
<arg>LA</arg>
<arg>LB</arg>
<arg>LC</arg>
<arg>LI</arg>
<arg>LK</arg>
<arg>LR</arg>
<arg>LS</arg>
<arg>LT</arg>
<arg>LU</arg>
<arg>LV</arg>
<arg>LY</arg>
<arg>MA</arg>
<arg>MC</arg>
<arg>MD</arg>
<arg>ME</arg>
<arg>MF</arg>
<arg>MG</arg>
<arg>MH</arg>
<arg>MK</arg>
<arg>ML</arg>
<arg>MM</arg>
<arg>MN</arg>
<arg>MO</arg>
<arg>MP</arg>
<arg>MQ</arg>
<arg>MR</arg>
<arg>MS</arg>
<arg>MT</arg>
<arg>MU</arg>
<arg>MV</arg>
<arg>MW</arg>
<arg>MX</arg>
<arg>MY</arg>
<arg>MZ</arg>
<arg>NA</arg>
<arg>NC</arg>
<arg>NE</arg>
<arg>NF</arg>
<arg>NG</arg>
<arg>NI</arg>
<arg>NL</arg>
<arg>NO</arg>
<arg>NP</arg>
<arg>NR</arg>
<arg>NU</arg>
<arg>NZ</arg>
<arg>OM</arg>
<arg>PA</arg>
<arg>PE</arg>
<arg>PF</arg>
<arg>PG</arg>
<arg>PH</arg>
<arg>PK</arg>
<arg>PL</arg>
<arg>PM</arg>
<arg>PN</arg>
<arg>PR</arg>
<arg>PS</arg>
<arg>PT</arg>
<arg>PW</arg>
<arg>PY</arg>
<arg>QA</arg>
<arg>RE</arg>
<arg>RO</arg>
<arg>RS</arg>
<arg>RU</arg>
<arg>RW</arg>
<arg>SA</arg>
<arg>SB</arg>
<arg>SC</arg>
<arg>SD</arg>
<arg>SE</arg>
<arg>SG</arg>
<arg>SH</arg>
<arg>SI</arg>
<arg>SJ</arg>
<arg>SK</arg>
<arg>SL</arg>
<arg>SM</arg>
<arg>SN</arg>
<arg>SO</arg>
<arg>SR</arg>
<arg>SS</arg>
<arg>ST</arg>
<arg>SV</arg>
<arg>SX</arg>
<arg>SY</arg>
<arg>SZ</arg>
<arg>TC</arg>
<arg>TD</arg>
<arg>TF</arg>
<arg>TG</arg>
<arg>TH</arg>
<arg>TJ</arg>
<arg>TK</arg>
<arg>TL</arg>
<arg>TM</arg>
<arg>TN</arg>
<arg>TO</arg>
<arg>TR</arg>
<arg>TT</arg>
<arg>TV</arg>
<arg>TW</arg>
<arg>TZ</arg>
<arg>UA</arg>
<arg>UG</arg>
<arg>UM</arg>
<arg>US</arg>
<arg>UY</arg>
<arg>UZ</arg>
<arg>VA</arg>
<arg>VC</arg>
<arg>VE</arg>
<arg>VG</arg>
<arg>VI</arg>
<arg>VN</arg>
<arg>VU</arg>
<arg>WF</arg>
<arg>WS</arg>
<arg>XK</arg>
<arg>YE</arg>
<arg>YT</arg>
<arg>ZA</arg>
<arg>ZM</arg>
<arg>ZW</arg>
<doc>Returns a list containing given items.</doc>
<status status="PASS" start="2024-05-28T18:19:00.740129" elapsed="0.000635"/>
</kw>
<kw name="List Should Contain Value" owner="Collections">
<msg time="2024-05-28T18:19:00.741746" level="INFO">False</msg>
<arg>${list_country}</arg>
<arg>${name_country}</arg>
<doc>Fails if the ``value`` is not found from ``list``.</doc>
<status status="PASS" start="2024-05-28T18:19:00.741542" elapsed="0.000240"/>
</kw>
<kw name="Run Keyword If" owner="BuiltIn">
<kw name="Should Be True" owner="BuiltIn">
<arg>${True}</arg>
<doc>Fails if the given condition is not true.</doc>
<status status="PASS" start="2024-05-28T18:19:00.742878" elapsed="0.000144"/>
</kw>
<arg>${json_data["results"][0]["location"]["coordinates"]["latitude"]} &gt;= -90 and ${json_data["results"][0]["location"]["coordinates"]["latitude"]} &lt;= 90</arg>
<arg>Should Be True</arg>
<arg>${True}</arg>
<doc>Runs the given keyword with the given arguments, if ``condition`` is true.</doc>
<status status="PASS" start="2024-05-28T18:19:00.742099" elapsed="0.001051"/>
</kw>
<kw name="Run Keyword If" owner="BuiltIn">
<kw name="Should Be True" owner="BuiltIn">
<arg>${True}</arg>
<doc>Fails if the given condition is not true.</doc>
<status status="PASS" start="2024-05-28T18:19:00.744034" elapsed="0.000137"/>
</kw>
<arg>${json_data["results"][0]["location"]["coordinates"]["longitude"]} &gt;= -180 and ${json_data["results"][0]["location"]["coordinates"]["longitude"]} &lt;= 180</arg>
<arg>Should Be True</arg>
<arg>${True}</arg>
<doc>Runs the given keyword with the given arguments, if ``condition`` is true.</doc>
<status status="PASS" start="2024-05-28T18:19:00.743335" elapsed="0.000959"/>
</kw>
<status status="PASS" start="2024-05-28T18:19:00.647883" elapsed="0.096536"/>
</kw>
<doc>Testa o conteúdo específico dos campos retornados pela API.</doc>
<tag>testeConteudo</tag>
<status status="PASS" start="2024-05-28T18:19:00.647226" elapsed="0.097338"/>
</test>
<status status="PASS" start="2024-05-28T18:18:59.896978" elapsed="0.849554"/>
</suite>
<status status="PASS" start="2024-05-28T18:18:59.882685" elapsed="0.869066"/>
</suite>
<statistics>
<total>
<stat pass="5" fail="0" skip="0">All Tests</stat>
</total>
<tag>
<stat pass="1" fail="0" skip="0">testeConteudo</stat>
<stat pass="1" fail="0" skip="0">testeEstruturaResposta</stat>
<stat pass="1" fail="0" skip="0">testeRequisicaoBasica</stat>
<stat pass="1" fail="0" skip="0">testeTiposDados</stat>
</tag>
<suite>
<stat pass="5" fail="0" skip="0" id="s1" name="Tests">Tests</stat>
<stat pass="5" fail="0" skip="0" id="s1-s1" name="Random-User-Test">Tests.Random-User-Test</stat>
</suite>
</statistics>
<errors>
</errors>
</robot>
