<?xml version="1.0" encoding="UTF-8"?>
<robot generator="Robot 7.0.1 (Python 3.12.4 on linux)" generated="2024-08-09T03:17:51.083897" rpa="false" schemaversion="5">
<suite id="s1" name="Tests" source="/home/runner/work/ApiRandomUser/ApiRandomUser/RamdonUser/tests">
<suite id="s1-s1" name="Random-User-Test" source="/home/runner/work/ApiRandomUser/ApiRandomUser/RamdonUser/tests/random-user-test.robot">
<test id="s1-s1-t1" name="Conectar" line="13">
<kw name="Conectar API" owner="random-user-service">
<kw name="Create Session" owner="RequestsLibrary">
<msg time="2024-08-09T03:17:51.497071" level="INFO">Creating Session using : alias=consultarAPI, url=https://randomuser.me/, headers={},                     cookies={}, auth=None, timeout=None, proxies=None, verify=False,                     debug=0 </msg>
<arg>consultarAPI</arg>
<arg>${URL}</arg>
<doc>Create Session: create a HTTP session to a server</doc>
<status status="PASS" start="2024-08-09T03:17:51.496868" elapsed="0.000389"/>
</kw>
<status status="PASS" start="2024-08-09T03:17:51.495765" elapsed="0.001859"/>
</kw>
<status status="PASS" start="2024-08-09T03:17:51.495113" elapsed="0.002704"/>
</test>
<test id="s1-s1-t2" name="Validar retorno 200 e JSON Válido" line="16">
<kw name="Teste de Requisicao Basica" owner="random-user-service">
<kw name="GET On Session" owner="RequestsLibrary">
<msg time="2024-08-09T03:17:51.668980" level="INFO">GET Request : url=https://randomuser.me/api 
 path_url=/api 
 headers={'User-Agent': 'python-requests/2.32.3', 'Accept-Encoding': 'gzip, deflate', 'Accept': '*/*', 'Connection': 'keep-alive'} 
 body=None 
 </msg>
<msg time="2024-08-09T03:17:51.669167" level="INFO">GET Response : url=https://randomuser.me/api 
 status=200, reason=OK 
 headers={'Date': 'Fri, 09 Aug 2024 03:17:51 GMT', 'Content-Type': 'application/json; charset=utf-8', 'Transfer-Encoding': 'chunked', 'Connection': 'keep-alive', 'X-Powered-By': 'Express', 'Access-Control-Allow-Origin': '*', 'Cache-Control': 'no-cache', 'ETag': 'W/"481-xwIaDZHH6V2eWI+8dHxz1KK23Dg"', 'Vary': 'Accept-Encoding', 'Content-Encoding': 'gzip', 'CF-Cache-Status': 'DYNAMIC', 'Report-To': '{"endpoints":[{"url":"https:\\/\\/a.nel.cloudflare.com\\/report\\/v4?s=UahNctE64PYfo3FD4r5gHtwd%2FJcN4lg9fAjbdTJrMhDM2Zd8MklI%2Bt9WVzJbAkKA%2Fztg01QzyTboK90okVvf0Mg%2Fqjx1wsxW%2BDcAe23HZP9VHjcJKTlz60rK7qTS7DXP"}],"group":"cf-nel","max_age":604800}', 'NEL': '{"success_fraction":0,"report_to":"cf-nel","max_age":604800}', 'Server': 'cloudflare', 'CF-RAY': '8b049875bc1c07a4-IAD', 'alt-svc': 'h3=":443"; ma=86400'} 
 body={"results":[{"gender":"female","name":{"title":"Miss","first":"Leah","last":"Hunt"},"location":{"street":{"number":4587,"name":"Boghall Road"},"city":"Carrigtwohill","state":"Waterford","country":"Ireland","postcode":95921,"coordinates":{"latitude":"-0.1086","longitude":"45.7482"},"timezone":{"offset":"-11:00","description":"Midway Island, Samoa"}},"email":"leah.hunt@example.com","login":{"uuid":"9730703d-ff88-4a2b-9a71-95df1fbc098b","username":"bigmeercat399","password":"hithere","salt":"9HIPlTwP","md5":"de7bfc3101acce81c798cb9ad5802351","sha1":"dfcf2cd6f9ff4486fe8ea8cf93397a293a3ba99a","sha256":"c76faaef515b60f3af407010458a1a37f5d2894ae3d564ca859cd02438265f87"},"dob":{"date":"1993-12-14T07:28:12.827Z","age":30},"registered":{"date":"2021-06-07T20:27:41.740Z","age":3},"phone":"071-780-5569","cell":"081-770-5750","id":{"name":"PPS","value":"2982825T"},"picture":{"large":"https://randomuser.me/api/portraits/women/11.jpg","medium":"https://randomuser.me/api/portraits/med/women/11.jpg","thumbnail":"https://randomuser.me/api/portraits/thumb/women/11.jpg"},"nat":"IE"}],"info":{"seed":"238b8c6d40640185","results":1,"page":1,"version":"1.4"}} 
 </msg>
<msg time="2024-08-09T03:17:51.669251" level="INFO">/opt/hostedtoolcache/Python/3.12.4/x64/lib/python3.12/site-packages/urllib3/connectionpool.py:1099: InsecureRequestWarning: Unverified HTTPS request is being made to host 'randomuser.me'. Adding certificate verification is strongly advised. See: https://urllib3.readthedocs.io/en/latest/advanced-usage.html#tls-warnings
  warnings.warn(</msg>
<msg time="2024-08-09T03:17:51.669410" level="INFO">${response} = &lt;Response [200]&gt;</msg>
<var>${response}</var>
<arg>consultarAPI</arg>
<arg>/api</arg>
<doc>Sends a GET request on a previously created HTTP Session.</doc>
<status status="PASS" start="2024-08-09T03:17:51.500517" elapsed="0.168938"/>
</kw>
<kw name="Should Be Equal As Numbers" owner="BuiltIn">
<msg time="2024-08-09T03:17:51.670440" level="INFO">Argument types are:
&lt;class 'int'&gt;
&lt;class 'str'&gt;</msg>
<arg>${response.status_code}</arg>
<arg>200</arg>
<doc>Fails if objects are unequal after converting them to real numbers.</doc>
<status status="PASS" start="2024-08-09T03:17:51.669982" elapsed="0.000524"/>
</kw>
<kw name="Log" owner="BuiltIn">
<msg time="2024-08-09T03:17:51.671197" level="INFO">200</msg>
<arg>${response.status_code}</arg>
<doc>Logs the given message with the given level.</doc>
<status status="PASS" start="2024-08-09T03:17:51.670825" elapsed="0.000417"/>
</kw>
<kw name="Set Variable" owner="BuiltIn">
<msg time="2024-08-09T03:17:51.671988" level="INFO">${json_data} = {'results': [{'gender': 'female', 'name': {'title': 'Miss', 'first': 'Leah', 'last': 'Hunt'}, 'location': {'street': {'number': 4587, 'name': 'Boghall Road'}, 'city': 'Carrigtwohill', 'state': 'Waterf...</msg>
<var>${json_data}</var>
<arg>${response.json()}</arg>
<doc>Returns the given values which can then be assigned to a variables.</doc>
<status status="PASS" start="2024-08-09T03:17:51.671555" elapsed="0.000462"/>
</kw>
<kw name="Dictionary Should Contain Key" owner="Collections">
<arg>${json_data}</arg>
<arg>results</arg>
<doc>Fails if ``key`` is not found from ``dictionary``.</doc>
<status status="PASS" start="2024-08-09T03:17:51.672384" elapsed="0.000326"/>
</kw>
<status status="PASS" start="2024-08-09T03:17:51.500271" elapsed="0.172597"/>
</kw>
<doc>Testa se a API responde corretamente e retorna um objeto JSON válido.</doc>
<tag>testeRequisicaoBasica</tag>
<status status="PASS" start="2024-08-09T03:17:51.499693" elapsed="0.173349"/>
</test>
<test id="s1-s1-t3" name="Validar estrutura de resposta" line="22">
<kw name="Teste de Estrutura de Resposta" owner="random-user-service">
<kw name="GET On Session" owner="RequestsLibrary">
<msg time="2024-08-09T03:17:51.773096" level="INFO">GET Request : url=https://randomuser.me/api 
 path_url=/api 
 headers={'User-Agent': 'python-requests/2.32.3', 'Accept-Encoding': 'gzip, deflate', 'Accept': '*/*', 'Connection': 'keep-alive'} 
 body=None 
 </msg>
<msg time="2024-08-09T03:17:51.773195" level="INFO">GET Response : url=https://randomuser.me/api 
 status=200, reason=OK 
 headers={'Date': 'Fri, 09 Aug 2024 03:17:51 GMT', 'Content-Type': 'application/json; charset=utf-8', 'Transfer-Encoding': 'chunked', 'Connection': 'keep-alive', 'X-Powered-By': 'Express', 'Access-Control-Allow-Origin': '*', 'Cache-Control': 'no-cache', 'ETag': 'W/"48a-VQUvrt3nAZMJIZ9TEBDJL9CKhhA"', 'Vary': 'Accept-Encoding', 'Content-Encoding': 'gzip', 'CF-Cache-Status': 'DYNAMIC', 'Report-To': '{"endpoints":[{"url":"https:\\/\\/a.nel.cloudflare.com\\/report\\/v4?s=DdAE4Qj%2FHauQsvxDXod%2BWds0UX8Qsi8v7Kc0wB2tYD3oErAbj%2BAit4ohEBH%2BUpurb2Ws7gqw8YmYVS1fZvqnkBqpT3c028HfmM4YGNDrck%2BhOW8aov4jfVETYXU5q8Jk"}],"group":"cf-nel","max_age":604800}', 'NEL': '{"success_fraction":0,"report_to":"cf-nel","max_age":604800}', 'Server': 'cloudflare', 'CF-RAY': '8b049875fc6507a4-IAD', 'alt-svc': 'h3=":443"; ma=86400'} 
 body={"results":[{"gender":"female","name":{"title":"Miss","first":"Hayley","last":"Wright"},"location":{"street":{"number":8154,"name":"Willis Street"},"city":"Dunedin","state":"Nelson","country":"New Zealand","postcode":38172,"coordinates":{"latitude":"52.7946","longitude":"177.2882"},"timezone":{"offset":"-7:00","description":"Mountain Time (US &amp; Canada)"}},"email":"hayley.wright@example.com","login":{"uuid":"6f42df27-5b9f-46ce-a9c4-9b1f978be1c2","username":"crazymeercat750","password":"salasana","salt":"RJ9yW4jL","md5":"e3e476165b633a4d761be4819a0aafd7","sha1":"8d9bb5ac04a0646f5eb7c47b6e4263902f213ab5","sha256":"61b353ee2bfd0419dd28a9b94470a8df68220c384d475ba84353d3fad23d72a6"},"dob":{"date":"1949-04-15T23:30:33.925Z","age":75},"registered":{"date":"2021-06-04T23:21:39.257Z","age":3},"phone":"(457)-917-1407","cell":"(673)-831-2876","id":{"name":"","value":null},"picture":{"large":"https://randomuser.me/api/portraits/women/56.jpg","medium":"https://randomuser.me/api/portraits/med/women/56.jpg","thumbnail":"https://randomuser.me/api/portraits/thumb/women/56.jpg"},"nat":"NZ"}],"info":{"seed":"d97ba253cfd5b785","results":1,"page":1,"version":"1.4"}} 
 </msg>
<msg time="2024-08-09T03:17:51.773334" level="INFO">/opt/hostedtoolcache/Python/3.12.4/x64/lib/python3.12/site-packages/urllib3/connectionpool.py:1099: InsecureRequestWarning: Unverified HTTPS request is being made to host 'randomuser.me'. Adding certificate verification is strongly advised. See: https://urllib3.readthedocs.io/en/latest/advanced-usage.html#tls-warnings
  warnings.warn(</msg>
<msg time="2024-08-09T03:17:51.773480" level="INFO">${response} = &lt;Response [200]&gt;</msg>
<var>${response}</var>
<arg>consultarAPI</arg>
<arg>/api</arg>
<doc>Sends a GET request on a previously created HTTP Session.</doc>
<status status="PASS" start="2024-08-09T03:17:51.675810" elapsed="0.097714"/>
</kw>
<kw name="Set Variable" owner="BuiltIn">
<msg time="2024-08-09T03:17:51.774641" level="INFO">${json_data} = {'results': [{'gender': 'female', 'name': {'title': 'Miss', 'first': 'Hayley', 'last': 'Wright'}, 'location': {'street': {'number': 8154, 'name': 'Willis Street'}, 'city': 'Dunedin', 'state': 'Nelson'...</msg>
<var>${json_data}</var>
<arg>${response.json()}</arg>
<doc>Returns the given values which can then be assigned to a variables.</doc>
<status status="PASS" start="2024-08-09T03:17:51.774089" elapsed="0.000581"/>
</kw>
<kw name="Log" owner="BuiltIn">
<msg time="2024-08-09T03:17:51.775141" level="INFO">{'results': [{'gender': 'female', 'name': {'title': 'Miss', 'first': 'Hayley', 'last': 'Wright'}, 'location': {'street': {'number': 8154, 'name': 'Willis Street'}, 'city': 'Dunedin', 'state': 'Nelson', 'country': 'New Zealand', 'postcode': 38172, 'coordinates': {'latitude': '52.7946', 'longitude': '177.2882'}, 'timezone': {'offset': '-7:00', 'description': 'Mountain Time (US &amp; Canada)'}}, 'email': 'hayley.wright@example.com', 'login': {'uuid': '6f42df27-5b9f-46ce-a9c4-9b1f978be1c2', 'username': 'crazymeercat750', 'password': 'salasana', 'salt': 'RJ9yW4jL', 'md5': 'e3e476165b633a4d761be4819a0aafd7', 'sha1': '8d9bb5ac04a0646f5eb7c47b6e4263902f213ab5', 'sha256': '61b353ee2bfd0419dd28a9b94470a8df68220c384d475ba84353d3fad23d72a6'}, 'dob': {'date': '1949-04-15T23:30:33.925Z', 'age': 75}, 'registered': {'date': '2021-06-04T23:21:39.257Z', 'age': 3}, 'phone': '(457)-917-1407', 'cell': '(673)-831-2876', 'id': {'name': '', 'value': None}, 'picture': {'large': 'https://randomuser.me/api/portraits/women/56.jpg', 'medium': 'https://randomuser.me/api/portraits/med/women/56.jpg', 'thumbnail': 'https://randomuser.me/api/portraits/thumb/women/56.jpg'}, 'nat': 'NZ'}], 'info': {'seed': 'd97ba253cfd5b785', 'results': 1, 'page': 1, 'version': '1.4'}}</msg>
<arg>${json_data}</arg>
<doc>Logs the given message with the given level.</doc>
<status status="PASS" start="2024-08-09T03:17:51.774980" elapsed="0.000212"/>
</kw>
<kw name="Dictionary Should Contain Key" owner="Collections">
<arg>${json_data}</arg>
<arg>results</arg>
<doc>Fails if ``key`` is not found from ``dictionary``.</doc>
<status status="PASS" start="2024-08-09T03:17:51.775489" elapsed="0.000166"/>
</kw>
<kw name="Should Not Be Empty" owner="BuiltIn">
<msg time="2024-08-09T03:17:51.775964" level="INFO">Length is 2.</msg>
<arg>${json_data}</arg>
<doc>Verifies that the given item is not empty.</doc>
<status status="PASS" start="2024-08-09T03:17:51.775839" elapsed="0.000163"/>
</kw>
<kw name="Create List" owner="BuiltIn">
<msg time="2024-08-09T03:17:51.776496" level="INFO">${expected_keys} = ['gender', 'name', 'location', 'email', 'login']</msg>
<var>${expected_keys}</var>
<arg>gender</arg>
<arg>name</arg>
<arg>location</arg>
<arg>email</arg>
<arg>login</arg>
<doc>Returns a list containing given items.</doc>
<status status="PASS" start="2024-08-09T03:17:51.776345" elapsed="0.000177"/>
</kw>
<for flavor="IN">
<iter>
<kw name="Dictionary Should Contain Key" owner="Collections">
<arg>${json_data['results'][0]}</arg>
<arg>${key}</arg>
<doc>Fails if ``key`` is not found from ``dictionary``.</doc>
<status status="PASS" start="2024-08-09T03:17:51.777113" elapsed="0.000414"/>
</kw>
<kw name="Log" owner="BuiltIn">
<msg time="2024-08-09T03:17:51.778077" level="INFO">{'gender': 'female', 'name': {'title': 'Miss', 'first': 'Hayley', 'last': 'Wright'}, 'location': {'street': {'number': 8154, 'name': 'Willis Street'}, 'city': 'Dunedin', 'state': 'Nelson', 'country': 'New Zealand', 'postcode': 38172, 'coordinates': {'latitude': '52.7946', 'longitude': '177.2882'}, 'timezone': {'offset': '-7:00', 'description': 'Mountain Time (US &amp; Canada)'}}, 'email': 'hayley.wright@example.com', 'login': {'uuid': '6f42df27-5b9f-46ce-a9c4-9b1f978be1c2', 'username': 'crazymeercat750', 'password': 'salasana', 'salt': 'RJ9yW4jL', 'md5': 'e3e476165b633a4d761be4819a0aafd7', 'sha1': '8d9bb5ac04a0646f5eb7c47b6e4263902f213ab5', 'sha256': '61b353ee2bfd0419dd28a9b94470a8df68220c384d475ba84353d3fad23d72a6'}, 'dob': {'date': '1949-04-15T23:30:33.925Z', 'age': 75}, 'registered': {'date': '2021-06-04T23:21:39.257Z', 'age': 3}, 'phone': '(457)-917-1407', 'cell': '(673)-831-2876', 'id': {'name': '', 'value': None}, 'picture': {'large': 'https://randomuser.me/api/portraits/women/56.jpg', 'medium': 'https://randomuser.me/api/portraits/med/women/56.jpg', 'thumbnail': 'https://randomuser.me/api/portraits/thumb/women/56.jpg'}, 'nat': 'NZ'}</msg>
<arg>${json_data['results'][0]}</arg>
<doc>Logs the given message with the given level.</doc>
<status status="PASS" start="2024-08-09T03:17:51.777719" elapsed="0.000410"/>
</kw>
<kw name="Log" owner="BuiltIn">
<msg time="2024-08-09T03:17:51.778560" level="INFO">gender</msg>
<arg>${key}</arg>
<doc>Logs the given message with the given level.</doc>
<status status="PASS" start="2024-08-09T03:17:51.778428" elapsed="0.000171"/>
</kw>
<var name="${key}">gender</var>
<status status="PASS" start="2024-08-09T03:17:51.776988" elapsed="0.001833"/>
</iter>
<iter>
<kw name="Dictionary Should Contain Key" owner="Collections">
<arg>${json_data['results'][0]}</arg>
<arg>${key}</arg>
<doc>Fails if ``key`` is not found from ``dictionary``.</doc>
<status status="PASS" start="2024-08-09T03:17:51.779128" elapsed="0.000388"/>
</kw>
<kw name="Log" owner="BuiltIn">
<msg time="2024-08-09T03:17:51.780057" level="INFO">{'gender': 'female', 'name': {'title': 'Miss', 'first': 'Hayley', 'last': 'Wright'}, 'location': {'street': {'number': 8154, 'name': 'Willis Street'}, 'city': 'Dunedin', 'state': 'Nelson', 'country': 'New Zealand', 'postcode': 38172, 'coordinates': {'latitude': '52.7946', 'longitude': '177.2882'}, 'timezone': {'offset': '-7:00', 'description': 'Mountain Time (US &amp; Canada)'}}, 'email': 'hayley.wright@example.com', 'login': {'uuid': '6f42df27-5b9f-46ce-a9c4-9b1f978be1c2', 'username': 'crazymeercat750', 'password': 'salasana', 'salt': 'RJ9yW4jL', 'md5': 'e3e476165b633a4d761be4819a0aafd7', 'sha1': '8d9bb5ac04a0646f5eb7c47b6e4263902f213ab5', 'sha256': '61b353ee2bfd0419dd28a9b94470a8df68220c384d475ba84353d3fad23d72a6'}, 'dob': {'date': '1949-04-15T23:30:33.925Z', 'age': 75}, 'registered': {'date': '2021-06-04T23:21:39.257Z', 'age': 3}, 'phone': '(457)-917-1407', 'cell': '(673)-831-2876', 'id': {'name': '', 'value': None}, 'picture': {'large': 'https://randomuser.me/api/portraits/women/56.jpg', 'medium': 'https://randomuser.me/api/portraits/med/women/56.jpg', 'thumbnail': 'https://randomuser.me/api/portraits/thumb/women/56.jpg'}, 'nat': 'NZ'}</msg>
<arg>${json_data['results'][0]}</arg>
<doc>Logs the given message with the given level.</doc>
<status status="PASS" start="2024-08-09T03:17:51.779702" elapsed="0.000463"/>
</kw>
<kw name="Log" owner="BuiltIn">
<msg time="2024-08-09T03:17:51.780603" level="INFO">name</msg>
<arg>${key}</arg>
<doc>Logs the given message with the given level.</doc>
<status status="PASS" start="2024-08-09T03:17:51.780472" elapsed="0.000171"/>
</kw>
<var name="${key}">name</var>
<status status="PASS" start="2024-08-09T03:17:51.779009" elapsed="0.001854"/>
</iter>
<iter>
<kw name="Dictionary Should Contain Key" owner="Collections">
<arg>${json_data['results'][0]}</arg>
<arg>${key}</arg>
<doc>Fails if ``key`` is not found from ``dictionary``.</doc>
<status status="PASS" start="2024-08-09T03:17:51.781151" elapsed="0.000384"/>
</kw>
<kw name="Log" owner="BuiltIn">
<msg time="2024-08-09T03:17:51.782062" level="INFO">{'gender': 'female', 'name': {'title': 'Miss', 'first': 'Hayley', 'last': 'Wright'}, 'location': {'street': {'number': 8154, 'name': 'Willis Street'}, 'city': 'Dunedin', 'state': 'Nelson', 'country': 'New Zealand', 'postcode': 38172, 'coordinates': {'latitude': '52.7946', 'longitude': '177.2882'}, 'timezone': {'offset': '-7:00', 'description': 'Mountain Time (US &amp; Canada)'}}, 'email': 'hayley.wright@example.com', 'login': {'uuid': '6f42df27-5b9f-46ce-a9c4-9b1f978be1c2', 'username': 'crazymeercat750', 'password': 'salasana', 'salt': 'RJ9yW4jL', 'md5': 'e3e476165b633a4d761be4819a0aafd7', 'sha1': '8d9bb5ac04a0646f5eb7c47b6e4263902f213ab5', 'sha256': '61b353ee2bfd0419dd28a9b94470a8df68220c384d475ba84353d3fad23d72a6'}, 'dob': {'date': '1949-04-15T23:30:33.925Z', 'age': 75}, 'registered': {'date': '2021-06-04T23:21:39.257Z', 'age': 3}, 'phone': '(457)-917-1407', 'cell': '(673)-831-2876', 'id': {'name': '', 'value': None}, 'picture': {'large': 'https://randomuser.me/api/portraits/women/56.jpg', 'medium': 'https://randomuser.me/api/portraits/med/women/56.jpg', 'thumbnail': 'https://randomuser.me/api/portraits/thumb/women/56.jpg'}, 'nat': 'NZ'}</msg>
<arg>${json_data['results'][0]}</arg>
<doc>Logs the given message with the given level.</doc>
<status status="PASS" start="2024-08-09T03:17:51.781718" elapsed="0.000394"/>
</kw>
<kw name="Log" owner="BuiltIn">
<msg time="2024-08-09T03:17:51.782547" level="INFO">location</msg>
<arg>${key}</arg>
<doc>Logs the given message with the given level.</doc>
<status status="PASS" start="2024-08-09T03:17:51.782417" elapsed="0.000169"/>
</kw>
<var name="${key}">location</var>
<status status="PASS" start="2024-08-09T03:17:51.781041" elapsed="0.001761"/>
</iter>
<iter>
<kw name="Dictionary Should Contain Key" owner="Collections">
<arg>${json_data['results'][0]}</arg>
<arg>${key}</arg>
<doc>Fails if ``key`` is not found from ``dictionary``.</doc>
<status status="PASS" start="2024-08-09T03:17:51.783081" elapsed="0.000383"/>
</kw>
<kw name="Log" owner="BuiltIn">
<msg time="2024-08-09T03:17:51.784152" level="INFO">{'gender': 'female', 'name': {'title': 'Miss', 'first': 'Hayley', 'last': 'Wright'}, 'location': {'street': {'number': 8154, 'name': 'Willis Street'}, 'city': 'Dunedin', 'state': 'Nelson', 'country': 'New Zealand', 'postcode': 38172, 'coordinates': {'latitude': '52.7946', 'longitude': '177.2882'}, 'timezone': {'offset': '-7:00', 'description': 'Mountain Time (US &amp; Canada)'}}, 'email': 'hayley.wright@example.com', 'login': {'uuid': '6f42df27-5b9f-46ce-a9c4-9b1f978be1c2', 'username': 'crazymeercat750', 'password': 'salasana', 'salt': 'RJ9yW4jL', 'md5': 'e3e476165b633a4d761be4819a0aafd7', 'sha1': '8d9bb5ac04a0646f5eb7c47b6e4263902f213ab5', 'sha256': '61b353ee2bfd0419dd28a9b94470a8df68220c384d475ba84353d3fad23d72a6'}, 'dob': {'date': '1949-04-15T23:30:33.925Z', 'age': 75}, 'registered': {'date': '2021-06-04T23:21:39.257Z', 'age': 3}, 'phone': '(457)-917-1407', 'cell': '(673)-831-2876', 'id': {'name': '', 'value': None}, 'picture': {'large': 'https://randomuser.me/api/portraits/women/56.jpg', 'medium': 'https://randomuser.me/api/portraits/med/women/56.jpg', 'thumbnail': 'https://randomuser.me/api/portraits/thumb/women/56.jpg'}, 'nat': 'NZ'}</msg>
<arg>${json_data['results'][0]}</arg>
<doc>Logs the given message with the given level.</doc>
<status status="PASS" start="2024-08-09T03:17:51.783772" elapsed="0.000435"/>
</kw>
<kw name="Log" owner="BuiltIn">
<msg time="2024-08-09T03:17:51.784645" level="INFO">email</msg>
<arg>${key}</arg>
<doc>Logs the given message with the given level.</doc>
<status status="PASS" start="2024-08-09T03:17:51.784514" elapsed="0.000170"/>
</kw>
<var name="${key}">email</var>
<status status="PASS" start="2024-08-09T03:17:51.782972" elapsed="0.001929"/>
</iter>
<iter>
<kw name="Dictionary Should Contain Key" owner="Collections">
<arg>${json_data['results'][0]}</arg>
<arg>${key}</arg>
<doc>Fails if ``key`` is not found from ``dictionary``.</doc>
<status status="PASS" start="2024-08-09T03:17:51.785183" elapsed="0.000374"/>
</kw>
<kw name="Log" owner="BuiltIn">
<msg time="2024-08-09T03:17:51.786079" level="INFO">{'gender': 'female', 'name': {'title': 'Miss', 'first': 'Hayley', 'last': 'Wright'}, 'location': {'street': {'number': 8154, 'name': 'Willis Street'}, 'city': 'Dunedin', 'state': 'Nelson', 'country': 'New Zealand', 'postcode': 38172, 'coordinates': {'latitude': '52.7946', 'longitude': '177.2882'}, 'timezone': {'offset': '-7:00', 'description': 'Mountain Time (US &amp; Canada)'}}, 'email': 'hayley.wright@example.com', 'login': {'uuid': '6f42df27-5b9f-46ce-a9c4-9b1f978be1c2', 'username': 'crazymeercat750', 'password': 'salasana', 'salt': 'RJ9yW4jL', 'md5': 'e3e476165b633a4d761be4819a0aafd7', 'sha1': '8d9bb5ac04a0646f5eb7c47b6e4263902f213ab5', 'sha256': '61b353ee2bfd0419dd28a9b94470a8df68220c384d475ba84353d3fad23d72a6'}, 'dob': {'date': '1949-04-15T23:30:33.925Z', 'age': 75}, 'registered': {'date': '2021-06-04T23:21:39.257Z', 'age': 3}, 'phone': '(457)-917-1407', 'cell': '(673)-831-2876', 'id': {'name': '', 'value': None}, 'picture': {'large': 'https://randomuser.me/api/portraits/women/56.jpg', 'medium': 'https://randomuser.me/api/portraits/med/women/56.jpg', 'thumbnail': 'https://randomuser.me/api/portraits/thumb/women/56.jpg'}, 'nat': 'NZ'}</msg>
<arg>${json_data['results'][0]}</arg>
<doc>Logs the given message with the given level.</doc>
<status status="PASS" start="2024-08-09T03:17:51.785739" elapsed="0.000389"/>
</kw>
<kw name="Log" owner="BuiltIn">
<msg time="2024-08-09T03:17:51.786547" level="INFO">login</msg>
<arg>${key}</arg>
<doc>Logs the given message with the given level.</doc>
<status status="PASS" start="2024-08-09T03:17:51.786420" elapsed="0.000163"/>
</kw>
<var name="${key}">login</var>
<status status="PASS" start="2024-08-09T03:17:51.785074" elapsed="0.001724"/>
</iter>
<var>${key}</var>
<value>@{expected_keys}</value>
<status status="PASS" start="2024-08-09T03:17:51.776795" elapsed="0.010125"/>
</for>
<kw name="Create List" owner="BuiltIn">
<msg time="2024-08-09T03:17:51.787241" level="INFO">${expected_keysTwo} = ['username', 'password']</msg>
<var>${expected_keysTwo}</var>
<arg>username</arg>
<arg>password</arg>
<doc>Returns a list containing given items.</doc>
<status status="PASS" start="2024-08-09T03:17:51.787107" elapsed="0.000186"/>
</kw>
<for flavor="IN">
<iter>
<kw name="Dictionary Should Contain Key" owner="Collections">
<arg>${json_data['results'][0]['login']}</arg>
<arg>${keyTwo}</arg>
<doc>Fails if ``key`` is not found from ``dictionary``.</doc>
<status status="PASS" start="2024-08-09T03:17:51.787813" elapsed="0.000424"/>
</kw>
<kw name="Dictionary Should Contain Key" owner="Collections">
<arg>${json_data['results'][0]['login']}</arg>
<arg>${keyTwo}</arg>
<doc>Fails if ``key`` is not found from ``dictionary``.</doc>
<status status="PASS" start="2024-08-09T03:17:51.788432" elapsed="0.000369"/>
</kw>
<kw name="Log" owner="BuiltIn">
<msg time="2024-08-09T03:17:51.789106" level="INFO">username</msg>
<arg>${keyTwo}</arg>
<doc>Logs the given message with the given level.</doc>
<status status="PASS" start="2024-08-09T03:17:51.788984" elapsed="0.000161"/>
</kw>
<var name="${keyTwo}">username</var>
<status status="PASS" start="2024-08-09T03:17:51.787705" elapsed="0.001660"/>
</iter>
<iter>
<kw name="Dictionary Should Contain Key" owner="Collections">
<arg>${json_data['results'][0]['login']}</arg>
<arg>${keyTwo}</arg>
<doc>Fails if ``key`` is not found from ``dictionary``.</doc>
<status status="PASS" start="2024-08-09T03:17:51.789644" elapsed="0.000383"/>
</kw>
<kw name="Dictionary Should Contain Key" owner="Collections">
<arg>${json_data['results'][0]['login']}</arg>
<arg>${keyTwo}</arg>
<doc>Fails if ``key`` is not found from ``dictionary``.</doc>
<status status="PASS" start="2024-08-09T03:17:51.790204" elapsed="0.000374"/>
</kw>
<kw name="Log" owner="BuiltIn">
<msg time="2024-08-09T03:17:51.790873" level="INFO">password</msg>
<arg>${keyTwo}</arg>
<doc>Logs the given message with the given level.</doc>
<status status="PASS" start="2024-08-09T03:17:51.790754" elapsed="0.000155"/>
</kw>
<var name="${keyTwo}">password</var>
<status status="PASS" start="2024-08-09T03:17:51.789537" elapsed="0.001593"/>
</iter>
<var>${keyTwo}</var>
<value>@{expected_keysTwo}</value>
<status status="PASS" start="2024-08-09T03:17:51.787551" elapsed="0.003698"/>
</for>
<status status="PASS" start="2024-08-09T03:17:51.675578" elapsed="0.115810"/>
</kw>
<doc>Testa a estrutura da resposta da API.</doc>
<tag>testeEstruturaResposta</tag>
<status status="PASS" start="2024-08-09T03:17:51.674967" elapsed="0.116574"/>
</test>
<test id="s1-s1-t4" name="Validar tipos de dados" line="28">
<kw name="Teste de Tipos de Dados" owner="random-user-service">
<kw name="GET On Session" owner="RequestsLibrary">
<msg time="2024-08-09T03:17:51.873096" level="INFO">GET Request : url=https://randomuser.me/api 
 path_url=/api 
 headers={'User-Agent': 'python-requests/2.32.3', 'Accept-Encoding': 'gzip, deflate', 'Accept': '*/*', 'Connection': 'keep-alive'} 
 body=None 
 </msg>
<msg time="2024-08-09T03:17:51.873216" level="INFO">GET Response : url=https://randomuser.me/api 
 status=200, reason=OK 
 headers={'Date': 'Fri, 09 Aug 2024 03:17:51 GMT', 'Content-Type': 'application/json; charset=utf-8', 'Transfer-Encoding': 'chunked', 'Connection': 'keep-alive', 'X-Powered-By': 'Express', 'Access-Control-Allow-Origin': '*', 'Cache-Control': 'no-cache', 'ETag': 'W/"4a5-gLjnvmsMI9t0AaYXKmxkXOCgd6k"', 'Vary': 'Accept-Encoding', 'Content-Encoding': 'gzip', 'CF-Cache-Status': 'DYNAMIC', 'Report-To': '{"endpoints":[{"url":"https:\\/\\/a.nel.cloudflare.com\\/report\\/v4?s=WO7zeZ%2Fqr4Mfz0przlQBsQXzKEnuTNJbQHz%2FrNOEM3KR1iqngK9xNaYD%2BorzBl3zO7ODhRw%2Fux7pS21snAc4jWnH6chFQSOBC4v9T02DpzHkuaVnX8v%2BNO7EfPVjl2J2"}],"group":"cf-nel","max_age":604800}', 'NEL': '{"success_fraction":0,"report_to":"cf-nel","max_age":604800}', 'Server': 'cloudflare', 'CF-RAY': '8b049876bd2b07a4-IAD', 'alt-svc': 'h3=":443"; ma=86400'} 
 body={"results":[{"gender":"male","name":{"title":"Mr","first":"Rodrigo","last":"Oliveira"},"location":{"street":{"number":1352,"name":"Rua Espirito Santo "},"city":"Ibirité","state":"Roraima","country":"Brazil","postcode":30653,"coordinates":{"latitude":"-73.3683","longitude":"-8.3356"},"timezone":{"offset":"0:00","description":"Western Europe Time, London, Lisbon, Casablanca"}},"email":"rodrigo.oliveira@example.com","login":{"uuid":"db6256d3-951e-480a-b4f3-39fffec8b49e","username":"yellowduck309","password":"dale","salt":"Kvg5IdO8","md5":"926e2fc87af7d24183a29744590fb53b","sha1":"8dcf90960daed47acc8c32d60eb9a187d6c8052a","sha256":"c3962f5f374b74b100cb3f7d14cd1846d149b778d6ac8b3864e589a16ecf9ea2"},"dob":{"date":"1979-04-01T23:18:34.761Z","age":45},"registered":{"date":"2021-03-25T05:41:21.516Z","age":3},"phone":"(99) 7562-6826","cell":"(83) 2308-3881","id":{"name":"CPF","value":"626.715.691-98"},"picture":{"large":"https://randomuser.me/api/portraits/men/97.jpg","medium":"https://randomuser.me/api/portraits/med/men/97.jpg","thumbnail":"https://randomuser.me/api/portraits/thumb/men/97.jpg"},"nat":"BR"}],"info":{"seed":"7da6c4c6c677478b","results":1,"page":1,"version":"1.4"}} 
 </msg>
<msg time="2024-08-09T03:17:51.873299" level="INFO">/opt/hostedtoolcache/Python/3.12.4/x64/lib/python3.12/site-packages/urllib3/connectionpool.py:1099: InsecureRequestWarning: Unverified HTTPS request is being made to host 'randomuser.me'. Adding certificate verification is strongly advised. See: https://urllib3.readthedocs.io/en/latest/advanced-usage.html#tls-warnings
  warnings.warn(</msg>
<msg time="2024-08-09T03:17:51.873445" level="INFO">${response} = &lt;Response [200]&gt;</msg>
<var>${response}</var>
<arg>consultarAPI</arg>
<arg>/api</arg>
<doc>Sends a GET request on a previously created HTTP Session.</doc>
<status status="PASS" start="2024-08-09T03:17:51.794144" elapsed="0.079352"/>
</kw>
<kw name="Set Variable" owner="BuiltIn">
<msg time="2024-08-09T03:17:51.874751" level="INFO">${json_data} = {'results': [{'gender': 'male', 'name': {'title': 'Mr', 'first': 'Rodrigo', 'last': 'Oliveira'}, 'location': {'street': {'number': 1352, 'name': 'Rua Espirito Santo '}, 'city': 'Ibirité', 'state': 'Ro...</msg>
<var>${json_data}</var>
<arg>${response.json()}</arg>
<doc>Returns the given values which can then be assigned to a variables.</doc>
<status status="PASS" start="2024-08-09T03:17:51.874185" elapsed="0.000596"/>
</kw>
<kw name="Log" owner="BuiltIn">
<msg time="2024-08-09T03:17:51.875264" level="INFO">{'results': [{'gender': 'male', 'name': {'title': 'Mr', 'first': 'Rodrigo', 'last': 'Oliveira'}, 'location': {'street': {'number': 1352, 'name': 'Rua Espirito Santo '}, 'city': 'Ibirité', 'state': 'Roraima', 'country': 'Brazil', 'postcode': 30653, 'coordinates': {'latitude': '-73.3683', 'longitude': '-8.3356'}, 'timezone': {'offset': '0:00', 'description': 'Western Europe Time, London, Lisbon, Casablanca'}}, 'email': 'rodrigo.oliveira@example.com', 'login': {'uuid': 'db6256d3-951e-480a-b4f3-39fffec8b49e', 'username': 'yellowduck309', 'password': 'dale', 'salt': 'Kvg5IdO8', 'md5': '926e2fc87af7d24183a29744590fb53b', 'sha1': '8dcf90960daed47acc8c32d60eb9a187d6c8052a', 'sha256': 'c3962f5f374b74b100cb3f7d14cd1846d149b778d6ac8b3864e589a16ecf9ea2'}, 'dob': {'date': '1979-04-01T23:18:34.761Z', 'age': 45}, 'registered': {'date': '2021-03-25T05:41:21.516Z', 'age': 3}, 'phone': '(99) 7562-6826', 'cell': '(83) 2308-3881', 'id': {'name': 'CPF', 'value': '626.715.691-98'}, 'picture': {'large': 'https://randomuser.me/api/portraits/men/97.jpg', 'medium': 'https://randomuser.me/api/portraits/med/men/97.jpg', 'thumbnail': 'https://randomuser.me/api/portraits/thumb/men/97.jpg'}, 'nat': 'BR'}], 'info': {'seed': '7da6c4c6c677478b', 'results': 1, 'page': 1, 'version': '1.4'}}</msg>
<arg>${json_data}</arg>
<doc>Logs the given message with the given level.</doc>
<status status="PASS" start="2024-08-09T03:17:51.875097" elapsed="0.000229"/>
</kw>
<kw name="Should Be String" owner="String">
<arg>${json_data['results'][0]['gender']}</arg>
<doc>Fails if the given ``item`` is not a string.</doc>
<status status="PASS" start="2024-08-09T03:17:51.875626" elapsed="0.000369"/>
</kw>
<kw name="Should Match Regexp" owner="BuiltIn">
<arg>${json_data['results'][0]['email']}</arg>
<arg>^[a-zA-Z0-9._%+-]+@[a-zA-Z0-9.-]+\.[a-zA-Z]{2,}$</arg>
<doc>Fails if ``string`` does not match ``pattern`` as a regular expression.</doc>
<status status="PASS" start="2024-08-09T03:17:51.876273" elapsed="0.000531"/>
</kw>
<kw name="Should Match Regexp" owner="BuiltIn">
<arg>${json_data['results'][0]['dob']['date']}</arg>
<arg>\\d{4}-\\d{2}-\\d{2}T\\d{2}:\\d{2}:\\d{2}\\.\\d{3}Z</arg>
<doc>Fails if ``string`` does not match ``pattern`` as a regular expression.</doc>
<status status="PASS" start="2024-08-09T03:17:51.877001" elapsed="0.000645"/>
</kw>
<kw name="Should Match Regexp" owner="BuiltIn">
<arg>${json_data['results'][0]['registered']['date']}</arg>
<arg>\\d{4}-\\d{2}-\\d{2}T\\d{2}:\\d{2}:\\d{2}\\.\\d{3}Z</arg>
<doc>Fails if ``string`` does not match ``pattern`` as a regular expression.</doc>
<status status="PASS" start="2024-08-09T03:17:51.877841" elapsed="0.000373"/>
</kw>
<kw name="Should Match Regexp" owner="BuiltIn">
<arg>${json_data['results'][0]['picture']['large']}</arg>
<arg>^https?://.*\.(?:png|jpe?g|gif|bmp)$</arg>
<doc>Fails if ``string`` does not match ``pattern`` as a regular expression.</doc>
<status status="PASS" start="2024-08-09T03:17:51.878399" elapsed="0.000465"/>
</kw>
<kw name="Should Match Regexp" owner="BuiltIn">
<arg>${json_data['results'][0]['picture']['medium']}</arg>
<arg>^https?://.*\.(?:png|jpe?g|gif|bmp)$</arg>
<doc>Fails if ``string`` does not match ``pattern`` as a regular expression.</doc>
<status status="PASS" start="2024-08-09T03:17:51.879052" elapsed="0.000361"/>
</kw>
<kw name="Should Match Regexp" owner="BuiltIn">
<arg>${json_data['results'][0]['picture']['thumbnail']}</arg>
<arg>^https?://.*\.(?:png|jpe?g|gif|bmp)$</arg>
<doc>Fails if ``string`` does not match ``pattern`` as a regular expression.</doc>
<status status="PASS" start="2024-08-09T03:17:51.879596" elapsed="0.000350"/>
</kw>
<kw name="Log" owner="BuiltIn">
<msg time="2024-08-09T03:17:51.880494" level="INFO">{'large': 'https://randomuser.me/api/portraits/men/97.jpg', 'medium': 'https://randomuser.me/api/portraits/med/men/97.jpg', 'thumbnail': 'https://randomuser.me/api/portraits/thumb/men/97.jpg'}</msg>
<arg>${json_data['results'][0]['picture']}</arg>
<doc>Logs the given message with the given level.</doc>
<status status="PASS" start="2024-08-09T03:17:51.880153" elapsed="0.000385"/>
</kw>
<status status="PASS" start="2024-08-09T03:17:51.793920" elapsed="0.086879"/>
</kw>
<kw name="Teste de Tipos de Dados - Postcode" owner="random-user-service">
<kw name="GET On Session" owner="RequestsLibrary">
<msg time="2024-08-09T03:17:51.964388" level="INFO">GET Request : url=https://randomuser.me/api 
 path_url=/api 
 headers={'User-Agent': 'python-requests/2.32.3', 'Accept-Encoding': 'gzip, deflate', 'Accept': '*/*', 'Connection': 'keep-alive'} 
 body=None 
 </msg>
<msg time="2024-08-09T03:17:51.964492" level="INFO">GET Response : url=https://randomuser.me/api 
 status=200, reason=OK 
 headers={'Date': 'Fri, 09 Aug 2024 03:17:51 GMT', 'Content-Type': 'application/json; charset=utf-8', 'Transfer-Encoding': 'chunked', 'Connection': 'keep-alive', 'X-Powered-By': 'Express', 'Access-Control-Allow-Origin': '*', 'Cache-Control': 'no-cache', 'ETag': 'W/"4bd-XQXvt8l9kmhAnpEFG6wZbGkOIgE"', 'Vary': 'Accept-Encoding', 'Content-Encoding': 'gzip', 'CF-Cache-Status': 'DYNAMIC', 'Report-To': '{"endpoints":[{"url":"https:\\/\\/a.nel.cloudflare.com\\/report\\/v4?s=K3rtWfzNdjoupYMl0fFHW8nmyCP3lHq2AlqMJteX4Nt14dubb1PnNT7ZpE3k%2FUww0ix67AP0ZQWjTz1prSiw79jfcPHqkUJYo9LaFs6YTrQsM46zVzrI8ahgF7ptH7IN"}],"group":"cf-nel","max_age":604800}', 'NEL': '{"success_fraction":0,"report_to":"cf-nel","max_age":604800}', 'Server': 'cloudflare', 'CF-RAY': '8b0498774df907a4-IAD', 'alt-svc': 'h3=":443"; ma=86400'} 
 body={"results":[{"gender":"female","name":{"title":"Miss","first":"Francelina","last":"da Conceição"},"location":{"street":{"number":6182,"name":"Rua Minas Gerais "},"city":"Itaguaí","state":"Bahia","country":"Brazil","postcode":46495,"coordinates":{"latitude":"-76.7568","longitude":"73.6095"},"timezone":{"offset":"0:00","description":"Western Europe Time, London, Lisbon, Casablanca"}},"email":"francelina.daconceicao@example.com","login":{"uuid":"53379662-6474-4f12-b07c-ce4e2bd6998b","username":"smallrabbit895","password":"jeter2","salt":"rCt9fi8c","md5":"18cdd4e50459e642090247ac2b1d63be","sha1":"0fca1cc8589d9907429fb4178c91f6ac24c9ad52","sha256":"cdc9a7de0984d11716e38b10df2062141eeb7bad2f2d4d5eea50a3e3b6c06dfe"},"dob":{"date":"1959-07-07T10:36:24.678Z","age":65},"registered":{"date":"2020-11-13T12:05:09.774Z","age":3},"phone":"(78) 3665-7891","cell":"(53) 7654-5965","id":{"name":"CPF","value":"628.510.510-28"},"picture":{"large":"https://randomuser.me/api/portraits/women/14.jpg","medium":"https://randomuser.me/api/portraits/med/women/14.jpg","thumbnail":"https://randomuser.me/api/portraits/thumb/women/14.jpg"},"nat":"BR"}],"info":{"seed":"cf2bd68166126b4b","results":1,"page":1,"version":"1.4"}} 
 </msg>
<msg time="2024-08-09T03:17:51.964571" level="INFO">/opt/hostedtoolcache/Python/3.12.4/x64/lib/python3.12/site-packages/urllib3/connectionpool.py:1099: InsecureRequestWarning: Unverified HTTPS request is being made to host 'randomuser.me'. Adding certificate verification is strongly advised. See: https://urllib3.readthedocs.io/en/latest/advanced-usage.html#tls-warnings
  warnings.warn(</msg>
<msg time="2024-08-09T03:17:51.964710" level="INFO">${response} = &lt;Response [200]&gt;</msg>
<var>${response}</var>
<arg>consultarAPI</arg>
<arg>/api</arg>
<doc>Sends a GET request on a previously created HTTP Session.</doc>
<status status="PASS" start="2024-08-09T03:17:51.881260" elapsed="0.083500"/>
</kw>
<kw name="Set Variable" owner="BuiltIn">
<msg time="2024-08-09T03:17:51.965945" level="INFO">${json_data} = {'results': [{'gender': 'female', 'name': {'title': 'Miss', 'first': 'Francelina', 'last': 'da Conceição'}, 'location': {'street': {'number': 6182, 'name': 'Rua Minas Gerais '}, 'city': 'Itaguaí', 'st...</msg>
<var>${json_data}</var>
<arg>${response.json()}</arg>
<doc>Returns the given values which can then be assigned to a variables.</doc>
<status status="PASS" start="2024-08-09T03:17:51.965368" elapsed="0.000608"/>
</kw>
<kw name="Log" owner="BuiltIn">
<msg time="2024-08-09T03:17:51.966454" level="INFO">{'results': [{'gender': 'female', 'name': {'title': 'Miss', 'first': 'Francelina', 'last': 'da Conceição'}, 'location': {'street': {'number': 6182, 'name': 'Rua Minas Gerais '}, 'city': 'Itaguaí', 'state': 'Bahia', 'country': 'Brazil', 'postcode': 46495, 'coordinates': {'latitude': '-76.7568', 'longitude': '73.6095'}, 'timezone': {'offset': '0:00', 'description': 'Western Europe Time, London, Lisbon, Casablanca'}}, 'email': 'francelina.daconceicao@example.com', 'login': {'uuid': '53379662-6474-4f12-b07c-ce4e2bd6998b', 'username': 'smallrabbit895', 'password': 'jeter2', 'salt': 'rCt9fi8c', 'md5': '18cdd4e50459e642090247ac2b1d63be', 'sha1': '0fca1cc8589d9907429fb4178c91f6ac24c9ad52', 'sha256': 'cdc9a7de0984d11716e38b10df2062141eeb7bad2f2d4d5eea50a3e3b6c06dfe'}, 'dob': {'date': '1959-07-07T10:36:24.678Z', 'age': 65}, 'registered': {'date': '2020-11-13T12:05:09.774Z', 'age': 3}, 'phone': '(78) 3665-7891', 'cell': '(53) 7654-5965', 'id': {'name': 'CPF', 'value': '628.510.510-28'}, 'picture': {'large': 'https://randomuser.me/api/portraits/women/14.jpg', 'medium': 'https://randomuser.me/api/portraits/med/women/14.jpg', 'thumbnail': 'https://randomuser.me/api/portraits/thumb/women/14.jpg'}, 'nat': 'BR'}], 'info': {'seed': 'cf2bd68166126b4b', 'results': 1, 'page': 1, 'version': '1.4'}}</msg>
<arg>${json_data}</arg>
<doc>Logs the given message with the given level.</doc>
<status status="PASS" start="2024-08-09T03:17:51.966291" elapsed="0.000213"/>
</kw>
<kw name="Should Be Equal As Numbers" owner="BuiltIn">
<arg>${json_data['results'][0]['location']['postcode']}</arg>
<arg>${json_data['results'][0]['location']['postcode']}</arg>
<doc>Fails if objects are unequal after converting them to real numbers.</doc>
<status status="PASS" start="2024-08-09T03:17:51.966806" elapsed="0.000634"/>
</kw>
<kw name="Log" owner="BuiltIn">
<msg time="2024-08-09T03:17:51.968059" level="INFO">46495</msg>
<arg>${json_data['results'][0]['location']['postcode']}</arg>
<doc>Logs the given message with the given level.</doc>
<status status="PASS" start="2024-08-09T03:17:51.967687" elapsed="0.000453"/>
</kw>
<status status="PASS" start="2024-08-09T03:17:51.881024" elapsed="0.087397"/>
</kw>
<doc>Testa se os tipos de dados na resposta da API estão corretos.</doc>
<tag>testeTiposDados</tag>
<status status="PASS" start="2024-08-09T03:17:51.793359" elapsed="0.175236"/>
</test>
<test id="s1-s1-t5" name="Validar conteudo" line="35">
<kw name="Teste de Tipos de Conteudo" owner="random-user-service">
<kw name="GET On Session" owner="RequestsLibrary">
<msg time="2024-08-09T03:17:52.075617" level="INFO">GET Request : url=https://randomuser.me/api 
 path_url=/api 
 headers={'User-Agent': 'python-requests/2.32.3', 'Accept-Encoding': 'gzip, deflate', 'Accept': '*/*', 'Connection': 'keep-alive'} 
 body=None 
 </msg>
<msg time="2024-08-09T03:17:52.075719" level="INFO">GET Response : url=https://randomuser.me/api 
 status=200, reason=OK 
 headers={'Date': 'Fri, 09 Aug 2024 03:17:52 GMT', 'Content-Type': 'application/json; charset=utf-8', 'Transfer-Encoding': 'chunked', 'Connection': 'keep-alive', 'X-Powered-By': 'Express', 'Access-Control-Allow-Origin': '*', 'Cache-Control': 'no-cache', 'ETag': 'W/"4a8-kEMysku751+6RbfAIRnoQoaMYhg"', 'Vary': 'Accept-Encoding', 'Content-Encoding': 'gzip', 'CF-Cache-Status': 'DYNAMIC', 'Report-To': '{"endpoints":[{"url":"https:\\/\\/a.nel.cloudflare.com\\/report\\/v4?s=3b1MXP%2BrRZXAMXkRJHU%2BVgMTc5MnQLZXrjjSMmjpAWPGn%2F%2FegKFFQvzds2GrD3GhKvmbjwB4nmO8EjYhck9zbHZbkNo5WxaBvnBk5WDxeZ%2FyTYn3aboJVN5jPzvNRiGk"}],"group":"cf-nel","max_age":604800}', 'NEL': '{"success_fraction":0,"report_to":"cf-nel","max_age":604800}', 'Server': 'cloudflare', 'CF-RAY': '8b049877dec607a4-IAD', 'alt-svc': 'h3=":443"; ma=86400'} 
 body={"results":[{"gender":"female","name":{"title":"Ms","first":"Minerva","last":"Holguín"},"location":{"street":{"number":3235,"name":"Peatonal Garza"},"city":"San Juan de Abajo","state":"Hidalgo","country":"Mexico","postcode":98990,"coordinates":{"latitude":"26.6261","longitude":"141.8169"},"timezone":{"offset":"+8:00","description":"Beijing, Perth, Singapore, Hong Kong"}},"email":"minerva.holguin@example.com","login":{"uuid":"b6ad5bb6-ff64-4944-aab9-500c13e1d8cb","username":"orangefrog149","password":"rebecca1","salt":"7xpJqqjN","md5":"c83a617e2aff55edc6bf5024efc11957","sha1":"c6e2c966ecd054fdb8b31c99f0e220c2eadaa069","sha256":"1e7e01d01dd57797fcba9cfe1cecf3307d9acc52e92b4315e0b6affd25b0d706"},"dob":{"date":"1947-02-16T21:26:10.579Z","age":77},"registered":{"date":"2018-04-24T02:12:20.198Z","age":6},"phone":"(628) 185 7767","cell":"(646) 411 3476","id":{"name":"NSS","value":"57 99 47 2458 3"},"picture":{"large":"https://randomuser.me/api/portraits/women/7.jpg","medium":"https://randomuser.me/api/portraits/med/women/7.jpg","thumbnail":"https://randomuser.me/api/portraits/thumb/women/7.jpg"},"nat":"MX"}],"info":{"seed":"62c155fa651f4689","results":1,"page":1,"version":"1.4"}} 
 </msg>
<msg time="2024-08-09T03:17:52.075791" level="INFO">/opt/hostedtoolcache/Python/3.12.4/x64/lib/python3.12/site-packages/urllib3/connectionpool.py:1099: InsecureRequestWarning: Unverified HTTPS request is being made to host 'randomuser.me'. Adding certificate verification is strongly advised. See: https://urllib3.readthedocs.io/en/latest/advanced-usage.html#tls-warnings
  warnings.warn(</msg>
<msg time="2024-08-09T03:17:52.075913" level="INFO">${response} = &lt;Response [200]&gt;</msg>
<var>${response}</var>
<arg>consultarAPI</arg>
<arg>/api</arg>
<doc>Sends a GET request on a previously created HTTP Session.</doc>
<status status="PASS" start="2024-08-09T03:17:51.971153" elapsed="0.104800"/>
</kw>
<kw name="Set Variable" owner="BuiltIn">
<msg time="2024-08-09T03:17:52.077257" level="INFO">${json_data} = {'results': [{'gender': 'female', 'name': {'title': 'Ms', 'first': 'Minerva', 'last': 'Holguín'}, 'location': {'street': {'number': 3235, 'name': 'Peatonal Garza'}, 'city': 'San Juan de Abajo', 'state...</msg>
<var>${json_data}</var>
<arg>${response.json()}</arg>
<doc>Returns the given values which can then be assigned to a variables.</doc>
<status status="PASS" start="2024-08-09T03:17:52.076629" elapsed="0.000658"/>
</kw>
<kw name="Set Variable" owner="BuiltIn">
<msg time="2024-08-09T03:17:52.078002" level="INFO">${name_title} = Ms</msg>
<var>${name_title}</var>
<arg>${json_data["results"][0]["name"]["title"]}</arg>
<doc>Returns the given values which can then be assigned to a variables.</doc>
<status status="PASS" start="2024-08-09T03:17:52.077609" elapsed="0.000420"/>
</kw>
<kw name="Create List" owner="BuiltIn">
<msg time="2024-08-09T03:17:52.078499" level="INFO">${allowed_titles} = ['Mr', 'Ms', 'Miss', 'Mrs', 'Madame', 'Monsieur']</msg>
<var>${allowed_titles}</var>
<arg>Mr</arg>
<arg>Ms</arg>
<arg>Miss</arg>
<arg>Mrs</arg>
<arg>Madame</arg>
<arg>Monsieur</arg>
<doc>Returns a list containing given items.</doc>
<status status="PASS" start="2024-08-09T03:17:52.078342" elapsed="0.000183"/>
</kw>
<kw name="List Should Contain Value" owner="Collections">
<arg>${allowed_titles}</arg>
<arg>${name_title}</arg>
<doc>Fails if the ``value`` is not found from ``list``.</doc>
<status status="PASS" start="2024-08-09T03:17:52.078837" elapsed="0.000183"/>
</kw>
<kw name="Set Variable" owner="BuiltIn">
<msg time="2024-08-09T03:17:52.079599" level="INFO">${name_country} = MX</msg>
<var>${name_country}</var>
<arg>${json_data["results"][0]["nat"]}</arg>
<doc>Returns the given values which can then be assigned to a variables.</doc>
<status status="PASS" start="2024-08-09T03:17:52.079213" elapsed="0.000412"/>
</kw>
<kw name="Create List" owner="BuiltIn">
<msg time="2024-08-09T03:17:52.080577" level="INFO">${list_country} = ['AD', 'AE', 'AF', 'AG', 'AI', 'AL', 'AM', 'AO', 'AQ', 'AR', 'AS', 'AT', 'AU', 'AW', 'AX', 'AZ', 'BA', 'BB', 'BD', 'BE', 'BF', 'BG', 'BH', 'BI', 'BJ', 'BL', 'BM', 'BN', 'BO', 'BQ', 'BR', 'BS', 'BT', '...</msg>
<var>${list_country}</var>
<arg>AD</arg>
<arg>AE</arg>
<arg>AF</arg>
<arg>AG</arg>
<arg>AI</arg>
<arg>AL</arg>
<arg>AM</arg>
<arg>AO</arg>
<arg>AQ</arg>
<arg>AR</arg>
<arg>AS</arg>
<arg>AT</arg>
<arg>AU</arg>
<arg>AW</arg>
<arg>AX</arg>
<arg>AZ</arg>
<arg>BA</arg>
<arg>BB</arg>
<arg>BD</arg>
<arg>BE</arg>
<arg>BF</arg>
<arg>BG</arg>
<arg>BH</arg>
<arg>BI</arg>
<arg>BJ</arg>
<arg>BL</arg>
<arg>BM</arg>
<arg>BN</arg>
<arg>BO</arg>
<arg>BQ</arg>
<arg>BR</arg>
<arg>BS</arg>
<arg>BT</arg>
<arg>BV</arg>
<arg>BW</arg>
<arg>BY</arg>
<arg>BZ</arg>
<arg>CA</arg>
<arg>CC</arg>
<arg>CD</arg>
<arg>CF</arg>
<arg>CG</arg>
<arg>CH</arg>
<arg>CI</arg>
<arg>CK</arg>
<arg>CL</arg>
<arg>CM</arg>
<arg>CN</arg>
<arg>CO</arg>
<arg>CR</arg>
<arg>CU</arg>
<arg>CV</arg>
<arg>CW</arg>
<arg>CX</arg>
<arg>CY</arg>
<arg>CZ</arg>
<arg>DE</arg>
<arg>DJ</arg>
<arg>DK</arg>
<arg>DM</arg>
<arg>DO</arg>
<arg>DZ</arg>
<arg>EC</arg>
<arg>EE</arg>
<arg>EG</arg>
<arg>EH</arg>
<arg>ER</arg>
<arg>ES</arg>
<arg>ET</arg>
<arg>FI</arg>
<arg>FJ</arg>
<arg>FK</arg>
<arg>FM</arg>
<arg>FO</arg>
<arg>FR</arg>
<arg>GA</arg>
<arg>GB</arg>
<arg>GD</arg>
<arg>GE</arg>
<arg>GF</arg>
<arg>GG</arg>
<arg>GH</arg>
<arg>GI</arg>
<arg>GL</arg>
<arg>GM</arg>
<arg>GN</arg>
<arg>GP</arg>
<arg>GQ</arg>
<arg>GR</arg>
<arg>GS</arg>
<arg>GT</arg>
<arg>GU</arg>
<arg>GW</arg>
<arg>GY</arg>
<arg>HK</arg>
<arg>HM</arg>
<arg>HN</arg>
<arg>HR</arg>
<arg>HT</arg>
<arg>HU</arg>
<arg>ID</arg>
<arg>IE</arg>
<arg>IL</arg>
<arg>IM</arg>
<arg>IN</arg>
<arg>IO</arg>
<arg>IQ</arg>
<arg>IR</arg>
<arg>IS</arg>
<arg>IT</arg>
<arg>JE</arg>
<arg>JM</arg>
<arg>JO</arg>
<arg>JP</arg>
<arg>KE</arg>
<arg>KG</arg>
<arg>KH</arg>
<arg>KI</arg>
<arg>KM</arg>
<arg>KN</arg>
<arg>KP</arg>
<arg>KR</arg>
<arg>KW</arg>
<arg>KY</arg>
<arg>KZ</arg>
<arg>LA</arg>
<arg>LB</arg>
<arg>LC</arg>
<arg>LI</arg>
<arg>LK</arg>
<arg>LR</arg>
<arg>LS</arg>
<arg>LT</arg>
<arg>LU</arg>
<arg>LV</arg>
<arg>LY</arg>
<arg>MA</arg>
<arg>MC</arg>
<arg>MD</arg>
<arg>ME</arg>
<arg>MF</arg>
<arg>MG</arg>
<arg>MH</arg>
<arg>MK</arg>
<arg>ML</arg>
<arg>MM</arg>
<arg>MN</arg>
<arg>MO</arg>
<arg>MP</arg>
<arg>MQ</arg>
<arg>MR</arg>
<arg>MS</arg>
<arg>MT</arg>
<arg>MU</arg>
<arg>MV</arg>
<arg>MW</arg>
<arg>MX</arg>
<arg>MY</arg>
<arg>MZ</arg>
<arg>NA</arg>
<arg>NC</arg>
<arg>NE</arg>
<arg>NF</arg>
<arg>NG</arg>
<arg>NI</arg>
<arg>NL</arg>
<arg>NO</arg>
<arg>NP</arg>
<arg>NR</arg>
<arg>NU</arg>
<arg>NZ</arg>
<arg>OM</arg>
<arg>PA</arg>
<arg>PE</arg>
<arg>PF</arg>
<arg>PG</arg>
<arg>PH</arg>
<arg>PK</arg>
<arg>PL</arg>
<arg>PM</arg>
<arg>PN</arg>
<arg>PR</arg>
<arg>PS</arg>
<arg>PT</arg>
<arg>PW</arg>
<arg>PY</arg>
<arg>QA</arg>
<arg>RE</arg>
<arg>RO</arg>
<arg>RS</arg>
<arg>RU</arg>
<arg>RW</arg>
<arg>SA</arg>
<arg>SB</arg>
<arg>SC</arg>
<arg>SD</arg>
<arg>SE</arg>
<arg>SG</arg>
<arg>SH</arg>
<arg>SI</arg>
<arg>SJ</arg>
<arg>SK</arg>
<arg>SL</arg>
<arg>SM</arg>
<arg>SN</arg>
<arg>SO</arg>
<arg>SR</arg>
<arg>SS</arg>
<arg>ST</arg>
<arg>SV</arg>
<arg>SX</arg>
<arg>SY</arg>
<arg>SZ</arg>
<arg>TC</arg>
<arg>TD</arg>
<arg>TF</arg>
<arg>TG</arg>
<arg>TH</arg>
<arg>TJ</arg>
<arg>TK</arg>
<arg>TL</arg>
<arg>TM</arg>
<arg>TN</arg>
<arg>TO</arg>
<arg>TR</arg>
<arg>TT</arg>
<arg>TV</arg>
<arg>TW</arg>
<arg>TZ</arg>
<arg>UA</arg>
<arg>UG</arg>
<arg>UM</arg>
<arg>US</arg>
<arg>UY</arg>
<arg>UZ</arg>
<arg>VA</arg>
<arg>VC</arg>
<arg>VE</arg>
<arg>VG</arg>
<arg>VI</arg>
<arg>VN</arg>
<arg>VU</arg>
<arg>WF</arg>
<arg>WS</arg>
<arg>XK</arg>
<arg>YE</arg>
<arg>YT</arg>
<arg>ZA</arg>
<arg>ZM</arg>
<arg>ZW</arg>
<doc>Returns a list containing given items.</doc>
<status status="PASS" start="2024-08-09T03:17:52.079939" elapsed="0.000664"/>
</kw>
<kw name="List Should Contain Value" owner="Collections">
<arg>${list_country}</arg>
<arg>${name_country}</arg>
<doc>Fails if the ``value`` is not found from ``list``.</doc>
<status status="PASS" start="2024-08-09T03:17:52.081605" elapsed="0.000220"/>
</kw>
<kw name="Run Keyword If" owner="BuiltIn">
<kw name="Should Be True" owner="BuiltIn">
<arg>${True}</arg>
<doc>Fails if the given condition is not true.</doc>
<status status="PASS" start="2024-08-09T03:17:52.082789" elapsed="0.000146"/>
</kw>
<arg>${json_data["results"][0]["location"]["coordinates"]["latitude"]} &gt;= -90 and ${json_data["results"][0]["location"]["coordinates"]["latitude"]} &lt;= 90</arg>
<arg>Should Be True</arg>
<arg>${True}</arg>
<doc>Runs the given keyword with the given arguments, if ``condition`` is true.</doc>
<status status="PASS" start="2024-08-09T03:17:52.082032" elapsed="0.001030"/>
</kw>
<kw name="Run Keyword If" owner="BuiltIn">
<kw name="Should Be True" owner="BuiltIn">
<arg>${True}</arg>
<doc>Fails if the given condition is not true.</doc>
<status status="PASS" start="2024-08-09T03:17:52.083936" elapsed="0.000139"/>
</kw>
<arg>${json_data["results"][0]["location"]["coordinates"]["longitude"]} &gt;= -180 and ${json_data["results"][0]["location"]["coordinates"]["longitude"]} &lt;= 180</arg>
<arg>Should Be True</arg>
<arg>${True}</arg>
<doc>Runs the given keyword with the given arguments, if ``condition`` is true.</doc>
<status status="PASS" start="2024-08-09T03:17:52.083244" elapsed="0.000987"/>
</kw>
<status status="PASS" start="2024-08-09T03:17:51.970927" elapsed="0.113440"/>
</kw>
<doc>Testa o conteúdo específico dos campos retornados pela API.</doc>
<tag>testeConteudo</tag>
<status status="PASS" start="2024-08-09T03:17:51.970380" elapsed="0.114146"/>
</test>
<status status="PASS" start="2024-08-09T03:17:51.145028" elapsed="0.941517"/>
</suite>
<status status="PASS" start="2024-08-09T03:17:51.130615" elapsed="0.961123"/>
</suite>
<statistics>
<total>
<stat pass="5" fail="0" skip="0">All Tests</stat>
</total>
<tag>
<stat pass="1" fail="0" skip="0">testeConteudo</stat>
<stat pass="1" fail="0" skip="0">testeEstruturaResposta</stat>
<stat pass="1" fail="0" skip="0">testeRequisicaoBasica</stat>
<stat pass="1" fail="0" skip="0">testeTiposDados</stat>
</tag>
<suite>
<stat pass="5" fail="0" skip="0" id="s1" name="Tests">Tests</stat>
<stat pass="5" fail="0" skip="0" id="s1-s1" name="Random-User-Test">Tests.Random-User-Test</stat>
</suite>
</statistics>
<errors>
</errors>
</robot>
