<?xml version="1.0" encoding="UTF-8"?>
<robot generator="Robot 7.0 (Python 3.12.3 on linux)" generated="2024-05-10T10:15:23.195074" rpa="false" schemaversion="5">
<suite id="s1" name="Tests" source="/home/runner/work/DesafioQAItauRogerioJordao/DesafioQAItauRogerioJordao/RamdonUser/tests">
<suite id="s1-s1" name="Random-User-Test" source="/home/runner/work/DesafioQAItauRogerioJordao/DesafioQAItauRogerioJordao/RamdonUser/tests/random-user-test.robot">
<test id="s1-s1-t1" name="Conectar" line="13">
<kw name="Conectar API" owner="random-user-service">
<kw name="Create Session" owner="RequestsLibrary">
<msg time="2024-05-10T10:15:23.558513" level="INFO">Creating Session using : alias=consultarAPI, url=https://randomuser.me/, headers={},                     cookies={}, auth=None, timeout=None, proxies=None, verify=False,                     debug=0 </msg>
<arg>consultarAPI</arg>
<arg>${URL}</arg>
<doc>Create Session: create a HTTP session to a server</doc>
<status status="PASS" start="2024-05-10T10:15:23.558321" elapsed="0.000357"/>
</kw>
<status status="PASS" start="2024-05-10T10:15:23.557412" elapsed="0.001635"/>
</kw>
<status status="PASS" start="2024-05-10T10:15:23.556849" elapsed="0.002389"/>
</test>
<test id="s1-s1-t2" name="Validar retorno 200 e JSON Válido" line="16">
<kw name="Teste de Requisicao Basica" owner="random-user-service">
<kw name="GET On Session" owner="RequestsLibrary">
<msg time="2024-05-10T10:15:24.130574" level="INFO">GET Request : url=https://randomuser.me/api 
 path_url=/api 
 headers={'User-Agent': 'python-requests/2.31.0', 'Accept-Encoding': 'gzip, deflate', 'Accept': '*/*', 'Connection': 'keep-alive'} 
 body=None 
 </msg>
<msg time="2024-05-10T10:15:24.130743" level="INFO">GET Response : url=https://randomuser.me/api 
 status=200, reason=OK 
 headers={'Date': 'Fri, 10 May 2024 10:15:24 GMT', 'Content-Type': 'application/json; charset=utf-8', 'Transfer-Encoding': 'chunked', 'Connection': 'keep-alive', 'X-Powered-By': 'Express', 'Access-Control-Allow-Origin': '*', 'Cache-Control': 'no-cache', 'ETag': 'W/"47e-B7Gw1zO06QBiwPPgb13wGQeDeiE"', 'Vary': 'Accept-Encoding', 'Content-Encoding': 'gzip', 'CF-Cache-Status': 'DYNAMIC', 'Report-To': '{"endpoints":[{"url":"https:\\/\\/a.nel.cloudflare.com\\/report\\/v4?s=adODpIJJZIb64SCa91IqmxR4AJCuuIcgoAo2Xc3hPprdv9jwNu5eTXLCssVDgBS0Bzt7y2x%2Fd5gP1T9uT8TliAanPwBjw64UUXRliq9BAGWoC0Fd0w8dI%2F9smFLvW3yg"}],"group":"cf-nel","max_age":604800}', 'NEL': '{"success_fraction":0,"report_to":"cf-nel","max_age":604800}', 'Server': 'cloudflare', 'CF-RAY': '88192af47e525955-IAD', 'alt-svc': 'h3=":443"; ma=86400'} 
 body={"results":[{"gender":"female","name":{"title":"Mrs","first":"Kapitolina","last":"Nizhnik"},"location":{"street":{"number":8902,"name":"Bashtanna"},"city":"Globine","state":"Ternopilska","country":"Ukraine","postcode":63747,"coordinates":{"latitude":"76.9560","longitude":"6.5425"},"timezone":{"offset":"+9:30","description":"Adelaide, Darwin"}},"email":"kapitolina.nizhnik@example.com","login":{"uuid":"596ee03c-9797-43b3-8af6-b5dee2a30546","username":"greenpanda428","password":"vodka","salt":"CIBlUmWO","md5":"b67588b0476f147d77e6aa03edc6b7e3","sha1":"9f5839769cf604b42f05b684e17ac895af1a8c9c","sha256":"0ce9e3f2eebc72b019cd4c96ac9503ec018e05a08ba3a6dfdede808c7c857f8d"},"dob":{"date":"1991-07-20T01:44:34.095Z","age":32},"registered":{"date":"2020-06-23T03:15:56.674Z","age":3},"phone":"(067) R20-3238","cell":"(097) J33-3262","id":{"name":"","value":null},"picture":{"large":"https://randomuser.me/api/portraits/women/86.jpg","medium":"https://randomuser.me/api/portraits/med/women/86.jpg","thumbnail":"https://randomuser.me/api/portraits/thumb/women/86.jpg"},"nat":"UA"}],"info":{"seed":"19c9bc0158cbd87b","results":1,"page":1,"version":"1.4"}} 
 </msg>
<msg time="2024-05-10T10:15:24.130838" level="INFO">/opt/hostedtoolcache/Python/3.12.3/x64/lib/python3.12/site-packages/urllib3/connectionpool.py:1103: InsecureRequestWarning: Unverified HTTPS request is being made to host 'randomuser.me'. Adding certificate verification is strongly advised. See: https://urllib3.readthedocs.io/en/latest/advanced-usage.html#tls-warnings
  warnings.warn(</msg>
<msg time="2024-05-10T10:15:24.131044" level="INFO">${response} = &lt;Response [200]&gt;</msg>
<var>${response}</var>
<arg>consultarAPI</arg>
<arg>/api</arg>
<doc>Sends a GET request on a previously created HTTP Session.</doc>
<status status="PASS" start="2024-05-10T10:15:23.561810" elapsed="0.569274"/>
</kw>
<kw name="Should Be Equal As Numbers" owner="BuiltIn">
<msg time="2024-05-10T10:15:24.132081" level="INFO">Argument types are:
&lt;class 'int'&gt;
&lt;class 'str'&gt;</msg>
<arg>${response.status_code}</arg>
<arg>200</arg>
<doc>Fails if objects are unequal after converting them to real numbers.</doc>
<status status="PASS" start="2024-05-10T10:15:24.131618" elapsed="0.000527"/>
</kw>
<kw name="Log" owner="BuiltIn">
<msg time="2024-05-10T10:15:24.132834" level="INFO">200</msg>
<arg>${response.status_code}</arg>
<doc>Logs the given message with the given level.</doc>
<status status="PASS" start="2024-05-10T10:15:24.132488" elapsed="0.000387"/>
</kw>
<kw name="Set Variable" owner="BuiltIn">
<msg time="2024-05-10T10:15:24.133592" level="INFO">${json_data} = {'results': [{'gender': 'female', 'name': {'title': 'Mrs', 'first': 'Kapitolina', 'last': 'Nizhnik'}, 'location': {'street': {'number': 8902, 'name': 'Bashtanna'}, 'city': 'Globine', 'state': 'Ternopi...</msg>
<var>${json_data}</var>
<arg>${response.json()}</arg>
<doc>Returns the given values which can then be assigned to a variables.</doc>
<status status="PASS" start="2024-05-10T10:15:24.133169" elapsed="0.000450"/>
</kw>
<kw name="Dictionary Should Contain Key" owner="Collections">
<msg time="2024-05-10T10:15:24.134085" level="INFO">False</msg>
<arg>${json_data}</arg>
<arg>results</arg>
<doc>Fails if ``key`` is not found from ``dictionary``.</doc>
<status status="PASS" start="2024-05-10T10:15:24.133911" elapsed="0.000214"/>
</kw>
<status status="PASS" start="2024-05-10T10:15:23.561566" elapsed="0.572810"/>
</kw>
<doc>Testa se a API responde corretamente e retorna um objeto JSON válido.</doc>
<tag>testeRequisicaoBasica</tag>
<status status="PASS" start="2024-05-10T10:15:23.561102" elapsed="0.573455"/>
</test>
<test id="s1-s1-t3" name="Validar estrutura de resposta" line="22">
<kw name="Teste de Estrutura de Resposta" owner="random-user-service">
<kw name="GET On Session" owner="RequestsLibrary">
<msg time="2024-05-10T10:15:24.217804" level="INFO">GET Request : url=https://randomuser.me/api 
 path_url=/api 
 headers={'User-Agent': 'python-requests/2.31.0', 'Accept-Encoding': 'gzip, deflate', 'Accept': '*/*', 'Connection': 'keep-alive'} 
 body=None 
 </msg>
<msg time="2024-05-10T10:15:24.217892" level="INFO">GET Response : url=https://randomuser.me/api 
 status=200, reason=OK 
 headers={'Date': 'Fri, 10 May 2024 10:15:24 GMT', 'Content-Type': 'application/json; charset=utf-8', 'Transfer-Encoding': 'chunked', 'Connection': 'keep-alive', 'X-Powered-By': 'Express', 'Access-Control-Allow-Origin': '*', 'Cache-Control': 'no-cache', 'ETag': 'W/"48b-oP2mckIPmYOrzwv/pYR7tXNwyzI"', 'Vary': 'Accept-Encoding', 'Content-Encoding': 'gzip', 'CF-Cache-Status': 'DYNAMIC', 'Report-To': '{"endpoints":[{"url":"https:\\/\\/a.nel.cloudflare.com\\/report\\/v4?s=v4JgyLXocWgjx6tOPbhSiwaXQ%2F%2FSvkn99vJQug%2Fdody62brMVFPhhTwGnJignXqU2SsUc7xKL0MKqzJXWj157ofveWcTSbnf2oDbNhqfEbwj5fgU9ZStLecxnSNa%2F%2Bnx"}],"group":"cf-nel","max_age":604800}', 'NEL': '{"success_fraction":0,"report_to":"cf-nel","max_age":604800}', 'Server': 'cloudflare', 'CF-RAY': '88192af7e8965955-IAD', 'alt-svc': 'h3=":443"; ma=86400'} 
 body={"results":[{"gender":"male","name":{"title":"Monsieur","first":"Sandro","last":"Moulin"},"location":{"street":{"number":5301,"name":"Avenue Debrousse"},"city":"Homburg","state":"Graubünden","country":"Switzerland","postcode":4980,"coordinates":{"latitude":"-59.6160","longitude":"-166.1266"},"timezone":{"offset":"-2:00","description":"Mid-Atlantic"}},"email":"sandro.moulin@example.com","login":{"uuid":"db680650-4c02-4dcc-8cf8-a963796ca272","username":"whitelion693","password":"sascha","salt":"rWdl1WUd","md5":"301cafc04020f25b70d14dc89c937f9b","sha1":"3c4a19ac15ddb9f2e1a574011d712e87aa0e755c","sha256":"e4f3891edf988c96851a511df904698a53d3092e753b3940ebdc10422f65d66e"},"dob":{"date":"1979-05-18T08:50:58.369Z","age":44},"registered":{"date":"2010-09-22T04:12:35.680Z","age":13},"phone":"077 476 14 12","cell":"078 236 29 45","id":{"name":"AVS","value":"756.9243.9769.00"},"picture":{"large":"https://randomuser.me/api/portraits/men/22.jpg","medium":"https://randomuser.me/api/portraits/med/men/22.jpg","thumbnail":"https://randomuser.me/api/portraits/thumb/men/22.jpg"},"nat":"CH"}],"info":{"seed":"248108c35f049403","results":1,"page":1,"version":"1.4"}} 
 </msg>
<msg time="2024-05-10T10:15:24.218021" level="INFO">/opt/hostedtoolcache/Python/3.12.3/x64/lib/python3.12/site-packages/urllib3/connectionpool.py:1103: InsecureRequestWarning: Unverified HTTPS request is being made to host 'randomuser.me'. Adding certificate verification is strongly advised. See: https://urllib3.readthedocs.io/en/latest/advanced-usage.html#tls-warnings
  warnings.warn(</msg>
<msg time="2024-05-10T10:15:24.218164" level="INFO">${response} = &lt;Response [200]&gt;</msg>
<var>${response}</var>
<arg>consultarAPI</arg>
<arg>/api</arg>
<doc>Sends a GET request on a previously created HTTP Session.</doc>
<status status="PASS" start="2024-05-10T10:15:24.137505" elapsed="0.080701"/>
</kw>
<kw name="Set Variable" owner="BuiltIn">
<msg time="2024-05-10T10:15:24.219067" level="INFO">${json_data} = {'results': [{'gender': 'male', 'name': {'title': 'Monsieur', 'first': 'Sandro', 'last': 'Moulin'}, 'location': {'street': {'number': 5301, 'name': 'Avenue Debrousse'}, 'city': 'Homburg', 'state': 'Gr...</msg>
<var>${json_data}</var>
<arg>${response.json()}</arg>
<doc>Returns the given values which can then be assigned to a variables.</doc>
<status status="PASS" start="2024-05-10T10:15:24.218586" elapsed="0.000510"/>
</kw>
<kw name="Log" owner="BuiltIn">
<msg time="2024-05-10T10:15:24.219547" level="INFO">{'results': [{'gender': 'male', 'name': {'title': 'Monsieur', 'first': 'Sandro', 'last': 'Moulin'}, 'location': {'street': {'number': 5301, 'name': 'Avenue Debrousse'}, 'city': 'Homburg', 'state': 'Graubünden', 'country': 'Switzerland', 'postcode': 4980, 'coordinates': {'latitude': '-59.6160', 'longitude': '-166.1266'}, 'timezone': {'offset': '-2:00', 'description': 'Mid-Atlantic'}}, 'email': 'sandro.moulin@example.com', 'login': {'uuid': 'db680650-4c02-4dcc-8cf8-a963796ca272', 'username': 'whitelion693', 'password': 'sascha', 'salt': 'rWdl1WUd', 'md5': '301cafc04020f25b70d14dc89c937f9b', 'sha1': '3c4a19ac15ddb9f2e1a574011d712e87aa0e755c', 'sha256': 'e4f3891edf988c96851a511df904698a53d3092e753b3940ebdc10422f65d66e'}, 'dob': {'date': '1979-05-18T08:50:58.369Z', 'age': 44}, 'registered': {'date': '2010-09-22T04:12:35.680Z', 'age': 13}, 'phone': '077 476 14 12', 'cell': '078 236 29 45', 'id': {'name': 'AVS', 'value': '756.9243.9769.00'}, 'picture': {'large': 'https://randomuser.me/api/portraits/men/22.jpg', 'medium': 'https://randomuser.me/api/portraits/med/men/22.jpg', 'thumbnail': 'https://randomuser.me/api/portraits/thumb/men/22.jpg'}, 'nat': 'CH'}], 'info': {'seed': '248108c35f049403', 'results': 1, 'page': 1, 'version': '1.4'}}</msg>
<arg>${json_data}</arg>
<doc>Logs the given message with the given level.</doc>
<status status="PASS" start="2024-05-10T10:15:24.219392" elapsed="0.000203"/>
</kw>
<kw name="Dictionary Should Contain Key" owner="Collections">
<msg time="2024-05-10T10:15:24.220029" level="INFO">False</msg>
<arg>${json_data}</arg>
<arg>results</arg>
<doc>Fails if ``key`` is not found from ``dictionary``.</doc>
<status status="PASS" start="2024-05-10T10:15:24.219879" elapsed="0.000185"/>
</kw>
<kw name="Should Not Be Empty" owner="BuiltIn">
<msg time="2024-05-10T10:15:24.220487" level="INFO">Length is 2.</msg>
<arg>${json_data}</arg>
<doc>Verifies that the given item is not empty.</doc>
<status status="PASS" start="2024-05-10T10:15:24.220355" elapsed="0.000306"/>
</kw>
<kw name="Create List" owner="BuiltIn">
<msg time="2024-05-10T10:15:24.221112" level="INFO">${expected_keys} = ['gender', 'name', 'location', 'email', 'login']</msg>
<var>${expected_keys}</var>
<arg>gender</arg>
<arg>name</arg>
<arg>location</arg>
<arg>email</arg>
<arg>login</arg>
<doc>Returns a list containing given items.</doc>
<status status="PASS" start="2024-05-10T10:15:24.220961" elapsed="0.000174"/>
</kw>
<for flavor="IN">
<iter>
<kw name="Dictionary Should Contain Key" owner="Collections">
<msg time="2024-05-10T10:15:24.222077" level="INFO">False</msg>
<arg>${json_data['results'][0]}</arg>
<arg>${key}</arg>
<doc>Fails if ``key`` is not found from ``dictionary``.</doc>
<status status="PASS" start="2024-05-10T10:15:24.221687" elapsed="0.000427"/>
</kw>
<kw name="Log" owner="BuiltIn">
<msg time="2024-05-10T10:15:24.222765" level="INFO">{'gender': 'male', 'name': {'title': 'Monsieur', 'first': 'Sandro', 'last': 'Moulin'}, 'location': {'street': {'number': 5301, 'name': 'Avenue Debrousse'}, 'city': 'Homburg', 'state': 'Graubünden', 'country': 'Switzerland', 'postcode': 4980, 'coordinates': {'latitude': '-59.6160', 'longitude': '-166.1266'}, 'timezone': {'offset': '-2:00', 'description': 'Mid-Atlantic'}}, 'email': 'sandro.moulin@example.com', 'login': {'uuid': 'db680650-4c02-4dcc-8cf8-a963796ca272', 'username': 'whitelion693', 'password': 'sascha', 'salt': 'rWdl1WUd', 'md5': '301cafc04020f25b70d14dc89c937f9b', 'sha1': '3c4a19ac15ddb9f2e1a574011d712e87aa0e755c', 'sha256': 'e4f3891edf988c96851a511df904698a53d3092e753b3940ebdc10422f65d66e'}, 'dob': {'date': '1979-05-18T08:50:58.369Z', 'age': 44}, 'registered': {'date': '2010-09-22T04:12:35.680Z', 'age': 13}, 'phone': '077 476 14 12', 'cell': '078 236 29 45', 'id': {'name': 'AVS', 'value': '756.9243.9769.00'}, 'picture': {'large': 'https://randomuser.me/api/portraits/men/22.jpg', 'medium': 'https://randomuser.me/api/portraits/med/men/22.jpg', 'thumbnail': 'https://randomuser.me/api/portraits/thumb/men/22.jpg'}, 'nat': 'CH'}</msg>
<arg>${json_data['results'][0]}</arg>
<doc>Logs the given message with the given level.</doc>
<status status="PASS" start="2024-05-10T10:15:24.222403" elapsed="0.000411"/>
</kw>
<kw name="Log" owner="BuiltIn">
<msg time="2024-05-10T10:15:24.223261" level="INFO">gender</msg>
<arg>${key}</arg>
<doc>Logs the given message with the given level.</doc>
<status status="PASS" start="2024-05-10T10:15:24.223136" elapsed="0.000161"/>
</kw>
<var name="${key}">gender</var>
<status status="PASS" start="2024-05-10T10:15:24.221562" elapsed="0.001965"/>
</iter>
<iter>
<kw name="Dictionary Should Contain Key" owner="Collections">
<msg time="2024-05-10T10:15:24.224231" level="INFO">False</msg>
<arg>${json_data['results'][0]}</arg>
<arg>${key}</arg>
<doc>Fails if ``key`` is not found from ``dictionary``.</doc>
<status status="PASS" start="2024-05-10T10:15:24.223858" elapsed="0.000409"/>
</kw>
<kw name="Log" owner="BuiltIn">
<msg time="2024-05-10T10:15:24.224944" level="INFO">{'gender': 'male', 'name': {'title': 'Monsieur', 'first': 'Sandro', 'last': 'Moulin'}, 'location': {'street': {'number': 5301, 'name': 'Avenue Debrousse'}, 'city': 'Homburg', 'state': 'Graubünden', 'country': 'Switzerland', 'postcode': 4980, 'coordinates': {'latitude': '-59.6160', 'longitude': '-166.1266'}, 'timezone': {'offset': '-2:00', 'description': 'Mid-Atlantic'}}, 'email': 'sandro.moulin@example.com', 'login': {'uuid': 'db680650-4c02-4dcc-8cf8-a963796ca272', 'username': 'whitelion693', 'password': 'sascha', 'salt': 'rWdl1WUd', 'md5': '301cafc04020f25b70d14dc89c937f9b', 'sha1': '3c4a19ac15ddb9f2e1a574011d712e87aa0e755c', 'sha256': 'e4f3891edf988c96851a511df904698a53d3092e753b3940ebdc10422f65d66e'}, 'dob': {'date': '1979-05-18T08:50:58.369Z', 'age': 44}, 'registered': {'date': '2010-09-22T04:12:35.680Z', 'age': 13}, 'phone': '077 476 14 12', 'cell': '078 236 29 45', 'id': {'name': 'AVS', 'value': '756.9243.9769.00'}, 'picture': {'large': 'https://randomuser.me/api/portraits/men/22.jpg', 'medium': 'https://randomuser.me/api/portraits/med/men/22.jpg', 'thumbnail': 'https://randomuser.me/api/portraits/thumb/men/22.jpg'}, 'nat': 'CH'}</msg>
<arg>${json_data['results'][0]}</arg>
<doc>Logs the given message with the given level.</doc>
<status status="PASS" start="2024-05-10T10:15:24.224585" elapsed="0.000408"/>
</kw>
<kw name="Log" owner="BuiltIn">
<msg time="2024-05-10T10:15:24.225408" level="INFO">name</msg>
<arg>${key}</arg>
<doc>Logs the given message with the given level.</doc>
<status status="PASS" start="2024-05-10T10:15:24.225283" elapsed="0.000161"/>
</kw>
<var name="${key}">name</var>
<status status="PASS" start="2024-05-10T10:15:24.223738" elapsed="0.001918"/>
</iter>
<iter>
<kw name="Dictionary Should Contain Key" owner="Collections">
<msg time="2024-05-10T10:15:24.226318" level="INFO">False</msg>
<arg>${json_data['results'][0]}</arg>
<arg>${key}</arg>
<doc>Fails if ``key`` is not found from ``dictionary``.</doc>
<status status="PASS" start="2024-05-10T10:15:24.225938" elapsed="0.000416"/>
</kw>
<kw name="Log" owner="BuiltIn">
<msg time="2024-05-10T10:15:24.227030" level="INFO">{'gender': 'male', 'name': {'title': 'Monsieur', 'first': 'Sandro', 'last': 'Moulin'}, 'location': {'street': {'number': 5301, 'name': 'Avenue Debrousse'}, 'city': 'Homburg', 'state': 'Graubünden', 'country': 'Switzerland', 'postcode': 4980, 'coordinates': {'latitude': '-59.6160', 'longitude': '-166.1266'}, 'timezone': {'offset': '-2:00', 'description': 'Mid-Atlantic'}}, 'email': 'sandro.moulin@example.com', 'login': {'uuid': 'db680650-4c02-4dcc-8cf8-a963796ca272', 'username': 'whitelion693', 'password': 'sascha', 'salt': 'rWdl1WUd', 'md5': '301cafc04020f25b70d14dc89c937f9b', 'sha1': '3c4a19ac15ddb9f2e1a574011d712e87aa0e755c', 'sha256': 'e4f3891edf988c96851a511df904698a53d3092e753b3940ebdc10422f65d66e'}, 'dob': {'date': '1979-05-18T08:50:58.369Z', 'age': 44}, 'registered': {'date': '2010-09-22T04:12:35.680Z', 'age': 13}, 'phone': '077 476 14 12', 'cell': '078 236 29 45', 'id': {'name': 'AVS', 'value': '756.9243.9769.00'}, 'picture': {'large': 'https://randomuser.me/api/portraits/men/22.jpg', 'medium': 'https://randomuser.me/api/portraits/med/men/22.jpg', 'thumbnail': 'https://randomuser.me/api/portraits/thumb/men/22.jpg'}, 'nat': 'CH'}</msg>
<arg>${json_data['results'][0]}</arg>
<doc>Logs the given message with the given level.</doc>
<status status="PASS" start="2024-05-10T10:15:24.226642" elapsed="0.000437"/>
</kw>
<kw name="Log" owner="BuiltIn">
<msg time="2024-05-10T10:15:24.227493" level="INFO">location</msg>
<arg>${key}</arg>
<doc>Logs the given message with the given level.</doc>
<status status="PASS" start="2024-05-10T10:15:24.227370" elapsed="0.000160"/>
</kw>
<var name="${key}">location</var>
<status status="PASS" start="2024-05-10T10:15:24.225828" elapsed="0.001911"/>
</iter>
<iter>
<kw name="Dictionary Should Contain Key" owner="Collections">
<msg time="2024-05-10T10:15:24.228387" level="INFO">False</msg>
<arg>${json_data['results'][0]}</arg>
<arg>${key}</arg>
<doc>Fails if ``key`` is not found from ``dictionary``.</doc>
<status status="PASS" start="2024-05-10T10:15:24.228013" elapsed="0.000411"/>
</kw>
<kw name="Log" owner="BuiltIn">
<msg time="2024-05-10T10:15:24.229075" level="INFO">{'gender': 'male', 'name': {'title': 'Monsieur', 'first': 'Sandro', 'last': 'Moulin'}, 'location': {'street': {'number': 5301, 'name': 'Avenue Debrousse'}, 'city': 'Homburg', 'state': 'Graubünden', 'country': 'Switzerland', 'postcode': 4980, 'coordinates': {'latitude': '-59.6160', 'longitude': '-166.1266'}, 'timezone': {'offset': '-2:00', 'description': 'Mid-Atlantic'}}, 'email': 'sandro.moulin@example.com', 'login': {'uuid': 'db680650-4c02-4dcc-8cf8-a963796ca272', 'username': 'whitelion693', 'password': 'sascha', 'salt': 'rWdl1WUd', 'md5': '301cafc04020f25b70d14dc89c937f9b', 'sha1': '3c4a19ac15ddb9f2e1a574011d712e87aa0e755c', 'sha256': 'e4f3891edf988c96851a511df904698a53d3092e753b3940ebdc10422f65d66e'}, 'dob': {'date': '1979-05-18T08:50:58.369Z', 'age': 44}, 'registered': {'date': '2010-09-22T04:12:35.680Z', 'age': 13}, 'phone': '077 476 14 12', 'cell': '078 236 29 45', 'id': {'name': 'AVS', 'value': '756.9243.9769.00'}, 'picture': {'large': 'https://randomuser.me/api/portraits/men/22.jpg', 'medium': 'https://randomuser.me/api/portraits/med/men/22.jpg', 'thumbnail': 'https://randomuser.me/api/portraits/thumb/men/22.jpg'}, 'nat': 'CH'}</msg>
<arg>${json_data['results'][0]}</arg>
<doc>Logs the given message with the given level.</doc>
<status status="PASS" start="2024-05-10T10:15:24.228714" elapsed="0.000410"/>
</kw>
<kw name="Log" owner="BuiltIn">
<msg time="2024-05-10T10:15:24.229535" level="INFO">email</msg>
<arg>${key}</arg>
<doc>Logs the given message with the given level.</doc>
<status status="PASS" start="2024-05-10T10:15:24.229412" elapsed="0.000160"/>
</kw>
<var name="${key}">email</var>
<status status="PASS" start="2024-05-10T10:15:24.227905" elapsed="0.001874"/>
</iter>
<iter>
<kw name="Dictionary Should Contain Key" owner="Collections">
<msg time="2024-05-10T10:15:24.230434" level="INFO">False</msg>
<arg>${json_data['results'][0]}</arg>
<arg>${key}</arg>
<doc>Fails if ``key`` is not found from ``dictionary``.</doc>
<status status="PASS" start="2024-05-10T10:15:24.230053" elapsed="0.000418"/>
</kw>
<kw name="Log" owner="BuiltIn">
<msg time="2024-05-10T10:15:24.231150" level="INFO">{'gender': 'male', 'name': {'title': 'Monsieur', 'first': 'Sandro', 'last': 'Moulin'}, 'location': {'street': {'number': 5301, 'name': 'Avenue Debrousse'}, 'city': 'Homburg', 'state': 'Graubünden', 'country': 'Switzerland', 'postcode': 4980, 'coordinates': {'latitude': '-59.6160', 'longitude': '-166.1266'}, 'timezone': {'offset': '-2:00', 'description': 'Mid-Atlantic'}}, 'email': 'sandro.moulin@example.com', 'login': {'uuid': 'db680650-4c02-4dcc-8cf8-a963796ca272', 'username': 'whitelion693', 'password': 'sascha', 'salt': 'rWdl1WUd', 'md5': '301cafc04020f25b70d14dc89c937f9b', 'sha1': '3c4a19ac15ddb9f2e1a574011d712e87aa0e755c', 'sha256': 'e4f3891edf988c96851a511df904698a53d3092e753b3940ebdc10422f65d66e'}, 'dob': {'date': '1979-05-18T08:50:58.369Z', 'age': 44}, 'registered': {'date': '2010-09-22T04:12:35.680Z', 'age': 13}, 'phone': '077 476 14 12', 'cell': '078 236 29 45', 'id': {'name': 'AVS', 'value': '756.9243.9769.00'}, 'picture': {'large': 'https://randomuser.me/api/portraits/men/22.jpg', 'medium': 'https://randomuser.me/api/portraits/med/men/22.jpg', 'thumbnail': 'https://randomuser.me/api/portraits/thumb/men/22.jpg'}, 'nat': 'CH'}</msg>
<arg>${json_data['results'][0]}</arg>
<doc>Logs the given message with the given level.</doc>
<status status="PASS" start="2024-05-10T10:15:24.230761" elapsed="0.000436"/>
</kw>
<kw name="Log" owner="BuiltIn">
<msg time="2024-05-10T10:15:24.231611" level="INFO">login</msg>
<arg>${key}</arg>
<doc>Logs the given message with the given level.</doc>
<status status="PASS" start="2024-05-10T10:15:24.231487" elapsed="0.000161"/>
</kw>
<var name="${key}">login</var>
<status status="PASS" start="2024-05-10T10:15:24.229945" elapsed="0.001944"/>
</iter>
<var>${key}</var>
<value>@{expected_keys}</value>
<status status="PASS" start="2024-05-10T10:15:24.221383" elapsed="0.010632"/>
</for>
<kw name="Create List" owner="BuiltIn">
<msg time="2024-05-10T10:15:24.232339" level="INFO">${expected_keysTwo} = ['username', 'password']</msg>
<var>${expected_keysTwo}</var>
<arg>username</arg>
<arg>password</arg>
<doc>Returns a list containing given items.</doc>
<status status="PASS" start="2024-05-10T10:15:24.232204" elapsed="0.000158"/>
</kw>
<for flavor="IN">
<iter>
<kw name="Dictionary Should Contain Key" owner="Collections">
<msg time="2024-05-10T10:15:24.233241" level="INFO">False</msg>
<arg>${json_data['results'][0]['login']}</arg>
<arg>${keyTwo}</arg>
<doc>Fails if ``key`` is not found from ``dictionary``.</doc>
<status status="PASS" start="2024-05-10T10:15:24.232850" elapsed="0.000428"/>
</kw>
<kw name="Dictionary Should Contain Key" owner="Collections">
<msg time="2024-05-10T10:15:24.233938" level="INFO">False</msg>
<arg>${json_data['results'][0]['login']}</arg>
<arg>${keyTwo}</arg>
<doc>Fails if ``key`` is not found from ``dictionary``.</doc>
<status status="PASS" start="2024-05-10T10:15:24.233566" elapsed="0.000408"/>
</kw>
<kw name="Log" owner="BuiltIn">
<msg time="2024-05-10T10:15:24.234396" level="INFO">username</msg>
<arg>${keyTwo}</arg>
<doc>Logs the given message with the given level.</doc>
<status status="PASS" start="2024-05-10T10:15:24.234273" elapsed="0.000165"/>
</kw>
<var name="${keyTwo}">username</var>
<status status="PASS" start="2024-05-10T10:15:24.232741" elapsed="0.001907"/>
</iter>
<iter>
<kw name="Dictionary Should Contain Key" owner="Collections">
<msg time="2024-05-10T10:15:24.235431" level="INFO">False</msg>
<arg>${json_data['results'][0]['login']}</arg>
<arg>${keyTwo}</arg>
<doc>Fails if ``key`` is not found from ``dictionary``.</doc>
<status status="PASS" start="2024-05-10T10:15:24.234950" elapsed="0.000520"/>
</kw>
<kw name="Dictionary Should Contain Key" owner="Collections">
<msg time="2024-05-10T10:15:24.236135" level="INFO">False</msg>
<arg>${json_data['results'][0]['login']}</arg>
<arg>${keyTwo}</arg>
<doc>Fails if ``key`` is not found from ``dictionary``.</doc>
<status status="PASS" start="2024-05-10T10:15:24.235763" elapsed="0.000408"/>
</kw>
<kw name="Log" owner="BuiltIn">
<msg time="2024-05-10T10:15:24.236589" level="INFO">password</msg>
<arg>${keyTwo}</arg>
<doc>Logs the given message with the given level.</doc>
<status status="PASS" start="2024-05-10T10:15:24.236464" elapsed="0.000162"/>
</kw>
<var name="${keyTwo}">password</var>
<status status="PASS" start="2024-05-10T10:15:24.234815" elapsed="0.002021"/>
</iter>
<var>${keyTwo}</var>
<value>@{expected_keysTwo}</value>
<status status="PASS" start="2024-05-10T10:15:24.232592" elapsed="0.004362"/>
</for>
<status status="PASS" start="2024-05-10T10:15:24.137173" elapsed="0.099917"/>
</kw>
<doc>Testa a estrutura da resposta da API.</doc>
<tag>testeEstruturaResposta</tag>
<status status="PASS" start="2024-05-10T10:15:24.136412" elapsed="0.100824"/>
</test>
<test id="s1-s1-t4" name="Validar tipos de dados" line="28">
<kw name="Teste de Tipos de Dados" owner="random-user-service">
<kw name="GET On Session" owner="RequestsLibrary">
<msg time="2024-05-10T10:15:24.276549" level="INFO">GET Request : url=https://randomuser.me/api 
 path_url=/api 
 headers={'User-Agent': 'python-requests/2.31.0', 'Accept-Encoding': 'gzip, deflate', 'Accept': '*/*', 'Connection': 'keep-alive'} 
 body=None 
 </msg>
<msg time="2024-05-10T10:15:24.276637" level="INFO">GET Response : url=https://randomuser.me/api 
 status=200, reason=OK 
 headers={'Date': 'Fri, 10 May 2024 10:15:24 GMT', 'Content-Type': 'application/json; charset=utf-8', 'Transfer-Encoding': 'chunked', 'Connection': 'keep-alive', 'X-Powered-By': 'Express', 'Access-Control-Allow-Origin': '*', 'Cache-Control': 'no-cache', 'ETag': 'W/"47c-kq8bqrIj2rlTOAQwWYUcF/EPjdo"', 'Vary': 'Accept-Encoding', 'Content-Encoding': 'gzip', 'CF-Cache-Status': 'DYNAMIC', 'Report-To': '{"endpoints":[{"url":"https:\\/\\/a.nel.cloudflare.com\\/report\\/v4?s=jNIK7QD4oTjJrCmmVHneQ4p%2Ftcv5njWSQQHJonXl5vy4DrvZtoixUi8BEYNFKsgAszMKug1mM4SUd7C6liSPCLsWW5rfaNxv95mqGgrcRqmTNUtnWfScbOd0uq11LKtN"}],"group":"cf-nel","max_age":604800}', 'NEL': '{"success_fraction":0,"report_to":"cf-nel","max_age":604800}', 'Server': 'cloudflare', 'CF-RAY': '88192af888f45955-IAD', 'alt-svc': 'h3=":443"; ma=86400'} 
 body={"results":[{"gender":"male","name":{"title":"Mr","first":"Herman","last":"Morales"},"location":{"street":{"number":8516,"name":"Sunset St"},"city":"Davenport","state":"Wisconsin","country":"United States","postcode":50934,"coordinates":{"latitude":"83.9147","longitude":"-47.6925"},"timezone":{"offset":"-2:00","description":"Mid-Atlantic"}},"email":"herman.morales@example.com","login":{"uuid":"696dc3f7-1e75-4765-83a8-0255dd477099","username":"redlion104","password":"cbr600","salt":"e3CuExts","md5":"d2ebb5536b59d666948246d464c531c7","sha1":"ac1e7312557daa793d01a99045f72082c4913c7a","sha256":"776ada775c57ab37c1c7704f8f9a6833f13c9d9536d787f0a9865b0215f01afc"},"dob":{"date":"1953-11-25T16:27:21.665Z","age":70},"registered":{"date":"2008-08-13T22:59:03.543Z","age":15},"phone":"(882) 540-5602","cell":"(920) 769-4068","id":{"name":"SSN","value":"089-51-2001"},"picture":{"large":"https://randomuser.me/api/portraits/men/31.jpg","medium":"https://randomuser.me/api/portraits/med/men/31.jpg","thumbnail":"https://randomuser.me/api/portraits/thumb/men/31.jpg"},"nat":"US"}],"info":{"seed":"039cb85d25501b0e","results":1,"page":1,"version":"1.4"}} 
 </msg>
<msg time="2024-05-10T10:15:24.276711" level="INFO">/opt/hostedtoolcache/Python/3.12.3/x64/lib/python3.12/site-packages/urllib3/connectionpool.py:1103: InsecureRequestWarning: Unverified HTTPS request is being made to host 'randomuser.me'. Adding certificate verification is strongly advised. See: https://urllib3.readthedocs.io/en/latest/advanced-usage.html#tls-warnings
  warnings.warn(</msg>
<msg time="2024-05-10T10:15:24.276844" level="INFO">${response} = &lt;Response [200]&gt;</msg>
<var>${response}</var>
<arg>consultarAPI</arg>
<arg>/api</arg>
<doc>Sends a GET request on a previously created HTTP Session.</doc>
<status status="PASS" start="2024-05-10T10:15:24.239592" elapsed="0.037306"/>
</kw>
<kw name="Set Variable" owner="BuiltIn">
<msg time="2024-05-10T10:15:24.277784" level="INFO">${json_data} = {'results': [{'gender': 'male', 'name': {'title': 'Mr', 'first': 'Herman', 'last': 'Morales'}, 'location': {'street': {'number': 8516, 'name': 'Sunset St'}, 'city': 'Davenport', 'state': 'Wisconsin', ...</msg>
<var>${json_data}</var>
<arg>${response.json()}</arg>
<doc>Returns the given values which can then be assigned to a variables.</doc>
<status status="PASS" start="2024-05-10T10:15:24.277345" elapsed="0.000467"/>
</kw>
<kw name="Log" owner="BuiltIn">
<msg time="2024-05-10T10:15:24.278254" level="INFO">{'results': [{'gender': 'male', 'name': {'title': 'Mr', 'first': 'Herman', 'last': 'Morales'}, 'location': {'street': {'number': 8516, 'name': 'Sunset St'}, 'city': 'Davenport', 'state': 'Wisconsin', 'country': 'United States', 'postcode': 50934, 'coordinates': {'latitude': '83.9147', 'longitude': '-47.6925'}, 'timezone': {'offset': '-2:00', 'description': 'Mid-Atlantic'}}, 'email': 'herman.morales@example.com', 'login': {'uuid': '696dc3f7-1e75-4765-83a8-0255dd477099', 'username': 'redlion104', 'password': 'cbr600', 'salt': 'e3CuExts', 'md5': 'd2ebb5536b59d666948246d464c531c7', 'sha1': 'ac1e7312557daa793d01a99045f72082c4913c7a', 'sha256': '776ada775c57ab37c1c7704f8f9a6833f13c9d9536d787f0a9865b0215f01afc'}, 'dob': {'date': '1953-11-25T16:27:21.665Z', 'age': 70}, 'registered': {'date': '2008-08-13T22:59:03.543Z', 'age': 15}, 'phone': '(882) 540-5602', 'cell': '(920) 769-4068', 'id': {'name': 'SSN', 'value': '089-51-2001'}, 'picture': {'large': 'https://randomuser.me/api/portraits/men/31.jpg', 'medium': 'https://randomuser.me/api/portraits/med/men/31.jpg', 'thumbnail': 'https://randomuser.me/api/portraits/thumb/men/31.jpg'}, 'nat': 'US'}], 'info': {'seed': '039cb85d25501b0e', 'results': 1, 'page': 1, 'version': '1.4'}}</msg>
<arg>${json_data}</arg>
<doc>Logs the given message with the given level.</doc>
<status status="PASS" start="2024-05-10T10:15:24.278106" elapsed="0.000226"/>
</kw>
<kw name="Should Be String" owner="String">
<arg>${json_data['results'][0]['gender']}</arg>
<doc>Fails if the given ``item`` is not a string.</doc>
<status status="PASS" start="2024-05-10T10:15:24.278622" elapsed="0.000422"/>
</kw>
<kw name="Should Match Regexp" owner="BuiltIn">
<arg>${json_data['results'][0]['email']}</arg>
<arg>^[a-zA-Z0-9._%+-]+@[a-zA-Z0-9.-]+\.[a-zA-Z]{2,}$</arg>
<doc>Fails if ``string`` does not match ``pattern`` as a regular expression.</doc>
<status status="PASS" start="2024-05-10T10:15:24.279233" elapsed="0.000507"/>
</kw>
<kw name="Should Match Regexp" owner="BuiltIn">
<arg>${json_data['results'][0]['dob']['date']}</arg>
<arg>\\d{4}-\\d{2}-\\d{2}T\\d{2}:\\d{2}:\\d{2}\\.\\d{3}Z</arg>
<doc>Fails if ``string`` does not match ``pattern`` as a regular expression.</doc>
<status status="PASS" start="2024-05-10T10:15:24.279930" elapsed="0.000483"/>
</kw>
<kw name="Should Match Regexp" owner="BuiltIn">
<arg>${json_data['results'][0]['registered']['date']}</arg>
<arg>\\d{4}-\\d{2}-\\d{2}T\\d{2}:\\d{2}:\\d{2}\\.\\d{3}Z</arg>
<doc>Fails if ``string`` does not match ``pattern`` as a regular expression.</doc>
<status status="PASS" start="2024-05-10T10:15:24.280599" elapsed="0.000357"/>
</kw>
<kw name="Should Match Regexp" owner="BuiltIn">
<arg>${json_data['results'][0]['picture']['large']}</arg>
<arg>^https?://.*\.(?:png|jpe?g|gif|bmp)$</arg>
<doc>Fails if ``string`` does not match ``pattern`` as a regular expression.</doc>
<status status="PASS" start="2024-05-10T10:15:24.281144" elapsed="0.000449"/>
</kw>
<kw name="Should Match Regexp" owner="BuiltIn">
<arg>${json_data['results'][0]['picture']['medium']}</arg>
<arg>^https?://.*\.(?:png|jpe?g|gif|bmp)$</arg>
<doc>Fails if ``string`` does not match ``pattern`` as a regular expression.</doc>
<status status="PASS" start="2024-05-10T10:15:24.281790" elapsed="0.000350"/>
</kw>
<kw name="Should Match Regexp" owner="BuiltIn">
<arg>${json_data['results'][0]['picture']['thumbnail']}</arg>
<arg>^https?://.*\.(?:png|jpe?g|gif|bmp)$</arg>
<doc>Fails if ``string`` does not match ``pattern`` as a regular expression.</doc>
<status status="PASS" start="2024-05-10T10:15:24.282333" elapsed="0.000342"/>
</kw>
<kw name="Log" owner="BuiltIn">
<msg time="2024-05-10T10:15:24.283210" level="INFO">{'large': 'https://randomuser.me/api/portraits/men/31.jpg', 'medium': 'https://randomuser.me/api/portraits/med/men/31.jpg', 'thumbnail': 'https://randomuser.me/api/portraits/thumb/men/31.jpg'}</msg>
<arg>${json_data['results'][0]['picture']}</arg>
<doc>Logs the given message with the given level.</doc>
<status status="PASS" start="2024-05-10T10:15:24.282850" elapsed="0.000400"/>
</kw>
<status status="PASS" start="2024-05-10T10:15:24.239373" elapsed="0.044123"/>
</kw>
<kw name="Teste de Tipos de Dados - Postcode" owner="random-user-service">
<kw name="GET On Session" owner="RequestsLibrary">
<msg time="2024-05-10T10:15:24.404678" level="INFO">GET Request : url=https://randomuser.me/api 
 path_url=/api 
 headers={'User-Agent': 'python-requests/2.31.0', 'Accept-Encoding': 'gzip, deflate', 'Accept': '*/*', 'Connection': 'keep-alive'} 
 body=None 
 </msg>
<msg time="2024-05-10T10:15:24.404757" level="INFO">GET Response : url=https://randomuser.me/api 
 status=200, reason=OK 
 headers={'Date': 'Fri, 10 May 2024 10:15:24 GMT', 'Content-Type': 'application/json; charset=utf-8', 'Transfer-Encoding': 'chunked', 'Connection': 'keep-alive', 'X-Powered-By': 'Express', 'Access-Control-Allow-Origin': '*', 'Cache-Control': 'no-cache', 'ETag': 'W/"4a3-s1kPEKkFBg/NqGd/PRfglV0/lwM"', 'Vary': 'Accept-Encoding', 'Content-Encoding': 'gzip', 'CF-Cache-Status': 'DYNAMIC', 'Report-To': '{"endpoints":[{"url":"https:\\/\\/a.nel.cloudflare.com\\/report\\/v4?s=OxZTJ9HRdlR9l6bU9OxO%2FIlvmUEdTGK9Ue0CJJNb1%2FgCcicomtjtTPlDzlIa6CJlcblOdYKIrsl3zVDTibwMEInCRbj6INnO7GTZ3YSdXHOyJ2YBZtVJZBBNJbTuWYe1"}],"group":"cf-nel","max_age":604800}', 'NEL': '{"success_fraction":0,"report_to":"cf-nel","max_age":604800}', 'Server': 'cloudflare', 'CF-RAY': '88192af8c9205955-IAD', 'alt-svc': 'h3=":443"; ma=86400'} 
 body={"results":[{"gender":"female","name":{"title":"Ms","first":"Noemie","last":"Nguyen"},"location":{"street":{"number":4441,"name":"Place de la Mairie"},"city":"Clermont-Ferrand","state":"Yvelines","country":"France","postcode":11973,"coordinates":{"latitude":"-14.3880","longitude":"10.6801"},"timezone":{"offset":"+2:00","description":"Kaliningrad, South Africa"}},"email":"noemie.nguyen@example.com","login":{"uuid":"dbb8744f-0fe5-4bad-8d23-f0d455679edf","username":"brownzebra141","password":"brittney","salt":"84vTOYd2","md5":"e6767cd11bcd1053d504341027f7c24c","sha1":"2f293e34b8587ec32e77483b43e149ea725088d5","sha256":"c9a09aa8456af95349dde9570c2b6198055af3316a41d6dec29149bc8d54a7e4"},"dob":{"date":"1991-11-06T19:17:06.448Z","age":32},"registered":{"date":"2008-02-03T02:49:38.224Z","age":16},"phone":"02-34-59-89-33","cell":"06-42-20-48-61","id":{"name":"INSEE","value":"2911010929644 88"},"picture":{"large":"https://randomuser.me/api/portraits/women/31.jpg","medium":"https://randomuser.me/api/portraits/med/women/31.jpg","thumbnail":"https://randomuser.me/api/portraits/thumb/women/31.jpg"},"nat":"FR"}],"info":{"seed":"9400d98589c24262","results":1,"page":1,"version":"1.4"}} 
 </msg>
<msg time="2024-05-10T10:15:24.404829" level="INFO">/opt/hostedtoolcache/Python/3.12.3/x64/lib/python3.12/site-packages/urllib3/connectionpool.py:1103: InsecureRequestWarning: Unverified HTTPS request is being made to host 'randomuser.me'. Adding certificate verification is strongly advised. See: https://urllib3.readthedocs.io/en/latest/advanced-usage.html#tls-warnings
  warnings.warn(</msg>
<msg time="2024-05-10T10:15:24.404936" level="INFO">${response} = &lt;Response [200]&gt;</msg>
<var>${response}</var>
<arg>consultarAPI</arg>
<arg>/api</arg>
<doc>Sends a GET request on a previously created HTTP Session.</doc>
<status status="PASS" start="2024-05-10T10:15:24.283922" elapsed="0.121051"/>
</kw>
<kw name="Set Variable" owner="BuiltIn">
<msg time="2024-05-10T10:15:24.405910" level="INFO">${json_data} = {'results': [{'gender': 'female', 'name': {'title': 'Ms', 'first': 'Noemie', 'last': 'Nguyen'}, 'location': {'street': {'number': 4441, 'name': 'Place de la Mairie'}, 'city': 'Clermont-Ferrand', 'stat...</msg>
<var>${json_data}</var>
<arg>${response.json()}</arg>
<doc>Returns the given values which can then be assigned to a variables.</doc>
<status status="PASS" start="2024-05-10T10:15:24.405445" elapsed="0.000492"/>
</kw>
<kw name="Log" owner="BuiltIn">
<msg time="2024-05-10T10:15:24.406384" level="INFO">{'results': [{'gender': 'female', 'name': {'title': 'Ms', 'first': 'Noemie', 'last': 'Nguyen'}, 'location': {'street': {'number': 4441, 'name': 'Place de la Mairie'}, 'city': 'Clermont-Ferrand', 'state': 'Yvelines', 'country': 'France', 'postcode': 11973, 'coordinates': {'latitude': '-14.3880', 'longitude': '10.6801'}, 'timezone': {'offset': '+2:00', 'description': 'Kaliningrad, South Africa'}}, 'email': 'noemie.nguyen@example.com', 'login': {'uuid': 'dbb8744f-0fe5-4bad-8d23-f0d455679edf', 'username': 'brownzebra141', 'password': 'brittney', 'salt': '84vTOYd2', 'md5': 'e6767cd11bcd1053d504341027f7c24c', 'sha1': '2f293e34b8587ec32e77483b43e149ea725088d5', 'sha256': 'c9a09aa8456af95349dde9570c2b6198055af3316a41d6dec29149bc8d54a7e4'}, 'dob': {'date': '1991-11-06T19:17:06.448Z', 'age': 32}, 'registered': {'date': '2008-02-03T02:49:38.224Z', 'age': 16}, 'phone': '02-34-59-89-33', 'cell': '06-42-20-48-61', 'id': {'name': 'INSEE', 'value': '2911010929644 88'}, 'picture': {'large': 'https://randomuser.me/api/portraits/women/31.jpg', 'medium': 'https://randomuser.me/api/portraits/med/women/31.jpg', 'thumbnail': 'https://randomuser.me/api/portraits/thumb/women/31.jpg'}, 'nat': 'FR'}], 'info': {'seed': '9400d98589c24262', 'results': 1, 'page': 1, 'version': '1.4'}}</msg>
<arg>${json_data}</arg>
<doc>Logs the given message with the given level.</doc>
<status status="PASS" start="2024-05-10T10:15:24.406236" elapsed="0.000226"/>
</kw>
<kw name="Should Be Equal As Numbers" owner="BuiltIn">
<arg>${json_data['results'][0]['location']['postcode']}</arg>
<arg>${json_data['results'][0]['location']['postcode']}</arg>
<doc>Fails if objects are unequal after converting them to real numbers.</doc>
<status status="PASS" start="2024-05-10T10:15:24.406929" elapsed="0.000626"/>
</kw>
<kw name="Log" owner="BuiltIn">
<msg time="2024-05-10T10:15:24.408077" level="INFO">11973</msg>
<arg>${json_data['results'][0]['location']['postcode']}</arg>
<doc>Logs the given message with the given level.</doc>
<status status="PASS" start="2024-05-10T10:15:24.407743" elapsed="0.000372"/>
</kw>
<status status="PASS" start="2024-05-10T10:15:24.283706" elapsed="0.124652"/>
</kw>
<doc>Testa se os tipos de dados na resposta da API estão corretos.</doc>
<tag>testeTiposDados</tag>
<status status="PASS" start="2024-05-10T10:15:24.238940" elapsed="0.169576"/>
</test>
<test id="s1-s1-t5" name="Validar conteudo" line="35">
<kw name="Teste de Tipos de Conteudo" owner="random-user-service">
<kw name="GET On Session" owner="RequestsLibrary">
<msg time="2024-05-10T10:15:24.470958" level="INFO">GET Request : url=https://randomuser.me/api 
 path_url=/api 
 headers={'User-Agent': 'python-requests/2.31.0', 'Accept-Encoding': 'gzip, deflate', 'Accept': '*/*', 'Connection': 'keep-alive'} 
 body=None 
 </msg>
<msg time="2024-05-10T10:15:24.471047" level="INFO">GET Response : url=https://randomuser.me/api 
 status=200, reason=OK 
 headers={'Date': 'Fri, 10 May 2024 10:15:24 GMT', 'Content-Type': 'application/json; charset=utf-8', 'Transfer-Encoding': 'chunked', 'Connection': 'keep-alive', 'X-Powered-By': 'Express', 'Access-Control-Allow-Origin': '*', 'Cache-Control': 'no-cache', 'ETag': 'W/"4af-0F2HBMnZxturPbP9I4rAGdoyMOE"', 'Vary': 'Accept-Encoding', 'Content-Encoding': 'gzip', 'CF-Cache-Status': 'DYNAMIC', 'Report-To': '{"endpoints":[{"url":"https:\\/\\/a.nel.cloudflare.com\\/report\\/v4?s=cV3rFeDcLDcrjtAb0u2AbXU5Mhe8Us8s5Rf7leKtTXMlCUE9%2F0IhUgX91HNPVRl0oqwsEleb44Xx%2BotOAmRBVkkRmhGknHoGHKzQ3bteQjUDuaDOIhIr%2F2cP0C4rRwbx"}],"group":"cf-nel","max_age":604800}', 'NEL': '{"success_fraction":0,"report_to":"cf-nel","max_age":604800}', 'Server': 'cloudflare', 'CF-RAY': '88192af999a45955-IAD', 'alt-svc': 'h3=":443"; ma=86400'} 
 body={"results":[{"gender":"male","name":{"title":"Mr","first":"Toralf","last":"Hildebrandt"},"location":{"street":{"number":761,"name":"Uhlandstraße"},"city":"Remagen","state":"Nordrhein-Westfalen","country":"Germany","postcode":52132,"coordinates":{"latitude":"-52.7112","longitude":"-9.7806"},"timezone":{"offset":"+5:00","description":"Ekaterinburg, Islamabad, Karachi, Tashkent"}},"email":"toralf.hildebrandt@example.com","login":{"uuid":"e5a1fb97-a93f-44e4-96d9-ab10722a4db9","username":"ticklishmeercat686","password":"gargoyle","salt":"QLm9q6re","md5":"c29fdcc73a2b03608de064ba6c462af8","sha1":"dcf40589bc4fdd19a3413b3bf40f4ef380ca56b7","sha256":"9c8b0ad6e4a6c40cb60b8fa52c6cac7f6455dc9f4a666325555d68fd840cc29e"},"dob":{"date":"1984-07-25T22:32:33.973Z","age":39},"registered":{"date":"2003-06-24T22:49:12.280Z","age":20},"phone":"0411-6286530","cell":"0175-4964317","id":{"name":"SVNR","value":"39 250784 H 379"},"picture":{"large":"https://randomuser.me/api/portraits/men/1.jpg","medium":"https://randomuser.me/api/portraits/med/men/1.jpg","thumbnail":"https://randomuser.me/api/portraits/thumb/men/1.jpg"},"nat":"DE"}],"info":{"seed":"2d5a4141ad0d210c","results":1,"page":1,"version":"1.4"}} 
 </msg>
<msg time="2024-05-10T10:15:24.471120" level="INFO">/opt/hostedtoolcache/Python/3.12.3/x64/lib/python3.12/site-packages/urllib3/connectionpool.py:1103: InsecureRequestWarning: Unverified HTTPS request is being made to host 'randomuser.me'. Adding certificate verification is strongly advised. See: https://urllib3.readthedocs.io/en/latest/advanced-usage.html#tls-warnings
  warnings.warn(</msg>
<msg time="2024-05-10T10:15:24.471225" level="INFO">${response} = &lt;Response [200]&gt;</msg>
<var>${response}</var>
<arg>consultarAPI</arg>
<arg>/api</arg>
<doc>Sends a GET request on a previously created HTTP Session.</doc>
<status status="PASS" start="2024-05-10T10:15:24.411202" elapsed="0.060063"/>
</kw>
<kw name="Set Variable" owner="BuiltIn">
<msg time="2024-05-10T10:15:24.472174" level="INFO">${json_data} = {'results': [{'gender': 'male', 'name': {'title': 'Mr', 'first': 'Toralf', 'last': 'Hildebrandt'}, 'location': {'street': {'number': 761, 'name': 'Uhlandstraße'}, 'city': 'Remagen', 'state': 'Nordrhei...</msg>
<var>${json_data}</var>
<arg>${response.json()}</arg>
<doc>Returns the given values which can then be assigned to a variables.</doc>
<status status="PASS" start="2024-05-10T10:15:24.471711" elapsed="0.000492"/>
</kw>
<kw name="Set Variable" owner="BuiltIn">
<msg time="2024-05-10T10:15:24.472880" level="INFO">${name_title} = Mr</msg>
<var>${name_title}</var>
<arg>${json_data["results"][0]["name"]["title"]}</arg>
<doc>Returns the given values which can then be assigned to a variables.</doc>
<status status="PASS" start="2024-05-10T10:15:24.472502" elapsed="0.000402"/>
</kw>
<kw name="Create List" owner="BuiltIn">
<msg time="2024-05-10T10:15:24.473340" level="INFO">${allowed_titles} = ['Mr', 'Ms', 'Miss', 'Mrs', 'Madame', 'Monsieur']</msg>
<var>${allowed_titles}</var>
<arg>Mr</arg>
<arg>Ms</arg>
<arg>Miss</arg>
<arg>Mrs</arg>
<arg>Madame</arg>
<arg>Monsieur</arg>
<doc>Returns a list containing given items.</doc>
<status status="PASS" start="2024-05-10T10:15:24.473197" elapsed="0.000167"/>
</kw>
<kw name="List Should Contain Value" owner="Collections">
<msg time="2024-05-10T10:15:24.473824" level="INFO">False</msg>
<arg>${allowed_titles}</arg>
<arg>${name_title}</arg>
<doc>Fails if the ``value`` is not found from ``list``.</doc>
<status status="PASS" start="2024-05-10T10:15:24.473655" elapsed="0.000207"/>
</kw>
<kw name="Set Variable" owner="BuiltIn">
<msg time="2024-05-10T10:15:24.474625" level="INFO">${name_country} = DE</msg>
<var>${name_country}</var>
<arg>${json_data["results"][0]["nat"]}</arg>
<doc>Returns the given values which can then be assigned to a variables.</doc>
<status status="PASS" start="2024-05-10T10:15:24.474247" elapsed="0.000402"/>
</kw>
<kw name="Create List" owner="BuiltIn">
<msg time="2024-05-10T10:15:24.475575" level="INFO">${list_country} = ['AD', 'AE', 'AF', 'AG', 'AI', 'AL', 'AM', 'AO', 'AQ', 'AR', 'AS', 'AT', 'AU', 'AW', 'AX', 'AZ', 'BA', 'BB', 'BD', 'BE', 'BF', 'BG', 'BH', 'BI', 'BJ', 'BL', 'BM', 'BN', 'BO', 'BQ', 'BR', 'BS', 'BT', '...</msg>
<var>${list_country}</var>
<arg>AD</arg>
<arg>AE</arg>
<arg>AF</arg>
<arg>AG</arg>
<arg>AI</arg>
<arg>AL</arg>
<arg>AM</arg>
<arg>AO</arg>
<arg>AQ</arg>
<arg>AR</arg>
<arg>AS</arg>
<arg>AT</arg>
<arg>AU</arg>
<arg>AW</arg>
<arg>AX</arg>
<arg>AZ</arg>
<arg>BA</arg>
<arg>BB</arg>
<arg>BD</arg>
<arg>BE</arg>
<arg>BF</arg>
<arg>BG</arg>
<arg>BH</arg>
<arg>BI</arg>
<arg>BJ</arg>
<arg>BL</arg>
<arg>BM</arg>
<arg>BN</arg>
<arg>BO</arg>
<arg>BQ</arg>
<arg>BR</arg>
<arg>BS</arg>
<arg>BT</arg>
<arg>BV</arg>
<arg>BW</arg>
<arg>BY</arg>
<arg>BZ</arg>
<arg>CA</arg>
<arg>CC</arg>
<arg>CD</arg>
<arg>CF</arg>
<arg>CG</arg>
<arg>CH</arg>
<arg>CI</arg>
<arg>CK</arg>
<arg>CL</arg>
<arg>CM</arg>
<arg>CN</arg>
<arg>CO</arg>
<arg>CR</arg>
<arg>CU</arg>
<arg>CV</arg>
<arg>CW</arg>
<arg>CX</arg>
<arg>CY</arg>
<arg>CZ</arg>
<arg>DE</arg>
<arg>DJ</arg>
<arg>DK</arg>
<arg>DM</arg>
<arg>DO</arg>
<arg>DZ</arg>
<arg>EC</arg>
<arg>EE</arg>
<arg>EG</arg>
<arg>EH</arg>
<arg>ER</arg>
<arg>ES</arg>
<arg>ET</arg>
<arg>FI</arg>
<arg>FJ</arg>
<arg>FK</arg>
<arg>FM</arg>
<arg>FO</arg>
<arg>FR</arg>
<arg>GA</arg>
<arg>GB</arg>
<arg>GD</arg>
<arg>GE</arg>
<arg>GF</arg>
<arg>GG</arg>
<arg>GH</arg>
<arg>GI</arg>
<arg>GL</arg>
<arg>GM</arg>
<arg>GN</arg>
<arg>GP</arg>
<arg>GQ</arg>
<arg>GR</arg>
<arg>GS</arg>
<arg>GT</arg>
<arg>GU</arg>
<arg>GW</arg>
<arg>GY</arg>
<arg>HK</arg>
<arg>HM</arg>
<arg>HN</arg>
<arg>HR</arg>
<arg>HT</arg>
<arg>HU</arg>
<arg>ID</arg>
<arg>IE</arg>
<arg>IL</arg>
<arg>IM</arg>
<arg>IN</arg>
<arg>IO</arg>
<arg>IQ</arg>
<arg>IR</arg>
<arg>IS</arg>
<arg>IT</arg>
<arg>JE</arg>
<arg>JM</arg>
<arg>JO</arg>
<arg>JP</arg>
<arg>KE</arg>
<arg>KG</arg>
<arg>KH</arg>
<arg>KI</arg>
<arg>KM</arg>
<arg>KN</arg>
<arg>KP</arg>
<arg>KR</arg>
<arg>KW</arg>
<arg>KY</arg>
<arg>KZ</arg>
<arg>LA</arg>
<arg>LB</arg>
<arg>LC</arg>
<arg>LI</arg>
<arg>LK</arg>
<arg>LR</arg>
<arg>LS</arg>
<arg>LT</arg>
<arg>LU</arg>
<arg>LV</arg>
<arg>LY</arg>
<arg>MA</arg>
<arg>MC</arg>
<arg>MD</arg>
<arg>ME</arg>
<arg>MF</arg>
<arg>MG</arg>
<arg>MH</arg>
<arg>MK</arg>
<arg>ML</arg>
<arg>MM</arg>
<arg>MN</arg>
<arg>MO</arg>
<arg>MP</arg>
<arg>MQ</arg>
<arg>MR</arg>
<arg>MS</arg>
<arg>MT</arg>
<arg>MU</arg>
<arg>MV</arg>
<arg>MW</arg>
<arg>MX</arg>
<arg>MY</arg>
<arg>MZ</arg>
<arg>NA</arg>
<arg>NC</arg>
<arg>NE</arg>
<arg>NF</arg>
<arg>NG</arg>
<arg>NI</arg>
<arg>NL</arg>
<arg>NO</arg>
<arg>NP</arg>
<arg>NR</arg>
<arg>NU</arg>
<arg>NZ</arg>
<arg>OM</arg>
<arg>PA</arg>
<arg>PE</arg>
<arg>PF</arg>
<arg>PG</arg>
<arg>PH</arg>
<arg>PK</arg>
<arg>PL</arg>
<arg>PM</arg>
<arg>PN</arg>
<arg>PR</arg>
<arg>PS</arg>
<arg>PT</arg>
<arg>PW</arg>
<arg>PY</arg>
<arg>QA</arg>
<arg>RE</arg>
<arg>RO</arg>
<arg>RS</arg>
<arg>RU</arg>
<arg>RW</arg>
<arg>SA</arg>
<arg>SB</arg>
<arg>SC</arg>
<arg>SD</arg>
<arg>SE</arg>
<arg>SG</arg>
<arg>SH</arg>
<arg>SI</arg>
<arg>SJ</arg>
<arg>SK</arg>
<arg>SL</arg>
<arg>SM</arg>
<arg>SN</arg>
<arg>SO</arg>
<arg>SR</arg>
<arg>SS</arg>
<arg>ST</arg>
<arg>SV</arg>
<arg>SX</arg>
<arg>SY</arg>
<arg>SZ</arg>
<arg>TC</arg>
<arg>TD</arg>
<arg>TF</arg>
<arg>TG</arg>
<arg>TH</arg>
<arg>TJ</arg>
<arg>TK</arg>
<arg>TL</arg>
<arg>TM</arg>
<arg>TN</arg>
<arg>TO</arg>
<arg>TR</arg>
<arg>TT</arg>
<arg>TV</arg>
<arg>TW</arg>
<arg>TZ</arg>
<arg>UA</arg>
<arg>UG</arg>
<arg>UM</arg>
<arg>US</arg>
<arg>UY</arg>
<arg>UZ</arg>
<arg>VA</arg>
<arg>VC</arg>
<arg>VE</arg>
<arg>VG</arg>
<arg>VI</arg>
<arg>VN</arg>
<arg>VU</arg>
<arg>WF</arg>
<arg>WS</arg>
<arg>XK</arg>
<arg>YE</arg>
<arg>YT</arg>
<arg>ZA</arg>
<arg>ZM</arg>
<arg>ZW</arg>
<doc>Returns a list containing given items.</doc>
<status status="PASS" start="2024-05-10T10:15:24.474976" elapsed="0.000625"/>
</kw>
<kw name="List Should Contain Value" owner="Collections">
<msg time="2024-05-10T10:15:24.476610" level="INFO">False</msg>
<arg>${list_country}</arg>
<arg>${name_country}</arg>
<doc>Fails if the ``value`` is not found from ``list``.</doc>
<status status="PASS" start="2024-05-10T10:15:24.476403" elapsed="0.000243"/>
</kw>
<kw name="Run Keyword If" owner="BuiltIn">
<kw name="Should Be True" owner="BuiltIn">
<arg>${True}</arg>
<doc>Fails if the given condition is not true.</doc>
<status status="PASS" start="2024-05-10T10:15:24.477691" elapsed="0.000239"/>
</kw>
<arg>${json_data["results"][0]["location"]["coordinates"]["latitude"]} &gt;= -90 and ${json_data["results"][0]["location"]["coordinates"]["latitude"]} &lt;= 90</arg>
<arg>Should Be True</arg>
<arg>${True}</arg>
<doc>Runs the given keyword with the given arguments, if ``condition`` is true.</doc>
<status status="PASS" start="2024-05-10T10:15:24.476954" elapsed="0.001107"/>
</kw>
<kw name="Run Keyword If" owner="BuiltIn">
<kw name="Should Be True" owner="BuiltIn">
<arg>${True}</arg>
<doc>Fails if the given condition is not true.</doc>
<status status="PASS" start="2024-05-10T10:15:24.478966" elapsed="0.000139"/>
</kw>
<arg>${json_data["results"][0]["location"]["coordinates"]["longitude"]} &gt;= -180 and ${json_data["results"][0]["location"]["coordinates"]["longitude"]} &lt;= 180</arg>
<arg>Should Be True</arg>
<arg>${True}</arg>
<doc>Runs the given keyword with the given arguments, if ``condition`` is true.</doc>
<status status="PASS" start="2024-05-10T10:15:24.478246" elapsed="0.000981"/>
</kw>
<status status="PASS" start="2024-05-10T10:15:24.410813" elapsed="0.068541"/>
</kw>
<doc>Testa o conteúdo específico dos campos retornados pela API.</doc>
<tag>testeConteudo</tag>
<status status="PASS" start="2024-05-10T10:15:24.410204" elapsed="0.069303"/>
</test>
<status status="PASS" start="2024-05-10T10:15:23.252937" elapsed="1.228445"/>
</suite>
<status status="PASS" start="2024-05-10T10:15:23.238435" elapsed="1.248057"/>
</suite>
<statistics>
<total>
<stat pass="5" fail="0" skip="0">All Tests</stat>
</total>
<tag>
<stat pass="1" fail="0" skip="0">testeConteudo</stat>
<stat pass="1" fail="0" skip="0">testeEstruturaResposta</stat>
<stat pass="1" fail="0" skip="0">testeRequisicaoBasica</stat>
<stat pass="1" fail="0" skip="0">testeTiposDados</stat>
</tag>
<suite>
<stat pass="5" fail="0" skip="0" id="s1" name="Tests">Tests</stat>
<stat pass="5" fail="0" skip="0" id="s1-s1" name="Random-User-Test">Tests.Random-User-Test</stat>
</suite>
</statistics>
<errors>
</errors>
</robot>
