<?xml version="1.0" encoding="UTF-8"?>
<robot generator="Robot 7.0 (Python 3.12.3 on linux)" generated="2024-04-26T05:13:41.666704" rpa="false" schemaversion="5">
<suite id="s1" name="Tests" source="/home/runner/work/DesafioQAItauRogerioJordao/DesafioQAItauRogerioJordao/RamdonUser/tests">
<suite id="s1-s1" name="Random-User-Test" source="/home/runner/work/DesafioQAItauRogerioJordao/DesafioQAItauRogerioJordao/RamdonUser/tests/random-user-test.robot">
<test id="s1-s1-t1" name="Conectar" line="13">
<kw name="Conectar API" owner="random-user-service">
<kw name="Create Session" owner="RequestsLibrary">
<msg time="2024-04-26T05:13:42.052898" level="INFO">Creating Session using : alias=consultarAPI, url=https://randomuser.me/, headers={},                     cookies={}, auth=None, timeout=None, proxies=None, verify=False,                     debug=0 </msg>
<arg>consultarAPI</arg>
<arg>${URL}</arg>
<doc>Create Session: create a HTTP session to a server</doc>
<status status="PASS" start="2024-04-26T05:13:42.052693" elapsed="0.000389"/>
</kw>
<status status="PASS" start="2024-04-26T05:13:42.051704" elapsed="0.001749"/>
</kw>
<status status="PASS" start="2024-04-26T05:13:42.051110" elapsed="0.002550"/>
</test>
<test id="s1-s1-t2" name="Validar retorno 200 e JSON Válido" line="16">
<kw name="Teste de Requisicao Basica" owner="random-user-service">
<kw name="GET On Session" owner="RequestsLibrary">
<msg time="2024-04-26T05:13:42.162474" level="INFO">GET Request : url=https://randomuser.me/api 
 path_url=/api 
 headers={'User-Agent': 'python-requests/2.31.0', 'Accept-Encoding': 'gzip, deflate', 'Accept': '*/*', 'Connection': 'keep-alive'} 
 body=None 
 </msg>
<msg time="2024-04-26T05:13:42.162604" level="INFO">GET Response : url=https://randomuser.me/api 
 status=200, reason=OK 
 headers={'Date': 'Fri, 26 Apr 2024 05:13:42 GMT', 'Content-Type': 'application/json; charset=utf-8', 'Transfer-Encoding': 'chunked', 'Connection': 'keep-alive', 'X-Powered-By': 'Express', 'Access-Control-Allow-Origin': '*', 'Cache-Control': 'no-cache', 'ETag': 'W/"4a7-lNhHMp8p1mxiOSwWMtchIYf8rAU"', 'Vary': 'Accept-Encoding', 'Content-Encoding': 'gzip', 'CF-Cache-Status': 'DYNAMIC', 'Report-To': '{"endpoints":[{"url":"https:\\/\\/a.nel.cloudflare.com\\/report\\/v4?s=d6Aaon68z0As0SYc%2Fzny8CcPqOuJDM1fw4PrBvp3Wmvrvtxc%2FRvWQs8pJl%2Bo5dAYFp6vICvGxDtvLiEU9dZZH32m6FELORr1iiOw3lKM6%2FteywH14E1xfIGmwxqVeOWp"}],"group":"cf-nel","max_age":604800}', 'NEL': '{"success_fraction":0,"report_to":"cf-nel","max_age":604800}', 'Server': 'cloudflare', 'CF-RAY': '87a415c60ed47ac8-SJC', 'alt-svc': 'h3=":443"; ma=86400'} 
 body={"results":[{"gender":"male","name":{"title":"Mr","first":"Franz","last":"Stolte"},"location":{"street":{"number":5221,"name":"Birkenstraße"},"city":"Meßstetten","state":"Sachsen-Anhalt","country":"Germany","postcode":62233,"coordinates":{"latitude":"-50.0275","longitude":"-103.3989"},"timezone":{"offset":"0:00","description":"Western Europe Time, London, Lisbon, Casablanca"}},"email":"franz.stolte@example.com","login":{"uuid":"4d6828d9-fc6a-4e84-ae97-20fad330a111","username":"purpleladybug227","password":"thanks","salt":"9VyP3Gry","md5":"f94e1a9361966a43b00a812fa1f73b9b","sha1":"57d903721d7179ac1e9a7a1c7270fe6f56be7739","sha256":"7c77ff86c71b975d62004f421892240ec523a59068cf042e854c6f7261ac29ae"},"dob":{"date":"1945-10-20T01:58:19.514Z","age":78},"registered":{"date":"2021-12-19T03:52:14.190Z","age":2},"phone":"0822-0601171","cell":"0177-1933829","id":{"name":"SVNR","value":"79 191045 S 463"},"picture":{"large":"https://randomuser.me/api/portraits/men/65.jpg","medium":"https://randomuser.me/api/portraits/med/men/65.jpg","thumbnail":"https://randomuser.me/api/portraits/thumb/men/65.jpg"},"nat":"DE"}],"info":{"seed":"0f5d7d6f836ec74d","results":1,"page":1,"version":"1.4"}} 
 </msg>
<msg time="2024-04-26T05:13:42.162693" level="INFO">/opt/hostedtoolcache/Python/3.12.3/x64/lib/python3.12/site-packages/urllib3/connectionpool.py:1103: InsecureRequestWarning: Unverified HTTPS request is being made to host 'randomuser.me'. Adding certificate verification is strongly advised. See: https://urllib3.readthedocs.io/en/latest/advanced-usage.html#tls-warnings
  warnings.warn(</msg>
<msg time="2024-04-26T05:13:42.162816" level="INFO">${response} = &lt;Response [200]&gt;</msg>
<var>${response}</var>
<arg>consultarAPI</arg>
<arg>/api</arg>
<doc>Sends a GET request on a previously created HTTP Session.</doc>
<status status="PASS" start="2024-04-26T05:13:42.056422" elapsed="0.106437"/>
</kw>
<kw name="Should Be Equal As Numbers" owner="BuiltIn">
<msg time="2024-04-26T05:13:42.163648" level="INFO">Argument types are:
&lt;class 'int'&gt;
&lt;class 'str'&gt;</msg>
<arg>${response.status_code}</arg>
<arg>200</arg>
<doc>Fails if objects are unequal after converting them to real numbers.</doc>
<status status="PASS" start="2024-04-26T05:13:42.163253" elapsed="0.000458"/>
</kw>
<kw name="Log" owner="BuiltIn">
<msg time="2024-04-26T05:13:42.164398" level="INFO">200</msg>
<arg>${response.status_code}</arg>
<doc>Logs the given message with the given level.</doc>
<status status="PASS" start="2024-04-26T05:13:42.164048" elapsed="0.000392"/>
</kw>
<kw name="Set Variable" owner="BuiltIn">
<msg time="2024-04-26T05:13:42.165188" level="INFO">${json_data} = {'results': [{'gender': 'male', 'name': {'title': 'Mr', 'first': 'Franz', 'last': 'Stolte'}, 'location': {'street': {'number': 5221, 'name': 'Birkenstraße'}, 'city': 'Meßstetten', 'state': 'Sachsen-An...</msg>
<var>${json_data}</var>
<arg>${response.json()}</arg>
<doc>Returns the given values which can then be assigned to a variables.</doc>
<status status="PASS" start="2024-04-26T05:13:42.164738" elapsed="0.000480"/>
</kw>
<kw name="Dictionary Should Contain Key" owner="Collections">
<msg time="2024-04-26T05:13:42.165691" level="INFO">False</msg>
<arg>${json_data}</arg>
<arg>results</arg>
<doc>Fails if ``key`` is not found from ``dictionary``.</doc>
<status status="PASS" start="2024-04-26T05:13:42.165523" elapsed="0.000208"/>
</kw>
<status status="PASS" start="2024-04-26T05:13:42.056158" elapsed="0.109862"/>
</kw>
<doc>Testa se a API responde corretamente e retorna um objeto JSON válido.</doc>
<tag>testeRequisicaoBasica</tag>
<status status="PASS" start="2024-04-26T05:13:42.055671" elapsed="0.110522"/>
</test>
<test id="s1-s1-t3" name="Validar estrutura de resposta" line="22">
<kw name="Teste de Estrutura de Resposta" owner="random-user-service">
<kw name="GET On Session" owner="RequestsLibrary">
<msg time="2024-04-26T05:13:42.272899" level="INFO">GET Request : url=https://randomuser.me/api 
 path_url=/api 
 headers={'User-Agent': 'python-requests/2.31.0', 'Accept-Encoding': 'gzip, deflate', 'Accept': '*/*', 'Connection': 'keep-alive'} 
 body=None 
 </msg>
<msg time="2024-04-26T05:13:42.272978" level="INFO">GET Response : url=https://randomuser.me/api 
 status=200, reason=OK 
 headers={'Date': 'Fri, 26 Apr 2024 05:13:42 GMT', 'Content-Type': 'application/json; charset=utf-8', 'Transfer-Encoding': 'chunked', 'Connection': 'keep-alive', 'X-Powered-By': 'Express', 'Access-Control-Allow-Origin': '*', 'Cache-Control': 'no-cache', 'ETag': 'W/"48e-+Yk5hKkzwRIdXaMOQw1O3ZB7r88"', 'Vary': 'Accept-Encoding', 'Content-Encoding': 'gzip', 'CF-Cache-Status': 'DYNAMIC', 'Report-To': '{"endpoints":[{"url":"https:\\/\\/a.nel.cloudflare.com\\/report\\/v4?s=qayw9DEzB9BCsTUM7V%2BjRrMJMYkNyIpz0Ge%2BRf8XCTV4HsnCyERNCwrIdCy7y7cX7%2BkY5%2FdqZeJfW6UsPwlHCeONHQ0RqV3TVcjoJbgjNmiIUgUGbO3EL3vq9Ssbg%2FmP"}],"group":"cf-nel","max_age":604800}', 'NEL': '{"success_fraction":0,"report_to":"cf-nel","max_age":604800}', 'Server': 'cloudflare', 'CF-RAY': '87a415c69f367ac8-SJC', 'alt-svc': 'h3=":443"; ma=86400'} 
 body={"results":[{"gender":"female","name":{"title":"Ms","first":"Evelina","last":"Pivtorak"},"location":{"street":{"number":5382,"name":"Ryashivska"},"city":"Kodima","state":"Rivnenska","country":"Ukraine","postcode":25592,"coordinates":{"latitude":"75.0737","longitude":"179.4395"},"timezone":{"offset":"+11:00","description":"Magadan, Solomon Islands, New Caledonia"}},"email":"evelina.pivtorak@example.com","login":{"uuid":"4aef8c6b-22b5-46c3-8bc8-892c6caa0bf2","username":"lazylion609","password":"ring","salt":"jTwxVnbS","md5":"5a286fbbf99c56e603fca0f991aa4087","sha1":"0c3cf8743ad38d766d61dc7c9a6c41c5138c0ca7","sha256":"3f5b510a706d42c91376618a163b5b17f6eb5036515acd67de3f8d8b29f6a8b2"},"dob":{"date":"1954-06-28T06:19:31.538Z","age":69},"registered":{"date":"2017-07-24T09:40:24.278Z","age":6},"phone":"(098) R60-7916","cell":"(099) H02-1837","id":{"name":"","value":null},"picture":{"large":"https://randomuser.me/api/portraits/women/39.jpg","medium":"https://randomuser.me/api/portraits/med/women/39.jpg","thumbnail":"https://randomuser.me/api/portraits/thumb/women/39.jpg"},"nat":"UA"}],"info":{"seed":"17c42d23566cf597","results":1,"page":1,"version":"1.4"}} 
 </msg>
<msg time="2024-04-26T05:13:42.273094" level="INFO">/opt/hostedtoolcache/Python/3.12.3/x64/lib/python3.12/site-packages/urllib3/connectionpool.py:1103: InsecureRequestWarning: Unverified HTTPS request is being made to host 'randomuser.me'. Adding certificate verification is strongly advised. See: https://urllib3.readthedocs.io/en/latest/advanced-usage.html#tls-warnings
  warnings.warn(</msg>
<msg time="2024-04-26T05:13:42.273232" level="INFO">${response} = &lt;Response [200]&gt;</msg>
<var>${response}</var>
<arg>consultarAPI</arg>
<arg>/api</arg>
<doc>Sends a GET request on a previously created HTTP Session.</doc>
<status status="PASS" start="2024-04-26T05:13:42.169118" elapsed="0.104150"/>
</kw>
<kw name="Set Variable" owner="BuiltIn">
<msg time="2024-04-26T05:13:42.274215" level="INFO">${json_data} = {'results': [{'gender': 'female', 'name': {'title': 'Ms', 'first': 'Evelina', 'last': 'Pivtorak'}, 'location': {'street': {'number': 5382, 'name': 'Ryashivska'}, 'city': 'Kodima', 'state': 'Rivnenska'...</msg>
<var>${json_data}</var>
<arg>${response.json()}</arg>
<doc>Returns the given values which can then be assigned to a variables.</doc>
<status status="PASS" start="2024-04-26T05:13:42.273684" elapsed="0.000560"/>
</kw>
<kw name="Log" owner="BuiltIn">
<msg time="2024-04-26T05:13:42.274706" level="INFO">{'results': [{'gender': 'female', 'name': {'title': 'Ms', 'first': 'Evelina', 'last': 'Pivtorak'}, 'location': {'street': {'number': 5382, 'name': 'Ryashivska'}, 'city': 'Kodima', 'state': 'Rivnenska', 'country': 'Ukraine', 'postcode': 25592, 'coordinates': {'latitude': '75.0737', 'longitude': '179.4395'}, 'timezone': {'offset': '+11:00', 'description': 'Magadan, Solomon Islands, New Caledonia'}}, 'email': 'evelina.pivtorak@example.com', 'login': {'uuid': '4aef8c6b-22b5-46c3-8bc8-892c6caa0bf2', 'username': 'lazylion609', 'password': 'ring', 'salt': 'jTwxVnbS', 'md5': '5a286fbbf99c56e603fca0f991aa4087', 'sha1': '0c3cf8743ad38d766d61dc7c9a6c41c5138c0ca7', 'sha256': '3f5b510a706d42c91376618a163b5b17f6eb5036515acd67de3f8d8b29f6a8b2'}, 'dob': {'date': '1954-06-28T06:19:31.538Z', 'age': 69}, 'registered': {'date': '2017-07-24T09:40:24.278Z', 'age': 6}, 'phone': '(098) R60-7916', 'cell': '(099) H02-1837', 'id': {'name': '', 'value': None}, 'picture': {'large': 'https://randomuser.me/api/portraits/women/39.jpg', 'medium': 'https://randomuser.me/api/portraits/med/women/39.jpg', 'thumbnail': 'https://randomuser.me/api/portraits/thumb/women/39.jpg'}, 'nat': 'UA'}], 'info': {'seed': '17c42d23566cf597', 'results': 1, 'page': 1, 'version': '1.4'}}</msg>
<arg>${json_data}</arg>
<doc>Logs the given message with the given level.</doc>
<status status="PASS" start="2024-04-26T05:13:42.274549" elapsed="0.000204"/>
</kw>
<kw name="Dictionary Should Contain Key" owner="Collections">
<msg time="2024-04-26T05:13:42.275209" level="INFO">False</msg>
<arg>${json_data}</arg>
<arg>results</arg>
<doc>Fails if ``key`` is not found from ``dictionary``.</doc>
<status status="PASS" start="2024-04-26T05:13:42.275046" elapsed="0.000200"/>
</kw>
<kw name="Should Not Be Empty" owner="BuiltIn">
<msg time="2024-04-26T05:13:42.275676" level="INFO">Length is 2.</msg>
<arg>${json_data}</arg>
<doc>Verifies that the given item is not empty.</doc>
<status status="PASS" start="2024-04-26T05:13:42.275540" elapsed="0.000297"/>
</kw>
<kw name="Create List" owner="BuiltIn">
<msg time="2024-04-26T05:13:42.276284" level="INFO">${expected_keys} = ['gender', 'name', 'location', 'email', 'login']</msg>
<var>${expected_keys}</var>
<arg>gender</arg>
<arg>name</arg>
<arg>location</arg>
<arg>email</arg>
<arg>login</arg>
<doc>Returns a list containing given items.</doc>
<status status="PASS" start="2024-04-26T05:13:42.276131" elapsed="0.000177"/>
</kw>
<for flavor="IN">
<iter>
<kw name="Dictionary Should Contain Key" owner="Collections">
<msg time="2024-04-26T05:13:42.277266" level="INFO">False</msg>
<arg>${json_data['results'][0]}</arg>
<arg>${key}</arg>
<doc>Fails if ``key`` is not found from ``dictionary``.</doc>
<status status="PASS" start="2024-04-26T05:13:42.276866" elapsed="0.000438"/>
</kw>
<kw name="Log" owner="BuiltIn">
<msg time="2024-04-26T05:13:42.278006" level="INFO">{'gender': 'female', 'name': {'title': 'Ms', 'first': 'Evelina', 'last': 'Pivtorak'}, 'location': {'street': {'number': 5382, 'name': 'Ryashivska'}, 'city': 'Kodima', 'state': 'Rivnenska', 'country': 'Ukraine', 'postcode': 25592, 'coordinates': {'latitude': '75.0737', 'longitude': '179.4395'}, 'timezone': {'offset': '+11:00', 'description': 'Magadan, Solomon Islands, New Caledonia'}}, 'email': 'evelina.pivtorak@example.com', 'login': {'uuid': '4aef8c6b-22b5-46c3-8bc8-892c6caa0bf2', 'username': 'lazylion609', 'password': 'ring', 'salt': 'jTwxVnbS', 'md5': '5a286fbbf99c56e603fca0f991aa4087', 'sha1': '0c3cf8743ad38d766d61dc7c9a6c41c5138c0ca7', 'sha256': '3f5b510a706d42c91376618a163b5b17f6eb5036515acd67de3f8d8b29f6a8b2'}, 'dob': {'date': '1954-06-28T06:19:31.538Z', 'age': 69}, 'registered': {'date': '2017-07-24T09:40:24.278Z', 'age': 6}, 'phone': '(098) R60-7916', 'cell': '(099) H02-1837', 'id': {'name': '', 'value': None}, 'picture': {'large': 'https://randomuser.me/api/portraits/women/39.jpg', 'medium': 'https://randomuser.me/api/portraits/med/women/39.jpg', 'thumbnail': 'https://randomuser.me/api/portraits/thumb/women/39.jpg'}, 'nat': 'UA'}</msg>
<arg>${json_data['results'][0]}</arg>
<doc>Logs the given message with the given level.</doc>
<status status="PASS" start="2024-04-26T05:13:42.277608" elapsed="0.000447"/>
</kw>
<kw name="Log" owner="BuiltIn">
<msg time="2024-04-26T05:13:42.278482" level="INFO">gender</msg>
<arg>${key}</arg>
<doc>Logs the given message with the given level.</doc>
<status status="PASS" start="2024-04-26T05:13:42.278353" elapsed="0.000167"/>
</kw>
<var name="${key}">gender</var>
<status status="PASS" start="2024-04-26T05:13:42.276742" elapsed="0.001993"/>
</iter>
<iter>
<kw name="Dictionary Should Contain Key" owner="Collections">
<msg time="2024-04-26T05:13:42.279419" level="INFO">False</msg>
<arg>${json_data['results'][0]}</arg>
<arg>${key}</arg>
<doc>Fails if ``key`` is not found from ``dictionary``.</doc>
<status status="PASS" start="2024-04-26T05:13:42.279035" elapsed="0.000422"/>
</kw>
<kw name="Log" owner="BuiltIn">
<msg time="2024-04-26T05:13:42.280147" level="INFO">{'gender': 'female', 'name': {'title': 'Ms', 'first': 'Evelina', 'last': 'Pivtorak'}, 'location': {'street': {'number': 5382, 'name': 'Ryashivska'}, 'city': 'Kodima', 'state': 'Rivnenska', 'country': 'Ukraine', 'postcode': 25592, 'coordinates': {'latitude': '75.0737', 'longitude': '179.4395'}, 'timezone': {'offset': '+11:00', 'description': 'Magadan, Solomon Islands, New Caledonia'}}, 'email': 'evelina.pivtorak@example.com', 'login': {'uuid': '4aef8c6b-22b5-46c3-8bc8-892c6caa0bf2', 'username': 'lazylion609', 'password': 'ring', 'salt': 'jTwxVnbS', 'md5': '5a286fbbf99c56e603fca0f991aa4087', 'sha1': '0c3cf8743ad38d766d61dc7c9a6c41c5138c0ca7', 'sha256': '3f5b510a706d42c91376618a163b5b17f6eb5036515acd67de3f8d8b29f6a8b2'}, 'dob': {'date': '1954-06-28T06:19:31.538Z', 'age': 69}, 'registered': {'date': '2017-07-24T09:40:24.278Z', 'age': 6}, 'phone': '(098) R60-7916', 'cell': '(099) H02-1837', 'id': {'name': '', 'value': None}, 'picture': {'large': 'https://randomuser.me/api/portraits/women/39.jpg', 'medium': 'https://randomuser.me/api/portraits/med/women/39.jpg', 'thumbnail': 'https://randomuser.me/api/portraits/thumb/women/39.jpg'}, 'nat': 'UA'}</msg>
<arg>${json_data['results'][0]}</arg>
<doc>Logs the given message with the given level.</doc>
<status status="PASS" start="2024-04-26T05:13:42.279780" elapsed="0.000415"/>
</kw>
<kw name="Log" owner="BuiltIn">
<msg time="2024-04-26T05:13:42.280611" level="INFO">name</msg>
<arg>${key}</arg>
<doc>Logs the given message with the given level.</doc>
<status status="PASS" start="2024-04-26T05:13:42.280487" elapsed="0.000161"/>
</kw>
<var name="${key}">name</var>
<status status="PASS" start="2024-04-26T05:13:42.278921" elapsed="0.001940"/>
</iter>
<iter>
<kw name="Dictionary Should Contain Key" owner="Collections">
<msg time="2024-04-26T05:13:42.281533" level="INFO">False</msg>
<arg>${json_data['results'][0]}</arg>
<arg>${key}</arg>
<doc>Fails if ``key`` is not found from ``dictionary``.</doc>
<status status="PASS" start="2024-04-26T05:13:42.281148" elapsed="0.000422"/>
</kw>
<kw name="Log" owner="BuiltIn">
<msg time="2024-04-26T05:13:42.282262" level="INFO">{'gender': 'female', 'name': {'title': 'Ms', 'first': 'Evelina', 'last': 'Pivtorak'}, 'location': {'street': {'number': 5382, 'name': 'Ryashivska'}, 'city': 'Kodima', 'state': 'Rivnenska', 'country': 'Ukraine', 'postcode': 25592, 'coordinates': {'latitude': '75.0737', 'longitude': '179.4395'}, 'timezone': {'offset': '+11:00', 'description': 'Magadan, Solomon Islands, New Caledonia'}}, 'email': 'evelina.pivtorak@example.com', 'login': {'uuid': '4aef8c6b-22b5-46c3-8bc8-892c6caa0bf2', 'username': 'lazylion609', 'password': 'ring', 'salt': 'jTwxVnbS', 'md5': '5a286fbbf99c56e603fca0f991aa4087', 'sha1': '0c3cf8743ad38d766d61dc7c9a6c41c5138c0ca7', 'sha256': '3f5b510a706d42c91376618a163b5b17f6eb5036515acd67de3f8d8b29f6a8b2'}, 'dob': {'date': '1954-06-28T06:19:31.538Z', 'age': 69}, 'registered': {'date': '2017-07-24T09:40:24.278Z', 'age': 6}, 'phone': '(098) R60-7916', 'cell': '(099) H02-1837', 'id': {'name': '', 'value': None}, 'picture': {'large': 'https://randomuser.me/api/portraits/women/39.jpg', 'medium': 'https://randomuser.me/api/portraits/med/women/39.jpg', 'thumbnail': 'https://randomuser.me/api/portraits/thumb/women/39.jpg'}, 'nat': 'UA'}</msg>
<arg>${json_data['results'][0]}</arg>
<doc>Logs the given message with the given level.</doc>
<status status="PASS" start="2024-04-26T05:13:42.281865" elapsed="0.000444"/>
</kw>
<kw name="Log" owner="BuiltIn">
<msg time="2024-04-26T05:13:42.282727" level="INFO">location</msg>
<arg>${key}</arg>
<doc>Logs the given message with the given level.</doc>
<status status="PASS" start="2024-04-26T05:13:42.282602" elapsed="0.000162"/>
</kw>
<var name="${key}">location</var>
<status status="PASS" start="2024-04-26T05:13:42.281038" elapsed="0.001938"/>
</iter>
<iter>
<kw name="Dictionary Should Contain Key" owner="Collections">
<msg time="2024-04-26T05:13:42.283640" level="INFO">False</msg>
<arg>${json_data['results'][0]}</arg>
<arg>${key}</arg>
<doc>Fails if ``key`` is not found from ``dictionary``.</doc>
<status status="PASS" start="2024-04-26T05:13:42.283255" elapsed="0.000422"/>
</kw>
<kw name="Log" owner="BuiltIn">
<msg time="2024-04-26T05:13:42.284328" level="INFO">{'gender': 'female', 'name': {'title': 'Ms', 'first': 'Evelina', 'last': 'Pivtorak'}, 'location': {'street': {'number': 5382, 'name': 'Ryashivska'}, 'city': 'Kodima', 'state': 'Rivnenska', 'country': 'Ukraine', 'postcode': 25592, 'coordinates': {'latitude': '75.0737', 'longitude': '179.4395'}, 'timezone': {'offset': '+11:00', 'description': 'Magadan, Solomon Islands, New Caledonia'}}, 'email': 'evelina.pivtorak@example.com', 'login': {'uuid': '4aef8c6b-22b5-46c3-8bc8-892c6caa0bf2', 'username': 'lazylion609', 'password': 'ring', 'salt': 'jTwxVnbS', 'md5': '5a286fbbf99c56e603fca0f991aa4087', 'sha1': '0c3cf8743ad38d766d61dc7c9a6c41c5138c0ca7', 'sha256': '3f5b510a706d42c91376618a163b5b17f6eb5036515acd67de3f8d8b29f6a8b2'}, 'dob': {'date': '1954-06-28T06:19:31.538Z', 'age': 69}, 'registered': {'date': '2017-07-24T09:40:24.278Z', 'age': 6}, 'phone': '(098) R60-7916', 'cell': '(099) H02-1837', 'id': {'name': '', 'value': None}, 'picture': {'large': 'https://randomuser.me/api/portraits/women/39.jpg', 'medium': 'https://randomuser.me/api/portraits/med/women/39.jpg', 'thumbnail': 'https://randomuser.me/api/portraits/thumb/women/39.jpg'}, 'nat': 'UA'}</msg>
<arg>${json_data['results'][0]}</arg>
<doc>Logs the given message with the given level.</doc>
<status status="PASS" start="2024-04-26T05:13:42.283972" elapsed="0.000405"/>
</kw>
<kw name="Log" owner="BuiltIn">
<msg time="2024-04-26T05:13:42.284792" level="INFO">email</msg>
<arg>${key}</arg>
<doc>Logs the given message with the given level.</doc>
<status status="PASS" start="2024-04-26T05:13:42.284666" elapsed="0.000163"/>
</kw>
<var name="${key}">email</var>
<status status="PASS" start="2024-04-26T05:13:42.283148" elapsed="0.001890"/>
</iter>
<iter>
<kw name="Dictionary Should Contain Key" owner="Collections">
<msg time="2024-04-26T05:13:42.285699" level="INFO">False</msg>
<arg>${json_data['results'][0]}</arg>
<arg>${key}</arg>
<doc>Fails if ``key`` is not found from ``dictionary``.</doc>
<status status="PASS" start="2024-04-26T05:13:42.285321" elapsed="0.000415"/>
</kw>
<kw name="Log" owner="BuiltIn">
<msg time="2024-04-26T05:13:42.286416" level="INFO">{'gender': 'female', 'name': {'title': 'Ms', 'first': 'Evelina', 'last': 'Pivtorak'}, 'location': {'street': {'number': 5382, 'name': 'Ryashivska'}, 'city': 'Kodima', 'state': 'Rivnenska', 'country': 'Ukraine', 'postcode': 25592, 'coordinates': {'latitude': '75.0737', 'longitude': '179.4395'}, 'timezone': {'offset': '+11:00', 'description': 'Magadan, Solomon Islands, New Caledonia'}}, 'email': 'evelina.pivtorak@example.com', 'login': {'uuid': '4aef8c6b-22b5-46c3-8bc8-892c6caa0bf2', 'username': 'lazylion609', 'password': 'ring', 'salt': 'jTwxVnbS', 'md5': '5a286fbbf99c56e603fca0f991aa4087', 'sha1': '0c3cf8743ad38d766d61dc7c9a6c41c5138c0ca7', 'sha256': '3f5b510a706d42c91376618a163b5b17f6eb5036515acd67de3f8d8b29f6a8b2'}, 'dob': {'date': '1954-06-28T06:19:31.538Z', 'age': 69}, 'registered': {'date': '2017-07-24T09:40:24.278Z', 'age': 6}, 'phone': '(098) R60-7916', 'cell': '(099) H02-1837', 'id': {'name': '', 'value': None}, 'picture': {'large': 'https://randomuser.me/api/portraits/women/39.jpg', 'medium': 'https://randomuser.me/api/portraits/med/women/39.jpg', 'thumbnail': 'https://randomuser.me/api/portraits/thumb/women/39.jpg'}, 'nat': 'UA'}</msg>
<arg>${json_data['results'][0]}</arg>
<doc>Logs the given message with the given level.</doc>
<status status="PASS" start="2024-04-26T05:13:42.286050" elapsed="0.000413"/>
</kw>
<kw name="Log" owner="BuiltIn">
<msg time="2024-04-26T05:13:42.286880" level="INFO">login</msg>
<arg>${key}</arg>
<doc>Logs the given message with the given level.</doc>
<status status="PASS" start="2024-04-26T05:13:42.286756" elapsed="0.000161"/>
</kw>
<var name="${key}">login</var>
<status status="PASS" start="2024-04-26T05:13:42.285213" elapsed="0.001941"/>
</iter>
<var>${key}</var>
<value>@{expected_keys}</value>
<status status="PASS" start="2024-04-26T05:13:42.276559" elapsed="0.010720"/>
</for>
<kw name="Create List" owner="BuiltIn">
<msg time="2024-04-26T05:13:42.287601" level="INFO">${expected_keysTwo} = ['username', 'password']</msg>
<var>${expected_keysTwo}</var>
<arg>username</arg>
<arg>password</arg>
<doc>Returns a list containing given items.</doc>
<status status="PASS" start="2024-04-26T05:13:42.287467" elapsed="0.000157"/>
</kw>
<for flavor="IN">
<iter>
<kw name="Dictionary Should Contain Key" owner="Collections">
<msg time="2024-04-26T05:13:42.288502" level="INFO">False</msg>
<arg>${json_data['results'][0]['login']}</arg>
<arg>${keyTwo}</arg>
<doc>Fails if ``key`` is not found from ``dictionary``.</doc>
<status status="PASS" start="2024-04-26T05:13:42.288117" elapsed="0.000422"/>
</kw>
<kw name="Dictionary Should Contain Key" owner="Collections">
<msg time="2024-04-26T05:13:42.289202" level="INFO">False</msg>
<arg>${json_data['results'][0]['login']}</arg>
<arg>${keyTwo}</arg>
<doc>Fails if ``key`` is not found from ``dictionary``.</doc>
<status status="PASS" start="2024-04-26T05:13:42.288827" elapsed="0.000411"/>
</kw>
<kw name="Log" owner="BuiltIn">
<msg time="2024-04-26T05:13:42.289659" level="INFO">username</msg>
<arg>${keyTwo}</arg>
<doc>Logs the given message with the given level.</doc>
<status status="PASS" start="2024-04-26T05:13:42.289534" elapsed="0.000167"/>
</kw>
<var name="${keyTwo}">username</var>
<status status="PASS" start="2024-04-26T05:13:42.288009" elapsed="0.001939"/>
</iter>
<iter>
<kw name="Dictionary Should Contain Key" owner="Collections">
<msg time="2024-04-26T05:13:42.290698" level="INFO">False</msg>
<arg>${json_data['results'][0]['login']}</arg>
<arg>${keyTwo}</arg>
<doc>Fails if ``key`` is not found from ``dictionary``.</doc>
<status status="PASS" start="2024-04-26T05:13:42.290236" elapsed="0.000507"/>
</kw>
<kw name="Dictionary Should Contain Key" owner="Collections">
<msg time="2024-04-26T05:13:42.291417" level="INFO">False</msg>
<arg>${json_data['results'][0]['login']}</arg>
<arg>${keyTwo}</arg>
<doc>Fails if ``key`` is not found from ``dictionary``.</doc>
<status status="PASS" start="2024-04-26T05:13:42.291038" elapsed="0.000416"/>
</kw>
<kw name="Log" owner="BuiltIn">
<msg time="2024-04-26T05:13:42.291875" level="INFO">password</msg>
<arg>${keyTwo}</arg>
<doc>Logs the given message with the given level.</doc>
<status status="PASS" start="2024-04-26T05:13:42.291750" elapsed="0.000162"/>
</kw>
<var name="${keyTwo}">password</var>
<status status="PASS" start="2024-04-26T05:13:42.290123" elapsed="0.002003"/>
</iter>
<var>${keyTwo}</var>
<value>@{expected_keysTwo}</value>
<status status="PASS" start="2024-04-26T05:13:42.287857" elapsed="0.004388"/>
</for>
<status status="PASS" start="2024-04-26T05:13:42.168774" elapsed="0.123607"/>
</kw>
<doc>Testa a estrutura da resposta da API.</doc>
<tag>testeEstruturaResposta</tag>
<status status="PASS" start="2024-04-26T05:13:42.168026" elapsed="0.124499"/>
</test>
<test id="s1-s1-t4" name="Validar tipos de dados" line="28">
<kw name="Teste de Tipos de Dados" owner="random-user-service">
<kw name="GET On Session" owner="RequestsLibrary">
<msg time="2024-04-26T05:13:42.381456" level="INFO">GET Request : url=https://randomuser.me/api 
 path_url=/api 
 headers={'User-Agent': 'python-requests/2.31.0', 'Accept-Encoding': 'gzip, deflate', 'Accept': '*/*', 'Connection': 'keep-alive'} 
 body=None 
 </msg>
<msg time="2024-04-26T05:13:42.381539" level="INFO">GET Response : url=https://randomuser.me/api 
 status=200, reason=OK 
 headers={'Date': 'Fri, 26 Apr 2024 05:13:42 GMT', 'Content-Type': 'application/json; charset=utf-8', 'Transfer-Encoding': 'chunked', 'Connection': 'keep-alive', 'X-Powered-By': 'Express', 'Access-Control-Allow-Origin': '*', 'Cache-Control': 'no-cache', 'ETag': 'W/"494-ui/qJB+fnJfG5ScwVa740W+OpSg"', 'Vary': 'Accept-Encoding', 'Content-Encoding': 'gzip', 'CF-Cache-Status': 'DYNAMIC', 'Report-To': '{"endpoints":[{"url":"https:\\/\\/a.nel.cloudflare.com\\/report\\/v4?s=VEFDeKDtspGxb75T7PgwImYkVNwbKj%2FQGFDxCaUk7AbNTVUgmKM6bpVz8zmIntk3%2FQsGt4EN%2Fyh0JWeWUZclYSN4w7lex8wx6NbZpWTCWJQZI7nhVlIhQQKzdQkJaPI9"}],"group":"cf-nel","max_age":604800}', 'NEL': '{"success_fraction":0,"report_to":"cf-nel","max_age":604800}', 'Server': 'cloudflare', 'CF-RAY': '87a415c75fc37ac8-SJC', 'alt-svc': 'h3=":443"; ma=86400'} 
 body={"results":[{"gender":"female","name":{"title":"Ms","first":"Kayla","last":"Martin"},"location":{"street":{"number":7942,"name":"Botany Road"},"city":"Blenheim","state":"Marlborough","country":"New Zealand","postcode":47641,"coordinates":{"latitude":"53.7616","longitude":"1.6875"},"timezone":{"offset":"+11:00","description":"Magadan, Solomon Islands, New Caledonia"}},"email":"kayla.martin@example.com","login":{"uuid":"87efc106-6c22-4ced-8545-dbc5630cd7dc","username":"goldensnake743","password":"comment","salt":"YiiU5Ydu","md5":"1d89f686c639696434e5971c12f18439","sha1":"d66ba6dd3ecf7ba53381d4c3545ab032d6ab2aa4","sha256":"2f1fda92182e5b1b9480693310b8daeaf24767da42e41dadbd0c3d707eb2d9eb"},"dob":{"date":"1989-08-19T21:45:26.979Z","age":34},"registered":{"date":"2009-02-28T21:15:27.020Z","age":15},"phone":"(207)-848-7175","cell":"(988)-244-5441","id":{"name":"","value":null},"picture":{"large":"https://randomuser.me/api/portraits/women/39.jpg","medium":"https://randomuser.me/api/portraits/med/women/39.jpg","thumbnail":"https://randomuser.me/api/portraits/thumb/women/39.jpg"},"nat":"NZ"}],"info":{"seed":"5661813e0191ed60","results":1,"page":1,"version":"1.4"}} 
 </msg>
<msg time="2024-04-26T05:13:42.381613" level="INFO">/opt/hostedtoolcache/Python/3.12.3/x64/lib/python3.12/site-packages/urllib3/connectionpool.py:1103: InsecureRequestWarning: Unverified HTTPS request is being made to host 'randomuser.me'. Adding certificate verification is strongly advised. See: https://urllib3.readthedocs.io/en/latest/advanced-usage.html#tls-warnings
  warnings.warn(</msg>
<msg time="2024-04-26T05:13:42.381754" level="INFO">${response} = &lt;Response [200]&gt;</msg>
<var>${response}</var>
<arg>consultarAPI</arg>
<arg>/api</arg>
<doc>Sends a GET request on a previously created HTTP Session.</doc>
<status status="PASS" start="2024-04-26T05:13:42.295024" elapsed="0.086789"/>
</kw>
<kw name="Set Variable" owner="BuiltIn">
<msg time="2024-04-26T05:13:42.382720" level="INFO">${json_data} = {'results': [{'gender': 'female', 'name': {'title': 'Ms', 'first': 'Kayla', 'last': 'Martin'}, 'location': {'street': {'number': 7942, 'name': 'Botany Road'}, 'city': 'Blenheim', 'state': 'Marlborough...</msg>
<var>${json_data}</var>
<arg>${response.json()}</arg>
<doc>Returns the given values which can then be assigned to a variables.</doc>
<status status="PASS" start="2024-04-26T05:13:42.382275" elapsed="0.000473"/>
</kw>
<kw name="Log" owner="BuiltIn">
<msg time="2024-04-26T05:13:42.383198" level="INFO">{'results': [{'gender': 'female', 'name': {'title': 'Ms', 'first': 'Kayla', 'last': 'Martin'}, 'location': {'street': {'number': 7942, 'name': 'Botany Road'}, 'city': 'Blenheim', 'state': 'Marlborough', 'country': 'New Zealand', 'postcode': 47641, 'coordinates': {'latitude': '53.7616', 'longitude': '1.6875'}, 'timezone': {'offset': '+11:00', 'description': 'Magadan, Solomon Islands, New Caledonia'}}, 'email': 'kayla.martin@example.com', 'login': {'uuid': '87efc106-6c22-4ced-8545-dbc5630cd7dc', 'username': 'goldensnake743', 'password': 'comment', 'salt': 'YiiU5Ydu', 'md5': '1d89f686c639696434e5971c12f18439', 'sha1': 'd66ba6dd3ecf7ba53381d4c3545ab032d6ab2aa4', 'sha256': '2f1fda92182e5b1b9480693310b8daeaf24767da42e41dadbd0c3d707eb2d9eb'}, 'dob': {'date': '1989-08-19T21:45:26.979Z', 'age': 34}, 'registered': {'date': '2009-02-28T21:15:27.020Z', 'age': 15}, 'phone': '(207)-848-7175', 'cell': '(988)-244-5441', 'id': {'name': '', 'value': None}, 'picture': {'large': 'https://randomuser.me/api/portraits/women/39.jpg', 'medium': 'https://randomuser.me/api/portraits/med/women/39.jpg', 'thumbnail': 'https://randomuser.me/api/portraits/thumb/women/39.jpg'}, 'nat': 'NZ'}], 'info': {'seed': '5661813e0191ed60', 'results': 1, 'page': 1, 'version': '1.4'}}</msg>
<arg>${json_data}</arg>
<doc>Logs the given message with the given level.</doc>
<status status="PASS" start="2024-04-26T05:13:42.383048" elapsed="0.000228"/>
</kw>
<kw name="Should Be String" owner="String">
<arg>${json_data['results'][0]['gender']}</arg>
<doc>Fails if the given ``item`` is not a string.</doc>
<status status="PASS" start="2024-04-26T05:13:42.383569" elapsed="0.000364"/>
</kw>
<kw name="Should Match Regexp" owner="BuiltIn">
<arg>${json_data['results'][0]['email']}</arg>
<arg>^[a-zA-Z0-9._%+-]+@[a-zA-Z0-9.-]+\.[a-zA-Z]{2,}$</arg>
<doc>Fails if ``string`` does not match ``pattern`` as a regular expression.</doc>
<status status="PASS" start="2024-04-26T05:13:42.384122" elapsed="0.000489"/>
</kw>
<kw name="Should Match Regexp" owner="BuiltIn">
<arg>${json_data['results'][0]['dob']['date']}</arg>
<arg>\\d{4}-\\d{2}-\\d{2}T\\d{2}:\\d{2}:\\d{2}\\.\\d{3}Z</arg>
<doc>Fails if ``string`` does not match ``pattern`` as a regular expression.</doc>
<status status="PASS" start="2024-04-26T05:13:42.384803" elapsed="0.000485"/>
</kw>
<kw name="Should Match Regexp" owner="BuiltIn">
<arg>${json_data['results'][0]['registered']['date']}</arg>
<arg>\\d{4}-\\d{2}-\\d{2}T\\d{2}:\\d{2}:\\d{2}\\.\\d{3}Z</arg>
<doc>Fails if ``string`` does not match ``pattern`` as a regular expression.</doc>
<status status="PASS" start="2024-04-26T05:13:42.385476" elapsed="0.000365"/>
</kw>
<kw name="Should Match Regexp" owner="BuiltIn">
<arg>${json_data['results'][0]['picture']['large']}</arg>
<arg>^https?://.*\.(?:png|jpe?g|gif|bmp)$</arg>
<doc>Fails if ``string`` does not match ``pattern`` as a regular expression.</doc>
<status status="PASS" start="2024-04-26T05:13:42.386132" elapsed="0.000507"/>
</kw>
<kw name="Should Match Regexp" owner="BuiltIn">
<arg>${json_data['results'][0]['picture']['medium']}</arg>
<arg>^https?://.*\.(?:png|jpe?g|gif|bmp)$</arg>
<doc>Fails if ``string`` does not match ``pattern`` as a regular expression.</doc>
<status status="PASS" start="2024-04-26T05:13:42.386852" elapsed="0.000368"/>
</kw>
<kw name="Should Match Regexp" owner="BuiltIn">
<arg>${json_data['results'][0]['picture']['thumbnail']}</arg>
<arg>^https?://.*\.(?:png|jpe?g|gif|bmp)$</arg>
<doc>Fails if ``string`` does not match ``pattern`` as a regular expression.</doc>
<status status="PASS" start="2024-04-26T05:13:42.387410" elapsed="0.000354"/>
</kw>
<kw name="Log" owner="BuiltIn">
<msg time="2024-04-26T05:13:42.388262" level="INFO">{'large': 'https://randomuser.me/api/portraits/women/39.jpg', 'medium': 'https://randomuser.me/api/portraits/med/women/39.jpg', 'thumbnail': 'https://randomuser.me/api/portraits/thumb/women/39.jpg'}</msg>
<arg>${json_data['results'][0]['picture']}</arg>
<doc>Logs the given message with the given level.</doc>
<status status="PASS" start="2024-04-26T05:13:42.387944" elapsed="0.000359"/>
</kw>
<status status="PASS" start="2024-04-26T05:13:42.294803" elapsed="0.093748"/>
</kw>
<kw name="Teste de Tipos de Dados - Postcode" owner="random-user-service">
<kw name="GET On Session" owner="RequestsLibrary">
<msg time="2024-04-26T05:13:42.478520" level="INFO">GET Request : url=https://randomuser.me/api 
 path_url=/api 
 headers={'User-Agent': 'python-requests/2.31.0', 'Accept-Encoding': 'gzip, deflate', 'Accept': '*/*', 'Connection': 'keep-alive'} 
 body=None 
 </msg>
<msg time="2024-04-26T05:13:42.478582" level="INFO">GET Response : url=https://randomuser.me/api 
 status=200, reason=OK 
 headers={'Date': 'Fri, 26 Apr 2024 05:13:42 GMT', 'Content-Type': 'application/json; charset=utf-8', 'Transfer-Encoding': 'chunked', 'Connection': 'keep-alive', 'X-Powered-By': 'Express', 'Access-Control-Allow-Origin': '*', 'Cache-Control': 'no-cache', 'ETag': 'W/"499-8DVsxLz8wfP9n7AWSzQ7LKvIUZM"', 'Vary': 'Accept-Encoding', 'Content-Encoding': 'gzip', 'CF-Cache-Status': 'DYNAMIC', 'Report-To': '{"endpoints":[{"url":"https:\\/\\/a.nel.cloudflare.com\\/report\\/v4?s=HeTCU1TlJRz9WWhYgouTURpWpAvfqbC1UWodxwT0Og%2FFrt7pTA5pUjXMwkUNj4FGfarZTj%2FuxFIqUcaF1%2FcUE0f%2FRg5uIlA8AqIXr25%2B1rgp3BbB6EPIf7in%2BnnJrdoM"}],"group":"cf-nel","max_age":604800}', 'NEL': '{"success_fraction":0,"report_to":"cf-nel","max_age":604800}', 'Server': 'cloudflare', 'CF-RAY': '87a415c7f8427ac8-SJC', 'alt-svc': 'h3=":443"; ma=86400'} 
 body={"results":[{"gender":"male","name":{"title":"Mr","first":"Frederico","last":"Fogaça"},"location":{"street":{"number":6644,"name":"Rua Doze "},"city":"Novo Hamburgo","state":"Acre","country":"Brazil","postcode":43911,"coordinates":{"latitude":"-73.3095","longitude":"-120.1986"},"timezone":{"offset":"+9:00","description":"Tokyo, Seoul, Osaka, Sapporo, Yakutsk"}},"email":"frederico.fogaca@example.com","login":{"uuid":"67da5906-0308-4c41-93ac-5abe7b09959b","username":"redrabbit406","password":"chicken","salt":"dodIWpeh","md5":"e58892496fb25007d41b01b15ec133cf","sha1":"36cac2f0e4a18c03784dcaf95ec1da6f0ea1931a","sha256":"c65e45bd9b3b012541a5bbf25e5c4c71355bdf57dcd15cd61fc0e5e1e60e540d"},"dob":{"date":"1982-09-13T10:11:22.732Z","age":41},"registered":{"date":"2016-02-14T09:48:20.048Z","age":8},"phone":"(47) 0553-5764","cell":"(24) 6858-5316","id":{"name":"CPF","value":"601.579.214-81"},"picture":{"large":"https://randomuser.me/api/portraits/men/88.jpg","medium":"https://randomuser.me/api/portraits/med/men/88.jpg","thumbnail":"https://randomuser.me/api/portraits/thumb/men/88.jpg"},"nat":"BR"}],"info":{"seed":"937d2eabdd602550","results":1,"page":1,"version":"1.4"}} 
 </msg>
<msg time="2024-04-26T05:13:42.478639" level="INFO">/opt/hostedtoolcache/Python/3.12.3/x64/lib/python3.12/site-packages/urllib3/connectionpool.py:1103: InsecureRequestWarning: Unverified HTTPS request is being made to host 'randomuser.me'. Adding certificate verification is strongly advised. See: https://urllib3.readthedocs.io/en/latest/advanced-usage.html#tls-warnings
  warnings.warn(</msg>
<msg time="2024-04-26T05:13:42.478744" level="INFO">${response} = &lt;Response [200]&gt;</msg>
<var>${response}</var>
<arg>consultarAPI</arg>
<arg>/api</arg>
<doc>Sends a GET request on a previously created HTTP Session.</doc>
<status status="PASS" start="2024-04-26T05:13:42.388991" elapsed="0.089795"/>
</kw>
<kw name="Set Variable" owner="BuiltIn">
<msg time="2024-04-26T05:13:42.479583" level="INFO">${json_data} = {'results': [{'gender': 'male', 'name': {'title': 'Mr', 'first': 'Frederico', 'last': 'Fogaça'}, 'location': {'street': {'number': 6644, 'name': 'Rua Doze '}, 'city': 'Novo Hamburgo', 'state': 'Acre',...</msg>
<var>${json_data}</var>
<arg>${response.json()}</arg>
<doc>Returns the given values which can then be assigned to a variables.</doc>
<status status="PASS" start="2024-04-26T05:13:42.479130" elapsed="0.000482"/>
</kw>
<kw name="Log" owner="BuiltIn">
<msg time="2024-04-26T05:13:42.480069" level="INFO">{'results': [{'gender': 'male', 'name': {'title': 'Mr', 'first': 'Frederico', 'last': 'Fogaça'}, 'location': {'street': {'number': 6644, 'name': 'Rua Doze '}, 'city': 'Novo Hamburgo', 'state': 'Acre', 'country': 'Brazil', 'postcode': 43911, 'coordinates': {'latitude': '-73.3095', 'longitude': '-120.1986'}, 'timezone': {'offset': '+9:00', 'description': 'Tokyo, Seoul, Osaka, Sapporo, Yakutsk'}}, 'email': 'frederico.fogaca@example.com', 'login': {'uuid': '67da5906-0308-4c41-93ac-5abe7b09959b', 'username': 'redrabbit406', 'password': 'chicken', 'salt': 'dodIWpeh', 'md5': 'e58892496fb25007d41b01b15ec133cf', 'sha1': '36cac2f0e4a18c03784dcaf95ec1da6f0ea1931a', 'sha256': 'c65e45bd9b3b012541a5bbf25e5c4c71355bdf57dcd15cd61fc0e5e1e60e540d'}, 'dob': {'date': '1982-09-13T10:11:22.732Z', 'age': 41}, 'registered': {'date': '2016-02-14T09:48:20.048Z', 'age': 8}, 'phone': '(47) 0553-5764', 'cell': '(24) 6858-5316', 'id': {'name': 'CPF', 'value': '601.579.214-81'}, 'picture': {'large': 'https://randomuser.me/api/portraits/men/88.jpg', 'medium': 'https://randomuser.me/api/portraits/med/men/88.jpg', 'thumbnail': 'https://randomuser.me/api/portraits/thumb/men/88.jpg'}, 'nat': 'BR'}], 'info': {'seed': '937d2eabdd602550', 'results': 1, 'page': 1, 'version': '1.4'}}</msg>
<arg>${json_data}</arg>
<doc>Logs the given message with the given level.</doc>
<status status="PASS" start="2024-04-26T05:13:42.479917" elapsed="0.000229"/>
</kw>
<kw name="Should Be Equal As Numbers" owner="BuiltIn">
<arg>${json_data['results'][0]['location']['postcode']}</arg>
<arg>${json_data['results'][0]['location']['postcode']}</arg>
<doc>Fails if objects are unequal after converting them to real numbers.</doc>
<status status="PASS" start="2024-04-26T05:13:42.480575" elapsed="0.000617"/>
</kw>
<kw name="Log" owner="BuiltIn">
<msg time="2024-04-26T05:13:42.481719" level="INFO">43911</msg>
<arg>${json_data['results'][0]['location']['postcode']}</arg>
<doc>Logs the given message with the given level.</doc>
<status status="PASS" start="2024-04-26T05:13:42.481381" elapsed="0.000379"/>
</kw>
<status status="PASS" start="2024-04-26T05:13:42.388768" elapsed="0.093283"/>
</kw>
<doc>Testa se os tipos de dados na resposta da API estão corretos.</doc>
<tag>testeTiposDados</tag>
<status status="PASS" start="2024-04-26T05:13:42.294289" elapsed="0.187921"/>
</test>
<test id="s1-s1-t5" name="Validar conteudo" line="35">
<kw name="Teste de Tipos de Conteudo" owner="random-user-service">
<kw name="GET On Session" owner="RequestsLibrary">
<msg time="2024-04-26T05:13:42.604839" level="INFO">GET Request : url=https://randomuser.me/api 
 path_url=/api 
 headers={'User-Agent': 'python-requests/2.31.0', 'Accept-Encoding': 'gzip, deflate', 'Accept': '*/*', 'Connection': 'keep-alive'} 
 body=None 
 </msg>
<msg time="2024-04-26T05:13:42.604924" level="INFO">GET Response : url=https://randomuser.me/api 
 status=200, reason=OK 
 headers={'Date': 'Fri, 26 Apr 2024 05:13:42 GMT', 'Content-Type': 'application/json; charset=utf-8', 'Transfer-Encoding': 'chunked', 'Connection': 'keep-alive', 'X-Powered-By': 'Express', 'Access-Control-Allow-Origin': '*', 'Cache-Control': 'no-cache', 'ETag': 'W/"4a0-lrepvQUPfy/PTPjs0xEoThgJWVA"', 'Vary': 'Accept-Encoding', 'Content-Encoding': 'gzip', 'CF-Cache-Status': 'DYNAMIC', 'Report-To': '{"endpoints":[{"url":"https:\\/\\/a.nel.cloudflare.com\\/report\\/v4?s=g2QLOqm9nvLzNoL5oijeeIGY00GmL6Ul5%2FYwis87xjDl3u2HBjEkw6BK%2F5lrLHAIgJKpop78%2F5VJPq7s3A%2BL368Dss1ZOwhUIFiRwDeBqMVkVwckf5GN6TOsBjQn9aHl"}],"group":"cf-nel","max_age":604800}', 'NEL': '{"success_fraction":0,"report_to":"cf-nel","max_age":604800}', 'Server': 'cloudflare', 'CF-RAY': '87a415c888b37ac8-SJC', 'alt-svc': 'h3=":443"; ma=86400'} 
 body={"results":[{"gender":"female","name":{"title":"Mrs","first":"Margarita","last":"Martínez"},"location":{"street":{"number":756,"name":"Calle de Bravo Murillo"},"city":"San Sebastián","state":"Galicia","country":"Spain","postcode":93261,"coordinates":{"latitude":"-30.6546","longitude":"4.1327"},"timezone":{"offset":"-7:00","description":"Mountain Time (US &amp; Canada)"}},"email":"margarita.martinez@example.com","login":{"uuid":"988217ba-e5ec-4565-84d5-7e085e90c46e","username":"greenladybug908","password":"state","salt":"x3WuxwXq","md5":"ec53c37fe0ac36b4460de9a756afeb12","sha1":"6bcb1629c06ae96799886288be7ce6f2e9fa4322","sha256":"def7e6dc45da2f452d513c140c185f06ae4e44f91d08d921d42a5c33014e3228"},"dob":{"date":"1946-04-27T16:05:02.215Z","age":77},"registered":{"date":"2012-08-18T22:28:08.822Z","age":11},"phone":"996-072-394","cell":"682-198-949","id":{"name":"DNI","value":"66028992-N"},"picture":{"large":"https://randomuser.me/api/portraits/women/30.jpg","medium":"https://randomuser.me/api/portraits/med/women/30.jpg","thumbnail":"https://randomuser.me/api/portraits/thumb/women/30.jpg"},"nat":"ES"}],"info":{"seed":"07a523df3dffa1ec","results":1,"page":1,"version":"1.4"}} 
 </msg>
<msg time="2024-04-26T05:13:42.605001" level="INFO">/opt/hostedtoolcache/Python/3.12.3/x64/lib/python3.12/site-packages/urllib3/connectionpool.py:1103: InsecureRequestWarning: Unverified HTTPS request is being made to host 'randomuser.me'. Adding certificate verification is strongly advised. See: https://urllib3.readthedocs.io/en/latest/advanced-usage.html#tls-warnings
  warnings.warn(</msg>
<msg time="2024-04-26T05:13:42.605139" level="INFO">${response} = &lt;Response [200]&gt;</msg>
<var>${response}</var>
<arg>consultarAPI</arg>
<arg>/api</arg>
<doc>Sends a GET request on a previously created HTTP Session.</doc>
<status status="PASS" start="2024-04-26T05:13:42.484653" elapsed="0.120542"/>
</kw>
<kw name="Set Variable" owner="BuiltIn">
<msg time="2024-04-26T05:13:42.606102" level="INFO">${json_data} = {'results': [{'gender': 'female', 'name': {'title': 'Mrs', 'first': 'Margarita', 'last': 'Martínez'}, 'location': {'street': {'number': 756, 'name': 'Calle de Bravo Murillo'}, 'city': 'San Sebastián',...</msg>
<var>${json_data}</var>
<arg>${response.json()}</arg>
<doc>Returns the given values which can then be assigned to a variables.</doc>
<status status="PASS" start="2024-04-26T05:13:42.605619" elapsed="0.000511"/>
</kw>
<kw name="Set Variable" owner="BuiltIn">
<msg time="2024-04-26T05:13:42.606805" level="INFO">${name_title} = Mrs</msg>
<var>${name_title}</var>
<arg>${json_data["results"][0]["name"]["title"]}</arg>
<doc>Returns the given values which can then be assigned to a variables.</doc>
<status status="PASS" start="2024-04-26T05:13:42.606429" elapsed="0.000401"/>
</kw>
<kw name="Create List" owner="BuiltIn">
<msg time="2024-04-26T05:13:42.607263" level="INFO">${allowed_titles} = ['Mr', 'Ms', 'Miss', 'Mrs', 'Madame', 'Monsieur']</msg>
<var>${allowed_titles}</var>
<arg>Mr</arg>
<arg>Ms</arg>
<arg>Miss</arg>
<arg>Mrs</arg>
<arg>Madame</arg>
<arg>Monsieur</arg>
<doc>Returns a list containing given items.</doc>
<status status="PASS" start="2024-04-26T05:13:42.607119" elapsed="0.000168"/>
</kw>
<kw name="List Should Contain Value" owner="Collections">
<msg time="2024-04-26T05:13:42.607744" level="INFO">False</msg>
<arg>${allowed_titles}</arg>
<arg>${name_title}</arg>
<doc>Fails if the ``value`` is not found from ``list``.</doc>
<status status="PASS" start="2024-04-26T05:13:42.607580" elapsed="0.000200"/>
</kw>
<kw name="Set Variable" owner="BuiltIn">
<msg time="2024-04-26T05:13:42.608444" level="INFO">${name_country} = ES</msg>
<var>${name_country}</var>
<arg>${json_data["results"][0]["nat"]}</arg>
<doc>Returns the given values which can then be assigned to a variables.</doc>
<status status="PASS" start="2024-04-26T05:13:42.608064" elapsed="0.000404"/>
</kw>
<kw name="Create List" owner="BuiltIn">
<msg time="2024-04-26T05:13:42.609343" level="INFO">${list_country} = ['AD', 'AE', 'AF', 'AG', 'AI', 'AL', 'AM', 'AO', 'AQ', 'AR', 'AS', 'AT', 'AU', 'AW', 'AX', 'AZ', 'BA', 'BB', 'BD', 'BE', 'BF', 'BG', 'BH', 'BI', 'BJ', 'BL', 'BM', 'BN', 'BO', 'BQ', 'BR', 'BS', 'BT', '...</msg>
<var>${list_country}</var>
<arg>AD</arg>
<arg>AE</arg>
<arg>AF</arg>
<arg>AG</arg>
<arg>AI</arg>
<arg>AL</arg>
<arg>AM</arg>
<arg>AO</arg>
<arg>AQ</arg>
<arg>AR</arg>
<arg>AS</arg>
<arg>AT</arg>
<arg>AU</arg>
<arg>AW</arg>
<arg>AX</arg>
<arg>AZ</arg>
<arg>BA</arg>
<arg>BB</arg>
<arg>BD</arg>
<arg>BE</arg>
<arg>BF</arg>
<arg>BG</arg>
<arg>BH</arg>
<arg>BI</arg>
<arg>BJ</arg>
<arg>BL</arg>
<arg>BM</arg>
<arg>BN</arg>
<arg>BO</arg>
<arg>BQ</arg>
<arg>BR</arg>
<arg>BS</arg>
<arg>BT</arg>
<arg>BV</arg>
<arg>BW</arg>
<arg>BY</arg>
<arg>BZ</arg>
<arg>CA</arg>
<arg>CC</arg>
<arg>CD</arg>
<arg>CF</arg>
<arg>CG</arg>
<arg>CH</arg>
<arg>CI</arg>
<arg>CK</arg>
<arg>CL</arg>
<arg>CM</arg>
<arg>CN</arg>
<arg>CO</arg>
<arg>CR</arg>
<arg>CU</arg>
<arg>CV</arg>
<arg>CW</arg>
<arg>CX</arg>
<arg>CY</arg>
<arg>CZ</arg>
<arg>DE</arg>
<arg>DJ</arg>
<arg>DK</arg>
<arg>DM</arg>
<arg>DO</arg>
<arg>DZ</arg>
<arg>EC</arg>
<arg>EE</arg>
<arg>EG</arg>
<arg>EH</arg>
<arg>ER</arg>
<arg>ES</arg>
<arg>ET</arg>
<arg>FI</arg>
<arg>FJ</arg>
<arg>FK</arg>
<arg>FM</arg>
<arg>FO</arg>
<arg>FR</arg>
<arg>GA</arg>
<arg>GB</arg>
<arg>GD</arg>
<arg>GE</arg>
<arg>GF</arg>
<arg>GG</arg>
<arg>GH</arg>
<arg>GI</arg>
<arg>GL</arg>
<arg>GM</arg>
<arg>GN</arg>
<arg>GP</arg>
<arg>GQ</arg>
<arg>GR</arg>
<arg>GS</arg>
<arg>GT</arg>
<arg>GU</arg>
<arg>GW</arg>
<arg>GY</arg>
<arg>HK</arg>
<arg>HM</arg>
<arg>HN</arg>
<arg>HR</arg>
<arg>HT</arg>
<arg>HU</arg>
<arg>ID</arg>
<arg>IE</arg>
<arg>IL</arg>
<arg>IM</arg>
<arg>IN</arg>
<arg>IO</arg>
<arg>IQ</arg>
<arg>IR</arg>
<arg>IS</arg>
<arg>IT</arg>
<arg>JE</arg>
<arg>JM</arg>
<arg>JO</arg>
<arg>JP</arg>
<arg>KE</arg>
<arg>KG</arg>
<arg>KH</arg>
<arg>KI</arg>
<arg>KM</arg>
<arg>KN</arg>
<arg>KP</arg>
<arg>KR</arg>
<arg>KW</arg>
<arg>KY</arg>
<arg>KZ</arg>
<arg>LA</arg>
<arg>LB</arg>
<arg>LC</arg>
<arg>LI</arg>
<arg>LK</arg>
<arg>LR</arg>
<arg>LS</arg>
<arg>LT</arg>
<arg>LU</arg>
<arg>LV</arg>
<arg>LY</arg>
<arg>MA</arg>
<arg>MC</arg>
<arg>MD</arg>
<arg>ME</arg>
<arg>MF</arg>
<arg>MG</arg>
<arg>MH</arg>
<arg>MK</arg>
<arg>ML</arg>
<arg>MM</arg>
<arg>MN</arg>
<arg>MO</arg>
<arg>MP</arg>
<arg>MQ</arg>
<arg>MR</arg>
<arg>MS</arg>
<arg>MT</arg>
<arg>MU</arg>
<arg>MV</arg>
<arg>MW</arg>
<arg>MX</arg>
<arg>MY</arg>
<arg>MZ</arg>
<arg>NA</arg>
<arg>NC</arg>
<arg>NE</arg>
<arg>NF</arg>
<arg>NG</arg>
<arg>NI</arg>
<arg>NL</arg>
<arg>NO</arg>
<arg>NP</arg>
<arg>NR</arg>
<arg>NU</arg>
<arg>NZ</arg>
<arg>OM</arg>
<arg>PA</arg>
<arg>PE</arg>
<arg>PF</arg>
<arg>PG</arg>
<arg>PH</arg>
<arg>PK</arg>
<arg>PL</arg>
<arg>PM</arg>
<arg>PN</arg>
<arg>PR</arg>
<arg>PS</arg>
<arg>PT</arg>
<arg>PW</arg>
<arg>PY</arg>
<arg>QA</arg>
<arg>RE</arg>
<arg>RO</arg>
<arg>RS</arg>
<arg>RU</arg>
<arg>RW</arg>
<arg>SA</arg>
<arg>SB</arg>
<arg>SC</arg>
<arg>SD</arg>
<arg>SE</arg>
<arg>SG</arg>
<arg>SH</arg>
<arg>SI</arg>
<arg>SJ</arg>
<arg>SK</arg>
<arg>SL</arg>
<arg>SM</arg>
<arg>SN</arg>
<arg>SO</arg>
<arg>SR</arg>
<arg>SS</arg>
<arg>ST</arg>
<arg>SV</arg>
<arg>SX</arg>
<arg>SY</arg>
<arg>SZ</arg>
<arg>TC</arg>
<arg>TD</arg>
<arg>TF</arg>
<arg>TG</arg>
<arg>TH</arg>
<arg>TJ</arg>
<arg>TK</arg>
<arg>TL</arg>
<arg>TM</arg>
<arg>TN</arg>
<arg>TO</arg>
<arg>TR</arg>
<arg>TT</arg>
<arg>TV</arg>
<arg>TW</arg>
<arg>TZ</arg>
<arg>UA</arg>
<arg>UG</arg>
<arg>UM</arg>
<arg>US</arg>
<arg>UY</arg>
<arg>UZ</arg>
<arg>VA</arg>
<arg>VC</arg>
<arg>VE</arg>
<arg>VG</arg>
<arg>VI</arg>
<arg>VN</arg>
<arg>VU</arg>
<arg>WF</arg>
<arg>WS</arg>
<arg>XK</arg>
<arg>YE</arg>
<arg>YT</arg>
<arg>ZA</arg>
<arg>ZM</arg>
<arg>ZW</arg>
<doc>Returns a list containing given items.</doc>
<status status="PASS" start="2024-04-26T05:13:42.608763" elapsed="0.000605"/>
</kw>
<kw name="List Should Contain Value" owner="Collections">
<msg time="2024-04-26T05:13:42.610366" level="INFO">False</msg>
<arg>${list_country}</arg>
<arg>${name_country}</arg>
<doc>Fails if the ``value`` is not found from ``list``.</doc>
<status status="PASS" start="2024-04-26T05:13:42.610168" elapsed="0.000233"/>
</kw>
<kw name="Run Keyword If" owner="BuiltIn">
<kw name="Should Be True" owner="BuiltIn">
<arg>${True}</arg>
<doc>Fails if the given condition is not true.</doc>
<status status="PASS" start="2024-04-26T05:13:42.611432" elapsed="0.000237"/>
</kw>
<arg>${json_data["results"][0]["location"]["coordinates"]["latitude"]} &gt;= -90 and ${json_data["results"][0]["location"]["coordinates"]["latitude"]} &lt;= 90</arg>
<arg>Should Be True</arg>
<arg>${True}</arg>
<doc>Runs the given keyword with the given arguments, if ``condition`` is true.</doc>
<status status="PASS" start="2024-04-26T05:13:42.610707" elapsed="0.001091"/>
</kw>
<kw name="Run Keyword If" owner="BuiltIn">
<kw name="Should Be True" owner="BuiltIn">
<arg>${True}</arg>
<doc>Fails if the given condition is not true.</doc>
<status status="PASS" start="2024-04-26T05:13:42.612680" elapsed="0.000137"/>
</kw>
<arg>${json_data["results"][0]["location"]["coordinates"]["longitude"]} &gt;= -180 and ${json_data["results"][0]["location"]["coordinates"]["longitude"]} &lt;= 180</arg>
<arg>Should Be True</arg>
<arg>${True}</arg>
<doc>Runs the given keyword with the given arguments, if ``condition`` is true.</doc>
<status status="PASS" start="2024-04-26T05:13:42.611980" elapsed="0.000967"/>
</kw>
<status status="PASS" start="2024-04-26T05:13:42.484433" elapsed="0.128641"/>
</kw>
<doc>Testa o conteúdo específico dos campos retornados pela API.</doc>
<tag>testeConteudo</tag>
<status status="PASS" start="2024-04-26T05:13:42.483940" elapsed="0.129272"/>
</test>
<status status="PASS" start="2024-04-26T05:13:41.724775" elapsed="0.890425"/>
</suite>
<status status="PASS" start="2024-04-26T05:13:41.710122" elapsed="0.910124"/>
</suite>
<statistics>
<total>
<stat pass="5" fail="0" skip="0">All Tests</stat>
</total>
<tag>
<stat pass="1" fail="0" skip="0">testeConteudo</stat>
<stat pass="1" fail="0" skip="0">testeEstruturaResposta</stat>
<stat pass="1" fail="0" skip="0">testeRequisicaoBasica</stat>
<stat pass="1" fail="0" skip="0">testeTiposDados</stat>
</tag>
<suite>
<stat pass="5" fail="0" skip="0" id="s1" name="Tests">Tests</stat>
<stat pass="5" fail="0" skip="0" id="s1-s1" name="Random-User-Test">Tests.Random-User-Test</stat>
</suite>
</statistics>
<errors>
</errors>
</robot>
