<?xml version="1.0" encoding="UTF-8"?>
<robot generator="Robot 7.0 (Python 3.12.3 on linux)" generated="2024-04-27T22:13:06.112342" rpa="false" schemaversion="5">
<suite id="s1" name="Tests" source="/home/runner/work/DesafioQAItauRogerioJordao/DesafioQAItauRogerioJordao/RamdonUser/tests">
<suite id="s1-s1" name="Random-User-Test" source="/home/runner/work/DesafioQAItauRogerioJordao/DesafioQAItauRogerioJordao/RamdonUser/tests/random-user-test.robot">
<test id="s1-s1-t1" name="Conectar" line="13">
<kw name="Conectar API" owner="random-user-service">
<kw name="Create Session" owner="RequestsLibrary">
<msg time="2024-04-27T22:13:06.463008" level="INFO">Creating Session using : alias=consultarAPI, url=https://randomuser.me/, headers={},                     cookies={}, auth=None, timeout=None, proxies=None, verify=False,                     debug=0 </msg>
<arg>consultarAPI</arg>
<arg>${URL}</arg>
<doc>Create Session: create a HTTP session to a server</doc>
<status status="PASS" start="2024-04-27T22:13:06.462822" elapsed="0.000351"/>
</kw>
<status status="PASS" start="2024-04-27T22:13:06.461934" elapsed="0.001581"/>
</kw>
<status status="PASS" start="2024-04-27T22:13:06.461405" elapsed="0.002301"/>
</test>
<test id="s1-s1-t2" name="Validar retorno 200 e JSON Válido" line="16">
<kw name="Teste de Requisicao Basica" owner="random-user-service">
<kw name="GET On Session" owner="RequestsLibrary">
<msg time="2024-04-27T22:13:06.974573" level="INFO">GET Request : url=https://randomuser.me/api 
 path_url=/api 
 headers={'User-Agent': 'python-requests/2.31.0', 'Accept-Encoding': 'gzip, deflate', 'Accept': '*/*', 'Connection': 'keep-alive'} 
 body=None 
 </msg>
<msg time="2024-04-27T22:13:06.974708" level="INFO">GET Response : url=https://randomuser.me/api 
 status=200, reason=OK 
 headers={'Date': 'Sat, 27 Apr 2024 22:13:06 GMT', 'Content-Type': 'application/json; charset=utf-8', 'Transfer-Encoding': 'chunked', 'Connection': 'keep-alive', 'X-Powered-By': 'Express', 'Access-Control-Allow-Origin': '*', 'Cache-Control': 'no-cache', 'ETag': 'W/"4a0-wR7QNxMnRFQlYSnUJAjYDdIZcAY"', 'Vary': 'Accept-Encoding', 'Content-Encoding': 'gzip', 'CF-Cache-Status': 'DYNAMIC', 'Report-To': '{"endpoints":[{"url":"https:\\/\\/a.nel.cloudflare.com\\/report\\/v4?s=eYFkwAMAPVpWTeXtbgEUkUMMcuS3T7dcoywoFaOdEaIEuGT%2BokiSW%2BdmwrycYkRvENo1pJ2XNkbnMl%2BAtVTAAeKpHji0awi%2FZ64UP0X9ZiCvtdXxa3jtUPN5XOvVL5WF"}],"group":"cf-nel","max_age":604800}', 'NEL': '{"success_fraction":0,"report_to":"cf-nel","max_age":604800}', 'Server': 'cloudflare', 'CF-RAY': '87b2286e1ef26895-SJC', 'alt-svc': 'h3=":443"; ma=86400'} 
 body={"results":[{"gender":"female","name":{"title":"Miss","first":"Remedios","last":"Gómez"},"location":{"street":{"number":9208,"name":"Calle de Ángel García"},"city":"Alcobendas","state":"Asturias","country":"Spain","postcode":18033,"coordinates":{"latitude":"-36.7783","longitude":"29.7409"},"timezone":{"offset":"+11:00","description":"Magadan, Solomon Islands, New Caledonia"}},"email":"remedios.gomez@example.com","login":{"uuid":"d50feb01-110a-4623-be7b-35537bbe79ec","username":"sadduck411","password":"jojo","salt":"hdOzklB5","md5":"9bdc6a207251d45789677a3b1cefe494","sha1":"ebaba2cdb02c90fa8e4425b72de160954c1042be","sha256":"3ad360c32eb44a5fca24b1d4669caadbb61b6c79c565da6fed1284075b195c42"},"dob":{"date":"1963-11-04T18:57:04.349Z","age":60},"registered":{"date":"2006-05-18T07:52:54.491Z","age":17},"phone":"967-846-977","cell":"662-667-410","id":{"name":"DNI","value":"14738692-C"},"picture":{"large":"https://randomuser.me/api/portraits/women/47.jpg","medium":"https://randomuser.me/api/portraits/med/women/47.jpg","thumbnail":"https://randomuser.me/api/portraits/thumb/women/47.jpg"},"nat":"ES"}],"info":{"seed":"ec52ff516f180bc4","results":1,"page":1,"version":"1.4"}} 
 </msg>
<msg time="2024-04-27T22:13:06.974796" level="INFO">/opt/hostedtoolcache/Python/3.12.3/x64/lib/python3.12/site-packages/urllib3/connectionpool.py:1103: InsecureRequestWarning: Unverified HTTPS request is being made to host 'randomuser.me'. Adding certificate verification is strongly advised. See: https://urllib3.readthedocs.io/en/latest/advanced-usage.html#tls-warnings
  warnings.warn(</msg>
<msg time="2024-04-27T22:13:06.974953" level="INFO">${response} = &lt;Response [200]&gt;</msg>
<var>${response}</var>
<arg>consultarAPI</arg>
<arg>/api</arg>
<doc>Sends a GET request on a previously created HTTP Session.</doc>
<status status="PASS" start="2024-04-27T22:13:06.466304" elapsed="0.508698"/>
</kw>
<kw name="Should Be Equal As Numbers" owner="BuiltIn">
<msg time="2024-04-27T22:13:06.976013" level="INFO">Argument types are:
&lt;class 'int'&gt;
&lt;class 'str'&gt;</msg>
<arg>${response.status_code}</arg>
<arg>200</arg>
<doc>Fails if objects are unequal after converting them to real numbers.</doc>
<status status="PASS" start="2024-04-27T22:13:06.975551" elapsed="0.000524"/>
</kw>
<kw name="Log" owner="BuiltIn">
<msg time="2024-04-27T22:13:06.976740" level="INFO">200</msg>
<arg>${response.status_code}</arg>
<doc>Logs the given message with the given level.</doc>
<status status="PASS" start="2024-04-27T22:13:06.976397" elapsed="0.000385"/>
</kw>
<kw name="Set Variable" owner="BuiltIn">
<msg time="2024-04-27T22:13:06.977557" level="INFO">${json_data} = {'results': [{'gender': 'female', 'name': {'title': 'Miss', 'first': 'Remedios', 'last': 'Gómez'}, 'location': {'street': {'number': 9208, 'name': 'Calle de Ángel García'}, 'city': 'Alcobendas', 'stat...</msg>
<var>${json_data}</var>
<arg>${response.json()}</arg>
<doc>Returns the given values which can then be assigned to a variables.</doc>
<status status="PASS" start="2024-04-27T22:13:06.977078" elapsed="0.000511"/>
</kw>
<kw name="Dictionary Should Contain Key" owner="Collections">
<msg time="2024-04-27T22:13:06.978062" level="INFO">False</msg>
<arg>${json_data}</arg>
<arg>results</arg>
<doc>Fails if ``key`` is not found from ``dictionary``.</doc>
<status status="PASS" start="2024-04-27T22:13:06.977893" elapsed="0.000208"/>
</kw>
<status status="PASS" start="2024-04-27T22:13:06.466049" elapsed="0.512302"/>
</kw>
<doc>Testa se a API responde corretamente e retorna um objeto JSON válido.</doc>
<tag>testeRequisicaoBasica</tag>
<status status="PASS" start="2024-04-27T22:13:06.465597" elapsed="0.512926"/>
</test>
<test id="s1-s1-t3" name="Validar estrutura de resposta" line="22">
<kw name="Teste de Estrutura de Resposta" owner="random-user-service">
<kw name="GET On Session" owner="RequestsLibrary">
<msg time="2024-04-27T22:13:07.077389" level="INFO">GET Request : url=https://randomuser.me/api 
 path_url=/api 
 headers={'User-Agent': 'python-requests/2.31.0', 'Accept-Encoding': 'gzip, deflate', 'Accept': '*/*', 'Connection': 'keep-alive'} 
 body=None 
 </msg>
<msg time="2024-04-27T22:13:07.077494" level="INFO">GET Response : url=https://randomuser.me/api 
 status=200, reason=OK 
 headers={'Date': 'Sat, 27 Apr 2024 22:13:07 GMT', 'Content-Type': 'application/json; charset=utf-8', 'Transfer-Encoding': 'chunked', 'Connection': 'keep-alive', 'X-Powered-By': 'Express', 'Access-Control-Allow-Origin': '*', 'Cache-Control': 'no-cache', 'ETag': 'W/"487-R86D0D3o2yCs1WnhoFF4dKw1nNw"', 'Vary': 'Accept-Encoding', 'Content-Encoding': 'gzip', 'CF-Cache-Status': 'DYNAMIC', 'Report-To': '{"endpoints":[{"url":"https:\\/\\/a.nel.cloudflare.com\\/report\\/v4?s=qtXDNGU0v2QMIfjWukXSsz8DtzoezrXmr0zJnPFqHP35zi41n6%2B7svvTscitMwy87E1XLIdEtKgBgs7gMewILkvjAICO8e0DDxqOcPj4M%2ByNDtsLN%2B22skPX7JAZ8OBQ"}],"group":"cf-nel","max_age":604800}', 'NEL': '{"success_fraction":0,"report_to":"cf-nel","max_age":604800}', 'Server': 'cloudflare', 'CF-RAY': '87b2286eaf646895-SJC', 'alt-svc': 'h3=":443"; ma=86400'} 
 body={"results":[{"gender":"female","name":{"title":"Ms","first":"Gonca","last":"Egeli"},"location":{"street":{"number":3574,"name":"Talak Göktepe Cd"},"city":"Uşak","state":"Çorum","country":"Turkey","postcode":93218,"coordinates":{"latitude":"66.7343","longitude":"16.4895"},"timezone":{"offset":"+10:00","description":"Eastern Australia, Guam, Vladivostok"}},"email":"gonca.egeli@example.com","login":{"uuid":"75df54c3-eaaa-48ee-a997-98fb22a74790","username":"heavymeercat580","password":"mindy","salt":"NOOG666K","md5":"ea38bf967b888cdc6edbd1ed40ce33e7","sha1":"26b244f60e65b2e1e356474ef63b694e519358f4","sha256":"5e5356fe81213f8bb706872d7f4e256701f2adc8c336860c61387d784a0c3516"},"dob":{"date":"2000-11-21T19:18:02.292Z","age":23},"registered":{"date":"2016-09-04T22:34:21.937Z","age":7},"phone":"(164)-345-0487","cell":"(156)-876-4715","id":{"name":"","value":null},"picture":{"large":"https://randomuser.me/api/portraits/women/14.jpg","medium":"https://randomuser.me/api/portraits/med/women/14.jpg","thumbnail":"https://randomuser.me/api/portraits/thumb/women/14.jpg"},"nat":"TR"}],"info":{"seed":"e80946e5bc51d89d","results":1,"page":1,"version":"1.4"}} 
 </msg>
<msg time="2024-04-27T22:13:07.077590" level="INFO">/opt/hostedtoolcache/Python/3.12.3/x64/lib/python3.12/site-packages/urllib3/connectionpool.py:1103: InsecureRequestWarning: Unverified HTTPS request is being made to host 'randomuser.me'. Adding certificate verification is strongly advised. See: https://urllib3.readthedocs.io/en/latest/advanced-usage.html#tls-warnings
  warnings.warn(</msg>
<msg time="2024-04-27T22:13:07.077680" level="INFO">${response} = &lt;Response [200]&gt;</msg>
<var>${response}</var>
<arg>consultarAPI</arg>
<arg>/api</arg>
<doc>Sends a GET request on a previously created HTTP Session.</doc>
<status status="PASS" start="2024-04-27T22:13:06.981010" elapsed="0.096707"/>
</kw>
<kw name="Set Variable" owner="BuiltIn">
<msg time="2024-04-27T22:13:07.078525" level="INFO">${json_data} = {'results': [{'gender': 'female', 'name': {'title': 'Ms', 'first': 'Gonca', 'last': 'Egeli'}, 'location': {'street': {'number': 3574, 'name': 'Talak Göktepe Cd'}, 'city': 'Uşak', 'state': 'Çorum', 'co...</msg>
<var>${json_data}</var>
<arg>${response.json()}</arg>
<doc>Returns the given values which can then be assigned to a variables.</doc>
<status status="PASS" start="2024-04-27T22:13:07.078070" elapsed="0.000485"/>
</kw>
<kw name="Log" owner="BuiltIn">
<msg time="2024-04-27T22:13:07.079016" level="INFO">{'results': [{'gender': 'female', 'name': {'title': 'Ms', 'first': 'Gonca', 'last': 'Egeli'}, 'location': {'street': {'number': 3574, 'name': 'Talak Göktepe Cd'}, 'city': 'Uşak', 'state': 'Çorum', 'country': 'Turkey', 'postcode': 93218, 'coordinates': {'latitude': '66.7343', 'longitude': '16.4895'}, 'timezone': {'offset': '+10:00', 'description': 'Eastern Australia, Guam, Vladivostok'}}, 'email': 'gonca.egeli@example.com', 'login': {'uuid': '75df54c3-eaaa-48ee-a997-98fb22a74790', 'username': 'heavymeercat580', 'password': 'mindy', 'salt': 'NOOG666K', 'md5': 'ea38bf967b888cdc6edbd1ed40ce33e7', 'sha1': '26b244f60e65b2e1e356474ef63b694e519358f4', 'sha256': '5e5356fe81213f8bb706872d7f4e256701f2adc8c336860c61387d784a0c3516'}, 'dob': {'date': '2000-11-21T19:18:02.292Z', 'age': 23}, 'registered': {'date': '2016-09-04T22:34:21.937Z', 'age': 7}, 'phone': '(164)-345-0487', 'cell': '(156)-876-4715', 'id': {'name': '', 'value': None}, 'picture': {'large': 'https://randomuser.me/api/portraits/women/14.jpg', 'medium': 'https://randomuser.me/api/portraits/med/women/14.jpg', 'thumbnail': 'https://randomuser.me/api/portraits/thumb/women/14.jpg'}, 'nat': 'TR'}], 'info': {'seed': 'e80946e5bc51d89d', 'results': 1, 'page': 1, 'version': '1.4'}}</msg>
<arg>${json_data}</arg>
<doc>Logs the given message with the given level.</doc>
<status status="PASS" start="2024-04-27T22:13:07.078857" elapsed="0.000208"/>
</kw>
<kw name="Dictionary Should Contain Key" owner="Collections">
<msg time="2024-04-27T22:13:07.079508" level="INFO">False</msg>
<arg>${json_data}</arg>
<arg>results</arg>
<doc>Fails if ``key`` is not found from ``dictionary``.</doc>
<status status="PASS" start="2024-04-27T22:13:07.079355" elapsed="0.000189"/>
</kw>
<kw name="Should Not Be Empty" owner="BuiltIn">
<msg time="2024-04-27T22:13:07.079963" level="INFO">Length is 2.</msg>
<arg>${json_data}</arg>
<doc>Verifies that the given item is not empty.</doc>
<status status="PASS" start="2024-04-27T22:13:07.079832" elapsed="0.000295"/>
</kw>
<kw name="Create List" owner="BuiltIn">
<msg time="2024-04-27T22:13:07.080570" level="INFO">${expected_keys} = ['gender', 'name', 'location', 'email', 'login']</msg>
<var>${expected_keys}</var>
<arg>gender</arg>
<arg>name</arg>
<arg>location</arg>
<arg>email</arg>
<arg>login</arg>
<doc>Returns a list containing given items.</doc>
<status status="PASS" start="2024-04-27T22:13:07.080418" elapsed="0.000177"/>
</kw>
<for flavor="IN">
<iter>
<kw name="Dictionary Should Contain Key" owner="Collections">
<msg time="2024-04-27T22:13:07.081592" level="INFO">False</msg>
<arg>${json_data['results'][0]}</arg>
<arg>${key}</arg>
<doc>Fails if ``key`` is not found from ``dictionary``.</doc>
<status status="PASS" start="2024-04-27T22:13:07.081151" elapsed="0.000480"/>
</kw>
<kw name="Log" owner="BuiltIn">
<msg time="2024-04-27T22:13:07.082300" level="INFO">{'gender': 'female', 'name': {'title': 'Ms', 'first': 'Gonca', 'last': 'Egeli'}, 'location': {'street': {'number': 3574, 'name': 'Talak Göktepe Cd'}, 'city': 'Uşak', 'state': 'Çorum', 'country': 'Turkey', 'postcode': 93218, 'coordinates': {'latitude': '66.7343', 'longitude': '16.4895'}, 'timezone': {'offset': '+10:00', 'description': 'Eastern Australia, Guam, Vladivostok'}}, 'email': 'gonca.egeli@example.com', 'login': {'uuid': '75df54c3-eaaa-48ee-a997-98fb22a74790', 'username': 'heavymeercat580', 'password': 'mindy', 'salt': 'NOOG666K', 'md5': 'ea38bf967b888cdc6edbd1ed40ce33e7', 'sha1': '26b244f60e65b2e1e356474ef63b694e519358f4', 'sha256': '5e5356fe81213f8bb706872d7f4e256701f2adc8c336860c61387d784a0c3516'}, 'dob': {'date': '2000-11-21T19:18:02.292Z', 'age': 23}, 'registered': {'date': '2016-09-04T22:34:21.937Z', 'age': 7}, 'phone': '(164)-345-0487', 'cell': '(156)-876-4715', 'id': {'name': '', 'value': None}, 'picture': {'large': 'https://randomuser.me/api/portraits/women/14.jpg', 'medium': 'https://randomuser.me/api/portraits/med/women/14.jpg', 'thumbnail': 'https://randomuser.me/api/portraits/thumb/women/14.jpg'}, 'nat': 'TR'}</msg>
<arg>${json_data['results'][0]}</arg>
<doc>Logs the given message with the given level.</doc>
<status status="PASS" start="2024-04-27T22:13:07.081936" elapsed="0.000415"/>
</kw>
<kw name="Log" owner="BuiltIn">
<msg time="2024-04-27T22:13:07.082766" level="INFO">gender</msg>
<arg>${key}</arg>
<doc>Logs the given message with the given level.</doc>
<status status="PASS" start="2024-04-27T22:13:07.082642" elapsed="0.000161"/>
</kw>
<var name="${key}">gender</var>
<status status="PASS" start="2024-04-27T22:13:07.081029" elapsed="0.001984"/>
</iter>
<iter>
<kw name="Dictionary Should Contain Key" owner="Collections">
<msg time="2024-04-27T22:13:07.083710" level="INFO">False</msg>
<arg>${json_data['results'][0]}</arg>
<arg>${key}</arg>
<doc>Fails if ``key`` is not found from ``dictionary``.</doc>
<status status="PASS" start="2024-04-27T22:13:07.083327" elapsed="0.000420"/>
</kw>
<kw name="Log" owner="BuiltIn">
<msg time="2024-04-27T22:13:07.084439" level="INFO">{'gender': 'female', 'name': {'title': 'Ms', 'first': 'Gonca', 'last': 'Egeli'}, 'location': {'street': {'number': 3574, 'name': 'Talak Göktepe Cd'}, 'city': 'Uşak', 'state': 'Çorum', 'country': 'Turkey', 'postcode': 93218, 'coordinates': {'latitude': '66.7343', 'longitude': '16.4895'}, 'timezone': {'offset': '+10:00', 'description': 'Eastern Australia, Guam, Vladivostok'}}, 'email': 'gonca.egeli@example.com', 'login': {'uuid': '75df54c3-eaaa-48ee-a997-98fb22a74790', 'username': 'heavymeercat580', 'password': 'mindy', 'salt': 'NOOG666K', 'md5': 'ea38bf967b888cdc6edbd1ed40ce33e7', 'sha1': '26b244f60e65b2e1e356474ef63b694e519358f4', 'sha256': '5e5356fe81213f8bb706872d7f4e256701f2adc8c336860c61387d784a0c3516'}, 'dob': {'date': '2000-11-21T19:18:02.292Z', 'age': 23}, 'registered': {'date': '2016-09-04T22:34:21.937Z', 'age': 7}, 'phone': '(164)-345-0487', 'cell': '(156)-876-4715', 'id': {'name': '', 'value': None}, 'picture': {'large': 'https://randomuser.me/api/portraits/women/14.jpg', 'medium': 'https://randomuser.me/api/portraits/med/women/14.jpg', 'thumbnail': 'https://randomuser.me/api/portraits/thumb/women/14.jpg'}, 'nat': 'TR'}</msg>
<arg>${json_data['results'][0]}</arg>
<doc>Logs the given message with the given level.</doc>
<status status="PASS" start="2024-04-27T22:13:07.084065" elapsed="0.000424"/>
</kw>
<kw name="Log" owner="BuiltIn">
<msg time="2024-04-27T22:13:07.084906" level="INFO">name</msg>
<arg>${key}</arg>
<doc>Logs the given message with the given level.</doc>
<status status="PASS" start="2024-04-27T22:13:07.084782" elapsed="0.000160"/>
</kw>
<var name="${key}">name</var>
<status status="PASS" start="2024-04-27T22:13:07.083195" elapsed="0.001956"/>
</iter>
<iter>
<kw name="Dictionary Should Contain Key" owner="Collections">
<msg time="2024-04-27T22:13:07.085859" level="INFO">False</msg>
<arg>${json_data['results'][0]}</arg>
<arg>${key}</arg>
<doc>Fails if ``key`` is not found from ``dictionary``.</doc>
<status status="PASS" start="2024-04-27T22:13:07.085462" elapsed="0.000434"/>
</kw>
<kw name="Log" owner="BuiltIn">
<msg time="2024-04-27T22:13:07.086555" level="INFO">{'gender': 'female', 'name': {'title': 'Ms', 'first': 'Gonca', 'last': 'Egeli'}, 'location': {'street': {'number': 3574, 'name': 'Talak Göktepe Cd'}, 'city': 'Uşak', 'state': 'Çorum', 'country': 'Turkey', 'postcode': 93218, 'coordinates': {'latitude': '66.7343', 'longitude': '16.4895'}, 'timezone': {'offset': '+10:00', 'description': 'Eastern Australia, Guam, Vladivostok'}}, 'email': 'gonca.egeli@example.com', 'login': {'uuid': '75df54c3-eaaa-48ee-a997-98fb22a74790', 'username': 'heavymeercat580', 'password': 'mindy', 'salt': 'NOOG666K', 'md5': 'ea38bf967b888cdc6edbd1ed40ce33e7', 'sha1': '26b244f60e65b2e1e356474ef63b694e519358f4', 'sha256': '5e5356fe81213f8bb706872d7f4e256701f2adc8c336860c61387d784a0c3516'}, 'dob': {'date': '2000-11-21T19:18:02.292Z', 'age': 23}, 'registered': {'date': '2016-09-04T22:34:21.937Z', 'age': 7}, 'phone': '(164)-345-0487', 'cell': '(156)-876-4715', 'id': {'name': '', 'value': None}, 'picture': {'large': 'https://randomuser.me/api/portraits/women/14.jpg', 'medium': 'https://randomuser.me/api/portraits/med/women/14.jpg', 'thumbnail': 'https://randomuser.me/api/portraits/thumb/women/14.jpg'}, 'nat': 'TR'}</msg>
<arg>${json_data['results'][0]}</arg>
<doc>Logs the given message with the given level.</doc>
<status status="PASS" start="2024-04-27T22:13:07.086197" elapsed="0.000407"/>
</kw>
<kw name="Log" owner="BuiltIn">
<msg time="2024-04-27T22:13:07.087017" level="INFO">location</msg>
<arg>${key}</arg>
<doc>Logs the given message with the given level.</doc>
<status status="PASS" start="2024-04-27T22:13:07.086895" elapsed="0.000159"/>
</kw>
<var name="${key}">location</var>
<status status="PASS" start="2024-04-27T22:13:07.085322" elapsed="0.001942"/>
</iter>
<iter>
<kw name="Dictionary Should Contain Key" owner="Collections">
<msg time="2024-04-27T22:13:07.087921" level="INFO">False</msg>
<arg>${json_data['results'][0]}</arg>
<arg>${key}</arg>
<doc>Fails if ``key`` is not found from ``dictionary``.</doc>
<status status="PASS" start="2024-04-27T22:13:07.087541" elapsed="0.000415"/>
</kw>
<kw name="Log" owner="BuiltIn">
<msg time="2024-04-27T22:13:07.088608" level="INFO">{'gender': 'female', 'name': {'title': 'Ms', 'first': 'Gonca', 'last': 'Egeli'}, 'location': {'street': {'number': 3574, 'name': 'Talak Göktepe Cd'}, 'city': 'Uşak', 'state': 'Çorum', 'country': 'Turkey', 'postcode': 93218, 'coordinates': {'latitude': '66.7343', 'longitude': '16.4895'}, 'timezone': {'offset': '+10:00', 'description': 'Eastern Australia, Guam, Vladivostok'}}, 'email': 'gonca.egeli@example.com', 'login': {'uuid': '75df54c3-eaaa-48ee-a997-98fb22a74790', 'username': 'heavymeercat580', 'password': 'mindy', 'salt': 'NOOG666K', 'md5': 'ea38bf967b888cdc6edbd1ed40ce33e7', 'sha1': '26b244f60e65b2e1e356474ef63b694e519358f4', 'sha256': '5e5356fe81213f8bb706872d7f4e256701f2adc8c336860c61387d784a0c3516'}, 'dob': {'date': '2000-11-21T19:18:02.292Z', 'age': 23}, 'registered': {'date': '2016-09-04T22:34:21.937Z', 'age': 7}, 'phone': '(164)-345-0487', 'cell': '(156)-876-4715', 'id': {'name': '', 'value': None}, 'picture': {'large': 'https://randomuser.me/api/portraits/women/14.jpg', 'medium': 'https://randomuser.me/api/portraits/med/women/14.jpg', 'thumbnail': 'https://randomuser.me/api/portraits/thumb/women/14.jpg'}, 'nat': 'TR'}</msg>
<arg>${json_data['results'][0]}</arg>
<doc>Logs the given message with the given level.</doc>
<status status="PASS" start="2024-04-27T22:13:07.088249" elapsed="0.000408"/>
</kw>
<kw name="Log" owner="BuiltIn">
<msg time="2024-04-27T22:13:07.089069" level="INFO">email</msg>
<arg>${key}</arg>
<doc>Logs the given message with the given level.</doc>
<status status="PASS" start="2024-04-27T22:13:07.088946" elapsed="0.000160"/>
</kw>
<var name="${key}">email</var>
<status status="PASS" start="2024-04-27T22:13:07.087433" elapsed="0.001885"/>
</iter>
<iter>
<kw name="Dictionary Should Contain Key" owner="Collections">
<msg time="2024-04-27T22:13:07.090022" level="INFO">False</msg>
<arg>${json_data['results'][0]}</arg>
<arg>${key}</arg>
<doc>Fails if ``key`` is not found from ``dictionary``.</doc>
<status status="PASS" start="2024-04-27T22:13:07.089644" elapsed="0.000413"/>
</kw>
<kw name="Log" owner="BuiltIn">
<msg time="2024-04-27T22:13:07.090713" level="INFO">{'gender': 'female', 'name': {'title': 'Ms', 'first': 'Gonca', 'last': 'Egeli'}, 'location': {'street': {'number': 3574, 'name': 'Talak Göktepe Cd'}, 'city': 'Uşak', 'state': 'Çorum', 'country': 'Turkey', 'postcode': 93218, 'coordinates': {'latitude': '66.7343', 'longitude': '16.4895'}, 'timezone': {'offset': '+10:00', 'description': 'Eastern Australia, Guam, Vladivostok'}}, 'email': 'gonca.egeli@example.com', 'login': {'uuid': '75df54c3-eaaa-48ee-a997-98fb22a74790', 'username': 'heavymeercat580', 'password': 'mindy', 'salt': 'NOOG666K', 'md5': 'ea38bf967b888cdc6edbd1ed40ce33e7', 'sha1': '26b244f60e65b2e1e356474ef63b694e519358f4', 'sha256': '5e5356fe81213f8bb706872d7f4e256701f2adc8c336860c61387d784a0c3516'}, 'dob': {'date': '2000-11-21T19:18:02.292Z', 'age': 23}, 'registered': {'date': '2016-09-04T22:34:21.937Z', 'age': 7}, 'phone': '(164)-345-0487', 'cell': '(156)-876-4715', 'id': {'name': '', 'value': None}, 'picture': {'large': 'https://randomuser.me/api/portraits/women/14.jpg', 'medium': 'https://randomuser.me/api/portraits/med/women/14.jpg', 'thumbnail': 'https://randomuser.me/api/portraits/thumb/women/14.jpg'}, 'nat': 'TR'}</msg>
<arg>${json_data['results'][0]}</arg>
<doc>Logs the given message with the given level.</doc>
<status status="PASS" start="2024-04-27T22:13:07.090346" elapsed="0.000416"/>
</kw>
<kw name="Log" owner="BuiltIn">
<msg time="2024-04-27T22:13:07.091177" level="INFO">login</msg>
<arg>${key}</arg>
<doc>Logs the given message with the given level.</doc>
<status status="PASS" start="2024-04-27T22:13:07.091054" elapsed="0.000160"/>
</kw>
<var name="${key}">login</var>
<status status="PASS" start="2024-04-27T22:13:07.089525" elapsed="0.001922"/>
</iter>
<var>${key}</var>
<value>@{expected_keys}</value>
<status status="PASS" start="2024-04-27T22:13:07.080850" elapsed="0.010721"/>
</for>
<kw name="Create List" owner="BuiltIn">
<msg time="2024-04-27T22:13:07.091900" level="INFO">${expected_keysTwo} = ['username', 'password']</msg>
<var>${expected_keysTwo}</var>
<arg>username</arg>
<arg>password</arg>
<doc>Returns a list containing given items.</doc>
<status status="PASS" start="2024-04-27T22:13:07.091760" elapsed="0.000163"/>
</kw>
<for flavor="IN">
<iter>
<kw name="Dictionary Should Contain Key" owner="Collections">
<msg time="2024-04-27T22:13:07.092793" level="INFO">False</msg>
<arg>${json_data['results'][0]['login']}</arg>
<arg>${keyTwo}</arg>
<doc>Fails if ``key`` is not found from ``dictionary``.</doc>
<status status="PASS" start="2024-04-27T22:13:07.092409" elapsed="0.000419"/>
</kw>
<kw name="Dictionary Should Contain Key" owner="Collections">
<msg time="2024-04-27T22:13:07.093546" level="INFO">False</msg>
<arg>${json_data['results'][0]['login']}</arg>
<arg>${keyTwo}</arg>
<doc>Fails if ``key`` is not found from ``dictionary``.</doc>
<status status="PASS" start="2024-04-27T22:13:07.093114" elapsed="0.000471"/>
</kw>
<kw name="Log" owner="BuiltIn">
<msg time="2024-04-27T22:13:07.094009" level="INFO">username</msg>
<arg>${keyTwo}</arg>
<doc>Logs the given message with the given level.</doc>
<status status="PASS" start="2024-04-27T22:13:07.093882" elapsed="0.000169"/>
</kw>
<var name="${keyTwo}">username</var>
<status status="PASS" start="2024-04-27T22:13:07.092301" elapsed="0.001962"/>
</iter>
<iter>
<kw name="Dictionary Should Contain Key" owner="Collections">
<msg time="2024-04-27T22:13:07.094998" level="INFO">False</msg>
<arg>${json_data['results'][0]['login']}</arg>
<arg>${keyTwo}</arg>
<doc>Fails if ``key`` is not found from ``dictionary``.</doc>
<status status="PASS" start="2024-04-27T22:13:07.094540" elapsed="0.000503"/>
</kw>
<kw name="Dictionary Should Contain Key" owner="Collections">
<msg time="2024-04-27T22:13:07.095957" level="INFO">False</msg>
<arg>${json_data['results'][0]['login']}</arg>
<arg>${keyTwo}</arg>
<doc>Fails if ``key`` is not found from ``dictionary``.</doc>
<status status="PASS" start="2024-04-27T22:13:07.095388" elapsed="0.000608"/>
</kw>
<kw name="Log" owner="BuiltIn">
<msg time="2024-04-27T22:13:07.096419" level="INFO">password</msg>
<arg>${keyTwo}</arg>
<doc>Logs the given message with the given level.</doc>
<status status="PASS" start="2024-04-27T22:13:07.096293" elapsed="0.000163"/>
</kw>
<var name="${keyTwo}">password</var>
<status status="PASS" start="2024-04-27T22:13:07.094431" elapsed="0.002236"/>
</iter>
<var>${keyTwo}</var>
<value>@{expected_keysTwo}</value>
<status status="PASS" start="2024-04-27T22:13:07.092153" elapsed="0.004635"/>
</for>
<status status="PASS" start="2024-04-27T22:13:06.980785" elapsed="0.116138"/>
</kw>
<doc>Testa a estrutura da resposta da API.</doc>
<tag>testeEstruturaResposta</tag>
<status status="PASS" start="2024-04-27T22:13:06.980301" elapsed="0.116766"/>
</test>
<test id="s1-s1-t4" name="Validar tipos de dados" line="28">
<kw name="Teste de Tipos de Dados" owner="random-user-service">
<kw name="GET On Session" owner="RequestsLibrary">
<msg time="2024-04-27T22:13:07.408401" level="INFO">GET Request : url=https://randomuser.me/api 
 path_url=/api 
 headers={'User-Agent': 'python-requests/2.31.0', 'Accept-Encoding': 'gzip, deflate', 'Accept': '*/*', 'Connection': 'keep-alive'} 
 body=None 
 </msg>
<msg time="2024-04-27T22:13:07.408484" level="INFO">GET Response : url=https://randomuser.me/api 
 status=200, reason=OK 
 headers={'Date': 'Sat, 27 Apr 2024 22:13:07 GMT', 'Content-Type': 'application/json; charset=utf-8', 'Transfer-Encoding': 'chunked', 'Connection': 'keep-alive', 'X-Powered-By': 'Express', 'Access-Control-Allow-Origin': '*', 'Cache-Control': 'no-cache', 'ETag': 'W/"4aa-vwhuvpoYn+YSbsdigAEe9jsIrH0"', 'Vary': 'Accept-Encoding', 'Content-Encoding': 'gzip', 'CF-Cache-Status': 'DYNAMIC', 'Report-To': '{"endpoints":[{"url":"https:\\/\\/a.nel.cloudflare.com\\/report\\/v4?s=04ESXkearrhRsmxyP8R3amBkXBrnmvVjAyDzSmABJ%2FoX1x1yPs0ZLAFglywMEpkMOVQ32Gz1xpZKTFpuewLiYHhhzYiccEUjEfXshviHEOaVjH5QvyAv2ngof5K6tNiS"}],"group":"cf-nel","max_age":604800}', 'NEL': '{"success_fraction":0,"report_to":"cf-nel","max_age":604800}', 'Server': 'cloudflare', 'CF-RAY': '87b2286f6ff86895-SJC', 'alt-svc': 'h3=":443"; ma=86400'} 
 body={"results":[{"gender":"female","name":{"title":"Ms","first":"Molly","last":"Myers"},"location":{"street":{"number":9960,"name":"Victoria Road"},"city":"Peterborough","state":"Dumfries and Galloway","country":"United Kingdom","postcode":"M7 4XL","coordinates":{"latitude":"-8.4817","longitude":"136.0405"},"timezone":{"offset":"+4:00","description":"Abu Dhabi, Muscat, Baku, Tbilisi"}},"email":"molly.myers@example.com","login":{"uuid":"bac9fea4-646d-4e8b-b1a4-dd4939c4479e","username":"crazyswan840","password":"othello","salt":"qyZ6HSDe","md5":"9be8e3dd353ddd163df9a00939cfbbdb","sha1":"d4b3f912132bf9063e38c88e532c57c8223cc647","sha256":"bb19339bd146c09e6e2186832406502eb0cff99af9b9bdc769b61475a94a27d5"},"dob":{"date":"1959-05-09T19:41:30.667Z","age":64},"registered":{"date":"2014-06-07T05:52:39.326Z","age":9},"phone":"017683 47960","cell":"07237 477583","id":{"name":"NINO","value":"NG 88 37 99 M"},"picture":{"large":"https://randomuser.me/api/portraits/women/22.jpg","medium":"https://randomuser.me/api/portraits/med/women/22.jpg","thumbnail":"https://randomuser.me/api/portraits/thumb/women/22.jpg"},"nat":"GB"}],"info":{"seed":"251ffabea459518b","results":1,"page":1,"version":"1.4"}} 
 </msg>
<msg time="2024-04-27T22:13:07.408557" level="INFO">/opt/hostedtoolcache/Python/3.12.3/x64/lib/python3.12/site-packages/urllib3/connectionpool.py:1103: InsecureRequestWarning: Unverified HTTPS request is being made to host 'randomuser.me'. Adding certificate verification is strongly advised. See: https://urllib3.readthedocs.io/en/latest/advanced-usage.html#tls-warnings
  warnings.warn(</msg>
<msg time="2024-04-27T22:13:07.408674" level="INFO">${response} = &lt;Response [200]&gt;</msg>
<var>${response}</var>
<arg>consultarAPI</arg>
<arg>/api</arg>
<doc>Sends a GET request on a previously created HTTP Session.</doc>
<status status="PASS" start="2024-04-27T22:13:07.099490" elapsed="0.309238"/>
</kw>
<kw name="Set Variable" owner="BuiltIn">
<msg time="2024-04-27T22:13:07.409824" level="INFO">${json_data} = {'results': [{'gender': 'female', 'name': {'title': 'Ms', 'first': 'Molly', 'last': 'Myers'}, 'location': {'street': {'number': 9960, 'name': 'Victoria Road'}, 'city': 'Peterborough', 'state': 'Dumfri...</msg>
<var>${json_data}</var>
<arg>${response.json()}</arg>
<doc>Returns the given values which can then be assigned to a variables.</doc>
<status status="PASS" start="2024-04-27T22:13:07.409248" elapsed="0.000604"/>
</kw>
<kw name="Log" owner="BuiltIn">
<msg time="2024-04-27T22:13:07.410303" level="INFO">{'results': [{'gender': 'female', 'name': {'title': 'Ms', 'first': 'Molly', 'last': 'Myers'}, 'location': {'street': {'number': 9960, 'name': 'Victoria Road'}, 'city': 'Peterborough', 'state': 'Dumfries and Galloway', 'country': 'United Kingdom', 'postcode': 'M7 4XL', 'coordinates': {'latitude': '-8.4817', 'longitude': '136.0405'}, 'timezone': {'offset': '+4:00', 'description': 'Abu Dhabi, Muscat, Baku, Tbilisi'}}, 'email': 'molly.myers@example.com', 'login': {'uuid': 'bac9fea4-646d-4e8b-b1a4-dd4939c4479e', 'username': 'crazyswan840', 'password': 'othello', 'salt': 'qyZ6HSDe', 'md5': '9be8e3dd353ddd163df9a00939cfbbdb', 'sha1': 'd4b3f912132bf9063e38c88e532c57c8223cc647', 'sha256': 'bb19339bd146c09e6e2186832406502eb0cff99af9b9bdc769b61475a94a27d5'}, 'dob': {'date': '1959-05-09T19:41:30.667Z', 'age': 64}, 'registered': {'date': '2014-06-07T05:52:39.326Z', 'age': 9}, 'phone': '017683 47960', 'cell': '07237 477583', 'id': {'name': 'NINO', 'value': 'NG 88 37 99 M'}, 'picture': {'large': 'https://randomuser.me/api/portraits/women/22.jpg', 'medium': 'https://randomuser.me/api/portraits/med/women/22.jpg', 'thumbnail': 'https://randomuser.me/api/portraits/thumb/women/22.jpg'}, 'nat': 'GB'}], 'info': {'seed': '251ffabea459518b', 'results': 1, 'page': 1, 'version': '1.4'}}</msg>
<arg>${json_data}</arg>
<doc>Logs the given message with the given level.</doc>
<status status="PASS" start="2024-04-27T22:13:07.410153" elapsed="0.000227"/>
</kw>
<kw name="Should Be String" owner="String">
<arg>${json_data['results'][0]['gender']}</arg>
<doc>Fails if the given ``item`` is not a string.</doc>
<status status="PASS" start="2024-04-27T22:13:07.410677" elapsed="0.000351"/>
</kw>
<kw name="Should Match Regexp" owner="BuiltIn">
<arg>${json_data['results'][0]['email']}</arg>
<arg>^[a-zA-Z0-9._%+-]+@[a-zA-Z0-9.-]+\.[a-zA-Z]{2,}$</arg>
<doc>Fails if ``string`` does not match ``pattern`` as a regular expression.</doc>
<status status="PASS" start="2024-04-27T22:13:07.411217" elapsed="0.000499"/>
</kw>
<kw name="Should Match Regexp" owner="BuiltIn">
<arg>${json_data['results'][0]['dob']['date']}</arg>
<arg>\\d{4}-\\d{2}-\\d{2}T\\d{2}:\\d{2}:\\d{2}\\.\\d{3}Z</arg>
<doc>Fails if ``string`` does not match ``pattern`` as a regular expression.</doc>
<status status="PASS" start="2024-04-27T22:13:07.411907" elapsed="0.000474"/>
</kw>
<kw name="Should Match Regexp" owner="BuiltIn">
<arg>${json_data['results'][0]['registered']['date']}</arg>
<arg>\\d{4}-\\d{2}-\\d{2}T\\d{2}:\\d{2}:\\d{2}\\.\\d{3}Z</arg>
<doc>Fails if ``string`` does not match ``pattern`` as a regular expression.</doc>
<status status="PASS" start="2024-04-27T22:13:07.412569" elapsed="0.000356"/>
</kw>
<kw name="Should Match Regexp" owner="BuiltIn">
<arg>${json_data['results'][0]['picture']['large']}</arg>
<arg>^https?://.*\.(?:png|jpe?g|gif|bmp)$</arg>
<doc>Fails if ``string`` does not match ``pattern`` as a regular expression.</doc>
<status status="PASS" start="2024-04-27T22:13:07.413107" elapsed="0.000497"/>
</kw>
<kw name="Should Match Regexp" owner="BuiltIn">
<arg>${json_data['results'][0]['picture']['medium']}</arg>
<arg>^https?://.*\.(?:png|jpe?g|gif|bmp)$</arg>
<doc>Fails if ``string`` does not match ``pattern`` as a regular expression.</doc>
<status status="PASS" start="2024-04-27T22:13:07.413793" elapsed="0.000360"/>
</kw>
<kw name="Should Match Regexp" owner="BuiltIn">
<arg>${json_data['results'][0]['picture']['thumbnail']}</arg>
<arg>^https?://.*\.(?:png|jpe?g|gif|bmp)$</arg>
<doc>Fails if ``string`` does not match ``pattern`` as a regular expression.</doc>
<status status="PASS" start="2024-04-27T22:13:07.414338" elapsed="0.000345"/>
</kw>
<kw name="Log" owner="BuiltIn">
<msg time="2024-04-27T22:13:07.415177" level="INFO">{'large': 'https://randomuser.me/api/portraits/women/22.jpg', 'medium': 'https://randomuser.me/api/portraits/med/women/22.jpg', 'thumbnail': 'https://randomuser.me/api/portraits/thumb/women/22.jpg'}</msg>
<arg>${json_data['results'][0]['picture']}</arg>
<doc>Logs the given message with the given level.</doc>
<status status="PASS" start="2024-04-27T22:13:07.414860" elapsed="0.000356"/>
</kw>
<status status="PASS" start="2024-04-27T22:13:07.099270" elapsed="0.316211"/>
</kw>
<kw name="Teste de Tipos de Dados - Postcode" owner="random-user-service">
<kw name="GET On Session" owner="RequestsLibrary">
<msg time="2024-04-27T22:13:07.500964" level="INFO">GET Request : url=https://randomuser.me/api 
 path_url=/api 
 headers={'User-Agent': 'python-requests/2.31.0', 'Accept-Encoding': 'gzip, deflate', 'Accept': '*/*', 'Connection': 'keep-alive'} 
 body=None 
 </msg>
<msg time="2024-04-27T22:13:07.501046" level="INFO">GET Response : url=https://randomuser.me/api 
 status=200, reason=OK 
 headers={'Date': 'Sat, 27 Apr 2024 22:13:07 GMT', 'Content-Type': 'application/json; charset=utf-8', 'Transfer-Encoding': 'chunked', 'Connection': 'keep-alive', 'X-Powered-By': 'Express', 'Access-Control-Allow-Origin': '*', 'Cache-Control': 'no-cache', 'ETag': 'W/"495-k0Ei1HG+rc50R3QmYItYOc8rWOo"', 'Vary': 'Accept-Encoding', 'Content-Encoding': 'gzip', 'CF-Cache-Status': 'DYNAMIC', 'Report-To': '{"endpoints":[{"url":"https:\\/\\/a.nel.cloudflare.com\\/report\\/v4?s=gjtoo6icjkUd8r1dzej%2FiOEV0t4lMLR%2BVHp8gmLFXeAq4vRm8aQXT6rhr4ZIHINcBWgKTfXWWfYC5FPv3c2U3lyfSrzN8qfE1c5TCMDpMSRqCevJ5ou0i4zXN78jpXIY"}],"group":"cf-nel","max_age":604800}', 'NEL': '{"success_fraction":0,"report_to":"cf-nel","max_age":604800}', 'Server': 'cloudflare', 'CF-RAY': '87b2287159ae6895-SJC', 'alt-svc': 'h3=":443"; ma=86400'} 
 body={"results":[{"gender":"female","name":{"title":"Miss","first":"Tejaswi","last":"Pujari"},"location":{"street":{"number":8127,"name":"Ratha Bheedi"},"city":"Ongole","state":"Manipur","country":"India","postcode":51016,"coordinates":{"latitude":"11.7866","longitude":"91.1610"},"timezone":{"offset":"+5:00","description":"Ekaterinburg, Islamabad, Karachi, Tashkent"}},"email":"tejaswi.pujari@example.com","login":{"uuid":"eb3adcb9-79d3-4ed5-b104-c0af6b331a58","username":"crazyrabbit144","password":"0815","salt":"J1n42upf","md5":"b6bdf08dad5a30d5982ddbe3d7740257","sha1":"2bae11da91ff8929de0a0e61dc842981a7373e26","sha256":"cd9cc0c441f4d054bbf5d8a1c0f27e52a5deab4fc014c98c0efb03d67035e5ab"},"dob":{"date":"1981-01-08T15:48:28.994Z","age":43},"registered":{"date":"2022-02-14T09:28:48.912Z","age":2},"phone":"9221635823","cell":"8755783212","id":{"name":"UIDAI","value":"104333032419"},"picture":{"large":"https://randomuser.me/api/portraits/women/40.jpg","medium":"https://randomuser.me/api/portraits/med/women/40.jpg","thumbnail":"https://randomuser.me/api/portraits/thumb/women/40.jpg"},"nat":"IN"}],"info":{"seed":"8923bc0ba577ca4b","results":1,"page":1,"version":"1.4"}} 
 </msg>
<msg time="2024-04-27T22:13:07.501117" level="INFO">/opt/hostedtoolcache/Python/3.12.3/x64/lib/python3.12/site-packages/urllib3/connectionpool.py:1103: InsecureRequestWarning: Unverified HTTPS request is being made to host 'randomuser.me'. Adding certificate verification is strongly advised. See: https://urllib3.readthedocs.io/en/latest/advanced-usage.html#tls-warnings
  warnings.warn(</msg>
<msg time="2024-04-27T22:13:07.501230" level="INFO">${response} = &lt;Response [200]&gt;</msg>
<var>${response}</var>
<arg>consultarAPI</arg>
<arg>/api</arg>
<doc>Sends a GET request on a previously created HTTP Session.</doc>
<status status="PASS" start="2024-04-27T22:13:07.415911" elapsed="0.085358"/>
</kw>
<kw name="Set Variable" owner="BuiltIn">
<msg time="2024-04-27T22:13:07.502295" level="INFO">${json_data} = {'results': [{'gender': 'female', 'name': {'title': 'Miss', 'first': 'Tejaswi', 'last': 'Pujari'}, 'location': {'street': {'number': 8127, 'name': 'Ratha Bheedi'}, 'city': 'Ongole', 'state': 'Manipur'...</msg>
<var>${json_data}</var>
<arg>${response.json()}</arg>
<doc>Returns the given values which can then be assigned to a variables.</doc>
<status status="PASS" start="2024-04-27T22:13:07.501744" elapsed="0.000579"/>
</kw>
<kw name="Log" owner="BuiltIn">
<msg time="2024-04-27T22:13:07.502779" level="INFO">{'results': [{'gender': 'female', 'name': {'title': 'Miss', 'first': 'Tejaswi', 'last': 'Pujari'}, 'location': {'street': {'number': 8127, 'name': 'Ratha Bheedi'}, 'city': 'Ongole', 'state': 'Manipur', 'country': 'India', 'postcode': 51016, 'coordinates': {'latitude': '11.7866', 'longitude': '91.1610'}, 'timezone': {'offset': '+5:00', 'description': 'Ekaterinburg, Islamabad, Karachi, Tashkent'}}, 'email': 'tejaswi.pujari@example.com', 'login': {'uuid': 'eb3adcb9-79d3-4ed5-b104-c0af6b331a58', 'username': 'crazyrabbit144', 'password': '0815', 'salt': 'J1n42upf', 'md5': 'b6bdf08dad5a30d5982ddbe3d7740257', 'sha1': '2bae11da91ff8929de0a0e61dc842981a7373e26', 'sha256': 'cd9cc0c441f4d054bbf5d8a1c0f27e52a5deab4fc014c98c0efb03d67035e5ab'}, 'dob': {'date': '1981-01-08T15:48:28.994Z', 'age': 43}, 'registered': {'date': '2022-02-14T09:28:48.912Z', 'age': 2}, 'phone': '9221635823', 'cell': '8755783212', 'id': {'name': 'UIDAI', 'value': '104333032419'}, 'picture': {'large': 'https://randomuser.me/api/portraits/women/40.jpg', 'medium': 'https://randomuser.me/api/portraits/med/women/40.jpg', 'thumbnail': 'https://randomuser.me/api/portraits/thumb/women/40.jpg'}, 'nat': 'IN'}], 'info': {'seed': '8923bc0ba577ca4b', 'results': 1, 'page': 1, 'version': '1.4'}}</msg>
<arg>${json_data}</arg>
<doc>Logs the given message with the given level.</doc>
<status status="PASS" start="2024-04-27T22:13:07.502628" elapsed="0.000225"/>
</kw>
<kw name="Should Be Equal As Numbers" owner="BuiltIn">
<arg>${json_data['results'][0]['location']['postcode']}</arg>
<arg>${json_data['results'][0]['location']['postcode']}</arg>
<doc>Fails if objects are unequal after converting them to real numbers.</doc>
<status status="PASS" start="2024-04-27T22:13:07.503268" elapsed="0.000605"/>
</kw>
<kw name="Log" owner="BuiltIn">
<msg time="2024-04-27T22:13:07.504395" level="INFO">51016</msg>
<arg>${json_data['results'][0]['location']['postcode']}</arg>
<doc>Logs the given message with the given level.</doc>
<status status="PASS" start="2024-04-27T22:13:07.504062" elapsed="0.000372"/>
</kw>
<status status="PASS" start="2024-04-27T22:13:07.415690" elapsed="0.088989"/>
</kw>
<doc>Testa se os tipos de dados na resposta da API estão corretos.</doc>
<tag>testeTiposDados</tag>
<status status="PASS" start="2024-04-27T22:13:07.098850" elapsed="0.405985"/>
</test>
<test id="s1-s1-t5" name="Validar conteudo" line="35">
<kw name="Teste de Tipos de Conteudo" owner="random-user-service">
<kw name="GET On Session" owner="RequestsLibrary">
<msg time="2024-04-27T22:13:07.603378" level="INFO">GET Request : url=https://randomuser.me/api 
 path_url=/api 
 headers={'User-Agent': 'python-requests/2.31.0', 'Accept-Encoding': 'gzip, deflate', 'Accept': '*/*', 'Connection': 'keep-alive'} 
 body=None 
 </msg>
<msg time="2024-04-27T22:13:07.603451" level="INFO">GET Response : url=https://randomuser.me/api 
 status=200, reason=OK 
 headers={'Date': 'Sat, 27 Apr 2024 22:13:07 GMT', 'Content-Type': 'application/json; charset=utf-8', 'Transfer-Encoding': 'chunked', 'Connection': 'keep-alive', 'X-Powered-By': 'Express', 'Access-Control-Allow-Origin': '*', 'Cache-Control': 'no-cache', 'ETag': 'W/"48b-cG6nPfYoDUn5n4C/AwScsgLz9Ws"', 'Vary': 'Accept-Encoding', 'Content-Encoding': 'gzip', 'CF-Cache-Status': 'DYNAMIC', 'Report-To': '{"endpoints":[{"url":"https:\\/\\/a.nel.cloudflare.com\\/report\\/v4?s=3Exkke0vhy7X69MOqFSERYE41CJCNLhV2xKiGnfKiE5O3vNZH07cIzNW%2F7y5FuYjkV2UMaKr2dDQo186DKYgDc2frtPNRdZIb0R5eFs3wlwl7D%2FOLRtFK9BI69DQchkQ"}],"group":"cf-nel","max_age":604800}', 'NEL': '{"success_fraction":0,"report_to":"cf-nel","max_age":604800}', 'Server': 'cloudflare', 'CF-RAY': '87b22871fa2b6895-SJC', 'alt-svc': 'h3=":443"; ma=86400'} 
 body={"results":[{"gender":"male","name":{"title":"Mr","first":"Corentin","last":"Morin"},"location":{"street":{"number":4441,"name":"Rue de L'Abbé-Grégoire"},"city":"Rouen","state":"Ardennes","country":"France","postcode":25211,"coordinates":{"latitude":"-13.7737","longitude":"-101.5732"},"timezone":{"offset":"-2:00","description":"Mid-Atlantic"}},"email":"corentin.morin@example.com","login":{"uuid":"2b578c02-b955-4316-90ac-0f572b496aa2","username":"redpeacock119","password":"424242","salt":"SKtulfxK","md5":"7a51342b9534139e9fb2a1bb9c3586f9","sha1":"a44583592cd9fd6c848708c68d856b371044e400","sha256":"71a005b7498b7a084a214d0750788055901e6a141281023b564a6ed14f6d3a73"},"dob":{"date":"1998-10-15T03:22:01.973Z","age":25},"registered":{"date":"2008-11-21T16:38:54.802Z","age":15},"phone":"01-72-54-66-15","cell":"06-95-57-40-42","id":{"name":"INSEE","value":"1980907451317 74"},"picture":{"large":"https://randomuser.me/api/portraits/men/44.jpg","medium":"https://randomuser.me/api/portraits/med/men/44.jpg","thumbnail":"https://randomuser.me/api/portraits/thumb/men/44.jpg"},"nat":"FR"}],"info":{"seed":"edba1781b8e74766","results":1,"page":1,"version":"1.4"}} 
 </msg>
<msg time="2024-04-27T22:13:07.603507" level="INFO">/opt/hostedtoolcache/Python/3.12.3/x64/lib/python3.12/site-packages/urllib3/connectionpool.py:1103: InsecureRequestWarning: Unverified HTTPS request is being made to host 'randomuser.me'. Adding certificate verification is strongly advised. See: https://urllib3.readthedocs.io/en/latest/advanced-usage.html#tls-warnings
  warnings.warn(</msg>
<msg time="2024-04-27T22:13:07.603590" level="INFO">${response} = &lt;Response [200]&gt;</msg>
<var>${response}</var>
<arg>consultarAPI</arg>
<arg>/api</arg>
<doc>Sends a GET request on a previously created HTTP Session.</doc>
<status status="PASS" start="2024-04-27T22:13:07.507615" elapsed="0.096002"/>
</kw>
<kw name="Set Variable" owner="BuiltIn">
<msg time="2024-04-27T22:13:07.604427" level="INFO">${json_data} = {'results': [{'gender': 'male', 'name': {'title': 'Mr', 'first': 'Corentin', 'last': 'Morin'}, 'location': {'street': {'number': 4441, 'name': "Rue de L'Abbé-Grégoire"}, 'city': 'Rouen', 'state': 'Ard...</msg>
<var>${json_data}</var>
<arg>${response.json()}</arg>
<doc>Returns the given values which can then be assigned to a variables.</doc>
<status status="PASS" start="2024-04-27T22:13:07.603987" elapsed="0.000469"/>
</kw>
<kw name="Set Variable" owner="BuiltIn">
<msg time="2024-04-27T22:13:07.605133" level="INFO">${name_title} = Mr</msg>
<var>${name_title}</var>
<arg>${json_data["results"][0]["name"]["title"]}</arg>
<doc>Returns the given values which can then be assigned to a variables.</doc>
<status status="PASS" start="2024-04-27T22:13:07.604756" elapsed="0.000402"/>
</kw>
<kw name="Create List" owner="BuiltIn">
<msg time="2024-04-27T22:13:07.605652" level="INFO">${allowed_titles} = ['Mr', 'Ms', 'Miss', 'Mrs', 'Madame', 'Monsieur']</msg>
<var>${allowed_titles}</var>
<arg>Mr</arg>
<arg>Ms</arg>
<arg>Miss</arg>
<arg>Mrs</arg>
<arg>Madame</arg>
<arg>Monsieur</arg>
<doc>Returns a list containing given items.</doc>
<status status="PASS" start="2024-04-27T22:13:07.605494" elapsed="0.000182"/>
</kw>
<kw name="List Should Contain Value" owner="Collections">
<msg time="2024-04-27T22:13:07.606138" level="INFO">False</msg>
<arg>${allowed_titles}</arg>
<arg>${name_title}</arg>
<doc>Fails if the ``value`` is not found from ``list``.</doc>
<status status="PASS" start="2024-04-27T22:13:07.605973" elapsed="0.000201"/>
</kw>
<kw name="Set Variable" owner="BuiltIn">
<msg time="2024-04-27T22:13:07.606831" level="INFO">${name_country} = FR</msg>
<var>${name_country}</var>
<arg>${json_data["results"][0]["nat"]}</arg>
<doc>Returns the given values which can then be assigned to a variables.</doc>
<status status="PASS" start="2024-04-27T22:13:07.606455" elapsed="0.000401"/>
</kw>
<kw name="Create List" owner="BuiltIn">
<msg time="2024-04-27T22:13:07.607728" level="INFO">${list_country} = ['AD', 'AE', 'AF', 'AG', 'AI', 'AL', 'AM', 'AO', 'AQ', 'AR', 'AS', 'AT', 'AU', 'AW', 'AX', 'AZ', 'BA', 'BB', 'BD', 'BE', 'BF', 'BG', 'BH', 'BI', 'BJ', 'BL', 'BM', 'BN', 'BO', 'BQ', 'BR', 'BS', 'BT', '...</msg>
<var>${list_country}</var>
<arg>AD</arg>
<arg>AE</arg>
<arg>AF</arg>
<arg>AG</arg>
<arg>AI</arg>
<arg>AL</arg>
<arg>AM</arg>
<arg>AO</arg>
<arg>AQ</arg>
<arg>AR</arg>
<arg>AS</arg>
<arg>AT</arg>
<arg>AU</arg>
<arg>AW</arg>
<arg>AX</arg>
<arg>AZ</arg>
<arg>BA</arg>
<arg>BB</arg>
<arg>BD</arg>
<arg>BE</arg>
<arg>BF</arg>
<arg>BG</arg>
<arg>BH</arg>
<arg>BI</arg>
<arg>BJ</arg>
<arg>BL</arg>
<arg>BM</arg>
<arg>BN</arg>
<arg>BO</arg>
<arg>BQ</arg>
<arg>BR</arg>
<arg>BS</arg>
<arg>BT</arg>
<arg>BV</arg>
<arg>BW</arg>
<arg>BY</arg>
<arg>BZ</arg>
<arg>CA</arg>
<arg>CC</arg>
<arg>CD</arg>
<arg>CF</arg>
<arg>CG</arg>
<arg>CH</arg>
<arg>CI</arg>
<arg>CK</arg>
<arg>CL</arg>
<arg>CM</arg>
<arg>CN</arg>
<arg>CO</arg>
<arg>CR</arg>
<arg>CU</arg>
<arg>CV</arg>
<arg>CW</arg>
<arg>CX</arg>
<arg>CY</arg>
<arg>CZ</arg>
<arg>DE</arg>
<arg>DJ</arg>
<arg>DK</arg>
<arg>DM</arg>
<arg>DO</arg>
<arg>DZ</arg>
<arg>EC</arg>
<arg>EE</arg>
<arg>EG</arg>
<arg>EH</arg>
<arg>ER</arg>
<arg>ES</arg>
<arg>ET</arg>
<arg>FI</arg>
<arg>FJ</arg>
<arg>FK</arg>
<arg>FM</arg>
<arg>FO</arg>
<arg>FR</arg>
<arg>GA</arg>
<arg>GB</arg>
<arg>GD</arg>
<arg>GE</arg>
<arg>GF</arg>
<arg>GG</arg>
<arg>GH</arg>
<arg>GI</arg>
<arg>GL</arg>
<arg>GM</arg>
<arg>GN</arg>
<arg>GP</arg>
<arg>GQ</arg>
<arg>GR</arg>
<arg>GS</arg>
<arg>GT</arg>
<arg>GU</arg>
<arg>GW</arg>
<arg>GY</arg>
<arg>HK</arg>
<arg>HM</arg>
<arg>HN</arg>
<arg>HR</arg>
<arg>HT</arg>
<arg>HU</arg>
<arg>ID</arg>
<arg>IE</arg>
<arg>IL</arg>
<arg>IM</arg>
<arg>IN</arg>
<arg>IO</arg>
<arg>IQ</arg>
<arg>IR</arg>
<arg>IS</arg>
<arg>IT</arg>
<arg>JE</arg>
<arg>JM</arg>
<arg>JO</arg>
<arg>JP</arg>
<arg>KE</arg>
<arg>KG</arg>
<arg>KH</arg>
<arg>KI</arg>
<arg>KM</arg>
<arg>KN</arg>
<arg>KP</arg>
<arg>KR</arg>
<arg>KW</arg>
<arg>KY</arg>
<arg>KZ</arg>
<arg>LA</arg>
<arg>LB</arg>
<arg>LC</arg>
<arg>LI</arg>
<arg>LK</arg>
<arg>LR</arg>
<arg>LS</arg>
<arg>LT</arg>
<arg>LU</arg>
<arg>LV</arg>
<arg>LY</arg>
<arg>MA</arg>
<arg>MC</arg>
<arg>MD</arg>
<arg>ME</arg>
<arg>MF</arg>
<arg>MG</arg>
<arg>MH</arg>
<arg>MK</arg>
<arg>ML</arg>
<arg>MM</arg>
<arg>MN</arg>
<arg>MO</arg>
<arg>MP</arg>
<arg>MQ</arg>
<arg>MR</arg>
<arg>MS</arg>
<arg>MT</arg>
<arg>MU</arg>
<arg>MV</arg>
<arg>MW</arg>
<arg>MX</arg>
<arg>MY</arg>
<arg>MZ</arg>
<arg>NA</arg>
<arg>NC</arg>
<arg>NE</arg>
<arg>NF</arg>
<arg>NG</arg>
<arg>NI</arg>
<arg>NL</arg>
<arg>NO</arg>
<arg>NP</arg>
<arg>NR</arg>
<arg>NU</arg>
<arg>NZ</arg>
<arg>OM</arg>
<arg>PA</arg>
<arg>PE</arg>
<arg>PF</arg>
<arg>PG</arg>
<arg>PH</arg>
<arg>PK</arg>
<arg>PL</arg>
<arg>PM</arg>
<arg>PN</arg>
<arg>PR</arg>
<arg>PS</arg>
<arg>PT</arg>
<arg>PW</arg>
<arg>PY</arg>
<arg>QA</arg>
<arg>RE</arg>
<arg>RO</arg>
<arg>RS</arg>
<arg>RU</arg>
<arg>RW</arg>
<arg>SA</arg>
<arg>SB</arg>
<arg>SC</arg>
<arg>SD</arg>
<arg>SE</arg>
<arg>SG</arg>
<arg>SH</arg>
<arg>SI</arg>
<arg>SJ</arg>
<arg>SK</arg>
<arg>SL</arg>
<arg>SM</arg>
<arg>SN</arg>
<arg>SO</arg>
<arg>SR</arg>
<arg>SS</arg>
<arg>ST</arg>
<arg>SV</arg>
<arg>SX</arg>
<arg>SY</arg>
<arg>SZ</arg>
<arg>TC</arg>
<arg>TD</arg>
<arg>TF</arg>
<arg>TG</arg>
<arg>TH</arg>
<arg>TJ</arg>
<arg>TK</arg>
<arg>TL</arg>
<arg>TM</arg>
<arg>TN</arg>
<arg>TO</arg>
<arg>TR</arg>
<arg>TT</arg>
<arg>TV</arg>
<arg>TW</arg>
<arg>TZ</arg>
<arg>UA</arg>
<arg>UG</arg>
<arg>UM</arg>
<arg>US</arg>
<arg>UY</arg>
<arg>UZ</arg>
<arg>VA</arg>
<arg>VC</arg>
<arg>VE</arg>
<arg>VG</arg>
<arg>VI</arg>
<arg>VN</arg>
<arg>VU</arg>
<arg>WF</arg>
<arg>WS</arg>
<arg>XK</arg>
<arg>YE</arg>
<arg>YT</arg>
<arg>ZA</arg>
<arg>ZM</arg>
<arg>ZW</arg>
<doc>Returns a list containing given items.</doc>
<status status="PASS" start="2024-04-27T22:13:07.607149" elapsed="0.000603"/>
</kw>
<kw name="List Should Contain Value" owner="Collections">
<msg time="2024-04-27T22:13:07.608725" level="INFO">False</msg>
<arg>${list_country}</arg>
<arg>${name_country}</arg>
<doc>Fails if the ``value`` is not found from ``list``.</doc>
<status status="PASS" start="2024-04-27T22:13:07.608530" elapsed="0.000232"/>
</kw>
<kw name="Run Keyword If" owner="BuiltIn">
<kw name="Should Be True" owner="BuiltIn">
<arg>${True}</arg>
<doc>Fails if the given condition is not true.</doc>
<status status="PASS" start="2024-04-27T22:13:07.609878" elapsed="0.000238"/>
</kw>
<arg>${json_data["results"][0]["location"]["coordinates"]["latitude"]} &gt;= -90 and ${json_data["results"][0]["location"]["coordinates"]["latitude"]} &lt;= 90</arg>
<arg>Should Be True</arg>
<arg>${True}</arg>
<doc>Runs the given keyword with the given arguments, if ``condition`` is true.</doc>
<status status="PASS" start="2024-04-27T22:13:07.609066" elapsed="0.001183"/>
</kw>
<kw name="Run Keyword If" owner="BuiltIn">
<kw name="Should Be True" owner="BuiltIn">
<arg>${True}</arg>
<doc>Fails if the given condition is not true.</doc>
<status status="PASS" start="2024-04-27T22:13:07.611130" elapsed="0.000135"/>
</kw>
<arg>${json_data["results"][0]["location"]["coordinates"]["longitude"]} &gt;= -180 and ${json_data["results"][0]["location"]["coordinates"]["longitude"]} &lt;= 180</arg>
<arg>Should Be True</arg>
<arg>${True}</arg>
<doc>Runs the given keyword with the given arguments, if ``condition`` is true.</doc>
<status status="PASS" start="2024-04-27T22:13:07.610433" elapsed="0.000953"/>
</kw>
<status status="PASS" start="2024-04-27T22:13:07.507255" elapsed="0.104259"/>
</kw>
<doc>Testa o conteúdo específico dos campos retornados pela API.</doc>
<tag>testeConteudo</tag>
<status status="PASS" start="2024-04-27T22:13:07.506604" elapsed="0.105049"/>
</test>
<status status="PASS" start="2024-04-27T22:13:06.168778" elapsed="1.444835"/>
</suite>
<status status="PASS" start="2024-04-27T22:13:06.155404" elapsed="1.463354"/>
</suite>
<statistics>
<total>
<stat pass="5" fail="0" skip="0">All Tests</stat>
</total>
<tag>
<stat pass="1" fail="0" skip="0">testeConteudo</stat>
<stat pass="1" fail="0" skip="0">testeEstruturaResposta</stat>
<stat pass="1" fail="0" skip="0">testeRequisicaoBasica</stat>
<stat pass="1" fail="0" skip="0">testeTiposDados</stat>
</tag>
<suite>
<stat pass="5" fail="0" skip="0" id="s1" name="Tests">Tests</stat>
<stat pass="5" fail="0" skip="0" id="s1-s1" name="Random-User-Test">Tests.Random-User-Test</stat>
</suite>
</statistics>
<errors>
</errors>
</robot>
