<?xml version="1.0" encoding="UTF-8"?>
<robot generator="Robot 7.0 (Python 3.12.3 on linux)" generated="2024-06-06T16:18:51.458672" rpa="false" schemaversion="5">
<suite id="s1" name="Tests" source="/home/runner/work/ApiRandomUser/ApiRandomUser/RamdonUser/tests">
<suite id="s1-s1" name="Random-User-Test" source="/home/runner/work/ApiRandomUser/ApiRandomUser/RamdonUser/tests/random-user-test.robot">
<test id="s1-s1-t1" name="Conectar" line="13">
<kw name="Conectar API" owner="random-user-service">
<kw name="Create Session" owner="RequestsLibrary">
<msg time="2024-06-06T16:18:51.861251" level="INFO">Creating Session using : alias=consultarAPI, url=https://randomuser.me/, headers={},                     cookies={}, auth=None, timeout=None, proxies=None, verify=False,                     debug=0 </msg>
<arg>consultarAPI</arg>
<arg>${URL}</arg>
<doc>Create Session: create a HTTP session to a server</doc>
<status status="PASS" start="2024-06-06T16:18:51.861003" elapsed="0.000441"/>
</kw>
<status status="PASS" start="2024-06-06T16:18:51.859913" elapsed="0.001896"/>
</kw>
<status status="PASS" start="2024-06-06T16:18:51.859329" elapsed="0.002675"/>
</test>
<test id="s1-s1-t2" name="Validar retorno 200 e JSON Válido" line="16">
<kw name="Teste de Requisicao Basica" owner="random-user-service">
<kw name="GET On Session" owner="RequestsLibrary">
<msg time="2024-06-06T16:18:52.114045" level="INFO">GET Request : url=https://randomuser.me/api 
 path_url=/api 
 headers={'User-Agent': 'python-requests/2.32.3', 'Accept-Encoding': 'gzip, deflate', 'Accept': '*/*', 'Connection': 'keep-alive'} 
 body=None 
 </msg>
<msg time="2024-06-06T16:18:52.114204" level="INFO">GET Response : url=https://randomuser.me/api 
 status=200, reason=OK 
 headers={'Date': 'Thu, 06 Jun 2024 16:18:52 GMT', 'Content-Type': 'application/json; charset=utf-8', 'Transfer-Encoding': 'chunked', 'Connection': 'keep-alive', 'X-Powered-By': 'Express', 'Access-Control-Allow-Origin': '*', 'Cache-Control': 'no-cache', 'ETag': 'W/"49b-3m3yymwblPH25ZJZ58gyrfhhpEw"', 'Vary': 'Accept-Encoding', 'Content-Encoding': 'gzip', 'CF-Cache-Status': 'DYNAMIC', 'Report-To': '{"endpoints":[{"url":"https:\\/\\/a.nel.cloudflare.com\\/report\\/v4?s=aSeIwFYWKRbHV2MSYkdgAMiL3%2FqKY89Ndw4xkMsWekoqT40TvHvGQ0t3CAfc16GpN8IC41PQJ%2BW5BKT5jEKtNfIWuYLDpcGrk8zEfZpudpVosOVKScOWG%2BiIycK7A0R8"}],"group":"cf-nel","max_age":604800}', 'NEL': '{"success_fraction":0,"report_to":"cf-nel","max_age":604800}', 'Server': 'cloudflare', 'CF-RAY': '88f9b8832b7e111b-ORD', 'alt-svc': 'h3=":443"; ma=86400'} 
 body={"results":[{"gender":"female","name":{"title":"Miss","first":"Rani","last":"Ter Veer"},"location":{"street":{"number":4348,"name":"Johan van Arnhemstraat"},"city":"Hoogeloon","state":"Friesland","country":"Netherlands","postcode":"3932 QO","coordinates":{"latitude":"32.0760","longitude":"144.1423"},"timezone":{"offset":"-7:00","description":"Mountain Time (US &amp; Canada)"}},"email":"rani.terveer@example.com","login":{"uuid":"cb326d53-4dc6-4ad3-a9fb-15fe9f158562","username":"redbird383","password":"weller","salt":"3UxO1oPK","md5":"620f97d58937a54f2c3b5157a4afbd11","sha1":"abe2c00d95bcb90f1243654d4741cfd5c2295b79","sha256":"6448317761cf9ffb35f4f9897f07753cafea52d1ee4a51254da49a415bcffd42"},"dob":{"date":"1998-04-09T14:10:16.149Z","age":26},"registered":{"date":"2021-01-08T15:06:58.192Z","age":3},"phone":"(090) 3533135","cell":"(06) 66900829","id":{"name":"BSN","value":"43467044"},"picture":{"large":"https://randomuser.me/api/portraits/women/58.jpg","medium":"https://randomuser.me/api/portraits/med/women/58.jpg","thumbnail":"https://randomuser.me/api/portraits/thumb/women/58.jpg"},"nat":"NL"}],"info":{"seed":"6533fc8820583f5d","results":1,"page":1,"version":"1.4"}} 
 </msg>
<msg time="2024-06-06T16:18:52.114295" level="INFO">/opt/hostedtoolcache/Python/3.12.3/x64/lib/python3.12/site-packages/urllib3/connectionpool.py:1103: InsecureRequestWarning: Unverified HTTPS request is being made to host 'randomuser.me'. Adding certificate verification is strongly advised. See: https://urllib3.readthedocs.io/en/latest/advanced-usage.html#tls-warnings
  warnings.warn(</msg>
<msg time="2024-06-06T16:18:52.114448" level="INFO">${response} = &lt;Response [200]&gt;</msg>
<var>${response}</var>
<arg>consultarAPI</arg>
<arg>/api</arg>
<doc>Sends a GET request on a previously created HTTP Session.</doc>
<status status="PASS" start="2024-06-06T16:18:51.864605" elapsed="0.249885"/>
</kw>
<kw name="Should Be Equal As Numbers" owner="BuiltIn">
<msg time="2024-06-06T16:18:52.115719" level="INFO">Argument types are:
&lt;class 'int'&gt;
&lt;class 'str'&gt;</msg>
<arg>${response.status_code}</arg>
<arg>200</arg>
<doc>Fails if objects are unequal after converting them to real numbers.</doc>
<status status="PASS" start="2024-06-06T16:18:52.115206" elapsed="0.000581"/>
</kw>
<kw name="Log" owner="BuiltIn">
<msg time="2024-06-06T16:18:52.116490" level="INFO">200</msg>
<arg>${response.status_code}</arg>
<doc>Logs the given message with the given level.</doc>
<status status="PASS" start="2024-06-06T16:18:52.116145" elapsed="0.000392"/>
</kw>
<kw name="Set Variable" owner="BuiltIn">
<msg time="2024-06-06T16:18:52.117341" level="INFO">${json_data} = {'results': [{'gender': 'female', 'name': {'title': 'Miss', 'first': 'Rani', 'last': 'Ter Veer'}, 'location': {'street': {'number': 4348, 'name': 'Johan van Arnhemstraat'}, 'city': 'Hoogeloon', 'state...</msg>
<var>${json_data}</var>
<arg>${response.json()}</arg>
<doc>Returns the given values which can then be assigned to a variables.</doc>
<status status="PASS" start="2024-06-06T16:18:52.116848" elapsed="0.000522"/>
</kw>
<kw name="Dictionary Should Contain Key" owner="Collections">
<msg time="2024-06-06T16:18:52.117843" level="INFO">False</msg>
<arg>${json_data}</arg>
<arg>results</arg>
<doc>Fails if ``key`` is not found from ``dictionary``.</doc>
<status status="PASS" start="2024-06-06T16:18:52.117676" elapsed="0.000376"/>
</kw>
<status status="PASS" start="2024-06-06T16:18:51.864364" elapsed="0.253959"/>
</kw>
<doc>Testa se a API responde corretamente e retorna um objeto JSON válido.</doc>
<tag>testeRequisicaoBasica</tag>
<status status="PASS" start="2024-06-06T16:18:51.863890" elapsed="0.254625"/>
</test>
<test id="s1-s1-t3" name="Validar estrutura de resposta" line="22">
<kw name="Teste de Estrutura de Resposta" owner="random-user-service">
<kw name="GET On Session" owner="RequestsLibrary">
<msg time="2024-06-06T16:18:52.194755" level="INFO">GET Request : url=https://randomuser.me/api 
 path_url=/api 
 headers={'User-Agent': 'python-requests/2.32.3', 'Accept-Encoding': 'gzip, deflate', 'Accept': '*/*', 'Connection': 'keep-alive'} 
 body=None 
 </msg>
<msg time="2024-06-06T16:18:52.194865" level="INFO">GET Response : url=https://randomuser.me/api 
 status=200, reason=OK 
 headers={'Date': 'Thu, 06 Jun 2024 16:18:52 GMT', 'Content-Type': 'application/json; charset=utf-8', 'Transfer-Encoding': 'chunked', 'Connection': 'keep-alive', 'X-Powered-By': 'Express', 'Access-Control-Allow-Origin': '*', 'Cache-Control': 'no-cache', 'ETag': 'W/"4ae-YIoGnXhDMPaRhrwnM7YxQu3xCqo"', 'Vary': 'Accept-Encoding', 'Content-Encoding': 'gzip', 'CF-Cache-Status': 'DYNAMIC', 'Report-To': '{"endpoints":[{"url":"https:\\/\\/a.nel.cloudflare.com\\/report\\/v4?s=moiq69%2F0azfO1pNGWQaVTIzZltliAXm9i%2FOWP7kCtHn6nTBKtNNRz%2FbBVtfHvSbPkO5%2BMb4%2BnQjXnNo33bwU4pTaz3IGk%2FuohTWT7SVc%2F5BgtINdGjtAnFl28E4gPN0p"}],"group":"cf-nel","max_age":604800}', 'NEL': '{"success_fraction":0,"report_to":"cf-nel","max_age":604800}', 'Server': 'cloudflare', 'CF-RAY': '88f9b883cc5e111b-ORD', 'alt-svc': 'h3=":443"; ma=86400'} 
 body={"results":[{"gender":"female","name":{"title":"Mrs","first":"Rolien","last":"Ten Hoope"},"location":{"street":{"number":1690,"name":"Hamshorstweg"},"city":"Kapel-Avezaath Buren","state":"Drenthe","country":"Netherlands","postcode":"8672 NW","coordinates":{"latitude":"30.0404","longitude":"61.7267"},"timezone":{"offset":"-5:00","description":"Eastern Time (US &amp; Canada), Bogota, Lima"}},"email":"rolien.tenhoope@example.com","login":{"uuid":"cb742a60-e058-4e1a-a8ce-4c4e72e81089","username":"whitefish810","password":"serpent","salt":"cuG6gMOF","md5":"087a817c0540e67d4cd453a8720dcd17","sha1":"19f0f5b4c5544208eb7d5864aaddaae0c39f30ba","sha256":"beda2f8ef0f453d9310243f3fcc3aa8ad925e34cde67e10789acf82c6316a15b"},"dob":{"date":"1962-03-16T07:28:51.786Z","age":62},"registered":{"date":"2020-05-17T06:09:48.337Z","age":4},"phone":"(019) 5005633","cell":"(06) 70429677","id":{"name":"BSN","value":"65208328"},"picture":{"large":"https://randomuser.me/api/portraits/women/44.jpg","medium":"https://randomuser.me/api/portraits/med/women/44.jpg","thumbnail":"https://randomuser.me/api/portraits/thumb/women/44.jpg"},"nat":"NL"}],"info":{"seed":"f47e6ef8fee2665a","results":1,"page":1,"version":"1.4"}} 
 </msg>
<msg time="2024-06-06T16:18:52.195009" level="INFO">/opt/hostedtoolcache/Python/3.12.3/x64/lib/python3.12/site-packages/urllib3/connectionpool.py:1103: InsecureRequestWarning: Unverified HTTPS request is being made to host 'randomuser.me'. Adding certificate verification is strongly advised. See: https://urllib3.readthedocs.io/en/latest/advanced-usage.html#tls-warnings
  warnings.warn(</msg>
<msg time="2024-06-06T16:18:52.195153" level="INFO">${response} = &lt;Response [200]&gt;</msg>
<var>${response}</var>
<arg>consultarAPI</arg>
<arg>/api</arg>
<doc>Sends a GET request on a previously created HTTP Session.</doc>
<status status="PASS" start="2024-06-06T16:18:52.121218" elapsed="0.073977"/>
</kw>
<kw name="Set Variable" owner="BuiltIn">
<msg time="2024-06-06T16:18:52.196303" level="INFO">${json_data} = {'results': [{'gender': 'female', 'name': {'title': 'Mrs', 'first': 'Rolien', 'last': 'Ten Hoope'}, 'location': {'street': {'number': 1690, 'name': 'Hamshorstweg'}, 'city': 'Kapel-Avezaath Buren', 'st...</msg>
<var>${json_data}</var>
<arg>${response.json()}</arg>
<doc>Returns the given values which can then be assigned to a variables.</doc>
<status status="PASS" start="2024-06-06T16:18:52.195747" elapsed="0.000586"/>
</kw>
<kw name="Log" owner="BuiltIn">
<msg time="2024-06-06T16:18:52.196803" level="INFO">{'results': [{'gender': 'female', 'name': {'title': 'Mrs', 'first': 'Rolien', 'last': 'Ten Hoope'}, 'location': {'street': {'number': 1690, 'name': 'Hamshorstweg'}, 'city': 'Kapel-Avezaath Buren', 'state': 'Drenthe', 'country': 'Netherlands', 'postcode': '8672 NW', 'coordinates': {'latitude': '30.0404', 'longitude': '61.7267'}, 'timezone': {'offset': '-5:00', 'description': 'Eastern Time (US &amp; Canada), Bogota, Lima'}}, 'email': 'rolien.tenhoope@example.com', 'login': {'uuid': 'cb742a60-e058-4e1a-a8ce-4c4e72e81089', 'username': 'whitefish810', 'password': 'serpent', 'salt': 'cuG6gMOF', 'md5': '087a817c0540e67d4cd453a8720dcd17', 'sha1': '19f0f5b4c5544208eb7d5864aaddaae0c39f30ba', 'sha256': 'beda2f8ef0f453d9310243f3fcc3aa8ad925e34cde67e10789acf82c6316a15b'}, 'dob': {'date': '1962-03-16T07:28:51.786Z', 'age': 62}, 'registered': {'date': '2020-05-17T06:09:48.337Z', 'age': 4}, 'phone': '(019) 5005633', 'cell': '(06) 70429677', 'id': {'name': 'BSN', 'value': '65208328'}, 'picture': {'large': 'https://randomuser.me/api/portraits/women/44.jpg', 'medium': 'https://randomuser.me/api/portraits/med/women/44.jpg', 'thumbnail': 'https://randomuser.me/api/portraits/thumb/women/44.jpg'}, 'nat': 'NL'}], 'info': {'seed': 'f47e6ef8fee2665a', 'results': 1, 'page': 1, 'version': '1.4'}}</msg>
<arg>${json_data}</arg>
<doc>Logs the given message with the given level.</doc>
<status status="PASS" start="2024-06-06T16:18:52.196646" elapsed="0.000206"/>
</kw>
<kw name="Dictionary Should Contain Key" owner="Collections">
<msg time="2024-06-06T16:18:52.197364" level="INFO">False</msg>
<arg>${json_data}</arg>
<arg>results</arg>
<doc>Fails if ``key`` is not found from ``dictionary``.</doc>
<status status="PASS" start="2024-06-06T16:18:52.197188" elapsed="0.000213"/>
</kw>
<kw name="Should Not Be Empty" owner="BuiltIn">
<msg time="2024-06-06T16:18:52.197837" level="INFO">Length is 2.</msg>
<arg>${json_data}</arg>
<doc>Verifies that the given item is not empty.</doc>
<status status="PASS" start="2024-06-06T16:18:52.197702" elapsed="0.000174"/>
</kw>
<kw name="Create List" owner="BuiltIn">
<msg time="2024-06-06T16:18:52.198321" level="INFO">${expected_keys} = ['gender', 'name', 'location', 'email', 'login']</msg>
<var>${expected_keys}</var>
<arg>gender</arg>
<arg>name</arg>
<arg>location</arg>
<arg>email</arg>
<arg>login</arg>
<doc>Returns a list containing given items.</doc>
<status status="PASS" start="2024-06-06T16:18:52.198172" elapsed="0.000173"/>
</kw>
<for flavor="IN">
<iter>
<kw name="Dictionary Should Contain Key" owner="Collections">
<msg time="2024-06-06T16:18:52.199363" level="INFO">False</msg>
<arg>${json_data['results'][0]}</arg>
<arg>${key}</arg>
<doc>Fails if ``key`` is not found from ``dictionary``.</doc>
<status status="PASS" start="2024-06-06T16:18:52.198950" elapsed="0.000457"/>
</kw>
<kw name="Log" owner="BuiltIn">
<msg time="2024-06-06T16:18:52.200074" level="INFO">{'gender': 'female', 'name': {'title': 'Mrs', 'first': 'Rolien', 'last': 'Ten Hoope'}, 'location': {'street': {'number': 1690, 'name': 'Hamshorstweg'}, 'city': 'Kapel-Avezaath Buren', 'state': 'Drenthe', 'country': 'Netherlands', 'postcode': '8672 NW', 'coordinates': {'latitude': '30.0404', 'longitude': '61.7267'}, 'timezone': {'offset': '-5:00', 'description': 'Eastern Time (US &amp; Canada), Bogota, Lima'}}, 'email': 'rolien.tenhoope@example.com', 'login': {'uuid': 'cb742a60-e058-4e1a-a8ce-4c4e72e81089', 'username': 'whitefish810', 'password': 'serpent', 'salt': 'cuG6gMOF', 'md5': '087a817c0540e67d4cd453a8720dcd17', 'sha1': '19f0f5b4c5544208eb7d5864aaddaae0c39f30ba', 'sha256': 'beda2f8ef0f453d9310243f3fcc3aa8ad925e34cde67e10789acf82c6316a15b'}, 'dob': {'date': '1962-03-16T07:28:51.786Z', 'age': 62}, 'registered': {'date': '2020-05-17T06:09:48.337Z', 'age': 4}, 'phone': '(019) 5005633', 'cell': '(06) 70429677', 'id': {'name': 'BSN', 'value': '65208328'}, 'picture': {'large': 'https://randomuser.me/api/portraits/women/44.jpg', 'medium': 'https://randomuser.me/api/portraits/med/women/44.jpg', 'thumbnail': 'https://randomuser.me/api/portraits/thumb/women/44.jpg'}, 'nat': 'NL'}</msg>
<arg>${json_data['results'][0]}</arg>
<doc>Logs the given message with the given level.</doc>
<status status="PASS" start="2024-06-06T16:18:52.199710" elapsed="0.000416"/>
</kw>
<kw name="Log" owner="BuiltIn">
<msg time="2024-06-06T16:18:52.200566" level="INFO">gender</msg>
<arg>${key}</arg>
<doc>Logs the given message with the given level.</doc>
<status status="PASS" start="2024-06-06T16:18:52.200437" elapsed="0.000167"/>
</kw>
<var name="${key}">gender</var>
<status status="PASS" start="2024-06-06T16:18:52.198819" elapsed="0.002002"/>
</iter>
<iter>
<kw name="Dictionary Should Contain Key" owner="Collections">
<msg time="2024-06-06T16:18:52.201576" level="INFO">False</msg>
<arg>${json_data['results'][0]}</arg>
<arg>${key}</arg>
<doc>Fails if ``key`` is not found from ``dictionary``.</doc>
<status status="PASS" start="2024-06-06T16:18:52.201167" elapsed="0.000481"/>
</kw>
<kw name="Log" owner="BuiltIn">
<msg time="2024-06-06T16:18:52.202313" level="INFO">{'gender': 'female', 'name': {'title': 'Mrs', 'first': 'Rolien', 'last': 'Ten Hoope'}, 'location': {'street': {'number': 1690, 'name': 'Hamshorstweg'}, 'city': 'Kapel-Avezaath Buren', 'state': 'Drenthe', 'country': 'Netherlands', 'postcode': '8672 NW', 'coordinates': {'latitude': '30.0404', 'longitude': '61.7267'}, 'timezone': {'offset': '-5:00', 'description': 'Eastern Time (US &amp; Canada), Bogota, Lima'}}, 'email': 'rolien.tenhoope@example.com', 'login': {'uuid': 'cb742a60-e058-4e1a-a8ce-4c4e72e81089', 'username': 'whitefish810', 'password': 'serpent', 'salt': 'cuG6gMOF', 'md5': '087a817c0540e67d4cd453a8720dcd17', 'sha1': '19f0f5b4c5544208eb7d5864aaddaae0c39f30ba', 'sha256': 'beda2f8ef0f453d9310243f3fcc3aa8ad925e34cde67e10789acf82c6316a15b'}, 'dob': {'date': '1962-03-16T07:28:51.786Z', 'age': 62}, 'registered': {'date': '2020-05-17T06:09:48.337Z', 'age': 4}, 'phone': '(019) 5005633', 'cell': '(06) 70429677', 'id': {'name': 'BSN', 'value': '65208328'}, 'picture': {'large': 'https://randomuser.me/api/portraits/women/44.jpg', 'medium': 'https://randomuser.me/api/portraits/med/women/44.jpg', 'thumbnail': 'https://randomuser.me/api/portraits/thumb/women/44.jpg'}, 'nat': 'NL'}</msg>
<arg>${json_data['results'][0]}</arg>
<doc>Logs the given message with the given level.</doc>
<status status="PASS" start="2024-06-06T16:18:52.201949" elapsed="0.000415"/>
</kw>
<kw name="Log" owner="BuiltIn">
<msg time="2024-06-06T16:18:52.202786" level="INFO">name</msg>
<arg>${key}</arg>
<doc>Logs the given message with the given level.</doc>
<status status="PASS" start="2024-06-06T16:18:52.202660" elapsed="0.000163"/>
</kw>
<var name="${key}">name</var>
<status status="PASS" start="2024-06-06T16:18:52.201012" elapsed="0.002031"/>
</iter>
<iter>
<kw name="Dictionary Should Contain Key" owner="Collections">
<msg time="2024-06-06T16:18:52.203707" level="INFO">False</msg>
<arg>${json_data['results'][0]}</arg>
<arg>${key}</arg>
<doc>Fails if ``key`` is not found from ``dictionary``.</doc>
<status status="PASS" start="2024-06-06T16:18:52.203333" elapsed="0.000412"/>
</kw>
<kw name="Log" owner="BuiltIn">
<msg time="2024-06-06T16:18:52.204426" level="INFO">{'gender': 'female', 'name': {'title': 'Mrs', 'first': 'Rolien', 'last': 'Ten Hoope'}, 'location': {'street': {'number': 1690, 'name': 'Hamshorstweg'}, 'city': 'Kapel-Avezaath Buren', 'state': 'Drenthe', 'country': 'Netherlands', 'postcode': '8672 NW', 'coordinates': {'latitude': '30.0404', 'longitude': '61.7267'}, 'timezone': {'offset': '-5:00', 'description': 'Eastern Time (US &amp; Canada), Bogota, Lima'}}, 'email': 'rolien.tenhoope@example.com', 'login': {'uuid': 'cb742a60-e058-4e1a-a8ce-4c4e72e81089', 'username': 'whitefish810', 'password': 'serpent', 'salt': 'cuG6gMOF', 'md5': '087a817c0540e67d4cd453a8720dcd17', 'sha1': '19f0f5b4c5544208eb7d5864aaddaae0c39f30ba', 'sha256': 'beda2f8ef0f453d9310243f3fcc3aa8ad925e34cde67e10789acf82c6316a15b'}, 'dob': {'date': '1962-03-16T07:28:51.786Z', 'age': 62}, 'registered': {'date': '2020-05-17T06:09:48.337Z', 'age': 4}, 'phone': '(019) 5005633', 'cell': '(06) 70429677', 'id': {'name': 'BSN', 'value': '65208328'}, 'picture': {'large': 'https://randomuser.me/api/portraits/women/44.jpg', 'medium': 'https://randomuser.me/api/portraits/med/women/44.jpg', 'thumbnail': 'https://randomuser.me/api/portraits/thumb/women/44.jpg'}, 'nat': 'NL'}</msg>
<arg>${json_data['results'][0]}</arg>
<doc>Logs the given message with the given level.</doc>
<status status="PASS" start="2024-06-06T16:18:52.204043" elapsed="0.000434"/>
</kw>
<kw name="Log" owner="BuiltIn">
<msg time="2024-06-06T16:18:52.204899" level="INFO">location</msg>
<arg>${key}</arg>
<doc>Logs the given message with the given level.</doc>
<status status="PASS" start="2024-06-06T16:18:52.204773" elapsed="0.000164"/>
</kw>
<var name="${key}">location</var>
<status status="PASS" start="2024-06-06T16:18:52.203222" elapsed="0.001954"/>
</iter>
<iter>
<kw name="Dictionary Should Contain Key" owner="Collections">
<msg time="2024-06-06T16:18:52.205980" level="INFO">False</msg>
<arg>${json_data['results'][0]}</arg>
<arg>${key}</arg>
<doc>Fails if ``key`` is not found from ``dictionary``.</doc>
<status status="PASS" start="2024-06-06T16:18:52.205465" elapsed="0.000555"/>
</kw>
<kw name="Log" owner="BuiltIn">
<msg time="2024-06-06T16:18:52.206742" level="INFO">{'gender': 'female', 'name': {'title': 'Mrs', 'first': 'Rolien', 'last': 'Ten Hoope'}, 'location': {'street': {'number': 1690, 'name': 'Hamshorstweg'}, 'city': 'Kapel-Avezaath Buren', 'state': 'Drenthe', 'country': 'Netherlands', 'postcode': '8672 NW', 'coordinates': {'latitude': '30.0404', 'longitude': '61.7267'}, 'timezone': {'offset': '-5:00', 'description': 'Eastern Time (US &amp; Canada), Bogota, Lima'}}, 'email': 'rolien.tenhoope@example.com', 'login': {'uuid': 'cb742a60-e058-4e1a-a8ce-4c4e72e81089', 'username': 'whitefish810', 'password': 'serpent', 'salt': 'cuG6gMOF', 'md5': '087a817c0540e67d4cd453a8720dcd17', 'sha1': '19f0f5b4c5544208eb7d5864aaddaae0c39f30ba', 'sha256': 'beda2f8ef0f453d9310243f3fcc3aa8ad925e34cde67e10789acf82c6316a15b'}, 'dob': {'date': '1962-03-16T07:28:51.786Z', 'age': 62}, 'registered': {'date': '2020-05-17T06:09:48.337Z', 'age': 4}, 'phone': '(019) 5005633', 'cell': '(06) 70429677', 'id': {'name': 'BSN', 'value': '65208328'}, 'picture': {'large': 'https://randomuser.me/api/portraits/women/44.jpg', 'medium': 'https://randomuser.me/api/portraits/med/women/44.jpg', 'thumbnail': 'https://randomuser.me/api/portraits/thumb/women/44.jpg'}, 'nat': 'NL'}</msg>
<arg>${json_data['results'][0]}</arg>
<doc>Logs the given message with the given level.</doc>
<status status="PASS" start="2024-06-06T16:18:52.206375" elapsed="0.000418"/>
</kw>
<kw name="Log" owner="BuiltIn">
<msg time="2024-06-06T16:18:52.207220" level="INFO">email</msg>
<arg>${key}</arg>
<doc>Logs the given message with the given level.</doc>
<status status="PASS" start="2024-06-06T16:18:52.207091" elapsed="0.000166"/>
</kw>
<var name="${key}">email</var>
<status status="PASS" start="2024-06-06T16:18:52.205353" elapsed="0.002118"/>
</iter>
<iter>
<kw name="Dictionary Should Contain Key" owner="Collections">
<msg time="2024-06-06T16:18:52.208133" level="INFO">False</msg>
<arg>${json_data['results'][0]}</arg>
<arg>${key}</arg>
<doc>Fails if ``key`` is not found from ``dictionary``.</doc>
<status status="PASS" start="2024-06-06T16:18:52.207757" elapsed="0.000413"/>
</kw>
<kw name="Log" owner="BuiltIn">
<msg time="2024-06-06T16:18:52.208817" level="INFO">{'gender': 'female', 'name': {'title': 'Mrs', 'first': 'Rolien', 'last': 'Ten Hoope'}, 'location': {'street': {'number': 1690, 'name': 'Hamshorstweg'}, 'city': 'Kapel-Avezaath Buren', 'state': 'Drenthe', 'country': 'Netherlands', 'postcode': '8672 NW', 'coordinates': {'latitude': '30.0404', 'longitude': '61.7267'}, 'timezone': {'offset': '-5:00', 'description': 'Eastern Time (US &amp; Canada), Bogota, Lima'}}, 'email': 'rolien.tenhoope@example.com', 'login': {'uuid': 'cb742a60-e058-4e1a-a8ce-4c4e72e81089', 'username': 'whitefish810', 'password': 'serpent', 'salt': 'cuG6gMOF', 'md5': '087a817c0540e67d4cd453a8720dcd17', 'sha1': '19f0f5b4c5544208eb7d5864aaddaae0c39f30ba', 'sha256': 'beda2f8ef0f453d9310243f3fcc3aa8ad925e34cde67e10789acf82c6316a15b'}, 'dob': {'date': '1962-03-16T07:28:51.786Z', 'age': 62}, 'registered': {'date': '2020-05-17T06:09:48.337Z', 'age': 4}, 'phone': '(019) 5005633', 'cell': '(06) 70429677', 'id': {'name': 'BSN', 'value': '65208328'}, 'picture': {'large': 'https://randomuser.me/api/portraits/women/44.jpg', 'medium': 'https://randomuser.me/api/portraits/med/women/44.jpg', 'thumbnail': 'https://randomuser.me/api/portraits/thumb/women/44.jpg'}, 'nat': 'NL'}</msg>
<arg>${json_data['results'][0]}</arg>
<doc>Logs the given message with the given level.</doc>
<status status="PASS" start="2024-06-06T16:18:52.208463" elapsed="0.000404"/>
</kw>
<kw name="Log" owner="BuiltIn">
<msg time="2024-06-06T16:18:52.209340" level="INFO">login</msg>
<arg>${key}</arg>
<doc>Logs the given message with the given level.</doc>
<status status="PASS" start="2024-06-06T16:18:52.209208" elapsed="0.000171"/>
</kw>
<var name="${key}">login</var>
<status status="PASS" start="2024-06-06T16:18:52.207645" elapsed="0.001951"/>
</iter>
<var>${key}</var>
<value>@{expected_keys}</value>
<status status="PASS" start="2024-06-06T16:18:52.198614" elapsed="0.011104"/>
</for>
<kw name="Create List" owner="BuiltIn">
<msg time="2024-06-06T16:18:52.210057" level="INFO">${expected_keysTwo} = ['username', 'password']</msg>
<var>${expected_keysTwo}</var>
<arg>username</arg>
<arg>password</arg>
<doc>Returns a list containing given items.</doc>
<status status="PASS" start="2024-06-06T16:18:52.209920" elapsed="0.000161"/>
</kw>
<for flavor="IN">
<iter>
<kw name="Dictionary Should Contain Key" owner="Collections">
<msg time="2024-06-06T16:18:52.210964" level="INFO">False</msg>
<arg>${json_data['results'][0]['login']}</arg>
<arg>${keyTwo}</arg>
<doc>Fails if ``key`` is not found from ``dictionary``.</doc>
<status status="PASS" start="2024-06-06T16:18:52.210583" elapsed="0.000418"/>
</kw>
<kw name="Dictionary Should Contain Key" owner="Collections">
<msg time="2024-06-06T16:18:52.211664" level="INFO">False</msg>
<arg>${json_data['results'][0]['login']}</arg>
<arg>${keyTwo}</arg>
<doc>Fails if ``key`` is not found from ``dictionary``.</doc>
<status status="PASS" start="2024-06-06T16:18:52.211293" elapsed="0.000407"/>
</kw>
<kw name="Log" owner="BuiltIn">
<msg time="2024-06-06T16:18:52.212119" level="INFO">username</msg>
<arg>${keyTwo}</arg>
<doc>Logs the given message with the given level.</doc>
<status status="PASS" start="2024-06-06T16:18:52.211994" elapsed="0.000162"/>
</kw>
<var name="${keyTwo}">username</var>
<status status="PASS" start="2024-06-06T16:18:52.210473" elapsed="0.001894"/>
</iter>
<iter>
<kw name="Dictionary Should Contain Key" owner="Collections">
<msg time="2024-06-06T16:18:52.213023" level="INFO">False</msg>
<arg>${json_data['results'][0]['login']}</arg>
<arg>${keyTwo}</arg>
<doc>Fails if ``key`` is not found from ``dictionary``.</doc>
<status status="PASS" start="2024-06-06T16:18:52.212648" elapsed="0.000413"/>
</kw>
<kw name="Dictionary Should Contain Key" owner="Collections">
<msg time="2024-06-06T16:18:52.213764" level="INFO">False</msg>
<arg>${json_data['results'][0]['login']}</arg>
<arg>${keyTwo}</arg>
<doc>Fails if ``key`` is not found from ``dictionary``.</doc>
<status status="PASS" start="2024-06-06T16:18:52.213390" elapsed="0.000410"/>
</kw>
<kw name="Log" owner="BuiltIn">
<msg time="2024-06-06T16:18:52.214212" level="INFO">password</msg>
<arg>${keyTwo}</arg>
<doc>Logs the given message with the given level.</doc>
<status status="PASS" start="2024-06-06T16:18:52.214087" elapsed="0.000161"/>
</kw>
<var name="${keyTwo}">password</var>
<status status="PASS" start="2024-06-06T16:18:52.212539" elapsed="0.001926"/>
</iter>
<var>${keyTwo}</var>
<value>@{expected_keysTwo}</value>
<status status="PASS" start="2024-06-06T16:18:52.210319" elapsed="0.004267"/>
</for>
<status status="PASS" start="2024-06-06T16:18:52.120936" elapsed="0.093795"/>
</kw>
<doc>Testa a estrutura da resposta da API.</doc>
<tag>testeEstruturaResposta</tag>
<status status="PASS" start="2024-06-06T16:18:52.120380" elapsed="0.094513"/>
</test>
<test id="s1-s1-t4" name="Validar tipos de dados" line="28">
<kw name="Teste de Tipos de Dados" owner="random-user-service">
<kw name="GET On Session" owner="RequestsLibrary">
<msg time="2024-06-06T16:18:52.291734" level="INFO">GET Request : url=https://randomuser.me/api 
 path_url=/api 
 headers={'User-Agent': 'python-requests/2.32.3', 'Accept-Encoding': 'gzip, deflate', 'Accept': '*/*', 'Connection': 'keep-alive'} 
 body=None 
 </msg>
<msg time="2024-06-06T16:18:52.291845" level="INFO">GET Response : url=https://randomuser.me/api 
 status=200, reason=OK 
 headers={'Date': 'Thu, 06 Jun 2024 16:18:52 GMT', 'Content-Type': 'application/json; charset=utf-8', 'Transfer-Encoding': 'chunked', 'Connection': 'keep-alive', 'X-Powered-By': 'Express', 'Access-Control-Allow-Origin': '*', 'Cache-Control': 'no-cache', 'ETag': 'W/"4be-FXdPTyiynJ1TFRXff3kJ+wYEud8"', 'Vary': 'Accept-Encoding', 'Content-Encoding': 'gzip', 'CF-Cache-Status': 'DYNAMIC', 'Report-To': '{"endpoints":[{"url":"https:\\/\\/a.nel.cloudflare.com\\/report\\/v4?s=5JOr7uUJc04LxjGB7noHA32PHy1Mkytvj%2BGbVbxOTZBF9poFsxi3d3W5J3FH%2FRIu2XZ8uTF2IfGogu8ARWcejVTvJ38xtjhHIfeK7bbmwZ0HejIweDz8T5NZoU8TDJAv"}],"group":"cf-nel","max_age":604800}', 'NEL': '{"success_fraction":0,"report_to":"cf-nel","max_age":604800}', 'Server': 'cloudflare', 'CF-RAY': '88f9b8845d37111b-ORD', 'alt-svc': 'h3=":443"; ma=86400'} 
 body={"results":[{"gender":"female","name":{"title":"Mademoiselle","first":"Audrey","last":"Rodriguez"},"location":{"street":{"number":2730,"name":"Rue Louis-Blanqui"},"city":"Arnex-sur-Orbe","state":"Schwyz","country":"Switzerland","postcode":8853,"coordinates":{"latitude":"-63.0832","longitude":"100.4137"},"timezone":{"offset":"+3:00","description":"Baghdad, Riyadh, Moscow, St. Petersburg"}},"email":"audrey.rodriguez@example.com","login":{"uuid":"1e784e0a-fb5b-41b7-9c84-8c5675d815b4","username":"goldenleopard816","password":"killme","salt":"RwUgTD1X","md5":"9c03b63c841bc479456e1ed1a76e4863","sha1":"b7647fd8c9a199d43c0b6b519a0f54660b2fcfee","sha256":"4e74568e6686b6dd748cead9c6a4758dac032e96aa04b74bd8232e626ebea278"},"dob":{"date":"1962-08-07T11:55:28.738Z","age":61},"registered":{"date":"2010-12-29T06:03:05.059Z","age":13},"phone":"077 137 27 89","cell":"076 307 95 33","id":{"name":"AVS","value":"756.1415.6151.56"},"picture":{"large":"https://randomuser.me/api/portraits/women/47.jpg","medium":"https://randomuser.me/api/portraits/med/women/47.jpg","thumbnail":"https://randomuser.me/api/portraits/thumb/women/47.jpg"},"nat":"CH"}],"info":{"seed":"a1938802e5736db3","results":1,"page":1,"version":"1.4"}} 
 </msg>
<msg time="2024-06-06T16:18:52.291917" level="INFO">/opt/hostedtoolcache/Python/3.12.3/x64/lib/python3.12/site-packages/urllib3/connectionpool.py:1103: InsecureRequestWarning: Unverified HTTPS request is being made to host 'randomuser.me'. Adding certificate verification is strongly advised. See: https://urllib3.readthedocs.io/en/latest/advanced-usage.html#tls-warnings
  warnings.warn(</msg>
<msg time="2024-06-06T16:18:52.292038" level="INFO">${response} = &lt;Response [200]&gt;</msg>
<var>${response}</var>
<arg>consultarAPI</arg>
<arg>/api</arg>
<doc>Sends a GET request on a previously created HTTP Session.</doc>
<status status="PASS" start="2024-06-06T16:18:52.217422" elapsed="0.074655"/>
</kw>
<kw name="Set Variable" owner="BuiltIn">
<msg time="2024-06-06T16:18:52.293160" level="INFO">${json_data} = {'results': [{'gender': 'female', 'name': {'title': 'Mademoiselle', 'first': 'Audrey', 'last': 'Rodriguez'}, 'location': {'street': {'number': 2730, 'name': 'Rue Louis-Blanqui'}, 'city': 'Arnex-sur-Or...</msg>
<var>${json_data}</var>
<arg>${response.json()}</arg>
<doc>Returns the given values which can then be assigned to a variables.</doc>
<status status="PASS" start="2024-06-06T16:18:52.292598" elapsed="0.000594"/>
</kw>
<kw name="Log" owner="BuiltIn">
<msg time="2024-06-06T16:18:52.293673" level="INFO">{'results': [{'gender': 'female', 'name': {'title': 'Mademoiselle', 'first': 'Audrey', 'last': 'Rodriguez'}, 'location': {'street': {'number': 2730, 'name': 'Rue Louis-Blanqui'}, 'city': 'Arnex-sur-Orbe', 'state': 'Schwyz', 'country': 'Switzerland', 'postcode': 8853, 'coordinates': {'latitude': '-63.0832', 'longitude': '100.4137'}, 'timezone': {'offset': '+3:00', 'description': 'Baghdad, Riyadh, Moscow, St. Petersburg'}}, 'email': 'audrey.rodriguez@example.com', 'login': {'uuid': '1e784e0a-fb5b-41b7-9c84-8c5675d815b4', 'username': 'goldenleopard816', 'password': 'killme', 'salt': 'RwUgTD1X', 'md5': '9c03b63c841bc479456e1ed1a76e4863', 'sha1': 'b7647fd8c9a199d43c0b6b519a0f54660b2fcfee', 'sha256': '4e74568e6686b6dd748cead9c6a4758dac032e96aa04b74bd8232e626ebea278'}, 'dob': {'date': '1962-08-07T11:55:28.738Z', 'age': 61}, 'registered': {'date': '2010-12-29T06:03:05.059Z', 'age': 13}, 'phone': '077 137 27 89', 'cell': '076 307 95 33', 'id': {'name': 'AVS', 'value': '756.1415.6151.56'}, 'picture': {'large': 'https://randomuser.me/api/portraits/women/47.jpg', 'medium': 'https://randomuser.me/api/portraits/med/women/47.jpg', 'thumbnail': 'https://randomuser.me/api/portraits/thumb/women/47.jpg'}, 'nat': 'CH'}], 'info': {'seed': 'a1938802e5736db3', 'results': 1, 'page': 1, 'version': '1.4'}}</msg>
<arg>${json_data}</arg>
<doc>Logs the given message with the given level.</doc>
<status status="PASS" start="2024-06-06T16:18:52.293516" elapsed="0.000258"/>
</kw>
<kw name="Should Be String" owner="String">
<arg>${json_data['results'][0]['gender']}</arg>
<doc>Fails if the given ``item`` is not a string.</doc>
<status status="PASS" start="2024-06-06T16:18:52.294080" elapsed="0.000362"/>
</kw>
<kw name="Should Match Regexp" owner="BuiltIn">
<arg>${json_data['results'][0]['email']}</arg>
<arg>^[a-zA-Z0-9._%+-]+@[a-zA-Z0-9.-]+\.[a-zA-Z]{2,}$</arg>
<doc>Fails if ``string`` does not match ``pattern`` as a regular expression.</doc>
<status status="PASS" start="2024-06-06T16:18:52.294634" elapsed="0.000675"/>
</kw>
<kw name="Should Match Regexp" owner="BuiltIn">
<arg>${json_data['results'][0]['dob']['date']}</arg>
<arg>\\d{4}-\\d{2}-\\d{2}T\\d{2}:\\d{2}:\\d{2}\\.\\d{3}Z</arg>
<doc>Fails if ``string`` does not match ``pattern`` as a regular expression.</doc>
<status status="PASS" start="2024-06-06T16:18:52.295505" elapsed="0.000484"/>
</kw>
<kw name="Should Match Regexp" owner="BuiltIn">
<arg>${json_data['results'][0]['registered']['date']}</arg>
<arg>\\d{4}-\\d{2}-\\d{2}T\\d{2}:\\d{2}:\\d{2}\\.\\d{3}Z</arg>
<doc>Fails if ``string`` does not match ``pattern`` as a regular expression.</doc>
<status status="PASS" start="2024-06-06T16:18:52.296182" elapsed="0.000370"/>
</kw>
<kw name="Should Match Regexp" owner="BuiltIn">
<arg>${json_data['results'][0]['picture']['large']}</arg>
<arg>^https?://.*\.(?:png|jpe?g|gif|bmp)$</arg>
<doc>Fails if ``string`` does not match ``pattern`` as a regular expression.</doc>
<status status="PASS" start="2024-06-06T16:18:52.296742" elapsed="0.000477"/>
</kw>
<kw name="Should Match Regexp" owner="BuiltIn">
<arg>${json_data['results'][0]['picture']['medium']}</arg>
<arg>^https?://.*\.(?:png|jpe?g|gif|bmp)$</arg>
<doc>Fails if ``string`` does not match ``pattern`` as a regular expression.</doc>
<status status="PASS" start="2024-06-06T16:18:52.297422" elapsed="0.000351"/>
</kw>
<kw name="Should Match Regexp" owner="BuiltIn">
<arg>${json_data['results'][0]['picture']['thumbnail']}</arg>
<arg>^https?://.*\.(?:png|jpe?g|gif|bmp)$</arg>
<doc>Fails if ``string`` does not match ``pattern`` as a regular expression.</doc>
<status status="PASS" start="2024-06-06T16:18:52.297962" elapsed="0.000344"/>
</kw>
<kw name="Log" owner="BuiltIn">
<msg time="2024-06-06T16:18:52.298816" level="INFO">{'large': 'https://randomuser.me/api/portraits/women/47.jpg', 'medium': 'https://randomuser.me/api/portraits/med/women/47.jpg', 'thumbnail': 'https://randomuser.me/api/portraits/thumb/women/47.jpg'}</msg>
<arg>${json_data['results'][0]['picture']}</arg>
<doc>Logs the given message with the given level.</doc>
<status status="PASS" start="2024-06-06T16:18:52.298487" elapsed="0.000371"/>
</kw>
<status status="PASS" start="2024-06-06T16:18:52.217184" elapsed="0.081931"/>
</kw>
<kw name="Teste de Tipos de Dados - Postcode" owner="random-user-service">
<kw name="GET On Session" owner="RequestsLibrary">
<msg time="2024-06-06T16:18:52.394253" level="INFO">GET Request : url=https://randomuser.me/api 
 path_url=/api 
 headers={'User-Agent': 'python-requests/2.32.3', 'Accept-Encoding': 'gzip, deflate', 'Accept': '*/*', 'Connection': 'keep-alive'} 
 body=None 
 </msg>
<msg time="2024-06-06T16:18:52.394354" level="INFO">GET Response : url=https://randomuser.me/api 
 status=200, reason=OK 
 headers={'Date': 'Thu, 06 Jun 2024 16:18:52 GMT', 'Content-Type': 'application/json; charset=utf-8', 'Transfer-Encoding': 'chunked', 'Connection': 'keep-alive', 'X-Powered-By': 'Express', 'Access-Control-Allow-Origin': '*', 'Cache-Control': 'no-cache', 'ETag': 'W/"49c-LRkpZ9HHjLY2UoV6g3w+0yc1mZA"', 'Vary': 'Accept-Encoding', 'Content-Encoding': 'gzip', 'CF-Cache-Status': 'DYNAMIC', 'Report-To': '{"endpoints":[{"url":"https:\\/\\/a.nel.cloudflare.com\\/report\\/v4?s=w1ZGueMgcc3sULz2WSjssTeo16JEzfF%2B2p3g1RsiCxesNWmMEY6V5CENgl%2F0yB%2FImpoVVxRRoh6Hj3BWKpH8gMGn3L%2Bm33PtSBC4xE%2B9tVidWrxscKIBWLB4FwZofYEe"}],"group":"cf-nel","max_age":604800}', 'NEL': '{"success_fraction":0,"report_to":"cf-nel","max_age":604800}', 'Server': 'cloudflare', 'CF-RAY': '88f9b884ee05111b-ORD', 'alt-svc': 'h3=":443"; ma=86400'} 
 body={"results":[{"gender":"male","name":{"title":"Mr","first":"Rafael","last":"Brunet"},"location":{"street":{"number":4580,"name":"Montée Saint-Barthélémy"},"city":"Tourcoing","state":"Charente","country":"France","postcode":16715,"coordinates":{"latitude":"-15.9498","longitude":"-84.9665"},"timezone":{"offset":"+2:00","description":"Kaliningrad, South Africa"}},"email":"rafael.brunet@example.com","login":{"uuid":"c1873e21-e3e8-459d-8bca-f1740ad4f522","username":"silvermouse998","password":"pooter","salt":"3m7FvJ2c","md5":"07ea6abe6841a9aace89cd95244b5bf9","sha1":"9d316e8f665f52ad664bffd843ba334047137657","sha256":"461b0fc23d193e68d4e9447688d4595aea758717c7016e284f972a2a2c5c0328"},"dob":{"date":"1950-08-17T08:25:05.357Z","age":73},"registered":{"date":"2011-01-20T22:04:08.008Z","age":13},"phone":"01-68-29-31-10","cell":"06-54-33-49-98","id":{"name":"INSEE","value":"1500724058237 31"},"picture":{"large":"https://randomuser.me/api/portraits/men/29.jpg","medium":"https://randomuser.me/api/portraits/med/men/29.jpg","thumbnail":"https://randomuser.me/api/portraits/thumb/men/29.jpg"},"nat":"FR"}],"info":{"seed":"62d134870726dede","results":1,"page":1,"version":"1.4"}} 
 </msg>
<msg time="2024-06-06T16:18:52.394429" level="INFO">/opt/hostedtoolcache/Python/3.12.3/x64/lib/python3.12/site-packages/urllib3/connectionpool.py:1103: InsecureRequestWarning: Unverified HTTPS request is being made to host 'randomuser.me'. Adding certificate verification is strongly advised. See: https://urllib3.readthedocs.io/en/latest/advanced-usage.html#tls-warnings
  warnings.warn(</msg>
<msg time="2024-06-06T16:18:52.394553" level="INFO">${response} = &lt;Response [200]&gt;</msg>
<var>${response}</var>
<arg>consultarAPI</arg>
<arg>/api</arg>
<doc>Sends a GET request on a previously created HTTP Session.</doc>
<status status="PASS" start="2024-06-06T16:18:52.299572" elapsed="0.095008"/>
</kw>
<kw name="Set Variable" owner="BuiltIn">
<msg time="2024-06-06T16:18:52.395663" level="INFO">${json_data} = {'results': [{'gender': 'male', 'name': {'title': 'Mr', 'first': 'Rafael', 'last': 'Brunet'}, 'location': {'street': {'number': 4580, 'name': 'Montée Saint-Barthélémy'}, 'city': 'Tourcoing', 'state': ...</msg>
<var>${json_data}</var>
<arg>${response.json()}</arg>
<doc>Returns the given values which can then be assigned to a variables.</doc>
<status status="PASS" start="2024-06-06T16:18:52.395138" elapsed="0.000554"/>
</kw>
<kw name="Log" owner="BuiltIn">
<msg time="2024-06-06T16:18:52.396162" level="INFO">{'results': [{'gender': 'male', 'name': {'title': 'Mr', 'first': 'Rafael', 'last': 'Brunet'}, 'location': {'street': {'number': 4580, 'name': 'Montée Saint-Barthélémy'}, 'city': 'Tourcoing', 'state': 'Charente', 'country': 'France', 'postcode': 16715, 'coordinates': {'latitude': '-15.9498', 'longitude': '-84.9665'}, 'timezone': {'offset': '+2:00', 'description': 'Kaliningrad, South Africa'}}, 'email': 'rafael.brunet@example.com', 'login': {'uuid': 'c1873e21-e3e8-459d-8bca-f1740ad4f522', 'username': 'silvermouse998', 'password': 'pooter', 'salt': '3m7FvJ2c', 'md5': '07ea6abe6841a9aace89cd95244b5bf9', 'sha1': '9d316e8f665f52ad664bffd843ba334047137657', 'sha256': '461b0fc23d193e68d4e9447688d4595aea758717c7016e284f972a2a2c5c0328'}, 'dob': {'date': '1950-08-17T08:25:05.357Z', 'age': 73}, 'registered': {'date': '2011-01-20T22:04:08.008Z', 'age': 13}, 'phone': '01-68-29-31-10', 'cell': '06-54-33-49-98', 'id': {'name': 'INSEE', 'value': '1500724058237 31'}, 'picture': {'large': 'https://randomuser.me/api/portraits/men/29.jpg', 'medium': 'https://randomuser.me/api/portraits/med/men/29.jpg', 'thumbnail': 'https://randomuser.me/api/portraits/thumb/men/29.jpg'}, 'nat': 'FR'}], 'info': {'seed': '62d134870726dede', 'results': 1, 'page': 1, 'version': '1.4'}}</msg>
<arg>${json_data}</arg>
<doc>Logs the given message with the given level.</doc>
<status status="PASS" start="2024-06-06T16:18:52.396006" elapsed="0.000243"/>
</kw>
<kw name="Should Be Equal As Numbers" owner="BuiltIn">
<arg>${json_data['results'][0]['location']['postcode']}</arg>
<arg>${json_data['results'][0]['location']['postcode']}</arg>
<doc>Fails if objects are unequal after converting them to real numbers.</doc>
<status status="PASS" start="2024-06-06T16:18:52.396547" elapsed="0.000657"/>
</kw>
<kw name="Log" owner="BuiltIn">
<msg time="2024-06-06T16:18:52.397754" level="INFO">16715</msg>
<arg>${json_data['results'][0]['location']['postcode']}</arg>
<doc>Logs the given message with the given level.</doc>
<status status="PASS" start="2024-06-06T16:18:52.397413" elapsed="0.000382"/>
</kw>
<status status="PASS" start="2024-06-06T16:18:52.299344" elapsed="0.098708"/>
</kw>
<doc>Testa se os tipos de dados na resposta da API estão corretos.</doc>
<tag>testeTiposDados</tag>
<status status="PASS" start="2024-06-06T16:18:52.216681" elapsed="0.181541"/>
</test>
<test id="s1-s1-t5" name="Validar conteudo" line="35">
<kw name="Teste de Tipos de Conteudo" owner="random-user-service">
<kw name="GET On Session" owner="RequestsLibrary">
<msg time="2024-06-06T16:18:52.501227" level="INFO">GET Request : url=https://randomuser.me/api 
 path_url=/api 
 headers={'User-Agent': 'python-requests/2.32.3', 'Accept-Encoding': 'gzip, deflate', 'Accept': '*/*', 'Connection': 'keep-alive'} 
 body=None 
 </msg>
<msg time="2024-06-06T16:18:52.501327" level="INFO">GET Response : url=https://randomuser.me/api 
 status=200, reason=OK 
 headers={'Date': 'Thu, 06 Jun 2024 16:18:52 GMT', 'Content-Type': 'application/json; charset=utf-8', 'Transfer-Encoding': 'chunked', 'Connection': 'keep-alive', 'X-Powered-By': 'Express', 'Access-Control-Allow-Origin': '*', 'Cache-Control': 'no-cache', 'ETag': 'W/"4a6-rhOUzq52rvFSVrKEXhz4UiEk+6c"', 'Vary': 'Accept-Encoding', 'Content-Encoding': 'gzip', 'CF-Cache-Status': 'DYNAMIC', 'Report-To': '{"endpoints":[{"url":"https:\\/\\/a.nel.cloudflare.com\\/report\\/v4?s=lJs6Ht5rcF0YaIPqr1pgboA5oczcTQFCY%2FXQ%2B1YqwwcqFxVHxg8C7nA1hsPs45YsNDkk9LArAOOrv6WlgUUR0WL%2BqimWWP1OGgzG8l3su3GhR%2Fua4TgZMWE5uzoJNmnC"}],"group":"cf-nel","max_age":604800}', 'NEL': '{"success_fraction":0,"report_to":"cf-nel","max_age":604800}', 'Server': 'cloudflare', 'CF-RAY': '88f9b8858ef7111b-ORD', 'alt-svc': 'h3=":443"; ma=86400'} 
 body={"results":[{"gender":"male","name":{"title":"Mr","first":"Damiaan","last":"Kooiman"},"location":{"street":{"number":1012,"name":"Jachthaven Kloosternol"},"city":"'t Goy","state":"Gelderland","country":"Netherlands","postcode":"3711 JX","coordinates":{"latitude":"35.8403","longitude":"-165.0998"},"timezone":{"offset":"+5:00","description":"Ekaterinburg, Islamabad, Karachi, Tashkent"}},"email":"damiaan.kooiman@example.com","login":{"uuid":"26a1d04c-eefe-4cda-b775-b5ba2f8f239c","username":"heavyfrog735","password":"jomama","salt":"3483W1PS","md5":"21ff33c52d7356a03125ec7c2bd71f3c","sha1":"631500495fc8cc8a259352ffc956f44c8cf20ba0","sha256":"a6a5fafd6cadf9d119d13fbc677bd84ecca26a1298b11c255f659dddad01c0ca"},"dob":{"date":"1964-03-20T00:35:26.452Z","age":60},"registered":{"date":"2016-08-23T07:46:49.054Z","age":7},"phone":"(0581) 514527","cell":"(06) 90313971","id":{"name":"BSN","value":"87126299"},"picture":{"large":"https://randomuser.me/api/portraits/men/64.jpg","medium":"https://randomuser.me/api/portraits/med/men/64.jpg","thumbnail":"https://randomuser.me/api/portraits/thumb/men/64.jpg"},"nat":"NL"}],"info":{"seed":"a1c339113ff4a682","results":1,"page":1,"version":"1.4"}} 
 </msg>
<msg time="2024-06-06T16:18:52.501398" level="INFO">/opt/hostedtoolcache/Python/3.12.3/x64/lib/python3.12/site-packages/urllib3/connectionpool.py:1103: InsecureRequestWarning: Unverified HTTPS request is being made to host 'randomuser.me'. Adding certificate verification is strongly advised. See: https://urllib3.readthedocs.io/en/latest/advanced-usage.html#tls-warnings
  warnings.warn(</msg>
<msg time="2024-06-06T16:18:52.501529" level="INFO">${response} = &lt;Response [200]&gt;</msg>
<var>${response}</var>
<arg>consultarAPI</arg>
<arg>/api</arg>
<doc>Sends a GET request on a previously created HTTP Session.</doc>
<status status="PASS" start="2024-06-06T16:18:52.400753" elapsed="0.100817"/>
</kw>
<kw name="Set Variable" owner="BuiltIn">
<msg time="2024-06-06T16:18:52.502607" level="INFO">${json_data} = {'results': [{'gender': 'male', 'name': {'title': 'Mr', 'first': 'Damiaan', 'last': 'Kooiman'}, 'location': {'street': {'number': 1012, 'name': 'Jachthaven Kloosternol'}, 'city': "'t Goy", 'state': 'G...</msg>
<var>${json_data}</var>
<arg>${response.json()}</arg>
<doc>Returns the given values which can then be assigned to a variables.</doc>
<status status="PASS" start="2024-06-06T16:18:52.502096" elapsed="0.000539"/>
</kw>
<kw name="Set Variable" owner="BuiltIn">
<msg time="2024-06-06T16:18:52.503335" level="INFO">${name_title} = Mr</msg>
<var>${name_title}</var>
<arg>${json_data["results"][0]["name"]["title"]}</arg>
<doc>Returns the given values which can then be assigned to a variables.</doc>
<status status="PASS" start="2024-06-06T16:18:52.502947" elapsed="0.000413"/>
</kw>
<kw name="Create List" owner="BuiltIn">
<msg time="2024-06-06T16:18:52.503872" level="INFO">${allowed_titles} = ['Mr', 'Ms', 'Miss', 'Mrs', 'Madame', 'Monsieur']</msg>
<var>${allowed_titles}</var>
<arg>Mr</arg>
<arg>Ms</arg>
<arg>Miss</arg>
<arg>Mrs</arg>
<arg>Madame</arg>
<arg>Monsieur</arg>
<doc>Returns a list containing given items.</doc>
<status status="PASS" start="2024-06-06T16:18:52.503688" elapsed="0.000214"/>
</kw>
<kw name="List Should Contain Value" owner="Collections">
<msg time="2024-06-06T16:18:52.504396" level="INFO">False</msg>
<arg>${allowed_titles}</arg>
<arg>${name_title}</arg>
<doc>Fails if the ``value`` is not found from ``list``.</doc>
<status status="PASS" start="2024-06-06T16:18:52.504211" elapsed="0.000222"/>
</kw>
<kw name="Set Variable" owner="BuiltIn">
<msg time="2024-06-06T16:18:52.505325" level="INFO">${name_country} = NL</msg>
<var>${name_country}</var>
<arg>${json_data["results"][0]["nat"]}</arg>
<doc>Returns the given values which can then be assigned to a variables.</doc>
<status status="PASS" start="2024-06-06T16:18:52.504729" elapsed="0.000622"/>
</kw>
<kw name="Create List" owner="BuiltIn">
<msg time="2024-06-06T16:18:52.506254" level="INFO">${list_country} = ['AD', 'AE', 'AF', 'AG', 'AI', 'AL', 'AM', 'AO', 'AQ', 'AR', 'AS', 'AT', 'AU', 'AW', 'AX', 'AZ', 'BA', 'BB', 'BD', 'BE', 'BF', 'BG', 'BH', 'BI', 'BJ', 'BL', 'BM', 'BN', 'BO', 'BQ', 'BR', 'BS', 'BT', '...</msg>
<var>${list_country}</var>
<arg>AD</arg>
<arg>AE</arg>
<arg>AF</arg>
<arg>AG</arg>
<arg>AI</arg>
<arg>AL</arg>
<arg>AM</arg>
<arg>AO</arg>
<arg>AQ</arg>
<arg>AR</arg>
<arg>AS</arg>
<arg>AT</arg>
<arg>AU</arg>
<arg>AW</arg>
<arg>AX</arg>
<arg>AZ</arg>
<arg>BA</arg>
<arg>BB</arg>
<arg>BD</arg>
<arg>BE</arg>
<arg>BF</arg>
<arg>BG</arg>
<arg>BH</arg>
<arg>BI</arg>
<arg>BJ</arg>
<arg>BL</arg>
<arg>BM</arg>
<arg>BN</arg>
<arg>BO</arg>
<arg>BQ</arg>
<arg>BR</arg>
<arg>BS</arg>
<arg>BT</arg>
<arg>BV</arg>
<arg>BW</arg>
<arg>BY</arg>
<arg>BZ</arg>
<arg>CA</arg>
<arg>CC</arg>
<arg>CD</arg>
<arg>CF</arg>
<arg>CG</arg>
<arg>CH</arg>
<arg>CI</arg>
<arg>CK</arg>
<arg>CL</arg>
<arg>CM</arg>
<arg>CN</arg>
<arg>CO</arg>
<arg>CR</arg>
<arg>CU</arg>
<arg>CV</arg>
<arg>CW</arg>
<arg>CX</arg>
<arg>CY</arg>
<arg>CZ</arg>
<arg>DE</arg>
<arg>DJ</arg>
<arg>DK</arg>
<arg>DM</arg>
<arg>DO</arg>
<arg>DZ</arg>
<arg>EC</arg>
<arg>EE</arg>
<arg>EG</arg>
<arg>EH</arg>
<arg>ER</arg>
<arg>ES</arg>
<arg>ET</arg>
<arg>FI</arg>
<arg>FJ</arg>
<arg>FK</arg>
<arg>FM</arg>
<arg>FO</arg>
<arg>FR</arg>
<arg>GA</arg>
<arg>GB</arg>
<arg>GD</arg>
<arg>GE</arg>
<arg>GF</arg>
<arg>GG</arg>
<arg>GH</arg>
<arg>GI</arg>
<arg>GL</arg>
<arg>GM</arg>
<arg>GN</arg>
<arg>GP</arg>
<arg>GQ</arg>
<arg>GR</arg>
<arg>GS</arg>
<arg>GT</arg>
<arg>GU</arg>
<arg>GW</arg>
<arg>GY</arg>
<arg>HK</arg>
<arg>HM</arg>
<arg>HN</arg>
<arg>HR</arg>
<arg>HT</arg>
<arg>HU</arg>
<arg>ID</arg>
<arg>IE</arg>
<arg>IL</arg>
<arg>IM</arg>
<arg>IN</arg>
<arg>IO</arg>
<arg>IQ</arg>
<arg>IR</arg>
<arg>IS</arg>
<arg>IT</arg>
<arg>JE</arg>
<arg>JM</arg>
<arg>JO</arg>
<arg>JP</arg>
<arg>KE</arg>
<arg>KG</arg>
<arg>KH</arg>
<arg>KI</arg>
<arg>KM</arg>
<arg>KN</arg>
<arg>KP</arg>
<arg>KR</arg>
<arg>KW</arg>
<arg>KY</arg>
<arg>KZ</arg>
<arg>LA</arg>
<arg>LB</arg>
<arg>LC</arg>
<arg>LI</arg>
<arg>LK</arg>
<arg>LR</arg>
<arg>LS</arg>
<arg>LT</arg>
<arg>LU</arg>
<arg>LV</arg>
<arg>LY</arg>
<arg>MA</arg>
<arg>MC</arg>
<arg>MD</arg>
<arg>ME</arg>
<arg>MF</arg>
<arg>MG</arg>
<arg>MH</arg>
<arg>MK</arg>
<arg>ML</arg>
<arg>MM</arg>
<arg>MN</arg>
<arg>MO</arg>
<arg>MP</arg>
<arg>MQ</arg>
<arg>MR</arg>
<arg>MS</arg>
<arg>MT</arg>
<arg>MU</arg>
<arg>MV</arg>
<arg>MW</arg>
<arg>MX</arg>
<arg>MY</arg>
<arg>MZ</arg>
<arg>NA</arg>
<arg>NC</arg>
<arg>NE</arg>
<arg>NF</arg>
<arg>NG</arg>
<arg>NI</arg>
<arg>NL</arg>
<arg>NO</arg>
<arg>NP</arg>
<arg>NR</arg>
<arg>NU</arg>
<arg>NZ</arg>
<arg>OM</arg>
<arg>PA</arg>
<arg>PE</arg>
<arg>PF</arg>
<arg>PG</arg>
<arg>PH</arg>
<arg>PK</arg>
<arg>PL</arg>
<arg>PM</arg>
<arg>PN</arg>
<arg>PR</arg>
<arg>PS</arg>
<arg>PT</arg>
<arg>PW</arg>
<arg>PY</arg>
<arg>QA</arg>
<arg>RE</arg>
<arg>RO</arg>
<arg>RS</arg>
<arg>RU</arg>
<arg>RW</arg>
<arg>SA</arg>
<arg>SB</arg>
<arg>SC</arg>
<arg>SD</arg>
<arg>SE</arg>
<arg>SG</arg>
<arg>SH</arg>
<arg>SI</arg>
<arg>SJ</arg>
<arg>SK</arg>
<arg>SL</arg>
<arg>SM</arg>
<arg>SN</arg>
<arg>SO</arg>
<arg>SR</arg>
<arg>SS</arg>
<arg>ST</arg>
<arg>SV</arg>
<arg>SX</arg>
<arg>SY</arg>
<arg>SZ</arg>
<arg>TC</arg>
<arg>TD</arg>
<arg>TF</arg>
<arg>TG</arg>
<arg>TH</arg>
<arg>TJ</arg>
<arg>TK</arg>
<arg>TL</arg>
<arg>TM</arg>
<arg>TN</arg>
<arg>TO</arg>
<arg>TR</arg>
<arg>TT</arg>
<arg>TV</arg>
<arg>TW</arg>
<arg>TZ</arg>
<arg>UA</arg>
<arg>UG</arg>
<arg>UM</arg>
<arg>US</arg>
<arg>UY</arg>
<arg>UZ</arg>
<arg>VA</arg>
<arg>VC</arg>
<arg>VE</arg>
<arg>VG</arg>
<arg>VI</arg>
<arg>VN</arg>
<arg>VU</arg>
<arg>WF</arg>
<arg>WS</arg>
<arg>XK</arg>
<arg>YE</arg>
<arg>YT</arg>
<arg>ZA</arg>
<arg>ZM</arg>
<arg>ZW</arg>
<doc>Returns a list containing given items.</doc>
<status status="PASS" start="2024-06-06T16:18:52.505660" elapsed="0.000619"/>
</kw>
<kw name="List Should Contain Value" owner="Collections">
<msg time="2024-06-06T16:18:52.507273" level="INFO">False</msg>
<arg>${list_country}</arg>
<arg>${name_country}</arg>
<doc>Fails if the ``value`` is not found from ``list``.</doc>
<status status="PASS" start="2024-06-06T16:18:52.507070" elapsed="0.000239"/>
</kw>
<kw name="Run Keyword If" owner="BuiltIn">
<kw name="Should Be True" owner="BuiltIn">
<arg>${True}</arg>
<doc>Fails if the given condition is not true.</doc>
<status status="PASS" start="2024-06-06T16:18:52.508372" elapsed="0.000141"/>
</kw>
<arg>${json_data["results"][0]["location"]["coordinates"]["latitude"]} &gt;= -90 and ${json_data["results"][0]["location"]["coordinates"]["latitude"]} &lt;= 90</arg>
<arg>Should Be True</arg>
<arg>${True}</arg>
<doc>Runs the given keyword with the given arguments, if ``condition`` is true.</doc>
<status status="PASS" start="2024-06-06T16:18:52.507624" elapsed="0.001014"/>
</kw>
<kw name="Run Keyword If" owner="BuiltIn">
<kw name="Should Be True" owner="BuiltIn">
<arg>${True}</arg>
<doc>Fails if the given condition is not true.</doc>
<status status="PASS" start="2024-06-06T16:18:52.509545" elapsed="0.000136"/>
</kw>
<arg>${json_data["results"][0]["location"]["coordinates"]["longitude"]} &gt;= -180 and ${json_data["results"][0]["location"]["coordinates"]["longitude"]} &lt;= 180</arg>
<arg>Should Be True</arg>
<arg>${True}</arg>
<doc>Runs the given keyword with the given arguments, if ``condition`` is true.</doc>
<status status="PASS" start="2024-06-06T16:18:52.508824" elapsed="0.000977"/>
</kw>
<status status="PASS" start="2024-06-06T16:18:52.400518" elapsed="0.109412"/>
</kw>
<doc>Testa o conteúdo específico dos campos retornados pela API.</doc>
<tag>testeConteudo</tag>
<status status="PASS" start="2024-06-06T16:18:52.399979" elapsed="0.110105"/>
</test>
<status status="PASS" start="2024-06-06T16:18:51.518343" elapsed="0.993651"/>
</suite>
<status status="PASS" start="2024-06-06T16:18:51.504563" elapsed="1.012583"/>
</suite>
<statistics>
<total>
<stat pass="5" fail="0" skip="0">All Tests</stat>
</total>
<tag>
<stat pass="1" fail="0" skip="0">testeConteudo</stat>
<stat pass="1" fail="0" skip="0">testeEstruturaResposta</stat>
<stat pass="1" fail="0" skip="0">testeRequisicaoBasica</stat>
<stat pass="1" fail="0" skip="0">testeTiposDados</stat>
</tag>
<suite>
<stat pass="5" fail="0" skip="0" id="s1" name="Tests">Tests</stat>
<stat pass="5" fail="0" skip="0" id="s1-s1" name="Random-User-Test">Tests.Random-User-Test</stat>
</suite>
</statistics>
<errors>
</errors>
</robot>
