<?xml version="1.0" encoding="UTF-8"?>
<robot generator="Robot 7.0.1 (Python 3.12.4 on linux)" generated="2024-07-19T08:18:55.714591" rpa="false" schemaversion="5">
<suite id="s1" name="Tests" source="/home/runner/work/ApiRandomUser/ApiRandomUser/RamdonUser/tests">
<suite id="s1-s1" name="Random-User-Test" source="/home/runner/work/ApiRandomUser/ApiRandomUser/RamdonUser/tests/random-user-test.robot">
<test id="s1-s1-t1" name="Conectar" line="13">
<kw name="Conectar API" owner="random-user-service">
<kw name="Create Session" owner="RequestsLibrary">
<msg time="2024-07-19T08:18:56.118172" level="INFO">Creating Session using : alias=consultarAPI, url=https://randomuser.me/, headers={},                     cookies={}, auth=None, timeout=None, proxies=None, verify=False,                     debug=0 </msg>
<arg>consultarAPI</arg>
<arg>${URL}</arg>
<doc>Create Session: create a HTTP session to a server</doc>
<status status="PASS" start="2024-07-19T08:18:56.117968" elapsed="0.000389"/>
</kw>
<status status="PASS" start="2024-07-19T08:18:56.116880" elapsed="0.001842"/>
</kw>
<status status="PASS" start="2024-07-19T08:18:56.116255" elapsed="0.002661"/>
</test>
<test id="s1-s1-t2" name="Validar retorno 200 e JSON Válido" line="16">
<kw name="Teste de Requisicao Basica" owner="random-user-service">
<kw name="GET On Session" owner="RequestsLibrary">
<msg time="2024-07-19T08:18:56.370868" level="INFO">GET Request : url=https://randomuser.me/api 
 path_url=/api 
 headers={'User-Agent': 'python-requests/2.32.3', 'Accept-Encoding': 'gzip, deflate', 'Accept': '*/*', 'Connection': 'keep-alive'} 
 body=None 
 </msg>
<msg time="2024-07-19T08:18:56.371013" level="INFO">GET Response : url=https://randomuser.me/api 
 status=200, reason=OK 
 headers={'Date': 'Fri, 19 Jul 2024 08:18:56 GMT', 'Content-Type': 'application/json; charset=utf-8', 'Transfer-Encoding': 'chunked', 'Connection': 'keep-alive', 'X-Powered-By': 'Express', 'Access-Control-Allow-Origin': '*', 'Cache-Control': 'no-cache', 'ETag': 'W/"48b-cTfvWHmLZBjG1LfTtXu5RizuhjA"', 'Vary': 'Accept-Encoding', 'Content-Encoding': 'gzip', 'CF-Cache-Status': 'DYNAMIC', 'Report-To': '{"endpoints":[{"url":"https:\\/\\/a.nel.cloudflare.com\\/report\\/v4?s=skxDVh93SGiu1lbL4E94lvCDBB%2B6Ds3swEYO%2BCO8a8yrEUMhh4H%2Ftu728pUdsnl32%2B4HEQvuj2HvzDyx7k6Itgbl9FZdiSan0y73bvDccWO%2BHMQCwXVaHKIHUsbR2O8B"}],"group":"cf-nel","max_age":604800}', 'NEL': '{"success_fraction":0,"report_to":"cf-nel","max_age":604800}', 'Server': 'cloudflare', 'CF-RAY': '8a59489dff1a8f28-IAD', 'alt-svc': 'h3=":443"; ma=86400'} 
 body={"results":[{"gender":"male","name":{"title":"Mr","first":"Roberto","last":"Arias"},"location":{"street":{"number":1484,"name":"Circuito Tamaulipas"},"city":"Santa María Canchesda","state":"Colima","country":"Mexico","postcode":14407,"coordinates":{"latitude":"28.6489","longitude":"-109.1023"},"timezone":{"offset":"-3:30","description":"Newfoundland"}},"email":"roberto.arias@example.com","login":{"uuid":"d0526c40-0160-49e5-916f-6dd1b08e8c36","username":"happyzebra442","password":"aubrey","salt":"agyaM4wJ","md5":"b2445fbbd28327e65a69dbe9d280c092","sha1":"b3e8d2e59ffff01c1723ca845e3330f4620bb2fb","sha256":"b91379a5eccf7442bdeb0bfc3f337618a9740d383270c4cb769d503effec460e"},"dob":{"date":"1994-01-25T02:27:13.592Z","age":30},"registered":{"date":"2019-06-02T14:16:41.822Z","age":5},"phone":"(670) 595 7245","cell":"(628) 769 2521","id":{"name":"NSS","value":"40 29 31 9118 2"},"picture":{"large":"https://randomuser.me/api/portraits/men/8.jpg","medium":"https://randomuser.me/api/portraits/med/men/8.jpg","thumbnail":"https://randomuser.me/api/portraits/thumb/men/8.jpg"},"nat":"MX"}],"info":{"seed":"e47e9b269d074860","results":1,"page":1,"version":"1.4"}} 
 </msg>
<msg time="2024-07-19T08:18:56.371094" level="INFO">/opt/hostedtoolcache/Python/3.12.4/x64/lib/python3.12/site-packages/urllib3/connectionpool.py:1099: InsecureRequestWarning: Unverified HTTPS request is being made to host 'randomuser.me'. Adding certificate verification is strongly advised. See: https://urllib3.readthedocs.io/en/latest/advanced-usage.html#tls-warnings
  warnings.warn(</msg>
<msg time="2024-07-19T08:18:56.371247" level="INFO">${response} = &lt;Response [200]&gt;</msg>
<var>${response}</var>
<arg>consultarAPI</arg>
<arg>/api</arg>
<doc>Sends a GET request on a previously created HTTP Session.</doc>
<status status="PASS" start="2024-07-19T08:18:56.121609" elapsed="0.249677"/>
</kw>
<kw name="Should Be Equal As Numbers" owner="BuiltIn">
<msg time="2024-07-19T08:18:56.372241" level="INFO">Argument types are:
&lt;class 'int'&gt;
&lt;class 'str'&gt;</msg>
<arg>${response.status_code}</arg>
<arg>200</arg>
<doc>Fails if objects are unequal after converting them to real numbers.</doc>
<status status="PASS" start="2024-07-19T08:18:56.371779" elapsed="0.000528"/>
</kw>
<kw name="Log" owner="BuiltIn">
<msg time="2024-07-19T08:18:56.372992" level="INFO">200</msg>
<arg>${response.status_code}</arg>
<doc>Logs the given message with the given level.</doc>
<status status="PASS" start="2024-07-19T08:18:56.372630" elapsed="0.000407"/>
</kw>
<kw name="Set Variable" owner="BuiltIn">
<msg time="2024-07-19T08:18:56.373837" level="INFO">${json_data} = {'results': [{'gender': 'male', 'name': {'title': 'Mr', 'first': 'Roberto', 'last': 'Arias'}, 'location': {'street': {'number': 1484, 'name': 'Circuito Tamaulipas'}, 'city': 'Santa María Canchesda', '...</msg>
<var>${json_data}</var>
<arg>${response.json()}</arg>
<doc>Returns the given values which can then be assigned to a variables.</doc>
<status status="PASS" start="2024-07-19T08:18:56.373349" elapsed="0.000518"/>
</kw>
<kw name="Dictionary Should Contain Key" owner="Collections">
<arg>${json_data}</arg>
<arg>results</arg>
<doc>Fails if ``key`` is not found from ``dictionary``.</doc>
<status status="PASS" start="2024-07-19T08:18:56.374183" elapsed="0.000324"/>
</kw>
<status status="PASS" start="2024-07-19T08:18:56.121328" elapsed="0.253337"/>
</kw>
<doc>Testa se a API responde corretamente e retorna um objeto JSON válido.</doc>
<tag>testeRequisicaoBasica</tag>
<status status="PASS" start="2024-07-19T08:18:56.120803" elapsed="0.254040"/>
</test>
<test id="s1-s1-t3" name="Validar estrutura de resposta" line="22">
<kw name="Teste de Estrutura de Resposta" owner="random-user-service">
<kw name="GET On Session" owner="RequestsLibrary">
<msg time="2024-07-19T08:18:56.498549" level="INFO">GET Request : url=https://randomuser.me/api 
 path_url=/api 
 headers={'User-Agent': 'python-requests/2.32.3', 'Accept-Encoding': 'gzip, deflate', 'Accept': '*/*', 'Connection': 'keep-alive'} 
 body=None 
 </msg>
<msg time="2024-07-19T08:18:56.498638" level="INFO">GET Response : url=https://randomuser.me/api 
 status=200, reason=OK 
 headers={'Date': 'Fri, 19 Jul 2024 08:18:56 GMT', 'Content-Type': 'application/json; charset=utf-8', 'Transfer-Encoding': 'chunked', 'Connection': 'keep-alive', 'X-Powered-By': 'Express', 'Access-Control-Allow-Origin': '*', 'Cache-Control': 'no-cache', 'ETag': 'W/"478-eheiEMa9+f6JDPptVQOkM17vf2M"', 'Vary': 'Accept-Encoding', 'Content-Encoding': 'gzip', 'CF-Cache-Status': 'DYNAMIC', 'Report-To': '{"endpoints":[{"url":"https:\\/\\/a.nel.cloudflare.com\\/report\\/v4?s=KbPaAk2VSunJRKVw2zQLPJnc%2BsvfVyAKdtRAWzZHYqnpXBOCaDGKKuQGUGtANCkpqtlWOck5jCSzyv4ju3TUigCGRnMDuyf4%2Fq9swvLxbMGYw3hJQToauJV5a4iz4iL3"}],"group":"cf-nel","max_age":604800}', 'NEL': '{"success_fraction":0,"report_to":"cf-nel","max_age":604800}', 'Server': 'cloudflare', 'CF-RAY': '8a59489e5f4e8f28-IAD', 'alt-svc': 'h3=":443"; ma=86400'} 
 body={"results":[{"gender":"female","name":{"title":"Ms","first":"Trine","last":"Wu"},"location":{"street":{"number":2058,"name":"Storåssvingen"},"city":"Skogn","state":"Hordaland","country":"Norway","postcode":"3632","coordinates":{"latitude":"41.6385","longitude":"46.8521"},"timezone":{"offset":"-7:00","description":"Mountain Time (US &amp; Canada)"}},"email":"trine.wu@example.com","login":{"uuid":"efd33db5-6121-4468-9fc0-c7e1ebd27964","username":"angryrabbit549","password":"rusty1","salt":"hhgsyGw8","md5":"937c104870853018a49408119b992c34","sha1":"ff077b634c6fc2b325fd2ff1b9d70d4ef1be561f","sha256":"9d34c3ee4c401456264f37bdd1ec032025e8a4e1c61e3d798fd147fce1f84ca5"},"dob":{"date":"1997-06-10T19:56:39.910Z","age":27},"registered":{"date":"2004-04-17T15:28:18.014Z","age":20},"phone":"78145424","cell":"40902378","id":{"name":"FN","value":"10069727439"},"picture":{"large":"https://randomuser.me/api/portraits/women/87.jpg","medium":"https://randomuser.me/api/portraits/med/women/87.jpg","thumbnail":"https://randomuser.me/api/portraits/thumb/women/87.jpg"},"nat":"NO"}],"info":{"seed":"6e743c7ba098cf54","results":1,"page":1,"version":"1.4"}} 
 </msg>
<msg time="2024-07-19T08:18:56.498764" level="INFO">/opt/hostedtoolcache/Python/3.12.4/x64/lib/python3.12/site-packages/urllib3/connectionpool.py:1099: InsecureRequestWarning: Unverified HTTPS request is being made to host 'randomuser.me'. Adding certificate verification is strongly advised. See: https://urllib3.readthedocs.io/en/latest/advanced-usage.html#tls-warnings
  warnings.warn(</msg>
<msg time="2024-07-19T08:18:56.498879" level="INFO">${response} = &lt;Response [200]&gt;</msg>
<var>${response}</var>
<arg>consultarAPI</arg>
<arg>/api</arg>
<doc>Sends a GET request on a previously created HTTP Session.</doc>
<status status="PASS" start="2024-07-19T08:18:56.377627" elapsed="0.121293"/>
</kw>
<kw name="Set Variable" owner="BuiltIn">
<msg time="2024-07-19T08:18:56.499763" level="INFO">${json_data} = {'results': [{'gender': 'female', 'name': {'title': 'Ms', 'first': 'Trine', 'last': 'Wu'}, 'location': {'street': {'number': 2058, 'name': 'Storåssvingen'}, 'city': 'Skogn', 'state': 'Hordaland', 'cou...</msg>
<var>${json_data}</var>
<arg>${response.json()}</arg>
<doc>Returns the given values which can then be assigned to a variables.</doc>
<status status="PASS" start="2024-07-19T08:18:56.499296" elapsed="0.000496"/>
</kw>
<kw name="Log" owner="BuiltIn">
<msg time="2024-07-19T08:18:56.500260" level="INFO">{'results': [{'gender': 'female', 'name': {'title': 'Ms', 'first': 'Trine', 'last': 'Wu'}, 'location': {'street': {'number': 2058, 'name': 'Storåssvingen'}, 'city': 'Skogn', 'state': 'Hordaland', 'country': 'Norway', 'postcode': '3632', 'coordinates': {'latitude': '41.6385', 'longitude': '46.8521'}, 'timezone': {'offset': '-7:00', 'description': 'Mountain Time (US &amp; Canada)'}}, 'email': 'trine.wu@example.com', 'login': {'uuid': 'efd33db5-6121-4468-9fc0-c7e1ebd27964', 'username': 'angryrabbit549', 'password': 'rusty1', 'salt': 'hhgsyGw8', 'md5': '937c104870853018a49408119b992c34', 'sha1': 'ff077b634c6fc2b325fd2ff1b9d70d4ef1be561f', 'sha256': '9d34c3ee4c401456264f37bdd1ec032025e8a4e1c61e3d798fd147fce1f84ca5'}, 'dob': {'date': '1997-06-10T19:56:39.910Z', 'age': 27}, 'registered': {'date': '2004-04-17T15:28:18.014Z', 'age': 20}, 'phone': '78145424', 'cell': '40902378', 'id': {'name': 'FN', 'value': '10069727439'}, 'picture': {'large': 'https://randomuser.me/api/portraits/women/87.jpg', 'medium': 'https://randomuser.me/api/portraits/med/women/87.jpg', 'thumbnail': 'https://randomuser.me/api/portraits/thumb/women/87.jpg'}, 'nat': 'NO'}], 'info': {'seed': '6e743c7ba098cf54', 'results': 1, 'page': 1, 'version': '1.4'}}</msg>
<arg>${json_data}</arg>
<doc>Logs the given message with the given level.</doc>
<status status="PASS" start="2024-07-19T08:18:56.500097" elapsed="0.000215"/>
</kw>
<kw name="Dictionary Should Contain Key" owner="Collections">
<arg>${json_data}</arg>
<arg>results</arg>
<doc>Fails if ``key`` is not found from ``dictionary``.</doc>
<status status="PASS" start="2024-07-19T08:18:56.500602" elapsed="0.000160"/>
</kw>
<kw name="Should Not Be Empty" owner="BuiltIn">
<msg time="2024-07-19T08:18:56.501077" level="INFO">Length is 2.</msg>
<arg>${json_data}</arg>
<doc>Verifies that the given item is not empty.</doc>
<status status="PASS" start="2024-07-19T08:18:56.500947" elapsed="0.000168"/>
</kw>
<kw name="Create List" owner="BuiltIn">
<msg time="2024-07-19T08:18:56.501615" level="INFO">${expected_keys} = ['gender', 'name', 'location', 'email', 'login']</msg>
<var>${expected_keys}</var>
<arg>gender</arg>
<arg>name</arg>
<arg>location</arg>
<arg>email</arg>
<arg>login</arg>
<doc>Returns a list containing given items.</doc>
<status status="PASS" start="2024-07-19T08:18:56.501450" elapsed="0.000190"/>
</kw>
<for flavor="IN">
<iter>
<kw name="Dictionary Should Contain Key" owner="Collections">
<arg>${json_data['results'][0]}</arg>
<arg>${key}</arg>
<doc>Fails if ``key`` is not found from ``dictionary``.</doc>
<status status="PASS" start="2024-07-19T08:18:56.502217" elapsed="0.000405"/>
</kw>
<kw name="Log" owner="BuiltIn">
<msg time="2024-07-19T08:18:56.503171" level="INFO">{'gender': 'female', 'name': {'title': 'Ms', 'first': 'Trine', 'last': 'Wu'}, 'location': {'street': {'number': 2058, 'name': 'Storåssvingen'}, 'city': 'Skogn', 'state': 'Hordaland', 'country': 'Norway', 'postcode': '3632', 'coordinates': {'latitude': '41.6385', 'longitude': '46.8521'}, 'timezone': {'offset': '-7:00', 'description': 'Mountain Time (US &amp; Canada)'}}, 'email': 'trine.wu@example.com', 'login': {'uuid': 'efd33db5-6121-4468-9fc0-c7e1ebd27964', 'username': 'angryrabbit549', 'password': 'rusty1', 'salt': 'hhgsyGw8', 'md5': '937c104870853018a49408119b992c34', 'sha1': 'ff077b634c6fc2b325fd2ff1b9d70d4ef1be561f', 'sha256': '9d34c3ee4c401456264f37bdd1ec032025e8a4e1c61e3d798fd147fce1f84ca5'}, 'dob': {'date': '1997-06-10T19:56:39.910Z', 'age': 27}, 'registered': {'date': '2004-04-17T15:28:18.014Z', 'age': 20}, 'phone': '78145424', 'cell': '40902378', 'id': {'name': 'FN', 'value': '10069727439'}, 'picture': {'large': 'https://randomuser.me/api/portraits/women/87.jpg', 'medium': 'https://randomuser.me/api/portraits/med/women/87.jpg', 'thumbnail': 'https://randomuser.me/api/portraits/thumb/women/87.jpg'}, 'nat': 'NO'}</msg>
<arg>${json_data['results'][0]}</arg>
<doc>Logs the given message with the given level.</doc>
<status status="PASS" start="2024-07-19T08:18:56.502808" elapsed="0.000415"/>
</kw>
<kw name="Log" owner="BuiltIn">
<msg time="2024-07-19T08:18:56.503657" level="INFO">gender</msg>
<arg>${key}</arg>
<doc>Logs the given message with the given level.</doc>
<status status="PASS" start="2024-07-19T08:18:56.503526" elapsed="0.000170"/>
</kw>
<var name="${key}">gender</var>
<status status="PASS" start="2024-07-19T08:18:56.502089" elapsed="0.001827"/>
</iter>
<iter>
<kw name="Dictionary Should Contain Key" owner="Collections">
<arg>${json_data['results'][0]}</arg>
<arg>${key}</arg>
<doc>Fails if ``key`` is not found from ``dictionary``.</doc>
<status status="PASS" start="2024-07-19T08:18:56.504211" elapsed="0.000392"/>
</kw>
<kw name="Log" owner="BuiltIn">
<msg time="2024-07-19T08:18:56.505145" level="INFO">{'gender': 'female', 'name': {'title': 'Ms', 'first': 'Trine', 'last': 'Wu'}, 'location': {'street': {'number': 2058, 'name': 'Storåssvingen'}, 'city': 'Skogn', 'state': 'Hordaland', 'country': 'Norway', 'postcode': '3632', 'coordinates': {'latitude': '41.6385', 'longitude': '46.8521'}, 'timezone': {'offset': '-7:00', 'description': 'Mountain Time (US &amp; Canada)'}}, 'email': 'trine.wu@example.com', 'login': {'uuid': 'efd33db5-6121-4468-9fc0-c7e1ebd27964', 'username': 'angryrabbit549', 'password': 'rusty1', 'salt': 'hhgsyGw8', 'md5': '937c104870853018a49408119b992c34', 'sha1': 'ff077b634c6fc2b325fd2ff1b9d70d4ef1be561f', 'sha256': '9d34c3ee4c401456264f37bdd1ec032025e8a4e1c61e3d798fd147fce1f84ca5'}, 'dob': {'date': '1997-06-10T19:56:39.910Z', 'age': 27}, 'registered': {'date': '2004-04-17T15:28:18.014Z', 'age': 20}, 'phone': '78145424', 'cell': '40902378', 'id': {'name': 'FN', 'value': '10069727439'}, 'picture': {'large': 'https://randomuser.me/api/portraits/women/87.jpg', 'medium': 'https://randomuser.me/api/portraits/med/women/87.jpg', 'thumbnail': 'https://randomuser.me/api/portraits/thumb/women/87.jpg'}, 'nat': 'NO'}</msg>
<arg>${json_data['results'][0]}</arg>
<doc>Logs the given message with the given level.</doc>
<status status="PASS" start="2024-07-19T08:18:56.504783" elapsed="0.000444"/>
</kw>
<kw name="Log" owner="BuiltIn">
<msg time="2024-07-19T08:18:56.505686" level="INFO">name</msg>
<arg>${key}</arg>
<doc>Logs the given message with the given level.</doc>
<status status="PASS" start="2024-07-19T08:18:56.505557" elapsed="0.000166"/>
</kw>
<var name="${key}">name</var>
<status status="PASS" start="2024-07-19T08:18:56.504099" elapsed="0.001839"/>
</iter>
<iter>
<kw name="Dictionary Should Contain Key" owner="Collections">
<arg>${json_data['results'][0]}</arg>
<arg>${key}</arg>
<doc>Fails if ``key`` is not found from ``dictionary``.</doc>
<status status="PASS" start="2024-07-19T08:18:56.506220" elapsed="0.000386"/>
</kw>
<kw name="Log" owner="BuiltIn">
<msg time="2024-07-19T08:18:56.507143" level="INFO">{'gender': 'female', 'name': {'title': 'Ms', 'first': 'Trine', 'last': 'Wu'}, 'location': {'street': {'number': 2058, 'name': 'Storåssvingen'}, 'city': 'Skogn', 'state': 'Hordaland', 'country': 'Norway', 'postcode': '3632', 'coordinates': {'latitude': '41.6385', 'longitude': '46.8521'}, 'timezone': {'offset': '-7:00', 'description': 'Mountain Time (US &amp; Canada)'}}, 'email': 'trine.wu@example.com', 'login': {'uuid': 'efd33db5-6121-4468-9fc0-c7e1ebd27964', 'username': 'angryrabbit549', 'password': 'rusty1', 'salt': 'hhgsyGw8', 'md5': '937c104870853018a49408119b992c34', 'sha1': 'ff077b634c6fc2b325fd2ff1b9d70d4ef1be561f', 'sha256': '9d34c3ee4c401456264f37bdd1ec032025e8a4e1c61e3d798fd147fce1f84ca5'}, 'dob': {'date': '1997-06-10T19:56:39.910Z', 'age': 27}, 'registered': {'date': '2004-04-17T15:28:18.014Z', 'age': 20}, 'phone': '78145424', 'cell': '40902378', 'id': {'name': 'FN', 'value': '10069727439'}, 'picture': {'large': 'https://randomuser.me/api/portraits/women/87.jpg', 'medium': 'https://randomuser.me/api/portraits/med/women/87.jpg', 'thumbnail': 'https://randomuser.me/api/portraits/thumb/women/87.jpg'}, 'nat': 'NO'}</msg>
<arg>${json_data['results'][0]}</arg>
<doc>Logs the given message with the given level.</doc>
<status status="PASS" start="2024-07-19T08:18:56.506794" elapsed="0.000397"/>
</kw>
<kw name="Log" owner="BuiltIn">
<msg time="2024-07-19T08:18:56.507606" level="INFO">location</msg>
<arg>${key}</arg>
<doc>Logs the given message with the given level.</doc>
<status status="PASS" start="2024-07-19T08:18:56.507483" elapsed="0.000160"/>
</kw>
<var name="${key}">location</var>
<status status="PASS" start="2024-07-19T08:18:56.506114" elapsed="0.001752"/>
</iter>
<iter>
<kw name="Dictionary Should Contain Key" owner="Collections">
<arg>${json_data['results'][0]}</arg>
<arg>${key}</arg>
<doc>Fails if ``key`` is not found from ``dictionary``.</doc>
<status status="PASS" start="2024-07-19T08:18:56.508144" elapsed="0.000384"/>
</kw>
<kw name="Log" owner="BuiltIn">
<msg time="2024-07-19T08:18:56.509182" level="INFO">{'gender': 'female', 'name': {'title': 'Ms', 'first': 'Trine', 'last': 'Wu'}, 'location': {'street': {'number': 2058, 'name': 'Storåssvingen'}, 'city': 'Skogn', 'state': 'Hordaland', 'country': 'Norway', 'postcode': '3632', 'coordinates': {'latitude': '41.6385', 'longitude': '46.8521'}, 'timezone': {'offset': '-7:00', 'description': 'Mountain Time (US &amp; Canada)'}}, 'email': 'trine.wu@example.com', 'login': {'uuid': 'efd33db5-6121-4468-9fc0-c7e1ebd27964', 'username': 'angryrabbit549', 'password': 'rusty1', 'salt': 'hhgsyGw8', 'md5': '937c104870853018a49408119b992c34', 'sha1': 'ff077b634c6fc2b325fd2ff1b9d70d4ef1be561f', 'sha256': '9d34c3ee4c401456264f37bdd1ec032025e8a4e1c61e3d798fd147fce1f84ca5'}, 'dob': {'date': '1997-06-10T19:56:39.910Z', 'age': 27}, 'registered': {'date': '2004-04-17T15:28:18.014Z', 'age': 20}, 'phone': '78145424', 'cell': '40902378', 'id': {'name': 'FN', 'value': '10069727439'}, 'picture': {'large': 'https://randomuser.me/api/portraits/women/87.jpg', 'medium': 'https://randomuser.me/api/portraits/med/women/87.jpg', 'thumbnail': 'https://randomuser.me/api/portraits/thumb/women/87.jpg'}, 'nat': 'NO'}</msg>
<arg>${json_data['results'][0]}</arg>
<doc>Logs the given message with the given level.</doc>
<status status="PASS" start="2024-07-19T08:18:56.508824" elapsed="0.000409"/>
</kw>
<kw name="Log" owner="BuiltIn">
<msg time="2024-07-19T08:18:56.509702" level="INFO">email</msg>
<arg>${key}</arg>
<doc>Logs the given message with the given level.</doc>
<status status="PASS" start="2024-07-19T08:18:56.509570" elapsed="0.000170"/>
</kw>
<var name="${key}">email</var>
<status status="PASS" start="2024-07-19T08:18:56.508035" elapsed="0.001921"/>
</iter>
<iter>
<kw name="Dictionary Should Contain Key" owner="Collections">
<arg>${json_data['results'][0]}</arg>
<arg>${key}</arg>
<doc>Fails if ``key`` is not found from ``dictionary``.</doc>
<status status="PASS" start="2024-07-19T08:18:56.510238" elapsed="0.000376"/>
</kw>
<kw name="Log" owner="BuiltIn">
<msg time="2024-07-19T08:18:56.511142" level="INFO">{'gender': 'female', 'name': {'title': 'Ms', 'first': 'Trine', 'last': 'Wu'}, 'location': {'street': {'number': 2058, 'name': 'Storåssvingen'}, 'city': 'Skogn', 'state': 'Hordaland', 'country': 'Norway', 'postcode': '3632', 'coordinates': {'latitude': '41.6385', 'longitude': '46.8521'}, 'timezone': {'offset': '-7:00', 'description': 'Mountain Time (US &amp; Canada)'}}, 'email': 'trine.wu@example.com', 'login': {'uuid': 'efd33db5-6121-4468-9fc0-c7e1ebd27964', 'username': 'angryrabbit549', 'password': 'rusty1', 'salt': 'hhgsyGw8', 'md5': '937c104870853018a49408119b992c34', 'sha1': 'ff077b634c6fc2b325fd2ff1b9d70d4ef1be561f', 'sha256': '9d34c3ee4c401456264f37bdd1ec032025e8a4e1c61e3d798fd147fce1f84ca5'}, 'dob': {'date': '1997-06-10T19:56:39.910Z', 'age': 27}, 'registered': {'date': '2004-04-17T15:28:18.014Z', 'age': 20}, 'phone': '78145424', 'cell': '40902378', 'id': {'name': 'FN', 'value': '10069727439'}, 'picture': {'large': 'https://randomuser.me/api/portraits/women/87.jpg', 'medium': 'https://randomuser.me/api/portraits/med/women/87.jpg', 'thumbnail': 'https://randomuser.me/api/portraits/thumb/women/87.jpg'}, 'nat': 'NO'}</msg>
<arg>${json_data['results'][0]}</arg>
<doc>Logs the given message with the given level.</doc>
<status status="PASS" start="2024-07-19T08:18:56.510796" elapsed="0.000397"/>
</kw>
<kw name="Log" owner="BuiltIn">
<msg time="2024-07-19T08:18:56.511607" level="INFO">login</msg>
<arg>${key}</arg>
<doc>Logs the given message with the given level.</doc>
<status status="PASS" start="2024-07-19T08:18:56.511483" elapsed="0.000160"/>
</kw>
<var name="${key}">login</var>
<status status="PASS" start="2024-07-19T08:18:56.510130" elapsed="0.001729"/>
</iter>
<var>${key}</var>
<value>@{expected_keys}</value>
<status status="PASS" start="2024-07-19T08:18:56.501906" elapsed="0.010071"/>
</for>
<kw name="Create List" owner="BuiltIn">
<msg time="2024-07-19T08:18:56.512297" level="INFO">${expected_keysTwo} = ['username', 'password']</msg>
<var>${expected_keysTwo}</var>
<arg>username</arg>
<arg>password</arg>
<doc>Returns a list containing given items.</doc>
<status status="PASS" start="2024-07-19T08:18:56.512160" elapsed="0.000161"/>
</kw>
<for flavor="IN">
<iter>
<kw name="Dictionary Should Contain Key" owner="Collections">
<arg>${json_data['results'][0]['login']}</arg>
<arg>${keyTwo}</arg>
<doc>Fails if ``key`` is not found from ``dictionary``.</doc>
<status status="PASS" start="2024-07-19T08:18:56.512832" elapsed="0.000380"/>
</kw>
<kw name="Dictionary Should Contain Key" owner="Collections">
<arg>${json_data['results'][0]['login']}</arg>
<arg>${keyTwo}</arg>
<doc>Fails if ``key`` is not found from ``dictionary``.</doc>
<status status="PASS" start="2024-07-19T08:18:56.513428" elapsed="0.000385"/>
</kw>
<kw name="Log" owner="BuiltIn">
<msg time="2024-07-19T08:18:56.514111" level="INFO">username</msg>
<arg>${keyTwo}</arg>
<doc>Logs the given message with the given level.</doc>
<status status="PASS" start="2024-07-19T08:18:56.513991" elapsed="0.000156"/>
</kw>
<var name="${keyTwo}">username</var>
<status status="PASS" start="2024-07-19T08:18:56.512727" elapsed="0.001636"/>
</iter>
<iter>
<kw name="Dictionary Should Contain Key" owner="Collections">
<arg>${json_data['results'][0]['login']}</arg>
<arg>${keyTwo}</arg>
<doc>Fails if ``key`` is not found from ``dictionary``.</doc>
<status status="PASS" start="2024-07-19T08:18:56.514645" elapsed="0.000382"/>
</kw>
<kw name="Dictionary Should Contain Key" owner="Collections">
<arg>${json_data['results'][0]['login']}</arg>
<arg>${keyTwo}</arg>
<doc>Fails if ``key`` is not found from ``dictionary``.</doc>
<status status="PASS" start="2024-07-19T08:18:56.515205" elapsed="0.000365"/>
</kw>
<kw name="Log" owner="BuiltIn">
<msg time="2024-07-19T08:18:56.515881" level="INFO">password</msg>
<arg>${keyTwo}</arg>
<doc>Logs the given message with the given level.</doc>
<status status="PASS" start="2024-07-19T08:18:56.515746" elapsed="0.000172"/>
</kw>
<var name="${keyTwo}">password</var>
<status status="PASS" start="2024-07-19T08:18:56.514534" elapsed="0.001602"/>
</iter>
<var>${keyTwo}</var>
<value>@{expected_keysTwo}</value>
<status status="PASS" start="2024-07-19T08:18:56.512578" elapsed="0.003686"/>
</for>
<status status="PASS" start="2024-07-19T08:18:56.377337" elapsed="0.139065"/>
</kw>
<doc>Testa a estrutura da resposta da API.</doc>
<tag>testeEstruturaResposta</tag>
<status status="PASS" start="2024-07-19T08:18:56.376738" elapsed="0.139808"/>
</test>
<test id="s1-s1-t4" name="Validar tipos de dados" line="28">
<kw name="Teste de Tipos de Dados" owner="random-user-service">
<kw name="GET On Session" owner="RequestsLibrary">
<msg time="2024-07-19T08:18:56.551154" level="INFO">GET Request : url=https://randomuser.me/api 
 path_url=/api 
 headers={'User-Agent': 'python-requests/2.32.3', 'Accept-Encoding': 'gzip, deflate', 'Accept': '*/*', 'Connection': 'keep-alive'} 
 body=None 
 </msg>
<msg time="2024-07-19T08:18:56.551225" level="INFO">GET Response : url=https://randomuser.me/api 
 status=200, reason=OK 
 headers={'Date': 'Fri, 19 Jul 2024 08:18:56 GMT', 'Content-Type': 'application/json; charset=utf-8', 'Transfer-Encoding': 'chunked', 'Connection': 'keep-alive', 'X-Powered-By': 'Express', 'Access-Control-Allow-Origin': '*', 'Cache-Control': 'no-cache', 'ETag': 'W/"473-1U/Dv/Niz9AOA26KuuCVqysyuXY"', 'Vary': 'Accept-Encoding', 'Content-Encoding': 'gzip', 'CF-Cache-Status': 'DYNAMIC', 'Report-To': '{"endpoints":[{"url":"https:\\/\\/a.nel.cloudflare.com\\/report\\/v4?s=DVopsULbcWDd8uzyKKiEALAFBirHmt%2BZZH%2BoO%2FBP3IPg%2B96KP51qFNRyhfJA2M7zQRaR7SN4u%2Fpr0%2BXyt7pyvaIREFAttQQbxPelTfvKLVHqUr7OiTmBiXmct1Hy0Xl4"}],"group":"cf-nel","max_age":604800}', 'NEL': '{"success_fraction":0,"report_to":"cf-nel","max_age":604800}', 'Server': 'cloudflare', 'CF-RAY': '8a59489f4fca8f28-IAD', 'alt-svc': 'h3=":443"; ma=86400'} 
 body={"results":[{"gender":"male","name":{"title":"Mr","first":"Neil","last":"Hamilton"},"location":{"street":{"number":641,"name":"Park Road"},"city":"Listowel","state":"Wicklow","country":"Ireland","postcode":57762,"coordinates":{"latitude":"-1.0893","longitude":"-52.0016"},"timezone":{"offset":"+6:00","description":"Almaty, Dhaka, Colombo"}},"email":"neil.hamilton@example.com","login":{"uuid":"b5c199f8-dae9-4b37-8879-fb57215748f8","username":"heavylion977","password":"kick","salt":"YO7MToCs","md5":"af72b8d4e2798485d273a2045a0ed17e","sha1":"ca0003b0fc14fcc69352f376648cbc63eb8f519e","sha256":"07de648cca681597fc3b663b8cb241790c1c95c7e5737c435f60b6c74e652164"},"dob":{"date":"1985-05-22T13:55:31.699Z","age":39},"registered":{"date":"2008-12-05T11:16:41.172Z","age":15},"phone":"011-034-2595","cell":"081-413-3587","id":{"name":"PPS","value":"9391386T"},"picture":{"large":"https://randomuser.me/api/portraits/men/47.jpg","medium":"https://randomuser.me/api/portraits/med/men/47.jpg","thumbnail":"https://randomuser.me/api/portraits/thumb/men/47.jpg"},"nat":"IE"}],"info":{"seed":"bb35be968fd465d7","results":1,"page":1,"version":"1.4"}} 
 </msg>
<msg time="2024-07-19T08:18:56.551279" level="INFO">/opt/hostedtoolcache/Python/3.12.4/x64/lib/python3.12/site-packages/urllib3/connectionpool.py:1099: InsecureRequestWarning: Unverified HTTPS request is being made to host 'randomuser.me'. Adding certificate verification is strongly advised. See: https://urllib3.readthedocs.io/en/latest/advanced-usage.html#tls-warnings
  warnings.warn(</msg>
<msg time="2024-07-19T08:18:56.551370" level="INFO">${response} = &lt;Response [200]&gt;</msg>
<var>${response}</var>
<arg>consultarAPI</arg>
<arg>/api</arg>
<doc>Sends a GET request on a previously created HTTP Session.</doc>
<status status="PASS" start="2024-07-19T08:18:56.519067" elapsed="0.032344"/>
</kw>
<kw name="Set Variable" owner="BuiltIn">
<msg time="2024-07-19T08:18:56.552399" level="INFO">${json_data} = {'results': [{'gender': 'male', 'name': {'title': 'Mr', 'first': 'Neil', 'last': 'Hamilton'}, 'location': {'street': {'number': 641, 'name': 'Park Road'}, 'city': 'Listowel', 'state': 'Wicklow', 'coun...</msg>
<var>${json_data}</var>
<arg>${response.json()}</arg>
<doc>Returns the given values which can then be assigned to a variables.</doc>
<status status="PASS" start="2024-07-19T08:18:56.551841" elapsed="0.000587"/>
</kw>
<kw name="Log" owner="BuiltIn">
<msg time="2024-07-19T08:18:56.552886" level="INFO">{'results': [{'gender': 'male', 'name': {'title': 'Mr', 'first': 'Neil', 'last': 'Hamilton'}, 'location': {'street': {'number': 641, 'name': 'Park Road'}, 'city': 'Listowel', 'state': 'Wicklow', 'country': 'Ireland', 'postcode': 57762, 'coordinates': {'latitude': '-1.0893', 'longitude': '-52.0016'}, 'timezone': {'offset': '+6:00', 'description': 'Almaty, Dhaka, Colombo'}}, 'email': 'neil.hamilton@example.com', 'login': {'uuid': 'b5c199f8-dae9-4b37-8879-fb57215748f8', 'username': 'heavylion977', 'password': 'kick', 'salt': 'YO7MToCs', 'md5': 'af72b8d4e2798485d273a2045a0ed17e', 'sha1': 'ca0003b0fc14fcc69352f376648cbc63eb8f519e', 'sha256': '07de648cca681597fc3b663b8cb241790c1c95c7e5737c435f60b6c74e652164'}, 'dob': {'date': '1985-05-22T13:55:31.699Z', 'age': 39}, 'registered': {'date': '2008-12-05T11:16:41.172Z', 'age': 15}, 'phone': '011-034-2595', 'cell': '081-413-3587', 'id': {'name': 'PPS', 'value': '9391386T'}, 'picture': {'large': 'https://randomuser.me/api/portraits/men/47.jpg', 'medium': 'https://randomuser.me/api/portraits/med/men/47.jpg', 'thumbnail': 'https://randomuser.me/api/portraits/thumb/men/47.jpg'}, 'nat': 'IE'}], 'info': {'seed': 'bb35be968fd465d7', 'results': 1, 'page': 1, 'version': '1.4'}}</msg>
<arg>${json_data}</arg>
<doc>Logs the given message with the given level.</doc>
<status status="PASS" start="2024-07-19T08:18:56.552738" elapsed="0.000194"/>
</kw>
<kw name="Should Be String" owner="String">
<arg>${json_data['results'][0]['gender']}</arg>
<doc>Fails if the given ``item`` is not a string.</doc>
<status status="PASS" start="2024-07-19T08:18:56.553218" elapsed="0.000407"/>
</kw>
<kw name="Should Match Regexp" owner="BuiltIn">
<arg>${json_data['results'][0]['email']}</arg>
<arg>^[a-zA-Z0-9._%+-]+@[a-zA-Z0-9.-]+\.[a-zA-Z]{2,}$</arg>
<doc>Fails if ``string`` does not match ``pattern`` as a regular expression.</doc>
<status status="PASS" start="2024-07-19T08:18:56.553817" elapsed="0.000509"/>
</kw>
<kw name="Should Match Regexp" owner="BuiltIn">
<arg>${json_data['results'][0]['dob']['date']}</arg>
<arg>\\d{4}-\\d{2}-\\d{2}T\\d{2}:\\d{2}:\\d{2}\\.\\d{3}Z</arg>
<doc>Fails if ``string`` does not match ``pattern`` as a regular expression.</doc>
<status status="PASS" start="2024-07-19T08:18:56.554555" elapsed="0.000610"/>
</kw>
<kw name="Should Match Regexp" owner="BuiltIn">
<arg>${json_data['results'][0]['registered']['date']}</arg>
<arg>\\d{4}-\\d{2}-\\d{2}T\\d{2}:\\d{2}:\\d{2}\\.\\d{3}Z</arg>
<doc>Fails if ``string`` does not match ``pattern`` as a regular expression.</doc>
<status status="PASS" start="2024-07-19T08:18:56.555360" elapsed="0.000371"/>
</kw>
<kw name="Should Match Regexp" owner="BuiltIn">
<arg>${json_data['results'][0]['picture']['large']}</arg>
<arg>^https?://.*\.(?:png|jpe?g|gif|bmp)$</arg>
<doc>Fails if ``string`` does not match ``pattern`` as a regular expression.</doc>
<status status="PASS" start="2024-07-19T08:18:56.555918" elapsed="0.000460"/>
</kw>
<kw name="Should Match Regexp" owner="BuiltIn">
<arg>${json_data['results'][0]['picture']['medium']}</arg>
<arg>^https?://.*\.(?:png|jpe?g|gif|bmp)$</arg>
<doc>Fails if ``string`` does not match ``pattern`` as a regular expression.</doc>
<status status="PASS" start="2024-07-19T08:18:56.556564" elapsed="0.000351"/>
</kw>
<kw name="Should Match Regexp" owner="BuiltIn">
<arg>${json_data['results'][0]['picture']['thumbnail']}</arg>
<arg>^https?://.*\.(?:png|jpe?g|gif|bmp)$</arg>
<doc>Fails if ``string`` does not match ``pattern`` as a regular expression.</doc>
<status status="PASS" start="2024-07-19T08:18:56.557104" elapsed="0.000391"/>
</kw>
<kw name="Log" owner="BuiltIn">
<msg time="2024-07-19T08:18:56.558019" level="INFO">{'large': 'https://randomuser.me/api/portraits/men/47.jpg', 'medium': 'https://randomuser.me/api/portraits/med/men/47.jpg', 'thumbnail': 'https://randomuser.me/api/portraits/thumb/men/47.jpg'}</msg>
<arg>${json_data['results'][0]['picture']}</arg>
<doc>Logs the given message with the given level.</doc>
<status status="PASS" start="2024-07-19T08:18:56.557686" elapsed="0.000375"/>
</kw>
<status status="PASS" start="2024-07-19T08:18:56.518848" elapsed="0.039469"/>
</kw>
<kw name="Teste de Tipos de Dados - Postcode" owner="random-user-service">
<kw name="GET On Session" owner="RequestsLibrary">
<msg time="2024-07-19T08:18:56.660029" level="INFO">GET Request : url=https://randomuser.me/api 
 path_url=/api 
 headers={'User-Agent': 'python-requests/2.32.3', 'Accept-Encoding': 'gzip, deflate', 'Accept': '*/*', 'Connection': 'keep-alive'} 
 body=None 
 </msg>
<msg time="2024-07-19T08:18:56.660093" level="INFO">GET Response : url=https://randomuser.me/api 
 status=200, reason=OK 
 headers={'Date': 'Fri, 19 Jul 2024 08:18:56 GMT', 'Content-Type': 'application/json; charset=utf-8', 'Transfer-Encoding': 'chunked', 'Connection': 'keep-alive', 'X-Powered-By': 'Express', 'Access-Control-Allow-Origin': '*', 'Cache-Control': 'no-cache', 'ETag': 'W/"48b-8SJw0JYosDvREOeKVimD/uOq0Ew"', 'Vary': 'Accept-Encoding', 'Content-Encoding': 'gzip', 'CF-Cache-Status': 'DYNAMIC', 'Report-To': '{"endpoints":[{"url":"https:\\/\\/a.nel.cloudflare.com\\/report\\/v4?s=VUc4CsqIWhMZ5i4QCkKaraQEI%2Fdd5UWGDW9nd5VOsfedlcFHO7jQiJSh2cZmkcvOvOlQy1TXLULuh30J47Ai7i9ghmpHI3NzmUNZWGttnnzYxlVFmYN0Pdyd9THdtKV0"}],"group":"cf-nel","max_age":604800}', 'NEL': '{"success_fraction":0,"report_to":"cf-nel","max_age":604800}', 'Server': 'cloudflare', 'CF-RAY': '8a59489f8fec8f28-IAD', 'alt-svc': 'h3=":443"; ma=86400'} 
 body={"results":[{"gender":"male","name":{"title":"Mr","first":"Ramiro","last":"Mayorga"},"location":{"street":{"number":1131,"name":"Prolongación Albania"},"city":"Tepanco de López","state":"Morelos","country":"Mexico","postcode":85185,"coordinates":{"latitude":"28.9622","longitude":"-132.0025"},"timezone":{"offset":"+5:45","description":"Kathmandu"}},"email":"ramiro.mayorga@example.com","login":{"uuid":"c8c1dd8d-e607-4411-b073-7ad88f4e091f","username":"heavydog522","password":"99999999","salt":"3zaEqfdm","md5":"2321bf33bdc63c56661b3263669a0460","sha1":"0bff8aa4987a1df7a3c7ecc943b54d7bb838ebeb","sha256":"4ba05e2f9f559dbdb6238ae0d5315fe5a6d93655b16b6a2b34a696164f346cb4"},"dob":{"date":"1981-04-23T17:32:42.193Z","age":43},"registered":{"date":"2019-11-13T13:22:32.600Z","age":4},"phone":"(659) 290 5193","cell":"(627) 927 9608","id":{"name":"NSS","value":"33 52 99 3151 4"},"picture":{"large":"https://randomuser.me/api/portraits/men/53.jpg","medium":"https://randomuser.me/api/portraits/med/men/53.jpg","thumbnail":"https://randomuser.me/api/portraits/thumb/men/53.jpg"},"nat":"MX"}],"info":{"seed":"3bb2b30902e6d322","results":1,"page":1,"version":"1.4"}} 
 </msg>
<msg time="2024-07-19T08:18:56.660150" level="INFO">/opt/hostedtoolcache/Python/3.12.4/x64/lib/python3.12/site-packages/urllib3/connectionpool.py:1099: InsecureRequestWarning: Unverified HTTPS request is being made to host 'randomuser.me'. Adding certificate verification is strongly advised. See: https://urllib3.readthedocs.io/en/latest/advanced-usage.html#tls-warnings
  warnings.warn(</msg>
<msg time="2024-07-19T08:18:56.660237" level="INFO">${response} = &lt;Response [200]&gt;</msg>
<var>${response}</var>
<arg>consultarAPI</arg>
<arg>/api</arg>
<doc>Sends a GET request on a previously created HTTP Session.</doc>
<status status="PASS" start="2024-07-19T08:18:56.558746" elapsed="0.101530"/>
</kw>
<kw name="Set Variable" owner="BuiltIn">
<msg time="2024-07-19T08:18:56.661326" level="INFO">${json_data} = {'results': [{'gender': 'male', 'name': {'title': 'Mr', 'first': 'Ramiro', 'last': 'Mayorga'}, 'location': {'street': {'number': 1131, 'name': 'Prolongación Albania'}, 'city': 'Tepanco de López', 'sta...</msg>
<var>${json_data}</var>
<arg>${response.json()}</arg>
<doc>Returns the given values which can then be assigned to a variables.</doc>
<status status="PASS" start="2024-07-19T08:18:56.660743" elapsed="0.000613"/>
</kw>
<kw name="Log" owner="BuiltIn">
<msg time="2024-07-19T08:18:56.661869" level="INFO">{'results': [{'gender': 'male', 'name': {'title': 'Mr', 'first': 'Ramiro', 'last': 'Mayorga'}, 'location': {'street': {'number': 1131, 'name': 'Prolongación Albania'}, 'city': 'Tepanco de López', 'state': 'Morelos', 'country': 'Mexico', 'postcode': 85185, 'coordinates': {'latitude': '28.9622', 'longitude': '-132.0025'}, 'timezone': {'offset': '+5:45', 'description': 'Kathmandu'}}, 'email': 'ramiro.mayorga@example.com', 'login': {'uuid': 'c8c1dd8d-e607-4411-b073-7ad88f4e091f', 'username': 'heavydog522', 'password': '99999999', 'salt': '3zaEqfdm', 'md5': '2321bf33bdc63c56661b3263669a0460', 'sha1': '0bff8aa4987a1df7a3c7ecc943b54d7bb838ebeb', 'sha256': '4ba05e2f9f559dbdb6238ae0d5315fe5a6d93655b16b6a2b34a696164f346cb4'}, 'dob': {'date': '1981-04-23T17:32:42.193Z', 'age': 43}, 'registered': {'date': '2019-11-13T13:22:32.600Z', 'age': 4}, 'phone': '(659) 290 5193', 'cell': '(627) 927 9608', 'id': {'name': 'NSS', 'value': '33 52 99 3151 4'}, 'picture': {'large': 'https://randomuser.me/api/portraits/men/53.jpg', 'medium': 'https://randomuser.me/api/portraits/med/men/53.jpg', 'thumbnail': 'https://randomuser.me/api/portraits/thumb/men/53.jpg'}, 'nat': 'MX'}], 'info': {'seed': '3bb2b30902e6d322', 'results': 1, 'page': 1, 'version': '1.4'}}</msg>
<arg>${json_data}</arg>
<doc>Logs the given message with the given level.</doc>
<status status="PASS" start="2024-07-19T08:18:56.661712" elapsed="0.000206"/>
</kw>
<kw name="Should Be Equal As Numbers" owner="BuiltIn">
<arg>${json_data['results'][0]['location']['postcode']}</arg>
<arg>${json_data['results'][0]['location']['postcode']}</arg>
<doc>Fails if objects are unequal after converting them to real numbers.</doc>
<status status="PASS" start="2024-07-19T08:18:56.662221" elapsed="0.000618"/>
</kw>
<kw name="Log" owner="BuiltIn">
<msg time="2024-07-19T08:18:56.663377" level="INFO">85185</msg>
<arg>${json_data['results'][0]['location']['postcode']}</arg>
<doc>Logs the given message with the given level.</doc>
<status status="PASS" start="2024-07-19T08:18:56.663041" elapsed="0.000376"/>
</kw>
<status status="PASS" start="2024-07-19T08:18:56.558525" elapsed="0.105142"/>
</kw>
<doc>Testa se os tipos de dados na resposta da API estão corretos.</doc>
<tag>testeTiposDados</tag>
<status status="PASS" start="2024-07-19T08:18:56.518321" elapsed="0.145538"/>
</test>
<test id="s1-s1-t5" name="Validar conteudo" line="35">
<kw name="Teste de Tipos de Conteudo" owner="random-user-service">
<kw name="GET On Session" owner="RequestsLibrary">
<msg time="2024-07-19T08:18:56.782785" level="INFO">GET Request : url=https://randomuser.me/api 
 path_url=/api 
 headers={'User-Agent': 'python-requests/2.32.3', 'Accept-Encoding': 'gzip, deflate', 'Accept': '*/*', 'Connection': 'keep-alive'} 
 body=None 
 </msg>
<msg time="2024-07-19T08:18:56.782883" level="INFO">GET Response : url=https://randomuser.me/api 
 status=200, reason=OK 
 headers={'Date': 'Fri, 19 Jul 2024 08:18:56 GMT', 'Content-Type': 'application/json; charset=utf-8', 'Transfer-Encoding': 'chunked', 'Connection': 'keep-alive', 'X-Powered-By': 'Express', 'Access-Control-Allow-Origin': '*', 'Cache-Control': 'no-cache', 'ETag': 'W/"475-MU5x2pHsa/basMADMj4t1V4cWCc"', 'Vary': 'Accept-Encoding', 'Content-Encoding': 'gzip', 'CF-Cache-Status': 'DYNAMIC', 'Report-To': '{"endpoints":[{"url":"https:\\/\\/a.nel.cloudflare.com\\/report\\/v4?s=rkSZWWFLE8a6Vpcd4BM8k6S2qm44LstpkdXanpd5VibQ1KeIO21Dq%2F95%2BBYwUo0BlAA4r4Rgrgv%2BCiVSnR%2F0jt22UPmaN6UdxiG%2FPq0g8hncEjr%2FZe0AffQ96COpw6QX"}],"group":"cf-nel","max_age":604800}', 'NEL': '{"success_fraction":0,"report_to":"cf-nel","max_age":604800}', 'Server': 'cloudflare', 'CF-RAY': '8a5948a0284f8f28-IAD', 'alt-svc': 'h3=":443"; ma=86400'} 
 body={"results":[{"gender":"male","name":{"title":"Mr","first":"Önal","last":"Oraloğlu"},"location":{"street":{"number":2565,"name":"Maçka Cd"},"city":"Isparta","state":"Ordu","country":"Turkey","postcode":63175,"coordinates":{"latitude":"69.5504","longitude":"-161.0865"},"timezone":{"offset":"+7:00","description":"Bangkok, Hanoi, Jakarta"}},"email":"onal.oraloglu@example.com","login":{"uuid":"dac4b6a9-cc58-4aa8-9897-e7bd8bbc8b3b","username":"organicladybug930","password":"love123","salt":"WXtGMNGJ","md5":"30d99da8a9acd1570ff704e567058c11","sha1":"844c1e33eba911f7420de57460a8805a311635e8","sha256":"fa83d23f202dddc315cd563a393765f56efa888288879f4f078721ed97075fdc"},"dob":{"date":"1970-07-28T07:30:02.856Z","age":53},"registered":{"date":"2016-06-03T12:31:42.693Z","age":8},"phone":"(577)-756-2628","cell":"(664)-879-7177","id":{"name":"","value":null},"picture":{"large":"https://randomuser.me/api/portraits/men/82.jpg","medium":"https://randomuser.me/api/portraits/med/men/82.jpg","thumbnail":"https://randomuser.me/api/portraits/thumb/men/82.jpg"},"nat":"TR"}],"info":{"seed":"7aa4574e6044a262","results":1,"page":1,"version":"1.4"}} 
 </msg>
<msg time="2024-07-19T08:18:56.782962" level="INFO">/opt/hostedtoolcache/Python/3.12.4/x64/lib/python3.12/site-packages/urllib3/connectionpool.py:1099: InsecureRequestWarning: Unverified HTTPS request is being made to host 'randomuser.me'. Adding certificate verification is strongly advised. See: https://urllib3.readthedocs.io/en/latest/advanced-usage.html#tls-warnings
  warnings.warn(</msg>
<msg time="2024-07-19T08:18:56.783085" level="INFO">${response} = &lt;Response [200]&gt;</msg>
<var>${response}</var>
<arg>consultarAPI</arg>
<arg>/api</arg>
<doc>Sends a GET request on a previously created HTTP Session.</doc>
<status status="PASS" start="2024-07-19T08:18:56.666332" elapsed="0.116798"/>
</kw>
<kw name="Set Variable" owner="BuiltIn">
<msg time="2024-07-19T08:18:56.784137" level="INFO">${json_data} = {'results': [{'gender': 'male', 'name': {'title': 'Mr', 'first': 'Önal', 'last': 'Oraloğlu'}, 'location': {'street': {'number': 2565, 'name': 'Maçka Cd'}, 'city': 'Isparta', 'state': 'Ordu', 'country'...</msg>
<var>${json_data}</var>
<arg>${response.json()}</arg>
<doc>Returns the given values which can then be assigned to a variables.</doc>
<status status="PASS" start="2024-07-19T08:18:56.783627" elapsed="0.000542"/>
</kw>
<kw name="Set Variable" owner="BuiltIn">
<msg time="2024-07-19T08:18:56.784864" level="INFO">${name_title} = Mr</msg>
<var>${name_title}</var>
<arg>${json_data["results"][0]["name"]["title"]}</arg>
<doc>Returns the given values which can then be assigned to a variables.</doc>
<status status="PASS" start="2024-07-19T08:18:56.784473" elapsed="0.000417"/>
</kw>
<kw name="Create List" owner="BuiltIn">
<msg time="2024-07-19T08:18:56.785336" level="INFO">${allowed_titles} = ['Mr', 'Ms', 'Miss', 'Mrs', 'Madame', 'Monsieur']</msg>
<var>${allowed_titles}</var>
<arg>Mr</arg>
<arg>Ms</arg>
<arg>Miss</arg>
<arg>Mrs</arg>
<arg>Madame</arg>
<arg>Monsieur</arg>
<doc>Returns a list containing given items.</doc>
<status status="PASS" start="2024-07-19T08:18:56.785187" elapsed="0.000174"/>
</kw>
<kw name="List Should Contain Value" owner="Collections">
<arg>${allowed_titles}</arg>
<arg>${name_title}</arg>
<doc>Fails if the ``value`` is not found from ``list``.</doc>
<status status="PASS" start="2024-07-19T08:18:56.785755" elapsed="0.000180"/>
</kw>
<kw name="Set Variable" owner="BuiltIn">
<msg time="2024-07-19T08:18:56.786500" level="INFO">${name_country} = TR</msg>
<var>${name_country}</var>
<arg>${json_data["results"][0]["nat"]}</arg>
<doc>Returns the given values which can then be assigned to a variables.</doc>
<status status="PASS" start="2024-07-19T08:18:56.786121" elapsed="0.000405"/>
</kw>
<kw name="Create List" owner="BuiltIn">
<msg time="2024-07-19T08:18:56.787411" level="INFO">${list_country} = ['AD', 'AE', 'AF', 'AG', 'AI', 'AL', 'AM', 'AO', 'AQ', 'AR', 'AS', 'AT', 'AU', 'AW', 'AX', 'AZ', 'BA', 'BB', 'BD', 'BE', 'BF', 'BG', 'BH', 'BI', 'BJ', 'BL', 'BM', 'BN', 'BO', 'BQ', 'BR', 'BS', 'BT', '...</msg>
<var>${list_country}</var>
<arg>AD</arg>
<arg>AE</arg>
<arg>AF</arg>
<arg>AG</arg>
<arg>AI</arg>
<arg>AL</arg>
<arg>AM</arg>
<arg>AO</arg>
<arg>AQ</arg>
<arg>AR</arg>
<arg>AS</arg>
<arg>AT</arg>
<arg>AU</arg>
<arg>AW</arg>
<arg>AX</arg>
<arg>AZ</arg>
<arg>BA</arg>
<arg>BB</arg>
<arg>BD</arg>
<arg>BE</arg>
<arg>BF</arg>
<arg>BG</arg>
<arg>BH</arg>
<arg>BI</arg>
<arg>BJ</arg>
<arg>BL</arg>
<arg>BM</arg>
<arg>BN</arg>
<arg>BO</arg>
<arg>BQ</arg>
<arg>BR</arg>
<arg>BS</arg>
<arg>BT</arg>
<arg>BV</arg>
<arg>BW</arg>
<arg>BY</arg>
<arg>BZ</arg>
<arg>CA</arg>
<arg>CC</arg>
<arg>CD</arg>
<arg>CF</arg>
<arg>CG</arg>
<arg>CH</arg>
<arg>CI</arg>
<arg>CK</arg>
<arg>CL</arg>
<arg>CM</arg>
<arg>CN</arg>
<arg>CO</arg>
<arg>CR</arg>
<arg>CU</arg>
<arg>CV</arg>
<arg>CW</arg>
<arg>CX</arg>
<arg>CY</arg>
<arg>CZ</arg>
<arg>DE</arg>
<arg>DJ</arg>
<arg>DK</arg>
<arg>DM</arg>
<arg>DO</arg>
<arg>DZ</arg>
<arg>EC</arg>
<arg>EE</arg>
<arg>EG</arg>
<arg>EH</arg>
<arg>ER</arg>
<arg>ES</arg>
<arg>ET</arg>
<arg>FI</arg>
<arg>FJ</arg>
<arg>FK</arg>
<arg>FM</arg>
<arg>FO</arg>
<arg>FR</arg>
<arg>GA</arg>
<arg>GB</arg>
<arg>GD</arg>
<arg>GE</arg>
<arg>GF</arg>
<arg>GG</arg>
<arg>GH</arg>
<arg>GI</arg>
<arg>GL</arg>
<arg>GM</arg>
<arg>GN</arg>
<arg>GP</arg>
<arg>GQ</arg>
<arg>GR</arg>
<arg>GS</arg>
<arg>GT</arg>
<arg>GU</arg>
<arg>GW</arg>
<arg>GY</arg>
<arg>HK</arg>
<arg>HM</arg>
<arg>HN</arg>
<arg>HR</arg>
<arg>HT</arg>
<arg>HU</arg>
<arg>ID</arg>
<arg>IE</arg>
<arg>IL</arg>
<arg>IM</arg>
<arg>IN</arg>
<arg>IO</arg>
<arg>IQ</arg>
<arg>IR</arg>
<arg>IS</arg>
<arg>IT</arg>
<arg>JE</arg>
<arg>JM</arg>
<arg>JO</arg>
<arg>JP</arg>
<arg>KE</arg>
<arg>KG</arg>
<arg>KH</arg>
<arg>KI</arg>
<arg>KM</arg>
<arg>KN</arg>
<arg>KP</arg>
<arg>KR</arg>
<arg>KW</arg>
<arg>KY</arg>
<arg>KZ</arg>
<arg>LA</arg>
<arg>LB</arg>
<arg>LC</arg>
<arg>LI</arg>
<arg>LK</arg>
<arg>LR</arg>
<arg>LS</arg>
<arg>LT</arg>
<arg>LU</arg>
<arg>LV</arg>
<arg>LY</arg>
<arg>MA</arg>
<arg>MC</arg>
<arg>MD</arg>
<arg>ME</arg>
<arg>MF</arg>
<arg>MG</arg>
<arg>MH</arg>
<arg>MK</arg>
<arg>ML</arg>
<arg>MM</arg>
<arg>MN</arg>
<arg>MO</arg>
<arg>MP</arg>
<arg>MQ</arg>
<arg>MR</arg>
<arg>MS</arg>
<arg>MT</arg>
<arg>MU</arg>
<arg>MV</arg>
<arg>MW</arg>
<arg>MX</arg>
<arg>MY</arg>
<arg>MZ</arg>
<arg>NA</arg>
<arg>NC</arg>
<arg>NE</arg>
<arg>NF</arg>
<arg>NG</arg>
<arg>NI</arg>
<arg>NL</arg>
<arg>NO</arg>
<arg>NP</arg>
<arg>NR</arg>
<arg>NU</arg>
<arg>NZ</arg>
<arg>OM</arg>
<arg>PA</arg>
<arg>PE</arg>
<arg>PF</arg>
<arg>PG</arg>
<arg>PH</arg>
<arg>PK</arg>
<arg>PL</arg>
<arg>PM</arg>
<arg>PN</arg>
<arg>PR</arg>
<arg>PS</arg>
<arg>PT</arg>
<arg>PW</arg>
<arg>PY</arg>
<arg>QA</arg>
<arg>RE</arg>
<arg>RO</arg>
<arg>RS</arg>
<arg>RU</arg>
<arg>RW</arg>
<arg>SA</arg>
<arg>SB</arg>
<arg>SC</arg>
<arg>SD</arg>
<arg>SE</arg>
<arg>SG</arg>
<arg>SH</arg>
<arg>SI</arg>
<arg>SJ</arg>
<arg>SK</arg>
<arg>SL</arg>
<arg>SM</arg>
<arg>SN</arg>
<arg>SO</arg>
<arg>SR</arg>
<arg>SS</arg>
<arg>ST</arg>
<arg>SV</arg>
<arg>SX</arg>
<arg>SY</arg>
<arg>SZ</arg>
<arg>TC</arg>
<arg>TD</arg>
<arg>TF</arg>
<arg>TG</arg>
<arg>TH</arg>
<arg>TJ</arg>
<arg>TK</arg>
<arg>TL</arg>
<arg>TM</arg>
<arg>TN</arg>
<arg>TO</arg>
<arg>TR</arg>
<arg>TT</arg>
<arg>TV</arg>
<arg>TW</arg>
<arg>TZ</arg>
<arg>UA</arg>
<arg>UG</arg>
<arg>UM</arg>
<arg>US</arg>
<arg>UY</arg>
<arg>UZ</arg>
<arg>VA</arg>
<arg>VC</arg>
<arg>VE</arg>
<arg>VG</arg>
<arg>VI</arg>
<arg>VN</arg>
<arg>VU</arg>
<arg>WF</arg>
<arg>WS</arg>
<arg>XK</arg>
<arg>YE</arg>
<arg>YT</arg>
<arg>ZA</arg>
<arg>ZM</arg>
<arg>ZW</arg>
<doc>Returns a list containing given items.</doc>
<status status="PASS" start="2024-07-19T08:18:56.786818" elapsed="0.000619"/>
</kw>
<kw name="List Should Contain Value" owner="Collections">
<arg>${list_country}</arg>
<arg>${name_country}</arg>
<doc>Fails if the ``value`` is not found from ``list``.</doc>
<status status="PASS" start="2024-07-19T08:18:56.788400" elapsed="0.000208"/>
</kw>
<kw name="Run Keyword If" owner="BuiltIn">
<kw name="Should Be True" owner="BuiltIn">
<arg>${True}</arg>
<doc>Fails if the given condition is not true.</doc>
<status status="PASS" start="2024-07-19T08:18:56.789574" elapsed="0.000142"/>
</kw>
<arg>${json_data["results"][0]["location"]["coordinates"]["latitude"]} &gt;= -90 and ${json_data["results"][0]["location"]["coordinates"]["latitude"]} &lt;= 90</arg>
<arg>Should Be True</arg>
<arg>${True}</arg>
<doc>Runs the given keyword with the given arguments, if ``condition`` is true.</doc>
<status status="PASS" start="2024-07-19T08:18:56.788806" elapsed="0.001035"/>
</kw>
<kw name="Run Keyword If" owner="BuiltIn">
<kw name="Should Be True" owner="BuiltIn">
<arg>${True}</arg>
<doc>Fails if the given condition is not true.</doc>
<status status="PASS" start="2024-07-19T08:18:56.790712" elapsed="0.000136"/>
</kw>
<arg>${json_data["results"][0]["location"]["coordinates"]["longitude"]} &gt;= -180 and ${json_data["results"][0]["location"]["coordinates"]["longitude"]} &lt;= 180</arg>
<arg>Should Be True</arg>
<arg>${True}</arg>
<doc>Runs the given keyword with the given arguments, if ``condition`` is true.</doc>
<status status="PASS" start="2024-07-19T08:18:56.790021" elapsed="0.000951"/>
</kw>
<status status="PASS" start="2024-07-19T08:18:56.666115" elapsed="0.124989"/>
</kw>
<doc>Testa o conteúdo específico dos campos retornados pela API.</doc>
<tag>testeConteudo</tag>
<status status="PASS" start="2024-07-19T08:18:56.665615" elapsed="0.125637"/>
</test>
<status status="PASS" start="2024-07-19T08:18:55.772738" elapsed="1.020446"/>
</suite>
<status status="PASS" start="2024-07-19T08:18:55.758494" elapsed="1.039700"/>
</suite>
<statistics>
<total>
<stat pass="5" fail="0" skip="0">All Tests</stat>
</total>
<tag>
<stat pass="1" fail="0" skip="0">testeConteudo</stat>
<stat pass="1" fail="0" skip="0">testeEstruturaResposta</stat>
<stat pass="1" fail="0" skip="0">testeRequisicaoBasica</stat>
<stat pass="1" fail="0" skip="0">testeTiposDados</stat>
</tag>
<suite>
<stat pass="5" fail="0" skip="0" id="s1" name="Tests">Tests</stat>
<stat pass="5" fail="0" skip="0" id="s1-s1" name="Random-User-Test">Tests.Random-User-Test</stat>
</suite>
</statistics>
<errors>
</errors>
</robot>
