<?xml version="1.0" encoding="UTF-8"?>
<robot generator="Robot 7.0.1 (Python 3.12.4 on linux)" generated="2024-07-17T14:15:34.434863" rpa="false" schemaversion="5">
<suite id="s1" name="Tests" source="/home/runner/work/ApiRandomUser/ApiRandomUser/RamdonUser/tests">
<suite id="s1-s1" name="Random-User-Test" source="/home/runner/work/ApiRandomUser/ApiRandomUser/RamdonUser/tests/random-user-test.robot">
<test id="s1-s1-t1" name="Conectar" line="13">
<kw name="Conectar API" owner="random-user-service">
<kw name="Create Session" owner="RequestsLibrary">
<msg time="2024-07-17T14:15:34.839201" level="INFO">Creating Session using : alias=consultarAPI, url=https://randomuser.me/, headers={},                     cookies={}, auth=None, timeout=None, proxies=None, verify=False,                     debug=0 </msg>
<arg>consultarAPI</arg>
<arg>${URL}</arg>
<doc>Create Session: create a HTTP session to a server</doc>
<status status="PASS" start="2024-07-17T14:15:34.839003" elapsed="0.000367"/>
</kw>
<status status="PASS" start="2024-07-17T14:15:34.838055" elapsed="0.001674"/>
</kw>
<status status="PASS" start="2024-07-17T14:15:34.837467" elapsed="0.002454"/>
</test>
<test id="s1-s1-t2" name="Validar retorno 200 e JSON Válido" line="16">
<kw name="Teste de Requisicao Basica" owner="random-user-service">
<kw name="GET On Session" owner="RequestsLibrary">
<msg time="2024-07-17T14:15:34.992697" level="INFO">GET Request : url=https://randomuser.me/api 
 path_url=/api 
 headers={'User-Agent': 'python-requests/2.32.3', 'Accept-Encoding': 'gzip, deflate', 'Accept': '*/*', 'Connection': 'keep-alive'} 
 body=None 
 </msg>
<msg time="2024-07-17T14:15:34.992851" level="INFO">GET Response : url=https://randomuser.me/api 
 status=200, reason=OK 
 headers={'Date': 'Wed, 17 Jul 2024 14:15:34 GMT', 'Content-Type': 'application/json; charset=utf-8', 'Transfer-Encoding': 'chunked', 'Connection': 'keep-alive', 'X-Powered-By': 'Express', 'Access-Control-Allow-Origin': '*', 'Cache-Control': 'no-cache', 'ETag': 'W/"488-14Z/N8eLRCMBFhT3iai4srt3WMw"', 'Vary': 'Accept-Encoding', 'Content-Encoding': 'gzip', 'CF-Cache-Status': 'DYNAMIC', 'Report-To': '{"endpoints":[{"url":"https:\\/\\/a.nel.cloudflare.com\\/report\\/v4?s=cAJ54fUO2gzK3Hs%2B3K2EywZHtWw2XRBznU5G7PxDyVFwS0KS4BedaCxdeolgmAj4ve5wUbwgmScN1hDUIBP4js3%2FECIo6LRYU9Bp7fSI3w2DoX8%2BHXwKZ0IMfIwZimhu"}],"group":"cf-nel","max_age":604800}', 'NEL': '{"success_fraction":0,"report_to":"cf-nel","max_age":604800}', 'Server': 'cloudflare', 'CF-RAY': '8a4ad84b0b78ceaf-SJC', 'alt-svc': 'h3=":443"; ma=86400'} 
 body={"results":[{"gender":"female","name":{"title":"Mrs","first":"Samantha","last":"Hughes"},"location":{"street":{"number":5445,"name":"Ti Rakau Drive"},"city":"New Plymouth","state":"Otago","country":"New Zealand","postcode":93395,"coordinates":{"latitude":"54.8949","longitude":"126.6333"},"timezone":{"offset":"+9:30","description":"Adelaide, Darwin"}},"email":"samantha.hughes@example.com","login":{"uuid":"d48e8e89-e92a-4a14-be74-73e2e2874b08","username":"crazyladybug270","password":"hopeless","salt":"JiPQgpR4","md5":"32f597a0813039c33bdf75e8dc784a62","sha1":"dc5d768bdec9f7180a1a13eba09c582f32066cc8","sha256":"1a9f1c4511781c8458959920922701f13026726e36ee3fe9213c1c304b1a3876"},"dob":{"date":"1997-05-14T22:36:19.036Z","age":27},"registered":{"date":"2004-11-13T13:31:24.680Z","age":19},"phone":"(154)-270-5078","cell":"(560)-469-7271","id":{"name":"","value":null},"picture":{"large":"https://randomuser.me/api/portraits/women/85.jpg","medium":"https://randomuser.me/api/portraits/med/women/85.jpg","thumbnail":"https://randomuser.me/api/portraits/thumb/women/85.jpg"},"nat":"NZ"}],"info":{"seed":"c4a586d821db6825","results":1,"page":1,"version":"1.4"}} 
 </msg>
<msg time="2024-07-17T14:15:34.992944" level="INFO">/opt/hostedtoolcache/Python/3.12.4/x64/lib/python3.12/site-packages/urllib3/connectionpool.py:1099: InsecureRequestWarning: Unverified HTTPS request is being made to host 'randomuser.me'. Adding certificate verification is strongly advised. See: https://urllib3.readthedocs.io/en/latest/advanced-usage.html#tls-warnings
  warnings.warn(</msg>
<msg time="2024-07-17T14:15:34.993077" level="INFO">${response} = &lt;Response [200]&gt;</msg>
<var>${response}</var>
<arg>consultarAPI</arg>
<arg>/api</arg>
<doc>Sends a GET request on a previously created HTTP Session.</doc>
<status status="PASS" start="2024-07-17T14:15:34.842595" elapsed="0.150525"/>
</kw>
<kw name="Should Be Equal As Numbers" owner="BuiltIn">
<msg time="2024-07-17T14:15:34.994298" level="INFO">Argument types are:
&lt;class 'int'&gt;
&lt;class 'str'&gt;</msg>
<arg>${response.status_code}</arg>
<arg>200</arg>
<doc>Fails if objects are unequal after converting them to real numbers.</doc>
<status status="PASS" start="2024-07-17T14:15:34.993774" elapsed="0.000588"/>
</kw>
<kw name="Log" owner="BuiltIn">
<msg time="2024-07-17T14:15:34.995059" level="INFO">200</msg>
<arg>${response.status_code}</arg>
<doc>Logs the given message with the given level.</doc>
<status status="PASS" start="2024-07-17T14:15:34.994699" elapsed="0.000402"/>
</kw>
<kw name="Set Variable" owner="BuiltIn">
<msg time="2024-07-17T14:15:34.995842" level="INFO">${json_data} = {'results': [{'gender': 'female', 'name': {'title': 'Mrs', 'first': 'Samantha', 'last': 'Hughes'}, 'location': {'street': {'number': 5445, 'name': 'Ti Rakau Drive'}, 'city': 'New Plymouth', 'state': '...</msg>
<var>${json_data}</var>
<arg>${response.json()}</arg>
<doc>Returns the given values which can then be assigned to a variables.</doc>
<status status="PASS" start="2024-07-17T14:15:34.995412" elapsed="0.000458"/>
</kw>
<kw name="Dictionary Should Contain Key" owner="Collections">
<arg>${json_data}</arg>
<arg>results</arg>
<doc>Fails if ``key`` is not found from ``dictionary``.</doc>
<status status="PASS" start="2024-07-17T14:15:34.996169" elapsed="0.000163"/>
</kw>
<status status="PASS" start="2024-07-17T14:15:34.842348" elapsed="0.154134"/>
</kw>
<doc>Testa se a API responde corretamente e retorna um objeto JSON válido.</doc>
<tag>testeRequisicaoBasica</tag>
<status status="PASS" start="2024-07-17T14:15:34.841826" elapsed="0.154832"/>
</test>
<test id="s1-s1-t3" name="Validar estrutura de resposta" line="22">
<kw name="Teste de Estrutura de Resposta" owner="random-user-service">
<kw name="GET On Session" owner="RequestsLibrary">
<msg time="2024-07-17T14:15:35.322220" level="INFO">GET Request : url=https://randomuser.me/api 
 path_url=/api 
 headers={'User-Agent': 'python-requests/2.32.3', 'Accept-Encoding': 'gzip, deflate', 'Accept': '*/*', 'Connection': 'keep-alive'} 
 body=None 
 </msg>
<msg time="2024-07-17T14:15:35.322343" level="INFO">GET Response : url=https://randomuser.me/api 
 status=200, reason=OK 
 headers={'Date': 'Wed, 17 Jul 2024 14:15:35 GMT', 'Content-Type': 'application/json; charset=utf-8', 'Transfer-Encoding': 'chunked', 'Connection': 'keep-alive', 'X-Powered-By': 'Express', 'Access-Control-Allow-Origin': '*', 'Cache-Control': 'no-cache', 'ETag': 'W/"48e-jmYs/mf0Xnk2hoMgkpW6BA/hrKs"', 'Vary': 'Accept-Encoding', 'Content-Encoding': 'gzip', 'CF-Cache-Status': 'DYNAMIC', 'Report-To': '{"endpoints":[{"url":"https:\\/\\/a.nel.cloudflare.com\\/report\\/v4?s=D%2F%2FSQlxkHGpxjOZQmZuKnNKIcJbE48F2%2FglOKgrvhbSsgWTfgYsrp83cY7alS08Iu2mCXwlJl3nqvFl8MmNYQ1tVHFPVV3WtubfGGoJrZ7k0CiUVGWJdzMDemIPJnC6s"}],"group":"cf-nel","max_age":604800}', 'NEL': '{"success_fraction":0,"report_to":"cf-nel","max_age":604800}', 'Server': 'cloudflare', 'CF-RAY': '8a4ad84bcc1dceaf-SJC', 'alt-svc': 'h3=":443"; ma=86400'} 
 body={"results":[{"gender":"female","name":{"title":"Mrs","first":"Josefina","last":"Moreno"},"location":{"street":{"number":7482,"name":"Calle del Prado"},"city":"Alicante","state":"La Rioja","country":"Spain","postcode":28584,"coordinates":{"latitude":"-37.5078","longitude":"133.5984"},"timezone":{"offset":"+2:00","description":"Kaliningrad, South Africa"}},"email":"josefina.moreno@example.com","login":{"uuid":"7958bd1b-33c4-4894-bf41-4d00066ef372","username":"beautifulfrog857","password":"conover","salt":"lXsILro9","md5":"4dbe2d46b671b2295fe5df0f487b81d9","sha1":"2101aeb1abb45101ccb5e672df6f99f18a875a32","sha256":"71f03d552e2ee65fa36e20ebfa1173dc81facfe60ecd98c72a27e30b002a9de0"},"dob":{"date":"1947-04-07T10:01:41.168Z","age":77},"registered":{"date":"2003-06-04T19:06:22.880Z","age":21},"phone":"934-992-410","cell":"665-077-552","id":{"name":"DNI","value":"09097242-Q"},"picture":{"large":"https://randomuser.me/api/portraits/women/3.jpg","medium":"https://randomuser.me/api/portraits/med/women/3.jpg","thumbnail":"https://randomuser.me/api/portraits/thumb/women/3.jpg"},"nat":"ES"}],"info":{"seed":"839ef5d37c8ad44d","results":1,"page":1,"version":"1.4"}} 
 </msg>
<msg time="2024-07-17T14:15:35.322499" level="INFO">/opt/hostedtoolcache/Python/3.12.4/x64/lib/python3.12/site-packages/urllib3/connectionpool.py:1099: InsecureRequestWarning: Unverified HTTPS request is being made to host 'randomuser.me'. Adding certificate verification is strongly advised. See: https://urllib3.readthedocs.io/en/latest/advanced-usage.html#tls-warnings
  warnings.warn(</msg>
<msg time="2024-07-17T14:15:35.322661" level="INFO">${response} = &lt;Response [200]&gt;</msg>
<var>${response}</var>
<arg>consultarAPI</arg>
<arg>/api</arg>
<doc>Sends a GET request on a previously created HTTP Session.</doc>
<status status="PASS" start="2024-07-17T14:15:34.999376" elapsed="0.323329"/>
</kw>
<kw name="Set Variable" owner="BuiltIn">
<msg time="2024-07-17T14:15:35.323887" level="INFO">${json_data} = {'results': [{'gender': 'female', 'name': {'title': 'Mrs', 'first': 'Josefina', 'last': 'Moreno'}, 'location': {'street': {'number': 7482, 'name': 'Calle del Prado'}, 'city': 'Alicante', 'state': 'La ...</msg>
<var>${json_data}</var>
<arg>${response.json()}</arg>
<doc>Returns the given values which can then be assigned to a variables.</doc>
<status status="PASS" start="2024-07-17T14:15:35.323324" elapsed="0.000592"/>
</kw>
<kw name="Log" owner="BuiltIn">
<msg time="2024-07-17T14:15:35.324391" level="INFO">{'results': [{'gender': 'female', 'name': {'title': 'Mrs', 'first': 'Josefina', 'last': 'Moreno'}, 'location': {'street': {'number': 7482, 'name': 'Calle del Prado'}, 'city': 'Alicante', 'state': 'La Rioja', 'country': 'Spain', 'postcode': 28584, 'coordinates': {'latitude': '-37.5078', 'longitude': '133.5984'}, 'timezone': {'offset': '+2:00', 'description': 'Kaliningrad, South Africa'}}, 'email': 'josefina.moreno@example.com', 'login': {'uuid': '7958bd1b-33c4-4894-bf41-4d00066ef372', 'username': 'beautifulfrog857', 'password': 'conover', 'salt': 'lXsILro9', 'md5': '4dbe2d46b671b2295fe5df0f487b81d9', 'sha1': '2101aeb1abb45101ccb5e672df6f99f18a875a32', 'sha256': '71f03d552e2ee65fa36e20ebfa1173dc81facfe60ecd98c72a27e30b002a9de0'}, 'dob': {'date': '1947-04-07T10:01:41.168Z', 'age': 77}, 'registered': {'date': '2003-06-04T19:06:22.880Z', 'age': 21}, 'phone': '934-992-410', 'cell': '665-077-552', 'id': {'name': 'DNI', 'value': '09097242-Q'}, 'picture': {'large': 'https://randomuser.me/api/portraits/women/3.jpg', 'medium': 'https://randomuser.me/api/portraits/med/women/3.jpg', 'thumbnail': 'https://randomuser.me/api/portraits/thumb/women/3.jpg'}, 'nat': 'ES'}], 'info': {'seed': '839ef5d37c8ad44d', 'results': 1, 'page': 1, 'version': '1.4'}}</msg>
<arg>${json_data}</arg>
<doc>Logs the given message with the given level.</doc>
<status status="PASS" start="2024-07-17T14:15:35.324230" elapsed="0.000210"/>
</kw>
<kw name="Dictionary Should Contain Key" owner="Collections">
<arg>${json_data}</arg>
<arg>results</arg>
<doc>Fails if ``key`` is not found from ``dictionary``.</doc>
<status status="PASS" start="2024-07-17T14:15:35.324738" elapsed="0.000165"/>
</kw>
<kw name="Should Not Be Empty" owner="BuiltIn">
<msg time="2024-07-17T14:15:35.325265" level="INFO">Length is 2.</msg>
<arg>${json_data}</arg>
<doc>Verifies that the given item is not empty.</doc>
<status status="PASS" start="2024-07-17T14:15:35.325091" elapsed="0.000217"/>
</kw>
<kw name="Create List" owner="BuiltIn">
<msg time="2024-07-17T14:15:35.325768" level="INFO">${expected_keys} = ['gender', 'name', 'location', 'email', 'login']</msg>
<var>${expected_keys}</var>
<arg>gender</arg>
<arg>name</arg>
<arg>location</arg>
<arg>email</arg>
<arg>login</arg>
<doc>Returns a list containing given items.</doc>
<status status="PASS" start="2024-07-17T14:15:35.325609" elapsed="0.000197"/>
</kw>
<for flavor="IN">
<iter>
<kw name="Dictionary Should Contain Key" owner="Collections">
<arg>${json_data['results'][0]}</arg>
<arg>${key}</arg>
<doc>Fails if ``key`` is not found from ``dictionary``.</doc>
<status status="PASS" start="2024-07-17T14:15:35.326541" elapsed="0.000401"/>
</kw>
<kw name="Log" owner="BuiltIn">
<msg time="2024-07-17T14:15:35.327495" level="INFO">{'gender': 'female', 'name': {'title': 'Mrs', 'first': 'Josefina', 'last': 'Moreno'}, 'location': {'street': {'number': 7482, 'name': 'Calle del Prado'}, 'city': 'Alicante', 'state': 'La Rioja', 'country': 'Spain', 'postcode': 28584, 'coordinates': {'latitude': '-37.5078', 'longitude': '133.5984'}, 'timezone': {'offset': '+2:00', 'description': 'Kaliningrad, South Africa'}}, 'email': 'josefina.moreno@example.com', 'login': {'uuid': '7958bd1b-33c4-4894-bf41-4d00066ef372', 'username': 'beautifulfrog857', 'password': 'conover', 'salt': 'lXsILro9', 'md5': '4dbe2d46b671b2295fe5df0f487b81d9', 'sha1': '2101aeb1abb45101ccb5e672df6f99f18a875a32', 'sha256': '71f03d552e2ee65fa36e20ebfa1173dc81facfe60ecd98c72a27e30b002a9de0'}, 'dob': {'date': '1947-04-07T10:01:41.168Z', 'age': 77}, 'registered': {'date': '2003-06-04T19:06:22.880Z', 'age': 21}, 'phone': '934-992-410', 'cell': '665-077-552', 'id': {'name': 'DNI', 'value': '09097242-Q'}, 'picture': {'large': 'https://randomuser.me/api/portraits/women/3.jpg', 'medium': 'https://randomuser.me/api/portraits/med/women/3.jpg', 'thumbnail': 'https://randomuser.me/api/portraits/thumb/women/3.jpg'}, 'nat': 'ES'}</msg>
<arg>${json_data['results'][0]}</arg>
<doc>Logs the given message with the given level.</doc>
<status status="PASS" start="2024-07-17T14:15:35.327134" elapsed="0.000410"/>
</kw>
<kw name="Log" owner="BuiltIn">
<msg time="2024-07-17T14:15:35.327980" level="INFO">gender</msg>
<arg>${key}</arg>
<doc>Logs the given message with the given level.</doc>
<status status="PASS" start="2024-07-17T14:15:35.327851" elapsed="0.000167"/>
</kw>
<var name="${key}">gender</var>
<status status="PASS" start="2024-07-17T14:15:35.326417" elapsed="0.001818"/>
</iter>
<iter>
<kw name="Dictionary Should Contain Key" owner="Collections">
<arg>${json_data['results'][0]}</arg>
<arg>${key}</arg>
<doc>Fails if ``key`` is not found from ``dictionary``.</doc>
<status status="PASS" start="2024-07-17T14:15:35.328532" elapsed="0.000390"/>
</kw>
<kw name="Log" owner="BuiltIn">
<msg time="2024-07-17T14:15:35.329496" level="INFO">{'gender': 'female', 'name': {'title': 'Mrs', 'first': 'Josefina', 'last': 'Moreno'}, 'location': {'street': {'number': 7482, 'name': 'Calle del Prado'}, 'city': 'Alicante', 'state': 'La Rioja', 'country': 'Spain', 'postcode': 28584, 'coordinates': {'latitude': '-37.5078', 'longitude': '133.5984'}, 'timezone': {'offset': '+2:00', 'description': 'Kaliningrad, South Africa'}}, 'email': 'josefina.moreno@example.com', 'login': {'uuid': '7958bd1b-33c4-4894-bf41-4d00066ef372', 'username': 'beautifulfrog857', 'password': 'conover', 'salt': 'lXsILro9', 'md5': '4dbe2d46b671b2295fe5df0f487b81d9', 'sha1': '2101aeb1abb45101ccb5e672df6f99f18a875a32', 'sha256': '71f03d552e2ee65fa36e20ebfa1173dc81facfe60ecd98c72a27e30b002a9de0'}, 'dob': {'date': '1947-04-07T10:01:41.168Z', 'age': 77}, 'registered': {'date': '2003-06-04T19:06:22.880Z', 'age': 21}, 'phone': '934-992-410', 'cell': '665-077-552', 'id': {'name': 'DNI', 'value': '09097242-Q'}, 'picture': {'large': 'https://randomuser.me/api/portraits/women/3.jpg', 'medium': 'https://randomuser.me/api/portraits/med/women/3.jpg', 'thumbnail': 'https://randomuser.me/api/portraits/thumb/women/3.jpg'}, 'nat': 'ES'}</msg>
<arg>${json_data['results'][0]}</arg>
<doc>Logs the given message with the given level.</doc>
<status status="PASS" start="2024-07-17T14:15:35.329110" elapsed="0.000469"/>
</kw>
<kw name="Log" owner="BuiltIn">
<msg time="2024-07-17T14:15:35.330022" level="INFO">name</msg>
<arg>${key}</arg>
<doc>Logs the given message with the given level.</doc>
<status status="PASS" start="2024-07-17T14:15:35.329893" elapsed="0.000168"/>
</kw>
<var name="${key}">name</var>
<status status="PASS" start="2024-07-17T14:15:35.328421" elapsed="0.001868"/>
</iter>
<iter>
<kw name="Dictionary Should Contain Key" owner="Collections">
<arg>${json_data['results'][0]}</arg>
<arg>${key}</arg>
<doc>Fails if ``key`` is not found from ``dictionary``.</doc>
<status status="PASS" start="2024-07-17T14:15:35.330578" elapsed="0.000382"/>
</kw>
<kw name="Log" owner="BuiltIn">
<msg time="2024-07-17T14:15:35.331494" level="INFO">{'gender': 'female', 'name': {'title': 'Mrs', 'first': 'Josefina', 'last': 'Moreno'}, 'location': {'street': {'number': 7482, 'name': 'Calle del Prado'}, 'city': 'Alicante', 'state': 'La Rioja', 'country': 'Spain', 'postcode': 28584, 'coordinates': {'latitude': '-37.5078', 'longitude': '133.5984'}, 'timezone': {'offset': '+2:00', 'description': 'Kaliningrad, South Africa'}}, 'email': 'josefina.moreno@example.com', 'login': {'uuid': '7958bd1b-33c4-4894-bf41-4d00066ef372', 'username': 'beautifulfrog857', 'password': 'conover', 'salt': 'lXsILro9', 'md5': '4dbe2d46b671b2295fe5df0f487b81d9', 'sha1': '2101aeb1abb45101ccb5e672df6f99f18a875a32', 'sha256': '71f03d552e2ee65fa36e20ebfa1173dc81facfe60ecd98c72a27e30b002a9de0'}, 'dob': {'date': '1947-04-07T10:01:41.168Z', 'age': 77}, 'registered': {'date': '2003-06-04T19:06:22.880Z', 'age': 21}, 'phone': '934-992-410', 'cell': '665-077-552', 'id': {'name': 'DNI', 'value': '09097242-Q'}, 'picture': {'large': 'https://randomuser.me/api/portraits/women/3.jpg', 'medium': 'https://randomuser.me/api/portraits/med/women/3.jpg', 'thumbnail': 'https://randomuser.me/api/portraits/thumb/women/3.jpg'}, 'nat': 'ES'}</msg>
<arg>${json_data['results'][0]}</arg>
<doc>Logs the given message with the given level.</doc>
<status status="PASS" start="2024-07-17T14:15:35.331146" elapsed="0.000395"/>
</kw>
<kw name="Log" owner="BuiltIn">
<msg time="2024-07-17T14:15:35.331965" level="INFO">location</msg>
<arg>${key}</arg>
<doc>Logs the given message with the given level.</doc>
<status status="PASS" start="2024-07-17T14:15:35.331838" elapsed="0.000164"/>
</kw>
<var name="${key}">location</var>
<status status="PASS" start="2024-07-17T14:15:35.330469" elapsed="0.001749"/>
</iter>
<iter>
<kw name="Dictionary Should Contain Key" owner="Collections">
<arg>${json_data['results'][0]}</arg>
<arg>${key}</arg>
<doc>Fails if ``key`` is not found from ``dictionary``.</doc>
<status status="PASS" start="2024-07-17T14:15:35.332498" elapsed="0.000391"/>
</kw>
<kw name="Log" owner="BuiltIn">
<msg time="2024-07-17T14:15:35.333472" level="INFO">{'gender': 'female', 'name': {'title': 'Mrs', 'first': 'Josefina', 'last': 'Moreno'}, 'location': {'street': {'number': 7482, 'name': 'Calle del Prado'}, 'city': 'Alicante', 'state': 'La Rioja', 'country': 'Spain', 'postcode': 28584, 'coordinates': {'latitude': '-37.5078', 'longitude': '133.5984'}, 'timezone': {'offset': '+2:00', 'description': 'Kaliningrad, South Africa'}}, 'email': 'josefina.moreno@example.com', 'login': {'uuid': '7958bd1b-33c4-4894-bf41-4d00066ef372', 'username': 'beautifulfrog857', 'password': 'conover', 'salt': 'lXsILro9', 'md5': '4dbe2d46b671b2295fe5df0f487b81d9', 'sha1': '2101aeb1abb45101ccb5e672df6f99f18a875a32', 'sha256': '71f03d552e2ee65fa36e20ebfa1173dc81facfe60ecd98c72a27e30b002a9de0'}, 'dob': {'date': '1947-04-07T10:01:41.168Z', 'age': 77}, 'registered': {'date': '2003-06-04T19:06:22.880Z', 'age': 21}, 'phone': '934-992-410', 'cell': '665-077-552', 'id': {'name': 'DNI', 'value': '09097242-Q'}, 'picture': {'large': 'https://randomuser.me/api/portraits/women/3.jpg', 'medium': 'https://randomuser.me/api/portraits/med/women/3.jpg', 'thumbnail': 'https://randomuser.me/api/portraits/thumb/women/3.jpg'}, 'nat': 'ES'}</msg>
<arg>${json_data['results'][0]}</arg>
<doc>Logs the given message with the given level.</doc>
<status status="PASS" start="2024-07-17T14:15:35.333080" elapsed="0.000442"/>
</kw>
<kw name="Log" owner="BuiltIn">
<msg time="2024-07-17T14:15:35.333948" level="INFO">email</msg>
<arg>${key}</arg>
<doc>Logs the given message with the given level.</doc>
<status status="PASS" start="2024-07-17T14:15:35.333819" elapsed="0.000167"/>
</kw>
<var name="${key}">email</var>
<status status="PASS" start="2024-07-17T14:15:35.332390" elapsed="0.001820"/>
</iter>
<iter>
<kw name="Dictionary Should Contain Key" owner="Collections">
<arg>${json_data['results'][0]}</arg>
<arg>${key}</arg>
<doc>Fails if ``key`` is not found from ``dictionary``.</doc>
<status status="PASS" start="2024-07-17T14:15:35.334497" elapsed="0.000390"/>
</kw>
<kw name="Log" owner="BuiltIn">
<msg time="2024-07-17T14:15:35.335421" level="INFO">{'gender': 'female', 'name': {'title': 'Mrs', 'first': 'Josefina', 'last': 'Moreno'}, 'location': {'street': {'number': 7482, 'name': 'Calle del Prado'}, 'city': 'Alicante', 'state': 'La Rioja', 'country': 'Spain', 'postcode': 28584, 'coordinates': {'latitude': '-37.5078', 'longitude': '133.5984'}, 'timezone': {'offset': '+2:00', 'description': 'Kaliningrad, South Africa'}}, 'email': 'josefina.moreno@example.com', 'login': {'uuid': '7958bd1b-33c4-4894-bf41-4d00066ef372', 'username': 'beautifulfrog857', 'password': 'conover', 'salt': 'lXsILro9', 'md5': '4dbe2d46b671b2295fe5df0f487b81d9', 'sha1': '2101aeb1abb45101ccb5e672df6f99f18a875a32', 'sha256': '71f03d552e2ee65fa36e20ebfa1173dc81facfe60ecd98c72a27e30b002a9de0'}, 'dob': {'date': '1947-04-07T10:01:41.168Z', 'age': 77}, 'registered': {'date': '2003-06-04T19:06:22.880Z', 'age': 21}, 'phone': '934-992-410', 'cell': '665-077-552', 'id': {'name': 'DNI', 'value': '09097242-Q'}, 'picture': {'large': 'https://randomuser.me/api/portraits/women/3.jpg', 'medium': 'https://randomuser.me/api/portraits/med/women/3.jpg', 'thumbnail': 'https://randomuser.me/api/portraits/thumb/women/3.jpg'}, 'nat': 'ES'}</msg>
<arg>${json_data['results'][0]}</arg>
<doc>Logs the given message with the given level.</doc>
<status status="PASS" start="2024-07-17T14:15:35.335071" elapsed="0.000398"/>
</kw>
<kw name="Log" owner="BuiltIn">
<msg time="2024-07-17T14:15:35.335884" level="INFO">login</msg>
<arg>${key}</arg>
<doc>Logs the given message with the given level.</doc>
<status status="PASS" start="2024-07-17T14:15:35.335758" elapsed="0.000164"/>
</kw>
<var name="${key}">login</var>
<status status="PASS" start="2024-07-17T14:15:35.334384" elapsed="0.001758"/>
</iter>
<var>${key}</var>
<value>@{expected_keys}</value>
<status status="PASS" start="2024-07-17T14:15:35.326224" elapsed="0.010041"/>
</for>
<kw name="Create List" owner="BuiltIn">
<msg time="2024-07-17T14:15:35.336585" level="INFO">${expected_keysTwo} = ['username', 'password']</msg>
<var>${expected_keysTwo}</var>
<arg>username</arg>
<arg>password</arg>
<doc>Returns a list containing given items.</doc>
<status status="PASS" start="2024-07-17T14:15:35.336452" elapsed="0.000184"/>
</kw>
<for flavor="IN">
<iter>
<kw name="Dictionary Should Contain Key" owner="Collections">
<arg>${json_data['results'][0]['login']}</arg>
<arg>${keyTwo}</arg>
<doc>Fails if ``key`` is not found from ``dictionary``.</doc>
<status status="PASS" start="2024-07-17T14:15:35.337135" elapsed="0.000426"/>
</kw>
<kw name="Dictionary Should Contain Key" owner="Collections">
<arg>${json_data['results'][0]['login']}</arg>
<arg>${keyTwo}</arg>
<doc>Fails if ``key`` is not found from ``dictionary``.</doc>
<status status="PASS" start="2024-07-17T14:15:35.337748" elapsed="0.000377"/>
</kw>
<kw name="Log" owner="BuiltIn">
<msg time="2024-07-17T14:15:35.338438" level="INFO">username</msg>
<arg>${keyTwo}</arg>
<doc>Logs the given message with the given level.</doc>
<status status="PASS" start="2024-07-17T14:15:35.338316" elapsed="0.000159"/>
</kw>
<var name="${keyTwo}">username</var>
<status status="PASS" start="2024-07-17T14:15:35.337028" elapsed="0.001669"/>
</iter>
<iter>
<kw name="Dictionary Should Contain Key" owner="Collections">
<arg>${json_data['results'][0]['login']}</arg>
<arg>${keyTwo}</arg>
<doc>Fails if ``key`` is not found from ``dictionary``.</doc>
<status status="PASS" start="2024-07-17T14:15:35.338994" elapsed="0.000390"/>
</kw>
<kw name="Dictionary Should Contain Key" owner="Collections">
<arg>${json_data['results'][0]['login']}</arg>
<arg>${keyTwo}</arg>
<doc>Fails if ``key`` is not found from ``dictionary``.</doc>
<status status="PASS" start="2024-07-17T14:15:35.339563" elapsed="0.000372"/>
</kw>
<kw name="Log" owner="BuiltIn">
<msg time="2024-07-17T14:15:35.340230" level="INFO">password</msg>
<arg>${keyTwo}</arg>
<doc>Logs the given message with the given level.</doc>
<status status="PASS" start="2024-07-17T14:15:35.340112" elapsed="0.000159"/>
</kw>
<var name="${keyTwo}">password</var>
<status status="PASS" start="2024-07-17T14:15:35.338886" elapsed="0.001605"/>
</iter>
<var>${keyTwo}</var>
<value>@{expected_keysTwo}</value>
<status status="PASS" start="2024-07-17T14:15:35.336876" elapsed="0.003737"/>
</for>
<status status="PASS" start="2024-07-17T14:15:34.999142" elapsed="0.341611"/>
</kw>
<doc>Testa a estrutura da resposta da API.</doc>
<tag>testeEstruturaResposta</tag>
<status status="PASS" start="2024-07-17T14:15:34.998542" elapsed="0.342369"/>
</test>
<test id="s1-s1-t4" name="Validar tipos de dados" line="28">
<kw name="Teste de Tipos de Dados" owner="random-user-service">
<kw name="GET On Session" owner="RequestsLibrary">
<msg time="2024-07-17T14:15:35.648124" level="INFO">GET Request : url=https://randomuser.me/api 
 path_url=/api 
 headers={'User-Agent': 'python-requests/2.32.3', 'Accept-Encoding': 'gzip, deflate', 'Accept': '*/*', 'Connection': 'keep-alive'} 
 body=None 
 </msg>
<msg time="2024-07-17T14:15:35.648232" level="INFO">GET Response : url=https://randomuser.me/api 
 status=200, reason=OK 
 headers={'Date': 'Wed, 17 Jul 2024 14:15:35 GMT', 'Content-Type': 'application/json; charset=utf-8', 'Transfer-Encoding': 'chunked', 'Connection': 'keep-alive', 'X-Powered-By': 'Express', 'Access-Control-Allow-Origin': '*', 'Cache-Control': 'no-cache', 'ETag': 'W/"48a-d8Rvu2RMAJDHxSI+DU0OnJruw30"', 'Vary': 'Accept-Encoding', 'Content-Encoding': 'gzip', 'CF-Cache-Status': 'DYNAMIC', 'Report-To': '{"endpoints":[{"url":"https:\\/\\/a.nel.cloudflare.com\\/report\\/v4?s=FWhGOa2u82h%2B3X%2FZ9yK0DyBmBkkjsISYKxD4WiTiN6DNl6qJU%2BksEqk9fKh1gBO5vZtRuKtA6PJ3sDGFOIGvOaKYYWCuRMl0nAIfZ9IRlPcpGintPRd%2Fde%2FF9tGqQOl%2B"}],"group":"cf-nel","max_age":604800}', 'NEL': '{"success_fraction":0,"report_to":"cf-nel","max_age":604800}', 'Server': 'cloudflare', 'CF-RAY': '8a4ad84dfdd8ceaf-SJC', 'alt-svc': 'h3=":443"; ma=86400'} 
 body={"results":[{"gender":"male","name":{"title":"Mr","first":"Kristoffer","last":"Løvoll"},"location":{"street":{"number":9929,"name":"Solkroken"},"city":"Varhaug","state":"Bergen","country":"Norway","postcode":"1421","coordinates":{"latitude":"44.4989","longitude":"-88.0631"},"timezone":{"offset":"0:00","description":"Western Europe Time, London, Lisbon, Casablanca"}},"email":"kristoffer.lovoll@example.com","login":{"uuid":"887fce12-efe3-4fac-a1e1-d4f090cf9ecc","username":"tinybird860","password":"amstel","salt":"674p9OV5","md5":"86a888252a34928762299f0e43281574","sha1":"9940ad00241129bf32cc0dc8eca36a0bf857a353","sha256":"a6091c7cccc086b41f567d4e673d62601a1fdb36314fb10544fcc0ce587ad5ae"},"dob":{"date":"1961-08-04T11:58:46.308Z","age":62},"registered":{"date":"2021-12-19T00:32:20.958Z","age":2},"phone":"60796977","cell":"97765769","id":{"name":"FN","value":"04086117512"},"picture":{"large":"https://randomuser.me/api/portraits/men/4.jpg","medium":"https://randomuser.me/api/portraits/med/men/4.jpg","thumbnail":"https://randomuser.me/api/portraits/thumb/men/4.jpg"},"nat":"NO"}],"info":{"seed":"a8312a7a01528824","results":1,"page":1,"version":"1.4"}} 
 </msg>
<msg time="2024-07-17T14:15:35.648303" level="INFO">/opt/hostedtoolcache/Python/3.12.4/x64/lib/python3.12/site-packages/urllib3/connectionpool.py:1099: InsecureRequestWarning: Unverified HTTPS request is being made to host 'randomuser.me'. Adding certificate verification is strongly advised. See: https://urllib3.readthedocs.io/en/latest/advanced-usage.html#tls-warnings
  warnings.warn(</msg>
<msg time="2024-07-17T14:15:35.648422" level="INFO">${response} = &lt;Response [200]&gt;</msg>
<var>${response}</var>
<arg>consultarAPI</arg>
<arg>/api</arg>
<doc>Sends a GET request on a previously created HTTP Session.</doc>
<status status="PASS" start="2024-07-17T14:15:35.343580" elapsed="0.304883"/>
</kw>
<kw name="Set Variable" owner="BuiltIn">
<msg time="2024-07-17T14:15:35.649665" level="INFO">${json_data} = {'results': [{'gender': 'male', 'name': {'title': 'Mr', 'first': 'Kristoffer', 'last': 'Løvoll'}, 'location': {'street': {'number': 9929, 'name': 'Solkroken'}, 'city': 'Varhaug', 'state': 'Bergen', 'c...</msg>
<var>${json_data}</var>
<arg>${response.json()}</arg>
<doc>Returns the given values which can then be assigned to a variables.</doc>
<status status="PASS" start="2024-07-17T14:15:35.649058" elapsed="0.000637"/>
</kw>
<kw name="Log" owner="BuiltIn">
<msg time="2024-07-17T14:15:35.650162" level="INFO">{'results': [{'gender': 'male', 'name': {'title': 'Mr', 'first': 'Kristoffer', 'last': 'Løvoll'}, 'location': {'street': {'number': 9929, 'name': 'Solkroken'}, 'city': 'Varhaug', 'state': 'Bergen', 'country': 'Norway', 'postcode': '1421', 'coordinates': {'latitude': '44.4989', 'longitude': '-88.0631'}, 'timezone': {'offset': '0:00', 'description': 'Western Europe Time, London, Lisbon, Casablanca'}}, 'email': 'kristoffer.lovoll@example.com', 'login': {'uuid': '887fce12-efe3-4fac-a1e1-d4f090cf9ecc', 'username': 'tinybird860', 'password': 'amstel', 'salt': '674p9OV5', 'md5': '86a888252a34928762299f0e43281574', 'sha1': '9940ad00241129bf32cc0dc8eca36a0bf857a353', 'sha256': 'a6091c7cccc086b41f567d4e673d62601a1fdb36314fb10544fcc0ce587ad5ae'}, 'dob': {'date': '1961-08-04T11:58:46.308Z', 'age': 62}, 'registered': {'date': '2021-12-19T00:32:20.958Z', 'age': 2}, 'phone': '60796977', 'cell': '97765769', 'id': {'name': 'FN', 'value': '04086117512'}, 'picture': {'large': 'https://randomuser.me/api/portraits/men/4.jpg', 'medium': 'https://randomuser.me/api/portraits/med/men/4.jpg', 'thumbnail': 'https://randomuser.me/api/portraits/thumb/men/4.jpg'}, 'nat': 'NO'}], 'info': {'seed': 'a8312a7a01528824', 'results': 1, 'page': 1, 'version': '1.4'}}</msg>
<arg>${json_data}</arg>
<doc>Logs the given message with the given level.</doc>
<status status="PASS" start="2024-07-17T14:15:35.650006" elapsed="0.000204"/>
</kw>
<kw name="Should Be String" owner="String">
<arg>${json_data['results'][0]['gender']}</arg>
<doc>Fails if the given ``item`` is not a string.</doc>
<status status="PASS" start="2024-07-17T14:15:35.650497" elapsed="0.000374"/>
</kw>
<kw name="Should Match Regexp" owner="BuiltIn">
<arg>${json_data['results'][0]['email']}</arg>
<arg>^[a-zA-Z0-9._%+-]+@[a-zA-Z0-9.-]+\.[a-zA-Z]{2,}$</arg>
<doc>Fails if ``string`` does not match ``pattern`` as a regular expression.</doc>
<status status="PASS" start="2024-07-17T14:15:35.651058" elapsed="0.000500"/>
</kw>
<kw name="Should Match Regexp" owner="BuiltIn">
<arg>${json_data['results'][0]['dob']['date']}</arg>
<arg>\\d{4}-\\d{2}-\\d{2}T\\d{2}:\\d{2}:\\d{2}\\.\\d{3}Z</arg>
<doc>Fails if ``string`` does not match ``pattern`` as a regular expression.</doc>
<status status="PASS" start="2024-07-17T14:15:35.651789" elapsed="0.000473"/>
</kw>
<kw name="Should Match Regexp" owner="BuiltIn">
<arg>${json_data['results'][0]['registered']['date']}</arg>
<arg>\\d{4}-\\d{2}-\\d{2}T\\d{2}:\\d{2}:\\d{2}\\.\\d{3}Z</arg>
<doc>Fails if ``string`` does not match ``pattern`` as a regular expression.</doc>
<status status="PASS" start="2024-07-17T14:15:35.652448" elapsed="0.000365"/>
</kw>
<kw name="Should Match Regexp" owner="BuiltIn">
<arg>${json_data['results'][0]['picture']['large']}</arg>
<arg>^https?://.*\.(?:png|jpe?g|gif|bmp)$</arg>
<doc>Fails if ``string`` does not match ``pattern`` as a regular expression.</doc>
<status status="PASS" start="2024-07-17T14:15:35.652993" elapsed="0.000521"/>
</kw>
<kw name="Should Match Regexp" owner="BuiltIn">
<arg>${json_data['results'][0]['picture']['medium']}</arg>
<arg>^https?://.*\.(?:png|jpe?g|gif|bmp)$</arg>
<doc>Fails if ``string`` does not match ``pattern`` as a regular expression.</doc>
<status status="PASS" start="2024-07-17T14:15:35.653702" elapsed="0.000364"/>
</kw>
<kw name="Should Match Regexp" owner="BuiltIn">
<arg>${json_data['results'][0]['picture']['thumbnail']}</arg>
<arg>^https?://.*\.(?:png|jpe?g|gif|bmp)$</arg>
<doc>Fails if ``string`` does not match ``pattern`` as a regular expression.</doc>
<status status="PASS" start="2024-07-17T14:15:35.654250" elapsed="0.000344"/>
</kw>
<kw name="Log" owner="BuiltIn">
<msg time="2024-07-17T14:15:35.655109" level="INFO">{'large': 'https://randomuser.me/api/portraits/men/4.jpg', 'medium': 'https://randomuser.me/api/portraits/med/men/4.jpg', 'thumbnail': 'https://randomuser.me/api/portraits/thumb/men/4.jpg'}</msg>
<arg>${json_data['results'][0]['picture']}</arg>
<doc>Logs the given message with the given level.</doc>
<status status="PASS" start="2024-07-17T14:15:35.654780" elapsed="0.000371"/>
</kw>
<status status="PASS" start="2024-07-17T14:15:35.343349" elapsed="0.312060"/>
</kw>
<kw name="Teste de Tipos de Dados - Postcode" owner="random-user-service">
<kw name="GET On Session" owner="RequestsLibrary">
<msg time="2024-07-17T14:15:36.288200" level="INFO">GET Request : url=https://randomuser.me/api 
 path_url=/api 
 headers={'User-Agent': 'python-requests/2.32.3', 'Accept-Encoding': 'gzip, deflate', 'Accept': '*/*', 'Connection': 'keep-alive'} 
 body=None 
 </msg>
<msg time="2024-07-17T14:15:36.288321" level="INFO">GET Response : url=https://randomuser.me/api 
 status=200, reason=OK 
 headers={'Date': 'Wed, 17 Jul 2024 14:15:36 GMT', 'Content-Type': 'application/json; charset=utf-8', 'Transfer-Encoding': 'chunked', 'Connection': 'keep-alive', 'X-Powered-By': 'Express', 'Access-Control-Allow-Origin': '*', 'Cache-Control': 'no-cache', 'ETag': 'W/"476-Ii0wZFcCJGjOKqnG8/bK5H4bGJM"', 'Vary': 'Accept-Encoding', 'Content-Encoding': 'gzip', 'CF-Cache-Status': 'DYNAMIC', 'Report-To': '{"endpoints":[{"url":"https:\\/\\/a.nel.cloudflare.com\\/report\\/v4?s=6F314aQ1g2bCypnBcEEL1pTUHLsEY7NyaN4HYtuUL%2BFZiU2tQN5Xbj9mbgGbMI%2BnVTtFjBnDUcEylTsAintHZ2Rh95i4WlF3EjdLs1p0lwuzxaiTU9FYAmpXlH8KOcMn"}],"group":"cf-nel","max_age":604800}', 'NEL': '{"success_fraction":0,"report_to":"cf-nel","max_age":604800}', 'Server': 'cloudflare', 'CF-RAY': '8a4ad84fef60ceaf-SJC', 'alt-svc': 'h3=":443"; ma=86400'} 
 body={"results":[{"gender":"female","name":{"title":"Ms","first":"Ida","last":"Leikvoll"},"location":{"street":{"number":3627,"name":"Bjerkelia"},"city":"Skånevik","state":"Buskerud","country":"Norway","postcode":"9508","coordinates":{"latitude":"44.2770","longitude":"15.5766"},"timezone":{"offset":"-11:00","description":"Midway Island, Samoa"}},"email":"ida.leikvoll@example.com","login":{"uuid":"67b051b2-c94f-4d64-8783-710d392e77b9","username":"brownladybug200","password":"leng","salt":"Jp92zqFC","md5":"3a2a01765891ce9bb040f23db32cf1e1","sha1":"0d90ac7fa3dc14a5258796282d73f3d23404e3e2","sha256":"691fab0c533c892678e6fabf8d0c0cec5076ac7769dbcbfc83def83321381822"},"dob":{"date":"1945-03-26T05:04:50.540Z","age":79},"registered":{"date":"2019-01-13T19:12:24.312Z","age":5},"phone":"61844755","cell":"43427668","id":{"name":"FN","value":"26034542006"},"picture":{"large":"https://randomuser.me/api/portraits/women/20.jpg","medium":"https://randomuser.me/api/portraits/med/women/20.jpg","thumbnail":"https://randomuser.me/api/portraits/thumb/women/20.jpg"},"nat":"NO"}],"info":{"seed":"60b8f5203325c21f","results":1,"page":1,"version":"1.4"}} 
 </msg>
<msg time="2024-07-17T14:15:36.288412" level="INFO">/opt/hostedtoolcache/Python/3.12.4/x64/lib/python3.12/site-packages/urllib3/connectionpool.py:1099: InsecureRequestWarning: Unverified HTTPS request is being made to host 'randomuser.me'. Adding certificate verification is strongly advised. See: https://urllib3.readthedocs.io/en/latest/advanced-usage.html#tls-warnings
  warnings.warn(</msg>
<msg time="2024-07-17T14:15:36.288554" level="INFO">${response} = &lt;Response [200]&gt;</msg>
<var>${response}</var>
<arg>consultarAPI</arg>
<arg>/api</arg>
<doc>Sends a GET request on a previously created HTTP Session.</doc>
<status status="PASS" start="2024-07-17T14:15:35.655861" elapsed="0.632745"/>
</kw>
<kw name="Set Variable" owner="BuiltIn">
<msg time="2024-07-17T14:15:36.289778" level="INFO">${json_data} = {'results': [{'gender': 'female', 'name': {'title': 'Ms', 'first': 'Ida', 'last': 'Leikvoll'}, 'location': {'street': {'number': 3627, 'name': 'Bjerkelia'}, 'city': 'Skånevik', 'state': 'Buskerud', 'c...</msg>
<var>${json_data}</var>
<arg>${response.json()}</arg>
<doc>Returns the given values which can then be assigned to a variables.</doc>
<status status="PASS" start="2024-07-17T14:15:36.289263" elapsed="0.000545"/>
</kw>
<kw name="Log" owner="BuiltIn">
<msg time="2024-07-17T14:15:36.290278" level="INFO">{'results': [{'gender': 'female', 'name': {'title': 'Ms', 'first': 'Ida', 'last': 'Leikvoll'}, 'location': {'street': {'number': 3627, 'name': 'Bjerkelia'}, 'city': 'Skånevik', 'state': 'Buskerud', 'country': 'Norway', 'postcode': '9508', 'coordinates': {'latitude': '44.2770', 'longitude': '15.5766'}, 'timezone': {'offset': '-11:00', 'description': 'Midway Island, Samoa'}}, 'email': 'ida.leikvoll@example.com', 'login': {'uuid': '67b051b2-c94f-4d64-8783-710d392e77b9', 'username': 'brownladybug200', 'password': 'leng', 'salt': 'Jp92zqFC', 'md5': '3a2a01765891ce9bb040f23db32cf1e1', 'sha1': '0d90ac7fa3dc14a5258796282d73f3d23404e3e2', 'sha256': '691fab0c533c892678e6fabf8d0c0cec5076ac7769dbcbfc83def83321381822'}, 'dob': {'date': '1945-03-26T05:04:50.540Z', 'age': 79}, 'registered': {'date': '2019-01-13T19:12:24.312Z', 'age': 5}, 'phone': '61844755', 'cell': '43427668', 'id': {'name': 'FN', 'value': '26034542006'}, 'picture': {'large': 'https://randomuser.me/api/portraits/women/20.jpg', 'medium': 'https://randomuser.me/api/portraits/med/women/20.jpg', 'thumbnail': 'https://randomuser.me/api/portraits/thumb/women/20.jpg'}, 'nat': 'NO'}], 'info': {'seed': '60b8f5203325c21f', 'results': 1, 'page': 1, 'version': '1.4'}}</msg>
<arg>${json_data}</arg>
<doc>Logs the given message with the given level.</doc>
<status status="PASS" start="2024-07-17T14:15:36.290116" elapsed="0.000213"/>
</kw>
<kw name="Should Be Equal As Numbers" owner="BuiltIn">
<arg>${json_data['results'][0]['location']['postcode']}</arg>
<arg>${json_data['results'][0]['location']['postcode']}</arg>
<doc>Fails if objects are unequal after converting them to real numbers.</doc>
<status status="PASS" start="2024-07-17T14:15:36.290625" elapsed="0.000621"/>
</kw>
<kw name="Log" owner="BuiltIn">
<msg time="2024-07-17T14:15:36.291774" level="INFO">9508</msg>
<arg>${json_data['results'][0]['location']['postcode']}</arg>
<doc>Logs the given message with the given level.</doc>
<status status="PASS" start="2024-07-17T14:15:36.291439" elapsed="0.000375"/>
</kw>
<status status="PASS" start="2024-07-17T14:15:35.655633" elapsed="0.636466"/>
</kw>
<doc>Testa se os tipos de dados na resposta da API estão corretos.</doc>
<tag>testeTiposDados</tag>
<status status="PASS" start="2024-07-17T14:15:35.342713" elapsed="0.949558"/>
</test>
<test id="s1-s1-t5" name="Validar conteudo" line="35">
<kw name="Teste de Tipos de Conteudo" owner="random-user-service">
<kw name="GET On Session" owner="RequestsLibrary">
<msg time="2024-07-17T14:15:36.390657" level="INFO">GET Request : url=https://randomuser.me/api 
 path_url=/api 
 headers={'User-Agent': 'python-requests/2.32.3', 'Accept-Encoding': 'gzip, deflate', 'Accept': '*/*', 'Connection': 'keep-alive'} 
 body=None 
 </msg>
<msg time="2024-07-17T14:15:36.390732" level="INFO">GET Response : url=https://randomuser.me/api 
 status=200, reason=OK 
 headers={'Date': 'Wed, 17 Jul 2024 14:15:36 GMT', 'Content-Type': 'application/json; charset=utf-8', 'Transfer-Encoding': 'chunked', 'Connection': 'keep-alive', 'X-Powered-By': 'Express', 'Access-Control-Allow-Origin': '*', 'Cache-Control': 'no-cache', 'ETag': 'W/"48c-kBRkk69pDjnh31GZi686SR5U1U4"', 'Vary': 'Accept-Encoding', 'Content-Encoding': 'gzip', 'CF-Cache-Status': 'DYNAMIC', 'Report-To': '{"endpoints":[{"url":"https:\\/\\/a.nel.cloudflare.com\\/report\\/v4?s=%2F7APlyK1i5XMRAKFJyrVJuZEKfXt%2B1Q6vTTDFH%2Bz7NrRxxvpxotE7QlayYWKmtX2CGjk3WbHQroTzA7saRpMMk65xikT1pZJeb6Pi7Bh33C0F0U9ViQqLRh07td1Uvjv"}],"group":"cf-nel","max_age":604800}', 'NEL': '{"success_fraction":0,"report_to":"cf-nel","max_age":604800}', 'Server': 'cloudflare', 'CF-RAY': '8a4ad853eab2ceaf-SJC', 'alt-svc': 'h3=":443"; ma=86400'} 
 body={"results":[{"gender":"female","name":{"title":"Mrs","first":"Glafira","last":"Lushchik"},"location":{"street":{"number":6741,"name":"8 Bereznya"},"city":"Boyarka","state":"Ternopilska","country":"Ukraine","postcode":27115,"coordinates":{"latitude":"75.2628","longitude":"86.6365"},"timezone":{"offset":"+4:00","description":"Abu Dhabi, Muscat, Baku, Tbilisi"}},"email":"glafira.lushchik@example.com","login":{"uuid":"3889a01c-30f1-4978-a47e-7f3fcf51627f","username":"tinyladybug948","password":"jedi","salt":"b9eLBGjs","md5":"fdc2cc8756aaaf4c874323bf02131ea1","sha1":"15f916b9b4142369b374dd7efd8fd1cb003f08aa","sha256":"562dd9ca328aa2ff0daaac66c25301e2c645378b9baf28ae34c6f4d6433c453d"},"dob":{"date":"1957-05-12T07:41:23.089Z","age":67},"registered":{"date":"2022-01-10T10:12:22.381Z","age":2},"phone":"(099) I14-1495","cell":"(099) K36-2512","id":{"name":"","value":null},"picture":{"large":"https://randomuser.me/api/portraits/women/76.jpg","medium":"https://randomuser.me/api/portraits/med/women/76.jpg","thumbnail":"https://randomuser.me/api/portraits/thumb/women/76.jpg"},"nat":"UA"}],"info":{"seed":"dad0da7511b33d9f","results":1,"page":1,"version":"1.4"}} 
 </msg>
<msg time="2024-07-17T14:15:36.390799" level="INFO">/opt/hostedtoolcache/Python/3.12.4/x64/lib/python3.12/site-packages/urllib3/connectionpool.py:1099: InsecureRequestWarning: Unverified HTTPS request is being made to host 'randomuser.me'. Adding certificate verification is strongly advised. See: https://urllib3.readthedocs.io/en/latest/advanced-usage.html#tls-warnings
  warnings.warn(</msg>
<msg time="2024-07-17T14:15:36.390888" level="INFO">${response} = &lt;Response [200]&gt;</msg>
<var>${response}</var>
<arg>consultarAPI</arg>
<arg>/api</arg>
<doc>Sends a GET request on a previously created HTTP Session.</doc>
<status status="PASS" start="2024-07-17T14:15:36.294906" elapsed="0.096006"/>
</kw>
<kw name="Set Variable" owner="BuiltIn">
<msg time="2024-07-17T14:15:36.391737" level="INFO">${json_data} = {'results': [{'gender': 'female', 'name': {'title': 'Mrs', 'first': 'Glafira', 'last': 'Lushchik'}, 'location': {'street': {'number': 6741, 'name': '8 Bereznya'}, 'city': 'Boyarka', 'state': 'Ternopil...</msg>
<var>${json_data}</var>
<arg>${response.json()}</arg>
<doc>Returns the given values which can then be assigned to a variables.</doc>
<status status="PASS" start="2024-07-17T14:15:36.391299" elapsed="0.000466"/>
</kw>
<kw name="Set Variable" owner="BuiltIn">
<msg time="2024-07-17T14:15:36.392435" level="INFO">${name_title} = Mrs</msg>
<var>${name_title}</var>
<arg>${json_data["results"][0]["name"]["title"]}</arg>
<doc>Returns the given values which can then be assigned to a variables.</doc>
<status status="PASS" start="2024-07-17T14:15:36.392062" elapsed="0.000399"/>
</kw>
<kw name="Create List" owner="BuiltIn">
<msg time="2024-07-17T14:15:36.392899" level="INFO">${allowed_titles} = ['Mr', 'Ms', 'Miss', 'Mrs', 'Madame', 'Monsieur']</msg>
<var>${allowed_titles}</var>
<arg>Mr</arg>
<arg>Ms</arg>
<arg>Miss</arg>
<arg>Mrs</arg>
<arg>Madame</arg>
<arg>Monsieur</arg>
<doc>Returns a list containing given items.</doc>
<status status="PASS" start="2024-07-17T14:15:36.392754" elapsed="0.000169"/>
</kw>
<kw name="List Should Contain Value" owner="Collections">
<arg>${allowed_titles}</arg>
<arg>${name_title}</arg>
<doc>Fails if the ``value`` is not found from ``list``.</doc>
<status status="PASS" start="2024-07-17T14:15:36.393256" elapsed="0.000190"/>
</kw>
<kw name="Set Variable" owner="BuiltIn">
<msg time="2024-07-17T14:15:36.393983" level="INFO">${name_country} = UA</msg>
<var>${name_country}</var>
<arg>${json_data["results"][0]["nat"]}</arg>
<doc>Returns the given values which can then be assigned to a variables.</doc>
<status status="PASS" start="2024-07-17T14:15:36.393623" elapsed="0.000385"/>
</kw>
<kw name="Create List" owner="BuiltIn">
<msg time="2024-07-17T14:15:36.394902" level="INFO">${list_country} = ['AD', 'AE', 'AF', 'AG', 'AI', 'AL', 'AM', 'AO', 'AQ', 'AR', 'AS', 'AT', 'AU', 'AW', 'AX', 'AZ', 'BA', 'BB', 'BD', 'BE', 'BF', 'BG', 'BH', 'BI', 'BJ', 'BL', 'BM', 'BN', 'BO', 'BQ', 'BR', 'BS', 'BT', '...</msg>
<var>${list_country}</var>
<arg>AD</arg>
<arg>AE</arg>
<arg>AF</arg>
<arg>AG</arg>
<arg>AI</arg>
<arg>AL</arg>
<arg>AM</arg>
<arg>AO</arg>
<arg>AQ</arg>
<arg>AR</arg>
<arg>AS</arg>
<arg>AT</arg>
<arg>AU</arg>
<arg>AW</arg>
<arg>AX</arg>
<arg>AZ</arg>
<arg>BA</arg>
<arg>BB</arg>
<arg>BD</arg>
<arg>BE</arg>
<arg>BF</arg>
<arg>BG</arg>
<arg>BH</arg>
<arg>BI</arg>
<arg>BJ</arg>
<arg>BL</arg>
<arg>BM</arg>
<arg>BN</arg>
<arg>BO</arg>
<arg>BQ</arg>
<arg>BR</arg>
<arg>BS</arg>
<arg>BT</arg>
<arg>BV</arg>
<arg>BW</arg>
<arg>BY</arg>
<arg>BZ</arg>
<arg>CA</arg>
<arg>CC</arg>
<arg>CD</arg>
<arg>CF</arg>
<arg>CG</arg>
<arg>CH</arg>
<arg>CI</arg>
<arg>CK</arg>
<arg>CL</arg>
<arg>CM</arg>
<arg>CN</arg>
<arg>CO</arg>
<arg>CR</arg>
<arg>CU</arg>
<arg>CV</arg>
<arg>CW</arg>
<arg>CX</arg>
<arg>CY</arg>
<arg>CZ</arg>
<arg>DE</arg>
<arg>DJ</arg>
<arg>DK</arg>
<arg>DM</arg>
<arg>DO</arg>
<arg>DZ</arg>
<arg>EC</arg>
<arg>EE</arg>
<arg>EG</arg>
<arg>EH</arg>
<arg>ER</arg>
<arg>ES</arg>
<arg>ET</arg>
<arg>FI</arg>
<arg>FJ</arg>
<arg>FK</arg>
<arg>FM</arg>
<arg>FO</arg>
<arg>FR</arg>
<arg>GA</arg>
<arg>GB</arg>
<arg>GD</arg>
<arg>GE</arg>
<arg>GF</arg>
<arg>GG</arg>
<arg>GH</arg>
<arg>GI</arg>
<arg>GL</arg>
<arg>GM</arg>
<arg>GN</arg>
<arg>GP</arg>
<arg>GQ</arg>
<arg>GR</arg>
<arg>GS</arg>
<arg>GT</arg>
<arg>GU</arg>
<arg>GW</arg>
<arg>GY</arg>
<arg>HK</arg>
<arg>HM</arg>
<arg>HN</arg>
<arg>HR</arg>
<arg>HT</arg>
<arg>HU</arg>
<arg>ID</arg>
<arg>IE</arg>
<arg>IL</arg>
<arg>IM</arg>
<arg>IN</arg>
<arg>IO</arg>
<arg>IQ</arg>
<arg>IR</arg>
<arg>IS</arg>
<arg>IT</arg>
<arg>JE</arg>
<arg>JM</arg>
<arg>JO</arg>
<arg>JP</arg>
<arg>KE</arg>
<arg>KG</arg>
<arg>KH</arg>
<arg>KI</arg>
<arg>KM</arg>
<arg>KN</arg>
<arg>KP</arg>
<arg>KR</arg>
<arg>KW</arg>
<arg>KY</arg>
<arg>KZ</arg>
<arg>LA</arg>
<arg>LB</arg>
<arg>LC</arg>
<arg>LI</arg>
<arg>LK</arg>
<arg>LR</arg>
<arg>LS</arg>
<arg>LT</arg>
<arg>LU</arg>
<arg>LV</arg>
<arg>LY</arg>
<arg>MA</arg>
<arg>MC</arg>
<arg>MD</arg>
<arg>ME</arg>
<arg>MF</arg>
<arg>MG</arg>
<arg>MH</arg>
<arg>MK</arg>
<arg>ML</arg>
<arg>MM</arg>
<arg>MN</arg>
<arg>MO</arg>
<arg>MP</arg>
<arg>MQ</arg>
<arg>MR</arg>
<arg>MS</arg>
<arg>MT</arg>
<arg>MU</arg>
<arg>MV</arg>
<arg>MW</arg>
<arg>MX</arg>
<arg>MY</arg>
<arg>MZ</arg>
<arg>NA</arg>
<arg>NC</arg>
<arg>NE</arg>
<arg>NF</arg>
<arg>NG</arg>
<arg>NI</arg>
<arg>NL</arg>
<arg>NO</arg>
<arg>NP</arg>
<arg>NR</arg>
<arg>NU</arg>
<arg>NZ</arg>
<arg>OM</arg>
<arg>PA</arg>
<arg>PE</arg>
<arg>PF</arg>
<arg>PG</arg>
<arg>PH</arg>
<arg>PK</arg>
<arg>PL</arg>
<arg>PM</arg>
<arg>PN</arg>
<arg>PR</arg>
<arg>PS</arg>
<arg>PT</arg>
<arg>PW</arg>
<arg>PY</arg>
<arg>QA</arg>
<arg>RE</arg>
<arg>RO</arg>
<arg>RS</arg>
<arg>RU</arg>
<arg>RW</arg>
<arg>SA</arg>
<arg>SB</arg>
<arg>SC</arg>
<arg>SD</arg>
<arg>SE</arg>
<arg>SG</arg>
<arg>SH</arg>
<arg>SI</arg>
<arg>SJ</arg>
<arg>SK</arg>
<arg>SL</arg>
<arg>SM</arg>
<arg>SN</arg>
<arg>SO</arg>
<arg>SR</arg>
<arg>SS</arg>
<arg>ST</arg>
<arg>SV</arg>
<arg>SX</arg>
<arg>SY</arg>
<arg>SZ</arg>
<arg>TC</arg>
<arg>TD</arg>
<arg>TF</arg>
<arg>TG</arg>
<arg>TH</arg>
<arg>TJ</arg>
<arg>TK</arg>
<arg>TL</arg>
<arg>TM</arg>
<arg>TN</arg>
<arg>TO</arg>
<arg>TR</arg>
<arg>TT</arg>
<arg>TV</arg>
<arg>TW</arg>
<arg>TZ</arg>
<arg>UA</arg>
<arg>UG</arg>
<arg>UM</arg>
<arg>US</arg>
<arg>UY</arg>
<arg>UZ</arg>
<arg>VA</arg>
<arg>VC</arg>
<arg>VE</arg>
<arg>VG</arg>
<arg>VI</arg>
<arg>VN</arg>
<arg>VU</arg>
<arg>WF</arg>
<arg>WS</arg>
<arg>XK</arg>
<arg>YE</arg>
<arg>YT</arg>
<arg>ZA</arg>
<arg>ZM</arg>
<arg>ZW</arg>
<doc>Returns a list containing given items.</doc>
<status status="PASS" start="2024-07-17T14:15:36.394307" elapsed="0.000620"/>
</kw>
<kw name="List Should Contain Value" owner="Collections">
<arg>${list_country}</arg>
<arg>${name_country}</arg>
<doc>Fails if the ``value`` is not found from ``list``.</doc>
<status status="PASS" start="2024-07-17T14:15:36.395715" elapsed="0.000202"/>
</kw>
<kw name="Run Keyword If" owner="BuiltIn">
<kw name="Should Be True" owner="BuiltIn">
<arg>${True}</arg>
<doc>Fails if the given condition is not true.</doc>
<status status="PASS" start="2024-07-17T14:15:36.396846" elapsed="0.000140"/>
</kw>
<arg>${json_data["results"][0]["location"]["coordinates"]["latitude"]} &gt;= -90 and ${json_data["results"][0]["location"]["coordinates"]["latitude"]} &lt;= 90</arg>
<arg>Should Be True</arg>
<arg>${True}</arg>
<doc>Runs the given keyword with the given arguments, if ``condition`` is true.</doc>
<status status="PASS" start="2024-07-17T14:15:36.396112" elapsed="0.000998"/>
</kw>
<kw name="Run Keyword If" owner="BuiltIn">
<kw name="Should Be True" owner="BuiltIn">
<arg>${True}</arg>
<doc>Fails if the given condition is not true.</doc>
<status status="PASS" start="2024-07-17T14:15:36.398015" elapsed="0.000136"/>
</kw>
<arg>${json_data["results"][0]["location"]["coordinates"]["longitude"]} &gt;= -180 and ${json_data["results"][0]["location"]["coordinates"]["longitude"]} &lt;= 180</arg>
<arg>Should Be True</arg>
<arg>${True}</arg>
<doc>Runs the given keyword with the given arguments, if ``condition`` is true.</doc>
<status status="PASS" start="2024-07-17T14:15:36.397327" elapsed="0.000947"/>
</kw>
<status status="PASS" start="2024-07-17T14:15:36.294516" elapsed="0.103888"/>
</kw>
<doc>Testa o conteúdo específico dos campos retornados pela API.</doc>
<tag>testeConteudo</tag>
<status status="PASS" start="2024-07-17T14:15:36.294058" elapsed="0.104488"/>
</test>
<status status="PASS" start="2024-07-17T14:15:34.493883" elapsed="1.906576"/>
</suite>
<status status="PASS" start="2024-07-17T14:15:34.479539" elapsed="1.926077"/>
</suite>
<statistics>
<total>
<stat pass="5" fail="0" skip="0">All Tests</stat>
</total>
<tag>
<stat pass="1" fail="0" skip="0">testeConteudo</stat>
<stat pass="1" fail="0" skip="0">testeEstruturaResposta</stat>
<stat pass="1" fail="0" skip="0">testeRequisicaoBasica</stat>
<stat pass="1" fail="0" skip="0">testeTiposDados</stat>
</tag>
<suite>
<stat pass="5" fail="0" skip="0" id="s1" name="Tests">Tests</stat>
<stat pass="5" fail="0" skip="0" id="s1-s1" name="Random-User-Test">Tests.Random-User-Test</stat>
</suite>
</statistics>
<errors>
</errors>
</robot>
