<?xml version="1.0" encoding="UTF-8"?>
<robot generator="Robot 7.0 (Python 3.12.2 on linux)" generated="2024-03-28T03:14:14.086165" rpa="false" schemaversion="5">
<suite id="s1" name="Tests" source="/home/runner/work/DesafioQAItauRogerioJordao/DesafioQAItauRogerioJordao/RamdonUser/tests">
<suite id="s1-s1" name="Random-User-Test" source="/home/runner/work/DesafioQAItauRogerioJordao/DesafioQAItauRogerioJordao/RamdonUser/tests/random-user-test.robot">
<test id="s1-s1-t1" name="Conectar" line="13">
<kw name="Conectar API" owner="random-user-service">
<kw name="Create Session" owner="RequestsLibrary">
<msg time="2024-03-28T03:14:14.452399" level="INFO">Creating Session using : alias=consultarAPI, url=https://randomuser.me/, headers={},                     cookies={}, auth=None, timeout=None, proxies=None, verify=False,                     debug=0 </msg>
<arg>consultarAPI</arg>
<arg>${URL}</arg>
<doc>Create Session: create a HTTP session to a server</doc>
<status status="PASS" start="2024-03-28T03:14:14.452187" elapsed="0.000415"/>
</kw>
<status status="PASS" start="2024-03-28T03:14:14.451090" elapsed="0.001895"/>
</kw>
<status status="PASS" start="2024-03-28T03:14:14.450409" elapsed="0.002782"/>
</test>
<test id="s1-s1-t2" name="Validar retorno 200 e JSON Válido" line="16">
<kw name="Teste de Requisicao Basica" owner="random-user-service">
<kw name="GET On Session" owner="RequestsLibrary">
<msg time="2024-03-28T03:14:14.672577" level="INFO">GET Request : url=https://randomuser.me/api 
 path_url=/api 
 headers={'User-Agent': 'python-requests/2.31.0', 'Accept-Encoding': 'gzip, deflate', 'Accept': '*/*', 'Connection': 'keep-alive'} 
 body=None 
 </msg>
<msg time="2024-03-28T03:14:14.672760" level="INFO">GET Response : url=https://randomuser.me/api 
 status=200, reason=OK 
 headers={'Date': 'Thu, 28 Mar 2024 03:14:14 GMT', 'Content-Type': 'application/json; charset=utf-8', 'Transfer-Encoding': 'chunked', 'Connection': 'keep-alive', 'X-Powered-By': 'Express', 'Access-Control-Allow-Origin': '*', 'Cache-Control': 'no-cache', 'ETag': 'W/"4aa-9/lsuijJZqY+M7RXBidSuCGBprc"', 'Vary': 'Accept-Encoding', 'Content-Encoding': 'gzip', 'CF-Cache-Status': 'DYNAMIC', 'Report-To': '{"endpoints":[{"url":"https:\\/\\/a.nel.cloudflare.com\\/report\\/v4?s=URP6FXRsBBFqMwFlnjfbWAvoJRfSnVaOeWpvlSa0k4aQMxPrUhxYIb4qOCREzNltv1FJbkQ%2BZ6Q8co889Tl%2BuT33iGiDKyGkoF9%2B7SRHWBMoBuu9wOlD6RpEuniQ7VlW"}],"group":"cf-nel","max_age":604800}', 'NEL': '{"success_fraction":0,"report_to":"cf-nel","max_age":604800}', 'Server': 'cloudflare', 'CF-RAY': '86b472e938c967ab-SJC', 'alt-svc': 'h3=":443"; ma=86400'} 
 body={"results":[{"gender":"female","name":{"title":"Ms","first":"Lícia","last":"Moraes"},"location":{"street":{"number":3786,"name":"Rua Dezenove de Outubro"},"city":"Cotia","state":"Sergipe","country":"Brazil","postcode":25711,"coordinates":{"latitude":"-78.9240","longitude":"163.7612"},"timezone":{"offset":"0:00","description":"Western Europe Time, London, Lisbon, Casablanca"}},"email":"licia.moraes@example.com","login":{"uuid":"99c7634e-2fc7-4290-b32c-e71f9da359bf","username":"smalltiger524","password":"bunker","salt":"9YCkMdBm","md5":"3b10d02bb8dfb1ff3018f14ea08c8cc1","sha1":"622ea33db6c8274093136efab19175085961340c","sha256":"b9093ea6a1d3068cfc0aae5e34a8eaeba9cb1446e3d30548e2f9f4d2d32c06b4"},"dob":{"date":"1948-09-02T02:18:13.830Z","age":75},"registered":{"date":"2021-11-06T12:04:28.910Z","age":2},"phone":"(86) 1366-9424","cell":"(10) 8017-6613","id":{"name":"CPF","value":"040.869.083-86"},"picture":{"large":"https://randomuser.me/api/portraits/women/54.jpg","medium":"https://randomuser.me/api/portraits/med/women/54.jpg","thumbnail":"https://randomuser.me/api/portraits/thumb/women/54.jpg"},"nat":"BR"}],"info":{"seed":"9738e860ef35d7db","results":1,"page":1,"version":"1.4"}} 
 </msg>
<msg time="2024-03-28T03:14:14.672881" level="INFO">/opt/hostedtoolcache/Python/3.12.2/x64/lib/python3.12/site-packages/urllib3/connectionpool.py:1103: InsecureRequestWarning: Unverified HTTPS request is being made to host 'randomuser.me'. Adding certificate verification is strongly advised. See: https://urllib3.readthedocs.io/en/latest/advanced-usage.html#tls-warnings
  warnings.warn(</msg>
<msg time="2024-03-28T03:14:14.673036" level="INFO">${response} = &lt;Response [200]&gt;</msg>
<var>${response}</var>
<arg>consultarAPI</arg>
<arg>/api</arg>
<doc>Sends a GET request on a previously created HTTP Session.</doc>
<status status="PASS" start="2024-03-28T03:14:14.455894" elapsed="0.217185"/>
</kw>
<kw name="Should Be Equal As Numbers" owner="BuiltIn">
<msg time="2024-03-28T03:14:14.674247" level="INFO">Argument types are:
&lt;class 'int'&gt;
&lt;class 'str'&gt;</msg>
<arg>${response.status_code}</arg>
<arg>200</arg>
<doc>Fails if objects are unequal after converting them to real numbers.</doc>
<status status="PASS" start="2024-03-28T03:14:14.673754" elapsed="0.000567"/>
</kw>
<kw name="Log" owner="BuiltIn">
<msg time="2024-03-28T03:14:14.675045" level="INFO">200</msg>
<arg>${response.status_code}</arg>
<doc>Logs the given message with the given level.</doc>
<status status="PASS" start="2024-03-28T03:14:14.674680" elapsed="0.000409"/>
</kw>
<kw name="Set Variable" owner="BuiltIn">
<msg time="2024-03-28T03:14:14.675871" level="INFO">${json_data} = {'results': [{'gender': 'female', 'name': {'title': 'Ms', 'first': 'Lícia', 'last': 'Moraes'}, 'location': {'street': {'number': 3786, 'name': 'Rua Dezenove de Outubro'}, 'city': 'Cotia', 'state': 'Se...</msg>
<var>${json_data}</var>
<arg>${response.json()}</arg>
<doc>Returns the given values which can then be assigned to a variables.</doc>
<status status="PASS" start="2024-03-28T03:14:14.675419" elapsed="0.000482"/>
</kw>
<kw name="Dictionary Should Contain Key" owner="Collections">
<msg time="2024-03-28T03:14:14.676375" level="INFO">False</msg>
<arg>${json_data}</arg>
<arg>results</arg>
<doc>Fails if ``key`` is not found from ``dictionary``.</doc>
<status status="PASS" start="2024-03-28T03:14:14.676206" elapsed="0.000209"/>
</kw>
<status status="PASS" start="2024-03-28T03:14:14.455640" elapsed="0.221036"/>
</kw>
<doc>Testa se a API responde corretamente e retorna um objeto JSON válido.</doc>
<tag>testeRequisicaoBasica</tag>
<status status="PASS" start="2024-03-28T03:14:14.455111" elapsed="0.221758"/>
</test>
<test id="s1-s1-t3" name="Validar estrutura de resposta" line="22">
<kw name="Teste de Estrutura de Resposta" owner="random-user-service">
<kw name="GET On Session" owner="RequestsLibrary">
<msg time="2024-03-28T03:14:14.770966" level="INFO">GET Request : url=https://randomuser.me/api 
 path_url=/api 
 headers={'User-Agent': 'python-requests/2.31.0', 'Accept-Encoding': 'gzip, deflate', 'Accept': '*/*', 'Connection': 'keep-alive'} 
 body=None 
 </msg>
<msg time="2024-03-28T03:14:14.771048" level="INFO">GET Response : url=https://randomuser.me/api 
 status=200, reason=OK 
 headers={'Date': 'Thu, 28 Mar 2024 03:14:14 GMT', 'Content-Type': 'application/json; charset=utf-8', 'Transfer-Encoding': 'chunked', 'Connection': 'keep-alive', 'X-Powered-By': 'Express', 'Access-Control-Allow-Origin': '*', 'Cache-Control': 'no-cache', 'ETag': 'W/"48a-EbUZVV+Yhaph87GtQGCTjNnmCiA"', 'Vary': 'Accept-Encoding', 'Content-Encoding': 'gzip', 'CF-Cache-Status': 'DYNAMIC', 'Report-To': '{"endpoints":[{"url":"https:\\/\\/a.nel.cloudflare.com\\/report\\/v4?s=npSk99i3Ui0E7m8QXvHransT%2BqtnBD3urJ%2BsM0bX0TaUuJUyN4L06QbFIhu%2Fwu5AGsFBRLO%2FaLeXPf25gtLwuRGE1bRlYGRymJ8QtDnB742JeGtmeFtng%2F3bulhzOoHS"}],"group":"cf-nel","max_age":604800}', 'NEL': '{"success_fraction":0,"report_to":"cf-nel","max_age":604800}', 'Server': 'cloudflare', 'CF-RAY': '86b472e9c95167ab-SJC', 'alt-svc': 'h3=":443"; ma=86400'} 
 body={"results":[{"gender":"female","name":{"title":"Miss","first":"Johanne","last":"Jørgensen"},"location":{"street":{"number":6346,"name":"Vinkelvej"},"city":"Noerre Alslev","state":"Sjælland","country":"Denmark","postcode":54000,"coordinates":{"latitude":"-43.7356","longitude":"113.3925"},"timezone":{"offset":"-11:00","description":"Midway Island, Samoa"}},"email":"johanne.jorgensen@example.com","login":{"uuid":"6410af8c-7c1d-4383-9174-44bce461ce66","username":"crazyfish334","password":"hotone","salt":"XfYmIouf","md5":"5dc64ad4882e661e35f3c8a967912348","sha1":"c818567557c586bd7fe10fb000ef3482f2679d99","sha256":"e1bfc317008e96b81d4dd5f50e9243dc554d5e4b65e31e5a4cd8afc5f2be54f2"},"dob":{"date":"1985-07-13T12:35:07.433Z","age":38},"registered":{"date":"2017-09-06T12:38:19.334Z","age":6},"phone":"23179431","cell":"95105668","id":{"name":"CPR","value":"130785-5939"},"picture":{"large":"https://randomuser.me/api/portraits/women/90.jpg","medium":"https://randomuser.me/api/portraits/med/women/90.jpg","thumbnail":"https://randomuser.me/api/portraits/thumb/women/90.jpg"},"nat":"DK"}],"info":{"seed":"917a179d266e3aec","results":1,"page":1,"version":"1.4"}} 
 </msg>
<msg time="2024-03-28T03:14:14.771167" level="INFO">/opt/hostedtoolcache/Python/3.12.2/x64/lib/python3.12/site-packages/urllib3/connectionpool.py:1103: InsecureRequestWarning: Unverified HTTPS request is being made to host 'randomuser.me'. Adding certificate verification is strongly advised. See: https://urllib3.readthedocs.io/en/latest/advanced-usage.html#tls-warnings
  warnings.warn(</msg>
<msg time="2024-03-28T03:14:14.771277" level="INFO">${response} = &lt;Response [200]&gt;</msg>
<var>${response}</var>
<arg>consultarAPI</arg>
<arg>/api</arg>
<doc>Sends a GET request on a previously created HTTP Session.</doc>
<status status="PASS" start="2024-03-28T03:14:14.679739" elapsed="0.091581"/>
</kw>
<kw name="Set Variable" owner="BuiltIn">
<msg time="2024-03-28T03:14:14.772429" level="INFO">${json_data} = {'results': [{'gender': 'female', 'name': {'title': 'Miss', 'first': 'Johanne', 'last': 'Jørgensen'}, 'location': {'street': {'number': 6346, 'name': 'Vinkelvej'}, 'city': 'Noerre Alslev', 'state': 'S...</msg>
<var>${json_data}</var>
<arg>${response.json()}</arg>
<doc>Returns the given values which can then be assigned to a variables.</doc>
<status status="PASS" start="2024-03-28T03:14:14.771841" elapsed="0.000619"/>
</kw>
<kw name="Log" owner="BuiltIn">
<msg time="2024-03-28T03:14:14.772944" level="INFO">{'results': [{'gender': 'female', 'name': {'title': 'Miss', 'first': 'Johanne', 'last': 'Jørgensen'}, 'location': {'street': {'number': 6346, 'name': 'Vinkelvej'}, 'city': 'Noerre Alslev', 'state': 'Sjælland', 'country': 'Denmark', 'postcode': 54000, 'coordinates': {'latitude': '-43.7356', 'longitude': '113.3925'}, 'timezone': {'offset': '-11:00', 'description': 'Midway Island, Samoa'}}, 'email': 'johanne.jorgensen@example.com', 'login': {'uuid': '6410af8c-7c1d-4383-9174-44bce461ce66', 'username': 'crazyfish334', 'password': 'hotone', 'salt': 'XfYmIouf', 'md5': '5dc64ad4882e661e35f3c8a967912348', 'sha1': 'c818567557c586bd7fe10fb000ef3482f2679d99', 'sha256': 'e1bfc317008e96b81d4dd5f50e9243dc554d5e4b65e31e5a4cd8afc5f2be54f2'}, 'dob': {'date': '1985-07-13T12:35:07.433Z', 'age': 38}, 'registered': {'date': '2017-09-06T12:38:19.334Z', 'age': 6}, 'phone': '23179431', 'cell': '95105668', 'id': {'name': 'CPR', 'value': '130785-5939'}, 'picture': {'large': 'https://randomuser.me/api/portraits/women/90.jpg', 'medium': 'https://randomuser.me/api/portraits/med/women/90.jpg', 'thumbnail': 'https://randomuser.me/api/portraits/thumb/women/90.jpg'}, 'nat': 'DK'}], 'info': {'seed': '917a179d266e3aec', 'results': 1, 'page': 1, 'version': '1.4'}}</msg>
<arg>${json_data}</arg>
<doc>Logs the given message with the given level.</doc>
<status status="PASS" start="2024-03-28T03:14:14.772778" elapsed="0.000218"/>
</kw>
<kw name="Dictionary Should Contain Key" owner="Collections">
<msg time="2024-03-28T03:14:14.773459" level="INFO">False</msg>
<arg>${json_data}</arg>
<arg>results</arg>
<doc>Fails if ``key`` is not found from ``dictionary``.</doc>
<status status="PASS" start="2024-03-28T03:14:14.773301" elapsed="0.000196"/>
</kw>
<kw name="Should Not Be Empty" owner="BuiltIn">
<msg time="2024-03-28T03:14:14.773935" level="INFO">Length is 2.</msg>
<arg>${json_data}</arg>
<doc>Verifies that the given item is not empty.</doc>
<status status="PASS" start="2024-03-28T03:14:14.773798" elapsed="0.000176"/>
</kw>
<kw name="Create List" owner="BuiltIn">
<msg time="2024-03-28T03:14:14.774429" level="INFO">${expected_keys} = ['gender', 'name', 'location', 'email', 'login']</msg>
<var>${expected_keys}</var>
<arg>gender</arg>
<arg>name</arg>
<arg>location</arg>
<arg>email</arg>
<arg>login</arg>
<doc>Returns a list containing given items.</doc>
<status status="PASS" start="2024-03-28T03:14:14.774273" elapsed="0.000212"/>
</kw>
<for flavor="IN">
<iter>
<kw name="Dictionary Should Contain Key" owner="Collections">
<msg time="2024-03-28T03:14:14.775641" level="INFO">False</msg>
<arg>${json_data['results'][0]}</arg>
<arg>${key}</arg>
<doc>Fails if ``key`` is not found from ``dictionary``.</doc>
<status status="PASS" start="2024-03-28T03:14:14.775080" elapsed="0.000622"/>
</kw>
<kw name="Log" owner="BuiltIn">
<msg time="2024-03-28T03:14:14.776447" level="INFO">{'gender': 'female', 'name': {'title': 'Miss', 'first': 'Johanne', 'last': 'Jørgensen'}, 'location': {'street': {'number': 6346, 'name': 'Vinkelvej'}, 'city': 'Noerre Alslev', 'state': 'Sjælland', 'country': 'Denmark', 'postcode': 54000, 'coordinates': {'latitude': '-43.7356', 'longitude': '113.3925'}, 'timezone': {'offset': '-11:00', 'description': 'Midway Island, Samoa'}}, 'email': 'johanne.jorgensen@example.com', 'login': {'uuid': '6410af8c-7c1d-4383-9174-44bce461ce66', 'username': 'crazyfish334', 'password': 'hotone', 'salt': 'XfYmIouf', 'md5': '5dc64ad4882e661e35f3c8a967912348', 'sha1': 'c818567557c586bd7fe10fb000ef3482f2679d99', 'sha256': 'e1bfc317008e96b81d4dd5f50e9243dc554d5e4b65e31e5a4cd8afc5f2be54f2'}, 'dob': {'date': '1985-07-13T12:35:07.433Z', 'age': 38}, 'registered': {'date': '2017-09-06T12:38:19.334Z', 'age': 6}, 'phone': '23179431', 'cell': '95105668', 'id': {'name': 'CPR', 'value': '130785-5939'}, 'picture': {'large': 'https://randomuser.me/api/portraits/women/90.jpg', 'medium': 'https://randomuser.me/api/portraits/med/women/90.jpg', 'thumbnail': 'https://randomuser.me/api/portraits/thumb/women/90.jpg'}, 'nat': 'DK'}</msg>
<arg>${json_data['results'][0]}</arg>
<doc>Logs the given message with the given level.</doc>
<status status="PASS" start="2024-03-28T03:14:14.776064" elapsed="0.000439"/>
</kw>
<kw name="Log" owner="BuiltIn">
<msg time="2024-03-28T03:14:14.776946" level="INFO">gender</msg>
<arg>${key}</arg>
<doc>Logs the given message with the given level.</doc>
<status status="PASS" start="2024-03-28T03:14:14.776812" elapsed="0.000173"/>
</kw>
<var name="${key}">gender</var>
<status status="PASS" start="2024-03-28T03:14:14.774954" elapsed="0.002257"/>
</iter>
<iter>
<kw name="Dictionary Should Contain Key" owner="Collections">
<msg time="2024-03-28T03:14:14.777918" level="INFO">False</msg>
<arg>${json_data['results'][0]}</arg>
<arg>${key}</arg>
<doc>Fails if ``key`` is not found from ``dictionary``.</doc>
<status status="PASS" start="2024-03-28T03:14:14.777520" elapsed="0.000437"/>
</kw>
<kw name="Log" owner="BuiltIn">
<msg time="2024-03-28T03:14:14.778693" level="INFO">{'gender': 'female', 'name': {'title': 'Miss', 'first': 'Johanne', 'last': 'Jørgensen'}, 'location': {'street': {'number': 6346, 'name': 'Vinkelvej'}, 'city': 'Noerre Alslev', 'state': 'Sjælland', 'country': 'Denmark', 'postcode': 54000, 'coordinates': {'latitude': '-43.7356', 'longitude': '113.3925'}, 'timezone': {'offset': '-11:00', 'description': 'Midway Island, Samoa'}}, 'email': 'johanne.jorgensen@example.com', 'login': {'uuid': '6410af8c-7c1d-4383-9174-44bce461ce66', 'username': 'crazyfish334', 'password': 'hotone', 'salt': 'XfYmIouf', 'md5': '5dc64ad4882e661e35f3c8a967912348', 'sha1': 'c818567557c586bd7fe10fb000ef3482f2679d99', 'sha256': 'e1bfc317008e96b81d4dd5f50e9243dc554d5e4b65e31e5a4cd8afc5f2be54f2'}, 'dob': {'date': '1985-07-13T12:35:07.433Z', 'age': 38}, 'registered': {'date': '2017-09-06T12:38:19.334Z', 'age': 6}, 'phone': '23179431', 'cell': '95105668', 'id': {'name': 'CPR', 'value': '130785-5939'}, 'picture': {'large': 'https://randomuser.me/api/portraits/women/90.jpg', 'medium': 'https://randomuser.me/api/portraits/med/women/90.jpg', 'thumbnail': 'https://randomuser.me/api/portraits/thumb/women/90.jpg'}, 'nat': 'DK'}</msg>
<arg>${json_data['results'][0]}</arg>
<doc>Logs the given message with the given level.</doc>
<status status="PASS" start="2024-03-28T03:14:14.778288" elapsed="0.000455"/>
</kw>
<kw name="Log" owner="BuiltIn">
<msg time="2024-03-28T03:14:14.779182" level="INFO">name</msg>
<arg>${key}</arg>
<doc>Logs the given message with the given level.</doc>
<status status="PASS" start="2024-03-28T03:14:14.779051" elapsed="0.000169"/>
</kw>
<var name="${key}">name</var>
<status status="PASS" start="2024-03-28T03:14:14.777404" elapsed="0.002041"/>
</iter>
<iter>
<kw name="Dictionary Should Contain Key" owner="Collections">
<msg time="2024-03-28T03:14:14.780122" level="INFO">False</msg>
<arg>${json_data['results'][0]}</arg>
<arg>${key}</arg>
<doc>Fails if ``key`` is not found from ``dictionary``.</doc>
<status status="PASS" start="2024-03-28T03:14:14.779742" elapsed="0.000417"/>
</kw>
<kw name="Log" owner="BuiltIn">
<msg time="2024-03-28T03:14:14.780841" level="INFO">{'gender': 'female', 'name': {'title': 'Miss', 'first': 'Johanne', 'last': 'Jørgensen'}, 'location': {'street': {'number': 6346, 'name': 'Vinkelvej'}, 'city': 'Noerre Alslev', 'state': 'Sjælland', 'country': 'Denmark', 'postcode': 54000, 'coordinates': {'latitude': '-43.7356', 'longitude': '113.3925'}, 'timezone': {'offset': '-11:00', 'description': 'Midway Island, Samoa'}}, 'email': 'johanne.jorgensen@example.com', 'login': {'uuid': '6410af8c-7c1d-4383-9174-44bce461ce66', 'username': 'crazyfish334', 'password': 'hotone', 'salt': 'XfYmIouf', 'md5': '5dc64ad4882e661e35f3c8a967912348', 'sha1': 'c818567557c586bd7fe10fb000ef3482f2679d99', 'sha256': 'e1bfc317008e96b81d4dd5f50e9243dc554d5e4b65e31e5a4cd8afc5f2be54f2'}, 'dob': {'date': '1985-07-13T12:35:07.433Z', 'age': 38}, 'registered': {'date': '2017-09-06T12:38:19.334Z', 'age': 6}, 'phone': '23179431', 'cell': '95105668', 'id': {'name': 'CPR', 'value': '130785-5939'}, 'picture': {'large': 'https://randomuser.me/api/portraits/women/90.jpg', 'medium': 'https://randomuser.me/api/portraits/med/women/90.jpg', 'thumbnail': 'https://randomuser.me/api/portraits/thumb/women/90.jpg'}, 'nat': 'DK'}</msg>
<arg>${json_data['results'][0]}</arg>
<doc>Logs the given message with the given level.</doc>
<status status="PASS" start="2024-03-28T03:14:14.780462" elapsed="0.000433"/>
</kw>
<kw name="Log" owner="BuiltIn">
<msg time="2024-03-28T03:14:14.781325" level="INFO">location</msg>
<arg>${key}</arg>
<doc>Logs the given message with the given level.</doc>
<status status="PASS" start="2024-03-28T03:14:14.781196" elapsed="0.000167"/>
</kw>
<var name="${key}">location</var>
<status status="PASS" start="2024-03-28T03:14:14.779628" elapsed="0.001952"/>
</iter>
<iter>
<kw name="Dictionary Should Contain Key" owner="Collections">
<msg time="2024-03-28T03:14:14.782258" level="INFO">False</msg>
<arg>${json_data['results'][0]}</arg>
<arg>${key}</arg>
<doc>Fails if ``key`` is not found from ``dictionary``.</doc>
<status status="PASS" start="2024-03-28T03:14:14.781863" elapsed="0.000437"/>
</kw>
<kw name="Log" owner="BuiltIn">
<msg time="2024-03-28T03:14:14.783002" level="INFO">{'gender': 'female', 'name': {'title': 'Miss', 'first': 'Johanne', 'last': 'Jørgensen'}, 'location': {'street': {'number': 6346, 'name': 'Vinkelvej'}, 'city': 'Noerre Alslev', 'state': 'Sjælland', 'country': 'Denmark', 'postcode': 54000, 'coordinates': {'latitude': '-43.7356', 'longitude': '113.3925'}, 'timezone': {'offset': '-11:00', 'description': 'Midway Island, Samoa'}}, 'email': 'johanne.jorgensen@example.com', 'login': {'uuid': '6410af8c-7c1d-4383-9174-44bce461ce66', 'username': 'crazyfish334', 'password': 'hotone', 'salt': 'XfYmIouf', 'md5': '5dc64ad4882e661e35f3c8a967912348', 'sha1': 'c818567557c586bd7fe10fb000ef3482f2679d99', 'sha256': 'e1bfc317008e96b81d4dd5f50e9243dc554d5e4b65e31e5a4cd8afc5f2be54f2'}, 'dob': {'date': '1985-07-13T12:35:07.433Z', 'age': 38}, 'registered': {'date': '2017-09-06T12:38:19.334Z', 'age': 6}, 'phone': '23179431', 'cell': '95105668', 'id': {'name': 'CPR', 'value': '130785-5939'}, 'picture': {'large': 'https://randomuser.me/api/portraits/women/90.jpg', 'medium': 'https://randomuser.me/api/portraits/med/women/90.jpg', 'thumbnail': 'https://randomuser.me/api/portraits/thumb/women/90.jpg'}, 'nat': 'DK'}</msg>
<arg>${json_data['results'][0]}</arg>
<doc>Logs the given message with the given level.</doc>
<status status="PASS" start="2024-03-28T03:14:14.782635" elapsed="0.000416"/>
</kw>
<kw name="Log" owner="BuiltIn">
<msg time="2024-03-28T03:14:14.783476" level="INFO">email</msg>
<arg>${key}</arg>
<doc>Logs the given message with the given level.</doc>
<status status="PASS" start="2024-03-28T03:14:14.783347" elapsed="0.000167"/>
</kw>
<var name="${key}">email</var>
<status status="PASS" start="2024-03-28T03:14:14.781753" elapsed="0.001975"/>
</iter>
<iter>
<kw name="Dictionary Should Contain Key" owner="Collections">
<msg time="2024-03-28T03:14:14.784411" level="INFO">False</msg>
<arg>${json_data['results'][0]}</arg>
<arg>${key}</arg>
<doc>Fails if ``key`` is not found from ``dictionary``.</doc>
<status status="PASS" start="2024-03-28T03:14:14.784026" elapsed="0.000421"/>
</kw>
<kw name="Log" owner="BuiltIn">
<msg time="2024-03-28T03:14:14.785109" level="INFO">{'gender': 'female', 'name': {'title': 'Miss', 'first': 'Johanne', 'last': 'Jørgensen'}, 'location': {'street': {'number': 6346, 'name': 'Vinkelvej'}, 'city': 'Noerre Alslev', 'state': 'Sjælland', 'country': 'Denmark', 'postcode': 54000, 'coordinates': {'latitude': '-43.7356', 'longitude': '113.3925'}, 'timezone': {'offset': '-11:00', 'description': 'Midway Island, Samoa'}}, 'email': 'johanne.jorgensen@example.com', 'login': {'uuid': '6410af8c-7c1d-4383-9174-44bce461ce66', 'username': 'crazyfish334', 'password': 'hotone', 'salt': 'XfYmIouf', 'md5': '5dc64ad4882e661e35f3c8a967912348', 'sha1': 'c818567557c586bd7fe10fb000ef3482f2679d99', 'sha256': 'e1bfc317008e96b81d4dd5f50e9243dc554d5e4b65e31e5a4cd8afc5f2be54f2'}, 'dob': {'date': '1985-07-13T12:35:07.433Z', 'age': 38}, 'registered': {'date': '2017-09-06T12:38:19.334Z', 'age': 6}, 'phone': '23179431', 'cell': '95105668', 'id': {'name': 'CPR', 'value': '130785-5939'}, 'picture': {'large': 'https://randomuser.me/api/portraits/women/90.jpg', 'medium': 'https://randomuser.me/api/portraits/med/women/90.jpg', 'thumbnail': 'https://randomuser.me/api/portraits/thumb/women/90.jpg'}, 'nat': 'DK'}</msg>
<arg>${json_data['results'][0]}</arg>
<doc>Logs the given message with the given level.</doc>
<status status="PASS" start="2024-03-28T03:14:14.784745" elapsed="0.000413"/>
</kw>
<kw name="Log" owner="BuiltIn">
<msg time="2024-03-28T03:14:14.785593" level="INFO">login</msg>
<arg>${key}</arg>
<doc>Logs the given message with the given level.</doc>
<status status="PASS" start="2024-03-28T03:14:14.785456" elapsed="0.000280"/>
</kw>
<var name="${key}">login</var>
<status status="PASS" start="2024-03-28T03:14:14.783911" elapsed="0.002084"/>
</iter>
<var>${key}</var>
<value>@{expected_keys}</value>
<status status="PASS" start="2024-03-28T03:14:14.774763" elapsed="0.011361"/>
</for>
<kw name="Create List" owner="BuiltIn">
<msg time="2024-03-28T03:14:14.786492" level="INFO">${expected_keysTwo} = ['username', 'password']</msg>
<var>${expected_keysTwo}</var>
<arg>username</arg>
<arg>password</arg>
<doc>Returns a list containing given items.</doc>
<status status="PASS" start="2024-03-28T03:14:14.786321" elapsed="0.000200"/>
</kw>
<for flavor="IN">
<iter>
<kw name="Dictionary Should Contain Key" owner="Collections">
<msg time="2024-03-28T03:14:14.787413" level="INFO">False</msg>
<arg>${json_data['results'][0]['login']}</arg>
<arg>${keyTwo}</arg>
<doc>Fails if ``key`` is not found from ``dictionary``.</doc>
<status status="PASS" start="2024-03-28T03:14:14.787029" elapsed="0.000421"/>
</kw>
<kw name="Dictionary Should Contain Key" owner="Collections">
<msg time="2024-03-28T03:14:14.788127" level="INFO">False</msg>
<arg>${json_data['results'][0]['login']}</arg>
<arg>${keyTwo}</arg>
<doc>Fails if ``key`` is not found from ``dictionary``.</doc>
<status status="PASS" start="2024-03-28T03:14:14.787747" elapsed="0.000417"/>
</kw>
<kw name="Log" owner="BuiltIn">
<msg time="2024-03-28T03:14:14.788589" level="INFO">username</msg>
<arg>${keyTwo}</arg>
<doc>Logs the given message with the given level.</doc>
<status status="PASS" start="2024-03-28T03:14:14.788458" elapsed="0.000168"/>
</kw>
<var name="${keyTwo}">username</var>
<status status="PASS" start="2024-03-28T03:14:14.786918" elapsed="0.001926"/>
</iter>
<iter>
<kw name="Dictionary Should Contain Key" owner="Collections">
<msg time="2024-03-28T03:14:14.789499" level="INFO">False</msg>
<arg>${json_data['results'][0]['login']}</arg>
<arg>${keyTwo}</arg>
<doc>Fails if ``key`` is not found from ``dictionary``.</doc>
<status status="PASS" start="2024-03-28T03:14:14.789126" elapsed="0.000410"/>
</kw>
<kw name="Dictionary Should Contain Key" owner="Collections">
<msg time="2024-03-28T03:14:14.790216" level="INFO">False</msg>
<arg>${json_data['results'][0]['login']}</arg>
<arg>${keyTwo}</arg>
<doc>Fails if ``key`` is not found from ``dictionary``.</doc>
<status status="PASS" start="2024-03-28T03:14:14.789837" elapsed="0.000416"/>
</kw>
<kw name="Log" owner="BuiltIn">
<msg time="2024-03-28T03:14:14.790709" level="INFO">password</msg>
<arg>${keyTwo}</arg>
<doc>Logs the given message with the given level.</doc>
<status status="PASS" start="2024-03-28T03:14:14.790578" elapsed="0.000168"/>
</kw>
<var name="${keyTwo}">password</var>
<status status="PASS" start="2024-03-28T03:14:14.789015" elapsed="0.001951"/>
</iter>
<var>${keyTwo}</var>
<value>@{expected_keysTwo}</value>
<status status="PASS" start="2024-03-28T03:14:14.786766" elapsed="0.004325"/>
</for>
<status status="PASS" start="2024-03-28T03:14:14.679501" elapsed="0.111733"/>
</kw>
<doc>Testa a estrutura da resposta da API.</doc>
<tag>testeEstruturaResposta</tag>
<status status="PASS" start="2024-03-28T03:14:14.678726" elapsed="0.112665"/>
</test>
<test id="s1-s1-t4" name="Validar tipos de dados" line="28">
<kw name="Teste de Tipos de Dados" owner="random-user-service">
<kw name="GET On Session" owner="RequestsLibrary">
<msg time="2024-03-28T03:14:14.895197" level="INFO">GET Request : url=https://randomuser.me/api 
 path_url=/api 
 headers={'User-Agent': 'python-requests/2.31.0', 'Accept-Encoding': 'gzip, deflate', 'Accept': '*/*', 'Connection': 'keep-alive'} 
 body=None 
 </msg>
<msg time="2024-03-28T03:14:14.895272" level="INFO">GET Response : url=https://randomuser.me/api 
 status=200, reason=OK 
 headers={'Date': 'Thu, 28 Mar 2024 03:14:14 GMT', 'Content-Type': 'application/json; charset=utf-8', 'Transfer-Encoding': 'chunked', 'Connection': 'keep-alive', 'X-Powered-By': 'Express', 'Access-Control-Allow-Origin': '*', 'Cache-Control': 'no-cache', 'ETag': 'W/"498-2aKr5FF2g/tVufEuw/oM2WvZuOY"', 'Vary': 'Accept-Encoding', 'Content-Encoding': 'gzip', 'CF-Cache-Status': 'DYNAMIC', 'Report-To': '{"endpoints":[{"url":"https:\\/\\/a.nel.cloudflare.com\\/report\\/v4?s=3BZixP0DGPpbuOOB7BB3q%2F0Ve2vgNKKchf307zmNNJ%2FuPeQ1vqfr5D0PiB%2BYSJ%2B6b%2Bq%2ByeWuPSSeww4VUmPNF926OZAbYPMf%2Ba1%2BD9xuwxthV3Fsbb%2Fjrddej0fdKPNV"}],"group":"cf-nel","max_age":604800}', 'NEL': '{"success_fraction":0,"report_to":"cf-nel","max_age":604800}', 'Server': 'cloudflare', 'CF-RAY': '86b472ea89ec67ab-SJC', 'alt-svc': 'h3=":443"; ma=86400'} 
 body={"results":[{"gender":"male","name":{"title":"Mr","first":"Léccio","last":"Oliveira"},"location":{"street":{"number":5803,"name":"Rua Treze de Maio "},"city":"Muriaé","state":"Rio Grande do Sul","country":"Brazil","postcode":88489,"coordinates":{"latitude":"-72.9406","longitude":"-141.4989"},"timezone":{"offset":"+6:00","description":"Almaty, Dhaka, Colombo"}},"email":"leccio.oliveira@example.com","login":{"uuid":"9bc9d9cd-2e94-4a2b-8408-5e82145053fa","username":"angrylion425","password":"dogcat","salt":"i3LrQjSV","md5":"e5914c2904aa01d2a03408d20f5be121","sha1":"09cee7d79b48c0f4ddacbab92bf182f96230920f","sha256":"6ff4f6c178911ff399e55f10bb2063f013dabbc4d9eeb156631434a927417c7b"},"dob":{"date":"1994-05-18T12:29:01.016Z","age":29},"registered":{"date":"2012-05-13T02:49:39.770Z","age":11},"phone":"(13) 3031-9683","cell":"(37) 7328-8919","id":{"name":"CPF","value":"638.978.360-88"},"picture":{"large":"https://randomuser.me/api/portraits/men/17.jpg","medium":"https://randomuser.me/api/portraits/med/men/17.jpg","thumbnail":"https://randomuser.me/api/portraits/thumb/men/17.jpg"},"nat":"BR"}],"info":{"seed":"40afbeb00fd66cd1","results":1,"page":1,"version":"1.4"}} 
 </msg>
<msg time="2024-03-28T03:14:14.895335" level="INFO">/opt/hostedtoolcache/Python/3.12.2/x64/lib/python3.12/site-packages/urllib3/connectionpool.py:1103: InsecureRequestWarning: Unverified HTTPS request is being made to host 'randomuser.me'. Adding certificate verification is strongly advised. See: https://urllib3.readthedocs.io/en/latest/advanced-usage.html#tls-warnings
  warnings.warn(</msg>
<msg time="2024-03-28T03:14:14.895433" level="INFO">${response} = &lt;Response [200]&gt;</msg>
<var>${response}</var>
<arg>consultarAPI</arg>
<arg>/api</arg>
<doc>Sends a GET request on a previously created HTTP Session.</doc>
<status status="PASS" start="2024-03-28T03:14:14.793908" elapsed="0.101583"/>
</kw>
<kw name="Set Variable" owner="BuiltIn">
<msg time="2024-03-28T03:14:14.896373" level="INFO">${json_data} = {'results': [{'gender': 'male', 'name': {'title': 'Mr', 'first': 'Léccio', 'last': 'Oliveira'}, 'location': {'street': {'number': 5803, 'name': 'Rua Treze de Maio '}, 'city': 'Muriaé', 'state': 'Rio G...</msg>
<var>${json_data}</var>
<arg>${response.json()}</arg>
<doc>Returns the given values which can then be assigned to a variables.</doc>
<status status="PASS" start="2024-03-28T03:14:14.895899" elapsed="0.000504"/>
</kw>
<kw name="Log" owner="BuiltIn">
<msg time="2024-03-28T03:14:14.896893" level="INFO">{'results': [{'gender': 'male', 'name': {'title': 'Mr', 'first': 'Léccio', 'last': 'Oliveira'}, 'location': {'street': {'number': 5803, 'name': 'Rua Treze de Maio '}, 'city': 'Muriaé', 'state': 'Rio Grande do Sul', 'country': 'Brazil', 'postcode': 88489, 'coordinates': {'latitude': '-72.9406', 'longitude': '-141.4989'}, 'timezone': {'offset': '+6:00', 'description': 'Almaty, Dhaka, Colombo'}}, 'email': 'leccio.oliveira@example.com', 'login': {'uuid': '9bc9d9cd-2e94-4a2b-8408-5e82145053fa', 'username': 'angrylion425', 'password': 'dogcat', 'salt': 'i3LrQjSV', 'md5': 'e5914c2904aa01d2a03408d20f5be121', 'sha1': '09cee7d79b48c0f4ddacbab92bf182f96230920f', 'sha256': '6ff4f6c178911ff399e55f10bb2063f013dabbc4d9eeb156631434a927417c7b'}, 'dob': {'date': '1994-05-18T12:29:01.016Z', 'age': 29}, 'registered': {'date': '2012-05-13T02:49:39.770Z', 'age': 11}, 'phone': '(13) 3031-9683', 'cell': '(37) 7328-8919', 'id': {'name': 'CPF', 'value': '638.978.360-88'}, 'picture': {'large': 'https://randomuser.me/api/portraits/men/17.jpg', 'medium': 'https://randomuser.me/api/portraits/med/men/17.jpg', 'thumbnail': 'https://randomuser.me/api/portraits/thumb/men/17.jpg'}, 'nat': 'BR'}], 'info': {'seed': '40afbeb00fd66cd1', 'results': 1, 'page': 1, 'version': '1.4'}}</msg>
<arg>${json_data}</arg>
<doc>Logs the given message with the given level.</doc>
<status status="PASS" start="2024-03-28T03:14:14.896722" elapsed="0.000256"/>
</kw>
<kw name="Should Be String" owner="String">
<arg>${json_data['results'][0]['gender']}</arg>
<doc>Fails if the given ``item`` is not a string.</doc>
<status status="PASS" start="2024-03-28T03:14:14.897288" elapsed="0.000365"/>
</kw>
<kw name="Should Match Regexp" owner="BuiltIn">
<arg>${json_data['results'][0]['email']}</arg>
<arg>^[a-zA-Z0-9._%+-]+@[a-zA-Z0-9.-]+\.[a-zA-Z]{2,}$</arg>
<doc>Fails if ``string`` does not match ``pattern`` as a regular expression.</doc>
<status status="PASS" start="2024-03-28T03:14:14.897849" elapsed="0.000517"/>
</kw>
<kw name="Should Match Regexp" owner="BuiltIn">
<arg>${json_data['results'][0]['dob']['date']}</arg>
<arg>\\d{4}-\\d{2}-\\d{2}T\\d{2}:\\d{2}:\\d{2}\\.\\d{3}Z</arg>
<doc>Fails if ``string`` does not match ``pattern`` as a regular expression.</doc>
<status status="PASS" start="2024-03-28T03:14:14.898600" elapsed="0.000495"/>
</kw>
<kw name="Should Match Regexp" owner="BuiltIn">
<arg>${json_data['results'][0]['registered']['date']}</arg>
<arg>\\d{4}-\\d{2}-\\d{2}T\\d{2}:\\d{2}:\\d{2}\\.\\d{3}Z</arg>
<doc>Fails if ``string`` does not match ``pattern`` as a regular expression.</doc>
<status status="PASS" start="2024-03-28T03:14:14.899297" elapsed="0.000366"/>
</kw>
<kw name="Should Match Regexp" owner="BuiltIn">
<arg>${json_data['results'][0]['picture']['large']}</arg>
<arg>^https?://.*\.(?:png|jpe?g|gif|bmp)$</arg>
<doc>Fails if ``string`` does not match ``pattern`` as a regular expression.</doc>
<status status="PASS" start="2024-03-28T03:14:14.899851" elapsed="0.000464"/>
</kw>
<kw name="Should Match Regexp" owner="BuiltIn">
<arg>${json_data['results'][0]['picture']['medium']}</arg>
<arg>^https?://.*\.(?:png|jpe?g|gif|bmp)$</arg>
<doc>Fails if ``string`` does not match ``pattern`` as a regular expression.</doc>
<status status="PASS" start="2024-03-28T03:14:14.900505" elapsed="0.000357"/>
</kw>
<kw name="Should Match Regexp" owner="BuiltIn">
<arg>${json_data['results'][0]['picture']['thumbnail']}</arg>
<arg>^https?://.*\.(?:png|jpe?g|gif|bmp)$</arg>
<doc>Fails if ``string`` does not match ``pattern`` as a regular expression.</doc>
<status status="PASS" start="2024-03-28T03:14:14.901048" elapsed="0.000346"/>
</kw>
<kw name="Log" owner="BuiltIn">
<msg time="2024-03-28T03:14:14.901914" level="INFO">{'large': 'https://randomuser.me/api/portraits/men/17.jpg', 'medium': 'https://randomuser.me/api/portraits/med/men/17.jpg', 'thumbnail': 'https://randomuser.me/api/portraits/thumb/men/17.jpg'}</msg>
<arg>${json_data['results'][0]['picture']}</arg>
<doc>Logs the given message with the given level.</doc>
<status status="PASS" start="2024-03-28T03:14:14.901575" elapsed="0.000385"/>
</kw>
<status status="PASS" start="2024-03-28T03:14:14.793679" elapsed="0.108539"/>
</kw>
<kw name="Teste de Tipos de Dados - Postcode" owner="random-user-service">
<kw name="GET On Session" owner="RequestsLibrary">
<msg time="2024-03-28T03:14:15.003330" level="INFO">GET Request : url=https://randomuser.me/api 
 path_url=/api 
 headers={'User-Agent': 'python-requests/2.31.0', 'Accept-Encoding': 'gzip, deflate', 'Accept': '*/*', 'Connection': 'keep-alive'} 
 body=None 
 </msg>
<msg time="2024-03-28T03:14:15.003413" level="INFO">GET Response : url=https://randomuser.me/api 
 status=200, reason=OK 
 headers={'Date': 'Thu, 28 Mar 2024 03:14:15 GMT', 'Content-Type': 'application/json; charset=utf-8', 'Transfer-Encoding': 'chunked', 'Connection': 'keep-alive', 'X-Powered-By': 'Express', 'Access-Control-Allow-Origin': '*', 'Cache-Control': 'no-cache', 'ETag': 'W/"4a1-pumqa1nuN7HR+vnH+wdCnbyWNJk"', 'Vary': 'Accept-Encoding', 'Content-Encoding': 'gzip', 'CF-Cache-Status': 'DYNAMIC', 'Report-To': '{"endpoints":[{"url":"https:\\/\\/a.nel.cloudflare.com\\/report\\/v4?s=ryCHOVsEPPbR%2FlEwqvjhv0U93O%2B9YBSB6y54o3sr3HOc1CcvGAVZeJaxDU8hECO%2BBySqNAJYfgYeMpLxdBMaqjLNEYviDpVSUJJSzzhFRwsEeH1j1%2F%2Fi0JMc%2BHo7%2BMvH"}],"group":"cf-nel","max_age":604800}', 'NEL': '{"success_fraction":0,"report_to":"cf-nel","max_age":604800}', 'Server': 'cloudflare', 'CF-RAY': '86b472eb3aaf67ab-SJC', 'alt-svc': 'h3=":443"; ma=86400'} 
 body={"results":[{"gender":"female","name":{"title":"Miss","first":"Aada","last":"Kauppila"},"location":{"street":{"number":5403,"name":"Tahmelantie"},"city":"Sastamala","state":"Ostrobothnia","country":"Finland","postcode":57813,"coordinates":{"latitude":"-24.9332","longitude":"174.3516"},"timezone":{"offset":"-5:00","description":"Eastern Time (US &amp; Canada), Bogota, Lima"}},"email":"aada.kauppila@example.com","login":{"uuid":"04348dc7-8312-4263-bd6b-dc00d4d57792","username":"sadsnake780","password":"hhhh","salt":"ohjiym02","md5":"af8cee6a4e69c8727f5b5adc97e4c6cf","sha1":"063b3bc72e5e30f87f9cad7b8011b62e07592f9c","sha256":"a57a3a3aa9bc4caeaa3a03979981ce6306ae19ecba88e63928e1c989f7f7119f"},"dob":{"date":"1946-04-23T03:36:47.404Z","age":77},"registered":{"date":"2002-06-07T22:41:45.816Z","age":21},"phone":"04-834-451","cell":"042-252-61-17","id":{"name":"HETU","value":"NaNNA154undefined"},"picture":{"large":"https://randomuser.me/api/portraits/women/83.jpg","medium":"https://randomuser.me/api/portraits/med/women/83.jpg","thumbnail":"https://randomuser.me/api/portraits/thumb/women/83.jpg"},"nat":"FI"}],"info":{"seed":"48fb6490a60b8c5f","results":1,"page":1,"version":"1.4"}} 
 </msg>
<msg time="2024-03-28T03:14:15.003486" level="INFO">/opt/hostedtoolcache/Python/3.12.2/x64/lib/python3.12/site-packages/urllib3/connectionpool.py:1103: InsecureRequestWarning: Unverified HTTPS request is being made to host 'randomuser.me'. Adding certificate verification is strongly advised. See: https://urllib3.readthedocs.io/en/latest/advanced-usage.html#tls-warnings
  warnings.warn(</msg>
<msg time="2024-03-28T03:14:15.003586" level="INFO">${response} = &lt;Response [200]&gt;</msg>
<var>${response}</var>
<arg>consultarAPI</arg>
<arg>/api</arg>
<doc>Sends a GET request on a previously created HTTP Session.</doc>
<status status="PASS" start="2024-03-28T03:14:14.902845" elapsed="0.100782"/>
</kw>
<kw name="Set Variable" owner="BuiltIn">
<msg time="2024-03-28T03:14:15.004454" level="INFO">${json_data} = {'results': [{'gender': 'female', 'name': {'title': 'Miss', 'first': 'Aada', 'last': 'Kauppila'}, 'location': {'street': {'number': 5403, 'name': 'Tahmelantie'}, 'city': 'Sastamala', 'state': 'Ostrobo...</msg>
<var>${json_data}</var>
<arg>${response.json()}</arg>
<doc>Returns the given values which can then be assigned to a variables.</doc>
<status status="PASS" start="2024-03-28T03:14:15.004016" elapsed="0.000467"/>
</kw>
<kw name="Log" owner="BuiltIn">
<msg time="2024-03-28T03:14:15.004946" level="INFO">{'results': [{'gender': 'female', 'name': {'title': 'Miss', 'first': 'Aada', 'last': 'Kauppila'}, 'location': {'street': {'number': 5403, 'name': 'Tahmelantie'}, 'city': 'Sastamala', 'state': 'Ostrobothnia', 'country': 'Finland', 'postcode': 57813, 'coordinates': {'latitude': '-24.9332', 'longitude': '174.3516'}, 'timezone': {'offset': '-5:00', 'description': 'Eastern Time (US &amp; Canada), Bogota, Lima'}}, 'email': 'aada.kauppila@example.com', 'login': {'uuid': '04348dc7-8312-4263-bd6b-dc00d4d57792', 'username': 'sadsnake780', 'password': 'hhhh', 'salt': 'ohjiym02', 'md5': 'af8cee6a4e69c8727f5b5adc97e4c6cf', 'sha1': '063b3bc72e5e30f87f9cad7b8011b62e07592f9c', 'sha256': 'a57a3a3aa9bc4caeaa3a03979981ce6306ae19ecba88e63928e1c989f7f7119f'}, 'dob': {'date': '1946-04-23T03:36:47.404Z', 'age': 77}, 'registered': {'date': '2002-06-07T22:41:45.816Z', 'age': 21}, 'phone': '04-834-451', 'cell': '042-252-61-17', 'id': {'name': 'HETU', 'value': 'NaNNA154undefined'}, 'picture': {'large': 'https://randomuser.me/api/portraits/women/83.jpg', 'medium': 'https://randomuser.me/api/portraits/med/women/83.jpg', 'thumbnail': 'https://randomuser.me/api/portraits/thumb/women/83.jpg'}, 'nat': 'FI'}], 'info': {'seed': '48fb6490a60b8c5f', 'results': 1, 'page': 1, 'version': '1.4'}}</msg>
<arg>${json_data}</arg>
<doc>Logs the given message with the given level.</doc>
<status status="PASS" start="2024-03-28T03:14:15.004791" elapsed="0.000239"/>
</kw>
<kw name="Should Be Equal As Numbers" owner="BuiltIn">
<arg>${json_data['results'][0]['location']['postcode']}</arg>
<arg>${json_data['results'][0]['location']['postcode']}</arg>
<doc>Fails if objects are unequal after converting them to real numbers.</doc>
<status status="PASS" start="2024-03-28T03:14:15.005340" elapsed="0.000627"/>
</kw>
<kw name="Log" owner="BuiltIn">
<msg time="2024-03-28T03:14:15.006524" level="INFO">57813</msg>
<arg>${json_data['results'][0]['location']['postcode']}</arg>
<doc>Logs the given message with the given level.</doc>
<status status="PASS" start="2024-03-28T03:14:15.006162" elapsed="0.000404"/>
</kw>
<status status="PASS" start="2024-03-28T03:14:14.902467" elapsed="0.104357"/>
</kw>
<doc>Testa se os tipos de dados na resposta da API estão corretos.</doc>
<tag>testeTiposDados</tag>
<status status="PASS" start="2024-03-28T03:14:14.793140" elapsed="0.213858"/>
</test>
<test id="s1-s1-t5" name="Validar conteudo" line="35">
<kw name="Teste de Tipos de Conteudo" owner="random-user-service">
<kw name="GET On Session" owner="RequestsLibrary">
<msg time="2024-03-28T03:14:15.101045" level="INFO">GET Request : url=https://randomuser.me/api 
 path_url=/api 
 headers={'User-Agent': 'python-requests/2.31.0', 'Accept-Encoding': 'gzip, deflate', 'Accept': '*/*', 'Connection': 'keep-alive'} 
 body=None 
 </msg>
<msg time="2024-03-28T03:14:15.101147" level="INFO">GET Response : url=https://randomuser.me/api 
 status=200, reason=OK 
 headers={'Date': 'Thu, 28 Mar 2024 03:14:15 GMT', 'Content-Type': 'application/json; charset=utf-8', 'Transfer-Encoding': 'chunked', 'Connection': 'keep-alive', 'X-Powered-By': 'Express', 'Access-Control-Allow-Origin': '*', 'Cache-Control': 'no-cache', 'ETag': 'W/"491-6RCe56zHkcmFJebzIq+iI+QJE7c"', 'Vary': 'Accept-Encoding', 'Content-Encoding': 'gzip', 'CF-Cache-Status': 'DYNAMIC', 'Report-To': '{"endpoints":[{"url":"https:\\/\\/a.nel.cloudflare.com\\/report\\/v4?s=MyupJETjTgEER15q3EARgRycvamVdYQekQFHvyciJeohBKtLMSnIoulMpwGtBjJtI5uws407SwQ8CDo66GL5rTnMcv%2BObXlEBbB51lN4Xbn3nZcXWozbl0Aaw2U5d03q"}],"group":"cf-nel","max_age":604800}', 'NEL': '{"success_fraction":0,"report_to":"cf-nel","max_age":604800}', 'Server': 'cloudflare', 'CF-RAY': '86b472ebdb6267ab-SJC', 'alt-svc': 'h3=":443"; ma=86400'} 
 body={"results":[{"gender":"male","name":{"title":"Mr","first":"Abdalla","last":"Van Maaren"},"location":{"street":{"number":1300,"name":"Buigeind"},"city":"Beerzerveld","state":"Friesland","country":"Netherlands","postcode":"5724 RA","coordinates":{"latitude":"30.4710","longitude":"-147.8713"},"timezone":{"offset":"-7:00","description":"Mountain Time (US &amp; Canada)"}},"email":"abdalla.vanmaaren@example.com","login":{"uuid":"0d223132-3788-4dfc-831b-96c36fad7b36","username":"bigpanda609","password":"climax","salt":"lBFF27Xb","md5":"7c87a1b2cebc3bfe66ae70509375cb76","sha1":"94c34e7ae28771dbaeafbb54bb43ef3694e965c7","sha256":"8a439f1cb6db1c0aa4c47b5eb18299747f2293bff5e63afb7c82b47119fb7bbb"},"dob":{"date":"1967-12-05T19:13:37.661Z","age":56},"registered":{"date":"2018-02-22T03:21:34.851Z","age":6},"phone":"(039) 6847231","cell":"(06) 11479637","id":{"name":"BSN","value":"38904066"},"picture":{"large":"https://randomuser.me/api/portraits/men/24.jpg","medium":"https://randomuser.me/api/portraits/med/men/24.jpg","thumbnail":"https://randomuser.me/api/portraits/thumb/men/24.jpg"},"nat":"NL"}],"info":{"seed":"a342b98e69fd5988","results":1,"page":1,"version":"1.4"}} 
 </msg>
<msg time="2024-03-28T03:14:15.101229" level="INFO">/opt/hostedtoolcache/Python/3.12.2/x64/lib/python3.12/site-packages/urllib3/connectionpool.py:1103: InsecureRequestWarning: Unverified HTTPS request is being made to host 'randomuser.me'. Adding certificate verification is strongly advised. See: https://urllib3.readthedocs.io/en/latest/advanced-usage.html#tls-warnings
  warnings.warn(</msg>
<msg time="2024-03-28T03:14:15.101358" level="INFO">${response} = &lt;Response [200]&gt;</msg>
<var>${response}</var>
<arg>consultarAPI</arg>
<arg>/api</arg>
<doc>Sends a GET request on a previously created HTTP Session.</doc>
<status status="PASS" start="2024-03-28T03:14:15.009433" elapsed="0.091962"/>
</kw>
<kw name="Set Variable" owner="BuiltIn">
<msg time="2024-03-28T03:14:15.102410" level="INFO">${json_data} = {'results': [{'gender': 'male', 'name': {'title': 'Mr', 'first': 'Abdalla', 'last': 'Van Maaren'}, 'location': {'street': {'number': 1300, 'name': 'Buigeind'}, 'city': 'Beerzerveld', 'state': 'Friesla...</msg>
<var>${json_data}</var>
<arg>${response.json()}</arg>
<doc>Returns the given values which can then be assigned to a variables.</doc>
<status status="PASS" start="2024-03-28T03:14:15.101915" elapsed="0.000550"/>
</kw>
<kw name="Set Variable" owner="BuiltIn">
<msg time="2024-03-28T03:14:15.103153" level="INFO">${name_title} = Mr</msg>
<var>${name_title}</var>
<arg>${json_data["results"][0]["name"]["title"]}</arg>
<doc>Returns the given values which can then be assigned to a variables.</doc>
<status status="PASS" start="2024-03-28T03:14:15.102776" elapsed="0.000403"/>
</kw>
<kw name="Create List" owner="BuiltIn">
<msg time="2024-03-28T03:14:15.103624" level="INFO">${allowed_titles} = ['Mr', 'Ms', 'Miss', 'Mrs', 'Madame', 'Monsieur']</msg>
<var>${allowed_titles}</var>
<arg>Mr</arg>
<arg>Ms</arg>
<arg>Miss</arg>
<arg>Mrs</arg>
<arg>Madame</arg>
<arg>Monsieur</arg>
<doc>Returns a list containing given items.</doc>
<status status="PASS" start="2024-03-28T03:14:15.103474" elapsed="0.000174"/>
</kw>
<kw name="List Should Contain Value" owner="Collections">
<msg time="2024-03-28T03:14:15.104123" level="INFO">False</msg>
<arg>${allowed_titles}</arg>
<arg>${name_title}</arg>
<doc>Fails if the ``value`` is not found from ``list``.</doc>
<status status="PASS" start="2024-03-28T03:14:15.103951" elapsed="0.000214"/>
</kw>
<kw name="Set Variable" owner="BuiltIn">
<msg time="2024-03-28T03:14:15.104847" level="INFO">${name_country} = NL</msg>
<var>${name_country}</var>
<arg>${json_data["results"][0]["nat"]}</arg>
<doc>Returns the given values which can then be assigned to a variables.</doc>
<status status="PASS" start="2024-03-28T03:14:15.104452" elapsed="0.000420"/>
</kw>
<kw name="Create List" owner="BuiltIn">
<msg time="2024-03-28T03:14:15.105783" level="INFO">${list_country} = ['AD', 'AE', 'AF', 'AG', 'AI', 'AL', 'AM', 'AO', 'AQ', 'AR', 'AS', 'AT', 'AU', 'AW', 'AX', 'AZ', 'BA', 'BB', 'BD', 'BE', 'BF', 'BG', 'BH', 'BI', 'BJ', 'BL', 'BM', 'BN', 'BO', 'BQ', 'BR', 'BS', 'BT', '...</msg>
<var>${list_country}</var>
<arg>AD</arg>
<arg>AE</arg>
<arg>AF</arg>
<arg>AG</arg>
<arg>AI</arg>
<arg>AL</arg>
<arg>AM</arg>
<arg>AO</arg>
<arg>AQ</arg>
<arg>AR</arg>
<arg>AS</arg>
<arg>AT</arg>
<arg>AU</arg>
<arg>AW</arg>
<arg>AX</arg>
<arg>AZ</arg>
<arg>BA</arg>
<arg>BB</arg>
<arg>BD</arg>
<arg>BE</arg>
<arg>BF</arg>
<arg>BG</arg>
<arg>BH</arg>
<arg>BI</arg>
<arg>BJ</arg>
<arg>BL</arg>
<arg>BM</arg>
<arg>BN</arg>
<arg>BO</arg>
<arg>BQ</arg>
<arg>BR</arg>
<arg>BS</arg>
<arg>BT</arg>
<arg>BV</arg>
<arg>BW</arg>
<arg>BY</arg>
<arg>BZ</arg>
<arg>CA</arg>
<arg>CC</arg>
<arg>CD</arg>
<arg>CF</arg>
<arg>CG</arg>
<arg>CH</arg>
<arg>CI</arg>
<arg>CK</arg>
<arg>CL</arg>
<arg>CM</arg>
<arg>CN</arg>
<arg>CO</arg>
<arg>CR</arg>
<arg>CU</arg>
<arg>CV</arg>
<arg>CW</arg>
<arg>CX</arg>
<arg>CY</arg>
<arg>CZ</arg>
<arg>DE</arg>
<arg>DJ</arg>
<arg>DK</arg>
<arg>DM</arg>
<arg>DO</arg>
<arg>DZ</arg>
<arg>EC</arg>
<arg>EE</arg>
<arg>EG</arg>
<arg>EH</arg>
<arg>ER</arg>
<arg>ES</arg>
<arg>ET</arg>
<arg>FI</arg>
<arg>FJ</arg>
<arg>FK</arg>
<arg>FM</arg>
<arg>FO</arg>
<arg>FR</arg>
<arg>GA</arg>
<arg>GB</arg>
<arg>GD</arg>
<arg>GE</arg>
<arg>GF</arg>
<arg>GG</arg>
<arg>GH</arg>
<arg>GI</arg>
<arg>GL</arg>
<arg>GM</arg>
<arg>GN</arg>
<arg>GP</arg>
<arg>GQ</arg>
<arg>GR</arg>
<arg>GS</arg>
<arg>GT</arg>
<arg>GU</arg>
<arg>GW</arg>
<arg>GY</arg>
<arg>HK</arg>
<arg>HM</arg>
<arg>HN</arg>
<arg>HR</arg>
<arg>HT</arg>
<arg>HU</arg>
<arg>ID</arg>
<arg>IE</arg>
<arg>IL</arg>
<arg>IM</arg>
<arg>IN</arg>
<arg>IO</arg>
<arg>IQ</arg>
<arg>IR</arg>
<arg>IS</arg>
<arg>IT</arg>
<arg>JE</arg>
<arg>JM</arg>
<arg>JO</arg>
<arg>JP</arg>
<arg>KE</arg>
<arg>KG</arg>
<arg>KH</arg>
<arg>KI</arg>
<arg>KM</arg>
<arg>KN</arg>
<arg>KP</arg>
<arg>KR</arg>
<arg>KW</arg>
<arg>KY</arg>
<arg>KZ</arg>
<arg>LA</arg>
<arg>LB</arg>
<arg>LC</arg>
<arg>LI</arg>
<arg>LK</arg>
<arg>LR</arg>
<arg>LS</arg>
<arg>LT</arg>
<arg>LU</arg>
<arg>LV</arg>
<arg>LY</arg>
<arg>MA</arg>
<arg>MC</arg>
<arg>MD</arg>
<arg>ME</arg>
<arg>MF</arg>
<arg>MG</arg>
<arg>MH</arg>
<arg>MK</arg>
<arg>ML</arg>
<arg>MM</arg>
<arg>MN</arg>
<arg>MO</arg>
<arg>MP</arg>
<arg>MQ</arg>
<arg>MR</arg>
<arg>MS</arg>
<arg>MT</arg>
<arg>MU</arg>
<arg>MV</arg>
<arg>MW</arg>
<arg>MX</arg>
<arg>MY</arg>
<arg>MZ</arg>
<arg>NA</arg>
<arg>NC</arg>
<arg>NE</arg>
<arg>NF</arg>
<arg>NG</arg>
<arg>NI</arg>
<arg>NL</arg>
<arg>NO</arg>
<arg>NP</arg>
<arg>NR</arg>
<arg>NU</arg>
<arg>NZ</arg>
<arg>OM</arg>
<arg>PA</arg>
<arg>PE</arg>
<arg>PF</arg>
<arg>PG</arg>
<arg>PH</arg>
<arg>PK</arg>
<arg>PL</arg>
<arg>PM</arg>
<arg>PN</arg>
<arg>PR</arg>
<arg>PS</arg>
<arg>PT</arg>
<arg>PW</arg>
<arg>PY</arg>
<arg>QA</arg>
<arg>RE</arg>
<arg>RO</arg>
<arg>RS</arg>
<arg>RU</arg>
<arg>RW</arg>
<arg>SA</arg>
<arg>SB</arg>
<arg>SC</arg>
<arg>SD</arg>
<arg>SE</arg>
<arg>SG</arg>
<arg>SH</arg>
<arg>SI</arg>
<arg>SJ</arg>
<arg>SK</arg>
<arg>SL</arg>
<arg>SM</arg>
<arg>SN</arg>
<arg>SO</arg>
<arg>SR</arg>
<arg>SS</arg>
<arg>ST</arg>
<arg>SV</arg>
<arg>SX</arg>
<arg>SY</arg>
<arg>SZ</arg>
<arg>TC</arg>
<arg>TD</arg>
<arg>TF</arg>
<arg>TG</arg>
<arg>TH</arg>
<arg>TJ</arg>
<arg>TK</arg>
<arg>TL</arg>
<arg>TM</arg>
<arg>TN</arg>
<arg>TO</arg>
<arg>TR</arg>
<arg>TT</arg>
<arg>TV</arg>
<arg>TW</arg>
<arg>TZ</arg>
<arg>UA</arg>
<arg>UG</arg>
<arg>UM</arg>
<arg>US</arg>
<arg>UY</arg>
<arg>UZ</arg>
<arg>VA</arg>
<arg>VC</arg>
<arg>VE</arg>
<arg>VG</arg>
<arg>VI</arg>
<arg>VN</arg>
<arg>VU</arg>
<arg>WF</arg>
<arg>WS</arg>
<arg>XK</arg>
<arg>YE</arg>
<arg>YT</arg>
<arg>ZA</arg>
<arg>ZM</arg>
<arg>ZW</arg>
<doc>Returns a list containing given items.</doc>
<status status="PASS" start="2024-03-28T03:14:15.105181" elapsed="0.000628"/>
</kw>
<kw name="List Should Contain Value" owner="Collections">
<msg time="2024-03-28T03:14:15.106944" level="INFO">False</msg>
<arg>${list_country}</arg>
<arg>${name_country}</arg>
<doc>Fails if the ``value`` is not found from ``list``.</doc>
<status status="PASS" start="2024-03-28T03:14:15.106737" elapsed="0.000250"/>
</kw>
<kw name="Run Keyword If" owner="BuiltIn">
<kw name="Should Be True" owner="BuiltIn">
<arg>${True}</arg>
<doc>Fails if the given condition is not true.</doc>
<status status="PASS" start="2024-03-28T03:14:15.108052" elapsed="0.000148"/>
</kw>
<arg>${json_data["results"][0]["location"]["coordinates"]["latitude"]} &gt;= -90 and ${json_data["results"][0]["location"]["coordinates"]["latitude"]} &lt;= 90</arg>
<arg>Should Be True</arg>
<arg>${True}</arg>
<doc>Runs the given keyword with the given arguments, if ``condition`` is true.</doc>
<status status="PASS" start="2024-03-28T03:14:15.107302" elapsed="0.001026"/>
</kw>
<kw name="Run Keyword If" owner="BuiltIn">
<kw name="Should Be True" owner="BuiltIn">
<arg>${True}</arg>
<doc>Fails if the given condition is not true.</doc>
<status status="PASS" start="2024-03-28T03:14:15.109211" elapsed="0.000141"/>
</kw>
<arg>${json_data["results"][0]["location"]["coordinates"]["longitude"]} &gt;= -180 and ${json_data["results"][0]["location"]["coordinates"]["longitude"]} &lt;= 180</arg>
<arg>Should Be True</arg>
<arg>${True}</arg>
<doc>Runs the given keyword with the given arguments, if ``condition`` is true.</doc>
<status status="PASS" start="2024-03-28T03:14:15.108515" elapsed="0.000964"/>
</kw>
<status status="PASS" start="2024-03-28T03:14:15.009203" elapsed="0.100408"/>
</kw>
<doc>Testa o conteúdo específico dos campos retornados pela API.</doc>
<tag>testeConteudo</tag>
<status status="PASS" start="2024-03-28T03:14:15.008738" elapsed="0.101029"/>
</test>
<status status="PASS" start="2024-03-28T03:14:14.138914" elapsed="0.972795"/>
</suite>
<status status="PASS" start="2024-03-28T03:14:14.125266" elapsed="0.991750"/>
</suite>
<statistics>
<total>
<stat pass="5" fail="0" skip="0">All Tests</stat>
</total>
<tag>
<stat pass="1" fail="0" skip="0">testeConteudo</stat>
<stat pass="1" fail="0" skip="0">testeEstruturaResposta</stat>
<stat pass="1" fail="0" skip="0">testeRequisicaoBasica</stat>
<stat pass="1" fail="0" skip="0">testeTiposDados</stat>
</tag>
<suite>
<stat pass="5" fail="0" skip="0" id="s1" name="Tests">Tests</stat>
<stat pass="5" fail="0" skip="0" id="s1-s1" name="Random-User-Test">Tests.Random-User-Test</stat>
</suite>
</statistics>
<errors>
</errors>
</robot>
