<?xml version="1.0" encoding="UTF-8"?>
<robot generator="Robot 7.0 (Python 3.12.3 on linux)" generated="2024-04-29T02:24:53.800930" rpa="false" schemaversion="5">
<suite id="s1" name="Tests" source="/home/runner/work/DesafioQAItauRogerioJordao/DesafioQAItauRogerioJordao/RamdonUser/tests">
<suite id="s1-s1" name="Random-User-Test" source="/home/runner/work/DesafioQAItauRogerioJordao/DesafioQAItauRogerioJordao/RamdonUser/tests/random-user-test.robot">
<test id="s1-s1-t1" name="Conectar" line="13">
<kw name="Conectar API" owner="random-user-service">
<kw name="Create Session" owner="RequestsLibrary">
<msg time="2024-04-29T02:24:54.162898" level="INFO">Creating Session using : alias=consultarAPI, url=https://randomuser.me/, headers={},                     cookies={}, auth=None, timeout=None, proxies=None, verify=False,                     debug=0 </msg>
<arg>consultarAPI</arg>
<arg>${URL}</arg>
<doc>Create Session: create a HTTP session to a server</doc>
<status status="PASS" start="2024-04-29T02:24:54.162696" elapsed="0.000393"/>
</kw>
<status status="PASS" start="2024-04-29T02:24:54.161702" elapsed="0.001748"/>
</kw>
<status status="PASS" start="2024-04-29T02:24:54.161075" elapsed="0.002568"/>
</test>
<test id="s1-s1-t2" name="Validar retorno 200 e JSON Válido" line="16">
<kw name="Teste de Requisicao Basica" owner="random-user-service">
<kw name="GET On Session" owner="RequestsLibrary">
<msg time="2024-04-29T02:24:54.401604" level="INFO">GET Request : url=https://randomuser.me/api 
 path_url=/api 
 headers={'User-Agent': 'python-requests/2.31.0', 'Accept-Encoding': 'gzip, deflate', 'Accept': '*/*', 'Connection': 'keep-alive'} 
 body=None 
 </msg>
<msg time="2024-04-29T02:24:54.401795" level="INFO">GET Response : url=https://randomuser.me/api 
 status=200, reason=OK 
 headers={'Date': 'Mon, 29 Apr 2024 02:24:54 GMT', 'Content-Type': 'application/json; charset=utf-8', 'Transfer-Encoding': 'chunked', 'Connection': 'keep-alive', 'X-Powered-By': 'Express', 'Access-Control-Allow-Origin': '*', 'Cache-Control': 'no-cache', 'ETag': 'W/"486-51lGTnRemFABA1fV7eDuZhh5tkY"', 'Vary': 'Accept-Encoding', 'Content-Encoding': 'gzip', 'CF-Cache-Status': 'DYNAMIC', 'Report-To': '{"endpoints":[{"url":"https:\\/\\/a.nel.cloudflare.com\\/report\\/v4?s=x4XF8531R3GsQ%2FZZSFgAZKK4gbsPXSjs%2F2VLiTkck8zgIZOygVC3B%2B6UUB70dBHJouyK54vALJ0xxWv9D5xJ0rWxO3KGzPyMzDXd8SXMZoGZ0d5DY2ToUgb7Vqe7grtC"}],"group":"cf-nel","max_age":604800}', 'NEL': '{"success_fraction":0,"report_to":"cf-nel","max_age":604800}', 'Server': 'cloudflare', 'CF-RAY': '87bbd6a3ba38204e-IAD', 'alt-svc': 'h3=":443"; ma=86400'} 
 body={"results":[{"gender":"male","name":{"title":"Mr","first":"Jeremy","last":"Porter"},"location":{"street":{"number":8456,"name":"Mill Road"},"city":"Norwich","state":"Surrey","country":"United Kingdom","postcode":"FA89 7FN","coordinates":{"latitude":"-5.3514","longitude":"-22.6400"},"timezone":{"offset":"-11:00","description":"Midway Island, Samoa"}},"email":"jeremy.porter@example.com","login":{"uuid":"7b1d79d7-6d28-4423-adfd-f900bc11cfb5","username":"yellowsnake959","password":"snow","salt":"xZlFsknA","md5":"67673c3b607e7806a46bdd3cfa2d2c0e","sha1":"a986210ce652a182c2d7c813860e61c78ee79035","sha256":"e92456e8784f9bd976d754fb2b786d7ee52764e1306581ad0a5e1d800f561cc6"},"dob":{"date":"1979-11-19T16:07:50.140Z","age":44},"registered":{"date":"2002-03-31T04:17:20.052Z","age":22},"phone":"0110865 751 1491","cell":"07893 439643","id":{"name":"NINO","value":"KR 38 93 64 K"},"picture":{"large":"https://randomuser.me/api/portraits/men/1.jpg","medium":"https://randomuser.me/api/portraits/med/men/1.jpg","thumbnail":"https://randomuser.me/api/portraits/thumb/men/1.jpg"},"nat":"GB"}],"info":{"seed":"8916ff0deebce1fd","results":1,"page":1,"version":"1.4"}} 
 </msg>
<msg time="2024-04-29T02:24:54.401894" level="INFO">/opt/hostedtoolcache/Python/3.12.3/x64/lib/python3.12/site-packages/urllib3/connectionpool.py:1103: InsecureRequestWarning: Unverified HTTPS request is being made to host 'randomuser.me'. Adding certificate verification is strongly advised. See: https://urllib3.readthedocs.io/en/latest/advanced-usage.html#tls-warnings
  warnings.warn(</msg>
<msg time="2024-04-29T02:24:54.402083" level="INFO">${response} = &lt;Response [200]&gt;</msg>
<var>${response}</var>
<arg>consultarAPI</arg>
<arg>/api</arg>
<doc>Sends a GET request on a previously created HTTP Session.</doc>
<status status="PASS" start="2024-04-29T02:24:54.166268" elapsed="0.235859"/>
</kw>
<kw name="Should Be Equal As Numbers" owner="BuiltIn">
<msg time="2024-04-29T02:24:54.403100" level="INFO">Argument types are:
&lt;class 'int'&gt;
&lt;class 'str'&gt;</msg>
<arg>${response.status_code}</arg>
<arg>200</arg>
<doc>Fails if objects are unequal after converting them to real numbers.</doc>
<status status="PASS" start="2024-04-29T02:24:54.402641" elapsed="0.000526"/>
</kw>
<kw name="Log" owner="BuiltIn">
<msg time="2024-04-29T02:24:54.403875" level="INFO">200</msg>
<arg>${response.status_code}</arg>
<doc>Logs the given message with the given level.</doc>
<status status="PASS" start="2024-04-29T02:24:54.403516" elapsed="0.000402"/>
</kw>
<kw name="Set Variable" owner="BuiltIn">
<msg time="2024-04-29T02:24:54.404714" level="INFO">${json_data} = {'results': [{'gender': 'male', 'name': {'title': 'Mr', 'first': 'Jeremy', 'last': 'Porter'}, 'location': {'street': {'number': 8456, 'name': 'Mill Road'}, 'city': 'Norwich', 'state': 'Surrey', 'count...</msg>
<var>${json_data}</var>
<arg>${response.json()}</arg>
<doc>Returns the given values which can then be assigned to a variables.</doc>
<status status="PASS" start="2024-04-29T02:24:54.404224" elapsed="0.000520"/>
</kw>
<kw name="Dictionary Should Contain Key" owner="Collections">
<msg time="2024-04-29T02:24:54.405212" level="INFO">False</msg>
<arg>${json_data}</arg>
<arg>results</arg>
<doc>Fails if ``key`` is not found from ``dictionary``.</doc>
<status status="PASS" start="2024-04-29T02:24:54.405046" elapsed="0.000205"/>
</kw>
<status status="PASS" start="2024-04-29T02:24:54.166024" elapsed="0.239490"/>
</kw>
<doc>Testa se a API responde corretamente e retorna um objeto JSON válido.</doc>
<tag>testeRequisicaoBasica</tag>
<status status="PASS" start="2024-04-29T02:24:54.165555" elapsed="0.240147"/>
</test>
<test id="s1-s1-t3" name="Validar estrutura de resposta" line="22">
<kw name="Teste de Estrutura de Resposta" owner="random-user-service">
<kw name="GET On Session" owner="RequestsLibrary">
<msg time="2024-04-29T02:24:54.522577" level="INFO">GET Request : url=https://randomuser.me/api 
 path_url=/api 
 headers={'User-Agent': 'python-requests/2.31.0', 'Accept-Encoding': 'gzip, deflate', 'Accept': '*/*', 'Connection': 'keep-alive'} 
 body=None 
 </msg>
<msg time="2024-04-29T02:24:54.522685" level="INFO">GET Response : url=https://randomuser.me/api 
 status=200, reason=OK 
 headers={'Date': 'Mon, 29 Apr 2024 02:24:54 GMT', 'Content-Type': 'application/json; charset=utf-8', 'Transfer-Encoding': 'chunked', 'Connection': 'keep-alive', 'X-Powered-By': 'Express', 'Access-Control-Allow-Origin': '*', 'Cache-Control': 'no-cache', 'ETag': 'W/"482-c4BBSD31GCZYGq1/kPWt2OpanWE"', 'Vary': 'Accept-Encoding', 'Content-Encoding': 'gzip', 'CF-Cache-Status': 'DYNAMIC', 'Report-To': '{"endpoints":[{"url":"https:\\/\\/a.nel.cloudflare.com\\/report\\/v4?s=C8MZcQkfaEjFBizXYK51LQ8xrzrlgD6F6fij8JyiAOXdF1vAEQoC6itFQDaOYVm%2Bf5fzVg7TE5Z7rhAp%2BIj%2BzXk%2FKESFRjehVK7AeIMtiqH%2B%2FojwU1lUwf2MKzftwuJL"}],"group":"cf-nel","max_age":604800}', 'NEL': '{"success_fraction":0,"report_to":"cf-nel","max_age":604800}', 'Server': 'cloudflare', 'CF-RAY': '87bbd6a41aa5204e-IAD', 'alt-svc': 'h3=":443"; ma=86400'} 
 body={"results":[{"gender":"male","name":{"title":"Monsieur","first":"Manuel","last":"Gaillard"},"location":{"street":{"number":8316,"name":"Rue Barrier"},"city":"Lamone","state":"Nidwalden","country":"Switzerland","postcode":3816,"coordinates":{"latitude":"-64.1797","longitude":"-79.2149"},"timezone":{"offset":"+5:45","description":"Kathmandu"}},"email":"manuel.gaillard@example.com","login":{"uuid":"95bd6781-65ec-467a-9460-d01f5d4586b5","username":"greenbear835","password":"ddddd","salt":"yv6YyCNK","md5":"a9ad97550df7de1cda68796d71cc7ad2","sha1":"c7ec823a9b457b9d4b17386c5cf4427c1e4973fe","sha256":"b54b7502c02a2096df88a9546ee645d93460dcce206837b3a521d18b4ad6fa32"},"dob":{"date":"1946-12-28T13:17:49.080Z","age":77},"registered":{"date":"2004-05-19T06:51:04.274Z","age":19},"phone":"079 235 47 35","cell":"078 936 97 50","id":{"name":"AVS","value":"756.7174.0085.47"},"picture":{"large":"https://randomuser.me/api/portraits/men/93.jpg","medium":"https://randomuser.me/api/portraits/med/men/93.jpg","thumbnail":"https://randomuser.me/api/portraits/thumb/men/93.jpg"},"nat":"CH"}],"info":{"seed":"5a6bf04aaa16dd72","results":1,"page":1,"version":"1.4"}} 
 </msg>
<msg time="2024-04-29T02:24:54.522801" level="INFO">/opt/hostedtoolcache/Python/3.12.3/x64/lib/python3.12/site-packages/urllib3/connectionpool.py:1103: InsecureRequestWarning: Unverified HTTPS request is being made to host 'randomuser.me'. Adding certificate verification is strongly advised. See: https://urllib3.readthedocs.io/en/latest/advanced-usage.html#tls-warnings
  warnings.warn(</msg>
<msg time="2024-04-29T02:24:54.522934" level="INFO">${response} = &lt;Response [200]&gt;</msg>
<var>${response}</var>
<arg>consultarAPI</arg>
<arg>/api</arg>
<doc>Sends a GET request on a previously created HTTP Session.</doc>
<status status="PASS" start="2024-04-29T02:24:54.408693" elapsed="0.114286"/>
</kw>
<kw name="Set Variable" owner="BuiltIn">
<msg time="2024-04-29T02:24:54.523936" level="INFO">${json_data} = {'results': [{'gender': 'male', 'name': {'title': 'Monsieur', 'first': 'Manuel', 'last': 'Gaillard'}, 'location': {'street': {'number': 8316, 'name': 'Rue Barrier'}, 'city': 'Lamone', 'state': 'Nidwal...</msg>
<var>${json_data}</var>
<arg>${response.json()}</arg>
<doc>Returns the given values which can then be assigned to a variables.</doc>
<status status="PASS" start="2024-04-29T02:24:54.523432" elapsed="0.000534"/>
</kw>
<kw name="Log" owner="BuiltIn">
<msg time="2024-04-29T02:24:54.524436" level="INFO">{'results': [{'gender': 'male', 'name': {'title': 'Monsieur', 'first': 'Manuel', 'last': 'Gaillard'}, 'location': {'street': {'number': 8316, 'name': 'Rue Barrier'}, 'city': 'Lamone', 'state': 'Nidwalden', 'country': 'Switzerland', 'postcode': 3816, 'coordinates': {'latitude': '-64.1797', 'longitude': '-79.2149'}, 'timezone': {'offset': '+5:45', 'description': 'Kathmandu'}}, 'email': 'manuel.gaillard@example.com', 'login': {'uuid': '95bd6781-65ec-467a-9460-d01f5d4586b5', 'username': 'greenbear835', 'password': 'ddddd', 'salt': 'yv6YyCNK', 'md5': 'a9ad97550df7de1cda68796d71cc7ad2', 'sha1': 'c7ec823a9b457b9d4b17386c5cf4427c1e4973fe', 'sha256': 'b54b7502c02a2096df88a9546ee645d93460dcce206837b3a521d18b4ad6fa32'}, 'dob': {'date': '1946-12-28T13:17:49.080Z', 'age': 77}, 'registered': {'date': '2004-05-19T06:51:04.274Z', 'age': 19}, 'phone': '079 235 47 35', 'cell': '078 936 97 50', 'id': {'name': 'AVS', 'value': '756.7174.0085.47'}, 'picture': {'large': 'https://randomuser.me/api/portraits/men/93.jpg', 'medium': 'https://randomuser.me/api/portraits/med/men/93.jpg', 'thumbnail': 'https://randomuser.me/api/portraits/thumb/men/93.jpg'}, 'nat': 'CH'}], 'info': {'seed': '5a6bf04aaa16dd72', 'results': 1, 'page': 1, 'version': '1.4'}}</msg>
<arg>${json_data}</arg>
<doc>Logs the given message with the given level.</doc>
<status status="PASS" start="2024-04-29T02:24:54.524276" elapsed="0.000209"/>
</kw>
<kw name="Dictionary Should Contain Key" owner="Collections">
<msg time="2024-04-29T02:24:54.524988" level="INFO">False</msg>
<arg>${json_data}</arg>
<arg>results</arg>
<doc>Fails if ``key`` is not found from ``dictionary``.</doc>
<status status="PASS" start="2024-04-29T02:24:54.524829" elapsed="0.000198"/>
</kw>
<kw name="Should Not Be Empty" owner="BuiltIn">
<msg time="2024-04-29T02:24:54.525467" level="INFO">Length is 2.</msg>
<arg>${json_data}</arg>
<doc>Verifies that the given item is not empty.</doc>
<status status="PASS" start="2024-04-29T02:24:54.525333" elapsed="0.000173"/>
</kw>
<kw name="Create List" owner="BuiltIn">
<msg time="2024-04-29T02:24:54.526104" level="INFO">${expected_keys} = ['gender', 'name', 'location', 'email', 'login']</msg>
<var>${expected_keys}</var>
<arg>gender</arg>
<arg>name</arg>
<arg>location</arg>
<arg>email</arg>
<arg>login</arg>
<doc>Returns a list containing given items.</doc>
<status status="PASS" start="2024-04-29T02:24:54.525806" elapsed="0.000323"/>
</kw>
<for flavor="IN">
<iter>
<kw name="Dictionary Should Contain Key" owner="Collections">
<msg time="2024-04-29T02:24:54.527130" level="INFO">False</msg>
<arg>${json_data['results'][0]}</arg>
<arg>${key}</arg>
<doc>Fails if ``key`` is not found from ``dictionary``.</doc>
<status status="PASS" start="2024-04-29T02:24:54.526728" elapsed="0.000441"/>
</kw>
<kw name="Log" owner="BuiltIn">
<msg time="2024-04-29T02:24:54.527852" level="INFO">{'gender': 'male', 'name': {'title': 'Monsieur', 'first': 'Manuel', 'last': 'Gaillard'}, 'location': {'street': {'number': 8316, 'name': 'Rue Barrier'}, 'city': 'Lamone', 'state': 'Nidwalden', 'country': 'Switzerland', 'postcode': 3816, 'coordinates': {'latitude': '-64.1797', 'longitude': '-79.2149'}, 'timezone': {'offset': '+5:45', 'description': 'Kathmandu'}}, 'email': 'manuel.gaillard@example.com', 'login': {'uuid': '95bd6781-65ec-467a-9460-d01f5d4586b5', 'username': 'greenbear835', 'password': 'ddddd', 'salt': 'yv6YyCNK', 'md5': 'a9ad97550df7de1cda68796d71cc7ad2', 'sha1': 'c7ec823a9b457b9d4b17386c5cf4427c1e4973fe', 'sha256': 'b54b7502c02a2096df88a9546ee645d93460dcce206837b3a521d18b4ad6fa32'}, 'dob': {'date': '1946-12-28T13:17:49.080Z', 'age': 77}, 'registered': {'date': '2004-05-19T06:51:04.274Z', 'age': 19}, 'phone': '079 235 47 35', 'cell': '078 936 97 50', 'id': {'name': 'AVS', 'value': '756.7174.0085.47'}, 'picture': {'large': 'https://randomuser.me/api/portraits/men/93.jpg', 'medium': 'https://randomuser.me/api/portraits/med/men/93.jpg', 'thumbnail': 'https://randomuser.me/api/portraits/thumb/men/93.jpg'}, 'nat': 'CH'}</msg>
<arg>${json_data['results'][0]}</arg>
<doc>Logs the given message with the given level.</doc>
<status status="PASS" start="2024-04-29T02:24:54.527478" elapsed="0.000421"/>
</kw>
<kw name="Log" owner="BuiltIn">
<msg time="2024-04-29T02:24:54.528334" level="INFO">gender</msg>
<arg>${key}</arg>
<doc>Logs the given message with the given level.</doc>
<status status="PASS" start="2024-04-29T02:24:54.528205" elapsed="0.000166"/>
</kw>
<var name="${key}">gender</var>
<status status="PASS" start="2024-04-29T02:24:54.526600" elapsed="0.002008"/>
</iter>
<iter>
<kw name="Dictionary Should Contain Key" owner="Collections">
<msg time="2024-04-29T02:24:54.529324" level="INFO">False</msg>
<arg>${json_data['results'][0]}</arg>
<arg>${key}</arg>
<doc>Fails if ``key`` is not found from ``dictionary``.</doc>
<status status="PASS" start="2024-04-29T02:24:54.528920" elapsed="0.000441"/>
</kw>
<kw name="Log" owner="BuiltIn">
<msg time="2024-04-29T02:24:54.530063" level="INFO">{'gender': 'male', 'name': {'title': 'Monsieur', 'first': 'Manuel', 'last': 'Gaillard'}, 'location': {'street': {'number': 8316, 'name': 'Rue Barrier'}, 'city': 'Lamone', 'state': 'Nidwalden', 'country': 'Switzerland', 'postcode': 3816, 'coordinates': {'latitude': '-64.1797', 'longitude': '-79.2149'}, 'timezone': {'offset': '+5:45', 'description': 'Kathmandu'}}, 'email': 'manuel.gaillard@example.com', 'login': {'uuid': '95bd6781-65ec-467a-9460-d01f5d4586b5', 'username': 'greenbear835', 'password': 'ddddd', 'salt': 'yv6YyCNK', 'md5': 'a9ad97550df7de1cda68796d71cc7ad2', 'sha1': 'c7ec823a9b457b9d4b17386c5cf4427c1e4973fe', 'sha256': 'b54b7502c02a2096df88a9546ee645d93460dcce206837b3a521d18b4ad6fa32'}, 'dob': {'date': '1946-12-28T13:17:49.080Z', 'age': 77}, 'registered': {'date': '2004-05-19T06:51:04.274Z', 'age': 19}, 'phone': '079 235 47 35', 'cell': '078 936 97 50', 'id': {'name': 'AVS', 'value': '756.7174.0085.47'}, 'picture': {'large': 'https://randomuser.me/api/portraits/men/93.jpg', 'medium': 'https://randomuser.me/api/portraits/med/men/93.jpg', 'thumbnail': 'https://randomuser.me/api/portraits/thumb/men/93.jpg'}, 'nat': 'CH'}</msg>
<arg>${json_data['results'][0]}</arg>
<doc>Logs the given message with the given level.</doc>
<status status="PASS" start="2024-04-29T02:24:54.529690" elapsed="0.000422"/>
</kw>
<kw name="Log" owner="BuiltIn">
<msg time="2024-04-29T02:24:54.530545" level="INFO">name</msg>
<arg>${key}</arg>
<doc>Logs the given message with the given level.</doc>
<status status="PASS" start="2024-04-29T02:24:54.530408" elapsed="0.000174"/>
</kw>
<var name="${key}">name</var>
<status status="PASS" start="2024-04-29T02:24:54.528803" elapsed="0.001993"/>
</iter>
<iter>
<kw name="Dictionary Should Contain Key" owner="Collections">
<msg time="2024-04-29T02:24:54.531469" level="INFO">False</msg>
<arg>${json_data['results'][0]}</arg>
<arg>${key}</arg>
<doc>Fails if ``key`` is not found from ``dictionary``.</doc>
<status status="PASS" start="2024-04-29T02:24:54.531085" elapsed="0.000422"/>
</kw>
<kw name="Log" owner="BuiltIn">
<msg time="2024-04-29T02:24:54.532168" level="INFO">{'gender': 'male', 'name': {'title': 'Monsieur', 'first': 'Manuel', 'last': 'Gaillard'}, 'location': {'street': {'number': 8316, 'name': 'Rue Barrier'}, 'city': 'Lamone', 'state': 'Nidwalden', 'country': 'Switzerland', 'postcode': 3816, 'coordinates': {'latitude': '-64.1797', 'longitude': '-79.2149'}, 'timezone': {'offset': '+5:45', 'description': 'Kathmandu'}}, 'email': 'manuel.gaillard@example.com', 'login': {'uuid': '95bd6781-65ec-467a-9460-d01f5d4586b5', 'username': 'greenbear835', 'password': 'ddddd', 'salt': 'yv6YyCNK', 'md5': 'a9ad97550df7de1cda68796d71cc7ad2', 'sha1': 'c7ec823a9b457b9d4b17386c5cf4427c1e4973fe', 'sha256': 'b54b7502c02a2096df88a9546ee645d93460dcce206837b3a521d18b4ad6fa32'}, 'dob': {'date': '1946-12-28T13:17:49.080Z', 'age': 77}, 'registered': {'date': '2004-05-19T06:51:04.274Z', 'age': 19}, 'phone': '079 235 47 35', 'cell': '078 936 97 50', 'id': {'name': 'AVS', 'value': '756.7174.0085.47'}, 'picture': {'large': 'https://randomuser.me/api/portraits/men/93.jpg', 'medium': 'https://randomuser.me/api/portraits/med/men/93.jpg', 'thumbnail': 'https://randomuser.me/api/portraits/thumb/men/93.jpg'}, 'nat': 'CH'}</msg>
<arg>${json_data['results'][0]}</arg>
<doc>Logs the given message with the given level.</doc>
<status status="PASS" start="2024-04-29T02:24:54.531800" elapsed="0.000416"/>
</kw>
<kw name="Log" owner="BuiltIn">
<msg time="2024-04-29T02:24:54.532674" level="INFO">location</msg>
<arg>${key}</arg>
<doc>Logs the given message with the given level.</doc>
<status status="PASS" start="2024-04-29T02:24:54.532508" elapsed="0.000216"/>
</kw>
<var name="${key}">location</var>
<status status="PASS" start="2024-04-29T02:24:54.530975" elapsed="0.001976"/>
</iter>
<iter>
<kw name="Dictionary Should Contain Key" owner="Collections">
<msg time="2024-04-29T02:24:54.533635" level="INFO">False</msg>
<arg>${json_data['results'][0]}</arg>
<arg>${key}</arg>
<doc>Fails if ``key`` is not found from ``dictionary``.</doc>
<status status="PASS" start="2024-04-29T02:24:54.533246" elapsed="0.000426"/>
</kw>
<kw name="Log" owner="BuiltIn">
<msg time="2024-04-29T02:24:54.534329" level="INFO">{'gender': 'male', 'name': {'title': 'Monsieur', 'first': 'Manuel', 'last': 'Gaillard'}, 'location': {'street': {'number': 8316, 'name': 'Rue Barrier'}, 'city': 'Lamone', 'state': 'Nidwalden', 'country': 'Switzerland', 'postcode': 3816, 'coordinates': {'latitude': '-64.1797', 'longitude': '-79.2149'}, 'timezone': {'offset': '+5:45', 'description': 'Kathmandu'}}, 'email': 'manuel.gaillard@example.com', 'login': {'uuid': '95bd6781-65ec-467a-9460-d01f5d4586b5', 'username': 'greenbear835', 'password': 'ddddd', 'salt': 'yv6YyCNK', 'md5': 'a9ad97550df7de1cda68796d71cc7ad2', 'sha1': 'c7ec823a9b457b9d4b17386c5cf4427c1e4973fe', 'sha256': 'b54b7502c02a2096df88a9546ee645d93460dcce206837b3a521d18b4ad6fa32'}, 'dob': {'date': '1946-12-28T13:17:49.080Z', 'age': 77}, 'registered': {'date': '2004-05-19T06:51:04.274Z', 'age': 19}, 'phone': '079 235 47 35', 'cell': '078 936 97 50', 'id': {'name': 'AVS', 'value': '756.7174.0085.47'}, 'picture': {'large': 'https://randomuser.me/api/portraits/men/93.jpg', 'medium': 'https://randomuser.me/api/portraits/med/men/93.jpg', 'thumbnail': 'https://randomuser.me/api/portraits/thumb/men/93.jpg'}, 'nat': 'CH'}</msg>
<arg>${json_data['results'][0]}</arg>
<doc>Logs the given message with the given level.</doc>
<status status="PASS" start="2024-04-29T02:24:54.533970" elapsed="0.000409"/>
</kw>
<kw name="Log" owner="BuiltIn">
<msg time="2024-04-29T02:24:54.534796" level="INFO">email</msg>
<arg>${key}</arg>
<doc>Logs the given message with the given level.</doc>
<status status="PASS" start="2024-04-29T02:24:54.534672" elapsed="0.000162"/>
</kw>
<var name="${key}">email</var>
<status status="PASS" start="2024-04-29T02:24:54.533135" elapsed="0.001911"/>
</iter>
<iter>
<kw name="Dictionary Should Contain Key" owner="Collections">
<msg time="2024-04-29T02:24:54.535722" level="INFO">False</msg>
<arg>${json_data['results'][0]}</arg>
<arg>${key}</arg>
<doc>Fails if ``key`` is not found from ``dictionary``.</doc>
<status status="PASS" start="2024-04-29T02:24:54.535329" elapsed="0.000431"/>
</kw>
<kw name="Log" owner="BuiltIn">
<msg time="2024-04-29T02:24:54.536412" level="INFO">{'gender': 'male', 'name': {'title': 'Monsieur', 'first': 'Manuel', 'last': 'Gaillard'}, 'location': {'street': {'number': 8316, 'name': 'Rue Barrier'}, 'city': 'Lamone', 'state': 'Nidwalden', 'country': 'Switzerland', 'postcode': 3816, 'coordinates': {'latitude': '-64.1797', 'longitude': '-79.2149'}, 'timezone': {'offset': '+5:45', 'description': 'Kathmandu'}}, 'email': 'manuel.gaillard@example.com', 'login': {'uuid': '95bd6781-65ec-467a-9460-d01f5d4586b5', 'username': 'greenbear835', 'password': 'ddddd', 'salt': 'yv6YyCNK', 'md5': 'a9ad97550df7de1cda68796d71cc7ad2', 'sha1': 'c7ec823a9b457b9d4b17386c5cf4427c1e4973fe', 'sha256': 'b54b7502c02a2096df88a9546ee645d93460dcce206837b3a521d18b4ad6fa32'}, 'dob': {'date': '1946-12-28T13:17:49.080Z', 'age': 77}, 'registered': {'date': '2004-05-19T06:51:04.274Z', 'age': 19}, 'phone': '079 235 47 35', 'cell': '078 936 97 50', 'id': {'name': 'AVS', 'value': '756.7174.0085.47'}, 'picture': {'large': 'https://randomuser.me/api/portraits/men/93.jpg', 'medium': 'https://randomuser.me/api/portraits/med/men/93.jpg', 'thumbnail': 'https://randomuser.me/api/portraits/thumb/men/93.jpg'}, 'nat': 'CH'}</msg>
<arg>${json_data['results'][0]}</arg>
<doc>Logs the given message with the given level.</doc>
<status status="PASS" start="2024-04-29T02:24:54.536050" elapsed="0.000412"/>
</kw>
<kw name="Log" owner="BuiltIn">
<msg time="2024-04-29T02:24:54.536920" level="INFO">login</msg>
<arg>${key}</arg>
<doc>Logs the given message with the given level.</doc>
<status status="PASS" start="2024-04-29T02:24:54.536790" elapsed="0.000169"/>
</kw>
<var name="${key}">login</var>
<status status="PASS" start="2024-04-29T02:24:54.535219" elapsed="0.001958"/>
</iter>
<var>${key}</var>
<value>@{expected_keys}</value>
<status status="PASS" start="2024-04-29T02:24:54.526397" elapsed="0.010938"/>
</for>
<kw name="Create List" owner="BuiltIn">
<msg time="2024-04-29T02:24:54.537681" level="INFO">${expected_keysTwo} = ['username', 'password']</msg>
<var>${expected_keysTwo}</var>
<arg>username</arg>
<arg>password</arg>
<doc>Returns a list containing given items.</doc>
<status status="PASS" start="2024-04-29T02:24:54.537532" elapsed="0.000173"/>
</kw>
<for flavor="IN">
<iter>
<kw name="Dictionary Should Contain Key" owner="Collections">
<msg time="2024-04-29T02:24:54.538599" level="INFO">False</msg>
<arg>${json_data['results'][0]['login']}</arg>
<arg>${keyTwo}</arg>
<doc>Fails if ``key`` is not found from ``dictionary``.</doc>
<status status="PASS" start="2024-04-29T02:24:54.538202" elapsed="0.000434"/>
</kw>
<kw name="Dictionary Should Contain Key" owner="Collections">
<msg time="2024-04-29T02:24:54.539328" level="INFO">False</msg>
<arg>${json_data['results'][0]['login']}</arg>
<arg>${keyTwo}</arg>
<doc>Fails if ``key`` is not found from ``dictionary``.</doc>
<status status="PASS" start="2024-04-29T02:24:54.538933" elapsed="0.000433"/>
</kw>
<kw name="Log" owner="BuiltIn">
<msg time="2024-04-29T02:24:54.539783" level="INFO">username</msg>
<arg>${keyTwo}</arg>
<doc>Logs the given message with the given level.</doc>
<status status="PASS" start="2024-04-29T02:24:54.539657" elapsed="0.000171"/>
</kw>
<var name="${keyTwo}">username</var>
<status status="PASS" start="2024-04-29T02:24:54.538092" elapsed="0.001950"/>
</iter>
<iter>
<kw name="Dictionary Should Contain Key" owner="Collections">
<msg time="2024-04-29T02:24:54.540749" level="INFO">False</msg>
<arg>${json_data['results'][0]['login']}</arg>
<arg>${keyTwo}</arg>
<doc>Fails if ``key`` is not found from ``dictionary``.</doc>
<status status="PASS" start="2024-04-29T02:24:54.540333" elapsed="0.000468"/>
</kw>
<kw name="Dictionary Should Contain Key" owner="Collections">
<msg time="2024-04-29T02:24:54.541560" level="INFO">False</msg>
<arg>${json_data['results'][0]['login']}</arg>
<arg>${keyTwo}</arg>
<doc>Fails if ``key`` is not found from ``dictionary``.</doc>
<status status="PASS" start="2024-04-29T02:24:54.541097" elapsed="0.000502"/>
</kw>
<kw name="Log" owner="BuiltIn">
<msg time="2024-04-29T02:24:54.542019" level="INFO">password</msg>
<arg>${keyTwo}</arg>
<doc>Logs the given message with the given level.</doc>
<status status="PASS" start="2024-04-29T02:24:54.541892" elapsed="0.000165"/>
</kw>
<var name="${keyTwo}">password</var>
<status status="PASS" start="2024-04-29T02:24:54.540224" elapsed="0.002050"/>
</iter>
<var>${keyTwo}</var>
<value>@{expected_keysTwo}</value>
<status status="PASS" start="2024-04-29T02:24:54.537940" elapsed="0.004455"/>
</for>
<status status="PASS" start="2024-04-29T02:24:54.408323" elapsed="0.134213"/>
</kw>
<doc>Testa a estrutura da resposta da API.</doc>
<tag>testeEstruturaResposta</tag>
<status status="PASS" start="2024-04-29T02:24:54.407555" elapsed="0.135144"/>
</test>
<test id="s1-s1-t4" name="Validar tipos de dados" line="28">
<kw name="Teste de Tipos de Dados" owner="random-user-service">
<kw name="GET On Session" owner="RequestsLibrary">
<msg time="2024-04-29T02:24:54.613258" level="INFO">GET Request : url=https://randomuser.me/api 
 path_url=/api 
 headers={'User-Agent': 'python-requests/2.31.0', 'Accept-Encoding': 'gzip, deflate', 'Accept': '*/*', 'Connection': 'keep-alive'} 
 body=None 
 </msg>
<msg time="2024-04-29T02:24:54.613350" level="INFO">GET Response : url=https://randomuser.me/api 
 status=200, reason=OK 
 headers={'Date': 'Mon, 29 Apr 2024 02:24:54 GMT', 'Content-Type': 'application/json; charset=utf-8', 'Transfer-Encoding': 'chunked', 'Connection': 'keep-alive', 'X-Powered-By': 'Express', 'Access-Control-Allow-Origin': '*', 'Cache-Control': 'no-cache', 'ETag': 'W/"488-BCHrBvGPaRZ9cp8cpN+1hFzDzao"', 'Vary': 'Accept-Encoding', 'Content-Encoding': 'gzip', 'CF-Cache-Status': 'DYNAMIC', 'Report-To': '{"endpoints":[{"url":"https:\\/\\/a.nel.cloudflare.com\\/report\\/v4?s=X5RVKCryyM%2BTjWAdue2ImWhmEN9JDejXGy3lwyLKfxMMri6KDPOWWky7iBkeZhA4qGiP0jKv0GbHPpln8ImpPa9Hrb77yi1NOzz3qaSNMkFsLQg6sRtM3e05o%2FH006QG"}],"group":"cf-nel","max_age":604800}', 'NEL': '{"success_fraction":0,"report_to":"cf-nel","max_age":604800}', 'Server': 'cloudflare', 'CF-RAY': '87bbd6a4ebac204e-IAD', 'alt-svc': 'h3=":443"; ma=86400'} 
 body={"results":[{"gender":"male","name":{"title":"Mr","first":"Loris","last":"Richard"},"location":{"street":{"number":1372,"name":"Rue Bossuet"},"city":"Saint-Pierre","state":"Saône-et-Loire","country":"France","postcode":57757,"coordinates":{"latitude":"-16.5182","longitude":"-1.9697"},"timezone":{"offset":"-2:00","description":"Mid-Atlantic"}},"email":"loris.richard@example.com","login":{"uuid":"7d626dd8-f4bd-4e22-b168-1f4452d74db6","username":"happylion183","password":"alyssa","salt":"7rU16jlB","md5":"a08a25ba7e3e139292621dd8c915f829","sha1":"ce2e43916b83b9403e4564e22805b0b4236bd395","sha256":"f3a83f395ba502a2686da65789ce3345d9e9bf8ef83490612aed56cace1ad63c"},"dob":{"date":"2001-02-09T03:02:20.979Z","age":23},"registered":{"date":"2008-01-07T16:33:53.832Z","age":16},"phone":"02-18-42-86-48","cell":"06-80-87-96-26","id":{"name":"INSEE","value":"11010125266955 89"},"picture":{"large":"https://randomuser.me/api/portraits/men/26.jpg","medium":"https://randomuser.me/api/portraits/med/men/26.jpg","thumbnail":"https://randomuser.me/api/portraits/thumb/men/26.jpg"},"nat":"FR"}],"info":{"seed":"170f81912a554611","results":1,"page":1,"version":"1.4"}} 
 </msg>
<msg time="2024-04-29T02:24:54.613431" level="INFO">/opt/hostedtoolcache/Python/3.12.3/x64/lib/python3.12/site-packages/urllib3/connectionpool.py:1103: InsecureRequestWarning: Unverified HTTPS request is being made to host 'randomuser.me'. Adding certificate verification is strongly advised. See: https://urllib3.readthedocs.io/en/latest/advanced-usage.html#tls-warnings
  warnings.warn(</msg>
<msg time="2024-04-29T02:24:54.613580" level="INFO">${response} = &lt;Response [200]&gt;</msg>
<var>${response}</var>
<arg>consultarAPI</arg>
<arg>/api</arg>
<doc>Sends a GET request on a previously created HTTP Session.</doc>
<status status="PASS" start="2024-04-29T02:24:54.545209" elapsed="0.068429"/>
</kw>
<kw name="Set Variable" owner="BuiltIn">
<msg time="2024-04-29T02:24:54.614550" level="INFO">${json_data} = {'results': [{'gender': 'male', 'name': {'title': 'Mr', 'first': 'Loris', 'last': 'Richard'}, 'location': {'street': {'number': 1372, 'name': 'Rue Bossuet'}, 'city': 'Saint-Pierre', 'state': 'Saône-et...</msg>
<var>${json_data}</var>
<arg>${response.json()}</arg>
<doc>Returns the given values which can then be assigned to a variables.</doc>
<status status="PASS" start="2024-04-29T02:24:54.614082" elapsed="0.000497"/>
</kw>
<kw name="Log" owner="BuiltIn">
<msg time="2024-04-29T02:24:54.615038" level="INFO">{'results': [{'gender': 'male', 'name': {'title': 'Mr', 'first': 'Loris', 'last': 'Richard'}, 'location': {'street': {'number': 1372, 'name': 'Rue Bossuet'}, 'city': 'Saint-Pierre', 'state': 'Saône-et-Loire', 'country': 'France', 'postcode': 57757, 'coordinates': {'latitude': '-16.5182', 'longitude': '-1.9697'}, 'timezone': {'offset': '-2:00', 'description': 'Mid-Atlantic'}}, 'email': 'loris.richard@example.com', 'login': {'uuid': '7d626dd8-f4bd-4e22-b168-1f4452d74db6', 'username': 'happylion183', 'password': 'alyssa', 'salt': '7rU16jlB', 'md5': 'a08a25ba7e3e139292621dd8c915f829', 'sha1': 'ce2e43916b83b9403e4564e22805b0b4236bd395', 'sha256': 'f3a83f395ba502a2686da65789ce3345d9e9bf8ef83490612aed56cace1ad63c'}, 'dob': {'date': '2001-02-09T03:02:20.979Z', 'age': 23}, 'registered': {'date': '2008-01-07T16:33:53.832Z', 'age': 16}, 'phone': '02-18-42-86-48', 'cell': '06-80-87-96-26', 'id': {'name': 'INSEE', 'value': '11010125266955 89'}, 'picture': {'large': 'https://randomuser.me/api/portraits/men/26.jpg', 'medium': 'https://randomuser.me/api/portraits/med/men/26.jpg', 'thumbnail': 'https://randomuser.me/api/portraits/thumb/men/26.jpg'}, 'nat': 'FR'}], 'info': {'seed': '170f81912a554611', 'results': 1, 'page': 1, 'version': '1.4'}}</msg>
<arg>${json_data}</arg>
<doc>Logs the given message with the given level.</doc>
<status status="PASS" start="2024-04-29T02:24:54.614884" elapsed="0.000239"/>
</kw>
<kw name="Should Be String" owner="String">
<arg>${json_data['results'][0]['gender']}</arg>
<doc>Fails if the given ``item`` is not a string.</doc>
<status status="PASS" start="2024-04-29T02:24:54.615421" elapsed="0.000353"/>
</kw>
<kw name="Should Match Regexp" owner="BuiltIn">
<arg>${json_data['results'][0]['email']}</arg>
<arg>^[a-zA-Z0-9._%+-]+@[a-zA-Z0-9.-]+\.[a-zA-Z]{2,}$</arg>
<doc>Fails if ``string`` does not match ``pattern`` as a regular expression.</doc>
<status status="PASS" start="2024-04-29T02:24:54.615964" elapsed="0.000545"/>
</kw>
<kw name="Should Match Regexp" owner="BuiltIn">
<arg>${json_data['results'][0]['dob']['date']}</arg>
<arg>\\d{4}-\\d{2}-\\d{2}T\\d{2}:\\d{2}:\\d{2}\\.\\d{3}Z</arg>
<doc>Fails if ``string`` does not match ``pattern`` as a regular expression.</doc>
<status status="PASS" start="2024-04-29T02:24:54.616746" elapsed="0.000499"/>
</kw>
<kw name="Should Match Regexp" owner="BuiltIn">
<arg>${json_data['results'][0]['registered']['date']}</arg>
<arg>\\d{4}-\\d{2}-\\d{2}T\\d{2}:\\d{2}:\\d{2}\\.\\d{3}Z</arg>
<doc>Fails if ``string`` does not match ``pattern`` as a regular expression.</doc>
<status status="PASS" start="2024-04-29T02:24:54.617433" elapsed="0.000364"/>
</kw>
<kw name="Should Match Regexp" owner="BuiltIn">
<arg>${json_data['results'][0]['picture']['large']}</arg>
<arg>^https?://.*\.(?:png|jpe?g|gif|bmp)$</arg>
<doc>Fails if ``string`` does not match ``pattern`` as a regular expression.</doc>
<status status="PASS" start="2024-04-29T02:24:54.617981" elapsed="0.000482"/>
</kw>
<kw name="Should Match Regexp" owner="BuiltIn">
<arg>${json_data['results'][0]['picture']['medium']}</arg>
<arg>^https?://.*\.(?:png|jpe?g|gif|bmp)$</arg>
<doc>Fails if ``string`` does not match ``pattern`` as a regular expression.</doc>
<status status="PASS" start="2024-04-29T02:24:54.618659" elapsed="0.000375"/>
</kw>
<kw name="Should Match Regexp" owner="BuiltIn">
<arg>${json_data['results'][0]['picture']['thumbnail']}</arg>
<arg>^https?://.*\.(?:png|jpe?g|gif|bmp)$</arg>
<doc>Fails if ``string`` does not match ``pattern`` as a regular expression.</doc>
<status status="PASS" start="2024-04-29T02:24:54.619224" elapsed="0.000349"/>
</kw>
<kw name="Log" owner="BuiltIn">
<msg time="2024-04-29T02:24:54.620100" level="INFO">{'large': 'https://randomuser.me/api/portraits/men/26.jpg', 'medium': 'https://randomuser.me/api/portraits/med/men/26.jpg', 'thumbnail': 'https://randomuser.me/api/portraits/thumb/men/26.jpg'}</msg>
<arg>${json_data['results'][0]['picture']}</arg>
<doc>Logs the given message with the given level.</doc>
<status status="PASS" start="2024-04-29T02:24:54.619751" elapsed="0.000391"/>
</kw>
<status status="PASS" start="2024-04-29T02:24:54.544974" elapsed="0.075423"/>
</kw>
<kw name="Teste de Tipos de Dados - Postcode" owner="random-user-service">
<kw name="GET On Session" owner="RequestsLibrary">
<msg time="2024-04-29T02:24:54.694133" level="INFO">GET Request : url=https://randomuser.me/api 
 path_url=/api 
 headers={'User-Agent': 'python-requests/2.31.0', 'Accept-Encoding': 'gzip, deflate', 'Accept': '*/*', 'Connection': 'keep-alive'} 
 body=None 
 </msg>
<msg time="2024-04-29T02:24:54.694219" level="INFO">GET Response : url=https://randomuser.me/api 
 status=200, reason=OK 
 headers={'Date': 'Mon, 29 Apr 2024 02:24:54 GMT', 'Content-Type': 'application/json; charset=utf-8', 'Transfer-Encoding': 'chunked', 'Connection': 'keep-alive', 'X-Powered-By': 'Express', 'Access-Control-Allow-Origin': '*', 'Cache-Control': 'no-cache', 'ETag': 'W/"48e-jiLDfT5e55/u8PE8Vd9TW9Zh1E0"', 'Vary': 'Accept-Encoding', 'Content-Encoding': 'gzip', 'CF-Cache-Status': 'DYNAMIC', 'Report-To': '{"endpoints":[{"url":"https:\\/\\/a.nel.cloudflare.com\\/report\\/v4?s=tFMWkoJnli21QGEwRvhVYyrfvhQSRAJlAXdnalSKQVpisH4m9ZIO5n7AxNS5Asnk60W3kU45IMqipTBhpTzoilOJCnh8zrYzqU87lRaP03RDwSYJCr8F0vQjl04vbTww"}],"group":"cf-nel","max_age":604800}', 'NEL': '{"success_fraction":0,"report_to":"cf-nel","max_age":604800}', 'Server': 'cloudflare', 'CF-RAY': '87bbd6a56c47204e-IAD', 'alt-svc': 'h3=":443"; ma=86400'} 
 body={"results":[{"gender":"male","name":{"title":"Mr","first":"اميرحسين","last":"رضایی"},"location":{"street":{"number":263,"name":"میدان استقلال"},"city":"قدس","state":"آذربایجان غربی","country":"Iran","postcode":36931,"coordinates":{"latitude":"19.7818","longitude":"-93.3691"},"timezone":{"offset":"+5:45","description":"Kathmandu"}},"email":"myrhsyn.rdyy@example.com","login":{"uuid":"22b0aa04-4bf1-47e7-9df7-170242e91bf5","username":"whiteladybug210","password":"smile","salt":"qT8fD5Bx","md5":"65025eed874a327d2d049cc11d992bc3","sha1":"04923f21c779106c7046e2b4e8babc2c07b9aafd","sha256":"892ee890875d62fcae618b5d59b07ddfa613b9afc8346c59d77a21513b38430e"},"dob":{"date":"1969-08-09T22:44:30.106Z","age":54},"registered":{"date":"2003-03-19T15:39:26.117Z","age":21},"phone":"031-85079387","cell":"0921-689-1715","id":{"name":"","value":null},"picture":{"large":"https://randomuser.me/api/portraits/men/18.jpg","medium":"https://randomuser.me/api/portraits/med/men/18.jpg","thumbnail":"https://randomuser.me/api/portraits/thumb/men/18.jpg"},"nat":"IR"}],"info":{"seed":"45c1f725c304dff2","results":1,"page":1,"version":"1.4"}} 
 </msg>
<msg time="2024-04-29T02:24:54.694287" level="INFO">/opt/hostedtoolcache/Python/3.12.3/x64/lib/python3.12/site-packages/urllib3/connectionpool.py:1103: InsecureRequestWarning: Unverified HTTPS request is being made to host 'randomuser.me'. Adding certificate verification is strongly advised. See: https://urllib3.readthedocs.io/en/latest/advanced-usage.html#tls-warnings
  warnings.warn(</msg>
<msg time="2024-04-29T02:24:54.694413" level="INFO">${response} = &lt;Response [200]&gt;</msg>
<var>${response}</var>
<arg>consultarAPI</arg>
<arg>/api</arg>
<doc>Sends a GET request on a previously created HTTP Session.</doc>
<status status="PASS" start="2024-04-29T02:24:54.620887" elapsed="0.073568"/>
</kw>
<kw name="Set Variable" owner="BuiltIn">
<msg time="2024-04-29T02:24:54.695440" level="INFO">${json_data} = {'results': [{'gender': 'male', 'name': {'title': 'Mr', 'first': 'اميرحسين', 'last': 'رضایی'}, 'location': {'street': {'number': 263, 'name': 'میدان استقلال'}, 'city': 'قدس', 'state': 'آذربایجان غربی'...</msg>
<var>${json_data}</var>
<arg>${response.json()}</arg>
<doc>Returns the given values which can then be assigned to a variables.</doc>
<status status="PASS" start="2024-04-29T02:24:54.694925" elapsed="0.000546"/>
</kw>
<kw name="Log" owner="BuiltIn">
<msg time="2024-04-29T02:24:54.695973" level="INFO">{'results': [{'gender': 'male', 'name': {'title': 'Mr', 'first': 'اميرحسين', 'last': 'رضایی'}, 'location': {'street': {'number': 263, 'name': 'میدان استقلال'}, 'city': 'قدس', 'state': 'آذربایجان غربی', 'country': 'Iran', 'postcode': 36931, 'coordinates': {'latitude': '19.7818', 'longitude': '-93.3691'}, 'timezone': {'offset': '+5:45', 'description': 'Kathmandu'}}, 'email': 'myrhsyn.rdyy@example.com', 'login': {'uuid': '22b0aa04-4bf1-47e7-9df7-170242e91bf5', 'username': 'whiteladybug210', 'password': 'smile', 'salt': 'qT8fD5Bx', 'md5': '65025eed874a327d2d049cc11d992bc3', 'sha1': '04923f21c779106c7046e2b4e8babc2c07b9aafd', 'sha256': '892ee890875d62fcae618b5d59b07ddfa613b9afc8346c59d77a21513b38430e'}, 'dob': {'date': '1969-08-09T22:44:30.106Z', 'age': 54}, 'registered': {'date': '2003-03-19T15:39:26.117Z', 'age': 21}, 'phone': '031-85079387', 'cell': '0921-689-1715', 'id': {'name': '', 'value': None}, 'picture': {'large': 'https://randomuser.me/api/portraits/men/18.jpg', 'medium': 'https://randomuser.me/api/portraits/med/men/18.jpg', 'thumbnail': 'https://randomuser.me/api/portraits/thumb/men/18.jpg'}, 'nat': 'IR'}], 'info': {'seed': '45c1f725c304dff2', 'results': 1, 'page': 1, 'version': '1.4'}}</msg>
<arg>${json_data}</arg>
<doc>Logs the given message with the given level.</doc>
<status status="PASS" start="2024-04-29T02:24:54.695799" elapsed="0.000260"/>
</kw>
<kw name="Should Be Equal As Numbers" owner="BuiltIn">
<arg>${json_data['results'][0]['location']['postcode']}</arg>
<arg>${json_data['results'][0]['location']['postcode']}</arg>
<doc>Fails if objects are unequal after converting them to real numbers.</doc>
<status status="PASS" start="2024-04-29T02:24:54.696371" elapsed="0.000851"/>
</kw>
<kw name="Log" owner="BuiltIn">
<msg time="2024-04-29T02:24:54.697825" level="INFO">36931</msg>
<arg>${json_data['results'][0]['location']['postcode']}</arg>
<doc>Logs the given message with the given level.</doc>
<status status="PASS" start="2024-04-29T02:24:54.697468" elapsed="0.000408"/>
</kw>
<status status="PASS" start="2024-04-29T02:24:54.620649" elapsed="0.077491"/>
</kw>
<doc>Testa se os tipos de dados na resposta da API estão corretos.</doc>
<tag>testeTiposDados</tag>
<status status="PASS" start="2024-04-29T02:24:54.544484" elapsed="0.153829"/>
</test>
<test id="s1-s1-t5" name="Validar conteudo" line="35">
<kw name="Teste de Tipos de Conteudo" owner="random-user-service">
<kw name="GET On Session" owner="RequestsLibrary">
<msg time="2024-04-29T02:24:54.797029" level="INFO">GET Request : url=https://randomuser.me/api 
 path_url=/api 
 headers={'User-Agent': 'python-requests/2.31.0', 'Accept-Encoding': 'gzip, deflate', 'Accept': '*/*', 'Connection': 'keep-alive'} 
 body=None 
 </msg>
<msg time="2024-04-29T02:24:54.797120" level="INFO">GET Response : url=https://randomuser.me/api 
 status=200, reason=OK 
 headers={'Date': 'Mon, 29 Apr 2024 02:24:54 GMT', 'Content-Type': 'application/json; charset=utf-8', 'Transfer-Encoding': 'chunked', 'Connection': 'keep-alive', 'X-Powered-By': 'Express', 'Access-Control-Allow-Origin': '*', 'Cache-Control': 'no-cache', 'ETag': 'W/"469-7gtVINGtXTbOrd5hvk401t/C+2k"', 'Vary': 'Accept-Encoding', 'Content-Encoding': 'gzip', 'CF-Cache-Status': 'DYNAMIC', 'Report-To': '{"endpoints":[{"url":"https:\\/\\/a.nel.cloudflare.com\\/report\\/v4?s=2k7MLtls7RG8As3XtbFTBQggwLhjliDRdcVnvGaDRDwe5xHtSS5j9MbHUfUxUCCcV6hSwe5V59oAOACGXxpr2zkl4h%2B4qnlklmeoBUcdDYvXAJ%2BLTIA8EZ8Fy%2FHLeGip"}],"group":"cf-nel","max_age":604800}', 'NEL': '{"success_fraction":0,"report_to":"cf-nel","max_age":604800}', 'Server': 'cloudflare', 'CF-RAY': '87bbd6a5ecd5204e-IAD', 'alt-svc': 'h3=":443"; ma=86400'} 
 body={"results":[{"gender":"male","name":{"title":"Mr","first":"Kerim","last":"Sadıklar"},"location":{"street":{"number":9302,"name":"Istiklal Cd"},"city":"Mersin","state":"Ankara","country":"Turkey","postcode":30406,"coordinates":{"latitude":"69.4660","longitude":"-21.5090"},"timezone":{"offset":"+3:30","description":"Tehran"}},"email":"kerim.sadiklar@example.com","login":{"uuid":"8b9e7613-92a9-4a64-9fdc-43fec218a758","username":"ticklishpeacock328","password":"woodwork","salt":"LiNMPxqe","md5":"1d31876c913707c28b4e8f5920cf4e64","sha1":"ed85f1086b5d69772564f62174320af0c36652a8","sha256":"fb915d4431c504fcaf3b130b5007dad17350a4badf0f089612f26da117339916"},"dob":{"date":"1956-09-07T21:32:52.681Z","age":67},"registered":{"date":"2021-05-28T11:27:05.416Z","age":2},"phone":"(810)-564-3506","cell":"(522)-526-7795","id":{"name":"","value":null},"picture":{"large":"https://randomuser.me/api/portraits/men/91.jpg","medium":"https://randomuser.me/api/portraits/med/men/91.jpg","thumbnail":"https://randomuser.me/api/portraits/thumb/men/91.jpg"},"nat":"TR"}],"info":{"seed":"917e780db2a1724d","results":1,"page":1,"version":"1.4"}} 
 </msg>
<msg time="2024-04-29T02:24:54.797190" level="INFO">/opt/hostedtoolcache/Python/3.12.3/x64/lib/python3.12/site-packages/urllib3/connectionpool.py:1103: InsecureRequestWarning: Unverified HTTPS request is being made to host 'randomuser.me'. Adding certificate verification is strongly advised. See: https://urllib3.readthedocs.io/en/latest/advanced-usage.html#tls-warnings
  warnings.warn(</msg>
<msg time="2024-04-29T02:24:54.797307" level="INFO">${response} = &lt;Response [200]&gt;</msg>
<var>${response}</var>
<arg>consultarAPI</arg>
<arg>/api</arg>
<doc>Sends a GET request on a previously created HTTP Session.</doc>
<status status="PASS" start="2024-04-29T02:24:54.700816" elapsed="0.096533"/>
</kw>
<kw name="Set Variable" owner="BuiltIn">
<msg time="2024-04-29T02:24:54.798338" level="INFO">${json_data} = {'results': [{'gender': 'male', 'name': {'title': 'Mr', 'first': 'Kerim', 'last': 'Sadıklar'}, 'location': {'street': {'number': 9302, 'name': 'Istiklal Cd'}, 'city': 'Mersin', 'state': 'Ankara', 'cou...</msg>
<var>${json_data}</var>
<arg>${response.json()}</arg>
<doc>Returns the given values which can then be assigned to a variables.</doc>
<status status="PASS" start="2024-04-29T02:24:54.797847" elapsed="0.000522"/>
</kw>
<kw name="Set Variable" owner="BuiltIn">
<msg time="2024-04-29T02:24:54.799088" level="INFO">${name_title} = Mr</msg>
<var>${name_title}</var>
<arg>${json_data["results"][0]["name"]["title"]}</arg>
<doc>Returns the given values which can then be assigned to a variables.</doc>
<status status="PASS" start="2024-04-29T02:24:54.798690" elapsed="0.000425"/>
</kw>
<kw name="Create List" owner="BuiltIn">
<msg time="2024-04-29T02:24:54.799576" level="INFO">${allowed_titles} = ['Mr', 'Ms', 'Miss', 'Mrs', 'Madame', 'Monsieur']</msg>
<var>${allowed_titles}</var>
<arg>Mr</arg>
<arg>Ms</arg>
<arg>Miss</arg>
<arg>Mrs</arg>
<arg>Madame</arg>
<arg>Monsieur</arg>
<doc>Returns a list containing given items.</doc>
<status status="PASS" start="2024-04-29T02:24:54.799425" elapsed="0.000176"/>
</kw>
<kw name="List Should Contain Value" owner="Collections">
<msg time="2024-04-29T02:24:54.800084" level="INFO">False</msg>
<arg>${allowed_titles}</arg>
<arg>${name_title}</arg>
<doc>Fails if the ``value`` is not found from ``list``.</doc>
<status status="PASS" start="2024-04-29T02:24:54.799907" elapsed="0.000215"/>
</kw>
<kw name="Set Variable" owner="BuiltIn">
<msg time="2024-04-29T02:24:54.800851" level="INFO">${name_country} = TR</msg>
<var>${name_country}</var>
<arg>${json_data["results"][0]["nat"]}</arg>
<doc>Returns the given values which can then be assigned to a variables.</doc>
<status status="PASS" start="2024-04-29T02:24:54.800418" elapsed="0.000460"/>
</kw>
<kw name="Create List" owner="BuiltIn">
<msg time="2024-04-29T02:24:54.801778" level="INFO">${list_country} = ['AD', 'AE', 'AF', 'AG', 'AI', 'AL', 'AM', 'AO', 'AQ', 'AR', 'AS', 'AT', 'AU', 'AW', 'AX', 'AZ', 'BA', 'BB', 'BD', 'BE', 'BF', 'BG', 'BH', 'BI', 'BJ', 'BL', 'BM', 'BN', 'BO', 'BQ', 'BR', 'BS', 'BT', '...</msg>
<var>${list_country}</var>
<arg>AD</arg>
<arg>AE</arg>
<arg>AF</arg>
<arg>AG</arg>
<arg>AI</arg>
<arg>AL</arg>
<arg>AM</arg>
<arg>AO</arg>
<arg>AQ</arg>
<arg>AR</arg>
<arg>AS</arg>
<arg>AT</arg>
<arg>AU</arg>
<arg>AW</arg>
<arg>AX</arg>
<arg>AZ</arg>
<arg>BA</arg>
<arg>BB</arg>
<arg>BD</arg>
<arg>BE</arg>
<arg>BF</arg>
<arg>BG</arg>
<arg>BH</arg>
<arg>BI</arg>
<arg>BJ</arg>
<arg>BL</arg>
<arg>BM</arg>
<arg>BN</arg>
<arg>BO</arg>
<arg>BQ</arg>
<arg>BR</arg>
<arg>BS</arg>
<arg>BT</arg>
<arg>BV</arg>
<arg>BW</arg>
<arg>BY</arg>
<arg>BZ</arg>
<arg>CA</arg>
<arg>CC</arg>
<arg>CD</arg>
<arg>CF</arg>
<arg>CG</arg>
<arg>CH</arg>
<arg>CI</arg>
<arg>CK</arg>
<arg>CL</arg>
<arg>CM</arg>
<arg>CN</arg>
<arg>CO</arg>
<arg>CR</arg>
<arg>CU</arg>
<arg>CV</arg>
<arg>CW</arg>
<arg>CX</arg>
<arg>CY</arg>
<arg>CZ</arg>
<arg>DE</arg>
<arg>DJ</arg>
<arg>DK</arg>
<arg>DM</arg>
<arg>DO</arg>
<arg>DZ</arg>
<arg>EC</arg>
<arg>EE</arg>
<arg>EG</arg>
<arg>EH</arg>
<arg>ER</arg>
<arg>ES</arg>
<arg>ET</arg>
<arg>FI</arg>
<arg>FJ</arg>
<arg>FK</arg>
<arg>FM</arg>
<arg>FO</arg>
<arg>FR</arg>
<arg>GA</arg>
<arg>GB</arg>
<arg>GD</arg>
<arg>GE</arg>
<arg>GF</arg>
<arg>GG</arg>
<arg>GH</arg>
<arg>GI</arg>
<arg>GL</arg>
<arg>GM</arg>
<arg>GN</arg>
<arg>GP</arg>
<arg>GQ</arg>
<arg>GR</arg>
<arg>GS</arg>
<arg>GT</arg>
<arg>GU</arg>
<arg>GW</arg>
<arg>GY</arg>
<arg>HK</arg>
<arg>HM</arg>
<arg>HN</arg>
<arg>HR</arg>
<arg>HT</arg>
<arg>HU</arg>
<arg>ID</arg>
<arg>IE</arg>
<arg>IL</arg>
<arg>IM</arg>
<arg>IN</arg>
<arg>IO</arg>
<arg>IQ</arg>
<arg>IR</arg>
<arg>IS</arg>
<arg>IT</arg>
<arg>JE</arg>
<arg>JM</arg>
<arg>JO</arg>
<arg>JP</arg>
<arg>KE</arg>
<arg>KG</arg>
<arg>KH</arg>
<arg>KI</arg>
<arg>KM</arg>
<arg>KN</arg>
<arg>KP</arg>
<arg>KR</arg>
<arg>KW</arg>
<arg>KY</arg>
<arg>KZ</arg>
<arg>LA</arg>
<arg>LB</arg>
<arg>LC</arg>
<arg>LI</arg>
<arg>LK</arg>
<arg>LR</arg>
<arg>LS</arg>
<arg>LT</arg>
<arg>LU</arg>
<arg>LV</arg>
<arg>LY</arg>
<arg>MA</arg>
<arg>MC</arg>
<arg>MD</arg>
<arg>ME</arg>
<arg>MF</arg>
<arg>MG</arg>
<arg>MH</arg>
<arg>MK</arg>
<arg>ML</arg>
<arg>MM</arg>
<arg>MN</arg>
<arg>MO</arg>
<arg>MP</arg>
<arg>MQ</arg>
<arg>MR</arg>
<arg>MS</arg>
<arg>MT</arg>
<arg>MU</arg>
<arg>MV</arg>
<arg>MW</arg>
<arg>MX</arg>
<arg>MY</arg>
<arg>MZ</arg>
<arg>NA</arg>
<arg>NC</arg>
<arg>NE</arg>
<arg>NF</arg>
<arg>NG</arg>
<arg>NI</arg>
<arg>NL</arg>
<arg>NO</arg>
<arg>NP</arg>
<arg>NR</arg>
<arg>NU</arg>
<arg>NZ</arg>
<arg>OM</arg>
<arg>PA</arg>
<arg>PE</arg>
<arg>PF</arg>
<arg>PG</arg>
<arg>PH</arg>
<arg>PK</arg>
<arg>PL</arg>
<arg>PM</arg>
<arg>PN</arg>
<arg>PR</arg>
<arg>PS</arg>
<arg>PT</arg>
<arg>PW</arg>
<arg>PY</arg>
<arg>QA</arg>
<arg>RE</arg>
<arg>RO</arg>
<arg>RS</arg>
<arg>RU</arg>
<arg>RW</arg>
<arg>SA</arg>
<arg>SB</arg>
<arg>SC</arg>
<arg>SD</arg>
<arg>SE</arg>
<arg>SG</arg>
<arg>SH</arg>
<arg>SI</arg>
<arg>SJ</arg>
<arg>SK</arg>
<arg>SL</arg>
<arg>SM</arg>
<arg>SN</arg>
<arg>SO</arg>
<arg>SR</arg>
<arg>SS</arg>
<arg>ST</arg>
<arg>SV</arg>
<arg>SX</arg>
<arg>SY</arg>
<arg>SZ</arg>
<arg>TC</arg>
<arg>TD</arg>
<arg>TF</arg>
<arg>TG</arg>
<arg>TH</arg>
<arg>TJ</arg>
<arg>TK</arg>
<arg>TL</arg>
<arg>TM</arg>
<arg>TN</arg>
<arg>TO</arg>
<arg>TR</arg>
<arg>TT</arg>
<arg>TV</arg>
<arg>TW</arg>
<arg>TZ</arg>
<arg>UA</arg>
<arg>UG</arg>
<arg>UM</arg>
<arg>US</arg>
<arg>UY</arg>
<arg>UZ</arg>
<arg>VA</arg>
<arg>VC</arg>
<arg>VE</arg>
<arg>VG</arg>
<arg>VI</arg>
<arg>VN</arg>
<arg>VU</arg>
<arg>WF</arg>
<arg>WS</arg>
<arg>XK</arg>
<arg>YE</arg>
<arg>YT</arg>
<arg>ZA</arg>
<arg>ZM</arg>
<arg>ZW</arg>
<doc>Returns a list containing given items.</doc>
<status status="PASS" start="2024-04-29T02:24:54.801189" elapsed="0.000615"/>
</kw>
<kw name="List Should Contain Value" owner="Collections">
<msg time="2024-04-29T02:24:54.802808" level="INFO">False</msg>
<arg>${list_country}</arg>
<arg>${name_country}</arg>
<doc>Fails if the ``value`` is not found from ``list``.</doc>
<status status="PASS" start="2024-04-29T02:24:54.802599" elapsed="0.000247"/>
</kw>
<kw name="Run Keyword If" owner="BuiltIn">
<kw name="Should Be True" owner="BuiltIn">
<arg>${True}</arg>
<doc>Fails if the given condition is not true.</doc>
<status status="PASS" start="2024-04-29T02:24:54.803939" elapsed="0.000144"/>
</kw>
<arg>${json_data["results"][0]["location"]["coordinates"]["latitude"]} &gt;= -90 and ${json_data["results"][0]["location"]["coordinates"]["latitude"]} &lt;= 90</arg>
<arg>Should Be True</arg>
<arg>${True}</arg>
<doc>Runs the given keyword with the given arguments, if ``condition`` is true.</doc>
<status status="PASS" start="2024-04-29T02:24:54.803163" elapsed="0.001048"/>
</kw>
<kw name="Run Keyword If" owner="BuiltIn">
<kw name="Should Be True" owner="BuiltIn">
<arg>${True}</arg>
<doc>Fails if the given condition is not true.</doc>
<status status="PASS" start="2024-04-29T02:24:54.805156" elapsed="0.000249"/>
</kw>
<arg>${json_data["results"][0]["location"]["coordinates"]["longitude"]} &gt;= -180 and ${json_data["results"][0]["location"]["coordinates"]["longitude"]} &lt;= 180</arg>
<arg>Should Be True</arg>
<arg>${True}</arg>
<doc>Runs the given keyword with the given arguments, if ``condition`` is true.</doc>
<status status="PASS" start="2024-04-29T02:24:54.804408" elapsed="0.001127"/>
</kw>
<status status="PASS" start="2024-04-29T02:24:54.700562" elapsed="0.105112"/>
</kw>
<doc>Testa o conteúdo específico dos campos retornados pela API.</doc>
<tag>testeConteudo</tag>
<status status="PASS" start="2024-04-29T02:24:54.700081" elapsed="0.105744"/>
</test>
<status status="PASS" start="2024-04-29T02:24:53.858679" elapsed="0.949131"/>
</suite>
<status status="PASS" start="2024-04-29T02:24:53.844994" elapsed="0.968018"/>
</suite>
<statistics>
<total>
<stat pass="5" fail="0" skip="0">All Tests</stat>
</total>
<tag>
<stat pass="1" fail="0" skip="0">testeConteudo</stat>
<stat pass="1" fail="0" skip="0">testeEstruturaResposta</stat>
<stat pass="1" fail="0" skip="0">testeRequisicaoBasica</stat>
<stat pass="1" fail="0" skip="0">testeTiposDados</stat>
</tag>
<suite>
<stat pass="5" fail="0" skip="0" id="s1" name="Tests">Tests</stat>
<stat pass="5" fail="0" skip="0" id="s1-s1" name="Random-User-Test">Tests.Random-User-Test</stat>
</suite>
</statistics>
<errors>
</errors>
</robot>
