<?xml version="1.0" encoding="UTF-8"?>
<robot generator="Robot 7.0 (Python 3.12.3 on linux)" generated="2024-04-26T06:19:27.675421" rpa="false" schemaversion="5">
<suite id="s1" name="Tests" source="/home/runner/work/DesafioQAItauRogerioJordao/DesafioQAItauRogerioJordao/RamdonUser/tests">
<suite id="s1-s1" name="Random-User-Test" source="/home/runner/work/DesafioQAItauRogerioJordao/DesafioQAItauRogerioJordao/RamdonUser/tests/random-user-test.robot">
<test id="s1-s1-t1" name="Conectar" line="13">
<kw name="Conectar API" owner="random-user-service">
<kw name="Create Session" owner="RequestsLibrary">
<msg time="2024-04-26T06:19:28.027954" level="INFO">Creating Session using : alias=consultarAPI, url=https://randomuser.me/, headers={},                     cookies={}, auth=None, timeout=None, proxies=None, verify=False,                     debug=0 </msg>
<arg>consultarAPI</arg>
<arg>${URL}</arg>
<doc>Create Session: create a HTTP session to a server</doc>
<status status="PASS" start="2024-04-26T06:19:28.027754" elapsed="0.000376"/>
</kw>
<status status="PASS" start="2024-04-26T06:19:28.026809" elapsed="0.001681"/>
</kw>
<status status="PASS" start="2024-04-26T06:19:28.026200" elapsed="0.002485"/>
</test>
<test id="s1-s1-t2" name="Validar retorno 200 e JSON Válido" line="16">
<kw name="Teste de Requisicao Basica" owner="random-user-service">
<kw name="GET On Session" owner="RequestsLibrary">
<msg time="2024-04-26T06:19:28.096380" level="INFO">GET Request : url=https://randomuser.me/api 
 path_url=/api 
 headers={'User-Agent': 'python-requests/2.31.0', 'Accept-Encoding': 'gzip, deflate', 'Accept': '*/*', 'Connection': 'keep-alive'} 
 body=None 
 </msg>
<msg time="2024-04-26T06:19:28.096484" level="INFO">GET Response : url=https://randomuser.me/api 
 status=200, reason=OK 
 headers={'Date': 'Fri, 26 Apr 2024 06:19:28 GMT', 'Content-Type': 'application/json; charset=utf-8', 'Transfer-Encoding': 'chunked', 'Connection': 'keep-alive', 'X-Powered-By': 'Express', 'Access-Control-Allow-Origin': '*', 'Cache-Control': 'no-cache', 'ETag': 'W/"492-csHuGYAVQ46kuWNJbDambStQjiE"', 'Vary': 'Accept-Encoding', 'Content-Encoding': 'gzip', 'CF-Cache-Status': 'DYNAMIC', 'Report-To': '{"endpoints":[{"url":"https:\\/\\/a.nel.cloudflare.com\\/report\\/v4?s=bYbHyq3QQxZlbACQT6xqOWrEHNPWSE5SuoHTfKX8rVVlD2NJDJITQj%2BXfyvzDzqSb37Ycbp495zesExV7u972WYw0xH%2BTGSik4x1zOV9DMKblKxm7Uj%2Bj4p6pZdujUMb"}],"group":"cf-nel","max_age":604800}', 'NEL': '{"success_fraction":0,"report_to":"cf-nel","max_age":604800}', 'Server': 'cloudflare', 'CF-RAY': '87a4761c58d32331-ORD', 'alt-svc': 'h3=":443"; ma=86400'} 
 body={"results":[{"gender":"male","name":{"title":"Mr","first":"Jens-Uwe","last":"Essig"},"location":{"street":{"number":4615,"name":"Parkstraße"},"city":"Glinde","state":"Berlin","country":"Germany","postcode":70355,"coordinates":{"latitude":"-55.6146","longitude":"-87.2012"},"timezone":{"offset":"-6:00","description":"Central Time (US &amp; Canada), Mexico City"}},"email":"jens-uwe.essig@example.com","login":{"uuid":"8237b42a-d58e-47cb-81b5-5cb59921d8c8","username":"silvergoose431","password":"baggio","salt":"1xI5BUQG","md5":"c8e6db8c69f580a3ae34f50e97e4790b","sha1":"0776d70f5e22b909cb7015857a857d5ea461a091","sha256":"7309a7bdd8bc398b4cafb98260d5eb35d52f3b469076de3c2ae87270e9883289"},"dob":{"date":"1989-04-17T01:26:04.892Z","age":35},"registered":{"date":"2016-02-03T22:13:44.364Z","age":8},"phone":"0551-0857535","cell":"0174-5532803","id":{"name":"SVNR","value":"74 160489 E 388"},"picture":{"large":"https://randomuser.me/api/portraits/men/31.jpg","medium":"https://randomuser.me/api/portraits/med/men/31.jpg","thumbnail":"https://randomuser.me/api/portraits/thumb/men/31.jpg"},"nat":"DE"}],"info":{"seed":"587ae689883ecea3","results":1,"page":1,"version":"1.4"}} 
 </msg>
<msg time="2024-04-26T06:19:28.096564" level="INFO">/opt/hostedtoolcache/Python/3.12.3/x64/lib/python3.12/site-packages/urllib3/connectionpool.py:1103: InsecureRequestWarning: Unverified HTTPS request is being made to host 'randomuser.me'. Adding certificate verification is strongly advised. See: https://urllib3.readthedocs.io/en/latest/advanced-usage.html#tls-warnings
  warnings.warn(</msg>
<msg time="2024-04-26T06:19:28.096677" level="INFO">${response} = &lt;Response [200]&gt;</msg>
<var>${response}</var>
<arg>consultarAPI</arg>
<arg>/api</arg>
<doc>Sends a GET request on a previously created HTTP Session.</doc>
<status status="PASS" start="2024-04-26T06:19:28.031308" elapsed="0.065407"/>
</kw>
<kw name="Should Be Equal As Numbers" owner="BuiltIn">
<msg time="2024-04-26T06:19:28.097553" level="INFO">Argument types are:
&lt;class 'int'&gt;
&lt;class 'str'&gt;</msg>
<arg>${response.status_code}</arg>
<arg>200</arg>
<doc>Fails if objects are unequal after converting them to real numbers.</doc>
<status status="PASS" start="2024-04-26T06:19:28.097117" elapsed="0.000500"/>
</kw>
<kw name="Log" owner="BuiltIn">
<msg time="2024-04-26T06:19:28.098306" level="INFO">200</msg>
<arg>${response.status_code}</arg>
<doc>Logs the given message with the given level.</doc>
<status status="PASS" start="2024-04-26T06:19:28.097953" elapsed="0.000396"/>
</kw>
<kw name="Set Variable" owner="BuiltIn">
<msg time="2024-04-26T06:19:28.099102" level="INFO">${json_data} = {'results': [{'gender': 'male', 'name': {'title': 'Mr', 'first': 'Jens-Uwe', 'last': 'Essig'}, 'location': {'street': {'number': 4615, 'name': 'Parkstraße'}, 'city': 'Glinde', 'state': 'Berlin', 'coun...</msg>
<var>${json_data}</var>
<arg>${response.json()}</arg>
<doc>Returns the given values which can then be assigned to a variables.</doc>
<status status="PASS" start="2024-04-26T06:19:28.098652" elapsed="0.000480"/>
</kw>
<kw name="Dictionary Should Contain Key" owner="Collections">
<msg time="2024-04-26T06:19:28.099600" level="INFO">False</msg>
<arg>${json_data}</arg>
<arg>results</arg>
<doc>Fails if ``key`` is not found from ``dictionary``.</doc>
<status status="PASS" start="2024-04-26T06:19:28.099436" elapsed="0.000202"/>
</kw>
<status status="PASS" start="2024-04-26T06:19:28.031064" elapsed="0.068829"/>
</kw>
<doc>Testa se a API responde corretamente e retorna um objeto JSON válido.</doc>
<tag>testeRequisicaoBasica</tag>
<status status="PASS" start="2024-04-26T06:19:28.030596" elapsed="0.069466"/>
</test>
<test id="s1-s1-t3" name="Validar estrutura de resposta" line="22">
<kw name="Teste de Estrutura de Resposta" owner="random-user-service">
<kw name="GET On Session" owner="RequestsLibrary">
<msg time="2024-04-26T06:19:28.210799" level="INFO">GET Request : url=https://randomuser.me/api 
 path_url=/api 
 headers={'User-Agent': 'python-requests/2.31.0', 'Accept-Encoding': 'gzip, deflate', 'Accept': '*/*', 'Connection': 'keep-alive'} 
 body=None 
 </msg>
<msg time="2024-04-26T06:19:28.210878" level="INFO">GET Response : url=https://randomuser.me/api 
 status=200, reason=OK 
 headers={'Date': 'Fri, 26 Apr 2024 06:19:28 GMT', 'Content-Type': 'application/json; charset=utf-8', 'Transfer-Encoding': 'chunked', 'Connection': 'keep-alive', 'X-Powered-By': 'Express', 'Access-Control-Allow-Origin': '*', 'Cache-Control': 'no-cache', 'ETag': 'W/"490-LgXwrBRL8U6ZEs85Pf5X3xOWg64"', 'Vary': 'Accept-Encoding', 'Content-Encoding': 'gzip', 'CF-Cache-Status': 'DYNAMIC', 'Report-To': '{"endpoints":[{"url":"https:\\/\\/a.nel.cloudflare.com\\/report\\/v4?s=U7BmptCINwWvcZoJja1wyMFpbKawjm0nGMXgTtSoFGkBzGfrNAFWlK61HYZ8qyE3C61H3tNszwFGN4KuJHP5yB7QhiMQbfi4o9zoe2fD8BRUvgLb0Gda%2Fbh590AwhTp%2B"}],"group":"cf-nel","max_age":604800}', 'NEL': '{"success_fraction":0,"report_to":"cf-nel","max_age":604800}', 'Server': 'cloudflare', 'CF-RAY': '87a4761ca90f2331-ORD', 'alt-svc': 'h3=":443"; ma=86400'} 
 body={"results":[{"gender":"female","name":{"title":"Ms","first":"Kayla","last":"Jackson"},"location":{"street":{"number":6216,"name":"Castle Street"},"city":"Palmerston North","state":"Auckland","country":"New Zealand","postcode":52876,"coordinates":{"latitude":"47.1947","longitude":"117.9791"},"timezone":{"offset":"+2:00","description":"Kaliningrad, South Africa"}},"email":"kayla.jackson@example.com","login":{"uuid":"84e89190-7ddc-42c0-a1e6-c19e2433c0f7","username":"greenrabbit205","password":"truelove","salt":"2ZUlXalg","md5":"6ea89716b5949fd9689bd0c67db0d2c2","sha1":"ec9d3fe3dd7fdd049e25bb5f13ffdbaad63afc11","sha256":"1ef704b4500eb11b83d098ada6bd350e29c09f85c3e548f56dbe326637042351"},"dob":{"date":"1980-01-08T15:20:56.495Z","age":44},"registered":{"date":"2020-11-26T00:58:20.805Z","age":3},"phone":"(212)-709-4855","cell":"(197)-601-6116","id":{"name":"","value":null},"picture":{"large":"https://randomuser.me/api/portraits/women/15.jpg","medium":"https://randomuser.me/api/portraits/med/women/15.jpg","thumbnail":"https://randomuser.me/api/portraits/thumb/women/15.jpg"},"nat":"NZ"}],"info":{"seed":"93935c093746b815","results":1,"page":1,"version":"1.4"}} 
 </msg>
<msg time="2024-04-26T06:19:28.210997" level="INFO">/opt/hostedtoolcache/Python/3.12.3/x64/lib/python3.12/site-packages/urllib3/connectionpool.py:1103: InsecureRequestWarning: Unverified HTTPS request is being made to host 'randomuser.me'. Adding certificate verification is strongly advised. See: https://urllib3.readthedocs.io/en/latest/advanced-usage.html#tls-warnings
  warnings.warn(</msg>
<msg time="2024-04-26T06:19:28.211115" level="INFO">${response} = &lt;Response [200]&gt;</msg>
<var>${response}</var>
<arg>consultarAPI</arg>
<arg>/api</arg>
<doc>Sends a GET request on a previously created HTTP Session.</doc>
<status status="PASS" start="2024-04-26T06:19:28.102699" elapsed="0.108466"/>
</kw>
<kw name="Set Variable" owner="BuiltIn">
<msg time="2024-04-26T06:19:28.212324" level="INFO">${json_data} = {'results': [{'gender': 'female', 'name': {'title': 'Ms', 'first': 'Kayla', 'last': 'Jackson'}, 'location': {'street': {'number': 6216, 'name': 'Castle Street'}, 'city': 'Palmerston North', 'state': '...</msg>
<var>${json_data}</var>
<arg>${response.json()}</arg>
<doc>Returns the given values which can then be assigned to a variables.</doc>
<status status="PASS" start="2024-04-26T06:19:28.211686" elapsed="0.000667"/>
</kw>
<kw name="Log" owner="BuiltIn">
<msg time="2024-04-26T06:19:28.212814" level="INFO">{'results': [{'gender': 'female', 'name': {'title': 'Ms', 'first': 'Kayla', 'last': 'Jackson'}, 'location': {'street': {'number': 6216, 'name': 'Castle Street'}, 'city': 'Palmerston North', 'state': 'Auckland', 'country': 'New Zealand', 'postcode': 52876, 'coordinates': {'latitude': '47.1947', 'longitude': '117.9791'}, 'timezone': {'offset': '+2:00', 'description': 'Kaliningrad, South Africa'}}, 'email': 'kayla.jackson@example.com', 'login': {'uuid': '84e89190-7ddc-42c0-a1e6-c19e2433c0f7', 'username': 'greenrabbit205', 'password': 'truelove', 'salt': '2ZUlXalg', 'md5': '6ea89716b5949fd9689bd0c67db0d2c2', 'sha1': 'ec9d3fe3dd7fdd049e25bb5f13ffdbaad63afc11', 'sha256': '1ef704b4500eb11b83d098ada6bd350e29c09f85c3e548f56dbe326637042351'}, 'dob': {'date': '1980-01-08T15:20:56.495Z', 'age': 44}, 'registered': {'date': '2020-11-26T00:58:20.805Z', 'age': 3}, 'phone': '(212)-709-4855', 'cell': '(197)-601-6116', 'id': {'name': '', 'value': None}, 'picture': {'large': 'https://randomuser.me/api/portraits/women/15.jpg', 'medium': 'https://randomuser.me/api/portraits/med/women/15.jpg', 'thumbnail': 'https://randomuser.me/api/portraits/thumb/women/15.jpg'}, 'nat': 'NZ'}], 'info': {'seed': '93935c093746b815', 'results': 1, 'page': 1, 'version': '1.4'}}</msg>
<arg>${json_data}</arg>
<doc>Logs the given message with the given level.</doc>
<status status="PASS" start="2024-04-26T06:19:28.212660" elapsed="0.000202"/>
</kw>
<kw name="Dictionary Should Contain Key" owner="Collections">
<msg time="2024-04-26T06:19:28.213357" level="INFO">False</msg>
<arg>${json_data}</arg>
<arg>results</arg>
<doc>Fails if ``key`` is not found from ``dictionary``.</doc>
<status status="PASS" start="2024-04-26T06:19:28.213154" elapsed="0.000243"/>
</kw>
<kw name="Should Not Be Empty" owner="BuiltIn">
<msg time="2024-04-26T06:19:28.213836" level="INFO">Length is 2.</msg>
<arg>${json_data}</arg>
<doc>Verifies that the given item is not empty.</doc>
<status status="PASS" start="2024-04-26T06:19:28.213705" elapsed="0.000169"/>
</kw>
<kw name="Create List" owner="BuiltIn">
<msg time="2024-04-26T06:19:28.214435" level="INFO">${expected_keys} = ['gender', 'name', 'location', 'email', 'login']</msg>
<var>${expected_keys}</var>
<arg>gender</arg>
<arg>name</arg>
<arg>location</arg>
<arg>email</arg>
<arg>login</arg>
<doc>Returns a list containing given items.</doc>
<status status="PASS" start="2024-04-26T06:19:28.214161" elapsed="0.000300"/>
</kw>
<for flavor="IN">
<iter>
<kw name="Dictionary Should Contain Key" owner="Collections">
<msg time="2024-04-26T06:19:28.215477" level="INFO">False</msg>
<arg>${json_data['results'][0]}</arg>
<arg>${key}</arg>
<doc>Fails if ``key`` is not found from ``dictionary``.</doc>
<status status="PASS" start="2024-04-26T06:19:28.215026" elapsed="0.000490"/>
</kw>
<kw name="Log" owner="BuiltIn">
<msg time="2024-04-26T06:19:28.216196" level="INFO">{'gender': 'female', 'name': {'title': 'Ms', 'first': 'Kayla', 'last': 'Jackson'}, 'location': {'street': {'number': 6216, 'name': 'Castle Street'}, 'city': 'Palmerston North', 'state': 'Auckland', 'country': 'New Zealand', 'postcode': 52876, 'coordinates': {'latitude': '47.1947', 'longitude': '117.9791'}, 'timezone': {'offset': '+2:00', 'description': 'Kaliningrad, South Africa'}}, 'email': 'kayla.jackson@example.com', 'login': {'uuid': '84e89190-7ddc-42c0-a1e6-c19e2433c0f7', 'username': 'greenrabbit205', 'password': 'truelove', 'salt': '2ZUlXalg', 'md5': '6ea89716b5949fd9689bd0c67db0d2c2', 'sha1': 'ec9d3fe3dd7fdd049e25bb5f13ffdbaad63afc11', 'sha256': '1ef704b4500eb11b83d098ada6bd350e29c09f85c3e548f56dbe326637042351'}, 'dob': {'date': '1980-01-08T15:20:56.495Z', 'age': 44}, 'registered': {'date': '2020-11-26T00:58:20.805Z', 'age': 3}, 'phone': '(212)-709-4855', 'cell': '(197)-601-6116', 'id': {'name': '', 'value': None}, 'picture': {'large': 'https://randomuser.me/api/portraits/women/15.jpg', 'medium': 'https://randomuser.me/api/portraits/med/women/15.jpg', 'thumbnail': 'https://randomuser.me/api/portraits/thumb/women/15.jpg'}, 'nat': 'NZ'}</msg>
<arg>${json_data['results'][0]}</arg>
<doc>Logs the given message with the given level.</doc>
<status status="PASS" start="2024-04-26T06:19:28.215830" elapsed="0.000415"/>
</kw>
<kw name="Log" owner="BuiltIn">
<msg time="2024-04-26T06:19:28.216675" level="INFO">gender</msg>
<arg>${key}</arg>
<doc>Logs the given message with the given level.</doc>
<status status="PASS" start="2024-04-26T06:19:28.216540" elapsed="0.000173"/>
</kw>
<var name="${key}">gender</var>
<status status="PASS" start="2024-04-26T06:19:28.214902" elapsed="0.002022"/>
</iter>
<iter>
<kw name="Dictionary Should Contain Key" owner="Collections">
<msg time="2024-04-26T06:19:28.217663" level="INFO">False</msg>
<arg>${json_data['results'][0]}</arg>
<arg>${key}</arg>
<doc>Fails if ``key`` is not found from ``dictionary``.</doc>
<status status="PASS" start="2024-04-26T06:19:28.217221" elapsed="0.000479"/>
</kw>
<kw name="Log" owner="BuiltIn">
<msg time="2024-04-26T06:19:28.218379" level="INFO">{'gender': 'female', 'name': {'title': 'Ms', 'first': 'Kayla', 'last': 'Jackson'}, 'location': {'street': {'number': 6216, 'name': 'Castle Street'}, 'city': 'Palmerston North', 'state': 'Auckland', 'country': 'New Zealand', 'postcode': 52876, 'coordinates': {'latitude': '47.1947', 'longitude': '117.9791'}, 'timezone': {'offset': '+2:00', 'description': 'Kaliningrad, South Africa'}}, 'email': 'kayla.jackson@example.com', 'login': {'uuid': '84e89190-7ddc-42c0-a1e6-c19e2433c0f7', 'username': 'greenrabbit205', 'password': 'truelove', 'salt': '2ZUlXalg', 'md5': '6ea89716b5949fd9689bd0c67db0d2c2', 'sha1': 'ec9d3fe3dd7fdd049e25bb5f13ffdbaad63afc11', 'sha256': '1ef704b4500eb11b83d098ada6bd350e29c09f85c3e548f56dbe326637042351'}, 'dob': {'date': '1980-01-08T15:20:56.495Z', 'age': 44}, 'registered': {'date': '2020-11-26T00:58:20.805Z', 'age': 3}, 'phone': '(212)-709-4855', 'cell': '(197)-601-6116', 'id': {'name': '', 'value': None}, 'picture': {'large': 'https://randomuser.me/api/portraits/women/15.jpg', 'medium': 'https://randomuser.me/api/portraits/med/women/15.jpg', 'thumbnail': 'https://randomuser.me/api/portraits/thumb/women/15.jpg'}, 'nat': 'NZ'}</msg>
<arg>${json_data['results'][0]}</arg>
<doc>Logs the given message with the given level.</doc>
<status status="PASS" start="2024-04-26T06:19:28.218020" elapsed="0.000407"/>
</kw>
<kw name="Log" owner="BuiltIn">
<msg time="2024-04-26T06:19:28.218849" level="INFO">name</msg>
<arg>${key}</arg>
<doc>Logs the given message with the given level.</doc>
<status status="PASS" start="2024-04-26T06:19:28.218726" elapsed="0.000160"/>
</kw>
<var name="${key}">name</var>
<status status="PASS" start="2024-04-26T06:19:28.217108" elapsed="0.001989"/>
</iter>
<iter>
<kw name="Dictionary Should Contain Key" owner="Collections">
<msg time="2024-04-26T06:19:28.219779" level="INFO">False</msg>
<arg>${json_data['results'][0]}</arg>
<arg>${key}</arg>
<doc>Fails if ``key`` is not found from ``dictionary``.</doc>
<status status="PASS" start="2024-04-26T06:19:28.219392" elapsed="0.000425"/>
</kw>
<kw name="Log" owner="BuiltIn">
<msg time="2024-04-26T06:19:28.220471" level="INFO">{'gender': 'female', 'name': {'title': 'Ms', 'first': 'Kayla', 'last': 'Jackson'}, 'location': {'street': {'number': 6216, 'name': 'Castle Street'}, 'city': 'Palmerston North', 'state': 'Auckland', 'country': 'New Zealand', 'postcode': 52876, 'coordinates': {'latitude': '47.1947', 'longitude': '117.9791'}, 'timezone': {'offset': '+2:00', 'description': 'Kaliningrad, South Africa'}}, 'email': 'kayla.jackson@example.com', 'login': {'uuid': '84e89190-7ddc-42c0-a1e6-c19e2433c0f7', 'username': 'greenrabbit205', 'password': 'truelove', 'salt': '2ZUlXalg', 'md5': '6ea89716b5949fd9689bd0c67db0d2c2', 'sha1': 'ec9d3fe3dd7fdd049e25bb5f13ffdbaad63afc11', 'sha256': '1ef704b4500eb11b83d098ada6bd350e29c09f85c3e548f56dbe326637042351'}, 'dob': {'date': '1980-01-08T15:20:56.495Z', 'age': 44}, 'registered': {'date': '2020-11-26T00:58:20.805Z', 'age': 3}, 'phone': '(212)-709-4855', 'cell': '(197)-601-6116', 'id': {'name': '', 'value': None}, 'picture': {'large': 'https://randomuser.me/api/portraits/women/15.jpg', 'medium': 'https://randomuser.me/api/portraits/med/women/15.jpg', 'thumbnail': 'https://randomuser.me/api/portraits/thumb/women/15.jpg'}, 'nat': 'NZ'}</msg>
<arg>${json_data['results'][0]}</arg>
<doc>Logs the given message with the given level.</doc>
<status status="PASS" start="2024-04-26T06:19:28.220114" elapsed="0.000404"/>
</kw>
<kw name="Log" owner="BuiltIn">
<msg time="2024-04-26T06:19:28.220934" level="INFO">location</msg>
<arg>${key}</arg>
<doc>Logs the given message with the given level.</doc>
<status status="PASS" start="2024-04-26T06:19:28.220809" elapsed="0.000162"/>
</kw>
<var name="${key}">location</var>
<status status="PASS" start="2024-04-26T06:19:28.219279" elapsed="0.001901"/>
</iter>
<iter>
<kw name="Dictionary Should Contain Key" owner="Collections">
<msg time="2024-04-26T06:19:28.221892" level="INFO">False</msg>
<arg>${json_data['results'][0]}</arg>
<arg>${key}</arg>
<doc>Fails if ``key`` is not found from ``dictionary``.</doc>
<status status="PASS" start="2024-04-26T06:19:28.221508" elapsed="0.000420"/>
</kw>
<kw name="Log" owner="BuiltIn">
<msg time="2024-04-26T06:19:28.222585" level="INFO">{'gender': 'female', 'name': {'title': 'Ms', 'first': 'Kayla', 'last': 'Jackson'}, 'location': {'street': {'number': 6216, 'name': 'Castle Street'}, 'city': 'Palmerston North', 'state': 'Auckland', 'country': 'New Zealand', 'postcode': 52876, 'coordinates': {'latitude': '47.1947', 'longitude': '117.9791'}, 'timezone': {'offset': '+2:00', 'description': 'Kaliningrad, South Africa'}}, 'email': 'kayla.jackson@example.com', 'login': {'uuid': '84e89190-7ddc-42c0-a1e6-c19e2433c0f7', 'username': 'greenrabbit205', 'password': 'truelove', 'salt': '2ZUlXalg', 'md5': '6ea89716b5949fd9689bd0c67db0d2c2', 'sha1': 'ec9d3fe3dd7fdd049e25bb5f13ffdbaad63afc11', 'sha256': '1ef704b4500eb11b83d098ada6bd350e29c09f85c3e548f56dbe326637042351'}, 'dob': {'date': '1980-01-08T15:20:56.495Z', 'age': 44}, 'registered': {'date': '2020-11-26T00:58:20.805Z', 'age': 3}, 'phone': '(212)-709-4855', 'cell': '(197)-601-6116', 'id': {'name': '', 'value': None}, 'picture': {'large': 'https://randomuser.me/api/portraits/women/15.jpg', 'medium': 'https://randomuser.me/api/portraits/med/women/15.jpg', 'thumbnail': 'https://randomuser.me/api/portraits/thumb/women/15.jpg'}, 'nat': 'NZ'}</msg>
<arg>${json_data['results'][0]}</arg>
<doc>Logs the given message with the given level.</doc>
<status status="PASS" start="2024-04-26T06:19:28.222225" elapsed="0.000408"/>
</kw>
<kw name="Log" owner="BuiltIn">
<msg time="2024-04-26T06:19:28.223046" level="INFO">email</msg>
<arg>${key}</arg>
<doc>Logs the given message with the given level.</doc>
<status status="PASS" start="2024-04-26T06:19:28.222923" elapsed="0.000160"/>
</kw>
<var name="${key}">email</var>
<status status="PASS" start="2024-04-26T06:19:28.221396" elapsed="0.001902"/>
</iter>
<iter>
<kw name="Dictionary Should Contain Key" owner="Collections">
<msg time="2024-04-26T06:19:28.223965" level="INFO">False</msg>
<arg>${json_data['results'][0]}</arg>
<arg>${key}</arg>
<doc>Fails if ``key`` is not found from ``dictionary``.</doc>
<status status="PASS" start="2024-04-26T06:19:28.223578" elapsed="0.000424"/>
</kw>
<kw name="Log" owner="BuiltIn">
<msg time="2024-04-26T06:19:28.224652" level="INFO">{'gender': 'female', 'name': {'title': 'Ms', 'first': 'Kayla', 'last': 'Jackson'}, 'location': {'street': {'number': 6216, 'name': 'Castle Street'}, 'city': 'Palmerston North', 'state': 'Auckland', 'country': 'New Zealand', 'postcode': 52876, 'coordinates': {'latitude': '47.1947', 'longitude': '117.9791'}, 'timezone': {'offset': '+2:00', 'description': 'Kaliningrad, South Africa'}}, 'email': 'kayla.jackson@example.com', 'login': {'uuid': '84e89190-7ddc-42c0-a1e6-c19e2433c0f7', 'username': 'greenrabbit205', 'password': 'truelove', 'salt': '2ZUlXalg', 'md5': '6ea89716b5949fd9689bd0c67db0d2c2', 'sha1': 'ec9d3fe3dd7fdd049e25bb5f13ffdbaad63afc11', 'sha256': '1ef704b4500eb11b83d098ada6bd350e29c09f85c3e548f56dbe326637042351'}, 'dob': {'date': '1980-01-08T15:20:56.495Z', 'age': 44}, 'registered': {'date': '2020-11-26T00:58:20.805Z', 'age': 3}, 'phone': '(212)-709-4855', 'cell': '(197)-601-6116', 'id': {'name': '', 'value': None}, 'picture': {'large': 'https://randomuser.me/api/portraits/women/15.jpg', 'medium': 'https://randomuser.me/api/portraits/med/women/15.jpg', 'thumbnail': 'https://randomuser.me/api/portraits/thumb/women/15.jpg'}, 'nat': 'NZ'}</msg>
<arg>${json_data['results'][0]}</arg>
<doc>Logs the given message with the given level.</doc>
<status status="PASS" start="2024-04-26T06:19:28.224292" elapsed="0.000408"/>
</kw>
<kw name="Log" owner="BuiltIn">
<msg time="2024-04-26T06:19:28.225121" level="INFO">login</msg>
<arg>${key}</arg>
<doc>Logs the given message with the given level.</doc>
<status status="PASS" start="2024-04-26T06:19:28.224996" elapsed="0.000164"/>
</kw>
<var name="${key}">login</var>
<status status="PASS" start="2024-04-26T06:19:28.223469" elapsed="0.001958"/>
</iter>
<var>${key}</var>
<value>@{expected_keys}</value>
<status status="PASS" start="2024-04-26T06:19:28.214722" elapsed="0.010830"/>
</for>
<kw name="Create List" owner="BuiltIn">
<msg time="2024-04-26T06:19:28.225879" level="INFO">${expected_keysTwo} = ['username', 'password']</msg>
<var>${expected_keysTwo}</var>
<arg>username</arg>
<arg>password</arg>
<doc>Returns a list containing given items.</doc>
<status status="PASS" start="2024-04-26T06:19:28.225744" elapsed="0.000158"/>
</kw>
<for flavor="IN">
<iter>
<kw name="Dictionary Should Contain Key" owner="Collections">
<msg time="2024-04-26T06:19:28.226785" level="INFO">False</msg>
<arg>${json_data['results'][0]['login']}</arg>
<arg>${keyTwo}</arg>
<doc>Fails if ``key`` is not found from ``dictionary``.</doc>
<status status="PASS" start="2024-04-26T06:19:28.226396" elapsed="0.000426"/>
</kw>
<kw name="Dictionary Should Contain Key" owner="Collections">
<msg time="2024-04-26T06:19:28.227495" level="INFO">False</msg>
<arg>${json_data['results'][0]['login']}</arg>
<arg>${keyTwo}</arg>
<doc>Fails if ``key`` is not found from ``dictionary``.</doc>
<status status="PASS" start="2024-04-26T06:19:28.227112" elapsed="0.000420"/>
</kw>
<kw name="Log" owner="BuiltIn">
<msg time="2024-04-26T06:19:28.227948" level="INFO">username</msg>
<arg>${keyTwo}</arg>
<doc>Logs the given message with the given level.</doc>
<status status="PASS" start="2024-04-26T06:19:28.227822" elapsed="0.000168"/>
</kw>
<var name="${keyTwo}">username</var>
<status status="PASS" start="2024-04-26T06:19:28.226285" elapsed="0.001913"/>
</iter>
<iter>
<kw name="Dictionary Should Contain Key" owner="Collections">
<msg time="2024-04-26T06:19:28.228856" level="INFO">False</msg>
<arg>${json_data['results'][0]['login']}</arg>
<arg>${keyTwo}</arg>
<doc>Fails if ``key`` is not found from ``dictionary``.</doc>
<status status="PASS" start="2024-04-26T06:19:28.228476" elapsed="0.000422"/>
</kw>
<kw name="Dictionary Should Contain Key" owner="Collections">
<msg time="2024-04-26T06:19:28.229691" level="INFO">False</msg>
<arg>${json_data['results'][0]['login']}</arg>
<arg>${keyTwo}</arg>
<doc>Fails if ``key`` is not found from ``dictionary``.</doc>
<status status="PASS" start="2024-04-26T06:19:28.229194" elapsed="0.000536"/>
</kw>
<kw name="Log" owner="BuiltIn">
<msg time="2024-04-26T06:19:28.230151" level="INFO">password</msg>
<arg>${keyTwo}</arg>
<doc>Logs the given message with the given level.</doc>
<status status="PASS" start="2024-04-26T06:19:28.230026" elapsed="0.000163"/>
</kw>
<var name="${keyTwo}">password</var>
<status status="PASS" start="2024-04-26T06:19:28.228366" elapsed="0.002037"/>
</iter>
<var>${keyTwo}</var>
<value>@{expected_keysTwo}</value>
<status status="PASS" start="2024-04-26T06:19:28.226135" elapsed="0.004390"/>
</for>
<status status="PASS" start="2024-04-26T06:19:28.102465" elapsed="0.128198"/>
</kw>
<doc>Testa a estrutura da resposta da API.</doc>
<tag>testeEstruturaResposta</tag>
<status status="PASS" start="2024-04-26T06:19:28.101912" elapsed="0.128895"/>
</test>
<test id="s1-s1-t4" name="Validar tipos de dados" line="28">
<kw name="Teste de Tipos de Dados" owner="random-user-service">
<kw name="GET On Session" owner="RequestsLibrary">
<msg time="2024-04-26T06:19:28.296316" level="INFO">GET Request : url=https://randomuser.me/api 
 path_url=/api 
 headers={'User-Agent': 'python-requests/2.31.0', 'Accept-Encoding': 'gzip, deflate', 'Accept': '*/*', 'Connection': 'keep-alive'} 
 body=None 
 </msg>
<msg time="2024-04-26T06:19:28.296397" level="INFO">GET Response : url=https://randomuser.me/api 
 status=200, reason=OK 
 headers={'Date': 'Fri, 26 Apr 2024 06:19:28 GMT', 'Content-Type': 'application/json; charset=utf-8', 'Transfer-Encoding': 'chunked', 'Connection': 'keep-alive', 'X-Powered-By': 'Express', 'Access-Control-Allow-Origin': '*', 'Cache-Control': 'no-cache', 'ETag': 'W/"473-IlnicyoylF9wr8RY9PwQdlZX388"', 'Vary': 'Accept-Encoding', 'Content-Encoding': 'gzip', 'CF-Cache-Status': 'DYNAMIC', 'Report-To': '{"endpoints":[{"url":"https:\\/\\/a.nel.cloudflare.com\\/report\\/v4?s=d2fe2BifAuU7DQKk%2F4ce2i0CJh2RH8xobCT76NTJiWhomCtQGkg0NVeIeJHzcdjACmMgMRn5Y%2BrD8BsVE%2BE6fpG5eO3wK0VXALTo9PcxaQMup6%2BZrTu%2Fg%2BTVwr4vLgDe"}],"group":"cf-nel","max_age":604800}', 'NEL': '{"success_fraction":0,"report_to":"cf-nel","max_age":604800}', 'Server': 'cloudflare', 'CF-RAY': '87a4761d79a42331-ORD', 'alt-svc': 'h3=":443"; ma=86400'} 
 body={"results":[{"gender":"male","name":{"title":"Mr","first":"Roland","last":"Warren"},"location":{"street":{"number":1557,"name":"Central St"},"city":"Sunnyvale","state":"Alabama","country":"United States","postcode":39904,"coordinates":{"latitude":"89.8299","longitude":"-91.5183"},"timezone":{"offset":"+4:30","description":"Kabul"}},"email":"roland.warren@example.com","login":{"uuid":"dea21d05-24f9-43fd-87f2-5c3cbb97c3e5","username":"whitecat391","password":"julius","salt":"js0Ln92X","md5":"91d86cd007d4ee2dca448ab1c167196f","sha1":"78b7b9c62e7e2af5ac04a3d647331e4bca077ce7","sha256":"393f9c7156113133667f61c929a38e580d7499342721999b087f1333688b13c4"},"dob":{"date":"1989-01-20T04:59:58.872Z","age":35},"registered":{"date":"2007-02-11T10:44:20.649Z","age":17},"phone":"(775) 572-9389","cell":"(227) 525-9404","id":{"name":"SSN","value":"099-74-8759"},"picture":{"large":"https://randomuser.me/api/portraits/men/77.jpg","medium":"https://randomuser.me/api/portraits/med/men/77.jpg","thumbnail":"https://randomuser.me/api/portraits/thumb/men/77.jpg"},"nat":"US"}],"info":{"seed":"0377abd8c884b207","results":1,"page":1,"version":"1.4"}} 
 </msg>
<msg time="2024-04-26T06:19:28.296467" level="INFO">/opt/hostedtoolcache/Python/3.12.3/x64/lib/python3.12/site-packages/urllib3/connectionpool.py:1103: InsecureRequestWarning: Unverified HTTPS request is being made to host 'randomuser.me'. Adding certificate verification is strongly advised. See: https://urllib3.readthedocs.io/en/latest/advanced-usage.html#tls-warnings
  warnings.warn(</msg>
<msg time="2024-04-26T06:19:28.296578" level="INFO">${response} = &lt;Response [200]&gt;</msg>
<var>${response}</var>
<arg>consultarAPI</arg>
<arg>/api</arg>
<doc>Sends a GET request on a previously created HTTP Session.</doc>
<status status="PASS" start="2024-04-26T06:19:28.233303" elapsed="0.063314"/>
</kw>
<kw name="Set Variable" owner="BuiltIn">
<msg time="2024-04-26T06:19:28.297646" level="INFO">${json_data} = {'results': [{'gender': 'male', 'name': {'title': 'Mr', 'first': 'Roland', 'last': 'Warren'}, 'location': {'street': {'number': 1557, 'name': 'Central St'}, 'city': 'Sunnyvale', 'state': 'Alabama', 'c...</msg>
<var>${json_data}</var>
<arg>${response.json()}</arg>
<doc>Returns the given values which can then be assigned to a variables.</doc>
<status status="PASS" start="2024-04-26T06:19:28.297068" elapsed="0.000608"/>
</kw>
<kw name="Log" owner="BuiltIn">
<msg time="2024-04-26T06:19:28.298139" level="INFO">{'results': [{'gender': 'male', 'name': {'title': 'Mr', 'first': 'Roland', 'last': 'Warren'}, 'location': {'street': {'number': 1557, 'name': 'Central St'}, 'city': 'Sunnyvale', 'state': 'Alabama', 'country': 'United States', 'postcode': 39904, 'coordinates': {'latitude': '89.8299', 'longitude': '-91.5183'}, 'timezone': {'offset': '+4:30', 'description': 'Kabul'}}, 'email': 'roland.warren@example.com', 'login': {'uuid': 'dea21d05-24f9-43fd-87f2-5c3cbb97c3e5', 'username': 'whitecat391', 'password': 'julius', 'salt': 'js0Ln92X', 'md5': '91d86cd007d4ee2dca448ab1c167196f', 'sha1': '78b7b9c62e7e2af5ac04a3d647331e4bca077ce7', 'sha256': '393f9c7156113133667f61c929a38e580d7499342721999b087f1333688b13c4'}, 'dob': {'date': '1989-01-20T04:59:58.872Z', 'age': 35}, 'registered': {'date': '2007-02-11T10:44:20.649Z', 'age': 17}, 'phone': '(775) 572-9389', 'cell': '(227) 525-9404', 'id': {'name': 'SSN', 'value': '099-74-8759'}, 'picture': {'large': 'https://randomuser.me/api/portraits/men/77.jpg', 'medium': 'https://randomuser.me/api/portraits/med/men/77.jpg', 'thumbnail': 'https://randomuser.me/api/portraits/thumb/men/77.jpg'}, 'nat': 'US'}], 'info': {'seed': '0377abd8c884b207', 'results': 1, 'page': 1, 'version': '1.4'}}</msg>
<arg>${json_data}</arg>
<doc>Logs the given message with the given level.</doc>
<status status="PASS" start="2024-04-26T06:19:28.297984" elapsed="0.000233"/>
</kw>
<kw name="Should Be String" owner="String">
<arg>${json_data['results'][0]['gender']}</arg>
<doc>Fails if the given ``item`` is not a string.</doc>
<status status="PASS" start="2024-04-26T06:19:28.298516" elapsed="0.000359"/>
</kw>
<kw name="Should Match Regexp" owner="BuiltIn">
<arg>${json_data['results'][0]['email']}</arg>
<arg>^[a-zA-Z0-9._%+-]+@[a-zA-Z0-9.-]+\.[a-zA-Z]{2,}$</arg>
<doc>Fails if ``string`` does not match ``pattern`` as a regular expression.</doc>
<status status="PASS" start="2024-04-26T06:19:28.299066" elapsed="0.000513"/>
</kw>
<kw name="Should Match Regexp" owner="BuiltIn">
<arg>${json_data['results'][0]['dob']['date']}</arg>
<arg>\\d{4}-\\d{2}-\\d{2}T\\d{2}:\\d{2}:\\d{2}\\.\\d{3}Z</arg>
<doc>Fails if ``string`` does not match ``pattern`` as a regular expression.</doc>
<status status="PASS" start="2024-04-26T06:19:28.299773" elapsed="0.000481"/>
</kw>
<kw name="Should Match Regexp" owner="BuiltIn">
<arg>${json_data['results'][0]['registered']['date']}</arg>
<arg>\\d{4}-\\d{2}-\\d{2}T\\d{2}:\\d{2}:\\d{2}\\.\\d{3}Z</arg>
<doc>Fails if ``string`` does not match ``pattern`` as a regular expression.</doc>
<status status="PASS" start="2024-04-26T06:19:28.300445" elapsed="0.000366"/>
</kw>
<kw name="Should Match Regexp" owner="BuiltIn">
<arg>${json_data['results'][0]['picture']['large']}</arg>
<arg>^https?://.*\.(?:png|jpe?g|gif|bmp)$</arg>
<doc>Fails if ``string`` does not match ``pattern`` as a regular expression.</doc>
<status status="PASS" start="2024-04-26T06:19:28.300998" elapsed="0.000493"/>
</kw>
<kw name="Should Match Regexp" owner="BuiltIn">
<arg>${json_data['results'][0]['picture']['medium']}</arg>
<arg>^https?://.*\.(?:png|jpe?g|gif|bmp)$</arg>
<doc>Fails if ``string`` does not match ``pattern`` as a regular expression.</doc>
<status status="PASS" start="2024-04-26T06:19:28.301691" elapsed="0.000371"/>
</kw>
<kw name="Should Match Regexp" owner="BuiltIn">
<arg>${json_data['results'][0]['picture']['thumbnail']}</arg>
<arg>^https?://.*\.(?:png|jpe?g|gif|bmp)$</arg>
<doc>Fails if ``string`` does not match ``pattern`` as a regular expression.</doc>
<status status="PASS" start="2024-04-26T06:19:28.302253" elapsed="0.000351"/>
</kw>
<kw name="Log" owner="BuiltIn">
<msg time="2024-04-26T06:19:28.303109" level="INFO">{'large': 'https://randomuser.me/api/portraits/men/77.jpg', 'medium': 'https://randomuser.me/api/portraits/med/men/77.jpg', 'thumbnail': 'https://randomuser.me/api/portraits/thumb/men/77.jpg'}</msg>
<arg>${json_data['results'][0]['picture']}</arg>
<doc>Logs the given message with the given level.</doc>
<status status="PASS" start="2024-04-26T06:19:28.302786" elapsed="0.000365"/>
</kw>
<status status="PASS" start="2024-04-26T06:19:28.233051" elapsed="0.070350"/>
</kw>
<kw name="Teste de Tipos de Dados - Postcode" owner="random-user-service">
<kw name="GET On Session" owner="RequestsLibrary">
<msg time="2024-04-26T06:19:28.407154" level="INFO">GET Request : url=https://randomuser.me/api 
 path_url=/api 
 headers={'User-Agent': 'python-requests/2.31.0', 'Accept-Encoding': 'gzip, deflate', 'Accept': '*/*', 'Connection': 'keep-alive'} 
 body=None 
 </msg>
<msg time="2024-04-26T06:19:28.407256" level="INFO">GET Response : url=https://randomuser.me/api 
 status=200, reason=OK 
 headers={'Date': 'Fri, 26 Apr 2024 06:19:28 GMT', 'Content-Type': 'application/json; charset=utf-8', 'Transfer-Encoding': 'chunked', 'Connection': 'keep-alive', 'X-Powered-By': 'Express', 'Access-Control-Allow-Origin': '*', 'Cache-Control': 'no-cache', 'ETag': 'W/"4c3-M9tnIzIpULxaIqDmPMt04Xe9TUM"', 'Vary': 'Accept-Encoding', 'Content-Encoding': 'gzip', 'CF-Cache-Status': 'DYNAMIC', 'Report-To': '{"endpoints":[{"url":"https:\\/\\/a.nel.cloudflare.com\\/report\\/v4?s=ghnVh1uTPA5vwW2gKFDK0Rpc59TOqp0SrI3PPuZOX1APfx4%2B6MUS42iBL49DgJxyiCagiIr0jDmNHs4TJ2q84aVB5l%2FdSfCNk4MASJl5N7IvVaHPHbLFvte69HDC4Cf%2B"}],"group":"cf-nel","max_age":604800}', 'NEL': '{"success_fraction":0,"report_to":"cf-nel","max_age":604800}', 'Server': 'cloudflare', 'CF-RAY': '87a4761de9ee2331-ORD', 'alt-svc': 'h3=":443"; ma=86400'} 
 body={"results":[{"gender":"female","name":{"title":"Ms","first":"Eloisa","last":"Calderón"},"location":{"street":{"number":7732,"name":"Continuación Nayarit"},"city":"Tayahua (San José de Tayahua)","state":"Michoacan","country":"Mexico","postcode":55727,"coordinates":{"latitude":"29.0728","longitude":"55.3740"},"timezone":{"offset":"+10:00","description":"Eastern Australia, Guam, Vladivostok"}},"email":"eloisa.calderon@example.com","login":{"uuid":"52efc7d7-816f-4dd1-a935-380c252cea4c","username":"greenelephant570","password":"charter","salt":"gy0Z3dlJ","md5":"b26fbe83fccf8346d74033662aa5f511","sha1":"2d971253a12315ff37d655d73b20699bef607c4f","sha256":"c7ad0c9ca580f695a4337126bcc4cd60172de69bece865d5625d4679b36fa1f8"},"dob":{"date":"1944-09-20T15:38:39.650Z","age":79},"registered":{"date":"2018-05-17T19:52:07.824Z","age":5},"phone":"(631) 786 2749","cell":"(600) 356 3560","id":{"name":"NSS","value":"73 43 85 6714 8"},"picture":{"large":"https://randomuser.me/api/portraits/women/17.jpg","medium":"https://randomuser.me/api/portraits/med/women/17.jpg","thumbnail":"https://randomuser.me/api/portraits/thumb/women/17.jpg"},"nat":"MX"}],"info":{"seed":"908fddc404703d24","results":1,"page":1,"version":"1.4"}} 
 </msg>
<msg time="2024-04-26T06:19:28.407358" level="INFO">/opt/hostedtoolcache/Python/3.12.3/x64/lib/python3.12/site-packages/urllib3/connectionpool.py:1103: InsecureRequestWarning: Unverified HTTPS request is being made to host 'randomuser.me'. Adding certificate verification is strongly advised. See: https://urllib3.readthedocs.io/en/latest/advanced-usage.html#tls-warnings
  warnings.warn(</msg>
<msg time="2024-04-26T06:19:28.407484" level="INFO">${response} = &lt;Response [200]&gt;</msg>
<var>${response}</var>
<arg>consultarAPI</arg>
<arg>/api</arg>
<doc>Sends a GET request on a previously created HTTP Session.</doc>
<status status="PASS" start="2024-04-26T06:19:28.303841" elapsed="0.103683"/>
</kw>
<kw name="Set Variable" owner="BuiltIn">
<msg time="2024-04-26T06:19:28.408672" level="INFO">${json_data} = {'results': [{'gender': 'female', 'name': {'title': 'Ms', 'first': 'Eloisa', 'last': 'Calderón'}, 'location': {'street': {'number': 7732, 'name': 'Continuación Nayarit'}, 'city': 'Tayahua (San José de...</msg>
<var>${json_data}</var>
<arg>${response.json()}</arg>
<doc>Returns the given values which can then be assigned to a variables.</doc>
<status status="PASS" start="2024-04-26T06:19:28.407996" elapsed="0.000719"/>
</kw>
<kw name="Log" owner="BuiltIn">
<msg time="2024-04-26T06:19:28.409397" level="INFO">{'results': [{'gender': 'female', 'name': {'title': 'Ms', 'first': 'Eloisa', 'last': 'Calderón'}, 'location': {'street': {'number': 7732, 'name': 'Continuación Nayarit'}, 'city': 'Tayahua (San José de Tayahua)', 'state': 'Michoacan', 'country': 'Mexico', 'postcode': 55727, 'coordinates': {'latitude': '29.0728', 'longitude': '55.3740'}, 'timezone': {'offset': '+10:00', 'description': 'Eastern Australia, Guam, Vladivostok'}}, 'email': 'eloisa.calderon@example.com', 'login': {'uuid': '52efc7d7-816f-4dd1-a935-380c252cea4c', 'username': 'greenelephant570', 'password': 'charter', 'salt': 'gy0Z3dlJ', 'md5': 'b26fbe83fccf8346d74033662aa5f511', 'sha1': '2d971253a12315ff37d655d73b20699bef607c4f', 'sha256': 'c7ad0c9ca580f695a4337126bcc4cd60172de69bece865d5625d4679b36fa1f8'}, 'dob': {'date': '1944-09-20T15:38:39.650Z', 'age': 79}, 'registered': {'date': '2018-05-17T19:52:07.824Z', 'age': 5}, 'phone': '(631) 786 2749', 'cell': '(600) 356 3560', 'id': {'name': 'NSS', 'value': '73 43 85 6714 8'}, 'picture': {'large': 'https://randomuser.me/api/portraits/women/17.jpg', 'medium': 'https://randomuser.me/api/portraits/med/women/17.jpg', 'thumbnail': 'https://randomuser.me/api/portraits/thumb/women/17.jpg'}, 'nat': 'MX'}], 'info': {'seed': '908fddc404703d24', 'results': 1, 'page': 1, 'version': '1.4'}}</msg>
<arg>${json_data}</arg>
<doc>Logs the given message with the given level.</doc>
<status status="PASS" start="2024-04-26T06:19:28.409144" elapsed="0.000373"/>
</kw>
<kw name="Should Be Equal As Numbers" owner="BuiltIn">
<arg>${json_data['results'][0]['location']['postcode']}</arg>
<arg>${json_data['results'][0]['location']['postcode']}</arg>
<doc>Fails if objects are unequal after converting them to real numbers.</doc>
<status status="PASS" start="2024-04-26T06:19:28.409960" elapsed="0.001243"/>
</kw>
<kw name="Log" owner="BuiltIn">
<msg time="2024-04-26T06:19:28.412123" level="INFO">55727</msg>
<arg>${json_data['results'][0]['location']['postcode']}</arg>
<doc>Logs the given message with the given level.</doc>
<status status="PASS" start="2024-04-26T06:19:28.411535" elapsed="0.000654"/>
</kw>
<status status="PASS" start="2024-04-26T06:19:28.303614" elapsed="0.108949"/>
</kw>
<doc>Testa se os tipos de dados na resposta da API estão corretos.</doc>
<tag>testeTiposDados</tag>
<status status="PASS" start="2024-04-26T06:19:28.232541" elapsed="0.180299"/>
</test>
<test id="s1-s1-t5" name="Validar conteudo" line="35">
<kw name="Teste de Tipos de Conteudo" owner="random-user-service">
<kw name="GET On Session" owner="RequestsLibrary">
<msg time="2024-04-26T06:19:28.526429" level="INFO">GET Request : url=https://randomuser.me/api 
 path_url=/api 
 headers={'User-Agent': 'python-requests/2.31.0', 'Accept-Encoding': 'gzip, deflate', 'Accept': '*/*', 'Connection': 'keep-alive'} 
 body=None 
 </msg>
<msg time="2024-04-26T06:19:28.526495" level="INFO">GET Response : url=https://randomuser.me/api 
 status=200, reason=OK 
 headers={'Date': 'Fri, 26 Apr 2024 06:19:28 GMT', 'Content-Type': 'application/json; charset=utf-8', 'Transfer-Encoding': 'chunked', 'Connection': 'keep-alive', 'X-Powered-By': 'Express', 'Access-Control-Allow-Origin': '*', 'Cache-Control': 'no-cache', 'ETag': 'W/"495-ztsKmTo2k1jhfqKyAqBpX7AUAbk"', 'Vary': 'Accept-Encoding', 'Content-Encoding': 'gzip', 'CF-Cache-Status': 'DYNAMIC', 'Report-To': '{"endpoints":[{"url":"https:\\/\\/a.nel.cloudflare.com\\/report\\/v4?s=C896CHimEJQckxZKPJkFYgCnuaQ7dM%2BBr4TV%2BujW2voUrRHOuYXLCQ5yZPYqBTIW7S%2FV0wk8IEBUfXsgwcSV6VXaToz79o3wKNsRHitqz%2FkAe%2Fw7xkBM%2FHrYgCOEYiXX"}],"group":"cf-nel","max_age":604800}', 'NEL': '{"success_fraction":0,"report_to":"cf-nel","max_age":604800}', 'Server': 'cloudflare', 'CF-RAY': '87a4761eaa892331-ORD', 'alt-svc': 'h3=":443"; ma=86400'} 
 body={"results":[{"gender":"female","name":{"title":"Mrs","first":"Ece","last":"Pekkan"},"location":{"street":{"number":785,"name":"Anafartalar Cd"},"city":"Kastamonu","state":"Kütahya","country":"Turkey","postcode":79934,"coordinates":{"latitude":"65.7631","longitude":"108.7958"},"timezone":{"offset":"0:00","description":"Western Europe Time, London, Lisbon, Casablanca"}},"email":"ece.pekkan@example.com","login":{"uuid":"6a771178-c6e2-4177-8f30-4f911c677750","username":"beautifulfish965","password":"chance","salt":"A5heCCr8","md5":"a8d23626b9f01774a7333ef9c7ed5a8a","sha1":"60e3d2c1fd48d7d659081461845d6967b5b8fb95","sha256":"b998acb956b1ecc39450fb418439ef9c629407fd8fbb31dab0ca39b317200d90"},"dob":{"date":"1978-08-23T03:14:02.364Z","age":45},"registered":{"date":"2004-02-15T01:54:54.115Z","age":20},"phone":"(834)-443-0996","cell":"(960)-720-1949","id":{"name":"","value":null},"picture":{"large":"https://randomuser.me/api/portraits/women/11.jpg","medium":"https://randomuser.me/api/portraits/med/women/11.jpg","thumbnail":"https://randomuser.me/api/portraits/thumb/women/11.jpg"},"nat":"TR"}],"info":{"seed":"0d00e9e84cdcff3d","results":1,"page":1,"version":"1.4"}} 
 </msg>
<msg time="2024-04-26T06:19:28.526555" level="INFO">/opt/hostedtoolcache/Python/3.12.3/x64/lib/python3.12/site-packages/urllib3/connectionpool.py:1103: InsecureRequestWarning: Unverified HTTPS request is being made to host 'randomuser.me'. Adding certificate verification is strongly advised. See: https://urllib3.readthedocs.io/en/latest/advanced-usage.html#tls-warnings
  warnings.warn(</msg>
<msg time="2024-04-26T06:19:28.526642" level="INFO">${response} = &lt;Response [200]&gt;</msg>
<var>${response}</var>
<arg>consultarAPI</arg>
<arg>/api</arg>
<doc>Sends a GET request on a previously created HTTP Session.</doc>
<status status="PASS" start="2024-04-26T06:19:28.416997" elapsed="0.109673"/>
</kw>
<kw name="Set Variable" owner="BuiltIn">
<msg time="2024-04-26T06:19:28.527512" level="INFO">${json_data} = {'results': [{'gender': 'female', 'name': {'title': 'Mrs', 'first': 'Ece', 'last': 'Pekkan'}, 'location': {'street': {'number': 785, 'name': 'Anafartalar Cd'}, 'city': 'Kastamonu', 'state': 'Kütahya',...</msg>
<var>${json_data}</var>
<arg>${response.json()}</arg>
<doc>Returns the given values which can then be assigned to a variables.</doc>
<status status="PASS" start="2024-04-26T06:19:28.527054" elapsed="0.000489"/>
</kw>
<kw name="Set Variable" owner="BuiltIn">
<msg time="2024-04-26T06:19:28.528239" level="INFO">${name_title} = Mrs</msg>
<var>${name_title}</var>
<arg>${json_data["results"][0]["name"]["title"]}</arg>
<doc>Returns the given values which can then be assigned to a variables.</doc>
<status status="PASS" start="2024-04-26T06:19:28.527852" elapsed="0.000414"/>
</kw>
<kw name="Create List" owner="BuiltIn">
<msg time="2024-04-26T06:19:28.528711" level="INFO">${allowed_titles} = ['Mr', 'Ms', 'Miss', 'Mrs', 'Madame', 'Monsieur']</msg>
<var>${allowed_titles}</var>
<arg>Mr</arg>
<arg>Ms</arg>
<arg>Miss</arg>
<arg>Mrs</arg>
<arg>Madame</arg>
<arg>Monsieur</arg>
<doc>Returns a list containing given items.</doc>
<status status="PASS" start="2024-04-26T06:19:28.528565" elapsed="0.000171"/>
</kw>
<kw name="List Should Contain Value" owner="Collections">
<msg time="2024-04-26T06:19:28.529210" level="INFO">False</msg>
<arg>${allowed_titles}</arg>
<arg>${name_title}</arg>
<doc>Fails if the ``value`` is not found from ``list``.</doc>
<status status="PASS" start="2024-04-26T06:19:28.529038" elapsed="0.000245"/>
</kw>
<kw name="Set Variable" owner="BuiltIn">
<msg time="2024-04-26T06:19:28.529989" level="INFO">${name_country} = TR</msg>
<var>${name_country}</var>
<arg>${json_data["results"][0]["nat"]}</arg>
<doc>Returns the given values which can then be assigned to a variables.</doc>
<status status="PASS" start="2024-04-26T06:19:28.529598" elapsed="0.000417"/>
</kw>
<kw name="Create List" owner="BuiltIn">
<msg time="2024-04-26T06:19:28.530903" level="INFO">${list_country} = ['AD', 'AE', 'AF', 'AG', 'AI', 'AL', 'AM', 'AO', 'AQ', 'AR', 'AS', 'AT', 'AU', 'AW', 'AX', 'AZ', 'BA', 'BB', 'BD', 'BE', 'BF', 'BG', 'BH', 'BI', 'BJ', 'BL', 'BM', 'BN', 'BO', 'BQ', 'BR', 'BS', 'BT', '...</msg>
<var>${list_country}</var>
<arg>AD</arg>
<arg>AE</arg>
<arg>AF</arg>
<arg>AG</arg>
<arg>AI</arg>
<arg>AL</arg>
<arg>AM</arg>
<arg>AO</arg>
<arg>AQ</arg>
<arg>AR</arg>
<arg>AS</arg>
<arg>AT</arg>
<arg>AU</arg>
<arg>AW</arg>
<arg>AX</arg>
<arg>AZ</arg>
<arg>BA</arg>
<arg>BB</arg>
<arg>BD</arg>
<arg>BE</arg>
<arg>BF</arg>
<arg>BG</arg>
<arg>BH</arg>
<arg>BI</arg>
<arg>BJ</arg>
<arg>BL</arg>
<arg>BM</arg>
<arg>BN</arg>
<arg>BO</arg>
<arg>BQ</arg>
<arg>BR</arg>
<arg>BS</arg>
<arg>BT</arg>
<arg>BV</arg>
<arg>BW</arg>
<arg>BY</arg>
<arg>BZ</arg>
<arg>CA</arg>
<arg>CC</arg>
<arg>CD</arg>
<arg>CF</arg>
<arg>CG</arg>
<arg>CH</arg>
<arg>CI</arg>
<arg>CK</arg>
<arg>CL</arg>
<arg>CM</arg>
<arg>CN</arg>
<arg>CO</arg>
<arg>CR</arg>
<arg>CU</arg>
<arg>CV</arg>
<arg>CW</arg>
<arg>CX</arg>
<arg>CY</arg>
<arg>CZ</arg>
<arg>DE</arg>
<arg>DJ</arg>
<arg>DK</arg>
<arg>DM</arg>
<arg>DO</arg>
<arg>DZ</arg>
<arg>EC</arg>
<arg>EE</arg>
<arg>EG</arg>
<arg>EH</arg>
<arg>ER</arg>
<arg>ES</arg>
<arg>ET</arg>
<arg>FI</arg>
<arg>FJ</arg>
<arg>FK</arg>
<arg>FM</arg>
<arg>FO</arg>
<arg>FR</arg>
<arg>GA</arg>
<arg>GB</arg>
<arg>GD</arg>
<arg>GE</arg>
<arg>GF</arg>
<arg>GG</arg>
<arg>GH</arg>
<arg>GI</arg>
<arg>GL</arg>
<arg>GM</arg>
<arg>GN</arg>
<arg>GP</arg>
<arg>GQ</arg>
<arg>GR</arg>
<arg>GS</arg>
<arg>GT</arg>
<arg>GU</arg>
<arg>GW</arg>
<arg>GY</arg>
<arg>HK</arg>
<arg>HM</arg>
<arg>HN</arg>
<arg>HR</arg>
<arg>HT</arg>
<arg>HU</arg>
<arg>ID</arg>
<arg>IE</arg>
<arg>IL</arg>
<arg>IM</arg>
<arg>IN</arg>
<arg>IO</arg>
<arg>IQ</arg>
<arg>IR</arg>
<arg>IS</arg>
<arg>IT</arg>
<arg>JE</arg>
<arg>JM</arg>
<arg>JO</arg>
<arg>JP</arg>
<arg>KE</arg>
<arg>KG</arg>
<arg>KH</arg>
<arg>KI</arg>
<arg>KM</arg>
<arg>KN</arg>
<arg>KP</arg>
<arg>KR</arg>
<arg>KW</arg>
<arg>KY</arg>
<arg>KZ</arg>
<arg>LA</arg>
<arg>LB</arg>
<arg>LC</arg>
<arg>LI</arg>
<arg>LK</arg>
<arg>LR</arg>
<arg>LS</arg>
<arg>LT</arg>
<arg>LU</arg>
<arg>LV</arg>
<arg>LY</arg>
<arg>MA</arg>
<arg>MC</arg>
<arg>MD</arg>
<arg>ME</arg>
<arg>MF</arg>
<arg>MG</arg>
<arg>MH</arg>
<arg>MK</arg>
<arg>ML</arg>
<arg>MM</arg>
<arg>MN</arg>
<arg>MO</arg>
<arg>MP</arg>
<arg>MQ</arg>
<arg>MR</arg>
<arg>MS</arg>
<arg>MT</arg>
<arg>MU</arg>
<arg>MV</arg>
<arg>MW</arg>
<arg>MX</arg>
<arg>MY</arg>
<arg>MZ</arg>
<arg>NA</arg>
<arg>NC</arg>
<arg>NE</arg>
<arg>NF</arg>
<arg>NG</arg>
<arg>NI</arg>
<arg>NL</arg>
<arg>NO</arg>
<arg>NP</arg>
<arg>NR</arg>
<arg>NU</arg>
<arg>NZ</arg>
<arg>OM</arg>
<arg>PA</arg>
<arg>PE</arg>
<arg>PF</arg>
<arg>PG</arg>
<arg>PH</arg>
<arg>PK</arg>
<arg>PL</arg>
<arg>PM</arg>
<arg>PN</arg>
<arg>PR</arg>
<arg>PS</arg>
<arg>PT</arg>
<arg>PW</arg>
<arg>PY</arg>
<arg>QA</arg>
<arg>RE</arg>
<arg>RO</arg>
<arg>RS</arg>
<arg>RU</arg>
<arg>RW</arg>
<arg>SA</arg>
<arg>SB</arg>
<arg>SC</arg>
<arg>SD</arg>
<arg>SE</arg>
<arg>SG</arg>
<arg>SH</arg>
<arg>SI</arg>
<arg>SJ</arg>
<arg>SK</arg>
<arg>SL</arg>
<arg>SM</arg>
<arg>SN</arg>
<arg>SO</arg>
<arg>SR</arg>
<arg>SS</arg>
<arg>ST</arg>
<arg>SV</arg>
<arg>SX</arg>
<arg>SY</arg>
<arg>SZ</arg>
<arg>TC</arg>
<arg>TD</arg>
<arg>TF</arg>
<arg>TG</arg>
<arg>TH</arg>
<arg>TJ</arg>
<arg>TK</arg>
<arg>TL</arg>
<arg>TM</arg>
<arg>TN</arg>
<arg>TO</arg>
<arg>TR</arg>
<arg>TT</arg>
<arg>TV</arg>
<arg>TW</arg>
<arg>TZ</arg>
<arg>UA</arg>
<arg>UG</arg>
<arg>UM</arg>
<arg>US</arg>
<arg>UY</arg>
<arg>UZ</arg>
<arg>VA</arg>
<arg>VC</arg>
<arg>VE</arg>
<arg>VG</arg>
<arg>VI</arg>
<arg>VN</arg>
<arg>VU</arg>
<arg>WF</arg>
<arg>WS</arg>
<arg>XK</arg>
<arg>YE</arg>
<arg>YT</arg>
<arg>ZA</arg>
<arg>ZM</arg>
<arg>ZW</arg>
<doc>Returns a list containing given items.</doc>
<status status="PASS" start="2024-04-26T06:19:28.530319" elapsed="0.000611"/>
</kw>
<kw name="List Should Contain Value" owner="Collections">
<msg time="2024-04-26T06:19:28.531938" level="INFO">False</msg>
<arg>${list_country}</arg>
<arg>${name_country}</arg>
<doc>Fails if the ``value`` is not found from ``list``.</doc>
<status status="PASS" start="2024-04-26T06:19:28.531728" elapsed="0.000248"/>
</kw>
<kw name="Run Keyword If" owner="BuiltIn">
<kw name="Should Be True" owner="BuiltIn">
<arg>${True}</arg>
<doc>Fails if the given condition is not true.</doc>
<status status="PASS" start="2024-04-26T06:19:28.533048" elapsed="0.000143"/>
</kw>
<arg>${json_data["results"][0]["location"]["coordinates"]["latitude"]} &gt;= -90 and ${json_data["results"][0]["location"]["coordinates"]["latitude"]} &lt;= 90</arg>
<arg>Should Be True</arg>
<arg>${True}</arg>
<doc>Runs the given keyword with the given arguments, if ``condition`` is true.</doc>
<status status="PASS" start="2024-04-26T06:19:28.532291" elapsed="0.001064"/>
</kw>
<kw name="Run Keyword If" owner="BuiltIn">
<kw name="Should Be True" owner="BuiltIn">
<arg>${True}</arg>
<doc>Fails if the given condition is not true.</doc>
<status status="PASS" start="2024-04-26T06:19:28.534255" elapsed="0.000247"/>
</kw>
<arg>${json_data["results"][0]["location"]["coordinates"]["longitude"]} &gt;= -180 and ${json_data["results"][0]["location"]["coordinates"]["longitude"]} &lt;= 180</arg>
<arg>Should Be True</arg>
<arg>${True}</arg>
<doc>Runs the given keyword with the given arguments, if ``condition`` is true.</doc>
<status status="PASS" start="2024-04-26T06:19:28.533548" elapsed="0.001085"/>
</kw>
<status status="PASS" start="2024-04-26T06:19:28.416652" elapsed="0.118112"/>
</kw>
<doc>Testa o conteúdo específico dos campos retornados pela API.</doc>
<tag>testeConteudo</tag>
<status status="PASS" start="2024-04-26T06:19:28.416056" elapsed="0.118853"/>
</test>
<status status="PASS" start="2024-04-26T06:19:27.732812" elapsed="0.804044"/>
</suite>
<status status="PASS" start="2024-04-26T06:19:27.719471" elapsed="0.822601"/>
</suite>
<statistics>
<total>
<stat pass="5" fail="0" skip="0">All Tests</stat>
</total>
<tag>
<stat pass="1" fail="0" skip="0">testeConteudo</stat>
<stat pass="1" fail="0" skip="0">testeEstruturaResposta</stat>
<stat pass="1" fail="0" skip="0">testeRequisicaoBasica</stat>
<stat pass="1" fail="0" skip="0">testeTiposDados</stat>
</tag>
<suite>
<stat pass="5" fail="0" skip="0" id="s1" name="Tests">Tests</stat>
<stat pass="5" fail="0" skip="0" id="s1-s1" name="Random-User-Test">Tests.Random-User-Test</stat>
</suite>
</statistics>
<errors>
</errors>
</robot>
