<?xml version="1.0" encoding="UTF-8"?>
<robot generator="Robot 7.0.1 (Python 3.12.4 on linux)" generated="2024-07-21T18:18:32.666638" rpa="false" schemaversion="5">
<suite id="s1" name="Tests" source="/home/runner/work/ApiRandomUser/ApiRandomUser/RamdonUser/tests">
<suite id="s1-s1" name="Random-User-Test" source="/home/runner/work/ApiRandomUser/ApiRandomUser/RamdonUser/tests/random-user-test.robot">
<test id="s1-s1-t1" name="Conectar" line="13">
<kw name="Conectar API" owner="random-user-service">
<kw name="Create Session" owner="RequestsLibrary">
<msg time="2024-07-21T18:18:33.055224" level="INFO">Creating Session using : alias=consultarAPI, url=https://randomuser.me/, headers={},                     cookies={}, auth=None, timeout=None, proxies=None, verify=False,                     debug=0 </msg>
<arg>consultarAPI</arg>
<arg>${URL}</arg>
<doc>Create Session: create a HTTP session to a server</doc>
<status status="PASS" start="2024-07-21T18:18:33.055025" elapsed="0.000378"/>
</kw>
<status status="PASS" start="2024-07-21T18:18:33.053967" elapsed="0.001790"/>
</kw>
<status status="PASS" start="2024-07-21T18:18:33.053383" elapsed="0.002563"/>
</test>
<test id="s1-s1-t2" name="Validar retorno 200 e JSON Válido" line="16">
<kw name="Teste de Requisicao Basica" owner="random-user-service">
<kw name="GET On Session" owner="RequestsLibrary">
<msg time="2024-07-21T18:18:33.238579" level="INFO">GET Request : url=https://randomuser.me/api 
 path_url=/api 
 headers={'User-Agent': 'python-requests/2.32.3', 'Accept-Encoding': 'gzip, deflate', 'Accept': '*/*', 'Connection': 'keep-alive'} 
 body=None 
 </msg>
<msg time="2024-07-21T18:18:33.238744" level="INFO">GET Response : url=https://randomuser.me/api 
 status=200, reason=OK 
 headers={'Date': 'Sun, 21 Jul 2024 18:18:33 GMT', 'Content-Type': 'application/json; charset=utf-8', 'Transfer-Encoding': 'chunked', 'Connection': 'keep-alive', 'X-Powered-By': 'Express', 'Access-Control-Allow-Origin': '*', 'Cache-Control': 'no-cache', 'ETag': 'W/"4b4-Rco0qkvSlpc1Q7jkQjK5nyigKBs"', 'Vary': 'Accept-Encoding', 'Content-Encoding': 'gzip', 'CF-Cache-Status': 'DYNAMIC', 'Report-To': '{"endpoints":[{"url":"https:\\/\\/a.nel.cloudflare.com\\/report\\/v4?s=seOi0rQ%2BITDfFH5HkZQpIGeBsp1XWxFMBh%2F55TbZ9RSEpb%2Bb7zFtZRUZhKo8C1TpCc0SZR9t2CWWrhsNnG0RDZ9o4GFOnTD%2FT8A1HTtuoPEJI5elk1EM8%2BDrCJuqoUHz"}],"group":"cf-nel","max_age":604800}', 'NEL': '{"success_fraction":0,"report_to":"cf-nel","max_age":604800}', 'Server': 'cloudflare', 'CF-RAY': '8a6d31b52a6e2f17-LAX', 'alt-svc': 'h3=":443"; ma=86400'} 
 body={"results":[{"gender":"female","name":{"title":"Mrs","first":"Helena","last":"Vásquez"},"location":{"street":{"number":9746,"name":"Andador Coahuila de Zaragoza"},"city":"El Oro","state":"Tamaulipas","country":"Mexico","postcode":99654,"coordinates":{"latitude":"24.9818","longitude":"57.3397"},"timezone":{"offset":"0:00","description":"Western Europe Time, London, Lisbon, Casablanca"}},"email":"helena.vasquez@example.com","login":{"uuid":"7e57f04d-fdcf-4d8f-9fcb-ff3d6938f0a5","username":"sadwolf953","password":"shazam","salt":"ZU02F820","md5":"502cef17719ffe9534c060d0abafa6e5","sha1":"70542f4deb25e326de1a3757c19a90d63dae307c","sha256":"52fb3f99385cd04d8d7382a59ca189c6e0847b0e0bd2ca5afd804dd937715078"},"dob":{"date":"1956-10-06T12:52:32.541Z","age":67},"registered":{"date":"2019-08-09T19:34:32.731Z","age":4},"phone":"(652) 590 6375","cell":"(694) 008 5642","id":{"name":"NSS","value":"72 15 95 0042 1"},"picture":{"large":"https://randomuser.me/api/portraits/women/39.jpg","medium":"https://randomuser.me/api/portraits/med/women/39.jpg","thumbnail":"https://randomuser.me/api/portraits/thumb/women/39.jpg"},"nat":"MX"}],"info":{"seed":"f0fb14313298e794","results":1,"page":1,"version":"1.4"}} 
 </msg>
<msg time="2024-07-21T18:18:33.238845" level="INFO">/opt/hostedtoolcache/Python/3.12.4/x64/lib/python3.12/site-packages/urllib3/connectionpool.py:1099: InsecureRequestWarning: Unverified HTTPS request is being made to host 'randomuser.me'. Adding certificate verification is strongly advised. See: https://urllib3.readthedocs.io/en/latest/advanced-usage.html#tls-warnings
  warnings.warn(</msg>
<msg time="2024-07-21T18:18:33.238993" level="INFO">${response} = &lt;Response [200]&gt;</msg>
<var>${response}</var>
<arg>consultarAPI</arg>
<arg>/api</arg>
<doc>Sends a GET request on a previously created HTTP Session.</doc>
<status status="PASS" start="2024-07-21T18:18:33.058630" elapsed="0.180409"/>
</kw>
<kw name="Should Be Equal As Numbers" owner="BuiltIn">
<msg time="2024-07-21T18:18:33.239952" level="INFO">Argument types are:
&lt;class 'int'&gt;
&lt;class 'str'&gt;</msg>
<arg>${response.status_code}</arg>
<arg>200</arg>
<doc>Fails if objects are unequal after converting them to real numbers.</doc>
<status status="PASS" start="2024-07-21T18:18:33.239503" elapsed="0.000513"/>
</kw>
<kw name="Log" owner="BuiltIn">
<msg time="2024-07-21T18:18:33.240694" level="INFO">200</msg>
<arg>${response.status_code}</arg>
<doc>Logs the given message with the given level.</doc>
<status status="PASS" start="2024-07-21T18:18:33.240341" elapsed="0.000395"/>
</kw>
<kw name="Set Variable" owner="BuiltIn">
<msg time="2024-07-21T18:18:33.241538" level="INFO">${json_data} = {'results': [{'gender': 'female', 'name': {'title': 'Mrs', 'first': 'Helena', 'last': 'Vásquez'}, 'location': {'street': {'number': 9746, 'name': 'Andador Coahuila de Zaragoza'}, 'city': 'El Oro', 'st...</msg>
<var>${json_data}</var>
<arg>${response.json()}</arg>
<doc>Returns the given values which can then be assigned to a variables.</doc>
<status status="PASS" start="2024-07-21T18:18:33.241102" elapsed="0.000464"/>
</kw>
<kw name="Dictionary Should Contain Key" owner="Collections">
<arg>${json_data}</arg>
<arg>results</arg>
<doc>Fails if ``key`` is not found from ``dictionary``.</doc>
<status status="PASS" start="2024-07-21T18:18:33.241869" elapsed="0.000459"/>
</kw>
<status status="PASS" start="2024-07-21T18:18:33.058387" elapsed="0.184185"/>
</kw>
<doc>Testa se a API responde corretamente e retorna um objeto JSON válido.</doc>
<tag>testeRequisicaoBasica</tag>
<status status="PASS" start="2024-07-21T18:18:33.057872" elapsed="0.184985"/>
</test>
<test id="s1-s1-t3" name="Validar estrutura de resposta" line="22">
<kw name="Teste de Estrutura de Resposta" owner="random-user-service">
<kw name="GET On Session" owner="RequestsLibrary">
<msg time="2024-07-21T18:18:33.350565" level="INFO">GET Request : url=https://randomuser.me/api 
 path_url=/api 
 headers={'User-Agent': 'python-requests/2.32.3', 'Accept-Encoding': 'gzip, deflate', 'Accept': '*/*', 'Connection': 'keep-alive'} 
 body=None 
 </msg>
<msg time="2024-07-21T18:18:33.350643" level="INFO">GET Response : url=https://randomuser.me/api 
 status=200, reason=OK 
 headers={'Date': 'Sun, 21 Jul 2024 18:18:33 GMT', 'Content-Type': 'application/json; charset=utf-8', 'Transfer-Encoding': 'chunked', 'Connection': 'keep-alive', 'X-Powered-By': 'Express', 'Access-Control-Allow-Origin': '*', 'Cache-Control': 'no-cache', 'ETag': 'W/"487-fgs1+mhGJXMoMHPWu9NIcmeL+HU"', 'Vary': 'Accept-Encoding', 'Content-Encoding': 'gzip', 'CF-Cache-Status': 'DYNAMIC', 'Report-To': '{"endpoints":[{"url":"https:\\/\\/a.nel.cloudflare.com\\/report\\/v4?s=sugG7N%2F%2BbGfWrNb%2Fvd43jDwcTg6NxFZMoz3%2Fd50tntfto4rWrj4juttdCKBwQdWcQEPQHKhzhQN%2B1HMyO2xIRj96jDJpRzlGTm%2BpkEGcTWInonxsyxL40q2ld0%2BwP0FA"}],"group":"cf-nel","max_age":604800}', 'NEL': '{"success_fraction":0,"report_to":"cf-nel","max_age":604800}', 'Server': 'cloudflare', 'CF-RAY': '8a6d31b5db412f17-LAX', 'alt-svc': 'h3=":443"; ma=86400'} 
 body={"results":[{"gender":"female","name":{"title":"Mrs","first":"Oliwia","last":"Storsve"},"location":{"street":{"number":6745,"name":"Sinsenterrassen"},"city":"Fjellsrud","state":"Møre og Romsdal","country":"Norway","postcode":"6062","coordinates":{"latitude":"46.0731","longitude":"119.9020"},"timezone":{"offset":"+9:30","description":"Adelaide, Darwin"}},"email":"oliwia.storsve@example.com","login":{"uuid":"ccaeac26-df98-477f-b71c-afdda59c008e","username":"silverostrich981","password":"abstr","salt":"9LIBD7SE","md5":"f939727e485288ddddff3ead95e05994","sha1":"242203af1d98939b2b8cf5dd8be0ea8e32b57767","sha256":"dfd42938bd78472d01f5afe4a006d71e7e4135fe9e17365e981d1d341d5850b3"},"dob":{"date":"1992-08-19T23:45:37.386Z","age":31},"registered":{"date":"2019-02-27T22:32:06.737Z","age":5},"phone":"36700599","cell":"95616489","id":{"name":"FN","value":"19089239853"},"picture":{"large":"https://randomuser.me/api/portraits/women/62.jpg","medium":"https://randomuser.me/api/portraits/med/women/62.jpg","thumbnail":"https://randomuser.me/api/portraits/thumb/women/62.jpg"},"nat":"NO"}],"info":{"seed":"6b292b297c68331c","results":1,"page":1,"version":"1.4"}} 
 </msg>
<msg time="2024-07-21T18:18:33.350759" level="INFO">/opt/hostedtoolcache/Python/3.12.4/x64/lib/python3.12/site-packages/urllib3/connectionpool.py:1099: InsecureRequestWarning: Unverified HTTPS request is being made to host 'randomuser.me'. Adding certificate verification is strongly advised. See: https://urllib3.readthedocs.io/en/latest/advanced-usage.html#tls-warnings
  warnings.warn(</msg>
<msg time="2024-07-21T18:18:33.350883" level="INFO">${response} = &lt;Response [200]&gt;</msg>
<var>${response}</var>
<arg>consultarAPI</arg>
<arg>/api</arg>
<doc>Sends a GET request on a previously created HTTP Session.</doc>
<status status="PASS" start="2024-07-21T18:18:33.247261" elapsed="0.103660"/>
</kw>
<kw name="Set Variable" owner="BuiltIn">
<msg time="2024-07-21T18:18:33.351853" level="INFO">${json_data} = {'results': [{'gender': 'female', 'name': {'title': 'Mrs', 'first': 'Oliwia', 'last': 'Storsve'}, 'location': {'street': {'number': 6745, 'name': 'Sinsenterrassen'}, 'city': 'Fjellsrud', 'state': 'Mør...</msg>
<var>${json_data}</var>
<arg>${response.json()}</arg>
<doc>Returns the given values which can then be assigned to a variables.</doc>
<status status="PASS" start="2024-07-21T18:18:33.351357" elapsed="0.000525"/>
</kw>
<kw name="Log" owner="BuiltIn">
<msg time="2024-07-21T18:18:33.352363" level="INFO">{'results': [{'gender': 'female', 'name': {'title': 'Mrs', 'first': 'Oliwia', 'last': 'Storsve'}, 'location': {'street': {'number': 6745, 'name': 'Sinsenterrassen'}, 'city': 'Fjellsrud', 'state': 'Møre og Romsdal', 'country': 'Norway', 'postcode': '6062', 'coordinates': {'latitude': '46.0731', 'longitude': '119.9020'}, 'timezone': {'offset': '+9:30', 'description': 'Adelaide, Darwin'}}, 'email': 'oliwia.storsve@example.com', 'login': {'uuid': 'ccaeac26-df98-477f-b71c-afdda59c008e', 'username': 'silverostrich981', 'password': 'abstr', 'salt': '9LIBD7SE', 'md5': 'f939727e485288ddddff3ead95e05994', 'sha1': '242203af1d98939b2b8cf5dd8be0ea8e32b57767', 'sha256': 'dfd42938bd78472d01f5afe4a006d71e7e4135fe9e17365e981d1d341d5850b3'}, 'dob': {'date': '1992-08-19T23:45:37.386Z', 'age': 31}, 'registered': {'date': '2019-02-27T22:32:06.737Z', 'age': 5}, 'phone': '36700599', 'cell': '95616489', 'id': {'name': 'FN', 'value': '19089239853'}, 'picture': {'large': 'https://randomuser.me/api/portraits/women/62.jpg', 'medium': 'https://randomuser.me/api/portraits/med/women/62.jpg', 'thumbnail': 'https://randomuser.me/api/portraits/thumb/women/62.jpg'}, 'nat': 'NO'}], 'info': {'seed': '6b292b297c68331c', 'results': 1, 'page': 1, 'version': '1.4'}}</msg>
<arg>${json_data}</arg>
<doc>Logs the given message with the given level.</doc>
<status status="PASS" start="2024-07-21T18:18:33.352195" elapsed="0.000220"/>
</kw>
<kw name="Dictionary Should Contain Key" owner="Collections">
<arg>${json_data}</arg>
<arg>results</arg>
<doc>Fails if ``key`` is not found from ``dictionary``.</doc>
<status status="PASS" start="2024-07-21T18:18:33.352713" elapsed="0.000214"/>
</kw>
<kw name="Should Not Be Empty" owner="BuiltIn">
<msg time="2024-07-21T18:18:33.353254" level="INFO">Length is 2.</msg>
<arg>${json_data}</arg>
<doc>Verifies that the given item is not empty.</doc>
<status status="PASS" start="2024-07-21T18:18:33.353122" elapsed="0.000170"/>
</kw>
<kw name="Create List" owner="BuiltIn">
<msg time="2024-07-21T18:18:33.353734" level="INFO">${expected_keys} = ['gender', 'name', 'location', 'email', 'login']</msg>
<var>${expected_keys}</var>
<arg>gender</arg>
<arg>name</arg>
<arg>location</arg>
<arg>email</arg>
<arg>login</arg>
<doc>Returns a list containing given items.</doc>
<status status="PASS" start="2024-07-21T18:18:33.353581" elapsed="0.000177"/>
</kw>
<for flavor="IN">
<iter>
<kw name="Dictionary Should Contain Key" owner="Collections">
<arg>${json_data['results'][0]}</arg>
<arg>${key}</arg>
<doc>Fails if ``key`` is not found from ``dictionary``.</doc>
<status status="PASS" start="2024-07-21T18:18:33.354339" elapsed="0.000412"/>
</kw>
<kw name="Log" owner="BuiltIn">
<msg time="2024-07-21T18:18:33.355309" level="INFO">{'gender': 'female', 'name': {'title': 'Mrs', 'first': 'Oliwia', 'last': 'Storsve'}, 'location': {'street': {'number': 6745, 'name': 'Sinsenterrassen'}, 'city': 'Fjellsrud', 'state': 'Møre og Romsdal', 'country': 'Norway', 'postcode': '6062', 'coordinates': {'latitude': '46.0731', 'longitude': '119.9020'}, 'timezone': {'offset': '+9:30', 'description': 'Adelaide, Darwin'}}, 'email': 'oliwia.storsve@example.com', 'login': {'uuid': 'ccaeac26-df98-477f-b71c-afdda59c008e', 'username': 'silverostrich981', 'password': 'abstr', 'salt': '9LIBD7SE', 'md5': 'f939727e485288ddddff3ead95e05994', 'sha1': '242203af1d98939b2b8cf5dd8be0ea8e32b57767', 'sha256': 'dfd42938bd78472d01f5afe4a006d71e7e4135fe9e17365e981d1d341d5850b3'}, 'dob': {'date': '1992-08-19T23:45:37.386Z', 'age': 31}, 'registered': {'date': '2019-02-27T22:32:06.737Z', 'age': 5}, 'phone': '36700599', 'cell': '95616489', 'id': {'name': 'FN', 'value': '19089239853'}, 'picture': {'large': 'https://randomuser.me/api/portraits/women/62.jpg', 'medium': 'https://randomuser.me/api/portraits/med/women/62.jpg', 'thumbnail': 'https://randomuser.me/api/portraits/thumb/women/62.jpg'}, 'nat': 'NO'}</msg>
<arg>${json_data['results'][0]}</arg>
<doc>Logs the given message with the given level.</doc>
<status status="PASS" start="2024-07-21T18:18:33.354941" elapsed="0.000428"/>
</kw>
<kw name="Log" owner="BuiltIn">
<msg time="2024-07-21T18:18:33.355795" level="INFO">gender</msg>
<arg>${key}</arg>
<doc>Logs the given message with the given level.</doc>
<status status="PASS" start="2024-07-21T18:18:33.355666" elapsed="0.000167"/>
</kw>
<var name="${key}">gender</var>
<status status="PASS" start="2024-07-21T18:18:33.354211" elapsed="0.001849"/>
</iter>
<iter>
<kw name="Dictionary Should Contain Key" owner="Collections">
<arg>${json_data['results'][0]}</arg>
<arg>${key}</arg>
<doc>Fails if ``key`` is not found from ``dictionary``.</doc>
<status status="PASS" start="2024-07-21T18:18:33.356357" elapsed="0.000409"/>
</kw>
<kw name="Log" owner="BuiltIn">
<msg time="2024-07-21T18:18:33.357324" level="INFO">{'gender': 'female', 'name': {'title': 'Mrs', 'first': 'Oliwia', 'last': 'Storsve'}, 'location': {'street': {'number': 6745, 'name': 'Sinsenterrassen'}, 'city': 'Fjellsrud', 'state': 'Møre og Romsdal', 'country': 'Norway', 'postcode': '6062', 'coordinates': {'latitude': '46.0731', 'longitude': '119.9020'}, 'timezone': {'offset': '+9:30', 'description': 'Adelaide, Darwin'}}, 'email': 'oliwia.storsve@example.com', 'login': {'uuid': 'ccaeac26-df98-477f-b71c-afdda59c008e', 'username': 'silverostrich981', 'password': 'abstr', 'salt': '9LIBD7SE', 'md5': 'f939727e485288ddddff3ead95e05994', 'sha1': '242203af1d98939b2b8cf5dd8be0ea8e32b57767', 'sha256': 'dfd42938bd78472d01f5afe4a006d71e7e4135fe9e17365e981d1d341d5850b3'}, 'dob': {'date': '1992-08-19T23:45:37.386Z', 'age': 31}, 'registered': {'date': '2019-02-27T22:32:06.737Z', 'age': 5}, 'phone': '36700599', 'cell': '95616489', 'id': {'name': 'FN', 'value': '19089239853'}, 'picture': {'large': 'https://randomuser.me/api/portraits/women/62.jpg', 'medium': 'https://randomuser.me/api/portraits/med/women/62.jpg', 'thumbnail': 'https://randomuser.me/api/portraits/thumb/women/62.jpg'}, 'nat': 'NO'}</msg>
<arg>${json_data['results'][0]}</arg>
<doc>Logs the given message with the given level.</doc>
<status status="PASS" start="2024-07-21T18:18:33.356964" elapsed="0.000443"/>
</kw>
<kw name="Log" owner="BuiltIn">
<msg time="2024-07-21T18:18:33.357834" level="INFO">name</msg>
<arg>${key}</arg>
<doc>Logs the given message with the given level.</doc>
<status status="PASS" start="2024-07-21T18:18:33.357706" elapsed="0.000165"/>
</kw>
<var name="${key}">name</var>
<status status="PASS" start="2024-07-21T18:18:33.356245" elapsed="0.001858"/>
</iter>
<iter>
<kw name="Dictionary Should Contain Key" owner="Collections">
<arg>${json_data['results'][0]}</arg>
<arg>${key}</arg>
<doc>Fails if ``key`` is not found from ``dictionary``.</doc>
<status status="PASS" start="2024-07-21T18:18:33.358518" elapsed="0.000401"/>
</kw>
<kw name="Log" owner="BuiltIn">
<msg time="2024-07-21T18:18:33.359458" level="INFO">{'gender': 'female', 'name': {'title': 'Mrs', 'first': 'Oliwia', 'last': 'Storsve'}, 'location': {'street': {'number': 6745, 'name': 'Sinsenterrassen'}, 'city': 'Fjellsrud', 'state': 'Møre og Romsdal', 'country': 'Norway', 'postcode': '6062', 'coordinates': {'latitude': '46.0731', 'longitude': '119.9020'}, 'timezone': {'offset': '+9:30', 'description': 'Adelaide, Darwin'}}, 'email': 'oliwia.storsve@example.com', 'login': {'uuid': 'ccaeac26-df98-477f-b71c-afdda59c008e', 'username': 'silverostrich981', 'password': 'abstr', 'salt': '9LIBD7SE', 'md5': 'f939727e485288ddddff3ead95e05994', 'sha1': '242203af1d98939b2b8cf5dd8be0ea8e32b57767', 'sha256': 'dfd42938bd78472d01f5afe4a006d71e7e4135fe9e17365e981d1d341d5850b3'}, 'dob': {'date': '1992-08-19T23:45:37.386Z', 'age': 31}, 'registered': {'date': '2019-02-27T22:32:06.737Z', 'age': 5}, 'phone': '36700599', 'cell': '95616489', 'id': {'name': 'FN', 'value': '19089239853'}, 'picture': {'large': 'https://randomuser.me/api/portraits/women/62.jpg', 'medium': 'https://randomuser.me/api/portraits/med/women/62.jpg', 'thumbnail': 'https://randomuser.me/api/portraits/thumb/women/62.jpg'}, 'nat': 'NO'}</msg>
<arg>${json_data['results'][0]}</arg>
<doc>Logs the given message with the given level.</doc>
<status status="PASS" start="2024-07-21T18:18:33.359106" elapsed="0.000403"/>
</kw>
<kw name="Log" owner="BuiltIn">
<msg time="2024-07-21T18:18:33.359946" level="INFO">location</msg>
<arg>${key}</arg>
<doc>Logs the given message with the given level.</doc>
<status status="PASS" start="2024-07-21T18:18:33.359818" elapsed="0.000178"/>
</kw>
<var name="${key}">location</var>
<status status="PASS" start="2024-07-21T18:18:33.358375" elapsed="0.001837"/>
</iter>
<iter>
<kw name="Dictionary Should Contain Key" owner="Collections">
<arg>${json_data['results'][0]}</arg>
<arg>${key}</arg>
<doc>Fails if ``key`` is not found from ``dictionary``.</doc>
<status status="PASS" start="2024-07-21T18:18:33.360489" elapsed="0.000417"/>
</kw>
<kw name="Log" owner="BuiltIn">
<msg time="2024-07-21T18:18:33.361572" level="INFO">{'gender': 'female', 'name': {'title': 'Mrs', 'first': 'Oliwia', 'last': 'Storsve'}, 'location': {'street': {'number': 6745, 'name': 'Sinsenterrassen'}, 'city': 'Fjellsrud', 'state': 'Møre og Romsdal', 'country': 'Norway', 'postcode': '6062', 'coordinates': {'latitude': '46.0731', 'longitude': '119.9020'}, 'timezone': {'offset': '+9:30', 'description': 'Adelaide, Darwin'}}, 'email': 'oliwia.storsve@example.com', 'login': {'uuid': 'ccaeac26-df98-477f-b71c-afdda59c008e', 'username': 'silverostrich981', 'password': 'abstr', 'salt': '9LIBD7SE', 'md5': 'f939727e485288ddddff3ead95e05994', 'sha1': '242203af1d98939b2b8cf5dd8be0ea8e32b57767', 'sha256': 'dfd42938bd78472d01f5afe4a006d71e7e4135fe9e17365e981d1d341d5850b3'}, 'dob': {'date': '1992-08-19T23:45:37.386Z', 'age': 31}, 'registered': {'date': '2019-02-27T22:32:06.737Z', 'age': 5}, 'phone': '36700599', 'cell': '95616489', 'id': {'name': 'FN', 'value': '19089239853'}, 'picture': {'large': 'https://randomuser.me/api/portraits/women/62.jpg', 'medium': 'https://randomuser.me/api/portraits/med/women/62.jpg', 'thumbnail': 'https://randomuser.me/api/portraits/thumb/women/62.jpg'}, 'nat': 'NO'}</msg>
<arg>${json_data['results'][0]}</arg>
<doc>Logs the given message with the given level.</doc>
<status status="PASS" start="2024-07-21T18:18:33.361210" elapsed="0.000413"/>
</kw>
<kw name="Log" owner="BuiltIn">
<msg time="2024-07-21T18:18:33.362051" level="INFO">email</msg>
<arg>${key}</arg>
<doc>Logs the given message with the given level.</doc>
<status status="PASS" start="2024-07-21T18:18:33.361920" elapsed="0.000170"/>
</kw>
<var name="${key}">email</var>
<status status="PASS" start="2024-07-21T18:18:33.360382" elapsed="0.001923"/>
</iter>
<iter>
<kw name="Dictionary Should Contain Key" owner="Collections">
<arg>${json_data['results'][0]}</arg>
<arg>${key}</arg>
<doc>Fails if ``key`` is not found from ``dictionary``.</doc>
<status status="PASS" start="2024-07-21T18:18:33.362588" elapsed="0.000375"/>
</kw>
<kw name="Log" owner="BuiltIn">
<msg time="2024-07-21T18:18:33.363507" level="INFO">{'gender': 'female', 'name': {'title': 'Mrs', 'first': 'Oliwia', 'last': 'Storsve'}, 'location': {'street': {'number': 6745, 'name': 'Sinsenterrassen'}, 'city': 'Fjellsrud', 'state': 'Møre og Romsdal', 'country': 'Norway', 'postcode': '6062', 'coordinates': {'latitude': '46.0731', 'longitude': '119.9020'}, 'timezone': {'offset': '+9:30', 'description': 'Adelaide, Darwin'}}, 'email': 'oliwia.storsve@example.com', 'login': {'uuid': 'ccaeac26-df98-477f-b71c-afdda59c008e', 'username': 'silverostrich981', 'password': 'abstr', 'salt': '9LIBD7SE', 'md5': 'f939727e485288ddddff3ead95e05994', 'sha1': '242203af1d98939b2b8cf5dd8be0ea8e32b57767', 'sha256': 'dfd42938bd78472d01f5afe4a006d71e7e4135fe9e17365e981d1d341d5850b3'}, 'dob': {'date': '1992-08-19T23:45:37.386Z', 'age': 31}, 'registered': {'date': '2019-02-27T22:32:06.737Z', 'age': 5}, 'phone': '36700599', 'cell': '95616489', 'id': {'name': 'FN', 'value': '19089239853'}, 'picture': {'large': 'https://randomuser.me/api/portraits/women/62.jpg', 'medium': 'https://randomuser.me/api/portraits/med/women/62.jpg', 'thumbnail': 'https://randomuser.me/api/portraits/thumb/women/62.jpg'}, 'nat': 'NO'}</msg>
<arg>${json_data['results'][0]}</arg>
<doc>Logs the given message with the given level.</doc>
<status status="PASS" start="2024-07-21T18:18:33.363149" elapsed="0.000409"/>
</kw>
<kw name="Log" owner="BuiltIn">
<msg time="2024-07-21T18:18:33.363978" level="INFO">login</msg>
<arg>${key}</arg>
<doc>Logs the given message with the given level.</doc>
<status status="PASS" start="2024-07-21T18:18:33.363850" elapsed="0.000165"/>
</kw>
<var name="${key}">login</var>
<status status="PASS" start="2024-07-21T18:18:33.362480" elapsed="0.001745"/>
</iter>
<var>${key}</var>
<value>@{expected_keys}</value>
<status status="PASS" start="2024-07-21T18:18:33.354024" elapsed="0.010321"/>
</for>
<kw name="Create List" owner="BuiltIn">
<msg time="2024-07-21T18:18:33.364664" level="INFO">${expected_keysTwo} = ['username', 'password']</msg>
<var>${expected_keysTwo}</var>
<arg>username</arg>
<arg>password</arg>
<doc>Returns a list containing given items.</doc>
<status status="PASS" start="2024-07-21T18:18:33.364532" elapsed="0.000155"/>
</kw>
<for flavor="IN">
<iter>
<kw name="Dictionary Should Contain Key" owner="Collections">
<arg>${json_data['results'][0]['login']}</arg>
<arg>${keyTwo}</arg>
<doc>Fails if ``key`` is not found from ``dictionary``.</doc>
<status status="PASS" start="2024-07-21T18:18:33.365253" elapsed="0.000382"/>
</kw>
<kw name="Dictionary Should Contain Key" owner="Collections">
<arg>${json_data['results'][0]['login']}</arg>
<arg>${keyTwo}</arg>
<doc>Fails if ``key`` is not found from ``dictionary``.</doc>
<status status="PASS" start="2024-07-21T18:18:33.365838" elapsed="0.000371"/>
</kw>
<kw name="Log" owner="BuiltIn">
<msg time="2024-07-21T18:18:33.366520" level="INFO">username</msg>
<arg>${keyTwo}</arg>
<doc>Logs the given message with the given level.</doc>
<status status="PASS" start="2024-07-21T18:18:33.366384" elapsed="0.000175"/>
</kw>
<var name="${keyTwo}">username</var>
<status status="PASS" start="2024-07-21T18:18:33.365146" elapsed="0.001649"/>
</iter>
<iter>
<kw name="Dictionary Should Contain Key" owner="Collections">
<arg>${json_data['results'][0]['login']}</arg>
<arg>${keyTwo}</arg>
<doc>Fails if ``key`` is not found from ``dictionary``.</doc>
<status status="PASS" start="2024-07-21T18:18:33.367095" elapsed="0.000382"/>
</kw>
<kw name="Dictionary Should Contain Key" owner="Collections">
<arg>${json_data['results'][0]['login']}</arg>
<arg>${keyTwo}</arg>
<doc>Fails if ``key`` is not found from ``dictionary``.</doc>
<status status="PASS" start="2024-07-21T18:18:33.367653" elapsed="0.000371"/>
</kw>
<kw name="Log" owner="BuiltIn">
<msg time="2024-07-21T18:18:33.368323" level="INFO">password</msg>
<arg>${keyTwo}</arg>
<doc>Logs the given message with the given level.</doc>
<status status="PASS" start="2024-07-21T18:18:33.368196" elapsed="0.000164"/>
</kw>
<var name="${keyTwo}">password</var>
<status status="PASS" start="2024-07-21T18:18:33.366983" elapsed="0.001594"/>
</iter>
<var>${keyTwo}</var>
<value>@{expected_keysTwo}</value>
<status status="PASS" start="2024-07-21T18:18:33.364984" elapsed="0.003713"/>
</for>
<status status="PASS" start="2024-07-21T18:18:33.246888" elapsed="0.121993"/>
</kw>
<doc>Testa a estrutura da resposta da API.</doc>
<tag>testeEstruturaResposta</tag>
<status status="PASS" start="2024-07-21T18:18:33.246142" elapsed="0.122892"/>
</test>
<test id="s1-s1-t4" name="Validar tipos de dados" line="28">
<kw name="Teste de Tipos de Dados" owner="random-user-service">
<kw name="GET On Session" owner="RequestsLibrary">
<msg time="2024-07-21T18:18:33.493292" level="INFO">GET Request : url=https://randomuser.me/api 
 path_url=/api 
 headers={'User-Agent': 'python-requests/2.32.3', 'Accept-Encoding': 'gzip, deflate', 'Accept': '*/*', 'Connection': 'keep-alive'} 
 body=None 
 </msg>
<msg time="2024-07-21T18:18:33.493360" level="INFO">GET Response : url=https://randomuser.me/api 
 status=200, reason=OK 
 headers={'Date': 'Sun, 21 Jul 2024 18:18:33 GMT', 'Content-Type': 'application/json; charset=utf-8', 'Transfer-Encoding': 'chunked', 'Connection': 'keep-alive', 'X-Powered-By': 'Express', 'Access-Control-Allow-Origin': '*', 'Cache-Control': 'no-cache', 'ETag': 'W/"48b-H4shNTCM0rAIv+YGeRsc7wnrO2Y"', 'Vary': 'Accept-Encoding', 'Content-Encoding': 'gzip', 'CF-Cache-Status': 'DYNAMIC', 'Report-To': '{"endpoints":[{"url":"https:\\/\\/a.nel.cloudflare.com\\/report\\/v4?s=sy1gjwu1OhSe%2Ftl4hKfDqm9vZkansXRrOGfAArpM68PiBsUdKZtdpvzLQ7VZd7dEo4S57SqlQT7Ec5IGl%2FBJnk4r97ffYdy%2BIJ5JjClYuW5iUlpKlcUQPbMau5BFQQOW"}],"group":"cf-nel","max_age":604800}', 'NEL': '{"success_fraction":0,"report_to":"cf-nel","max_age":604800}', 'Server': 'cloudflare', 'CF-RAY': '8a6d31b69c752f17-LAX', 'alt-svc': 'h3=":443"; ma=86400'} 
 body={"results":[{"gender":"male","name":{"title":"Mr","first":"Deniz","last":"Arıcan"},"location":{"street":{"number":2064,"name":"Fatih Sultan Mehmet Cd"},"city":"Konya","state":"Edirne","country":"Turkey","postcode":38247,"coordinates":{"latitude":"72.1462","longitude":"-161.4015"},"timezone":{"offset":"+3:00","description":"Baghdad, Riyadh, Moscow, St. Petersburg"}},"email":"deniz.arican@example.com","login":{"uuid":"3183c845-cb15-4585-a328-305d1c9c210b","username":"blacklion295","password":"comfort","salt":"URfwwGtN","md5":"8b7716d35522c1a0c7a0f172190cddce","sha1":"052e8e0ee987b5eb6562d7f4f23923222f22a82e","sha256":"6cf2f7ee41d6479ab27dc7bc505690500e08dfa88e1b67259cb533eac07a60ac"},"dob":{"date":"1946-09-30T14:19:07.132Z","age":77},"registered":{"date":"2009-01-31T03:15:17.443Z","age":15},"phone":"(176)-710-0721","cell":"(233)-548-6259","id":{"name":"","value":null},"picture":{"large":"https://randomuser.me/api/portraits/men/84.jpg","medium":"https://randomuser.me/api/portraits/med/men/84.jpg","thumbnail":"https://randomuser.me/api/portraits/thumb/men/84.jpg"},"nat":"TR"}],"info":{"seed":"a1cc000df8078c4d","results":1,"page":1,"version":"1.4"}} 
 </msg>
<msg time="2024-07-21T18:18:33.493420" level="INFO">/opt/hostedtoolcache/Python/3.12.4/x64/lib/python3.12/site-packages/urllib3/connectionpool.py:1099: InsecureRequestWarning: Unverified HTTPS request is being made to host 'randomuser.me'. Adding certificate verification is strongly advised. See: https://urllib3.readthedocs.io/en/latest/advanced-usage.html#tls-warnings
  warnings.warn(</msg>
<msg time="2024-07-21T18:18:33.493528" level="INFO">${response} = &lt;Response [200]&gt;</msg>
<var>${response}</var>
<arg>consultarAPI</arg>
<arg>/api</arg>
<doc>Sends a GET request on a previously created HTTP Session.</doc>
<status status="PASS" start="2024-07-21T18:18:33.371537" elapsed="0.122029"/>
</kw>
<kw name="Set Variable" owner="BuiltIn">
<msg time="2024-07-21T18:18:33.494422" level="INFO">${json_data} = {'results': [{'gender': 'male', 'name': {'title': 'Mr', 'first': 'Deniz', 'last': 'Arıcan'}, 'location': {'street': {'number': 2064, 'name': 'Fatih Sultan Mehmet Cd'}, 'city': 'Konya', 'state': 'Edirn...</msg>
<var>${json_data}</var>
<arg>${response.json()}</arg>
<doc>Returns the given values which can then be assigned to a variables.</doc>
<status status="PASS" start="2024-07-21T18:18:33.493952" elapsed="0.000500"/>
</kw>
<kw name="Log" owner="BuiltIn">
<msg time="2024-07-21T18:18:33.494905" level="INFO">{'results': [{'gender': 'male', 'name': {'title': 'Mr', 'first': 'Deniz', 'last': 'Arıcan'}, 'location': {'street': {'number': 2064, 'name': 'Fatih Sultan Mehmet Cd'}, 'city': 'Konya', 'state': 'Edirne', 'country': 'Turkey', 'postcode': 38247, 'coordinates': {'latitude': '72.1462', 'longitude': '-161.4015'}, 'timezone': {'offset': '+3:00', 'description': 'Baghdad, Riyadh, Moscow, St. Petersburg'}}, 'email': 'deniz.arican@example.com', 'login': {'uuid': '3183c845-cb15-4585-a328-305d1c9c210b', 'username': 'blacklion295', 'password': 'comfort', 'salt': 'URfwwGtN', 'md5': '8b7716d35522c1a0c7a0f172190cddce', 'sha1': '052e8e0ee987b5eb6562d7f4f23923222f22a82e', 'sha256': '6cf2f7ee41d6479ab27dc7bc505690500e08dfa88e1b67259cb533eac07a60ac'}, 'dob': {'date': '1946-09-30T14:19:07.132Z', 'age': 77}, 'registered': {'date': '2009-01-31T03:15:17.443Z', 'age': 15}, 'phone': '(176)-710-0721', 'cell': '(233)-548-6259', 'id': {'name': '', 'value': None}, 'picture': {'large': 'https://randomuser.me/api/portraits/men/84.jpg', 'medium': 'https://randomuser.me/api/portraits/med/men/84.jpg', 'thumbnail': 'https://randomuser.me/api/portraits/thumb/men/84.jpg'}, 'nat': 'TR'}], 'info': {'seed': 'a1cc000df8078c4d', 'results': 1, 'page': 1, 'version': '1.4'}}</msg>
<arg>${json_data}</arg>
<doc>Logs the given message with the given level.</doc>
<status status="PASS" start="2024-07-21T18:18:33.494751" elapsed="0.000203"/>
</kw>
<kw name="Should Be String" owner="String">
<arg>${json_data['results'][0]['gender']}</arg>
<doc>Fails if the given ``item`` is not a string.</doc>
<status status="PASS" start="2024-07-21T18:18:33.495238" elapsed="0.000360"/>
</kw>
<kw name="Should Match Regexp" owner="BuiltIn">
<arg>${json_data['results'][0]['email']}</arg>
<arg>^[a-zA-Z0-9._%+-]+@[a-zA-Z0-9.-]+\.[a-zA-Z]{2,}$</arg>
<doc>Fails if ``string`` does not match ``pattern`` as a regular expression.</doc>
<status status="PASS" start="2024-07-21T18:18:33.495784" elapsed="0.000510"/>
</kw>
<kw name="Should Match Regexp" owner="BuiltIn">
<arg>${json_data['results'][0]['dob']['date']}</arg>
<arg>\\d{4}-\\d{2}-\\d{2}T\\d{2}:\\d{2}:\\d{2}\\.\\d{3}Z</arg>
<doc>Fails if ``string`` does not match ``pattern`` as a regular expression.</doc>
<status status="PASS" start="2024-07-21T18:18:33.496521" elapsed="0.000639"/>
</kw>
<kw name="Should Match Regexp" owner="BuiltIn">
<arg>${json_data['results'][0]['registered']['date']}</arg>
<arg>\\d{4}-\\d{2}-\\d{2}T\\d{2}:\\d{2}:\\d{2}\\.\\d{3}Z</arg>
<doc>Fails if ``string`` does not match ``pattern`` as a regular expression.</doc>
<status status="PASS" start="2024-07-21T18:18:33.497354" elapsed="0.000381"/>
</kw>
<kw name="Should Match Regexp" owner="BuiltIn">
<arg>${json_data['results'][0]['picture']['large']}</arg>
<arg>^https?://.*\.(?:png|jpe?g|gif|bmp)$</arg>
<doc>Fails if ``string`` does not match ``pattern`` as a regular expression.</doc>
<status status="PASS" start="2024-07-21T18:18:33.497920" elapsed="0.000456"/>
</kw>
<kw name="Should Match Regexp" owner="BuiltIn">
<arg>${json_data['results'][0]['picture']['medium']}</arg>
<arg>^https?://.*\.(?:png|jpe?g|gif|bmp)$</arg>
<doc>Fails if ``string`` does not match ``pattern`` as a regular expression.</doc>
<status status="PASS" start="2024-07-21T18:18:33.498561" elapsed="0.000351"/>
</kw>
<kw name="Should Match Regexp" owner="BuiltIn">
<arg>${json_data['results'][0]['picture']['thumbnail']}</arg>
<arg>^https?://.*\.(?:png|jpe?g|gif|bmp)$</arg>
<doc>Fails if ``string`` does not match ``pattern`` as a regular expression.</doc>
<status status="PASS" start="2024-07-21T18:18:33.499092" elapsed="0.000348"/>
</kw>
<kw name="Log" owner="BuiltIn">
<msg time="2024-07-21T18:18:33.499941" level="INFO">{'large': 'https://randomuser.me/api/portraits/men/84.jpg', 'medium': 'https://randomuser.me/api/portraits/med/men/84.jpg', 'thumbnail': 'https://randomuser.me/api/portraits/thumb/men/84.jpg'}</msg>
<arg>${json_data['results'][0]['picture']}</arg>
<doc>Logs the given message with the given level.</doc>
<status status="PASS" start="2024-07-21T18:18:33.499618" elapsed="0.000365"/>
</kw>
<status status="PASS" start="2024-07-21T18:18:33.371319" elapsed="0.128919"/>
</kw>
<kw name="Teste de Tipos de Dados - Postcode" owner="random-user-service">
<kw name="GET On Session" owner="RequestsLibrary">
<msg time="2024-07-21T18:18:33.610195" level="INFO">GET Request : url=https://randomuser.me/api 
 path_url=/api 
 headers={'User-Agent': 'python-requests/2.32.3', 'Accept-Encoding': 'gzip, deflate', 'Accept': '*/*', 'Connection': 'keep-alive'} 
 body=None 
 </msg>
<msg time="2024-07-21T18:18:33.610280" level="INFO">GET Response : url=https://randomuser.me/api 
 status=200, reason=OK 
 headers={'Date': 'Sun, 21 Jul 2024 18:18:33 GMT', 'Content-Type': 'application/json; charset=utf-8', 'Transfer-Encoding': 'chunked', 'Connection': 'keep-alive', 'X-Powered-By': 'Express', 'Access-Control-Allow-Origin': '*', 'Cache-Control': 'no-cache', 'ETag': 'W/"48b-ESuXmQVVEU+Qe061vwpRqZ9D0y0"', 'Vary': 'Accept-Encoding', 'Content-Encoding': 'gzip', 'CF-Cache-Status': 'DYNAMIC', 'Report-To': '{"endpoints":[{"url":"https:\\/\\/a.nel.cloudflare.com\\/report\\/v4?s=j0NzcN044XNnxqjn3CfbZiDVi1ZcVTLqawVwdn9KsfOt2DqgHgeEsLoHdUaSWpUbceqNWP%2BYoWp5MYRekIpzSeNRVIjiaDqneTqHcodkE%2BMD3bOrWAT7gSymkY5zRVa8"}],"group":"cf-nel","max_age":604800}', 'NEL': '{"success_fraction":0,"report_to":"cf-nel","max_age":604800}', 'Server': 'cloudflare', 'CF-RAY': '8a6d31b77da92f17-LAX', 'alt-svc': 'h3=":443"; ma=86400'} 
 body={"results":[{"gender":"female","name":{"title":"Miss","first":"Emma","last":"Olsen"},"location":{"street":{"number":4984,"name":"Thistedvej"},"city":"Nykøbing F","state":"Danmark","country":"Denmark","postcode":17705,"coordinates":{"latitude":"-45.5606","longitude":"48.1572"},"timezone":{"offset":"-4:00","description":"Atlantic Time (Canada), Caracas, La Paz"}},"email":"emma.olsen@example.com","login":{"uuid":"4a347d82-15c5-4f54-89c5-c99f134c6ff8","username":"greenrabbit623","password":"rrrrrr","salt":"vWu8vrrL","md5":"ad58a8ab140bb1783a5475724b259109","sha1":"64e6df75e8019681956a2a9040b4b1be43ff314a","sha256":"32b94694e32d8b1b63c4c1220095f39c95775a601482a98b54d80f92153c13d0"},"dob":{"date":"1977-10-18T13:45:37.382Z","age":46},"registered":{"date":"2021-11-03T23:42:20.858Z","age":2},"phone":"23849951","cell":"13384057","id":{"name":"CPR","value":"181077-8861"},"picture":{"large":"https://randomuser.me/api/portraits/women/10.jpg","medium":"https://randomuser.me/api/portraits/med/women/10.jpg","thumbnail":"https://randomuser.me/api/portraits/thumb/women/10.jpg"},"nat":"DK"}],"info":{"seed":"8dd25e2765289f88","results":1,"page":1,"version":"1.4"}} 
 </msg>
<msg time="2024-07-21T18:18:33.610354" level="INFO">/opt/hostedtoolcache/Python/3.12.4/x64/lib/python3.12/site-packages/urllib3/connectionpool.py:1099: InsecureRequestWarning: Unverified HTTPS request is being made to host 'randomuser.me'. Adding certificate verification is strongly advised. See: https://urllib3.readthedocs.io/en/latest/advanced-usage.html#tls-warnings
  warnings.warn(</msg>
<msg time="2024-07-21T18:18:33.610515" level="INFO">${response} = &lt;Response [200]&gt;</msg>
<var>${response}</var>
<arg>consultarAPI</arg>
<arg>/api</arg>
<doc>Sends a GET request on a previously created HTTP Session.</doc>
<status status="PASS" start="2024-07-21T18:18:33.500679" elapsed="0.109874"/>
</kw>
<kw name="Set Variable" owner="BuiltIn">
<msg time="2024-07-21T18:18:33.611382" level="INFO">${json_data} = {'results': [{'gender': 'female', 'name': {'title': 'Miss', 'first': 'Emma', 'last': 'Olsen'}, 'location': {'street': {'number': 4984, 'name': 'Thistedvej'}, 'city': 'Nykøbing F', 'state': 'Danmark', ...</msg>
<var>${json_data}</var>
<arg>${response.json()}</arg>
<doc>Returns the given values which can then be assigned to a variables.</doc>
<status status="PASS" start="2024-07-21T18:18:33.610910" elapsed="0.000501"/>
</kw>
<kw name="Log" owner="BuiltIn">
<msg time="2024-07-21T18:18:33.611885" level="INFO">{'results': [{'gender': 'female', 'name': {'title': 'Miss', 'first': 'Emma', 'last': 'Olsen'}, 'location': {'street': {'number': 4984, 'name': 'Thistedvej'}, 'city': 'Nykøbing F', 'state': 'Danmark', 'country': 'Denmark', 'postcode': 17705, 'coordinates': {'latitude': '-45.5606', 'longitude': '48.1572'}, 'timezone': {'offset': '-4:00', 'description': 'Atlantic Time (Canada), Caracas, La Paz'}}, 'email': 'emma.olsen@example.com', 'login': {'uuid': '4a347d82-15c5-4f54-89c5-c99f134c6ff8', 'username': 'greenrabbit623', 'password': 'rrrrrr', 'salt': 'vWu8vrrL', 'md5': 'ad58a8ab140bb1783a5475724b259109', 'sha1': '64e6df75e8019681956a2a9040b4b1be43ff314a', 'sha256': '32b94694e32d8b1b63c4c1220095f39c95775a601482a98b54d80f92153c13d0'}, 'dob': {'date': '1977-10-18T13:45:37.382Z', 'age': 46}, 'registered': {'date': '2021-11-03T23:42:20.858Z', 'age': 2}, 'phone': '23849951', 'cell': '13384057', 'id': {'name': 'CPR', 'value': '181077-8861'}, 'picture': {'large': 'https://randomuser.me/api/portraits/women/10.jpg', 'medium': 'https://randomuser.me/api/portraits/med/women/10.jpg', 'thumbnail': 'https://randomuser.me/api/portraits/thumb/women/10.jpg'}, 'nat': 'DK'}], 'info': {'seed': '8dd25e2765289f88', 'results': 1, 'page': 1, 'version': '1.4'}}</msg>
<arg>${json_data}</arg>
<doc>Logs the given message with the given level.</doc>
<status status="PASS" start="2024-07-21T18:18:33.611715" elapsed="0.000220"/>
</kw>
<kw name="Should Be Equal As Numbers" owner="BuiltIn">
<arg>${json_data['results'][0]['location']['postcode']}</arg>
<arg>${json_data['results'][0]['location']['postcode']}</arg>
<doc>Fails if objects are unequal after converting them to real numbers.</doc>
<status status="PASS" start="2024-07-21T18:18:33.612257" elapsed="0.000671"/>
</kw>
<kw name="Log" owner="BuiltIn">
<msg time="2024-07-21T18:18:33.613457" level="INFO">17705</msg>
<arg>${json_data['results'][0]['location']['postcode']}</arg>
<doc>Logs the given message with the given level.</doc>
<status status="PASS" start="2024-07-21T18:18:33.613121" elapsed="0.000376"/>
</kw>
<status status="PASS" start="2024-07-21T18:18:33.500455" elapsed="0.113318"/>
</kw>
<doc>Testa se os tipos de dados na resposta da API estão corretos.</doc>
<tag>testeTiposDados</tag>
<status status="PASS" start="2024-07-21T18:18:33.370781" elapsed="0.243155"/>
</test>
<test id="s1-s1-t5" name="Validar conteudo" line="35">
<kw name="Teste de Tipos de Conteudo" owner="random-user-service">
<kw name="GET On Session" owner="RequestsLibrary">
<msg time="2024-07-21T18:18:33.722918" level="INFO">GET Request : url=https://randomuser.me/api 
 path_url=/api 
 headers={'User-Agent': 'python-requests/2.32.3', 'Accept-Encoding': 'gzip, deflate', 'Accept': '*/*', 'Connection': 'keep-alive'} 
 body=None 
 </msg>
<msg time="2024-07-21T18:18:33.722988" level="INFO">GET Response : url=https://randomuser.me/api 
 status=200, reason=OK 
 headers={'Date': 'Sun, 21 Jul 2024 18:18:33 GMT', 'Content-Type': 'application/json; charset=utf-8', 'Transfer-Encoding': 'chunked', 'Connection': 'keep-alive', 'X-Powered-By': 'Express', 'Access-Control-Allow-Origin': '*', 'Cache-Control': 'no-cache', 'ETag': 'W/"4a8-k2qaBTsMa15d5bUqHZBHUUER3QI"', 'Vary': 'Accept-Encoding', 'Content-Encoding': 'gzip', 'CF-Cache-Status': 'DYNAMIC', 'Report-To': '{"endpoints":[{"url":"https:\\/\\/a.nel.cloudflare.com\\/report\\/v4?s=g2GZbDb%2FjH6Mn9XnkxA1FlYKZU124KfBAC1C2nxoD27kgwg5M7npX2Flks8SOdnvFZY4P17o3bmGfeCB%2BFFf9or7qNrPWTeNthDVZ0LLZFlW9MFHi%2B4wlfFpqLEkCaxf"}],"group":"cf-nel","max_age":604800}', 'NEL': '{"success_fraction":0,"report_to":"cf-nel","max_age":604800}', 'Server': 'cloudflare', 'CF-RAY': '8a6d31b82e8e2f17-LAX', 'alt-svc': 'h3=":443"; ma=86400'} 
 body={"results":[{"gender":"male","name":{"title":"Mr","first":"Jeremiah","last":"Russell"},"location":{"street":{"number":7064,"name":"N Stelling Rd"},"city":"Vancouver","state":"Colorado","country":"United States","postcode":51846,"coordinates":{"latitude":"82.5929","longitude":"-97.2277"},"timezone":{"offset":"0:00","description":"Western Europe Time, London, Lisbon, Casablanca"}},"email":"jeremiah.russell@example.com","login":{"uuid":"7c7b8e17-f76d-42bf-bfbc-6a8a788409d1","username":"sadpeacock477","password":"werner","salt":"8CAZkT9R","md5":"9a7e10257609afd26c7f7bb48d779327","sha1":"0b7070e6d4c09ea0f3f38cc6bb01a684031be367","sha256":"127cf0da15ffec9254c316bed10ff9b017a949f7216bb77841bf06a9e3749921"},"dob":{"date":"1981-08-16T10:15:40.357Z","age":42},"registered":{"date":"2013-02-12T23:16:42.337Z","age":11},"phone":"(555) 406-8076","cell":"(466) 749-5782","id":{"name":"SSN","value":"850-61-6785"},"picture":{"large":"https://randomuser.me/api/portraits/men/68.jpg","medium":"https://randomuser.me/api/portraits/med/men/68.jpg","thumbnail":"https://randomuser.me/api/portraits/thumb/men/68.jpg"},"nat":"US"}],"info":{"seed":"34f01e98ac088a0c","results":1,"page":1,"version":"1.4"}} 
 </msg>
<msg time="2024-07-21T18:18:33.723048" level="INFO">/opt/hostedtoolcache/Python/3.12.4/x64/lib/python3.12/site-packages/urllib3/connectionpool.py:1099: InsecureRequestWarning: Unverified HTTPS request is being made to host 'randomuser.me'. Adding certificate verification is strongly advised. See: https://urllib3.readthedocs.io/en/latest/advanced-usage.html#tls-warnings
  warnings.warn(</msg>
<msg time="2024-07-21T18:18:33.723161" level="INFO">${response} = &lt;Response [200]&gt;</msg>
<var>${response}</var>
<arg>consultarAPI</arg>
<arg>/api</arg>
<doc>Sends a GET request on a previously created HTTP Session.</doc>
<status status="PASS" start="2024-07-21T18:18:33.616411" elapsed="0.106792"/>
</kw>
<kw name="Set Variable" owner="BuiltIn">
<msg time="2024-07-21T18:18:33.724042" level="INFO">${json_data} = {'results': [{'gender': 'male', 'name': {'title': 'Mr', 'first': 'Jeremiah', 'last': 'Russell'}, 'location': {'street': {'number': 7064, 'name': 'N Stelling Rd'}, 'city': 'Vancouver', 'state': 'Colora...</msg>
<var>${json_data}</var>
<arg>${response.json()}</arg>
<doc>Returns the given values which can then be assigned to a variables.</doc>
<status status="PASS" start="2024-07-21T18:18:33.723588" elapsed="0.000482"/>
</kw>
<kw name="Set Variable" owner="BuiltIn">
<msg time="2024-07-21T18:18:33.724798" level="INFO">${name_title} = Mr</msg>
<var>${name_title}</var>
<arg>${json_data["results"][0]["name"]["title"]}</arg>
<doc>Returns the given values which can then be assigned to a variables.</doc>
<status status="PASS" start="2024-07-21T18:18:33.724369" elapsed="0.000459"/>
</kw>
<kw name="Create List" owner="BuiltIn">
<msg time="2024-07-21T18:18:33.725273" level="INFO">${allowed_titles} = ['Mr', 'Ms', 'Miss', 'Mrs', 'Madame', 'Monsieur']</msg>
<var>${allowed_titles}</var>
<arg>Mr</arg>
<arg>Ms</arg>
<arg>Miss</arg>
<arg>Mrs</arg>
<arg>Madame</arg>
<arg>Monsieur</arg>
<doc>Returns a list containing given items.</doc>
<status status="PASS" start="2024-07-21T18:18:33.725126" elapsed="0.000171"/>
</kw>
<kw name="List Should Contain Value" owner="Collections">
<arg>${allowed_titles}</arg>
<arg>${name_title}</arg>
<doc>Fails if the ``value`` is not found from ``list``.</doc>
<status status="PASS" start="2024-07-21T18:18:33.725588" elapsed="0.000176"/>
</kw>
<kw name="Set Variable" owner="BuiltIn">
<msg time="2024-07-21T18:18:33.726315" level="INFO">${name_country} = US</msg>
<var>${name_country}</var>
<arg>${json_data["results"][0]["nat"]}</arg>
<doc>Returns the given values which can then be assigned to a variables.</doc>
<status status="PASS" start="2024-07-21T18:18:33.725945" elapsed="0.000394"/>
</kw>
<kw name="Create List" owner="BuiltIn">
<msg time="2024-07-21T18:18:33.727244" level="INFO">${list_country} = ['AD', 'AE', 'AF', 'AG', 'AI', 'AL', 'AM', 'AO', 'AQ', 'AR', 'AS', 'AT', 'AU', 'AW', 'AX', 'AZ', 'BA', 'BB', 'BD', 'BE', 'BF', 'BG', 'BH', 'BI', 'BJ', 'BL', 'BM', 'BN', 'BO', 'BQ', 'BR', 'BS', 'BT', '...</msg>
<var>${list_country}</var>
<arg>AD</arg>
<arg>AE</arg>
<arg>AF</arg>
<arg>AG</arg>
<arg>AI</arg>
<arg>AL</arg>
<arg>AM</arg>
<arg>AO</arg>
<arg>AQ</arg>
<arg>AR</arg>
<arg>AS</arg>
<arg>AT</arg>
<arg>AU</arg>
<arg>AW</arg>
<arg>AX</arg>
<arg>AZ</arg>
<arg>BA</arg>
<arg>BB</arg>
<arg>BD</arg>
<arg>BE</arg>
<arg>BF</arg>
<arg>BG</arg>
<arg>BH</arg>
<arg>BI</arg>
<arg>BJ</arg>
<arg>BL</arg>
<arg>BM</arg>
<arg>BN</arg>
<arg>BO</arg>
<arg>BQ</arg>
<arg>BR</arg>
<arg>BS</arg>
<arg>BT</arg>
<arg>BV</arg>
<arg>BW</arg>
<arg>BY</arg>
<arg>BZ</arg>
<arg>CA</arg>
<arg>CC</arg>
<arg>CD</arg>
<arg>CF</arg>
<arg>CG</arg>
<arg>CH</arg>
<arg>CI</arg>
<arg>CK</arg>
<arg>CL</arg>
<arg>CM</arg>
<arg>CN</arg>
<arg>CO</arg>
<arg>CR</arg>
<arg>CU</arg>
<arg>CV</arg>
<arg>CW</arg>
<arg>CX</arg>
<arg>CY</arg>
<arg>CZ</arg>
<arg>DE</arg>
<arg>DJ</arg>
<arg>DK</arg>
<arg>DM</arg>
<arg>DO</arg>
<arg>DZ</arg>
<arg>EC</arg>
<arg>EE</arg>
<arg>EG</arg>
<arg>EH</arg>
<arg>ER</arg>
<arg>ES</arg>
<arg>ET</arg>
<arg>FI</arg>
<arg>FJ</arg>
<arg>FK</arg>
<arg>FM</arg>
<arg>FO</arg>
<arg>FR</arg>
<arg>GA</arg>
<arg>GB</arg>
<arg>GD</arg>
<arg>GE</arg>
<arg>GF</arg>
<arg>GG</arg>
<arg>GH</arg>
<arg>GI</arg>
<arg>GL</arg>
<arg>GM</arg>
<arg>GN</arg>
<arg>GP</arg>
<arg>GQ</arg>
<arg>GR</arg>
<arg>GS</arg>
<arg>GT</arg>
<arg>GU</arg>
<arg>GW</arg>
<arg>GY</arg>
<arg>HK</arg>
<arg>HM</arg>
<arg>HN</arg>
<arg>HR</arg>
<arg>HT</arg>
<arg>HU</arg>
<arg>ID</arg>
<arg>IE</arg>
<arg>IL</arg>
<arg>IM</arg>
<arg>IN</arg>
<arg>IO</arg>
<arg>IQ</arg>
<arg>IR</arg>
<arg>IS</arg>
<arg>IT</arg>
<arg>JE</arg>
<arg>JM</arg>
<arg>JO</arg>
<arg>JP</arg>
<arg>KE</arg>
<arg>KG</arg>
<arg>KH</arg>
<arg>KI</arg>
<arg>KM</arg>
<arg>KN</arg>
<arg>KP</arg>
<arg>KR</arg>
<arg>KW</arg>
<arg>KY</arg>
<arg>KZ</arg>
<arg>LA</arg>
<arg>LB</arg>
<arg>LC</arg>
<arg>LI</arg>
<arg>LK</arg>
<arg>LR</arg>
<arg>LS</arg>
<arg>LT</arg>
<arg>LU</arg>
<arg>LV</arg>
<arg>LY</arg>
<arg>MA</arg>
<arg>MC</arg>
<arg>MD</arg>
<arg>ME</arg>
<arg>MF</arg>
<arg>MG</arg>
<arg>MH</arg>
<arg>MK</arg>
<arg>ML</arg>
<arg>MM</arg>
<arg>MN</arg>
<arg>MO</arg>
<arg>MP</arg>
<arg>MQ</arg>
<arg>MR</arg>
<arg>MS</arg>
<arg>MT</arg>
<arg>MU</arg>
<arg>MV</arg>
<arg>MW</arg>
<arg>MX</arg>
<arg>MY</arg>
<arg>MZ</arg>
<arg>NA</arg>
<arg>NC</arg>
<arg>NE</arg>
<arg>NF</arg>
<arg>NG</arg>
<arg>NI</arg>
<arg>NL</arg>
<arg>NO</arg>
<arg>NP</arg>
<arg>NR</arg>
<arg>NU</arg>
<arg>NZ</arg>
<arg>OM</arg>
<arg>PA</arg>
<arg>PE</arg>
<arg>PF</arg>
<arg>PG</arg>
<arg>PH</arg>
<arg>PK</arg>
<arg>PL</arg>
<arg>PM</arg>
<arg>PN</arg>
<arg>PR</arg>
<arg>PS</arg>
<arg>PT</arg>
<arg>PW</arg>
<arg>PY</arg>
<arg>QA</arg>
<arg>RE</arg>
<arg>RO</arg>
<arg>RS</arg>
<arg>RU</arg>
<arg>RW</arg>
<arg>SA</arg>
<arg>SB</arg>
<arg>SC</arg>
<arg>SD</arg>
<arg>SE</arg>
<arg>SG</arg>
<arg>SH</arg>
<arg>SI</arg>
<arg>SJ</arg>
<arg>SK</arg>
<arg>SL</arg>
<arg>SM</arg>
<arg>SN</arg>
<arg>SO</arg>
<arg>SR</arg>
<arg>SS</arg>
<arg>ST</arg>
<arg>SV</arg>
<arg>SX</arg>
<arg>SY</arg>
<arg>SZ</arg>
<arg>TC</arg>
<arg>TD</arg>
<arg>TF</arg>
<arg>TG</arg>
<arg>TH</arg>
<arg>TJ</arg>
<arg>TK</arg>
<arg>TL</arg>
<arg>TM</arg>
<arg>TN</arg>
<arg>TO</arg>
<arg>TR</arg>
<arg>TT</arg>
<arg>TV</arg>
<arg>TW</arg>
<arg>TZ</arg>
<arg>UA</arg>
<arg>UG</arg>
<arg>UM</arg>
<arg>US</arg>
<arg>UY</arg>
<arg>UZ</arg>
<arg>VA</arg>
<arg>VC</arg>
<arg>VE</arg>
<arg>VG</arg>
<arg>VI</arg>
<arg>VN</arg>
<arg>VU</arg>
<arg>WF</arg>
<arg>WS</arg>
<arg>XK</arg>
<arg>YE</arg>
<arg>YT</arg>
<arg>ZA</arg>
<arg>ZM</arg>
<arg>ZW</arg>
<doc>Returns a list containing given items.</doc>
<status status="PASS" start="2024-07-21T18:18:33.726645" elapsed="0.000623"/>
</kw>
<kw name="List Should Contain Value" owner="Collections">
<arg>${list_country}</arg>
<arg>${name_country}</arg>
<doc>Fails if the ``value`` is not found from ``list``.</doc>
<status status="PASS" start="2024-07-21T18:18:33.728225" elapsed="0.000211"/>
</kw>
<kw name="Run Keyword If" owner="BuiltIn">
<kw name="Should Be True" owner="BuiltIn">
<arg>${True}</arg>
<doc>Fails if the given condition is not true.</doc>
<status status="PASS" start="2024-07-21T18:18:33.729391" elapsed="0.000140"/>
</kw>
<arg>${json_data["results"][0]["location"]["coordinates"]["latitude"]} &gt;= -90 and ${json_data["results"][0]["location"]["coordinates"]["latitude"]} &lt;= 90</arg>
<arg>Should Be True</arg>
<arg>${True}</arg>
<doc>Runs the given keyword with the given arguments, if ``condition`` is true.</doc>
<status status="PASS" start="2024-07-21T18:18:33.728630" elapsed="0.001025"/>
</kw>
<kw name="Run Keyword If" owner="BuiltIn">
<kw name="Should Be True" owner="BuiltIn">
<arg>${True}</arg>
<doc>Fails if the given condition is not true.</doc>
<status status="PASS" start="2024-07-21T18:18:33.730538" elapsed="0.000138"/>
</kw>
<arg>${json_data["results"][0]["location"]["coordinates"]["longitude"]} &gt;= -180 and ${json_data["results"][0]["location"]["coordinates"]["longitude"]} &lt;= 180</arg>
<arg>Should Be True</arg>
<arg>${True}</arg>
<doc>Runs the given keyword with the given arguments, if ``condition`` is true.</doc>
<status status="PASS" start="2024-07-21T18:18:33.729837" elapsed="0.000961"/>
</kw>
<status status="PASS" start="2024-07-21T18:18:33.616195" elapsed="0.114732"/>
</kw>
<doc>Testa o conteúdo específico dos campos retornados pela API.</doc>
<tag>testeConteudo</tag>
<status status="PASS" start="2024-07-21T18:18:33.615678" elapsed="0.115395"/>
</test>
<status status="PASS" start="2024-07-21T18:18:32.724463" elapsed="1.008557"/>
</suite>
<status status="PASS" start="2024-07-21T18:18:32.710311" elapsed="1.027696"/>
</suite>
<statistics>
<total>
<stat pass="5" fail="0" skip="0">All Tests</stat>
</total>
<tag>
<stat pass="1" fail="0" skip="0">testeConteudo</stat>
<stat pass="1" fail="0" skip="0">testeEstruturaResposta</stat>
<stat pass="1" fail="0" skip="0">testeRequisicaoBasica</stat>
<stat pass="1" fail="0" skip="0">testeTiposDados</stat>
</tag>
<suite>
<stat pass="5" fail="0" skip="0" id="s1" name="Tests">Tests</stat>
<stat pass="5" fail="0" skip="0" id="s1-s1" name="Random-User-Test">Tests.Random-User-Test</stat>
</suite>
</statistics>
<errors>
</errors>
</robot>
