<?xml version="1.0" encoding="UTF-8"?>
<robot generator="Robot 7.0.1 (Python 3.12.4 on linux)" generated="2024-06-25T16:19:07.292912" rpa="false" schemaversion="5">
<suite id="s1" name="Tests" source="/home/runner/work/ApiRandomUser/ApiRandomUser/RamdonUser/tests">
<suite id="s1-s1" name="Random-User-Test" source="/home/runner/work/ApiRandomUser/ApiRandomUser/RamdonUser/tests/random-user-test.robot">
<test id="s1-s1-t1" name="Conectar" line="13">
<kw name="Conectar API" owner="random-user-service">
<kw name="Create Session" owner="RequestsLibrary">
<msg time="2024-06-25T16:19:07.690400" level="INFO">Creating Session using : alias=consultarAPI, url=https://randomuser.me/, headers={},                     cookies={}, auth=None, timeout=None, proxies=None, verify=False,                     debug=0 </msg>
<arg>consultarAPI</arg>
<arg>${URL}</arg>
<doc>Create Session: create a HTTP session to a server</doc>
<status status="PASS" start="2024-06-25T16:19:07.690201" elapsed="0.000372"/>
</kw>
<status status="PASS" start="2024-06-25T16:19:07.689265" elapsed="0.001658"/>
</kw>
<status status="PASS" start="2024-06-25T16:19:07.688649" elapsed="0.002464"/>
</test>
<test id="s1-s1-t2" name="Validar retorno 200 e JSON Válido" line="16">
<kw name="Teste de Requisicao Basica" owner="random-user-service">
<kw name="GET On Session" owner="RequestsLibrary">
<msg time="2024-06-25T16:19:08.035406" level="INFO">GET Request : url=https://randomuser.me/api 
 path_url=/api 
 headers={'User-Agent': 'python-requests/2.32.3', 'Accept-Encoding': 'gzip, deflate', 'Accept': '*/*', 'Connection': 'keep-alive'} 
 body=None 
 </msg>
<msg time="2024-06-25T16:19:08.035564" level="INFO">GET Response : url=https://randomuser.me/api 
 status=200, reason=OK 
 headers={'Date': 'Tue, 25 Jun 2024 16:19:08 GMT', 'Content-Type': 'application/json; charset=utf-8', 'Transfer-Encoding': 'chunked', 'Connection': 'keep-alive', 'X-Powered-By': 'Express', 'Access-Control-Allow-Origin': '*', 'Cache-Control': 'no-cache', 'ETag': 'W/"483-tM0/DKV5z/3zmUIwAhj9kdiYz94"', 'Vary': 'Accept-Encoding', 'Content-Encoding': 'gzip', 'CF-Cache-Status': 'DYNAMIC', 'Report-To': '{"endpoints":[{"url":"https:\\/\\/a.nel.cloudflare.com\\/report\\/v4?s=1nrY%2BEbxxup2zDnikVVMlg3aJ24c9twIQ1XGX6qK1uaIyd8b67gGbHkWE%2Btv2SM2RnfjxmNeKvxP6cCrmoo1vLn7jshdsrJ6rzj8SEfEoGWfqy%2FnDj1%2Fnq0SnFNpfLy4"}],"group":"cf-nel","max_age":604800}', 'NEL': '{"success_fraction":0,"report_to":"cf-nel","max_age":604800}', 'Server': 'cloudflare', 'CF-RAY': '89964706de50391c-IAD', 'alt-svc': 'h3=":443"; ma=86400'} 
 body={"results":[{"gender":"female","name":{"title":"Miss","first":"Carmen","last":"Rolón"},"location":{"street":{"number":488,"name":"Eje vial Morales"},"city":"Altata","state":"Michoacan","country":"Mexico","postcode":93630,"coordinates":{"latitude":"24.9596","longitude":"128.5075"},"timezone":{"offset":"-2:00","description":"Mid-Atlantic"}},"email":"carmen.rolon@example.com","login":{"uuid":"3c060907-ef06-4b58-ab75-0bda3d0cc080","username":"greenbird752","password":"hogan","salt":"7bzSuFzT","md5":"5ceb6298fd4f436584b40af6e26b779c","sha1":"bea11413d9b4649f25de11c36cdbbac4f3f3de46","sha256":"33b0fe021aca72b5a1447c6d5f66bd399ad23fc1b4db8368e6b7376a315ad260"},"dob":{"date":"1994-03-23T06:15:32.945Z","age":30},"registered":{"date":"2014-11-13T23:18:26.316Z","age":9},"phone":"(680) 780 5010","cell":"(658) 108 3962","id":{"name":"NSS","value":"99 17 82 7614 1"},"picture":{"large":"https://randomuser.me/api/portraits/women/23.jpg","medium":"https://randomuser.me/api/portraits/med/women/23.jpg","thumbnail":"https://randomuser.me/api/portraits/thumb/women/23.jpg"},"nat":"MX"}],"info":{"seed":"33f68a3928ba31f6","results":1,"page":1,"version":"1.4"}} 
 </msg>
<msg time="2024-06-25T16:19:08.035657" level="INFO">/opt/hostedtoolcache/Python/3.12.4/x64/lib/python3.12/site-packages/urllib3/connectionpool.py:1099: InsecureRequestWarning: Unverified HTTPS request is being made to host 'randomuser.me'. Adding certificate verification is strongly advised. See: https://urllib3.readthedocs.io/en/latest/advanced-usage.html#tls-warnings
  warnings.warn(</msg>
<msg time="2024-06-25T16:19:08.035827" level="INFO">${response} = &lt;Response [200]&gt;</msg>
<var>${response}</var>
<arg>consultarAPI</arg>
<arg>/api</arg>
<doc>Sends a GET request on a previously created HTTP Session.</doc>
<status status="PASS" start="2024-06-25T16:19:07.693779" elapsed="0.342096"/>
</kw>
<kw name="Should Be Equal As Numbers" owner="BuiltIn">
<msg time="2024-06-25T16:19:08.036829" level="INFO">Argument types are:
&lt;class 'int'&gt;
&lt;class 'str'&gt;</msg>
<arg>${response.status_code}</arg>
<arg>200</arg>
<doc>Fails if objects are unequal after converting them to real numbers.</doc>
<status status="PASS" start="2024-06-25T16:19:08.036384" elapsed="0.000507"/>
</kw>
<kw name="Log" owner="BuiltIn">
<msg time="2024-06-25T16:19:08.037538" level="INFO">200</msg>
<arg>${response.status_code}</arg>
<doc>Logs the given message with the given level.</doc>
<status status="PASS" start="2024-06-25T16:19:08.037198" elapsed="0.000380"/>
</kw>
<kw name="Set Variable" owner="BuiltIn">
<msg time="2024-06-25T16:19:08.038300" level="INFO">${json_data} = {'results': [{'gender': 'female', 'name': {'title': 'Miss', 'first': 'Carmen', 'last': 'Rolón'}, 'location': {'street': {'number': 488, 'name': 'Eje vial Morales'}, 'city': 'Altata', 'state': 'Michoac...</msg>
<var>${json_data}</var>
<arg>${response.json()}</arg>
<doc>Returns the given values which can then be assigned to a variables.</doc>
<status status="PASS" start="2024-06-25T16:19:08.037870" elapsed="0.000458"/>
</kw>
<kw name="Dictionary Should Contain Key" owner="Collections">
<arg>${json_data}</arg>
<arg>results</arg>
<doc>Fails if ``key`` is not found from ``dictionary``.</doc>
<status status="PASS" start="2024-06-25T16:19:08.038619" elapsed="0.000165"/>
</kw>
<status status="PASS" start="2024-06-25T16:19:07.693534" elapsed="0.345394"/>
</kw>
<doc>Testa se a API responde corretamente e retorna um objeto JSON válido.</doc>
<tag>testeRequisicaoBasica</tag>
<status status="PASS" start="2024-06-25T16:19:07.693020" elapsed="0.346075"/>
</test>
<test id="s1-s1-t3" name="Validar estrutura de resposta" line="22">
<kw name="Teste de Estrutura de Resposta" owner="random-user-service">
<kw name="GET On Session" owner="RequestsLibrary">
<msg time="2024-06-25T16:19:08.131805" level="INFO">GET Request : url=https://randomuser.me/api 
 path_url=/api 
 headers={'User-Agent': 'python-requests/2.32.3', 'Accept-Encoding': 'gzip, deflate', 'Accept': '*/*', 'Connection': 'keep-alive'} 
 body=None 
 </msg>
<msg time="2024-06-25T16:19:08.131913" level="INFO">GET Response : url=https://randomuser.me/api 
 status=200, reason=OK 
 headers={'Date': 'Tue, 25 Jun 2024 16:19:08 GMT', 'Content-Type': 'application/json; charset=utf-8', 'Transfer-Encoding': 'chunked', 'Connection': 'keep-alive', 'X-Powered-By': 'Express', 'Access-Control-Allow-Origin': '*', 'Cache-Control': 'no-cache', 'ETag': 'W/"4a4-Lev8CU0EZ369+8gd4H6LAOLPPGA"', 'Vary': 'Accept-Encoding', 'Content-Encoding': 'gzip', 'CF-Cache-Status': 'DYNAMIC', 'Report-To': '{"endpoints":[{"url":"https:\\/\\/a.nel.cloudflare.com\\/report\\/v4?s=8ZyU2trV1AvuUPq0EydWog2IDeNM3hyWXfzgKsvWXLkeXoaOWiQDbnVqdMwyHsT56EVHzCu8aegxqR67apEMZE47Zayg%2FNags52C4LaYw0TgpydHQ3PZGXaV%2B3%2Bcrf7a"}],"group":"cf-nel","max_age":604800}', 'NEL': '{"success_fraction":0,"report_to":"cf-nel","max_age":604800}', 'Server': 'cloudflare', 'CF-RAY': '899647074ebf391c-IAD', 'alt-svc': 'h3=":443"; ma=86400'} 
 body={"results":[{"gender":"female","name":{"title":"Ms","first":"الینا","last":"علیزاده"},"location":{"street":{"number":726,"name":"شهید گلپایگانی"},"city":"سیرجان","state":"لرستان","country":"Iran","postcode":18023,"coordinates":{"latitude":"15.7438","longitude":"100.8924"},"timezone":{"offset":"-3:00","description":"Brazil, Buenos Aires, Georgetown"}},"email":"lyn.aalyzdh@example.com","login":{"uuid":"37b51899-1422-4028-ae2c-7c2bfacdfc7f","username":"silverladybug818","password":"bobbie","salt":"pklbkG66","md5":"92e403655f8716d02d07a3b72cef3d3a","sha1":"4d48830d3da2ac70d0b432525414e4bef31914b4","sha256":"ca0ef56a467432686ca0bed0e1103ff7e3447c3a12156bd4910d65789de38f92"},"dob":{"date":"1954-03-06T02:41:25.382Z","age":70},"registered":{"date":"2016-06-13T09:29:30.795Z","age":8},"phone":"067-89849418","cell":"0909-234-0088","id":{"name":"","value":null},"picture":{"large":"https://randomuser.me/api/portraits/women/94.jpg","medium":"https://randomuser.me/api/portraits/med/women/94.jpg","thumbnail":"https://randomuser.me/api/portraits/thumb/women/94.jpg"},"nat":"IR"}],"info":{"seed":"71447f485f0cdf45","results":1,"page":1,"version":"1.4"}} 
 </msg>
<msg time="2024-06-25T16:19:08.132067" level="INFO">/opt/hostedtoolcache/Python/3.12.4/x64/lib/python3.12/site-packages/urllib3/connectionpool.py:1099: InsecureRequestWarning: Unverified HTTPS request is being made to host 'randomuser.me'. Adding certificate verification is strongly advised. See: https://urllib3.readthedocs.io/en/latest/advanced-usage.html#tls-warnings
  warnings.warn(</msg>
<msg time="2024-06-25T16:19:08.132246" level="INFO">${response} = &lt;Response [200]&gt;</msg>
<var>${response}</var>
<arg>consultarAPI</arg>
<arg>/api</arg>
<doc>Sends a GET request on a previously created HTTP Session.</doc>
<status status="PASS" start="2024-06-25T16:19:08.041711" elapsed="0.090589"/>
</kw>
<kw name="Set Variable" owner="BuiltIn">
<msg time="2024-06-25T16:19:08.133499" level="INFO">${json_data} = {'results': [{'gender': 'female', 'name': {'title': 'Ms', 'first': 'الینا', 'last': 'علیزاده'}, 'location': {'street': {'number': 726, 'name': 'شهید گلپایگانی'}, 'city': 'سیرجان', 'state': 'لرستان', '...</msg>
<var>${json_data}</var>
<arg>${response.json()}</arg>
<doc>Returns the given values which can then be assigned to a variables.</doc>
<status status="PASS" start="2024-06-25T16:19:08.132928" elapsed="0.000600"/>
</kw>
<kw name="Log" owner="BuiltIn">
<msg time="2024-06-25T16:19:08.133999" level="INFO">{'results': [{'gender': 'female', 'name': {'title': 'Ms', 'first': 'الینا', 'last': 'علیزاده'}, 'location': {'street': {'number': 726, 'name': 'شهید گلپایگانی'}, 'city': 'سیرجان', 'state': 'لرستان', 'country': 'Iran', 'postcode': 18023, 'coordinates': {'latitude': '15.7438', 'longitude': '100.8924'}, 'timezone': {'offset': '-3:00', 'description': 'Brazil, Buenos Aires, Georgetown'}}, 'email': 'lyn.aalyzdh@example.com', 'login': {'uuid': '37b51899-1422-4028-ae2c-7c2bfacdfc7f', 'username': 'silverladybug818', 'password': 'bobbie', 'salt': 'pklbkG66', 'md5': '92e403655f8716d02d07a3b72cef3d3a', 'sha1': '4d48830d3da2ac70d0b432525414e4bef31914b4', 'sha256': 'ca0ef56a467432686ca0bed0e1103ff7e3447c3a12156bd4910d65789de38f92'}, 'dob': {'date': '1954-03-06T02:41:25.382Z', 'age': 70}, 'registered': {'date': '2016-06-13T09:29:30.795Z', 'age': 8}, 'phone': '067-89849418', 'cell': '0909-234-0088', 'id': {'name': '', 'value': None}, 'picture': {'large': 'https://randomuser.me/api/portraits/women/94.jpg', 'medium': 'https://randomuser.me/api/portraits/med/women/94.jpg', 'thumbnail': 'https://randomuser.me/api/portraits/thumb/women/94.jpg'}, 'nat': 'IR'}], 'info': {'seed': '71447f485f0cdf45', 'results': 1, 'page': 1, 'version': '1.4'}}</msg>
<arg>${json_data}</arg>
<doc>Logs the given message with the given level.</doc>
<status status="PASS" start="2024-06-25T16:19:08.133839" elapsed="0.000209"/>
</kw>
<kw name="Dictionary Should Contain Key" owner="Collections">
<arg>${json_data}</arg>
<arg>results</arg>
<doc>Fails if ``key`` is not found from ``dictionary``.</doc>
<status status="PASS" start="2024-06-25T16:19:08.134335" elapsed="0.000155"/>
</kw>
<kw name="Should Not Be Empty" owner="BuiltIn">
<msg time="2024-06-25T16:19:08.134796" level="INFO">Length is 2.</msg>
<arg>${json_data}</arg>
<doc>Verifies that the given item is not empty.</doc>
<status status="PASS" start="2024-06-25T16:19:08.134669" elapsed="0.000168"/>
</kw>
<kw name="Create List" owner="BuiltIn">
<msg time="2024-06-25T16:19:08.135426" level="INFO">${expected_keys} = ['gender', 'name', 'location', 'email', 'login']</msg>
<var>${expected_keys}</var>
<arg>gender</arg>
<arg>name</arg>
<arg>location</arg>
<arg>email</arg>
<arg>login</arg>
<doc>Returns a list containing given items.</doc>
<status status="PASS" start="2024-06-25T16:19:08.135132" elapsed="0.000318"/>
</kw>
<for flavor="IN">
<iter>
<kw name="Dictionary Should Contain Key" owner="Collections">
<arg>${json_data['results'][0]}</arg>
<arg>${key}</arg>
<doc>Fails if ``key`` is not found from ``dictionary``.</doc>
<status status="PASS" start="2024-06-25T16:19:08.136024" elapsed="0.000446"/>
</kw>
<kw name="Log" owner="BuiltIn">
<msg time="2024-06-25T16:19:08.137012" level="INFO">{'gender': 'female', 'name': {'title': 'Ms', 'first': 'الینا', 'last': 'علیزاده'}, 'location': {'street': {'number': 726, 'name': 'شهید گلپایگانی'}, 'city': 'سیرجان', 'state': 'لرستان', 'country': 'Iran', 'postcode': 18023, 'coordinates': {'latitude': '15.7438', 'longitude': '100.8924'}, 'timezone': {'offset': '-3:00', 'description': 'Brazil, Buenos Aires, Georgetown'}}, 'email': 'lyn.aalyzdh@example.com', 'login': {'uuid': '37b51899-1422-4028-ae2c-7c2bfacdfc7f', 'username': 'silverladybug818', 'password': 'bobbie', 'salt': 'pklbkG66', 'md5': '92e403655f8716d02d07a3b72cef3d3a', 'sha1': '4d48830d3da2ac70d0b432525414e4bef31914b4', 'sha256': 'ca0ef56a467432686ca0bed0e1103ff7e3447c3a12156bd4910d65789de38f92'}, 'dob': {'date': '1954-03-06T02:41:25.382Z', 'age': 70}, 'registered': {'date': '2016-06-13T09:29:30.795Z', 'age': 8}, 'phone': '067-89849418', 'cell': '0909-234-0088', 'id': {'name': '', 'value': None}, 'picture': {'large': 'https://randomuser.me/api/portraits/women/94.jpg', 'medium': 'https://randomuser.me/api/portraits/med/women/94.jpg', 'thumbnail': 'https://randomuser.me/api/portraits/thumb/women/94.jpg'}, 'nat': 'IR'}</msg>
<arg>${json_data['results'][0]}</arg>
<doc>Logs the given message with the given level.</doc>
<status status="PASS" start="2024-06-25T16:19:08.136654" elapsed="0.000408"/>
</kw>
<kw name="Log" owner="BuiltIn">
<msg time="2024-06-25T16:19:08.137483" level="INFO">gender</msg>
<arg>${key}</arg>
<doc>Logs the given message with the given level.</doc>
<status status="PASS" start="2024-06-25T16:19:08.137355" elapsed="0.000166"/>
</kw>
<var name="${key}">gender</var>
<status status="PASS" start="2024-06-25T16:19:08.135902" elapsed="0.001842"/>
</iter>
<iter>
<kw name="Dictionary Should Contain Key" owner="Collections">
<arg>${json_data['results'][0]}</arg>
<arg>${key}</arg>
<doc>Fails if ``key`` is not found from ``dictionary``.</doc>
<status status="PASS" start="2024-06-25T16:19:08.138041" elapsed="0.000379"/>
</kw>
<kw name="Log" owner="BuiltIn">
<msg time="2024-06-25T16:19:08.138987" level="INFO">{'gender': 'female', 'name': {'title': 'Ms', 'first': 'الینا', 'last': 'علیزاده'}, 'location': {'street': {'number': 726, 'name': 'شهید گلپایگانی'}, 'city': 'سیرجان', 'state': 'لرستان', 'country': 'Iran', 'postcode': 18023, 'coordinates': {'latitude': '15.7438', 'longitude': '100.8924'}, 'timezone': {'offset': '-3:00', 'description': 'Brazil, Buenos Aires, Georgetown'}}, 'email': 'lyn.aalyzdh@example.com', 'login': {'uuid': '37b51899-1422-4028-ae2c-7c2bfacdfc7f', 'username': 'silverladybug818', 'password': 'bobbie', 'salt': 'pklbkG66', 'md5': '92e403655f8716d02d07a3b72cef3d3a', 'sha1': '4d48830d3da2ac70d0b432525414e4bef31914b4', 'sha256': 'ca0ef56a467432686ca0bed0e1103ff7e3447c3a12156bd4910d65789de38f92'}, 'dob': {'date': '1954-03-06T02:41:25.382Z', 'age': 70}, 'registered': {'date': '2016-06-13T09:29:30.795Z', 'age': 8}, 'phone': '067-89849418', 'cell': '0909-234-0088', 'id': {'name': '', 'value': None}, 'picture': {'large': 'https://randomuser.me/api/portraits/women/94.jpg', 'medium': 'https://randomuser.me/api/portraits/med/women/94.jpg', 'thumbnail': 'https://randomuser.me/api/portraits/thumb/women/94.jpg'}, 'nat': 'IR'}</msg>
<arg>${json_data['results'][0]}</arg>
<doc>Logs the given message with the given level.</doc>
<status status="PASS" start="2024-06-25T16:19:08.138631" elapsed="0.000405"/>
</kw>
<kw name="Log" owner="BuiltIn">
<msg time="2024-06-25T16:19:08.139459" level="INFO">name</msg>
<arg>${key}</arg>
<doc>Logs the given message with the given level.</doc>
<status status="PASS" start="2024-06-25T16:19:08.139331" elapsed="0.000165"/>
</kw>
<var name="${key}">name</var>
<status status="PASS" start="2024-06-25T16:19:08.137930" elapsed="0.001775"/>
</iter>
<iter>
<kw name="Dictionary Should Contain Key" owner="Collections">
<arg>${json_data['results'][0]}</arg>
<arg>${key}</arg>
<doc>Fails if ``key`` is not found from ``dictionary``.</doc>
<status status="PASS" start="2024-06-25T16:19:08.139986" elapsed="0.000402"/>
</kw>
<kw name="Log" owner="BuiltIn">
<msg time="2024-06-25T16:19:08.140915" level="INFO">{'gender': 'female', 'name': {'title': 'Ms', 'first': 'الینا', 'last': 'علیزاده'}, 'location': {'street': {'number': 726, 'name': 'شهید گلپایگانی'}, 'city': 'سیرجان', 'state': 'لرستان', 'country': 'Iran', 'postcode': 18023, 'coordinates': {'latitude': '15.7438', 'longitude': '100.8924'}, 'timezone': {'offset': '-3:00', 'description': 'Brazil, Buenos Aires, Georgetown'}}, 'email': 'lyn.aalyzdh@example.com', 'login': {'uuid': '37b51899-1422-4028-ae2c-7c2bfacdfc7f', 'username': 'silverladybug818', 'password': 'bobbie', 'salt': 'pklbkG66', 'md5': '92e403655f8716d02d07a3b72cef3d3a', 'sha1': '4d48830d3da2ac70d0b432525414e4bef31914b4', 'sha256': 'ca0ef56a467432686ca0bed0e1103ff7e3447c3a12156bd4910d65789de38f92'}, 'dob': {'date': '1954-03-06T02:41:25.382Z', 'age': 70}, 'registered': {'date': '2016-06-13T09:29:30.795Z', 'age': 8}, 'phone': '067-89849418', 'cell': '0909-234-0088', 'id': {'name': '', 'value': None}, 'picture': {'large': 'https://randomuser.me/api/portraits/women/94.jpg', 'medium': 'https://randomuser.me/api/portraits/med/women/94.jpg', 'thumbnail': 'https://randomuser.me/api/portraits/thumb/women/94.jpg'}, 'nat': 'IR'}</msg>
<arg>${json_data['results'][0]}</arg>
<doc>Logs the given message with the given level.</doc>
<status status="PASS" start="2024-06-25T16:19:08.140568" elapsed="0.000395"/>
</kw>
<kw name="Log" owner="BuiltIn">
<msg time="2024-06-25T16:19:08.141395" level="INFO">location</msg>
<arg>${key}</arg>
<doc>Logs the given message with the given level.</doc>
<status status="PASS" start="2024-06-25T16:19:08.141258" elapsed="0.000174"/>
</kw>
<var name="${key}">location</var>
<status status="PASS" start="2024-06-25T16:19:08.139879" elapsed="0.001765"/>
</iter>
<iter>
<kw name="Dictionary Should Contain Key" owner="Collections">
<arg>${json_data['results'][0]}</arg>
<arg>${key}</arg>
<doc>Fails if ``key`` is not found from ``dictionary``.</doc>
<status status="PASS" start="2024-06-25T16:19:08.141917" elapsed="0.000381"/>
</kw>
<kw name="Log" owner="BuiltIn">
<msg time="2024-06-25T16:19:08.142819" level="INFO">{'gender': 'female', 'name': {'title': 'Ms', 'first': 'الینا', 'last': 'علیزاده'}, 'location': {'street': {'number': 726, 'name': 'شهید گلپایگانی'}, 'city': 'سیرجان', 'state': 'لرستان', 'country': 'Iran', 'postcode': 18023, 'coordinates': {'latitude': '15.7438', 'longitude': '100.8924'}, 'timezone': {'offset': '-3:00', 'description': 'Brazil, Buenos Aires, Georgetown'}}, 'email': 'lyn.aalyzdh@example.com', 'login': {'uuid': '37b51899-1422-4028-ae2c-7c2bfacdfc7f', 'username': 'silverladybug818', 'password': 'bobbie', 'salt': 'pklbkG66', 'md5': '92e403655f8716d02d07a3b72cef3d3a', 'sha1': '4d48830d3da2ac70d0b432525414e4bef31914b4', 'sha256': 'ca0ef56a467432686ca0bed0e1103ff7e3447c3a12156bd4910d65789de38f92'}, 'dob': {'date': '1954-03-06T02:41:25.382Z', 'age': 70}, 'registered': {'date': '2016-06-13T09:29:30.795Z', 'age': 8}, 'phone': '067-89849418', 'cell': '0909-234-0088', 'id': {'name': '', 'value': None}, 'picture': {'large': 'https://randomuser.me/api/portraits/women/94.jpg', 'medium': 'https://randomuser.me/api/portraits/med/women/94.jpg', 'thumbnail': 'https://randomuser.me/api/portraits/thumb/women/94.jpg'}, 'nat': 'IR'}</msg>
<arg>${json_data['results'][0]}</arg>
<doc>Logs the given message with the given level.</doc>
<status status="PASS" start="2024-06-25T16:19:08.142475" elapsed="0.000393"/>
</kw>
<kw name="Log" owner="BuiltIn">
<msg time="2024-06-25T16:19:08.143282" level="INFO">email</msg>
<arg>${key}</arg>
<doc>Logs the given message with the given level.</doc>
<status status="PASS" start="2024-06-25T16:19:08.143157" elapsed="0.000162"/>
</kw>
<var name="${key}">email</var>
<status status="PASS" start="2024-06-25T16:19:08.141810" elapsed="0.001725"/>
</iter>
<iter>
<kw name="Dictionary Should Contain Key" owner="Collections">
<arg>${json_data['results'][0]}</arg>
<arg>${key}</arg>
<doc>Fails if ``key`` is not found from ``dictionary``.</doc>
<status status="PASS" start="2024-06-25T16:19:08.143806" elapsed="0.000404"/>
</kw>
<kw name="Log" owner="BuiltIn">
<msg time="2024-06-25T16:19:08.144747" level="INFO">{'gender': 'female', 'name': {'title': 'Ms', 'first': 'الینا', 'last': 'علیزاده'}, 'location': {'street': {'number': 726, 'name': 'شهید گلپایگانی'}, 'city': 'سیرجان', 'state': 'لرستان', 'country': 'Iran', 'postcode': 18023, 'coordinates': {'latitude': '15.7438', 'longitude': '100.8924'}, 'timezone': {'offset': '-3:00', 'description': 'Brazil, Buenos Aires, Georgetown'}}, 'email': 'lyn.aalyzdh@example.com', 'login': {'uuid': '37b51899-1422-4028-ae2c-7c2bfacdfc7f', 'username': 'silverladybug818', 'password': 'bobbie', 'salt': 'pklbkG66', 'md5': '92e403655f8716d02d07a3b72cef3d3a', 'sha1': '4d48830d3da2ac70d0b432525414e4bef31914b4', 'sha256': 'ca0ef56a467432686ca0bed0e1103ff7e3447c3a12156bd4910d65789de38f92'}, 'dob': {'date': '1954-03-06T02:41:25.382Z', 'age': 70}, 'registered': {'date': '2016-06-13T09:29:30.795Z', 'age': 8}, 'phone': '067-89849418', 'cell': '0909-234-0088', 'id': {'name': '', 'value': None}, 'picture': {'large': 'https://randomuser.me/api/portraits/women/94.jpg', 'medium': 'https://randomuser.me/api/portraits/med/women/94.jpg', 'thumbnail': 'https://randomuser.me/api/portraits/thumb/women/94.jpg'}, 'nat': 'IR'}</msg>
<arg>${json_data['results'][0]}</arg>
<doc>Logs the given message with the given level.</doc>
<status status="PASS" start="2024-06-25T16:19:08.144387" elapsed="0.000410"/>
</kw>
<kw name="Log" owner="BuiltIn">
<msg time="2024-06-25T16:19:08.145214" level="INFO">login</msg>
<arg>${key}</arg>
<doc>Logs the given message with the given level.</doc>
<status status="PASS" start="2024-06-25T16:19:08.145084" elapsed="0.000167"/>
</kw>
<var name="${key}">login</var>
<status status="PASS" start="2024-06-25T16:19:08.143700" elapsed="0.001759"/>
</iter>
<var>${key}</var>
<value>@{expected_keys}</value>
<status status="PASS" start="2024-06-25T16:19:08.135708" elapsed="0.009880"/>
</for>
<kw name="Create List" owner="BuiltIn">
<msg time="2024-06-25T16:19:08.145938" level="INFO">${expected_keysTwo} = ['username', 'password']</msg>
<var>${expected_keysTwo}</var>
<arg>username</arg>
<arg>password</arg>
<doc>Returns a list containing given items.</doc>
<status status="PASS" start="2024-06-25T16:19:08.145803" elapsed="0.000166"/>
</kw>
<for flavor="IN">
<iter>
<kw name="Dictionary Should Contain Key" owner="Collections">
<arg>${json_data['results'][0]['login']}</arg>
<arg>${keyTwo}</arg>
<doc>Fails if ``key`` is not found from ``dictionary``.</doc>
<status status="PASS" start="2024-06-25T16:19:08.146457" elapsed="0.000376"/>
</kw>
<kw name="Dictionary Should Contain Key" owner="Collections">
<arg>${json_data['results'][0]['login']}</arg>
<arg>${keyTwo}</arg>
<doc>Fails if ``key`` is not found from ``dictionary``.</doc>
<status status="PASS" start="2024-06-25T16:19:08.147009" elapsed="0.000370"/>
</kw>
<kw name="Log" owner="BuiltIn">
<msg time="2024-06-25T16:19:08.147671" level="INFO">username</msg>
<arg>${keyTwo}</arg>
<doc>Logs the given message with the given level.</doc>
<status status="PASS" start="2024-06-25T16:19:08.147552" elapsed="0.000155"/>
</kw>
<var name="${keyTwo}">username</var>
<status status="PASS" start="2024-06-25T16:19:08.146351" elapsed="0.001577"/>
</iter>
<iter>
<kw name="Dictionary Should Contain Key" owner="Collections">
<arg>${json_data['results'][0]['login']}</arg>
<arg>${keyTwo}</arg>
<doc>Fails if ``key`` is not found from ``dictionary``.</doc>
<status status="PASS" start="2024-06-25T16:19:08.148233" elapsed="0.000389"/>
</kw>
<kw name="Dictionary Should Contain Key" owner="Collections">
<arg>${json_data['results'][0]['login']}</arg>
<arg>${keyTwo}</arg>
<doc>Fails if ``key`` is not found from ``dictionary``.</doc>
<status status="PASS" start="2024-06-25T16:19:08.148797" elapsed="0.000359"/>
</kw>
<kw name="Log" owner="BuiltIn">
<msg time="2024-06-25T16:19:08.149443" level="INFO">password</msg>
<arg>${keyTwo}</arg>
<doc>Logs the given message with the given level.</doc>
<status status="PASS" start="2024-06-25T16:19:08.149327" elapsed="0.000152"/>
</kw>
<var name="${keyTwo}">password</var>
<status status="PASS" start="2024-06-25T16:19:08.148095" elapsed="0.001689"/>
</iter>
<var>${keyTwo}</var>
<value>@{expected_keysTwo}</value>
<status status="PASS" start="2024-06-25T16:19:08.146199" elapsed="0.003704"/>
</for>
<status status="PASS" start="2024-06-25T16:19:08.041479" elapsed="0.108565"/>
</kw>
<doc>Testa a estrutura da resposta da API.</doc>
<tag>testeEstruturaResposta</tag>
<status status="PASS" start="2024-06-25T16:19:08.040903" elapsed="0.109292"/>
</test>
<test id="s1-s1-t4" name="Validar tipos de dados" line="28">
<kw name="Teste de Tipos de Dados" owner="random-user-service">
<kw name="GET On Session" owner="RequestsLibrary">
<msg time="2024-06-25T16:19:08.227280" level="INFO">GET Request : url=https://randomuser.me/api 
 path_url=/api 
 headers={'User-Agent': 'python-requests/2.32.3', 'Accept-Encoding': 'gzip, deflate', 'Accept': '*/*', 'Connection': 'keep-alive'} 
 body=None 
 </msg>
<msg time="2024-06-25T16:19:08.227349" level="INFO">GET Response : url=https://randomuser.me/api 
 status=200, reason=OK 
 headers={'Date': 'Tue, 25 Jun 2024 16:19:08 GMT', 'Content-Type': 'application/json; charset=utf-8', 'Transfer-Encoding': 'chunked', 'Connection': 'keep-alive', 'X-Powered-By': 'Express', 'Access-Control-Allow-Origin': '*', 'Cache-Control': 'no-cache', 'ETag': 'W/"485-XoQ2j9Nabx/IL7hjNd+/tvK/tU4"', 'Vary': 'Accept-Encoding', 'Content-Encoding': 'gzip', 'CF-Cache-Status': 'DYNAMIC', 'Report-To': '{"endpoints":[{"url":"https:\\/\\/a.nel.cloudflare.com\\/report\\/v4?s=4B3bYKWn%2ByT%2FEJwxPrY%2BPti4rooKqg%2BTlkPuyXyVIpfqs%2BZw33C2bmaXwovkypnUZTXkCtwmtJCI0dRjj7SJqUpz3le3Nm29mHAR1487qeOj%2Fwv8wiBm%2BqSGV9l%2FjG%2B4"}],"group":"cf-nel","max_age":604800}', 'NEL': '{"success_fraction":0,"report_to":"cf-nel","max_age":604800}', 'Server': 'cloudflare', 'CF-RAY': '89964707ff6c391c-IAD', 'alt-svc': 'h3=":443"; ma=86400'} 
 body={"results":[{"gender":"female","name":{"title":"Ms","first":"Arlene","last":"Byrd"},"location":{"street":{"number":7420,"name":"Marsh Ln"},"city":"Utica","state":"Oregon","country":"United States","postcode":91430,"coordinates":{"latitude":"85.6780","longitude":"123.8865"},"timezone":{"offset":"-1:00","description":"Azores, Cape Verde Islands"}},"email":"arlene.byrd@example.com","login":{"uuid":"11b6b7eb-e9ef-40c6-b3b2-9888cf5a92b6","username":"blacklion563","password":"polly","salt":"M59bXAEm","md5":"4d54a95fab6ab79fa144fd75110e96da","sha1":"1439141495d1b42ecfe59ea28c1281519f72c635","sha256":"7a30fb45dc85ebb5556a96a5be35913f9340a8433161f8ade8196d87722e8868"},"dob":{"date":"1975-02-04T03:57:58.258Z","age":49},"registered":{"date":"2013-01-11T17:42:11.430Z","age":11},"phone":"(936) 617-4372","cell":"(630) 896-6008","id":{"name":"SSN","value":"887-12-3281"},"picture":{"large":"https://randomuser.me/api/portraits/women/77.jpg","medium":"https://randomuser.me/api/portraits/med/women/77.jpg","thumbnail":"https://randomuser.me/api/portraits/thumb/women/77.jpg"},"nat":"US"}],"info":{"seed":"c084273490c7f6e6","results":1,"page":1,"version":"1.4"}} 
 </msg>
<msg time="2024-06-25T16:19:08.227406" level="INFO">/opt/hostedtoolcache/Python/3.12.4/x64/lib/python3.12/site-packages/urllib3/connectionpool.py:1099: InsecureRequestWarning: Unverified HTTPS request is being made to host 'randomuser.me'. Adding certificate verification is strongly advised. See: https://urllib3.readthedocs.io/en/latest/advanced-usage.html#tls-warnings
  warnings.warn(</msg>
<msg time="2024-06-25T16:19:08.227493" level="INFO">${response} = &lt;Response [200]&gt;</msg>
<var>${response}</var>
<arg>consultarAPI</arg>
<arg>/api</arg>
<doc>Sends a GET request on a previously created HTTP Session.</doc>
<status status="PASS" start="2024-06-25T16:19:08.152744" elapsed="0.074790"/>
</kw>
<kw name="Set Variable" owner="BuiltIn">
<msg time="2024-06-25T16:19:08.228538" level="INFO">${json_data} = {'results': [{'gender': 'female', 'name': {'title': 'Ms', 'first': 'Arlene', 'last': 'Byrd'}, 'location': {'street': {'number': 7420, 'name': 'Marsh Ln'}, 'city': 'Utica', 'state': 'Oregon', 'country'...</msg>
<var>${json_data}</var>
<arg>${response.json()}</arg>
<doc>Returns the given values which can then be assigned to a variables.</doc>
<status status="PASS" start="2024-06-25T16:19:08.227972" elapsed="0.000594"/>
</kw>
<kw name="Log" owner="BuiltIn">
<msg time="2024-06-25T16:19:08.229025" level="INFO">{'results': [{'gender': 'female', 'name': {'title': 'Ms', 'first': 'Arlene', 'last': 'Byrd'}, 'location': {'street': {'number': 7420, 'name': 'Marsh Ln'}, 'city': 'Utica', 'state': 'Oregon', 'country': 'United States', 'postcode': 91430, 'coordinates': {'latitude': '85.6780', 'longitude': '123.8865'}, 'timezone': {'offset': '-1:00', 'description': 'Azores, Cape Verde Islands'}}, 'email': 'arlene.byrd@example.com', 'login': {'uuid': '11b6b7eb-e9ef-40c6-b3b2-9888cf5a92b6', 'username': 'blacklion563', 'password': 'polly', 'salt': 'M59bXAEm', 'md5': '4d54a95fab6ab79fa144fd75110e96da', 'sha1': '1439141495d1b42ecfe59ea28c1281519f72c635', 'sha256': '7a30fb45dc85ebb5556a96a5be35913f9340a8433161f8ade8196d87722e8868'}, 'dob': {'date': '1975-02-04T03:57:58.258Z', 'age': 49}, 'registered': {'date': '2013-01-11T17:42:11.430Z', 'age': 11}, 'phone': '(936) 617-4372', 'cell': '(630) 896-6008', 'id': {'name': 'SSN', 'value': '887-12-3281'}, 'picture': {'large': 'https://randomuser.me/api/portraits/women/77.jpg', 'medium': 'https://randomuser.me/api/portraits/med/women/77.jpg', 'thumbnail': 'https://randomuser.me/api/portraits/thumb/women/77.jpg'}, 'nat': 'US'}], 'info': {'seed': 'c084273490c7f6e6', 'results': 1, 'page': 1, 'version': '1.4'}}</msg>
<arg>${json_data}</arg>
<doc>Logs the given message with the given level.</doc>
<status status="PASS" start="2024-06-25T16:19:08.228873" elapsed="0.000200"/>
</kw>
<kw name="Should Be String" owner="String">
<arg>${json_data['results'][0]['gender']}</arg>
<doc>Fails if the given ``item`` is not a string.</doc>
<status status="PASS" start="2024-06-25T16:19:08.229364" elapsed="0.000372"/>
</kw>
<kw name="Should Match Regexp" owner="BuiltIn">
<arg>${json_data['results'][0]['email']}</arg>
<arg>^[a-zA-Z0-9._%+-]+@[a-zA-Z0-9.-]+\.[a-zA-Z]{2,}$</arg>
<doc>Fails if ``string`` does not match ``pattern`` as a regular expression.</doc>
<status status="PASS" start="2024-06-25T16:19:08.229961" elapsed="0.000523"/>
</kw>
<kw name="Should Match Regexp" owner="BuiltIn">
<arg>${json_data['results'][0]['dob']['date']}</arg>
<arg>\\d{4}-\\d{2}-\\d{2}T\\d{2}:\\d{2}:\\d{2}\\.\\d{3}Z</arg>
<doc>Fails if ``string`` does not match ``pattern`` as a regular expression.</doc>
<status status="PASS" start="2024-06-25T16:19:08.230676" elapsed="0.000485"/>
</kw>
<kw name="Should Match Regexp" owner="BuiltIn">
<arg>${json_data['results'][0]['registered']['date']}</arg>
<arg>\\d{4}-\\d{2}-\\d{2}T\\d{2}:\\d{2}:\\d{2}\\.\\d{3}Z</arg>
<doc>Fails if ``string`` does not match ``pattern`` as a regular expression.</doc>
<status status="PASS" start="2024-06-25T16:19:08.231346" elapsed="0.000363"/>
</kw>
<kw name="Should Match Regexp" owner="BuiltIn">
<arg>${json_data['results'][0]['picture']['large']}</arg>
<arg>^https?://.*\.(?:png|jpe?g|gif|bmp)$</arg>
<doc>Fails if ``string`` does not match ``pattern`` as a regular expression.</doc>
<status status="PASS" start="2024-06-25T16:19:08.231891" elapsed="0.000501"/>
</kw>
<kw name="Should Match Regexp" owner="BuiltIn">
<arg>${json_data['results'][0]['picture']['medium']}</arg>
<arg>^https?://.*\.(?:png|jpe?g|gif|bmp)$</arg>
<doc>Fails if ``string`` does not match ``pattern`` as a regular expression.</doc>
<status status="PASS" start="2024-06-25T16:19:08.232584" elapsed="0.000365"/>
</kw>
<kw name="Should Match Regexp" owner="BuiltIn">
<arg>${json_data['results'][0]['picture']['thumbnail']}</arg>
<arg>^https?://.*\.(?:png|jpe?g|gif|bmp)$</arg>
<doc>Fails if ``string`` does not match ``pattern`` as a regular expression.</doc>
<status status="PASS" start="2024-06-25T16:19:08.233143" elapsed="0.000356"/>
</kw>
<kw name="Log" owner="BuiltIn">
<msg time="2024-06-25T16:19:08.234009" level="INFO">{'large': 'https://randomuser.me/api/portraits/women/77.jpg', 'medium': 'https://randomuser.me/api/portraits/med/women/77.jpg', 'thumbnail': 'https://randomuser.me/api/portraits/thumb/women/77.jpg'}</msg>
<arg>${json_data['results'][0]['picture']}</arg>
<doc>Logs the given message with the given level.</doc>
<status status="PASS" start="2024-06-25T16:19:08.233678" elapsed="0.000372"/>
</kw>
<status status="PASS" start="2024-06-25T16:19:08.152522" elapsed="0.081780"/>
</kw>
<kw name="Teste de Tipos de Dados - Postcode" owner="random-user-service">
<kw name="GET On Session" owner="RequestsLibrary">
<msg time="2024-06-25T16:19:08.327524" level="INFO">GET Request : url=https://randomuser.me/api 
 path_url=/api 
 headers={'User-Agent': 'python-requests/2.32.3', 'Accept-Encoding': 'gzip, deflate', 'Accept': '*/*', 'Connection': 'keep-alive'} 
 body=None 
 </msg>
<msg time="2024-06-25T16:19:08.327587" level="INFO">GET Response : url=https://randomuser.me/api 
 status=200, reason=OK 
 headers={'Date': 'Tue, 25 Jun 2024 16:19:08 GMT', 'Content-Type': 'application/json; charset=utf-8', 'Transfer-Encoding': 'chunked', 'Connection': 'keep-alive', 'X-Powered-By': 'Express', 'Access-Control-Allow-Origin': '*', 'Cache-Control': 'no-cache', 'ETag': 'W/"490-uS2y4s3zFMTCFw8jaaXSho7E34Q"', 'Vary': 'Accept-Encoding', 'Content-Encoding': 'gzip', 'CF-Cache-Status': 'DYNAMIC', 'Report-To': '{"endpoints":[{"url":"https:\\/\\/a.nel.cloudflare.com\\/report\\/v4?s=TNoOd%2B5bv%2F63%2FMlRaFDOWF3DGdG%2Fst3O5NzYSu1UPutWKEdb0YZu2myzluLXmLlr79nQvZH0neuEz7kBKUXlr88KpCKrkv67nDpx2h3vm5bBqCX6Irb%2FaH%2FWrmWHYOr4"}],"group":"cf-nel","max_age":604800}', 'NEL': '{"success_fraction":0,"report_to":"cf-nel","max_age":604800}', 'Server': 'cloudflare', 'CF-RAY': '89964708782c391c-IAD', 'alt-svc': 'h3=":443"; ma=86400'} 
 body={"results":[{"gender":"female","name":{"title":"Miss","first":"Josefine","last":"Jensen"},"location":{"street":{"number":1105,"name":"Vestervænget"},"city":"Horsens","state":"Midtjylland","country":"Denmark","postcode":24431,"coordinates":{"latitude":"-45.4520","longitude":"110.5785"},"timezone":{"offset":"+5:30","description":"Bombay, Calcutta, Madras, New Delhi"}},"email":"josefine.jensen@example.com","login":{"uuid":"630b1e47-232a-4123-b136-adec0d6dcedc","username":"happymouse843","password":"cards","salt":"niNhlpRg","md5":"64464bfcf9b645d971eaf37c53d310a4","sha1":"5fee2180eadae206865fbf41f3f5e593694a221b","sha256":"9c134536ce17c1f3f23f72c82196032146b800f3739220cdb378f95916a784a9"},"dob":{"date":"1996-05-22T12:45:05.862Z","age":28},"registered":{"date":"2017-09-30T06:39:58.673Z","age":6},"phone":"84879870","cell":"31576434","id":{"name":"CPR","value":"220596-9026"},"picture":{"large":"https://randomuser.me/api/portraits/women/1.jpg","medium":"https://randomuser.me/api/portraits/med/women/1.jpg","thumbnail":"https://randomuser.me/api/portraits/thumb/women/1.jpg"},"nat":"DK"}],"info":{"seed":"13c8edcbbac8505d","results":1,"page":1,"version":"1.4"}} 
 </msg>
<msg time="2024-06-25T16:19:08.327647" level="INFO">/opt/hostedtoolcache/Python/3.12.4/x64/lib/python3.12/site-packages/urllib3/connectionpool.py:1099: InsecureRequestWarning: Unverified HTTPS request is being made to host 'randomuser.me'. Adding certificate verification is strongly advised. See: https://urllib3.readthedocs.io/en/latest/advanced-usage.html#tls-warnings
  warnings.warn(</msg>
<msg time="2024-06-25T16:19:08.327733" level="INFO">${response} = &lt;Response [200]&gt;</msg>
<var>${response}</var>
<arg>consultarAPI</arg>
<arg>/api</arg>
<doc>Sends a GET request on a previously created HTTP Session.</doc>
<status status="PASS" start="2024-06-25T16:19:08.234733" elapsed="0.093041"/>
</kw>
<kw name="Set Variable" owner="BuiltIn">
<msg time="2024-06-25T16:19:08.328804" level="INFO">${json_data} = {'results': [{'gender': 'female', 'name': {'title': 'Miss', 'first': 'Josefine', 'last': 'Jensen'}, 'location': {'street': {'number': 1105, 'name': 'Vestervænget'}, 'city': 'Horsens', 'state': 'Midtjy...</msg>
<var>${json_data}</var>
<arg>${response.json()}</arg>
<doc>Returns the given values which can then be assigned to a variables.</doc>
<status status="PASS" start="2024-06-25T16:19:08.328252" elapsed="0.000580"/>
</kw>
<kw name="Log" owner="BuiltIn">
<msg time="2024-06-25T16:19:08.329294" level="INFO">{'results': [{'gender': 'female', 'name': {'title': 'Miss', 'first': 'Josefine', 'last': 'Jensen'}, 'location': {'street': {'number': 1105, 'name': 'Vestervænget'}, 'city': 'Horsens', 'state': 'Midtjylland', 'country': 'Denmark', 'postcode': 24431, 'coordinates': {'latitude': '-45.4520', 'longitude': '110.5785'}, 'timezone': {'offset': '+5:30', 'description': 'Bombay, Calcutta, Madras, New Delhi'}}, 'email': 'josefine.jensen@example.com', 'login': {'uuid': '630b1e47-232a-4123-b136-adec0d6dcedc', 'username': 'happymouse843', 'password': 'cards', 'salt': 'niNhlpRg', 'md5': '64464bfcf9b645d971eaf37c53d310a4', 'sha1': '5fee2180eadae206865fbf41f3f5e593694a221b', 'sha256': '9c134536ce17c1f3f23f72c82196032146b800f3739220cdb378f95916a784a9'}, 'dob': {'date': '1996-05-22T12:45:05.862Z', 'age': 28}, 'registered': {'date': '2017-09-30T06:39:58.673Z', 'age': 6}, 'phone': '84879870', 'cell': '31576434', 'id': {'name': 'CPR', 'value': '220596-9026'}, 'picture': {'large': 'https://randomuser.me/api/portraits/women/1.jpg', 'medium': 'https://randomuser.me/api/portraits/med/women/1.jpg', 'thumbnail': 'https://randomuser.me/api/portraits/thumb/women/1.jpg'}, 'nat': 'DK'}], 'info': {'seed': '13c8edcbbac8505d', 'results': 1, 'page': 1, 'version': '1.4'}}</msg>
<arg>${json_data}</arg>
<doc>Logs the given message with the given level.</doc>
<status status="PASS" start="2024-06-25T16:19:08.329138" elapsed="0.000203"/>
</kw>
<kw name="Should Be Equal As Numbers" owner="BuiltIn">
<arg>${json_data['results'][0]['location']['postcode']}</arg>
<arg>${json_data['results'][0]['location']['postcode']}</arg>
<doc>Fails if objects are unequal after converting them to real numbers.</doc>
<status status="PASS" start="2024-06-25T16:19:08.329633" elapsed="0.000616"/>
</kw>
<kw name="Log" owner="BuiltIn">
<msg time="2024-06-25T16:19:08.330922" level="INFO">24431</msg>
<arg>${json_data['results'][0]['location']['postcode']}</arg>
<doc>Logs the given message with the given level.</doc>
<status status="PASS" start="2024-06-25T16:19:08.330465" elapsed="0.000499"/>
</kw>
<status status="PASS" start="2024-06-25T16:19:08.234514" elapsed="0.096702"/>
</kw>
<doc>Testa se os tipos de dados na resposta da API estão corretos.</doc>
<tag>testeTiposDados</tag>
<status status="PASS" start="2024-06-25T16:19:08.151950" elapsed="0.179424"/>
</test>
<test id="s1-s1-t5" name="Validar conteudo" line="35">
<kw name="Teste de Tipos de Conteudo" owner="random-user-service">
<kw name="GET On Session" owner="RequestsLibrary">
<msg time="2024-06-25T16:19:08.428034" level="INFO">GET Request : url=https://randomuser.me/api 
 path_url=/api 
 headers={'User-Agent': 'python-requests/2.32.3', 'Accept-Encoding': 'gzip, deflate', 'Accept': '*/*', 'Connection': 'keep-alive'} 
 body=None 
 </msg>
<msg time="2024-06-25T16:19:08.428110" level="INFO">GET Response : url=https://randomuser.me/api 
 status=200, reason=OK 
 headers={'Date': 'Tue, 25 Jun 2024 16:19:08 GMT', 'Content-Type': 'application/json; charset=utf-8', 'Transfer-Encoding': 'chunked', 'Connection': 'keep-alive', 'X-Powered-By': 'Express', 'Access-Control-Allow-Origin': '*', 'Cache-Control': 'no-cache', 'ETag': 'W/"46e-wWYBr2M6eTPeHtm+pzD9M7wVyUg"', 'Vary': 'Accept-Encoding', 'Content-Encoding': 'gzip', 'CF-Cache-Status': 'DYNAMIC', 'Report-To': '{"endpoints":[{"url":"https:\\/\\/a.nel.cloudflare.com\\/report\\/v4?s=sY%2F%2B92DqZIA%2FvNhzgew8x%2BHJLyXLDajG3V2dGCesADCGttV0Chch0xfVnaqyQXuGFz66qP9N09oish70XpbdNR1WlyzuFnwsKNCXcD%2F12Es4sVXoOCtnOFYGBKl%2FaC1U"}],"group":"cf-nel","max_age":604800}', 'NEL': '{"success_fraction":0,"report_to":"cf-nel","max_age":604800}', 'Server': 'cloudflare', 'CF-RAY': '8996470918e2391c-IAD', 'alt-svc': 'h3=":443"; ma=86400'} 
 body={"results":[{"gender":"male","name":{"title":"Mr","first":"Jasper","last":"Smith"},"location":{"street":{"number":6833,"name":"Te Rapa Road"},"city":"Taupo","state":"Manawatu-Wanganui","country":"New Zealand","postcode":28857,"coordinates":{"latitude":"48.2941","longitude":"-99.9697"},"timezone":{"offset":"+4:30","description":"Kabul"}},"email":"jasper.smith@example.com","login":{"uuid":"8aaadb53-a0c6-41a4-8ef9-185d22736f32","username":"yellowlion170","password":"tolkien","salt":"OdXxeQrc","md5":"f5d05e12efa94e87df19c74afad20881","sha1":"e940fb9717bb4373087bc91952d22952ef51d7d0","sha256":"85812c9ec632d35952922ddf7201137ebe4bbaf511af1e942a82ce41e20b21f3"},"dob":{"date":"1974-07-15T22:03:39.690Z","age":49},"registered":{"date":"2008-11-29T14:50:23.747Z","age":15},"phone":"(114)-149-1113","cell":"(023)-525-7288","id":{"name":"","value":null},"picture":{"large":"https://randomuser.me/api/portraits/men/85.jpg","medium":"https://randomuser.me/api/portraits/med/men/85.jpg","thumbnail":"https://randomuser.me/api/portraits/thumb/men/85.jpg"},"nat":"NZ"}],"info":{"seed":"a6be3e31ab9cc2f8","results":1,"page":1,"version":"1.4"}} 
 </msg>
<msg time="2024-06-25T16:19:08.428205" level="INFO">/opt/hostedtoolcache/Python/3.12.4/x64/lib/python3.12/site-packages/urllib3/connectionpool.py:1099: InsecureRequestWarning: Unverified HTTPS request is being made to host 'randomuser.me'. Adding certificate verification is strongly advised. See: https://urllib3.readthedocs.io/en/latest/advanced-usage.html#tls-warnings
  warnings.warn(</msg>
<msg time="2024-06-25T16:19:08.428322" level="INFO">${response} = &lt;Response [200]&gt;</msg>
<var>${response}</var>
<arg>consultarAPI</arg>
<arg>/api</arg>
<doc>Sends a GET request on a previously created HTTP Session.</doc>
<status status="PASS" start="2024-06-25T16:19:08.333872" elapsed="0.094500"/>
</kw>
<kw name="Set Variable" owner="BuiltIn">
<msg time="2024-06-25T16:19:08.429423" level="INFO">${json_data} = {'results': [{'gender': 'male', 'name': {'title': 'Mr', 'first': 'Jasper', 'last': 'Smith'}, 'location': {'street': {'number': 6833, 'name': 'Te Rapa Road'}, 'city': 'Taupo', 'state': 'Manawatu-Wangan...</msg>
<var>${json_data}</var>
<arg>${response.json()}</arg>
<doc>Returns the given values which can then be assigned to a variables.</doc>
<status status="PASS" start="2024-06-25T16:19:08.428891" elapsed="0.000560"/>
</kw>
<kw name="Set Variable" owner="BuiltIn">
<msg time="2024-06-25T16:19:08.430124" level="INFO">${name_title} = Mr</msg>
<var>${name_title}</var>
<arg>${json_data["results"][0]["name"]["title"]}</arg>
<doc>Returns the given values which can then be assigned to a variables.</doc>
<status status="PASS" start="2024-06-25T16:19:08.429753" elapsed="0.000396"/>
</kw>
<kw name="Create List" owner="BuiltIn">
<msg time="2024-06-25T16:19:08.430583" level="INFO">${allowed_titles} = ['Mr', 'Ms', 'Miss', 'Mrs', 'Madame', 'Monsieur']</msg>
<var>${allowed_titles}</var>
<arg>Mr</arg>
<arg>Ms</arg>
<arg>Miss</arg>
<arg>Mrs</arg>
<arg>Madame</arg>
<arg>Monsieur</arg>
<doc>Returns a list containing given items.</doc>
<status status="PASS" start="2024-06-25T16:19:08.430438" elapsed="0.000170"/>
</kw>
<kw name="List Should Contain Value" owner="Collections">
<arg>${allowed_titles}</arg>
<arg>${name_title}</arg>
<doc>Fails if the ``value`` is not found from ``list``.</doc>
<status status="PASS" start="2024-06-25T16:19:08.430903" elapsed="0.000179"/>
</kw>
<kw name="Set Variable" owner="BuiltIn">
<msg time="2024-06-25T16:19:08.431615" level="INFO">${name_country} = NZ</msg>
<var>${name_country}</var>
<arg>${json_data["results"][0]["nat"]}</arg>
<doc>Returns the given values which can then be assigned to a variables.</doc>
<status status="PASS" start="2024-06-25T16:19:08.431257" elapsed="0.000382"/>
</kw>
<kw name="Create List" owner="BuiltIn">
<msg time="2024-06-25T16:19:08.432550" level="INFO">${list_country} = ['AD', 'AE', 'AF', 'AG', 'AI', 'AL', 'AM', 'AO', 'AQ', 'AR', 'AS', 'AT', 'AU', 'AW', 'AX', 'AZ', 'BA', 'BB', 'BD', 'BE', 'BF', 'BG', 'BH', 'BI', 'BJ', 'BL', 'BM', 'BN', 'BO', 'BQ', 'BR', 'BS', 'BT', '...</msg>
<var>${list_country}</var>
<arg>AD</arg>
<arg>AE</arg>
<arg>AF</arg>
<arg>AG</arg>
<arg>AI</arg>
<arg>AL</arg>
<arg>AM</arg>
<arg>AO</arg>
<arg>AQ</arg>
<arg>AR</arg>
<arg>AS</arg>
<arg>AT</arg>
<arg>AU</arg>
<arg>AW</arg>
<arg>AX</arg>
<arg>AZ</arg>
<arg>BA</arg>
<arg>BB</arg>
<arg>BD</arg>
<arg>BE</arg>
<arg>BF</arg>
<arg>BG</arg>
<arg>BH</arg>
<arg>BI</arg>
<arg>BJ</arg>
<arg>BL</arg>
<arg>BM</arg>
<arg>BN</arg>
<arg>BO</arg>
<arg>BQ</arg>
<arg>BR</arg>
<arg>BS</arg>
<arg>BT</arg>
<arg>BV</arg>
<arg>BW</arg>
<arg>BY</arg>
<arg>BZ</arg>
<arg>CA</arg>
<arg>CC</arg>
<arg>CD</arg>
<arg>CF</arg>
<arg>CG</arg>
<arg>CH</arg>
<arg>CI</arg>
<arg>CK</arg>
<arg>CL</arg>
<arg>CM</arg>
<arg>CN</arg>
<arg>CO</arg>
<arg>CR</arg>
<arg>CU</arg>
<arg>CV</arg>
<arg>CW</arg>
<arg>CX</arg>
<arg>CY</arg>
<arg>CZ</arg>
<arg>DE</arg>
<arg>DJ</arg>
<arg>DK</arg>
<arg>DM</arg>
<arg>DO</arg>
<arg>DZ</arg>
<arg>EC</arg>
<arg>EE</arg>
<arg>EG</arg>
<arg>EH</arg>
<arg>ER</arg>
<arg>ES</arg>
<arg>ET</arg>
<arg>FI</arg>
<arg>FJ</arg>
<arg>FK</arg>
<arg>FM</arg>
<arg>FO</arg>
<arg>FR</arg>
<arg>GA</arg>
<arg>GB</arg>
<arg>GD</arg>
<arg>GE</arg>
<arg>GF</arg>
<arg>GG</arg>
<arg>GH</arg>
<arg>GI</arg>
<arg>GL</arg>
<arg>GM</arg>
<arg>GN</arg>
<arg>GP</arg>
<arg>GQ</arg>
<arg>GR</arg>
<arg>GS</arg>
<arg>GT</arg>
<arg>GU</arg>
<arg>GW</arg>
<arg>GY</arg>
<arg>HK</arg>
<arg>HM</arg>
<arg>HN</arg>
<arg>HR</arg>
<arg>HT</arg>
<arg>HU</arg>
<arg>ID</arg>
<arg>IE</arg>
<arg>IL</arg>
<arg>IM</arg>
<arg>IN</arg>
<arg>IO</arg>
<arg>IQ</arg>
<arg>IR</arg>
<arg>IS</arg>
<arg>IT</arg>
<arg>JE</arg>
<arg>JM</arg>
<arg>JO</arg>
<arg>JP</arg>
<arg>KE</arg>
<arg>KG</arg>
<arg>KH</arg>
<arg>KI</arg>
<arg>KM</arg>
<arg>KN</arg>
<arg>KP</arg>
<arg>KR</arg>
<arg>KW</arg>
<arg>KY</arg>
<arg>KZ</arg>
<arg>LA</arg>
<arg>LB</arg>
<arg>LC</arg>
<arg>LI</arg>
<arg>LK</arg>
<arg>LR</arg>
<arg>LS</arg>
<arg>LT</arg>
<arg>LU</arg>
<arg>LV</arg>
<arg>LY</arg>
<arg>MA</arg>
<arg>MC</arg>
<arg>MD</arg>
<arg>ME</arg>
<arg>MF</arg>
<arg>MG</arg>
<arg>MH</arg>
<arg>MK</arg>
<arg>ML</arg>
<arg>MM</arg>
<arg>MN</arg>
<arg>MO</arg>
<arg>MP</arg>
<arg>MQ</arg>
<arg>MR</arg>
<arg>MS</arg>
<arg>MT</arg>
<arg>MU</arg>
<arg>MV</arg>
<arg>MW</arg>
<arg>MX</arg>
<arg>MY</arg>
<arg>MZ</arg>
<arg>NA</arg>
<arg>NC</arg>
<arg>NE</arg>
<arg>NF</arg>
<arg>NG</arg>
<arg>NI</arg>
<arg>NL</arg>
<arg>NO</arg>
<arg>NP</arg>
<arg>NR</arg>
<arg>NU</arg>
<arg>NZ</arg>
<arg>OM</arg>
<arg>PA</arg>
<arg>PE</arg>
<arg>PF</arg>
<arg>PG</arg>
<arg>PH</arg>
<arg>PK</arg>
<arg>PL</arg>
<arg>PM</arg>
<arg>PN</arg>
<arg>PR</arg>
<arg>PS</arg>
<arg>PT</arg>
<arg>PW</arg>
<arg>PY</arg>
<arg>QA</arg>
<arg>RE</arg>
<arg>RO</arg>
<arg>RS</arg>
<arg>RU</arg>
<arg>RW</arg>
<arg>SA</arg>
<arg>SB</arg>
<arg>SC</arg>
<arg>SD</arg>
<arg>SE</arg>
<arg>SG</arg>
<arg>SH</arg>
<arg>SI</arg>
<arg>SJ</arg>
<arg>SK</arg>
<arg>SL</arg>
<arg>SM</arg>
<arg>SN</arg>
<arg>SO</arg>
<arg>SR</arg>
<arg>SS</arg>
<arg>ST</arg>
<arg>SV</arg>
<arg>SX</arg>
<arg>SY</arg>
<arg>SZ</arg>
<arg>TC</arg>
<arg>TD</arg>
<arg>TF</arg>
<arg>TG</arg>
<arg>TH</arg>
<arg>TJ</arg>
<arg>TK</arg>
<arg>TL</arg>
<arg>TM</arg>
<arg>TN</arg>
<arg>TO</arg>
<arg>TR</arg>
<arg>TT</arg>
<arg>TV</arg>
<arg>TW</arg>
<arg>TZ</arg>
<arg>UA</arg>
<arg>UG</arg>
<arg>UM</arg>
<arg>US</arg>
<arg>UY</arg>
<arg>UZ</arg>
<arg>VA</arg>
<arg>VC</arg>
<arg>VE</arg>
<arg>VG</arg>
<arg>VI</arg>
<arg>VN</arg>
<arg>VU</arg>
<arg>WF</arg>
<arg>WS</arg>
<arg>XK</arg>
<arg>YE</arg>
<arg>YT</arg>
<arg>ZA</arg>
<arg>ZM</arg>
<arg>ZW</arg>
<doc>Returns a list containing given items.</doc>
<status status="PASS" start="2024-06-25T16:19:08.431925" elapsed="0.000650"/>
</kw>
<kw name="List Should Contain Value" owner="Collections">
<arg>${list_country}</arg>
<arg>${name_country}</arg>
<doc>Fails if the ``value`` is not found from ``list``.</doc>
<status status="PASS" start="2024-06-25T16:19:08.433362" elapsed="0.000199"/>
</kw>
<kw name="Run Keyword If" owner="BuiltIn">
<kw name="Should Be True" owner="BuiltIn">
<arg>${True}</arg>
<doc>Fails if the given condition is not true.</doc>
<status status="PASS" start="2024-06-25T16:19:08.434477" elapsed="0.000138"/>
</kw>
<arg>${json_data["results"][0]["location"]["coordinates"]["latitude"]} &gt;= -90 and ${json_data["results"][0]["location"]["coordinates"]["latitude"]} &lt;= 90</arg>
<arg>Should Be True</arg>
<arg>${True}</arg>
<doc>Runs the given keyword with the given arguments, if ``condition`` is true.</doc>
<status status="PASS" start="2024-06-25T16:19:08.433751" elapsed="0.000985"/>
</kw>
<kw name="Run Keyword If" owner="BuiltIn">
<kw name="Should Be True" owner="BuiltIn">
<arg>${True}</arg>
<doc>Fails if the given condition is not true.</doc>
<status status="PASS" start="2024-06-25T16:19:08.435588" elapsed="0.000230"/>
</kw>
<arg>${json_data["results"][0]["location"]["coordinates"]["longitude"]} &gt;= -180 and ${json_data["results"][0]["location"]["coordinates"]["longitude"]} &lt;= 180</arg>
<arg>Should Be True</arg>
<arg>${True}</arg>
<doc>Runs the given keyword with the given arguments, if ``condition`` is true.</doc>
<status status="PASS" start="2024-06-25T16:19:08.434912" elapsed="0.001042"/>
</kw>
<status status="PASS" start="2024-06-25T16:19:08.333656" elapsed="0.102436"/>
</kw>
<doc>Testa o conteúdo específico dos campos retornados pela API.</doc>
<tag>testeConteudo</tag>
<status status="PASS" start="2024-06-25T16:19:08.333145" elapsed="0.103111"/>
</test>
<status status="PASS" start="2024-06-25T16:19:07.350933" elapsed="1.087255"/>
</suite>
<status status="PASS" start="2024-06-25T16:19:07.336690" elapsed="1.106540"/>
</suite>
<statistics>
<total>
<stat pass="5" fail="0" skip="0">All Tests</stat>
</total>
<tag>
<stat pass="1" fail="0" skip="0">testeConteudo</stat>
<stat pass="1" fail="0" skip="0">testeEstruturaResposta</stat>
<stat pass="1" fail="0" skip="0">testeRequisicaoBasica</stat>
<stat pass="1" fail="0" skip="0">testeTiposDados</stat>
</tag>
<suite>
<stat pass="5" fail="0" skip="0" id="s1" name="Tests">Tests</stat>
<stat pass="5" fail="0" skip="0" id="s1-s1" name="Random-User-Test">Tests.Random-User-Test</stat>
</suite>
</statistics>
<errors>
</errors>
</robot>
