<?xml version="1.0" encoding="UTF-8"?>
<robot generator="Robot 7.0 (Python 3.12.3 on linux)" generated="2024-04-29T12:26:50.893283" rpa="false" schemaversion="5">
<suite id="s1" name="Tests" source="/home/runner/work/DesafioQAItauRogerioJordao/DesafioQAItauRogerioJordao/RamdonUser/tests">
<suite id="s1-s1" name="Random-User-Test" source="/home/runner/work/DesafioQAItauRogerioJordao/DesafioQAItauRogerioJordao/RamdonUser/tests/random-user-test.robot">
<test id="s1-s1-t1" name="Conectar" line="13">
<kw name="Conectar API" owner="random-user-service">
<kw name="Create Session" owner="RequestsLibrary">
<msg time="2024-04-29T12:26:51.263178" level="INFO">Creating Session using : alias=consultarAPI, url=https://randomuser.me/, headers={},                     cookies={}, auth=None, timeout=None, proxies=None, verify=False,                     debug=0 </msg>
<arg>consultarAPI</arg>
<arg>${URL}</arg>
<doc>Create Session: create a HTTP session to a server</doc>
<status status="PASS" start="2024-04-29T12:26:51.262973" elapsed="0.000389"/>
</kw>
<status status="PASS" start="2024-04-29T12:26:51.261960" elapsed="0.001763"/>
</kw>
<status status="PASS" start="2024-04-29T12:26:51.261337" elapsed="0.002581"/>
</test>
<test id="s1-s1-t2" name="Validar retorno 200 e JSON Válido" line="16">
<kw name="Teste de Requisicao Basica" owner="random-user-service">
<kw name="GET On Session" owner="RequestsLibrary">
<msg time="2024-04-29T12:26:51.479761" level="INFO">GET Request : url=https://randomuser.me/api 
 path_url=/api 
 headers={'User-Agent': 'python-requests/2.31.0', 'Accept-Encoding': 'gzip, deflate', 'Accept': '*/*', 'Connection': 'keep-alive'} 
 body=None 
 </msg>
<msg time="2024-04-29T12:26:51.479911" level="INFO">GET Response : url=https://randomuser.me/api 
 status=200, reason=OK 
 headers={'Date': 'Mon, 29 Apr 2024 12:26:51 GMT', 'Content-Type': 'application/json; charset=utf-8', 'Transfer-Encoding': 'chunked', 'Connection': 'keep-alive', 'X-Powered-By': 'Express', 'Access-Control-Allow-Origin': '*', 'Cache-Control': 'no-cache', 'ETag': 'W/"498-FnsTvmAakdRDK2Mj5KxpuskhsGQ"', 'Vary': 'Accept-Encoding', 'Content-Encoding': 'gzip', 'CF-Cache-Status': 'DYNAMIC', 'Report-To': '{"endpoints":[{"url":"https:\\/\\/a.nel.cloudflare.com\\/report\\/v4?s=lsNxKJzCRDNqaqdmFzEXHCTRJmvrCRXGDZHQqvpUxPPTYUNvyUJFYDqwCAohxsMge694%2Bbf2v7UXu3rG6qu70FToMmxKvLiUHrz7ZWvkijLtDuhxL3ojrwGJyTaabyd0"}],"group":"cf-nel","max_age":604800}', 'NEL': '{"success_fraction":0,"report_to":"cf-nel","max_age":604800}', 'Server': 'cloudflare', 'CF-RAY': '87bf486758f06fe5-IAD', 'alt-svc': 'h3=":443"; ma=86400'} 
 body={"results":[{"gender":"female","name":{"title":"Miss","first":"Melina","last":"Šarić"},"location":{"street":{"number":7525,"name":"Radoslava Radenkovića"},"city":"Blace","state":"Srem","country":"Serbia","postcode":80249,"coordinates":{"latitude":"61.7509","longitude":"156.0629"},"timezone":{"offset":"-5:00","description":"Eastern Time (US &amp; Canada), Bogota, Lima"}},"email":"melina.saric@example.com","login":{"uuid":"8a24cb2d-c96d-41ae-8c14-5ab5b7084dde","username":"crazyfrog678","password":"barry","salt":"Mz1gO6dW","md5":"a8e5be4841088b2c54832f71d87fe21f","sha1":"f405af5017ce850d0ed65065f0e621834c618a5b","sha256":"e757ff91925abce0c738f9fd88d11271f81514ce2c834a6d5e3aca1a8420a4c5"},"dob":{"date":"1984-05-17T07:40:01.001Z","age":39},"registered":{"date":"2009-03-17T01:05:07.209Z","age":15},"phone":"020-5288-868","cell":"062-3902-657","id":{"name":"SID","value":"828836835"},"picture":{"large":"https://randomuser.me/api/portraits/women/68.jpg","medium":"https://randomuser.me/api/portraits/med/women/68.jpg","thumbnail":"https://randomuser.me/api/portraits/thumb/women/68.jpg"},"nat":"RS"}],"info":{"seed":"9228f46ee7378c63","results":1,"page":1,"version":"1.4"}} 
 </msg>
<msg time="2024-04-29T12:26:51.479999" level="INFO">/opt/hostedtoolcache/Python/3.12.3/x64/lib/python3.12/site-packages/urllib3/connectionpool.py:1103: InsecureRequestWarning: Unverified HTTPS request is being made to host 'randomuser.me'. Adding certificate verification is strongly advised. See: https://urllib3.readthedocs.io/en/latest/advanced-usage.html#tls-warnings
  warnings.warn(</msg>
<msg time="2024-04-29T12:26:51.480289" level="INFO">${response} = &lt;Response [200]&gt;</msg>
<var>${response}</var>
<arg>consultarAPI</arg>
<arg>/api</arg>
<doc>Sends a GET request on a previously created HTTP Session.</doc>
<status status="PASS" start="2024-04-29T12:26:51.266613" elapsed="0.213720"/>
</kw>
<kw name="Should Be Equal As Numbers" owner="BuiltIn">
<msg time="2024-04-29T12:26:51.481405" level="INFO">Argument types are:
&lt;class 'int'&gt;
&lt;class 'str'&gt;</msg>
<arg>${response.status_code}</arg>
<arg>200</arg>
<doc>Fails if objects are unequal after converting them to real numbers.</doc>
<status status="PASS" start="2024-04-29T12:26:51.480951" elapsed="0.000518"/>
</kw>
<kw name="Log" owner="BuiltIn">
<msg time="2024-04-29T12:26:51.482234" level="INFO">200</msg>
<arg>${response.status_code}</arg>
<doc>Logs the given message with the given level.</doc>
<status status="PASS" start="2024-04-29T12:26:51.481839" elapsed="0.000438"/>
</kw>
<kw name="Set Variable" owner="BuiltIn">
<msg time="2024-04-29T12:26:51.483025" level="INFO">${json_data} = {'results': [{'gender': 'female', 'name': {'title': 'Miss', 'first': 'Melina', 'last': 'Šarić'}, 'location': {'street': {'number': 7525, 'name': 'Radoslava Radenkovića'}, 'city': 'Blace', 'state': 'Sr...</msg>
<var>${json_data}</var>
<arg>${response.json()}</arg>
<doc>Returns the given values which can then be assigned to a variables.</doc>
<status status="PASS" start="2024-04-29T12:26:51.482578" elapsed="0.000477"/>
</kw>
<kw name="Dictionary Should Contain Key" owner="Collections">
<msg time="2024-04-29T12:26:51.483522" level="INFO">False</msg>
<arg>${json_data}</arg>
<arg>results</arg>
<doc>Fails if ``key`` is not found from ``dictionary``.</doc>
<status status="PASS" start="2024-04-29T12:26:51.483357" elapsed="0.000204"/>
</kw>
<status status="PASS" start="2024-04-29T12:26:51.266368" elapsed="0.217451"/>
</kw>
<doc>Testa se a API responde corretamente e retorna um objeto JSON válido.</doc>
<tag>testeRequisicaoBasica</tag>
<status status="PASS" start="2024-04-29T12:26:51.265786" elapsed="0.218215"/>
</test>
<test id="s1-s1-t3" name="Validar estrutura de resposta" line="22">
<kw name="Teste de Estrutura de Resposta" owner="random-user-service">
<kw name="GET On Session" owner="RequestsLibrary">
<msg time="2024-04-29T12:26:51.559024" level="INFO">GET Request : url=https://randomuser.me/api 
 path_url=/api 
 headers={'User-Agent': 'python-requests/2.31.0', 'Accept-Encoding': 'gzip, deflate', 'Accept': '*/*', 'Connection': 'keep-alive'} 
 body=None 
 </msg>
<msg time="2024-04-29T12:26:51.559100" level="INFO">GET Response : url=https://randomuser.me/api 
 status=200, reason=OK 
 headers={'Date': 'Mon, 29 Apr 2024 12:26:51 GMT', 'Content-Type': 'application/json; charset=utf-8', 'Transfer-Encoding': 'chunked', 'Connection': 'keep-alive', 'X-Powered-By': 'Express', 'Access-Control-Allow-Origin': '*', 'Cache-Control': 'no-cache', 'ETag': 'W/"4a7-bQQ06P9v6FPEtAFgNk/tqpvMl88"', 'Vary': 'Accept-Encoding', 'Content-Encoding': 'gzip', 'CF-Cache-Status': 'DYNAMIC', 'Report-To': '{"endpoints":[{"url":"https:\\/\\/a.nel.cloudflare.com\\/report\\/v4?s=NCgaPSp2Ss37kvGUCAX17jLUNpoMmmSC%2Bms%2FuwCUpP1mAC3WsVl7Zx%2F0PfgvS7jP1FTJ%2BPUZzOQSdxvGWtyGhqr7UVHM8eAeMOAY4SjkkQt53N4zt%2BMXfUMfxO%2B0BV9n"}],"group":"cf-nel","max_age":604800}', 'NEL': '{"success_fraction":0,"report_to":"cf-nel","max_age":604800}', 'Server': 'cloudflare', 'CF-RAY': '87bf4867d99d6fe5-IAD', 'alt-svc': 'h3=":443"; ma=86400'} 
 body={"results":[{"gender":"female","name":{"title":"Miss","first":"Dorina","last":"Voorwinden"},"location":{"street":{"number":9721,"name":"Koningin Marialaan"},"city":"Kamerik","state":"Friesland","country":"Netherlands","postcode":"3285 KC","coordinates":{"latitude":"36.4530","longitude":"81.2559"},"timezone":{"offset":"-4:00","description":"Atlantic Time (Canada), Caracas, La Paz"}},"email":"dorina.voorwinden@example.com","login":{"uuid":"3e24ff63-c434-41dc-a81a-3afec3450323","username":"reddog696","password":"bears","salt":"smqgYVOH","md5":"755d65048d00bc6ef596041eb8898d3d","sha1":"b50478c81611f9865e7118ecf65461b6e51dd6d7","sha256":"cfc90d5fccee9397017c41ea65a13271824efc5b32855a810400239d9db68100"},"dob":{"date":"2000-08-03T15:05:26.130Z","age":23},"registered":{"date":"2020-05-03T12:32:46.867Z","age":3},"phone":"(0220) 905237","cell":"(06) 54821121","id":{"name":"BSN","value":"16942564"},"picture":{"large":"https://randomuser.me/api/portraits/women/76.jpg","medium":"https://randomuser.me/api/portraits/med/women/76.jpg","thumbnail":"https://randomuser.me/api/portraits/thumb/women/76.jpg"},"nat":"NL"}],"info":{"seed":"156638ebb7993edc","results":1,"page":1,"version":"1.4"}} 
 </msg>
<msg time="2024-04-29T12:26:51.559195" level="INFO">/opt/hostedtoolcache/Python/3.12.3/x64/lib/python3.12/site-packages/urllib3/connectionpool.py:1103: InsecureRequestWarning: Unverified HTTPS request is being made to host 'randomuser.me'. Adding certificate verification is strongly advised. See: https://urllib3.readthedocs.io/en/latest/advanced-usage.html#tls-warnings
  warnings.warn(</msg>
<msg time="2024-04-29T12:26:51.559295" level="INFO">${response} = &lt;Response [200]&gt;</msg>
<var>${response}</var>
<arg>consultarAPI</arg>
<arg>/api</arg>
<doc>Sends a GET request on a previously created HTTP Session.</doc>
<status status="PASS" start="2024-04-29T12:26:51.486560" elapsed="0.072775"/>
</kw>
<kw name="Set Variable" owner="BuiltIn">
<msg time="2024-04-29T12:26:51.560350" level="INFO">${json_data} = {'results': [{'gender': 'female', 'name': {'title': 'Miss', 'first': 'Dorina', 'last': 'Voorwinden'}, 'location': {'street': {'number': 9721, 'name': 'Koningin Marialaan'}, 'city': 'Kamerik', 'state':...</msg>
<var>${json_data}</var>
<arg>${response.json()}</arg>
<doc>Returns the given values which can then be assigned to a variables.</doc>
<status status="PASS" start="2024-04-29T12:26:51.559789" elapsed="0.000590"/>
</kw>
<kw name="Log" owner="BuiltIn">
<msg time="2024-04-29T12:26:51.560834" level="INFO">{'results': [{'gender': 'female', 'name': {'title': 'Miss', 'first': 'Dorina', 'last': 'Voorwinden'}, 'location': {'street': {'number': 9721, 'name': 'Koningin Marialaan'}, 'city': 'Kamerik', 'state': 'Friesland', 'country': 'Netherlands', 'postcode': '3285 KC', 'coordinates': {'latitude': '36.4530', 'longitude': '81.2559'}, 'timezone': {'offset': '-4:00', 'description': 'Atlantic Time (Canada), Caracas, La Paz'}}, 'email': 'dorina.voorwinden@example.com', 'login': {'uuid': '3e24ff63-c434-41dc-a81a-3afec3450323', 'username': 'reddog696', 'password': 'bears', 'salt': 'smqgYVOH', 'md5': '755d65048d00bc6ef596041eb8898d3d', 'sha1': 'b50478c81611f9865e7118ecf65461b6e51dd6d7', 'sha256': 'cfc90d5fccee9397017c41ea65a13271824efc5b32855a810400239d9db68100'}, 'dob': {'date': '2000-08-03T15:05:26.130Z', 'age': 23}, 'registered': {'date': '2020-05-03T12:32:46.867Z', 'age': 3}, 'phone': '(0220) 905237', 'cell': '(06) 54821121', 'id': {'name': 'BSN', 'value': '16942564'}, 'picture': {'large': 'https://randomuser.me/api/portraits/women/76.jpg', 'medium': 'https://randomuser.me/api/portraits/med/women/76.jpg', 'thumbnail': 'https://randomuser.me/api/portraits/thumb/women/76.jpg'}, 'nat': 'NL'}], 'info': {'seed': '156638ebb7993edc', 'results': 1, 'page': 1, 'version': '1.4'}}</msg>
<arg>${json_data}</arg>
<doc>Logs the given message with the given level.</doc>
<status status="PASS" start="2024-04-29T12:26:51.560680" elapsed="0.000201"/>
</kw>
<kw name="Dictionary Should Contain Key" owner="Collections">
<msg time="2024-04-29T12:26:51.561339" level="INFO">False</msg>
<arg>${json_data}</arg>
<arg>results</arg>
<doc>Fails if ``key`` is not found from ``dictionary``.</doc>
<status status="PASS" start="2024-04-29T12:26:51.561187" elapsed="0.000195"/>
</kw>
<kw name="Should Not Be Empty" owner="BuiltIn">
<msg time="2024-04-29T12:26:51.561806" level="INFO">Length is 2.</msg>
<arg>${json_data}</arg>
<doc>Verifies that the given item is not empty.</doc>
<status status="PASS" start="2024-04-29T12:26:51.561668" elapsed="0.000176"/>
</kw>
<kw name="Create List" owner="BuiltIn">
<msg time="2024-04-29T12:26:51.562618" level="INFO">${expected_keys} = ['gender', 'name', 'location', 'email', 'login']</msg>
<var>${expected_keys}</var>
<arg>gender</arg>
<arg>name</arg>
<arg>location</arg>
<arg>email</arg>
<arg>login</arg>
<doc>Returns a list containing given items.</doc>
<status status="PASS" start="2024-04-29T12:26:51.562224" elapsed="0.000431"/>
</kw>
<for flavor="IN">
<iter>
<kw name="Dictionary Should Contain Key" owner="Collections">
<msg time="2024-04-29T12:26:51.563797" level="INFO">False</msg>
<arg>${json_data['results'][0]}</arg>
<arg>${key}</arg>
<doc>Fails if ``key`` is not found from ``dictionary``.</doc>
<status status="PASS" start="2024-04-29T12:26:51.563395" elapsed="0.000440"/>
</kw>
<kw name="Log" owner="BuiltIn">
<msg time="2024-04-29T12:26:51.564500" level="INFO">{'gender': 'female', 'name': {'title': 'Miss', 'first': 'Dorina', 'last': 'Voorwinden'}, 'location': {'street': {'number': 9721, 'name': 'Koningin Marialaan'}, 'city': 'Kamerik', 'state': 'Friesland', 'country': 'Netherlands', 'postcode': '3285 KC', 'coordinates': {'latitude': '36.4530', 'longitude': '81.2559'}, 'timezone': {'offset': '-4:00', 'description': 'Atlantic Time (Canada), Caracas, La Paz'}}, 'email': 'dorina.voorwinden@example.com', 'login': {'uuid': '3e24ff63-c434-41dc-a81a-3afec3450323', 'username': 'reddog696', 'password': 'bears', 'salt': 'smqgYVOH', 'md5': '755d65048d00bc6ef596041eb8898d3d', 'sha1': 'b50478c81611f9865e7118ecf65461b6e51dd6d7', 'sha256': 'cfc90d5fccee9397017c41ea65a13271824efc5b32855a810400239d9db68100'}, 'dob': {'date': '2000-08-03T15:05:26.130Z', 'age': 23}, 'registered': {'date': '2020-05-03T12:32:46.867Z', 'age': 3}, 'phone': '(0220) 905237', 'cell': '(06) 54821121', 'id': {'name': 'BSN', 'value': '16942564'}, 'picture': {'large': 'https://randomuser.me/api/portraits/women/76.jpg', 'medium': 'https://randomuser.me/api/portraits/med/women/76.jpg', 'thumbnail': 'https://randomuser.me/api/portraits/thumb/women/76.jpg'}, 'nat': 'NL'}</msg>
<arg>${json_data['results'][0]}</arg>
<doc>Logs the given message with the given level.</doc>
<status status="PASS" start="2024-04-29T12:26:51.564139" elapsed="0.000410"/>
</kw>
<kw name="Log" owner="BuiltIn">
<msg time="2024-04-29T12:26:51.564969" level="INFO">gender</msg>
<arg>${key}</arg>
<doc>Logs the given message with the given level.</doc>
<status status="PASS" start="2024-04-29T12:26:51.564841" elapsed="0.000165"/>
</kw>
<var name="${key}">gender</var>
<status status="PASS" start="2024-04-29T12:26:51.563265" elapsed="0.001955"/>
</iter>
<iter>
<kw name="Dictionary Should Contain Key" owner="Collections">
<msg time="2024-04-29T12:26:51.565896" level="INFO">False</msg>
<arg>${json_data['results'][0]}</arg>
<arg>${key}</arg>
<doc>Fails if ``key`` is not found from ``dictionary``.</doc>
<status status="PASS" start="2024-04-29T12:26:51.565514" elapsed="0.000418"/>
</kw>
<kw name="Log" owner="BuiltIn">
<msg time="2024-04-29T12:26:51.566642" level="INFO">{'gender': 'female', 'name': {'title': 'Miss', 'first': 'Dorina', 'last': 'Voorwinden'}, 'location': {'street': {'number': 9721, 'name': 'Koningin Marialaan'}, 'city': 'Kamerik', 'state': 'Friesland', 'country': 'Netherlands', 'postcode': '3285 KC', 'coordinates': {'latitude': '36.4530', 'longitude': '81.2559'}, 'timezone': {'offset': '-4:00', 'description': 'Atlantic Time (Canada), Caracas, La Paz'}}, 'email': 'dorina.voorwinden@example.com', 'login': {'uuid': '3e24ff63-c434-41dc-a81a-3afec3450323', 'username': 'reddog696', 'password': 'bears', 'salt': 'smqgYVOH', 'md5': '755d65048d00bc6ef596041eb8898d3d', 'sha1': 'b50478c81611f9865e7118ecf65461b6e51dd6d7', 'sha256': 'cfc90d5fccee9397017c41ea65a13271824efc5b32855a810400239d9db68100'}, 'dob': {'date': '2000-08-03T15:05:26.130Z', 'age': 23}, 'registered': {'date': '2020-05-03T12:32:46.867Z', 'age': 3}, 'phone': '(0220) 905237', 'cell': '(06) 54821121', 'id': {'name': 'BSN', 'value': '16942564'}, 'picture': {'large': 'https://randomuser.me/api/portraits/women/76.jpg', 'medium': 'https://randomuser.me/api/portraits/med/women/76.jpg', 'thumbnail': 'https://randomuser.me/api/portraits/thumb/women/76.jpg'}, 'nat': 'NL'}</msg>
<arg>${json_data['results'][0]}</arg>
<doc>Logs the given message with the given level.</doc>
<status status="PASS" start="2024-04-29T12:26:51.566283" elapsed="0.000404"/>
</kw>
<kw name="Log" owner="BuiltIn">
<msg time="2024-04-29T12:26:51.567102" level="INFO">name</msg>
<arg>${key}</arg>
<doc>Logs the given message with the given level.</doc>
<status status="PASS" start="2024-04-29T12:26:51.566978" elapsed="0.000161"/>
</kw>
<var name="${key}">name</var>
<status status="PASS" start="2024-04-29T12:26:51.565400" elapsed="0.001949"/>
</iter>
<iter>
<kw name="Dictionary Should Contain Key" owner="Collections">
<msg time="2024-04-29T12:26:51.568009" level="INFO">False</msg>
<arg>${json_data['results'][0]}</arg>
<arg>${key}</arg>
<doc>Fails if ``key`` is not found from ``dictionary``.</doc>
<status status="PASS" start="2024-04-29T12:26:51.567631" elapsed="0.000415"/>
</kw>
<kw name="Log" owner="BuiltIn">
<msg time="2024-04-29T12:26:51.568712" level="INFO">{'gender': 'female', 'name': {'title': 'Miss', 'first': 'Dorina', 'last': 'Voorwinden'}, 'location': {'street': {'number': 9721, 'name': 'Koningin Marialaan'}, 'city': 'Kamerik', 'state': 'Friesland', 'country': 'Netherlands', 'postcode': '3285 KC', 'coordinates': {'latitude': '36.4530', 'longitude': '81.2559'}, 'timezone': {'offset': '-4:00', 'description': 'Atlantic Time (Canada), Caracas, La Paz'}}, 'email': 'dorina.voorwinden@example.com', 'login': {'uuid': '3e24ff63-c434-41dc-a81a-3afec3450323', 'username': 'reddog696', 'password': 'bears', 'salt': 'smqgYVOH', 'md5': '755d65048d00bc6ef596041eb8898d3d', 'sha1': 'b50478c81611f9865e7118ecf65461b6e51dd6d7', 'sha256': 'cfc90d5fccee9397017c41ea65a13271824efc5b32855a810400239d9db68100'}, 'dob': {'date': '2000-08-03T15:05:26.130Z', 'age': 23}, 'registered': {'date': '2020-05-03T12:32:46.867Z', 'age': 3}, 'phone': '(0220) 905237', 'cell': '(06) 54821121', 'id': {'name': 'BSN', 'value': '16942564'}, 'picture': {'large': 'https://randomuser.me/api/portraits/women/76.jpg', 'medium': 'https://randomuser.me/api/portraits/med/women/76.jpg', 'thumbnail': 'https://randomuser.me/api/portraits/thumb/women/76.jpg'}, 'nat': 'NL'}</msg>
<arg>${json_data['results'][0]}</arg>
<doc>Logs the given message with the given level.</doc>
<status status="PASS" start="2024-04-29T12:26:51.568347" elapsed="0.000411"/>
</kw>
<kw name="Log" owner="BuiltIn">
<msg time="2024-04-29T12:26:51.569180" level="INFO">location</msg>
<arg>${key}</arg>
<doc>Logs the given message with the given level.</doc>
<status status="PASS" start="2024-04-29T12:26:51.569056" elapsed="0.000161"/>
</kw>
<var name="${key}">location</var>
<status status="PASS" start="2024-04-29T12:26:51.567521" elapsed="0.001908"/>
</iter>
<iter>
<kw name="Dictionary Should Contain Key" owner="Collections">
<msg time="2024-04-29T12:26:51.570126" level="INFO">False</msg>
<arg>${json_data['results'][0]}</arg>
<arg>${key}</arg>
<doc>Fails if ``key`` is not found from ``dictionary``.</doc>
<status status="PASS" start="2024-04-29T12:26:51.569715" elapsed="0.000457"/>
</kw>
<kw name="Log" owner="BuiltIn">
<msg time="2024-04-29T12:26:51.570819" level="INFO">{'gender': 'female', 'name': {'title': 'Miss', 'first': 'Dorina', 'last': 'Voorwinden'}, 'location': {'street': {'number': 9721, 'name': 'Koningin Marialaan'}, 'city': 'Kamerik', 'state': 'Friesland', 'country': 'Netherlands', 'postcode': '3285 KC', 'coordinates': {'latitude': '36.4530', 'longitude': '81.2559'}, 'timezone': {'offset': '-4:00', 'description': 'Atlantic Time (Canada), Caracas, La Paz'}}, 'email': 'dorina.voorwinden@example.com', 'login': {'uuid': '3e24ff63-c434-41dc-a81a-3afec3450323', 'username': 'reddog696', 'password': 'bears', 'salt': 'smqgYVOH', 'md5': '755d65048d00bc6ef596041eb8898d3d', 'sha1': 'b50478c81611f9865e7118ecf65461b6e51dd6d7', 'sha256': 'cfc90d5fccee9397017c41ea65a13271824efc5b32855a810400239d9db68100'}, 'dob': {'date': '2000-08-03T15:05:26.130Z', 'age': 23}, 'registered': {'date': '2020-05-03T12:32:46.867Z', 'age': 3}, 'phone': '(0220) 905237', 'cell': '(06) 54821121', 'id': {'name': 'BSN', 'value': '16942564'}, 'picture': {'large': 'https://randomuser.me/api/portraits/women/76.jpg', 'medium': 'https://randomuser.me/api/portraits/med/women/76.jpg', 'thumbnail': 'https://randomuser.me/api/portraits/thumb/women/76.jpg'}, 'nat': 'NL'}</msg>
<arg>${json_data['results'][0]}</arg>
<doc>Logs the given message with the given level.</doc>
<status status="PASS" start="2024-04-29T12:26:51.570467" elapsed="0.000398"/>
</kw>
<kw name="Log" owner="BuiltIn">
<msg time="2024-04-29T12:26:51.571276" level="INFO">email</msg>
<arg>${key}</arg>
<doc>Logs the given message with the given level.</doc>
<status status="PASS" start="2024-04-29T12:26:51.571151" elapsed="0.000163"/>
</kw>
<var name="${key}">email</var>
<status status="PASS" start="2024-04-29T12:26:51.569606" elapsed="0.001928"/>
</iter>
<iter>
<kw name="Dictionary Should Contain Key" owner="Collections">
<msg time="2024-04-29T12:26:51.572200" level="INFO">False</msg>
<arg>${json_data['results'][0]}</arg>
<arg>${key}</arg>
<doc>Fails if ``key`` is not found from ``dictionary``.</doc>
<status status="PASS" start="2024-04-29T12:26:51.571810" elapsed="0.000427"/>
</kw>
<kw name="Log" owner="BuiltIn">
<msg time="2024-04-29T12:26:51.572888" level="INFO">{'gender': 'female', 'name': {'title': 'Miss', 'first': 'Dorina', 'last': 'Voorwinden'}, 'location': {'street': {'number': 9721, 'name': 'Koningin Marialaan'}, 'city': 'Kamerik', 'state': 'Friesland', 'country': 'Netherlands', 'postcode': '3285 KC', 'coordinates': {'latitude': '36.4530', 'longitude': '81.2559'}, 'timezone': {'offset': '-4:00', 'description': 'Atlantic Time (Canada), Caracas, La Paz'}}, 'email': 'dorina.voorwinden@example.com', 'login': {'uuid': '3e24ff63-c434-41dc-a81a-3afec3450323', 'username': 'reddog696', 'password': 'bears', 'salt': 'smqgYVOH', 'md5': '755d65048d00bc6ef596041eb8898d3d', 'sha1': 'b50478c81611f9865e7118ecf65461b6e51dd6d7', 'sha256': 'cfc90d5fccee9397017c41ea65a13271824efc5b32855a810400239d9db68100'}, 'dob': {'date': '2000-08-03T15:05:26.130Z', 'age': 23}, 'registered': {'date': '2020-05-03T12:32:46.867Z', 'age': 3}, 'phone': '(0220) 905237', 'cell': '(06) 54821121', 'id': {'name': 'BSN', 'value': '16942564'}, 'picture': {'large': 'https://randomuser.me/api/portraits/women/76.jpg', 'medium': 'https://randomuser.me/api/portraits/med/women/76.jpg', 'thumbnail': 'https://randomuser.me/api/portraits/thumb/women/76.jpg'}, 'nat': 'NL'}</msg>
<arg>${json_data['results'][0]}</arg>
<doc>Logs the given message with the given level.</doc>
<status status="PASS" start="2024-04-29T12:26:51.572527" elapsed="0.000408"/>
</kw>
<kw name="Log" owner="BuiltIn">
<msg time="2024-04-29T12:26:51.573344" level="INFO">login</msg>
<arg>${key}</arg>
<doc>Logs the given message with the given level.</doc>
<status status="PASS" start="2024-04-29T12:26:51.573220" elapsed="0.000189"/>
</kw>
<var name="${key}">login</var>
<status status="PASS" start="2024-04-29T12:26:51.571701" elapsed="0.001923"/>
</iter>
<var>${key}</var>
<value>@{expected_keys}</value>
<status status="PASS" start="2024-04-29T12:26:51.563037" elapsed="0.010707"/>
</for>
<kw name="Create List" owner="BuiltIn">
<msg time="2024-04-29T12:26:51.574107" level="INFO">${expected_keysTwo} = ['username', 'password']</msg>
<var>${expected_keysTwo}</var>
<arg>username</arg>
<arg>password</arg>
<doc>Returns a list containing given items.</doc>
<status status="PASS" start="2024-04-29T12:26:51.573943" elapsed="0.000189"/>
</kw>
<for flavor="IN">
<iter>
<kw name="Dictionary Should Contain Key" owner="Collections">
<msg time="2024-04-29T12:26:51.575001" level="INFO">False</msg>
<arg>${json_data['results'][0]['login']}</arg>
<arg>${keyTwo}</arg>
<doc>Fails if ``key`` is not found from ``dictionary``.</doc>
<status status="PASS" start="2024-04-29T12:26:51.574620" elapsed="0.000418"/>
</kw>
<kw name="Dictionary Should Contain Key" owner="Collections">
<msg time="2024-04-29T12:26:51.575695" level="INFO">False</msg>
<arg>${json_data['results'][0]['login']}</arg>
<arg>${keyTwo}</arg>
<doc>Fails if ``key`` is not found from ``dictionary``.</doc>
<status status="PASS" start="2024-04-29T12:26:51.575324" elapsed="0.000408"/>
</kw>
<kw name="Log" owner="BuiltIn">
<msg time="2024-04-29T12:26:51.576148" level="INFO">username</msg>
<arg>${keyTwo}</arg>
<doc>Logs the given message with the given level.</doc>
<status status="PASS" start="2024-04-29T12:26:51.576022" elapsed="0.000172"/>
</kw>
<var name="${keyTwo}">username</var>
<status status="PASS" start="2024-04-29T12:26:51.574512" elapsed="0.001899"/>
</iter>
<iter>
<kw name="Dictionary Should Contain Key" owner="Collections">
<msg time="2024-04-29T12:26:51.577070" level="INFO">False</msg>
<arg>${json_data['results'][0]['login']}</arg>
<arg>${keyTwo}</arg>
<doc>Fails if ``key`` is not found from ``dictionary``.</doc>
<status status="PASS" start="2024-04-29T12:26:51.576689" elapsed="0.000418"/>
</kw>
<kw name="Dictionary Should Contain Key" owner="Collections">
<msg time="2024-04-29T12:26:51.577855" level="INFO">False</msg>
<arg>${json_data['results'][0]['login']}</arg>
<arg>${keyTwo}</arg>
<doc>Fails if ``key`` is not found from ``dictionary``.</doc>
<status status="PASS" start="2024-04-29T12:26:51.577397" elapsed="0.000495"/>
</kw>
<kw name="Log" owner="BuiltIn">
<msg time="2024-04-29T12:26:51.578344" level="INFO">password</msg>
<arg>${keyTwo}</arg>
<doc>Logs the given message with the given level.</doc>
<status status="PASS" start="2024-04-29T12:26:51.578214" elapsed="0.000167"/>
</kw>
<var name="${keyTwo}">password</var>
<status status="PASS" start="2024-04-29T12:26:51.576577" elapsed="0.002019"/>
</iter>
<var>${keyTwo}</var>
<value>@{expected_keysTwo}</value>
<status status="PASS" start="2024-04-29T12:26:51.574365" elapsed="0.004347"/>
</for>
<status status="PASS" start="2024-04-29T12:26:51.486329" elapsed="0.092520"/>
</kw>
<doc>Testa a estrutura da resposta da API.</doc>
<tag>testeEstruturaResposta</tag>
<status status="PASS" start="2024-04-29T12:26:51.485811" elapsed="0.093185"/>
</test>
<test id="s1-s1-t4" name="Validar tipos de dados" line="28">
<kw name="Teste de Tipos de Dados" owner="random-user-service">
<kw name="GET On Session" owner="RequestsLibrary">
<msg time="2024-04-29T12:26:51.662432" level="INFO">GET Request : url=https://randomuser.me/api 
 path_url=/api 
 headers={'User-Agent': 'python-requests/2.31.0', 'Accept-Encoding': 'gzip, deflate', 'Accept': '*/*', 'Connection': 'keep-alive'} 
 body=None 
 </msg>
<msg time="2024-04-29T12:26:51.662521" level="INFO">GET Response : url=https://randomuser.me/api 
 status=200, reason=OK 
 headers={'Date': 'Mon, 29 Apr 2024 12:26:51 GMT', 'Content-Type': 'application/json; charset=utf-8', 'Transfer-Encoding': 'chunked', 'Connection': 'keep-alive', 'X-Powered-By': 'Express', 'Access-Control-Allow-Origin': '*', 'Cache-Control': 'no-cache', 'ETag': 'W/"476-QYQ30xD2e4ii7YhDNxcs+hU/bq4"', 'Vary': 'Accept-Encoding', 'Content-Encoding': 'gzip', 'CF-Cache-Status': 'DYNAMIC', 'Report-To': '{"endpoints":[{"url":"https:\\/\\/a.nel.cloudflare.com\\/report\\/v4?s=GImnZePoHxSrABp7CXKreIqyh3W9%2Bhkk2IbOfhkMNaaJimILybQgxpPgm520gtgUuV6w%2Fpp%2FIYynuPTsPEp8vq5tCLTGZgQAgQmRo%2FsM1FCeYRxIXVdAyekWA0IJRS8k"}],"group":"cf-nel","max_age":604800}', 'NEL': '{"success_fraction":0,"report_to":"cf-nel","max_age":604800}', 'Server': 'cloudflare', 'CF-RAY': '87bf48686a4e6fe5-IAD', 'alt-svc': 'h3=":443"; ma=86400'} 
 body={"results":[{"gender":"male","name":{"title":"Mr","first":"Aljoša","last":"Sokolović"},"location":{"street":{"number":2827,"name":"Sedmog Jula"},"city":"Rača","state":"South Banat","country":"Serbia","postcode":96553,"coordinates":{"latitude":"55.9879","longitude":"-54.6558"},"timezone":{"offset":"+4:30","description":"Kabul"}},"email":"aljosa.sokolovic@example.com","login":{"uuid":"0ba4cacf-2027-473e-9dda-b9e93e044134","username":"ticklishostrich744","password":"stinker","salt":"iahEEp51","md5":"256b271852c0b0281708cd869b8ddeb8","sha1":"bf233dda0bf638646a7e46833a6c8c652d15cb69","sha256":"8ad121fc8d552c1d93f7129aa1fe950672636173c856a185b48b6c09800bf572"},"dob":{"date":"1978-08-02T01:19:05.354Z","age":45},"registered":{"date":"2020-12-22T08:45:50.479Z","age":3},"phone":"018-0221-225","cell":"066-8736-835","id":{"name":"SID","value":"255822747"},"picture":{"large":"https://randomuser.me/api/portraits/men/56.jpg","medium":"https://randomuser.me/api/portraits/med/men/56.jpg","thumbnail":"https://randomuser.me/api/portraits/thumb/men/56.jpg"},"nat":"RS"}],"info":{"seed":"aa176f31eae8784f","results":1,"page":1,"version":"1.4"}} 
 </msg>
<msg time="2024-04-29T12:26:51.662601" level="INFO">/opt/hostedtoolcache/Python/3.12.3/x64/lib/python3.12/site-packages/urllib3/connectionpool.py:1103: InsecureRequestWarning: Unverified HTTPS request is being made to host 'randomuser.me'. Adding certificate verification is strongly advised. See: https://urllib3.readthedocs.io/en/latest/advanced-usage.html#tls-warnings
  warnings.warn(</msg>
<msg time="2024-04-29T12:26:51.662721" level="INFO">${response} = &lt;Response [200]&gt;</msg>
<var>${response}</var>
<arg>consultarAPI</arg>
<arg>/api</arg>
<doc>Sends a GET request on a previously created HTTP Session.</doc>
<status status="PASS" start="2024-04-29T12:26:51.581421" elapsed="0.081348"/>
</kw>
<kw name="Set Variable" owner="BuiltIn">
<msg time="2024-04-29T12:26:51.663920" level="INFO">${json_data} = {'results': [{'gender': 'male', 'name': {'title': 'Mr', 'first': 'Aljoša', 'last': 'Sokolović'}, 'location': {'street': {'number': 2827, 'name': 'Sedmog Jula'}, 'city': 'Rača', 'state': 'South Banat',...</msg>
<var>${json_data}</var>
<arg>${response.json()}</arg>
<doc>Returns the given values which can then be assigned to a variables.</doc>
<status status="PASS" start="2024-04-29T12:26:51.663344" elapsed="0.000606"/>
</kw>
<kw name="Log" owner="BuiltIn">
<msg time="2024-04-29T12:26:51.664409" level="INFO">{'results': [{'gender': 'male', 'name': {'title': 'Mr', 'first': 'Aljoša', 'last': 'Sokolović'}, 'location': {'street': {'number': 2827, 'name': 'Sedmog Jula'}, 'city': 'Rača', 'state': 'South Banat', 'country': 'Serbia', 'postcode': 96553, 'coordinates': {'latitude': '55.9879', 'longitude': '-54.6558'}, 'timezone': {'offset': '+4:30', 'description': 'Kabul'}}, 'email': 'aljosa.sokolovic@example.com', 'login': {'uuid': '0ba4cacf-2027-473e-9dda-b9e93e044134', 'username': 'ticklishostrich744', 'password': 'stinker', 'salt': 'iahEEp51', 'md5': '256b271852c0b0281708cd869b8ddeb8', 'sha1': 'bf233dda0bf638646a7e46833a6c8c652d15cb69', 'sha256': '8ad121fc8d552c1d93f7129aa1fe950672636173c856a185b48b6c09800bf572'}, 'dob': {'date': '1978-08-02T01:19:05.354Z', 'age': 45}, 'registered': {'date': '2020-12-22T08:45:50.479Z', 'age': 3}, 'phone': '018-0221-225', 'cell': '066-8736-835', 'id': {'name': 'SID', 'value': '255822747'}, 'picture': {'large': 'https://randomuser.me/api/portraits/men/56.jpg', 'medium': 'https://randomuser.me/api/portraits/med/men/56.jpg', 'thumbnail': 'https://randomuser.me/api/portraits/thumb/men/56.jpg'}, 'nat': 'RS'}], 'info': {'seed': 'aa176f31eae8784f', 'results': 1, 'page': 1, 'version': '1.4'}}</msg>
<arg>${json_data}</arg>
<doc>Logs the given message with the given level.</doc>
<status status="PASS" start="2024-04-29T12:26:51.664254" elapsed="0.000238"/>
</kw>
<kw name="Should Be String" owner="String">
<arg>${json_data['results'][0]['gender']}</arg>
<doc>Fails if the given ``item`` is not a string.</doc>
<status status="PASS" start="2024-04-29T12:26:51.664786" elapsed="0.000361"/>
</kw>
<kw name="Should Match Regexp" owner="BuiltIn">
<arg>${json_data['results'][0]['email']}</arg>
<arg>^[a-zA-Z0-9._%+-]+@[a-zA-Z0-9.-]+\.[a-zA-Z]{2,}$</arg>
<doc>Fails if ``string`` does not match ``pattern`` as a regular expression.</doc>
<status status="PASS" start="2024-04-29T12:26:51.665336" elapsed="0.000513"/>
</kw>
<kw name="Should Match Regexp" owner="BuiltIn">
<arg>${json_data['results'][0]['dob']['date']}</arg>
<arg>\\d{4}-\\d{2}-\\d{2}T\\d{2}:\\d{2}:\\d{2}\\.\\d{3}Z</arg>
<doc>Fails if ``string`` does not match ``pattern`` as a regular expression.</doc>
<status status="PASS" start="2024-04-29T12:26:51.666068" elapsed="0.000497"/>
</kw>
<kw name="Should Match Regexp" owner="BuiltIn">
<arg>${json_data['results'][0]['registered']['date']}</arg>
<arg>\\d{4}-\\d{2}-\\d{2}T\\d{2}:\\d{2}:\\d{2}\\.\\d{3}Z</arg>
<doc>Fails if ``string`` does not match ``pattern`` as a regular expression.</doc>
<status status="PASS" start="2024-04-29T12:26:51.666755" elapsed="0.000363"/>
</kw>
<kw name="Should Match Regexp" owner="BuiltIn">
<arg>${json_data['results'][0]['picture']['large']}</arg>
<arg>^https?://.*\.(?:png|jpe?g|gif|bmp)$</arg>
<doc>Fails if ``string`` does not match ``pattern`` as a regular expression.</doc>
<status status="PASS" start="2024-04-29T12:26:51.667302" elapsed="0.000456"/>
</kw>
<kw name="Should Match Regexp" owner="BuiltIn">
<arg>${json_data['results'][0]['picture']['medium']}</arg>
<arg>^https?://.*\.(?:png|jpe?g|gif|bmp)$</arg>
<doc>Fails if ``string`` does not match ``pattern`` as a regular expression.</doc>
<status status="PASS" start="2024-04-29T12:26:51.667956" elapsed="0.000357"/>
</kw>
<kw name="Should Match Regexp" owner="BuiltIn">
<arg>${json_data['results'][0]['picture']['thumbnail']}</arg>
<arg>^https?://.*\.(?:png|jpe?g|gif|bmp)$</arg>
<doc>Fails if ``string`` does not match ``pattern`` as a regular expression.</doc>
<status status="PASS" start="2024-04-29T12:26:51.668497" elapsed="0.000344"/>
</kw>
<kw name="Log" owner="BuiltIn">
<msg time="2024-04-29T12:26:51.669461" level="INFO">{'large': 'https://randomuser.me/api/portraits/men/56.jpg', 'medium': 'https://randomuser.me/api/portraits/med/men/56.jpg', 'thumbnail': 'https://randomuser.me/api/portraits/thumb/men/56.jpg'}</msg>
<arg>${json_data['results'][0]['picture']}</arg>
<doc>Logs the given message with the given level.</doc>
<status status="PASS" start="2024-04-29T12:26:51.669020" elapsed="0.000496"/>
</kw>
<status status="PASS" start="2024-04-29T12:26:51.581196" elapsed="0.088678"/>
</kw>
<kw name="Teste de Tipos de Dados - Postcode" owner="random-user-service">
<kw name="GET On Session" owner="RequestsLibrary">
<msg time="2024-04-29T12:26:51.757700" level="INFO">GET Request : url=https://randomuser.me/api 
 path_url=/api 
 headers={'User-Agent': 'python-requests/2.31.0', 'Accept-Encoding': 'gzip, deflate', 'Accept': '*/*', 'Connection': 'keep-alive'} 
 body=None 
 </msg>
<msg time="2024-04-29T12:26:51.757792" level="INFO">GET Response : url=https://randomuser.me/api 
 status=200, reason=OK 
 headers={'Date': 'Mon, 29 Apr 2024 12:26:51 GMT', 'Content-Type': 'application/json; charset=utf-8', 'Transfer-Encoding': 'chunked', 'Connection': 'keep-alive', 'X-Powered-By': 'Express', 'Access-Control-Allow-Origin': '*', 'Cache-Control': 'no-cache', 'ETag': 'W/"4a5-HFIgyQS8fVPDxr18rrY6sRDUduo"', 'Vary': 'Accept-Encoding', 'Content-Encoding': 'gzip', 'CF-Cache-Status': 'DYNAMIC', 'Report-To': '{"endpoints":[{"url":"https:\\/\\/a.nel.cloudflare.com\\/report\\/v4?s=GWi7wyRKasxxXlo88ZzV10jpQGrmG8tPhrzBH9P59OSrykgCP9pZucTGbqDTagcnf%2FdRu7mkx3EPpDNy%2BnsszGL03F8DQzXwicd7viPGqczvo2bxnfbmSMag53ysoQUp"}],"group":"cf-nel","max_age":604800}', 'NEL': '{"success_fraction":0,"report_to":"cf-nel","max_age":604800}', 'Server': 'cloudflare', 'CF-RAY': '87bf4868fae46fe5-IAD', 'alt-svc': 'h3=":443"; ma=86400'} 
 body={"results":[{"gender":"female","name":{"title":"Ms","first":"رونیکا","last":"کریمی"},"location":{"street":{"number":8865,"name":"بلوار کشاورز"},"city":"ملارد","state":"ایلام","country":"Iran","postcode":70150,"coordinates":{"latitude":"17.5827","longitude":"107.6686"},"timezone":{"offset":"+3:00","description":"Baghdad, Riyadh, Moscow, St. Petersburg"}},"email":"rwnykh.khrymy@example.com","login":{"uuid":"6de8e2b2-a8aa-47e1-9186-3611b73af2a3","username":"greenelephant440","password":"lauren","salt":"HPOD7exf","md5":"d79d1572402289c8d9440764300feba2","sha1":"058ee86d6e3892c3b146e0f627c41bc92d40f8db","sha256":"6b022fe8edee47096bfc6a871efd22b8a3e5dbc92931df694ec72faee8a14b9a"},"dob":{"date":"1951-07-28T20:59:14.071Z","age":72},"registered":{"date":"2004-09-04T04:20:42.758Z","age":19},"phone":"042-69162961","cell":"0973-152-9011","id":{"name":"","value":null},"picture":{"large":"https://randomuser.me/api/portraits/women/68.jpg","medium":"https://randomuser.me/api/portraits/med/women/68.jpg","thumbnail":"https://randomuser.me/api/portraits/thumb/women/68.jpg"},"nat":"IR"}],"info":{"seed":"c25182233aad8d81","results":1,"page":1,"version":"1.4"}} 
 </msg>
<msg time="2024-04-29T12:26:51.757867" level="INFO">/opt/hostedtoolcache/Python/3.12.3/x64/lib/python3.12/site-packages/urllib3/connectionpool.py:1103: InsecureRequestWarning: Unverified HTTPS request is being made to host 'randomuser.me'. Adding certificate verification is strongly advised. See: https://urllib3.readthedocs.io/en/latest/advanced-usage.html#tls-warnings
  warnings.warn(</msg>
<msg time="2024-04-29T12:26:51.758001" level="INFO">${response} = &lt;Response [200]&gt;</msg>
<var>${response}</var>
<arg>consultarAPI</arg>
<arg>/api</arg>
<doc>Sends a GET request on a previously created HTTP Session.</doc>
<status status="PASS" start="2024-04-29T12:26:51.670409" elapsed="0.087661"/>
</kw>
<kw name="Set Variable" owner="BuiltIn">
<msg time="2024-04-29T12:26:51.759186" level="INFO">${json_data} = {'results': [{'gender': 'female', 'name': {'title': 'Ms', 'first': 'رونیکا', 'last': 'کریمی'}, 'location': {'street': {'number': 8865, 'name': 'بلوار کشاورز'}, 'city': 'ملارد', 'state': 'ایلام', 'coun...</msg>
<var>${json_data}</var>
<arg>${response.json()}</arg>
<doc>Returns the given values which can then be assigned to a variables.</doc>
<status status="PASS" start="2024-04-29T12:26:51.758621" elapsed="0.000595"/>
</kw>
<kw name="Log" owner="BuiltIn">
<msg time="2024-04-29T12:26:51.759683" level="INFO">{'results': [{'gender': 'female', 'name': {'title': 'Ms', 'first': 'رونیکا', 'last': 'کریمی'}, 'location': {'street': {'number': 8865, 'name': 'بلوار کشاورز'}, 'city': 'ملارد', 'state': 'ایلام', 'country': 'Iran', 'postcode': 70150, 'coordinates': {'latitude': '17.5827', 'longitude': '107.6686'}, 'timezone': {'offset': '+3:00', 'description': 'Baghdad, Riyadh, Moscow, St. Petersburg'}}, 'email': 'rwnykh.khrymy@example.com', 'login': {'uuid': '6de8e2b2-a8aa-47e1-9186-3611b73af2a3', 'username': 'greenelephant440', 'password': 'lauren', 'salt': 'HPOD7exf', 'md5': 'd79d1572402289c8d9440764300feba2', 'sha1': '058ee86d6e3892c3b146e0f627c41bc92d40f8db', 'sha256': '6b022fe8edee47096bfc6a871efd22b8a3e5dbc92931df694ec72faee8a14b9a'}, 'dob': {'date': '1951-07-28T20:59:14.071Z', 'age': 72}, 'registered': {'date': '2004-09-04T04:20:42.758Z', 'age': 19}, 'phone': '042-69162961', 'cell': '0973-152-9011', 'id': {'name': '', 'value': None}, 'picture': {'large': 'https://randomuser.me/api/portraits/women/68.jpg', 'medium': 'https://randomuser.me/api/portraits/med/women/68.jpg', 'thumbnail': 'https://randomuser.me/api/portraits/thumb/women/68.jpg'}, 'nat': 'IR'}], 'info': {'seed': 'c25182233aad8d81', 'results': 1, 'page': 1, 'version': '1.4'}}</msg>
<arg>${json_data}</arg>
<doc>Logs the given message with the given level.</doc>
<status status="PASS" start="2024-04-29T12:26:51.759525" elapsed="0.000243"/>
</kw>
<kw name="Should Be Equal As Numbers" owner="BuiltIn">
<arg>${json_data['results'][0]['location']['postcode']}</arg>
<arg>${json_data['results'][0]['location']['postcode']}</arg>
<doc>Fails if objects are unequal after converting them to real numbers.</doc>
<status status="PASS" start="2024-04-29T12:26:51.760074" elapsed="0.000775"/>
</kw>
<kw name="Log" owner="BuiltIn">
<msg time="2024-04-29T12:26:51.761378" level="INFO">70150</msg>
<arg>${json_data['results'][0]['location']['postcode']}</arg>
<doc>Logs the given message with the given level.</doc>
<status status="PASS" start="2024-04-29T12:26:51.761044" elapsed="0.000383"/>
</kw>
<status status="PASS" start="2024-04-29T12:26:51.670168" elapsed="0.091508"/>
</kw>
<doc>Testa se os tipos de dados na resposta da API estão corretos.</doc>
<tag>testeTiposDados</tag>
<status status="PASS" start="2024-04-29T12:26:51.580746" elapsed="0.181095"/>
</test>
<test id="s1-s1-t5" name="Validar conteudo" line="35">
<kw name="Teste de Tipos de Conteudo" owner="random-user-service">
<kw name="GET On Session" owner="RequestsLibrary">
<msg time="2024-04-29T12:26:51.862681" level="INFO">GET Request : url=https://randomuser.me/api 
 path_url=/api 
 headers={'User-Agent': 'python-requests/2.31.0', 'Accept-Encoding': 'gzip, deflate', 'Accept': '*/*', 'Connection': 'keep-alive'} 
 body=None 
 </msg>
<msg time="2024-04-29T12:26:51.862770" level="INFO">GET Response : url=https://randomuser.me/api 
 status=200, reason=OK 
 headers={'Date': 'Mon, 29 Apr 2024 12:26:51 GMT', 'Content-Type': 'application/json; charset=utf-8', 'Transfer-Encoding': 'chunked', 'Connection': 'keep-alive', 'X-Powered-By': 'Express', 'Access-Control-Allow-Origin': '*', 'Cache-Control': 'no-cache', 'ETag': 'W/"491-qkyClje232AR/DJ9SDXRZW7owUc"', 'Vary': 'Accept-Encoding', 'Content-Encoding': 'gzip', 'CF-Cache-Status': 'DYNAMIC', 'Report-To': '{"endpoints":[{"url":"https:\\/\\/a.nel.cloudflare.com\\/report\\/v4?s=hyqYfZRKABe1DS7mQ1aBK7hDPAKFS9kLEghdeAQlGIuUHRS%2BPlwlqDuBQO%2BeYvMJc8CU7tohLcXlkQP%2BHy7c62Kdo4E1OpyEgNCtD429naJtttaQrXZj0XDCNgGIYVNm"}],"group":"cf-nel","max_age":604800}', 'NEL': '{"success_fraction":0,"report_to":"cf-nel","max_age":604800}', 'Server': 'cloudflare', 'CF-RAY': '87bf48698b916fe5-IAD', 'alt-svc': 'h3=":443"; ma=86400'} 
 body={"results":[{"gender":"female","name":{"title":"Ms","first":"Ava","last":"Simpson"},"location":{"street":{"number":4392,"name":"Dame Street"},"city":"Passage West","state":"Mayo","country":"Ireland","postcode":43913,"coordinates":{"latitude":"2.3343","longitude":"120.3917"},"timezone":{"offset":"+11:00","description":"Magadan, Solomon Islands, New Caledonia"}},"email":"ava.simpson@example.com","login":{"uuid":"1dcf72ba-68d1-4630-918c-ef1872c8fb2a","username":"silvertiger973","password":"kenneth","salt":"H2gxlbYd","md5":"5277885b894f79a77655372ca4784ef2","sha1":"e675af4695f97615139eb1543176a08bd379c1fb","sha256":"ba77dda1bee6d8204eb8c8c54b7d4eb3c9f40f016a374bab6dda39f273518d25"},"dob":{"date":"1950-03-26T21:27:29.683Z","age":74},"registered":{"date":"2012-07-09T08:14:01.628Z","age":11},"phone":"021-759-6169","cell":"081-139-5321","id":{"name":"PPS","value":"9819355T"},"picture":{"large":"https://randomuser.me/api/portraits/women/45.jpg","medium":"https://randomuser.me/api/portraits/med/women/45.jpg","thumbnail":"https://randomuser.me/api/portraits/thumb/women/45.jpg"},"nat":"IE"}],"info":{"seed":"6731aae388baaa54","results":1,"page":1,"version":"1.4"}} 
 </msg>
<msg time="2024-04-29T12:26:51.862836" level="INFO">/opt/hostedtoolcache/Python/3.12.3/x64/lib/python3.12/site-packages/urllib3/connectionpool.py:1103: InsecureRequestWarning: Unverified HTTPS request is being made to host 'randomuser.me'. Adding certificate verification is strongly advised. See: https://urllib3.readthedocs.io/en/latest/advanced-usage.html#tls-warnings
  warnings.warn(</msg>
<msg time="2024-04-29T12:26:51.862951" level="INFO">${response} = &lt;Response [200]&gt;</msg>
<var>${response}</var>
<arg>consultarAPI</arg>
<arg>/api</arg>
<doc>Sends a GET request on a previously created HTTP Session.</doc>
<status status="PASS" start="2024-04-29T12:26:51.764743" elapsed="0.098247"/>
</kw>
<kw name="Set Variable" owner="BuiltIn">
<msg time="2024-04-29T12:26:51.864129" level="INFO">${json_data} = {'results': [{'gender': 'female', 'name': {'title': 'Ms', 'first': 'Ava', 'last': 'Simpson'}, 'location': {'street': {'number': 4392, 'name': 'Dame Street'}, 'city': 'Passage West', 'state': 'Mayo', '...</msg>
<var>${json_data}</var>
<arg>${response.json()}</arg>
<doc>Returns the given values which can then be assigned to a variables.</doc>
<status status="PASS" start="2024-04-29T12:26:51.863580" elapsed="0.000578"/>
</kw>
<kw name="Set Variable" owner="BuiltIn">
<msg time="2024-04-29T12:26:51.864848" level="INFO">${name_title} = Ms</msg>
<var>${name_title}</var>
<arg>${json_data["results"][0]["name"]["title"]}</arg>
<doc>Returns the given values which can then be assigned to a variables.</doc>
<status status="PASS" start="2024-04-29T12:26:51.864463" elapsed="0.000409"/>
</kw>
<kw name="Create List" owner="BuiltIn">
<msg time="2024-04-29T12:26:51.865318" level="INFO">${allowed_titles} = ['Mr', 'Ms', 'Miss', 'Mrs', 'Madame', 'Monsieur']</msg>
<var>${allowed_titles}</var>
<arg>Mr</arg>
<arg>Ms</arg>
<arg>Miss</arg>
<arg>Mrs</arg>
<arg>Madame</arg>
<arg>Monsieur</arg>
<doc>Returns a list containing given items.</doc>
<status status="PASS" start="2024-04-29T12:26:51.865170" elapsed="0.000171"/>
</kw>
<kw name="List Should Contain Value" owner="Collections">
<msg time="2024-04-29T12:26:51.865811" level="INFO">False</msg>
<arg>${allowed_titles}</arg>
<arg>${name_title}</arg>
<doc>Fails if the ``value`` is not found from ``list``.</doc>
<status status="PASS" start="2024-04-29T12:26:51.865640" elapsed="0.000207"/>
</kw>
<kw name="Set Variable" owner="BuiltIn">
<msg time="2024-04-29T12:26:51.866554" level="INFO">${name_country} = IE</msg>
<var>${name_country}</var>
<arg>${json_data["results"][0]["nat"]}</arg>
<doc>Returns the given values which can then be assigned to a variables.</doc>
<status status="PASS" start="2024-04-29T12:26:51.866174" elapsed="0.000406"/>
</kw>
<kw name="Create List" owner="BuiltIn">
<msg time="2024-04-29T12:26:51.867467" level="INFO">${list_country} = ['AD', 'AE', 'AF', 'AG', 'AI', 'AL', 'AM', 'AO', 'AQ', 'AR', 'AS', 'AT', 'AU', 'AW', 'AX', 'AZ', 'BA', 'BB', 'BD', 'BE', 'BF', 'BG', 'BH', 'BI', 'BJ', 'BL', 'BM', 'BN', 'BO', 'BQ', 'BR', 'BS', 'BT', '...</msg>
<var>${list_country}</var>
<arg>AD</arg>
<arg>AE</arg>
<arg>AF</arg>
<arg>AG</arg>
<arg>AI</arg>
<arg>AL</arg>
<arg>AM</arg>
<arg>AO</arg>
<arg>AQ</arg>
<arg>AR</arg>
<arg>AS</arg>
<arg>AT</arg>
<arg>AU</arg>
<arg>AW</arg>
<arg>AX</arg>
<arg>AZ</arg>
<arg>BA</arg>
<arg>BB</arg>
<arg>BD</arg>
<arg>BE</arg>
<arg>BF</arg>
<arg>BG</arg>
<arg>BH</arg>
<arg>BI</arg>
<arg>BJ</arg>
<arg>BL</arg>
<arg>BM</arg>
<arg>BN</arg>
<arg>BO</arg>
<arg>BQ</arg>
<arg>BR</arg>
<arg>BS</arg>
<arg>BT</arg>
<arg>BV</arg>
<arg>BW</arg>
<arg>BY</arg>
<arg>BZ</arg>
<arg>CA</arg>
<arg>CC</arg>
<arg>CD</arg>
<arg>CF</arg>
<arg>CG</arg>
<arg>CH</arg>
<arg>CI</arg>
<arg>CK</arg>
<arg>CL</arg>
<arg>CM</arg>
<arg>CN</arg>
<arg>CO</arg>
<arg>CR</arg>
<arg>CU</arg>
<arg>CV</arg>
<arg>CW</arg>
<arg>CX</arg>
<arg>CY</arg>
<arg>CZ</arg>
<arg>DE</arg>
<arg>DJ</arg>
<arg>DK</arg>
<arg>DM</arg>
<arg>DO</arg>
<arg>DZ</arg>
<arg>EC</arg>
<arg>EE</arg>
<arg>EG</arg>
<arg>EH</arg>
<arg>ER</arg>
<arg>ES</arg>
<arg>ET</arg>
<arg>FI</arg>
<arg>FJ</arg>
<arg>FK</arg>
<arg>FM</arg>
<arg>FO</arg>
<arg>FR</arg>
<arg>GA</arg>
<arg>GB</arg>
<arg>GD</arg>
<arg>GE</arg>
<arg>GF</arg>
<arg>GG</arg>
<arg>GH</arg>
<arg>GI</arg>
<arg>GL</arg>
<arg>GM</arg>
<arg>GN</arg>
<arg>GP</arg>
<arg>GQ</arg>
<arg>GR</arg>
<arg>GS</arg>
<arg>GT</arg>
<arg>GU</arg>
<arg>GW</arg>
<arg>GY</arg>
<arg>HK</arg>
<arg>HM</arg>
<arg>HN</arg>
<arg>HR</arg>
<arg>HT</arg>
<arg>HU</arg>
<arg>ID</arg>
<arg>IE</arg>
<arg>IL</arg>
<arg>IM</arg>
<arg>IN</arg>
<arg>IO</arg>
<arg>IQ</arg>
<arg>IR</arg>
<arg>IS</arg>
<arg>IT</arg>
<arg>JE</arg>
<arg>JM</arg>
<arg>JO</arg>
<arg>JP</arg>
<arg>KE</arg>
<arg>KG</arg>
<arg>KH</arg>
<arg>KI</arg>
<arg>KM</arg>
<arg>KN</arg>
<arg>KP</arg>
<arg>KR</arg>
<arg>KW</arg>
<arg>KY</arg>
<arg>KZ</arg>
<arg>LA</arg>
<arg>LB</arg>
<arg>LC</arg>
<arg>LI</arg>
<arg>LK</arg>
<arg>LR</arg>
<arg>LS</arg>
<arg>LT</arg>
<arg>LU</arg>
<arg>LV</arg>
<arg>LY</arg>
<arg>MA</arg>
<arg>MC</arg>
<arg>MD</arg>
<arg>ME</arg>
<arg>MF</arg>
<arg>MG</arg>
<arg>MH</arg>
<arg>MK</arg>
<arg>ML</arg>
<arg>MM</arg>
<arg>MN</arg>
<arg>MO</arg>
<arg>MP</arg>
<arg>MQ</arg>
<arg>MR</arg>
<arg>MS</arg>
<arg>MT</arg>
<arg>MU</arg>
<arg>MV</arg>
<arg>MW</arg>
<arg>MX</arg>
<arg>MY</arg>
<arg>MZ</arg>
<arg>NA</arg>
<arg>NC</arg>
<arg>NE</arg>
<arg>NF</arg>
<arg>NG</arg>
<arg>NI</arg>
<arg>NL</arg>
<arg>NO</arg>
<arg>NP</arg>
<arg>NR</arg>
<arg>NU</arg>
<arg>NZ</arg>
<arg>OM</arg>
<arg>PA</arg>
<arg>PE</arg>
<arg>PF</arg>
<arg>PG</arg>
<arg>PH</arg>
<arg>PK</arg>
<arg>PL</arg>
<arg>PM</arg>
<arg>PN</arg>
<arg>PR</arg>
<arg>PS</arg>
<arg>PT</arg>
<arg>PW</arg>
<arg>PY</arg>
<arg>QA</arg>
<arg>RE</arg>
<arg>RO</arg>
<arg>RS</arg>
<arg>RU</arg>
<arg>RW</arg>
<arg>SA</arg>
<arg>SB</arg>
<arg>SC</arg>
<arg>SD</arg>
<arg>SE</arg>
<arg>SG</arg>
<arg>SH</arg>
<arg>SI</arg>
<arg>SJ</arg>
<arg>SK</arg>
<arg>SL</arg>
<arg>SM</arg>
<arg>SN</arg>
<arg>SO</arg>
<arg>SR</arg>
<arg>SS</arg>
<arg>ST</arg>
<arg>SV</arg>
<arg>SX</arg>
<arg>SY</arg>
<arg>SZ</arg>
<arg>TC</arg>
<arg>TD</arg>
<arg>TF</arg>
<arg>TG</arg>
<arg>TH</arg>
<arg>TJ</arg>
<arg>TK</arg>
<arg>TL</arg>
<arg>TM</arg>
<arg>TN</arg>
<arg>TO</arg>
<arg>TR</arg>
<arg>TT</arg>
<arg>TV</arg>
<arg>TW</arg>
<arg>TZ</arg>
<arg>UA</arg>
<arg>UG</arg>
<arg>UM</arg>
<arg>US</arg>
<arg>UY</arg>
<arg>UZ</arg>
<arg>VA</arg>
<arg>VC</arg>
<arg>VE</arg>
<arg>VG</arg>
<arg>VI</arg>
<arg>VN</arg>
<arg>VU</arg>
<arg>WF</arg>
<arg>WS</arg>
<arg>XK</arg>
<arg>YE</arg>
<arg>YT</arg>
<arg>ZA</arg>
<arg>ZM</arg>
<arg>ZW</arg>
<doc>Returns a list containing given items.</doc>
<status status="PASS" start="2024-04-29T12:26:51.866880" elapsed="0.000612"/>
</kw>
<kw name="List Should Contain Value" owner="Collections">
<msg time="2024-04-29T12:26:51.868489" level="INFO">False</msg>
<arg>${list_country}</arg>
<arg>${name_country}</arg>
<doc>Fails if the ``value`` is not found from ``list``.</doc>
<status status="PASS" start="2024-04-29T12:26:51.868291" elapsed="0.000235"/>
</kw>
<kw name="Run Keyword If" owner="BuiltIn">
<kw name="Should Be True" owner="BuiltIn">
<arg>${True}</arg>
<doc>Fails if the given condition is not true.</doc>
<status status="PASS" start="2024-04-29T12:26:51.869588" elapsed="0.000142"/>
</kw>
<arg>${json_data["results"][0]["location"]["coordinates"]["latitude"]} &gt;= -90 and ${json_data["results"][0]["location"]["coordinates"]["latitude"]} &lt;= 90</arg>
<arg>Should Be True</arg>
<arg>${True}</arg>
<doc>Runs the given keyword with the given arguments, if ``condition`` is true.</doc>
<status status="PASS" start="2024-04-29T12:26:51.868840" elapsed="0.001017"/>
</kw>
<kw name="Run Keyword If" owner="BuiltIn">
<kw name="Should Be True" owner="BuiltIn">
<arg>${True}</arg>
<doc>Fails if the given condition is not true.</doc>
<status status="PASS" start="2024-04-29T12:26:51.870771" elapsed="0.000248"/>
</kw>
<arg>${json_data["results"][0]["location"]["coordinates"]["longitude"]} &gt;= -180 and ${json_data["results"][0]["location"]["coordinates"]["longitude"]} &lt;= 180</arg>
<arg>Should Be True</arg>
<arg>${True}</arg>
<doc>Runs the given keyword with the given arguments, if ``condition`` is true.</doc>
<status status="PASS" start="2024-04-29T12:26:51.870065" elapsed="0.001078"/>
</kw>
<status status="PASS" start="2024-04-29T12:26:51.764370" elapsed="0.106906"/>
</kw>
<doc>Testa o conteúdo específico dos campos retornados pela API.</doc>
<tag>testeConteudo</tag>
<status status="PASS" start="2024-04-29T12:26:51.763670" elapsed="0.107756"/>
</test>
<status status="PASS" start="2024-04-29T12:26:50.950797" elapsed="0.922609"/>
</suite>
<status status="PASS" start="2024-04-29T12:26:50.937236" elapsed="0.941339"/>
</suite>
<statistics>
<total>
<stat pass="5" fail="0" skip="0">All Tests</stat>
</total>
<tag>
<stat pass="1" fail="0" skip="0">testeConteudo</stat>
<stat pass="1" fail="0" skip="0">testeEstruturaResposta</stat>
<stat pass="1" fail="0" skip="0">testeRequisicaoBasica</stat>
<stat pass="1" fail="0" skip="0">testeTiposDados</stat>
</tag>
<suite>
<stat pass="5" fail="0" skip="0" id="s1" name="Tests">Tests</stat>
<stat pass="5" fail="0" skip="0" id="s1-s1" name="Random-User-Test">Tests.Random-User-Test</stat>
</suite>
</statistics>
<errors>
</errors>
</robot>
