<?xml version="1.0" encoding="UTF-8"?>
<robot generator="Robot 7.0 (Python 3.12.3 on linux)" generated="2024-06-09T20:16:38.471207" rpa="false" schemaversion="5">
<suite id="s1" name="Tests" source="/home/runner/work/ApiRandomUser/ApiRandomUser/RamdonUser/tests">
<suite id="s1-s1" name="Random-User-Test" source="/home/runner/work/ApiRandomUser/ApiRandomUser/RamdonUser/tests/random-user-test.robot">
<test id="s1-s1-t1" name="Conectar" line="13">
<kw name="Conectar API" owner="random-user-service">
<kw name="Create Session" owner="RequestsLibrary">
<msg time="2024-06-09T20:16:38.854311" level="INFO">Creating Session using : alias=consultarAPI, url=https://randomuser.me/, headers={},                     cookies={}, auth=None, timeout=None, proxies=None, verify=False,                     debug=0 </msg>
<arg>consultarAPI</arg>
<arg>${URL}</arg>
<doc>Create Session: create a HTTP session to a server</doc>
<status status="PASS" start="2024-06-09T20:16:38.854093" elapsed="0.000387"/>
</kw>
<status status="PASS" start="2024-06-09T20:16:38.853078" elapsed="0.001760"/>
</kw>
<status status="PASS" start="2024-06-09T20:16:38.852484" elapsed="0.002549"/>
</test>
<test id="s1-s1-t2" name="Validar retorno 200 e JSON Válido" line="16">
<kw name="Teste de Requisicao Basica" owner="random-user-service">
<kw name="GET On Session" owner="RequestsLibrary">
<msg time="2024-06-09T20:16:40.104598" level="INFO">GET Request : url=https://randomuser.me/api 
 path_url=/api 
 headers={'User-Agent': 'python-requests/2.32.3', 'Accept-Encoding': 'gzip, deflate', 'Accept': '*/*', 'Connection': 'keep-alive'} 
 body=None 
 </msg>
<msg time="2024-06-09T20:16:40.104746" level="INFO">GET Response : url=https://randomuser.me/api 
 status=200, reason=OK 
 headers={'Date': 'Sun, 09 Jun 2024 20:16:40 GMT', 'Content-Type': 'application/json; charset=utf-8', 'Transfer-Encoding': 'chunked', 'Connection': 'keep-alive', 'X-Powered-By': 'Express', 'Access-Control-Allow-Origin': '*', 'Cache-Control': 'no-cache', 'ETag': 'W/"47d-wDh3aWdbe/Mk3jCSfDOWLfoltNM"', 'Vary': 'Accept-Encoding', 'Content-Encoding': 'gzip', 'CF-Cache-Status': 'DYNAMIC', 'Report-To': '{"endpoints":[{"url":"https:\\/\\/a.nel.cloudflare.com\\/report\\/v4?s=R%2FKHEDQx%2FFs5l2BhDPnvF61ocQiVnXLW8b6dxas8oFEN5RrZ%2F3jGxm98DEQs0TO%2BcOp3gcHTEIAwZDVA5VpeIJNTOdY%2Fwb%2F3meM5mkNuOXyvJsaio4xv24zfUuwtXLlW"}],"group":"cf-nel","max_age":604800}', 'NEL': '{"success_fraction":0,"report_to":"cf-nel","max_age":604800}', 'Server': 'cloudflare', 'CF-RAY': '8913ccf31c1c631e-ORD', 'alt-svc': 'h3=":443"; ma=86400'} 
 body={"results":[{"gender":"female","name":{"title":"Ms","first":"Ava","last":"Johnson"},"location":{"street":{"number":6593,"name":"Coastal Highway"},"city":"Fauquier","state":"New Brunswick","country":"Canada","postcode":"D9I 9U0","coordinates":{"latitude":"-65.0102","longitude":"162.3332"},"timezone":{"offset":"+3:30","description":"Tehran"}},"email":"ava.johnson@example.com","login":{"uuid":"36f9a453-b9dc-4bb2-a2c2-fcc9727e7f00","username":"blackzebra811","password":"sf49ers","salt":"M2YURlyi","md5":"030836c8e1edf69db5ebaec717ee7a07","sha1":"0f5a55c8381b5a84e06619668d08c51e263fe3ca","sha256":"9983fc13a7d4fce428fd10dc96bd61a56824a8b4e2ce3398e48a466c27b68cfd"},"dob":{"date":"1989-05-30T02:34:15.185Z","age":35},"registered":{"date":"2013-10-15T23:50:07.226Z","age":10},"phone":"E48 L90-0356","cell":"X75 L56-9164","id":{"name":"SIN","value":"484061023"},"picture":{"large":"https://randomuser.me/api/portraits/women/44.jpg","medium":"https://randomuser.me/api/portraits/med/women/44.jpg","thumbnail":"https://randomuser.me/api/portraits/thumb/women/44.jpg"},"nat":"CA"}],"info":{"seed":"c825f8c484169be5","results":1,"page":1,"version":"1.4"}} 
 </msg>
<msg time="2024-06-09T20:16:40.104825" level="INFO">/opt/hostedtoolcache/Python/3.12.3/x64/lib/python3.12/site-packages/urllib3/connectionpool.py:1103: InsecureRequestWarning: Unverified HTTPS request is being made to host 'randomuser.me'. Adding certificate verification is strongly advised. See: https://urllib3.readthedocs.io/en/latest/advanced-usage.html#tls-warnings
  warnings.warn(</msg>
<msg time="2024-06-09T20:16:40.104968" level="INFO">${response} = &lt;Response [200]&gt;</msg>
<var>${response}</var>
<arg>consultarAPI</arg>
<arg>/api</arg>
<doc>Sends a GET request on a previously created HTTP Session.</doc>
<status status="PASS" start="2024-06-09T20:16:38.857650" elapsed="1.247357"/>
</kw>
<kw name="Should Be Equal As Numbers" owner="BuiltIn">
<msg time="2024-06-09T20:16:40.106113" level="INFO">Argument types are:
&lt;class 'int'&gt;
&lt;class 'str'&gt;</msg>
<arg>${response.status_code}</arg>
<arg>200</arg>
<doc>Fails if objects are unequal after converting them to real numbers.</doc>
<status status="PASS" start="2024-06-09T20:16:40.105637" elapsed="0.000542"/>
</kw>
<kw name="Log" owner="BuiltIn">
<msg time="2024-06-09T20:16:40.106843" level="INFO">200</msg>
<arg>${response.status_code}</arg>
<doc>Logs the given message with the given level.</doc>
<status status="PASS" start="2024-06-09T20:16:40.106497" elapsed="0.000392"/>
</kw>
<kw name="Set Variable" owner="BuiltIn">
<msg time="2024-06-09T20:16:40.107624" level="INFO">${json_data} = {'results': [{'gender': 'female', 'name': {'title': 'Ms', 'first': 'Ava', 'last': 'Johnson'}, 'location': {'street': {'number': 6593, 'name': 'Coastal Highway'}, 'city': 'Fauquier', 'state': 'New Brun...</msg>
<var>${json_data}</var>
<arg>${response.json()}</arg>
<doc>Returns the given values which can then be assigned to a variables.</doc>
<status status="PASS" start="2024-06-09T20:16:40.107195" elapsed="0.000459"/>
</kw>
<kw name="Dictionary Should Contain Key" owner="Collections">
<msg time="2024-06-09T20:16:40.108158" level="INFO">False</msg>
<arg>${json_data}</arg>
<arg>results</arg>
<doc>Fails if ``key`` is not found from ``dictionary``.</doc>
<status status="PASS" start="2024-06-09T20:16:40.107989" elapsed="0.000363"/>
</kw>
<status status="PASS" start="2024-06-09T20:16:38.857408" elapsed="1.251210"/>
</kw>
<doc>Testa se a API responde corretamente e retorna um objeto JSON válido.</doc>
<tag>testeRequisicaoBasica</tag>
<status status="PASS" start="2024-06-09T20:16:38.856968" elapsed="1.251827"/>
</test>
<test id="s1-s1-t3" name="Validar estrutura de resposta" line="22">
<kw name="Teste de Estrutura de Resposta" owner="random-user-service">
<kw name="GET On Session" owner="RequestsLibrary">
<msg time="2024-06-09T20:16:40.239567" level="INFO">GET Request : url=https://randomuser.me/api 
 path_url=/api 
 headers={'User-Agent': 'python-requests/2.32.3', 'Accept-Encoding': 'gzip, deflate', 'Accept': '*/*', 'Connection': 'keep-alive'} 
 body=None 
 </msg>
<msg time="2024-06-09T20:16:40.239632" level="INFO">GET Response : url=https://randomuser.me/api 
 status=200, reason=OK 
 headers={'Date': 'Sun, 09 Jun 2024 20:16:40 GMT', 'Content-Type': 'application/json; charset=utf-8', 'Transfer-Encoding': 'chunked', 'Connection': 'keep-alive', 'X-Powered-By': 'Express', 'Access-Control-Allow-Origin': '*', 'Cache-Control': 'no-cache', 'ETag': 'W/"499-RsHl+8G4RbKYrsp+al19wKfcMZI"', 'Vary': 'Accept-Encoding', 'Content-Encoding': 'gzip', 'CF-Cache-Status': 'DYNAMIC', 'Report-To': '{"endpoints":[{"url":"https:\\/\\/a.nel.cloudflare.com\\/report\\/v4?s=9Wnkbg4u1Q3fhgSGndNb2ifANtMEC5l0ZslD3dC7x6VfNjTX%2Bd9gHaqOR60qUCb3dip1LNKbV1RJBfqcS%2BJXdF%2F6n7qDTKEyUSMoOPvYDn%2FJj1M%2B%2FmPBQvdsLX3PJ%2B3T"}],"group":"cf-nel","max_age":604800}', 'NEL': '{"success_fraction":0,"report_to":"cf-nel","max_age":604800}', 'Server': 'cloudflare', 'CF-RAY': '8913ccfabc7a631e-ORD', 'alt-svc': 'h3=":443"; ma=86400'} 
 body={"results":[{"gender":"female","name":{"title":"Ms","first":"Ingetraut","last":"Siegmund"},"location":{"street":{"number":8308,"name":"Ahornweg"},"city":"Dargun","state":"Bayern","country":"Germany","postcode":19794,"coordinates":{"latitude":"-49.5086","longitude":"57.4200"},"timezone":{"offset":"+9:00","description":"Tokyo, Seoul, Osaka, Sapporo, Yakutsk"}},"email":"ingetraut.siegmund@example.com","login":{"uuid":"7dbed021-12d4-47f4-81e1-69ad632884ba","username":"biggorilla628","password":"tang","salt":"i1tD9sFh","md5":"9d37659dd426366a7a4d08076cd20375","sha1":"bf4ac503fe2756cdf3b691a88d76c9cdf7035b08","sha256":"f1cb3cc73bdc83299bf332fad136988bd6e7306215aa583d14eb97ddd9f36be9"},"dob":{"date":"1983-03-26T07:20:21.996Z","age":41},"registered":{"date":"2019-04-06T08:38:25.857Z","age":5},"phone":"0215-5276188","cell":"0175-1744208","id":{"name":"SVNR","value":"20 260383 S 791"},"picture":{"large":"https://randomuser.me/api/portraits/women/36.jpg","medium":"https://randomuser.me/api/portraits/med/women/36.jpg","thumbnail":"https://randomuser.me/api/portraits/thumb/women/36.jpg"},"nat":"DE"}],"info":{"seed":"d6c5f6ee103f198d","results":1,"page":1,"version":"1.4"}} 
 </msg>
<msg time="2024-06-09T20:16:40.239726" level="INFO">/opt/hostedtoolcache/Python/3.12.3/x64/lib/python3.12/site-packages/urllib3/connectionpool.py:1103: InsecureRequestWarning: Unverified HTTPS request is being made to host 'randomuser.me'. Adding certificate verification is strongly advised. See: https://urllib3.readthedocs.io/en/latest/advanced-usage.html#tls-warnings
  warnings.warn(</msg>
<msg time="2024-06-09T20:16:40.239818" level="INFO">${response} = &lt;Response [200]&gt;</msg>
<var>${response}</var>
<arg>consultarAPI</arg>
<arg>/api</arg>
<doc>Sends a GET request on a previously created HTTP Session.</doc>
<status status="PASS" start="2024-06-09T20:16:40.111428" elapsed="0.128452"/>
</kw>
<kw name="Set Variable" owner="BuiltIn">
<msg time="2024-06-09T20:16:40.240883" level="INFO">${json_data} = {'results': [{'gender': 'female', 'name': {'title': 'Ms', 'first': 'Ingetraut', 'last': 'Siegmund'}, 'location': {'street': {'number': 8308, 'name': 'Ahornweg'}, 'city': 'Dargun', 'state': 'Bayern', '...</msg>
<var>${json_data}</var>
<arg>${response.json()}</arg>
<doc>Returns the given values which can then be assigned to a variables.</doc>
<status status="PASS" start="2024-06-09T20:16:40.240335" elapsed="0.000577"/>
</kw>
<kw name="Log" owner="BuiltIn">
<msg time="2024-06-09T20:16:40.241375" level="INFO">{'results': [{'gender': 'female', 'name': {'title': 'Ms', 'first': 'Ingetraut', 'last': 'Siegmund'}, 'location': {'street': {'number': 8308, 'name': 'Ahornweg'}, 'city': 'Dargun', 'state': 'Bayern', 'country': 'Germany', 'postcode': 19794, 'coordinates': {'latitude': '-49.5086', 'longitude': '57.4200'}, 'timezone': {'offset': '+9:00', 'description': 'Tokyo, Seoul, Osaka, Sapporo, Yakutsk'}}, 'email': 'ingetraut.siegmund@example.com', 'login': {'uuid': '7dbed021-12d4-47f4-81e1-69ad632884ba', 'username': 'biggorilla628', 'password': 'tang', 'salt': 'i1tD9sFh', 'md5': '9d37659dd426366a7a4d08076cd20375', 'sha1': 'bf4ac503fe2756cdf3b691a88d76c9cdf7035b08', 'sha256': 'f1cb3cc73bdc83299bf332fad136988bd6e7306215aa583d14eb97ddd9f36be9'}, 'dob': {'date': '1983-03-26T07:20:21.996Z', 'age': 41}, 'registered': {'date': '2019-04-06T08:38:25.857Z', 'age': 5}, 'phone': '0215-5276188', 'cell': '0175-1744208', 'id': {'name': 'SVNR', 'value': '20 260383 S 791'}, 'picture': {'large': 'https://randomuser.me/api/portraits/women/36.jpg', 'medium': 'https://randomuser.me/api/portraits/med/women/36.jpg', 'thumbnail': 'https://randomuser.me/api/portraits/thumb/women/36.jpg'}, 'nat': 'DE'}], 'info': {'seed': 'd6c5f6ee103f198d', 'results': 1, 'page': 1, 'version': '1.4'}}</msg>
<arg>${json_data}</arg>
<doc>Logs the given message with the given level.</doc>
<status status="PASS" start="2024-06-09T20:16:40.241223" elapsed="0.000197"/>
</kw>
<kw name="Dictionary Should Contain Key" owner="Collections">
<msg time="2024-06-09T20:16:40.241885" level="INFO">False</msg>
<arg>${json_data}</arg>
<arg>results</arg>
<doc>Fails if ``key`` is not found from ``dictionary``.</doc>
<status status="PASS" start="2024-06-09T20:16:40.241714" elapsed="0.000208"/>
</kw>
<kw name="Should Not Be Empty" owner="BuiltIn">
<msg time="2024-06-09T20:16:40.242339" level="INFO">Length is 2.</msg>
<arg>${json_data}</arg>
<doc>Verifies that the given item is not empty.</doc>
<status status="PASS" start="2024-06-09T20:16:40.242209" elapsed="0.000168"/>
</kw>
<kw name="Create List" owner="BuiltIn">
<msg time="2024-06-09T20:16:40.242805" level="INFO">${expected_keys} = ['gender', 'name', 'location', 'email', 'login']</msg>
<var>${expected_keys}</var>
<arg>gender</arg>
<arg>name</arg>
<arg>location</arg>
<arg>email</arg>
<arg>login</arg>
<doc>Returns a list containing given items.</doc>
<status status="PASS" start="2024-06-09T20:16:40.242659" elapsed="0.000170"/>
</kw>
<for flavor="IN">
<iter>
<kw name="Dictionary Should Contain Key" owner="Collections">
<msg time="2024-06-09T20:16:40.243789" level="INFO">False</msg>
<arg>${json_data['results'][0]}</arg>
<arg>${key}</arg>
<doc>Fails if ``key`` is not found from ``dictionary``.</doc>
<status status="PASS" start="2024-06-09T20:16:40.243390" elapsed="0.000474"/>
</kw>
<kw name="Log" owner="BuiltIn">
<msg time="2024-06-09T20:16:40.244540" level="INFO">{'gender': 'female', 'name': {'title': 'Ms', 'first': 'Ingetraut', 'last': 'Siegmund'}, 'location': {'street': {'number': 8308, 'name': 'Ahornweg'}, 'city': 'Dargun', 'state': 'Bayern', 'country': 'Germany', 'postcode': 19794, 'coordinates': {'latitude': '-49.5086', 'longitude': '57.4200'}, 'timezone': {'offset': '+9:00', 'description': 'Tokyo, Seoul, Osaka, Sapporo, Yakutsk'}}, 'email': 'ingetraut.siegmund@example.com', 'login': {'uuid': '7dbed021-12d4-47f4-81e1-69ad632884ba', 'username': 'biggorilla628', 'password': 'tang', 'salt': 'i1tD9sFh', 'md5': '9d37659dd426366a7a4d08076cd20375', 'sha1': 'bf4ac503fe2756cdf3b691a88d76c9cdf7035b08', 'sha256': 'f1cb3cc73bdc83299bf332fad136988bd6e7306215aa583d14eb97ddd9f36be9'}, 'dob': {'date': '1983-03-26T07:20:21.996Z', 'age': 41}, 'registered': {'date': '2019-04-06T08:38:25.857Z', 'age': 5}, 'phone': '0215-5276188', 'cell': '0175-1744208', 'id': {'name': 'SVNR', 'value': '20 260383 S 791'}, 'picture': {'large': 'https://randomuser.me/api/portraits/women/36.jpg', 'medium': 'https://randomuser.me/api/portraits/med/women/36.jpg', 'thumbnail': 'https://randomuser.me/api/portraits/thumb/women/36.jpg'}, 'nat': 'DE'}</msg>
<arg>${json_data['results'][0]}</arg>
<doc>Logs the given message with the given level.</doc>
<status status="PASS" start="2024-06-09T20:16:40.244178" elapsed="0.000409"/>
</kw>
<kw name="Log" owner="BuiltIn">
<msg time="2024-06-09T20:16:40.245011" level="INFO">gender</msg>
<arg>${key}</arg>
<doc>Logs the given message with the given level.</doc>
<status status="PASS" start="2024-06-09T20:16:40.244885" elapsed="0.000163"/>
</kw>
<var name="${key}">gender</var>
<status status="PASS" start="2024-06-09T20:16:40.243268" elapsed="0.002006"/>
</iter>
<iter>
<kw name="Dictionary Should Contain Key" owner="Collections">
<msg time="2024-06-09T20:16:40.245953" level="INFO">False</msg>
<arg>${json_data['results'][0]}</arg>
<arg>${key}</arg>
<doc>Fails if ``key`` is not found from ``dictionary``.</doc>
<status status="PASS" start="2024-06-09T20:16:40.245570" elapsed="0.000420"/>
</kw>
<kw name="Log" owner="BuiltIn">
<msg time="2024-06-09T20:16:40.246662" level="INFO">{'gender': 'female', 'name': {'title': 'Ms', 'first': 'Ingetraut', 'last': 'Siegmund'}, 'location': {'street': {'number': 8308, 'name': 'Ahornweg'}, 'city': 'Dargun', 'state': 'Bayern', 'country': 'Germany', 'postcode': 19794, 'coordinates': {'latitude': '-49.5086', 'longitude': '57.4200'}, 'timezone': {'offset': '+9:00', 'description': 'Tokyo, Seoul, Osaka, Sapporo, Yakutsk'}}, 'email': 'ingetraut.siegmund@example.com', 'login': {'uuid': '7dbed021-12d4-47f4-81e1-69ad632884ba', 'username': 'biggorilla628', 'password': 'tang', 'salt': 'i1tD9sFh', 'md5': '9d37659dd426366a7a4d08076cd20375', 'sha1': 'bf4ac503fe2756cdf3b691a88d76c9cdf7035b08', 'sha256': 'f1cb3cc73bdc83299bf332fad136988bd6e7306215aa583d14eb97ddd9f36be9'}, 'dob': {'date': '1983-03-26T07:20:21.996Z', 'age': 41}, 'registered': {'date': '2019-04-06T08:38:25.857Z', 'age': 5}, 'phone': '0215-5276188', 'cell': '0175-1744208', 'id': {'name': 'SVNR', 'value': '20 260383 S 791'}, 'picture': {'large': 'https://randomuser.me/api/portraits/women/36.jpg', 'medium': 'https://randomuser.me/api/portraits/med/women/36.jpg', 'thumbnail': 'https://randomuser.me/api/portraits/thumb/women/36.jpg'}, 'nat': 'DE'}</msg>
<arg>${json_data['results'][0]}</arg>
<doc>Logs the given message with the given level.</doc>
<status status="PASS" start="2024-06-09T20:16:40.246307" elapsed="0.000412"/>
</kw>
<kw name="Log" owner="BuiltIn">
<msg time="2024-06-09T20:16:40.247134" level="INFO">name</msg>
<arg>${key}</arg>
<doc>Logs the given message with the given level.</doc>
<status status="PASS" start="2024-06-09T20:16:40.247010" elapsed="0.000160"/>
</kw>
<var name="${key}">name</var>
<status status="PASS" start="2024-06-09T20:16:40.245457" elapsed="0.001932"/>
</iter>
<iter>
<kw name="Dictionary Should Contain Key" owner="Collections">
<msg time="2024-06-09T20:16:40.248079" level="INFO">False</msg>
<arg>${json_data['results'][0]}</arg>
<arg>${key}</arg>
<doc>Fails if ``key`` is not found from ``dictionary``.</doc>
<status status="PASS" start="2024-06-09T20:16:40.247677" elapsed="0.000440"/>
</kw>
<kw name="Log" owner="BuiltIn">
<msg time="2024-06-09T20:16:40.248775" level="INFO">{'gender': 'female', 'name': {'title': 'Ms', 'first': 'Ingetraut', 'last': 'Siegmund'}, 'location': {'street': {'number': 8308, 'name': 'Ahornweg'}, 'city': 'Dargun', 'state': 'Bayern', 'country': 'Germany', 'postcode': 19794, 'coordinates': {'latitude': '-49.5086', 'longitude': '57.4200'}, 'timezone': {'offset': '+9:00', 'description': 'Tokyo, Seoul, Osaka, Sapporo, Yakutsk'}}, 'email': 'ingetraut.siegmund@example.com', 'login': {'uuid': '7dbed021-12d4-47f4-81e1-69ad632884ba', 'username': 'biggorilla628', 'password': 'tang', 'salt': 'i1tD9sFh', 'md5': '9d37659dd426366a7a4d08076cd20375', 'sha1': 'bf4ac503fe2756cdf3b691a88d76c9cdf7035b08', 'sha256': 'f1cb3cc73bdc83299bf332fad136988bd6e7306215aa583d14eb97ddd9f36be9'}, 'dob': {'date': '1983-03-26T07:20:21.996Z', 'age': 41}, 'registered': {'date': '2019-04-06T08:38:25.857Z', 'age': 5}, 'phone': '0215-5276188', 'cell': '0175-1744208', 'id': {'name': 'SVNR', 'value': '20 260383 S 791'}, 'picture': {'large': 'https://randomuser.me/api/portraits/women/36.jpg', 'medium': 'https://randomuser.me/api/portraits/med/women/36.jpg', 'thumbnail': 'https://randomuser.me/api/portraits/thumb/women/36.jpg'}, 'nat': 'DE'}</msg>
<arg>${json_data['results'][0]}</arg>
<doc>Logs the given message with the given level.</doc>
<status status="PASS" start="2024-06-09T20:16:40.248417" elapsed="0.000406"/>
</kw>
<kw name="Log" owner="BuiltIn">
<msg time="2024-06-09T20:16:40.249238" level="INFO">location</msg>
<arg>${key}</arg>
<doc>Logs the given message with the given level.</doc>
<status status="PASS" start="2024-06-09T20:16:40.249115" elapsed="0.000160"/>
</kw>
<var name="${key}">location</var>
<status status="PASS" start="2024-06-09T20:16:40.247566" elapsed="0.001920"/>
</iter>
<iter>
<kw name="Dictionary Should Contain Key" owner="Collections">
<msg time="2024-06-09T20:16:40.250232" level="INFO">False</msg>
<arg>${json_data['results'][0]}</arg>
<arg>${key}</arg>
<doc>Fails if ``key`` is not found from ``dictionary``.</doc>
<status status="PASS" start="2024-06-09T20:16:40.249761" elapsed="0.000509"/>
</kw>
<kw name="Log" owner="BuiltIn">
<msg time="2024-06-09T20:16:40.250929" level="INFO">{'gender': 'female', 'name': {'title': 'Ms', 'first': 'Ingetraut', 'last': 'Siegmund'}, 'location': {'street': {'number': 8308, 'name': 'Ahornweg'}, 'city': 'Dargun', 'state': 'Bayern', 'country': 'Germany', 'postcode': 19794, 'coordinates': {'latitude': '-49.5086', 'longitude': '57.4200'}, 'timezone': {'offset': '+9:00', 'description': 'Tokyo, Seoul, Osaka, Sapporo, Yakutsk'}}, 'email': 'ingetraut.siegmund@example.com', 'login': {'uuid': '7dbed021-12d4-47f4-81e1-69ad632884ba', 'username': 'biggorilla628', 'password': 'tang', 'salt': 'i1tD9sFh', 'md5': '9d37659dd426366a7a4d08076cd20375', 'sha1': 'bf4ac503fe2756cdf3b691a88d76c9cdf7035b08', 'sha256': 'f1cb3cc73bdc83299bf332fad136988bd6e7306215aa583d14eb97ddd9f36be9'}, 'dob': {'date': '1983-03-26T07:20:21.996Z', 'age': 41}, 'registered': {'date': '2019-04-06T08:38:25.857Z', 'age': 5}, 'phone': '0215-5276188', 'cell': '0175-1744208', 'id': {'name': 'SVNR', 'value': '20 260383 S 791'}, 'picture': {'large': 'https://randomuser.me/api/portraits/women/36.jpg', 'medium': 'https://randomuser.me/api/portraits/med/women/36.jpg', 'thumbnail': 'https://randomuser.me/api/portraits/thumb/women/36.jpg'}, 'nat': 'DE'}</msg>
<arg>${json_data['results'][0]}</arg>
<doc>Logs the given message with the given level.</doc>
<status status="PASS" start="2024-06-09T20:16:40.250567" elapsed="0.000409"/>
</kw>
<kw name="Log" owner="BuiltIn">
<msg time="2024-06-09T20:16:40.251391" level="INFO">email</msg>
<arg>${key}</arg>
<doc>Logs the given message with the given level.</doc>
<status status="PASS" start="2024-06-09T20:16:40.251265" elapsed="0.000162"/>
</kw>
<var name="${key}">email</var>
<status status="PASS" start="2024-06-09T20:16:40.249653" elapsed="0.001987"/>
</iter>
<iter>
<kw name="Dictionary Should Contain Key" owner="Collections">
<msg time="2024-06-09T20:16:40.252341" level="INFO">False</msg>
<arg>${json_data['results'][0]}</arg>
<arg>${key}</arg>
<doc>Fails if ``key`` is not found from ``dictionary``.</doc>
<status status="PASS" start="2024-06-09T20:16:40.251957" elapsed="0.000420"/>
</kw>
<kw name="Log" owner="BuiltIn">
<msg time="2024-06-09T20:16:40.253024" level="INFO">{'gender': 'female', 'name': {'title': 'Ms', 'first': 'Ingetraut', 'last': 'Siegmund'}, 'location': {'street': {'number': 8308, 'name': 'Ahornweg'}, 'city': 'Dargun', 'state': 'Bayern', 'country': 'Germany', 'postcode': 19794, 'coordinates': {'latitude': '-49.5086', 'longitude': '57.4200'}, 'timezone': {'offset': '+9:00', 'description': 'Tokyo, Seoul, Osaka, Sapporo, Yakutsk'}}, 'email': 'ingetraut.siegmund@example.com', 'login': {'uuid': '7dbed021-12d4-47f4-81e1-69ad632884ba', 'username': 'biggorilla628', 'password': 'tang', 'salt': 'i1tD9sFh', 'md5': '9d37659dd426366a7a4d08076cd20375', 'sha1': 'bf4ac503fe2756cdf3b691a88d76c9cdf7035b08', 'sha256': 'f1cb3cc73bdc83299bf332fad136988bd6e7306215aa583d14eb97ddd9f36be9'}, 'dob': {'date': '1983-03-26T07:20:21.996Z', 'age': 41}, 'registered': {'date': '2019-04-06T08:38:25.857Z', 'age': 5}, 'phone': '0215-5276188', 'cell': '0175-1744208', 'id': {'name': 'SVNR', 'value': '20 260383 S 791'}, 'picture': {'large': 'https://randomuser.me/api/portraits/women/36.jpg', 'medium': 'https://randomuser.me/api/portraits/med/women/36.jpg', 'thumbnail': 'https://randomuser.me/api/portraits/thumb/women/36.jpg'}, 'nat': 'DE'}</msg>
<arg>${json_data['results'][0]}</arg>
<doc>Logs the given message with the given level.</doc>
<status status="PASS" start="2024-06-09T20:16:40.252668" elapsed="0.000402"/>
</kw>
<kw name="Log" owner="BuiltIn">
<msg time="2024-06-09T20:16:40.253487" level="INFO">login</msg>
<arg>${key}</arg>
<doc>Logs the given message with the given level.</doc>
<status status="PASS" start="2024-06-09T20:16:40.253361" elapsed="0.000163"/>
</kw>
<var name="${key}">login</var>
<status status="PASS" start="2024-06-09T20:16:40.251811" elapsed="0.001957"/>
</iter>
<var>${key}</var>
<value>@{expected_keys}</value>
<status status="PASS" start="2024-06-09T20:16:40.243086" elapsed="0.010804"/>
</for>
<kw name="Create List" owner="BuiltIn">
<msg time="2024-06-09T20:16:40.254218" level="INFO">${expected_keysTwo} = ['username', 'password']</msg>
<var>${expected_keysTwo}</var>
<arg>username</arg>
<arg>password</arg>
<doc>Returns a list containing given items.</doc>
<status status="PASS" start="2024-06-09T20:16:40.254081" elapsed="0.000160"/>
</kw>
<for flavor="IN">
<iter>
<kw name="Dictionary Should Contain Key" owner="Collections">
<msg time="2024-06-09T20:16:40.255106" level="INFO">False</msg>
<arg>${json_data['results'][0]['login']}</arg>
<arg>${keyTwo}</arg>
<doc>Fails if ``key`` is not found from ``dictionary``.</doc>
<status status="PASS" start="2024-06-09T20:16:40.254733" elapsed="0.000409"/>
</kw>
<kw name="Dictionary Should Contain Key" owner="Collections">
<msg time="2024-06-09T20:16:40.255811" level="INFO">False</msg>
<arg>${json_data['results'][0]['login']}</arg>
<arg>${keyTwo}</arg>
<doc>Fails if ``key`` is not found from ``dictionary``.</doc>
<status status="PASS" start="2024-06-09T20:16:40.255435" elapsed="0.000436"/>
</kw>
<kw name="Log" owner="BuiltIn">
<msg time="2024-06-09T20:16:40.256291" level="INFO">username</msg>
<arg>${keyTwo}</arg>
<doc>Logs the given message with the given level.</doc>
<status status="PASS" start="2024-06-09T20:16:40.256164" elapsed="0.000163"/>
</kw>
<var name="${keyTwo}">username</var>
<status status="PASS" start="2024-06-09T20:16:40.254625" elapsed="0.001916"/>
</iter>
<iter>
<kw name="Dictionary Should Contain Key" owner="Collections">
<msg time="2024-06-09T20:16:40.257207" level="INFO">False</msg>
<arg>${json_data['results'][0]['login']}</arg>
<arg>${keyTwo}</arg>
<doc>Fails if ``key`` is not found from ``dictionary``.</doc>
<status status="PASS" start="2024-06-09T20:16:40.256823" elapsed="0.000421"/>
</kw>
<kw name="Dictionary Should Contain Key" owner="Collections">
<msg time="2024-06-09T20:16:40.257949" level="INFO">False</msg>
<arg>${json_data['results'][0]['login']}</arg>
<arg>${keyTwo}</arg>
<doc>Fails if ``key`` is not found from ``dictionary``.</doc>
<status status="PASS" start="2024-06-09T20:16:40.257537" elapsed="0.000467"/>
</kw>
<kw name="Log" owner="BuiltIn">
<msg time="2024-06-09T20:16:40.258428" level="INFO">password</msg>
<arg>${keyTwo}</arg>
<doc>Logs the given message with the given level.</doc>
<status status="PASS" start="2024-06-09T20:16:40.258300" elapsed="0.000165"/>
</kw>
<var name="${keyTwo}">password</var>
<status status="PASS" start="2024-06-09T20:16:40.256713" elapsed="0.001965"/>
</iter>
<var>${keyTwo}</var>
<value>@{expected_keysTwo}</value>
<status status="PASS" start="2024-06-09T20:16:40.254475" elapsed="0.004320"/>
</for>
<status status="PASS" start="2024-06-09T20:16:40.111189" elapsed="0.147739"/>
</kw>
<doc>Testa a estrutura da resposta da API.</doc>
<tag>testeEstruturaResposta</tag>
<status status="PASS" start="2024-06-09T20:16:40.110586" elapsed="0.148509"/>
</test>
<test id="s1-s1-t4" name="Validar tipos de dados" line="28">
<kw name="Teste de Tipos de Dados" owner="random-user-service">
<kw name="GET On Session" owner="RequestsLibrary">
<msg time="2024-06-09T20:16:40.304568" level="INFO">GET Request : url=https://randomuser.me/api 
 path_url=/api 
 headers={'User-Agent': 'python-requests/2.32.3', 'Accept-Encoding': 'gzip, deflate', 'Accept': '*/*', 'Connection': 'keep-alive'} 
 body=None 
 </msg>
<msg time="2024-06-09T20:16:40.304629" level="INFO">GET Response : url=https://randomuser.me/api 
 status=200, reason=OK 
 headers={'Date': 'Sun, 09 Jun 2024 20:16:40 GMT', 'Content-Type': 'application/json; charset=utf-8', 'Transfer-Encoding': 'chunked', 'Connection': 'keep-alive', 'X-Powered-By': 'Express', 'Access-Control-Allow-Origin': '*', 'Cache-Control': 'no-cache', 'ETag': 'W/"4aa-u7rQ29ukHHFDGobnJI+GVunyXkk"', 'Vary': 'Accept-Encoding', 'Content-Encoding': 'gzip', 'CF-Cache-Status': 'DYNAMIC', 'Report-To': '{"endpoints":[{"url":"https:\\/\\/a.nel.cloudflare.com\\/report\\/v4?s=72VlV3BoHhS43qb8wxe5wcmmxUnjI6Y2zXun%2F8WK3%2FsNIfLI%2FSH7665peY6BAUGCKJG3ucxCTo8T%2Fo%2FXEvyJH%2BH0Iuwd2NPfh7LIYZ1olpzQPUpSKiduFkSiYdmQVxma"}],"group":"cf-nel","max_age":604800}', 'NEL': '{"success_fraction":0,"report_to":"cf-nel","max_age":604800}', 'Server': 'cloudflare', 'CF-RAY': '8913ccfbada6631e-ORD', 'alt-svc': 'h3=":443"; ma=86400'} 
 body={"results":[{"gender":"female","name":{"title":"Miss","first":"Naomi","last":"Santos"},"location":{"street":{"number":4918,"name":"Rua Carlos Gomes"},"city":"Vila Velha","state":"Alagoas","country":"Brazil","postcode":77603,"coordinates":{"latitude":"-74.8642","longitude":"115.8755"},"timezone":{"offset":"0:00","description":"Western Europe Time, London, Lisbon, Casablanca"}},"email":"naomi.santos@example.com","login":{"uuid":"be3672f0-cbe4-45cb-bb6b-cc0768570b42","username":"sadpeacock800","password":"harris","salt":"Q4tuVQ8Q","md5":"223a5a5eba2f5df5b90780734cb31ee2","sha1":"654835c4cf8c2777f83b8eedfa6915082b03cfc5","sha256":"60a03bb54f84febfb7080ba8250a9da9f8d1b79bba9fecf67ef18daeec96cf2f"},"dob":{"date":"1945-09-05T16:25:26.130Z","age":78},"registered":{"date":"2011-12-08T23:30:40.528Z","age":12},"phone":"(53) 4072-1753","cell":"(25) 8593-0746","id":{"name":"CPF","value":"953.779.351-62"},"picture":{"large":"https://randomuser.me/api/portraits/women/40.jpg","medium":"https://randomuser.me/api/portraits/med/women/40.jpg","thumbnail":"https://randomuser.me/api/portraits/thumb/women/40.jpg"},"nat":"BR"}],"info":{"seed":"99b9ceb5e2bec0a3","results":1,"page":1,"version":"1.4"}} 
 </msg>
<msg time="2024-06-09T20:16:40.304684" level="INFO">/opt/hostedtoolcache/Python/3.12.3/x64/lib/python3.12/site-packages/urllib3/connectionpool.py:1103: InsecureRequestWarning: Unverified HTTPS request is being made to host 'randomuser.me'. Adding certificate verification is strongly advised. See: https://urllib3.readthedocs.io/en/latest/advanced-usage.html#tls-warnings
  warnings.warn(</msg>
<msg time="2024-06-09T20:16:40.304766" level="INFO">${response} = &lt;Response [200]&gt;</msg>
<var>${response}</var>
<arg>consultarAPI</arg>
<arg>/api</arg>
<doc>Sends a GET request on a previously created HTTP Session.</doc>
<status status="PASS" start="2024-06-09T20:16:40.261611" elapsed="0.043194"/>
</kw>
<kw name="Set Variable" owner="BuiltIn">
<msg time="2024-06-09T20:16:40.305820" level="INFO">${json_data} = {'results': [{'gender': 'female', 'name': {'title': 'Miss', 'first': 'Naomi', 'last': 'Santos'}, 'location': {'street': {'number': 4918, 'name': 'Rua Carlos Gomes'}, 'city': 'Vila Velha', 'state': 'Al...</msg>
<var>${json_data}</var>
<arg>${response.json()}</arg>
<doc>Returns the given values which can then be assigned to a variables.</doc>
<status status="PASS" start="2024-06-09T20:16:40.305255" elapsed="0.000593"/>
</kw>
<kw name="Log" owner="BuiltIn">
<msg time="2024-06-09T20:16:40.306307" level="INFO">{'results': [{'gender': 'female', 'name': {'title': 'Miss', 'first': 'Naomi', 'last': 'Santos'}, 'location': {'street': {'number': 4918, 'name': 'Rua Carlos Gomes'}, 'city': 'Vila Velha', 'state': 'Alagoas', 'country': 'Brazil', 'postcode': 77603, 'coordinates': {'latitude': '-74.8642', 'longitude': '115.8755'}, 'timezone': {'offset': '0:00', 'description': 'Western Europe Time, London, Lisbon, Casablanca'}}, 'email': 'naomi.santos@example.com', 'login': {'uuid': 'be3672f0-cbe4-45cb-bb6b-cc0768570b42', 'username': 'sadpeacock800', 'password': 'harris', 'salt': 'Q4tuVQ8Q', 'md5': '223a5a5eba2f5df5b90780734cb31ee2', 'sha1': '654835c4cf8c2777f83b8eedfa6915082b03cfc5', 'sha256': '60a03bb54f84febfb7080ba8250a9da9f8d1b79bba9fecf67ef18daeec96cf2f'}, 'dob': {'date': '1945-09-05T16:25:26.130Z', 'age': 78}, 'registered': {'date': '2011-12-08T23:30:40.528Z', 'age': 12}, 'phone': '(53) 4072-1753', 'cell': '(25) 8593-0746', 'id': {'name': 'CPF', 'value': '953.779.351-62'}, 'picture': {'large': 'https://randomuser.me/api/portraits/women/40.jpg', 'medium': 'https://randomuser.me/api/portraits/med/women/40.jpg', 'thumbnail': 'https://randomuser.me/api/portraits/thumb/women/40.jpg'}, 'nat': 'BR'}], 'info': {'seed': '99b9ceb5e2bec0a3', 'results': 1, 'page': 1, 'version': '1.4'}}</msg>
<arg>${json_data}</arg>
<doc>Logs the given message with the given level.</doc>
<status status="PASS" start="2024-06-09T20:16:40.306154" elapsed="0.000230"/>
</kw>
<kw name="Should Be String" owner="String">
<arg>${json_data['results'][0]['gender']}</arg>
<doc>Fails if the given ``item`` is not a string.</doc>
<status status="PASS" start="2024-06-09T20:16:40.306684" elapsed="0.000359"/>
</kw>
<kw name="Should Match Regexp" owner="BuiltIn">
<arg>${json_data['results'][0]['email']}</arg>
<arg>^[a-zA-Z0-9._%+-]+@[a-zA-Z0-9.-]+\.[a-zA-Z]{2,}$</arg>
<doc>Fails if ``string`` does not match ``pattern`` as a regular expression.</doc>
<status status="PASS" start="2024-06-09T20:16:40.307234" elapsed="0.000652"/>
</kw>
<kw name="Should Match Regexp" owner="BuiltIn">
<arg>${json_data['results'][0]['dob']['date']}</arg>
<arg>\\d{4}-\\d{2}-\\d{2}T\\d{2}:\\d{2}:\\d{2}\\.\\d{3}Z</arg>
<doc>Fails if ``string`` does not match ``pattern`` as a regular expression.</doc>
<status status="PASS" start="2024-06-09T20:16:40.308089" elapsed="0.000490"/>
</kw>
<kw name="Should Match Regexp" owner="BuiltIn">
<arg>${json_data['results'][0]['registered']['date']}</arg>
<arg>\\d{4}-\\d{2}-\\d{2}T\\d{2}:\\d{2}:\\d{2}\\.\\d{3}Z</arg>
<doc>Fails if ``string`` does not match ``pattern`` as a regular expression.</doc>
<status status="PASS" start="2024-06-09T20:16:40.308775" elapsed="0.000361"/>
</kw>
<kw name="Should Match Regexp" owner="BuiltIn">
<arg>${json_data['results'][0]['picture']['large']}</arg>
<arg>^https?://.*\.(?:png|jpe?g|gif|bmp)$</arg>
<doc>Fails if ``string`` does not match ``pattern`` as a regular expression.</doc>
<status status="PASS" start="2024-06-09T20:16:40.309322" elapsed="0.000456"/>
</kw>
<kw name="Should Match Regexp" owner="BuiltIn">
<arg>${json_data['results'][0]['picture']['medium']}</arg>
<arg>^https?://.*\.(?:png|jpe?g|gif|bmp)$</arg>
<doc>Fails if ``string`` does not match ``pattern`` as a regular expression.</doc>
<status status="PASS" start="2024-06-09T20:16:40.309967" elapsed="0.000347"/>
</kw>
<kw name="Should Match Regexp" owner="BuiltIn">
<arg>${json_data['results'][0]['picture']['thumbnail']}</arg>
<arg>^https?://.*\.(?:png|jpe?g|gif|bmp)$</arg>
<doc>Fails if ``string`` does not match ``pattern`` as a regular expression.</doc>
<status status="PASS" start="2024-06-09T20:16:40.310499" elapsed="0.000342"/>
</kw>
<kw name="Log" owner="BuiltIn">
<msg time="2024-06-09T20:16:40.311350" level="INFO">{'large': 'https://randomuser.me/api/portraits/women/40.jpg', 'medium': 'https://randomuser.me/api/portraits/med/women/40.jpg', 'thumbnail': 'https://randomuser.me/api/portraits/thumb/women/40.jpg'}</msg>
<arg>${json_data['results'][0]['picture']}</arg>
<doc>Logs the given message with the given level.</doc>
<status status="PASS" start="2024-06-09T20:16:40.311023" elapsed="0.000368"/>
</kw>
<status status="PASS" start="2024-06-09T20:16:40.261384" elapsed="0.050260"/>
</kw>
<kw name="Teste de Tipos de Dados - Postcode" owner="random-user-service">
<kw name="GET On Session" owner="RequestsLibrary">
<msg time="2024-06-09T20:16:40.407362" level="INFO">GET Request : url=https://randomuser.me/api 
 path_url=/api 
 headers={'User-Agent': 'python-requests/2.32.3', 'Accept-Encoding': 'gzip, deflate', 'Accept': '*/*', 'Connection': 'keep-alive'} 
 body=None 
 </msg>
<msg time="2024-06-09T20:16:40.407446" level="INFO">GET Response : url=https://randomuser.me/api 
 status=200, reason=OK 
 headers={'Date': 'Sun, 09 Jun 2024 20:16:40 GMT', 'Content-Type': 'application/json; charset=utf-8', 'Transfer-Encoding': 'chunked', 'Connection': 'keep-alive', 'X-Powered-By': 'Express', 'Access-Control-Allow-Origin': '*', 'Cache-Control': 'no-cache', 'ETag': 'W/"49f-zGEIFCT9mtx/uAwCYglzDIoYObk"', 'Vary': 'Accept-Encoding', 'Content-Encoding': 'gzip', 'CF-Cache-Status': 'DYNAMIC', 'Report-To': '{"endpoints":[{"url":"https:\\/\\/a.nel.cloudflare.com\\/report\\/v4?s=uDU8kW9vDOd1v84KxQeIkGLhVwX4oJiXbfNtuYe%2FDHWNEwQDS1okUDH%2Bjee%2BnyOLMAn4SP3g11RY9CLWc8zqgPd%2B%2BnDo6cW32a1F%2Brd86KebR3Llc%2B2umqKqFOShdeZc"}],"group":"cf-nel","max_age":604800}', 'NEL': '{"success_fraction":0,"report_to":"cf-nel","max_age":604800}', 'Server': 'cloudflare', 'CF-RAY': '8913ccfbfe03631e-ORD', 'alt-svc': 'h3=":443"; ma=86400'} 
 body={"results":[{"gender":"female","name":{"title":"Ms","first":"Kiara","last":"Moulin"},"location":{"street":{"number":6019,"name":"Rue de la Baleine"},"city":"Saint-Étienne","state":"Côtes-D'Armor","country":"France","postcode":72063,"coordinates":{"latitude":"-19.3832","longitude":"15.3766"},"timezone":{"offset":"+7:00","description":"Bangkok, Hanoi, Jakarta"}},"email":"kiara.moulin@example.com","login":{"uuid":"7bfc99d3-bfa8-45bc-abba-b306f12257b3","username":"redpanda287","password":"rampage","salt":"0NGtRWNR","md5":"1d773bfb0ff9a7d5b26b9411dc94c835","sha1":"68f6d28b5920dee608db3cd01c5d5444e04b64fb","sha256":"9af946af88a1af07d497bb7b2a0ad5cfc5324715caccd43487ce35bf0419ae7d"},"dob":{"date":"1946-03-05T03:39:34.555Z","age":78},"registered":{"date":"2009-10-28T10:28:11.198Z","age":14},"phone":"01-11-34-61-07","cell":"06-99-98-28-13","id":{"name":"INSEE","value":"2460275105771 74"},"picture":{"large":"https://randomuser.me/api/portraits/women/91.jpg","medium":"https://randomuser.me/api/portraits/med/women/91.jpg","thumbnail":"https://randomuser.me/api/portraits/thumb/women/91.jpg"},"nat":"FR"}],"info":{"seed":"9e468cdb472c6356","results":1,"page":1,"version":"1.4"}} 
 </msg>
<msg time="2024-06-09T20:16:40.407519" level="INFO">/opt/hostedtoolcache/Python/3.12.3/x64/lib/python3.12/site-packages/urllib3/connectionpool.py:1103: InsecureRequestWarning: Unverified HTTPS request is being made to host 'randomuser.me'. Adding certificate verification is strongly advised. See: https://urllib3.readthedocs.io/en/latest/advanced-usage.html#tls-warnings
  warnings.warn(</msg>
<msg time="2024-06-09T20:16:40.407636" level="INFO">${response} = &lt;Response [200]&gt;</msg>
<var>${response}</var>
<arg>consultarAPI</arg>
<arg>/api</arg>
<doc>Sends a GET request on a previously created HTTP Session.</doc>
<status status="PASS" start="2024-06-09T20:16:40.312099" elapsed="0.095593"/>
</kw>
<kw name="Set Variable" owner="BuiltIn">
<msg time="2024-06-09T20:16:40.408749" level="INFO">${json_data} = {'results': [{'gender': 'female', 'name': {'title': 'Ms', 'first': 'Kiara', 'last': 'Moulin'}, 'location': {'street': {'number': 6019, 'name': 'Rue de la Baleine'}, 'city': 'Saint-Étienne', 'state': "...</msg>
<var>${json_data}</var>
<arg>${response.json()}</arg>
<doc>Returns the given values which can then be assigned to a variables.</doc>
<status status="PASS" start="2024-06-09T20:16:40.408198" elapsed="0.000581"/>
</kw>
<kw name="Log" owner="BuiltIn">
<msg time="2024-06-09T20:16:40.409246" level="INFO">{'results': [{'gender': 'female', 'name': {'title': 'Ms', 'first': 'Kiara', 'last': 'Moulin'}, 'location': {'street': {'number': 6019, 'name': 'Rue de la Baleine'}, 'city': 'Saint-Étienne', 'state': "Côtes-D'Armor", 'country': 'France', 'postcode': 72063, 'coordinates': {'latitude': '-19.3832', 'longitude': '15.3766'}, 'timezone': {'offset': '+7:00', 'description': 'Bangkok, Hanoi, Jakarta'}}, 'email': 'kiara.moulin@example.com', 'login': {'uuid': '7bfc99d3-bfa8-45bc-abba-b306f12257b3', 'username': 'redpanda287', 'password': 'rampage', 'salt': '0NGtRWNR', 'md5': '1d773bfb0ff9a7d5b26b9411dc94c835', 'sha1': '68f6d28b5920dee608db3cd01c5d5444e04b64fb', 'sha256': '9af946af88a1af07d497bb7b2a0ad5cfc5324715caccd43487ce35bf0419ae7d'}, 'dob': {'date': '1946-03-05T03:39:34.555Z', 'age': 78}, 'registered': {'date': '2009-10-28T10:28:11.198Z', 'age': 14}, 'phone': '01-11-34-61-07', 'cell': '06-99-98-28-13', 'id': {'name': 'INSEE', 'value': '2460275105771 74'}, 'picture': {'large': 'https://randomuser.me/api/portraits/women/91.jpg', 'medium': 'https://randomuser.me/api/portraits/med/women/91.jpg', 'thumbnail': 'https://randomuser.me/api/portraits/thumb/women/91.jpg'}, 'nat': 'FR'}], 'info': {'seed': '9e468cdb472c6356', 'results': 1, 'page': 1, 'version': '1.4'}}</msg>
<arg>${json_data}</arg>
<doc>Logs the given message with the given level.</doc>
<status status="PASS" start="2024-06-09T20:16:40.409089" elapsed="0.000235"/>
</kw>
<kw name="Should Be Equal As Numbers" owner="BuiltIn">
<arg>${json_data['results'][0]['location']['postcode']}</arg>
<arg>${json_data['results'][0]['location']['postcode']}</arg>
<doc>Fails if objects are unequal after converting them to real numbers.</doc>
<status status="PASS" start="2024-06-09T20:16:40.409624" elapsed="0.000613"/>
</kw>
<kw name="Log" owner="BuiltIn">
<msg time="2024-06-09T20:16:40.410763" level="INFO">72063</msg>
<arg>${json_data['results'][0]['location']['postcode']}</arg>
<doc>Logs the given message with the given level.</doc>
<status status="PASS" start="2024-06-09T20:16:40.410430" elapsed="0.000375"/>
</kw>
<status status="PASS" start="2024-06-09T20:16:40.311875" elapsed="0.099178"/>
</kw>
<doc>Testa se os tipos de dados na resposta da API estão corretos.</doc>
<tag>testeTiposDados</tag>
<status status="PASS" start="2024-06-09T20:16:40.260861" elapsed="0.150346"/>
</test>
<test id="s1-s1-t5" name="Validar conteudo" line="35">
<kw name="Teste de Tipos de Conteudo" owner="random-user-service">
<kw name="GET On Session" owner="RequestsLibrary">
<msg time="2024-06-09T20:16:40.509700" level="INFO">GET Request : url=https://randomuser.me/api 
 path_url=/api 
 headers={'User-Agent': 'python-requests/2.32.3', 'Accept-Encoding': 'gzip, deflate', 'Accept': '*/*', 'Connection': 'keep-alive'} 
 body=None 
 </msg>
<msg time="2024-06-09T20:16:40.509762" level="INFO">GET Response : url=https://randomuser.me/api 
 status=200, reason=OK 
 headers={'Date': 'Sun, 09 Jun 2024 20:16:40 GMT', 'Content-Type': 'application/json; charset=utf-8', 'Transfer-Encoding': 'chunked', 'Connection': 'keep-alive', 'X-Powered-By': 'Express', 'Access-Control-Allow-Origin': '*', 'Cache-Control': 'no-cache', 'ETag': 'W/"48a-YI01CnZgDvbYDLHuJEYUWrIuf0s"', 'Vary': 'Accept-Encoding', 'Content-Encoding': 'gzip', 'CF-Cache-Status': 'DYNAMIC', 'Report-To': '{"endpoints":[{"url":"https:\\/\\/a.nel.cloudflare.com\\/report\\/v4?s=%2FZyLID%2BK2EPJc4XwgY3OFxZWhvEG1dw9rrYbm95E%2FIbA4XyCR3mFyjEYXao%2Bwzny8hDG1TDMhSewNx5IzSM61PGm5RhZ3x8AgepKkKUoYQaOyVkTJhTWBJbclLor%2BXVV"}],"group":"cf-nel","max_age":604800}', 'NEL': '{"success_fraction":0,"report_to":"cf-nel","max_age":604800}', 'Server': 'cloudflare', 'CF-RAY': '8913ccfc9ea0631e-ORD', 'alt-svc': 'h3=":443"; ma=86400'} 
 body={"results":[{"gender":"male","name":{"title":"Mr","first":"Arnaud","last":"White"},"location":{"street":{"number":2190,"name":"West Ave"},"city":"Carleton","state":"Newfoundland and Labrador","country":"Canada","postcode":"X6S 0O7","coordinates":{"latitude":"-66.3014","longitude":"-152.5712"},"timezone":{"offset":"-11:00","description":"Midway Island, Samoa"}},"email":"arnaud.white@example.com","login":{"uuid":"1e03f24a-68ed-489a-8630-3135c5fb4c69","username":"bluebird274","password":"harmony","salt":"AI6YGMOs","md5":"620b7e8f2adf9bd06794770a9d6361b8","sha1":"4dda962acb6ba6aae1517559d53ad192ed346af4","sha256":"e4f9b2bf57c10d594d5d4a8b274e40f8680d27c7083f4f3fdfc67157fce2f84f"},"dob":{"date":"1951-02-20T06:25:15.726Z","age":73},"registered":{"date":"2006-10-31T18:41:23.225Z","age":17},"phone":"U39 S37-3576","cell":"Q84 Y01-6162","id":{"name":"SIN","value":"578196032"},"picture":{"large":"https://randomuser.me/api/portraits/men/35.jpg","medium":"https://randomuser.me/api/portraits/med/men/35.jpg","thumbnail":"https://randomuser.me/api/portraits/thumb/men/35.jpg"},"nat":"CA"}],"info":{"seed":"3552b94a57048fd7","results":1,"page":1,"version":"1.4"}} 
 </msg>
<msg time="2024-06-09T20:16:40.509814" level="INFO">/opt/hostedtoolcache/Python/3.12.3/x64/lib/python3.12/site-packages/urllib3/connectionpool.py:1103: InsecureRequestWarning: Unverified HTTPS request is being made to host 'randomuser.me'. Adding certificate verification is strongly advised. See: https://urllib3.readthedocs.io/en/latest/advanced-usage.html#tls-warnings
  warnings.warn(</msg>
<msg time="2024-06-09T20:16:40.509903" level="INFO">${response} = &lt;Response [200]&gt;</msg>
<var>${response}</var>
<arg>consultarAPI</arg>
<arg>/api</arg>
<doc>Sends a GET request on a previously created HTTP Session.</doc>
<status status="PASS" start="2024-06-09T20:16:40.413693" elapsed="0.096250"/>
</kw>
<kw name="Set Variable" owner="BuiltIn">
<msg time="2024-06-09T20:16:40.510927" level="INFO">${json_data} = {'results': [{'gender': 'male', 'name': {'title': 'Mr', 'first': 'Arnaud', 'last': 'White'}, 'location': {'street': {'number': 2190, 'name': 'West Ave'}, 'city': 'Carleton', 'state': 'Newfoundland and...</msg>
<var>${json_data}</var>
<arg>${response.json()}</arg>
<doc>Returns the given values which can then be assigned to a variables.</doc>
<status status="PASS" start="2024-06-09T20:16:40.510392" elapsed="0.000563"/>
</kw>
<kw name="Set Variable" owner="BuiltIn">
<msg time="2024-06-09T20:16:40.511638" level="INFO">${name_title} = Mr</msg>
<var>${name_title}</var>
<arg>${json_data["results"][0]["name"]["title"]}</arg>
<doc>Returns the given values which can then be assigned to a variables.</doc>
<status status="PASS" start="2024-06-09T20:16:40.511260" elapsed="0.000403"/>
</kw>
<kw name="Create List" owner="BuiltIn">
<msg time="2024-06-09T20:16:40.512151" level="INFO">${allowed_titles} = ['Mr', 'Ms', 'Miss', 'Mrs', 'Madame', 'Monsieur']</msg>
<var>${allowed_titles}</var>
<arg>Mr</arg>
<arg>Ms</arg>
<arg>Miss</arg>
<arg>Mrs</arg>
<arg>Madame</arg>
<arg>Monsieur</arg>
<doc>Returns a list containing given items.</doc>
<status status="PASS" start="2024-06-09T20:16:40.511998" elapsed="0.000178"/>
</kw>
<kw name="List Should Contain Value" owner="Collections">
<msg time="2024-06-09T20:16:40.512648" level="INFO">False</msg>
<arg>${allowed_titles}</arg>
<arg>${name_title}</arg>
<doc>Fails if the ``value`` is not found from ``list``.</doc>
<status status="PASS" start="2024-06-09T20:16:40.512480" elapsed="0.000204"/>
</kw>
<kw name="Set Variable" owner="BuiltIn">
<msg time="2024-06-09T20:16:40.513485" level="INFO">${name_country} = CA</msg>
<var>${name_country}</var>
<arg>${json_data["results"][0]["nat"]}</arg>
<doc>Returns the given values which can then be assigned to a variables.</doc>
<status status="PASS" start="2024-06-09T20:16:40.512976" elapsed="0.000535"/>
</kw>
<kw name="Create List" owner="BuiltIn">
<msg time="2024-06-09T20:16:40.514407" level="INFO">${list_country} = ['AD', 'AE', 'AF', 'AG', 'AI', 'AL', 'AM', 'AO', 'AQ', 'AR', 'AS', 'AT', 'AU', 'AW', 'AX', 'AZ', 'BA', 'BB', 'BD', 'BE', 'BF', 'BG', 'BH', 'BI', 'BJ', 'BL', 'BM', 'BN', 'BO', 'BQ', 'BR', 'BS', 'BT', '...</msg>
<var>${list_country}</var>
<arg>AD</arg>
<arg>AE</arg>
<arg>AF</arg>
<arg>AG</arg>
<arg>AI</arg>
<arg>AL</arg>
<arg>AM</arg>
<arg>AO</arg>
<arg>AQ</arg>
<arg>AR</arg>
<arg>AS</arg>
<arg>AT</arg>
<arg>AU</arg>
<arg>AW</arg>
<arg>AX</arg>
<arg>AZ</arg>
<arg>BA</arg>
<arg>BB</arg>
<arg>BD</arg>
<arg>BE</arg>
<arg>BF</arg>
<arg>BG</arg>
<arg>BH</arg>
<arg>BI</arg>
<arg>BJ</arg>
<arg>BL</arg>
<arg>BM</arg>
<arg>BN</arg>
<arg>BO</arg>
<arg>BQ</arg>
<arg>BR</arg>
<arg>BS</arg>
<arg>BT</arg>
<arg>BV</arg>
<arg>BW</arg>
<arg>BY</arg>
<arg>BZ</arg>
<arg>CA</arg>
<arg>CC</arg>
<arg>CD</arg>
<arg>CF</arg>
<arg>CG</arg>
<arg>CH</arg>
<arg>CI</arg>
<arg>CK</arg>
<arg>CL</arg>
<arg>CM</arg>
<arg>CN</arg>
<arg>CO</arg>
<arg>CR</arg>
<arg>CU</arg>
<arg>CV</arg>
<arg>CW</arg>
<arg>CX</arg>
<arg>CY</arg>
<arg>CZ</arg>
<arg>DE</arg>
<arg>DJ</arg>
<arg>DK</arg>
<arg>DM</arg>
<arg>DO</arg>
<arg>DZ</arg>
<arg>EC</arg>
<arg>EE</arg>
<arg>EG</arg>
<arg>EH</arg>
<arg>ER</arg>
<arg>ES</arg>
<arg>ET</arg>
<arg>FI</arg>
<arg>FJ</arg>
<arg>FK</arg>
<arg>FM</arg>
<arg>FO</arg>
<arg>FR</arg>
<arg>GA</arg>
<arg>GB</arg>
<arg>GD</arg>
<arg>GE</arg>
<arg>GF</arg>
<arg>GG</arg>
<arg>GH</arg>
<arg>GI</arg>
<arg>GL</arg>
<arg>GM</arg>
<arg>GN</arg>
<arg>GP</arg>
<arg>GQ</arg>
<arg>GR</arg>
<arg>GS</arg>
<arg>GT</arg>
<arg>GU</arg>
<arg>GW</arg>
<arg>GY</arg>
<arg>HK</arg>
<arg>HM</arg>
<arg>HN</arg>
<arg>HR</arg>
<arg>HT</arg>
<arg>HU</arg>
<arg>ID</arg>
<arg>IE</arg>
<arg>IL</arg>
<arg>IM</arg>
<arg>IN</arg>
<arg>IO</arg>
<arg>IQ</arg>
<arg>IR</arg>
<arg>IS</arg>
<arg>IT</arg>
<arg>JE</arg>
<arg>JM</arg>
<arg>JO</arg>
<arg>JP</arg>
<arg>KE</arg>
<arg>KG</arg>
<arg>KH</arg>
<arg>KI</arg>
<arg>KM</arg>
<arg>KN</arg>
<arg>KP</arg>
<arg>KR</arg>
<arg>KW</arg>
<arg>KY</arg>
<arg>KZ</arg>
<arg>LA</arg>
<arg>LB</arg>
<arg>LC</arg>
<arg>LI</arg>
<arg>LK</arg>
<arg>LR</arg>
<arg>LS</arg>
<arg>LT</arg>
<arg>LU</arg>
<arg>LV</arg>
<arg>LY</arg>
<arg>MA</arg>
<arg>MC</arg>
<arg>MD</arg>
<arg>ME</arg>
<arg>MF</arg>
<arg>MG</arg>
<arg>MH</arg>
<arg>MK</arg>
<arg>ML</arg>
<arg>MM</arg>
<arg>MN</arg>
<arg>MO</arg>
<arg>MP</arg>
<arg>MQ</arg>
<arg>MR</arg>
<arg>MS</arg>
<arg>MT</arg>
<arg>MU</arg>
<arg>MV</arg>
<arg>MW</arg>
<arg>MX</arg>
<arg>MY</arg>
<arg>MZ</arg>
<arg>NA</arg>
<arg>NC</arg>
<arg>NE</arg>
<arg>NF</arg>
<arg>NG</arg>
<arg>NI</arg>
<arg>NL</arg>
<arg>NO</arg>
<arg>NP</arg>
<arg>NR</arg>
<arg>NU</arg>
<arg>NZ</arg>
<arg>OM</arg>
<arg>PA</arg>
<arg>PE</arg>
<arg>PF</arg>
<arg>PG</arg>
<arg>PH</arg>
<arg>PK</arg>
<arg>PL</arg>
<arg>PM</arg>
<arg>PN</arg>
<arg>PR</arg>
<arg>PS</arg>
<arg>PT</arg>
<arg>PW</arg>
<arg>PY</arg>
<arg>QA</arg>
<arg>RE</arg>
<arg>RO</arg>
<arg>RS</arg>
<arg>RU</arg>
<arg>RW</arg>
<arg>SA</arg>
<arg>SB</arg>
<arg>SC</arg>
<arg>SD</arg>
<arg>SE</arg>
<arg>SG</arg>
<arg>SH</arg>
<arg>SI</arg>
<arg>SJ</arg>
<arg>SK</arg>
<arg>SL</arg>
<arg>SM</arg>
<arg>SN</arg>
<arg>SO</arg>
<arg>SR</arg>
<arg>SS</arg>
<arg>ST</arg>
<arg>SV</arg>
<arg>SX</arg>
<arg>SY</arg>
<arg>SZ</arg>
<arg>TC</arg>
<arg>TD</arg>
<arg>TF</arg>
<arg>TG</arg>
<arg>TH</arg>
<arg>TJ</arg>
<arg>TK</arg>
<arg>TL</arg>
<arg>TM</arg>
<arg>TN</arg>
<arg>TO</arg>
<arg>TR</arg>
<arg>TT</arg>
<arg>TV</arg>
<arg>TW</arg>
<arg>TZ</arg>
<arg>UA</arg>
<arg>UG</arg>
<arg>UM</arg>
<arg>US</arg>
<arg>UY</arg>
<arg>UZ</arg>
<arg>VA</arg>
<arg>VC</arg>
<arg>VE</arg>
<arg>VG</arg>
<arg>VI</arg>
<arg>VN</arg>
<arg>VU</arg>
<arg>WF</arg>
<arg>WS</arg>
<arg>XK</arg>
<arg>YE</arg>
<arg>YT</arg>
<arg>ZA</arg>
<arg>ZM</arg>
<arg>ZW</arg>
<doc>Returns a list containing given items.</doc>
<status status="PASS" start="2024-06-09T20:16:40.513816" elapsed="0.000616"/>
</kw>
<kw name="List Should Contain Value" owner="Collections">
<msg time="2024-06-09T20:16:40.515411" level="INFO">False</msg>
<arg>${list_country}</arg>
<arg>${name_country}</arg>
<doc>Fails if the ``value`` is not found from ``list``.</doc>
<status status="PASS" start="2024-06-09T20:16:40.515212" elapsed="0.000235"/>
</kw>
<kw name="Run Keyword If" owner="BuiltIn">
<kw name="Should Be True" owner="BuiltIn">
<arg>${True}</arg>
<doc>Fails if the given condition is not true.</doc>
<status status="PASS" start="2024-06-09T20:16:40.516534" elapsed="0.000143"/>
</kw>
<arg>${json_data["results"][0]["location"]["coordinates"]["latitude"]} &gt;= -90 and ${json_data["results"][0]["location"]["coordinates"]["latitude"]} &lt;= 90</arg>
<arg>Should Be True</arg>
<arg>${True}</arg>
<doc>Runs the given keyword with the given arguments, if ``condition`` is true.</doc>
<status status="PASS" start="2024-06-09T20:16:40.515764" elapsed="0.001039"/>
</kw>
<kw name="Run Keyword If" owner="BuiltIn">
<kw name="Should Be True" owner="BuiltIn">
<arg>${True}</arg>
<doc>Fails if the given condition is not true.</doc>
<status status="PASS" start="2024-06-09T20:16:40.517696" elapsed="0.000161"/>
</kw>
<arg>${json_data["results"][0]["location"]["coordinates"]["longitude"]} &gt;= -180 and ${json_data["results"][0]["location"]["coordinates"]["longitude"]} &lt;= 180</arg>
<arg>Should Be True</arg>
<arg>${True}</arg>
<doc>Runs the given keyword with the given arguments, if ``condition`` is true.</doc>
<status status="PASS" start="2024-06-09T20:16:40.516997" elapsed="0.001067"/>
</kw>
<status status="PASS" start="2024-06-09T20:16:40.413467" elapsed="0.104769"/>
</kw>
<doc>Testa o conteúdo específico dos campos retornados pela API.</doc>
<tag>testeConteudo</tag>
<status status="PASS" start="2024-06-09T20:16:40.412977" elapsed="0.105408"/>
</test>
<status status="PASS" start="2024-06-09T20:16:38.529032" elapsed="1.991304"/>
</suite>
<status status="PASS" start="2024-06-09T20:16:38.515087" elapsed="2.010381"/>
</suite>
<statistics>
<total>
<stat pass="5" fail="0" skip="0">All Tests</stat>
</total>
<tag>
<stat pass="1" fail="0" skip="0">testeConteudo</stat>
<stat pass="1" fail="0" skip="0">testeEstruturaResposta</stat>
<stat pass="1" fail="0" skip="0">testeRequisicaoBasica</stat>
<stat pass="1" fail="0" skip="0">testeTiposDados</stat>
</tag>
<suite>
<stat pass="5" fail="0" skip="0" id="s1" name="Tests">Tests</stat>
<stat pass="5" fail="0" skip="0" id="s1-s1" name="Random-User-Test">Tests.Random-User-Test</stat>
</suite>
</statistics>
<errors>
</errors>
</robot>
