<?xml version="1.0" encoding="UTF-8"?>
<robot generator="Robot 7.0 (Python 3.12.3 on linux)" generated="2024-04-18T23:14:13.905808" rpa="false" schemaversion="5">
<suite id="s1" name="Tests" source="/home/runner/work/DesafioQAItauRogerioJordao/DesafioQAItauRogerioJordao/RamdonUser/tests">
<suite id="s1-s1" name="Random-User-Test" source="/home/runner/work/DesafioQAItauRogerioJordao/DesafioQAItauRogerioJordao/RamdonUser/tests/random-user-test.robot">
<test id="s1-s1-t1" name="Conectar" line="13">
<kw name="Conectar API" owner="random-user-service">
<kw name="Create Session" owner="RequestsLibrary">
<msg time="2024-04-18T23:14:14.260326" level="INFO">Creating Session using : alias=consultarAPI, url=https://randomuser.me/, headers={},                     cookies={}, auth=None, timeout=None, proxies=None, verify=False,                     debug=0 </msg>
<arg>consultarAPI</arg>
<arg>${URL}</arg>
<doc>Create Session: create a HTTP session to a server</doc>
<status status="PASS" start="2024-04-18T23:14:14.260134" elapsed="0.000366"/>
</kw>
<status status="PASS" start="2024-04-18T23:14:14.259216" elapsed="0.001636"/>
</kw>
<status status="PASS" start="2024-04-18T23:14:14.258689" elapsed="0.002352"/>
</test>
<test id="s1-s1-t2" name="Validar retorno 200 e JSON Válido" line="16">
<kw name="Teste de Requisicao Basica" owner="random-user-service">
<kw name="GET On Session" owner="RequestsLibrary">
<msg time="2024-04-18T23:14:14.426789" level="INFO">GET Request : url=https://randomuser.me/api 
 path_url=/api 
 headers={'User-Agent': 'python-requests/2.31.0', 'Accept-Encoding': 'gzip, deflate', 'Accept': '*/*', 'Connection': 'keep-alive'} 
 body=None 
 </msg>
<msg time="2024-04-18T23:14:14.426954" level="INFO">GET Response : url=https://randomuser.me/api 
 status=200, reason=OK 
 headers={'Date': 'Thu, 18 Apr 2024 23:14:14 GMT', 'Content-Type': 'application/json; charset=utf-8', 'Transfer-Encoding': 'chunked', 'Connection': 'keep-alive', 'X-Powered-By': 'Express', 'Access-Control-Allow-Origin': '*', 'Cache-Control': 'no-cache', 'ETag': 'W/"4c4-L7+MboWB94HKLE4lecUYS6vUxDI"', 'Vary': 'Accept-Encoding', 'Content-Encoding': 'gzip', 'CF-Cache-Status': 'DYNAMIC', 'Report-To': '{"endpoints":[{"url":"https:\\/\\/a.nel.cloudflare.com\\/report\\/v4?s=za4ucTHPCguSdh7bgqYB2JxB9SsPsOiZgGYzn0udyuemr2Q2U8lUAA%2BRPrCQQtXh0kTkAGpAu2%2Fvw5I7vbHQlxA8YAugFCYmwqQ39TTDwXtA4xk8SLriAiDZ7rBdaQKP"}],"group":"cf-nel","max_age":604800}', 'NEL': '{"success_fraction":0,"report_to":"cf-nel","max_age":604800}', 'Server': 'cloudflare', 'CF-RAY': '87685997fa3b8272-IAD', 'alt-svc': 'h3=":443"; ma=86400'} 
 body={"results":[{"gender":"female","name":{"title":"Mrs","first":"Alma","last":"Monroy"},"location":{"street":{"number":7412,"name":"Privada Seychelles"},"city":"San Marcos (Mp.Zacoalco de Torres","state":"Campeche","country":"Mexico","postcode":99496,"coordinates":{"latitude":"24.4093","longitude":"129.0226"},"timezone":{"offset":"0:00","description":"Western Europe Time, London, Lisbon, Casablanca"}},"email":"alma.monroy@example.com","login":{"uuid":"09a7bdb1-f367-4591-90a4-e271d75cf5e9","username":"browntiger246","password":"password2","salt":"mzCuJeJb","md5":"c685179543b7971cba9293495f4575ac","sha1":"8ca1c8bb71cebd16749a3895020954b5870844f2","sha256":"8d5386dbf9c6bffa42490174186c8509da59ec0c21b41014fea385b15528f7de"},"dob":{"date":"1970-12-03T22:17:54.830Z","age":53},"registered":{"date":"2003-12-15T10:21:30.643Z","age":20},"phone":"(643) 793 9656","cell":"(608) 096 9917","id":{"name":"NSS","value":"37 10 68 8437 1"},"picture":{"large":"https://randomuser.me/api/portraits/women/82.jpg","medium":"https://randomuser.me/api/portraits/med/women/82.jpg","thumbnail":"https://randomuser.me/api/portraits/thumb/women/82.jpg"},"nat":"MX"}],"info":{"seed":"7cf037ec9eefb0e5","results":1,"page":1,"version":"1.4"}} 
 </msg>
<msg time="2024-04-18T23:14:14.427044" level="INFO">/opt/hostedtoolcache/Python/3.12.3/x64/lib/python3.12/site-packages/urllib3/connectionpool.py:1103: InsecureRequestWarning: Unverified HTTPS request is being made to host 'randomuser.me'. Adding certificate verification is strongly advised. See: https://urllib3.readthedocs.io/en/latest/advanced-usage.html#tls-warnings
  warnings.warn(</msg>
<msg time="2024-04-18T23:14:14.427170" level="INFO">${response} = &lt;Response [200]&gt;</msg>
<var>${response}</var>
<arg>consultarAPI</arg>
<arg>/api</arg>
<doc>Sends a GET request on a previously created HTTP Session.</doc>
<status status="PASS" start="2024-04-18T23:14:14.263673" elapsed="0.163539"/>
</kw>
<kw name="Should Be Equal As Numbers" owner="BuiltIn">
<msg time="2024-04-18T23:14:14.428134" level="INFO">Argument types are:
&lt;class 'int'&gt;
&lt;class 'str'&gt;</msg>
<arg>${response.status_code}</arg>
<arg>200</arg>
<doc>Fails if objects are unequal after converting them to real numbers.</doc>
<status status="PASS" start="2024-04-18T23:14:14.427691" elapsed="0.000508"/>
</kw>
<kw name="Log" owner="BuiltIn">
<msg time="2024-04-18T23:14:14.428881" level="INFO">200</msg>
<arg>${response.status_code}</arg>
<doc>Logs the given message with the given level.</doc>
<status status="PASS" start="2024-04-18T23:14:14.428528" elapsed="0.000396"/>
</kw>
<kw name="Set Variable" owner="BuiltIn">
<msg time="2024-04-18T23:14:14.429662" level="INFO">${json_data} = {'results': [{'gender': 'female', 'name': {'title': 'Mrs', 'first': 'Alma', 'last': 'Monroy'}, 'location': {'street': {'number': 7412, 'name': 'Privada Seychelles'}, 'city': 'San Marcos (Mp.Zacoalco d...</msg>
<var>${json_data}</var>
<arg>${response.json()}</arg>
<doc>Returns the given values which can then be assigned to a variables.</doc>
<status status="PASS" start="2024-04-18T23:14:14.429227" elapsed="0.000463"/>
</kw>
<kw name="Dictionary Should Contain Key" owner="Collections">
<msg time="2024-04-18T23:14:14.430157" level="INFO">False</msg>
<arg>${json_data}</arg>
<arg>results</arg>
<doc>Fails if ``key`` is not found from ``dictionary``.</doc>
<status status="PASS" start="2024-04-18T23:14:14.429986" elapsed="0.000211"/>
</kw>
<status status="PASS" start="2024-04-18T23:14:14.263425" elapsed="0.167032"/>
</kw>
<doc>Testa se a API responde corretamente e retorna um objeto JSON válido.</doc>
<tag>testeRequisicaoBasica</tag>
<status status="PASS" start="2024-04-18T23:14:14.262974" elapsed="0.167707"/>
</test>
<test id="s1-s1-t3" name="Validar estrutura de resposta" line="22">
<kw name="Teste de Estrutura de Resposta" owner="random-user-service">
<kw name="GET On Session" owner="RequestsLibrary">
<msg time="2024-04-18T23:14:14.530354" level="INFO">GET Request : url=https://randomuser.me/api 
 path_url=/api 
 headers={'User-Agent': 'python-requests/2.31.0', 'Accept-Encoding': 'gzip, deflate', 'Accept': '*/*', 'Connection': 'keep-alive'} 
 body=None 
 </msg>
<msg time="2024-04-18T23:14:14.530419" level="INFO">GET Response : url=https://randomuser.me/api 
 status=200, reason=OK 
 headers={'Date': 'Thu, 18 Apr 2024 23:14:14 GMT', 'Content-Type': 'application/json; charset=utf-8', 'Transfer-Encoding': 'chunked', 'Connection': 'keep-alive', 'X-Powered-By': 'Express', 'Access-Control-Allow-Origin': '*', 'Cache-Control': 'no-cache', 'ETag': 'W/"495-CLXbEBX+4x7iY2YcmlXrG0nRSHU"', 'Vary': 'Accept-Encoding', 'Content-Encoding': 'gzip', 'CF-Cache-Status': 'DYNAMIC', 'Report-To': '{"endpoints":[{"url":"https:\\/\\/a.nel.cloudflare.com\\/report\\/v4?s=bN2xuHbXpVyS7Rc3mV5C0W8iT%2FyoNdWlcqus8kdnhjEuX5WhZ93dvn2YvFhpVwU4pgI5EEi8U2Ydu49ET5JCqcLayPxZQGLgKRoDeWct5oTZK3SrqjDy%2BDGBsuf5OHZr"}],"group":"cf-nel","max_age":604800}', 'NEL': '{"success_fraction":0,"report_to":"cf-nel","max_age":604800}', 'Server': 'cloudflare', 'CF-RAY': '876859983a598272-IAD', 'alt-svc': 'h3=":443"; ma=86400'} 
 body={"results":[{"gender":"female","name":{"title":"Miss","first":"Anea","last":"Sølvberg"},"location":{"street":{"number":6200,"name":"Høyenhall plass"},"city":"Hausvik","state":"Hordaland","country":"Norway","postcode":"6657","coordinates":{"latitude":"45.5831","longitude":"143.5802"},"timezone":{"offset":"-4:00","description":"Atlantic Time (Canada), Caracas, La Paz"}},"email":"anea.solvberg@example.com","login":{"uuid":"1d349645-f8f4-4f1c-bffe-7aad2381b620","username":"whiteladybug664","password":"venus","salt":"G0t9hWS0","md5":"c9cd1c695d92578ccf7a341c51249554","sha1":"29b3975cc4d4d5c450fa26249a5a251ad26d9366","sha256":"5eb0b72e21c5ace6e8b5954484980a05b4a39e58348fc5dc001cd357be82911e"},"dob":{"date":"1983-01-28T00:06:18.844Z","age":41},"registered":{"date":"2019-01-21T08:38:35.520Z","age":5},"phone":"35173103","cell":"41840657","id":{"name":"FN","value":"28018328668"},"picture":{"large":"https://randomuser.me/api/portraits/women/13.jpg","medium":"https://randomuser.me/api/portraits/med/women/13.jpg","thumbnail":"https://randomuser.me/api/portraits/thumb/women/13.jpg"},"nat":"NO"}],"info":{"seed":"98f09c620c0d929d","results":1,"page":1,"version":"1.4"}} 
 </msg>
<msg time="2024-04-18T23:14:14.530514" level="INFO">/opt/hostedtoolcache/Python/3.12.3/x64/lib/python3.12/site-packages/urllib3/connectionpool.py:1103: InsecureRequestWarning: Unverified HTTPS request is being made to host 'randomuser.me'. Adding certificate verification is strongly advised. See: https://urllib3.readthedocs.io/en/latest/advanced-usage.html#tls-warnings
  warnings.warn(</msg>
<msg time="2024-04-18T23:14:14.530635" level="INFO">${response} = &lt;Response [200]&gt;</msg>
<var>${response}</var>
<arg>consultarAPI</arg>
<arg>/api</arg>
<doc>Sends a GET request on a previously created HTTP Session.</doc>
<status status="PASS" start="2024-04-18T23:14:14.433406" elapsed="0.097269"/>
</kw>
<kw name="Set Variable" owner="BuiltIn">
<msg time="2024-04-18T23:14:14.531676" level="INFO">${json_data} = {'results': [{'gender': 'female', 'name': {'title': 'Miss', 'first': 'Anea', 'last': 'Sølvberg'}, 'location': {'street': {'number': 6200, 'name': 'Høyenhall plass'}, 'city': 'Hausvik', 'state': 'Horda...</msg>
<var>${json_data}</var>
<arg>${response.json()}</arg>
<doc>Returns the given values which can then be assigned to a variables.</doc>
<status status="PASS" start="2024-04-18T23:14:14.531115" elapsed="0.000590"/>
</kw>
<kw name="Log" owner="BuiltIn">
<msg time="2024-04-18T23:14:14.532169" level="INFO">{'results': [{'gender': 'female', 'name': {'title': 'Miss', 'first': 'Anea', 'last': 'Sølvberg'}, 'location': {'street': {'number': 6200, 'name': 'Høyenhall plass'}, 'city': 'Hausvik', 'state': 'Hordaland', 'country': 'Norway', 'postcode': '6657', 'coordinates': {'latitude': '45.5831', 'longitude': '143.5802'}, 'timezone': {'offset': '-4:00', 'description': 'Atlantic Time (Canada), Caracas, La Paz'}}, 'email': 'anea.solvberg@example.com', 'login': {'uuid': '1d349645-f8f4-4f1c-bffe-7aad2381b620', 'username': 'whiteladybug664', 'password': 'venus', 'salt': 'G0t9hWS0', 'md5': 'c9cd1c695d92578ccf7a341c51249554', 'sha1': '29b3975cc4d4d5c450fa26249a5a251ad26d9366', 'sha256': '5eb0b72e21c5ace6e8b5954484980a05b4a39e58348fc5dc001cd357be82911e'}, 'dob': {'date': '1983-01-28T00:06:18.844Z', 'age': 41}, 'registered': {'date': '2019-01-21T08:38:35.520Z', 'age': 5}, 'phone': '35173103', 'cell': '41840657', 'id': {'name': 'FN', 'value': '28018328668'}, 'picture': {'large': 'https://randomuser.me/api/portraits/women/13.jpg', 'medium': 'https://randomuser.me/api/portraits/med/women/13.jpg', 'thumbnail': 'https://randomuser.me/api/portraits/thumb/women/13.jpg'}, 'nat': 'NO'}], 'info': {'seed': '98f09c620c0d929d', 'results': 1, 'page': 1, 'version': '1.4'}}</msg>
<arg>${json_data}</arg>
<doc>Logs the given message with the given level.</doc>
<status status="PASS" start="2024-04-18T23:14:14.532009" elapsed="0.000208"/>
</kw>
<kw name="Dictionary Should Contain Key" owner="Collections">
<msg time="2024-04-18T23:14:14.532660" level="INFO">False</msg>
<arg>${json_data}</arg>
<arg>results</arg>
<doc>Fails if ``key`` is not found from ``dictionary``.</doc>
<status status="PASS" start="2024-04-18T23:14:14.532505" elapsed="0.000191"/>
</kw>
<kw name="Should Not Be Empty" owner="BuiltIn">
<msg time="2024-04-18T23:14:14.533111" level="INFO">Length is 2.</msg>
<arg>${json_data}</arg>
<doc>Verifies that the given item is not empty.</doc>
<status status="PASS" start="2024-04-18T23:14:14.532979" elapsed="0.000294"/>
</kw>
<kw name="Create List" owner="BuiltIn">
<msg time="2024-04-18T23:14:14.533703" level="INFO">${expected_keys} = ['gender', 'name', 'location', 'email', 'login']</msg>
<var>${expected_keys}</var>
<arg>gender</arg>
<arg>name</arg>
<arg>location</arg>
<arg>email</arg>
<arg>login</arg>
<doc>Returns a list containing given items.</doc>
<status status="PASS" start="2024-04-18T23:14:14.533560" elapsed="0.000167"/>
</kw>
<for flavor="IN">
<iter>
<kw name="Dictionary Should Contain Key" owner="Collections">
<msg time="2024-04-18T23:14:14.534703" level="INFO">False</msg>
<arg>${json_data['results'][0]}</arg>
<arg>${key}</arg>
<doc>Fails if ``key`` is not found from ``dictionary``.</doc>
<status status="PASS" start="2024-04-18T23:14:14.534278" elapsed="0.000465"/>
</kw>
<kw name="Log" owner="BuiltIn">
<msg time="2024-04-18T23:14:14.535422" level="INFO">{'gender': 'female', 'name': {'title': 'Miss', 'first': 'Anea', 'last': 'Sølvberg'}, 'location': {'street': {'number': 6200, 'name': 'Høyenhall plass'}, 'city': 'Hausvik', 'state': 'Hordaland', 'country': 'Norway', 'postcode': '6657', 'coordinates': {'latitude': '45.5831', 'longitude': '143.5802'}, 'timezone': {'offset': '-4:00', 'description': 'Atlantic Time (Canada), Caracas, La Paz'}}, 'email': 'anea.solvberg@example.com', 'login': {'uuid': '1d349645-f8f4-4f1c-bffe-7aad2381b620', 'username': 'whiteladybug664', 'password': 'venus', 'salt': 'G0t9hWS0', 'md5': 'c9cd1c695d92578ccf7a341c51249554', 'sha1': '29b3975cc4d4d5c450fa26249a5a251ad26d9366', 'sha256': '5eb0b72e21c5ace6e8b5954484980a05b4a39e58348fc5dc001cd357be82911e'}, 'dob': {'date': '1983-01-28T00:06:18.844Z', 'age': 41}, 'registered': {'date': '2019-01-21T08:38:35.520Z', 'age': 5}, 'phone': '35173103', 'cell': '41840657', 'id': {'name': 'FN', 'value': '28018328668'}, 'picture': {'large': 'https://randomuser.me/api/portraits/women/13.jpg', 'medium': 'https://randomuser.me/api/portraits/med/women/13.jpg', 'thumbnail': 'https://randomuser.me/api/portraits/thumb/women/13.jpg'}, 'nat': 'NO'}</msg>
<arg>${json_data['results'][0]}</arg>
<doc>Logs the given message with the given level.</doc>
<status status="PASS" start="2024-04-18T23:14:14.535047" elapsed="0.000424"/>
</kw>
<kw name="Log" owner="BuiltIn">
<msg time="2024-04-18T23:14:14.535890" level="INFO">gender</msg>
<arg>${key}</arg>
<doc>Logs the given message with the given level.</doc>
<status status="PASS" start="2024-04-18T23:14:14.535764" elapsed="0.000162"/>
</kw>
<var name="${key}">gender</var>
<status status="PASS" start="2024-04-18T23:14:14.534157" elapsed="0.001980"/>
</iter>
<iter>
<kw name="Dictionary Should Contain Key" owner="Collections">
<msg time="2024-04-18T23:14:14.536807" level="INFO">False</msg>
<arg>${json_data['results'][0]}</arg>
<arg>${key}</arg>
<doc>Fails if ``key`` is not found from ``dictionary``.</doc>
<status status="PASS" start="2024-04-18T23:14:14.536433" elapsed="0.000409"/>
</kw>
<kw name="Log" owner="BuiltIn">
<msg time="2024-04-18T23:14:14.537528" level="INFO">{'gender': 'female', 'name': {'title': 'Miss', 'first': 'Anea', 'last': 'Sølvberg'}, 'location': {'street': {'number': 6200, 'name': 'Høyenhall plass'}, 'city': 'Hausvik', 'state': 'Hordaland', 'country': 'Norway', 'postcode': '6657', 'coordinates': {'latitude': '45.5831', 'longitude': '143.5802'}, 'timezone': {'offset': '-4:00', 'description': 'Atlantic Time (Canada), Caracas, La Paz'}}, 'email': 'anea.solvberg@example.com', 'login': {'uuid': '1d349645-f8f4-4f1c-bffe-7aad2381b620', 'username': 'whiteladybug664', 'password': 'venus', 'salt': 'G0t9hWS0', 'md5': 'c9cd1c695d92578ccf7a341c51249554', 'sha1': '29b3975cc4d4d5c450fa26249a5a251ad26d9366', 'sha256': '5eb0b72e21c5ace6e8b5954484980a05b4a39e58348fc5dc001cd357be82911e'}, 'dob': {'date': '1983-01-28T00:06:18.844Z', 'age': 41}, 'registered': {'date': '2019-01-21T08:38:35.520Z', 'age': 5}, 'phone': '35173103', 'cell': '41840657', 'id': {'name': 'FN', 'value': '28018328668'}, 'picture': {'large': 'https://randomuser.me/api/portraits/women/13.jpg', 'medium': 'https://randomuser.me/api/portraits/med/women/13.jpg', 'thumbnail': 'https://randomuser.me/api/portraits/thumb/women/13.jpg'}, 'nat': 'NO'}</msg>
<arg>${json_data['results'][0]}</arg>
<doc>Logs the given message with the given level.</doc>
<status status="PASS" start="2024-04-18T23:14:14.537167" elapsed="0.000410"/>
</kw>
<kw name="Log" owner="BuiltIn">
<msg time="2024-04-18T23:14:14.537994" level="INFO">name</msg>
<arg>${key}</arg>
<doc>Logs the given message with the given level.</doc>
<status status="PASS" start="2024-04-18T23:14:14.537869" elapsed="0.000161"/>
</kw>
<var name="${key}">name</var>
<status status="PASS" start="2024-04-18T23:14:14.536320" elapsed="0.001921"/>
</iter>
<iter>
<kw name="Dictionary Should Contain Key" owner="Collections">
<msg time="2024-04-18T23:14:14.538947" level="INFO">False</msg>
<arg>${json_data['results'][0]}</arg>
<arg>${key}</arg>
<doc>Fails if ``key`` is not found from ``dictionary``.</doc>
<status status="PASS" start="2024-04-18T23:14:14.538529" elapsed="0.000454"/>
</kw>
<kw name="Log" owner="BuiltIn">
<msg time="2024-04-18T23:14:14.539637" level="INFO">{'gender': 'female', 'name': {'title': 'Miss', 'first': 'Anea', 'last': 'Sølvberg'}, 'location': {'street': {'number': 6200, 'name': 'Høyenhall plass'}, 'city': 'Hausvik', 'state': 'Hordaland', 'country': 'Norway', 'postcode': '6657', 'coordinates': {'latitude': '45.5831', 'longitude': '143.5802'}, 'timezone': {'offset': '-4:00', 'description': 'Atlantic Time (Canada), Caracas, La Paz'}}, 'email': 'anea.solvberg@example.com', 'login': {'uuid': '1d349645-f8f4-4f1c-bffe-7aad2381b620', 'username': 'whiteladybug664', 'password': 'venus', 'salt': 'G0t9hWS0', 'md5': 'c9cd1c695d92578ccf7a341c51249554', 'sha1': '29b3975cc4d4d5c450fa26249a5a251ad26d9366', 'sha256': '5eb0b72e21c5ace6e8b5954484980a05b4a39e58348fc5dc001cd357be82911e'}, 'dob': {'date': '1983-01-28T00:06:18.844Z', 'age': 41}, 'registered': {'date': '2019-01-21T08:38:35.520Z', 'age': 5}, 'phone': '35173103', 'cell': '41840657', 'id': {'name': 'FN', 'value': '28018328668'}, 'picture': {'large': 'https://randomuser.me/api/portraits/women/13.jpg', 'medium': 'https://randomuser.me/api/portraits/med/women/13.jpg', 'thumbnail': 'https://randomuser.me/api/portraits/thumb/women/13.jpg'}, 'nat': 'NO'}</msg>
<arg>${json_data['results'][0]}</arg>
<doc>Logs the given message with the given level.</doc>
<status status="PASS" start="2024-04-18T23:14:14.539278" elapsed="0.000408"/>
</kw>
<kw name="Log" owner="BuiltIn">
<msg time="2024-04-18T23:14:14.540099" level="INFO">location</msg>
<arg>${key}</arg>
<doc>Logs the given message with the given level.</doc>
<status status="PASS" start="2024-04-18T23:14:14.539974" elapsed="0.000161"/>
</kw>
<var name="${key}">location</var>
<status status="PASS" start="2024-04-18T23:14:14.538417" elapsed="0.001928"/>
</iter>
<iter>
<kw name="Dictionary Should Contain Key" owner="Collections">
<msg time="2024-04-18T23:14:14.541002" level="INFO">False</msg>
<arg>${json_data['results'][0]}</arg>
<arg>${key}</arg>
<doc>Fails if ``key`` is not found from ``dictionary``.</doc>
<status status="PASS" start="2024-04-18T23:14:14.540624" elapsed="0.000415"/>
</kw>
<kw name="Log" owner="BuiltIn">
<msg time="2024-04-18T23:14:14.541698" level="INFO">{'gender': 'female', 'name': {'title': 'Miss', 'first': 'Anea', 'last': 'Sølvberg'}, 'location': {'street': {'number': 6200, 'name': 'Høyenhall plass'}, 'city': 'Hausvik', 'state': 'Hordaland', 'country': 'Norway', 'postcode': '6657', 'coordinates': {'latitude': '45.5831', 'longitude': '143.5802'}, 'timezone': {'offset': '-4:00', 'description': 'Atlantic Time (Canada), Caracas, La Paz'}}, 'email': 'anea.solvberg@example.com', 'login': {'uuid': '1d349645-f8f4-4f1c-bffe-7aad2381b620', 'username': 'whiteladybug664', 'password': 'venus', 'salt': 'G0t9hWS0', 'md5': 'c9cd1c695d92578ccf7a341c51249554', 'sha1': '29b3975cc4d4d5c450fa26249a5a251ad26d9366', 'sha256': '5eb0b72e21c5ace6e8b5954484980a05b4a39e58348fc5dc001cd357be82911e'}, 'dob': {'date': '1983-01-28T00:06:18.844Z', 'age': 41}, 'registered': {'date': '2019-01-21T08:38:35.520Z', 'age': 5}, 'phone': '35173103', 'cell': '41840657', 'id': {'name': 'FN', 'value': '28018328668'}, 'picture': {'large': 'https://randomuser.me/api/portraits/women/13.jpg', 'medium': 'https://randomuser.me/api/portraits/med/women/13.jpg', 'thumbnail': 'https://randomuser.me/api/portraits/thumb/women/13.jpg'}, 'nat': 'NO'}</msg>
<arg>${json_data['results'][0]}</arg>
<doc>Logs the given message with the given level.</doc>
<status status="PASS" start="2024-04-18T23:14:14.541331" elapsed="0.000418"/>
</kw>
<kw name="Log" owner="BuiltIn">
<msg time="2024-04-18T23:14:14.542163" level="INFO">email</msg>
<arg>${key}</arg>
<doc>Logs the given message with the given level.</doc>
<status status="PASS" start="2024-04-18T23:14:14.542038" elapsed="0.000161"/>
</kw>
<var name="${key}">email</var>
<status status="PASS" start="2024-04-18T23:14:14.540514" elapsed="0.001896"/>
</iter>
<iter>
<kw name="Dictionary Should Contain Key" owner="Collections">
<msg time="2024-04-18T23:14:14.543263" level="INFO">False</msg>
<arg>${json_data['results'][0]}</arg>
<arg>${key}</arg>
<doc>Fails if ``key`` is not found from ``dictionary``.</doc>
<status status="PASS" start="2024-04-18T23:14:14.542744" elapsed="0.000557"/>
</kw>
<kw name="Log" owner="BuiltIn">
<msg time="2024-04-18T23:14:14.543978" level="INFO">{'gender': 'female', 'name': {'title': 'Miss', 'first': 'Anea', 'last': 'Sølvberg'}, 'location': {'street': {'number': 6200, 'name': 'Høyenhall plass'}, 'city': 'Hausvik', 'state': 'Hordaland', 'country': 'Norway', 'postcode': '6657', 'coordinates': {'latitude': '45.5831', 'longitude': '143.5802'}, 'timezone': {'offset': '-4:00', 'description': 'Atlantic Time (Canada), Caracas, La Paz'}}, 'email': 'anea.solvberg@example.com', 'login': {'uuid': '1d349645-f8f4-4f1c-bffe-7aad2381b620', 'username': 'whiteladybug664', 'password': 'venus', 'salt': 'G0t9hWS0', 'md5': 'c9cd1c695d92578ccf7a341c51249554', 'sha1': '29b3975cc4d4d5c450fa26249a5a251ad26d9366', 'sha256': '5eb0b72e21c5ace6e8b5954484980a05b4a39e58348fc5dc001cd357be82911e'}, 'dob': {'date': '1983-01-28T00:06:18.844Z', 'age': 41}, 'registered': {'date': '2019-01-21T08:38:35.520Z', 'age': 5}, 'phone': '35173103', 'cell': '41840657', 'id': {'name': 'FN', 'value': '28018328668'}, 'picture': {'large': 'https://randomuser.me/api/portraits/women/13.jpg', 'medium': 'https://randomuser.me/api/portraits/med/women/13.jpg', 'thumbnail': 'https://randomuser.me/api/portraits/thumb/women/13.jpg'}, 'nat': 'NO'}</msg>
<arg>${json_data['results'][0]}</arg>
<doc>Logs the given message with the given level.</doc>
<status status="PASS" start="2024-04-18T23:14:14.543609" elapsed="0.000417"/>
</kw>
<kw name="Log" owner="BuiltIn">
<msg time="2024-04-18T23:14:14.544438" level="INFO">login</msg>
<arg>${key}</arg>
<doc>Logs the given message with the given level.</doc>
<status status="PASS" start="2024-04-18T23:14:14.544314" elapsed="0.000161"/>
</kw>
<var name="${key}">login</var>
<status status="PASS" start="2024-04-18T23:14:14.542578" elapsed="0.002135"/>
</iter>
<var>${key}</var>
<value>@{expected_keys}</value>
<status status="PASS" start="2024-04-18T23:14:14.533977" elapsed="0.010859"/>
</for>
<kw name="Create List" owner="BuiltIn">
<msg time="2024-04-18T23:14:14.545165" level="INFO">${expected_keysTwo} = ['username', 'password']</msg>
<var>${expected_keysTwo}</var>
<arg>username</arg>
<arg>password</arg>
<doc>Returns a list containing given items.</doc>
<status status="PASS" start="2024-04-18T23:14:14.545030" elapsed="0.000172"/>
</kw>
<for flavor="IN">
<iter>
<kw name="Dictionary Should Contain Key" owner="Collections">
<msg time="2024-04-18T23:14:14.546084" level="INFO">False</msg>
<arg>${json_data['results'][0]['login']}</arg>
<arg>${keyTwo}</arg>
<doc>Fails if ``key`` is not found from ``dictionary``.</doc>
<status status="PASS" start="2024-04-18T23:14:14.545700" elapsed="0.000420"/>
</kw>
<kw name="Dictionary Should Contain Key" owner="Collections">
<msg time="2024-04-18T23:14:14.546819" level="INFO">False</msg>
<arg>${json_data['results'][0]['login']}</arg>
<arg>${keyTwo}</arg>
<doc>Fails if ``key`` is not found from ``dictionary``.</doc>
<status status="PASS" start="2024-04-18T23:14:14.546411" elapsed="0.000444"/>
</kw>
<kw name="Log" owner="BuiltIn">
<msg time="2024-04-18T23:14:14.547270" level="INFO">username</msg>
<arg>${keyTwo}</arg>
<doc>Logs the given message with the given level.</doc>
<status status="PASS" start="2024-04-18T23:14:14.547145" elapsed="0.000169"/>
</kw>
<var name="${keyTwo}">username</var>
<status status="PASS" start="2024-04-18T23:14:14.545592" elapsed="0.001932"/>
</iter>
<iter>
<kw name="Dictionary Should Contain Key" owner="Collections">
<msg time="2024-04-18T23:14:14.548268" level="INFO">False</msg>
<arg>${json_data['results'][0]['login']}</arg>
<arg>${keyTwo}</arg>
<doc>Fails if ``key`` is not found from ``dictionary``.</doc>
<status status="PASS" start="2024-04-18T23:14:14.547807" elapsed="0.000506"/>
</kw>
<kw name="Dictionary Should Contain Key" owner="Collections">
<msg time="2024-04-18T23:14:14.548979" level="INFO">False</msg>
<arg>${json_data['results'][0]['login']}</arg>
<arg>${keyTwo}</arg>
<doc>Fails if ``key`` is not found from ``dictionary``.</doc>
<status status="PASS" start="2024-04-18T23:14:14.548603" elapsed="0.000412"/>
</kw>
<kw name="Log" owner="BuiltIn">
<msg time="2024-04-18T23:14:14.549427" level="INFO">password</msg>
<arg>${keyTwo}</arg>
<doc>Logs the given message with the given level.</doc>
<status status="PASS" start="2024-04-18T23:14:14.549301" elapsed="0.000162"/>
</kw>
<var name="${keyTwo}">password</var>
<status status="PASS" start="2024-04-18T23:14:14.547693" elapsed="0.001982"/>
</iter>
<var>${keyTwo}</var>
<value>@{expected_keysTwo}</value>
<status status="PASS" start="2024-04-18T23:14:14.545442" elapsed="0.004350"/>
</for>
<status status="PASS" start="2024-04-18T23:14:14.433158" elapsed="0.116768"/>
</kw>
<doc>Testa a estrutura da resposta da API.</doc>
<tag>testeEstruturaResposta</tag>
<status status="PASS" start="2024-04-18T23:14:14.432578" elapsed="0.117494"/>
</test>
<test id="s1-s1-t4" name="Validar tipos de dados" line="28">
<kw name="Teste de Tipos de Dados" owner="random-user-service">
<kw name="GET On Session" owner="RequestsLibrary">
<msg time="2024-04-18T23:14:14.628465" level="INFO">GET Request : url=https://randomuser.me/api 
 path_url=/api 
 headers={'User-Agent': 'python-requests/2.31.0', 'Accept-Encoding': 'gzip, deflate', 'Accept': '*/*', 'Connection': 'keep-alive'} 
 body=None 
 </msg>
<msg time="2024-04-18T23:14:14.628530" level="INFO">GET Response : url=https://randomuser.me/api 
 status=200, reason=OK 
 headers={'Date': 'Thu, 18 Apr 2024 23:14:14 GMT', 'Content-Type': 'application/json; charset=utf-8', 'Transfer-Encoding': 'chunked', 'Connection': 'keep-alive', 'X-Powered-By': 'Express', 'Access-Control-Allow-Origin': '*', 'Cache-Control': 'no-cache', 'ETag': 'W/"485-aQb/f+DtF+MqFzg6RmgdXe66khM"', 'Vary': 'Accept-Encoding', 'Content-Encoding': 'gzip', 'CF-Cache-Status': 'DYNAMIC', 'Report-To': '{"endpoints":[{"url":"https:\\/\\/a.nel.cloudflare.com\\/report\\/v4?s=d%2BTh0%2BzEgX0txggNrmQwR2MLySfQ11D0GG1lYrVeHcyXAR3a%2FgwWPJcrRWMKBGMy55Pxx7DOWrIpPyScSuf5cRIoy3nKKSRASs24NcMcTgPPYgxtiso74l8M6IEgWHJH"}],"group":"cf-nel","max_age":604800}', 'NEL': '{"success_fraction":0,"report_to":"cf-nel","max_age":604800}', 'Server': 'cloudflare', 'CF-RAY': '87685998fafd8272-IAD', 'alt-svc': 'h3=":443"; ma=86400'} 
 body={"results":[{"gender":"female","name":{"title":"Mrs","first":"Noor","last":"Rossland"},"location":{"street":{"number":9608,"name":"Lofsrudveien"},"city":"Rød","state":"Møre og Romsdal","country":"Norway","postcode":"8509","coordinates":{"latitude":"45.7281","longitude":"146.9174"},"timezone":{"offset":"-3:00","description":"Brazil, Buenos Aires, Georgetown"}},"email":"noor.rossland@example.com","login":{"uuid":"bb75f8a6-473c-4efa-9d71-b4a10ee3b6c6","username":"bigpanda379","password":"joke","salt":"DlU59PvZ","md5":"6950be8b7e2fcb9e473a3775840f6a48","sha1":"48ff92e6f63f5cb999d1585cab08598fd85db1ba","sha256":"57a6144ef760de75e5e6c59bab87eac7f7c5628331c18a529493ba3b1c91c823"},"dob":{"date":"1980-11-04T17:47:24.640Z","age":43},"registered":{"date":"2003-08-11T01:13:50.352Z","age":20},"phone":"89263731","cell":"98972990","id":{"name":"FN","value":"04118001228"},"picture":{"large":"https://randomuser.me/api/portraits/women/0.jpg","medium":"https://randomuser.me/api/portraits/med/women/0.jpg","thumbnail":"https://randomuser.me/api/portraits/thumb/women/0.jpg"},"nat":"NO"}],"info":{"seed":"69f4377ac2a58b11","results":1,"page":1,"version":"1.4"}} 
 </msg>
<msg time="2024-04-18T23:14:14.628587" level="INFO">/opt/hostedtoolcache/Python/3.12.3/x64/lib/python3.12/site-packages/urllib3/connectionpool.py:1103: InsecureRequestWarning: Unverified HTTPS request is being made to host 'randomuser.me'. Adding certificate verification is strongly advised. See: https://urllib3.readthedocs.io/en/latest/advanced-usage.html#tls-warnings
  warnings.warn(</msg>
<msg time="2024-04-18T23:14:14.628674" level="INFO">${response} = &lt;Response [200]&gt;</msg>
<var>${response}</var>
<arg>consultarAPI</arg>
<arg>/api</arg>
<doc>Sends a GET request on a previously created HTTP Session.</doc>
<status status="PASS" start="2024-04-18T23:14:14.552587" elapsed="0.076121"/>
</kw>
<kw name="Set Variable" owner="BuiltIn">
<msg time="2024-04-18T23:14:14.629727" level="INFO">${json_data} = {'results': [{'gender': 'female', 'name': {'title': 'Mrs', 'first': 'Noor', 'last': 'Rossland'}, 'location': {'street': {'number': 9608, 'name': 'Lofsrudveien'}, 'city': 'Rød', 'state': 'Møre og Romsd...</msg>
<var>${json_data}</var>
<arg>${response.json()}</arg>
<doc>Returns the given values which can then be assigned to a variables.</doc>
<status status="PASS" start="2024-04-18T23:14:14.629155" elapsed="0.000601"/>
</kw>
<kw name="Log" owner="BuiltIn">
<msg time="2024-04-18T23:14:14.630215" level="INFO">{'results': [{'gender': 'female', 'name': {'title': 'Mrs', 'first': 'Noor', 'last': 'Rossland'}, 'location': {'street': {'number': 9608, 'name': 'Lofsrudveien'}, 'city': 'Rød', 'state': 'Møre og Romsdal', 'country': 'Norway', 'postcode': '8509', 'coordinates': {'latitude': '45.7281', 'longitude': '146.9174'}, 'timezone': {'offset': '-3:00', 'description': 'Brazil, Buenos Aires, Georgetown'}}, 'email': 'noor.rossland@example.com', 'login': {'uuid': 'bb75f8a6-473c-4efa-9d71-b4a10ee3b6c6', 'username': 'bigpanda379', 'password': 'joke', 'salt': 'DlU59PvZ', 'md5': '6950be8b7e2fcb9e473a3775840f6a48', 'sha1': '48ff92e6f63f5cb999d1585cab08598fd85db1ba', 'sha256': '57a6144ef760de75e5e6c59bab87eac7f7c5628331c18a529493ba3b1c91c823'}, 'dob': {'date': '1980-11-04T17:47:24.640Z', 'age': 43}, 'registered': {'date': '2003-08-11T01:13:50.352Z', 'age': 20}, 'phone': '89263731', 'cell': '98972990', 'id': {'name': 'FN', 'value': '04118001228'}, 'picture': {'large': 'https://randomuser.me/api/portraits/women/0.jpg', 'medium': 'https://randomuser.me/api/portraits/med/women/0.jpg', 'thumbnail': 'https://randomuser.me/api/portraits/thumb/women/0.jpg'}, 'nat': 'NO'}], 'info': {'seed': '69f4377ac2a58b11', 'results': 1, 'page': 1, 'version': '1.4'}}</msg>
<arg>${json_data}</arg>
<doc>Logs the given message with the given level.</doc>
<status status="PASS" start="2024-04-18T23:14:14.630060" elapsed="0.000237"/>
</kw>
<kw name="Should Be String" owner="String">
<arg>${json_data['results'][0]['gender']}</arg>
<doc>Fails if the given ``item`` is not a string.</doc>
<status status="PASS" start="2024-04-18T23:14:14.630593" elapsed="0.000416"/>
</kw>
<kw name="Should Match Regexp" owner="BuiltIn">
<arg>${json_data['results'][0]['email']}</arg>
<arg>^[a-zA-Z0-9._%+-]+@[a-zA-Z0-9.-]+\.[a-zA-Z]{2,}$</arg>
<doc>Fails if ``string`` does not match ``pattern`` as a regular expression.</doc>
<status status="PASS" start="2024-04-18T23:14:14.631202" elapsed="0.000504"/>
</kw>
<kw name="Should Match Regexp" owner="BuiltIn">
<arg>${json_data['results'][0]['dob']['date']}</arg>
<arg>\\d{4}-\\d{2}-\\d{2}T\\d{2}:\\d{2}:\\d{2}\\.\\d{3}Z</arg>
<doc>Fails if ``string`` does not match ``pattern`` as a regular expression.</doc>
<status status="PASS" start="2024-04-18T23:14:14.631896" elapsed="0.000476"/>
</kw>
<kw name="Should Match Regexp" owner="BuiltIn">
<arg>${json_data['results'][0]['registered']['date']}</arg>
<arg>\\d{4}-\\d{2}-\\d{2}T\\d{2}:\\d{2}:\\d{2}\\.\\d{3}Z</arg>
<doc>Fails if ``string`` does not match ``pattern`` as a regular expression.</doc>
<status status="PASS" start="2024-04-18T23:14:14.632558" elapsed="0.000369"/>
</kw>
<kw name="Should Match Regexp" owner="BuiltIn">
<arg>${json_data['results'][0]['picture']['large']}</arg>
<arg>^https?://.*\.(?:png|jpe?g|gif|bmp)$</arg>
<doc>Fails if ``string`` does not match ``pattern`` as a regular expression.</doc>
<status status="PASS" start="2024-04-18T23:14:14.633117" elapsed="0.000457"/>
</kw>
<kw name="Should Match Regexp" owner="BuiltIn">
<arg>${json_data['results'][0]['picture']['medium']}</arg>
<arg>^https?://.*\.(?:png|jpe?g|gif|bmp)$</arg>
<doc>Fails if ``string`` does not match ``pattern`` as a regular expression.</doc>
<status status="PASS" start="2024-04-18T23:14:14.633758" elapsed="0.000350"/>
</kw>
<kw name="Should Match Regexp" owner="BuiltIn">
<arg>${json_data['results'][0]['picture']['thumbnail']}</arg>
<arg>^https?://.*\.(?:png|jpe?g|gif|bmp)$</arg>
<doc>Fails if ``string`` does not match ``pattern`` as a regular expression.</doc>
<status status="PASS" start="2024-04-18T23:14:14.634297" elapsed="0.000367"/>
</kw>
<kw name="Log" owner="BuiltIn">
<msg time="2024-04-18T23:14:14.635167" level="INFO">{'large': 'https://randomuser.me/api/portraits/women/0.jpg', 'medium': 'https://randomuser.me/api/portraits/med/women/0.jpg', 'thumbnail': 'https://randomuser.me/api/portraits/thumb/women/0.jpg'}</msg>
<arg>${json_data['results'][0]['picture']}</arg>
<doc>Logs the given message with the given level.</doc>
<status status="PASS" start="2024-04-18T23:14:14.634846" elapsed="0.000362"/>
</kw>
<status status="PASS" start="2024-04-18T23:14:14.552365" elapsed="0.083093"/>
</kw>
<kw name="Teste de Tipos de Dados - Postcode" owner="random-user-service">
<kw name="GET On Session" owner="RequestsLibrary">
<msg time="2024-04-18T23:14:14.730114" level="INFO">GET Request : url=https://randomuser.me/api 
 path_url=/api 
 headers={'User-Agent': 'python-requests/2.31.0', 'Accept-Encoding': 'gzip, deflate', 'Accept': '*/*', 'Connection': 'keep-alive'} 
 body=None 
 </msg>
<msg time="2024-04-18T23:14:14.730196" level="INFO">GET Response : url=https://randomuser.me/api 
 status=200, reason=OK 
 headers={'Date': 'Thu, 18 Apr 2024 23:14:14 GMT', 'Content-Type': 'application/json; charset=utf-8', 'Transfer-Encoding': 'chunked', 'Connection': 'keep-alive', 'X-Powered-By': 'Express', 'Access-Control-Allow-Origin': '*', 'Cache-Control': 'no-cache', 'ETag': 'W/"49c-pajNYPhi0CF+iR4cLf/QKQd2nvs"', 'Vary': 'Accept-Encoding', 'Content-Encoding': 'gzip', 'CF-Cache-Status': 'DYNAMIC', 'Report-To': '{"endpoints":[{"url":"https:\\/\\/a.nel.cloudflare.com\\/report\\/v4?s=5EPJQvC%2FmHOZOpa4IsB636N6WXUzi6koZcgTEY17shzK6Pdfjuyk4bZsWwrQggzk5av0eL%2FBX24XuO%2B1A8JPZQNr9dxw63SXBtnmSCmPDDlPKMa0Ul15XcPlfYjpSVxy"}],"group":"cf-nel","max_age":604800}', 'NEL': '{"success_fraction":0,"report_to":"cf-nel","max_age":604800}', 'Server': 'cloudflare', 'CF-RAY': '876859997b5b8272-IAD', 'alt-svc': 'h3=":443"; ma=86400'} 
 body={"results":[{"gender":"male","name":{"title":"Mr","first":"Morgan","last":"Martinez"},"location":{"street":{"number":7103,"name":"Place de L'Abbé-Franz-Stock"},"city":"Rouen","state":"Haute-Corse","country":"France","postcode":91815,"coordinates":{"latitude":"-18.2562","longitude":"-112.9591"},"timezone":{"offset":"-12:00","description":"Eniwetok, Kwajalein"}},"email":"morgan.martinez@example.com","login":{"uuid":"ba0b3c5e-fdbd-4f9a-8747-edbb73dece84","username":"goldenladybug935","password":"july","salt":"9ZRY9KNI","md5":"1be93d3895014fbe4257bb5bd89a28f1","sha1":"309c376bc107ed112ab06a892f5e910962f82d4a","sha256":"982b8760d856f7e1048c9e3ffea741bdac17b2ca5bbff7205f21fc9ce0ca4f36"},"dob":{"date":"1990-10-24T03:50:09.200Z","age":33},"registered":{"date":"2016-08-10T17:13:28.955Z","age":7},"phone":"03-18-98-85-25","cell":"06-34-09-41-41","id":{"name":"INSEE","value":"1900998955741 22"},"picture":{"large":"https://randomuser.me/api/portraits/men/73.jpg","medium":"https://randomuser.me/api/portraits/med/men/73.jpg","thumbnail":"https://randomuser.me/api/portraits/thumb/men/73.jpg"},"nat":"FR"}],"info":{"seed":"88d58ac080b819d9","results":1,"page":1,"version":"1.4"}} 
 </msg>
<msg time="2024-04-18T23:14:14.730269" level="INFO">/opt/hostedtoolcache/Python/3.12.3/x64/lib/python3.12/site-packages/urllib3/connectionpool.py:1103: InsecureRequestWarning: Unverified HTTPS request is being made to host 'randomuser.me'. Adding certificate verification is strongly advised. See: https://urllib3.readthedocs.io/en/latest/advanced-usage.html#tls-warnings
  warnings.warn(</msg>
<msg time="2024-04-18T23:14:14.730395" level="INFO">${response} = &lt;Response [200]&gt;</msg>
<var>${response}</var>
<arg>consultarAPI</arg>
<arg>/api</arg>
<doc>Sends a GET request on a previously created HTTP Session.</doc>
<status status="PASS" start="2024-04-18T23:14:14.635890" elapsed="0.094557"/>
</kw>
<kw name="Set Variable" owner="BuiltIn">
<msg time="2024-04-18T23:14:14.731625" level="INFO">${json_data} = {'results': [{'gender': 'male', 'name': {'title': 'Mr', 'first': 'Morgan', 'last': 'Martinez'}, 'location': {'street': {'number': 7103, 'name': "Place de L'Abbé-Franz-Stock"}, 'city': 'Rouen', 'state'...</msg>
<var>${json_data}</var>
<arg>${response.json()}</arg>
<doc>Returns the given values which can then be assigned to a variables.</doc>
<status status="PASS" start="2024-04-18T23:14:14.731082" elapsed="0.000573"/>
</kw>
<kw name="Log" owner="BuiltIn">
<msg time="2024-04-18T23:14:14.732119" level="INFO">{'results': [{'gender': 'male', 'name': {'title': 'Mr', 'first': 'Morgan', 'last': 'Martinez'}, 'location': {'street': {'number': 7103, 'name': "Place de L'Abbé-Franz-Stock"}, 'city': 'Rouen', 'state': 'Haute-Corse', 'country': 'France', 'postcode': 91815, 'coordinates': {'latitude': '-18.2562', 'longitude': '-112.9591'}, 'timezone': {'offset': '-12:00', 'description': 'Eniwetok, Kwajalein'}}, 'email': 'morgan.martinez@example.com', 'login': {'uuid': 'ba0b3c5e-fdbd-4f9a-8747-edbb73dece84', 'username': 'goldenladybug935', 'password': 'july', 'salt': '9ZRY9KNI', 'md5': '1be93d3895014fbe4257bb5bd89a28f1', 'sha1': '309c376bc107ed112ab06a892f5e910962f82d4a', 'sha256': '982b8760d856f7e1048c9e3ffea741bdac17b2ca5bbff7205f21fc9ce0ca4f36'}, 'dob': {'date': '1990-10-24T03:50:09.200Z', 'age': 33}, 'registered': {'date': '2016-08-10T17:13:28.955Z', 'age': 7}, 'phone': '03-18-98-85-25', 'cell': '06-34-09-41-41', 'id': {'name': 'INSEE', 'value': '1900998955741 22'}, 'picture': {'large': 'https://randomuser.me/api/portraits/men/73.jpg', 'medium': 'https://randomuser.me/api/portraits/med/men/73.jpg', 'thumbnail': 'https://randomuser.me/api/portraits/thumb/men/73.jpg'}, 'nat': 'FR'}], 'info': {'seed': '88d58ac080b819d9', 'results': 1, 'page': 1, 'version': '1.4'}}</msg>
<arg>${json_data}</arg>
<doc>Logs the given message with the given level.</doc>
<status status="PASS" start="2024-04-18T23:14:14.731962" elapsed="0.000236"/>
</kw>
<kw name="Should Be Equal As Numbers" owner="BuiltIn">
<arg>${json_data['results'][0]['location']['postcode']}</arg>
<arg>${json_data['results'][0]['location']['postcode']}</arg>
<doc>Fails if objects are unequal after converting them to real numbers.</doc>
<status status="PASS" start="2024-04-18T23:14:14.732620" elapsed="0.000612"/>
</kw>
<kw name="Log" owner="BuiltIn">
<msg time="2024-04-18T23:14:14.733761" level="INFO">91815</msg>
<arg>${json_data['results'][0]['location']['postcode']}</arg>
<doc>Logs the given message with the given level.</doc>
<status status="PASS" start="2024-04-18T23:14:14.733424" elapsed="0.000376"/>
</kw>
<status status="PASS" start="2024-04-18T23:14:14.635667" elapsed="0.098381"/>
</kw>
<doc>Testa se os tipos de dados na resposta da API estão corretos.</doc>
<tag>testeTiposDados</tag>
<status status="PASS" start="2024-04-18T23:14:14.551856" elapsed="0.182347"/>
</test>
<test id="s1-s1-t5" name="Validar conteudo" line="35">
<kw name="Teste de Tipos de Conteudo" owner="random-user-service">
<kw name="GET On Session" owner="RequestsLibrary">
<msg time="2024-04-18T23:14:14.829034" level="INFO">GET Request : url=https://randomuser.me/api 
 path_url=/api 
 headers={'User-Agent': 'python-requests/2.31.0', 'Accept-Encoding': 'gzip, deflate', 'Accept': '*/*', 'Connection': 'keep-alive'} 
 body=None 
 </msg>
<msg time="2024-04-18T23:14:14.829118" level="INFO">GET Response : url=https://randomuser.me/api 
 status=200, reason=OK 
 headers={'Date': 'Thu, 18 Apr 2024 23:14:14 GMT', 'Content-Type': 'application/json; charset=utf-8', 'Transfer-Encoding': 'chunked', 'Connection': 'keep-alive', 'X-Powered-By': 'Express', 'Access-Control-Allow-Origin': '*', 'Cache-Control': 'no-cache', 'ETag': 'W/"4a1-ojtrVF5lMRmsaWgblBUQjdI9Dwo"', 'Vary': 'Accept-Encoding', 'Content-Encoding': 'gzip', 'CF-Cache-Status': 'DYNAMIC', 'Report-To': '{"endpoints":[{"url":"https:\\/\\/a.nel.cloudflare.com\\/report\\/v4?s=4k6oWjiyR8FbcCbAc1fNXl8bIRG1lvJDg0ouTQCnxS86iJ2Agf6d4c%2BdRWPfInszb4fnB0YEfiuXXFrmRIzBYfp8dAgFd8hDNhnNm0nWjgADBstnzt2S22BgaEV%2FJYSt"}],"group":"cf-nel","max_age":604800}', 'NEL': '{"success_fraction":0,"report_to":"cf-nel","max_age":604800}', 'Server': 'cloudflare', 'CF-RAY': '8768599a1c008272-IAD', 'alt-svc': 'h3=":443"; ma=86400'} 
 body={"results":[{"gender":"female","name":{"title":"Ms","first":"Karola","last":"Biehl"},"location":{"street":{"number":7876,"name":"Mittelstraße"},"city":"Ortrand","state":"Mecklenburg-Vorpommern","country":"Germany","postcode":33409,"coordinates":{"latitude":"-53.4935","longitude":"61.4615"},"timezone":{"offset":"+4:00","description":"Abu Dhabi, Muscat, Baku, Tbilisi"}},"email":"karola.biehl@example.com","login":{"uuid":"80b9caa7-41b6-400d-b06a-c5878bc159ec","username":"purplerabbit418","password":"hawk","salt":"gTAcd30c","md5":"c168dd6cd8803e69837337fd505412bc","sha1":"867030f42997efbee2032d8e19302befaaae6b47","sha256":"4c5f5dfe0533f558943411ceab2f3e6b2ef9095918cdd54813e7d657911c53a4"},"dob":{"date":"1973-08-17T08:23:45.713Z","age":50},"registered":{"date":"2011-09-05T04:13:35.480Z","age":12},"phone":"0780-3597938","cell":"0172-9373642","id":{"name":"SVNR","value":"20 170873 B 665"},"picture":{"large":"https://randomuser.me/api/portraits/women/50.jpg","medium":"https://randomuser.me/api/portraits/med/women/50.jpg","thumbnail":"https://randomuser.me/api/portraits/thumb/women/50.jpg"},"nat":"DE"}],"info":{"seed":"c7f5afa460a168f0","results":1,"page":1,"version":"1.4"}} 
 </msg>
<msg time="2024-04-18T23:14:14.829187" level="INFO">/opt/hostedtoolcache/Python/3.12.3/x64/lib/python3.12/site-packages/urllib3/connectionpool.py:1103: InsecureRequestWarning: Unverified HTTPS request is being made to host 'randomuser.me'. Adding certificate verification is strongly advised. See: https://urllib3.readthedocs.io/en/latest/advanced-usage.html#tls-warnings
  warnings.warn(</msg>
<msg time="2024-04-18T23:14:14.829284" level="INFO">${response} = &lt;Response [200]&gt;</msg>
<var>${response}</var>
<arg>consultarAPI</arg>
<arg>/api</arg>
<doc>Sends a GET request on a previously created HTTP Session.</doc>
<status status="PASS" start="2024-04-18T23:14:14.736685" elapsed="0.092638"/>
</kw>
<kw name="Set Variable" owner="BuiltIn">
<msg time="2024-04-18T23:14:14.830323" level="INFO">${json_data} = {'results': [{'gender': 'female', 'name': {'title': 'Ms', 'first': 'Karola', 'last': 'Biehl'}, 'location': {'street': {'number': 7876, 'name': 'Mittelstraße'}, 'city': 'Ortrand', 'state': 'Mecklenburg...</msg>
<var>${json_data}</var>
<arg>${response.json()}</arg>
<doc>Returns the given values which can then be assigned to a variables.</doc>
<status status="PASS" start="2024-04-18T23:14:14.829764" elapsed="0.000588"/>
</kw>
<kw name="Set Variable" owner="BuiltIn">
<msg time="2024-04-18T23:14:14.831081" level="INFO">${name_title} = Ms</msg>
<var>${name_title}</var>
<arg>${json_data["results"][0]["name"]["title"]}</arg>
<doc>Returns the given values which can then be assigned to a variables.</doc>
<status status="PASS" start="2024-04-18T23:14:14.830695" elapsed="0.000412"/>
</kw>
<kw name="Create List" owner="BuiltIn">
<msg time="2024-04-18T23:14:14.831558" level="INFO">${allowed_titles} = ['Mr', 'Ms', 'Miss', 'Mrs', 'Madame', 'Monsieur']</msg>
<var>${allowed_titles}</var>
<arg>Mr</arg>
<arg>Ms</arg>
<arg>Miss</arg>
<arg>Mrs</arg>
<arg>Madame</arg>
<arg>Monsieur</arg>
<doc>Returns a list containing given items.</doc>
<status status="PASS" start="2024-04-18T23:14:14.831404" elapsed="0.000178"/>
</kw>
<kw name="List Should Contain Value" owner="Collections">
<msg time="2024-04-18T23:14:14.832042" level="INFO">False</msg>
<arg>${allowed_titles}</arg>
<arg>${name_title}</arg>
<doc>Fails if the ``value`` is not found from ``list``.</doc>
<status status="PASS" start="2024-04-18T23:14:14.831877" elapsed="0.000201"/>
</kw>
<kw name="Set Variable" owner="BuiltIn">
<msg time="2024-04-18T23:14:14.832732" level="INFO">${name_country} = DE</msg>
<var>${name_country}</var>
<arg>${json_data["results"][0]["nat"]}</arg>
<doc>Returns the given values which can then be assigned to a variables.</doc>
<status status="PASS" start="2024-04-18T23:14:14.832359" elapsed="0.000397"/>
</kw>
<kw name="Create List" owner="BuiltIn">
<msg time="2024-04-18T23:14:14.833631" level="INFO">${list_country} = ['AD', 'AE', 'AF', 'AG', 'AI', 'AL', 'AM', 'AO', 'AQ', 'AR', 'AS', 'AT', 'AU', 'AW', 'AX', 'AZ', 'BA', 'BB', 'BD', 'BE', 'BF', 'BG', 'BH', 'BI', 'BJ', 'BL', 'BM', 'BN', 'BO', 'BQ', 'BR', 'BS', 'BT', '...</msg>
<var>${list_country}</var>
<arg>AD</arg>
<arg>AE</arg>
<arg>AF</arg>
<arg>AG</arg>
<arg>AI</arg>
<arg>AL</arg>
<arg>AM</arg>
<arg>AO</arg>
<arg>AQ</arg>
<arg>AR</arg>
<arg>AS</arg>
<arg>AT</arg>
<arg>AU</arg>
<arg>AW</arg>
<arg>AX</arg>
<arg>AZ</arg>
<arg>BA</arg>
<arg>BB</arg>
<arg>BD</arg>
<arg>BE</arg>
<arg>BF</arg>
<arg>BG</arg>
<arg>BH</arg>
<arg>BI</arg>
<arg>BJ</arg>
<arg>BL</arg>
<arg>BM</arg>
<arg>BN</arg>
<arg>BO</arg>
<arg>BQ</arg>
<arg>BR</arg>
<arg>BS</arg>
<arg>BT</arg>
<arg>BV</arg>
<arg>BW</arg>
<arg>BY</arg>
<arg>BZ</arg>
<arg>CA</arg>
<arg>CC</arg>
<arg>CD</arg>
<arg>CF</arg>
<arg>CG</arg>
<arg>CH</arg>
<arg>CI</arg>
<arg>CK</arg>
<arg>CL</arg>
<arg>CM</arg>
<arg>CN</arg>
<arg>CO</arg>
<arg>CR</arg>
<arg>CU</arg>
<arg>CV</arg>
<arg>CW</arg>
<arg>CX</arg>
<arg>CY</arg>
<arg>CZ</arg>
<arg>DE</arg>
<arg>DJ</arg>
<arg>DK</arg>
<arg>DM</arg>
<arg>DO</arg>
<arg>DZ</arg>
<arg>EC</arg>
<arg>EE</arg>
<arg>EG</arg>
<arg>EH</arg>
<arg>ER</arg>
<arg>ES</arg>
<arg>ET</arg>
<arg>FI</arg>
<arg>FJ</arg>
<arg>FK</arg>
<arg>FM</arg>
<arg>FO</arg>
<arg>FR</arg>
<arg>GA</arg>
<arg>GB</arg>
<arg>GD</arg>
<arg>GE</arg>
<arg>GF</arg>
<arg>GG</arg>
<arg>GH</arg>
<arg>GI</arg>
<arg>GL</arg>
<arg>GM</arg>
<arg>GN</arg>
<arg>GP</arg>
<arg>GQ</arg>
<arg>GR</arg>
<arg>GS</arg>
<arg>GT</arg>
<arg>GU</arg>
<arg>GW</arg>
<arg>GY</arg>
<arg>HK</arg>
<arg>HM</arg>
<arg>HN</arg>
<arg>HR</arg>
<arg>HT</arg>
<arg>HU</arg>
<arg>ID</arg>
<arg>IE</arg>
<arg>IL</arg>
<arg>IM</arg>
<arg>IN</arg>
<arg>IO</arg>
<arg>IQ</arg>
<arg>IR</arg>
<arg>IS</arg>
<arg>IT</arg>
<arg>JE</arg>
<arg>JM</arg>
<arg>JO</arg>
<arg>JP</arg>
<arg>KE</arg>
<arg>KG</arg>
<arg>KH</arg>
<arg>KI</arg>
<arg>KM</arg>
<arg>KN</arg>
<arg>KP</arg>
<arg>KR</arg>
<arg>KW</arg>
<arg>KY</arg>
<arg>KZ</arg>
<arg>LA</arg>
<arg>LB</arg>
<arg>LC</arg>
<arg>LI</arg>
<arg>LK</arg>
<arg>LR</arg>
<arg>LS</arg>
<arg>LT</arg>
<arg>LU</arg>
<arg>LV</arg>
<arg>LY</arg>
<arg>MA</arg>
<arg>MC</arg>
<arg>MD</arg>
<arg>ME</arg>
<arg>MF</arg>
<arg>MG</arg>
<arg>MH</arg>
<arg>MK</arg>
<arg>ML</arg>
<arg>MM</arg>
<arg>MN</arg>
<arg>MO</arg>
<arg>MP</arg>
<arg>MQ</arg>
<arg>MR</arg>
<arg>MS</arg>
<arg>MT</arg>
<arg>MU</arg>
<arg>MV</arg>
<arg>MW</arg>
<arg>MX</arg>
<arg>MY</arg>
<arg>MZ</arg>
<arg>NA</arg>
<arg>NC</arg>
<arg>NE</arg>
<arg>NF</arg>
<arg>NG</arg>
<arg>NI</arg>
<arg>NL</arg>
<arg>NO</arg>
<arg>NP</arg>
<arg>NR</arg>
<arg>NU</arg>
<arg>NZ</arg>
<arg>OM</arg>
<arg>PA</arg>
<arg>PE</arg>
<arg>PF</arg>
<arg>PG</arg>
<arg>PH</arg>
<arg>PK</arg>
<arg>PL</arg>
<arg>PM</arg>
<arg>PN</arg>
<arg>PR</arg>
<arg>PS</arg>
<arg>PT</arg>
<arg>PW</arg>
<arg>PY</arg>
<arg>QA</arg>
<arg>RE</arg>
<arg>RO</arg>
<arg>RS</arg>
<arg>RU</arg>
<arg>RW</arg>
<arg>SA</arg>
<arg>SB</arg>
<arg>SC</arg>
<arg>SD</arg>
<arg>SE</arg>
<arg>SG</arg>
<arg>SH</arg>
<arg>SI</arg>
<arg>SJ</arg>
<arg>SK</arg>
<arg>SL</arg>
<arg>SM</arg>
<arg>SN</arg>
<arg>SO</arg>
<arg>SR</arg>
<arg>SS</arg>
<arg>ST</arg>
<arg>SV</arg>
<arg>SX</arg>
<arg>SY</arg>
<arg>SZ</arg>
<arg>TC</arg>
<arg>TD</arg>
<arg>TF</arg>
<arg>TG</arg>
<arg>TH</arg>
<arg>TJ</arg>
<arg>TK</arg>
<arg>TL</arg>
<arg>TM</arg>
<arg>TN</arg>
<arg>TO</arg>
<arg>TR</arg>
<arg>TT</arg>
<arg>TV</arg>
<arg>TW</arg>
<arg>TZ</arg>
<arg>UA</arg>
<arg>UG</arg>
<arg>UM</arg>
<arg>US</arg>
<arg>UY</arg>
<arg>UZ</arg>
<arg>VA</arg>
<arg>VC</arg>
<arg>VE</arg>
<arg>VG</arg>
<arg>VI</arg>
<arg>VN</arg>
<arg>VU</arg>
<arg>WF</arg>
<arg>WS</arg>
<arg>XK</arg>
<arg>YE</arg>
<arg>YT</arg>
<arg>ZA</arg>
<arg>ZM</arg>
<arg>ZW</arg>
<doc>Returns a list containing given items.</doc>
<status status="PASS" start="2024-04-18T23:14:14.833053" elapsed="0.000602"/>
</kw>
<kw name="List Should Contain Value" owner="Collections">
<msg time="2024-04-18T23:14:14.834661" level="INFO">False</msg>
<arg>${list_country}</arg>
<arg>${name_country}</arg>
<doc>Fails if the ``value`` is not found from ``list``.</doc>
<status status="PASS" start="2024-04-18T23:14:14.834438" elapsed="0.000264"/>
</kw>
<kw name="Run Keyword If" owner="BuiltIn">
<kw name="Should Be True" owner="BuiltIn">
<arg>${True}</arg>
<doc>Fails if the given condition is not true.</doc>
<status status="PASS" start="2024-04-18T23:14:14.835761" elapsed="0.000243"/>
</kw>
<arg>${json_data["results"][0]["location"]["coordinates"]["latitude"]} &gt;= -90 and ${json_data["results"][0]["location"]["coordinates"]["latitude"]} &lt;= 90</arg>
<arg>Should Be True</arg>
<arg>${True}</arg>
<doc>Runs the given keyword with the given arguments, if ``condition`` is true.</doc>
<status status="PASS" start="2024-04-18T23:14:14.835016" elapsed="0.001119"/>
</kw>
<kw name="Run Keyword If" owner="BuiltIn">
<kw name="Should Be True" owner="BuiltIn">
<arg>${True}</arg>
<doc>Fails if the given condition is not true.</doc>
<status status="PASS" start="2024-04-18T23:14:14.837019" elapsed="0.000138"/>
</kw>
<arg>${json_data["results"][0]["location"]["coordinates"]["longitude"]} &gt;= -180 and ${json_data["results"][0]["location"]["coordinates"]["longitude"]} &lt;= 180</arg>
<arg>Should Be True</arg>
<arg>${True}</arg>
<doc>Runs the given keyword with the given arguments, if ``condition`` is true.</doc>
<status status="PASS" start="2024-04-18T23:14:14.836322" elapsed="0.000959"/>
</kw>
<status status="PASS" start="2024-04-18T23:14:14.736468" elapsed="0.100940"/>
</kw>
<doc>Testa o conteúdo específico dos campos retornados pela API.</doc>
<tag>testeConteudo</tag>
<status status="PASS" start="2024-04-18T23:14:14.735973" elapsed="0.101573"/>
</test>
<status status="PASS" start="2024-04-18T23:14:13.962229" elapsed="0.877295"/>
</suite>
<status status="PASS" start="2024-04-18T23:14:13.948847" elapsed="0.895747"/>
</suite>
<statistics>
<total>
<stat pass="5" fail="0" skip="0">All Tests</stat>
</total>
<tag>
<stat pass="1" fail="0" skip="0">testeConteudo</stat>
<stat pass="1" fail="0" skip="0">testeEstruturaResposta</stat>
<stat pass="1" fail="0" skip="0">testeRequisicaoBasica</stat>
<stat pass="1" fail="0" skip="0">testeTiposDados</stat>
</tag>
<suite>
<stat pass="5" fail="0" skip="0" id="s1" name="Tests">Tests</stat>
<stat pass="5" fail="0" skip="0" id="s1-s1" name="Random-User-Test">Tests.Random-User-Test</stat>
</suite>
</statistics>
<errors>
</errors>
</robot>
