<?xml version="1.0" encoding="UTF-8"?>
<robot generator="Robot 7.0 (Python 3.12.3 on linux)" generated="2024-05-03T03:16:15.421384" rpa="false" schemaversion="5">
<suite id="s1" name="Tests" source="/home/runner/work/DesafioQAItauRogerioJordao/DesafioQAItauRogerioJordao/RamdonUser/tests">
<suite id="s1-s1" name="Random-User-Test" source="/home/runner/work/DesafioQAItauRogerioJordao/DesafioQAItauRogerioJordao/RamdonUser/tests/random-user-test.robot">
<test id="s1-s1-t1" name="Conectar" line="13">
<kw name="Conectar API" owner="random-user-service">
<kw name="Create Session" owner="RequestsLibrary">
<msg time="2024-05-03T03:16:15.792537" level="INFO">Creating Session using : alias=consultarAPI, url=https://randomuser.me/, headers={},                     cookies={}, auth=None, timeout=None, proxies=None, verify=False,                     debug=0 </msg>
<arg>consultarAPI</arg>
<arg>${URL}</arg>
<doc>Create Session: create a HTTP session to a server</doc>
<status status="PASS" start="2024-05-03T03:16:15.792298" elapsed="0.000438"/>
</kw>
<status status="PASS" start="2024-05-03T03:16:15.791295" elapsed="0.001799"/>
</kw>
<status status="PASS" start="2024-05-03T03:16:15.790718" elapsed="0.002571"/>
</test>
<test id="s1-s1-t2" name="Validar retorno 200 e JSON Válido" line="16">
<kw name="Teste de Requisicao Basica" owner="random-user-service">
<kw name="GET On Session" owner="RequestsLibrary">
<msg time="2024-05-03T03:16:15.915180" level="INFO">GET Request : url=https://randomuser.me/api 
 path_url=/api 
 headers={'User-Agent': 'python-requests/2.31.0', 'Accept-Encoding': 'gzip, deflate', 'Accept': '*/*', 'Connection': 'keep-alive'} 
 body=None 
 </msg>
<msg time="2024-05-03T03:16:15.915336" level="INFO">GET Response : url=https://randomuser.me/api 
 status=200, reason=OK 
 headers={'Date': 'Fri, 03 May 2024 03:16:15 GMT', 'Content-Type': 'application/json; charset=utf-8', 'Transfer-Encoding': 'chunked', 'Connection': 'keep-alive', 'X-Powered-By': 'Express', 'Access-Control-Allow-Origin': '*', 'Cache-Control': 'no-cache', 'ETag': 'W/"493-DlFVVbiXjdbicD3IZGy5CtB/Lw8"', 'Vary': 'Accept-Encoding', 'Content-Encoding': 'gzip', 'CF-Cache-Status': 'DYNAMIC', 'Report-To': '{"endpoints":[{"url":"https:\\/\\/a.nel.cloudflare.com\\/report\\/v4?s=kcdhEAmHG7FUkP9bIEMUBOPcUpSHjsZLoab%2BokE4tcsN%2BorkbkCa6iV7zMQx0FrsY8Wiz5hfosKdIOGms8iiAO1aECRCNqWBnUAxb4t4k0yzxB8uPoT9dOa8mQ%2FOXTs7"}],"group":"cf-nel","max_age":604800}', 'NEL': '{"success_fraction":0,"report_to":"cf-nel","max_age":604800}', 'Server': 'cloudflare', 'CF-RAY': '87dd175eec3fceb5-SJC', 'alt-svc': 'h3=":443"; ma=86400'} 
 body={"results":[{"gender":"male","name":{"title":"Mr","first":"Iván","last":"Castillo"},"location":{"street":{"number":9660,"name":"Calle de La Luna"},"city":"Gandía","state":"Asturias","country":"Spain","postcode":90000,"coordinates":{"latitude":"-34.2015","longitude":"-166.5180"},"timezone":{"offset":"-5:00","description":"Eastern Time (US &amp; Canada), Bogota, Lima"}},"email":"ivan.castillo@example.com","login":{"uuid":"824f842e-c82e-4975-8459-fd7f7ebf7fb7","username":"greenmouse989","password":"dogpound","salt":"VHi6KEwG","md5":"a5fd9c77dcc284e3d39fc0f1d123eae4","sha1":"3b1427a1c333d01bab4a58965e19718245b8d9bf","sha256":"b8acdfb527921fba621effbcacc8f0b133905627e179098d9df957d2f1e2ec41"},"dob":{"date":"1991-07-18T04:54:00.982Z","age":32},"registered":{"date":"2011-07-03T00:55:14.120Z","age":12},"phone":"948-794-974","cell":"631-360-736","id":{"name":"DNI","value":"76799424-I"},"picture":{"large":"https://randomuser.me/api/portraits/men/93.jpg","medium":"https://randomuser.me/api/portraits/med/men/93.jpg","thumbnail":"https://randomuser.me/api/portraits/thumb/men/93.jpg"},"nat":"ES"}],"info":{"seed":"6f2300a4380f1799","results":1,"page":1,"version":"1.4"}} 
 </msg>
<msg time="2024-05-03T03:16:15.915434" level="INFO">/opt/hostedtoolcache/Python/3.12.3/x64/lib/python3.12/site-packages/urllib3/connectionpool.py:1103: InsecureRequestWarning: Unverified HTTPS request is being made to host 'randomuser.me'. Adding certificate verification is strongly advised. See: https://urllib3.readthedocs.io/en/latest/advanced-usage.html#tls-warnings
  warnings.warn(</msg>
<msg time="2024-05-03T03:16:15.915600" level="INFO">${response} = &lt;Response [200]&gt;</msg>
<var>${response}</var>
<arg>consultarAPI</arg>
<arg>/api</arg>
<doc>Sends a GET request on a previously created HTTP Session.</doc>
<status status="PASS" start="2024-05-03T03:16:15.795884" elapsed="0.119759"/>
</kw>
<kw name="Should Be Equal As Numbers" owner="BuiltIn">
<msg time="2024-05-03T03:16:15.916701" level="INFO">Argument types are:
&lt;class 'int'&gt;
&lt;class 'str'&gt;</msg>
<arg>${response.status_code}</arg>
<arg>200</arg>
<doc>Fails if objects are unequal after converting them to real numbers.</doc>
<status status="PASS" start="2024-05-03T03:16:15.916196" elapsed="0.000571"/>
</kw>
<kw name="Log" owner="BuiltIn">
<msg time="2024-05-03T03:16:15.917460" level="INFO">200</msg>
<arg>${response.status_code}</arg>
<doc>Logs the given message with the given level.</doc>
<status status="PASS" start="2024-05-03T03:16:15.917109" elapsed="0.000393"/>
</kw>
<kw name="Set Variable" owner="BuiltIn">
<msg time="2024-05-03T03:16:15.918257" level="INFO">${json_data} = {'results': [{'gender': 'male', 'name': {'title': 'Mr', 'first': 'Iván', 'last': 'Castillo'}, 'location': {'street': {'number': 9660, 'name': 'Calle de La Luna'}, 'city': 'Gandía', 'state': 'Asturias'...</msg>
<var>${json_data}</var>
<arg>${response.json()}</arg>
<doc>Returns the given values which can then be assigned to a variables.</doc>
<status status="PASS" start="2024-05-03T03:16:15.917807" elapsed="0.000480"/>
</kw>
<kw name="Dictionary Should Contain Key" owner="Collections">
<msg time="2024-05-03T03:16:15.918758" level="INFO">False</msg>
<arg>${json_data}</arg>
<arg>results</arg>
<doc>Fails if ``key`` is not found from ``dictionary``.</doc>
<status status="PASS" start="2024-05-03T03:16:15.918592" elapsed="0.000213"/>
</kw>
<status status="PASS" start="2024-05-03T03:16:15.795644" elapsed="0.123419"/>
</kw>
<doc>Testa se a API responde corretamente e retorna um objeto JSON válido.</doc>
<tag>testeRequisicaoBasica</tag>
<status status="PASS" start="2024-05-03T03:16:15.795169" elapsed="0.124081"/>
</test>
<test id="s1-s1-t3" name="Validar estrutura de resposta" line="22">
<kw name="Teste de Estrutura de Resposta" owner="random-user-service">
<kw name="GET On Session" owner="RequestsLibrary">
<msg time="2024-05-03T03:16:16.040420" level="INFO">GET Request : url=https://randomuser.me/api 
 path_url=/api 
 headers={'User-Agent': 'python-requests/2.31.0', 'Accept-Encoding': 'gzip, deflate', 'Accept': '*/*', 'Connection': 'keep-alive'} 
 body=None 
 </msg>
<msg time="2024-05-03T03:16:16.040526" level="INFO">GET Response : url=https://randomuser.me/api 
 status=200, reason=OK 
 headers={'Date': 'Fri, 03 May 2024 03:16:16 GMT', 'Content-Type': 'application/json; charset=utf-8', 'Transfer-Encoding': 'chunked', 'Connection': 'keep-alive', 'X-Powered-By': 'Express', 'Access-Control-Allow-Origin': '*', 'Cache-Control': 'no-cache', 'ETag': 'W/"482-Z5qNwL+2ycPTrSKw0ZBx8IP6J5k"', 'Vary': 'Accept-Encoding', 'Content-Encoding': 'gzip', 'CF-Cache-Status': 'DYNAMIC', 'Report-To': '{"endpoints":[{"url":"https:\\/\\/a.nel.cloudflare.com\\/report\\/v4?s=Nyk2eXQce4NC9edZZhCEdNgT8xuYuPlujUXAXWIqAbW7v3e6kscKqa4mRkQen2%2BF5m4xRguZ97XpsHce7Fi3jvA9AYLJhWSjnI5hys43OVGgCPIPlOlx%2FTcoBFBjrLF2"}],"group":"cf-nel","max_age":604800}', 'NEL': '{"success_fraction":0,"report_to":"cf-nel","max_age":604800}', 'Server': 'cloudflare', 'CF-RAY': '87dd175f8d34ceb5-SJC', 'alt-svc': 'h3=":443"; ma=86400'} 
 body={"results":[{"gender":"male","name":{"title":"Mr","first":"Eeli","last":"Wiitala"},"location":{"street":{"number":248,"name":"Otavalankatu"},"city":"Oulunsalo","state":"Lapland","country":"Finland","postcode":98897,"coordinates":{"latitude":"-28.2418","longitude":"-16.6674"},"timezone":{"offset":"-12:00","description":"Eniwetok, Kwajalein"}},"email":"eeli.wiitala@example.com","login":{"uuid":"2f00894f-1ef5-4a97-85d6-84c3d2905116","username":"ticklishkoala594","password":"frosty","salt":"g57vPKDs","md5":"a433b83d1a2964b1aa4b98c82e6eb902","sha1":"d884970d1851ad04f297078f4c243cfcaab79b0d","sha256":"25aa4ae2089a8f41350911cf2d14e78dc546ce214ccf5ddb4a27465259049e6e"},"dob":{"date":"1959-01-27T10:36:13.949Z","age":65},"registered":{"date":"2017-11-14T23:44:18.741Z","age":6},"phone":"08-150-311","cell":"043-009-99-77","id":{"name":"HETU","value":"NaNNA441undefined"},"picture":{"large":"https://randomuser.me/api/portraits/men/23.jpg","medium":"https://randomuser.me/api/portraits/med/men/23.jpg","thumbnail":"https://randomuser.me/api/portraits/thumb/men/23.jpg"},"nat":"FI"}],"info":{"seed":"b8d71d1091cdd5db","results":1,"page":1,"version":"1.4"}} 
 </msg>
<msg time="2024-05-03T03:16:16.040664" level="INFO">/opt/hostedtoolcache/Python/3.12.3/x64/lib/python3.12/site-packages/urllib3/connectionpool.py:1103: InsecureRequestWarning: Unverified HTTPS request is being made to host 'randomuser.me'. Adding certificate verification is strongly advised. See: https://urllib3.readthedocs.io/en/latest/advanced-usage.html#tls-warnings
  warnings.warn(</msg>
<msg time="2024-05-03T03:16:16.040815" level="INFO">${response} = &lt;Response [200]&gt;</msg>
<var>${response}</var>
<arg>consultarAPI</arg>
<arg>/api</arg>
<doc>Sends a GET request on a previously created HTTP Session.</doc>
<status status="PASS" start="2024-05-03T03:16:15.921920" elapsed="0.118938"/>
</kw>
<kw name="Set Variable" owner="BuiltIn">
<msg time="2024-05-03T03:16:16.041892" level="INFO">${json_data} = {'results': [{'gender': 'male', 'name': {'title': 'Mr', 'first': 'Eeli', 'last': 'Wiitala'}, 'location': {'street': {'number': 248, 'name': 'Otavalankatu'}, 'city': 'Oulunsalo', 'state': 'Lapland', 'c...</msg>
<var>${json_data}</var>
<arg>${response.json()}</arg>
<doc>Returns the given values which can then be assigned to a variables.</doc>
<status status="PASS" start="2024-05-03T03:16:16.041371" elapsed="0.000552"/>
</kw>
<kw name="Log" owner="BuiltIn">
<msg time="2024-05-03T03:16:16.042393" level="INFO">{'results': [{'gender': 'male', 'name': {'title': 'Mr', 'first': 'Eeli', 'last': 'Wiitala'}, 'location': {'street': {'number': 248, 'name': 'Otavalankatu'}, 'city': 'Oulunsalo', 'state': 'Lapland', 'country': 'Finland', 'postcode': 98897, 'coordinates': {'latitude': '-28.2418', 'longitude': '-16.6674'}, 'timezone': {'offset': '-12:00', 'description': 'Eniwetok, Kwajalein'}}, 'email': 'eeli.wiitala@example.com', 'login': {'uuid': '2f00894f-1ef5-4a97-85d6-84c3d2905116', 'username': 'ticklishkoala594', 'password': 'frosty', 'salt': 'g57vPKDs', 'md5': 'a433b83d1a2964b1aa4b98c82e6eb902', 'sha1': 'd884970d1851ad04f297078f4c243cfcaab79b0d', 'sha256': '25aa4ae2089a8f41350911cf2d14e78dc546ce214ccf5ddb4a27465259049e6e'}, 'dob': {'date': '1959-01-27T10:36:13.949Z', 'age': 65}, 'registered': {'date': '2017-11-14T23:44:18.741Z', 'age': 6}, 'phone': '08-150-311', 'cell': '043-009-99-77', 'id': {'name': 'HETU', 'value': 'NaNNA441undefined'}, 'picture': {'large': 'https://randomuser.me/api/portraits/men/23.jpg', 'medium': 'https://randomuser.me/api/portraits/med/men/23.jpg', 'thumbnail': 'https://randomuser.me/api/portraits/thumb/men/23.jpg'}, 'nat': 'FI'}], 'info': {'seed': 'b8d71d1091cdd5db', 'results': 1, 'page': 1, 'version': '1.4'}}</msg>
<arg>${json_data}</arg>
<doc>Logs the given message with the given level.</doc>
<status status="PASS" start="2024-05-03T03:16:16.042228" elapsed="0.000215"/>
</kw>
<kw name="Dictionary Should Contain Key" owner="Collections">
<msg time="2024-05-03T03:16:16.042900" level="INFO">False</msg>
<arg>${json_data}</arg>
<arg>results</arg>
<doc>Fails if ``key`` is not found from ``dictionary``.</doc>
<status status="PASS" start="2024-05-03T03:16:16.042743" elapsed="0.000194"/>
</kw>
<kw name="Should Not Be Empty" owner="BuiltIn">
<msg time="2024-05-03T03:16:16.043369" level="INFO">Length is 2.</msg>
<arg>${json_data}</arg>
<doc>Verifies that the given item is not empty.</doc>
<status status="PASS" start="2024-05-03T03:16:16.043235" elapsed="0.000173"/>
</kw>
<kw name="Create List" owner="BuiltIn">
<msg time="2024-05-03T03:16:16.044013" level="INFO">${expected_keys} = ['gender', 'name', 'location', 'email', 'login']</msg>
<var>${expected_keys}</var>
<arg>gender</arg>
<arg>name</arg>
<arg>location</arg>
<arg>email</arg>
<arg>login</arg>
<doc>Returns a list containing given items.</doc>
<status status="PASS" start="2024-05-03T03:16:16.043697" elapsed="0.000341"/>
</kw>
<for flavor="IN">
<iter>
<kw name="Dictionary Should Contain Key" owner="Collections">
<msg time="2024-05-03T03:16:16.045066" level="INFO">False</msg>
<arg>${json_data['results'][0]}</arg>
<arg>${key}</arg>
<doc>Fails if ``key`` is not found from ``dictionary``.</doc>
<status status="PASS" start="2024-05-03T03:16:16.044663" elapsed="0.000443"/>
</kw>
<kw name="Log" owner="BuiltIn">
<msg time="2024-05-03T03:16:16.045775" level="INFO">{'gender': 'male', 'name': {'title': 'Mr', 'first': 'Eeli', 'last': 'Wiitala'}, 'location': {'street': {'number': 248, 'name': 'Otavalankatu'}, 'city': 'Oulunsalo', 'state': 'Lapland', 'country': 'Finland', 'postcode': 98897, 'coordinates': {'latitude': '-28.2418', 'longitude': '-16.6674'}, 'timezone': {'offset': '-12:00', 'description': 'Eniwetok, Kwajalein'}}, 'email': 'eeli.wiitala@example.com', 'login': {'uuid': '2f00894f-1ef5-4a97-85d6-84c3d2905116', 'username': 'ticklishkoala594', 'password': 'frosty', 'salt': 'g57vPKDs', 'md5': 'a433b83d1a2964b1aa4b98c82e6eb902', 'sha1': 'd884970d1851ad04f297078f4c243cfcaab79b0d', 'sha256': '25aa4ae2089a8f41350911cf2d14e78dc546ce214ccf5ddb4a27465259049e6e'}, 'dob': {'date': '1959-01-27T10:36:13.949Z', 'age': 65}, 'registered': {'date': '2017-11-14T23:44:18.741Z', 'age': 6}, 'phone': '08-150-311', 'cell': '043-009-99-77', 'id': {'name': 'HETU', 'value': 'NaNNA441undefined'}, 'picture': {'large': 'https://randomuser.me/api/portraits/men/23.jpg', 'medium': 'https://randomuser.me/api/portraits/med/men/23.jpg', 'thumbnail': 'https://randomuser.me/api/portraits/thumb/men/23.jpg'}, 'nat': 'FI'}</msg>
<arg>${json_data['results'][0]}</arg>
<doc>Logs the given message with the given level.</doc>
<status status="PASS" start="2024-05-03T03:16:16.045407" elapsed="0.000416"/>
</kw>
<kw name="Log" owner="BuiltIn">
<msg time="2024-05-03T03:16:16.046256" level="INFO">gender</msg>
<arg>${key}</arg>
<doc>Logs the given message with the given level.</doc>
<status status="PASS" start="2024-05-03T03:16:16.046121" elapsed="0.000174"/>
</kw>
<var name="${key}">gender</var>
<status status="PASS" start="2024-05-03T03:16:16.044534" elapsed="0.001976"/>
</iter>
<iter>
<kw name="Dictionary Should Contain Key" owner="Collections">
<msg time="2024-05-03T03:16:16.047205" level="INFO">False</msg>
<arg>${json_data['results'][0]}</arg>
<arg>${key}</arg>
<doc>Fails if ``key`` is not found from ``dictionary``.</doc>
<status status="PASS" start="2024-05-03T03:16:16.046818" elapsed="0.000426"/>
</kw>
<kw name="Log" owner="BuiltIn">
<msg time="2024-05-03T03:16:16.047933" level="INFO">{'gender': 'male', 'name': {'title': 'Mr', 'first': 'Eeli', 'last': 'Wiitala'}, 'location': {'street': {'number': 248, 'name': 'Otavalankatu'}, 'city': 'Oulunsalo', 'state': 'Lapland', 'country': 'Finland', 'postcode': 98897, 'coordinates': {'latitude': '-28.2418', 'longitude': '-16.6674'}, 'timezone': {'offset': '-12:00', 'description': 'Eniwetok, Kwajalein'}}, 'email': 'eeli.wiitala@example.com', 'login': {'uuid': '2f00894f-1ef5-4a97-85d6-84c3d2905116', 'username': 'ticklishkoala594', 'password': 'frosty', 'salt': 'g57vPKDs', 'md5': 'a433b83d1a2964b1aa4b98c82e6eb902', 'sha1': 'd884970d1851ad04f297078f4c243cfcaab79b0d', 'sha256': '25aa4ae2089a8f41350911cf2d14e78dc546ce214ccf5ddb4a27465259049e6e'}, 'dob': {'date': '1959-01-27T10:36:13.949Z', 'age': 65}, 'registered': {'date': '2017-11-14T23:44:18.741Z', 'age': 6}, 'phone': '08-150-311', 'cell': '043-009-99-77', 'id': {'name': 'HETU', 'value': 'NaNNA441undefined'}, 'picture': {'large': 'https://randomuser.me/api/portraits/men/23.jpg', 'medium': 'https://randomuser.me/api/portraits/med/men/23.jpg', 'thumbnail': 'https://randomuser.me/api/portraits/thumb/men/23.jpg'}, 'nat': 'FI'}</msg>
<arg>${json_data['results'][0]}</arg>
<doc>Logs the given message with the given level.</doc>
<status status="PASS" start="2024-05-03T03:16:16.047571" elapsed="0.000410"/>
</kw>
<kw name="Log" owner="BuiltIn">
<msg time="2024-05-03T03:16:16.048426" level="INFO">name</msg>
<arg>${key}</arg>
<doc>Logs the given message with the given level.</doc>
<status status="PASS" start="2024-05-03T03:16:16.048277" elapsed="0.000188"/>
</kw>
<var name="${key}">name</var>
<status status="PASS" start="2024-05-03T03:16:16.046703" elapsed="0.001977"/>
</iter>
<iter>
<kw name="Dictionary Should Contain Key" owner="Collections">
<msg time="2024-05-03T03:16:16.049364" level="INFO">False</msg>
<arg>${json_data['results'][0]}</arg>
<arg>${key}</arg>
<doc>Fails if ``key`` is not found from ``dictionary``.</doc>
<status status="PASS" start="2024-05-03T03:16:16.048977" elapsed="0.000425"/>
</kw>
<kw name="Log" owner="BuiltIn">
<msg time="2024-05-03T03:16:16.050072" level="INFO">{'gender': 'male', 'name': {'title': 'Mr', 'first': 'Eeli', 'last': 'Wiitala'}, 'location': {'street': {'number': 248, 'name': 'Otavalankatu'}, 'city': 'Oulunsalo', 'state': 'Lapland', 'country': 'Finland', 'postcode': 98897, 'coordinates': {'latitude': '-28.2418', 'longitude': '-16.6674'}, 'timezone': {'offset': '-12:00', 'description': 'Eniwetok, Kwajalein'}}, 'email': 'eeli.wiitala@example.com', 'login': {'uuid': '2f00894f-1ef5-4a97-85d6-84c3d2905116', 'username': 'ticklishkoala594', 'password': 'frosty', 'salt': 'g57vPKDs', 'md5': 'a433b83d1a2964b1aa4b98c82e6eb902', 'sha1': 'd884970d1851ad04f297078f4c243cfcaab79b0d', 'sha256': '25aa4ae2089a8f41350911cf2d14e78dc546ce214ccf5ddb4a27465259049e6e'}, 'dob': {'date': '1959-01-27T10:36:13.949Z', 'age': 65}, 'registered': {'date': '2017-11-14T23:44:18.741Z', 'age': 6}, 'phone': '08-150-311', 'cell': '043-009-99-77', 'id': {'name': 'HETU', 'value': 'NaNNA441undefined'}, 'picture': {'large': 'https://randomuser.me/api/portraits/men/23.jpg', 'medium': 'https://randomuser.me/api/portraits/med/men/23.jpg', 'thumbnail': 'https://randomuser.me/api/portraits/thumb/men/23.jpg'}, 'nat': 'FI'}</msg>
<arg>${json_data['results'][0]}</arg>
<doc>Logs the given message with the given level.</doc>
<status status="PASS" start="2024-05-03T03:16:16.049700" elapsed="0.000421"/>
</kw>
<kw name="Log" owner="BuiltIn">
<msg time="2024-05-03T03:16:16.050542" level="INFO">location</msg>
<arg>${key}</arg>
<doc>Logs the given message with the given level.</doc>
<status status="PASS" start="2024-05-03T03:16:16.050416" elapsed="0.000164"/>
</kw>
<var name="${key}">location</var>
<status status="PASS" start="2024-05-03T03:16:16.048863" elapsed="0.001929"/>
</iter>
<iter>
<kw name="Dictionary Should Contain Key" owner="Collections">
<msg time="2024-05-03T03:16:16.051462" level="INFO">False</msg>
<arg>${json_data['results'][0]}</arg>
<arg>${key}</arg>
<doc>Fails if ``key`` is not found from ``dictionary``.</doc>
<status status="PASS" start="2024-05-03T03:16:16.051079" elapsed="0.000420"/>
</kw>
<kw name="Log" owner="BuiltIn">
<msg time="2024-05-03T03:16:16.052157" level="INFO">{'gender': 'male', 'name': {'title': 'Mr', 'first': 'Eeli', 'last': 'Wiitala'}, 'location': {'street': {'number': 248, 'name': 'Otavalankatu'}, 'city': 'Oulunsalo', 'state': 'Lapland', 'country': 'Finland', 'postcode': 98897, 'coordinates': {'latitude': '-28.2418', 'longitude': '-16.6674'}, 'timezone': {'offset': '-12:00', 'description': 'Eniwetok, Kwajalein'}}, 'email': 'eeli.wiitala@example.com', 'login': {'uuid': '2f00894f-1ef5-4a97-85d6-84c3d2905116', 'username': 'ticklishkoala594', 'password': 'frosty', 'salt': 'g57vPKDs', 'md5': 'a433b83d1a2964b1aa4b98c82e6eb902', 'sha1': 'd884970d1851ad04f297078f4c243cfcaab79b0d', 'sha256': '25aa4ae2089a8f41350911cf2d14e78dc546ce214ccf5ddb4a27465259049e6e'}, 'dob': {'date': '1959-01-27T10:36:13.949Z', 'age': 65}, 'registered': {'date': '2017-11-14T23:44:18.741Z', 'age': 6}, 'phone': '08-150-311', 'cell': '043-009-99-77', 'id': {'name': 'HETU', 'value': 'NaNNA441undefined'}, 'picture': {'large': 'https://randomuser.me/api/portraits/men/23.jpg', 'medium': 'https://randomuser.me/api/portraits/med/men/23.jpg', 'thumbnail': 'https://randomuser.me/api/portraits/thumb/men/23.jpg'}, 'nat': 'FI'}</msg>
<arg>${json_data['results'][0]}</arg>
<doc>Logs the given message with the given level.</doc>
<status status="PASS" start="2024-05-03T03:16:16.051796" elapsed="0.000410"/>
</kw>
<kw name="Log" owner="BuiltIn">
<msg time="2024-05-03T03:16:16.052645" level="INFO">email</msg>
<arg>${key}</arg>
<doc>Logs the given message with the given level.</doc>
<status status="PASS" start="2024-05-03T03:16:16.052518" elapsed="0.000165"/>
</kw>
<var name="${key}">email</var>
<status status="PASS" start="2024-05-03T03:16:16.050967" elapsed="0.001938"/>
</iter>
<iter>
<kw name="Dictionary Should Contain Key" owner="Collections">
<msg time="2024-05-03T03:16:16.053582" level="INFO">False</msg>
<arg>${json_data['results'][0]}</arg>
<arg>${key}</arg>
<doc>Fails if ``key`` is not found from ``dictionary``.</doc>
<status status="PASS" start="2024-05-03T03:16:16.053192" elapsed="0.000428"/>
</kw>
<kw name="Log" owner="BuiltIn">
<msg time="2024-05-03T03:16:16.054274" level="INFO">{'gender': 'male', 'name': {'title': 'Mr', 'first': 'Eeli', 'last': 'Wiitala'}, 'location': {'street': {'number': 248, 'name': 'Otavalankatu'}, 'city': 'Oulunsalo', 'state': 'Lapland', 'country': 'Finland', 'postcode': 98897, 'coordinates': {'latitude': '-28.2418', 'longitude': '-16.6674'}, 'timezone': {'offset': '-12:00', 'description': 'Eniwetok, Kwajalein'}}, 'email': 'eeli.wiitala@example.com', 'login': {'uuid': '2f00894f-1ef5-4a97-85d6-84c3d2905116', 'username': 'ticklishkoala594', 'password': 'frosty', 'salt': 'g57vPKDs', 'md5': 'a433b83d1a2964b1aa4b98c82e6eb902', 'sha1': 'd884970d1851ad04f297078f4c243cfcaab79b0d', 'sha256': '25aa4ae2089a8f41350911cf2d14e78dc546ce214ccf5ddb4a27465259049e6e'}, 'dob': {'date': '1959-01-27T10:36:13.949Z', 'age': 65}, 'registered': {'date': '2017-11-14T23:44:18.741Z', 'age': 6}, 'phone': '08-150-311', 'cell': '043-009-99-77', 'id': {'name': 'HETU', 'value': 'NaNNA441undefined'}, 'picture': {'large': 'https://randomuser.me/api/portraits/men/23.jpg', 'medium': 'https://randomuser.me/api/portraits/med/men/23.jpg', 'thumbnail': 'https://randomuser.me/api/portraits/thumb/men/23.jpg'}, 'nat': 'FI'}</msg>
<arg>${json_data['results'][0]}</arg>
<doc>Logs the given message with the given level.</doc>
<status status="PASS" start="2024-05-03T03:16:16.053911" elapsed="0.000410"/>
</kw>
<kw name="Log" owner="BuiltIn">
<msg time="2024-05-03T03:16:16.054741" level="INFO">login</msg>
<arg>${key}</arg>
<doc>Logs the given message with the given level.</doc>
<status status="PASS" start="2024-05-03T03:16:16.054616" elapsed="0.000163"/>
</kw>
<var name="${key}">login</var>
<status status="PASS" start="2024-05-03T03:16:16.053080" elapsed="0.001911"/>
</iter>
<var>${key}</var>
<value>@{expected_keys}</value>
<status status="PASS" start="2024-05-03T03:16:16.044304" elapsed="0.010832"/>
</for>
<kw name="Create List" owner="BuiltIn">
<msg time="2024-05-03T03:16:16.055474" level="INFO">${expected_keysTwo} = ['username', 'password']</msg>
<var>${expected_keysTwo}</var>
<arg>username</arg>
<arg>password</arg>
<doc>Returns a list containing given items.</doc>
<status status="PASS" start="2024-05-03T03:16:16.055335" elapsed="0.000164"/>
</kw>
<for flavor="IN">
<iter>
<kw name="Dictionary Should Contain Key" owner="Collections">
<msg time="2024-05-03T03:16:16.056419" level="INFO">False</msg>
<arg>${json_data['results'][0]['login']}</arg>
<arg>${keyTwo}</arg>
<doc>Fails if ``key`` is not found from ``dictionary``.</doc>
<status status="PASS" start="2024-05-03T03:16:16.056002" elapsed="0.000456"/>
</kw>
<kw name="Dictionary Should Contain Key" owner="Collections">
<msg time="2024-05-03T03:16:16.057271" level="INFO">False</msg>
<arg>${json_data['results'][0]['login']}</arg>
<arg>${keyTwo}</arg>
<doc>Fails if ``key`` is not found from ``dictionary``.</doc>
<status status="PASS" start="2024-05-03T03:16:16.056758" elapsed="0.000571"/>
</kw>
<kw name="Log" owner="BuiltIn">
<msg time="2024-05-03T03:16:16.057829" level="INFO">username</msg>
<arg>${keyTwo}</arg>
<doc>Logs the given message with the given level.</doc>
<status status="PASS" start="2024-05-03T03:16:16.057691" elapsed="0.000185"/>
</kw>
<var name="${keyTwo}">username</var>
<status status="PASS" start="2024-05-03T03:16:16.055891" elapsed="0.002279"/>
</iter>
<iter>
<kw name="Dictionary Should Contain Key" owner="Collections">
<msg time="2024-05-03T03:16:16.058863" level="INFO">False</msg>
<arg>${json_data['results'][0]['login']}</arg>
<arg>${keyTwo}</arg>
<doc>Fails if ``key`` is not found from ``dictionary``.</doc>
<status status="PASS" start="2024-05-03T03:16:16.058470" elapsed="0.000432"/>
</kw>
<kw name="Dictionary Should Contain Key" owner="Collections">
<msg time="2024-05-03T03:16:16.059889" level="INFO">False</msg>
<arg>${json_data['results'][0]['login']}</arg>
<arg>${keyTwo}</arg>
<doc>Fails if ``key`` is not found from ``dictionary``.</doc>
<status status="PASS" start="2024-05-03T03:16:16.059202" elapsed="0.000783"/>
</kw>
<kw name="Log" owner="BuiltIn">
<msg time="2024-05-03T03:16:16.060679" level="INFO">password</msg>
<arg>${keyTwo}</arg>
<doc>Logs the given message with the given level.</doc>
<status status="PASS" start="2024-05-03T03:16:16.060470" elapsed="0.000254"/>
</kw>
<var name="${keyTwo}">password</var>
<status status="PASS" start="2024-05-03T03:16:16.058355" elapsed="0.002635"/>
</iter>
<var>${keyTwo}</var>
<value>@{expected_keysTwo}</value>
<status status="PASS" start="2024-05-03T03:16:16.055736" elapsed="0.005386"/>
</for>
<status status="PASS" start="2024-05-03T03:16:15.921684" elapsed="0.139587"/>
</kw>
<doc>Testa a estrutura da resposta da API.</doc>
<tag>testeEstruturaResposta</tag>
<status status="PASS" start="2024-05-03T03:16:15.921173" elapsed="0.140370"/>
</test>
<test id="s1-s1-t4" name="Validar tipos de dados" line="28">
<kw name="Teste de Tipos de Dados" owner="random-user-service">
<kw name="GET On Session" owner="RequestsLibrary">
<msg time="2024-05-03T03:16:16.159438" level="INFO">GET Request : url=https://randomuser.me/api 
 path_url=/api 
 headers={'User-Agent': 'python-requests/2.31.0', 'Accept-Encoding': 'gzip, deflate', 'Accept': '*/*', 'Connection': 'keep-alive'} 
 body=None 
 </msg>
<msg time="2024-05-03T03:16:16.159547" level="INFO">GET Response : url=https://randomuser.me/api 
 status=200, reason=OK 
 headers={'Date': 'Fri, 03 May 2024 03:16:16 GMT', 'Content-Type': 'application/json; charset=utf-8', 'Transfer-Encoding': 'chunked', 'Connection': 'keep-alive', 'X-Powered-By': 'Express', 'Access-Control-Allow-Origin': '*', 'Cache-Control': 'no-cache', 'ETag': 'W/"49c-a3+aGFIrePp0gT029WMXnsxIlRE"', 'Vary': 'Accept-Encoding', 'Content-Encoding': 'gzip', 'CF-Cache-Status': 'DYNAMIC', 'Report-To': '{"endpoints":[{"url":"https:\\/\\/a.nel.cloudflare.com\\/report\\/v4?s=fkhXK4YsLb79ZImskoMx7eDbdgBzJEpNAGybUANlWHJVHmfFfRqkyZ4BdjDkez247z73P1uCk594chRavpex0Jc7a%2B%2B6ZNc%2BM%2FwJGDNIfKWDbzYQqWpDmORihWgX12CX"}],"group":"cf-nel","max_age":604800}', 'NEL': '{"success_fraction":0,"report_to":"cf-nel","max_age":604800}', 'Server': 'cloudflare', 'CF-RAY': '87dd17606e72ceb5-SJC', 'alt-svc': 'h3=":443"; ma=86400'} 
 body={"results":[{"gender":"female","name":{"title":"Mrs","first":"Lea","last":"Jones"},"location":{"street":{"number":1013,"name":"Disputed Rd"},"city":"Burlington","state":"Northwest Territories","country":"Canada","postcode":"D6N 5T8","coordinates":{"latitude":"-69.7622","longitude":"22.5082"},"timezone":{"offset":"+1:00","description":"Brussels, Copenhagen, Madrid, Paris"}},"email":"lea.jones@example.com","login":{"uuid":"a7571616-adae-4f79-aed0-cebb1aaa89f1","username":"angrypeacock929","password":"smokey","salt":"ZM48DLQ6","md5":"a9d1f46e691d4a894f39da83af5e9904","sha1":"86bcb64ea10c5a7576a1d28b47e6c627a7f10485","sha256":"c2392e442a9d95d725db9aef2cda47b60de5811cf921ca6ac4e403e282b63fb4"},"dob":{"date":"1984-06-23T04:18:34.330Z","age":39},"registered":{"date":"2016-10-18T23:51:06.557Z","age":7},"phone":"Q66 N59-0056","cell":"A26 K12-9456","id":{"name":"SIN","value":"006835334"},"picture":{"large":"https://randomuser.me/api/portraits/women/10.jpg","medium":"https://randomuser.me/api/portraits/med/women/10.jpg","thumbnail":"https://randomuser.me/api/portraits/thumb/women/10.jpg"},"nat":"CA"}],"info":{"seed":"e53364e24069fe00","results":1,"page":1,"version":"1.4"}} 
 </msg>
<msg time="2024-05-03T03:16:16.159619" level="INFO">/opt/hostedtoolcache/Python/3.12.3/x64/lib/python3.12/site-packages/urllib3/connectionpool.py:1103: InsecureRequestWarning: Unverified HTTPS request is being made to host 'randomuser.me'. Adding certificate verification is strongly advised. See: https://urllib3.readthedocs.io/en/latest/advanced-usage.html#tls-warnings
  warnings.warn(</msg>
<msg time="2024-05-03T03:16:16.159765" level="INFO">${response} = &lt;Response [200]&gt;</msg>
<var>${response}</var>
<arg>consultarAPI</arg>
<arg>/api</arg>
<doc>Sends a GET request on a previously created HTTP Session.</doc>
<status status="PASS" start="2024-05-03T03:16:16.065150" elapsed="0.094655"/>
</kw>
<kw name="Set Variable" owner="BuiltIn">
<msg time="2024-05-03T03:16:16.160873" level="INFO">${json_data} = {'results': [{'gender': 'female', 'name': {'title': 'Mrs', 'first': 'Lea', 'last': 'Jones'}, 'location': {'street': {'number': 1013, 'name': 'Disputed Rd'}, 'city': 'Burlington', 'state': 'Northwest T...</msg>
<var>${json_data}</var>
<arg>${response.json()}</arg>
<doc>Returns the given values which can then be assigned to a variables.</doc>
<status status="PASS" start="2024-05-03T03:16:16.160301" elapsed="0.000601"/>
</kw>
<kw name="Log" owner="BuiltIn">
<msg time="2024-05-03T03:16:16.161377" level="INFO">{'results': [{'gender': 'female', 'name': {'title': 'Mrs', 'first': 'Lea', 'last': 'Jones'}, 'location': {'street': {'number': 1013, 'name': 'Disputed Rd'}, 'city': 'Burlington', 'state': 'Northwest Territories', 'country': 'Canada', 'postcode': 'D6N 5T8', 'coordinates': {'latitude': '-69.7622', 'longitude': '22.5082'}, 'timezone': {'offset': '+1:00', 'description': 'Brussels, Copenhagen, Madrid, Paris'}}, 'email': 'lea.jones@example.com', 'login': {'uuid': 'a7571616-adae-4f79-aed0-cebb1aaa89f1', 'username': 'angrypeacock929', 'password': 'smokey', 'salt': 'ZM48DLQ6', 'md5': 'a9d1f46e691d4a894f39da83af5e9904', 'sha1': '86bcb64ea10c5a7576a1d28b47e6c627a7f10485', 'sha256': 'c2392e442a9d95d725db9aef2cda47b60de5811cf921ca6ac4e403e282b63fb4'}, 'dob': {'date': '1984-06-23T04:18:34.330Z', 'age': 39}, 'registered': {'date': '2016-10-18T23:51:06.557Z', 'age': 7}, 'phone': 'Q66 N59-0056', 'cell': 'A26 K12-9456', 'id': {'name': 'SIN', 'value': '006835334'}, 'picture': {'large': 'https://randomuser.me/api/portraits/women/10.jpg', 'medium': 'https://randomuser.me/api/portraits/med/women/10.jpg', 'thumbnail': 'https://randomuser.me/api/portraits/thumb/women/10.jpg'}, 'nat': 'CA'}], 'info': {'seed': 'e53364e24069fe00', 'results': 1, 'page': 1, 'version': '1.4'}}</msg>
<arg>${json_data}</arg>
<doc>Logs the given message with the given level.</doc>
<status status="PASS" start="2024-05-03T03:16:16.161215" elapsed="0.000249"/>
</kw>
<kw name="Should Be String" owner="String">
<arg>${json_data['results'][0]['gender']}</arg>
<doc>Fails if the given ``item`` is not a string.</doc>
<status status="PASS" start="2024-05-03T03:16:16.161769" elapsed="0.000378"/>
</kw>
<kw name="Should Match Regexp" owner="BuiltIn">
<arg>${json_data['results'][0]['email']}</arg>
<arg>^[a-zA-Z0-9._%+-]+@[a-zA-Z0-9.-]+\.[a-zA-Z]{2,}$</arg>
<doc>Fails if ``string`` does not match ``pattern`` as a regular expression.</doc>
<status status="PASS" start="2024-05-03T03:16:16.162347" elapsed="0.000523"/>
</kw>
<kw name="Should Match Regexp" owner="BuiltIn">
<arg>${json_data['results'][0]['dob']['date']}</arg>
<arg>\\d{4}-\\d{2}-\\d{2}T\\d{2}:\\d{2}:\\d{2}\\.\\d{3}Z</arg>
<doc>Fails if ``string`` does not match ``pattern`` as a regular expression.</doc>
<status status="PASS" start="2024-05-03T03:16:16.163067" elapsed="0.000505"/>
</kw>
<kw name="Should Match Regexp" owner="BuiltIn">
<arg>${json_data['results'][0]['registered']['date']}</arg>
<arg>\\d{4}-\\d{2}-\\d{2}T\\d{2}:\\d{2}:\\d{2}\\.\\d{3}Z</arg>
<doc>Fails if ``string`` does not match ``pattern`` as a regular expression.</doc>
<status status="PASS" start="2024-05-03T03:16:16.163767" elapsed="0.000372"/>
</kw>
<kw name="Should Match Regexp" owner="BuiltIn">
<arg>${json_data['results'][0]['picture']['large']}</arg>
<arg>^https?://.*\.(?:png|jpe?g|gif|bmp)$</arg>
<doc>Fails if ``string`` does not match ``pattern`` as a regular expression.</doc>
<status status="PASS" start="2024-05-03T03:16:16.164326" elapsed="0.000514"/>
</kw>
<kw name="Should Match Regexp" owner="BuiltIn">
<arg>${json_data['results'][0]['picture']['medium']}</arg>
<arg>^https?://.*\.(?:png|jpe?g|gif|bmp)$</arg>
<doc>Fails if ``string`` does not match ``pattern`` as a regular expression.</doc>
<status status="PASS" start="2024-05-03T03:16:16.165031" elapsed="0.000363"/>
</kw>
<kw name="Should Match Regexp" owner="BuiltIn">
<arg>${json_data['results'][0]['picture']['thumbnail']}</arg>
<arg>^https?://.*\.(?:png|jpe?g|gif|bmp)$</arg>
<doc>Fails if ``string`` does not match ``pattern`` as a regular expression.</doc>
<status status="PASS" start="2024-05-03T03:16:16.165587" elapsed="0.000350"/>
</kw>
<kw name="Log" owner="BuiltIn">
<msg time="2024-05-03T03:16:16.166444" level="INFO">{'large': 'https://randomuser.me/api/portraits/women/10.jpg', 'medium': 'https://randomuser.me/api/portraits/med/women/10.jpg', 'thumbnail': 'https://randomuser.me/api/portraits/thumb/women/10.jpg'}</msg>
<arg>${json_data['results'][0]['picture']}</arg>
<doc>Logs the given message with the given level.</doc>
<status status="PASS" start="2024-05-03T03:16:16.166117" elapsed="0.000368"/>
</kw>
<status status="PASS" start="2024-05-03T03:16:16.064879" elapsed="0.101865"/>
</kw>
<kw name="Teste de Tipos de Dados - Postcode" owner="random-user-service">
<kw name="GET On Session" owner="RequestsLibrary">
<msg time="2024-05-03T03:16:16.261852" level="INFO">GET Request : url=https://randomuser.me/api 
 path_url=/api 
 headers={'User-Agent': 'python-requests/2.31.0', 'Accept-Encoding': 'gzip, deflate', 'Accept': '*/*', 'Connection': 'keep-alive'} 
 body=None 
 </msg>
<msg time="2024-05-03T03:16:16.261950" level="INFO">GET Response : url=https://randomuser.me/api 
 status=200, reason=OK 
 headers={'Date': 'Fri, 03 May 2024 03:16:16 GMT', 'Content-Type': 'application/json; charset=utf-8', 'Transfer-Encoding': 'chunked', 'Connection': 'keep-alive', 'X-Powered-By': 'Express', 'Access-Control-Allow-Origin': '*', 'Cache-Control': 'no-cache', 'ETag': 'W/"490-PSUz6mLeMYeHBZF/V119/Wc37b0"', 'Vary': 'Accept-Encoding', 'Content-Encoding': 'gzip', 'CF-Cache-Status': 'DYNAMIC', 'Report-To': '{"endpoints":[{"url":"https:\\/\\/a.nel.cloudflare.com\\/report\\/v4?s=ynb7TnM82UJ9aSEFtL2cK8PEdslLbsPToncRAbzH1qTE0fm3NoOgdpeb17Dbj%2FmYgjIG0MTqJdw2AfoC9KmEX%2FjkgLMsFx4udRnhXM9CGG%2FiaqbbuRaQstu5rptgKGR%2B"}],"group":"cf-nel","max_age":604800}', 'NEL': '{"success_fraction":0,"report_to":"cf-nel","max_age":604800}', 'Server': 'cloudflare', 'CF-RAY': '87dd17611f0cceb5-SJC', 'alt-svc': 'h3=":443"; ma=86400'} 
 body={"results":[{"gender":"male","name":{"title":"Mr","first":"Zvenislav","last":"Dudar"},"location":{"street":{"number":104,"name":"Novonavodnickiy provulok"},"city":"Krasnograd","state":"Odeska","country":"Ukraine","postcode":16177,"coordinates":{"latitude":"75.6954","longitude":"-44.6700"},"timezone":{"offset":"+1:00","description":"Brussels, Copenhagen, Madrid, Paris"}},"email":"zvenislav.dudar@example.com","login":{"uuid":"6470a791-1008-4f8c-89c7-8ba05396057d","username":"smallkoala560","password":"missouri","salt":"ecdF7FVt","md5":"f5db90e883103ddf603a6384b803b525","sha1":"714e3ceff743076f525beecf0f4a2a4e332e8bd4","sha256":"dc583f6feabe509213e8cec3618670be611ecb7f841f4d5387ea83aa23348ba3"},"dob":{"date":"1986-07-18T18:19:04.860Z","age":37},"registered":{"date":"2015-11-15T21:57:00.490Z","age":8},"phone":"(068) F64-0348","cell":"(098) P75-1113","id":{"name":"","value":null},"picture":{"large":"https://randomuser.me/api/portraits/men/1.jpg","medium":"https://randomuser.me/api/portraits/med/men/1.jpg","thumbnail":"https://randomuser.me/api/portraits/thumb/men/1.jpg"},"nat":"UA"}],"info":{"seed":"7251875aabca35f8","results":1,"page":1,"version":"1.4"}} 
 </msg>
<msg time="2024-05-03T03:16:16.262024" level="INFO">/opt/hostedtoolcache/Python/3.12.3/x64/lib/python3.12/site-packages/urllib3/connectionpool.py:1103: InsecureRequestWarning: Unverified HTTPS request is being made to host 'randomuser.me'. Adding certificate verification is strongly advised. See: https://urllib3.readthedocs.io/en/latest/advanced-usage.html#tls-warnings
  warnings.warn(</msg>
<msg time="2024-05-03T03:16:16.262159" level="INFO">${response} = &lt;Response [200]&gt;</msg>
<var>${response}</var>
<arg>consultarAPI</arg>
<arg>/api</arg>
<doc>Sends a GET request on a previously created HTTP Session.</doc>
<status status="PASS" start="2024-05-03T03:16:16.167204" elapsed="0.094999"/>
</kw>
<kw name="Set Variable" owner="BuiltIn">
<msg time="2024-05-03T03:16:16.263213" level="INFO">${json_data} = {'results': [{'gender': 'male', 'name': {'title': 'Mr', 'first': 'Zvenislav', 'last': 'Dudar'}, 'location': {'street': {'number': 104, 'name': 'Novonavodnickiy provulok'}, 'city': 'Krasnograd', 'state...</msg>
<var>${json_data}</var>
<arg>${response.json()}</arg>
<doc>Returns the given values which can then be assigned to a variables.</doc>
<status status="PASS" start="2024-05-03T03:16:16.262689" elapsed="0.000552"/>
</kw>
<kw name="Log" owner="BuiltIn">
<msg time="2024-05-03T03:16:16.263705" level="INFO">{'results': [{'gender': 'male', 'name': {'title': 'Mr', 'first': 'Zvenislav', 'last': 'Dudar'}, 'location': {'street': {'number': 104, 'name': 'Novonavodnickiy provulok'}, 'city': 'Krasnograd', 'state': 'Odeska', 'country': 'Ukraine', 'postcode': 16177, 'coordinates': {'latitude': '75.6954', 'longitude': '-44.6700'}, 'timezone': {'offset': '+1:00', 'description': 'Brussels, Copenhagen, Madrid, Paris'}}, 'email': 'zvenislav.dudar@example.com', 'login': {'uuid': '6470a791-1008-4f8c-89c7-8ba05396057d', 'username': 'smallkoala560', 'password': 'missouri', 'salt': 'ecdF7FVt', 'md5': 'f5db90e883103ddf603a6384b803b525', 'sha1': '714e3ceff743076f525beecf0f4a2a4e332e8bd4', 'sha256': 'dc583f6feabe509213e8cec3618670be611ecb7f841f4d5387ea83aa23348ba3'}, 'dob': {'date': '1986-07-18T18:19:04.860Z', 'age': 37}, 'registered': {'date': '2015-11-15T21:57:00.490Z', 'age': 8}, 'phone': '(068) F64-0348', 'cell': '(098) P75-1113', 'id': {'name': '', 'value': None}, 'picture': {'large': 'https://randomuser.me/api/portraits/men/1.jpg', 'medium': 'https://randomuser.me/api/portraits/med/men/1.jpg', 'thumbnail': 'https://randomuser.me/api/portraits/thumb/men/1.jpg'}, 'nat': 'UA'}], 'info': {'seed': '7251875aabca35f8', 'results': 1, 'page': 1, 'version': '1.4'}}</msg>
<arg>${json_data}</arg>
<doc>Logs the given message with the given level.</doc>
<status status="PASS" start="2024-05-03T03:16:16.263551" elapsed="0.000238"/>
</kw>
<kw name="Should Be Equal As Numbers" owner="BuiltIn">
<arg>${json_data['results'][0]['location']['postcode']}</arg>
<arg>${json_data['results'][0]['location']['postcode']}</arg>
<doc>Fails if objects are unequal after converting them to real numbers.</doc>
<status status="PASS" start="2024-05-03T03:16:16.264092" elapsed="0.000855"/>
</kw>
<kw name="Log" owner="BuiltIn">
<msg time="2024-05-03T03:16:16.265482" level="INFO">16177</msg>
<arg>${json_data['results'][0]['location']['postcode']}</arg>
<doc>Logs the given message with the given level.</doc>
<status status="PASS" start="2024-05-03T03:16:16.265142" elapsed="0.000380"/>
</kw>
<status status="PASS" start="2024-05-03T03:16:16.166973" elapsed="0.098806"/>
</kw>
<doc>Testa se os tipos de dados na resposta da API estão corretos.</doc>
<tag>testeTiposDados</tag>
<status status="PASS" start="2024-05-03T03:16:16.064236" elapsed="0.201711"/>
</test>
<test id="s1-s1-t5" name="Validar conteudo" line="35">
<kw name="Teste de Tipos de Conteudo" owner="random-user-service">
<kw name="GET On Session" owner="RequestsLibrary">
<msg time="2024-05-03T03:16:16.358347" level="INFO">GET Request : url=https://randomuser.me/api 
 path_url=/api 
 headers={'User-Agent': 'python-requests/2.31.0', 'Accept-Encoding': 'gzip, deflate', 'Accept': '*/*', 'Connection': 'keep-alive'} 
 body=None 
 </msg>
<msg time="2024-05-03T03:16:16.358450" level="INFO">GET Response : url=https://randomuser.me/api 
 status=200, reason=OK 
 headers={'Date': 'Fri, 03 May 2024 03:16:16 GMT', 'Content-Type': 'application/json; charset=utf-8', 'Transfer-Encoding': 'chunked', 'Connection': 'keep-alive', 'X-Powered-By': 'Express', 'Access-Control-Allow-Origin': '*', 'Cache-Control': 'no-cache', 'ETag': 'W/"4a2-dBInO4qkVItshTsuCZIFZdooeec"', 'Vary': 'Accept-Encoding', 'Content-Encoding': 'gzip', 'CF-Cache-Status': 'DYNAMIC', 'Report-To': '{"endpoints":[{"url":"https:\\/\\/a.nel.cloudflare.com\\/report\\/v4?s=uEK6VK%2FhvkYmuoyjpbiuULFhMc%2B2kAl8n6N0ctCjXxitJmuarTY%2BLNnLw%2F5FcNBrgOn%2BnfZdn5K5R3pmDR32n3JWUFErSXqNnuouobXoTzd%2BPq5O6ZSom6cW0cmW4lX0"}],"group":"cf-nel","max_age":604800}', 'NEL': '{"success_fraction":0,"report_to":"cf-nel","max_age":604800}', 'Server': 'cloudflare', 'CF-RAY': '87dd1761bffaceb5-SJC', 'alt-svc': 'h3=":443"; ma=86400'} 
 body={"results":[{"gender":"male","name":{"title":"Monsieur","first":"Gregory","last":"Rey"},"location":{"street":{"number":3296,"name":"Rue Principale"},"city":"Müntschemier","state":"Valais","country":"Switzerland","postcode":8457,"coordinates":{"latitude":"-56.7434","longitude":"-29.6403"},"timezone":{"offset":"+11:00","description":"Magadan, Solomon Islands, New Caledonia"}},"email":"gregory.rey@example.com","login":{"uuid":"6df5f9de-a711-474f-9827-8094ded7d059","username":"blackladybug551","password":"kerry","salt":"ODgeCq7J","md5":"57a50383eb21889b1e71ada5535abb2e","sha1":"3bc0795d80c68af5ce3769d83ffb2cb5d00abbc3","sha256":"87f78332fc75f0ccdb3bcf40746ed7eed4f428ae3e9371d669d046e84cdd5fdf"},"dob":{"date":"1945-01-23T17:33:24.213Z","age":79},"registered":{"date":"2014-08-07T10:58:33.849Z","age":9},"phone":"079 848 03 62","cell":"078 430 84 23","id":{"name":"AVS","value":"756.6043.1137.87"},"picture":{"large":"https://randomuser.me/api/portraits/men/28.jpg","medium":"https://randomuser.me/api/portraits/med/men/28.jpg","thumbnail":"https://randomuser.me/api/portraits/thumb/men/28.jpg"},"nat":"CH"}],"info":{"seed":"a458eede4c78b84d","results":1,"page":1,"version":"1.4"}} 
 </msg>
<msg time="2024-05-03T03:16:16.358535" level="INFO">/opt/hostedtoolcache/Python/3.12.3/x64/lib/python3.12/site-packages/urllib3/connectionpool.py:1103: InsecureRequestWarning: Unverified HTTPS request is being made to host 'randomuser.me'. Adding certificate verification is strongly advised. See: https://urllib3.readthedocs.io/en/latest/advanced-usage.html#tls-warnings
  warnings.warn(</msg>
<msg time="2024-05-03T03:16:16.358680" level="INFO">${response} = &lt;Response [200]&gt;</msg>
<var>${response}</var>
<arg>consultarAPI</arg>
<arg>/api</arg>
<doc>Sends a GET request on a previously created HTTP Session.</doc>
<status status="PASS" start="2024-05-03T03:16:16.268454" elapsed="0.090259"/>
</kw>
<kw name="Set Variable" owner="BuiltIn">
<msg time="2024-05-03T03:16:16.359796" level="INFO">${json_data} = {'results': [{'gender': 'male', 'name': {'title': 'Monsieur', 'first': 'Gregory', 'last': 'Rey'}, 'location': {'street': {'number': 3296, 'name': 'Rue Principale'}, 'city': 'Müntschemier', 'state': 'V...</msg>
<var>${json_data}</var>
<arg>${response.json()}</arg>
<doc>Returns the given values which can then be assigned to a variables.</doc>
<status status="PASS" start="2024-05-03T03:16:16.359239" elapsed="0.000588"/>
</kw>
<kw name="Set Variable" owner="BuiltIn">
<msg time="2024-05-03T03:16:16.360614" level="INFO">${name_title} = Monsieur</msg>
<var>${name_title}</var>
<arg>${json_data["results"][0]["name"]["title"]}</arg>
<doc>Returns the given values which can then be assigned to a variables.</doc>
<status status="PASS" start="2024-05-03T03:16:16.360165" elapsed="0.000477"/>
</kw>
<kw name="Create List" owner="BuiltIn">
<msg time="2024-05-03T03:16:16.361125" level="INFO">${allowed_titles} = ['Mr', 'Ms', 'Miss', 'Mrs', 'Madame', 'Monsieur']</msg>
<var>${allowed_titles}</var>
<arg>Mr</arg>
<arg>Ms</arg>
<arg>Miss</arg>
<arg>Mrs</arg>
<arg>Madame</arg>
<arg>Monsieur</arg>
<doc>Returns a list containing given items.</doc>
<status status="PASS" start="2024-05-03T03:16:16.360972" elapsed="0.000178"/>
</kw>
<kw name="List Should Contain Value" owner="Collections">
<msg time="2024-05-03T03:16:16.361662" level="INFO">False</msg>
<arg>${allowed_titles}</arg>
<arg>${name_title}</arg>
<doc>Fails if the ``value`` is not found from ``list``.</doc>
<status status="PASS" start="2024-05-03T03:16:16.361481" elapsed="0.000239"/>
</kw>
<kw name="Set Variable" owner="BuiltIn">
<msg time="2024-05-03T03:16:16.362433" level="INFO">${name_country} = CH</msg>
<var>${name_country}</var>
<arg>${json_data["results"][0]["nat"]}</arg>
<doc>Returns the given values which can then be assigned to a variables.</doc>
<status status="PASS" start="2024-05-03T03:16:16.362029" elapsed="0.000429"/>
</kw>
<kw name="Create List" owner="BuiltIn">
<msg time="2024-05-03T03:16:16.363414" level="INFO">${list_country} = ['AD', 'AE', 'AF', 'AG', 'AI', 'AL', 'AM', 'AO', 'AQ', 'AR', 'AS', 'AT', 'AU', 'AW', 'AX', 'AZ', 'BA', 'BB', 'BD', 'BE', 'BF', 'BG', 'BH', 'BI', 'BJ', 'BL', 'BM', 'BN', 'BO', 'BQ', 'BR', 'BS', 'BT', '...</msg>
<var>${list_country}</var>
<arg>AD</arg>
<arg>AE</arg>
<arg>AF</arg>
<arg>AG</arg>
<arg>AI</arg>
<arg>AL</arg>
<arg>AM</arg>
<arg>AO</arg>
<arg>AQ</arg>
<arg>AR</arg>
<arg>AS</arg>
<arg>AT</arg>
<arg>AU</arg>
<arg>AW</arg>
<arg>AX</arg>
<arg>AZ</arg>
<arg>BA</arg>
<arg>BB</arg>
<arg>BD</arg>
<arg>BE</arg>
<arg>BF</arg>
<arg>BG</arg>
<arg>BH</arg>
<arg>BI</arg>
<arg>BJ</arg>
<arg>BL</arg>
<arg>BM</arg>
<arg>BN</arg>
<arg>BO</arg>
<arg>BQ</arg>
<arg>BR</arg>
<arg>BS</arg>
<arg>BT</arg>
<arg>BV</arg>
<arg>BW</arg>
<arg>BY</arg>
<arg>BZ</arg>
<arg>CA</arg>
<arg>CC</arg>
<arg>CD</arg>
<arg>CF</arg>
<arg>CG</arg>
<arg>CH</arg>
<arg>CI</arg>
<arg>CK</arg>
<arg>CL</arg>
<arg>CM</arg>
<arg>CN</arg>
<arg>CO</arg>
<arg>CR</arg>
<arg>CU</arg>
<arg>CV</arg>
<arg>CW</arg>
<arg>CX</arg>
<arg>CY</arg>
<arg>CZ</arg>
<arg>DE</arg>
<arg>DJ</arg>
<arg>DK</arg>
<arg>DM</arg>
<arg>DO</arg>
<arg>DZ</arg>
<arg>EC</arg>
<arg>EE</arg>
<arg>EG</arg>
<arg>EH</arg>
<arg>ER</arg>
<arg>ES</arg>
<arg>ET</arg>
<arg>FI</arg>
<arg>FJ</arg>
<arg>FK</arg>
<arg>FM</arg>
<arg>FO</arg>
<arg>FR</arg>
<arg>GA</arg>
<arg>GB</arg>
<arg>GD</arg>
<arg>GE</arg>
<arg>GF</arg>
<arg>GG</arg>
<arg>GH</arg>
<arg>GI</arg>
<arg>GL</arg>
<arg>GM</arg>
<arg>GN</arg>
<arg>GP</arg>
<arg>GQ</arg>
<arg>GR</arg>
<arg>GS</arg>
<arg>GT</arg>
<arg>GU</arg>
<arg>GW</arg>
<arg>GY</arg>
<arg>HK</arg>
<arg>HM</arg>
<arg>HN</arg>
<arg>HR</arg>
<arg>HT</arg>
<arg>HU</arg>
<arg>ID</arg>
<arg>IE</arg>
<arg>IL</arg>
<arg>IM</arg>
<arg>IN</arg>
<arg>IO</arg>
<arg>IQ</arg>
<arg>IR</arg>
<arg>IS</arg>
<arg>IT</arg>
<arg>JE</arg>
<arg>JM</arg>
<arg>JO</arg>
<arg>JP</arg>
<arg>KE</arg>
<arg>KG</arg>
<arg>KH</arg>
<arg>KI</arg>
<arg>KM</arg>
<arg>KN</arg>
<arg>KP</arg>
<arg>KR</arg>
<arg>KW</arg>
<arg>KY</arg>
<arg>KZ</arg>
<arg>LA</arg>
<arg>LB</arg>
<arg>LC</arg>
<arg>LI</arg>
<arg>LK</arg>
<arg>LR</arg>
<arg>LS</arg>
<arg>LT</arg>
<arg>LU</arg>
<arg>LV</arg>
<arg>LY</arg>
<arg>MA</arg>
<arg>MC</arg>
<arg>MD</arg>
<arg>ME</arg>
<arg>MF</arg>
<arg>MG</arg>
<arg>MH</arg>
<arg>MK</arg>
<arg>ML</arg>
<arg>MM</arg>
<arg>MN</arg>
<arg>MO</arg>
<arg>MP</arg>
<arg>MQ</arg>
<arg>MR</arg>
<arg>MS</arg>
<arg>MT</arg>
<arg>MU</arg>
<arg>MV</arg>
<arg>MW</arg>
<arg>MX</arg>
<arg>MY</arg>
<arg>MZ</arg>
<arg>NA</arg>
<arg>NC</arg>
<arg>NE</arg>
<arg>NF</arg>
<arg>NG</arg>
<arg>NI</arg>
<arg>NL</arg>
<arg>NO</arg>
<arg>NP</arg>
<arg>NR</arg>
<arg>NU</arg>
<arg>NZ</arg>
<arg>OM</arg>
<arg>PA</arg>
<arg>PE</arg>
<arg>PF</arg>
<arg>PG</arg>
<arg>PH</arg>
<arg>PK</arg>
<arg>PL</arg>
<arg>PM</arg>
<arg>PN</arg>
<arg>PR</arg>
<arg>PS</arg>
<arg>PT</arg>
<arg>PW</arg>
<arg>PY</arg>
<arg>QA</arg>
<arg>RE</arg>
<arg>RO</arg>
<arg>RS</arg>
<arg>RU</arg>
<arg>RW</arg>
<arg>SA</arg>
<arg>SB</arg>
<arg>SC</arg>
<arg>SD</arg>
<arg>SE</arg>
<arg>SG</arg>
<arg>SH</arg>
<arg>SI</arg>
<arg>SJ</arg>
<arg>SK</arg>
<arg>SL</arg>
<arg>SM</arg>
<arg>SN</arg>
<arg>SO</arg>
<arg>SR</arg>
<arg>SS</arg>
<arg>ST</arg>
<arg>SV</arg>
<arg>SX</arg>
<arg>SY</arg>
<arg>SZ</arg>
<arg>TC</arg>
<arg>TD</arg>
<arg>TF</arg>
<arg>TG</arg>
<arg>TH</arg>
<arg>TJ</arg>
<arg>TK</arg>
<arg>TL</arg>
<arg>TM</arg>
<arg>TN</arg>
<arg>TO</arg>
<arg>TR</arg>
<arg>TT</arg>
<arg>TV</arg>
<arg>TW</arg>
<arg>TZ</arg>
<arg>UA</arg>
<arg>UG</arg>
<arg>UM</arg>
<arg>US</arg>
<arg>UY</arg>
<arg>UZ</arg>
<arg>VA</arg>
<arg>VC</arg>
<arg>VE</arg>
<arg>VG</arg>
<arg>VI</arg>
<arg>VN</arg>
<arg>VU</arg>
<arg>WF</arg>
<arg>WS</arg>
<arg>XK</arg>
<arg>YE</arg>
<arg>YT</arg>
<arg>ZA</arg>
<arg>ZM</arg>
<arg>ZW</arg>
<doc>Returns a list containing given items.</doc>
<status status="PASS" start="2024-05-03T03:16:16.362788" elapsed="0.000654"/>
</kw>
<kw name="List Should Contain Value" owner="Collections">
<msg time="2024-05-03T03:16:16.364532" level="INFO">False</msg>
<arg>${list_country}</arg>
<arg>${name_country}</arg>
<doc>Fails if the ``value`` is not found from ``list``.</doc>
<status status="PASS" start="2024-05-03T03:16:16.364287" elapsed="0.000284"/>
</kw>
<kw name="Run Keyword If" owner="BuiltIn">
<kw name="Should Be True" owner="BuiltIn">
<arg>${True}</arg>
<doc>Fails if the given condition is not true.</doc>
<status status="PASS" start="2024-05-03T03:16:16.365734" elapsed="0.000167"/>
</kw>
<arg>${json_data["results"][0]["location"]["coordinates"]["latitude"]} &gt;= -90 and ${json_data["results"][0]["location"]["coordinates"]["latitude"]} &lt;= 90</arg>
<arg>Should Be True</arg>
<arg>${True}</arg>
<doc>Runs the given keyword with the given arguments, if ``condition`` is true.</doc>
<status status="PASS" start="2024-05-03T03:16:16.364909" elapsed="0.001125"/>
</kw>
<kw name="Run Keyword If" owner="BuiltIn">
<kw name="Should Be True" owner="BuiltIn">
<arg>${True}</arg>
<doc>Fails if the given condition is not true.</doc>
<status status="PASS" start="2024-05-03T03:16:16.366978" elapsed="0.000289"/>
</kw>
<arg>${json_data["results"][0]["location"]["coordinates"]["longitude"]} &gt;= -180 and ${json_data["results"][0]["location"]["coordinates"]["longitude"]} &lt;= 180</arg>
<arg>Should Be True</arg>
<arg>${True}</arg>
<doc>Runs the given keyword with the given arguments, if ``condition`` is true.</doc>
<status status="PASS" start="2024-05-03T03:16:16.366219" elapsed="0.001181"/>
</kw>
<status status="PASS" start="2024-05-03T03:16:16.268198" elapsed="0.099361"/>
</kw>
<doc>Testa o conteúdo específico dos campos retornados pela API.</doc>
<tag>testeConteudo</tag>
<status status="PASS" start="2024-05-03T03:16:16.267742" elapsed="0.099976"/>
</test>
<status status="PASS" start="2024-05-03T03:16:15.480471" elapsed="0.889470"/>
</suite>
<status status="PASS" start="2024-05-03T03:16:15.466628" elapsed="0.908765"/>
</suite>
<statistics>
<total>
<stat pass="5" fail="0" skip="0">All Tests</stat>
</total>
<tag>
<stat pass="1" fail="0" skip="0">testeConteudo</stat>
<stat pass="1" fail="0" skip="0">testeEstruturaResposta</stat>
<stat pass="1" fail="0" skip="0">testeRequisicaoBasica</stat>
<stat pass="1" fail="0" skip="0">testeTiposDados</stat>
</tag>
<suite>
<stat pass="5" fail="0" skip="0" id="s1" name="Tests">Tests</stat>
<stat pass="5" fail="0" skip="0" id="s1-s1" name="Random-User-Test">Tests.Random-User-Test</stat>
</suite>
</statistics>
<errors>
</errors>
</robot>
