<?xml version="1.0" encoding="UTF-8"?>
<robot generator="Robot 7.0 (Python 3.12.2 on linux)" generated="2024-03-26T08:16:34.271572" rpa="false" schemaversion="5">
<suite id="s1" name="Tests" source="/home/runner/work/DesafioQAItauRogerioJordao/DesafioQAItauRogerioJordao/RamdonUser/tests">
<suite id="s1-s1" name="Random-User-Test" source="/home/runner/work/DesafioQAItauRogerioJordao/DesafioQAItauRogerioJordao/RamdonUser/tests/random-user-test.robot">
<test id="s1-s1-t1" name="Conectar" line="13">
<kw name="Conectar API" owner="random-user-service">
<kw name="Create Session" owner="RequestsLibrary">
<msg time="2024-03-26T08:16:34.633494" level="INFO">Creating Session using : alias=consultarAPI, url=https://randomuser.me/, headers={},                     cookies={}, auth=None, timeout=None, proxies=None, verify=False,                     debug=0 </msg>
<arg>consultarAPI</arg>
<arg>${URL}</arg>
<doc>Create Session: create a HTTP session to a server</doc>
<status status="PASS" start="2024-03-26T08:16:34.633290" elapsed="0.000390"/>
</kw>
<status status="PASS" start="2024-03-26T08:16:34.632270" elapsed="0.001774"/>
</kw>
<status status="PASS" start="2024-03-26T08:16:34.631733" elapsed="0.002517"/>
</test>
<test id="s1-s1-t2" name="Validar retorno 200 e JSON Válido" line="16">
<kw name="Teste de Requisicao Basica" owner="random-user-service">
<kw name="GET On Session" owner="RequestsLibrary">
<msg time="2024-03-26T08:16:34.722632" level="INFO">GET Request : url=https://randomuser.me/api 
 path_url=/api 
 headers={'User-Agent': 'python-requests/2.31.0', 'Accept-Encoding': 'gzip, deflate', 'Accept': '*/*', 'Connection': 'keep-alive'} 
 body=None 
 </msg>
<msg time="2024-03-26T08:16:34.722758" level="INFO">GET Response : url=https://randomuser.me/api 
 status=200, reason=OK 
 headers={'Date': 'Tue, 26 Mar 2024 08:16:34 GMT', 'Content-Type': 'application/json; charset=utf-8', 'Transfer-Encoding': 'chunked', 'Connection': 'keep-alive', 'X-Powered-By': 'Express', 'Access-Control-Allow-Origin': '*', 'Cache-Control': 'no-cache', 'ETag': 'W/"490-kgTEM8XUKwMHn+69MmIQUnyE8SU"', 'Vary': 'Accept-Encoding', 'Content-Encoding': 'gzip', 'CF-Cache-Status': 'DYNAMIC', 'Report-To': '{"endpoints":[{"url":"https:\\/\\/a.nel.cloudflare.com\\/report\\/v4?s=dCN5OYmotpshf%2FnMfaYXWefaRTuHVcFOITZo2PH4zlI5AJ88RgMC%2Fg4HQU3nZlPzQ42rwtVIjpTmUaTidSHpZpa08RSQgFiADV1qLzXwyO0BhadhjpHweBnqeJ6Y6zm0"}],"group":"cf-nel","max_age":604800}', 'NEL': '{"success_fraction":0,"report_to":"cf-nel","max_age":604800}', 'Server': 'cloudflare', 'CF-RAY': '86a5b308b8c62d0c-IAD', 'alt-svc': 'h3=":443"; ma=86400'} 
 body={"results":[{"gender":"male","name":{"title":"Mr","first":"Elio","last":"Robert"},"location":{"street":{"number":7939,"name":"Rue des Cuirassiers"},"city":"Lyon","state":"Marne","country":"France","postcode":17261,"coordinates":{"latitude":"-18.7933","longitude":"-168.5578"},"timezone":{"offset":"-1:00","description":"Azores, Cape Verde Islands"}},"email":"elio.robert@example.com","login":{"uuid":"3d6cb7a1-e022-4e4e-96c1-596c25a5598f","username":"silverbutterfly436","password":"gsxr750","salt":"4dhi4q52","md5":"9b518b728951df6e279aaaa6ba5f3ef6","sha1":"f5629c112f82fd6b7968cb5f5478f8d526208525","sha256":"6e515cd975a1422ee8117d3637516c48c66c8a5ba8333216431ac73d2d2f7a1c"},"dob":{"date":"1979-10-19T15:16:13.854Z","age":44},"registered":{"date":"2010-12-01T16:41:13.286Z","age":13},"phone":"01-36-33-65-95","cell":"06-91-02-60-61","id":{"name":"INSEE","value":"1790957952457 05"},"picture":{"large":"https://randomuser.me/api/portraits/men/78.jpg","medium":"https://randomuser.me/api/portraits/med/men/78.jpg","thumbnail":"https://randomuser.me/api/portraits/thumb/men/78.jpg"},"nat":"FR"}],"info":{"seed":"acab381791de7340","results":1,"page":1,"version":"1.4"}} 
 </msg>
<msg time="2024-03-26T08:16:34.722857" level="INFO">/opt/hostedtoolcache/Python/3.12.2/x64/lib/python3.12/site-packages/urllib3/connectionpool.py:1103: InsecureRequestWarning: Unverified HTTPS request is being made to host 'randomuser.me'. Adding certificate verification is strongly advised. See: https://urllib3.readthedocs.io/en/latest/advanced-usage.html#tls-warnings
  warnings.warn(</msg>
<msg time="2024-03-26T08:16:34.723006" level="INFO">${response} = &lt;Response [200]&gt;</msg>
<var>${response}</var>
<arg>consultarAPI</arg>
<arg>/api</arg>
<doc>Sends a GET request on a previously created HTTP Session.</doc>
<status status="PASS" start="2024-03-26T08:16:34.636828" elapsed="0.086222"/>
</kw>
<kw name="Should Be Equal As Numbers" owner="BuiltIn">
<msg time="2024-03-26T08:16:34.723960" level="INFO">Argument types are:
&lt;class 'int'&gt;
&lt;class 'str'&gt;</msg>
<arg>${response.status_code}</arg>
<arg>200</arg>
<doc>Fails if objects are unequal after converting them to real numbers.</doc>
<status status="PASS" start="2024-03-26T08:16:34.723521" elapsed="0.000503"/>
</kw>
<kw name="Log" owner="BuiltIn">
<msg time="2024-03-26T08:16:34.724694" level="INFO">200</msg>
<arg>${response.status_code}</arg>
<doc>Logs the given message with the given level.</doc>
<status status="PASS" start="2024-03-26T08:16:34.724342" elapsed="0.000396"/>
</kw>
<kw name="Set Variable" owner="BuiltIn">
<msg time="2024-03-26T08:16:34.725512" level="INFO">${json_data} = {'results': [{'gender': 'male', 'name': {'title': 'Mr', 'first': 'Elio', 'last': 'Robert'}, 'location': {'street': {'number': 7939, 'name': 'Rue des Cuirassiers'}, 'city': 'Lyon', 'state': 'Marne', 'c...</msg>
<var>${json_data}</var>
<arg>${response.json()}</arg>
<doc>Returns the given values which can then be assigned to a variables.</doc>
<status status="PASS" start="2024-03-26T08:16:34.725074" elapsed="0.000467"/>
</kw>
<kw name="Dictionary Should Contain Key" owner="Collections">
<msg time="2024-03-26T08:16:34.726013" level="INFO">False</msg>
<arg>${json_data}</arg>
<arg>results</arg>
<doc>Fails if ``key`` is not found from ``dictionary``.</doc>
<status status="PASS" start="2024-03-26T08:16:34.725845" elapsed="0.000208"/>
</kw>
<status status="PASS" start="2024-03-26T08:16:34.636581" elapsed="0.089730"/>
</kw>
<doc>Testa se a API responde corretamente e retorna um objeto JSON válido.</doc>
<tag>testeRequisicaoBasica</tag>
<status status="PASS" start="2024-03-26T08:16:34.636120" elapsed="0.090375"/>
</test>
<test id="s1-s1-t3" name="Validar estrutura de resposta" line="22">
<kw name="Teste de Estrutura de Resposta" owner="random-user-service">
<kw name="GET On Session" owner="RequestsLibrary">
<msg time="2024-03-26T08:16:34.826196" level="INFO">GET Request : url=https://randomuser.me/api 
 path_url=/api 
 headers={'User-Agent': 'python-requests/2.31.0', 'Accept-Encoding': 'gzip, deflate', 'Accept': '*/*', 'Connection': 'keep-alive'} 
 body=None 
 </msg>
<msg time="2024-03-26T08:16:34.826267" level="INFO">GET Response : url=https://randomuser.me/api 
 status=200, reason=OK 
 headers={'Date': 'Tue, 26 Mar 2024 08:16:34 GMT', 'Content-Type': 'application/json; charset=utf-8', 'Transfer-Encoding': 'chunked', 'Connection': 'keep-alive', 'X-Powered-By': 'Express', 'Access-Control-Allow-Origin': '*', 'Cache-Control': 'no-cache', 'ETag': 'W/"469-eoVrtvZ/Gz3dFC80KcV3Fhl2iN8"', 'Vary': 'Accept-Encoding', 'Content-Encoding': 'gzip', 'CF-Cache-Status': 'DYNAMIC', 'Report-To': '{"endpoints":[{"url":"https:\\/\\/a.nel.cloudflare.com\\/report\\/v4?s=Vb8Z2DUyAH6ZGS02XqoexV8GXOHFxGUzzVOqcDN3W%2FaAoMjTOfKLJhQ%2FYmmSMVtsxQKsUVhIotlax5FqPnDy2sd%2BOoIC6%2FpdBqtgr8jfS4yd5UEhiSYGqEVbt0guJ2Cv"}],"group":"cf-nel","max_age":604800}', 'NEL': '{"success_fraction":0,"report_to":"cf-nel","max_age":604800}', 'Server': 'cloudflare', 'CF-RAY': '86a5b309192c2d0c-IAD', 'alt-svc': 'h3=":443"; ma=86400'} 
 body={"results":[{"gender":"male","name":{"title":"Mr","first":"Edvald","last":"Wik"},"location":{"street":{"number":7490,"name":"Michel Nielsens vei"},"city":"Leikong","state":"Description","country":"Norway","postcode":"2821","coordinates":{"latitude":"42.1639","longitude":"-28.5367"},"timezone":{"offset":"+3:30","description":"Tehran"}},"email":"edvald.wik@example.com","login":{"uuid":"3f9b8733-10f5-4716-928d-ca388c4ccd83","username":"orangesnake777","password":"bonnie","salt":"hd0uCdzg","md5":"3090b9ed3a0d5ae20ac286b24be65dec","sha1":"20ec3df3eefaed738cd4155ff1cd19bedc314f30","sha256":"703d8b867d031ed5b528c81d46ab789b9df902d6ca7f5ab42f2e73ebcf52bcda"},"dob":{"date":"1980-12-30T02:45:42.011Z","age":43},"registered":{"date":"2006-09-15T00:07:47.990Z","age":17},"phone":"67287852","cell":"97509741","id":{"name":"FN","value":"30128030308"},"picture":{"large":"https://randomuser.me/api/portraits/men/53.jpg","medium":"https://randomuser.me/api/portraits/med/men/53.jpg","thumbnail":"https://randomuser.me/api/portraits/thumb/men/53.jpg"},"nat":"NO"}],"info":{"seed":"e7e0ff585bbdf5bc","results":1,"page":1,"version":"1.4"}} 
 </msg>
<msg time="2024-03-26T08:16:34.826380" level="INFO">/opt/hostedtoolcache/Python/3.12.2/x64/lib/python3.12/site-packages/urllib3/connectionpool.py:1103: InsecureRequestWarning: Unverified HTTPS request is being made to host 'randomuser.me'. Adding certificate verification is strongly advised. See: https://urllib3.readthedocs.io/en/latest/advanced-usage.html#tls-warnings
  warnings.warn(</msg>
<msg time="2024-03-26T08:16:34.826479" level="INFO">${response} = &lt;Response [200]&gt;</msg>
<var>${response}</var>
<arg>consultarAPI</arg>
<arg>/api</arg>
<doc>Sends a GET request on a previously created HTTP Session.</doc>
<status status="PASS" start="2024-03-26T08:16:34.729243" elapsed="0.097275"/>
</kw>
<kw name="Set Variable" owner="BuiltIn">
<msg time="2024-03-26T08:16:34.827394" level="INFO">${json_data} = {'results': [{'gender': 'male', 'name': {'title': 'Mr', 'first': 'Edvald', 'last': 'Wik'}, 'location': {'street': {'number': 7490, 'name': 'Michel Nielsens vei'}, 'city': 'Leikong', 'state': 'Descript...</msg>
<var>${json_data}</var>
<arg>${response.json()}</arg>
<doc>Returns the given values which can then be assigned to a variables.</doc>
<status status="PASS" start="2024-03-26T08:16:34.826915" elapsed="0.000508"/>
</kw>
<kw name="Log" owner="BuiltIn">
<msg time="2024-03-26T08:16:34.827890" level="INFO">{'results': [{'gender': 'male', 'name': {'title': 'Mr', 'first': 'Edvald', 'last': 'Wik'}, 'location': {'street': {'number': 7490, 'name': 'Michel Nielsens vei'}, 'city': 'Leikong', 'state': 'Description', 'country': 'Norway', 'postcode': '2821', 'coordinates': {'latitude': '42.1639', 'longitude': '-28.5367'}, 'timezone': {'offset': '+3:30', 'description': 'Tehran'}}, 'email': 'edvald.wik@example.com', 'login': {'uuid': '3f9b8733-10f5-4716-928d-ca388c4ccd83', 'username': 'orangesnake777', 'password': 'bonnie', 'salt': 'hd0uCdzg', 'md5': '3090b9ed3a0d5ae20ac286b24be65dec', 'sha1': '20ec3df3eefaed738cd4155ff1cd19bedc314f30', 'sha256': '703d8b867d031ed5b528c81d46ab789b9df902d6ca7f5ab42f2e73ebcf52bcda'}, 'dob': {'date': '1980-12-30T02:45:42.011Z', 'age': 43}, 'registered': {'date': '2006-09-15T00:07:47.990Z', 'age': 17}, 'phone': '67287852', 'cell': '97509741', 'id': {'name': 'FN', 'value': '30128030308'}, 'picture': {'large': 'https://randomuser.me/api/portraits/men/53.jpg', 'medium': 'https://randomuser.me/api/portraits/med/men/53.jpg', 'thumbnail': 'https://randomuser.me/api/portraits/thumb/men/53.jpg'}, 'nat': 'NO'}], 'info': {'seed': 'e7e0ff585bbdf5bc', 'results': 1, 'page': 1, 'version': '1.4'}}</msg>
<arg>${json_data}</arg>
<doc>Logs the given message with the given level.</doc>
<status status="PASS" start="2024-03-26T08:16:34.827731" elapsed="0.000207"/>
</kw>
<kw name="Dictionary Should Contain Key" owner="Collections">
<msg time="2024-03-26T08:16:34.828388" level="INFO">False</msg>
<arg>${json_data}</arg>
<arg>results</arg>
<doc>Fails if ``key`` is not found from ``dictionary``.</doc>
<status status="PASS" start="2024-03-26T08:16:34.828235" elapsed="0.000190"/>
</kw>
<kw name="Should Not Be Empty" owner="BuiltIn">
<msg time="2024-03-26T08:16:34.828851" level="INFO">Length is 2.</msg>
<arg>${json_data}</arg>
<doc>Verifies that the given item is not empty.</doc>
<status status="PASS" start="2024-03-26T08:16:34.828719" elapsed="0.000170"/>
</kw>
<kw name="Create List" owner="BuiltIn">
<msg time="2024-03-26T08:16:34.829327" level="INFO">${expected_keys} = ['gender', 'name', 'location', 'email', 'login']</msg>
<var>${expected_keys}</var>
<arg>gender</arg>
<arg>name</arg>
<arg>location</arg>
<arg>email</arg>
<arg>login</arg>
<doc>Returns a list containing given items.</doc>
<status status="PASS" start="2024-03-26T08:16:34.829177" elapsed="0.000175"/>
</kw>
<for flavor="IN">
<iter>
<kw name="Dictionary Should Contain Key" owner="Collections">
<msg time="2024-03-26T08:16:34.830351" level="INFO">False</msg>
<arg>${json_data['results'][0]}</arg>
<arg>${key}</arg>
<doc>Fails if ``key`` is not found from ``dictionary``.</doc>
<status status="PASS" start="2024-03-26T08:16:34.829942" elapsed="0.000448"/>
</kw>
<kw name="Log" owner="BuiltIn">
<msg time="2024-03-26T08:16:34.831087" level="INFO">{'gender': 'male', 'name': {'title': 'Mr', 'first': 'Edvald', 'last': 'Wik'}, 'location': {'street': {'number': 7490, 'name': 'Michel Nielsens vei'}, 'city': 'Leikong', 'state': 'Description', 'country': 'Norway', 'postcode': '2821', 'coordinates': {'latitude': '42.1639', 'longitude': '-28.5367'}, 'timezone': {'offset': '+3:30', 'description': 'Tehran'}}, 'email': 'edvald.wik@example.com', 'login': {'uuid': '3f9b8733-10f5-4716-928d-ca388c4ccd83', 'username': 'orangesnake777', 'password': 'bonnie', 'salt': 'hd0uCdzg', 'md5': '3090b9ed3a0d5ae20ac286b24be65dec', 'sha1': '20ec3df3eefaed738cd4155ff1cd19bedc314f30', 'sha256': '703d8b867d031ed5b528c81d46ab789b9df902d6ca7f5ab42f2e73ebcf52bcda'}, 'dob': {'date': '1980-12-30T02:45:42.011Z', 'age': 43}, 'registered': {'date': '2006-09-15T00:07:47.990Z', 'age': 17}, 'phone': '67287852', 'cell': '97509741', 'id': {'name': 'FN', 'value': '30128030308'}, 'picture': {'large': 'https://randomuser.me/api/portraits/men/53.jpg', 'medium': 'https://randomuser.me/api/portraits/med/men/53.jpg', 'thumbnail': 'https://randomuser.me/api/portraits/thumb/men/53.jpg'}, 'nat': 'NO'}</msg>
<arg>${json_data['results'][0]}</arg>
<doc>Logs the given message with the given level.</doc>
<status status="PASS" start="2024-03-26T08:16:34.830696" elapsed="0.000446"/>
</kw>
<kw name="Log" owner="BuiltIn">
<msg time="2024-03-26T08:16:34.831577" level="INFO">gender</msg>
<arg>${key}</arg>
<doc>Logs the given message with the given level.</doc>
<status status="PASS" start="2024-03-26T08:16:34.831447" elapsed="0.000169"/>
</kw>
<var name="${key}">gender</var>
<status status="PASS" start="2024-03-26T08:16:34.829802" elapsed="0.002032"/>
</iter>
<iter>
<kw name="Dictionary Should Contain Key" owner="Collections">
<msg time="2024-03-26T08:16:34.832518" level="INFO">False</msg>
<arg>${json_data['results'][0]}</arg>
<arg>${key}</arg>
<doc>Fails if ``key`` is not found from ``dictionary``.</doc>
<status status="PASS" start="2024-03-26T08:16:34.832138" elapsed="0.000418"/>
</kw>
<kw name="Log" owner="BuiltIn">
<msg time="2024-03-26T08:16:34.833245" level="INFO">{'gender': 'male', 'name': {'title': 'Mr', 'first': 'Edvald', 'last': 'Wik'}, 'location': {'street': {'number': 7490, 'name': 'Michel Nielsens vei'}, 'city': 'Leikong', 'state': 'Description', 'country': 'Norway', 'postcode': '2821', 'coordinates': {'latitude': '42.1639', 'longitude': '-28.5367'}, 'timezone': {'offset': '+3:30', 'description': 'Tehran'}}, 'email': 'edvald.wik@example.com', 'login': {'uuid': '3f9b8733-10f5-4716-928d-ca388c4ccd83', 'username': 'orangesnake777', 'password': 'bonnie', 'salt': 'hd0uCdzg', 'md5': '3090b9ed3a0d5ae20ac286b24be65dec', 'sha1': '20ec3df3eefaed738cd4155ff1cd19bedc314f30', 'sha256': '703d8b867d031ed5b528c81d46ab789b9df902d6ca7f5ab42f2e73ebcf52bcda'}, 'dob': {'date': '1980-12-30T02:45:42.011Z', 'age': 43}, 'registered': {'date': '2006-09-15T00:07:47.990Z', 'age': 17}, 'phone': '67287852', 'cell': '97509741', 'id': {'name': 'FN', 'value': '30128030308'}, 'picture': {'large': 'https://randomuser.me/api/portraits/men/53.jpg', 'medium': 'https://randomuser.me/api/portraits/med/men/53.jpg', 'thumbnail': 'https://randomuser.me/api/portraits/thumb/men/53.jpg'}, 'nat': 'NO'}</msg>
<arg>${json_data['results'][0]}</arg>
<doc>Logs the given message with the given level.</doc>
<status status="PASS" start="2024-03-26T08:16:34.832886" elapsed="0.000406"/>
</kw>
<kw name="Log" owner="BuiltIn">
<msg time="2024-03-26T08:16:34.833720" level="INFO">name</msg>
<arg>${key}</arg>
<doc>Logs the given message with the given level.</doc>
<status status="PASS" start="2024-03-26T08:16:34.833592" elapsed="0.000166"/>
</kw>
<var name="${key}">name</var>
<status status="PASS" start="2024-03-26T08:16:34.832024" elapsed="0.001952"/>
</iter>
<iter>
<kw name="Dictionary Should Contain Key" owner="Collections">
<msg time="2024-03-26T08:16:34.834644" level="INFO">False</msg>
<arg>${json_data['results'][0]}</arg>
<arg>${key}</arg>
<doc>Fails if ``key`` is not found from ``dictionary``.</doc>
<status status="PASS" start="2024-03-26T08:16:34.834267" elapsed="0.000415"/>
</kw>
<kw name="Log" owner="BuiltIn">
<msg time="2024-03-26T08:16:34.835367" level="INFO">{'gender': 'male', 'name': {'title': 'Mr', 'first': 'Edvald', 'last': 'Wik'}, 'location': {'street': {'number': 7490, 'name': 'Michel Nielsens vei'}, 'city': 'Leikong', 'state': 'Description', 'country': 'Norway', 'postcode': '2821', 'coordinates': {'latitude': '42.1639', 'longitude': '-28.5367'}, 'timezone': {'offset': '+3:30', 'description': 'Tehran'}}, 'email': 'edvald.wik@example.com', 'login': {'uuid': '3f9b8733-10f5-4716-928d-ca388c4ccd83', 'username': 'orangesnake777', 'password': 'bonnie', 'salt': 'hd0uCdzg', 'md5': '3090b9ed3a0d5ae20ac286b24be65dec', 'sha1': '20ec3df3eefaed738cd4155ff1cd19bedc314f30', 'sha256': '703d8b867d031ed5b528c81d46ab789b9df902d6ca7f5ab42f2e73ebcf52bcda'}, 'dob': {'date': '1980-12-30T02:45:42.011Z', 'age': 43}, 'registered': {'date': '2006-09-15T00:07:47.990Z', 'age': 17}, 'phone': '67287852', 'cell': '97509741', 'id': {'name': 'FN', 'value': '30128030308'}, 'picture': {'large': 'https://randomuser.me/api/portraits/men/53.jpg', 'medium': 'https://randomuser.me/api/portraits/med/men/53.jpg', 'thumbnail': 'https://randomuser.me/api/portraits/thumb/men/53.jpg'}, 'nat': 'NO'}</msg>
<arg>${json_data['results'][0]}</arg>
<doc>Logs the given message with the given level.</doc>
<status status="PASS" start="2024-03-26T08:16:34.835001" elapsed="0.000418"/>
</kw>
<kw name="Log" owner="BuiltIn">
<msg time="2024-03-26T08:16:34.835846" level="INFO">location</msg>
<arg>${key}</arg>
<doc>Logs the given message with the given level.</doc>
<status status="PASS" start="2024-03-26T08:16:34.835717" elapsed="0.000167"/>
</kw>
<var name="${key}">location</var>
<status status="PASS" start="2024-03-26T08:16:34.834155" elapsed="0.001946"/>
</iter>
<iter>
<kw name="Dictionary Should Contain Key" owner="Collections">
<msg time="2024-03-26T08:16:34.836781" level="INFO">False</msg>
<arg>${json_data['results'][0]}</arg>
<arg>${key}</arg>
<doc>Fails if ``key`` is not found from ``dictionary``.</doc>
<status status="PASS" start="2024-03-26T08:16:34.836402" elapsed="0.000418"/>
</kw>
<kw name="Log" owner="BuiltIn">
<msg time="2024-03-26T08:16:34.837472" level="INFO">{'gender': 'male', 'name': {'title': 'Mr', 'first': 'Edvald', 'last': 'Wik'}, 'location': {'street': {'number': 7490, 'name': 'Michel Nielsens vei'}, 'city': 'Leikong', 'state': 'Description', 'country': 'Norway', 'postcode': '2821', 'coordinates': {'latitude': '42.1639', 'longitude': '-28.5367'}, 'timezone': {'offset': '+3:30', 'description': 'Tehran'}}, 'email': 'edvald.wik@example.com', 'login': {'uuid': '3f9b8733-10f5-4716-928d-ca388c4ccd83', 'username': 'orangesnake777', 'password': 'bonnie', 'salt': 'hd0uCdzg', 'md5': '3090b9ed3a0d5ae20ac286b24be65dec', 'sha1': '20ec3df3eefaed738cd4155ff1cd19bedc314f30', 'sha256': '703d8b867d031ed5b528c81d46ab789b9df902d6ca7f5ab42f2e73ebcf52bcda'}, 'dob': {'date': '1980-12-30T02:45:42.011Z', 'age': 43}, 'registered': {'date': '2006-09-15T00:07:47.990Z', 'age': 17}, 'phone': '67287852', 'cell': '97509741', 'id': {'name': 'FN', 'value': '30128030308'}, 'picture': {'large': 'https://randomuser.me/api/portraits/men/53.jpg', 'medium': 'https://randomuser.me/api/portraits/med/men/53.jpg', 'thumbnail': 'https://randomuser.me/api/portraits/thumb/men/53.jpg'}, 'nat': 'NO'}</msg>
<arg>${json_data['results'][0]}</arg>
<doc>Logs the given message with the given level.</doc>
<status status="PASS" start="2024-03-26T08:16:34.837118" elapsed="0.000401"/>
</kw>
<kw name="Log" owner="BuiltIn">
<msg time="2024-03-26T08:16:34.837939" level="INFO">email</msg>
<arg>${key}</arg>
<doc>Logs the given message with the given level.</doc>
<status status="PASS" start="2024-03-26T08:16:34.837812" elapsed="0.000165"/>
</kw>
<var name="${key}">email</var>
<status status="PASS" start="2024-03-26T08:16:34.836276" elapsed="0.001916"/>
</iter>
<iter>
<kw name="Dictionary Should Contain Key" owner="Collections">
<msg time="2024-03-26T08:16:34.838863" level="INFO">False</msg>
<arg>${json_data['results'][0]}</arg>
<arg>${key}</arg>
<doc>Fails if ``key`` is not found from ``dictionary``.</doc>
<status status="PASS" start="2024-03-26T08:16:34.838484" elapsed="0.000417"/>
</kw>
<kw name="Log" owner="BuiltIn">
<msg time="2024-03-26T08:16:34.839593" level="INFO">{'gender': 'male', 'name': {'title': 'Mr', 'first': 'Edvald', 'last': 'Wik'}, 'location': {'street': {'number': 7490, 'name': 'Michel Nielsens vei'}, 'city': 'Leikong', 'state': 'Description', 'country': 'Norway', 'postcode': '2821', 'coordinates': {'latitude': '42.1639', 'longitude': '-28.5367'}, 'timezone': {'offset': '+3:30', 'description': 'Tehran'}}, 'email': 'edvald.wik@example.com', 'login': {'uuid': '3f9b8733-10f5-4716-928d-ca388c4ccd83', 'username': 'orangesnake777', 'password': 'bonnie', 'salt': 'hd0uCdzg', 'md5': '3090b9ed3a0d5ae20ac286b24be65dec', 'sha1': '20ec3df3eefaed738cd4155ff1cd19bedc314f30', 'sha256': '703d8b867d031ed5b528c81d46ab789b9df902d6ca7f5ab42f2e73ebcf52bcda'}, 'dob': {'date': '1980-12-30T02:45:42.011Z', 'age': 43}, 'registered': {'date': '2006-09-15T00:07:47.990Z', 'age': 17}, 'phone': '67287852', 'cell': '97509741', 'id': {'name': 'FN', 'value': '30128030308'}, 'picture': {'large': 'https://randomuser.me/api/portraits/men/53.jpg', 'medium': 'https://randomuser.me/api/portraits/med/men/53.jpg', 'thumbnail': 'https://randomuser.me/api/portraits/thumb/men/53.jpg'}, 'nat': 'NO'}</msg>
<arg>${json_data['results'][0]}</arg>
<doc>Logs the given message with the given level.</doc>
<status status="PASS" start="2024-03-26T08:16:34.839221" elapsed="0.000419"/>
</kw>
<kw name="Log" owner="BuiltIn">
<msg time="2024-03-26T08:16:34.840057" level="INFO">login</msg>
<arg>${key}</arg>
<doc>Logs the given message with the given level.</doc>
<status status="PASS" start="2024-03-26T08:16:34.839931" elapsed="0.000266"/>
</kw>
<var name="${key}">login</var>
<status status="PASS" start="2024-03-26T08:16:34.838365" elapsed="0.002056"/>
</iter>
<var>${key}</var>
<value>@{expected_keys}</value>
<status status="PASS" start="2024-03-26T08:16:34.829614" elapsed="0.010932"/>
</for>
<kw name="Create List" owner="BuiltIn">
<msg time="2024-03-26T08:16:34.840913" level="INFO">${expected_keysTwo} = ['username', 'password']</msg>
<var>${expected_keysTwo}</var>
<arg>username</arg>
<arg>password</arg>
<doc>Returns a list containing given items.</doc>
<status status="PASS" start="2024-03-26T08:16:34.840772" elapsed="0.000165"/>
</kw>
<for flavor="IN">
<iter>
<kw name="Dictionary Should Contain Key" owner="Collections">
<msg time="2024-03-26T08:16:34.841818" level="INFO">False</msg>
<arg>${json_data['results'][0]['login']}</arg>
<arg>${keyTwo}</arg>
<doc>Fails if ``key`` is not found from ``dictionary``.</doc>
<status status="PASS" start="2024-03-26T08:16:34.841440" elapsed="0.000415"/>
</kw>
<kw name="Dictionary Should Contain Key" owner="Collections">
<msg time="2024-03-26T08:16:34.842548" level="INFO">False</msg>
<arg>${json_data['results'][0]['login']}</arg>
<arg>${keyTwo}</arg>
<doc>Fails if ``key`` is not found from ``dictionary``.</doc>
<status status="PASS" start="2024-03-26T08:16:34.842153" elapsed="0.000433"/>
</kw>
<kw name="Log" owner="BuiltIn">
<msg time="2024-03-26T08:16:34.843034" level="INFO">username</msg>
<arg>${keyTwo}</arg>
<doc>Logs the given message with the given level.</doc>
<status status="PASS" start="2024-03-26T08:16:34.842880" elapsed="0.000192"/>
</kw>
<var name="${keyTwo}">username</var>
<status status="PASS" start="2024-03-26T08:16:34.841328" elapsed="0.001960"/>
</iter>
<iter>
<kw name="Dictionary Should Contain Key" owner="Collections">
<msg time="2024-03-26T08:16:34.843947" level="INFO">False</msg>
<arg>${json_data['results'][0]['login']}</arg>
<arg>${keyTwo}</arg>
<doc>Fails if ``key`` is not found from ``dictionary``.</doc>
<status status="PASS" start="2024-03-26T08:16:34.843573" elapsed="0.000413"/>
</kw>
<kw name="Dictionary Should Contain Key" owner="Collections">
<msg time="2024-03-26T08:16:34.844664" level="INFO">False</msg>
<arg>${json_data['results'][0]['login']}</arg>
<arg>${keyTwo}</arg>
<doc>Fails if ``key`` is not found from ``dictionary``.</doc>
<status status="PASS" start="2024-03-26T08:16:34.844280" elapsed="0.000421"/>
</kw>
<kw name="Log" owner="BuiltIn">
<msg time="2024-03-26T08:16:34.845120" level="INFO">password</msg>
<arg>${keyTwo}</arg>
<doc>Logs the given message with the given level.</doc>
<status status="PASS" start="2024-03-26T08:16:34.844992" elapsed="0.000166"/>
</kw>
<var name="${keyTwo}">password</var>
<status status="PASS" start="2024-03-26T08:16:34.843463" elapsed="0.001911"/>
</iter>
<var>${keyTwo}</var>
<value>@{expected_keysTwo}</value>
<status status="PASS" start="2024-03-26T08:16:34.841174" elapsed="0.004323"/>
</for>
<status status="PASS" start="2024-03-26T08:16:34.729007" elapsed="0.116631"/>
</kw>
<doc>Testa a estrutura da resposta da API.</doc>
<tag>testeEstruturaResposta</tag>
<status status="PASS" start="2024-03-26T08:16:34.728360" elapsed="0.117436"/>
</test>
<test id="s1-s1-t4" name="Validar tipos de dados" line="28">
<kw name="Teste de Tipos de Dados" owner="random-user-service">
<kw name="GET On Session" owner="RequestsLibrary">
<msg time="2024-03-26T08:16:34.911743" level="INFO">GET Request : url=https://randomuser.me/api 
 path_url=/api 
 headers={'User-Agent': 'python-requests/2.31.0', 'Accept-Encoding': 'gzip, deflate', 'Accept': '*/*', 'Connection': 'keep-alive'} 
 body=None 
 </msg>
<msg time="2024-03-26T08:16:34.911837" level="INFO">GET Response : url=https://randomuser.me/api 
 status=200, reason=OK 
 headers={'Date': 'Tue, 26 Mar 2024 08:16:34 GMT', 'Content-Type': 'application/json; charset=utf-8', 'Transfer-Encoding': 'chunked', 'Connection': 'keep-alive', 'X-Powered-By': 'Express', 'Access-Control-Allow-Origin': '*', 'Cache-Control': 'no-cache', 'ETag': 'W/"486-yKDkjgGXOF/1cVZrURhekcNcgKg"', 'Vary': 'Accept-Encoding', 'Content-Encoding': 'gzip', 'CF-Cache-Status': 'DYNAMIC', 'Report-To': '{"endpoints":[{"url":"https:\\/\\/a.nel.cloudflare.com\\/report\\/v4?s=YhFPTxk581qohNRtQXVLd%2B4OiKe4b4mmNPMc1IqCPA0jGi69zPctA%2B8ax7i1LHj5KlNmSs5%2FJ162QKavfgSAMKRLvGhoXgwjbZs7DxiASlemlfrc8wKkPX3a6Ftfd2uH"}],"group":"cf-nel","max_age":604800}', 'NEL': '{"success_fraction":0,"report_to":"cf-nel","max_age":604800}', 'Server': 'cloudflare', 'CF-RAY': '86a5b309d9dd2d0c-IAD', 'alt-svc': 'h3=":443"; ma=86400'} 
 body={"results":[{"gender":"male","name":{"title":"Mr","first":"Kasper","last":"Nielsen"},"location":{"street":{"number":2250,"name":"Færøvej"},"city":"Odense Sv","state":"Syddanmark","country":"Denmark","postcode":56709,"coordinates":{"latitude":"-46.7444","longitude":"-35.1502"},"timezone":{"offset":"+9:00","description":"Tokyo, Seoul, Osaka, Sapporo, Yakutsk"}},"email":"kasper.nielsen@example.com","login":{"uuid":"79e339f8-4e9e-4c2c-9caf-b25da42c54be","username":"redzebra756","password":"sherry","salt":"r5J6XjXv","md5":"bee2d6c727b6e2e68ac3a9557af907c1","sha1":"e6d84319568f07e5965f4d3fe0405d7bbe84b1ea","sha256":"f238ad607b6ba67e35eed57ec755b750dbccb73df19ebb2c9a05670958af31bc"},"dob":{"date":"1954-05-12T03:50:03.277Z","age":69},"registered":{"date":"2009-01-27T04:58:14.790Z","age":15},"phone":"63173278","cell":"01512212","id":{"name":"CPR","value":"110554-3855"},"picture":{"large":"https://randomuser.me/api/portraits/men/82.jpg","medium":"https://randomuser.me/api/portraits/med/men/82.jpg","thumbnail":"https://randomuser.me/api/portraits/thumb/men/82.jpg"},"nat":"DK"}],"info":{"seed":"65f9a0ac3ed35238","results":1,"page":1,"version":"1.4"}} 
 </msg>
<msg time="2024-03-26T08:16:34.911910" level="INFO">/opt/hostedtoolcache/Python/3.12.2/x64/lib/python3.12/site-packages/urllib3/connectionpool.py:1103: InsecureRequestWarning: Unverified HTTPS request is being made to host 'randomuser.me'. Adding certificate verification is strongly advised. See: https://urllib3.readthedocs.io/en/latest/advanced-usage.html#tls-warnings
  warnings.warn(</msg>
<msg time="2024-03-26T08:16:34.912031" level="INFO">${response} = &lt;Response [200]&gt;</msg>
<var>${response}</var>
<arg>consultarAPI</arg>
<arg>/api</arg>
<doc>Sends a GET request on a previously created HTTP Session.</doc>
<status status="PASS" start="2024-03-26T08:16:34.848240" elapsed="0.063829"/>
</kw>
<kw name="Set Variable" owner="BuiltIn">
<msg time="2024-03-26T08:16:34.913132" level="INFO">${json_data} = {'results': [{'gender': 'male', 'name': {'title': 'Mr', 'first': 'Kasper', 'last': 'Nielsen'}, 'location': {'street': {'number': 2250, 'name': 'Færøvej'}, 'city': 'Odense Sv', 'state': 'Syddanmark', '...</msg>
<var>${json_data}</var>
<arg>${response.json()}</arg>
<doc>Returns the given values which can then be assigned to a variables.</doc>
<status status="PASS" start="2024-03-26T08:16:34.912619" elapsed="0.000541"/>
</kw>
<kw name="Log" owner="BuiltIn">
<msg time="2024-03-26T08:16:34.913629" level="INFO">{'results': [{'gender': 'male', 'name': {'title': 'Mr', 'first': 'Kasper', 'last': 'Nielsen'}, 'location': {'street': {'number': 2250, 'name': 'Færøvej'}, 'city': 'Odense Sv', 'state': 'Syddanmark', 'country': 'Denmark', 'postcode': 56709, 'coordinates': {'latitude': '-46.7444', 'longitude': '-35.1502'}, 'timezone': {'offset': '+9:00', 'description': 'Tokyo, Seoul, Osaka, Sapporo, Yakutsk'}}, 'email': 'kasper.nielsen@example.com', 'login': {'uuid': '79e339f8-4e9e-4c2c-9caf-b25da42c54be', 'username': 'redzebra756', 'password': 'sherry', 'salt': 'r5J6XjXv', 'md5': 'bee2d6c727b6e2e68ac3a9557af907c1', 'sha1': 'e6d84319568f07e5965f4d3fe0405d7bbe84b1ea', 'sha256': 'f238ad607b6ba67e35eed57ec755b750dbccb73df19ebb2c9a05670958af31bc'}, 'dob': {'date': '1954-05-12T03:50:03.277Z', 'age': 69}, 'registered': {'date': '2009-01-27T04:58:14.790Z', 'age': 15}, 'phone': '63173278', 'cell': '01512212', 'id': {'name': 'CPR', 'value': '110554-3855'}, 'picture': {'large': 'https://randomuser.me/api/portraits/men/82.jpg', 'medium': 'https://randomuser.me/api/portraits/med/men/82.jpg', 'thumbnail': 'https://randomuser.me/api/portraits/thumb/men/82.jpg'}, 'nat': 'DK'}], 'info': {'seed': '65f9a0ac3ed35238', 'results': 1, 'page': 1, 'version': '1.4'}}</msg>
<arg>${json_data}</arg>
<doc>Logs the given message with the given level.</doc>
<status status="PASS" start="2024-03-26T08:16:34.913472" elapsed="0.000207"/>
</kw>
<kw name="Should Be String" owner="String">
<arg>${json_data['results'][0]['gender']}</arg>
<doc>Fails if the given ``item`` is not a string.</doc>
<status status="PASS" start="2024-03-26T08:16:34.914008" elapsed="0.000371"/>
</kw>
<kw name="Should Match Regexp" owner="BuiltIn">
<arg>${json_data['results'][0]['email']}</arg>
<arg>^[a-zA-Z0-9._%+-]+@[a-zA-Z0-9.-]+\.[a-zA-Z]{2,}$</arg>
<doc>Fails if ``string`` does not match ``pattern`` as a regular expression.</doc>
<status status="PASS" start="2024-03-26T08:16:34.914573" elapsed="0.000581"/>
</kw>
<kw name="Should Match Regexp" owner="BuiltIn">
<arg>${json_data['results'][0]['dob']['date']}</arg>
<arg>\\d{4}-\\d{2}-\\d{2}T\\d{2}:\\d{2}:\\d{2}\\.\\d{3}Z</arg>
<doc>Fails if ``string`` does not match ``pattern`` as a regular expression.</doc>
<status status="PASS" start="2024-03-26T08:16:34.915354" elapsed="0.000492"/>
</kw>
<kw name="Should Match Regexp" owner="BuiltIn">
<arg>${json_data['results'][0]['registered']['date']}</arg>
<arg>\\d{4}-\\d{2}-\\d{2}T\\d{2}:\\d{2}:\\d{2}\\.\\d{3}Z</arg>
<doc>Fails if ``string`` does not match ``pattern`` as a regular expression.</doc>
<status status="PASS" start="2024-03-26T08:16:34.916041" elapsed="0.000370"/>
</kw>
<kw name="Should Match Regexp" owner="BuiltIn">
<arg>${json_data['results'][0]['picture']['large']}</arg>
<arg>^https?://.*\.(?:png|jpe?g|gif|bmp)$</arg>
<doc>Fails if ``string`` does not match ``pattern`` as a regular expression.</doc>
<status status="PASS" start="2024-03-26T08:16:34.916600" elapsed="0.000468"/>
</kw>
<kw name="Should Match Regexp" owner="BuiltIn">
<arg>${json_data['results'][0]['picture']['medium']}</arg>
<arg>^https?://.*\.(?:png|jpe?g|gif|bmp)$</arg>
<doc>Fails if ``string`` does not match ``pattern`` as a regular expression.</doc>
<status status="PASS" start="2024-03-26T08:16:34.917261" elapsed="0.000366"/>
</kw>
<kw name="Should Match Regexp" owner="BuiltIn">
<arg>${json_data['results'][0]['picture']['thumbnail']}</arg>
<arg>^https?://.*\.(?:png|jpe?g|gif|bmp)$</arg>
<doc>Fails if ``string`` does not match ``pattern`` as a regular expression.</doc>
<status status="PASS" start="2024-03-26T08:16:34.917825" elapsed="0.000350"/>
</kw>
<kw name="Log" owner="BuiltIn">
<msg time="2024-03-26T08:16:34.918697" level="INFO">{'large': 'https://randomuser.me/api/portraits/men/82.jpg', 'medium': 'https://randomuser.me/api/portraits/med/men/82.jpg', 'thumbnail': 'https://randomuser.me/api/portraits/thumb/men/82.jpg'}</msg>
<arg>${json_data['results'][0]['picture']}</arg>
<doc>Logs the given message with the given level.</doc>
<status status="PASS" start="2024-03-26T08:16:34.918363" elapsed="0.000380"/>
</kw>
<status status="PASS" start="2024-03-26T08:16:34.848015" elapsed="0.071007"/>
</kw>
<kw name="Teste de Tipos de Dados - Postcode" owner="random-user-service">
<kw name="GET On Session" owner="RequestsLibrary">
<msg time="2024-03-26T08:16:35.010612" level="INFO">GET Request : url=https://randomuser.me/api 
 path_url=/api 
 headers={'User-Agent': 'python-requests/2.31.0', 'Accept-Encoding': 'gzip, deflate', 'Accept': '*/*', 'Connection': 'keep-alive'} 
 body=None 
 </msg>
<msg time="2024-03-26T08:16:35.010702" level="INFO">GET Response : url=https://randomuser.me/api 
 status=200, reason=OK 
 headers={'Date': 'Tue, 26 Mar 2024 08:16:35 GMT', 'Content-Type': 'application/json; charset=utf-8', 'Transfer-Encoding': 'chunked', 'Connection': 'keep-alive', 'X-Powered-By': 'Express', 'Access-Control-Allow-Origin': '*', 'Cache-Control': 'no-cache', 'ETag': 'W/"494-/CIiEJuT/x1nvhf/Fwlk/HMp7Gk"', 'Vary': 'Accept-Encoding', 'Content-Encoding': 'gzip', 'CF-Cache-Status': 'DYNAMIC', 'Report-To': '{"endpoints":[{"url":"https:\\/\\/a.nel.cloudflare.com\\/report\\/v4?s=AkrlvKBZJa59r%2BlolLbTXqUjZI5UDGFTQ8JIROe%2BIAQb6%2BqaVmUtZ%2FW0UpMvHS1cIFcXbdVtvIot3bk6R8v8fRmlzQYHLiF%2BPmfSl8ZQzbLHZ5%2Fe4E6pzTCrjPLksqyo"}],"group":"cf-nel","max_age":604800}', 'NEL': '{"success_fraction":0,"report_to":"cf-nel","max_age":604800}', 'Server': 'cloudflare', 'CF-RAY': '86a5b30a4a312d0c-IAD', 'alt-svc': 'h3=":443"; ma=86400'} 
 body={"results":[{"gender":"male","name":{"title":"Mr","first":"Francisco Javier","last":"Colón"},"location":{"street":{"number":7610,"name":"Corredor Portugal"},"city":"Epazoyucan","state":"Yucatan","country":"Mexico","postcode":21536,"coordinates":{"latitude":"23.7284","longitude":"-62.4920"},"timezone":{"offset":"+9:30","description":"Adelaide, Darwin"}},"email":"franciscojavier.colon@example.com","login":{"uuid":"53ec84f2-95e8-4b49-9172-b3088e45e3d1","username":"lazydog750","password":"alatam","salt":"Ix6HSqKJ","md5":"e79cd633174de640108ef49e1c7e54c3","sha1":"44c4da4c720f88fbf7965209f8b1690a6d7b07de","sha256":"12f8f2f09b134ec1e373165c86caf078b8a4adb8c4274647f36e95d3d15d8eed"},"dob":{"date":"1956-11-19T05:16:59.860Z","age":67},"registered":{"date":"2002-06-08T07:09:34.509Z","age":21},"phone":"(659) 238 2816","cell":"(667) 900 2810","id":{"name":"NSS","value":"45 80 93 8660 9"},"picture":{"large":"https://randomuser.me/api/portraits/men/53.jpg","medium":"https://randomuser.me/api/portraits/med/men/53.jpg","thumbnail":"https://randomuser.me/api/portraits/thumb/men/53.jpg"},"nat":"MX"}],"info":{"seed":"e5bed3e92ae3beaf","results":1,"page":1,"version":"1.4"}} 
 </msg>
<msg time="2024-03-26T08:16:35.010787" level="INFO">/opt/hostedtoolcache/Python/3.12.2/x64/lib/python3.12/site-packages/urllib3/connectionpool.py:1103: InsecureRequestWarning: Unverified HTTPS request is being made to host 'randomuser.me'. Adding certificate verification is strongly advised. See: https://urllib3.readthedocs.io/en/latest/advanced-usage.html#tls-warnings
  warnings.warn(</msg>
<msg time="2024-03-26T08:16:35.010899" level="INFO">${response} = &lt;Response [200]&gt;</msg>
<var>${response}</var>
<arg>consultarAPI</arg>
<arg>/api</arg>
<doc>Sends a GET request on a previously created HTTP Session.</doc>
<status status="PASS" start="2024-03-26T08:16:34.919624" elapsed="0.091301"/>
</kw>
<kw name="Set Variable" owner="BuiltIn">
<msg time="2024-03-26T08:16:35.011947" level="INFO">${json_data} = {'results': [{'gender': 'male', 'name': {'title': 'Mr', 'first': 'Francisco Javier', 'last': 'Colón'}, 'location': {'street': {'number': 7610, 'name': 'Corredor Portugal'}, 'city': 'Epazoyucan', 'stat...</msg>
<var>${json_data}</var>
<arg>${response.json()}</arg>
<doc>Returns the given values which can then be assigned to a variables.</doc>
<status status="PASS" start="2024-03-26T08:16:35.011455" elapsed="0.000520"/>
</kw>
<kw name="Log" owner="BuiltIn">
<msg time="2024-03-26T08:16:35.012455" level="INFO">{'results': [{'gender': 'male', 'name': {'title': 'Mr', 'first': 'Francisco Javier', 'last': 'Colón'}, 'location': {'street': {'number': 7610, 'name': 'Corredor Portugal'}, 'city': 'Epazoyucan', 'state': 'Yucatan', 'country': 'Mexico', 'postcode': 21536, 'coordinates': {'latitude': '23.7284', 'longitude': '-62.4920'}, 'timezone': {'offset': '+9:30', 'description': 'Adelaide, Darwin'}}, 'email': 'franciscojavier.colon@example.com', 'login': {'uuid': '53ec84f2-95e8-4b49-9172-b3088e45e3d1', 'username': 'lazydog750', 'password': 'alatam', 'salt': 'Ix6HSqKJ', 'md5': 'e79cd633174de640108ef49e1c7e54c3', 'sha1': '44c4da4c720f88fbf7965209f8b1690a6d7b07de', 'sha256': '12f8f2f09b134ec1e373165c86caf078b8a4adb8c4274647f36e95d3d15d8eed'}, 'dob': {'date': '1956-11-19T05:16:59.860Z', 'age': 67}, 'registered': {'date': '2002-06-08T07:09:34.509Z', 'age': 21}, 'phone': '(659) 238 2816', 'cell': '(667) 900 2810', 'id': {'name': 'NSS', 'value': '45 80 93 8660 9'}, 'picture': {'large': 'https://randomuser.me/api/portraits/men/53.jpg', 'medium': 'https://randomuser.me/api/portraits/med/men/53.jpg', 'thumbnail': 'https://randomuser.me/api/portraits/thumb/men/53.jpg'}, 'nat': 'MX'}], 'info': {'seed': 'e5bed3e92ae3beaf', 'results': 1, 'page': 1, 'version': '1.4'}}</msg>
<arg>${json_data}</arg>
<doc>Logs the given message with the given level.</doc>
<status status="PASS" start="2024-03-26T08:16:35.012296" elapsed="0.000208"/>
</kw>
<kw name="Should Be Equal As Numbers" owner="BuiltIn">
<arg>${json_data['results'][0]['location']['postcode']}</arg>
<arg>${json_data['results'][0]['location']['postcode']}</arg>
<doc>Fails if objects are unequal after converting them to real numbers.</doc>
<status status="PASS" start="2024-03-26T08:16:35.012805" elapsed="0.000632"/>
</kw>
<kw name="Log" owner="BuiltIn">
<msg time="2024-03-26T08:16:35.014010" level="INFO">21536</msg>
<arg>${json_data['results'][0]['location']['postcode']}</arg>
<doc>Logs the given message with the given level.</doc>
<status status="PASS" start="2024-03-26T08:16:35.013665" elapsed="0.000386"/>
</kw>
<status status="PASS" start="2024-03-26T08:16:34.919257" elapsed="0.095052"/>
</kw>
<doc>Testa se os tipos de dados na resposta da API estão corretos.</doc>
<tag>testeTiposDados</tag>
<status status="PASS" start="2024-03-26T08:16:34.847583" elapsed="0.166900"/>
</test>
<test id="s1-s1-t5" name="Validar conteudo" line="35">
<kw name="Teste de Tipos de Conteudo" owner="random-user-service">
<kw name="GET On Session" owner="RequestsLibrary">
<msg time="2024-03-26T08:16:35.112354" level="INFO">GET Request : url=https://randomuser.me/api 
 path_url=/api 
 headers={'User-Agent': 'python-requests/2.31.0', 'Accept-Encoding': 'gzip, deflate', 'Accept': '*/*', 'Connection': 'keep-alive'} 
 body=None 
 </msg>
<msg time="2024-03-26T08:16:35.112459" level="INFO">GET Response : url=https://randomuser.me/api 
 status=200, reason=OK 
 headers={'Date': 'Tue, 26 Mar 2024 08:16:35 GMT', 'Content-Type': 'application/json; charset=utf-8', 'Transfer-Encoding': 'chunked', 'Connection': 'keep-alive', 'X-Powered-By': 'Express', 'Access-Control-Allow-Origin': '*', 'Cache-Control': 'no-cache', 'ETag': 'W/"485-AiovjEH76UJjaRTBebjmzW4t7iQ"', 'Vary': 'Accept-Encoding', 'Content-Encoding': 'gzip', 'CF-Cache-Status': 'DYNAMIC', 'Report-To': '{"endpoints":[{"url":"https:\\/\\/a.nel.cloudflare.com\\/report\\/v4?s=%2FoLw9AGrlaNh7b18eJdv8lRTY08T%2BdO7hmrRyIh6sQC5Fukt7OO0SMUep5KQDfkYR%2BGq%2FGMYc%2FtpuHiaEDEpYJb8fJz4rfbSW42oZfZCHLulwEL3EC7gc%2FHCRsZ%2FphU8"}],"group":"cf-nel","max_age":604800}', 'NEL': '{"success_fraction":0,"report_to":"cf-nel","max_age":604800}', 'Server': 'cloudflare', 'CF-RAY': '86a5b30aeab52d0c-IAD', 'alt-svc': 'h3=":443"; ma=86400'} 
 body={"results":[{"gender":"male","name":{"title":"Mr","first":"Alvar","last":"Hovind"},"location":{"street":{"number":5300,"name":"Mosekollen"},"city":"Lauve","state":"Nord-Trøndelag","country":"Norway","postcode":"7751","coordinates":{"latitude":"45.3584","longitude":"-150.9464"},"timezone":{"offset":"+1:00","description":"Brussels, Copenhagen, Madrid, Paris"}},"email":"alvar.hovind@example.com","login":{"uuid":"0578977e-1964-4961-8a26-0161602b12eb","username":"blackgorilla130","password":"person","salt":"gIBpJxfV","md5":"33a6540219585ab54b18aad380d3e4c2","sha1":"2b0ea8761970c5b24c04e7083e342391c6930e16","sha256":"d416c2f82b28ad0eca18c60df41139fd242f98e28c700ec3c2ce6429c21b0a09"},"dob":{"date":"1948-03-23T06:02:09.668Z","age":76},"registered":{"date":"2010-10-04T21:35:58.802Z","age":13},"phone":"50170187","cell":"92577214","id":{"name":"FN","value":"23034813795"},"picture":{"large":"https://randomuser.me/api/portraits/men/12.jpg","medium":"https://randomuser.me/api/portraits/med/men/12.jpg","thumbnail":"https://randomuser.me/api/portraits/thumb/men/12.jpg"},"nat":"NO"}],"info":{"seed":"db246d8a669c911e","results":1,"page":1,"version":"1.4"}} 
 </msg>
<msg time="2024-03-26T08:16:35.112538" level="INFO">/opt/hostedtoolcache/Python/3.12.2/x64/lib/python3.12/site-packages/urllib3/connectionpool.py:1103: InsecureRequestWarning: Unverified HTTPS request is being made to host 'randomuser.me'. Adding certificate verification is strongly advised. See: https://urllib3.readthedocs.io/en/latest/advanced-usage.html#tls-warnings
  warnings.warn(</msg>
<msg time="2024-03-26T08:16:35.112669" level="INFO">${response} = &lt;Response [200]&gt;</msg>
<var>${response}</var>
<arg>consultarAPI</arg>
<arg>/api</arg>
<doc>Sends a GET request on a previously created HTTP Session.</doc>
<status status="PASS" start="2024-03-26T08:16:35.017373" elapsed="0.095344"/>
</kw>
<kw name="Set Variable" owner="BuiltIn">
<msg time="2024-03-26T08:16:35.113751" level="INFO">${json_data} = {'results': [{'gender': 'male', 'name': {'title': 'Mr', 'first': 'Alvar', 'last': 'Hovind'}, 'location': {'street': {'number': 5300, 'name': 'Mosekollen'}, 'city': 'Lauve', 'state': 'Nord-Trøndelag', ...</msg>
<var>${json_data}</var>
<arg>${response.json()}</arg>
<doc>Returns the given values which can then be assigned to a variables.</doc>
<status status="PASS" start="2024-03-26T08:16:35.113232" elapsed="0.000547"/>
</kw>
<kw name="Set Variable" owner="BuiltIn">
<msg time="2024-03-26T08:16:35.114468" level="INFO">${name_title} = Mr</msg>
<var>${name_title}</var>
<arg>${json_data["results"][0]["name"]["title"]}</arg>
<doc>Returns the given values which can then be assigned to a variables.</doc>
<status status="PASS" start="2024-03-26T08:16:35.114081" elapsed="0.000412"/>
</kw>
<kw name="Create List" owner="BuiltIn">
<msg time="2024-03-26T08:16:35.114942" level="INFO">${allowed_titles} = ['Mr', 'Ms', 'Miss', 'Mrs', 'Madame', 'Monsieur']</msg>
<var>${allowed_titles}</var>
<arg>Mr</arg>
<arg>Ms</arg>
<arg>Miss</arg>
<arg>Mrs</arg>
<arg>Madame</arg>
<arg>Monsieur</arg>
<doc>Returns a list containing given items.</doc>
<status status="PASS" start="2024-03-26T08:16:35.114792" elapsed="0.000204"/>
</kw>
<kw name="List Should Contain Value" owner="Collections">
<msg time="2024-03-26T08:16:35.115495" level="INFO">False</msg>
<arg>${allowed_titles}</arg>
<arg>${name_title}</arg>
<doc>Fails if the ``value`` is not found from ``list``.</doc>
<status status="PASS" start="2024-03-26T08:16:35.115319" elapsed="0.000218"/>
</kw>
<kw name="Set Variable" owner="BuiltIn">
<msg time="2024-03-26T08:16:35.116205" level="INFO">${name_country} = NO</msg>
<var>${name_country}</var>
<arg>${json_data["results"][0]["nat"]}</arg>
<doc>Returns the given values which can then be assigned to a variables.</doc>
<status status="PASS" start="2024-03-26T08:16:35.115829" elapsed="0.000402"/>
</kw>
<kw name="Create List" owner="BuiltIn">
<msg time="2024-03-26T08:16:35.117134" level="INFO">${list_country} = ['AD', 'AE', 'AF', 'AG', 'AI', 'AL', 'AM', 'AO', 'AQ', 'AR', 'AS', 'AT', 'AU', 'AW', 'AX', 'AZ', 'BA', 'BB', 'BD', 'BE', 'BF', 'BG', 'BH', 'BI', 'BJ', 'BL', 'BM', 'BN', 'BO', 'BQ', 'BR', 'BS', 'BT', '...</msg>
<var>${list_country}</var>
<arg>AD</arg>
<arg>AE</arg>
<arg>AF</arg>
<arg>AG</arg>
<arg>AI</arg>
<arg>AL</arg>
<arg>AM</arg>
<arg>AO</arg>
<arg>AQ</arg>
<arg>AR</arg>
<arg>AS</arg>
<arg>AT</arg>
<arg>AU</arg>
<arg>AW</arg>
<arg>AX</arg>
<arg>AZ</arg>
<arg>BA</arg>
<arg>BB</arg>
<arg>BD</arg>
<arg>BE</arg>
<arg>BF</arg>
<arg>BG</arg>
<arg>BH</arg>
<arg>BI</arg>
<arg>BJ</arg>
<arg>BL</arg>
<arg>BM</arg>
<arg>BN</arg>
<arg>BO</arg>
<arg>BQ</arg>
<arg>BR</arg>
<arg>BS</arg>
<arg>BT</arg>
<arg>BV</arg>
<arg>BW</arg>
<arg>BY</arg>
<arg>BZ</arg>
<arg>CA</arg>
<arg>CC</arg>
<arg>CD</arg>
<arg>CF</arg>
<arg>CG</arg>
<arg>CH</arg>
<arg>CI</arg>
<arg>CK</arg>
<arg>CL</arg>
<arg>CM</arg>
<arg>CN</arg>
<arg>CO</arg>
<arg>CR</arg>
<arg>CU</arg>
<arg>CV</arg>
<arg>CW</arg>
<arg>CX</arg>
<arg>CY</arg>
<arg>CZ</arg>
<arg>DE</arg>
<arg>DJ</arg>
<arg>DK</arg>
<arg>DM</arg>
<arg>DO</arg>
<arg>DZ</arg>
<arg>EC</arg>
<arg>EE</arg>
<arg>EG</arg>
<arg>EH</arg>
<arg>ER</arg>
<arg>ES</arg>
<arg>ET</arg>
<arg>FI</arg>
<arg>FJ</arg>
<arg>FK</arg>
<arg>FM</arg>
<arg>FO</arg>
<arg>FR</arg>
<arg>GA</arg>
<arg>GB</arg>
<arg>GD</arg>
<arg>GE</arg>
<arg>GF</arg>
<arg>GG</arg>
<arg>GH</arg>
<arg>GI</arg>
<arg>GL</arg>
<arg>GM</arg>
<arg>GN</arg>
<arg>GP</arg>
<arg>GQ</arg>
<arg>GR</arg>
<arg>GS</arg>
<arg>GT</arg>
<arg>GU</arg>
<arg>GW</arg>
<arg>GY</arg>
<arg>HK</arg>
<arg>HM</arg>
<arg>HN</arg>
<arg>HR</arg>
<arg>HT</arg>
<arg>HU</arg>
<arg>ID</arg>
<arg>IE</arg>
<arg>IL</arg>
<arg>IM</arg>
<arg>IN</arg>
<arg>IO</arg>
<arg>IQ</arg>
<arg>IR</arg>
<arg>IS</arg>
<arg>IT</arg>
<arg>JE</arg>
<arg>JM</arg>
<arg>JO</arg>
<arg>JP</arg>
<arg>KE</arg>
<arg>KG</arg>
<arg>KH</arg>
<arg>KI</arg>
<arg>KM</arg>
<arg>KN</arg>
<arg>KP</arg>
<arg>KR</arg>
<arg>KW</arg>
<arg>KY</arg>
<arg>KZ</arg>
<arg>LA</arg>
<arg>LB</arg>
<arg>LC</arg>
<arg>LI</arg>
<arg>LK</arg>
<arg>LR</arg>
<arg>LS</arg>
<arg>LT</arg>
<arg>LU</arg>
<arg>LV</arg>
<arg>LY</arg>
<arg>MA</arg>
<arg>MC</arg>
<arg>MD</arg>
<arg>ME</arg>
<arg>MF</arg>
<arg>MG</arg>
<arg>MH</arg>
<arg>MK</arg>
<arg>ML</arg>
<arg>MM</arg>
<arg>MN</arg>
<arg>MO</arg>
<arg>MP</arg>
<arg>MQ</arg>
<arg>MR</arg>
<arg>MS</arg>
<arg>MT</arg>
<arg>MU</arg>
<arg>MV</arg>
<arg>MW</arg>
<arg>MX</arg>
<arg>MY</arg>
<arg>MZ</arg>
<arg>NA</arg>
<arg>NC</arg>
<arg>NE</arg>
<arg>NF</arg>
<arg>NG</arg>
<arg>NI</arg>
<arg>NL</arg>
<arg>NO</arg>
<arg>NP</arg>
<arg>NR</arg>
<arg>NU</arg>
<arg>NZ</arg>
<arg>OM</arg>
<arg>PA</arg>
<arg>PE</arg>
<arg>PF</arg>
<arg>PG</arg>
<arg>PH</arg>
<arg>PK</arg>
<arg>PL</arg>
<arg>PM</arg>
<arg>PN</arg>
<arg>PR</arg>
<arg>PS</arg>
<arg>PT</arg>
<arg>PW</arg>
<arg>PY</arg>
<arg>QA</arg>
<arg>RE</arg>
<arg>RO</arg>
<arg>RS</arg>
<arg>RU</arg>
<arg>RW</arg>
<arg>SA</arg>
<arg>SB</arg>
<arg>SC</arg>
<arg>SD</arg>
<arg>SE</arg>
<arg>SG</arg>
<arg>SH</arg>
<arg>SI</arg>
<arg>SJ</arg>
<arg>SK</arg>
<arg>SL</arg>
<arg>SM</arg>
<arg>SN</arg>
<arg>SO</arg>
<arg>SR</arg>
<arg>SS</arg>
<arg>ST</arg>
<arg>SV</arg>
<arg>SX</arg>
<arg>SY</arg>
<arg>SZ</arg>
<arg>TC</arg>
<arg>TD</arg>
<arg>TF</arg>
<arg>TG</arg>
<arg>TH</arg>
<arg>TJ</arg>
<arg>TK</arg>
<arg>TL</arg>
<arg>TM</arg>
<arg>TN</arg>
<arg>TO</arg>
<arg>TR</arg>
<arg>TT</arg>
<arg>TV</arg>
<arg>TW</arg>
<arg>TZ</arg>
<arg>UA</arg>
<arg>UG</arg>
<arg>UM</arg>
<arg>US</arg>
<arg>UY</arg>
<arg>UZ</arg>
<arg>VA</arg>
<arg>VC</arg>
<arg>VE</arg>
<arg>VG</arg>
<arg>VI</arg>
<arg>VN</arg>
<arg>VU</arg>
<arg>WF</arg>
<arg>WS</arg>
<arg>XK</arg>
<arg>YE</arg>
<arg>YT</arg>
<arg>ZA</arg>
<arg>ZM</arg>
<arg>ZW</arg>
<doc>Returns a list containing given items.</doc>
<status status="PASS" start="2024-03-26T08:16:35.116540" elapsed="0.000620"/>
</kw>
<kw name="List Should Contain Value" owner="Collections">
<msg time="2024-03-26T08:16:35.118272" level="INFO">False</msg>
<arg>${list_country}</arg>
<arg>${name_country}</arg>
<doc>Fails if the ``value`` is not found from ``list``.</doc>
<status status="PASS" start="2024-03-26T08:16:35.118067" elapsed="0.000242"/>
</kw>
<kw name="Run Keyword If" owner="BuiltIn">
<kw name="Should Be True" owner="BuiltIn">
<arg>${True}</arg>
<doc>Fails if the given condition is not true.</doc>
<status status="PASS" start="2024-03-26T08:16:35.119399" elapsed="0.000145"/>
</kw>
<arg>${json_data["results"][0]["location"]["coordinates"]["latitude"]} &gt;= -90 and ${json_data["results"][0]["location"]["coordinates"]["latitude"]} &lt;= 90</arg>
<arg>Should Be True</arg>
<arg>${True}</arg>
<doc>Runs the given keyword with the given arguments, if ``condition`` is true.</doc>
<status status="PASS" start="2024-03-26T08:16:35.118623" elapsed="0.001048"/>
</kw>
<kw name="Run Keyword If" owner="BuiltIn">
<kw name="Should Be True" owner="BuiltIn">
<arg>${True}</arg>
<doc>Fails if the given condition is not true.</doc>
<status status="PASS" start="2024-03-26T08:16:35.120552" elapsed="0.000156"/>
</kw>
<arg>${json_data["results"][0]["location"]["coordinates"]["longitude"]} &gt;= -180 and ${json_data["results"][0]["location"]["coordinates"]["longitude"]} &lt;= 180</arg>
<arg>Should Be True</arg>
<arg>${True}</arg>
<doc>Runs the given keyword with the given arguments, if ``condition`` is true.</doc>
<status status="PASS" start="2024-03-26T08:16:35.119856" elapsed="0.000977"/>
</kw>
<status status="PASS" start="2024-03-26T08:16:35.016994" elapsed="0.103968"/>
</kw>
<doc>Testa o conteúdo específico dos campos retornados pela API.</doc>
<tag>testeConteudo</tag>
<status status="PASS" start="2024-03-26T08:16:35.016310" elapsed="0.104806"/>
</test>
<status status="PASS" start="2024-03-26T08:16:34.323766" elapsed="0.799248"/>
</suite>
<status status="PASS" start="2024-03-26T08:16:34.310023" elapsed="0.818320"/>
</suite>
<statistics>
<total>
<stat pass="5" fail="0" skip="0">All Tests</stat>
</total>
<tag>
<stat pass="1" fail="0" skip="0">testeConteudo</stat>
<stat pass="1" fail="0" skip="0">testeEstruturaResposta</stat>
<stat pass="1" fail="0" skip="0">testeRequisicaoBasica</stat>
<stat pass="1" fail="0" skip="0">testeTiposDados</stat>
</tag>
<suite>
<stat pass="5" fail="0" skip="0" id="s1" name="Tests">Tests</stat>
<stat pass="5" fail="0" skip="0" id="s1-s1" name="Random-User-Test">Tests.Random-User-Test</stat>
</suite>
</statistics>
<errors>
</errors>
</robot>
