<?xml version="1.0" encoding="UTF-8"?>
<robot generator="Robot 7.0 (Python 3.12.2 on linux)" generated="2024-04-12T13:14:58.613355" rpa="false" schemaversion="5">
<suite id="s1" name="Tests" source="/home/runner/work/DesafioQAItauRogerioJordao/DesafioQAItauRogerioJordao/RamdonUser/tests">
<suite id="s1-s1" name="Random-User-Test" source="/home/runner/work/DesafioQAItauRogerioJordao/DesafioQAItauRogerioJordao/RamdonUser/tests/random-user-test.robot">
<test id="s1-s1-t1" name="Conectar" line="13">
<kw name="Conectar API" owner="random-user-service">
<kw name="Create Session" owner="RequestsLibrary">
<msg time="2024-04-12T13:14:58.980474" level="INFO">Creating Session using : alias=consultarAPI, url=https://randomuser.me/, headers={},                     cookies={}, auth=None, timeout=None, proxies=None, verify=False,                     debug=0 </msg>
<arg>consultarAPI</arg>
<arg>${URL}</arg>
<doc>Create Session: create a HTTP session to a server</doc>
<status status="PASS" start="2024-04-12T13:14:58.980276" elapsed="0.000390"/>
</kw>
<status status="PASS" start="2024-04-12T13:14:58.979267" elapsed="0.001769"/>
</kw>
<status status="PASS" start="2024-04-12T13:14:58.978651" elapsed="0.002590"/>
</test>
<test id="s1-s1-t2" name="Validar retorno 200 e JSON Válido" line="16">
<kw name="Teste de Requisicao Basica" owner="random-user-service">
<kw name="GET On Session" owner="RequestsLibrary">
<msg time="2024-04-12T13:14:59.443768" level="INFO">GET Request : url=https://randomuser.me/api 
 path_url=/api 
 headers={'User-Agent': 'python-requests/2.31.0', 'Accept-Encoding': 'gzip, deflate', 'Accept': '*/*', 'Connection': 'keep-alive'} 
 body=None 
 </msg>
<msg time="2024-04-12T13:14:59.443928" level="INFO">GET Response : url=https://randomuser.me/api 
 status=200, reason=OK 
 headers={'Date': 'Fri, 12 Apr 2024 13:14:59 GMT', 'Content-Type': 'application/json; charset=utf-8', 'Transfer-Encoding': 'chunked', 'Connection': 'keep-alive', 'X-Powered-By': 'Express', 'Access-Control-Allow-Origin': '*', 'Cache-Control': 'no-cache', 'ETag': 'W/"478-lLZASeAnc4lFFUKNiyCgmbQ12JE"', 'Vary': 'Accept-Encoding', 'Content-Encoding': 'gzip', 'CF-Cache-Status': 'DYNAMIC', 'Report-To': '{"endpoints":[{"url":"https:\\/\\/a.nel.cloudflare.com\\/report\\/v4?s=KUBDPIaXUE%2FmATsSSc6LsdNPReqWiGFFH%2B3ZH%2F0JlFjnUfKLMyIojOr5nVM8k8%2F0gthkXnXdecOkYMMvr76fzfA%2BV%2FQbyGFJlflV%2FBpg2ZuvrhIWJJoyNjfouPJ6RyXo"}],"group":"cf-nel","max_age":604800}', 'NEL': '{"success_fraction":0,"report_to":"cf-nel","max_age":604800}', 'Server': 'cloudflare', 'CF-RAY': '87337b8778d737f3-IAD', 'alt-svc': 'h3=":443"; ma=86400'} 
 body={"results":[{"gender":"male","name":{"title":"Mr","first":"Thomas","last":"Slawa"},"location":{"street":{"number":9946,"name":"Bay Ave"},"city":"Russell","state":"Prince Edward Island","country":"Canada","postcode":"G6A 5Q9","coordinates":{"latitude":"-71.6263","longitude":"-123.4177"},"timezone":{"offset":"-3:30","description":"Newfoundland"}},"email":"thomas.slawa@example.com","login":{"uuid":"ed5f3bb1-7683-48a9-a358-17be44c840d5","username":"goldenlion196","password":"cleo","salt":"CAIlFOJ4","md5":"ab2090f415f409e9f16700065231f709","sha1":"4d04b883cc625a3cd04a495359891edc0623165a","sha256":"42ec09e840a521ce3b748cfa00196b15f50e3e2553a60fe4227710a942d3bc61"},"dob":{"date":"1971-03-29T00:00:31.277Z","age":53},"registered":{"date":"2017-01-11T02:18:06.719Z","age":7},"phone":"H37 N20-8303","cell":"U45 A44-3225","id":{"name":"SIN","value":"598915858"},"picture":{"large":"https://randomuser.me/api/portraits/men/89.jpg","medium":"https://randomuser.me/api/portraits/med/men/89.jpg","thumbnail":"https://randomuser.me/api/portraits/thumb/men/89.jpg"},"nat":"CA"}],"info":{"seed":"5590dea338491c79","results":1,"page":1,"version":"1.4"}} 
 </msg>
<msg time="2024-04-12T13:14:59.444015" level="INFO">/opt/hostedtoolcache/Python/3.12.2/x64/lib/python3.12/site-packages/urllib3/connectionpool.py:1103: InsecureRequestWarning: Unverified HTTPS request is being made to host 'randomuser.me'. Adding certificate verification is strongly advised. See: https://urllib3.readthedocs.io/en/latest/advanced-usage.html#tls-warnings
  warnings.warn(</msg>
<msg time="2024-04-12T13:14:59.444158" level="INFO">${response} = &lt;Response [200]&gt;</msg>
<var>${response}</var>
<arg>consultarAPI</arg>
<arg>/api</arg>
<doc>Sends a GET request on a previously created HTTP Session.</doc>
<status status="PASS" start="2024-04-12T13:14:58.983870" elapsed="0.460330"/>
</kw>
<kw name="Should Be Equal As Numbers" owner="BuiltIn">
<msg time="2024-04-12T13:14:59.445228" level="INFO">Argument types are:
&lt;class 'int'&gt;
&lt;class 'str'&gt;</msg>
<arg>${response.status_code}</arg>
<arg>200</arg>
<doc>Fails if objects are unequal after converting them to real numbers.</doc>
<status status="PASS" start="2024-04-12T13:14:59.444766" elapsed="0.000528"/>
</kw>
<kw name="Log" owner="BuiltIn">
<msg time="2024-04-12T13:14:59.445976" level="INFO">200</msg>
<arg>${response.status_code}</arg>
<doc>Logs the given message with the given level.</doc>
<status status="PASS" start="2024-04-12T13:14:59.445621" elapsed="0.000397"/>
</kw>
<kw name="Set Variable" owner="BuiltIn">
<msg time="2024-04-12T13:14:59.446788" level="INFO">${json_data} = {'results': [{'gender': 'male', 'name': {'title': 'Mr', 'first': 'Thomas', 'last': 'Slawa'}, 'location': {'street': {'number': 9946, 'name': 'Bay Ave'}, 'city': 'Russell', 'state': 'Prince Edward Isla...</msg>
<var>${json_data}</var>
<arg>${response.json()}</arg>
<doc>Returns the given values which can then be assigned to a variables.</doc>
<status status="PASS" start="2024-04-12T13:14:59.446352" elapsed="0.000464"/>
</kw>
<kw name="Dictionary Should Contain Key" owner="Collections">
<msg time="2024-04-12T13:14:59.447287" level="INFO">False</msg>
<arg>${json_data}</arg>
<arg>results</arg>
<doc>Fails if ``key`` is not found from ``dictionary``.</doc>
<status status="PASS" start="2024-04-12T13:14:59.447117" elapsed="0.000209"/>
</kw>
<status status="PASS" start="2024-04-12T13:14:58.983616" elapsed="0.463967"/>
</kw>
<doc>Testa se a API responde corretamente e retorna um objeto JSON válido.</doc>
<tag>testeRequisicaoBasica</tag>
<status status="PASS" start="2024-04-12T13:14:58.983080" elapsed="0.464691"/>
</test>
<test id="s1-s1-t3" name="Validar estrutura de resposta" line="22">
<kw name="Teste de Estrutura de Resposta" owner="random-user-service">
<kw name="GET On Session" owner="RequestsLibrary">
<msg time="2024-04-12T13:14:59.579323" level="INFO">GET Request : url=https://randomuser.me/api 
 path_url=/api 
 headers={'User-Agent': 'python-requests/2.31.0', 'Accept-Encoding': 'gzip, deflate', 'Accept': '*/*', 'Connection': 'keep-alive'} 
 body=None 
 </msg>
<msg time="2024-04-12T13:14:59.579427" level="INFO">GET Response : url=https://randomuser.me/api 
 status=200, reason=OK 
 headers={'Date': 'Fri, 12 Apr 2024 13:14:59 GMT', 'Content-Type': 'application/json; charset=utf-8', 'Transfer-Encoding': 'chunked', 'Connection': 'keep-alive', 'X-Powered-By': 'Express', 'Access-Control-Allow-Origin': '*', 'Cache-Control': 'no-cache', 'ETag': 'W/"492-6aAkXr3jRdzhw6M5iKQnX8tsE5I"', 'Vary': 'Accept-Encoding', 'Content-Encoding': 'gzip', 'CF-Cache-Status': 'DYNAMIC', 'Report-To': '{"endpoints":[{"url":"https:\\/\\/a.nel.cloudflare.com\\/report\\/v4?s=RbOYGRKtui1d1HaJZvTr0pkq1jiKSWrWwn4ThiggC9q9UktHNRoybniNiaV9LblSASD5V9Zv%2BT%2F1tKqVfg1bqUIzap4gk3NQftO1MvqT3lbDFr5A5kWqFPt6t2rw9bRM"}],"group":"cf-nel","max_age":604800}', 'NEL': '{"success_fraction":0,"report_to":"cf-nel","max_age":604800}', 'Server': 'cloudflare', 'CF-RAY': '87337b898a0337f3-IAD', 'alt-svc': 'h3=":443"; ma=86400'} 
 body={"results":[{"gender":"female","name":{"title":"Miss","first":"پرنیا","last":"رضایی"},"location":{"street":{"number":464,"name":"فداییان اسلام"},"city":"اراک","state":"یزد","country":"Iran","postcode":53262,"coordinates":{"latitude":"18.0214","longitude":"138.3278"},"timezone":{"offset":"+4:00","description":"Abu Dhabi, Muscat, Baku, Tbilisi"}},"email":"prny.rdyy@example.com","login":{"uuid":"d229090f-7e61-499f-9c39-dd38288b1e7d","username":"purpleswan881","password":"capone","salt":"3xfKK9KX","md5":"79a25a3e5adfac494b660ab7b90767f3","sha1":"4f12c3cbb5ac8dd5d6cf283b46c5f05434dfd20a","sha256":"c4fcc54ee44660cd695c650e0a9de01f301c782633faf3a8ff9fbda702db36d1"},"dob":{"date":"1957-05-11T18:55:32.465Z","age":66},"registered":{"date":"2012-12-23T23:00:16.850Z","age":11},"phone":"055-70948908","cell":"0993-883-3539","id":{"name":"","value":null},"picture":{"large":"https://randomuser.me/api/portraits/women/16.jpg","medium":"https://randomuser.me/api/portraits/med/women/16.jpg","thumbnail":"https://randomuser.me/api/portraits/thumb/women/16.jpg"},"nat":"IR"}],"info":{"seed":"209375d930127188","results":1,"page":1,"version":"1.4"}} 
 </msg>
<msg time="2024-04-12T13:14:59.579590" level="INFO">/opt/hostedtoolcache/Python/3.12.2/x64/lib/python3.12/site-packages/urllib3/connectionpool.py:1103: InsecureRequestWarning: Unverified HTTPS request is being made to host 'randomuser.me'. Adding certificate verification is strongly advised. See: https://urllib3.readthedocs.io/en/latest/advanced-usage.html#tls-warnings
  warnings.warn(</msg>
<msg time="2024-04-12T13:14:59.579722" level="INFO">${response} = &lt;Response [200]&gt;</msg>
<var>${response}</var>
<arg>consultarAPI</arg>
<arg>/api</arg>
<doc>Sends a GET request on a previously created HTTP Session.</doc>
<status status="PASS" start="2024-04-12T13:14:59.450552" elapsed="0.129218"/>
</kw>
<kw name="Set Variable" owner="BuiltIn">
<msg time="2024-04-12T13:14:59.580824" level="INFO">${json_data} = {'results': [{'gender': 'female', 'name': {'title': 'Miss', 'first': 'پرنیا', 'last': 'رضایی'}, 'location': {'street': {'number': 464, 'name': 'فداییان اسلام'}, 'city': 'اراک', 'state': 'یزد', 'countr...</msg>
<var>${json_data}</var>
<arg>${response.json()}</arg>
<doc>Returns the given values which can then be assigned to a variables.</doc>
<status status="PASS" start="2024-04-12T13:14:59.580257" elapsed="0.000599"/>
</kw>
<kw name="Log" owner="BuiltIn">
<msg time="2024-04-12T13:14:59.581340" level="INFO">{'results': [{'gender': 'female', 'name': {'title': 'Miss', 'first': 'پرنیا', 'last': 'رضایی'}, 'location': {'street': {'number': 464, 'name': 'فداییان اسلام'}, 'city': 'اراک', 'state': 'یزد', 'country': 'Iran', 'postcode': 53262, 'coordinates': {'latitude': '18.0214', 'longitude': '138.3278'}, 'timezone': {'offset': '+4:00', 'description': 'Abu Dhabi, Muscat, Baku, Tbilisi'}}, 'email': 'prny.rdyy@example.com', 'login': {'uuid': 'd229090f-7e61-499f-9c39-dd38288b1e7d', 'username': 'purpleswan881', 'password': 'capone', 'salt': '3xfKK9KX', 'md5': '79a25a3e5adfac494b660ab7b90767f3', 'sha1': '4f12c3cbb5ac8dd5d6cf283b46c5f05434dfd20a', 'sha256': 'c4fcc54ee44660cd695c650e0a9de01f301c782633faf3a8ff9fbda702db36d1'}, 'dob': {'date': '1957-05-11T18:55:32.465Z', 'age': 66}, 'registered': {'date': '2012-12-23T23:00:16.850Z', 'age': 11}, 'phone': '055-70948908', 'cell': '0993-883-3539', 'id': {'name': '', 'value': None}, 'picture': {'large': 'https://randomuser.me/api/portraits/women/16.jpg', 'medium': 'https://randomuser.me/api/portraits/med/women/16.jpg', 'thumbnail': 'https://randomuser.me/api/portraits/thumb/women/16.jpg'}, 'nat': 'IR'}], 'info': {'seed': '209375d930127188', 'results': 1, 'page': 1, 'version': '1.4'}}</msg>
<arg>${json_data}</arg>
<doc>Logs the given message with the given level.</doc>
<status status="PASS" start="2024-04-12T13:14:59.581174" elapsed="0.000215"/>
</kw>
<kw name="Dictionary Should Contain Key" owner="Collections">
<msg time="2024-04-12T13:14:59.581840" level="INFO">False</msg>
<arg>${json_data}</arg>
<arg>results</arg>
<doc>Fails if ``key`` is not found from ``dictionary``.</doc>
<status status="PASS" start="2024-04-12T13:14:59.581686" elapsed="0.000191"/>
</kw>
<kw name="Should Not Be Empty" owner="BuiltIn">
<msg time="2024-04-12T13:14:59.582302" level="INFO">Length is 2.</msg>
<arg>${json_data}</arg>
<doc>Verifies that the given item is not empty.</doc>
<status status="PASS" start="2024-04-12T13:14:59.582168" elapsed="0.000172"/>
</kw>
<kw name="Create List" owner="BuiltIn">
<msg time="2024-04-12T13:14:59.582787" level="INFO">${expected_keys} = ['gender', 'name', 'location', 'email', 'login']</msg>
<var>${expected_keys}</var>
<arg>gender</arg>
<arg>name</arg>
<arg>location</arg>
<arg>email</arg>
<arg>login</arg>
<doc>Returns a list containing given items.</doc>
<status status="PASS" start="2024-04-12T13:14:59.582639" elapsed="0.000173"/>
</kw>
<for flavor="IN">
<iter>
<kw name="Dictionary Should Contain Key" owner="Collections">
<msg time="2024-04-12T13:14:59.583794" level="INFO">False</msg>
<arg>${json_data['results'][0]}</arg>
<arg>${key}</arg>
<doc>Fails if ``key`` is not found from ``dictionary``.</doc>
<status status="PASS" start="2024-04-12T13:14:59.583392" elapsed="0.000441"/>
</kw>
<kw name="Log" owner="BuiltIn">
<msg time="2024-04-12T13:14:59.584518" level="INFO">{'gender': 'female', 'name': {'title': 'Miss', 'first': 'پرنیا', 'last': 'رضایی'}, 'location': {'street': {'number': 464, 'name': 'فداییان اسلام'}, 'city': 'اراک', 'state': 'یزد', 'country': 'Iran', 'postcode': 53262, 'coordinates': {'latitude': '18.0214', 'longitude': '138.3278'}, 'timezone': {'offset': '+4:00', 'description': 'Abu Dhabi, Muscat, Baku, Tbilisi'}}, 'email': 'prny.rdyy@example.com', 'login': {'uuid': 'd229090f-7e61-499f-9c39-dd38288b1e7d', 'username': 'purpleswan881', 'password': 'capone', 'salt': '3xfKK9KX', 'md5': '79a25a3e5adfac494b660ab7b90767f3', 'sha1': '4f12c3cbb5ac8dd5d6cf283b46c5f05434dfd20a', 'sha256': 'c4fcc54ee44660cd695c650e0a9de01f301c782633faf3a8ff9fbda702db36d1'}, 'dob': {'date': '1957-05-11T18:55:32.465Z', 'age': 66}, 'registered': {'date': '2012-12-23T23:00:16.850Z', 'age': 11}, 'phone': '055-70948908', 'cell': '0993-883-3539', 'id': {'name': '', 'value': None}, 'picture': {'large': 'https://randomuser.me/api/portraits/women/16.jpg', 'medium': 'https://randomuser.me/api/portraits/med/women/16.jpg', 'thumbnail': 'https://randomuser.me/api/portraits/thumb/women/16.jpg'}, 'nat': 'IR'}</msg>
<arg>${json_data['results'][0]}</arg>
<doc>Logs the given message with the given level.</doc>
<status status="PASS" start="2024-04-12T13:14:59.584141" elapsed="0.000452"/>
</kw>
<kw name="Log" owner="BuiltIn">
<msg time="2024-04-12T13:14:59.585035" level="INFO">gender</msg>
<arg>${key}</arg>
<doc>Logs the given message with the given level.</doc>
<status status="PASS" start="2024-04-12T13:14:59.584904" elapsed="0.000168"/>
</kw>
<var name="${key}">gender</var>
<status status="PASS" start="2024-04-12T13:14:59.583257" elapsed="0.002032"/>
</iter>
<iter>
<kw name="Dictionary Should Contain Key" owner="Collections">
<msg time="2024-04-12T13:14:59.585984" level="INFO">False</msg>
<arg>${json_data['results'][0]}</arg>
<arg>${key}</arg>
<doc>Fails if ``key`` is not found from ``dictionary``.</doc>
<status status="PASS" start="2024-04-12T13:14:59.585590" elapsed="0.000432"/>
</kw>
<kw name="Log" owner="BuiltIn">
<msg time="2024-04-12T13:14:59.586732" level="INFO">{'gender': 'female', 'name': {'title': 'Miss', 'first': 'پرنیا', 'last': 'رضایی'}, 'location': {'street': {'number': 464, 'name': 'فداییان اسلام'}, 'city': 'اراک', 'state': 'یزد', 'country': 'Iran', 'postcode': 53262, 'coordinates': {'latitude': '18.0214', 'longitude': '138.3278'}, 'timezone': {'offset': '+4:00', 'description': 'Abu Dhabi, Muscat, Baku, Tbilisi'}}, 'email': 'prny.rdyy@example.com', 'login': {'uuid': 'd229090f-7e61-499f-9c39-dd38288b1e7d', 'username': 'purpleswan881', 'password': 'capone', 'salt': '3xfKK9KX', 'md5': '79a25a3e5adfac494b660ab7b90767f3', 'sha1': '4f12c3cbb5ac8dd5d6cf283b46c5f05434dfd20a', 'sha256': 'c4fcc54ee44660cd695c650e0a9de01f301c782633faf3a8ff9fbda702db36d1'}, 'dob': {'date': '1957-05-11T18:55:32.465Z', 'age': 66}, 'registered': {'date': '2012-12-23T23:00:16.850Z', 'age': 11}, 'phone': '055-70948908', 'cell': '0993-883-3539', 'id': {'name': '', 'value': None}, 'picture': {'large': 'https://randomuser.me/api/portraits/women/16.jpg', 'medium': 'https://randomuser.me/api/portraits/med/women/16.jpg', 'thumbnail': 'https://randomuser.me/api/portraits/thumb/women/16.jpg'}, 'nat': 'IR'}</msg>
<arg>${json_data['results'][0]}</arg>
<doc>Logs the given message with the given level.</doc>
<status status="PASS" start="2024-04-12T13:14:59.586366" elapsed="0.000417"/>
</kw>
<kw name="Log" owner="BuiltIn">
<msg time="2024-04-12T13:14:59.587224" level="INFO">name</msg>
<arg>${key}</arg>
<doc>Logs the given message with the given level.</doc>
<status status="PASS" start="2024-04-12T13:14:59.587095" elapsed="0.000167"/>
</kw>
<var name="${key}">name</var>
<status status="PASS" start="2024-04-12T13:14:59.585476" elapsed="0.002001"/>
</iter>
<iter>
<kw name="Dictionary Should Contain Key" owner="Collections">
<msg time="2024-04-12T13:14:59.588147" level="INFO">False</msg>
<arg>${json_data['results'][0]}</arg>
<arg>${key}</arg>
<doc>Fails if ``key`` is not found from ``dictionary``.</doc>
<status status="PASS" start="2024-04-12T13:14:59.587765" elapsed="0.000420"/>
</kw>
<kw name="Log" owner="BuiltIn">
<msg time="2024-04-12T13:14:59.588882" level="INFO">{'gender': 'female', 'name': {'title': 'Miss', 'first': 'پرنیا', 'last': 'رضایی'}, 'location': {'street': {'number': 464, 'name': 'فداییان اسلام'}, 'city': 'اراک', 'state': 'یزد', 'country': 'Iran', 'postcode': 53262, 'coordinates': {'latitude': '18.0214', 'longitude': '138.3278'}, 'timezone': {'offset': '+4:00', 'description': 'Abu Dhabi, Muscat, Baku, Tbilisi'}}, 'email': 'prny.rdyy@example.com', 'login': {'uuid': 'd229090f-7e61-499f-9c39-dd38288b1e7d', 'username': 'purpleswan881', 'password': 'capone', 'salt': '3xfKK9KX', 'md5': '79a25a3e5adfac494b660ab7b90767f3', 'sha1': '4f12c3cbb5ac8dd5d6cf283b46c5f05434dfd20a', 'sha256': 'c4fcc54ee44660cd695c650e0a9de01f301c782633faf3a8ff9fbda702db36d1'}, 'dob': {'date': '1957-05-11T18:55:32.465Z', 'age': 66}, 'registered': {'date': '2012-12-23T23:00:16.850Z', 'age': 11}, 'phone': '055-70948908', 'cell': '0993-883-3539', 'id': {'name': '', 'value': None}, 'picture': {'large': 'https://randomuser.me/api/portraits/women/16.jpg', 'medium': 'https://randomuser.me/api/portraits/med/women/16.jpg', 'thumbnail': 'https://randomuser.me/api/portraits/thumb/women/16.jpg'}, 'nat': 'IR'}</msg>
<arg>${json_data['results'][0]}</arg>
<doc>Logs the given message with the given level.</doc>
<status status="PASS" start="2024-04-12T13:14:59.588484" elapsed="0.000454"/>
</kw>
<kw name="Log" owner="BuiltIn">
<msg time="2024-04-12T13:14:59.589363" level="INFO">location</msg>
<arg>${key}</arg>
<doc>Logs the given message with the given level.</doc>
<status status="PASS" start="2024-04-12T13:14:59.589236" elapsed="0.000166"/>
</kw>
<var name="${key}">location</var>
<status status="PASS" start="2024-04-12T13:14:59.587654" elapsed="0.001962"/>
</iter>
<iter>
<kw name="Dictionary Should Contain Key" owner="Collections">
<msg time="2024-04-12T13:14:59.590279" level="INFO">False</msg>
<arg>${json_data['results'][0]}</arg>
<arg>${key}</arg>
<doc>Fails if ``key`` is not found from ``dictionary``.</doc>
<status status="PASS" start="2024-04-12T13:14:59.589895" elapsed="0.000421"/>
</kw>
<kw name="Log" owner="BuiltIn">
<msg time="2024-04-12T13:14:59.590974" level="INFO">{'gender': 'female', 'name': {'title': 'Miss', 'first': 'پرنیا', 'last': 'رضایی'}, 'location': {'street': {'number': 464, 'name': 'فداییان اسلام'}, 'city': 'اراک', 'state': 'یزد', 'country': 'Iran', 'postcode': 53262, 'coordinates': {'latitude': '18.0214', 'longitude': '138.3278'}, 'timezone': {'offset': '+4:00', 'description': 'Abu Dhabi, Muscat, Baku, Tbilisi'}}, 'email': 'prny.rdyy@example.com', 'login': {'uuid': 'd229090f-7e61-499f-9c39-dd38288b1e7d', 'username': 'purpleswan881', 'password': 'capone', 'salt': '3xfKK9KX', 'md5': '79a25a3e5adfac494b660ab7b90767f3', 'sha1': '4f12c3cbb5ac8dd5d6cf283b46c5f05434dfd20a', 'sha256': 'c4fcc54ee44660cd695c650e0a9de01f301c782633faf3a8ff9fbda702db36d1'}, 'dob': {'date': '1957-05-11T18:55:32.465Z', 'age': 66}, 'registered': {'date': '2012-12-23T23:00:16.850Z', 'age': 11}, 'phone': '055-70948908', 'cell': '0993-883-3539', 'id': {'name': '', 'value': None}, 'picture': {'large': 'https://randomuser.me/api/portraits/women/16.jpg', 'medium': 'https://randomuser.me/api/portraits/med/women/16.jpg', 'thumbnail': 'https://randomuser.me/api/portraits/thumb/women/16.jpg'}, 'nat': 'IR'}</msg>
<arg>${json_data['results'][0]}</arg>
<doc>Logs the given message with the given level.</doc>
<status status="PASS" start="2024-04-12T13:14:59.590609" elapsed="0.000414"/>
</kw>
<kw name="Log" owner="BuiltIn">
<msg time="2024-04-12T13:14:59.591453" level="INFO">email</msg>
<arg>${key}</arg>
<doc>Logs the given message with the given level.</doc>
<status status="PASS" start="2024-04-12T13:14:59.591324" elapsed="0.000167"/>
</kw>
<var name="${key}">email</var>
<status status="PASS" start="2024-04-12T13:14:59.589785" elapsed="0.001920"/>
</iter>
<iter>
<kw name="Dictionary Should Contain Key" owner="Collections">
<msg time="2024-04-12T13:14:59.592371" level="INFO">False</msg>
<arg>${json_data['results'][0]}</arg>
<arg>${key}</arg>
<doc>Fails if ``key`` is not found from ``dictionary``.</doc>
<status status="PASS" start="2024-04-12T13:14:59.591988" elapsed="0.000420"/>
</kw>
<kw name="Log" owner="BuiltIn">
<msg time="2024-04-12T13:14:59.593099" level="INFO">{'gender': 'female', 'name': {'title': 'Miss', 'first': 'پرنیا', 'last': 'رضایی'}, 'location': {'street': {'number': 464, 'name': 'فداییان اسلام'}, 'city': 'اراک', 'state': 'یزد', 'country': 'Iran', 'postcode': 53262, 'coordinates': {'latitude': '18.0214', 'longitude': '138.3278'}, 'timezone': {'offset': '+4:00', 'description': 'Abu Dhabi, Muscat, Baku, Tbilisi'}}, 'email': 'prny.rdyy@example.com', 'login': {'uuid': 'd229090f-7e61-499f-9c39-dd38288b1e7d', 'username': 'purpleswan881', 'password': 'capone', 'salt': '3xfKK9KX', 'md5': '79a25a3e5adfac494b660ab7b90767f3', 'sha1': '4f12c3cbb5ac8dd5d6cf283b46c5f05434dfd20a', 'sha256': 'c4fcc54ee44660cd695c650e0a9de01f301c782633faf3a8ff9fbda702db36d1'}, 'dob': {'date': '1957-05-11T18:55:32.465Z', 'age': 66}, 'registered': {'date': '2012-12-23T23:00:16.850Z', 'age': 11}, 'phone': '055-70948908', 'cell': '0993-883-3539', 'id': {'name': '', 'value': None}, 'picture': {'large': 'https://randomuser.me/api/portraits/women/16.jpg', 'medium': 'https://randomuser.me/api/portraits/med/women/16.jpg', 'thumbnail': 'https://randomuser.me/api/portraits/thumb/women/16.jpg'}, 'nat': 'IR'}</msg>
<arg>${json_data['results'][0]}</arg>
<doc>Logs the given message with the given level.</doc>
<status status="PASS" start="2024-04-12T13:14:59.592730" elapsed="0.000419"/>
</kw>
<kw name="Log" owner="BuiltIn">
<msg time="2024-04-12T13:14:59.593582" level="INFO">login</msg>
<arg>${key}</arg>
<doc>Logs the given message with the given level.</doc>
<status status="PASS" start="2024-04-12T13:14:59.593451" elapsed="0.000175"/>
</kw>
<var name="${key}">login</var>
<status status="PASS" start="2024-04-12T13:14:59.591878" elapsed="0.001993"/>
</iter>
<var>${key}</var>
<value>@{expected_keys}</value>
<status status="PASS" start="2024-04-12T13:14:59.583068" elapsed="0.010932"/>
</for>
<kw name="Create List" owner="BuiltIn">
<msg time="2024-04-12T13:14:59.594330" level="INFO">${expected_keysTwo} = ['username', 'password']</msg>
<var>${expected_keysTwo}</var>
<arg>username</arg>
<arg>password</arg>
<doc>Returns a list containing given items.</doc>
<status status="PASS" start="2024-04-12T13:14:59.594192" elapsed="0.000161"/>
</kw>
<for flavor="IN">
<iter>
<kw name="Dictionary Should Contain Key" owner="Collections">
<msg time="2024-04-12T13:14:59.595350" level="INFO">False</msg>
<arg>${json_data['results'][0]['login']}</arg>
<arg>${keyTwo}</arg>
<doc>Fails if ``key`` is not found from ``dictionary``.</doc>
<status status="PASS" start="2024-04-12T13:14:59.594961" elapsed="0.000426"/>
</kw>
<kw name="Dictionary Should Contain Key" owner="Collections">
<msg time="2024-04-12T13:14:59.596065" level="INFO">False</msg>
<arg>${json_data['results'][0]['login']}</arg>
<arg>${keyTwo}</arg>
<doc>Fails if ``key`` is not found from ``dictionary``.</doc>
<status status="PASS" start="2024-04-12T13:14:59.595687" elapsed="0.000415"/>
</kw>
<kw name="Log" owner="BuiltIn">
<msg time="2024-04-12T13:14:59.596543" level="INFO">username</msg>
<arg>${keyTwo}</arg>
<doc>Logs the given message with the given level.</doc>
<status status="PASS" start="2024-04-12T13:14:59.596396" elapsed="0.000190"/>
</kw>
<var name="${keyTwo}">username</var>
<status status="PASS" start="2024-04-12T13:14:59.594847" elapsed="0.001972"/>
</iter>
<iter>
<kw name="Dictionary Should Contain Key" owner="Collections">
<msg time="2024-04-12T13:14:59.597496" level="INFO">False</msg>
<arg>${json_data['results'][0]['login']}</arg>
<arg>${keyTwo}</arg>
<doc>Fails if ``key`` is not found from ``dictionary``.</doc>
<status status="PASS" start="2024-04-12T13:14:59.597116" elapsed="0.000418"/>
</kw>
<kw name="Dictionary Should Contain Key" owner="Collections">
<msg time="2024-04-12T13:14:59.598205" level="INFO">False</msg>
<arg>${json_data['results'][0]['login']}</arg>
<arg>${keyTwo}</arg>
<doc>Fails if ``key`` is not found from ``dictionary``.</doc>
<status status="PASS" start="2024-04-12T13:14:59.597827" elapsed="0.000415"/>
</kw>
<kw name="Log" owner="BuiltIn">
<msg time="2024-04-12T13:14:59.598661" level="INFO">password</msg>
<arg>${keyTwo}</arg>
<doc>Logs the given message with the given level.</doc>
<status status="PASS" start="2024-04-12T13:14:59.598532" elapsed="0.000167"/>
</kw>
<var name="${keyTwo}">password</var>
<status status="PASS" start="2024-04-12T13:14:59.597003" elapsed="0.001913"/>
</iter>
<var>${keyTwo}</var>
<value>@{expected_keysTwo}</value>
<status status="PASS" start="2024-04-12T13:14:59.594591" elapsed="0.004446"/>
</for>
<status status="PASS" start="2024-04-12T13:14:59.450312" elapsed="0.148866"/>
</kw>
<doc>Testa a estrutura da resposta da API.</doc>
<tag>testeEstruturaResposta</tag>
<status status="PASS" start="2024-04-12T13:14:59.449635" elapsed="0.149704"/>
</test>
<test id="s1-s1-t4" name="Validar tipos de dados" line="28">
<kw name="Teste de Tipos de Dados" owner="random-user-service">
<kw name="GET On Session" owner="RequestsLibrary">
<msg time="2024-04-12T13:14:59.645895" level="INFO">GET Request : url=https://randomuser.me/api 
 path_url=/api 
 headers={'User-Agent': 'python-requests/2.31.0', 'Accept-Encoding': 'gzip, deflate', 'Accept': '*/*', 'Connection': 'keep-alive'} 
 body=None 
 </msg>
<msg time="2024-04-12T13:14:59.645964" level="INFO">GET Response : url=https://randomuser.me/api 
 status=200, reason=OK 
 headers={'Date': 'Fri, 12 Apr 2024 13:14:59 GMT', 'Content-Type': 'application/json; charset=utf-8', 'Transfer-Encoding': 'chunked', 'Connection': 'keep-alive', 'X-Powered-By': 'Express', 'Access-Control-Allow-Origin': '*', 'Cache-Control': 'no-cache', 'ETag': 'W/"4a6-T+hmnvX4XiAMnl/7SlBtTFZOjLk"', 'Vary': 'Accept-Encoding', 'Content-Encoding': 'gzip', 'CF-Cache-Status': 'DYNAMIC', 'Report-To': '{"endpoints":[{"url":"https:\\/\\/a.nel.cloudflare.com\\/report\\/v4?s=P8kmexRVLVjTbZTz0F41o857PAJPzzG7cPiO8RaIE2GdJs2yHLLBKRpwhqvKiv3QSVd1JH2PMwVyI%2BRijb8FmWQDK7Mf0zxSebKe0tpyjLFxQsr9N%2FZ9zxAbEzPFY0zI"}],"group":"cf-nel","max_age":604800}', 'NEL': '{"success_fraction":0,"report_to":"cf-nel","max_age":604800}', 'Server': 'cloudflare', 'CF-RAY': '87337b8a7ade37f3-IAD', 'alt-svc': 'h3=":443"; ma=86400'} 
 body={"results":[{"gender":"female","name":{"title":"Miss","first":"Zoreglyada","last":"Chehivskiy"},"location":{"street":{"number":9475,"name":"Kashirska"},"city":"Novodruzhesk","state":"Volinska","country":"Ukraine","postcode":20035,"coordinates":{"latitude":"79.5372","longitude":"112.6008"},"timezone":{"offset":"-4:00","description":"Atlantic Time (Canada), Caracas, La Paz"}},"email":"zoreglyada.chehivskiy@example.com","login":{"uuid":"5e44f691-1ac2-48f6-a435-9677fe74d02e","username":"greenmeercat466","password":"catwoman","salt":"OXlG8yhs","md5":"b550a61da8e4db07b2ea11896d58abbc","sha1":"ec69c5e30e967619bac80ff249931df112822422","sha256":"1865c6a16120ae3224d9a3cdbbf1edb629709652e2c8eb084fa1ee932a272b8a"},"dob":{"date":"1969-06-27T21:21:06.955Z","age":54},"registered":{"date":"2011-11-13T03:41:25.734Z","age":12},"phone":"(099) L28-0180","cell":"(066) N70-1241","id":{"name":"","value":null},"picture":{"large":"https://randomuser.me/api/portraits/women/93.jpg","medium":"https://randomuser.me/api/portraits/med/women/93.jpg","thumbnail":"https://randomuser.me/api/portraits/thumb/women/93.jpg"},"nat":"UA"}],"info":{"seed":"fae4cc4acd0b3c01","results":1,"page":1,"version":"1.4"}} 
 </msg>
<msg time="2024-04-12T13:14:59.646026" level="INFO">/opt/hostedtoolcache/Python/3.12.2/x64/lib/python3.12/site-packages/urllib3/connectionpool.py:1103: InsecureRequestWarning: Unverified HTTPS request is being made to host 'randomuser.me'. Adding certificate verification is strongly advised. See: https://urllib3.readthedocs.io/en/latest/advanced-usage.html#tls-warnings
  warnings.warn(</msg>
<msg time="2024-04-12T13:14:59.646119" level="INFO">${response} = &lt;Response [200]&gt;</msg>
<var>${response}</var>
<arg>consultarAPI</arg>
<arg>/api</arg>
<doc>Sends a GET request on a previously created HTTP Session.</doc>
<status status="PASS" start="2024-04-12T13:14:59.602293" elapsed="0.043865"/>
</kw>
<kw name="Set Variable" owner="BuiltIn">
<msg time="2024-04-12T13:14:59.646996" level="INFO">${json_data} = {'results': [{'gender': 'female', 'name': {'title': 'Miss', 'first': 'Zoreglyada', 'last': 'Chehivskiy'}, 'location': {'street': {'number': 9475, 'name': 'Kashirska'}, 'city': 'Novodruzhesk', 'state':...</msg>
<var>${json_data}</var>
<arg>${response.json()}</arg>
<doc>Returns the given values which can then be assigned to a variables.</doc>
<status status="PASS" start="2024-04-12T13:14:59.646539" elapsed="0.000486"/>
</kw>
<kw name="Log" owner="BuiltIn">
<msg time="2024-04-12T13:14:59.647506" level="INFO">{'results': [{'gender': 'female', 'name': {'title': 'Miss', 'first': 'Zoreglyada', 'last': 'Chehivskiy'}, 'location': {'street': {'number': 9475, 'name': 'Kashirska'}, 'city': 'Novodruzhesk', 'state': 'Volinska', 'country': 'Ukraine', 'postcode': 20035, 'coordinates': {'latitude': '79.5372', 'longitude': '112.6008'}, 'timezone': {'offset': '-4:00', 'description': 'Atlantic Time (Canada), Caracas, La Paz'}}, 'email': 'zoreglyada.chehivskiy@example.com', 'login': {'uuid': '5e44f691-1ac2-48f6-a435-9677fe74d02e', 'username': 'greenmeercat466', 'password': 'catwoman', 'salt': 'OXlG8yhs', 'md5': 'b550a61da8e4db07b2ea11896d58abbc', 'sha1': 'ec69c5e30e967619bac80ff249931df112822422', 'sha256': '1865c6a16120ae3224d9a3cdbbf1edb629709652e2c8eb084fa1ee932a272b8a'}, 'dob': {'date': '1969-06-27T21:21:06.955Z', 'age': 54}, 'registered': {'date': '2011-11-13T03:41:25.734Z', 'age': 12}, 'phone': '(099) L28-0180', 'cell': '(066) N70-1241', 'id': {'name': '', 'value': None}, 'picture': {'large': 'https://randomuser.me/api/portraits/women/93.jpg', 'medium': 'https://randomuser.me/api/portraits/med/women/93.jpg', 'thumbnail': 'https://randomuser.me/api/portraits/thumb/women/93.jpg'}, 'nat': 'UA'}], 'info': {'seed': 'fae4cc4acd0b3c01', 'results': 1, 'page': 1, 'version': '1.4'}}</msg>
<arg>${json_data}</arg>
<doc>Logs the given message with the given level.</doc>
<status status="PASS" start="2024-04-12T13:14:59.647334" elapsed="0.000255"/>
</kw>
<kw name="Should Be String" owner="String">
<arg>${json_data['results'][0]['gender']}</arg>
<doc>Fails if the given ``item`` is not a string.</doc>
<status status="PASS" start="2024-04-12T13:14:59.647897" elapsed="0.000364"/>
</kw>
<kw name="Should Match Regexp" owner="BuiltIn">
<arg>${json_data['results'][0]['email']}</arg>
<arg>^[a-zA-Z0-9._%+-]+@[a-zA-Z0-9.-]+\.[a-zA-Z]{2,}$</arg>
<doc>Fails if ``string`` does not match ``pattern`` as a regular expression.</doc>
<status status="PASS" start="2024-04-12T13:14:59.648457" elapsed="0.000551"/>
</kw>
<kw name="Should Match Regexp" owner="BuiltIn">
<arg>${json_data['results'][0]['dob']['date']}</arg>
<arg>\\d{4}-\\d{2}-\\d{2}T\\d{2}:\\d{2}:\\d{2}\\.\\d{3}Z</arg>
<doc>Fails if ``string`` does not match ``pattern`` as a regular expression.</doc>
<status status="PASS" start="2024-04-12T13:14:59.649207" elapsed="0.000494"/>
</kw>
<kw name="Should Match Regexp" owner="BuiltIn">
<arg>${json_data['results'][0]['registered']['date']}</arg>
<arg>\\d{4}-\\d{2}-\\d{2}T\\d{2}:\\d{2}:\\d{2}\\.\\d{3}Z</arg>
<doc>Fails if ``string`` does not match ``pattern`` as a regular expression.</doc>
<status status="PASS" start="2024-04-12T13:14:59.649897" elapsed="0.000381"/>
</kw>
<kw name="Should Match Regexp" owner="BuiltIn">
<arg>${json_data['results'][0]['picture']['large']}</arg>
<arg>^https?://.*\.(?:png|jpe?g|gif|bmp)$</arg>
<doc>Fails if ``string`` does not match ``pattern`` as a regular expression.</doc>
<status status="PASS" start="2024-04-12T13:14:59.650468" elapsed="0.000455"/>
</kw>
<kw name="Should Match Regexp" owner="BuiltIn">
<arg>${json_data['results'][0]['picture']['medium']}</arg>
<arg>^https?://.*\.(?:png|jpe?g|gif|bmp)$</arg>
<doc>Fails if ``string`` does not match ``pattern`` as a regular expression.</doc>
<status status="PASS" start="2024-04-12T13:14:59.651113" elapsed="0.000359"/>
</kw>
<kw name="Should Match Regexp" owner="BuiltIn">
<arg>${json_data['results'][0]['picture']['thumbnail']}</arg>
<arg>^https?://.*\.(?:png|jpe?g|gif|bmp)$</arg>
<doc>Fails if ``string`` does not match ``pattern`` as a regular expression.</doc>
<status status="PASS" start="2024-04-12T13:14:59.651659" elapsed="0.000354"/>
</kw>
<kw name="Log" owner="BuiltIn">
<msg time="2024-04-12T13:14:59.652543" level="INFO">{'large': 'https://randomuser.me/api/portraits/women/93.jpg', 'medium': 'https://randomuser.me/api/portraits/med/women/93.jpg', 'thumbnail': 'https://randomuser.me/api/portraits/thumb/women/93.jpg'}</msg>
<arg>${json_data['results'][0]['picture']}</arg>
<doc>Logs the given message with the given level.</doc>
<status status="PASS" start="2024-04-12T13:14:59.652194" elapsed="0.000401"/>
</kw>
<status status="PASS" start="2024-04-12T13:14:59.602013" elapsed="0.050848"/>
</kw>
<kw name="Teste de Tipos de Dados - Postcode" owner="random-user-service">
<kw name="GET On Session" owner="RequestsLibrary">
<msg time="2024-04-12T13:14:59.743290" level="INFO">GET Request : url=https://randomuser.me/api 
 path_url=/api 
 headers={'User-Agent': 'python-requests/2.31.0', 'Accept-Encoding': 'gzip, deflate', 'Accept': '*/*', 'Connection': 'keep-alive'} 
 body=None 
 </msg>
<msg time="2024-04-12T13:14:59.743364" level="INFO">GET Response : url=https://randomuser.me/api 
 status=200, reason=OK 
 headers={'Date': 'Fri, 12 Apr 2024 13:14:59 GMT', 'Content-Type': 'application/json; charset=utf-8', 'Transfer-Encoding': 'chunked', 'Connection': 'keep-alive', 'X-Powered-By': 'Express', 'Access-Control-Allow-Origin': '*', 'Cache-Control': 'no-cache', 'ETag': 'W/"496-fbMI6MQ7fVG+QUZUnGJE3pau2c0"', 'Vary': 'Accept-Encoding', 'Content-Encoding': 'gzip', 'CF-Cache-Status': 'DYNAMIC', 'Report-To': '{"endpoints":[{"url":"https:\\/\\/a.nel.cloudflare.com\\/report\\/v4?s=3mwnUn4D9TgeYHcCgPwi0TX%2FHHe8BwuTavf%2BWpQdBJDUq1%2B8k04r6c%2FMV0Es6QgayAyJKkgUqnIQ%2BC8onInMk%2B1KQrbsrku5d3WTiKdQb2SHXa95v0hxqYpqYiaV3an4"}],"group":"cf-nel","max_age":604800}', 'NEL': '{"success_fraction":0,"report_to":"cf-nel","max_age":604800}', 'Server': 'cloudflare', 'CF-RAY': '87337b8acb2837f3-IAD', 'alt-svc': 'h3=":443"; ma=86400'} 
 body={"results":[{"gender":"male","name":{"title":"Mr","first":"Adam","last":"Brunet"},"location":{"street":{"number":849,"name":"Avenue Joliot Curie"},"city":"Rueil-Malmaison","state":"Guyane","country":"France","postcode":44362,"coordinates":{"latitude":"-18.2429","longitude":"-102.0230"},"timezone":{"offset":"-8:00","description":"Pacific Time (US &amp; Canada)"}},"email":"adam.brunet@example.com","login":{"uuid":"01211c56-5c24-49e0-8e19-5b50d4043b7c","username":"beautifulmeercat388","password":"teen","salt":"uYjpK5cq","md5":"8f9e537cfdd21a7f0f85b82e33733c96","sha1":"7f998370b36428ba8f1426b6ec51223cd628c4a8","sha256":"c9496b14c633b14b8d8ddf7df53d9bc382d12f32963d4e823dc4a1a2a0e0cda7"},"dob":{"date":"1986-08-01T19:29:40.615Z","age":37},"registered":{"date":"2009-08-26T08:34:36.851Z","age":14},"phone":"05-30-22-64-76","cell":"06-25-55-44-00","id":{"name":"INSEE","value":"1860710399792 82"},"picture":{"large":"https://randomuser.me/api/portraits/men/0.jpg","medium":"https://randomuser.me/api/portraits/med/men/0.jpg","thumbnail":"https://randomuser.me/api/portraits/thumb/men/0.jpg"},"nat":"FR"}],"info":{"seed":"8956729fae47e559","results":1,"page":1,"version":"1.4"}} 
 </msg>
<msg time="2024-04-12T13:14:59.743445" level="INFO">/opt/hostedtoolcache/Python/3.12.2/x64/lib/python3.12/site-packages/urllib3/connectionpool.py:1103: InsecureRequestWarning: Unverified HTTPS request is being made to host 'randomuser.me'. Adding certificate verification is strongly advised. See: https://urllib3.readthedocs.io/en/latest/advanced-usage.html#tls-warnings
  warnings.warn(</msg>
<msg time="2024-04-12T13:14:59.743543" level="INFO">${response} = &lt;Response [200]&gt;</msg>
<var>${response}</var>
<arg>consultarAPI</arg>
<arg>/api</arg>
<doc>Sends a GET request on a previously created HTTP Session.</doc>
<status status="PASS" start="2024-04-12T13:14:59.653323" elapsed="0.090248"/>
</kw>
<kw name="Set Variable" owner="BuiltIn">
<msg time="2024-04-12T13:14:59.744475" level="INFO">${json_data} = {'results': [{'gender': 'male', 'name': {'title': 'Mr', 'first': 'Adam', 'last': 'Brunet'}, 'location': {'street': {'number': 849, 'name': 'Avenue Joliot Curie'}, 'city': 'Rueil-Malmaison', 'state': '...</msg>
<var>${json_data}</var>
<arg>${response.json()}</arg>
<doc>Returns the given values which can then be assigned to a variables.</doc>
<status status="PASS" start="2024-04-12T13:14:59.743992" elapsed="0.000511"/>
</kw>
<kw name="Log" owner="BuiltIn">
<msg time="2024-04-12T13:14:59.745008" level="INFO">{'results': [{'gender': 'male', 'name': {'title': 'Mr', 'first': 'Adam', 'last': 'Brunet'}, 'location': {'street': {'number': 849, 'name': 'Avenue Joliot Curie'}, 'city': 'Rueil-Malmaison', 'state': 'Guyane', 'country': 'France', 'postcode': 44362, 'coordinates': {'latitude': '-18.2429', 'longitude': '-102.0230'}, 'timezone': {'offset': '-8:00', 'description': 'Pacific Time (US &amp; Canada)'}}, 'email': 'adam.brunet@example.com', 'login': {'uuid': '01211c56-5c24-49e0-8e19-5b50d4043b7c', 'username': 'beautifulmeercat388', 'password': 'teen', 'salt': 'uYjpK5cq', 'md5': '8f9e537cfdd21a7f0f85b82e33733c96', 'sha1': '7f998370b36428ba8f1426b6ec51223cd628c4a8', 'sha256': 'c9496b14c633b14b8d8ddf7df53d9bc382d12f32963d4e823dc4a1a2a0e0cda7'}, 'dob': {'date': '1986-08-01T19:29:40.615Z', 'age': 37}, 'registered': {'date': '2009-08-26T08:34:36.851Z', 'age': 14}, 'phone': '05-30-22-64-76', 'cell': '06-25-55-44-00', 'id': {'name': 'INSEE', 'value': '1860710399792 82'}, 'picture': {'large': 'https://randomuser.me/api/portraits/men/0.jpg', 'medium': 'https://randomuser.me/api/portraits/med/men/0.jpg', 'thumbnail': 'https://randomuser.me/api/portraits/thumb/men/0.jpg'}, 'nat': 'FR'}], 'info': {'seed': '8956729fae47e559', 'results': 1, 'page': 1, 'version': '1.4'}}</msg>
<arg>${json_data}</arg>
<doc>Logs the given message with the given level.</doc>
<status status="PASS" start="2024-04-12T13:14:59.744854" elapsed="0.000237"/>
</kw>
<kw name="Should Be Equal As Numbers" owner="BuiltIn">
<arg>${json_data['results'][0]['location']['postcode']}</arg>
<arg>${json_data['results'][0]['location']['postcode']}</arg>
<doc>Fails if objects are unequal after converting them to real numbers.</doc>
<status status="PASS" start="2024-04-12T13:14:59.745395" elapsed="0.000624"/>
</kw>
<kw name="Log" owner="BuiltIn">
<msg time="2024-04-12T13:14:59.746564" level="INFO">44362</msg>
<arg>${json_data['results'][0]['location']['postcode']}</arg>
<doc>Logs the given message with the given level.</doc>
<status status="PASS" start="2024-04-12T13:14:59.746213" elapsed="0.000391"/>
</kw>
<status status="PASS" start="2024-04-12T13:14:59.653082" elapsed="0.093778"/>
</kw>
<doc>Testa se os tipos de dados na resposta da API estão corretos.</doc>
<tag>testeTiposDados</tag>
<status status="PASS" start="2024-04-12T13:14:59.601500" elapsed="0.145529"/>
</test>
<test id="s1-s1-t5" name="Validar conteudo" line="35">
<kw name="Teste de Tipos de Conteudo" owner="random-user-service">
<kw name="GET On Session" owner="RequestsLibrary">
<msg time="2024-04-12T13:14:59.835500" level="INFO">GET Request : url=https://randomuser.me/api 
 path_url=/api 
 headers={'User-Agent': 'python-requests/2.31.0', 'Accept-Encoding': 'gzip, deflate', 'Accept': '*/*', 'Connection': 'keep-alive'} 
 body=None 
 </msg>
<msg time="2024-04-12T13:14:59.835567" level="INFO">GET Response : url=https://randomuser.me/api 
 status=200, reason=OK 
 headers={'Date': 'Fri, 12 Apr 2024 13:14:59 GMT', 'Content-Type': 'application/json; charset=utf-8', 'Transfer-Encoding': 'chunked', 'Connection': 'keep-alive', 'X-Powered-By': 'Express', 'Access-Control-Allow-Origin': '*', 'Cache-Control': 'no-cache', 'ETag': 'W/"489-MYu4RjNpkWpoQpW0Id0OaxQoHTw"', 'Vary': 'Accept-Encoding', 'Content-Encoding': 'gzip', 'CF-Cache-Status': 'DYNAMIC', 'Report-To': '{"endpoints":[{"url":"https:\\/\\/a.nel.cloudflare.com\\/report\\/v4?s=0IQFZv9AnxIkrRTsHPKnaKvwHPGp%2FAcmJgmPDtWb%2F7opZCMMNEbkaDFUroS7otKF3jBwpy4nmKTipvs97ZVEuyUOsJbR3VH%2B%2FWyZqX06FZXgViQyNcAl7h8SOjpT%2Bt4k"}],"group":"cf-nel","max_age":604800}', 'NEL': '{"success_fraction":0,"report_to":"cf-nel","max_age":604800}', 'Server': 'cloudflare', 'CF-RAY': '87337b8b6b6137f3-IAD', 'alt-svc': 'h3=":443"; ma=86400'} 
 body={"results":[{"gender":"female","name":{"title":"Miss","first":"بهاره","last":"کریمی"},"location":{"street":{"number":7808,"name":"پارک شریعتی"},"city":"همدان","state":"ایلام","country":"Iran","postcode":11319,"coordinates":{"latitude":"15.4317","longitude":"135.8085"},"timezone":{"offset":"-12:00","description":"Eniwetok, Kwajalein"}},"email":"bhrh.khrymy@example.com","login":{"uuid":"3d30ced2-07fa-44bb-b575-b76f4f94dbfb","username":"greenpanda548","password":"house","salt":"D9PqSRDv","md5":"e05fe1a7d03b1e041ece4a123c5aaecd","sha1":"0c21be67c641df10017b9179187529b25f79adce","sha256":"0063e945fed5d3e128d6e55e622cec542bc70eaadcc6527704b2e3016fcc99be"},"dob":{"date":"1968-09-16T22:37:55.833Z","age":55},"registered":{"date":"2021-07-04T06:26:41.113Z","age":2},"phone":"096-28797952","cell":"0920-698-0492","id":{"name":"","value":null},"picture":{"large":"https://randomuser.me/api/portraits/women/25.jpg","medium":"https://randomuser.me/api/portraits/med/women/25.jpg","thumbnail":"https://randomuser.me/api/portraits/thumb/women/25.jpg"},"nat":"IR"}],"info":{"seed":"c9158f1fa413b80d","results":1,"page":1,"version":"1.4"}} 
 </msg>
<msg time="2024-04-12T13:14:59.835631" level="INFO">/opt/hostedtoolcache/Python/3.12.2/x64/lib/python3.12/site-packages/urllib3/connectionpool.py:1103: InsecureRequestWarning: Unverified HTTPS request is being made to host 'randomuser.me'. Adding certificate verification is strongly advised. See: https://urllib3.readthedocs.io/en/latest/advanced-usage.html#tls-warnings
  warnings.warn(</msg>
<msg time="2024-04-12T13:14:59.835721" level="INFO">${response} = &lt;Response [200]&gt;</msg>
<var>${response}</var>
<arg>consultarAPI</arg>
<arg>/api</arg>
<doc>Sends a GET request on a previously created HTTP Session.</doc>
<status status="PASS" start="2024-04-12T13:14:59.749511" elapsed="0.086236"/>
</kw>
<kw name="Set Variable" owner="BuiltIn">
<msg time="2024-04-12T13:14:59.836665" level="INFO">${json_data} = {'results': [{'gender': 'female', 'name': {'title': 'Miss', 'first': 'بهاره', 'last': 'کریمی'}, 'location': {'street': {'number': 7808, 'name': 'پارک شریعتی'}, 'city': 'همدان', 'state': 'ایلام', 'coun...</msg>
<var>${json_data}</var>
<arg>${response.json()}</arg>
<doc>Returns the given values which can then be assigned to a variables.</doc>
<status status="PASS" start="2024-04-12T13:14:59.836166" elapsed="0.000530"/>
</kw>
<kw name="Set Variable" owner="BuiltIn">
<msg time="2024-04-12T13:14:59.837401" level="INFO">${name_title} = Miss</msg>
<var>${name_title}</var>
<arg>${json_data["results"][0]["name"]["title"]}</arg>
<doc>Returns the given values which can then be assigned to a variables.</doc>
<status status="PASS" start="2024-04-12T13:14:59.837005" elapsed="0.000422"/>
</kw>
<kw name="Create List" owner="BuiltIn">
<msg time="2024-04-12T13:14:59.837875" level="INFO">${allowed_titles} = ['Mr', 'Ms', 'Miss', 'Mrs', 'Madame', 'Monsieur']</msg>
<var>${allowed_titles}</var>
<arg>Mr</arg>
<arg>Ms</arg>
<arg>Miss</arg>
<arg>Mrs</arg>
<arg>Madame</arg>
<arg>Monsieur</arg>
<doc>Returns a list containing given items.</doc>
<status status="PASS" start="2024-04-12T13:14:59.837727" elapsed="0.000173"/>
</kw>
<kw name="List Should Contain Value" owner="Collections">
<msg time="2024-04-12T13:14:59.838383" level="INFO">False</msg>
<arg>${allowed_titles}</arg>
<arg>${name_title}</arg>
<doc>Fails if the ``value`` is not found from ``list``.</doc>
<status status="PASS" start="2024-04-12T13:14:59.838208" elapsed="0.000212"/>
</kw>
<kw name="Set Variable" owner="BuiltIn">
<msg time="2024-04-12T13:14:59.839091" level="INFO">${name_country} = IR</msg>
<var>${name_country}</var>
<arg>${json_data["results"][0]["nat"]}</arg>
<doc>Returns the given values which can then be assigned to a variables.</doc>
<status status="PASS" start="2024-04-12T13:14:59.838716" elapsed="0.000400"/>
</kw>
<kw name="Create List" owner="BuiltIn">
<msg time="2024-04-12T13:14:59.840030" level="INFO">${list_country} = ['AD', 'AE', 'AF', 'AG', 'AI', 'AL', 'AM', 'AO', 'AQ', 'AR', 'AS', 'AT', 'AU', 'AW', 'AX', 'AZ', 'BA', 'BB', 'BD', 'BE', 'BF', 'BG', 'BH', 'BI', 'BJ', 'BL', 'BM', 'BN', 'BO', 'BQ', 'BR', 'BS', 'BT', '...</msg>
<var>${list_country}</var>
<arg>AD</arg>
<arg>AE</arg>
<arg>AF</arg>
<arg>AG</arg>
<arg>AI</arg>
<arg>AL</arg>
<arg>AM</arg>
<arg>AO</arg>
<arg>AQ</arg>
<arg>AR</arg>
<arg>AS</arg>
<arg>AT</arg>
<arg>AU</arg>
<arg>AW</arg>
<arg>AX</arg>
<arg>AZ</arg>
<arg>BA</arg>
<arg>BB</arg>
<arg>BD</arg>
<arg>BE</arg>
<arg>BF</arg>
<arg>BG</arg>
<arg>BH</arg>
<arg>BI</arg>
<arg>BJ</arg>
<arg>BL</arg>
<arg>BM</arg>
<arg>BN</arg>
<arg>BO</arg>
<arg>BQ</arg>
<arg>BR</arg>
<arg>BS</arg>
<arg>BT</arg>
<arg>BV</arg>
<arg>BW</arg>
<arg>BY</arg>
<arg>BZ</arg>
<arg>CA</arg>
<arg>CC</arg>
<arg>CD</arg>
<arg>CF</arg>
<arg>CG</arg>
<arg>CH</arg>
<arg>CI</arg>
<arg>CK</arg>
<arg>CL</arg>
<arg>CM</arg>
<arg>CN</arg>
<arg>CO</arg>
<arg>CR</arg>
<arg>CU</arg>
<arg>CV</arg>
<arg>CW</arg>
<arg>CX</arg>
<arg>CY</arg>
<arg>CZ</arg>
<arg>DE</arg>
<arg>DJ</arg>
<arg>DK</arg>
<arg>DM</arg>
<arg>DO</arg>
<arg>DZ</arg>
<arg>EC</arg>
<arg>EE</arg>
<arg>EG</arg>
<arg>EH</arg>
<arg>ER</arg>
<arg>ES</arg>
<arg>ET</arg>
<arg>FI</arg>
<arg>FJ</arg>
<arg>FK</arg>
<arg>FM</arg>
<arg>FO</arg>
<arg>FR</arg>
<arg>GA</arg>
<arg>GB</arg>
<arg>GD</arg>
<arg>GE</arg>
<arg>GF</arg>
<arg>GG</arg>
<arg>GH</arg>
<arg>GI</arg>
<arg>GL</arg>
<arg>GM</arg>
<arg>GN</arg>
<arg>GP</arg>
<arg>GQ</arg>
<arg>GR</arg>
<arg>GS</arg>
<arg>GT</arg>
<arg>GU</arg>
<arg>GW</arg>
<arg>GY</arg>
<arg>HK</arg>
<arg>HM</arg>
<arg>HN</arg>
<arg>HR</arg>
<arg>HT</arg>
<arg>HU</arg>
<arg>ID</arg>
<arg>IE</arg>
<arg>IL</arg>
<arg>IM</arg>
<arg>IN</arg>
<arg>IO</arg>
<arg>IQ</arg>
<arg>IR</arg>
<arg>IS</arg>
<arg>IT</arg>
<arg>JE</arg>
<arg>JM</arg>
<arg>JO</arg>
<arg>JP</arg>
<arg>KE</arg>
<arg>KG</arg>
<arg>KH</arg>
<arg>KI</arg>
<arg>KM</arg>
<arg>KN</arg>
<arg>KP</arg>
<arg>KR</arg>
<arg>KW</arg>
<arg>KY</arg>
<arg>KZ</arg>
<arg>LA</arg>
<arg>LB</arg>
<arg>LC</arg>
<arg>LI</arg>
<arg>LK</arg>
<arg>LR</arg>
<arg>LS</arg>
<arg>LT</arg>
<arg>LU</arg>
<arg>LV</arg>
<arg>LY</arg>
<arg>MA</arg>
<arg>MC</arg>
<arg>MD</arg>
<arg>ME</arg>
<arg>MF</arg>
<arg>MG</arg>
<arg>MH</arg>
<arg>MK</arg>
<arg>ML</arg>
<arg>MM</arg>
<arg>MN</arg>
<arg>MO</arg>
<arg>MP</arg>
<arg>MQ</arg>
<arg>MR</arg>
<arg>MS</arg>
<arg>MT</arg>
<arg>MU</arg>
<arg>MV</arg>
<arg>MW</arg>
<arg>MX</arg>
<arg>MY</arg>
<arg>MZ</arg>
<arg>NA</arg>
<arg>NC</arg>
<arg>NE</arg>
<arg>NF</arg>
<arg>NG</arg>
<arg>NI</arg>
<arg>NL</arg>
<arg>NO</arg>
<arg>NP</arg>
<arg>NR</arg>
<arg>NU</arg>
<arg>NZ</arg>
<arg>OM</arg>
<arg>PA</arg>
<arg>PE</arg>
<arg>PF</arg>
<arg>PG</arg>
<arg>PH</arg>
<arg>PK</arg>
<arg>PL</arg>
<arg>PM</arg>
<arg>PN</arg>
<arg>PR</arg>
<arg>PS</arg>
<arg>PT</arg>
<arg>PW</arg>
<arg>PY</arg>
<arg>QA</arg>
<arg>RE</arg>
<arg>RO</arg>
<arg>RS</arg>
<arg>RU</arg>
<arg>RW</arg>
<arg>SA</arg>
<arg>SB</arg>
<arg>SC</arg>
<arg>SD</arg>
<arg>SE</arg>
<arg>SG</arg>
<arg>SH</arg>
<arg>SI</arg>
<arg>SJ</arg>
<arg>SK</arg>
<arg>SL</arg>
<arg>SM</arg>
<arg>SN</arg>
<arg>SO</arg>
<arg>SR</arg>
<arg>SS</arg>
<arg>ST</arg>
<arg>SV</arg>
<arg>SX</arg>
<arg>SY</arg>
<arg>SZ</arg>
<arg>TC</arg>
<arg>TD</arg>
<arg>TF</arg>
<arg>TG</arg>
<arg>TH</arg>
<arg>TJ</arg>
<arg>TK</arg>
<arg>TL</arg>
<arg>TM</arg>
<arg>TN</arg>
<arg>TO</arg>
<arg>TR</arg>
<arg>TT</arg>
<arg>TV</arg>
<arg>TW</arg>
<arg>TZ</arg>
<arg>UA</arg>
<arg>UG</arg>
<arg>UM</arg>
<arg>US</arg>
<arg>UY</arg>
<arg>UZ</arg>
<arg>VA</arg>
<arg>VC</arg>
<arg>VE</arg>
<arg>VG</arg>
<arg>VI</arg>
<arg>VN</arg>
<arg>VU</arg>
<arg>WF</arg>
<arg>WS</arg>
<arg>XK</arg>
<arg>YE</arg>
<arg>YT</arg>
<arg>ZA</arg>
<arg>ZM</arg>
<arg>ZW</arg>
<doc>Returns a list containing given items.</doc>
<status status="PASS" start="2024-04-12T13:14:59.839428" elapsed="0.000628"/>
</kw>
<kw name="List Should Contain Value" owner="Collections">
<msg time="2024-04-12T13:14:59.841068" level="INFO">False</msg>
<arg>${list_country}</arg>
<arg>${name_country}</arg>
<doc>Fails if the ``value`` is not found from ``list``.</doc>
<status status="PASS" start="2024-04-12T13:14:59.840866" elapsed="0.000238"/>
</kw>
<kw name="Run Keyword If" owner="BuiltIn">
<kw name="Should Be True" owner="BuiltIn">
<arg>${True}</arg>
<doc>Fails if the given condition is not true.</doc>
<status status="PASS" start="2024-04-12T13:14:59.842294" elapsed="0.000148"/>
</kw>
<arg>${json_data["results"][0]["location"]["coordinates"]["latitude"]} &gt;= -90 and ${json_data["results"][0]["location"]["coordinates"]["latitude"]} &lt;= 90</arg>
<arg>Should Be True</arg>
<arg>${True}</arg>
<doc>Runs the given keyword with the given arguments, if ``condition`` is true.</doc>
<status status="PASS" start="2024-04-12T13:14:59.841415" elapsed="0.001156"/>
</kw>
<kw name="Run Keyword If" owner="BuiltIn">
<kw name="Should Be True" owner="BuiltIn">
<arg>${True}</arg>
<doc>Fails if the given condition is not true.</doc>
<status status="PASS" start="2024-04-12T13:14:59.843464" elapsed="0.000140"/>
</kw>
<arg>${json_data["results"][0]["location"]["coordinates"]["longitude"]} &gt;= -180 and ${json_data["results"][0]["location"]["coordinates"]["longitude"]} &lt;= 180</arg>
<arg>Should Be True</arg>
<arg>${True}</arg>
<doc>Runs the given keyword with the given arguments, if ``condition`` is true.</doc>
<status status="PASS" start="2024-04-12T13:14:59.842759" elapsed="0.000969"/>
</kw>
<status status="PASS" start="2024-04-12T13:14:59.749283" elapsed="0.094574"/>
</kw>
<doc>Testa o conteúdo específico dos campos retornados pela API.</doc>
<tag>testeConteudo</tag>
<status status="PASS" start="2024-04-12T13:14:59.748792" elapsed="0.095214"/>
</test>
<status status="PASS" start="2024-04-12T13:14:58.665832" elapsed="1.180124"/>
</suite>
<status status="PASS" start="2024-04-12T13:14:58.652180" elapsed="1.199124"/>
</suite>
<statistics>
<total>
<stat pass="5" fail="0" skip="0">All Tests</stat>
</total>
<tag>
<stat pass="1" fail="0" skip="0">testeConteudo</stat>
<stat pass="1" fail="0" skip="0">testeEstruturaResposta</stat>
<stat pass="1" fail="0" skip="0">testeRequisicaoBasica</stat>
<stat pass="1" fail="0" skip="0">testeTiposDados</stat>
</tag>
<suite>
<stat pass="5" fail="0" skip="0" id="s1" name="Tests">Tests</stat>
<stat pass="5" fail="0" skip="0" id="s1-s1" name="Random-User-Test">Tests.Random-User-Test</stat>
</suite>
</statistics>
<errors>
</errors>
</robot>
