<?xml version="1.0" encoding="UTF-8"?>
<robot generator="Robot 7.0.1 (Python 3.12.4 on linux)" generated="2024-07-25T10:16:39.491737" rpa="false" schemaversion="5">
<suite id="s1" name="Tests" source="/home/runner/work/ApiRandomUser/ApiRandomUser/RamdonUser/tests">
<suite id="s1-s1" name="Random-User-Test" source="/home/runner/work/ApiRandomUser/ApiRandomUser/RamdonUser/tests/random-user-test.robot">
<test id="s1-s1-t1" name="Conectar" line="13">
<kw name="Conectar API" owner="random-user-service">
<kw name="Create Session" owner="RequestsLibrary">
<msg time="2024-07-25T10:16:39.912538" level="INFO">Creating Session using : alias=consultarAPI, url=https://randomuser.me/, headers={},                     cookies={}, auth=None, timeout=None, proxies=None, verify=False,                     debug=0 </msg>
<arg>consultarAPI</arg>
<arg>${URL}</arg>
<doc>Create Session: create a HTTP session to a server</doc>
<status status="PASS" start="2024-07-25T10:16:39.912335" elapsed="0.000390"/>
</kw>
<status status="PASS" start="2024-07-25T10:16:39.911296" elapsed="0.001792"/>
</kw>
<status status="PASS" start="2024-07-25T10:16:39.910649" elapsed="0.002634"/>
</test>
<test id="s1-s1-t2" name="Validar retorno 200 e JSON Válido" line="16">
<kw name="Teste de Requisicao Basica" owner="random-user-service">
<kw name="GET On Session" owner="RequestsLibrary">
<msg time="2024-07-25T10:16:40.192291" level="INFO">GET Request : url=https://randomuser.me/api 
 path_url=/api 
 headers={'User-Agent': 'python-requests/2.32.3', 'Accept-Encoding': 'gzip, deflate', 'Accept': '*/*', 'Connection': 'keep-alive'} 
 body=None 
 </msg>
<msg time="2024-07-25T10:16:40.192487" level="INFO">GET Response : url=https://randomuser.me/api 
 status=200, reason=OK 
 headers={'Date': 'Thu, 25 Jul 2024 10:16:40 GMT', 'Content-Type': 'application/json; charset=utf-8', 'Transfer-Encoding': 'chunked', 'Connection': 'keep-alive', 'X-Powered-By': 'Express', 'Access-Control-Allow-Origin': '*', 'Cache-Control': 'no-cache', 'ETag': 'W/"48d-3BAwygpMRDFjx/ZxRf8Y176VaNU"', 'Vary': 'Accept-Encoding', 'Content-Encoding': 'gzip', 'CF-Cache-Status': 'DYNAMIC', 'Report-To': '{"endpoints":[{"url":"https:\\/\\/a.nel.cloudflare.com\\/report\\/v4?s=ehV5UptlrnkHeCEYysf4Lo1qxZOsZyKXbGQE3W34edsWJERwMka%2FA3sTnt5uDogBYITaGtioeLMBHmUiF70EV52ahUhkBNUHTy8IOikZHc2aBBgMow35vzp5SyT3KnPi"}],"group":"cf-nel","max_age":604800}', 'NEL': '{"success_fraction":0,"report_to":"cf-nel","max_age":604800}', 'Server': 'cloudflare', 'CF-RAY': '8a8b6552bba90843-IAD', 'alt-svc': 'h3=":443"; ma=86400'} 
 body={"results":[{"gender":"male","name":{"title":"Mr","first":"Freddie","last":"Harrison"},"location":{"street":{"number":8525,"name":"Northaven Rd"},"city":"Daly City","state":"Utah","country":"United States","postcode":47078,"coordinates":{"latitude":"82.2012","longitude":"-118.1445"},"timezone":{"offset":"+6:00","description":"Almaty, Dhaka, Colombo"}},"email":"freddie.harrison@example.com","login":{"uuid":"55cd83d6-8540-4f7b-9011-e3f7008b4d8f","username":"bigbutterfly888","password":"252525","salt":"Gutc0CQM","md5":"5f07377991966a9bc2ed9603c80443d6","sha1":"19040bec341ae0b2a81ce950d7221cfdde9cc4c8","sha256":"953495b26da632d29500935c4979ce57088264cd9174d6fb80bb6f15610ba35a"},"dob":{"date":"1958-05-28T11:33:09.307Z","age":66},"registered":{"date":"2022-02-06T04:45:33.332Z","age":2},"phone":"(205) 728-5957","cell":"(824) 576-1698","id":{"name":"SSN","value":"654-10-7423"},"picture":{"large":"https://randomuser.me/api/portraits/men/44.jpg","medium":"https://randomuser.me/api/portraits/med/men/44.jpg","thumbnail":"https://randomuser.me/api/portraits/thumb/men/44.jpg"},"nat":"US"}],"info":{"seed":"d66a554551300c3e","results":1,"page":1,"version":"1.4"}} 
 </msg>
<msg time="2024-07-25T10:16:40.192588" level="INFO">/opt/hostedtoolcache/Python/3.12.4/x64/lib/python3.12/site-packages/urllib3/connectionpool.py:1099: InsecureRequestWarning: Unverified HTTPS request is being made to host 'randomuser.me'. Adding certificate verification is strongly advised. See: https://urllib3.readthedocs.io/en/latest/advanced-usage.html#tls-warnings
  warnings.warn(</msg>
<msg time="2024-07-25T10:16:40.192744" level="INFO">${response} = &lt;Response [200]&gt;</msg>
<var>${response}</var>
<arg>consultarAPI</arg>
<arg>/api</arg>
<doc>Sends a GET request on a previously created HTTP Session.</doc>
<status status="PASS" start="2024-07-25T10:16:39.915943" elapsed="0.276845"/>
</kw>
<kw name="Should Be Equal As Numbers" owner="BuiltIn">
<msg time="2024-07-25T10:16:40.193799" level="INFO">Argument types are:
&lt;class 'int'&gt;
&lt;class 'str'&gt;</msg>
<arg>${response.status_code}</arg>
<arg>200</arg>
<doc>Fails if objects are unequal after converting them to real numbers.</doc>
<status status="PASS" start="2024-07-25T10:16:40.193338" elapsed="0.000524"/>
</kw>
<kw name="Log" owner="BuiltIn">
<msg time="2024-07-25T10:16:40.194523" level="INFO">200</msg>
<arg>${response.status_code}</arg>
<doc>Logs the given message with the given level.</doc>
<status status="PASS" start="2024-07-25T10:16:40.194174" elapsed="0.000391"/>
</kw>
<kw name="Set Variable" owner="BuiltIn">
<msg time="2024-07-25T10:16:40.195341" level="INFO">${json_data} = {'results': [{'gender': 'male', 'name': {'title': 'Mr', 'first': 'Freddie', 'last': 'Harrison'}, 'location': {'street': {'number': 8525, 'name': 'Northaven Rd'}, 'city': 'Daly City', 'state': 'Utah', ...</msg>
<var>${json_data}</var>
<arg>${response.json()}</arg>
<doc>Returns the given values which can then be assigned to a variables.</doc>
<status status="PASS" start="2024-07-25T10:16:40.194867" elapsed="0.000501"/>
</kw>
<kw name="Dictionary Should Contain Key" owner="Collections">
<arg>${json_data}</arg>
<arg>results</arg>
<doc>Fails if ``key`` is not found from ``dictionary``.</doc>
<status status="PASS" start="2024-07-25T10:16:40.195668" elapsed="0.000323"/>
</kw>
<status status="PASS" start="2024-07-25T10:16:39.915698" elapsed="0.280444"/>
</kw>
<doc>Testa se a API responde corretamente e retorna um objeto JSON válido.</doc>
<tag>testeRequisicaoBasica</tag>
<status status="PASS" start="2024-07-25T10:16:39.915169" elapsed="0.281145"/>
</test>
<test id="s1-s1-t3" name="Validar estrutura de resposta" line="22">
<kw name="Teste de Estrutura de Resposta" owner="random-user-service">
<kw name="GET On Session" owner="RequestsLibrary">
<msg time="2024-07-25T10:16:40.257067" level="INFO">GET Request : url=https://randomuser.me/api 
 path_url=/api 
 headers={'User-Agent': 'python-requests/2.32.3', 'Accept-Encoding': 'gzip, deflate', 'Accept': '*/*', 'Connection': 'keep-alive'} 
 body=None 
 </msg>
<msg time="2024-07-25T10:16:40.257178" level="INFO">GET Response : url=https://randomuser.me/api 
 status=200, reason=OK 
 headers={'Date': 'Thu, 25 Jul 2024 10:16:40 GMT', 'Content-Type': 'application/json; charset=utf-8', 'Transfer-Encoding': 'chunked', 'Connection': 'keep-alive', 'X-Powered-By': 'Express', 'Access-Control-Allow-Origin': '*', 'Cache-Control': 'no-cache', 'ETag': 'W/"48a-MP1Ftmx/a5ph+vKd11txPAF8oAY"', 'Vary': 'Accept-Encoding', 'Content-Encoding': 'gzip', 'CF-Cache-Status': 'DYNAMIC', 'Report-To': '{"endpoints":[{"url":"https:\\/\\/a.nel.cloudflare.com\\/report\\/v4?s=sJWsQ7Nz2ClY9wxfRuql4X%2BMMR1SdqdKTrDZgJwhjdiWK2ohHC6Fe8bfhue53yU8AvzZPC8qHveIszALscxQ2TpQDVFqYTNvMcj6uyumW3KFxzx75bTEU1oR%2FZ4r1Qfp"}],"group":"cf-nel","max_age":604800}', 'NEL': '{"success_fraction":0,"report_to":"cf-nel","max_age":604800}', 'Server': 'cloudflare', 'CF-RAY': '8a8b65534c380843-IAD', 'alt-svc': 'h3=":443"; ma=86400'} 
 body={"results":[{"gender":"female","name":{"title":"Miss","first":"Sofie","last":"Pedersen"},"location":{"street":{"number":9070,"name":"Enighedsvej"},"city":"Branderup J","state":"Sjælland","country":"Denmark","postcode":20396,"coordinates":{"latitude":"-41.1973","longitude":"68.6895"},"timezone":{"offset":"+2:00","description":"Kaliningrad, South Africa"}},"email":"sofie.pedersen@example.com","login":{"uuid":"eb18e22c-1598-4ed5-9306-9270a1d4a99f","username":"greenmeercat244","password":"159357","salt":"uLH51vIp","md5":"d40764f15d51dce40c9359d8a75304e5","sha1":"72dd29dea2fb3b6c1c9208a7eacde7cb43ba5a92","sha256":"ca298459e8235f1ebcb1831d383fa78f9bb6e2cea5e47c80f0a5f1086e416f85"},"dob":{"date":"1971-11-22T16:02:25.329Z","age":52},"registered":{"date":"2002-08-20T06:14:09.856Z","age":21},"phone":"08266694","cell":"61681790","id":{"name":"CPR","value":"221171-4798"},"picture":{"large":"https://randomuser.me/api/portraits/women/65.jpg","medium":"https://randomuser.me/api/portraits/med/women/65.jpg","thumbnail":"https://randomuser.me/api/portraits/thumb/women/65.jpg"},"nat":"DK"}],"info":{"seed":"deed70a12e90ffa5","results":1,"page":1,"version":"1.4"}} 
 </msg>
<msg time="2024-07-25T10:16:40.257329" level="INFO">/opt/hostedtoolcache/Python/3.12.4/x64/lib/python3.12/site-packages/urllib3/connectionpool.py:1099: InsecureRequestWarning: Unverified HTTPS request is being made to host 'randomuser.me'. Adding certificate verification is strongly advised. See: https://urllib3.readthedocs.io/en/latest/advanced-usage.html#tls-warnings
  warnings.warn(</msg>
<msg time="2024-07-25T10:16:40.257501" level="INFO">${response} = &lt;Response [200]&gt;</msg>
<var>${response}</var>
<arg>consultarAPI</arg>
<arg>/api</arg>
<doc>Sends a GET request on a previously created HTTP Session.</doc>
<status status="PASS" start="2024-07-25T10:16:40.198978" elapsed="0.058577"/>
</kw>
<kw name="Set Variable" owner="BuiltIn">
<msg time="2024-07-25T10:16:40.258591" level="INFO">${json_data} = {'results': [{'gender': 'female', 'name': {'title': 'Miss', 'first': 'Sofie', 'last': 'Pedersen'}, 'location': {'street': {'number': 9070, 'name': 'Enighedsvej'}, 'city': 'Branderup J', 'state': 'Sjæl...</msg>
<var>${json_data}</var>
<arg>${response.json()}</arg>
<doc>Returns the given values which can then be assigned to a variables.</doc>
<status status="PASS" start="2024-07-25T10:16:40.258062" elapsed="0.000559"/>
</kw>
<kw name="Log" owner="BuiltIn">
<msg time="2024-07-25T10:16:40.259138" level="INFO">{'results': [{'gender': 'female', 'name': {'title': 'Miss', 'first': 'Sofie', 'last': 'Pedersen'}, 'location': {'street': {'number': 9070, 'name': 'Enighedsvej'}, 'city': 'Branderup J', 'state': 'Sjælland', 'country': 'Denmark', 'postcode': 20396, 'coordinates': {'latitude': '-41.1973', 'longitude': '68.6895'}, 'timezone': {'offset': '+2:00', 'description': 'Kaliningrad, South Africa'}}, 'email': 'sofie.pedersen@example.com', 'login': {'uuid': 'eb18e22c-1598-4ed5-9306-9270a1d4a99f', 'username': 'greenmeercat244', 'password': '159357', 'salt': 'uLH51vIp', 'md5': 'd40764f15d51dce40c9359d8a75304e5', 'sha1': '72dd29dea2fb3b6c1c9208a7eacde7cb43ba5a92', 'sha256': 'ca298459e8235f1ebcb1831d383fa78f9bb6e2cea5e47c80f0a5f1086e416f85'}, 'dob': {'date': '1971-11-22T16:02:25.329Z', 'age': 52}, 'registered': {'date': '2002-08-20T06:14:09.856Z', 'age': 21}, 'phone': '08266694', 'cell': '61681790', 'id': {'name': 'CPR', 'value': '221171-4798'}, 'picture': {'large': 'https://randomuser.me/api/portraits/women/65.jpg', 'medium': 'https://randomuser.me/api/portraits/med/women/65.jpg', 'thumbnail': 'https://randomuser.me/api/portraits/thumb/women/65.jpg'}, 'nat': 'DK'}], 'info': {'seed': 'deed70a12e90ffa5', 'results': 1, 'page': 1, 'version': '1.4'}}</msg>
<arg>${json_data}</arg>
<doc>Logs the given message with the given level.</doc>
<status status="PASS" start="2024-07-25T10:16:40.258962" elapsed="0.000225"/>
</kw>
<kw name="Dictionary Should Contain Key" owner="Collections">
<arg>${json_data}</arg>
<arg>results</arg>
<doc>Fails if ``key`` is not found from ``dictionary``.</doc>
<status status="PASS" start="2024-07-25T10:16:40.259482" elapsed="0.000163"/>
</kw>
<kw name="Should Not Be Empty" owner="BuiltIn">
<msg time="2024-07-25T10:16:40.259952" level="INFO">Length is 2.</msg>
<arg>${json_data}</arg>
<doc>Verifies that the given item is not empty.</doc>
<status status="PASS" start="2024-07-25T10:16:40.259824" elapsed="0.000165"/>
</kw>
<kw name="Create List" owner="BuiltIn">
<msg time="2024-07-25T10:16:40.260426" level="INFO">${expected_keys} = ['gender', 'name', 'location', 'email', 'login']</msg>
<var>${expected_keys}</var>
<arg>gender</arg>
<arg>name</arg>
<arg>location</arg>
<arg>email</arg>
<arg>login</arg>
<doc>Returns a list containing given items.</doc>
<status status="PASS" start="2024-07-25T10:16:40.260273" elapsed="0.000176"/>
</kw>
<for flavor="IN">
<iter>
<kw name="Dictionary Should Contain Key" owner="Collections">
<arg>${json_data['results'][0]}</arg>
<arg>${key}</arg>
<doc>Fails if ``key`` is not found from ``dictionary``.</doc>
<status status="PASS" start="2024-07-25T10:16:40.261040" elapsed="0.000404"/>
</kw>
<kw name="Log" owner="BuiltIn">
<msg time="2024-07-25T10:16:40.261987" level="INFO">{'gender': 'female', 'name': {'title': 'Miss', 'first': 'Sofie', 'last': 'Pedersen'}, 'location': {'street': {'number': 9070, 'name': 'Enighedsvej'}, 'city': 'Branderup J', 'state': 'Sjælland', 'country': 'Denmark', 'postcode': 20396, 'coordinates': {'latitude': '-41.1973', 'longitude': '68.6895'}, 'timezone': {'offset': '+2:00', 'description': 'Kaliningrad, South Africa'}}, 'email': 'sofie.pedersen@example.com', 'login': {'uuid': 'eb18e22c-1598-4ed5-9306-9270a1d4a99f', 'username': 'greenmeercat244', 'password': '159357', 'salt': 'uLH51vIp', 'md5': 'd40764f15d51dce40c9359d8a75304e5', 'sha1': '72dd29dea2fb3b6c1c9208a7eacde7cb43ba5a92', 'sha256': 'ca298459e8235f1ebcb1831d383fa78f9bb6e2cea5e47c80f0a5f1086e416f85'}, 'dob': {'date': '1971-11-22T16:02:25.329Z', 'age': 52}, 'registered': {'date': '2002-08-20T06:14:09.856Z', 'age': 21}, 'phone': '08266694', 'cell': '61681790', 'id': {'name': 'CPR', 'value': '221171-4798'}, 'picture': {'large': 'https://randomuser.me/api/portraits/women/65.jpg', 'medium': 'https://randomuser.me/api/portraits/med/women/65.jpg', 'thumbnail': 'https://randomuser.me/api/portraits/thumb/women/65.jpg'}, 'nat': 'DK'}</msg>
<arg>${json_data['results'][0]}</arg>
<doc>Logs the given message with the given level.</doc>
<status status="PASS" start="2024-07-25T10:16:40.261629" elapsed="0.000410"/>
</kw>
<kw name="Log" owner="BuiltIn">
<msg time="2024-07-25T10:16:40.262469" level="INFO">gender</msg>
<arg>${key}</arg>
<doc>Logs the given message with the given level.</doc>
<status status="PASS" start="2024-07-25T10:16:40.262341" elapsed="0.000165"/>
</kw>
<var name="${key}">gender</var>
<status status="PASS" start="2024-07-25T10:16:40.260914" elapsed="0.001810"/>
</iter>
<iter>
<kw name="Dictionary Should Contain Key" owner="Collections">
<arg>${json_data['results'][0]}</arg>
<arg>${key}</arg>
<doc>Fails if ``key`` is not found from ``dictionary``.</doc>
<status status="PASS" start="2024-07-25T10:16:40.263045" elapsed="0.000393"/>
</kw>
<kw name="Log" owner="BuiltIn">
<msg time="2024-07-25T10:16:40.263974" level="INFO">{'gender': 'female', 'name': {'title': 'Miss', 'first': 'Sofie', 'last': 'Pedersen'}, 'location': {'street': {'number': 9070, 'name': 'Enighedsvej'}, 'city': 'Branderup J', 'state': 'Sjælland', 'country': 'Denmark', 'postcode': 20396, 'coordinates': {'latitude': '-41.1973', 'longitude': '68.6895'}, 'timezone': {'offset': '+2:00', 'description': 'Kaliningrad, South Africa'}}, 'email': 'sofie.pedersen@example.com', 'login': {'uuid': 'eb18e22c-1598-4ed5-9306-9270a1d4a99f', 'username': 'greenmeercat244', 'password': '159357', 'salt': 'uLH51vIp', 'md5': 'd40764f15d51dce40c9359d8a75304e5', 'sha1': '72dd29dea2fb3b6c1c9208a7eacde7cb43ba5a92', 'sha256': 'ca298459e8235f1ebcb1831d383fa78f9bb6e2cea5e47c80f0a5f1086e416f85'}, 'dob': {'date': '1971-11-22T16:02:25.329Z', 'age': 52}, 'registered': {'date': '2002-08-20T06:14:09.856Z', 'age': 21}, 'phone': '08266694', 'cell': '61681790', 'id': {'name': 'CPR', 'value': '221171-4798'}, 'picture': {'large': 'https://randomuser.me/api/portraits/women/65.jpg', 'medium': 'https://randomuser.me/api/portraits/med/women/65.jpg', 'thumbnail': 'https://randomuser.me/api/portraits/thumb/women/65.jpg'}, 'nat': 'DK'}</msg>
<arg>${json_data['results'][0]}</arg>
<doc>Logs the given message with the given level.</doc>
<status status="PASS" start="2024-07-25T10:16:40.263621" elapsed="0.000434"/>
</kw>
<kw name="Log" owner="BuiltIn">
<msg time="2024-07-25T10:16:40.264480" level="INFO">name</msg>
<arg>${key}</arg>
<doc>Logs the given message with the given level.</doc>
<status status="PASS" start="2024-07-25T10:16:40.264353" elapsed="0.000164"/>
</kw>
<var name="${key}">name</var>
<status status="PASS" start="2024-07-25T10:16:40.262933" elapsed="0.001799"/>
</iter>
<iter>
<kw name="Dictionary Should Contain Key" owner="Collections">
<arg>${json_data['results'][0]}</arg>
<arg>${key}</arg>
<doc>Fails if ``key`` is not found from ``dictionary``.</doc>
<status status="PASS" start="2024-07-25T10:16:40.265012" elapsed="0.000388"/>
</kw>
<kw name="Log" owner="BuiltIn">
<msg time="2024-07-25T10:16:40.265936" level="INFO">{'gender': 'female', 'name': {'title': 'Miss', 'first': 'Sofie', 'last': 'Pedersen'}, 'location': {'street': {'number': 9070, 'name': 'Enighedsvej'}, 'city': 'Branderup J', 'state': 'Sjælland', 'country': 'Denmark', 'postcode': 20396, 'coordinates': {'latitude': '-41.1973', 'longitude': '68.6895'}, 'timezone': {'offset': '+2:00', 'description': 'Kaliningrad, South Africa'}}, 'email': 'sofie.pedersen@example.com', 'login': {'uuid': 'eb18e22c-1598-4ed5-9306-9270a1d4a99f', 'username': 'greenmeercat244', 'password': '159357', 'salt': 'uLH51vIp', 'md5': 'd40764f15d51dce40c9359d8a75304e5', 'sha1': '72dd29dea2fb3b6c1c9208a7eacde7cb43ba5a92', 'sha256': 'ca298459e8235f1ebcb1831d383fa78f9bb6e2cea5e47c80f0a5f1086e416f85'}, 'dob': {'date': '1971-11-22T16:02:25.329Z', 'age': 52}, 'registered': {'date': '2002-08-20T06:14:09.856Z', 'age': 21}, 'phone': '08266694', 'cell': '61681790', 'id': {'name': 'CPR', 'value': '221171-4798'}, 'picture': {'large': 'https://randomuser.me/api/portraits/women/65.jpg', 'medium': 'https://randomuser.me/api/portraits/med/women/65.jpg', 'thumbnail': 'https://randomuser.me/api/portraits/thumb/women/65.jpg'}, 'nat': 'DK'}</msg>
<arg>${json_data['results'][0]}</arg>
<doc>Logs the given message with the given level.</doc>
<status status="PASS" start="2024-07-25T10:16:40.265591" elapsed="0.000394"/>
</kw>
<kw name="Log" owner="BuiltIn">
<msg time="2024-07-25T10:16:40.266399" level="INFO">location</msg>
<arg>${key}</arg>
<doc>Logs the given message with the given level.</doc>
<status status="PASS" start="2024-07-25T10:16:40.266274" elapsed="0.000162"/>
</kw>
<var name="${key}">location</var>
<status status="PASS" start="2024-07-25T10:16:40.264906" elapsed="0.001749"/>
</iter>
<iter>
<kw name="Dictionary Should Contain Key" owner="Collections">
<arg>${json_data['results'][0]}</arg>
<arg>${key}</arg>
<doc>Fails if ``key`` is not found from ``dictionary``.</doc>
<status status="PASS" start="2024-07-25T10:16:40.266957" elapsed="0.000389"/>
</kw>
<kw name="Log" owner="BuiltIn">
<msg time="2024-07-25T10:16:40.268006" level="INFO">{'gender': 'female', 'name': {'title': 'Miss', 'first': 'Sofie', 'last': 'Pedersen'}, 'location': {'street': {'number': 9070, 'name': 'Enighedsvej'}, 'city': 'Branderup J', 'state': 'Sjælland', 'country': 'Denmark', 'postcode': 20396, 'coordinates': {'latitude': '-41.1973', 'longitude': '68.6895'}, 'timezone': {'offset': '+2:00', 'description': 'Kaliningrad, South Africa'}}, 'email': 'sofie.pedersen@example.com', 'login': {'uuid': 'eb18e22c-1598-4ed5-9306-9270a1d4a99f', 'username': 'greenmeercat244', 'password': '159357', 'salt': 'uLH51vIp', 'md5': 'd40764f15d51dce40c9359d8a75304e5', 'sha1': '72dd29dea2fb3b6c1c9208a7eacde7cb43ba5a92', 'sha256': 'ca298459e8235f1ebcb1831d383fa78f9bb6e2cea5e47c80f0a5f1086e416f85'}, 'dob': {'date': '1971-11-22T16:02:25.329Z', 'age': 52}, 'registered': {'date': '2002-08-20T06:14:09.856Z', 'age': 21}, 'phone': '08266694', 'cell': '61681790', 'id': {'name': 'CPR', 'value': '221171-4798'}, 'picture': {'large': 'https://randomuser.me/api/portraits/women/65.jpg', 'medium': 'https://randomuser.me/api/portraits/med/women/65.jpg', 'thumbnail': 'https://randomuser.me/api/portraits/thumb/women/65.jpg'}, 'nat': 'DK'}</msg>
<arg>${json_data['results'][0]}</arg>
<doc>Logs the given message with the given level.</doc>
<status status="PASS" start="2024-07-25T10:16:40.267653" elapsed="0.000404"/>
</kw>
<kw name="Log" owner="BuiltIn">
<msg time="2024-07-25T10:16:40.268478" level="INFO">email</msg>
<arg>${key}</arg>
<doc>Logs the given message with the given level.</doc>
<status status="PASS" start="2024-07-25T10:16:40.268351" elapsed="0.000164"/>
</kw>
<var name="${key}">email</var>
<status status="PASS" start="2024-07-25T10:16:40.266827" elapsed="0.001908"/>
</iter>
<iter>
<kw name="Dictionary Should Contain Key" owner="Collections">
<arg>${json_data['results'][0]}</arg>
<arg>${key}</arg>
<doc>Fails if ``key`` is not found from ``dictionary``.</doc>
<status status="PASS" start="2024-07-25T10:16:40.269015" elapsed="0.000375"/>
</kw>
<kw name="Log" owner="BuiltIn">
<msg time="2024-07-25T10:16:40.269923" level="INFO">{'gender': 'female', 'name': {'title': 'Miss', 'first': 'Sofie', 'last': 'Pedersen'}, 'location': {'street': {'number': 9070, 'name': 'Enighedsvej'}, 'city': 'Branderup J', 'state': 'Sjælland', 'country': 'Denmark', 'postcode': 20396, 'coordinates': {'latitude': '-41.1973', 'longitude': '68.6895'}, 'timezone': {'offset': '+2:00', 'description': 'Kaliningrad, South Africa'}}, 'email': 'sofie.pedersen@example.com', 'login': {'uuid': 'eb18e22c-1598-4ed5-9306-9270a1d4a99f', 'username': 'greenmeercat244', 'password': '159357', 'salt': 'uLH51vIp', 'md5': 'd40764f15d51dce40c9359d8a75304e5', 'sha1': '72dd29dea2fb3b6c1c9208a7eacde7cb43ba5a92', 'sha256': 'ca298459e8235f1ebcb1831d383fa78f9bb6e2cea5e47c80f0a5f1086e416f85'}, 'dob': {'date': '1971-11-22T16:02:25.329Z', 'age': 52}, 'registered': {'date': '2002-08-20T06:14:09.856Z', 'age': 21}, 'phone': '08266694', 'cell': '61681790', 'id': {'name': 'CPR', 'value': '221171-4798'}, 'picture': {'large': 'https://randomuser.me/api/portraits/women/65.jpg', 'medium': 'https://randomuser.me/api/portraits/med/women/65.jpg', 'thumbnail': 'https://randomuser.me/api/portraits/thumb/women/65.jpg'}, 'nat': 'DK'}</msg>
<arg>${json_data['results'][0]}</arg>
<doc>Logs the given message with the given level.</doc>
<status status="PASS" start="2024-07-25T10:16:40.269570" elapsed="0.000400"/>
</kw>
<kw name="Log" owner="BuiltIn">
<msg time="2024-07-25T10:16:40.270386" level="INFO">login</msg>
<arg>${key}</arg>
<doc>Logs the given message with the given level.</doc>
<status status="PASS" start="2024-07-25T10:16:40.270260" elapsed="0.000163"/>
</kw>
<var name="${key}">login</var>
<status status="PASS" start="2024-07-25T10:16:40.268907" elapsed="0.001727"/>
</iter>
<var>${key}</var>
<value>@{expected_keys}</value>
<status status="PASS" start="2024-07-25T10:16:40.260716" elapsed="0.010035"/>
</for>
<kw name="Create List" owner="BuiltIn">
<msg time="2024-07-25T10:16:40.271109" level="INFO">${expected_keysTwo} = ['username', 'password']</msg>
<var>${expected_keysTwo}</var>
<arg>username</arg>
<arg>password</arg>
<doc>Returns a list containing given items.</doc>
<status status="PASS" start="2024-07-25T10:16:40.270961" elapsed="0.000172"/>
</kw>
<for flavor="IN">
<iter>
<kw name="Dictionary Should Contain Key" owner="Collections">
<arg>${json_data['results'][0]['login']}</arg>
<arg>${keyTwo}</arg>
<doc>Fails if ``key`` is not found from ``dictionary``.</doc>
<status status="PASS" start="2024-07-25T10:16:40.271650" elapsed="0.000379"/>
</kw>
<kw name="Dictionary Should Contain Key" owner="Collections">
<arg>${json_data['results'][0]['login']}</arg>
<arg>${keyTwo}</arg>
<doc>Fails if ``key`` is not found from ``dictionary``.</doc>
<status status="PASS" start="2024-07-25T10:16:40.272208" elapsed="0.000370"/>
</kw>
<kw name="Log" owner="BuiltIn">
<msg time="2024-07-25T10:16:40.272877" level="INFO">username</msg>
<arg>${keyTwo}</arg>
<doc>Logs the given message with the given level.</doc>
<status status="PASS" start="2024-07-25T10:16:40.272757" elapsed="0.000157"/>
</kw>
<var name="${keyTwo}">username</var>
<status status="PASS" start="2024-07-25T10:16:40.271543" elapsed="0.001589"/>
</iter>
<iter>
<kw name="Dictionary Should Contain Key" owner="Collections">
<arg>${json_data['results'][0]['login']}</arg>
<arg>${keyTwo}</arg>
<doc>Fails if ``key`` is not found from ``dictionary``.</doc>
<status status="PASS" start="2024-07-25T10:16:40.273411" elapsed="0.000377"/>
</kw>
<kw name="Dictionary Should Contain Key" owner="Collections">
<arg>${json_data['results'][0]['login']}</arg>
<arg>${keyTwo}</arg>
<doc>Fails if ``key`` is not found from ``dictionary``.</doc>
<status status="PASS" start="2024-07-25T10:16:40.273965" elapsed="0.000371"/>
</kw>
<kw name="Log" owner="BuiltIn">
<msg time="2024-07-25T10:16:40.274636" level="INFO">password</msg>
<arg>${keyTwo}</arg>
<doc>Logs the given message with the given level.</doc>
<status status="PASS" start="2024-07-25T10:16:40.274511" elapsed="0.000161"/>
</kw>
<var name="${keyTwo}">password</var>
<status status="PASS" start="2024-07-25T10:16:40.273301" elapsed="0.001610"/>
</iter>
<var>${keyTwo}</var>
<value>@{expected_keysTwo}</value>
<status status="PASS" start="2024-07-25T10:16:40.271392" elapsed="0.003649"/>
</for>
<status status="PASS" start="2024-07-25T10:16:40.198720" elapsed="0.076463"/>
</kw>
<doc>Testa a estrutura da resposta da API.</doc>
<tag>testeEstruturaResposta</tag>
<status status="PASS" start="2024-07-25T10:16:40.198116" elapsed="0.077223"/>
</test>
<test id="s1-s1-t4" name="Validar tipos de dados" line="28">
<kw name="Teste de Tipos de Dados" owner="random-user-service">
<kw name="GET On Session" owner="RequestsLibrary">
<msg time="2024-07-25T10:16:40.370971" level="INFO">GET Request : url=https://randomuser.me/api 
 path_url=/api 
 headers={'User-Agent': 'python-requests/2.32.3', 'Accept-Encoding': 'gzip, deflate', 'Accept': '*/*', 'Connection': 'keep-alive'} 
 body=None 
 </msg>
<msg time="2024-07-25T10:16:40.371043" level="INFO">GET Response : url=https://randomuser.me/api 
 status=200, reason=OK 
 headers={'Date': 'Thu, 25 Jul 2024 10:16:40 GMT', 'Content-Type': 'application/json; charset=utf-8', 'Transfer-Encoding': 'chunked', 'Connection': 'keep-alive', 'X-Powered-By': 'Express', 'Access-Control-Allow-Origin': '*', 'Cache-Control': 'no-cache', 'ETag': 'W/"4a3-JXo4n0/vfmmJIxTLAk8SN7Nh/2g"', 'Vary': 'Accept-Encoding', 'Content-Encoding': 'gzip', 'CF-Cache-Status': 'DYNAMIC', 'Report-To': '{"endpoints":[{"url":"https:\\/\\/a.nel.cloudflare.com\\/report\\/v4?s=39wKNysFaWTObQrruwvEaJKpNT%2Fpq2j%2FhvAGsbbBccONaGj8T%2BCjON35zCEfsZ4hNOlHjTBbSZSSln3X%2BPbM44e1u5GkZCVbNkA4Rf3exbBLkC3%2F3CvWTpzdwqS9ZEUF"}],"group":"cf-nel","max_age":604800}', 'NEL': '{"success_fraction":0,"report_to":"cf-nel","max_age":604800}', 'Server': 'cloudflare', 'CF-RAY': '8a8b6553ccb00843-IAD', 'alt-svc': 'h3=":443"; ma=86400'} 
 body={"results":[{"gender":"male","name":{"title":"Mr","first":"Malone","last":"Perez"},"location":{"street":{"number":7741,"name":"Avenue du Château"},"city":"Asnières-sur-Seine","state":"Charente","country":"France","postcode":57088,"coordinates":{"latitude":"-13.0401","longitude":"-46.1633"},"timezone":{"offset":"+4:00","description":"Abu Dhabi, Muscat, Baku, Tbilisi"}},"email":"malone.perez@example.com","login":{"uuid":"9c9c0128-7f2a-42a0-9edb-9cb83c0ccbb4","username":"ticklishpanda655","password":"truth","salt":"E0jOkMbK","md5":"aa582fd2ef1ec12b3a7eb416bd8894fd","sha1":"fc7f0385bcbd00c0a948e8a6191aea86007183bd","sha256":"64da4054eb81c9e61ea2b9e7f3d63053b4e25184afd86702588137b04a19c597"},"dob":{"date":"1990-04-14T16:22:12.325Z","age":34},"registered":{"date":"2016-11-29T16:51:29.042Z","age":7},"phone":"02-80-77-77-29","cell":"06-63-43-66-76","id":{"name":"INSEE","value":"1900333102476 85"},"picture":{"large":"https://randomuser.me/api/portraits/men/51.jpg","medium":"https://randomuser.me/api/portraits/med/men/51.jpg","thumbnail":"https://randomuser.me/api/portraits/thumb/men/51.jpg"},"nat":"FR"}],"info":{"seed":"7602a529076e3064","results":1,"page":1,"version":"1.4"}} 
 </msg>
<msg time="2024-07-25T10:16:40.371102" level="INFO">/opt/hostedtoolcache/Python/3.12.4/x64/lib/python3.12/site-packages/urllib3/connectionpool.py:1099: InsecureRequestWarning: Unverified HTTPS request is being made to host 'randomuser.me'. Adding certificate verification is strongly advised. See: https://urllib3.readthedocs.io/en/latest/advanced-usage.html#tls-warnings
  warnings.warn(</msg>
<msg time="2024-07-25T10:16:40.371209" level="INFO">${response} = &lt;Response [200]&gt;</msg>
<var>${response}</var>
<arg>consultarAPI</arg>
<arg>/api</arg>
<doc>Sends a GET request on a previously created HTTP Session.</doc>
<status status="PASS" start="2024-07-25T10:16:40.277862" elapsed="0.093394"/>
</kw>
<kw name="Set Variable" owner="BuiltIn">
<msg time="2024-07-25T10:16:40.372094" level="INFO">${json_data} = {'results': [{'gender': 'male', 'name': {'title': 'Mr', 'first': 'Malone', 'last': 'Perez'}, 'location': {'street': {'number': 7741, 'name': 'Avenue du Château'}, 'city': 'Asnières-sur-Seine', 'state'...</msg>
<var>${json_data}</var>
<arg>${response.json()}</arg>
<doc>Returns the given values which can then be assigned to a variables.</doc>
<status status="PASS" start="2024-07-25T10:16:40.371626" elapsed="0.000497"/>
</kw>
<kw name="Log" owner="BuiltIn">
<msg time="2024-07-25T10:16:40.372577" level="INFO">{'results': [{'gender': 'male', 'name': {'title': 'Mr', 'first': 'Malone', 'last': 'Perez'}, 'location': {'street': {'number': 7741, 'name': 'Avenue du Château'}, 'city': 'Asnières-sur-Seine', 'state': 'Charente', 'country': 'France', 'postcode': 57088, 'coordinates': {'latitude': '-13.0401', 'longitude': '-46.1633'}, 'timezone': {'offset': '+4:00', 'description': 'Abu Dhabi, Muscat, Baku, Tbilisi'}}, 'email': 'malone.perez@example.com', 'login': {'uuid': '9c9c0128-7f2a-42a0-9edb-9cb83c0ccbb4', 'username': 'ticklishpanda655', 'password': 'truth', 'salt': 'E0jOkMbK', 'md5': 'aa582fd2ef1ec12b3a7eb416bd8894fd', 'sha1': 'fc7f0385bcbd00c0a948e8a6191aea86007183bd', 'sha256': '64da4054eb81c9e61ea2b9e7f3d63053b4e25184afd86702588137b04a19c597'}, 'dob': {'date': '1990-04-14T16:22:12.325Z', 'age': 34}, 'registered': {'date': '2016-11-29T16:51:29.042Z', 'age': 7}, 'phone': '02-80-77-77-29', 'cell': '06-63-43-66-76', 'id': {'name': 'INSEE', 'value': '1900333102476 85'}, 'picture': {'large': 'https://randomuser.me/api/portraits/men/51.jpg', 'medium': 'https://randomuser.me/api/portraits/med/men/51.jpg', 'thumbnail': 'https://randomuser.me/api/portraits/thumb/men/51.jpg'}, 'nat': 'FR'}], 'info': {'seed': '7602a529076e3064', 'results': 1, 'page': 1, 'version': '1.4'}}</msg>
<arg>${json_data}</arg>
<doc>Logs the given message with the given level.</doc>
<status status="PASS" start="2024-07-25T10:16:40.372425" elapsed="0.000200"/>
</kw>
<kw name="Should Be String" owner="String">
<arg>${json_data['results'][0]['gender']}</arg>
<doc>Fails if the given ``item`` is not a string.</doc>
<status status="PASS" start="2024-07-25T10:16:40.372912" elapsed="0.000360"/>
</kw>
<kw name="Should Match Regexp" owner="BuiltIn">
<arg>${json_data['results'][0]['email']}</arg>
<arg>^[a-zA-Z0-9._%+-]+@[a-zA-Z0-9.-]+\.[a-zA-Z]{2,}$</arg>
<doc>Fails if ``string`` does not match ``pattern`` as a regular expression.</doc>
<status status="PASS" start="2024-07-25T10:16:40.373458" elapsed="0.000506"/>
</kw>
<kw name="Should Match Regexp" owner="BuiltIn">
<arg>${json_data['results'][0]['dob']['date']}</arg>
<arg>\\d{4}-\\d{2}-\\d{2}T\\d{2}:\\d{2}:\\d{2}\\.\\d{3}Z</arg>
<doc>Fails if ``string`` does not match ``pattern`` as a regular expression.</doc>
<status status="PASS" start="2024-07-25T10:16:40.374193" elapsed="0.000609"/>
</kw>
<kw name="Should Match Regexp" owner="BuiltIn">
<arg>${json_data['results'][0]['registered']['date']}</arg>
<arg>\\d{4}-\\d{2}-\\d{2}T\\d{2}:\\d{2}:\\d{2}\\.\\d{3}Z</arg>
<doc>Fails if ``string`` does not match ``pattern`` as a regular expression.</doc>
<status status="PASS" start="2024-07-25T10:16:40.375030" elapsed="0.000369"/>
</kw>
<kw name="Should Match Regexp" owner="BuiltIn">
<arg>${json_data['results'][0]['picture']['large']}</arg>
<arg>^https?://.*\.(?:png|jpe?g|gif|bmp)$</arg>
<doc>Fails if ``string`` does not match ``pattern`` as a regular expression.</doc>
<status status="PASS" start="2024-07-25T10:16:40.375583" elapsed="0.000455"/>
</kw>
<kw name="Should Match Regexp" owner="BuiltIn">
<arg>${json_data['results'][0]['picture']['medium']}</arg>
<arg>^https?://.*\.(?:png|jpe?g|gif|bmp)$</arg>
<doc>Fails if ``string`` does not match ``pattern`` as a regular expression.</doc>
<status status="PASS" start="2024-07-25T10:16:40.376225" elapsed="0.000350"/>
</kw>
<kw name="Should Match Regexp" owner="BuiltIn">
<arg>${json_data['results'][0]['picture']['thumbnail']}</arg>
<arg>^https?://.*\.(?:png|jpe?g|gif|bmp)$</arg>
<doc>Fails if ``string`` does not match ``pattern`` as a regular expression.</doc>
<status status="PASS" start="2024-07-25T10:16:40.376755" elapsed="0.000353"/>
</kw>
<kw name="Log" owner="BuiltIn">
<msg time="2024-07-25T10:16:40.377607" level="INFO">{'large': 'https://randomuser.me/api/portraits/men/51.jpg', 'medium': 'https://randomuser.me/api/portraits/med/men/51.jpg', 'thumbnail': 'https://randomuser.me/api/portraits/thumb/men/51.jpg'}</msg>
<arg>${json_data['results'][0]['picture']}</arg>
<doc>Logs the given message with the given level.</doc>
<status status="PASS" start="2024-07-25T10:16:40.377287" elapsed="0.000362"/>
</kw>
<status status="PASS" start="2024-07-25T10:16:40.277640" elapsed="0.100264"/>
</kw>
<kw name="Teste de Tipos de Dados - Postcode" owner="random-user-service">
<kw name="GET On Session" owner="RequestsLibrary">
<msg time="2024-07-25T10:16:40.446617" level="INFO">GET Request : url=https://randomuser.me/api 
 path_url=/api 
 headers={'User-Agent': 'python-requests/2.32.3', 'Accept-Encoding': 'gzip, deflate', 'Accept': '*/*', 'Connection': 'keep-alive'} 
 body=None 
 </msg>
<msg time="2024-07-25T10:16:40.446693" level="INFO">GET Response : url=https://randomuser.me/api 
 status=200, reason=OK 
 headers={'Date': 'Thu, 25 Jul 2024 10:16:40 GMT', 'Content-Type': 'application/json; charset=utf-8', 'Transfer-Encoding': 'chunked', 'Connection': 'keep-alive', 'X-Powered-By': 'Express', 'Access-Control-Allow-Origin': '*', 'Cache-Control': 'no-cache', 'ETag': 'W/"4a3-Q2HBljbgpmKZbi4ufj9zQQeybjs"', 'Vary': 'Accept-Encoding', 'Content-Encoding': 'gzip', 'CF-Cache-Status': 'DYNAMIC', 'Report-To': '{"endpoints":[{"url":"https:\\/\\/a.nel.cloudflare.com\\/report\\/v4?s=p4UdfxCC2szIE50HXDiK2IgoOCgszM89tDnXlhIN5OIghr9m2%2FDWuzXvtEA%2BMsZKmb4JQk6LV25AB8iQIkmTLqvFYe0HvU0feCQmEA5nAUbac2CNic5tv%2B67cxWVRCcH"}],"group":"cf-nel","max_age":604800}', 'NEL': '{"success_fraction":0,"report_to":"cf-nel","max_age":604800}', 'Server': 'cloudflare', 'CF-RAY': '8a8b65546d1d0843-IAD', 'alt-svc': 'h3=":443"; ma=86400'} 
 body={"results":[{"gender":"male","name":{"title":"Mr","first":"Aaron","last":"Roche"},"location":{"street":{"number":4950,"name":"Route de Genas"},"city":"Marseille","state":"Pyrénées-Orientales","country":"France","postcode":77681,"coordinates":{"latitude":"-20.6758","longitude":"-91.6866"},"timezone":{"offset":"+10:00","description":"Eastern Australia, Guam, Vladivostok"}},"email":"aaron.roche@example.com","login":{"uuid":"0ef757cc-4799-47a4-9cdf-0c61d9f758c0","username":"ticklishwolf108","password":"sergio","salt":"rELKCNsJ","md5":"182bf19cf9424f7a7d85a733b68b829b","sha1":"77f1a8dcdbe606bdfbdced661505c8d6a75c39d0","sha256":"dff5fd707b7e71e911852df503619b2d80e822191c2fdd0bee97026ac1ddc2d4"},"dob":{"date":"1988-03-23T21:12:29.065Z","age":36},"registered":{"date":"2010-06-20T20:33:37.220Z","age":14},"phone":"05-59-43-58-07","cell":"06-48-14-15-18","id":{"name":"INSEE","value":"1880257928063 81"},"picture":{"large":"https://randomuser.me/api/portraits/men/9.jpg","medium":"https://randomuser.me/api/portraits/med/men/9.jpg","thumbnail":"https://randomuser.me/api/portraits/thumb/men/9.jpg"},"nat":"FR"}],"info":{"seed":"e8bfd2cc5e03bd3a","results":1,"page":1,"version":"1.4"}} 
 </msg>
<msg time="2024-07-25T10:16:40.446763" level="INFO">/opt/hostedtoolcache/Python/3.12.4/x64/lib/python3.12/site-packages/urllib3/connectionpool.py:1099: InsecureRequestWarning: Unverified HTTPS request is being made to host 'randomuser.me'. Adding certificate verification is strongly advised. See: https://urllib3.readthedocs.io/en/latest/advanced-usage.html#tls-warnings
  warnings.warn(</msg>
<msg time="2024-07-25T10:16:40.446908" level="INFO">${response} = &lt;Response [200]&gt;</msg>
<var>${response}</var>
<arg>consultarAPI</arg>
<arg>/api</arg>
<doc>Sends a GET request on a previously created HTTP Session.</doc>
<status status="PASS" start="2024-07-25T10:16:40.378344" elapsed="0.068624"/>
</kw>
<kw name="Set Variable" owner="BuiltIn">
<msg time="2024-07-25T10:16:40.447765" level="INFO">${json_data} = {'results': [{'gender': 'male', 'name': {'title': 'Mr', 'first': 'Aaron', 'last': 'Roche'}, 'location': {'street': {'number': 4950, 'name': 'Route de Genas'}, 'city': 'Marseille', 'state': 'Pyrénées-O...</msg>
<var>${json_data}</var>
<arg>${response.json()}</arg>
<doc>Returns the given values which can then be assigned to a variables.</doc>
<status status="PASS" start="2024-07-25T10:16:40.447313" elapsed="0.000480"/>
</kw>
<kw name="Log" owner="BuiltIn">
<msg time="2024-07-25T10:16:40.448257" level="INFO">{'results': [{'gender': 'male', 'name': {'title': 'Mr', 'first': 'Aaron', 'last': 'Roche'}, 'location': {'street': {'number': 4950, 'name': 'Route de Genas'}, 'city': 'Marseille', 'state': 'Pyrénées-Orientales', 'country': 'France', 'postcode': 77681, 'coordinates': {'latitude': '-20.6758', 'longitude': '-91.6866'}, 'timezone': {'offset': '+10:00', 'description': 'Eastern Australia, Guam, Vladivostok'}}, 'email': 'aaron.roche@example.com', 'login': {'uuid': '0ef757cc-4799-47a4-9cdf-0c61d9f758c0', 'username': 'ticklishwolf108', 'password': 'sergio', 'salt': 'rELKCNsJ', 'md5': '182bf19cf9424f7a7d85a733b68b829b', 'sha1': '77f1a8dcdbe606bdfbdced661505c8d6a75c39d0', 'sha256': 'dff5fd707b7e71e911852df503619b2d80e822191c2fdd0bee97026ac1ddc2d4'}, 'dob': {'date': '1988-03-23T21:12:29.065Z', 'age': 36}, 'registered': {'date': '2010-06-20T20:33:37.220Z', 'age': 14}, 'phone': '05-59-43-58-07', 'cell': '06-48-14-15-18', 'id': {'name': 'INSEE', 'value': '1880257928063 81'}, 'picture': {'large': 'https://randomuser.me/api/portraits/men/9.jpg', 'medium': 'https://randomuser.me/api/portraits/med/men/9.jpg', 'thumbnail': 'https://randomuser.me/api/portraits/thumb/men/9.jpg'}, 'nat': 'FR'}], 'info': {'seed': 'e8bfd2cc5e03bd3a', 'results': 1, 'page': 1, 'version': '1.4'}}</msg>
<arg>${json_data}</arg>
<doc>Logs the given message with the given level.</doc>
<status status="PASS" start="2024-07-25T10:16:40.448101" elapsed="0.000206"/>
</kw>
<kw name="Should Be Equal As Numbers" owner="BuiltIn">
<arg>${json_data['results'][0]['location']['postcode']}</arg>
<arg>${json_data['results'][0]['location']['postcode']}</arg>
<doc>Fails if objects are unequal after converting them to real numbers.</doc>
<status status="PASS" start="2024-07-25T10:16:40.448601" elapsed="0.000621"/>
</kw>
<kw name="Log" owner="BuiltIn">
<msg time="2024-07-25T10:16:40.449745" level="INFO">77681</msg>
<arg>${json_data['results'][0]['location']['postcode']}</arg>
<doc>Logs the given message with the given level.</doc>
<status status="PASS" start="2024-07-25T10:16:40.449415" elapsed="0.000371"/>
</kw>
<status status="PASS" start="2024-07-25T10:16:40.378119" elapsed="0.071943"/>
</kw>
<doc>Testa se os tipos de dados na resposta da API estão corretos.</doc>
<tag>testeTiposDados</tag>
<status status="PASS" start="2024-07-25T10:16:40.277084" elapsed="0.173141"/>
</test>
<test id="s1-s1-t5" name="Validar conteudo" line="35">
<kw name="Teste de Tipos de Conteudo" owner="random-user-service">
<kw name="GET On Session" owner="RequestsLibrary">
<msg time="2024-07-25T10:16:40.549628" level="INFO">GET Request : url=https://randomuser.me/api 
 path_url=/api 
 headers={'User-Agent': 'python-requests/2.32.3', 'Accept-Encoding': 'gzip, deflate', 'Accept': '*/*', 'Connection': 'keep-alive'} 
 body=None 
 </msg>
<msg time="2024-07-25T10:16:40.549745" level="INFO">GET Response : url=https://randomuser.me/api 
 status=200, reason=OK 
 headers={'Date': 'Thu, 25 Jul 2024 10:16:40 GMT', 'Content-Type': 'application/json; charset=utf-8', 'Transfer-Encoding': 'chunked', 'Connection': 'keep-alive', 'X-Powered-By': 'Express', 'Access-Control-Allow-Origin': '*', 'Cache-Control': 'no-cache', 'ETag': 'W/"495-LRL1SgKGe7YjtRE2L7mRgDerNkE"', 'Vary': 'Accept-Encoding', 'Content-Encoding': 'gzip', 'CF-Cache-Status': 'DYNAMIC', 'Report-To': '{"endpoints":[{"url":"https:\\/\\/a.nel.cloudflare.com\\/report\\/v4?s=OsKUsHJZKE84M0uLLPHIoOC1Xu7GKJE70l6Nl6VtQlR7IAtygFxzEBvJCQSuKixTNpkfrcb2v47%2B%2FZ9fwuUKebWyMGy5IWN0Fry%2FX0sKvrrP45%2FKjKRooO1CRwAJlxaE"}],"group":"cf-nel","max_age":604800}', 'NEL': '{"success_fraction":0,"report_to":"cf-nel","max_age":604800}', 'Server': 'cloudflare', 'CF-RAY': '8a8b6554dd6f0843-IAD', 'alt-svc': 'h3=":443"; ma=86400'} 
 body={"results":[{"gender":"female","name":{"title":"Miss","first":"Asta","last":"Hansen"},"location":{"street":{"number":4641,"name":"Søndervænget"},"city":"Odense Sv","state":"Syddanmark","country":"Denmark","postcode":83116,"coordinates":{"latitude":"-40.0901","longitude":"20.7053"},"timezone":{"offset":"-4:00","description":"Atlantic Time (Canada), Caracas, La Paz"}},"email":"asta.hansen@example.com","login":{"uuid":"13147d9d-cc00-44a8-8648-b5f83e1d8f94","username":"orangepanda413","password":"dollars","salt":"WabsPItz","md5":"4d17e322127bdce936428d0225422285","sha1":"5eed4646eb9697ff6bb7ab3fbe5005ab3a52d613","sha256":"8577e30be6bc22a19125c3ca47a0dd85d6fc23d6523a7655a22b3718cb17578d"},"dob":{"date":"2000-09-26T10:43:44.141Z","age":23},"registered":{"date":"2012-10-10T19:47:30.510Z","age":11},"phone":"80859523","cell":"73443457","id":{"name":"CPR","value":"2609100-4371"},"picture":{"large":"https://randomuser.me/api/portraits/women/22.jpg","medium":"https://randomuser.me/api/portraits/med/women/22.jpg","thumbnail":"https://randomuser.me/api/portraits/thumb/women/22.jpg"},"nat":"DK"}],"info":{"seed":"f4796dc9acfc4abc","results":1,"page":1,"version":"1.4"}} 
 </msg>
<msg time="2024-07-25T10:16:40.549832" level="INFO">/opt/hostedtoolcache/Python/3.12.4/x64/lib/python3.12/site-packages/urllib3/connectionpool.py:1099: InsecureRequestWarning: Unverified HTTPS request is being made to host 'randomuser.me'. Adding certificate verification is strongly advised. See: https://urllib3.readthedocs.io/en/latest/advanced-usage.html#tls-warnings
  warnings.warn(</msg>
<msg time="2024-07-25T10:16:40.549998" level="INFO">${response} = &lt;Response [200]&gt;</msg>
<var>${response}</var>
<arg>consultarAPI</arg>
<arg>/api</arg>
<doc>Sends a GET request on a previously created HTTP Session.</doc>
<status status="PASS" start="2024-07-25T10:16:40.452723" elapsed="0.097335"/>
</kw>
<kw name="Set Variable" owner="BuiltIn">
<msg time="2024-07-25T10:16:40.551167" level="INFO">${json_data} = {'results': [{'gender': 'female', 'name': {'title': 'Miss', 'first': 'Asta', 'last': 'Hansen'}, 'location': {'street': {'number': 4641, 'name': 'Søndervænget'}, 'city': 'Odense Sv', 'state': 'Syddanma...</msg>
<var>${json_data}</var>
<arg>${response.json()}</arg>
<doc>Returns the given values which can then be assigned to a variables.</doc>
<status status="PASS" start="2024-07-25T10:16:40.550614" elapsed="0.000582"/>
</kw>
<kw name="Set Variable" owner="BuiltIn">
<msg time="2024-07-25T10:16:40.551886" level="INFO">${name_title} = Miss</msg>
<var>${name_title}</var>
<arg>${json_data["results"][0]["name"]["title"]}</arg>
<doc>Returns the given values which can then be assigned to a variables.</doc>
<status status="PASS" start="2024-07-25T10:16:40.551504" elapsed="0.000408"/>
</kw>
<kw name="Create List" owner="BuiltIn">
<msg time="2024-07-25T10:16:40.552360" level="INFO">${allowed_titles} = ['Mr', 'Ms', 'Miss', 'Mrs', 'Madame', 'Monsieur']</msg>
<var>${allowed_titles}</var>
<arg>Mr</arg>
<arg>Ms</arg>
<arg>Miss</arg>
<arg>Mrs</arg>
<arg>Madame</arg>
<arg>Monsieur</arg>
<doc>Returns a list containing given items.</doc>
<status status="PASS" start="2024-07-25T10:16:40.552204" elapsed="0.000182"/>
</kw>
<kw name="List Should Contain Value" owner="Collections">
<arg>${allowed_titles}</arg>
<arg>${name_title}</arg>
<doc>Fails if the ``value`` is not found from ``list``.</doc>
<status status="PASS" start="2024-07-25T10:16:40.552681" elapsed="0.000183"/>
</kw>
<kw name="Set Variable" owner="BuiltIn">
<msg time="2024-07-25T10:16:40.553429" level="INFO">${name_country} = DK</msg>
<var>${name_country}</var>
<arg>${json_data["results"][0]["nat"]}</arg>
<doc>Returns the given values which can then be assigned to a variables.</doc>
<status status="PASS" start="2024-07-25T10:16:40.553049" elapsed="0.000405"/>
</kw>
<kw name="Create List" owner="BuiltIn">
<msg time="2024-07-25T10:16:40.554326" level="INFO">${list_country} = ['AD', 'AE', 'AF', 'AG', 'AI', 'AL', 'AM', 'AO', 'AQ', 'AR', 'AS', 'AT', 'AU', 'AW', 'AX', 'AZ', 'BA', 'BB', 'BD', 'BE', 'BF', 'BG', 'BH', 'BI', 'BJ', 'BL', 'BM', 'BN', 'BO', 'BQ', 'BR', 'BS', 'BT', '...</msg>
<var>${list_country}</var>
<arg>AD</arg>
<arg>AE</arg>
<arg>AF</arg>
<arg>AG</arg>
<arg>AI</arg>
<arg>AL</arg>
<arg>AM</arg>
<arg>AO</arg>
<arg>AQ</arg>
<arg>AR</arg>
<arg>AS</arg>
<arg>AT</arg>
<arg>AU</arg>
<arg>AW</arg>
<arg>AX</arg>
<arg>AZ</arg>
<arg>BA</arg>
<arg>BB</arg>
<arg>BD</arg>
<arg>BE</arg>
<arg>BF</arg>
<arg>BG</arg>
<arg>BH</arg>
<arg>BI</arg>
<arg>BJ</arg>
<arg>BL</arg>
<arg>BM</arg>
<arg>BN</arg>
<arg>BO</arg>
<arg>BQ</arg>
<arg>BR</arg>
<arg>BS</arg>
<arg>BT</arg>
<arg>BV</arg>
<arg>BW</arg>
<arg>BY</arg>
<arg>BZ</arg>
<arg>CA</arg>
<arg>CC</arg>
<arg>CD</arg>
<arg>CF</arg>
<arg>CG</arg>
<arg>CH</arg>
<arg>CI</arg>
<arg>CK</arg>
<arg>CL</arg>
<arg>CM</arg>
<arg>CN</arg>
<arg>CO</arg>
<arg>CR</arg>
<arg>CU</arg>
<arg>CV</arg>
<arg>CW</arg>
<arg>CX</arg>
<arg>CY</arg>
<arg>CZ</arg>
<arg>DE</arg>
<arg>DJ</arg>
<arg>DK</arg>
<arg>DM</arg>
<arg>DO</arg>
<arg>DZ</arg>
<arg>EC</arg>
<arg>EE</arg>
<arg>EG</arg>
<arg>EH</arg>
<arg>ER</arg>
<arg>ES</arg>
<arg>ET</arg>
<arg>FI</arg>
<arg>FJ</arg>
<arg>FK</arg>
<arg>FM</arg>
<arg>FO</arg>
<arg>FR</arg>
<arg>GA</arg>
<arg>GB</arg>
<arg>GD</arg>
<arg>GE</arg>
<arg>GF</arg>
<arg>GG</arg>
<arg>GH</arg>
<arg>GI</arg>
<arg>GL</arg>
<arg>GM</arg>
<arg>GN</arg>
<arg>GP</arg>
<arg>GQ</arg>
<arg>GR</arg>
<arg>GS</arg>
<arg>GT</arg>
<arg>GU</arg>
<arg>GW</arg>
<arg>GY</arg>
<arg>HK</arg>
<arg>HM</arg>
<arg>HN</arg>
<arg>HR</arg>
<arg>HT</arg>
<arg>HU</arg>
<arg>ID</arg>
<arg>IE</arg>
<arg>IL</arg>
<arg>IM</arg>
<arg>IN</arg>
<arg>IO</arg>
<arg>IQ</arg>
<arg>IR</arg>
<arg>IS</arg>
<arg>IT</arg>
<arg>JE</arg>
<arg>JM</arg>
<arg>JO</arg>
<arg>JP</arg>
<arg>KE</arg>
<arg>KG</arg>
<arg>KH</arg>
<arg>KI</arg>
<arg>KM</arg>
<arg>KN</arg>
<arg>KP</arg>
<arg>KR</arg>
<arg>KW</arg>
<arg>KY</arg>
<arg>KZ</arg>
<arg>LA</arg>
<arg>LB</arg>
<arg>LC</arg>
<arg>LI</arg>
<arg>LK</arg>
<arg>LR</arg>
<arg>LS</arg>
<arg>LT</arg>
<arg>LU</arg>
<arg>LV</arg>
<arg>LY</arg>
<arg>MA</arg>
<arg>MC</arg>
<arg>MD</arg>
<arg>ME</arg>
<arg>MF</arg>
<arg>MG</arg>
<arg>MH</arg>
<arg>MK</arg>
<arg>ML</arg>
<arg>MM</arg>
<arg>MN</arg>
<arg>MO</arg>
<arg>MP</arg>
<arg>MQ</arg>
<arg>MR</arg>
<arg>MS</arg>
<arg>MT</arg>
<arg>MU</arg>
<arg>MV</arg>
<arg>MW</arg>
<arg>MX</arg>
<arg>MY</arg>
<arg>MZ</arg>
<arg>NA</arg>
<arg>NC</arg>
<arg>NE</arg>
<arg>NF</arg>
<arg>NG</arg>
<arg>NI</arg>
<arg>NL</arg>
<arg>NO</arg>
<arg>NP</arg>
<arg>NR</arg>
<arg>NU</arg>
<arg>NZ</arg>
<arg>OM</arg>
<arg>PA</arg>
<arg>PE</arg>
<arg>PF</arg>
<arg>PG</arg>
<arg>PH</arg>
<arg>PK</arg>
<arg>PL</arg>
<arg>PM</arg>
<arg>PN</arg>
<arg>PR</arg>
<arg>PS</arg>
<arg>PT</arg>
<arg>PW</arg>
<arg>PY</arg>
<arg>QA</arg>
<arg>RE</arg>
<arg>RO</arg>
<arg>RS</arg>
<arg>RU</arg>
<arg>RW</arg>
<arg>SA</arg>
<arg>SB</arg>
<arg>SC</arg>
<arg>SD</arg>
<arg>SE</arg>
<arg>SG</arg>
<arg>SH</arg>
<arg>SI</arg>
<arg>SJ</arg>
<arg>SK</arg>
<arg>SL</arg>
<arg>SM</arg>
<arg>SN</arg>
<arg>SO</arg>
<arg>SR</arg>
<arg>SS</arg>
<arg>ST</arg>
<arg>SV</arg>
<arg>SX</arg>
<arg>SY</arg>
<arg>SZ</arg>
<arg>TC</arg>
<arg>TD</arg>
<arg>TF</arg>
<arg>TG</arg>
<arg>TH</arg>
<arg>TJ</arg>
<arg>TK</arg>
<arg>TL</arg>
<arg>TM</arg>
<arg>TN</arg>
<arg>TO</arg>
<arg>TR</arg>
<arg>TT</arg>
<arg>TV</arg>
<arg>TW</arg>
<arg>TZ</arg>
<arg>UA</arg>
<arg>UG</arg>
<arg>UM</arg>
<arg>US</arg>
<arg>UY</arg>
<arg>UZ</arg>
<arg>VA</arg>
<arg>VC</arg>
<arg>VE</arg>
<arg>VG</arg>
<arg>VI</arg>
<arg>VN</arg>
<arg>VU</arg>
<arg>WF</arg>
<arg>WS</arg>
<arg>XK</arg>
<arg>YE</arg>
<arg>YT</arg>
<arg>ZA</arg>
<arg>ZM</arg>
<arg>ZW</arg>
<doc>Returns a list containing given items.</doc>
<status status="PASS" start="2024-07-25T10:16:40.553736" elapsed="0.000615"/>
</kw>
<kw name="List Should Contain Value" owner="Collections">
<arg>${list_country}</arg>
<arg>${name_country}</arg>
<doc>Fails if the ``value`` is not found from ``list``.</doc>
<status status="PASS" start="2024-07-25T10:16:40.555346" elapsed="0.000208"/>
</kw>
<kw name="Run Keyword If" owner="BuiltIn">
<kw name="Should Be True" owner="BuiltIn">
<arg>${True}</arg>
<doc>Fails if the given condition is not true.</doc>
<status status="PASS" start="2024-07-25T10:16:40.556504" elapsed="0.000142"/>
</kw>
<arg>${json_data["results"][0]["location"]["coordinates"]["latitude"]} &gt;= -90 and ${json_data["results"][0]["location"]["coordinates"]["latitude"]} &lt;= 90</arg>
<arg>Should Be True</arg>
<arg>${True}</arg>
<doc>Runs the given keyword with the given arguments, if ``condition`` is true.</doc>
<status status="PASS" start="2024-07-25T10:16:40.555753" elapsed="0.001019"/>
</kw>
<kw name="Run Keyword If" owner="BuiltIn">
<kw name="Should Be True" owner="BuiltIn">
<arg>${True}</arg>
<doc>Fails if the given condition is not true.</doc>
<status status="PASS" start="2024-07-25T10:16:40.557641" elapsed="0.000135"/>
</kw>
<arg>${json_data["results"][0]["location"]["coordinates"]["longitude"]} &gt;= -180 and ${json_data["results"][0]["location"]["coordinates"]["longitude"]} &lt;= 180</arg>
<arg>Should Be True</arg>
<arg>${True}</arg>
<doc>Runs the given keyword with the given arguments, if ``condition`` is true.</doc>
<status status="PASS" start="2024-07-25T10:16:40.556950" elapsed="0.000948"/>
</kw>
<status status="PASS" start="2024-07-25T10:16:40.452507" elapsed="0.105520"/>
</kw>
<doc>Testa o conteúdo específico dos campos retornados pela API.</doc>
<tag>testeConteudo</tag>
<status status="PASS" start="2024-07-25T10:16:40.451991" elapsed="0.106186"/>
</test>
<status status="PASS" start="2024-07-25T10:16:39.559668" elapsed="1.000488"/>
</suite>
<status status="PASS" start="2024-07-25T10:16:39.543917" elapsed="1.021280"/>
</suite>
<statistics>
<total>
<stat pass="5" fail="0" skip="0">All Tests</stat>
</total>
<tag>
<stat pass="1" fail="0" skip="0">testeConteudo</stat>
<stat pass="1" fail="0" skip="0">testeEstruturaResposta</stat>
<stat pass="1" fail="0" skip="0">testeRequisicaoBasica</stat>
<stat pass="1" fail="0" skip="0">testeTiposDados</stat>
</tag>
<suite>
<stat pass="5" fail="0" skip="0" id="s1" name="Tests">Tests</stat>
<stat pass="5" fail="0" skip="0" id="s1-s1" name="Random-User-Test">Tests.Random-User-Test</stat>
</suite>
</statistics>
<errors>
</errors>
</robot>
