<?xml version="1.0" encoding="UTF-8"?>
<robot generator="Robot 7.0 (Python 3.12.3 on linux)" generated="2024-04-22T06:18:50.196436" rpa="false" schemaversion="5">
<suite id="s1" name="Tests" source="/home/runner/work/DesafioQAItauRogerioJordao/DesafioQAItauRogerioJordao/RamdonUser/tests">
<suite id="s1-s1" name="Random-User-Test" source="/home/runner/work/DesafioQAItauRogerioJordao/DesafioQAItauRogerioJordao/RamdonUser/tests/random-user-test.robot">
<test id="s1-s1-t1" name="Conectar" line="13">
<kw name="Conectar API" owner="random-user-service">
<kw name="Create Session" owner="RequestsLibrary">
<msg time="2024-04-22T06:18:50.582254" level="INFO">Creating Session using : alias=consultarAPI, url=https://randomuser.me/, headers={},                     cookies={}, auth=None, timeout=None, proxies=None, verify=False,                     debug=0 </msg>
<arg>consultarAPI</arg>
<arg>${URL}</arg>
<doc>Create Session: create a HTTP session to a server</doc>
<status status="PASS" start="2024-04-22T06:18:50.582054" elapsed="0.000375"/>
</kw>
<status status="PASS" start="2024-04-22T06:18:50.581105" elapsed="0.001685"/>
</kw>
<status status="PASS" start="2024-04-22T06:18:50.580478" elapsed="0.002513"/>
</test>
<test id="s1-s1-t2" name="Validar retorno 200 e JSON Válido" line="16">
<kw name="Teste de Requisicao Basica" owner="random-user-service">
<kw name="GET On Session" owner="RequestsLibrary">
<msg time="2024-04-22T06:18:50.666624" level="INFO">GET Request : url=https://randomuser.me/api 
 path_url=/api 
 headers={'User-Agent': 'python-requests/2.31.0', 'Accept-Encoding': 'gzip, deflate', 'Accept': '*/*', 'Connection': 'keep-alive'} 
 body=None 
 </msg>
<msg time="2024-04-22T06:18:50.666762" level="INFO">GET Response : url=https://randomuser.me/api 
 status=200, reason=OK 
 headers={'Date': 'Mon, 22 Apr 2024 06:18:50 GMT', 'Content-Type': 'application/json; charset=utf-8', 'Transfer-Encoding': 'chunked', 'Connection': 'keep-alive', 'X-Powered-By': 'Express', 'Access-Control-Allow-Origin': '*', 'Cache-Control': 'no-cache', 'ETag': 'W/"47d-knK1fRnmuU6wiqQDgquorBHCTUc"', 'Vary': 'Accept-Encoding', 'Content-Encoding': 'gzip', 'CF-Cache-Status': 'DYNAMIC', 'Report-To': '{"endpoints":[{"url":"https:\\/\\/a.nel.cloudflare.com\\/report\\/v4?s=u1xFjfCxQvGy9shIDTeUKP9vtWQSrURLFA54xPtlSUcBJ3lzE7E0HsDOkwCIpn0DvQk1BpI5B4MPGasHWncvVPevMJO4BpXX7yoE0D2qX0P%2BGNrBOsm5R86wmCd34Z8B"}],"group":"cf-nel","max_age":604800}', 'NEL': '{"success_fraction":0,"report_to":"cf-nel","max_age":604800}', 'Server': 'cloudflare', 'CF-RAY': '87837fb269d629fd-ORD', 'alt-svc': 'h3=":443"; ma=86400'} 
 body={"results":[{"gender":"male","name":{"title":"Mr","first":"Adem","last":"Hakyemez"},"location":{"street":{"number":8969,"name":"Vatan Cd"},"city":"İstanbul","state":"Konya","country":"Turkey","postcode":51684,"coordinates":{"latitude":"64.4698","longitude":"-83.3028"},"timezone":{"offset":"-6:00","description":"Central Time (US &amp; Canada), Mexico City"}},"email":"adem.hakyemez@example.com","login":{"uuid":"163ef687-665e-4e29-a360-5eea78f41d46","username":"happybear434","password":"chewy","salt":"zzu65jJ4","md5":"e0908d9819d134338289b682e433a6cb","sha1":"d5e309860ecf5cf68b964470d5d46e6d4730dff6","sha256":"f4d1e8a908d4b051151f467b6834cf2d53ffcdd4116cc447abd58ca68726b123"},"dob":{"date":"1995-02-18T09:57:59.865Z","age":29},"registered":{"date":"2020-09-12T00:44:30.728Z","age":3},"phone":"(459)-218-2350","cell":"(262)-776-9696","id":{"name":"","value":null},"picture":{"large":"https://randomuser.me/api/portraits/men/63.jpg","medium":"https://randomuser.me/api/portraits/med/men/63.jpg","thumbnail":"https://randomuser.me/api/portraits/thumb/men/63.jpg"},"nat":"TR"}],"info":{"seed":"56643acbf0253c30","results":1,"page":1,"version":"1.4"}} 
 </msg>
<msg time="2024-04-22T06:18:50.666843" level="INFO">/opt/hostedtoolcache/Python/3.12.3/x64/lib/python3.12/site-packages/urllib3/connectionpool.py:1103: InsecureRequestWarning: Unverified HTTPS request is being made to host 'randomuser.me'. Adding certificate verification is strongly advised. See: https://urllib3.readthedocs.io/en/latest/advanced-usage.html#tls-warnings
  warnings.warn(</msg>
<msg time="2024-04-22T06:18:50.666988" level="INFO">${response} = &lt;Response [200]&gt;</msg>
<var>${response}</var>
<arg>consultarAPI</arg>
<arg>/api</arg>
<doc>Sends a GET request on a previously created HTTP Session.</doc>
<status status="PASS" start="2024-04-22T06:18:50.585812" elapsed="0.081219"/>
</kw>
<kw name="Should Be Equal As Numbers" owner="BuiltIn">
<msg time="2024-04-22T06:18:50.667948" level="INFO">Argument types are:
&lt;class 'int'&gt;
&lt;class 'str'&gt;</msg>
<arg>${response.status_code}</arg>
<arg>200</arg>
<doc>Fails if objects are unequal after converting them to real numbers.</doc>
<status status="PASS" start="2024-04-22T06:18:50.667513" elapsed="0.000530"/>
</kw>
<kw name="Log" owner="BuiltIn">
<msg time="2024-04-22T06:18:50.668780" level="INFO">200</msg>
<arg>${response.status_code}</arg>
<doc>Logs the given message with the given level.</doc>
<status status="PASS" start="2024-04-22T06:18:50.668423" elapsed="0.000400"/>
</kw>
<kw name="Set Variable" owner="BuiltIn">
<msg time="2024-04-22T06:18:50.669605" level="INFO">${json_data} = {'results': [{'gender': 'male', 'name': {'title': 'Mr', 'first': 'Adem', 'last': 'Hakyemez'}, 'location': {'street': {'number': 8969, 'name': 'Vatan Cd'}, 'city': 'İstanbul', 'state': 'Konya', 'countr...</msg>
<var>${json_data}</var>
<arg>${response.json()}</arg>
<doc>Returns the given values which can then be assigned to a variables.</doc>
<status status="PASS" start="2024-04-22T06:18:50.669138" elapsed="0.000498"/>
</kw>
<kw name="Dictionary Should Contain Key" owner="Collections">
<msg time="2024-04-22T06:18:50.670116" level="INFO">False</msg>
<arg>${json_data}</arg>
<arg>results</arg>
<doc>Fails if ``key`` is not found from ``dictionary``.</doc>
<status status="PASS" start="2024-04-22T06:18:50.669945" elapsed="0.000212"/>
</kw>
<status status="PASS" start="2024-04-22T06:18:50.585550" elapsed="0.084873"/>
</kw>
<doc>Testa se a API responde corretamente e retorna um objeto JSON válido.</doc>
<tag>testeRequisicaoBasica</tag>
<status status="PASS" start="2024-04-22T06:18:50.584985" elapsed="0.085615"/>
</test>
<test id="s1-s1-t3" name="Validar estrutura de resposta" line="22">
<kw name="Teste de Estrutura de Resposta" owner="random-user-service">
<kw name="GET On Session" owner="RequestsLibrary">
<msg time="2024-04-22T06:18:50.764014" level="INFO">GET Request : url=https://randomuser.me/api 
 path_url=/api 
 headers={'User-Agent': 'python-requests/2.31.0', 'Accept-Encoding': 'gzip, deflate', 'Accept': '*/*', 'Connection': 'keep-alive'} 
 body=None 
 </msg>
<msg time="2024-04-22T06:18:50.764129" level="INFO">GET Response : url=https://randomuser.me/api 
 status=200, reason=OK 
 headers={'Date': 'Mon, 22 Apr 2024 06:18:50 GMT', 'Content-Type': 'application/json; charset=utf-8', 'Transfer-Encoding': 'chunked', 'Connection': 'keep-alive', 'X-Powered-By': 'Express', 'Access-Control-Allow-Origin': '*', 'Cache-Control': 'no-cache', 'ETag': 'W/"4a4-NbtNSGvkHP1/gF9+y2BDnZHC8xM"', 'Vary': 'Accept-Encoding', 'Content-Encoding': 'gzip', 'CF-Cache-Status': 'DYNAMIC', 'Report-To': '{"endpoints":[{"url":"https:\\/\\/a.nel.cloudflare.com\\/report\\/v4?s=JLo8XLuXeRWvrQ6u%2FXc8q3aBHJVQpcGN2gfSnEBq516TgArhBojCR7go1xqaMvsD%2FmBIDoae7W5rjKfsJaPs4EwZuHbPi%2BHWfk3WPR4CMLjW3lNHlpFTXCSBiVHUK5sU"}],"group":"cf-nel","max_age":604800}', 'NEL': '{"success_fraction":0,"report_to":"cf-nel","max_age":604800}', 'Server': 'cloudflare', 'CF-RAY': '87837fb2ba3a29fd-ORD', 'alt-svc': 'h3=":443"; ma=86400'} 
 body={"results":[{"gender":"female","name":{"title":"Miss","first":"Frida","last":"Moraes"},"location":{"street":{"number":3279,"name":"Rua Sete de Setembro "},"city":"Itabuna","state":"Santa Catarina","country":"Brazil","postcode":35352,"coordinates":{"latitude":"-73.4887","longitude":"141.5728"},"timezone":{"offset":"-3:00","description":"Brazil, Buenos Aires, Georgetown"}},"email":"frida.moraes@example.com","login":{"uuid":"59255b6d-4b0c-4089-9ee5-d14c5470877f","username":"greenswan171","password":"torpedo","salt":"SbVaFJJ4","md5":"6e7772a1190159e8a7a5b9d9aac03161","sha1":"5c0d3bfe566f5c7a3e1cd656b45cba9dbf8dcc91","sha256":"be7054418db9dc343ab35b5f272952b6ec110070fbc51e5014e5d9c1b77992e1"},"dob":{"date":"1958-11-29T21:30:15.896Z","age":65},"registered":{"date":"2017-09-11T18:29:41.389Z","age":6},"phone":"(24) 0544-9484","cell":"(05) 6152-7186","id":{"name":"CPF","value":"142.861.116-77"},"picture":{"large":"https://randomuser.me/api/portraits/women/33.jpg","medium":"https://randomuser.me/api/portraits/med/women/33.jpg","thumbnail":"https://randomuser.me/api/portraits/thumb/women/33.jpg"},"nat":"BR"}],"info":{"seed":"19e8c1b7bda11925","results":1,"page":1,"version":"1.4"}} 
 </msg>
<msg time="2024-04-22T06:18:50.764270" level="INFO">/opt/hostedtoolcache/Python/3.12.3/x64/lib/python3.12/site-packages/urllib3/connectionpool.py:1103: InsecureRequestWarning: Unverified HTTPS request is being made to host 'randomuser.me'. Adding certificate verification is strongly advised. See: https://urllib3.readthedocs.io/en/latest/advanced-usage.html#tls-warnings
  warnings.warn(</msg>
<msg time="2024-04-22T06:18:50.764439" level="INFO">${response} = &lt;Response [200]&gt;</msg>
<var>${response}</var>
<arg>consultarAPI</arg>
<arg>/api</arg>
<doc>Sends a GET request on a previously created HTTP Session.</doc>
<status status="PASS" start="2024-04-22T06:18:50.673368" elapsed="0.091121"/>
</kw>
<kw name="Set Variable" owner="BuiltIn">
<msg time="2024-04-22T06:18:50.765426" level="INFO">${json_data} = {'results': [{'gender': 'female', 'name': {'title': 'Miss', 'first': 'Frida', 'last': 'Moraes'}, 'location': {'street': {'number': 3279, 'name': 'Rua Sete de Setembro '}, 'city': 'Itabuna', 'state': '...</msg>
<var>${json_data}</var>
<arg>${response.json()}</arg>
<doc>Returns the given values which can then be assigned to a variables.</doc>
<status status="PASS" start="2024-04-22T06:18:50.764936" elapsed="0.000520"/>
</kw>
<kw name="Log" owner="BuiltIn">
<msg time="2024-04-22T06:18:50.765944" level="INFO">{'results': [{'gender': 'female', 'name': {'title': 'Miss', 'first': 'Frida', 'last': 'Moraes'}, 'location': {'street': {'number': 3279, 'name': 'Rua Sete de Setembro '}, 'city': 'Itabuna', 'state': 'Santa Catarina', 'country': 'Brazil', 'postcode': 35352, 'coordinates': {'latitude': '-73.4887', 'longitude': '141.5728'}, 'timezone': {'offset': '-3:00', 'description': 'Brazil, Buenos Aires, Georgetown'}}, 'email': 'frida.moraes@example.com', 'login': {'uuid': '59255b6d-4b0c-4089-9ee5-d14c5470877f', 'username': 'greenswan171', 'password': 'torpedo', 'salt': 'SbVaFJJ4', 'md5': '6e7772a1190159e8a7a5b9d9aac03161', 'sha1': '5c0d3bfe566f5c7a3e1cd656b45cba9dbf8dcc91', 'sha256': 'be7054418db9dc343ab35b5f272952b6ec110070fbc51e5014e5d9c1b77992e1'}, 'dob': {'date': '1958-11-29T21:30:15.896Z', 'age': 65}, 'registered': {'date': '2017-09-11T18:29:41.389Z', 'age': 6}, 'phone': '(24) 0544-9484', 'cell': '(05) 6152-7186', 'id': {'name': 'CPF', 'value': '142.861.116-77'}, 'picture': {'large': 'https://randomuser.me/api/portraits/women/33.jpg', 'medium': 'https://randomuser.me/api/portraits/med/women/33.jpg', 'thumbnail': 'https://randomuser.me/api/portraits/thumb/women/33.jpg'}, 'nat': 'BR'}], 'info': {'seed': '19e8c1b7bda11925', 'results': 1, 'page': 1, 'version': '1.4'}}</msg>
<arg>${json_data}</arg>
<doc>Logs the given message with the given level.</doc>
<status status="PASS" start="2024-04-22T06:18:50.765781" elapsed="0.000213"/>
</kw>
<kw name="Dictionary Should Contain Key" owner="Collections">
<msg time="2024-04-22T06:18:50.766472" level="INFO">False</msg>
<arg>${json_data}</arg>
<arg>results</arg>
<doc>Fails if ``key`` is not found from ``dictionary``.</doc>
<status status="PASS" start="2024-04-22T06:18:50.766312" elapsed="0.000202"/>
</kw>
<kw name="Should Not Be Empty" owner="BuiltIn">
<msg time="2024-04-22T06:18:50.766952" level="INFO">Length is 2.</msg>
<arg>${json_data}</arg>
<doc>Verifies that the given item is not empty.</doc>
<status status="PASS" start="2024-04-22T06:18:50.766817" elapsed="0.000180"/>
</kw>
<kw name="Create List" owner="BuiltIn">
<msg time="2024-04-22T06:18:50.767597" level="INFO">${expected_keys} = ['gender', 'name', 'location', 'email', 'login']</msg>
<var>${expected_keys}</var>
<arg>gender</arg>
<arg>name</arg>
<arg>location</arg>
<arg>email</arg>
<arg>login</arg>
<doc>Returns a list containing given items.</doc>
<status status="PASS" start="2024-04-22T06:18:50.767296" elapsed="0.000327"/>
</kw>
<for flavor="IN">
<iter>
<kw name="Dictionary Should Contain Key" owner="Collections">
<msg time="2024-04-22T06:18:50.768648" level="INFO">False</msg>
<arg>${json_data['results'][0]}</arg>
<arg>${key}</arg>
<doc>Fails if ``key`` is not found from ``dictionary``.</doc>
<status status="PASS" start="2024-04-22T06:18:50.768246" elapsed="0.000442"/>
</kw>
<kw name="Log" owner="BuiltIn">
<msg time="2024-04-22T06:18:50.769384" level="INFO">{'gender': 'female', 'name': {'title': 'Miss', 'first': 'Frida', 'last': 'Moraes'}, 'location': {'street': {'number': 3279, 'name': 'Rua Sete de Setembro '}, 'city': 'Itabuna', 'state': 'Santa Catarina', 'country': 'Brazil', 'postcode': 35352, 'coordinates': {'latitude': '-73.4887', 'longitude': '141.5728'}, 'timezone': {'offset': '-3:00', 'description': 'Brazil, Buenos Aires, Georgetown'}}, 'email': 'frida.moraes@example.com', 'login': {'uuid': '59255b6d-4b0c-4089-9ee5-d14c5470877f', 'username': 'greenswan171', 'password': 'torpedo', 'salt': 'SbVaFJJ4', 'md5': '6e7772a1190159e8a7a5b9d9aac03161', 'sha1': '5c0d3bfe566f5c7a3e1cd656b45cba9dbf8dcc91', 'sha256': 'be7054418db9dc343ab35b5f272952b6ec110070fbc51e5014e5d9c1b77992e1'}, 'dob': {'date': '1958-11-29T21:30:15.896Z', 'age': 65}, 'registered': {'date': '2017-09-11T18:29:41.389Z', 'age': 6}, 'phone': '(24) 0544-9484', 'cell': '(05) 6152-7186', 'id': {'name': 'CPF', 'value': '142.861.116-77'}, 'picture': {'large': 'https://randomuser.me/api/portraits/women/33.jpg', 'medium': 'https://randomuser.me/api/portraits/med/women/33.jpg', 'thumbnail': 'https://randomuser.me/api/portraits/thumb/women/33.jpg'}, 'nat': 'BR'}</msg>
<arg>${json_data['results'][0]}</arg>
<doc>Logs the given message with the given level.</doc>
<status status="PASS" start="2024-04-22T06:18:50.768999" elapsed="0.000446"/>
</kw>
<kw name="Log" owner="BuiltIn">
<msg time="2024-04-22T06:18:50.769875" level="INFO">gender</msg>
<arg>${key}</arg>
<doc>Logs the given message with the given level.</doc>
<status status="PASS" start="2024-04-22T06:18:50.769747" elapsed="0.000165"/>
</kw>
<var name="${key}">gender</var>
<status status="PASS" start="2024-04-22T06:18:50.768115" elapsed="0.002023"/>
</iter>
<iter>
<kw name="Dictionary Should Contain Key" owner="Collections">
<msg time="2024-04-22T06:18:50.770841" level="INFO">False</msg>
<arg>${json_data['results'][0]}</arg>
<arg>${key}</arg>
<doc>Fails if ``key`` is not found from ``dictionary``.</doc>
<status status="PASS" start="2024-04-22T06:18:50.770446" elapsed="0.000434"/>
</kw>
<kw name="Log" owner="BuiltIn">
<msg time="2024-04-22T06:18:50.771593" level="INFO">{'gender': 'female', 'name': {'title': 'Miss', 'first': 'Frida', 'last': 'Moraes'}, 'location': {'street': {'number': 3279, 'name': 'Rua Sete de Setembro '}, 'city': 'Itabuna', 'state': 'Santa Catarina', 'country': 'Brazil', 'postcode': 35352, 'coordinates': {'latitude': '-73.4887', 'longitude': '141.5728'}, 'timezone': {'offset': '-3:00', 'description': 'Brazil, Buenos Aires, Georgetown'}}, 'email': 'frida.moraes@example.com', 'login': {'uuid': '59255b6d-4b0c-4089-9ee5-d14c5470877f', 'username': 'greenswan171', 'password': 'torpedo', 'salt': 'SbVaFJJ4', 'md5': '6e7772a1190159e8a7a5b9d9aac03161', 'sha1': '5c0d3bfe566f5c7a3e1cd656b45cba9dbf8dcc91', 'sha256': 'be7054418db9dc343ab35b5f272952b6ec110070fbc51e5014e5d9c1b77992e1'}, 'dob': {'date': '1958-11-29T21:30:15.896Z', 'age': 65}, 'registered': {'date': '2017-09-11T18:29:41.389Z', 'age': 6}, 'phone': '(24) 0544-9484', 'cell': '(05) 6152-7186', 'id': {'name': 'CPF', 'value': '142.861.116-77'}, 'picture': {'large': 'https://randomuser.me/api/portraits/women/33.jpg', 'medium': 'https://randomuser.me/api/portraits/med/women/33.jpg', 'thumbnail': 'https://randomuser.me/api/portraits/thumb/women/33.jpg'}, 'nat': 'BR'}</msg>
<arg>${json_data['results'][0]}</arg>
<doc>Logs the given message with the given level.</doc>
<status status="PASS" start="2024-04-22T06:18:50.771206" elapsed="0.000438"/>
</kw>
<kw name="Log" owner="BuiltIn">
<msg time="2024-04-22T06:18:50.772111" level="INFO">name</msg>
<arg>${key}</arg>
<doc>Logs the given message with the given level.</doc>
<status status="PASS" start="2024-04-22T06:18:50.771948" elapsed="0.000203"/>
</kw>
<var name="${key}">name</var>
<status status="PASS" start="2024-04-22T06:18:50.770330" elapsed="0.002039"/>
</iter>
<iter>
<kw name="Dictionary Should Contain Key" owner="Collections">
<msg time="2024-04-22T06:18:50.773064" level="INFO">False</msg>
<arg>${json_data['results'][0]}</arg>
<arg>${key}</arg>
<doc>Fails if ``key`` is not found from ``dictionary``.</doc>
<status status="PASS" start="2024-04-22T06:18:50.772673" elapsed="0.000429"/>
</kw>
<kw name="Log" owner="BuiltIn">
<msg time="2024-04-22T06:18:50.773772" level="INFO">{'gender': 'female', 'name': {'title': 'Miss', 'first': 'Frida', 'last': 'Moraes'}, 'location': {'street': {'number': 3279, 'name': 'Rua Sete de Setembro '}, 'city': 'Itabuna', 'state': 'Santa Catarina', 'country': 'Brazil', 'postcode': 35352, 'coordinates': {'latitude': '-73.4887', 'longitude': '141.5728'}, 'timezone': {'offset': '-3:00', 'description': 'Brazil, Buenos Aires, Georgetown'}}, 'email': 'frida.moraes@example.com', 'login': {'uuid': '59255b6d-4b0c-4089-9ee5-d14c5470877f', 'username': 'greenswan171', 'password': 'torpedo', 'salt': 'SbVaFJJ4', 'md5': '6e7772a1190159e8a7a5b9d9aac03161', 'sha1': '5c0d3bfe566f5c7a3e1cd656b45cba9dbf8dcc91', 'sha256': 'be7054418db9dc343ab35b5f272952b6ec110070fbc51e5014e5d9c1b77992e1'}, 'dob': {'date': '1958-11-29T21:30:15.896Z', 'age': 65}, 'registered': {'date': '2017-09-11T18:29:41.389Z', 'age': 6}, 'phone': '(24) 0544-9484', 'cell': '(05) 6152-7186', 'id': {'name': 'CPF', 'value': '142.861.116-77'}, 'picture': {'large': 'https://randomuser.me/api/portraits/women/33.jpg', 'medium': 'https://randomuser.me/api/portraits/med/women/33.jpg', 'thumbnail': 'https://randomuser.me/api/portraits/thumb/women/33.jpg'}, 'nat': 'BR'}</msg>
<arg>${json_data['results'][0]}</arg>
<doc>Logs the given message with the given level.</doc>
<status status="PASS" start="2024-04-22T06:18:50.773405" elapsed="0.000417"/>
</kw>
<kw name="Log" owner="BuiltIn">
<msg time="2024-04-22T06:18:50.774256" level="INFO">location</msg>
<arg>${key}</arg>
<doc>Logs the given message with the given level.</doc>
<status status="PASS" start="2024-04-22T06:18:50.774120" elapsed="0.000188"/>
</kw>
<var name="${key}">location</var>
<status status="PASS" start="2024-04-22T06:18:50.772550" elapsed="0.001978"/>
</iter>
<iter>
<kw name="Dictionary Should Contain Key" owner="Collections">
<msg time="2024-04-22T06:18:50.775217" level="INFO">False</msg>
<arg>${json_data['results'][0]}</arg>
<arg>${key}</arg>
<doc>Fails if ``key`` is not found from ``dictionary``.</doc>
<status status="PASS" start="2024-04-22T06:18:50.774830" elapsed="0.000426"/>
</kw>
<kw name="Log" owner="BuiltIn">
<msg time="2024-04-22T06:18:50.775919" level="INFO">{'gender': 'female', 'name': {'title': 'Miss', 'first': 'Frida', 'last': 'Moraes'}, 'location': {'street': {'number': 3279, 'name': 'Rua Sete de Setembro '}, 'city': 'Itabuna', 'state': 'Santa Catarina', 'country': 'Brazil', 'postcode': 35352, 'coordinates': {'latitude': '-73.4887', 'longitude': '141.5728'}, 'timezone': {'offset': '-3:00', 'description': 'Brazil, Buenos Aires, Georgetown'}}, 'email': 'frida.moraes@example.com', 'login': {'uuid': '59255b6d-4b0c-4089-9ee5-d14c5470877f', 'username': 'greenswan171', 'password': 'torpedo', 'salt': 'SbVaFJJ4', 'md5': '6e7772a1190159e8a7a5b9d9aac03161', 'sha1': '5c0d3bfe566f5c7a3e1cd656b45cba9dbf8dcc91', 'sha256': 'be7054418db9dc343ab35b5f272952b6ec110070fbc51e5014e5d9c1b77992e1'}, 'dob': {'date': '1958-11-29T21:30:15.896Z', 'age': 65}, 'registered': {'date': '2017-09-11T18:29:41.389Z', 'age': 6}, 'phone': '(24) 0544-9484', 'cell': '(05) 6152-7186', 'id': {'name': 'CPF', 'value': '142.861.116-77'}, 'picture': {'large': 'https://randomuser.me/api/portraits/women/33.jpg', 'medium': 'https://randomuser.me/api/portraits/med/women/33.jpg', 'thumbnail': 'https://randomuser.me/api/portraits/thumb/women/33.jpg'}, 'nat': 'BR'}</msg>
<arg>${json_data['results'][0]}</arg>
<doc>Logs the given message with the given level.</doc>
<status status="PASS" start="2024-04-22T06:18:50.775559" elapsed="0.000428"/>
</kw>
<kw name="Log" owner="BuiltIn">
<msg time="2024-04-22T06:18:50.776439" level="INFO">email</msg>
<arg>${key}</arg>
<doc>Logs the given message with the given level.</doc>
<status status="PASS" start="2024-04-22T06:18:50.776303" elapsed="0.000176"/>
</kw>
<var name="${key}">email</var>
<status status="PASS" start="2024-04-22T06:18:50.774710" elapsed="0.001990"/>
</iter>
<iter>
<kw name="Dictionary Should Contain Key" owner="Collections">
<msg time="2024-04-22T06:18:50.777384" level="INFO">False</msg>
<arg>${json_data['results'][0]}</arg>
<arg>${key}</arg>
<doc>Fails if ``key`` is not found from ``dictionary``.</doc>
<status status="PASS" start="2024-04-22T06:18:50.776995" elapsed="0.000428"/>
</kw>
<kw name="Log" owner="BuiltIn">
<msg time="2024-04-22T06:18:50.778085" level="INFO">{'gender': 'female', 'name': {'title': 'Miss', 'first': 'Frida', 'last': 'Moraes'}, 'location': {'street': {'number': 3279, 'name': 'Rua Sete de Setembro '}, 'city': 'Itabuna', 'state': 'Santa Catarina', 'country': 'Brazil', 'postcode': 35352, 'coordinates': {'latitude': '-73.4887', 'longitude': '141.5728'}, 'timezone': {'offset': '-3:00', 'description': 'Brazil, Buenos Aires, Georgetown'}}, 'email': 'frida.moraes@example.com', 'login': {'uuid': '59255b6d-4b0c-4089-9ee5-d14c5470877f', 'username': 'greenswan171', 'password': 'torpedo', 'salt': 'SbVaFJJ4', 'md5': '6e7772a1190159e8a7a5b9d9aac03161', 'sha1': '5c0d3bfe566f5c7a3e1cd656b45cba9dbf8dcc91', 'sha256': 'be7054418db9dc343ab35b5f272952b6ec110070fbc51e5014e5d9c1b77992e1'}, 'dob': {'date': '1958-11-29T21:30:15.896Z', 'age': 65}, 'registered': {'date': '2017-09-11T18:29:41.389Z', 'age': 6}, 'phone': '(24) 0544-9484', 'cell': '(05) 6152-7186', 'id': {'name': 'CPF', 'value': '142.861.116-77'}, 'picture': {'large': 'https://randomuser.me/api/portraits/women/33.jpg', 'medium': 'https://randomuser.me/api/portraits/med/women/33.jpg', 'thumbnail': 'https://randomuser.me/api/portraits/thumb/women/33.jpg'}, 'nat': 'BR'}</msg>
<arg>${json_data['results'][0]}</arg>
<doc>Logs the given message with the given level.</doc>
<status status="PASS" start="2024-04-22T06:18:50.777721" elapsed="0.000413"/>
</kw>
<kw name="Log" owner="BuiltIn">
<msg time="2024-04-22T06:18:50.778566" level="INFO">login</msg>
<arg>${key}</arg>
<doc>Logs the given message with the given level.</doc>
<status status="PASS" start="2024-04-22T06:18:50.778438" elapsed="0.000198"/>
</kw>
<var name="${key}">login</var>
<status status="PASS" start="2024-04-22T06:18:50.776877" elapsed="0.001981"/>
</iter>
<var>${key}</var>
<value>@{expected_keys}</value>
<status status="PASS" start="2024-04-22T06:18:50.767896" elapsed="0.011085"/>
</for>
<kw name="Create List" owner="BuiltIn">
<msg time="2024-04-22T06:18:50.779331" level="INFO">${expected_keysTwo} = ['username', 'password']</msg>
<var>${expected_keysTwo}</var>
<arg>username</arg>
<arg>password</arg>
<doc>Returns a list containing given items.</doc>
<status status="PASS" start="2024-04-22T06:18:50.779187" elapsed="0.000169"/>
</kw>
<for flavor="IN">
<iter>
<kw name="Dictionary Should Contain Key" owner="Collections">
<msg time="2024-04-22T06:18:50.780292" level="INFO">False</msg>
<arg>${json_data['results'][0]['login']}</arg>
<arg>${keyTwo}</arg>
<doc>Fails if ``key`` is not found from ``dictionary``.</doc>
<status status="PASS" start="2024-04-22T06:18:50.779867" elapsed="0.000465"/>
</kw>
<kw name="Dictionary Should Contain Key" owner="Collections">
<msg time="2024-04-22T06:18:50.781015" level="INFO">False</msg>
<arg>${json_data['results'][0]['login']}</arg>
<arg>${keyTwo}</arg>
<doc>Fails if ``key`` is not found from ``dictionary``.</doc>
<status status="PASS" start="2024-04-22T06:18:50.780634" elapsed="0.000419"/>
</kw>
<kw name="Log" owner="BuiltIn">
<msg time="2024-04-22T06:18:50.781476" level="INFO">username</msg>
<arg>${keyTwo}</arg>
<doc>Logs the given message with the given level.</doc>
<status status="PASS" start="2024-04-22T06:18:50.781347" elapsed="0.000172"/>
</kw>
<var name="${keyTwo}">username</var>
<status status="PASS" start="2024-04-22T06:18:50.779755" elapsed="0.001982"/>
</iter>
<iter>
<kw name="Dictionary Should Contain Key" owner="Collections">
<msg time="2024-04-22T06:18:50.782409" level="INFO">False</msg>
<arg>${json_data['results'][0]['login']}</arg>
<arg>${keyTwo}</arg>
<doc>Fails if ``key`` is not found from ``dictionary``.</doc>
<status status="PASS" start="2024-04-22T06:18:50.782023" elapsed="0.000430"/>
</kw>
<kw name="Dictionary Should Contain Key" owner="Collections">
<msg time="2024-04-22T06:18:50.783224" level="INFO">False</msg>
<arg>${json_data['results'][0]['login']}</arg>
<arg>${keyTwo}</arg>
<doc>Fails if ``key`` is not found from ``dictionary``.</doc>
<status status="PASS" start="2024-04-22T06:18:50.782750" elapsed="0.000514"/>
</kw>
<kw name="Log" owner="BuiltIn">
<msg time="2024-04-22T06:18:50.783689" level="INFO">password</msg>
<arg>${keyTwo}</arg>
<doc>Logs the given message with the given level.</doc>
<status status="PASS" start="2024-04-22T06:18:50.783561" elapsed="0.000167"/>
</kw>
<var name="${keyTwo}">password</var>
<status status="PASS" start="2024-04-22T06:18:50.781911" elapsed="0.002035"/>
</iter>
<var>${keyTwo}</var>
<value>@{expected_keysTwo}</value>
<status status="PASS" start="2024-04-22T06:18:50.779600" elapsed="0.004494"/>
</for>
<status status="PASS" start="2024-04-22T06:18:50.673125" elapsed="0.111131"/>
</kw>
<doc>Testa a estrutura da resposta da API.</doc>
<tag>testeEstruturaResposta</tag>
<status status="PASS" start="2024-04-22T06:18:50.672494" elapsed="0.111921"/>
</test>
<test id="s1-s1-t4" name="Validar tipos de dados" line="28">
<kw name="Teste de Tipos de Dados" owner="random-user-service">
<kw name="GET On Session" owner="RequestsLibrary">
<msg time="2024-04-22T06:18:50.877357" level="INFO">GET Request : url=https://randomuser.me/api 
 path_url=/api 
 headers={'User-Agent': 'python-requests/2.31.0', 'Accept-Encoding': 'gzip, deflate', 'Accept': '*/*', 'Connection': 'keep-alive'} 
 body=None 
 </msg>
<msg time="2024-04-22T06:18:50.877461" level="INFO">GET Response : url=https://randomuser.me/api 
 status=200, reason=OK 
 headers={'Date': 'Mon, 22 Apr 2024 06:18:50 GMT', 'Content-Type': 'application/json; charset=utf-8', 'Transfer-Encoding': 'chunked', 'Connection': 'keep-alive', 'X-Powered-By': 'Express', 'Access-Control-Allow-Origin': '*', 'Cache-Control': 'no-cache', 'ETag': 'W/"487-Lg/mBwdzG3rp3gdLX9b1+hph4+c"', 'Vary': 'Accept-Encoding', 'Content-Encoding': 'gzip', 'CF-Cache-Status': 'DYNAMIC', 'Report-To': '{"endpoints":[{"url":"https:\\/\\/a.nel.cloudflare.com\\/report\\/v4?s=8UoLcvyQm8EzmNUZhdIBdWINb8SCUS9CeJlL0p0fOVGMiFmmEXdX6uZoRAAeGZMcLpT%2Faoq7aGfurOI5aZvwKZ7WhQ07ARk4lgVx36k4IsqDL05fIKDbsfIKJMFD%2BhLQ"}],"group":"cf-nel","max_age":604800}', 'NEL': '{"success_fraction":0,"report_to":"cf-nel","max_age":604800}', 'Server': 'cloudflare', 'CF-RAY': '87837fb36a9e29fd-ORD', 'alt-svc': 'h3=":443"; ma=86400'} 
 body={"results":[{"gender":"female","name":{"title":"Miss","first":"Priscilla","last":"Brown"},"location":{"street":{"number":7158,"name":"Blossom Hill Rd"},"city":"Anna","state":"Washington","country":"United States","postcode":40765,"coordinates":{"latitude":"83.0371","longitude":"165.4082"},"timezone":{"offset":"-10:00","description":"Hawaii"}},"email":"priscilla.brown@example.com","login":{"uuid":"c121b00e-55d8-4f4d-9662-ee2cd5659c74","username":"bluetiger914","password":"gsxr750","salt":"v1H9r3Zz","md5":"60887f479b103576f5732c2f6fdb8d43","sha1":"ccc8430bac50e726e4c7e1b8a96657593e94db13","sha256":"3b981d258e7b5c050e3f9f8e5f2a9eed85bfd4d81ce41e604256dc9352a57c1f"},"dob":{"date":"1954-03-26T21:15:10.783Z","age":70},"registered":{"date":"2018-01-07T08:07:26.771Z","age":6},"phone":"(433) 674-2191","cell":"(396) 350-1441","id":{"name":"SSN","value":"701-05-0608"},"picture":{"large":"https://randomuser.me/api/portraits/women/81.jpg","medium":"https://randomuser.me/api/portraits/med/women/81.jpg","thumbnail":"https://randomuser.me/api/portraits/thumb/women/81.jpg"},"nat":"US"}],"info":{"seed":"5a5fb7ed6ccae453","results":1,"page":1,"version":"1.4"}} 
 </msg>
<msg time="2024-04-22T06:18:50.877544" level="INFO">/opt/hostedtoolcache/Python/3.12.3/x64/lib/python3.12/site-packages/urllib3/connectionpool.py:1103: InsecureRequestWarning: Unverified HTTPS request is being made to host 'randomuser.me'. Adding certificate verification is strongly advised. See: https://urllib3.readthedocs.io/en/latest/advanced-usage.html#tls-warnings
  warnings.warn(</msg>
<msg time="2024-04-22T06:18:50.877665" level="INFO">${response} = &lt;Response [200]&gt;</msg>
<var>${response}</var>
<arg>consultarAPI</arg>
<arg>/api</arg>
<doc>Sends a GET request on a previously created HTTP Session.</doc>
<status status="PASS" start="2024-04-22T06:18:50.786920" elapsed="0.090785"/>
</kw>
<kw name="Set Variable" owner="BuiltIn">
<msg time="2024-04-22T06:18:50.878681" level="INFO">${json_data} = {'results': [{'gender': 'female', 'name': {'title': 'Miss', 'first': 'Priscilla', 'last': 'Brown'}, 'location': {'street': {'number': 7158, 'name': 'Blossom Hill Rd'}, 'city': 'Anna', 'state': 'Washin...</msg>
<var>${json_data}</var>
<arg>${response.json()}</arg>
<doc>Returns the given values which can then be assigned to a variables.</doc>
<status status="PASS" start="2024-04-22T06:18:50.878169" elapsed="0.000541"/>
</kw>
<kw name="Log" owner="BuiltIn">
<msg time="2024-04-22T06:18:50.879204" level="INFO">{'results': [{'gender': 'female', 'name': {'title': 'Miss', 'first': 'Priscilla', 'last': 'Brown'}, 'location': {'street': {'number': 7158, 'name': 'Blossom Hill Rd'}, 'city': 'Anna', 'state': 'Washington', 'country': 'United States', 'postcode': 40765, 'coordinates': {'latitude': '83.0371', 'longitude': '165.4082'}, 'timezone': {'offset': '-10:00', 'description': 'Hawaii'}}, 'email': 'priscilla.brown@example.com', 'login': {'uuid': 'c121b00e-55d8-4f4d-9662-ee2cd5659c74', 'username': 'bluetiger914', 'password': 'gsxr750', 'salt': 'v1H9r3Zz', 'md5': '60887f479b103576f5732c2f6fdb8d43', 'sha1': 'ccc8430bac50e726e4c7e1b8a96657593e94db13', 'sha256': '3b981d258e7b5c050e3f9f8e5f2a9eed85bfd4d81ce41e604256dc9352a57c1f'}, 'dob': {'date': '1954-03-26T21:15:10.783Z', 'age': 70}, 'registered': {'date': '2018-01-07T08:07:26.771Z', 'age': 6}, 'phone': '(433) 674-2191', 'cell': '(396) 350-1441', 'id': {'name': 'SSN', 'value': '701-05-0608'}, 'picture': {'large': 'https://randomuser.me/api/portraits/women/81.jpg', 'medium': 'https://randomuser.me/api/portraits/med/women/81.jpg', 'thumbnail': 'https://randomuser.me/api/portraits/thumb/women/81.jpg'}, 'nat': 'US'}], 'info': {'seed': '5a5fb7ed6ccae453', 'results': 1, 'page': 1, 'version': '1.4'}}</msg>
<arg>${json_data}</arg>
<doc>Logs the given message with the given level.</doc>
<status status="PASS" start="2024-04-22T06:18:50.879044" elapsed="0.000245"/>
</kw>
<kw name="Should Be String" owner="String">
<arg>${json_data['results'][0]['gender']}</arg>
<doc>Fails if the given ``item`` is not a string.</doc>
<status status="PASS" start="2024-04-22T06:18:50.879599" elapsed="0.000404"/>
</kw>
<kw name="Should Match Regexp" owner="BuiltIn">
<arg>${json_data['results'][0]['email']}</arg>
<arg>^[a-zA-Z0-9._%+-]+@[a-zA-Z0-9.-]+\.[a-zA-Z]{2,}$</arg>
<doc>Fails if ``string`` does not match ``pattern`` as a regular expression.</doc>
<status status="PASS" start="2024-04-22T06:18:50.880214" elapsed="0.000528"/>
</kw>
<kw name="Should Match Regexp" owner="BuiltIn">
<arg>${json_data['results'][0]['dob']['date']}</arg>
<arg>\\d{4}-\\d{2}-\\d{2}T\\d{2}:\\d{2}:\\d{2}\\.\\d{3}Z</arg>
<doc>Fails if ``string`` does not match ``pattern`` as a regular expression.</doc>
<status status="PASS" start="2024-04-22T06:18:50.880942" elapsed="0.000495"/>
</kw>
<kw name="Should Match Regexp" owner="BuiltIn">
<arg>${json_data['results'][0]['registered']['date']}</arg>
<arg>\\d{4}-\\d{2}-\\d{2}T\\d{2}:\\d{2}:\\d{2}\\.\\d{3}Z</arg>
<doc>Fails if ``string`` does not match ``pattern`` as a regular expression.</doc>
<status status="PASS" start="2024-04-22T06:18:50.881630" elapsed="0.000372"/>
</kw>
<kw name="Should Match Regexp" owner="BuiltIn">
<arg>${json_data['results'][0]['picture']['large']}</arg>
<arg>^https?://.*\.(?:png|jpe?g|gif|bmp)$</arg>
<doc>Fails if ``string`` does not match ``pattern`` as a regular expression.</doc>
<status status="PASS" start="2024-04-22T06:18:50.882190" elapsed="0.000461"/>
</kw>
<kw name="Should Match Regexp" owner="BuiltIn">
<arg>${json_data['results'][0]['picture']['medium']}</arg>
<arg>^https?://.*\.(?:png|jpe?g|gif|bmp)$</arg>
<doc>Fails if ``string`` does not match ``pattern`` as a regular expression.</doc>
<status status="PASS" start="2024-04-22T06:18:50.882845" elapsed="0.000375"/>
</kw>
<kw name="Should Match Regexp" owner="BuiltIn">
<arg>${json_data['results'][0]['picture']['thumbnail']}</arg>
<arg>^https?://.*\.(?:png|jpe?g|gif|bmp)$</arg>
<doc>Fails if ``string`` does not match ``pattern`` as a regular expression.</doc>
<status status="PASS" start="2024-04-22T06:18:50.883411" elapsed="0.000355"/>
</kw>
<kw name="Log" owner="BuiltIn">
<msg time="2024-04-22T06:18:50.884306" level="INFO">{'large': 'https://randomuser.me/api/portraits/women/81.jpg', 'medium': 'https://randomuser.me/api/portraits/med/women/81.jpg', 'thumbnail': 'https://randomuser.me/api/portraits/thumb/women/81.jpg'}</msg>
<arg>${json_data['results'][0]['picture']}</arg>
<doc>Logs the given message with the given level.</doc>
<status status="PASS" start="2024-04-22T06:18:50.883946" elapsed="0.000403"/>
</kw>
<status status="PASS" start="2024-04-22T06:18:50.786684" elapsed="0.097927"/>
</kw>
<kw name="Teste de Tipos de Dados - Postcode" owner="random-user-service">
<kw name="GET On Session" owner="RequestsLibrary">
<msg time="2024-04-22T06:18:50.968914" level="INFO">GET Request : url=https://randomuser.me/api 
 path_url=/api 
 headers={'User-Agent': 'python-requests/2.31.0', 'Accept-Encoding': 'gzip, deflate', 'Accept': '*/*', 'Connection': 'keep-alive'} 
 body=None 
 </msg>
<msg time="2024-04-22T06:18:50.969015" level="INFO">GET Response : url=https://randomuser.me/api 
 status=200, reason=OK 
 headers={'Date': 'Mon, 22 Apr 2024 06:18:50 GMT', 'Content-Type': 'application/json; charset=utf-8', 'Transfer-Encoding': 'chunked', 'Connection': 'keep-alive', 'X-Powered-By': 'Express', 'Access-Control-Allow-Origin': '*', 'Cache-Control': 'no-cache', 'ETag': 'W/"487-+0hkne6VwkiiGntT5AML6C2ojAI"', 'Vary': 'Accept-Encoding', 'Content-Encoding': 'gzip', 'CF-Cache-Status': 'DYNAMIC', 'Report-To': '{"endpoints":[{"url":"https:\\/\\/a.nel.cloudflare.com\\/report\\/v4?s=jAg2%2FzU%2FuuC4HdKGP3pVQd8dfITEH26KaK2VZNqIgB12brfNG9AHv8i%2BMbycr9ZAf0mrQb%2Fv1cT7%2B8zaNgfsHUFoaR962XlGdtPRExePe03jdsCvm9S42ffu%2BOw12JPP"}],"group":"cf-nel","max_age":604800}', 'NEL': '{"success_fraction":0,"report_to":"cf-nel","max_age":604800}', 'Server': 'cloudflare', 'CF-RAY': '87837fb40afa29fd-ORD', 'alt-svc': 'h3=":443"; ma=86400'} 
 body={"results":[{"gender":"female","name":{"title":"Miss","first":"Iva","last":"Golubović"},"location":{"street":{"number":4299,"name":"Porodice Stojić"},"city":"Raška","state":"Jablanica","country":"Serbia","postcode":71514,"coordinates":{"latitude":"63.6031","longitude":"155.6611"},"timezone":{"offset":"-12:00","description":"Eniwetok, Kwajalein"}},"email":"iva.golubovic@example.com","login":{"uuid":"42406bb1-aa1b-4660-88e6-ec89a7d90ab3","username":"happyswan781","password":"threesom","salt":"NgTyAcaI","md5":"b6746659fb9ce8a3f167a31ec362123c","sha1":"20e984f0355cfd672debd900f9553151def184fb","sha256":"52ac2d0c928dddd684a773939aace736e298df505c15146b4f172ee2be476efa"},"dob":{"date":"1974-08-02T09:19:12.634Z","age":49},"registered":{"date":"2014-09-05T01:22:35.859Z","age":9},"phone":"028-5067-236","cell":"061-1165-711","id":{"name":"SID","value":"556300767"},"picture":{"large":"https://randomuser.me/api/portraits/women/66.jpg","medium":"https://randomuser.me/api/portraits/med/women/66.jpg","thumbnail":"https://randomuser.me/api/portraits/thumb/women/66.jpg"},"nat":"RS"}],"info":{"seed":"c03daab8353b6a6f","results":1,"page":1,"version":"1.4"}} 
 </msg>
<msg time="2024-04-22T06:18:50.969092" level="INFO">/opt/hostedtoolcache/Python/3.12.3/x64/lib/python3.12/site-packages/urllib3/connectionpool.py:1103: InsecureRequestWarning: Unverified HTTPS request is being made to host 'randomuser.me'. Adding certificate verification is strongly advised. See: https://urllib3.readthedocs.io/en/latest/advanced-usage.html#tls-warnings
  warnings.warn(</msg>
<msg time="2024-04-22T06:18:50.969232" level="INFO">${response} = &lt;Response [200]&gt;</msg>
<var>${response}</var>
<arg>consultarAPI</arg>
<arg>/api</arg>
<doc>Sends a GET request on a previously created HTTP Session.</doc>
<status status="PASS" start="2024-04-22T06:18:50.885080" elapsed="0.084190"/>
</kw>
<kw name="Set Variable" owner="BuiltIn">
<msg time="2024-04-22T06:18:50.970328" level="INFO">${json_data} = {'results': [{'gender': 'female', 'name': {'title': 'Miss', 'first': 'Iva', 'last': 'Golubović'}, 'location': {'street': {'number': 4299, 'name': 'Porodice Stojić'}, 'city': 'Raška', 'state': 'Jablani...</msg>
<var>${json_data}</var>
<arg>${response.json()}</arg>
<doc>Returns the given values which can then be assigned to a variables.</doc>
<status status="PASS" start="2024-04-22T06:18:50.969787" elapsed="0.000572"/>
</kw>
<kw name="Log" owner="BuiltIn">
<msg time="2024-04-22T06:18:50.970883" level="INFO">{'results': [{'gender': 'female', 'name': {'title': 'Miss', 'first': 'Iva', 'last': 'Golubović'}, 'location': {'street': {'number': 4299, 'name': 'Porodice Stojić'}, 'city': 'Raška', 'state': 'Jablanica', 'country': 'Serbia', 'postcode': 71514, 'coordinates': {'latitude': '63.6031', 'longitude': '155.6611'}, 'timezone': {'offset': '-12:00', 'description': 'Eniwetok, Kwajalein'}}, 'email': 'iva.golubovic@example.com', 'login': {'uuid': '42406bb1-aa1b-4660-88e6-ec89a7d90ab3', 'username': 'happyswan781', 'password': 'threesom', 'salt': 'NgTyAcaI', 'md5': 'b6746659fb9ce8a3f167a31ec362123c', 'sha1': '20e984f0355cfd672debd900f9553151def184fb', 'sha256': '52ac2d0c928dddd684a773939aace736e298df505c15146b4f172ee2be476efa'}, 'dob': {'date': '1974-08-02T09:19:12.634Z', 'age': 49}, 'registered': {'date': '2014-09-05T01:22:35.859Z', 'age': 9}, 'phone': '028-5067-236', 'cell': '061-1165-711', 'id': {'name': 'SID', 'value': '556300767'}, 'picture': {'large': 'https://randomuser.me/api/portraits/women/66.jpg', 'medium': 'https://randomuser.me/api/portraits/med/women/66.jpg', 'thumbnail': 'https://randomuser.me/api/portraits/thumb/women/66.jpg'}, 'nat': 'RS'}], 'info': {'seed': 'c03daab8353b6a6f', 'results': 1, 'page': 1, 'version': '1.4'}}</msg>
<arg>${json_data}</arg>
<doc>Logs the given message with the given level.</doc>
<status status="PASS" start="2024-04-22T06:18:50.970711" elapsed="0.000262"/>
</kw>
<kw name="Should Be Equal As Numbers" owner="BuiltIn">
<arg>${json_data['results'][0]['location']['postcode']}</arg>
<arg>${json_data['results'][0]['location']['postcode']}</arg>
<doc>Fails if objects are unequal after converting them to real numbers.</doc>
<status status="PASS" start="2024-04-22T06:18:50.971292" elapsed="0.000886"/>
</kw>
<kw name="Log" owner="BuiltIn">
<msg time="2024-04-22T06:18:50.972727" level="INFO">71514</msg>
<arg>${json_data['results'][0]['location']['postcode']}</arg>
<doc>Logs the given message with the given level.</doc>
<status status="PASS" start="2024-04-22T06:18:50.972382" elapsed="0.000386"/>
</kw>
<status status="PASS" start="2024-04-22T06:18:50.884840" elapsed="0.088193"/>
</kw>
<doc>Testa se os tipos de dados na resposta da API estão corretos.</doc>
<tag>testeTiposDados</tag>
<status status="PASS" start="2024-04-22T06:18:50.786220" elapsed="0.186984"/>
</test>
<test id="s1-s1-t5" name="Validar conteudo" line="35">
<kw name="Teste de Tipos de Conteudo" owner="random-user-service">
<kw name="GET On Session" owner="RequestsLibrary">
<msg time="2024-04-22T06:18:51.063540" level="INFO">GET Request : url=https://randomuser.me/api 
 path_url=/api 
 headers={'User-Agent': 'python-requests/2.31.0', 'Accept-Encoding': 'gzip, deflate', 'Accept': '*/*', 'Connection': 'keep-alive'} 
 body=None 
 </msg>
<msg time="2024-04-22T06:18:51.063628" level="INFO">GET Response : url=https://randomuser.me/api 
 status=200, reason=OK 
 headers={'Date': 'Mon, 22 Apr 2024 06:18:51 GMT', 'Content-Type': 'application/json; charset=utf-8', 'Transfer-Encoding': 'chunked', 'Connection': 'keep-alive', 'X-Powered-By': 'Express', 'Access-Control-Allow-Origin': '*', 'Cache-Control': 'no-cache', 'ETag': 'W/"486-0RLV4+DAjJS1OoidxWmest77pZ8"', 'Vary': 'Accept-Encoding', 'Content-Encoding': 'gzip', 'CF-Cache-Status': 'DYNAMIC', 'Report-To': '{"endpoints":[{"url":"https:\\/\\/a.nel.cloudflare.com\\/report\\/v4?s=mGDFo1dvEpjOZ287ePQxO6fXYNpIIrTOCXkDm%2FmRZljPNrdCp%2BhVUpT2Tg3m64TC3V%2FJHsrYiNe%2Fo19wh7pApCan8DXwvhACldPwa1749G2QRkm5CscnZ5Ey7aqyB6iB"}],"group":"cf-nel","max_age":604800}', 'NEL': '{"success_fraction":0,"report_to":"cf-nel","max_age":604800}', 'Server': 'cloudflare', 'CF-RAY': '87837fb49b4f29fd-ORD', 'alt-svc': 'h3=":443"; ma=86400'} 
 body={"results":[{"gender":"male","name":{"title":"Mr","first":"Erik","last":"Boge"},"location":{"street":{"number":411,"name":"Gransdalen"},"city":"Åsgårdstrand","state":"Møre og Romsdal","country":"Norway","postcode":"8384","coordinates":{"latitude":"41.4617","longitude":"-141.3974"},"timezone":{"offset":"+9:00","description":"Tokyo, Seoul, Osaka, Sapporo, Yakutsk"}},"email":"erik.boge@example.com","login":{"uuid":"41e04f60-8497-4fbd-b8e7-6cf4289f2ba6","username":"tinyladybug474","password":"loki","salt":"FrKC8TY9","md5":"85c37a0d9e950b804e676f90a62eec42","sha1":"31a965c1d2555a389de2484f66b35ca766be4747","sha256":"cfc23a52f48f193093e064fb41327a582b25440e79e125d9fb5d7a577420b218"},"dob":{"date":"1990-07-16T19:06:41.258Z","age":33},"registered":{"date":"2022-02-13T13:39:38.903Z","age":2},"phone":"25591764","cell":"97394263","id":{"name":"FN","value":"16079041924"},"picture":{"large":"https://randomuser.me/api/portraits/men/28.jpg","medium":"https://randomuser.me/api/portraits/med/men/28.jpg","thumbnail":"https://randomuser.me/api/portraits/thumb/men/28.jpg"},"nat":"NO"}],"info":{"seed":"66fc03241186121a","results":1,"page":1,"version":"1.4"}} 
 </msg>
<msg time="2024-04-22T06:18:51.063707" level="INFO">/opt/hostedtoolcache/Python/3.12.3/x64/lib/python3.12/site-packages/urllib3/connectionpool.py:1103: InsecureRequestWarning: Unverified HTTPS request is being made to host 'randomuser.me'. Adding certificate verification is strongly advised. See: https://urllib3.readthedocs.io/en/latest/advanced-usage.html#tls-warnings
  warnings.warn(</msg>
<msg time="2024-04-22T06:18:51.063833" level="INFO">${response} = &lt;Response [200]&gt;</msg>
<var>${response}</var>
<arg>consultarAPI</arg>
<arg>/api</arg>
<doc>Sends a GET request on a previously created HTTP Session.</doc>
<status status="PASS" start="2024-04-22T06:18:50.975679" elapsed="0.088207"/>
</kw>
<kw name="Set Variable" owner="BuiltIn">
<msg time="2024-04-22T06:18:51.064759" level="INFO">${json_data} = {'results': [{'gender': 'male', 'name': {'title': 'Mr', 'first': 'Erik', 'last': 'Boge'}, 'location': {'street': {'number': 411, 'name': 'Gransdalen'}, 'city': 'Åsgårdstrand', 'state': 'Møre og Romsda...</msg>
<var>${json_data}</var>
<arg>${response.json()}</arg>
<doc>Returns the given values which can then be assigned to a variables.</doc>
<status status="PASS" start="2024-04-22T06:18:51.064307" elapsed="0.000482"/>
</kw>
<kw name="Set Variable" owner="BuiltIn">
<msg time="2024-04-22T06:18:51.065483" level="INFO">${name_title} = Mr</msg>
<var>${name_title}</var>
<arg>${json_data["results"][0]["name"]["title"]}</arg>
<doc>Returns the given values which can then be assigned to a variables.</doc>
<status status="PASS" start="2024-04-22T06:18:51.065094" elapsed="0.000414"/>
</kw>
<kw name="Create List" owner="BuiltIn">
<msg time="2024-04-22T06:18:51.065962" level="INFO">${allowed_titles} = ['Mr', 'Ms', 'Miss', 'Mrs', 'Madame', 'Monsieur']</msg>
<var>${allowed_titles}</var>
<arg>Mr</arg>
<arg>Ms</arg>
<arg>Miss</arg>
<arg>Mrs</arg>
<arg>Madame</arg>
<arg>Monsieur</arg>
<doc>Returns a list containing given items.</doc>
<status status="PASS" start="2024-04-22T06:18:51.065813" elapsed="0.000173"/>
</kw>
<kw name="List Should Contain Value" owner="Collections">
<msg time="2024-04-22T06:18:51.066455" level="INFO">False</msg>
<arg>${allowed_titles}</arg>
<arg>${name_title}</arg>
<doc>Fails if the ``value`` is not found from ``list``.</doc>
<status status="PASS" start="2024-04-22T06:18:51.066284" elapsed="0.000206"/>
</kw>
<kw name="Set Variable" owner="BuiltIn">
<msg time="2024-04-22T06:18:51.067153" level="INFO">${name_country} = NO</msg>
<var>${name_country}</var>
<arg>${json_data["results"][0]["nat"]}</arg>
<doc>Returns the given values which can then be assigned to a variables.</doc>
<status status="PASS" start="2024-04-22T06:18:51.066776" elapsed="0.000402"/>
</kw>
<kw name="Create List" owner="BuiltIn">
<msg time="2024-04-22T06:18:51.068132" level="INFO">${list_country} = ['AD', 'AE', 'AF', 'AG', 'AI', 'AL', 'AM', 'AO', 'AQ', 'AR', 'AS', 'AT', 'AU', 'AW', 'AX', 'AZ', 'BA', 'BB', 'BD', 'BE', 'BF', 'BG', 'BH', 'BI', 'BJ', 'BL', 'BM', 'BN', 'BO', 'BQ', 'BR', 'BS', 'BT', '...</msg>
<var>${list_country}</var>
<arg>AD</arg>
<arg>AE</arg>
<arg>AF</arg>
<arg>AG</arg>
<arg>AI</arg>
<arg>AL</arg>
<arg>AM</arg>
<arg>AO</arg>
<arg>AQ</arg>
<arg>AR</arg>
<arg>AS</arg>
<arg>AT</arg>
<arg>AU</arg>
<arg>AW</arg>
<arg>AX</arg>
<arg>AZ</arg>
<arg>BA</arg>
<arg>BB</arg>
<arg>BD</arg>
<arg>BE</arg>
<arg>BF</arg>
<arg>BG</arg>
<arg>BH</arg>
<arg>BI</arg>
<arg>BJ</arg>
<arg>BL</arg>
<arg>BM</arg>
<arg>BN</arg>
<arg>BO</arg>
<arg>BQ</arg>
<arg>BR</arg>
<arg>BS</arg>
<arg>BT</arg>
<arg>BV</arg>
<arg>BW</arg>
<arg>BY</arg>
<arg>BZ</arg>
<arg>CA</arg>
<arg>CC</arg>
<arg>CD</arg>
<arg>CF</arg>
<arg>CG</arg>
<arg>CH</arg>
<arg>CI</arg>
<arg>CK</arg>
<arg>CL</arg>
<arg>CM</arg>
<arg>CN</arg>
<arg>CO</arg>
<arg>CR</arg>
<arg>CU</arg>
<arg>CV</arg>
<arg>CW</arg>
<arg>CX</arg>
<arg>CY</arg>
<arg>CZ</arg>
<arg>DE</arg>
<arg>DJ</arg>
<arg>DK</arg>
<arg>DM</arg>
<arg>DO</arg>
<arg>DZ</arg>
<arg>EC</arg>
<arg>EE</arg>
<arg>EG</arg>
<arg>EH</arg>
<arg>ER</arg>
<arg>ES</arg>
<arg>ET</arg>
<arg>FI</arg>
<arg>FJ</arg>
<arg>FK</arg>
<arg>FM</arg>
<arg>FO</arg>
<arg>FR</arg>
<arg>GA</arg>
<arg>GB</arg>
<arg>GD</arg>
<arg>GE</arg>
<arg>GF</arg>
<arg>GG</arg>
<arg>GH</arg>
<arg>GI</arg>
<arg>GL</arg>
<arg>GM</arg>
<arg>GN</arg>
<arg>GP</arg>
<arg>GQ</arg>
<arg>GR</arg>
<arg>GS</arg>
<arg>GT</arg>
<arg>GU</arg>
<arg>GW</arg>
<arg>GY</arg>
<arg>HK</arg>
<arg>HM</arg>
<arg>HN</arg>
<arg>HR</arg>
<arg>HT</arg>
<arg>HU</arg>
<arg>ID</arg>
<arg>IE</arg>
<arg>IL</arg>
<arg>IM</arg>
<arg>IN</arg>
<arg>IO</arg>
<arg>IQ</arg>
<arg>IR</arg>
<arg>IS</arg>
<arg>IT</arg>
<arg>JE</arg>
<arg>JM</arg>
<arg>JO</arg>
<arg>JP</arg>
<arg>KE</arg>
<arg>KG</arg>
<arg>KH</arg>
<arg>KI</arg>
<arg>KM</arg>
<arg>KN</arg>
<arg>KP</arg>
<arg>KR</arg>
<arg>KW</arg>
<arg>KY</arg>
<arg>KZ</arg>
<arg>LA</arg>
<arg>LB</arg>
<arg>LC</arg>
<arg>LI</arg>
<arg>LK</arg>
<arg>LR</arg>
<arg>LS</arg>
<arg>LT</arg>
<arg>LU</arg>
<arg>LV</arg>
<arg>LY</arg>
<arg>MA</arg>
<arg>MC</arg>
<arg>MD</arg>
<arg>ME</arg>
<arg>MF</arg>
<arg>MG</arg>
<arg>MH</arg>
<arg>MK</arg>
<arg>ML</arg>
<arg>MM</arg>
<arg>MN</arg>
<arg>MO</arg>
<arg>MP</arg>
<arg>MQ</arg>
<arg>MR</arg>
<arg>MS</arg>
<arg>MT</arg>
<arg>MU</arg>
<arg>MV</arg>
<arg>MW</arg>
<arg>MX</arg>
<arg>MY</arg>
<arg>MZ</arg>
<arg>NA</arg>
<arg>NC</arg>
<arg>NE</arg>
<arg>NF</arg>
<arg>NG</arg>
<arg>NI</arg>
<arg>NL</arg>
<arg>NO</arg>
<arg>NP</arg>
<arg>NR</arg>
<arg>NU</arg>
<arg>NZ</arg>
<arg>OM</arg>
<arg>PA</arg>
<arg>PE</arg>
<arg>PF</arg>
<arg>PG</arg>
<arg>PH</arg>
<arg>PK</arg>
<arg>PL</arg>
<arg>PM</arg>
<arg>PN</arg>
<arg>PR</arg>
<arg>PS</arg>
<arg>PT</arg>
<arg>PW</arg>
<arg>PY</arg>
<arg>QA</arg>
<arg>RE</arg>
<arg>RO</arg>
<arg>RS</arg>
<arg>RU</arg>
<arg>RW</arg>
<arg>SA</arg>
<arg>SB</arg>
<arg>SC</arg>
<arg>SD</arg>
<arg>SE</arg>
<arg>SG</arg>
<arg>SH</arg>
<arg>SI</arg>
<arg>SJ</arg>
<arg>SK</arg>
<arg>SL</arg>
<arg>SM</arg>
<arg>SN</arg>
<arg>SO</arg>
<arg>SR</arg>
<arg>SS</arg>
<arg>ST</arg>
<arg>SV</arg>
<arg>SX</arg>
<arg>SY</arg>
<arg>SZ</arg>
<arg>TC</arg>
<arg>TD</arg>
<arg>TF</arg>
<arg>TG</arg>
<arg>TH</arg>
<arg>TJ</arg>
<arg>TK</arg>
<arg>TL</arg>
<arg>TM</arg>
<arg>TN</arg>
<arg>TO</arg>
<arg>TR</arg>
<arg>TT</arg>
<arg>TV</arg>
<arg>TW</arg>
<arg>TZ</arg>
<arg>UA</arg>
<arg>UG</arg>
<arg>UM</arg>
<arg>US</arg>
<arg>UY</arg>
<arg>UZ</arg>
<arg>VA</arg>
<arg>VC</arg>
<arg>VE</arg>
<arg>VG</arg>
<arg>VI</arg>
<arg>VN</arg>
<arg>VU</arg>
<arg>WF</arg>
<arg>WS</arg>
<arg>XK</arg>
<arg>YE</arg>
<arg>YT</arg>
<arg>ZA</arg>
<arg>ZM</arg>
<arg>ZW</arg>
<doc>Returns a list containing given items.</doc>
<status status="PASS" start="2024-04-22T06:18:51.067496" elapsed="0.000663"/>
</kw>
<kw name="List Should Contain Value" owner="Collections">
<msg time="2024-04-22T06:18:51.069165" level="INFO">False</msg>
<arg>${list_country}</arg>
<arg>${name_country}</arg>
<doc>Fails if the ``value`` is not found from ``list``.</doc>
<status status="PASS" start="2024-04-22T06:18:51.068958" elapsed="0.000243"/>
</kw>
<kw name="Run Keyword If" owner="BuiltIn">
<kw name="Should Be True" owner="BuiltIn">
<arg>${True}</arg>
<doc>Fails if the given condition is not true.</doc>
<status status="PASS" start="2024-04-22T06:18:51.070272" elapsed="0.000141"/>
</kw>
<arg>${json_data["results"][0]["location"]["coordinates"]["latitude"]} &gt;= -90 and ${json_data["results"][0]["location"]["coordinates"]["latitude"]} &lt;= 90</arg>
<arg>Should Be True</arg>
<arg>${True}</arg>
<doc>Runs the given keyword with the given arguments, if ``condition`` is true.</doc>
<status status="PASS" start="2024-04-22T06:18:51.069514" elapsed="0.001026"/>
</kw>
<kw name="Run Keyword If" owner="BuiltIn">
<kw name="Should Be True" owner="BuiltIn">
<arg>${True}</arg>
<doc>Fails if the given condition is not true.</doc>
<status status="PASS" start="2024-04-22T06:18:51.071426" elapsed="0.000241"/>
</kw>
<arg>${json_data["results"][0]["location"]["coordinates"]["longitude"]} &gt;= -180 and ${json_data["results"][0]["location"]["coordinates"]["longitude"]} &lt;= 180</arg>
<arg>Should Be True</arg>
<arg>${True}</arg>
<doc>Runs the given keyword with the given arguments, if ``condition`` is true.</doc>
<status status="PASS" start="2024-04-22T06:18:51.070726" elapsed="0.001067"/>
</kw>
<status status="PASS" start="2024-04-22T06:18:50.975442" elapsed="0.096480"/>
</kw>
<doc>Testa o conteúdo específico dos campos retornados pela API.</doc>
<tag>testeConteudo</tag>
<status status="PASS" start="2024-04-22T06:18:50.974995" elapsed="0.097107"/>
</test>
<status status="PASS" start="2024-04-22T06:18:50.253941" elapsed="0.820094"/>
</suite>
<status status="PASS" start="2024-04-22T06:18:50.240325" elapsed="0.838748"/>
</suite>
<statistics>
<total>
<stat pass="5" fail="0" skip="0">All Tests</stat>
</total>
<tag>
<stat pass="1" fail="0" skip="0">testeConteudo</stat>
<stat pass="1" fail="0" skip="0">testeEstruturaResposta</stat>
<stat pass="1" fail="0" skip="0">testeRequisicaoBasica</stat>
<stat pass="1" fail="0" skip="0">testeTiposDados</stat>
</tag>
<suite>
<stat pass="5" fail="0" skip="0" id="s1" name="Tests">Tests</stat>
<stat pass="5" fail="0" skip="0" id="s1-s1" name="Random-User-Test">Tests.Random-User-Test</stat>
</suite>
</statistics>
<errors>
</errors>
</robot>
