<?xml version="1.0" encoding="UTF-8"?>
<robot generator="Robot 7.0 (Python 3.12.3 on linux)" generated="2024-05-06T08:18:23.483953" rpa="false" schemaversion="5">
<suite id="s1" name="Tests" source="/home/runner/work/DesafioQAItauRogerioJordao/DesafioQAItauRogerioJordao/RamdonUser/tests">
<suite id="s1-s1" name="Random-User-Test" source="/home/runner/work/DesafioQAItauRogerioJordao/DesafioQAItauRogerioJordao/RamdonUser/tests/random-user-test.robot">
<test id="s1-s1-t1" name="Conectar" line="13">
<kw name="Conectar API" owner="random-user-service">
<kw name="Create Session" owner="RequestsLibrary">
<msg time="2024-05-06T08:18:23.855434" level="INFO">Creating Session using : alias=consultarAPI, url=https://randomuser.me/, headers={},                     cookies={}, auth=None, timeout=None, proxies=None, verify=False,                     debug=0 </msg>
<arg>consultarAPI</arg>
<arg>${URL}</arg>
<doc>Create Session: create a HTTP session to a server</doc>
<status status="PASS" start="2024-05-06T08:18:23.855230" elapsed="0.000400"/>
</kw>
<status status="PASS" start="2024-05-06T08:18:23.854222" elapsed="0.001773"/>
</kw>
<status status="PASS" start="2024-05-06T08:18:23.853657" elapsed="0.002535"/>
</test>
<test id="s1-s1-t2" name="Validar retorno 200 e JSON Válido" line="16">
<kw name="Teste de Requisicao Basica" owner="random-user-service">
<kw name="GET On Session" owner="RequestsLibrary">
<msg time="2024-05-06T08:18:23.983564" level="INFO">GET Request : url=https://randomuser.me/api 
 path_url=/api 
 headers={'User-Agent': 'python-requests/2.31.0', 'Accept-Encoding': 'gzip, deflate', 'Accept': '*/*', 'Connection': 'keep-alive'} 
 body=None 
 </msg>
<msg time="2024-05-06T08:18:23.983721" level="INFO">GET Response : url=https://randomuser.me/api 
 status=200, reason=OK 
 headers={'Date': 'Mon, 06 May 2024 08:18:23 GMT', 'Content-Type': 'application/json; charset=utf-8', 'Transfer-Encoding': 'chunked', 'Connection': 'keep-alive', 'X-Powered-By': 'Express', 'Access-Control-Allow-Origin': '*', 'Cache-Control': 'no-cache', 'ETag': 'W/"48b-Z1WN6Vc88wQmQLLgp+CfgOGWhQs"', 'Vary': 'Accept-Encoding', 'Content-Encoding': 'gzip', 'CF-Cache-Status': 'DYNAMIC', 'Report-To': '{"endpoints":[{"url":"https:\\/\\/a.nel.cloudflare.com\\/report\\/v4?s=IV2N38rjOjPo6mgpyaCMJ4F2sUStLwtK4Nj2GyXvyMz%2BmMNZXW719Z66Y7L4fv5Vz92R5FHORfKCpf8fv38oBKPO5SgTXVsoZBji%2FEDoduMAlGO8jejF83pybxQcxx18"}],"group":"cf-nel","max_age":604800}', 'NEL': '{"success_fraction":0,"report_to":"cf-nel","max_age":604800}', 'Server': 'cloudflare', 'CF-RAY': '87f78a135c85f9e0-SJC', 'alt-svc': 'h3=":443"; ma=86400'} 
 body={"results":[{"gender":"male","name":{"title":"Mr","first":"محمدامين","last":"کوتی"},"location":{"street":{"number":2761,"name":"سباری"},"city":"دزفول","state":"البرز","country":"Iran","postcode":37020,"coordinates":{"latitude":"15.1016","longitude":"-52.1530"},"timezone":{"offset":"+8:00","description":"Beijing, Perth, Singapore, Hong Kong"}},"email":"mhmdmyn.khwty@example.com","login":{"uuid":"ced45624-ce50-4887-a7ce-62ad5b2632c9","username":"silvertiger480","password":"jack1","salt":"W5vdFHD3","md5":"c5a06eb96586627eb2608304d58ec324","sha1":"0a5b0f5774bde5b263c882a830e24ebd7baedc64","sha256":"e5d833819d66ab53ef1e5f1c2a413783d4c1b5a5dd10edc7b3b5a05ae86cd1ed"},"dob":{"date":"1954-06-12T05:08:46.359Z","age":69},"registered":{"date":"2015-04-09T09:40:26.316Z","age":9},"phone":"036-14117525","cell":"0996-884-4686","id":{"name":"","value":null},"picture":{"large":"https://randomuser.me/api/portraits/men/81.jpg","medium":"https://randomuser.me/api/portraits/med/men/81.jpg","thumbnail":"https://randomuser.me/api/portraits/thumb/men/81.jpg"},"nat":"IR"}],"info":{"seed":"7dac9b831d53d5e4","results":1,"page":1,"version":"1.4"}} 
 </msg>
<msg time="2024-05-06T08:18:23.983807" level="INFO">/opt/hostedtoolcache/Python/3.12.3/x64/lib/python3.12/site-packages/urllib3/connectionpool.py:1103: InsecureRequestWarning: Unverified HTTPS request is being made to host 'randomuser.me'. Adding certificate verification is strongly advised. See: https://urllib3.readthedocs.io/en/latest/advanced-usage.html#tls-warnings
  warnings.warn(</msg>
<msg time="2024-05-06T08:18:23.983948" level="INFO">${response} = &lt;Response [200]&gt;</msg>
<var>${response}</var>
<arg>consultarAPI</arg>
<arg>/api</arg>
<doc>Sends a GET request on a previously created HTTP Session.</doc>
<status status="PASS" start="2024-05-06T08:18:23.858886" elapsed="0.125104"/>
</kw>
<kw name="Should Be Equal As Numbers" owner="BuiltIn">
<msg time="2024-05-06T08:18:23.985237" level="INFO">Argument types are:
&lt;class 'int'&gt;
&lt;class 'str'&gt;</msg>
<arg>${response.status_code}</arg>
<arg>200</arg>
<doc>Fails if objects are unequal after converting them to real numbers.</doc>
<status status="PASS" start="2024-05-06T08:18:23.984731" elapsed="0.000573"/>
</kw>
<kw name="Log" owner="BuiltIn">
<msg time="2024-05-06T08:18:23.986020" level="INFO">200</msg>
<arg>${response.status_code}</arg>
<doc>Logs the given message with the given level.</doc>
<status status="PASS" start="2024-05-06T08:18:23.985664" elapsed="0.000399"/>
</kw>
<kw name="Set Variable" owner="BuiltIn">
<msg time="2024-05-06T08:18:23.986832" level="INFO">${json_data} = {'results': [{'gender': 'male', 'name': {'title': 'Mr', 'first': 'محمدامين', 'last': 'کوتی'}, 'location': {'street': {'number': 2761, 'name': 'سباری'}, 'city': 'دزفول', 'state': 'البرز', 'country': 'I...</msg>
<var>${json_data}</var>
<arg>${response.json()}</arg>
<doc>Returns the given values which can then be assigned to a variables.</doc>
<status status="PASS" start="2024-05-06T08:18:23.986378" elapsed="0.000485"/>
</kw>
<kw name="Dictionary Should Contain Key" owner="Collections">
<msg time="2024-05-06T08:18:23.987345" level="INFO">False</msg>
<arg>${json_data}</arg>
<arg>results</arg>
<doc>Fails if ``key`` is not found from ``dictionary``.</doc>
<status status="PASS" start="2024-05-06T08:18:23.987170" elapsed="0.000216"/>
</kw>
<status status="PASS" start="2024-05-06T08:18:23.858644" elapsed="0.129004"/>
</kw>
<doc>Testa se a API responde corretamente e retorna um objeto JSON válido.</doc>
<tag>testeRequisicaoBasica</tag>
<status status="PASS" start="2024-05-06T08:18:23.858169" elapsed="0.129667"/>
</test>
<test id="s1-s1-t3" name="Validar estrutura de resposta" line="22">
<kw name="Teste de Estrutura de Resposta" owner="random-user-service">
<kw name="GET On Session" owner="RequestsLibrary">
<msg time="2024-05-06T08:18:24.096023" level="INFO">GET Request : url=https://randomuser.me/api 
 path_url=/api 
 headers={'User-Agent': 'python-requests/2.31.0', 'Accept-Encoding': 'gzip, deflate', 'Accept': '*/*', 'Connection': 'keep-alive'} 
 body=None 
 </msg>
<msg time="2024-05-06T08:18:24.096138" level="INFO">GET Response : url=https://randomuser.me/api 
 status=200, reason=OK 
 headers={'Date': 'Mon, 06 May 2024 08:18:24 GMT', 'Content-Type': 'application/json; charset=utf-8', 'Transfer-Encoding': 'chunked', 'Connection': 'keep-alive', 'X-Powered-By': 'Express', 'Access-Control-Allow-Origin': '*', 'Cache-Control': 'no-cache', 'ETag': 'W/"481-Hned1samyNSCgMwq7jqAqEMzsSE"', 'Vary': 'Accept-Encoding', 'Content-Encoding': 'gzip', 'CF-Cache-Status': 'DYNAMIC', 'Report-To': '{"endpoints":[{"url":"https:\\/\\/a.nel.cloudflare.com\\/report\\/v4?s=9tNCvlws1QUTKwsF%2BH2rRkQilifuT2nVpghzjPfY0m8QRHpymrd1Hisjzoxwsg8ZNuZQR9N7xmYbtVhlY4xXD9pRmFKgxqF%2BJtW82I1aYd60PQcPgX8Rq95e8C1gPfw7"}],"group":"cf-nel","max_age":604800}', 'NEL': '{"success_fraction":0,"report_to":"cf-nel","max_age":604800}', 'Server': 'cloudflare', 'CF-RAY': '87f78a13fce4f9e0-SJC', 'alt-svc': 'h3=":443"; ma=86400'} 
 body={"results":[{"gender":"female","name":{"title":"Ms","first":"Louella","last":"Montgomery"},"location":{"street":{"number":7080,"name":"E North St"},"city":"Bendigo","state":"Victoria","country":"Australia","postcode":1515,"coordinates":{"latitude":"-82.2003","longitude":"90.4900"},"timezone":{"offset":"-3:30","description":"Newfoundland"}},"email":"louella.montgomery@example.com","login":{"uuid":"99d4b32d-3fdb-40b9-82a1-0b95406ff51d","username":"bigbird769","password":"paradigm","salt":"7YUaQLXl","md5":"51276b4ebd028355b14f32b4009dad60","sha1":"582fe895f4f015e958521851c2c270c14fec2114","sha256":"b476d1fce0930d6892ca1a1cc461ebbb2c63c32c6c181f36e2001ce599a40f03"},"dob":{"date":"1979-12-29T09:28:42.330Z","age":44},"registered":{"date":"2009-08-05T05:01:56.734Z","age":14},"phone":"00-4993-0818","cell":"0433-065-397","id":{"name":"TFN","value":"532942110"},"picture":{"large":"https://randomuser.me/api/portraits/women/29.jpg","medium":"https://randomuser.me/api/portraits/med/women/29.jpg","thumbnail":"https://randomuser.me/api/portraits/thumb/women/29.jpg"},"nat":"AU"}],"info":{"seed":"2ba9ad6cdce0ea1a","results":1,"page":1,"version":"1.4"}} 
 </msg>
<msg time="2024-05-06T08:18:24.096284" level="INFO">/opt/hostedtoolcache/Python/3.12.3/x64/lib/python3.12/site-packages/urllib3/connectionpool.py:1103: InsecureRequestWarning: Unverified HTTPS request is being made to host 'randomuser.me'. Adding certificate verification is strongly advised. See: https://urllib3.readthedocs.io/en/latest/advanced-usage.html#tls-warnings
  warnings.warn(</msg>
<msg time="2024-05-06T08:18:24.096437" level="INFO">${response} = &lt;Response [200]&gt;</msg>
<var>${response}</var>
<arg>consultarAPI</arg>
<arg>/api</arg>
<doc>Sends a GET request on a previously created HTTP Session.</doc>
<status status="PASS" start="2024-05-06T08:18:23.990634" elapsed="0.105877"/>
</kw>
<kw name="Set Variable" owner="BuiltIn">
<msg time="2024-05-06T08:18:24.097731" level="INFO">${json_data} = {'results': [{'gender': 'female', 'name': {'title': 'Ms', 'first': 'Louella', 'last': 'Montgomery'}, 'location': {'street': {'number': 7080, 'name': 'E North St'}, 'city': 'Bendigo', 'state': 'Victori...</msg>
<var>${json_data}</var>
<arg>${response.json()}</arg>
<doc>Returns the given values which can then be assigned to a variables.</doc>
<status status="PASS" start="2024-05-06T08:18:24.097141" elapsed="0.000619"/>
</kw>
<kw name="Log" owner="BuiltIn">
<msg time="2024-05-06T08:18:24.098238" level="INFO">{'results': [{'gender': 'female', 'name': {'title': 'Ms', 'first': 'Louella', 'last': 'Montgomery'}, 'location': {'street': {'number': 7080, 'name': 'E North St'}, 'city': 'Bendigo', 'state': 'Victoria', 'country': 'Australia', 'postcode': 1515, 'coordinates': {'latitude': '-82.2003', 'longitude': '90.4900'}, 'timezone': {'offset': '-3:30', 'description': 'Newfoundland'}}, 'email': 'louella.montgomery@example.com', 'login': {'uuid': '99d4b32d-3fdb-40b9-82a1-0b95406ff51d', 'username': 'bigbird769', 'password': 'paradigm', 'salt': '7YUaQLXl', 'md5': '51276b4ebd028355b14f32b4009dad60', 'sha1': '582fe895f4f015e958521851c2c270c14fec2114', 'sha256': 'b476d1fce0930d6892ca1a1cc461ebbb2c63c32c6c181f36e2001ce599a40f03'}, 'dob': {'date': '1979-12-29T09:28:42.330Z', 'age': 44}, 'registered': {'date': '2009-08-05T05:01:56.734Z', 'age': 14}, 'phone': '00-4993-0818', 'cell': '0433-065-397', 'id': {'name': 'TFN', 'value': '532942110'}, 'picture': {'large': 'https://randomuser.me/api/portraits/women/29.jpg', 'medium': 'https://randomuser.me/api/portraits/med/women/29.jpg', 'thumbnail': 'https://randomuser.me/api/portraits/thumb/women/29.jpg'}, 'nat': 'AU'}], 'info': {'seed': '2ba9ad6cdce0ea1a', 'results': 1, 'page': 1, 'version': '1.4'}}</msg>
<arg>${json_data}</arg>
<doc>Logs the given message with the given level.</doc>
<status status="PASS" start="2024-05-06T08:18:24.098077" elapsed="0.000209"/>
</kw>
<kw name="Dictionary Should Contain Key" owner="Collections">
<msg time="2024-05-06T08:18:24.098746" level="INFO">False</msg>
<arg>${json_data}</arg>
<arg>results</arg>
<doc>Fails if ``key`` is not found from ``dictionary``.</doc>
<status status="PASS" start="2024-05-06T08:18:24.098582" elapsed="0.000203"/>
</kw>
<kw name="Should Not Be Empty" owner="BuiltIn">
<msg time="2024-05-06T08:18:24.099218" level="INFO">Length is 2.</msg>
<arg>${json_data}</arg>
<doc>Verifies that the given item is not empty.</doc>
<status status="PASS" start="2024-05-06T08:18:24.099082" elapsed="0.000339"/>
</kw>
<kw name="Create List" owner="BuiltIn">
<msg time="2024-05-06T08:18:24.099872" level="INFO">${expected_keys} = ['gender', 'name', 'location', 'email', 'login']</msg>
<var>${expected_keys}</var>
<arg>gender</arg>
<arg>name</arg>
<arg>location</arg>
<arg>email</arg>
<arg>login</arg>
<doc>Returns a list containing given items.</doc>
<status status="PASS" start="2024-05-06T08:18:24.099718" elapsed="0.000178"/>
</kw>
<for flavor="IN">
<iter>
<kw name="Dictionary Should Contain Key" owner="Collections">
<msg time="2024-05-06T08:18:24.100943" level="INFO">False</msg>
<arg>${json_data['results'][0]}</arg>
<arg>${key}</arg>
<doc>Fails if ``key`` is not found from ``dictionary``.</doc>
<status status="PASS" start="2024-05-06T08:18:24.100525" elapsed="0.000457"/>
</kw>
<kw name="Log" owner="BuiltIn">
<msg time="2024-05-06T08:18:24.101658" level="INFO">{'gender': 'female', 'name': {'title': 'Ms', 'first': 'Louella', 'last': 'Montgomery'}, 'location': {'street': {'number': 7080, 'name': 'E North St'}, 'city': 'Bendigo', 'state': 'Victoria', 'country': 'Australia', 'postcode': 1515, 'coordinates': {'latitude': '-82.2003', 'longitude': '90.4900'}, 'timezone': {'offset': '-3:30', 'description': 'Newfoundland'}}, 'email': 'louella.montgomery@example.com', 'login': {'uuid': '99d4b32d-3fdb-40b9-82a1-0b95406ff51d', 'username': 'bigbird769', 'password': 'paradigm', 'salt': '7YUaQLXl', 'md5': '51276b4ebd028355b14f32b4009dad60', 'sha1': '582fe895f4f015e958521851c2c270c14fec2114', 'sha256': 'b476d1fce0930d6892ca1a1cc461ebbb2c63c32c6c181f36e2001ce599a40f03'}, 'dob': {'date': '1979-12-29T09:28:42.330Z', 'age': 44}, 'registered': {'date': '2009-08-05T05:01:56.734Z', 'age': 14}, 'phone': '00-4993-0818', 'cell': '0433-065-397', 'id': {'name': 'TFN', 'value': '532942110'}, 'picture': {'large': 'https://randomuser.me/api/portraits/women/29.jpg', 'medium': 'https://randomuser.me/api/portraits/med/women/29.jpg', 'thumbnail': 'https://randomuser.me/api/portraits/thumb/women/29.jpg'}, 'nat': 'AU'}</msg>
<arg>${json_data['results'][0]}</arg>
<doc>Logs the given message with the given level.</doc>
<status status="PASS" start="2024-05-06T08:18:24.101287" elapsed="0.000420"/>
</kw>
<kw name="Log" owner="BuiltIn">
<msg time="2024-05-06T08:18:24.102147" level="INFO">gender</msg>
<arg>${key}</arg>
<doc>Logs the given message with the given level.</doc>
<status status="PASS" start="2024-05-06T08:18:24.102018" elapsed="0.000166"/>
</kw>
<var name="${key}">gender</var>
<status status="PASS" start="2024-05-06T08:18:24.100364" elapsed="0.002036"/>
</iter>
<iter>
<kw name="Dictionary Should Contain Key" owner="Collections">
<msg time="2024-05-06T08:18:24.103114" level="INFO">False</msg>
<arg>${json_data['results'][0]}</arg>
<arg>${key}</arg>
<doc>Fails if ``key`` is not found from ``dictionary``.</doc>
<status status="PASS" start="2024-05-06T08:18:24.102728" elapsed="0.000424"/>
</kw>
<kw name="Log" owner="BuiltIn">
<msg time="2024-05-06T08:18:24.103845" level="INFO">{'gender': 'female', 'name': {'title': 'Ms', 'first': 'Louella', 'last': 'Montgomery'}, 'location': {'street': {'number': 7080, 'name': 'E North St'}, 'city': 'Bendigo', 'state': 'Victoria', 'country': 'Australia', 'postcode': 1515, 'coordinates': {'latitude': '-82.2003', 'longitude': '90.4900'}, 'timezone': {'offset': '-3:30', 'description': 'Newfoundland'}}, 'email': 'louella.montgomery@example.com', 'login': {'uuid': '99d4b32d-3fdb-40b9-82a1-0b95406ff51d', 'username': 'bigbird769', 'password': 'paradigm', 'salt': '7YUaQLXl', 'md5': '51276b4ebd028355b14f32b4009dad60', 'sha1': '582fe895f4f015e958521851c2c270c14fec2114', 'sha256': 'b476d1fce0930d6892ca1a1cc461ebbb2c63c32c6c181f36e2001ce599a40f03'}, 'dob': {'date': '1979-12-29T09:28:42.330Z', 'age': 44}, 'registered': {'date': '2009-08-05T05:01:56.734Z', 'age': 14}, 'phone': '00-4993-0818', 'cell': '0433-065-397', 'id': {'name': 'TFN', 'value': '532942110'}, 'picture': {'large': 'https://randomuser.me/api/portraits/women/29.jpg', 'medium': 'https://randomuser.me/api/portraits/med/women/29.jpg', 'thumbnail': 'https://randomuser.me/api/portraits/thumb/women/29.jpg'}, 'nat': 'AU'}</msg>
<arg>${json_data['results'][0]}</arg>
<doc>Logs the given message with the given level.</doc>
<status status="PASS" start="2024-05-06T08:18:24.103481" elapsed="0.000413"/>
</kw>
<kw name="Log" owner="BuiltIn">
<msg time="2024-05-06T08:18:24.104319" level="INFO">name</msg>
<arg>${key}</arg>
<doc>Logs the given message with the given level.</doc>
<status status="PASS" start="2024-05-06T08:18:24.104192" elapsed="0.000165"/>
</kw>
<var name="${key}">name</var>
<status status="PASS" start="2024-05-06T08:18:24.102610" elapsed="0.002001"/>
</iter>
<iter>
<kw name="Dictionary Should Contain Key" owner="Collections">
<msg time="2024-05-06T08:18:24.105304" level="INFO">False</msg>
<arg>${json_data['results'][0]}</arg>
<arg>${key}</arg>
<doc>Fails if ``key`` is not found from ``dictionary``.</doc>
<status status="PASS" start="2024-05-06T08:18:24.104911" elapsed="0.000432"/>
</kw>
<kw name="Log" owner="BuiltIn">
<msg time="2024-05-06T08:18:24.106018" level="INFO">{'gender': 'female', 'name': {'title': 'Ms', 'first': 'Louella', 'last': 'Montgomery'}, 'location': {'street': {'number': 7080, 'name': 'E North St'}, 'city': 'Bendigo', 'state': 'Victoria', 'country': 'Australia', 'postcode': 1515, 'coordinates': {'latitude': '-82.2003', 'longitude': '90.4900'}, 'timezone': {'offset': '-3:30', 'description': 'Newfoundland'}}, 'email': 'louella.montgomery@example.com', 'login': {'uuid': '99d4b32d-3fdb-40b9-82a1-0b95406ff51d', 'username': 'bigbird769', 'password': 'paradigm', 'salt': '7YUaQLXl', 'md5': '51276b4ebd028355b14f32b4009dad60', 'sha1': '582fe895f4f015e958521851c2c270c14fec2114', 'sha256': 'b476d1fce0930d6892ca1a1cc461ebbb2c63c32c6c181f36e2001ce599a40f03'}, 'dob': {'date': '1979-12-29T09:28:42.330Z', 'age': 44}, 'registered': {'date': '2009-08-05T05:01:56.734Z', 'age': 14}, 'phone': '00-4993-0818', 'cell': '0433-065-397', 'id': {'name': 'TFN', 'value': '532942110'}, 'picture': {'large': 'https://randomuser.me/api/portraits/women/29.jpg', 'medium': 'https://randomuser.me/api/portraits/med/women/29.jpg', 'thumbnail': 'https://randomuser.me/api/portraits/thumb/women/29.jpg'}, 'nat': 'AU'}</msg>
<arg>${json_data['results'][0]}</arg>
<doc>Logs the given message with the given level.</doc>
<status status="PASS" start="2024-05-06T08:18:24.105648" elapsed="0.000419"/>
</kw>
<kw name="Log" owner="BuiltIn">
<msg time="2024-05-06T08:18:24.106493" level="INFO">location</msg>
<arg>${key}</arg>
<doc>Logs the given message with the given level.</doc>
<status status="PASS" start="2024-05-06T08:18:24.106366" elapsed="0.000166"/>
</kw>
<var name="${key}">location</var>
<status status="PASS" start="2024-05-06T08:18:24.104797" elapsed="0.001952"/>
</iter>
<iter>
<kw name="Dictionary Should Contain Key" owner="Collections">
<msg time="2024-05-06T08:18:24.107441" level="INFO">False</msg>
<arg>${json_data['results'][0]}</arg>
<arg>${key}</arg>
<doc>Fails if ``key`` is not found from ``dictionary``.</doc>
<status status="PASS" start="2024-05-06T08:18:24.107046" elapsed="0.000433"/>
</kw>
<kw name="Log" owner="BuiltIn">
<msg time="2024-05-06T08:18:24.108139" level="INFO">{'gender': 'female', 'name': {'title': 'Ms', 'first': 'Louella', 'last': 'Montgomery'}, 'location': {'street': {'number': 7080, 'name': 'E North St'}, 'city': 'Bendigo', 'state': 'Victoria', 'country': 'Australia', 'postcode': 1515, 'coordinates': {'latitude': '-82.2003', 'longitude': '90.4900'}, 'timezone': {'offset': '-3:30', 'description': 'Newfoundland'}}, 'email': 'louella.montgomery@example.com', 'login': {'uuid': '99d4b32d-3fdb-40b9-82a1-0b95406ff51d', 'username': 'bigbird769', 'password': 'paradigm', 'salt': '7YUaQLXl', 'md5': '51276b4ebd028355b14f32b4009dad60', 'sha1': '582fe895f4f015e958521851c2c270c14fec2114', 'sha256': 'b476d1fce0930d6892ca1a1cc461ebbb2c63c32c6c181f36e2001ce599a40f03'}, 'dob': {'date': '1979-12-29T09:28:42.330Z', 'age': 44}, 'registered': {'date': '2009-08-05T05:01:56.734Z', 'age': 14}, 'phone': '00-4993-0818', 'cell': '0433-065-397', 'id': {'name': 'TFN', 'value': '532942110'}, 'picture': {'large': 'https://randomuser.me/api/portraits/women/29.jpg', 'medium': 'https://randomuser.me/api/portraits/med/women/29.jpg', 'thumbnail': 'https://randomuser.me/api/portraits/thumb/women/29.jpg'}, 'nat': 'AU'}</msg>
<arg>${json_data['results'][0]}</arg>
<doc>Logs the given message with the given level.</doc>
<status status="PASS" start="2024-05-06T08:18:24.107778" elapsed="0.000410"/>
</kw>
<kw name="Log" owner="BuiltIn">
<msg time="2024-05-06T08:18:24.108647" level="INFO">email</msg>
<arg>${key}</arg>
<doc>Logs the given message with the given level.</doc>
<status status="PASS" start="2024-05-06T08:18:24.108515" elapsed="0.000170"/>
</kw>
<var name="${key}">email</var>
<status status="PASS" start="2024-05-06T08:18:24.106935" elapsed="0.001969"/>
</iter>
<iter>
<kw name="Dictionary Should Contain Key" owner="Collections">
<msg time="2024-05-06T08:18:24.109583" level="INFO">False</msg>
<arg>${json_data['results'][0]}</arg>
<arg>${key}</arg>
<doc>Fails if ``key`` is not found from ``dictionary``.</doc>
<status status="PASS" start="2024-05-06T08:18:24.109190" elapsed="0.000431"/>
</kw>
<kw name="Log" owner="BuiltIn">
<msg time="2024-05-06T08:18:24.110287" level="INFO">{'gender': 'female', 'name': {'title': 'Ms', 'first': 'Louella', 'last': 'Montgomery'}, 'location': {'street': {'number': 7080, 'name': 'E North St'}, 'city': 'Bendigo', 'state': 'Victoria', 'country': 'Australia', 'postcode': 1515, 'coordinates': {'latitude': '-82.2003', 'longitude': '90.4900'}, 'timezone': {'offset': '-3:30', 'description': 'Newfoundland'}}, 'email': 'louella.montgomery@example.com', 'login': {'uuid': '99d4b32d-3fdb-40b9-82a1-0b95406ff51d', 'username': 'bigbird769', 'password': 'paradigm', 'salt': '7YUaQLXl', 'md5': '51276b4ebd028355b14f32b4009dad60', 'sha1': '582fe895f4f015e958521851c2c270c14fec2114', 'sha256': 'b476d1fce0930d6892ca1a1cc461ebbb2c63c32c6c181f36e2001ce599a40f03'}, 'dob': {'date': '1979-12-29T09:28:42.330Z', 'age': 44}, 'registered': {'date': '2009-08-05T05:01:56.734Z', 'age': 14}, 'phone': '00-4993-0818', 'cell': '0433-065-397', 'id': {'name': 'TFN', 'value': '532942110'}, 'picture': {'large': 'https://randomuser.me/api/portraits/women/29.jpg', 'medium': 'https://randomuser.me/api/portraits/med/women/29.jpg', 'thumbnail': 'https://randomuser.me/api/portraits/thumb/women/29.jpg'}, 'nat': 'AU'}</msg>
<arg>${json_data['results'][0]}</arg>
<doc>Logs the given message with the given level.</doc>
<status status="PASS" start="2024-05-06T08:18:24.109918" elapsed="0.000417"/>
</kw>
<kw name="Log" owner="BuiltIn">
<msg time="2024-05-06T08:18:24.110769" level="INFO">login</msg>
<arg>${key}</arg>
<doc>Logs the given message with the given level.</doc>
<status status="PASS" start="2024-05-06T08:18:24.110639" elapsed="0.000169"/>
</kw>
<var name="${key}">login</var>
<status status="PASS" start="2024-05-06T08:18:24.109079" elapsed="0.001952"/>
</iter>
<var>${key}</var>
<value>@{expected_keys}</value>
<status status="PASS" start="2024-05-06T08:18:24.100165" elapsed="0.011015"/>
</for>
<kw name="Create List" owner="BuiltIn">
<msg time="2024-05-06T08:18:24.111522" level="INFO">${expected_keysTwo} = ['username', 'password']</msg>
<var>${expected_keysTwo}</var>
<arg>username</arg>
<arg>password</arg>
<doc>Returns a list containing given items.</doc>
<status status="PASS" start="2024-05-06T08:18:24.111383" elapsed="0.000163"/>
</kw>
<for flavor="IN">
<iter>
<kw name="Dictionary Should Contain Key" owner="Collections">
<msg time="2024-05-06T08:18:24.112444" level="INFO">False</msg>
<arg>${json_data['results'][0]['login']}</arg>
<arg>${keyTwo}</arg>
<doc>Fails if ``key`` is not found from ``dictionary``.</doc>
<status status="PASS" start="2024-05-06T08:18:24.112050" elapsed="0.000467"/>
</kw>
<kw name="Dictionary Should Contain Key" owner="Collections">
<msg time="2024-05-06T08:18:24.113218" level="INFO">False</msg>
<arg>${json_data['results'][0]['login']}</arg>
<arg>${keyTwo}</arg>
<doc>Fails if ``key`` is not found from ``dictionary``.</doc>
<status status="PASS" start="2024-05-06T08:18:24.112832" elapsed="0.000423"/>
</kw>
<kw name="Log" owner="BuiltIn">
<msg time="2024-05-06T08:18:24.113680" level="INFO">username</msg>
<arg>${keyTwo}</arg>
<doc>Logs the given message with the given level.</doc>
<status status="PASS" start="2024-05-06T08:18:24.113552" elapsed="0.000170"/>
</kw>
<var name="${keyTwo}">username</var>
<status status="PASS" start="2024-05-06T08:18:24.111939" elapsed="0.001998"/>
</iter>
<iter>
<kw name="Dictionary Should Contain Key" owner="Collections">
<msg time="2024-05-06T08:18:24.114692" level="INFO">False</msg>
<arg>${json_data['results'][0]['login']}</arg>
<arg>${keyTwo}</arg>
<doc>Fails if ``key`` is not found from ``dictionary``.</doc>
<status status="PASS" start="2024-05-06T08:18:24.114221" elapsed="0.000511"/>
</kw>
<kw name="Dictionary Should Contain Key" owner="Collections">
<msg time="2024-05-06T08:18:24.115413" level="INFO">False</msg>
<arg>${json_data['results'][0]['login']}</arg>
<arg>${keyTwo}</arg>
<doc>Fails if ``key`` is not found from ``dictionary``.</doc>
<status status="PASS" start="2024-05-06T08:18:24.115031" elapsed="0.000420"/>
</kw>
<kw name="Log" owner="BuiltIn">
<msg time="2024-05-06T08:18:24.115877" level="INFO">password</msg>
<arg>${keyTwo}</arg>
<doc>Logs the given message with the given level.</doc>
<status status="PASS" start="2024-05-06T08:18:24.115750" elapsed="0.000165"/>
</kw>
<var name="${keyTwo}">password</var>
<status status="PASS" start="2024-05-06T08:18:24.114110" elapsed="0.002022"/>
</iter>
<var>${keyTwo}</var>
<value>@{expected_keysTwo}</value>
<status status="PASS" start="2024-05-06T08:18:24.111786" elapsed="0.004466"/>
</for>
<status status="PASS" start="2024-05-06T08:18:23.990393" elapsed="0.126003"/>
</kw>
<doc>Testa a estrutura da resposta da API.</doc>
<tag>testeEstruturaResposta</tag>
<status status="PASS" start="2024-05-06T08:18:23.989764" elapsed="0.126834"/>
</test>
<test id="s1-s1-t4" name="Validar tipos de dados" line="28">
<kw name="Teste de Tipos de Dados" owner="random-user-service">
<kw name="GET On Session" owner="RequestsLibrary">
<msg time="2024-05-06T08:18:24.221186" level="INFO">GET Request : url=https://randomuser.me/api 
 path_url=/api 
 headers={'User-Agent': 'python-requests/2.31.0', 'Accept-Encoding': 'gzip, deflate', 'Accept': '*/*', 'Connection': 'keep-alive'} 
 body=None 
 </msg>
<msg time="2024-05-06T08:18:24.221299" level="INFO">GET Response : url=https://randomuser.me/api 
 status=200, reason=OK 
 headers={'Date': 'Mon, 06 May 2024 08:18:24 GMT', 'Content-Type': 'application/json; charset=utf-8', 'Transfer-Encoding': 'chunked', 'Connection': 'keep-alive', 'X-Powered-By': 'Express', 'Access-Control-Allow-Origin': '*', 'Cache-Control': 'no-cache', 'ETag': 'W/"49e-991papgjbWQwonvwCoQBZytlmVI"', 'Vary': 'Accept-Encoding', 'Content-Encoding': 'gzip', 'CF-Cache-Status': 'DYNAMIC', 'Report-To': '{"endpoints":[{"url":"https:\\/\\/a.nel.cloudflare.com\\/report\\/v4?s=55AKGXaJRdISAlurJfPMg9q60oZVEI7IWon877yExc%2FKKHyEWz4EhreEITkHfKFEjQGuVAbPdGMW4VJyCWktVk95hh2fNSbFut%2BqLwRAHjlL3PsP3koJ3rt3toBtaHMH"}],"group":"cf-nel","max_age":604800}', 'NEL': '{"success_fraction":0,"report_to":"cf-nel","max_age":604800}', 'Server': 'cloudflare', 'CF-RAY': '87f78a14cd83f9e0-SJC', 'alt-svc': 'h3=":443"; ma=86400'} 
 body={"results":[{"gender":"female","name":{"title":"Miss","first":"Marina","last":"Nunes"},"location":{"street":{"number":6134,"name":"Avenida D. Pedro Ii"},"city":"Valinhos","state":"Espírito Santo","country":"Brazil","postcode":51542,"coordinates":{"latitude":"-77.2512","longitude":"46.4414"},"timezone":{"offset":"+2:00","description":"Kaliningrad, South Africa"}},"email":"marina.nunes@example.com","login":{"uuid":"ab0890f4-7b3a-46fd-9eb4-94263b7f54ed","username":"crazymeercat355","password":"piano","salt":"SmQz8YJ6","md5":"7c2dac3bcbfdb4567d944cb0585fed64","sha1":"2372ecff213a7b2a94d0a32ebd9ac7e1314f7a12","sha256":"49679ffb256f7510dbfc7113528426208cc267c33c6462e40a666d7299ebc8eb"},"dob":{"date":"1951-10-27T21:44:50.457Z","age":72},"registered":{"date":"2010-10-03T10:52:53.808Z","age":13},"phone":"(64) 9328-8320","cell":"(97) 0964-2644","id":{"name":"CPF","value":"000.927.118-18"},"picture":{"large":"https://randomuser.me/api/portraits/women/21.jpg","medium":"https://randomuser.me/api/portraits/med/women/21.jpg","thumbnail":"https://randomuser.me/api/portraits/thumb/women/21.jpg"},"nat":"BR"}],"info":{"seed":"2a6251140fe19570","results":1,"page":1,"version":"1.4"}} 
 </msg>
<msg time="2024-05-06T08:18:24.221396" level="INFO">/opt/hostedtoolcache/Python/3.12.3/x64/lib/python3.12/site-packages/urllib3/connectionpool.py:1103: InsecureRequestWarning: Unverified HTTPS request is being made to host 'randomuser.me'. Adding certificate verification is strongly advised. See: https://urllib3.readthedocs.io/en/latest/advanced-usage.html#tls-warnings
  warnings.warn(</msg>
<msg time="2024-05-06T08:18:24.221539" level="INFO">${response} = &lt;Response [200]&gt;</msg>
<var>${response}</var>
<arg>consultarAPI</arg>
<arg>/api</arg>
<doc>Sends a GET request on a previously created HTTP Session.</doc>
<status status="PASS" start="2024-05-06T08:18:24.119181" elapsed="0.102405"/>
</kw>
<kw name="Set Variable" owner="BuiltIn">
<msg time="2024-05-06T08:18:24.222839" level="INFO">${json_data} = {'results': [{'gender': 'female', 'name': {'title': 'Miss', 'first': 'Marina', 'last': 'Nunes'}, 'location': {'street': {'number': 6134, 'name': 'Avenida D. Pedro Ii'}, 'city': 'Valinhos', 'state': 'E...</msg>
<var>${json_data}</var>
<arg>${response.json()}</arg>
<doc>Returns the given values which can then be assigned to a variables.</doc>
<status status="PASS" start="2024-05-06T08:18:24.222253" elapsed="0.000615"/>
</kw>
<kw name="Log" owner="BuiltIn">
<msg time="2024-05-06T08:18:24.223342" level="INFO">{'results': [{'gender': 'female', 'name': {'title': 'Miss', 'first': 'Marina', 'last': 'Nunes'}, 'location': {'street': {'number': 6134, 'name': 'Avenida D. Pedro Ii'}, 'city': 'Valinhos', 'state': 'Espírito Santo', 'country': 'Brazil', 'postcode': 51542, 'coordinates': {'latitude': '-77.2512', 'longitude': '46.4414'}, 'timezone': {'offset': '+2:00', 'description': 'Kaliningrad, South Africa'}}, 'email': 'marina.nunes@example.com', 'login': {'uuid': 'ab0890f4-7b3a-46fd-9eb4-94263b7f54ed', 'username': 'crazymeercat355', 'password': 'piano', 'salt': 'SmQz8YJ6', 'md5': '7c2dac3bcbfdb4567d944cb0585fed64', 'sha1': '2372ecff213a7b2a94d0a32ebd9ac7e1314f7a12', 'sha256': '49679ffb256f7510dbfc7113528426208cc267c33c6462e40a666d7299ebc8eb'}, 'dob': {'date': '1951-10-27T21:44:50.457Z', 'age': 72}, 'registered': {'date': '2010-10-03T10:52:53.808Z', 'age': 13}, 'phone': '(64) 9328-8320', 'cell': '(97) 0964-2644', 'id': {'name': 'CPF', 'value': '000.927.118-18'}, 'picture': {'large': 'https://randomuser.me/api/portraits/women/21.jpg', 'medium': 'https://randomuser.me/api/portraits/med/women/21.jpg', 'thumbnail': 'https://randomuser.me/api/portraits/thumb/women/21.jpg'}, 'nat': 'BR'}], 'info': {'seed': '2a6251140fe19570', 'results': 1, 'page': 1, 'version': '1.4'}}</msg>
<arg>${json_data}</arg>
<doc>Logs the given message with the given level.</doc>
<status status="PASS" start="2024-05-06T08:18:24.223183" elapsed="0.000246"/>
</kw>
<kw name="Should Be String" owner="String">
<arg>${json_data['results'][0]['gender']}</arg>
<doc>Fails if the given ``item`` is not a string.</doc>
<status status="PASS" start="2024-05-06T08:18:24.223732" elapsed="0.000370"/>
</kw>
<kw name="Should Match Regexp" owner="BuiltIn">
<arg>${json_data['results'][0]['email']}</arg>
<arg>^[a-zA-Z0-9._%+-]+@[a-zA-Z0-9.-]+\.[a-zA-Z]{2,}$</arg>
<doc>Fails if ``string`` does not match ``pattern`` as a regular expression.</doc>
<status status="PASS" start="2024-05-06T08:18:24.224296" elapsed="0.000569"/>
</kw>
<kw name="Should Match Regexp" owner="BuiltIn">
<arg>${json_data['results'][0]['dob']['date']}</arg>
<arg>\\d{4}-\\d{2}-\\d{2}T\\d{2}:\\d{2}:\\d{2}\\.\\d{3}Z</arg>
<doc>Fails if ``string`` does not match ``pattern`` as a regular expression.</doc>
<status status="PASS" start="2024-05-06T08:18:24.225064" elapsed="0.000501"/>
</kw>
<kw name="Should Match Regexp" owner="BuiltIn">
<arg>${json_data['results'][0]['registered']['date']}</arg>
<arg>\\d{4}-\\d{2}-\\d{2}T\\d{2}:\\d{2}:\\d{2}\\.\\d{3}Z</arg>
<doc>Fails if ``string`` does not match ``pattern`` as a regular expression.</doc>
<status status="PASS" start="2024-05-06T08:18:24.225760" elapsed="0.000378"/>
</kw>
<kw name="Should Match Regexp" owner="BuiltIn">
<arg>${json_data['results'][0]['picture']['large']}</arg>
<arg>^https?://.*\.(?:png|jpe?g|gif|bmp)$</arg>
<doc>Fails if ``string`` does not match ``pattern`` as a regular expression.</doc>
<status status="PASS" start="2024-05-06T08:18:24.226333" elapsed="0.000465"/>
</kw>
<kw name="Should Match Regexp" owner="BuiltIn">
<arg>${json_data['results'][0]['picture']['medium']}</arg>
<arg>^https?://.*\.(?:png|jpe?g|gif|bmp)$</arg>
<doc>Fails if ``string`` does not match ``pattern`` as a regular expression.</doc>
<status status="PASS" start="2024-05-06T08:18:24.226990" elapsed="0.000372"/>
</kw>
<kw name="Should Match Regexp" owner="BuiltIn">
<arg>${json_data['results'][0]['picture']['thumbnail']}</arg>
<arg>^https?://.*\.(?:png|jpe?g|gif|bmp)$</arg>
<doc>Fails if ``string`` does not match ``pattern`` as a regular expression.</doc>
<status status="PASS" start="2024-05-06T08:18:24.227554" elapsed="0.000353"/>
</kw>
<kw name="Log" owner="BuiltIn">
<msg time="2024-05-06T08:18:24.228409" level="INFO">{'large': 'https://randomuser.me/api/portraits/women/21.jpg', 'medium': 'https://randomuser.me/api/portraits/med/women/21.jpg', 'thumbnail': 'https://randomuser.me/api/portraits/thumb/women/21.jpg'}</msg>
<arg>${json_data['results'][0]['picture']}</arg>
<doc>Logs the given message with the given level.</doc>
<status status="PASS" start="2024-05-06T08:18:24.228087" elapsed="0.000385"/>
</kw>
<status status="PASS" start="2024-05-06T08:18:24.118953" elapsed="0.109792"/>
</kw>
<kw name="Teste de Tipos de Dados - Postcode" owner="random-user-service">
<kw name="GET On Session" owner="RequestsLibrary">
<msg time="2024-05-06T08:18:24.314719" level="INFO">GET Request : url=https://randomuser.me/api 
 path_url=/api 
 headers={'User-Agent': 'python-requests/2.31.0', 'Accept-Encoding': 'gzip, deflate', 'Accept': '*/*', 'Connection': 'keep-alive'} 
 body=None 
 </msg>
<msg time="2024-05-06T08:18:24.314830" level="INFO">GET Response : url=https://randomuser.me/api 
 status=200, reason=OK 
 headers={'Date': 'Mon, 06 May 2024 08:18:24 GMT', 'Content-Type': 'application/json; charset=utf-8', 'Transfer-Encoding': 'chunked', 'Connection': 'keep-alive', 'X-Powered-By': 'Express', 'Access-Control-Allow-Origin': '*', 'Cache-Control': 'no-cache', 'ETag': 'W/"4a4-4vAqkiFznEOgmRHpZ+ZhhoGBIpk"', 'Vary': 'Accept-Encoding', 'Content-Encoding': 'gzip', 'CF-Cache-Status': 'DYNAMIC', 'Report-To': '{"endpoints":[{"url":"https:\\/\\/a.nel.cloudflare.com\\/report\\/v4?s=KEdmgQ6n8GxYb4CDoZ8B1oze0z7hS%2BalX5B3%2FhPwy0WEc2bv2W%2FiIWF8DYq%2F9YGoY7msz3lHoM72xxxe7proyKod55lnL8FaUwCTwxTSVyKAtXsZ1UtOW5o7g3CFMd3z"}],"group":"cf-nel","max_age":604800}', 'NEL': '{"success_fraction":0,"report_to":"cf-nel","max_age":604800}', 'Server': 'cloudflare', 'CF-RAY': '87f78a157dfbf9e0-SJC', 'alt-svc': 'h3=":443"; ma=86400'} 
 body={"results":[{"gender":"female","name":{"title":"Mrs","first":"Alma","last":"Peterson"},"location":{"street":{"number":5135,"name":"Oak Lawn Ave"},"city":"Lewisville","state":"Arizona","country":"United States","postcode":17452,"coordinates":{"latitude":"88.6850","longitude":"18.6044"},"timezone":{"offset":"-5:00","description":"Eastern Time (US &amp; Canada), Bogota, Lima"}},"email":"alma.peterson@example.com","login":{"uuid":"0b848970-1f9b-4d1f-82b6-b9c95252160c","username":"happypanda636","password":"pinetree","salt":"8LT3f9sk","md5":"f9132f4eb47c5f96e8cdf72719e2ff54","sha1":"b6a278bc0ef312aa653477673bde77c02414cb92","sha256":"c15da84ec43a05e6e3af47baa82b7c207c485670d050272f5447e385716b5a21"},"dob":{"date":"1987-06-02T14:55:15.765Z","age":36},"registered":{"date":"2014-06-24T06:04:43.702Z","age":9},"phone":"(331) 240-7628","cell":"(761) 696-7096","id":{"name":"SSN","value":"776-99-7944"},"picture":{"large":"https://randomuser.me/api/portraits/women/34.jpg","medium":"https://randomuser.me/api/portraits/med/women/34.jpg","thumbnail":"https://randomuser.me/api/portraits/thumb/women/34.jpg"},"nat":"US"}],"info":{"seed":"0bb1dbafde20c81c","results":1,"page":1,"version":"1.4"}} 
 </msg>
<msg time="2024-05-06T08:18:24.314928" level="INFO">/opt/hostedtoolcache/Python/3.12.3/x64/lib/python3.12/site-packages/urllib3/connectionpool.py:1103: InsecureRequestWarning: Unverified HTTPS request is being made to host 'randomuser.me'. Adding certificate verification is strongly advised. See: https://urllib3.readthedocs.io/en/latest/advanced-usage.html#tls-warnings
  warnings.warn(</msg>
<msg time="2024-05-06T08:18:24.315052" level="INFO">${response} = &lt;Response [200]&gt;</msg>
<var>${response}</var>
<arg>consultarAPI</arg>
<arg>/api</arg>
<doc>Sends a GET request on a previously created HTTP Session.</doc>
<status status="PASS" start="2024-05-06T08:18:24.229217" elapsed="0.085875"/>
</kw>
<kw name="Set Variable" owner="BuiltIn">
<msg time="2024-05-06T08:18:24.316305" level="INFO">${json_data} = {'results': [{'gender': 'female', 'name': {'title': 'Mrs', 'first': 'Alma', 'last': 'Peterson'}, 'location': {'street': {'number': 5135, 'name': 'Oak Lawn Ave'}, 'city': 'Lewisville', 'state': 'Arizon...</msg>
<var>${json_data}</var>
<arg>${response.json()}</arg>
<doc>Returns the given values which can then be assigned to a variables.</doc>
<status status="PASS" start="2024-05-06T08:18:24.315732" elapsed="0.000602"/>
</kw>
<kw name="Log" owner="BuiltIn">
<msg time="2024-05-06T08:18:24.316905" level="INFO">{'results': [{'gender': 'female', 'name': {'title': 'Mrs', 'first': 'Alma', 'last': 'Peterson'}, 'location': {'street': {'number': 5135, 'name': 'Oak Lawn Ave'}, 'city': 'Lewisville', 'state': 'Arizona', 'country': 'United States', 'postcode': 17452, 'coordinates': {'latitude': '88.6850', 'longitude': '18.6044'}, 'timezone': {'offset': '-5:00', 'description': 'Eastern Time (US &amp; Canada), Bogota, Lima'}}, 'email': 'alma.peterson@example.com', 'login': {'uuid': '0b848970-1f9b-4d1f-82b6-b9c95252160c', 'username': 'happypanda636', 'password': 'pinetree', 'salt': '8LT3f9sk', 'md5': 'f9132f4eb47c5f96e8cdf72719e2ff54', 'sha1': 'b6a278bc0ef312aa653477673bde77c02414cb92', 'sha256': 'c15da84ec43a05e6e3af47baa82b7c207c485670d050272f5447e385716b5a21'}, 'dob': {'date': '1987-06-02T14:55:15.765Z', 'age': 36}, 'registered': {'date': '2014-06-24T06:04:43.702Z', 'age': 9}, 'phone': '(331) 240-7628', 'cell': '(761) 696-7096', 'id': {'name': 'SSN', 'value': '776-99-7944'}, 'picture': {'large': 'https://randomuser.me/api/portraits/women/34.jpg', 'medium': 'https://randomuser.me/api/portraits/med/women/34.jpg', 'thumbnail': 'https://randomuser.me/api/portraits/thumb/women/34.jpg'}, 'nat': 'US'}], 'info': {'seed': '0bb1dbafde20c81c', 'results': 1, 'page': 1, 'version': '1.4'}}</msg>
<arg>${json_data}</arg>
<doc>Logs the given message with the given level.</doc>
<status status="PASS" start="2024-05-06T08:18:24.316740" elapsed="0.000253"/>
</kw>
<kw name="Should Be Equal As Numbers" owner="BuiltIn">
<arg>${json_data['results'][0]['location']['postcode']}</arg>
<arg>${json_data['results'][0]['location']['postcode']}</arg>
<doc>Fails if objects are unequal after converting them to real numbers.</doc>
<status status="PASS" start="2024-05-06T08:18:24.317492" elapsed="0.000644"/>
</kw>
<kw name="Log" owner="BuiltIn">
<msg time="2024-05-06T08:18:24.318669" level="INFO">17452</msg>
<arg>${json_data['results'][0]['location']['postcode']}</arg>
<doc>Logs the given message with the given level.</doc>
<status status="PASS" start="2024-05-06T08:18:24.318330" elapsed="0.000380"/>
</kw>
<status status="PASS" start="2024-05-06T08:18:24.228980" elapsed="0.089990"/>
</kw>
<doc>Testa se os tipos de dados na resposta da API estão corretos.</doc>
<tag>testeTiposDados</tag>
<status status="PASS" start="2024-05-06T08:18:24.118403" elapsed="0.200741"/>
</test>
<test id="s1-s1-t5" name="Validar conteudo" line="35">
<kw name="Teste de Tipos de Conteudo" owner="random-user-service">
<kw name="GET On Session" owner="RequestsLibrary">
<msg time="2024-05-06T08:18:24.424981" level="INFO">GET Request : url=https://randomuser.me/api 
 path_url=/api 
 headers={'User-Agent': 'python-requests/2.31.0', 'Accept-Encoding': 'gzip, deflate', 'Accept': '*/*', 'Connection': 'keep-alive'} 
 body=None 
 </msg>
<msg time="2024-05-06T08:18:24.425092" level="INFO">GET Response : url=https://randomuser.me/api 
 status=200, reason=OK 
 headers={'Date': 'Mon, 06 May 2024 08:18:24 GMT', 'Content-Type': 'application/json; charset=utf-8', 'Transfer-Encoding': 'chunked', 'Connection': 'keep-alive', 'X-Powered-By': 'Express', 'Access-Control-Allow-Origin': '*', 'Cache-Control': 'no-cache', 'ETag': 'W/"475-0TZTITqqal012e6q7cC3Lqxtg8c"', 'Vary': 'Accept-Encoding', 'Content-Encoding': 'gzip', 'CF-Cache-Status': 'DYNAMIC', 'Report-To': '{"endpoints":[{"url":"https:\\/\\/a.nel.cloudflare.com\\/report\\/v4?s=RI2KH3Ub3NihbymkHRl2iBsdGrvV%2FYxsl7FvzZK%2BVasuY3p3u7ZPLSoTwo4Q%2BngKEx6bcDP8NWVNyz2BIKDpbJfe9z0lFEvd339B3AH3BVvm6pQEfKLB1DsZOyCkn3LE"}],"group":"cf-nel","max_age":604800}', 'NEL': '{"success_fraction":0,"report_to":"cf-nel","max_age":604800}', 'Server': 'cloudflare', 'CF-RAY': '87f78a160e84f9e0-SJC', 'alt-svc': 'h3=":443"; ma=86400'} 
 body={"results":[{"gender":"female","name":{"title":"Miss","first":"Chloe","last":"Fletcher"},"location":{"street":{"number":6187,"name":"O'Connell Street"},"city":"Cork","state":"Sligo","country":"Ireland","postcode":44557,"coordinates":{"latitude":"-3.9025","longitude":"41.7535"},"timezone":{"offset":"-10:00","description":"Hawaii"}},"email":"chloe.fletcher@example.com","login":{"uuid":"3421984c-6da6-408d-b9d7-8a0b59b6e874","username":"heavyleopard694","password":"spidey","salt":"3OyaHZ0L","md5":"cbaa708b79fd99ff0b4a0e3b7a0725b9","sha1":"4f1be3893993c616a7709432f87204241b72b3d8","sha256":"05d861b738ce53773296c1a2d6095e6ad9f2ab775c713bccdd841c9632986f83"},"dob":{"date":"1947-01-11T05:29:51.190Z","age":77},"registered":{"date":"2016-08-02T15:53:51.773Z","age":7},"phone":"051-638-5423","cell":"081-356-7350","id":{"name":"PPS","value":"3341154T"},"picture":{"large":"https://randomuser.me/api/portraits/women/33.jpg","medium":"https://randomuser.me/api/portraits/med/women/33.jpg","thumbnail":"https://randomuser.me/api/portraits/thumb/women/33.jpg"},"nat":"IE"}],"info":{"seed":"00d338866838f1dc","results":1,"page":1,"version":"1.4"}} 
 </msg>
<msg time="2024-05-06T08:18:24.425167" level="INFO">/opt/hostedtoolcache/Python/3.12.3/x64/lib/python3.12/site-packages/urllib3/connectionpool.py:1103: InsecureRequestWarning: Unverified HTTPS request is being made to host 'randomuser.me'. Adding certificate verification is strongly advised. See: https://urllib3.readthedocs.io/en/latest/advanced-usage.html#tls-warnings
  warnings.warn(</msg>
<msg time="2024-05-06T08:18:24.425284" level="INFO">${response} = &lt;Response [200]&gt;</msg>
<var>${response}</var>
<arg>consultarAPI</arg>
<arg>/api</arg>
<doc>Sends a GET request on a previously created HTTP Session.</doc>
<status status="PASS" start="2024-05-06T08:18:24.321772" elapsed="0.103539"/>
</kw>
<kw name="Set Variable" owner="BuiltIn">
<msg time="2024-05-06T08:18:24.426371" level="INFO">${json_data} = {'results': [{'gender': 'female', 'name': {'title': 'Miss', 'first': 'Chloe', 'last': 'Fletcher'}, 'location': {'street': {'number': 6187, 'name': "O'Connell Street"}, 'city': 'Cork', 'state': 'Sligo'...</msg>
<var>${json_data}</var>
<arg>${response.json()}</arg>
<doc>Returns the given values which can then be assigned to a variables.</doc>
<status status="PASS" start="2024-05-06T08:18:24.425853" elapsed="0.000546"/>
</kw>
<kw name="Set Variable" owner="BuiltIn">
<msg time="2024-05-06T08:18:24.427091" level="INFO">${name_title} = Miss</msg>
<var>${name_title}</var>
<arg>${json_data["results"][0]["name"]["title"]}</arg>
<doc>Returns the given values which can then be assigned to a variables.</doc>
<status status="PASS" start="2024-05-06T08:18:24.426704" elapsed="0.000412"/>
</kw>
<kw name="Create List" owner="BuiltIn">
<msg time="2024-05-06T08:18:24.427570" level="INFO">${allowed_titles} = ['Mr', 'Ms', 'Miss', 'Mrs', 'Madame', 'Monsieur']</msg>
<var>${allowed_titles}</var>
<arg>Mr</arg>
<arg>Ms</arg>
<arg>Miss</arg>
<arg>Mrs</arg>
<arg>Madame</arg>
<arg>Monsieur</arg>
<doc>Returns a list containing given items.</doc>
<status status="PASS" start="2024-05-06T08:18:24.427419" elapsed="0.000175"/>
</kw>
<kw name="List Should Contain Value" owner="Collections">
<msg time="2024-05-06T08:18:24.428069" level="INFO">False</msg>
<arg>${allowed_titles}</arg>
<arg>${name_title}</arg>
<doc>Fails if the ``value`` is not found from ``list``.</doc>
<status status="PASS" start="2024-05-06T08:18:24.427896" elapsed="0.000211"/>
</kw>
<kw name="Set Variable" owner="BuiltIn">
<msg time="2024-05-06T08:18:24.428825" level="INFO">${name_country} = IE</msg>
<var>${name_country}</var>
<arg>${json_data["results"][0]["nat"]}</arg>
<doc>Returns the given values which can then be assigned to a variables.</doc>
<status status="PASS" start="2024-05-06T08:18:24.428403" elapsed="0.000448"/>
</kw>
<kw name="Create List" owner="BuiltIn">
<msg time="2024-05-06T08:18:24.429757" level="INFO">${list_country} = ['AD', 'AE', 'AF', 'AG', 'AI', 'AL', 'AM', 'AO', 'AQ', 'AR', 'AS', 'AT', 'AU', 'AW', 'AX', 'AZ', 'BA', 'BB', 'BD', 'BE', 'BF', 'BG', 'BH', 'BI', 'BJ', 'BL', 'BM', 'BN', 'BO', 'BQ', 'BR', 'BS', 'BT', '...</msg>
<var>${list_country}</var>
<arg>AD</arg>
<arg>AE</arg>
<arg>AF</arg>
<arg>AG</arg>
<arg>AI</arg>
<arg>AL</arg>
<arg>AM</arg>
<arg>AO</arg>
<arg>AQ</arg>
<arg>AR</arg>
<arg>AS</arg>
<arg>AT</arg>
<arg>AU</arg>
<arg>AW</arg>
<arg>AX</arg>
<arg>AZ</arg>
<arg>BA</arg>
<arg>BB</arg>
<arg>BD</arg>
<arg>BE</arg>
<arg>BF</arg>
<arg>BG</arg>
<arg>BH</arg>
<arg>BI</arg>
<arg>BJ</arg>
<arg>BL</arg>
<arg>BM</arg>
<arg>BN</arg>
<arg>BO</arg>
<arg>BQ</arg>
<arg>BR</arg>
<arg>BS</arg>
<arg>BT</arg>
<arg>BV</arg>
<arg>BW</arg>
<arg>BY</arg>
<arg>BZ</arg>
<arg>CA</arg>
<arg>CC</arg>
<arg>CD</arg>
<arg>CF</arg>
<arg>CG</arg>
<arg>CH</arg>
<arg>CI</arg>
<arg>CK</arg>
<arg>CL</arg>
<arg>CM</arg>
<arg>CN</arg>
<arg>CO</arg>
<arg>CR</arg>
<arg>CU</arg>
<arg>CV</arg>
<arg>CW</arg>
<arg>CX</arg>
<arg>CY</arg>
<arg>CZ</arg>
<arg>DE</arg>
<arg>DJ</arg>
<arg>DK</arg>
<arg>DM</arg>
<arg>DO</arg>
<arg>DZ</arg>
<arg>EC</arg>
<arg>EE</arg>
<arg>EG</arg>
<arg>EH</arg>
<arg>ER</arg>
<arg>ES</arg>
<arg>ET</arg>
<arg>FI</arg>
<arg>FJ</arg>
<arg>FK</arg>
<arg>FM</arg>
<arg>FO</arg>
<arg>FR</arg>
<arg>GA</arg>
<arg>GB</arg>
<arg>GD</arg>
<arg>GE</arg>
<arg>GF</arg>
<arg>GG</arg>
<arg>GH</arg>
<arg>GI</arg>
<arg>GL</arg>
<arg>GM</arg>
<arg>GN</arg>
<arg>GP</arg>
<arg>GQ</arg>
<arg>GR</arg>
<arg>GS</arg>
<arg>GT</arg>
<arg>GU</arg>
<arg>GW</arg>
<arg>GY</arg>
<arg>HK</arg>
<arg>HM</arg>
<arg>HN</arg>
<arg>HR</arg>
<arg>HT</arg>
<arg>HU</arg>
<arg>ID</arg>
<arg>IE</arg>
<arg>IL</arg>
<arg>IM</arg>
<arg>IN</arg>
<arg>IO</arg>
<arg>IQ</arg>
<arg>IR</arg>
<arg>IS</arg>
<arg>IT</arg>
<arg>JE</arg>
<arg>JM</arg>
<arg>JO</arg>
<arg>JP</arg>
<arg>KE</arg>
<arg>KG</arg>
<arg>KH</arg>
<arg>KI</arg>
<arg>KM</arg>
<arg>KN</arg>
<arg>KP</arg>
<arg>KR</arg>
<arg>KW</arg>
<arg>KY</arg>
<arg>KZ</arg>
<arg>LA</arg>
<arg>LB</arg>
<arg>LC</arg>
<arg>LI</arg>
<arg>LK</arg>
<arg>LR</arg>
<arg>LS</arg>
<arg>LT</arg>
<arg>LU</arg>
<arg>LV</arg>
<arg>LY</arg>
<arg>MA</arg>
<arg>MC</arg>
<arg>MD</arg>
<arg>ME</arg>
<arg>MF</arg>
<arg>MG</arg>
<arg>MH</arg>
<arg>MK</arg>
<arg>ML</arg>
<arg>MM</arg>
<arg>MN</arg>
<arg>MO</arg>
<arg>MP</arg>
<arg>MQ</arg>
<arg>MR</arg>
<arg>MS</arg>
<arg>MT</arg>
<arg>MU</arg>
<arg>MV</arg>
<arg>MW</arg>
<arg>MX</arg>
<arg>MY</arg>
<arg>MZ</arg>
<arg>NA</arg>
<arg>NC</arg>
<arg>NE</arg>
<arg>NF</arg>
<arg>NG</arg>
<arg>NI</arg>
<arg>NL</arg>
<arg>NO</arg>
<arg>NP</arg>
<arg>NR</arg>
<arg>NU</arg>
<arg>NZ</arg>
<arg>OM</arg>
<arg>PA</arg>
<arg>PE</arg>
<arg>PF</arg>
<arg>PG</arg>
<arg>PH</arg>
<arg>PK</arg>
<arg>PL</arg>
<arg>PM</arg>
<arg>PN</arg>
<arg>PR</arg>
<arg>PS</arg>
<arg>PT</arg>
<arg>PW</arg>
<arg>PY</arg>
<arg>QA</arg>
<arg>RE</arg>
<arg>RO</arg>
<arg>RS</arg>
<arg>RU</arg>
<arg>RW</arg>
<arg>SA</arg>
<arg>SB</arg>
<arg>SC</arg>
<arg>SD</arg>
<arg>SE</arg>
<arg>SG</arg>
<arg>SH</arg>
<arg>SI</arg>
<arg>SJ</arg>
<arg>SK</arg>
<arg>SL</arg>
<arg>SM</arg>
<arg>SN</arg>
<arg>SO</arg>
<arg>SR</arg>
<arg>SS</arg>
<arg>ST</arg>
<arg>SV</arg>
<arg>SX</arg>
<arg>SY</arg>
<arg>SZ</arg>
<arg>TC</arg>
<arg>TD</arg>
<arg>TF</arg>
<arg>TG</arg>
<arg>TH</arg>
<arg>TJ</arg>
<arg>TK</arg>
<arg>TL</arg>
<arg>TM</arg>
<arg>TN</arg>
<arg>TO</arg>
<arg>TR</arg>
<arg>TT</arg>
<arg>TV</arg>
<arg>TW</arg>
<arg>TZ</arg>
<arg>UA</arg>
<arg>UG</arg>
<arg>UM</arg>
<arg>US</arg>
<arg>UY</arg>
<arg>UZ</arg>
<arg>VA</arg>
<arg>VC</arg>
<arg>VE</arg>
<arg>VG</arg>
<arg>VI</arg>
<arg>VN</arg>
<arg>VU</arg>
<arg>WF</arg>
<arg>WS</arg>
<arg>XK</arg>
<arg>YE</arg>
<arg>YT</arg>
<arg>ZA</arg>
<arg>ZM</arg>
<arg>ZW</arg>
<doc>Returns a list containing given items.</doc>
<status status="PASS" start="2024-05-06T08:18:24.429158" elapsed="0.000626"/>
</kw>
<kw name="List Should Contain Value" owner="Collections">
<msg time="2024-05-06T08:18:24.430789" level="INFO">False</msg>
<arg>${list_country}</arg>
<arg>${name_country}</arg>
<doc>Fails if the ``value`` is not found from ``list``.</doc>
<status status="PASS" start="2024-05-06T08:18:24.430587" elapsed="0.000238"/>
</kw>
<kw name="Run Keyword If" owner="BuiltIn">
<kw name="Should Be True" owner="BuiltIn">
<arg>${True}</arg>
<doc>Fails if the given condition is not true.</doc>
<status status="PASS" start="2024-05-06T08:18:24.431904" elapsed="0.000260"/>
</kw>
<arg>${json_data["results"][0]["location"]["coordinates"]["latitude"]} &gt;= -90 and ${json_data["results"][0]["location"]["coordinates"]["latitude"]} &lt;= 90</arg>
<arg>Should Be True</arg>
<arg>${True}</arg>
<doc>Runs the given keyword with the given arguments, if ``condition`` is true.</doc>
<status status="PASS" start="2024-05-06T08:18:24.431140" elapsed="0.001161"/>
</kw>
<kw name="Run Keyword If" owner="BuiltIn">
<kw name="Should Be True" owner="BuiltIn">
<arg>${True}</arg>
<doc>Fails if the given condition is not true.</doc>
<status status="PASS" start="2024-05-06T08:18:24.433236" elapsed="0.000139"/>
</kw>
<arg>${json_data["results"][0]["location"]["coordinates"]["longitude"]} &gt;= -180 and ${json_data["results"][0]["location"]["coordinates"]["longitude"]} &lt;= 180</arg>
<arg>Should Be True</arg>
<arg>${True}</arg>
<doc>Runs the given keyword with the given arguments, if ``condition`` is true.</doc>
<status status="PASS" start="2024-05-06T08:18:24.432509" elapsed="0.000991"/>
</kw>
<status status="PASS" start="2024-05-06T08:18:24.321530" elapsed="0.112103"/>
</kw>
<doc>Testa o conteúdo específico dos campos retornados pela API.</doc>
<tag>testeConteudo</tag>
<status status="PASS" start="2024-05-06T08:18:24.320987" elapsed="0.112801"/>
</test>
<status status="PASS" start="2024-05-06T08:18:23.542559" elapsed="0.893221"/>
</suite>
<status status="PASS" start="2024-05-06T08:18:23.528787" elapsed="0.912214"/>
</suite>
<statistics>
<total>
<stat pass="5" fail="0" skip="0">All Tests</stat>
</total>
<tag>
<stat pass="1" fail="0" skip="0">testeConteudo</stat>
<stat pass="1" fail="0" skip="0">testeEstruturaResposta</stat>
<stat pass="1" fail="0" skip="0">testeRequisicaoBasica</stat>
<stat pass="1" fail="0" skip="0">testeTiposDados</stat>
</tag>
<suite>
<stat pass="5" fail="0" skip="0" id="s1" name="Tests">Tests</stat>
<stat pass="5" fail="0" skip="0" id="s1-s1" name="Random-User-Test">Tests.Random-User-Test</stat>
</suite>
</statistics>
<errors>
</errors>
</robot>
