<?xml version="1.0" encoding="UTF-8"?>
<robot generator="Robot 7.0.1 (Python 3.12.4 on linux)" generated="2024-06-26T15:16:39.112692" rpa="false" schemaversion="5">
<suite id="s1" name="Tests" source="/home/runner/work/ApiRandomUser/ApiRandomUser/RamdonUser/tests">
<suite id="s1-s1" name="Random-User-Test" source="/home/runner/work/ApiRandomUser/ApiRandomUser/RamdonUser/tests/random-user-test.robot">
<test id="s1-s1-t1" name="Conectar" line="13">
<kw name="Conectar API" owner="random-user-service">
<kw name="Create Session" owner="RequestsLibrary">
<msg time="2024-06-26T15:16:39.529563" level="INFO">Creating Session using : alias=consultarAPI, url=https://randomuser.me/, headers={},                     cookies={}, auth=None, timeout=None, proxies=None, verify=False,                     debug=0 </msg>
<arg>consultarAPI</arg>
<arg>${URL}</arg>
<doc>Create Session: create a HTTP session to a server</doc>
<status status="PASS" start="2024-06-26T15:16:39.529352" elapsed="0.000399"/>
</kw>
<status status="PASS" start="2024-06-26T15:16:39.528367" elapsed="0.001793"/>
</kw>
<status status="PASS" start="2024-06-26T15:16:39.527799" elapsed="0.002558"/>
</test>
<test id="s1-s1-t2" name="Validar retorno 200 e JSON Válido" line="16">
<kw name="Teste de Requisicao Basica" owner="random-user-service">
<kw name="GET On Session" owner="RequestsLibrary">
<msg time="2024-06-26T15:16:39.891811" level="INFO">GET Request : url=https://randomuser.me/api 
 path_url=/api 
 headers={'User-Agent': 'python-requests/2.32.3', 'Accept-Encoding': 'gzip, deflate', 'Accept': '*/*', 'Connection': 'keep-alive'} 
 body=None 
 </msg>
<msg time="2024-06-26T15:16:39.891970" level="INFO">GET Response : url=https://randomuser.me/api 
 status=200, reason=OK 
 headers={'Date': 'Wed, 26 Jun 2024 15:16:39 GMT', 'Content-Type': 'application/json; charset=utf-8', 'Transfer-Encoding': 'chunked', 'Connection': 'keep-alive', 'X-Powered-By': 'Express', 'Access-Control-Allow-Origin': '*', 'Cache-Control': 'no-cache', 'ETag': 'W/"48f-k4z8zqn+eUaOrh4IFFHRHPBVqF0"', 'Vary': 'Accept-Encoding', 'Content-Encoding': 'gzip', 'CF-Cache-Status': 'DYNAMIC', 'Report-To': '{"endpoints":[{"url":"https:\\/\\/a.nel.cloudflare.com\\/report\\/v4?s=iAb8H1VpGY1NRPxlgqVKXOmv8vL2lsR1nV8ly9l2IqjB3AbnRGSPy3w9qp4jAN85cpOZngHk6OKbze7W3MW6q98bu3qGVN3fH2JciQBtPm3weOBsFJAu38T39lTarllI"}],"group":"cf-nel","max_age":604800}', 'NEL': '{"success_fraction":0,"report_to":"cf-nel","max_age":604800}', 'Server': 'cloudflare', 'CF-RAY': '899e28e4ae050ff5-LAX', 'alt-svc': 'h3=":443"; ma=86400'} 
 body={"results":[{"gender":"male","name":{"title":"Mr","first":"Slavuta","last":"Cegelskiy"},"location":{"street":{"number":7232,"name":"Krasovskogo"},"city":"Orihiv","state":"Donecka","country":"Ukraine","postcode":97182,"coordinates":{"latitude":"79.0478","longitude":"-40.3241"},"timezone":{"offset":"-5:00","description":"Eastern Time (US &amp; Canada), Bogota, Lima"}},"email":"slavuta.cegelskiy@example.com","login":{"uuid":"de4b3a3f-ecaf-4948-8c58-326c611e280c","username":"goldenleopard297","password":"shutup","salt":"4WN8KqId","md5":"26601e050bb12f0240e02f08e2e183e2","sha1":"89d0d8098d5dd075f80cb47d361f3426aa337502","sha256":"6277a8e7e23c9d1c39aedbacb4ce76118af682d02d29a1d032429041147096f1"},"dob":{"date":"1952-02-11T10:16:23.166Z","age":72},"registered":{"date":"2010-07-31T12:14:59.557Z","age":13},"phone":"(068) C09-1507","cell":"(099) X80-7132","id":{"name":"","value":null},"picture":{"large":"https://randomuser.me/api/portraits/men/77.jpg","medium":"https://randomuser.me/api/portraits/med/men/77.jpg","thumbnail":"https://randomuser.me/api/portraits/thumb/men/77.jpg"},"nat":"UA"}],"info":{"seed":"3f7c37cd5be2abd3","results":1,"page":1,"version":"1.4"}} 
 </msg>
<msg time="2024-06-26T15:16:39.892061" level="INFO">/opt/hostedtoolcache/Python/3.12.4/x64/lib/python3.12/site-packages/urllib3/connectionpool.py:1099: InsecureRequestWarning: Unverified HTTPS request is being made to host 'randomuser.me'. Adding certificate verification is strongly advised. See: https://urllib3.readthedocs.io/en/latest/advanced-usage.html#tls-warnings
  warnings.warn(</msg>
<msg time="2024-06-26T15:16:39.892228" level="INFO">${response} = &lt;Response [200]&gt;</msg>
<var>${response}</var>
<arg>consultarAPI</arg>
<arg>/api</arg>
<doc>Sends a GET request on a previously created HTTP Session.</doc>
<status status="PASS" start="2024-06-26T15:16:39.532956" elapsed="0.359316"/>
</kw>
<kw name="Should Be Equal As Numbers" owner="BuiltIn">
<msg time="2024-06-26T15:16:39.893282" level="INFO">Argument types are:
&lt;class 'int'&gt;
&lt;class 'str'&gt;</msg>
<arg>${response.status_code}</arg>
<arg>200</arg>
<doc>Fails if objects are unequal after converting them to real numbers.</doc>
<status status="PASS" start="2024-06-26T15:16:39.892821" elapsed="0.000525"/>
</kw>
<kw name="Log" owner="BuiltIn">
<msg time="2024-06-26T15:16:39.894057" level="INFO">200</msg>
<arg>${response.status_code}</arg>
<doc>Logs the given message with the given level.</doc>
<status status="PASS" start="2024-06-26T15:16:39.893660" elapsed="0.000439"/>
</kw>
<kw name="Set Variable" owner="BuiltIn">
<msg time="2024-06-26T15:16:39.894834" level="INFO">${json_data} = {'results': [{'gender': 'male', 'name': {'title': 'Mr', 'first': 'Slavuta', 'last': 'Cegelskiy'}, 'location': {'street': {'number': 7232, 'name': 'Krasovskogo'}, 'city': 'Orihiv', 'state': 'Donecka', ...</msg>
<var>${json_data}</var>
<arg>${response.json()}</arg>
<doc>Returns the given values which can then be assigned to a variables.</doc>
<status status="PASS" start="2024-06-26T15:16:39.894402" elapsed="0.000460"/>
</kw>
<kw name="Dictionary Should Contain Key" owner="Collections">
<arg>${json_data}</arg>
<arg>results</arg>
<doc>Fails if ``key`` is not found from ``dictionary``.</doc>
<status status="PASS" start="2024-06-26T15:16:39.895158" elapsed="0.000164"/>
</kw>
<status status="PASS" start="2024-06-26T15:16:39.532711" elapsed="0.362767"/>
</kw>
<doc>Testa se a API responde corretamente e retorna um objeto JSON válido.</doc>
<tag>testeRequisicaoBasica</tag>
<status status="PASS" start="2024-06-26T15:16:39.532230" elapsed="0.363422"/>
</test>
<test id="s1-s1-t3" name="Validar estrutura de resposta" line="22">
<kw name="Teste de Estrutura de Resposta" owner="random-user-service">
<kw name="GET On Session" owner="RequestsLibrary">
<msg time="2024-06-26T15:16:40.000487" level="INFO">GET Request : url=https://randomuser.me/api 
 path_url=/api 
 headers={'User-Agent': 'python-requests/2.32.3', 'Accept-Encoding': 'gzip, deflate', 'Accept': '*/*', 'Connection': 'keep-alive'} 
 body=None 
 </msg>
<msg time="2024-06-26T15:16:40.000583" level="INFO">GET Response : url=https://randomuser.me/api 
 status=200, reason=OK 
 headers={'Date': 'Wed, 26 Jun 2024 15:16:39 GMT', 'Content-Type': 'application/json; charset=utf-8', 'Transfer-Encoding': 'chunked', 'Connection': 'keep-alive', 'X-Powered-By': 'Express', 'Access-Control-Allow-Origin': '*', 'Cache-Control': 'no-cache', 'ETag': 'W/"481-w6ZZhAUsJE1tzBn0qjCAl1iMbcM"', 'Vary': 'Accept-Encoding', 'Content-Encoding': 'gzip', 'CF-Cache-Status': 'DYNAMIC', 'Report-To': '{"endpoints":[{"url":"https:\\/\\/a.nel.cloudflare.com\\/report\\/v4?s=MUBYyokulnfZw99YcTeiuD7Nx5LPKrj0pSej9rk%2FkV5JrdGousXRunu2Q94SdwoPrDfYRhX1x0BcWWSHAvVgvvZIfYr5i8q9BNXh7ZaTUFE3h%2BTZvyDGxu1raDYdhCCj"}],"group":"cf-nel","max_age":604800}', 'NEL': '{"success_fraction":0,"report_to":"cf-nel","max_age":604800}', 'Server': 'cloudflare', 'CF-RAY': '899e28e56eea0ff5-LAX', 'alt-svc': 'h3=":443"; ma=86400'} 
 body={"results":[{"gender":"male","name":{"title":"Mr","first":"Turbog","last":"Zhezher"},"location":{"street":{"number":5268,"name":"Fedora Zayceva"},"city":"Rzhishchiv","state":"Ternopilska","country":"Ukraine","postcode":51102,"coordinates":{"latitude":"80.6685","longitude":"-179.7911"},"timezone":{"offset":"-12:00","description":"Eniwetok, Kwajalein"}},"email":"turbog.zhezher@example.com","login":{"uuid":"e4085bc7-f9c1-4dd7-9b08-079d3e1177b9","username":"beautifullion105","password":"prissy","salt":"9JWfYZCK","md5":"0b3f045a8f6274b9f435476b5ec5a1f8","sha1":"30239c441b89437e671989a86bb9b51a7e4fb412","sha256":"f4bc72b5ae887f60f449cae27d3be9b5a03adc132b797825883675f3d9d89de3"},"dob":{"date":"1970-09-07T18:14:49.731Z","age":53},"registered":{"date":"2014-03-12T05:34:54.849Z","age":10},"phone":"(067) X11-4466","cell":"(067) T94-4761","id":{"name":"","value":null},"picture":{"large":"https://randomuser.me/api/portraits/men/87.jpg","medium":"https://randomuser.me/api/portraits/med/men/87.jpg","thumbnail":"https://randomuser.me/api/portraits/thumb/men/87.jpg"},"nat":"UA"}],"info":{"seed":"2751612ea236f99a","results":1,"page":1,"version":"1.4"}} 
 </msg>
<msg time="2024-06-26T15:16:40.000716" level="INFO">/opt/hostedtoolcache/Python/3.12.4/x64/lib/python3.12/site-packages/urllib3/connectionpool.py:1099: InsecureRequestWarning: Unverified HTTPS request is being made to host 'randomuser.me'. Adding certificate verification is strongly advised. See: https://urllib3.readthedocs.io/en/latest/advanced-usage.html#tls-warnings
  warnings.warn(</msg>
<msg time="2024-06-26T15:16:40.000841" level="INFO">${response} = &lt;Response [200]&gt;</msg>
<var>${response}</var>
<arg>consultarAPI</arg>
<arg>/api</arg>
<doc>Sends a GET request on a previously created HTTP Session.</doc>
<status status="PASS" start="2024-06-26T15:16:39.898638" elapsed="0.102236"/>
</kw>
<kw name="Set Variable" owner="BuiltIn">
<msg time="2024-06-26T15:16:40.001950" level="INFO">${json_data} = {'results': [{'gender': 'male', 'name': {'title': 'Mr', 'first': 'Turbog', 'last': 'Zhezher'}, 'location': {'street': {'number': 5268, 'name': 'Fedora Zayceva'}, 'city': 'Rzhishchiv', 'state': 'Ternop...</msg>
<var>${json_data}</var>
<arg>${response.json()}</arg>
<doc>Returns the given values which can then be assigned to a variables.</doc>
<status status="PASS" start="2024-06-26T15:16:40.001389" elapsed="0.000597"/>
</kw>
<kw name="Log" owner="BuiltIn">
<msg time="2024-06-26T15:16:40.002451" level="INFO">{'results': [{'gender': 'male', 'name': {'title': 'Mr', 'first': 'Turbog', 'last': 'Zhezher'}, 'location': {'street': {'number': 5268, 'name': 'Fedora Zayceva'}, 'city': 'Rzhishchiv', 'state': 'Ternopilska', 'country': 'Ukraine', 'postcode': 51102, 'coordinates': {'latitude': '80.6685', 'longitude': '-179.7911'}, 'timezone': {'offset': '-12:00', 'description': 'Eniwetok, Kwajalein'}}, 'email': 'turbog.zhezher@example.com', 'login': {'uuid': 'e4085bc7-f9c1-4dd7-9b08-079d3e1177b9', 'username': 'beautifullion105', 'password': 'prissy', 'salt': '9JWfYZCK', 'md5': '0b3f045a8f6274b9f435476b5ec5a1f8', 'sha1': '30239c441b89437e671989a86bb9b51a7e4fb412', 'sha256': 'f4bc72b5ae887f60f449cae27d3be9b5a03adc132b797825883675f3d9d89de3'}, 'dob': {'date': '1970-09-07T18:14:49.731Z', 'age': 53}, 'registered': {'date': '2014-03-12T05:34:54.849Z', 'age': 10}, 'phone': '(067) X11-4466', 'cell': '(067) T94-4761', 'id': {'name': '', 'value': None}, 'picture': {'large': 'https://randomuser.me/api/portraits/men/87.jpg', 'medium': 'https://randomuser.me/api/portraits/med/men/87.jpg', 'thumbnail': 'https://randomuser.me/api/portraits/thumb/men/87.jpg'}, 'nat': 'UA'}], 'info': {'seed': '2751612ea236f99a', 'results': 1, 'page': 1, 'version': '1.4'}}</msg>
<arg>${json_data}</arg>
<doc>Logs the given message with the given level.</doc>
<status status="PASS" start="2024-06-26T15:16:40.002293" elapsed="0.000205"/>
</kw>
<kw name="Dictionary Should Contain Key" owner="Collections">
<arg>${json_data}</arg>
<arg>results</arg>
<doc>Fails if ``key`` is not found from ``dictionary``.</doc>
<status status="PASS" start="2024-06-26T15:16:40.002788" elapsed="0.000159"/>
</kw>
<kw name="Should Not Be Empty" owner="BuiltIn">
<msg time="2024-06-26T15:16:40.003261" level="INFO">Length is 2.</msg>
<arg>${json_data}</arg>
<doc>Verifies that the given item is not empty.</doc>
<status status="PASS" start="2024-06-26T15:16:40.003129" elapsed="0.000169"/>
</kw>
<kw name="Create List" owner="BuiltIn">
<msg time="2024-06-26T15:16:40.003735" level="INFO">${expected_keys} = ['gender', 'name', 'location', 'email', 'login']</msg>
<var>${expected_keys}</var>
<arg>gender</arg>
<arg>name</arg>
<arg>location</arg>
<arg>email</arg>
<arg>login</arg>
<doc>Returns a list containing given items.</doc>
<status status="PASS" start="2024-06-26T15:16:40.003585" elapsed="0.000173"/>
</kw>
<for flavor="IN">
<iter>
<kw name="Dictionary Should Contain Key" owner="Collections">
<arg>${json_data['results'][0]}</arg>
<arg>${key}</arg>
<doc>Fails if ``key`` is not found from ``dictionary``.</doc>
<status status="PASS" start="2024-06-26T15:16:40.004510" elapsed="0.000397"/>
</kw>
<kw name="Log" owner="BuiltIn">
<msg time="2024-06-26T15:16:40.005453" level="INFO">{'gender': 'male', 'name': {'title': 'Mr', 'first': 'Turbog', 'last': 'Zhezher'}, 'location': {'street': {'number': 5268, 'name': 'Fedora Zayceva'}, 'city': 'Rzhishchiv', 'state': 'Ternopilska', 'country': 'Ukraine', 'postcode': 51102, 'coordinates': {'latitude': '80.6685', 'longitude': '-179.7911'}, 'timezone': {'offset': '-12:00', 'description': 'Eniwetok, Kwajalein'}}, 'email': 'turbog.zhezher@example.com', 'login': {'uuid': 'e4085bc7-f9c1-4dd7-9b08-079d3e1177b9', 'username': 'beautifullion105', 'password': 'prissy', 'salt': '9JWfYZCK', 'md5': '0b3f045a8f6274b9f435476b5ec5a1f8', 'sha1': '30239c441b89437e671989a86bb9b51a7e4fb412', 'sha256': 'f4bc72b5ae887f60f449cae27d3be9b5a03adc132b797825883675f3d9d89de3'}, 'dob': {'date': '1970-09-07T18:14:49.731Z', 'age': 53}, 'registered': {'date': '2014-03-12T05:34:54.849Z', 'age': 10}, 'phone': '(067) X11-4466', 'cell': '(067) T94-4761', 'id': {'name': '', 'value': None}, 'picture': {'large': 'https://randomuser.me/api/portraits/men/87.jpg', 'medium': 'https://randomuser.me/api/portraits/med/men/87.jpg', 'thumbnail': 'https://randomuser.me/api/portraits/thumb/men/87.jpg'}, 'nat': 'UA'}</msg>
<arg>${json_data['results'][0]}</arg>
<doc>Logs the given message with the given level.</doc>
<status status="PASS" start="2024-06-26T15:16:40.005093" elapsed="0.000407"/>
</kw>
<kw name="Log" owner="BuiltIn">
<msg time="2024-06-26T15:16:40.005960" level="INFO">gender</msg>
<arg>${key}</arg>
<doc>Logs the given message with the given level.</doc>
<status status="PASS" start="2024-06-26T15:16:40.005791" elapsed="0.000207"/>
</kw>
<var name="${key}">gender</var>
<status status="PASS" start="2024-06-26T15:16:40.004378" elapsed="0.001840"/>
</iter>
<iter>
<kw name="Dictionary Should Contain Key" owner="Collections">
<arg>${json_data['results'][0]}</arg>
<arg>${key}</arg>
<doc>Fails if ``key`` is not found from ``dictionary``.</doc>
<status status="PASS" start="2024-06-26T15:16:40.006513" elapsed="0.000403"/>
</kw>
<kw name="Log" owner="BuiltIn">
<msg time="2024-06-26T15:16:40.007464" level="INFO">{'gender': 'male', 'name': {'title': 'Mr', 'first': 'Turbog', 'last': 'Zhezher'}, 'location': {'street': {'number': 5268, 'name': 'Fedora Zayceva'}, 'city': 'Rzhishchiv', 'state': 'Ternopilska', 'country': 'Ukraine', 'postcode': 51102, 'coordinates': {'latitude': '80.6685', 'longitude': '-179.7911'}, 'timezone': {'offset': '-12:00', 'description': 'Eniwetok, Kwajalein'}}, 'email': 'turbog.zhezher@example.com', 'login': {'uuid': 'e4085bc7-f9c1-4dd7-9b08-079d3e1177b9', 'username': 'beautifullion105', 'password': 'prissy', 'salt': '9JWfYZCK', 'md5': '0b3f045a8f6274b9f435476b5ec5a1f8', 'sha1': '30239c441b89437e671989a86bb9b51a7e4fb412', 'sha256': 'f4bc72b5ae887f60f449cae27d3be9b5a03adc132b797825883675f3d9d89de3'}, 'dob': {'date': '1970-09-07T18:14:49.731Z', 'age': 53}, 'registered': {'date': '2014-03-12T05:34:54.849Z', 'age': 10}, 'phone': '(067) X11-4466', 'cell': '(067) T94-4761', 'id': {'name': '', 'value': None}, 'picture': {'large': 'https://randomuser.me/api/portraits/men/87.jpg', 'medium': 'https://randomuser.me/api/portraits/med/men/87.jpg', 'thumbnail': 'https://randomuser.me/api/portraits/thumb/men/87.jpg'}, 'nat': 'UA'}</msg>
<arg>${json_data['results'][0]}</arg>
<doc>Logs the given message with the given level.</doc>
<status status="PASS" start="2024-06-26T15:16:40.007095" elapsed="0.000446"/>
</kw>
<kw name="Log" owner="BuiltIn">
<msg time="2024-06-26T15:16:40.007960" level="INFO">name</msg>
<arg>${key}</arg>
<doc>Logs the given message with the given level.</doc>
<status status="PASS" start="2024-06-26T15:16:40.007834" elapsed="0.000162"/>
</kw>
<var name="${key}">name</var>
<status status="PASS" start="2024-06-26T15:16:40.006402" elapsed="0.001816"/>
</iter>
<iter>
<kw name="Dictionary Should Contain Key" owner="Collections">
<arg>${json_data['results'][0]}</arg>
<arg>${key}</arg>
<doc>Fails if ``key`` is not found from ``dictionary``.</doc>
<status status="PASS" start="2024-06-26T15:16:40.008508" elapsed="0.000378"/>
</kw>
<kw name="Log" owner="BuiltIn">
<msg time="2024-06-26T15:16:40.009413" level="INFO">{'gender': 'male', 'name': {'title': 'Mr', 'first': 'Turbog', 'last': 'Zhezher'}, 'location': {'street': {'number': 5268, 'name': 'Fedora Zayceva'}, 'city': 'Rzhishchiv', 'state': 'Ternopilska', 'country': 'Ukraine', 'postcode': 51102, 'coordinates': {'latitude': '80.6685', 'longitude': '-179.7911'}, 'timezone': {'offset': '-12:00', 'description': 'Eniwetok, Kwajalein'}}, 'email': 'turbog.zhezher@example.com', 'login': {'uuid': 'e4085bc7-f9c1-4dd7-9b08-079d3e1177b9', 'username': 'beautifullion105', 'password': 'prissy', 'salt': '9JWfYZCK', 'md5': '0b3f045a8f6274b9f435476b5ec5a1f8', 'sha1': '30239c441b89437e671989a86bb9b51a7e4fb412', 'sha256': 'f4bc72b5ae887f60f449cae27d3be9b5a03adc132b797825883675f3d9d89de3'}, 'dob': {'date': '1970-09-07T18:14:49.731Z', 'age': 53}, 'registered': {'date': '2014-03-12T05:34:54.849Z', 'age': 10}, 'phone': '(067) X11-4466', 'cell': '(067) T94-4761', 'id': {'name': '', 'value': None}, 'picture': {'large': 'https://randomuser.me/api/portraits/men/87.jpg', 'medium': 'https://randomuser.me/api/portraits/med/men/87.jpg', 'thumbnail': 'https://randomuser.me/api/portraits/thumb/men/87.jpg'}, 'nat': 'UA'}</msg>
<arg>${json_data['results'][0]}</arg>
<doc>Logs the given message with the given level.</doc>
<status status="PASS" start="2024-06-26T15:16:40.009066" elapsed="0.000394"/>
</kw>
<kw name="Log" owner="BuiltIn">
<msg time="2024-06-26T15:16:40.009905" level="INFO">location</msg>
<arg>${key}</arg>
<doc>Logs the given message with the given level.</doc>
<status status="PASS" start="2024-06-26T15:16:40.009760" elapsed="0.000183"/>
</kw>
<var name="${key}">location</var>
<status status="PASS" start="2024-06-26T15:16:40.008394" elapsed="0.001775"/>
</iter>
<iter>
<kw name="Dictionary Should Contain Key" owner="Collections">
<arg>${json_data['results'][0]}</arg>
<arg>${key}</arg>
<doc>Fails if ``key`` is not found from ``dictionary``.</doc>
<status status="PASS" start="2024-06-26T15:16:40.010447" elapsed="0.000382"/>
</kw>
<kw name="Log" owner="BuiltIn">
<msg time="2024-06-26T15:16:40.011373" level="INFO">{'gender': 'male', 'name': {'title': 'Mr', 'first': 'Turbog', 'last': 'Zhezher'}, 'location': {'street': {'number': 5268, 'name': 'Fedora Zayceva'}, 'city': 'Rzhishchiv', 'state': 'Ternopilska', 'country': 'Ukraine', 'postcode': 51102, 'coordinates': {'latitude': '80.6685', 'longitude': '-179.7911'}, 'timezone': {'offset': '-12:00', 'description': 'Eniwetok, Kwajalein'}}, 'email': 'turbog.zhezher@example.com', 'login': {'uuid': 'e4085bc7-f9c1-4dd7-9b08-079d3e1177b9', 'username': 'beautifullion105', 'password': 'prissy', 'salt': '9JWfYZCK', 'md5': '0b3f045a8f6274b9f435476b5ec5a1f8', 'sha1': '30239c441b89437e671989a86bb9b51a7e4fb412', 'sha256': 'f4bc72b5ae887f60f449cae27d3be9b5a03adc132b797825883675f3d9d89de3'}, 'dob': {'date': '1970-09-07T18:14:49.731Z', 'age': 53}, 'registered': {'date': '2014-03-12T05:34:54.849Z', 'age': 10}, 'phone': '(067) X11-4466', 'cell': '(067) T94-4761', 'id': {'name': '', 'value': None}, 'picture': {'large': 'https://randomuser.me/api/portraits/men/87.jpg', 'medium': 'https://randomuser.me/api/portraits/med/men/87.jpg', 'thumbnail': 'https://randomuser.me/api/portraits/thumb/men/87.jpg'}, 'nat': 'UA'}</msg>
<arg>${json_data['results'][0]}</arg>
<doc>Logs the given message with the given level.</doc>
<status status="PASS" start="2024-06-26T15:16:40.011014" elapsed="0.000431"/>
</kw>
<kw name="Log" owner="BuiltIn">
<msg time="2024-06-26T15:16:40.011915" level="INFO">email</msg>
<arg>${key}</arg>
<doc>Logs the given message with the given level.</doc>
<status status="PASS" start="2024-06-26T15:16:40.011786" elapsed="0.000168"/>
</kw>
<var name="${key}">email</var>
<status status="PASS" start="2024-06-26T15:16:40.010340" elapsed="0.001829"/>
</iter>
<iter>
<kw name="Dictionary Should Contain Key" owner="Collections">
<arg>${json_data['results'][0]}</arg>
<arg>${key}</arg>
<doc>Fails if ``key`` is not found from ``dictionary``.</doc>
<status status="PASS" start="2024-06-26T15:16:40.012447" elapsed="0.000392"/>
</kw>
<kw name="Log" owner="BuiltIn">
<msg time="2024-06-26T15:16:40.013366" level="INFO">{'gender': 'male', 'name': {'title': 'Mr', 'first': 'Turbog', 'last': 'Zhezher'}, 'location': {'street': {'number': 5268, 'name': 'Fedora Zayceva'}, 'city': 'Rzhishchiv', 'state': 'Ternopilska', 'country': 'Ukraine', 'postcode': 51102, 'coordinates': {'latitude': '80.6685', 'longitude': '-179.7911'}, 'timezone': {'offset': '-12:00', 'description': 'Eniwetok, Kwajalein'}}, 'email': 'turbog.zhezher@example.com', 'login': {'uuid': 'e4085bc7-f9c1-4dd7-9b08-079d3e1177b9', 'username': 'beautifullion105', 'password': 'prissy', 'salt': '9JWfYZCK', 'md5': '0b3f045a8f6274b9f435476b5ec5a1f8', 'sha1': '30239c441b89437e671989a86bb9b51a7e4fb412', 'sha256': 'f4bc72b5ae887f60f449cae27d3be9b5a03adc132b797825883675f3d9d89de3'}, 'dob': {'date': '1970-09-07T18:14:49.731Z', 'age': 53}, 'registered': {'date': '2014-03-12T05:34:54.849Z', 'age': 10}, 'phone': '(067) X11-4466', 'cell': '(067) T94-4761', 'id': {'name': '', 'value': None}, 'picture': {'large': 'https://randomuser.me/api/portraits/men/87.jpg', 'medium': 'https://randomuser.me/api/portraits/med/men/87.jpg', 'thumbnail': 'https://randomuser.me/api/portraits/thumb/men/87.jpg'}, 'nat': 'UA'}</msg>
<arg>${json_data['results'][0]}</arg>
<doc>Logs the given message with the given level.</doc>
<status status="PASS" start="2024-06-26T15:16:40.013019" elapsed="0.000393"/>
</kw>
<kw name="Log" owner="BuiltIn">
<msg time="2024-06-26T15:16:40.013838" level="INFO">login</msg>
<arg>${key}</arg>
<doc>Logs the given message with the given level.</doc>
<status status="PASS" start="2024-06-26T15:16:40.013707" elapsed="0.000191"/>
</kw>
<var name="${key}">login</var>
<status status="PASS" start="2024-06-26T15:16:40.012339" elapsed="0.001781"/>
</iter>
<var>${key}</var>
<value>@{expected_keys}</value>
<status status="PASS" start="2024-06-26T15:16:40.004183" elapsed="0.010057"/>
</for>
<kw name="Create List" owner="BuiltIn">
<msg time="2024-06-26T15:16:40.014570" level="INFO">${expected_keysTwo} = ['username', 'password']</msg>
<var>${expected_keysTwo}</var>
<arg>username</arg>
<arg>password</arg>
<doc>Returns a list containing given items.</doc>
<status status="PASS" start="2024-06-26T15:16:40.014431" elapsed="0.000163"/>
</kw>
<for flavor="IN">
<iter>
<kw name="Dictionary Should Contain Key" owner="Collections">
<arg>${json_data['results'][0]['login']}</arg>
<arg>${keyTwo}</arg>
<doc>Fails if ``key`` is not found from ``dictionary``.</doc>
<status status="PASS" start="2024-06-26T15:16:40.015110" elapsed="0.000389"/>
</kw>
<kw name="Dictionary Should Contain Key" owner="Collections">
<arg>${json_data['results'][0]['login']}</arg>
<arg>${keyTwo}</arg>
<doc>Fails if ``key`` is not found from ``dictionary``.</doc>
<status status="PASS" start="2024-06-26T15:16:40.015678" elapsed="0.000384"/>
</kw>
<kw name="Log" owner="BuiltIn">
<msg time="2024-06-26T15:16:40.016360" level="INFO">username</msg>
<arg>${keyTwo}</arg>
<doc>Logs the given message with the given level.</doc>
<status status="PASS" start="2024-06-26T15:16:40.016240" elapsed="0.000157"/>
</kw>
<var name="${keyTwo}">username</var>
<status status="PASS" start="2024-06-26T15:16:40.015003" elapsed="0.001612"/>
</iter>
<iter>
<kw name="Dictionary Should Contain Key" owner="Collections">
<arg>${json_data['results'][0]['login']}</arg>
<arg>${keyTwo}</arg>
<doc>Fails if ``key`` is not found from ``dictionary``.</doc>
<status status="PASS" start="2024-06-26T15:16:40.016907" elapsed="0.000390"/>
</kw>
<kw name="Dictionary Should Contain Key" owner="Collections">
<arg>${json_data['results'][0]['login']}</arg>
<arg>${keyTwo}</arg>
<doc>Fails if ``key`` is not found from ``dictionary``.</doc>
<status status="PASS" start="2024-06-26T15:16:40.017473" elapsed="0.000390"/>
</kw>
<kw name="Log" owner="BuiltIn">
<msg time="2024-06-26T15:16:40.018166" level="INFO">password</msg>
<arg>${keyTwo}</arg>
<doc>Logs the given message with the given level.</doc>
<status status="PASS" start="2024-06-26T15:16:40.018048" elapsed="0.000159"/>
</kw>
<var name="${keyTwo}">password</var>
<status status="PASS" start="2024-06-26T15:16:40.016796" elapsed="0.001629"/>
</iter>
<var>${keyTwo}</var>
<value>@{expected_keysTwo}</value>
<status status="PASS" start="2024-06-26T15:16:40.014851" elapsed="0.003693"/>
</for>
<status status="PASS" start="2024-06-26T15:16:39.898257" elapsed="0.120428"/>
</kw>
<doc>Testa a estrutura da resposta da API.</doc>
<tag>testeEstruturaResposta</tag>
<status status="PASS" start="2024-06-26T15:16:39.897451" elapsed="0.121389"/>
</test>
<test id="s1-s1-t4" name="Validar tipos de dados" line="28">
<kw name="Teste de Tipos de Dados" owner="random-user-service">
<kw name="GET On Session" owner="RequestsLibrary">
<msg time="2024-06-26T15:16:40.139406" level="INFO">GET Request : url=https://randomuser.me/api 
 path_url=/api 
 headers={'User-Agent': 'python-requests/2.32.3', 'Accept-Encoding': 'gzip, deflate', 'Accept': '*/*', 'Connection': 'keep-alive'} 
 body=None 
 </msg>
<msg time="2024-06-26T15:16:40.139495" level="INFO">GET Response : url=https://randomuser.me/api 
 status=200, reason=OK 
 headers={'Date': 'Wed, 26 Jun 2024 15:16:40 GMT', 'Content-Type': 'application/json; charset=utf-8', 'Transfer-Encoding': 'chunked', 'Connection': 'keep-alive', 'X-Powered-By': 'Express', 'Access-Control-Allow-Origin': '*', 'Cache-Control': 'no-cache', 'ETag': 'W/"4ae-avBi5am6G0L5Hl4Jaky2QX9eTVI"', 'Vary': 'Accept-Encoding', 'Content-Encoding': 'gzip', 'CF-Cache-Status': 'DYNAMIC', 'Report-To': '{"endpoints":[{"url":"https:\\/\\/a.nel.cloudflare.com\\/report\\/v4?s=aRTtV906QWVneHNINDhmjm8JLD7rkcMaL4nVsWvEjJUTaUYNQwKdx5vk%2FkVXX0KSpXjog0x7X07fDqTHmF1%2FzcAaWEWG9Y%2BOZnTdCl450AnuVvIHAoMRJNOlq36riL%2Fo"}],"group":"cf-nel","max_age":604800}', 'NEL': '{"success_fraction":0,"report_to":"cf-nel","max_age":604800}', 'Server': 'cloudflare', 'CF-RAY': '899e28e628250ff5-LAX', 'alt-svc': 'h3=":443"; ma=86400'} 
 body={"results":[{"gender":"female","name":{"title":"Ms","first":"آیناز","last":"زارعی"},"location":{"street":{"number":8130,"name":"بلوار کشاورز"},"city":"تبریز","state":"خراسان رضوی","country":"Iran","postcode":39811,"coordinates":{"latitude":"18.2493","longitude":"20.0383"},"timezone":{"offset":"+11:00","description":"Magadan, Solomon Islands, New Caledonia"}},"email":"aynz.zraay@example.com","login":{"uuid":"24cfd244-53e4-44ac-b7cc-106b6e334033","username":"silverbutterfly151","password":"scotland","salt":"o6spQUCE","md5":"7d666aa1ca546c3930dd0b58f6f5b61f","sha1":"f5fc036e21f789f8848bd50a8efe03a407e4990e","sha256":"ee0c9a601589ec0b9bb1979c881dff8ff492649596bb8e0ff7a050042cabdf41"},"dob":{"date":"1966-03-24T01:53:05.764Z","age":58},"registered":{"date":"2017-04-28T12:34:10.228Z","age":7},"phone":"092-22022192","cell":"0974-138-6535","id":{"name":"","value":null},"picture":{"large":"https://randomuser.me/api/portraits/women/38.jpg","medium":"https://randomuser.me/api/portraits/med/women/38.jpg","thumbnail":"https://randomuser.me/api/portraits/thumb/women/38.jpg"},"nat":"IR"}],"info":{"seed":"89ee21886ffda005","results":1,"page":1,"version":"1.4"}} 
 </msg>
<msg time="2024-06-26T15:16:40.139567" level="INFO">/opt/hostedtoolcache/Python/3.12.4/x64/lib/python3.12/site-packages/urllib3/connectionpool.py:1099: InsecureRequestWarning: Unverified HTTPS request is being made to host 'randomuser.me'. Adding certificate verification is strongly advised. See: https://urllib3.readthedocs.io/en/latest/advanced-usage.html#tls-warnings
  warnings.warn(</msg>
<msg time="2024-06-26T15:16:40.139680" level="INFO">${response} = &lt;Response [200]&gt;</msg>
<var>${response}</var>
<arg>consultarAPI</arg>
<arg>/api</arg>
<doc>Sends a GET request on a previously created HTTP Session.</doc>
<status status="PASS" start="2024-06-26T15:16:40.021478" elapsed="0.118243"/>
</kw>
<kw name="Set Variable" owner="BuiltIn">
<msg time="2024-06-26T15:16:40.140887" level="INFO">${json_data} = {'results': [{'gender': 'female', 'name': {'title': 'Ms', 'first': 'آیناز', 'last': 'زارعی'}, 'location': {'street': {'number': 8130, 'name': 'بلوار کشاورز'}, 'city': 'تبریز', 'state': 'خراسان رضوی', ...</msg>
<var>${json_data}</var>
<arg>${response.json()}</arg>
<doc>Returns the given values which can then be assigned to a variables.</doc>
<status status="PASS" start="2024-06-26T15:16:40.140302" elapsed="0.000615"/>
</kw>
<kw name="Log" owner="BuiltIn">
<msg time="2024-06-26T15:16:40.141396" level="INFO">{'results': [{'gender': 'female', 'name': {'title': 'Ms', 'first': 'آیناز', 'last': 'زارعی'}, 'location': {'street': {'number': 8130, 'name': 'بلوار کشاورز'}, 'city': 'تبریز', 'state': 'خراسان رضوی', 'country': 'Iran', 'postcode': 39811, 'coordinates': {'latitude': '18.2493', 'longitude': '20.0383'}, 'timezone': {'offset': '+11:00', 'description': 'Magadan, Solomon Islands, New Caledonia'}}, 'email': 'aynz.zraay@example.com', 'login': {'uuid': '24cfd244-53e4-44ac-b7cc-106b6e334033', 'username': 'silverbutterfly151', 'password': 'scotland', 'salt': 'o6spQUCE', 'md5': '7d666aa1ca546c3930dd0b58f6f5b61f', 'sha1': 'f5fc036e21f789f8848bd50a8efe03a407e4990e', 'sha256': 'ee0c9a601589ec0b9bb1979c881dff8ff492649596bb8e0ff7a050042cabdf41'}, 'dob': {'date': '1966-03-24T01:53:05.764Z', 'age': 58}, 'registered': {'date': '2017-04-28T12:34:10.228Z', 'age': 7}, 'phone': '092-22022192', 'cell': '0974-138-6535', 'id': {'name': '', 'value': None}, 'picture': {'large': 'https://randomuser.me/api/portraits/women/38.jpg', 'medium': 'https://randomuser.me/api/portraits/med/women/38.jpg', 'thumbnail': 'https://randomuser.me/api/portraits/thumb/women/38.jpg'}, 'nat': 'IR'}], 'info': {'seed': '89ee21886ffda005', 'results': 1, 'page': 1, 'version': '1.4'}}</msg>
<arg>${json_data}</arg>
<doc>Logs the given message with the given level.</doc>
<status status="PASS" start="2024-06-26T15:16:40.141234" elapsed="0.000212"/>
</kw>
<kw name="Should Be String" owner="String">
<arg>${json_data['results'][0]['gender']}</arg>
<doc>Fails if the given ``item`` is not a string.</doc>
<status status="PASS" start="2024-06-26T15:16:40.141743" elapsed="0.000530"/>
</kw>
<kw name="Should Match Regexp" owner="BuiltIn">
<arg>${json_data['results'][0]['email']}</arg>
<arg>^[a-zA-Z0-9._%+-]+@[a-zA-Z0-9.-]+\.[a-zA-Z]{2,}$</arg>
<doc>Fails if ``string`` does not match ``pattern`` as a regular expression.</doc>
<status status="PASS" start="2024-06-26T15:16:40.142521" elapsed="0.000525"/>
</kw>
<kw name="Should Match Regexp" owner="BuiltIn">
<arg>${json_data['results'][0]['dob']['date']}</arg>
<arg>\\d{4}-\\d{2}-\\d{2}T\\d{2}:\\d{2}:\\d{2}\\.\\d{3}Z</arg>
<doc>Fails if ``string`` does not match ``pattern`` as a regular expression.</doc>
<status status="PASS" start="2024-06-26T15:16:40.143279" elapsed="0.000502"/>
</kw>
<kw name="Should Match Regexp" owner="BuiltIn">
<arg>${json_data['results'][0]['registered']['date']}</arg>
<arg>\\d{4}-\\d{2}-\\d{2}T\\d{2}:\\d{2}:\\d{2}\\.\\d{3}Z</arg>
<doc>Fails if ``string`` does not match ``pattern`` as a regular expression.</doc>
<status status="PASS" start="2024-06-26T15:16:40.143972" elapsed="0.000374"/>
</kw>
<kw name="Should Match Regexp" owner="BuiltIn">
<arg>${json_data['results'][0]['picture']['large']}</arg>
<arg>^https?://.*\.(?:png|jpe?g|gif|bmp)$</arg>
<doc>Fails if ``string`` does not match ``pattern`` as a regular expression.</doc>
<status status="PASS" start="2024-06-26T15:16:40.144532" elapsed="0.000462"/>
</kw>
<kw name="Should Match Regexp" owner="BuiltIn">
<arg>${json_data['results'][0]['picture']['medium']}</arg>
<arg>^https?://.*\.(?:png|jpe?g|gif|bmp)$</arg>
<doc>Fails if ``string`` does not match ``pattern`` as a regular expression.</doc>
<status status="PASS" start="2024-06-26T15:16:40.145181" elapsed="0.000354"/>
</kw>
<kw name="Should Match Regexp" owner="BuiltIn">
<arg>${json_data['results'][0]['picture']['thumbnail']}</arg>
<arg>^https?://.*\.(?:png|jpe?g|gif|bmp)$</arg>
<doc>Fails if ``string`` does not match ``pattern`` as a regular expression.</doc>
<status status="PASS" start="2024-06-26T15:16:40.145718" elapsed="0.000380"/>
</kw>
<kw name="Log" owner="BuiltIn">
<msg time="2024-06-26T15:16:40.146611" level="INFO">{'large': 'https://randomuser.me/api/portraits/women/38.jpg', 'medium': 'https://randomuser.me/api/portraits/med/women/38.jpg', 'thumbnail': 'https://randomuser.me/api/portraits/thumb/women/38.jpg'}</msg>
<arg>${json_data['results'][0]['picture']}</arg>
<doc>Logs the given message with the given level.</doc>
<status status="PASS" start="2024-06-26T15:16:40.146281" elapsed="0.000372"/>
</kw>
<status status="PASS" start="2024-06-26T15:16:40.021248" elapsed="0.125664"/>
</kw>
<kw name="Teste de Tipos de Dados - Postcode" owner="random-user-service">
<kw name="GET On Session" owner="RequestsLibrary">
<msg time="2024-06-26T15:16:40.389968" level="INFO">GET Request : url=https://randomuser.me/api 
 path_url=/api 
 headers={'User-Agent': 'python-requests/2.32.3', 'Accept-Encoding': 'gzip, deflate', 'Accept': '*/*', 'Connection': 'keep-alive'} 
 body=None 
 </msg>
<msg time="2024-06-26T15:16:40.390075" level="INFO">GET Response : url=https://randomuser.me/api 
 status=200, reason=OK 
 headers={'Date': 'Wed, 26 Jun 2024 15:16:40 GMT', 'Content-Type': 'application/json; charset=utf-8', 'Transfer-Encoding': 'chunked', 'Connection': 'keep-alive', 'X-Powered-By': 'Express', 'Access-Control-Allow-Origin': '*', 'Cache-Control': 'no-cache', 'ETag': 'W/"488-HbPC4vvZeOcr5sD0zETVX9RGqSs"', 'Vary': 'Accept-Encoding', 'Content-Encoding': 'gzip', 'CF-Cache-Status': 'DYNAMIC', 'Report-To': '{"endpoints":[{"url":"https:\\/\\/a.nel.cloudflare.com\\/report\\/v4?s=az6l0Gr%2B4m3NH3f9IcKeceXsS1OZNlZEHUP1d55uhqaxFYevHhvzwijQc3jfZdiFSFbU3lwC07OnTN8HVgUHudTbUZS0fX4InLJIv3KUyPXDGBQ%2FY9eIyEZ2xhYqAIpn"}],"group":"cf-nel","max_age":604800}', 'NEL': '{"success_fraction":0,"report_to":"cf-nel","max_age":604800}', 'Server': 'cloudflare', 'CF-RAY': '899e28e6f98d0ff5-LAX', 'alt-svc': 'h3=":443"; ma=86400'} 
 body={"results":[{"gender":"female","name":{"title":"Ms","first":"Anastasija","last":"Daničić"},"location":{"street":{"number":7729,"name":"Bariljevska"},"city":"Lučani","state":"Bor","country":"Serbia","postcode":95341,"coordinates":{"latitude":"62.0090","longitude":"15.4210"},"timezone":{"offset":"+6:00","description":"Almaty, Dhaka, Colombo"}},"email":"anastasija.danicic@example.com","login":{"uuid":"01dcc070-f3d4-44cc-93a8-f28046626a78","username":"orangezebra257","password":"norway","salt":"nZpsXXLm","md5":"3831427179dfc876bae5e726fa75fad4","sha1":"5673c3641565e3dbab20e01bc513b4552ea6e865","sha256":"61268355f7c59d61c406b58b51b010af184f7193c28952b4595324b1d299a7c4"},"dob":{"date":"1976-05-16T09:27:16.005Z","age":48},"registered":{"date":"2003-05-25T15:49:48.590Z","age":21},"phone":"024-1464-558","cell":"063-0355-580","id":{"name":"SID","value":"112517156"},"picture":{"large":"https://randomuser.me/api/portraits/women/25.jpg","medium":"https://randomuser.me/api/portraits/med/women/25.jpg","thumbnail":"https://randomuser.me/api/portraits/thumb/women/25.jpg"},"nat":"RS"}],"info":{"seed":"6972cbdc9c05564e","results":1,"page":1,"version":"1.4"}} 
 </msg>
<msg time="2024-06-26T15:16:40.390152" level="INFO">/opt/hostedtoolcache/Python/3.12.4/x64/lib/python3.12/site-packages/urllib3/connectionpool.py:1099: InsecureRequestWarning: Unverified HTTPS request is being made to host 'randomuser.me'. Adding certificate verification is strongly advised. See: https://urllib3.readthedocs.io/en/latest/advanced-usage.html#tls-warnings
  warnings.warn(</msg>
<msg time="2024-06-26T15:16:40.390271" level="INFO">${response} = &lt;Response [200]&gt;</msg>
<var>${response}</var>
<arg>consultarAPI</arg>
<arg>/api</arg>
<doc>Sends a GET request on a previously created HTTP Session.</doc>
<status status="PASS" start="2024-06-26T15:16:40.147369" elapsed="0.242936"/>
</kw>
<kw name="Set Variable" owner="BuiltIn">
<msg time="2024-06-26T15:16:40.391403" level="INFO">${json_data} = {'results': [{'gender': 'female', 'name': {'title': 'Ms', 'first': 'Anastasija', 'last': 'Daničić'}, 'location': {'street': {'number': 7729, 'name': 'Bariljevska'}, 'city': 'Lučani', 'state': 'Bor', '...</msg>
<var>${json_data}</var>
<arg>${response.json()}</arg>
<doc>Returns the given values which can then be assigned to a variables.</doc>
<status status="PASS" start="2024-06-26T15:16:40.390857" elapsed="0.000577"/>
</kw>
<kw name="Log" owner="BuiltIn">
<msg time="2024-06-26T15:16:40.391911" level="INFO">{'results': [{'gender': 'female', 'name': {'title': 'Ms', 'first': 'Anastasija', 'last': 'Daničić'}, 'location': {'street': {'number': 7729, 'name': 'Bariljevska'}, 'city': 'Lučani', 'state': 'Bor', 'country': 'Serbia', 'postcode': 95341, 'coordinates': {'latitude': '62.0090', 'longitude': '15.4210'}, 'timezone': {'offset': '+6:00', 'description': 'Almaty, Dhaka, Colombo'}}, 'email': 'anastasija.danicic@example.com', 'login': {'uuid': '01dcc070-f3d4-44cc-93a8-f28046626a78', 'username': 'orangezebra257', 'password': 'norway', 'salt': 'nZpsXXLm', 'md5': '3831427179dfc876bae5e726fa75fad4', 'sha1': '5673c3641565e3dbab20e01bc513b4552ea6e865', 'sha256': '61268355f7c59d61c406b58b51b010af184f7193c28952b4595324b1d299a7c4'}, 'dob': {'date': '1976-05-16T09:27:16.005Z', 'age': 48}, 'registered': {'date': '2003-05-25T15:49:48.590Z', 'age': 21}, 'phone': '024-1464-558', 'cell': '063-0355-580', 'id': {'name': 'SID', 'value': '112517156'}, 'picture': {'large': 'https://randomuser.me/api/portraits/women/25.jpg', 'medium': 'https://randomuser.me/api/portraits/med/women/25.jpg', 'thumbnail': 'https://randomuser.me/api/portraits/thumb/women/25.jpg'}, 'nat': 'RS'}], 'info': {'seed': '6972cbdc9c05564e', 'results': 1, 'page': 1, 'version': '1.4'}}</msg>
<arg>${json_data}</arg>
<doc>Logs the given message with the given level.</doc>
<status status="PASS" start="2024-06-26T15:16:40.391747" elapsed="0.000214"/>
</kw>
<kw name="Should Be Equal As Numbers" owner="BuiltIn">
<arg>${json_data['results'][0]['location']['postcode']}</arg>
<arg>${json_data['results'][0]['location']['postcode']}</arg>
<doc>Fails if objects are unequal after converting them to real numbers.</doc>
<status status="PASS" start="2024-06-26T15:16:40.392252" elapsed="0.000630"/>
</kw>
<kw name="Log" owner="BuiltIn">
<msg time="2024-06-26T15:16:40.393409" level="INFO">95341</msg>
<arg>${json_data['results'][0]['location']['postcode']}</arg>
<doc>Logs the given message with the given level.</doc>
<status status="PASS" start="2024-06-26T15:16:40.393069" elapsed="0.000379"/>
</kw>
<status status="PASS" start="2024-06-26T15:16:40.147136" elapsed="0.246613"/>
</kw>
<doc>Testa se os tipos de dados na resposta da API estão corretos.</doc>
<tag>testeTiposDados</tag>
<status status="PASS" start="2024-06-26T15:16:40.020606" elapsed="0.373353"/>
</test>
<test id="s1-s1-t5" name="Validar conteudo" line="35">
<kw name="Teste de Tipos de Conteudo" owner="random-user-service">
<kw name="GET On Session" owner="RequestsLibrary">
<msg time="2024-06-26T15:16:40.508196" level="INFO">GET Request : url=https://randomuser.me/api 
 path_url=/api 
 headers={'User-Agent': 'python-requests/2.32.3', 'Accept-Encoding': 'gzip, deflate', 'Accept': '*/*', 'Connection': 'keep-alive'} 
 body=None 
 </msg>
<msg time="2024-06-26T15:16:40.508287" level="INFO">GET Response : url=https://randomuser.me/api 
 status=200, reason=OK 
 headers={'Date': 'Wed, 26 Jun 2024 15:16:40 GMT', 'Content-Type': 'application/json; charset=utf-8', 'Transfer-Encoding': 'chunked', 'Connection': 'keep-alive', 'X-Powered-By': 'Express', 'Access-Control-Allow-Origin': '*', 'Cache-Control': 'no-cache', 'ETag': 'W/"45f-zcFW/41TRji+W4cRR+aNOduu2BA"', 'Vary': 'Accept-Encoding', 'Content-Encoding': 'gzip', 'CF-Cache-Status': 'DYNAMIC', 'Report-To': '{"endpoints":[{"url":"https:\\/\\/a.nel.cloudflare.com\\/report\\/v4?s=iPORgF4HroCsguPyzsbaE4dfkxG9n2KSI8q%2F2CkAZ7WFvBMML%2B6uRMqBXVWGXSr6RSXgYtapzL4hmiizT%2FV4xBvuuoW4IyPfEj3nB3OcCgvQ1ox6DfKIX%2FQHv%2FTfAMub"}],"group":"cf-nel","max_age":604800}', 'NEL': '{"success_fraction":0,"report_to":"cf-nel","max_age":604800}', 'Server': 'cloudflare', 'CF-RAY': '899e28e87bbd0ff5-LAX', 'alt-svc': 'h3=":443"; ma=86400'} 
 body={"results":[{"gender":"female","name":{"title":"Ms","first":"Begüm","last":"Aclan"},"location":{"street":{"number":8585,"name":"Filistin Cd"},"city":"Kilis","state":"Ordu","country":"Turkey","postcode":38010,"coordinates":{"latitude":"69.8956","longitude":"43.7886"},"timezone":{"offset":"-10:00","description":"Hawaii"}},"email":"begum.aclan@example.com","login":{"uuid":"20f1d9fa-47af-43a4-87b6-3d4bead23c46","username":"happyduck840","password":"qqqqq","salt":"DM8oNrbE","md5":"4a07efbfb41a92fad3452af55b92444d","sha1":"d7e2afc425f2b9ec5a0fe40b56c757f173b0bfc0","sha256":"52f24b8fb34388f2c080f7b600932d811dadd6dfd311e1e8fc1cc2ef53bde2cc"},"dob":{"date":"1961-03-05T02:50:54.051Z","age":63},"registered":{"date":"2016-10-25T07:21:50.052Z","age":7},"phone":"(681)-173-4646","cell":"(293)-019-0083","id":{"name":"","value":null},"picture":{"large":"https://randomuser.me/api/portraits/women/85.jpg","medium":"https://randomuser.me/api/portraits/med/women/85.jpg","thumbnail":"https://randomuser.me/api/portraits/thumb/women/85.jpg"},"nat":"TR"}],"info":{"seed":"fe374e1a12c37bea","results":1,"page":1,"version":"1.4"}} 
 </msg>
<msg time="2024-06-26T15:16:40.508380" level="INFO">/opt/hostedtoolcache/Python/3.12.4/x64/lib/python3.12/site-packages/urllib3/connectionpool.py:1099: InsecureRequestWarning: Unverified HTTPS request is being made to host 'randomuser.me'. Adding certificate verification is strongly advised. See: https://urllib3.readthedocs.io/en/latest/advanced-usage.html#tls-warnings
  warnings.warn(</msg>
<msg time="2024-06-26T15:16:40.508496" level="INFO">${response} = &lt;Response [200]&gt;</msg>
<var>${response}</var>
<arg>consultarAPI</arg>
<arg>/api</arg>
<doc>Sends a GET request on a previously created HTTP Session.</doc>
<status status="PASS" start="2024-06-26T15:16:40.396612" elapsed="0.111922"/>
</kw>
<kw name="Set Variable" owner="BuiltIn">
<msg time="2024-06-26T15:16:40.509486" level="INFO">${json_data} = {'results': [{'gender': 'female', 'name': {'title': 'Ms', 'first': 'Begüm', 'last': 'Aclan'}, 'location': {'street': {'number': 8585, 'name': 'Filistin Cd'}, 'city': 'Kilis', 'state': 'Ordu', 'country...</msg>
<var>${json_data}</var>
<arg>${response.json()}</arg>
<doc>Returns the given values which can then be assigned to a variables.</doc>
<status status="PASS" start="2024-06-26T15:16:40.509013" elapsed="0.000503"/>
</kw>
<kw name="Set Variable" owner="BuiltIn">
<msg time="2024-06-26T15:16:40.510243" level="INFO">${name_title} = Ms</msg>
<var>${name_title}</var>
<arg>${json_data["results"][0]["name"]["title"]}</arg>
<doc>Returns the given values which can then be assigned to a variables.</doc>
<status status="PASS" start="2024-06-26T15:16:40.509820" elapsed="0.000448"/>
</kw>
<kw name="Create List" owner="BuiltIn">
<msg time="2024-06-26T15:16:40.510719" level="INFO">${allowed_titles} = ['Mr', 'Ms', 'Miss', 'Mrs', 'Madame', 'Monsieur']</msg>
<var>${allowed_titles}</var>
<arg>Mr</arg>
<arg>Ms</arg>
<arg>Miss</arg>
<arg>Mrs</arg>
<arg>Madame</arg>
<arg>Monsieur</arg>
<doc>Returns a list containing given items.</doc>
<status status="PASS" start="2024-06-26T15:16:40.510570" elapsed="0.000173"/>
</kw>
<kw name="List Should Contain Value" owner="Collections">
<arg>${allowed_titles}</arg>
<arg>${name_title}</arg>
<doc>Fails if the ``value`` is not found from ``list``.</doc>
<status status="PASS" start="2024-06-26T15:16:40.511040" elapsed="0.000179"/>
</kw>
<kw name="Set Variable" owner="BuiltIn">
<msg time="2024-06-26T15:16:40.511763" level="INFO">${name_country} = TR</msg>
<var>${name_country}</var>
<arg>${json_data["results"][0]["nat"]}</arg>
<doc>Returns the given values which can then be assigned to a variables.</doc>
<status status="PASS" start="2024-06-26T15:16:40.511399" elapsed="0.000388"/>
</kw>
<kw name="Create List" owner="BuiltIn">
<msg time="2024-06-26T15:16:40.512669" level="INFO">${list_country} = ['AD', 'AE', 'AF', 'AG', 'AI', 'AL', 'AM', 'AO', 'AQ', 'AR', 'AS', 'AT', 'AU', 'AW', 'AX', 'AZ', 'BA', 'BB', 'BD', 'BE', 'BF', 'BG', 'BH', 'BI', 'BJ', 'BL', 'BM', 'BN', 'BO', 'BQ', 'BR', 'BS', 'BT', '...</msg>
<var>${list_country}</var>
<arg>AD</arg>
<arg>AE</arg>
<arg>AF</arg>
<arg>AG</arg>
<arg>AI</arg>
<arg>AL</arg>
<arg>AM</arg>
<arg>AO</arg>
<arg>AQ</arg>
<arg>AR</arg>
<arg>AS</arg>
<arg>AT</arg>
<arg>AU</arg>
<arg>AW</arg>
<arg>AX</arg>
<arg>AZ</arg>
<arg>BA</arg>
<arg>BB</arg>
<arg>BD</arg>
<arg>BE</arg>
<arg>BF</arg>
<arg>BG</arg>
<arg>BH</arg>
<arg>BI</arg>
<arg>BJ</arg>
<arg>BL</arg>
<arg>BM</arg>
<arg>BN</arg>
<arg>BO</arg>
<arg>BQ</arg>
<arg>BR</arg>
<arg>BS</arg>
<arg>BT</arg>
<arg>BV</arg>
<arg>BW</arg>
<arg>BY</arg>
<arg>BZ</arg>
<arg>CA</arg>
<arg>CC</arg>
<arg>CD</arg>
<arg>CF</arg>
<arg>CG</arg>
<arg>CH</arg>
<arg>CI</arg>
<arg>CK</arg>
<arg>CL</arg>
<arg>CM</arg>
<arg>CN</arg>
<arg>CO</arg>
<arg>CR</arg>
<arg>CU</arg>
<arg>CV</arg>
<arg>CW</arg>
<arg>CX</arg>
<arg>CY</arg>
<arg>CZ</arg>
<arg>DE</arg>
<arg>DJ</arg>
<arg>DK</arg>
<arg>DM</arg>
<arg>DO</arg>
<arg>DZ</arg>
<arg>EC</arg>
<arg>EE</arg>
<arg>EG</arg>
<arg>EH</arg>
<arg>ER</arg>
<arg>ES</arg>
<arg>ET</arg>
<arg>FI</arg>
<arg>FJ</arg>
<arg>FK</arg>
<arg>FM</arg>
<arg>FO</arg>
<arg>FR</arg>
<arg>GA</arg>
<arg>GB</arg>
<arg>GD</arg>
<arg>GE</arg>
<arg>GF</arg>
<arg>GG</arg>
<arg>GH</arg>
<arg>GI</arg>
<arg>GL</arg>
<arg>GM</arg>
<arg>GN</arg>
<arg>GP</arg>
<arg>GQ</arg>
<arg>GR</arg>
<arg>GS</arg>
<arg>GT</arg>
<arg>GU</arg>
<arg>GW</arg>
<arg>GY</arg>
<arg>HK</arg>
<arg>HM</arg>
<arg>HN</arg>
<arg>HR</arg>
<arg>HT</arg>
<arg>HU</arg>
<arg>ID</arg>
<arg>IE</arg>
<arg>IL</arg>
<arg>IM</arg>
<arg>IN</arg>
<arg>IO</arg>
<arg>IQ</arg>
<arg>IR</arg>
<arg>IS</arg>
<arg>IT</arg>
<arg>JE</arg>
<arg>JM</arg>
<arg>JO</arg>
<arg>JP</arg>
<arg>KE</arg>
<arg>KG</arg>
<arg>KH</arg>
<arg>KI</arg>
<arg>KM</arg>
<arg>KN</arg>
<arg>KP</arg>
<arg>KR</arg>
<arg>KW</arg>
<arg>KY</arg>
<arg>KZ</arg>
<arg>LA</arg>
<arg>LB</arg>
<arg>LC</arg>
<arg>LI</arg>
<arg>LK</arg>
<arg>LR</arg>
<arg>LS</arg>
<arg>LT</arg>
<arg>LU</arg>
<arg>LV</arg>
<arg>LY</arg>
<arg>MA</arg>
<arg>MC</arg>
<arg>MD</arg>
<arg>ME</arg>
<arg>MF</arg>
<arg>MG</arg>
<arg>MH</arg>
<arg>MK</arg>
<arg>ML</arg>
<arg>MM</arg>
<arg>MN</arg>
<arg>MO</arg>
<arg>MP</arg>
<arg>MQ</arg>
<arg>MR</arg>
<arg>MS</arg>
<arg>MT</arg>
<arg>MU</arg>
<arg>MV</arg>
<arg>MW</arg>
<arg>MX</arg>
<arg>MY</arg>
<arg>MZ</arg>
<arg>NA</arg>
<arg>NC</arg>
<arg>NE</arg>
<arg>NF</arg>
<arg>NG</arg>
<arg>NI</arg>
<arg>NL</arg>
<arg>NO</arg>
<arg>NP</arg>
<arg>NR</arg>
<arg>NU</arg>
<arg>NZ</arg>
<arg>OM</arg>
<arg>PA</arg>
<arg>PE</arg>
<arg>PF</arg>
<arg>PG</arg>
<arg>PH</arg>
<arg>PK</arg>
<arg>PL</arg>
<arg>PM</arg>
<arg>PN</arg>
<arg>PR</arg>
<arg>PS</arg>
<arg>PT</arg>
<arg>PW</arg>
<arg>PY</arg>
<arg>QA</arg>
<arg>RE</arg>
<arg>RO</arg>
<arg>RS</arg>
<arg>RU</arg>
<arg>RW</arg>
<arg>SA</arg>
<arg>SB</arg>
<arg>SC</arg>
<arg>SD</arg>
<arg>SE</arg>
<arg>SG</arg>
<arg>SH</arg>
<arg>SI</arg>
<arg>SJ</arg>
<arg>SK</arg>
<arg>SL</arg>
<arg>SM</arg>
<arg>SN</arg>
<arg>SO</arg>
<arg>SR</arg>
<arg>SS</arg>
<arg>ST</arg>
<arg>SV</arg>
<arg>SX</arg>
<arg>SY</arg>
<arg>SZ</arg>
<arg>TC</arg>
<arg>TD</arg>
<arg>TF</arg>
<arg>TG</arg>
<arg>TH</arg>
<arg>TJ</arg>
<arg>TK</arg>
<arg>TL</arg>
<arg>TM</arg>
<arg>TN</arg>
<arg>TO</arg>
<arg>TR</arg>
<arg>TT</arg>
<arg>TV</arg>
<arg>TW</arg>
<arg>TZ</arg>
<arg>UA</arg>
<arg>UG</arg>
<arg>UM</arg>
<arg>US</arg>
<arg>UY</arg>
<arg>UZ</arg>
<arg>VA</arg>
<arg>VC</arg>
<arg>VE</arg>
<arg>VG</arg>
<arg>VI</arg>
<arg>VN</arg>
<arg>VU</arg>
<arg>WF</arg>
<arg>WS</arg>
<arg>XK</arg>
<arg>YE</arg>
<arg>YT</arg>
<arg>ZA</arg>
<arg>ZM</arg>
<arg>ZW</arg>
<doc>Returns a list containing given items.</doc>
<status status="PASS" start="2024-06-26T15:16:40.512073" elapsed="0.000622"/>
</kw>
<kw name="List Should Contain Value" owner="Collections">
<arg>${list_country}</arg>
<arg>${name_country}</arg>
<doc>Fails if the ``value`` is not found from ``list``.</doc>
<status status="PASS" start="2024-06-26T15:16:40.513500" elapsed="0.000204"/>
</kw>
<kw name="Run Keyword If" owner="BuiltIn">
<kw name="Should Be True" owner="BuiltIn">
<arg>${True}</arg>
<doc>Fails if the given condition is not true.</doc>
<status status="PASS" start="2024-06-26T15:16:40.514696" elapsed="0.000144"/>
</kw>
<arg>${json_data["results"][0]["location"]["coordinates"]["latitude"]} &gt;= -90 and ${json_data["results"][0]["location"]["coordinates"]["latitude"]} &lt;= 90</arg>
<arg>Should Be True</arg>
<arg>${True}</arg>
<doc>Runs the given keyword with the given arguments, if ``condition`` is true.</doc>
<status status="PASS" start="2024-06-26T15:16:40.513936" elapsed="0.001030"/>
</kw>
<kw name="Run Keyword If" owner="BuiltIn">
<kw name="Should Be True" owner="BuiltIn">
<arg>${True}</arg>
<doc>Fails if the given condition is not true.</doc>
<status status="PASS" start="2024-06-26T15:16:40.515836" elapsed="0.000163"/>
</kw>
<arg>${json_data["results"][0]["location"]["coordinates"]["longitude"]} &gt;= -180 and ${json_data["results"][0]["location"]["coordinates"]["longitude"]} &lt;= 180</arg>
<arg>Should Be True</arg>
<arg>${True}</arg>
<doc>Runs the given keyword with the given arguments, if ``condition`` is true.</doc>
<status status="PASS" start="2024-06-26T15:16:40.515145" elapsed="0.000985"/>
</kw>
<status status="PASS" start="2024-06-26T15:16:40.396227" elapsed="0.120033"/>
</kw>
<doc>Testa o conteúdo específico dos campos retornados pela API.</doc>
<tag>testeConteudo</tag>
<status status="PASS" start="2024-06-26T15:16:40.395796" elapsed="0.120612"/>
</test>
<status status="PASS" start="2024-06-26T15:16:39.178145" elapsed="1.340175"/>
</suite>
<status status="PASS" start="2024-06-26T15:16:39.163325" elapsed="1.360168"/>
</suite>
<statistics>
<total>
<stat pass="5" fail="0" skip="0">All Tests</stat>
</total>
<tag>
<stat pass="1" fail="0" skip="0">testeConteudo</stat>
<stat pass="1" fail="0" skip="0">testeEstruturaResposta</stat>
<stat pass="1" fail="0" skip="0">testeRequisicaoBasica</stat>
<stat pass="1" fail="0" skip="0">testeTiposDados</stat>
</tag>
<suite>
<stat pass="5" fail="0" skip="0" id="s1" name="Tests">Tests</stat>
<stat pass="5" fail="0" skip="0" id="s1-s1" name="Random-User-Test">Tests.Random-User-Test</stat>
</suite>
</statistics>
<errors>
</errors>
</robot>
