<?xml version="1.0" encoding="UTF-8"?>
<robot generator="Robot 7.0.1 (Python 3.12.3 on linux)" generated="2024-06-17T10:17:27.939781" rpa="false" schemaversion="5">
<suite id="s1" name="Tests" source="/home/runner/work/ApiRandomUser/ApiRandomUser/RamdonUser/tests">
<suite id="s1-s1" name="Random-User-Test" source="/home/runner/work/ApiRandomUser/ApiRandomUser/RamdonUser/tests/random-user-test.robot">
<test id="s1-s1-t1" name="Conectar" line="13">
<kw name="Conectar API" owner="random-user-service">
<kw name="Create Session" owner="RequestsLibrary">
<msg time="2024-06-17T10:17:28.338734" level="INFO">Creating Session using : alias=consultarAPI, url=https://randomuser.me/, headers={},                     cookies={}, auth=None, timeout=None, proxies=None, verify=False,                     debug=0 </msg>
<arg>consultarAPI</arg>
<arg>${URL}</arg>
<doc>Create Session: create a HTTP session to a server</doc>
<status status="PASS" start="2024-06-17T10:17:28.338512" elapsed="0.000415"/>
</kw>
<status status="PASS" start="2024-06-17T10:17:28.337473" elapsed="0.001835"/>
</kw>
<status status="PASS" start="2024-06-17T10:17:28.336813" elapsed="0.002699"/>
</test>
<test id="s1-s1-t2" name="Validar retorno 200 e JSON Válido" line="16">
<kw name="Teste de Requisicao Basica" owner="random-user-service">
<kw name="GET On Session" owner="RequestsLibrary">
<msg time="2024-06-17T10:17:28.412051" level="INFO">GET Request : url=https://randomuser.me/api 
 path_url=/api 
 headers={'User-Agent': 'python-requests/2.32.3', 'Accept-Encoding': 'gzip, deflate', 'Accept': '*/*', 'Connection': 'keep-alive'} 
 body=None 
 </msg>
<msg time="2024-06-17T10:17:28.412223" level="INFO">GET Response : url=https://randomuser.me/api 
 status=200, reason=OK 
 headers={'Date': 'Mon, 17 Jun 2024 10:17:28 GMT', 'Content-Type': 'application/json; charset=utf-8', 'Transfer-Encoding': 'chunked', 'Connection': 'keep-alive', 'X-Powered-By': 'Express', 'Access-Control-Allow-Origin': '*', 'Cache-Control': 'no-cache', 'ETag': 'W/"4bb-wb4kgjj5cDNpZf5CPlaHFKfOCnY"', 'Vary': 'Accept-Encoding', 'Content-Encoding': 'gzip', 'CF-Cache-Status': 'DYNAMIC', 'Report-To': '{"endpoints":[{"url":"https:\\/\\/a.nel.cloudflare.com\\/report\\/v4?s=j46iPKnFo5OE3%2FgwgUMoWbhk8GGBTtQlx22RyIkAVgw%2B4Ln546DGDIXJdpns%2BLPZzsjk1IeblT3x4jMq2VQ3IBeoC7JCrwjd%2Fk6tF%2Bd%2FiJYYhRStNJ%2FXPvR47E3niXR3"}],"group":"cf-nel","max_age":604800}', 'NEL': '{"success_fraction":0,"report_to":"cf-nel","max_age":604800}', 'Server': 'cloudflare', 'CF-RAY': '89524a406d200623-IAD', 'alt-svc': 'h3=":443"; ma=86400'} 
 body={"results":[{"gender":"female","name":{"title":"Mrs","first":"Mayte","last":"Portillo"},"location":{"street":{"number":9387,"name":"Prolongación Sonora"},"city":"El Vergel (Ejido El Vergel)","state":"Veracruz","country":"Mexico","postcode":81453,"coordinates":{"latitude":"25.9786","longitude":"139.2983"},"timezone":{"offset":"+9:00","description":"Tokyo, Seoul, Osaka, Sapporo, Yakutsk"}},"email":"mayte.portillo@example.com","login":{"uuid":"bb7efe4e-cc94-4f1a-99ca-c357fa37ba3d","username":"purplerabbit312","password":"silly","salt":"YJt0fNwK","md5":"a6b241cd74326a40f56a4ec450009a62","sha1":"e6ff89dd4bec788c416f50a7a1dfb8d43a58f2e4","sha256":"9b871e60103c826756579a779c3143dcd864840456c88668b72b32a0d3299f92"},"dob":{"date":"1964-10-24T13:32:46.119Z","age":59},"registered":{"date":"2011-08-27T10:29:16.493Z","age":12},"phone":"(662) 476 2819","cell":"(689) 037 2045","id":{"name":"NSS","value":"12 93 34 3411 9"},"picture":{"large":"https://randomuser.me/api/portraits/women/93.jpg","medium":"https://randomuser.me/api/portraits/med/women/93.jpg","thumbnail":"https://randomuser.me/api/portraits/thumb/women/93.jpg"},"nat":"MX"}],"info":{"seed":"61fb01f23db5dc25","results":1,"page":1,"version":"1.4"}} 
 </msg>
<msg time="2024-06-17T10:17:28.412310" level="INFO">/opt/hostedtoolcache/Python/3.12.3/x64/lib/python3.12/site-packages/urllib3/connectionpool.py:1103: InsecureRequestWarning: Unverified HTTPS request is being made to host 'randomuser.me'. Adding certificate verification is strongly advised. See: https://urllib3.readthedocs.io/en/latest/advanced-usage.html#tls-warnings
  warnings.warn(</msg>
<msg time="2024-06-17T10:17:28.412468" level="INFO">${response} = &lt;Response [200]&gt;</msg>
<var>${response}</var>
<arg>consultarAPI</arg>
<arg>/api</arg>
<doc>Sends a GET request on a previously created HTTP Session.</doc>
<status status="PASS" start="2024-06-17T10:17:28.342236" elapsed="0.070276"/>
</kw>
<kw name="Should Be Equal As Numbers" owner="BuiltIn">
<msg time="2024-06-17T10:17:28.413724" level="INFO">Argument types are:
&lt;class 'int'&gt;
&lt;class 'str'&gt;</msg>
<arg>${response.status_code}</arg>
<arg>200</arg>
<doc>Fails if objects are unequal after converting them to real numbers.</doc>
<status status="PASS" start="2024-06-17T10:17:28.413215" elapsed="0.000615"/>
</kw>
<kw name="Log" owner="BuiltIn">
<msg time="2024-06-17T10:17:28.414599" level="INFO">200</msg>
<arg>${response.status_code}</arg>
<doc>Logs the given message with the given level.</doc>
<status status="PASS" start="2024-06-17T10:17:28.414227" elapsed="0.000429"/>
</kw>
<kw name="Set Variable" owner="BuiltIn">
<msg time="2024-06-17T10:17:28.415445" level="INFO">${json_data} = {'results': [{'gender': 'female', 'name': {'title': 'Mrs', 'first': 'Mayte', 'last': 'Portillo'}, 'location': {'street': {'number': 9387, 'name': 'Prolongación Sonora'}, 'city': 'El Vergel (Ejido El V...</msg>
<var>${json_data}</var>
<arg>${response.json()}</arg>
<doc>Returns the given values which can then be assigned to a variables.</doc>
<status status="PASS" start="2024-06-17T10:17:28.414983" elapsed="0.000491"/>
</kw>
<kw name="Dictionary Should Contain Key" owner="Collections">
<arg>${json_data}</arg>
<arg>results</arg>
<doc>Fails if ``key`` is not found from ``dictionary``.</doc>
<status status="PASS" start="2024-06-17T10:17:28.415787" elapsed="0.000168"/>
</kw>
<status status="PASS" start="2024-06-17T10:17:28.341982" elapsed="0.074135"/>
</kw>
<doc>Testa se a API responde corretamente e retorna um objeto JSON válido.</doc>
<tag>testeRequisicaoBasica</tag>
<status status="PASS" start="2024-06-17T10:17:28.341381" elapsed="0.074919"/>
</test>
<test id="s1-s1-t3" name="Validar estrutura de resposta" line="22">
<kw name="Teste de Estrutura de Resposta" owner="random-user-service">
<kw name="GET On Session" owner="RequestsLibrary">
<msg time="2024-06-17T10:17:28.519400" level="INFO">GET Request : url=https://randomuser.me/api 
 path_url=/api 
 headers={'User-Agent': 'python-requests/2.32.3', 'Accept-Encoding': 'gzip, deflate', 'Accept': '*/*', 'Connection': 'keep-alive'} 
 body=None 
 </msg>
<msg time="2024-06-17T10:17:28.519515" level="INFO">GET Response : url=https://randomuser.me/api 
 status=200, reason=OK 
 headers={'Date': 'Mon, 17 Jun 2024 10:17:28 GMT', 'Content-Type': 'application/json; charset=utf-8', 'Transfer-Encoding': 'chunked', 'Connection': 'keep-alive', 'X-Powered-By': 'Express', 'Access-Control-Allow-Origin': '*', 'Cache-Control': 'no-cache', 'ETag': 'W/"49f-g7gz46pByJoq/OlrL4joQ1QCyb0"', 'Vary': 'Accept-Encoding', 'Content-Encoding': 'gzip', 'CF-Cache-Status': 'DYNAMIC', 'Report-To': '{"endpoints":[{"url":"https:\\/\\/a.nel.cloudflare.com\\/report\\/v4?s=AXI8wdHYrRs%2Fb5uve%2Fy3S%2Figgzd8eNaZfoqCJr4UkoWHuzqTx5AbVT5%2BrJrLUHEZNVOnyBJgHXBpTHkQHU1xiSa8Bep%2F%2Bcjz8tebmoIrCYUp9BiVeqiMiKgdZZjJGHpI"}],"group":"cf-nel","max_age":604800}', 'NEL': '{"success_fraction":0,"report_to":"cf-nel","max_age":604800}', 'Server': 'cloudflare', 'CF-RAY': '89524a40ad700623-IAD', 'alt-svc': 'h3=":443"; ma=86400'} 
 body={"results":[{"gender":"male","name":{"title":"Mr","first":"Prodan","last":"Pantić"},"location":{"street":{"number":4414,"name":"Veštih Pletilja"},"city":"Kruševac","state":"Kosovska Mitrovica","country":"Serbia","postcode":93288,"coordinates":{"latitude":"57.1968","longitude":"-38.4117"},"timezone":{"offset":"+3:00","description":"Baghdad, Riyadh, Moscow, St. Petersburg"}},"email":"prodan.pantic@example.com","login":{"uuid":"a787e64e-0ded-426c-a41d-020c6bfcf879","username":"beautifulswan146","password":"deejay","salt":"d16ZkzWj","md5":"19d0b6fb09d209d6382b73ed6815f070","sha1":"1806c61bf2a863452eae0907116ae50e9f4b8424","sha256":"8198c265e8f8e200b8a37d69a62c25b0a0d89b455871bf8416ab9912b84c5ba5"},"dob":{"date":"1953-04-20T20:01:55.870Z","age":71},"registered":{"date":"2002-04-02T02:42:42.193Z","age":22},"phone":"027-9795-464","cell":"065-2337-234","id":{"name":"SID","value":"392901000"},"picture":{"large":"https://randomuser.me/api/portraits/men/80.jpg","medium":"https://randomuser.me/api/portraits/med/men/80.jpg","thumbnail":"https://randomuser.me/api/portraits/thumb/men/80.jpg"},"nat":"RS"}],"info":{"seed":"41b839fabf9e843a","results":1,"page":1,"version":"1.4"}} 
 </msg>
<msg time="2024-06-17T10:17:28.519661" level="INFO">/opt/hostedtoolcache/Python/3.12.3/x64/lib/python3.12/site-packages/urllib3/connectionpool.py:1103: InsecureRequestWarning: Unverified HTTPS request is being made to host 'randomuser.me'. Adding certificate verification is strongly advised. See: https://urllib3.readthedocs.io/en/latest/advanced-usage.html#tls-warnings
  warnings.warn(</msg>
<msg time="2024-06-17T10:17:28.519814" level="INFO">${response} = &lt;Response [200]&gt;</msg>
<var>${response}</var>
<arg>consultarAPI</arg>
<arg>/api</arg>
<doc>Sends a GET request on a previously created HTTP Session.</doc>
<status status="PASS" start="2024-06-17T10:17:28.419022" elapsed="0.100838"/>
</kw>
<kw name="Set Variable" owner="BuiltIn">
<msg time="2024-06-17T10:17:28.521158" level="INFO">${json_data} = {'results': [{'gender': 'male', 'name': {'title': 'Mr', 'first': 'Prodan', 'last': 'Pantić'}, 'location': {'street': {'number': 4414, 'name': 'Veštih Pletilja'}, 'city': 'Kruševac', 'state': 'Kosovska...</msg>
<var>${json_data}</var>
<arg>${response.json()}</arg>
<doc>Returns the given values which can then be assigned to a variables.</doc>
<status status="PASS" start="2024-06-17T10:17:28.520551" elapsed="0.000641"/>
</kw>
<kw name="Log" owner="BuiltIn">
<msg time="2024-06-17T10:17:28.521767" level="INFO">{'results': [{'gender': 'male', 'name': {'title': 'Mr', 'first': 'Prodan', 'last': 'Pantić'}, 'location': {'street': {'number': 4414, 'name': 'Veštih Pletilja'}, 'city': 'Kruševac', 'state': 'Kosovska Mitrovica', 'country': 'Serbia', 'postcode': 93288, 'coordinates': {'latitude': '57.1968', 'longitude': '-38.4117'}, 'timezone': {'offset': '+3:00', 'description': 'Baghdad, Riyadh, Moscow, St. Petersburg'}}, 'email': 'prodan.pantic@example.com', 'login': {'uuid': 'a787e64e-0ded-426c-a41d-020c6bfcf879', 'username': 'beautifulswan146', 'password': 'deejay', 'salt': 'd16ZkzWj', 'md5': '19d0b6fb09d209d6382b73ed6815f070', 'sha1': '1806c61bf2a863452eae0907116ae50e9f4b8424', 'sha256': '8198c265e8f8e200b8a37d69a62c25b0a0d89b455871bf8416ab9912b84c5ba5'}, 'dob': {'date': '1953-04-20T20:01:55.870Z', 'age': 71}, 'registered': {'date': '2002-04-02T02:42:42.193Z', 'age': 22}, 'phone': '027-9795-464', 'cell': '065-2337-234', 'id': {'name': 'SID', 'value': '392901000'}, 'picture': {'large': 'https://randomuser.me/api/portraits/men/80.jpg', 'medium': 'https://randomuser.me/api/portraits/med/men/80.jpg', 'thumbnail': 'https://randomuser.me/api/portraits/thumb/men/80.jpg'}, 'nat': 'RS'}], 'info': {'seed': '41b839fabf9e843a', 'results': 1, 'page': 1, 'version': '1.4'}}</msg>
<arg>${json_data}</arg>
<doc>Logs the given message with the given level.</doc>
<status status="PASS" start="2024-06-17T10:17:28.521554" elapsed="0.000281"/>
</kw>
<kw name="Dictionary Should Contain Key" owner="Collections">
<arg>${json_data}</arg>
<arg>results</arg>
<doc>Fails if ``key`` is not found from ``dictionary``.</doc>
<status status="PASS" start="2024-06-17T10:17:28.522177" elapsed="0.000169"/>
</kw>
<kw name="Should Not Be Empty" owner="BuiltIn">
<msg time="2024-06-17T10:17:28.522677" level="INFO">Length is 2.</msg>
<arg>${json_data}</arg>
<doc>Verifies that the given item is not empty.</doc>
<status status="PASS" start="2024-06-17T10:17:28.522542" elapsed="0.000175"/>
</kw>
<kw name="Create List" owner="BuiltIn">
<msg time="2024-06-17T10:17:28.523174" level="INFO">${expected_keys} = ['gender', 'name', 'location', 'email', 'login']</msg>
<var>${expected_keys}</var>
<arg>gender</arg>
<arg>name</arg>
<arg>location</arg>
<arg>email</arg>
<arg>login</arg>
<doc>Returns a list containing given items.</doc>
<status status="PASS" start="2024-06-17T10:17:28.523022" elapsed="0.000177"/>
</kw>
<for flavor="IN">
<iter>
<kw name="Dictionary Should Contain Key" owner="Collections">
<arg>${json_data['results'][0]}</arg>
<arg>${key}</arg>
<doc>Fails if ``key`` is not found from ``dictionary``.</doc>
<status status="PASS" start="2024-06-17T10:17:28.523976" elapsed="0.000430"/>
</kw>
<kw name="Log" owner="BuiltIn">
<msg time="2024-06-17T10:17:28.524968" level="INFO">{'gender': 'male', 'name': {'title': 'Mr', 'first': 'Prodan', 'last': 'Pantić'}, 'location': {'street': {'number': 4414, 'name': 'Veštih Pletilja'}, 'city': 'Kruševac', 'state': 'Kosovska Mitrovica', 'country': 'Serbia', 'postcode': 93288, 'coordinates': {'latitude': '57.1968', 'longitude': '-38.4117'}, 'timezone': {'offset': '+3:00', 'description': 'Baghdad, Riyadh, Moscow, St. Petersburg'}}, 'email': 'prodan.pantic@example.com', 'login': {'uuid': 'a787e64e-0ded-426c-a41d-020c6bfcf879', 'username': 'beautifulswan146', 'password': 'deejay', 'salt': 'd16ZkzWj', 'md5': '19d0b6fb09d209d6382b73ed6815f070', 'sha1': '1806c61bf2a863452eae0907116ae50e9f4b8424', 'sha256': '8198c265e8f8e200b8a37d69a62c25b0a0d89b455871bf8416ab9912b84c5ba5'}, 'dob': {'date': '1953-04-20T20:01:55.870Z', 'age': 71}, 'registered': {'date': '2002-04-02T02:42:42.193Z', 'age': 22}, 'phone': '027-9795-464', 'cell': '065-2337-234', 'id': {'name': 'SID', 'value': '392901000'}, 'picture': {'large': 'https://randomuser.me/api/portraits/men/80.jpg', 'medium': 'https://randomuser.me/api/portraits/med/men/80.jpg', 'thumbnail': 'https://randomuser.me/api/portraits/thumb/men/80.jpg'}, 'nat': 'RS'}</msg>
<arg>${json_data['results'][0]}</arg>
<doc>Logs the given message with the given level.</doc>
<status status="PASS" start="2024-06-17T10:17:28.524597" elapsed="0.000435"/>
</kw>
<kw name="Log" owner="BuiltIn">
<msg time="2024-06-17T10:17:28.525471" level="INFO">gender</msg>
<arg>${key}</arg>
<doc>Logs the given message with the given level.</doc>
<status status="PASS" start="2024-06-17T10:17:28.525339" elapsed="0.000170"/>
</kw>
<var name="${key}">gender</var>
<status status="PASS" start="2024-06-17T10:17:28.523843" elapsed="0.001906"/>
</iter>
<iter>
<kw name="Dictionary Should Contain Key" owner="Collections">
<arg>${json_data['results'][0]}</arg>
<arg>${key}</arg>
<doc>Fails if ``key`` is not found from ``dictionary``.</doc>
<status status="PASS" start="2024-06-17T10:17:28.526067" elapsed="0.000395"/>
</kw>
<kw name="Log" owner="BuiltIn">
<msg time="2024-06-17T10:17:28.527046" level="INFO">{'gender': 'male', 'name': {'title': 'Mr', 'first': 'Prodan', 'last': 'Pantić'}, 'location': {'street': {'number': 4414, 'name': 'Veštih Pletilja'}, 'city': 'Kruševac', 'state': 'Kosovska Mitrovica', 'country': 'Serbia', 'postcode': 93288, 'coordinates': {'latitude': '57.1968', 'longitude': '-38.4117'}, 'timezone': {'offset': '+3:00', 'description': 'Baghdad, Riyadh, Moscow, St. Petersburg'}}, 'email': 'prodan.pantic@example.com', 'login': {'uuid': 'a787e64e-0ded-426c-a41d-020c6bfcf879', 'username': 'beautifulswan146', 'password': 'deejay', 'salt': 'd16ZkzWj', 'md5': '19d0b6fb09d209d6382b73ed6815f070', 'sha1': '1806c61bf2a863452eae0907116ae50e9f4b8424', 'sha256': '8198c265e8f8e200b8a37d69a62c25b0a0d89b455871bf8416ab9912b84c5ba5'}, 'dob': {'date': '1953-04-20T20:01:55.870Z', 'age': 71}, 'registered': {'date': '2002-04-02T02:42:42.193Z', 'age': 22}, 'phone': '027-9795-464', 'cell': '065-2337-234', 'id': {'name': 'SID', 'value': '392901000'}, 'picture': {'large': 'https://randomuser.me/api/portraits/men/80.jpg', 'medium': 'https://randomuser.me/api/portraits/med/men/80.jpg', 'thumbnail': 'https://randomuser.me/api/portraits/thumb/men/80.jpg'}, 'nat': 'RS'}</msg>
<arg>${json_data['results'][0]}</arg>
<doc>Logs the given message with the given level.</doc>
<status status="PASS" start="2024-06-17T10:17:28.526652" elapsed="0.000447"/>
</kw>
<kw name="Log" owner="BuiltIn">
<msg time="2024-06-17T10:17:28.527533" level="INFO">name</msg>
<arg>${key}</arg>
<doc>Logs the given message with the given level.</doc>
<status status="PASS" start="2024-06-17T10:17:28.527405" elapsed="0.000165"/>
</kw>
<var name="${key}">name</var>
<status status="PASS" start="2024-06-17T10:17:28.525953" elapsed="0.001834"/>
</iter>
<iter>
<kw name="Dictionary Should Contain Key" owner="Collections">
<arg>${json_data['results'][0]}</arg>
<arg>${key}</arg>
<doc>Fails if ``key`` is not found from ``dictionary``.</doc>
<status status="PASS" start="2024-06-17T10:17:28.528084" elapsed="0.000382"/>
</kw>
<kw name="Log" owner="BuiltIn">
<msg time="2024-06-17T10:17:28.529000" level="INFO">{'gender': 'male', 'name': {'title': 'Mr', 'first': 'Prodan', 'last': 'Pantić'}, 'location': {'street': {'number': 4414, 'name': 'Veštih Pletilja'}, 'city': 'Kruševac', 'state': 'Kosovska Mitrovica', 'country': 'Serbia', 'postcode': 93288, 'coordinates': {'latitude': '57.1968', 'longitude': '-38.4117'}, 'timezone': {'offset': '+3:00', 'description': 'Baghdad, Riyadh, Moscow, St. Petersburg'}}, 'email': 'prodan.pantic@example.com', 'login': {'uuid': 'a787e64e-0ded-426c-a41d-020c6bfcf879', 'username': 'beautifulswan146', 'password': 'deejay', 'salt': 'd16ZkzWj', 'md5': '19d0b6fb09d209d6382b73ed6815f070', 'sha1': '1806c61bf2a863452eae0907116ae50e9f4b8424', 'sha256': '8198c265e8f8e200b8a37d69a62c25b0a0d89b455871bf8416ab9912b84c5ba5'}, 'dob': {'date': '1953-04-20T20:01:55.870Z', 'age': 71}, 'registered': {'date': '2002-04-02T02:42:42.193Z', 'age': 22}, 'phone': '027-9795-464', 'cell': '065-2337-234', 'id': {'name': 'SID', 'value': '392901000'}, 'picture': {'large': 'https://randomuser.me/api/portraits/men/80.jpg', 'medium': 'https://randomuser.me/api/portraits/med/men/80.jpg', 'thumbnail': 'https://randomuser.me/api/portraits/thumb/men/80.jpg'}, 'nat': 'RS'}</msg>
<arg>${json_data['results'][0]}</arg>
<doc>Logs the given message with the given level.</doc>
<status status="PASS" start="2024-06-17T10:17:28.528649" elapsed="0.000402"/>
</kw>
<kw name="Log" owner="BuiltIn">
<msg time="2024-06-17T10:17:28.529471" level="INFO">location</msg>
<arg>${key}</arg>
<doc>Logs the given message with the given level.</doc>
<status status="PASS" start="2024-06-17T10:17:28.529346" elapsed="0.000162"/>
</kw>
<var name="${key}">location</var>
<status status="PASS" start="2024-06-17T10:17:28.527970" elapsed="0.001753"/>
</iter>
<iter>
<kw name="Dictionary Should Contain Key" owner="Collections">
<arg>${json_data['results'][0]}</arg>
<arg>${key}</arg>
<doc>Fails if ``key`` is not found from ``dictionary``.</doc>
<status status="PASS" start="2024-06-17T10:17:28.530040" elapsed="0.000390"/>
</kw>
<kw name="Log" owner="BuiltIn">
<msg time="2024-06-17T10:17:28.530968" level="INFO">{'gender': 'male', 'name': {'title': 'Mr', 'first': 'Prodan', 'last': 'Pantić'}, 'location': {'street': {'number': 4414, 'name': 'Veštih Pletilja'}, 'city': 'Kruševac', 'state': 'Kosovska Mitrovica', 'country': 'Serbia', 'postcode': 93288, 'coordinates': {'latitude': '57.1968', 'longitude': '-38.4117'}, 'timezone': {'offset': '+3:00', 'description': 'Baghdad, Riyadh, Moscow, St. Petersburg'}}, 'email': 'prodan.pantic@example.com', 'login': {'uuid': 'a787e64e-0ded-426c-a41d-020c6bfcf879', 'username': 'beautifulswan146', 'password': 'deejay', 'salt': 'd16ZkzWj', 'md5': '19d0b6fb09d209d6382b73ed6815f070', 'sha1': '1806c61bf2a863452eae0907116ae50e9f4b8424', 'sha256': '8198c265e8f8e200b8a37d69a62c25b0a0d89b455871bf8416ab9912b84c5ba5'}, 'dob': {'date': '1953-04-20T20:01:55.870Z', 'age': 71}, 'registered': {'date': '2002-04-02T02:42:42.193Z', 'age': 22}, 'phone': '027-9795-464', 'cell': '065-2337-234', 'id': {'name': 'SID', 'value': '392901000'}, 'picture': {'large': 'https://randomuser.me/api/portraits/men/80.jpg', 'medium': 'https://randomuser.me/api/portraits/med/men/80.jpg', 'thumbnail': 'https://randomuser.me/api/portraits/thumb/men/80.jpg'}, 'nat': 'RS'}</msg>
<arg>${json_data['results'][0]}</arg>
<doc>Logs the given message with the given level.</doc>
<status status="PASS" start="2024-06-17T10:17:28.530615" elapsed="0.000404"/>
</kw>
<kw name="Log" owner="BuiltIn">
<msg time="2024-06-17T10:17:28.531452" level="INFO">email</msg>
<arg>${key}</arg>
<doc>Logs the given message with the given level.</doc>
<status status="PASS" start="2024-06-17T10:17:28.531321" elapsed="0.000170"/>
</kw>
<var name="${key}">email</var>
<status status="PASS" start="2024-06-17T10:17:28.529930" elapsed="0.001778"/>
</iter>
<iter>
<kw name="Dictionary Should Contain Key" owner="Collections">
<arg>${json_data['results'][0]}</arg>
<arg>${key}</arg>
<doc>Fails if ``key`` is not found from ``dictionary``.</doc>
<status status="PASS" start="2024-06-17T10:17:28.531990" elapsed="0.000392"/>
</kw>
<kw name="Log" owner="BuiltIn">
<msg time="2024-06-17T10:17:28.532911" level="INFO">{'gender': 'male', 'name': {'title': 'Mr', 'first': 'Prodan', 'last': 'Pantić'}, 'location': {'street': {'number': 4414, 'name': 'Veštih Pletilja'}, 'city': 'Kruševac', 'state': 'Kosovska Mitrovica', 'country': 'Serbia', 'postcode': 93288, 'coordinates': {'latitude': '57.1968', 'longitude': '-38.4117'}, 'timezone': {'offset': '+3:00', 'description': 'Baghdad, Riyadh, Moscow, St. Petersburg'}}, 'email': 'prodan.pantic@example.com', 'login': {'uuid': 'a787e64e-0ded-426c-a41d-020c6bfcf879', 'username': 'beautifulswan146', 'password': 'deejay', 'salt': 'd16ZkzWj', 'md5': '19d0b6fb09d209d6382b73ed6815f070', 'sha1': '1806c61bf2a863452eae0907116ae50e9f4b8424', 'sha256': '8198c265e8f8e200b8a37d69a62c25b0a0d89b455871bf8416ab9912b84c5ba5'}, 'dob': {'date': '1953-04-20T20:01:55.870Z', 'age': 71}, 'registered': {'date': '2002-04-02T02:42:42.193Z', 'age': 22}, 'phone': '027-9795-464', 'cell': '065-2337-234', 'id': {'name': 'SID', 'value': '392901000'}, 'picture': {'large': 'https://randomuser.me/api/portraits/men/80.jpg', 'medium': 'https://randomuser.me/api/portraits/med/men/80.jpg', 'thumbnail': 'https://randomuser.me/api/portraits/thumb/men/80.jpg'}, 'nat': 'RS'}</msg>
<arg>${json_data['results'][0]}</arg>
<doc>Logs the given message with the given level.</doc>
<status status="PASS" start="2024-06-17T10:17:28.532566" elapsed="0.000395"/>
</kw>
<kw name="Log" owner="BuiltIn">
<msg time="2024-06-17T10:17:28.533380" level="INFO">login</msg>
<arg>${key}</arg>
<doc>Logs the given message with the given level.</doc>
<status status="PASS" start="2024-06-17T10:17:28.533254" elapsed="0.000163"/>
</kw>
<var name="${key}">login</var>
<status status="PASS" start="2024-06-17T10:17:28.531882" elapsed="0.001746"/>
</iter>
<var>${key}</var>
<value>@{expected_keys}</value>
<status status="PASS" start="2024-06-17T10:17:28.523639" elapsed="0.010136"/>
</for>
<kw name="Create List" owner="BuiltIn">
<msg time="2024-06-17T10:17:28.534155" level="INFO">${expected_keysTwo} = ['username', 'password']</msg>
<var>${expected_keysTwo}</var>
<arg>username</arg>
<arg>password</arg>
<doc>Returns a list containing given items.</doc>
<status status="PASS" start="2024-06-17T10:17:28.534010" elapsed="0.000169"/>
</kw>
<for flavor="IN">
<iter>
<kw name="Dictionary Should Contain Key" owner="Collections">
<arg>${json_data['results'][0]['login']}</arg>
<arg>${keyTwo}</arg>
<doc>Fails if ``key`` is not found from ``dictionary``.</doc>
<status status="PASS" start="2024-06-17T10:17:28.534680" elapsed="0.000392"/>
</kw>
<kw name="Dictionary Should Contain Key" owner="Collections">
<arg>${json_data['results'][0]['login']}</arg>
<arg>${keyTwo}</arg>
<doc>Fails if ``key`` is not found from ``dictionary``.</doc>
<status status="PASS" start="2024-06-17T10:17:28.535251" elapsed="0.000386"/>
</kw>
<kw name="Log" owner="BuiltIn">
<msg time="2024-06-17T10:17:28.535936" level="INFO">username</msg>
<arg>${keyTwo}</arg>
<doc>Logs the given message with the given level.</doc>
<status status="PASS" start="2024-06-17T10:17:28.535817" elapsed="0.000161"/>
</kw>
<var name="${keyTwo}">username</var>
<status status="PASS" start="2024-06-17T10:17:28.534573" elapsed="0.001628"/>
</iter>
<iter>
<kw name="Dictionary Should Contain Key" owner="Collections">
<arg>${json_data['results'][0]['login']}</arg>
<arg>${keyTwo}</arg>
<doc>Fails if ``key`` is not found from ``dictionary``.</doc>
<status status="PASS" start="2024-06-17T10:17:28.536481" elapsed="0.000379"/>
</kw>
<kw name="Dictionary Should Contain Key" owner="Collections">
<arg>${json_data['results'][0]['login']}</arg>
<arg>${keyTwo}</arg>
<doc>Fails if ``key`` is not found from ``dictionary``.</doc>
<status status="PASS" start="2024-06-17T10:17:28.537037" elapsed="0.000361"/>
</kw>
<kw name="Log" owner="BuiltIn">
<msg time="2024-06-17T10:17:28.537691" level="INFO">password</msg>
<arg>${keyTwo}</arg>
<doc>Logs the given message with the given level.</doc>
<status status="PASS" start="2024-06-17T10:17:28.537574" elapsed="0.000174"/>
</kw>
<var name="${keyTwo}">password</var>
<status status="PASS" start="2024-06-17T10:17:28.536376" elapsed="0.001622"/>
</iter>
<var>${keyTwo}</var>
<value>@{expected_keysTwo}</value>
<status status="PASS" start="2024-06-17T10:17:28.534418" elapsed="0.003700"/>
</for>
<status status="PASS" start="2024-06-17T10:17:28.418774" elapsed="0.119483"/>
</kw>
<doc>Testa a estrutura da resposta da API.</doc>
<tag>testeEstruturaResposta</tag>
<status status="PASS" start="2024-06-17T10:17:28.418232" elapsed="0.120183"/>
</test>
<test id="s1-s1-t4" name="Validar tipos de dados" line="28">
<kw name="Teste de Tipos de Dados" owner="random-user-service">
<kw name="GET On Session" owner="RequestsLibrary">
<msg time="2024-06-17T10:17:28.617819" level="INFO">GET Request : url=https://randomuser.me/api 
 path_url=/api 
 headers={'User-Agent': 'python-requests/2.32.3', 'Accept-Encoding': 'gzip, deflate', 'Accept': '*/*', 'Connection': 'keep-alive'} 
 body=None 
 </msg>
<msg time="2024-06-17T10:17:28.617917" level="INFO">GET Response : url=https://randomuser.me/api 
 status=200, reason=OK 
 headers={'Date': 'Mon, 17 Jun 2024 10:17:28 GMT', 'Content-Type': 'application/json; charset=utf-8', 'Transfer-Encoding': 'chunked', 'Connection': 'keep-alive', 'X-Powered-By': 'Express', 'Access-Control-Allow-Origin': '*', 'Cache-Control': 'no-cache', 'ETag': 'W/"48f-iDP9670xqRknVs2icHVaBejjcUg"', 'Vary': 'Accept-Encoding', 'Content-Encoding': 'gzip', 'CF-Cache-Status': 'DYNAMIC', 'Report-To': '{"endpoints":[{"url":"https:\\/\\/a.nel.cloudflare.com\\/report\\/v4?s=XGN5ElfKsVY%2FREwDJJrH3HHLXITm2uI1HY0CDBwslsDF71ekKMcIx37Rnib3FBmrkAvqxe2CplyhqYPo886DhhfzuO9psQo%2FH%2FYIpjjbN37fP9FHddnRytzhLGN4Fal7"}],"group":"cf-nel","max_age":604800}', 'NEL': '{"success_fraction":0,"report_to":"cf-nel","max_age":604800}', 'Server': 'cloudflare', 'CF-RAY': '89524a416de10623-IAD', 'alt-svc': 'h3=":443"; ma=86400'} 
 body={"results":[{"gender":"female","name":{"title":"Ms","first":"Ana","last":"Domínguez"},"location":{"street":{"number":5890,"name":"Calle Nebrija"},"city":"Alicante","state":"Cantabria","country":"Spain","postcode":74668,"coordinates":{"latitude":"-35.0894","longitude":"2.0445"},"timezone":{"offset":"+1:00","description":"Brussels, Copenhagen, Madrid, Paris"}},"email":"ana.dominguez@example.com","login":{"uuid":"03f79e03-bffa-4b84-9acf-5abae42b7bc6","username":"yellowfrog709","password":"saints","salt":"98QUGswO","md5":"3693b9e98dc9b2e1a2d39098f48711f7","sha1":"4c07e984c54b2cb27e344c7d955336b46d53eb7f","sha256":"13acfed984b1f8e72c11165cfe3cb5229fddbdd42b340ad00c3a419e3b9f0f1e"},"dob":{"date":"1986-03-03T22:17:40.939Z","age":38},"registered":{"date":"2015-02-16T20:24:50.228Z","age":9},"phone":"921-747-835","cell":"600-791-794","id":{"name":"DNI","value":"39967595-P"},"picture":{"large":"https://randomuser.me/api/portraits/women/88.jpg","medium":"https://randomuser.me/api/portraits/med/women/88.jpg","thumbnail":"https://randomuser.me/api/portraits/thumb/women/88.jpg"},"nat":"ES"}],"info":{"seed":"6f72903f419a8dcf","results":1,"page":1,"version":"1.4"}} 
 </msg>
<msg time="2024-06-17T10:17:28.617999" level="INFO">/opt/hostedtoolcache/Python/3.12.3/x64/lib/python3.12/site-packages/urllib3/connectionpool.py:1103: InsecureRequestWarning: Unverified HTTPS request is being made to host 'randomuser.me'. Adding certificate verification is strongly advised. See: https://urllib3.readthedocs.io/en/latest/advanced-usage.html#tls-warnings
  warnings.warn(</msg>
<msg time="2024-06-17T10:17:28.618127" level="INFO">${response} = &lt;Response [200]&gt;</msg>
<var>${response}</var>
<arg>consultarAPI</arg>
<arg>/api</arg>
<doc>Sends a GET request on a previously created HTTP Session.</doc>
<status status="PASS" start="2024-06-17T10:17:28.540925" elapsed="0.077243"/>
</kw>
<kw name="Set Variable" owner="BuiltIn">
<msg time="2024-06-17T10:17:28.619431" level="INFO">${json_data} = {'results': [{'gender': 'female', 'name': {'title': 'Ms', 'first': 'Ana', 'last': 'Domínguez'}, 'location': {'street': {'number': 5890, 'name': 'Calle Nebrija'}, 'city': 'Alicante', 'state': 'Cantabri...</msg>
<var>${json_data}</var>
<arg>${response.json()}</arg>
<doc>Returns the given values which can then be assigned to a variables.</doc>
<status status="PASS" start="2024-06-17T10:17:28.618839" elapsed="0.000623"/>
</kw>
<kw name="Log" owner="BuiltIn">
<msg time="2024-06-17T10:17:28.620000" level="INFO">{'results': [{'gender': 'female', 'name': {'title': 'Ms', 'first': 'Ana', 'last': 'Domínguez'}, 'location': {'street': {'number': 5890, 'name': 'Calle Nebrija'}, 'city': 'Alicante', 'state': 'Cantabria', 'country': 'Spain', 'postcode': 74668, 'coordinates': {'latitude': '-35.0894', 'longitude': '2.0445'}, 'timezone': {'offset': '+1:00', 'description': 'Brussels, Copenhagen, Madrid, Paris'}}, 'email': 'ana.dominguez@example.com', 'login': {'uuid': '03f79e03-bffa-4b84-9acf-5abae42b7bc6', 'username': 'yellowfrog709', 'password': 'saints', 'salt': '98QUGswO', 'md5': '3693b9e98dc9b2e1a2d39098f48711f7', 'sha1': '4c07e984c54b2cb27e344c7d955336b46d53eb7f', 'sha256': '13acfed984b1f8e72c11165cfe3cb5229fddbdd42b340ad00c3a419e3b9f0f1e'}, 'dob': {'date': '1986-03-03T22:17:40.939Z', 'age': 38}, 'registered': {'date': '2015-02-16T20:24:50.228Z', 'age': 9}, 'phone': '921-747-835', 'cell': '600-791-794', 'id': {'name': 'DNI', 'value': '39967595-P'}, 'picture': {'large': 'https://randomuser.me/api/portraits/women/88.jpg', 'medium': 'https://randomuser.me/api/portraits/med/women/88.jpg', 'thumbnail': 'https://randomuser.me/api/portraits/thumb/women/88.jpg'}, 'nat': 'ES'}], 'info': {'seed': '6f72903f419a8dcf', 'results': 1, 'page': 1, 'version': '1.4'}}</msg>
<arg>${json_data}</arg>
<doc>Logs the given message with the given level.</doc>
<status status="PASS" start="2024-06-17T10:17:28.619823" elapsed="0.000230"/>
</kw>
<kw name="Should Be String" owner="String">
<arg>${json_data['results'][0]['gender']}</arg>
<doc>Fails if the given ``item`` is not a string.</doc>
<status status="PASS" start="2024-06-17T10:17:28.620361" elapsed="0.000401"/>
</kw>
<kw name="Should Match Regexp" owner="BuiltIn">
<arg>${json_data['results'][0]['email']}</arg>
<arg>^[a-zA-Z0-9._%+-]+@[a-zA-Z0-9.-]+\.[a-zA-Z]{2,}$</arg>
<doc>Fails if ``string`` does not match ``pattern`` as a regular expression.</doc>
<status status="PASS" start="2024-06-17T10:17:28.620997" elapsed="0.000530"/>
</kw>
<kw name="Should Match Regexp" owner="BuiltIn">
<arg>${json_data['results'][0]['dob']['date']}</arg>
<arg>\\d{4}-\\d{2}-\\d{2}T\\d{2}:\\d{2}:\\d{2}\\.\\d{3}Z</arg>
<doc>Fails if ``string`` does not match ``pattern`` as a regular expression.</doc>
<status status="PASS" start="2024-06-17T10:17:28.621760" elapsed="0.000503"/>
</kw>
<kw name="Should Match Regexp" owner="BuiltIn">
<arg>${json_data['results'][0]['registered']['date']}</arg>
<arg>\\d{4}-\\d{2}-\\d{2}T\\d{2}:\\d{2}:\\d{2}\\.\\d{3}Z</arg>
<doc>Fails if ``string`` does not match ``pattern`` as a regular expression.</doc>
<status status="PASS" start="2024-06-17T10:17:28.622461" elapsed="0.000371"/>
</kw>
<kw name="Should Match Regexp" owner="BuiltIn">
<arg>${json_data['results'][0]['picture']['large']}</arg>
<arg>^https?://.*\.(?:png|jpe?g|gif|bmp)$</arg>
<doc>Fails if ``string`` does not match ``pattern`` as a regular expression.</doc>
<status status="PASS" start="2024-06-17T10:17:28.623022" elapsed="0.000462"/>
</kw>
<kw name="Should Match Regexp" owner="BuiltIn">
<arg>${json_data['results'][0]['picture']['medium']}</arg>
<arg>^https?://.*\.(?:png|jpe?g|gif|bmp)$</arg>
<doc>Fails if ``string`` does not match ``pattern`` as a regular expression.</doc>
<status status="PASS" start="2024-06-17T10:17:28.623676" elapsed="0.000356"/>
</kw>
<kw name="Should Match Regexp" owner="BuiltIn">
<arg>${json_data['results'][0]['picture']['thumbnail']}</arg>
<arg>^https?://.*\.(?:png|jpe?g|gif|bmp)$</arg>
<doc>Fails if ``string`` does not match ``pattern`` as a regular expression.</doc>
<status status="PASS" start="2024-06-17T10:17:28.624216" elapsed="0.000350"/>
</kw>
<kw name="Log" owner="BuiltIn">
<msg time="2024-06-17T10:17:28.625071" level="INFO">{'large': 'https://randomuser.me/api/portraits/women/88.jpg', 'medium': 'https://randomuser.me/api/portraits/med/women/88.jpg', 'thumbnail': 'https://randomuser.me/api/portraits/thumb/women/88.jpg'}</msg>
<arg>${json_data['results'][0]['picture']}</arg>
<doc>Logs the given message with the given level.</doc>
<status status="PASS" start="2024-06-17T10:17:28.624749" elapsed="0.000365"/>
</kw>
<status status="PASS" start="2024-06-17T10:17:28.540694" elapsed="0.084685"/>
</kw>
<kw name="Teste de Tipos de Dados - Postcode" owner="random-user-service">
<kw name="GET On Session" owner="RequestsLibrary">
<msg time="2024-06-17T10:17:28.713468" level="INFO">GET Request : url=https://randomuser.me/api 
 path_url=/api 
 headers={'User-Agent': 'python-requests/2.32.3', 'Accept-Encoding': 'gzip, deflate', 'Accept': '*/*', 'Connection': 'keep-alive'} 
 body=None 
 </msg>
<msg time="2024-06-17T10:17:28.713581" level="INFO">GET Response : url=https://randomuser.me/api 
 status=200, reason=OK 
 headers={'Date': 'Mon, 17 Jun 2024 10:17:28 GMT', 'Content-Type': 'application/json; charset=utf-8', 'Transfer-Encoding': 'chunked', 'Connection': 'keep-alive', 'X-Powered-By': 'Express', 'Access-Control-Allow-Origin': '*', 'Cache-Control': 'no-cache', 'ETag': 'W/"48b-WO9pcbB2Ffo+EnQqbuIvoVocFMg"', 'Vary': 'Accept-Encoding', 'Content-Encoding': 'gzip', 'CF-Cache-Status': 'DYNAMIC', 'Report-To': '{"endpoints":[{"url":"https:\\/\\/a.nel.cloudflare.com\\/report\\/v4?s=IWFJSqBMZb2TWLrhestWeO6fgyMYADBjD1VBdz%2FDrAfTtVzbp9rVmuAFzx5XS2Lw3Btn3DakmdIBALImnSchqdwa6mKq77%2BrPCJpcaZCHKSgLFERkr5SXiaT5fidcGQj"}],"group":"cf-nel","max_age":604800}', 'NEL': '{"success_fraction":0,"report_to":"cf-nel","max_age":604800}', 'Server': 'cloudflare', 'CF-RAY': '89524a41fe3d0623-IAD', 'alt-svc': 'h3=":443"; ma=86400'} 
 body={"results":[{"gender":"female","name":{"title":"Ms","first":"Lily","last":"Torres"},"location":{"street":{"number":3811,"name":"Samaritan Dr"},"city":"Perth","state":"Western Australia","country":"Australia","postcode":7771,"coordinates":{"latitude":"-88.2861","longitude":"74.4552"},"timezone":{"offset":"+2:00","description":"Kaliningrad, South Africa"}},"email":"lily.torres@example.com","login":{"uuid":"9ee86baf-863f-4be8-b744-63f4974fc486","username":"browngoose310","password":"dakota1","salt":"ym0S5HpC","md5":"9fec93e28ce75ad32c9123d3cee3b350","sha1":"f0b3ce2b8e27fc8c04d013da89cbdb2001f8c483","sha256":"afaa8e5254de7f55c254a689cb8e3db5e0816b4786ff3ae854784085d6ff2a6f"},"dob":{"date":"1999-07-12T09:34:20.444Z","age":24},"registered":{"date":"2008-03-04T01:38:38.857Z","age":16},"phone":"04-3972-5458","cell":"0429-235-622","id":{"name":"TFN","value":"463312775"},"picture":{"large":"https://randomuser.me/api/portraits/women/59.jpg","medium":"https://randomuser.me/api/portraits/med/women/59.jpg","thumbnail":"https://randomuser.me/api/portraits/thumb/women/59.jpg"},"nat":"AU"}],"info":{"seed":"c885a18766f9578d","results":1,"page":1,"version":"1.4"}} 
 </msg>
<msg time="2024-06-17T10:17:28.713666" level="INFO">/opt/hostedtoolcache/Python/3.12.3/x64/lib/python3.12/site-packages/urllib3/connectionpool.py:1103: InsecureRequestWarning: Unverified HTTPS request is being made to host 'randomuser.me'. Adding certificate verification is strongly advised. See: https://urllib3.readthedocs.io/en/latest/advanced-usage.html#tls-warnings
  warnings.warn(</msg>
<msg time="2024-06-17T10:17:28.713841" level="INFO">${response} = &lt;Response [200]&gt;</msg>
<var>${response}</var>
<arg>consultarAPI</arg>
<arg>/api</arg>
<doc>Sends a GET request on a previously created HTTP Session.</doc>
<status status="PASS" start="2024-06-17T10:17:28.625895" elapsed="0.087987"/>
</kw>
<kw name="Set Variable" owner="BuiltIn">
<msg time="2024-06-17T10:17:28.715086" level="INFO">${json_data} = {'results': [{'gender': 'female', 'name': {'title': 'Ms', 'first': 'Lily', 'last': 'Torres'}, 'location': {'street': {'number': 3811, 'name': 'Samaritan Dr'}, 'city': 'Perth', 'state': 'Western Austra...</msg>
<var>${json_data}</var>
<arg>${response.json()}</arg>
<doc>Returns the given values which can then be assigned to a variables.</doc>
<status status="PASS" start="2024-06-17T10:17:28.714539" elapsed="0.000576"/>
</kw>
<kw name="Log" owner="BuiltIn">
<msg time="2024-06-17T10:17:28.715664" level="INFO">{'results': [{'gender': 'female', 'name': {'title': 'Ms', 'first': 'Lily', 'last': 'Torres'}, 'location': {'street': {'number': 3811, 'name': 'Samaritan Dr'}, 'city': 'Perth', 'state': 'Western Australia', 'country': 'Australia', 'postcode': 7771, 'coordinates': {'latitude': '-88.2861', 'longitude': '74.4552'}, 'timezone': {'offset': '+2:00', 'description': 'Kaliningrad, South Africa'}}, 'email': 'lily.torres@example.com', 'login': {'uuid': '9ee86baf-863f-4be8-b744-63f4974fc486', 'username': 'browngoose310', 'password': 'dakota1', 'salt': 'ym0S5HpC', 'md5': '9fec93e28ce75ad32c9123d3cee3b350', 'sha1': 'f0b3ce2b8e27fc8c04d013da89cbdb2001f8c483', 'sha256': 'afaa8e5254de7f55c254a689cb8e3db5e0816b4786ff3ae854784085d6ff2a6f'}, 'dob': {'date': '1999-07-12T09:34:20.444Z', 'age': 24}, 'registered': {'date': '2008-03-04T01:38:38.857Z', 'age': 16}, 'phone': '04-3972-5458', 'cell': '0429-235-622', 'id': {'name': 'TFN', 'value': '463312775'}, 'picture': {'large': 'https://randomuser.me/api/portraits/women/59.jpg', 'medium': 'https://randomuser.me/api/portraits/med/women/59.jpg', 'thumbnail': 'https://randomuser.me/api/portraits/thumb/women/59.jpg'}, 'nat': 'AU'}], 'info': {'seed': 'c885a18766f9578d', 'results': 1, 'page': 1, 'version': '1.4'}}</msg>
<arg>${json_data}</arg>
<doc>Logs the given message with the given level.</doc>
<status status="PASS" start="2024-06-17T10:17:28.715488" elapsed="0.000226"/>
</kw>
<kw name="Should Be Equal As Numbers" owner="BuiltIn">
<arg>${json_data['results'][0]['location']['postcode']}</arg>
<arg>${json_data['results'][0]['location']['postcode']}</arg>
<doc>Fails if objects are unequal after converting them to real numbers.</doc>
<status status="PASS" start="2024-06-17T10:17:28.716029" elapsed="0.000639"/>
</kw>
<kw name="Log" owner="BuiltIn">
<msg time="2024-06-17T10:17:28.717245" level="INFO">7771</msg>
<arg>${json_data['results'][0]['location']['postcode']}</arg>
<doc>Logs the given message with the given level.</doc>
<status status="PASS" start="2024-06-17T10:17:28.716903" elapsed="0.000385"/>
</kw>
<status status="PASS" start="2024-06-17T10:17:28.625610" elapsed="0.091945"/>
</kw>
<doc>Testa se os tipos de dados na resposta da API estão corretos.</doc>
<tag>testeTiposDados</tag>
<status status="PASS" start="2024-06-17T10:17:28.540150" elapsed="0.177609"/>
</test>
<test id="s1-s1-t5" name="Validar conteudo" line="35">
<kw name="Teste de Tipos de Conteudo" owner="random-user-service">
<kw name="GET On Session" owner="RequestsLibrary">
<msg time="2024-06-17T10:17:28.835220" level="INFO">GET Request : url=https://randomuser.me/api 
 path_url=/api 
 headers={'User-Agent': 'python-requests/2.32.3', 'Accept-Encoding': 'gzip, deflate', 'Accept': '*/*', 'Connection': 'keep-alive'} 
 body=None 
 </msg>
<msg time="2024-06-17T10:17:28.835325" level="INFO">GET Response : url=https://randomuser.me/api 
 status=200, reason=OK 
 headers={'Date': 'Mon, 17 Jun 2024 10:17:28 GMT', 'Content-Type': 'application/json; charset=utf-8', 'Transfer-Encoding': 'chunked', 'Connection': 'keep-alive', 'X-Powered-By': 'Express', 'Access-Control-Allow-Origin': '*', 'Cache-Control': 'no-cache', 'ETag': 'W/"480-PiCzmnhUWdWhlwNzSq3xIUZtpi4"', 'Vary': 'Accept-Encoding', 'Content-Encoding': 'gzip', 'CF-Cache-Status': 'DYNAMIC', 'Report-To': '{"endpoints":[{"url":"https:\\/\\/a.nel.cloudflare.com\\/report\\/v4?s=7PhqQ%2FRZA5AsuylgZ3IBYQulRCuixlXggChezeQhXyknnCLGQ9Zd11R2aah%2F78d6NRpdl3SV51ir5qex0K76zFbQn7J2KNqvlSVqLt1l779RpgLG5Ssv7vKZ863Fv8Dd"}],"group":"cf-nel","max_age":604800}', 'NEL': '{"success_fraction":0,"report_to":"cf-nel","max_age":604800}', 'Server': 'cloudflare', 'CF-RAY': '89524a429ea90623-IAD', 'alt-svc': 'h3=":443"; ma=86400'} 
 body={"results":[{"gender":"male","name":{"title":"Mr","first":"Iván","last":"Herrera"},"location":{"street":{"number":4494,"name":"Calle Mota"},"city":"Cuenca","state":"Extremadura","country":"Spain","postcode":56420,"coordinates":{"latitude":"-32.0118","longitude":"-170.0895"},"timezone":{"offset":"-7:00","description":"Mountain Time (US &amp; Canada)"}},"email":"ivan.herrera@example.com","login":{"uuid":"8637d3a8-9b42-4817-af29-2558d4169f0c","username":"blackmeercat222","password":"wrench","salt":"LSskFfBP","md5":"10664c80c70894681dcea746e3454eaf","sha1":"b5c9b7c24efd0a723127e345890fe643e6f9bc5a","sha256":"c90041493bf4eeda2a67da1cf2533b81752edd6ca5c71a6a8237a55e929ee649"},"dob":{"date":"1962-12-16T15:26:53.134Z","age":61},"registered":{"date":"2009-01-02T03:27:48.386Z","age":15},"phone":"982-035-907","cell":"628-614-146","id":{"name":"DNI","value":"71130062-F"},"picture":{"large":"https://randomuser.me/api/portraits/men/54.jpg","medium":"https://randomuser.me/api/portraits/med/men/54.jpg","thumbnail":"https://randomuser.me/api/portraits/thumb/men/54.jpg"},"nat":"ES"}],"info":{"seed":"11cb2c35c40d805f","results":1,"page":1,"version":"1.4"}} 
 </msg>
<msg time="2024-06-17T10:17:28.835427" level="INFO">/opt/hostedtoolcache/Python/3.12.3/x64/lib/python3.12/site-packages/urllib3/connectionpool.py:1103: InsecureRequestWarning: Unverified HTTPS request is being made to host 'randomuser.me'. Adding certificate verification is strongly advised. See: https://urllib3.readthedocs.io/en/latest/advanced-usage.html#tls-warnings
  warnings.warn(</msg>
<msg time="2024-06-17T10:17:28.835552" level="INFO">${response} = &lt;Response [200]&gt;</msg>
<var>${response}</var>
<arg>consultarAPI</arg>
<arg>/api</arg>
<doc>Sends a GET request on a previously created HTTP Session.</doc>
<status status="PASS" start="2024-06-17T10:17:28.720946" elapsed="0.114644"/>
</kw>
<kw name="Set Variable" owner="BuiltIn">
<msg time="2024-06-17T10:17:28.836727" level="INFO">${json_data} = {'results': [{'gender': 'male', 'name': {'title': 'Mr', 'first': 'Iván', 'last': 'Herrera'}, 'location': {'street': {'number': 4494, 'name': 'Calle Mota'}, 'city': 'Cuenca', 'state': 'Extremadura', 'c...</msg>
<var>${json_data}</var>
<arg>${response.json()}</arg>
<doc>Returns the given values which can then be assigned to a variables.</doc>
<status status="PASS" start="2024-06-17T10:17:28.836172" elapsed="0.000587"/>
</kw>
<kw name="Set Variable" owner="BuiltIn">
<msg time="2024-06-17T10:17:28.837529" level="INFO">${name_title} = Mr</msg>
<var>${name_title}</var>
<arg>${json_data["results"][0]["name"]["title"]}</arg>
<doc>Returns the given values which can then be assigned to a variables.</doc>
<status status="PASS" start="2024-06-17T10:17:28.837115" elapsed="0.000440"/>
</kw>
<kw name="Create List" owner="BuiltIn">
<msg time="2024-06-17T10:17:28.838081" level="INFO">${allowed_titles} = ['Mr', 'Ms', 'Miss', 'Mrs', 'Madame', 'Monsieur']</msg>
<var>${allowed_titles}</var>
<arg>Mr</arg>
<arg>Ms</arg>
<arg>Miss</arg>
<arg>Mrs</arg>
<arg>Madame</arg>
<arg>Monsieur</arg>
<doc>Returns a list containing given items.</doc>
<status status="PASS" start="2024-06-17T10:17:28.837916" elapsed="0.000198"/>
</kw>
<kw name="List Should Contain Value" owner="Collections">
<arg>${allowed_titles}</arg>
<arg>${name_title}</arg>
<doc>Fails if the ``value`` is not found from ``list``.</doc>
<status status="PASS" start="2024-06-17T10:17:28.838434" elapsed="0.000188"/>
</kw>
<kw name="Set Variable" owner="BuiltIn">
<msg time="2024-06-17T10:17:28.839196" level="INFO">${name_country} = ES</msg>
<var>${name_country}</var>
<arg>${json_data["results"][0]["nat"]}</arg>
<doc>Returns the given values which can then be assigned to a variables.</doc>
<status status="PASS" start="2024-06-17T10:17:28.838809" elapsed="0.000413"/>
</kw>
<kw name="Create List" owner="BuiltIn">
<msg time="2024-06-17T10:17:28.840147" level="INFO">${list_country} = ['AD', 'AE', 'AF', 'AG', 'AI', 'AL', 'AM', 'AO', 'AQ', 'AR', 'AS', 'AT', 'AU', 'AW', 'AX', 'AZ', 'BA', 'BB', 'BD', 'BE', 'BF', 'BG', 'BH', 'BI', 'BJ', 'BL', 'BM', 'BN', 'BO', 'BQ', 'BR', 'BS', 'BT', '...</msg>
<var>${list_country}</var>
<arg>AD</arg>
<arg>AE</arg>
<arg>AF</arg>
<arg>AG</arg>
<arg>AI</arg>
<arg>AL</arg>
<arg>AM</arg>
<arg>AO</arg>
<arg>AQ</arg>
<arg>AR</arg>
<arg>AS</arg>
<arg>AT</arg>
<arg>AU</arg>
<arg>AW</arg>
<arg>AX</arg>
<arg>AZ</arg>
<arg>BA</arg>
<arg>BB</arg>
<arg>BD</arg>
<arg>BE</arg>
<arg>BF</arg>
<arg>BG</arg>
<arg>BH</arg>
<arg>BI</arg>
<arg>BJ</arg>
<arg>BL</arg>
<arg>BM</arg>
<arg>BN</arg>
<arg>BO</arg>
<arg>BQ</arg>
<arg>BR</arg>
<arg>BS</arg>
<arg>BT</arg>
<arg>BV</arg>
<arg>BW</arg>
<arg>BY</arg>
<arg>BZ</arg>
<arg>CA</arg>
<arg>CC</arg>
<arg>CD</arg>
<arg>CF</arg>
<arg>CG</arg>
<arg>CH</arg>
<arg>CI</arg>
<arg>CK</arg>
<arg>CL</arg>
<arg>CM</arg>
<arg>CN</arg>
<arg>CO</arg>
<arg>CR</arg>
<arg>CU</arg>
<arg>CV</arg>
<arg>CW</arg>
<arg>CX</arg>
<arg>CY</arg>
<arg>CZ</arg>
<arg>DE</arg>
<arg>DJ</arg>
<arg>DK</arg>
<arg>DM</arg>
<arg>DO</arg>
<arg>DZ</arg>
<arg>EC</arg>
<arg>EE</arg>
<arg>EG</arg>
<arg>EH</arg>
<arg>ER</arg>
<arg>ES</arg>
<arg>ET</arg>
<arg>FI</arg>
<arg>FJ</arg>
<arg>FK</arg>
<arg>FM</arg>
<arg>FO</arg>
<arg>FR</arg>
<arg>GA</arg>
<arg>GB</arg>
<arg>GD</arg>
<arg>GE</arg>
<arg>GF</arg>
<arg>GG</arg>
<arg>GH</arg>
<arg>GI</arg>
<arg>GL</arg>
<arg>GM</arg>
<arg>GN</arg>
<arg>GP</arg>
<arg>GQ</arg>
<arg>GR</arg>
<arg>GS</arg>
<arg>GT</arg>
<arg>GU</arg>
<arg>GW</arg>
<arg>GY</arg>
<arg>HK</arg>
<arg>HM</arg>
<arg>HN</arg>
<arg>HR</arg>
<arg>HT</arg>
<arg>HU</arg>
<arg>ID</arg>
<arg>IE</arg>
<arg>IL</arg>
<arg>IM</arg>
<arg>IN</arg>
<arg>IO</arg>
<arg>IQ</arg>
<arg>IR</arg>
<arg>IS</arg>
<arg>IT</arg>
<arg>JE</arg>
<arg>JM</arg>
<arg>JO</arg>
<arg>JP</arg>
<arg>KE</arg>
<arg>KG</arg>
<arg>KH</arg>
<arg>KI</arg>
<arg>KM</arg>
<arg>KN</arg>
<arg>KP</arg>
<arg>KR</arg>
<arg>KW</arg>
<arg>KY</arg>
<arg>KZ</arg>
<arg>LA</arg>
<arg>LB</arg>
<arg>LC</arg>
<arg>LI</arg>
<arg>LK</arg>
<arg>LR</arg>
<arg>LS</arg>
<arg>LT</arg>
<arg>LU</arg>
<arg>LV</arg>
<arg>LY</arg>
<arg>MA</arg>
<arg>MC</arg>
<arg>MD</arg>
<arg>ME</arg>
<arg>MF</arg>
<arg>MG</arg>
<arg>MH</arg>
<arg>MK</arg>
<arg>ML</arg>
<arg>MM</arg>
<arg>MN</arg>
<arg>MO</arg>
<arg>MP</arg>
<arg>MQ</arg>
<arg>MR</arg>
<arg>MS</arg>
<arg>MT</arg>
<arg>MU</arg>
<arg>MV</arg>
<arg>MW</arg>
<arg>MX</arg>
<arg>MY</arg>
<arg>MZ</arg>
<arg>NA</arg>
<arg>NC</arg>
<arg>NE</arg>
<arg>NF</arg>
<arg>NG</arg>
<arg>NI</arg>
<arg>NL</arg>
<arg>NO</arg>
<arg>NP</arg>
<arg>NR</arg>
<arg>NU</arg>
<arg>NZ</arg>
<arg>OM</arg>
<arg>PA</arg>
<arg>PE</arg>
<arg>PF</arg>
<arg>PG</arg>
<arg>PH</arg>
<arg>PK</arg>
<arg>PL</arg>
<arg>PM</arg>
<arg>PN</arg>
<arg>PR</arg>
<arg>PS</arg>
<arg>PT</arg>
<arg>PW</arg>
<arg>PY</arg>
<arg>QA</arg>
<arg>RE</arg>
<arg>RO</arg>
<arg>RS</arg>
<arg>RU</arg>
<arg>RW</arg>
<arg>SA</arg>
<arg>SB</arg>
<arg>SC</arg>
<arg>SD</arg>
<arg>SE</arg>
<arg>SG</arg>
<arg>SH</arg>
<arg>SI</arg>
<arg>SJ</arg>
<arg>SK</arg>
<arg>SL</arg>
<arg>SM</arg>
<arg>SN</arg>
<arg>SO</arg>
<arg>SR</arg>
<arg>SS</arg>
<arg>ST</arg>
<arg>SV</arg>
<arg>SX</arg>
<arg>SY</arg>
<arg>SZ</arg>
<arg>TC</arg>
<arg>TD</arg>
<arg>TF</arg>
<arg>TG</arg>
<arg>TH</arg>
<arg>TJ</arg>
<arg>TK</arg>
<arg>TL</arg>
<arg>TM</arg>
<arg>TN</arg>
<arg>TO</arg>
<arg>TR</arg>
<arg>TT</arg>
<arg>TV</arg>
<arg>TW</arg>
<arg>TZ</arg>
<arg>UA</arg>
<arg>UG</arg>
<arg>UM</arg>
<arg>US</arg>
<arg>UY</arg>
<arg>UZ</arg>
<arg>VA</arg>
<arg>VC</arg>
<arg>VE</arg>
<arg>VG</arg>
<arg>VI</arg>
<arg>VN</arg>
<arg>VU</arg>
<arg>WF</arg>
<arg>WS</arg>
<arg>XK</arg>
<arg>YE</arg>
<arg>YT</arg>
<arg>ZA</arg>
<arg>ZM</arg>
<arg>ZW</arg>
<doc>Returns a list containing given items.</doc>
<status status="PASS" start="2024-06-17T10:17:28.839541" elapsed="0.000632"/>
</kw>
<kw name="List Should Contain Value" owner="Collections">
<arg>${list_country}</arg>
<arg>${name_country}</arg>
<doc>Fails if the ``value`` is not found from ``list``.</doc>
<status status="PASS" start="2024-06-17T10:17:28.840977" elapsed="0.000220"/>
</kw>
<kw name="Run Keyword If" owner="BuiltIn">
<kw name="Should Be True" owner="BuiltIn">
<arg>${True}</arg>
<doc>Fails if the given condition is not true.</doc>
<status status="PASS" start="2024-06-17T10:17:28.842181" elapsed="0.000145"/>
</kw>
<arg>${json_data["results"][0]["location"]["coordinates"]["latitude"]} &gt;= -90 and ${json_data["results"][0]["location"]["coordinates"]["latitude"]} &lt;= 90</arg>
<arg>Should Be True</arg>
<arg>${True}</arg>
<doc>Runs the given keyword with the given arguments, if ``condition`` is true.</doc>
<status status="PASS" start="2024-06-17T10:17:28.841400" elapsed="0.001055"/>
</kw>
<kw name="Run Keyword If" owner="BuiltIn">
<kw name="Should Be True" owner="BuiltIn">
<arg>${True}</arg>
<doc>Fails if the given condition is not true.</doc>
<status status="PASS" start="2024-06-17T10:17:28.843342" elapsed="0.000141"/>
</kw>
<arg>${json_data["results"][0]["location"]["coordinates"]["longitude"]} &gt;= -180 and ${json_data["results"][0]["location"]["coordinates"]["longitude"]} &lt;= 180</arg>
<arg>Should Be True</arg>
<arg>${True}</arg>
<doc>Runs the given keyword with the given arguments, if ``condition`` is true.</doc>
<status status="PASS" start="2024-06-17T10:17:28.842642" elapsed="0.000966"/>
</kw>
<status status="PASS" start="2024-06-17T10:17:28.720306" elapsed="0.123441"/>
</kw>
<doc>Testa o conteúdo específico dos campos retornados pela API.</doc>
<tag>testeConteudo</tag>
<status status="PASS" start="2024-06-17T10:17:28.719578" elapsed="0.124332"/>
</test>
<status status="PASS" start="2024-06-17T10:17:27.997502" elapsed="0.848407"/>
</suite>
<status status="PASS" start="2024-06-17T10:17:27.983925" elapsed="0.867179"/>
</suite>
<statistics>
<total>
<stat pass="5" fail="0" skip="0">All Tests</stat>
</total>
<tag>
<stat pass="1" fail="0" skip="0">testeConteudo</stat>
<stat pass="1" fail="0" skip="0">testeEstruturaResposta</stat>
<stat pass="1" fail="0" skip="0">testeRequisicaoBasica</stat>
<stat pass="1" fail="0" skip="0">testeTiposDados</stat>
</tag>
<suite>
<stat pass="5" fail="0" skip="0" id="s1" name="Tests">Tests</stat>
<stat pass="5" fail="0" skip="0" id="s1-s1" name="Random-User-Test">Tests.Random-User-Test</stat>
</suite>
</statistics>
<errors>
</errors>
</robot>
