<?xml version="1.0" encoding="UTF-8"?>
<robot generator="Robot 7.0 (Python 3.12.3 on linux)" generated="2024-06-03T15:16:10.826430" rpa="false" schemaversion="5">
<suite id="s1" name="Tests" source="/home/runner/work/ApiRandomUser/ApiRandomUser/RamdonUser/tests">
<suite id="s1-s1" name="Random-User-Test" source="/home/runner/work/ApiRandomUser/ApiRandomUser/RamdonUser/tests/random-user-test.robot">
<test id="s1-s1-t1" name="Conectar" line="13">
<kw name="Conectar API" owner="random-user-service">
<kw name="Create Session" owner="RequestsLibrary">
<msg time="2024-06-03T15:16:11.249156" level="INFO">Creating Session using : alias=consultarAPI, url=https://randomuser.me/, headers={},                     cookies={}, auth=None, timeout=None, proxies=None, verify=False,                     debug=0 </msg>
<arg>consultarAPI</arg>
<arg>${URL}</arg>
<doc>Create Session: create a HTTP session to a server</doc>
<status status="PASS" start="2024-06-03T15:16:11.248939" elapsed="0.000405"/>
</kw>
<status status="PASS" start="2024-06-03T15:16:11.247833" elapsed="0.001892"/>
</kw>
<status status="PASS" start="2024-06-03T15:16:11.247271" elapsed="0.002660"/>
</test>
<test id="s1-s1-t2" name="Validar retorno 200 e JSON Válido" line="16">
<kw name="Teste de Requisicao Basica" owner="random-user-service">
<kw name="GET On Session" owner="RequestsLibrary">
<msg time="2024-06-03T15:16:11.430719" level="INFO">GET Request : url=https://randomuser.me/api 
 path_url=/api 
 headers={'User-Agent': 'python-requests/2.32.3', 'Accept-Encoding': 'gzip, deflate', 'Accept': '*/*', 'Connection': 'keep-alive'} 
 body=None 
 </msg>
<msg time="2024-06-03T15:16:11.430883" level="INFO">GET Response : url=https://randomuser.me/api 
 status=200, reason=OK 
 headers={'Date': 'Mon, 03 Jun 2024 15:16:11 GMT', 'Content-Type': 'application/json; charset=utf-8', 'Transfer-Encoding': 'chunked', 'Connection': 'keep-alive', 'X-Powered-By': 'Express', 'Access-Control-Allow-Origin': '*', 'Cache-Control': 'no-cache', 'ETag': 'W/"486-4Aju+zpaOuCFsPHeLnEadfuaVC8"', 'Vary': 'Accept-Encoding', 'Content-Encoding': 'gzip', 'CF-Cache-Status': 'DYNAMIC', 'Report-To': '{"endpoints":[{"url":"https:\\/\\/a.nel.cloudflare.com\\/report\\/v4?s=RPC0AqlyK7fifI3jX0zMAK57LxPlpLGSyFQPPT%2FYo0FR%2FOsWf3CbGJl16kA%2FbKmlSNssMC2R2T99jjI1eNRYq6plceIRfdwaHk69ZX5mXcMCcptzbiR9A%2FIvChJleoch"}],"group":"cf-nel","max_age":604800}', 'NEL': '{"success_fraction":0,"report_to":"cf-nel","max_age":604800}', 'Server': 'cloudflare', 'CF-RAY': '88e0a4934dd93b32-IAD', 'alt-svc': 'h3=":443"; ma=86400'} 
 body={"results":[{"gender":"female","name":{"title":"Mrs","first":"آدرینا","last":"زارعی"},"location":{"street":{"number":8641,"name":"ایران"},"city":"ایلام","state":"کرمان","country":"Iran","postcode":26534,"coordinates":{"latitude":"19.1164","longitude":"163.7456"},"timezone":{"offset":"+2:00","description":"Kaliningrad, South Africa"}},"email":"adryn.zraay@example.com","login":{"uuid":"0458d22d-27b7-4a99-8c11-99bd8b2d9d6f","username":"bigmeercat633","password":"badgirl","salt":"BSEOMJbY","md5":"69ae4fb05f8025ec04ff3223515222a7","sha1":"d78244e80ca06844fae89577e3e7c6332ea77bcc","sha256":"64c2f045b814d5cb38ec0097eb35b3586442fc5ab497ee3d9e10b8360301fcd4"},"dob":{"date":"1987-02-14T13:25:59.828Z","age":37},"registered":{"date":"2019-10-03T18:53:46.294Z","age":4},"phone":"071-86839341","cell":"0904-847-3478","id":{"name":"","value":null},"picture":{"large":"https://randomuser.me/api/portraits/women/51.jpg","medium":"https://randomuser.me/api/portraits/med/women/51.jpg","thumbnail":"https://randomuser.me/api/portraits/thumb/women/51.jpg"},"nat":"IR"}],"info":{"seed":"1a70195bd78fe74b","results":1,"page":1,"version":"1.4"}} 
 </msg>
<msg time="2024-06-03T15:16:11.430975" level="INFO">/opt/hostedtoolcache/Python/3.12.3/x64/lib/python3.12/site-packages/urllib3/connectionpool.py:1103: InsecureRequestWarning: Unverified HTTPS request is being made to host 'randomuser.me'. Adding certificate verification is strongly advised. See: https://urllib3.readthedocs.io/en/latest/advanced-usage.html#tls-warnings
  warnings.warn(</msg>
<msg time="2024-06-03T15:16:11.431135" level="INFO">${response} = &lt;Response [200]&gt;</msg>
<var>${response}</var>
<arg>consultarAPI</arg>
<arg>/api</arg>
<doc>Sends a GET request on a previously created HTTP Session.</doc>
<status status="PASS" start="2024-06-03T15:16:11.252587" elapsed="0.178594"/>
</kw>
<kw name="Should Be Equal As Numbers" owner="BuiltIn">
<msg time="2024-06-03T15:16:11.432436" level="INFO">Argument types are:
&lt;class 'int'&gt;
&lt;class 'str'&gt;</msg>
<arg>${response.status_code}</arg>
<arg>200</arg>
<doc>Fails if objects are unequal after converting them to real numbers.</doc>
<status status="PASS" start="2024-06-03T15:16:11.431873" elapsed="0.000635"/>
</kw>
<kw name="Log" owner="BuiltIn">
<msg time="2024-06-03T15:16:11.433269" level="INFO">200</msg>
<arg>${response.status_code}</arg>
<doc>Logs the given message with the given level.</doc>
<status status="PASS" start="2024-06-03T15:16:11.432894" elapsed="0.000426"/>
</kw>
<kw name="Set Variable" owner="BuiltIn">
<msg time="2024-06-03T15:16:11.434108" level="INFO">${json_data} = {'results': [{'gender': 'female', 'name': {'title': 'Mrs', 'first': 'آدرینا', 'last': 'زارعی'}, 'location': {'street': {'number': 8641, 'name': 'ایران'}, 'city': 'ایلام', 'state': 'کرمان', 'country': ...</msg>
<var>${json_data}</var>
<arg>${response.json()}</arg>
<doc>Returns the given values which can then be assigned to a variables.</doc>
<status status="PASS" start="2024-06-03T15:16:11.433645" elapsed="0.000494"/>
</kw>
<kw name="Dictionary Should Contain Key" owner="Collections">
<msg time="2024-06-03T15:16:11.434630" level="INFO">False</msg>
<arg>${json_data}</arg>
<arg>results</arg>
<doc>Fails if ``key`` is not found from ``dictionary``.</doc>
<status status="PASS" start="2024-06-03T15:16:11.434453" elapsed="0.000400"/>
</kw>
<status status="PASS" start="2024-06-03T15:16:11.252332" elapsed="0.182795"/>
</kw>
<doc>Testa se a API responde corretamente e retorna um objeto JSON válido.</doc>
<tag>testeRequisicaoBasica</tag>
<status status="PASS" start="2024-06-03T15:16:11.251808" elapsed="0.183509"/>
</test>
<test id="s1-s1-t3" name="Validar estrutura de resposta" line="22">
<kw name="Teste de Estrutura de Resposta" owner="random-user-service">
<kw name="GET On Session" owner="RequestsLibrary">
<msg time="2024-06-03T15:16:11.546560" level="INFO">GET Request : url=https://randomuser.me/api 
 path_url=/api 
 headers={'User-Agent': 'python-requests/2.32.3', 'Accept-Encoding': 'gzip, deflate', 'Accept': '*/*', 'Connection': 'keep-alive'} 
 body=None 
 </msg>
<msg time="2024-06-03T15:16:11.546666" level="INFO">GET Response : url=https://randomuser.me/api 
 status=200, reason=OK 
 headers={'Date': 'Mon, 03 Jun 2024 15:16:11 GMT', 'Content-Type': 'application/json; charset=utf-8', 'Transfer-Encoding': 'chunked', 'Connection': 'keep-alive', 'X-Powered-By': 'Express', 'Access-Control-Allow-Origin': '*', 'Cache-Control': 'no-cache', 'ETag': 'W/"485-1Ldc+ldPiMMxuub7K3T6Yh6xGi0"', 'Vary': 'Accept-Encoding', 'Content-Encoding': 'gzip', 'CF-Cache-Status': 'DYNAMIC', 'Report-To': '{"endpoints":[{"url":"https:\\/\\/a.nel.cloudflare.com\\/report\\/v4?s=2w%2FROOf9Z054rJ4aUPsdBAtAlglkWGSPF%2FewkVYdG7RFbjMYOzxzNpFLdi0FSH8gzCoMNr0EfkBmsAxttrf9Rz6sS9ZhWBvixLzXP0GHkAa2cywpFPeNAkrTOYWQV30%2B"}],"group":"cf-nel","max_age":604800}', 'NEL': '{"success_fraction":0,"report_to":"cf-nel","max_age":604800}', 'Server': 'cloudflare', 'CF-RAY': '88e0a4938e4b3b32-IAD', 'alt-svc': 'h3=":443"; ma=86400'} 
 body={"results":[{"gender":"female","name":{"title":"Mrs","first":"Ariana","last":"Moore"},"location":{"street":{"number":6407,"name":"Barbadoes Street"},"city":"Invercargill","state":"Canterbury","country":"New Zealand","postcode":67848,"coordinates":{"latitude":"48.7052","longitude":"60.5981"},"timezone":{"offset":"+9:30","description":"Adelaide, Darwin"}},"email":"ariana.moore@example.com","login":{"uuid":"186ea052-a821-485a-9b1f-e0f3daecf554","username":"whitewolf117","password":"baberuth","salt":"IihFwNKU","md5":"7dc014e34affc95d9c40bd99a28be3eb","sha1":"c4a7158d3a624227fa5cd5cb3c7b3fd158333148","sha256":"4a0e3e1a8fe7fea538c6abb4a4193d42d103a941ae81bb580c4a9fea233a1109"},"dob":{"date":"1999-10-03T23:17:00.776Z","age":24},"registered":{"date":"2007-02-17T10:32:20.999Z","age":17},"phone":"(697)-933-2104","cell":"(238)-902-3729","id":{"name":"","value":null},"picture":{"large":"https://randomuser.me/api/portraits/women/82.jpg","medium":"https://randomuser.me/api/portraits/med/women/82.jpg","thumbnail":"https://randomuser.me/api/portraits/thumb/women/82.jpg"},"nat":"NZ"}],"info":{"seed":"f2f2f39773b1c9aa","results":1,"page":1,"version":"1.4"}} 
 </msg>
<msg time="2024-06-03T15:16:11.546804" level="INFO">/opt/hostedtoolcache/Python/3.12.3/x64/lib/python3.12/site-packages/urllib3/connectionpool.py:1103: InsecureRequestWarning: Unverified HTTPS request is being made to host 'randomuser.me'. Adding certificate verification is strongly advised. See: https://urllib3.readthedocs.io/en/latest/advanced-usage.html#tls-warnings
  warnings.warn(</msg>
<msg time="2024-06-03T15:16:11.546934" level="INFO">${response} = &lt;Response [200]&gt;</msg>
<var>${response}</var>
<arg>consultarAPI</arg>
<arg>/api</arg>
<doc>Sends a GET request on a previously created HTTP Session.</doc>
<status status="PASS" start="2024-06-03T15:16:11.438076" elapsed="0.108900"/>
</kw>
<kw name="Set Variable" owner="BuiltIn">
<msg time="2024-06-03T15:16:11.548323" level="INFO">${json_data} = {'results': [{'gender': 'female', 'name': {'title': 'Mrs', 'first': 'Ariana', 'last': 'Moore'}, 'location': {'street': {'number': 6407, 'name': 'Barbadoes Street'}, 'city': 'Invercargill', 'state': 'C...</msg>
<var>${json_data}</var>
<arg>${response.json()}</arg>
<doc>Returns the given values which can then be assigned to a variables.</doc>
<status status="PASS" start="2024-06-03T15:16:11.547645" elapsed="0.000708"/>
</kw>
<kw name="Log" owner="BuiltIn">
<msg time="2024-06-03T15:16:11.548831" level="INFO">{'results': [{'gender': 'female', 'name': {'title': 'Mrs', 'first': 'Ariana', 'last': 'Moore'}, 'location': {'street': {'number': 6407, 'name': 'Barbadoes Street'}, 'city': 'Invercargill', 'state': 'Canterbury', 'country': 'New Zealand', 'postcode': 67848, 'coordinates': {'latitude': '48.7052', 'longitude': '60.5981'}, 'timezone': {'offset': '+9:30', 'description': 'Adelaide, Darwin'}}, 'email': 'ariana.moore@example.com', 'login': {'uuid': '186ea052-a821-485a-9b1f-e0f3daecf554', 'username': 'whitewolf117', 'password': 'baberuth', 'salt': 'IihFwNKU', 'md5': '7dc014e34affc95d9c40bd99a28be3eb', 'sha1': 'c4a7158d3a624227fa5cd5cb3c7b3fd158333148', 'sha256': '4a0e3e1a8fe7fea538c6abb4a4193d42d103a941ae81bb580c4a9fea233a1109'}, 'dob': {'date': '1999-10-03T23:17:00.776Z', 'age': 24}, 'registered': {'date': '2007-02-17T10:32:20.999Z', 'age': 17}, 'phone': '(697)-933-2104', 'cell': '(238)-902-3729', 'id': {'name': '', 'value': None}, 'picture': {'large': 'https://randomuser.me/api/portraits/women/82.jpg', 'medium': 'https://randomuser.me/api/portraits/med/women/82.jpg', 'thumbnail': 'https://randomuser.me/api/portraits/thumb/women/82.jpg'}, 'nat': 'NZ'}], 'info': {'seed': 'f2f2f39773b1c9aa', 'results': 1, 'page': 1, 'version': '1.4'}}</msg>
<arg>${json_data}</arg>
<doc>Logs the given message with the given level.</doc>
<status status="PASS" start="2024-06-03T15:16:11.548667" elapsed="0.000212"/>
</kw>
<kw name="Dictionary Should Contain Key" owner="Collections">
<msg time="2024-06-03T15:16:11.549333" level="INFO">False</msg>
<arg>${json_data}</arg>
<arg>results</arg>
<doc>Fails if ``key`` is not found from ``dictionary``.</doc>
<status status="PASS" start="2024-06-03T15:16:11.549173" elapsed="0.000197"/>
</kw>
<kw name="Should Not Be Empty" owner="BuiltIn">
<msg time="2024-06-03T15:16:11.549801" level="INFO">Length is 2.</msg>
<arg>${json_data}</arg>
<doc>Verifies that the given item is not empty.</doc>
<status status="PASS" start="2024-06-03T15:16:11.549663" elapsed="0.000181"/>
</kw>
<kw name="Create List" owner="BuiltIn">
<msg time="2024-06-03T15:16:11.550283" level="INFO">${expected_keys} = ['gender', 'name', 'location', 'email', 'login']</msg>
<var>${expected_keys}</var>
<arg>gender</arg>
<arg>name</arg>
<arg>location</arg>
<arg>email</arg>
<arg>login</arg>
<doc>Returns a list containing given items.</doc>
<status status="PASS" start="2024-06-03T15:16:11.550133" elapsed="0.000174"/>
</kw>
<for flavor="IN">
<iter>
<kw name="Dictionary Should Contain Key" owner="Collections">
<msg time="2024-06-03T15:16:11.551306" level="INFO">False</msg>
<arg>${json_data['results'][0]}</arg>
<arg>${key}</arg>
<doc>Fails if ``key`` is not found from ``dictionary``.</doc>
<status status="PASS" start="2024-06-03T15:16:11.550897" elapsed="0.000453"/>
</kw>
<kw name="Log" owner="BuiltIn">
<msg time="2024-06-03T15:16:11.552016" level="INFO">{'gender': 'female', 'name': {'title': 'Mrs', 'first': 'Ariana', 'last': 'Moore'}, 'location': {'street': {'number': 6407, 'name': 'Barbadoes Street'}, 'city': 'Invercargill', 'state': 'Canterbury', 'country': 'New Zealand', 'postcode': 67848, 'coordinates': {'latitude': '48.7052', 'longitude': '60.5981'}, 'timezone': {'offset': '+9:30', 'description': 'Adelaide, Darwin'}}, 'email': 'ariana.moore@example.com', 'login': {'uuid': '186ea052-a821-485a-9b1f-e0f3daecf554', 'username': 'whitewolf117', 'password': 'baberuth', 'salt': 'IihFwNKU', 'md5': '7dc014e34affc95d9c40bd99a28be3eb', 'sha1': 'c4a7158d3a624227fa5cd5cb3c7b3fd158333148', 'sha256': '4a0e3e1a8fe7fea538c6abb4a4193d42d103a941ae81bb580c4a9fea233a1109'}, 'dob': {'date': '1999-10-03T23:17:00.776Z', 'age': 24}, 'registered': {'date': '2007-02-17T10:32:20.999Z', 'age': 17}, 'phone': '(697)-933-2104', 'cell': '(238)-902-3729', 'id': {'name': '', 'value': None}, 'picture': {'large': 'https://randomuser.me/api/portraits/women/82.jpg', 'medium': 'https://randomuser.me/api/portraits/med/women/82.jpg', 'thumbnail': 'https://randomuser.me/api/portraits/thumb/women/82.jpg'}, 'nat': 'NZ'}</msg>
<arg>${json_data['results'][0]}</arg>
<doc>Logs the given message with the given level.</doc>
<status status="PASS" start="2024-06-03T15:16:11.551650" elapsed="0.000416"/>
</kw>
<kw name="Log" owner="BuiltIn">
<msg time="2024-06-03T15:16:11.552533" level="INFO">gender</msg>
<arg>${key}</arg>
<doc>Logs the given message with the given level.</doc>
<status status="PASS" start="2024-06-03T15:16:11.552399" elapsed="0.000172"/>
</kw>
<var name="${key}">gender</var>
<status status="PASS" start="2024-06-03T15:16:11.550770" elapsed="0.002021"/>
</iter>
<iter>
<kw name="Dictionary Should Contain Key" owner="Collections">
<msg time="2024-06-03T15:16:11.553489" level="INFO">False</msg>
<arg>${json_data['results'][0]}</arg>
<arg>${key}</arg>
<doc>Fails if ``key`` is not found from ``dictionary``.</doc>
<status status="PASS" start="2024-06-03T15:16:11.553097" elapsed="0.000430"/>
</kw>
<kw name="Log" owner="BuiltIn">
<msg time="2024-06-03T15:16:11.554214" level="INFO">{'gender': 'female', 'name': {'title': 'Mrs', 'first': 'Ariana', 'last': 'Moore'}, 'location': {'street': {'number': 6407, 'name': 'Barbadoes Street'}, 'city': 'Invercargill', 'state': 'Canterbury', 'country': 'New Zealand', 'postcode': 67848, 'coordinates': {'latitude': '48.7052', 'longitude': '60.5981'}, 'timezone': {'offset': '+9:30', 'description': 'Adelaide, Darwin'}}, 'email': 'ariana.moore@example.com', 'login': {'uuid': '186ea052-a821-485a-9b1f-e0f3daecf554', 'username': 'whitewolf117', 'password': 'baberuth', 'salt': 'IihFwNKU', 'md5': '7dc014e34affc95d9c40bd99a28be3eb', 'sha1': 'c4a7158d3a624227fa5cd5cb3c7b3fd158333148', 'sha256': '4a0e3e1a8fe7fea538c6abb4a4193d42d103a941ae81bb580c4a9fea233a1109'}, 'dob': {'date': '1999-10-03T23:17:00.776Z', 'age': 24}, 'registered': {'date': '2007-02-17T10:32:20.999Z', 'age': 17}, 'phone': '(697)-933-2104', 'cell': '(238)-902-3729', 'id': {'name': '', 'value': None}, 'picture': {'large': 'https://randomuser.me/api/portraits/women/82.jpg', 'medium': 'https://randomuser.me/api/portraits/med/women/82.jpg', 'thumbnail': 'https://randomuser.me/api/portraits/thumb/women/82.jpg'}, 'nat': 'NZ'}</msg>
<arg>${json_data['results'][0]}</arg>
<doc>Logs the given message with the given level.</doc>
<status status="PASS" start="2024-06-03T15:16:11.553851" elapsed="0.000421"/>
</kw>
<kw name="Log" owner="BuiltIn">
<msg time="2024-06-03T15:16:11.554707" level="INFO">name</msg>
<arg>${key}</arg>
<doc>Logs the given message with the given level.</doc>
<status status="PASS" start="2024-06-03T15:16:11.554576" elapsed="0.000169"/>
</kw>
<var name="${key}">name</var>
<status status="PASS" start="2024-06-03T15:16:11.552982" elapsed="0.001988"/>
</iter>
<iter>
<kw name="Dictionary Should Contain Key" owner="Collections">
<msg time="2024-06-03T15:16:11.555646" level="INFO">False</msg>
<arg>${json_data['results'][0]}</arg>
<arg>${key}</arg>
<doc>Fails if ``key`` is not found from ``dictionary``.</doc>
<status status="PASS" start="2024-06-03T15:16:11.555264" elapsed="0.000420"/>
</kw>
<kw name="Log" owner="BuiltIn">
<msg time="2024-06-03T15:16:11.556400" level="INFO">{'gender': 'female', 'name': {'title': 'Mrs', 'first': 'Ariana', 'last': 'Moore'}, 'location': {'street': {'number': 6407, 'name': 'Barbadoes Street'}, 'city': 'Invercargill', 'state': 'Canterbury', 'country': 'New Zealand', 'postcode': 67848, 'coordinates': {'latitude': '48.7052', 'longitude': '60.5981'}, 'timezone': {'offset': '+9:30', 'description': 'Adelaide, Darwin'}}, 'email': 'ariana.moore@example.com', 'login': {'uuid': '186ea052-a821-485a-9b1f-e0f3daecf554', 'username': 'whitewolf117', 'password': 'baberuth', 'salt': 'IihFwNKU', 'md5': '7dc014e34affc95d9c40bd99a28be3eb', 'sha1': 'c4a7158d3a624227fa5cd5cb3c7b3fd158333148', 'sha256': '4a0e3e1a8fe7fea538c6abb4a4193d42d103a941ae81bb580c4a9fea233a1109'}, 'dob': {'date': '1999-10-03T23:17:00.776Z', 'age': 24}, 'registered': {'date': '2007-02-17T10:32:20.999Z', 'age': 17}, 'phone': '(697)-933-2104', 'cell': '(238)-902-3729', 'id': {'name': '', 'value': None}, 'picture': {'large': 'https://randomuser.me/api/portraits/women/82.jpg', 'medium': 'https://randomuser.me/api/portraits/med/women/82.jpg', 'thumbnail': 'https://randomuser.me/api/portraits/thumb/women/82.jpg'}, 'nat': 'NZ'}</msg>
<arg>${json_data['results'][0]}</arg>
<doc>Logs the given message with the given level.</doc>
<status status="PASS" start="2024-06-03T15:16:11.555987" elapsed="0.000464"/>
</kw>
<kw name="Log" owner="BuiltIn">
<msg time="2024-06-03T15:16:11.556888" level="INFO">location</msg>
<arg>${key}</arg>
<doc>Logs the given message with the given level.</doc>
<status status="PASS" start="2024-06-03T15:16:11.556759" elapsed="0.000168"/>
</kw>
<var name="${key}">location</var>
<status status="PASS" start="2024-06-03T15:16:11.555151" elapsed="0.001994"/>
</iter>
<iter>
<kw name="Dictionary Should Contain Key" owner="Collections">
<msg time="2024-06-03T15:16:11.557928" level="INFO">False</msg>
<arg>${json_data['results'][0]}</arg>
<arg>${key}</arg>
<doc>Fails if ``key`` is not found from ``dictionary``.</doc>
<status status="PASS" start="2024-06-03T15:16:11.557430" elapsed="0.000536"/>
</kw>
<kw name="Log" owner="BuiltIn">
<msg time="2024-06-03T15:16:11.558629" level="INFO">{'gender': 'female', 'name': {'title': 'Mrs', 'first': 'Ariana', 'last': 'Moore'}, 'location': {'street': {'number': 6407, 'name': 'Barbadoes Street'}, 'city': 'Invercargill', 'state': 'Canterbury', 'country': 'New Zealand', 'postcode': 67848, 'coordinates': {'latitude': '48.7052', 'longitude': '60.5981'}, 'timezone': {'offset': '+9:30', 'description': 'Adelaide, Darwin'}}, 'email': 'ariana.moore@example.com', 'login': {'uuid': '186ea052-a821-485a-9b1f-e0f3daecf554', 'username': 'whitewolf117', 'password': 'baberuth', 'salt': 'IihFwNKU', 'md5': '7dc014e34affc95d9c40bd99a28be3eb', 'sha1': 'c4a7158d3a624227fa5cd5cb3c7b3fd158333148', 'sha256': '4a0e3e1a8fe7fea538c6abb4a4193d42d103a941ae81bb580c4a9fea233a1109'}, 'dob': {'date': '1999-10-03T23:17:00.776Z', 'age': 24}, 'registered': {'date': '2007-02-17T10:32:20.999Z', 'age': 17}, 'phone': '(697)-933-2104', 'cell': '(238)-902-3729', 'id': {'name': '', 'value': None}, 'picture': {'large': 'https://randomuser.me/api/portraits/women/82.jpg', 'medium': 'https://randomuser.me/api/portraits/med/women/82.jpg', 'thumbnail': 'https://randomuser.me/api/portraits/thumb/women/82.jpg'}, 'nat': 'NZ'}</msg>
<arg>${json_data['results'][0]}</arg>
<doc>Logs the given message with the given level.</doc>
<status status="PASS" start="2024-06-03T15:16:11.558268" elapsed="0.000408"/>
</kw>
<kw name="Log" owner="BuiltIn">
<msg time="2024-06-03T15:16:11.559107" level="INFO">email</msg>
<arg>${key}</arg>
<doc>Logs the given message with the given level.</doc>
<status status="PASS" start="2024-06-03T15:16:11.558976" elapsed="0.000168"/>
</kw>
<var name="${key}">email</var>
<status status="PASS" start="2024-06-03T15:16:11.557318" elapsed="0.002046"/>
</iter>
<iter>
<kw name="Dictionary Should Contain Key" owner="Collections">
<msg time="2024-06-03T15:16:11.560033" level="INFO">False</msg>
<arg>${json_data['results'][0]}</arg>
<arg>${key}</arg>
<doc>Fails if ``key`` is not found from ``dictionary``.</doc>
<status status="PASS" start="2024-06-03T15:16:11.559650" elapsed="0.000419"/>
</kw>
<kw name="Log" owner="BuiltIn">
<msg time="2024-06-03T15:16:11.560753" level="INFO">{'gender': 'female', 'name': {'title': 'Mrs', 'first': 'Ariana', 'last': 'Moore'}, 'location': {'street': {'number': 6407, 'name': 'Barbadoes Street'}, 'city': 'Invercargill', 'state': 'Canterbury', 'country': 'New Zealand', 'postcode': 67848, 'coordinates': {'latitude': '48.7052', 'longitude': '60.5981'}, 'timezone': {'offset': '+9:30', 'description': 'Adelaide, Darwin'}}, 'email': 'ariana.moore@example.com', 'login': {'uuid': '186ea052-a821-485a-9b1f-e0f3daecf554', 'username': 'whitewolf117', 'password': 'baberuth', 'salt': 'IihFwNKU', 'md5': '7dc014e34affc95d9c40bd99a28be3eb', 'sha1': 'c4a7158d3a624227fa5cd5cb3c7b3fd158333148', 'sha256': '4a0e3e1a8fe7fea538c6abb4a4193d42d103a941ae81bb580c4a9fea233a1109'}, 'dob': {'date': '1999-10-03T23:17:00.776Z', 'age': 24}, 'registered': {'date': '2007-02-17T10:32:20.999Z', 'age': 17}, 'phone': '(697)-933-2104', 'cell': '(238)-902-3729', 'id': {'name': '', 'value': None}, 'picture': {'large': 'https://randomuser.me/api/portraits/women/82.jpg', 'medium': 'https://randomuser.me/api/portraits/med/women/82.jpg', 'thumbnail': 'https://randomuser.me/api/portraits/thumb/women/82.jpg'}, 'nat': 'NZ'}</msg>
<arg>${json_data['results'][0]}</arg>
<doc>Logs the given message with the given level.</doc>
<status status="PASS" start="2024-06-03T15:16:11.560389" elapsed="0.000411"/>
</kw>
<kw name="Log" owner="BuiltIn">
<msg time="2024-06-03T15:16:11.561222" level="INFO">login</msg>
<arg>${key}</arg>
<doc>Logs the given message with the given level.</doc>
<status status="PASS" start="2024-06-03T15:16:11.561095" elapsed="0.000164"/>
</kw>
<var name="${key}">login</var>
<status status="PASS" start="2024-06-03T15:16:11.559539" elapsed="0.001935"/>
</iter>
<var>${key}</var>
<value>@{expected_keys}</value>
<status status="PASS" start="2024-06-03T15:16:11.550575" elapsed="0.011048"/>
</for>
<kw name="Create List" owner="BuiltIn">
<msg time="2024-06-03T15:16:11.561964" level="INFO">${expected_keysTwo} = ['username', 'password']</msg>
<var>${expected_keysTwo}</var>
<arg>username</arg>
<arg>password</arg>
<doc>Returns a list containing given items.</doc>
<status status="PASS" start="2024-06-03T15:16:11.561827" elapsed="0.000160"/>
</kw>
<for flavor="IN">
<iter>
<kw name="Dictionary Should Contain Key" owner="Collections">
<msg time="2024-06-03T15:16:11.562886" level="INFO">False</msg>
<arg>${json_data['results'][0]['login']}</arg>
<arg>${keyTwo}</arg>
<doc>Fails if ``key`` is not found from ``dictionary``.</doc>
<status status="PASS" start="2024-06-03T15:16:11.562494" elapsed="0.000429"/>
</kw>
<kw name="Dictionary Should Contain Key" owner="Collections">
<msg time="2024-06-03T15:16:11.563602" level="INFO">False</msg>
<arg>${json_data['results'][0]['login']}</arg>
<arg>${keyTwo}</arg>
<doc>Fails if ``key`` is not found from ``dictionary``.</doc>
<status status="PASS" start="2024-06-03T15:16:11.563223" elapsed="0.000415"/>
</kw>
<kw name="Log" owner="BuiltIn">
<msg time="2024-06-03T15:16:11.564060" level="INFO">username</msg>
<arg>${keyTwo}</arg>
<doc>Logs the given message with the given level.</doc>
<status status="PASS" start="2024-06-03T15:16:11.563931" elapsed="0.000167"/>
</kw>
<var name="${keyTwo}">username</var>
<status status="PASS" start="2024-06-03T15:16:11.562384" elapsed="0.001981"/>
</iter>
<iter>
<kw name="Dictionary Should Contain Key" owner="Collections">
<msg time="2024-06-03T15:16:11.565033" level="INFO">False</msg>
<arg>${json_data['results'][0]['login']}</arg>
<arg>${keyTwo}</arg>
<doc>Fails if ``key`` is not found from ``dictionary``.</doc>
<status status="PASS" start="2024-06-03T15:16:11.564648" elapsed="0.000422"/>
</kw>
<kw name="Dictionary Should Contain Key" owner="Collections">
<msg time="2024-06-03T15:16:11.565746" level="INFO">False</msg>
<arg>${json_data['results'][0]['login']}</arg>
<arg>${keyTwo}</arg>
<doc>Fails if ``key`` is not found from ``dictionary``.</doc>
<status status="PASS" start="2024-06-03T15:16:11.565364" elapsed="0.000418"/>
</kw>
<kw name="Log" owner="BuiltIn">
<msg time="2024-06-03T15:16:11.566209" level="INFO">password</msg>
<arg>${keyTwo}</arg>
<doc>Logs the given message with the given level.</doc>
<status status="PASS" start="2024-06-03T15:16:11.566081" elapsed="0.000165"/>
</kw>
<var name="${keyTwo}">password</var>
<status status="PASS" start="2024-06-03T15:16:11.564538" elapsed="0.001927"/>
</iter>
<var>${keyTwo}</var>
<value>@{expected_keysTwo}</value>
<status status="PASS" start="2024-06-03T15:16:11.562225" elapsed="0.004359"/>
</for>
<status status="PASS" start="2024-06-03T15:16:11.437829" elapsed="0.128932"/>
</kw>
<doc>Testa a estrutura da resposta da API.</doc>
<tag>testeEstruturaResposta</tag>
<status status="PASS" start="2024-06-03T15:16:11.437215" elapsed="0.129713"/>
</test>
<test id="s1-s1-t4" name="Validar tipos de dados" line="28">
<kw name="Teste de Tipos de Dados" owner="random-user-service">
<kw name="GET On Session" owner="RequestsLibrary">
<msg time="2024-06-03T15:16:11.657283" level="INFO">GET Request : url=https://randomuser.me/api 
 path_url=/api 
 headers={'User-Agent': 'python-requests/2.32.3', 'Accept-Encoding': 'gzip, deflate', 'Accept': '*/*', 'Connection': 'keep-alive'} 
 body=None 
 </msg>
<msg time="2024-06-03T15:16:11.657399" level="INFO">GET Response : url=https://randomuser.me/api 
 status=200, reason=OK 
 headers={'Date': 'Mon, 03 Jun 2024 15:16:11 GMT', 'Content-Type': 'application/json; charset=utf-8', 'Transfer-Encoding': 'chunked', 'Connection': 'keep-alive', 'X-Powered-By': 'Express', 'Access-Control-Allow-Origin': '*', 'Cache-Control': 'no-cache', 'ETag': 'W/"48c-YRDHhSpkLNVn0vVixflXEYWD+50"', 'Vary': 'Accept-Encoding', 'Content-Encoding': 'gzip', 'CF-Cache-Status': 'DYNAMIC', 'Report-To': '{"endpoints":[{"url":"https:\\/\\/a.nel.cloudflare.com\\/report\\/v4?s=qqLOu7Q4Yix4njGzZIZrkDk4Sacfcgz8g%2BBU6Xkjcr49Y0aAOM2I8V68%2BK6ReznW4eJrksp%2Bk%2BFVGKYkYZezcN1VTwwIAwRRCzGPBCOCLV1Tc936XhofRvaNlkWe%2FSMK"}],"group":"cf-nel","max_age":604800}', 'NEL': '{"success_fraction":0,"report_to":"cf-nel","max_age":604800}', 'Server': 'cloudflare', 'CF-RAY': '88e0a4945fb33b32-IAD', 'alt-svc': 'h3=":443"; ma=86400'} 
 body={"results":[{"gender":"male","name":{"title":"Mr","first":"Christoffer","last":"Madsen"},"location":{"street":{"number":7006,"name":"Fynsgade"},"city":"Beder","state":"Syddanmark","country":"Denmark","postcode":89890,"coordinates":{"latitude":"-44.4787","longitude":"-21.3013"},"timezone":{"offset":"+8:00","description":"Beijing, Perth, Singapore, Hong Kong"}},"email":"christoffer.madsen@example.com","login":{"uuid":"37db32ee-d82d-4a88-8301-88ab58e02ace","username":"beautifulbird575","password":"catman","salt":"1HiZNGFq","md5":"0fc982bae0015d5ff61922bed19c402b","sha1":"ec18143aa68d60a02baa73195c5b06369e87cd11","sha256":"82262d1b9788544b397bb91b454198105d843f26b79821ab7d334b3574fd9c48"},"dob":{"date":"1976-05-14T02:38:32.464Z","age":48},"registered":{"date":"2016-01-30T00:30:09.276Z","age":8},"phone":"35901679","cell":"83702266","id":{"name":"CPR","value":"130576-7297"},"picture":{"large":"https://randomuser.me/api/portraits/men/70.jpg","medium":"https://randomuser.me/api/portraits/med/men/70.jpg","thumbnail":"https://randomuser.me/api/portraits/thumb/men/70.jpg"},"nat":"DK"}],"info":{"seed":"e7ebf69b3af3194a","results":1,"page":1,"version":"1.4"}} 
 </msg>
<msg time="2024-06-03T15:16:11.657485" level="INFO">/opt/hostedtoolcache/Python/3.12.3/x64/lib/python3.12/site-packages/urllib3/connectionpool.py:1103: InsecureRequestWarning: Unverified HTTPS request is being made to host 'randomuser.me'. Adding certificate verification is strongly advised. See: https://urllib3.readthedocs.io/en/latest/advanced-usage.html#tls-warnings
  warnings.warn(</msg>
<msg time="2024-06-03T15:16:11.657630" level="INFO">${response} = &lt;Response [200]&gt;</msg>
<var>${response}</var>
<arg>consultarAPI</arg>
<arg>/api</arg>
<doc>Sends a GET request on a previously created HTTP Session.</doc>
<status status="PASS" start="2024-06-03T15:16:11.569646" elapsed="0.088032"/>
</kw>
<kw name="Set Variable" owner="BuiltIn">
<msg time="2024-06-03T15:16:11.659003" level="INFO">${json_data} = {'results': [{'gender': 'male', 'name': {'title': 'Mr', 'first': 'Christoffer', 'last': 'Madsen'}, 'location': {'street': {'number': 7006, 'name': 'Fynsgade'}, 'city': 'Beder', 'state': 'Syddanmark', ...</msg>
<var>${json_data}</var>
<arg>${response.json()}</arg>
<doc>Returns the given values which can then be assigned to a variables.</doc>
<status status="PASS" start="2024-06-03T15:16:11.658363" elapsed="0.000668"/>
</kw>
<kw name="Log" owner="BuiltIn">
<msg time="2024-06-03T15:16:11.659517" level="INFO">{'results': [{'gender': 'male', 'name': {'title': 'Mr', 'first': 'Christoffer', 'last': 'Madsen'}, 'location': {'street': {'number': 7006, 'name': 'Fynsgade'}, 'city': 'Beder', 'state': 'Syddanmark', 'country': 'Denmark', 'postcode': 89890, 'coordinates': {'latitude': '-44.4787', 'longitude': '-21.3013'}, 'timezone': {'offset': '+8:00', 'description': 'Beijing, Perth, Singapore, Hong Kong'}}, 'email': 'christoffer.madsen@example.com', 'login': {'uuid': '37db32ee-d82d-4a88-8301-88ab58e02ace', 'username': 'beautifulbird575', 'password': 'catman', 'salt': '1HiZNGFq', 'md5': '0fc982bae0015d5ff61922bed19c402b', 'sha1': 'ec18143aa68d60a02baa73195c5b06369e87cd11', 'sha256': '82262d1b9788544b397bb91b454198105d843f26b79821ab7d334b3574fd9c48'}, 'dob': {'date': '1976-05-14T02:38:32.464Z', 'age': 48}, 'registered': {'date': '2016-01-30T00:30:09.276Z', 'age': 8}, 'phone': '35901679', 'cell': '83702266', 'id': {'name': 'CPR', 'value': '130576-7297'}, 'picture': {'large': 'https://randomuser.me/api/portraits/men/70.jpg', 'medium': 'https://randomuser.me/api/portraits/med/men/70.jpg', 'thumbnail': 'https://randomuser.me/api/portraits/thumb/men/70.jpg'}, 'nat': 'DK'}], 'info': {'seed': 'e7ebf69b3af3194a', 'results': 1, 'page': 1, 'version': '1.4'}}</msg>
<arg>${json_data}</arg>
<doc>Logs the given message with the given level.</doc>
<status status="PASS" start="2024-06-03T15:16:11.659348" elapsed="0.000254"/>
</kw>
<kw name="Should Be String" owner="String">
<arg>${json_data['results'][0]['gender']}</arg>
<doc>Fails if the given ``item`` is not a string.</doc>
<status status="PASS" start="2024-06-03T15:16:11.659914" elapsed="0.000421"/>
</kw>
<kw name="Should Match Regexp" owner="BuiltIn">
<arg>${json_data['results'][0]['email']}</arg>
<arg>^[a-zA-Z0-9._%+-]+@[a-zA-Z0-9.-]+\.[a-zA-Z]{2,}$</arg>
<doc>Fails if ``string`` does not match ``pattern`` as a regular expression.</doc>
<status status="PASS" start="2024-06-03T15:16:11.660530" elapsed="0.000670"/>
</kw>
<kw name="Should Match Regexp" owner="BuiltIn">
<arg>${json_data['results'][0]['dob']['date']}</arg>
<arg>\\d{4}-\\d{2}-\\d{2}T\\d{2}:\\d{2}:\\d{2}\\.\\d{3}Z</arg>
<doc>Fails if ``string`` does not match ``pattern`` as a regular expression.</doc>
<status status="PASS" start="2024-06-03T15:16:11.661399" elapsed="0.000485"/>
</kw>
<kw name="Should Match Regexp" owner="BuiltIn">
<arg>${json_data['results'][0]['registered']['date']}</arg>
<arg>\\d{4}-\\d{2}-\\d{2}T\\d{2}:\\d{2}:\\d{2}\\.\\d{3}Z</arg>
<doc>Fails if ``string`` does not match ``pattern`` as a regular expression.</doc>
<status status="PASS" start="2024-06-03T15:16:11.662076" elapsed="0.000372"/>
</kw>
<kw name="Should Match Regexp" owner="BuiltIn">
<arg>${json_data['results'][0]['picture']['large']}</arg>
<arg>^https?://.*\.(?:png|jpe?g|gif|bmp)$</arg>
<doc>Fails if ``string`` does not match ``pattern`` as a regular expression.</doc>
<status status="PASS" start="2024-06-03T15:16:11.662637" elapsed="0.000468"/>
</kw>
<kw name="Should Match Regexp" owner="BuiltIn">
<arg>${json_data['results'][0]['picture']['medium']}</arg>
<arg>^https?://.*\.(?:png|jpe?g|gif|bmp)$</arg>
<doc>Fails if ``string`` does not match ``pattern`` as a regular expression.</doc>
<status status="PASS" start="2024-06-03T15:16:11.663298" elapsed="0.000354"/>
</kw>
<kw name="Should Match Regexp" owner="BuiltIn">
<arg>${json_data['results'][0]['picture']['thumbnail']}</arg>
<arg>^https?://.*\.(?:png|jpe?g|gif|bmp)$</arg>
<doc>Fails if ``string`` does not match ``pattern`` as a regular expression.</doc>
<status status="PASS" start="2024-06-03T15:16:11.663838" elapsed="0.000381"/>
</kw>
<kw name="Log" owner="BuiltIn">
<msg time="2024-06-03T15:16:11.664747" level="INFO">{'large': 'https://randomuser.me/api/portraits/men/70.jpg', 'medium': 'https://randomuser.me/api/portraits/med/men/70.jpg', 'thumbnail': 'https://randomuser.me/api/portraits/thumb/men/70.jpg'}</msg>
<arg>${json_data['results'][0]['picture']}</arg>
<doc>Logs the given message with the given level.</doc>
<status status="PASS" start="2024-06-03T15:16:11.664412" elapsed="0.000378"/>
</kw>
<status status="PASS" start="2024-06-03T15:16:11.569382" elapsed="0.095670"/>
</kw>
<kw name="Teste de Tipos de Dados - Postcode" owner="random-user-service">
<kw name="GET On Session" owner="RequestsLibrary">
<msg time="2024-06-03T15:16:11.737235" level="INFO">GET Request : url=https://randomuser.me/api 
 path_url=/api 
 headers={'User-Agent': 'python-requests/2.32.3', 'Accept-Encoding': 'gzip, deflate', 'Accept': '*/*', 'Connection': 'keep-alive'} 
 body=None 
 </msg>
<msg time="2024-06-03T15:16:11.737322" level="INFO">GET Response : url=https://randomuser.me/api 
 status=200, reason=OK 
 headers={'Date': 'Mon, 03 Jun 2024 15:16:11 GMT', 'Content-Type': 'application/json; charset=utf-8', 'Transfer-Encoding': 'chunked', 'Connection': 'keep-alive', 'X-Powered-By': 'Express', 'Access-Control-Allow-Origin': '*', 'Cache-Control': 'no-cache', 'ETag': 'W/"482-hILQM9dNq9JM/qdnMlyIIM6T7w4"', 'Vary': 'Accept-Encoding', 'Content-Encoding': 'gzip', 'CF-Cache-Status': 'DYNAMIC', 'Report-To': '{"endpoints":[{"url":"https:\\/\\/a.nel.cloudflare.com\\/report\\/v4?s=5KqcSWfq6UfhPjanbQBoBUgGE1xRrWkw472SXlfj5d7BK9rUxhkpGFvxNFMs%2BctHDXzAD47VZKm1CU8pBTeRguekyIcsgyBWcmksvq60sFFmiapBL50RY2DZ8sDVlxCj"}],"group":"cf-nel","max_age":604800}', 'NEL': '{"success_fraction":0,"report_to":"cf-nel","max_age":604800}', 'Server': 'cloudflare', 'CF-RAY': '88e0a494f8ac3b32-IAD', 'alt-svc': 'h3=":443"; ma=86400'} 
 body={"results":[{"gender":"female","name":{"title":"Miss","first":"Caitlin","last":"Li"},"location":{"street":{"number":5591,"name":"Hugh Watt Drive"},"city":"Timaru","state":"Gisborne","country":"New Zealand","postcode":91454,"coordinates":{"latitude":"52.4447","longitude":"38.3953"},"timezone":{"offset":"-1:00","description":"Azores, Cape Verde Islands"}},"email":"caitlin.li@example.com","login":{"uuid":"273686c3-e6b9-4475-8224-63f20071eb4f","username":"goldengorilla309","password":"bigguy","salt":"xRKsDvWl","md5":"5db1a004fdbcb7f17ef4cccab204ef42","sha1":"ae949033a9a53215885df852639c23ee847b585d","sha256":"d545b872808d8c5f7518538bf75773303a0ba324e5eb293555ebd1309311bcf8"},"dob":{"date":"2000-08-24T06:50:40.459Z","age":23},"registered":{"date":"2005-05-03T17:53:24.806Z","age":19},"phone":"(040)-873-9306","cell":"(357)-472-5792","id":{"name":"","value":null},"picture":{"large":"https://randomuser.me/api/portraits/women/2.jpg","medium":"https://randomuser.me/api/portraits/med/women/2.jpg","thumbnail":"https://randomuser.me/api/portraits/thumb/women/2.jpg"},"nat":"NZ"}],"info":{"seed":"1b3c32a9bdd572a0","results":1,"page":1,"version":"1.4"}} 
 </msg>
<msg time="2024-06-03T15:16:11.737392" level="INFO">/opt/hostedtoolcache/Python/3.12.3/x64/lib/python3.12/site-packages/urllib3/connectionpool.py:1103: InsecureRequestWarning: Unverified HTTPS request is being made to host 'randomuser.me'. Adding certificate verification is strongly advised. See: https://urllib3.readthedocs.io/en/latest/advanced-usage.html#tls-warnings
  warnings.warn(</msg>
<msg time="2024-06-03T15:16:11.737504" level="INFO">${response} = &lt;Response [200]&gt;</msg>
<var>${response}</var>
<arg>consultarAPI</arg>
<arg>/api</arg>
<doc>Sends a GET request on a previously created HTTP Session.</doc>
<status status="PASS" start="2024-06-03T15:16:11.665511" elapsed="0.072033"/>
</kw>
<kw name="Set Variable" owner="BuiltIn">
<msg time="2024-06-03T15:16:11.738551" level="INFO">${json_data} = {'results': [{'gender': 'female', 'name': {'title': 'Miss', 'first': 'Caitlin', 'last': 'Li'}, 'location': {'street': {'number': 5591, 'name': 'Hugh Watt Drive'}, 'city': 'Timaru', 'state': 'Gisborne'...</msg>
<var>${json_data}</var>
<arg>${response.json()}</arg>
<doc>Returns the given values which can then be assigned to a variables.</doc>
<status status="PASS" start="2024-06-03T15:16:11.738027" elapsed="0.000554"/>
</kw>
<kw name="Log" owner="BuiltIn">
<msg time="2024-06-03T15:16:11.739073" level="INFO">{'results': [{'gender': 'female', 'name': {'title': 'Miss', 'first': 'Caitlin', 'last': 'Li'}, 'location': {'street': {'number': 5591, 'name': 'Hugh Watt Drive'}, 'city': 'Timaru', 'state': 'Gisborne', 'country': 'New Zealand', 'postcode': 91454, 'coordinates': {'latitude': '52.4447', 'longitude': '38.3953'}, 'timezone': {'offset': '-1:00', 'description': 'Azores, Cape Verde Islands'}}, 'email': 'caitlin.li@example.com', 'login': {'uuid': '273686c3-e6b9-4475-8224-63f20071eb4f', 'username': 'goldengorilla309', 'password': 'bigguy', 'salt': 'xRKsDvWl', 'md5': '5db1a004fdbcb7f17ef4cccab204ef42', 'sha1': 'ae949033a9a53215885df852639c23ee847b585d', 'sha256': 'd545b872808d8c5f7518538bf75773303a0ba324e5eb293555ebd1309311bcf8'}, 'dob': {'date': '2000-08-24T06:50:40.459Z', 'age': 23}, 'registered': {'date': '2005-05-03T17:53:24.806Z', 'age': 19}, 'phone': '(040)-873-9306', 'cell': '(357)-472-5792', 'id': {'name': '', 'value': None}, 'picture': {'large': 'https://randomuser.me/api/portraits/women/2.jpg', 'medium': 'https://randomuser.me/api/portraits/med/women/2.jpg', 'thumbnail': 'https://randomuser.me/api/portraits/thumb/women/2.jpg'}, 'nat': 'NZ'}], 'info': {'seed': '1b3c32a9bdd572a0', 'results': 1, 'page': 1, 'version': '1.4'}}</msg>
<arg>${json_data}</arg>
<doc>Logs the given message with the given level.</doc>
<status status="PASS" start="2024-06-03T15:16:11.738907" elapsed="0.000262"/>
</kw>
<kw name="Should Be Equal As Numbers" owner="BuiltIn">
<arg>${json_data['results'][0]['location']['postcode']}</arg>
<arg>${json_data['results'][0]['location']['postcode']}</arg>
<doc>Fails if objects are unequal after converting them to real numbers.</doc>
<status status="PASS" start="2024-06-03T15:16:11.739476" elapsed="0.000667"/>
</kw>
<kw name="Log" owner="BuiltIn">
<msg time="2024-06-03T15:16:11.740689" level="INFO">91454</msg>
<arg>${json_data['results'][0]['location']['postcode']}</arg>
<doc>Logs the given message with the given level.</doc>
<status status="PASS" start="2024-06-03T15:16:11.740348" elapsed="0.000383"/>
</kw>
<status status="PASS" start="2024-06-03T15:16:11.665280" elapsed="0.075717"/>
</kw>
<doc>Testa se os tipos de dados na resposta da API estão corretos.</doc>
<tag>testeTiposDados</tag>
<status status="PASS" start="2024-06-03T15:16:11.568766" elapsed="0.172429"/>
</test>
<test id="s1-s1-t5" name="Validar conteudo" line="35">
<kw name="Teste de Tipos de Conteudo" owner="random-user-service">
<kw name="GET On Session" owner="RequestsLibrary">
<msg time="2024-06-03T15:16:11.844802" level="INFO">GET Request : url=https://randomuser.me/api 
 path_url=/api 
 headers={'User-Agent': 'python-requests/2.32.3', 'Accept-Encoding': 'gzip, deflate', 'Accept': '*/*', 'Connection': 'keep-alive'} 
 body=None 
 </msg>
<msg time="2024-06-03T15:16:11.844918" level="INFO">GET Response : url=https://randomuser.me/api 
 status=200, reason=OK 
 headers={'Date': 'Mon, 03 Jun 2024 15:16:11 GMT', 'Content-Type': 'application/json; charset=utf-8', 'Transfer-Encoding': 'chunked', 'Connection': 'keep-alive', 'X-Powered-By': 'Express', 'Access-Control-Allow-Origin': '*', 'Cache-Control': 'no-cache', 'ETag': 'W/"486-/ouaJIRSx6eKYVvZ4fTk4nA3EU4"', 'Vary': 'Accept-Encoding', 'Content-Encoding': 'gzip', 'CF-Cache-Status': 'DYNAMIC', 'Report-To': '{"endpoints":[{"url":"https:\\/\\/a.nel.cloudflare.com\\/report\\/v4?s=WEl1nrInas%2Brso1ZsBM57G5CL1E6fZ09JDCzRIGUmqe3Uip%2BZdSsM1nauBLHERdN%2FyIxmZbX487BQ9LtgbTqy8aMzrLcQ72e4Mzz%2FJ49E3Hl2boHFnW2el0yCL5AKhwG"}],"group":"cf-nel","max_age":604800}', 'NEL': '{"success_fraction":0,"report_to":"cf-nel","max_age":604800}', 'Server': 'cloudflare', 'CF-RAY': '88e0a49579823b32-IAD', 'alt-svc': 'h3=":443"; ma=86400'} 
 body={"results":[{"gender":"female","name":{"title":"Mrs","first":"Elaine","last":"Carr"},"location":{"street":{"number":1067,"name":"E Center St"},"city":"Traralgon","state":"South Australia","country":"Australia","postcode":6775,"coordinates":{"latitude":"-87.9370","longitude":"123.2696"},"timezone":{"offset":"-11:00","description":"Midway Island, Samoa"}},"email":"elaine.carr@example.com","login":{"uuid":"427013d8-c9a5-4fe7-ab44-df6ef47dcf4c","username":"brownswan946","password":"dolly","salt":"JOu96DPU","md5":"8db9a96f526fa3afb6a7ba1dcc8fd122","sha1":"740e59db8fe467a15500d40b19fdff4178374f48","sha256":"406ca9dc9bc248846733e0b2903376a78904a6bc2ea252ab080e53f17dd75d3c"},"dob":{"date":"1967-05-18T11:29:14.159Z","age":57},"registered":{"date":"2020-12-08T21:18:29.106Z","age":3},"phone":"02-4879-2731","cell":"0485-476-031","id":{"name":"TFN","value":"274284506"},"picture":{"large":"https://randomuser.me/api/portraits/women/92.jpg","medium":"https://randomuser.me/api/portraits/med/women/92.jpg","thumbnail":"https://randomuser.me/api/portraits/thumb/women/92.jpg"},"nat":"AU"}],"info":{"seed":"8bf9cf142c6fd124","results":1,"page":1,"version":"1.4"}} 
 </msg>
<msg time="2024-06-03T15:16:11.845007" level="INFO">/opt/hostedtoolcache/Python/3.12.3/x64/lib/python3.12/site-packages/urllib3/connectionpool.py:1103: InsecureRequestWarning: Unverified HTTPS request is being made to host 'randomuser.me'. Adding certificate verification is strongly advised. See: https://urllib3.readthedocs.io/en/latest/advanced-usage.html#tls-warnings
  warnings.warn(</msg>
<msg time="2024-06-03T15:16:11.845144" level="INFO">${response} = &lt;Response [200]&gt;</msg>
<var>${response}</var>
<arg>consultarAPI</arg>
<arg>/api</arg>
<doc>Sends a GET request on a previously created HTTP Session.</doc>
<status status="PASS" start="2024-06-03T15:16:11.743646" elapsed="0.101538"/>
</kw>
<kw name="Set Variable" owner="BuiltIn">
<msg time="2024-06-03T15:16:11.846237" level="INFO">${json_data} = {'results': [{'gender': 'female', 'name': {'title': 'Mrs', 'first': 'Elaine', 'last': 'Carr'}, 'location': {'street': {'number': 1067, 'name': 'E Center St'}, 'city': 'Traralgon', 'state': 'South Aust...</msg>
<var>${json_data}</var>
<arg>${response.json()}</arg>
<doc>Returns the given values which can then be assigned to a variables.</doc>
<status status="PASS" start="2024-06-03T15:16:11.845706" elapsed="0.000561"/>
</kw>
<kw name="Set Variable" owner="BuiltIn">
<msg time="2024-06-03T15:16:11.846955" level="INFO">${name_title} = Mrs</msg>
<var>${name_title}</var>
<arg>${json_data["results"][0]["name"]["title"]}</arg>
<doc>Returns the given values which can then be assigned to a variables.</doc>
<status status="PASS" start="2024-06-03T15:16:11.846571" elapsed="0.000410"/>
</kw>
<kw name="Create List" owner="BuiltIn">
<msg time="2024-06-03T15:16:11.847445" level="INFO">${allowed_titles} = ['Mr', 'Ms', 'Miss', 'Mrs', 'Madame', 'Monsieur']</msg>
<var>${allowed_titles}</var>
<arg>Mr</arg>
<arg>Ms</arg>
<arg>Miss</arg>
<arg>Mrs</arg>
<arg>Madame</arg>
<arg>Monsieur</arg>
<doc>Returns a list containing given items.</doc>
<status status="PASS" start="2024-06-03T15:16:11.847285" elapsed="0.000186"/>
</kw>
<kw name="List Should Contain Value" owner="Collections">
<msg time="2024-06-03T15:16:11.847961" level="INFO">False</msg>
<arg>${allowed_titles}</arg>
<arg>${name_title}</arg>
<doc>Fails if the ``value`` is not found from ``list``.</doc>
<status status="PASS" start="2024-06-03T15:16:11.847782" elapsed="0.000215"/>
</kw>
<kw name="Set Variable" owner="BuiltIn">
<msg time="2024-06-03T15:16:11.848918" level="INFO">${name_country} = AU</msg>
<var>${name_country}</var>
<arg>${json_data["results"][0]["nat"]}</arg>
<doc>Returns the given values which can then be assigned to a variables.</doc>
<status status="PASS" start="2024-06-03T15:16:11.848341" elapsed="0.000603"/>
</kw>
<kw name="Create List" owner="BuiltIn">
<msg time="2024-06-03T15:16:11.849855" level="INFO">${list_country} = ['AD', 'AE', 'AF', 'AG', 'AI', 'AL', 'AM', 'AO', 'AQ', 'AR', 'AS', 'AT', 'AU', 'AW', 'AX', 'AZ', 'BA', 'BB', 'BD', 'BE', 'BF', 'BG', 'BH', 'BI', 'BJ', 'BL', 'BM', 'BN', 'BO', 'BQ', 'BR', 'BS', 'BT', '...</msg>
<var>${list_country}</var>
<arg>AD</arg>
<arg>AE</arg>
<arg>AF</arg>
<arg>AG</arg>
<arg>AI</arg>
<arg>AL</arg>
<arg>AM</arg>
<arg>AO</arg>
<arg>AQ</arg>
<arg>AR</arg>
<arg>AS</arg>
<arg>AT</arg>
<arg>AU</arg>
<arg>AW</arg>
<arg>AX</arg>
<arg>AZ</arg>
<arg>BA</arg>
<arg>BB</arg>
<arg>BD</arg>
<arg>BE</arg>
<arg>BF</arg>
<arg>BG</arg>
<arg>BH</arg>
<arg>BI</arg>
<arg>BJ</arg>
<arg>BL</arg>
<arg>BM</arg>
<arg>BN</arg>
<arg>BO</arg>
<arg>BQ</arg>
<arg>BR</arg>
<arg>BS</arg>
<arg>BT</arg>
<arg>BV</arg>
<arg>BW</arg>
<arg>BY</arg>
<arg>BZ</arg>
<arg>CA</arg>
<arg>CC</arg>
<arg>CD</arg>
<arg>CF</arg>
<arg>CG</arg>
<arg>CH</arg>
<arg>CI</arg>
<arg>CK</arg>
<arg>CL</arg>
<arg>CM</arg>
<arg>CN</arg>
<arg>CO</arg>
<arg>CR</arg>
<arg>CU</arg>
<arg>CV</arg>
<arg>CW</arg>
<arg>CX</arg>
<arg>CY</arg>
<arg>CZ</arg>
<arg>DE</arg>
<arg>DJ</arg>
<arg>DK</arg>
<arg>DM</arg>
<arg>DO</arg>
<arg>DZ</arg>
<arg>EC</arg>
<arg>EE</arg>
<arg>EG</arg>
<arg>EH</arg>
<arg>ER</arg>
<arg>ES</arg>
<arg>ET</arg>
<arg>FI</arg>
<arg>FJ</arg>
<arg>FK</arg>
<arg>FM</arg>
<arg>FO</arg>
<arg>FR</arg>
<arg>GA</arg>
<arg>GB</arg>
<arg>GD</arg>
<arg>GE</arg>
<arg>GF</arg>
<arg>GG</arg>
<arg>GH</arg>
<arg>GI</arg>
<arg>GL</arg>
<arg>GM</arg>
<arg>GN</arg>
<arg>GP</arg>
<arg>GQ</arg>
<arg>GR</arg>
<arg>GS</arg>
<arg>GT</arg>
<arg>GU</arg>
<arg>GW</arg>
<arg>GY</arg>
<arg>HK</arg>
<arg>HM</arg>
<arg>HN</arg>
<arg>HR</arg>
<arg>HT</arg>
<arg>HU</arg>
<arg>ID</arg>
<arg>IE</arg>
<arg>IL</arg>
<arg>IM</arg>
<arg>IN</arg>
<arg>IO</arg>
<arg>IQ</arg>
<arg>IR</arg>
<arg>IS</arg>
<arg>IT</arg>
<arg>JE</arg>
<arg>JM</arg>
<arg>JO</arg>
<arg>JP</arg>
<arg>KE</arg>
<arg>KG</arg>
<arg>KH</arg>
<arg>KI</arg>
<arg>KM</arg>
<arg>KN</arg>
<arg>KP</arg>
<arg>KR</arg>
<arg>KW</arg>
<arg>KY</arg>
<arg>KZ</arg>
<arg>LA</arg>
<arg>LB</arg>
<arg>LC</arg>
<arg>LI</arg>
<arg>LK</arg>
<arg>LR</arg>
<arg>LS</arg>
<arg>LT</arg>
<arg>LU</arg>
<arg>LV</arg>
<arg>LY</arg>
<arg>MA</arg>
<arg>MC</arg>
<arg>MD</arg>
<arg>ME</arg>
<arg>MF</arg>
<arg>MG</arg>
<arg>MH</arg>
<arg>MK</arg>
<arg>ML</arg>
<arg>MM</arg>
<arg>MN</arg>
<arg>MO</arg>
<arg>MP</arg>
<arg>MQ</arg>
<arg>MR</arg>
<arg>MS</arg>
<arg>MT</arg>
<arg>MU</arg>
<arg>MV</arg>
<arg>MW</arg>
<arg>MX</arg>
<arg>MY</arg>
<arg>MZ</arg>
<arg>NA</arg>
<arg>NC</arg>
<arg>NE</arg>
<arg>NF</arg>
<arg>NG</arg>
<arg>NI</arg>
<arg>NL</arg>
<arg>NO</arg>
<arg>NP</arg>
<arg>NR</arg>
<arg>NU</arg>
<arg>NZ</arg>
<arg>OM</arg>
<arg>PA</arg>
<arg>PE</arg>
<arg>PF</arg>
<arg>PG</arg>
<arg>PH</arg>
<arg>PK</arg>
<arg>PL</arg>
<arg>PM</arg>
<arg>PN</arg>
<arg>PR</arg>
<arg>PS</arg>
<arg>PT</arg>
<arg>PW</arg>
<arg>PY</arg>
<arg>QA</arg>
<arg>RE</arg>
<arg>RO</arg>
<arg>RS</arg>
<arg>RU</arg>
<arg>RW</arg>
<arg>SA</arg>
<arg>SB</arg>
<arg>SC</arg>
<arg>SD</arg>
<arg>SE</arg>
<arg>SG</arg>
<arg>SH</arg>
<arg>SI</arg>
<arg>SJ</arg>
<arg>SK</arg>
<arg>SL</arg>
<arg>SM</arg>
<arg>SN</arg>
<arg>SO</arg>
<arg>SR</arg>
<arg>SS</arg>
<arg>ST</arg>
<arg>SV</arg>
<arg>SX</arg>
<arg>SY</arg>
<arg>SZ</arg>
<arg>TC</arg>
<arg>TD</arg>
<arg>TF</arg>
<arg>TG</arg>
<arg>TH</arg>
<arg>TJ</arg>
<arg>TK</arg>
<arg>TL</arg>
<arg>TM</arg>
<arg>TN</arg>
<arg>TO</arg>
<arg>TR</arg>
<arg>TT</arg>
<arg>TV</arg>
<arg>TW</arg>
<arg>TZ</arg>
<arg>UA</arg>
<arg>UG</arg>
<arg>UM</arg>
<arg>US</arg>
<arg>UY</arg>
<arg>UZ</arg>
<arg>VA</arg>
<arg>VC</arg>
<arg>VE</arg>
<arg>VG</arg>
<arg>VI</arg>
<arg>VN</arg>
<arg>VU</arg>
<arg>WF</arg>
<arg>WS</arg>
<arg>XK</arg>
<arg>YE</arg>
<arg>YT</arg>
<arg>ZA</arg>
<arg>ZM</arg>
<arg>ZW</arg>
<doc>Returns a list containing given items.</doc>
<status status="PASS" start="2024-06-03T15:16:11.849256" elapsed="0.000626"/>
</kw>
<kw name="List Should Contain Value" owner="Collections">
<msg time="2024-06-03T15:16:11.850888" level="INFO">False</msg>
<arg>${list_country}</arg>
<arg>${name_country}</arg>
<doc>Fails if the ``value`` is not found from ``list``.</doc>
<status status="PASS" start="2024-06-03T15:16:11.850675" elapsed="0.000250"/>
</kw>
<kw name="Run Keyword If" owner="BuiltIn">
<kw name="Should Be True" owner="BuiltIn">
<arg>${True}</arg>
<doc>Fails if the given condition is not true.</doc>
<status status="PASS" start="2024-06-03T15:16:11.852039" elapsed="0.000179"/>
</kw>
<arg>${json_data["results"][0]["location"]["coordinates"]["latitude"]} &gt;= -90 and ${json_data["results"][0]["location"]["coordinates"]["latitude"]} &lt;= 90</arg>
<arg>Should Be True</arg>
<arg>${True}</arg>
<doc>Runs the given keyword with the given arguments, if ``condition`` is true.</doc>
<status status="PASS" start="2024-06-03T15:16:11.851256" elapsed="0.001092"/>
</kw>
<kw name="Run Keyword If" owner="BuiltIn">
<kw name="Should Be True" owner="BuiltIn">
<arg>${True}</arg>
<doc>Fails if the given condition is not true.</doc>
<status status="PASS" start="2024-06-03T15:16:11.853245" elapsed="0.000142"/>
</kw>
<arg>${json_data["results"][0]["location"]["coordinates"]["longitude"]} &gt;= -180 and ${json_data["results"][0]["location"]["coordinates"]["longitude"]} &lt;= 180</arg>
<arg>Should Be True</arg>
<arg>${True}</arg>
<doc>Runs the given keyword with the given arguments, if ``condition`` is true.</doc>
<status status="PASS" start="2024-06-03T15:16:11.852541" elapsed="0.000974"/>
</kw>
<status status="PASS" start="2024-06-03T15:16:11.743415" elapsed="0.110233"/>
</kw>
<doc>Testa o conteúdo específico dos campos retornados pela API.</doc>
<tag>testeConteudo</tag>
<status status="PASS" start="2024-06-03T15:16:11.742964" elapsed="0.110838"/>
</test>
<status status="PASS" start="2024-06-03T15:16:10.884732" elapsed="0.971035"/>
</suite>
<status status="PASS" start="2024-06-03T15:16:10.870636" elapsed="0.990483"/>
</suite>
<statistics>
<total>
<stat pass="5" fail="0" skip="0">All Tests</stat>
</total>
<tag>
<stat pass="1" fail="0" skip="0">testeConteudo</stat>
<stat pass="1" fail="0" skip="0">testeEstruturaResposta</stat>
<stat pass="1" fail="0" skip="0">testeRequisicaoBasica</stat>
<stat pass="1" fail="0" skip="0">testeTiposDados</stat>
</tag>
<suite>
<stat pass="5" fail="0" skip="0" id="s1" name="Tests">Tests</stat>
<stat pass="5" fail="0" skip="0" id="s1-s1" name="Random-User-Test">Tests.Random-User-Test</stat>
</suite>
</statistics>
<errors>
</errors>
</robot>
