<?xml version="1.0" encoding="UTF-8"?>
<robot generator="Robot 7.0.1 (Python 3.12.4 on linux)" generated="2024-07-14T13:36:58.742610" rpa="false" schemaversion="5">
<suite id="s1" name="Tests" source="/home/runner/work/ApiRandomUser/ApiRandomUser/RamdonUser/tests">
<suite id="s1-s1" name="Random-User-Test" source="/home/runner/work/ApiRandomUser/ApiRandomUser/RamdonUser/tests/random-user-test.robot">
<test id="s1-s1-t1" name="Conectar" line="13">
<kw name="Conectar API" owner="random-user-service">
<kw name="Create Session" owner="RequestsLibrary">
<msg time="2024-07-14T13:36:59.133161" level="INFO">Creating Session using : alias=consultarAPI, url=https://randomuser.me/, headers={},                     cookies={}, auth=None, timeout=None, proxies=None, verify=False,                     debug=0 </msg>
<arg>consultarAPI</arg>
<arg>${URL}</arg>
<doc>Create Session: create a HTTP session to a server</doc>
<status status="PASS" start="2024-07-14T13:36:59.132944" elapsed="0.000412"/>
</kw>
<status status="PASS" start="2024-07-14T13:36:59.131924" elapsed="0.001803"/>
</kw>
<status status="PASS" start="2024-07-14T13:36:59.131240" elapsed="0.002731"/>
</test>
<test id="s1-s1-t2" name="Validar retorno 200 e JSON Válido" line="16">
<kw name="Teste de Requisicao Basica" owner="random-user-service">
<kw name="GET On Session" owner="RequestsLibrary">
<msg time="2024-07-14T13:36:59.398645" level="INFO">GET Request : url=https://randomuser.me/api 
 path_url=/api 
 headers={'User-Agent': 'python-requests/2.32.3', 'Accept-Encoding': 'gzip, deflate', 'Accept': '*/*', 'Connection': 'keep-alive'} 
 body=None 
 </msg>
<msg time="2024-07-14T13:36:59.398806" level="INFO">GET Response : url=https://randomuser.me/api 
 status=200, reason=OK 
 headers={'Date': 'Sun, 14 Jul 2024 13:36:59 GMT', 'Content-Type': 'application/json; charset=utf-8', 'Transfer-Encoding': 'chunked', 'Connection': 'keep-alive', 'X-Powered-By': 'Express', 'Access-Control-Allow-Origin': '*', 'Cache-Control': 'no-cache', 'ETag': 'W/"4a7-fg4cktNldZEkE6NZUuvLYaBtC08"', 'Vary': 'Accept-Encoding', 'Content-Encoding': 'gzip', 'CF-Cache-Status': 'DYNAMIC', 'Report-To': '{"endpoints":[{"url":"https:\\/\\/a.nel.cloudflare.com\\/report\\/v4?s=pxbyW8gcjW0y7uNY%2BRQIxeofRaNPNtPHVunPKv0Vx4EsbXmNg7zbI8Xmpq0yGjK7232Ik2i2cz1Lb7rgpNEmv4pUyufNpWJ4%2FRliLy4bMx0ghkf4%2FS4t0AnEpuoop1lt"}],"group":"cf-nel","max_age":604800}', 'NEL': '{"success_fraction":0,"report_to":"cf-nel","max_age":604800}', 'Server': 'cloudflare', 'CF-RAY': '8a31e7a2ffa7631e-ORD', 'alt-svc': 'h3=":443"; ma=86400'} 
 body={"results":[{"gender":"female","name":{"title":"Ms","first":"Sherri","last":"Johnson"},"location":{"street":{"number":1789,"name":"E North St"},"city":"Wollongong","state":"Northern Territory","country":"Australia","postcode":4503,"coordinates":{"latitude":"-81.7360","longitude":"143.1979"},"timezone":{"offset":"-5:00","description":"Eastern Time (US &amp; Canada), Bogota, Lima"}},"email":"sherri.johnson@example.com","login":{"uuid":"d7c323f4-298b-4aeb-8a09-696ebd835f92","username":"organicgorilla611","password":"741852","salt":"LIQN6StO","md5":"c8f56438d21d8d6701cec2f81072980a","sha1":"59e01cbc54916b5aa2c4518fba8c33258230e029","sha256":"1dca6873c7736fc657ce75ce0baf70fc8edb0a2f4905cf7e6e1da422842e7eef"},"dob":{"date":"1967-09-29T18:47:13.163Z","age":56},"registered":{"date":"2019-12-17T06:57:31.010Z","age":4},"phone":"08-5239-6128","cell":"0488-468-024","id":{"name":"TFN","value":"890785735"},"picture":{"large":"https://randomuser.me/api/portraits/women/68.jpg","medium":"https://randomuser.me/api/portraits/med/women/68.jpg","thumbnail":"https://randomuser.me/api/portraits/thumb/women/68.jpg"},"nat":"AU"}],"info":{"seed":"1bd8d97aafd04c0a","results":1,"page":1,"version":"1.4"}} 
 </msg>
<msg time="2024-07-14T13:36:59.398887" level="INFO">/opt/hostedtoolcache/Python/3.12.4/x64/lib/python3.12/site-packages/urllib3/connectionpool.py:1099: InsecureRequestWarning: Unverified HTTPS request is being made to host 'randomuser.me'. Adding certificate verification is strongly advised. See: https://urllib3.readthedocs.io/en/latest/advanced-usage.html#tls-warnings
  warnings.warn(</msg>
<msg time="2024-07-14T13:36:59.399020" level="INFO">${response} = &lt;Response [200]&gt;</msg>
<var>${response}</var>
<arg>consultarAPI</arg>
<arg>/api</arg>
<doc>Sends a GET request on a previously created HTTP Session.</doc>
<status status="PASS" start="2024-07-14T13:36:59.136686" elapsed="0.262377"/>
</kw>
<kw name="Should Be Equal As Numbers" owner="BuiltIn">
<msg time="2024-07-14T13:36:59.400069" level="INFO">Argument types are:
&lt;class 'int'&gt;
&lt;class 'str'&gt;</msg>
<arg>${response.status_code}</arg>
<arg>200</arg>
<doc>Fails if objects are unequal after converting them to real numbers.</doc>
<status status="PASS" start="2024-07-14T13:36:59.399600" elapsed="0.000534"/>
</kw>
<kw name="Log" owner="BuiltIn">
<msg time="2024-07-14T13:36:59.400802" level="INFO">200</msg>
<arg>${response.status_code}</arg>
<doc>Logs the given message with the given level.</doc>
<status status="PASS" start="2024-07-14T13:36:59.400450" elapsed="0.000396"/>
</kw>
<kw name="Set Variable" owner="BuiltIn">
<msg time="2024-07-14T13:36:59.401584" level="INFO">${json_data} = {'results': [{'gender': 'female', 'name': {'title': 'Ms', 'first': 'Sherri', 'last': 'Johnson'}, 'location': {'street': {'number': 1789, 'name': 'E North St'}, 'city': 'Wollongong', 'state': 'Northern...</msg>
<var>${json_data}</var>
<arg>${response.json()}</arg>
<doc>Returns the given values which can then be assigned to a variables.</doc>
<status status="PASS" start="2024-07-14T13:36:59.401152" elapsed="0.000460"/>
</kw>
<kw name="Dictionary Should Contain Key" owner="Collections">
<arg>${json_data}</arg>
<arg>results</arg>
<doc>Fails if ``key`` is not found from ``dictionary``.</doc>
<status status="PASS" start="2024-07-14T13:36:59.401945" elapsed="0.000166"/>
</kw>
<status status="PASS" start="2024-07-14T13:36:59.136422" elapsed="0.265849"/>
</kw>
<doc>Testa se a API responde corretamente e retorna um objeto JSON válido.</doc>
<tag>testeRequisicaoBasica</tag>
<status status="PASS" start="2024-07-14T13:36:59.135859" elapsed="0.266594"/>
</test>
<test id="s1-s1-t3" name="Validar estrutura de resposta" line="22">
<kw name="Teste de Estrutura de Resposta" owner="random-user-service">
<kw name="GET On Session" owner="RequestsLibrary">
<msg time="2024-07-14T13:36:59.499006" level="INFO">GET Request : url=https://randomuser.me/api 
 path_url=/api 
 headers={'User-Agent': 'python-requests/2.32.3', 'Accept-Encoding': 'gzip, deflate', 'Accept': '*/*', 'Connection': 'keep-alive'} 
 body=None 
 </msg>
<msg time="2024-07-14T13:36:59.499104" level="INFO">GET Response : url=https://randomuser.me/api 
 status=200, reason=OK 
 headers={'Date': 'Sun, 14 Jul 2024 13:36:59 GMT', 'Content-Type': 'application/json; charset=utf-8', 'Transfer-Encoding': 'chunked', 'Connection': 'keep-alive', 'X-Powered-By': 'Express', 'Access-Control-Allow-Origin': '*', 'Cache-Control': 'no-cache', 'ETag': 'W/"484-Z2wh0Tjx5XSlEZNjbTZl6Az+gSo"', 'Vary': 'Accept-Encoding', 'Content-Encoding': 'gzip', 'CF-Cache-Status': 'DYNAMIC', 'Report-To': '{"endpoints":[{"url":"https:\\/\\/a.nel.cloudflare.com\\/report\\/v4?s=XNH9nTVakd2ZocoPVv%2FWo5vSyybanFtm8aP5qdgDlw7VS80yhJfiBER6V9bYUMsERWJqc%2F2l%2B6UIUxbPYnPfIph4S3ZUb5pV4aLLvPXtFXQK7Yl6sDELU6cRTzvKKnKQ"}],"group":"cf-nel","max_age":604800}', 'NEL': '{"success_fraction":0,"report_to":"cf-nel","max_age":604800}', 'Server': 'cloudflare', 'CF-RAY': '8a31e7a34fd8631e-ORD', 'alt-svc': 'h3=":443"; ma=86400'} 
 body={"results":[{"gender":"male","name":{"title":"Mr","first":"رادین","last":"كامياران"},"location":{"street":{"number":4631,"name":"کارگر شمالی"},"city":"بابل","state":"هرمزگان","country":"Iran","postcode":89446,"coordinates":{"latitude":"17.3459","longitude":"-108.7352"},"timezone":{"offset":"+9:30","description":"Adelaide, Darwin"}},"email":"rdyn.kmyrn@example.com","login":{"uuid":"58e7f3be-7ddc-45a1-a266-f6b62739c553","username":"happygorilla945","password":"book","salt":"E2YUuMfA","md5":"e543b0ccdd4a058e8293bff418d820fa","sha1":"74514b54e7f70a771f52f4577962bc4d5af431af","sha256":"32313754f19c093fff0d4a1d845065962fdc2e78fe482cd1e0a8d97800f5e08c"},"dob":{"date":"1968-01-17T10:38:02.843Z","age":56},"registered":{"date":"2016-11-11T20:20:59.133Z","age":7},"phone":"014-25733238","cell":"0902-398-2497","id":{"name":"","value":null},"picture":{"large":"https://randomuser.me/api/portraits/men/39.jpg","medium":"https://randomuser.me/api/portraits/med/men/39.jpg","thumbnail":"https://randomuser.me/api/portraits/thumb/men/39.jpg"},"nat":"IR"}],"info":{"seed":"1cb542959ba51355","results":1,"page":1,"version":"1.4"}} 
 </msg>
<msg time="2024-07-14T13:36:59.499236" level="INFO">/opt/hostedtoolcache/Python/3.12.4/x64/lib/python3.12/site-packages/urllib3/connectionpool.py:1099: InsecureRequestWarning: Unverified HTTPS request is being made to host 'randomuser.me'. Adding certificate verification is strongly advised. See: https://urllib3.readthedocs.io/en/latest/advanced-usage.html#tls-warnings
  warnings.warn(</msg>
<msg time="2024-07-14T13:36:59.499357" level="INFO">${response} = &lt;Response [200]&gt;</msg>
<var>${response}</var>
<arg>consultarAPI</arg>
<arg>/api</arg>
<doc>Sends a GET request on a previously created HTTP Session.</doc>
<status status="PASS" start="2024-07-14T13:36:59.405396" elapsed="0.094001"/>
</kw>
<kw name="Set Variable" owner="BuiltIn">
<msg time="2024-07-14T13:36:59.500426" level="INFO">${json_data} = {'results': [{'gender': 'male', 'name': {'title': 'Mr', 'first': 'رادین', 'last': 'كامياران'}, 'location': {'street': {'number': 4631, 'name': 'کارگر شمالی'}, 'city': 'بابل', 'state': 'هرمزگان', 'coun...</msg>
<var>${json_data}</var>
<arg>${response.json()}</arg>
<doc>Returns the given values which can then be assigned to a variables.</doc>
<status status="PASS" start="2024-07-14T13:36:59.499905" elapsed="0.000553"/>
</kw>
<kw name="Log" owner="BuiltIn">
<msg time="2024-07-14T13:36:59.500939" level="INFO">{'results': [{'gender': 'male', 'name': {'title': 'Mr', 'first': 'رادین', 'last': 'كامياران'}, 'location': {'street': {'number': 4631, 'name': 'کارگر شمالی'}, 'city': 'بابل', 'state': 'هرمزگان', 'country': 'Iran', 'postcode': 89446, 'coordinates': {'latitude': '17.3459', 'longitude': '-108.7352'}, 'timezone': {'offset': '+9:30', 'description': 'Adelaide, Darwin'}}, 'email': 'rdyn.kmyrn@example.com', 'login': {'uuid': '58e7f3be-7ddc-45a1-a266-f6b62739c553', 'username': 'happygorilla945', 'password': 'book', 'salt': 'E2YUuMfA', 'md5': 'e543b0ccdd4a058e8293bff418d820fa', 'sha1': '74514b54e7f70a771f52f4577962bc4d5af431af', 'sha256': '32313754f19c093fff0d4a1d845065962fdc2e78fe482cd1e0a8d97800f5e08c'}, 'dob': {'date': '1968-01-17T10:38:02.843Z', 'age': 56}, 'registered': {'date': '2016-11-11T20:20:59.133Z', 'age': 7}, 'phone': '014-25733238', 'cell': '0902-398-2497', 'id': {'name': '', 'value': None}, 'picture': {'large': 'https://randomuser.me/api/portraits/men/39.jpg', 'medium': 'https://randomuser.me/api/portraits/med/men/39.jpg', 'thumbnail': 'https://randomuser.me/api/portraits/thumb/men/39.jpg'}, 'nat': 'IR'}], 'info': {'seed': '1cb542959ba51355', 'results': 1, 'page': 1, 'version': '1.4'}}</msg>
<arg>${json_data}</arg>
<doc>Logs the given message with the given level.</doc>
<status status="PASS" start="2024-07-14T13:36:59.500772" elapsed="0.000220"/>
</kw>
<kw name="Dictionary Should Contain Key" owner="Collections">
<arg>${json_data}</arg>
<arg>results</arg>
<doc>Fails if ``key`` is not found from ``dictionary``.</doc>
<status status="PASS" start="2024-07-14T13:36:59.501293" elapsed="0.000165"/>
</kw>
<kw name="Should Not Be Empty" owner="BuiltIn">
<msg time="2024-07-14T13:36:59.501776" level="INFO">Length is 2.</msg>
<arg>${json_data}</arg>
<doc>Verifies that the given item is not empty.</doc>
<status status="PASS" start="2024-07-14T13:36:59.501646" elapsed="0.000171"/>
</kw>
<kw name="Create List" owner="BuiltIn">
<msg time="2024-07-14T13:36:59.502307" level="INFO">${expected_keys} = ['gender', 'name', 'location', 'email', 'login']</msg>
<var>${expected_keys}</var>
<arg>gender</arg>
<arg>name</arg>
<arg>location</arg>
<arg>email</arg>
<arg>login</arg>
<doc>Returns a list containing given items.</doc>
<status status="PASS" start="2024-07-14T13:36:59.502157" elapsed="0.000175"/>
</kw>
<for flavor="IN">
<iter>
<kw name="Dictionary Should Contain Key" owner="Collections">
<arg>${json_data['results'][0]}</arg>
<arg>${key}</arg>
<doc>Fails if ``key`` is not found from ``dictionary``.</doc>
<status status="PASS" start="2024-07-14T13:36:59.503091" elapsed="0.000404"/>
</kw>
<kw name="Log" owner="BuiltIn">
<msg time="2024-07-14T13:36:59.504058" level="INFO">{'gender': 'male', 'name': {'title': 'Mr', 'first': 'رادین', 'last': 'كامياران'}, 'location': {'street': {'number': 4631, 'name': 'کارگر شمالی'}, 'city': 'بابل', 'state': 'هرمزگان', 'country': 'Iran', 'postcode': 89446, 'coordinates': {'latitude': '17.3459', 'longitude': '-108.7352'}, 'timezone': {'offset': '+9:30', 'description': 'Adelaide, Darwin'}}, 'email': 'rdyn.kmyrn@example.com', 'login': {'uuid': '58e7f3be-7ddc-45a1-a266-f6b62739c553', 'username': 'happygorilla945', 'password': 'book', 'salt': 'E2YUuMfA', 'md5': 'e543b0ccdd4a058e8293bff418d820fa', 'sha1': '74514b54e7f70a771f52f4577962bc4d5af431af', 'sha256': '32313754f19c093fff0d4a1d845065962fdc2e78fe482cd1e0a8d97800f5e08c'}, 'dob': {'date': '1968-01-17T10:38:02.843Z', 'age': 56}, 'registered': {'date': '2016-11-11T20:20:59.133Z', 'age': 7}, 'phone': '014-25733238', 'cell': '0902-398-2497', 'id': {'name': '', 'value': None}, 'picture': {'large': 'https://randomuser.me/api/portraits/men/39.jpg', 'medium': 'https://randomuser.me/api/portraits/med/men/39.jpg', 'thumbnail': 'https://randomuser.me/api/portraits/thumb/men/39.jpg'}, 'nat': 'IR'}</msg>
<arg>${json_data['results'][0]}</arg>
<doc>Logs the given message with the given level.</doc>
<status status="PASS" start="2024-07-14T13:36:59.503690" elapsed="0.000423"/>
</kw>
<kw name="Log" owner="BuiltIn">
<msg time="2024-07-14T13:36:59.504551" level="INFO">gender</msg>
<arg>${key}</arg>
<doc>Logs the given message with the given level.</doc>
<status status="PASS" start="2024-07-14T13:36:59.504420" elapsed="0.000170"/>
</kw>
<var name="${key}">gender</var>
<status status="PASS" start="2024-07-14T13:36:59.502967" elapsed="0.001844"/>
</iter>
<iter>
<kw name="Dictionary Should Contain Key" owner="Collections">
<arg>${json_data['results'][0]}</arg>
<arg>${key}</arg>
<doc>Fails if ``key`` is not found from ``dictionary``.</doc>
<status status="PASS" start="2024-07-14T13:36:59.505109" elapsed="0.000400"/>
</kw>
<kw name="Log" owner="BuiltIn">
<msg time="2024-07-14T13:36:59.506086" level="INFO">{'gender': 'male', 'name': {'title': 'Mr', 'first': 'رادین', 'last': 'كامياران'}, 'location': {'street': {'number': 4631, 'name': 'کارگر شمالی'}, 'city': 'بابل', 'state': 'هرمزگان', 'country': 'Iran', 'postcode': 89446, 'coordinates': {'latitude': '17.3459', 'longitude': '-108.7352'}, 'timezone': {'offset': '+9:30', 'description': 'Adelaide, Darwin'}}, 'email': 'rdyn.kmyrn@example.com', 'login': {'uuid': '58e7f3be-7ddc-45a1-a266-f6b62739c553', 'username': 'happygorilla945', 'password': 'book', 'salt': 'E2YUuMfA', 'md5': 'e543b0ccdd4a058e8293bff418d820fa', 'sha1': '74514b54e7f70a771f52f4577962bc4d5af431af', 'sha256': '32313754f19c093fff0d4a1d845065962fdc2e78fe482cd1e0a8d97800f5e08c'}, 'dob': {'date': '1968-01-17T10:38:02.843Z', 'age': 56}, 'registered': {'date': '2016-11-11T20:20:59.133Z', 'age': 7}, 'phone': '014-25733238', 'cell': '0902-398-2497', 'id': {'name': '', 'value': None}, 'picture': {'large': 'https://randomuser.me/api/portraits/men/39.jpg', 'medium': 'https://randomuser.me/api/portraits/med/men/39.jpg', 'thumbnail': 'https://randomuser.me/api/portraits/thumb/men/39.jpg'}, 'nat': 'IR'}</msg>
<arg>${json_data['results'][0]}</arg>
<doc>Logs the given message with the given level.</doc>
<status status="PASS" start="2024-07-14T13:36:59.505701" elapsed="0.000471"/>
</kw>
<kw name="Log" owner="BuiltIn">
<msg time="2024-07-14T13:36:59.506605" level="INFO">name</msg>
<arg>${key}</arg>
<doc>Logs the given message with the given level.</doc>
<status status="PASS" start="2024-07-14T13:36:59.506475" elapsed="0.000168"/>
</kw>
<var name="${key}">name</var>
<status status="PASS" start="2024-07-14T13:36:59.504997" elapsed="0.001865"/>
</iter>
<iter>
<kw name="Dictionary Should Contain Key" owner="Collections">
<arg>${json_data['results'][0]}</arg>
<arg>${key}</arg>
<doc>Fails if ``key`` is not found from ``dictionary``.</doc>
<status status="PASS" start="2024-07-14T13:36:59.507151" elapsed="0.000379"/>
</kw>
<kw name="Log" owner="BuiltIn">
<msg time="2024-07-14T13:36:59.508063" level="INFO">{'gender': 'male', 'name': {'title': 'Mr', 'first': 'رادین', 'last': 'كامياران'}, 'location': {'street': {'number': 4631, 'name': 'کارگر شمالی'}, 'city': 'بابل', 'state': 'هرمزگان', 'country': 'Iran', 'postcode': 89446, 'coordinates': {'latitude': '17.3459', 'longitude': '-108.7352'}, 'timezone': {'offset': '+9:30', 'description': 'Adelaide, Darwin'}}, 'email': 'rdyn.kmyrn@example.com', 'login': {'uuid': '58e7f3be-7ddc-45a1-a266-f6b62739c553', 'username': 'happygorilla945', 'password': 'book', 'salt': 'E2YUuMfA', 'md5': 'e543b0ccdd4a058e8293bff418d820fa', 'sha1': '74514b54e7f70a771f52f4577962bc4d5af431af', 'sha256': '32313754f19c093fff0d4a1d845065962fdc2e78fe482cd1e0a8d97800f5e08c'}, 'dob': {'date': '1968-01-17T10:38:02.843Z', 'age': 56}, 'registered': {'date': '2016-11-11T20:20:59.133Z', 'age': 7}, 'phone': '014-25733238', 'cell': '0902-398-2497', 'id': {'name': '', 'value': None}, 'picture': {'large': 'https://randomuser.me/api/portraits/men/39.jpg', 'medium': 'https://randomuser.me/api/portraits/med/men/39.jpg', 'thumbnail': 'https://randomuser.me/api/portraits/thumb/men/39.jpg'}, 'nat': 'IR'}</msg>
<arg>${json_data['results'][0]}</arg>
<doc>Logs the given message with the given level.</doc>
<status status="PASS" start="2024-07-14T13:36:59.507711" elapsed="0.000404"/>
</kw>
<kw name="Log" owner="BuiltIn">
<msg time="2024-07-14T13:36:59.508544" level="INFO">location</msg>
<arg>${key}</arg>
<doc>Logs the given message with the given level.</doc>
<status status="PASS" start="2024-07-14T13:36:59.508414" elapsed="0.000168"/>
</kw>
<var name="${key}">location</var>
<status status="PASS" start="2024-07-14T13:36:59.507043" elapsed="0.001755"/>
</iter>
<iter>
<kw name="Dictionary Should Contain Key" owner="Collections">
<arg>${json_data['results'][0]}</arg>
<arg>${key}</arg>
<doc>Fails if ``key`` is not found from ``dictionary``.</doc>
<status status="PASS" start="2024-07-14T13:36:59.509078" elapsed="0.000387"/>
</kw>
<kw name="Log" owner="BuiltIn">
<msg time="2024-07-14T13:36:59.510039" level="INFO">{'gender': 'male', 'name': {'title': 'Mr', 'first': 'رادین', 'last': 'كامياران'}, 'location': {'street': {'number': 4631, 'name': 'کارگر شمالی'}, 'city': 'بابل', 'state': 'هرمزگان', 'country': 'Iran', 'postcode': 89446, 'coordinates': {'latitude': '17.3459', 'longitude': '-108.7352'}, 'timezone': {'offset': '+9:30', 'description': 'Adelaide, Darwin'}}, 'email': 'rdyn.kmyrn@example.com', 'login': {'uuid': '58e7f3be-7ddc-45a1-a266-f6b62739c553', 'username': 'happygorilla945', 'password': 'book', 'salt': 'E2YUuMfA', 'md5': 'e543b0ccdd4a058e8293bff418d820fa', 'sha1': '74514b54e7f70a771f52f4577962bc4d5af431af', 'sha256': '32313754f19c093fff0d4a1d845065962fdc2e78fe482cd1e0a8d97800f5e08c'}, 'dob': {'date': '1968-01-17T10:38:02.843Z', 'age': 56}, 'registered': {'date': '2016-11-11T20:20:59.133Z', 'age': 7}, 'phone': '014-25733238', 'cell': '0902-398-2497', 'id': {'name': '', 'value': None}, 'picture': {'large': 'https://randomuser.me/api/portraits/men/39.jpg', 'medium': 'https://randomuser.me/api/portraits/med/men/39.jpg', 'thumbnail': 'https://randomuser.me/api/portraits/thumb/men/39.jpg'}, 'nat': 'IR'}</msg>
<arg>${json_data['results'][0]}</arg>
<doc>Logs the given message with the given level.</doc>
<status status="PASS" start="2024-07-14T13:36:59.509653" elapsed="0.000439"/>
</kw>
<kw name="Log" owner="BuiltIn">
<msg time="2024-07-14T13:36:59.510522" level="INFO">email</msg>
<arg>${key}</arg>
<doc>Logs the given message with the given level.</doc>
<status status="PASS" start="2024-07-14T13:36:59.510394" elapsed="0.000167"/>
</kw>
<var name="${key}">email</var>
<status status="PASS" start="2024-07-14T13:36:59.508971" elapsed="0.001807"/>
</iter>
<iter>
<kw name="Dictionary Should Contain Key" owner="Collections">
<arg>${json_data['results'][0]}</arg>
<arg>${key}</arg>
<doc>Fails if ``key`` is not found from ``dictionary``.</doc>
<status status="PASS" start="2024-07-14T13:36:59.511064" elapsed="0.000390"/>
</kw>
<kw name="Log" owner="BuiltIn">
<msg time="2024-07-14T13:36:59.511992" level="INFO">{'gender': 'male', 'name': {'title': 'Mr', 'first': 'رادین', 'last': 'كامياران'}, 'location': {'street': {'number': 4631, 'name': 'کارگر شمالی'}, 'city': 'بابل', 'state': 'هرمزگان', 'country': 'Iran', 'postcode': 89446, 'coordinates': {'latitude': '17.3459', 'longitude': '-108.7352'}, 'timezone': {'offset': '+9:30', 'description': 'Adelaide, Darwin'}}, 'email': 'rdyn.kmyrn@example.com', 'login': {'uuid': '58e7f3be-7ddc-45a1-a266-f6b62739c553', 'username': 'happygorilla945', 'password': 'book', 'salt': 'E2YUuMfA', 'md5': 'e543b0ccdd4a058e8293bff418d820fa', 'sha1': '74514b54e7f70a771f52f4577962bc4d5af431af', 'sha256': '32313754f19c093fff0d4a1d845065962fdc2e78fe482cd1e0a8d97800f5e08c'}, 'dob': {'date': '1968-01-17T10:38:02.843Z', 'age': 56}, 'registered': {'date': '2016-11-11T20:20:59.133Z', 'age': 7}, 'phone': '014-25733238', 'cell': '0902-398-2497', 'id': {'name': '', 'value': None}, 'picture': {'large': 'https://randomuser.me/api/portraits/men/39.jpg', 'medium': 'https://randomuser.me/api/portraits/med/men/39.jpg', 'thumbnail': 'https://randomuser.me/api/portraits/thumb/men/39.jpg'}, 'nat': 'IR'}</msg>
<arg>${json_data['results'][0]}</arg>
<doc>Logs the given message with the given level.</doc>
<status status="PASS" start="2024-07-14T13:36:59.511635" elapsed="0.000411"/>
</kw>
<kw name="Log" owner="BuiltIn">
<msg time="2024-07-14T13:36:59.512464" level="INFO">login</msg>
<arg>${key}</arg>
<doc>Logs the given message with the given level.</doc>
<status status="PASS" start="2024-07-14T13:36:59.512338" elapsed="0.000165"/>
</kw>
<var name="${key}">login</var>
<status status="PASS" start="2024-07-14T13:36:59.510952" elapsed="0.001768"/>
</iter>
<var>${key}</var>
<value>@{expected_keys}</value>
<status status="PASS" start="2024-07-14T13:36:59.502771" elapsed="0.010071"/>
</for>
<kw name="Create List" owner="BuiltIn">
<msg time="2024-07-14T13:36:59.513167" level="INFO">${expected_keysTwo} = ['username', 'password']</msg>
<var>${expected_keysTwo}</var>
<arg>username</arg>
<arg>password</arg>
<doc>Returns a list containing given items.</doc>
<status status="PASS" start="2024-07-14T13:36:59.513034" elapsed="0.000184"/>
</kw>
<for flavor="IN">
<iter>
<kw name="Dictionary Should Contain Key" owner="Collections">
<arg>${json_data['results'][0]['login']}</arg>
<arg>${keyTwo}</arg>
<doc>Fails if ``key`` is not found from ``dictionary``.</doc>
<status status="PASS" start="2024-07-14T13:36:59.513717" elapsed="0.000413"/>
</kw>
<kw name="Dictionary Should Contain Key" owner="Collections">
<arg>${json_data['results'][0]['login']}</arg>
<arg>${keyTwo}</arg>
<doc>Fails if ``key`` is not found from ``dictionary``.</doc>
<status status="PASS" start="2024-07-14T13:36:59.514311" elapsed="0.000380"/>
</kw>
<kw name="Log" owner="BuiltIn">
<msg time="2024-07-14T13:36:59.514996" level="INFO">username</msg>
<arg>${keyTwo}</arg>
<doc>Logs the given message with the given level.</doc>
<status status="PASS" start="2024-07-14T13:36:59.514874" elapsed="0.000160"/>
</kw>
<var name="${keyTwo}">username</var>
<status status="PASS" start="2024-07-14T13:36:59.513611" elapsed="0.001650"/>
</iter>
<iter>
<kw name="Dictionary Should Contain Key" owner="Collections">
<arg>${json_data['results'][0]['login']}</arg>
<arg>${keyTwo}</arg>
<doc>Fails if ``key`` is not found from ``dictionary``.</doc>
<status status="PASS" start="2024-07-14T13:36:59.515536" elapsed="0.000388"/>
</kw>
<kw name="Dictionary Should Contain Key" owner="Collections">
<arg>${json_data['results'][0]['login']}</arg>
<arg>${keyTwo}</arg>
<doc>Fails if ``key`` is not found from ``dictionary``.</doc>
<status status="PASS" start="2024-07-14T13:36:59.516104" elapsed="0.000365"/>
</kw>
<kw name="Log" owner="BuiltIn">
<msg time="2024-07-14T13:36:59.516763" level="INFO">password</msg>
<arg>${keyTwo}</arg>
<doc>Logs the given message with the given level.</doc>
<status status="PASS" start="2024-07-14T13:36:59.516644" elapsed="0.000161"/>
</kw>
<var name="${keyTwo}">password</var>
<status status="PASS" start="2024-07-14T13:36:59.515431" elapsed="0.001597"/>
</iter>
<var>${keyTwo}</var>
<value>@{expected_keysTwo}</value>
<status status="PASS" start="2024-07-14T13:36:59.513458" elapsed="0.003690"/>
</for>
<status status="PASS" start="2024-07-14T13:36:59.405058" elapsed="0.112234"/>
</kw>
<doc>Testa a estrutura da resposta da API.</doc>
<tag>testeEstruturaResposta</tag>
<status status="PASS" start="2024-07-14T13:36:59.404284" elapsed="0.113168"/>
</test>
<test id="s1-s1-t4" name="Validar tipos de dados" line="28">
<kw name="Teste de Tipos de Dados" owner="random-user-service">
<kw name="GET On Session" owner="RequestsLibrary">
<msg time="2024-07-14T13:36:59.599157" level="INFO">GET Request : url=https://randomuser.me/api 
 path_url=/api 
 headers={'User-Agent': 'python-requests/2.32.3', 'Accept-Encoding': 'gzip, deflate', 'Accept': '*/*', 'Connection': 'keep-alive'} 
 body=None 
 </msg>
<msg time="2024-07-14T13:36:59.599254" level="INFO">GET Response : url=https://randomuser.me/api 
 status=200, reason=OK 
 headers={'Date': 'Sun, 14 Jul 2024 13:36:59 GMT', 'Content-Type': 'application/json; charset=utf-8', 'Transfer-Encoding': 'chunked', 'Connection': 'keep-alive', 'X-Powered-By': 'Express', 'Access-Control-Allow-Origin': '*', 'Cache-Control': 'no-cache', 'ETag': 'W/"47f-GH29HgMDtvpy5J8BIKV2hmIe18w"', 'Vary': 'Accept-Encoding', 'Content-Encoding': 'gzip', 'CF-Cache-Status': 'DYNAMIC', 'Report-To': '{"endpoints":[{"url":"https:\\/\\/a.nel.cloudflare.com\\/report\\/v4?s=1pzQZU28VhPCOA5XDLYd4dFVZLNPFPq4UzK8ARePnMvZEMiJzyk4TNT7jluOM9sD9jagoF17m9F7TGHDh1jbuGz%2FnZjp1xQRmAUDPDU2HYGLIp7dvQElAWAm2OSV6aF2"}],"group":"cf-nel","max_age":604800}', 'NEL': '{"success_fraction":0,"report_to":"cf-nel","max_age":604800}', 'Server': 'cloudflare', 'CF-RAY': '8a31e7a4084c631e-ORD', 'alt-svc': 'h3=":443"; ma=86400'} 
 body={"results":[{"gender":"female","name":{"title":"Ms","first":"Latife","last":"Adıvar"},"location":{"street":{"number":9638,"name":"Şehitler Cd"},"city":"Burdur","state":"Samsun","country":"Turkey","postcode":87136,"coordinates":{"latitude":"68.0931","longitude":"13.7442"},"timezone":{"offset":"+7:00","description":"Bangkok, Hanoi, Jakarta"}},"email":"latife.adivar@example.com","login":{"uuid":"90dcf52a-d972-46d2-9051-6c31be857481","username":"beautifulgoose775","password":"fireman","salt":"MEkyYjJd","md5":"401bb1772f3738540eef452bf95820ed","sha1":"6d24c5b002c1d16f498ddd6fb0b93a52e2b60235","sha256":"9765583aafe0651a7d03babaea8fa0943b345320a2c5ba681f73cd4d1b8c2f5d"},"dob":{"date":"1957-07-19T00:47:53.459Z","age":66},"registered":{"date":"2004-07-15T07:04:42.576Z","age":19},"phone":"(953)-435-0307","cell":"(480)-529-2143","id":{"name":"","value":null},"picture":{"large":"https://randomuser.me/api/portraits/women/72.jpg","medium":"https://randomuser.me/api/portraits/med/women/72.jpg","thumbnail":"https://randomuser.me/api/portraits/thumb/women/72.jpg"},"nat":"TR"}],"info":{"seed":"4b5d552e834e0700","results":1,"page":1,"version":"1.4"}} 
 </msg>
<msg time="2024-07-14T13:36:59.599327" level="INFO">/opt/hostedtoolcache/Python/3.12.4/x64/lib/python3.12/site-packages/urllib3/connectionpool.py:1099: InsecureRequestWarning: Unverified HTTPS request is being made to host 'randomuser.me'. Adding certificate verification is strongly advised. See: https://urllib3.readthedocs.io/en/latest/advanced-usage.html#tls-warnings
  warnings.warn(</msg>
<msg time="2024-07-14T13:36:59.599442" level="INFO">${response} = &lt;Response [200]&gt;</msg>
<var>${response}</var>
<arg>consultarAPI</arg>
<arg>/api</arg>
<doc>Sends a GET request on a previously created HTTP Session.</doc>
<status status="PASS" start="2024-07-14T13:36:59.520030" elapsed="0.079443"/>
</kw>
<kw name="Set Variable" owner="BuiltIn">
<msg time="2024-07-14T13:36:59.600551" level="INFO">${json_data} = {'results': [{'gender': 'female', 'name': {'title': 'Ms', 'first': 'Latife', 'last': 'Adıvar'}, 'location': {'street': {'number': 9638, 'name': 'Şehitler Cd'}, 'city': 'Burdur', 'state': 'Samsun', 'co...</msg>
<var>${json_data}</var>
<arg>${response.json()}</arg>
<doc>Returns the given values which can then be assigned to a variables.</doc>
<status status="PASS" start="2024-07-14T13:36:59.600022" elapsed="0.000560"/>
</kw>
<kw name="Log" owner="BuiltIn">
<msg time="2024-07-14T13:36:59.601058" level="INFO">{'results': [{'gender': 'female', 'name': {'title': 'Ms', 'first': 'Latife', 'last': 'Adıvar'}, 'location': {'street': {'number': 9638, 'name': 'Şehitler Cd'}, 'city': 'Burdur', 'state': 'Samsun', 'country': 'Turkey', 'postcode': 87136, 'coordinates': {'latitude': '68.0931', 'longitude': '13.7442'}, 'timezone': {'offset': '+7:00', 'description': 'Bangkok, Hanoi, Jakarta'}}, 'email': 'latife.adivar@example.com', 'login': {'uuid': '90dcf52a-d972-46d2-9051-6c31be857481', 'username': 'beautifulgoose775', 'password': 'fireman', 'salt': 'MEkyYjJd', 'md5': '401bb1772f3738540eef452bf95820ed', 'sha1': '6d24c5b002c1d16f498ddd6fb0b93a52e2b60235', 'sha256': '9765583aafe0651a7d03babaea8fa0943b345320a2c5ba681f73cd4d1b8c2f5d'}, 'dob': {'date': '1957-07-19T00:47:53.459Z', 'age': 66}, 'registered': {'date': '2004-07-15T07:04:42.576Z', 'age': 19}, 'phone': '(953)-435-0307', 'cell': '(480)-529-2143', 'id': {'name': '', 'value': None}, 'picture': {'large': 'https://randomuser.me/api/portraits/women/72.jpg', 'medium': 'https://randomuser.me/api/portraits/med/women/72.jpg', 'thumbnail': 'https://randomuser.me/api/portraits/thumb/women/72.jpg'}, 'nat': 'TR'}], 'info': {'seed': '4b5d552e834e0700', 'results': 1, 'page': 1, 'version': '1.4'}}</msg>
<arg>${json_data}</arg>
<doc>Logs the given message with the given level.</doc>
<status status="PASS" start="2024-07-14T13:36:59.600897" elapsed="0.000212"/>
</kw>
<kw name="Should Be String" owner="String">
<arg>${json_data['results'][0]['gender']}</arg>
<doc>Fails if the given ``item`` is not a string.</doc>
<status status="PASS" start="2024-07-14T13:36:59.601407" elapsed="0.000361"/>
</kw>
<kw name="Should Match Regexp" owner="BuiltIn">
<arg>${json_data['results'][0]['email']}</arg>
<arg>^[a-zA-Z0-9._%+-]+@[a-zA-Z0-9.-]+\.[a-zA-Z]{2,}$</arg>
<doc>Fails if ``string`` does not match ``pattern`` as a regular expression.</doc>
<status status="PASS" start="2024-07-14T13:36:59.602005" elapsed="0.000516"/>
</kw>
<kw name="Should Match Regexp" owner="BuiltIn">
<arg>${json_data['results'][0]['dob']['date']}</arg>
<arg>\\d{4}-\\d{2}-\\d{2}T\\d{2}:\\d{2}:\\d{2}\\.\\d{3}Z</arg>
<doc>Fails if ``string`` does not match ``pattern`` as a regular expression.</doc>
<status status="PASS" start="2024-07-14T13:36:59.602753" elapsed="0.000499"/>
</kw>
<kw name="Should Match Regexp" owner="BuiltIn">
<arg>${json_data['results'][0]['registered']['date']}</arg>
<arg>\\d{4}-\\d{2}-\\d{2}T\\d{2}:\\d{2}:\\d{2}\\.\\d{3}Z</arg>
<doc>Fails if ``string`` does not match ``pattern`` as a regular expression.</doc>
<status status="PASS" start="2024-07-14T13:36:59.603444" elapsed="0.000372"/>
</kw>
<kw name="Should Match Regexp" owner="BuiltIn">
<arg>${json_data['results'][0]['picture']['large']}</arg>
<arg>^https?://.*\.(?:png|jpe?g|gif|bmp)$</arg>
<doc>Fails if ``string`` does not match ``pattern`` as a regular expression.</doc>
<status status="PASS" start="2024-07-14T13:36:59.604001" elapsed="0.000454"/>
</kw>
<kw name="Should Match Regexp" owner="BuiltIn">
<arg>${json_data['results'][0]['picture']['medium']}</arg>
<arg>^https?://.*\.(?:png|jpe?g|gif|bmp)$</arg>
<doc>Fails if ``string`` does not match ``pattern`` as a regular expression.</doc>
<status status="PASS" start="2024-07-14T13:36:59.604640" elapsed="0.000351"/>
</kw>
<kw name="Should Match Regexp" owner="BuiltIn">
<arg>${json_data['results'][0]['picture']['thumbnail']}</arg>
<arg>^https?://.*\.(?:png|jpe?g|gif|bmp)$</arg>
<doc>Fails if ``string`` does not match ``pattern`` as a regular expression.</doc>
<status status="PASS" start="2024-07-14T13:36:59.605173" elapsed="0.000343"/>
</kw>
<kw name="Log" owner="BuiltIn">
<msg time="2024-07-14T13:36:59.606056" level="INFO">{'large': 'https://randomuser.me/api/portraits/women/72.jpg', 'medium': 'https://randomuser.me/api/portraits/med/women/72.jpg', 'thumbnail': 'https://randomuser.me/api/portraits/thumb/women/72.jpg'}</msg>
<arg>${json_data['results'][0]['picture']}</arg>
<doc>Logs the given message with the given level.</doc>
<status status="PASS" start="2024-07-14T13:36:59.605699" elapsed="0.000400"/>
</kw>
<status status="PASS" start="2024-07-14T13:36:59.519803" elapsed="0.086556"/>
</kw>
<kw name="Teste de Tipos de Dados - Postcode" owner="random-user-service">
<kw name="GET On Session" owner="RequestsLibrary">
<msg time="2024-07-14T13:36:59.704454" level="INFO">GET Request : url=https://randomuser.me/api 
 path_url=/api 
 headers={'User-Agent': 'python-requests/2.32.3', 'Accept-Encoding': 'gzip, deflate', 'Accept': '*/*', 'Connection': 'keep-alive'} 
 body=None 
 </msg>
<msg time="2024-07-14T13:36:59.704557" level="INFO">GET Response : url=https://randomuser.me/api 
 status=200, reason=OK 
 headers={'Date': 'Sun, 14 Jul 2024 13:36:59 GMT', 'Content-Type': 'application/json; charset=utf-8', 'Transfer-Encoding': 'chunked', 'Connection': 'keep-alive', 'X-Powered-By': 'Express', 'Access-Control-Allow-Origin': '*', 'Cache-Control': 'no-cache', 'ETag': 'W/"488-L97P9u//FQaDJNUivmkgz+w9BAk"', 'Vary': 'Accept-Encoding', 'Content-Encoding': 'gzip', 'CF-Cache-Status': 'DYNAMIC', 'Report-To': '{"endpoints":[{"url":"https:\\/\\/a.nel.cloudflare.com\\/report\\/v4?s=kaO%2BXJW7KfFR38njek%2BctneAEraTcNjI16OszGtmugxzFSpb7pMsK7FnHKnMm4VoQw2%2B7Bukb2mlnaCF2%2Bbz8Y69H5ozhmN65QlDwfKrbuj%2BdApmd9unZhEf8mhjPOVB"}],"group":"cf-nel","max_age":604800}', 'NEL': '{"success_fraction":0,"report_to":"cf-nel","max_age":604800}', 'Server': 'cloudflare', 'CF-RAY': '8a31e7a488a3631e-ORD', 'alt-svc': 'h3=":443"; ma=86400'} 
 body={"results":[{"gender":"female","name":{"title":"Mrs","first":"Ilona","last":"Aalto"},"location":{"street":{"number":3400,"name":"Itsenäisyydenkatu"},"city":"Hausjärvi","state":"Finland Proper","country":"Finland","postcode":83073,"coordinates":{"latitude":"-28.6533","longitude":"139.0578"},"timezone":{"offset":"-9:00","description":"Alaska"}},"email":"ilona.aalto@example.com","login":{"uuid":"60515412-ccdc-4a02-8d29-e2b7bf783d9c","username":"purplewolf251","password":"bollox","salt":"U3XObiH3","md5":"3703bacb4e61aedf2192952ea5d3eebf","sha1":"29a9fa458cbbcc2d22869f291a2bca7267c43778","sha256":"0df00ab716643407afad8ef8cc44ea6dad895c173915ff5c177387eaff8c31dc"},"dob":{"date":"1987-03-05T12:59:13.546Z","age":37},"registered":{"date":"2011-02-24T12:04:53.240Z","age":13},"phone":"09-452-857","cell":"043-558-31-25","id":{"name":"HETU","value":"NaNNA428undefined"},"picture":{"large":"https://randomuser.me/api/portraits/women/68.jpg","medium":"https://randomuser.me/api/portraits/med/women/68.jpg","thumbnail":"https://randomuser.me/api/portraits/thumb/women/68.jpg"},"nat":"FI"}],"info":{"seed":"47ba41cf33e2c9d4","results":1,"page":1,"version":"1.4"}} 
 </msg>
<msg time="2024-07-14T13:36:59.704630" level="INFO">/opt/hostedtoolcache/Python/3.12.4/x64/lib/python3.12/site-packages/urllib3/connectionpool.py:1099: InsecureRequestWarning: Unverified HTTPS request is being made to host 'randomuser.me'. Adding certificate verification is strongly advised. See: https://urllib3.readthedocs.io/en/latest/advanced-usage.html#tls-warnings
  warnings.warn(</msg>
<msg time="2024-07-14T13:36:59.704753" level="INFO">${response} = &lt;Response [200]&gt;</msg>
<var>${response}</var>
<arg>consultarAPI</arg>
<arg>/api</arg>
<doc>Sends a GET request on a previously created HTTP Session.</doc>
<status status="PASS" start="2024-07-14T13:36:59.606815" elapsed="0.097966"/>
</kw>
<kw name="Set Variable" owner="BuiltIn">
<msg time="2024-07-14T13:36:59.705927" level="INFO">${json_data} = {'results': [{'gender': 'female', 'name': {'title': 'Mrs', 'first': 'Ilona', 'last': 'Aalto'}, 'location': {'street': {'number': 3400, 'name': 'Itsenäisyydenkatu'}, 'city': 'Hausjärvi', 'state': 'Finl...</msg>
<var>${json_data}</var>
<arg>${response.json()}</arg>
<doc>Returns the given values which can then be assigned to a variables.</doc>
<status status="PASS" start="2024-07-14T13:36:59.705347" elapsed="0.000611"/>
</kw>
<kw name="Log" owner="BuiltIn">
<msg time="2024-07-14T13:36:59.706437" level="INFO">{'results': [{'gender': 'female', 'name': {'title': 'Mrs', 'first': 'Ilona', 'last': 'Aalto'}, 'location': {'street': {'number': 3400, 'name': 'Itsenäisyydenkatu'}, 'city': 'Hausjärvi', 'state': 'Finland Proper', 'country': 'Finland', 'postcode': 83073, 'coordinates': {'latitude': '-28.6533', 'longitude': '139.0578'}, 'timezone': {'offset': '-9:00', 'description': 'Alaska'}}, 'email': 'ilona.aalto@example.com', 'login': {'uuid': '60515412-ccdc-4a02-8d29-e2b7bf783d9c', 'username': 'purplewolf251', 'password': 'bollox', 'salt': 'U3XObiH3', 'md5': '3703bacb4e61aedf2192952ea5d3eebf', 'sha1': '29a9fa458cbbcc2d22869f291a2bca7267c43778', 'sha256': '0df00ab716643407afad8ef8cc44ea6dad895c173915ff5c177387eaff8c31dc'}, 'dob': {'date': '1987-03-05T12:59:13.546Z', 'age': 37}, 'registered': {'date': '2011-02-24T12:04:53.240Z', 'age': 13}, 'phone': '09-452-857', 'cell': '043-558-31-25', 'id': {'name': 'HETU', 'value': 'NaNNA428undefined'}, 'picture': {'large': 'https://randomuser.me/api/portraits/women/68.jpg', 'medium': 'https://randomuser.me/api/portraits/med/women/68.jpg', 'thumbnail': 'https://randomuser.me/api/portraits/thumb/women/68.jpg'}, 'nat': 'FI'}], 'info': {'seed': '47ba41cf33e2c9d4', 'results': 1, 'page': 1, 'version': '1.4'}}</msg>
<arg>${json_data}</arg>
<doc>Logs the given message with the given level.</doc>
<status status="PASS" start="2024-07-14T13:36:59.706270" elapsed="0.000214"/>
</kw>
<kw name="Should Be Equal As Numbers" owner="BuiltIn">
<arg>${json_data['results'][0]['location']['postcode']}</arg>
<arg>${json_data['results'][0]['location']['postcode']}</arg>
<doc>Fails if objects are unequal after converting them to real numbers.</doc>
<status status="PASS" start="2024-07-14T13:36:59.706781" elapsed="0.000624"/>
</kw>
<kw name="Log" owner="BuiltIn">
<msg time="2024-07-14T13:36:59.707931" level="INFO">83073</msg>
<arg>${json_data['results'][0]['location']['postcode']}</arg>
<doc>Logs the given message with the given level.</doc>
<status status="PASS" start="2024-07-14T13:36:59.707597" elapsed="0.000374"/>
</kw>
<status status="PASS" start="2024-07-14T13:36:59.606586" elapsed="0.101670"/>
</kw>
<doc>Testa se os tipos de dados na resposta da API estão corretos.</doc>
<tag>testeTiposDados</tag>
<status status="PASS" start="2024-07-14T13:36:59.519237" elapsed="0.189194"/>
</test>
<test id="s1-s1-t5" name="Validar conteudo" line="35">
<kw name="Teste de Tipos de Conteudo" owner="random-user-service">
<kw name="GET On Session" owner="RequestsLibrary">
<msg time="2024-07-14T13:36:59.800084" level="INFO">GET Request : url=https://randomuser.me/api 
 path_url=/api 
 headers={'User-Agent': 'python-requests/2.32.3', 'Accept-Encoding': 'gzip, deflate', 'Accept': '*/*', 'Connection': 'keep-alive'} 
 body=None 
 </msg>
<msg time="2024-07-14T13:36:59.800190" level="INFO">GET Response : url=https://randomuser.me/api 
 status=200, reason=OK 
 headers={'Date': 'Sun, 14 Jul 2024 13:36:59 GMT', 'Content-Type': 'application/json; charset=utf-8', 'Transfer-Encoding': 'chunked', 'Connection': 'keep-alive', 'X-Powered-By': 'Express', 'Access-Control-Allow-Origin': '*', 'Cache-Control': 'no-cache', 'ETag': 'W/"4a4-IjQ7iN2d39jd0wmBR4TN80zSQHM"', 'Vary': 'Accept-Encoding', 'Content-Encoding': 'gzip', 'CF-Cache-Status': 'DYNAMIC', 'Report-To': '{"endpoints":[{"url":"https:\\/\\/a.nel.cloudflare.com\\/report\\/v4?s=Kn2JjowYOucT%2FKJ2sWU27pPO8UWcrr4kX2tVNs%2FfNgjG0M4YaaSc9E9Qxo91QwM8J4WOJ%2BqxdgTX2fvSihpNDX9k8t02Nh7%2FGunDx1GV8TfsaTnuVc64UL24j63EyIwD"}],"group":"cf-nel","max_age":604800}', 'NEL': '{"success_fraction":0,"report_to":"cf-nel","max_age":604800}', 'Server': 'cloudflare', 'CF-RAY': '8a31e7a5391c631e-ORD', 'alt-svc': 'h3=":443"; ma=86400'} 
 body={"results":[{"gender":"female","name":{"title":"Miss","first":"Amanda","last":"Shaw"},"location":{"street":{"number":4879,"name":"Bridge Road"},"city":"Preston","state":"Northumberland","country":"United Kingdom","postcode":"TT2 8UB","coordinates":{"latitude":"-4.5326","longitude":"146.4304"},"timezone":{"offset":"-3:00","description":"Brazil, Buenos Aires, Georgetown"}},"email":"amanda.shaw@example.com","login":{"uuid":"0d4571ab-075e-4b87-95d0-e631af386cdb","username":"beautifultiger485","password":"snake1","salt":"Bw5RFBxv","md5":"566727324ec9fd6120279a8e944070eb","sha1":"fbcf7089c49a0f6eeb32b74a84b4c782f2edb29b","sha256":"7772f93e8a3272fb58e707fced99a553fb615ff9ce02900f23764714e4e84760"},"dob":{"date":"1958-06-25T12:24:11.648Z","age":66},"registered":{"date":"2003-12-27T02:13:37.789Z","age":20},"phone":"013873 48164","cell":"07167 252645","id":{"name":"NINO","value":"CL 07 82 35 F"},"picture":{"large":"https://randomuser.me/api/portraits/women/63.jpg","medium":"https://randomuser.me/api/portraits/med/women/63.jpg","thumbnail":"https://randomuser.me/api/portraits/thumb/women/63.jpg"},"nat":"GB"}],"info":{"seed":"e7ea3804a7984e24","results":1,"page":1,"version":"1.4"}} 
 </msg>
<msg time="2024-07-14T13:36:59.800286" level="INFO">/opt/hostedtoolcache/Python/3.12.4/x64/lib/python3.12/site-packages/urllib3/connectionpool.py:1099: InsecureRequestWarning: Unverified HTTPS request is being made to host 'randomuser.me'. Adding certificate verification is strongly advised. See: https://urllib3.readthedocs.io/en/latest/advanced-usage.html#tls-warnings
  warnings.warn(</msg>
<msg time="2024-07-14T13:36:59.800431" level="INFO">${response} = &lt;Response [200]&gt;</msg>
<var>${response}</var>
<arg>consultarAPI</arg>
<arg>/api</arg>
<doc>Sends a GET request on a previously created HTTP Session.</doc>
<status status="PASS" start="2024-07-14T13:36:59.711196" elapsed="0.089285"/>
</kw>
<kw name="Set Variable" owner="BuiltIn">
<msg time="2024-07-14T13:36:59.801672" level="INFO">${json_data} = {'results': [{'gender': 'female', 'name': {'title': 'Miss', 'first': 'Amanda', 'last': 'Shaw'}, 'location': {'street': {'number': 4879, 'name': 'Bridge Road'}, 'city': 'Preston', 'state': 'Northumberl...</msg>
<var>${json_data}</var>
<arg>${response.json()}</arg>
<doc>Returns the given values which can then be assigned to a variables.</doc>
<status status="PASS" start="2024-07-14T13:36:59.801111" elapsed="0.000590"/>
</kw>
<kw name="Set Variable" owner="BuiltIn">
<msg time="2024-07-14T13:36:59.802425" level="INFO">${name_title} = Miss</msg>
<var>${name_title}</var>
<arg>${json_data["results"][0]["name"]["title"]}</arg>
<doc>Returns the given values which can then be assigned to a variables.</doc>
<status status="PASS" start="2024-07-14T13:36:59.802041" elapsed="0.000410"/>
</kw>
<kw name="Create List" owner="BuiltIn">
<msg time="2024-07-14T13:36:59.802894" level="INFO">${allowed_titles} = ['Mr', 'Ms', 'Miss', 'Mrs', 'Madame', 'Monsieur']</msg>
<var>${allowed_titles}</var>
<arg>Mr</arg>
<arg>Ms</arg>
<arg>Miss</arg>
<arg>Mrs</arg>
<arg>Madame</arg>
<arg>Monsieur</arg>
<doc>Returns a list containing given items.</doc>
<status status="PASS" start="2024-07-14T13:36:59.802746" elapsed="0.000172"/>
</kw>
<kw name="List Should Contain Value" owner="Collections">
<arg>${allowed_titles}</arg>
<arg>${name_title}</arg>
<doc>Fails if the ``value`` is not found from ``list``.</doc>
<status status="PASS" start="2024-07-14T13:36:59.803212" elapsed="0.000177"/>
</kw>
<kw name="Set Variable" owner="BuiltIn">
<msg time="2024-07-14T13:36:59.803924" level="INFO">${name_country} = GB</msg>
<var>${name_country}</var>
<arg>${json_data["results"][0]["nat"]}</arg>
<doc>Returns the given values which can then be assigned to a variables.</doc>
<status status="PASS" start="2024-07-14T13:36:59.803565" elapsed="0.000384"/>
</kw>
<kw name="Create List" owner="BuiltIn">
<msg time="2024-07-14T13:36:59.804830" level="INFO">${list_country} = ['AD', 'AE', 'AF', 'AG', 'AI', 'AL', 'AM', 'AO', 'AQ', 'AR', 'AS', 'AT', 'AU', 'AW', 'AX', 'AZ', 'BA', 'BB', 'BD', 'BE', 'BF', 'BG', 'BH', 'BI', 'BJ', 'BL', 'BM', 'BN', 'BO', 'BQ', 'BR', 'BS', 'BT', '...</msg>
<var>${list_country}</var>
<arg>AD</arg>
<arg>AE</arg>
<arg>AF</arg>
<arg>AG</arg>
<arg>AI</arg>
<arg>AL</arg>
<arg>AM</arg>
<arg>AO</arg>
<arg>AQ</arg>
<arg>AR</arg>
<arg>AS</arg>
<arg>AT</arg>
<arg>AU</arg>
<arg>AW</arg>
<arg>AX</arg>
<arg>AZ</arg>
<arg>BA</arg>
<arg>BB</arg>
<arg>BD</arg>
<arg>BE</arg>
<arg>BF</arg>
<arg>BG</arg>
<arg>BH</arg>
<arg>BI</arg>
<arg>BJ</arg>
<arg>BL</arg>
<arg>BM</arg>
<arg>BN</arg>
<arg>BO</arg>
<arg>BQ</arg>
<arg>BR</arg>
<arg>BS</arg>
<arg>BT</arg>
<arg>BV</arg>
<arg>BW</arg>
<arg>BY</arg>
<arg>BZ</arg>
<arg>CA</arg>
<arg>CC</arg>
<arg>CD</arg>
<arg>CF</arg>
<arg>CG</arg>
<arg>CH</arg>
<arg>CI</arg>
<arg>CK</arg>
<arg>CL</arg>
<arg>CM</arg>
<arg>CN</arg>
<arg>CO</arg>
<arg>CR</arg>
<arg>CU</arg>
<arg>CV</arg>
<arg>CW</arg>
<arg>CX</arg>
<arg>CY</arg>
<arg>CZ</arg>
<arg>DE</arg>
<arg>DJ</arg>
<arg>DK</arg>
<arg>DM</arg>
<arg>DO</arg>
<arg>DZ</arg>
<arg>EC</arg>
<arg>EE</arg>
<arg>EG</arg>
<arg>EH</arg>
<arg>ER</arg>
<arg>ES</arg>
<arg>ET</arg>
<arg>FI</arg>
<arg>FJ</arg>
<arg>FK</arg>
<arg>FM</arg>
<arg>FO</arg>
<arg>FR</arg>
<arg>GA</arg>
<arg>GB</arg>
<arg>GD</arg>
<arg>GE</arg>
<arg>GF</arg>
<arg>GG</arg>
<arg>GH</arg>
<arg>GI</arg>
<arg>GL</arg>
<arg>GM</arg>
<arg>GN</arg>
<arg>GP</arg>
<arg>GQ</arg>
<arg>GR</arg>
<arg>GS</arg>
<arg>GT</arg>
<arg>GU</arg>
<arg>GW</arg>
<arg>GY</arg>
<arg>HK</arg>
<arg>HM</arg>
<arg>HN</arg>
<arg>HR</arg>
<arg>HT</arg>
<arg>HU</arg>
<arg>ID</arg>
<arg>IE</arg>
<arg>IL</arg>
<arg>IM</arg>
<arg>IN</arg>
<arg>IO</arg>
<arg>IQ</arg>
<arg>IR</arg>
<arg>IS</arg>
<arg>IT</arg>
<arg>JE</arg>
<arg>JM</arg>
<arg>JO</arg>
<arg>JP</arg>
<arg>KE</arg>
<arg>KG</arg>
<arg>KH</arg>
<arg>KI</arg>
<arg>KM</arg>
<arg>KN</arg>
<arg>KP</arg>
<arg>KR</arg>
<arg>KW</arg>
<arg>KY</arg>
<arg>KZ</arg>
<arg>LA</arg>
<arg>LB</arg>
<arg>LC</arg>
<arg>LI</arg>
<arg>LK</arg>
<arg>LR</arg>
<arg>LS</arg>
<arg>LT</arg>
<arg>LU</arg>
<arg>LV</arg>
<arg>LY</arg>
<arg>MA</arg>
<arg>MC</arg>
<arg>MD</arg>
<arg>ME</arg>
<arg>MF</arg>
<arg>MG</arg>
<arg>MH</arg>
<arg>MK</arg>
<arg>ML</arg>
<arg>MM</arg>
<arg>MN</arg>
<arg>MO</arg>
<arg>MP</arg>
<arg>MQ</arg>
<arg>MR</arg>
<arg>MS</arg>
<arg>MT</arg>
<arg>MU</arg>
<arg>MV</arg>
<arg>MW</arg>
<arg>MX</arg>
<arg>MY</arg>
<arg>MZ</arg>
<arg>NA</arg>
<arg>NC</arg>
<arg>NE</arg>
<arg>NF</arg>
<arg>NG</arg>
<arg>NI</arg>
<arg>NL</arg>
<arg>NO</arg>
<arg>NP</arg>
<arg>NR</arg>
<arg>NU</arg>
<arg>NZ</arg>
<arg>OM</arg>
<arg>PA</arg>
<arg>PE</arg>
<arg>PF</arg>
<arg>PG</arg>
<arg>PH</arg>
<arg>PK</arg>
<arg>PL</arg>
<arg>PM</arg>
<arg>PN</arg>
<arg>PR</arg>
<arg>PS</arg>
<arg>PT</arg>
<arg>PW</arg>
<arg>PY</arg>
<arg>QA</arg>
<arg>RE</arg>
<arg>RO</arg>
<arg>RS</arg>
<arg>RU</arg>
<arg>RW</arg>
<arg>SA</arg>
<arg>SB</arg>
<arg>SC</arg>
<arg>SD</arg>
<arg>SE</arg>
<arg>SG</arg>
<arg>SH</arg>
<arg>SI</arg>
<arg>SJ</arg>
<arg>SK</arg>
<arg>SL</arg>
<arg>SM</arg>
<arg>SN</arg>
<arg>SO</arg>
<arg>SR</arg>
<arg>SS</arg>
<arg>ST</arg>
<arg>SV</arg>
<arg>SX</arg>
<arg>SY</arg>
<arg>SZ</arg>
<arg>TC</arg>
<arg>TD</arg>
<arg>TF</arg>
<arg>TG</arg>
<arg>TH</arg>
<arg>TJ</arg>
<arg>TK</arg>
<arg>TL</arg>
<arg>TM</arg>
<arg>TN</arg>
<arg>TO</arg>
<arg>TR</arg>
<arg>TT</arg>
<arg>TV</arg>
<arg>TW</arg>
<arg>TZ</arg>
<arg>UA</arg>
<arg>UG</arg>
<arg>UM</arg>
<arg>US</arg>
<arg>UY</arg>
<arg>UZ</arg>
<arg>VA</arg>
<arg>VC</arg>
<arg>VE</arg>
<arg>VG</arg>
<arg>VI</arg>
<arg>VN</arg>
<arg>VU</arg>
<arg>WF</arg>
<arg>WS</arg>
<arg>XK</arg>
<arg>YE</arg>
<arg>YT</arg>
<arg>ZA</arg>
<arg>ZM</arg>
<arg>ZW</arg>
<doc>Returns a list containing given items.</doc>
<status status="PASS" start="2024-07-14T13:36:59.804241" elapsed="0.000614"/>
</kw>
<kw name="List Should Contain Value" owner="Collections">
<arg>${list_country}</arg>
<arg>${name_country}</arg>
<doc>Fails if the ``value`` is not found from ``list``.</doc>
<status status="PASS" start="2024-07-14T13:36:59.805648" elapsed="0.000239"/>
</kw>
<kw name="Run Keyword If" owner="BuiltIn">
<kw name="Should Be True" owner="BuiltIn">
<arg>${True}</arg>
<doc>Fails if the given condition is not true.</doc>
<status status="PASS" start="2024-07-14T13:36:59.806838" elapsed="0.000141"/>
</kw>
<arg>${json_data["results"][0]["location"]["coordinates"]["latitude"]} &gt;= -90 and ${json_data["results"][0]["location"]["coordinates"]["latitude"]} &lt;= 90</arg>
<arg>Should Be True</arg>
<arg>${True}</arg>
<doc>Runs the given keyword with the given arguments, if ``condition`` is true.</doc>
<status status="PASS" start="2024-07-14T13:36:59.806095" elapsed="0.001008"/>
</kw>
<kw name="Run Keyword If" owner="BuiltIn">
<kw name="Should Be True" owner="BuiltIn">
<arg>${True}</arg>
<doc>Fails if the given condition is not true.</doc>
<status status="PASS" start="2024-07-14T13:36:59.807980" elapsed="0.000136"/>
</kw>
<arg>${json_data["results"][0]["location"]["coordinates"]["longitude"]} &gt;= -180 and ${json_data["results"][0]["location"]["coordinates"]["longitude"]} &lt;= 180</arg>
<arg>Should Be True</arg>
<arg>${True}</arg>
<doc>Runs the given keyword with the given arguments, if ``condition`` is true.</doc>
<status status="PASS" start="2024-07-14T13:36:59.807284" elapsed="0.000954"/>
</kw>
<status status="PASS" start="2024-07-14T13:36:59.710800" elapsed="0.097572"/>
</kw>
<doc>Testa o conteúdo específico dos campos retornados pela API.</doc>
<tag>testeConteudo</tag>
<status status="PASS" start="2024-07-14T13:36:59.710255" elapsed="0.098273"/>
</test>
<status status="PASS" start="2024-07-14T13:36:58.801490" elapsed="1.009060"/>
</suite>
<status status="PASS" start="2024-07-14T13:36:58.786860" elapsed="1.028874"/>
</suite>
<statistics>
<total>
<stat pass="5" fail="0" skip="0">All Tests</stat>
</total>
<tag>
<stat pass="1" fail="0" skip="0">testeConteudo</stat>
<stat pass="1" fail="0" skip="0">testeEstruturaResposta</stat>
<stat pass="1" fail="0" skip="0">testeRequisicaoBasica</stat>
<stat pass="1" fail="0" skip="0">testeTiposDados</stat>
</tag>
<suite>
<stat pass="5" fail="0" skip="0" id="s1" name="Tests">Tests</stat>
<stat pass="5" fail="0" skip="0" id="s1-s1" name="Random-User-Test">Tests.Random-User-Test</stat>
</suite>
</statistics>
<errors>
</errors>
</robot>
