<?xml version="1.0" encoding="UTF-8"?>
<robot generator="Robot 7.0 (Python 3.12.3 on linux)" generated="2024-04-20T21:12:23.510311" rpa="false" schemaversion="5">
<suite id="s1" name="Tests" source="/home/runner/work/DesafioQAItauRogerioJordao/DesafioQAItauRogerioJordao/RamdonUser/tests">
<suite id="s1-s1" name="Random-User-Test" source="/home/runner/work/DesafioQAItauRogerioJordao/DesafioQAItauRogerioJordao/RamdonUser/tests/random-user-test.robot">
<test id="s1-s1-t1" name="Conectar" line="13">
<kw name="Conectar API" owner="random-user-service">
<kw name="Create Session" owner="RequestsLibrary">
<msg time="2024-04-20T21:12:23.865613" level="INFO">Creating Session using : alias=consultarAPI, url=https://randomuser.me/, headers={},                     cookies={}, auth=None, timeout=None, proxies=None, verify=False,                     debug=0 </msg>
<arg>consultarAPI</arg>
<arg>${URL}</arg>
<doc>Create Session: create a HTTP session to a server</doc>
<status status="PASS" start="2024-04-20T21:12:23.865415" elapsed="0.000390"/>
</kw>
<status status="PASS" start="2024-04-20T21:12:23.864503" elapsed="0.001657"/>
</kw>
<status status="PASS" start="2024-04-20T21:12:23.863928" elapsed="0.002425"/>
</test>
<test id="s1-s1-t2" name="Validar retorno 200 e JSON Válido" line="16">
<kw name="Teste de Requisicao Basica" owner="random-user-service">
<kw name="GET On Session" owner="RequestsLibrary">
<msg time="2024-04-20T21:12:23.966911" level="INFO">GET Request : url=https://randomuser.me/api 
 path_url=/api 
 headers={'User-Agent': 'python-requests/2.31.0', 'Accept-Encoding': 'gzip, deflate', 'Accept': '*/*', 'Connection': 'keep-alive'} 
 body=None 
 </msg>
<msg time="2024-04-20T21:12:23.967053" level="INFO">GET Response : url=https://randomuser.me/api 
 status=200, reason=OK 
 headers={'Date': 'Sat, 20 Apr 2024 21:12:23 GMT', 'Content-Type': 'application/json; charset=utf-8', 'Transfer-Encoding': 'chunked', 'Connection': 'keep-alive', 'X-Powered-By': 'Express', 'Access-Control-Allow-Origin': '*', 'Cache-Control': 'no-cache', 'ETag': 'W/"484-zNdIKY4h2QtXalTYpnbr7ZVL3Ac"', 'Vary': 'Accept-Encoding', 'Content-Encoding': 'gzip', 'CF-Cache-Status': 'DYNAMIC', 'Report-To': '{"endpoints":[{"url":"https:\\/\\/a.nel.cloudflare.com\\/report\\/v4?s=eSkdIvRC8IynG4vSw%2BCit6zvh4Wx5f7GVDM5IyxH53PcwJJhrmigz4Sa5Fg3svyENFkRLzhC2Eb1ivWwgC2nCphi%2FkyczpisKeCI23OTBCJo1FFjqRPIj4Xzv7z6wHrP"}],"group":"cf-nel","max_age":604800}', 'NEL': '{"success_fraction":0,"report_to":"cf-nel","max_age":604800}', 'Server': 'cloudflare', 'CF-RAY': '877821dd6fed86fe-ORD', 'alt-svc': 'h3=":443"; ma=86400'} 
 body={"results":[{"gender":"male","name":{"title":"Mr","first":"Adem","last":"Poyrazoğlu"},"location":{"street":{"number":3680,"name":"Bağdat Cd"},"city":"Erzincan","state":"Sinop","country":"Turkey","postcode":37120,"coordinates":{"latitude":"64.6486","longitude":"-18.3120"},"timezone":{"offset":"+1:00","description":"Brussels, Copenhagen, Madrid, Paris"}},"email":"adem.poyrazoglu@example.com","login":{"uuid":"0a75d4b4-dd4c-4bdd-994f-29026e32534f","username":"brownzebra223","password":"moonshin","salt":"YZrWS2Z2","md5":"eaf5fa33444d11da5dc7e0b52adb4c16","sha1":"8e6b6363bd3fd2dbf1d5a81dd66acb90fd211fe3","sha256":"0597581d61b0c6fe84e97ae2109eab5f9eefc38e29b5eb55cc401cf1f93e34b3"},"dob":{"date":"1977-04-08T22:19:17.131Z","age":47},"registered":{"date":"2003-03-30T01:14:26.140Z","age":21},"phone":"(492)-132-2968","cell":"(819)-838-6727","id":{"name":"","value":null},"picture":{"large":"https://randomuser.me/api/portraits/men/15.jpg","medium":"https://randomuser.me/api/portraits/med/men/15.jpg","thumbnail":"https://randomuser.me/api/portraits/thumb/men/15.jpg"},"nat":"TR"}],"info":{"seed":"72562e350c2b6436","results":1,"page":1,"version":"1.4"}} 
 </msg>
<msg time="2024-04-20T21:12:23.967146" level="INFO">/opt/hostedtoolcache/Python/3.12.3/x64/lib/python3.12/site-packages/urllib3/connectionpool.py:1103: InsecureRequestWarning: Unverified HTTPS request is being made to host 'randomuser.me'. Adding certificate verification is strongly advised. See: https://urllib3.readthedocs.io/en/latest/advanced-usage.html#tls-warnings
  warnings.warn(</msg>
<msg time="2024-04-20T21:12:23.967304" level="INFO">${response} = &lt;Response [200]&gt;</msg>
<var>${response}</var>
<arg>consultarAPI</arg>
<arg>/api</arg>
<doc>Sends a GET request on a previously created HTTP Session.</doc>
<status status="PASS" start="2024-04-20T21:12:23.869043" elapsed="0.098295"/>
</kw>
<kw name="Should Be Equal As Numbers" owner="BuiltIn">
<msg time="2024-04-20T21:12:23.968184" level="INFO">Argument types are:
&lt;class 'int'&gt;
&lt;class 'str'&gt;</msg>
<arg>${response.status_code}</arg>
<arg>200</arg>
<doc>Fails if objects are unequal after converting them to real numbers.</doc>
<status status="PASS" start="2024-04-20T21:12:23.967742" elapsed="0.000508"/>
</kw>
<kw name="Log" owner="BuiltIn">
<msg time="2024-04-20T21:12:23.968955" level="INFO">200</msg>
<arg>${response.status_code}</arg>
<doc>Logs the given message with the given level.</doc>
<status status="PASS" start="2024-04-20T21:12:23.968601" elapsed="0.000397"/>
</kw>
<kw name="Set Variable" owner="BuiltIn">
<msg time="2024-04-20T21:12:23.969783" level="INFO">${json_data} = {'results': [{'gender': 'male', 'name': {'title': 'Mr', 'first': 'Adem', 'last': 'Poyrazoğlu'}, 'location': {'street': {'number': 3680, 'name': 'Bağdat Cd'}, 'city': 'Erzincan', 'state': 'Sinop', 'cou...</msg>
<var>${json_data}</var>
<arg>${response.json()}</arg>
<doc>Returns the given values which can then be assigned to a variables.</doc>
<status status="PASS" start="2024-04-20T21:12:23.969303" elapsed="0.000513"/>
</kw>
<kw name="Dictionary Should Contain Key" owner="Collections">
<msg time="2024-04-20T21:12:23.970290" level="INFO">False</msg>
<arg>${json_data}</arg>
<arg>results</arg>
<doc>Fails if ``key`` is not found from ``dictionary``.</doc>
<status status="PASS" start="2024-04-20T21:12:23.970121" elapsed="0.000209"/>
</kw>
<status status="PASS" start="2024-04-20T21:12:23.868787" elapsed="0.101797"/>
</kw>
<doc>Testa se a API responde corretamente e retorna um objeto JSON válido.</doc>
<tag>testeRequisicaoBasica</tag>
<status status="PASS" start="2024-04-20T21:12:23.868260" elapsed="0.102492"/>
</test>
<test id="s1-s1-t3" name="Validar estrutura de resposta" line="22">
<kw name="Teste de Estrutura de Resposta" owner="random-user-service">
<kw name="GET On Session" owner="RequestsLibrary">
<msg time="2024-04-20T21:12:24.056305" level="INFO">GET Request : url=https://randomuser.me/api 
 path_url=/api 
 headers={'User-Agent': 'python-requests/2.31.0', 'Accept-Encoding': 'gzip, deflate', 'Accept': '*/*', 'Connection': 'keep-alive'} 
 body=None 
 </msg>
<msg time="2024-04-20T21:12:24.056392" level="INFO">GET Response : url=https://randomuser.me/api 
 status=200, reason=OK 
 headers={'Date': 'Sat, 20 Apr 2024 21:12:24 GMT', 'Content-Type': 'application/json; charset=utf-8', 'Transfer-Encoding': 'chunked', 'Connection': 'keep-alive', 'X-Powered-By': 'Express', 'Access-Control-Allow-Origin': '*', 'Cache-Control': 'no-cache', 'ETag': 'W/"4ae-4OP5OF+Ki32d2Fns6tyyj92JB7M"', 'Vary': 'Accept-Encoding', 'Content-Encoding': 'gzip', 'CF-Cache-Status': 'DYNAMIC', 'Report-To': '{"endpoints":[{"url":"https:\\/\\/a.nel.cloudflare.com\\/report\\/v4?s=YICK27cei6onUs3fDDZdsVoNtisQWWAqxlzG45kE0cFr0nZbwvFC7lalmk0szSY5B72ZMO1oIMchmdi9LgzLqzU5%2F5XEoGylVxOCKxecij7yOO1UG9F5gTIoBm%2FC9pqn"}],"group":"cf-nel","max_age":604800}', 'NEL': '{"success_fraction":0,"report_to":"cf-nel","max_age":604800}', 'Server': 'cloudflare', 'CF-RAY': '877821ddd87b86fe-ORD', 'alt-svc': 'h3=":443"; ma=86400'} 
 body={"results":[{"gender":"female","name":{"title":"Mrs","first":"Alice","last":"Mendoza"},"location":{"street":{"number":3551,"name":"Albert Road"},"city":"Nottingham","state":"Grampian","country":"United Kingdom","postcode":"LL5Q 1RQ","coordinates":{"latitude":"-10.2702","longitude":"73.4629"},"timezone":{"offset":"+5:00","description":"Ekaterinburg, Islamabad, Karachi, Tashkent"}},"email":"alice.mendoza@example.com","login":{"uuid":"09aa5096-3b4d-431c-8f63-748474bd0aeb","username":"blueladybug355","password":"gretchen","salt":"Sr2ndWH7","md5":"57757ea9737a623ea4c932a5db8da9a2","sha1":"14c1a73a6925b65ea243d633260e8cd54ff3e231","sha256":"df69d928b608d99e1b6f33a562b718100143fc51ad759ac038aee7aa48c89bfe"},"dob":{"date":"1973-11-21T18:28:25.536Z","age":50},"registered":{"date":"2008-01-30T18:34:32.327Z","age":16},"phone":"013873 56426","cell":"07375 268323","id":{"name":"NINO","value":"KP 84 38 60 M"},"picture":{"large":"https://randomuser.me/api/portraits/women/46.jpg","medium":"https://randomuser.me/api/portraits/med/women/46.jpg","thumbnail":"https://randomuser.me/api/portraits/thumb/women/46.jpg"},"nat":"GB"}],"info":{"seed":"a8b51ff39e4e5af7","results":1,"page":1,"version":"1.4"}} 
 </msg>
<msg time="2024-04-20T21:12:24.056514" level="INFO">/opt/hostedtoolcache/Python/3.12.3/x64/lib/python3.12/site-packages/urllib3/connectionpool.py:1103: InsecureRequestWarning: Unverified HTTPS request is being made to host 'randomuser.me'. Adding certificate verification is strongly advised. See: https://urllib3.readthedocs.io/en/latest/advanced-usage.html#tls-warnings
  warnings.warn(</msg>
<msg time="2024-04-20T21:12:24.056665" level="INFO">${response} = &lt;Response [200]&gt;</msg>
<var>${response}</var>
<arg>consultarAPI</arg>
<arg>/api</arg>
<doc>Sends a GET request on a previously created HTTP Session.</doc>
<status status="PASS" start="2024-04-20T21:12:23.973664" elapsed="0.083057"/>
</kw>
<kw name="Set Variable" owner="BuiltIn">
<msg time="2024-04-20T21:12:24.057687" level="INFO">${json_data} = {'results': [{'gender': 'female', 'name': {'title': 'Mrs', 'first': 'Alice', 'last': 'Mendoza'}, 'location': {'street': {'number': 3551, 'name': 'Albert Road'}, 'city': 'Nottingham', 'state': 'Grampia...</msg>
<var>${json_data}</var>
<arg>${response.json()}</arg>
<doc>Returns the given values which can then be assigned to a variables.</doc>
<status status="PASS" start="2024-04-20T21:12:24.057228" elapsed="0.000523"/>
</kw>
<kw name="Log" owner="BuiltIn">
<msg time="2024-04-20T21:12:24.058229" level="INFO">{'results': [{'gender': 'female', 'name': {'title': 'Mrs', 'first': 'Alice', 'last': 'Mendoza'}, 'location': {'street': {'number': 3551, 'name': 'Albert Road'}, 'city': 'Nottingham', 'state': 'Grampian', 'country': 'United Kingdom', 'postcode': 'LL5Q 1RQ', 'coordinates': {'latitude': '-10.2702', 'longitude': '73.4629'}, 'timezone': {'offset': '+5:00', 'description': 'Ekaterinburg, Islamabad, Karachi, Tashkent'}}, 'email': 'alice.mendoza@example.com', 'login': {'uuid': '09aa5096-3b4d-431c-8f63-748474bd0aeb', 'username': 'blueladybug355', 'password': 'gretchen', 'salt': 'Sr2ndWH7', 'md5': '57757ea9737a623ea4c932a5db8da9a2', 'sha1': '14c1a73a6925b65ea243d633260e8cd54ff3e231', 'sha256': 'df69d928b608d99e1b6f33a562b718100143fc51ad759ac038aee7aa48c89bfe'}, 'dob': {'date': '1973-11-21T18:28:25.536Z', 'age': 50}, 'registered': {'date': '2008-01-30T18:34:32.327Z', 'age': 16}, 'phone': '013873 56426', 'cell': '07375 268323', 'id': {'name': 'NINO', 'value': 'KP 84 38 60 M'}, 'picture': {'large': 'https://randomuser.me/api/portraits/women/46.jpg', 'medium': 'https://randomuser.me/api/portraits/med/women/46.jpg', 'thumbnail': 'https://randomuser.me/api/portraits/thumb/women/46.jpg'}, 'nat': 'GB'}], 'info': {'seed': 'a8b51ff39e4e5af7', 'results': 1, 'page': 1, 'version': '1.4'}}</msg>
<arg>${json_data}</arg>
<doc>Logs the given message with the given level.</doc>
<status status="PASS" start="2024-04-20T21:12:24.058074" elapsed="0.000203"/>
</kw>
<kw name="Dictionary Should Contain Key" owner="Collections">
<msg time="2024-04-20T21:12:24.058729" level="INFO">False</msg>
<arg>${json_data}</arg>
<arg>results</arg>
<doc>Fails if ``key`` is not found from ``dictionary``.</doc>
<status status="PASS" start="2024-04-20T21:12:24.058570" elapsed="0.000197"/>
</kw>
<kw name="Should Not Be Empty" owner="BuiltIn">
<msg time="2024-04-20T21:12:24.059196" level="INFO">Length is 2.</msg>
<arg>${json_data}</arg>
<doc>Verifies that the given item is not empty.</doc>
<status status="PASS" start="2024-04-20T21:12:24.059061" elapsed="0.000296"/>
</kw>
<kw name="Create List" owner="BuiltIn">
<msg time="2024-04-20T21:12:24.059800" level="INFO">${expected_keys} = ['gender', 'name', 'location', 'email', 'login']</msg>
<var>${expected_keys}</var>
<arg>gender</arg>
<arg>name</arg>
<arg>location</arg>
<arg>email</arg>
<arg>login</arg>
<doc>Returns a list containing given items.</doc>
<status status="PASS" start="2024-04-20T21:12:24.059652" elapsed="0.000172"/>
</kw>
<for flavor="IN">
<iter>
<kw name="Dictionary Should Contain Key" owner="Collections">
<msg time="2024-04-20T21:12:24.060805" level="INFO">False</msg>
<arg>${json_data['results'][0]}</arg>
<arg>${key}</arg>
<doc>Fails if ``key`` is not found from ``dictionary``.</doc>
<status status="PASS" start="2024-04-20T21:12:24.060386" elapsed="0.000457"/>
</kw>
<kw name="Log" owner="BuiltIn">
<msg time="2024-04-20T21:12:24.061587" level="INFO">{'gender': 'female', 'name': {'title': 'Mrs', 'first': 'Alice', 'last': 'Mendoza'}, 'location': {'street': {'number': 3551, 'name': 'Albert Road'}, 'city': 'Nottingham', 'state': 'Grampian', 'country': 'United Kingdom', 'postcode': 'LL5Q 1RQ', 'coordinates': {'latitude': '-10.2702', 'longitude': '73.4629'}, 'timezone': {'offset': '+5:00', 'description': 'Ekaterinburg, Islamabad, Karachi, Tashkent'}}, 'email': 'alice.mendoza@example.com', 'login': {'uuid': '09aa5096-3b4d-431c-8f63-748474bd0aeb', 'username': 'blueladybug355', 'password': 'gretchen', 'salt': 'Sr2ndWH7', 'md5': '57757ea9737a623ea4c932a5db8da9a2', 'sha1': '14c1a73a6925b65ea243d633260e8cd54ff3e231', 'sha256': 'df69d928b608d99e1b6f33a562b718100143fc51ad759ac038aee7aa48c89bfe'}, 'dob': {'date': '1973-11-21T18:28:25.536Z', 'age': 50}, 'registered': {'date': '2008-01-30T18:34:32.327Z', 'age': 16}, 'phone': '013873 56426', 'cell': '07375 268323', 'id': {'name': 'NINO', 'value': 'KP 84 38 60 M'}, 'picture': {'large': 'https://randomuser.me/api/portraits/women/46.jpg', 'medium': 'https://randomuser.me/api/portraits/med/women/46.jpg', 'thumbnail': 'https://randomuser.me/api/portraits/thumb/women/46.jpg'}, 'nat': 'GB'}</msg>
<arg>${json_data['results'][0]}</arg>
<doc>Logs the given message with the given level.</doc>
<status status="PASS" start="2024-04-20T21:12:24.061145" elapsed="0.000506"/>
</kw>
<kw name="Log" owner="BuiltIn">
<msg time="2024-04-20T21:12:24.062102" level="INFO">gender</msg>
<arg>${key}</arg>
<doc>Logs the given message with the given level.</doc>
<status status="PASS" start="2024-04-20T21:12:24.061973" elapsed="0.000167"/>
</kw>
<var name="${key}">gender</var>
<status status="PASS" start="2024-04-20T21:12:24.060261" elapsed="0.002092"/>
</iter>
<iter>
<kw name="Dictionary Should Contain Key" owner="Collections">
<msg time="2024-04-20T21:12:24.063044" level="INFO">False</msg>
<arg>${json_data['results'][0]}</arg>
<arg>${key}</arg>
<doc>Fails if ``key`` is not found from ``dictionary``.</doc>
<status status="PASS" start="2024-04-20T21:12:24.062659" elapsed="0.000457"/>
</kw>
<kw name="Log" owner="BuiltIn">
<msg time="2024-04-20T21:12:24.063786" level="INFO">{'gender': 'female', 'name': {'title': 'Mrs', 'first': 'Alice', 'last': 'Mendoza'}, 'location': {'street': {'number': 3551, 'name': 'Albert Road'}, 'city': 'Nottingham', 'state': 'Grampian', 'country': 'United Kingdom', 'postcode': 'LL5Q 1RQ', 'coordinates': {'latitude': '-10.2702', 'longitude': '73.4629'}, 'timezone': {'offset': '+5:00', 'description': 'Ekaterinburg, Islamabad, Karachi, Tashkent'}}, 'email': 'alice.mendoza@example.com', 'login': {'uuid': '09aa5096-3b4d-431c-8f63-748474bd0aeb', 'username': 'blueladybug355', 'password': 'gretchen', 'salt': 'Sr2ndWH7', 'md5': '57757ea9737a623ea4c932a5db8da9a2', 'sha1': '14c1a73a6925b65ea243d633260e8cd54ff3e231', 'sha256': 'df69d928b608d99e1b6f33a562b718100143fc51ad759ac038aee7aa48c89bfe'}, 'dob': {'date': '1973-11-21T18:28:25.536Z', 'age': 50}, 'registered': {'date': '2008-01-30T18:34:32.327Z', 'age': 16}, 'phone': '013873 56426', 'cell': '07375 268323', 'id': {'name': 'NINO', 'value': 'KP 84 38 60 M'}, 'picture': {'large': 'https://randomuser.me/api/portraits/women/46.jpg', 'medium': 'https://randomuser.me/api/portraits/med/women/46.jpg', 'thumbnail': 'https://randomuser.me/api/portraits/thumb/women/46.jpg'}, 'nat': 'GB'}</msg>
<arg>${json_data['results'][0]}</arg>
<doc>Logs the given message with the given level.</doc>
<status status="PASS" start="2024-04-20T21:12:24.063416" elapsed="0.000418"/>
</kw>
<kw name="Log" owner="BuiltIn">
<msg time="2024-04-20T21:12:24.064254" level="INFO">name</msg>
<arg>${key}</arg>
<doc>Logs the given message with the given level.</doc>
<status status="PASS" start="2024-04-20T21:12:24.064128" elapsed="0.000163"/>
</kw>
<var name="${key}">name</var>
<status status="PASS" start="2024-04-20T21:12:24.062541" elapsed="0.001965"/>
</iter>
<iter>
<kw name="Dictionary Should Contain Key" owner="Collections">
<msg time="2024-04-20T21:12:24.065183" level="INFO">False</msg>
<arg>${json_data['results'][0]}</arg>
<arg>${key}</arg>
<doc>Fails if ``key`` is not found from ``dictionary``.</doc>
<status status="PASS" start="2024-04-20T21:12:24.064796" elapsed="0.000424"/>
</kw>
<kw name="Log" owner="BuiltIn">
<msg time="2024-04-20T21:12:24.065922" level="INFO">{'gender': 'female', 'name': {'title': 'Mrs', 'first': 'Alice', 'last': 'Mendoza'}, 'location': {'street': {'number': 3551, 'name': 'Albert Road'}, 'city': 'Nottingham', 'state': 'Grampian', 'country': 'United Kingdom', 'postcode': 'LL5Q 1RQ', 'coordinates': {'latitude': '-10.2702', 'longitude': '73.4629'}, 'timezone': {'offset': '+5:00', 'description': 'Ekaterinburg, Islamabad, Karachi, Tashkent'}}, 'email': 'alice.mendoza@example.com', 'login': {'uuid': '09aa5096-3b4d-431c-8f63-748474bd0aeb', 'username': 'blueladybug355', 'password': 'gretchen', 'salt': 'Sr2ndWH7', 'md5': '57757ea9737a623ea4c932a5db8da9a2', 'sha1': '14c1a73a6925b65ea243d633260e8cd54ff3e231', 'sha256': 'df69d928b608d99e1b6f33a562b718100143fc51ad759ac038aee7aa48c89bfe'}, 'dob': {'date': '1973-11-21T18:28:25.536Z', 'age': 50}, 'registered': {'date': '2008-01-30T18:34:32.327Z', 'age': 16}, 'phone': '013873 56426', 'cell': '07375 268323', 'id': {'name': 'NINO', 'value': 'KP 84 38 60 M'}, 'picture': {'large': 'https://randomuser.me/api/portraits/women/46.jpg', 'medium': 'https://randomuser.me/api/portraits/med/women/46.jpg', 'thumbnail': 'https://randomuser.me/api/portraits/thumb/women/46.jpg'}, 'nat': 'GB'}</msg>
<arg>${json_data['results'][0]}</arg>
<doc>Logs the given message with the given level.</doc>
<status status="PASS" start="2024-04-20T21:12:24.065520" elapsed="0.000451"/>
</kw>
<kw name="Log" owner="BuiltIn">
<msg time="2024-04-20T21:12:24.066390" level="INFO">location</msg>
<arg>${key}</arg>
<doc>Logs the given message with the given level.</doc>
<status status="PASS" start="2024-04-20T21:12:24.066264" elapsed="0.000164"/>
</kw>
<var name="${key}">location</var>
<status status="PASS" start="2024-04-20T21:12:24.064685" elapsed="0.001953"/>
</iter>
<iter>
<kw name="Dictionary Should Contain Key" owner="Collections">
<msg time="2024-04-20T21:12:24.067313" level="INFO">False</msg>
<arg>${json_data['results'][0]}</arg>
<arg>${key}</arg>
<doc>Fails if ``key`` is not found from ``dictionary``.</doc>
<status status="PASS" start="2024-04-20T21:12:24.066925" elapsed="0.000426"/>
</kw>
<kw name="Log" owner="BuiltIn">
<msg time="2024-04-20T21:12:24.068008" level="INFO">{'gender': 'female', 'name': {'title': 'Mrs', 'first': 'Alice', 'last': 'Mendoza'}, 'location': {'street': {'number': 3551, 'name': 'Albert Road'}, 'city': 'Nottingham', 'state': 'Grampian', 'country': 'United Kingdom', 'postcode': 'LL5Q 1RQ', 'coordinates': {'latitude': '-10.2702', 'longitude': '73.4629'}, 'timezone': {'offset': '+5:00', 'description': 'Ekaterinburg, Islamabad, Karachi, Tashkent'}}, 'email': 'alice.mendoza@example.com', 'login': {'uuid': '09aa5096-3b4d-431c-8f63-748474bd0aeb', 'username': 'blueladybug355', 'password': 'gretchen', 'salt': 'Sr2ndWH7', 'md5': '57757ea9737a623ea4c932a5db8da9a2', 'sha1': '14c1a73a6925b65ea243d633260e8cd54ff3e231', 'sha256': 'df69d928b608d99e1b6f33a562b718100143fc51ad759ac038aee7aa48c89bfe'}, 'dob': {'date': '1973-11-21T18:28:25.536Z', 'age': 50}, 'registered': {'date': '2008-01-30T18:34:32.327Z', 'age': 16}, 'phone': '013873 56426', 'cell': '07375 268323', 'id': {'name': 'NINO', 'value': 'KP 84 38 60 M'}, 'picture': {'large': 'https://randomuser.me/api/portraits/women/46.jpg', 'medium': 'https://randomuser.me/api/portraits/med/women/46.jpg', 'thumbnail': 'https://randomuser.me/api/portraits/thumb/women/46.jpg'}, 'nat': 'GB'}</msg>
<arg>${json_data['results'][0]}</arg>
<doc>Logs the given message with the given level.</doc>
<status status="PASS" start="2024-04-20T21:12:24.067652" elapsed="0.000405"/>
</kw>
<kw name="Log" owner="BuiltIn">
<msg time="2024-04-20T21:12:24.068471" level="INFO">email</msg>
<arg>${key}</arg>
<doc>Logs the given message with the given level.</doc>
<status status="PASS" start="2024-04-20T21:12:24.068344" elapsed="0.000165"/>
</kw>
<var name="${key}">email</var>
<status status="PASS" start="2024-04-20T21:12:24.066814" elapsed="0.001906"/>
</iter>
<iter>
<kw name="Dictionary Should Contain Key" owner="Collections">
<msg time="2024-04-20T21:12:24.069392" level="INFO">False</msg>
<arg>${json_data['results'][0]}</arg>
<arg>${key}</arg>
<doc>Fails if ``key`` is not found from ``dictionary``.</doc>
<status status="PASS" start="2024-04-20T21:12:24.069007" elapsed="0.000423"/>
</kw>
<kw name="Log" owner="BuiltIn">
<msg time="2024-04-20T21:12:24.070122" level="INFO">{'gender': 'female', 'name': {'title': 'Mrs', 'first': 'Alice', 'last': 'Mendoza'}, 'location': {'street': {'number': 3551, 'name': 'Albert Road'}, 'city': 'Nottingham', 'state': 'Grampian', 'country': 'United Kingdom', 'postcode': 'LL5Q 1RQ', 'coordinates': {'latitude': '-10.2702', 'longitude': '73.4629'}, 'timezone': {'offset': '+5:00', 'description': 'Ekaterinburg, Islamabad, Karachi, Tashkent'}}, 'email': 'alice.mendoza@example.com', 'login': {'uuid': '09aa5096-3b4d-431c-8f63-748474bd0aeb', 'username': 'blueladybug355', 'password': 'gretchen', 'salt': 'Sr2ndWH7', 'md5': '57757ea9737a623ea4c932a5db8da9a2', 'sha1': '14c1a73a6925b65ea243d633260e8cd54ff3e231', 'sha256': 'df69d928b608d99e1b6f33a562b718100143fc51ad759ac038aee7aa48c89bfe'}, 'dob': {'date': '1973-11-21T18:28:25.536Z', 'age': 50}, 'registered': {'date': '2008-01-30T18:34:32.327Z', 'age': 16}, 'phone': '013873 56426', 'cell': '07375 268323', 'id': {'name': 'NINO', 'value': 'KP 84 38 60 M'}, 'picture': {'large': 'https://randomuser.me/api/portraits/women/46.jpg', 'medium': 'https://randomuser.me/api/portraits/med/women/46.jpg', 'thumbnail': 'https://randomuser.me/api/portraits/thumb/women/46.jpg'}, 'nat': 'GB'}</msg>
<arg>${json_data['results'][0]}</arg>
<doc>Logs the given message with the given level.</doc>
<status status="PASS" start="2024-04-20T21:12:24.069750" elapsed="0.000421"/>
</kw>
<kw name="Log" owner="BuiltIn">
<msg time="2024-04-20T21:12:24.070622" level="INFO">login</msg>
<arg>${key}</arg>
<doc>Logs the given message with the given level.</doc>
<status status="PASS" start="2024-04-20T21:12:24.070465" elapsed="0.000196"/>
</kw>
<var name="${key}">login</var>
<status status="PASS" start="2024-04-20T21:12:24.068894" elapsed="0.001989"/>
</iter>
<var>${key}</var>
<value>@{expected_keys}</value>
<status status="PASS" start="2024-04-20T21:12:24.060082" elapsed="0.010925"/>
</for>
<kw name="Create List" owner="BuiltIn">
<msg time="2024-04-20T21:12:24.071335" level="INFO">${expected_keysTwo} = ['username', 'password']</msg>
<var>${expected_keysTwo}</var>
<arg>username</arg>
<arg>password</arg>
<doc>Returns a list containing given items.</doc>
<status status="PASS" start="2024-04-20T21:12:24.071198" elapsed="0.000162"/>
</kw>
<for flavor="IN">
<iter>
<kw name="Dictionary Should Contain Key" owner="Collections">
<msg time="2024-04-20T21:12:24.072256" level="INFO">False</msg>
<arg>${json_data['results'][0]['login']}</arg>
<arg>${keyTwo}</arg>
<doc>Fails if ``key`` is not found from ``dictionary``.</doc>
<status status="PASS" start="2024-04-20T21:12:24.071860" elapsed="0.000436"/>
</kw>
<kw name="Dictionary Should Contain Key" owner="Collections">
<msg time="2024-04-20T21:12:24.072969" level="INFO">False</msg>
<arg>${json_data['results'][0]['login']}</arg>
<arg>${keyTwo}</arg>
<doc>Fails if ``key`` is not found from ``dictionary``.</doc>
<status status="PASS" start="2024-04-20T21:12:24.072589" elapsed="0.000418"/>
</kw>
<kw name="Log" owner="BuiltIn">
<msg time="2024-04-20T21:12:24.073425" level="INFO">username</msg>
<arg>${keyTwo}</arg>
<doc>Logs the given message with the given level.</doc>
<status status="PASS" start="2024-04-20T21:12:24.073298" elapsed="0.000170"/>
</kw>
<var name="${keyTwo}">username</var>
<status status="PASS" start="2024-04-20T21:12:24.071751" elapsed="0.001933"/>
</iter>
<iter>
<kw name="Dictionary Should Contain Key" owner="Collections">
<msg time="2024-04-20T21:12:24.074500" level="INFO">False</msg>
<arg>${json_data['results'][0]['login']}</arg>
<arg>${keyTwo}</arg>
<doc>Fails if ``key`` is not found from ``dictionary``.</doc>
<status status="PASS" start="2024-04-20T21:12:24.074032" elapsed="0.000508"/>
</kw>
<kw name="Dictionary Should Contain Key" owner="Collections">
<msg time="2024-04-20T21:12:24.075224" level="INFO">False</msg>
<arg>${json_data['results'][0]['login']}</arg>
<arg>${keyTwo}</arg>
<doc>Fails if ``key`` is not found from ``dictionary``.</doc>
<status status="PASS" start="2024-04-20T21:12:24.074840" elapsed="0.000422"/>
</kw>
<kw name="Log" owner="BuiltIn">
<msg time="2024-04-20T21:12:24.075685" level="INFO">password</msg>
<arg>${keyTwo}</arg>
<doc>Logs the given message with the given level.</doc>
<status status="PASS" start="2024-04-20T21:12:24.075557" elapsed="0.000166"/>
</kw>
<var name="${keyTwo}">password</var>
<status status="PASS" start="2024-04-20T21:12:24.073915" elapsed="0.002022"/>
</iter>
<var>${keyTwo}</var>
<value>@{expected_keysTwo}</value>
<status status="PASS" start="2024-04-20T21:12:24.071598" elapsed="0.004461"/>
</for>
<status status="PASS" start="2024-04-20T21:12:23.973327" elapsed="0.102867"/>
</kw>
<doc>Testa a estrutura da resposta da API.</doc>
<tag>testeEstruturaResposta</tag>
<status status="PASS" start="2024-04-20T21:12:23.972578" elapsed="0.103764"/>
</test>
<test id="s1-s1-t4" name="Validar tipos de dados" line="28">
<kw name="Teste de Tipos de Dados" owner="random-user-service">
<kw name="GET On Session" owner="RequestsLibrary">
<msg time="2024-04-20T21:12:24.156425" level="INFO">GET Request : url=https://randomuser.me/api 
 path_url=/api 
 headers={'User-Agent': 'python-requests/2.31.0', 'Accept-Encoding': 'gzip, deflate', 'Accept': '*/*', 'Connection': 'keep-alive'} 
 body=None 
 </msg>
<msg time="2024-04-20T21:12:24.156512" level="INFO">GET Response : url=https://randomuser.me/api 
 status=200, reason=OK 
 headers={'Date': 'Sat, 20 Apr 2024 21:12:24 GMT', 'Content-Type': 'application/json; charset=utf-8', 'Transfer-Encoding': 'chunked', 'Connection': 'keep-alive', 'X-Powered-By': 'Express', 'Access-Control-Allow-Origin': '*', 'Cache-Control': 'no-cache', 'ETag': 'W/"49f-inMKmY1S2Lvp4lVpHp6bs5/jcN0"', 'Vary': 'Accept-Encoding', 'Content-Encoding': 'gzip', 'CF-Cache-Status': 'DYNAMIC', 'Report-To': '{"endpoints":[{"url":"https:\\/\\/a.nel.cloudflare.com\\/report\\/v4?s=PG4Gt14gUWY5T%2Bbot%2BOC3aaIf6VWqLK%2FGhCFPFPstBJVBFPR4IBaELQECQo2aS8oFfvjYTtHZ4DDD2Y3dybf9mWNvdUmqSUuGUwmBoKIEBF3Xp1WJ26xfP2%2F3MbC6TWB"}],"group":"cf-nel","max_age":604800}', 'NEL': '{"success_fraction":0,"report_to":"cf-nel","max_age":604800}', 'Server': 'cloudflare', 'CF-RAY': '877821de894586fe-ORD', 'alt-svc': 'h3=":443"; ma=86400'} 
 body={"results":[{"gender":"male","name":{"title":"Mr","first":"Mile","last":"Ivančević"},"location":{"street":{"number":5036,"name":"Milinka Kušića"},"city":"Majdanpek","state":"North Bačka","country":"Serbia","postcode":43621,"coordinates":{"latitude":"60.8249","longitude":"-35.5278"},"timezone":{"offset":"-4:00","description":"Atlantic Time (Canada), Caracas, La Paz"}},"email":"mile.ivancevic@example.com","login":{"uuid":"73488765-8832-451e-849a-0b644f1e23be","username":"organicostrich142","password":"darklord","salt":"HGnivg3s","md5":"f197812e6be5430ba14b916edc7d972f","sha1":"235937dd6404801a0cd889aff43c98e76ebc26ac","sha256":"c918d5923124a2dcfb0ebb0196379a0eceb37f89163e46864d5e26ed529f4bc6"},"dob":{"date":"1985-06-09T13:14:46.039Z","age":38},"registered":{"date":"2009-11-27T04:37:19.260Z","age":14},"phone":"019-1811-784","cell":"068-2361-479","id":{"name":"SID","value":"845423225"},"picture":{"large":"https://randomuser.me/api/portraits/men/25.jpg","medium":"https://randomuser.me/api/portraits/med/men/25.jpg","thumbnail":"https://randomuser.me/api/portraits/thumb/men/25.jpg"},"nat":"RS"}],"info":{"seed":"2dbc005631706909","results":1,"page":1,"version":"1.4"}} 
 </msg>
<msg time="2024-04-20T21:12:24.156590" level="INFO">/opt/hostedtoolcache/Python/3.12.3/x64/lib/python3.12/site-packages/urllib3/connectionpool.py:1103: InsecureRequestWarning: Unverified HTTPS request is being made to host 'randomuser.me'. Adding certificate verification is strongly advised. See: https://urllib3.readthedocs.io/en/latest/advanced-usage.html#tls-warnings
  warnings.warn(</msg>
<msg time="2024-04-20T21:12:24.156692" level="INFO">${response} = &lt;Response [200]&gt;</msg>
<var>${response}</var>
<arg>consultarAPI</arg>
<arg>/api</arg>
<doc>Sends a GET request on a previously created HTTP Session.</doc>
<status status="PASS" start="2024-04-20T21:12:24.078890" elapsed="0.077845"/>
</kw>
<kw name="Set Variable" owner="BuiltIn">
<msg time="2024-04-20T21:12:24.157793" level="INFO">${json_data} = {'results': [{'gender': 'male', 'name': {'title': 'Mr', 'first': 'Mile', 'last': 'Ivančević'}, 'location': {'street': {'number': 5036, 'name': 'Milinka Kušića'}, 'city': 'Majdanpek', 'state': 'North B...</msg>
<var>${json_data}</var>
<arg>${response.json()}</arg>
<doc>Returns the given values which can then be assigned to a variables.</doc>
<status status="PASS" start="2024-04-20T21:12:24.157188" elapsed="0.000639"/>
</kw>
<kw name="Log" owner="BuiltIn">
<msg time="2024-04-20T21:12:24.158302" level="INFO">{'results': [{'gender': 'male', 'name': {'title': 'Mr', 'first': 'Mile', 'last': 'Ivančević'}, 'location': {'street': {'number': 5036, 'name': 'Milinka Kušića'}, 'city': 'Majdanpek', 'state': 'North Bačka', 'country': 'Serbia', 'postcode': 43621, 'coordinates': {'latitude': '60.8249', 'longitude': '-35.5278'}, 'timezone': {'offset': '-4:00', 'description': 'Atlantic Time (Canada), Caracas, La Paz'}}, 'email': 'mile.ivancevic@example.com', 'login': {'uuid': '73488765-8832-451e-849a-0b644f1e23be', 'username': 'organicostrich142', 'password': 'darklord', 'salt': 'HGnivg3s', 'md5': 'f197812e6be5430ba14b916edc7d972f', 'sha1': '235937dd6404801a0cd889aff43c98e76ebc26ac', 'sha256': 'c918d5923124a2dcfb0ebb0196379a0eceb37f89163e46864d5e26ed529f4bc6'}, 'dob': {'date': '1985-06-09T13:14:46.039Z', 'age': 38}, 'registered': {'date': '2009-11-27T04:37:19.260Z', 'age': 14}, 'phone': '019-1811-784', 'cell': '068-2361-479', 'id': {'name': 'SID', 'value': '845423225'}, 'picture': {'large': 'https://randomuser.me/api/portraits/men/25.jpg', 'medium': 'https://randomuser.me/api/portraits/med/men/25.jpg', 'thumbnail': 'https://randomuser.me/api/portraits/thumb/men/25.jpg'}, 'nat': 'RS'}], 'info': {'seed': '2dbc005631706909', 'results': 1, 'page': 1, 'version': '1.4'}}</msg>
<arg>${json_data}</arg>
<doc>Logs the given message with the given level.</doc>
<status status="PASS" start="2024-04-20T21:12:24.158143" elapsed="0.000241"/>
</kw>
<kw name="Should Be String" owner="String">
<arg>${json_data['results'][0]['gender']}</arg>
<doc>Fails if the given ``item`` is not a string.</doc>
<status status="PASS" start="2024-04-20T21:12:24.158755" elapsed="0.000432"/>
</kw>
<kw name="Should Match Regexp" owner="BuiltIn">
<arg>${json_data['results'][0]['email']}</arg>
<arg>^[a-zA-Z0-9._%+-]+@[a-zA-Z0-9.-]+\.[a-zA-Z]{2,}$</arg>
<doc>Fails if ``string`` does not match ``pattern`` as a regular expression.</doc>
<status status="PASS" start="2024-04-20T21:12:24.159385" elapsed="0.000512"/>
</kw>
<kw name="Should Match Regexp" owner="BuiltIn">
<arg>${json_data['results'][0]['dob']['date']}</arg>
<arg>\\d{4}-\\d{2}-\\d{2}T\\d{2}:\\d{2}:\\d{2}\\.\\d{3}Z</arg>
<doc>Fails if ``string`` does not match ``pattern`` as a regular expression.</doc>
<status status="PASS" start="2024-04-20T21:12:24.160096" elapsed="0.000487"/>
</kw>
<kw name="Should Match Regexp" owner="BuiltIn">
<arg>${json_data['results'][0]['registered']['date']}</arg>
<arg>\\d{4}-\\d{2}-\\d{2}T\\d{2}:\\d{2}:\\d{2}\\.\\d{3}Z</arg>
<doc>Fails if ``string`` does not match ``pattern`` as a regular expression.</doc>
<status status="PASS" start="2024-04-20T21:12:24.160777" elapsed="0.000373"/>
</kw>
<kw name="Should Match Regexp" owner="BuiltIn">
<arg>${json_data['results'][0]['picture']['large']}</arg>
<arg>^https?://.*\.(?:png|jpe?g|gif|bmp)$</arg>
<doc>Fails if ``string`` does not match ``pattern`` as a regular expression.</doc>
<status status="PASS" start="2024-04-20T21:12:24.161343" elapsed="0.000497"/>
</kw>
<kw name="Should Match Regexp" owner="BuiltIn">
<arg>${json_data['results'][0]['picture']['medium']}</arg>
<arg>^https?://.*\.(?:png|jpe?g|gif|bmp)$</arg>
<doc>Fails if ``string`` does not match ``pattern`` as a regular expression.</doc>
<status status="PASS" start="2024-04-20T21:12:24.162037" elapsed="0.000368"/>
</kw>
<kw name="Should Match Regexp" owner="BuiltIn">
<arg>${json_data['results'][0]['picture']['thumbnail']}</arg>
<arg>^https?://.*\.(?:png|jpe?g|gif|bmp)$</arg>
<doc>Fails if ``string`` does not match ``pattern`` as a regular expression.</doc>
<status status="PASS" start="2024-04-20T21:12:24.162595" elapsed="0.000350"/>
</kw>
<kw name="Log" owner="BuiltIn">
<msg time="2024-04-20T21:12:24.163444" level="INFO">{'large': 'https://randomuser.me/api/portraits/men/25.jpg', 'medium': 'https://randomuser.me/api/portraits/med/men/25.jpg', 'thumbnail': 'https://randomuser.me/api/portraits/thumb/men/25.jpg'}</msg>
<arg>${json_data['results'][0]['picture']}</arg>
<doc>Logs the given message with the given level.</doc>
<status status="PASS" start="2024-04-20T21:12:24.163124" elapsed="0.000361"/>
</kw>
<status status="PASS" start="2024-04-20T21:12:24.078665" elapsed="0.085071"/>
</kw>
<kw name="Teste de Tipos de Dados - Postcode" owner="random-user-service">
<kw name="GET On Session" owner="RequestsLibrary">
<msg time="2024-04-20T21:12:24.260994" level="INFO">GET Request : url=https://randomuser.me/api 
 path_url=/api 
 headers={'User-Agent': 'python-requests/2.31.0', 'Accept-Encoding': 'gzip, deflate', 'Accept': '*/*', 'Connection': 'keep-alive'} 
 body=None 
 </msg>
<msg time="2024-04-20T21:12:24.261080" level="INFO">GET Response : url=https://randomuser.me/api 
 status=200, reason=OK 
 headers={'Date': 'Sat, 20 Apr 2024 21:12:24 GMT', 'Content-Type': 'application/json; charset=utf-8', 'Transfer-Encoding': 'chunked', 'Connection': 'keep-alive', 'X-Powered-By': 'Express', 'Access-Control-Allow-Origin': '*', 'Cache-Control': 'no-cache', 'ETag': 'W/"4a6-h0qdDGzDqNX91opBaiMKJxfNRKc"', 'Vary': 'Accept-Encoding', 'Content-Encoding': 'gzip', 'CF-Cache-Status': 'DYNAMIC', 'Report-To': '{"endpoints":[{"url":"https:\\/\\/a.nel.cloudflare.com\\/report\\/v4?s=ZDYoYZR4IqLx77jD%2B1fI25Nb05F0QnNYq6rK64DRdLr2Vjv9VSSGL4ZQTR0K2gIlDVEfXlDhQ6nJxTjhl5pjrhb1a3ELaQH8tzvfuxCdmzXRx5eRLJazGFsYPtXcOtdE"}],"group":"cf-nel","max_age":604800}', 'NEL': '{"success_fraction":0,"report_to":"cf-nel","max_age":604800}', 'Server': 'cloudflare', 'CF-RAY': '877821df09f886fe-ORD', 'alt-svc': 'h3=":443"; ma=86400'} 
 body={"results":[{"gender":"female","name":{"title":"Ms","first":"Teresa","last":"Carrasco"},"location":{"street":{"number":5301,"name":"Calle del Barquillo"},"city":"San Sebastián","state":"País Vasco","country":"Spain","postcode":59980,"coordinates":{"latitude":"-32.3024","longitude":"58.5319"},"timezone":{"offset":"-6:00","description":"Central Time (US &amp; Canada), Mexico City"}},"email":"teresa.carrasco@example.com","login":{"uuid":"e2c38cbe-8593-493c-8912-c4cd286868a0","username":"blacksnake368","password":"airport","salt":"uLoLmYWL","md5":"852ae36d36e328c804db5d1e39fc82c2","sha1":"f578fc6ccc6203ea484ddfb363655cdd2da1b3de","sha256":"276d0526ea2ce35188cfe41a294c071e00aa3355f96aed816e9ebf097469d1fe"},"dob":{"date":"1987-03-29T16:16:56.182Z","age":37},"registered":{"date":"2019-07-15T04:15:43.518Z","age":4},"phone":"953-545-600","cell":"685-139-082","id":{"name":"DNI","value":"17062229-S"},"picture":{"large":"https://randomuser.me/api/portraits/women/17.jpg","medium":"https://randomuser.me/api/portraits/med/women/17.jpg","thumbnail":"https://randomuser.me/api/portraits/thumb/women/17.jpg"},"nat":"ES"}],"info":{"seed":"166e0d7b91f2a442","results":1,"page":1,"version":"1.4"}} 
 </msg>
<msg time="2024-04-20T21:12:24.261157" level="INFO">/opt/hostedtoolcache/Python/3.12.3/x64/lib/python3.12/site-packages/urllib3/connectionpool.py:1103: InsecureRequestWarning: Unverified HTTPS request is being made to host 'randomuser.me'. Adding certificate verification is strongly advised. See: https://urllib3.readthedocs.io/en/latest/advanced-usage.html#tls-warnings
  warnings.warn(</msg>
<msg time="2024-04-20T21:12:24.261275" level="INFO">${response} = &lt;Response [200]&gt;</msg>
<var>${response}</var>
<arg>consultarAPI</arg>
<arg>/api</arg>
<doc>Sends a GET request on a previously created HTTP Session.</doc>
<status status="PASS" start="2024-04-20T21:12:24.164176" elapsed="0.097157"/>
</kw>
<kw name="Set Variable" owner="BuiltIn">
<msg time="2024-04-20T21:12:24.262487" level="INFO">${json_data} = {'results': [{'gender': 'female', 'name': {'title': 'Ms', 'first': 'Teresa', 'last': 'Carrasco'}, 'location': {'street': {'number': 5301, 'name': 'Calle del Barquillo'}, 'city': 'San Sebastián', 'stat...</msg>
<var>${json_data}</var>
<arg>${response.json()}</arg>
<doc>Returns the given values which can then be assigned to a variables.</doc>
<status status="PASS" start="2024-04-20T21:12:24.261935" elapsed="0.000581"/>
</kw>
<kw name="Log" owner="BuiltIn">
<msg time="2024-04-20T21:12:24.262981" level="INFO">{'results': [{'gender': 'female', 'name': {'title': 'Ms', 'first': 'Teresa', 'last': 'Carrasco'}, 'location': {'street': {'number': 5301, 'name': 'Calle del Barquillo'}, 'city': 'San Sebastián', 'state': 'País Vasco', 'country': 'Spain', 'postcode': 59980, 'coordinates': {'latitude': '-32.3024', 'longitude': '58.5319'}, 'timezone': {'offset': '-6:00', 'description': 'Central Time (US &amp; Canada), Mexico City'}}, 'email': 'teresa.carrasco@example.com', 'login': {'uuid': 'e2c38cbe-8593-493c-8912-c4cd286868a0', 'username': 'blacksnake368', 'password': 'airport', 'salt': 'uLoLmYWL', 'md5': '852ae36d36e328c804db5d1e39fc82c2', 'sha1': 'f578fc6ccc6203ea484ddfb363655cdd2da1b3de', 'sha256': '276d0526ea2ce35188cfe41a294c071e00aa3355f96aed816e9ebf097469d1fe'}, 'dob': {'date': '1987-03-29T16:16:56.182Z', 'age': 37}, 'registered': {'date': '2019-07-15T04:15:43.518Z', 'age': 4}, 'phone': '953-545-600', 'cell': '685-139-082', 'id': {'name': 'DNI', 'value': '17062229-S'}, 'picture': {'large': 'https://randomuser.me/api/portraits/women/17.jpg', 'medium': 'https://randomuser.me/api/portraits/med/women/17.jpg', 'thumbnail': 'https://randomuser.me/api/portraits/thumb/women/17.jpg'}, 'nat': 'ES'}], 'info': {'seed': '166e0d7b91f2a442', 'results': 1, 'page': 1, 'version': '1.4'}}</msg>
<arg>${json_data}</arg>
<doc>Logs the given message with the given level.</doc>
<status status="PASS" start="2024-04-20T21:12:24.262827" elapsed="0.000234"/>
</kw>
<kw name="Should Be Equal As Numbers" owner="BuiltIn">
<arg>${json_data['results'][0]['location']['postcode']}</arg>
<arg>${json_data['results'][0]['location']['postcode']}</arg>
<doc>Fails if objects are unequal after converting them to real numbers.</doc>
<status status="PASS" start="2024-04-20T21:12:24.263493" elapsed="0.000617"/>
</kw>
<kw name="Log" owner="BuiltIn">
<msg time="2024-04-20T21:12:24.264643" level="INFO">59980</msg>
<arg>${json_data['results'][0]['location']['postcode']}</arg>
<doc>Logs the given message with the given level.</doc>
<status status="PASS" start="2024-04-20T21:12:24.264301" elapsed="0.000382"/>
</kw>
<status status="PASS" start="2024-04-20T21:12:24.163946" elapsed="0.100989"/>
</kw>
<doc>Testa se os tipos de dados na resposta da API estão corretos.</doc>
<tag>testeTiposDados</tag>
<status status="PASS" start="2024-04-20T21:12:24.078137" elapsed="0.186958"/>
</test>
<test id="s1-s1-t5" name="Validar conteudo" line="35">
<kw name="Teste de Tipos de Conteudo" owner="random-user-service">
<kw name="GET On Session" owner="RequestsLibrary">
<msg time="2024-04-20T21:12:24.356587" level="INFO">GET Request : url=https://randomuser.me/api 
 path_url=/api 
 headers={'User-Agent': 'python-requests/2.31.0', 'Accept-Encoding': 'gzip, deflate', 'Accept': '*/*', 'Connection': 'keep-alive'} 
 body=None 
 </msg>
<msg time="2024-04-20T21:12:24.356673" level="INFO">GET Response : url=https://randomuser.me/api 
 status=200, reason=OK 
 headers={'Date': 'Sat, 20 Apr 2024 21:12:24 GMT', 'Content-Type': 'application/json; charset=utf-8', 'Transfer-Encoding': 'chunked', 'Connection': 'keep-alive', 'X-Powered-By': 'Express', 'Access-Control-Allow-Origin': '*', 'Cache-Control': 'no-cache', 'ETag': 'W/"4a1-WD5efKEGZfOJOky+QNS7vbGNv8Q"', 'Vary': 'Accept-Encoding', 'Content-Encoding': 'gzip', 'CF-Cache-Status': 'DYNAMIC', 'Report-To': '{"endpoints":[{"url":"https:\\/\\/a.nel.cloudflare.com\\/report\\/v4?s=VZvtvnmDjHIR8n9juCmyTHFGwEs7b7Yj5B0YFx%2FBsYCb201Ke%2FjesrK6pdte80sPB2qAevm%2FpVdBp3RaR%2BIvwBJdyZ9jVuVTsl4fBP%2BU%2B79Cs1TrlClzRHsnP%2FfNoO2l"}],"group":"cf-nel","max_age":604800}', 'NEL': '{"success_fraction":0,"report_to":"cf-nel","max_age":604800}', 'Server': 'cloudflare', 'CF-RAY': '877821dfbb0286fe-ORD', 'alt-svc': 'h3=":443"; ma=86400'} 
 body={"results":[{"gender":"male","name":{"title":"Mr","first":"Borivoje","last":"Ognjanović"},"location":{"street":{"number":1428,"name":"Dimitrija Jovčića "},"city":"Rača","state":"South Bačka","country":"Serbia","postcode":77778,"coordinates":{"latitude":"56.9521","longitude":"-22.5553"},"timezone":{"offset":"-4:00","description":"Atlantic Time (Canada), Caracas, La Paz"}},"email":"borivoje.ognjanovic@example.com","login":{"uuid":"17422acc-0480-46e7-8036-5c67ebc3f801","username":"bluegorilla424","password":"1951","salt":"asGcz5Dt","md5":"1489d4ac034a14a44dde8f1752194308","sha1":"31831dd2e062599dce2347ae357d3ba41eb3265f","sha256":"a57b947b9cbcbc04ebf20e11b5c286621efec48740e0ed6e3a18d2e3eb400436"},"dob":{"date":"1987-05-22T00:29:17.217Z","age":36},"registered":{"date":"2010-07-01T02:22:48.453Z","age":13},"phone":"036-7295-009","cell":"062-6595-455","id":{"name":"SID","value":"201628544"},"picture":{"large":"https://randomuser.me/api/portraits/men/46.jpg","medium":"https://randomuser.me/api/portraits/med/men/46.jpg","thumbnail":"https://randomuser.me/api/portraits/thumb/men/46.jpg"},"nat":"RS"}],"info":{"seed":"059f983f726435ae","results":1,"page":1,"version":"1.4"}} 
 </msg>
<msg time="2024-04-20T21:12:24.356748" level="INFO">/opt/hostedtoolcache/Python/3.12.3/x64/lib/python3.12/site-packages/urllib3/connectionpool.py:1103: InsecureRequestWarning: Unverified HTTPS request is being made to host 'randomuser.me'. Adding certificate verification is strongly advised. See: https://urllib3.readthedocs.io/en/latest/advanced-usage.html#tls-warnings
  warnings.warn(</msg>
<msg time="2024-04-20T21:12:24.356865" level="INFO">${response} = &lt;Response [200]&gt;</msg>
<var>${response}</var>
<arg>consultarAPI</arg>
<arg>/api</arg>
<doc>Sends a GET request on a previously created HTTP Session.</doc>
<status status="PASS" start="2024-04-20T21:12:24.267628" elapsed="0.089293"/>
</kw>
<kw name="Set Variable" owner="BuiltIn">
<msg time="2024-04-20T21:12:24.357962" level="INFO">${json_data} = {'results': [{'gender': 'male', 'name': {'title': 'Mr', 'first': 'Borivoje', 'last': 'Ognjanović'}, 'location': {'street': {'number': 1428, 'name': 'Dimitrija Jovčića '}, 'city': 'Rača', 'state': 'Sou...</msg>
<var>${json_data}</var>
<arg>${response.json()}</arg>
<doc>Returns the given values which can then be assigned to a variables.</doc>
<status status="PASS" start="2024-04-20T21:12:24.357380" elapsed="0.000613"/>
</kw>
<kw name="Set Variable" owner="BuiltIn">
<msg time="2024-04-20T21:12:24.358681" level="INFO">${name_title} = Mr</msg>
<var>${name_title}</var>
<arg>${json_data["results"][0]["name"]["title"]}</arg>
<doc>Returns the given values which can then be assigned to a variables.</doc>
<status status="PASS" start="2024-04-20T21:12:24.358301" elapsed="0.000406"/>
</kw>
<kw name="Create List" owner="BuiltIn">
<msg time="2024-04-20T21:12:24.359146" level="INFO">${allowed_titles} = ['Mr', 'Ms', 'Miss', 'Mrs', 'Madame', 'Monsieur']</msg>
<var>${allowed_titles}</var>
<arg>Mr</arg>
<arg>Ms</arg>
<arg>Miss</arg>
<arg>Mrs</arg>
<arg>Madame</arg>
<arg>Monsieur</arg>
<doc>Returns a list containing given items.</doc>
<status status="PASS" start="2024-04-20T21:12:24.359001" elapsed="0.000169"/>
</kw>
<kw name="List Should Contain Value" owner="Collections">
<msg time="2024-04-20T21:12:24.359628" level="INFO">False</msg>
<arg>${allowed_titles}</arg>
<arg>${name_title}</arg>
<doc>Fails if the ``value`` is not found from ``list``.</doc>
<status status="PASS" start="2024-04-20T21:12:24.359463" elapsed="0.000201"/>
</kw>
<kw name="Set Variable" owner="BuiltIn">
<msg time="2024-04-20T21:12:24.360326" level="INFO">${name_country} = RS</msg>
<var>${name_country}</var>
<arg>${json_data["results"][0]["nat"]}</arg>
<doc>Returns the given values which can then be assigned to a variables.</doc>
<status status="PASS" start="2024-04-20T21:12:24.359947" elapsed="0.000403"/>
</kw>
<kw name="Create List" owner="BuiltIn">
<msg time="2024-04-20T21:12:24.361240" level="INFO">${list_country} = ['AD', 'AE', 'AF', 'AG', 'AI', 'AL', 'AM', 'AO', 'AQ', 'AR', 'AS', 'AT', 'AU', 'AW', 'AX', 'AZ', 'BA', 'BB', 'BD', 'BE', 'BF', 'BG', 'BH', 'BI', 'BJ', 'BL', 'BM', 'BN', 'BO', 'BQ', 'BR', 'BS', 'BT', '...</msg>
<var>${list_country}</var>
<arg>AD</arg>
<arg>AE</arg>
<arg>AF</arg>
<arg>AG</arg>
<arg>AI</arg>
<arg>AL</arg>
<arg>AM</arg>
<arg>AO</arg>
<arg>AQ</arg>
<arg>AR</arg>
<arg>AS</arg>
<arg>AT</arg>
<arg>AU</arg>
<arg>AW</arg>
<arg>AX</arg>
<arg>AZ</arg>
<arg>BA</arg>
<arg>BB</arg>
<arg>BD</arg>
<arg>BE</arg>
<arg>BF</arg>
<arg>BG</arg>
<arg>BH</arg>
<arg>BI</arg>
<arg>BJ</arg>
<arg>BL</arg>
<arg>BM</arg>
<arg>BN</arg>
<arg>BO</arg>
<arg>BQ</arg>
<arg>BR</arg>
<arg>BS</arg>
<arg>BT</arg>
<arg>BV</arg>
<arg>BW</arg>
<arg>BY</arg>
<arg>BZ</arg>
<arg>CA</arg>
<arg>CC</arg>
<arg>CD</arg>
<arg>CF</arg>
<arg>CG</arg>
<arg>CH</arg>
<arg>CI</arg>
<arg>CK</arg>
<arg>CL</arg>
<arg>CM</arg>
<arg>CN</arg>
<arg>CO</arg>
<arg>CR</arg>
<arg>CU</arg>
<arg>CV</arg>
<arg>CW</arg>
<arg>CX</arg>
<arg>CY</arg>
<arg>CZ</arg>
<arg>DE</arg>
<arg>DJ</arg>
<arg>DK</arg>
<arg>DM</arg>
<arg>DO</arg>
<arg>DZ</arg>
<arg>EC</arg>
<arg>EE</arg>
<arg>EG</arg>
<arg>EH</arg>
<arg>ER</arg>
<arg>ES</arg>
<arg>ET</arg>
<arg>FI</arg>
<arg>FJ</arg>
<arg>FK</arg>
<arg>FM</arg>
<arg>FO</arg>
<arg>FR</arg>
<arg>GA</arg>
<arg>GB</arg>
<arg>GD</arg>
<arg>GE</arg>
<arg>GF</arg>
<arg>GG</arg>
<arg>GH</arg>
<arg>GI</arg>
<arg>GL</arg>
<arg>GM</arg>
<arg>GN</arg>
<arg>GP</arg>
<arg>GQ</arg>
<arg>GR</arg>
<arg>GS</arg>
<arg>GT</arg>
<arg>GU</arg>
<arg>GW</arg>
<arg>GY</arg>
<arg>HK</arg>
<arg>HM</arg>
<arg>HN</arg>
<arg>HR</arg>
<arg>HT</arg>
<arg>HU</arg>
<arg>ID</arg>
<arg>IE</arg>
<arg>IL</arg>
<arg>IM</arg>
<arg>IN</arg>
<arg>IO</arg>
<arg>IQ</arg>
<arg>IR</arg>
<arg>IS</arg>
<arg>IT</arg>
<arg>JE</arg>
<arg>JM</arg>
<arg>JO</arg>
<arg>JP</arg>
<arg>KE</arg>
<arg>KG</arg>
<arg>KH</arg>
<arg>KI</arg>
<arg>KM</arg>
<arg>KN</arg>
<arg>KP</arg>
<arg>KR</arg>
<arg>KW</arg>
<arg>KY</arg>
<arg>KZ</arg>
<arg>LA</arg>
<arg>LB</arg>
<arg>LC</arg>
<arg>LI</arg>
<arg>LK</arg>
<arg>LR</arg>
<arg>LS</arg>
<arg>LT</arg>
<arg>LU</arg>
<arg>LV</arg>
<arg>LY</arg>
<arg>MA</arg>
<arg>MC</arg>
<arg>MD</arg>
<arg>ME</arg>
<arg>MF</arg>
<arg>MG</arg>
<arg>MH</arg>
<arg>MK</arg>
<arg>ML</arg>
<arg>MM</arg>
<arg>MN</arg>
<arg>MO</arg>
<arg>MP</arg>
<arg>MQ</arg>
<arg>MR</arg>
<arg>MS</arg>
<arg>MT</arg>
<arg>MU</arg>
<arg>MV</arg>
<arg>MW</arg>
<arg>MX</arg>
<arg>MY</arg>
<arg>MZ</arg>
<arg>NA</arg>
<arg>NC</arg>
<arg>NE</arg>
<arg>NF</arg>
<arg>NG</arg>
<arg>NI</arg>
<arg>NL</arg>
<arg>NO</arg>
<arg>NP</arg>
<arg>NR</arg>
<arg>NU</arg>
<arg>NZ</arg>
<arg>OM</arg>
<arg>PA</arg>
<arg>PE</arg>
<arg>PF</arg>
<arg>PG</arg>
<arg>PH</arg>
<arg>PK</arg>
<arg>PL</arg>
<arg>PM</arg>
<arg>PN</arg>
<arg>PR</arg>
<arg>PS</arg>
<arg>PT</arg>
<arg>PW</arg>
<arg>PY</arg>
<arg>QA</arg>
<arg>RE</arg>
<arg>RO</arg>
<arg>RS</arg>
<arg>RU</arg>
<arg>RW</arg>
<arg>SA</arg>
<arg>SB</arg>
<arg>SC</arg>
<arg>SD</arg>
<arg>SE</arg>
<arg>SG</arg>
<arg>SH</arg>
<arg>SI</arg>
<arg>SJ</arg>
<arg>SK</arg>
<arg>SL</arg>
<arg>SM</arg>
<arg>SN</arg>
<arg>SO</arg>
<arg>SR</arg>
<arg>SS</arg>
<arg>ST</arg>
<arg>SV</arg>
<arg>SX</arg>
<arg>SY</arg>
<arg>SZ</arg>
<arg>TC</arg>
<arg>TD</arg>
<arg>TF</arg>
<arg>TG</arg>
<arg>TH</arg>
<arg>TJ</arg>
<arg>TK</arg>
<arg>TL</arg>
<arg>TM</arg>
<arg>TN</arg>
<arg>TO</arg>
<arg>TR</arg>
<arg>TT</arg>
<arg>TV</arg>
<arg>TW</arg>
<arg>TZ</arg>
<arg>UA</arg>
<arg>UG</arg>
<arg>UM</arg>
<arg>US</arg>
<arg>UY</arg>
<arg>UZ</arg>
<arg>VA</arg>
<arg>VC</arg>
<arg>VE</arg>
<arg>VG</arg>
<arg>VI</arg>
<arg>VN</arg>
<arg>VU</arg>
<arg>WF</arg>
<arg>WS</arg>
<arg>XK</arg>
<arg>YE</arg>
<arg>YT</arg>
<arg>ZA</arg>
<arg>ZM</arg>
<arg>ZW</arg>
<doc>Returns a list containing given items.</doc>
<status status="PASS" start="2024-04-20T21:12:24.360651" elapsed="0.000614"/>
</kw>
<kw name="List Should Contain Value" owner="Collections">
<msg time="2024-04-20T21:12:24.362287" level="INFO">False</msg>
<arg>${list_country}</arg>
<arg>${name_country}</arg>
<doc>Fails if the ``value`` is not found from ``list``.</doc>
<status status="PASS" start="2024-04-20T21:12:24.362082" elapsed="0.000241"/>
</kw>
<kw name="Run Keyword If" owner="BuiltIn">
<kw name="Should Be True" owner="BuiltIn">
<arg>${True}</arg>
<doc>Fails if the given condition is not true.</doc>
<status status="PASS" start="2024-04-20T21:12:24.363448" elapsed="0.000243"/>
</kw>
<arg>${json_data["results"][0]["location"]["coordinates"]["latitude"]} &gt;= -90 and ${json_data["results"][0]["location"]["coordinates"]["latitude"]} &lt;= 90</arg>
<arg>Should Be True</arg>
<arg>${True}</arg>
<doc>Runs the given keyword with the given arguments, if ``condition`` is true.</doc>
<status status="PASS" start="2024-04-20T21:12:24.362642" elapsed="0.001181"/>
</kw>
<kw name="Run Keyword If" owner="BuiltIn">
<kw name="Should Be True" owner="BuiltIn">
<arg>${True}</arg>
<doc>Fails if the given condition is not true.</doc>
<status status="PASS" start="2024-04-20T21:12:24.364707" elapsed="0.000136"/>
</kw>
<arg>${json_data["results"][0]["location"]["coordinates"]["longitude"]} &gt;= -180 and ${json_data["results"][0]["location"]["coordinates"]["longitude"]} &lt;= 180</arg>
<arg>Should Be True</arg>
<arg>${True}</arg>
<doc>Runs the given keyword with the given arguments, if ``condition`` is true.</doc>
<status status="PASS" start="2024-04-20T21:12:24.364009" elapsed="0.000957"/>
</kw>
<status status="PASS" start="2024-04-20T21:12:24.267407" elapsed="0.097687"/>
</kw>
<doc>Testa o conteúdo específico dos campos retornados pela API.</doc>
<tag>testeConteudo</tag>
<status status="PASS" start="2024-04-20T21:12:24.266917" elapsed="0.098317"/>
</test>
<status status="PASS" start="2024-04-20T21:12:23.568089" elapsed="0.799143"/>
</suite>
<status status="PASS" start="2024-04-20T21:12:23.554712" elapsed="0.817594"/>
</suite>
<statistics>
<total>
<stat pass="5" fail="0" skip="0">All Tests</stat>
</total>
<tag>
<stat pass="1" fail="0" skip="0">testeConteudo</stat>
<stat pass="1" fail="0" skip="0">testeEstruturaResposta</stat>
<stat pass="1" fail="0" skip="0">testeRequisicaoBasica</stat>
<stat pass="1" fail="0" skip="0">testeTiposDados</stat>
</tag>
<suite>
<stat pass="5" fail="0" skip="0" id="s1" name="Tests">Tests</stat>
<stat pass="5" fail="0" skip="0" id="s1-s1" name="Random-User-Test">Tests.Random-User-Test</stat>
</suite>
</statistics>
<errors>
</errors>
</robot>
