<?xml version="1.0" encoding="UTF-8"?>
<robot generator="Robot 7.0 (Python 3.12.2 on linux)" generated="2024-04-03T17:12:13.712077" rpa="false" schemaversion="5">
<suite id="s1" name="Tests" source="/home/runner/work/DesafioQAItauRogerioJordao/DesafioQAItauRogerioJordao/RamdonUser/tests">
<suite id="s1-s1" name="Random-User-Test" source="/home/runner/work/DesafioQAItauRogerioJordao/DesafioQAItauRogerioJordao/RamdonUser/tests/random-user-test.robot">
<test id="s1-s1-t1" name="Conectar" line="13">
<kw name="Conectar API" owner="random-user-service">
<kw name="Create Session" owner="RequestsLibrary">
<msg time="2024-04-03T17:12:14.095631" level="INFO">Creating Session using : alias=consultarAPI, url=https://randomuser.me/, headers={},                     cookies={}, auth=None, timeout=None, proxies=None, verify=False,                     debug=0 </msg>
<arg>consultarAPI</arg>
<arg>${URL}</arg>
<doc>Create Session: create a HTTP session to a server</doc>
<status status="PASS" start="2024-04-03T17:12:14.095414" elapsed="0.000393"/>
</kw>
<status status="PASS" start="2024-04-03T17:12:14.094354" elapsed="0.001824"/>
</kw>
<status status="PASS" start="2024-04-03T17:12:14.093734" elapsed="0.002649"/>
</test>
<test id="s1-s1-t2" name="Validar retorno 200 e JSON Válido" line="16">
<kw name="Teste de Requisicao Basica" owner="random-user-service">
<kw name="GET On Session" owner="RequestsLibrary">
<msg time="2024-04-03T17:12:14.191234" level="INFO">GET Request : url=https://randomuser.me/api 
 path_url=/api 
 headers={'User-Agent': 'python-requests/2.31.0', 'Accept-Encoding': 'gzip, deflate', 'Accept': '*/*', 'Connection': 'keep-alive'} 
 body=None 
 </msg>
<msg time="2024-04-03T17:12:14.191390" level="INFO">GET Response : url=https://randomuser.me/api 
 status=200, reason=OK 
 headers={'Date': 'Wed, 03 Apr 2024 17:12:14 GMT', 'Content-Type': 'application/json; charset=utf-8', 'Transfer-Encoding': 'chunked', 'Connection': 'keep-alive', 'X-Powered-By': 'Express', 'Access-Control-Allow-Origin': '*', 'Cache-Control': 'no-cache', 'ETag': 'W/"49c-/0HAnQnzll2KGdTBSK+zKbI8KV0"', 'Vary': 'Accept-Encoding', 'Content-Encoding': 'gzip', 'CF-Cache-Status': 'DYNAMIC', 'Report-To': '{"endpoints":[{"url":"https:\\/\\/a.nel.cloudflare.com\\/report\\/v4?s=lhX%2BBvCPhOr1KlMR%2BNQmWFcqMKZYPgu9AhqmT4AmtLa8%2Fx1Anstk30adauDWngyYkf6i6ZNNnTLcSELgIjwwXqZyFfKQb%2FYNs%2FaC5W0kc9UjHAGv6RYDWPjNi%2BS%2BoLLC"}],"group":"cf-nel","max_age":604800}', 'NEL': '{"success_fraction":0,"report_to":"cf-nel","max_age":604800}', 'Server': 'cloudflare', 'CF-RAY': '86eaaeb05b982d58-ORD', 'alt-svc': 'h3=":443"; ma=86400'} 
 body={"results":[{"gender":"male","name":{"title":"Monsieur","first":"Quentin","last":"Sanchez"},"location":{"street":{"number":1735,"name":"Rue du Stade"},"city":"Delémont","state":"Basel-Stadt","country":"Switzerland","postcode":2155,"coordinates":{"latitude":"-59.6066","longitude":"-121.8271"},"timezone":{"offset":"+4:00","description":"Abu Dhabi, Muscat, Baku, Tbilisi"}},"email":"quentin.sanchez@example.com","login":{"uuid":"cf92d320-ab40-460a-a5b2-cc2024a71419","username":"silvercat802","password":"five","salt":"NRpdybO4","md5":"ead3a6bb2ab68a3e171056872c7dd21f","sha1":"c732693421592a9c9324ab9a27934a4ae1fd060c","sha256":"8770e52326140df06ff9ce75cbaad2a08825087951985d43bd7f3bce0d9b3be6"},"dob":{"date":"1990-07-31T09:16:50.000Z","age":33},"registered":{"date":"2005-02-28T04:57:08.791Z","age":19},"phone":"076 640 31 56","cell":"075 581 21 94","id":{"name":"AVS","value":"756.1891.1809.95"},"picture":{"large":"https://randomuser.me/api/portraits/men/0.jpg","medium":"https://randomuser.me/api/portraits/med/men/0.jpg","thumbnail":"https://randomuser.me/api/portraits/thumb/men/0.jpg"},"nat":"CH"}],"info":{"seed":"086cc798091fbc75","results":1,"page":1,"version":"1.4"}} 
 </msg>
<msg time="2024-04-03T17:12:14.191518" level="INFO">/opt/hostedtoolcache/Python/3.12.2/x64/lib/python3.12/site-packages/urllib3/connectionpool.py:1103: InsecureRequestWarning: Unverified HTTPS request is being made to host 'randomuser.me'. Adding certificate verification is strongly advised. See: https://urllib3.readthedocs.io/en/latest/advanced-usage.html#tls-warnings
  warnings.warn(</msg>
<msg time="2024-04-03T17:12:14.191685" level="INFO">${response} = &lt;Response [200]&gt;</msg>
<var>${response}</var>
<arg>consultarAPI</arg>
<arg>/api</arg>
<doc>Sends a GET request on a previously created HTTP Session.</doc>
<status status="PASS" start="2024-04-03T17:12:14.099099" elapsed="0.092625"/>
</kw>
<kw name="Should Be Equal As Numbers" owner="BuiltIn">
<msg time="2024-04-03T17:12:14.192654" level="INFO">Argument types are:
&lt;class 'int'&gt;
&lt;class 'str'&gt;</msg>
<arg>${response.status_code}</arg>
<arg>200</arg>
<doc>Fails if objects are unequal after converting them to real numbers.</doc>
<status status="PASS" start="2024-04-03T17:12:14.192206" elapsed="0.000511"/>
</kw>
<kw name="Log" owner="BuiltIn">
<msg time="2024-04-03T17:12:14.193395" level="INFO">200</msg>
<arg>${response.status_code}</arg>
<doc>Logs the given message with the given level.</doc>
<status status="PASS" start="2024-04-03T17:12:14.193033" elapsed="0.000405"/>
</kw>
<kw name="Set Variable" owner="BuiltIn">
<msg time="2024-04-03T17:12:14.194186" level="INFO">${json_data} = {'results': [{'gender': 'male', 'name': {'title': 'Monsieur', 'first': 'Quentin', 'last': 'Sanchez'}, 'location': {'street': {'number': 1735, 'name': 'Rue du Stade'}, 'city': 'Delémont', 'state': 'Bas...</msg>
<var>${json_data}</var>
<arg>${response.json()}</arg>
<doc>Returns the given values which can then be assigned to a variables.</doc>
<status status="PASS" start="2024-04-03T17:12:14.193743" elapsed="0.000472"/>
</kw>
<kw name="Dictionary Should Contain Key" owner="Collections">
<msg time="2024-04-03T17:12:14.194738" level="INFO">False</msg>
<arg>${json_data}</arg>
<arg>results</arg>
<doc>Fails if ``key`` is not found from ``dictionary``.</doc>
<status status="PASS" start="2024-04-03T17:12:14.194565" elapsed="0.000212"/>
</kw>
<status status="PASS" start="2024-04-03T17:12:14.098845" elapsed="0.096193"/>
</kw>
<doc>Testa se a API responde corretamente e retorna um objeto JSON válido.</doc>
<tag>testeRequisicaoBasica</tag>
<status status="PASS" start="2024-04-03T17:12:14.098239" elapsed="0.096987"/>
</test>
<test id="s1-s1-t3" name="Validar estrutura de resposta" line="22">
<kw name="Teste de Estrutura de Resposta" owner="random-user-service">
<kw name="GET On Session" owner="RequestsLibrary">
<msg time="2024-04-03T17:12:14.287489" level="INFO">GET Request : url=https://randomuser.me/api 
 path_url=/api 
 headers={'User-Agent': 'python-requests/2.31.0', 'Accept-Encoding': 'gzip, deflate', 'Accept': '*/*', 'Connection': 'keep-alive'} 
 body=None 
 </msg>
<msg time="2024-04-03T17:12:14.287599" level="INFO">GET Response : url=https://randomuser.me/api 
 status=200, reason=OK 
 headers={'Date': 'Wed, 03 Apr 2024 17:12:14 GMT', 'Content-Type': 'application/json; charset=utf-8', 'Transfer-Encoding': 'chunked', 'Connection': 'keep-alive', 'X-Powered-By': 'Express', 'Access-Control-Allow-Origin': '*', 'Cache-Control': 'no-cache', 'ETag': 'W/"47f-cyvVceRm3uIwg3PARy9HVBiF+5o"', 'Vary': 'Accept-Encoding', 'Content-Encoding': 'gzip', 'CF-Cache-Status': 'DYNAMIC', 'Report-To': '{"endpoints":[{"url":"https:\\/\\/a.nel.cloudflare.com\\/report\\/v4?s=Glc%2FgmbgNYbVFu8vE0NgkKnEXFxJTSIT57WgmYDaa6fTwGkU%2FBNXDLE%2FE661mW2OZz7sml1GfaDc8UNpJmkPEww5ZmXKScrLq8ywe1LrELXDr0rizYfTs93%2FseKYKGEk"}],"group":"cf-nel","max_age":604800}', 'NEL': '{"success_fraction":0,"report_to":"cf-nel","max_age":604800}', 'Server': 'cloudflare', 'CF-RAY': '86eaaeb0cc1a2d58-ORD', 'alt-svc': 'h3=":443"; ma=86400'} 
 body={"results":[{"gender":"male","name":{"title":"Mr","first":"Ronny","last":"Evers"},"location":{"street":{"number":4251,"name":"Lindenweg"},"city":"Schönebeck (Elbe)","state":"Niedersachsen","country":"Germany","postcode":16578,"coordinates":{"latitude":"-51.7611","longitude":"-84.4664"},"timezone":{"offset":"+5:45","description":"Kathmandu"}},"email":"ronny.evers@example.com","login":{"uuid":"d2b69c81-445b-403d-b764-4b24ab6feb56","username":"happyfish344","password":"horizon","salt":"ssuQbn1T","md5":"4c799ff01f562c5c5cf358da885c9978","sha1":"b40da1f2d959ad403a7c346483425f22f3ff486c","sha256":"2a818072fa294b881c6b1ffbdb0d60fe7676e3d3d0725f0923a5489ca95aca17"},"dob":{"date":"1985-05-15T03:24:36.023Z","age":38},"registered":{"date":"2004-11-17T21:44:33.427Z","age":19},"phone":"0674-9973339","cell":"0178-6419409","id":{"name":"SVNR","value":"20 140585 E 295"},"picture":{"large":"https://randomuser.me/api/portraits/men/25.jpg","medium":"https://randomuser.me/api/portraits/med/men/25.jpg","thumbnail":"https://randomuser.me/api/portraits/thumb/men/25.jpg"},"nat":"DE"}],"info":{"seed":"0aa2938d5ef00d66","results":1,"page":1,"version":"1.4"}} 
 </msg>
<msg time="2024-04-03T17:12:14.287764" level="INFO">/opt/hostedtoolcache/Python/3.12.2/x64/lib/python3.12/site-packages/urllib3/connectionpool.py:1103: InsecureRequestWarning: Unverified HTTPS request is being made to host 'randomuser.me'. Adding certificate verification is strongly advised. See: https://urllib3.readthedocs.io/en/latest/advanced-usage.html#tls-warnings
  warnings.warn(</msg>
<msg time="2024-04-03T17:12:14.287910" level="INFO">${response} = &lt;Response [200]&gt;</msg>
<var>${response}</var>
<arg>consultarAPI</arg>
<arg>/api</arg>
<doc>Sends a GET request on a previously created HTTP Session.</doc>
<status status="PASS" start="2024-04-03T17:12:14.198388" elapsed="0.089563"/>
</kw>
<kw name="Set Variable" owner="BuiltIn">
<msg time="2024-04-03T17:12:14.288973" level="INFO">${json_data} = {'results': [{'gender': 'male', 'name': {'title': 'Mr', 'first': 'Ronny', 'last': 'Evers'}, 'location': {'street': {'number': 4251, 'name': 'Lindenweg'}, 'city': 'Schönebeck (Elbe)', 'state': 'Nieders...</msg>
<var>${json_data}</var>
<arg>${response.json()}</arg>
<doc>Returns the given values which can then be assigned to a variables.</doc>
<status status="PASS" start="2024-04-03T17:12:14.288441" elapsed="0.000561"/>
</kw>
<kw name="Log" owner="BuiltIn">
<msg time="2024-04-03T17:12:14.289474" level="INFO">{'results': [{'gender': 'male', 'name': {'title': 'Mr', 'first': 'Ronny', 'last': 'Evers'}, 'location': {'street': {'number': 4251, 'name': 'Lindenweg'}, 'city': 'Schönebeck (Elbe)', 'state': 'Niedersachsen', 'country': 'Germany', 'postcode': 16578, 'coordinates': {'latitude': '-51.7611', 'longitude': '-84.4664'}, 'timezone': {'offset': '+5:45', 'description': 'Kathmandu'}}, 'email': 'ronny.evers@example.com', 'login': {'uuid': 'd2b69c81-445b-403d-b764-4b24ab6feb56', 'username': 'happyfish344', 'password': 'horizon', 'salt': 'ssuQbn1T', 'md5': '4c799ff01f562c5c5cf358da885c9978', 'sha1': 'b40da1f2d959ad403a7c346483425f22f3ff486c', 'sha256': '2a818072fa294b881c6b1ffbdb0d60fe7676e3d3d0725f0923a5489ca95aca17'}, 'dob': {'date': '1985-05-15T03:24:36.023Z', 'age': 38}, 'registered': {'date': '2004-11-17T21:44:33.427Z', 'age': 19}, 'phone': '0674-9973339', 'cell': '0178-6419409', 'id': {'name': 'SVNR', 'value': '20 140585 E 295'}, 'picture': {'large': 'https://randomuser.me/api/portraits/men/25.jpg', 'medium': 'https://randomuser.me/api/portraits/med/men/25.jpg', 'thumbnail': 'https://randomuser.me/api/portraits/thumb/men/25.jpg'}, 'nat': 'DE'}], 'info': {'seed': '0aa2938d5ef00d66', 'results': 1, 'page': 1, 'version': '1.4'}}</msg>
<arg>${json_data}</arg>
<doc>Logs the given message with the given level.</doc>
<status status="PASS" start="2024-04-03T17:12:14.289311" elapsed="0.000213"/>
</kw>
<kw name="Dictionary Should Contain Key" owner="Collections">
<msg time="2024-04-03T17:12:14.289981" level="INFO">False</msg>
<arg>${json_data}</arg>
<arg>results</arg>
<doc>Fails if ``key`` is not found from ``dictionary``.</doc>
<status status="PASS" start="2024-04-03T17:12:14.289824" elapsed="0.000193"/>
</kw>
<kw name="Should Not Be Empty" owner="BuiltIn">
<msg time="2024-04-03T17:12:14.290447" level="INFO">Length is 2.</msg>
<arg>${json_data}</arg>
<doc>Verifies that the given item is not empty.</doc>
<status status="PASS" start="2024-04-03T17:12:14.290313" elapsed="0.000212"/>
</kw>
<kw name="Create List" owner="BuiltIn">
<msg time="2024-04-03T17:12:14.290979" level="INFO">${expected_keys} = ['gender', 'name', 'location', 'email', 'login']</msg>
<var>${expected_keys}</var>
<arg>gender</arg>
<arg>name</arg>
<arg>location</arg>
<arg>email</arg>
<arg>login</arg>
<doc>Returns a list containing given items.</doc>
<status status="PASS" start="2024-04-03T17:12:14.290829" elapsed="0.000174"/>
</kw>
<for flavor="IN">
<iter>
<kw name="Dictionary Should Contain Key" owner="Collections">
<msg time="2024-04-03T17:12:14.292010" level="INFO">False</msg>
<arg>${json_data['results'][0]}</arg>
<arg>${key}</arg>
<doc>Fails if ``key`` is not found from ``dictionary``.</doc>
<status status="PASS" start="2024-04-03T17:12:14.291583" elapsed="0.000466"/>
</kw>
<kw name="Log" owner="BuiltIn">
<msg time="2024-04-03T17:12:14.292732" level="INFO">{'gender': 'male', 'name': {'title': 'Mr', 'first': 'Ronny', 'last': 'Evers'}, 'location': {'street': {'number': 4251, 'name': 'Lindenweg'}, 'city': 'Schönebeck (Elbe)', 'state': 'Niedersachsen', 'country': 'Germany', 'postcode': 16578, 'coordinates': {'latitude': '-51.7611', 'longitude': '-84.4664'}, 'timezone': {'offset': '+5:45', 'description': 'Kathmandu'}}, 'email': 'ronny.evers@example.com', 'login': {'uuid': 'd2b69c81-445b-403d-b764-4b24ab6feb56', 'username': 'happyfish344', 'password': 'horizon', 'salt': 'ssuQbn1T', 'md5': '4c799ff01f562c5c5cf358da885c9978', 'sha1': 'b40da1f2d959ad403a7c346483425f22f3ff486c', 'sha256': '2a818072fa294b881c6b1ffbdb0d60fe7676e3d3d0725f0923a5489ca95aca17'}, 'dob': {'date': '1985-05-15T03:24:36.023Z', 'age': 38}, 'registered': {'date': '2004-11-17T21:44:33.427Z', 'age': 19}, 'phone': '0674-9973339', 'cell': '0178-6419409', 'id': {'name': 'SVNR', 'value': '20 140585 E 295'}, 'picture': {'large': 'https://randomuser.me/api/portraits/men/25.jpg', 'medium': 'https://randomuser.me/api/portraits/med/men/25.jpg', 'thumbnail': 'https://randomuser.me/api/portraits/thumb/men/25.jpg'}, 'nat': 'DE'}</msg>
<arg>${json_data['results'][0]}</arg>
<doc>Logs the given message with the given level.</doc>
<status status="PASS" start="2024-04-03T17:12:14.292353" elapsed="0.000434"/>
</kw>
<kw name="Log" owner="BuiltIn">
<msg time="2024-04-03T17:12:14.293227" level="INFO">gender</msg>
<arg>${key}</arg>
<doc>Logs the given message with the given level.</doc>
<status status="PASS" start="2024-04-03T17:12:14.293095" elapsed="0.000169"/>
</kw>
<var name="${key}">gender</var>
<status status="PASS" start="2024-04-03T17:12:14.291457" elapsed="0.002030"/>
</iter>
<iter>
<kw name="Dictionary Should Contain Key" owner="Collections">
<msg time="2024-04-03T17:12:14.294178" level="INFO">False</msg>
<arg>${json_data['results'][0]}</arg>
<arg>${key}</arg>
<doc>Fails if ``key`` is not found from ``dictionary``.</doc>
<status status="PASS" start="2024-04-03T17:12:14.293793" elapsed="0.000422"/>
</kw>
<kw name="Log" owner="BuiltIn">
<msg time="2024-04-03T17:12:14.294953" level="INFO">{'gender': 'male', 'name': {'title': 'Mr', 'first': 'Ronny', 'last': 'Evers'}, 'location': {'street': {'number': 4251, 'name': 'Lindenweg'}, 'city': 'Schönebeck (Elbe)', 'state': 'Niedersachsen', 'country': 'Germany', 'postcode': 16578, 'coordinates': {'latitude': '-51.7611', 'longitude': '-84.4664'}, 'timezone': {'offset': '+5:45', 'description': 'Kathmandu'}}, 'email': 'ronny.evers@example.com', 'login': {'uuid': 'd2b69c81-445b-403d-b764-4b24ab6feb56', 'username': 'happyfish344', 'password': 'horizon', 'salt': 'ssuQbn1T', 'md5': '4c799ff01f562c5c5cf358da885c9978', 'sha1': 'b40da1f2d959ad403a7c346483425f22f3ff486c', 'sha256': '2a818072fa294b881c6b1ffbdb0d60fe7676e3d3d0725f0923a5489ca95aca17'}, 'dob': {'date': '1985-05-15T03:24:36.023Z', 'age': 38}, 'registered': {'date': '2004-11-17T21:44:33.427Z', 'age': 19}, 'phone': '0674-9973339', 'cell': '0178-6419409', 'id': {'name': 'SVNR', 'value': '20 140585 E 295'}, 'picture': {'large': 'https://randomuser.me/api/portraits/men/25.jpg', 'medium': 'https://randomuser.me/api/portraits/med/men/25.jpg', 'thumbnail': 'https://randomuser.me/api/portraits/thumb/men/25.jpg'}, 'nat': 'DE'}</msg>
<arg>${json_data['results'][0]}</arg>
<doc>Logs the given message with the given level.</doc>
<status status="PASS" start="2024-04-03T17:12:14.294581" elapsed="0.000422"/>
</kw>
<kw name="Log" owner="BuiltIn">
<msg time="2024-04-03T17:12:14.295439" level="INFO">name</msg>
<arg>${key}</arg>
<doc>Logs the given message with the given level.</doc>
<status status="PASS" start="2024-04-03T17:12:14.295308" elapsed="0.000169"/>
</kw>
<var name="${key}">name</var>
<status status="PASS" start="2024-04-03T17:12:14.293677" elapsed="0.002035"/>
</iter>
<iter>
<kw name="Dictionary Should Contain Key" owner="Collections">
<msg time="2024-04-03T17:12:14.296381" level="INFO">False</msg>
<arg>${json_data['results'][0]}</arg>
<arg>${key}</arg>
<doc>Fails if ``key`` is not found from ``dictionary``.</doc>
<status status="PASS" start="2024-04-03T17:12:14.296006" elapsed="0.000419"/>
</kw>
<kw name="Log" owner="BuiltIn">
<msg time="2024-04-03T17:12:14.297092" level="INFO">{'gender': 'male', 'name': {'title': 'Mr', 'first': 'Ronny', 'last': 'Evers'}, 'location': {'street': {'number': 4251, 'name': 'Lindenweg'}, 'city': 'Schönebeck (Elbe)', 'state': 'Niedersachsen', 'country': 'Germany', 'postcode': 16578, 'coordinates': {'latitude': '-51.7611', 'longitude': '-84.4664'}, 'timezone': {'offset': '+5:45', 'description': 'Kathmandu'}}, 'email': 'ronny.evers@example.com', 'login': {'uuid': 'd2b69c81-445b-403d-b764-4b24ab6feb56', 'username': 'happyfish344', 'password': 'horizon', 'salt': 'ssuQbn1T', 'md5': '4c799ff01f562c5c5cf358da885c9978', 'sha1': 'b40da1f2d959ad403a7c346483425f22f3ff486c', 'sha256': '2a818072fa294b881c6b1ffbdb0d60fe7676e3d3d0725f0923a5489ca95aca17'}, 'dob': {'date': '1985-05-15T03:24:36.023Z', 'age': 38}, 'registered': {'date': '2004-11-17T21:44:33.427Z', 'age': 19}, 'phone': '0674-9973339', 'cell': '0178-6419409', 'id': {'name': 'SVNR', 'value': '20 140585 E 295'}, 'picture': {'large': 'https://randomuser.me/api/portraits/men/25.jpg', 'medium': 'https://randomuser.me/api/portraits/med/men/25.jpg', 'thumbnail': 'https://randomuser.me/api/portraits/thumb/men/25.jpg'}, 'nat': 'DE'}</msg>
<arg>${json_data['results'][0]}</arg>
<doc>Logs the given message with the given level.</doc>
<status status="PASS" start="2024-04-03T17:12:14.296726" elapsed="0.000422"/>
</kw>
<kw name="Log" owner="BuiltIn">
<msg time="2024-04-03T17:12:14.297568" level="INFO">location</msg>
<arg>${key}</arg>
<doc>Logs the given message with the given level.</doc>
<status status="PASS" start="2024-04-03T17:12:14.297442" elapsed="0.000164"/>
</kw>
<var name="${key}">location</var>
<status status="PASS" start="2024-04-03T17:12:14.295893" elapsed="0.001936"/>
</iter>
<iter>
<kw name="Dictionary Should Contain Key" owner="Collections">
<msg time="2024-04-03T17:12:14.298524" level="INFO">False</msg>
<arg>${json_data['results'][0]}</arg>
<arg>${key}</arg>
<doc>Fails if ``key`` is not found from ``dictionary``.</doc>
<status status="PASS" start="2024-04-03T17:12:14.298115" elapsed="0.000448"/>
</kw>
<kw name="Log" owner="BuiltIn">
<msg time="2024-04-03T17:12:14.299232" level="INFO">{'gender': 'male', 'name': {'title': 'Mr', 'first': 'Ronny', 'last': 'Evers'}, 'location': {'street': {'number': 4251, 'name': 'Lindenweg'}, 'city': 'Schönebeck (Elbe)', 'state': 'Niedersachsen', 'country': 'Germany', 'postcode': 16578, 'coordinates': {'latitude': '-51.7611', 'longitude': '-84.4664'}, 'timezone': {'offset': '+5:45', 'description': 'Kathmandu'}}, 'email': 'ronny.evers@example.com', 'login': {'uuid': 'd2b69c81-445b-403d-b764-4b24ab6feb56', 'username': 'happyfish344', 'password': 'horizon', 'salt': 'ssuQbn1T', 'md5': '4c799ff01f562c5c5cf358da885c9978', 'sha1': 'b40da1f2d959ad403a7c346483425f22f3ff486c', 'sha256': '2a818072fa294b881c6b1ffbdb0d60fe7676e3d3d0725f0923a5489ca95aca17'}, 'dob': {'date': '1985-05-15T03:24:36.023Z', 'age': 38}, 'registered': {'date': '2004-11-17T21:44:33.427Z', 'age': 19}, 'phone': '0674-9973339', 'cell': '0178-6419409', 'id': {'name': 'SVNR', 'value': '20 140585 E 295'}, 'picture': {'large': 'https://randomuser.me/api/portraits/men/25.jpg', 'medium': 'https://randomuser.me/api/portraits/med/men/25.jpg', 'thumbnail': 'https://randomuser.me/api/portraits/thumb/men/25.jpg'}, 'nat': 'DE'}</msg>
<arg>${json_data['results'][0]}</arg>
<doc>Logs the given message with the given level.</doc>
<status status="PASS" start="2024-04-03T17:12:14.298868" elapsed="0.000413"/>
</kw>
<kw name="Log" owner="BuiltIn">
<msg time="2024-04-03T17:12:14.299721" level="INFO">email</msg>
<arg>${key}</arg>
<doc>Logs the given message with the given level.</doc>
<status status="PASS" start="2024-04-03T17:12:14.299594" elapsed="0.000164"/>
</kw>
<var name="${key}">email</var>
<status status="PASS" start="2024-04-03T17:12:14.298004" elapsed="0.002011"/>
</iter>
<iter>
<kw name="Dictionary Should Contain Key" owner="Collections">
<msg time="2024-04-03T17:12:14.300877" level="INFO">False</msg>
<arg>${json_data['results'][0]}</arg>
<arg>${key}</arg>
<doc>Fails if ``key`` is not found from ``dictionary``.</doc>
<status status="PASS" start="2024-04-03T17:12:14.300315" elapsed="0.000623"/>
</kw>
<kw name="Log" owner="BuiltIn">
<msg time="2024-04-03T17:12:14.302032" level="INFO">{'gender': 'male', 'name': {'title': 'Mr', 'first': 'Ronny', 'last': 'Evers'}, 'location': {'street': {'number': 4251, 'name': 'Lindenweg'}, 'city': 'Schönebeck (Elbe)', 'state': 'Niedersachsen', 'country': 'Germany', 'postcode': 16578, 'coordinates': {'latitude': '-51.7611', 'longitude': '-84.4664'}, 'timezone': {'offset': '+5:45', 'description': 'Kathmandu'}}, 'email': 'ronny.evers@example.com', 'login': {'uuid': 'd2b69c81-445b-403d-b764-4b24ab6feb56', 'username': 'happyfish344', 'password': 'horizon', 'salt': 'ssuQbn1T', 'md5': '4c799ff01f562c5c5cf358da885c9978', 'sha1': 'b40da1f2d959ad403a7c346483425f22f3ff486c', 'sha256': '2a818072fa294b881c6b1ffbdb0d60fe7676e3d3d0725f0923a5489ca95aca17'}, 'dob': {'date': '1985-05-15T03:24:36.023Z', 'age': 38}, 'registered': {'date': '2004-11-17T21:44:33.427Z', 'age': 19}, 'phone': '0674-9973339', 'cell': '0178-6419409', 'id': {'name': 'SVNR', 'value': '20 140585 E 295'}, 'picture': {'large': 'https://randomuser.me/api/portraits/men/25.jpg', 'medium': 'https://randomuser.me/api/portraits/med/men/25.jpg', 'thumbnail': 'https://randomuser.me/api/portraits/thumb/men/25.jpg'}, 'nat': 'DE'}</msg>
<arg>${json_data['results'][0]}</arg>
<doc>Logs the given message with the given level.</doc>
<status status="PASS" start="2024-04-03T17:12:14.301403" elapsed="0.000708"/>
</kw>
<kw name="Log" owner="BuiltIn">
<msg time="2024-04-03T17:12:14.302746" level="INFO">login</msg>
<arg>${key}</arg>
<doc>Logs the given message with the given level.</doc>
<status status="PASS" start="2024-04-03T17:12:14.302561" elapsed="0.000396"/>
</kw>
<var name="${key}">login</var>
<status status="PASS" start="2024-04-03T17:12:14.300194" elapsed="0.003073"/>
</iter>
<var>${key}</var>
<value>@{expected_keys}</value>
<status status="PASS" start="2024-04-03T17:12:14.291264" elapsed="0.012161"/>
</for>
<kw name="Create List" owner="BuiltIn">
<msg time="2024-04-03T17:12:14.303802" level="INFO">${expected_keysTwo} = ['username', 'password']</msg>
<var>${expected_keysTwo}</var>
<arg>username</arg>
<arg>password</arg>
<doc>Returns a list containing given items.</doc>
<status status="PASS" start="2024-04-03T17:12:14.303655" elapsed="0.000172"/>
</kw>
<for flavor="IN">
<iter>
<kw name="Dictionary Should Contain Key" owner="Collections">
<msg time="2024-04-03T17:12:14.304738" level="INFO">False</msg>
<arg>${json_data['results'][0]['login']}</arg>
<arg>${keyTwo}</arg>
<doc>Fails if ``key`` is not found from ``dictionary``.</doc>
<status status="PASS" start="2024-04-03T17:12:14.304346" elapsed="0.000430"/>
</kw>
<kw name="Dictionary Should Contain Key" owner="Collections">
<msg time="2024-04-03T17:12:14.305463" level="INFO">False</msg>
<arg>${json_data['results'][0]['login']}</arg>
<arg>${keyTwo}</arg>
<doc>Fails if ``key`` is not found from ``dictionary``.</doc>
<status status="PASS" start="2024-04-03T17:12:14.305080" elapsed="0.000421"/>
</kw>
<kw name="Log" owner="BuiltIn">
<msg time="2024-04-03T17:12:14.305931" level="INFO">username</msg>
<arg>${keyTwo}</arg>
<doc>Logs the given message with the given level.</doc>
<status status="PASS" start="2024-04-03T17:12:14.305800" elapsed="0.000169"/>
</kw>
<var name="${keyTwo}">username</var>
<status status="PASS" start="2024-04-03T17:12:14.304233" elapsed="0.001953"/>
</iter>
<iter>
<kw name="Dictionary Should Contain Key" owner="Collections">
<msg time="2024-04-03T17:12:14.306906" level="INFO">False</msg>
<arg>${json_data['results'][0]['login']}</arg>
<arg>${keyTwo}</arg>
<doc>Fails if ``key`` is not found from ``dictionary``.</doc>
<status status="PASS" start="2024-04-03T17:12:14.306510" elapsed="0.000434"/>
</kw>
<kw name="Dictionary Should Contain Key" owner="Collections">
<msg time="2024-04-03T17:12:14.307636" level="INFO">False</msg>
<arg>${json_data['results'][0]['login']}</arg>
<arg>${keyTwo}</arg>
<doc>Fails if ``key`` is not found from ``dictionary``.</doc>
<status status="PASS" start="2024-04-03T17:12:14.307244" elapsed="0.000428"/>
</kw>
<kw name="Log" owner="BuiltIn">
<msg time="2024-04-03T17:12:14.308101" level="INFO">password</msg>
<arg>${keyTwo}</arg>
<doc>Logs the given message with the given level.</doc>
<status status="PASS" start="2024-04-03T17:12:14.307973" elapsed="0.000165"/>
</kw>
<var name="${keyTwo}">password</var>
<status status="PASS" start="2024-04-03T17:12:14.306361" elapsed="0.002010"/>
</iter>
<var>${keyTwo}</var>
<value>@{expected_keysTwo}</value>
<status status="PASS" start="2024-04-03T17:12:14.304075" elapsed="0.004420"/>
</for>
<status status="PASS" start="2024-04-03T17:12:14.198030" elapsed="0.110612"/>
</kw>
<doc>Testa a estrutura da resposta da API.</doc>
<tag>testeEstruturaResposta</tag>
<status status="PASS" start="2024-04-03T17:12:14.197057" elapsed="0.111756"/>
</test>
<test id="s1-s1-t4" name="Validar tipos de dados" line="28">
<kw name="Teste de Tipos de Dados" owner="random-user-service">
<kw name="GET On Session" owner="RequestsLibrary">
<msg time="2024-04-03T17:12:14.387407" level="INFO">GET Request : url=https://randomuser.me/api 
 path_url=/api 
 headers={'User-Agent': 'python-requests/2.31.0', 'Accept-Encoding': 'gzip, deflate', 'Accept': '*/*', 'Connection': 'keep-alive'} 
 body=None 
 </msg>
<msg time="2024-04-03T17:12:14.387476" level="INFO">GET Response : url=https://randomuser.me/api 
 status=200, reason=OK 
 headers={'Date': 'Wed, 03 Apr 2024 17:12:14 GMT', 'Content-Type': 'application/json; charset=utf-8', 'Transfer-Encoding': 'chunked', 'Connection': 'keep-alive', 'X-Powered-By': 'Express', 'Access-Control-Allow-Origin': '*', 'Cache-Control': 'no-cache', 'ETag': 'W/"46c-9FPBma9OiYpUpNeJmPKBpB+T9Cc"', 'Vary': 'Accept-Encoding', 'Content-Encoding': 'gzip', 'CF-Cache-Status': 'DYNAMIC', 'Report-To': '{"endpoints":[{"url":"https:\\/\\/a.nel.cloudflare.com\\/report\\/v4?s=bKxqO0XOmvqcodqSse9SrvqBxwDfqTELIJnnEQfi3S%2BoAGG2pu88dyX0qbA8GFODLu%2B4RdZj8dN5FAvYShHJynrPNRBC6rhfeVIQ6tLHOntR%2BxroWWMreJmNpxpEGZys"}],"group":"cf-nel","max_age":604800}', 'NEL': '{"success_fraction":0,"report_to":"cf-nel","max_age":604800}', 'Server': 'cloudflare', 'CF-RAY': '86eaaeb17d1c2d58-ORD', 'alt-svc': 'h3=":443"; ma=86400'} 
 body={"results":[{"gender":"male","name":{"title":"Mr","first":"Ljuba","last":"Radanović"},"location":{"street":{"number":5291,"name":"Plavljanska"},"city":"Sombor","state":"Kosovo","country":"Serbia","postcode":16640,"coordinates":{"latitude":"64.1467","longitude":"-84.2394"},"timezone":{"offset":"+5:45","description":"Kathmandu"}},"email":"ljuba.radanovic@example.com","login":{"uuid":"69c8ac31-c714-4adf-b0fd-f273a6518be2","username":"yellowswan974","password":"4417","salt":"XCetPY0B","md5":"d8a802bd51e2f836df18070ac2f3aba8","sha1":"c00430f1ad3aea7a0d1302a93b1355a9ff19a1c7","sha256":"c477984914dabfa1e592b8cd0c39560899dbd8db071433ee58010b83e12ea1c0"},"dob":{"date":"1954-09-01T14:47:51.551Z","age":69},"registered":{"date":"2011-05-21T11:10:34.992Z","age":12},"phone":"033-3057-817","cell":"063-2029-453","id":{"name":"SID","value":"934951173"},"picture":{"large":"https://randomuser.me/api/portraits/men/23.jpg","medium":"https://randomuser.me/api/portraits/med/men/23.jpg","thumbnail":"https://randomuser.me/api/portraits/thumb/men/23.jpg"},"nat":"RS"}],"info":{"seed":"cd3a0dc3640ff012","results":1,"page":1,"version":"1.4"}} 
 </msg>
<msg time="2024-04-03T17:12:14.387538" level="INFO">/opt/hostedtoolcache/Python/3.12.2/x64/lib/python3.12/site-packages/urllib3/connectionpool.py:1103: InsecureRequestWarning: Unverified HTTPS request is being made to host 'randomuser.me'. Adding certificate verification is strongly advised. See: https://urllib3.readthedocs.io/en/latest/advanced-usage.html#tls-warnings
  warnings.warn(</msg>
<msg time="2024-04-03T17:12:14.387646" level="INFO">${response} = &lt;Response [200]&gt;</msg>
<var>${response}</var>
<arg>consultarAPI</arg>
<arg>/api</arg>
<doc>Sends a GET request on a previously created HTTP Session.</doc>
<status status="PASS" start="2024-04-03T17:12:14.311307" elapsed="0.076402"/>
</kw>
<kw name="Set Variable" owner="BuiltIn">
<msg time="2024-04-03T17:12:14.388891" level="INFO">${json_data} = {'results': [{'gender': 'male', 'name': {'title': 'Mr', 'first': 'Ljuba', 'last': 'Radanović'}, 'location': {'street': {'number': 5291, 'name': 'Plavljanska'}, 'city': 'Sombor', 'state': 'Kosovo', 'co...</msg>
<var>${json_data}</var>
<arg>${response.json()}</arg>
<doc>Returns the given values which can then be assigned to a variables.</doc>
<status status="PASS" start="2024-04-03T17:12:14.388239" elapsed="0.000691"/>
</kw>
<kw name="Log" owner="BuiltIn">
<msg time="2024-04-03T17:12:14.389411" level="INFO">{'results': [{'gender': 'male', 'name': {'title': 'Mr', 'first': 'Ljuba', 'last': 'Radanović'}, 'location': {'street': {'number': 5291, 'name': 'Plavljanska'}, 'city': 'Sombor', 'state': 'Kosovo', 'country': 'Serbia', 'postcode': 16640, 'coordinates': {'latitude': '64.1467', 'longitude': '-84.2394'}, 'timezone': {'offset': '+5:45', 'description': 'Kathmandu'}}, 'email': 'ljuba.radanovic@example.com', 'login': {'uuid': '69c8ac31-c714-4adf-b0fd-f273a6518be2', 'username': 'yellowswan974', 'password': '4417', 'salt': 'XCetPY0B', 'md5': 'd8a802bd51e2f836df18070ac2f3aba8', 'sha1': 'c00430f1ad3aea7a0d1302a93b1355a9ff19a1c7', 'sha256': 'c477984914dabfa1e592b8cd0c39560899dbd8db071433ee58010b83e12ea1c0'}, 'dob': {'date': '1954-09-01T14:47:51.551Z', 'age': 69}, 'registered': {'date': '2011-05-21T11:10:34.992Z', 'age': 12}, 'phone': '033-3057-817', 'cell': '063-2029-453', 'id': {'name': 'SID', 'value': '934951173'}, 'picture': {'large': 'https://randomuser.me/api/portraits/men/23.jpg', 'medium': 'https://randomuser.me/api/portraits/med/men/23.jpg', 'thumbnail': 'https://randomuser.me/api/portraits/thumb/men/23.jpg'}, 'nat': 'RS'}], 'info': {'seed': 'cd3a0dc3640ff012', 'results': 1, 'page': 1, 'version': '1.4'}}</msg>
<arg>${json_data}</arg>
<doc>Logs the given message with the given level.</doc>
<status status="PASS" start="2024-04-03T17:12:14.389253" elapsed="0.000240"/>
</kw>
<kw name="Should Be String" owner="String">
<arg>${json_data['results'][0]['gender']}</arg>
<doc>Fails if the given ``item`` is not a string.</doc>
<status status="PASS" start="2024-04-03T17:12:14.389811" elapsed="0.000369"/>
</kw>
<kw name="Should Match Regexp" owner="BuiltIn">
<arg>${json_data['results'][0]['email']}</arg>
<arg>^[a-zA-Z0-9._%+-]+@[a-zA-Z0-9.-]+\.[a-zA-Z]{2,}$</arg>
<doc>Fails if ``string`` does not match ``pattern`` as a regular expression.</doc>
<status status="PASS" start="2024-04-03T17:12:14.390376" elapsed="0.000574"/>
</kw>
<kw name="Should Match Regexp" owner="BuiltIn">
<arg>${json_data['results'][0]['dob']['date']}</arg>
<arg>\\d{4}-\\d{2}-\\d{2}T\\d{2}:\\d{2}:\\d{2}\\.\\d{3}Z</arg>
<doc>Fails if ``string`` does not match ``pattern`` as a regular expression.</doc>
<status status="PASS" start="2024-04-03T17:12:14.391154" elapsed="0.000504"/>
</kw>
<kw name="Should Match Regexp" owner="BuiltIn">
<arg>${json_data['results'][0]['registered']['date']}</arg>
<arg>\\d{4}-\\d{2}-\\d{2}T\\d{2}:\\d{2}:\\d{2}\\.\\d{3}Z</arg>
<doc>Fails if ``string`` does not match ``pattern`` as a regular expression.</doc>
<status status="PASS" start="2024-04-03T17:12:14.391856" elapsed="0.000374"/>
</kw>
<kw name="Should Match Regexp" owner="BuiltIn">
<arg>${json_data['results'][0]['picture']['large']}</arg>
<arg>^https?://.*\.(?:png|jpe?g|gif|bmp)$</arg>
<doc>Fails if ``string`` does not match ``pattern`` as a regular expression.</doc>
<status status="PASS" start="2024-04-03T17:12:14.392420" elapsed="0.000471"/>
</kw>
<kw name="Should Match Regexp" owner="BuiltIn">
<arg>${json_data['results'][0]['picture']['medium']}</arg>
<arg>^https?://.*\.(?:png|jpe?g|gif|bmp)$</arg>
<doc>Fails if ``string`` does not match ``pattern`` as a regular expression.</doc>
<status status="PASS" start="2024-04-03T17:12:14.393084" elapsed="0.000361"/>
</kw>
<kw name="Should Match Regexp" owner="BuiltIn">
<arg>${json_data['results'][0]['picture']['thumbnail']}</arg>
<arg>^https?://.*\.(?:png|jpe?g|gif|bmp)$</arg>
<doc>Fails if ``string`` does not match ``pattern`` as a regular expression.</doc>
<status status="PASS" start="2024-04-03T17:12:14.393631" elapsed="0.000356"/>
</kw>
<kw name="Log" owner="BuiltIn">
<msg time="2024-04-03T17:12:14.394523" level="INFO">{'large': 'https://randomuser.me/api/portraits/men/23.jpg', 'medium': 'https://randomuser.me/api/portraits/med/men/23.jpg', 'thumbnail': 'https://randomuser.me/api/portraits/thumb/men/23.jpg'}</msg>
<arg>${json_data['results'][0]['picture']}</arg>
<doc>Logs the given message with the given level.</doc>
<status status="PASS" start="2024-04-03T17:12:14.394170" elapsed="0.000400"/>
</kw>
<status status="PASS" start="2024-04-03T17:12:14.311070" elapsed="0.083763"/>
</kw>
<kw name="Teste de Tipos de Dados - Postcode" owner="random-user-service">
<kw name="GET On Session" owner="RequestsLibrary">
<msg time="2024-04-03T17:12:14.485975" level="INFO">GET Request : url=https://randomuser.me/api 
 path_url=/api 
 headers={'User-Agent': 'python-requests/2.31.0', 'Accept-Encoding': 'gzip, deflate', 'Accept': '*/*', 'Connection': 'keep-alive'} 
 body=None 
 </msg>
<msg time="2024-04-03T17:12:14.486056" level="INFO">GET Response : url=https://randomuser.me/api 
 status=200, reason=OK 
 headers={'Date': 'Wed, 03 Apr 2024 17:12:14 GMT', 'Content-Type': 'application/json; charset=utf-8', 'Transfer-Encoding': 'chunked', 'Connection': 'keep-alive', 'X-Powered-By': 'Express', 'Access-Control-Allow-Origin': '*', 'Cache-Control': 'no-cache', 'ETag': 'W/"4a1-v70wg8cHkSvYFrE+xU0Sfomyq3c"', 'Vary': 'Accept-Encoding', 'Content-Encoding': 'gzip', 'CF-Cache-Status': 'DYNAMIC', 'Report-To': '{"endpoints":[{"url":"https:\\/\\/a.nel.cloudflare.com\\/report\\/v4?s=1x35V5oLLKrW41amkSidtGQhkZHWFuPg4jeTfjq7WdeTP%2FM1N4oaGKPCpKbzEKd163S%2BcmnSKGBf%2Fwdu2KhcIh97H8B05jG6u9ECOAa48HyOTkqD4eILgcm8WOyszfdz"}],"group":"cf-nel","max_age":604800}', 'NEL': '{"success_fraction":0,"report_to":"cf-nel","max_age":604800}', 'Server': 'cloudflare', 'CF-RAY': '86eaaeb1fdb82d58-ORD', 'alt-svc': 'h3=":443"; ma=86400'} 
 body={"results":[{"gender":"female","name":{"title":"Ms","first":"فاطمه زهرا","last":"حیدری"},"location":{"street":{"number":4668,"name":"شهید علی باستانی"},"city":"مشهد","state":"اصفهان","country":"Iran","postcode":15805,"coordinates":{"latitude":"13.1710","longitude":"92.4384"},"timezone":{"offset":"-11:00","description":"Midway Island, Samoa"}},"email":"ftmhzhr.hydry@example.com","login":{"uuid":"92b077b1-14aa-4c9b-b357-bf93c62793f9","username":"heavyostrich966","password":"freefall","salt":"sNNXMR8p","md5":"4d9befd98ad1a5201da3be6818eace0b","sha1":"665d244b57748f15a7c6d529476491ffcb9edc4e","sha256":"2d37b2117c221b3023827213ed2455f9a030c693865406311a0149f55994a947"},"dob":{"date":"1977-03-03T10:31:11.202Z","age":47},"registered":{"date":"2006-01-11T06:56:08.284Z","age":18},"phone":"041-46296597","cell":"0935-330-5129","id":{"name":"","value":null},"picture":{"large":"https://randomuser.me/api/portraits/women/75.jpg","medium":"https://randomuser.me/api/portraits/med/women/75.jpg","thumbnail":"https://randomuser.me/api/portraits/thumb/women/75.jpg"},"nat":"IR"}],"info":{"seed":"4e3a0c1c12abfe50","results":1,"page":1,"version":"1.4"}} 
 </msg>
<msg time="2024-04-03T17:12:14.486141" level="INFO">/opt/hostedtoolcache/Python/3.12.2/x64/lib/python3.12/site-packages/urllib3/connectionpool.py:1103: InsecureRequestWarning: Unverified HTTPS request is being made to host 'randomuser.me'. Adding certificate verification is strongly advised. See: https://urllib3.readthedocs.io/en/latest/advanced-usage.html#tls-warnings
  warnings.warn(</msg>
<msg time="2024-04-03T17:12:14.486240" level="INFO">${response} = &lt;Response [200]&gt;</msg>
<var>${response}</var>
<arg>consultarAPI</arg>
<arg>/api</arg>
<doc>Sends a GET request on a previously created HTTP Session.</doc>
<status status="PASS" start="2024-04-03T17:12:14.395404" elapsed="0.090862"/>
</kw>
<kw name="Set Variable" owner="BuiltIn">
<msg time="2024-04-03T17:12:14.487132" level="INFO">${json_data} = {'results': [{'gender': 'female', 'name': {'title': 'Ms', 'first': 'فاطمه زهرا', 'last': 'حیدری'}, 'location': {'street': {'number': 4668, 'name': 'شهید علی باستانی'}, 'city': 'مشهد', 'state': 'اصفهان...</msg>
<var>${json_data}</var>
<arg>${response.json()}</arg>
<doc>Returns the given values which can then be assigned to a variables.</doc>
<status status="PASS" start="2024-04-03T17:12:14.486683" elapsed="0.000480"/>
</kw>
<kw name="Log" owner="BuiltIn">
<msg time="2024-04-03T17:12:14.487630" level="INFO">{'results': [{'gender': 'female', 'name': {'title': 'Ms', 'first': 'فاطمه زهرا', 'last': 'حیدری'}, 'location': {'street': {'number': 4668, 'name': 'شهید علی باستانی'}, 'city': 'مشهد', 'state': 'اصفهان', 'country': 'Iran', 'postcode': 15805, 'coordinates': {'latitude': '13.1710', 'longitude': '92.4384'}, 'timezone': {'offset': '-11:00', 'description': 'Midway Island, Samoa'}}, 'email': 'ftmhzhr.hydry@example.com', 'login': {'uuid': '92b077b1-14aa-4c9b-b357-bf93c62793f9', 'username': 'heavyostrich966', 'password': 'freefall', 'salt': 'sNNXMR8p', 'md5': '4d9befd98ad1a5201da3be6818eace0b', 'sha1': '665d244b57748f15a7c6d529476491ffcb9edc4e', 'sha256': '2d37b2117c221b3023827213ed2455f9a030c693865406311a0149f55994a947'}, 'dob': {'date': '1977-03-03T10:31:11.202Z', 'age': 47}, 'registered': {'date': '2006-01-11T06:56:08.284Z', 'age': 18}, 'phone': '041-46296597', 'cell': '0935-330-5129', 'id': {'name': '', 'value': None}, 'picture': {'large': 'https://randomuser.me/api/portraits/women/75.jpg', 'medium': 'https://randomuser.me/api/portraits/med/women/75.jpg', 'thumbnail': 'https://randomuser.me/api/portraits/thumb/women/75.jpg'}, 'nat': 'IR'}], 'info': {'seed': '4e3a0c1c12abfe50', 'results': 1, 'page': 1, 'version': '1.4'}}</msg>
<arg>${json_data}</arg>
<doc>Logs the given message with the given level.</doc>
<status status="PASS" start="2024-04-03T17:12:14.487467" elapsed="0.000213"/>
</kw>
<kw name="Should Be Equal As Numbers" owner="BuiltIn">
<arg>${json_data['results'][0]['location']['postcode']}</arg>
<arg>${json_data['results'][0]['location']['postcode']}</arg>
<doc>Fails if objects are unequal after converting them to real numbers.</doc>
<status status="PASS" start="2024-04-03T17:12:14.488004" elapsed="0.000626"/>
</kw>
<kw name="Log" owner="BuiltIn">
<msg time="2024-04-03T17:12:14.489172" level="INFO">15805</msg>
<arg>${json_data['results'][0]['location']['postcode']}</arg>
<doc>Logs the given message with the given level.</doc>
<status status="PASS" start="2024-04-03T17:12:14.488823" elapsed="0.000389"/>
</kw>
<status status="PASS" start="2024-04-03T17:12:14.395054" elapsed="0.094410"/>
</kw>
<doc>Testa se os tipos de dados na resposta da API estão corretos.</doc>
<tag>testeTiposDados</tag>
<status status="PASS" start="2024-04-03T17:12:14.310599" elapsed="0.179033"/>
</test>
<test id="s1-s1-t5" name="Validar conteudo" line="35">
<kw name="Teste de Tipos de Conteudo" owner="random-user-service">
<kw name="GET On Session" owner="RequestsLibrary">
<msg time="2024-04-03T17:12:14.583309" level="INFO">GET Request : url=https://randomuser.me/api 
 path_url=/api 
 headers={'User-Agent': 'python-requests/2.31.0', 'Accept-Encoding': 'gzip, deflate', 'Accept': '*/*', 'Connection': 'keep-alive'} 
 body=None 
 </msg>
<msg time="2024-04-03T17:12:14.583404" level="INFO">GET Response : url=https://randomuser.me/api 
 status=200, reason=OK 
 headers={'Date': 'Wed, 03 Apr 2024 17:12:14 GMT', 'Content-Type': 'application/json; charset=utf-8', 'Transfer-Encoding': 'chunked', 'Connection': 'keep-alive', 'X-Powered-By': 'Express', 'Access-Control-Allow-Origin': '*', 'Cache-Control': 'no-cache', 'ETag': 'W/"4aa-130f2CF4bS/97NaOCAyoAxFm0hQ"', 'Vary': 'Accept-Encoding', 'Content-Encoding': 'gzip', 'CF-Cache-Status': 'DYNAMIC', 'Report-To': '{"endpoints":[{"url":"https:\\/\\/a.nel.cloudflare.com\\/report\\/v4?s=1bfRlR%2B6g%2BNyE%2BbX5iJJ9DtvR0A8ky3vMx2c9UiH8tFrtNlnnqK1lcgvwKYjeUOU7w2QyOEccRkQWqMA9U3EFTcNSLn2N%2BaM6Oh%2FMVcB9syJBBR7Mxvxl%2F0Fw0YRBthr"}],"group":"cf-nel","max_age":604800}', 'NEL': '{"success_fraction":0,"report_to":"cf-nel","max_age":604800}', 'Server': 'cloudflare', 'CF-RAY': '86eaaeb29e8a2d58-ORD', 'alt-svc': 'h3=":443"; ma=86400'} 
 body={"results":[{"gender":"female","name":{"title":"Madame","first":"Katarina","last":"Joly"},"location":{"street":{"number":2224,"name":"Cours Charlemagne"},"city":"Courrendlin","state":"Bern","country":"Switzerland","postcode":6470,"coordinates":{"latitude":"-55.7563","longitude":"120.6571"},"timezone":{"offset":"-6:00","description":"Central Time (US &amp; Canada), Mexico City"}},"email":"katarina.joly@example.com","login":{"uuid":"87433233-4117-4990-b9b3-6f7d9a91efca","username":"bluegorilla947","password":"reflex","salt":"hhBLLamJ","md5":"dae2a25c56c9a3f36d4032ee18e2f6b7","sha1":"9a6b5374322b8378151ba5649a966b87274b2103","sha256":"c40867bf5a1b4257150f3730522e9150ab39a520995f30959d0a605fe294b2c5"},"dob":{"date":"1972-09-20T18:44:24.929Z","age":51},"registered":{"date":"2018-12-22T15:53:08.553Z","age":5},"phone":"075 997 61 26","cell":"077 099 29 47","id":{"name":"AVS","value":"756.5636.2710.61"},"picture":{"large":"https://randomuser.me/api/portraits/women/54.jpg","medium":"https://randomuser.me/api/portraits/med/women/54.jpg","thumbnail":"https://randomuser.me/api/portraits/thumb/women/54.jpg"},"nat":"CH"}],"info":{"seed":"4ce22a11a34998cb","results":1,"page":1,"version":"1.4"}} 
 </msg>
<msg time="2024-04-03T17:12:14.583474" level="INFO">/opt/hostedtoolcache/Python/3.12.2/x64/lib/python3.12/site-packages/urllib3/connectionpool.py:1103: InsecureRequestWarning: Unverified HTTPS request is being made to host 'randomuser.me'. Adding certificate verification is strongly advised. See: https://urllib3.readthedocs.io/en/latest/advanced-usage.html#tls-warnings
  warnings.warn(</msg>
<msg time="2024-04-03T17:12:14.583586" level="INFO">${response} = &lt;Response [200]&gt;</msg>
<var>${response}</var>
<arg>consultarAPI</arg>
<arg>/api</arg>
<doc>Sends a GET request on a previously created HTTP Session.</doc>
<status status="PASS" start="2024-04-03T17:12:14.492140" elapsed="0.091489"/>
</kw>
<kw name="Set Variable" owner="BuiltIn">
<msg time="2024-04-03T17:12:14.584622" level="INFO">${json_data} = {'results': [{'gender': 'female', 'name': {'title': 'Madame', 'first': 'Katarina', 'last': 'Joly'}, 'location': {'street': {'number': 2224, 'name': 'Cours Charlemagne'}, 'city': 'Courrendlin', 'state'...</msg>
<var>${json_data}</var>
<arg>${response.json()}</arg>
<doc>Returns the given values which can then be assigned to a variables.</doc>
<status status="PASS" start="2024-04-03T17:12:14.584123" elapsed="0.000527"/>
</kw>
<kw name="Set Variable" owner="BuiltIn">
<msg time="2024-04-03T17:12:14.585338" level="INFO">${name_title} = Madame</msg>
<var>${name_title}</var>
<arg>${json_data["results"][0]["name"]["title"]}</arg>
<doc>Returns the given values which can then be assigned to a variables.</doc>
<status status="PASS" start="2024-04-03T17:12:14.584961" elapsed="0.000403"/>
</kw>
<kw name="Create List" owner="BuiltIn">
<msg time="2024-04-03T17:12:14.585815" level="INFO">${allowed_titles} = ['Mr', 'Ms', 'Miss', 'Mrs', 'Madame', 'Monsieur']</msg>
<var>${allowed_titles}</var>
<arg>Mr</arg>
<arg>Ms</arg>
<arg>Miss</arg>
<arg>Mrs</arg>
<arg>Madame</arg>
<arg>Monsieur</arg>
<doc>Returns a list containing given items.</doc>
<status status="PASS" start="2024-04-03T17:12:14.585665" elapsed="0.000175"/>
</kw>
<kw name="List Should Contain Value" owner="Collections">
<msg time="2024-04-03T17:12:14.586322" level="INFO">False</msg>
<arg>${allowed_titles}</arg>
<arg>${name_title}</arg>
<doc>Fails if the ``value`` is not found from ``list``.</doc>
<status status="PASS" start="2024-04-03T17:12:14.586145" elapsed="0.000213"/>
</kw>
<kw name="Set Variable" owner="BuiltIn">
<msg time="2024-04-03T17:12:14.587078" level="INFO">${name_country} = CH</msg>
<var>${name_country}</var>
<arg>${json_data["results"][0]["nat"]}</arg>
<doc>Returns the given values which can then be assigned to a variables.</doc>
<status status="PASS" start="2024-04-03T17:12:14.586695" elapsed="0.000408"/>
</kw>
<kw name="Create List" owner="BuiltIn">
<msg time="2024-04-03T17:12:14.588023" level="INFO">${list_country} = ['AD', 'AE', 'AF', 'AG', 'AI', 'AL', 'AM', 'AO', 'AQ', 'AR', 'AS', 'AT', 'AU', 'AW', 'AX', 'AZ', 'BA', 'BB', 'BD', 'BE', 'BF', 'BG', 'BH', 'BI', 'BJ', 'BL', 'BM', 'BN', 'BO', 'BQ', 'BR', 'BS', 'BT', '...</msg>
<var>${list_country}</var>
<arg>AD</arg>
<arg>AE</arg>
<arg>AF</arg>
<arg>AG</arg>
<arg>AI</arg>
<arg>AL</arg>
<arg>AM</arg>
<arg>AO</arg>
<arg>AQ</arg>
<arg>AR</arg>
<arg>AS</arg>
<arg>AT</arg>
<arg>AU</arg>
<arg>AW</arg>
<arg>AX</arg>
<arg>AZ</arg>
<arg>BA</arg>
<arg>BB</arg>
<arg>BD</arg>
<arg>BE</arg>
<arg>BF</arg>
<arg>BG</arg>
<arg>BH</arg>
<arg>BI</arg>
<arg>BJ</arg>
<arg>BL</arg>
<arg>BM</arg>
<arg>BN</arg>
<arg>BO</arg>
<arg>BQ</arg>
<arg>BR</arg>
<arg>BS</arg>
<arg>BT</arg>
<arg>BV</arg>
<arg>BW</arg>
<arg>BY</arg>
<arg>BZ</arg>
<arg>CA</arg>
<arg>CC</arg>
<arg>CD</arg>
<arg>CF</arg>
<arg>CG</arg>
<arg>CH</arg>
<arg>CI</arg>
<arg>CK</arg>
<arg>CL</arg>
<arg>CM</arg>
<arg>CN</arg>
<arg>CO</arg>
<arg>CR</arg>
<arg>CU</arg>
<arg>CV</arg>
<arg>CW</arg>
<arg>CX</arg>
<arg>CY</arg>
<arg>CZ</arg>
<arg>DE</arg>
<arg>DJ</arg>
<arg>DK</arg>
<arg>DM</arg>
<arg>DO</arg>
<arg>DZ</arg>
<arg>EC</arg>
<arg>EE</arg>
<arg>EG</arg>
<arg>EH</arg>
<arg>ER</arg>
<arg>ES</arg>
<arg>ET</arg>
<arg>FI</arg>
<arg>FJ</arg>
<arg>FK</arg>
<arg>FM</arg>
<arg>FO</arg>
<arg>FR</arg>
<arg>GA</arg>
<arg>GB</arg>
<arg>GD</arg>
<arg>GE</arg>
<arg>GF</arg>
<arg>GG</arg>
<arg>GH</arg>
<arg>GI</arg>
<arg>GL</arg>
<arg>GM</arg>
<arg>GN</arg>
<arg>GP</arg>
<arg>GQ</arg>
<arg>GR</arg>
<arg>GS</arg>
<arg>GT</arg>
<arg>GU</arg>
<arg>GW</arg>
<arg>GY</arg>
<arg>HK</arg>
<arg>HM</arg>
<arg>HN</arg>
<arg>HR</arg>
<arg>HT</arg>
<arg>HU</arg>
<arg>ID</arg>
<arg>IE</arg>
<arg>IL</arg>
<arg>IM</arg>
<arg>IN</arg>
<arg>IO</arg>
<arg>IQ</arg>
<arg>IR</arg>
<arg>IS</arg>
<arg>IT</arg>
<arg>JE</arg>
<arg>JM</arg>
<arg>JO</arg>
<arg>JP</arg>
<arg>KE</arg>
<arg>KG</arg>
<arg>KH</arg>
<arg>KI</arg>
<arg>KM</arg>
<arg>KN</arg>
<arg>KP</arg>
<arg>KR</arg>
<arg>KW</arg>
<arg>KY</arg>
<arg>KZ</arg>
<arg>LA</arg>
<arg>LB</arg>
<arg>LC</arg>
<arg>LI</arg>
<arg>LK</arg>
<arg>LR</arg>
<arg>LS</arg>
<arg>LT</arg>
<arg>LU</arg>
<arg>LV</arg>
<arg>LY</arg>
<arg>MA</arg>
<arg>MC</arg>
<arg>MD</arg>
<arg>ME</arg>
<arg>MF</arg>
<arg>MG</arg>
<arg>MH</arg>
<arg>MK</arg>
<arg>ML</arg>
<arg>MM</arg>
<arg>MN</arg>
<arg>MO</arg>
<arg>MP</arg>
<arg>MQ</arg>
<arg>MR</arg>
<arg>MS</arg>
<arg>MT</arg>
<arg>MU</arg>
<arg>MV</arg>
<arg>MW</arg>
<arg>MX</arg>
<arg>MY</arg>
<arg>MZ</arg>
<arg>NA</arg>
<arg>NC</arg>
<arg>NE</arg>
<arg>NF</arg>
<arg>NG</arg>
<arg>NI</arg>
<arg>NL</arg>
<arg>NO</arg>
<arg>NP</arg>
<arg>NR</arg>
<arg>NU</arg>
<arg>NZ</arg>
<arg>OM</arg>
<arg>PA</arg>
<arg>PE</arg>
<arg>PF</arg>
<arg>PG</arg>
<arg>PH</arg>
<arg>PK</arg>
<arg>PL</arg>
<arg>PM</arg>
<arg>PN</arg>
<arg>PR</arg>
<arg>PS</arg>
<arg>PT</arg>
<arg>PW</arg>
<arg>PY</arg>
<arg>QA</arg>
<arg>RE</arg>
<arg>RO</arg>
<arg>RS</arg>
<arg>RU</arg>
<arg>RW</arg>
<arg>SA</arg>
<arg>SB</arg>
<arg>SC</arg>
<arg>SD</arg>
<arg>SE</arg>
<arg>SG</arg>
<arg>SH</arg>
<arg>SI</arg>
<arg>SJ</arg>
<arg>SK</arg>
<arg>SL</arg>
<arg>SM</arg>
<arg>SN</arg>
<arg>SO</arg>
<arg>SR</arg>
<arg>SS</arg>
<arg>ST</arg>
<arg>SV</arg>
<arg>SX</arg>
<arg>SY</arg>
<arg>SZ</arg>
<arg>TC</arg>
<arg>TD</arg>
<arg>TF</arg>
<arg>TG</arg>
<arg>TH</arg>
<arg>TJ</arg>
<arg>TK</arg>
<arg>TL</arg>
<arg>TM</arg>
<arg>TN</arg>
<arg>TO</arg>
<arg>TR</arg>
<arg>TT</arg>
<arg>TV</arg>
<arg>TW</arg>
<arg>TZ</arg>
<arg>UA</arg>
<arg>UG</arg>
<arg>UM</arg>
<arg>US</arg>
<arg>UY</arg>
<arg>UZ</arg>
<arg>VA</arg>
<arg>VC</arg>
<arg>VE</arg>
<arg>VG</arg>
<arg>VI</arg>
<arg>VN</arg>
<arg>VU</arg>
<arg>WF</arg>
<arg>WS</arg>
<arg>XK</arg>
<arg>YE</arg>
<arg>YT</arg>
<arg>ZA</arg>
<arg>ZM</arg>
<arg>ZW</arg>
<doc>Returns a list containing given items.</doc>
<status status="PASS" start="2024-04-03T17:12:14.587414" elapsed="0.000634"/>
</kw>
<kw name="List Should Contain Value" owner="Collections">
<msg time="2024-04-03T17:12:14.589189" level="INFO">False</msg>
<arg>${list_country}</arg>
<arg>${name_country}</arg>
<doc>Fails if the ``value`` is not found from ``list``.</doc>
<status status="PASS" start="2024-04-03T17:12:14.588974" elapsed="0.000251"/>
</kw>
<kw name="Run Keyword If" owner="BuiltIn">
<kw name="Should Be True" owner="BuiltIn">
<arg>${True}</arg>
<doc>Fails if the given condition is not true.</doc>
<status status="PASS" start="2024-04-03T17:12:14.590297" elapsed="0.000148"/>
</kw>
<arg>${json_data["results"][0]["location"]["coordinates"]["latitude"]} &gt;= -90 and ${json_data["results"][0]["location"]["coordinates"]["latitude"]} &lt;= 90</arg>
<arg>Should Be True</arg>
<arg>${True}</arg>
<doc>Runs the given keyword with the given arguments, if ``condition`` is true.</doc>
<status status="PASS" start="2024-04-03T17:12:14.589541" elapsed="0.001061"/>
</kw>
<kw name="Run Keyword If" owner="BuiltIn">
<kw name="Should Be True" owner="BuiltIn">
<arg>${True}</arg>
<doc>Fails if the given condition is not true.</doc>
<status status="PASS" start="2024-04-03T17:12:14.591495" elapsed="0.000147"/>
</kw>
<arg>${json_data["results"][0]["location"]["coordinates"]["longitude"]} &gt;= -180 and ${json_data["results"][0]["location"]["coordinates"]["longitude"]} &lt;= 180</arg>
<arg>Should Be True</arg>
<arg>${True}</arg>
<doc>Runs the given keyword with the given arguments, if ``condition`` is true.</doc>
<status status="PASS" start="2024-04-03T17:12:14.590794" elapsed="0.000974"/>
</kw>
<status status="PASS" start="2024-04-03T17:12:14.491913" elapsed="0.099986"/>
</kw>
<doc>Testa o conteúdo específico dos campos retornados pela API.</doc>
<tag>testeConteudo</tag>
<status status="PASS" start="2024-04-03T17:12:14.491462" elapsed="0.100592"/>
</test>
<status status="PASS" start="2024-04-03T17:12:13.764630" elapsed="0.829357"/>
</suite>
<status status="PASS" start="2024-04-03T17:12:13.750926" elapsed="0.848420"/>
</suite>
<statistics>
<total>
<stat pass="5" fail="0" skip="0">All Tests</stat>
</total>
<tag>
<stat pass="1" fail="0" skip="0">testeConteudo</stat>
<stat pass="1" fail="0" skip="0">testeEstruturaResposta</stat>
<stat pass="1" fail="0" skip="0">testeRequisicaoBasica</stat>
<stat pass="1" fail="0" skip="0">testeTiposDados</stat>
</tag>
<suite>
<stat pass="5" fail="0" skip="0" id="s1" name="Tests">Tests</stat>
<stat pass="5" fail="0" skip="0" id="s1-s1" name="Random-User-Test">Tests.Random-User-Test</stat>
</suite>
</statistics>
<errors>
</errors>
</robot>
