<?xml version="1.0" encoding="UTF-8"?>
<robot generator="Robot 7.0 (Python 3.12.2 on linux)" generated="2024-03-30T04:15:32.653178" rpa="false" schemaversion="5">
<suite id="s1" name="Tests" source="/home/runner/work/DesafioQAItauRogerioJordao/DesafioQAItauRogerioJordao/RamdonUser/tests">
<suite id="s1-s1" name="Random-User-Test" source="/home/runner/work/DesafioQAItauRogerioJordao/DesafioQAItauRogerioJordao/RamdonUser/tests/random-user-test.robot">
<test id="s1-s1-t1" name="Conectar" line="13">
<kw name="Conectar API" owner="random-user-service">
<kw name="Create Session" owner="RequestsLibrary">
<msg time="2024-03-30T04:15:33.018764" level="INFO">Creating Session using : alias=consultarAPI, url=https://randomuser.me/, headers={},                     cookies={}, auth=None, timeout=None, proxies=None, verify=False,                     debug=0 </msg>
<arg>consultarAPI</arg>
<arg>${URL}</arg>
<doc>Create Session: create a HTTP session to a server</doc>
<status status="PASS" start="2024-03-30T04:15:33.018550" elapsed="0.000464"/>
</kw>
<status status="PASS" start="2024-03-30T04:15:33.017505" elapsed="0.001994"/>
</kw>
<status status="PASS" start="2024-03-30T04:15:33.016864" elapsed="0.002881"/>
</test>
<test id="s1-s1-t2" name="Validar retorno 200 e JSON Válido" line="16">
<kw name="Teste de Requisicao Basica" owner="random-user-service">
<kw name="GET On Session" owner="RequestsLibrary">
<msg time="2024-03-30T04:15:33.276710" level="INFO">GET Request : url=https://randomuser.me/api 
 path_url=/api 
 headers={'User-Agent': 'python-requests/2.31.0', 'Accept-Encoding': 'gzip, deflate', 'Accept': '*/*', 'Connection': 'keep-alive'} 
 body=None 
 </msg>
<msg time="2024-03-30T04:15:33.276859" level="INFO">GET Response : url=https://randomuser.me/api 
 status=200, reason=OK 
 headers={'Date': 'Sat, 30 Mar 2024 04:15:33 GMT', 'Content-Type': 'application/json; charset=utf-8', 'Transfer-Encoding': 'chunked', 'Connection': 'keep-alive', 'X-Powered-By': 'Express', 'Access-Control-Allow-Origin': '*', 'Cache-Control': 'no-cache', 'ETag': 'W/"48e-YmMMCHzSNlax1M2TTqrp6i2UMjA"', 'Vary': 'Accept-Encoding', 'Content-Encoding': 'gzip', 'CF-Cache-Status': 'DYNAMIC', 'Report-To': '{"endpoints":[{"url":"https:\\/\\/a.nel.cloudflare.com\\/report\\/v4?s=j%2FHnaz2XQYdA%2BgPHtiigjy0OpkUP0bmzcYVFkcc2LTebXWpIIJ5DkV6vKdtf6SYHi34LPoAtbcaqA63Qy9Z2pTIzkcKZJfuZev4LWCOLMzut5eQ2y1dmyOPo27%2Btp7X2"}],"group":"cf-nel","max_age":604800}', 'NEL': '{"success_fraction":0,"report_to":"cf-nel","max_age":604800}', 'Server': 'cloudflare', 'CF-RAY': '86c5477868057eb9-LAX', 'alt-svc': 'h3=":443"; ma=86400'} 
 body={"results":[{"gender":"male","name":{"title":"Mr","first":"Gordon","last":"Wright"},"location":{"street":{"number":8573,"name":"Main Road"},"city":"Hereford","state":"Lothian","country":"United Kingdom","postcode":"V79 0TA","coordinates":{"latitude":"-8.3954","longitude":"-166.8271"},"timezone":{"offset":"-7:00","description":"Mountain Time (US &amp; Canada)"}},"email":"gordon.wright@example.com","login":{"uuid":"6f2d569c-c1c0-402d-8b07-0c304f3dd2bf","username":"angryladybug133","password":"qqqqqqq","salt":"UfYbalYI","md5":"9c4030bf2bb95cbb28faa2177e2f488e","sha1":"4df00ebb2904abcab5c162b2195e90629ded02eb","sha256":"273024aa65d5a30845d9f455c7e8b75eff6fbf3260cf8dae81d48ac5a15a17bc"},"dob":{"date":"1988-09-15T00:24:41.309Z","age":35},"registered":{"date":"2006-02-06T21:18:21.583Z","age":18},"phone":"016973 88142","cell":"07076 392616","id":{"name":"NINO","value":"AA 17 45 13 S"},"picture":{"large":"https://randomuser.me/api/portraits/men/4.jpg","medium":"https://randomuser.me/api/portraits/med/men/4.jpg","thumbnail":"https://randomuser.me/api/portraits/thumb/men/4.jpg"},"nat":"GB"}],"info":{"seed":"f93cbd03252f5d8e","results":1,"page":1,"version":"1.4"}} 
 </msg>
<msg time="2024-03-30T04:15:33.276967" level="INFO">/opt/hostedtoolcache/Python/3.12.2/x64/lib/python3.12/site-packages/urllib3/connectionpool.py:1103: InsecureRequestWarning: Unverified HTTPS request is being made to host 'randomuser.me'. Adding certificate verification is strongly advised. See: https://urllib3.readthedocs.io/en/latest/advanced-usage.html#tls-warnings
  warnings.warn(</msg>
<msg time="2024-03-30T04:15:33.277124" level="INFO">${response} = &lt;Response [200]&gt;</msg>
<var>${response}</var>
<arg>consultarAPI</arg>
<arg>/api</arg>
<doc>Sends a GET request on a previously created HTTP Session.</doc>
<status status="PASS" start="2024-03-30T04:15:33.022452" elapsed="0.254712"/>
</kw>
<kw name="Should Be Equal As Numbers" owner="BuiltIn">
<msg time="2024-03-30T04:15:33.278131" level="INFO">Argument types are:
&lt;class 'int'&gt;
&lt;class 'str'&gt;</msg>
<arg>${response.status_code}</arg>
<arg>200</arg>
<doc>Fails if objects are unequal after converting them to real numbers.</doc>
<status status="PASS" start="2024-03-30T04:15:33.277680" elapsed="0.000516"/>
</kw>
<kw name="Log" owner="BuiltIn">
<msg time="2024-03-30T04:15:33.278862" level="INFO">200</msg>
<arg>${response.status_code}</arg>
<doc>Logs the given message with the given level.</doc>
<status status="PASS" start="2024-03-30T04:15:33.278510" elapsed="0.000394"/>
</kw>
<kw name="Set Variable" owner="BuiltIn">
<msg time="2024-03-30T04:15:33.279649" level="INFO">${json_data} = {'results': [{'gender': 'male', 'name': {'title': 'Mr', 'first': 'Gordon', 'last': 'Wright'}, 'location': {'street': {'number': 8573, 'name': 'Main Road'}, 'city': 'Hereford', 'state': 'Lothian', 'cou...</msg>
<var>${json_data}</var>
<arg>${response.json()}</arg>
<doc>Returns the given values which can then be assigned to a variables.</doc>
<status status="PASS" start="2024-03-30T04:15:33.279215" elapsed="0.000462"/>
</kw>
<kw name="Dictionary Should Contain Key" owner="Collections">
<msg time="2024-03-30T04:15:33.280154" level="INFO">False</msg>
<arg>${json_data}</arg>
<arg>results</arg>
<doc>Fails if ``key`` is not found from ``dictionary``.</doc>
<status status="PASS" start="2024-03-30T04:15:33.279980" elapsed="0.000213"/>
</kw>
<status status="PASS" start="2024-03-30T04:15:33.022199" elapsed="0.258251"/>
</kw>
<doc>Testa se a API responde corretamente e retorna um objeto JSON válido.</doc>
<tag>testeRequisicaoBasica</tag>
<status status="PASS" start="2024-03-30T04:15:33.021660" elapsed="0.259012"/>
</test>
<test id="s1-s1-t3" name="Validar estrutura de resposta" line="22">
<kw name="Teste de Estrutura de Resposta" owner="random-user-service">
<kw name="GET On Session" owner="RequestsLibrary">
<msg time="2024-03-30T04:15:33.380689" level="INFO">GET Request : url=https://randomuser.me/api 
 path_url=/api 
 headers={'User-Agent': 'python-requests/2.31.0', 'Accept-Encoding': 'gzip, deflate', 'Accept': '*/*', 'Connection': 'keep-alive'} 
 body=None 
 </msg>
<msg time="2024-03-30T04:15:33.380774" level="INFO">GET Response : url=https://randomuser.me/api 
 status=200, reason=OK 
 headers={'Date': 'Sat, 30 Mar 2024 04:15:33 GMT', 'Content-Type': 'application/json; charset=utf-8', 'Transfer-Encoding': 'chunked', 'Connection': 'keep-alive', 'X-Powered-By': 'Express', 'Access-Control-Allow-Origin': '*', 'Cache-Control': 'no-cache', 'ETag': 'W/"49b-GqYg69Bh+CS3fDiNU/ciI/pJRZw"', 'Vary': 'Accept-Encoding', 'Content-Encoding': 'gzip', 'CF-Cache-Status': 'DYNAMIC', 'Report-To': '{"endpoints":[{"url":"https:\\/\\/a.nel.cloudflare.com\\/report\\/v4?s=fMMSr76C5c31KFrTRFooPuD6RQTu5NBjgB0RLgEOAyy%2Bh%2FWlOVlEvHiDPwOagZJ8bXCsCQRxr6ovYkL2FlRDr1ItXysnH%2BPsUCDZ1sHef94aNr9nF6PYzqLAMbmy2d4s"}],"group":"cf-nel","max_age":604800}', 'NEL': '{"success_fraction":0,"report_to":"cf-nel","max_age":604800}', 'Server': 'cloudflare', 'CF-RAY': '86c54779189b7eb9-LAX', 'alt-svc': 'h3=":443"; ma=86400'} 
 body={"results":[{"gender":"female","name":{"title":"Mrs","first":"Evdokija","last":"Kojić"},"location":{"street":{"number":9075,"name":"Desanke Dese Đorđević"},"city":"Valjevo","state":"Bor","country":"Serbia","postcode":37314,"coordinates":{"latitude":"62.9829","longitude":"134.0954"},"timezone":{"offset":"+10:00","description":"Eastern Australia, Guam, Vladivostok"}},"email":"evdokija.kojic@example.com","login":{"uuid":"455fe2e0-4d5b-46cd-84a8-045def9ba1c0","username":"orangebear327","password":"nicole","salt":"1xQAYZqr","md5":"957ece29af305dd55976c220618a2469","sha1":"ee67817e15849ffcc7b011fed880ddb8e11ba87e","sha256":"db4e9faff0318e7e3da5d9c7cf3d24e5e914427a178e58c81a594d8f38e6ae7d"},"dob":{"date":"1965-07-22T00:41:21.328Z","age":58},"registered":{"date":"2018-12-27T10:30:11.014Z","age":5},"phone":"036-7618-018","cell":"063-3960-529","id":{"name":"SID","value":"038977464"},"picture":{"large":"https://randomuser.me/api/portraits/women/88.jpg","medium":"https://randomuser.me/api/portraits/med/women/88.jpg","thumbnail":"https://randomuser.me/api/portraits/thumb/women/88.jpg"},"nat":"RS"}],"info":{"seed":"07420495aa2f76f5","results":1,"page":1,"version":"1.4"}} 
 </msg>
<msg time="2024-03-30T04:15:33.380904" level="INFO">/opt/hostedtoolcache/Python/3.12.2/x64/lib/python3.12/site-packages/urllib3/connectionpool.py:1103: InsecureRequestWarning: Unverified HTTPS request is being made to host 'randomuser.me'. Adding certificate verification is strongly advised. See: https://urllib3.readthedocs.io/en/latest/advanced-usage.html#tls-warnings
  warnings.warn(</msg>
<msg time="2024-03-30T04:15:33.381035" level="INFO">${response} = &lt;Response [200]&gt;</msg>
<var>${response}</var>
<arg>consultarAPI</arg>
<arg>/api</arg>
<doc>Sends a GET request on a previously created HTTP Session.</doc>
<status status="PASS" start="2024-03-30T04:15:33.283415" elapsed="0.097660"/>
</kw>
<kw name="Set Variable" owner="BuiltIn">
<msg time="2024-03-30T04:15:33.382024" level="INFO">${json_data} = {'results': [{'gender': 'female', 'name': {'title': 'Mrs', 'first': 'Evdokija', 'last': 'Kojić'}, 'location': {'street': {'number': 9075, 'name': 'Desanke Dese Đorđević'}, 'city': 'Valjevo', 'state': ...</msg>
<var>${json_data}</var>
<arg>${response.json()}</arg>
<doc>Returns the given values which can then be assigned to a variables.</doc>
<status status="PASS" start="2024-03-30T04:15:33.381529" elapsed="0.000525"/>
</kw>
<kw name="Log" owner="BuiltIn">
<msg time="2024-03-30T04:15:33.382524" level="INFO">{'results': [{'gender': 'female', 'name': {'title': 'Mrs', 'first': 'Evdokija', 'last': 'Kojić'}, 'location': {'street': {'number': 9075, 'name': 'Desanke Dese Đorđević'}, 'city': 'Valjevo', 'state': 'Bor', 'country': 'Serbia', 'postcode': 37314, 'coordinates': {'latitude': '62.9829', 'longitude': '134.0954'}, 'timezone': {'offset': '+10:00', 'description': 'Eastern Australia, Guam, Vladivostok'}}, 'email': 'evdokija.kojic@example.com', 'login': {'uuid': '455fe2e0-4d5b-46cd-84a8-045def9ba1c0', 'username': 'orangebear327', 'password': 'nicole', 'salt': '1xQAYZqr', 'md5': '957ece29af305dd55976c220618a2469', 'sha1': 'ee67817e15849ffcc7b011fed880ddb8e11ba87e', 'sha256': 'db4e9faff0318e7e3da5d9c7cf3d24e5e914427a178e58c81a594d8f38e6ae7d'}, 'dob': {'date': '1965-07-22T00:41:21.328Z', 'age': 58}, 'registered': {'date': '2018-12-27T10:30:11.014Z', 'age': 5}, 'phone': '036-7618-018', 'cell': '063-3960-529', 'id': {'name': 'SID', 'value': '038977464'}, 'picture': {'large': 'https://randomuser.me/api/portraits/women/88.jpg', 'medium': 'https://randomuser.me/api/portraits/med/women/88.jpg', 'thumbnail': 'https://randomuser.me/api/portraits/thumb/women/88.jpg'}, 'nat': 'RS'}], 'info': {'seed': '07420495aa2f76f5', 'results': 1, 'page': 1, 'version': '1.4'}}</msg>
<arg>${json_data}</arg>
<doc>Logs the given message with the given level.</doc>
<status status="PASS" start="2024-03-30T04:15:33.382361" elapsed="0.000213"/>
</kw>
<kw name="Dictionary Should Contain Key" owner="Collections">
<msg time="2024-03-30T04:15:33.383022" level="INFO">False</msg>
<arg>${json_data}</arg>
<arg>results</arg>
<doc>Fails if ``key`` is not found from ``dictionary``.</doc>
<status status="PASS" start="2024-03-30T04:15:33.382869" elapsed="0.000188"/>
</kw>
<kw name="Should Not Be Empty" owner="BuiltIn">
<msg time="2024-03-30T04:15:33.383476" level="INFO">Length is 2.</msg>
<arg>${json_data}</arg>
<doc>Verifies that the given item is not empty.</doc>
<status status="PASS" start="2024-03-30T04:15:33.383344" elapsed="0.000169"/>
</kw>
<kw name="Create List" owner="BuiltIn">
<msg time="2024-03-30T04:15:33.383947" level="INFO">${expected_keys} = ['gender', 'name', 'location', 'email', 'login']</msg>
<var>${expected_keys}</var>
<arg>gender</arg>
<arg>name</arg>
<arg>location</arg>
<arg>email</arg>
<arg>login</arg>
<doc>Returns a list containing given items.</doc>
<status status="PASS" start="2024-03-30T04:15:33.383800" elapsed="0.000171"/>
</kw>
<for flavor="IN">
<iter>
<kw name="Dictionary Should Contain Key" owner="Collections">
<msg time="2024-03-30T04:15:33.384970" level="INFO">False</msg>
<arg>${json_data['results'][0]}</arg>
<arg>${key}</arg>
<doc>Fails if ``key`` is not found from ``dictionary``.</doc>
<status status="PASS" start="2024-03-30T04:15:33.384539" elapsed="0.000470"/>
</kw>
<kw name="Log" owner="BuiltIn">
<msg time="2024-03-30T04:15:33.385684" level="INFO">{'gender': 'female', 'name': {'title': 'Mrs', 'first': 'Evdokija', 'last': 'Kojić'}, 'location': {'street': {'number': 9075, 'name': 'Desanke Dese Đorđević'}, 'city': 'Valjevo', 'state': 'Bor', 'country': 'Serbia', 'postcode': 37314, 'coordinates': {'latitude': '62.9829', 'longitude': '134.0954'}, 'timezone': {'offset': '+10:00', 'description': 'Eastern Australia, Guam, Vladivostok'}}, 'email': 'evdokija.kojic@example.com', 'login': {'uuid': '455fe2e0-4d5b-46cd-84a8-045def9ba1c0', 'username': 'orangebear327', 'password': 'nicole', 'salt': '1xQAYZqr', 'md5': '957ece29af305dd55976c220618a2469', 'sha1': 'ee67817e15849ffcc7b011fed880ddb8e11ba87e', 'sha256': 'db4e9faff0318e7e3da5d9c7cf3d24e5e914427a178e58c81a594d8f38e6ae7d'}, 'dob': {'date': '1965-07-22T00:41:21.328Z', 'age': 58}, 'registered': {'date': '2018-12-27T10:30:11.014Z', 'age': 5}, 'phone': '036-7618-018', 'cell': '063-3960-529', 'id': {'name': 'SID', 'value': '038977464'}, 'picture': {'large': 'https://randomuser.me/api/portraits/women/88.jpg', 'medium': 'https://randomuser.me/api/portraits/med/women/88.jpg', 'thumbnail': 'https://randomuser.me/api/portraits/thumb/women/88.jpg'}, 'nat': 'RS'}</msg>
<arg>${json_data['results'][0]}</arg>
<doc>Logs the given message with the given level.</doc>
<status status="PASS" start="2024-03-30T04:15:33.385318" elapsed="0.000423"/>
</kw>
<kw name="Log" owner="BuiltIn">
<msg time="2024-03-30T04:15:33.386194" level="INFO">gender</msg>
<arg>${key}</arg>
<doc>Logs the given message with the given level.</doc>
<status status="PASS" start="2024-03-30T04:15:33.386063" elapsed="0.000170"/>
</kw>
<var name="${key}">gender</var>
<status status="PASS" start="2024-03-30T04:15:33.384416" elapsed="0.002037"/>
</iter>
<iter>
<kw name="Dictionary Should Contain Key" owner="Collections">
<msg time="2024-03-30T04:15:33.387137" level="INFO">False</msg>
<arg>${json_data['results'][0]}</arg>
<arg>${key}</arg>
<doc>Fails if ``key`` is not found from ``dictionary``.</doc>
<status status="PASS" start="2024-03-30T04:15:33.386754" elapsed="0.000420"/>
</kw>
<kw name="Log" owner="BuiltIn">
<msg time="2024-03-30T04:15:33.387862" level="INFO">{'gender': 'female', 'name': {'title': 'Mrs', 'first': 'Evdokija', 'last': 'Kojić'}, 'location': {'street': {'number': 9075, 'name': 'Desanke Dese Đorđević'}, 'city': 'Valjevo', 'state': 'Bor', 'country': 'Serbia', 'postcode': 37314, 'coordinates': {'latitude': '62.9829', 'longitude': '134.0954'}, 'timezone': {'offset': '+10:00', 'description': 'Eastern Australia, Guam, Vladivostok'}}, 'email': 'evdokija.kojic@example.com', 'login': {'uuid': '455fe2e0-4d5b-46cd-84a8-045def9ba1c0', 'username': 'orangebear327', 'password': 'nicole', 'salt': '1xQAYZqr', 'md5': '957ece29af305dd55976c220618a2469', 'sha1': 'ee67817e15849ffcc7b011fed880ddb8e11ba87e', 'sha256': 'db4e9faff0318e7e3da5d9c7cf3d24e5e914427a178e58c81a594d8f38e6ae7d'}, 'dob': {'date': '1965-07-22T00:41:21.328Z', 'age': 58}, 'registered': {'date': '2018-12-27T10:30:11.014Z', 'age': 5}, 'phone': '036-7618-018', 'cell': '063-3960-529', 'id': {'name': 'SID', 'value': '038977464'}, 'picture': {'large': 'https://randomuser.me/api/portraits/women/88.jpg', 'medium': 'https://randomuser.me/api/portraits/med/women/88.jpg', 'thumbnail': 'https://randomuser.me/api/portraits/thumb/women/88.jpg'}, 'nat': 'RS'}</msg>
<arg>${json_data['results'][0]}</arg>
<doc>Logs the given message with the given level.</doc>
<status status="PASS" start="2024-03-30T04:15:33.387501" elapsed="0.000411"/>
</kw>
<kw name="Log" owner="BuiltIn">
<msg time="2024-03-30T04:15:33.388338" level="INFO">name</msg>
<arg>${key}</arg>
<doc>Logs the given message with the given level.</doc>
<status status="PASS" start="2024-03-30T04:15:33.388209" elapsed="0.000166"/>
</kw>
<var name="${key}">name</var>
<status status="PASS" start="2024-03-30T04:15:33.386641" elapsed="0.001970"/>
</iter>
<iter>
<kw name="Dictionary Should Contain Key" owner="Collections">
<msg time="2024-03-30T04:15:33.389277" level="INFO">False</msg>
<arg>${json_data['results'][0]}</arg>
<arg>${key}</arg>
<doc>Fails if ``key`` is not found from ``dictionary``.</doc>
<status status="PASS" start="2024-03-30T04:15:33.388903" elapsed="0.000418"/>
</kw>
<kw name="Log" owner="BuiltIn">
<msg time="2024-03-30T04:15:33.389978" level="INFO">{'gender': 'female', 'name': {'title': 'Mrs', 'first': 'Evdokija', 'last': 'Kojić'}, 'location': {'street': {'number': 9075, 'name': 'Desanke Dese Đorđević'}, 'city': 'Valjevo', 'state': 'Bor', 'country': 'Serbia', 'postcode': 37314, 'coordinates': {'latitude': '62.9829', 'longitude': '134.0954'}, 'timezone': {'offset': '+10:00', 'description': 'Eastern Australia, Guam, Vladivostok'}}, 'email': 'evdokija.kojic@example.com', 'login': {'uuid': '455fe2e0-4d5b-46cd-84a8-045def9ba1c0', 'username': 'orangebear327', 'password': 'nicole', 'salt': '1xQAYZqr', 'md5': '957ece29af305dd55976c220618a2469', 'sha1': 'ee67817e15849ffcc7b011fed880ddb8e11ba87e', 'sha256': 'db4e9faff0318e7e3da5d9c7cf3d24e5e914427a178e58c81a594d8f38e6ae7d'}, 'dob': {'date': '1965-07-22T00:41:21.328Z', 'age': 58}, 'registered': {'date': '2018-12-27T10:30:11.014Z', 'age': 5}, 'phone': '036-7618-018', 'cell': '063-3960-529', 'id': {'name': 'SID', 'value': '038977464'}, 'picture': {'large': 'https://randomuser.me/api/portraits/women/88.jpg', 'medium': 'https://randomuser.me/api/portraits/med/women/88.jpg', 'thumbnail': 'https://randomuser.me/api/portraits/thumb/women/88.jpg'}, 'nat': 'RS'}</msg>
<arg>${json_data['results'][0]}</arg>
<doc>Logs the given message with the given level.</doc>
<status status="PASS" start="2024-03-30T04:15:33.389620" elapsed="0.000411"/>
</kw>
<kw name="Log" owner="BuiltIn">
<msg time="2024-03-30T04:15:33.390450" level="INFO">location</msg>
<arg>${key}</arg>
<doc>Logs the given message with the given level.</doc>
<status status="PASS" start="2024-03-30T04:15:33.390324" elapsed="0.000165"/>
</kw>
<var name="${key}">location</var>
<status status="PASS" start="2024-03-30T04:15:33.388792" elapsed="0.001913"/>
</iter>
<iter>
<kw name="Dictionary Should Contain Key" owner="Collections">
<msg time="2024-03-30T04:15:33.391363" level="INFO">False</msg>
<arg>${json_data['results'][0]}</arg>
<arg>${key}</arg>
<doc>Fails if ``key`` is not found from ``dictionary``.</doc>
<status status="PASS" start="2024-03-30T04:15:33.390986" elapsed="0.000414"/>
</kw>
<kw name="Log" owner="BuiltIn">
<msg time="2024-03-30T04:15:33.392074" level="INFO">{'gender': 'female', 'name': {'title': 'Mrs', 'first': 'Evdokija', 'last': 'Kojić'}, 'location': {'street': {'number': 9075, 'name': 'Desanke Dese Đorđević'}, 'city': 'Valjevo', 'state': 'Bor', 'country': 'Serbia', 'postcode': 37314, 'coordinates': {'latitude': '62.9829', 'longitude': '134.0954'}, 'timezone': {'offset': '+10:00', 'description': 'Eastern Australia, Guam, Vladivostok'}}, 'email': 'evdokija.kojic@example.com', 'login': {'uuid': '455fe2e0-4d5b-46cd-84a8-045def9ba1c0', 'username': 'orangebear327', 'password': 'nicole', 'salt': '1xQAYZqr', 'md5': '957ece29af305dd55976c220618a2469', 'sha1': 'ee67817e15849ffcc7b011fed880ddb8e11ba87e', 'sha256': 'db4e9faff0318e7e3da5d9c7cf3d24e5e914427a178e58c81a594d8f38e6ae7d'}, 'dob': {'date': '1965-07-22T00:41:21.328Z', 'age': 58}, 'registered': {'date': '2018-12-27T10:30:11.014Z', 'age': 5}, 'phone': '036-7618-018', 'cell': '063-3960-529', 'id': {'name': 'SID', 'value': '038977464'}, 'picture': {'large': 'https://randomuser.me/api/portraits/women/88.jpg', 'medium': 'https://randomuser.me/api/portraits/med/women/88.jpg', 'thumbnail': 'https://randomuser.me/api/portraits/thumb/women/88.jpg'}, 'nat': 'RS'}</msg>
<arg>${json_data['results'][0]}</arg>
<doc>Logs the given message with the given level.</doc>
<status status="PASS" start="2024-03-30T04:15:33.391712" elapsed="0.000410"/>
</kw>
<kw name="Log" owner="BuiltIn">
<msg time="2024-03-30T04:15:33.392538" level="INFO">email</msg>
<arg>${key}</arg>
<doc>Logs the given message with the given level.</doc>
<status status="PASS" start="2024-03-30T04:15:33.392413" elapsed="0.000162"/>
</kw>
<var name="${key}">email</var>
<status status="PASS" start="2024-03-30T04:15:33.390877" elapsed="0.001941"/>
</iter>
<iter>
<kw name="Dictionary Should Contain Key" owner="Collections">
<msg time="2024-03-30T04:15:33.393474" level="INFO">False</msg>
<arg>${json_data['results'][0]}</arg>
<arg>${key}</arg>
<doc>Fails if ``key`` is not found from ``dictionary``.</doc>
<status status="PASS" start="2024-03-30T04:15:33.393103" elapsed="0.000408"/>
</kw>
<kw name="Log" owner="BuiltIn">
<msg time="2024-03-30T04:15:33.394171" level="INFO">{'gender': 'female', 'name': {'title': 'Mrs', 'first': 'Evdokija', 'last': 'Kojić'}, 'location': {'street': {'number': 9075, 'name': 'Desanke Dese Đorđević'}, 'city': 'Valjevo', 'state': 'Bor', 'country': 'Serbia', 'postcode': 37314, 'coordinates': {'latitude': '62.9829', 'longitude': '134.0954'}, 'timezone': {'offset': '+10:00', 'description': 'Eastern Australia, Guam, Vladivostok'}}, 'email': 'evdokija.kojic@example.com', 'login': {'uuid': '455fe2e0-4d5b-46cd-84a8-045def9ba1c0', 'username': 'orangebear327', 'password': 'nicole', 'salt': '1xQAYZqr', 'md5': '957ece29af305dd55976c220618a2469', 'sha1': 'ee67817e15849ffcc7b011fed880ddb8e11ba87e', 'sha256': 'db4e9faff0318e7e3da5d9c7cf3d24e5e914427a178e58c81a594d8f38e6ae7d'}, 'dob': {'date': '1965-07-22T00:41:21.328Z', 'age': 58}, 'registered': {'date': '2018-12-27T10:30:11.014Z', 'age': 5}, 'phone': '036-7618-018', 'cell': '063-3960-529', 'id': {'name': 'SID', 'value': '038977464'}, 'picture': {'large': 'https://randomuser.me/api/portraits/women/88.jpg', 'medium': 'https://randomuser.me/api/portraits/med/women/88.jpg', 'thumbnail': 'https://randomuser.me/api/portraits/thumb/women/88.jpg'}, 'nat': 'RS'}</msg>
<arg>${json_data['results'][0]}</arg>
<doc>Logs the given message with the given level.</doc>
<status status="PASS" start="2024-03-30T04:15:33.393802" elapsed="0.000419"/>
</kw>
<kw name="Log" owner="BuiltIn">
<msg time="2024-03-30T04:15:33.394641" level="INFO">login</msg>
<arg>${key}</arg>
<doc>Logs the given message with the given level.</doc>
<status status="PASS" start="2024-03-30T04:15:33.394515" elapsed="0.000266"/>
</kw>
<var name="${key}">login</var>
<status status="PASS" start="2024-03-30T04:15:33.392990" elapsed="0.002036"/>
</iter>
<var>${key}</var>
<value>@{expected_keys}</value>
<status status="PASS" start="2024-03-30T04:15:33.384229" elapsed="0.010923"/>
</for>
<kw name="Create List" owner="BuiltIn">
<msg time="2024-03-30T04:15:33.395487" level="INFO">${expected_keysTwo} = ['username', 'password']</msg>
<var>${expected_keysTwo}</var>
<arg>username</arg>
<arg>password</arg>
<doc>Returns a list containing given items.</doc>
<status status="PASS" start="2024-03-30T04:15:33.395349" elapsed="0.000162"/>
</kw>
<for flavor="IN">
<iter>
<kw name="Dictionary Should Contain Key" owner="Collections">
<msg time="2024-03-30T04:15:33.396384" level="INFO">False</msg>
<arg>${json_data['results'][0]['login']}</arg>
<arg>${keyTwo}</arg>
<doc>Fails if ``key`` is not found from ``dictionary``.</doc>
<status status="PASS" start="2024-03-30T04:15:33.396009" elapsed="0.000411"/>
</kw>
<kw name="Dictionary Should Contain Key" owner="Collections">
<msg time="2024-03-30T04:15:33.397109" level="INFO">False</msg>
<arg>${json_data['results'][0]['login']}</arg>
<arg>${keyTwo}</arg>
<doc>Fails if ``key`` is not found from ``dictionary``.</doc>
<status status="PASS" start="2024-03-30T04:15:33.396735" elapsed="0.000410"/>
</kw>
<kw name="Log" owner="BuiltIn">
<msg time="2024-03-30T04:15:33.397559" level="INFO">username</msg>
<arg>${keyTwo}</arg>
<doc>Logs the given message with the given level.</doc>
<status status="PASS" start="2024-03-30T04:15:33.397434" elapsed="0.000161"/>
</kw>
<var name="${keyTwo}">username</var>
<status status="PASS" start="2024-03-30T04:15:33.395900" elapsed="0.001906"/>
</iter>
<iter>
<kw name="Dictionary Should Contain Key" owner="Collections">
<msg time="2024-03-30T04:15:33.398478" level="INFO">False</msg>
<arg>${json_data['results'][0]['login']}</arg>
<arg>${keyTwo}</arg>
<doc>Fails if ``key`` is not found from ``dictionary``.</doc>
<status status="PASS" start="2024-03-30T04:15:33.398087" elapsed="0.000428"/>
</kw>
<kw name="Dictionary Should Contain Key" owner="Collections">
<msg time="2024-03-30T04:15:33.399177" level="INFO">False</msg>
<arg>${json_data['results'][0]['login']}</arg>
<arg>${keyTwo}</arg>
<doc>Fails if ``key`` is not found from ``dictionary``.</doc>
<status status="PASS" start="2024-03-30T04:15:33.398803" elapsed="0.000409"/>
</kw>
<kw name="Log" owner="BuiltIn">
<msg time="2024-03-30T04:15:33.399626" level="INFO">password</msg>
<arg>${keyTwo}</arg>
<doc>Logs the given message with the given level.</doc>
<status status="PASS" start="2024-03-30T04:15:33.399501" elapsed="0.000162"/>
</kw>
<var name="${keyTwo}">password</var>
<status status="PASS" start="2024-03-30T04:15:33.397978" elapsed="0.001899"/>
</iter>
<var>${keyTwo}</var>
<value>@{expected_keysTwo}</value>
<status status="PASS" start="2024-03-30T04:15:33.395749" elapsed="0.004250"/>
</for>
<status status="PASS" start="2024-03-30T04:15:33.283178" elapsed="0.116964"/>
</kw>
<doc>Testa a estrutura da resposta da API.</doc>
<tag>testeEstruturaResposta</tag>
<status status="PASS" start="2024-03-30T04:15:33.282515" elapsed="0.117787"/>
</test>
<test id="s1-s1-t4" name="Validar tipos de dados" line="28">
<kw name="Teste de Tipos de Dados" owner="random-user-service">
<kw name="GET On Session" owner="RequestsLibrary">
<msg time="2024-03-30T04:15:33.501281" level="INFO">GET Request : url=https://randomuser.me/api 
 path_url=/api 
 headers={'User-Agent': 'python-requests/2.31.0', 'Accept-Encoding': 'gzip, deflate', 'Accept': '*/*', 'Connection': 'keep-alive'} 
 body=None 
 </msg>
<msg time="2024-03-30T04:15:33.501385" level="INFO">GET Response : url=https://randomuser.me/api 
 status=200, reason=OK 
 headers={'Date': 'Sat, 30 Mar 2024 04:15:33 GMT', 'Content-Type': 'application/json; charset=utf-8', 'Transfer-Encoding': 'chunked', 'Connection': 'keep-alive', 'X-Powered-By': 'Express', 'Access-Control-Allow-Origin': '*', 'Cache-Control': 'no-cache', 'ETag': 'W/"468-pYp9a/8om/Xm0PkHrFmPCEZzyew"', 'Vary': 'Accept-Encoding', 'Content-Encoding': 'gzip', 'CF-Cache-Status': 'DYNAMIC', 'Report-To': '{"endpoints":[{"url":"https:\\/\\/a.nel.cloudflare.com\\/report\\/v4?s=BrKYwmj43Zdm6nljpL6cTBHWZJB3xE9BQRHVc0LDmXcl2MPG97wJXpDYnAYJILRLv%2Bgu61iXFFNKE%2FwJ3TeXv6eBK%2FbR5Z61%2FPQkUYVhAEWPiN5jXZ4Bg%2FDuQP9kUOll"}],"group":"cf-nel","max_age":604800}', 'NEL': '{"success_fraction":0,"report_to":"cf-nel","max_age":604800}', 'Server': 'cloudflare', 'CF-RAY': '86c54779c9c77eb9-LAX', 'alt-svc': 'h3=":443"; ma=86400'} 
 body={"results":[{"gender":"female","name":{"title":"Ms","first":"Chloe","last":"Reyes"},"location":{"street":{"number":8748,"name":"Herbert Road"},"city":"Tullamore","state":"Cavan","country":"Ireland","postcode":39503,"coordinates":{"latitude":"3.6420","longitude":"1.6091"},"timezone":{"offset":"-9:00","description":"Alaska"}},"email":"chloe.reyes@example.com","login":{"uuid":"3ce1d4e0-5fed-438a-8778-2e2cff483b51","username":"orangecat917","password":"javier","salt":"75ZnHOWD","md5":"6292caf76fd0427a5f245118bf17495e","sha1":"b85876afb3a8504cc9786b8e749afb397ef00e54","sha256":"2b9647fef0d66d74658f11d26ed77906aa1b220611e491b6158d43d00cff6614"},"dob":{"date":"1954-10-31T16:59:56.591Z","age":69},"registered":{"date":"2017-06-21T15:52:55.467Z","age":6},"phone":"071-252-6309","cell":"081-082-4916","id":{"name":"PPS","value":"2308009T"},"picture":{"large":"https://randomuser.me/api/portraits/women/91.jpg","medium":"https://randomuser.me/api/portraits/med/women/91.jpg","thumbnail":"https://randomuser.me/api/portraits/thumb/women/91.jpg"},"nat":"IE"}],"info":{"seed":"f2050d2d77ac33ed","results":1,"page":1,"version":"1.4"}} 
 </msg>
<msg time="2024-03-30T04:15:33.501459" level="INFO">/opt/hostedtoolcache/Python/3.12.2/x64/lib/python3.12/site-packages/urllib3/connectionpool.py:1103: InsecureRequestWarning: Unverified HTTPS request is being made to host 'randomuser.me'. Adding certificate verification is strongly advised. See: https://urllib3.readthedocs.io/en/latest/advanced-usage.html#tls-warnings
  warnings.warn(</msg>
<msg time="2024-03-30T04:15:33.501616" level="INFO">${response} = &lt;Response [200]&gt;</msg>
<var>${response}</var>
<arg>consultarAPI</arg>
<arg>/api</arg>
<doc>Sends a GET request on a previously created HTTP Session.</doc>
<status status="PASS" start="2024-03-30T04:15:33.402761" elapsed="0.098898"/>
</kw>
<kw name="Set Variable" owner="BuiltIn">
<msg time="2024-03-30T04:15:33.502677" level="INFO">${json_data} = {'results': [{'gender': 'female', 'name': {'title': 'Ms', 'first': 'Chloe', 'last': 'Reyes'}, 'location': {'street': {'number': 8748, 'name': 'Herbert Road'}, 'city': 'Tullamore', 'state': 'Cavan', 'c...</msg>
<var>${json_data}</var>
<arg>${response.json()}</arg>
<doc>Returns the given values which can then be assigned to a variables.</doc>
<status status="PASS" start="2024-03-30T04:15:33.502163" elapsed="0.000542"/>
</kw>
<kw name="Log" owner="BuiltIn">
<msg time="2024-03-30T04:15:33.503173" level="INFO">{'results': [{'gender': 'female', 'name': {'title': 'Ms', 'first': 'Chloe', 'last': 'Reyes'}, 'location': {'street': {'number': 8748, 'name': 'Herbert Road'}, 'city': 'Tullamore', 'state': 'Cavan', 'country': 'Ireland', 'postcode': 39503, 'coordinates': {'latitude': '3.6420', 'longitude': '1.6091'}, 'timezone': {'offset': '-9:00', 'description': 'Alaska'}}, 'email': 'chloe.reyes@example.com', 'login': {'uuid': '3ce1d4e0-5fed-438a-8778-2e2cff483b51', 'username': 'orangecat917', 'password': 'javier', 'salt': '75ZnHOWD', 'md5': '6292caf76fd0427a5f245118bf17495e', 'sha1': 'b85876afb3a8504cc9786b8e749afb397ef00e54', 'sha256': '2b9647fef0d66d74658f11d26ed77906aa1b220611e491b6158d43d00cff6614'}, 'dob': {'date': '1954-10-31T16:59:56.591Z', 'age': 69}, 'registered': {'date': '2017-06-21T15:52:55.467Z', 'age': 6}, 'phone': '071-252-6309', 'cell': '081-082-4916', 'id': {'name': 'PPS', 'value': '2308009T'}, 'picture': {'large': 'https://randomuser.me/api/portraits/women/91.jpg', 'medium': 'https://randomuser.me/api/portraits/med/women/91.jpg', 'thumbnail': 'https://randomuser.me/api/portraits/thumb/women/91.jpg'}, 'nat': 'IE'}], 'info': {'seed': 'f2050d2d77ac33ed', 'results': 1, 'page': 1, 'version': '1.4'}}</msg>
<arg>${json_data}</arg>
<doc>Logs the given message with the given level.</doc>
<status status="PASS" start="2024-03-30T04:15:33.503016" elapsed="0.000244"/>
</kw>
<kw name="Should Be String" owner="String">
<arg>${json_data['results'][0]['gender']}</arg>
<doc>Fails if the given ``item`` is not a string.</doc>
<status status="PASS" start="2024-03-30T04:15:33.503562" elapsed="0.000363"/>
</kw>
<kw name="Should Match Regexp" owner="BuiltIn">
<arg>${json_data['results'][0]['email']}</arg>
<arg>^[a-zA-Z0-9._%+-]+@[a-zA-Z0-9.-]+\.[a-zA-Z]{2,}$</arg>
<doc>Fails if ``string`` does not match ``pattern`` as a regular expression.</doc>
<status status="PASS" start="2024-03-30T04:15:33.504119" elapsed="0.000545"/>
</kw>
<kw name="Should Match Regexp" owner="BuiltIn">
<arg>${json_data['results'][0]['dob']['date']}</arg>
<arg>\\d{4}-\\d{2}-\\d{2}T\\d{2}:\\d{2}:\\d{2}\\.\\d{3}Z</arg>
<doc>Fails if ``string`` does not match ``pattern`` as a regular expression.</doc>
<status status="PASS" start="2024-03-30T04:15:33.504872" elapsed="0.000479"/>
</kw>
<kw name="Should Match Regexp" owner="BuiltIn">
<arg>${json_data['results'][0]['registered']['date']}</arg>
<arg>\\d{4}-\\d{2}-\\d{2}T\\d{2}:\\d{2}:\\d{2}\\.\\d{3}Z</arg>
<doc>Fails if ``string`` does not match ``pattern`` as a regular expression.</doc>
<status status="PASS" start="2024-03-30T04:15:33.505543" elapsed="0.000376"/>
</kw>
<kw name="Should Match Regexp" owner="BuiltIn">
<arg>${json_data['results'][0]['picture']['large']}</arg>
<arg>^https?://.*\.(?:png|jpe?g|gif|bmp)$</arg>
<doc>Fails if ``string`` does not match ``pattern`` as a regular expression.</doc>
<status status="PASS" start="2024-03-30T04:15:33.506105" elapsed="0.000458"/>
</kw>
<kw name="Should Match Regexp" owner="BuiltIn">
<arg>${json_data['results'][0]['picture']['medium']}</arg>
<arg>^https?://.*\.(?:png|jpe?g|gif|bmp)$</arg>
<doc>Fails if ``string`` does not match ``pattern`` as a regular expression.</doc>
<status status="PASS" start="2024-03-30T04:15:33.506752" elapsed="0.000359"/>
</kw>
<kw name="Should Match Regexp" owner="BuiltIn">
<arg>${json_data['results'][0]['picture']['thumbnail']}</arg>
<arg>^https?://.*\.(?:png|jpe?g|gif|bmp)$</arg>
<doc>Fails if ``string`` does not match ``pattern`` as a regular expression.</doc>
<status status="PASS" start="2024-03-30T04:15:33.507295" elapsed="0.000346"/>
</kw>
<kw name="Log" owner="BuiltIn">
<msg time="2024-03-30T04:15:33.508145" level="INFO">{'large': 'https://randomuser.me/api/portraits/women/91.jpg', 'medium': 'https://randomuser.me/api/portraits/med/women/91.jpg', 'thumbnail': 'https://randomuser.me/api/portraits/thumb/women/91.jpg'}</msg>
<arg>${json_data['results'][0]['picture']}</arg>
<doc>Logs the given message with the given level.</doc>
<status status="PASS" start="2024-03-30T04:15:33.507819" elapsed="0.000371"/>
</kw>
<status status="PASS" start="2024-03-30T04:15:33.402531" elapsed="0.105918"/>
</kw>
<kw name="Teste de Tipos de Dados - Postcode" owner="random-user-service">
<kw name="GET On Session" owner="RequestsLibrary">
<msg time="2024-03-30T04:15:33.603238" level="INFO">GET Request : url=https://randomuser.me/api 
 path_url=/api 
 headers={'User-Agent': 'python-requests/2.31.0', 'Accept-Encoding': 'gzip, deflate', 'Accept': '*/*', 'Connection': 'keep-alive'} 
 body=None 
 </msg>
<msg time="2024-03-30T04:15:33.603325" level="INFO">GET Response : url=https://randomuser.me/api 
 status=200, reason=OK 
 headers={'Date': 'Sat, 30 Mar 2024 04:15:33 GMT', 'Content-Type': 'application/json; charset=utf-8', 'Transfer-Encoding': 'chunked', 'Connection': 'keep-alive', 'X-Powered-By': 'Express', 'Access-Control-Allow-Origin': '*', 'Cache-Control': 'no-cache', 'ETag': 'W/"4a6-qb/sRvdubd+Wu9IxgH55qegyye0"', 'Vary': 'Accept-Encoding', 'Content-Encoding': 'gzip', 'CF-Cache-Status': 'DYNAMIC', 'Report-To': '{"endpoints":[{"url":"https:\\/\\/a.nel.cloudflare.com\\/report\\/v4?s=gNr61Qwn5XQaf4Tlf64LOCfAVkFAyy2WkKN1rG%2Bi%2FLupfDSvR8DpKDkgIbo6%2BtEC8vTxRd0ALCKQz%2BnPLDJZbn9dOcOs9ckVCbYIs7ZVuKBuFhmuBg2nsCWxEq8F3c3k"}],"group":"cf-nel","max_age":604800}', 'NEL': '{"success_fraction":0,"report_to":"cf-nel","max_age":604800}', 'Server': 'cloudflare', 'CF-RAY': '86c5477a7a737eb9-LAX', 'alt-svc': 'h3=":443"; ma=86400'} 
 body={"results":[{"gender":"male","name":{"title":"Mr","first":"سپهر","last":"یاسمی"},"location":{"street":{"number":3923,"name":"میدان دکتر فاطمی / جهاد"},"city":"بابل","state":"اصفهان","country":"Iran","postcode":37930,"coordinates":{"latitude":"17.7621","longitude":"-4.8687"},"timezone":{"offset":"-4:00","description":"Atlantic Time (Canada), Caracas, La Paz"}},"email":"sphr.ysmy@example.com","login":{"uuid":"7f46b314-8f8a-4181-bace-f423d6ceb616","username":"silvertiger980","password":"panther1","salt":"H0GPhHgS","md5":"5c7885a1a2a2c7223cf5992198d8485b","sha1":"b00621368a20365a6771e07f9923e8c36d6243c7","sha256":"ef2b4b54695781b4357896f215d7afd0450c119443dd5495a3e9ab30e9a5da72"},"dob":{"date":"1961-02-07T12:05:32.352Z","age":63},"registered":{"date":"2005-10-21T05:50:20.744Z","age":18},"phone":"083-78641374","cell":"0941-007-7315","id":{"name":"","value":null},"picture":{"large":"https://randomuser.me/api/portraits/men/20.jpg","medium":"https://randomuser.me/api/portraits/med/men/20.jpg","thumbnail":"https://randomuser.me/api/portraits/thumb/men/20.jpg"},"nat":"IR"}],"info":{"seed":"98f1d9d9c804488b","results":1,"page":1,"version":"1.4"}} 
 </msg>
<msg time="2024-03-30T04:15:33.603414" level="INFO">/opt/hostedtoolcache/Python/3.12.2/x64/lib/python3.12/site-packages/urllib3/connectionpool.py:1103: InsecureRequestWarning: Unverified HTTPS request is being made to host 'randomuser.me'. Adding certificate verification is strongly advised. See: https://urllib3.readthedocs.io/en/latest/advanced-usage.html#tls-warnings
  warnings.warn(</msg>
<msg time="2024-03-30T04:15:33.603549" level="INFO">${response} = &lt;Response [200]&gt;</msg>
<var>${response}</var>
<arg>consultarAPI</arg>
<arg>/api</arg>
<doc>Sends a GET request on a previously created HTTP Session.</doc>
<status status="PASS" start="2024-03-30T04:15:33.509080" elapsed="0.094521"/>
</kw>
<kw name="Set Variable" owner="BuiltIn">
<msg time="2024-03-30T04:15:33.604479" level="INFO">${json_data} = {'results': [{'gender': 'male', 'name': {'title': 'Mr', 'first': 'سپهر', 'last': 'یاسمی'}, 'location': {'street': {'number': 3923, 'name': 'میدان دکتر فاطمی / جهاد'}, 'city': 'بابل', 'state': 'اصفهان'...</msg>
<var>${json_data}</var>
<arg>${response.json()}</arg>
<doc>Returns the given values which can then be assigned to a variables.</doc>
<status status="PASS" start="2024-03-30T04:15:33.604013" elapsed="0.000496"/>
</kw>
<kw name="Log" owner="BuiltIn">
<msg time="2024-03-30T04:15:33.605045" level="INFO">{'results': [{'gender': 'male', 'name': {'title': 'Mr', 'first': 'سپهر', 'last': 'یاسمی'}, 'location': {'street': {'number': 3923, 'name': 'میدان دکتر فاطمی / جهاد'}, 'city': 'بابل', 'state': 'اصفهان', 'country': 'Iran', 'postcode': 37930, 'coordinates': {'latitude': '17.7621', 'longitude': '-4.8687'}, 'timezone': {'offset': '-4:00', 'description': 'Atlantic Time (Canada), Caracas, La Paz'}}, 'email': 'sphr.ysmy@example.com', 'login': {'uuid': '7f46b314-8f8a-4181-bace-f423d6ceb616', 'username': 'silvertiger980', 'password': 'panther1', 'salt': 'H0GPhHgS', 'md5': '5c7885a1a2a2c7223cf5992198d8485b', 'sha1': 'b00621368a20365a6771e07f9923e8c36d6243c7', 'sha256': 'ef2b4b54695781b4357896f215d7afd0450c119443dd5495a3e9ab30e9a5da72'}, 'dob': {'date': '1961-02-07T12:05:32.352Z', 'age': 63}, 'registered': {'date': '2005-10-21T05:50:20.744Z', 'age': 18}, 'phone': '083-78641374', 'cell': '0941-007-7315', 'id': {'name': '', 'value': None}, 'picture': {'large': 'https://randomuser.me/api/portraits/men/20.jpg', 'medium': 'https://randomuser.me/api/portraits/med/men/20.jpg', 'thumbnail': 'https://randomuser.me/api/portraits/thumb/men/20.jpg'}, 'nat': 'IR'}], 'info': {'seed': '98f1d9d9c804488b', 'results': 1, 'page': 1, 'version': '1.4'}}</msg>
<arg>${json_data}</arg>
<doc>Logs the given message with the given level.</doc>
<status status="PASS" start="2024-03-30T04:15:33.604886" elapsed="0.000242"/>
</kw>
<kw name="Should Be Equal As Numbers" owner="BuiltIn">
<arg>${json_data['results'][0]['location']['postcode']}</arg>
<arg>${json_data['results'][0]['location']['postcode']}</arg>
<doc>Fails if objects are unequal after converting them to real numbers.</doc>
<status status="PASS" start="2024-03-30T04:15:33.605434" elapsed="0.000633"/>
</kw>
<kw name="Log" owner="BuiltIn">
<msg time="2024-03-30T04:15:33.606593" level="INFO">37930</msg>
<arg>${json_data['results'][0]['location']['postcode']}</arg>
<doc>Logs the given message with the given level.</doc>
<status status="PASS" start="2024-03-30T04:15:33.606259" elapsed="0.000375"/>
</kw>
<status status="PASS" start="2024-03-30T04:15:33.508701" elapsed="0.098185"/>
</kw>
<doc>Testa se os tipos de dados na resposta da API estão corretos.</doc>
<tag>testeTiposDados</tag>
<status status="PASS" start="2024-03-30T04:15:33.402087" elapsed="0.204967"/>
</test>
<test id="s1-s1-t5" name="Validar conteudo" line="35">
<kw name="Teste de Tipos de Conteudo" owner="random-user-service">
<kw name="GET On Session" owner="RequestsLibrary">
<msg time="2024-03-30T04:15:33.714153" level="INFO">GET Request : url=https://randomuser.me/api 
 path_url=/api 
 headers={'User-Agent': 'python-requests/2.31.0', 'Accept-Encoding': 'gzip, deflate', 'Accept': '*/*', 'Connection': 'keep-alive'} 
 body=None 
 </msg>
<msg time="2024-03-30T04:15:33.714227" level="INFO">GET Response : url=https://randomuser.me/api 
 status=200, reason=OK 
 headers={'Date': 'Sat, 30 Mar 2024 04:15:33 GMT', 'Content-Type': 'application/json; charset=utf-8', 'Transfer-Encoding': 'chunked', 'Connection': 'keep-alive', 'X-Powered-By': 'Express', 'Access-Control-Allow-Origin': '*', 'Cache-Control': 'no-cache', 'ETag': 'W/"478-PP1s9qxScg4X8NtNlyb7WOSOMbM"', 'Vary': 'Accept-Encoding', 'Content-Encoding': 'gzip', 'CF-Cache-Status': 'DYNAMIC', 'Report-To': '{"endpoints":[{"url":"https:\\/\\/a.nel.cloudflare.com\\/report\\/v4?s=XTA4ZMRcT3zWFDeHalf1%2FWUwAahUO0C0cbrva89acnOiAackfyNCnEeMbcgzMznUaxOsil28we2TJk7HfsTk%2Fctohtbi7Vz5OPmmxQXU0m%2FVEWmCw%2BV0G8T%2FfJLXelxP"}],"group":"cf-nel","max_age":604800}', 'NEL': '{"success_fraction":0,"report_to":"cf-nel","max_age":604800}', 'Server': 'cloudflare', 'CF-RAY': '86c5477b1b107eb9-LAX', 'alt-svc': 'h3=":443"; ma=86400'} 
 body={"results":[{"gender":"female","name":{"title":"Ms","first":"Chloe","last":"Martin"},"location":{"street":{"number":8406,"name":"Dufferin St"},"city":"Aylmer","state":"Yukon","country":"Canada","postcode":"A2B 6G7","coordinates":{"latitude":"-67.5017","longitude":"54.4537"},"timezone":{"offset":"-3:30","description":"Newfoundland"}},"email":"chloe.martin@example.com","login":{"uuid":"4ac5d60f-84c8-4bea-bce9-7cc215ac66e5","username":"organicladybug776","password":"tommyboy","salt":"qYFR4QoW","md5":"c49fdf796ac41f158d4f3ef7ee77a2b7","sha1":"25d0c5dd7060201b9477802355667e2384ef02a9","sha256":"20c22e93cc3fc18468f49a12b951b2f6fca68b2457cfb19bf961ba099e72ec78"},"dob":{"date":"1989-10-19T22:17:21.007Z","age":34},"registered":{"date":"2005-12-14T16:33:56.810Z","age":18},"phone":"J67 K39-3636","cell":"Q86 N89-5047","id":{"name":"SIN","value":"118505106"},"picture":{"large":"https://randomuser.me/api/portraits/women/7.jpg","medium":"https://randomuser.me/api/portraits/med/women/7.jpg","thumbnail":"https://randomuser.me/api/portraits/thumb/women/7.jpg"},"nat":"CA"}],"info":{"seed":"ec9b080cb91fedcd","results":1,"page":1,"version":"1.4"}} 
 </msg>
<msg time="2024-03-30T04:15:33.714285" level="INFO">/opt/hostedtoolcache/Python/3.12.2/x64/lib/python3.12/site-packages/urllib3/connectionpool.py:1103: InsecureRequestWarning: Unverified HTTPS request is being made to host 'randomuser.me'. Adding certificate verification is strongly advised. See: https://urllib3.readthedocs.io/en/latest/advanced-usage.html#tls-warnings
  warnings.warn(</msg>
<msg time="2024-03-30T04:15:33.714401" level="INFO">${response} = &lt;Response [200]&gt;</msg>
<var>${response}</var>
<arg>consultarAPI</arg>
<arg>/api</arg>
<doc>Sends a GET request on a previously created HTTP Session.</doc>
<status status="PASS" start="2024-03-30T04:15:33.609848" elapsed="0.104592"/>
</kw>
<kw name="Set Variable" owner="BuiltIn">
<msg time="2024-03-30T04:15:33.715310" level="INFO">${json_data} = {'results': [{'gender': 'female', 'name': {'title': 'Ms', 'first': 'Chloe', 'last': 'Martin'}, 'location': {'street': {'number': 8406, 'name': 'Dufferin St'}, 'city': 'Aylmer', 'state': 'Yukon', 'coun...</msg>
<var>${json_data}</var>
<arg>${response.json()}</arg>
<doc>Returns the given values which can then be assigned to a variables.</doc>
<status status="PASS" start="2024-03-30T04:15:33.714847" elapsed="0.000491"/>
</kw>
<kw name="Set Variable" owner="BuiltIn">
<msg time="2024-03-30T04:15:33.716029" level="INFO">${name_title} = Ms</msg>
<var>${name_title}</var>
<arg>${json_data["results"][0]["name"]["title"]}</arg>
<doc>Returns the given values which can then be assigned to a variables.</doc>
<status status="PASS" start="2024-03-30T04:15:33.715650" elapsed="0.000403"/>
</kw>
<kw name="Create List" owner="BuiltIn">
<msg time="2024-03-30T04:15:33.716499" level="INFO">${allowed_titles} = ['Mr', 'Ms', 'Miss', 'Mrs', 'Madame', 'Monsieur']</msg>
<var>${allowed_titles}</var>
<arg>Mr</arg>
<arg>Ms</arg>
<arg>Miss</arg>
<arg>Mrs</arg>
<arg>Madame</arg>
<arg>Monsieur</arg>
<doc>Returns a list containing given items.</doc>
<status status="PASS" start="2024-03-30T04:15:33.716351" elapsed="0.000173"/>
</kw>
<kw name="List Should Contain Value" owner="Collections">
<msg time="2024-03-30T04:15:33.717067" level="INFO">False</msg>
<arg>${allowed_titles}</arg>
<arg>${name_title}</arg>
<doc>Fails if the ``value`` is not found from ``list``.</doc>
<status status="PASS" start="2024-03-30T04:15:33.716888" elapsed="0.000216"/>
</kw>
<kw name="Set Variable" owner="BuiltIn">
<msg time="2024-03-30T04:15:33.717777" level="INFO">${name_country} = CA</msg>
<var>${name_country}</var>
<arg>${json_data["results"][0]["nat"]}</arg>
<doc>Returns the given values which can then be assigned to a variables.</doc>
<status status="PASS" start="2024-03-30T04:15:33.717396" elapsed="0.000407"/>
</kw>
<kw name="Create List" owner="BuiltIn">
<msg time="2024-03-30T04:15:33.718710" level="INFO">${list_country} = ['AD', 'AE', 'AF', 'AG', 'AI', 'AL', 'AM', 'AO', 'AQ', 'AR', 'AS', 'AT', 'AU', 'AW', 'AX', 'AZ', 'BA', 'BB', 'BD', 'BE', 'BF', 'BG', 'BH', 'BI', 'BJ', 'BL', 'BM', 'BN', 'BO', 'BQ', 'BR', 'BS', 'BT', '...</msg>
<var>${list_country}</var>
<arg>AD</arg>
<arg>AE</arg>
<arg>AF</arg>
<arg>AG</arg>
<arg>AI</arg>
<arg>AL</arg>
<arg>AM</arg>
<arg>AO</arg>
<arg>AQ</arg>
<arg>AR</arg>
<arg>AS</arg>
<arg>AT</arg>
<arg>AU</arg>
<arg>AW</arg>
<arg>AX</arg>
<arg>AZ</arg>
<arg>BA</arg>
<arg>BB</arg>
<arg>BD</arg>
<arg>BE</arg>
<arg>BF</arg>
<arg>BG</arg>
<arg>BH</arg>
<arg>BI</arg>
<arg>BJ</arg>
<arg>BL</arg>
<arg>BM</arg>
<arg>BN</arg>
<arg>BO</arg>
<arg>BQ</arg>
<arg>BR</arg>
<arg>BS</arg>
<arg>BT</arg>
<arg>BV</arg>
<arg>BW</arg>
<arg>BY</arg>
<arg>BZ</arg>
<arg>CA</arg>
<arg>CC</arg>
<arg>CD</arg>
<arg>CF</arg>
<arg>CG</arg>
<arg>CH</arg>
<arg>CI</arg>
<arg>CK</arg>
<arg>CL</arg>
<arg>CM</arg>
<arg>CN</arg>
<arg>CO</arg>
<arg>CR</arg>
<arg>CU</arg>
<arg>CV</arg>
<arg>CW</arg>
<arg>CX</arg>
<arg>CY</arg>
<arg>CZ</arg>
<arg>DE</arg>
<arg>DJ</arg>
<arg>DK</arg>
<arg>DM</arg>
<arg>DO</arg>
<arg>DZ</arg>
<arg>EC</arg>
<arg>EE</arg>
<arg>EG</arg>
<arg>EH</arg>
<arg>ER</arg>
<arg>ES</arg>
<arg>ET</arg>
<arg>FI</arg>
<arg>FJ</arg>
<arg>FK</arg>
<arg>FM</arg>
<arg>FO</arg>
<arg>FR</arg>
<arg>GA</arg>
<arg>GB</arg>
<arg>GD</arg>
<arg>GE</arg>
<arg>GF</arg>
<arg>GG</arg>
<arg>GH</arg>
<arg>GI</arg>
<arg>GL</arg>
<arg>GM</arg>
<arg>GN</arg>
<arg>GP</arg>
<arg>GQ</arg>
<arg>GR</arg>
<arg>GS</arg>
<arg>GT</arg>
<arg>GU</arg>
<arg>GW</arg>
<arg>GY</arg>
<arg>HK</arg>
<arg>HM</arg>
<arg>HN</arg>
<arg>HR</arg>
<arg>HT</arg>
<arg>HU</arg>
<arg>ID</arg>
<arg>IE</arg>
<arg>IL</arg>
<arg>IM</arg>
<arg>IN</arg>
<arg>IO</arg>
<arg>IQ</arg>
<arg>IR</arg>
<arg>IS</arg>
<arg>IT</arg>
<arg>JE</arg>
<arg>JM</arg>
<arg>JO</arg>
<arg>JP</arg>
<arg>KE</arg>
<arg>KG</arg>
<arg>KH</arg>
<arg>KI</arg>
<arg>KM</arg>
<arg>KN</arg>
<arg>KP</arg>
<arg>KR</arg>
<arg>KW</arg>
<arg>KY</arg>
<arg>KZ</arg>
<arg>LA</arg>
<arg>LB</arg>
<arg>LC</arg>
<arg>LI</arg>
<arg>LK</arg>
<arg>LR</arg>
<arg>LS</arg>
<arg>LT</arg>
<arg>LU</arg>
<arg>LV</arg>
<arg>LY</arg>
<arg>MA</arg>
<arg>MC</arg>
<arg>MD</arg>
<arg>ME</arg>
<arg>MF</arg>
<arg>MG</arg>
<arg>MH</arg>
<arg>MK</arg>
<arg>ML</arg>
<arg>MM</arg>
<arg>MN</arg>
<arg>MO</arg>
<arg>MP</arg>
<arg>MQ</arg>
<arg>MR</arg>
<arg>MS</arg>
<arg>MT</arg>
<arg>MU</arg>
<arg>MV</arg>
<arg>MW</arg>
<arg>MX</arg>
<arg>MY</arg>
<arg>MZ</arg>
<arg>NA</arg>
<arg>NC</arg>
<arg>NE</arg>
<arg>NF</arg>
<arg>NG</arg>
<arg>NI</arg>
<arg>NL</arg>
<arg>NO</arg>
<arg>NP</arg>
<arg>NR</arg>
<arg>NU</arg>
<arg>NZ</arg>
<arg>OM</arg>
<arg>PA</arg>
<arg>PE</arg>
<arg>PF</arg>
<arg>PG</arg>
<arg>PH</arg>
<arg>PK</arg>
<arg>PL</arg>
<arg>PM</arg>
<arg>PN</arg>
<arg>PR</arg>
<arg>PS</arg>
<arg>PT</arg>
<arg>PW</arg>
<arg>PY</arg>
<arg>QA</arg>
<arg>RE</arg>
<arg>RO</arg>
<arg>RS</arg>
<arg>RU</arg>
<arg>RW</arg>
<arg>SA</arg>
<arg>SB</arg>
<arg>SC</arg>
<arg>SD</arg>
<arg>SE</arg>
<arg>SG</arg>
<arg>SH</arg>
<arg>SI</arg>
<arg>SJ</arg>
<arg>SK</arg>
<arg>SL</arg>
<arg>SM</arg>
<arg>SN</arg>
<arg>SO</arg>
<arg>SR</arg>
<arg>SS</arg>
<arg>ST</arg>
<arg>SV</arg>
<arg>SX</arg>
<arg>SY</arg>
<arg>SZ</arg>
<arg>TC</arg>
<arg>TD</arg>
<arg>TF</arg>
<arg>TG</arg>
<arg>TH</arg>
<arg>TJ</arg>
<arg>TK</arg>
<arg>TL</arg>
<arg>TM</arg>
<arg>TN</arg>
<arg>TO</arg>
<arg>TR</arg>
<arg>TT</arg>
<arg>TV</arg>
<arg>TW</arg>
<arg>TZ</arg>
<arg>UA</arg>
<arg>UG</arg>
<arg>UM</arg>
<arg>US</arg>
<arg>UY</arg>
<arg>UZ</arg>
<arg>VA</arg>
<arg>VC</arg>
<arg>VE</arg>
<arg>VG</arg>
<arg>VI</arg>
<arg>VN</arg>
<arg>VU</arg>
<arg>WF</arg>
<arg>WS</arg>
<arg>XK</arg>
<arg>YE</arg>
<arg>YT</arg>
<arg>ZA</arg>
<arg>ZM</arg>
<arg>ZW</arg>
<doc>Returns a list containing given items.</doc>
<status status="PASS" start="2024-03-30T04:15:33.718112" elapsed="0.000623"/>
</kw>
<kw name="List Should Contain Value" owner="Collections">
<msg time="2024-03-30T04:15:33.719850" level="INFO">False</msg>
<arg>${list_country}</arg>
<arg>${name_country}</arg>
<doc>Fails if the ``value`` is not found from ``list``.</doc>
<status status="PASS" start="2024-03-30T04:15:33.719642" elapsed="0.000245"/>
</kw>
<kw name="Run Keyword If" owner="BuiltIn">
<kw name="Should Be True" owner="BuiltIn">
<arg>${True}</arg>
<doc>Fails if the given condition is not true.</doc>
<status status="PASS" start="2024-03-30T04:15:33.720982" elapsed="0.000150"/>
</kw>
<arg>${json_data["results"][0]["location"]["coordinates"]["latitude"]} &gt;= -90 and ${json_data["results"][0]["location"]["coordinates"]["latitude"]} &lt;= 90</arg>
<arg>Should Be True</arg>
<arg>${True}</arg>
<doc>Runs the given keyword with the given arguments, if ``condition`` is true.</doc>
<status status="PASS" start="2024-03-30T04:15:33.720201" elapsed="0.001060"/>
</kw>
<kw name="Run Keyword If" owner="BuiltIn">
<kw name="Should Be True" owner="BuiltIn">
<arg>${True}</arg>
<doc>Fails if the given condition is not true.</doc>
<status status="PASS" start="2024-03-30T04:15:33.722141" elapsed="0.000136"/>
</kw>
<arg>${json_data["results"][0]["location"]["coordinates"]["longitude"]} &gt;= -180 and ${json_data["results"][0]["location"]["coordinates"]["longitude"]} &lt;= 180</arg>
<arg>Should Be True</arg>
<arg>${True}</arg>
<doc>Runs the given keyword with the given arguments, if ``condition`` is true.</doc>
<status status="PASS" start="2024-03-30T04:15:33.721447" elapsed="0.000956"/>
</kw>
<status status="PASS" start="2024-03-30T04:15:33.609478" elapsed="0.113054"/>
</kw>
<doc>Testa o conteúdo específico dos campos retornados pela API.</doc>
<tag>testeConteudo</tag>
<status status="PASS" start="2024-03-30T04:15:33.608811" elapsed="0.113873"/>
</test>
<status status="PASS" start="2024-03-30T04:15:32.705432" elapsed="1.019150"/>
</suite>
<status status="PASS" start="2024-03-30T04:15:32.691671" elapsed="1.038322"/>
</suite>
<statistics>
<total>
<stat pass="5" fail="0" skip="0">All Tests</stat>
</total>
<tag>
<stat pass="1" fail="0" skip="0">testeConteudo</stat>
<stat pass="1" fail="0" skip="0">testeEstruturaResposta</stat>
<stat pass="1" fail="0" skip="0">testeRequisicaoBasica</stat>
<stat pass="1" fail="0" skip="0">testeTiposDados</stat>
</tag>
<suite>
<stat pass="5" fail="0" skip="0" id="s1" name="Tests">Tests</stat>
<stat pass="5" fail="0" skip="0" id="s1-s1" name="Random-User-Test">Tests.Random-User-Test</stat>
</suite>
</statistics>
<errors>
</errors>
</robot>
